<?xml version="1.0" encoding="UTF-8"?>
<testsuites tests="9" failures="0" errors="0" skipped="0">
  <testsuite timestamp="2025-05-28T16:09:10" time="968.238" tests="4" failures="0" errors="0" skipped="0">
    <properties>
      <property name="specId" value="0"/>
      <property name="suiteName" value="Webshop - Hyperlinks visible and working properly  US139085"/>
      <property name="capabilities" value="chrome.136_0_7103_93.windows"/>
      <property name="file" value="file:///D:/a/1/s/test/specs/R2C/webshop-hyperlinks-yard-site.spec.js"/>
    </properties>
    <testcase classname="chrome.136_0_7103_93.windows.Webshop_-_Hyperlinks_visible_and_working_properly__US139085" name="Should create prerequisites for webshop suite" time="331.004">
      <system-out><![CDATA[
COMMAND: POST /session/284f745c9598ec68bd9714133dfb15c1/execute/async - {"script":"<script> [1562 bytes]","args":[{"selector":{"controlType":"sap.m.GenericTile","properties":{"header":"Manage Yards"}},"wdio_ui5_key":"sapm.GenericTile{\"header\":\"Manage Yards\"}"}]}
RESULT: {"script":"<script> [1562 bytes]","args":[{"selector":{"controlType":"sap.m.GenericTile","properties":{"header":"Manage Yards"}},"wdio_ui5_key":"sapm.GenericTile{\"header\":\"Manage Yards\"}"}]}
RESULT: undefined
COMMAND: POST /session/284f745c9598ec68bd9714133dfb15c1/element - {"using":"xpath","value":"//*[@id=\"__tile41\"]"}
RESULT: {"using":"xpath","value":"//*[@id=\"__tile41\"]"}
COMMAND: POST /session/284f745c9598ec68bd9714133dfb15c1/element/f.D1CCE01D0E1637D613899A63103EEE24.d.0BBE29D91BE032EEE81FE272F460177C.e.120/click - {}
RESULT: {}
COMMAND: GET /session/284f745c9598ec68bd9714133dfb15c1/screenshot - {}
RESULT: {}
COMMAND: POST /session/284f745c9598ec68bd9714133dfb15c1/elements - {"using":"xpath","value":"//span[text()='Error']"}
RESULT: {"using":"xpath","value":"//span[text()='Error']"}
COMMAND: POST /session/284f745c9598ec68bd9714133dfb15c1/execute/async - {"script":"<script> [1562 bytes]","args":[{"selector":{"controlType":"sap.ui.core.Icon","viewName":"etm.portal.ui.manageyards.view.Master","viewId":"application-manageyards-display-component---masterYard","properties":{"src":{"regex":{"source":"add"}}}},"wdio_ui5_key":"etmportal.ui.manageyards.view.Mastersap.ui.core.Icon{\"src\":{\"regex\":{\"source\":\"add\"}}}"}]}
RESULT: {"script":"<script> [1562 bytes]","args":[{"selector":{"controlType":"sap.ui.core.Icon","viewName":"etm.portal.ui.manageyards.view.Master","viewId":"application-manageyards-display-component---masterYard","properties":{"src":{"regex":{"source":"add"}}}},"wdio_ui5_key":"etmportal.ui.manageyards.view.Mastersap.ui.core.Icon{\"src\":{\"regex\":{\"source\":\"add\"}}}"}]}
RESULT: undefined
COMMAND: POST /session/284f745c9598ec68bd9714133dfb15c1/element - {"using":"xpath","value":"//*[@id=\"__button4-img\"]"}
RESULT: {"using":"xpath","value":"//*[@id=\"__button4-img\"]"}
COMMAND: POST /session/284f745c9598ec68bd9714133dfb15c1/element/f.D1CCE01D0E1637D613899A63103EEE24.d.0BBE29D91BE032EEE81FE272F460177C.e.168/click - {}
RESULT: {}
COMMAND: GET /session/284f745c9598ec68bd9714133dfb15c1/screenshot - {}
RESULT: {}
COMMAND: POST /session/284f745c9598ec68bd9714133dfb15c1/execute/async - {"script":"<script> [1562 bytes]","args":[{"selector":{"id":"application-manageyards-display-component---NewYard--yardId","interaction":{"idSuffix":"inner"}},"wdio_ui5_key":"applicationmanageyards-display-component---NewYard--yardId"}]}
RESULT: {"script":"<script> [1562 bytes]","args":[{"selector":{"id":"application-manageyards-display-component---NewYard--yardId","interaction":{"idSuffix":"inner"}},"wdio_ui5_key":"applicationmanageyards-display-component---NewYard--yardId"}]}
RESULT: undefined
COMMAND: POST /session/284f745c9598ec68bd9714133dfb15c1/element - {"using":"xpath","value":"//*[@id=\"application-manageyards-display-component---NewYard--addressDetailDetailsName1-inner\"]"}
RESULT: {"using":"xpath","value":"//*[@id=\"application-manageyards-display-component---NewYard--addressDetailDetailsName1-inner\"]"}
COMMAND: POST /session/284f745c9598ec68bd9714133dfb15c1/element/f.D1CCE01D0E1637D613899A63103EEE24.d.0BBE29D91BE032EEE81FE272F460177C.e.381/clear - {}
RESULT: {}
COMMAND: POST /session/284f745c9598ec68bd9714133dfb15c1/element/f.D1CCE01D0E1637D613899A63103EEE24.d.0BBE29D91BE032EEE81FE272F460177C.e.381/value - {"text":"WebdriverYardlm07e"}
COMMAND: GET /session/284f745c9598ec68bd9714133dfb15c1/screenshot - {}
RESULT: {"text":"WebdriverYardlm07e"}
COMMAND: POST /session/284f745c9598ec68bd9714133dfb15c1/element - {"using":"xpath","value":"//*[@id=\"application-manageyards-display-component---NewYard--addressDetailDetailsLanguage-inner\"]"}
COMMAND: GET /session/284f745c9598ec68bd9714133dfb15c1/screenshot - {}
RESULT: {}
RESULT: {"using":"xpath","value":"//*[@id=\"application-manageyards-display-component---NewYard--addressDetailDetailsLanguage-inner\"]"}
COMMAND: POST /session/284f745c9598ec68bd9714133dfb15c1/element/f.D1CCE01D0E1637D613899A63103EEE24.d.0BBE29D91BE032EEE81FE272F460177C.e.382/clear - {}
RESULT: {}
RESULT: {}
COMMAND: POST /session/284f745c9598ec68bd9714133dfb15c1/element/f.D1CCE01D0E1637D613899A63103EEE24.d.0BBE29D91BE032EEE81FE272F460177C.e.382/value - {"text":"Romanian"}
COMMAND: GET /session/284f745c9598ec68bd9714133dfb15c1/screenshot - {}
RESULT: {"text":"Romanian"}
COMMAND: POST /session/284f745c9598ec68bd9714133dfb15c1/element - {"using":"xpath","value":"//input[contains(@id ,\"application-manageyards-display-component---NewYard--addressDetailDetailsName1-inner\")]"}
COMMAND: GET /session/284f745c9598ec68bd9714133dfb15c1/screenshot - {}
RESULT: {}
RESULT: {"using":"xpath","value":"//input[contains(@id ,\"application-manageyards-display-component---NewYard--addressDetailDetailsName1-inner\")]"}
COMMAND: GET /session/284f745c9598ec68bd9714133dfb15c1/element/f.D1CCE01D0E1637D613899A63103EEE24.d.0BBE29D91BE032EEE81FE272F460177C.e.381/property/value - {}
RESULT: {}
RESULT: {}
COMMAND: GET /session/284f745c9598ec68bd9714133dfb15c1/screenshot - {}
RESULT: {}
COMMAND: POST /session/284f745c9598ec68bd9714133dfb15c1/element - {"using":"xpath","value":"//*[@id=\"application-manageyards-display-component---NewYard--addressDetailDetailsCity1-inner\"]"}
RESULT: {"using":"xpath","value":"//*[@id=\"application-manageyards-display-component---NewYard--addressDetailDetailsCity1-inner\"]"}
COMMAND: POST /session/284f745c9598ec68bd9714133dfb15c1/element/f.D1CCE01D0E1637D613899A63103EEE24.d.0BBE29D91BE032EEE81FE272F460177C.e.384/clear - {}
RESULT: {}
COMMAND: POST /session/284f745c9598ec68bd9714133dfb15c1/element/f.D1CCE01D0E1637D613899A63103EEE24.d.0BBE29D91BE032EEE81FE272F460177C.e.384/value - {"text":"Bucuresti"}
COMMAND: GET /session/284f745c9598ec68bd9714133dfb15c1/screenshot - {}
RESULT: {"text":"Bucuresti"}
COMMAND: GET /session/284f745c9598ec68bd9714133dfb15c1/screenshot - {}
RESULT: {}
RESULT: {}
COMMAND: POST /session/284f745c9598ec68bd9714133dfb15c1/element - {"using":"xpath","value":"//*[@id=\"application-manageyards-display-component---NewYard--addressDetailDetailsCountry-inner\"]"}
RESULT: {"using":"xpath","value":"//*[@id=\"application-manageyards-display-component---NewYard--addressDetailDetailsCountry-inner\"]"}
COMMAND: POST /session/284f745c9598ec68bd9714133dfb15c1/element/f.D1CCE01D0E1637D613899A63103EEE24.d.0BBE29D91BE032EEE81FE272F460177C.e.388/clear - {}
RESULT: {}
COMMAND: POST /session/284f745c9598ec68bd9714133dfb15c1/element/f.D1CCE01D0E1637D613899A63103EEE24.d.0BBE29D91BE032EEE81FE272F460177C.e.388/value - {"text":"Romania"}
COMMAND: GET /session/284f745c9598ec68bd9714133dfb15c1/screenshot - {}
RESULT: {"text":"Romania"}
COMMAND: GET /session/284f745c9598ec68bd9714133dfb15c1/screenshot - {}
RESULT: {}
RESULT: {}
COMMAND: POST /session/284f745c9598ec68bd9714133dfb15c1/element - {"using":"xpath","value":"//div[contains(text(), \"Commercial\")]"}
RESULT: {"using":"xpath","value":"//div[contains(text(), \"Commercial\")]"}
COMMAND: GET /session/284f745c9598ec68bd9714133dfb15c1/element/f.D1CCE01D0E1637D613899A63103EEE24.d.0BBE29D91BE032EEE81FE272F460177C.e.574/rect - {}
RESULT: {}
COMMAND: GET /session/284f745c9598ec68bd9714133dfb15c1/window/rect - {}
RESULT: {}
COMMAND: POST /session/284f745c9598ec68bd9714133dfb15c1/execute/sync - {"script":"<script> [92 bytes]","args":[]}
RESULT: {"script":"<script> [92 bytes]","args":[]}
COMMAND: POST /session/284f745c9598ec68bd9714133dfb15c1/actions - {"actions":[{"id":"action1","type":"wheel","parameters":{},"actions":[{"type":"scroll","x":-1841,"y":-44,"deltaX":0,"deltaY":0,"duration":0,"origin":{"element-6066-11e4-a52e-4f735466cecf":"f.D1CCE01D0E1637D613899A63103EEE24.d.0BBE29D91BE032EEE81FE272F460177C.e.574"}}]}]}
COMMAND: GET /session/284f745c9598ec68bd9714133dfb15c1/screenshot - {}
RESULT: {}
COMMAND: POST /session/284f745c9598ec68bd9714133dfb15c1/execute/sync - {"script":"<script> [79 bytes]","args":[{"element-6066-11e4-a52e-4f735466cecf":"f.D1CCE01D0E1637D613899A63103EEE24.d.0BBE29D91BE032EEE81FE272F460177C.e.574","ELEMENT":"f.D1CCE01D0E1637D613899A63103EEE24.d.0BBE29D91BE032EEE81FE272F460177C.e.574"},{"block":"start","inline":"nearest"}]}
RESULT: {"script":"<script> [79 bytes]","args":[{"element-6066-11e4-a52e-4f735466cecf":"f.D1CCE01D0E1637D613899A63103EEE24.d.0BBE29D91BE032EEE81FE272F460177C.e.574","ELEMENT":"f.D1CCE01D0E1637D613899A63103EEE24.d.0BBE29D91BE032EEE81FE272F460177C.e.574"},{"block":"start","inline":"nearest"}]}
COMMAND: GET /session/284f745c9598ec68bd9714133dfb15c1/screenshot - {}
RESULT: {}
COMMAND: POST /session/284f745c9598ec68bd9714133dfb15c1/execute/async - {"script":"<script> [1562 bytes]","args":[{"selector":{"id":"application-manageyards-display-component---NewYard--addressEditDetailsCostObjectCstType-arrow"},"wdio_ui5_key":"applicationmanageyards-display-component---NewYard--addressEditDetailsCostObjectCstType-arrow"}]}
RESULT: {"script":"<script> [1562 bytes]","args":[{"selector":{"id":"application-manageyards-display-component---NewYard--addressEditDetailsCostObjectCstType-arrow"},"wdio_ui5_key":"applicationmanageyards-display-component---NewYard--addressEditDetailsCostObjectCstType-arrow"}]}
RESULT: undefined
COMMAND: POST /session/284f745c9598ec68bd9714133dfb15c1/element - {"using":"xpath","value":"//*[@id=\"application-manageyards-display-component---NewYard--addressEditDetailsCostObjectCstType-arrow\"]"}
RESULT: {"using":"xpath","value":"//*[@id=\"application-manageyards-display-component---NewYard--addressEditDetailsCostObjectCstType-arrow\"]"}
COMMAND: POST /session/284f745c9598ec68bd9714133dfb15c1/element/f.D1CCE01D0E1637D613899A63103EEE24.d.0BBE29D91BE032EEE81FE272F460177C.e.582/click - {}
RESULT: {}
COMMAND: POST /session/284f745c9598ec68bd9714133dfb15c1/element - {"using":"xpath","value":"//span[contains(text(), \"Cost Center\")]"}
COMMAND: GET /session/284f745c9598ec68bd9714133dfb15c1/screenshot - {}
RESULT: {"using":"xpath","value":"//span[contains(text(), \"Cost Center\")]"}
COMMAND: POST /session/284f745c9598ec68bd9714133dfb15c1/element/f.D1CCE01D0E1637D613899A63103EEE24.d.0BBE29D91BE032EEE81FE272F460177C.e.583/click - {}
RESULT: {}
RESULT: {}
COMMAND: GET /session/284f745c9598ec68bd9714133dfb15c1/screenshot - {}
RESULT: {}
COMMAND: POST /session/284f745c9598ec68bd9714133dfb15c1/execute/async - {"script":"<script> [1562 bytes]","args":[{"selector":{"id":"application-manageyards-display-component---NewYard--addressNewCostObjectCstID-vhi"},"wdio_ui5_key":"applicationmanageyards-display-component---NewYard--addressNewCostObjectCstID-vhi"}]}
RESULT: {"script":"<script> [1562 bytes]","args":[{"selector":{"id":"application-manageyards-display-component---NewYard--addressNewCostObjectCstID-vhi"},"wdio_ui5_key":"applicationmanageyards-display-component---NewYard--addressNewCostObjectCstID-vhi"}]}
RESULT: undefined
COMMAND: POST /session/284f745c9598ec68bd9714133dfb15c1/element - {"using":"xpath","value":"//*[@id=\"application-manageyards-display-component---NewYard--addressNewCostObjectCstID-vhi\"]"}
RESULT: {"using":"xpath","value":"//*[@id=\"application-manageyards-display-component---NewYard--addressNewCostObjectCstID-vhi\"]"}
COMMAND: POST /session/284f745c9598ec68bd9714133dfb15c1/element/f.D1CCE01D0E1637D613899A63103EEE24.d.0BBE29D91BE032EEE81FE272F460177C.e.587/click - {}
RESULT: {}
COMMAND: GET /session/284f745c9598ec68bd9714133dfb15c1/screenshot - {}
RESULT: {}
COMMAND: POST /session/284f745c9598ec68bd9714133dfb15c1/execute/async - {"script":"<script> [1562 bytes]","args":[{"selector":{"controlType":"sap.m.SearchField","properties":{"placeholder":"Search"},"searchOpenDialogs":true,"interaction":{"idSuffix":"I"}},"wdio_ui5_key":"sapm.SearchField{\"placeholder\":\"Search\"}"}]}
RESULT: {"script":"<script> [1562 bytes]","args":[{"selector":{"controlType":"sap.m.SearchField","properties":{"placeholder":"Search"},"searchOpenDialogs":true,"interaction":{"idSuffix":"I"}},"wdio_ui5_key":"sapm.SearchField{\"placeholder\":\"Search\"}"}]}
RESULT: undefined
COMMAND: POST /session/284f745c9598ec68bd9714133dfb15c1/execute/async - {"script":"<script> [776 bytes]","args":[{"enterText":"10001013","selector":{"controlType":"sap.m.SearchField","properties":{"placeholder":"Search"},"searchOpenDialogs":true,"interaction":{"idSuffix":"I"}},"clearTextFirst":true,"interactionType":"ENTER_TEXT"}]}
RESULT: {"script":"<script> [776 bytes]","args":[{"enterText":"10001013","selector":{"controlType":"sap.m.SearchField","properties":{"placeholder":"Search"},"searchOpenDialogs":true,"interaction":{"idSuffix":"I"}},"clearTextFirst":true,"interactionType":"ENTER_TEXT"}]}
COMMAND: POST /session/284f745c9598ec68bd9714133dfb15c1/actions - {"actions":[{"id":"action2","type":"key","parameters":{},"actions":[{"type":"keyDown","value":""},{"type":"pause","duration":10},{"type":"keyUp","value":""}]}]}
RESULT: {"actions":[{"id":"action2","type":"key","parameters":{},"actions":[{"type":"keyDown","value":""},{"type":"pause","duration":10},{"type":"keyUp","value":""}]}]}
COMMAND: GET /session/284f745c9598ec68bd9714133dfb15c1/screenshot - {}
RESULT: {}
COMMAND: POST /session/284f745c9598ec68bd9714133dfb15c1/element - {"using":"xpath","value":"//span[contains(text(), \"General Management\")]"}
RESULT: {"using":"xpath","value":"//span[contains(text(), \"General Management\")]"}
COMMAND: POST /session/284f745c9598ec68bd9714133dfb15c1/element/f.D1CCE01D0E1637D613899A63103EEE24.d.0BBE29D91BE032EEE81FE272F460177C.e.628/click - {}
RESULT: {}
COMMAND: GET /session/284f745c9598ec68bd9714133dfb15c1/screenshot - {}
RESULT: {}
COMMAND: POST /session/284f745c9598ec68bd9714133dfb15c1/element - {"using":"xpath","value":"//bdi[contains(text(), \"OK\")]"}
RESULT: {"using":"xpath","value":"//bdi[contains(text(), \"OK\")]"}
COMMAND: POST /session/284f745c9598ec68bd9714133dfb15c1/element/f.D1CCE01D0E1637D613899A63103EEE24.d.0BBE29D91BE032EEE81FE272F460177C.e.629/click - {}
RESULT: {}
COMMAND: GET /session/284f745c9598ec68bd9714133dfb15c1/screenshot - {}
RESULT: {}
COMMAND: POST /session/284f745c9598ec68bd9714133dfb15c1/execute/async - {"script":"<script> [1562 bytes]","args":[{"selector":{"controlType":"sap.m.Button","viewName":"etm.portal.ui.manageyards.view.New","viewId":"application-manageyards-display-component---NewYard","i18NText":{"propertyName":"text","key":"save"},"interaction":{"idSuffix":"inner"}},"wdio_ui5_key":"etmportal.ui.manageyards.view.Newsap.m.Button{\"propertyName\":\"text\",\"key\":\"save\"}"}]}
RESULT: {"script":"<script> [1562 bytes]","args":[{"selector":{"controlType":"sap.m.Button","viewName":"etm.portal.ui.manageyards.view.New","viewId":"application-manageyards-display-component---NewYard","i18NText":{"propertyName":"text","key":"save"},"interaction":{"idSuffix":"inner"}},"wdio_ui5_key":"etmportal.ui.manageyards.view.Newsap.m.Button{\"propertyName\":\"text\",\"key\":\"save\"}"}]}
RESULT: undefined
COMMAND: POST /session/284f745c9598ec68bd9714133dfb15c1/element - {"using":"xpath","value":"//*[@id=\"__button18\"]"}
RESULT: {"using":"xpath","value":"//*[@id=\"__button18\"]"}
COMMAND: POST /session/284f745c9598ec68bd9714133dfb15c1/element/f.D1CCE01D0E1637D613899A63103EEE24.d.0BBE29D91BE032EEE81FE272F460177C.e.562/click - {}
RESULT: {}
COMMAND: GET /session/284f745c9598ec68bd9714133dfb15c1/screenshot - {}
RESULT: {}
COMMAND: POST /session/284f745c9598ec68bd9714133dfb15c1/element - {"using":"xpath","value":"//header/div/div[2]/div[2]/span"}
RESULT: {"using":"xpath","value":"//header/div/div[2]/div[2]/span"}
COMMAND: GET /session/284f745c9598ec68bd9714133dfb15c1/element/f.D1CCE01D0E1637D613899A63103EEE24.d.0BBE29D91BE032EEE81FE272F460177C.e.827/text - {}
RESULT: {}
COMMAND: POST /session/284f745c9598ec68bd9714133dfb15c1/execute/async - {"script":"<script> [1562 bytes]","args":[{"selector":{"controlType":"sap.m.OverflowToolbarButton","viewName":"etm.portal.ui.manageyards.view.Detail","viewId":"application-manageyards-display-component---detailYard","i18NText":{"propertyName":"tooltip","key":"closeColumn"},"interaction":{"idSuffix":"inner"}},"wdio_ui5_key":"etmportal.ui.manageyards.view.Detailsap.m.OverflowToolbarButton{\"propertyName\":\"tooltip\",\"key\":\"closeColumn\"}"}]}
RESULT: {"script":"<script> [1562 bytes]","args":[{"selector":{"controlType":"sap.m.OverflowToolbarButton","viewName":"etm.portal.ui.manageyards.view.Detail","viewId":"application-manageyards-display-component---detailYard","i18NText":{"propertyName":"tooltip","key":"closeColumn"},"interaction":{"idSuffix":"inner"}},"wdio_ui5_key":"etmportal.ui.manageyards.view.Detailsap.m.OverflowToolbarButton{\"propertyName\":\"tooltip\",\"key\":\"closeColumn\"}"}]}
RESULT: undefined
COMMAND: POST /session/284f745c9598ec68bd9714133dfb15c1/element - {"using":"xpath","value":"//*[@id=\"__button42\"]"}
RESULT: {"using":"xpath","value":"//*[@id=\"__button42\"]"}
COMMAND: POST /session/284f745c9598ec68bd9714133dfb15c1/element/f.D1CCE01D0E1637D613899A63103EEE24.d.0BBE29D91BE032EEE81FE272F460177C.e.829/click - {}
RESULT: {}
COMMAND: GET /session/284f745c9598ec68bd9714133dfb15c1/screenshot - {}
COMMAND: POST /session/284f745c9598ec68bd9714133dfb15c1/element - {"using":"css selector","value":"#shell-header-logo"}
RESULT: {}
RESULT: {"using":"css selector","value":"#shell-header-logo"}
COMMAND: POST /session/284f745c9598ec68bd9714133dfb15c1/element/f.D1CCE01D0E1637D613899A63103EEE24.d.0BBE29D91BE032EEE81FE272F460177C.e.123/click - {}
RESULT: {}
COMMAND: GET /session/284f745c9598ec68bd9714133dfb15c1/screenshot - {}
RESULT: {}
COMMAND: POST /session/284f745c9598ec68bd9714133dfb15c1/refresh - {}
RESULT: {}
COMMAND: GET /session/284f745c9598ec68bd9714133dfb15c1/screenshot - {}
RESULT: {}
COMMAND: POST /session/284f745c9598ec68bd9714133dfb15c1/execute/async - {"script":"<script> [189 bytes]","args":[]}
RESULT: {"script":"<script> [189 bytes]","args":[]}
COMMAND: POST /session/284f745c9598ec68bd9714133dfb15c1/execute/async - {"script":"<script> [123 bytes]","args":[]}
RESULT: {"script":"<script> [123 bytes]","args":[]}
COMMAND: POST /session/284f745c9598ec68bd9714133dfb15c1/timeouts - {"script":"<number>"}
RESULT: {"script":"<number>"}
COMMAND: GET /session/284f745c9598ec68bd9714133dfb15c1/timeouts - {}
RESULT: {}
RESULT: undefined
COMMAND: POST /session/284f745c9598ec68bd9714133dfb15c1/execute/async - {"script":"<script> [2676 bytes]","args":[]}
RESULT: {"script":"<script> [2676 bytes]","args":[]}
COMMAND: POST /session/284f745c9598ec68bd9714133dfb15c1/execute/async - {"script":"<script> [2342 bytes]","args":[{"protocol":"http","hostname":"0.0.0.0","path":"/","capabilities":{"browserName":"chrome","goog:chromeOptions":{"binary":"C:\\Program Files\\Google\\Chrome\\Application\\chrome.exe","args":["--start-maximized"]}},"logLevel":"warn","connectionRetryTimeout":120000,"connectionRetryCount":3,"logLevels":{},"enableDirectConnect":true,"strictSSL":true,"_":"65 more keys: [\"cacheDir\",\"port\",\"requestedCapabilities\",\"automationProtocol\",\"baseUrl\",\"waitforInterval\",\"waitforTimeout\",\"onReload\",\"beforeCommand\",\"afterCommand\",\"rootDir\",\"specs\",\"suites\",\"exclude\",\"groupLogsByTestSpec\",\"excludeDriverLogs\",\"bail\",\"framework\",\"reporters\",\"services\",\"maxInstances\",\"maxInstancesPerCapability\",\"injectGlobals\",\"filesToWatch\",\"execArgv\",\"runnerEnv\",\"runner\",\"shard\",\"specFileRetries\",\"specFileRetriesDelay\",\"specFileRetriesDeferred\",\"reporterSyncInterval\",\"reporterSyncTimeout\",\"cucumberFeaturesWithLineNumbers\",\"autoCompileOpts\",\"mochaOpts\",\"jasmineOpts\",\"cucumberOpts\",\"onPrepare\",\"onWorkerStart\",\"onWorkerEnd\",\"before\",\"beforeSession\",\"beforeSuite\",\"beforeHook\",\"beforeTest\",\"afterTest\",\"afterHook\",\"afterSuite\",\"afterSession\",\"after\",\"onComplete\",\"beforeAssertion\",\"afterAssertion\",\"beforeFeature\",\"beforeScenario\",\"beforeStep\",\"afterStep\",\"afterScenario\",\"afterFeature\",\"_\",\"suite\",\"$0\",\"ignoredWorkerServices\",\"wdi5\"]"}]}
RESULT: {"script":"<script> [2342 bytes]","args":[{"protocol":"http","hostname":"0.0.0.0","path":"/","capabilities":{"browserName":"chrome","goog:chromeOptions":{"binary":"C:\\Program Files\\Google\\Chrome\\Application\\chrome.exe","args":["--start-maximized"]}},"logLevel":"warn","connectionRetryTimeout":120000,"connectionRetryCount":3,"logLevels":{},"enableDirectConnect":true,"strictSSL":true,"_":"65 more keys: [\"cacheDir\",\"port\",\"requestedCapabilities\",\"automationProtocol\",\"baseUrl\",\"waitforInterval\",\"waitforTimeout\",\"onReload\",\"beforeCommand\",\"afterCommand\",\"rootDir\",\"specs\",\"suites\",\"exclude\",\"groupLogsByTestSpec\",\"excludeDriverLogs\",\"bail\",\"framework\",\"reporters\",\"services\",\"maxInstances\",\"maxInstancesPerCapability\",\"injectGlobals\",\"filesToWatch\",\"execArgv\",\"runnerEnv\",\"runner\",\"shard\",\"specFileRetries\",\"specFileRetriesDelay\",\"specFileRetriesDeferred\",\"reporterSyncInterval\",\"reporterSyncTimeout\",\"cucumberFeaturesWithLineNumbers\",\"autoCompileOpts\",\"mochaOpts\",\"jasmineOpts\",\"cucumberOpts\",\"onPrepare\",\"onWorkerStart\",\"onWorkerEnd\",\"before\",\"beforeSession\",\"beforeSuite\",\"beforeHook\",\"beforeTest\",\"afterTest\",\"afterHook\",\"afterSuite\",\"afterSession\",\"after\",\"onComplete\",\"beforeAssertion\",\"afterAssertion\",\"beforeFeature\",\"beforeScenario\",\"beforeStep\",\"afterStep\",\"afterScenario\",\"afterFeature\",\"_\",\"suite\",\"$0\",\"ignoredWorkerServices\",\"wdi5\"]"}]}
COMMAND: POST /session/284f745c9598ec68bd9714133dfb15c1/execute/async - {"script":"<script> [21126 bytes]","args":[35000]}
RESULT: {"script":"<script> [21126 bytes]","args":[35000]}
COMMAND: POST /session/284f745c9598ec68bd9714133dfb15c1/execute/async - {"script":"<script> [1562 bytes]","args":[{"selector":{"controlType":"sap.m.GenericTile","properties":{"header":"Manage Sites"}},"wdio_ui5_key":"sapm.GenericTile{\"header\":\"Manage Sites\"}"}]}
RESULT: {"script":"<script> [1562 bytes]","args":[{"selector":{"controlType":"sap.m.GenericTile","properties":{"header":"Manage Sites"}},"wdio_ui5_key":"sapm.GenericTile{\"header\":\"Manage Sites\"}"}]}
RESULT: undefined
COMMAND: POST /session/284f745c9598ec68bd9714133dfb15c1/element - {"using":"xpath","value":"//*[@id=\"__tile40\"]"}
RESULT: {"using":"xpath","value":"//*[@id=\"__tile40\"]"}
COMMAND: POST /session/284f745c9598ec68bd9714133dfb15c1/element/f.D1CCE01D0E1637D613899A63103EEE24.d.D8EC8FE46B1B357F903CF2935E1E996D.e.1185/click - {}
RESULT: {}
COMMAND: GET /session/284f745c9598ec68bd9714133dfb15c1/screenshot - {}
RESULT: {}
COMMAND: POST /session/284f745c9598ec68bd9714133dfb15c1/elements - {"using":"xpath","value":"//span[text()='Error']"}
RESULT: {"using":"xpath","value":"//span[text()='Error']"}
COMMAND: POST /session/284f745c9598ec68bd9714133dfb15c1/execute/async - {"script":"<script> [1562 bytes]","args":[{"selector":{"controlType":"sap.ui.core.Icon","viewName":"etm.portal.ui.managesites.view.Master","viewId":"application-managesites-display-component---masterSite","properties":{"src":{"regex":{"source":"add"}}}},"wdio_ui5_key":"etmportal.ui.managesites.view.Mastersap.ui.core.Icon{\"src\":{\"regex\":{\"source\":\"add\"}}}"}]}
RESULT: {"script":"<script> [1562 bytes]","args":[{"selector":{"controlType":"sap.ui.core.Icon","viewName":"etm.portal.ui.managesites.view.Master","viewId":"application-managesites-display-component---masterSite","properties":{"src":{"regex":{"source":"add"}}}},"wdio_ui5_key":"etmportal.ui.managesites.view.Mastersap.ui.core.Icon{\"src\":{\"regex\":{\"source\":\"add\"}}}"}]}
RESULT: undefined
COMMAND: POST /session/284f745c9598ec68bd9714133dfb15c1/element - {"using":"xpath","value":"//*[@id=\"__button4-img\"]"}
RESULT: {"using":"xpath","value":"//*[@id=\"__button4-img\"]"}
COMMAND: POST /session/284f745c9598ec68bd9714133dfb15c1/element/f.D1CCE01D0E1637D613899A63103EEE24.d.D8EC8FE46B1B357F903CF2935E1E996D.e.1236/click - {}
RESULT: {}
COMMAND: POST /session/284f745c9598ec68bd9714133dfb15c1/execute/async - {"script":"<script> [1562 bytes]","args":[{"selector":{"id":"application-managesites-display-component---NewSite--siteId","interaction":{"idSuffix":"inner"}},"wdio_ui5_key":"applicationmanagesites-display-component---NewSite--siteId"}]}
COMMAND: GET /session/284f745c9598ec68bd9714133dfb15c1/screenshot - {}
RESULT: {"script":"<script> [1562 bytes]","args":[{"selector":{"id":"application-managesites-display-component---NewSite--siteId","interaction":{"idSuffix":"inner"}},"wdio_ui5_key":"applicationmanagesites-display-component---NewSite--siteId"}]}
RESULT: undefined
COMMAND: POST /session/284f745c9598ec68bd9714133dfb15c1/execute/async - {"script":"<script> [1562 bytes]","args":[{"selector":{"id":"application-managesites-display-component---NewSite--addressDetailDetailsName1","interaction":{"idSuffix":"inner"}},"wdio_ui5_key":"applicationmanagesites-display-component---NewSite--addressDetailDetailsName1"}]}
RESULT: {}
RESULT: {"script":"<script> [1562 bytes]","args":[{"selector":{"id":"application-managesites-display-component---NewSite--addressDetailDetailsName1","interaction":{"idSuffix":"inner"}},"wdio_ui5_key":"applicationmanagesites-display-component---NewSite--addressDetailDetailsName1"}]}
RESULT: undefined
COMMAND: POST /session/284f745c9598ec68bd9714133dfb15c1/execute/async - {"script":"<script> [776 bytes]","args":[{"enterText":"WebdriverSite2skcn","selector":{"id":"application-managesites-display-component---NewSite--addressDetailDetailsName1","interaction":{"idSuffix":"inner"}},"clearTextFirst":true,"interactionType":"ENTER_TEXT"}]}
RESULT: {"script":"<script> [776 bytes]","args":[{"enterText":"WebdriverSite2skcn","selector":{"id":"application-managesites-display-component---NewSite--addressDetailDetailsName1","interaction":{"idSuffix":"inner"}},"clearTextFirst":true,"interactionType":"ENTER_TEXT"}]}
COMMAND: POST /session/284f745c9598ec68bd9714133dfb15c1/execute/async - {"script":"<script> [1562 bytes]","args":[{"selector":{"id":"application-managesites-display-component---NewSite--addressDetailDetailsLanguage","interaction":{"idSuffix":"inner"}},"wdio_ui5_key":"applicationmanagesites-display-component---NewSite--addressDetailDetailsLanguage"}]}
RESULT: {"script":"<script> [1562 bytes]","args":[{"selector":{"id":"application-managesites-display-component---NewSite--addressDetailDetailsLanguage","interaction":{"idSuffix":"inner"}},"wdio_ui5_key":"applicationmanagesites-display-component---NewSite--addressDetailDetailsLanguage"}]}
RESULT: undefined
COMMAND: POST /session/284f745c9598ec68bd9714133dfb15c1/execute/async - {"script":"<script> [776 bytes]","args":[{"enterText":"Romanian","selector":{"id":"application-managesites-display-component---NewSite--addressDetailDetailsLanguage","interaction":{"idSuffix":"inner"}},"clearTextFirst":true,"interactionType":"ENTER_TEXT"}]}
RESULT: {"script":"<script> [776 bytes]","args":[{"enterText":"Romanian","selector":{"id":"application-managesites-display-component---NewSite--addressDetailDetailsLanguage","interaction":{"idSuffix":"inner"}},"clearTextFirst":true,"interactionType":"ENTER_TEXT"}]}
COMMAND: POST /session/284f745c9598ec68bd9714133dfb15c1/execute/async - {"script":"<script> [1562 bytes]","args":[{"selector":{"id":"application-managesites-display-component---NewSite--addressDetailDetailsCity1","interaction":{"idSuffix":"inner"}},"wdio_ui5_key":"applicationmanagesites-display-component---NewSite--addressDetailDetailsCity1"}]}
RESULT: {"script":"<script> [1562 bytes]","args":[{"selector":{"id":"application-managesites-display-component---NewSite--addressDetailDetailsCity1","interaction":{"idSuffix":"inner"}},"wdio_ui5_key":"applicationmanagesites-display-component---NewSite--addressDetailDetailsCity1"}]}
RESULT: undefined
COMMAND: POST /session/284f745c9598ec68bd9714133dfb15c1/execute/async - {"script":"<script> [776 bytes]","args":[{"enterText":"Bucharest","selector":{"id":"application-managesites-display-component---NewSite--addressDetailDetailsCity1","interaction":{"idSuffix":"inner"}},"clearTextFirst":true,"interactionType":"ENTER_TEXT"}]}
RESULT: {"script":"<script> [776 bytes]","args":[{"enterText":"Bucharest","selector":{"id":"application-managesites-display-component---NewSite--addressDetailDetailsCity1","interaction":{"idSuffix":"inner"}},"clearTextFirst":true,"interactionType":"ENTER_TEXT"}]}
COMMAND: POST /session/284f745c9598ec68bd9714133dfb15c1/execute/async - {"script":"<script> [1562 bytes]","args":[{"selector":{"id":"application-managesites-display-component---NewSite--addressDetailDetailsCountry","interaction":{"idSuffix":"inner"}},"wdio_ui5_key":"applicationmanagesites-display-component---NewSite--addressDetailDetailsCountry"}]}
RESULT: {"script":"<script> [1562 bytes]","args":[{"selector":{"id":"application-managesites-display-component---NewSite--addressDetailDetailsCountry","interaction":{"idSuffix":"inner"}},"wdio_ui5_key":"applicationmanagesites-display-component---NewSite--addressDetailDetailsCountry"}]}
RESULT: undefined
COMMAND: POST /session/284f745c9598ec68bd9714133dfb15c1/execute/async - {"script":"<script> [776 bytes]","args":[{"enterText":"Romania","selector":{"id":"application-managesites-display-component---NewSite--addressDetailDetailsCountry","interaction":{"idSuffix":"inner"}},"clearTextFirst":true,"interactionType":"ENTER_TEXT"}]}
RESULT: {"script":"<script> [776 bytes]","args":[{"enterText":"Romania","selector":{"id":"application-managesites-display-component---NewSite--addressDetailDetailsCountry","interaction":{"idSuffix":"inner"}},"clearTextFirst":true,"interactionType":"ENTER_TEXT"}]}
COMMAND: POST /session/284f745c9598ec68bd9714133dfb15c1/element - {"using":"css selector","value":"#application-managesites-display-component---NewSite--addressDetailDetailsCalendar-inner"}
RESULT: {"using":"css selector","value":"#application-managesites-display-component---NewSite--addressDetailDetailsCalendar-inner"}
COMMAND: POST /session/284f745c9598ec68bd9714133dfb15c1/element/f.D1CCE01D0E1637D613899A63103EEE24.d.D8EC8FE46B1B357F903CF2935E1E996D.e.1422/clear - {}
RESULT: {}
COMMAND: POST /session/284f745c9598ec68bd9714133dfb15c1/element/f.D1CCE01D0E1637D613899A63103EEE24.d.D8EC8FE46B1B357F903CF2935E1E996D.e.1422/value - {"text":"Germany"}
COMMAND: GET /session/284f745c9598ec68bd9714133dfb15c1/screenshot - {}
RESULT: {"text":"Germany"}
COMMAND: POST /session/284f745c9598ec68bd9714133dfb15c1/execute/async - {"script":"<script> [1562 bytes]","args":[{"selector":{"id":"application-managesites-display-component---NewSite--addressEditDetailsCostObjectCstType-arrow"},"wdio_ui5_key":"applicationmanagesites-display-component---NewSite--addressEditDetailsCostObjectCstType-arrow"}]}
COMMAND: GET /session/284f745c9598ec68bd9714133dfb15c1/screenshot - {}
RESULT: {}
RESULT: {"script":"<script> [1562 bytes]","args":[{"selector":{"id":"application-managesites-display-component---NewSite--addressEditDetailsCostObjectCstType-arrow"},"wdio_ui5_key":"applicationmanagesites-display-component---NewSite--addressEditDetailsCostObjectCstType-arrow"}]}
RESULT: undefined
COMMAND: POST /session/284f745c9598ec68bd9714133dfb15c1/element - {"using":"xpath","value":"//*[@id=\"application-managesites-display-component---NewSite--addressEditDetailsCostObjectCstType-arrow\"]"}
RESULT: {}
RESULT: {"using":"xpath","value":"//*[@id=\"application-managesites-display-component---NewSite--addressEditDetailsCostObjectCstType-arrow\"]"}
COMMAND: POST /session/284f745c9598ec68bd9714133dfb15c1/element/f.D1CCE01D0E1637D613899A63103EEE24.d.D8EC8FE46B1B357F903CF2935E1E996D.e.1631/click - {}
RESULT: {}
COMMAND: POST /session/284f745c9598ec68bd9714133dfb15c1/element - {"using":"xpath","value":"//span[contains(text(), \"Work Breakdown Structure\")]"}
COMMAND: GET /session/284f745c9598ec68bd9714133dfb15c1/screenshot - {}
RESULT: {"using":"xpath","value":"//span[contains(text(), \"Work Breakdown Structure\")]"}
COMMAND: POST /session/284f745c9598ec68bd9714133dfb15c1/element/f.D1CCE01D0E1637D613899A63103EEE24.d.D8EC8FE46B1B357F903CF2935E1E996D.e.1632/click - {}
RESULT: {}
RESULT: {}
COMMAND: GET /session/284f745c9598ec68bd9714133dfb15c1/screenshot - {}
RESULT: {}
COMMAND: POST /session/284f745c9598ec68bd9714133dfb15c1/execute/async - {"script":"<script> [1562 bytes]","args":[{"selector":{"id":"application-managesites-display-component---NewSite--addressNewCostObjectCstID-vhi"},"wdio_ui5_key":"applicationmanagesites-display-component---NewSite--addressNewCostObjectCstID-vhi"}]}
RESULT: {"script":"<script> [1562 bytes]","args":[{"selector":{"id":"application-managesites-display-component---NewSite--addressNewCostObjectCstID-vhi"},"wdio_ui5_key":"applicationmanagesites-display-component---NewSite--addressNewCostObjectCstID-vhi"}]}
RESULT: undefined
COMMAND: POST /session/284f745c9598ec68bd9714133dfb15c1/element - {"using":"xpath","value":"//*[@id=\"application-managesites-display-component---NewSite--addressNewCostObjectCstID-vhi\"]"}
RESULT: {"using":"xpath","value":"//*[@id=\"application-managesites-display-component---NewSite--addressNewCostObjectCstID-vhi\"]"}
COMMAND: POST /session/284f745c9598ec68bd9714133dfb15c1/element/f.D1CCE01D0E1637D613899A63103EEE24.d.D8EC8FE46B1B357F903CF2935E1E996D.e.1636/click - {}
RESULT: {}
COMMAND: GET /session/284f745c9598ec68bd9714133dfb15c1/screenshot - {}
RESULT: {}
COMMAND: POST /session/284f745c9598ec68bd9714133dfb15c1/execute/async - {"script":"<script> [1562 bytes]","args":[{"selector":{"controlType":"sap.m.SearchField","properties":{"placeholder":"Search"},"searchOpenDialogs":true,"interaction":{"idSuffix":"I"}},"wdio_ui5_key":"sapm.SearchField{\"placeholder\":\"Search\"}"}]}
RESULT: {"script":"<script> [1562 bytes]","args":[{"selector":{"controlType":"sap.m.SearchField","properties":{"placeholder":"Search"},"searchOpenDialogs":true,"interaction":{"idSuffix":"I"}},"wdio_ui5_key":"sapm.SearchField{\"placeholder\":\"Search\"}"}]}
RESULT: undefined
COMMAND: POST /session/284f745c9598ec68bd9714133dfb15c1/execute/async - {"script":"<script> [776 bytes]","args":[{"enterText":"A1-000100-01","selector":{"controlType":"sap.m.SearchField","properties":{"placeholder":"Search"},"searchOpenDialogs":true,"interaction":{"idSuffix":"I"}},"clearTextFirst":true,"interactionType":"ENTER_TEXT"}]}
RESULT: {"script":"<script> [776 bytes]","args":[{"enterText":"A1-000100-01","selector":{"controlType":"sap.m.SearchField","properties":{"placeholder":"Search"},"searchOpenDialogs":true,"interaction":{"idSuffix":"I"}},"clearTextFirst":true,"interactionType":"ENTER_TEXT"}]}
COMMAND: POST /session/284f745c9598ec68bd9714133dfb15c1/actions - {"actions":[{"id":"action3","type":"key","parameters":{},"actions":[{"type":"keyDown","value":""},{"type":"pause","duration":10},{"type":"keyUp","value":""}]}]}
RESULT: {"actions":[{"id":"action3","type":"key","parameters":{},"actions":[{"type":"keyDown","value":""},{"type":"pause","duration":10},{"type":"keyUp","value":""}]}]}
COMMAND: GET /session/284f745c9598ec68bd9714133dfb15c1/screenshot - {}
RESULT: {}
COMMAND: POST /session/284f745c9598ec68bd9714133dfb15c1/element - {"using":"xpath","value":"//span[contains(text(), \"Template for ETO-Process\")]"}
RESULT: {"using":"xpath","value":"//span[contains(text(), \"Template for ETO-Process\")]"}
COMMAND: POST /session/284f745c9598ec68bd9714133dfb15c1/element/f.D1CCE01D0E1637D613899A63103EEE24.d.D8EC8FE46B1B357F903CF2935E1E996D.e.1655/click - {}
RESULT: {}
COMMAND: GET /session/284f745c9598ec68bd9714133dfb15c1/screenshot - {}
RESULT: {}
COMMAND: POST /session/284f745c9598ec68bd9714133dfb15c1/element - {"using":"xpath","value":"//bdi[contains(text(), \"OK\")]"}
RESULT: {"using":"xpath","value":"//bdi[contains(text(), \"OK\")]"}
COMMAND: POST /session/284f745c9598ec68bd9714133dfb15c1/element/f.D1CCE01D0E1637D613899A63103EEE24.d.D8EC8FE46B1B357F903CF2935E1E996D.e.1656/click - {}
RESULT: {}
COMMAND: GET /session/284f745c9598ec68bd9714133dfb15c1/screenshot - {}
RESULT: {}
COMMAND: POST /session/284f745c9598ec68bd9714133dfb15c1/element - {"using":"xpath","value":"//input[@id=\"application-managesites-display-component---NewSite--addressDetailDetailsYard-inner\"]"}
RESULT: {"using":"xpath","value":"//input[@id=\"application-managesites-display-component---NewSite--addressDetailDetailsYard-inner\"]"}
COMMAND: POST /session/284f745c9598ec68bd9714133dfb15c1/element/f.D1CCE01D0E1637D613899A63103EEE24.d.D8EC8FE46B1B357F903CF2935E1E996D.e.1423/value - {"text":"WebdriverYardlm07e"}
RESULT: {"text":"WebdriverYardlm07e"}
COMMAND: GET /session/284f745c9598ec68bd9714133dfb15c1/screenshot - {}
RESULT: {}
COMMAND: POST /session/284f745c9598ec68bd9714133dfb15c1/actions - {"actions":[{"id":"action4","type":"key","parameters":{},"actions":[{"type":"keyDown","value":""},{"type":"pause","duration":10},{"type":"keyUp","value":""}]}]}
RESULT: {"actions":[{"id":"action4","type":"key","parameters":{},"actions":[{"type":"keyDown","value":""},{"type":"pause","duration":10},{"type":"keyUp","value":""}]}]}
COMMAND: GET /session/284f745c9598ec68bd9714133dfb15c1/screenshot - {}
RESULT: {}
COMMAND: POST /session/284f745c9598ec68bd9714133dfb15c1/element - {"using":"xpath","value":"//input[@id=\"application-managesites-display-component---NewSite--addressDetailDetailsPartner-inner\"]"}
RESULT: {"using":"xpath","value":"//input[@id=\"application-managesites-display-component---NewSite--addressDetailDetailsPartner-inner\"]"}
COMMAND: POST /session/284f745c9598ec68bd9714133dfb15c1/elements - {"using":"xpath","value":"//input[@id=\"application-managesites-display-component---NewSite--addressDetailDetailsPartner-inner\"]"}
RESULT: {"using":"xpath","value":"//input[@id=\"application-managesites-display-component---NewSite--addressDetailDetailsPartner-inner\"]"}
COMMAND: POST /session/284f745c9598ec68bd9714133dfb15c1/execute/async - {"script":"<script> [1562 bytes]","args":[{"selector":{"controlType":"sap.m.Button","viewName":"etm.portal.ui.managesites.view.NewSmartSite","viewId":"application-managesites-display-component---NewSite","properties":{"text":"Commercial"},"interaction":{"idSuffix":"BDI-content"}},"wdio_ui5_key":"etmportal.ui.managesites.view.NewSmartSitesap.m.Button{\"text\":\"Commercial\"}"}]}
RESULT: {"script":"<script> [1562 bytes]","args":[{"selector":{"controlType":"sap.m.Button","viewName":"etm.portal.ui.managesites.view.NewSmartSite","viewId":"application-managesites-display-component---NewSite","properties":{"text":"Commercial"},"interaction":{"idSuffix":"BDI-content"}},"wdio_ui5_key":"etmportal.ui.managesites.view.NewSmartSitesap.m.Button{\"text\":\"Commercial\"}"}]}
RESULT: undefined
COMMAND: POST /session/284f745c9598ec68bd9714133dfb15c1/element - {"using":"xpath","value":"//*[@id=\"application-managesites-display-component---NewSite--ObjectPageLayout-anchBar-__section5-anchor\"]"}
RESULT: {"using":"xpath","value":"//*[@id=\"application-managesites-display-component---NewSite--ObjectPageLayout-anchBar-__section5-anchor\"]"}
COMMAND: POST /session/284f745c9598ec68bd9714133dfb15c1/element/f.D1CCE01D0E1637D613899A63103EEE24.d.D8EC8FE46B1B357F903CF2935E1E996D.e.1663/click - {}
RESULT: {}
COMMAND: POST /session/284f745c9598ec68bd9714133dfb15c1/execute/async - {"script":"<script> [1562 bytes]","args":[{"selector":{"controlType":"sap.m.Button","viewName":"etm.portal.ui.managesites.view.NewSmartSite","viewId":"application-managesites-display-component---NewSite","i18NText":{"propertyName":"text","key":"save"},"interaction":{"idSuffix":"BDI-content"}},"wdio_ui5_key":"etmportal.ui.managesites.view.NewSmartSitesap.m.Button{\"propertyName\":\"text\",\"key\":\"save\"}"}]}
COMMAND: GET /session/284f745c9598ec68bd9714133dfb15c1/screenshot - {}
RESULT: {"script":"<script> [1562 bytes]","args":[{"selector":{"controlType":"sap.m.Button","viewName":"etm.portal.ui.managesites.view.NewSmartSite","viewId":"application-managesites-display-component---NewSite","i18NText":{"propertyName":"text","key":"save"},"interaction":{"idSuffix":"BDI-content"}},"wdio_ui5_key":"etmportal.ui.managesites.view.NewSmartSitesap.m.Button{\"propertyName\":\"text\",\"key\":\"save\"}"}]}
RESULT: undefined
COMMAND: POST /session/284f745c9598ec68bd9714133dfb15c1/element - {"using":"xpath","value":"//*[@id=\"__button16\"]"}
RESULT: {}
RESULT: {"using":"xpath","value":"//*[@id=\"__button16\"]"}
COMMAND: POST /session/284f745c9598ec68bd9714133dfb15c1/element/f.D1CCE01D0E1637D613899A63103EEE24.d.D8EC8FE46B1B357F903CF2935E1E996D.e.1610/click - {}
RESULT: {}
COMMAND: GET /session/284f745c9598ec68bd9714133dfb15c1/screenshot - {}
RESULT: {}
COMMAND: POST /session/284f745c9598ec68bd9714133dfb15c1/execute/async - {"script":"<script> [1562 bytes]","args":[{"selector":{"id":"application-managesites-display-component---detailSite--addressDetailDetailsYardText"},"wdio_ui5_key":"applicationmanagesites-display-component---detailSite--addressDetailDetailsYardText"}]}
RESULT: {"script":"<script> [1562 bytes]","args":[{"selector":{"id":"application-managesites-display-component---detailSite--addressDetailDetailsYardText"},"wdio_ui5_key":"applicationmanagesites-display-component---detailSite--addressDetailDetailsYardText"}]}
RESULT: undefined
COMMAND: POST /session/284f745c9598ec68bd9714133dfb15c1/element - {"using":"xpath","value":"//header/div/div[2]/div[2]/span"}
RESULT: {"using":"xpath","value":"//header/div/div[2]/div[2]/span"}
COMMAND: GET /session/284f745c9598ec68bd9714133dfb15c1/element/f.D1CCE01D0E1637D613899A63103EEE24.d.D8EC8FE46B1B357F903CF2935E1E996D.e.1867/text - {}
RESULT: {}
COMMAND: POST /session/284f745c9598ec68bd9714133dfb15c1/element - {"using":"xpath","value":"//header/div/div/div/div/div/div[2]/div/span"}
RESULT: {"using":"xpath","value":"//header/div/div/div/div/div/div[2]/div/span"}
COMMAND: GET /session/284f745c9598ec68bd9714133dfb15c1/element/f.D1CCE01D0E1637D613899A63103EEE24.d.D8EC8FE46B1B357F903CF2935E1E996D.e.1868/text - {}
RESULT: {}
COMMAND: POST /session/284f745c9598ec68bd9714133dfb15c1/element - {"using":"css selector","value":"#shell-header-logo"}
RESULT: {"using":"css selector","value":"#shell-header-logo"}
COMMAND: POST /session/284f745c9598ec68bd9714133dfb15c1/element/f.D1CCE01D0E1637D613899A63103EEE24.d.D8EC8FE46B1B357F903CF2935E1E996D.e.1189/click - {}
RESULT: {}
COMMAND: GET /session/284f745c9598ec68bd9714133dfb15c1/screenshot - {}
RESULT: {}
COMMAND: POST /session/284f745c9598ec68bd9714133dfb15c1/execute/async - {"script":"<script> [1562 bytes]","args":[{"selector":{"controlType":"sap.m.GenericTile","properties":{"header":"Manage Partners"}},"wdio_ui5_key":"sapm.GenericTile{\"header\":\"Manage Partners\"}"}]}
RESULT: {"script":"<script> [1562 bytes]","args":[{"selector":{"controlType":"sap.m.GenericTile","properties":{"header":"Manage Partners"}},"wdio_ui5_key":"sapm.GenericTile{\"header\":\"Manage Partners\"}"}]}
RESULT: undefined
COMMAND: POST /session/284f745c9598ec68bd9714133dfb15c1/element - {"using":"xpath","value":"//*[@id=\"__tile38\"]"}
RESULT: {"using":"xpath","value":"//*[@id=\"__tile38\"]"}
COMMAND: POST /session/284f745c9598ec68bd9714133dfb15c1/element/f.D1CCE01D0E1637D613899A63103EEE24.d.D8EC8FE46B1B357F903CF2935E1E996D.e.1870/click - {}
RESULT: {}
COMMAND: GET /session/284f745c9598ec68bd9714133dfb15c1/screenshot - {}
RESULT: {}
COMMAND: POST /session/284f745c9598ec68bd9714133dfb15c1/elements - {"using":"xpath","value":"//span[text()='Error']"}
RESULT: {"using":"xpath","value":"//span[text()='Error']"}
COMMAND: POST /session/284f745c9598ec68bd9714133dfb15c1/execute/async - {"script":"<script> [1562 bytes]","args":[{"selector":{"controlType":"sap.ui.core.Icon","viewName":"etm.portal.ui.managepartners.view.Master","viewId":"application-managepartners-display-component---masterPtm","properties":{"src":{"regex":{"source":"add"}}}},"wdio_ui5_key":"etmportal.ui.managepartners.view.Mastersap.ui.core.Icon{\"src\":{\"regex\":{\"source\":\"add\"}}}"}]}
RESULT: {"script":"<script> [1562 bytes]","args":[{"selector":{"controlType":"sap.ui.core.Icon","viewName":"etm.portal.ui.managepartners.view.Master","viewId":"application-managepartners-display-component---masterPtm","properties":{"src":{"regex":{"source":"add"}}}},"wdio_ui5_key":"etmportal.ui.managepartners.view.Mastersap.ui.core.Icon{\"src\":{\"regex\":{\"source\":\"add\"}}}"}]}
RESULT: undefined
COMMAND: POST /session/284f745c9598ec68bd9714133dfb15c1/element - {"using":"xpath","value":"//*[@id=\"__button60-img\"]"}
RESULT: {"using":"xpath","value":"//*[@id=\"__button60-img\"]"}
COMMAND: POST /session/284f745c9598ec68bd9714133dfb15c1/element/f.D1CCE01D0E1637D613899A63103EEE24.d.D8EC8FE46B1B357F903CF2935E1E996D.e.1920/click - {}
RESULT: {}
COMMAND: GET /session/284f745c9598ec68bd9714133dfb15c1/screenshot - {}
RESULT: {}
COMMAND: POST /session/284f745c9598ec68bd9714133dfb15c1/execute/async - {"script":"<script> [1562 bytes]","args":[{"selector":{"id":"application-managepartners-display-component---NewPartner--partnerId","interaction":{"idSuffix":"inner"}},"wdio_ui5_key":"applicationmanagepartners-display-component---NewPartner--partnerId"}]}
RESULT: {"script":"<script> [1562 bytes]","args":[{"selector":{"id":"application-managepartners-display-component---NewPartner--partnerId","interaction":{"idSuffix":"inner"}},"wdio_ui5_key":"applicationmanagepartners-display-component---NewPartner--partnerId"}]}
RESULT: undefined
COMMAND: POST /session/284f745c9598ec68bd9714133dfb15c1/execute/async - {"script":"<script> [1562 bytes]","args":[{"selector":{"id":"application-managepartners-display-component---NewPartner--addressDetailDetailsName1","interaction":{"idSuffix":"inner"}},"wdio_ui5_key":"applicationmanagepartners-display-component---NewPartner--addressDetailDetailsName1"}]}
RESULT: {"script":"<script> [1562 bytes]","args":[{"selector":{"id":"application-managepartners-display-component---NewPartner--addressDetailDetailsName1","interaction":{"idSuffix":"inner"}},"wdio_ui5_key":"applicationmanagepartners-display-component---NewPartner--addressDetailDetailsName1"}]}
RESULT: undefined
COMMAND: POST /session/284f745c9598ec68bd9714133dfb15c1/execute/async - {"script":"<script> [776 bytes]","args":[{"enterText":"WebdriverPartner5rlx6g","selector":{"id":"application-managepartners-display-component---NewPartner--addressDetailDetailsName1","interaction":{"idSuffix":"inner"}},"clearTextFirst":true,"interactionType":"ENTER_TEXT"}]}
RESULT: {"script":"<script> [776 bytes]","args":[{"enterText":"WebdriverPartner5rlx6g","selector":{"id":"application-managepartners-display-component---NewPartner--addressDetailDetailsName1","interaction":{"idSuffix":"inner"}},"clearTextFirst":true,"interactionType":"ENTER_TEXT"}]}
COMMAND: POST /session/284f745c9598ec68bd9714133dfb15c1/execute/async - {"script":"<script> [1562 bytes]","args":[{"selector":{"id":"application-managepartners-display-component---NewPartner--addressDetailDetailsLanguage","interaction":{"idSuffix":"inner"}},"wdio_ui5_key":"applicationmanagepartners-display-component---NewPartner--addressDetailDetailsLanguage"}]}
RESULT: {"script":"<script> [1562 bytes]","args":[{"selector":{"id":"application-managepartners-display-component---NewPartner--addressDetailDetailsLanguage","interaction":{"idSuffix":"inner"}},"wdio_ui5_key":"applicationmanagepartners-display-component---NewPartner--addressDetailDetailsLanguage"}]}
RESULT: undefined
COMMAND: POST /session/284f745c9598ec68bd9714133dfb15c1/execute/async - {"script":"<script> [776 bytes]","args":[{"enterText":"Romanian","selector":{"id":"application-managepartners-display-component---NewPartner--addressDetailDetailsLanguage","interaction":{"idSuffix":"inner"}},"clearTextFirst":true,"interactionType":"ENTER_TEXT"}]}
RESULT: {"script":"<script> [776 bytes]","args":[{"enterText":"Romanian","selector":{"id":"application-managepartners-display-component---NewPartner--addressDetailDetailsLanguage","interaction":{"idSuffix":"inner"}},"clearTextFirst":true,"interactionType":"ENTER_TEXT"}]}
COMMAND: POST /session/284f745c9598ec68bd9714133dfb15c1/element - {"using":"xpath","value":"//input[contains(@id ,\"application-managepartners-display-component---NewPartner--addressDetailDetailsName1-inner\")]"}
RESULT: {"using":"xpath","value":"//input[contains(@id ,\"application-managepartners-display-component---NewPartner--addressDetailDetailsName1-inner\")]"}
COMMAND: GET /session/284f745c9598ec68bd9714133dfb15c1/element/f.D1CCE01D0E1637D613899A63103EEE24.d.D8EC8FE46B1B357F903CF2935E1E996D.e.2093/property/value - {}
RESULT: {}
COMMAND: POST /session/284f745c9598ec68bd9714133dfb15c1/execute/async - {"script":"<script> [1562 bytes]","args":[{"selector":{"id":"application-managepartners-display-component---NewPartner--addressDetailDetailsCity1","interaction":{"idSuffix":"inner"}},"wdio_ui5_key":"applicationmanagepartners-display-component---NewPartner--addressDetailDetailsCity1"}]}
COMMAND: GET /session/284f745c9598ec68bd9714133dfb15c1/screenshot - {}
RESULT: {"script":"<script> [1562 bytes]","args":[{"selector":{"id":"application-managepartners-display-component---NewPartner--addressDetailDetailsCity1","interaction":{"idSuffix":"inner"}},"wdio_ui5_key":"applicationmanagepartners-display-component---NewPartner--addressDetailDetailsCity1"}]}
RESULT: undefined
COMMAND: POST /session/284f745c9598ec68bd9714133dfb15c1/execute/async - {"script":"<script> [776 bytes]","args":[{"enterText":"Bucharest","selector":{"id":"application-managepartners-display-component---NewPartner--addressDetailDetailsCity1","interaction":{"idSuffix":"inner"}},"clearTextFirst":true,"interactionType":"ENTER_TEXT"}]}
RESULT: {}
RESULT: {"script":"<script> [776 bytes]","args":[{"enterText":"Bucharest","selector":{"id":"application-managepartners-display-component---NewPartner--addressDetailDetailsCity1","interaction":{"idSuffix":"inner"}},"clearTextFirst":true,"interactionType":"ENTER_TEXT"}]}
COMMAND: POST /session/284f745c9598ec68bd9714133dfb15c1/execute/async - {"script":"<script> [1562 bytes]","args":[{"selector":{"id":"application-managepartners-display-component---NewPartner--addressDetailDetailsCountry","interaction":{"idSuffix":"inner"}},"wdio_ui5_key":"applicationmanagepartners-display-component---NewPartner--addressDetailDetailsCountry"}]}
RESULT: {"script":"<script> [1562 bytes]","args":[{"selector":{"id":"application-managepartners-display-component---NewPartner--addressDetailDetailsCountry","interaction":{"idSuffix":"inner"}},"wdio_ui5_key":"applicationmanagepartners-display-component---NewPartner--addressDetailDetailsCountry"}]}
RESULT: undefined
COMMAND: POST /session/284f745c9598ec68bd9714133dfb15c1/execute/async - {"script":"<script> [6424 bytes]","args":[{"element-6066-11e4-a52e-4f735466cecf":"f.D1CCE01D0E1637D613899A63103EEE24.d.D8EC8FE46B1B357F903CF2935E1E996D.e.2100"},"setValue",["Romania"]]}
RESULT: {"script":"<script> [6424 bytes]","args":[{"element-6066-11e4-a52e-4f735466cecf":"f.D1CCE01D0E1637D613899A63103EEE24.d.D8EC8FE46B1B357F903CF2935E1E996D.e.2100"},"setValue",["Romania"]]}
COMMAND: POST /session/284f745c9598ec68bd9714133dfb15c1/execute/async - {"script":"<script> [1562 bytes]","args":[{"selector":{"id":"application-managepartners-display-component---NewPartner--partnerDetailInternal","interaction":{"idSuffix":"inner"}},"wdio_ui5_key":"applicationmanagepartners-display-component---NewPartner--partnerDetailInternal"}]}
RESULT: {"script":"<script> [1562 bytes]","args":[{"selector":{"id":"application-managepartners-display-component---NewPartner--partnerDetailInternal","interaction":{"idSuffix":"inner"}},"wdio_ui5_key":"applicationmanagepartners-display-component---NewPartner--partnerDetailInternal"}]}
RESULT: undefined
COMMAND: POST /session/284f745c9598ec68bd9714133dfb15c1/execute/async - {"script":"<script> [776 bytes]","args":[{"enterText":"External partner","selector":{"id":"application-managepartners-display-component---NewPartner--partnerDetailInternal","interaction":{"idSuffix":"inner"}},"clearTextFirst":true,"interactionType":"ENTER_TEXT"}]}
RESULT: {"script":"<script> [776 bytes]","args":[{"enterText":"External partner","selector":{"id":"application-managepartners-display-component---NewPartner--partnerDetailInternal","interaction":{"idSuffix":"inner"}},"clearTextFirst":true,"interactionType":"ENTER_TEXT"}]}
COMMAND: POST /session/284f745c9598ec68bd9714133dfb15c1/execute/async - {"script":"<script> [1562 bytes]","args":[{"selector":{"id":"application-managepartners-display-component---NewPartner--partnerDetailsCurrency","interaction":{"idSuffix":"inner"}},"wdio_ui5_key":"applicationmanagepartners-display-component---NewPartner--partnerDetailsCurrency"}]}
RESULT: {"script":"<script> [1562 bytes]","args":[{"selector":{"id":"application-managepartners-display-component---NewPartner--partnerDetailsCurrency","interaction":{"idSuffix":"inner"}},"wdio_ui5_key":"applicationmanagepartners-display-component---NewPartner--partnerDetailsCurrency"}]}
RESULT: undefined
COMMAND: POST /session/284f745c9598ec68bd9714133dfb15c1/execute/async - {"script":"<script> [776 bytes]","args":[{"enterText":"Euro","selector":{"id":"application-managepartners-display-component---NewPartner--partnerDetailsCurrency","interaction":{"idSuffix":"inner"}},"clearTextFirst":true,"interactionType":"ENTER_TEXT"}]}
RESULT: {"script":"<script> [776 bytes]","args":[{"enterText":"Euro","selector":{"id":"application-managepartners-display-component---NewPartner--partnerDetailsCurrency","interaction":{"idSuffix":"inner"}},"clearTextFirst":true,"interactionType":"ENTER_TEXT"}]}
COMMAND: POST /session/284f745c9598ec68bd9714133dfb15c1/execute/async - {"script":"<script> [1562 bytes]","args":[{"selector":{"controlType":"sap.m.Button","viewName":"etm.portal.ui.managepartners.view.NewPartner","viewId":"application-managepartners-display-component---NewPartner","properties":{"text":"Commercial"},"interaction":{"idSuffix":"BDI-content"}},"wdio_ui5_key":"etmportal.ui.managepartners.view.NewPartnersap.m.Button{\"text\":\"Commercial\"}"}]}
RESULT: {"script":"<script> [1562 bytes]","args":[{"selector":{"controlType":"sap.m.Button","viewName":"etm.portal.ui.managepartners.view.NewPartner","viewId":"application-managepartners-display-component---NewPartner","properties":{"text":"Commercial"},"interaction":{"idSuffix":"BDI-content"}},"wdio_ui5_key":"etmportal.ui.managepartners.view.NewPartnersap.m.Button{\"text\":\"Commercial\"}"}]}
RESULT: undefined
COMMAND: POST /session/284f745c9598ec68bd9714133dfb15c1/element - {"using":"xpath","value":"//*[@id=\"application-managepartners-display-component---NewPartner--ObjectPageLayout-anchBar-__section29-anchor\"]"}
RESULT: {"using":"xpath","value":"//*[@id=\"application-managepartners-display-component---NewPartner--ObjectPageLayout-anchBar-__section29-anchor\"]"}
COMMAND: POST /session/284f745c9598ec68bd9714133dfb15c1/element/f.D1CCE01D0E1637D613899A63103EEE24.d.D8EC8FE46B1B357F903CF2935E1E996D.e.2345/click - {}
RESULT: {}
COMMAND: GET /session/284f745c9598ec68bd9714133dfb15c1/screenshot - {}
RESULT: {}
COMMAND: POST /session/284f745c9598ec68bd9714133dfb15c1/execute/async - {"script":"<script> [1562 bytes]","args":[{"selector":{"id":"application-managepartners-display-component---NewPartner--btnAddTableRow-img"},"wdio_ui5_key":"applicationmanagepartners-display-component---NewPartner--btnAddTableRow-img"}]}
RESULT: {"script":"<script> [1562 bytes]","args":[{"selector":{"id":"application-managepartners-display-component---NewPartner--btnAddTableRow-img"},"wdio_ui5_key":"applicationmanagepartners-display-component---NewPartner--btnAddTableRow-img"}]}
RESULT: undefined
COMMAND: POST /session/284f745c9598ec68bd9714133dfb15c1/element - {"using":"xpath","value":"//*[@id=\"application-managepartners-display-component---NewPartner--btnAddTableRow-img\"]"}
RESULT: {"using":"xpath","value":"//*[@id=\"application-managepartners-display-component---NewPartner--btnAddTableRow-img\"]"}
COMMAND: POST /session/284f745c9598ec68bd9714133dfb15c1/element/f.D1CCE01D0E1637D613899A63103EEE24.d.D8EC8FE46B1B357F903CF2935E1E996D.e.2351/click - {}
RESULT: {}
COMMAND: POST /session/284f745c9598ec68bd9714133dfb15c1/element - {"using":"xpath","value":"//input[contains(@id ,\"application-managepartners-display-component---NewPartner--assignmentYard-application-managepartners-display-component---NewPartner\")]"}
COMMAND: GET /session/284f745c9598ec68bd9714133dfb15c1/screenshot - {}
RESULT: {"using":"xpath","value":"//input[contains(@id ,\"application-managepartners-display-component---NewPartner--assignmentYard-application-managepartners-display-component---NewPartner\")]"}
COMMAND: POST /session/284f745c9598ec68bd9714133dfb15c1/element/f.D1CCE01D0E1637D613899A63103EEE24.d.D8EC8FE46B1B357F903CF2935E1E996D.e.2354/clear - {}
RESULT: {}
RESULT: {}
COMMAND: POST /session/284f745c9598ec68bd9714133dfb15c1/element/f.D1CCE01D0E1637D613899A63103EEE24.d.D8EC8FE46B1B357F903CF2935E1E996D.e.2354/value - {"text":"WebdriverYardlm07e"}
COMMAND: GET /session/284f745c9598ec68bd9714133dfb15c1/screenshot - {}
RESULT: {"text":"WebdriverYardlm07e"}
COMMAND: GET /session/284f745c9598ec68bd9714133dfb15c1/screenshot - {}
RESULT: {}
RESULT: {}
COMMAND: POST /session/284f745c9598ec68bd9714133dfb15c1/execute/async - {"script":"<script> [1562 bytes]","args":[{"selector":{"controlType":"sap.m.Button","viewName":"etm.portal.ui.managepartners.view.NewPartner","viewId":"application-managepartners-display-component---NewPartner","i18NText":{"propertyName":"text","key":"save"},"interaction":{"idSuffix":"BDI-content"}},"wdio_ui5_key":"etmportal.ui.managepartners.view.NewPartnersap.m.Button{\"propertyName\":\"text\",\"key\":\"save\"}"}]}
RESULT: {"script":"<script> [1562 bytes]","args":[{"selector":{"controlType":"sap.m.Button","viewName":"etm.portal.ui.managepartners.view.NewPartner","viewId":"application-managepartners-display-component---NewPartner","i18NText":{"propertyName":"text","key":"save"},"interaction":{"idSuffix":"BDI-content"}},"wdio_ui5_key":"etmportal.ui.managepartners.view.NewPartnersap.m.Button{\"propertyName\":\"text\",\"key\":\"save\"}"}]}
RESULT: undefined
COMMAND: POST /session/284f745c9598ec68bd9714133dfb15c1/element - {"using":"xpath","value":"//*[@id=\"__button68\"]"}
RESULT: {"using":"xpath","value":"//*[@id=\"__button68\"]"}
COMMAND: POST /session/284f745c9598ec68bd9714133dfb15c1/element/f.D1CCE01D0E1637D613899A63103EEE24.d.D8EC8FE46B1B357F903CF2935E1E996D.e.2323/click - {}
RESULT: {}
COMMAND: GET /session/284f745c9598ec68bd9714133dfb15c1/screenshot - {}
RESULT: {}
COMMAND: POST /session/284f745c9598ec68bd9714133dfb15c1/element - {"using":"xpath","value":"//header/div/div[2]/div[2]/span"}
RESULT: {"using":"xpath","value":"//header/div/div[2]/div[2]/span"}
COMMAND: GET /session/284f745c9598ec68bd9714133dfb15c1/element/f.D1CCE01D0E1637D613899A63103EEE24.d.D8EC8FE46B1B357F903CF2935E1E996D.e.2524/text - {}
RESULT: {}
COMMAND: POST /session/284f745c9598ec68bd9714133dfb15c1/element - {"using":"xpath","value":"//header/div/div/div/div/div/div[2]/div/span"}
RESULT: {"using":"xpath","value":"//header/div/div/div/div/div/div[2]/div/span"}
COMMAND: GET /session/284f745c9598ec68bd9714133dfb15c1/element/f.D1CCE01D0E1637D613899A63103EEE24.d.D8EC8FE46B1B357F903CF2935E1E996D.e.2525/text - {}
RESULT: {}
COMMAND: POST /session/284f745c9598ec68bd9714133dfb15c1/execute/async - {"script":"<script> [1562 bytes]","args":[{"selector":{"id":"application-managepartners-display-component---detailPtm--partnerType"},"wdio_ui5_key":"applicationmanagepartners-display-component---detailPtm--partnerType"}]}
RESULT: {"script":"<script> [1562 bytes]","args":[{"selector":{"id":"application-managepartners-display-component---detailPtm--partnerType"},"wdio_ui5_key":"applicationmanagepartners-display-component---detailPtm--partnerType"}]}
RESULT: undefined
COMMAND: POST /session/284f745c9598ec68bd9714133dfb15c1/execute/async - {"script":"<script> [6424 bytes]","args":[{"element-6066-11e4-a52e-4f735466cecf":"f.D1CCE01D0E1637D613899A63103EEE24.d.D8EC8FE46B1B357F903CF2935E1E996D.e.2526"},"getText",[]]}
RESULT: {"script":"<script> [6424 bytes]","args":[{"element-6066-11e4-a52e-4f735466cecf":"f.D1CCE01D0E1637D613899A63103EEE24.d.D8EC8FE46B1B357F903CF2935E1E996D.e.2526"},"getText",[]]}
COMMAND: POST /session/284f745c9598ec68bd9714133dfb15c1/element - {"using":"css selector","value":"#shell-header-logo"}
RESULT: {"using":"css selector","value":"#shell-header-logo"}
COMMAND: POST /session/284f745c9598ec68bd9714133dfb15c1/element/f.D1CCE01D0E1637D613899A63103EEE24.d.D8EC8FE46B1B357F903CF2935E1E996D.e.1874/click - {}
RESULT: {}
COMMAND: GET /session/284f745c9598ec68bd9714133dfb15c1/screenshot - {}
RESULT: {}
]]></system-out>
    </testcase>
    <testcase classname="chrome.136_0_7103_93.windows.Webshop_-_Hyperlinks_visible_and_working_properly__US139085" name="Should create a new contract" time="103.347">
      <system-out><![CDATA[
COMMAND: POST /session/284f745c9598ec68bd9714133dfb15c1/execute/async - {"script":"<script> [1562 bytes]","args":[{"selector":{"controlType":"sap.m.GenericTile","properties":{"header":"Manage Contracts"}},"wdio_ui5_key":"sapm.GenericTile{\"header\":\"Manage Contracts\"}"}]}
RESULT: {"script":"<script> [1562 bytes]","args":[{"selector":{"controlType":"sap.m.GenericTile","properties":{"header":"Manage Contracts"}},"wdio_ui5_key":"sapm.GenericTile{\"header\":\"Manage Contracts\"}"}]}
RESULT: undefined
COMMAND: POST /session/284f745c9598ec68bd9714133dfb15c1/element - {"using":"xpath","value":"//*[@id=\"__tile130\"]"}
RESULT: {"using":"xpath","value":"//*[@id=\"__tile130\"]"}
COMMAND: POST /session/284f745c9598ec68bd9714133dfb15c1/element/f.D1CCE01D0E1637D613899A63103EEE24.d.D8EC8FE46B1B357F903CF2935E1E996D.e.2528/click - {}
RESULT: {}
COMMAND: GET /session/284f745c9598ec68bd9714133dfb15c1/screenshot - {}
RESULT: {}
COMMAND: POST /session/284f745c9598ec68bd9714133dfb15c1/elements - {"using":"xpath","value":"//span[text()='Error']"}
RESULT: {"using":"xpath","value":"//span[text()='Error']"}
COMMAND: POST /session/284f745c9598ec68bd9714133dfb15c1/element - {"using":"xpath","value":"//button[@data-kt=\"addButton\"]"}
RESULT: {"using":"xpath","value":"//button[@data-kt=\"addButton\"]"}
COMMAND: POST /session/284f745c9598ec68bd9714133dfb15c1/element/f.D1CCE01D0E1637D613899A63103EEE24.d.D8EC8FE46B1B357F903CF2935E1E996D.e.2561/click - {}
RESULT: {}
COMMAND: GET /session/284f745c9598ec68bd9714133dfb15c1/screenshot - {}
COMMAND: POST /session/284f745c9598ec68bd9714133dfb15c1/execute/async - {"script":"<script> [1562 bytes]","args":[{"selector":{"id":"application-managecontracts-display-component---AddNewContract--projectDescription","interaction":{"idSuffix":"inner"}},"wdio_ui5_key":"applicationmanagecontracts-display-component---AddNewContract--projectDescription"}]}
RESULT: {}
RESULT: {"script":"<script> [1562 bytes]","args":[{"selector":{"id":"application-managecontracts-display-component---AddNewContract--projectDescription","interaction":{"idSuffix":"inner"}},"wdio_ui5_key":"applicationmanagecontracts-display-component---AddNewContract--projectDescription"}]}
RESULT: undefined
COMMAND: POST /session/284f745c9598ec68bd9714133dfb15c1/execute/async - {"script":"<script> [776 bytes]","args":[{"enterText":"WdIOTestdf8uri","selector":{"id":"application-managecontracts-display-component---AddNewContract--projectDescription","interaction":{"idSuffix":"inner"}},"clearTextFirst":true,"interactionType":"ENTER_TEXT"}]}
RESULT: {"script":"<script> [776 bytes]","args":[{"enterText":"WdIOTestdf8uri","selector":{"id":"application-managecontracts-display-component---AddNewContract--projectDescription","interaction":{"idSuffix":"inner"}},"clearTextFirst":true,"interactionType":"ENTER_TEXT"}]}
COMMAND: POST /session/284f745c9598ec68bd9714133dfb15c1/element - {"using":"xpath","value":"//input[@id=\"application-managecontracts-display-component---AddNewContract--yardId-inner\"]"}
RESULT: {"using":"xpath","value":"//input[@id=\"application-managecontracts-display-component---AddNewContract--yardId-inner\"]"}
COMMAND: POST /session/284f745c9598ec68bd9714133dfb15c1/element/f.D1CCE01D0E1637D613899A63103EEE24.d.D8EC8FE46B1B357F903CF2935E1E996D.e.2843/clear - {}
RESULT: {}
COMMAND: POST /session/284f745c9598ec68bd9714133dfb15c1/element/f.D1CCE01D0E1637D613899A63103EEE24.d.D8EC8FE46B1B357F903CF2935E1E996D.e.2843/value - {"text":"WebdriverYardlm07e"}
COMMAND: GET /session/284f745c9598ec68bd9714133dfb15c1/screenshot - {}
RESULT: {}
RESULT: {"text":"WebdriverYardlm07e"}
COMMAND: GET /session/284f745c9598ec68bd9714133dfb15c1/screenshot - {}
RESULT: {}
COMMAND: POST /session/284f745c9598ec68bd9714133dfb15c1/actions - {"actions":[{"id":"action5","type":"key","parameters":{},"actions":[{"type":"keyDown","value":""},{"type":"pause","duration":10},{"type":"keyUp","value":""}]}]}
RESULT: {"actions":[{"id":"action5","type":"key","parameters":{},"actions":[{"type":"keyDown","value":""},{"type":"pause","duration":10},{"type":"keyUp","value":""}]}]}
COMMAND: GET /session/284f745c9598ec68bd9714133dfb15c1/screenshot - {}
RESULT: {}
COMMAND: POST /session/284f745c9598ec68bd9714133dfb15c1/element - {"using":"xpath","value":"//input[@id=\"application-managecontracts-display-component---AddNewContract--customerSelect-inner\"]"}
RESULT: {"using":"xpath","value":"//input[@id=\"application-managecontracts-display-component---AddNewContract--customerSelect-inner\"]"}
COMMAND: POST /session/284f745c9598ec68bd9714133dfb15c1/element/f.D1CCE01D0E1637D613899A63103EEE24.d.D8EC8FE46B1B357F903CF2935E1E996D.e.2841/clear - {}
RESULT: {}
COMMAND: POST /session/284f745c9598ec68bd9714133dfb15c1/element/f.D1CCE01D0E1637D613899A63103EEE24.d.D8EC8FE46B1B357F903CF2935E1E996D.e.2841/value - {"text":"WebdriverPartner5rlx6g"}
COMMAND: GET /session/284f745c9598ec68bd9714133dfb15c1/screenshot - {}
RESULT: {"text":"WebdriverPartner5rlx6g"}
COMMAND: GET /session/284f745c9598ec68bd9714133dfb15c1/screenshot - {}
RESULT: {}
RESULT: {}
COMMAND: POST /session/284f745c9598ec68bd9714133dfb15c1/actions - {"actions":[{"id":"action6","type":"key","parameters":{},"actions":[{"type":"keyDown","value":""},{"type":"pause","duration":10},{"type":"keyUp","value":""}]}]}
RESULT: {"actions":[{"id":"action6","type":"key","parameters":{},"actions":[{"type":"keyDown","value":""},{"type":"pause","duration":10},{"type":"keyUp","value":""}]}]}
COMMAND: GET /session/284f745c9598ec68bd9714133dfb15c1/screenshot - {}
RESULT: {}
COMMAND: POST /session/284f745c9598ec68bd9714133dfb15c1/element - {"using":"xpath","value":"//input[@id=\"application-managecontracts-display-component---AddNewContract--site-inner\"]"}
RESULT: {"using":"xpath","value":"//input[@id=\"application-managecontracts-display-component---AddNewContract--site-inner\"]"}
COMMAND: POST /session/284f745c9598ec68bd9714133dfb15c1/element/f.D1CCE01D0E1637D613899A63103EEE24.d.D8EC8FE46B1B357F903CF2935E1E996D.e.2842/clear - {}
RESULT: {}
COMMAND: POST /session/284f745c9598ec68bd9714133dfb15c1/element/f.D1CCE01D0E1637D613899A63103EEE24.d.D8EC8FE46B1B357F903CF2935E1E996D.e.2842/value - {"text":"WebdriverSite2skcn"}
COMMAND: GET /session/284f745c9598ec68bd9714133dfb15c1/screenshot - {}
RESULT: {"text":"WebdriverSite2skcn"}
COMMAND: GET /session/284f745c9598ec68bd9714133dfb15c1/screenshot - {}
RESULT: {}
RESULT: {}
COMMAND: POST /session/284f745c9598ec68bd9714133dfb15c1/actions - {"actions":[{"id":"action7","type":"key","parameters":{},"actions":[{"type":"keyDown","value":""},{"type":"pause","duration":10},{"type":"keyUp","value":""}]}]}
RESULT: {"actions":[{"id":"action7","type":"key","parameters":{},"actions":[{"type":"keyDown","value":""},{"type":"pause","duration":10},{"type":"keyUp","value":""}]}]}
COMMAND: GET /session/284f745c9598ec68bd9714133dfb15c1/screenshot - {}
COMMAND: POST /session/284f745c9598ec68bd9714133dfb15c1/element - {"using":"xpath","value":"//button[@data-kt=\"saveButton\"]"}
RESULT: {}
RESULT: {"using":"xpath","value":"//button[@data-kt=\"saveButton\"]"}
COMMAND: POST /session/284f745c9598ec68bd9714133dfb15c1/element/f.D1CCE01D0E1637D613899A63103EEE24.d.D8EC8FE46B1B357F903CF2935E1E996D.e.2917/click - {}
RESULT: {}
COMMAND: GET /session/284f745c9598ec68bd9714133dfb15c1/screenshot - {}
RESULT: {}
COMMAND: POST /session/284f745c9598ec68bd9714133dfb15c1/execute/async - {"script":"<script> [1562 bytes]","args":[{"selector":{"id":"contractDetailTitleNoExpanded","viewName":"etm.portal.ui.managecontracts.view.Detail"},"wdio_ui5_key":"contractDetailTitleNoExpandedetmportal.ui.managecontracts.view.Detail"}]}
RESULT: {"script":"<script> [1562 bytes]","args":[{"selector":{"id":"contractDetailTitleNoExpanded","viewName":"etm.portal.ui.managecontracts.view.Detail"},"wdio_ui5_key":"contractDetailTitleNoExpandedetmportal.ui.managecontracts.view.Detail"}]}
RESULT: undefined
COMMAND: POST /session/284f745c9598ec68bd9714133dfb15c1/execute/async - {"script":"<script> [6424 bytes]","args":[{"element-6066-11e4-a52e-4f735466cecf":"f.D1CCE01D0E1637D613899A63103EEE24.d.D8EC8FE46B1B357F903CF2935E1E996D.e.2933"},"getText",[]]}
RESULT: {"script":"<script> [6424 bytes]","args":[{"element-6066-11e4-a52e-4f735466cecf":"f.D1CCE01D0E1637D613899A63103EEE24.d.D8EC8FE46B1B357F903CF2935E1E996D.e.2933"},"getText",[]]}
COMMAND: POST /session/284f745c9598ec68bd9714133dfb15c1/element - {"using":"css selector","value":"#shell-header-logo"}
RESULT: {"using":"css selector","value":"#shell-header-logo"}
COMMAND: POST /session/284f745c9598ec68bd9714133dfb15c1/element/f.D1CCE01D0E1637D613899A63103EEE24.d.D8EC8FE46B1B357F903CF2935E1E996D.e.2531/click - {}
RESULT: {}
COMMAND: GET /session/284f745c9598ec68bd9714133dfb15c1/screenshot - {}
RESULT: {}
]]></system-out>
    </testcase>
    <testcase classname="chrome.136_0_7103_93.windows.Webshop_-_Hyperlinks_visible_and_working_properly__US139085" name="Should create a new webshop request and verify yard hyperlinks" time="251.138">
      <system-out><![CDATA[
COMMAND: POST /session/284f745c9598ec68bd9714133dfb15c1/execute/async - {"script":"<script> [1562 bytes]","args":[{"selector":{"controlType":"sap.m.GenericTile","properties":{"header":"Webshop"}},"wdio_ui5_key":"sapm.GenericTile{\"header\":\"Webshop\"}"}]}
RESULT: {"script":"<script> [1562 bytes]","args":[{"selector":{"controlType":"sap.m.GenericTile","properties":{"header":"Webshop"}},"wdio_ui5_key":"sapm.GenericTile{\"header\":\"Webshop\"}"}]}
RESULT: undefined
COMMAND: POST /session/284f745c9598ec68bd9714133dfb15c1/element - {"using":"xpath","value":"//*[@id=\"__tile49\"]"}
RESULT: {"using":"xpath","value":"//*[@id=\"__tile49\"]"}
COMMAND: POST /session/284f745c9598ec68bd9714133dfb15c1/element/f.D1CCE01D0E1637D613899A63103EEE24.d.D8EC8FE46B1B357F903CF2935E1E996D.e.2938/click - {}
RESULT: {}
COMMAND: GET /session/284f745c9598ec68bd9714133dfb15c1/screenshot - {}
RESULT: {}
COMMAND: POST /session/284f745c9598ec68bd9714133dfb15c1/elements - {"using":"xpath","value":"//span[text()='Error']"}
RESULT: {"using":"xpath","value":"//span[text()='Error']"}
COMMAND: POST /session/284f745c9598ec68bd9714133dfb15c1/element - {"using":"css selector","value":"#requestCreationDialog--createRequestPopUp-title-inner"}
RESULT: {"using":"css selector","value":"#requestCreationDialog--createRequestPopUp-title-inner"}
COMMAND: POST /session/284f745c9598ec68bd9714133dfb15c1/execute/sync - {"script":"<script> [8489 bytes]","args":[{"element-6066-11e4-a52e-4f735466cecf":"f.D1CCE01D0E1637D613899A63103EEE24.d.D8EC8FE46B1B357F903CF2935E1E996D.e.2965","ELEMENT":"f.D1CCE01D0E1637D613899A63103EEE24.d.D8EC8FE46B1B357F903CF2935E1E996D.e.2965"}]}
RESULT: {"script":"<script> [8489 bytes]","args":[{"element-6066-11e4-a52e-4f735466cecf":"f.D1CCE01D0E1637D613899A63103EEE24.d.D8EC8FE46B1B357F903CF2935E1E996D.e.2965","ELEMENT":"f.D1CCE01D0E1637D613899A63103EEE24.d.D8EC8FE46B1B357F903CF2935E1E996D.e.2965"}]}
COMMAND: GET /session/284f745c9598ec68bd9714133dfb15c1/element/f.D1CCE01D0E1637D613899A63103EEE24.d.D8EC8FE46B1B357F903CF2935E1E996D.e.2965/enabled - {}
COMMAND: GET /session/284f745c9598ec68bd9714133dfb15c1/screenshot - {}
RESULT: {}
COMMAND: POST /session/284f745c9598ec68bd9714133dfb15c1/execute/async - {"script":"<script> [1562 bytes]","args":[{"selector":{"id":"requestCreationDialog--requestName","searchOpenDialogs":true,"interaction":{"idSuffix":"inner"}},"wdio_ui5_key":"requestCreationDialogrequestName"}]}
COMMAND: GET /session/284f745c9598ec68bd9714133dfb15c1/screenshot - {}
RESULT: {}
RESULT: {"script":"<script> [1562 bytes]","args":[{"selector":{"id":"requestCreationDialog--requestName","searchOpenDialogs":true,"interaction":{"idSuffix":"inner"}},"wdio_ui5_key":"requestCreationDialogrequestName"}]}
RESULT: undefined
COMMAND: POST /session/284f745c9598ec68bd9714133dfb15c1/execute/async - {"script":"<script> [776 bytes]","args":[{"enterText":"WebdriverTest","selector":{"id":"requestCreationDialog--requestName","searchOpenDialogs":true,"interaction":{"idSuffix":"inner"}},"clearTextFirst":true,"interactionType":"ENTER_TEXT"}]}
RESULT: {}
RESULT: {"script":"<script> [776 bytes]","args":[{"enterText":"WebdriverTest","selector":{"id":"requestCreationDialog--requestName","searchOpenDialogs":true,"interaction":{"idSuffix":"inner"}},"clearTextFirst":true,"interactionType":"ENTER_TEXT"}]}
COMMAND: POST /session/284f745c9598ec68bd9714133dfb15c1/element - {"using":"xpath","value":"//input[contains(@id ,\"requestCreationDialog--contract-inner\")]"}
RESULT: {"using":"xpath","value":"//input[contains(@id ,\"requestCreationDialog--contract-inner\")]"}
COMMAND: POST /session/284f745c9598ec68bd9714133dfb15c1/element/f.D1CCE01D0E1637D613899A63103EEE24.d.D8EC8FE46B1B357F903CF2935E1E996D.e.2951/clear - {}
RESULT: {}
COMMAND: POST /session/284f745c9598ec68bd9714133dfb15c1/element/f.D1CCE01D0E1637D613899A63103EEE24.d.D8EC8FE46B1B357F903CF2935E1E996D.e.2951/value - {"text":"10339"}
COMMAND: GET /session/284f745c9598ec68bd9714133dfb15c1/screenshot - {}
RESULT: {"text":"10339"}
COMMAND: GET /session/284f745c9598ec68bd9714133dfb15c1/screenshot - {}
RESULT: {}
RESULT: {}
COMMAND: POST /session/284f745c9598ec68bd9714133dfb15c1/actions - {"actions":[{"id":"action8","type":"key","parameters":{},"actions":[{"type":"keyDown","value":""},{"type":"pause","duration":10},{"type":"keyUp","value":""}]}]}
RESULT: {"actions":[{"id":"action8","type":"key","parameters":{},"actions":[{"type":"keyDown","value":""},{"type":"pause","duration":10},{"type":"keyUp","value":""}]}]}
COMMAND: GET /session/284f745c9598ec68bd9714133dfb15c1/screenshot - {}
RESULT: {}
COMMAND: POST /session/284f745c9598ec68bd9714133dfb15c1/element - {"using":"xpath","value":"//input[contains(@id ,\"requestCreationDialog--contract-inner\")]"}
RESULT: {"using":"xpath","value":"//input[contains(@id ,\"requestCreationDialog--contract-inner\")]"}
COMMAND: GET /session/284f745c9598ec68bd9714133dfb15c1/element/f.D1CCE01D0E1637D613899A63103EEE24.d.D8EC8FE46B1B357F903CF2935E1E996D.e.2951/property/value - {}
RESULT: {}
COMMAND: POST /session/284f745c9598ec68bd9714133dfb15c1/element - {"using":"xpath","value":"//input[contains(@id ,\"requestCreationDialog--contract-inner\")]"}
COMMAND: GET /session/284f745c9598ec68bd9714133dfb15c1/screenshot - {}
RESULT: {"using":"xpath","value":"//input[contains(@id ,\"requestCreationDialog--contract-inner\")]"}
COMMAND: POST /session/284f745c9598ec68bd9714133dfb15c1/execute/async - {"script":"<script> [1562 bytes]","args":[{"selector":{"id":"requestCreationDialog--okButton","searchOpenDialogs":true,"interaction":{"idSuffix":"BDI-content"}},"wdio_ui5_key":"requestCreationDialogokButton"}]}
RESULT: {}
RESULT: {"script":"<script> [1562 bytes]","args":[{"selector":{"id":"requestCreationDialog--okButton","searchOpenDialogs":true,"interaction":{"idSuffix":"BDI-content"}},"wdio_ui5_key":"requestCreationDialogokButton"}]}
RESULT: undefined
COMMAND: POST /session/284f745c9598ec68bd9714133dfb15c1/element - {"using":"xpath","value":"//*[@id=\"requestCreationDialog--okButton\"]"}
RESULT: {"using":"xpath","value":"//*[@id=\"requestCreationDialog--okButton\"]"}
COMMAND: POST /session/284f745c9598ec68bd9714133dfb15c1/element/f.D1CCE01D0E1637D613899A63103EEE24.d.D8EC8FE46B1B357F903CF2935E1E996D.e.2973/click - {}
RESULT: {}
COMMAND: GET /session/284f745c9598ec68bd9714133dfb15c1/screenshot - {}
RESULT: {}
COMMAND: POST /session/284f745c9598ec68bd9714133dfb15c1/element - {"using":"xpath","value":"//input[contains(@id ,\"searchFiledId-I\")]"}
RESULT: {"using":"xpath","value":"//input[contains(@id ,\"searchFiledId-I\")]"}
COMMAND: POST /session/284f745c9598ec68bd9714133dfb15c1/element/f.D1CCE01D0E1637D613899A63103EEE24.d.D8EC8FE46B1B357F903CF2935E1E996D.e.2943/value - {"text":"Dri-Prime CD150M Diesel Pump"}
RESULT: {"text":"Dri-Prime CD150M Diesel Pump"}
COMMAND: POST /session/284f745c9598ec68bd9714133dfb15c1/actions - {"actions":[{"id":"action9","type":"key","parameters":{},"actions":[{"type":"keyDown","value":""},{"type":"pause","duration":10},{"type":"keyUp","value":""}]}]}
COMMAND: GET /session/284f745c9598ec68bd9714133dfb15c1/screenshot - {}
RESULT: {"actions":[{"id":"action9","type":"key","parameters":{},"actions":[{"type":"keyDown","value":""},{"type":"pause","duration":10},{"type":"keyUp","value":""}]}]}
COMMAND: GET /session/284f745c9598ec68bd9714133dfb15c1/screenshot - {}
RESULT: {}
RESULT: {}
COMMAND: POST /session/284f745c9598ec68bd9714133dfb15c1/element - {"using":"xpath","value":"//span[contains(@id ,\"subTitle\")][contains(text(), \"Dri-Prime CD150M Diesel Pump\")]"}
RESULT: {"using":"xpath","value":"//span[contains(@id ,\"subTitle\")][contains(text(), \"Dri-Prime CD150M Diesel Pump\")]"}
COMMAND: POST /session/284f745c9598ec68bd9714133dfb15c1/element/f.D1CCE01D0E1637D613899A63103EEE24.d.D8EC8FE46B1B357F903CF2935E1E996D.e.2980/click - {}
RESULT: {}
COMMAND: GET /session/284f745c9598ec68bd9714133dfb15c1/screenshot - {}
RESULT: {}
COMMAND: POST /session/284f745c9598ec68bd9714133dfb15c1/execute/async - {"script":"<script> [1562 bytes]","args":[{"selector":{"controlType":"sap.m.Button","viewName":"etm.portal.ui.webshop.view.Homepage","i18NText":{"propertyName":"text","key":"addToRequest"},"interaction":{"idSuffix":"BDI-content"}},"wdio_ui5_key":"etmportal.ui.webshop.view.Homepagesap.m.Button{\"propertyName\":\"text\",\"key\":\"addToRequest\"}"}]}
RESULT: {"script":"<script> [1562 bytes]","args":[{"selector":{"controlType":"sap.m.Button","viewName":"etm.portal.ui.webshop.view.Homepage","i18NText":{"propertyName":"text","key":"addToRequest"},"interaction":{"idSuffix":"BDI-content"}},"wdio_ui5_key":"etmportal.ui.webshop.view.Homepagesap.m.Button{\"propertyName\":\"text\",\"key\":\"addToRequest\"}"}]}
RESULT: undefined
COMMAND: POST /session/284f745c9598ec68bd9714133dfb15c1/element - {"using":"xpath","value":"//*[@id=\"__button134\"]"}
RESULT: {"using":"xpath","value":"//*[@id=\"__button134\"]"}
COMMAND: POST /session/284f745c9598ec68bd9714133dfb15c1/element/f.D1CCE01D0E1637D613899A63103EEE24.d.D8EC8FE46B1B357F903CF2935E1E996D.e.2993/click - {}
RESULT: {}
COMMAND: GET /session/284f745c9598ec68bd9714133dfb15c1/screenshot - {}
RESULT: {}
COMMAND: POST /session/284f745c9598ec68bd9714133dfb15c1/element - {"using":"xpath","value":"//*[contains(@id ,\"activeCartId-BDI-content\")]"}
RESULT: {"using":"xpath","value":"//*[contains(@id ,\"activeCartId-BDI-content\")]"}
COMMAND: POST /session/284f745c9598ec68bd9714133dfb15c1/element/f.D1CCE01D0E1637D613899A63103EEE24.d.D8EC8FE46B1B357F903CF2935E1E996D.e.3001/click - {}
RESULT: {}
COMMAND: GET /session/284f745c9598ec68bd9714133dfb15c1/screenshot - {}
RESULT: {}
COMMAND: POST /session/284f745c9598ec68bd9714133dfb15c1/element - {"using":"xpath","value":"//bdi[contains(text(), \"Check out my request\")]"}
RESULT: {"using":"xpath","value":"//bdi[contains(text(), \"Check out my request\")]"}
COMMAND: POST /session/284f745c9598ec68bd9714133dfb15c1/element/f.D1CCE01D0E1637D613899A63103EEE24.d.D8EC8FE46B1B357F903CF2935E1E996D.e.3003/click - {}
RESULT: {}
COMMAND: GET /session/284f745c9598ec68bd9714133dfb15c1/screenshot - {}
RESULT: {}
COMMAND: POST /session/284f745c9598ec68bd9714133dfb15c1/element - {"using":"xpath","value":"//*[contains(@data-kt ,\"webshopDetailYardLink\")]"}
RESULT: {"using":"xpath","value":"//*[contains(@data-kt ,\"webshopDetailYardLink\")]"}
COMMAND: POST /session/284f745c9598ec68bd9714133dfb15c1/element/f.D1CCE01D0E1637D613899A63103EEE24.d.D8EC8FE46B1B357F903CF2935E1E996D.e.3041/click - {}
RESULT: {}
COMMAND: POST /session/284f745c9598ec68bd9714133dfb15c1/element - {"using":"xpath","value":"//*[contains(@data-kt ,\"ContextMenuId2Link\")][contains(text(), \"Yard Overview\")]"}
COMMAND: GET /session/284f745c9598ec68bd9714133dfb15c1/screenshot - {}
RESULT: {"using":"xpath","value":"//*[contains(@data-kt ,\"ContextMenuId2Link\")][contains(text(), \"Yard Overview\")]"}
COMMAND: POST /session/284f745c9598ec68bd9714133dfb15c1/execute/sync - {"script":"<script> [8489 bytes]","args":[{"element-6066-11e4-a52e-4f735466cecf":"f.D1CCE01D0E1637D613899A63103EEE24.d.D8EC8FE46B1B357F903CF2935E1E996D.e.3044","ELEMENT":"f.D1CCE01D0E1637D613899A63103EEE24.d.D8EC8FE46B1B357F903CF2935E1E996D.e.3044"}]}
COMMAND: POST /session/284f745c9598ec68bd9714133dfb15c1/element - {"using":"xpath","value":"//*[contains(@data-kt ,\"ContextMenuId3Link\")][contains(text(), \"Yard Main Address\")]"}
RESULT: {}
RESULT: {"script":"<script> [8489 bytes]","args":[{"element-6066-11e4-a52e-4f735466cecf":"f.D1CCE01D0E1637D613899A63103EEE24.d.D8EC8FE46B1B357F903CF2935E1E996D.e.3044","ELEMENT":"f.D1CCE01D0E1637D613899A63103EEE24.d.D8EC8FE46B1B357F903CF2935E1E996D.e.3044"}]}
COMMAND: GET /session/284f745c9598ec68bd9714133dfb15c1/screenshot - {}
RESULT: {"using":"xpath","value":"//*[contains(@data-kt ,\"ContextMenuId3Link\")][contains(text(), \"Yard Main Address\")]"}
COMMAND: POST /session/284f745c9598ec68bd9714133dfb15c1/execute/sync - {"script":"<script> [8489 bytes]","args":[{"element-6066-11e4-a52e-4f735466cecf":"f.D1CCE01D0E1637D613899A63103EEE24.d.D8EC8FE46B1B357F903CF2935E1E996D.e.3045","ELEMENT":"f.D1CCE01D0E1637D613899A63103EEE24.d.D8EC8FE46B1B357F903CF2935E1E996D.e.3045"}]}
COMMAND: POST /session/284f745c9598ec68bd9714133dfb15c1/element - {"using":"xpath","value":"//*[contains(@data-kt ,\"ContextMenuId2Link\")][contains(text(), \"Yard Overview\")]"}
RESULT: {}
RESULT: {"using":"xpath","value":"//*[contains(@data-kt ,\"ContextMenuId2Link\")][contains(text(), \"Yard Overview\")]"}
COMMAND: POST /session/284f745c9598ec68bd9714133dfb15c1/element/f.D1CCE01D0E1637D613899A63103EEE24.d.D8EC8FE46B1B357F903CF2935E1E996D.e.3044/click - {}
RESULT: {"script":"<script> [8489 bytes]","args":[{"element-6066-11e4-a52e-4f735466cecf":"f.D1CCE01D0E1637D613899A63103EEE24.d.D8EC8FE46B1B357F903CF2935E1E996D.e.3045","ELEMENT":"f.D1CCE01D0E1637D613899A63103EEE24.d.D8EC8FE46B1B357F903CF2935E1E996D.e.3045"}]}
COMMAND: GET /session/284f745c9598ec68bd9714133dfb15c1/screenshot - {}
RESULT: {}
COMMAND: GET /session/284f745c9598ec68bd9714133dfb15c1/screenshot - {}
RESULT: {}
RESULT: {}
COMMAND: POST /session/284f745c9598ec68bd9714133dfb15c1/execute/async - {"script":"<script> [1562 bytes]","args":[{"selector":{"id":"shellAppTitle"},"wdio_ui5_key":"shellAppTitle"}]}
RESULT: {"script":"<script> [1562 bytes]","args":[{"selector":{"id":"shellAppTitle"},"wdio_ui5_key":"shellAppTitle"}]}
RESULT: undefined
COMMAND: POST /session/284f745c9598ec68bd9714133dfb15c1/execute/async - {"script":"<script> [6424 bytes]","args":[{"element-6066-11e4-a52e-4f735466cecf":"f.D1CCE01D0E1637D613899A63103EEE24.d.D8EC8FE46B1B357F903CF2935E1E996D.e.3173"},"getTitle",[]]}
RESULT: {"script":"<script> [6424 bytes]","args":[{"element-6066-11e4-a52e-4f735466cecf":"f.D1CCE01D0E1637D613899A63103EEE24.d.D8EC8FE46B1B357F903CF2935E1E996D.e.3173"},"getTitle",[]]}
COMMAND: POST /session/284f745c9598ec68bd9714133dfb15c1/element - {"using":"xpath","value":"//span[contains(@id ,\"title\")][contains(text(), \"WebdriverYardlm07e\")]"}
RESULT: {"using":"xpath","value":"//span[contains(@id ,\"title\")][contains(text(), \"WebdriverYardlm07e\")]"}
COMMAND: POST /session/284f745c9598ec68bd9714133dfb15c1/execute/sync - {"script":"<script> [8489 bytes]","args":[{"element-6066-11e4-a52e-4f735466cecf":"f.D1CCE01D0E1637D613899A63103EEE24.d.D8EC8FE46B1B357F903CF2935E1E996D.e.3174","ELEMENT":"f.D1CCE01D0E1637D613899A63103EEE24.d.D8EC8FE46B1B357F903CF2935E1E996D.e.3174"}]}
COMMAND: POST /session/284f745c9598ec68bd9714133dfb15c1/execute/async - {"script":"<script> [1562 bytes]","args":[{"selector":{"id":"backBtn"},"wdio_ui5_key":"backBtn"}]}
RESULT: {"script":"<script> [1562 bytes]","args":[{"selector":{"id":"backBtn"},"wdio_ui5_key":"backBtn"}]}
RESULT: undefined
COMMAND: POST /session/284f745c9598ec68bd9714133dfb15c1/element - {"using":"xpath","value":"//*[@id=\"backBtn\"]"}
RESULT: {"script":"<script> [8489 bytes]","args":[{"element-6066-11e4-a52e-4f735466cecf":"f.D1CCE01D0E1637D613899A63103EEE24.d.D8EC8FE46B1B357F903CF2935E1E996D.e.3174","ELEMENT":"f.D1CCE01D0E1637D613899A63103EEE24.d.D8EC8FE46B1B357F903CF2935E1E996D.e.3174"}]}
COMMAND: GET /session/284f745c9598ec68bd9714133dfb15c1/screenshot - {}
RESULT: {"using":"xpath","value":"//*[@id=\"backBtn\"]"}
COMMAND: POST /session/284f745c9598ec68bd9714133dfb15c1/element/f.D1CCE01D0E1637D613899A63103EEE24.d.D8EC8FE46B1B357F903CF2935E1E996D.e.3175/click - {}
RESULT: {}
COMMAND: POST /session/284f745c9598ec68bd9714133dfb15c1/execute/sync - {"script":"<script> [8489 bytes]","args":[{"element-6066-11e4-a52e-4f735466cecf":"f.D1CCE01D0E1637D613899A63103EEE24.d.D8EC8FE46B1B357F903CF2935E1E996D.e.3174","ELEMENT":"f.D1CCE01D0E1637D613899A63103EEE24.d.D8EC8FE46B1B357F903CF2935E1E996D.e.3174"}]}
RESULT: {}
COMMAND: GET /session/284f745c9598ec68bd9714133dfb15c1/screenshot - {}
COMMAND: POST /session/284f745c9598ec68bd9714133dfb15c1/element - {"using":"xpath","value":"//span[contains(@id ,\"title\")][contains(text(), \"WebdriverYardlm07e\")]"}
RESULT: {}
RESULT: {"using":"xpath","value":"//span[contains(@id ,\"title\")][contains(text(), \"WebdriverYardlm07e\")]"}
COMMAND: POST /session/284f745c9598ec68bd9714133dfb15c1/element - {"using":"xpath","value":"//span[contains(@id ,\"title\")][contains(text(), \"WebdriverYardlm07e\")]"}
RESULT: {"using":"xpath","value":"//span[contains(@id ,\"title\")][contains(text(), \"WebdriverYardlm07e\")]"}
COMMAND: POST /session/284f745c9598ec68bd9714133dfb15c1/element - {"using":"xpath","value":"//span[contains(@id ,\"title\")][contains(text(), \"WebdriverYardlm07e\")]"}
RESULT: {"using":"xpath","value":"//span[contains(@id ,\"title\")][contains(text(), \"WebdriverYardlm07e\")]"}
COMMAND: POST /session/284f745c9598ec68bd9714133dfb15c1/element - {"using":"xpath","value":"//span[contains(@id ,\"title\")][contains(text(), \"WebdriverYardlm07e\")]"}
RESULT: {"using":"xpath","value":"//span[contains(@id ,\"title\")][contains(text(), \"WebdriverYardlm07e\")]"}
COMMAND: POST /session/284f745c9598ec68bd9714133dfb15c1/element - {"using":"xpath","value":"//span[contains(@id ,\"title\")][contains(text(), \"WebdriverYardlm07e\")]"}
RESULT: {"using":"xpath","value":"//span[contains(@id ,\"title\")][contains(text(), \"WebdriverYardlm07e\")]"}
COMMAND: POST /session/284f745c9598ec68bd9714133dfb15c1/element - {"using":"xpath","value":"//span[contains(@id ,\"title\")][contains(text(), \"WebdriverYardlm07e\")]"}
RESULT: {"using":"xpath","value":"//span[contains(@id ,\"title\")][contains(text(), \"WebdriverYardlm07e\")]"}
COMMAND: POST /session/284f745c9598ec68bd9714133dfb15c1/element - {"using":"xpath","value":"//span[contains(@id ,\"title\")][contains(text(), \"WebdriverYardlm07e\")]"}
RESULT: {"using":"xpath","value":"//span[contains(@id ,\"title\")][contains(text(), \"WebdriverYardlm07e\")]"}
COMMAND: POST /session/284f745c9598ec68bd9714133dfb15c1/element - {"using":"xpath","value":"//span[contains(@id ,\"title\")][contains(text(), \"WebdriverYardlm07e\")]"}
RESULT: {"using":"xpath","value":"//span[contains(@id ,\"title\")][contains(text(), \"WebdriverYardlm07e\")]"}
COMMAND: POST /session/284f745c9598ec68bd9714133dfb15c1/element - {"using":"xpath","value":"//span[contains(@id ,\"title\")][contains(text(), \"WebdriverYardlm07e\")]"}
RESULT: {"using":"xpath","value":"//span[contains(@id ,\"title\")][contains(text(), \"WebdriverYardlm07e\")]"}
COMMAND: POST /session/284f745c9598ec68bd9714133dfb15c1/element - {"using":"xpath","value":"//span[contains(@id ,\"title\")][contains(text(), \"WebdriverYardlm07e\")]"}
RESULT: {"using":"xpath","value":"//span[contains(@id ,\"title\")][contains(text(), \"WebdriverYardlm07e\")]"}
COMMAND: POST /session/284f745c9598ec68bd9714133dfb15c1/element - {"using":"xpath","value":"//span[contains(@id ,\"title\")][contains(text(), \"WebdriverYardlm07e\")]"}
RESULT: {"using":"xpath","value":"//span[contains(@id ,\"title\")][contains(text(), \"WebdriverYardlm07e\")]"}
COMMAND: POST /session/284f745c9598ec68bd9714133dfb15c1/element - {"using":"xpath","value":"//span[contains(@id ,\"title\")][contains(text(), \"WebdriverYardlm07e\")]"}
RESULT: {"using":"xpath","value":"//span[contains(@id ,\"title\")][contains(text(), \"WebdriverYardlm07e\")]"}
COMMAND: POST /session/284f745c9598ec68bd9714133dfb15c1/element - {"using":"xpath","value":"//span[contains(@id ,\"title\")][contains(text(), \"WebdriverYardlm07e\")]"}
RESULT: {"using":"xpath","value":"//span[contains(@id ,\"title\")][contains(text(), \"WebdriverYardlm07e\")]"}
COMMAND: POST /session/284f745c9598ec68bd9714133dfb15c1/element - {"using":"xpath","value":"//span[contains(@id ,\"title\")][contains(text(), \"WebdriverYardlm07e\")]"}
RESULT: {"using":"xpath","value":"//span[contains(@id ,\"title\")][contains(text(), \"WebdriverYardlm07e\")]"}
COMMAND: POST /session/284f745c9598ec68bd9714133dfb15c1/element - {"using":"xpath","value":"//*[contains(@data-kt ,\"webshopDetailYardLink\")]"}
RESULT: {"using":"xpath","value":"//*[contains(@data-kt ,\"webshopDetailYardLink\")]"}
COMMAND: POST /session/284f745c9598ec68bd9714133dfb15c1/execute/sync - {"script":"<script> [8489 bytes]","args":[{"element-6066-11e4-a52e-4f735466cecf":"f.D1CCE01D0E1637D613899A63103EEE24.d.D8EC8FE46B1B357F903CF2935E1E996D.e.3338","ELEMENT":"f.D1CCE01D0E1637D613899A63103EEE24.d.D8EC8FE46B1B357F903CF2935E1E996D.e.3338"}]}
RESULT: {"script":"<script> [8489 bytes]","args":[{"element-6066-11e4-a52e-4f735466cecf":"f.D1CCE01D0E1637D613899A63103EEE24.d.D8EC8FE46B1B357F903CF2935E1E996D.e.3338","ELEMENT":"f.D1CCE01D0E1637D613899A63103EEE24.d.D8EC8FE46B1B357F903CF2935E1E996D.e.3338"}]}
COMMAND: POST /session/284f745c9598ec68bd9714133dfb15c1/execute/sync - {"script":"<script> [5351 bytes]","args":[{"element-6066-11e4-a52e-4f735466cecf":"f.D1CCE01D0E1637D613899A63103EEE24.d.D8EC8FE46B1B357F903CF2935E1E996D.e.3338","ELEMENT":"f.D1CCE01D0E1637D613899A63103EEE24.d.D8EC8FE46B1B357F903CF2935E1E996D.e.3338"}]}
COMMAND: GET /session/284f745c9598ec68bd9714133dfb15c1/screenshot - {}
RESULT: {"script":"<script> [5351 bytes]","args":[{"element-6066-11e4-a52e-4f735466cecf":"f.D1CCE01D0E1637D613899A63103EEE24.d.D8EC8FE46B1B357F903CF2935E1E996D.e.3338","ELEMENT":"f.D1CCE01D0E1637D613899A63103EEE24.d.D8EC8FE46B1B357F903CF2935E1E996D.e.3338"}]}
COMMAND: POST /session/284f745c9598ec68bd9714133dfb15c1/element - {"using":"xpath","value":"//*[contains(@data-kt ,\"webshopDetailYardLink\")]"}
COMMAND: GET /session/284f745c9598ec68bd9714133dfb15c1/screenshot - {}
RESULT: {}
RESULT: {"using":"xpath","value":"//*[contains(@data-kt ,\"webshopDetailYardLink\")]"}
COMMAND: POST /session/284f745c9598ec68bd9714133dfb15c1/element/f.D1CCE01D0E1637D613899A63103EEE24.d.D8EC8FE46B1B357F903CF2935E1E996D.e.3338/click - {}
COMMAND: POST /session/284f745c9598ec68bd9714133dfb15c1/element - {"using":"xpath","value":"//span[contains(@id ,\"title\")][contains(text(), \"WebdriverYardlm07e\")]"}
RESULT: {}
RESULT: {}
COMMAND: GET /session/284f745c9598ec68bd9714133dfb15c1/screenshot - {}
RESULT: {"using":"xpath","value":"//span[contains(@id ,\"title\")][contains(text(), \"WebdriverYardlm07e\")]"}
COMMAND: POST /session/284f745c9598ec68bd9714133dfb15c1/execute/sync - {"script":"<script> [8489 bytes]","args":[{"element-6066-11e4-a52e-4f735466cecf":"f.D1CCE01D0E1637D613899A63103EEE24.d.D8EC8FE46B1B357F903CF2935E1E996D.e.3340","ELEMENT":"f.D1CCE01D0E1637D613899A63103EEE24.d.D8EC8FE46B1B357F903CF2935E1E996D.e.3340"}]}
RESULT: {}
RESULT: {"script":"<script> [8489 bytes]","args":[{"element-6066-11e4-a52e-4f735466cecf":"f.D1CCE01D0E1637D613899A63103EEE24.d.D8EC8FE46B1B357F903CF2935E1E996D.e.3340","ELEMENT":"f.D1CCE01D0E1637D613899A63103EEE24.d.D8EC8FE46B1B357F903CF2935E1E996D.e.3340"}]}
COMMAND: GET /session/284f745c9598ec68bd9714133dfb15c1/screenshot - {}
RESULT: {}
COMMAND: POST /session/284f745c9598ec68bd9714133dfb15c1/element - {"using":"xpath","value":"//*[contains(@data-kt ,\"ContextMenuId3Link\")][contains(text(), \"Yard Main Address\")]"}
RESULT: {"using":"xpath","value":"//*[contains(@data-kt ,\"ContextMenuId3Link\")][contains(text(), \"Yard Main Address\")]"}
COMMAND: POST /session/284f745c9598ec68bd9714133dfb15c1/element/f.D1CCE01D0E1637D613899A63103EEE24.d.D8EC8FE46B1B357F903CF2935E1E996D.e.3341/click - {}
RESULT: {}
COMMAND: GET /session/284f745c9598ec68bd9714133dfb15c1/screenshot - {}
RESULT: {}
COMMAND: POST /session/284f745c9598ec68bd9714133dfb15c1/execute/async - {"script":"<script> [1562 bytes]","args":[{"selector":{"id":"application-addressmanagement-display-component---masterAdm--title1"},"wdio_ui5_key":"applicationaddressmanagement-display-component---masterAdm--title1"}]}
RESULT: {"script":"<script> [1562 bytes]","args":[{"selector":{"id":"application-addressmanagement-display-component---masterAdm--title1"},"wdio_ui5_key":"applicationaddressmanagement-display-component---masterAdm--title1"}]}
RESULT: undefined
COMMAND: POST /session/284f745c9598ec68bd9714133dfb15c1/execute/async - {"script":"<script> [6424 bytes]","args":[{"element-6066-11e4-a52e-4f735466cecf":"f.D1CCE01D0E1637D613899A63103EEE24.d.D8EC8FE46B1B357F903CF2935E1E996D.e.3542"},"getText",[]]}
RESULT: {"script":"<script> [6424 bytes]","args":[{"element-6066-11e4-a52e-4f735466cecf":"f.D1CCE01D0E1637D613899A63103EEE24.d.D8EC8FE46B1B357F903CF2935E1E996D.e.3542"},"getText",[]]}
COMMAND: POST /session/284f745c9598ec68bd9714133dfb15c1/element - {"using":"xpath","value":"//span[contains(text(), \"WebdriverYardjjtihg\")][contains(@id ,\"application-addressmanagement-display-component---detailAdm--addressDetailDetailsName1\")]"}
RESULT: {"using":"xpath","value":"//span[contains(text(), \"WebdriverYardjjtihg\")][contains(@id ,\"application-addressmanagement-display-component---detailAdm--addressDetailDetailsName1\")]"}
COMMAND: POST /session/284f745c9598ec68bd9714133dfb15c1/element - {"using":"xpath","value":"//span[contains(text(), \"WebdriverYardjjtihg\")][contains(@id ,\"application-addressmanagement-display-component---detailAdm--addressDetailDetailsName1\")]"}
RESULT: undefined
COMMAND: POST /session/284f745c9598ec68bd9714133dfb15c1/element - {"using":"xpath","value":"//*[@id=\"backBtn\"]"}
RESULT: {"using":"xpath","value":"//*[@id=\"backBtn\"]"}
COMMAND: POST /session/284f745c9598ec68bd9714133dfb15c1/element/f.D1CCE01D0E1637D613899A63103EEE24.d.D8EC8FE46B1B357F903CF2935E1E996D.e.3175/click - {}
RESULT: {"using":"xpath","value":"//span[contains(text(), \"WebdriverYardjjtihg\")][contains(@id ,\"application-addressmanagement-display-component---detailAdm--addressDetailDetailsName1\")]"}
RESULT: {}
COMMAND: GET /session/284f745c9598ec68bd9714133dfb15c1/screenshot - {}
COMMAND: POST /session/284f745c9598ec68bd9714133dfb15c1/element - {"using":"xpath","value":"//span[contains(text(), \"WebdriverYardjjtihg\")][contains(@id ,\"application-addressmanagement-display-component---detailAdm--addressDetailDetailsName1\")]"}
RESULT: {}
RESULT: {"using":"xpath","value":"//span[contains(text(), \"WebdriverYardjjtihg\")][contains(@id ,\"application-addressmanagement-display-component---detailAdm--addressDetailDetailsName1\")]"}
COMMAND: POST /session/284f745c9598ec68bd9714133dfb15c1/element - {"using":"xpath","value":"//span[contains(text(), \"WebdriverYardjjtihg\")][contains(@id ,\"application-addressmanagement-display-component---detailAdm--addressDetailDetailsName1\")]"}
RESULT: {"using":"xpath","value":"//span[contains(text(), \"WebdriverYardjjtihg\")][contains(@id ,\"application-addressmanagement-display-component---detailAdm--addressDetailDetailsName1\")]"}
COMMAND: POST /session/284f745c9598ec68bd9714133dfb15c1/element - {"using":"xpath","value":"//span[contains(text(), \"WebdriverYardjjtihg\")][contains(@id ,\"application-addressmanagement-display-component---detailAdm--addressDetailDetailsName1\")]"}
RESULT: {"using":"xpath","value":"//span[contains(text(), \"WebdriverYardjjtihg\")][contains(@id ,\"application-addressmanagement-display-component---detailAdm--addressDetailDetailsName1\")]"}
COMMAND: POST /session/284f745c9598ec68bd9714133dfb15c1/element - {"using":"xpath","value":"//span[contains(text(), \"WebdriverYardjjtihg\")][contains(@id ,\"application-addressmanagement-display-component---detailAdm--addressDetailDetailsName1\")]"}
RESULT: {"using":"xpath","value":"//span[contains(text(), \"WebdriverYardjjtihg\")][contains(@id ,\"application-addressmanagement-display-component---detailAdm--addressDetailDetailsName1\")]"}
COMMAND: POST /session/284f745c9598ec68bd9714133dfb15c1/element - {"using":"xpath","value":"//span[contains(text(), \"WebdriverYardjjtihg\")][contains(@id ,\"application-addressmanagement-display-component---detailAdm--addressDetailDetailsName1\")]"}
RESULT: {"using":"xpath","value":"//span[contains(text(), \"WebdriverYardjjtihg\")][contains(@id ,\"application-addressmanagement-display-component---detailAdm--addressDetailDetailsName1\")]"}
COMMAND: POST /session/284f745c9598ec68bd9714133dfb15c1/element - {"using":"xpath","value":"//span[contains(text(), \"WebdriverYardjjtihg\")][contains(@id ,\"application-addressmanagement-display-component---detailAdm--addressDetailDetailsName1\")]"}
RESULT: {"using":"xpath","value":"//span[contains(text(), \"WebdriverYardjjtihg\")][contains(@id ,\"application-addressmanagement-display-component---detailAdm--addressDetailDetailsName1\")]"}
COMMAND: POST /session/284f745c9598ec68bd9714133dfb15c1/element - {"using":"xpath","value":"//span[contains(text(), \"WebdriverYardjjtihg\")][contains(@id ,\"application-addressmanagement-display-component---detailAdm--addressDetailDetailsName1\")]"}
RESULT: {"using":"xpath","value":"//span[contains(text(), \"WebdriverYardjjtihg\")][contains(@id ,\"application-addressmanagement-display-component---detailAdm--addressDetailDetailsName1\")]"}
COMMAND: POST /session/284f745c9598ec68bd9714133dfb15c1/execute/sync - {"script":"<script> [8489 bytes]","args":[{"element-6066-11e4-a52e-4f735466cecf":"f.D1CCE01D0E1637D613899A63103EEE24.d.D8EC8FE46B1B357F903CF2935E1E996D.e.3338","ELEMENT":"f.D1CCE01D0E1637D613899A63103EEE24.d.D8EC8FE46B1B357F903CF2935E1E996D.e.3338"}]}
COMMAND: POST /session/284f745c9598ec68bd9714133dfb15c1/element - {"using":"xpath","value":"//*[contains(@data-kt ,\"webshopDetailYardLink\")]"}
RESULT: {"using":"xpath","value":"//*[contains(@data-kt ,\"webshopDetailYardLink\")]"}
COMMAND: POST /session/284f745c9598ec68bd9714133dfb15c1/execute/sync - {"script":"<script> [8489 bytes]","args":[{"element-6066-11e4-a52e-4f735466cecf":"f.D1CCE01D0E1637D613899A63103EEE24.d.D8EC8FE46B1B357F903CF2935E1E996D.e.3674","ELEMENT":"f.D1CCE01D0E1637D613899A63103EEE24.d.D8EC8FE46B1B357F903CF2935E1E996D.e.3674"}]}
RESULT: {"script":"<script> [8489 bytes]","args":[{"element-6066-11e4-a52e-4f735466cecf":"f.D1CCE01D0E1637D613899A63103EEE24.d.D8EC8FE46B1B357F903CF2935E1E996D.e.3674","ELEMENT":"f.D1CCE01D0E1637D613899A63103EEE24.d.D8EC8FE46B1B357F903CF2935E1E996D.e.3674"}]}
COMMAND: POST /session/284f745c9598ec68bd9714133dfb15c1/execute/sync - {"script":"<script> [5351 bytes]","args":[{"element-6066-11e4-a52e-4f735466cecf":"f.D1CCE01D0E1637D613899A63103EEE24.d.D8EC8FE46B1B357F903CF2935E1E996D.e.3674","ELEMENT":"f.D1CCE01D0E1637D613899A63103EEE24.d.D8EC8FE46B1B357F903CF2935E1E996D.e.3674"}]}
COMMAND: GET /session/284f745c9598ec68bd9714133dfb15c1/screenshot - {}
RESULT: {"script":"<script> [5351 bytes]","args":[{"element-6066-11e4-a52e-4f735466cecf":"f.D1CCE01D0E1637D613899A63103EEE24.d.D8EC8FE46B1B357F903CF2935E1E996D.e.3674","ELEMENT":"f.D1CCE01D0E1637D613899A63103EEE24.d.D8EC8FE46B1B357F903CF2935E1E996D.e.3674"}]}
COMMAND: POST /session/284f745c9598ec68bd9714133dfb15c1/element - {"using":"xpath","value":"//*[contains(@data-kt ,\"webshopDetailYardLink\")]"}
COMMAND: GET /session/284f745c9598ec68bd9714133dfb15c1/screenshot - {}
RESULT: {}
RESULT: {"using":"xpath","value":"//*[contains(@data-kt ,\"webshopDetailYardLink\")]"}
COMMAND: POST /session/284f745c9598ec68bd9714133dfb15c1/element/f.D1CCE01D0E1637D613899A63103EEE24.d.D8EC8FE46B1B357F903CF2935E1E996D.e.3674/click - {}
COMMAND: POST /session/284f745c9598ec68bd9714133dfb15c1/element - {"using":"xpath","value":"//span[contains(text(), \"WebdriverYardjjtihg\")][contains(@id ,\"application-addressmanagement-display-component---detailAdm--addressDetailDetailsName1\")]"}
RESULT: {}
RESULT: {}
RESULT: {"using":"xpath","value":"//span[contains(text(), \"WebdriverYardjjtihg\")][contains(@id ,\"application-addressmanagement-display-component---detailAdm--addressDetailDetailsName1\")]"}
COMMAND: GET /session/284f745c9598ec68bd9714133dfb15c1/screenshot - {}
RESULT: {}
COMMAND: POST /session/284f745c9598ec68bd9714133dfb15c1/element - {"using":"xpath","value":"//span[contains(text(), \"WebdriverYardjjtihg\")][contains(@id ,\"application-addressmanagement-display-component---detailAdm--addressDetailDetailsName1\")]"}
RESULT: {"using":"xpath","value":"//span[contains(text(), \"WebdriverYardjjtihg\")][contains(@id ,\"application-addressmanagement-display-component---detailAdm--addressDetailDetailsName1\")]"}
COMMAND: POST /session/284f745c9598ec68bd9714133dfb15c1/element - {"using":"xpath","value":"//span[contains(text(), \"WebdriverYardjjtihg\")][contains(@id ,\"application-addressmanagement-display-component---detailAdm--addressDetailDetailsName1\")]"}
RESULT: {"using":"xpath","value":"//span[contains(text(), \"WebdriverYardjjtihg\")][contains(@id ,\"application-addressmanagement-display-component---detailAdm--addressDetailDetailsName1\")]"}
COMMAND: POST /session/284f745c9598ec68bd9714133dfb15c1/element - {"using":"xpath","value":"//span[contains(text(), \"WebdriverYardjjtihg\")][contains(@id ,\"application-addressmanagement-display-component---detailAdm--addressDetailDetailsName1\")]"}
RESULT: {"using":"xpath","value":"//span[contains(text(), \"WebdriverYardjjtihg\")][contains(@id ,\"application-addressmanagement-display-component---detailAdm--addressDetailDetailsName1\")]"}
COMMAND: POST /session/284f745c9598ec68bd9714133dfb15c1/element - {"using":"xpath","value":"//button[contains(@data-kt ,\"ContextMenuExternalId2Link\")]"}
RESULT: {"using":"xpath","value":"//button[contains(@data-kt ,\"ContextMenuExternalId2Link\")]"}
COMMAND: POST /session/284f745c9598ec68bd9714133dfb15c1/element/f.D1CCE01D0E1637D613899A63103EEE24.d.D8EC8FE46B1B357F903CF2935E1E996D.e.3675/click - {}
COMMAND: POST /session/284f745c9598ec68bd9714133dfb15c1/element - {"using":"xpath","value":"//span[contains(text(), \"WebdriverYardjjtihg\")][contains(@id ,\"application-addressmanagement-display-component---detailAdm--addressDetailDetailsName1\")]"}
RESULT: {}
COMMAND: GET /session/284f745c9598ec68bd9714133dfb15c1/screenshot - {}
RESULT: {"using":"xpath","value":"//span[contains(text(), \"WebdriverYardjjtihg\")][contains(@id ,\"application-addressmanagement-display-component---detailAdm--addressDetailDetailsName1\")]"}
COMMAND: POST /session/284f745c9598ec68bd9714133dfb15c1/element - {"using":"xpath","value":"//span[contains(text(), \"WebdriverYardjjtihg\")][contains(@id ,\"application-addressmanagement-display-component---detailAdm--addressDetailDetailsName1\")]"}
RESULT: {}
RESULT: {"using":"xpath","value":"//span[contains(text(), \"WebdriverYardjjtihg\")][contains(@id ,\"application-addressmanagement-display-component---detailAdm--addressDetailDetailsName1\")]"}
COMMAND: POST /session/284f745c9598ec68bd9714133dfb15c1/element - {"using":"xpath","value":"//span[contains(text(), \"WebdriverYardjjtihg\")][contains(@id ,\"application-addressmanagement-display-component---detailAdm--addressDetailDetailsName1\")]"}
RESULT: {"using":"xpath","value":"//span[contains(text(), \"WebdriverYardjjtihg\")][contains(@id ,\"application-addressmanagement-display-component---detailAdm--addressDetailDetailsName1\")]"}
COMMAND: POST /session/284f745c9598ec68bd9714133dfb15c1/element - {"using":"xpath","value":"//span[contains(text(), \"WebdriverYardjjtihg\")][contains(@id ,\"application-addressmanagement-display-component---detailAdm--addressDetailDetailsName1\")]"}
RESULT: {"using":"xpath","value":"//span[contains(text(), \"WebdriverYardjjtihg\")][contains(@id ,\"application-addressmanagement-display-component---detailAdm--addressDetailDetailsName1\")]"}
COMMAND: POST /session/284f745c9598ec68bd9714133dfb15c1/element - {"using":"xpath","value":"//span[contains(text(), \"WebdriverYardjjtihg\")][contains(@id ,\"application-addressmanagement-display-component---detailAdm--addressDetailDetailsName1\")]"}
RESULT: {"using":"xpath","value":"//span[contains(text(), \"WebdriverYardjjtihg\")][contains(@id ,\"application-addressmanagement-display-component---detailAdm--addressDetailDetailsName1\")]"}
COMMAND: POST /session/284f745c9598ec68bd9714133dfb15c1/element - {"using":"xpath","value":"//span[contains(text(), \"WebdriverYardjjtihg\")][contains(@id ,\"application-addressmanagement-display-component---detailAdm--addressDetailDetailsName1\")]"}
RESULT: {"using":"xpath","value":"//span[contains(text(), \"WebdriverYardjjtihg\")][contains(@id ,\"application-addressmanagement-display-component---detailAdm--addressDetailDetailsName1\")]"}
COMMAND: POST /session/284f745c9598ec68bd9714133dfb15c1/element - {"using":"xpath","value":"//span[contains(text(), \"WebdriverYardjjtihg\")][contains(@id ,\"application-addressmanagement-display-component---detailAdm--addressDetailDetailsName1\")]"}
RESULT: {"using":"xpath","value":"//span[contains(text(), \"WebdriverYardjjtihg\")][contains(@id ,\"application-addressmanagement-display-component---detailAdm--addressDetailDetailsName1\")]"}
COMMAND: POST /session/284f745c9598ec68bd9714133dfb15c1/element - {"using":"xpath","value":"//span[contains(text(), \"WebdriverYardjjtihg\")][contains(@id ,\"application-addressmanagement-display-component---detailAdm--addressDetailDetailsName1\")]"}
RESULT: {"using":"xpath","value":"//span[contains(text(), \"WebdriverYardjjtihg\")][contains(@id ,\"application-addressmanagement-display-component---detailAdm--addressDetailDetailsName1\")]"}
COMMAND: POST /session/284f745c9598ec68bd9714133dfb15c1/element - {"using":"xpath","value":"//span[contains(text(), \"WebdriverYardjjtihg\")][contains(@id ,\"application-addressmanagement-display-component---detailAdm--addressDetailDetailsName1\")]"}
RESULT: {"using":"xpath","value":"//span[contains(text(), \"WebdriverYardjjtihg\")][contains(@id ,\"application-addressmanagement-display-component---detailAdm--addressDetailDetailsName1\")]"}
COMMAND: POST /session/284f745c9598ec68bd9714133dfb15c1/element - {"using":"xpath","value":"//span[contains(text(), \"WebdriverYardjjtihg\")][contains(@id ,\"application-addressmanagement-display-component---detailAdm--addressDetailDetailsName1\")]"}
RESULT: {"using":"xpath","value":"//span[contains(text(), \"WebdriverYardjjtihg\")][contains(@id ,\"application-addressmanagement-display-component---detailAdm--addressDetailDetailsName1\")]"}
COMMAND: POST /session/284f745c9598ec68bd9714133dfb15c1/element - {"using":"xpath","value":"//span[contains(text(), \"WebdriverYardjjtihg\")][contains(@id ,\"application-addressmanagement-display-component---detailAdm--addressDetailDetailsName1\")]"}
RESULT: {"using":"xpath","value":"//span[contains(text(), \"WebdriverYardjjtihg\")][contains(@id ,\"application-addressmanagement-display-component---detailAdm--addressDetailDetailsName1\")]"}
COMMAND: POST /session/284f745c9598ec68bd9714133dfb15c1/element - {"using":"xpath","value":"//span[contains(text(), \"WebdriverYardjjtihg\")][contains(@id ,\"application-addressmanagement-display-component---detailAdm--addressDetailDetailsName1\")]"}
RESULT: {"using":"xpath","value":"//span[contains(text(), \"WebdriverYardjjtihg\")][contains(@id ,\"application-addressmanagement-display-component---detailAdm--addressDetailDetailsName1\")]"}
COMMAND: POST /session/284f745c9598ec68bd9714133dfb15c1/element - {"using":"xpath","value":"//span[contains(text(), \"WebdriverYardjjtihg\")][contains(@id ,\"application-addressmanagement-display-component---detailAdm--addressDetailDetailsName1\")]"}
RESULT: {"using":"xpath","value":"//span[contains(text(), \"WebdriverYardjjtihg\")][contains(@id ,\"application-addressmanagement-display-component---detailAdm--addressDetailDetailsName1\")]"}
COMMAND: POST /session/284f745c9598ec68bd9714133dfb15c1/element - {"using":"xpath","value":"//span[contains(text(), \"WebdriverYardjjtihg\")][contains(@id ,\"application-addressmanagement-display-component---detailAdm--addressDetailDetailsName1\")]"}
RESULT: {"using":"xpath","value":"//span[contains(text(), \"WebdriverYardjjtihg\")][contains(@id ,\"application-addressmanagement-display-component---detailAdm--addressDetailDetailsName1\")]"}
COMMAND: GET /session/284f745c9598ec68bd9714133dfb15c1/window/handles - {}
COMMAND: POST /session/284f745c9598ec68bd9714133dfb15c1/element - {"using":"xpath","value":"//span[contains(text(), \"WebdriverYardjjtihg\")][contains(@id ,\"application-addressmanagement-display-component---detailAdm--addressDetailDetailsName1\")]"}
RESULT: {}
COMMAND: POST /session/284f745c9598ec68bd9714133dfb15c1/window - {"handle":"D66CED4193EF0B37F22651207D3C3858"}
RESULT: {"handle":"D66CED4193EF0B37F22651207D3C3858"}
COMMAND: GET /session/284f745c9598ec68bd9714133dfb15c1/url - {}
RESULT: {}
RESULT: {"using":"xpath","value":"//span[contains(text(), \"WebdriverYardjjtihg\")][contains(@id ,\"application-addressmanagement-display-component---detailAdm--addressDetailDetailsName1\")]"}
COMMAND: GET /session/284f745c9598ec68bd9714133dfb15c1/screenshot - {}
COMMAND: POST /session/284f745c9598ec68bd9714133dfb15c1/element - {"using":"xpath","value":"//span[contains(text(), \"WebdriverYardjjtihg\")][contains(@id ,\"application-addressmanagement-display-component---detailAdm--addressDetailDetailsName1\")]"}
RESULT: {}
RESULT: {"using":"xpath","value":"//span[contains(text(), \"WebdriverYardjjtihg\")][contains(@id ,\"application-addressmanagement-display-component---detailAdm--addressDetailDetailsName1\")]"}
COMMAND: POST /session/284f745c9598ec68bd9714133dfb15c1/element - {"using":"xpath","value":"//span[contains(text(), \"WebdriverYardjjtihg\")][contains(@id ,\"application-addressmanagement-display-component---detailAdm--addressDetailDetailsName1\")]"}
RESULT: {"using":"xpath","value":"//span[contains(text(), \"WebdriverYardjjtihg\")][contains(@id ,\"application-addressmanagement-display-component---detailAdm--addressDetailDetailsName1\")]"}
COMMAND: POST /session/284f745c9598ec68bd9714133dfb15c1/element - {"using":"xpath","value":"//span[contains(text(), \"WebdriverYardjjtihg\")][contains(@id ,\"application-addressmanagement-display-component---detailAdm--addressDetailDetailsName1\")]"}
RESULT: {"using":"xpath","value":"//span[contains(text(), \"WebdriverYardjjtihg\")][contains(@id ,\"application-addressmanagement-display-component---detailAdm--addressDetailDetailsName1\")]"}
COMMAND: POST /session/284f745c9598ec68bd9714133dfb15c1/element - {"using":"xpath","value":"//span[contains(text(), \"WebdriverYardjjtihg\")][contains(@id ,\"application-addressmanagement-display-component---detailAdm--addressDetailDetailsName1\")]"}
RESULT: {"using":"xpath","value":"//span[contains(text(), \"WebdriverYardjjtihg\")][contains(@id ,\"application-addressmanagement-display-component---detailAdm--addressDetailDetailsName1\")]"}
COMMAND: POST /session/284f745c9598ec68bd9714133dfb15c1/element - {"using":"xpath","value":"//span[contains(text(), \"WebdriverYardjjtihg\")][contains(@id ,\"application-addressmanagement-display-component---detailAdm--addressDetailDetailsName1\")]"}
RESULT: {"using":"xpath","value":"//span[contains(text(), \"WebdriverYardjjtihg\")][contains(@id ,\"application-addressmanagement-display-component---detailAdm--addressDetailDetailsName1\")]"}
COMMAND: POST /session/284f745c9598ec68bd9714133dfb15c1/element - {"using":"xpath","value":"//span[contains(text(), \"WebdriverYardjjtihg\")][contains(@id ,\"application-addressmanagement-display-component---detailAdm--addressDetailDetailsName1\")]"}
RESULT: {"using":"xpath","value":"//span[contains(text(), \"WebdriverYardjjtihg\")][contains(@id ,\"application-addressmanagement-display-component---detailAdm--addressDetailDetailsName1\")]"}
COMMAND: POST /session/284f745c9598ec68bd9714133dfb15c1/element - {"using":"xpath","value":"//span[contains(text(), \"WebdriverYardjjtihg\")][contains(@id ,\"application-addressmanagement-display-component---detailAdm--addressDetailDetailsName1\")]"}
RESULT: {"using":"xpath","value":"//span[contains(text(), \"WebdriverYardjjtihg\")][contains(@id ,\"application-addressmanagement-display-component---detailAdm--addressDetailDetailsName1\")]"}
COMMAND: POST /session/284f745c9598ec68bd9714133dfb15c1/element - {"using":"xpath","value":"//span[contains(text(), \"WebdriverYardjjtihg\")][contains(@id ,\"application-addressmanagement-display-component---detailAdm--addressDetailDetailsName1\")]"}
RESULT: {"using":"xpath","value":"//span[contains(text(), \"WebdriverYardjjtihg\")][contains(@id ,\"application-addressmanagement-display-component---detailAdm--addressDetailDetailsName1\")]"}
COMMAND: POST /session/284f745c9598ec68bd9714133dfb15c1/element - {"using":"xpath","value":"//span[contains(text(), \"WebdriverYardjjtihg\")][contains(@id ,\"application-addressmanagement-display-component---detailAdm--addressDetailDetailsName1\")]"}
RESULT: {"using":"xpath","value":"//span[contains(text(), \"WebdriverYardjjtihg\")][contains(@id ,\"application-addressmanagement-display-component---detailAdm--addressDetailDetailsName1\")]"}
COMMAND: POST /session/284f745c9598ec68bd9714133dfb15c1/element - {"using":"xpath","value":"//span[contains(text(), \"WebdriverYardjjtihg\")][contains(@id ,\"application-addressmanagement-display-component---detailAdm--addressDetailDetailsName1\")]"}
RESULT: {"using":"xpath","value":"//span[contains(text(), \"WebdriverYardjjtihg\")][contains(@id ,\"application-addressmanagement-display-component---detailAdm--addressDetailDetailsName1\")]"}
COMMAND: POST /session/284f745c9598ec68bd9714133dfb15c1/element - {"using":"xpath","value":"//span[contains(text(), \"WebdriverYardjjtihg\")][contains(@id ,\"application-addressmanagement-display-component---detailAdm--addressDetailDetailsName1\")]"}
RESULT: {"using":"xpath","value":"//span[contains(text(), \"WebdriverYardjjtihg\")][contains(@id ,\"application-addressmanagement-display-component---detailAdm--addressDetailDetailsName1\")]"}
COMMAND: POST /session/284f745c9598ec68bd9714133dfb15c1/element - {"using":"xpath","value":"//span[contains(text(), \"WebdriverYardjjtihg\")][contains(@id ,\"application-addressmanagement-display-component---detailAdm--addressDetailDetailsName1\")]"}
RESULT: {"using":"xpath","value":"//span[contains(text(), \"WebdriverYardjjtihg\")][contains(@id ,\"application-addressmanagement-display-component---detailAdm--addressDetailDetailsName1\")]"}
COMMAND: POST /session/284f745c9598ec68bd9714133dfb15c1/element - {"using":"xpath","value":"//span[contains(text(), \"WebdriverYardjjtihg\")][contains(@id ,\"application-addressmanagement-display-component---detailAdm--addressDetailDetailsName1\")]"}
RESULT: {"using":"xpath","value":"//span[contains(text(), \"WebdriverYardjjtihg\")][contains(@id ,\"application-addressmanagement-display-component---detailAdm--addressDetailDetailsName1\")]"}
COMMAND: POST /session/284f745c9598ec68bd9714133dfb15c1/element - {"using":"xpath","value":"//span[contains(text(), \"WebdriverYardjjtihg\")][contains(@id ,\"application-addressmanagement-display-component---detailAdm--addressDetailDetailsName1\")]"}
RESULT: {"using":"xpath","value":"//span[contains(text(), \"WebdriverYardjjtihg\")][contains(@id ,\"application-addressmanagement-display-component---detailAdm--addressDetailDetailsName1\")]"}
COMMAND: POST /session/284f745c9598ec68bd9714133dfb15c1/execute/sync - {"script":"<script> [8489 bytes]","args":[{"element-6066-11e4-a52e-4f735466cecf":"f.D1CCE01D0E1637D613899A63103EEE24.d.D8EC8FE46B1B357F903CF2935E1E996D.e.3340","ELEMENT":"f.D1CCE01D0E1637D613899A63103EEE24.d.D8EC8FE46B1B357F903CF2935E1E996D.e.3340"}]}
COMMAND: DELETE /session/284f745c9598ec68bd9714133dfb15c1/window - {}
RESULT: {"script":"<script> [8489 bytes]","args":[{"element-6066-11e4-a52e-4f735466cecf":"f.D1CCE01D0E1637D613899A63103EEE24.d.D8EC8FE46B1B357F903CF2935E1E996D.e.3340","ELEMENT":"f.D1CCE01D0E1637D613899A63103EEE24.d.D8EC8FE46B1B357F903CF2935E1E996D.e.3340"}]}
COMMAND: GET /session/284f745c9598ec68bd9714133dfb15c1/screenshot - {}
COMMAND: POST /session/284f745c9598ec68bd9714133dfb15c1/element - {"using":"xpath","value":"//span[contains(text(), \"WebdriverYardjjtihg\")][contains(@id ,\"application-addressmanagement-display-component---detailAdm--addressDetailDetailsName1\")]"}
COMMAND: POST /session/284f745c9598ec68bd9714133dfb15c1/execute/sync - {"script":"<script> [8489 bytes]","args":[{"element-6066-11e4-a52e-4f735466cecf":"f.D1CCE01D0E1637D613899A63103EEE24.d.D8EC8FE46B1B357F903CF2935E1E996D.e.3340","ELEMENT":"f.D1CCE01D0E1637D613899A63103EEE24.d.D8EC8FE46B1B357F903CF2935E1E996D.e.3340"}]}
RESULT: {}
COMMAND: POST /session/284f745c9598ec68bd9714133dfb15c1/window - {"handle":"D1CCE01D0E1637D613899A63103EEE24"}
RESULT: {"handle":"D1CCE01D0E1637D613899A63103EEE24"}
COMMAND: GET /session/284f745c9598ec68bd9714133dfb15c1/url - {}
RESULT: {}
RESULT: {"using":"xpath","value":"//span[contains(text(), \"WebdriverYardjjtihg\")][contains(@id ,\"application-addressmanagement-display-component---detailAdm--addressDetailDetailsName1\")]"}
COMMAND: POST /session/284f745c9598ec68bd9714133dfb15c1/element - {"using":"xpath","value":"//span[contains(@id ,\"title\")][contains(text(), \"WebdriverYardlm07e\")]"}
RESULT: {}
COMMAND: GET /session/284f745c9598ec68bd9714133dfb15c1/screenshot - {}
COMMAND: POST /session/284f745c9598ec68bd9714133dfb15c1/element - {"using":"xpath","value":"//span[contains(text(), \"WebdriverYardjjtihg\")][contains(@id ,\"application-addressmanagement-display-component---detailAdm--addressDetailDetailsName1\")]"}
COMMAND: POST /session/284f745c9598ec68bd9714133dfb15c1/element - {"using":"xpath","value":"//button[contains(@data-kt ,\"ContextMenuExternalId3Link\")]"}
RESULT: {"using":"xpath","value":"//span[contains(@id ,\"title\")][contains(text(), \"WebdriverYardlm07e\")]"}
COMMAND: POST /session/284f745c9598ec68bd9714133dfb15c1/execute/sync - {"script":"<script> [8489 bytes]","args":[{"element-6066-11e4-a52e-4f735466cecf":"f.D1CCE01D0E1637D613899A63103EEE24.d.D8EC8FE46B1B357F903CF2935E1E996D.e.3736","ELEMENT":"f.D1CCE01D0E1637D613899A63103EEE24.d.D8EC8FE46B1B357F903CF2935E1E996D.e.3736"}]}
RESULT: {}
RESULT: {"using":"xpath","value":"//span[contains(text(), \"WebdriverYardjjtihg\")][contains(@id ,\"application-addressmanagement-display-component---detailAdm--addressDetailDetailsName1\")]"}
RESULT: {"using":"xpath","value":"//button[contains(@data-kt ,\"ContextMenuExternalId3Link\")]"}
COMMAND: POST /session/284f745c9598ec68bd9714133dfb15c1/element/f.D1CCE01D0E1637D613899A63103EEE24.d.D8EC8FE46B1B357F903CF2935E1E996D.e.3737/click - {}
RESULT: {"script":"<script> [8489 bytes]","args":[{"element-6066-11e4-a52e-4f735466cecf":"f.D1CCE01D0E1637D613899A63103EEE24.d.D8EC8FE46B1B357F903CF2935E1E996D.e.3736","ELEMENT":"f.D1CCE01D0E1637D613899A63103EEE24.d.D8EC8FE46B1B357F903CF2935E1E996D.e.3736"}]}
COMMAND: GET /session/284f745c9598ec68bd9714133dfb15c1/screenshot - {}
RESULT: {}
COMMAND: GET /session/284f745c9598ec68bd9714133dfb15c1/screenshot - {}
COMMAND: POST /session/284f745c9598ec68bd9714133dfb15c1/element - {"using":"xpath","value":"//span[contains(text(), \"WebdriverYardjjtihg\")][contains(@id ,\"application-addressmanagement-display-component---detailAdm--addressDetailDetailsName1\")]"}
RESULT: {}
RESULT: {}
RESULT: {"using":"xpath","value":"//span[contains(text(), \"WebdriverYardjjtihg\")][contains(@id ,\"application-addressmanagement-display-component---detailAdm--addressDetailDetailsName1\")]"}
COMMAND: POST /session/284f745c9598ec68bd9714133dfb15c1/element - {"using":"xpath","value":"//span[contains(text(), \"WebdriverYardjjtihg\")][contains(@id ,\"application-addressmanagement-display-component---detailAdm--addressDetailDetailsName1\")]"}
RESULT: {"using":"xpath","value":"//span[contains(text(), \"WebdriverYardjjtihg\")][contains(@id ,\"application-addressmanagement-display-component---detailAdm--addressDetailDetailsName1\")]"}
COMMAND: POST /session/284f745c9598ec68bd9714133dfb15c1/element - {"using":"xpath","value":"//span[contains(text(), \"WebdriverYardjjtihg\")][contains(@id ,\"application-addressmanagement-display-component---detailAdm--addressDetailDetailsName1\")]"}
RESULT: {"using":"xpath","value":"//span[contains(text(), \"WebdriverYardjjtihg\")][contains(@id ,\"application-addressmanagement-display-component---detailAdm--addressDetailDetailsName1\")]"}
COMMAND: POST /session/284f745c9598ec68bd9714133dfb15c1/element - {"using":"xpath","value":"//span[contains(text(), \"WebdriverYardjjtihg\")][contains(@id ,\"application-addressmanagement-display-component---detailAdm--addressDetailDetailsName1\")]"}
RESULT: {"using":"xpath","value":"//span[contains(text(), \"WebdriverYardjjtihg\")][contains(@id ,\"application-addressmanagement-display-component---detailAdm--addressDetailDetailsName1\")]"}
COMMAND: POST /session/284f745c9598ec68bd9714133dfb15c1/element - {"using":"xpath","value":"//span[contains(text(), \"WebdriverYardjjtihg\")][contains(@id ,\"application-addressmanagement-display-component---detailAdm--addressDetailDetailsName1\")]"}
RESULT: {"using":"xpath","value":"//span[contains(text(), \"WebdriverYardjjtihg\")][contains(@id ,\"application-addressmanagement-display-component---detailAdm--addressDetailDetailsName1\")]"}
COMMAND: POST /session/284f745c9598ec68bd9714133dfb15c1/element - {"using":"xpath","value":"//span[contains(text(), \"WebdriverYardjjtihg\")][contains(@id ,\"application-addressmanagement-display-component---detailAdm--addressDetailDetailsName1\")]"}
RESULT: {"using":"xpath","value":"//span[contains(text(), \"WebdriverYardjjtihg\")][contains(@id ,\"application-addressmanagement-display-component---detailAdm--addressDetailDetailsName1\")]"}
COMMAND: GET /session/284f745c9598ec68bd9714133dfb15c1/window/handles - {}
RESULT: {}
COMMAND: POST /session/284f745c9598ec68bd9714133dfb15c1/window - {"handle":"FED55A025DABB4D4185BB401A338CDB1"}
RESULT: {"handle":"FED55A025DABB4D4185BB401A338CDB1"}
COMMAND: GET /session/284f745c9598ec68bd9714133dfb15c1/url - {}
RESULT: {}
COMMAND: GET /session/284f745c9598ec68bd9714133dfb15c1/screenshot - {}
COMMAND: POST /session/284f745c9598ec68bd9714133dfb15c1/element - {"using":"xpath","value":"//span[contains(text(), \"WebdriverYardjjtihg\")][contains(@id ,\"application-addressmanagement-display-component---detailAdm--addressDetailDetailsName1\")]"}
COMMAND: DELETE /session/284f745c9598ec68bd9714133dfb15c1/window - {}
RESULT: {}
RESULT: {}
COMMAND: POST /session/284f745c9598ec68bd9714133dfb15c1/window - {"handle":"D1CCE01D0E1637D613899A63103EEE24"}
RESULT: {"handle":"D1CCE01D0E1637D613899A63103EEE24"}
COMMAND: GET /session/284f745c9598ec68bd9714133dfb15c1/url - {}
RESULT: {"using":"xpath","value":"//span[contains(text(), \"WebdriverYardjjtihg\")][contains(@id ,\"application-addressmanagement-display-component---detailAdm--addressDetailDetailsName1\")]"}
RESULT: {}
COMMAND: GET /session/284f745c9598ec68bd9714133dfb15c1/screenshot - {}
COMMAND: POST /session/284f745c9598ec68bd9714133dfb15c1/element - {"using":"xpath","value":"//span[contains(text(), \"WebdriverYardjjtihg\")][contains(@id ,\"application-addressmanagement-display-component---detailAdm--addressDetailDetailsName1\")]"}
RESULT: {}
RESULT: {"using":"xpath","value":"//span[contains(text(), \"WebdriverYardjjtihg\")][contains(@id ,\"application-addressmanagement-display-component---detailAdm--addressDetailDetailsName1\")]"}
COMMAND: POST /session/284f745c9598ec68bd9714133dfb15c1/element - {"using":"xpath","value":"//span[contains(text(), \"WebdriverYardjjtihg\")][contains(@id ,\"application-addressmanagement-display-component---detailAdm--addressDetailDetailsName1\")]"}
RESULT: {"using":"xpath","value":"//span[contains(text(), \"WebdriverYardjjtihg\")][contains(@id ,\"application-addressmanagement-display-component---detailAdm--addressDetailDetailsName1\")]"}
COMMAND: POST /session/284f745c9598ec68bd9714133dfb15c1/element - {"using":"xpath","value":"//span[contains(text(), \"WebdriverYardjjtihg\")][contains(@id ,\"application-addressmanagement-display-component---detailAdm--addressDetailDetailsName1\")]"}
RESULT: {"using":"xpath","value":"//span[contains(text(), \"WebdriverYardjjtihg\")][contains(@id ,\"application-addressmanagement-display-component---detailAdm--addressDetailDetailsName1\")]"}
COMMAND: POST /session/284f745c9598ec68bd9714133dfb15c1/element - {"using":"xpath","value":"//span[contains(text(), \"WebdriverYardjjtihg\")][contains(@id ,\"application-addressmanagement-display-component---detailAdm--addressDetailDetailsName1\")]"}
RESULT: {"using":"xpath","value":"//span[contains(text(), \"WebdriverYardjjtihg\")][contains(@id ,\"application-addressmanagement-display-component---detailAdm--addressDetailDetailsName1\")]"}
COMMAND: POST /session/284f745c9598ec68bd9714133dfb15c1/element - {"using":"xpath","value":"//span[contains(text(), \"WebdriverYardjjtihg\")][contains(@id ,\"application-addressmanagement-display-component---detailAdm--addressDetailDetailsName1\")]"}
RESULT: {"using":"xpath","value":"//span[contains(text(), \"WebdriverYardjjtihg\")][contains(@id ,\"application-addressmanagement-display-component---detailAdm--addressDetailDetailsName1\")]"}
COMMAND: POST /session/284f745c9598ec68bd9714133dfb15c1/element - {"using":"xpath","value":"//span[contains(text(), \"WebdriverYardjjtihg\")][contains(@id ,\"application-addressmanagement-display-component---detailAdm--addressDetailDetailsName1\")]"}
RESULT: {"using":"xpath","value":"//span[contains(text(), \"WebdriverYardjjtihg\")][contains(@id ,\"application-addressmanagement-display-component---detailAdm--addressDetailDetailsName1\")]"}
COMMAND: POST /session/284f745c9598ec68bd9714133dfb15c1/element - {"using":"xpath","value":"//span[contains(text(), \"WebdriverYardjjtihg\")][contains(@id ,\"application-addressmanagement-display-component---detailAdm--addressDetailDetailsName1\")]"}
RESULT: {"using":"xpath","value":"//span[contains(text(), \"WebdriverYardjjtihg\")][contains(@id ,\"application-addressmanagement-display-component---detailAdm--addressDetailDetailsName1\")]"}
]]></system-out>
    </testcase>
    <testcase classname="chrome.136_0_7103_93.windows.Webshop_-_Hyperlinks_visible_and_working_properly__US139085" name="Shpuld verify site hyperlinks" time="242.362">
      <system-out><![CDATA[
COMMAND: POST /session/284f745c9598ec68bd9714133dfb15c1/element - {"using":"xpath","value":"//*[contains(@data-kt ,\"webshopDetailSiteLink\")]"}
RESULT: {"using":"xpath","value":"//*[contains(@data-kt ,\"webshopDetailSiteLink\")]"}
COMMAND: POST /session/284f745c9598ec68bd9714133dfb15c1/execute/sync - {"script":"<script> [8489 bytes]","args":[{"element-6066-11e4-a52e-4f735466cecf":"f.D1CCE01D0E1637D613899A63103EEE24.d.D8EC8FE46B1B357F903CF2935E1E996D.e.3836","ELEMENT":"f.D1CCE01D0E1637D613899A63103EEE24.d.D8EC8FE46B1B357F903CF2935E1E996D.e.3836"}]}
RESULT: {"script":"<script> [8489 bytes]","args":[{"element-6066-11e4-a52e-4f735466cecf":"f.D1CCE01D0E1637D613899A63103EEE24.d.D8EC8FE46B1B357F903CF2935E1E996D.e.3836","ELEMENT":"f.D1CCE01D0E1637D613899A63103EEE24.d.D8EC8FE46B1B357F903CF2935E1E996D.e.3836"}]}
COMMAND: POST /session/284f745c9598ec68bd9714133dfb15c1/execute/sync - {"script":"<script> [5351 bytes]","args":[{"element-6066-11e4-a52e-4f735466cecf":"f.D1CCE01D0E1637D613899A63103EEE24.d.D8EC8FE46B1B357F903CF2935E1E996D.e.3836","ELEMENT":"f.D1CCE01D0E1637D613899A63103EEE24.d.D8EC8FE46B1B357F903CF2935E1E996D.e.3836"}]}
RESULT: {"script":"<script> [5351 bytes]","args":[{"element-6066-11e4-a52e-4f735466cecf":"f.D1CCE01D0E1637D613899A63103EEE24.d.D8EC8FE46B1B357F903CF2935E1E996D.e.3836","ELEMENT":"f.D1CCE01D0E1637D613899A63103EEE24.d.D8EC8FE46B1B357F903CF2935E1E996D.e.3836"}]}
COMMAND: POST /session/284f745c9598ec68bd9714133dfb15c1/element - {"using":"xpath","value":"//*[contains(@data-kt ,\"webshopDetailSiteLink\")]"}
COMMAND: POST /session/284f745c9598ec68bd9714133dfb15c1/element - {"using":"xpath","value":"//span[contains(text(), \"WebdriverYardjjtihg\")][contains(@id ,\"application-addressmanagement-display-component---detailAdm--addressDetailDetailsName1\")]"}
COMMAND: GET /session/284f745c9598ec68bd9714133dfb15c1/screenshot - {}
COMMAND: GET /session/284f745c9598ec68bd9714133dfb15c1/screenshot - {}
RESULT: {"using":"xpath","value":"//*[contains(@data-kt ,\"webshopDetailSiteLink\")]"}
COMMAND: POST /session/284f745c9598ec68bd9714133dfb15c1/element/f.D1CCE01D0E1637D613899A63103EEE24.d.D8EC8FE46B1B357F903CF2935E1E996D.e.3836/click - {}
RESULT: {"using":"xpath","value":"//span[contains(text(), \"WebdriverYardjjtihg\")][contains(@id ,\"application-addressmanagement-display-component---detailAdm--addressDetailDetailsName1\")]"}
RESULT: {}
RESULT: {}
RESULT: {}
COMMAND: GET /session/284f745c9598ec68bd9714133dfb15c1/screenshot - {}
RESULT: {}
COMMAND: POST /session/284f745c9598ec68bd9714133dfb15c1/element - {"using":"xpath","value":"//span[contains(text(), \"WebdriverYardjjtihg\")][contains(@id ,\"application-addressmanagement-display-component---detailAdm--addressDetailDetailsName1\")]"}
RESULT: {"using":"xpath","value":"//span[contains(text(), \"WebdriverYardjjtihg\")][contains(@id ,\"application-addressmanagement-display-component---detailAdm--addressDetailDetailsName1\")]"}
COMMAND: POST /session/284f745c9598ec68bd9714133dfb15c1/element - {"using":"xpath","value":"//span[contains(text(), \"WebdriverYardjjtihg\")][contains(@id ,\"application-addressmanagement-display-component---detailAdm--addressDetailDetailsName1\")]"}
RESULT: {"using":"xpath","value":"//span[contains(text(), \"WebdriverYardjjtihg\")][contains(@id ,\"application-addressmanagement-display-component---detailAdm--addressDetailDetailsName1\")]"}
COMMAND: POST /session/284f745c9598ec68bd9714133dfb15c1/element - {"using":"xpath","value":"//span[contains(text(), \"WebdriverYardjjtihg\")][contains(@id ,\"application-addressmanagement-display-component---detailAdm--addressDetailDetailsName1\")]"}
RESULT: {"using":"xpath","value":"//span[contains(text(), \"WebdriverYardjjtihg\")][contains(@id ,\"application-addressmanagement-display-component---detailAdm--addressDetailDetailsName1\")]"}
COMMAND: POST /session/284f745c9598ec68bd9714133dfb15c1/element - {"using":"xpath","value":"//span[contains(text(), \"WebdriverYardjjtihg\")][contains(@id ,\"application-addressmanagement-display-component---detailAdm--addressDetailDetailsName1\")]"}
RESULT: {"using":"xpath","value":"//span[contains(text(), \"WebdriverYardjjtihg\")][contains(@id ,\"application-addressmanagement-display-component---detailAdm--addressDetailDetailsName1\")]"}
COMMAND: POST /session/284f745c9598ec68bd9714133dfb15c1/element - {"using":"xpath","value":"//*[contains(@data-kt ,\"ContextMenuIdLink\")][contains(text(), \"Manage Site\")]"}
RESULT: {"using":"xpath","value":"//*[contains(@data-kt ,\"ContextMenuIdLink\")][contains(text(), \"Manage Site\")]"}
COMMAND: POST /session/284f745c9598ec68bd9714133dfb15c1/execute/sync - {"script":"<script> [8489 bytes]","args":[{"element-6066-11e4-a52e-4f735466cecf":"f.D1CCE01D0E1637D613899A63103EEE24.d.D8EC8FE46B1B357F903CF2935E1E996D.e.3838","ELEMENT":"f.D1CCE01D0E1637D613899A63103EEE24.d.D8EC8FE46B1B357F903CF2935E1E996D.e.3838"}]}
COMMAND: POST /session/284f745c9598ec68bd9714133dfb15c1/element - {"using":"xpath","value":"//*[contains(@data-kt ,\"ContextMenuId2Link\")][contains(text(), \"Site Overview\")]"}
RESULT: {"script":"<script> [8489 bytes]","args":[{"element-6066-11e4-a52e-4f735466cecf":"f.D1CCE01D0E1637D613899A63103EEE24.d.D8EC8FE46B1B357F903CF2935E1E996D.e.3838","ELEMENT":"f.D1CCE01D0E1637D613899A63103EEE24.d.D8EC8FE46B1B357F903CF2935E1E996D.e.3838"}]}
COMMAND: GET /session/284f745c9598ec68bd9714133dfb15c1/screenshot - {}
COMMAND: POST /session/284f745c9598ec68bd9714133dfb15c1/element - {"using":"xpath","value":"//span[contains(text(), \"WebdriverYardjjtihg\")][contains(@id ,\"application-addressmanagement-display-component---detailAdm--addressDetailDetailsName1\")]"}
RESULT: {"using":"xpath","value":"//*[contains(@data-kt ,\"ContextMenuId2Link\")][contains(text(), \"Site Overview\")]"}
COMMAND: POST /session/284f745c9598ec68bd9714133dfb15c1/execute/sync - {"script":"<script> [8489 bytes]","args":[{"element-6066-11e4-a52e-4f735466cecf":"f.D1CCE01D0E1637D613899A63103EEE24.d.D8EC8FE46B1B357F903CF2935E1E996D.e.3839","ELEMENT":"f.D1CCE01D0E1637D613899A63103EEE24.d.D8EC8FE46B1B357F903CF2935E1E996D.e.3839"}]}
COMMAND: POST /session/284f745c9598ec68bd9714133dfb15c1/element - {"using":"xpath","value":"//*[contains(@data-kt ,\"ContextMenuId3Link\")][contains(text(), \"Site Main Address\")]"}
RESULT: {}
RESULT: {"using":"xpath","value":"//span[contains(text(), \"WebdriverYardjjtihg\")][contains(@id ,\"application-addressmanagement-display-component---detailAdm--addressDetailDetailsName1\")]"}
RESULT: {"script":"<script> [8489 bytes]","args":[{"element-6066-11e4-a52e-4f735466cecf":"f.D1CCE01D0E1637D613899A63103EEE24.d.D8EC8FE46B1B357F903CF2935E1E996D.e.3839","ELEMENT":"f.D1CCE01D0E1637D613899A63103EEE24.d.D8EC8FE46B1B357F903CF2935E1E996D.e.3839"}]}
COMMAND: GET /session/284f745c9598ec68bd9714133dfb15c1/screenshot - {}
RESULT: {"using":"xpath","value":"//*[contains(@data-kt ,\"ContextMenuId3Link\")][contains(text(), \"Site Main Address\")]"}
COMMAND: POST /session/284f745c9598ec68bd9714133dfb15c1/execute/sync - {"script":"<script> [8489 bytes]","args":[{"element-6066-11e4-a52e-4f735466cecf":"f.D1CCE01D0E1637D613899A63103EEE24.d.D8EC8FE46B1B357F903CF2935E1E996D.e.3840","ELEMENT":"f.D1CCE01D0E1637D613899A63103EEE24.d.D8EC8FE46B1B357F903CF2935E1E996D.e.3840"}]}
COMMAND: POST /session/284f745c9598ec68bd9714133dfb15c1/element/f.D1CCE01D0E1637D613899A63103EEE24.d.D8EC8FE46B1B357F903CF2935E1E996D.e.3838/click - {}
RESULT: {}
RESULT: {"script":"<script> [8489 bytes]","args":[{"element-6066-11e4-a52e-4f735466cecf":"f.D1CCE01D0E1637D613899A63103EEE24.d.D8EC8FE46B1B357F903CF2935E1E996D.e.3840","ELEMENT":"f.D1CCE01D0E1637D613899A63103EEE24.d.D8EC8FE46B1B357F903CF2935E1E996D.e.3840"}]}
COMMAND: GET /session/284f745c9598ec68bd9714133dfb15c1/screenshot - {}
COMMAND: POST /session/284f745c9598ec68bd9714133dfb15c1/element - {"using":"xpath","value":"//span[contains(text(), \"WebdriverYardjjtihg\")][contains(@id ,\"application-addressmanagement-display-component---detailAdm--addressDetailDetailsName1\")]"}
RESULT: {}
COMMAND: GET /session/284f745c9598ec68bd9714133dfb15c1/screenshot - {}
RESULT: {}
RESULT: {"using":"xpath","value":"//span[contains(text(), \"WebdriverYardjjtihg\")][contains(@id ,\"application-addressmanagement-display-component---detailAdm--addressDetailDetailsName1\")]"}
RESULT: {}
COMMAND: POST /session/284f745c9598ec68bd9714133dfb15c1/element - {"using":"xpath","value":"//span[contains(text(), \"WebdriverYardjjtihg\")][contains(@id ,\"application-addressmanagement-display-component---detailAdm--addressDetailDetailsName1\")]"}
RESULT: {"using":"xpath","value":"//span[contains(text(), \"WebdriverYardjjtihg\")][contains(@id ,\"application-addressmanagement-display-component---detailAdm--addressDetailDetailsName1\")]"}
COMMAND: POST /session/284f745c9598ec68bd9714133dfb15c1/element - {"using":"xpath","value":"//span[contains(text(), \"WebdriverYardjjtihg\")][contains(@id ,\"application-addressmanagement-display-component---detailAdm--addressDetailDetailsName1\")]"}
RESULT: {"using":"xpath","value":"//span[contains(text(), \"WebdriverYardjjtihg\")][contains(@id ,\"application-addressmanagement-display-component---detailAdm--addressDetailDetailsName1\")]"}
COMMAND: POST /session/284f745c9598ec68bd9714133dfb15c1/element - {"using":"xpath","value":"//span[contains(text(), \"WebdriverYardjjtihg\")][contains(@id ,\"application-addressmanagement-display-component---detailAdm--addressDetailDetailsName1\")]"}
RESULT: {"using":"xpath","value":"//span[contains(text(), \"WebdriverYardjjtihg\")][contains(@id ,\"application-addressmanagement-display-component---detailAdm--addressDetailDetailsName1\")]"}
COMMAND: POST /session/284f745c9598ec68bd9714133dfb15c1/element - {"using":"xpath","value":"//span[contains(text(), \"WebdriverYardjjtihg\")][contains(@id ,\"application-addressmanagement-display-component---detailAdm--addressDetailDetailsName1\")]"}
RESULT: {"using":"xpath","value":"//span[contains(text(), \"WebdriverYardjjtihg\")][contains(@id ,\"application-addressmanagement-display-component---detailAdm--addressDetailDetailsName1\")]"}
COMMAND: POST /session/284f745c9598ec68bd9714133dfb15c1/element - {"using":"xpath","value":"//span[contains(text(), \"WebdriverYardjjtihg\")][contains(@id ,\"application-addressmanagement-display-component---detailAdm--addressDetailDetailsName1\")]"}
RESULT: {"using":"xpath","value":"//span[contains(text(), \"WebdriverYardjjtihg\")][contains(@id ,\"application-addressmanagement-display-component---detailAdm--addressDetailDetailsName1\")]"}
COMMAND: POST /session/284f745c9598ec68bd9714133dfb15c1/element - {"using":"xpath","value":"//span[contains(text(), \"WebdriverYardjjtihg\")][contains(@id ,\"application-addressmanagement-display-component---detailAdm--addressDetailDetailsName1\")]"}
RESULT: {"using":"xpath","value":"//span[contains(text(), \"WebdriverYardjjtihg\")][contains(@id ,\"application-addressmanagement-display-component---detailAdm--addressDetailDetailsName1\")]"}
COMMAND: POST /session/284f745c9598ec68bd9714133dfb15c1/element - {"using":"xpath","value":"//span[contains(text(), \"WebdriverYardjjtihg\")][contains(@id ,\"application-addressmanagement-display-component---detailAdm--addressDetailDetailsName1\")]"}
RESULT: {"using":"xpath","value":"//span[contains(text(), \"WebdriverYardjjtihg\")][contains(@id ,\"application-addressmanagement-display-component---detailAdm--addressDetailDetailsName1\")]"}
COMMAND: POST /session/284f745c9598ec68bd9714133dfb15c1/element - {"using":"xpath","value":"//span[contains(text(), \"WebdriverYardjjtihg\")][contains(@id ,\"application-addressmanagement-display-component---detailAdm--addressDetailDetailsName1\")]"}
RESULT: {"using":"xpath","value":"//span[contains(text(), \"WebdriverYardjjtihg\")][contains(@id ,\"application-addressmanagement-display-component---detailAdm--addressDetailDetailsName1\")]"}
COMMAND: POST /session/284f745c9598ec68bd9714133dfb15c1/element - {"using":"xpath","value":"//span[contains(text(), \"WebdriverYardjjtihg\")][contains(@id ,\"application-addressmanagement-display-component---detailAdm--addressDetailDetailsName1\")]"}
RESULT: {"using":"xpath","value":"//span[contains(text(), \"WebdriverYardjjtihg\")][contains(@id ,\"application-addressmanagement-display-component---detailAdm--addressDetailDetailsName1\")]"}
COMMAND: POST /session/284f745c9598ec68bd9714133dfb15c1/element - {"using":"xpath","value":"//span[contains(text(), \"WebdriverYardjjtihg\")][contains(@id ,\"application-addressmanagement-display-component---detailAdm--addressDetailDetailsName1\")]"}
RESULT: {"using":"xpath","value":"//span[contains(text(), \"WebdriverYardjjtihg\")][contains(@id ,\"application-addressmanagement-display-component---detailAdm--addressDetailDetailsName1\")]"}
COMMAND: POST /session/284f745c9598ec68bd9714133dfb15c1/element - {"using":"xpath","value":"//span[contains(text(), \"WebdriverYardjjtihg\")][contains(@id ,\"application-addressmanagement-display-component---detailAdm--addressDetailDetailsName1\")]"}
RESULT: {"using":"xpath","value":"//span[contains(text(), \"WebdriverYardjjtihg\")][contains(@id ,\"application-addressmanagement-display-component---detailAdm--addressDetailDetailsName1\")]"}
COMMAND: POST /session/284f745c9598ec68bd9714133dfb15c1/element - {"using":"xpath","value":"//span[contains(text(), \"WebdriverYardjjtihg\")][contains(@id ,\"application-addressmanagement-display-component---detailAdm--addressDetailDetailsName1\")]"}
RESULT: {"using":"xpath","value":"//span[contains(text(), \"WebdriverYardjjtihg\")][contains(@id ,\"application-addressmanagement-display-component---detailAdm--addressDetailDetailsName1\")]"}
COMMAND: POST /session/284f745c9598ec68bd9714133dfb15c1/element - {"using":"xpath","value":"//span[contains(text(), \"WebdriverYardjjtihg\")][contains(@id ,\"application-addressmanagement-display-component---detailAdm--addressDetailDetailsName1\")]"}
RESULT: {"using":"xpath","value":"//span[contains(text(), \"WebdriverYardjjtihg\")][contains(@id ,\"application-addressmanagement-display-component---detailAdm--addressDetailDetailsName1\")]"}
COMMAND: POST /session/284f745c9598ec68bd9714133dfb15c1/execute/async - {"script":"<script> [1562 bytes]","args":[{"selector":{"controlType":"sap.m.Title","viewName":"etm.portal.ui.managesites.view.Master","viewId":"application-managesites-display-component---masterSite","i18NText":{"propertyName":"text","key":"sites"}},"wdio_ui5_key":"etmportal.ui.managesites.view.Mastersap.m.Title{\"propertyName\":\"text\",\"key\":\"sites\"}"}]}
COMMAND: POST /session/284f745c9598ec68bd9714133dfb15c1/element - {"using":"xpath","value":"//span[contains(text(), \"WebdriverYardjjtihg\")][contains(@id ,\"application-addressmanagement-display-component---detailAdm--addressDetailDetailsName1\")]"}
RESULT: {"script":"<script> [1562 bytes]","args":[{"selector":{"controlType":"sap.m.Title","viewName":"etm.portal.ui.managesites.view.Master","viewId":"application-managesites-display-component---masterSite","i18NText":{"propertyName":"text","key":"sites"}},"wdio_ui5_key":"etmportal.ui.managesites.view.Mastersap.m.Title{\"propertyName\":\"text\",\"key\":\"sites\"}"}]}
RESULT: undefined
COMMAND: POST /session/284f745c9598ec68bd9714133dfb15c1/execute/async - {"script":"<script> [6424 bytes]","args":[{"element-6066-11e4-a52e-4f735466cecf":"f.D1CCE01D0E1637D613899A63103EEE24.d.D8EC8FE46B1B357F903CF2935E1E996D.e.4051"},"getText",[]]}
RESULT: {"using":"xpath","value":"//span[contains(text(), \"WebdriverYardjjtihg\")][contains(@id ,\"application-addressmanagement-display-component---detailAdm--addressDetailDetailsName1\")]"}
RESULT: {"script":"<script> [6424 bytes]","args":[{"element-6066-11e4-a52e-4f735466cecf":"f.D1CCE01D0E1637D613899A63103EEE24.d.D8EC8FE46B1B357F903CF2935E1E996D.e.4051"},"getText",[]]}
COMMAND: POST /session/284f745c9598ec68bd9714133dfb15c1/execute/async - {"script":"<script> [1562 bytes]","args":[{"selector":{"id":"application-managesites-display-component---detailSite--addressDetailDetailsName1"},"wdio_ui5_key":"applicationmanagesites-display-component---detailSite--addressDetailDetailsName1"}]}
COMMAND: POST /session/284f745c9598ec68bd9714133dfb15c1/element - {"using":"xpath","value":"//span[contains(text(), \"WebdriverYardjjtihg\")][contains(@id ,\"application-addressmanagement-display-component---detailAdm--addressDetailDetailsName1\")]"}
RESULT: {"script":"<script> [1562 bytes]","args":[{"selector":{"id":"application-managesites-display-component---detailSite--addressDetailDetailsName1"},"wdio_ui5_key":"applicationmanagesites-display-component---detailSite--addressDetailDetailsName1"}]}
RESULT: undefined
COMMAND: POST /session/284f745c9598ec68bd9714133dfb15c1/execute/async - {"script":"<script> [6424 bytes]","args":[{"element-6066-11e4-a52e-4f735466cecf":"f.D1CCE01D0E1637D613899A63103EEE24.d.D8EC8FE46B1B357F903CF2935E1E996D.e.3904"},"getValue",[]]}
RESULT: {"using":"xpath","value":"//span[contains(text(), \"WebdriverYardjjtihg\")][contains(@id ,\"application-addressmanagement-display-component---detailAdm--addressDetailDetailsName1\")]"}
RESULT: {"script":"<script> [6424 bytes]","args":[{"element-6066-11e4-a52e-4f735466cecf":"f.D1CCE01D0E1637D613899A63103EEE24.d.D8EC8FE46B1B357F903CF2935E1E996D.e.3904"},"getValue",[]]}
RESULT: undefined
COMMAND: POST /session/284f745c9598ec68bd9714133dfb15c1/element - {"using":"xpath","value":"//*[@id=\"backBtn\"]"}
RESULT: {"using":"xpath","value":"//*[@id=\"backBtn\"]"}
COMMAND: POST /session/284f745c9598ec68bd9714133dfb15c1/element/f.D1CCE01D0E1637D613899A63103EEE24.d.D8EC8FE46B1B357F903CF2935E1E996D.e.3175/click - {}
COMMAND: POST /session/284f745c9598ec68bd9714133dfb15c1/element - {"using":"xpath","value":"//span[contains(text(), \"WebdriverYardjjtihg\")][contains(@id ,\"application-addressmanagement-display-component---detailAdm--addressDetailDetailsName1\")]"}
RESULT: {}
COMMAND: GET /session/284f745c9598ec68bd9714133dfb15c1/screenshot - {}
COMMAND: POST /session/284f745c9598ec68bd9714133dfb15c1/execute/sync - {"script":"<script> [8489 bytes]","args":[{"element-6066-11e4-a52e-4f735466cecf":"f.D1CCE01D0E1637D613899A63103EEE24.d.D8EC8FE46B1B357F903CF2935E1E996D.e.3836","ELEMENT":"f.D1CCE01D0E1637D613899A63103EEE24.d.D8EC8FE46B1B357F903CF2935E1E996D.e.3836"}]}
RESULT: {"using":"xpath","value":"//span[contains(text(), \"WebdriverYardjjtihg\")][contains(@id ,\"application-addressmanagement-display-component---detailAdm--addressDetailDetailsName1\")]"}
RESULT: {}
COMMAND: POST /session/284f745c9598ec68bd9714133dfb15c1/element - {"using":"xpath","value":"//*[contains(@data-kt ,\"webshopDetailSiteLink\")]"}
RESULT: {"using":"xpath","value":"//*[contains(@data-kt ,\"webshopDetailSiteLink\")]"}
COMMAND: POST /session/284f745c9598ec68bd9714133dfb15c1/execute/sync - {"script":"<script> [8489 bytes]","args":[{"element-6066-11e4-a52e-4f735466cecf":"f.D1CCE01D0E1637D613899A63103EEE24.d.D8EC8FE46B1B357F903CF2935E1E996D.e.4166","ELEMENT":"f.D1CCE01D0E1637D613899A63103EEE24.d.D8EC8FE46B1B357F903CF2935E1E996D.e.4166"}]}
RESULT: {"script":"<script> [8489 bytes]","args":[{"element-6066-11e4-a52e-4f735466cecf":"f.D1CCE01D0E1637D613899A63103EEE24.d.D8EC8FE46B1B357F903CF2935E1E996D.e.4166","ELEMENT":"f.D1CCE01D0E1637D613899A63103EEE24.d.D8EC8FE46B1B357F903CF2935E1E996D.e.4166"}]}
COMMAND: POST /session/284f745c9598ec68bd9714133dfb15c1/execute/sync - {"script":"<script> [5351 bytes]","args":[{"element-6066-11e4-a52e-4f735466cecf":"f.D1CCE01D0E1637D613899A63103EEE24.d.D8EC8FE46B1B357F903CF2935E1E996D.e.4166","ELEMENT":"f.D1CCE01D0E1637D613899A63103EEE24.d.D8EC8FE46B1B357F903CF2935E1E996D.e.4166"}]}
COMMAND: GET /session/284f745c9598ec68bd9714133dfb15c1/screenshot - {}
RESULT: {"script":"<script> [5351 bytes]","args":[{"element-6066-11e4-a52e-4f735466cecf":"f.D1CCE01D0E1637D613899A63103EEE24.d.D8EC8FE46B1B357F903CF2935E1E996D.e.4166","ELEMENT":"f.D1CCE01D0E1637D613899A63103EEE24.d.D8EC8FE46B1B357F903CF2935E1E996D.e.4166"}]}
COMMAND: POST /session/284f745c9598ec68bd9714133dfb15c1/execute/sync - {"script":"<script> [8489 bytes]","args":[{"element-6066-11e4-a52e-4f735466cecf":"f.D1CCE01D0E1637D613899A63103EEE24.d.D8EC8FE46B1B357F903CF2935E1E996D.e.4166","ELEMENT":"f.D1CCE01D0E1637D613899A63103EEE24.d.D8EC8FE46B1B357F903CF2935E1E996D.e.4166"}]}
COMMAND: GET /session/284f745c9598ec68bd9714133dfb15c1/screenshot - {}
RESULT: {}
RESULT: {"script":"<script> [8489 bytes]","args":[{"element-6066-11e4-a52e-4f735466cecf":"f.D1CCE01D0E1637D613899A63103EEE24.d.D8EC8FE46B1B357F903CF2935E1E996D.e.4166","ELEMENT":"f.D1CCE01D0E1637D613899A63103EEE24.d.D8EC8FE46B1B357F903CF2935E1E996D.e.4166"}]}
COMMAND: POST /session/284f745c9598ec68bd9714133dfb15c1/execute/sync - {"script":"<script> [5351 bytes]","args":[{"element-6066-11e4-a52e-4f735466cecf":"f.D1CCE01D0E1637D613899A63103EEE24.d.D8EC8FE46B1B357F903CF2935E1E996D.e.4166","ELEMENT":"f.D1CCE01D0E1637D613899A63103EEE24.d.D8EC8FE46B1B357F903CF2935E1E996D.e.4166"}]}
COMMAND: GET /session/284f745c9598ec68bd9714133dfb15c1/screenshot - {}
RESULT: {}
RESULT: {"script":"<script> [5351 bytes]","args":[{"element-6066-11e4-a52e-4f735466cecf":"f.D1CCE01D0E1637D613899A63103EEE24.d.D8EC8FE46B1B357F903CF2935E1E996D.e.4166","ELEMENT":"f.D1CCE01D0E1637D613899A63103EEE24.d.D8EC8FE46B1B357F903CF2935E1E996D.e.4166"}]}
COMMAND: POST /session/284f745c9598ec68bd9714133dfb15c1/execute/sync - {"script":"<script> [8489 bytes]","args":[{"element-6066-11e4-a52e-4f735466cecf":"f.D1CCE01D0E1637D613899A63103EEE24.d.D8EC8FE46B1B357F903CF2935E1E996D.e.4166","ELEMENT":"f.D1CCE01D0E1637D613899A63103EEE24.d.D8EC8FE46B1B357F903CF2935E1E996D.e.4166"}]}
COMMAND: GET /session/284f745c9598ec68bd9714133dfb15c1/screenshot - {}
RESULT: {}
RESULT: {"script":"<script> [8489 bytes]","args":[{"element-6066-11e4-a52e-4f735466cecf":"f.D1CCE01D0E1637D613899A63103EEE24.d.D8EC8FE46B1B357F903CF2935E1E996D.e.4166","ELEMENT":"f.D1CCE01D0E1637D613899A63103EEE24.d.D8EC8FE46B1B357F903CF2935E1E996D.e.4166"}]}
COMMAND: POST /session/284f745c9598ec68bd9714133dfb15c1/execute/sync - {"script":"<script> [5351 bytes]","args":[{"element-6066-11e4-a52e-4f735466cecf":"f.D1CCE01D0E1637D613899A63103EEE24.d.D8EC8FE46B1B357F903CF2935E1E996D.e.4166","ELEMENT":"f.D1CCE01D0E1637D613899A63103EEE24.d.D8EC8FE46B1B357F903CF2935E1E996D.e.4166"}]}
COMMAND: GET /session/284f745c9598ec68bd9714133dfb15c1/screenshot - {}
RESULT: {}
RESULT: {"script":"<script> [5351 bytes]","args":[{"element-6066-11e4-a52e-4f735466cecf":"f.D1CCE01D0E1637D613899A63103EEE24.d.D8EC8FE46B1B357F903CF2935E1E996D.e.4166","ELEMENT":"f.D1CCE01D0E1637D613899A63103EEE24.d.D8EC8FE46B1B357F903CF2935E1E996D.e.4166"}]}
RESULT: {}
COMMAND: POST /session/284f745c9598ec68bd9714133dfb15c1/execute/sync - {"script":"<script> [8489 bytes]","args":[{"element-6066-11e4-a52e-4f735466cecf":"f.D1CCE01D0E1637D613899A63103EEE24.d.D8EC8FE46B1B357F903CF2935E1E996D.e.4166","ELEMENT":"f.D1CCE01D0E1637D613899A63103EEE24.d.D8EC8FE46B1B357F903CF2935E1E996D.e.4166"}]}
COMMAND: GET /session/284f745c9598ec68bd9714133dfb15c1/screenshot - {}
RESULT: {"script":"<script> [8489 bytes]","args":[{"element-6066-11e4-a52e-4f735466cecf":"f.D1CCE01D0E1637D613899A63103EEE24.d.D8EC8FE46B1B357F903CF2935E1E996D.e.4166","ELEMENT":"f.D1CCE01D0E1637D613899A63103EEE24.d.D8EC8FE46B1B357F903CF2935E1E996D.e.4166"}]}
COMMAND: POST /session/284f745c9598ec68bd9714133dfb15c1/execute/sync - {"script":"<script> [5351 bytes]","args":[{"element-6066-11e4-a52e-4f735466cecf":"f.D1CCE01D0E1637D613899A63103EEE24.d.D8EC8FE46B1B357F903CF2935E1E996D.e.4166","ELEMENT":"f.D1CCE01D0E1637D613899A63103EEE24.d.D8EC8FE46B1B357F903CF2935E1E996D.e.4166"}]}
COMMAND: GET /session/284f745c9598ec68bd9714133dfb15c1/screenshot - {}
RESULT: {}
RESULT: {"script":"<script> [5351 bytes]","args":[{"element-6066-11e4-a52e-4f735466cecf":"f.D1CCE01D0E1637D613899A63103EEE24.d.D8EC8FE46B1B357F903CF2935E1E996D.e.4166","ELEMENT":"f.D1CCE01D0E1637D613899A63103EEE24.d.D8EC8FE46B1B357F903CF2935E1E996D.e.4166"}]}
COMMAND: GET /session/284f745c9598ec68bd9714133dfb15c1/screenshot - {}
COMMAND: POST /session/284f745c9598ec68bd9714133dfb15c1/execute/sync - {"script":"<script> [8489 bytes]","args":[{"element-6066-11e4-a52e-4f735466cecf":"f.D1CCE01D0E1637D613899A63103EEE24.d.D8EC8FE46B1B357F903CF2935E1E996D.e.4166","ELEMENT":"f.D1CCE01D0E1637D613899A63103EEE24.d.D8EC8FE46B1B357F903CF2935E1E996D.e.4166"}]}
RESULT: {}
RESULT: {}
RESULT: {"script":"<script> [8489 bytes]","args":[{"element-6066-11e4-a52e-4f735466cecf":"f.D1CCE01D0E1637D613899A63103EEE24.d.D8EC8FE46B1B357F903CF2935E1E996D.e.4166","ELEMENT":"f.D1CCE01D0E1637D613899A63103EEE24.d.D8EC8FE46B1B357F903CF2935E1E996D.e.4166"}]}
COMMAND: POST /session/284f745c9598ec68bd9714133dfb15c1/execute/sync - {"script":"<script> [5351 bytes]","args":[{"element-6066-11e4-a52e-4f735466cecf":"f.D1CCE01D0E1637D613899A63103EEE24.d.D8EC8FE46B1B357F903CF2935E1E996D.e.4166","ELEMENT":"f.D1CCE01D0E1637D613899A63103EEE24.d.D8EC8FE46B1B357F903CF2935E1E996D.e.4166"}]}
COMMAND: GET /session/284f745c9598ec68bd9714133dfb15c1/screenshot - {}
RESULT: {"script":"<script> [5351 bytes]","args":[{"element-6066-11e4-a52e-4f735466cecf":"f.D1CCE01D0E1637D613899A63103EEE24.d.D8EC8FE46B1B357F903CF2935E1E996D.e.4166","ELEMENT":"f.D1CCE01D0E1637D613899A63103EEE24.d.D8EC8FE46B1B357F903CF2935E1E996D.e.4166"}]}
COMMAND: POST /session/284f745c9598ec68bd9714133dfb15c1/execute/sync - {"script":"<script> [8489 bytes]","args":[{"element-6066-11e4-a52e-4f735466cecf":"f.D1CCE01D0E1637D613899A63103EEE24.d.D8EC8FE46B1B357F903CF2935E1E996D.e.4166","ELEMENT":"f.D1CCE01D0E1637D613899A63103EEE24.d.D8EC8FE46B1B357F903CF2935E1E996D.e.4166"}]}
COMMAND: GET /session/284f745c9598ec68bd9714133dfb15c1/screenshot - {}
RESULT: {}
RESULT: {"script":"<script> [8489 bytes]","args":[{"element-6066-11e4-a52e-4f735466cecf":"f.D1CCE01D0E1637D613899A63103EEE24.d.D8EC8FE46B1B357F903CF2935E1E996D.e.4166","ELEMENT":"f.D1CCE01D0E1637D613899A63103EEE24.d.D8EC8FE46B1B357F903CF2935E1E996D.e.4166"}]}
COMMAND: POST /session/284f745c9598ec68bd9714133dfb15c1/execute/sync - {"script":"<script> [5351 bytes]","args":[{"element-6066-11e4-a52e-4f735466cecf":"f.D1CCE01D0E1637D613899A63103EEE24.d.D8EC8FE46B1B357F903CF2935E1E996D.e.4166","ELEMENT":"f.D1CCE01D0E1637D613899A63103EEE24.d.D8EC8FE46B1B357F903CF2935E1E996D.e.4166"}]}
COMMAND: GET /session/284f745c9598ec68bd9714133dfb15c1/screenshot - {}
RESULT: {}
RESULT: {"script":"<script> [5351 bytes]","args":[{"element-6066-11e4-a52e-4f735466cecf":"f.D1CCE01D0E1637D613899A63103EEE24.d.D8EC8FE46B1B357F903CF2935E1E996D.e.4166","ELEMENT":"f.D1CCE01D0E1637D613899A63103EEE24.d.D8EC8FE46B1B357F903CF2935E1E996D.e.4166"}]}
COMMAND: POST /session/284f745c9598ec68bd9714133dfb15c1/execute/sync - {"script":"<script> [8489 bytes]","args":[{"element-6066-11e4-a52e-4f735466cecf":"f.D1CCE01D0E1637D613899A63103EEE24.d.D8EC8FE46B1B357F903CF2935E1E996D.e.4166","ELEMENT":"f.D1CCE01D0E1637D613899A63103EEE24.d.D8EC8FE46B1B357F903CF2935E1E996D.e.4166"}]}
COMMAND: GET /session/284f745c9598ec68bd9714133dfb15c1/screenshot - {}
RESULT: {}
RESULT: {"script":"<script> [8489 bytes]","args":[{"element-6066-11e4-a52e-4f735466cecf":"f.D1CCE01D0E1637D613899A63103EEE24.d.D8EC8FE46B1B357F903CF2935E1E996D.e.4166","ELEMENT":"f.D1CCE01D0E1637D613899A63103EEE24.d.D8EC8FE46B1B357F903CF2935E1E996D.e.4166"}]}
COMMAND: POST /session/284f745c9598ec68bd9714133dfb15c1/execute/sync - {"script":"<script> [5351 bytes]","args":[{"element-6066-11e4-a52e-4f735466cecf":"f.D1CCE01D0E1637D613899A63103EEE24.d.D8EC8FE46B1B357F903CF2935E1E996D.e.4166","ELEMENT":"f.D1CCE01D0E1637D613899A63103EEE24.d.D8EC8FE46B1B357F903CF2935E1E996D.e.4166"}]}
COMMAND: GET /session/284f745c9598ec68bd9714133dfb15c1/screenshot - {}
RESULT: {}
RESULT: {"script":"<script> [5351 bytes]","args":[{"element-6066-11e4-a52e-4f735466cecf":"f.D1CCE01D0E1637D613899A63103EEE24.d.D8EC8FE46B1B357F903CF2935E1E996D.e.4166","ELEMENT":"f.D1CCE01D0E1637D613899A63103EEE24.d.D8EC8FE46B1B357F903CF2935E1E996D.e.4166"}]}
COMMAND: POST /session/284f745c9598ec68bd9714133dfb15c1/execute/sync - {"script":"<script> [8489 bytes]","args":[{"element-6066-11e4-a52e-4f735466cecf":"f.D1CCE01D0E1637D613899A63103EEE24.d.D8EC8FE46B1B357F903CF2935E1E996D.e.4166","ELEMENT":"f.D1CCE01D0E1637D613899A63103EEE24.d.D8EC8FE46B1B357F903CF2935E1E996D.e.4166"}]}
COMMAND: GET /session/284f745c9598ec68bd9714133dfb15c1/screenshot - {}
RESULT: {}
RESULT: {"script":"<script> [8489 bytes]","args":[{"element-6066-11e4-a52e-4f735466cecf":"f.D1CCE01D0E1637D613899A63103EEE24.d.D8EC8FE46B1B357F903CF2935E1E996D.e.4166","ELEMENT":"f.D1CCE01D0E1637D613899A63103EEE24.d.D8EC8FE46B1B357F903CF2935E1E996D.e.4166"}]}
COMMAND: POST /session/284f745c9598ec68bd9714133dfb15c1/execute/sync - {"script":"<script> [5351 bytes]","args":[{"element-6066-11e4-a52e-4f735466cecf":"f.D1CCE01D0E1637D613899A63103EEE24.d.D8EC8FE46B1B357F903CF2935E1E996D.e.4166","ELEMENT":"f.D1CCE01D0E1637D613899A63103EEE24.d.D8EC8FE46B1B357F903CF2935E1E996D.e.4166"}]}
COMMAND: GET /session/284f745c9598ec68bd9714133dfb15c1/screenshot - {}
RESULT: {}
RESULT: {"script":"<script> [5351 bytes]","args":[{"element-6066-11e4-a52e-4f735466cecf":"f.D1CCE01D0E1637D613899A63103EEE24.d.D8EC8FE46B1B357F903CF2935E1E996D.e.4166","ELEMENT":"f.D1CCE01D0E1637D613899A63103EEE24.d.D8EC8FE46B1B357F903CF2935E1E996D.e.4166"}]}
COMMAND: POST /session/284f745c9598ec68bd9714133dfb15c1/execute/sync - {"script":"<script> [8489 bytes]","args":[{"element-6066-11e4-a52e-4f735466cecf":"f.D1CCE01D0E1637D613899A63103EEE24.d.D8EC8FE46B1B357F903CF2935E1E996D.e.4166","ELEMENT":"f.D1CCE01D0E1637D613899A63103EEE24.d.D8EC8FE46B1B357F903CF2935E1E996D.e.4166"}]}
COMMAND: GET /session/284f745c9598ec68bd9714133dfb15c1/screenshot - {}
RESULT: {}
RESULT: {"script":"<script> [8489 bytes]","args":[{"element-6066-11e4-a52e-4f735466cecf":"f.D1CCE01D0E1637D613899A63103EEE24.d.D8EC8FE46B1B357F903CF2935E1E996D.e.4166","ELEMENT":"f.D1CCE01D0E1637D613899A63103EEE24.d.D8EC8FE46B1B357F903CF2935E1E996D.e.4166"}]}
COMMAND: POST /session/284f745c9598ec68bd9714133dfb15c1/execute/sync - {"script":"<script> [5351 bytes]","args":[{"element-6066-11e4-a52e-4f735466cecf":"f.D1CCE01D0E1637D613899A63103EEE24.d.D8EC8FE46B1B357F903CF2935E1E996D.e.4166","ELEMENT":"f.D1CCE01D0E1637D613899A63103EEE24.d.D8EC8FE46B1B357F903CF2935E1E996D.e.4166"}]}
COMMAND: GET /session/284f745c9598ec68bd9714133dfb15c1/screenshot - {}
RESULT: {}
RESULT: {"script":"<script> [5351 bytes]","args":[{"element-6066-11e4-a52e-4f735466cecf":"f.D1CCE01D0E1637D613899A63103EEE24.d.D8EC8FE46B1B357F903CF2935E1E996D.e.4166","ELEMENT":"f.D1CCE01D0E1637D613899A63103EEE24.d.D8EC8FE46B1B357F903CF2935E1E996D.e.4166"}]}
COMMAND: POST /session/284f745c9598ec68bd9714133dfb15c1/execute/sync - {"script":"<script> [8489 bytes]","args":[{"element-6066-11e4-a52e-4f735466cecf":"f.D1CCE01D0E1637D613899A63103EEE24.d.D8EC8FE46B1B357F903CF2935E1E996D.e.4166","ELEMENT":"f.D1CCE01D0E1637D613899A63103EEE24.d.D8EC8FE46B1B357F903CF2935E1E996D.e.4166"}]}
COMMAND: GET /session/284f745c9598ec68bd9714133dfb15c1/screenshot - {}
RESULT: {}
RESULT: {"script":"<script> [8489 bytes]","args":[{"element-6066-11e4-a52e-4f735466cecf":"f.D1CCE01D0E1637D613899A63103EEE24.d.D8EC8FE46B1B357F903CF2935E1E996D.e.4166","ELEMENT":"f.D1CCE01D0E1637D613899A63103EEE24.d.D8EC8FE46B1B357F903CF2935E1E996D.e.4166"}]}
COMMAND: POST /session/284f745c9598ec68bd9714133dfb15c1/execute/sync - {"script":"<script> [5351 bytes]","args":[{"element-6066-11e4-a52e-4f735466cecf":"f.D1CCE01D0E1637D613899A63103EEE24.d.D8EC8FE46B1B357F903CF2935E1E996D.e.4166","ELEMENT":"f.D1CCE01D0E1637D613899A63103EEE24.d.D8EC8FE46B1B357F903CF2935E1E996D.e.4166"}]}
COMMAND: GET /session/284f745c9598ec68bd9714133dfb15c1/screenshot - {}
RESULT: {}
RESULT: {"script":"<script> [5351 bytes]","args":[{"element-6066-11e4-a52e-4f735466cecf":"f.D1CCE01D0E1637D613899A63103EEE24.d.D8EC8FE46B1B357F903CF2935E1E996D.e.4166","ELEMENT":"f.D1CCE01D0E1637D613899A63103EEE24.d.D8EC8FE46B1B357F903CF2935E1E996D.e.4166"}]}
COMMAND: POST /session/284f745c9598ec68bd9714133dfb15c1/execute/sync - {"script":"<script> [8489 bytes]","args":[{"element-6066-11e4-a52e-4f735466cecf":"f.D1CCE01D0E1637D613899A63103EEE24.d.D8EC8FE46B1B357F903CF2935E1E996D.e.4166","ELEMENT":"f.D1CCE01D0E1637D613899A63103EEE24.d.D8EC8FE46B1B357F903CF2935E1E996D.e.4166"}]}
COMMAND: GET /session/284f745c9598ec68bd9714133dfb15c1/screenshot - {}
RESULT: {}
RESULT: {"script":"<script> [8489 bytes]","args":[{"element-6066-11e4-a52e-4f735466cecf":"f.D1CCE01D0E1637D613899A63103EEE24.d.D8EC8FE46B1B357F903CF2935E1E996D.e.4166","ELEMENT":"f.D1CCE01D0E1637D613899A63103EEE24.d.D8EC8FE46B1B357F903CF2935E1E996D.e.4166"}]}
COMMAND: POST /session/284f745c9598ec68bd9714133dfb15c1/execute/sync - {"script":"<script> [5351 bytes]","args":[{"element-6066-11e4-a52e-4f735466cecf":"f.D1CCE01D0E1637D613899A63103EEE24.d.D8EC8FE46B1B357F903CF2935E1E996D.e.4166","ELEMENT":"f.D1CCE01D0E1637D613899A63103EEE24.d.D8EC8FE46B1B357F903CF2935E1E996D.e.4166"}]}
COMMAND: GET /session/284f745c9598ec68bd9714133dfb15c1/screenshot - {}
RESULT: {}
RESULT: {"script":"<script> [5351 bytes]","args":[{"element-6066-11e4-a52e-4f735466cecf":"f.D1CCE01D0E1637D613899A63103EEE24.d.D8EC8FE46B1B357F903CF2935E1E996D.e.4166","ELEMENT":"f.D1CCE01D0E1637D613899A63103EEE24.d.D8EC8FE46B1B357F903CF2935E1E996D.e.4166"}]}
COMMAND: POST /session/284f745c9598ec68bd9714133dfb15c1/element - {"using":"xpath","value":"//*[contains(@data-kt ,\"webshopDetailSiteLink\")]"}
COMMAND: GET /session/284f745c9598ec68bd9714133dfb15c1/screenshot - {}
RESULT: {}
RESULT: {"using":"xpath","value":"//*[contains(@data-kt ,\"webshopDetailSiteLink\")]"}
COMMAND: POST /session/284f745c9598ec68bd9714133dfb15c1/element/f.D1CCE01D0E1637D613899A63103EEE24.d.D8EC8FE46B1B357F903CF2935E1E996D.e.4166/click - {}
RESULT: {}
RESULT: {}
COMMAND: GET /session/284f745c9598ec68bd9714133dfb15c1/screenshot - {}
RESULT: {}
COMMAND: POST /session/284f745c9598ec68bd9714133dfb15c1/element/f.D1CCE01D0E1637D613899A63103EEE24.d.D8EC8FE46B1B357F903CF2935E1E996D.e.3839/click - {}
COMMAND: POST /session/284f745c9598ec68bd9714133dfb15c1/element - {"using":"xpath","value":"//*[contains(@data-kt ,\"ContextMenuId2Link\")][contains(text(), \"Site Overview\")]"}
RESULT: {"using":"xpath","value":"//*[contains(@data-kt ,\"ContextMenuId2Link\")][contains(text(), \"Site Overview\")]"}
COMMAND: POST /session/284f745c9598ec68bd9714133dfb15c1/element/f.D1CCE01D0E1637D613899A63103EEE24.d.D8EC8FE46B1B357F903CF2935E1E996D.e.3839/click - {}
COMMAND: POST /session/284f745c9598ec68bd9714133dfb15c1/element - {"using":"xpath","value":"//*[contains(@data-kt ,\"ContextMenuId2Link\")][contains(text(), \"Site Overview\")]"}
RESULT: {"using":"xpath","value":"//*[contains(@data-kt ,\"ContextMenuId2Link\")][contains(text(), \"Site Overview\")]"}
COMMAND: POST /session/284f745c9598ec68bd9714133dfb15c1/element/f.D1CCE01D0E1637D613899A63103EEE24.d.D8EC8FE46B1B357F903CF2935E1E996D.e.4186/click - {}
RESULT: {}
COMMAND: GET /session/284f745c9598ec68bd9714133dfb15c1/screenshot - {}
RESULT: {}
RESULT: undefined
COMMAND: POST /session/284f745c9598ec68bd9714133dfb15c1/execute/async - {"script":"<script> [6424 bytes]","args":[{"element-6066-11e4-a52e-4f735466cecf":"f.D1CCE01D0E1637D613899A63103EEE24.d.D8EC8FE46B1B357F903CF2935E1E996D.e.3173"},"getTitle",[]]}
COMMAND: POST /session/284f745c9598ec68bd9714133dfb15c1/execute/async - {"script":"<script> [1562 bytes]","args":[{"selector":{"id":"shellAppTitle"},"wdio_ui5_key":"shellAppTitle"}]}
RESULT: {"script":"<script> [1562 bytes]","args":[{"selector":{"id":"shellAppTitle"},"wdio_ui5_key":"shellAppTitle"}]}
COMMAND: POST /session/284f745c9598ec68bd9714133dfb15c1/execute/async - {"script":"<script> [6424 bytes]","args":[{"element-6066-11e4-a52e-4f735466cecf":"f.D1CCE01D0E1637D613899A63103EEE24.d.D8EC8FE46B1B357F903CF2935E1E996D.e.4267"},"getTitle",[]]}
RESULT: {"script":"<script> [6424 bytes]","args":[{"element-6066-11e4-a52e-4f735466cecf":"f.D1CCE01D0E1637D613899A63103EEE24.d.D8EC8FE46B1B357F903CF2935E1E996D.e.4267"},"getTitle",[]]}
COMMAND: POST /session/284f745c9598ec68bd9714133dfb15c1/element - {"using":"xpath","value":"(//span[contains(text(), \"WebdriverSite2skcn\")])[2]"}
RESULT: {"using":"xpath","value":"(//span[contains(text(), \"WebdriverSite2skcn\")])[2]"}
COMMAND: POST /session/284f745c9598ec68bd9714133dfb15c1/execute/sync - {"script":"<script> [8489 bytes]","args":[{"element-6066-11e4-a52e-4f735466cecf":"f.D1CCE01D0E1637D613899A63103EEE24.d.D8EC8FE46B1B357F903CF2935E1E996D.e.4268","ELEMENT":"f.D1CCE01D0E1637D613899A63103EEE24.d.D8EC8FE46B1B357F903CF2935E1E996D.e.4268"}]}
RESULT: undefined
COMMAND: POST /session/284f745c9598ec68bd9714133dfb15c1/element - {"using":"xpath","value":"//*[@id=\"backBtn\"]"}
RESULT: {"script":"<script> [8489 bytes]","args":[{"element-6066-11e4-a52e-4f735466cecf":"f.D1CCE01D0E1637D613899A63103EEE24.d.D8EC8FE46B1B357F903CF2935E1E996D.e.4268","ELEMENT":"f.D1CCE01D0E1637D613899A63103EEE24.d.D8EC8FE46B1B357F903CF2935E1E996D.e.4268"}]}
COMMAND: GET /session/284f745c9598ec68bd9714133dfb15c1/screenshot - {}
RESULT: {"using":"xpath","value":"//*[@id=\"backBtn\"]"}
COMMAND: POST /session/284f745c9598ec68bd9714133dfb15c1/element/f.D1CCE01D0E1637D613899A63103EEE24.d.D8EC8FE46B1B357F903CF2935E1E996D.e.3175/click - {}
RESULT: {}
RESULT: {}
COMMAND: GET /session/284f745c9598ec68bd9714133dfb15c1/screenshot - {}
RESULT: {}
COMMAND: POST /session/284f745c9598ec68bd9714133dfb15c1/execute/sync - {"script":"<script> [8489 bytes]","args":[{"element-6066-11e4-a52e-4f735466cecf":"f.D1CCE01D0E1637D613899A63103EEE24.d.D8EC8FE46B1B357F903CF2935E1E996D.e.4166","ELEMENT":"f.D1CCE01D0E1637D613899A63103EEE24.d.D8EC8FE46B1B357F903CF2935E1E996D.e.4166"}]}
COMMAND: POST /session/284f745c9598ec68bd9714133dfb15c1/element - {"using":"xpath","value":"//*[contains(@data-kt ,\"webshopDetailSiteLink\")]"}
RESULT: {"using":"xpath","value":"//*[contains(@data-kt ,\"webshopDetailSiteLink\")]"}
COMMAND: POST /session/284f745c9598ec68bd9714133dfb15c1/execute/sync - {"script":"<script> [8489 bytes]","args":[{"element-6066-11e4-a52e-4f735466cecf":"f.D1CCE01D0E1637D613899A63103EEE24.d.D8EC8FE46B1B357F903CF2935E1E996D.e.4406","ELEMENT":"f.D1CCE01D0E1637D613899A63103EEE24.d.D8EC8FE46B1B357F903CF2935E1E996D.e.4406"}]}
RESULT: {"script":"<script> [8489 bytes]","args":[{"element-6066-11e4-a52e-4f735466cecf":"f.D1CCE01D0E1637D613899A63103EEE24.d.D8EC8FE46B1B357F903CF2935E1E996D.e.4406","ELEMENT":"f.D1CCE01D0E1637D613899A63103EEE24.d.D8EC8FE46B1B357F903CF2935E1E996D.e.4406"}]}
COMMAND: POST /session/284f745c9598ec68bd9714133dfb15c1/execute/sync - {"script":"<script> [5351 bytes]","args":[{"element-6066-11e4-a52e-4f735466cecf":"f.D1CCE01D0E1637D613899A63103EEE24.d.D8EC8FE46B1B357F903CF2935E1E996D.e.4406","ELEMENT":"f.D1CCE01D0E1637D613899A63103EEE24.d.D8EC8FE46B1B357F903CF2935E1E996D.e.4406"}]}
COMMAND: GET /session/284f745c9598ec68bd9714133dfb15c1/screenshot - {}
RESULT: {"script":"<script> [5351 bytes]","args":[{"element-6066-11e4-a52e-4f735466cecf":"f.D1CCE01D0E1637D613899A63103EEE24.d.D8EC8FE46B1B357F903CF2935E1E996D.e.4406","ELEMENT":"f.D1CCE01D0E1637D613899A63103EEE24.d.D8EC8FE46B1B357F903CF2935E1E996D.e.4406"}]}
COMMAND: POST /session/284f745c9598ec68bd9714133dfb15c1/element - {"using":"xpath","value":"//*[contains(@data-kt ,\"webshopDetailSiteLink\")]"}
COMMAND: GET /session/284f745c9598ec68bd9714133dfb15c1/screenshot - {}
RESULT: {}
RESULT: {"using":"xpath","value":"//*[contains(@data-kt ,\"webshopDetailSiteLink\")]"}
COMMAND: POST /session/284f745c9598ec68bd9714133dfb15c1/element/f.D1CCE01D0E1637D613899A63103EEE24.d.D8EC8FE46B1B357F903CF2935E1E996D.e.4406/click - {}
RESULT: {}
RESULT: {}
COMMAND: GET /session/284f745c9598ec68bd9714133dfb15c1/screenshot - {}
RESULT: {}
COMMAND: POST /session/284f745c9598ec68bd9714133dfb15c1/element/f.D1CCE01D0E1637D613899A63103EEE24.d.D8EC8FE46B1B357F903CF2935E1E996D.e.3840/click - {}
COMMAND: POST /session/284f745c9598ec68bd9714133dfb15c1/element - {"using":"xpath","value":"//*[contains(@data-kt ,\"ContextMenuId3Link\")][contains(text(), \"Site Main Address\")]"}
RESULT: {"using":"xpath","value":"//*[contains(@data-kt ,\"ContextMenuId3Link\")][contains(text(), \"Site Main Address\")]"}
COMMAND: POST /session/284f745c9598ec68bd9714133dfb15c1/element/f.D1CCE01D0E1637D613899A63103EEE24.d.D8EC8FE46B1B357F903CF2935E1E996D.e.3840/click - {}
COMMAND: POST /session/284f745c9598ec68bd9714133dfb15c1/element - {"using":"xpath","value":"//*[contains(@data-kt ,\"ContextMenuId3Link\")][contains(text(), \"Site Main Address\")]"}
RESULT: {"using":"xpath","value":"//*[contains(@data-kt ,\"ContextMenuId3Link\")][contains(text(), \"Site Main Address\")]"}
COMMAND: POST /session/284f745c9598ec68bd9714133dfb15c1/element/f.D1CCE01D0E1637D613899A63103EEE24.d.D8EC8FE46B1B357F903CF2935E1E996D.e.4409/click - {}
RESULT: {}
COMMAND: GET /session/284f745c9598ec68bd9714133dfb15c1/screenshot - {}
RESULT: {}
COMMAND: POST /session/284f745c9598ec68bd9714133dfb15c1/element - {"using":"xpath","value":"//span[contains(@id ,\"application-addressmanagement-display-component---masterAdm--title1-inner\")]"}
RESULT: {"using":"xpath","value":"//span[contains(@id ,\"application-addressmanagement-display-component---masterAdm--title1-inner\")]"}
COMMAND: GET /session/284f745c9598ec68bd9714133dfb15c1/element/f.D1CCE01D0E1637D613899A63103EEE24.d.D8EC8FE46B1B357F903CF2935E1E996D.e.4681/text - {}
RESULT: {}
COMMAND: POST /session/284f745c9598ec68bd9714133dfb15c1/element - {"using":"xpath","value":"//span[contains(@id ,\"application-addressmanagement-display-component---detailAdm--addressDetailDetailsName1\")][contains(text(), \"WebdriverSite2skcn\")]"}
RESULT: {"using":"xpath","value":"//span[contains(@id ,\"application-addressmanagement-display-component---detailAdm--addressDetailDetailsName1\")][contains(text(), \"WebdriverSite2skcn\")]"}
COMMAND: POST /session/284f745c9598ec68bd9714133dfb15c1/execute/sync - {"script":"<script> [8489 bytes]","args":[{"element-6066-11e4-a52e-4f735466cecf":"f.D1CCE01D0E1637D613899A63103EEE24.d.D8EC8FE46B1B357F903CF2935E1E996D.e.4684","ELEMENT":"f.D1CCE01D0E1637D613899A63103EEE24.d.D8EC8FE46B1B357F903CF2935E1E996D.e.4684"}]}
RESULT: undefined
COMMAND: POST /session/284f745c9598ec68bd9714133dfb15c1/element - {"using":"xpath","value":"//*[@id=\"backBtn\"]"}
RESULT: {"script":"<script> [8489 bytes]","args":[{"element-6066-11e4-a52e-4f735466cecf":"f.D1CCE01D0E1637D613899A63103EEE24.d.D8EC8FE46B1B357F903CF2935E1E996D.e.4684","ELEMENT":"f.D1CCE01D0E1637D613899A63103EEE24.d.D8EC8FE46B1B357F903CF2935E1E996D.e.4684"}]}
COMMAND: GET /session/284f745c9598ec68bd9714133dfb15c1/screenshot - {}
RESULT: {"using":"xpath","value":"//*[@id=\"backBtn\"]"}
COMMAND: POST /session/284f745c9598ec68bd9714133dfb15c1/element/f.D1CCE01D0E1637D613899A63103EEE24.d.D8EC8FE46B1B357F903CF2935E1E996D.e.3175/click - {}
RESULT: {}
RESULT: {}
COMMAND: GET /session/284f745c9598ec68bd9714133dfb15c1/screenshot - {}
RESULT: {}
COMMAND: POST /session/284f745c9598ec68bd9714133dfb15c1/execute/sync - {"script":"<script> [8489 bytes]","args":[{"element-6066-11e4-a52e-4f735466cecf":"f.D1CCE01D0E1637D613899A63103EEE24.d.D8EC8FE46B1B357F903CF2935E1E996D.e.4406","ELEMENT":"f.D1CCE01D0E1637D613899A63103EEE24.d.D8EC8FE46B1B357F903CF2935E1E996D.e.4406"}]}
COMMAND: POST /session/284f745c9598ec68bd9714133dfb15c1/element - {"using":"xpath","value":"//*[contains(@data-kt ,\"webshopDetailSiteLink\")]"}
RESULT: {"using":"xpath","value":"//*[contains(@data-kt ,\"webshopDetailSiteLink\")]"}
COMMAND: POST /session/284f745c9598ec68bd9714133dfb15c1/execute/sync - {"script":"<script> [8489 bytes]","args":[{"element-6066-11e4-a52e-4f735466cecf":"f.D1CCE01D0E1637D613899A63103EEE24.d.D8EC8FE46B1B357F903CF2935E1E996D.e.4834","ELEMENT":"f.D1CCE01D0E1637D613899A63103EEE24.d.D8EC8FE46B1B357F903CF2935E1E996D.e.4834"}]}
RESULT: {"script":"<script> [8489 bytes]","args":[{"element-6066-11e4-a52e-4f735466cecf":"f.D1CCE01D0E1637D613899A63103EEE24.d.D8EC8FE46B1B357F903CF2935E1E996D.e.4834","ELEMENT":"f.D1CCE01D0E1637D613899A63103EEE24.d.D8EC8FE46B1B357F903CF2935E1E996D.e.4834"}]}
COMMAND: POST /session/284f745c9598ec68bd9714133dfb15c1/execute/sync - {"script":"<script> [5351 bytes]","args":[{"element-6066-11e4-a52e-4f735466cecf":"f.D1CCE01D0E1637D613899A63103EEE24.d.D8EC8FE46B1B357F903CF2935E1E996D.e.4834","ELEMENT":"f.D1CCE01D0E1637D613899A63103EEE24.d.D8EC8FE46B1B357F903CF2935E1E996D.e.4834"}]}
RESULT: {"script":"<script> [5351 bytes]","args":[{"element-6066-11e4-a52e-4f735466cecf":"f.D1CCE01D0E1637D613899A63103EEE24.d.D8EC8FE46B1B357F903CF2935E1E996D.e.4834","ELEMENT":"f.D1CCE01D0E1637D613899A63103EEE24.d.D8EC8FE46B1B357F903CF2935E1E996D.e.4834"}]}
COMMAND: POST /session/284f745c9598ec68bd9714133dfb15c1/element - {"using":"xpath","value":"//*[contains(@data-kt ,\"webshopDetailSiteLink\")]"}
RESULT: {"using":"xpath","value":"//*[contains(@data-kt ,\"webshopDetailSiteLink\")]"}
COMMAND: POST /session/284f745c9598ec68bd9714133dfb15c1/element/f.D1CCE01D0E1637D613899A63103EEE24.d.D8EC8FE46B1B357F903CF2935E1E996D.e.4834/click - {}
COMMAND: GET /session/284f745c9598ec68bd9714133dfb15c1/screenshot - {}
COMMAND: GET /session/284f745c9598ec68bd9714133dfb15c1/screenshot - {}
RESULT: {}
COMMAND: GET /session/284f745c9598ec68bd9714133dfb15c1/screenshot - {}
RESULT: {}
RESULT: {}
RESULT: {}
COMMAND: POST /session/284f745c9598ec68bd9714133dfb15c1/element - {"using":"xpath","value":"//button[contains(@data-kt ,\"ContextMenuIdExternalLink\")]"}
RESULT: {"using":"xpath","value":"//button[contains(@data-kt ,\"ContextMenuIdExternalLink\")]"}
COMMAND: POST /session/284f745c9598ec68bd9714133dfb15c1/element/f.D1CCE01D0E1637D613899A63103EEE24.d.D8EC8FE46B1B357F903CF2935E1E996D.e.4835/click - {}
RESULT: {}
COMMAND: GET /session/284f745c9598ec68bd9714133dfb15c1/screenshot - {}
RESULT: {}
COMMAND: GET /session/284f745c9598ec68bd9714133dfb15c1/window/handles - {}
RESULT: {}
COMMAND: POST /session/284f745c9598ec68bd9714133dfb15c1/window - {"handle":"CEE040744B94CAA2B285346E4B90183C"}
RESULT: {"handle":"CEE040744B94CAA2B285346E4B90183C"}
COMMAND: GET /session/284f745c9598ec68bd9714133dfb15c1/url - {}
RESULT: {}
COMMAND: GET /session/284f745c9598ec68bd9714133dfb15c1/screenshot - {}
COMMAND: DELETE /session/284f745c9598ec68bd9714133dfb15c1/window - {}
RESULT: {}
RESULT: {}
COMMAND: POST /session/284f745c9598ec68bd9714133dfb15c1/window - {"handle":"D1CCE01D0E1637D613899A63103EEE24"}
RESULT: {"handle":"D1CCE01D0E1637D613899A63103EEE24"}
COMMAND: GET /session/284f745c9598ec68bd9714133dfb15c1/url - {}
RESULT: {}
COMMAND: GET /session/284f745c9598ec68bd9714133dfb15c1/screenshot - {}
RESULT: {}
COMMAND: POST /session/284f745c9598ec68bd9714133dfb15c1/element - {"using":"xpath","value":"//button[contains(@data-kt ,\"ContextMenuExternalId2Link\")]"}
RESULT: {"using":"xpath","value":"//button[contains(@data-kt ,\"ContextMenuExternalId2Link\")]"}
COMMAND: POST /session/284f745c9598ec68bd9714133dfb15c1/element/f.D1CCE01D0E1637D613899A63103EEE24.d.D8EC8FE46B1B357F903CF2935E1E996D.e.5098/click - {}
RESULT: {}
COMMAND: GET /session/284f745c9598ec68bd9714133dfb15c1/screenshot - {}
RESULT: {}
COMMAND: GET /session/284f745c9598ec68bd9714133dfb15c1/window/handles - {}
RESULT: {}
COMMAND: POST /session/284f745c9598ec68bd9714133dfb15c1/window - {"handle":"AAA80014F1B62F7A5623301CC5FA9120"}
RESULT: {"handle":"AAA80014F1B62F7A5623301CC5FA9120"}
COMMAND: GET /session/284f745c9598ec68bd9714133dfb15c1/url - {}
RESULT: {}
COMMAND: GET /session/284f745c9598ec68bd9714133dfb15c1/screenshot - {}
RESULT: {}
COMMAND: POST /session/284f745c9598ec68bd9714133dfb15c1/execute/sync - {"script":"<script> [8489 bytes]","args":[{"element-6066-11e4-a52e-4f735466cecf":"f.D1CCE01D0E1637D613899A63103EEE24.d.D8EC8FE46B1B357F903CF2935E1E996D.e.4268","ELEMENT":"f.D1CCE01D0E1637D613899A63103EEE24.d.D8EC8FE46B1B357F903CF2935E1E996D.e.4268"}]}
COMMAND: DELETE /session/284f745c9598ec68bd9714133dfb15c1/window - {}
RESULT: {}
COMMAND: POST /session/284f745c9598ec68bd9714133dfb15c1/window - {"handle":"D1CCE01D0E1637D613899A63103EEE24"}
RESULT: {"handle":"D1CCE01D0E1637D613899A63103EEE24"}
COMMAND: GET /session/284f745c9598ec68bd9714133dfb15c1/url - {}
COMMAND: POST /session/284f745c9598ec68bd9714133dfb15c1/element - {"using":"xpath","value":"(//span[contains(text(), \"WebdriverSite2skcn\")])[2]"}
RESULT: {}
COMMAND: GET /session/284f745c9598ec68bd9714133dfb15c1/screenshot - {}
RESULT: {"using":"xpath","value":"(//span[contains(text(), \"WebdriverSite2skcn\")])[2]"}
COMMAND: POST /session/284f745c9598ec68bd9714133dfb15c1/element - {"using":"xpath","value":"(//span[contains(text(), \"WebdriverSite2skcn\")])[2]"}
RESULT: {}
RESULT: {"using":"xpath","value":"(//span[contains(text(), \"WebdriverSite2skcn\")])[2]"}
COMMAND: POST /session/284f745c9598ec68bd9714133dfb15c1/element - {"using":"xpath","value":"(//span[contains(text(), \"WebdriverSite2skcn\")])[2]"}
RESULT: {"using":"xpath","value":"(//span[contains(text(), \"WebdriverSite2skcn\")])[2]"}
COMMAND: POST /session/284f745c9598ec68bd9714133dfb15c1/element - {"using":"xpath","value":"(//span[contains(text(), \"WebdriverSite2skcn\")])[2]"}
RESULT: {"using":"xpath","value":"(//span[contains(text(), \"WebdriverSite2skcn\")])[2]"}
COMMAND: POST /session/284f745c9598ec68bd9714133dfb15c1/element - {"using":"xpath","value":"(//span[contains(text(), \"WebdriverSite2skcn\")])[2]"}
RESULT: {"using":"xpath","value":"(//span[contains(text(), \"WebdriverSite2skcn\")])[2]"}
COMMAND: POST /session/284f745c9598ec68bd9714133dfb15c1/element - {"using":"xpath","value":"(//span[contains(text(), \"WebdriverSite2skcn\")])[2]"}
RESULT: {"using":"xpath","value":"(//span[contains(text(), \"WebdriverSite2skcn\")])[2]"}
COMMAND: POST /session/284f745c9598ec68bd9714133dfb15c1/element - {"using":"xpath","value":"(//span[contains(text(), \"WebdriverSite2skcn\")])[2]"}
RESULT: {"using":"xpath","value":"(//span[contains(text(), \"WebdriverSite2skcn\")])[2]"}
COMMAND: POST /session/284f745c9598ec68bd9714133dfb15c1/element - {"using":"xpath","value":"(//span[contains(text(), \"WebdriverSite2skcn\")])[2]"}
RESULT: {"using":"xpath","value":"(//span[contains(text(), \"WebdriverSite2skcn\")])[2]"}
COMMAND: POST /session/284f745c9598ec68bd9714133dfb15c1/element - {"using":"xpath","value":"(//span[contains(text(), \"WebdriverSite2skcn\")])[2]"}
RESULT: {"using":"xpath","value":"(//span[contains(text(), \"WebdriverSite2skcn\")])[2]"}
COMMAND: POST /session/284f745c9598ec68bd9714133dfb15c1/element - {"using":"xpath","value":"(//span[contains(text(), \"WebdriverSite2skcn\")])[2]"}
RESULT: {"using":"xpath","value":"(//span[contains(text(), \"WebdriverSite2skcn\")])[2]"}
COMMAND: POST /session/284f745c9598ec68bd9714133dfb15c1/execute/sync - {"script":"<script> [8489 bytes]","args":[{"element-6066-11e4-a52e-4f735466cecf":"f.D1CCE01D0E1637D613899A63103EEE24.d.D8EC8FE46B1B357F903CF2935E1E996D.e.4834","ELEMENT":"f.D1CCE01D0E1637D613899A63103EEE24.d.D8EC8FE46B1B357F903CF2935E1E996D.e.4834"}]}
RESULT: {"script":"<script> [8489 bytes]","args":[{"element-6066-11e4-a52e-4f735466cecf":"f.D1CCE01D0E1637D613899A63103EEE24.d.D8EC8FE46B1B357F903CF2935E1E996D.e.4834","ELEMENT":"f.D1CCE01D0E1637D613899A63103EEE24.d.D8EC8FE46B1B357F903CF2935E1E996D.e.4834"}]}
COMMAND: POST /session/284f745c9598ec68bd9714133dfb15c1/execute/sync - {"script":"<script> [5351 bytes]","args":[{"element-6066-11e4-a52e-4f735466cecf":"f.D1CCE01D0E1637D613899A63103EEE24.d.D8EC8FE46B1B357F903CF2935E1E996D.e.4834","ELEMENT":"f.D1CCE01D0E1637D613899A63103EEE24.d.D8EC8FE46B1B357F903CF2935E1E996D.e.4834"}]}
COMMAND: GET /session/284f745c9598ec68bd9714133dfb15c1/screenshot - {}
RESULT: {"script":"<script> [5351 bytes]","args":[{"element-6066-11e4-a52e-4f735466cecf":"f.D1CCE01D0E1637D613899A63103EEE24.d.D8EC8FE46B1B357F903CF2935E1E996D.e.4834","ELEMENT":"f.D1CCE01D0E1637D613899A63103EEE24.d.D8EC8FE46B1B357F903CF2935E1E996D.e.4834"}]}
COMMAND: POST /session/284f745c9598ec68bd9714133dfb15c1/element - {"using":"xpath","value":"//*[contains(@data-kt ,\"webshopDetailSiteLink\")]"}
COMMAND: GET /session/284f745c9598ec68bd9714133dfb15c1/screenshot - {}
COMMAND: POST /session/284f745c9598ec68bd9714133dfb15c1/element - {"using":"xpath","value":"(//span[contains(text(), \"WebdriverSite2skcn\")])[2]"}
RESULT: {}
RESULT: {"using":"xpath","value":"//*[contains(@data-kt ,\"webshopDetailSiteLink\")]"}
COMMAND: POST /session/284f745c9598ec68bd9714133dfb15c1/element/f.D1CCE01D0E1637D613899A63103EEE24.d.D8EC8FE46B1B357F903CF2935E1E996D.e.4834/click - {}
RESULT: {}
RESULT: {"using":"xpath","value":"(//span[contains(text(), \"WebdriverSite2skcn\")])[2]"}
RESULT: {}
COMMAND: GET /session/284f745c9598ec68bd9714133dfb15c1/screenshot - {}
COMMAND: POST /session/284f745c9598ec68bd9714133dfb15c1/element - {"using":"xpath","value":"(//span[contains(text(), \"WebdriverSite2skcn\")])[2]"}
RESULT: {}
RESULT: {"using":"xpath","value":"(//span[contains(text(), \"WebdriverSite2skcn\")])[2]"}
COMMAND: POST /session/284f745c9598ec68bd9714133dfb15c1/execute/sync - {"script":"<script> [8489 bytes]","args":[{"element-6066-11e4-a52e-4f735466cecf":"f.D1CCE01D0E1637D613899A63103EEE24.d.D8EC8FE46B1B357F903CF2935E1E996D.e.5181","ELEMENT":"f.D1CCE01D0E1637D613899A63103EEE24.d.D8EC8FE46B1B357F903CF2935E1E996D.e.5181"}]}
RESULT: {"script":"<script> [8489 bytes]","args":[{"element-6066-11e4-a52e-4f735466cecf":"f.D1CCE01D0E1637D613899A63103EEE24.d.D8EC8FE46B1B357F903CF2935E1E996D.e.5181","ELEMENT":"f.D1CCE01D0E1637D613899A63103EEE24.d.D8EC8FE46B1B357F903CF2935E1E996D.e.5181"}]}
COMMAND: GET /session/284f745c9598ec68bd9714133dfb15c1/screenshot - {}
RESULT: {}
COMMAND: POST /session/284f745c9598ec68bd9714133dfb15c1/element - {"using":"xpath","value":"(//button[contains(@data-kt ,\"ContextMenuExternalId3Link\")])[2]"}
RESULT: {"using":"xpath","value":"(//button[contains(@data-kt ,\"ContextMenuExternalId3Link\")])[2]"}
COMMAND: POST /session/284f745c9598ec68bd9714133dfb15c1/element/f.D1CCE01D0E1637D613899A63103EEE24.d.D8EC8FE46B1B357F903CF2935E1E996D.e.5182/click - {}
RESULT: {}
COMMAND: GET /session/284f745c9598ec68bd9714133dfb15c1/screenshot - {}
RESULT: {}
COMMAND: GET /session/284f745c9598ec68bd9714133dfb15c1/window/handles - {}
RESULT: {}
COMMAND: POST /session/284f745c9598ec68bd9714133dfb15c1/window - {"handle":"994AF38B4A39C2970BFA6C4CF7AF11AA"}
RESULT: {"handle":"994AF38B4A39C2970BFA6C4CF7AF11AA"}
COMMAND: GET /session/284f745c9598ec68bd9714133dfb15c1/url - {}
RESULT: {}
COMMAND: GET /session/284f745c9598ec68bd9714133dfb15c1/screenshot - {}
COMMAND: POST /session/284f745c9598ec68bd9714133dfb15c1/execute/sync - {"script":"<script> [8489 bytes]","args":[{"element-6066-11e4-a52e-4f735466cecf":"f.D1CCE01D0E1637D613899A63103EEE24.d.D8EC8FE46B1B357F903CF2935E1E996D.e.4684","ELEMENT":"f.D1CCE01D0E1637D613899A63103EEE24.d.D8EC8FE46B1B357F903CF2935E1E996D.e.4684"}]}
RESULT: {}
RESULT: {"script":"<script> [8489 bytes]","args":[{"element-6066-11e4-a52e-4f735466cecf":"f.D1CCE01D0E1637D613899A63103EEE24.d.D8EC8FE46B1B357F903CF2935E1E996D.e.4684","ELEMENT":"f.D1CCE01D0E1637D613899A63103EEE24.d.D8EC8FE46B1B357F903CF2935E1E996D.e.4684"}]}
COMMAND: GET /session/284f745c9598ec68bd9714133dfb15c1/screenshot - {}
RESULT: {}
COMMAND: POST /session/284f745c9598ec68bd9714133dfb15c1/execute/sync - {"script":"<script> [8489 bytes]","args":[{"element-6066-11e4-a52e-4f735466cecf":"f.D1CCE01D0E1637D613899A63103EEE24.d.D8EC8FE46B1B357F903CF2935E1E996D.e.4684","ELEMENT":"f.D1CCE01D0E1637D613899A63103EEE24.d.D8EC8FE46B1B357F903CF2935E1E996D.e.4684"}]}
RESULT: {"script":"<script> [8489 bytes]","args":[{"element-6066-11e4-a52e-4f735466cecf":"f.D1CCE01D0E1637D613899A63103EEE24.d.D8EC8FE46B1B357F903CF2935E1E996D.e.4684","ELEMENT":"f.D1CCE01D0E1637D613899A63103EEE24.d.D8EC8FE46B1B357F903CF2935E1E996D.e.4684"}]}
COMMAND: GET /session/284f745c9598ec68bd9714133dfb15c1/screenshot - {}
RESULT: {}
COMMAND: POST /session/284f745c9598ec68bd9714133dfb15c1/execute/sync - {"script":"<script> [8489 bytes]","args":[{"element-6066-11e4-a52e-4f735466cecf":"f.D1CCE01D0E1637D613899A63103EEE24.d.D8EC8FE46B1B357F903CF2935E1E996D.e.4684","ELEMENT":"f.D1CCE01D0E1637D613899A63103EEE24.d.D8EC8FE46B1B357F903CF2935E1E996D.e.4684"}]}
RESULT: {"script":"<script> [8489 bytes]","args":[{"element-6066-11e4-a52e-4f735466cecf":"f.D1CCE01D0E1637D613899A63103EEE24.d.D8EC8FE46B1B357F903CF2935E1E996D.e.4684","ELEMENT":"f.D1CCE01D0E1637D613899A63103EEE24.d.D8EC8FE46B1B357F903CF2935E1E996D.e.4684"}]}
COMMAND: GET /session/284f745c9598ec68bd9714133dfb15c1/screenshot - {}
RESULT: {}
COMMAND: POST /session/284f745c9598ec68bd9714133dfb15c1/execute/sync - {"script":"<script> [8489 bytes]","args":[{"element-6066-11e4-a52e-4f735466cecf":"f.D1CCE01D0E1637D613899A63103EEE24.d.D8EC8FE46B1B357F903CF2935E1E996D.e.4684","ELEMENT":"f.D1CCE01D0E1637D613899A63103EEE24.d.D8EC8FE46B1B357F903CF2935E1E996D.e.4684"}]}
RESULT: {"script":"<script> [8489 bytes]","args":[{"element-6066-11e4-a52e-4f735466cecf":"f.D1CCE01D0E1637D613899A63103EEE24.d.D8EC8FE46B1B357F903CF2935E1E996D.e.4684","ELEMENT":"f.D1CCE01D0E1637D613899A63103EEE24.d.D8EC8FE46B1B357F903CF2935E1E996D.e.4684"}]}
COMMAND: GET /session/284f745c9598ec68bd9714133dfb15c1/screenshot - {}
COMMAND: POST /session/284f745c9598ec68bd9714133dfb15c1/execute/sync - {"script":"<script> [8489 bytes]","args":[{"element-6066-11e4-a52e-4f735466cecf":"f.D1CCE01D0E1637D613899A63103EEE24.d.D8EC8FE46B1B357F903CF2935E1E996D.e.4684","ELEMENT":"f.D1CCE01D0E1637D613899A63103EEE24.d.D8EC8FE46B1B357F903CF2935E1E996D.e.4684"}]}
COMMAND: DELETE /session/284f745c9598ec68bd9714133dfb15c1/window - {}
RESULT: {}
RESULT: {"script":"<script> [8489 bytes]","args":[{"element-6066-11e4-a52e-4f735466cecf":"f.D1CCE01D0E1637D613899A63103EEE24.d.D8EC8FE46B1B357F903CF2935E1E996D.e.4684","ELEMENT":"f.D1CCE01D0E1637D613899A63103EEE24.d.D8EC8FE46B1B357F903CF2935E1E996D.e.4684"}]}
COMMAND: GET /session/284f745c9598ec68bd9714133dfb15c1/screenshot - {}
COMMAND: POST /session/284f745c9598ec68bd9714133dfb15c1/execute/sync - {"script":"<script> [8489 bytes]","args":[{"element-6066-11e4-a52e-4f735466cecf":"f.D1CCE01D0E1637D613899A63103EEE24.d.D8EC8FE46B1B357F903CF2935E1E996D.e.4684","ELEMENT":"f.D1CCE01D0E1637D613899A63103EEE24.d.D8EC8FE46B1B357F903CF2935E1E996D.e.4684"}]}
RESULT: {}
COMMAND: POST /session/284f745c9598ec68bd9714133dfb15c1/window - {"handle":"D1CCE01D0E1637D613899A63103EEE24"}
RESULT: {"handle":"D1CCE01D0E1637D613899A63103EEE24"}
COMMAND: GET /session/284f745c9598ec68bd9714133dfb15c1/url - {}
RESULT: {}
COMMAND: POST /session/284f745c9598ec68bd9714133dfb15c1/element - {"using":"xpath","value":"//span[contains(@id ,\"application-addressmanagement-display-component---detailAdm--addressDetailDetailsName1\")][contains(text(), \"WebdriverSite2skcn\")]"}
RESULT: {}
COMMAND: GET /session/284f745c9598ec68bd9714133dfb15c1/screenshot - {}
RESULT: {"using":"xpath","value":"//span[contains(@id ,\"application-addressmanagement-display-component---detailAdm--addressDetailDetailsName1\")][contains(text(), \"WebdriverSite2skcn\")]"}
COMMAND: POST /session/284f745c9598ec68bd9714133dfb15c1/element - {"using":"xpath","value":"//span[contains(@id ,\"application-addressmanagement-display-component---detailAdm--addressDetailDetailsName1\")][contains(text(), \"WebdriverSite2skcn\")]"}
RESULT: {}
RESULT: {"using":"xpath","value":"//span[contains(@id ,\"application-addressmanagement-display-component---detailAdm--addressDetailDetailsName1\")][contains(text(), \"WebdriverSite2skcn\")]"}
COMMAND: POST /session/284f745c9598ec68bd9714133dfb15c1/element - {"using":"xpath","value":"//span[contains(@id ,\"application-addressmanagement-display-component---detailAdm--addressDetailDetailsName1\")][contains(text(), \"WebdriverSite2skcn\")]"}
RESULT: {"using":"xpath","value":"//span[contains(@id ,\"application-addressmanagement-display-component---detailAdm--addressDetailDetailsName1\")][contains(text(), \"WebdriverSite2skcn\")]"}
COMMAND: POST /session/284f745c9598ec68bd9714133dfb15c1/element - {"using":"xpath","value":"//span[contains(@id ,\"application-addressmanagement-display-component---detailAdm--addressDetailDetailsName1\")][contains(text(), \"WebdriverSite2skcn\")]"}
RESULT: {"using":"xpath","value":"//span[contains(@id ,\"application-addressmanagement-display-component---detailAdm--addressDetailDetailsName1\")][contains(text(), \"WebdriverSite2skcn\")]"}
COMMAND: POST /session/284f745c9598ec68bd9714133dfb15c1/element - {"using":"xpath","value":"//span[contains(@id ,\"application-addressmanagement-display-component---detailAdm--addressDetailDetailsName1\")][contains(text(), \"WebdriverSite2skcn\")]"}
RESULT: {"using":"xpath","value":"//span[contains(@id ,\"application-addressmanagement-display-component---detailAdm--addressDetailDetailsName1\")][contains(text(), \"WebdriverSite2skcn\")]"}
COMMAND: POST /session/284f745c9598ec68bd9714133dfb15c1/element - {"using":"xpath","value":"//span[contains(@id ,\"application-addressmanagement-display-component---detailAdm--addressDetailDetailsName1\")][contains(text(), \"WebdriverSite2skcn\")]"}
RESULT: {"using":"xpath","value":"//span[contains(@id ,\"application-addressmanagement-display-component---detailAdm--addressDetailDetailsName1\")][contains(text(), \"WebdriverSite2skcn\")]"}
COMMAND: POST /session/284f745c9598ec68bd9714133dfb15c1/element - {"using":"xpath","value":"//span[contains(@id ,\"application-addressmanagement-display-component---detailAdm--addressDetailDetailsName1\")][contains(text(), \"WebdriverSite2skcn\")]"}
RESULT: {"using":"xpath","value":"//span[contains(@id ,\"application-addressmanagement-display-component---detailAdm--addressDetailDetailsName1\")][contains(text(), \"WebdriverSite2skcn\")]"}
COMMAND: POST /session/284f745c9598ec68bd9714133dfb15c1/element - {"using":"xpath","value":"//span[contains(@id ,\"application-addressmanagement-display-component---detailAdm--addressDetailDetailsName1\")][contains(text(), \"WebdriverSite2skcn\")]"}
RESULT: {"using":"xpath","value":"//span[contains(@id ,\"application-addressmanagement-display-component---detailAdm--addressDetailDetailsName1\")][contains(text(), \"WebdriverSite2skcn\")]"}
COMMAND: POST /session/284f745c9598ec68bd9714133dfb15c1/element - {"using":"xpath","value":"//span[contains(@id ,\"application-addressmanagement-display-component---detailAdm--addressDetailDetailsName1\")][contains(text(), \"WebdriverSite2skcn\")]"}
RESULT: {"using":"xpath","value":"//span[contains(@id ,\"application-addressmanagement-display-component---detailAdm--addressDetailDetailsName1\")][contains(text(), \"WebdriverSite2skcn\")]"}
COMMAND: POST /session/284f745c9598ec68bd9714133dfb15c1/element - {"using":"xpath","value":"//span[contains(@id ,\"application-addressmanagement-display-component---detailAdm--addressDetailDetailsName1\")][contains(text(), \"WebdriverSite2skcn\")]"}
RESULT: {"using":"xpath","value":"//span[contains(@id ,\"application-addressmanagement-display-component---detailAdm--addressDetailDetailsName1\")][contains(text(), \"WebdriverSite2skcn\")]"}
]]></system-out>
    </testcase>
  </testsuite>
  <testsuite timestamp="2025-05-28T16:25:19" time="268.577" tests="2" failures="0" errors="0" skipped="0">
    <properties>
      <property name="specId" value="0"/>
      <property name="suiteName" value="Webshop - Hyperlinks visible and working properly  US139085"/>
      <property name="capabilities" value="chrome.136_0_7103_93.windows"/>
      <property name="file" value="file:///D:/a/1/s/test/specs/R2C/webshop-hyperlinks-partner-address-contract-item.spec.js"/>
    </properties>
    <testcase classname="chrome.136_0_7103_93.windows.Webshop_-_Hyperlinks_visible_and_working_properly__US139085" name="Should verify the customer and address hyperlinks" time="171.904">
      <system-out><![CDATA[
COMMAND: POST /session/284f745c9598ec68bd9714133dfb15c1/element - {"using":"xpath","value":"//*[contains(@data-kt ,\"webshopDetailAddressLink\")]"}
RESULT: {"using":"xpath","value":"//*[contains(@data-kt ,\"webshopDetailAddressLink\")]"}
COMMAND: POST /session/284f745c9598ec68bd9714133dfb15c1/execute/sync - {"script":"<script> [8489 bytes]","args":[{"element-6066-11e4-a52e-4f735466cecf":"f.D1CCE01D0E1637D613899A63103EEE24.d.D8EC8FE46B1B357F903CF2935E1E996D.e.5399","ELEMENT":"f.D1CCE01D0E1637D613899A63103EEE24.d.D8EC8FE46B1B357F903CF2935E1E996D.e.5399"}]}
RESULT: {"script":"<script> [8489 bytes]","args":[{"element-6066-11e4-a52e-4f735466cecf":"f.D1CCE01D0E1637D613899A63103EEE24.d.D8EC8FE46B1B357F903CF2935E1E996D.e.5399","ELEMENT":"f.D1CCE01D0E1637D613899A63103EEE24.d.D8EC8FE46B1B357F903CF2935E1E996D.e.5399"}]}
COMMAND: POST /session/284f745c9598ec68bd9714133dfb15c1/execute/sync - {"script":"<script> [5351 bytes]","args":[{"element-6066-11e4-a52e-4f735466cecf":"f.D1CCE01D0E1637D613899A63103EEE24.d.D8EC8FE46B1B357F903CF2935E1E996D.e.5399","ELEMENT":"f.D1CCE01D0E1637D613899A63103EEE24.d.D8EC8FE46B1B357F903CF2935E1E996D.e.5399"}]}
COMMAND: GET /session/284f745c9598ec68bd9714133dfb15c1/screenshot - {}
RESULT: {"script":"<script> [5351 bytes]","args":[{"element-6066-11e4-a52e-4f735466cecf":"f.D1CCE01D0E1637D613899A63103EEE24.d.D8EC8FE46B1B357F903CF2935E1E996D.e.5399","ELEMENT":"f.D1CCE01D0E1637D613899A63103EEE24.d.D8EC8FE46B1B357F903CF2935E1E996D.e.5399"}]}
COMMAND: GET /session/284f745c9598ec68bd9714133dfb15c1/screenshot - {}
RESULT: {}
COMMAND: POST /session/284f745c9598ec68bd9714133dfb15c1/element - {"using":"xpath","value":"//span[contains(@id ,\"application-addressmanagement-display-component---detailAdm--addressDetailDetailsName1\")][contains(text(), \"WebdriverSite2skcn\")]"}
RESULT: {}
RESULT: {"using":"xpath","value":"//span[contains(@id ,\"application-addressmanagement-display-component---detailAdm--addressDetailDetailsName1\")][contains(text(), \"WebdriverSite2skcn\")]"}
COMMAND: POST /session/284f745c9598ec68bd9714133dfb15c1/element - {"using":"xpath","value":"//span[contains(@id ,\"application-addressmanagement-display-component---detailAdm--addressDetailDetailsName1\")][contains(text(), \"WebdriverSite2skcn\")]"}
RESULT: {"using":"xpath","value":"//span[contains(@id ,\"application-addressmanagement-display-component---detailAdm--addressDetailDetailsName1\")][contains(text(), \"WebdriverSite2skcn\")]"}
COMMAND: POST /session/284f745c9598ec68bd9714133dfb15c1/element - {"using":"xpath","value":"//span[contains(@id ,\"application-addressmanagement-display-component---detailAdm--addressDetailDetailsName1\")][contains(text(), \"WebdriverSite2skcn\")]"}
RESULT: {"using":"xpath","value":"//span[contains(@id ,\"application-addressmanagement-display-component---detailAdm--addressDetailDetailsName1\")][contains(text(), \"WebdriverSite2skcn\")]"}
COMMAND: POST /session/284f745c9598ec68bd9714133dfb15c1/element - {"using":"xpath","value":"//span[contains(@id ,\"application-addressmanagement-display-component---detailAdm--addressDetailDetailsName1\")][contains(text(), \"WebdriverSite2skcn\")]"}
RESULT: {"using":"xpath","value":"//span[contains(@id ,\"application-addressmanagement-display-component---detailAdm--addressDetailDetailsName1\")][contains(text(), \"WebdriverSite2skcn\")]"}
COMMAND: POST /session/284f745c9598ec68bd9714133dfb15c1/element - {"using":"xpath","value":"//span[contains(@id ,\"application-addressmanagement-display-component---detailAdm--addressDetailDetailsName1\")][contains(text(), \"WebdriverSite2skcn\")]"}
RESULT: {"using":"xpath","value":"//span[contains(@id ,\"application-addressmanagement-display-component---detailAdm--addressDetailDetailsName1\")][contains(text(), \"WebdriverSite2skcn\")]"}
COMMAND: POST /session/284f745c9598ec68bd9714133dfb15c1/element - {"using":"xpath","value":"//span[contains(@id ,\"application-addressmanagement-display-component---detailAdm--addressDetailDetailsName1\")][contains(text(), \"WebdriverSite2skcn\")]"}
RESULT: {"using":"xpath","value":"//span[contains(@id ,\"application-addressmanagement-display-component---detailAdm--addressDetailDetailsName1\")][contains(text(), \"WebdriverSite2skcn\")]"}
COMMAND: POST /session/284f745c9598ec68bd9714133dfb15c1/element - {"using":"xpath","value":"//span[contains(@id ,\"application-addressmanagement-display-component---detailAdm--addressDetailDetailsName1\")][contains(text(), \"WebdriverSite2skcn\")]"}
RESULT: {"using":"xpath","value":"//span[contains(@id ,\"application-addressmanagement-display-component---detailAdm--addressDetailDetailsName1\")][contains(text(), \"WebdriverSite2skcn\")]"}
COMMAND: POST /session/284f745c9598ec68bd9714133dfb15c1/element - {"using":"xpath","value":"//span[contains(@id ,\"application-addressmanagement-display-component---detailAdm--addressDetailDetailsName1\")][contains(text(), \"WebdriverSite2skcn\")]"}
RESULT: {"using":"xpath","value":"//span[contains(@id ,\"application-addressmanagement-display-component---detailAdm--addressDetailDetailsName1\")][contains(text(), \"WebdriverSite2skcn\")]"}
COMMAND: POST /session/284f745c9598ec68bd9714133dfb15c1/element - {"using":"xpath","value":"//span[contains(@id ,\"application-addressmanagement-display-component---detailAdm--addressDetailDetailsName1\")][contains(text(), \"WebdriverSite2skcn\")]"}
RESULT: {"using":"xpath","value":"//span[contains(@id ,\"application-addressmanagement-display-component---detailAdm--addressDetailDetailsName1\")][contains(text(), \"WebdriverSite2skcn\")]"}
COMMAND: POST /session/284f745c9598ec68bd9714133dfb15c1/element - {"using":"xpath","value":"//*[contains(@data-kt ,\"webshopDetailAddressLink\")]"}
RESULT: {"using":"xpath","value":"//*[contains(@data-kt ,\"webshopDetailAddressLink\")]"}
COMMAND: POST /session/284f745c9598ec68bd9714133dfb15c1/element/f.D1CCE01D0E1637D613899A63103EEE24.d.D8EC8FE46B1B357F903CF2935E1E996D.e.5399/click - {}
COMMAND: POST /session/284f745c9598ec68bd9714133dfb15c1/element - {"using":"xpath","value":"//span[contains(@id ,\"application-addressmanagement-display-component---detailAdm--addressDetailDetailsName1\")][contains(text(), \"WebdriverSite2skcn\")]"}
RESULT: {}
COMMAND: GET /session/284f745c9598ec68bd9714133dfb15c1/screenshot - {}
RESULT: {"using":"xpath","value":"//span[contains(@id ,\"application-addressmanagement-display-component---detailAdm--addressDetailDetailsName1\")][contains(text(), \"WebdriverSite2skcn\")]"}
RESULT: {}
COMMAND: POST /session/284f745c9598ec68bd9714133dfb15c1/element - {"using":"xpath","value":"//span[contains(@id ,\"application-addressmanagement-display-component---detailAdm--addressDetailDetailsName1\")][contains(text(), \"WebdriverSite2skcn\")]"}
RESULT: {"using":"xpath","value":"//span[contains(@id ,\"application-addressmanagement-display-component---detailAdm--addressDetailDetailsName1\")][contains(text(), \"WebdriverSite2skcn\")]"}
COMMAND: POST /session/284f745c9598ec68bd9714133dfb15c1/element - {"using":"xpath","value":"//span[contains(@id ,\"application-addressmanagement-display-component---detailAdm--addressDetailDetailsName1\")][contains(text(), \"WebdriverSite2skcn\")]"}
RESULT: {"using":"xpath","value":"//span[contains(@id ,\"application-addressmanagement-display-component---detailAdm--addressDetailDetailsName1\")][contains(text(), \"WebdriverSite2skcn\")]"}
COMMAND: POST /session/284f745c9598ec68bd9714133dfb15c1/element - {"using":"xpath","value":"//span[contains(@id ,\"application-addressmanagement-display-component---detailAdm--addressDetailDetailsName1\")][contains(text(), \"WebdriverSite2skcn\")]"}
RESULT: {"using":"xpath","value":"//span[contains(@id ,\"application-addressmanagement-display-component---detailAdm--addressDetailDetailsName1\")][contains(text(), \"WebdriverSite2skcn\")]"}
COMMAND: POST /session/284f745c9598ec68bd9714133dfb15c1/element - {"using":"xpath","value":"//*[contains(@data-kt ,\"ContextMenuId2Link\")][contains(text(), \"Address Overview\")]"}
RESULT: {"using":"xpath","value":"//*[contains(@data-kt ,\"ContextMenuId2Link\")][contains(text(), \"Address Overview\")]"}
COMMAND: POST /session/284f745c9598ec68bd9714133dfb15c1/execute/sync - {"script":"<script> [8489 bytes]","args":[{"element-6066-11e4-a52e-4f735466cecf":"f.D1CCE01D0E1637D613899A63103EEE24.d.D8EC8FE46B1B357F903CF2935E1E996D.e.5401","ELEMENT":"f.D1CCE01D0E1637D613899A63103EEE24.d.D8EC8FE46B1B357F903CF2935E1E996D.e.5401"}]}
COMMAND: POST /session/284f745c9598ec68bd9714133dfb15c1/element - {"using":"xpath","value":"//*[contains(@data-kt ,\"ContextMenuId2Link\")][contains(text(), \"Address Overview\")]"}
RESULT: {"using":"xpath","value":"//*[contains(@data-kt ,\"ContextMenuId2Link\")][contains(text(), \"Address Overview\")]"}
COMMAND: POST /session/284f745c9598ec68bd9714133dfb15c1/element/f.D1CCE01D0E1637D613899A63103EEE24.d.D8EC8FE46B1B357F903CF2935E1E996D.e.5401/click - {}
RESULT: {"script":"<script> [8489 bytes]","args":[{"element-6066-11e4-a52e-4f735466cecf":"f.D1CCE01D0E1637D613899A63103EEE24.d.D8EC8FE46B1B357F903CF2935E1E996D.e.5401","ELEMENT":"f.D1CCE01D0E1637D613899A63103EEE24.d.D8EC8FE46B1B357F903CF2935E1E996D.e.5401"}]}
COMMAND: GET /session/284f745c9598ec68bd9714133dfb15c1/screenshot - {}
COMMAND: POST /session/284f745c9598ec68bd9714133dfb15c1/element - {"using":"xpath","value":"//span[contains(@id ,\"application-addressmanagement-display-component---detailAdm--addressDetailDetailsName1\")][contains(text(), \"WebdriverSite2skcn\")]"}
RESULT: {}
COMMAND: GET /session/284f745c9598ec68bd9714133dfb15c1/screenshot - {}
RESULT: {}
RESULT: {"using":"xpath","value":"//span[contains(@id ,\"application-addressmanagement-display-component---detailAdm--addressDetailDetailsName1\")][contains(text(), \"WebdriverSite2skcn\")]"}
COMMAND: POST /session/284f745c9598ec68bd9714133dfb15c1/execute/sync - {"script":"<script> [8489 bytes]","args":[{"element-6066-11e4-a52e-4f735466cecf":"f.D1CCE01D0E1637D613899A63103EEE24.d.D8EC8FE46B1B357F903CF2935E1E996D.e.5602","ELEMENT":"f.D1CCE01D0E1637D613899A63103EEE24.d.D8EC8FE46B1B357F903CF2935E1E996D.e.5602"}]}
RESULT: {}
RESULT: {"script":"<script> [8489 bytes]","args":[{"element-6066-11e4-a52e-4f735466cecf":"f.D1CCE01D0E1637D613899A63103EEE24.d.D8EC8FE46B1B357F903CF2935E1E996D.e.5602","ELEMENT":"f.D1CCE01D0E1637D613899A63103EEE24.d.D8EC8FE46B1B357F903CF2935E1E996D.e.5602"}]}
COMMAND: GET /session/284f745c9598ec68bd9714133dfb15c1/screenshot - {}
RESULT: {}
RESULT: undefined
COMMAND: POST /session/284f745c9598ec68bd9714133dfb15c1/execute/async - {"script":"<script> [6424 bytes]","args":[{"element-6066-11e4-a52e-4f735466cecf":"f.D1CCE01D0E1637D613899A63103EEE24.d.D8EC8FE46B1B357F903CF2935E1E996D.e.3173"},"getTitle",[]]}
COMMAND: POST /session/284f745c9598ec68bd9714133dfb15c1/execute/async - {"script":"<script> [1562 bytes]","args":[{"selector":{"id":"shellAppTitle"},"wdio_ui5_key":"shellAppTitle"}]}
RESULT: {"script":"<script> [1562 bytes]","args":[{"selector":{"id":"shellAppTitle"},"wdio_ui5_key":"shellAppTitle"}]}
COMMAND: POST /session/284f745c9598ec68bd9714133dfb15c1/execute/async - {"script":"<script> [6424 bytes]","args":[{"element-6066-11e4-a52e-4f735466cecf":"f.D1CCE01D0E1637D613899A63103EEE24.d.D8EC8FE46B1B357F903CF2935E1E996D.e.5604"},"getTitle",[]]}
RESULT: {"script":"<script> [6424 bytes]","args":[{"element-6066-11e4-a52e-4f735466cecf":"f.D1CCE01D0E1637D613899A63103EEE24.d.D8EC8FE46B1B357F903CF2935E1E996D.e.5604"},"getTitle",[]]}
COMMAND: POST /session/284f745c9598ec68bd9714133dfb15c1/element - {"using":"xpath","value":"//span[contains(@id ,\"application-addressmanagement-display-component---detailAdm--addressDetailDetailsName1\")][contains(text(), \"WebdriverSite2skcn\")]"}
RESULT: {"using":"xpath","value":"//span[contains(@id ,\"application-addressmanagement-display-component---detailAdm--addressDetailDetailsName1\")][contains(text(), \"WebdriverSite2skcn\")]"}
COMMAND: POST /session/284f745c9598ec68bd9714133dfb15c1/execute/sync - {"script":"<script> [8489 bytes]","args":[{"element-6066-11e4-a52e-4f735466cecf":"f.D1CCE01D0E1637D613899A63103EEE24.d.D8EC8FE46B1B357F903CF2935E1E996D.e.5602","ELEMENT":"f.D1CCE01D0E1637D613899A63103EEE24.d.D8EC8FE46B1B357F903CF2935E1E996D.e.5602"}]}
RESULT: undefined
COMMAND: POST /session/284f745c9598ec68bd9714133dfb15c1/element - {"using":"xpath","value":"//*[@id=\"backBtn\"]"}
RESULT: {"using":"xpath","value":"//*[@id=\"backBtn\"]"}
COMMAND: POST /session/284f745c9598ec68bd9714133dfb15c1/element/f.D1CCE01D0E1637D613899A63103EEE24.d.D8EC8FE46B1B357F903CF2935E1E996D.e.3175/click - {}
RESULT: {"script":"<script> [8489 bytes]","args":[{"element-6066-11e4-a52e-4f735466cecf":"f.D1CCE01D0E1637D613899A63103EEE24.d.D8EC8FE46B1B357F903CF2935E1E996D.e.5602","ELEMENT":"f.D1CCE01D0E1637D613899A63103EEE24.d.D8EC8FE46B1B357F903CF2935E1E996D.e.5602"}]}
COMMAND: GET /session/284f745c9598ec68bd9714133dfb15c1/screenshot - {}
RESULT: {}
COMMAND: GET /session/284f745c9598ec68bd9714133dfb15c1/screenshot - {}
RESULT: {}
RESULT: {}
COMMAND: POST /session/284f745c9598ec68bd9714133dfb15c1/execute/sync - {"script":"<script> [8489 bytes]","args":[{"element-6066-11e4-a52e-4f735466cecf":"f.D1CCE01D0E1637D613899A63103EEE24.d.D8EC8FE46B1B357F903CF2935E1E996D.e.5399","ELEMENT":"f.D1CCE01D0E1637D613899A63103EEE24.d.D8EC8FE46B1B357F903CF2935E1E996D.e.5399"}]}
COMMAND: POST /session/284f745c9598ec68bd9714133dfb15c1/element - {"using":"xpath","value":"//*[contains(@data-kt ,\"webshopDetailAddressLink\")]"}
RESULT: {"using":"xpath","value":"//*[contains(@data-kt ,\"webshopDetailAddressLink\")]"}
COMMAND: POST /session/284f745c9598ec68bd9714133dfb15c1/execute/sync - {"script":"<script> [8489 bytes]","args":[{"element-6066-11e4-a52e-4f735466cecf":"f.D1CCE01D0E1637D613899A63103EEE24.d.D8EC8FE46B1B357F903CF2935E1E996D.e.5754","ELEMENT":"f.D1CCE01D0E1637D613899A63103EEE24.d.D8EC8FE46B1B357F903CF2935E1E996D.e.5754"}]}
RESULT: {"script":"<script> [8489 bytes]","args":[{"element-6066-11e4-a52e-4f735466cecf":"f.D1CCE01D0E1637D613899A63103EEE24.d.D8EC8FE46B1B357F903CF2935E1E996D.e.5754","ELEMENT":"f.D1CCE01D0E1637D613899A63103EEE24.d.D8EC8FE46B1B357F903CF2935E1E996D.e.5754"}]}
COMMAND: POST /session/284f745c9598ec68bd9714133dfb15c1/execute/sync - {"script":"<script> [5351 bytes]","args":[{"element-6066-11e4-a52e-4f735466cecf":"f.D1CCE01D0E1637D613899A63103EEE24.d.D8EC8FE46B1B357F903CF2935E1E996D.e.5754","ELEMENT":"f.D1CCE01D0E1637D613899A63103EEE24.d.D8EC8FE46B1B357F903CF2935E1E996D.e.5754"}]}
RESULT: {"script":"<script> [5351 bytes]","args":[{"element-6066-11e4-a52e-4f735466cecf":"f.D1CCE01D0E1637D613899A63103EEE24.d.D8EC8FE46B1B357F903CF2935E1E996D.e.5754","ELEMENT":"f.D1CCE01D0E1637D613899A63103EEE24.d.D8EC8FE46B1B357F903CF2935E1E996D.e.5754"}]}
COMMAND: POST /session/284f745c9598ec68bd9714133dfb15c1/element - {"using":"xpath","value":"//*[contains(@data-kt ,\"webshopDetailAddressLink\")]"}
COMMAND: GET /session/284f745c9598ec68bd9714133dfb15c1/screenshot - {}
COMMAND: GET /session/284f745c9598ec68bd9714133dfb15c1/screenshot - {}
RESULT: {"using":"xpath","value":"//*[contains(@data-kt ,\"webshopDetailAddressLink\")]"}
COMMAND: POST /session/284f745c9598ec68bd9714133dfb15c1/element/f.D1CCE01D0E1637D613899A63103EEE24.d.D8EC8FE46B1B357F903CF2935E1E996D.e.5754/click - {}
RESULT: {}
RESULT: {}
RESULT: {}
COMMAND: GET /session/284f745c9598ec68bd9714133dfb15c1/screenshot - {}
RESULT: {}
COMMAND: POST /session/284f745c9598ec68bd9714133dfb15c1/element - {"using":"xpath","value":"//button[contains(@data-kt ,\"ContextMenuExternalId2Link\")]"}
RESULT: {"using":"xpath","value":"//button[contains(@data-kt ,\"ContextMenuExternalId2Link\")]"}
COMMAND: POST /session/284f745c9598ec68bd9714133dfb15c1/element/f.D1CCE01D0E1637D613899A63103EEE24.d.D8EC8FE46B1B357F903CF2935E1E996D.e.5755/click - {}
RESULT: {}
COMMAND: GET /session/284f745c9598ec68bd9714133dfb15c1/screenshot - {}
RESULT: {}
COMMAND: GET /session/284f745c9598ec68bd9714133dfb15c1/window/handles - {}
RESULT: {}
COMMAND: POST /session/284f745c9598ec68bd9714133dfb15c1/window - {"handle":"CCC5C783FFB3EA5E379E6EDF91DC2E11"}
RESULT: {"handle":"CCC5C783FFB3EA5E379E6EDF91DC2E11"}
COMMAND: GET /session/284f745c9598ec68bd9714133dfb15c1/url - {}
RESULT: {}
COMMAND: GET /session/284f745c9598ec68bd9714133dfb15c1/screenshot - {}
RESULT: {}
COMMAND: POST /session/284f745c9598ec68bd9714133dfb15c1/execute/sync - {"script":"<script> [8489 bytes]","args":[{"element-6066-11e4-a52e-4f735466cecf":"f.D1CCE01D0E1637D613899A63103EEE24.d.D8EC8FE46B1B357F903CF2935E1E996D.e.5602","ELEMENT":"f.D1CCE01D0E1637D613899A63103EEE24.d.D8EC8FE46B1B357F903CF2935E1E996D.e.5602"}]}
COMMAND: DELETE /session/284f745c9598ec68bd9714133dfb15c1/window - {}
RESULT: {}
COMMAND: POST /session/284f745c9598ec68bd9714133dfb15c1/window - {"handle":"D1CCE01D0E1637D613899A63103EEE24"}
RESULT: {"handle":"D1CCE01D0E1637D613899A63103EEE24"}
COMMAND: GET /session/284f745c9598ec68bd9714133dfb15c1/url - {}
COMMAND: POST /session/284f745c9598ec68bd9714133dfb15c1/element - {"using":"xpath","value":"//span[contains(@id ,\"application-addressmanagement-display-component---detailAdm--addressDetailDetailsName1\")][contains(text(), \"WebdriverSite2skcn\")]"}
RESULT: {}
COMMAND: GET /session/284f745c9598ec68bd9714133dfb15c1/screenshot - {}
RESULT: {"using":"xpath","value":"//span[contains(@id ,\"application-addressmanagement-display-component---detailAdm--addressDetailDetailsName1\")][contains(text(), \"WebdriverSite2skcn\")]"}
COMMAND: POST /session/284f745c9598ec68bd9714133dfb15c1/element - {"using":"xpath","value":"//span[contains(@id ,\"application-addressmanagement-display-component---detailAdm--addressDetailDetailsName1\")][contains(text(), \"WebdriverSite2skcn\")]"}
RESULT: {}
RESULT: {"using":"xpath","value":"//span[contains(@id ,\"application-addressmanagement-display-component---detailAdm--addressDetailDetailsName1\")][contains(text(), \"WebdriverSite2skcn\")]"}
COMMAND: POST /session/284f745c9598ec68bd9714133dfb15c1/element - {"using":"xpath","value":"//span[contains(@id ,\"application-addressmanagement-display-component---detailAdm--addressDetailDetailsName1\")][contains(text(), \"WebdriverSite2skcn\")]"}
RESULT: {"using":"xpath","value":"//span[contains(@id ,\"application-addressmanagement-display-component---detailAdm--addressDetailDetailsName1\")][contains(text(), \"WebdriverSite2skcn\")]"}
COMMAND: POST /session/284f745c9598ec68bd9714133dfb15c1/element - {"using":"xpath","value":"//span[contains(@id ,\"application-addressmanagement-display-component---detailAdm--addressDetailDetailsName1\")][contains(text(), \"WebdriverSite2skcn\")]"}
RESULT: {"using":"xpath","value":"//span[contains(@id ,\"application-addressmanagement-display-component---detailAdm--addressDetailDetailsName1\")][contains(text(), \"WebdriverSite2skcn\")]"}
COMMAND: POST /session/284f745c9598ec68bd9714133dfb15c1/element - {"using":"xpath","value":"//span[contains(@id ,\"application-addressmanagement-display-component---detailAdm--addressDetailDetailsName1\")][contains(text(), \"WebdriverSite2skcn\")]"}
RESULT: {"using":"xpath","value":"//span[contains(@id ,\"application-addressmanagement-display-component---detailAdm--addressDetailDetailsName1\")][contains(text(), \"WebdriverSite2skcn\")]"}
COMMAND: POST /session/284f745c9598ec68bd9714133dfb15c1/element - {"using":"xpath","value":"//span[contains(@id ,\"application-addressmanagement-display-component---detailAdm--addressDetailDetailsName1\")][contains(text(), \"WebdriverSite2skcn\")]"}
RESULT: {"using":"xpath","value":"//span[contains(@id ,\"application-addressmanagement-display-component---detailAdm--addressDetailDetailsName1\")][contains(text(), \"WebdriverSite2skcn\")]"}
COMMAND: POST /session/284f745c9598ec68bd9714133dfb15c1/element - {"using":"xpath","value":"//*[contains(@data-kt ,\"webshopDetailCustomerLink\")]"}
RESULT: {"using":"xpath","value":"//*[contains(@data-kt ,\"webshopDetailCustomerLink\")]"}
COMMAND: POST /session/284f745c9598ec68bd9714133dfb15c1/execute/sync - {"script":"<script> [8489 bytes]","args":[{"element-6066-11e4-a52e-4f735466cecf":"f.D1CCE01D0E1637D613899A63103EEE24.d.D8EC8FE46B1B357F903CF2935E1E996D.e.5894","ELEMENT":"f.D1CCE01D0E1637D613899A63103EEE24.d.D8EC8FE46B1B357F903CF2935E1E996D.e.5894"}]}
RESULT: {"script":"<script> [8489 bytes]","args":[{"element-6066-11e4-a52e-4f735466cecf":"f.D1CCE01D0E1637D613899A63103EEE24.d.D8EC8FE46B1B357F903CF2935E1E996D.e.5894","ELEMENT":"f.D1CCE01D0E1637D613899A63103EEE24.d.D8EC8FE46B1B357F903CF2935E1E996D.e.5894"}]}
COMMAND: POST /session/284f745c9598ec68bd9714133dfb15c1/execute/sync - {"script":"<script> [5351 bytes]","args":[{"element-6066-11e4-a52e-4f735466cecf":"f.D1CCE01D0E1637D613899A63103EEE24.d.D8EC8FE46B1B357F903CF2935E1E996D.e.5894","ELEMENT":"f.D1CCE01D0E1637D613899A63103EEE24.d.D8EC8FE46B1B357F903CF2935E1E996D.e.5894"}]}
COMMAND: GET /session/284f745c9598ec68bd9714133dfb15c1/screenshot - {}
RESULT: {"script":"<script> [5351 bytes]","args":[{"element-6066-11e4-a52e-4f735466cecf":"f.D1CCE01D0E1637D613899A63103EEE24.d.D8EC8FE46B1B357F903CF2935E1E996D.e.5894","ELEMENT":"f.D1CCE01D0E1637D613899A63103EEE24.d.D8EC8FE46B1B357F903CF2935E1E996D.e.5894"}]}
COMMAND: POST /session/284f745c9598ec68bd9714133dfb15c1/element - {"using":"xpath","value":"//*[contains(@data-kt ,\"webshopDetailCustomerLink\")]"}
COMMAND: GET /session/284f745c9598ec68bd9714133dfb15c1/screenshot - {}
COMMAND: POST /session/284f745c9598ec68bd9714133dfb15c1/element - {"using":"xpath","value":"//span[contains(@id ,\"application-addressmanagement-display-component---detailAdm--addressDetailDetailsName1\")][contains(text(), \"WebdriverSite2skcn\")]"}
RESULT: {}
RESULT: {"using":"xpath","value":"//*[contains(@data-kt ,\"webshopDetailCustomerLink\")]"}
COMMAND: POST /session/284f745c9598ec68bd9714133dfb15c1/element/f.D1CCE01D0E1637D613899A63103EEE24.d.D8EC8FE46B1B357F903CF2935E1E996D.e.5894/click - {}
RESULT: {}
RESULT: {"using":"xpath","value":"//span[contains(@id ,\"application-addressmanagement-display-component---detailAdm--addressDetailDetailsName1\")][contains(text(), \"WebdriverSite2skcn\")]"}
RESULT: {}
COMMAND: GET /session/284f745c9598ec68bd9714133dfb15c1/screenshot - {}
RESULT: {}
COMMAND: POST /session/284f745c9598ec68bd9714133dfb15c1/element - {"using":"xpath","value":"//span[contains(@id ,\"application-addressmanagement-display-component---detailAdm--addressDetailDetailsName1\")][contains(text(), \"WebdriverSite2skcn\")]"}
RESULT: {"using":"xpath","value":"//span[contains(@id ,\"application-addressmanagement-display-component---detailAdm--addressDetailDetailsName1\")][contains(text(), \"WebdriverSite2skcn\")]"}
COMMAND: POST /session/284f745c9598ec68bd9714133dfb15c1/element - {"using":"xpath","value":"//span[contains(@id ,\"application-addressmanagement-display-component---detailAdm--addressDetailDetailsName1\")][contains(text(), \"WebdriverSite2skcn\")]"}
RESULT: {"using":"xpath","value":"//span[contains(@id ,\"application-addressmanagement-display-component---detailAdm--addressDetailDetailsName1\")][contains(text(), \"WebdriverSite2skcn\")]"}
COMMAND: POST /session/284f745c9598ec68bd9714133dfb15c1/element - {"using":"xpath","value":"//span[contains(@id ,\"application-addressmanagement-display-component---detailAdm--addressDetailDetailsName1\")][contains(text(), \"WebdriverSite2skcn\")]"}
RESULT: {"using":"xpath","value":"//span[contains(@id ,\"application-addressmanagement-display-component---detailAdm--addressDetailDetailsName1\")][contains(text(), \"WebdriverSite2skcn\")]"}
COMMAND: POST /session/284f745c9598ec68bd9714133dfb15c1/element - {"using":"xpath","value":"//span[contains(@id ,\"application-addressmanagement-display-component---detailAdm--addressDetailDetailsName1\")][contains(text(), \"WebdriverSite2skcn\")]"}
RESULT: {"using":"xpath","value":"//span[contains(@id ,\"application-addressmanagement-display-component---detailAdm--addressDetailDetailsName1\")][contains(text(), \"WebdriverSite2skcn\")]"}
COMMAND: POST /session/284f745c9598ec68bd9714133dfb15c1/element - {"using":"xpath","value":"//*[contains(@data-kt ,\"ContextMenuId2Link\")][contains(text(), \"Partner Overview\")]"}
RESULT: {"using":"xpath","value":"//*[contains(@data-kt ,\"ContextMenuId2Link\")][contains(text(), \"Partner Overview\")]"}
COMMAND: POST /session/284f745c9598ec68bd9714133dfb15c1/execute/sync - {"script":"<script> [8489 bytes]","args":[{"element-6066-11e4-a52e-4f735466cecf":"f.D1CCE01D0E1637D613899A63103EEE24.d.D8EC8FE46B1B357F903CF2935E1E996D.e.5896","ELEMENT":"f.D1CCE01D0E1637D613899A63103EEE24.d.D8EC8FE46B1B357F903CF2935E1E996D.e.5896"}]}
COMMAND: POST /session/284f745c9598ec68bd9714133dfb15c1/element - {"using":"xpath","value":"//*[contains(@data-kt ,\"ContextMenuId2Link\")][contains(text(), \"Partner Overview\")]"}
RESULT: {"script":"<script> [8489 bytes]","args":[{"element-6066-11e4-a52e-4f735466cecf":"f.D1CCE01D0E1637D613899A63103EEE24.d.D8EC8FE46B1B357F903CF2935E1E996D.e.5896","ELEMENT":"f.D1CCE01D0E1637D613899A63103EEE24.d.D8EC8FE46B1B357F903CF2935E1E996D.e.5896"}]}
COMMAND: GET /session/284f745c9598ec68bd9714133dfb15c1/screenshot - {}
RESULT: {"using":"xpath","value":"//*[contains(@data-kt ,\"ContextMenuId2Link\")][contains(text(), \"Partner Overview\")]"}
COMMAND: POST /session/284f745c9598ec68bd9714133dfb15c1/element/f.D1CCE01D0E1637D613899A63103EEE24.d.D8EC8FE46B1B357F903CF2935E1E996D.e.5896/click - {}
RESULT: {}
COMMAND: POST /session/284f745c9598ec68bd9714133dfb15c1/element - {"using":"xpath","value":"//span[contains(@id ,\"application-addressmanagement-display-component---detailAdm--addressDetailDetailsName1\")][contains(text(), \"WebdriverSite2skcn\")]"}
RESULT: {}
COMMAND: GET /session/284f745c9598ec68bd9714133dfb15c1/screenshot - {}
RESULT: {"using":"xpath","value":"//span[contains(@id ,\"application-addressmanagement-display-component---detailAdm--addressDetailDetailsName1\")][contains(text(), \"WebdriverSite2skcn\")]"}
RESULT: {}
COMMAND: POST /session/284f745c9598ec68bd9714133dfb15c1/element - {"using":"xpath","value":"//span[contains(@id ,\"application-addressmanagement-display-component---detailAdm--addressDetailDetailsName1\")][contains(text(), \"WebdriverSite2skcn\")]"}
RESULT: {"using":"xpath","value":"//span[contains(@id ,\"application-addressmanagement-display-component---detailAdm--addressDetailDetailsName1\")][contains(text(), \"WebdriverSite2skcn\")]"}
COMMAND: POST /session/284f745c9598ec68bd9714133dfb15c1/element - {"using":"xpath","value":"//span[contains(@id ,\"application-addressmanagement-display-component---detailAdm--addressDetailDetailsName1\")][contains(text(), \"WebdriverSite2skcn\")]"}
RESULT: {"using":"xpath","value":"//span[contains(@id ,\"application-addressmanagement-display-component---detailAdm--addressDetailDetailsName1\")][contains(text(), \"WebdriverSite2skcn\")]"}
COMMAND: POST /session/284f745c9598ec68bd9714133dfb15c1/element - {"using":"xpath","value":"//span[contains(@id ,\"application-addressmanagement-display-component---detailAdm--addressDetailDetailsName1\")][contains(text(), \"WebdriverSite2skcn\")]"}
RESULT: {"using":"xpath","value":"//span[contains(@id ,\"application-addressmanagement-display-component---detailAdm--addressDetailDetailsName1\")][contains(text(), \"WebdriverSite2skcn\")]"}
COMMAND: POST /session/284f745c9598ec68bd9714133dfb15c1/element - {"using":"xpath","value":"//span[contains(@id ,\"application-addressmanagement-display-component---detailAdm--addressDetailDetailsName1\")][contains(text(), \"WebdriverSite2skcn\")]"}
RESULT: {"using":"xpath","value":"//span[contains(@id ,\"application-addressmanagement-display-component---detailAdm--addressDetailDetailsName1\")][contains(text(), \"WebdriverSite2skcn\")]"}
COMMAND: POST /session/284f745c9598ec68bd9714133dfb15c1/element - {"using":"xpath","value":"//span[contains(@id ,\"application-addressmanagement-display-component---detailAdm--addressDetailDetailsName1\")][contains(text(), \"WebdriverSite2skcn\")]"}
RESULT: undefined
COMMAND: POST /session/284f745c9598ec68bd9714133dfb15c1/execute/async - {"script":"<script> [6424 bytes]","args":[{"element-6066-11e4-a52e-4f735466cecf":"f.D1CCE01D0E1637D613899A63103EEE24.d.D8EC8FE46B1B357F903CF2935E1E996D.e.3173"},"getTitle",[]]}
RESULT: {"using":"xpath","value":"//span[contains(@id ,\"application-addressmanagement-display-component---detailAdm--addressDetailDetailsName1\")][contains(text(), \"WebdriverSite2skcn\")]"}
COMMAND: POST /session/284f745c9598ec68bd9714133dfb15c1/execute/async - {"script":"<script> [1562 bytes]","args":[{"selector":{"id":"shellAppTitle"},"wdio_ui5_key":"shellAppTitle"}]}
COMMAND: POST /session/284f745c9598ec68bd9714133dfb15c1/element - {"using":"xpath","value":"//span[contains(@id ,\"application-addressmanagement-display-component---detailAdm--addressDetailDetailsName1\")][contains(text(), \"WebdriverSite2skcn\")]"}
RESULT: {"script":"<script> [1562 bytes]","args":[{"selector":{"id":"shellAppTitle"},"wdio_ui5_key":"shellAppTitle"}]}
COMMAND: POST /session/284f745c9598ec68bd9714133dfb15c1/execute/async - {"script":"<script> [6424 bytes]","args":[{"element-6066-11e4-a52e-4f735466cecf":"f.D1CCE01D0E1637D613899A63103EEE24.d.D8EC8FE46B1B357F903CF2935E1E996D.e.6135"},"getTitle",[]]}
RESULT: {"using":"xpath","value":"//span[contains(@id ,\"application-addressmanagement-display-component---detailAdm--addressDetailDetailsName1\")][contains(text(), \"WebdriverSite2skcn\")]"}
RESULT: {"script":"<script> [6424 bytes]","args":[{"element-6066-11e4-a52e-4f735466cecf":"f.D1CCE01D0E1637D613899A63103EEE24.d.D8EC8FE46B1B357F903CF2935E1E996D.e.6135"},"getTitle",[]]}
COMMAND: POST /session/284f745c9598ec68bd9714133dfb15c1/element - {"using":"xpath","value":"//span[contains(@id ,\"title\")][contains(text(), \"WebdriverPartner5rlx6g\")]"}
RESULT: {"using":"xpath","value":"//span[contains(@id ,\"title\")][contains(text(), \"WebdriverPartner5rlx6g\")]"}
COMMAND: POST /session/284f745c9598ec68bd9714133dfb15c1/execute/sync - {"script":"<script> [8489 bytes]","args":[{"element-6066-11e4-a52e-4f735466cecf":"f.D1CCE01D0E1637D613899A63103EEE24.d.D8EC8FE46B1B357F903CF2935E1E996D.e.6136","ELEMENT":"f.D1CCE01D0E1637D613899A63103EEE24.d.D8EC8FE46B1B357F903CF2935E1E996D.e.6136"}]}
RESULT: undefined
COMMAND: POST /session/284f745c9598ec68bd9714133dfb15c1/element - {"using":"xpath","value":"//*[@id=\"backBtn\"]"}
COMMAND: POST /session/284f745c9598ec68bd9714133dfb15c1/element - {"using":"xpath","value":"//span[contains(@id ,\"application-addressmanagement-display-component---detailAdm--addressDetailDetailsName1\")][contains(text(), \"WebdriverSite2skcn\")]"}
RESULT: {"script":"<script> [8489 bytes]","args":[{"element-6066-11e4-a52e-4f735466cecf":"f.D1CCE01D0E1637D613899A63103EEE24.d.D8EC8FE46B1B357F903CF2935E1E996D.e.6136","ELEMENT":"f.D1CCE01D0E1637D613899A63103EEE24.d.D8EC8FE46B1B357F903CF2935E1E996D.e.6136"}]}
COMMAND: GET /session/284f745c9598ec68bd9714133dfb15c1/screenshot - {}
RESULT: {"using":"xpath","value":"//*[@id=\"backBtn\"]"}
COMMAND: POST /session/284f745c9598ec68bd9714133dfb15c1/element/f.D1CCE01D0E1637D613899A63103EEE24.d.D8EC8FE46B1B357F903CF2935E1E996D.e.3175/click - {}
RESULT: {"using":"xpath","value":"//span[contains(@id ,\"application-addressmanagement-display-component---detailAdm--addressDetailDetailsName1\")][contains(text(), \"WebdriverSite2skcn\")]"}
RESULT: {}
COMMAND: POST /session/284f745c9598ec68bd9714133dfb15c1/execute/sync - {"script":"<script> [8489 bytes]","args":[{"element-6066-11e4-a52e-4f735466cecf":"f.D1CCE01D0E1637D613899A63103EEE24.d.D8EC8FE46B1B357F903CF2935E1E996D.e.6136","ELEMENT":"f.D1CCE01D0E1637D613899A63103EEE24.d.D8EC8FE46B1B357F903CF2935E1E996D.e.6136"}]}
COMMAND: POST /session/284f745c9598ec68bd9714133dfb15c1/element - {"using":"xpath","value":"//span[contains(@id ,\"application-addressmanagement-display-component---detailAdm--addressDetailDetailsName1\")][contains(text(), \"WebdriverSite2skcn\")]"}
RESULT: {}
COMMAND: GET /session/284f745c9598ec68bd9714133dfb15c1/screenshot - {}
COMMAND: POST /session/284f745c9598ec68bd9714133dfb15c1/element - {"using":"xpath","value":"//span[contains(@id ,\"title\")][contains(text(), \"WebdriverPartner5rlx6g\")]"}
RESULT: {"using":"xpath","value":"//span[contains(@id ,\"application-addressmanagement-display-component---detailAdm--addressDetailDetailsName1\")][contains(text(), \"WebdriverSite2skcn\")]"}
RESULT: {}
RESULT: {"using":"xpath","value":"//span[contains(@id ,\"title\")][contains(text(), \"WebdriverPartner5rlx6g\")]"}
COMMAND: POST /session/284f745c9598ec68bd9714133dfb15c1/element - {"using":"xpath","value":"//span[contains(@id ,\"title\")][contains(text(), \"WebdriverPartner5rlx6g\")]"}
RESULT: {"using":"xpath","value":"//span[contains(@id ,\"title\")][contains(text(), \"WebdriverPartner5rlx6g\")]"}
COMMAND: POST /session/284f745c9598ec68bd9714133dfb15c1/element - {"using":"xpath","value":"//span[contains(@id ,\"application-addressmanagement-display-component---detailAdm--addressDetailDetailsName1\")][contains(text(), \"WebdriverSite2skcn\")]"}
RESULT: {"using":"xpath","value":"//span[contains(@id ,\"application-addressmanagement-display-component---detailAdm--addressDetailDetailsName1\")][contains(text(), \"WebdriverSite2skcn\")]"}
COMMAND: POST /session/284f745c9598ec68bd9714133dfb15c1/element - {"using":"xpath","value":"//span[contains(@id ,\"title\")][contains(text(), \"WebdriverPartner5rlx6g\")]"}
RESULT: {"using":"xpath","value":"//span[contains(@id ,\"title\")][contains(text(), \"WebdriverPartner5rlx6g\")]"}
COMMAND: POST /session/284f745c9598ec68bd9714133dfb15c1/element - {"using":"xpath","value":"//span[contains(@id ,\"application-addressmanagement-display-component---detailAdm--addressDetailDetailsName1\")][contains(text(), \"WebdriverSite2skcn\")]"}
RESULT: {"using":"xpath","value":"//span[contains(@id ,\"application-addressmanagement-display-component---detailAdm--addressDetailDetailsName1\")][contains(text(), \"WebdriverSite2skcn\")]"}
COMMAND: POST /session/284f745c9598ec68bd9714133dfb15c1/element - {"using":"xpath","value":"//span[contains(@id ,\"title\")][contains(text(), \"WebdriverPartner5rlx6g\")]"}
RESULT: {"using":"xpath","value":"//span[contains(@id ,\"title\")][contains(text(), \"WebdriverPartner5rlx6g\")]"}
COMMAND: POST /session/284f745c9598ec68bd9714133dfb15c1/element - {"using":"xpath","value":"//span[contains(@id ,\"application-addressmanagement-display-component---detailAdm--addressDetailDetailsName1\")][contains(text(), \"WebdriverSite2skcn\")]"}
RESULT: {"using":"xpath","value":"//span[contains(@id ,\"application-addressmanagement-display-component---detailAdm--addressDetailDetailsName1\")][contains(text(), \"WebdriverSite2skcn\")]"}
COMMAND: POST /session/284f745c9598ec68bd9714133dfb15c1/element - {"using":"xpath","value":"//span[contains(@id ,\"title\")][contains(text(), \"WebdriverPartner5rlx6g\")]"}
RESULT: {"using":"xpath","value":"//span[contains(@id ,\"title\")][contains(text(), \"WebdriverPartner5rlx6g\")]"}
COMMAND: POST /session/284f745c9598ec68bd9714133dfb15c1/element - {"using":"xpath","value":"//span[contains(@id ,\"application-addressmanagement-display-component---detailAdm--addressDetailDetailsName1\")][contains(text(), \"WebdriverSite2skcn\")]"}
RESULT: {"using":"xpath","value":"//span[contains(@id ,\"application-addressmanagement-display-component---detailAdm--addressDetailDetailsName1\")][contains(text(), \"WebdriverSite2skcn\")]"}
COMMAND: POST /session/284f745c9598ec68bd9714133dfb15c1/element - {"using":"xpath","value":"//span[contains(@id ,\"title\")][contains(text(), \"WebdriverPartner5rlx6g\")]"}
RESULT: {"using":"xpath","value":"//span[contains(@id ,\"title\")][contains(text(), \"WebdriverPartner5rlx6g\")]"}
COMMAND: POST /session/284f745c9598ec68bd9714133dfb15c1/element - {"using":"xpath","value":"//span[contains(@id ,\"application-addressmanagement-display-component---detailAdm--addressDetailDetailsName1\")][contains(text(), \"WebdriverSite2skcn\")]"}
RESULT: {"using":"xpath","value":"//span[contains(@id ,\"application-addressmanagement-display-component---detailAdm--addressDetailDetailsName1\")][contains(text(), \"WebdriverSite2skcn\")]"}
COMMAND: POST /session/284f745c9598ec68bd9714133dfb15c1/element - {"using":"xpath","value":"//span[contains(@id ,\"title\")][contains(text(), \"WebdriverPartner5rlx6g\")]"}
RESULT: {"using":"xpath","value":"//span[contains(@id ,\"title\")][contains(text(), \"WebdriverPartner5rlx6g\")]"}
COMMAND: POST /session/284f745c9598ec68bd9714133dfb15c1/element - {"using":"xpath","value":"//span[contains(@id ,\"application-addressmanagement-display-component---detailAdm--addressDetailDetailsName1\")][contains(text(), \"WebdriverSite2skcn\")]"}
RESULT: {"using":"xpath","value":"//span[contains(@id ,\"application-addressmanagement-display-component---detailAdm--addressDetailDetailsName1\")][contains(text(), \"WebdriverSite2skcn\")]"}
COMMAND: POST /session/284f745c9598ec68bd9714133dfb15c1/element - {"using":"xpath","value":"//span[contains(@id ,\"title\")][contains(text(), \"WebdriverPartner5rlx6g\")]"}
RESULT: {"using":"xpath","value":"//span[contains(@id ,\"title\")][contains(text(), \"WebdriverPartner5rlx6g\")]"}
COMMAND: POST /session/284f745c9598ec68bd9714133dfb15c1/element - {"using":"xpath","value":"//span[contains(@id ,\"application-addressmanagement-display-component---detailAdm--addressDetailDetailsName1\")][contains(text(), \"WebdriverSite2skcn\")]"}
RESULT: {"using":"xpath","value":"//span[contains(@id ,\"application-addressmanagement-display-component---detailAdm--addressDetailDetailsName1\")][contains(text(), \"WebdriverSite2skcn\")]"}
COMMAND: POST /session/284f745c9598ec68bd9714133dfb15c1/element - {"using":"xpath","value":"//span[contains(@id ,\"title\")][contains(text(), \"WebdriverPartner5rlx6g\")]"}
RESULT: {"using":"xpath","value":"//span[contains(@id ,\"title\")][contains(text(), \"WebdriverPartner5rlx6g\")]"}
COMMAND: POST /session/284f745c9598ec68bd9714133dfb15c1/element - {"using":"xpath","value":"//span[contains(@id ,\"application-addressmanagement-display-component---detailAdm--addressDetailDetailsName1\")][contains(text(), \"WebdriverSite2skcn\")]"}
RESULT: {"using":"xpath","value":"//span[contains(@id ,\"application-addressmanagement-display-component---detailAdm--addressDetailDetailsName1\")][contains(text(), \"WebdriverSite2skcn\")]"}
COMMAND: POST /session/284f745c9598ec68bd9714133dfb15c1/execute/sync - {"script":"<script> [8489 bytes]","args":[{"element-6066-11e4-a52e-4f735466cecf":"f.D1CCE01D0E1637D613899A63103EEE24.d.D8EC8FE46B1B357F903CF2935E1E996D.e.5894","ELEMENT":"f.D1CCE01D0E1637D613899A63103EEE24.d.D8EC8FE46B1B357F903CF2935E1E996D.e.5894"}]}
COMMAND: POST /session/284f745c9598ec68bd9714133dfb15c1/element - {"using":"xpath","value":"//*[contains(@data-kt ,\"webshopDetailCustomerLink\")]"}
RESULT: {"using":"xpath","value":"//*[contains(@data-kt ,\"webshopDetailCustomerLink\")]"}
COMMAND: POST /session/284f745c9598ec68bd9714133dfb15c1/execute/sync - {"script":"<script> [8489 bytes]","args":[{"element-6066-11e4-a52e-4f735466cecf":"f.D1CCE01D0E1637D613899A63103EEE24.d.D8EC8FE46B1B357F903CF2935E1E996D.e.6266","ELEMENT":"f.D1CCE01D0E1637D613899A63103EEE24.d.D8EC8FE46B1B357F903CF2935E1E996D.e.6266"}]}
RESULT: {"script":"<script> [8489 bytes]","args":[{"element-6066-11e4-a52e-4f735466cecf":"f.D1CCE01D0E1637D613899A63103EEE24.d.D8EC8FE46B1B357F903CF2935E1E996D.e.6266","ELEMENT":"f.D1CCE01D0E1637D613899A63103EEE24.d.D8EC8FE46B1B357F903CF2935E1E996D.e.6266"}]}
COMMAND: POST /session/284f745c9598ec68bd9714133dfb15c1/execute/sync - {"script":"<script> [5351 bytes]","args":[{"element-6066-11e4-a52e-4f735466cecf":"f.D1CCE01D0E1637D613899A63103EEE24.d.D8EC8FE46B1B357F903CF2935E1E996D.e.6266","ELEMENT":"f.D1CCE01D0E1637D613899A63103EEE24.d.D8EC8FE46B1B357F903CF2935E1E996D.e.6266"}]}
COMMAND: GET /session/284f745c9598ec68bd9714133dfb15c1/screenshot - {}
RESULT: {"script":"<script> [5351 bytes]","args":[{"element-6066-11e4-a52e-4f735466cecf":"f.D1CCE01D0E1637D613899A63103EEE24.d.D8EC8FE46B1B357F903CF2935E1E996D.e.6266","ELEMENT":"f.D1CCE01D0E1637D613899A63103EEE24.d.D8EC8FE46B1B357F903CF2935E1E996D.e.6266"}]}
COMMAND: POST /session/284f745c9598ec68bd9714133dfb15c1/element - {"using":"xpath","value":"//*[contains(@data-kt ,\"webshopDetailCustomerLink\")]"}
COMMAND: GET /session/284f745c9598ec68bd9714133dfb15c1/screenshot - {}
COMMAND: POST /session/284f745c9598ec68bd9714133dfb15c1/element - {"using":"xpath","value":"//span[contains(@id ,\"title\")][contains(text(), \"WebdriverPartner5rlx6g\")]"}
RESULT: {}
RESULT: {"using":"xpath","value":"//*[contains(@data-kt ,\"webshopDetailCustomerLink\")]"}
COMMAND: POST /session/284f745c9598ec68bd9714133dfb15c1/element/f.D1CCE01D0E1637D613899A63103EEE24.d.D8EC8FE46B1B357F903CF2935E1E996D.e.6266/click - {}
COMMAND: POST /session/284f745c9598ec68bd9714133dfb15c1/element - {"using":"xpath","value":"//span[contains(@id ,\"application-addressmanagement-display-component---detailAdm--addressDetailDetailsName1\")][contains(text(), \"WebdriverSite2skcn\")]"}
RESULT: {}
RESULT: {"using":"xpath","value":"//span[contains(@id ,\"title\")][contains(text(), \"WebdriverPartner5rlx6g\")]"}
RESULT: {}
COMMAND: GET /session/284f745c9598ec68bd9714133dfb15c1/screenshot - {}
RESULT: {"using":"xpath","value":"//span[contains(@id ,\"application-addressmanagement-display-component---detailAdm--addressDetailDetailsName1\")][contains(text(), \"WebdriverSite2skcn\")]"}
COMMAND: POST /session/284f745c9598ec68bd9714133dfb15c1/element - {"using":"xpath","value":"//span[contains(@id ,\"title\")][contains(text(), \"WebdriverPartner5rlx6g\")]"}
RESULT: {}
COMMAND: POST /session/284f745c9598ec68bd9714133dfb15c1/element - {"using":"xpath","value":"//span[contains(@id ,\"application-addressmanagement-display-component---detailAdm--addressDetailDetailsName1\")][contains(text(), \"WebdriverSite2skcn\")]"}
RESULT: {"using":"xpath","value":"//span[contains(@id ,\"title\")][contains(text(), \"WebdriverPartner5rlx6g\")]"}
COMMAND: POST /session/284f745c9598ec68bd9714133dfb15c1/execute/sync - {"script":"<script> [8489 bytes]","args":[{"element-6066-11e4-a52e-4f735466cecf":"f.D1CCE01D0E1637D613899A63103EEE24.d.D8EC8FE46B1B357F903CF2935E1E996D.e.6268","ELEMENT":"f.D1CCE01D0E1637D613899A63103EEE24.d.D8EC8FE46B1B357F903CF2935E1E996D.e.6268"}]}
RESULT: {"using":"xpath","value":"//span[contains(@id ,\"application-addressmanagement-display-component---detailAdm--addressDetailDetailsName1\")][contains(text(), \"WebdriverSite2skcn\")]"}
RESULT: {"script":"<script> [8489 bytes]","args":[{"element-6066-11e4-a52e-4f735466cecf":"f.D1CCE01D0E1637D613899A63103EEE24.d.D8EC8FE46B1B357F903CF2935E1E996D.e.6268","ELEMENT":"f.D1CCE01D0E1637D613899A63103EEE24.d.D8EC8FE46B1B357F903CF2935E1E996D.e.6268"}]}
COMMAND: GET /session/284f745c9598ec68bd9714133dfb15c1/screenshot - {}
RESULT: {}
COMMAND: POST /session/284f745c9598ec68bd9714133dfb15c1/element - {"using":"xpath","value":"//span[contains(@id ,\"application-addressmanagement-display-component---detailAdm--addressDetailDetailsName1\")][contains(text(), \"WebdriverSite2skcn\")]"}
RESULT: {"using":"xpath","value":"//span[contains(@id ,\"application-addressmanagement-display-component---detailAdm--addressDetailDetailsName1\")][contains(text(), \"WebdriverSite2skcn\")]"}
COMMAND: POST /session/284f745c9598ec68bd9714133dfb15c1/element - {"using":"xpath","value":"//span[contains(@id ,\"application-addressmanagement-display-component---detailAdm--addressDetailDetailsName1\")][contains(text(), \"WebdriverSite2skcn\")]"}
RESULT: {"using":"xpath","value":"//span[contains(@id ,\"application-addressmanagement-display-component---detailAdm--addressDetailDetailsName1\")][contains(text(), \"WebdriverSite2skcn\")]"}
COMMAND: POST /session/284f745c9598ec68bd9714133dfb15c1/element - {"using":"xpath","value":"//button[contains(@data-kt ,\"ContextMenuExternalId2Link\")]"}
RESULT: {"using":"xpath","value":"//button[contains(@data-kt ,\"ContextMenuExternalId2Link\")]"}
COMMAND: POST /session/284f745c9598ec68bd9714133dfb15c1/element/f.D1CCE01D0E1637D613899A63103EEE24.d.D8EC8FE46B1B357F903CF2935E1E996D.e.6267/click - {}
COMMAND: POST /session/284f745c9598ec68bd9714133dfb15c1/element - {"using":"xpath","value":"//span[contains(@id ,\"application-addressmanagement-display-component---detailAdm--addressDetailDetailsName1\")][contains(text(), \"WebdriverSite2skcn\")]"}
RESULT: {}
COMMAND: GET /session/284f745c9598ec68bd9714133dfb15c1/screenshot - {}
RESULT: {"using":"xpath","value":"//span[contains(@id ,\"application-addressmanagement-display-component---detailAdm--addressDetailDetailsName1\")][contains(text(), \"WebdriverSite2skcn\")]"}
COMMAND: POST /session/284f745c9598ec68bd9714133dfb15c1/element - {"using":"xpath","value":"//span[contains(@id ,\"application-addressmanagement-display-component---detailAdm--addressDetailDetailsName1\")][contains(text(), \"WebdriverSite2skcn\")]"}
RESULT: {}
RESULT: {"using":"xpath","value":"//span[contains(@id ,\"application-addressmanagement-display-component---detailAdm--addressDetailDetailsName1\")][contains(text(), \"WebdriverSite2skcn\")]"}
COMMAND: POST /session/284f745c9598ec68bd9714133dfb15c1/element - {"using":"xpath","value":"//span[contains(@id ,\"application-addressmanagement-display-component---detailAdm--addressDetailDetailsName1\")][contains(text(), \"WebdriverSite2skcn\")]"}
RESULT: {"using":"xpath","value":"//span[contains(@id ,\"application-addressmanagement-display-component---detailAdm--addressDetailDetailsName1\")][contains(text(), \"WebdriverSite2skcn\")]"}
COMMAND: GET /session/284f745c9598ec68bd9714133dfb15c1/window/handles - {}
RESULT: {}
COMMAND: POST /session/284f745c9598ec68bd9714133dfb15c1/window - {"handle":"BCE4F135B2ED7439B158F3DCC375701B"}
RESULT: {"handle":"BCE4F135B2ED7439B158F3DCC375701B"}
COMMAND: GET /session/284f745c9598ec68bd9714133dfb15c1/url - {}
RESULT: {}
COMMAND: GET /session/284f745c9598ec68bd9714133dfb15c1/screenshot - {}
COMMAND: POST /session/284f745c9598ec68bd9714133dfb15c1/execute/sync - {"script":"<script> [8489 bytes]","args":[{"element-6066-11e4-a52e-4f735466cecf":"f.D1CCE01D0E1637D613899A63103EEE24.d.D8EC8FE46B1B357F903CF2935E1E996D.e.6268","ELEMENT":"f.D1CCE01D0E1637D613899A63103EEE24.d.D8EC8FE46B1B357F903CF2935E1E996D.e.6268"}]}
COMMAND: DELETE /session/284f745c9598ec68bd9714133dfb15c1/window - {}
RESULT: {}
RESULT: {"script":"<script> [8489 bytes]","args":[{"element-6066-11e4-a52e-4f735466cecf":"f.D1CCE01D0E1637D613899A63103EEE24.d.D8EC8FE46B1B357F903CF2935E1E996D.e.6268","ELEMENT":"f.D1CCE01D0E1637D613899A63103EEE24.d.D8EC8FE46B1B357F903CF2935E1E996D.e.6268"}]}
COMMAND: GET /session/284f745c9598ec68bd9714133dfb15c1/screenshot - {}
RESULT: {}
COMMAND: POST /session/284f745c9598ec68bd9714133dfb15c1/window - {"handle":"D1CCE01D0E1637D613899A63103EEE24"}
RESULT: {"handle":"D1CCE01D0E1637D613899A63103EEE24"}
COMMAND: GET /session/284f745c9598ec68bd9714133dfb15c1/url - {}
COMMAND: POST /session/284f745c9598ec68bd9714133dfb15c1/execute/sync - {"script":"<script> [8489 bytes]","args":[{"element-6066-11e4-a52e-4f735466cecf":"f.D1CCE01D0E1637D613899A63103EEE24.d.D8EC8FE46B1B357F903CF2935E1E996D.e.6268","ELEMENT":"f.D1CCE01D0E1637D613899A63103EEE24.d.D8EC8FE46B1B357F903CF2935E1E996D.e.6268"}]}
RESULT: {}
RESULT: {}
RESULT: {"script":"<script> [8489 bytes]","args":[{"element-6066-11e4-a52e-4f735466cecf":"f.D1CCE01D0E1637D613899A63103EEE24.d.D8EC8FE46B1B357F903CF2935E1E996D.e.6268","ELEMENT":"f.D1CCE01D0E1637D613899A63103EEE24.d.D8EC8FE46B1B357F903CF2935E1E996D.e.6268"}]}
COMMAND: GET /session/284f745c9598ec68bd9714133dfb15c1/screenshot - {}
COMMAND: GET /session/284f745c9598ec68bd9714133dfb15c1/screenshot - {}
RESULT: {}
RESULT: {}
]]></system-out>
    </testcase>
    <testcase classname="chrome.136_0_7103_93.windows.Webshop_-_Hyperlinks_visible_and_working_properly__US139085" name="Should verify the contract and catalog item hyperlinks" time="96.659">
      <system-out><![CDATA[
COMMAND: POST /session/284f745c9598ec68bd9714133dfb15c1/element - {"using":"xpath","value":"//*[contains(@data-kt ,\"webshopDetailContractLink\")]"}
RESULT: {"using":"xpath","value":"//*[contains(@data-kt ,\"webshopDetailContractLink\")]"}
COMMAND: POST /session/284f745c9598ec68bd9714133dfb15c1/execute/sync - {"script":"<script> [8489 bytes]","args":[{"element-6066-11e4-a52e-4f735466cecf":"f.D1CCE01D0E1637D613899A63103EEE24.d.D8EC8FE46B1B357F903CF2935E1E996D.e.6361","ELEMENT":"f.D1CCE01D0E1637D613899A63103EEE24.d.D8EC8FE46B1B357F903CF2935E1E996D.e.6361"}]}
RESULT: {"script":"<script> [8489 bytes]","args":[{"element-6066-11e4-a52e-4f735466cecf":"f.D1CCE01D0E1637D613899A63103EEE24.d.D8EC8FE46B1B357F903CF2935E1E996D.e.6361","ELEMENT":"f.D1CCE01D0E1637D613899A63103EEE24.d.D8EC8FE46B1B357F903CF2935E1E996D.e.6361"}]}
COMMAND: POST /session/284f745c9598ec68bd9714133dfb15c1/execute/sync - {"script":"<script> [5351 bytes]","args":[{"element-6066-11e4-a52e-4f735466cecf":"f.D1CCE01D0E1637D613899A63103EEE24.d.D8EC8FE46B1B357F903CF2935E1E996D.e.6361","ELEMENT":"f.D1CCE01D0E1637D613899A63103EEE24.d.D8EC8FE46B1B357F903CF2935E1E996D.e.6361"}]}
RESULT: {"script":"<script> [5351 bytes]","args":[{"element-6066-11e4-a52e-4f735466cecf":"f.D1CCE01D0E1637D613899A63103EEE24.d.D8EC8FE46B1B357F903CF2935E1E996D.e.6361","ELEMENT":"f.D1CCE01D0E1637D613899A63103EEE24.d.D8EC8FE46B1B357F903CF2935E1E996D.e.6361"}]}
COMMAND: POST /session/284f745c9598ec68bd9714133dfb15c1/element - {"using":"xpath","value":"//*[contains(@data-kt ,\"webshopDetailContractLink\")]"}
RESULT: {"using":"xpath","value":"//*[contains(@data-kt ,\"webshopDetailContractLink\")]"}
COMMAND: POST /session/284f745c9598ec68bd9714133dfb15c1/element/f.D1CCE01D0E1637D613899A63103EEE24.d.D8EC8FE46B1B357F903CF2935E1E996D.e.6361/click - {}
COMMAND: GET /session/284f745c9598ec68bd9714133dfb15c1/screenshot - {}
COMMAND: GET /session/284f745c9598ec68bd9714133dfb15c1/screenshot - {}
RESULT: {}
RESULT: {}
RESULT: {}
COMMAND: GET /session/284f745c9598ec68bd9714133dfb15c1/screenshot - {}
RESULT: {}
COMMAND: POST /session/284f745c9598ec68bd9714133dfb15c1/element - {"using":"xpath","value":"//*[contains(@data-kt ,\"ContextMenuId2Link\")][contains(text(), \"Contract Overview\")]"}
RESULT: {"using":"xpath","value":"//*[contains(@data-kt ,\"ContextMenuId2Link\")][contains(text(), \"Contract Overview\")]"}
COMMAND: POST /session/284f745c9598ec68bd9714133dfb15c1/execute/sync - {"script":"<script> [8489 bytes]","args":[{"element-6066-11e4-a52e-4f735466cecf":"f.D1CCE01D0E1637D613899A63103EEE24.d.D8EC8FE46B1B357F903CF2935E1E996D.e.6363","ELEMENT":"f.D1CCE01D0E1637D613899A63103EEE24.d.D8EC8FE46B1B357F903CF2935E1E996D.e.6363"}]}
COMMAND: POST /session/284f745c9598ec68bd9714133dfb15c1/element - {"using":"xpath","value":"//*[contains(@data-kt ,\"ContextMenuId2Link\")][contains(text(), \"Contract Overview\")]"}
RESULT: {"script":"<script> [8489 bytes]","args":[{"element-6066-11e4-a52e-4f735466cecf":"f.D1CCE01D0E1637D613899A63103EEE24.d.D8EC8FE46B1B357F903CF2935E1E996D.e.6363","ELEMENT":"f.D1CCE01D0E1637D613899A63103EEE24.d.D8EC8FE46B1B357F903CF2935E1E996D.e.6363"}]}
COMMAND: GET /session/284f745c9598ec68bd9714133dfb15c1/screenshot - {}
RESULT: {"using":"xpath","value":"//*[contains(@data-kt ,\"ContextMenuId2Link\")][contains(text(), \"Contract Overview\")]"}
COMMAND: POST /session/284f745c9598ec68bd9714133dfb15c1/element/f.D1CCE01D0E1637D613899A63103EEE24.d.D8EC8FE46B1B357F903CF2935E1E996D.e.6363/click - {}
RESULT: {}
RESULT: {}
COMMAND: GET /session/284f745c9598ec68bd9714133dfb15c1/screenshot - {}
RESULT: {}
RESULT: undefined
COMMAND: POST /session/284f745c9598ec68bd9714133dfb15c1/execute/async - {"script":"<script> [6424 bytes]","args":[{"element-6066-11e4-a52e-4f735466cecf":"f.D1CCE01D0E1637D613899A63103EEE24.d.D8EC8FE46B1B357F903CF2935E1E996D.e.3173"},"getTitle",[]]}
COMMAND: POST /session/284f745c9598ec68bd9714133dfb15c1/execute/async - {"script":"<script> [1562 bytes]","args":[{"selector":{"id":"shellAppTitle"},"wdio_ui5_key":"shellAppTitle"}]}
RESULT: {"script":"<script> [1562 bytes]","args":[{"selector":{"id":"shellAppTitle"},"wdio_ui5_key":"shellAppTitle"}]}
COMMAND: POST /session/284f745c9598ec68bd9714133dfb15c1/execute/async - {"script":"<script> [6424 bytes]","args":[{"element-6066-11e4-a52e-4f735466cecf":"f.D1CCE01D0E1637D613899A63103EEE24.d.D8EC8FE46B1B357F903CF2935E1E996D.e.6595"},"getTitle",[]]}
RESULT: {"script":"<script> [6424 bytes]","args":[{"element-6066-11e4-a52e-4f735466cecf":"f.D1CCE01D0E1637D613899A63103EEE24.d.D8EC8FE46B1B357F903CF2935E1E996D.e.6595"},"getTitle",[]]}
COMMAND: POST /session/284f745c9598ec68bd9714133dfb15c1/element - {"using":"xpath","value":"//span[contains(@id ,\"contractDetailTitleNoExpanded\")][contains(text(), \"10339\")]"}
RESULT: {"using":"xpath","value":"//span[contains(@id ,\"contractDetailTitleNoExpanded\")][contains(text(), \"10339\")]"}
COMMAND: POST /session/284f745c9598ec68bd9714133dfb15c1/execute/sync - {"script":"<script> [8489 bytes]","args":[{"element-6066-11e4-a52e-4f735466cecf":"f.D1CCE01D0E1637D613899A63103EEE24.d.D8EC8FE46B1B357F903CF2935E1E996D.e.6596","ELEMENT":"f.D1CCE01D0E1637D613899A63103EEE24.d.D8EC8FE46B1B357F903CF2935E1E996D.e.6596"}]}
RESULT: undefined
COMMAND: POST /session/284f745c9598ec68bd9714133dfb15c1/element - {"using":"xpath","value":"//*[@id=\"backBtn\"]"}
RESULT: {"script":"<script> [8489 bytes]","args":[{"element-6066-11e4-a52e-4f735466cecf":"f.D1CCE01D0E1637D613899A63103EEE24.d.D8EC8FE46B1B357F903CF2935E1E996D.e.6596","ELEMENT":"f.D1CCE01D0E1637D613899A63103EEE24.d.D8EC8FE46B1B357F903CF2935E1E996D.e.6596"}]}
COMMAND: GET /session/284f745c9598ec68bd9714133dfb15c1/screenshot - {}
RESULT: {"using":"xpath","value":"//*[@id=\"backBtn\"]"}
COMMAND: POST /session/284f745c9598ec68bd9714133dfb15c1/element/f.D1CCE01D0E1637D613899A63103EEE24.d.D8EC8FE46B1B357F903CF2935E1E996D.e.3175/click - {}
RESULT: {}
RESULT: {}
COMMAND: GET /session/284f745c9598ec68bd9714133dfb15c1/screenshot - {}
RESULT: {}
COMMAND: POST /session/284f745c9598ec68bd9714133dfb15c1/execute/sync - {"script":"<script> [8489 bytes]","args":[{"element-6066-11e4-a52e-4f735466cecf":"f.D1CCE01D0E1637D613899A63103EEE24.d.D8EC8FE46B1B357F903CF2935E1E996D.e.6361","ELEMENT":"f.D1CCE01D0E1637D613899A63103EEE24.d.D8EC8FE46B1B357F903CF2935E1E996D.e.6361"}]}
COMMAND: POST /session/284f745c9598ec68bd9714133dfb15c1/element - {"using":"xpath","value":"//*[contains(@data-kt ,\"webshopDetailContractLink\")]"}
RESULT: {"using":"xpath","value":"//*[contains(@data-kt ,\"webshopDetailContractLink\")]"}
COMMAND: POST /session/284f745c9598ec68bd9714133dfb15c1/execute/sync - {"script":"<script> [8489 bytes]","args":[{"element-6066-11e4-a52e-4f735466cecf":"f.D1CCE01D0E1637D613899A63103EEE24.d.D8EC8FE46B1B357F903CF2935E1E996D.e.6759","ELEMENT":"f.D1CCE01D0E1637D613899A63103EEE24.d.D8EC8FE46B1B357F903CF2935E1E996D.e.6759"}]}
RESULT: {"script":"<script> [8489 bytes]","args":[{"element-6066-11e4-a52e-4f735466cecf":"f.D1CCE01D0E1637D613899A63103EEE24.d.D8EC8FE46B1B357F903CF2935E1E996D.e.6759","ELEMENT":"f.D1CCE01D0E1637D613899A63103EEE24.d.D8EC8FE46B1B357F903CF2935E1E996D.e.6759"}]}
COMMAND: POST /session/284f745c9598ec68bd9714133dfb15c1/execute/sync - {"script":"<script> [5351 bytes]","args":[{"element-6066-11e4-a52e-4f735466cecf":"f.D1CCE01D0E1637D613899A63103EEE24.d.D8EC8FE46B1B357F903CF2935E1E996D.e.6759","ELEMENT":"f.D1CCE01D0E1637D613899A63103EEE24.d.D8EC8FE46B1B357F903CF2935E1E996D.e.6759"}]}
COMMAND: GET /session/284f745c9598ec68bd9714133dfb15c1/screenshot - {}
RESULT: {"script":"<script> [5351 bytes]","args":[{"element-6066-11e4-a52e-4f735466cecf":"f.D1CCE01D0E1637D613899A63103EEE24.d.D8EC8FE46B1B357F903CF2935E1E996D.e.6759","ELEMENT":"f.D1CCE01D0E1637D613899A63103EEE24.d.D8EC8FE46B1B357F903CF2935E1E996D.e.6759"}]}
COMMAND: POST /session/284f745c9598ec68bd9714133dfb15c1/element - {"using":"xpath","value":"//*[contains(@data-kt ,\"webshopDetailContractLink\")]"}
COMMAND: GET /session/284f745c9598ec68bd9714133dfb15c1/screenshot - {}
RESULT: {}
RESULT: {"using":"xpath","value":"//*[contains(@data-kt ,\"webshopDetailContractLink\")]"}
COMMAND: POST /session/284f745c9598ec68bd9714133dfb15c1/element/f.D1CCE01D0E1637D613899A63103EEE24.d.D8EC8FE46B1B357F903CF2935E1E996D.e.6759/click - {}
RESULT: {}
RESULT: {}
COMMAND: GET /session/284f745c9598ec68bd9714133dfb15c1/screenshot - {}
RESULT: {}
COMMAND: POST /session/284f745c9598ec68bd9714133dfb15c1/element - {"using":"xpath","value":"//button[contains(@data-kt ,\"ContextMenuExternalId2Link\")]"}
RESULT: {"using":"xpath","value":"//button[contains(@data-kt ,\"ContextMenuExternalId2Link\")]"}
COMMAND: POST /session/284f745c9598ec68bd9714133dfb15c1/element/f.D1CCE01D0E1637D613899A63103EEE24.d.D8EC8FE46B1B357F903CF2935E1E996D.e.6761/click - {}
RESULT: {}
COMMAND: GET /session/284f745c9598ec68bd9714133dfb15c1/screenshot - {}
RESULT: {}
COMMAND: GET /session/284f745c9598ec68bd9714133dfb15c1/window/handles - {}
RESULT: {}
COMMAND: POST /session/284f745c9598ec68bd9714133dfb15c1/window - {"handle":"B502C03BD196DA6F6FA3CFD9391C7431"}
RESULT: {"handle":"B502C03BD196DA6F6FA3CFD9391C7431"}
COMMAND: GET /session/284f745c9598ec68bd9714133dfb15c1/url - {}
RESULT: {}
COMMAND: GET /session/284f745c9598ec68bd9714133dfb15c1/screenshot - {}
COMMAND: POST /session/284f745c9598ec68bd9714133dfb15c1/execute/sync - {"script":"<script> [8489 bytes]","args":[{"element-6066-11e4-a52e-4f735466cecf":"f.D1CCE01D0E1637D613899A63103EEE24.d.D8EC8FE46B1B357F903CF2935E1E996D.e.6596","ELEMENT":"f.D1CCE01D0E1637D613899A63103EEE24.d.D8EC8FE46B1B357F903CF2935E1E996D.e.6596"}]}
COMMAND: DELETE /session/284f745c9598ec68bd9714133dfb15c1/window - {}
RESULT: {}
RESULT: {}
COMMAND: POST /session/284f745c9598ec68bd9714133dfb15c1/window - {"handle":"D1CCE01D0E1637D613899A63103EEE24"}
RESULT: {"handle":"D1CCE01D0E1637D613899A63103EEE24"}
COMMAND: GET /session/284f745c9598ec68bd9714133dfb15c1/url - {}
COMMAND: POST /session/284f745c9598ec68bd9714133dfb15c1/element - {"using":"xpath","value":"//span[contains(@id ,\"contractDetailTitleNoExpanded\")][contains(text(), \"10339\")]"}
RESULT: {}
COMMAND: GET /session/284f745c9598ec68bd9714133dfb15c1/screenshot - {}
RESULT: {"using":"xpath","value":"//span[contains(@id ,\"contractDetailTitleNoExpanded\")][contains(text(), \"10339\")]"}
COMMAND: POST /session/284f745c9598ec68bd9714133dfb15c1/element - {"using":"xpath","value":"//span[contains(@id ,\"contractDetailTitleNoExpanded\")][contains(text(), \"10339\")]"}
RESULT: {}
RESULT: {"using":"xpath","value":"//span[contains(@id ,\"contractDetailTitleNoExpanded\")][contains(text(), \"10339\")]"}
COMMAND: POST /session/284f745c9598ec68bd9714133dfb15c1/element - {"using":"xpath","value":"//span[contains(@id ,\"contractDetailTitleNoExpanded\")][contains(text(), \"10339\")]"}
RESULT: {"using":"xpath","value":"//span[contains(@id ,\"contractDetailTitleNoExpanded\")][contains(text(), \"10339\")]"}
COMMAND: POST /session/284f745c9598ec68bd9714133dfb15c1/element - {"using":"xpath","value":"//span[contains(@id ,\"contractDetailTitleNoExpanded\")][contains(text(), \"10339\")]"}
RESULT: {"using":"xpath","value":"//span[contains(@id ,\"contractDetailTitleNoExpanded\")][contains(text(), \"10339\")]"}
COMMAND: POST /session/284f745c9598ec68bd9714133dfb15c1/element - {"using":"xpath","value":"//span[contains(@id ,\"contractDetailTitleNoExpanded\")][contains(text(), \"10339\")]"}
RESULT: {"using":"xpath","value":"//span[contains(@id ,\"contractDetailTitleNoExpanded\")][contains(text(), \"10339\")]"}
COMMAND: POST /session/284f745c9598ec68bd9714133dfb15c1/element - {"using":"xpath","value":"//span[contains(@id ,\"contractDetailTitleNoExpanded\")][contains(text(), \"10339\")]"}
RESULT: {"using":"xpath","value":"//span[contains(@id ,\"contractDetailTitleNoExpanded\")][contains(text(), \"10339\")]"}
COMMAND: POST /session/284f745c9598ec68bd9714133dfb15c1/element - {"using":"xpath","value":"//span[contains(@id ,\"contractDetailTitleNoExpanded\")][contains(text(), \"10339\")]"}
RESULT: {"using":"xpath","value":"//span[contains(@id ,\"contractDetailTitleNoExpanded\")][contains(text(), \"10339\")]"}
COMMAND: POST /session/284f745c9598ec68bd9714133dfb15c1/element - {"using":"xpath","value":"//span[contains(@id ,\"contractDetailTitleNoExpanded\")][contains(text(), \"10339\")]"}
RESULT: {"using":"xpath","value":"//span[contains(@id ,\"contractDetailTitleNoExpanded\")][contains(text(), \"10339\")]"}
COMMAND: POST /session/284f745c9598ec68bd9714133dfb15c1/element - {"using":"xpath","value":"//span[contains(@id ,\"contractDetailTitleNoExpanded\")][contains(text(), \"10339\")]"}
RESULT: {"using":"xpath","value":"//span[contains(@id ,\"contractDetailTitleNoExpanded\")][contains(text(), \"10339\")]"}
COMMAND: POST /session/284f745c9598ec68bd9714133dfb15c1/element - {"using":"xpath","value":"//span[contains(@id ,\"contractDetailTitleNoExpanded\")][contains(text(), \"10339\")]"}
RESULT: {"using":"xpath","value":"//span[contains(@id ,\"contractDetailTitleNoExpanded\")][contains(text(), \"10339\")]"}
COMMAND: POST /session/284f745c9598ec68bd9714133dfb15c1/element - {"using":"xpath","value":"//*[contains(@data-kt ,\"webshopDetailCatalogItemLink\")]"}
RESULT: {"using":"xpath","value":"//*[contains(@data-kt ,\"webshopDetailCatalogItemLink\")]"}
COMMAND: POST /session/284f745c9598ec68bd9714133dfb15c1/execute/sync - {"script":"<script> [8489 bytes]","args":[{"element-6066-11e4-a52e-4f735466cecf":"f.D1CCE01D0E1637D613899A63103EEE24.d.D8EC8FE46B1B357F903CF2935E1E996D.e.6785","ELEMENT":"f.D1CCE01D0E1637D613899A63103EEE24.d.D8EC8FE46B1B357F903CF2935E1E996D.e.6785"}]}
RESULT: {"script":"<script> [8489 bytes]","args":[{"element-6066-11e4-a52e-4f735466cecf":"f.D1CCE01D0E1637D613899A63103EEE24.d.D8EC8FE46B1B357F903CF2935E1E996D.e.6785","ELEMENT":"f.D1CCE01D0E1637D613899A63103EEE24.d.D8EC8FE46B1B357F903CF2935E1E996D.e.6785"}]}
COMMAND: POST /session/284f745c9598ec68bd9714133dfb15c1/execute/sync - {"script":"<script> [5351 bytes]","args":[{"element-6066-11e4-a52e-4f735466cecf":"f.D1CCE01D0E1637D613899A63103EEE24.d.D8EC8FE46B1B357F903CF2935E1E996D.e.6785","ELEMENT":"f.D1CCE01D0E1637D613899A63103EEE24.d.D8EC8FE46B1B357F903CF2935E1E996D.e.6785"}]}
COMMAND: GET /session/284f745c9598ec68bd9714133dfb15c1/screenshot - {}
RESULT: {"script":"<script> [5351 bytes]","args":[{"element-6066-11e4-a52e-4f735466cecf":"f.D1CCE01D0E1637D613899A63103EEE24.d.D8EC8FE46B1B357F903CF2935E1E996D.e.6785","ELEMENT":"f.D1CCE01D0E1637D613899A63103EEE24.d.D8EC8FE46B1B357F903CF2935E1E996D.e.6785"}]}
COMMAND: POST /session/284f745c9598ec68bd9714133dfb15c1/element - {"using":"xpath","value":"//*[contains(@data-kt ,\"webshopDetailCatalogItemLink\")]"}
COMMAND: GET /session/284f745c9598ec68bd9714133dfb15c1/screenshot - {}
COMMAND: POST /session/284f745c9598ec68bd9714133dfb15c1/element - {"using":"xpath","value":"//span[contains(@id ,\"contractDetailTitleNoExpanded\")][contains(text(), \"10339\")]"}
RESULT: {}
RESULT: {"using":"xpath","value":"//*[contains(@data-kt ,\"webshopDetailCatalogItemLink\")]"}
COMMAND: POST /session/284f745c9598ec68bd9714133dfb15c1/element/f.D1CCE01D0E1637D613899A63103EEE24.d.D8EC8FE46B1B357F903CF2935E1E996D.e.6785/click - {}
RESULT: {}
RESULT: {"using":"xpath","value":"//span[contains(@id ,\"contractDetailTitleNoExpanded\")][contains(text(), \"10339\")]"}
RESULT: {}
COMMAND: GET /session/284f745c9598ec68bd9714133dfb15c1/screenshot - {}
COMMAND: POST /session/284f745c9598ec68bd9714133dfb15c1/element - {"using":"xpath","value":"//span[contains(@id ,\"contractDetailTitleNoExpanded\")][contains(text(), \"10339\")]"}
RESULT: {}
RESULT: {"using":"xpath","value":"//span[contains(@id ,\"contractDetailTitleNoExpanded\")][contains(text(), \"10339\")]"}
COMMAND: POST /session/284f745c9598ec68bd9714133dfb15c1/element - {"using":"xpath","value":"//span[contains(@id ,\"contractDetailTitleNoExpanded\")][contains(text(), \"10339\")]"}
RESULT: {"using":"xpath","value":"//span[contains(@id ,\"contractDetailTitleNoExpanded\")][contains(text(), \"10339\")]"}
COMMAND: POST /session/284f745c9598ec68bd9714133dfb15c1/element - {"using":"xpath","value":"//span[contains(@id ,\"contractDetailTitleNoExpanded\")][contains(text(), \"10339\")]"}
RESULT: {"using":"xpath","value":"//span[contains(@id ,\"contractDetailTitleNoExpanded\")][contains(text(), \"10339\")]"}
COMMAND: POST /session/284f745c9598ec68bd9714133dfb15c1/element - {"using":"xpath","value":"//span[contains(@id ,\"contractDetailTitleNoExpanded\")][contains(text(), \"10339\")]"}
RESULT: {"using":"xpath","value":"//span[contains(@id ,\"contractDetailTitleNoExpanded\")][contains(text(), \"10339\")]"}
COMMAND: POST /session/284f745c9598ec68bd9714133dfb15c1/element - {"using":"xpath","value":"//span[contains(@id ,\"contractDetailTitleNoExpanded\")][contains(text(), \"10339\")]"}
RESULT: {"using":"xpath","value":"//span[contains(@id ,\"contractDetailTitleNoExpanded\")][contains(text(), \"10339\")]"}
COMMAND: POST /session/284f745c9598ec68bd9714133dfb15c1/element - {"using":"xpath","value":"//span[contains(@id ,\"contractDetailTitleNoExpanded\")][contains(text(), \"10339\")]"}
RESULT: {"using":"xpath","value":"//span[contains(@id ,\"contractDetailTitleNoExpanded\")][contains(text(), \"10339\")]"}
COMMAND: POST /session/284f745c9598ec68bd9714133dfb15c1/element - {"using":"xpath","value":"//span[contains(@id ,\"contractDetailTitleNoExpanded\")][contains(text(), \"10339\")]"}
RESULT: {"using":"xpath","value":"//span[contains(@id ,\"contractDetailTitleNoExpanded\")][contains(text(), \"10339\")]"}
COMMAND: POST /session/284f745c9598ec68bd9714133dfb15c1/element - {"using":"xpath","value":"//span[contains(@id ,\"contractDetailTitleNoExpanded\")][contains(text(), \"10339\")]"}
RESULT: {"using":"xpath","value":"//span[contains(@id ,\"contractDetailTitleNoExpanded\")][contains(text(), \"10339\")]"}
COMMAND: POST /session/284f745c9598ec68bd9714133dfb15c1/element - {"using":"xpath","value":"//span[contains(@id ,\"contractDetailTitleNoExpanded\")][contains(text(), \"10339\")]"}
RESULT: {"using":"xpath","value":"//span[contains(@id ,\"contractDetailTitleNoExpanded\")][contains(text(), \"10339\")]"}
COMMAND: POST /session/284f745c9598ec68bd9714133dfb15c1/element - {"using":"xpath","value":"(//span[contains(text(), \"Dri-Prime CD150M Diesel Pump\")])[2]"}
RESULT: {"using":"xpath","value":"(//span[contains(text(), \"Dri-Prime CD150M Diesel Pump\")])[2]"}
COMMAND: POST /session/284f745c9598ec68bd9714133dfb15c1/execute/sync - {"script":"<script> [8489 bytes]","args":[{"element-6066-11e4-a52e-4f735466cecf":"f.D1CCE01D0E1637D613899A63103EEE24.d.D8EC8FE46B1B357F903CF2935E1E996D.e.6792","ELEMENT":"f.D1CCE01D0E1637D613899A63103EEE24.d.D8EC8FE46B1B357F903CF2935E1E996D.e.6792"}]}
COMMAND: POST /session/284f745c9598ec68bd9714133dfb15c1/element - {"using":"xpath","value":"(//span[contains(text(), \"Description\")])[1]"}
RESULT: {"script":"<script> [8489 bytes]","args":[{"element-6066-11e4-a52e-4f735466cecf":"f.D1CCE01D0E1637D613899A63103EEE24.d.D8EC8FE46B1B357F903CF2935E1E996D.e.6792","ELEMENT":"f.D1CCE01D0E1637D613899A63103EEE24.d.D8EC8FE46B1B357F903CF2935E1E996D.e.6792"}]}
COMMAND: GET /session/284f745c9598ec68bd9714133dfb15c1/screenshot - {}
RESULT: {"using":"xpath","value":"(//span[contains(text(), \"Description\")])[1]"}
COMMAND: GET /session/284f745c9598ec68bd9714133dfb15c1/element/f.D1CCE01D0E1637D613899A63103EEE24.d.D8EC8FE46B1B357F903CF2935E1E996D.e.6793/rect - {}
RESULT: {}
RESULT: {}
COMMAND: GET /session/284f745c9598ec68bd9714133dfb15c1/window/rect - {}
RESULT: {}
COMMAND: POST /session/284f745c9598ec68bd9714133dfb15c1/execute/sync - {"script":"<script> [92 bytes]","args":[]}
RESULT: {"script":"<script> [92 bytes]","args":[]}
COMMAND: POST /session/284f745c9598ec68bd9714133dfb15c1/actions - {"actions":[{"id":"action10","type":"wheel","parameters":{},"actions":[{"type":"scroll","x":-1833,"y":-23,"deltaX":0,"deltaY":0,"duration":0,"origin":{"element-6066-11e4-a52e-4f735466cecf":"f.D1CCE01D0E1637D613899A63103EEE24.d.D8EC8FE46B1B357F903CF2935E1E996D.e.6793"}}]}]}
COMMAND: GET /session/284f745c9598ec68bd9714133dfb15c1/screenshot - {}
COMMAND: POST /session/284f745c9598ec68bd9714133dfb15c1/element - {"using":"xpath","value":"//span[contains(@id ,\"contractDetailTitleNoExpanded\")][contains(text(), \"10339\")]"}
RESULT: {}
RESULT: {"using":"xpath","value":"//span[contains(@id ,\"contractDetailTitleNoExpanded\")][contains(text(), \"10339\")]"}
COMMAND: POST /session/284f745c9598ec68bd9714133dfb15c1/execute/sync - {"script":"<script> [79 bytes]","args":[{"element-6066-11e4-a52e-4f735466cecf":"f.D1CCE01D0E1637D613899A63103EEE24.d.D8EC8FE46B1B357F903CF2935E1E996D.e.6793","ELEMENT":"f.D1CCE01D0E1637D613899A63103EEE24.d.D8EC8FE46B1B357F903CF2935E1E996D.e.6793"},{"block":"start","inline":"nearest"}]}
RESULT: {"script":"<script> [79 bytes]","args":[{"element-6066-11e4-a52e-4f735466cecf":"f.D1CCE01D0E1637D613899A63103EEE24.d.D8EC8FE46B1B357F903CF2935E1E996D.e.6793","ELEMENT":"f.D1CCE01D0E1637D613899A63103EEE24.d.D8EC8FE46B1B357F903CF2935E1E996D.e.6793"},{"block":"start","inline":"nearest"}]}
COMMAND: GET /session/284f745c9598ec68bd9714133dfb15c1/screenshot - {}
RESULT: {}
COMMAND: POST /session/284f745c9598ec68bd9714133dfb15c1/element - {"using":"xpath","value":"//span[contains(@id ,\"contractDetailTitleNoExpanded\")][contains(text(), \"10339\")]"}
RESULT: {"using":"xpath","value":"//span[contains(@id ,\"contractDetailTitleNoExpanded\")][contains(text(), \"10339\")]"}
COMMAND: POST /session/284f745c9598ec68bd9714133dfb15c1/element - {"using":"xpath","value":"//span[contains(@id ,\"contractDetailTitleNoExpanded\")][contains(text(), \"10339\")]"}
RESULT: {"using":"xpath","value":"//span[contains(@id ,\"contractDetailTitleNoExpanded\")][contains(text(), \"10339\")]"}
COMMAND: POST /session/284f745c9598ec68bd9714133dfb15c1/element - {"using":"xpath","value":"//span[contains(@id ,\"contractDetailTitleNoExpanded\")][contains(text(), \"10339\")]"}
RESULT: {"using":"xpath","value":"//span[contains(@id ,\"contractDetailTitleNoExpanded\")][contains(text(), \"10339\")]"}
COMMAND: POST /session/284f745c9598ec68bd9714133dfb15c1/element - {"using":"xpath","value":"//span[contains(@id ,\"contractDetailTitleNoExpanded\")][contains(text(), \"10339\")]"}
RESULT: {"using":"xpath","value":"//span[contains(@id ,\"contractDetailTitleNoExpanded\")][contains(text(), \"10339\")]"}
COMMAND: POST /session/284f745c9598ec68bd9714133dfb15c1/element - {"using":"xpath","value":"//span[contains(@id ,\"contractDetailTitleNoExpanded\")][contains(text(), \"10339\")]"}
RESULT: {"using":"xpath","value":"//span[contains(@id ,\"contractDetailTitleNoExpanded\")][contains(text(), \"10339\")]"}
COMMAND: POST /session/284f745c9598ec68bd9714133dfb15c1/element - {"using":"xpath","value":"(//textarea[@rows=\"15\"])[1]"}
RESULT: {"using":"xpath","value":"(//textarea[@rows=\"15\"])[1]"}
COMMAND: POST /session/284f745c9598ec68bd9714133dfb15c1/execute/sync - {"script":"<script> [8489 bytes]","args":[{"element-6066-11e4-a52e-4f735466cecf":"f.D1CCE01D0E1637D613899A63103EEE24.d.D8EC8FE46B1B357F903CF2935E1E996D.e.6791","ELEMENT":"f.D1CCE01D0E1637D613899A63103EEE24.d.D8EC8FE46B1B357F903CF2935E1E996D.e.6791"}]}
RESULT: {"script":"<script> [8489 bytes]","args":[{"element-6066-11e4-a52e-4f735466cecf":"f.D1CCE01D0E1637D613899A63103EEE24.d.D8EC8FE46B1B357F903CF2935E1E996D.e.6791","ELEMENT":"f.D1CCE01D0E1637D613899A63103EEE24.d.D8EC8FE46B1B357F903CF2935E1E996D.e.6791"}]}
COMMAND: GET /session/284f745c9598ec68bd9714133dfb15c1/screenshot - {}
COMMAND: POST /session/284f745c9598ec68bd9714133dfb15c1/element - {"using":"xpath","value":"//span[contains(@id ,\"contractDetailTitleNoExpanded\")][contains(text(), \"10339\")]"}
RESULT: {}
RESULT: {"using":"xpath","value":"//span[contains(@id ,\"contractDetailTitleNoExpanded\")][contains(text(), \"10339\")]"}
COMMAND: POST /session/284f745c9598ec68bd9714133dfb15c1/element - {"using":"xpath","value":"//span[contains(@id ,\"contractDetailTitleNoExpanded\")][contains(text(), \"10339\")]"}
RESULT: {"using":"xpath","value":"//span[contains(@id ,\"contractDetailTitleNoExpanded\")][contains(text(), \"10339\")]"}
COMMAND: POST /session/284f745c9598ec68bd9714133dfb15c1/element - {"using":"xpath","value":"//span[contains(@id ,\"contractDetailTitleNoExpanded\")][contains(text(), \"10339\")]"}
RESULT: {"using":"xpath","value":"//span[contains(@id ,\"contractDetailTitleNoExpanded\")][contains(text(), \"10339\")]"}
COMMAND: POST /session/284f745c9598ec68bd9714133dfb15c1/element - {"using":"xpath","value":"//span[contains(@id ,\"contractDetailTitleNoExpanded\")][contains(text(), \"10339\")]"}
RESULT: {"using":"xpath","value":"//span[contains(@id ,\"contractDetailTitleNoExpanded\")][contains(text(), \"10339\")]"}
COMMAND: POST /session/284f745c9598ec68bd9714133dfb15c1/element - {"using":"xpath","value":"//span[contains(@id ,\"contractDetailTitleNoExpanded\")][contains(text(), \"10339\")]"}
RESULT: {"using":"xpath","value":"//span[contains(@id ,\"contractDetailTitleNoExpanded\")][contains(text(), \"10339\")]"}
COMMAND: POST /session/284f745c9598ec68bd9714133dfb15c1/element - {"using":"xpath","value":"//span[contains(@id ,\"contractDetailTitleNoExpanded\")][contains(text(), \"10339\")]"}
RESULT: {"using":"xpath","value":"//span[contains(@id ,\"contractDetailTitleNoExpanded\")][contains(text(), \"10339\")]"}
COMMAND: POST /session/284f745c9598ec68bd9714133dfb15c1/element - {"using":"xpath","value":"//span[contains(@id ,\"contractDetailTitleNoExpanded\")][contains(text(), \"10339\")]"}
RESULT: {"using":"xpath","value":"//span[contains(@id ,\"contractDetailTitleNoExpanded\")][contains(text(), \"10339\")]"}
COMMAND: POST /session/284f745c9598ec68bd9714133dfb15c1/execute/async - {"script":"<script> [1562 bytes]","args":[{"selector":{"controlType":"sap.tnt.NavigationListItem","viewName":"etm.portal.ui.webshop.view.RequestDetail","i18NText":{"propertyName":"text","key":"exit"},"interaction":{"idSuffix":"a"}},"wdio_ui5_key":"etmportal.ui.webshop.view.RequestDetailsap.tnt.NavigationListItem{\"propertyName\":\"text\",\"key\":\"exit\"}"}]}
COMMAND: POST /session/284f745c9598ec68bd9714133dfb15c1/element - {"using":"xpath","value":"//span[contains(@id ,\"contractDetailTitleNoExpanded\")][contains(text(), \"10339\")]"}
RESULT: {"script":"<script> [1562 bytes]","args":[{"selector":{"controlType":"sap.tnt.NavigationListItem","viewName":"etm.portal.ui.webshop.view.RequestDetail","i18NText":{"propertyName":"text","key":"exit"},"interaction":{"idSuffix":"a"}},"wdio_ui5_key":"etmportal.ui.webshop.view.RequestDetailsap.tnt.NavigationListItem{\"propertyName\":\"text\",\"key\":\"exit\"}"}]}
RESULT: undefined
COMMAND: POST /session/284f745c9598ec68bd9714133dfb15c1/element - {"using":"xpath","value":"//*[@id=\"__item3053\"]"}
RESULT: {"using":"xpath","value":"//span[contains(@id ,\"contractDetailTitleNoExpanded\")][contains(text(), \"10339\")]"}
RESULT: {"using":"xpath","value":"//*[@id=\"__item3053\"]"}
COMMAND: POST /session/284f745c9598ec68bd9714133dfb15c1/element/f.D1CCE01D0E1637D613899A63103EEE24.d.D8EC8FE46B1B357F903CF2935E1E996D.e.6797/click - {}
COMMAND: POST /session/284f745c9598ec68bd9714133dfb15c1/element - {"using":"xpath","value":"//span[contains(@id ,\"contractDetailTitleNoExpanded\")][contains(text(), \"10339\")]"}
RESULT: {}
COMMAND: GET /session/284f745c9598ec68bd9714133dfb15c1/screenshot - {}
RESULT: {"using":"xpath","value":"//span[contains(@id ,\"contractDetailTitleNoExpanded\")][contains(text(), \"10339\")]"}
RESULT: {}
COMMAND: POST /session/284f745c9598ec68bd9714133dfb15c1/element - {"using":"xpath","value":"//span[contains(@id ,\"contractDetailTitleNoExpanded\")][contains(text(), \"10339\")]"}
RESULT: {"using":"xpath","value":"//span[contains(@id ,\"contractDetailTitleNoExpanded\")][contains(text(), \"10339\")]"}
COMMAND: POST /session/284f745c9598ec68bd9714133dfb15c1/element - {"using":"xpath","value":"//span[contains(@id ,\"contractDetailTitleNoExpanded\")][contains(text(), \"10339\")]"}
RESULT: {"using":"xpath","value":"//span[contains(@id ,\"contractDetailTitleNoExpanded\")][contains(text(), \"10339\")]"}
COMMAND: POST /session/284f745c9598ec68bd9714133dfb15c1/element - {"using":"xpath","value":"//span[contains(@id ,\"contractDetailTitleNoExpanded\")][contains(text(), \"10339\")]"}
RESULT: {"using":"xpath","value":"//span[contains(@id ,\"contractDetailTitleNoExpanded\")][contains(text(), \"10339\")]"}
COMMAND: POST /session/284f745c9598ec68bd9714133dfb15c1/element - {"using":"xpath","value":"//span[contains(@id ,\"contractDetailTitleNoExpanded\")][contains(text(), \"10339\")]"}
RESULT: {"using":"xpath","value":"//span[contains(@id ,\"contractDetailTitleNoExpanded\")][contains(text(), \"10339\")]"}
COMMAND: POST /session/284f745c9598ec68bd9714133dfb15c1/element - {"using":"xpath","value":"//span[contains(@id ,\"contractDetailTitleNoExpanded\")][contains(text(), \"10339\")]"}
RESULT: {"using":"xpath","value":"//span[contains(@id ,\"contractDetailTitleNoExpanded\")][contains(text(), \"10339\")]"}
COMMAND: POST /session/284f745c9598ec68bd9714133dfb15c1/element - {"using":"xpath","value":"//span[contains(@id ,\"contractDetailTitleNoExpanded\")][contains(text(), \"10339\")]"}
RESULT: {"using":"xpath","value":"//span[contains(@id ,\"contractDetailTitleNoExpanded\")][contains(text(), \"10339\")]"}
COMMAND: POST /session/284f745c9598ec68bd9714133dfb15c1/element - {"using":"xpath","value":"//span[contains(@id ,\"contractDetailTitleNoExpanded\")][contains(text(), \"10339\")]"}
COMMAND: POST /session/284f745c9598ec68bd9714133dfb15c1/element - {"using":"css selector","value":"#shell-header-logo"}
RESULT: {"using":"xpath","value":"//span[contains(@id ,\"contractDetailTitleNoExpanded\")][contains(text(), \"10339\")]"}
RESULT: {"using":"css selector","value":"#shell-header-logo"}
COMMAND: POST /session/284f745c9598ec68bd9714133dfb15c1/element/f.D1CCE01D0E1637D613899A63103EEE24.d.D8EC8FE46B1B357F903CF2935E1E996D.e.3175/click - {}
RESULT: {}
COMMAND: GET /session/284f745c9598ec68bd9714133dfb15c1/screenshot - {}
RESULT: {}
COMMAND: POST /session/284f745c9598ec68bd9714133dfb15c1/element - {"using":"xpath","value":"//span[contains(@id ,\"contractDetailTitleNoExpanded\")][contains(text(), \"10339\")]"}
RESULT: {"using":"xpath","value":"//span[contains(@id ,\"contractDetailTitleNoExpanded\")][contains(text(), \"10339\")]"}
COMMAND: POST /session/284f745c9598ec68bd9714133dfb15c1/element - {"using":"xpath","value":"//span[contains(@id ,\"contractDetailTitleNoExpanded\")][contains(text(), \"10339\")]"}
RESULT: {"using":"xpath","value":"//span[contains(@id ,\"contractDetailTitleNoExpanded\")][contains(text(), \"10339\")]"}
COMMAND: POST /session/284f745c9598ec68bd9714133dfb15c1/element - {"using":"xpath","value":"//span[contains(@id ,\"contractDetailTitleNoExpanded\")][contains(text(), \"10339\")]"}
RESULT: {"using":"xpath","value":"//span[contains(@id ,\"contractDetailTitleNoExpanded\")][contains(text(), \"10339\")]"}
COMMAND: POST /session/284f745c9598ec68bd9714133dfb15c1/element - {"using":"xpath","value":"//span[contains(@id ,\"contractDetailTitleNoExpanded\")][contains(text(), \"10339\")]"}
RESULT: {"using":"xpath","value":"//span[contains(@id ,\"contractDetailTitleNoExpanded\")][contains(text(), \"10339\")]"}
COMMAND: POST /session/284f745c9598ec68bd9714133dfb15c1/element - {"using":"xpath","value":"//span[contains(@id ,\"contractDetailTitleNoExpanded\")][contains(text(), \"10339\")]"}
RESULT: {"using":"xpath","value":"//span[contains(@id ,\"contractDetailTitleNoExpanded\")][contains(text(), \"10339\")]"}
COMMAND: POST /session/284f745c9598ec68bd9714133dfb15c1/element - {"using":"xpath","value":"//span[contains(@id ,\"contractDetailTitleNoExpanded\")][contains(text(), \"10339\")]"}
RESULT: {"using":"xpath","value":"//span[contains(@id ,\"contractDetailTitleNoExpanded\")][contains(text(), \"10339\")]"}
]]></system-out>
    </testcase>
  </testsuite>
  <testsuite timestamp="2025-05-28T16:29:47" time="82.498" tests="1" failures="0" errors="0" skipped="0">
    <properties>
      <property name="specId" value="0"/>
      <property name="suiteName" value="Add items into the basket without creating a request US151315"/>
      <property name="capabilities" value="chrome.136_0_7103_93.windows"/>
      <property name="file" value="file:///D:/a/1/s/test/specs/R2C/add-items-into-basket-wo-creating-a-request.spec.js"/>
    </properties>
    <testcase classname="chrome.136_0_7103_93.windows.Add_items_into_the_basket_without_creating_a_request_US151315" name="Should verify if a catalog item can be added without creating a request" time="79.241">
      <system-out><![CDATA[
RESULT: undefined
COMMAND: POST /session/284f745c9598ec68bd9714133dfb15c1/element - {"using":"xpath","value":"//*[@id=\"__tile49\"]"}
RESULT: {"using":"xpath","value":"//*[@id=\"__tile49\"]"}
COMMAND: POST /session/284f745c9598ec68bd9714133dfb15c1/element/f.D1CCE01D0E1637D613899A63103EEE24.d.D8EC8FE46B1B357F903CF2935E1E996D.e.2938/click - {}
COMMAND: POST /session/284f745c9598ec68bd9714133dfb15c1/element - {"using":"xpath","value":"//span[contains(@id ,\"contractDetailTitleNoExpanded\")][contains(text(), \"10339\")]"}
RESULT: {}
COMMAND: GET /session/284f745c9598ec68bd9714133dfb15c1/screenshot - {}
RESULT: {"using":"xpath","value":"//span[contains(@id ,\"contractDetailTitleNoExpanded\")][contains(text(), \"10339\")]"}
COMMAND: POST /session/284f745c9598ec68bd9714133dfb15c1/element - {"using":"xpath","value":"//span[contains(@id ,\"contractDetailTitleNoExpanded\")][contains(text(), \"10339\")]"}
COMMAND: POST /session/284f745c9598ec68bd9714133dfb15c1/elements - {"using":"xpath","value":"//span[text()='Error']"}
RESULT: {}
RESULT: {"using":"xpath","value":"//span[contains(@id ,\"contractDetailTitleNoExpanded\")][contains(text(), \"10339\")]"}
RESULT: {"using":"xpath","value":"//span[text()='Error']"}
COMMAND: POST /session/284f745c9598ec68bd9714133dfb15c1/element - {"using":"css selector","value":"#requestCreationDialog--createRequestPopUp-title-inner"}
RESULT: {"using":"css selector","value":"#requestCreationDialog--createRequestPopUp-title-inner"}
COMMAND: POST /session/284f745c9598ec68bd9714133dfb15c1/execute/sync - {"script":"<script> [8489 bytes]","args":[{"element-6066-11e4-a52e-4f735466cecf":"f.D1CCE01D0E1637D613899A63103EEE24.d.D8EC8FE46B1B357F903CF2935E1E996D.e.6850","ELEMENT":"f.D1CCE01D0E1637D613899A63103EEE24.d.D8EC8FE46B1B357F903CF2935E1E996D.e.6850"}]}
RESULT: {"script":"<script> [8489 bytes]","args":[{"element-6066-11e4-a52e-4f735466cecf":"f.D1CCE01D0E1637D613899A63103EEE24.d.D8EC8FE46B1B357F903CF2935E1E996D.e.6850","ELEMENT":"f.D1CCE01D0E1637D613899A63103EEE24.d.D8EC8FE46B1B357F903CF2935E1E996D.e.6850"}]}
COMMAND: GET /session/284f745c9598ec68bd9714133dfb15c1/element/f.D1CCE01D0E1637D613899A63103EEE24.d.D8EC8FE46B1B357F903CF2935E1E996D.e.6850/enabled - {}
COMMAND: GET /session/284f745c9598ec68bd9714133dfb15c1/screenshot - {}
RESULT: {}
COMMAND: POST /session/284f745c9598ec68bd9714133dfb15c1/element - {"using":"xpath","value":"//span[contains(@id ,\"requestCreationDialog--cancelButton-content\")]"}
COMMAND: GET /session/284f745c9598ec68bd9714133dfb15c1/screenshot - {}
RESULT: {}
RESULT: {"using":"xpath","value":"//span[contains(@id ,\"requestCreationDialog--cancelButton-content\")]"}
COMMAND: POST /session/284f745c9598ec68bd9714133dfb15c1/element/f.D1CCE01D0E1637D613899A63103EEE24.d.D8EC8FE46B1B357F903CF2935E1E996D.e.6851/click - {}
RESULT: {}
RESULT: {}
COMMAND: GET /session/284f745c9598ec68bd9714133dfb15c1/screenshot - {}
RESULT: {}
COMMAND: POST /session/284f745c9598ec68bd9714133dfb15c1/element - {"using":"xpath","value":"//input[contains(@id ,\"searchFiledId-I\")]"}
RESULT: {"using":"xpath","value":"//input[contains(@id ,\"searchFiledId-I\")]"}
COMMAND: POST /session/284f745c9598ec68bd9714133dfb15c1/element/f.D1CCE01D0E1637D613899A63103EEE24.d.D8EC8FE46B1B357F903CF2935E1E996D.e.6800/value - {"text":"Dri-Prime CD150M Diesel Pump"}
RESULT: {"text":"Dri-Prime CD150M Diesel Pump"}
COMMAND: POST /session/284f745c9598ec68bd9714133dfb15c1/actions - {"actions":[{"id":"action11","type":"key","parameters":{},"actions":[{"type":"keyDown","value":""},{"type":"pause","duration":10},{"type":"keyUp","value":""}]}]}
COMMAND: GET /session/284f745c9598ec68bd9714133dfb15c1/screenshot - {}
RESULT: {"actions":[{"id":"action11","type":"key","parameters":{},"actions":[{"type":"keyDown","value":""},{"type":"pause","duration":10},{"type":"keyUp","value":""}]}]}
COMMAND: GET /session/284f745c9598ec68bd9714133dfb15c1/screenshot - {}
RESULT: {}
RESULT: {}
COMMAND: POST /session/284f745c9598ec68bd9714133dfb15c1/element - {"using":"xpath","value":"//span[contains(@id ,\"subTitle\")][contains(text(), \"Dri-Prime CD150M Diesel Pump\")]"}
RESULT: {"using":"xpath","value":"//span[contains(@id ,\"subTitle\")][contains(text(), \"Dri-Prime CD150M Diesel Pump\")]"}
COMMAND: POST /session/284f745c9598ec68bd9714133dfb15c1/element/f.D1CCE01D0E1637D613899A63103EEE24.d.D8EC8FE46B1B357F903CF2935E1E996D.e.6858/click - {}
RESULT: {}
COMMAND: GET /session/284f745c9598ec68bd9714133dfb15c1/screenshot - {}
RESULT: {}
COMMAND: POST /session/284f745c9598ec68bd9714133dfb15c1/element - {"using":"xpath","value":"//bdi[contains(text(), \"Add to Request\")]"}
RESULT: {"using":"xpath","value":"//bdi[contains(text(), \"Add to Request\")]"}
COMMAND: POST /session/284f745c9598ec68bd9714133dfb15c1/element/f.D1CCE01D0E1637D613899A63103EEE24.d.D8EC8FE46B1B357F903CF2935E1E996D.e.6870/click - {}
RESULT: {}
COMMAND: POST /session/284f745c9598ec68bd9714133dfb15c1/element - {"using":"xpath","value":"//div[contains(@class ,\"sapMMessageToast sapUiSelectable sapContrast sapContrastPlus sapUiUserSelectable\")]"}
COMMAND: GET /session/284f745c9598ec68bd9714133dfb15c1/screenshot - {}
RESULT: {"using":"xpath","value":"//div[contains(@class ,\"sapMMessageToast sapUiSelectable sapContrast sapContrastPlus sapUiUserSelectable\")]"}
COMMAND: POST /session/284f745c9598ec68bd9714133dfb15c1/execute/sync - {"script":"<script> [8489 bytes]","args":[{"element-6066-11e4-a52e-4f735466cecf":"f.D1CCE01D0E1637D613899A63103EEE24.d.D8EC8FE46B1B357F903CF2935E1E996D.e.6874","ELEMENT":"f.D1CCE01D0E1637D613899A63103EEE24.d.D8EC8FE46B1B357F903CF2935E1E996D.e.6874"}]}
RESULT: {}
RESULT: {"script":"<script> [8489 bytes]","args":[{"element-6066-11e4-a52e-4f735466cecf":"f.D1CCE01D0E1637D613899A63103EEE24.d.D8EC8FE46B1B357F903CF2935E1E996D.e.6874","ELEMENT":"f.D1CCE01D0E1637D613899A63103EEE24.d.D8EC8FE46B1B357F903CF2935E1E996D.e.6874"}]}
COMMAND: GET /session/284f745c9598ec68bd9714133dfb15c1/element/f.D1CCE01D0E1637D613899A63103EEE24.d.D8EC8FE46B1B357F903CF2935E1E996D.e.6874/text - {}
COMMAND: GET /session/284f745c9598ec68bd9714133dfb15c1/screenshot - {}
RESULT: {}
RESULT: {}
COMMAND: POST /session/284f745c9598ec68bd9714133dfb15c1/element - {"using":"xpath","value":"//bdi[contains(@id ,\"activeCartId-BDI-content\")]"}
RESULT: {"using":"xpath","value":"//bdi[contains(@id ,\"activeCartId-BDI-content\")]"}
COMMAND: GET /session/284f745c9598ec68bd9714133dfb15c1/element/f.D1CCE01D0E1637D613899A63103EEE24.d.D8EC8FE46B1B357F903CF2935E1E996D.e.6875/text - {}
RESULT: {}
COMMAND: POST /session/284f745c9598ec68bd9714133dfb15c1/element - {"using":"xpath","value":"//li[@title=\"Exit\"]"}
RESULT: {"using":"xpath","value":"//li[@title=\"Exit\"]"}
COMMAND: POST /session/284f745c9598ec68bd9714133dfb15c1/element/f.D1CCE01D0E1637D613899A63103EEE24.d.D8EC8FE46B1B357F903CF2935E1E996D.e.6876/click - {}
RESULT: {}
COMMAND: GET /session/284f745c9598ec68bd9714133dfb15c1/screenshot - {}
RESULT: {}
COMMAND: POST /session/284f745c9598ec68bd9714133dfb15c1/element - {"using":"css selector","value":"#shell-header-logo"}
RESULT: {"using":"css selector","value":"#shell-header-logo"}
COMMAND: POST /session/284f745c9598ec68bd9714133dfb15c1/element/f.D1CCE01D0E1637D613899A63103EEE24.d.D8EC8FE46B1B357F903CF2935E1E996D.e.6880/click - {}
RESULT: {}
COMMAND: GET /session/284f745c9598ec68bd9714133dfb15c1/screenshot - {}
RESULT: {}
]]></system-out>
    </testcase>
  </testsuite>
  <testsuite timestamp="2025-05-28T16:31:10" time="154.159" tests="1" failures="0" errors="0" skipped="0">
    <properties>
      <property name="specId" value="0"/>
      <property name="suiteName" value=" Webshop - Request management - Verifying the Master List - Filtering /Sorting - Deleting - Creating US151314"/>
      <property name="capabilities" value="chrome.136_0_7103_93.windows"/>
      <property name="file" value="file:///D:/a/1/s/test/specs/R2C/webshop-request-management-verify-master-list.spec.js"/>
    </properties>
    <testcase classname="chrome.136_0_7103_93.windows._Webshop_-_Request_management_-_Verifying_the_Master_List_-_Filtering_/Sorting_-_Deleting_-_Creating_US151314" name="Should navigate to request management in webshop and verify the filters" time="150.932">
      <system-out><![CDATA[
RESULT: undefined
COMMAND: POST /session/284f745c9598ec68bd9714133dfb15c1/element - {"using":"xpath","value":"//*[@id=\"__tile49\"]"}
RESULT: {"using":"xpath","value":"//*[@id=\"__tile49\"]"}
COMMAND: POST /session/284f745c9598ec68bd9714133dfb15c1/element/f.D1CCE01D0E1637D613899A63103EEE24.d.D8EC8FE46B1B357F903CF2935E1E996D.e.2938/click - {}
RESULT: {}
COMMAND: GET /session/284f745c9598ec68bd9714133dfb15c1/screenshot - {}
COMMAND: POST /session/284f745c9598ec68bd9714133dfb15c1/elements - {"using":"xpath","value":"//span[text()='Error']"}
RESULT: {}
RESULT: {"using":"xpath","value":"//span[text()='Error']"}
COMMAND: POST /session/284f745c9598ec68bd9714133dfb15c1/execute/async - {"script":"<script> [1562 bytes]","args":[{"selector":{"id":"requestCreationDialog--cancelButton","searchOpenDialogs":true,"interaction":{"idSuffix":"BDI-content"}},"wdio_ui5_key":"requestCreationDialogcancelButton"}]}
RESULT: {"script":"<script> [1562 bytes]","args":[{"selector":{"id":"requestCreationDialog--cancelButton","searchOpenDialogs":true,"interaction":{"idSuffix":"BDI-content"}},"wdio_ui5_key":"requestCreationDialogcancelButton"}]}
RESULT: undefined
COMMAND: POST /session/284f745c9598ec68bd9714133dfb15c1/element - {"using":"xpath","value":"//*[@id=\"requestCreationDialog--cancelButton\"]"}
RESULT: {"using":"xpath","value":"//*[@id=\"requestCreationDialog--cancelButton\"]"}
COMMAND: POST /session/284f745c9598ec68bd9714133dfb15c1/element/f.D1CCE01D0E1637D613899A63103EEE24.d.D8EC8FE46B1B357F903CF2935E1E996D.e.6929/click - {}
RESULT: {}
COMMAND: GET /session/284f745c9598ec68bd9714133dfb15c1/screenshot - {}
RESULT: {}
COMMAND: POST /session/284f745c9598ec68bd9714133dfb15c1/execute/async - {"script":"<script> [1562 bytes]","args":[{"selector":{"controlType":"sap.tnt.NavigationListItem","viewName":"etm.portal.ui.webshop.view.Homepage","i18NText":{"propertyName":"text","key":"requestsManagement"},"interaction":{"idSuffix":"a"}},"wdio_ui5_key":"etmportal.ui.webshop.view.Homepagesap.tnt.NavigationListItem{\"propertyName\":\"text\",\"key\":\"requestsManagement\"}"}]}
RESULT: {"script":"<script> [1562 bytes]","args":[{"selector":{"controlType":"sap.tnt.NavigationListItem","viewName":"etm.portal.ui.webshop.view.Homepage","i18NText":{"propertyName":"text","key":"requestsManagement"},"interaction":{"idSuffix":"a"}},"wdio_ui5_key":"etmportal.ui.webshop.view.Homepagesap.tnt.NavigationListItem{\"propertyName\":\"text\",\"key\":\"requestsManagement\"}"}]}
RESULT: undefined
COMMAND: POST /session/284f745c9598ec68bd9714133dfb15c1/element - {"using":"xpath","value":"//*[@id=\"__item3129\"]"}
RESULT: {"using":"xpath","value":"//*[@id=\"__item3129\"]"}
COMMAND: POST /session/284f745c9598ec68bd9714133dfb15c1/element/f.D1CCE01D0E1637D613899A63103EEE24.d.D8EC8FE46B1B357F903CF2935E1E996D.e.6931/click - {}
RESULT: {}
COMMAND: GET /session/284f745c9598ec68bd9714133dfb15c1/screenshot - {}
RESULT: {}
COMMAND: POST /session/284f745c9598ec68bd9714133dfb15c1/element - {"using":"xpath","value":"//input[contains(@id ,\"smartFilterBar-btnBasicSearch-I\")]"}
RESULT: {"using":"xpath","value":"//input[contains(@id ,\"smartFilterBar-btnBasicSearch-I\")]"}
COMMAND: POST /session/284f745c9598ec68bd9714133dfb15c1/element/f.D1CCE01D0E1637D613899A63103EEE24.d.D8EC8FE46B1B357F903CF2935E1E996D.e.6936/clear - {}
RESULT: {}
COMMAND: POST /session/284f745c9598ec68bd9714133dfb15c1/element/f.D1CCE01D0E1637D613899A63103EEE24.d.D8EC8FE46B1B357F903CF2935E1E996D.e.6936/value - {"text":"20001"}
COMMAND: GET /session/284f745c9598ec68bd9714133dfb15c1/screenshot - {}
RESULT: {"text":"20001"}
COMMAND: GET /session/284f745c9598ec68bd9714133dfb15c1/screenshot - {}
RESULT: {}
RESULT: {}
COMMAND: POST /session/284f745c9598ec68bd9714133dfb15c1/actions - {"actions":[{"id":"action12","type":"key","parameters":{},"actions":[{"type":"keyDown","value":""},{"type":"pause","duration":10},{"type":"keyUp","value":""}]}]}
RESULT: {"actions":[{"id":"action12","type":"key","parameters":{},"actions":[{"type":"keyDown","value":""},{"type":"pause","duration":10},{"type":"keyUp","value":""}]}]}
COMMAND: GET /session/284f745c9598ec68bd9714133dfb15c1/screenshot - {}
RESULT: {}
COMMAND: POST /session/284f745c9598ec68bd9714133dfb15c1/execute/async - {"script":"<script> [1562 bytes]","args":[{"selector":{"controlType":"sap.m.Title","viewName":"etm.portal.ui.webshop.view.RequestMaster","properties":{"text":"Records (1)"}},"wdio_ui5_key":"etmportal.ui.webshop.view.RequestMastersap.m.Title{\"text\":\"Records (1)\"}"}]}
RESULT: {"script":"<script> [1562 bytes]","args":[{"selector":{"controlType":"sap.m.Title","viewName":"etm.portal.ui.webshop.view.RequestMaster","properties":{"text":"Records (1)"}},"wdio_ui5_key":"etmportal.ui.webshop.view.RequestMastersap.m.Title{\"text\":\"Records (1)\"}"}]}
RESULT: undefined
COMMAND: POST /session/284f745c9598ec68bd9714133dfb15c1/execute/async - {"script":"<script> [6424 bytes]","args":[{"element-6066-11e4-a52e-4f735466cecf":"f.D1CCE01D0E1637D613899A63103EEE24.d.D8EC8FE46B1B357F903CF2935E1E996D.e.7019"},"getText",[]]}
RESULT: {"script":"<script> [6424 bytes]","args":[{"element-6066-11e4-a52e-4f735466cecf":"f.D1CCE01D0E1637D613899A63103EEE24.d.D8EC8FE46B1B357F903CF2935E1E996D.e.7019"},"getText",[]]}
COMMAND: POST /session/284f745c9598ec68bd9714133dfb15c1/element - {"using":"xpath","value":"//div[contains(@id ,\"smartFilterBar-btnBasicSearch-reset\")]"}
RESULT: {"using":"xpath","value":"//div[contains(@id ,\"smartFilterBar-btnBasicSearch-reset\")]"}
COMMAND: POST /session/284f745c9598ec68bd9714133dfb15c1/element/f.D1CCE01D0E1637D613899A63103EEE24.d.D8EC8FE46B1B357F903CF2935E1E996D.e.7020/click - {}
RESULT: {}
COMMAND: GET /session/284f745c9598ec68bd9714133dfb15c1/screenshot - {}
COMMAND: POST /session/284f745c9598ec68bd9714133dfb15c1/element - {"using":"xpath","value":"//input[contains(@id ,\"smartStatusFilter-inner\")]"}
RESULT: {}
RESULT: {"using":"xpath","value":"//input[contains(@id ,\"smartStatusFilter-inner\")]"}
COMMAND: POST /session/284f745c9598ec68bd9714133dfb15c1/element/f.D1CCE01D0E1637D613899A63103EEE24.d.D8EC8FE46B1B357F903CF2935E1E996D.e.6941/clear - {}
RESULT: {}
COMMAND: POST /session/284f745c9598ec68bd9714133dfb15c1/element/f.D1CCE01D0E1637D613899A63103EEE24.d.D8EC8FE46B1B357F903CF2935E1E996D.e.6941/value - {"text":"draft"}
COMMAND: GET /session/284f745c9598ec68bd9714133dfb15c1/screenshot - {}
RESULT: {"text":"draft"}
COMMAND: GET /session/284f745c9598ec68bd9714133dfb15c1/screenshot - {}
RESULT: {}
RESULT: {}
COMMAND: POST /session/284f745c9598ec68bd9714133dfb15c1/actions - {"actions":[{"id":"action13","type":"key","parameters":{},"actions":[{"type":"keyDown","value":""},{"type":"pause","duration":10},{"type":"keyUp","value":""}]}]}
RESULT: {"actions":[{"id":"action13","type":"key","parameters":{},"actions":[{"type":"keyDown","value":""},{"type":"pause","duration":10},{"type":"keyUp","value":""}]}]}
COMMAND: GET /session/284f745c9598ec68bd9714133dfb15c1/screenshot - {}
RESULT: {}
COMMAND: POST /session/284f745c9598ec68bd9714133dfb15c1/execute/async - {"script":"<script> [1562 bytes]","args":[{"selector":{"controlType":"sap.m.ObjectStatus","viewName":"etm.portal.ui.webshop.view.RequestMaster","bindingPath":{"propertyPath":"STATUS_DESCRIPTION"}},"wdio_ui5_key":"etmportal.ui.webshop.view.RequestMastersap.m.ObjectStatus{\"propertyPath\":\"STATUS_DESCRIPTION\"}"}]}
RESULT: {"script":"<script> [1562 bytes]","args":[{"selector":{"controlType":"sap.m.ObjectStatus","viewName":"etm.portal.ui.webshop.view.RequestMaster","bindingPath":{"propertyPath":"STATUS_DESCRIPTION"}},"wdio_ui5_key":"etmportal.ui.webshop.view.RequestMastersap.m.ObjectStatus{\"propertyPath\":\"STATUS_DESCRIPTION\"}"}]}
RESULT: undefined
COMMAND: POST /session/284f745c9598ec68bd9714133dfb15c1/execute/async - {"script":"<script> [6424 bytes]","args":[{"element-6066-11e4-a52e-4f735466cecf":"f.D1CCE01D0E1637D613899A63103EEE24.d.D8EC8FE46B1B357F903CF2935E1E996D.e.7073"},"getText",[]]}
RESULT: {"script":"<script> [6424 bytes]","args":[{"element-6066-11e4-a52e-4f735466cecf":"f.D1CCE01D0E1637D613899A63103EEE24.d.D8EC8FE46B1B357F903CF2935E1E996D.e.7073"},"getText",[]]}
COMMAND: POST /session/284f745c9598ec68bd9714133dfb15c1/element - {"using":"xpath","value":"//span[contains(@title ,\"Remove\")]"}
RESULT: {"using":"xpath","value":"//span[contains(@title ,\"Remove\")]"}
COMMAND: POST /session/284f745c9598ec68bd9714133dfb15c1/element/f.D1CCE01D0E1637D613899A63103EEE24.d.D8EC8FE46B1B357F903CF2935E1E996D.e.7074/click - {}
RESULT: {}
COMMAND: GET /session/284f745c9598ec68bd9714133dfb15c1/screenshot - {}
COMMAND: POST /session/284f745c9598ec68bd9714133dfb15c1/element - {"using":"xpath","value":"//input[contains(@id ,\"smartStatusFilter-inner\")]"}
RESULT: {}
RESULT: {"using":"xpath","value":"//input[contains(@id ,\"smartStatusFilter-inner\")]"}
COMMAND: POST /session/284f745c9598ec68bd9714133dfb15c1/element/f.D1CCE01D0E1637D613899A63103EEE24.d.D8EC8FE46B1B357F903CF2935E1E996D.e.6941/clear - {}
RESULT: {}
COMMAND: POST /session/284f745c9598ec68bd9714133dfb15c1/element/f.D1CCE01D0E1637D613899A63103EEE24.d.D8EC8FE46B1B357F903CF2935E1E996D.e.6941/value - {"text":"created"}
COMMAND: GET /session/284f745c9598ec68bd9714133dfb15c1/screenshot - {}
RESULT: {"text":"created"}
COMMAND: GET /session/284f745c9598ec68bd9714133dfb15c1/screenshot - {}
RESULT: {}
RESULT: {}
COMMAND: POST /session/284f745c9598ec68bd9714133dfb15c1/actions - {"actions":[{"id":"action14","type":"key","parameters":{},"actions":[{"type":"keyDown","value":""},{"type":"pause","duration":10},{"type":"keyUp","value":""}]}]}
RESULT: {"actions":[{"id":"action14","type":"key","parameters":{},"actions":[{"type":"keyDown","value":""},{"type":"pause","duration":10},{"type":"keyUp","value":""}]}]}
COMMAND: GET /session/284f745c9598ec68bd9714133dfb15c1/screenshot - {}
RESULT: {}
RESULT: undefined
COMMAND: POST /session/284f745c9598ec68bd9714133dfb15c1/execute/async - {"script":"<script> [6424 bytes]","args":[{"element-6066-11e4-a52e-4f735466cecf":"f.D1CCE01D0E1637D613899A63103EEE24.d.D8EC8FE46B1B357F903CF2935E1E996D.e.7073"},"getText",[]]}
COMMAND: POST /session/284f745c9598ec68bd9714133dfb15c1/execute/async - {"script":"<script> [1562 bytes]","args":[{"selector":{"controlType":"sap.m.ObjectStatus","viewName":"etm.portal.ui.webshop.view.RequestMaster","bindingPath":{"propertyPath":"STATUS_DESCRIPTION"}},"wdio_ui5_key":"etmportal.ui.webshop.view.RequestMastersap.m.ObjectStatus{\"propertyPath\":\"STATUS_DESCRIPTION\"}"}]}
RESULT: {"script":"<script> [1562 bytes]","args":[{"selector":{"controlType":"sap.m.ObjectStatus","viewName":"etm.portal.ui.webshop.view.RequestMaster","bindingPath":{"propertyPath":"STATUS_DESCRIPTION"}},"wdio_ui5_key":"etmportal.ui.webshop.view.RequestMastersap.m.ObjectStatus{\"propertyPath\":\"STATUS_DESCRIPTION\"}"}]}
COMMAND: POST /session/284f745c9598ec68bd9714133dfb15c1/execute/async - {"script":"<script> [6424 bytes]","args":[{"element-6066-11e4-a52e-4f735466cecf":"f.D1CCE01D0E1637D613899A63103EEE24.d.D8EC8FE46B1B357F903CF2935E1E996D.e.7131"},"getText",[]]}
RESULT: {"script":"<script> [6424 bytes]","args":[{"element-6066-11e4-a52e-4f735466cecf":"f.D1CCE01D0E1637D613899A63103EEE24.d.D8EC8FE46B1B357F903CF2935E1E996D.e.7131"},"getText",[]]}
COMMAND: POST /session/284f745c9598ec68bd9714133dfb15c1/element - {"using":"xpath","value":"//span[contains(@title ,\"Remove\")]"}
RESULT: {"using":"xpath","value":"//span[contains(@title ,\"Remove\")]"}
COMMAND: POST /session/284f745c9598ec68bd9714133dfb15c1/element/f.D1CCE01D0E1637D613899A63103EEE24.d.D8EC8FE46B1B357F903CF2935E1E996D.e.7132/click - {}
RESULT: {}
COMMAND: GET /session/284f745c9598ec68bd9714133dfb15c1/screenshot - {}
COMMAND: POST /session/284f745c9598ec68bd9714133dfb15c1/execute/async - {"script":"<script> [1562 bytes]","args":[{"selector":{"controlType":"sap.m.Button","viewName":"etm.portal.ui.webshop.view.RequestMaster","properties":{"text":"Filters (1)"},"interaction":{"idSuffix":"BDI-content"}},"wdio_ui5_key":"etmportal.ui.webshop.view.RequestMastersap.m.Button{\"text\":\"Filters (1)\"}"}]}
RESULT: {}
RESULT: {"script":"<script> [1562 bytes]","args":[{"selector":{"controlType":"sap.m.Button","viewName":"etm.portal.ui.webshop.view.RequestMaster","properties":{"text":"Filters (1)"},"interaction":{"idSuffix":"BDI-content"}},"wdio_ui5_key":"etmportal.ui.webshop.view.RequestMastersap.m.Button{\"text\":\"Filters (1)\"}"}]}
RESULT: undefined
COMMAND: POST /session/284f745c9598ec68bd9714133dfb15c1/element - {"using":"xpath","value":"//*[@id=\"__xmlview74--smartFilterBar-btnFilters\"]"}
RESULT: {"using":"xpath","value":"//*[@id=\"__xmlview74--smartFilterBar-btnFilters\"]"}
COMMAND: POST /session/284f745c9598ec68bd9714133dfb15c1/element/f.D1CCE01D0E1637D613899A63103EEE24.d.D8EC8FE46B1B357F903CF2935E1E996D.e.6957/click - {}
RESULT: {}
COMMAND: GET /session/284f745c9598ec68bd9714133dfb15c1/screenshot - {}
RESULT: {}
COMMAND: POST /session/284f745c9598ec68bd9714133dfb15c1/element - {"using":"xpath","value":"//input[contains(@id ,\"searchField-I\")]"}
RESULT: {"using":"xpath","value":"//input[contains(@id ,\"searchField-I\")]"}
COMMAND: POST /session/284f745c9598ec68bd9714133dfb15c1/element/f.D1CCE01D0E1637D613899A63103EEE24.d.D8EC8FE46B1B357F903CF2935E1E996D.e.7178/clear - {}
RESULT: {}
COMMAND: POST /session/284f745c9598ec68bd9714133dfb15c1/element/f.D1CCE01D0E1637D613899A63103EEE24.d.D8EC8FE46B1B357F903CF2935E1E996D.e.7178/value - {"text":"tags"}
COMMAND: GET /session/284f745c9598ec68bd9714133dfb15c1/screenshot - {}
RESULT: {"text":"tags"}
COMMAND: GET /session/284f745c9598ec68bd9714133dfb15c1/screenshot - {}
RESULT: {}
RESULT: {}
COMMAND: POST /session/284f745c9598ec68bd9714133dfb15c1/element - {"using":"xpath","value":"(//div[contains(@id ,\"selectMulti\")][@role=\"checkbox\"])[8]"}
RESULT: {"using":"xpath","value":"(//div[contains(@id ,\"selectMulti\")][@role=\"checkbox\"])[8]"}
COMMAND: POST /session/284f745c9598ec68bd9714133dfb15c1/element/f.D1CCE01D0E1637D613899A63103EEE24.d.D8EC8FE46B1B357F903CF2935E1E996D.e.7204/click - {}
RESULT: {}
COMMAND: GET /session/284f745c9598ec68bd9714133dfb15c1/screenshot - {}
RESULT: {}
COMMAND: POST /session/284f745c9598ec68bd9714133dfb15c1/execute/async - {"script":"<script> [1562 bytes]","args":[{"selector":{"controlType":"sap.m.Button","viewName":"etm.portal.ui.webshop.view.RequestMaster","properties":{"text":"OK"},"searchOpenDialogs":true,"interaction":{"idSuffix":"BDI-content"}},"wdio_ui5_key":"etmportal.ui.webshop.view.RequestMastersap.m.Button{\"text\":\"OK\"}"}]}
RESULT: {"script":"<script> [1562 bytes]","args":[{"selector":{"controlType":"sap.m.Button","viewName":"etm.portal.ui.webshop.view.RequestMaster","properties":{"text":"OK"},"searchOpenDialogs":true,"interaction":{"idSuffix":"BDI-content"}},"wdio_ui5_key":"etmportal.ui.webshop.view.RequestMastersap.m.Button{\"text\":\"OK\"}"}]}
RESULT: undefined
COMMAND: POST /session/284f745c9598ec68bd9714133dfb15c1/element - {"using":"xpath","value":"//*[@id=\"__xmlview74--smartFilterBar-adapt-filters-dialog-confirmBtn\"]"}
RESULT: {"using":"xpath","value":"//*[@id=\"__xmlview74--smartFilterBar-adapt-filters-dialog-confirmBtn\"]"}
COMMAND: POST /session/284f745c9598ec68bd9714133dfb15c1/element/f.D1CCE01D0E1637D613899A63103EEE24.d.D8EC8FE46B1B357F903CF2935E1E996D.e.7208/click - {}
RESULT: {}
COMMAND: GET /session/284f745c9598ec68bd9714133dfb15c1/screenshot - {}
RESULT: {}
COMMAND: POST /session/284f745c9598ec68bd9714133dfb15c1/element - {"using":"xpath","value":"//input[contains(@id ,\"smartFilterBar-filterItemControlA_-ALL_TAGS-inner\")]"}
RESULT: {"using":"xpath","value":"//input[contains(@id ,\"smartFilterBar-filterItemControlA_-ALL_TAGS-inner\")]"}
COMMAND: POST /session/284f745c9598ec68bd9714133dfb15c1/element/f.D1CCE01D0E1637D613899A63103EEE24.d.D8EC8FE46B1B357F903CF2935E1E996D.e.7216/clear - {}
RESULT: {}
COMMAND: POST /session/284f745c9598ec68bd9714133dfb15c1/element/f.D1CCE01D0E1637D613899A63103EEE24.d.D8EC8FE46B1B357F903CF2935E1E996D.e.7216/value - {"text":"tag1"}
COMMAND: GET /session/284f745c9598ec68bd9714133dfb15c1/screenshot - {}
RESULT: {"text":"tag1"}
COMMAND: GET /session/284f745c9598ec68bd9714133dfb15c1/screenshot - {}
RESULT: {}
RESULT: {}
COMMAND: POST /session/284f745c9598ec68bd9714133dfb15c1/actions - {"actions":[{"id":"action15","type":"key","parameters":{},"actions":[{"type":"keyDown","value":""},{"type":"pause","duration":10},{"type":"keyUp","value":""}]}]}
RESULT: {"actions":[{"id":"action15","type":"key","parameters":{},"actions":[{"type":"keyDown","value":""},{"type":"pause","duration":10},{"type":"keyUp","value":""}]}]}
COMMAND: GET /session/284f745c9598ec68bd9714133dfb15c1/screenshot - {}
RESULT: {}
RESULT: undefined
COMMAND: POST /session/284f745c9598ec68bd9714133dfb15c1/execute/async - {"script":"<script> [6424 bytes]","args":[{"element-6066-11e4-a52e-4f735466cecf":"f.D1CCE01D0E1637D613899A63103EEE24.d.D8EC8FE46B1B357F903CF2935E1E996D.e.7019"},"getText",[]]}
RESULT: {"script":"<script> [6424 bytes]","args":[{"element-6066-11e4-a52e-4f735466cecf":"f.D1CCE01D0E1637D613899A63103EEE24.d.D8EC8FE46B1B357F903CF2935E1E996D.e.7019"},"getText",[]]}
COMMAND: POST /session/284f745c9598ec68bd9714133dfb15c1/execute/async - {"script":"<script> [1562 bytes]","args":[{"selector":{"controlType":"sap.ui.core.Icon","viewName":"etm.portal.ui.webshop.view.RequestMaster","properties":{"src":{"regex":{"source":"action\\-settings"}}}},"wdio_ui5_key":"etmportal.ui.webshop.view.RequestMastersap.ui.core.Icon{\"src\":{\"regex\":{\"source\":\"action\\\\-settings\"}}}"}]}
RESULT: {"script":"<script> [1562 bytes]","args":[{"selector":{"controlType":"sap.ui.core.Icon","viewName":"etm.portal.ui.webshop.view.RequestMaster","properties":{"src":{"regex":{"source":"action\\-settings"}}}},"wdio_ui5_key":"etmportal.ui.webshop.view.RequestMastersap.ui.core.Icon{\"src\":{\"regex\":{\"source\":\"action\\\\-settings\"}}}"}]}
RESULT: undefined
COMMAND: POST /session/284f745c9598ec68bd9714133dfb15c1/element - {"using":"xpath","value":"//*[@id=\"__xmlview74--smartTable-btnPersonalisation-img\"]"}
RESULT: {"using":"xpath","value":"//*[@id=\"__xmlview74--smartTable-btnPersonalisation-img\"]"}
COMMAND: POST /session/284f745c9598ec68bd9714133dfb15c1/element/f.D1CCE01D0E1637D613899A63103EEE24.d.D8EC8FE46B1B357F903CF2935E1E996D.e.6980/click - {}
RESULT: {}
COMMAND: GET /session/284f745c9598ec68bd9714133dfb15c1/screenshot - {}
RESULT: {}
COMMAND: POST /session/284f745c9598ec68bd9714133dfb15c1/element - {"using":"xpath","value":"//input[contains(@id ,\"searchField-I\")]"}
RESULT: {"using":"xpath","value":"//input[contains(@id ,\"searchField-I\")]"}
COMMAND: POST /session/284f745c9598ec68bd9714133dfb15c1/element/f.D1CCE01D0E1637D613899A63103EEE24.d.D8EC8FE46B1B357F903CF2935E1E996D.e.7245/clear - {}
RESULT: {}
COMMAND: POST /session/284f745c9598ec68bd9714133dfb15c1/element/f.D1CCE01D0E1637D613899A63103EEE24.d.D8EC8FE46B1B357F903CF2935E1E996D.e.7245/value - {"text":"tags"}
COMMAND: GET /session/284f745c9598ec68bd9714133dfb15c1/screenshot - {}
RESULT: {"text":"tags"}
COMMAND: GET /session/284f745c9598ec68bd9714133dfb15c1/screenshot - {}
RESULT: {}
RESULT: {}
COMMAND: POST /session/284f745c9598ec68bd9714133dfb15c1/element - {"using":"xpath","value":"(//div[contains(@id ,\"selectMulti\")][@role=\"checkbox\"])[8]"}
RESULT: {"using":"xpath","value":"(//div[contains(@id ,\"selectMulti\")][@role=\"checkbox\"])[8]"}
COMMAND: POST /session/284f745c9598ec68bd9714133dfb15c1/element/f.D1CCE01D0E1637D613899A63103EEE24.d.D8EC8FE46B1B357F903CF2935E1E996D.e.7313/click - {}
RESULT: {}
COMMAND: GET /session/284f745c9598ec68bd9714133dfb15c1/screenshot - {}
RESULT: {}
COMMAND: POST /session/284f745c9598ec68bd9714133dfb15c1/element - {"using":"xpath","value":"//div[contains(@id ,\"searchField-reset\")]"}
RESULT: {"using":"xpath","value":"//div[contains(@id ,\"searchField-reset\")]"}
COMMAND: POST /session/284f745c9598ec68bd9714133dfb15c1/element - {"using":"xpath","value":"//input[contains(@id ,\"searchField-I\")]"}
RESULT: {"using":"xpath","value":"//input[contains(@id ,\"searchField-I\")]"}
COMMAND: POST /session/284f745c9598ec68bd9714133dfb15c1/element/f.D1CCE01D0E1637D613899A63103EEE24.d.D8EC8FE46B1B357F903CF2935E1E996D.e.7245/clear - {}
RESULT: {}
COMMAND: POST /session/284f745c9598ec68bd9714133dfb15c1/element/f.D1CCE01D0E1637D613899A63103EEE24.d.D8EC8FE46B1B357F903CF2935E1E996D.e.7245/value - {"text":"status"}
COMMAND: GET /session/284f745c9598ec68bd9714133dfb15c1/screenshot - {}
RESULT: {"text":"status"}
COMMAND: GET /session/284f745c9598ec68bd9714133dfb15c1/screenshot - {}
RESULT: {}
RESULT: {}
COMMAND: POST /session/284f745c9598ec68bd9714133dfb15c1/element - {"using":"xpath","value":"(//div[contains(@id ,\"selectMulti\")][@role=\"checkbox\"])[8]"}
RESULT: {"using":"xpath","value":"(//div[contains(@id ,\"selectMulti\")][@role=\"checkbox\"])[8]"}
COMMAND: POST /session/284f745c9598ec68bd9714133dfb15c1/element/f.D1CCE01D0E1637D613899A63103EEE24.d.D8EC8FE46B1B357F903CF2935E1E996D.e.7313/click - {}
RESULT: {}
COMMAND: GET /session/284f745c9598ec68bd9714133dfb15c1/screenshot - {}
RESULT: {}
COMMAND: POST /session/284f745c9598ec68bd9714133dfb15c1/element - {"using":"xpath","value":"//bdi[contains(@id ,\"confirmBtn-BDI-content\")]"}
RESULT: {"using":"xpath","value":"//bdi[contains(@id ,\"confirmBtn-BDI-content\")]"}
COMMAND: POST /session/284f745c9598ec68bd9714133dfb15c1/element/f.D1CCE01D0E1637D613899A63103EEE24.d.D8EC8FE46B1B357F903CF2935E1E996D.e.7335/click - {}
RESULT: {}
COMMAND: GET /session/284f745c9598ec68bd9714133dfb15c1/screenshot - {}
RESULT: {}
COMMAND: POST /session/284f745c9598ec68bd9714133dfb15c1/element - {"using":"xpath","value":"(//span[contains(text(), \"Status\")])[2]"}
RESULT: {"using":"xpath","value":"(//span[contains(text(), \"Status\")])[2]"}
COMMAND: POST /session/284f745c9598ec68bd9714133dfb15c1/element - {"using":"xpath","value":"(//span[contains(text(), \"Status\")])[2]"}
RESULT: {"using":"xpath","value":"(//span[contains(text(), \"Status\")])[2]"}
COMMAND: POST /session/284f745c9598ec68bd9714133dfb15c1/element - {"using":"xpath","value":"(//bdi[contains(text(), \"Tags\")])[2]"}
RESULT: {"using":"xpath","value":"(//bdi[contains(text(), \"Tags\")])[2]"}
COMMAND: POST /session/284f745c9598ec68bd9714133dfb15c1/execute/sync - {"script":"<script> [8489 bytes]","args":[{"element-6066-11e4-a52e-4f735466cecf":"f.D1CCE01D0E1637D613899A63103EEE24.d.D8EC8FE46B1B357F903CF2935E1E996D.e.7342","ELEMENT":"f.D1CCE01D0E1637D613899A63103EEE24.d.D8EC8FE46B1B357F903CF2935E1E996D.e.7342"}]}
RESULT: {"script":"<script> [8489 bytes]","args":[{"element-6066-11e4-a52e-4f735466cecf":"f.D1CCE01D0E1637D613899A63103EEE24.d.D8EC8FE46B1B357F903CF2935E1E996D.e.7342","ELEMENT":"f.D1CCE01D0E1637D613899A63103EEE24.d.D8EC8FE46B1B357F903CF2935E1E996D.e.7342"}]}
COMMAND: POST /session/284f745c9598ec68bd9714133dfb15c1/element - {"using":"xpath","value":"//span[contains(@title ,\"Remove\")]"}
COMMAND: GET /session/284f745c9598ec68bd9714133dfb15c1/screenshot - {}
RESULT: {"using":"xpath","value":"//span[contains(@title ,\"Remove\")]"}
COMMAND: POST /session/284f745c9598ec68bd9714133dfb15c1/element/f.D1CCE01D0E1637D613899A63103EEE24.d.D8EC8FE46B1B357F903CF2935E1E996D.e.7343/click - {}
RESULT: {}
RESULT: {}
COMMAND: GET /session/284f745c9598ec68bd9714133dfb15c1/screenshot - {}
RESULT: {}
COMMAND: POST /session/284f745c9598ec68bd9714133dfb15c1/element - {"using":"xpath","value":"//button[contains(@id ,\"btnDeleteRequest\")]"}
RESULT: {"using":"xpath","value":"//button[contains(@id ,\"btnDeleteRequest\")]"}
COMMAND: POST /session/284f745c9598ec68bd9714133dfb15c1/element - {"using":"xpath","value":"//button[contains(@id ,\"btnDeleteRequest\")]"}
RESULT: {"using":"xpath","value":"//button[contains(@id ,\"btnDeleteRequest\")]"}
COMMAND: POST /session/284f745c9598ec68bd9714133dfb15c1/element - {"using":"xpath","value":"(//span[contains(text(), \"Draft\")])[1]"}
RESULT: {"using":"xpath","value":"(//span[contains(text(), \"Draft\")])[1]"}
COMMAND: POST /session/284f745c9598ec68bd9714133dfb15c1/element/f.D1CCE01D0E1637D613899A63103EEE24.d.D8EC8FE46B1B357F903CF2935E1E996D.e.7369/click - {}
RESULT: {}
COMMAND: GET /session/284f745c9598ec68bd9714133dfb15c1/screenshot - {}
RESULT: {}
COMMAND: POST /session/284f745c9598ec68bd9714133dfb15c1/element - {"using":"xpath","value":"//button[contains(@id ,\"btnDeleteRequest\")]"}
RESULT: {"using":"xpath","value":"//button[contains(@id ,\"btnDeleteRequest\")]"}
COMMAND: POST /session/284f745c9598ec68bd9714133dfb15c1/execute/sync - {"script":"<script> [8489 bytes]","args":[{"element-6066-11e4-a52e-4f735466cecf":"f.D1CCE01D0E1637D613899A63103EEE24.d.D8EC8FE46B1B357F903CF2935E1E996D.e.7400","ELEMENT":"f.D1CCE01D0E1637D613899A63103EEE24.d.D8EC8FE46B1B357F903CF2935E1E996D.e.7400"}]}
RESULT: {"script":"<script> [8489 bytes]","args":[{"element-6066-11e4-a52e-4f735466cecf":"f.D1CCE01D0E1637D613899A63103EEE24.d.D8EC8FE46B1B357F903CF2935E1E996D.e.7400","ELEMENT":"f.D1CCE01D0E1637D613899A63103EEE24.d.D8EC8FE46B1B357F903CF2935E1E996D.e.7400"}]}
COMMAND: POST /session/284f745c9598ec68bd9714133dfb15c1/element - {"using":"xpath","value":"(//span[contains(text(), \"Proposal\")])[1]"}
COMMAND: GET /session/284f745c9598ec68bd9714133dfb15c1/screenshot - {}
RESULT: {"using":"xpath","value":"(//span[contains(text(), \"Proposal\")])[1]"}
COMMAND: POST /session/284f745c9598ec68bd9714133dfb15c1/element/f.D1CCE01D0E1637D613899A63103EEE24.d.D8EC8FE46B1B357F903CF2935E1E996D.e.7445/click - {}
RESULT: {}
RESULT: {}
COMMAND: GET /session/284f745c9598ec68bd9714133dfb15c1/screenshot - {}
RESULT: {}
COMMAND: POST /session/284f745c9598ec68bd9714133dfb15c1/execute/sync - {"script":"<script> [8489 bytes]","args":[{"element-6066-11e4-a52e-4f735466cecf":"f.D1CCE01D0E1637D613899A63103EEE24.d.D8EC8FE46B1B357F903CF2935E1E996D.e.7400","ELEMENT":"f.D1CCE01D0E1637D613899A63103EEE24.d.D8EC8FE46B1B357F903CF2935E1E996D.e.7400"}]}
RESULT: {"script":"<script> [8489 bytes]","args":[{"element-6066-11e4-a52e-4f735466cecf":"f.D1CCE01D0E1637D613899A63103EEE24.d.D8EC8FE46B1B357F903CF2935E1E996D.e.7400","ELEMENT":"f.D1CCE01D0E1637D613899A63103EEE24.d.D8EC8FE46B1B357F903CF2935E1E996D.e.7400"}]}
COMMAND: POST /session/284f745c9598ec68bd9714133dfb15c1/element - {"using":"xpath","value":"//li[contains(@data-kt ,\"exitWebshopNavigationListItem\")]"}
COMMAND: GET /session/284f745c9598ec68bd9714133dfb15c1/screenshot - {}
RESULT: {"using":"xpath","value":"//li[contains(@data-kt ,\"exitWebshopNavigationListItem\")]"}
COMMAND: POST /session/284f745c9598ec68bd9714133dfb15c1/element/f.D1CCE01D0E1637D613899A63103EEE24.d.D8EC8FE46B1B357F903CF2935E1E996D.e.7520/click - {}
RESULT: {}
RESULT: {}
COMMAND: GET /session/284f745c9598ec68bd9714133dfb15c1/screenshot - {}
RESULT: {}
]]></system-out>
    </testcase>
  </testsuite>
  <testsuite timestamp="2025-05-28T16:33:44" time="305.284" tests="1" failures="0" errors="0" skipped="0">
    <properties>
      <property name="specId" value="0"/>
      <property name="suiteName" value="Webshop edit draft change dates pickup and delete items  US151281"/>
      <property name="capabilities" value="chrome.136_0_7103_93.windows"/>
      <property name="file" value="file:///D:/a/1/s/test/specs/R2C/webshop-edit-draft-dates-pickup-delete-items.spec.js"/>
    </properties>
    <testcase classname="chrome.136_0_7103_93.windows.Webshop_edit_draft_change_dates_pickup_and_delete_items__US151281" name="Should create a new draft and add the catalog items" time="305.273">
      <system-out><![CDATA[
RESULT: undefined
COMMAND: POST /session/284f745c9598ec68bd9714133dfb15c1/element - {"using":"xpath","value":"//*[@id=\"__tile49\"]"}
RESULT: {"using":"xpath","value":"//*[@id=\"__tile49\"]"}
COMMAND: POST /session/284f745c9598ec68bd9714133dfb15c1/element/f.D1CCE01D0E1637D613899A63103EEE24.d.D8EC8FE46B1B357F903CF2935E1E996D.e.2938/click - {}
RESULT: {}
COMMAND: GET /session/284f745c9598ec68bd9714133dfb15c1/screenshot - {}
COMMAND: POST /session/284f745c9598ec68bd9714133dfb15c1/elements - {"using":"xpath","value":"//span[text()='Error']"}
RESULT: {}
RESULT: {"using":"xpath","value":"//span[text()='Error']"}
COMMAND: POST /session/284f745c9598ec68bd9714133dfb15c1/element - {"using":"css selector","value":"#requestCreationDialog--createRequestPopUp-title-inner"}
RESULT: {"using":"css selector","value":"#requestCreationDialog--createRequestPopUp-title-inner"}
COMMAND: POST /session/284f745c9598ec68bd9714133dfb15c1/execute/sync - {"script":"<script> [8489 bytes]","args":[{"element-6066-11e4-a52e-4f735466cecf":"f.D1CCE01D0E1637D613899A63103EEE24.d.D8EC8FE46B1B357F903CF2935E1E996D.e.7580","ELEMENT":"f.D1CCE01D0E1637D613899A63103EEE24.d.D8EC8FE46B1B357F903CF2935E1E996D.e.7580"}]}
RESULT: {"script":"<script> [8489 bytes]","args":[{"element-6066-11e4-a52e-4f735466cecf":"f.D1CCE01D0E1637D613899A63103EEE24.d.D8EC8FE46B1B357F903CF2935E1E996D.e.7580","ELEMENT":"f.D1CCE01D0E1637D613899A63103EEE24.d.D8EC8FE46B1B357F903CF2935E1E996D.e.7580"}]}
COMMAND: GET /session/284f745c9598ec68bd9714133dfb15c1/element/f.D1CCE01D0E1637D613899A63103EEE24.d.D8EC8FE46B1B357F903CF2935E1E996D.e.7580/enabled - {}
RESULT: {}
RESULT: undefined
COMMAND: POST /session/284f745c9598ec68bd9714133dfb15c1/execute/async - {"script":"<script> [776 bytes]","args":[{"enterText":"WebdriverTest","selector":{"id":"requestCreationDialog--requestName","searchOpenDialogs":true,"interaction":{"idSuffix":"inner"}},"clearTextFirst":true,"interactionType":"ENTER_TEXT"}]}
COMMAND: GET /session/284f745c9598ec68bd9714133dfb15c1/screenshot - {}
COMMAND: GET /session/284f745c9598ec68bd9714133dfb15c1/screenshot - {}
RESULT: {"script":"<script> [776 bytes]","args":[{"enterText":"WebdriverTest","selector":{"id":"requestCreationDialog--requestName","searchOpenDialogs":true,"interaction":{"idSuffix":"inner"}},"clearTextFirst":true,"interactionType":"ENTER_TEXT"}]}
COMMAND: POST /session/284f745c9598ec68bd9714133dfb15c1/element - {"using":"xpath","value":"//input[contains(@id ,\"requestCreationDialog--contract-inner\")]"}
RESULT: {}
RESULT: {}
RESULT: {"using":"xpath","value":"//input[contains(@id ,\"requestCreationDialog--contract-inner\")]"}
COMMAND: POST /session/284f745c9598ec68bd9714133dfb15c1/element/f.D1CCE01D0E1637D613899A63103EEE24.d.D8EC8FE46B1B357F903CF2935E1E996D.e.7565/clear - {}
RESULT: {}
COMMAND: POST /session/284f745c9598ec68bd9714133dfb15c1/element/f.D1CCE01D0E1637D613899A63103EEE24.d.D8EC8FE46B1B357F903CF2935E1E996D.e.7565/value - {"text":"10339"}
COMMAND: GET /session/284f745c9598ec68bd9714133dfb15c1/screenshot - {}
RESULT: {"text":"10339"}
COMMAND: GET /session/284f745c9598ec68bd9714133dfb15c1/screenshot - {}
RESULT: {}
RESULT: {}
COMMAND: POST /session/284f745c9598ec68bd9714133dfb15c1/actions - {"actions":[{"id":"action16","type":"key","parameters":{},"actions":[{"type":"keyDown","value":""},{"type":"pause","duration":10},{"type":"keyUp","value":""}]}]}
RESULT: {"actions":[{"id":"action16","type":"key","parameters":{},"actions":[{"type":"keyDown","value":""},{"type":"pause","duration":10},{"type":"keyUp","value":""}]}]}
COMMAND: GET /session/284f745c9598ec68bd9714133dfb15c1/screenshot - {}
RESULT: {}
COMMAND: POST /session/284f745c9598ec68bd9714133dfb15c1/element - {"using":"xpath","value":"//input[contains(@id ,\"requestCreationDialog--contract-inner\")]"}
RESULT: {"using":"xpath","value":"//input[contains(@id ,\"requestCreationDialog--contract-inner\")]"}
COMMAND: GET /session/284f745c9598ec68bd9714133dfb15c1/element/f.D1CCE01D0E1637D613899A63103EEE24.d.D8EC8FE46B1B357F903CF2935E1E996D.e.7565/property/value - {}
RESULT: {}
COMMAND: POST /session/284f745c9598ec68bd9714133dfb15c1/element - {"using":"xpath","value":"//input[contains(@id ,\"requestCreationDialog--contract-inner\")]"}
COMMAND: GET /session/284f745c9598ec68bd9714133dfb15c1/screenshot - {}
RESULT: {"using":"xpath","value":"//input[contains(@id ,\"requestCreationDialog--contract-inner\")]"}
RESULT: undefined
COMMAND: POST /session/284f745c9598ec68bd9714133dfb15c1/element - {"using":"xpath","value":"//*[@id=\"requestCreationDialog--okButton\"]"}
RESULT: {}
RESULT: {"using":"xpath","value":"//*[@id=\"requestCreationDialog--okButton\"]"}
COMMAND: POST /session/284f745c9598ec68bd9714133dfb15c1/element/f.D1CCE01D0E1637D613899A63103EEE24.d.D8EC8FE46B1B357F903CF2935E1E996D.e.7587/click - {}
RESULT: {}
COMMAND: GET /session/284f745c9598ec68bd9714133dfb15c1/screenshot - {}
RESULT: {}
COMMAND: POST /session/284f745c9598ec68bd9714133dfb15c1/element - {"using":"xpath","value":"//input[contains(@id ,\"searchFiledId-I\")]"}
RESULT: {"using":"xpath","value":"//input[contains(@id ,\"searchFiledId-I\")]"}
COMMAND: POST /session/284f745c9598ec68bd9714133dfb15c1/element/f.D1CCE01D0E1637D613899A63103EEE24.d.D8EC8FE46B1B357F903CF2935E1E996D.e.7530/value - {"text":"Dri-Prime CD150M Diesel Pump"}
RESULT: {"text":"Dri-Prime CD150M Diesel Pump"}
COMMAND: POST /session/284f745c9598ec68bd9714133dfb15c1/actions - {"actions":[{"id":"action17","type":"key","parameters":{},"actions":[{"type":"keyDown","value":""},{"type":"pause","duration":10},{"type":"keyUp","value":""}]}]}
COMMAND: GET /session/284f745c9598ec68bd9714133dfb15c1/screenshot - {}
RESULT: {"actions":[{"id":"action17","type":"key","parameters":{},"actions":[{"type":"keyDown","value":""},{"type":"pause","duration":10},{"type":"keyUp","value":""}]}]}
COMMAND: GET /session/284f745c9598ec68bd9714133dfb15c1/screenshot - {}
RESULT: {}
RESULT: {}
COMMAND: POST /session/284f745c9598ec68bd9714133dfb15c1/element - {"using":"xpath","value":"//span[contains(@id ,\"subTitle\")][contains(text(), \"Dri-Prime CD150M Diesel Pump\")]"}
RESULT: {"using":"xpath","value":"//span[contains(@id ,\"subTitle\")][contains(text(), \"Dri-Prime CD150M Diesel Pump\")]"}
COMMAND: POST /session/284f745c9598ec68bd9714133dfb15c1/element/f.D1CCE01D0E1637D613899A63103EEE24.d.D8EC8FE46B1B357F903CF2935E1E996D.e.7594/click - {}
RESULT: {}
COMMAND: GET /session/284f745c9598ec68bd9714133dfb15c1/screenshot - {}
RESULT: {}
COMMAND: POST /session/284f745c9598ec68bd9714133dfb15c1/element - {"using":"xpath","value":"//bdi[contains(text(), \"Add to Request\")]"}
RESULT: {"using":"xpath","value":"//bdi[contains(text(), \"Add to Request\")]"}
COMMAND: POST /session/284f745c9598ec68bd9714133dfb15c1/element/f.D1CCE01D0E1637D613899A63103EEE24.d.D8EC8FE46B1B357F903CF2935E1E996D.e.7606/click - {}
RESULT: {}
COMMAND: GET /session/284f745c9598ec68bd9714133dfb15c1/screenshot - {}
RESULT: {}
COMMAND: POST /session/284f745c9598ec68bd9714133dfb15c1/element/f.D1CCE01D0E1637D613899A63103EEE24.d.D8EC8FE46B1B357F903CF2935E1E996D.e.7606/click - {}
RESULT: {}
COMMAND: GET /session/284f745c9598ec68bd9714133dfb15c1/screenshot - {}
RESULT: {}
COMMAND: POST /session/284f745c9598ec68bd9714133dfb15c1/element - {"using":"xpath","value":"//*[contains(@id ,\"activeCartId-BDI-content\")]"}
RESULT: {"using":"xpath","value":"//*[contains(@id ,\"activeCartId-BDI-content\")]"}
COMMAND: POST /session/284f745c9598ec68bd9714133dfb15c1/element/f.D1CCE01D0E1637D613899A63103EEE24.d.D8EC8FE46B1B357F903CF2935E1E996D.e.7617/click - {}
RESULT: {}
COMMAND: GET /session/284f745c9598ec68bd9714133dfb15c1/screenshot - {}
RESULT: {}
COMMAND: POST /session/284f745c9598ec68bd9714133dfb15c1/element - {"using":"xpath","value":"//bdi[contains(text(), \"Check out my request\")]"}
RESULT: {"using":"xpath","value":"//bdi[contains(text(), \"Check out my request\")]"}
COMMAND: POST /session/284f745c9598ec68bd9714133dfb15c1/element/f.D1CCE01D0E1637D613899A63103EEE24.d.D8EC8FE46B1B357F903CF2935E1E996D.e.7619/click - {}
RESULT: {}
COMMAND: GET /session/284f745c9598ec68bd9714133dfb15c1/screenshot - {}
RESULT: {}
COMMAND: POST /session/284f745c9598ec68bd9714133dfb15c1/element - {"using":"xpath","value":"//div[contains(@data-kt ,\"characteristicsObjectStatus\")]"}
RESULT: {"using":"xpath","value":"//div[contains(@data-kt ,\"characteristicsObjectStatus\")]"}
COMMAND: POST /session/284f745c9598ec68bd9714133dfb15c1/element/f.D1CCE01D0E1637D613899A63103EEE24.d.D8EC8FE46B1B357F903CF2935E1E996D.e.7638/click - {}
RESULT: {}
COMMAND: GET /session/284f745c9598ec68bd9714133dfb15c1/screenshot - {}
RESULT: {}
COMMAND: POST /session/284f745c9598ec68bd9714133dfb15c1/element - {"using":"xpath","value":"//input[contains(@id ,\"costObjectAdminTypeComboBox-inner\")]"}
RESULT: {"using":"xpath","value":"//input[contains(@id ,\"costObjectAdminTypeComboBox-inner\")]"}
COMMAND: POST /session/284f745c9598ec68bd9714133dfb15c1/element/f.D1CCE01D0E1637D613899A63103EEE24.d.D8EC8FE46B1B357F903CF2935E1E996D.e.7640/clear - {}
RESULT: {}
COMMAND: POST /session/284f745c9598ec68bd9714133dfb15c1/element/f.D1CCE01D0E1637D613899A63103EEE24.d.D8EC8FE46B1B357F903CF2935E1E996D.e.7640/value - {"text":"Cost Center"}
COMMAND: GET /session/284f745c9598ec68bd9714133dfb15c1/screenshot - {}
RESULT: {"text":"Cost Center"}
COMMAND: GET /session/284f745c9598ec68bd9714133dfb15c1/screenshot - {}
RESULT: {}
RESULT: {}
COMMAND: POST /session/284f745c9598ec68bd9714133dfb15c1/actions - {"actions":[{"id":"action18","type":"key","parameters":{},"actions":[{"type":"keyDown","value":""},{"type":"pause","duration":10},{"type":"keyUp","value":""}]}]}
RESULT: {"actions":[{"id":"action18","type":"key","parameters":{},"actions":[{"type":"keyDown","value":""},{"type":"pause","duration":10},{"type":"keyUp","value":""}]}]}
COMMAND: GET /session/284f745c9598ec68bd9714133dfb15c1/screenshot - {}
RESULT: {}
COMMAND: POST /session/284f745c9598ec68bd9714133dfb15c1/element - {"using":"xpath","value":"//input[contains(@id ,\"costObjectIdComboBox-inner\")]"}
RESULT: {"using":"xpath","value":"//input[contains(@id ,\"costObjectIdComboBox-inner\")]"}
COMMAND: POST /session/284f745c9598ec68bd9714133dfb15c1/element/f.D1CCE01D0E1637D613899A63103EEE24.d.D8EC8FE46B1B357F903CF2935E1E996D.e.7650/clear - {}
RESULT: {}
COMMAND: POST /session/284f745c9598ec68bd9714133dfb15c1/element/f.D1CCE01D0E1637D613899A63103EEE24.d.D8EC8FE46B1B357F903CF2935E1E996D.e.7650/value - {"text":"Vigra"}
COMMAND: GET /session/284f745c9598ec68bd9714133dfb15c1/screenshot - {}
RESULT: {"text":"Vigra"}
COMMAND: GET /session/284f745c9598ec68bd9714133dfb15c1/screenshot - {}
RESULT: {}
RESULT: {}
COMMAND: POST /session/284f745c9598ec68bd9714133dfb15c1/actions - {"actions":[{"id":"action19","type":"key","parameters":{},"actions":[{"type":"keyDown","value":""},{"type":"pause","duration":10},{"type":"keyUp","value":""}]}]}
RESULT: {"actions":[{"id":"action19","type":"key","parameters":{},"actions":[{"type":"keyDown","value":""},{"type":"pause","duration":10},{"type":"keyUp","value":""}]}]}
COMMAND: GET /session/284f745c9598ec68bd9714133dfb15c1/screenshot - {}
RESULT: {}
COMMAND: POST /session/284f745c9598ec68bd9714133dfb15c1/element - {"using":"xpath","value":"//bdi[contains(text(), \"Save\")]"}
RESULT: {"using":"xpath","value":"//bdi[contains(text(), \"Save\")]"}
COMMAND: POST /session/284f745c9598ec68bd9714133dfb15c1/element/f.D1CCE01D0E1637D613899A63103EEE24.d.D8EC8FE46B1B357F903CF2935E1E996D.e.7655/click - {}
RESULT: {}
COMMAND: GET /session/284f745c9598ec68bd9714133dfb15c1/screenshot - {}
RESULT: {}
COMMAND: POST /session/284f745c9598ec68bd9714133dfb15c1/element - {"using":"xpath","value":"(//div[contains(@data-kt ,\"characteristicsObjectStatus\")])[2]"}
RESULT: {"using":"xpath","value":"(//div[contains(@data-kt ,\"characteristicsObjectStatus\")])[2]"}
COMMAND: POST /session/284f745c9598ec68bd9714133dfb15c1/element/f.D1CCE01D0E1637D613899A63103EEE24.d.D8EC8FE46B1B357F903CF2935E1E996D.e.7659/click - {}
RESULT: {}
COMMAND: GET /session/284f745c9598ec68bd9714133dfb15c1/screenshot - {}
RESULT: {}
COMMAND: POST /session/284f745c9598ec68bd9714133dfb15c1/element - {"using":"xpath","value":"//input[contains(@id ,\"costObjectAdminTypeComboBox-inner\")]"}
RESULT: {"using":"xpath","value":"//input[contains(@id ,\"costObjectAdminTypeComboBox-inner\")]"}
COMMAND: POST /session/284f745c9598ec68bd9714133dfb15c1/element/f.D1CCE01D0E1637D613899A63103EEE24.d.D8EC8FE46B1B357F903CF2935E1E996D.e.7677/clear - {}
RESULT: {}
COMMAND: POST /session/284f745c9598ec68bd9714133dfb15c1/element/f.D1CCE01D0E1637D613899A63103EEE24.d.D8EC8FE46B1B357F903CF2935E1E996D.e.7677/value - {"text":"Cost Center"}
COMMAND: GET /session/284f745c9598ec68bd9714133dfb15c1/screenshot - {}
RESULT: {"text":"Cost Center"}
COMMAND: GET /session/284f745c9598ec68bd9714133dfb15c1/screenshot - {}
RESULT: {}
RESULT: {}
COMMAND: POST /session/284f745c9598ec68bd9714133dfb15c1/actions - {"actions":[{"id":"action20","type":"key","parameters":{},"actions":[{"type":"keyDown","value":""},{"type":"pause","duration":10},{"type":"keyUp","value":""}]}]}
RESULT: {"actions":[{"id":"action20","type":"key","parameters":{},"actions":[{"type":"keyDown","value":""},{"type":"pause","duration":10},{"type":"keyUp","value":""}]}]}
COMMAND: GET /session/284f745c9598ec68bd9714133dfb15c1/screenshot - {}
RESULT: {}
COMMAND: POST /session/284f745c9598ec68bd9714133dfb15c1/element - {"using":"xpath","value":"//input[contains(@id ,\"costObjectIdComboBox-inner\")]"}
RESULT: {"using":"xpath","value":"//input[contains(@id ,\"costObjectIdComboBox-inner\")]"}
COMMAND: POST /session/284f745c9598ec68bd9714133dfb15c1/element/f.D1CCE01D0E1637D613899A63103EEE24.d.D8EC8FE46B1B357F903CF2935E1E996D.e.7687/clear - {}
RESULT: {}
COMMAND: POST /session/284f745c9598ec68bd9714133dfb15c1/element/f.D1CCE01D0E1637D613899A63103EEE24.d.D8EC8FE46B1B357F903CF2935E1E996D.e.7687/value - {"text":"Vigra"}
COMMAND: GET /session/284f745c9598ec68bd9714133dfb15c1/screenshot - {}
RESULT: {"text":"Vigra"}
COMMAND: GET /session/284f745c9598ec68bd9714133dfb15c1/screenshot - {}
RESULT: {}
COMMAND: POST /session/284f745c9598ec68bd9714133dfb15c1/actions - {"actions":[{"id":"action21","type":"key","parameters":{},"actions":[{"type":"keyDown","value":""},{"type":"pause","duration":10},{"type":"keyUp","value":""}]}]}
RESULT: {}
RESULT: {"actions":[{"id":"action21","type":"key","parameters":{},"actions":[{"type":"keyDown","value":""},{"type":"pause","duration":10},{"type":"keyUp","value":""}]}]}
COMMAND: GET /session/284f745c9598ec68bd9714133dfb15c1/screenshot - {}
RESULT: {}
COMMAND: POST /session/284f745c9598ec68bd9714133dfb15c1/element - {"using":"xpath","value":"//bdi[contains(text(), \"Save\")]"}
RESULT: {"using":"xpath","value":"//bdi[contains(text(), \"Save\")]"}
COMMAND: POST /session/284f745c9598ec68bd9714133dfb15c1/element/f.D1CCE01D0E1637D613899A63103EEE24.d.D8EC8FE46B1B357F903CF2935E1E996D.e.7692/click - {}
RESULT: {}
COMMAND: GET /session/284f745c9598ec68bd9714133dfb15c1/screenshot - {}
RESULT: {}
COMMAND: POST /session/284f745c9598ec68bd9714133dfb15c1/element - {"using":"xpath","value":"(//header/div[1]/div[3]/div/span)[1]"}
RESULT: {"using":"xpath","value":"(//header/div[1]/div[3]/div/span)[1]"}
COMMAND: POST /session/284f745c9598ec68bd9714133dfb15c1/execute/sync - {"script":"<script> [149 bytes]","args":[{"element-6066-11e4-a52e-4f735466cecf":"f.D1CCE01D0E1637D613899A63103EEE24.d.D8EC8FE46B1B357F903CF2935E1E996D.e.7696","ELEMENT":"f.D1CCE01D0E1637D613899A63103EEE24.d.D8EC8FE46B1B357F903CF2935E1E996D.e.7696"},false]}
RESULT: {"script":"<script> [149 bytes]","args":[{"element-6066-11e4-a52e-4f735466cecf":"f.D1CCE01D0E1637D613899A63103EEE24.d.D8EC8FE46B1B357F903CF2935E1E996D.e.7696","ELEMENT":"f.D1CCE01D0E1637D613899A63103EEE24.d.D8EC8FE46B1B357F903CF2935E1E996D.e.7696"},false]}
COMMAND: POST /session/284f745c9598ec68bd9714133dfb15c1/execute/async - {"script":"<script> [1562 bytes]","args":[{"selector":{"id":"pickUpSwitchHeader","viewName":"etm.portal.ui.webshop.view.RequestDetail","interaction":{"idSuffix":"textoff"}},"wdio_ui5_key":"pickUpSwitchHeaderetmportal.ui.webshop.view.RequestDetail"}]}
COMMAND: GET /session/284f745c9598ec68bd9714133dfb15c1/screenshot - {}
RESULT: {"script":"<script> [1562 bytes]","args":[{"selector":{"id":"pickUpSwitchHeader","viewName":"etm.portal.ui.webshop.view.RequestDetail","interaction":{"idSuffix":"textoff"}},"wdio_ui5_key":"pickUpSwitchHeaderetmportal.ui.webshop.view.RequestDetail"}]}
RESULT: undefined
COMMAND: POST /session/284f745c9598ec68bd9714133dfb15c1/element - {"using":"xpath","value":"//*[@id=\"__xmlview76--pickUpSwitchHeader\"]"}
RESULT: {}
RESULT: {"using":"xpath","value":"//*[@id=\"__xmlview76--pickUpSwitchHeader\"]"}
COMMAND: POST /session/284f745c9598ec68bd9714133dfb15c1/element/f.D1CCE01D0E1637D613899A63103EEE24.d.D8EC8FE46B1B357F903CF2935E1E996D.e.7698/click - {}
RESULT: {}
COMMAND: GET /session/284f745c9598ec68bd9714133dfb15c1/screenshot - {}
RESULT: {}
COMMAND: POST /session/284f745c9598ec68bd9714133dfb15c1/execute/async - {"script":"<script> [1562 bytes]","args":[{"selector":{"controlType":"sap.m.Button","viewName":"etm.portal.ui.webshop.view.RequestDetail","bindingPath":{"path":"/RequestItems(REQUEST='20157',ITEM=10m)","propertyPath":"STATUS"}},"wdio_ui5_key":"etmportal.ui.webshop.view.RequestDetailsap.m.Button{\"path\":\"/RequestItems(REQUEST='20157',ITEM=10m)\",\"propertyPath\":\"STATUS\"}"}]}
RESULT: {"script":"<script> [1562 bytes]","args":[{"selector":{"controlType":"sap.m.Button","viewName":"etm.portal.ui.webshop.view.RequestDetail","bindingPath":{"path":"/RequestItems(REQUEST='20157',ITEM=10m)","propertyPath":"STATUS"}},"wdio_ui5_key":"etmportal.ui.webshop.view.RequestDetailsap.m.Button{\"path\":\"/RequestItems(REQUEST='20157',ITEM=10m)\",\"propertyPath\":\"STATUS\"}"}]}
RESULT: undefined
COMMAND: POST /session/284f745c9598ec68bd9714133dfb15c1/execute/async - {"script":"<script> [6424 bytes]","args":[{"element-6066-11e4-a52e-4f735466cecf":"f.D1CCE01D0E1637D613899A63103EEE24.d.D8EC8FE46B1B357F903CF2935E1E996D.e.7702"},"getType",[]]}
RESULT: {"script":"<script> [6424 bytes]","args":[{"element-6066-11e4-a52e-4f735466cecf":"f.D1CCE01D0E1637D613899A63103EEE24.d.D8EC8FE46B1B357F903CF2935E1E996D.e.7702"},"getType",[]]}
COMMAND: POST /session/284f745c9598ec68bd9714133dfb15c1/execute/async - {"script":"<script> [1562 bytes]","args":[{"selector":{"controlType":"sap.m.Button","viewName":"etm.portal.ui.webshop.view.RequestDetail","bindingPath":{"path":"/RequestItems(REQUEST='20157',ITEM=20m)","propertyPath":"STATUS"}},"wdio_ui5_key":"etmportal.ui.webshop.view.RequestDetailsap.m.Button{\"path\":\"/RequestItems(REQUEST='20157',ITEM=20m)\",\"propertyPath\":\"STATUS\"}"}]}
RESULT: {"script":"<script> [1562 bytes]","args":[{"selector":{"controlType":"sap.m.Button","viewName":"etm.portal.ui.webshop.view.RequestDetail","bindingPath":{"path":"/RequestItems(REQUEST='20157',ITEM=20m)","propertyPath":"STATUS"}},"wdio_ui5_key":"etmportal.ui.webshop.view.RequestDetailsap.m.Button{\"path\":\"/RequestItems(REQUEST='20157',ITEM=20m)\",\"propertyPath\":\"STATUS\"}"}]}
RESULT: undefined
COMMAND: POST /session/284f745c9598ec68bd9714133dfb15c1/execute/async - {"script":"<script> [6424 bytes]","args":[{"element-6066-11e4-a52e-4f735466cecf":"f.D1CCE01D0E1637D613899A63103EEE24.d.D8EC8FE46B1B357F903CF2935E1E996D.e.7703"},"getType",[]]}
RESULT: {"script":"<script> [6424 bytes]","args":[{"element-6066-11e4-a52e-4f735466cecf":"f.D1CCE01D0E1637D613899A63103EEE24.d.D8EC8FE46B1B357F903CF2935E1E996D.e.7703"},"getType",[]]}
RESULT: undefined
COMMAND: POST /session/284f745c9598ec68bd9714133dfb15c1/element - {"using":"xpath","value":"//*[@id=\"__xmlview76--pickUpItemButton-__clone23850\"]"}
RESULT: {"using":"xpath","value":"//*[@id=\"__xmlview76--pickUpItemButton-__clone23850\"]"}
COMMAND: POST /session/284f745c9598ec68bd9714133dfb15c1/element/f.D1CCE01D0E1637D613899A63103EEE24.d.D8EC8FE46B1B357F903CF2935E1E996D.e.7702/click - {}
RESULT: {}
COMMAND: GET /session/284f745c9598ec68bd9714133dfb15c1/screenshot - {}
RESULT: {}
COMMAND: POST /session/284f745c9598ec68bd9714133dfb15c1/element - {"using":"xpath","value":"//span[contains(@class ,\"sapMBtnInner sapMBtnHoverable sapMFocusable sapMBtnText sapMBtnDefault\")][contains(@id ,\"pickUpItemButton\")]"}
RESULT: {"using":"xpath","value":"//span[contains(@class ,\"sapMBtnInner sapMBtnHoverable sapMFocusable sapMBtnText sapMBtnDefault\")][contains(@id ,\"pickUpItemButton\")]"}
COMMAND: POST /session/284f745c9598ec68bd9714133dfb15c1/execute/sync - {"script":"<script> [8489 bytes]","args":[{"element-6066-11e4-a52e-4f735466cecf":"f.D1CCE01D0E1637D613899A63103EEE24.d.D8EC8FE46B1B357F903CF2935E1E996D.e.7704","ELEMENT":"f.D1CCE01D0E1637D613899A63103EEE24.d.D8EC8FE46B1B357F903CF2935E1E996D.e.7704"}]}
RESULT: undefined
COMMAND: POST /session/284f745c9598ec68bd9714133dfb15c1/execute/async - {"script":"<script> [6424 bytes]","args":[{"element-6066-11e4-a52e-4f735466cecf":"f.D1CCE01D0E1637D613899A63103EEE24.d.D8EC8FE46B1B357F903CF2935E1E996D.e.7697"},"getState",[]]}
RESULT: {"script":"<script> [6424 bytes]","args":[{"element-6066-11e4-a52e-4f735466cecf":"f.D1CCE01D0E1637D613899A63103EEE24.d.D8EC8FE46B1B357F903CF2935E1E996D.e.7697"},"getState",[]]}
COMMAND: POST /session/284f745c9598ec68bd9714133dfb15c1/execute/async - {"script":"<script> [1562 bytes]","args":[{"selector":{"id":"editRequest","viewName":"etm.portal.ui.webshop.view.RequestDetail","interaction":{"idSuffix":"BDI-content"}},"wdio_ui5_key":"editRequestetmportal.ui.webshop.view.RequestDetail"}]}
RESULT: {"script":"<script> [8489 bytes]","args":[{"element-6066-11e4-a52e-4f735466cecf":"f.D1CCE01D0E1637D613899A63103EEE24.d.D8EC8FE46B1B357F903CF2935E1E996D.e.7704","ELEMENT":"f.D1CCE01D0E1637D613899A63103EEE24.d.D8EC8FE46B1B357F903CF2935E1E996D.e.7704"}]}
COMMAND: GET /session/284f745c9598ec68bd9714133dfb15c1/screenshot - {}
RESULT: {"script":"<script> [1562 bytes]","args":[{"selector":{"id":"editRequest","viewName":"etm.portal.ui.webshop.view.RequestDetail","interaction":{"idSuffix":"BDI-content"}},"wdio_ui5_key":"editRequestetmportal.ui.webshop.view.RequestDetail"}]}
RESULT: undefined
COMMAND: POST /session/284f745c9598ec68bd9714133dfb15c1/element - {"using":"xpath","value":"//*[@id=\"__xmlview76--editRequest\"]"}
COMMAND: POST /session/284f745c9598ec68bd9714133dfb15c1/execute/sync - {"script":"<script> [8489 bytes]","args":[{"element-6066-11e4-a52e-4f735466cecf":"f.D1CCE01D0E1637D613899A63103EEE24.d.D8EC8FE46B1B357F903CF2935E1E996D.e.7704","ELEMENT":"f.D1CCE01D0E1637D613899A63103EEE24.d.D8EC8FE46B1B357F903CF2935E1E996D.e.7704"}]}
RESULT: {}
RESULT: {"using":"xpath","value":"//*[@id=\"__xmlview76--editRequest\"]"}
COMMAND: POST /session/284f745c9598ec68bd9714133dfb15c1/element/f.D1CCE01D0E1637D613899A63103EEE24.d.D8EC8FE46B1B357F903CF2935E1E996D.e.7706/click - {}
RESULT: {"script":"<script> [8489 bytes]","args":[{"element-6066-11e4-a52e-4f735466cecf":"f.D1CCE01D0E1637D613899A63103EEE24.d.D8EC8FE46B1B357F903CF2935E1E996D.e.7704","ELEMENT":"f.D1CCE01D0E1637D613899A63103EEE24.d.D8EC8FE46B1B357F903CF2935E1E996D.e.7704"}]}
COMMAND: GET /session/284f745c9598ec68bd9714133dfb15c1/screenshot - {}
RESULT: {}
COMMAND: GET /session/284f745c9598ec68bd9714133dfb15c1/screenshot - {}
COMMAND: POST /session/284f745c9598ec68bd9714133dfb15c1/execute/sync - {"script":"<script> [8489 bytes]","args":[{"element-6066-11e4-a52e-4f735466cecf":"f.D1CCE01D0E1637D613899A63103EEE24.d.D8EC8FE46B1B357F903CF2935E1E996D.e.7704","ELEMENT":"f.D1CCE01D0E1637D613899A63103EEE24.d.D8EC8FE46B1B357F903CF2935E1E996D.e.7704"}]}
RESULT: {}
RESULT: {}
RESULT: {"script":"<script> [8489 bytes]","args":[{"element-6066-11e4-a52e-4f735466cecf":"f.D1CCE01D0E1637D613899A63103EEE24.d.D8EC8FE46B1B357F903CF2935E1E996D.e.7704","ELEMENT":"f.D1CCE01D0E1637D613899A63103EEE24.d.D8EC8FE46B1B357F903CF2935E1E996D.e.7704"}]}
COMMAND: GET /session/284f745c9598ec68bd9714133dfb15c1/screenshot - {}
RESULT: {}
COMMAND: POST /session/284f745c9598ec68bd9714133dfb15c1/execute/sync - {"script":"<script> [8489 bytes]","args":[{"element-6066-11e4-a52e-4f735466cecf":"f.D1CCE01D0E1637D613899A63103EEE24.d.D8EC8FE46B1B357F903CF2935E1E996D.e.7704","ELEMENT":"f.D1CCE01D0E1637D613899A63103EEE24.d.D8EC8FE46B1B357F903CF2935E1E996D.e.7704"}]}
RESULT: {"script":"<script> [8489 bytes]","args":[{"element-6066-11e4-a52e-4f735466cecf":"f.D1CCE01D0E1637D613899A63103EEE24.d.D8EC8FE46B1B357F903CF2935E1E996D.e.7704","ELEMENT":"f.D1CCE01D0E1637D613899A63103EEE24.d.D8EC8FE46B1B357F903CF2935E1E996D.e.7704"}]}
COMMAND: GET /session/284f745c9598ec68bd9714133dfb15c1/screenshot - {}
COMMAND: POST /session/284f745c9598ec68bd9714133dfb15c1/execute/sync - {"script":"<script> [8489 bytes]","args":[{"element-6066-11e4-a52e-4f735466cecf":"f.D1CCE01D0E1637D613899A63103EEE24.d.D8EC8FE46B1B357F903CF2935E1E996D.e.7704","ELEMENT":"f.D1CCE01D0E1637D613899A63103EEE24.d.D8EC8FE46B1B357F903CF2935E1E996D.e.7704"}]}
RESULT: {}
RESULT: {"script":"<script> [8489 bytes]","args":[{"element-6066-11e4-a52e-4f735466cecf":"f.D1CCE01D0E1637D613899A63103EEE24.d.D8EC8FE46B1B357F903CF2935E1E996D.e.7704","ELEMENT":"f.D1CCE01D0E1637D613899A63103EEE24.d.D8EC8FE46B1B357F903CF2935E1E996D.e.7704"}]}
COMMAND: GET /session/284f745c9598ec68bd9714133dfb15c1/screenshot - {}
RESULT: {}
COMMAND: POST /session/284f745c9598ec68bd9714133dfb15c1/element - {"using":"xpath","value":"//input[contains(@id ,\"startDate\")]"}
RESULT: {"using":"xpath","value":"//input[contains(@id ,\"startDate\")]"}
COMMAND: POST /session/284f745c9598ec68bd9714133dfb15c1/element/f.D1CCE01D0E1637D613899A63103EEE24.d.D8EC8FE46B1B357F903CF2935E1E996D.e.7720/click - {}
RESULT: {}
COMMAND: POST /session/284f745c9598ec68bd9714133dfb15c1/actions - {"actions":[{"id":"action22","type":"key","parameters":{},"actions":[{"type":"keyDown","value":""},{"type":"keyDown","value":"a"},{"type":"pause","duration":10},{"type":"keyUp","value":""},{"type":"keyUp","value":"a"}]}]}
COMMAND: GET /session/284f745c9598ec68bd9714133dfb15c1/screenshot - {}
RESULT: {"actions":[{"id":"action22","type":"key","parameters":{},"actions":[{"type":"keyDown","value":""},{"type":"keyDown","value":"a"},{"type":"pause","duration":10},{"type":"keyUp","value":""},{"type":"keyUp","value":"a"}]}]}
COMMAND: POST /session/284f745c9598ec68bd9714133dfb15c1/actions - {"actions":[{"id":"action23","type":"key","parameters":{},"actions":[{"type":"keyDown","value":""},{"type":"pause","duration":10},{"type":"keyUp","value":""}]}]}
COMMAND: GET /session/284f745c9598ec68bd9714133dfb15c1/screenshot - {}
RESULT: {}
RESULT: {"actions":[{"id":"action23","type":"key","parameters":{},"actions":[{"type":"keyDown","value":""},{"type":"pause","duration":10},{"type":"keyUp","value":""}]}]}
COMMAND: GET /session/284f745c9598ec68bd9714133dfb15c1/screenshot - {}
RESULT: {}
RESULT: {}
COMMAND: POST /session/284f745c9598ec68bd9714133dfb15c1/element/f.D1CCE01D0E1637D613899A63103EEE24.d.D8EC8FE46B1B357F903CF2935E1E996D.e.7720/clear - {}
RESULT: {}
COMMAND: POST /session/284f745c9598ec68bd9714133dfb15c1/element/f.D1CCE01D0E1637D613899A63103EEE24.d.D8EC8FE46B1B357F903CF2935E1E996D.e.7720/value - {"text":"6/4/25"}
COMMAND: GET /session/284f745c9598ec68bd9714133dfb15c1/screenshot - {}
RESULT: {"text":"6/4/25"}
COMMAND: POST /session/284f745c9598ec68bd9714133dfb15c1/actions - {"actions":[{"id":"action24","type":"key","parameters":{},"actions":[{"type":"keyDown","value":""},{"type":"pause","duration":10},{"type":"keyUp","value":""}]}]}
COMMAND: GET /session/284f745c9598ec68bd9714133dfb15c1/screenshot - {}
RESULT: {}
RESULT: {"actions":[{"id":"action24","type":"key","parameters":{},"actions":[{"type":"keyDown","value":""},{"type":"pause","duration":10},{"type":"keyUp","value":""}]}]}
COMMAND: GET /session/284f745c9598ec68bd9714133dfb15c1/screenshot - {}
RESULT: {}
RESULT: {}
COMMAND: POST /session/284f745c9598ec68bd9714133dfb15c1/element - {"using":"xpath","value":"//input[contains(@id ,\"endDate\")]"}
RESULT: {"using":"xpath","value":"//input[contains(@id ,\"endDate\")]"}
COMMAND: GET /session/284f745c9598ec68bd9714133dfb15c1/element/f.D1CCE01D0E1637D613899A63103EEE24.d.D8EC8FE46B1B357F903CF2935E1E996D.e.7723/property/value - {}
RESULT: {}
COMMAND: POST /session/284f745c9598ec68bd9714133dfb15c1/execute/async - {"script":"<script> [1562 bytes]","args":[{"selector":{"controlType":"sap.ui.core.Icon","viewName":"etm.portal.ui.webshop.view.RequestEdit","properties":{"src":{"regex":{"source":"action\\-settings"}}}},"wdio_ui5_key":"etmportal.ui.webshop.view.RequestEditsap.ui.core.Icon{\"src\":{\"regex\":{\"source\":\"action\\\\-settings\"}}}"}]}
COMMAND: GET /session/284f745c9598ec68bd9714133dfb15c1/screenshot - {}
RESULT: {"script":"<script> [1562 bytes]","args":[{"selector":{"controlType":"sap.ui.core.Icon","viewName":"etm.portal.ui.webshop.view.RequestEdit","properties":{"src":{"regex":{"source":"action\\-settings"}}}},"wdio_ui5_key":"etmportal.ui.webshop.view.RequestEditsap.ui.core.Icon{\"src\":{\"regex\":{\"source\":\"action\\\\-settings\"}}}"}]}
RESULT: undefined
COMMAND: POST /session/284f745c9598ec68bd9714133dfb15c1/element - {"using":"xpath","value":"//*[@id=\"__xmlview77--smartTable-btnPersonalisation-img\"]"}
RESULT: {}
RESULT: {"using":"xpath","value":"//*[@id=\"__xmlview77--smartTable-btnPersonalisation-img\"]"}
COMMAND: POST /session/284f745c9598ec68bd9714133dfb15c1/element/f.D1CCE01D0E1637D613899A63103EEE24.d.D8EC8FE46B1B357F903CF2935E1E996D.e.7753/click - {}
RESULT: {}
COMMAND: POST /session/284f745c9598ec68bd9714133dfb15c1/element - {"using":"xpath","value":"//input[contains(@id ,\"searchField-I\")]"}
COMMAND: GET /session/284f745c9598ec68bd9714133dfb15c1/screenshot - {}
RESULT: {"using":"xpath","value":"//input[contains(@id ,\"searchField-I\")]"}
COMMAND: POST /session/284f745c9598ec68bd9714133dfb15c1/element/f.D1CCE01D0E1637D613899A63103EEE24.d.D8EC8FE46B1B357F903CF2935E1E996D.e.7759/clear - {}
RESULT: {}
RESULT: {}
COMMAND: POST /session/284f745c9598ec68bd9714133dfb15c1/element/f.D1CCE01D0E1637D613899A63103EEE24.d.D8EC8FE46B1B357F903CF2935E1E996D.e.7759/value - {"text":"time"}
COMMAND: GET /session/284f745c9598ec68bd9714133dfb15c1/screenshot - {}
RESULT: {"text":"time"}
COMMAND: GET /session/284f745c9598ec68bd9714133dfb15c1/screenshot - {}
RESULT: {}
RESULT: {}
COMMAND: POST /session/284f745c9598ec68bd9714133dfb15c1/element - {"using":"xpath","value":"//div[contains(@id ,\"innerSelectionPanelTable-sa-CbBg\")]"}
RESULT: {"using":"xpath","value":"//div[contains(@id ,\"innerSelectionPanelTable-sa-CbBg\")]"}
COMMAND: POST /session/284f745c9598ec68bd9714133dfb15c1/element/f.D1CCE01D0E1637D613899A63103EEE24.d.D8EC8FE46B1B357F903CF2935E1E996D.e.7781/click - {}
RESULT: {}
COMMAND: POST /session/284f745c9598ec68bd9714133dfb15c1/element - {"using":"xpath","value":"//bdi[contains(text(), \"OK\")]"}
COMMAND: GET /session/284f745c9598ec68bd9714133dfb15c1/screenshot - {}
RESULT: {"using":"xpath","value":"//bdi[contains(text(), \"OK\")]"}
COMMAND: POST /session/284f745c9598ec68bd9714133dfb15c1/element/f.D1CCE01D0E1637D613899A63103EEE24.d.D8EC8FE46B1B357F903CF2935E1E996D.e.7782/click - {}
RESULT: {}
RESULT: {}
COMMAND: GET /session/284f745c9598ec68bd9714133dfb15c1/screenshot - {}
RESULT: {}
COMMAND: POST /session/284f745c9598ec68bd9714133dfb15c1/execute/async - {"script":"<script> [1562 bytes]","args":[{"selector":{"controlType":"sap.m.CheckBox","viewName":"etm.portal.ui.webshop.view.RequestEdit","properties":{"editable":true},"ancestor":{"controlType":"sap.m.ColumnListItem","viewName":"etm.portal.ui.webshop.view.RequestEdit","bindingPath":{"path":"/RequestItems(REQUEST='20157',ITEM=10m)"},"ancestor":{"id":"customTable","viewName":"etm.portal.ui.webshop.view.RequestEdit"}},"interaction":{"idSuffix":"CbBg"}},"wdio_ui5_key":"etmportal.ui.webshop.view.RequestEditsap.m.CheckBox{\"editable\":true}{\"controlType\":\"sap.m.ColumnListItem\",\"viewName\":\"etm.portal.ui.webshop.view.RequestEdit\",\"bindingPath\":{\"path\":\"/RequestItems(REQUEST='20157',ITEM=10m)\"},\"ancestor\":{\"id\":\"customTable\",\"viewName\":\"etm.portal.ui.webshop.view.RequestEdit\"}}"}]}
RESULT: {"script":"<script> [1562 bytes]","args":[{"selector":{"controlType":"sap.m.CheckBox","viewName":"etm.portal.ui.webshop.view.RequestEdit","properties":{"editable":true},"ancestor":{"controlType":"sap.m.ColumnListItem","viewName":"etm.portal.ui.webshop.view.RequestEdit","bindingPath":{"path":"/RequestItems(REQUEST='20157',ITEM=10m)"},"ancestor":{"id":"customTable","viewName":"etm.portal.ui.webshop.view.RequestEdit"}},"interaction":{"idSuffix":"CbBg"}},"wdio_ui5_key":"etmportal.ui.webshop.view.RequestEditsap.m.CheckBox{\"editable\":true}{\"controlType\":\"sap.m.ColumnListItem\",\"viewName\":\"etm.portal.ui.webshop.view.RequestEdit\",\"bindingPath\":{\"path\":\"/RequestItems(REQUEST='20157',ITEM=10m)\"},\"ancestor\":{\"id\":\"customTable\",\"viewName\":\"etm.portal.ui.webshop.view.RequestEdit\"}}"}]}
RESULT: undefined
COMMAND: POST /session/284f745c9598ec68bd9714133dfb15c1/element - {"using":"xpath","value":"//*[@id=\"__item3997-__clone24261-selectMulti\"]"}
RESULT: {"using":"xpath","value":"//*[@id=\"__item3997-__clone24261-selectMulti\"]"}
COMMAND: POST /session/284f745c9598ec68bd9714133dfb15c1/element/f.D1CCE01D0E1637D613899A63103EEE24.d.D8EC8FE46B1B357F903CF2935E1E996D.e.7821/click - {}
RESULT: {}
COMMAND: POST /session/284f745c9598ec68bd9714133dfb15c1/execute/async - {"script":"<script> [1562 bytes]","args":[{"selector":{"controlType":"sap.m.Button","viewName":"etm.portal.ui.webshop.view.RequestEdit","i18NText":{"propertyName":"text","key":"update"},"interaction":{"idSuffix":"BDI-content"}},"wdio_ui5_key":"etmportal.ui.webshop.view.RequestEditsap.m.Button{\"propertyName\":\"text\",\"key\":\"update\"}"}]}
COMMAND: GET /session/284f745c9598ec68bd9714133dfb15c1/screenshot - {}
RESULT: {"script":"<script> [1562 bytes]","args":[{"selector":{"controlType":"sap.m.Button","viewName":"etm.portal.ui.webshop.view.RequestEdit","i18NText":{"propertyName":"text","key":"update"},"interaction":{"idSuffix":"BDI-content"}},"wdio_ui5_key":"etmportal.ui.webshop.view.RequestEditsap.m.Button{\"propertyName\":\"text\",\"key\":\"update\"}"}]}
RESULT: undefined
COMMAND: POST /session/284f745c9598ec68bd9714133dfb15c1/element - {"using":"xpath","value":"//*[@id=\"__button480\"]"}
RESULT: {}
RESULT: {"using":"xpath","value":"//*[@id=\"__button480\"]"}
COMMAND: POST /session/284f745c9598ec68bd9714133dfb15c1/element/f.D1CCE01D0E1637D613899A63103EEE24.d.D8EC8FE46B1B357F903CF2935E1E996D.e.7823/click - {}
RESULT: {}
COMMAND: POST /session/284f745c9598ec68bd9714133dfb15c1/element - {"using":"xpath","value":"(//input[contains(@id ,\"startDateRI\")])[1]"}
COMMAND: GET /session/284f745c9598ec68bd9714133dfb15c1/screenshot - {}
RESULT: {"using":"xpath","value":"(//input[contains(@id ,\"startDateRI\")])[1]"}
COMMAND: GET /session/284f745c9598ec68bd9714133dfb15c1/element/f.D1CCE01D0E1637D613899A63103EEE24.d.D8EC8FE46B1B357F903CF2935E1E996D.e.7810/property/value - {}
RESULT: {}
RESULT: {}
RESULT: undefined
COMMAND: POST /session/284f745c9598ec68bd9714133dfb15c1/element - {"using":"xpath","value":"//*[@id=\"__item3997-__clone24261-selectMulti\"]"}
COMMAND: GET /session/284f745c9598ec68bd9714133dfb15c1/screenshot - {}
RESULT: {"using":"xpath","value":"//*[@id=\"__item3997-__clone24261-selectMulti\"]"}
COMMAND: POST /session/284f745c9598ec68bd9714133dfb15c1/element/f.D1CCE01D0E1637D613899A63103EEE24.d.D8EC8FE46B1B357F903CF2935E1E996D.e.7821/click - {}
RESULT: {}
RESULT: {}
COMMAND: POST /session/284f745c9598ec68bd9714133dfb15c1/execute/async - {"script":"<script> [1562 bytes]","args":[{"selector":{"controlType":"sap.m.CheckBox","viewName":"etm.portal.ui.webshop.view.RequestEdit","properties":{"editable":true},"ancestor":{"controlType":"sap.m.ColumnListItem","viewName":"etm.portal.ui.webshop.view.RequestEdit","bindingPath":{"path":"/RequestItems(REQUEST='20157',ITEM=20m)"},"ancestor":{"id":"customTable","viewName":"etm.portal.ui.webshop.view.RequestEdit"}},"interaction":{"idSuffix":"CbBg"}},"wdio_ui5_key":"etmportal.ui.webshop.view.RequestEditsap.m.CheckBox{\"editable\":true}{\"controlType\":\"sap.m.ColumnListItem\",\"viewName\":\"etm.portal.ui.webshop.view.RequestEdit\",\"bindingPath\":{\"path\":\"/RequestItems(REQUEST='20157',ITEM=20m)\"},\"ancestor\":{\"id\":\"customTable\",\"viewName\":\"etm.portal.ui.webshop.view.RequestEdit\"}}"}]}
COMMAND: GET /session/284f745c9598ec68bd9714133dfb15c1/screenshot - {}
RESULT: {"script":"<script> [1562 bytes]","args":[{"selector":{"controlType":"sap.m.CheckBox","viewName":"etm.portal.ui.webshop.view.RequestEdit","properties":{"editable":true},"ancestor":{"controlType":"sap.m.ColumnListItem","viewName":"etm.portal.ui.webshop.view.RequestEdit","bindingPath":{"path":"/RequestItems(REQUEST='20157',ITEM=20m)"},"ancestor":{"id":"customTable","viewName":"etm.portal.ui.webshop.view.RequestEdit"}},"interaction":{"idSuffix":"CbBg"}},"wdio_ui5_key":"etmportal.ui.webshop.view.RequestEditsap.m.CheckBox{\"editable\":true}{\"controlType\":\"sap.m.ColumnListItem\",\"viewName\":\"etm.portal.ui.webshop.view.RequestEdit\",\"bindingPath\":{\"path\":\"/RequestItems(REQUEST='20157',ITEM=20m)\"},\"ancestor\":{\"id\":\"customTable\",\"viewName\":\"etm.portal.ui.webshop.view.RequestEdit\"}}"}]}
RESULT: undefined
COMMAND: POST /session/284f745c9598ec68bd9714133dfb15c1/element - {"using":"xpath","value":"//*[@id=\"__item3997-__clone24262-selectMulti\"]"}
RESULT: {}
RESULT: {"using":"xpath","value":"//*[@id=\"__item3997-__clone24262-selectMulti\"]"}
COMMAND: POST /session/284f745c9598ec68bd9714133dfb15c1/element/f.D1CCE01D0E1637D613899A63103EEE24.d.D8EC8FE46B1B357F903CF2935E1E996D.e.7826/click - {}
RESULT: {}
COMMAND: POST /session/284f745c9598ec68bd9714133dfb15c1/execute/async - {"script":"<script> [1562 bytes]","args":[{"selector":{"controlType":"sap.ui.core.Icon","viewName":"etm.portal.ui.webshop.view.RequestEdit","properties":{"src":{"regex":{"source":"delete"}}}},"wdio_ui5_key":"etmportal.ui.webshop.view.RequestEditsap.ui.core.Icon{\"src\":{\"regex\":{\"source\":\"delete\"}}}"}]}
COMMAND: GET /session/284f745c9598ec68bd9714133dfb15c1/screenshot - {}
RESULT: {"script":"<script> [1562 bytes]","args":[{"selector":{"controlType":"sap.ui.core.Icon","viewName":"etm.portal.ui.webshop.view.RequestEdit","properties":{"src":{"regex":{"source":"delete"}}}},"wdio_ui5_key":"etmportal.ui.webshop.view.RequestEditsap.ui.core.Icon{\"src\":{\"regex\":{\"source\":\"delete\"}}}"}]}
RESULT: undefined
COMMAND: POST /session/284f745c9598ec68bd9714133dfb15c1/element - {"using":"xpath","value":"//*[@id=\"__xmlview77--deleteItem-img\"]"}
RESULT: {}
RESULT: {"using":"xpath","value":"//*[@id=\"__xmlview77--deleteItem-img\"]"}
COMMAND: POST /session/284f745c9598ec68bd9714133dfb15c1/element/f.D1CCE01D0E1637D613899A63103EEE24.d.D8EC8FE46B1B357F903CF2935E1E996D.e.7827/click - {}
RESULT: {}
COMMAND: GET /session/284f745c9598ec68bd9714133dfb15c1/screenshot - {}
RESULT: {}
COMMAND: POST /session/284f745c9598ec68bd9714133dfb15c1/execute/async - {"script":"<script> [1562 bytes]","args":[{"selector":{"controlType":"sap.m.Button","properties":{"text":"OK"},"searchOpenDialogs":true,"interaction":{"idSuffix":"BDI-content"}},"wdio_ui5_key":"sapm.Button{\"text\":\"OK\"}"}]}
RESULT: {"script":"<script> [1562 bytes]","args":[{"selector":{"controlType":"sap.m.Button","properties":{"text":"OK"},"searchOpenDialogs":true,"interaction":{"idSuffix":"BDI-content"}},"wdio_ui5_key":"sapm.Button{\"text\":\"OK\"}"}]}
RESULT: undefined
COMMAND: POST /session/284f745c9598ec68bd9714133dfb15c1/element - {"using":"xpath","value":"//*[@id=\"__mbox-btn-0\"]"}
RESULT: {"using":"xpath","value":"//*[@id=\"__mbox-btn-0\"]"}
COMMAND: POST /session/284f745c9598ec68bd9714133dfb15c1/element/f.D1CCE01D0E1637D613899A63103EEE24.d.D8EC8FE46B1B357F903CF2935E1E996D.e.7829/click - {}
RESULT: {}
COMMAND: GET /session/284f745c9598ec68bd9714133dfb15c1/screenshot - {}
RESULT: {}
COMMAND: POST /session/284f745c9598ec68bd9714133dfb15c1/execute/async - {"script":"<script> [1562 bytes]","args":[{"selector":{"id":"saveButtonId","viewName":"etm.portal.ui.webshop.view.RequestEdit","interaction":{"idSuffix":"BDI-content"}},"wdio_ui5_key":"saveButtonIdetmportal.ui.webshop.view.RequestEdit"}]}
RESULT: {"script":"<script> [1562 bytes]","args":[{"selector":{"id":"saveButtonId","viewName":"etm.portal.ui.webshop.view.RequestEdit","interaction":{"idSuffix":"BDI-content"}},"wdio_ui5_key":"saveButtonIdetmportal.ui.webshop.view.RequestEdit"}]}
RESULT: undefined
COMMAND: POST /session/284f745c9598ec68bd9714133dfb15c1/element - {"using":"xpath","value":"//*[@id=\"__xmlview77--saveButtonId\"]"}
RESULT: {"using":"xpath","value":"//*[@id=\"__xmlview77--saveButtonId\"]"}
COMMAND: POST /session/284f745c9598ec68bd9714133dfb15c1/element/f.D1CCE01D0E1637D613899A63103EEE24.d.D8EC8FE46B1B357F903CF2935E1E996D.e.7837/click - {}
RESULT: {}
COMMAND: GET /session/284f745c9598ec68bd9714133dfb15c1/screenshot - {}
RESULT: {}
COMMAND: POST /session/284f745c9598ec68bd9714133dfb15c1/execute/async - {"script":"<script> [1562 bytes]","args":[{"selector":{"controlType":"sap.m.Title","viewName":"etm.portal.ui.webshop.view.RequestDetail","properties":{"text":"Items (1)"}},"wdio_ui5_key":"etmportal.ui.webshop.view.RequestDetailsap.m.Title{\"text\":\"Items (1)\"}"}]}
RESULT: {"script":"<script> [1562 bytes]","args":[{"selector":{"controlType":"sap.m.Title","viewName":"etm.portal.ui.webshop.view.RequestDetail","properties":{"text":"Items (1)"}},"wdio_ui5_key":"etmportal.ui.webshop.view.RequestDetailsap.m.Title{\"text\":\"Items (1)\"}"}]}
RESULT: undefined
COMMAND: POST /session/284f745c9598ec68bd9714133dfb15c1/execute/async - {"script":"<script> [6424 bytes]","args":[{"element-6066-11e4-a52e-4f735466cecf":"f.D1CCE01D0E1637D613899A63103EEE24.d.D8EC8FE46B1B357F903CF2935E1E996D.e.7862"},"getText",[]]}
RESULT: {"script":"<script> [6424 bytes]","args":[{"element-6066-11e4-a52e-4f735466cecf":"f.D1CCE01D0E1637D613899A63103EEE24.d.D8EC8FE46B1B357F903CF2935E1E996D.e.7862"},"getText",[]]}
COMMAND: POST /session/284f745c9598ec68bd9714133dfb15c1/execute/async - {"script":"<script> [1562 bytes]","args":[{"selector":{"controlType":"sap.m.Text","viewName":"etm.portal.ui.webshop.view.RequestDetail","bindingPath":{"path":"/RequestHeaders(NO='20157')","propertyPath":"END_DATE","modelName":"catalogModel"}},"wdio_ui5_key":"etmportal.ui.webshop.view.RequestDetailsap.m.Text{\"path\":\"/RequestHeaders(NO='20157')\",\"propertyPath\":\"END_DATE\",\"modelName\":\"catalogModel\"}"}]}
RESULT: {"script":"<script> [1562 bytes]","args":[{"selector":{"controlType":"sap.m.Text","viewName":"etm.portal.ui.webshop.view.RequestDetail","bindingPath":{"path":"/RequestHeaders(NO='20157')","propertyPath":"END_DATE","modelName":"catalogModel"}},"wdio_ui5_key":"etmportal.ui.webshop.view.RequestDetailsap.m.Text{\"path\":\"/RequestHeaders(NO='20157')\",\"propertyPath\":\"END_DATE\",\"modelName\":\"catalogModel\"}"}]}
RESULT: undefined
COMMAND: POST /session/284f745c9598ec68bd9714133dfb15c1/execute/async - {"script":"<script> [1562 bytes]","args":[{"selector":{"controlType":"sap.m.Text","viewName":"etm.portal.ui.webshop.view.RequestDetail","bindingPath":{"path":"/RequestHeaders(NO='20157')","propertyPath":"START_DATE","modelName":"catalogModel"}},"wdio_ui5_key":"etmportal.ui.webshop.view.RequestDetailsap.m.Text{\"path\":\"/RequestHeaders(NO='20157')\",\"propertyPath\":\"START_DATE\",\"modelName\":\"catalogModel\"}"}]}
RESULT: {"script":"<script> [1562 bytes]","args":[{"selector":{"controlType":"sap.m.Text","viewName":"etm.portal.ui.webshop.view.RequestDetail","bindingPath":{"path":"/RequestHeaders(NO='20157')","propertyPath":"START_DATE","modelName":"catalogModel"}},"wdio_ui5_key":"etmportal.ui.webshop.view.RequestDetailsap.m.Text{\"path\":\"/RequestHeaders(NO='20157')\",\"propertyPath\":\"START_DATE\",\"modelName\":\"catalogModel\"}"}]}
RESULT: undefined
COMMAND: POST /session/284f745c9598ec68bd9714133dfb15c1/execute/async - {"script":"<script> [6424 bytes]","args":[{"element-6066-11e4-a52e-4f735466cecf":"f.D1CCE01D0E1637D613899A63103EEE24.d.D8EC8FE46B1B357F903CF2935E1E996D.e.7864"},"getText",[]]}
RESULT: {"script":"<script> [6424 bytes]","args":[{"element-6066-11e4-a52e-4f735466cecf":"f.D1CCE01D0E1637D613899A63103EEE24.d.D8EC8FE46B1B357F903CF2935E1E996D.e.7864"},"getText",[]]}
RESULT: undefined
COMMAND: POST /session/284f745c9598ec68bd9714133dfb15c1/execute/async - {"script":"<script> [6424 bytes]","args":[{"element-6066-11e4-a52e-4f735466cecf":"f.D1CCE01D0E1637D613899A63103EEE24.d.D8EC8FE46B1B357F903CF2935E1E996D.e.7863"},"getText",[]]}
RESULT: {"script":"<script> [6424 bytes]","args":[{"element-6066-11e4-a52e-4f735466cecf":"f.D1CCE01D0E1637D613899A63103EEE24.d.D8EC8FE46B1B357F903CF2935E1E996D.e.7863"},"getText",[]]}
COMMAND: POST /session/284f745c9598ec68bd9714133dfb15c1/refresh - {}
RESULT: {}
COMMAND: GET /session/284f745c9598ec68bd9714133dfb15c1/screenshot - {}
RESULT: {}
COMMAND: POST /session/284f745c9598ec68bd9714133dfb15c1/execute/async - {"script":"<script> [189 bytes]","args":[]}
RESULT: {"script":"<script> [189 bytes]","args":[]}
COMMAND: POST /session/284f745c9598ec68bd9714133dfb15c1/execute/async - {"script":"<script> [123 bytes]","args":[]}
RESULT: {"script":"<script> [123 bytes]","args":[]}
COMMAND: POST /session/284f745c9598ec68bd9714133dfb15c1/timeouts - {"script":"<number>"}
RESULT: {"script":"<number>"}
COMMAND: GET /session/284f745c9598ec68bd9714133dfb15c1/timeouts - {}
RESULT: {}
RESULT: undefined
COMMAND: POST /session/284f745c9598ec68bd9714133dfb15c1/execute/async - {"script":"<script> [2676 bytes]","args":[]}
RESULT: {"script":"<script> [2676 bytes]","args":[]}
COMMAND: POST /session/284f745c9598ec68bd9714133dfb15c1/execute/async - {"script":"<script> [2342 bytes]","args":[{"protocol":"http","hostname":"0.0.0.0","path":"/","capabilities":{"browserName":"chrome","goog:chromeOptions":{"binary":"C:\\Program Files\\Google\\Chrome\\Application\\chrome.exe","args":["--start-maximized"]}},"logLevel":"warn","connectionRetryTimeout":120000,"connectionRetryCount":3,"logLevels":{},"enableDirectConnect":true,"strictSSL":true,"_":"65 more keys: [\"cacheDir\",\"port\",\"requestedCapabilities\",\"automationProtocol\",\"baseUrl\",\"waitforInterval\",\"waitforTimeout\",\"onReload\",\"beforeCommand\",\"afterCommand\",\"rootDir\",\"specs\",\"suites\",\"exclude\",\"groupLogsByTestSpec\",\"excludeDriverLogs\",\"bail\",\"framework\",\"reporters\",\"services\",\"maxInstances\",\"maxInstancesPerCapability\",\"injectGlobals\",\"filesToWatch\",\"execArgv\",\"runnerEnv\",\"runner\",\"shard\",\"specFileRetries\",\"specFileRetriesDelay\",\"specFileRetriesDeferred\",\"reporterSyncInterval\",\"reporterSyncTimeout\",\"cucumberFeaturesWithLineNumbers\",\"autoCompileOpts\",\"mochaOpts\",\"jasmineOpts\",\"cucumberOpts\",\"onPrepare\",\"onWorkerStart\",\"onWorkerEnd\",\"before\",\"beforeSession\",\"beforeSuite\",\"beforeHook\",\"beforeTest\",\"afterTest\",\"afterHook\",\"afterSuite\",\"afterSession\",\"after\",\"onComplete\",\"beforeAssertion\",\"afterAssertion\",\"beforeFeature\",\"beforeScenario\",\"beforeStep\",\"afterStep\",\"afterScenario\",\"afterFeature\",\"_\",\"suite\",\"$0\",\"ignoredWorkerServices\",\"wdi5\"]"}]}
RESULT: {"script":"<script> [2342 bytes]","args":[{"protocol":"http","hostname":"0.0.0.0","path":"/","capabilities":{"browserName":"chrome","goog:chromeOptions":{"binary":"C:\\Program Files\\Google\\Chrome\\Application\\chrome.exe","args":["--start-maximized"]}},"logLevel":"warn","connectionRetryTimeout":120000,"connectionRetryCount":3,"logLevels":{},"enableDirectConnect":true,"strictSSL":true,"_":"65 more keys: [\"cacheDir\",\"port\",\"requestedCapabilities\",\"automationProtocol\",\"baseUrl\",\"waitforInterval\",\"waitforTimeout\",\"onReload\",\"beforeCommand\",\"afterCommand\",\"rootDir\",\"specs\",\"suites\",\"exclude\",\"groupLogsByTestSpec\",\"excludeDriverLogs\",\"bail\",\"framework\",\"reporters\",\"services\",\"maxInstances\",\"maxInstancesPerCapability\",\"injectGlobals\",\"filesToWatch\",\"execArgv\",\"runnerEnv\",\"runner\",\"shard\",\"specFileRetries\",\"specFileRetriesDelay\",\"specFileRetriesDeferred\",\"reporterSyncInterval\",\"reporterSyncTimeout\",\"cucumberFeaturesWithLineNumbers\",\"autoCompileOpts\",\"mochaOpts\",\"jasmineOpts\",\"cucumberOpts\",\"onPrepare\",\"onWorkerStart\",\"onWorkerEnd\",\"before\",\"beforeSession\",\"beforeSuite\",\"beforeHook\",\"beforeTest\",\"afterTest\",\"afterHook\",\"afterSuite\",\"afterSession\",\"after\",\"onComplete\",\"beforeAssertion\",\"afterAssertion\",\"beforeFeature\",\"beforeScenario\",\"beforeStep\",\"afterStep\",\"afterScenario\",\"afterFeature\",\"_\",\"suite\",\"$0\",\"ignoredWorkerServices\",\"wdi5\"]"}]}
COMMAND: POST /session/284f745c9598ec68bd9714133dfb15c1/execute/async - {"script":"<script> [21126 bytes]","args":[35000]}
RESULT: {"script":"<script> [21126 bytes]","args":[35000]}
COMMAND: POST /session/284f745c9598ec68bd9714133dfb15c1/element - {"using":"xpath","value":"//li[contains(@title ,\"Exit\")]"}
RESULT: {"using":"xpath","value":"//li[contains(@title ,\"Exit\")]"}
COMMAND: POST /session/284f745c9598ec68bd9714133dfb15c1/element/f.D1CCE01D0E1637D613899A63103EEE24.d.4CD69CED605D07A680143B1199F95014.e.7967/click - {}
RESULT: {}
COMMAND: GET /session/284f745c9598ec68bd9714133dfb15c1/screenshot - {}
RESULT: {}
COMMAND: DELETE /session/284f745c9598ec68bd9714133dfb15c1 - {}
RESULT: {}
]]></system-out>
    </testcase>
  </testsuite>
</testsuites>