<?xml version="1.0" encoding="UTF-8"?>
<testsuites tests="6" failures="0" errors="0" skipped="0">
  <testsuite timestamp="2025-05-01T16:31:08" time="1211.447" tests="6" failures="0" errors="0" skipped="0">
    <properties>
      <property name="specId" value="0" />
      <property name="suiteName" value="RU Inventory Mass State Change Multiple Items US151066" />
      <property name="capabilities" value="chrome.135_0_7049_96.windows" />
      <property name="file" value="file:///D:/a/1/s/test/specs/HTR/ru-inv-list-mass-state-change.spec.js" />
    </properties>
    <testcase classname="chrome.135_0_7049_96.windows.RU_Inventory_Mass_State_Change_Multiple_Items_US151066" name="Step 1 Should do a RU inventory mass state change on chosen yard 109 with the resources available one equipment multipart one tool pool" time="319.709">
      <system-out><![CDATA[
COMMAND: POST /session/1d4a453559b0d20f8127ccadf842912f/execute/async - {"script":"<script> [1562 bytes]","args":[{"selector":{"controlType":"sap.m.GenericTile","properties":{"header":"RU Inventory List"}},"wdio_ui5_key":"sapm.GenericTile{\"header\":\"RU Inventory List\"}"}]}
RESULT: {"script":"<script> [1562 bytes]","args":[{"selector":{"controlType":"sap.m.GenericTile","properties":{"header":"RU Inventory List"}},"wdio_ui5_key":"sapm.GenericTile{\"header\":\"RU Inventory List\"}"}]}
RESULT: undefined
COMMAND: POST /session/1d4a453559b0d20f8127ccadf842912f/element - {"using":"xpath","value":"//*[@id=\"__tile99\"]"}
RESULT: {"using":"xpath","value":"//*[@id=\"__tile99\"]"}
COMMAND: POST /session/1d4a453559b0d20f8127ccadf842912f/element/f.8BB5FC29C6DF408E67DE758247EB098E.d.DE89254EA822E877CB3C859D7EB2C27A.e.260/click - {}
RESULT: {}
COMMAND: POST /session/1d4a453559b0d20f8127ccadf842912f/element - {"using":"xpath","value":"//button[contains(@id, \"massStateBtn\")]"}
COMMAND: GET /session/1d4a453559b0d20f8127ccadf842912f/screenshot - {}
RESULT: {"using":"xpath","value":"//button[contains(@id, \"massStateBtn\")]"}
COMMAND: POST /session/1d4a453559b0d20f8127ccadf842912f/elements - {"using":"xpath","value":"//button[contains(@id, \"massStateBtn\")]"}
RESULT: {}
RESULT: {"using":"xpath","value":"//button[contains(@id, \"massStateBtn\")]"}
COMMAND: POST /session/1d4a453559b0d20f8127ccadf842912f/elements - {"using":"xpath","value":"//button[contains(@id, \"massStateBtn\")]"}
RESULT: {"using":"xpath","value":"//button[contains(@id, \"massStateBtn\")]"}
COMMAND: POST /session/1d4a453559b0d20f8127ccadf842912f/elements - {"using":"xpath","value":"//button[contains(@id, \"massStateBtn\")]"}
RESULT: {"using":"xpath","value":"//button[contains(@id, \"massStateBtn\")]"}
COMMAND: POST /session/1d4a453559b0d20f8127ccadf842912f/elements - {"using":"xpath","value":"//button[contains(@id, \"massStateBtn\")]"}
RESULT: {"using":"xpath","value":"//button[contains(@id, \"massStateBtn\")]"}
COMMAND: POST /session/1d4a453559b0d20f8127ccadf842912f/elements - {"using":"xpath","value":"//button[contains(@id, \"massStateBtn\")]"}
RESULT: {"using":"xpath","value":"//button[contains(@id, \"massStateBtn\")]"}
COMMAND: POST /session/1d4a453559b0d20f8127ccadf842912f/elements - {"using":"xpath","value":"//button[contains(@id, \"massStateBtn\")]"}
RESULT: {"using":"xpath","value":"//button[contains(@id, \"massStateBtn\")]"}
COMMAND: POST /session/1d4a453559b0d20f8127ccadf842912f/elements - {"using":"xpath","value":"//button[contains(@id, \"massStateBtn\")]"}
RESULT: {"using":"xpath","value":"//button[contains(@id, \"massStateBtn\")]"}
COMMAND: POST /session/1d4a453559b0d20f8127ccadf842912f/elements - {"using":"xpath","value":"//button[contains(@id, \"massStateBtn\")]"}
RESULT: {"using":"xpath","value":"//button[contains(@id, \"massStateBtn\")]"}
COMMAND: POST /session/1d4a453559b0d20f8127ccadf842912f/elements - {"using":"xpath","value":"//button[contains(@id, \"massStateBtn\")]"}
RESULT: {"using":"xpath","value":"//button[contains(@id, \"massStateBtn\")]"}
COMMAND: POST /session/1d4a453559b0d20f8127ccadf842912f/elements - {"using":"xpath","value":"//button[contains(@id, \"massStateBtn\")]"}
RESULT: {"using":"xpath","value":"//button[contains(@id, \"massStateBtn\")]"}
COMMAND: POST /session/1d4a453559b0d20f8127ccadf842912f/elements - {"using":"xpath","value":"//button[contains(@id, \"massStateBtn\")]"}
RESULT: {"using":"xpath","value":"//button[contains(@id, \"massStateBtn\")]"}
COMMAND: POST /session/1d4a453559b0d20f8127ccadf842912f/elements - {"using":"xpath","value":"//button[contains(@id, \"massStateBtn\")]"}
RESULT: {"using":"xpath","value":"//button[contains(@id, \"massStateBtn\")]"}
COMMAND: POST /session/1d4a453559b0d20f8127ccadf842912f/elements - {"using":"xpath","value":"//button[contains(@id, \"massStateBtn\")]"}
RESULT: {"using":"xpath","value":"//button[contains(@id, \"massStateBtn\")]"}
COMMAND: POST /session/1d4a453559b0d20f8127ccadf842912f/elements - {"using":"xpath","value":"//button[contains(@id, \"massStateBtn\")]"}
RESULT: {"using":"xpath","value":"//button[contains(@id, \"massStateBtn\")]"}
COMMAND: POST /session/1d4a453559b0d20f8127ccadf842912f/elements - {"using":"xpath","value":"//button[contains(@id, \"massStateBtn\")]"}
RESULT: {"using":"xpath","value":"//button[contains(@id, \"massStateBtn\")]"}
COMMAND: POST /session/1d4a453559b0d20f8127ccadf842912f/elements - {"using":"xpath","value":"//button[contains(@id, \"massStateBtn\")]"}
RESULT: {"using":"xpath","value":"//button[contains(@id, \"massStateBtn\")]"}
COMMAND: POST /session/1d4a453559b0d20f8127ccadf842912f/elements - {"using":"xpath","value":"//button[contains(@id, \"massStateBtn\")]"}
RESULT: {"using":"xpath","value":"//button[contains(@id, \"massStateBtn\")]"}
COMMAND: POST /session/1d4a453559b0d20f8127ccadf842912f/elements - {"using":"xpath","value":"//button[contains(@id, \"massStateBtn\")]"}
RESULT: {"using":"xpath","value":"//button[contains(@id, \"massStateBtn\")]"}
COMMAND: POST /session/1d4a453559b0d20f8127ccadf842912f/elements - {"using":"xpath","value":"//button[contains(@id, \"massStateBtn\")]"}
RESULT: {"using":"xpath","value":"//button[contains(@id, \"massStateBtn\")]"}
COMMAND: POST /session/1d4a453559b0d20f8127ccadf842912f/elements - {"using":"xpath","value":"//button[contains(@id, \"massStateBtn\")]"}
RESULT: {"using":"xpath","value":"//button[contains(@id, \"massStateBtn\")]"}
COMMAND: POST /session/1d4a453559b0d20f8127ccadf842912f/elements - {"using":"xpath","value":"//button[contains(@id, \"massStateBtn\")]"}
RESULT: {"using":"xpath","value":"//button[contains(@id, \"massStateBtn\")]"}
COMMAND: POST /session/1d4a453559b0d20f8127ccadf842912f/elements - {"using":"xpath","value":"//button[contains(@id, \"massStateBtn\")]"}
RESULT: {"using":"xpath","value":"//button[contains(@id, \"massStateBtn\")]"}
COMMAND: POST /session/1d4a453559b0d20f8127ccadf842912f/elements - {"using":"xpath","value":"//button[contains(@id, \"massStateBtn\")]"}
RESULT: {"using":"xpath","value":"//button[contains(@id, \"massStateBtn\")]"}
COMMAND: POST /session/1d4a453559b0d20f8127ccadf842912f/elements - {"using":"xpath","value":"//button[contains(@id, \"massStateBtn\")]"}
RESULT: {"using":"xpath","value":"//button[contains(@id, \"massStateBtn\")]"}
COMMAND: POST /session/1d4a453559b0d20f8127ccadf842912f/elements - {"using":"xpath","value":"//button[contains(@id, \"massStateBtn\")]"}
RESULT: {"using":"xpath","value":"//button[contains(@id, \"massStateBtn\")]"}
COMMAND: POST /session/1d4a453559b0d20f8127ccadf842912f/elements - {"using":"xpath","value":"//button[contains(@id, \"massStateBtn\")]"}
RESULT: {"using":"xpath","value":"//button[contains(@id, \"massStateBtn\")]"}
COMMAND: POST /session/1d4a453559b0d20f8127ccadf842912f/elements - {"using":"xpath","value":"//button[contains(@id, \"massStateBtn\")]"}
RESULT: {"using":"xpath","value":"//button[contains(@id, \"massStateBtn\")]"}
COMMAND: POST /session/1d4a453559b0d20f8127ccadf842912f/elements - {"using":"xpath","value":"//button[contains(@id, \"massStateBtn\")]"}
RESULT: {"using":"xpath","value":"//button[contains(@id, \"massStateBtn\")]"}
COMMAND: POST /session/1d4a453559b0d20f8127ccadf842912f/elements - {"using":"xpath","value":"//button[contains(@id, \"massStateBtn\")]"}
RESULT: {"using":"xpath","value":"//button[contains(@id, \"massStateBtn\")]"}
COMMAND: POST /session/1d4a453559b0d20f8127ccadf842912f/elements - {"using":"xpath","value":"//button[contains(@id, \"massStateBtn\")]"}
RESULT: {"using":"xpath","value":"//button[contains(@id, \"massStateBtn\")]"}
COMMAND: POST /session/1d4a453559b0d20f8127ccadf842912f/elements - {"using":"xpath","value":"//button[contains(@id, \"massStateBtn\")]"}
RESULT: {"using":"xpath","value":"//button[contains(@id, \"massStateBtn\")]"}
COMMAND: POST /session/1d4a453559b0d20f8127ccadf842912f/elements - {"using":"xpath","value":"//button[contains(@id, \"massStateBtn\")]"}
RESULT: {"using":"xpath","value":"//button[contains(@id, \"massStateBtn\")]"}
COMMAND: POST /session/1d4a453559b0d20f8127ccadf842912f/elements - {"using":"xpath","value":"//button[contains(@id, \"massStateBtn\")]"}
RESULT: {"using":"xpath","value":"//button[contains(@id, \"massStateBtn\")]"}
COMMAND: POST /session/1d4a453559b0d20f8127ccadf842912f/elements - {"using":"xpath","value":"//button[contains(@id, \"massStateBtn\")]"}
RESULT: {"using":"xpath","value":"//button[contains(@id, \"massStateBtn\")]"}
COMMAND: POST /session/1d4a453559b0d20f8127ccadf842912f/elements - {"using":"xpath","value":"//button[contains(@id, \"massStateBtn\")]"}
RESULT: {"using":"xpath","value":"//button[contains(@id, \"massStateBtn\")]"}
COMMAND: POST /session/1d4a453559b0d20f8127ccadf842912f/elements - {"using":"xpath","value":"//button[contains(@id, \"massStateBtn\")]"}
RESULT: {"using":"xpath","value":"//button[contains(@id, \"massStateBtn\")]"}
COMMAND: POST /session/1d4a453559b0d20f8127ccadf842912f/elements - {"using":"xpath","value":"//button[contains(@id, \"massStateBtn\")]"}
RESULT: {"using":"xpath","value":"//button[contains(@id, \"massStateBtn\")]"}
COMMAND: POST /session/1d4a453559b0d20f8127ccadf842912f/elements - {"using":"xpath","value":"//button[contains(@id, \"massStateBtn\")]"}
RESULT: {"using":"xpath","value":"//button[contains(@id, \"massStateBtn\")]"}
COMMAND: POST /session/1d4a453559b0d20f8127ccadf842912f/elements - {"using":"xpath","value":"//button[contains(@id, \"massStateBtn\")]"}
RESULT: {"using":"xpath","value":"//button[contains(@id, \"massStateBtn\")]"}
COMMAND: POST /session/1d4a453559b0d20f8127ccadf842912f/elements - {"using":"xpath","value":"//button[contains(@id, \"massStateBtn\")]"}
RESULT: {"using":"xpath","value":"//button[contains(@id, \"massStateBtn\")]"}
COMMAND: POST /session/1d4a453559b0d20f8127ccadf842912f/elements - {"using":"xpath","value":"//button[contains(@id, \"massStateBtn\")]"}
RESULT: {"using":"xpath","value":"//button[contains(@id, \"massStateBtn\")]"}
COMMAND: POST /session/1d4a453559b0d20f8127ccadf842912f/elements - {"using":"xpath","value":"//button[contains(@id, \"massStateBtn\")]"}
RESULT: {"using":"xpath","value":"//button[contains(@id, \"massStateBtn\")]"}
COMMAND: POST /session/1d4a453559b0d20f8127ccadf842912f/elements - {"using":"xpath","value":"//button[contains(@id, \"massStateBtn\")]"}
RESULT: {"using":"xpath","value":"//button[contains(@id, \"massStateBtn\")]"}
COMMAND: POST /session/1d4a453559b0d20f8127ccadf842912f/elements - {"using":"xpath","value":"//button[contains(@id, \"massStateBtn\")]"}
RESULT: {"using":"xpath","value":"//button[contains(@id, \"massStateBtn\")]"}
COMMAND: POST /session/1d4a453559b0d20f8127ccadf842912f/elements - {"using":"xpath","value":"//button[contains(@id, \"massStateBtn\")]"}
RESULT: {"using":"xpath","value":"//button[contains(@id, \"massStateBtn\")]"}
COMMAND: POST /session/1d4a453559b0d20f8127ccadf842912f/elements - {"using":"xpath","value":"//button[contains(@id, \"massStateBtn\")]"}
RESULT: {"using":"xpath","value":"//button[contains(@id, \"massStateBtn\")]"}
COMMAND: POST /session/1d4a453559b0d20f8127ccadf842912f/elements - {"using":"xpath","value":"//button[contains(@id, \"massStateBtn\")]"}
RESULT: {"using":"xpath","value":"//button[contains(@id, \"massStateBtn\")]"}
COMMAND: POST /session/1d4a453559b0d20f8127ccadf842912f/elements - {"using":"xpath","value":"//button[contains(@id, \"massStateBtn\")]"}
RESULT: {"using":"xpath","value":"//button[contains(@id, \"massStateBtn\")]"}
COMMAND: POST /session/1d4a453559b0d20f8127ccadf842912f/elements - {"using":"xpath","value":"//button[contains(@id, \"massStateBtn\")]"}
RESULT: {"using":"xpath","value":"//button[contains(@id, \"massStateBtn\")]"}
COMMAND: POST /session/1d4a453559b0d20f8127ccadf842912f/elements - {"using":"xpath","value":"//button[contains(@id, \"massStateBtn\")]"}
RESULT: {"using":"xpath","value":"//button[contains(@id, \"massStateBtn\")]"}
COMMAND: POST /session/1d4a453559b0d20f8127ccadf842912f/elements - {"using":"xpath","value":"//button[contains(@id, \"massStateBtn\")]"}
RESULT: {"using":"xpath","value":"//button[contains(@id, \"massStateBtn\")]"}
COMMAND: POST /session/1d4a453559b0d20f8127ccadf842912f/elements - {"using":"xpath","value":"//button[contains(@id, \"massStateBtn\")]"}
RESULT: {"using":"xpath","value":"//button[contains(@id, \"massStateBtn\")]"}
COMMAND: POST /session/1d4a453559b0d20f8127ccadf842912f/elements - {"using":"xpath","value":"//button[contains(@id, \"massStateBtn\")]"}
RESULT: {"using":"xpath","value":"//button[contains(@id, \"massStateBtn\")]"}
COMMAND: POST /session/1d4a453559b0d20f8127ccadf842912f/element - {"using":"xpath","value":"//button[contains(@id, \"massStateBtn\")]"}
RESULT: {"using":"xpath","value":"//button[contains(@id, \"massStateBtn\")]"}
COMMAND: POST /session/1d4a453559b0d20f8127ccadf842912f/execute/sync - {"script":"<script> [8489 bytes]","args":[{"element-6066-11e4-a52e-4f735466cecf":"f.8BB5FC29C6DF408E67DE758247EB098E.d.DE89254EA822E877CB3C859D7EB2C27A.e.296","ELEMENT":"f.8BB5FC29C6DF408E67DE758247EB098E.d.DE89254EA822E877CB3C859D7EB2C27A.e.296"}]}
RESULT: {"script":"<script> [8489 bytes]","args":[{"element-6066-11e4-a52e-4f735466cecf":"f.8BB5FC29C6DF408E67DE758247EB098E.d.DE89254EA822E877CB3C859D7EB2C27A.e.296","ELEMENT":"f.8BB5FC29C6DF408E67DE758247EB098E.d.DE89254EA822E877CB3C859D7EB2C27A.e.296"}]}
COMMAND: GET /session/1d4a453559b0d20f8127ccadf842912f/element/f.8BB5FC29C6DF408E67DE758247EB098E.d.DE89254EA822E877CB3C859D7EB2C27A.e.296/enabled - {}
COMMAND: GET /session/1d4a453559b0d20f8127ccadf842912f/screenshot - {}
RESULT: {}
COMMAND: POST /session/1d4a453559b0d20f8127ccadf842912f/execute/sync - {"script":"<script> [8489 bytes]","args":[{"element-6066-11e4-a52e-4f735466cecf":"f.8BB5FC29C6DF408E67DE758247EB098E.d.DE89254EA822E877CB3C859D7EB2C27A.e.296","ELEMENT":"f.8BB5FC29C6DF408E67DE758247EB098E.d.DE89254EA822E877CB3C859D7EB2C27A.e.296"}]}
COMMAND: GET /session/1d4a453559b0d20f8127ccadf842912f/screenshot - {}
RESULT: {}
RESULT: {"script":"<script> [8489 bytes]","args":[{"element-6066-11e4-a52e-4f735466cecf":"f.8BB5FC29C6DF408E67DE758247EB098E.d.DE89254EA822E877CB3C859D7EB2C27A.e.296","ELEMENT":"f.8BB5FC29C6DF408E67DE758247EB098E.d.DE89254EA822E877CB3C859D7EB2C27A.e.296"}]}
COMMAND: POST /session/1d4a453559b0d20f8127ccadf842912f/execute/sync - {"script":"<script> [5351 bytes]","args":[{"element-6066-11e4-a52e-4f735466cecf":"f.8BB5FC29C6DF408E67DE758247EB098E.d.DE89254EA822E877CB3C859D7EB2C27A.e.296","ELEMENT":"f.8BB5FC29C6DF408E67DE758247EB098E.d.DE89254EA822E877CB3C859D7EB2C27A.e.296"}]}
COMMAND: GET /session/1d4a453559b0d20f8127ccadf842912f/screenshot - {}
RESULT: {}
RESULT: {"script":"<script> [5351 bytes]","args":[{"element-6066-11e4-a52e-4f735466cecf":"f.8BB5FC29C6DF408E67DE758247EB098E.d.DE89254EA822E877CB3C859D7EB2C27A.e.296","ELEMENT":"f.8BB5FC29C6DF408E67DE758247EB098E.d.DE89254EA822E877CB3C859D7EB2C27A.e.296"}]}
COMMAND: POST /session/1d4a453559b0d20f8127ccadf842912f/element/f.8BB5FC29C6DF408E67DE758247EB098E.d.DE89254EA822E877CB3C859D7EB2C27A.e.296/click - {}
COMMAND: GET /session/1d4a453559b0d20f8127ccadf842912f/screenshot - {}
RESULT: {}
RESULT: {}
COMMAND: GET /session/1d4a453559b0d20f8127ccadf842912f/screenshot - {}
RESULT: {}
RESULT: {}
COMMAND: POST /session/1d4a453559b0d20f8127ccadf842912f/execute/async - {"script":"<script> [1562 bytes]","args":[{"selector":{"id":"application-ruinventorylist-display-component---Master--ruLocationTypeComboBox-arrow"},"wdio_ui5_key":"applicationruinventorylist-display-component---Master--ruLocationTypeComboBox-arrow"}]}
RESULT: {"script":"<script> [1562 bytes]","args":[{"selector":{"id":"application-ruinventorylist-display-component---Master--ruLocationTypeComboBox-arrow"},"wdio_ui5_key":"applicationruinventorylist-display-component---Master--ruLocationTypeComboBox-arrow"}]}
RESULT: undefined
COMMAND: POST /session/1d4a453559b0d20f8127ccadf842912f/element - {"using":"xpath","value":"//*[@id=\"application-ruinventorylist-display-component---Master--ruLocationTypeComboBox-arrow\"]"}
RESULT: {"using":"xpath","value":"//*[@id=\"application-ruinventorylist-display-component---Master--ruLocationTypeComboBox-arrow\"]"}
COMMAND: POST /session/1d4a453559b0d20f8127ccadf842912f/element/f.8BB5FC29C6DF408E67DE758247EB098E.d.DE89254EA822E877CB3C859D7EB2C27A.e.650/click - {}
RESULT: {}
COMMAND: GET /session/1d4a453559b0d20f8127ccadf842912f/screenshot - {}
RESULT: {}
COMMAND: POST /session/1d4a453559b0d20f8127ccadf842912f/element - {"using":"xpath","value":"//li[.//span[text()='Yard']]"}
RESULT: {"using":"xpath","value":"//li[.//span[text()='Yard']]"}
COMMAND: POST /session/1d4a453559b0d20f8127ccadf842912f/element/f.8BB5FC29C6DF408E67DE758247EB098E.d.DE89254EA822E877CB3C859D7EB2C27A.e.651/click - {}
RESULT: {}
COMMAND: GET /session/1d4a453559b0d20f8127ccadf842912f/screenshot - {}
RESULT: {}
COMMAND: POST /session/1d4a453559b0d20f8127ccadf842912f/execute/async - {"script":"<script> [1562 bytes]","args":[{"selector":{"id":"application-ruinventorylist-display-component---Master--smartFilterBar-filterItemControl_BASIC-YARD-vhi"},"wdio_ui5_key":"applicationruinventorylist-display-component---Master--smartFilterBar-filterItemControl_BASIC-YARD-vhi"}]}
RESULT: {"script":"<script> [1562 bytes]","args":[{"selector":{"id":"application-ruinventorylist-display-component---Master--smartFilterBar-filterItemControl_BASIC-YARD-vhi"},"wdio_ui5_key":"applicationruinventorylist-display-component---Master--smartFilterBar-filterItemControl_BASIC-YARD-vhi"}]}
RESULT: undefined
COMMAND: POST /session/1d4a453559b0d20f8127ccadf842912f/element - {"using":"xpath","value":"//*[@id=\"application-ruinventorylist-display-component---Master--smartFilterBar-filterItemControl_BASIC-YARD-vhi\"]"}
RESULT: {"using":"xpath","value":"//*[@id=\"application-ruinventorylist-display-component---Master--smartFilterBar-filterItemControl_BASIC-YARD-vhi\"]"}
COMMAND: POST /session/1d4a453559b0d20f8127ccadf842912f/element/f.8BB5FC29C6DF408E67DE758247EB098E.d.DE89254EA822E877CB3C859D7EB2C27A.e.709/click - {}
RESULT: {}
COMMAND: GET /session/1d4a453559b0d20f8127ccadf842912f/screenshot - {}
RESULT: {}
COMMAND: POST /session/1d4a453559b0d20f8127ccadf842912f/execute/async - {"script":"<script> [1562 bytes]","args":[{"selector":{"id":"application-ruinventorylist-display-component---Master--smartFilterBar-filterItemControl_BASIC-YARD-valueHelpDialog-smartFilterBar-btnBasicSearch","searchOpenDialogs":true,"interaction":{"idSuffix":"I"}},"wdio_ui5_key":"applicationruinventorylist-display-component---Master--smartFilterBar-filterItemControl_BASIC-YARD-valueHelpDialog-smartFilterBar-btnBasicSearch"}]}
RESULT: {"script":"<script> [1562 bytes]","args":[{"selector":{"id":"application-ruinventorylist-display-component---Master--smartFilterBar-filterItemControl_BASIC-YARD-valueHelpDialog-smartFilterBar-btnBasicSearch","searchOpenDialogs":true,"interaction":{"idSuffix":"I"}},"wdio_ui5_key":"applicationruinventorylist-display-component---Master--smartFilterBar-filterItemControl_BASIC-YARD-valueHelpDialog-smartFilterBar-btnBasicSearch"}]}
RESULT: undefined
COMMAND: POST /session/1d4a453559b0d20f8127ccadf842912f/execute/async - {"script":"<script> [776 bytes]","args":[{"enterText":"109","selector":{"id":"application-ruinventorylist-display-component---Master--smartFilterBar-filterItemControl_BASIC-YARD-valueHelpDialog-smartFilterBar-btnBasicSearch","searchOpenDialogs":true,"interaction":{"idSuffix":"I"}},"clearTextFirst":true,"interactionType":"ENTER_TEXT"}]}
RESULT: {"script":"<script> [776 bytes]","args":[{"enterText":"109","selector":{"id":"application-ruinventorylist-display-component---Master--smartFilterBar-filterItemControl_BASIC-YARD-valueHelpDialog-smartFilterBar-btnBasicSearch","searchOpenDialogs":true,"interaction":{"idSuffix":"I"}},"clearTextFirst":true,"interactionType":"ENTER_TEXT"}]}
COMMAND: POST /session/1d4a453559b0d20f8127ccadf842912f/actions - {"actions":[{"id":"action1","type":"key","parameters":{},"actions":[{"type":"keyDown","value":"î€‡"},{"type":"pause","duration":10},{"type":"keyUp","value":"î€‡"}]}]}
RESULT: {"actions":[{"id":"action1","type":"key","parameters":{},"actions":[{"type":"keyDown","value":"î€‡"},{"type":"pause","duration":10},{"type":"keyUp","value":"î€‡"}]}]}
COMMAND: GET /session/1d4a453559b0d20f8127ccadf842912f/screenshot - {}
RESULT: {}
COMMAND: POST /session/1d4a453559b0d20f8127ccadf842912f/elements - {"using":"xpath","value":"//table[contains(@id, \"filterItemControl_BASIC-YARD-valueHelpDialog-table-table\")]/tbody/tr"}
RESULT: {"using":"xpath","value":"//table[contains(@id, \"filterItemControl_BASIC-YARD-valueHelpDialog-table-table\")]/tbody/tr"}
COMMAND: POST /session/1d4a453559b0d20f8127ccadf842912f/element - {"using":"xpath","value":"//table[contains(@id, \"filterItemControl_BASIC-YARD-valueHelpDialog-table-table\")]/tbody/tr[1]/td[1]/div/span"}
RESULT: {"using":"xpath","value":"//table[contains(@id, \"filterItemControl_BASIC-YARD-valueHelpDialog-table-table\")]/tbody/tr[1]/td[1]/div/span"}
COMMAND: POST /session/1d4a453559b0d20f8127ccadf842912f/elements - {"using":"xpath","value":"//table[contains(@id, \"filterItemControl_BASIC-YARD-valueHelpDialog-table-table\")]/tbody/tr[1]/td[1]/div/span"}
RESULT: {"using":"xpath","value":"//table[contains(@id, \"filterItemControl_BASIC-YARD-valueHelpDialog-table-table\")]/tbody/tr[1]/td[1]/div/span"}
COMMAND: POST /session/1d4a453559b0d20f8127ccadf842912f/execute/sync - {"script":"<script> [56 bytes]","args":[{"element-6066-11e4-a52e-4f735466cecf":"f.8BB5FC29C6DF408E67DE758247EB098E.d.DE89254EA822E877CB3C859D7EB2C27A.e.730","ELEMENT":"f.8BB5FC29C6DF408E67DE758247EB098E.d.DE89254EA822E877CB3C859D7EB2C27A.e.730"}]}
RESULT: {"script":"<script> [56 bytes]","args":[{"element-6066-11e4-a52e-4f735466cecf":"f.8BB5FC29C6DF408E67DE758247EB098E.d.DE89254EA822E877CB3C859D7EB2C27A.e.730","ELEMENT":"f.8BB5FC29C6DF408E67DE758247EB098E.d.DE89254EA822E877CB3C859D7EB2C27A.e.730"}]}
COMMAND: POST /session/1d4a453559b0d20f8127ccadf842912f/element - {"using":"xpath","value":"//div[contains(@id, \"filterItemControl_BASIC-YARD-valueHelpDialog-table-rowsel0\")]"}
COMMAND: GET /session/1d4a453559b0d20f8127ccadf842912f/screenshot - {}
RESULT: {"using":"xpath","value":"//div[contains(@id, \"filterItemControl_BASIC-YARD-valueHelpDialog-table-rowsel0\")]"}
COMMAND: POST /session/1d4a453559b0d20f8127ccadf842912f/element/f.8BB5FC29C6DF408E67DE758247EB098E.d.DE89254EA822E877CB3C859D7EB2C27A.e.731/click - {}
RESULT: {}
RESULT: {}
COMMAND: GET /session/1d4a453559b0d20f8127ccadf842912f/screenshot - {}
RESULT: {}
COMMAND: POST /session/1d4a453559b0d20f8127ccadf842912f/element - {"using":"xpath","value":"//div[contains(@id, \"smartFilterBar-filterItemControl_BASIC-YARD-valueHelpDialog-smartFilterBar-btnBasicSearch-reset\")]"}
RESULT: {"using":"xpath","value":"//div[contains(@id, \"smartFilterBar-filterItemControl_BASIC-YARD-valueHelpDialog-smartFilterBar-btnBasicSearch-reset\")]"}
COMMAND: POST /session/1d4a453559b0d20f8127ccadf842912f/element/f.8BB5FC29C6DF408E67DE758247EB098E.d.DE89254EA822E877CB3C859D7EB2C27A.e.733/click - {}
RESULT: {}
RESULT: undefined
COMMAND: POST /session/1d4a453559b0d20f8127ccadf842912f/execute/async - {"script":"<script> [776 bytes]","args":[{"enterText":"OPA5_BST01_YARD1","selector":{"id":"application-ruinventorylist-display-component---Master--smartFilterBar-filterItemControl_BASIC-YARD-valueHelpDialog-smartFilterBar-btnBasicSearch","searchOpenDialogs":true,"interaction":{"idSuffix":"I"}},"clearTextFirst":true,"interactionType":"ENTER_TEXT"}]}
COMMAND: GET /session/1d4a453559b0d20f8127ccadf842912f/screenshot - {}
RESULT: {"script":"<script> [776 bytes]","args":[{"enterText":"OPA5_BST01_YARD1","selector":{"id":"application-ruinventorylist-display-component---Master--smartFilterBar-filterItemControl_BASIC-YARD-valueHelpDialog-smartFilterBar-btnBasicSearch","searchOpenDialogs":true,"interaction":{"idSuffix":"I"}},"clearTextFirst":true,"interactionType":"ENTER_TEXT"}]}
COMMAND: POST /session/1d4a453559b0d20f8127ccadf842912f/actions - {"actions":[{"id":"action2","type":"key","parameters":{},"actions":[{"type":"keyDown","value":"î€‡"},{"type":"pause","duration":10},{"type":"keyUp","value":"î€‡"}]}]}
RESULT: {}
RESULT: {"actions":[{"id":"action2","type":"key","parameters":{},"actions":[{"type":"keyDown","value":"î€‡"},{"type":"pause","duration":10},{"type":"keyUp","value":"î€‡"}]}]}
COMMAND: GET /session/1d4a453559b0d20f8127ccadf842912f/screenshot - {}
RESULT: {}
COMMAND: POST /session/1d4a453559b0d20f8127ccadf842912f/elements - {"using":"xpath","value":"//table[contains(@id, \"filterItemControl_BASIC-YARD-valueHelpDialog-table-table\")]/tbody/tr"}
RESULT: {"using":"xpath","value":"//table[contains(@id, \"filterItemControl_BASIC-YARD-valueHelpDialog-table-table\")]/tbody/tr"}
COMMAND: POST /session/1d4a453559b0d20f8127ccadf842912f/element - {"using":"xpath","value":"//table[contains(@id, \"filterItemControl_BASIC-YARD-valueHelpDialog-table-table\")]/tbody/tr[1]/td[1]/div/span"}
RESULT: {"using":"xpath","value":"//table[contains(@id, \"filterItemControl_BASIC-YARD-valueHelpDialog-table-table\")]/tbody/tr[1]/td[1]/div/span"}
COMMAND: POST /session/1d4a453559b0d20f8127ccadf842912f/elements - {"using":"xpath","value":"//table[contains(@id, \"filterItemControl_BASIC-YARD-valueHelpDialog-table-table\")]/tbody/tr[1]/td[1]/div/span"}
RESULT: {"using":"xpath","value":"//table[contains(@id, \"filterItemControl_BASIC-YARD-valueHelpDialog-table-table\")]/tbody/tr[1]/td[1]/div/span"}
COMMAND: POST /session/1d4a453559b0d20f8127ccadf842912f/execute/sync - {"script":"<script> [56 bytes]","args":[{"element-6066-11e4-a52e-4f735466cecf":"f.8BB5FC29C6DF408E67DE758247EB098E.d.DE89254EA822E877CB3C859D7EB2C27A.e.730","ELEMENT":"f.8BB5FC29C6DF408E67DE758247EB098E.d.DE89254EA822E877CB3C859D7EB2C27A.e.730"}]}
RESULT: {"script":"<script> [56 bytes]","args":[{"element-6066-11e4-a52e-4f735466cecf":"f.8BB5FC29C6DF408E67DE758247EB098E.d.DE89254EA822E877CB3C859D7EB2C27A.e.730","ELEMENT":"f.8BB5FC29C6DF408E67DE758247EB098E.d.DE89254EA822E877CB3C859D7EB2C27A.e.730"}]}
COMMAND: POST /session/1d4a453559b0d20f8127ccadf842912f/element - {"using":"xpath","value":"//div[contains(@id, \"filterItemControl_BASIC-YARD-valueHelpDialog-table-rowsel0\")]"}
COMMAND: GET /session/1d4a453559b0d20f8127ccadf842912f/screenshot - {}
RESULT: {"using":"xpath","value":"//div[contains(@id, \"filterItemControl_BASIC-YARD-valueHelpDialog-table-rowsel0\")]"}
COMMAND: POST /session/1d4a453559b0d20f8127ccadf842912f/element/f.8BB5FC29C6DF408E67DE758247EB098E.d.DE89254EA822E877CB3C859D7EB2C27A.e.731/click - {}
RESULT: {}
RESULT: {}
COMMAND: GET /session/1d4a453559b0d20f8127ccadf842912f/screenshot - {}
RESULT: {}
COMMAND: POST /session/1d4a453559b0d20f8127ccadf842912f/element - {"using":"xpath","value":"(//bdi[contains(text(), \"OK\")])[1]"}
RESULT: {"using":"xpath","value":"(//bdi[contains(text(), \"OK\")])[1]"}
COMMAND: POST /session/1d4a453559b0d20f8127ccadf842912f/element/f.8BB5FC29C6DF408E67DE758247EB098E.d.DE89254EA822E877CB3C859D7EB2C27A.e.734/click - {}
RESULT: {}
COMMAND: GET /session/1d4a453559b0d20f8127ccadf842912f/screenshot - {}
RESULT: {}
COMMAND: POST /session/1d4a453559b0d20f8127ccadf842912f/element - {"using":"xpath","value":"//span[@id=\"application-ruinventorylist-display-component---Master--smartTableRuInventoryList-header-inner\"]"}
RESULT: {"using":"xpath","value":"//span[@id=\"application-ruinventorylist-display-component---Master--smartTableRuInventoryList-header-inner\"]"}
COMMAND: POST /session/1d4a453559b0d20f8127ccadf842912f/elements - {"using":"xpath","value":"//span[@id=\"application-ruinventorylist-display-component---Master--smartTableRuInventoryList-header-inner\"]"}
RESULT: {"using":"xpath","value":"//span[@id=\"application-ruinventorylist-display-component---Master--smartTableRuInventoryList-header-inner\"]"}
COMMAND: POST /session/1d4a453559b0d20f8127ccadf842912f/execute/sync - {"script":"<script> [56 bytes]","args":[{"element-6066-11e4-a52e-4f735466cecf":"f.8BB5FC29C6DF408E67DE758247EB098E.d.DE89254EA822E877CB3C859D7EB2C27A.e.881","ELEMENT":"f.8BB5FC29C6DF408E67DE758247EB098E.d.DE89254EA822E877CB3C859D7EB2C27A.e.881"}]}
RESULT: {"script":"<script> [56 bytes]","args":[{"element-6066-11e4-a52e-4f735466cecf":"f.8BB5FC29C6DF408E67DE758247EB098E.d.DE89254EA822E877CB3C859D7EB2C27A.e.881","ELEMENT":"f.8BB5FC29C6DF408E67DE758247EB098E.d.DE89254EA822E877CB3C859D7EB2C27A.e.881"}]}
COMMAND: POST /session/1d4a453559b0d20f8127ccadf842912f/execute/async - {"script":"<script> [1562 bytes]","args":[{"selector":{"id":"application-ruinventorylist-display-component---Master--smartFilterBar-btnBasicSearch","interaction":{"idSuffix":"I"}},"wdio_ui5_key":"applicationruinventorylist-display-component---Master--smartFilterBar-btnBasicSearch"}]}
COMMAND: GET /session/1d4a453559b0d20f8127ccadf842912f/screenshot - {}
RESULT: {"script":"<script> [1562 bytes]","args":[{"selector":{"id":"application-ruinventorylist-display-component---Master--smartFilterBar-btnBasicSearch","interaction":{"idSuffix":"I"}},"wdio_ui5_key":"applicationruinventorylist-display-component---Master--smartFilterBar-btnBasicSearch"}]}
RESULT: undefined
COMMAND: POST /session/1d4a453559b0d20f8127ccadf842912f/execute/async - {"script":"<script> [776 bytes]","args":[{"enterText":"600002","selector":{"id":"application-ruinventorylist-display-component---Master--smartFilterBar-btnBasicSearch","interaction":{"idSuffix":"I"}},"clearTextFirst":true,"interactionType":"ENTER_TEXT"}]}
RESULT: {}
RESULT: {"script":"<script> [776 bytes]","args":[{"enterText":"600002","selector":{"id":"application-ruinventorylist-display-component---Master--smartFilterBar-btnBasicSearch","interaction":{"idSuffix":"I"}},"clearTextFirst":true,"interactionType":"ENTER_TEXT"}]}
COMMAND: POST /session/1d4a453559b0d20f8127ccadf842912f/actions - {"actions":[{"id":"action3","type":"key","parameters":{},"actions":[{"type":"keyDown","value":"î€‡"},{"type":"pause","duration":10},{"type":"keyUp","value":"î€‡"}]}]}
RESULT: {"actions":[{"id":"action3","type":"key","parameters":{},"actions":[{"type":"keyDown","value":"î€‡"},{"type":"pause","duration":10},{"type":"keyUp","value":"î€‡"}]}]}
COMMAND: GET /session/1d4a453559b0d20f8127ccadf842912f/screenshot - {}
RESULT: {}
COMMAND: POST /session/1d4a453559b0d20f8127ccadf842912f/element - {"using":"xpath","value":"//span[@id=\"application-ruinventorylist-display-component---Master--smartTableRuInventoryList-header-inner\"]"}
RESULT: {"using":"xpath","value":"//span[@id=\"application-ruinventorylist-display-component---Master--smartTableRuInventoryList-header-inner\"]"}
COMMAND: POST /session/1d4a453559b0d20f8127ccadf842912f/elements - {"using":"xpath","value":"//span[@id=\"application-ruinventorylist-display-component---Master--smartTableRuInventoryList-header-inner\"]"}
RESULT: {"using":"xpath","value":"//span[@id=\"application-ruinventorylist-display-component---Master--smartTableRuInventoryList-header-inner\"]"}
COMMAND: POST /session/1d4a453559b0d20f8127ccadf842912f/execute/sync - {"script":"<script> [56 bytes]","args":[{"element-6066-11e4-a52e-4f735466cecf":"f.8BB5FC29C6DF408E67DE758247EB098E.d.DE89254EA822E877CB3C859D7EB2C27A.e.881","ELEMENT":"f.8BB5FC29C6DF408E67DE758247EB098E.d.DE89254EA822E877CB3C859D7EB2C27A.e.881"}]}
RESULT: {"script":"<script> [56 bytes]","args":[{"element-6066-11e4-a52e-4f735466cecf":"f.8BB5FC29C6DF408E67DE758247EB098E.d.DE89254EA822E877CB3C859D7EB2C27A.e.881","ELEMENT":"f.8BB5FC29C6DF408E67DE758247EB098E.d.DE89254EA822E877CB3C859D7EB2C27A.e.881"}]}
COMMAND: POST /session/1d4a453559b0d20f8127ccadf842912f/element - {"using":"xpath","value":"//table[contains(@id, \"application-ruinventorylist-display-component---Master--tableRuInventoryList-listUl\")]/tbody/tr[1]/td[2]/div/div"}
RESULT: {"using":"xpath","value":"//table[contains(@id, \"application-ruinventorylist-display-component---Master--tableRuInventoryList-listUl\")]/tbody/tr[1]/td[2]/div/div"}
COMMAND: POST /session/1d4a453559b0d20f8127ccadf842912f/element/f.8BB5FC29C6DF408E67DE758247EB098E.d.DE89254EA822E877CB3C859D7EB2C27A.e.889/click - {}
COMMAND: GET /session/1d4a453559b0d20f8127ccadf842912f/screenshot - {}
RESULT: {}
COMMAND: GET /session/1d4a453559b0d20f8127ccadf842912f/screenshot - {}
RESULT: {}
RESULT: {}
COMMAND: POST /session/1d4a453559b0d20f8127ccadf842912f/element - {"using":"xpath","value":"//div[contains(@id, \"smartFilterBar-btnBasicSearch-reset\")]"}
RESULT: {"using":"xpath","value":"//div[contains(@id, \"smartFilterBar-btnBasicSearch-reset\")]"}
COMMAND: POST /session/1d4a453559b0d20f8127ccadf842912f/element/f.8BB5FC29C6DF408E67DE758247EB098E.d.DE89254EA822E877CB3C859D7EB2C27A.e.899/click - {}
RESULT: {}
COMMAND: GET /session/1d4a453559b0d20f8127ccadf842912f/screenshot - {}
RESULT: {}
RESULT: undefined
COMMAND: POST /session/1d4a453559b0d20f8127ccadf842912f/execute/async - {"script":"<script> [776 bytes]","args":[{"enterText":"401002","selector":{"id":"application-ruinventorylist-display-component---Master--smartFilterBar-btnBasicSearch","interaction":{"idSuffix":"I"}},"clearTextFirst":true,"interactionType":"ENTER_TEXT"}]}
RESULT: {"script":"<script> [776 bytes]","args":[{"enterText":"401002","selector":{"id":"application-ruinventorylist-display-component---Master--smartFilterBar-btnBasicSearch","interaction":{"idSuffix":"I"}},"clearTextFirst":true,"interactionType":"ENTER_TEXT"}]}
COMMAND: POST /session/1d4a453559b0d20f8127ccadf842912f/actions - {"actions":[{"id":"action4","type":"key","parameters":{},"actions":[{"type":"keyDown","value":"î€‡"},{"type":"pause","duration":10},{"type":"keyUp","value":"î€‡"}]}]}
RESULT: {"actions":[{"id":"action4","type":"key","parameters":{},"actions":[{"type":"keyDown","value":"î€‡"},{"type":"pause","duration":10},{"type":"keyUp","value":"î€‡"}]}]}
COMMAND: GET /session/1d4a453559b0d20f8127ccadf842912f/screenshot - {}
RESULT: {}
COMMAND: POST /session/1d4a453559b0d20f8127ccadf842912f/element - {"using":"xpath","value":"//span[@id=\"application-ruinventorylist-display-component---Master--smartTableRuInventoryList-header-inner\"]"}
RESULT: {"using":"xpath","value":"//span[@id=\"application-ruinventorylist-display-component---Master--smartTableRuInventoryList-header-inner\"]"}
COMMAND: POST /session/1d4a453559b0d20f8127ccadf842912f/elements - {"using":"xpath","value":"//span[@id=\"application-ruinventorylist-display-component---Master--smartTableRuInventoryList-header-inner\"]"}
RESULT: {"using":"xpath","value":"//span[@id=\"application-ruinventorylist-display-component---Master--smartTableRuInventoryList-header-inner\"]"}
COMMAND: POST /session/1d4a453559b0d20f8127ccadf842912f/execute/sync - {"script":"<script> [56 bytes]","args":[{"element-6066-11e4-a52e-4f735466cecf":"f.8BB5FC29C6DF408E67DE758247EB098E.d.DE89254EA822E877CB3C859D7EB2C27A.e.881","ELEMENT":"f.8BB5FC29C6DF408E67DE758247EB098E.d.DE89254EA822E877CB3C859D7EB2C27A.e.881"}]}
RESULT: {"script":"<script> [56 bytes]","args":[{"element-6066-11e4-a52e-4f735466cecf":"f.8BB5FC29C6DF408E67DE758247EB098E.d.DE89254EA822E877CB3C859D7EB2C27A.e.881","ELEMENT":"f.8BB5FC29C6DF408E67DE758247EB098E.d.DE89254EA822E877CB3C859D7EB2C27A.e.881"}]}
COMMAND: POST /session/1d4a453559b0d20f8127ccadf842912f/element - {"using":"xpath","value":"//table[contains(@id, \"application-ruinventorylist-display-component---Master--tableRuInventoryList-listUl\")]/tbody/tr[1]/td[2]/div/div"}
COMMAND: GET /session/1d4a453559b0d20f8127ccadf842912f/screenshot - {}
RESULT: {"using":"xpath","value":"//table[contains(@id, \"application-ruinventorylist-display-component---Master--tableRuInventoryList-listUl\")]/tbody/tr[1]/td[2]/div/div"}
COMMAND: POST /session/1d4a453559b0d20f8127ccadf842912f/element/f.8BB5FC29C6DF408E67DE758247EB098E.d.DE89254EA822E877CB3C859D7EB2C27A.e.1053/click - {}
RESULT: {}
RESULT: {}
COMMAND: GET /session/1d4a453559b0d20f8127ccadf842912f/screenshot - {}
RESULT: {}
COMMAND: POST /session/1d4a453559b0d20f8127ccadf842912f/element - {"using":"xpath","value":"//div[contains(@id, \"smartFilterBar-btnBasicSearch-reset\")]"}
RESULT: {"using":"xpath","value":"//div[contains(@id, \"smartFilterBar-btnBasicSearch-reset\")]"}
COMMAND: POST /session/1d4a453559b0d20f8127ccadf842912f/element/f.8BB5FC29C6DF408E67DE758247EB098E.d.DE89254EA822E877CB3C859D7EB2C27A.e.899/click - {}
RESULT: {}
COMMAND: GET /session/1d4a453559b0d20f8127ccadf842912f/screenshot - {}
RESULT: {}
COMMAND: POST /session/1d4a453559b0d20f8127ccadf842912f/element/f.8BB5FC29C6DF408E67DE758247EB098E.d.DE89254EA822E877CB3C859D7EB2C27A.e.296/click - {}
RESULT: {}
COMMAND: GET /session/1d4a453559b0d20f8127ccadf842912f/screenshot - {}
RESULT: {}
COMMAND: POST /session/1d4a453559b0d20f8127ccadf842912f/execute/async - {"script":"<script> [1562 bytes]","args":[{"selector":{"controlType":"sap.m.Title","viewName":"etm.portal.ui.ruinventorylist.view.Master","viewId":"application-ruinventorylist-display-component---Master","properties":{"text":"Mass State Change"},"searchOpenDialogs":true},"wdio_ui5_key":"etmportal.ui.ruinventorylist.view.Mastersap.m.Title{\"text\":\"Mass State Change\"}"}]}
RESULT: {"script":"<script> [1562 bytes]","args":[{"selector":{"controlType":"sap.m.Title","viewName":"etm.portal.ui.ruinventorylist.view.Master","viewId":"application-ruinventorylist-display-component---Master","properties":{"text":"Mass State Change"},"searchOpenDialogs":true},"wdio_ui5_key":"etmportal.ui.ruinventorylist.view.Mastersap.m.Title{\"text\":\"Mass State Change\"}"}]}
RESULT: undefined
COMMAND: POST /session/1d4a453559b0d20f8127ccadf842912f/execute/async - {"script":"<script> [6424 bytes]","args":[{"element-6066-11e4-a52e-4f735466cecf":"f.8BB5FC29C6DF408E67DE758247EB098E.d.DE89254EA822E877CB3C859D7EB2C27A.e.1229"},"getText",[]]}
RESULT: {"script":"<script> [6424 bytes]","args":[{"element-6066-11e4-a52e-4f735466cecf":"f.8BB5FC29C6DF408E67DE758247EB098E.d.DE89254EA822E877CB3C859D7EB2C27A.e.1229"},"getText",[]]}
COMMAND: POST /session/1d4a453559b0d20f8127ccadf842912f/element - {"using":"xpath","value":"(//bdi[contains(text(), \"OK\")])[1]"}
RESULT: {"using":"xpath","value":"(//bdi[contains(text(), \"OK\")])[1]"}
COMMAND: POST /session/1d4a453559b0d20f8127ccadf842912f/element/f.8BB5FC29C6DF408E67DE758247EB098E.d.DE89254EA822E877CB3C859D7EB2C27A.e.1230/click - {}
RESULT: {}
COMMAND: GET /session/1d4a453559b0d20f8127ccadf842912f/screenshot - {}
RESULT: {}
COMMAND: POST /session/1d4a453559b0d20f8127ccadf842912f/element - {"using":"css selector","value":"div.sapMMessageBoxError"}
RESULT: {"using":"css selector","value":"div.sapMMessageBoxError"}
COMMAND: POST /session/1d4a453559b0d20f8127ccadf842912f/elements - {"using":"css selector","value":"div.sapMMessageBoxError"}
RESULT: {"using":"css selector","value":"div.sapMMessageBoxError"}
COMMAND: POST /session/1d4a453559b0d20f8127ccadf842912f/element - {"using":"xpath","value":"(//bdi[contains(text(), \"Close\")])[1]"}
RESULT: {"using":"xpath","value":"(//bdi[contains(text(), \"Close\")])[1]"}
COMMAND: POST /session/1d4a453559b0d20f8127ccadf842912f/element/f.8BB5FC29C6DF408E67DE758247EB098E.d.DE89254EA822E877CB3C859D7EB2C27A.e.1235/click - {}
RESULT: {}
COMMAND: GET /session/1d4a453559b0d20f8127ccadf842912f/screenshot - {}
RESULT: {}
COMMAND: POST /session/1d4a453559b0d20f8127ccadf842912f/execute/async - {"script":"<script> [1562 bytes]","args":[{"selector":{"id":"application-ruinventorylist-display-component---Master--ruStateTypes-arrow","searchOpenDialogs":true},"wdio_ui5_key":"applicationruinventorylist-display-component---Master--ruStateTypes-arrow"}]}
RESULT: {"script":"<script> [1562 bytes]","args":[{"selector":{"id":"application-ruinventorylist-display-component---Master--ruStateTypes-arrow","searchOpenDialogs":true},"wdio_ui5_key":"applicationruinventorylist-display-component---Master--ruStateTypes-arrow"}]}
RESULT: undefined
COMMAND: POST /session/1d4a453559b0d20f8127ccadf842912f/element - {"using":"xpath","value":"//*[@id=\"application-ruinventorylist-display-component---Master--ruStateTypes-arrow\"]"}
RESULT: {"using":"xpath","value":"//*[@id=\"application-ruinventorylist-display-component---Master--ruStateTypes-arrow\"]"}
COMMAND: POST /session/1d4a453559b0d20f8127ccadf842912f/element/f.8BB5FC29C6DF408E67DE758247EB098E.d.DE89254EA822E877CB3C859D7EB2C27A.e.1236/click - {}
RESULT: {}
COMMAND: GET /session/1d4a453559b0d20f8127ccadf842912f/screenshot - {}
RESULT: {}
COMMAND: POST /session/1d4a453559b0d20f8127ccadf842912f/element - {"using":"xpath","value":"//li[.//span[text()=\"defect\"]]"}
RESULT: {"using":"xpath","value":"//li[.//span[text()=\"defect\"]]"}
COMMAND: POST /session/1d4a453559b0d20f8127ccadf842912f/element/f.8BB5FC29C6DF408E67DE758247EB098E.d.DE89254EA822E877CB3C859D7EB2C27A.e.1237/click - {}
RESULT: {}
COMMAND: GET /session/1d4a453559b0d20f8127ccadf842912f/screenshot - {}
RESULT: {}
COMMAND: POST /session/1d4a453559b0d20f8127ccadf842912f/element - {"using":"xpath","value":"(//span[@data-kt=\"trashMassStateChangeIcon\"])[1]"}
RESULT: {"using":"xpath","value":"(//span[@data-kt=\"trashMassStateChangeIcon\"])[1]"}
COMMAND: POST /session/1d4a453559b0d20f8127ccadf842912f/element/f.8BB5FC29C6DF408E67DE758247EB098E.d.DE89254EA822E877CB3C859D7EB2C27A.e.1238/click - {}
RESULT: {}
COMMAND: GET /session/1d4a453559b0d20f8127ccadf842912f/screenshot - {}
RESULT: {}
COMMAND: POST /session/1d4a453559b0d20f8127ccadf842912f/element - {"using":"xpath","value":"//table[contains(@id, \"massStateChangeTable-listUl\")]/tbody/tr[1]/td[11]/div/div/div/input"}
RESULT: {"using":"xpath","value":"//table[contains(@id, \"massStateChangeTable-listUl\")]/tbody/tr[1]/td[11]/div/div/div/input"}
COMMAND: GET /session/1d4a453559b0d20f8127ccadf842912f/element/f.8BB5FC29C6DF408E67DE758247EB098E.d.DE89254EA822E877CB3C859D7EB2C27A.e.1222/property/value - {}
RESULT: {}
COMMAND: POST /session/1d4a453559b0d20f8127ccadf842912f/element - {"using":"xpath","value":"(//span[@data-kt=\"trashMassStateChangeIcon\"])[2]"}
COMMAND: GET /session/1d4a453559b0d20f8127ccadf842912f/screenshot - {}
RESULT: {"using":"xpath","value":"(//span[@data-kt=\"trashMassStateChangeIcon\"])[2]"}
COMMAND: POST /session/1d4a453559b0d20f8127ccadf842912f/element/f.8BB5FC29C6DF408E67DE758247EB098E.d.DE89254EA822E877CB3C859D7EB2C27A.e.1240/click - {}
RESULT: {}
RESULT: {}
COMMAND: GET /session/1d4a453559b0d20f8127ccadf842912f/screenshot - {}
RESULT: {}
COMMAND: POST /session/1d4a453559b0d20f8127ccadf842912f/element - {"using":"xpath","value":"//table[contains(@id, \"massStateChangeTable-listUl\")]/tbody/tr[2]/td[11]/div/div/div/input"}
RESULT: {"using":"xpath","value":"//table[contains(@id, \"massStateChangeTable-listUl\")]/tbody/tr[2]/td[11]/div/div/div/input"}
COMMAND: GET /session/1d4a453559b0d20f8127ccadf842912f/element/f.8BB5FC29C6DF408E67DE758247EB098E.d.DE89254EA822E877CB3C859D7EB2C27A.e.1226/property/value - {}
RESULT: {}
COMMAND: POST /session/1d4a453559b0d20f8127ccadf842912f/element - {"using":"xpath","value":"//table[contains(@id, \"massStateChangeTable-listUl\")]/tbody/tr[1]/td[10]/div/span/span[1]"}
COMMAND: GET /session/1d4a453559b0d20f8127ccadf842912f/screenshot - {}
RESULT: {"using":"xpath","value":"//table[contains(@id, \"massStateChangeTable-listUl\")]/tbody/tr[1]/td[10]/div/span/span[1]"}
COMMAND: POST /session/1d4a453559b0d20f8127ccadf842912f/execute/sync - {"script":"<script> [56 bytes]","args":[{"element-6066-11e4-a52e-4f735466cecf":"f.8BB5FC29C6DF408E67DE758247EB098E.d.DE89254EA822E877CB3C859D7EB2C27A.e.1242","ELEMENT":"f.8BB5FC29C6DF408E67DE758247EB098E.d.DE89254EA822E877CB3C859D7EB2C27A.e.1242"}]}
RESULT: {}
RESULT: {"script":"<script> [56 bytes]","args":[{"element-6066-11e4-a52e-4f735466cecf":"f.8BB5FC29C6DF408E67DE758247EB098E.d.DE89254EA822E877CB3C859D7EB2C27A.e.1242","ELEMENT":"f.8BB5FC29C6DF408E67DE758247EB098E.d.DE89254EA822E877CB3C859D7EB2C27A.e.1242"}]}
COMMAND: POST /session/1d4a453559b0d20f8127ccadf842912f/element - {"using":"xpath","value":"//table[contains(@id, \"massStateChangeTable-listUl\")]/tbody/tr[1]/td[11]/div/div/div/div[2]/span"}
COMMAND: GET /session/1d4a453559b0d20f8127ccadf842912f/screenshot - {}
RESULT: {"using":"xpath","value":"//table[contains(@id, \"massStateChangeTable-listUl\")]/tbody/tr[1]/td[11]/div/div/div/div[2]/span"}
COMMAND: POST /session/1d4a453559b0d20f8127ccadf842912f/element/f.8BB5FC29C6DF408E67DE758247EB098E.d.DE89254EA822E877CB3C859D7EB2C27A.e.1243/click - {}
RESULT: {}
RESULT: {}
COMMAND: GET /session/1d4a453559b0d20f8127ccadf842912f/screenshot - {}
RESULT: {}
COMMAND: POST /session/1d4a453559b0d20f8127ccadf842912f/element - {"using":"xpath","value":"//table[contains(@id, \"massStateChangeTable-listUl\")]/tbody/tr[1]/td[11]/div/div/div/div[2]/span"}
RESULT: {"using":"xpath","value":"//table[contains(@id, \"massStateChangeTable-listUl\")]/tbody/tr[1]/td[11]/div/div/div/div[2]/span"}
COMMAND: POST /session/1d4a453559b0d20f8127ccadf842912f/element/f.8BB5FC29C6DF408E67DE758247EB098E.d.DE89254EA822E877CB3C859D7EB2C27A.e.1243/click - {}
RESULT: {}
COMMAND: GET /session/1d4a453559b0d20f8127ccadf842912f/screenshot - {}
RESULT: {}
COMMAND: POST /session/1d4a453559b0d20f8127ccadf842912f/element - {"using":"xpath","value":"//table[contains(@id, \"massStateChangeTable-listUl\")]/tbody/tr[1]/td[11]/div/div/div/div[2]/span"}
RESULT: {"using":"xpath","value":"//table[contains(@id, \"massStateChangeTable-listUl\")]/tbody/tr[1]/td[11]/div/div/div/div[2]/span"}
COMMAND: POST /session/1d4a453559b0d20f8127ccadf842912f/element/f.8BB5FC29C6DF408E67DE758247EB098E.d.DE89254EA822E877CB3C859D7EB2C27A.e.1243/click - {}
RESULT: {}
COMMAND: GET /session/1d4a453559b0d20f8127ccadf842912f/screenshot - {}
RESULT: {}
COMMAND: POST /session/1d4a453559b0d20f8127ccadf842912f/element - {"using":"xpath","value":"//table[contains(@id, \"massStateChangeTable-listUl\")]/tbody/tr[1]/td[11]/div/div/div/div[2]/span"}
RESULT: {"using":"xpath","value":"//table[contains(@id, \"massStateChangeTable-listUl\")]/tbody/tr[1]/td[11]/div/div/div/div[2]/span"}
COMMAND: POST /session/1d4a453559b0d20f8127ccadf842912f/element/f.8BB5FC29C6DF408E67DE758247EB098E.d.DE89254EA822E877CB3C859D7EB2C27A.e.1243/click - {}
RESULT: {}
COMMAND: GET /session/1d4a453559b0d20f8127ccadf842912f/screenshot - {}
RESULT: {}
COMMAND: POST /session/1d4a453559b0d20f8127ccadf842912f/element - {"using":"xpath","value":"//table[contains(@id, \"massStateChangeTable-listUl\")]/tbody/tr[1]/td[11]/div/div/div/div[2]/span"}
RESULT: {"using":"xpath","value":"//table[contains(@id, \"massStateChangeTable-listUl\")]/tbody/tr[1]/td[11]/div/div/div/div[2]/span"}
COMMAND: POST /session/1d4a453559b0d20f8127ccadf842912f/element/f.8BB5FC29C6DF408E67DE758247EB098E.d.DE89254EA822E877CB3C859D7EB2C27A.e.1243/click - {}
RESULT: {}
COMMAND: GET /session/1d4a453559b0d20f8127ccadf842912f/screenshot - {}
RESULT: {}
COMMAND: POST /session/1d4a453559b0d20f8127ccadf842912f/element - {"using":"xpath","value":"//table[contains(@id, \"massStateChangeTable-listUl\")]/tbody/tr[1]/td[11]/div/div/div/div[2]/span"}
RESULT: {"using":"xpath","value":"//table[contains(@id, \"massStateChangeTable-listUl\")]/tbody/tr[1]/td[11]/div/div/div/div[2]/span"}
COMMAND: POST /session/1d4a453559b0d20f8127ccadf842912f/element/f.8BB5FC29C6DF408E67DE758247EB098E.d.DE89254EA822E877CB3C859D7EB2C27A.e.1243/click - {}
RESULT: {}
COMMAND: GET /session/1d4a453559b0d20f8127ccadf842912f/screenshot - {}
RESULT: {}
COMMAND: POST /session/1d4a453559b0d20f8127ccadf842912f/element - {"using":"xpath","value":"//table[contains(@id, \"massStateChangeTable-listUl\")]/tbody/tr[1]/td[11]/div/div/div/div[2]/span"}
RESULT: {"using":"xpath","value":"//table[contains(@id, \"massStateChangeTable-listUl\")]/tbody/tr[1]/td[11]/div/div/div/div[2]/span"}
COMMAND: POST /session/1d4a453559b0d20f8127ccadf842912f/element/f.8BB5FC29C6DF408E67DE758247EB098E.d.DE89254EA822E877CB3C859D7EB2C27A.e.1243/click - {}
RESULT: {}
COMMAND: GET /session/1d4a453559b0d20f8127ccadf842912f/screenshot - {}
RESULT: {}
COMMAND: POST /session/1d4a453559b0d20f8127ccadf842912f/element - {"using":"xpath","value":"//table[contains(@id, \"massStateChangeTable-listUl\")]/tbody/tr[1]/td[11]/div/div/div/div[2]/span"}
RESULT: {"using":"xpath","value":"//table[contains(@id, \"massStateChangeTable-listUl\")]/tbody/tr[1]/td[11]/div/div/div/div[2]/span"}
COMMAND: POST /session/1d4a453559b0d20f8127ccadf842912f/element/f.8BB5FC29C6DF408E67DE758247EB098E.d.DE89254EA822E877CB3C859D7EB2C27A.e.1243/click - {}
RESULT: {}
COMMAND: GET /session/1d4a453559b0d20f8127ccadf842912f/screenshot - {}
RESULT: {}
COMMAND: POST /session/1d4a453559b0d20f8127ccadf842912f/element - {"using":"xpath","value":"//table[contains(@id, \"massStateChangeTable-listUl\")]/tbody/tr[1]/td[11]/div/div/div/div[2]/span"}
RESULT: {"using":"xpath","value":"//table[contains(@id, \"massStateChangeTable-listUl\")]/tbody/tr[1]/td[11]/div/div/div/div[2]/span"}
COMMAND: POST /session/1d4a453559b0d20f8127ccadf842912f/element/f.8BB5FC29C6DF408E67DE758247EB098E.d.DE89254EA822E877CB3C859D7EB2C27A.e.1243/click - {}
RESULT: {}
COMMAND: GET /session/1d4a453559b0d20f8127ccadf842912f/screenshot - {}
RESULT: {}
COMMAND: POST /session/1d4a453559b0d20f8127ccadf842912f/element - {"using":"xpath","value":"//table[contains(@id, \"massStateChangeTable-listUl\")]/tbody/tr[1]/td[11]/div/div/div/div[2]/span"}
RESULT: {"using":"xpath","value":"//table[contains(@id, \"massStateChangeTable-listUl\")]/tbody/tr[1]/td[11]/div/div/div/div[2]/span"}
COMMAND: POST /session/1d4a453559b0d20f8127ccadf842912f/element/f.8BB5FC29C6DF408E67DE758247EB098E.d.DE89254EA822E877CB3C859D7EB2C27A.e.1243/click - {}
RESULT: {}
COMMAND: GET /session/1d4a453559b0d20f8127ccadf842912f/screenshot - {}
RESULT: {}
COMMAND: POST /session/1d4a453559b0d20f8127ccadf842912f/element - {"using":"xpath","value":"//table[contains(@id, \"massStateChangeTable-listUl\")]/tbody/tr[1]/td[11]/div/div/div/div[2]/span"}
RESULT: {"using":"xpath","value":"//table[contains(@id, \"massStateChangeTable-listUl\")]/tbody/tr[1]/td[11]/div/div/div/div[2]/span"}
COMMAND: POST /session/1d4a453559b0d20f8127ccadf842912f/element/f.8BB5FC29C6DF408E67DE758247EB098E.d.DE89254EA822E877CB3C859D7EB2C27A.e.1243/click - {}
RESULT: {}
COMMAND: GET /session/1d4a453559b0d20f8127ccadf842912f/screenshot - {}
RESULT: {}
COMMAND: POST /session/1d4a453559b0d20f8127ccadf842912f/element - {"using":"xpath","value":"//table[contains(@id, \"massStateChangeTable-listUl\")]/tbody/tr[1]/td[11]/div/div/div/div[2]/span"}
RESULT: {"using":"xpath","value":"//table[contains(@id, \"massStateChangeTable-listUl\")]/tbody/tr[1]/td[11]/div/div/div/div[2]/span"}
COMMAND: POST /session/1d4a453559b0d20f8127ccadf842912f/element/f.8BB5FC29C6DF408E67DE758247EB098E.d.DE89254EA822E877CB3C859D7EB2C27A.e.1243/click - {}
RESULT: {}
COMMAND: GET /session/1d4a453559b0d20f8127ccadf842912f/screenshot - {}
RESULT: {}
COMMAND: POST /session/1d4a453559b0d20f8127ccadf842912f/element - {"using":"xpath","value":"//table[contains(@id, \"massStateChangeTable-listUl\")]/tbody/tr[1]/td[11]/div/div/div/div[2]/span"}
RESULT: {"using":"xpath","value":"//table[contains(@id, \"massStateChangeTable-listUl\")]/tbody/tr[1]/td[11]/div/div/div/div[2]/span"}
COMMAND: POST /session/1d4a453559b0d20f8127ccadf842912f/element/f.8BB5FC29C6DF408E67DE758247EB098E.d.DE89254EA822E877CB3C859D7EB2C27A.e.1243/click - {}
RESULT: {}
COMMAND: GET /session/1d4a453559b0d20f8127ccadf842912f/screenshot - {}
RESULT: {}
COMMAND: POST /session/1d4a453559b0d20f8127ccadf842912f/element - {"using":"xpath","value":"//table[contains(@id, \"massStateChangeTable-listUl\")]/tbody/tr[1]/td[11]/div/div/div/div[2]/span"}
RESULT: {"using":"xpath","value":"//table[contains(@id, \"massStateChangeTable-listUl\")]/tbody/tr[1]/td[11]/div/div/div/div[2]/span"}
COMMAND: POST /session/1d4a453559b0d20f8127ccadf842912f/element/f.8BB5FC29C6DF408E67DE758247EB098E.d.DE89254EA822E877CB3C859D7EB2C27A.e.1243/click - {}
RESULT: {}
COMMAND: GET /session/1d4a453559b0d20f8127ccadf842912f/screenshot - {}
RESULT: {}
COMMAND: POST /session/1d4a453559b0d20f8127ccadf842912f/element - {"using":"xpath","value":"//table[contains(@id, \"massStateChangeTable-listUl\")]/tbody/tr[1]/td[11]/div/div/div/div[2]/span"}
RESULT: {"using":"xpath","value":"//table[contains(@id, \"massStateChangeTable-listUl\")]/tbody/tr[1]/td[11]/div/div/div/div[2]/span"}
COMMAND: POST /session/1d4a453559b0d20f8127ccadf842912f/element/f.8BB5FC29C6DF408E67DE758247EB098E.d.DE89254EA822E877CB3C859D7EB2C27A.e.1243/click - {}
RESULT: {}
COMMAND: GET /session/1d4a453559b0d20f8127ccadf842912f/screenshot - {}
RESULT: {}
COMMAND: POST /session/1d4a453559b0d20f8127ccadf842912f/element - {"using":"xpath","value":"//table[contains(@id, \"massStateChangeTable-listUl\")]/tbody/tr[1]/td[11]/div/div/div/div[2]/span"}
RESULT: {"using":"xpath","value":"//table[contains(@id, \"massStateChangeTable-listUl\")]/tbody/tr[1]/td[11]/div/div/div/div[2]/span"}
COMMAND: POST /session/1d4a453559b0d20f8127ccadf842912f/element/f.8BB5FC29C6DF408E67DE758247EB098E.d.DE89254EA822E877CB3C859D7EB2C27A.e.1243/click - {}
RESULT: {}
COMMAND: GET /session/1d4a453559b0d20f8127ccadf842912f/screenshot - {}
RESULT: {}
COMMAND: POST /session/1d4a453559b0d20f8127ccadf842912f/element - {"using":"xpath","value":"//table[contains(@id, \"massStateChangeTable-listUl\")]/tbody/tr[1]/td[11]/div/div/div/div[2]/span"}
RESULT: {"using":"xpath","value":"//table[contains(@id, \"massStateChangeTable-listUl\")]/tbody/tr[1]/td[11]/div/div/div/div[2]/span"}
COMMAND: POST /session/1d4a453559b0d20f8127ccadf842912f/element/f.8BB5FC29C6DF408E67DE758247EB098E.d.DE89254EA822E877CB3C859D7EB2C27A.e.1243/click - {}
RESULT: {}
COMMAND: GET /session/1d4a453559b0d20f8127ccadf842912f/screenshot - {}
RESULT: {}
COMMAND: POST /session/1d4a453559b0d20f8127ccadf842912f/element - {"using":"xpath","value":"//table[contains(@id, \"massStateChangeTable-listUl\")]/tbody/tr[1]/td[11]/div/div/div/div[2]/span"}
RESULT: {"using":"xpath","value":"//table[contains(@id, \"massStateChangeTable-listUl\")]/tbody/tr[1]/td[11]/div/div/div/div[2]/span"}
COMMAND: POST /session/1d4a453559b0d20f8127ccadf842912f/element/f.8BB5FC29C6DF408E67DE758247EB098E.d.DE89254EA822E877CB3C859D7EB2C27A.e.1243/click - {}
RESULT: {}
COMMAND: GET /session/1d4a453559b0d20f8127ccadf842912f/screenshot - {}
RESULT: {}
COMMAND: POST /session/1d4a453559b0d20f8127ccadf842912f/element - {"using":"xpath","value":"//table[contains(@id, \"massStateChangeTable-listUl\")]/tbody/tr[1]/td[11]/div/div/div/div[2]/span"}
RESULT: {"using":"xpath","value":"//table[contains(@id, \"massStateChangeTable-listUl\")]/tbody/tr[1]/td[11]/div/div/div/div[2]/span"}
COMMAND: POST /session/1d4a453559b0d20f8127ccadf842912f/element/f.8BB5FC29C6DF408E67DE758247EB098E.d.DE89254EA822E877CB3C859D7EB2C27A.e.1243/click - {}
RESULT: {}
COMMAND: GET /session/1d4a453559b0d20f8127ccadf842912f/screenshot - {}
RESULT: {}
COMMAND: POST /session/1d4a453559b0d20f8127ccadf842912f/element - {"using":"xpath","value":"//table[contains(@id, \"massStateChangeTable-listUl\")]/tbody/tr[1]/td[11]/div/div/div/div[2]/span"}
RESULT: {"using":"xpath","value":"//table[contains(@id, \"massStateChangeTable-listUl\")]/tbody/tr[1]/td[11]/div/div/div/div[2]/span"}
COMMAND: POST /session/1d4a453559b0d20f8127ccadf842912f/element/f.8BB5FC29C6DF408E67DE758247EB098E.d.DE89254EA822E877CB3C859D7EB2C27A.e.1243/click - {}
RESULT: {}
COMMAND: GET /session/1d4a453559b0d20f8127ccadf842912f/screenshot - {}
RESULT: {}
COMMAND: POST /session/1d4a453559b0d20f8127ccadf842912f/element - {"using":"xpath","value":"//table[contains(@id, \"massStateChangeTable-listUl\")]/tbody/tr[1]/td[11]/div/div/div/div[2]/span"}
RESULT: {"using":"xpath","value":"//table[contains(@id, \"massStateChangeTable-listUl\")]/tbody/tr[1]/td[11]/div/div/div/div[2]/span"}
COMMAND: POST /session/1d4a453559b0d20f8127ccadf842912f/element/f.8BB5FC29C6DF408E67DE758247EB098E.d.DE89254EA822E877CB3C859D7EB2C27A.e.1243/click - {}
RESULT: {}
COMMAND: GET /session/1d4a453559b0d20f8127ccadf842912f/screenshot - {}
RESULT: {}
COMMAND: POST /session/1d4a453559b0d20f8127ccadf842912f/element - {"using":"xpath","value":"//table[contains(@id, \"massStateChangeTable-listUl\")]/tbody/tr[1]/td[11]/div/div/div/div[2]/span"}
RESULT: {"using":"xpath","value":"//table[contains(@id, \"massStateChangeTable-listUl\")]/tbody/tr[1]/td[11]/div/div/div/div[2]/span"}
COMMAND: POST /session/1d4a453559b0d20f8127ccadf842912f/element/f.8BB5FC29C6DF408E67DE758247EB098E.d.DE89254EA822E877CB3C859D7EB2C27A.e.1243/click - {}
RESULT: {}
COMMAND: GET /session/1d4a453559b0d20f8127ccadf842912f/screenshot - {}
RESULT: {}
COMMAND: POST /session/1d4a453559b0d20f8127ccadf842912f/element - {"using":"xpath","value":"//table[contains(@id, \"massStateChangeTable-listUl\")]/tbody/tr[1]/td[11]/div/div/div/div[2]/span"}
RESULT: {"using":"xpath","value":"//table[contains(@id, \"massStateChangeTable-listUl\")]/tbody/tr[1]/td[11]/div/div/div/div[2]/span"}
COMMAND: POST /session/1d4a453559b0d20f8127ccadf842912f/element/f.8BB5FC29C6DF408E67DE758247EB098E.d.DE89254EA822E877CB3C859D7EB2C27A.e.1243/click - {}
RESULT: {}
COMMAND: GET /session/1d4a453559b0d20f8127ccadf842912f/screenshot - {}
RESULT: {}
COMMAND: POST /session/1d4a453559b0d20f8127ccadf842912f/element - {"using":"xpath","value":"//table[contains(@id, \"massStateChangeTable-listUl\")]/tbody/tr[1]/td[11]/div/div/div/div[2]/span"}
RESULT: {"using":"xpath","value":"//table[contains(@id, \"massStateChangeTable-listUl\")]/tbody/tr[1]/td[11]/div/div/div/div[2]/span"}
COMMAND: POST /session/1d4a453559b0d20f8127ccadf842912f/element/f.8BB5FC29C6DF408E67DE758247EB098E.d.DE89254EA822E877CB3C859D7EB2C27A.e.1243/click - {}
RESULT: {}
COMMAND: GET /session/1d4a453559b0d20f8127ccadf842912f/screenshot - {}
RESULT: {}
COMMAND: POST /session/1d4a453559b0d20f8127ccadf842912f/element - {"using":"xpath","value":"//table[contains(@id, \"massStateChangeTable-listUl\")]/tbody/tr[1]/td[11]/div/div/div/div[2]/span"}
RESULT: {"using":"xpath","value":"//table[contains(@id, \"massStateChangeTable-listUl\")]/tbody/tr[1]/td[11]/div/div/div/div[2]/span"}
COMMAND: POST /session/1d4a453559b0d20f8127ccadf842912f/element/f.8BB5FC29C6DF408E67DE758247EB098E.d.DE89254EA822E877CB3C859D7EB2C27A.e.1243/click - {}
RESULT: {}
COMMAND: GET /session/1d4a453559b0d20f8127ccadf842912f/screenshot - {}
RESULT: {}
COMMAND: POST /session/1d4a453559b0d20f8127ccadf842912f/element - {"using":"xpath","value":"//table[contains(@id, \"massStateChangeTable-listUl\")]/tbody/tr[1]/td[11]/div/div/div/div[2]/span"}
RESULT: {"using":"xpath","value":"//table[contains(@id, \"massStateChangeTable-listUl\")]/tbody/tr[1]/td[11]/div/div/div/div[2]/span"}
COMMAND: POST /session/1d4a453559b0d20f8127ccadf842912f/element/f.8BB5FC29C6DF408E67DE758247EB098E.d.DE89254EA822E877CB3C859D7EB2C27A.e.1243/click - {}
RESULT: {}
COMMAND: GET /session/1d4a453559b0d20f8127ccadf842912f/screenshot - {}
RESULT: {}
COMMAND: POST /session/1d4a453559b0d20f8127ccadf842912f/element - {"using":"xpath","value":"//table[contains(@id, \"massStateChangeTable-listUl\")]/tbody/tr[1]/td[11]/div/div/div/div[2]/span"}
RESULT: {"using":"xpath","value":"//table[contains(@id, \"massStateChangeTable-listUl\")]/tbody/tr[1]/td[11]/div/div/div/div[2]/span"}
COMMAND: POST /session/1d4a453559b0d20f8127ccadf842912f/element/f.8BB5FC29C6DF408E67DE758247EB098E.d.DE89254EA822E877CB3C859D7EB2C27A.e.1243/click - {}
RESULT: {}
COMMAND: GET /session/1d4a453559b0d20f8127ccadf842912f/screenshot - {}
RESULT: {}
COMMAND: POST /session/1d4a453559b0d20f8127ccadf842912f/element - {"using":"xpath","value":"//table[contains(@id, \"massStateChangeTable-listUl\")]/tbody/tr[1]/td[11]/div/div/div/div[2]/span"}
RESULT: {"using":"xpath","value":"//table[contains(@id, \"massStateChangeTable-listUl\")]/tbody/tr[1]/td[11]/div/div/div/div[2]/span"}
COMMAND: POST /session/1d4a453559b0d20f8127ccadf842912f/element/f.8BB5FC29C6DF408E67DE758247EB098E.d.DE89254EA822E877CB3C859D7EB2C27A.e.1243/click - {}
RESULT: {}
COMMAND: GET /session/1d4a453559b0d20f8127ccadf842912f/screenshot - {}
RESULT: {}
COMMAND: POST /session/1d4a453559b0d20f8127ccadf842912f/element - {"using":"xpath","value":"//table[contains(@id, \"massStateChangeTable-listUl\")]/tbody/tr[1]/td[11]/div/div/div/div[2]/span"}
RESULT: {"using":"xpath","value":"//table[contains(@id, \"massStateChangeTable-listUl\")]/tbody/tr[1]/td[11]/div/div/div/div[2]/span"}
COMMAND: POST /session/1d4a453559b0d20f8127ccadf842912f/element/f.8BB5FC29C6DF408E67DE758247EB098E.d.DE89254EA822E877CB3C859D7EB2C27A.e.1243/click - {}
RESULT: {}
COMMAND: GET /session/1d4a453559b0d20f8127ccadf842912f/screenshot - {}
RESULT: {}
COMMAND: POST /session/1d4a453559b0d20f8127ccadf842912f/element - {"using":"xpath","value":"//table[contains(@id, \"massStateChangeTable-listUl\")]/tbody/tr[1]/td[11]/div/div/div/div[2]/span"}
RESULT: {"using":"xpath","value":"//table[contains(@id, \"massStateChangeTable-listUl\")]/tbody/tr[1]/td[11]/div/div/div/div[2]/span"}
COMMAND: POST /session/1d4a453559b0d20f8127ccadf842912f/element/f.8BB5FC29C6DF408E67DE758247EB098E.d.DE89254EA822E877CB3C859D7EB2C27A.e.1243/click - {}
RESULT: {}
COMMAND: GET /session/1d4a453559b0d20f8127ccadf842912f/screenshot - {}
RESULT: {}
COMMAND: POST /session/1d4a453559b0d20f8127ccadf842912f/element - {"using":"xpath","value":"//table[contains(@id, \"massStateChangeTable-listUl\")]/tbody/tr[1]/td[11]/div/div/div/div[2]/span"}
RESULT: {"using":"xpath","value":"//table[contains(@id, \"massStateChangeTable-listUl\")]/tbody/tr[1]/td[11]/div/div/div/div[2]/span"}
COMMAND: POST /session/1d4a453559b0d20f8127ccadf842912f/element/f.8BB5FC29C6DF408E67DE758247EB098E.d.DE89254EA822E877CB3C859D7EB2C27A.e.1243/click - {}
RESULT: {}
COMMAND: GET /session/1d4a453559b0d20f8127ccadf842912f/screenshot - {}
RESULT: {}
COMMAND: POST /session/1d4a453559b0d20f8127ccadf842912f/element - {"using":"xpath","value":"//table[contains(@id, \"massStateChangeTable-listUl\")]/tbody/tr[1]/td[11]/div/div/div/div[2]/span"}
RESULT: {"using":"xpath","value":"//table[contains(@id, \"massStateChangeTable-listUl\")]/tbody/tr[1]/td[11]/div/div/div/div[2]/span"}
COMMAND: POST /session/1d4a453559b0d20f8127ccadf842912f/element/f.8BB5FC29C6DF408E67DE758247EB098E.d.DE89254EA822E877CB3C859D7EB2C27A.e.1243/click - {}
RESULT: {}
COMMAND: GET /session/1d4a453559b0d20f8127ccadf842912f/screenshot - {}
RESULT: {}
COMMAND: POST /session/1d4a453559b0d20f8127ccadf842912f/element - {"using":"xpath","value":"//table[contains(@id, \"massStateChangeTable-listUl\")]/tbody/tr[1]/td[11]/div/div/div/div[2]/span"}
RESULT: {"using":"xpath","value":"//table[contains(@id, \"massStateChangeTable-listUl\")]/tbody/tr[1]/td[11]/div/div/div/div[2]/span"}
COMMAND: POST /session/1d4a453559b0d20f8127ccadf842912f/element/f.8BB5FC29C6DF408E67DE758247EB098E.d.DE89254EA822E877CB3C859D7EB2C27A.e.1243/click - {}
RESULT: {}
COMMAND: GET /session/1d4a453559b0d20f8127ccadf842912f/screenshot - {}
RESULT: {}
COMMAND: POST /session/1d4a453559b0d20f8127ccadf842912f/element - {"using":"xpath","value":"//table[contains(@id, \"massStateChangeTable-listUl\")]/tbody/tr[1]/td[11]/div/div/div/div[2]/span"}
RESULT: {"using":"xpath","value":"//table[contains(@id, \"massStateChangeTable-listUl\")]/tbody/tr[1]/td[11]/div/div/div/div[2]/span"}
COMMAND: POST /session/1d4a453559b0d20f8127ccadf842912f/element/f.8BB5FC29C6DF408E67DE758247EB098E.d.DE89254EA822E877CB3C859D7EB2C27A.e.1243/click - {}
RESULT: {}
COMMAND: GET /session/1d4a453559b0d20f8127ccadf842912f/screenshot - {}
RESULT: {}
COMMAND: POST /session/1d4a453559b0d20f8127ccadf842912f/element - {"using":"xpath","value":"//table[contains(@id, \"massStateChangeTable-listUl\")]/tbody/tr[1]/td[11]/div/div/div/div[2]/span"}
RESULT: {"using":"xpath","value":"//table[contains(@id, \"massStateChangeTable-listUl\")]/tbody/tr[1]/td[11]/div/div/div/div[2]/span"}
COMMAND: POST /session/1d4a453559b0d20f8127ccadf842912f/element/f.8BB5FC29C6DF408E67DE758247EB098E.d.DE89254EA822E877CB3C859D7EB2C27A.e.1243/click - {}
RESULT: {}
COMMAND: GET /session/1d4a453559b0d20f8127ccadf842912f/screenshot - {}
RESULT: {}
COMMAND: POST /session/1d4a453559b0d20f8127ccadf842912f/element - {"using":"xpath","value":"//table[contains(@id, \"massStateChangeTable-listUl\")]/tbody/tr[1]/td[11]/div/div/div/div[2]/span"}
RESULT: {"using":"xpath","value":"//table[contains(@id, \"massStateChangeTable-listUl\")]/tbody/tr[1]/td[11]/div/div/div/div[2]/span"}
COMMAND: POST /session/1d4a453559b0d20f8127ccadf842912f/element/f.8BB5FC29C6DF408E67DE758247EB098E.d.DE89254EA822E877CB3C859D7EB2C27A.e.1243/click - {}
RESULT: {}
COMMAND: GET /session/1d4a453559b0d20f8127ccadf842912f/screenshot - {}
RESULT: {}
COMMAND: POST /session/1d4a453559b0d20f8127ccadf842912f/element - {"using":"xpath","value":"//table[contains(@id, \"massStateChangeTable-listUl\")]/tbody/tr[1]/td[11]/div/div/div/div[2]/span"}
RESULT: {"using":"xpath","value":"//table[contains(@id, \"massStateChangeTable-listUl\")]/tbody/tr[1]/td[11]/div/div/div/div[2]/span"}
COMMAND: POST /session/1d4a453559b0d20f8127ccadf842912f/element/f.8BB5FC29C6DF408E67DE758247EB098E.d.DE89254EA822E877CB3C859D7EB2C27A.e.1243/click - {}
RESULT: {}
COMMAND: GET /session/1d4a453559b0d20f8127ccadf842912f/screenshot - {}
RESULT: {}
COMMAND: POST /session/1d4a453559b0d20f8127ccadf842912f/element - {"using":"xpath","value":"//table[contains(@id, \"massStateChangeTable-listUl\")]/tbody/tr[1]/td[11]/div/div/div/div[2]/span"}
RESULT: {"using":"xpath","value":"//table[contains(@id, \"massStateChangeTable-listUl\")]/tbody/tr[1]/td[11]/div/div/div/div[2]/span"}
COMMAND: POST /session/1d4a453559b0d20f8127ccadf842912f/element/f.8BB5FC29C6DF408E67DE758247EB098E.d.DE89254EA822E877CB3C859D7EB2C27A.e.1243/click - {}
RESULT: {}
COMMAND: GET /session/1d4a453559b0d20f8127ccadf842912f/screenshot - {}
RESULT: {}
COMMAND: POST /session/1d4a453559b0d20f8127ccadf842912f/element - {"using":"xpath","value":"//table[contains(@id, \"massStateChangeTable-listUl\")]/tbody/tr[1]/td[11]/div/div/div/div[2]/span"}
RESULT: {"using":"xpath","value":"//table[contains(@id, \"massStateChangeTable-listUl\")]/tbody/tr[1]/td[11]/div/div/div/div[2]/span"}
COMMAND: POST /session/1d4a453559b0d20f8127ccadf842912f/element/f.8BB5FC29C6DF408E67DE758247EB098E.d.DE89254EA822E877CB3C859D7EB2C27A.e.1243/click - {}
RESULT: {}
COMMAND: GET /session/1d4a453559b0d20f8127ccadf842912f/screenshot - {}
RESULT: {}
COMMAND: POST /session/1d4a453559b0d20f8127ccadf842912f/element - {"using":"xpath","value":"//table[contains(@id, \"massStateChangeTable-listUl\")]/tbody/tr[1]/td[11]/div/div/div/div[2]/span"}
RESULT: {"using":"xpath","value":"//table[contains(@id, \"massStateChangeTable-listUl\")]/tbody/tr[1]/td[11]/div/div/div/div[2]/span"}
COMMAND: POST /session/1d4a453559b0d20f8127ccadf842912f/element/f.8BB5FC29C6DF408E67DE758247EB098E.d.DE89254EA822E877CB3C859D7EB2C27A.e.1243/click - {}
RESULT: {}
COMMAND: GET /session/1d4a453559b0d20f8127ccadf842912f/screenshot - {}
RESULT: {}
COMMAND: POST /session/1d4a453559b0d20f8127ccadf842912f/element - {"using":"xpath","value":"//table[contains(@id, \"massStateChangeTable-listUl\")]/tbody/tr[1]/td[11]/div/div/div/div[2]/span"}
RESULT: {"using":"xpath","value":"//table[contains(@id, \"massStateChangeTable-listUl\")]/tbody/tr[1]/td[11]/div/div/div/div[2]/span"}
COMMAND: POST /session/1d4a453559b0d20f8127ccadf842912f/element/f.8BB5FC29C6DF408E67DE758247EB098E.d.DE89254EA822E877CB3C859D7EB2C27A.e.1243/click - {}
RESULT: {}
COMMAND: GET /session/1d4a453559b0d20f8127ccadf842912f/screenshot - {}
RESULT: {}
COMMAND: POST /session/1d4a453559b0d20f8127ccadf842912f/element - {"using":"xpath","value":"//table[contains(@id, \"massStateChangeTable-listUl\")]/tbody/tr[1]/td[11]/div/div/div/div[2]/span"}
RESULT: {"using":"xpath","value":"//table[contains(@id, \"massStateChangeTable-listUl\")]/tbody/tr[1]/td[11]/div/div/div/div[2]/span"}
COMMAND: POST /session/1d4a453559b0d20f8127ccadf842912f/element/f.8BB5FC29C6DF408E67DE758247EB098E.d.DE89254EA822E877CB3C859D7EB2C27A.e.1243/click - {}
RESULT: {}
COMMAND: GET /session/1d4a453559b0d20f8127ccadf842912f/screenshot - {}
RESULT: {}
COMMAND: POST /session/1d4a453559b0d20f8127ccadf842912f/element - {"using":"xpath","value":"//table[contains(@id, \"massStateChangeTable-listUl\")]/tbody/tr[1]/td[11]/div/div/div/div[2]/span"}
RESULT: {"using":"xpath","value":"//table[contains(@id, \"massStateChangeTable-listUl\")]/tbody/tr[1]/td[11]/div/div/div/div[2]/span"}
COMMAND: POST /session/1d4a453559b0d20f8127ccadf842912f/element/f.8BB5FC29C6DF408E67DE758247EB098E.d.DE89254EA822E877CB3C859D7EB2C27A.e.1243/click - {}
RESULT: {}
COMMAND: GET /session/1d4a453559b0d20f8127ccadf842912f/screenshot - {}
RESULT: {}
COMMAND: POST /session/1d4a453559b0d20f8127ccadf842912f/element - {"using":"xpath","value":"//table[contains(@id, \"massStateChangeTable-listUl\")]/tbody/tr[1]/td[11]/div/div/div/div[2]/span"}
RESULT: {"using":"xpath","value":"//table[contains(@id, \"massStateChangeTable-listUl\")]/tbody/tr[1]/td[11]/div/div/div/div[2]/span"}
COMMAND: POST /session/1d4a453559b0d20f8127ccadf842912f/element/f.8BB5FC29C6DF408E67DE758247EB098E.d.DE89254EA822E877CB3C859D7EB2C27A.e.1243/click - {}
RESULT: {}
COMMAND: GET /session/1d4a453559b0d20f8127ccadf842912f/screenshot - {}
RESULT: {}
COMMAND: POST /session/1d4a453559b0d20f8127ccadf842912f/element - {"using":"xpath","value":"//table[contains(@id, \"massStateChangeTable-listUl\")]/tbody/tr[1]/td[11]/div/div/div/div[2]/span"}
RESULT: {"using":"xpath","value":"//table[contains(@id, \"massStateChangeTable-listUl\")]/tbody/tr[1]/td[11]/div/div/div/div[2]/span"}
COMMAND: POST /session/1d4a453559b0d20f8127ccadf842912f/element/f.8BB5FC29C6DF408E67DE758247EB098E.d.DE89254EA822E877CB3C859D7EB2C27A.e.1243/click - {}
RESULT: {}
COMMAND: GET /session/1d4a453559b0d20f8127ccadf842912f/screenshot - {}
RESULT: {}
COMMAND: POST /session/1d4a453559b0d20f8127ccadf842912f/element - {"using":"xpath","value":"//table[contains(@id, \"massStateChangeTable-listUl\")]/tbody/tr[1]/td[11]/div/div/div/div[2]/span"}
RESULT: {"using":"xpath","value":"//table[contains(@id, \"massStateChangeTable-listUl\")]/tbody/tr[1]/td[11]/div/div/div/div[2]/span"}
COMMAND: POST /session/1d4a453559b0d20f8127ccadf842912f/element/f.8BB5FC29C6DF408E67DE758247EB098E.d.DE89254EA822E877CB3C859D7EB2C27A.e.1243/click - {}
RESULT: {}
COMMAND: GET /session/1d4a453559b0d20f8127ccadf842912f/screenshot - {}
RESULT: {}
COMMAND: POST /session/1d4a453559b0d20f8127ccadf842912f/element - {"using":"xpath","value":"//table[contains(@id, \"massStateChangeTable-listUl\")]/tbody/tr[1]/td[11]/div/div/div/div[2]/span"}
RESULT: {"using":"xpath","value":"//table[contains(@id, \"massStateChangeTable-listUl\")]/tbody/tr[1]/td[11]/div/div/div/div[2]/span"}
COMMAND: POST /session/1d4a453559b0d20f8127ccadf842912f/element/f.8BB5FC29C6DF408E67DE758247EB098E.d.DE89254EA822E877CB3C859D7EB2C27A.e.1243/click - {}
RESULT: {}
COMMAND: GET /session/1d4a453559b0d20f8127ccadf842912f/screenshot - {}
RESULT: {}
COMMAND: POST /session/1d4a453559b0d20f8127ccadf842912f/element - {"using":"xpath","value":"//table[contains(@id, \"massStateChangeTable-listUl\")]/tbody/tr[1]/td[11]/div/div/div/div[2]/span"}
RESULT: {"using":"xpath","value":"//table[contains(@id, \"massStateChangeTable-listUl\")]/tbody/tr[1]/td[11]/div/div/div/div[2]/span"}
COMMAND: POST /session/1d4a453559b0d20f8127ccadf842912f/element/f.8BB5FC29C6DF408E67DE758247EB098E.d.DE89254EA822E877CB3C859D7EB2C27A.e.1243/click - {}
RESULT: {}
COMMAND: GET /session/1d4a453559b0d20f8127ccadf842912f/screenshot - {}
RESULT: {}
COMMAND: POST /session/1d4a453559b0d20f8127ccadf842912f/element - {"using":"xpath","value":"//table[contains(@id, \"massStateChangeTable-listUl\")]/tbody/tr[1]/td[11]/div/div/div/div[2]/span"}
RESULT: {"using":"xpath","value":"//table[contains(@id, \"massStateChangeTable-listUl\")]/tbody/tr[1]/td[11]/div/div/div/div[2]/span"}
COMMAND: POST /session/1d4a453559b0d20f8127ccadf842912f/element/f.8BB5FC29C6DF408E67DE758247EB098E.d.DE89254EA822E877CB3C859D7EB2C27A.e.1243/click - {}
RESULT: {}
COMMAND: GET /session/1d4a453559b0d20f8127ccadf842912f/screenshot - {}
RESULT: {}
COMMAND: POST /session/1d4a453559b0d20f8127ccadf842912f/element - {"using":"xpath","value":"//table[contains(@id, \"massStateChangeTable-listUl\")]/tbody/tr[1]/td[11]/div/div/div/div[2]/span"}
RESULT: {"using":"xpath","value":"//table[contains(@id, \"massStateChangeTable-listUl\")]/tbody/tr[1]/td[11]/div/div/div/div[2]/span"}
COMMAND: POST /session/1d4a453559b0d20f8127ccadf842912f/element/f.8BB5FC29C6DF408E67DE758247EB098E.d.DE89254EA822E877CB3C859D7EB2C27A.e.1243/click - {}
RESULT: {}
COMMAND: GET /session/1d4a453559b0d20f8127ccadf842912f/screenshot - {}
RESULT: {}
COMMAND: POST /session/1d4a453559b0d20f8127ccadf842912f/element - {"using":"xpath","value":"//table[contains(@id, \"massStateChangeTable-listUl\")]/tbody/tr[2]/td[11]/div/div/div/div[2]/span"}
RESULT: {"using":"xpath","value":"//table[contains(@id, \"massStateChangeTable-listUl\")]/tbody/tr[2]/td[11]/div/div/div/div[2]/span"}
COMMAND: POST /session/1d4a453559b0d20f8127ccadf842912f/element/f.8BB5FC29C6DF408E67DE758247EB098E.d.DE89254EA822E877CB3C859D7EB2C27A.e.1244/click - {}
RESULT: {}
COMMAND: GET /session/1d4a453559b0d20f8127ccadf842912f/screenshot - {}
RESULT: {}
COMMAND: POST /session/1d4a453559b0d20f8127ccadf842912f/element - {"using":"xpath","value":"//table[contains(@id, \"massStateChangeTable-listUl\")]/tbody/tr[1]/td[11]/div/div/div/input"}
RESULT: {"using":"xpath","value":"//table[contains(@id, \"massStateChangeTable-listUl\")]/tbody/tr[1]/td[11]/div/div/div/input"}
COMMAND: GET /session/1d4a453559b0d20f8127ccadf842912f/element/f.8BB5FC29C6DF408E67DE758247EB098E.d.DE89254EA822E877CB3C859D7EB2C27A.e.1222/property/value - {}
RESULT: {}
COMMAND: POST /session/1d4a453559b0d20f8127ccadf842912f/element - {"using":"xpath","value":"//table[contains(@id, \"massStateChangeTable-listUl\")]/tbody/tr[2]/td[11]/div/div/div/input"}
COMMAND: GET /session/1d4a453559b0d20f8127ccadf842912f/screenshot - {}
RESULT: {"using":"xpath","value":"//table[contains(@id, \"massStateChangeTable-listUl\")]/tbody/tr[2]/td[11]/div/div/div/input"}
COMMAND: GET /session/1d4a453559b0d20f8127ccadf842912f/element/f.8BB5FC29C6DF408E67DE758247EB098E.d.DE89254EA822E877CB3C859D7EB2C27A.e.1226/property/value - {}
RESULT: {}
RESULT: {}
COMMAND: POST /session/1d4a453559b0d20f8127ccadf842912f/element - {"using":"xpath","value":"(//bdi[contains(text(), \"OK\")])[1]"}
COMMAND: GET /session/1d4a453559b0d20f8127ccadf842912f/screenshot - {}
RESULT: {"using":"xpath","value":"(//bdi[contains(text(), \"OK\")])[1]"}
COMMAND: POST /session/1d4a453559b0d20f8127ccadf842912f/element/f.8BB5FC29C6DF408E67DE758247EB098E.d.DE89254EA822E877CB3C859D7EB2C27A.e.1230/click - {}
RESULT: {}
RESULT: {}
COMMAND: GET /session/1d4a453559b0d20f8127ccadf842912f/screenshot - {}
RESULT: {}
COMMAND: POST /session/1d4a453559b0d20f8127ccadf842912f/element - {"using":"xpath","value":"(//bdi[contains(text(), \"OK\")])[2]"}
RESULT: {"using":"xpath","value":"(//bdi[contains(text(), \"OK\")])[2]"}
COMMAND: POST /session/1d4a453559b0d20f8127ccadf842912f/element/f.8BB5FC29C6DF408E67DE758247EB098E.d.DE89254EA822E877CB3C859D7EB2C27A.e.1246/click - {}
RESULT: {}
COMMAND: GET /session/1d4a453559b0d20f8127ccadf842912f/screenshot - {}
RESULT: {}
RESULT: undefined
COMMAND: POST /session/1d4a453559b0d20f8127ccadf842912f/execute/async - {"script":"<script> [776 bytes]","args":[{"enterText":"600002","selector":{"id":"application-ruinventorylist-display-component---Master--smartFilterBar-btnBasicSearch","interaction":{"idSuffix":"I"}},"clearTextFirst":true,"interactionType":"ENTER_TEXT"}]}
RESULT: {"script":"<script> [776 bytes]","args":[{"enterText":"600002","selector":{"id":"application-ruinventorylist-display-component---Master--smartFilterBar-btnBasicSearch","interaction":{"idSuffix":"I"}},"clearTextFirst":true,"interactionType":"ENTER_TEXT"}]}
COMMAND: POST /session/1d4a453559b0d20f8127ccadf842912f/actions - {"actions":[{"id":"action5","type":"key","parameters":{},"actions":[{"type":"keyDown","value":"î€‡"},{"type":"pause","duration":10},{"type":"keyUp","value":"î€‡"}]}]}
RESULT: {"actions":[{"id":"action5","type":"key","parameters":{},"actions":[{"type":"keyDown","value":"î€‡"},{"type":"pause","duration":10},{"type":"keyUp","value":"î€‡"}]}]}
COMMAND: GET /session/1d4a453559b0d20f8127ccadf842912f/screenshot - {}
RESULT: {}
COMMAND: POST /session/1d4a453559b0d20f8127ccadf842912f/element - {"using":"xpath","value":"//span[@id=\"application-ruinventorylist-display-component---Master--smartTableRuInventoryList-header-inner\"]"}
RESULT: {"using":"xpath","value":"//span[@id=\"application-ruinventorylist-display-component---Master--smartTableRuInventoryList-header-inner\"]"}
COMMAND: POST /session/1d4a453559b0d20f8127ccadf842912f/elements - {"using":"xpath","value":"//span[@id=\"application-ruinventorylist-display-component---Master--smartTableRuInventoryList-header-inner\"]"}
RESULT: {"using":"xpath","value":"//span[@id=\"application-ruinventorylist-display-component---Master--smartTableRuInventoryList-header-inner\"]"}
COMMAND: POST /session/1d4a453559b0d20f8127ccadf842912f/execute/sync - {"script":"<script> [56 bytes]","args":[{"element-6066-11e4-a52e-4f735466cecf":"f.8BB5FC29C6DF408E67DE758247EB098E.d.DE89254EA822E877CB3C859D7EB2C27A.e.881","ELEMENT":"f.8BB5FC29C6DF408E67DE758247EB098E.d.DE89254EA822E877CB3C859D7EB2C27A.e.881"}]}
RESULT: {"script":"<script> [56 bytes]","args":[{"element-6066-11e4-a52e-4f735466cecf":"f.8BB5FC29C6DF408E67DE758247EB098E.d.DE89254EA822E877CB3C859D7EB2C27A.e.881","ELEMENT":"f.8BB5FC29C6DF408E67DE758247EB098E.d.DE89254EA822E877CB3C859D7EB2C27A.e.881"}]}
COMMAND: POST /session/1d4a453559b0d20f8127ccadf842912f/element - {"using":"xpath","value":"//table[contains(@id, \"application-ruinventorylist-display-component---Master--tableRuInventoryList-listUl\")]/tbody/tr[1]/td[6]/div/span"}
COMMAND: GET /session/1d4a453559b0d20f8127ccadf842912f/screenshot - {}
RESULT: {"using":"xpath","value":"//table[contains(@id, \"application-ruinventorylist-display-component---Master--tableRuInventoryList-listUl\")]/tbody/tr[1]/td[6]/div/span"}
COMMAND: POST /session/1d4a453559b0d20f8127ccadf842912f/execute/sync - {"script":"<script> [56 bytes]","args":[{"element-6066-11e4-a52e-4f735466cecf":"f.8BB5FC29C6DF408E67DE758247EB098E.d.DE89254EA822E877CB3C859D7EB2C27A.e.1269","ELEMENT":"f.8BB5FC29C6DF408E67DE758247EB098E.d.DE89254EA822E877CB3C859D7EB2C27A.e.1269"}]}
RESULT: {}
RESULT: {"script":"<script> [56 bytes]","args":[{"element-6066-11e4-a52e-4f735466cecf":"f.8BB5FC29C6DF408E67DE758247EB098E.d.DE89254EA822E877CB3C859D7EB2C27A.e.1269","ELEMENT":"f.8BB5FC29C6DF408E67DE758247EB098E.d.DE89254EA822E877CB3C859D7EB2C27A.e.1269"}]}
COMMAND: POST /session/1d4a453559b0d20f8127ccadf842912f/element - {"using":"xpath","value":"//div[contains(@id, \"smartFilterBar-btnBasicSearch-reset\")]"}
COMMAND: GET /session/1d4a453559b0d20f8127ccadf842912f/screenshot - {}
RESULT: {"using":"xpath","value":"//div[contains(@id, \"smartFilterBar-btnBasicSearch-reset\")]"}
COMMAND: POST /session/1d4a453559b0d20f8127ccadf842912f/element/f.8BB5FC29C6DF408E67DE758247EB098E.d.DE89254EA822E877CB3C859D7EB2C27A.e.899/click - {}
RESULT: {}
RESULT: {}
COMMAND: GET /session/1d4a453559b0d20f8127ccadf842912f/screenshot - {}
RESULT: {}
RESULT: undefined
COMMAND: POST /session/1d4a453559b0d20f8127ccadf842912f/execute/async - {"script":"<script> [776 bytes]","args":[{"enterText":"401002","selector":{"id":"application-ruinventorylist-display-component---Master--smartFilterBar-btnBasicSearch","interaction":{"idSuffix":"I"}},"clearTextFirst":true,"interactionType":"ENTER_TEXT"}]}
RESULT: {"script":"<script> [776 bytes]","args":[{"enterText":"401002","selector":{"id":"application-ruinventorylist-display-component---Master--smartFilterBar-btnBasicSearch","interaction":{"idSuffix":"I"}},"clearTextFirst":true,"interactionType":"ENTER_TEXT"}]}
COMMAND: POST /session/1d4a453559b0d20f8127ccadf842912f/actions - {"actions":[{"id":"action6","type":"key","parameters":{},"actions":[{"type":"keyDown","value":"î€‡"},{"type":"pause","duration":10},{"type":"keyUp","value":"î€‡"}]}]}
RESULT: {"actions":[{"id":"action6","type":"key","parameters":{},"actions":[{"type":"keyDown","value":"î€‡"},{"type":"pause","duration":10},{"type":"keyUp","value":"î€‡"}]}]}
COMMAND: GET /session/1d4a453559b0d20f8127ccadf842912f/screenshot - {}
RESULT: {}
COMMAND: POST /session/1d4a453559b0d20f8127ccadf842912f/element - {"using":"xpath","value":"//span[@id=\"application-ruinventorylist-display-component---Master--smartTableRuInventoryList-header-inner\"]"}
RESULT: {"using":"xpath","value":"//span[@id=\"application-ruinventorylist-display-component---Master--smartTableRuInventoryList-header-inner\"]"}
COMMAND: POST /session/1d4a453559b0d20f8127ccadf842912f/elements - {"using":"xpath","value":"//span[@id=\"application-ruinventorylist-display-component---Master--smartTableRuInventoryList-header-inner\"]"}
RESULT: {"using":"xpath","value":"//span[@id=\"application-ruinventorylist-display-component---Master--smartTableRuInventoryList-header-inner\"]"}
COMMAND: POST /session/1d4a453559b0d20f8127ccadf842912f/execute/sync - {"script":"<script> [56 bytes]","args":[{"element-6066-11e4-a52e-4f735466cecf":"f.8BB5FC29C6DF408E67DE758247EB098E.d.DE89254EA822E877CB3C859D7EB2C27A.e.881","ELEMENT":"f.8BB5FC29C6DF408E67DE758247EB098E.d.DE89254EA822E877CB3C859D7EB2C27A.e.881"}]}
RESULT: {"script":"<script> [56 bytes]","args":[{"element-6066-11e4-a52e-4f735466cecf":"f.8BB5FC29C6DF408E67DE758247EB098E.d.DE89254EA822E877CB3C859D7EB2C27A.e.881","ELEMENT":"f.8BB5FC29C6DF408E67DE758247EB098E.d.DE89254EA822E877CB3C859D7EB2C27A.e.881"}]}
COMMAND: POST /session/1d4a453559b0d20f8127ccadf842912f/element - {"using":"xpath","value":"//table[contains(@id, \"application-ruinventorylist-display-component---Master--tableRuInventoryList-listUl\")]/tbody/tr[1]/td[6]/div/span"}
COMMAND: GET /session/1d4a453559b0d20f8127ccadf842912f/screenshot - {}
RESULT: {"using":"xpath","value":"//table[contains(@id, \"application-ruinventorylist-display-component---Master--tableRuInventoryList-listUl\")]/tbody/tr[1]/td[6]/div/span"}
COMMAND: POST /session/1d4a453559b0d20f8127ccadf842912f/execute/sync - {"script":"<script> [56 bytes]","args":[{"element-6066-11e4-a52e-4f735466cecf":"f.8BB5FC29C6DF408E67DE758247EB098E.d.DE89254EA822E877CB3C859D7EB2C27A.e.1359","ELEMENT":"f.8BB5FC29C6DF408E67DE758247EB098E.d.DE89254EA822E877CB3C859D7EB2C27A.e.1359"}]}
RESULT: {}
RESULT: {"script":"<script> [56 bytes]","args":[{"element-6066-11e4-a52e-4f735466cecf":"f.8BB5FC29C6DF408E67DE758247EB098E.d.DE89254EA822E877CB3C859D7EB2C27A.e.1359","ELEMENT":"f.8BB5FC29C6DF408E67DE758247EB098E.d.DE89254EA822E877CB3C859D7EB2C27A.e.1359"}]}
COMMAND: POST /session/1d4a453559b0d20f8127ccadf842912f/element - {"using":"xpath","value":"//div[contains(@id, \"smartFilterBar-btnBasicSearch-reset\")]"}
COMMAND: GET /session/1d4a453559b0d20f8127ccadf842912f/screenshot - {}
RESULT: {"using":"xpath","value":"//div[contains(@id, \"smartFilterBar-btnBasicSearch-reset\")]"}
COMMAND: POST /session/1d4a453559b0d20f8127ccadf842912f/element/f.8BB5FC29C6DF408E67DE758247EB098E.d.DE89254EA822E877CB3C859D7EB2C27A.e.899/click - {}
RESULT: {}
RESULT: {}
COMMAND: GET /session/1d4a453559b0d20f8127ccadf842912f/screenshot - {}
COMMAND: POST /session/1d4a453559b0d20f8127ccadf842912f/element/f.8BB5FC29C6DF408E67DE758247EB098E.d.DE89254EA822E877CB3C859D7EB2C27A.e.296/click - {}
RESULT: {}
RESULT: {}
COMMAND: GET /session/1d4a453559b0d20f8127ccadf842912f/screenshot - {}
RESULT: {}
RESULT: undefined
COMMAND: POST /session/1d4a453559b0d20f8127ccadf842912f/execute/async - {"script":"<script> [776 bytes]","args":[{"enterText":"600002","selector":{"id":"application-ruinventorylist-display-component---Master--smartFilterBar-btnBasicSearch","interaction":{"idSuffix":"I"}},"clearTextFirst":true,"interactionType":"ENTER_TEXT"}]}
RESULT: {"script":"<script> [776 bytes]","args":[{"enterText":"600002","selector":{"id":"application-ruinventorylist-display-component---Master--smartFilterBar-btnBasicSearch","interaction":{"idSuffix":"I"}},"clearTextFirst":true,"interactionType":"ENTER_TEXT"}]}
COMMAND: POST /session/1d4a453559b0d20f8127ccadf842912f/actions - {"actions":[{"id":"action7","type":"key","parameters":{},"actions":[{"type":"keyDown","value":"î€‡"},{"type":"pause","duration":10},{"type":"keyUp","value":"î€‡"}]}]}
RESULT: {"actions":[{"id":"action7","type":"key","parameters":{},"actions":[{"type":"keyDown","value":"î€‡"},{"type":"pause","duration":10},{"type":"keyUp","value":"î€‡"}]}]}
COMMAND: GET /session/1d4a453559b0d20f8127ccadf842912f/screenshot - {}
RESULT: {}
COMMAND: POST /session/1d4a453559b0d20f8127ccadf842912f/element - {"using":"xpath","value":"//span[@id=\"application-ruinventorylist-display-component---Master--smartTableRuInventoryList-header-inner\"]"}
RESULT: {"using":"xpath","value":"//span[@id=\"application-ruinventorylist-display-component---Master--smartTableRuInventoryList-header-inner\"]"}
COMMAND: POST /session/1d4a453559b0d20f8127ccadf842912f/elements - {"using":"xpath","value":"//span[@id=\"application-ruinventorylist-display-component---Master--smartTableRuInventoryList-header-inner\"]"}
RESULT: {"using":"xpath","value":"//span[@id=\"application-ruinventorylist-display-component---Master--smartTableRuInventoryList-header-inner\"]"}
COMMAND: POST /session/1d4a453559b0d20f8127ccadf842912f/execute/sync - {"script":"<script> [56 bytes]","args":[{"element-6066-11e4-a52e-4f735466cecf":"f.8BB5FC29C6DF408E67DE758247EB098E.d.DE89254EA822E877CB3C859D7EB2C27A.e.881","ELEMENT":"f.8BB5FC29C6DF408E67DE758247EB098E.d.DE89254EA822E877CB3C859D7EB2C27A.e.881"}]}
RESULT: {"script":"<script> [56 bytes]","args":[{"element-6066-11e4-a52e-4f735466cecf":"f.8BB5FC29C6DF408E67DE758247EB098E.d.DE89254EA822E877CB3C859D7EB2C27A.e.881","ELEMENT":"f.8BB5FC29C6DF408E67DE758247EB098E.d.DE89254EA822E877CB3C859D7EB2C27A.e.881"}]}
COMMAND: POST /session/1d4a453559b0d20f8127ccadf842912f/element - {"using":"xpath","value":"//table[contains(@id, \"application-ruinventorylist-display-component---Master--tableRuInventoryList-listUl\")]/tbody/tr[1]/td[2]/div/div"}
COMMAND: GET /session/1d4a453559b0d20f8127ccadf842912f/screenshot - {}
RESULT: {"using":"xpath","value":"//table[contains(@id, \"application-ruinventorylist-display-component---Master--tableRuInventoryList-listUl\")]/tbody/tr[1]/td[2]/div/div"}
COMMAND: POST /session/1d4a453559b0d20f8127ccadf842912f/element/f.8BB5FC29C6DF408E67DE758247EB098E.d.DE89254EA822E877CB3C859D7EB2C27A.e.1625/click - {}
RESULT: {}
RESULT: {}
COMMAND: GET /session/1d4a453559b0d20f8127ccadf842912f/screenshot - {}
RESULT: {}
COMMAND: POST /session/1d4a453559b0d20f8127ccadf842912f/element - {"using":"xpath","value":"//div[contains(@id, \"smartFilterBar-btnBasicSearch-reset\")]"}
RESULT: {"using":"xpath","value":"//div[contains(@id, \"smartFilterBar-btnBasicSearch-reset\")]"}
COMMAND: POST /session/1d4a453559b0d20f8127ccadf842912f/element/f.8BB5FC29C6DF408E67DE758247EB098E.d.DE89254EA822E877CB3C859D7EB2C27A.e.899/click - {}
RESULT: {}
COMMAND: GET /session/1d4a453559b0d20f8127ccadf842912f/screenshot - {}
RESULT: undefined
COMMAND: POST /session/1d4a453559b0d20f8127ccadf842912f/execute/async - {"script":"<script> [776 bytes]","args":[{"enterText":"401002","selector":{"id":"application-ruinventorylist-display-component---Master--smartFilterBar-btnBasicSearch","interaction":{"idSuffix":"I"}},"clearTextFirst":true,"interactionType":"ENTER_TEXT"}]}
RESULT: {}
RESULT: {"script":"<script> [776 bytes]","args":[{"enterText":"401002","selector":{"id":"application-ruinventorylist-display-component---Master--smartFilterBar-btnBasicSearch","interaction":{"idSuffix":"I"}},"clearTextFirst":true,"interactionType":"ENTER_TEXT"}]}
COMMAND: POST /session/1d4a453559b0d20f8127ccadf842912f/actions - {"actions":[{"id":"action8","type":"key","parameters":{},"actions":[{"type":"keyDown","value":"î€‡"},{"type":"pause","duration":10},{"type":"keyUp","value":"î€‡"}]}]}
RESULT: {"actions":[{"id":"action8","type":"key","parameters":{},"actions":[{"type":"keyDown","value":"î€‡"},{"type":"pause","duration":10},{"type":"keyUp","value":"î€‡"}]}]}
COMMAND: GET /session/1d4a453559b0d20f8127ccadf842912f/screenshot - {}
RESULT: {}
COMMAND: POST /session/1d4a453559b0d20f8127ccadf842912f/element - {"using":"xpath","value":"//span[@id=\"application-ruinventorylist-display-component---Master--smartTableRuInventoryList-header-inner\"]"}
RESULT: {"using":"xpath","value":"//span[@id=\"application-ruinventorylist-display-component---Master--smartTableRuInventoryList-header-inner\"]"}
COMMAND: POST /session/1d4a453559b0d20f8127ccadf842912f/elements - {"using":"xpath","value":"//span[@id=\"application-ruinventorylist-display-component---Master--smartTableRuInventoryList-header-inner\"]"}
RESULT: {"using":"xpath","value":"//span[@id=\"application-ruinventorylist-display-component---Master--smartTableRuInventoryList-header-inner\"]"}
COMMAND: POST /session/1d4a453559b0d20f8127ccadf842912f/execute/sync - {"script":"<script> [56 bytes]","args":[{"element-6066-11e4-a52e-4f735466cecf":"f.8BB5FC29C6DF408E67DE758247EB098E.d.DE89254EA822E877CB3C859D7EB2C27A.e.881","ELEMENT":"f.8BB5FC29C6DF408E67DE758247EB098E.d.DE89254EA822E877CB3C859D7EB2C27A.e.881"}]}
RESULT: {"script":"<script> [56 bytes]","args":[{"element-6066-11e4-a52e-4f735466cecf":"f.8BB5FC29C6DF408E67DE758247EB098E.d.DE89254EA822E877CB3C859D7EB2C27A.e.881","ELEMENT":"f.8BB5FC29C6DF408E67DE758247EB098E.d.DE89254EA822E877CB3C859D7EB2C27A.e.881"}]}
COMMAND: POST /session/1d4a453559b0d20f8127ccadf842912f/element - {"using":"xpath","value":"//table[contains(@id, \"application-ruinventorylist-display-component---Master--tableRuInventoryList-listUl\")]/tbody/tr[1]/td[2]/div/div"}
COMMAND: GET /session/1d4a453559b0d20f8127ccadf842912f/screenshot - {}
RESULT: {"using":"xpath","value":"//table[contains(@id, \"application-ruinventorylist-display-component---Master--tableRuInventoryList-listUl\")]/tbody/tr[1]/td[2]/div/div"}
COMMAND: POST /session/1d4a453559b0d20f8127ccadf842912f/element/f.8BB5FC29C6DF408E67DE758247EB098E.d.DE89254EA822E877CB3C859D7EB2C27A.e.1791/click - {}
RESULT: {}
RESULT: {}
COMMAND: GET /session/1d4a453559b0d20f8127ccadf842912f/screenshot - {}
RESULT: {}
COMMAND: POST /session/1d4a453559b0d20f8127ccadf842912f/element - {"using":"xpath","value":"//div[contains(@id, \"smartFilterBar-btnBasicSearch-reset\")]"}
RESULT: {"using":"xpath","value":"//div[contains(@id, \"smartFilterBar-btnBasicSearch-reset\")]"}
COMMAND: POST /session/1d4a453559b0d20f8127ccadf842912f/element/f.8BB5FC29C6DF408E67DE758247EB098E.d.DE89254EA822E877CB3C859D7EB2C27A.e.899/click - {}
RESULT: {}
COMMAND: GET /session/1d4a453559b0d20f8127ccadf842912f/screenshot - {}
RESULT: {}
COMMAND: POST /session/1d4a453559b0d20f8127ccadf842912f/element/f.8BB5FC29C6DF408E67DE758247EB098E.d.DE89254EA822E877CB3C859D7EB2C27A.e.296/click - {}
RESULT: {}
COMMAND: GET /session/1d4a453559b0d20f8127ccadf842912f/screenshot - {}
RESULT: {}
RESULT: undefined
COMMAND: POST /session/1d4a453559b0d20f8127ccadf842912f/element - {"using":"xpath","value":"//*[@id=\"application-ruinventorylist-display-component---Master--ruStateTypes-arrow\"]"}
RESULT: {"using":"xpath","value":"//*[@id=\"application-ruinventorylist-display-component---Master--ruStateTypes-arrow\"]"}
COMMAND: POST /session/1d4a453559b0d20f8127ccadf842912f/element/f.8BB5FC29C6DF408E67DE758247EB098E.d.DE89254EA822E877CB3C859D7EB2C27A.e.1967/click - {}
RESULT: {}
COMMAND: GET /session/1d4a453559b0d20f8127ccadf842912f/screenshot - {}
RESULT: {}
COMMAND: POST /session/1d4a453559b0d20f8127ccadf842912f/element - {"using":"xpath","value":"//li[.//span[text()=\"available\"]]"}
RESULT: {"using":"xpath","value":"//li[.//span[text()=\"available\"]]"}
COMMAND: POST /session/1d4a453559b0d20f8127ccadf842912f/element/f.8BB5FC29C6DF408E67DE758247EB098E.d.DE89254EA822E877CB3C859D7EB2C27A.e.1968/click - {}
RESULT: {}
COMMAND: GET /session/1d4a453559b0d20f8127ccadf842912f/screenshot - {}
RESULT: {}
COMMAND: POST /session/1d4a453559b0d20f8127ccadf842912f/element - {"using":"xpath","value":"(//bdi[contains(text(), \"OK\")])[1]"}
RESULT: {"using":"xpath","value":"(//bdi[contains(text(), \"OK\")])[1]"}
COMMAND: POST /session/1d4a453559b0d20f8127ccadf842912f/element/f.8BB5FC29C6DF408E67DE758247EB098E.d.DE89254EA822E877CB3C859D7EB2C27A.e.1969/click - {}
RESULT: {}
COMMAND: GET /session/1d4a453559b0d20f8127ccadf842912f/screenshot - {}
RESULT: {}
COMMAND: POST /session/1d4a453559b0d20f8127ccadf842912f/element - {"using":"xpath","value":"(//bdi[contains(text(), \"OK\")])[2]"}
RESULT: {"using":"xpath","value":"(//bdi[contains(text(), \"OK\")])[2]"}
COMMAND: POST /session/1d4a453559b0d20f8127ccadf842912f/element/f.8BB5FC29C6DF408E67DE758247EB098E.d.DE89254EA822E877CB3C859D7EB2C27A.e.1974/click - {}
RESULT: {}
COMMAND: GET /session/1d4a453559b0d20f8127ccadf842912f/screenshot - {}
RESULT: {}
RESULT: undefined
COMMAND: POST /session/1d4a453559b0d20f8127ccadf842912f/execute/async - {"script":"<script> [776 bytes]","args":[{"enterText":"600002","selector":{"id":"application-ruinventorylist-display-component---Master--smartFilterBar-btnBasicSearch","interaction":{"idSuffix":"I"}},"clearTextFirst":true,"interactionType":"ENTER_TEXT"}]}
RESULT: {"script":"<script> [776 bytes]","args":[{"enterText":"600002","selector":{"id":"application-ruinventorylist-display-component---Master--smartFilterBar-btnBasicSearch","interaction":{"idSuffix":"I"}},"clearTextFirst":true,"interactionType":"ENTER_TEXT"}]}
COMMAND: POST /session/1d4a453559b0d20f8127ccadf842912f/actions - {"actions":[{"id":"action9","type":"key","parameters":{},"actions":[{"type":"keyDown","value":"î€‡"},{"type":"pause","duration":10},{"type":"keyUp","value":"î€‡"}]}]}
RESULT: {"actions":[{"id":"action9","type":"key","parameters":{},"actions":[{"type":"keyDown","value":"î€‡"},{"type":"pause","duration":10},{"type":"keyUp","value":"î€‡"}]}]}
COMMAND: GET /session/1d4a453559b0d20f8127ccadf842912f/screenshot - {}
RESULT: {}
COMMAND: POST /session/1d4a453559b0d20f8127ccadf842912f/element - {"using":"xpath","value":"//span[@id=\"application-ruinventorylist-display-component---Master--smartTableRuInventoryList-header-inner\"]"}
RESULT: {"using":"xpath","value":"//span[@id=\"application-ruinventorylist-display-component---Master--smartTableRuInventoryList-header-inner\"]"}
COMMAND: POST /session/1d4a453559b0d20f8127ccadf842912f/elements - {"using":"xpath","value":"//span[@id=\"application-ruinventorylist-display-component---Master--smartTableRuInventoryList-header-inner\"]"}
RESULT: {"using":"xpath","value":"//span[@id=\"application-ruinventorylist-display-component---Master--smartTableRuInventoryList-header-inner\"]"}
COMMAND: POST /session/1d4a453559b0d20f8127ccadf842912f/execute/sync - {"script":"<script> [56 bytes]","args":[{"element-6066-11e4-a52e-4f735466cecf":"f.8BB5FC29C6DF408E67DE758247EB098E.d.DE89254EA822E877CB3C859D7EB2C27A.e.881","ELEMENT":"f.8BB5FC29C6DF408E67DE758247EB098E.d.DE89254EA822E877CB3C859D7EB2C27A.e.881"}]}
RESULT: {"script":"<script> [56 bytes]","args":[{"element-6066-11e4-a52e-4f735466cecf":"f.8BB5FC29C6DF408E67DE758247EB098E.d.DE89254EA822E877CB3C859D7EB2C27A.e.881","ELEMENT":"f.8BB5FC29C6DF408E67DE758247EB098E.d.DE89254EA822E877CB3C859D7EB2C27A.e.881"}]}
COMMAND: POST /session/1d4a453559b0d20f8127ccadf842912f/element - {"using":"xpath","value":"//table[contains(@id, \"application-ruinventorylist-display-component---Master--tableRuInventoryList-listUl\")]/tbody/tr[1]/td[6]/div/span"}
COMMAND: GET /session/1d4a453559b0d20f8127ccadf842912f/screenshot - {}
RESULT: {"using":"xpath","value":"//table[contains(@id, \"application-ruinventorylist-display-component---Master--tableRuInventoryList-listUl\")]/tbody/tr[1]/td[6]/div/span"}
COMMAND: POST /session/1d4a453559b0d20f8127ccadf842912f/execute/sync - {"script":"<script> [56 bytes]","args":[{"element-6066-11e4-a52e-4f735466cecf":"f.8BB5FC29C6DF408E67DE758247EB098E.d.DE89254EA822E877CB3C859D7EB2C27A.e.1995","ELEMENT":"f.8BB5FC29C6DF408E67DE758247EB098E.d.DE89254EA822E877CB3C859D7EB2C27A.e.1995"}]}
RESULT: {}
RESULT: {"script":"<script> [56 bytes]","args":[{"element-6066-11e4-a52e-4f735466cecf":"f.8BB5FC29C6DF408E67DE758247EB098E.d.DE89254EA822E877CB3C859D7EB2C27A.e.1995","ELEMENT":"f.8BB5FC29C6DF408E67DE758247EB098E.d.DE89254EA822E877CB3C859D7EB2C27A.e.1995"}]}
COMMAND: POST /session/1d4a453559b0d20f8127ccadf842912f/element - {"using":"xpath","value":"//div[contains(@id, \"smartFilterBar-btnBasicSearch-reset\")]"}
COMMAND: GET /session/1d4a453559b0d20f8127ccadf842912f/screenshot - {}
RESULT: {"using":"xpath","value":"//div[contains(@id, \"smartFilterBar-btnBasicSearch-reset\")]"}
COMMAND: POST /session/1d4a453559b0d20f8127ccadf842912f/element/f.8BB5FC29C6DF408E67DE758247EB098E.d.DE89254EA822E877CB3C859D7EB2C27A.e.899/click - {}
RESULT: {}
RESULT: {}
COMMAND: GET /session/1d4a453559b0d20f8127ccadf842912f/screenshot - {}
RESULT: {}
RESULT: undefined
COMMAND: POST /session/1d4a453559b0d20f8127ccadf842912f/execute/async - {"script":"<script> [776 bytes]","args":[{"enterText":"401002","selector":{"id":"application-ruinventorylist-display-component---Master--smartFilterBar-btnBasicSearch","interaction":{"idSuffix":"I"}},"clearTextFirst":true,"interactionType":"ENTER_TEXT"}]}
RESULT: {"script":"<script> [776 bytes]","args":[{"enterText":"401002","selector":{"id":"application-ruinventorylist-display-component---Master--smartFilterBar-btnBasicSearch","interaction":{"idSuffix":"I"}},"clearTextFirst":true,"interactionType":"ENTER_TEXT"}]}
COMMAND: POST /session/1d4a453559b0d20f8127ccadf842912f/actions - {"actions":[{"id":"action10","type":"key","parameters":{},"actions":[{"type":"keyDown","value":"î€‡"},{"type":"pause","duration":10},{"type":"keyUp","value":"î€‡"}]}]}
RESULT: {"actions":[{"id":"action10","type":"key","parameters":{},"actions":[{"type":"keyDown","value":"î€‡"},{"type":"pause","duration":10},{"type":"keyUp","value":"î€‡"}]}]}
COMMAND: GET /session/1d4a453559b0d20f8127ccadf842912f/screenshot - {}
RESULT: {}
COMMAND: POST /session/1d4a453559b0d20f8127ccadf842912f/element - {"using":"xpath","value":"//span[@id=\"application-ruinventorylist-display-component---Master--smartTableRuInventoryList-header-inner\"]"}
RESULT: {"using":"xpath","value":"//span[@id=\"application-ruinventorylist-display-component---Master--smartTableRuInventoryList-header-inner\"]"}
COMMAND: POST /session/1d4a453559b0d20f8127ccadf842912f/elements - {"using":"xpath","value":"//span[@id=\"application-ruinventorylist-display-component---Master--smartTableRuInventoryList-header-inner\"]"}
RESULT: {"using":"xpath","value":"//span[@id=\"application-ruinventorylist-display-component---Master--smartTableRuInventoryList-header-inner\"]"}
COMMAND: POST /session/1d4a453559b0d20f8127ccadf842912f/execute/sync - {"script":"<script> [56 bytes]","args":[{"element-6066-11e4-a52e-4f735466cecf":"f.8BB5FC29C6DF408E67DE758247EB098E.d.DE89254EA822E877CB3C859D7EB2C27A.e.881","ELEMENT":"f.8BB5FC29C6DF408E67DE758247EB098E.d.DE89254EA822E877CB3C859D7EB2C27A.e.881"}]}
RESULT: {"script":"<script> [56 bytes]","args":[{"element-6066-11e4-a52e-4f735466cecf":"f.8BB5FC29C6DF408E67DE758247EB098E.d.DE89254EA822E877CB3C859D7EB2C27A.e.881","ELEMENT":"f.8BB5FC29C6DF408E67DE758247EB098E.d.DE89254EA822E877CB3C859D7EB2C27A.e.881"}]}
COMMAND: POST /session/1d4a453559b0d20f8127ccadf842912f/element - {"using":"xpath","value":"//table[contains(@id, \"application-ruinventorylist-display-component---Master--tableRuInventoryList-listUl\")]/tbody/tr[1]/td[6]/div/span"}
COMMAND: GET /session/1d4a453559b0d20f8127ccadf842912f/screenshot - {}
RESULT: {"using":"xpath","value":"//table[contains(@id, \"application-ruinventorylist-display-component---Master--tableRuInventoryList-listUl\")]/tbody/tr[1]/td[6]/div/span"}
COMMAND: POST /session/1d4a453559b0d20f8127ccadf842912f/execute/sync - {"script":"<script> [56 bytes]","args":[{"element-6066-11e4-a52e-4f735466cecf":"f.8BB5FC29C6DF408E67DE758247EB098E.d.DE89254EA822E877CB3C859D7EB2C27A.e.2086","ELEMENT":"f.8BB5FC29C6DF408E67DE758247EB098E.d.DE89254EA822E877CB3C859D7EB2C27A.e.2086"}]}
RESULT: {}
RESULT: {"script":"<script> [56 bytes]","args":[{"element-6066-11e4-a52e-4f735466cecf":"f.8BB5FC29C6DF408E67DE758247EB098E.d.DE89254EA822E877CB3C859D7EB2C27A.e.2086","ELEMENT":"f.8BB5FC29C6DF408E67DE758247EB098E.d.DE89254EA822E877CB3C859D7EB2C27A.e.2086"}]}
COMMAND: POST /session/1d4a453559b0d20f8127ccadf842912f/element - {"using":"xpath","value":"//div[contains(@id, \"smartFilterBar-btnBasicSearch-reset\")]"}
COMMAND: GET /session/1d4a453559b0d20f8127ccadf842912f/screenshot - {}
RESULT: {"using":"xpath","value":"//div[contains(@id, \"smartFilterBar-btnBasicSearch-reset\")]"}
COMMAND: POST /session/1d4a453559b0d20f8127ccadf842912f/element/f.8BB5FC29C6DF408E67DE758247EB098E.d.DE89254EA822E877CB3C859D7EB2C27A.e.899/click - {}
RESULT: {}
RESULT: {}
COMMAND: GET /session/1d4a453559b0d20f8127ccadf842912f/screenshot - {}
RESULT: {}
COMMAND: POST /session/1d4a453559b0d20f8127ccadf842912f/element - {"using":"css selector","value":"#shell-header-logo"}
RESULT: {"using":"css selector","value":"#shell-header-logo"}
COMMAND: POST /session/1d4a453559b0d20f8127ccadf842912f/element/f.8BB5FC29C6DF408E67DE758247EB098E.d.DE89254EA822E877CB3C859D7EB2C27A.e.264/click - {}
RESULT: {}
COMMAND: GET /session/1d4a453559b0d20f8127ccadf842912f/screenshot - {}
RESULT: {}
]]></system-out>
    </testcase>
    <testcase classname="chrome.135_0_7049_96.windows.RU_Inventory_Mass_State_Change_Multiple_Items_US151066" name="Prerequisite Step 2 Should create a new equipment" time="173.656">
      <system-out><![CDATA[
COMMAND: POST /session/1d4a453559b0d20f8127ccadf842912f/execute/async - {"script":"<script> [1562 bytes]","args":[{"selector":{"controlType":"sap.m.GenericTile","properties":{"header":"Manage Resources"}},"wdio_ui5_key":"sapm.GenericTile{\"header\":\"Manage Resources\"}"}]}
RESULT: {"script":"<script> [1562 bytes]","args":[{"selector":{"controlType":"sap.m.GenericTile","properties":{"header":"Manage Resources"}},"wdio_ui5_key":"sapm.GenericTile{\"header\":\"Manage Resources\"}"}]}
RESULT: undefined
COMMAND: POST /session/1d4a453559b0d20f8127ccadf842912f/element - {"using":"xpath","value":"//*[@id=\"__tile39\"]"}
RESULT: {"using":"xpath","value":"//*[@id=\"__tile39\"]"}
COMMAND: POST /session/1d4a453559b0d20f8127ccadf842912f/element/f.8BB5FC29C6DF408E67DE758247EB098E.d.DE89254EA822E877CB3C859D7EB2C27A.e.152/click - {}
RESULT: {}
COMMAND: POST /session/1d4a453559b0d20f8127ccadf842912f/element - {"using":"xpath","value":"//button[@data-kt=\"addNewRUOverflowToolbarButton\"]"}
COMMAND: GET /session/1d4a453559b0d20f8127ccadf842912f/screenshot - {}
RESULT: {"using":"xpath","value":"//button[@data-kt=\"addNewRUOverflowToolbarButton\"]"}
COMMAND: POST /session/1d4a453559b0d20f8127ccadf842912f/elements - {"using":"xpath","value":"//button[@data-kt=\"addNewRUOverflowToolbarButton\"]"}
RESULT: {}
RESULT: {"using":"xpath","value":"//button[@data-kt=\"addNewRUOverflowToolbarButton\"]"}
COMMAND: POST /session/1d4a453559b0d20f8127ccadf842912f/elements - {"using":"xpath","value":"//button[@data-kt=\"addNewRUOverflowToolbarButton\"]"}
RESULT: {"using":"xpath","value":"//button[@data-kt=\"addNewRUOverflowToolbarButton\"]"}
COMMAND: POST /session/1d4a453559b0d20f8127ccadf842912f/elements - {"using":"xpath","value":"//button[@data-kt=\"addNewRUOverflowToolbarButton\"]"}
RESULT: {"using":"xpath","value":"//button[@data-kt=\"addNewRUOverflowToolbarButton\"]"}
COMMAND: POST /session/1d4a453559b0d20f8127ccadf842912f/elements - {"using":"xpath","value":"//button[@data-kt=\"addNewRUOverflowToolbarButton\"]"}
RESULT: {"using":"xpath","value":"//button[@data-kt=\"addNewRUOverflowToolbarButton\"]"}
COMMAND: POST /session/1d4a453559b0d20f8127ccadf842912f/elements - {"using":"xpath","value":"//button[@data-kt=\"addNewRUOverflowToolbarButton\"]"}
RESULT: {"using":"xpath","value":"//button[@data-kt=\"addNewRUOverflowToolbarButton\"]"}
COMMAND: POST /session/1d4a453559b0d20f8127ccadf842912f/elements - {"using":"xpath","value":"//button[@data-kt=\"addNewRUOverflowToolbarButton\"]"}
RESULT: {"using":"xpath","value":"//button[@data-kt=\"addNewRUOverflowToolbarButton\"]"}
COMMAND: POST /session/1d4a453559b0d20f8127ccadf842912f/elements - {"using":"xpath","value":"//button[@data-kt=\"addNewRUOverflowToolbarButton\"]"}
RESULT: {"using":"xpath","value":"//button[@data-kt=\"addNewRUOverflowToolbarButton\"]"}
COMMAND: POST /session/1d4a453559b0d20f8127ccadf842912f/elements - {"using":"xpath","value":"//button[@data-kt=\"addNewRUOverflowToolbarButton\"]"}
RESULT: {"using":"xpath","value":"//button[@data-kt=\"addNewRUOverflowToolbarButton\"]"}
COMMAND: POST /session/1d4a453559b0d20f8127ccadf842912f/elements - {"using":"xpath","value":"//button[@data-kt=\"addNewRUOverflowToolbarButton\"]"}
RESULT: {"using":"xpath","value":"//button[@data-kt=\"addNewRUOverflowToolbarButton\"]"}
COMMAND: POST /session/1d4a453559b0d20f8127ccadf842912f/elements - {"using":"xpath","value":"//button[@data-kt=\"addNewRUOverflowToolbarButton\"]"}
RESULT: {"using":"xpath","value":"//button[@data-kt=\"addNewRUOverflowToolbarButton\"]"}
COMMAND: POST /session/1d4a453559b0d20f8127ccadf842912f/elements - {"using":"xpath","value":"//button[@data-kt=\"addNewRUOverflowToolbarButton\"]"}
RESULT: {"using":"xpath","value":"//button[@data-kt=\"addNewRUOverflowToolbarButton\"]"}
COMMAND: POST /session/1d4a453559b0d20f8127ccadf842912f/elements - {"using":"xpath","value":"//button[@data-kt=\"addNewRUOverflowToolbarButton\"]"}
RESULT: {"using":"xpath","value":"//button[@data-kt=\"addNewRUOverflowToolbarButton\"]"}
COMMAND: POST /session/1d4a453559b0d20f8127ccadf842912f/elements - {"using":"xpath","value":"//button[@data-kt=\"addNewRUOverflowToolbarButton\"]"}
RESULT: {"using":"xpath","value":"//button[@data-kt=\"addNewRUOverflowToolbarButton\"]"}
COMMAND: POST /session/1d4a453559b0d20f8127ccadf842912f/elements - {"using":"xpath","value":"//button[@data-kt=\"addNewRUOverflowToolbarButton\"]"}
RESULT: {"using":"xpath","value":"//button[@data-kt=\"addNewRUOverflowToolbarButton\"]"}
COMMAND: POST /session/1d4a453559b0d20f8127ccadf842912f/elements - {"using":"xpath","value":"//button[@data-kt=\"addNewRUOverflowToolbarButton\"]"}
RESULT: {"using":"xpath","value":"//button[@data-kt=\"addNewRUOverflowToolbarButton\"]"}
COMMAND: POST /session/1d4a453559b0d20f8127ccadf842912f/elements - {"using":"xpath","value":"//button[@data-kt=\"addNewRUOverflowToolbarButton\"]"}
RESULT: {"using":"xpath","value":"//button[@data-kt=\"addNewRUOverflowToolbarButton\"]"}
COMMAND: POST /session/1d4a453559b0d20f8127ccadf842912f/elements - {"using":"xpath","value":"//button[@data-kt=\"addNewRUOverflowToolbarButton\"]"}
RESULT: {"using":"xpath","value":"//button[@data-kt=\"addNewRUOverflowToolbarButton\"]"}
COMMAND: POST /session/1d4a453559b0d20f8127ccadf842912f/elements - {"using":"xpath","value":"//button[@data-kt=\"addNewRUOverflowToolbarButton\"]"}
RESULT: {"using":"xpath","value":"//button[@data-kt=\"addNewRUOverflowToolbarButton\"]"}
COMMAND: POST /session/1d4a453559b0d20f8127ccadf842912f/elements - {"using":"xpath","value":"//button[@data-kt=\"addNewRUOverflowToolbarButton\"]"}
RESULT: {"using":"xpath","value":"//button[@data-kt=\"addNewRUOverflowToolbarButton\"]"}
COMMAND: POST /session/1d4a453559b0d20f8127ccadf842912f/elements - {"using":"xpath","value":"//button[@data-kt=\"addNewRUOverflowToolbarButton\"]"}
RESULT: {"using":"xpath","value":"//button[@data-kt=\"addNewRUOverflowToolbarButton\"]"}
COMMAND: POST /session/1d4a453559b0d20f8127ccadf842912f/elements - {"using":"xpath","value":"//button[@data-kt=\"addNewRUOverflowToolbarButton\"]"}
RESULT: {"using":"xpath","value":"//button[@data-kt=\"addNewRUOverflowToolbarButton\"]"}
COMMAND: POST /session/1d4a453559b0d20f8127ccadf842912f/elements - {"using":"xpath","value":"//button[@data-kt=\"addNewRUOverflowToolbarButton\"]"}
RESULT: {"using":"xpath","value":"//button[@data-kt=\"addNewRUOverflowToolbarButton\"]"}
COMMAND: POST /session/1d4a453559b0d20f8127ccadf842912f/elements - {"using":"xpath","value":"//button[@data-kt=\"addNewRUOverflowToolbarButton\"]"}
RESULT: {"using":"xpath","value":"//button[@data-kt=\"addNewRUOverflowToolbarButton\"]"}
COMMAND: POST /session/1d4a453559b0d20f8127ccadf842912f/elements - {"using":"xpath","value":"//button[@data-kt=\"addNewRUOverflowToolbarButton\"]"}
RESULT: {"using":"xpath","value":"//button[@data-kt=\"addNewRUOverflowToolbarButton\"]"}
COMMAND: POST /session/1d4a453559b0d20f8127ccadf842912f/elements - {"using":"xpath","value":"//button[@data-kt=\"addNewRUOverflowToolbarButton\"]"}
RESULT: {"using":"xpath","value":"//button[@data-kt=\"addNewRUOverflowToolbarButton\"]"}
COMMAND: POST /session/1d4a453559b0d20f8127ccadf842912f/elements - {"using":"xpath","value":"//button[@data-kt=\"addNewRUOverflowToolbarButton\"]"}
RESULT: {"using":"xpath","value":"//button[@data-kt=\"addNewRUOverflowToolbarButton\"]"}
COMMAND: POST /session/1d4a453559b0d20f8127ccadf842912f/elements - {"using":"xpath","value":"//button[@data-kt=\"addNewRUOverflowToolbarButton\"]"}
RESULT: {"using":"xpath","value":"//button[@data-kt=\"addNewRUOverflowToolbarButton\"]"}
COMMAND: POST /session/1d4a453559b0d20f8127ccadf842912f/elements - {"using":"xpath","value":"//button[@data-kt=\"addNewRUOverflowToolbarButton\"]"}
RESULT: {"using":"xpath","value":"//button[@data-kt=\"addNewRUOverflowToolbarButton\"]"}
COMMAND: POST /session/1d4a453559b0d20f8127ccadf842912f/elements - {"using":"xpath","value":"//button[@data-kt=\"addNewRUOverflowToolbarButton\"]"}
RESULT: {"using":"xpath","value":"//button[@data-kt=\"addNewRUOverflowToolbarButton\"]"}
COMMAND: POST /session/1d4a453559b0d20f8127ccadf842912f/elements - {"using":"xpath","value":"//button[@data-kt=\"addNewRUOverflowToolbarButton\"]"}
RESULT: {"using":"xpath","value":"//button[@data-kt=\"addNewRUOverflowToolbarButton\"]"}
COMMAND: POST /session/1d4a453559b0d20f8127ccadf842912f/elements - {"using":"xpath","value":"//button[@data-kt=\"addNewRUOverflowToolbarButton\"]"}
RESULT: {"using":"xpath","value":"//button[@data-kt=\"addNewRUOverflowToolbarButton\"]"}
COMMAND: POST /session/1d4a453559b0d20f8127ccadf842912f/elements - {"using":"xpath","value":"//button[@data-kt=\"addNewRUOverflowToolbarButton\"]"}
RESULT: {"using":"xpath","value":"//button[@data-kt=\"addNewRUOverflowToolbarButton\"]"}
COMMAND: POST /session/1d4a453559b0d20f8127ccadf842912f/elements - {"using":"xpath","value":"//button[@data-kt=\"addNewRUOverflowToolbarButton\"]"}
RESULT: {"using":"xpath","value":"//button[@data-kt=\"addNewRUOverflowToolbarButton\"]"}
COMMAND: POST /session/1d4a453559b0d20f8127ccadf842912f/elements - {"using":"xpath","value":"//button[@data-kt=\"addNewRUOverflowToolbarButton\"]"}
RESULT: {"using":"xpath","value":"//button[@data-kt=\"addNewRUOverflowToolbarButton\"]"}
COMMAND: POST /session/1d4a453559b0d20f8127ccadf842912f/elements - {"using":"xpath","value":"//button[@data-kt=\"addNewRUOverflowToolbarButton\"]"}
RESULT: {"using":"xpath","value":"//button[@data-kt=\"addNewRUOverflowToolbarButton\"]"}
COMMAND: POST /session/1d4a453559b0d20f8127ccadf842912f/elements - {"using":"xpath","value":"//button[@data-kt=\"addNewRUOverflowToolbarButton\"]"}
RESULT: {"using":"xpath","value":"//button[@data-kt=\"addNewRUOverflowToolbarButton\"]"}
COMMAND: POST /session/1d4a453559b0d20f8127ccadf842912f/elements - {"using":"xpath","value":"//button[@data-kt=\"addNewRUOverflowToolbarButton\"]"}
RESULT: {"using":"xpath","value":"//button[@data-kt=\"addNewRUOverflowToolbarButton\"]"}
COMMAND: POST /session/1d4a453559b0d20f8127ccadf842912f/elements - {"using":"xpath","value":"//button[@data-kt=\"addNewRUOverflowToolbarButton\"]"}
RESULT: {"using":"xpath","value":"//button[@data-kt=\"addNewRUOverflowToolbarButton\"]"}
COMMAND: POST /session/1d4a453559b0d20f8127ccadf842912f/elements - {"using":"xpath","value":"//button[@data-kt=\"addNewRUOverflowToolbarButton\"]"}
RESULT: {"using":"xpath","value":"//button[@data-kt=\"addNewRUOverflowToolbarButton\"]"}
COMMAND: POST /session/1d4a453559b0d20f8127ccadf842912f/elements - {"using":"xpath","value":"//button[@data-kt=\"addNewRUOverflowToolbarButton\"]"}
RESULT: {"using":"xpath","value":"//button[@data-kt=\"addNewRUOverflowToolbarButton\"]"}
COMMAND: POST /session/1d4a453559b0d20f8127ccadf842912f/elements - {"using":"xpath","value":"//button[@data-kt=\"addNewRUOverflowToolbarButton\"]"}
RESULT: {"using":"xpath","value":"//button[@data-kt=\"addNewRUOverflowToolbarButton\"]"}
COMMAND: POST /session/1d4a453559b0d20f8127ccadf842912f/elements - {"using":"xpath","value":"//button[@data-kt=\"addNewRUOverflowToolbarButton\"]"}
RESULT: {"using":"xpath","value":"//button[@data-kt=\"addNewRUOverflowToolbarButton\"]"}
COMMAND: POST /session/1d4a453559b0d20f8127ccadf842912f/element - {"using":"xpath","value":"//button[@data-kt=\"addNewRUOverflowToolbarButton\"]"}
RESULT: {"using":"xpath","value":"//button[@data-kt=\"addNewRUOverflowToolbarButton\"]"}
COMMAND: POST /session/1d4a453559b0d20f8127ccadf842912f/execute/sync - {"script":"<script> [8489 bytes]","args":[{"element-6066-11e4-a52e-4f735466cecf":"f.8BB5FC29C6DF408E67DE758247EB098E.d.DE89254EA822E877CB3C859D7EB2C27A.e.2195","ELEMENT":"f.8BB5FC29C6DF408E67DE758247EB098E.d.DE89254EA822E877CB3C859D7EB2C27A.e.2195"}]}
RESULT: {"script":"<script> [8489 bytes]","args":[{"element-6066-11e4-a52e-4f735466cecf":"f.8BB5FC29C6DF408E67DE758247EB098E.d.DE89254EA822E877CB3C859D7EB2C27A.e.2195","ELEMENT":"f.8BB5FC29C6DF408E67DE758247EB098E.d.DE89254EA822E877CB3C859D7EB2C27A.e.2195"}]}
COMMAND: GET /session/1d4a453559b0d20f8127ccadf842912f/element/f.8BB5FC29C6DF408E67DE758247EB098E.d.DE89254EA822E877CB3C859D7EB2C27A.e.2195/enabled - {}
COMMAND: GET /session/1d4a453559b0d20f8127ccadf842912f/screenshot - {}
RESULT: {}
COMMAND: POST /session/1d4a453559b0d20f8127ccadf842912f/execute/sync - {"script":"<script> [8489 bytes]","args":[{"element-6066-11e4-a52e-4f735466cecf":"f.8BB5FC29C6DF408E67DE758247EB098E.d.DE89254EA822E877CB3C859D7EB2C27A.e.2195","ELEMENT":"f.8BB5FC29C6DF408E67DE758247EB098E.d.DE89254EA822E877CB3C859D7EB2C27A.e.2195"}]}
COMMAND: GET /session/1d4a453559b0d20f8127ccadf842912f/screenshot - {}
RESULT: {}
RESULT: {"script":"<script> [8489 bytes]","args":[{"element-6066-11e4-a52e-4f735466cecf":"f.8BB5FC29C6DF408E67DE758247EB098E.d.DE89254EA822E877CB3C859D7EB2C27A.e.2195","ELEMENT":"f.8BB5FC29C6DF408E67DE758247EB098E.d.DE89254EA822E877CB3C859D7EB2C27A.e.2195"}]}
COMMAND: POST /session/1d4a453559b0d20f8127ccadf842912f/execute/sync - {"script":"<script> [5351 bytes]","args":[{"element-6066-11e4-a52e-4f735466cecf":"f.8BB5FC29C6DF408E67DE758247EB098E.d.DE89254EA822E877CB3C859D7EB2C27A.e.2195","ELEMENT":"f.8BB5FC29C6DF408E67DE758247EB098E.d.DE89254EA822E877CB3C859D7EB2C27A.e.2195"}]}
COMMAND: GET /session/1d4a453559b0d20f8127ccadf842912f/screenshot - {}
RESULT: {}
RESULT: {"script":"<script> [5351 bytes]","args":[{"element-6066-11e4-a52e-4f735466cecf":"f.8BB5FC29C6DF408E67DE758247EB098E.d.DE89254EA822E877CB3C859D7EB2C27A.e.2195","ELEMENT":"f.8BB5FC29C6DF408E67DE758247EB098E.d.DE89254EA822E877CB3C859D7EB2C27A.e.2195"}]}
COMMAND: POST /session/1d4a453559b0d20f8127ccadf842912f/element/f.8BB5FC29C6DF408E67DE758247EB098E.d.DE89254EA822E877CB3C859D7EB2C27A.e.2195/click - {}
COMMAND: GET /session/1d4a453559b0d20f8127ccadf842912f/screenshot - {}
RESULT: {}
RESULT: {}
RESULT: {}
COMMAND: GET /session/1d4a453559b0d20f8127ccadf842912f/screenshot - {}
RESULT: {}
COMMAND: POST /session/1d4a453559b0d20f8127ccadf842912f/execute/async - {"script":"<script> [1562 bytes]","args":[{"selector":{"id":"application-manageresources-display-component---newResourceUnit--TYPE-arrow"},"wdio_ui5_key":"applicationmanageresources-display-component---newResourceUnit--TYPE-arrow"}]}
RESULT: {"script":"<script> [1562 bytes]","args":[{"selector":{"id":"application-manageresources-display-component---newResourceUnit--TYPE-arrow"},"wdio_ui5_key":"applicationmanageresources-display-component---newResourceUnit--TYPE-arrow"}]}
RESULT: undefined
COMMAND: POST /session/1d4a453559b0d20f8127ccadf842912f/element - {"using":"xpath","value":"//*[@id=\"application-manageresources-display-component---newResourceUnit--TYPE-arrow\"]"}
RESULT: {"using":"xpath","value":"//*[@id=\"application-manageresources-display-component---newResourceUnit--TYPE-arrow\"]"}
COMMAND: POST /session/1d4a453559b0d20f8127ccadf842912f/element/f.8BB5FC29C6DF408E67DE758247EB098E.d.DE89254EA822E877CB3C859D7EB2C27A.e.2411/click - {}
RESULT: {}
COMMAND: POST /session/1d4a453559b0d20f8127ccadf842912f/element - {"using":"xpath","value":"//input[@id=\"application-manageresources-display-component---newResourceUnit--TYPE-inner\"]"}
COMMAND: GET /session/1d4a453559b0d20f8127ccadf842912f/screenshot - {}
RESULT: {"using":"xpath","value":"//input[@id=\"application-manageresources-display-component---newResourceUnit--TYPE-inner\"]"}
COMMAND: POST /session/1d4a453559b0d20f8127ccadf842912f/element/f.8BB5FC29C6DF408E67DE758247EB098E.d.DE89254EA822E877CB3C859D7EB2C27A.e.2408/clear - {}
RESULT: {}
RESULT: {}
COMMAND: POST /session/1d4a453559b0d20f8127ccadf842912f/element/f.8BB5FC29C6DF408E67DE758247EB098E.d.DE89254EA822E877CB3C859D7EB2C27A.e.2408/value - {"text":"Equipment"}
COMMAND: GET /session/1d4a453559b0d20f8127ccadf842912f/screenshot - {}
RESULT: {"text":"Equipment"}
COMMAND: GET /session/1d4a453559b0d20f8127ccadf842912f/screenshot - {}
RESULT: {}
RESULT: {}
COMMAND: POST /session/1d4a453559b0d20f8127ccadf842912f/actions - {"actions":[{"id":"action11","type":"key","parameters":{},"actions":[{"type":"keyDown","value":"î€‡"},{"type":"pause","duration":10},{"type":"keyUp","value":"î€‡"}]}]}
RESULT: {"actions":[{"id":"action11","type":"key","parameters":{},"actions":[{"type":"keyDown","value":"î€‡"},{"type":"pause","duration":10},{"type":"keyUp","value":"î€‡"}]}]}
COMMAND: POST /session/1d4a453559b0d20f8127ccadf842912f/execute/async - {"script":"<script> [1562 bytes]","args":[{"selector":{"id":"application-manageresources-display-component---newResourceUnit--resourceId","interaction":{"idSuffix":"inner"}},"wdio_ui5_key":"applicationmanageresources-display-component---newResourceUnit--resourceId"}]}
COMMAND: GET /session/1d4a453559b0d20f8127ccadf842912f/screenshot - {}
RESULT: {"script":"<script> [1562 bytes]","args":[{"selector":{"id":"application-manageresources-display-component---newResourceUnit--resourceId","interaction":{"idSuffix":"inner"}},"wdio_ui5_key":"applicationmanageresources-display-component---newResourceUnit--resourceId"}]}
RESULT: undefined
COMMAND: POST /session/1d4a453559b0d20f8127ccadf842912f/execute/async - {"script":"<script> [776 bytes]","args":[{"enterText":"uicqZhPICg","selector":{"id":"application-manageresources-display-component---newResourceUnit--resourceId","interaction":{"idSuffix":"inner"}},"clearTextFirst":true,"interactionType":"ENTER_TEXT"}]}
RESULT: {}
RESULT: {"script":"<script> [776 bytes]","args":[{"enterText":"uicqZhPICg","selector":{"id":"application-manageresources-display-component---newResourceUnit--resourceId","interaction":{"idSuffix":"inner"}},"clearTextFirst":true,"interactionType":"ENTER_TEXT"}]}
COMMAND: POST /session/1d4a453559b0d20f8127ccadf842912f/execute/async - {"script":"<script> [1562 bytes]","args":[{"selector":{"id":"application-manageresources-display-component---newResourceUnit--SHORT_TEXT","interaction":{"idSuffix":"inner"}},"wdio_ui5_key":"applicationmanageresources-display-component---newResourceUnit--SHORT_TEXT"}]}
RESULT: {"script":"<script> [1562 bytes]","args":[{"selector":{"id":"application-manageresources-display-component---newResourceUnit--SHORT_TEXT","interaction":{"idSuffix":"inner"}},"wdio_ui5_key":"applicationmanageresources-display-component---newResourceUnit--SHORT_TEXT"}]}
RESULT: undefined
COMMAND: POST /session/1d4a453559b0d20f8127ccadf842912f/execute/async - {"script":"<script> [776 bytes]","args":[{"enterText":"Intercompany Equipment WDIO","selector":{"id":"application-manageresources-display-component---newResourceUnit--SHORT_TEXT","interaction":{"idSuffix":"inner"}},"clearTextFirst":true,"interactionType":"ENTER_TEXT"}]}
RESULT: {"script":"<script> [776 bytes]","args":[{"enterText":"Intercompany Equipment WDIO","selector":{"id":"application-manageresources-display-component---newResourceUnit--SHORT_TEXT","interaction":{"idSuffix":"inner"}},"clearTextFirst":true,"interactionType":"ENTER_TEXT"}]}
COMMAND: POST /session/1d4a453559b0d20f8127ccadf842912f/execute/async - {"script":"<script> [1562 bytes]","args":[{"selector":{"id":"application-manageresources-display-component---newResourceUnit--BASE_UNIT_OF_MEASURE","interaction":{"idSuffix":"inner"}},"wdio_ui5_key":"applicationmanageresources-display-component---newResourceUnit--BASE_UNIT_OF_MEASURE"}]}
RESULT: {"script":"<script> [1562 bytes]","args":[{"selector":{"id":"application-manageresources-display-component---newResourceUnit--BASE_UNIT_OF_MEASURE","interaction":{"idSuffix":"inner"}},"wdio_ui5_key":"applicationmanageresources-display-component---newResourceUnit--BASE_UNIT_OF_MEASURE"}]}
RESULT: undefined
COMMAND: POST /session/1d4a453559b0d20f8127ccadf842912f/execute/async - {"script":"<script> [776 bytes]","args":[{"enterText":"Piece","selector":{"id":"application-manageresources-display-component---newResourceUnit--BASE_UNIT_OF_MEASURE","interaction":{"idSuffix":"inner"}},"clearTextFirst":true,"interactionType":"ENTER_TEXT"}]}
RESULT: {"script":"<script> [776 bytes]","args":[{"enterText":"Piece","selector":{"id":"application-manageresources-display-component---newResourceUnit--BASE_UNIT_OF_MEASURE","interaction":{"idSuffix":"inner"}},"clearTextFirst":true,"interactionType":"ENTER_TEXT"}]}
COMMAND: POST /session/1d4a453559b0d20f8127ccadf842912f/execute/async - {"script":"<script> [1562 bytes]","args":[{"selector":{"id":"application-manageresources-display-component---newResourceUnit--WEIGHT_UNIT","interaction":{"idSuffix":"inner"}},"wdio_ui5_key":"applicationmanageresources-display-component---newResourceUnit--WEIGHT_UNIT"}]}
RESULT: {"script":"<script> [1562 bytes]","args":[{"selector":{"id":"application-manageresources-display-component---newResourceUnit--WEIGHT_UNIT","interaction":{"idSuffix":"inner"}},"wdio_ui5_key":"applicationmanageresources-display-component---newResourceUnit--WEIGHT_UNIT"}]}
RESULT: undefined
COMMAND: POST /session/1d4a453559b0d20f8127ccadf842912f/execute/async - {"script":"<script> [776 bytes]","args":[{"enterText":"Gram","selector":{"id":"application-manageresources-display-component---newResourceUnit--WEIGHT_UNIT","interaction":{"idSuffix":"inner"}},"clearTextFirst":true,"interactionType":"ENTER_TEXT"}]}
RESULT: {"script":"<script> [776 bytes]","args":[{"enterText":"Gram","selector":{"id":"application-manageresources-display-component---newResourceUnit--WEIGHT_UNIT","interaction":{"idSuffix":"inner"}},"clearTextFirst":true,"interactionType":"ENTER_TEXT"}]}
COMMAND: POST /session/1d4a453559b0d20f8127ccadf842912f/execute/async - {"script":"<script> [1562 bytes]","args":[{"selector":{"id":"application-manageresources-display-component---newResourceUnit--DIMENSION_UNIT","interaction":{"idSuffix":"inner"}},"wdio_ui5_key":"applicationmanageresources-display-component---newResourceUnit--DIMENSION_UNIT"}]}
RESULT: {"script":"<script> [1562 bytes]","args":[{"selector":{"id":"application-manageresources-display-component---newResourceUnit--DIMENSION_UNIT","interaction":{"idSuffix":"inner"}},"wdio_ui5_key":"applicationmanageresources-display-component---newResourceUnit--DIMENSION_UNIT"}]}
RESULT: undefined
COMMAND: POST /session/1d4a453559b0d20f8127ccadf842912f/execute/async - {"script":"<script> [776 bytes]","args":[{"enterText":"Meter","selector":{"id":"application-manageresources-display-component---newResourceUnit--DIMENSION_UNIT","interaction":{"idSuffix":"inner"}},"clearTextFirst":true,"interactionType":"ENTER_TEXT"}]}
RESULT: {"script":"<script> [776 bytes]","args":[{"enterText":"Meter","selector":{"id":"application-manageresources-display-component---newResourceUnit--DIMENSION_UNIT","interaction":{"idSuffix":"inner"}},"clearTextFirst":true,"interactionType":"ENTER_TEXT"}]}
COMMAND: POST /session/1d4a453559b0d20f8127ccadf842912f/execute/async - {"script":"<script> [1562 bytes]","args":[{"selector":{"id":"application-manageresources-display-component---newResourceUnit--newRRUPage-anchBar-application-manageresources-display-component---newResourceUnit--control-anchor","interaction":{"idSuffix":"BDI-content"}},"wdio_ui5_key":"applicationmanageresources-display-component---newResourceUnit--newRRUPage-anchBar-application-manageresources-display-component---newResourceUnit--control-anchor"}]}
RESULT: {"script":"<script> [1562 bytes]","args":[{"selector":{"id":"application-manageresources-display-component---newResourceUnit--newRRUPage-anchBar-application-manageresources-display-component---newResourceUnit--control-anchor","interaction":{"idSuffix":"BDI-content"}},"wdio_ui5_key":"applicationmanageresources-display-component---newResourceUnit--newRRUPage-anchBar-application-manageresources-display-component---newResourceUnit--control-anchor"}]}
RESULT: undefined
COMMAND: POST /session/1d4a453559b0d20f8127ccadf842912f/element - {"using":"xpath","value":"//*[@id=\"application-manageresources-display-component---newResourceUnit--newRRUPage-anchBar-application-manageresources-display-component---newResourceUnit--control-anchor\"]"}
RESULT: {"using":"xpath","value":"//*[@id=\"application-manageresources-display-component---newResourceUnit--newRRUPage-anchBar-application-manageresources-display-component---newResourceUnit--control-anchor\"]"}
COMMAND: POST /session/1d4a453559b0d20f8127ccadf842912f/element/f.8BB5FC29C6DF408E67DE758247EB098E.d.DE89254EA822E877CB3C859D7EB2C27A.e.2545/click - {}
RESULT: {}
COMMAND: POST /session/1d4a453559b0d20f8127ccadf842912f/execute/async - {"script":"<script> [1562 bytes]","args":[{"selector":{"id":"application-manageresources-display-component---newResourceUnit--PLANNING_GROUP","interaction":{"idSuffix":"inner"}},"wdio_ui5_key":"applicationmanageresources-display-component---newResourceUnit--PLANNING_GROUP"}]}
COMMAND: GET /session/1d4a453559b0d20f8127ccadf842912f/screenshot - {}
RESULT: {"script":"<script> [1562 bytes]","args":[{"selector":{"id":"application-manageresources-display-component---newResourceUnit--PLANNING_GROUP","interaction":{"idSuffix":"inner"}},"wdio_ui5_key":"applicationmanageresources-display-component---newResourceUnit--PLANNING_GROUP"}]}
RESULT: undefined
COMMAND: POST /session/1d4a453559b0d20f8127ccadf842912f/execute/async - {"script":"<script> [776 bytes]","args":[{"enterText":"Heavy Equi","selector":{"id":"application-manageresources-display-component---newResourceUnit--PLANNING_GROUP","interaction":{"idSuffix":"inner"}},"clearTextFirst":true,"interactionType":"ENTER_TEXT"}]}
RESULT: {}
RESULT: {"script":"<script> [776 bytes]","args":[{"enterText":"Heavy Equi","selector":{"id":"application-manageresources-display-component---newResourceUnit--PLANNING_GROUP","interaction":{"idSuffix":"inner"}},"clearTextFirst":true,"interactionType":"ENTER_TEXT"}]}
COMMAND: POST /session/1d4a453559b0d20f8127ccadf842912f/execute/async - {"script":"<script> [1562 bytes]","args":[{"selector":{"id":"application-manageresources-display-component---newResourceUnit--ITEM_TYPE-arrow"},"wdio_ui5_key":"applicationmanageresources-display-component---newResourceUnit--ITEM_TYPE-arrow"}]}
RESULT: {"script":"<script> [1562 bytes]","args":[{"selector":{"id":"application-manageresources-display-component---newResourceUnit--ITEM_TYPE-arrow"},"wdio_ui5_key":"applicationmanageresources-display-component---newResourceUnit--ITEM_TYPE-arrow"}]}
RESULT: undefined
COMMAND: POST /session/1d4a453559b0d20f8127ccadf842912f/element - {"using":"xpath","value":"//*[@id=\"application-manageresources-display-component---newResourceUnit--ITEM_TYPE-arrow\"]"}
RESULT: {"using":"xpath","value":"//*[@id=\"application-manageresources-display-component---newResourceUnit--ITEM_TYPE-arrow\"]"}
COMMAND: POST /session/1d4a453559b0d20f8127ccadf842912f/element/f.8BB5FC29C6DF408E67DE758247EB098E.d.DE89254EA822E877CB3C859D7EB2C27A.e.2552/click - {}
RESULT: {}
COMMAND: POST /session/1d4a453559b0d20f8127ccadf842912f/element - {"using":"xpath","value":"(//span[contains(text(), \"Resource Unit\")])[2]"}
COMMAND: GET /session/1d4a453559b0d20f8127ccadf842912f/screenshot - {}
RESULT: {"using":"xpath","value":"(//span[contains(text(), \"Resource Unit\")])[2]"}
COMMAND: POST /session/1d4a453559b0d20f8127ccadf842912f/element/f.8BB5FC29C6DF408E67DE758247EB098E.d.DE89254EA822E877CB3C859D7EB2C27A.e.2553/click - {}
RESULT: {}
RESULT: {}
COMMAND: GET /session/1d4a453559b0d20f8127ccadf842912f/screenshot - {}
RESULT: {}
COMMAND: POST /session/1d4a453559b0d20f8127ccadf842912f/element - {"using":"css selector","value":"#application-manageresources-display-component---newResourceUnit--btnAddTimeSegment"}
RESULT: {"using":"css selector","value":"#application-manageresources-display-component---newResourceUnit--btnAddTimeSegment"}
COMMAND: GET /session/1d4a453559b0d20f8127ccadf842912f/element/f.8BB5FC29C6DF408E67DE758247EB098E.d.DE89254EA822E877CB3C859D7EB2C27A.e.2554/rect - {}
RESULT: {}
COMMAND: GET /session/1d4a453559b0d20f8127ccadf842912f/window/rect - {}
RESULT: {}
COMMAND: POST /session/1d4a453559b0d20f8127ccadf842912f/execute/sync - {"script":"<script> [92 bytes]","args":[]}
RESULT: {"script":"<script> [92 bytes]","args":[]}
COMMAND: POST /session/1d4a453559b0d20f8127ccadf842912f/actions - {"actions":[{"id":"action12","type":"wheel","parameters":{},"actions":[{"type":"scroll","x":-1888,"y":-32,"deltaX":0,"deltaY":0,"duration":0,"origin":{"element-6066-11e4-a52e-4f735466cecf":"f.8BB5FC29C6DF408E67DE758247EB098E.d.DE89254EA822E877CB3C859D7EB2C27A.e.2554"}}]}]}
COMMAND: GET /session/1d4a453559b0d20f8127ccadf842912f/screenshot - {}
RESULT: {}
COMMAND: POST /session/1d4a453559b0d20f8127ccadf842912f/execute/sync - {"script":"<script> [79 bytes]","args":[{"element-6066-11e4-a52e-4f735466cecf":"f.8BB5FC29C6DF408E67DE758247EB098E.d.DE89254EA822E877CB3C859D7EB2C27A.e.2554","ELEMENT":"f.8BB5FC29C6DF408E67DE758247EB098E.d.DE89254EA822E877CB3C859D7EB2C27A.e.2554"},{"block":"start","inline":"nearest"}]}
RESULT: {"script":"<script> [79 bytes]","args":[{"element-6066-11e4-a52e-4f735466cecf":"f.8BB5FC29C6DF408E67DE758247EB098E.d.DE89254EA822E877CB3C859D7EB2C27A.e.2554","ELEMENT":"f.8BB5FC29C6DF408E67DE758247EB098E.d.DE89254EA822E877CB3C859D7EB2C27A.e.2554"},{"block":"start","inline":"nearest"}]}
COMMAND: POST /session/1d4a453559b0d20f8127ccadf842912f/execute/async - {"script":"<script> [1562 bytes]","args":[{"selector":{"id":"application-manageresources-display-component---newResourceUnit--btnAddTimeSegment","interaction":{"idSuffix":"inner"}},"wdio_ui5_key":"applicationmanageresources-display-component---newResourceUnit--btnAddTimeSegment"}]}
COMMAND: GET /session/1d4a453559b0d20f8127ccadf842912f/screenshot - {}
RESULT: {"script":"<script> [1562 bytes]","args":[{"selector":{"id":"application-manageresources-display-component---newResourceUnit--btnAddTimeSegment","interaction":{"idSuffix":"inner"}},"wdio_ui5_key":"applicationmanageresources-display-component---newResourceUnit--btnAddTimeSegment"}]}
RESULT: undefined
COMMAND: POST /session/1d4a453559b0d20f8127ccadf842912f/element - {"using":"xpath","value":"//*[@id=\"application-manageresources-display-component---newResourceUnit--btnAddTimeSegment\"]"}
RESULT: {}
RESULT: {"using":"xpath","value":"//*[@id=\"application-manageresources-display-component---newResourceUnit--btnAddTimeSegment\"]"}
COMMAND: POST /session/1d4a453559b0d20f8127ccadf842912f/element/f.8BB5FC29C6DF408E67DE758247EB098E.d.DE89254EA822E877CB3C859D7EB2C27A.e.2554/click - {}
RESULT: {}
COMMAND: GET /session/1d4a453559b0d20f8127ccadf842912f/screenshot - {}
RESULT: {}
COMMAND: POST /session/1d4a453559b0d20f8127ccadf842912f/element - {"using":"xpath","value":"//input[@id=\"application-manageresources-display-component---newResourceUnit--idRuTSAdmin-application-manageresources-display-component---newResourceUnit--RUTimeSegment-0-inner\"]"}
RESULT: {"using":"xpath","value":"//input[@id=\"application-manageresources-display-component---newResourceUnit--idRuTSAdmin-application-manageresources-display-component---newResourceUnit--RUTimeSegment-0-inner\"]"}
COMMAND: POST /session/1d4a453559b0d20f8127ccadf842912f/element/f.8BB5FC29C6DF408E67DE758247EB098E.d.DE89254EA822E877CB3C859D7EB2C27A.e.2560/clear - {}
RESULT: {}
COMMAND: POST /session/1d4a453559b0d20f8127ccadf842912f/element/f.8BB5FC29C6DF408E67DE758247EB098E.d.DE89254EA822E877CB3C859D7EB2C27A.e.2560/value - {"text":"109"}
COMMAND: GET /session/1d4a453559b0d20f8127ccadf842912f/screenshot - {}
RESULT: {"text":"109"}
COMMAND: GET /session/1d4a453559b0d20f8127ccadf842912f/screenshot - {}
RESULT: {}
RESULT: {}
COMMAND: POST /session/1d4a453559b0d20f8127ccadf842912f/element - {"using":"xpath","value":"//li[.//span[text()='109']]"}
RESULT: {"using":"xpath","value":"//li[.//span[text()='109']]"}
COMMAND: POST /session/1d4a453559b0d20f8127ccadf842912f/element/f.8BB5FC29C6DF408E67DE758247EB098E.d.DE89254EA822E877CB3C859D7EB2C27A.e.2574/click - {}
RESULT: {}
COMMAND: GET /session/1d4a453559b0d20f8127ccadf842912f/screenshot - {}
RESULT: {}
COMMAND: POST /session/1d4a453559b0d20f8127ccadf842912f/element - {"using":"xpath","value":"(//span[contains(@id, \"-application-manageresources-display-component---newResourceUnit--RUTimeSegment-0-arrow\")])[6]"}
RESULT: {"using":"xpath","value":"(//span[contains(@id, \"-application-manageresources-display-component---newResourceUnit--RUTimeSegment-0-arrow\")])[6]"}
COMMAND: POST /session/1d4a453559b0d20f8127ccadf842912f/element/f.8BB5FC29C6DF408E67DE758247EB098E.d.DE89254EA822E877CB3C859D7EB2C27A.e.2575/click - {}
RESULT: {}
COMMAND: GET /session/1d4a453559b0d20f8127ccadf842912f/screenshot - {}
RESULT: {}
COMMAND: POST /session/1d4a453559b0d20f8127ccadf842912f/element - {"using":"xpath","value":"//span[contains(text(), \"PM Order\")]"}
RESULT: {"using":"xpath","value":"//span[contains(text(), \"PM Order\")]"}
COMMAND: POST /session/1d4a453559b0d20f8127ccadf842912f/element/f.8BB5FC29C6DF408E67DE758247EB098E.d.DE89254EA822E877CB3C859D7EB2C27A.e.2578/click - {}
RESULT: {}
COMMAND: GET /session/1d4a453559b0d20f8127ccadf842912f/screenshot - {}
RESULT: {}
COMMAND: POST /session/1d4a453559b0d20f8127ccadf842912f/element - {"using":"xpath","value":"(//span[contains(@id ,\"manageresources-display-component---newResourceUnit--RUTimeSegment-0-vhi\")])[1]"}
RESULT: {"using":"xpath","value":"(//span[contains(@id ,\"manageresources-display-component---newResourceUnit--RUTimeSegment-0-vhi\")])[1]"}
COMMAND: GET /session/1d4a453559b0d20f8127ccadf842912f/element/f.8BB5FC29C6DF408E67DE758247EB098E.d.DE89254EA822E877CB3C859D7EB2C27A.e.2582/rect - {}
RESULT: {}
COMMAND: GET /session/1d4a453559b0d20f8127ccadf842912f/window/rect - {}
RESULT: {}
COMMAND: POST /session/1d4a453559b0d20f8127ccadf842912f/execute/sync - {"script":"<script> [92 bytes]","args":[]}
RESULT: {"script":"<script> [92 bytes]","args":[]}
COMMAND: POST /session/1d4a453559b0d20f8127ccadf842912f/actions - {"actions":[{"id":"action13","type":"wheel","parameters":{},"actions":[{"type":"scroll","x":-869,"y":-24,"deltaX":0,"deltaY":0,"duration":0,"origin":{"element-6066-11e4-a52e-4f735466cecf":"f.8BB5FC29C6DF408E67DE758247EB098E.d.DE89254EA822E877CB3C859D7EB2C27A.e.2582"}}]}]}
COMMAND: GET /session/1d4a453559b0d20f8127ccadf842912f/screenshot - {}
RESULT: {"actions":[{"id":"action13","type":"wheel","parameters":{},"actions":[{"type":"scroll","x":-869,"y":-24,"deltaX":0,"deltaY":0,"duration":0,"origin":{"element-6066-11e4-a52e-4f735466cecf":"f.8BB5FC29C6DF408E67DE758247EB098E.d.DE89254EA822E877CB3C859D7EB2C27A.e.2582"}}]}]}
COMMAND: DELETE /session/1d4a453559b0d20f8127ccadf842912f/actions - {}
COMMAND: GET /session/1d4a453559b0d20f8127ccadf842912f/screenshot - {}
RESULT: {}
RESULT: {}
COMMAND: GET /session/1d4a453559b0d20f8127ccadf842912f/screenshot - {}
RESULT: {}
RESULT: {}
COMMAND: POST /session/1d4a453559b0d20f8127ccadf842912f/element/f.8BB5FC29C6DF408E67DE758247EB098E.d.DE89254EA822E877CB3C859D7EB2C27A.e.2582/click - {}
RESULT: {}
COMMAND: GET /session/1d4a453559b0d20f8127ccadf842912f/screenshot - {}
RESULT: {}
COMMAND: POST /session/1d4a453559b0d20f8127ccadf842912f/execute/async - {"script":"<script> [1562 bytes]","args":[{"selector":{"controlType":"sap.m.SearchField","properties":{"placeholder":"Search"},"searchOpenDialogs":true,"interaction":{"idSuffix":"I"}},"wdio_ui5_key":"sapm.SearchField{\"placeholder\":\"Search\"}"}]}
RESULT: {"script":"<script> [1562 bytes]","args":[{"selector":{"controlType":"sap.m.SearchField","properties":{"placeholder":"Search"},"searchOpenDialogs":true,"interaction":{"idSuffix":"I"}},"wdio_ui5_key":"sapm.SearchField{\"placeholder\":\"Search\"}"}]}
RESULT: undefined
COMMAND: POST /session/1d4a453559b0d20f8127ccadf842912f/execute/async - {"script":"<script> [776 bytes]","args":[{"enterText":"4000360","selector":{"controlType":"sap.m.SearchField","properties":{"placeholder":"Search"},"searchOpenDialogs":true,"interaction":{"idSuffix":"I"}},"clearTextFirst":true,"interactionType":"ENTER_TEXT"}]}
RESULT: {"script":"<script> [776 bytes]","args":[{"enterText":"4000360","selector":{"controlType":"sap.m.SearchField","properties":{"placeholder":"Search"},"searchOpenDialogs":true,"interaction":{"idSuffix":"I"}},"clearTextFirst":true,"interactionType":"ENTER_TEXT"}]}
COMMAND: POST /session/1d4a453559b0d20f8127ccadf842912f/actions - {"actions":[{"id":"action14","type":"key","parameters":{},"actions":[{"type":"keyDown","value":"î€‡"},{"type":"pause","duration":10},{"type":"keyUp","value":"î€‡"}]}]}
RESULT: {"actions":[{"id":"action14","type":"key","parameters":{},"actions":[{"type":"keyDown","value":"î€‡"},{"type":"pause","duration":10},{"type":"keyUp","value":"î€‡"}]}]}
COMMAND: GET /session/1d4a453559b0d20f8127ccadf842912f/screenshot - {}
RESULT: {}
COMMAND: POST /session/1d4a453559b0d20f8127ccadf842912f/element - {"using":"xpath","value":"//td/div/span[contains(text(), \"BGL Vehicles\")]"}
RESULT: {"using":"xpath","value":"//td/div/span[contains(text(), \"BGL Vehicles\")]"}
COMMAND: POST /session/1d4a453559b0d20f8127ccadf842912f/element/f.8BB5FC29C6DF408E67DE758247EB098E.d.DE89254EA822E877CB3C859D7EB2C27A.e.2603/click - {}
RESULT: {}
COMMAND: GET /session/1d4a453559b0d20f8127ccadf842912f/screenshot - {}
RESULT: {}
COMMAND: POST /session/1d4a453559b0d20f8127ccadf842912f/element - {"using":"xpath","value":"//bdi[contains(text(), \"OK\")]"}
RESULT: {"using":"xpath","value":"//bdi[contains(text(), \"OK\")]"}
COMMAND: POST /session/1d4a453559b0d20f8127ccadf842912f/element/f.8BB5FC29C6DF408E67DE758247EB098E.d.DE89254EA822E877CB3C859D7EB2C27A.e.2604/click - {}
RESULT: {}
COMMAND: GET /session/1d4a453559b0d20f8127ccadf842912f/screenshot - {}
RESULT: {}
COMMAND: POST /session/1d4a453559b0d20f8127ccadf842912f/execute/async - {"script":"<script> [1562 bytes]","args":[{"selector":{"id":"application-manageresources-display-component---newResourceUnit--newRRUPage-anchBar-application-manageresources-display-component---newResourceUnit--resource-anchor","interaction":{"idSuffix":"BDI-content"}},"wdio_ui5_key":"applicationmanageresources-display-component---newResourceUnit--newRRUPage-anchBar-application-manageresources-display-component---newResourceUnit--resource-anchor"}]}
RESULT: {"script":"<script> [1562 bytes]","args":[{"selector":{"id":"application-manageresources-display-component---newResourceUnit--newRRUPage-anchBar-application-manageresources-display-component---newResourceUnit--resource-anchor","interaction":{"idSuffix":"BDI-content"}},"wdio_ui5_key":"applicationmanageresources-display-component---newResourceUnit--newRRUPage-anchBar-application-manageresources-display-component---newResourceUnit--resource-anchor"}]}
RESULT: undefined
COMMAND: POST /session/1d4a453559b0d20f8127ccadf842912f/element - {"using":"xpath","value":"//*[@id=\"application-manageresources-display-component---newResourceUnit--newRRUPage-anchBar-application-manageresources-display-component---newResourceUnit--resource-anchor\"]"}
RESULT: {"using":"xpath","value":"//*[@id=\"application-manageresources-display-component---newResourceUnit--newRRUPage-anchBar-application-manageresources-display-component---newResourceUnit--resource-anchor\"]"}
COMMAND: POST /session/1d4a453559b0d20f8127ccadf842912f/element/f.8BB5FC29C6DF408E67DE758247EB098E.d.DE89254EA822E877CB3C859D7EB2C27A.e.2608/click - {}
RESULT: {}
COMMAND: POST /session/1d4a453559b0d20f8127ccadf842912f/execute/async - {"script":"<script> [1562 bytes]","args":[{"selector":{"id":"application-manageresources-display-component---newResourceUnit--PLANNED_DELIVERY_DATE","interaction":{"idSuffix":"inner"}},"wdio_ui5_key":"applicationmanageresources-display-component---newResourceUnit--PLANNED_DELIVERY_DATE"}]}
COMMAND: GET /session/1d4a453559b0d20f8127ccadf842912f/screenshot - {}
RESULT: {"script":"<script> [1562 bytes]","args":[{"selector":{"id":"application-manageresources-display-component---newResourceUnit--PLANNED_DELIVERY_DATE","interaction":{"idSuffix":"inner"}},"wdio_ui5_key":"applicationmanageresources-display-component---newResourceUnit--PLANNED_DELIVERY_DATE"}]}
RESULT: undefined
COMMAND: POST /session/1d4a453559b0d20f8127ccadf842912f/execute/async - {"script":"<script> [6424 bytes]","args":[{"element-6066-11e4-a52e-4f735466cecf":"f.8BB5FC29C6DF408E67DE758247EB098E.d.DE89254EA822E877CB3C859D7EB2C27A.e.2468"},"setValue",["5/1/25"]]}
RESULT: {}
RESULT: {"script":"<script> [6424 bytes]","args":[{"element-6066-11e4-a52e-4f735466cecf":"f.8BB5FC29C6DF408E67DE758247EB098E.d.DE89254EA822E877CB3C859D7EB2C27A.e.2468"},"setValue",["5/1/25"]]}
COMMAND: POST /session/1d4a453559b0d20f8127ccadf842912f/element - {"using":"xpath","value":"//button[@data-kt=\"resourceUnitSaveButton\"]"}
RESULT: {"using":"xpath","value":"//button[@data-kt=\"resourceUnitSaveButton\"]"}
COMMAND: POST /session/1d4a453559b0d20f8127ccadf842912f/element/f.8BB5FC29C6DF408E67DE758247EB098E.d.DE89254EA822E877CB3C859D7EB2C27A.e.2428/click - {}
RESULT: {}
COMMAND: GET /session/1d4a453559b0d20f8127ccadf842912f/screenshot - {}
RESULT: {}
COMMAND: POST /session/1d4a453559b0d20f8127ccadf842912f/element - {"using":"xpath","value":"//bdi[contains(text(), \"Close\")]"}
RESULT: {"using":"xpath","value":"//bdi[contains(text(), \"Close\")]"}
COMMAND: POST /session/1d4a453559b0d20f8127ccadf842912f/element/f.8BB5FC29C6DF408E67DE758247EB098E.d.DE89254EA822E877CB3C859D7EB2C27A.e.2617/click - {}
RESULT: {}
COMMAND: GET /session/1d4a453559b0d20f8127ccadf842912f/screenshot - {}
RESULT: {}
COMMAND: POST /session/1d4a453559b0d20f8127ccadf842912f/element - {"using":"xpath","value":"(//button[contains(@id ,\"actionsToolbar-overflowButton\")])[1]"}
RESULT: {"using":"xpath","value":"(//button[contains(@id ,\"actionsToolbar-overflowButton\")])[1]"}
COMMAND: POST /session/1d4a453559b0d20f8127ccadf842912f/element/f.8BB5FC29C6DF408E67DE758247EB098E.d.DE89254EA822E877CB3C859D7EB2C27A.e.2672/click - {}
RESULT: {}
COMMAND: GET /session/1d4a453559b0d20f8127ccadf842912f/screenshot - {}
RESULT: {}
COMMAND: POST /session/1d4a453559b0d20f8127ccadf842912f/element - {"using":"xpath","value":"//button[@data-kt=\"priceInfoButton\"]"}
RESULT: {"using":"xpath","value":"//button[@data-kt=\"priceInfoButton\"]"}
COMMAND: POST /session/1d4a453559b0d20f8127ccadf842912f/element/f.8BB5FC29C6DF408E67DE758247EB098E.d.DE89254EA822E877CB3C859D7EB2C27A.e.2674/click - {}
RESULT: {}
COMMAND: GET /session/1d4a453559b0d20f8127ccadf842912f/screenshot - {}
RESULT: {}
COMMAND: POST /session/1d4a453559b0d20f8127ccadf842912f/element - {"using":"css selector","value":"#shell-header-logo"}
RESULT: {"using":"css selector","value":"#shell-header-logo"}
COMMAND: POST /session/1d4a453559b0d20f8127ccadf842912f/element/f.8BB5FC29C6DF408E67DE758247EB098E.d.DE89254EA822E877CB3C859D7EB2C27A.e.2167/click - {}
RESULT: {}
COMMAND: GET /session/1d4a453559b0d20f8127ccadf842912f/screenshot - {}
RESULT: {}
]]></system-out>
    </testcase>
    <testcase classname="chrome.135_0_7049_96.windows.RU_Inventory_Mass_State_Change_Multiple_Items_US151066" name="Prerequisite Step 2 Should create a new material" time="121.8">
      <system-out><![CDATA[
RESULT: undefined
COMMAND: POST /session/1d4a453559b0d20f8127ccadf842912f/element - {"using":"xpath","value":"//*[@id=\"__tile39\"]"}
RESULT: {"using":"xpath","value":"//*[@id=\"__tile39\"]"}
COMMAND: POST /session/1d4a453559b0d20f8127ccadf842912f/element/f.8BB5FC29C6DF408E67DE758247EB098E.d.DE89254EA822E877CB3C859D7EB2C27A.e.152/click - {}
RESULT: {}
COMMAND: POST /session/1d4a453559b0d20f8127ccadf842912f/element - {"using":"xpath","value":"//button[@data-kt=\"addNewRUOverflowToolbarButton\"]"}
COMMAND: GET /session/1d4a453559b0d20f8127ccadf842912f/screenshot - {}
RESULT: {"using":"xpath","value":"//button[@data-kt=\"addNewRUOverflowToolbarButton\"]"}
COMMAND: POST /session/1d4a453559b0d20f8127ccadf842912f/elements - {"using":"xpath","value":"//button[@data-kt=\"addNewRUOverflowToolbarButton\"]"}
RESULT: {}
RESULT: {"using":"xpath","value":"//button[@data-kt=\"addNewRUOverflowToolbarButton\"]"}
COMMAND: POST /session/1d4a453559b0d20f8127ccadf842912f/execute/sync - {"script":"<script> [8489 bytes]","args":[{"element-6066-11e4-a52e-4f735466cecf":"f.8BB5FC29C6DF408E67DE758247EB098E.d.DE89254EA822E877CB3C859D7EB2C27A.e.2776","ELEMENT":"f.8BB5FC29C6DF408E67DE758247EB098E.d.DE89254EA822E877CB3C859D7EB2C27A.e.2776"}]}
RESULT: {"script":"<script> [8489 bytes]","args":[{"element-6066-11e4-a52e-4f735466cecf":"f.8BB5FC29C6DF408E67DE758247EB098E.d.DE89254EA822E877CB3C859D7EB2C27A.e.2776","ELEMENT":"f.8BB5FC29C6DF408E67DE758247EB098E.d.DE89254EA822E877CB3C859D7EB2C27A.e.2776"}]}
COMMAND: GET /session/1d4a453559b0d20f8127ccadf842912f/element/f.8BB5FC29C6DF408E67DE758247EB098E.d.DE89254EA822E877CB3C859D7EB2C27A.e.2776/enabled - {}
COMMAND: GET /session/1d4a453559b0d20f8127ccadf842912f/screenshot - {}
RESULT: {}
COMMAND: POST /session/1d4a453559b0d20f8127ccadf842912f/execute/sync - {"script":"<script> [8489 bytes]","args":[{"element-6066-11e4-a52e-4f735466cecf":"f.8BB5FC29C6DF408E67DE758247EB098E.d.DE89254EA822E877CB3C859D7EB2C27A.e.2776","ELEMENT":"f.8BB5FC29C6DF408E67DE758247EB098E.d.DE89254EA822E877CB3C859D7EB2C27A.e.2776"}]}
COMMAND: GET /session/1d4a453559b0d20f8127ccadf842912f/screenshot - {}
RESULT: {}
RESULT: {"script":"<script> [8489 bytes]","args":[{"element-6066-11e4-a52e-4f735466cecf":"f.8BB5FC29C6DF408E67DE758247EB098E.d.DE89254EA822E877CB3C859D7EB2C27A.e.2776","ELEMENT":"f.8BB5FC29C6DF408E67DE758247EB098E.d.DE89254EA822E877CB3C859D7EB2C27A.e.2776"}]}
COMMAND: POST /session/1d4a453559b0d20f8127ccadf842912f/execute/sync - {"script":"<script> [5351 bytes]","args":[{"element-6066-11e4-a52e-4f735466cecf":"f.8BB5FC29C6DF408E67DE758247EB098E.d.DE89254EA822E877CB3C859D7EB2C27A.e.2776","ELEMENT":"f.8BB5FC29C6DF408E67DE758247EB098E.d.DE89254EA822E877CB3C859D7EB2C27A.e.2776"}]}
COMMAND: GET /session/1d4a453559b0d20f8127ccadf842912f/screenshot - {}
RESULT: {}
RESULT: {"script":"<script> [5351 bytes]","args":[{"element-6066-11e4-a52e-4f735466cecf":"f.8BB5FC29C6DF408E67DE758247EB098E.d.DE89254EA822E877CB3C859D7EB2C27A.e.2776","ELEMENT":"f.8BB5FC29C6DF408E67DE758247EB098E.d.DE89254EA822E877CB3C859D7EB2C27A.e.2776"}]}
COMMAND: POST /session/1d4a453559b0d20f8127ccadf842912f/element/f.8BB5FC29C6DF408E67DE758247EB098E.d.DE89254EA822E877CB3C859D7EB2C27A.e.2776/click - {}
COMMAND: GET /session/1d4a453559b0d20f8127ccadf842912f/screenshot - {}
RESULT: {}
RESULT: {}
COMMAND: GET /session/1d4a453559b0d20f8127ccadf842912f/screenshot - {}
RESULT: undefined
COMMAND: POST /session/1d4a453559b0d20f8127ccadf842912f/element - {"using":"xpath","value":"//*[@id=\"application-manageresources-display-component---newResourceUnit--TYPE-arrow\"]"}
RESULT: {}
RESULT: {}
RESULT: {"using":"xpath","value":"//*[@id=\"application-manageresources-display-component---newResourceUnit--TYPE-arrow\"]"}
COMMAND: POST /session/1d4a453559b0d20f8127ccadf842912f/element/f.8BB5FC29C6DF408E67DE758247EB098E.d.DE89254EA822E877CB3C859D7EB2C27A.e.3109/click - {}
RESULT: {}
COMMAND: POST /session/1d4a453559b0d20f8127ccadf842912f/element - {"using":"xpath","value":"//input[@id=\"application-manageresources-display-component---newResourceUnit--TYPE-inner\"]"}
COMMAND: GET /session/1d4a453559b0d20f8127ccadf842912f/screenshot - {}
RESULT: {"using":"xpath","value":"//input[@id=\"application-manageresources-display-component---newResourceUnit--TYPE-inner\"]"}
COMMAND: POST /session/1d4a453559b0d20f8127ccadf842912f/element/f.8BB5FC29C6DF408E67DE758247EB098E.d.DE89254EA822E877CB3C859D7EB2C27A.e.3106/clear - {}
RESULT: {}
RESULT: {}
COMMAND: POST /session/1d4a453559b0d20f8127ccadf842912f/element/f.8BB5FC29C6DF408E67DE758247EB098E.d.DE89254EA822E877CB3C859D7EB2C27A.e.3106/value - {"text":"Material"}
COMMAND: GET /session/1d4a453559b0d20f8127ccadf842912f/screenshot - {}
RESULT: {"text":"Material"}
COMMAND: GET /session/1d4a453559b0d20f8127ccadf842912f/screenshot - {}
RESULT: {}
RESULT: {}
COMMAND: POST /session/1d4a453559b0d20f8127ccadf842912f/actions - {"actions":[{"id":"action15","type":"key","parameters":{},"actions":[{"type":"keyDown","value":"î€‡"},{"type":"pause","duration":10},{"type":"keyUp","value":"î€‡"}]}]}
RESULT: {"actions":[{"id":"action15","type":"key","parameters":{},"actions":[{"type":"keyDown","value":"î€‡"},{"type":"pause","duration":10},{"type":"keyUp","value":"î€‡"}]}]}
RESULT: undefined
COMMAND: POST /session/1d4a453559b0d20f8127ccadf842912f/execute/async - {"script":"<script> [776 bytes]","args":[{"enterText":"Cement WDIO","selector":{"id":"application-manageresources-display-component---newResourceUnit--SHORT_TEXT","interaction":{"idSuffix":"inner"}},"clearTextFirst":true,"interactionType":"ENTER_TEXT"}]}
COMMAND: GET /session/1d4a453559b0d20f8127ccadf842912f/screenshot - {}
RESULT: {"script":"<script> [776 bytes]","args":[{"enterText":"Cement WDIO","selector":{"id":"application-manageresources-display-component---newResourceUnit--SHORT_TEXT","interaction":{"idSuffix":"inner"}},"clearTextFirst":true,"interactionType":"ENTER_TEXT"}]}
RESULT: undefined
COMMAND: POST /session/1d4a453559b0d20f8127ccadf842912f/execute/async - {"script":"<script> [776 bytes]","args":[{"enterText":"Piece","selector":{"id":"application-manageresources-display-component---newResourceUnit--BASE_UNIT_OF_MEASURE","interaction":{"idSuffix":"inner"}},"clearTextFirst":true,"interactionType":"ENTER_TEXT"}]}
RESULT: {}
RESULT: {"script":"<script> [776 bytes]","args":[{"enterText":"Piece","selector":{"id":"application-manageresources-display-component---newResourceUnit--BASE_UNIT_OF_MEASURE","interaction":{"idSuffix":"inner"}},"clearTextFirst":true,"interactionType":"ENTER_TEXT"}]}
RESULT: undefined
COMMAND: POST /session/1d4a453559b0d20f8127ccadf842912f/execute/async - {"script":"<script> [776 bytes]","args":[{"enterText":"Gram","selector":{"id":"application-manageresources-display-component---newResourceUnit--WEIGHT_UNIT","interaction":{"idSuffix":"inner"}},"clearTextFirst":true,"interactionType":"ENTER_TEXT"}]}
RESULT: {"script":"<script> [776 bytes]","args":[{"enterText":"Gram","selector":{"id":"application-manageresources-display-component---newResourceUnit--WEIGHT_UNIT","interaction":{"idSuffix":"inner"}},"clearTextFirst":true,"interactionType":"ENTER_TEXT"}]}
RESULT: undefined
COMMAND: POST /session/1d4a453559b0d20f8127ccadf842912f/execute/async - {"script":"<script> [776 bytes]","args":[{"enterText":"Meter","selector":{"id":"application-manageresources-display-component---newResourceUnit--DIMENSION_UNIT","interaction":{"idSuffix":"inner"}},"clearTextFirst":true,"interactionType":"ENTER_TEXT"}]}
RESULT: {"script":"<script> [776 bytes]","args":[{"enterText":"Meter","selector":{"id":"application-manageresources-display-component---newResourceUnit--DIMENSION_UNIT","interaction":{"idSuffix":"inner"}},"clearTextFirst":true,"interactionType":"ENTER_TEXT"}]}
RESULT: undefined
COMMAND: POST /session/1d4a453559b0d20f8127ccadf842912f/element - {"using":"xpath","value":"//*[@id=\"application-manageresources-display-component---newResourceUnit--newRRUPage-anchBar-application-manageresources-display-component---newResourceUnit--control-anchor\"]"}
RESULT: {"using":"xpath","value":"//*[@id=\"application-manageresources-display-component---newResourceUnit--newRRUPage-anchBar-application-manageresources-display-component---newResourceUnit--control-anchor\"]"}
COMMAND: POST /session/1d4a453559b0d20f8127ccadf842912f/element/f.8BB5FC29C6DF408E67DE758247EB098E.d.DE89254EA822E877CB3C859D7EB2C27A.e.3169/click - {}
RESULT: {}
RESULT: undefined
COMMAND: POST /session/1d4a453559b0d20f8127ccadf842912f/execute/async - {"script":"<script> [776 bytes]","args":[{"enterText":"Material","selector":{"id":"application-manageresources-display-component---newResourceUnit--PLANNING_GROUP","interaction":{"idSuffix":"inner"}},"clearTextFirst":true,"interactionType":"ENTER_TEXT"}]}
COMMAND: GET /session/1d4a453559b0d20f8127ccadf842912f/screenshot - {}
RESULT: {"script":"<script> [776 bytes]","args":[{"enterText":"Material","selector":{"id":"application-manageresources-display-component---newResourceUnit--PLANNING_GROUP","interaction":{"idSuffix":"inner"}},"clearTextFirst":true,"interactionType":"ENTER_TEXT"}]}
RESULT: {}
COMMAND: POST /session/1d4a453559b0d20f8127ccadf842912f/execute/async - {"script":"<script> [1562 bytes]","args":[{"selector":{"id":"application-manageresources-display-component---newResourceUnit--PLANNING_INDICATOR","interaction":{"idSuffix":"inner"}},"wdio_ui5_key":"applicationmanageresources-display-component---newResourceUnit--PLANNING_INDICATOR"}]}
RESULT: {"script":"<script> [1562 bytes]","args":[{"selector":{"id":"application-manageresources-display-component---newResourceUnit--PLANNING_INDICATOR","interaction":{"idSuffix":"inner"}},"wdio_ui5_key":"applicationmanageresources-display-component---newResourceUnit--PLANNING_INDICATOR"}]}
RESULT: undefined
COMMAND: POST /session/1d4a453559b0d20f8127ccadf842912f/execute/async - {"script":"<script> [776 bytes]","args":[{"enterText":"10 - infinite","selector":{"id":"application-manageresources-display-component---newResourceUnit--PLANNING_INDICATOR","interaction":{"idSuffix":"inner"}},"clearTextFirst":true,"interactionType":"ENTER_TEXT"}]}
RESULT: {"script":"<script> [776 bytes]","args":[{"enterText":"10 - infinite","selector":{"id":"application-manageresources-display-component---newResourceUnit--PLANNING_INDICATOR","interaction":{"idSuffix":"inner"}},"clearTextFirst":true,"interactionType":"ENTER_TEXT"}]}
COMMAND: POST /session/1d4a453559b0d20f8127ccadf842912f/element - {"using":"css selector","value":"#application-manageresources-display-component---newResourceUnit--btnAddTimeSegment"}
RESULT: {"using":"css selector","value":"#application-manageresources-display-component---newResourceUnit--btnAddTimeSegment"}
COMMAND: GET /session/1d4a453559b0d20f8127ccadf842912f/element/f.8BB5FC29C6DF408E67DE758247EB098E.d.DE89254EA822E877CB3C859D7EB2C27A.e.3177/rect - {}
RESULT: {}
COMMAND: GET /session/1d4a453559b0d20f8127ccadf842912f/window/rect - {}
RESULT: {}
COMMAND: POST /session/1d4a453559b0d20f8127ccadf842912f/execute/sync - {"script":"<script> [92 bytes]","args":[]}
RESULT: {"script":"<script> [92 bytes]","args":[]}
COMMAND: POST /session/1d4a453559b0d20f8127ccadf842912f/actions - {"actions":[{"id":"action16","type":"wheel","parameters":{},"actions":[{"type":"scroll","x":-1888,"y":-32,"deltaX":0,"deltaY":0,"duration":0,"origin":{"element-6066-11e4-a52e-4f735466cecf":"f.8BB5FC29C6DF408E67DE758247EB098E.d.DE89254EA822E877CB3C859D7EB2C27A.e.3177"}}]}]}
COMMAND: GET /session/1d4a453559b0d20f8127ccadf842912f/screenshot - {}
RESULT: {}
COMMAND: POST /session/1d4a453559b0d20f8127ccadf842912f/execute/sync - {"script":"<script> [79 bytes]","args":[{"element-6066-11e4-a52e-4f735466cecf":"f.8BB5FC29C6DF408E67DE758247EB098E.d.DE89254EA822E877CB3C859D7EB2C27A.e.3177","ELEMENT":"f.8BB5FC29C6DF408E67DE758247EB098E.d.DE89254EA822E877CB3C859D7EB2C27A.e.3177"},{"block":"start","inline":"nearest"}]}
RESULT: {"script":"<script> [79 bytes]","args":[{"element-6066-11e4-a52e-4f735466cecf":"f.8BB5FC29C6DF408E67DE758247EB098E.d.DE89254EA822E877CB3C859D7EB2C27A.e.3177","ELEMENT":"f.8BB5FC29C6DF408E67DE758247EB098E.d.DE89254EA822E877CB3C859D7EB2C27A.e.3177"},{"block":"start","inline":"nearest"}]}
RESULT: undefined
COMMAND: POST /session/1d4a453559b0d20f8127ccadf842912f/element - {"using":"xpath","value":"//*[@id=\"application-manageresources-display-component---newResourceUnit--btnAddTimeSegment\"]"}
COMMAND: GET /session/1d4a453559b0d20f8127ccadf842912f/screenshot - {}
RESULT: {"using":"xpath","value":"//*[@id=\"application-manageresources-display-component---newResourceUnit--btnAddTimeSegment\"]"}
COMMAND: POST /session/1d4a453559b0d20f8127ccadf842912f/element/f.8BB5FC29C6DF408E67DE758247EB098E.d.DE89254EA822E877CB3C859D7EB2C27A.e.3177/click - {}
RESULT: {}
RESULT: {}
COMMAND: GET /session/1d4a453559b0d20f8127ccadf842912f/screenshot - {}
RESULT: {}
COMMAND: POST /session/1d4a453559b0d20f8127ccadf842912f/element - {"using":"xpath","value":"//input[@id=\"application-manageresources-display-component---newResourceUnit--idRuTSAdmin-application-manageresources-display-component---newResourceUnit--RUTimeSegment-0-inner\"]"}
RESULT: {"using":"xpath","value":"//input[@id=\"application-manageresources-display-component---newResourceUnit--idRuTSAdmin-application-manageresources-display-component---newResourceUnit--RUTimeSegment-0-inner\"]"}
COMMAND: POST /session/1d4a453559b0d20f8127ccadf842912f/element/f.8BB5FC29C6DF408E67DE758247EB098E.d.DE89254EA822E877CB3C859D7EB2C27A.e.3179/clear - {}
RESULT: {}
COMMAND: POST /session/1d4a453559b0d20f8127ccadf842912f/element/f.8BB5FC29C6DF408E67DE758247EB098E.d.DE89254EA822E877CB3C859D7EB2C27A.e.3179/value - {"text":"109"}
COMMAND: GET /session/1d4a453559b0d20f8127ccadf842912f/screenshot - {}
RESULT: {"text":"109"}
COMMAND: GET /session/1d4a453559b0d20f8127ccadf842912f/screenshot - {}
RESULT: {}
RESULT: {}
COMMAND: POST /session/1d4a453559b0d20f8127ccadf842912f/element - {"using":"xpath","value":"//li[.//span[text()='109']]"}
RESULT: {"using":"xpath","value":"//li[.//span[text()='109']]"}
COMMAND: POST /session/1d4a453559b0d20f8127ccadf842912f/element/f.8BB5FC29C6DF408E67DE758247EB098E.d.DE89254EA822E877CB3C859D7EB2C27A.e.3190/click - {}
RESULT: {}
COMMAND: GET /session/1d4a453559b0d20f8127ccadf842912f/screenshot - {}
RESULT: {}
COMMAND: POST /session/1d4a453559b0d20f8127ccadf842912f/element - {"using":"xpath","value":"(//span[contains(@id, \"-application-manageresources-display-component---newResourceUnit--RUTimeSegment-0-arrow\")])[2]"}
RESULT: {"using":"xpath","value":"(//span[contains(@id, \"-application-manageresources-display-component---newResourceUnit--RUTimeSegment-0-arrow\")])[2]"}
COMMAND: POST /session/1d4a453559b0d20f8127ccadf842912f/element/f.8BB5FC29C6DF408E67DE758247EB098E.d.DE89254EA822E877CB3C859D7EB2C27A.e.3191/click - {}
RESULT: {}
COMMAND: POST /session/1d4a453559b0d20f8127ccadf842912f/element - {"using":"xpath","value":"//span[contains(text(), \"PM Order\")]"}
COMMAND: GET /session/1d4a453559b0d20f8127ccadf842912f/screenshot - {}
RESULT: {"using":"xpath","value":"//span[contains(text(), \"PM Order\")]"}
COMMAND: POST /session/1d4a453559b0d20f8127ccadf842912f/element/f.8BB5FC29C6DF408E67DE758247EB098E.d.DE89254EA822E877CB3C859D7EB2C27A.e.3192/click - {}
RESULT: {}
RESULT: {}
COMMAND: GET /session/1d4a453559b0d20f8127ccadf842912f/screenshot - {}
RESULT: {}
COMMAND: POST /session/1d4a453559b0d20f8127ccadf842912f/element - {"using":"xpath","value":"//td/div/div/div/span[contains(@id, \"newResourceUnit--RUTimeSegment-0-vhi\")][1]"}
RESULT: {"using":"xpath","value":"//td/div/div/div/span[contains(@id, \"newResourceUnit--RUTimeSegment-0-vhi\")][1]"}
COMMAND: GET /session/1d4a453559b0d20f8127ccadf842912f/element/f.8BB5FC29C6DF408E67DE758247EB098E.d.DE89254EA822E877CB3C859D7EB2C27A.e.3196/rect - {}
RESULT: {}
COMMAND: GET /session/1d4a453559b0d20f8127ccadf842912f/window/rect - {}
RESULT: {}
COMMAND: POST /session/1d4a453559b0d20f8127ccadf842912f/execute/sync - {"script":"<script> [92 bytes]","args":[]}
RESULT: {"script":"<script> [92 bytes]","args":[]}
COMMAND: POST /session/1d4a453559b0d20f8127ccadf842912f/actions - {"actions":[{"id":"action17","type":"wheel","parameters":{},"actions":[{"type":"scroll","x":-1888,"y":-24,"deltaX":0,"deltaY":0,"duration":0,"origin":{"element-6066-11e4-a52e-4f735466cecf":"f.8BB5FC29C6DF408E67DE758247EB098E.d.DE89254EA822E877CB3C859D7EB2C27A.e.3196"}}]}]}
COMMAND: GET /session/1d4a453559b0d20f8127ccadf842912f/screenshot - {}
RESULT: {}
COMMAND: POST /session/1d4a453559b0d20f8127ccadf842912f/execute/sync - {"script":"<script> [79 bytes]","args":[{"element-6066-11e4-a52e-4f735466cecf":"f.8BB5FC29C6DF408E67DE758247EB098E.d.DE89254EA822E877CB3C859D7EB2C27A.e.3196","ELEMENT":"f.8BB5FC29C6DF408E67DE758247EB098E.d.DE89254EA822E877CB3C859D7EB2C27A.e.3196"},{"block":"start","inline":"nearest"}]}
RESULT: {"script":"<script> [79 bytes]","args":[{"element-6066-11e4-a52e-4f735466cecf":"f.8BB5FC29C6DF408E67DE758247EB098E.d.DE89254EA822E877CB3C859D7EB2C27A.e.3196","ELEMENT":"f.8BB5FC29C6DF408E67DE758247EB098E.d.DE89254EA822E877CB3C859D7EB2C27A.e.3196"},{"block":"start","inline":"nearest"}]}
COMMAND: GET /session/1d4a453559b0d20f8127ccadf842912f/screenshot - {}
RESULT: {}
COMMAND: POST /session/1d4a453559b0d20f8127ccadf842912f/element/f.8BB5FC29C6DF408E67DE758247EB098E.d.DE89254EA822E877CB3C859D7EB2C27A.e.3196/click - {}
RESULT: {}
COMMAND: GET /session/1d4a453559b0d20f8127ccadf842912f/screenshot - {}
RESULT: {}
RESULT: undefined
COMMAND: POST /session/1d4a453559b0d20f8127ccadf842912f/execute/async - {"script":"<script> [776 bytes]","args":[{"enterText":"4000360","selector":{"controlType":"sap.m.SearchField","properties":{"placeholder":"Search"},"searchOpenDialogs":true,"interaction":{"idSuffix":"I"}},"clearTextFirst":true,"interactionType":"ENTER_TEXT"}]}
RESULT: {"script":"<script> [776 bytes]","args":[{"enterText":"4000360","selector":{"controlType":"sap.m.SearchField","properties":{"placeholder":"Search"},"searchOpenDialogs":true,"interaction":{"idSuffix":"I"}},"clearTextFirst":true,"interactionType":"ENTER_TEXT"}]}
COMMAND: POST /session/1d4a453559b0d20f8127ccadf842912f/actions - {"actions":[{"id":"action18","type":"key","parameters":{},"actions":[{"type":"keyDown","value":"î€‡"},{"type":"pause","duration":10},{"type":"keyUp","value":"î€‡"}]}]}
RESULT: {"actions":[{"id":"action18","type":"key","parameters":{},"actions":[{"type":"keyDown","value":"î€‡"},{"type":"pause","duration":10},{"type":"keyUp","value":"î€‡"}]}]}
COMMAND: GET /session/1d4a453559b0d20f8127ccadf842912f/screenshot - {}
RESULT: {}
COMMAND: POST /session/1d4a453559b0d20f8127ccadf842912f/element - {"using":"xpath","value":"//td/div/span[contains(text(), \"BGL Vehicles\")]"}
RESULT: {"using":"xpath","value":"//td/div/span[contains(text(), \"BGL Vehicles\")]"}
COMMAND: POST /session/1d4a453559b0d20f8127ccadf842912f/element/f.8BB5FC29C6DF408E67DE758247EB098E.d.DE89254EA822E877CB3C859D7EB2C27A.e.3216/click - {}
RESULT: {}
COMMAND: GET /session/1d4a453559b0d20f8127ccadf842912f/screenshot - {}
RESULT: {}
COMMAND: POST /session/1d4a453559b0d20f8127ccadf842912f/element - {"using":"xpath","value":"//bdi[contains(text(), \"OK\")]"}
RESULT: {"using":"xpath","value":"//bdi[contains(text(), \"OK\")]"}
COMMAND: POST /session/1d4a453559b0d20f8127ccadf842912f/element/f.8BB5FC29C6DF408E67DE758247EB098E.d.DE89254EA822E877CB3C859D7EB2C27A.e.3217/click - {}
RESULT: {}
COMMAND: GET /session/1d4a453559b0d20f8127ccadf842912f/screenshot - {}
RESULT: {}
COMMAND: POST /session/1d4a453559b0d20f8127ccadf842912f/element - {"using":"xpath","value":"//button[@data-kt=\"resourceUnitSaveButton\"]"}
RESULT: {"using":"xpath","value":"//button[@data-kt=\"resourceUnitSaveButton\"]"}
COMMAND: POST /session/1d4a453559b0d20f8127ccadf842912f/element/f.8BB5FC29C6DF408E67DE758247EB098E.d.DE89254EA822E877CB3C859D7EB2C27A.e.3125/click - {}
RESULT: {}
COMMAND: GET /session/1d4a453559b0d20f8127ccadf842912f/screenshot - {}
RESULT: {}
COMMAND: POST /session/1d4a453559b0d20f8127ccadf842912f/element - {"using":"xpath","value":"//bdi[contains(text(), \"Close\")]"}
RESULT: {"using":"xpath","value":"//bdi[contains(text(), \"Close\")]"}
COMMAND: POST /session/1d4a453559b0d20f8127ccadf842912f/element/f.8BB5FC29C6DF408E67DE758247EB098E.d.DE89254EA822E877CB3C859D7EB2C27A.e.3224/click - {}
RESULT: {}
COMMAND: GET /session/1d4a453559b0d20f8127ccadf842912f/screenshot - {}
RESULT: {}
COMMAND: POST /session/1d4a453559b0d20f8127ccadf842912f/element - {"using":"xpath","value":"//header[contains(@id, 'detailRruPage-headerTitle')]/div[1]/div[2]/div[2]/span[1]"}
RESULT: {"using":"xpath","value":"//header[contains(@id, 'detailRruPage-headerTitle')]/div[1]/div[2]/div[2]/span[1]"}
COMMAND: POST /session/1d4a453559b0d20f8127ccadf842912f/elements - {"using":"xpath","value":"//header[contains(@id, 'detailRruPage-headerTitle')]/div[1]/div[2]/div[2]/span[1]"}
RESULT: {"using":"xpath","value":"//header[contains(@id, 'detailRruPage-headerTitle')]/div[1]/div[2]/div[2]/span[1]"}
COMMAND: POST /session/1d4a453559b0d20f8127ccadf842912f/execute/sync - {"script":"<script> [56 bytes]","args":[{"element-6066-11e4-a52e-4f735466cecf":"f.8BB5FC29C6DF408E67DE758247EB098E.d.DE89254EA822E877CB3C859D7EB2C27A.e.3251","ELEMENT":"f.8BB5FC29C6DF408E67DE758247EB098E.d.DE89254EA822E877CB3C859D7EB2C27A.e.3251"}]}
RESULT: {"script":"<script> [56 bytes]","args":[{"element-6066-11e4-a52e-4f735466cecf":"f.8BB5FC29C6DF408E67DE758247EB098E.d.DE89254EA822E877CB3C859D7EB2C27A.e.3251","ELEMENT":"f.8BB5FC29C6DF408E67DE758247EB098E.d.DE89254EA822E877CB3C859D7EB2C27A.e.3251"}]}
COMMAND: POST /session/1d4a453559b0d20f8127ccadf842912f/element - {"using":"css selector","value":"#shell-header-logo"}
COMMAND: GET /session/1d4a453559b0d20f8127ccadf842912f/screenshot - {}
RESULT: {"using":"css selector","value":"#shell-header-logo"}
COMMAND: POST /session/1d4a453559b0d20f8127ccadf842912f/element/f.8BB5FC29C6DF408E67DE758247EB098E.d.DE89254EA822E877CB3C859D7EB2C27A.e.2714/click - {}
RESULT: {}
RESULT: {}
COMMAND: GET /session/1d4a453559b0d20f8127ccadf842912f/screenshot - {}
RESULT: {}
]]></system-out>
    </testcase>
    <testcase classname="chrome.135_0_7049_96.windows.RU_Inventory_Mass_State_Change_Multiple_Items_US151066" name="Prerequisite Step 2 Should do a stock increase handover for the equipment" time="103.405">
      <system-out><![CDATA[
COMMAND: POST /session/1d4a453559b0d20f8127ccadf842912f/execute/async - {"script":"<script> [1562 bytes]","args":[{"selector":{"controlType":"sap.m.Text","viewName":"etm.portal.ui.managehandoverstile.view.Master","properties":{"text":"Manage Handovers"},"interaction":{"idSuffix":"inner"}},"wdio_ui5_key":"etmportal.ui.managehandoverstile.view.Mastersap.m.Text{\"text\":\"Manage Handovers\"}"}]}
RESULT: {"script":"<script> [1562 bytes]","args":[{"selector":{"controlType":"sap.m.Text","viewName":"etm.portal.ui.managehandoverstile.view.Master","properties":{"text":"Manage Handovers"},"interaction":{"idSuffix":"inner"}},"wdio_ui5_key":"etmportal.ui.managehandoverstile.view.Mastersap.m.Text{\"text\":\"Manage Handovers\"}"}]}
RESULT: undefined
COMMAND: POST /session/1d4a453559b0d20f8127ccadf842912f/element - {"using":"xpath","value":"//*[@id=\"__tile132-title\"]"}
RESULT: {"using":"xpath","value":"//*[@id=\"__tile132-title\"]"}
COMMAND: POST /session/1d4a453559b0d20f8127ccadf842912f/element/f.8BB5FC29C6DF408E67DE758247EB098E.d.DE89254EA822E877CB3C859D7EB2C27A.e.3254/click - {}
RESULT: {}
COMMAND: POST /session/1d4a453559b0d20f8127ccadf842912f/element - {"using":"xpath","value":"//button[@data-kt=\"masterHOAddButton\"]"}
COMMAND: GET /session/1d4a453559b0d20f8127ccadf842912f/screenshot - {}
RESULT: {"using":"xpath","value":"//button[@data-kt=\"masterHOAddButton\"]"}
COMMAND: POST /session/1d4a453559b0d20f8127ccadf842912f/elements - {"using":"xpath","value":"//button[@data-kt=\"masterHOAddButton\"]"}
RESULT: {}
RESULT: {"using":"xpath","value":"//button[@data-kt=\"masterHOAddButton\"]"}
COMMAND: POST /session/1d4a453559b0d20f8127ccadf842912f/elements - {"using":"xpath","value":"//button[@data-kt=\"masterHOAddButton\"]"}
RESULT: {"using":"xpath","value":"//button[@data-kt=\"masterHOAddButton\"]"}
COMMAND: POST /session/1d4a453559b0d20f8127ccadf842912f/elements - {"using":"xpath","value":"//button[@data-kt=\"masterHOAddButton\"]"}
RESULT: {"using":"xpath","value":"//button[@data-kt=\"masterHOAddButton\"]"}
COMMAND: POST /session/1d4a453559b0d20f8127ccadf842912f/elements - {"using":"xpath","value":"//button[@data-kt=\"masterHOAddButton\"]"}
RESULT: {"using":"xpath","value":"//button[@data-kt=\"masterHOAddButton\"]"}
COMMAND: POST /session/1d4a453559b0d20f8127ccadf842912f/elements - {"using":"xpath","value":"//button[@data-kt=\"masterHOAddButton\"]"}
RESULT: {"using":"xpath","value":"//button[@data-kt=\"masterHOAddButton\"]"}
COMMAND: POST /session/1d4a453559b0d20f8127ccadf842912f/elements - {"using":"xpath","value":"//button[@data-kt=\"masterHOAddButton\"]"}
RESULT: {"using":"xpath","value":"//button[@data-kt=\"masterHOAddButton\"]"}
COMMAND: POST /session/1d4a453559b0d20f8127ccadf842912f/elements - {"using":"xpath","value":"//button[@data-kt=\"masterHOAddButton\"]"}
RESULT: {"using":"xpath","value":"//button[@data-kt=\"masterHOAddButton\"]"}
COMMAND: POST /session/1d4a453559b0d20f8127ccadf842912f/element - {"using":"xpath","value":"//button[@data-kt=\"masterHOAddButton\"]"}
RESULT: {"using":"xpath","value":"//button[@data-kt=\"masterHOAddButton\"]"}
COMMAND: POST /session/1d4a453559b0d20f8127ccadf842912f/execute/sync - {"script":"<script> [8489 bytes]","args":[{"element-6066-11e4-a52e-4f735466cecf":"f.8BB5FC29C6DF408E67DE758247EB098E.d.DE89254EA822E877CB3C859D7EB2C27A.e.3294","ELEMENT":"f.8BB5FC29C6DF408E67DE758247EB098E.d.DE89254EA822E877CB3C859D7EB2C27A.e.3294"}]}
RESULT: {"script":"<script> [8489 bytes]","args":[{"element-6066-11e4-a52e-4f735466cecf":"f.8BB5FC29C6DF408E67DE758247EB098E.d.DE89254EA822E877CB3C859D7EB2C27A.e.3294","ELEMENT":"f.8BB5FC29C6DF408E67DE758247EB098E.d.DE89254EA822E877CB3C859D7EB2C27A.e.3294"}]}
COMMAND: GET /session/1d4a453559b0d20f8127ccadf842912f/element/f.8BB5FC29C6DF408E67DE758247EB098E.d.DE89254EA822E877CB3C859D7EB2C27A.e.3294/enabled - {}
COMMAND: GET /session/1d4a453559b0d20f8127ccadf842912f/screenshot - {}
RESULT: {}
COMMAND: POST /session/1d4a453559b0d20f8127ccadf842912f/execute/sync - {"script":"<script> [8489 bytes]","args":[{"element-6066-11e4-a52e-4f735466cecf":"f.8BB5FC29C6DF408E67DE758247EB098E.d.DE89254EA822E877CB3C859D7EB2C27A.e.3294","ELEMENT":"f.8BB5FC29C6DF408E67DE758247EB098E.d.DE89254EA822E877CB3C859D7EB2C27A.e.3294"}]}
COMMAND: GET /session/1d4a453559b0d20f8127ccadf842912f/screenshot - {}
RESULT: {}
RESULT: {"script":"<script> [8489 bytes]","args":[{"element-6066-11e4-a52e-4f735466cecf":"f.8BB5FC29C6DF408E67DE758247EB098E.d.DE89254EA822E877CB3C859D7EB2C27A.e.3294","ELEMENT":"f.8BB5FC29C6DF408E67DE758247EB098E.d.DE89254EA822E877CB3C859D7EB2C27A.e.3294"}]}
COMMAND: POST /session/1d4a453559b0d20f8127ccadf842912f/execute/sync - {"script":"<script> [5351 bytes]","args":[{"element-6066-11e4-a52e-4f735466cecf":"f.8BB5FC29C6DF408E67DE758247EB098E.d.DE89254EA822E877CB3C859D7EB2C27A.e.3294","ELEMENT":"f.8BB5FC29C6DF408E67DE758247EB098E.d.DE89254EA822E877CB3C859D7EB2C27A.e.3294"}]}
COMMAND: GET /session/1d4a453559b0d20f8127ccadf842912f/screenshot - {}
RESULT: {}
RESULT: {"script":"<script> [5351 bytes]","args":[{"element-6066-11e4-a52e-4f735466cecf":"f.8BB5FC29C6DF408E67DE758247EB098E.d.DE89254EA822E877CB3C859D7EB2C27A.e.3294","ELEMENT":"f.8BB5FC29C6DF408E67DE758247EB098E.d.DE89254EA822E877CB3C859D7EB2C27A.e.3294"}]}
COMMAND: POST /session/1d4a453559b0d20f8127ccadf842912f/element/f.8BB5FC29C6DF408E67DE758247EB098E.d.DE89254EA822E877CB3C859D7EB2C27A.e.3294/click - {}
COMMAND: GET /session/1d4a453559b0d20f8127ccadf842912f/screenshot - {}
RESULT: {}
RESULT: {}
COMMAND: GET /session/1d4a453559b0d20f8127ccadf842912f/screenshot - {}
COMMAND: POST /session/1d4a453559b0d20f8127ccadf842912f/element - {"using":"xpath","value":"//span[contains(@id ,\"AddNewHO--typeSelect-arrow\")]"}
RESULT: {}
RESULT: {}
RESULT: {"using":"xpath","value":"//span[contains(@id ,\"AddNewHO--typeSelect-arrow\")]"}
COMMAND: POST /session/1d4a453559b0d20f8127ccadf842912f/element/f.8BB5FC29C6DF408E67DE758247EB098E.d.DE89254EA822E877CB3C859D7EB2C27A.e.3634/click - {}
RESULT: {}
COMMAND: GET /session/1d4a453559b0d20f8127ccadf842912f/screenshot - {}
RESULT: {}
COMMAND: POST /session/1d4a453559b0d20f8127ccadf842912f/element - {"using":"xpath","value":"(//li[contains(text(), \"stock increase yard\")])[1]"}
RESULT: {"using":"xpath","value":"(//li[contains(text(), \"stock increase yard\")])[1]"}
COMMAND: POST /session/1d4a453559b0d20f8127ccadf842912f/element/f.8BB5FC29C6DF408E67DE758247EB098E.d.DE89254EA822E877CB3C859D7EB2C27A.e.3635/click - {}
RESULT: {}
COMMAND: GET /session/1d4a453559b0d20f8127ccadf842912f/screenshot - {}
RESULT: {}
COMMAND: POST /session/1d4a453559b0d20f8127ccadf842912f/execute/async - {"script":"<script> [1562 bytes]","args":[{"selector":{"id":"application-managehandovers-display-component---AddNewHO--dueDate","interaction":{"idSuffix":"inner"}},"wdio_ui5_key":"applicationmanagehandovers-display-component---AddNewHO--dueDate"}]}
RESULT: {"script":"<script> [1562 bytes]","args":[{"selector":{"id":"application-managehandovers-display-component---AddNewHO--dueDate","interaction":{"idSuffix":"inner"}},"wdio_ui5_key":"applicationmanagehandovers-display-component---AddNewHO--dueDate"}]}
RESULT: undefined
COMMAND: POST /session/1d4a453559b0d20f8127ccadf842912f/execute/async - {"script":"<script> [6424 bytes]","args":[{"element-6066-11e4-a52e-4f735466cecf":"f.8BB5FC29C6DF408E67DE758247EB098E.d.DE89254EA822E877CB3C859D7EB2C27A.e.3637"},"setValue",["05/01/2025"]]}
RESULT: {"script":"<script> [6424 bytes]","args":[{"element-6066-11e4-a52e-4f735466cecf":"f.8BB5FC29C6DF408E67DE758247EB098E.d.DE89254EA822E877CB3C859D7EB2C27A.e.3637"},"setValue",["05/01/2025"]]}
COMMAND: POST /session/1d4a453559b0d20f8127ccadf842912f/element - {"using":"xpath","value":"//input[@id=\"generalSectionFrg--receiveYard-inner\"]"}
RESULT: {"using":"xpath","value":"//input[@id=\"generalSectionFrg--receiveYard-inner\"]"}
COMMAND: POST /session/1d4a453559b0d20f8127ccadf842912f/element/f.8BB5FC29C6DF408E67DE758247EB098E.d.DE89254EA822E877CB3C859D7EB2C27A.e.3643/clear - {}
RESULT: {}
COMMAND: POST /session/1d4a453559b0d20f8127ccadf842912f/element/f.8BB5FC29C6DF408E67DE758247EB098E.d.DE89254EA822E877CB3C859D7EB2C27A.e.3643/value - {"text":"109"}
COMMAND: GET /session/1d4a453559b0d20f8127ccadf842912f/screenshot - {}
RESULT: {"text":"109"}
COMMAND: GET /session/1d4a453559b0d20f8127ccadf842912f/screenshot - {}
RESULT: {}
RESULT: {}
COMMAND: POST /session/1d4a453559b0d20f8127ccadf842912f/element - {"using":"xpath","value":"//li[.//span[text()='109']]"}
RESULT: {"using":"xpath","value":"//li[.//span[text()='109']]"}
COMMAND: POST /session/1d4a453559b0d20f8127ccadf842912f/element/f.8BB5FC29C6DF408E67DE758247EB098E.d.DE89254EA822E877CB3C859D7EB2C27A.e.3661/click - {}
RESULT: {}
COMMAND: GET /session/1d4a453559b0d20f8127ccadf842912f/screenshot - {}
RESULT: {}
COMMAND: POST /session/1d4a453559b0d20f8127ccadf842912f/execute/async - {"script":"<script> [1562 bytes]","args":[{"selector":{"id":"application-managehandovers-display-component---AddNewHO--ObjectPageLayout-anchBar-application-managehandovers-display-component---AddNewHO--section4-anchor","interaction":{"idSuffix":"BDI-content"}},"wdio_ui5_key":"applicationmanagehandovers-display-component---AddNewHO--ObjectPageLayout-anchBar-application-managehandovers-display-component---AddNewHO--section4-anchor"}]}
RESULT: {"script":"<script> [1562 bytes]","args":[{"selector":{"id":"application-managehandovers-display-component---AddNewHO--ObjectPageLayout-anchBar-application-managehandovers-display-component---AddNewHO--section4-anchor","interaction":{"idSuffix":"BDI-content"}},"wdio_ui5_key":"applicationmanagehandovers-display-component---AddNewHO--ObjectPageLayout-anchBar-application-managehandovers-display-component---AddNewHO--section4-anchor"}]}
RESULT: undefined
COMMAND: POST /session/1d4a453559b0d20f8127ccadf842912f/element - {"using":"xpath","value":"//*[@id=\"application-managehandovers-display-component---AddNewHO--ObjectPageLayout-anchBar-application-managehandovers-display-component---AddNewHO--section4-anchor\"]"}
RESULT: {"using":"xpath","value":"//*[@id=\"application-managehandovers-display-component---AddNewHO--ObjectPageLayout-anchBar-application-managehandovers-display-component---AddNewHO--section4-anchor\"]"}
COMMAND: POST /session/1d4a453559b0d20f8127ccadf842912f/element/f.8BB5FC29C6DF408E67DE758247EB098E.d.DE89254EA822E877CB3C859D7EB2C27A.e.3663/click - {}
RESULT: {}
COMMAND: POST /session/1d4a453559b0d20f8127ccadf842912f/element - {"using":"xpath","value":"//button[@aria-label=\"Add\"]"}
COMMAND: GET /session/1d4a453559b0d20f8127ccadf842912f/screenshot - {}
RESULT: {"using":"xpath","value":"//button[@aria-label=\"Add\"]"}
COMMAND: POST /session/1d4a453559b0d20f8127ccadf842912f/element/f.8BB5FC29C6DF408E67DE758247EB098E.d.DE89254EA822E877CB3C859D7EB2C27A.e.3665/click - {}
RESULT: {}
RESULT: {}
COMMAND: GET /session/1d4a453559b0d20f8127ccadf842912f/screenshot - {}
RESULT: {}
COMMAND: POST /session/1d4a453559b0d20f8127ccadf842912f/execute/async - {"script":"<script> [1562 bytes]","args":[{"selector":{"id":"application-managehandovers-display-component---AddNewHO--smartFilterBar-btnBasicSearch","searchOpenDialogs":true,"interaction":{"idSuffix":"I"}},"wdio_ui5_key":"applicationmanagehandovers-display-component---AddNewHO--smartFilterBar-btnBasicSearch"}]}
RESULT: {"script":"<script> [1562 bytes]","args":[{"selector":{"id":"application-managehandovers-display-component---AddNewHO--smartFilterBar-btnBasicSearch","searchOpenDialogs":true,"interaction":{"idSuffix":"I"}},"wdio_ui5_key":"applicationmanagehandovers-display-component---AddNewHO--smartFilterBar-btnBasicSearch"}]}
RESULT: undefined
COMMAND: POST /session/1d4a453559b0d20f8127ccadf842912f/execute/async - {"script":"<script> [776 bytes]","args":[{"enterText":"uicqZhPICg","selector":{"id":"application-managehandovers-display-component---AddNewHO--smartFilterBar-btnBasicSearch","searchOpenDialogs":true,"interaction":{"idSuffix":"I"}},"clearTextFirst":true,"interactionType":"ENTER_TEXT"}]}
RESULT: {"script":"<script> [776 bytes]","args":[{"enterText":"uicqZhPICg","selector":{"id":"application-managehandovers-display-component---AddNewHO--smartFilterBar-btnBasicSearch","searchOpenDialogs":true,"interaction":{"idSuffix":"I"}},"clearTextFirst":true,"interactionType":"ENTER_TEXT"}]}
COMMAND: POST /session/1d4a453559b0d20f8127ccadf842912f/actions - {"actions":[{"id":"action19","type":"key","parameters":{},"actions":[{"type":"keyDown","value":"î€‡"},{"type":"pause","duration":10},{"type":"keyUp","value":"î€‡"}]}]}
RESULT: {"actions":[{"id":"action19","type":"key","parameters":{},"actions":[{"type":"keyDown","value":"î€‡"},{"type":"pause","duration":10},{"type":"keyUp","value":"î€‡"}]}]}
COMMAND: GET /session/1d4a453559b0d20f8127ccadf842912f/screenshot - {}
RESULT: {}
COMMAND: POST /session/1d4a453559b0d20f8127ccadf842912f/execute/async - {"script":"<script> [1562 bytes]","args":[{"selector":{"id":"application-managehandovers-display-component---AddNewHO--popup-sa","searchOpenDialogs":true,"interaction":{"idSuffix":"CbBg"}},"wdio_ui5_key":"applicationmanagehandovers-display-component---AddNewHO--popup-sa"}]}
RESULT: {"script":"<script> [1562 bytes]","args":[{"selector":{"id":"application-managehandovers-display-component---AddNewHO--popup-sa","searchOpenDialogs":true,"interaction":{"idSuffix":"CbBg"}},"wdio_ui5_key":"applicationmanagehandovers-display-component---AddNewHO--popup-sa"}]}
RESULT: undefined
COMMAND: POST /session/1d4a453559b0d20f8127ccadf842912f/element - {"using":"xpath","value":"//*[@id=\"application-managehandovers-display-component---AddNewHO--popup-sa\"]"}
RESULT: {"using":"xpath","value":"//*[@id=\"application-managehandovers-display-component---AddNewHO--popup-sa\"]"}
COMMAND: POST /session/1d4a453559b0d20f8127ccadf842912f/element/f.8BB5FC29C6DF408E67DE758247EB098E.d.DE89254EA822E877CB3C859D7EB2C27A.e.3820/click - {}
RESULT: {}
COMMAND: GET /session/1d4a453559b0d20f8127ccadf842912f/screenshot - {}
RESULT: {}
COMMAND: POST /session/1d4a453559b0d20f8127ccadf842912f/element - {"using":"xpath","value":"//bdi[contains(text(), \"Select\")]"}
RESULT: {"using":"xpath","value":"//bdi[contains(text(), \"Select\")]"}
COMMAND: POST /session/1d4a453559b0d20f8127ccadf842912f/element/f.8BB5FC29C6DF408E67DE758247EB098E.d.DE89254EA822E877CB3C859D7EB2C27A.e.3821/click - {}
RESULT: {}
COMMAND: GET /session/1d4a453559b0d20f8127ccadf842912f/screenshot - {}
RESULT: {}
COMMAND: POST /session/1d4a453559b0d20f8127ccadf842912f/element - {"using":"xpath","value":"//button[@data-kt=\"AddNewHOSaveButton\"]"}
RESULT: {"using":"xpath","value":"//button[@data-kt=\"AddNewHOSaveButton\"]"}
COMMAND: POST /session/1d4a453559b0d20f8127ccadf842912f/element/f.8BB5FC29C6DF408E67DE758247EB098E.d.DE89254EA822E877CB3C859D7EB2C27A.e.3825/click - {}
RESULT: {}
COMMAND: GET /session/1d4a453559b0d20f8127ccadf842912f/screenshot - {}
RESULT: {}
COMMAND: POST /session/1d4a453559b0d20f8127ccadf842912f/execute/async - {"script":"<script> [1562 bytes]","args":[{"selector":{"id":"receiptDatePicker","viewName":"etm.portal.ui.managehandovers.view.DetailExecuteHO","interaction":{"idSuffix":"inner"}},"wdio_ui5_key":"receiptDatePickeretmportal.ui.managehandovers.view.DetailExecuteHO"}]}
RESULT: {"script":"<script> [1562 bytes]","args":[{"selector":{"id":"receiptDatePicker","viewName":"etm.portal.ui.managehandovers.view.DetailExecuteHO","interaction":{"idSuffix":"inner"}},"wdio_ui5_key":"receiptDatePickeretmportal.ui.managehandovers.view.DetailExecuteHO"}]}
RESULT: undefined
COMMAND: POST /session/1d4a453559b0d20f8127ccadf842912f/execute/async - {"script":"<script> [6424 bytes]","args":[{"element-6066-11e4-a52e-4f735466cecf":"f.8BB5FC29C6DF408E67DE758247EB098E.d.DE89254EA822E877CB3C859D7EB2C27A.e.3855"},"setValue",["05/01/2025"]]}
RESULT: {"script":"<script> [6424 bytes]","args":[{"element-6066-11e4-a52e-4f735466cecf":"f.8BB5FC29C6DF408E67DE758247EB098E.d.DE89254EA822E877CB3C859D7EB2C27A.e.3855"},"setValue",["05/01/2025"]]}
COMMAND: POST /session/1d4a453559b0d20f8127ccadf842912f/element - {"using":"xpath","value":"//button[@data-kt=\"PickingTableConfirmAllButton\"]"}
RESULT: {"using":"xpath","value":"//button[@data-kt=\"PickingTableConfirmAllButton\"]"}
COMMAND: POST /session/1d4a453559b0d20f8127ccadf842912f/element/f.8BB5FC29C6DF408E67DE758247EB098E.d.DE89254EA822E877CB3C859D7EB2C27A.e.3871/click - {}
RESULT: {}
COMMAND: GET /session/1d4a453559b0d20f8127ccadf842912f/screenshot - {}
RESULT: {}
COMMAND: POST /session/1d4a453559b0d20f8127ccadf842912f/element - {"using":"xpath","value":"//bdi[contains(text(), \"OK\")]"}
RESULT: {"using":"xpath","value":"//bdi[contains(text(), \"OK\")]"}
COMMAND: POST /session/1d4a453559b0d20f8127ccadf842912f/element/f.8BB5FC29C6DF408E67DE758247EB098E.d.DE89254EA822E877CB3C859D7EB2C27A.e.3873/click - {}
RESULT: {}
COMMAND: GET /session/1d4a453559b0d20f8127ccadf842912f/screenshot - {}
RESULT: {}
COMMAND: POST /session/1d4a453559b0d20f8127ccadf842912f/element - {"using":"xpath","value":"(//bdi[contains(text(), \"Receive\")])[2]"}
RESULT: {"using":"xpath","value":"(//bdi[contains(text(), \"Receive\")])[2]"}
COMMAND: POST /session/1d4a453559b0d20f8127ccadf842912f/element/f.8BB5FC29C6DF408E67DE758247EB098E.d.DE89254EA822E877CB3C859D7EB2C27A.e.3875/click - {}
RESULT: {}
COMMAND: GET /session/1d4a453559b0d20f8127ccadf842912f/screenshot - {}
RESULT: {}
COMMAND: POST /session/1d4a453559b0d20f8127ccadf842912f/element - {"using":"css selector","value":"#shell-header-logo"}
RESULT: {"using":"css selector","value":"#shell-header-logo"}
COMMAND: POST /session/1d4a453559b0d20f8127ccadf842912f/element/f.8BB5FC29C6DF408E67DE758247EB098E.d.DE89254EA822E877CB3C859D7EB2C27A.e.3257/click - {}
RESULT: {}
COMMAND: GET /session/1d4a453559b0d20f8127ccadf842912f/screenshot - {}
RESULT: {}
]]></system-out>
    </testcase>
    <testcase classname="chrome.135_0_7049_96.windows.RU_Inventory_Mass_State_Change_Multiple_Items_US151066" name="Prerequisite Step 2 Should do a stock increase handover for the material" time="100.175">
      <system-out><![CDATA[
RESULT: undefined
COMMAND: POST /session/1d4a453559b0d20f8127ccadf842912f/element - {"using":"xpath","value":"//*[@id=\"__tile132-title\"]"}
RESULT: {"using":"xpath","value":"//*[@id=\"__tile132-title\"]"}
COMMAND: POST /session/1d4a453559b0d20f8127ccadf842912f/element/f.8BB5FC29C6DF408E67DE758247EB098E.d.DE89254EA822E877CB3C859D7EB2C27A.e.3254/click - {}
RESULT: {}
COMMAND: POST /session/1d4a453559b0d20f8127ccadf842912f/element - {"using":"xpath","value":"//button[@data-kt=\"masterHOAddButton\"]"}
COMMAND: GET /session/1d4a453559b0d20f8127ccadf842912f/screenshot - {}
RESULT: {"using":"xpath","value":"//button[@data-kt=\"masterHOAddButton\"]"}
COMMAND: POST /session/1d4a453559b0d20f8127ccadf842912f/elements - {"using":"xpath","value":"//button[@data-kt=\"masterHOAddButton\"]"}
RESULT: {}
RESULT: {"using":"xpath","value":"//button[@data-kt=\"masterHOAddButton\"]"}
COMMAND: POST /session/1d4a453559b0d20f8127ccadf842912f/execute/sync - {"script":"<script> [8489 bytes]","args":[{"element-6066-11e4-a52e-4f735466cecf":"f.8BB5FC29C6DF408E67DE758247EB098E.d.DE89254EA822E877CB3C859D7EB2C27A.e.4078","ELEMENT":"f.8BB5FC29C6DF408E67DE758247EB098E.d.DE89254EA822E877CB3C859D7EB2C27A.e.4078"}]}
RESULT: {"script":"<script> [8489 bytes]","args":[{"element-6066-11e4-a52e-4f735466cecf":"f.8BB5FC29C6DF408E67DE758247EB098E.d.DE89254EA822E877CB3C859D7EB2C27A.e.4078","ELEMENT":"f.8BB5FC29C6DF408E67DE758247EB098E.d.DE89254EA822E877CB3C859D7EB2C27A.e.4078"}]}
COMMAND: GET /session/1d4a453559b0d20f8127ccadf842912f/element/f.8BB5FC29C6DF408E67DE758247EB098E.d.DE89254EA822E877CB3C859D7EB2C27A.e.4078/enabled - {}
COMMAND: GET /session/1d4a453559b0d20f8127ccadf842912f/screenshot - {}
RESULT: {}
COMMAND: POST /session/1d4a453559b0d20f8127ccadf842912f/execute/sync - {"script":"<script> [8489 bytes]","args":[{"element-6066-11e4-a52e-4f735466cecf":"f.8BB5FC29C6DF408E67DE758247EB098E.d.DE89254EA822E877CB3C859D7EB2C27A.e.4078","ELEMENT":"f.8BB5FC29C6DF408E67DE758247EB098E.d.DE89254EA822E877CB3C859D7EB2C27A.e.4078"}]}
COMMAND: GET /session/1d4a453559b0d20f8127ccadf842912f/screenshot - {}
RESULT: {}
RESULT: {"script":"<script> [8489 bytes]","args":[{"element-6066-11e4-a52e-4f735466cecf":"f.8BB5FC29C6DF408E67DE758247EB098E.d.DE89254EA822E877CB3C859D7EB2C27A.e.4078","ELEMENT":"f.8BB5FC29C6DF408E67DE758247EB098E.d.DE89254EA822E877CB3C859D7EB2C27A.e.4078"}]}
COMMAND: POST /session/1d4a453559b0d20f8127ccadf842912f/execute/sync - {"script":"<script> [5351 bytes]","args":[{"element-6066-11e4-a52e-4f735466cecf":"f.8BB5FC29C6DF408E67DE758247EB098E.d.DE89254EA822E877CB3C859D7EB2C27A.e.4078","ELEMENT":"f.8BB5FC29C6DF408E67DE758247EB098E.d.DE89254EA822E877CB3C859D7EB2C27A.e.4078"}]}
COMMAND: GET /session/1d4a453559b0d20f8127ccadf842912f/screenshot - {}
RESULT: {}
RESULT: {"script":"<script> [5351 bytes]","args":[{"element-6066-11e4-a52e-4f735466cecf":"f.8BB5FC29C6DF408E67DE758247EB098E.d.DE89254EA822E877CB3C859D7EB2C27A.e.4078","ELEMENT":"f.8BB5FC29C6DF408E67DE758247EB098E.d.DE89254EA822E877CB3C859D7EB2C27A.e.4078"}]}
COMMAND: POST /session/1d4a453559b0d20f8127ccadf842912f/element/f.8BB5FC29C6DF408E67DE758247EB098E.d.DE89254EA822E877CB3C859D7EB2C27A.e.4078/click - {}
COMMAND: GET /session/1d4a453559b0d20f8127ccadf842912f/screenshot - {}
RESULT: {}
RESULT: {}
COMMAND: GET /session/1d4a453559b0d20f8127ccadf842912f/screenshot - {}
RESULT: {}
COMMAND: POST /session/1d4a453559b0d20f8127ccadf842912f/element - {"using":"xpath","value":"//span[contains(@id ,\"AddNewHO--typeSelect-arrow\")]"}
RESULT: {}
RESULT: {"using":"xpath","value":"//span[contains(@id ,\"AddNewHO--typeSelect-arrow\")]"}
COMMAND: POST /session/1d4a453559b0d20f8127ccadf842912f/element/f.8BB5FC29C6DF408E67DE758247EB098E.d.DE89254EA822E877CB3C859D7EB2C27A.e.4500/click - {}
RESULT: {}
COMMAND: GET /session/1d4a453559b0d20f8127ccadf842912f/screenshot - {}
RESULT: {}
COMMAND: POST /session/1d4a453559b0d20f8127ccadf842912f/element - {"using":"xpath","value":"(//li[contains(text(), \"stock increase yard\")])[1]"}
RESULT: {"using":"xpath","value":"(//li[contains(text(), \"stock increase yard\")])[1]"}
COMMAND: POST /session/1d4a453559b0d20f8127ccadf842912f/element/f.8BB5FC29C6DF408E67DE758247EB098E.d.DE89254EA822E877CB3C859D7EB2C27A.e.4501/click - {}
RESULT: {}
COMMAND: GET /session/1d4a453559b0d20f8127ccadf842912f/screenshot - {}
RESULT: {}
RESULT: undefined
COMMAND: POST /session/1d4a453559b0d20f8127ccadf842912f/execute/async - {"script":"<script> [6424 bytes]","args":[{"element-6066-11e4-a52e-4f735466cecf":"f.8BB5FC29C6DF408E67DE758247EB098E.d.DE89254EA822E877CB3C859D7EB2C27A.e.3637"},"setValue",["05/01/2025"]]}
COMMAND: POST /session/1d4a453559b0d20f8127ccadf842912f/execute/async - {"script":"<script> [1562 bytes]","args":[{"selector":{"id":"application-managehandovers-display-component---AddNewHO--dueDate","interaction":{"idSuffix":"inner"}},"wdio_ui5_key":"applicationmanagehandovers-display-component---AddNewHO--dueDate"}]}
RESULT: {"script":"<script> [1562 bytes]","args":[{"selector":{"id":"application-managehandovers-display-component---AddNewHO--dueDate","interaction":{"idSuffix":"inner"}},"wdio_ui5_key":"applicationmanagehandovers-display-component---AddNewHO--dueDate"}]}
COMMAND: POST /session/1d4a453559b0d20f8127ccadf842912f/execute/async - {"script":"<script> [6424 bytes]","args":[{"element-6066-11e4-a52e-4f735466cecf":"f.8BB5FC29C6DF408E67DE758247EB098E.d.DE89254EA822E877CB3C859D7EB2C27A.e.4503"},"setValue",["05/01/2025"]]}
RESULT: {"script":"<script> [6424 bytes]","args":[{"element-6066-11e4-a52e-4f735466cecf":"f.8BB5FC29C6DF408E67DE758247EB098E.d.DE89254EA822E877CB3C859D7EB2C27A.e.4503"},"setValue",["05/01/2025"]]}
COMMAND: POST /session/1d4a453559b0d20f8127ccadf842912f/element - {"using":"xpath","value":"//input[@id=\"generalSectionFrg--receiveYard-inner\"]"}
RESULT: {"using":"xpath","value":"//input[@id=\"generalSectionFrg--receiveYard-inner\"]"}
COMMAND: POST /session/1d4a453559b0d20f8127ccadf842912f/element/f.8BB5FC29C6DF408E67DE758247EB098E.d.DE89254EA822E877CB3C859D7EB2C27A.e.4509/clear - {}
RESULT: {}
COMMAND: POST /session/1d4a453559b0d20f8127ccadf842912f/element/f.8BB5FC29C6DF408E67DE758247EB098E.d.DE89254EA822E877CB3C859D7EB2C27A.e.4509/value - {"text":"109"}
COMMAND: GET /session/1d4a453559b0d20f8127ccadf842912f/screenshot - {}
RESULT: {}
RESULT: {"text":"109"}
COMMAND: GET /session/1d4a453559b0d20f8127ccadf842912f/screenshot - {}
RESULT: {}
COMMAND: POST /session/1d4a453559b0d20f8127ccadf842912f/element - {"using":"xpath","value":"//li[.//span[text()='109']]"}
RESULT: {"using":"xpath","value":"//li[.//span[text()='109']]"}
COMMAND: POST /session/1d4a453559b0d20f8127ccadf842912f/element/f.8BB5FC29C6DF408E67DE758247EB098E.d.DE89254EA822E877CB3C859D7EB2C27A.e.4527/click - {}
RESULT: {}
COMMAND: GET /session/1d4a453559b0d20f8127ccadf842912f/screenshot - {}
RESULT: {}
RESULT: undefined
COMMAND: POST /session/1d4a453559b0d20f8127ccadf842912f/element - {"using":"xpath","value":"//*[@id=\"application-managehandovers-display-component---AddNewHO--ObjectPageLayout-anchBar-application-managehandovers-display-component---AddNewHO--section4-anchor\"]"}
RESULT: {"using":"xpath","value":"//*[@id=\"application-managehandovers-display-component---AddNewHO--ObjectPageLayout-anchBar-application-managehandovers-display-component---AddNewHO--section4-anchor\"]"}
COMMAND: POST /session/1d4a453559b0d20f8127ccadf842912f/element/f.8BB5FC29C6DF408E67DE758247EB098E.d.DE89254EA822E877CB3C859D7EB2C27A.e.4528/click - {}
RESULT: {}
COMMAND: POST /session/1d4a453559b0d20f8127ccadf842912f/element - {"using":"xpath","value":"//button[@aria-label=\"Add\"]"}
COMMAND: GET /session/1d4a453559b0d20f8127ccadf842912f/screenshot - {}
RESULT: {"using":"xpath","value":"//button[@aria-label=\"Add\"]"}
COMMAND: POST /session/1d4a453559b0d20f8127ccadf842912f/element/f.8BB5FC29C6DF408E67DE758247EB098E.d.DE89254EA822E877CB3C859D7EB2C27A.e.4532/click - {}
RESULT: {}
RESULT: {}
COMMAND: GET /session/1d4a453559b0d20f8127ccadf842912f/screenshot - {}
RESULT: {}
RESULT: undefined
COMMAND: POST /session/1d4a453559b0d20f8127ccadf842912f/execute/async - {"script":"<script> [776 bytes]","args":[{"enterText":"200259","selector":{"id":"application-managehandovers-display-component---AddNewHO--smartFilterBar-btnBasicSearch","searchOpenDialogs":true,"interaction":{"idSuffix":"I"}},"clearTextFirst":true,"interactionType":"ENTER_TEXT"}]}
RESULT: {"script":"<script> [776 bytes]","args":[{"enterText":"200259","selector":{"id":"application-managehandovers-display-component---AddNewHO--smartFilterBar-btnBasicSearch","searchOpenDialogs":true,"interaction":{"idSuffix":"I"}},"clearTextFirst":true,"interactionType":"ENTER_TEXT"}]}
COMMAND: POST /session/1d4a453559b0d20f8127ccadf842912f/actions - {"actions":[{"id":"action20","type":"key","parameters":{},"actions":[{"type":"keyDown","value":"î€‡"},{"type":"pause","duration":10},{"type":"keyUp","value":"î€‡"}]}]}
RESULT: {"actions":[{"id":"action20","type":"key","parameters":{},"actions":[{"type":"keyDown","value":"î€‡"},{"type":"pause","duration":10},{"type":"keyUp","value":"î€‡"}]}]}
COMMAND: GET /session/1d4a453559b0d20f8127ccadf842912f/screenshot - {}
RESULT: {}
RESULT: undefined
COMMAND: POST /session/1d4a453559b0d20f8127ccadf842912f/element - {"using":"xpath","value":"//*[@id=\"application-managehandovers-display-component---AddNewHO--popup-sa\"]"}
RESULT: {"using":"xpath","value":"//*[@id=\"application-managehandovers-display-component---AddNewHO--popup-sa\"]"}
COMMAND: POST /session/1d4a453559b0d20f8127ccadf842912f/element/f.8BB5FC29C6DF408E67DE758247EB098E.d.DE89254EA822E877CB3C859D7EB2C27A.e.4684/click - {}
RESULT: {}
COMMAND: GET /session/1d4a453559b0d20f8127ccadf842912f/screenshot - {}
RESULT: {}
COMMAND: POST /session/1d4a453559b0d20f8127ccadf842912f/element - {"using":"xpath","value":"//bdi[contains(text(), \"Select\")]"}
RESULT: {"using":"xpath","value":"//bdi[contains(text(), \"Select\")]"}
COMMAND: POST /session/1d4a453559b0d20f8127ccadf842912f/element/f.8BB5FC29C6DF408E67DE758247EB098E.d.DE89254EA822E877CB3C859D7EB2C27A.e.4685/click - {}
RESULT: {}
COMMAND: GET /session/1d4a453559b0d20f8127ccadf842912f/screenshot - {}
RESULT: {}
COMMAND: POST /session/1d4a453559b0d20f8127ccadf842912f/element - {"using":"xpath","value":"//button[@data-kt=\"AddNewHOSaveButton\"]"}
RESULT: {"using":"xpath","value":"//button[@data-kt=\"AddNewHOSaveButton\"]"}
COMMAND: POST /session/1d4a453559b0d20f8127ccadf842912f/element/f.8BB5FC29C6DF408E67DE758247EB098E.d.DE89254EA822E877CB3C859D7EB2C27A.e.4689/click - {}
RESULT: {}
COMMAND: GET /session/1d4a453559b0d20f8127ccadf842912f/screenshot - {}
RESULT: {}
RESULT: undefined
COMMAND: POST /session/1d4a453559b0d20f8127ccadf842912f/execute/async - {"script":"<script> [6424 bytes]","args":[{"element-6066-11e4-a52e-4f735466cecf":"f.8BB5FC29C6DF408E67DE758247EB098E.d.DE89254EA822E877CB3C859D7EB2C27A.e.3855"},"setValue",["05/01/2025"]]}
COMMAND: POST /session/1d4a453559b0d20f8127ccadf842912f/execute/async - {"script":"<script> [1562 bytes]","args":[{"selector":{"id":"receiptDatePicker","viewName":"etm.portal.ui.managehandovers.view.DetailExecuteHO","interaction":{"idSuffix":"inner"}},"wdio_ui5_key":"receiptDatePickeretmportal.ui.managehandovers.view.DetailExecuteHO"}]}
RESULT: {"script":"<script> [1562 bytes]","args":[{"selector":{"id":"receiptDatePicker","viewName":"etm.portal.ui.managehandovers.view.DetailExecuteHO","interaction":{"idSuffix":"inner"}},"wdio_ui5_key":"receiptDatePickeretmportal.ui.managehandovers.view.DetailExecuteHO"}]}
COMMAND: POST /session/1d4a453559b0d20f8127ccadf842912f/execute/async - {"script":"<script> [6424 bytes]","args":[{"element-6066-11e4-a52e-4f735466cecf":"f.8BB5FC29C6DF408E67DE758247EB098E.d.DE89254EA822E877CB3C859D7EB2C27A.e.4716"},"setValue",["05/01/2025"]]}
RESULT: {"script":"<script> [6424 bytes]","args":[{"element-6066-11e4-a52e-4f735466cecf":"f.8BB5FC29C6DF408E67DE758247EB098E.d.DE89254EA822E877CB3C859D7EB2C27A.e.4716"},"setValue",["05/01/2025"]]}
COMMAND: POST /session/1d4a453559b0d20f8127ccadf842912f/element - {"using":"xpath","value":"//button[@data-kt=\"PickingTableConfirmAllButton\"]"}
RESULT: {"using":"xpath","value":"//button[@data-kt=\"PickingTableConfirmAllButton\"]"}
COMMAND: POST /session/1d4a453559b0d20f8127ccadf842912f/element/f.8BB5FC29C6DF408E67DE758247EB098E.d.DE89254EA822E877CB3C859D7EB2C27A.e.4731/click - {}
RESULT: {}
COMMAND: GET /session/1d4a453559b0d20f8127ccadf842912f/screenshot - {}
RESULT: {}
COMMAND: POST /session/1d4a453559b0d20f8127ccadf842912f/element - {"using":"xpath","value":"//bdi[contains(text(), \"OK\")]"}
RESULT: {"using":"xpath","value":"//bdi[contains(text(), \"OK\")]"}
COMMAND: POST /session/1d4a453559b0d20f8127ccadf842912f/element/f.8BB5FC29C6DF408E67DE758247EB098E.d.DE89254EA822E877CB3C859D7EB2C27A.e.4733/click - {}
RESULT: {}
COMMAND: GET /session/1d4a453559b0d20f8127ccadf842912f/screenshot - {}
RESULT: {}
COMMAND: POST /session/1d4a453559b0d20f8127ccadf842912f/element - {"using":"xpath","value":"(//bdi[contains(text(), \"Receive\")])[2]"}
RESULT: {"using":"xpath","value":"(//bdi[contains(text(), \"Receive\")])[2]"}
COMMAND: POST /session/1d4a453559b0d20f8127ccadf842912f/element/f.8BB5FC29C6DF408E67DE758247EB098E.d.DE89254EA822E877CB3C859D7EB2C27A.e.4735/click - {}
RESULT: {}
COMMAND: GET /session/1d4a453559b0d20f8127ccadf842912f/screenshot - {}
RESULT: {}
COMMAND: POST /session/1d4a453559b0d20f8127ccadf842912f/element - {"using":"css selector","value":"#shell-header-logo"}
RESULT: {"using":"css selector","value":"#shell-header-logo"}
COMMAND: POST /session/1d4a453559b0d20f8127ccadf842912f/element/f.8BB5FC29C6DF408E67DE758247EB098E.d.DE89254EA822E877CB3C859D7EB2C27A.e.4050/click - {}
RESULT: {}
COMMAND: GET /session/1d4a453559b0d20f8127ccadf842912f/screenshot - {}
RESULT: {}
]]></system-out>
    </testcase>
    <testcase classname="chrome.135_0_7049_96.windows.RU_Inventory_Mass_State_Change_Multiple_Items_US151066" name="Step 2 Should do a RU inventory mass state change on chosen yard 109 with the resources created one equipment one material the existing ones too" time="332.274">
      <system-out><![CDATA[
RESULT: undefined
COMMAND: POST /session/1d4a453559b0d20f8127ccadf842912f/element - {"using":"xpath","value":"//*[@id=\"__tile99\"]"}
RESULT: {"using":"xpath","value":"//*[@id=\"__tile99\"]"}
COMMAND: POST /session/1d4a453559b0d20f8127ccadf842912f/element/f.8BB5FC29C6DF408E67DE758247EB098E.d.DE89254EA822E877CB3C859D7EB2C27A.e.260/click - {}
RESULT: {}
COMMAND: POST /session/1d4a453559b0d20f8127ccadf842912f/element - {"using":"xpath","value":"//button[contains(@id, \"massStateBtn\")]"}
COMMAND: GET /session/1d4a453559b0d20f8127ccadf842912f/screenshot - {}
RESULT: {"using":"xpath","value":"//button[contains(@id, \"massStateBtn\")]"}
COMMAND: POST /session/1d4a453559b0d20f8127ccadf842912f/elements - {"using":"xpath","value":"//button[contains(@id, \"massStateBtn\")]"}
RESULT: {}
RESULT: {"using":"xpath","value":"//button[contains(@id, \"massStateBtn\")]"}
COMMAND: POST /session/1d4a453559b0d20f8127ccadf842912f/execute/sync - {"script":"<script> [8489 bytes]","args":[{"element-6066-11e4-a52e-4f735466cecf":"f.8BB5FC29C6DF408E67DE758247EB098E.d.DE89254EA822E877CB3C859D7EB2C27A.e.4944","ELEMENT":"f.8BB5FC29C6DF408E67DE758247EB098E.d.DE89254EA822E877CB3C859D7EB2C27A.e.4944"}]}
RESULT: {"script":"<script> [8489 bytes]","args":[{"element-6066-11e4-a52e-4f735466cecf":"f.8BB5FC29C6DF408E67DE758247EB098E.d.DE89254EA822E877CB3C859D7EB2C27A.e.4944","ELEMENT":"f.8BB5FC29C6DF408E67DE758247EB098E.d.DE89254EA822E877CB3C859D7EB2C27A.e.4944"}]}
COMMAND: GET /session/1d4a453559b0d20f8127ccadf842912f/element/f.8BB5FC29C6DF408E67DE758247EB098E.d.DE89254EA822E877CB3C859D7EB2C27A.e.4944/enabled - {}
COMMAND: GET /session/1d4a453559b0d20f8127ccadf842912f/screenshot - {}
RESULT: {}
COMMAND: POST /session/1d4a453559b0d20f8127ccadf842912f/execute/sync - {"script":"<script> [8489 bytes]","args":[{"element-6066-11e4-a52e-4f735466cecf":"f.8BB5FC29C6DF408E67DE758247EB098E.d.DE89254EA822E877CB3C859D7EB2C27A.e.4944","ELEMENT":"f.8BB5FC29C6DF408E67DE758247EB098E.d.DE89254EA822E877CB3C859D7EB2C27A.e.4944"}]}
COMMAND: GET /session/1d4a453559b0d20f8127ccadf842912f/screenshot - {}
RESULT: {}
RESULT: {}
RESULT: {"script":"<script> [8489 bytes]","args":[{"element-6066-11e4-a52e-4f735466cecf":"f.8BB5FC29C6DF408E67DE758247EB098E.d.DE89254EA822E877CB3C859D7EB2C27A.e.4944","ELEMENT":"f.8BB5FC29C6DF408E67DE758247EB098E.d.DE89254EA822E877CB3C859D7EB2C27A.e.4944"}]}
COMMAND: POST /session/1d4a453559b0d20f8127ccadf842912f/execute/sync - {"script":"<script> [5351 bytes]","args":[{"element-6066-11e4-a52e-4f735466cecf":"f.8BB5FC29C6DF408E67DE758247EB098E.d.DE89254EA822E877CB3C859D7EB2C27A.e.4944","ELEMENT":"f.8BB5FC29C6DF408E67DE758247EB098E.d.DE89254EA822E877CB3C859D7EB2C27A.e.4944"}]}
COMMAND: GET /session/1d4a453559b0d20f8127ccadf842912f/screenshot - {}
RESULT: {"script":"<script> [5351 bytes]","args":[{"element-6066-11e4-a52e-4f735466cecf":"f.8BB5FC29C6DF408E67DE758247EB098E.d.DE89254EA822E877CB3C859D7EB2C27A.e.4944","ELEMENT":"f.8BB5FC29C6DF408E67DE758247EB098E.d.DE89254EA822E877CB3C859D7EB2C27A.e.4944"}]}
COMMAND: POST /session/1d4a453559b0d20f8127ccadf842912f/element/f.8BB5FC29C6DF408E67DE758247EB098E.d.DE89254EA822E877CB3C859D7EB2C27A.e.4944/click - {}
COMMAND: GET /session/1d4a453559b0d20f8127ccadf842912f/screenshot - {}
RESULT: {}
RESULT: {}
COMMAND: GET /session/1d4a453559b0d20f8127ccadf842912f/screenshot - {}
RESULT: {}
RESULT: {}
RESULT: undefined
COMMAND: POST /session/1d4a453559b0d20f8127ccadf842912f/element - {"using":"xpath","value":"//*[@id=\"application-ruinventorylist-display-component---Master--ruLocationTypeComboBox-arrow\"]"}
RESULT: {"using":"xpath","value":"//*[@id=\"application-ruinventorylist-display-component---Master--ruLocationTypeComboBox-arrow\"]"}
COMMAND: POST /session/1d4a453559b0d20f8127ccadf842912f/element/f.8BB5FC29C6DF408E67DE758247EB098E.d.DE89254EA822E877CB3C859D7EB2C27A.e.5298/click - {}
RESULT: {}
COMMAND: GET /session/1d4a453559b0d20f8127ccadf842912f/screenshot - {}
RESULT: {}
COMMAND: POST /session/1d4a453559b0d20f8127ccadf842912f/element - {"using":"xpath","value":"//li[.//span[text()='Yard']]"}
RESULT: {"using":"xpath","value":"//li[.//span[text()='Yard']]"}
COMMAND: POST /session/1d4a453559b0d20f8127ccadf842912f/element/f.8BB5FC29C6DF408E67DE758247EB098E.d.DE89254EA822E877CB3C859D7EB2C27A.e.5299/click - {}
RESULT: {}
COMMAND: GET /session/1d4a453559b0d20f8127ccadf842912f/screenshot - {}
RESULT: {}
RESULT: undefined
COMMAND: POST /session/1d4a453559b0d20f8127ccadf842912f/element - {"using":"xpath","value":"//*[@id=\"application-ruinventorylist-display-component---Master--smartFilterBar-filterItemControl_BASIC-YARD-vhi\"]"}
RESULT: {"using":"xpath","value":"//*[@id=\"application-ruinventorylist-display-component---Master--smartFilterBar-filterItemControl_BASIC-YARD-vhi\"]"}
COMMAND: POST /session/1d4a453559b0d20f8127ccadf842912f/element/f.8BB5FC29C6DF408E67DE758247EB098E.d.DE89254EA822E877CB3C859D7EB2C27A.e.5358/click - {}
RESULT: {}
COMMAND: GET /session/1d4a453559b0d20f8127ccadf842912f/screenshot - {}
RESULT: {}
RESULT: undefined
COMMAND: POST /session/1d4a453559b0d20f8127ccadf842912f/execute/async - {"script":"<script> [776 bytes]","args":[{"enterText":"109","selector":{"id":"application-ruinventorylist-display-component---Master--smartFilterBar-filterItemControl_BASIC-YARD-valueHelpDialog-smartFilterBar-btnBasicSearch","searchOpenDialogs":true,"interaction":{"idSuffix":"I"}},"clearTextFirst":true,"interactionType":"ENTER_TEXT"}]}
RESULT: {"script":"<script> [776 bytes]","args":[{"enterText":"109","selector":{"id":"application-ruinventorylist-display-component---Master--smartFilterBar-filterItemControl_BASIC-YARD-valueHelpDialog-smartFilterBar-btnBasicSearch","searchOpenDialogs":true,"interaction":{"idSuffix":"I"}},"clearTextFirst":true,"interactionType":"ENTER_TEXT"}]}
COMMAND: POST /session/1d4a453559b0d20f8127ccadf842912f/actions - {"actions":[{"id":"action21","type":"key","parameters":{},"actions":[{"type":"keyDown","value":"î€‡"},{"type":"pause","duration":10},{"type":"keyUp","value":"î€‡"}]}]}
RESULT: {"actions":[{"id":"action21","type":"key","parameters":{},"actions":[{"type":"keyDown","value":"î€‡"},{"type":"pause","duration":10},{"type":"keyUp","value":"î€‡"}]}]}
COMMAND: GET /session/1d4a453559b0d20f8127ccadf842912f/screenshot - {}
RESULT: {}
COMMAND: POST /session/1d4a453559b0d20f8127ccadf842912f/elements - {"using":"xpath","value":"//table[contains(@id, \"filterItemControl_BASIC-YARD-valueHelpDialog-table-table\")]/tbody/tr"}
RESULT: {"using":"xpath","value":"//table[contains(@id, \"filterItemControl_BASIC-YARD-valueHelpDialog-table-table\")]/tbody/tr"}
COMMAND: POST /session/1d4a453559b0d20f8127ccadf842912f/element - {"using":"xpath","value":"//table[contains(@id, \"filterItemControl_BASIC-YARD-valueHelpDialog-table-table\")]/tbody/tr[1]/td[1]/div/span"}
RESULT: {"using":"xpath","value":"//table[contains(@id, \"filterItemControl_BASIC-YARD-valueHelpDialog-table-table\")]/tbody/tr[1]/td[1]/div/span"}
COMMAND: POST /session/1d4a453559b0d20f8127ccadf842912f/elements - {"using":"xpath","value":"//table[contains(@id, \"filterItemControl_BASIC-YARD-valueHelpDialog-table-table\")]/tbody/tr[1]/td[1]/div/span"}
RESULT: {"using":"xpath","value":"//table[contains(@id, \"filterItemControl_BASIC-YARD-valueHelpDialog-table-table\")]/tbody/tr[1]/td[1]/div/span"}
COMMAND: POST /session/1d4a453559b0d20f8127ccadf842912f/execute/sync - {"script":"<script> [56 bytes]","args":[{"element-6066-11e4-a52e-4f735466cecf":"f.8BB5FC29C6DF408E67DE758247EB098E.d.DE89254EA822E877CB3C859D7EB2C27A.e.5377","ELEMENT":"f.8BB5FC29C6DF408E67DE758247EB098E.d.DE89254EA822E877CB3C859D7EB2C27A.e.5377"}]}
RESULT: {"script":"<script> [56 bytes]","args":[{"element-6066-11e4-a52e-4f735466cecf":"f.8BB5FC29C6DF408E67DE758247EB098E.d.DE89254EA822E877CB3C859D7EB2C27A.e.5377","ELEMENT":"f.8BB5FC29C6DF408E67DE758247EB098E.d.DE89254EA822E877CB3C859D7EB2C27A.e.5377"}]}
COMMAND: POST /session/1d4a453559b0d20f8127ccadf842912f/element - {"using":"xpath","value":"//div[contains(@id, \"filterItemControl_BASIC-YARD-valueHelpDialog-table-rowsel0\")]"}
COMMAND: GET /session/1d4a453559b0d20f8127ccadf842912f/screenshot - {}
RESULT: {"using":"xpath","value":"//div[contains(@id, \"filterItemControl_BASIC-YARD-valueHelpDialog-table-rowsel0\")]"}
COMMAND: POST /session/1d4a453559b0d20f8127ccadf842912f/element/f.8BB5FC29C6DF408E67DE758247EB098E.d.DE89254EA822E877CB3C859D7EB2C27A.e.5378/click - {}
RESULT: {}
RESULT: {}
COMMAND: GET /session/1d4a453559b0d20f8127ccadf842912f/screenshot - {}
RESULT: {}
COMMAND: POST /session/1d4a453559b0d20f8127ccadf842912f/element - {"using":"xpath","value":"//div[contains(@id, \"smartFilterBar-filterItemControl_BASIC-YARD-valueHelpDialog-smartFilterBar-btnBasicSearch-reset\")]"}
RESULT: {"using":"xpath","value":"//div[contains(@id, \"smartFilterBar-filterItemControl_BASIC-YARD-valueHelpDialog-smartFilterBar-btnBasicSearch-reset\")]"}
COMMAND: POST /session/1d4a453559b0d20f8127ccadf842912f/element/f.8BB5FC29C6DF408E67DE758247EB098E.d.DE89254EA822E877CB3C859D7EB2C27A.e.5380/click - {}
RESULT: {}
RESULT: undefined
COMMAND: POST /session/1d4a453559b0d20f8127ccadf842912f/execute/async - {"script":"<script> [776 bytes]","args":[{"enterText":"OPA5_BST01_YARD1","selector":{"id":"application-ruinventorylist-display-component---Master--smartFilterBar-filterItemControl_BASIC-YARD-valueHelpDialog-smartFilterBar-btnBasicSearch","searchOpenDialogs":true,"interaction":{"idSuffix":"I"}},"clearTextFirst":true,"interactionType":"ENTER_TEXT"}]}
COMMAND: GET /session/1d4a453559b0d20f8127ccadf842912f/screenshot - {}
RESULT: {"script":"<script> [776 bytes]","args":[{"enterText":"OPA5_BST01_YARD1","selector":{"id":"application-ruinventorylist-display-component---Master--smartFilterBar-filterItemControl_BASIC-YARD-valueHelpDialog-smartFilterBar-btnBasicSearch","searchOpenDialogs":true,"interaction":{"idSuffix":"I"}},"clearTextFirst":true,"interactionType":"ENTER_TEXT"}]}
COMMAND: POST /session/1d4a453559b0d20f8127ccadf842912f/actions - {"actions":[{"id":"action22","type":"key","parameters":{},"actions":[{"type":"keyDown","value":"î€‡"},{"type":"pause","duration":10},{"type":"keyUp","value":"î€‡"}]}]}
RESULT: {}
RESULT: {"actions":[{"id":"action22","type":"key","parameters":{},"actions":[{"type":"keyDown","value":"î€‡"},{"type":"pause","duration":10},{"type":"keyUp","value":"î€‡"}]}]}
COMMAND: GET /session/1d4a453559b0d20f8127ccadf842912f/screenshot - {}
RESULT: {}
COMMAND: POST /session/1d4a453559b0d20f8127ccadf842912f/elements - {"using":"xpath","value":"//table[contains(@id, \"filterItemControl_BASIC-YARD-valueHelpDialog-table-table\")]/tbody/tr"}
RESULT: {"using":"xpath","value":"//table[contains(@id, \"filterItemControl_BASIC-YARD-valueHelpDialog-table-table\")]/tbody/tr"}
COMMAND: POST /session/1d4a453559b0d20f8127ccadf842912f/element - {"using":"xpath","value":"//table[contains(@id, \"filterItemControl_BASIC-YARD-valueHelpDialog-table-table\")]/tbody/tr[1]/td[1]/div/span"}
RESULT: {"using":"xpath","value":"//table[contains(@id, \"filterItemControl_BASIC-YARD-valueHelpDialog-table-table\")]/tbody/tr[1]/td[1]/div/span"}
COMMAND: POST /session/1d4a453559b0d20f8127ccadf842912f/elements - {"using":"xpath","value":"//table[contains(@id, \"filterItemControl_BASIC-YARD-valueHelpDialog-table-table\")]/tbody/tr[1]/td[1]/div/span"}
RESULT: {"using":"xpath","value":"//table[contains(@id, \"filterItemControl_BASIC-YARD-valueHelpDialog-table-table\")]/tbody/tr[1]/td[1]/div/span"}
COMMAND: POST /session/1d4a453559b0d20f8127ccadf842912f/execute/sync - {"script":"<script> [56 bytes]","args":[{"element-6066-11e4-a52e-4f735466cecf":"f.8BB5FC29C6DF408E67DE758247EB098E.d.DE89254EA822E877CB3C859D7EB2C27A.e.5377","ELEMENT":"f.8BB5FC29C6DF408E67DE758247EB098E.d.DE89254EA822E877CB3C859D7EB2C27A.e.5377"}]}
RESULT: {"script":"<script> [56 bytes]","args":[{"element-6066-11e4-a52e-4f735466cecf":"f.8BB5FC29C6DF408E67DE758247EB098E.d.DE89254EA822E877CB3C859D7EB2C27A.e.5377","ELEMENT":"f.8BB5FC29C6DF408E67DE758247EB098E.d.DE89254EA822E877CB3C859D7EB2C27A.e.5377"}]}
COMMAND: POST /session/1d4a453559b0d20f8127ccadf842912f/element - {"using":"xpath","value":"//div[contains(@id, \"filterItemControl_BASIC-YARD-valueHelpDialog-table-rowsel0\")]"}
COMMAND: GET /session/1d4a453559b0d20f8127ccadf842912f/screenshot - {}
RESULT: {"using":"xpath","value":"//div[contains(@id, \"filterItemControl_BASIC-YARD-valueHelpDialog-table-rowsel0\")]"}
COMMAND: POST /session/1d4a453559b0d20f8127ccadf842912f/element/f.8BB5FC29C6DF408E67DE758247EB098E.d.DE89254EA822E877CB3C859D7EB2C27A.e.5378/click - {}
RESULT: {}
RESULT: {}
COMMAND: GET /session/1d4a453559b0d20f8127ccadf842912f/screenshot - {}
RESULT: {}
COMMAND: POST /session/1d4a453559b0d20f8127ccadf842912f/element - {"using":"xpath","value":"(//bdi[contains(text(), \"OK\")])[1]"}
RESULT: {"using":"xpath","value":"(//bdi[contains(text(), \"OK\")])[1]"}
COMMAND: POST /session/1d4a453559b0d20f8127ccadf842912f/element/f.8BB5FC29C6DF408E67DE758247EB098E.d.DE89254EA822E877CB3C859D7EB2C27A.e.5381/click - {}
RESULT: {}
COMMAND: GET /session/1d4a453559b0d20f8127ccadf842912f/screenshot - {}
COMMAND: POST /session/1d4a453559b0d20f8127ccadf842912f/element - {"using":"xpath","value":"//span[@id=\"application-ruinventorylist-display-component---Master--smartTableRuInventoryList-header-inner\"]"}
RESULT: {}
RESULT: {"using":"xpath","value":"//span[@id=\"application-ruinventorylist-display-component---Master--smartTableRuInventoryList-header-inner\"]"}
COMMAND: POST /session/1d4a453559b0d20f8127ccadf842912f/elements - {"using":"xpath","value":"//span[@id=\"application-ruinventorylist-display-component---Master--smartTableRuInventoryList-header-inner\"]"}
RESULT: {"using":"xpath","value":"//span[@id=\"application-ruinventorylist-display-component---Master--smartTableRuInventoryList-header-inner\"]"}
COMMAND: POST /session/1d4a453559b0d20f8127ccadf842912f/execute/sync - {"script":"<script> [56 bytes]","args":[{"element-6066-11e4-a52e-4f735466cecf":"f.8BB5FC29C6DF408E67DE758247EB098E.d.DE89254EA822E877CB3C859D7EB2C27A.e.5531","ELEMENT":"f.8BB5FC29C6DF408E67DE758247EB098E.d.DE89254EA822E877CB3C859D7EB2C27A.e.5531"}]}
RESULT: {"script":"<script> [56 bytes]","args":[{"element-6066-11e4-a52e-4f735466cecf":"f.8BB5FC29C6DF408E67DE758247EB098E.d.DE89254EA822E877CB3C859D7EB2C27A.e.5531","ELEMENT":"f.8BB5FC29C6DF408E67DE758247EB098E.d.DE89254EA822E877CB3C859D7EB2C27A.e.5531"}]}
RESULT: undefined
COMMAND: POST /session/1d4a453559b0d20f8127ccadf842912f/execute/async - {"script":"<script> [776 bytes]","args":[{"enterText":"600002","selector":{"id":"application-ruinventorylist-display-component---Master--smartFilterBar-btnBasicSearch","interaction":{"idSuffix":"I"}},"clearTextFirst":true,"interactionType":"ENTER_TEXT"}]}
COMMAND: GET /session/1d4a453559b0d20f8127ccadf842912f/screenshot - {}
RESULT: {}
RESULT: {"script":"<script> [776 bytes]","args":[{"enterText":"600002","selector":{"id":"application-ruinventorylist-display-component---Master--smartFilterBar-btnBasicSearch","interaction":{"idSuffix":"I"}},"clearTextFirst":true,"interactionType":"ENTER_TEXT"}]}
COMMAND: POST /session/1d4a453559b0d20f8127ccadf842912f/actions - {"actions":[{"id":"action23","type":"key","parameters":{},"actions":[{"type":"keyDown","value":"î€‡"},{"type":"pause","duration":10},{"type":"keyUp","value":"î€‡"}]}]}
RESULT: {"actions":[{"id":"action23","type":"key","parameters":{},"actions":[{"type":"keyDown","value":"î€‡"},{"type":"pause","duration":10},{"type":"keyUp","value":"î€‡"}]}]}
COMMAND: GET /session/1d4a453559b0d20f8127ccadf842912f/screenshot - {}
RESULT: {}
COMMAND: POST /session/1d4a453559b0d20f8127ccadf842912f/element - {"using":"xpath","value":"//span[@id=\"application-ruinventorylist-display-component---Master--smartTableRuInventoryList-header-inner\"]"}
RESULT: {"using":"xpath","value":"//span[@id=\"application-ruinventorylist-display-component---Master--smartTableRuInventoryList-header-inner\"]"}
COMMAND: POST /session/1d4a453559b0d20f8127ccadf842912f/elements - {"using":"xpath","value":"//span[@id=\"application-ruinventorylist-display-component---Master--smartTableRuInventoryList-header-inner\"]"}
RESULT: {"using":"xpath","value":"//span[@id=\"application-ruinventorylist-display-component---Master--smartTableRuInventoryList-header-inner\"]"}
COMMAND: POST /session/1d4a453559b0d20f8127ccadf842912f/execute/sync - {"script":"<script> [56 bytes]","args":[{"element-6066-11e4-a52e-4f735466cecf":"f.8BB5FC29C6DF408E67DE758247EB098E.d.DE89254EA822E877CB3C859D7EB2C27A.e.5531","ELEMENT":"f.8BB5FC29C6DF408E67DE758247EB098E.d.DE89254EA822E877CB3C859D7EB2C27A.e.5531"}]}
RESULT: {"script":"<script> [56 bytes]","args":[{"element-6066-11e4-a52e-4f735466cecf":"f.8BB5FC29C6DF408E67DE758247EB098E.d.DE89254EA822E877CB3C859D7EB2C27A.e.5531","ELEMENT":"f.8BB5FC29C6DF408E67DE758247EB098E.d.DE89254EA822E877CB3C859D7EB2C27A.e.5531"}]}
COMMAND: POST /session/1d4a453559b0d20f8127ccadf842912f/element - {"using":"xpath","value":"//table[contains(@id, \"application-ruinventorylist-display-component---Master--tableRuInventoryList-listUl\")]/tbody/tr[1]/td[2]/div/div"}
COMMAND: GET /session/1d4a453559b0d20f8127ccadf842912f/screenshot - {}
RESULT: {"using":"xpath","value":"//table[contains(@id, \"application-ruinventorylist-display-component---Master--tableRuInventoryList-listUl\")]/tbody/tr[1]/td[2]/div/div"}
COMMAND: POST /session/1d4a453559b0d20f8127ccadf842912f/element/f.8BB5FC29C6DF408E67DE758247EB098E.d.DE89254EA822E877CB3C859D7EB2C27A.e.5539/click - {}
RESULT: {}
RESULT: {}
COMMAND: GET /session/1d4a453559b0d20f8127ccadf842912f/screenshot - {}
RESULT: {}
COMMAND: POST /session/1d4a453559b0d20f8127ccadf842912f/element - {"using":"xpath","value":"//div[contains(@id, \"smartFilterBar-btnBasicSearch-reset\")]"}
RESULT: {"using":"xpath","value":"//div[contains(@id, \"smartFilterBar-btnBasicSearch-reset\")]"}
COMMAND: POST /session/1d4a453559b0d20f8127ccadf842912f/element/f.8BB5FC29C6DF408E67DE758247EB098E.d.DE89254EA822E877CB3C859D7EB2C27A.e.5549/click - {}
RESULT: {}
COMMAND: GET /session/1d4a453559b0d20f8127ccadf842912f/screenshot - {}
RESULT: {}
RESULT: undefined
COMMAND: POST /session/1d4a453559b0d20f8127ccadf842912f/execute/async - {"script":"<script> [776 bytes]","args":[{"enterText":"401002","selector":{"id":"application-ruinventorylist-display-component---Master--smartFilterBar-btnBasicSearch","interaction":{"idSuffix":"I"}},"clearTextFirst":true,"interactionType":"ENTER_TEXT"}]}
RESULT: {"script":"<script> [776 bytes]","args":[{"enterText":"401002","selector":{"id":"application-ruinventorylist-display-component---Master--smartFilterBar-btnBasicSearch","interaction":{"idSuffix":"I"}},"clearTextFirst":true,"interactionType":"ENTER_TEXT"}]}
COMMAND: POST /session/1d4a453559b0d20f8127ccadf842912f/actions - {"actions":[{"id":"action24","type":"key","parameters":{},"actions":[{"type":"keyDown","value":"î€‡"},{"type":"pause","duration":10},{"type":"keyUp","value":"î€‡"}]}]}
RESULT: {"actions":[{"id":"action24","type":"key","parameters":{},"actions":[{"type":"keyDown","value":"î€‡"},{"type":"pause","duration":10},{"type":"keyUp","value":"î€‡"}]}]}
COMMAND: GET /session/1d4a453559b0d20f8127ccadf842912f/screenshot - {}
RESULT: {}
COMMAND: POST /session/1d4a453559b0d20f8127ccadf842912f/element - {"using":"xpath","value":"//span[@id=\"application-ruinventorylist-display-component---Master--smartTableRuInventoryList-header-inner\"]"}
RESULT: {"using":"xpath","value":"//span[@id=\"application-ruinventorylist-display-component---Master--smartTableRuInventoryList-header-inner\"]"}
COMMAND: POST /session/1d4a453559b0d20f8127ccadf842912f/elements - {"using":"xpath","value":"//span[@id=\"application-ruinventorylist-display-component---Master--smartTableRuInventoryList-header-inner\"]"}
RESULT: {"using":"xpath","value":"//span[@id=\"application-ruinventorylist-display-component---Master--smartTableRuInventoryList-header-inner\"]"}
COMMAND: POST /session/1d4a453559b0d20f8127ccadf842912f/execute/sync - {"script":"<script> [56 bytes]","args":[{"element-6066-11e4-a52e-4f735466cecf":"f.8BB5FC29C6DF408E67DE758247EB098E.d.DE89254EA822E877CB3C859D7EB2C27A.e.5531","ELEMENT":"f.8BB5FC29C6DF408E67DE758247EB098E.d.DE89254EA822E877CB3C859D7EB2C27A.e.5531"}]}
RESULT: {"script":"<script> [56 bytes]","args":[{"element-6066-11e4-a52e-4f735466cecf":"f.8BB5FC29C6DF408E67DE758247EB098E.d.DE89254EA822E877CB3C859D7EB2C27A.e.5531","ELEMENT":"f.8BB5FC29C6DF408E67DE758247EB098E.d.DE89254EA822E877CB3C859D7EB2C27A.e.5531"}]}
COMMAND: POST /session/1d4a453559b0d20f8127ccadf842912f/element - {"using":"xpath","value":"//table[contains(@id, \"application-ruinventorylist-display-component---Master--tableRuInventoryList-listUl\")]/tbody/tr[1]/td[2]/div/div"}
COMMAND: GET /session/1d4a453559b0d20f8127ccadf842912f/screenshot - {}
RESULT: {"using":"xpath","value":"//table[contains(@id, \"application-ruinventorylist-display-component---Master--tableRuInventoryList-listUl\")]/tbody/tr[1]/td[2]/div/div"}
COMMAND: POST /session/1d4a453559b0d20f8127ccadf842912f/element/f.8BB5FC29C6DF408E67DE758247EB098E.d.DE89254EA822E877CB3C859D7EB2C27A.e.5710/click - {}
RESULT: {}
RESULT: {}
COMMAND: GET /session/1d4a453559b0d20f8127ccadf842912f/screenshot - {}
RESULT: {}
COMMAND: POST /session/1d4a453559b0d20f8127ccadf842912f/element - {"using":"xpath","value":"//div[contains(@id, \"smartFilterBar-btnBasicSearch-reset\")]"}
RESULT: {"using":"xpath","value":"//div[contains(@id, \"smartFilterBar-btnBasicSearch-reset\")]"}
COMMAND: POST /session/1d4a453559b0d20f8127ccadf842912f/element/f.8BB5FC29C6DF408E67DE758247EB098E.d.DE89254EA822E877CB3C859D7EB2C27A.e.5549/click - {}
RESULT: {}
COMMAND: GET /session/1d4a453559b0d20f8127ccadf842912f/screenshot - {}
RESULT: {}
RESULT: undefined
COMMAND: POST /session/1d4a453559b0d20f8127ccadf842912f/execute/async - {"script":"<script> [776 bytes]","args":[{"enterText":"uicqZhPICg","selector":{"id":"application-ruinventorylist-display-component---Master--smartFilterBar-btnBasicSearch","interaction":{"idSuffix":"I"}},"clearTextFirst":true,"interactionType":"ENTER_TEXT"}]}
RESULT: {"script":"<script> [776 bytes]","args":[{"enterText":"uicqZhPICg","selector":{"id":"application-ruinventorylist-display-component---Master--smartFilterBar-btnBasicSearch","interaction":{"idSuffix":"I"}},"clearTextFirst":true,"interactionType":"ENTER_TEXT"}]}
COMMAND: POST /session/1d4a453559b0d20f8127ccadf842912f/actions - {"actions":[{"id":"action25","type":"key","parameters":{},"actions":[{"type":"keyDown","value":"î€‡"},{"type":"pause","duration":10},{"type":"keyUp","value":"î€‡"}]}]}
RESULT: {"actions":[{"id":"action25","type":"key","parameters":{},"actions":[{"type":"keyDown","value":"î€‡"},{"type":"pause","duration":10},{"type":"keyUp","value":"î€‡"}]}]}
COMMAND: GET /session/1d4a453559b0d20f8127ccadf842912f/screenshot - {}
RESULT: {}
COMMAND: POST /session/1d4a453559b0d20f8127ccadf842912f/element - {"using":"xpath","value":"//span[@id=\"application-ruinventorylist-display-component---Master--smartTableRuInventoryList-header-inner\"]"}
RESULT: {"using":"xpath","value":"//span[@id=\"application-ruinventorylist-display-component---Master--smartTableRuInventoryList-header-inner\"]"}
COMMAND: POST /session/1d4a453559b0d20f8127ccadf842912f/elements - {"using":"xpath","value":"//span[@id=\"application-ruinventorylist-display-component---Master--smartTableRuInventoryList-header-inner\"]"}
RESULT: {"using":"xpath","value":"//span[@id=\"application-ruinventorylist-display-component---Master--smartTableRuInventoryList-header-inner\"]"}
COMMAND: POST /session/1d4a453559b0d20f8127ccadf842912f/execute/sync - {"script":"<script> [56 bytes]","args":[{"element-6066-11e4-a52e-4f735466cecf":"f.8BB5FC29C6DF408E67DE758247EB098E.d.DE89254EA822E877CB3C859D7EB2C27A.e.5531","ELEMENT":"f.8BB5FC29C6DF408E67DE758247EB098E.d.DE89254EA822E877CB3C859D7EB2C27A.e.5531"}]}
RESULT: {"script":"<script> [56 bytes]","args":[{"element-6066-11e4-a52e-4f735466cecf":"f.8BB5FC29C6DF408E67DE758247EB098E.d.DE89254EA822E877CB3C859D7EB2C27A.e.5531","ELEMENT":"f.8BB5FC29C6DF408E67DE758247EB098E.d.DE89254EA822E877CB3C859D7EB2C27A.e.5531"}]}
COMMAND: POST /session/1d4a453559b0d20f8127ccadf842912f/element - {"using":"xpath","value":"//table[contains(@id, \"application-ruinventorylist-display-component---Master--tableRuInventoryList-listUl\")]/tbody/tr[1]/td[2]/div/div"}
COMMAND: GET /session/1d4a453559b0d20f8127ccadf842912f/screenshot - {}
RESULT: {"using":"xpath","value":"//table[contains(@id, \"application-ruinventorylist-display-component---Master--tableRuInventoryList-listUl\")]/tbody/tr[1]/td[2]/div/div"}
COMMAND: POST /session/1d4a453559b0d20f8127ccadf842912f/element/f.8BB5FC29C6DF408E67DE758247EB098E.d.DE89254EA822E877CB3C859D7EB2C27A.e.5880/click - {}
RESULT: {}
RESULT: {}
COMMAND: GET /session/1d4a453559b0d20f8127ccadf842912f/screenshot - {}
RESULT: {}
COMMAND: POST /session/1d4a453559b0d20f8127ccadf842912f/element - {"using":"xpath","value":"//div[contains(@id, \"smartFilterBar-btnBasicSearch-reset\")]"}
RESULT: {"using":"xpath","value":"//div[contains(@id, \"smartFilterBar-btnBasicSearch-reset\")]"}
COMMAND: POST /session/1d4a453559b0d20f8127ccadf842912f/element/f.8BB5FC29C6DF408E67DE758247EB098E.d.DE89254EA822E877CB3C859D7EB2C27A.e.5549/click - {}
RESULT: {}
COMMAND: GET /session/1d4a453559b0d20f8127ccadf842912f/screenshot - {}
RESULT: {}
RESULT: undefined
COMMAND: POST /session/1d4a453559b0d20f8127ccadf842912f/execute/async - {"script":"<script> [776 bytes]","args":[{"enterText":"200259","selector":{"id":"application-ruinventorylist-display-component---Master--smartFilterBar-btnBasicSearch","interaction":{"idSuffix":"I"}},"clearTextFirst":true,"interactionType":"ENTER_TEXT"}]}
RESULT: {"script":"<script> [776 bytes]","args":[{"enterText":"200259","selector":{"id":"application-ruinventorylist-display-component---Master--smartFilterBar-btnBasicSearch","interaction":{"idSuffix":"I"}},"clearTextFirst":true,"interactionType":"ENTER_TEXT"}]}
COMMAND: POST /session/1d4a453559b0d20f8127ccadf842912f/actions - {"actions":[{"id":"action26","type":"key","parameters":{},"actions":[{"type":"keyDown","value":"î€‡"},{"type":"pause","duration":10},{"type":"keyUp","value":"î€‡"}]}]}
RESULT: {"actions":[{"id":"action26","type":"key","parameters":{},"actions":[{"type":"keyDown","value":"î€‡"},{"type":"pause","duration":10},{"type":"keyUp","value":"î€‡"}]}]}
COMMAND: GET /session/1d4a453559b0d20f8127ccadf842912f/screenshot - {}
RESULT: {}
COMMAND: POST /session/1d4a453559b0d20f8127ccadf842912f/element - {"using":"xpath","value":"//span[@id=\"application-ruinventorylist-display-component---Master--smartTableRuInventoryList-header-inner\"]"}
RESULT: {"using":"xpath","value":"//span[@id=\"application-ruinventorylist-display-component---Master--smartTableRuInventoryList-header-inner\"]"}
COMMAND: POST /session/1d4a453559b0d20f8127ccadf842912f/elements - {"using":"xpath","value":"//span[@id=\"application-ruinventorylist-display-component---Master--smartTableRuInventoryList-header-inner\"]"}
RESULT: {"using":"xpath","value":"//span[@id=\"application-ruinventorylist-display-component---Master--smartTableRuInventoryList-header-inner\"]"}
COMMAND: POST /session/1d4a453559b0d20f8127ccadf842912f/execute/sync - {"script":"<script> [56 bytes]","args":[{"element-6066-11e4-a52e-4f735466cecf":"f.8BB5FC29C6DF408E67DE758247EB098E.d.DE89254EA822E877CB3C859D7EB2C27A.e.5531","ELEMENT":"f.8BB5FC29C6DF408E67DE758247EB098E.d.DE89254EA822E877CB3C859D7EB2C27A.e.5531"}]}
RESULT: {"script":"<script> [56 bytes]","args":[{"element-6066-11e4-a52e-4f735466cecf":"f.8BB5FC29C6DF408E67DE758247EB098E.d.DE89254EA822E877CB3C859D7EB2C27A.e.5531","ELEMENT":"f.8BB5FC29C6DF408E67DE758247EB098E.d.DE89254EA822E877CB3C859D7EB2C27A.e.5531"}]}
COMMAND: POST /session/1d4a453559b0d20f8127ccadf842912f/element - {"using":"xpath","value":"//table[contains(@id, \"application-ruinventorylist-display-component---Master--tableRuInventoryList-listUl\")]/tbody/tr[1]/td[2]/div/div"}
COMMAND: GET /session/1d4a453559b0d20f8127ccadf842912f/screenshot - {}
RESULT: {"using":"xpath","value":"//table[contains(@id, \"application-ruinventorylist-display-component---Master--tableRuInventoryList-listUl\")]/tbody/tr[1]/td[2]/div/div"}
COMMAND: POST /session/1d4a453559b0d20f8127ccadf842912f/element/f.8BB5FC29C6DF408E67DE758247EB098E.d.DE89254EA822E877CB3C859D7EB2C27A.e.6048/click - {}
RESULT: {}
RESULT: {}
COMMAND: GET /session/1d4a453559b0d20f8127ccadf842912f/screenshot - {}
RESULT: {}
COMMAND: POST /session/1d4a453559b0d20f8127ccadf842912f/element - {"using":"xpath","value":"//div[contains(@id, \"smartFilterBar-btnBasicSearch-reset\")]"}
RESULT: {"using":"xpath","value":"//div[contains(@id, \"smartFilterBar-btnBasicSearch-reset\")]"}
COMMAND: POST /session/1d4a453559b0d20f8127ccadf842912f/element/f.8BB5FC29C6DF408E67DE758247EB098E.d.DE89254EA822E877CB3C859D7EB2C27A.e.5549/click - {}
RESULT: {}
COMMAND: GET /session/1d4a453559b0d20f8127ccadf842912f/screenshot - {}
RESULT: {}
COMMAND: POST /session/1d4a453559b0d20f8127ccadf842912f/element/f.8BB5FC29C6DF408E67DE758247EB098E.d.DE89254EA822E877CB3C859D7EB2C27A.e.4944/click - {}
RESULT: {}
COMMAND: GET /session/1d4a453559b0d20f8127ccadf842912f/screenshot - {}
RESULT: {}
COMMAND: POST /session/1d4a453559b0d20f8127ccadf842912f/execute/async - {"script":"<script> [1562 bytes]","args":[{"selector":{"id":"application-ruinventorylist-display-component---Master--effectiveDate","searchOpenDialogs":true,"interaction":{"idSuffix":"inner"}},"wdio_ui5_key":"applicationruinventorylist-display-component---Master--effectiveDate"}]}
RESULT: {"script":"<script> [1562 bytes]","args":[{"selector":{"id":"application-ruinventorylist-display-component---Master--effectiveDate","searchOpenDialogs":true,"interaction":{"idSuffix":"inner"}},"wdio_ui5_key":"applicationruinventorylist-display-component---Master--effectiveDate"}]}
RESULT: undefined
COMMAND: POST /session/1d4a453559b0d20f8127ccadf842912f/execute/async - {"script":"<script> [776 bytes]","args":[{"enterText":"04/30/25","selector":{"id":"application-ruinventorylist-display-component---Master--effectiveDate","searchOpenDialogs":true,"interaction":{"idSuffix":"inner"}},"clearTextFirst":true,"interactionType":"ENTER_TEXT"}]}
RESULT: {"script":"<script> [776 bytes]","args":[{"enterText":"04/30/25","selector":{"id":"application-ruinventorylist-display-component---Master--effectiveDate","searchOpenDialogs":true,"interaction":{"idSuffix":"inner"}},"clearTextFirst":true,"interactionType":"ENTER_TEXT"}]}
COMMAND: POST /session/1d4a453559b0d20f8127ccadf842912f/element - {"using":"xpath","value":"//span[contains(@data-kt,\"correctionMassStateChangeIcon\")]"}
RESULT: {"using":"xpath","value":"//span[contains(@data-kt,\"correctionMassStateChangeIcon\")]"}
COMMAND: POST /session/1d4a453559b0d20f8127ccadf842912f/elements - {"using":"xpath","value":"//span[contains(@data-kt,\"correctionMassStateChangeIcon\")]"}
RESULT: {"using":"xpath","value":"//span[contains(@data-kt,\"correctionMassStateChangeIcon\")]"}
COMMAND: POST /session/1d4a453559b0d20f8127ccadf842912f/elements - {"using":"xpath","value":"//span[contains(@data-kt,\"correctionMassStateChangeIcon\")]"}
RESULT: {"using":"xpath","value":"//span[contains(@data-kt,\"correctionMassStateChangeIcon\")]"}
RESULT: undefined
COMMAND: POST /session/1d4a453559b0d20f8127ccadf842912f/element - {"using":"xpath","value":"//*[@id=\"application-ruinventorylist-display-component---Master--ruStateTypes-arrow\"]"}
RESULT: {"using":"xpath","value":"//*[@id=\"application-ruinventorylist-display-component---Master--ruStateTypes-arrow\"]"}
COMMAND: POST /session/1d4a453559b0d20f8127ccadf842912f/element/f.8BB5FC29C6DF408E67DE758247EB098E.d.DE89254EA822E877CB3C859D7EB2C27A.e.6255/click - {}
RESULT: {}
COMMAND: GET /session/1d4a453559b0d20f8127ccadf842912f/screenshot - {}
RESULT: {}
COMMAND: POST /session/1d4a453559b0d20f8127ccadf842912f/element - {"using":"xpath","value":"//li[.//span[text()=\"defect\"]]"}
RESULT: {"using":"xpath","value":"//li[.//span[text()=\"defect\"]]"}
COMMAND: POST /session/1d4a453559b0d20f8127ccadf842912f/element/f.8BB5FC29C6DF408E67DE758247EB098E.d.DE89254EA822E877CB3C859D7EB2C27A.e.6256/click - {}
RESULT: {}
COMMAND: GET /session/1d4a453559b0d20f8127ccadf842912f/screenshot - {}
RESULT: {}
COMMAND: POST /session/1d4a453559b0d20f8127ccadf842912f/element - {"using":"xpath","value":"(//bdi[contains(text(), \"OK\")])[1]"}
RESULT: {"using":"xpath","value":"(//bdi[contains(text(), \"OK\")])[1]"}
COMMAND: POST /session/1d4a453559b0d20f8127ccadf842912f/element/f.8BB5FC29C6DF408E67DE758247EB098E.d.DE89254EA822E877CB3C859D7EB2C27A.e.6257/click - {}
RESULT: {}
COMMAND: GET /session/1d4a453559b0d20f8127ccadf842912f/screenshot - {}
RESULT: {}
COMMAND: POST /session/1d4a453559b0d20f8127ccadf842912f/element - {"using":"css selector","value":"div.sapMMessageBoxError"}
RESULT: {"using":"css selector","value":"div.sapMMessageBoxError"}
COMMAND: POST /session/1d4a453559b0d20f8127ccadf842912f/elements - {"using":"css selector","value":"div.sapMMessageBoxError"}
RESULT: {"using":"css selector","value":"div.sapMMessageBoxError"}
COMMAND: POST /session/1d4a453559b0d20f8127ccadf842912f/element - {"using":"xpath","value":"//div[contains(@class, \"sapMMessageBoxError\")]/section/div/div/span"}
RESULT: {"using":"xpath","value":"//div[contains(@class, \"sapMMessageBoxError\")]/section/div/div/span"}
COMMAND: POST /session/1d4a453559b0d20f8127ccadf842912f/execute/sync - {"script":"<script> [56 bytes]","args":[{"element-6066-11e4-a52e-4f735466cecf":"f.8BB5FC29C6DF408E67DE758247EB098E.d.DE89254EA822E877CB3C859D7EB2C27A.e.6260","ELEMENT":"f.8BB5FC29C6DF408E67DE758247EB098E.d.DE89254EA822E877CB3C859D7EB2C27A.e.6260"}]}
RESULT: {"script":"<script> [56 bytes]","args":[{"element-6066-11e4-a52e-4f735466cecf":"f.8BB5FC29C6DF408E67DE758247EB098E.d.DE89254EA822E877CB3C859D7EB2C27A.e.6260","ELEMENT":"f.8BB5FC29C6DF408E67DE758247EB098E.d.DE89254EA822E877CB3C859D7EB2C27A.e.6260"}]}
COMMAND: POST /session/1d4a453559b0d20f8127ccadf842912f/element - {"using":"xpath","value":"(//bdi[contains(text(), \"Close\")])[1]"}
COMMAND: GET /session/1d4a453559b0d20f8127ccadf842912f/screenshot - {}
RESULT: {"using":"xpath","value":"(//bdi[contains(text(), \"Close\")])[1]"}
COMMAND: POST /session/1d4a453559b0d20f8127ccadf842912f/element/f.8BB5FC29C6DF408E67DE758247EB098E.d.DE89254EA822E877CB3C859D7EB2C27A.e.6262/click - {}
RESULT: {}
RESULT: {}
COMMAND: GET /session/1d4a453559b0d20f8127ccadf842912f/screenshot - {}
RESULT: {}
RESULT: undefined
COMMAND: POST /session/1d4a453559b0d20f8127ccadf842912f/execute/async - {"script":"<script> [776 bytes]","args":[{"enterText":"05/01/25","selector":{"id":"application-ruinventorylist-display-component---Master--effectiveDate","searchOpenDialogs":true,"interaction":{"idSuffix":"inner"}},"clearTextFirst":true,"interactionType":"ENTER_TEXT"}]}
RESULT: {"script":"<script> [776 bytes]","args":[{"enterText":"05/01/25","selector":{"id":"application-ruinventorylist-display-component---Master--effectiveDate","searchOpenDialogs":true,"interaction":{"idSuffix":"inner"}},"clearTextFirst":true,"interactionType":"ENTER_TEXT"}]}
COMMAND: POST /session/1d4a453559b0d20f8127ccadf842912f/element - {"using":"xpath","value":"(//bdi[contains(text(), \"OK\")])[1]"}
RESULT: {"using":"xpath","value":"(//bdi[contains(text(), \"OK\")])[1]"}
COMMAND: POST /session/1d4a453559b0d20f8127ccadf842912f/element/f.8BB5FC29C6DF408E67DE758247EB098E.d.DE89254EA822E877CB3C859D7EB2C27A.e.6257/click - {}
RESULT: {}
COMMAND: GET /session/1d4a453559b0d20f8127ccadf842912f/screenshot - {}
RESULT: {}
COMMAND: POST /session/1d4a453559b0d20f8127ccadf842912f/element - {"using":"xpath","value":"(//bdi[contains(text(), \"OK\")])[2]"}
RESULT: {"using":"xpath","value":"(//bdi[contains(text(), \"OK\")])[2]"}
COMMAND: POST /session/1d4a453559b0d20f8127ccadf842912f/element/f.8BB5FC29C6DF408E67DE758247EB098E.d.DE89254EA822E877CB3C859D7EB2C27A.e.6311/click - {}
RESULT: {}
COMMAND: GET /session/1d4a453559b0d20f8127ccadf842912f/screenshot - {}
RESULT: {}
RESULT: undefined
COMMAND: POST /session/1d4a453559b0d20f8127ccadf842912f/execute/async - {"script":"<script> [776 bytes]","args":[{"enterText":"600002","selector":{"id":"application-ruinventorylist-display-component---Master--smartFilterBar-btnBasicSearch","interaction":{"idSuffix":"I"}},"clearTextFirst":true,"interactionType":"ENTER_TEXT"}]}
RESULT: {"script":"<script> [776 bytes]","args":[{"enterText":"600002","selector":{"id":"application-ruinventorylist-display-component---Master--smartFilterBar-btnBasicSearch","interaction":{"idSuffix":"I"}},"clearTextFirst":true,"interactionType":"ENTER_TEXT"}]}
COMMAND: POST /session/1d4a453559b0d20f8127ccadf842912f/actions - {"actions":[{"id":"action27","type":"key","parameters":{},"actions":[{"type":"keyDown","value":"î€‡"},{"type":"pause","duration":10},{"type":"keyUp","value":"î€‡"}]}]}
RESULT: {"actions":[{"id":"action27","type":"key","parameters":{},"actions":[{"type":"keyDown","value":"î€‡"},{"type":"pause","duration":10},{"type":"keyUp","value":"î€‡"}]}]}
COMMAND: GET /session/1d4a453559b0d20f8127ccadf842912f/screenshot - {}
RESULT: {}
COMMAND: POST /session/1d4a453559b0d20f8127ccadf842912f/element - {"using":"xpath","value":"//span[@id=\"application-ruinventorylist-display-component---Master--smartTableRuInventoryList-header-inner\"]"}
RESULT: {"using":"xpath","value":"//span[@id=\"application-ruinventorylist-display-component---Master--smartTableRuInventoryList-header-inner\"]"}
COMMAND: POST /session/1d4a453559b0d20f8127ccadf842912f/elements - {"using":"xpath","value":"//span[@id=\"application-ruinventorylist-display-component---Master--smartTableRuInventoryList-header-inner\"]"}
RESULT: {"using":"xpath","value":"//span[@id=\"application-ruinventorylist-display-component---Master--smartTableRuInventoryList-header-inner\"]"}
COMMAND: POST /session/1d4a453559b0d20f8127ccadf842912f/execute/sync - {"script":"<script> [56 bytes]","args":[{"element-6066-11e4-a52e-4f735466cecf":"f.8BB5FC29C6DF408E67DE758247EB098E.d.DE89254EA822E877CB3C859D7EB2C27A.e.5531","ELEMENT":"f.8BB5FC29C6DF408E67DE758247EB098E.d.DE89254EA822E877CB3C859D7EB2C27A.e.5531"}]}
RESULT: {"script":"<script> [56 bytes]","args":[{"element-6066-11e4-a52e-4f735466cecf":"f.8BB5FC29C6DF408E67DE758247EB098E.d.DE89254EA822E877CB3C859D7EB2C27A.e.5531","ELEMENT":"f.8BB5FC29C6DF408E67DE758247EB098E.d.DE89254EA822E877CB3C859D7EB2C27A.e.5531"}]}
COMMAND: POST /session/1d4a453559b0d20f8127ccadf842912f/element - {"using":"xpath","value":"//table[contains(@id, \"application-ruinventorylist-display-component---Master--tableRuInventoryList-listUl\")]/tbody/tr[1]/td[6]/div/span"}
COMMAND: GET /session/1d4a453559b0d20f8127ccadf842912f/screenshot - {}
RESULT: {"using":"xpath","value":"//table[contains(@id, \"application-ruinventorylist-display-component---Master--tableRuInventoryList-listUl\")]/tbody/tr[1]/td[6]/div/span"}
COMMAND: POST /session/1d4a453559b0d20f8127ccadf842912f/execute/sync - {"script":"<script> [56 bytes]","args":[{"element-6066-11e4-a52e-4f735466cecf":"f.8BB5FC29C6DF408E67DE758247EB098E.d.DE89254EA822E877CB3C859D7EB2C27A.e.6334","ELEMENT":"f.8BB5FC29C6DF408E67DE758247EB098E.d.DE89254EA822E877CB3C859D7EB2C27A.e.6334"}]}
RESULT: {}
RESULT: {"script":"<script> [56 bytes]","args":[{"element-6066-11e4-a52e-4f735466cecf":"f.8BB5FC29C6DF408E67DE758247EB098E.d.DE89254EA822E877CB3C859D7EB2C27A.e.6334","ELEMENT":"f.8BB5FC29C6DF408E67DE758247EB098E.d.DE89254EA822E877CB3C859D7EB2C27A.e.6334"}]}
COMMAND: POST /session/1d4a453559b0d20f8127ccadf842912f/element - {"using":"xpath","value":"//div[contains(@id, \"smartFilterBar-btnBasicSearch-reset\")]"}
COMMAND: GET /session/1d4a453559b0d20f8127ccadf842912f/screenshot - {}
RESULT: {"using":"xpath","value":"//div[contains(@id, \"smartFilterBar-btnBasicSearch-reset\")]"}
COMMAND: POST /session/1d4a453559b0d20f8127ccadf842912f/element/f.8BB5FC29C6DF408E67DE758247EB098E.d.DE89254EA822E877CB3C859D7EB2C27A.e.5549/click - {}
RESULT: {}
RESULT: {}
COMMAND: GET /session/1d4a453559b0d20f8127ccadf842912f/screenshot - {}
RESULT: {}
RESULT: undefined
COMMAND: POST /session/1d4a453559b0d20f8127ccadf842912f/execute/async - {"script":"<script> [776 bytes]","args":[{"enterText":"401002","selector":{"id":"application-ruinventorylist-display-component---Master--smartFilterBar-btnBasicSearch","interaction":{"idSuffix":"I"}},"clearTextFirst":true,"interactionType":"ENTER_TEXT"}]}
RESULT: {"script":"<script> [776 bytes]","args":[{"enterText":"401002","selector":{"id":"application-ruinventorylist-display-component---Master--smartFilterBar-btnBasicSearch","interaction":{"idSuffix":"I"}},"clearTextFirst":true,"interactionType":"ENTER_TEXT"}]}
COMMAND: POST /session/1d4a453559b0d20f8127ccadf842912f/actions - {"actions":[{"id":"action28","type":"key","parameters":{},"actions":[{"type":"keyDown","value":"î€‡"},{"type":"pause","duration":10},{"type":"keyUp","value":"î€‡"}]}]}
RESULT: {"actions":[{"id":"action28","type":"key","parameters":{},"actions":[{"type":"keyDown","value":"î€‡"},{"type":"pause","duration":10},{"type":"keyUp","value":"î€‡"}]}]}
COMMAND: GET /session/1d4a453559b0d20f8127ccadf842912f/screenshot - {}
RESULT: {}
COMMAND: POST /session/1d4a453559b0d20f8127ccadf842912f/element - {"using":"xpath","value":"//span[@id=\"application-ruinventorylist-display-component---Master--smartTableRuInventoryList-header-inner\"]"}
RESULT: {"using":"xpath","value":"//span[@id=\"application-ruinventorylist-display-component---Master--smartTableRuInventoryList-header-inner\"]"}
COMMAND: POST /session/1d4a453559b0d20f8127ccadf842912f/elements - {"using":"xpath","value":"//span[@id=\"application-ruinventorylist-display-component---Master--smartTableRuInventoryList-header-inner\"]"}
RESULT: {"using":"xpath","value":"//span[@id=\"application-ruinventorylist-display-component---Master--smartTableRuInventoryList-header-inner\"]"}
COMMAND: POST /session/1d4a453559b0d20f8127ccadf842912f/execute/sync - {"script":"<script> [56 bytes]","args":[{"element-6066-11e4-a52e-4f735466cecf":"f.8BB5FC29C6DF408E67DE758247EB098E.d.DE89254EA822E877CB3C859D7EB2C27A.e.5531","ELEMENT":"f.8BB5FC29C6DF408E67DE758247EB098E.d.DE89254EA822E877CB3C859D7EB2C27A.e.5531"}]}
RESULT: {"script":"<script> [56 bytes]","args":[{"element-6066-11e4-a52e-4f735466cecf":"f.8BB5FC29C6DF408E67DE758247EB098E.d.DE89254EA822E877CB3C859D7EB2C27A.e.5531","ELEMENT":"f.8BB5FC29C6DF408E67DE758247EB098E.d.DE89254EA822E877CB3C859D7EB2C27A.e.5531"}]}
COMMAND: POST /session/1d4a453559b0d20f8127ccadf842912f/element - {"using":"xpath","value":"//table[contains(@id, \"application-ruinventorylist-display-component---Master--tableRuInventoryList-listUl\")]/tbody/tr[1]/td[6]/div/span"}
COMMAND: GET /session/1d4a453559b0d20f8127ccadf842912f/screenshot - {}
RESULT: {"using":"xpath","value":"//table[contains(@id, \"application-ruinventorylist-display-component---Master--tableRuInventoryList-listUl\")]/tbody/tr[1]/td[6]/div/span"}
COMMAND: POST /session/1d4a453559b0d20f8127ccadf842912f/execute/sync - {"script":"<script> [56 bytes]","args":[{"element-6066-11e4-a52e-4f735466cecf":"f.8BB5FC29C6DF408E67DE758247EB098E.d.DE89254EA822E877CB3C859D7EB2C27A.e.6425","ELEMENT":"f.8BB5FC29C6DF408E67DE758247EB098E.d.DE89254EA822E877CB3C859D7EB2C27A.e.6425"}]}
RESULT: {}
RESULT: {"script":"<script> [56 bytes]","args":[{"element-6066-11e4-a52e-4f735466cecf":"f.8BB5FC29C6DF408E67DE758247EB098E.d.DE89254EA822E877CB3C859D7EB2C27A.e.6425","ELEMENT":"f.8BB5FC29C6DF408E67DE758247EB098E.d.DE89254EA822E877CB3C859D7EB2C27A.e.6425"}]}
COMMAND: POST /session/1d4a453559b0d20f8127ccadf842912f/element - {"using":"xpath","value":"//div[contains(@id, \"smartFilterBar-btnBasicSearch-reset\")]"}
COMMAND: GET /session/1d4a453559b0d20f8127ccadf842912f/screenshot - {}
RESULT: {"using":"xpath","value":"//div[contains(@id, \"smartFilterBar-btnBasicSearch-reset\")]"}
COMMAND: POST /session/1d4a453559b0d20f8127ccadf842912f/element/f.8BB5FC29C6DF408E67DE758247EB098E.d.DE89254EA822E877CB3C859D7EB2C27A.e.5549/click - {}
RESULT: {}
RESULT: {}
COMMAND: GET /session/1d4a453559b0d20f8127ccadf842912f/screenshot - {}
RESULT: {}
RESULT: undefined
COMMAND: POST /session/1d4a453559b0d20f8127ccadf842912f/execute/async - {"script":"<script> [776 bytes]","args":[{"enterText":"uicqZhPICg","selector":{"id":"application-ruinventorylist-display-component---Master--smartFilterBar-btnBasicSearch","interaction":{"idSuffix":"I"}},"clearTextFirst":true,"interactionType":"ENTER_TEXT"}]}
RESULT: {"script":"<script> [776 bytes]","args":[{"enterText":"uicqZhPICg","selector":{"id":"application-ruinventorylist-display-component---Master--smartFilterBar-btnBasicSearch","interaction":{"idSuffix":"I"}},"clearTextFirst":true,"interactionType":"ENTER_TEXT"}]}
COMMAND: POST /session/1d4a453559b0d20f8127ccadf842912f/actions - {"actions":[{"id":"action29","type":"key","parameters":{},"actions":[{"type":"keyDown","value":"î€‡"},{"type":"pause","duration":10},{"type":"keyUp","value":"î€‡"}]}]}
RESULT: {"actions":[{"id":"action29","type":"key","parameters":{},"actions":[{"type":"keyDown","value":"î€‡"},{"type":"pause","duration":10},{"type":"keyUp","value":"î€‡"}]}]}
COMMAND: GET /session/1d4a453559b0d20f8127ccadf842912f/screenshot - {}
RESULT: {}
COMMAND: POST /session/1d4a453559b0d20f8127ccadf842912f/element - {"using":"xpath","value":"//span[@id=\"application-ruinventorylist-display-component---Master--smartTableRuInventoryList-header-inner\"]"}
RESULT: {"using":"xpath","value":"//span[@id=\"application-ruinventorylist-display-component---Master--smartTableRuInventoryList-header-inner\"]"}
COMMAND: POST /session/1d4a453559b0d20f8127ccadf842912f/elements - {"using":"xpath","value":"//span[@id=\"application-ruinventorylist-display-component---Master--smartTableRuInventoryList-header-inner\"]"}
RESULT: {"using":"xpath","value":"//span[@id=\"application-ruinventorylist-display-component---Master--smartTableRuInventoryList-header-inner\"]"}
COMMAND: POST /session/1d4a453559b0d20f8127ccadf842912f/execute/sync - {"script":"<script> [56 bytes]","args":[{"element-6066-11e4-a52e-4f735466cecf":"f.8BB5FC29C6DF408E67DE758247EB098E.d.DE89254EA822E877CB3C859D7EB2C27A.e.5531","ELEMENT":"f.8BB5FC29C6DF408E67DE758247EB098E.d.DE89254EA822E877CB3C859D7EB2C27A.e.5531"}]}
RESULT: {"script":"<script> [56 bytes]","args":[{"element-6066-11e4-a52e-4f735466cecf":"f.8BB5FC29C6DF408E67DE758247EB098E.d.DE89254EA822E877CB3C859D7EB2C27A.e.5531","ELEMENT":"f.8BB5FC29C6DF408E67DE758247EB098E.d.DE89254EA822E877CB3C859D7EB2C27A.e.5531"}]}
COMMAND: POST /session/1d4a453559b0d20f8127ccadf842912f/element - {"using":"xpath","value":"//table[contains(@id, \"application-ruinventorylist-display-component---Master--tableRuInventoryList-listUl\")]/tbody/tr[1]/td[6]/div/span"}
COMMAND: GET /session/1d4a453559b0d20f8127ccadf842912f/screenshot - {}
RESULT: {"using":"xpath","value":"//table[contains(@id, \"application-ruinventorylist-display-component---Master--tableRuInventoryList-listUl\")]/tbody/tr[1]/td[6]/div/span"}
COMMAND: POST /session/1d4a453559b0d20f8127ccadf842912f/execute/sync - {"script":"<script> [56 bytes]","args":[{"element-6066-11e4-a52e-4f735466cecf":"f.8BB5FC29C6DF408E67DE758247EB098E.d.DE89254EA822E877CB3C859D7EB2C27A.e.6516","ELEMENT":"f.8BB5FC29C6DF408E67DE758247EB098E.d.DE89254EA822E877CB3C859D7EB2C27A.e.6516"}]}
RESULT: {}
RESULT: {"script":"<script> [56 bytes]","args":[{"element-6066-11e4-a52e-4f735466cecf":"f.8BB5FC29C6DF408E67DE758247EB098E.d.DE89254EA822E877CB3C859D7EB2C27A.e.6516","ELEMENT":"f.8BB5FC29C6DF408E67DE758247EB098E.d.DE89254EA822E877CB3C859D7EB2C27A.e.6516"}]}
COMMAND: POST /session/1d4a453559b0d20f8127ccadf842912f/element - {"using":"xpath","value":"//div[contains(@id, \"smartFilterBar-btnBasicSearch-reset\")]"}
COMMAND: GET /session/1d4a453559b0d20f8127ccadf842912f/screenshot - {}
RESULT: {"using":"xpath","value":"//div[contains(@id, \"smartFilterBar-btnBasicSearch-reset\")]"}
COMMAND: POST /session/1d4a453559b0d20f8127ccadf842912f/element/f.8BB5FC29C6DF408E67DE758247EB098E.d.DE89254EA822E877CB3C859D7EB2C27A.e.5549/click - {}
RESULT: {}
RESULT: {}
COMMAND: GET /session/1d4a453559b0d20f8127ccadf842912f/screenshot - {}
RESULT: {}
RESULT: undefined
COMMAND: POST /session/1d4a453559b0d20f8127ccadf842912f/execute/async - {"script":"<script> [776 bytes]","args":[{"enterText":"200259","selector":{"id":"application-ruinventorylist-display-component---Master--smartFilterBar-btnBasicSearch","interaction":{"idSuffix":"I"}},"clearTextFirst":true,"interactionType":"ENTER_TEXT"}]}
RESULT: {"script":"<script> [776 bytes]","args":[{"enterText":"200259","selector":{"id":"application-ruinventorylist-display-component---Master--smartFilterBar-btnBasicSearch","interaction":{"idSuffix":"I"}},"clearTextFirst":true,"interactionType":"ENTER_TEXT"}]}
COMMAND: POST /session/1d4a453559b0d20f8127ccadf842912f/actions - {"actions":[{"id":"action30","type":"key","parameters":{},"actions":[{"type":"keyDown","value":"î€‡"},{"type":"pause","duration":10},{"type":"keyUp","value":"î€‡"}]}]}
RESULT: {"actions":[{"id":"action30","type":"key","parameters":{},"actions":[{"type":"keyDown","value":"î€‡"},{"type":"pause","duration":10},{"type":"keyUp","value":"î€‡"}]}]}
COMMAND: GET /session/1d4a453559b0d20f8127ccadf842912f/screenshot - {}
RESULT: {}
COMMAND: POST /session/1d4a453559b0d20f8127ccadf842912f/element - {"using":"xpath","value":"//span[@id=\"application-ruinventorylist-display-component---Master--smartTableRuInventoryList-header-inner\"]"}
RESULT: {"using":"xpath","value":"//span[@id=\"application-ruinventorylist-display-component---Master--smartTableRuInventoryList-header-inner\"]"}
COMMAND: POST /session/1d4a453559b0d20f8127ccadf842912f/elements - {"using":"xpath","value":"//span[@id=\"application-ruinventorylist-display-component---Master--smartTableRuInventoryList-header-inner\"]"}
RESULT: {"using":"xpath","value":"//span[@id=\"application-ruinventorylist-display-component---Master--smartTableRuInventoryList-header-inner\"]"}
COMMAND: POST /session/1d4a453559b0d20f8127ccadf842912f/execute/sync - {"script":"<script> [56 bytes]","args":[{"element-6066-11e4-a52e-4f735466cecf":"f.8BB5FC29C6DF408E67DE758247EB098E.d.DE89254EA822E877CB3C859D7EB2C27A.e.5531","ELEMENT":"f.8BB5FC29C6DF408E67DE758247EB098E.d.DE89254EA822E877CB3C859D7EB2C27A.e.5531"}]}
RESULT: {"script":"<script> [56 bytes]","args":[{"element-6066-11e4-a52e-4f735466cecf":"f.8BB5FC29C6DF408E67DE758247EB098E.d.DE89254EA822E877CB3C859D7EB2C27A.e.5531","ELEMENT":"f.8BB5FC29C6DF408E67DE758247EB098E.d.DE89254EA822E877CB3C859D7EB2C27A.e.5531"}]}
COMMAND: POST /session/1d4a453559b0d20f8127ccadf842912f/element - {"using":"xpath","value":"//table[contains(@id, \"application-ruinventorylist-display-component---Master--tableRuInventoryList-listUl\")]/tbody/tr[1]/td[6]/div/span"}
COMMAND: GET /session/1d4a453559b0d20f8127ccadf842912f/screenshot - {}
RESULT: {"using":"xpath","value":"//table[contains(@id, \"application-ruinventorylist-display-component---Master--tableRuInventoryList-listUl\")]/tbody/tr[1]/td[6]/div/span"}
COMMAND: POST /session/1d4a453559b0d20f8127ccadf842912f/execute/sync - {"script":"<script> [56 bytes]","args":[{"element-6066-11e4-a52e-4f735466cecf":"f.8BB5FC29C6DF408E67DE758247EB098E.d.DE89254EA822E877CB3C859D7EB2C27A.e.6608","ELEMENT":"f.8BB5FC29C6DF408E67DE758247EB098E.d.DE89254EA822E877CB3C859D7EB2C27A.e.6608"}]}
RESULT: {}
RESULT: {"script":"<script> [56 bytes]","args":[{"element-6066-11e4-a52e-4f735466cecf":"f.8BB5FC29C6DF408E67DE758247EB098E.d.DE89254EA822E877CB3C859D7EB2C27A.e.6608","ELEMENT":"f.8BB5FC29C6DF408E67DE758247EB098E.d.DE89254EA822E877CB3C859D7EB2C27A.e.6608"}]}
COMMAND: POST /session/1d4a453559b0d20f8127ccadf842912f/element - {"using":"xpath","value":"//div[contains(@id, \"smartFilterBar-btnBasicSearch-reset\")]"}
COMMAND: GET /session/1d4a453559b0d20f8127ccadf842912f/screenshot - {}
RESULT: {"using":"xpath","value":"//div[contains(@id, \"smartFilterBar-btnBasicSearch-reset\")]"}
COMMAND: POST /session/1d4a453559b0d20f8127ccadf842912f/element/f.8BB5FC29C6DF408E67DE758247EB098E.d.DE89254EA822E877CB3C859D7EB2C27A.e.5549/click - {}
RESULT: {}
RESULT: {}
COMMAND: GET /session/1d4a453559b0d20f8127ccadf842912f/screenshot - {}
RESULT: {}
COMMAND: POST /session/1d4a453559b0d20f8127ccadf842912f/element/f.8BB5FC29C6DF408E67DE758247EB098E.d.DE89254EA822E877CB3C859D7EB2C27A.e.4944/click - {}
RESULT: {}
COMMAND: GET /session/1d4a453559b0d20f8127ccadf842912f/screenshot - {}
RESULT: {}
RESULT: undefined
COMMAND: POST /session/1d4a453559b0d20f8127ccadf842912f/execute/async - {"script":"<script> [776 bytes]","args":[{"enterText":"600002","selector":{"id":"application-ruinventorylist-display-component---Master--smartFilterBar-btnBasicSearch","interaction":{"idSuffix":"I"}},"clearTextFirst":true,"interactionType":"ENTER_TEXT"}]}
RESULT: {"script":"<script> [776 bytes]","args":[{"enterText":"600002","selector":{"id":"application-ruinventorylist-display-component---Master--smartFilterBar-btnBasicSearch","interaction":{"idSuffix":"I"}},"clearTextFirst":true,"interactionType":"ENTER_TEXT"}]}
COMMAND: POST /session/1d4a453559b0d20f8127ccadf842912f/actions - {"actions":[{"id":"action31","type":"key","parameters":{},"actions":[{"type":"keyDown","value":"î€‡"},{"type":"pause","duration":10},{"type":"keyUp","value":"î€‡"}]}]}
RESULT: {"actions":[{"id":"action31","type":"key","parameters":{},"actions":[{"type":"keyDown","value":"î€‡"},{"type":"pause","duration":10},{"type":"keyUp","value":"î€‡"}]}]}
COMMAND: GET /session/1d4a453559b0d20f8127ccadf842912f/screenshot - {}
RESULT: {}
COMMAND: POST /session/1d4a453559b0d20f8127ccadf842912f/element - {"using":"xpath","value":"//span[@id=\"application-ruinventorylist-display-component---Master--smartTableRuInventoryList-header-inner\"]"}
RESULT: {"using":"xpath","value":"//span[@id=\"application-ruinventorylist-display-component---Master--smartTableRuInventoryList-header-inner\"]"}
COMMAND: POST /session/1d4a453559b0d20f8127ccadf842912f/elements - {"using":"xpath","value":"//span[@id=\"application-ruinventorylist-display-component---Master--smartTableRuInventoryList-header-inner\"]"}
RESULT: {"using":"xpath","value":"//span[@id=\"application-ruinventorylist-display-component---Master--smartTableRuInventoryList-header-inner\"]"}
COMMAND: POST /session/1d4a453559b0d20f8127ccadf842912f/execute/sync - {"script":"<script> [56 bytes]","args":[{"element-6066-11e4-a52e-4f735466cecf":"f.8BB5FC29C6DF408E67DE758247EB098E.d.DE89254EA822E877CB3C859D7EB2C27A.e.5531","ELEMENT":"f.8BB5FC29C6DF408E67DE758247EB098E.d.DE89254EA822E877CB3C859D7EB2C27A.e.5531"}]}
RESULT: {"script":"<script> [56 bytes]","args":[{"element-6066-11e4-a52e-4f735466cecf":"f.8BB5FC29C6DF408E67DE758247EB098E.d.DE89254EA822E877CB3C859D7EB2C27A.e.5531","ELEMENT":"f.8BB5FC29C6DF408E67DE758247EB098E.d.DE89254EA822E877CB3C859D7EB2C27A.e.5531"}]}
COMMAND: POST /session/1d4a453559b0d20f8127ccadf842912f/element - {"using":"xpath","value":"//table[contains(@id, \"application-ruinventorylist-display-component---Master--tableRuInventoryList-listUl\")]/tbody/tr[1]/td[2]/div/div"}
COMMAND: GET /session/1d4a453559b0d20f8127ccadf842912f/screenshot - {}
RESULT: {"using":"xpath","value":"//table[contains(@id, \"application-ruinventorylist-display-component---Master--tableRuInventoryList-listUl\")]/tbody/tr[1]/td[2]/div/div"}
COMMAND: POST /session/1d4a453559b0d20f8127ccadf842912f/element/f.8BB5FC29C6DF408E67DE758247EB098E.d.DE89254EA822E877CB3C859D7EB2C27A.e.6881/click - {}
RESULT: {}
RESULT: {}
COMMAND: GET /session/1d4a453559b0d20f8127ccadf842912f/screenshot - {}
RESULT: {}
COMMAND: POST /session/1d4a453559b0d20f8127ccadf842912f/element - {"using":"xpath","value":"//div[contains(@id, \"smartFilterBar-btnBasicSearch-reset\")]"}
RESULT: {"using":"xpath","value":"//div[contains(@id, \"smartFilterBar-btnBasicSearch-reset\")]"}
COMMAND: POST /session/1d4a453559b0d20f8127ccadf842912f/element/f.8BB5FC29C6DF408E67DE758247EB098E.d.DE89254EA822E877CB3C859D7EB2C27A.e.5549/click - {}
RESULT: {}
COMMAND: GET /session/1d4a453559b0d20f8127ccadf842912f/screenshot - {}
RESULT: {}
RESULT: undefined
COMMAND: POST /session/1d4a453559b0d20f8127ccadf842912f/execute/async - {"script":"<script> [776 bytes]","args":[{"enterText":"401002","selector":{"id":"application-ruinventorylist-display-component---Master--smartFilterBar-btnBasicSearch","interaction":{"idSuffix":"I"}},"clearTextFirst":true,"interactionType":"ENTER_TEXT"}]}
RESULT: {"script":"<script> [776 bytes]","args":[{"enterText":"401002","selector":{"id":"application-ruinventorylist-display-component---Master--smartFilterBar-btnBasicSearch","interaction":{"idSuffix":"I"}},"clearTextFirst":true,"interactionType":"ENTER_TEXT"}]}
COMMAND: POST /session/1d4a453559b0d20f8127ccadf842912f/actions - {"actions":[{"id":"action32","type":"key","parameters":{},"actions":[{"type":"keyDown","value":"î€‡"},{"type":"pause","duration":10},{"type":"keyUp","value":"î€‡"}]}]}
RESULT: {"actions":[{"id":"action32","type":"key","parameters":{},"actions":[{"type":"keyDown","value":"î€‡"},{"type":"pause","duration":10},{"type":"keyUp","value":"î€‡"}]}]}
COMMAND: GET /session/1d4a453559b0d20f8127ccadf842912f/screenshot - {}
RESULT: {}
COMMAND: POST /session/1d4a453559b0d20f8127ccadf842912f/element - {"using":"xpath","value":"//span[@id=\"application-ruinventorylist-display-component---Master--smartTableRuInventoryList-header-inner\"]"}
RESULT: {"using":"xpath","value":"//span[@id=\"application-ruinventorylist-display-component---Master--smartTableRuInventoryList-header-inner\"]"}
COMMAND: POST /session/1d4a453559b0d20f8127ccadf842912f/elements - {"using":"xpath","value":"//span[@id=\"application-ruinventorylist-display-component---Master--smartTableRuInventoryList-header-inner\"]"}
RESULT: {"using":"xpath","value":"//span[@id=\"application-ruinventorylist-display-component---Master--smartTableRuInventoryList-header-inner\"]"}
COMMAND: POST /session/1d4a453559b0d20f8127ccadf842912f/execute/sync - {"script":"<script> [56 bytes]","args":[{"element-6066-11e4-a52e-4f735466cecf":"f.8BB5FC29C6DF408E67DE758247EB098E.d.DE89254EA822E877CB3C859D7EB2C27A.e.5531","ELEMENT":"f.8BB5FC29C6DF408E67DE758247EB098E.d.DE89254EA822E877CB3C859D7EB2C27A.e.5531"}]}
RESULT: {"script":"<script> [56 bytes]","args":[{"element-6066-11e4-a52e-4f735466cecf":"f.8BB5FC29C6DF408E67DE758247EB098E.d.DE89254EA822E877CB3C859D7EB2C27A.e.5531","ELEMENT":"f.8BB5FC29C6DF408E67DE758247EB098E.d.DE89254EA822E877CB3C859D7EB2C27A.e.5531"}]}
COMMAND: POST /session/1d4a453559b0d20f8127ccadf842912f/element - {"using":"xpath","value":"//table[contains(@id, \"application-ruinventorylist-display-component---Master--tableRuInventoryList-listUl\")]/tbody/tr[1]/td[2]/div/div"}
COMMAND: GET /session/1d4a453559b0d20f8127ccadf842912f/screenshot - {}
RESULT: {"using":"xpath","value":"//table[contains(@id, \"application-ruinventorylist-display-component---Master--tableRuInventoryList-listUl\")]/tbody/tr[1]/td[2]/div/div"}
COMMAND: POST /session/1d4a453559b0d20f8127ccadf842912f/element/f.8BB5FC29C6DF408E67DE758247EB098E.d.DE89254EA822E877CB3C859D7EB2C27A.e.7052/click - {}
RESULT: {}
RESULT: {}
COMMAND: GET /session/1d4a453559b0d20f8127ccadf842912f/screenshot - {}
RESULT: {}
COMMAND: POST /session/1d4a453559b0d20f8127ccadf842912f/element - {"using":"xpath","value":"//div[contains(@id, \"smartFilterBar-btnBasicSearch-reset\")]"}
RESULT: {"using":"xpath","value":"//div[contains(@id, \"smartFilterBar-btnBasicSearch-reset\")]"}
COMMAND: POST /session/1d4a453559b0d20f8127ccadf842912f/element/f.8BB5FC29C6DF408E67DE758247EB098E.d.DE89254EA822E877CB3C859D7EB2C27A.e.5549/click - {}
RESULT: {}
COMMAND: GET /session/1d4a453559b0d20f8127ccadf842912f/screenshot - {}
RESULT: {}
RESULT: undefined
COMMAND: POST /session/1d4a453559b0d20f8127ccadf842912f/execute/async - {"script":"<script> [776 bytes]","args":[{"enterText":"uicqZhPICg","selector":{"id":"application-ruinventorylist-display-component---Master--smartFilterBar-btnBasicSearch","interaction":{"idSuffix":"I"}},"clearTextFirst":true,"interactionType":"ENTER_TEXT"}]}
RESULT: {"script":"<script> [776 bytes]","args":[{"enterText":"uicqZhPICg","selector":{"id":"application-ruinventorylist-display-component---Master--smartFilterBar-btnBasicSearch","interaction":{"idSuffix":"I"}},"clearTextFirst":true,"interactionType":"ENTER_TEXT"}]}
COMMAND: POST /session/1d4a453559b0d20f8127ccadf842912f/actions - {"actions":[{"id":"action33","type":"key","parameters":{},"actions":[{"type":"keyDown","value":"î€‡"},{"type":"pause","duration":10},{"type":"keyUp","value":"î€‡"}]}]}
RESULT: {"actions":[{"id":"action33","type":"key","parameters":{},"actions":[{"type":"keyDown","value":"î€‡"},{"type":"pause","duration":10},{"type":"keyUp","value":"î€‡"}]}]}
COMMAND: GET /session/1d4a453559b0d20f8127ccadf842912f/screenshot - {}
RESULT: {}
COMMAND: POST /session/1d4a453559b0d20f8127ccadf842912f/element - {"using":"xpath","value":"//span[@id=\"application-ruinventorylist-display-component---Master--smartTableRuInventoryList-header-inner\"]"}
RESULT: {"using":"xpath","value":"//span[@id=\"application-ruinventorylist-display-component---Master--smartTableRuInventoryList-header-inner\"]"}
COMMAND: POST /session/1d4a453559b0d20f8127ccadf842912f/elements - {"using":"xpath","value":"//span[@id=\"application-ruinventorylist-display-component---Master--smartTableRuInventoryList-header-inner\"]"}
RESULT: {"using":"xpath","value":"//span[@id=\"application-ruinventorylist-display-component---Master--smartTableRuInventoryList-header-inner\"]"}
COMMAND: POST /session/1d4a453559b0d20f8127ccadf842912f/execute/sync - {"script":"<script> [56 bytes]","args":[{"element-6066-11e4-a52e-4f735466cecf":"f.8BB5FC29C6DF408E67DE758247EB098E.d.DE89254EA822E877CB3C859D7EB2C27A.e.5531","ELEMENT":"f.8BB5FC29C6DF408E67DE758247EB098E.d.DE89254EA822E877CB3C859D7EB2C27A.e.5531"}]}
RESULT: {"script":"<script> [56 bytes]","args":[{"element-6066-11e4-a52e-4f735466cecf":"f.8BB5FC29C6DF408E67DE758247EB098E.d.DE89254EA822E877CB3C859D7EB2C27A.e.5531","ELEMENT":"f.8BB5FC29C6DF408E67DE758247EB098E.d.DE89254EA822E877CB3C859D7EB2C27A.e.5531"}]}
COMMAND: POST /session/1d4a453559b0d20f8127ccadf842912f/element - {"using":"xpath","value":"//table[contains(@id, \"application-ruinventorylist-display-component---Master--tableRuInventoryList-listUl\")]/tbody/tr[1]/td[2]/div/div"}
COMMAND: GET /session/1d4a453559b0d20f8127ccadf842912f/screenshot - {}
RESULT: {"using":"xpath","value":"//table[contains(@id, \"application-ruinventorylist-display-component---Master--tableRuInventoryList-listUl\")]/tbody/tr[1]/td[2]/div/div"}
COMMAND: POST /session/1d4a453559b0d20f8127ccadf842912f/element/f.8BB5FC29C6DF408E67DE758247EB098E.d.DE89254EA822E877CB3C859D7EB2C27A.e.7219/click - {}
RESULT: {}
RESULT: {}
COMMAND: GET /session/1d4a453559b0d20f8127ccadf842912f/screenshot - {}
RESULT: {}
COMMAND: POST /session/1d4a453559b0d20f8127ccadf842912f/element - {"using":"xpath","value":"//div[contains(@id, \"smartFilterBar-btnBasicSearch-reset\")]"}
RESULT: {"using":"xpath","value":"//div[contains(@id, \"smartFilterBar-btnBasicSearch-reset\")]"}
COMMAND: POST /session/1d4a453559b0d20f8127ccadf842912f/element/f.8BB5FC29C6DF408E67DE758247EB098E.d.DE89254EA822E877CB3C859D7EB2C27A.e.5549/click - {}
RESULT: {}
COMMAND: GET /session/1d4a453559b0d20f8127ccadf842912f/screenshot - {}
RESULT: {}
RESULT: undefined
COMMAND: POST /session/1d4a453559b0d20f8127ccadf842912f/execute/async - {"script":"<script> [776 bytes]","args":[{"enterText":"200259","selector":{"id":"application-ruinventorylist-display-component---Master--smartFilterBar-btnBasicSearch","interaction":{"idSuffix":"I"}},"clearTextFirst":true,"interactionType":"ENTER_TEXT"}]}
RESULT: {"script":"<script> [776 bytes]","args":[{"enterText":"200259","selector":{"id":"application-ruinventorylist-display-component---Master--smartFilterBar-btnBasicSearch","interaction":{"idSuffix":"I"}},"clearTextFirst":true,"interactionType":"ENTER_TEXT"}]}
COMMAND: POST /session/1d4a453559b0d20f8127ccadf842912f/actions - {"actions":[{"id":"action34","type":"key","parameters":{},"actions":[{"type":"keyDown","value":"î€‡"},{"type":"pause","duration":10},{"type":"keyUp","value":"î€‡"}]}]}
RESULT: {"actions":[{"id":"action34","type":"key","parameters":{},"actions":[{"type":"keyDown","value":"î€‡"},{"type":"pause","duration":10},{"type":"keyUp","value":"î€‡"}]}]}
COMMAND: GET /session/1d4a453559b0d20f8127ccadf842912f/screenshot - {}
RESULT: {}
COMMAND: POST /session/1d4a453559b0d20f8127ccadf842912f/element - {"using":"xpath","value":"//span[@id=\"application-ruinventorylist-display-component---Master--smartTableRuInventoryList-header-inner\"]"}
RESULT: {"using":"xpath","value":"//span[@id=\"application-ruinventorylist-display-component---Master--smartTableRuInventoryList-header-inner\"]"}
COMMAND: POST /session/1d4a453559b0d20f8127ccadf842912f/elements - {"using":"xpath","value":"//span[@id=\"application-ruinventorylist-display-component---Master--smartTableRuInventoryList-header-inner\"]"}
RESULT: {"using":"xpath","value":"//span[@id=\"application-ruinventorylist-display-component---Master--smartTableRuInventoryList-header-inner\"]"}
COMMAND: POST /session/1d4a453559b0d20f8127ccadf842912f/execute/sync - {"script":"<script> [56 bytes]","args":[{"element-6066-11e4-a52e-4f735466cecf":"f.8BB5FC29C6DF408E67DE758247EB098E.d.DE89254EA822E877CB3C859D7EB2C27A.e.5531","ELEMENT":"f.8BB5FC29C6DF408E67DE758247EB098E.d.DE89254EA822E877CB3C859D7EB2C27A.e.5531"}]}
RESULT: {"script":"<script> [56 bytes]","args":[{"element-6066-11e4-a52e-4f735466cecf":"f.8BB5FC29C6DF408E67DE758247EB098E.d.DE89254EA822E877CB3C859D7EB2C27A.e.5531","ELEMENT":"f.8BB5FC29C6DF408E67DE758247EB098E.d.DE89254EA822E877CB3C859D7EB2C27A.e.5531"}]}
COMMAND: POST /session/1d4a453559b0d20f8127ccadf842912f/element - {"using":"xpath","value":"//table[contains(@id, \"application-ruinventorylist-display-component---Master--tableRuInventoryList-listUl\")]/tbody/tr[1]/td[2]/div/div"}
COMMAND: GET /session/1d4a453559b0d20f8127ccadf842912f/screenshot - {}
RESULT: {"using":"xpath","value":"//table[contains(@id, \"application-ruinventorylist-display-component---Master--tableRuInventoryList-listUl\")]/tbody/tr[1]/td[2]/div/div"}
COMMAND: POST /session/1d4a453559b0d20f8127ccadf842912f/element/f.8BB5FC29C6DF408E67DE758247EB098E.d.DE89254EA822E877CB3C859D7EB2C27A.e.7387/click - {}
RESULT: {}
RESULT: {}
COMMAND: GET /session/1d4a453559b0d20f8127ccadf842912f/screenshot - {}
RESULT: {}
COMMAND: POST /session/1d4a453559b0d20f8127ccadf842912f/element - {"using":"xpath","value":"//div[contains(@id, \"smartFilterBar-btnBasicSearch-reset\")]"}
RESULT: {"using":"xpath","value":"//div[contains(@id, \"smartFilterBar-btnBasicSearch-reset\")]"}
COMMAND: POST /session/1d4a453559b0d20f8127ccadf842912f/element/f.8BB5FC29C6DF408E67DE758247EB098E.d.DE89254EA822E877CB3C859D7EB2C27A.e.5549/click - {}
RESULT: {}
COMMAND: GET /session/1d4a453559b0d20f8127ccadf842912f/screenshot - {}
RESULT: {}
COMMAND: POST /session/1d4a453559b0d20f8127ccadf842912f/element/f.8BB5FC29C6DF408E67DE758247EB098E.d.DE89254EA822E877CB3C859D7EB2C27A.e.4944/click - {}
RESULT: {}
COMMAND: GET /session/1d4a453559b0d20f8127ccadf842912f/screenshot - {}
RESULT: {}
RESULT: undefined
COMMAND: POST /session/1d4a453559b0d20f8127ccadf842912f/element - {"using":"xpath","value":"//*[@id=\"application-ruinventorylist-display-component---Master--ruStateTypes-arrow\"]"}
RESULT: {"using":"xpath","value":"//*[@id=\"application-ruinventorylist-display-component---Master--ruStateTypes-arrow\"]"}
COMMAND: POST /session/1d4a453559b0d20f8127ccadf842912f/element/f.8BB5FC29C6DF408E67DE758247EB098E.d.DE89254EA822E877CB3C859D7EB2C27A.e.7580/click - {}
RESULT: {}
COMMAND: GET /session/1d4a453559b0d20f8127ccadf842912f/screenshot - {}
RESULT: {}
COMMAND: POST /session/1d4a453559b0d20f8127ccadf842912f/element - {"using":"xpath","value":"//li[.//span[text()=\"available\"]]"}
RESULT: {"using":"xpath","value":"//li[.//span[text()=\"available\"]]"}
COMMAND: POST /session/1d4a453559b0d20f8127ccadf842912f/element/f.8BB5FC29C6DF408E67DE758247EB098E.d.DE89254EA822E877CB3C859D7EB2C27A.e.7581/click - {}
RESULT: {}
COMMAND: GET /session/1d4a453559b0d20f8127ccadf842912f/screenshot - {}
RESULT: {}
COMMAND: POST /session/1d4a453559b0d20f8127ccadf842912f/element - {"using":"xpath","value":"(//bdi[contains(text(), \"OK\")])[1]"}
RESULT: {"using":"xpath","value":"(//bdi[contains(text(), \"OK\")])[1]"}
COMMAND: POST /session/1d4a453559b0d20f8127ccadf842912f/element/f.8BB5FC29C6DF408E67DE758247EB098E.d.DE89254EA822E877CB3C859D7EB2C27A.e.7582/click - {}
RESULT: {}
COMMAND: GET /session/1d4a453559b0d20f8127ccadf842912f/screenshot - {}
RESULT: {}
COMMAND: POST /session/1d4a453559b0d20f8127ccadf842912f/element - {"using":"xpath","value":"(//bdi[contains(text(), \"OK\")])[2]"}
RESULT: {"using":"xpath","value":"(//bdi[contains(text(), \"OK\")])[2]"}
COMMAND: POST /session/1d4a453559b0d20f8127ccadf842912f/element/f.8BB5FC29C6DF408E67DE758247EB098E.d.DE89254EA822E877CB3C859D7EB2C27A.e.7587/click - {}
RESULT: {}
COMMAND: GET /session/1d4a453559b0d20f8127ccadf842912f/screenshot - {}
RESULT: {}
RESULT: undefined
COMMAND: POST /session/1d4a453559b0d20f8127ccadf842912f/execute/async - {"script":"<script> [776 bytes]","args":[{"enterText":"600002","selector":{"id":"application-ruinventorylist-display-component---Master--smartFilterBar-btnBasicSearch","interaction":{"idSuffix":"I"}},"clearTextFirst":true,"interactionType":"ENTER_TEXT"}]}
RESULT: {"script":"<script> [776 bytes]","args":[{"enterText":"600002","selector":{"id":"application-ruinventorylist-display-component---Master--smartFilterBar-btnBasicSearch","interaction":{"idSuffix":"I"}},"clearTextFirst":true,"interactionType":"ENTER_TEXT"}]}
COMMAND: POST /session/1d4a453559b0d20f8127ccadf842912f/actions - {"actions":[{"id":"action35","type":"key","parameters":{},"actions":[{"type":"keyDown","value":"î€‡"},{"type":"pause","duration":10},{"type":"keyUp","value":"î€‡"}]}]}
RESULT: {"actions":[{"id":"action35","type":"key","parameters":{},"actions":[{"type":"keyDown","value":"î€‡"},{"type":"pause","duration":10},{"type":"keyUp","value":"î€‡"}]}]}
COMMAND: GET /session/1d4a453559b0d20f8127ccadf842912f/screenshot - {}
RESULT: {}
COMMAND: POST /session/1d4a453559b0d20f8127ccadf842912f/element - {"using":"xpath","value":"//span[@id=\"application-ruinventorylist-display-component---Master--smartTableRuInventoryList-header-inner\"]"}
RESULT: {"using":"xpath","value":"//span[@id=\"application-ruinventorylist-display-component---Master--smartTableRuInventoryList-header-inner\"]"}
COMMAND: POST /session/1d4a453559b0d20f8127ccadf842912f/elements - {"using":"xpath","value":"//span[@id=\"application-ruinventorylist-display-component---Master--smartTableRuInventoryList-header-inner\"]"}
RESULT: {"using":"xpath","value":"//span[@id=\"application-ruinventorylist-display-component---Master--smartTableRuInventoryList-header-inner\"]"}
COMMAND: POST /session/1d4a453559b0d20f8127ccadf842912f/execute/sync - {"script":"<script> [56 bytes]","args":[{"element-6066-11e4-a52e-4f735466cecf":"f.8BB5FC29C6DF408E67DE758247EB098E.d.DE89254EA822E877CB3C859D7EB2C27A.e.5531","ELEMENT":"f.8BB5FC29C6DF408E67DE758247EB098E.d.DE89254EA822E877CB3C859D7EB2C27A.e.5531"}]}
RESULT: {"script":"<script> [56 bytes]","args":[{"element-6066-11e4-a52e-4f735466cecf":"f.8BB5FC29C6DF408E67DE758247EB098E.d.DE89254EA822E877CB3C859D7EB2C27A.e.5531","ELEMENT":"f.8BB5FC29C6DF408E67DE758247EB098E.d.DE89254EA822E877CB3C859D7EB2C27A.e.5531"}]}
COMMAND: POST /session/1d4a453559b0d20f8127ccadf842912f/element - {"using":"xpath","value":"//table[contains(@id, \"application-ruinventorylist-display-component---Master--tableRuInventoryList-listUl\")]/tbody/tr[1]/td[6]/div/span"}
COMMAND: GET /session/1d4a453559b0d20f8127ccadf842912f/screenshot - {}
RESULT: {"using":"xpath","value":"//table[contains(@id, \"application-ruinventorylist-display-component---Master--tableRuInventoryList-listUl\")]/tbody/tr[1]/td[6]/div/span"}
COMMAND: POST /session/1d4a453559b0d20f8127ccadf842912f/execute/sync - {"script":"<script> [56 bytes]","args":[{"element-6066-11e4-a52e-4f735466cecf":"f.8BB5FC29C6DF408E67DE758247EB098E.d.DE89254EA822E877CB3C859D7EB2C27A.e.7608","ELEMENT":"f.8BB5FC29C6DF408E67DE758247EB098E.d.DE89254EA822E877CB3C859D7EB2C27A.e.7608"}]}
RESULT: {}
RESULT: {"script":"<script> [56 bytes]","args":[{"element-6066-11e4-a52e-4f735466cecf":"f.8BB5FC29C6DF408E67DE758247EB098E.d.DE89254EA822E877CB3C859D7EB2C27A.e.7608","ELEMENT":"f.8BB5FC29C6DF408E67DE758247EB098E.d.DE89254EA822E877CB3C859D7EB2C27A.e.7608"}]}
COMMAND: POST /session/1d4a453559b0d20f8127ccadf842912f/element - {"using":"xpath","value":"//div[contains(@id, \"smartFilterBar-btnBasicSearch-reset\")]"}
COMMAND: GET /session/1d4a453559b0d20f8127ccadf842912f/screenshot - {}
RESULT: {"using":"xpath","value":"//div[contains(@id, \"smartFilterBar-btnBasicSearch-reset\")]"}
COMMAND: POST /session/1d4a453559b0d20f8127ccadf842912f/element/f.8BB5FC29C6DF408E67DE758247EB098E.d.DE89254EA822E877CB3C859D7EB2C27A.e.5549/click - {}
RESULT: {}
RESULT: {}
COMMAND: GET /session/1d4a453559b0d20f8127ccadf842912f/screenshot - {}
RESULT: {}
RESULT: undefined
COMMAND: POST /session/1d4a453559b0d20f8127ccadf842912f/execute/async - {"script":"<script> [776 bytes]","args":[{"enterText":"401002","selector":{"id":"application-ruinventorylist-display-component---Master--smartFilterBar-btnBasicSearch","interaction":{"idSuffix":"I"}},"clearTextFirst":true,"interactionType":"ENTER_TEXT"}]}
RESULT: {"script":"<script> [776 bytes]","args":[{"enterText":"401002","selector":{"id":"application-ruinventorylist-display-component---Master--smartFilterBar-btnBasicSearch","interaction":{"idSuffix":"I"}},"clearTextFirst":true,"interactionType":"ENTER_TEXT"}]}
COMMAND: POST /session/1d4a453559b0d20f8127ccadf842912f/actions - {"actions":[{"id":"action36","type":"key","parameters":{},"actions":[{"type":"keyDown","value":"î€‡"},{"type":"pause","duration":10},{"type":"keyUp","value":"î€‡"}]}]}
RESULT: {"actions":[{"id":"action36","type":"key","parameters":{},"actions":[{"type":"keyDown","value":"î€‡"},{"type":"pause","duration":10},{"type":"keyUp","value":"î€‡"}]}]}
COMMAND: GET /session/1d4a453559b0d20f8127ccadf842912f/screenshot - {}
RESULT: {}
COMMAND: POST /session/1d4a453559b0d20f8127ccadf842912f/element - {"using":"xpath","value":"//span[@id=\"application-ruinventorylist-display-component---Master--smartTableRuInventoryList-header-inner\"]"}
RESULT: {"using":"xpath","value":"//span[@id=\"application-ruinventorylist-display-component---Master--smartTableRuInventoryList-header-inner\"]"}
COMMAND: POST /session/1d4a453559b0d20f8127ccadf842912f/elements - {"using":"xpath","value":"//span[@id=\"application-ruinventorylist-display-component---Master--smartTableRuInventoryList-header-inner\"]"}
RESULT: {"using":"xpath","value":"//span[@id=\"application-ruinventorylist-display-component---Master--smartTableRuInventoryList-header-inner\"]"}
COMMAND: POST /session/1d4a453559b0d20f8127ccadf842912f/execute/sync - {"script":"<script> [56 bytes]","args":[{"element-6066-11e4-a52e-4f735466cecf":"f.8BB5FC29C6DF408E67DE758247EB098E.d.DE89254EA822E877CB3C859D7EB2C27A.e.5531","ELEMENT":"f.8BB5FC29C6DF408E67DE758247EB098E.d.DE89254EA822E877CB3C859D7EB2C27A.e.5531"}]}
RESULT: {"script":"<script> [56 bytes]","args":[{"element-6066-11e4-a52e-4f735466cecf":"f.8BB5FC29C6DF408E67DE758247EB098E.d.DE89254EA822E877CB3C859D7EB2C27A.e.5531","ELEMENT":"f.8BB5FC29C6DF408E67DE758247EB098E.d.DE89254EA822E877CB3C859D7EB2C27A.e.5531"}]}
COMMAND: POST /session/1d4a453559b0d20f8127ccadf842912f/element - {"using":"xpath","value":"//table[contains(@id, \"application-ruinventorylist-display-component---Master--tableRuInventoryList-listUl\")]/tbody/tr[1]/td[6]/div/span"}
COMMAND: GET /session/1d4a453559b0d20f8127ccadf842912f/screenshot - {}
RESULT: {"using":"xpath","value":"//table[contains(@id, \"application-ruinventorylist-display-component---Master--tableRuInventoryList-listUl\")]/tbody/tr[1]/td[6]/div/span"}
COMMAND: POST /session/1d4a453559b0d20f8127ccadf842912f/execute/sync - {"script":"<script> [56 bytes]","args":[{"element-6066-11e4-a52e-4f735466cecf":"f.8BB5FC29C6DF408E67DE758247EB098E.d.DE89254EA822E877CB3C859D7EB2C27A.e.7706","ELEMENT":"f.8BB5FC29C6DF408E67DE758247EB098E.d.DE89254EA822E877CB3C859D7EB2C27A.e.7706"}]}
RESULT: {}
RESULT: {"script":"<script> [56 bytes]","args":[{"element-6066-11e4-a52e-4f735466cecf":"f.8BB5FC29C6DF408E67DE758247EB098E.d.DE89254EA822E877CB3C859D7EB2C27A.e.7706","ELEMENT":"f.8BB5FC29C6DF408E67DE758247EB098E.d.DE89254EA822E877CB3C859D7EB2C27A.e.7706"}]}
COMMAND: POST /session/1d4a453559b0d20f8127ccadf842912f/element - {"using":"xpath","value":"//div[contains(@id, \"smartFilterBar-btnBasicSearch-reset\")]"}
COMMAND: GET /session/1d4a453559b0d20f8127ccadf842912f/screenshot - {}
RESULT: {"using":"xpath","value":"//div[contains(@id, \"smartFilterBar-btnBasicSearch-reset\")]"}
COMMAND: POST /session/1d4a453559b0d20f8127ccadf842912f/element/f.8BB5FC29C6DF408E67DE758247EB098E.d.DE89254EA822E877CB3C859D7EB2C27A.e.5549/click - {}
RESULT: {}
RESULT: {}
COMMAND: GET /session/1d4a453559b0d20f8127ccadf842912f/screenshot - {}
RESULT: {}
RESULT: undefined
COMMAND: POST /session/1d4a453559b0d20f8127ccadf842912f/execute/async - {"script":"<script> [776 bytes]","args":[{"enterText":"uicqZhPICg","selector":{"id":"application-ruinventorylist-display-component---Master--smartFilterBar-btnBasicSearch","interaction":{"idSuffix":"I"}},"clearTextFirst":true,"interactionType":"ENTER_TEXT"}]}
RESULT: {"script":"<script> [776 bytes]","args":[{"enterText":"uicqZhPICg","selector":{"id":"application-ruinventorylist-display-component---Master--smartFilterBar-btnBasicSearch","interaction":{"idSuffix":"I"}},"clearTextFirst":true,"interactionType":"ENTER_TEXT"}]}
COMMAND: POST /session/1d4a453559b0d20f8127ccadf842912f/actions - {"actions":[{"id":"action37","type":"key","parameters":{},"actions":[{"type":"keyDown","value":"î€‡"},{"type":"pause","duration":10},{"type":"keyUp","value":"î€‡"}]}]}
RESULT: {"actions":[{"id":"action37","type":"key","parameters":{},"actions":[{"type":"keyDown","value":"î€‡"},{"type":"pause","duration":10},{"type":"keyUp","value":"î€‡"}]}]}
COMMAND: GET /session/1d4a453559b0d20f8127ccadf842912f/screenshot - {}
RESULT: {}
COMMAND: POST /session/1d4a453559b0d20f8127ccadf842912f/element - {"using":"xpath","value":"//span[@id=\"application-ruinventorylist-display-component---Master--smartTableRuInventoryList-header-inner\"]"}
RESULT: {"using":"xpath","value":"//span[@id=\"application-ruinventorylist-display-component---Master--smartTableRuInventoryList-header-inner\"]"}
COMMAND: POST /session/1d4a453559b0d20f8127ccadf842912f/elements - {"using":"xpath","value":"//span[@id=\"application-ruinventorylist-display-component---Master--smartTableRuInventoryList-header-inner\"]"}
RESULT: {"using":"xpath","value":"//span[@id=\"application-ruinventorylist-display-component---Master--smartTableRuInventoryList-header-inner\"]"}
COMMAND: POST /session/1d4a453559b0d20f8127ccadf842912f/execute/sync - {"script":"<script> [56 bytes]","args":[{"element-6066-11e4-a52e-4f735466cecf":"f.8BB5FC29C6DF408E67DE758247EB098E.d.DE89254EA822E877CB3C859D7EB2C27A.e.5531","ELEMENT":"f.8BB5FC29C6DF408E67DE758247EB098E.d.DE89254EA822E877CB3C859D7EB2C27A.e.5531"}]}
RESULT: {"script":"<script> [56 bytes]","args":[{"element-6066-11e4-a52e-4f735466cecf":"f.8BB5FC29C6DF408E67DE758247EB098E.d.DE89254EA822E877CB3C859D7EB2C27A.e.5531","ELEMENT":"f.8BB5FC29C6DF408E67DE758247EB098E.d.DE89254EA822E877CB3C859D7EB2C27A.e.5531"}]}
COMMAND: POST /session/1d4a453559b0d20f8127ccadf842912f/element - {"using":"xpath","value":"//table[contains(@id, \"application-ruinventorylist-display-component---Master--tableRuInventoryList-listUl\")]/tbody/tr[1]/td[6]/div/span"}
COMMAND: GET /session/1d4a453559b0d20f8127ccadf842912f/screenshot - {}
RESULT: {"using":"xpath","value":"//table[contains(@id, \"application-ruinventorylist-display-component---Master--tableRuInventoryList-listUl\")]/tbody/tr[1]/td[6]/div/span"}
COMMAND: POST /session/1d4a453559b0d20f8127ccadf842912f/execute/sync - {"script":"<script> [56 bytes]","args":[{"element-6066-11e4-a52e-4f735466cecf":"f.8BB5FC29C6DF408E67DE758247EB098E.d.DE89254EA822E877CB3C859D7EB2C27A.e.7799","ELEMENT":"f.8BB5FC29C6DF408E67DE758247EB098E.d.DE89254EA822E877CB3C859D7EB2C27A.e.7799"}]}
RESULT: {}
RESULT: {"script":"<script> [56 bytes]","args":[{"element-6066-11e4-a52e-4f735466cecf":"f.8BB5FC29C6DF408E67DE758247EB098E.d.DE89254EA822E877CB3C859D7EB2C27A.e.7799","ELEMENT":"f.8BB5FC29C6DF408E67DE758247EB098E.d.DE89254EA822E877CB3C859D7EB2C27A.e.7799"}]}
COMMAND: POST /session/1d4a453559b0d20f8127ccadf842912f/element - {"using":"xpath","value":"//div[contains(@id, \"smartFilterBar-btnBasicSearch-reset\")]"}
COMMAND: GET /session/1d4a453559b0d20f8127ccadf842912f/screenshot - {}
RESULT: {"using":"xpath","value":"//div[contains(@id, \"smartFilterBar-btnBasicSearch-reset\")]"}
COMMAND: POST /session/1d4a453559b0d20f8127ccadf842912f/element/f.8BB5FC29C6DF408E67DE758247EB098E.d.DE89254EA822E877CB3C859D7EB2C27A.e.5549/click - {}
RESULT: {}
RESULT: {}
COMMAND: GET /session/1d4a453559b0d20f8127ccadf842912f/screenshot - {}
RESULT: {}
RESULT: undefined
COMMAND: POST /session/1d4a453559b0d20f8127ccadf842912f/execute/async - {"script":"<script> [776 bytes]","args":[{"enterText":"200259","selector":{"id":"application-ruinventorylist-display-component---Master--smartFilterBar-btnBasicSearch","interaction":{"idSuffix":"I"}},"clearTextFirst":true,"interactionType":"ENTER_TEXT"}]}
RESULT: {"script":"<script> [776 bytes]","args":[{"enterText":"200259","selector":{"id":"application-ruinventorylist-display-component---Master--smartFilterBar-btnBasicSearch","interaction":{"idSuffix":"I"}},"clearTextFirst":true,"interactionType":"ENTER_TEXT"}]}
COMMAND: POST /session/1d4a453559b0d20f8127ccadf842912f/actions - {"actions":[{"id":"action38","type":"key","parameters":{},"actions":[{"type":"keyDown","value":"î€‡"},{"type":"pause","duration":10},{"type":"keyUp","value":"î€‡"}]}]}
RESULT: {"actions":[{"id":"action38","type":"key","parameters":{},"actions":[{"type":"keyDown","value":"î€‡"},{"type":"pause","duration":10},{"type":"keyUp","value":"î€‡"}]}]}
COMMAND: GET /session/1d4a453559b0d20f8127ccadf842912f/screenshot - {}
RESULT: {}
COMMAND: POST /session/1d4a453559b0d20f8127ccadf842912f/element - {"using":"xpath","value":"//span[@id=\"application-ruinventorylist-display-component---Master--smartTableRuInventoryList-header-inner\"]"}
RESULT: {"using":"xpath","value":"//span[@id=\"application-ruinventorylist-display-component---Master--smartTableRuInventoryList-header-inner\"]"}
COMMAND: POST /session/1d4a453559b0d20f8127ccadf842912f/elements - {"using":"xpath","value":"//span[@id=\"application-ruinventorylist-display-component---Master--smartTableRuInventoryList-header-inner\"]"}
RESULT: {"using":"xpath","value":"//span[@id=\"application-ruinventorylist-display-component---Master--smartTableRuInventoryList-header-inner\"]"}
COMMAND: POST /session/1d4a453559b0d20f8127ccadf842912f/execute/sync - {"script":"<script> [56 bytes]","args":[{"element-6066-11e4-a52e-4f735466cecf":"f.8BB5FC29C6DF408E67DE758247EB098E.d.DE89254EA822E877CB3C859D7EB2C27A.e.5531","ELEMENT":"f.8BB5FC29C6DF408E67DE758247EB098E.d.DE89254EA822E877CB3C859D7EB2C27A.e.5531"}]}
RESULT: {"script":"<script> [56 bytes]","args":[{"element-6066-11e4-a52e-4f735466cecf":"f.8BB5FC29C6DF408E67DE758247EB098E.d.DE89254EA822E877CB3C859D7EB2C27A.e.5531","ELEMENT":"f.8BB5FC29C6DF408E67DE758247EB098E.d.DE89254EA822E877CB3C859D7EB2C27A.e.5531"}]}
COMMAND: POST /session/1d4a453559b0d20f8127ccadf842912f/element - {"using":"xpath","value":"//table[contains(@id, \"application-ruinventorylist-display-component---Master--tableRuInventoryList-listUl\")]/tbody/tr[1]/td[6]/div/span"}
COMMAND: GET /session/1d4a453559b0d20f8127ccadf842912f/screenshot - {}
RESULT: {"using":"xpath","value":"//table[contains(@id, \"application-ruinventorylist-display-component---Master--tableRuInventoryList-listUl\")]/tbody/tr[1]/td[6]/div/span"}
COMMAND: POST /session/1d4a453559b0d20f8127ccadf842912f/execute/sync - {"script":"<script> [56 bytes]","args":[{"element-6066-11e4-a52e-4f735466cecf":"f.8BB5FC29C6DF408E67DE758247EB098E.d.DE89254EA822E877CB3C859D7EB2C27A.e.7893","ELEMENT":"f.8BB5FC29C6DF408E67DE758247EB098E.d.DE89254EA822E877CB3C859D7EB2C27A.e.7893"}]}
RESULT: {}
RESULT: {"script":"<script> [56 bytes]","args":[{"element-6066-11e4-a52e-4f735466cecf":"f.8BB5FC29C6DF408E67DE758247EB098E.d.DE89254EA822E877CB3C859D7EB2C27A.e.7893","ELEMENT":"f.8BB5FC29C6DF408E67DE758247EB098E.d.DE89254EA822E877CB3C859D7EB2C27A.e.7893"}]}
COMMAND: POST /session/1d4a453559b0d20f8127ccadf842912f/element - {"using":"xpath","value":"//div[contains(@id, \"smartFilterBar-btnBasicSearch-reset\")]"}
COMMAND: GET /session/1d4a453559b0d20f8127ccadf842912f/screenshot - {}
RESULT: {"using":"xpath","value":"//div[contains(@id, \"smartFilterBar-btnBasicSearch-reset\")]"}
COMMAND: POST /session/1d4a453559b0d20f8127ccadf842912f/element/f.8BB5FC29C6DF408E67DE758247EB098E.d.DE89254EA822E877CB3C859D7EB2C27A.e.5549/click - {}
RESULT: {}
RESULT: {}
COMMAND: GET /session/1d4a453559b0d20f8127ccadf842912f/screenshot - {}
RESULT: {}
COMMAND: POST /session/1d4a453559b0d20f8127ccadf842912f/element - {"using":"css selector","value":"#shell-header-logo"}
RESULT: {"using":"css selector","value":"#shell-header-logo"}
COMMAND: POST /session/1d4a453559b0d20f8127ccadf842912f/element/f.8BB5FC29C6DF408E67DE758247EB098E.d.DE89254EA822E877CB3C859D7EB2C27A.e.4909/click - {}
RESULT: {}
COMMAND: GET /session/1d4a453559b0d20f8127ccadf842912f/screenshot - {}
RESULT: {}
COMMAND: DELETE /session/1d4a453559b0d20f8127ccadf842912f - {}
RESULT: {}
]]></system-out>
    </testcase>
  </testsuite>
</testsuites>