<?xml version="1.0" encoding="UTF-8"?>
<testsuites tests="58" failures="4" errors="4" skipped="0">
  <testsuite timestamp="2025-04-29T05:54:30" time="921.001" tests="11" failures="0" errors="0" skipped="0">
    <properties>
      <property name="specId" value="0" />
      <property name="suiteName" value="Billing confirm US117289" />
      <property name="capabilities" value="chrome.135_0_7049_96.windows" />
      <property name="file" value="file:///D:/a/1/s/test/specs/BTS/billing-confirm.spec.js" />
    </properties>
    <testcase classname="chrome.135_0_7049_96.windows.Billing_confirm_US117289" name="Should create a new yard" time="100.735">
      <system-out><![CDATA[
COMMAND: POST /session/a49a846f150ab9031b86585360f30ac3/window/fullscreen - {}
RESULT: {}
COMMAND: POST /session/a49a846f150ab9031b86585360f30ac3/execute/async - {"script":"<script> [1562 bytes]","args":[{"selector":{"controlType":"sap.m.GenericTile","properties":{"header":"Manage Yards"}},"wdio_ui5_key":"sapm.GenericTile{\"header\":\"Manage Yards\"}"}]}
RESULT: {"script":"<script> [1562 bytes]","args":[{"selector":{"controlType":"sap.m.GenericTile","properties":{"header":"Manage Yards"}},"wdio_ui5_key":"sapm.GenericTile{\"header\":\"Manage Yards\"}"}]}
RESULT: undefined
COMMAND: POST /session/a49a846f150ab9031b86585360f30ac3/element - {"using":"xpath","value":"//*[@id=\"__tile41\"]"}
RESULT: {"using":"xpath","value":"//*[@id=\"__tile41\"]"}
COMMAND: POST /session/a49a846f150ab9031b86585360f30ac3/element/f.6CD6B7C80D08F775EB7D2FFF8B2C9AB5.d.061157CA66DE20FDB5D04F9A8A61E967.e.157/click - {}
RESULT: {}
COMMAND: POST /session/a49a846f150ab9031b86585360f30ac3/element - {"using":"xpath","value":"//button[@data-kt=\"addNewYardOverflowToolbarButton\"]"}
COMMAND: GET /session/a49a846f150ab9031b86585360f30ac3/screenshot - {}
RESULT: {"using":"xpath","value":"//button[@data-kt=\"addNewYardOverflowToolbarButton\"]"}
COMMAND: POST /session/a49a846f150ab9031b86585360f30ac3/elements - {"using":"xpath","value":"//button[@data-kt=\"addNewYardOverflowToolbarButton\"]"}
RESULT: {}
RESULT: {"using":"xpath","value":"//button[@data-kt=\"addNewYardOverflowToolbarButton\"]"}
COMMAND: POST /session/a49a846f150ab9031b86585360f30ac3/elements - {"using":"xpath","value":"//button[@data-kt=\"addNewYardOverflowToolbarButton\"]"}
RESULT: {"using":"xpath","value":"//button[@data-kt=\"addNewYardOverflowToolbarButton\"]"}
COMMAND: POST /session/a49a846f150ab9031b86585360f30ac3/elements - {"using":"xpath","value":"//button[@data-kt=\"addNewYardOverflowToolbarButton\"]"}
RESULT: {"using":"xpath","value":"//button[@data-kt=\"addNewYardOverflowToolbarButton\"]"}
COMMAND: POST /session/a49a846f150ab9031b86585360f30ac3/elements - {"using":"xpath","value":"//button[@data-kt=\"addNewYardOverflowToolbarButton\"]"}
RESULT: {"using":"xpath","value":"//button[@data-kt=\"addNewYardOverflowToolbarButton\"]"}
COMMAND: POST /session/a49a846f150ab9031b86585360f30ac3/elements - {"using":"xpath","value":"//button[@data-kt=\"addNewYardOverflowToolbarButton\"]"}
RESULT: {"using":"xpath","value":"//button[@data-kt=\"addNewYardOverflowToolbarButton\"]"}
COMMAND: POST /session/a49a846f150ab9031b86585360f30ac3/elements - {"using":"xpath","value":"//button[@data-kt=\"addNewYardOverflowToolbarButton\"]"}
RESULT: {"using":"xpath","value":"//button[@data-kt=\"addNewYardOverflowToolbarButton\"]"}
COMMAND: POST /session/a49a846f150ab9031b86585360f30ac3/elements - {"using":"xpath","value":"//button[@data-kt=\"addNewYardOverflowToolbarButton\"]"}
RESULT: {"using":"xpath","value":"//button[@data-kt=\"addNewYardOverflowToolbarButton\"]"}
COMMAND: POST /session/a49a846f150ab9031b86585360f30ac3/elements - {"using":"xpath","value":"//button[@data-kt=\"addNewYardOverflowToolbarButton\"]"}
RESULT: {"using":"xpath","value":"//button[@data-kt=\"addNewYardOverflowToolbarButton\"]"}
COMMAND: POST /session/a49a846f150ab9031b86585360f30ac3/elements - {"using":"xpath","value":"//button[@data-kt=\"addNewYardOverflowToolbarButton\"]"}
RESULT: {"using":"xpath","value":"//button[@data-kt=\"addNewYardOverflowToolbarButton\"]"}
COMMAND: POST /session/a49a846f150ab9031b86585360f30ac3/elements - {"using":"xpath","value":"//button[@data-kt=\"addNewYardOverflowToolbarButton\"]"}
RESULT: {"using":"xpath","value":"//button[@data-kt=\"addNewYardOverflowToolbarButton\"]"}
COMMAND: POST /session/a49a846f150ab9031b86585360f30ac3/elements - {"using":"xpath","value":"//button[@data-kt=\"addNewYardOverflowToolbarButton\"]"}
RESULT: {"using":"xpath","value":"//button[@data-kt=\"addNewYardOverflowToolbarButton\"]"}
COMMAND: POST /session/a49a846f150ab9031b86585360f30ac3/elements - {"using":"xpath","value":"//button[@data-kt=\"addNewYardOverflowToolbarButton\"]"}
RESULT: {"using":"xpath","value":"//button[@data-kt=\"addNewYardOverflowToolbarButton\"]"}
COMMAND: POST /session/a49a846f150ab9031b86585360f30ac3/elements - {"using":"xpath","value":"//button[@data-kt=\"addNewYardOverflowToolbarButton\"]"}
RESULT: {"using":"xpath","value":"//button[@data-kt=\"addNewYardOverflowToolbarButton\"]"}
COMMAND: POST /session/a49a846f150ab9031b86585360f30ac3/elements - {"using":"xpath","value":"//button[@data-kt=\"addNewYardOverflowToolbarButton\"]"}
RESULT: {"using":"xpath","value":"//button[@data-kt=\"addNewYardOverflowToolbarButton\"]"}
COMMAND: POST /session/a49a846f150ab9031b86585360f30ac3/elements - {"using":"xpath","value":"//button[@data-kt=\"addNewYardOverflowToolbarButton\"]"}
RESULT: {"using":"xpath","value":"//button[@data-kt=\"addNewYardOverflowToolbarButton\"]"}
COMMAND: POST /session/a49a846f150ab9031b86585360f30ac3/elements - {"using":"xpath","value":"//button[@data-kt=\"addNewYardOverflowToolbarButton\"]"}
RESULT: {"using":"xpath","value":"//button[@data-kt=\"addNewYardOverflowToolbarButton\"]"}
COMMAND: POST /session/a49a846f150ab9031b86585360f30ac3/elements - {"using":"xpath","value":"//button[@data-kt=\"addNewYardOverflowToolbarButton\"]"}
RESULT: {"using":"xpath","value":"//button[@data-kt=\"addNewYardOverflowToolbarButton\"]"}
COMMAND: POST /session/a49a846f150ab9031b86585360f30ac3/elements - {"using":"xpath","value":"//button[@data-kt=\"addNewYardOverflowToolbarButton\"]"}
RESULT: {"using":"xpath","value":"//button[@data-kt=\"addNewYardOverflowToolbarButton\"]"}
COMMAND: POST /session/a49a846f150ab9031b86585360f30ac3/elements - {"using":"xpath","value":"//button[@data-kt=\"addNewYardOverflowToolbarButton\"]"}
RESULT: {"using":"xpath","value":"//button[@data-kt=\"addNewYardOverflowToolbarButton\"]"}
COMMAND: POST /session/a49a846f150ab9031b86585360f30ac3/elements - {"using":"xpath","value":"//button[@data-kt=\"addNewYardOverflowToolbarButton\"]"}
RESULT: {"using":"xpath","value":"//button[@data-kt=\"addNewYardOverflowToolbarButton\"]"}
COMMAND: POST /session/a49a846f150ab9031b86585360f30ac3/elements - {"using":"xpath","value":"//button[@data-kt=\"addNewYardOverflowToolbarButton\"]"}
RESULT: {"using":"xpath","value":"//button[@data-kt=\"addNewYardOverflowToolbarButton\"]"}
COMMAND: POST /session/a49a846f150ab9031b86585360f30ac3/elements - {"using":"xpath","value":"//button[@data-kt=\"addNewYardOverflowToolbarButton\"]"}
RESULT: {"using":"xpath","value":"//button[@data-kt=\"addNewYardOverflowToolbarButton\"]"}
COMMAND: POST /session/a49a846f150ab9031b86585360f30ac3/elements - {"using":"xpath","value":"//button[@data-kt=\"addNewYardOverflowToolbarButton\"]"}
RESULT: {"using":"xpath","value":"//button[@data-kt=\"addNewYardOverflowToolbarButton\"]"}
COMMAND: POST /session/a49a846f150ab9031b86585360f30ac3/elements - {"using":"xpath","value":"//button[@data-kt=\"addNewYardOverflowToolbarButton\"]"}
RESULT: {"using":"xpath","value":"//button[@data-kt=\"addNewYardOverflowToolbarButton\"]"}
COMMAND: POST /session/a49a846f150ab9031b86585360f30ac3/elements - {"using":"xpath","value":"//button[@data-kt=\"addNewYardOverflowToolbarButton\"]"}
RESULT: {"using":"xpath","value":"//button[@data-kt=\"addNewYardOverflowToolbarButton\"]"}
COMMAND: POST /session/a49a846f150ab9031b86585360f30ac3/elements - {"using":"xpath","value":"//button[@data-kt=\"addNewYardOverflowToolbarButton\"]"}
RESULT: {"using":"xpath","value":"//button[@data-kt=\"addNewYardOverflowToolbarButton\"]"}
COMMAND: POST /session/a49a846f150ab9031b86585360f30ac3/elements - {"using":"xpath","value":"//button[@data-kt=\"addNewYardOverflowToolbarButton\"]"}
RESULT: {"using":"xpath","value":"//button[@data-kt=\"addNewYardOverflowToolbarButton\"]"}
COMMAND: POST /session/a49a846f150ab9031b86585360f30ac3/elements - {"using":"xpath","value":"//button[@data-kt=\"addNewYardOverflowToolbarButton\"]"}
RESULT: {"using":"xpath","value":"//button[@data-kt=\"addNewYardOverflowToolbarButton\"]"}
COMMAND: POST /session/a49a846f150ab9031b86585360f30ac3/elements - {"using":"xpath","value":"//button[@data-kt=\"addNewYardOverflowToolbarButton\"]"}
RESULT: {"using":"xpath","value":"//button[@data-kt=\"addNewYardOverflowToolbarButton\"]"}
COMMAND: POST /session/a49a846f150ab9031b86585360f30ac3/elements - {"using":"xpath","value":"//button[@data-kt=\"addNewYardOverflowToolbarButton\"]"}
RESULT: {"using":"xpath","value":"//button[@data-kt=\"addNewYardOverflowToolbarButton\"]"}
COMMAND: POST /session/a49a846f150ab9031b86585360f30ac3/element - {"using":"xpath","value":"//button[@data-kt=\"addNewYardOverflowToolbarButton\"]"}
RESULT: {"using":"xpath","value":"//button[@data-kt=\"addNewYardOverflowToolbarButton\"]"}
COMMAND: POST /session/a49a846f150ab9031b86585360f30ac3/execute/sync - {"script":"<script> [8489 bytes]","args":[{"element-6066-11e4-a52e-4f735466cecf":"f.6CD6B7C80D08F775EB7D2FFF8B2C9AB5.d.061157CA66DE20FDB5D04F9A8A61E967.e.292","ELEMENT":"f.6CD6B7C80D08F775EB7D2FFF8B2C9AB5.d.061157CA66DE20FDB5D04F9A8A61E967.e.292"}]}
RESULT: {"script":"<script> [8489 bytes]","args":[{"element-6066-11e4-a52e-4f735466cecf":"f.6CD6B7C80D08F775EB7D2FFF8B2C9AB5.d.061157CA66DE20FDB5D04F9A8A61E967.e.292","ELEMENT":"f.6CD6B7C80D08F775EB7D2FFF8B2C9AB5.d.061157CA66DE20FDB5D04F9A8A61E967.e.292"}]}
COMMAND: GET /session/a49a846f150ab9031b86585360f30ac3/element/f.6CD6B7C80D08F775EB7D2FFF8B2C9AB5.d.061157CA66DE20FDB5D04F9A8A61E967.e.292/enabled - {}
COMMAND: GET /session/a49a846f150ab9031b86585360f30ac3/screenshot - {}
RESULT: {}
COMMAND: POST /session/a49a846f150ab9031b86585360f30ac3/execute/sync - {"script":"<script> [8489 bytes]","args":[{"element-6066-11e4-a52e-4f735466cecf":"f.6CD6B7C80D08F775EB7D2FFF8B2C9AB5.d.061157CA66DE20FDB5D04F9A8A61E967.e.292","ELEMENT":"f.6CD6B7C80D08F775EB7D2FFF8B2C9AB5.d.061157CA66DE20FDB5D04F9A8A61E967.e.292"}]}
COMMAND: GET /session/a49a846f150ab9031b86585360f30ac3/screenshot - {}
RESULT: {}
RESULT: {"script":"<script> [8489 bytes]","args":[{"element-6066-11e4-a52e-4f735466cecf":"f.6CD6B7C80D08F775EB7D2FFF8B2C9AB5.d.061157CA66DE20FDB5D04F9A8A61E967.e.292","ELEMENT":"f.6CD6B7C80D08F775EB7D2FFF8B2C9AB5.d.061157CA66DE20FDB5D04F9A8A61E967.e.292"}]}
COMMAND: POST /session/a49a846f150ab9031b86585360f30ac3/execute/sync - {"script":"<script> [5351 bytes]","args":[{"element-6066-11e4-a52e-4f735466cecf":"f.6CD6B7C80D08F775EB7D2FFF8B2C9AB5.d.061157CA66DE20FDB5D04F9A8A61E967.e.292","ELEMENT":"f.6CD6B7C80D08F775EB7D2FFF8B2C9AB5.d.061157CA66DE20FDB5D04F9A8A61E967.e.292"}]}
COMMAND: GET /session/a49a846f150ab9031b86585360f30ac3/screenshot - {}
RESULT: {}
RESULT: {"script":"<script> [5351 bytes]","args":[{"element-6066-11e4-a52e-4f735466cecf":"f.6CD6B7C80D08F775EB7D2FFF8B2C9AB5.d.061157CA66DE20FDB5D04F9A8A61E967.e.292","ELEMENT":"f.6CD6B7C80D08F775EB7D2FFF8B2C9AB5.d.061157CA66DE20FDB5D04F9A8A61E967.e.292"}]}
COMMAND: POST /session/a49a846f150ab9031b86585360f30ac3/element/f.6CD6B7C80D08F775EB7D2FFF8B2C9AB5.d.061157CA66DE20FDB5D04F9A8A61E967.e.292/click - {}
COMMAND: GET /session/a49a846f150ab9031b86585360f30ac3/screenshot - {}
RESULT: {}
RESULT: {}
COMMAND: GET /session/a49a846f150ab9031b86585360f30ac3/screenshot - {}
RESULT: {}
COMMAND: POST /session/a49a846f150ab9031b86585360f30ac3/element - {"using":"xpath","value":"//input[@id=\"application-manageyards-display-component---NewYard--yardId-inner\"]"}
RESULT: {}
RESULT: {"using":"xpath","value":"//input[@id=\"application-manageyards-display-component---NewYard--yardId-inner\"]"}
COMMAND: POST /session/a49a846f150ab9031b86585360f30ac3/element - {"using":"xpath","value":"//input[@id=\"application-manageyards-display-component---NewYard--yardId-inner\"]"}
RESULT: {"using":"xpath","value":"//input[@id=\"application-manageyards-display-component---NewYard--yardId-inner\"]"}
COMMAND: POST /session/a49a846f150ab9031b86585360f30ac3/execute/async - {"script":"<script> [1562 bytes]","args":[{"selector":{"id":"application-manageyards-display-component---NewYard--addressDetailDetailsName1","interaction":{"idSuffix":"inner"}},"wdio_ui5_key":"applicationmanageyards-display-component---NewYard--addressDetailDetailsName1"}]}
RESULT: {"script":"<script> [1562 bytes]","args":[{"selector":{"id":"application-manageyards-display-component---NewYard--addressDetailDetailsName1","interaction":{"idSuffix":"inner"}},"wdio_ui5_key":"applicationmanageyards-display-component---NewYard--addressDetailDetailsName1"}]}
RESULT: undefined
COMMAND: POST /session/a49a846f150ab9031b86585360f30ac3/execute/async - {"script":"<script> [776 bytes]","args":[{"enterText":"Intracompany Yard wdIO","selector":{"id":"application-manageyards-display-component---NewYard--addressDetailDetailsName1","interaction":{"idSuffix":"inner"}},"clearTextFirst":true,"interactionType":"ENTER_TEXT"}]}
RESULT: {"script":"<script> [776 bytes]","args":[{"enterText":"Intracompany Yard wdIO","selector":{"id":"application-manageyards-display-component---NewYard--addressDetailDetailsName1","interaction":{"idSuffix":"inner"}},"clearTextFirst":true,"interactionType":"ENTER_TEXT"}]}
COMMAND: POST /session/a49a846f150ab9031b86585360f30ac3/execute/async - {"script":"<script> [1562 bytes]","args":[{"selector":{"id":"application-manageyards-display-component---NewYard--addressDetailDetailsLanguage-arrow"},"wdio_ui5_key":"applicationmanageyards-display-component---NewYard--addressDetailDetailsLanguage-arrow"}]}
RESULT: {"script":"<script> [1562 bytes]","args":[{"selector":{"id":"application-manageyards-display-component---NewYard--addressDetailDetailsLanguage-arrow"},"wdio_ui5_key":"applicationmanageyards-display-component---NewYard--addressDetailDetailsLanguage-arrow"}]}
RESULT: undefined
COMMAND: POST /session/a49a846f150ab9031b86585360f30ac3/element - {"using":"xpath","value":"//*[@id=\"application-manageyards-display-component---NewYard--addressDetailDetailsLanguage-arrow\"]"}
RESULT: {"using":"xpath","value":"//*[@id=\"application-manageyards-display-component---NewYard--addressDetailDetailsLanguage-arrow\"]"}
COMMAND: POST /session/a49a846f150ab9031b86585360f30ac3/element/f.6CD6B7C80D08F775EB7D2FFF8B2C9AB5.d.061157CA66DE20FDB5D04F9A8A61E967.e.734/click - {}
RESULT: {}
COMMAND: POST /session/a49a846f150ab9031b86585360f30ac3/element - {"using":"xpath","value":"//span[contains(text(), \"English\")]"}
COMMAND: GET /session/a49a846f150ab9031b86585360f30ac3/screenshot - {}
RESULT: {"using":"xpath","value":"//span[contains(text(), \"English\")]"}
COMMAND: POST /session/a49a846f150ab9031b86585360f30ac3/element/f.6CD6B7C80D08F775EB7D2FFF8B2C9AB5.d.061157CA66DE20FDB5D04F9A8A61E967.e.735/click - {}
RESULT: {}
RESULT: {}
COMMAND: POST /session/a49a846f150ab9031b86585360f30ac3/execute/async - {"script":"<script> [1562 bytes]","args":[{"selector":{"id":"application-manageyards-display-component---NewYard--addressDetailDetailsCity1","interaction":{"idSuffix":"inner"}},"wdio_ui5_key":"applicationmanageyards-display-component---NewYard--addressDetailDetailsCity1"}]}
COMMAND: GET /session/a49a846f150ab9031b86585360f30ac3/screenshot - {}
RESULT: {"script":"<script> [1562 bytes]","args":[{"selector":{"id":"application-manageyards-display-component---NewYard--addressDetailDetailsCity1","interaction":{"idSuffix":"inner"}},"wdio_ui5_key":"applicationmanageyards-display-component---NewYard--addressDetailDetailsCity1"}]}
RESULT: undefined
COMMAND: POST /session/a49a846f150ab9031b86585360f30ac3/execute/async - {"script":"<script> [776 bytes]","args":[{"enterText":"Rosario","selector":{"id":"application-manageyards-display-component---NewYard--addressDetailDetailsCity1","interaction":{"idSuffix":"inner"}},"clearTextFirst":true,"interactionType":"ENTER_TEXT"}]}
RESULT: {}
RESULT: {"script":"<script> [776 bytes]","args":[{"enterText":"Rosario","selector":{"id":"application-manageyards-display-component---NewYard--addressDetailDetailsCity1","interaction":{"idSuffix":"inner"}},"clearTextFirst":true,"interactionType":"ENTER_TEXT"}]}
COMMAND: POST /session/a49a846f150ab9031b86585360f30ac3/execute/async - {"script":"<script> [1562 bytes]","args":[{"selector":{"id":"application-manageyards-display-component---NewYard--addressDetailDetailsCountry-arrow"},"wdio_ui5_key":"applicationmanageyards-display-component---NewYard--addressDetailDetailsCountry-arrow"}]}
RESULT: {"script":"<script> [1562 bytes]","args":[{"selector":{"id":"application-manageyards-display-component---NewYard--addressDetailDetailsCountry-arrow"},"wdio_ui5_key":"applicationmanageyards-display-component---NewYard--addressDetailDetailsCountry-arrow"}]}
RESULT: undefined
COMMAND: POST /session/a49a846f150ab9031b86585360f30ac3/element - {"using":"xpath","value":"//*[@id=\"application-manageyards-display-component---NewYard--addressDetailDetailsCountry-arrow\"]"}
RESULT: {"using":"xpath","value":"//*[@id=\"application-manageyards-display-component---NewYard--addressDetailDetailsCountry-arrow\"]"}
COMMAND: POST /session/a49a846f150ab9031b86585360f30ac3/element/f.6CD6B7C80D08F775EB7D2FFF8B2C9AB5.d.061157CA66DE20FDB5D04F9A8A61E967.e.737/click - {}
RESULT: {}
COMMAND: POST /session/a49a846f150ab9031b86585360f30ac3/element - {"using":"xpath","value":"//span[contains(text(), \"Argentina\")]"}
COMMAND: GET /session/a49a846f150ab9031b86585360f30ac3/screenshot - {}
RESULT: {"using":"xpath","value":"//span[contains(text(), \"Argentina\")]"}
COMMAND: POST /session/a49a846f150ab9031b86585360f30ac3/element/f.6CD6B7C80D08F775EB7D2FFF8B2C9AB5.d.061157CA66DE20FDB5D04F9A8A61E967.e.738/click - {}
RESULT: {}
RESULT: {}
COMMAND: POST /session/a49a846f150ab9031b86585360f30ac3/execute/async - {"script":"<script> [1562 bytes]","args":[{"selector":{"id":"application-manageyards-display-component---NewYard--addressEditDetailsCostObjectCstType-arrow"},"wdio_ui5_key":"applicationmanageyards-display-component---NewYard--addressEditDetailsCostObjectCstType-arrow"}]}
COMMAND: GET /session/a49a846f150ab9031b86585360f30ac3/screenshot - {}
RESULT: {"script":"<script> [1562 bytes]","args":[{"selector":{"id":"application-manageyards-display-component---NewYard--addressEditDetailsCostObjectCstType-arrow"},"wdio_ui5_key":"applicationmanageyards-display-component---NewYard--addressEditDetailsCostObjectCstType-arrow"}]}
RESULT: undefined
COMMAND: POST /session/a49a846f150ab9031b86585360f30ac3/element - {"using":"xpath","value":"//*[@id=\"application-manageyards-display-component---NewYard--addressEditDetailsCostObjectCstType-arrow\"]"}
RESULT: {}
RESULT: {"using":"xpath","value":"//*[@id=\"application-manageyards-display-component---NewYard--addressEditDetailsCostObjectCstType-arrow\"]"}
COMMAND: POST /session/a49a846f150ab9031b86585360f30ac3/element/f.6CD6B7C80D08F775EB7D2FFF8B2C9AB5.d.061157CA66DE20FDB5D04F9A8A61E967.e.740/click - {}
RESULT: {}
COMMAND: POST /session/a49a846f150ab9031b86585360f30ac3/element - {"using":"xpath","value":"//span[contains(text(), \"Cost Center\")]"}
COMMAND: GET /session/a49a846f150ab9031b86585360f30ac3/screenshot - {}
RESULT: {"using":"xpath","value":"//span[contains(text(), \"Cost Center\")]"}
COMMAND: POST /session/a49a846f150ab9031b86585360f30ac3/element/f.6CD6B7C80D08F775EB7D2FFF8B2C9AB5.d.061157CA66DE20FDB5D04F9A8A61E967.e.741/click - {}
RESULT: {}
RESULT: {}
COMMAND: GET /session/a49a846f150ab9031b86585360f30ac3/screenshot - {}
RESULT: {}
COMMAND: POST /session/a49a846f150ab9031b86585360f30ac3/element - {"using":"xpath","value":"//span[@id=\"application-manageyards-display-component---NewYard--addressNewCostObjectCstID-vhi\"]"}
RESULT: {"using":"xpath","value":"//span[@id=\"application-manageyards-display-component---NewYard--addressNewCostObjectCstID-vhi\"]"}
COMMAND: POST /session/a49a846f150ab9031b86585360f30ac3/execute/sync - {"script":"<script> [8489 bytes]","args":[{"element-6066-11e4-a52e-4f735466cecf":"f.6CD6B7C80D08F775EB7D2FFF8B2C9AB5.d.061157CA66DE20FDB5D04F9A8A61E967.e.745","ELEMENT":"f.6CD6B7C80D08F775EB7D2FFF8B2C9AB5.d.061157CA66DE20FDB5D04F9A8A61E967.e.745"}]}
RESULT: {"script":"<script> [8489 bytes]","args":[{"element-6066-11e4-a52e-4f735466cecf":"f.6CD6B7C80D08F775EB7D2FFF8B2C9AB5.d.061157CA66DE20FDB5D04F9A8A61E967.e.745","ELEMENT":"f.6CD6B7C80D08F775EB7D2FFF8B2C9AB5.d.061157CA66DE20FDB5D04F9A8A61E967.e.745"}]}
COMMAND: POST /session/a49a846f150ab9031b86585360f30ac3/execute/async - {"script":"<script> [1562 bytes]","args":[{"selector":{"id":"application-manageyards-display-component---NewYard--addressNewCostObjectCstID-vhi"},"wdio_ui5_key":"applicationmanageyards-display-component---NewYard--addressNewCostObjectCstID-vhi"}]}
COMMAND: GET /session/a49a846f150ab9031b86585360f30ac3/screenshot - {}
RESULT: {"script":"<script> [1562 bytes]","args":[{"selector":{"id":"application-manageyards-display-component---NewYard--addressNewCostObjectCstID-vhi"},"wdio_ui5_key":"applicationmanageyards-display-component---NewYard--addressNewCostObjectCstID-vhi"}]}
RESULT: undefined
COMMAND: POST /session/a49a846f150ab9031b86585360f30ac3/element - {"using":"xpath","value":"//*[@id=\"application-manageyards-display-component---NewYard--addressNewCostObjectCstID-vhi\"]"}
RESULT: {}
RESULT: {"using":"xpath","value":"//*[@id=\"application-manageyards-display-component---NewYard--addressNewCostObjectCstID-vhi\"]"}
COMMAND: POST /session/a49a846f150ab9031b86585360f30ac3/element/f.6CD6B7C80D08F775EB7D2FFF8B2C9AB5.d.061157CA66DE20FDB5D04F9A8A61E967.e.745/click - {}
RESULT: {}
COMMAND: GET /session/a49a846f150ab9031b86585360f30ac3/screenshot - {}
RESULT: {}
COMMAND: POST /session/a49a846f150ab9031b86585360f30ac3/execute/async - {"script":"<script> [1562 bytes]","args":[{"selector":{"controlType":"sap.m.SearchField","properties":{"placeholder":"Search"},"searchOpenDialogs":true,"interaction":{"idSuffix":"I"}},"wdio_ui5_key":"sapm.SearchField{\"placeholder\":\"Search\"}"}]}
RESULT: {"script":"<script> [1562 bytes]","args":[{"selector":{"controlType":"sap.m.SearchField","properties":{"placeholder":"Search"},"searchOpenDialogs":true,"interaction":{"idSuffix":"I"}},"wdio_ui5_key":"sapm.SearchField{\"placeholder\":\"Search\"}"}]}
RESULT: undefined
COMMAND: POST /session/a49a846f150ab9031b86585360f30ac3/execute/async - {"script":"<script> [776 bytes]","args":[{"enterText":"10001013","selector":{"controlType":"sap.m.SearchField","properties":{"placeholder":"Search"},"searchOpenDialogs":true,"interaction":{"idSuffix":"I"}},"clearTextFirst":true,"interactionType":"ENTER_TEXT"}]}
RESULT: {"script":"<script> [776 bytes]","args":[{"enterText":"10001013","selector":{"controlType":"sap.m.SearchField","properties":{"placeholder":"Search"},"searchOpenDialogs":true,"interaction":{"idSuffix":"I"}},"clearTextFirst":true,"interactionType":"ENTER_TEXT"}]}
COMMAND: POST /session/a49a846f150ab9031b86585360f30ac3/actions - {"actions":[{"id":"action1","type":"key","parameters":{},"actions":[{"type":"keyDown","value":"î€‡"},{"type":"pause","duration":10},{"type":"keyUp","value":"î€‡"}]}]}
RESULT: {"actions":[{"id":"action1","type":"key","parameters":{},"actions":[{"type":"keyDown","value":"î€‡"},{"type":"pause","duration":10},{"type":"keyUp","value":"î€‡"}]}]}
COMMAND: GET /session/a49a846f150ab9031b86585360f30ac3/screenshot - {}
RESULT: {}
COMMAND: POST /session/a49a846f150ab9031b86585360f30ac3/element - {"using":"xpath","value":"//span[contains(text(), \"General Management\")]"}
RESULT: {"using":"xpath","value":"//span[contains(text(), \"General Management\")]"}
COMMAND: POST /session/a49a846f150ab9031b86585360f30ac3/element/f.6CD6B7C80D08F775EB7D2FFF8B2C9AB5.d.061157CA66DE20FDB5D04F9A8A61E967.e.785/click - {}
RESULT: {}
COMMAND: GET /session/a49a846f150ab9031b86585360f30ac3/screenshot - {}
RESULT: {}
COMMAND: POST /session/a49a846f150ab9031b86585360f30ac3/element - {"using":"xpath","value":"//bdi[contains(text(), \"OK\")]"}
RESULT: {"using":"xpath","value":"//bdi[contains(text(), \"OK\")]"}
COMMAND: POST /session/a49a846f150ab9031b86585360f30ac3/element/f.6CD6B7C80D08F775EB7D2FFF8B2C9AB5.d.061157CA66DE20FDB5D04F9A8A61E967.e.786/click - {}
RESULT: {}
COMMAND: GET /session/a49a846f150ab9031b86585360f30ac3/screenshot - {}
RESULT: {}
COMMAND: POST /session/a49a846f150ab9031b86585360f30ac3/execute/async - {"script":"<script> [1562 bytes]","args":[{"selector":{"id":"application-manageyards-display-component---NewYard--addressEditDetailsCurrency-arrow"},"wdio_ui5_key":"applicationmanageyards-display-component---NewYard--addressEditDetailsCurrency-arrow"}]}
RESULT: {"script":"<script> [1562 bytes]","args":[{"selector":{"id":"application-manageyards-display-component---NewYard--addressEditDetailsCurrency-arrow"},"wdio_ui5_key":"applicationmanageyards-display-component---NewYard--addressEditDetailsCurrency-arrow"}]}
RESULT: undefined
COMMAND: POST /session/a49a846f150ab9031b86585360f30ac3/element - {"using":"xpath","value":"//*[@id=\"application-manageyards-display-component---NewYard--addressEditDetailsCurrency-arrow\"]"}
RESULT: {"using":"xpath","value":"//*[@id=\"application-manageyards-display-component---NewYard--addressEditDetailsCurrency-arrow\"]"}
COMMAND: POST /session/a49a846f150ab9031b86585360f30ac3/element/f.6CD6B7C80D08F775EB7D2FFF8B2C9AB5.d.061157CA66DE20FDB5D04F9A8A61E967.e.789/click - {}
RESULT: {}
COMMAND: POST /session/a49a846f150ab9031b86585360f30ac3/element - {"using":"xpath","value":"//span[contains(text(), \"Euro\")]"}
COMMAND: GET /session/a49a846f150ab9031b86585360f30ac3/screenshot - {}
RESULT: {"using":"xpath","value":"//span[contains(text(), \"Euro\")]"}
COMMAND: POST /session/a49a846f150ab9031b86585360f30ac3/element/f.6CD6B7C80D08F775EB7D2FFF8B2C9AB5.d.061157CA66DE20FDB5D04F9A8A61E967.e.790/click - {}
RESULT: {}
RESULT: {}
COMMAND: POST /session/a49a846f150ab9031b86585360f30ac3/execute/async - {"script":"<script> [1562 bytes]","args":[{"selector":{"controlType":"sap.m.Input","viewName":"etm.portal.ui.manageyards.view.New","viewId":"application-manageyards-display-component---NewYard","bindingPath":{"path":"","propertyPath":"/CONTROLLING_AREA","modelName":"NewYardModel"},"interaction":{"idSuffix":"inner"}},"wdio_ui5_key":"etmportal.ui.manageyards.view.Newsap.m.Input{\"path\":\"\",\"propertyPath\":\"/CONTROLLING_AREA\",\"modelName\":\"NewYardModel\"}"}]}
COMMAND: GET /session/a49a846f150ab9031b86585360f30ac3/screenshot - {}
RESULT: {"script":"<script> [1562 bytes]","args":[{"selector":{"controlType":"sap.m.Input","viewName":"etm.portal.ui.manageyards.view.New","viewId":"application-manageyards-display-component---NewYard","bindingPath":{"path":"","propertyPath":"/CONTROLLING_AREA","modelName":"NewYardModel"},"interaction":{"idSuffix":"inner"}},"wdio_ui5_key":"etmportal.ui.manageyards.view.Newsap.m.Input{\"path\":\"\",\"propertyPath\":\"/CONTROLLING_AREA\",\"modelName\":\"NewYardModel\"}"}]}
RESULT: undefined
COMMAND: POST /session/a49a846f150ab9031b86585360f30ac3/execute/async - {"script":"<script> [776 bytes]","args":[{"enterText":"Z001","selector":{"controlType":"sap.m.Input","viewName":"etm.portal.ui.manageyards.view.New","viewId":"application-manageyards-display-component---NewYard","bindingPath":{"path":"","propertyPath":"/CONTROLLING_AREA","modelName":"NewYardModel"},"interaction":{"idSuffix":"inner"}},"clearTextFirst":true,"interactionType":"ENTER_TEXT"}]}
RESULT: {}
RESULT: {"script":"<script> [776 bytes]","args":[{"enterText":"Z001","selector":{"controlType":"sap.m.Input","viewName":"etm.portal.ui.manageyards.view.New","viewId":"application-manageyards-display-component---NewYard","bindingPath":{"path":"","propertyPath":"/CONTROLLING_AREA","modelName":"NewYardModel"},"interaction":{"idSuffix":"inner"}},"clearTextFirst":true,"interactionType":"ENTER_TEXT"}]}
COMMAND: POST /session/a49a846f150ab9031b86585360f30ac3/execute/async - {"script":"<script> [1562 bytes]","args":[{"selector":{"id":"application-manageyards-display-component---NewYard--companyCodeComboBox","interaction":{"idSuffix":"inner"}},"wdio_ui5_key":"applicationmanageyards-display-component---NewYard--companyCodeComboBox"}]}
RESULT: {"script":"<script> [1562 bytes]","args":[{"selector":{"id":"application-manageyards-display-component---NewYard--companyCodeComboBox","interaction":{"idSuffix":"inner"}},"wdio_ui5_key":"applicationmanageyards-display-component---NewYard--companyCodeComboBox"}]}
RESULT: undefined
COMMAND: POST /session/a49a846f150ab9031b86585360f30ac3/execute/async - {"script":"<script> [776 bytes]","args":[{"enterText":"1000","selector":{"id":"application-manageyards-display-component---NewYard--companyCodeComboBox","interaction":{"idSuffix":"inner"}},"clearTextFirst":true,"interactionType":"ENTER_TEXT"}]}
RESULT: {"script":"<script> [776 bytes]","args":[{"enterText":"1000","selector":{"id":"application-manageyards-display-component---NewYard--companyCodeComboBox","interaction":{"idSuffix":"inner"}},"clearTextFirst":true,"interactionType":"ENTER_TEXT"}]}
COMMAND: POST /session/a49a846f150ab9031b86585360f30ac3/execute/async - {"script":"<script> [1562 bytes]","args":[{"selector":{"controlType":"sap.m.Input","viewName":"etm.portal.ui.manageyards.view.New","viewId":"application-manageyards-display-component---NewYard","bindingPath":{"path":"","propertyPath":"/PLANT","modelName":"NewYardModel"},"interaction":{"idSuffix":"inner"}},"wdio_ui5_key":"etmportal.ui.manageyards.view.Newsap.m.Input{\"path\":\"\",\"propertyPath\":\"/PLANT\",\"modelName\":\"NewYardModel\"}"}]}
RESULT: {"script":"<script> [1562 bytes]","args":[{"selector":{"controlType":"sap.m.Input","viewName":"etm.portal.ui.manageyards.view.New","viewId":"application-manageyards-display-component---NewYard","bindingPath":{"path":"","propertyPath":"/PLANT","modelName":"NewYardModel"},"interaction":{"idSuffix":"inner"}},"wdio_ui5_key":"etmportal.ui.manageyards.view.Newsap.m.Input{\"path\":\"\",\"propertyPath\":\"/PLANT\",\"modelName\":\"NewYardModel\"}"}]}
RESULT: undefined
COMMAND: POST /session/a49a846f150ab9031b86585360f30ac3/execute/async - {"script":"<script> [776 bytes]","args":[{"enterText":"1001","selector":{"controlType":"sap.m.Input","viewName":"etm.portal.ui.manageyards.view.New","viewId":"application-manageyards-display-component---NewYard","bindingPath":{"path":"","propertyPath":"/PLANT","modelName":"NewYardModel"},"interaction":{"idSuffix":"inner"}},"clearTextFirst":true,"interactionType":"ENTER_TEXT"}]}
RESULT: {"script":"<script> [776 bytes]","args":[{"enterText":"1001","selector":{"controlType":"sap.m.Input","viewName":"etm.portal.ui.manageyards.view.New","viewId":"application-manageyards-display-component---NewYard","bindingPath":{"path":"","propertyPath":"/PLANT","modelName":"NewYardModel"},"interaction":{"idSuffix":"inner"}},"clearTextFirst":true,"interactionType":"ENTER_TEXT"}]}
COMMAND: POST /session/a49a846f150ab9031b86585360f30ac3/execute/async - {"script":"<script> [1562 bytes]","args":[{"selector":{"controlType":"sap.m.Input","viewName":"etm.portal.ui.manageyards.view.New","viewId":"application-manageyards-display-component---NewYard","bindingPath":{"path":"","propertyPath":"/SALES_AREA_VKORG","modelName":"NewYardModel"},"interaction":{"idSuffix":"inner"}},"wdio_ui5_key":"etmportal.ui.manageyards.view.Newsap.m.Input{\"path\":\"\",\"propertyPath\":\"/SALES_AREA_VKORG\",\"modelName\":\"NewYardModel\"}"}]}
RESULT: {"script":"<script> [1562 bytes]","args":[{"selector":{"controlType":"sap.m.Input","viewName":"etm.portal.ui.manageyards.view.New","viewId":"application-manageyards-display-component---NewYard","bindingPath":{"path":"","propertyPath":"/SALES_AREA_VKORG","modelName":"NewYardModel"},"interaction":{"idSuffix":"inner"}},"wdio_ui5_key":"etmportal.ui.manageyards.view.Newsap.m.Input{\"path\":\"\",\"propertyPath\":\"/SALES_AREA_VKORG\",\"modelName\":\"NewYardModel\"}"}]}
RESULT: undefined
COMMAND: POST /session/a49a846f150ab9031b86585360f30ac3/execute/async - {"script":"<script> [776 bytes]","args":[{"enterText":"C002","selector":{"controlType":"sap.m.Input","viewName":"etm.portal.ui.manageyards.view.New","viewId":"application-manageyards-display-component---NewYard","bindingPath":{"path":"","propertyPath":"/SALES_AREA_VKORG","modelName":"NewYardModel"},"interaction":{"idSuffix":"inner"}},"clearTextFirst":true,"interactionType":"ENTER_TEXT"}]}
RESULT: {"script":"<script> [776 bytes]","args":[{"enterText":"C002","selector":{"controlType":"sap.m.Input","viewName":"etm.portal.ui.manageyards.view.New","viewId":"application-manageyards-display-component---NewYard","bindingPath":{"path":"","propertyPath":"/SALES_AREA_VKORG","modelName":"NewYardModel"},"interaction":{"idSuffix":"inner"}},"clearTextFirst":true,"interactionType":"ENTER_TEXT"}]}
COMMAND: POST /session/a49a846f150ab9031b86585360f30ac3/execute/async - {"script":"<script> [1562 bytes]","args":[{"selector":{"controlType":"sap.m.Input","viewName":"etm.portal.ui.manageyards.view.New","viewId":"application-manageyards-display-component---NewYard","bindingPath":{"path":"","propertyPath":"/SALES_AREA_VTWEG","modelName":"NewYardModel"},"interaction":{"idSuffix":"inner"}},"wdio_ui5_key":"etmportal.ui.manageyards.view.Newsap.m.Input{\"path\":\"\",\"propertyPath\":\"/SALES_AREA_VTWEG\",\"modelName\":\"NewYardModel\"}"}]}
RESULT: {"script":"<script> [1562 bytes]","args":[{"selector":{"controlType":"sap.m.Input","viewName":"etm.portal.ui.manageyards.view.New","viewId":"application-manageyards-display-component---NewYard","bindingPath":{"path":"","propertyPath":"/SALES_AREA_VTWEG","modelName":"NewYardModel"},"interaction":{"idSuffix":"inner"}},"wdio_ui5_key":"etmportal.ui.manageyards.view.Newsap.m.Input{\"path\":\"\",\"propertyPath\":\"/SALES_AREA_VTWEG\",\"modelName\":\"NewYardModel\"}"}]}
RESULT: undefined
COMMAND: POST /session/a49a846f150ab9031b86585360f30ac3/execute/async - {"script":"<script> [776 bytes]","args":[{"enterText":"C2","selector":{"controlType":"sap.m.Input","viewName":"etm.portal.ui.manageyards.view.New","viewId":"application-manageyards-display-component---NewYard","bindingPath":{"path":"","propertyPath":"/SALES_AREA_VTWEG","modelName":"NewYardModel"},"interaction":{"idSuffix":"inner"}},"clearTextFirst":true,"interactionType":"ENTER_TEXT"}]}
RESULT: {"script":"<script> [776 bytes]","args":[{"enterText":"C2","selector":{"controlType":"sap.m.Input","viewName":"etm.portal.ui.manageyards.view.New","viewId":"application-manageyards-display-component---NewYard","bindingPath":{"path":"","propertyPath":"/SALES_AREA_VTWEG","modelName":"NewYardModel"},"interaction":{"idSuffix":"inner"}},"clearTextFirst":true,"interactionType":"ENTER_TEXT"}]}
COMMAND: POST /session/a49a846f150ab9031b86585360f30ac3/execute/async - {"script":"<script> [1562 bytes]","args":[{"selector":{"controlType":"sap.m.Input","viewName":"etm.portal.ui.manageyards.view.New","viewId":"application-manageyards-display-component---NewYard","bindingPath":{"path":"","propertyPath":"/SALES_AREA_SPART","modelName":"NewYardModel"},"interaction":{"idSuffix":"inner"}},"wdio_ui5_key":"etmportal.ui.manageyards.view.Newsap.m.Input{\"path\":\"\",\"propertyPath\":\"/SALES_AREA_SPART\",\"modelName\":\"NewYardModel\"}"}]}
RESULT: {"script":"<script> [1562 bytes]","args":[{"selector":{"controlType":"sap.m.Input","viewName":"etm.portal.ui.manageyards.view.New","viewId":"application-manageyards-display-component---NewYard","bindingPath":{"path":"","propertyPath":"/SALES_AREA_SPART","modelName":"NewYardModel"},"interaction":{"idSuffix":"inner"}},"wdio_ui5_key":"etmportal.ui.manageyards.view.Newsap.m.Input{\"path\":\"\",\"propertyPath\":\"/SALES_AREA_SPART\",\"modelName\":\"NewYardModel\"}"}]}
RESULT: undefined
COMMAND: POST /session/a49a846f150ab9031b86585360f30ac3/execute/async - {"script":"<script> [776 bytes]","args":[{"enterText":"C2","selector":{"controlType":"sap.m.Input","viewName":"etm.portal.ui.manageyards.view.New","viewId":"application-manageyards-display-component---NewYard","bindingPath":{"path":"","propertyPath":"/SALES_AREA_SPART","modelName":"NewYardModel"},"interaction":{"idSuffix":"inner"}},"clearTextFirst":true,"interactionType":"ENTER_TEXT"}]}
RESULT: {"script":"<script> [776 bytes]","args":[{"enterText":"C2","selector":{"controlType":"sap.m.Input","viewName":"etm.portal.ui.manageyards.view.New","viewId":"application-manageyards-display-component---NewYard","bindingPath":{"path":"","propertyPath":"/SALES_AREA_SPART","modelName":"NewYardModel"},"interaction":{"idSuffix":"inner"}},"clearTextFirst":true,"interactionType":"ENTER_TEXT"}]}
COMMAND: POST /session/a49a846f150ab9031b86585360f30ac3/execute/async - {"script":"<script> [1562 bytes]","args":[{"selector":{"controlType":"sap.m.Input","viewName":"etm.portal.ui.manageyards.view.New","viewId":"application-manageyards-display-component---NewYard","bindingPath":{"path":"","propertyPath":"/SHIP_POINT","modelName":"NewYardModel"},"interaction":{"idSuffix":"inner"}},"wdio_ui5_key":"etmportal.ui.manageyards.view.Newsap.m.Input{\"path\":\"\",\"propertyPath\":\"/SHIP_POINT\",\"modelName\":\"NewYardModel\"}"}]}
RESULT: {"script":"<script> [1562 bytes]","args":[{"selector":{"controlType":"sap.m.Input","viewName":"etm.portal.ui.manageyards.view.New","viewId":"application-manageyards-display-component---NewYard","bindingPath":{"path":"","propertyPath":"/SHIP_POINT","modelName":"NewYardModel"},"interaction":{"idSuffix":"inner"}},"wdio_ui5_key":"etmportal.ui.manageyards.view.Newsap.m.Input{\"path\":\"\",\"propertyPath\":\"/SHIP_POINT\",\"modelName\":\"NewYardModel\"}"}]}
RESULT: undefined
COMMAND: POST /session/a49a846f150ab9031b86585360f30ac3/execute/async - {"script":"<script> [776 bytes]","args":[{"enterText":"1710","selector":{"controlType":"sap.m.Input","viewName":"etm.portal.ui.manageyards.view.New","viewId":"application-manageyards-display-component---NewYard","bindingPath":{"path":"","propertyPath":"/SHIP_POINT","modelName":"NewYardModel"},"interaction":{"idSuffix":"inner"}},"clearTextFirst":true,"interactionType":"ENTER_TEXT"}]}
RESULT: {"script":"<script> [776 bytes]","args":[{"enterText":"1710","selector":{"controlType":"sap.m.Input","viewName":"etm.portal.ui.manageyards.view.New","viewId":"application-manageyards-display-component---NewYard","bindingPath":{"path":"","propertyPath":"/SHIP_POINT","modelName":"NewYardModel"},"interaction":{"idSuffix":"inner"}},"clearTextFirst":true,"interactionType":"ENTER_TEXT"}]}
COMMAND: POST /session/a49a846f150ab9031b86585360f30ac3/execute/async - {"script":"<script> [1562 bytes]","args":[{"selector":{"controlType":"sap.m.Input","viewName":"etm.portal.ui.manageyards.view.New","viewId":"application-manageyards-display-component---NewYard","bindingPath":{"path":"","propertyPath":"/DELIVERY_TYPE","modelName":"NewYardModel"},"interaction":{"idSuffix":"inner"}},"wdio_ui5_key":"etmportal.ui.manageyards.view.Newsap.m.Input{\"path\":\"\",\"propertyPath\":\"/DELIVERY_TYPE\",\"modelName\":\"NewYardModel\"}"}]}
RESULT: {"script":"<script> [1562 bytes]","args":[{"selector":{"controlType":"sap.m.Input","viewName":"etm.portal.ui.manageyards.view.New","viewId":"application-manageyards-display-component---NewYard","bindingPath":{"path":"","propertyPath":"/DELIVERY_TYPE","modelName":"NewYardModel"},"interaction":{"idSuffix":"inner"}},"wdio_ui5_key":"etmportal.ui.manageyards.view.Newsap.m.Input{\"path\":\"\",\"propertyPath\":\"/DELIVERY_TYPE\",\"modelName\":\"NewYardModel\"}"}]}
RESULT: undefined
COMMAND: POST /session/a49a846f150ab9031b86585360f30ac3/execute/async - {"script":"<script> [776 bytes]","args":[{"enterText":"ZL01","selector":{"controlType":"sap.m.Input","viewName":"etm.portal.ui.manageyards.view.New","viewId":"application-manageyards-display-component---NewYard","bindingPath":{"path":"","propertyPath":"/DELIVERY_TYPE","modelName":"NewYardModel"},"interaction":{"idSuffix":"inner"}},"clearTextFirst":true,"interactionType":"ENTER_TEXT"}]}
RESULT: {"script":"<script> [776 bytes]","args":[{"enterText":"ZL01","selector":{"controlType":"sap.m.Input","viewName":"etm.portal.ui.manageyards.view.New","viewId":"application-manageyards-display-component---NewYard","bindingPath":{"path":"","propertyPath":"/DELIVERY_TYPE","modelName":"NewYardModel"},"interaction":{"idSuffix":"inner"}},"clearTextFirst":true,"interactionType":"ENTER_TEXT"}]}
COMMAND: POST /session/a49a846f150ab9031b86585360f30ac3/execute/async - {"script":"<script> [1562 bytes]","args":[{"selector":{"controlType":"sap.m.Input","viewName":"etm.portal.ui.manageyards.view.New","viewId":"application-manageyards-display-component---NewYard","bindingPath":{"path":"","propertyPath":"/AUART","modelName":"NewYardModel"},"interaction":{"idSuffix":"inner"}},"wdio_ui5_key":"etmportal.ui.manageyards.view.Newsap.m.Input{\"path\":\"\",\"propertyPath\":\"/AUART\",\"modelName\":\"NewYardModel\"}"}]}
RESULT: {"script":"<script> [1562 bytes]","args":[{"selector":{"controlType":"sap.m.Input","viewName":"etm.portal.ui.manageyards.view.New","viewId":"application-manageyards-display-component---NewYard","bindingPath":{"path":"","propertyPath":"/AUART","modelName":"NewYardModel"},"interaction":{"idSuffix":"inner"}},"wdio_ui5_key":"etmportal.ui.manageyards.view.Newsap.m.Input{\"path\":\"\",\"propertyPath\":\"/AUART\",\"modelName\":\"NewYardModel\"}"}]}
RESULT: undefined
COMMAND: POST /session/a49a846f150ab9031b86585360f30ac3/execute/async - {"script":"<script> [776 bytes]","args":[{"enterText":"TA","selector":{"controlType":"sap.m.Input","viewName":"etm.portal.ui.manageyards.view.New","viewId":"application-manageyards-display-component---NewYard","bindingPath":{"path":"","propertyPath":"/AUART","modelName":"NewYardModel"},"interaction":{"idSuffix":"inner"}},"clearTextFirst":true,"interactionType":"ENTER_TEXT"}]}
RESULT: {"script":"<script> [776 bytes]","args":[{"enterText":"TA","selector":{"controlType":"sap.m.Input","viewName":"etm.portal.ui.manageyards.view.New","viewId":"application-manageyards-display-component---NewYard","bindingPath":{"path":"","propertyPath":"/AUART","modelName":"NewYardModel"},"interaction":{"idSuffix":"inner"}},"clearTextFirst":true,"interactionType":"ENTER_TEXT"}]}
COMMAND: POST /session/a49a846f150ab9031b86585360f30ac3/element - {"using":"xpath","value":"//button[@data-kt=\"newYardSaveButton\"]"}
RESULT: {"using":"xpath","value":"//button[@data-kt=\"newYardSaveButton\"]"}
COMMAND: POST /session/a49a846f150ab9031b86585360f30ac3/element/f.6CD6B7C80D08F775EB7D2FFF8B2C9AB5.d.061157CA66DE20FDB5D04F9A8A61E967.e.717/click - {}
RESULT: {}
COMMAND: GET /session/a49a846f150ab9031b86585360f30ac3/screenshot - {}
RESULT: {}
COMMAND: POST /session/a49a846f150ab9031b86585360f30ac3/element - {"using":"xpath","value":"//header[contains(@id, 'ObjectPageLayout-headerTitle')]/div[1]/div[2]/div[1]/span[1]"}
RESULT: {"using":"xpath","value":"//header[contains(@id, 'ObjectPageLayout-headerTitle')]/div[1]/div[2]/div[1]/span[1]"}
COMMAND: POST /session/a49a846f150ab9031b86585360f30ac3/elements - {"using":"xpath","value":"//header[contains(@id, 'ObjectPageLayout-headerTitle')]/div[1]/div[2]/div[1]/span[1]"}
RESULT: {"using":"xpath","value":"//header[contains(@id, 'ObjectPageLayout-headerTitle')]/div[1]/div[2]/div[1]/span[1]"}
COMMAND: POST /session/a49a846f150ab9031b86585360f30ac3/execute/sync - {"script":"<script> [56 bytes]","args":[{"element-6066-11e4-a52e-4f735466cecf":"f.6CD6B7C80D08F775EB7D2FFF8B2C9AB5.d.061157CA66DE20FDB5D04F9A8A61E967.e.1022","ELEMENT":"f.6CD6B7C80D08F775EB7D2FFF8B2C9AB5.d.061157CA66DE20FDB5D04F9A8A61E967.e.1022"}]}
RESULT: {"script":"<script> [56 bytes]","args":[{"element-6066-11e4-a52e-4f735466cecf":"f.6CD6B7C80D08F775EB7D2FFF8B2C9AB5.d.061157CA66DE20FDB5D04F9A8A61E967.e.1022","ELEMENT":"f.6CD6B7C80D08F775EB7D2FFF8B2C9AB5.d.061157CA66DE20FDB5D04F9A8A61E967.e.1022"}]}
COMMAND: GET /session/a49a846f150ab9031b86585360f30ac3/screenshot - {}
RESULT: {}
COMMAND: POST /session/a49a846f150ab9031b86585360f30ac3/element - {"using":"css selector","value":"#shell-header-logo"}
RESULT: {"using":"css selector","value":"#shell-header-logo"}
COMMAND: POST /session/a49a846f150ab9031b86585360f30ac3/element/f.6CD6B7C80D08F775EB7D2FFF8B2C9AB5.d.061157CA66DE20FDB5D04F9A8A61E967.e.135/click - {}
RESULT: {}
COMMAND: GET /session/a49a846f150ab9031b86585360f30ac3/screenshot - {}
RESULT: {}
COMMAND: POST /session/a49a846f150ab9031b86585360f30ac3/execute/sync - {"script":"<script> [299 bytes]","args":[["getModel","getResource"]]}
RESULT: {"script":"<script> [299 bytes]","args":[["getModel","getResource"]]}
COMMAND: GET /session/a49a846f150ab9031b86585360f30ac3/screenshot - {}
]]></system-out>
    </testcase>
    <testcase classname="chrome.135_0_7049_96.windows.Billing_confirm_US117289" name="Should create a new partner" time="113.677">
      <system-out><![CDATA[
COMMAND: POST /session/a49a846f150ab9031b86585360f30ac3/window/fullscreen - {}
RESULT: {}
COMMAND: POST /session/a49a846f150ab9031b86585360f30ac3/execute/async - {"script":"<script> [1562 bytes]","args":[{"selector":{"controlType":"sap.m.GenericTile","properties":{"header":"Manage Partners"}},"wdio_ui5_key":"sapm.GenericTile{\"header\":\"Manage Partners\"}"}]}
RESULT: {}
RESULT: {"script":"<script> [1562 bytes]","args":[{"selector":{"controlType":"sap.m.GenericTile","properties":{"header":"Manage Partners"}},"wdio_ui5_key":"sapm.GenericTile{\"header\":\"Manage Partners\"}"}]}
RESULT: undefined
COMMAND: POST /session/a49a846f150ab9031b86585360f30ac3/element - {"using":"xpath","value":"//*[@id=\"__tile38\"]"}
RESULT: {"using":"xpath","value":"//*[@id=\"__tile38\"]"}
COMMAND: POST /session/a49a846f150ab9031b86585360f30ac3/element/f.6CD6B7C80D08F775EB7D2FFF8B2C9AB5.d.061157CA66DE20FDB5D04F9A8A61E967.e.148/click - {}
RESULT: {}
COMMAND: POST /session/a49a846f150ab9031b86585360f30ac3/element - {"using":"xpath","value":"//button[@data-kt=\"addButton\"]"}
COMMAND: GET /session/a49a846f150ab9031b86585360f30ac3/screenshot - {}
RESULT: {"using":"xpath","value":"//button[@data-kt=\"addButton\"]"}
COMMAND: POST /session/a49a846f150ab9031b86585360f30ac3/elements - {"using":"xpath","value":"//button[@data-kt=\"addButton\"]"}
RESULT: {}
RESULT: {"using":"xpath","value":"//button[@data-kt=\"addButton\"]"}
COMMAND: POST /session/a49a846f150ab9031b86585360f30ac3/elements - {"using":"xpath","value":"//button[@data-kt=\"addButton\"]"}
RESULT: {"using":"xpath","value":"//button[@data-kt=\"addButton\"]"}
COMMAND: POST /session/a49a846f150ab9031b86585360f30ac3/elements - {"using":"xpath","value":"//button[@data-kt=\"addButton\"]"}
RESULT: {"using":"xpath","value":"//button[@data-kt=\"addButton\"]"}
COMMAND: POST /session/a49a846f150ab9031b86585360f30ac3/elements - {"using":"xpath","value":"//button[@data-kt=\"addButton\"]"}
RESULT: {"using":"xpath","value":"//button[@data-kt=\"addButton\"]"}
COMMAND: POST /session/a49a846f150ab9031b86585360f30ac3/elements - {"using":"xpath","value":"//button[@data-kt=\"addButton\"]"}
RESULT: {"using":"xpath","value":"//button[@data-kt=\"addButton\"]"}
COMMAND: POST /session/a49a846f150ab9031b86585360f30ac3/elements - {"using":"xpath","value":"//button[@data-kt=\"addButton\"]"}
RESULT: {"using":"xpath","value":"//button[@data-kt=\"addButton\"]"}
COMMAND: POST /session/a49a846f150ab9031b86585360f30ac3/elements - {"using":"xpath","value":"//button[@data-kt=\"addButton\"]"}
RESULT: {"using":"xpath","value":"//button[@data-kt=\"addButton\"]"}
COMMAND: POST /session/a49a846f150ab9031b86585360f30ac3/elements - {"using":"xpath","value":"//button[@data-kt=\"addButton\"]"}
RESULT: {"using":"xpath","value":"//button[@data-kt=\"addButton\"]"}
COMMAND: POST /session/a49a846f150ab9031b86585360f30ac3/elements - {"using":"xpath","value":"//button[@data-kt=\"addButton\"]"}
RESULT: {"using":"xpath","value":"//button[@data-kt=\"addButton\"]"}
COMMAND: POST /session/a49a846f150ab9031b86585360f30ac3/element - {"using":"xpath","value":"//button[@data-kt=\"addButton\"]"}
RESULT: {"using":"xpath","value":"//button[@data-kt=\"addButton\"]"}
COMMAND: POST /session/a49a846f150ab9031b86585360f30ac3/execute/sync - {"script":"<script> [8489 bytes]","args":[{"element-6066-11e4-a52e-4f735466cecf":"f.6CD6B7C80D08F775EB7D2FFF8B2C9AB5.d.061157CA66DE20FDB5D04F9A8A61E967.e.1059","ELEMENT":"f.6CD6B7C80D08F775EB7D2FFF8B2C9AB5.d.061157CA66DE20FDB5D04F9A8A61E967.e.1059"}]}
RESULT: {"script":"<script> [8489 bytes]","args":[{"element-6066-11e4-a52e-4f735466cecf":"f.6CD6B7C80D08F775EB7D2FFF8B2C9AB5.d.061157CA66DE20FDB5D04F9A8A61E967.e.1059","ELEMENT":"f.6CD6B7C80D08F775EB7D2FFF8B2C9AB5.d.061157CA66DE20FDB5D04F9A8A61E967.e.1059"}]}
COMMAND: GET /session/a49a846f150ab9031b86585360f30ac3/element/f.6CD6B7C80D08F775EB7D2FFF8B2C9AB5.d.061157CA66DE20FDB5D04F9A8A61E967.e.1059/enabled - {}
COMMAND: GET /session/a49a846f150ab9031b86585360f30ac3/screenshot - {}
RESULT: {}
COMMAND: POST /session/a49a846f150ab9031b86585360f30ac3/execute/sync - {"script":"<script> [8489 bytes]","args":[{"element-6066-11e4-a52e-4f735466cecf":"f.6CD6B7C80D08F775EB7D2FFF8B2C9AB5.d.061157CA66DE20FDB5D04F9A8A61E967.e.1059","ELEMENT":"f.6CD6B7C80D08F775EB7D2FFF8B2C9AB5.d.061157CA66DE20FDB5D04F9A8A61E967.e.1059"}]}
COMMAND: GET /session/a49a846f150ab9031b86585360f30ac3/screenshot - {}
RESULT: {}
RESULT: {"script":"<script> [8489 bytes]","args":[{"element-6066-11e4-a52e-4f735466cecf":"f.6CD6B7C80D08F775EB7D2FFF8B2C9AB5.d.061157CA66DE20FDB5D04F9A8A61E967.e.1059","ELEMENT":"f.6CD6B7C80D08F775EB7D2FFF8B2C9AB5.d.061157CA66DE20FDB5D04F9A8A61E967.e.1059"}]}
COMMAND: POST /session/a49a846f150ab9031b86585360f30ac3/execute/sync - {"script":"<script> [5351 bytes]","args":[{"element-6066-11e4-a52e-4f735466cecf":"f.6CD6B7C80D08F775EB7D2FFF8B2C9AB5.d.061157CA66DE20FDB5D04F9A8A61E967.e.1059","ELEMENT":"f.6CD6B7C80D08F775EB7D2FFF8B2C9AB5.d.061157CA66DE20FDB5D04F9A8A61E967.e.1059"}]}
COMMAND: GET /session/a49a846f150ab9031b86585360f30ac3/screenshot - {}
RESULT: {}
RESULT: {"script":"<script> [5351 bytes]","args":[{"element-6066-11e4-a52e-4f735466cecf":"f.6CD6B7C80D08F775EB7D2FFF8B2C9AB5.d.061157CA66DE20FDB5D04F9A8A61E967.e.1059","ELEMENT":"f.6CD6B7C80D08F775EB7D2FFF8B2C9AB5.d.061157CA66DE20FDB5D04F9A8A61E967.e.1059"}]}
COMMAND: POST /session/a49a846f150ab9031b86585360f30ac3/element/f.6CD6B7C80D08F775EB7D2FFF8B2C9AB5.d.061157CA66DE20FDB5D04F9A8A61E967.e.1059/click - {}
COMMAND: GET /session/a49a846f150ab9031b86585360f30ac3/screenshot - {}
RESULT: {}
RESULT: {}
COMMAND: GET /session/a49a846f150ab9031b86585360f30ac3/screenshot - {}
RESULT: {}
RESULT: {}
COMMAND: POST /session/a49a846f150ab9031b86585360f30ac3/execute/async - {"script":"<script> [1562 bytes]","args":[{"selector":{"id":"application-managepartners-display-component---NewPartner--addressDetailDetailsName1","interaction":{"idSuffix":"inner"}},"wdio_ui5_key":"applicationmanagepartners-display-component---NewPartner--addressDetailDetailsName1"}]}
RESULT: {"script":"<script> [1562 bytes]","args":[{"selector":{"id":"application-managepartners-display-component---NewPartner--addressDetailDetailsName1","interaction":{"idSuffix":"inner"}},"wdio_ui5_key":"applicationmanagepartners-display-component---NewPartner--addressDetailDetailsName1"}]}
RESULT: undefined
COMMAND: POST /session/a49a846f150ab9031b86585360f30ac3/execute/async - {"script":"<script> [776 bytes]","args":[{"enterText":"Intracompany Partner WDIO","selector":{"id":"application-managepartners-display-component---NewPartner--addressDetailDetailsName1","interaction":{"idSuffix":"inner"}},"clearTextFirst":true,"interactionType":"ENTER_TEXT"}]}
RESULT: {"script":"<script> [776 bytes]","args":[{"enterText":"Intracompany Partner WDIO","selector":{"id":"application-managepartners-display-component---NewPartner--addressDetailDetailsName1","interaction":{"idSuffix":"inner"}},"clearTextFirst":true,"interactionType":"ENTER_TEXT"}]}
COMMAND: POST /session/a49a846f150ab9031b86585360f30ac3/execute/async - {"script":"<script> [1562 bytes]","args":[{"selector":{"id":"application-managepartners-display-component---NewPartner--addressDetailDetailsLanguage-arrow"},"wdio_ui5_key":"applicationmanagepartners-display-component---NewPartner--addressDetailDetailsLanguage-arrow"}]}
RESULT: {"script":"<script> [1562 bytes]","args":[{"selector":{"id":"application-managepartners-display-component---NewPartner--addressDetailDetailsLanguage-arrow"},"wdio_ui5_key":"applicationmanagepartners-display-component---NewPartner--addressDetailDetailsLanguage-arrow"}]}
RESULT: undefined
COMMAND: POST /session/a49a846f150ab9031b86585360f30ac3/element - {"using":"xpath","value":"//*[@id=\"application-managepartners-display-component---NewPartner--addressDetailDetailsLanguage-arrow\"]"}
RESULT: {"using":"xpath","value":"//*[@id=\"application-managepartners-display-component---NewPartner--addressDetailDetailsLanguage-arrow\"]"}
COMMAND: POST /session/a49a846f150ab9031b86585360f30ac3/element/f.6CD6B7C80D08F775EB7D2FFF8B2C9AB5.d.061157CA66DE20FDB5D04F9A8A61E967.e.1514/click - {}
RESULT: {}
COMMAND: POST /session/a49a846f150ab9031b86585360f30ac3/element - {"using":"xpath","value":"//span[contains(text(), \"English\")]"}
COMMAND: GET /session/a49a846f150ab9031b86585360f30ac3/screenshot - {}
RESULT: {"using":"xpath","value":"//span[contains(text(), \"English\")]"}
COMMAND: POST /session/a49a846f150ab9031b86585360f30ac3/element/f.6CD6B7C80D08F775EB7D2FFF8B2C9AB5.d.061157CA66DE20FDB5D04F9A8A61E967.e.1515/click - {}
RESULT: {}
RESULT: {}
COMMAND: GET /session/a49a846f150ab9031b86585360f30ac3/screenshot - {}
RESULT: {}
COMMAND: POST /session/a49a846f150ab9031b86585360f30ac3/execute/async - {"script":"<script> [1562 bytes]","args":[{"selector":{"id":"application-managepartners-display-component---NewPartner--addressDetailDetailsCity1","interaction":{"idSuffix":"inner"}},"wdio_ui5_key":"applicationmanagepartners-display-component---NewPartner--addressDetailDetailsCity1"}]}
RESULT: {"script":"<script> [1562 bytes]","args":[{"selector":{"id":"application-managepartners-display-component---NewPartner--addressDetailDetailsCity1","interaction":{"idSuffix":"inner"}},"wdio_ui5_key":"applicationmanagepartners-display-component---NewPartner--addressDetailDetailsCity1"}]}
RESULT: undefined
COMMAND: POST /session/a49a846f150ab9031b86585360f30ac3/execute/async - {"script":"<script> [776 bytes]","args":[{"enterText":"Rosario","selector":{"id":"application-managepartners-display-component---NewPartner--addressDetailDetailsCity1","interaction":{"idSuffix":"inner"}},"clearTextFirst":true,"interactionType":"ENTER_TEXT"}]}
RESULT: {"script":"<script> [776 bytes]","args":[{"enterText":"Rosario","selector":{"id":"application-managepartners-display-component---NewPartner--addressDetailDetailsCity1","interaction":{"idSuffix":"inner"}},"clearTextFirst":true,"interactionType":"ENTER_TEXT"}]}
COMMAND: POST /session/a49a846f150ab9031b86585360f30ac3/execute/async - {"script":"<script> [1562 bytes]","args":[{"selector":{"id":"application-managepartners-display-component---NewPartner--addressDetailDetailsCountry-arrow"},"wdio_ui5_key":"applicationmanagepartners-display-component---NewPartner--addressDetailDetailsCountry-arrow"}]}
RESULT: {"script":"<script> [1562 bytes]","args":[{"selector":{"id":"application-managepartners-display-component---NewPartner--addressDetailDetailsCountry-arrow"},"wdio_ui5_key":"applicationmanagepartners-display-component---NewPartner--addressDetailDetailsCountry-arrow"}]}
RESULT: undefined
COMMAND: POST /session/a49a846f150ab9031b86585360f30ac3/element - {"using":"xpath","value":"//*[@id=\"application-managepartners-display-component---NewPartner--addressDetailDetailsCountry-arrow\"]"}
RESULT: {"using":"xpath","value":"//*[@id=\"application-managepartners-display-component---NewPartner--addressDetailDetailsCountry-arrow\"]"}
COMMAND: POST /session/a49a846f150ab9031b86585360f30ac3/element/f.6CD6B7C80D08F775EB7D2FFF8B2C9AB5.d.061157CA66DE20FDB5D04F9A8A61E967.e.1482/click - {}
RESULT: {}
COMMAND: POST /session/a49a846f150ab9031b86585360f30ac3/element - {"using":"xpath","value":"//span[contains(text(), \"Argentina\")]"}
COMMAND: GET /session/a49a846f150ab9031b86585360f30ac3/screenshot - {}
RESULT: {"using":"xpath","value":"//span[contains(text(), \"Argentina\")]"}
COMMAND: POST /session/a49a846f150ab9031b86585360f30ac3/element/f.6CD6B7C80D08F775EB7D2FFF8B2C9AB5.d.061157CA66DE20FDB5D04F9A8A61E967.e.1517/click - {}
RESULT: {}
RESULT: {}
COMMAND: GET /session/a49a846f150ab9031b86585360f30ac3/screenshot - {}
RESULT: {}
COMMAND: POST /session/a49a846f150ab9031b86585360f30ac3/element - {"using":"xpath","value":"//bdi[contains(text(), \"Commercial\")]"}
RESULT: {"using":"xpath","value":"//bdi[contains(text(), \"Commercial\")]"}
COMMAND: POST /session/a49a846f150ab9031b86585360f30ac3/element/f.6CD6B7C80D08F775EB7D2FFF8B2C9AB5.d.061157CA66DE20FDB5D04F9A8A61E967.e.1518/click - {}
RESULT: {}
COMMAND: GET /session/a49a846f150ab9031b86585360f30ac3/screenshot - {}
RESULT: {}
COMMAND: POST /session/a49a846f150ab9031b86585360f30ac3/execute/async - {"script":"<script> [1562 bytes]","args":[{"selector":{"id":"application-managepartners-display-component---NewPartner--partnerDetailInternal-arrow"},"wdio_ui5_key":"applicationmanagepartners-display-component---NewPartner--partnerDetailInternal-arrow"}]}
RESULT: {"script":"<script> [1562 bytes]","args":[{"selector":{"id":"application-managepartners-display-component---NewPartner--partnerDetailInternal-arrow"},"wdio_ui5_key":"applicationmanagepartners-display-component---NewPartner--partnerDetailInternal-arrow"}]}
RESULT: undefined
COMMAND: POST /session/a49a846f150ab9031b86585360f30ac3/element - {"using":"xpath","value":"//*[@id=\"application-managepartners-display-component---NewPartner--partnerDetailInternal-arrow\"]"}
RESULT: {"using":"xpath","value":"//*[@id=\"application-managepartners-display-component---NewPartner--partnerDetailInternal-arrow\"]"}
COMMAND: POST /session/a49a846f150ab9031b86585360f30ac3/element/f.6CD6B7C80D08F775EB7D2FFF8B2C9AB5.d.061157CA66DE20FDB5D04F9A8A61E967.e.1524/click - {}
RESULT: {}
COMMAND: POST /session/a49a846f150ab9031b86585360f30ac3/element - {"using":"xpath","value":"//span[contains(text(), \"Affiliated company\")]"}
COMMAND: GET /session/a49a846f150ab9031b86585360f30ac3/screenshot - {}
RESULT: {"using":"xpath","value":"//span[contains(text(), \"Affiliated company\")]"}
COMMAND: POST /session/a49a846f150ab9031b86585360f30ac3/element/f.6CD6B7C80D08F775EB7D2FFF8B2C9AB5.d.061157CA66DE20FDB5D04F9A8A61E967.e.1525/click - {}
RESULT: {}
RESULT: {}
COMMAND: POST /session/a49a846f150ab9031b86585360f30ac3/execute/async - {"script":"<script> [1562 bytes]","args":[{"selector":{"id":"application-managepartners-display-component---NewPartner--partnerDetailsCurrency-arrow"},"wdio_ui5_key":"applicationmanagepartners-display-component---NewPartner--partnerDetailsCurrency-arrow"}]}
COMMAND: GET /session/a49a846f150ab9031b86585360f30ac3/screenshot - {}
RESULT: {"script":"<script> [1562 bytes]","args":[{"selector":{"id":"application-managepartners-display-component---NewPartner--partnerDetailsCurrency-arrow"},"wdio_ui5_key":"applicationmanagepartners-display-component---NewPartner--partnerDetailsCurrency-arrow"}]}
RESULT: undefined
COMMAND: POST /session/a49a846f150ab9031b86585360f30ac3/element - {"using":"xpath","value":"//*[@id=\"application-managepartners-display-component---NewPartner--partnerDetailsCurrency-arrow\"]"}
RESULT: {}
RESULT: {"using":"xpath","value":"//*[@id=\"application-managepartners-display-component---NewPartner--partnerDetailsCurrency-arrow\"]"}
COMMAND: POST /session/a49a846f150ab9031b86585360f30ac3/element/f.6CD6B7C80D08F775EB7D2FFF8B2C9AB5.d.061157CA66DE20FDB5D04F9A8A61E967.e.1532/click - {}
RESULT: {}
COMMAND: POST /session/a49a846f150ab9031b86585360f30ac3/element - {"using":"xpath","value":"//span[contains(text(), \"Euro\")]"}
COMMAND: GET /session/a49a846f150ab9031b86585360f30ac3/screenshot - {}
RESULT: {"using":"xpath","value":"//span[contains(text(), \"Euro\")]"}
COMMAND: POST /session/a49a846f150ab9031b86585360f30ac3/element/f.6CD6B7C80D08F775EB7D2FFF8B2C9AB5.d.061157CA66DE20FDB5D04F9A8A61E967.e.1533/click - {}
RESULT: {}
RESULT: {}
COMMAND: POST /session/a49a846f150ab9031b86585360f30ac3/execute/async - {"script":"<script> [1562 bytes]","args":[{"selector":{"id":"application-managepartners-display-component---NewPartner--addressEditDetailsCostObjectCstType-arrow"},"wdio_ui5_key":"applicationmanagepartners-display-component---NewPartner--addressEditDetailsCostObjectCstType-arrow"}]}
COMMAND: GET /session/a49a846f150ab9031b86585360f30ac3/screenshot - {}
RESULT: {"script":"<script> [1562 bytes]","args":[{"selector":{"id":"application-managepartners-display-component---NewPartner--addressEditDetailsCostObjectCstType-arrow"},"wdio_ui5_key":"applicationmanagepartners-display-component---NewPartner--addressEditDetailsCostObjectCstType-arrow"}]}
RESULT: undefined
COMMAND: POST /session/a49a846f150ab9031b86585360f30ac3/element - {"using":"xpath","value":"//*[@id=\"application-managepartners-display-component---NewPartner--addressEditDetailsCostObjectCstType-arrow\"]"}
RESULT: {}
RESULT: {"using":"xpath","value":"//*[@id=\"application-managepartners-display-component---NewPartner--addressEditDetailsCostObjectCstType-arrow\"]"}
COMMAND: POST /session/a49a846f150ab9031b86585360f30ac3/element/f.6CD6B7C80D08F775EB7D2FFF8B2C9AB5.d.061157CA66DE20FDB5D04F9A8A61E967.e.1534/click - {}
RESULT: {}
COMMAND: POST /session/a49a846f150ab9031b86585360f30ac3/element - {"using":"xpath","value":"//span[contains(text(), \"Cost Center\")]"}
COMMAND: GET /session/a49a846f150ab9031b86585360f30ac3/screenshot - {}
RESULT: {"using":"xpath","value":"//span[contains(text(), \"Cost Center\")]"}
COMMAND: POST /session/a49a846f150ab9031b86585360f30ac3/element/f.6CD6B7C80D08F775EB7D2FFF8B2C9AB5.d.061157CA66DE20FDB5D04F9A8A61E967.e.1535/click - {}
RESULT: {}
RESULT: {}
COMMAND: GET /session/a49a846f150ab9031b86585360f30ac3/screenshot - {}
RESULT: {}
COMMAND: POST /session/a49a846f150ab9031b86585360f30ac3/element - {"using":"xpath","value":"//span[@id=\"application-managepartners-display-component---NewPartner--addressNewCostObjectCstID-vhi\"]"}
RESULT: {"using":"xpath","value":"//span[@id=\"application-managepartners-display-component---NewPartner--addressNewCostObjectCstID-vhi\"]"}
COMMAND: POST /session/a49a846f150ab9031b86585360f30ac3/execute/sync - {"script":"<script> [8489 bytes]","args":[{"element-6066-11e4-a52e-4f735466cecf":"f.6CD6B7C80D08F775EB7D2FFF8B2C9AB5.d.061157CA66DE20FDB5D04F9A8A61E967.e.1539","ELEMENT":"f.6CD6B7C80D08F775EB7D2FFF8B2C9AB5.d.061157CA66DE20FDB5D04F9A8A61E967.e.1539"}]}
RESULT: {"script":"<script> [8489 bytes]","args":[{"element-6066-11e4-a52e-4f735466cecf":"f.6CD6B7C80D08F775EB7D2FFF8B2C9AB5.d.061157CA66DE20FDB5D04F9A8A61E967.e.1539","ELEMENT":"f.6CD6B7C80D08F775EB7D2FFF8B2C9AB5.d.061157CA66DE20FDB5D04F9A8A61E967.e.1539"}]}
COMMAND: POST /session/a49a846f150ab9031b86585360f30ac3/execute/async - {"script":"<script> [1562 bytes]","args":[{"selector":{"id":"application-managepartners-display-component---NewPartner--addressNewCostObjectCstID-vhi"},"wdio_ui5_key":"applicationmanagepartners-display-component---NewPartner--addressNewCostObjectCstID-vhi"}]}
COMMAND: GET /session/a49a846f150ab9031b86585360f30ac3/screenshot - {}
RESULT: {"script":"<script> [1562 bytes]","args":[{"selector":{"id":"application-managepartners-display-component---NewPartner--addressNewCostObjectCstID-vhi"},"wdio_ui5_key":"applicationmanagepartners-display-component---NewPartner--addressNewCostObjectCstID-vhi"}]}
RESULT: undefined
COMMAND: POST /session/a49a846f150ab9031b86585360f30ac3/element - {"using":"xpath","value":"//*[@id=\"application-managepartners-display-component---NewPartner--addressNewCostObjectCstID-vhi\"]"}
RESULT: {}
RESULT: {"using":"xpath","value":"//*[@id=\"application-managepartners-display-component---NewPartner--addressNewCostObjectCstID-vhi\"]"}
COMMAND: POST /session/a49a846f150ab9031b86585360f30ac3/element/f.6CD6B7C80D08F775EB7D2FFF8B2C9AB5.d.061157CA66DE20FDB5D04F9A8A61E967.e.1539/click - {}
RESULT: {}
COMMAND: GET /session/a49a846f150ab9031b86585360f30ac3/screenshot - {}
RESULT: {}
RESULT: undefined
COMMAND: POST /session/a49a846f150ab9031b86585360f30ac3/execute/async - {"script":"<script> [776 bytes]","args":[{"enterText":"10001013","selector":{"controlType":"sap.m.SearchField","properties":{"placeholder":"Search"},"searchOpenDialogs":true,"interaction":{"idSuffix":"I"}},"clearTextFirst":true,"interactionType":"ENTER_TEXT"}]}
RESULT: {"script":"<script> [776 bytes]","args":[{"enterText":"10001013","selector":{"controlType":"sap.m.SearchField","properties":{"placeholder":"Search"},"searchOpenDialogs":true,"interaction":{"idSuffix":"I"}},"clearTextFirst":true,"interactionType":"ENTER_TEXT"}]}
COMMAND: POST /session/a49a846f150ab9031b86585360f30ac3/actions - {"actions":[{"id":"action2","type":"key","parameters":{},"actions":[{"type":"keyDown","value":"î€‡"},{"type":"pause","duration":10},{"type":"keyUp","value":"î€‡"}]}]}
RESULT: {"actions":[{"id":"action2","type":"key","parameters":{},"actions":[{"type":"keyDown","value":"î€‡"},{"type":"pause","duration":10},{"type":"keyUp","value":"î€‡"}]}]}
COMMAND: GET /session/a49a846f150ab9031b86585360f30ac3/screenshot - {}
RESULT: {}
COMMAND: POST /session/a49a846f150ab9031b86585360f30ac3/element - {"using":"xpath","value":"//span[contains(text(), \"General Management\")]"}
RESULT: {"using":"xpath","value":"//span[contains(text(), \"General Management\")]"}
COMMAND: POST /session/a49a846f150ab9031b86585360f30ac3/element/f.6CD6B7C80D08F775EB7D2FFF8B2C9AB5.d.061157CA66DE20FDB5D04F9A8A61E967.e.1578/click - {}
RESULT: {}
COMMAND: GET /session/a49a846f150ab9031b86585360f30ac3/screenshot - {}
RESULT: {}
COMMAND: POST /session/a49a846f150ab9031b86585360f30ac3/element - {"using":"xpath","value":"//bdi[contains(text(), \"OK\")]"}
RESULT: {"using":"xpath","value":"//bdi[contains(text(), \"OK\")]"}
COMMAND: POST /session/a49a846f150ab9031b86585360f30ac3/element/f.6CD6B7C80D08F775EB7D2FFF8B2C9AB5.d.061157CA66DE20FDB5D04F9A8A61E967.e.1579/click - {}
RESULT: {}
COMMAND: GET /session/a49a846f150ab9031b86585360f30ac3/screenshot - {}
RESULT: {}
COMMAND: POST /session/a49a846f150ab9031b86585360f30ac3/element - {"using":"xpath","value":"//input[@id=\"application-managepartners-display-component---NewPartner--companyCodeComboBox-inner\"]"}
RESULT: {"using":"xpath","value":"//input[@id=\"application-managepartners-display-component---NewPartner--companyCodeComboBox-inner\"]"}
COMMAND: POST /session/a49a846f150ab9031b86585360f30ac3/element/f.6CD6B7C80D08F775EB7D2FFF8B2C9AB5.d.061157CA66DE20FDB5D04F9A8A61E967.e.1371/clear - {}
RESULT: {}
COMMAND: POST /session/a49a846f150ab9031b86585360f30ac3/element/f.6CD6B7C80D08F775EB7D2FFF8B2C9AB5.d.061157CA66DE20FDB5D04F9A8A61E967.e.1371/value - {"text":"1000"}
COMMAND: GET /session/a49a846f150ab9031b86585360f30ac3/screenshot - {}
RESULT: {"text":"1000"}
COMMAND: GET /session/a49a846f150ab9031b86585360f30ac3/screenshot - {}
RESULT: {}
RESULT: {}
COMMAND: POST /session/a49a846f150ab9031b86585360f30ac3/element - {"using":"xpath","value":"//span[contains(text(), \"1000\")]"}
RESULT: {"using":"xpath","value":"//span[contains(text(), \"1000\")]"}
COMMAND: POST /session/a49a846f150ab9031b86585360f30ac3/element/f.6CD6B7C80D08F775EB7D2FFF8B2C9AB5.d.061157CA66DE20FDB5D04F9A8A61E967.e.1585/click - {}
RESULT: {}
COMMAND: GET /session/a49a846f150ab9031b86585360f30ac3/screenshot - {}
RESULT: {}
COMMAND: POST /session/a49a846f150ab9031b86585360f30ac3/execute/async - {"script":"<script> [1562 bytes]","args":[{"selector":{"id":"application-managepartners-display-component---NewPartner--btnAddTableRow-img"},"wdio_ui5_key":"applicationmanagepartners-display-component---NewPartner--btnAddTableRow-img"}]}
RESULT: {"script":"<script> [1562 bytes]","args":[{"selector":{"id":"application-managepartners-display-component---NewPartner--btnAddTableRow-img"},"wdio_ui5_key":"applicationmanagepartners-display-component---NewPartner--btnAddTableRow-img"}]}
RESULT: undefined
COMMAND: POST /session/a49a846f150ab9031b86585360f30ac3/element - {"using":"xpath","value":"//*[@id=\"application-managepartners-display-component---NewPartner--btnAddTableRow-img\"]"}
RESULT: {"using":"xpath","value":"//*[@id=\"application-managepartners-display-component---NewPartner--btnAddTableRow-img\"]"}
COMMAND: POST /session/a49a846f150ab9031b86585360f30ac3/element/f.6CD6B7C80D08F775EB7D2FFF8B2C9AB5.d.061157CA66DE20FDB5D04F9A8A61E967.e.1586/click - {}
RESULT: {}
COMMAND: GET /session/a49a846f150ab9031b86585360f30ac3/screenshot - {}
RESULT: {}
COMMAND: POST /session/a49a846f150ab9031b86585360f30ac3/element - {"using":"xpath","value":"//input[@id=\"application-managepartners-display-component---NewPartner--assignmentYard-application-managepartners-display-component---NewPartner--assignmentsTable-0-inner\"]"}
RESULT: {"using":"xpath","value":"//input[@id=\"application-managepartners-display-component---NewPartner--assignmentYard-application-managepartners-display-component---NewPartner--assignmentsTable-0-inner\"]"}
COMMAND: POST /session/a49a846f150ab9031b86585360f30ac3/element/f.6CD6B7C80D08F775EB7D2FFF8B2C9AB5.d.061157CA66DE20FDB5D04F9A8A61E967.e.1589/clear - {}
RESULT: {}
COMMAND: POST /session/a49a846f150ab9031b86585360f30ac3/element/f.6CD6B7C80D08F775EB7D2FFF8B2C9AB5.d.061157CA66DE20FDB5D04F9A8A61E967.e.1589/value - {"text":"371"}
COMMAND: GET /session/a49a846f150ab9031b86585360f30ac3/screenshot - {}
RESULT: {"text":"371"}
COMMAND: GET /session/a49a846f150ab9031b86585360f30ac3/screenshot - {}
RESULT: {}
RESULT: {}
COMMAND: POST /session/a49a846f150ab9031b86585360f30ac3/element - {"using":"xpath","value":"//li[.//span[text()='371']]"}
RESULT: {"using":"xpath","value":"//li[.//span[text()='371']]"}
COMMAND: POST /session/a49a846f150ab9031b86585360f30ac3/element/f.6CD6B7C80D08F775EB7D2FFF8B2C9AB5.d.061157CA66DE20FDB5D04F9A8A61E967.e.1598/click - {}
RESULT: {}
COMMAND: GET /session/a49a846f150ab9031b86585360f30ac3/screenshot - {}
RESULT: {}
COMMAND: POST /session/a49a846f150ab9031b86585360f30ac3/actions - {"actions":[{"id":"action3","type":"key","parameters":{},"actions":[{"type":"keyDown","value":"î€‡"},{"type":"pause","duration":10},{"type":"keyUp","value":"î€‡"}]}]}
RESULT: {"actions":[{"id":"action3","type":"key","parameters":{},"actions":[{"type":"keyDown","value":"î€‡"},{"type":"pause","duration":10},{"type":"keyUp","value":"î€‡"}]}]}
COMMAND: POST /session/a49a846f150ab9031b86585360f30ac3/execute/async - {"script":"<script> [1562 bytes]","args":[{"selector":{"id":"application-managepartners-display-component---NewPartner--externalCustomerComboBox-application-managepartners-display-component---NewPartner--assignmentsTable-0-vhi"},"wdio_ui5_key":"applicationmanagepartners-display-component---NewPartner--externalCustomerComboBox-application-managepartners-display-component---NewPartner--assignmentsTable-0-vhi"}]}
COMMAND: GET /session/a49a846f150ab9031b86585360f30ac3/screenshot - {}
RESULT: {"script":"<script> [1562 bytes]","args":[{"selector":{"id":"application-managepartners-display-component---NewPartner--externalCustomerComboBox-application-managepartners-display-component---NewPartner--assignmentsTable-0-vhi"},"wdio_ui5_key":"applicationmanagepartners-display-component---NewPartner--externalCustomerComboBox-application-managepartners-display-component---NewPartner--assignmentsTable-0-vhi"}]}
RESULT: undefined
COMMAND: POST /session/a49a846f150ab9031b86585360f30ac3/element - {"using":"xpath","value":"//*[@id=\"application-managepartners-display-component---NewPartner--externalCustomerComboBox-application-managepartners-display-component---NewPartner--assignmentsTable-0-vhi\"]"}
RESULT: {}
RESULT: {"using":"xpath","value":"//*[@id=\"application-managepartners-display-component---NewPartner--externalCustomerComboBox-application-managepartners-display-component---NewPartner--assignmentsTable-0-vhi\"]"}
COMMAND: POST /session/a49a846f150ab9031b86585360f30ac3/element/f.6CD6B7C80D08F775EB7D2FFF8B2C9AB5.d.061157CA66DE20FDB5D04F9A8A61E967.e.1602/click - {}
RESULT: {}
RESULT: undefined
COMMAND: POST /session/a49a846f150ab9031b86585360f30ac3/execute/async - {"script":"<script> [776 bytes]","args":[{"enterText":"300003","selector":{"controlType":"sap.m.SearchField","properties":{"placeholder":"Search"},"searchOpenDialogs":true,"interaction":{"idSuffix":"I"}},"clearTextFirst":true,"interactionType":"ENTER_TEXT"}]}
COMMAND: GET /session/a49a846f150ab9031b86585360f30ac3/screenshot - {}
RESULT: {"script":"<script> [776 bytes]","args":[{"enterText":"300003","selector":{"controlType":"sap.m.SearchField","properties":{"placeholder":"Search"},"searchOpenDialogs":true,"interaction":{"idSuffix":"I"}},"clearTextFirst":true,"interactionType":"ENTER_TEXT"}]}
COMMAND: POST /session/a49a846f150ab9031b86585360f30ac3/actions - {"actions":[{"id":"action4","type":"key","parameters":{},"actions":[{"type":"keyDown","value":"î€‡"},{"type":"pause","duration":10},{"type":"keyUp","value":"î€‡"}]}]}
RESULT: {}
RESULT: {"actions":[{"id":"action4","type":"key","parameters":{},"actions":[{"type":"keyDown","value":"î€‡"},{"type":"pause","duration":10},{"type":"keyUp","value":"î€‡"}]}]}
COMMAND: GET /session/a49a846f150ab9031b86585360f30ac3/screenshot - {}
RESULT: {}
COMMAND: POST /session/a49a846f150ab9031b86585360f30ac3/element - {"using":"xpath","value":"//span[contains(text(), \"300003\")]"}
RESULT: {"using":"xpath","value":"//span[contains(text(), \"300003\")]"}
COMMAND: POST /session/a49a846f150ab9031b86585360f30ac3/element/f.6CD6B7C80D08F775EB7D2FFF8B2C9AB5.d.061157CA66DE20FDB5D04F9A8A61E967.e.1618/click - {}
RESULT: {}
COMMAND: GET /session/a49a846f150ab9031b86585360f30ac3/screenshot - {}
RESULT: {}
COMMAND: POST /session/a49a846f150ab9031b86585360f30ac3/element - {"using":"xpath","value":"//bdi[contains(text(), \"OK\")]"}
RESULT: {"using":"xpath","value":"//bdi[contains(text(), \"OK\")]"}
COMMAND: POST /session/a49a846f150ab9031b86585360f30ac3/element/f.6CD6B7C80D08F775EB7D2FFF8B2C9AB5.d.061157CA66DE20FDB5D04F9A8A61E967.e.1620/click - {}
RESULT: {}
COMMAND: GET /session/a49a846f150ab9031b86585360f30ac3/screenshot - {}
RESULT: {}
COMMAND: POST /session/a49a846f150ab9031b86585360f30ac3/execute/async - {"script":"<script> [1562 bytes]","args":[{"selector":{"id":"application-managepartners-display-component---NewPartner--intercompVendorComboBox-application-managepartners-display-component---NewPartner--assignmentsTable-0-vhi"},"wdio_ui5_key":"applicationmanagepartners-display-component---NewPartner--intercompVendorComboBox-application-managepartners-display-component---NewPartner--assignmentsTable-0-vhi"}]}
RESULT: {"script":"<script> [1562 bytes]","args":[{"selector":{"id":"application-managepartners-display-component---NewPartner--intercompVendorComboBox-application-managepartners-display-component---NewPartner--assignmentsTable-0-vhi"},"wdio_ui5_key":"applicationmanagepartners-display-component---NewPartner--intercompVendorComboBox-application-managepartners-display-component---NewPartner--assignmentsTable-0-vhi"}]}
RESULT: undefined
COMMAND: POST /session/a49a846f150ab9031b86585360f30ac3/element - {"using":"xpath","value":"//*[@id=\"application-managepartners-display-component---NewPartner--intercompVendorComboBox-application-managepartners-display-component---NewPartner--assignmentsTable-0-vhi\"]"}
RESULT: {"using":"xpath","value":"//*[@id=\"application-managepartners-display-component---NewPartner--intercompVendorComboBox-application-managepartners-display-component---NewPartner--assignmentsTable-0-vhi\"]"}
COMMAND: POST /session/a49a846f150ab9031b86585360f30ac3/element/f.6CD6B7C80D08F775EB7D2FFF8B2C9AB5.d.061157CA66DE20FDB5D04F9A8A61E967.e.1623/click - {}
RESULT: {}
RESULT: undefined
COMMAND: POST /session/a49a846f150ab9031b86585360f30ac3/execute/async - {"script":"<script> [776 bytes]","args":[{"enterText":"100005","selector":{"controlType":"sap.m.SearchField","properties":{"placeholder":"Search"},"searchOpenDialogs":true,"interaction":{"idSuffix":"I"}},"clearTextFirst":true,"interactionType":"ENTER_TEXT"}]}
COMMAND: GET /session/a49a846f150ab9031b86585360f30ac3/screenshot - {}
RESULT: {"script":"<script> [776 bytes]","args":[{"enterText":"100005","selector":{"controlType":"sap.m.SearchField","properties":{"placeholder":"Search"},"searchOpenDialogs":true,"interaction":{"idSuffix":"I"}},"clearTextFirst":true,"interactionType":"ENTER_TEXT"}]}
COMMAND: POST /session/a49a846f150ab9031b86585360f30ac3/actions - {"actions":[{"id":"action5","type":"key","parameters":{},"actions":[{"type":"keyDown","value":"î€‡"},{"type":"pause","duration":10},{"type":"keyUp","value":"î€‡"}]}]}
RESULT: {}
RESULT: {"actions":[{"id":"action5","type":"key","parameters":{},"actions":[{"type":"keyDown","value":"î€‡"},{"type":"pause","duration":10},{"type":"keyUp","value":"î€‡"}]}]}
COMMAND: GET /session/a49a846f150ab9031b86585360f30ac3/screenshot - {}
RESULT: {}
COMMAND: POST /session/a49a846f150ab9031b86585360f30ac3/element - {"using":"xpath","value":"//span[contains(text(), \"Penguins - Field/12345 Berlin\")]"}
RESULT: {"using":"xpath","value":"//span[contains(text(), \"Penguins - Field/12345 Berlin\")]"}
COMMAND: POST /session/a49a846f150ab9031b86585360f30ac3/element/f.6CD6B7C80D08F775EB7D2FFF8B2C9AB5.d.061157CA66DE20FDB5D04F9A8A61E967.e.1642/click - {}
RESULT: {}
COMMAND: GET /session/a49a846f150ab9031b86585360f30ac3/screenshot - {}
RESULT: {}
COMMAND: POST /session/a49a846f150ab9031b86585360f30ac3/element - {"using":"xpath","value":"//bdi[contains(text(), \"OK\")]"}
RESULT: {"using":"xpath","value":"//bdi[contains(text(), \"OK\")]"}
COMMAND: POST /session/a49a846f150ab9031b86585360f30ac3/element/f.6CD6B7C80D08F775EB7D2FFF8B2C9AB5.d.061157CA66DE20FDB5D04F9A8A61E967.e.1643/click - {}
RESULT: {}
COMMAND: GET /session/a49a846f150ab9031b86585360f30ac3/screenshot - {}
RESULT: {}
COMMAND: POST /session/a49a846f150ab9031b86585360f30ac3/element - {"using":"xpath","value":"//button[@data-kt=\"saveButton\"]"}
RESULT: {"using":"xpath","value":"//button[@data-kt=\"saveButton\"]"}
COMMAND: POST /session/a49a846f150ab9031b86585360f30ac3/element/f.6CD6B7C80D08F775EB7D2FFF8B2C9AB5.d.061157CA66DE20FDB5D04F9A8A61E967.e.1451/click - {}
RESULT: {}
COMMAND: GET /session/a49a846f150ab9031b86585360f30ac3/screenshot - {}
RESULT: {}
COMMAND: POST /session/a49a846f150ab9031b86585360f30ac3/element - {"using":"xpath","value":"//header[contains(@id, 'ObjectPageLayout-headerTitle')]/div[1]/div[2]/div[2]/span[1]"}
RESULT: {"using":"xpath","value":"//header[contains(@id, 'ObjectPageLayout-headerTitle')]/div[1]/div[2]/div[2]/span[1]"}
COMMAND: POST /session/a49a846f150ab9031b86585360f30ac3/elements - {"using":"xpath","value":"//header[contains(@id, 'ObjectPageLayout-headerTitle')]/div[1]/div[2]/div[2]/span[1]"}
RESULT: {"using":"xpath","value":"//header[contains(@id, 'ObjectPageLayout-headerTitle')]/div[1]/div[2]/div[2]/span[1]"}
COMMAND: POST /session/a49a846f150ab9031b86585360f30ac3/execute/sync - {"script":"<script> [56 bytes]","args":[{"element-6066-11e4-a52e-4f735466cecf":"f.6CD6B7C80D08F775EB7D2FFF8B2C9AB5.d.061157CA66DE20FDB5D04F9A8A61E967.e.1806","ELEMENT":"f.6CD6B7C80D08F775EB7D2FFF8B2C9AB5.d.061157CA66DE20FDB5D04F9A8A61E967.e.1806"}]}
RESULT: {"script":"<script> [56 bytes]","args":[{"element-6066-11e4-a52e-4f735466cecf":"f.6CD6B7C80D08F775EB7D2FFF8B2C9AB5.d.061157CA66DE20FDB5D04F9A8A61E967.e.1806","ELEMENT":"f.6CD6B7C80D08F775EB7D2FFF8B2C9AB5.d.061157CA66DE20FDB5D04F9A8A61E967.e.1806"}]}
COMMAND: POST /session/a49a846f150ab9031b86585360f30ac3/element - {"using":"css selector","value":"#shell-header-logo"}
COMMAND: GET /session/a49a846f150ab9031b86585360f30ac3/screenshot - {}
RESULT: {"using":"css selector","value":"#shell-header-logo"}
COMMAND: POST /session/a49a846f150ab9031b86585360f30ac3/element/f.6CD6B7C80D08F775EB7D2FFF8B2C9AB5.d.061157CA66DE20FDB5D04F9A8A61E967.e.1026/click - {}
RESULT: {}
RESULT: {}
COMMAND: GET /session/a49a846f150ab9031b86585360f30ac3/screenshot - {}
RESULT: {}
COMMAND: POST /session/a49a846f150ab9031b86585360f30ac3/execute/sync - {"script":"<script> [299 bytes]","args":[["getModel","getResource"]]}
RESULT: {"script":"<script> [299 bytes]","args":[["getModel","getResource"]]}
]]></system-out>
    </testcase>
    <testcase classname="chrome.135_0_7049_96.windows.Billing_confirm_US117289" name="Should create a new site" time="84.967">
      <system-out><![CDATA[
COMMAND: GET /session/a49a846f150ab9031b86585360f30ac3/screenshot - {}
COMMAND: POST /session/a49a846f150ab9031b86585360f30ac3/execute/async - {"script":"<script> [1562 bytes]","args":[{"selector":{"controlType":"sap.m.TileContent","bindingPath":{"path":"","propertyPath":"/properties/info"},"ancestor":{"controlType":"sap.m.GenericTile","properties":{"header":"Manage Sites"}}},"wdio_ui5_key":"sapm.TileContent{\"path\":\"\",\"propertyPath\":\"/properties/info\"}{\"controlType\":\"sap.m.GenericTile\",\"properties\":{\"header\":\"Manage Sites\"}}"}]}
RESULT: {}
RESULT: {"script":"<script> [1562 bytes]","args":[{"selector":{"controlType":"sap.m.TileContent","bindingPath":{"path":"","propertyPath":"/properties/info"},"ancestor":{"controlType":"sap.m.GenericTile","properties":{"header":"Manage Sites"}}},"wdio_ui5_key":"sapm.TileContent{\"path\":\"\",\"propertyPath\":\"/properties/info\"}{\"controlType\":\"sap.m.GenericTile\",\"properties\":{\"header\":\"Manage Sites\"}}"}]}
RESULT: undefined
COMMAND: POST /session/a49a846f150ab9031b86585360f30ac3/element - {"using":"xpath","value":"//*[@id=\"__xmlview7--numericTileContent\"]"}
RESULT: {"using":"xpath","value":"//*[@id=\"__xmlview7--numericTileContent\"]"}
COMMAND: POST /session/a49a846f150ab9031b86585360f30ac3/element/f.6CD6B7C80D08F775EB7D2FFF8B2C9AB5.d.061157CA66DE20FDB5D04F9A8A61E967.e.1808/click - {}
RESULT: {}
COMMAND: POST /session/a49a846f150ab9031b86585360f30ac3/element - {"using":"xpath","value":"//button[@data-kt=\"addOverflowToolbarButton\"]"}
COMMAND: GET /session/a49a846f150ab9031b86585360f30ac3/screenshot - {}
RESULT: {"using":"xpath","value":"//button[@data-kt=\"addOverflowToolbarButton\"]"}
COMMAND: POST /session/a49a846f150ab9031b86585360f30ac3/elements - {"using":"xpath","value":"//button[@data-kt=\"addOverflowToolbarButton\"]"}
RESULT: {}
RESULT: {"using":"xpath","value":"//button[@data-kt=\"addOverflowToolbarButton\"]"}
COMMAND: POST /session/a49a846f150ab9031b86585360f30ac3/elements - {"using":"xpath","value":"//button[@data-kt=\"addOverflowToolbarButton\"]"}
RESULT: {"using":"xpath","value":"//button[@data-kt=\"addOverflowToolbarButton\"]"}
COMMAND: POST /session/a49a846f150ab9031b86585360f30ac3/elements - {"using":"xpath","value":"//button[@data-kt=\"addOverflowToolbarButton\"]"}
RESULT: {"using":"xpath","value":"//button[@data-kt=\"addOverflowToolbarButton\"]"}
COMMAND: POST /session/a49a846f150ab9031b86585360f30ac3/elements - {"using":"xpath","value":"//button[@data-kt=\"addOverflowToolbarButton\"]"}
RESULT: {"using":"xpath","value":"//button[@data-kt=\"addOverflowToolbarButton\"]"}
COMMAND: POST /session/a49a846f150ab9031b86585360f30ac3/element - {"using":"xpath","value":"//button[@data-kt=\"addOverflowToolbarButton\"]"}
RESULT: {"using":"xpath","value":"//button[@data-kt=\"addOverflowToolbarButton\"]"}
COMMAND: POST /session/a49a846f150ab9031b86585360f30ac3/execute/sync - {"script":"<script> [8489 bytes]","args":[{"element-6066-11e4-a52e-4f735466cecf":"f.6CD6B7C80D08F775EB7D2FFF8B2C9AB5.d.061157CA66DE20FDB5D04F9A8A61E967.e.1855","ELEMENT":"f.6CD6B7C80D08F775EB7D2FFF8B2C9AB5.d.061157CA66DE20FDB5D04F9A8A61E967.e.1855"}]}
RESULT: {"script":"<script> [8489 bytes]","args":[{"element-6066-11e4-a52e-4f735466cecf":"f.6CD6B7C80D08F775EB7D2FFF8B2C9AB5.d.061157CA66DE20FDB5D04F9A8A61E967.e.1855","ELEMENT":"f.6CD6B7C80D08F775EB7D2FFF8B2C9AB5.d.061157CA66DE20FDB5D04F9A8A61E967.e.1855"}]}
COMMAND: GET /session/a49a846f150ab9031b86585360f30ac3/element/f.6CD6B7C80D08F775EB7D2FFF8B2C9AB5.d.061157CA66DE20FDB5D04F9A8A61E967.e.1855/enabled - {}
COMMAND: GET /session/a49a846f150ab9031b86585360f30ac3/screenshot - {}
RESULT: {}
COMMAND: POST /session/a49a846f150ab9031b86585360f30ac3/execute/sync - {"script":"<script> [8489 bytes]","args":[{"element-6066-11e4-a52e-4f735466cecf":"f.6CD6B7C80D08F775EB7D2FFF8B2C9AB5.d.061157CA66DE20FDB5D04F9A8A61E967.e.1855","ELEMENT":"f.6CD6B7C80D08F775EB7D2FFF8B2C9AB5.d.061157CA66DE20FDB5D04F9A8A61E967.e.1855"}]}
COMMAND: GET /session/a49a846f150ab9031b86585360f30ac3/screenshot - {}
RESULT: {}
RESULT: {"script":"<script> [8489 bytes]","args":[{"element-6066-11e4-a52e-4f735466cecf":"f.6CD6B7C80D08F775EB7D2FFF8B2C9AB5.d.061157CA66DE20FDB5D04F9A8A61E967.e.1855","ELEMENT":"f.6CD6B7C80D08F775EB7D2FFF8B2C9AB5.d.061157CA66DE20FDB5D04F9A8A61E967.e.1855"}]}
COMMAND: POST /session/a49a846f150ab9031b86585360f30ac3/execute/sync - {"script":"<script> [5351 bytes]","args":[{"element-6066-11e4-a52e-4f735466cecf":"f.6CD6B7C80D08F775EB7D2FFF8B2C9AB5.d.061157CA66DE20FDB5D04F9A8A61E967.e.1855","ELEMENT":"f.6CD6B7C80D08F775EB7D2FFF8B2C9AB5.d.061157CA66DE20FDB5D04F9A8A61E967.e.1855"}]}
COMMAND: GET /session/a49a846f150ab9031b86585360f30ac3/screenshot - {}
RESULT: {}
RESULT: {"script":"<script> [5351 bytes]","args":[{"element-6066-11e4-a52e-4f735466cecf":"f.6CD6B7C80D08F775EB7D2FFF8B2C9AB5.d.061157CA66DE20FDB5D04F9A8A61E967.e.1855","ELEMENT":"f.6CD6B7C80D08F775EB7D2FFF8B2C9AB5.d.061157CA66DE20FDB5D04F9A8A61E967.e.1855"}]}
COMMAND: POST /session/a49a846f150ab9031b86585360f30ac3/element/f.6CD6B7C80D08F775EB7D2FFF8B2C9AB5.d.061157CA66DE20FDB5D04F9A8A61E967.e.1855/click - {}
COMMAND: GET /session/a49a846f150ab9031b86585360f30ac3/screenshot - {}
RESULT: {}
RESULT: {}
COMMAND: GET /session/a49a846f150ab9031b86585360f30ac3/screenshot - {}
RESULT: {}
RESULT: {}
COMMAND: POST /session/a49a846f150ab9031b86585360f30ac3/execute/async - {"script":"<script> [1562 bytes]","args":[{"selector":{"id":"application-managesites-display-component---NewSite--addressDetailDetailsName1","interaction":{"idSuffix":"inner"}},"wdio_ui5_key":"applicationmanagesites-display-component---NewSite--addressDetailDetailsName1"}]}
RESULT: {"script":"<script> [1562 bytes]","args":[{"selector":{"id":"application-managesites-display-component---NewSite--addressDetailDetailsName1","interaction":{"idSuffix":"inner"}},"wdio_ui5_key":"applicationmanagesites-display-component---NewSite--addressDetailDetailsName1"}]}
RESULT: undefined
COMMAND: POST /session/a49a846f150ab9031b86585360f30ac3/execute/async - {"script":"<script> [776 bytes]","args":[{"enterText":"Intracompany Site wdIO","selector":{"id":"application-managesites-display-component---NewSite--addressDetailDetailsName1","interaction":{"idSuffix":"inner"}},"clearTextFirst":true,"interactionType":"ENTER_TEXT"}]}
RESULT: {"script":"<script> [776 bytes]","args":[{"enterText":"Intracompany Site wdIO","selector":{"id":"application-managesites-display-component---NewSite--addressDetailDetailsName1","interaction":{"idSuffix":"inner"}},"clearTextFirst":true,"interactionType":"ENTER_TEXT"}]}
COMMAND: POST /session/a49a846f150ab9031b86585360f30ac3/execute/async - {"script":"<script> [1562 bytes]","args":[{"selector":{"id":"application-managesites-display-component---NewSite--addressDetailDetailsLanguage-arrow"},"wdio_ui5_key":"applicationmanagesites-display-component---NewSite--addressDetailDetailsLanguage-arrow"}]}
RESULT: {"script":"<script> [1562 bytes]","args":[{"selector":{"id":"application-managesites-display-component---NewSite--addressDetailDetailsLanguage-arrow"},"wdio_ui5_key":"applicationmanagesites-display-component---NewSite--addressDetailDetailsLanguage-arrow"}]}
RESULT: undefined
COMMAND: POST /session/a49a846f150ab9031b86585360f30ac3/element - {"using":"xpath","value":"//*[@id=\"application-managesites-display-component---NewSite--addressDetailDetailsLanguage-arrow\"]"}
RESULT: {"using":"xpath","value":"//*[@id=\"application-managesites-display-component---NewSite--addressDetailDetailsLanguage-arrow\"]"}
COMMAND: POST /session/a49a846f150ab9031b86585360f30ac3/element/f.6CD6B7C80D08F775EB7D2FFF8B2C9AB5.d.061157CA66DE20FDB5D04F9A8A61E967.e.2254/click - {}
RESULT: {}
COMMAND: POST /session/a49a846f150ab9031b86585360f30ac3/element - {"using":"xpath","value":"//span[contains(text(), \"English\")]"}
COMMAND: GET /session/a49a846f150ab9031b86585360f30ac3/screenshot - {}
RESULT: {"using":"xpath","value":"//span[contains(text(), \"English\")]"}
COMMAND: POST /session/a49a846f150ab9031b86585360f30ac3/element/f.6CD6B7C80D08F775EB7D2FFF8B2C9AB5.d.061157CA66DE20FDB5D04F9A8A61E967.e.2255/click - {}
RESULT: {}
RESULT: {}
COMMAND: POST /session/a49a846f150ab9031b86585360f30ac3/execute/async - {"script":"<script> [1562 bytes]","args":[{"selector":{"id":"application-managesites-display-component---NewSite--addressDetailDetailsCity1","interaction":{"idSuffix":"inner"}},"wdio_ui5_key":"applicationmanagesites-display-component---NewSite--addressDetailDetailsCity1"}]}
COMMAND: GET /session/a49a846f150ab9031b86585360f30ac3/screenshot - {}
RESULT: {"script":"<script> [1562 bytes]","args":[{"selector":{"id":"application-managesites-display-component---NewSite--addressDetailDetailsCity1","interaction":{"idSuffix":"inner"}},"wdio_ui5_key":"applicationmanagesites-display-component---NewSite--addressDetailDetailsCity1"}]}
RESULT: undefined
COMMAND: POST /session/a49a846f150ab9031b86585360f30ac3/execute/async - {"script":"<script> [776 bytes]","args":[{"enterText":"Rosario","selector":{"id":"application-managesites-display-component---NewSite--addressDetailDetailsCity1","interaction":{"idSuffix":"inner"}},"clearTextFirst":true,"interactionType":"ENTER_TEXT"}]}
RESULT: {}
RESULT: {"script":"<script> [776 bytes]","args":[{"enterText":"Rosario","selector":{"id":"application-managesites-display-component---NewSite--addressDetailDetailsCity1","interaction":{"idSuffix":"inner"}},"clearTextFirst":true,"interactionType":"ENTER_TEXT"}]}
COMMAND: POST /session/a49a846f150ab9031b86585360f30ac3/execute/async - {"script":"<script> [1562 bytes]","args":[{"selector":{"id":"application-managesites-display-component---NewSite--addressDetailDetailsCountry-arrow"},"wdio_ui5_key":"applicationmanagesites-display-component---NewSite--addressDetailDetailsCountry-arrow"}]}
RESULT: {"script":"<script> [1562 bytes]","args":[{"selector":{"id":"application-managesites-display-component---NewSite--addressDetailDetailsCountry-arrow"},"wdio_ui5_key":"applicationmanagesites-display-component---NewSite--addressDetailDetailsCountry-arrow"}]}
RESULT: undefined
COMMAND: POST /session/a49a846f150ab9031b86585360f30ac3/element - {"using":"xpath","value":"//*[@id=\"application-managesites-display-component---NewSite--addressDetailDetailsCountry-arrow\"]"}
RESULT: {"using":"xpath","value":"//*[@id=\"application-managesites-display-component---NewSite--addressDetailDetailsCountry-arrow\"]"}
COMMAND: POST /session/a49a846f150ab9031b86585360f30ac3/element/f.6CD6B7C80D08F775EB7D2FFF8B2C9AB5.d.061157CA66DE20FDB5D04F9A8A61E967.e.2257/click - {}
RESULT: {}
COMMAND: POST /session/a49a846f150ab9031b86585360f30ac3/element - {"using":"xpath","value":"//span[contains(text(), \"Argentina\")]"}
COMMAND: GET /session/a49a846f150ab9031b86585360f30ac3/screenshot - {}
RESULT: {"using":"xpath","value":"//span[contains(text(), \"Argentina\")]"}
COMMAND: POST /session/a49a846f150ab9031b86585360f30ac3/element/f.6CD6B7C80D08F775EB7D2FFF8B2C9AB5.d.061157CA66DE20FDB5D04F9A8A61E967.e.2258/click - {}
RESULT: {}
RESULT: {}
COMMAND: GET /session/a49a846f150ab9031b86585360f30ac3/screenshot - {}
RESULT: {}
COMMAND: POST /session/a49a846f150ab9031b86585360f30ac3/execute/async - {"script":"<script> [1562 bytes]","args":[{"selector":{"id":"application-managesites-display-component---NewSite--addressEditDetailsCostObjectCstType-arrow"},"wdio_ui5_key":"applicationmanagesites-display-component---NewSite--addressEditDetailsCostObjectCstType-arrow"}]}
RESULT: {"script":"<script> [1562 bytes]","args":[{"selector":{"id":"application-managesites-display-component---NewSite--addressEditDetailsCostObjectCstType-arrow"},"wdio_ui5_key":"applicationmanagesites-display-component---NewSite--addressEditDetailsCostObjectCstType-arrow"}]}
RESULT: undefined
COMMAND: POST /session/a49a846f150ab9031b86585360f30ac3/element - {"using":"xpath","value":"//*[@id=\"application-managesites-display-component---NewSite--addressEditDetailsCostObjectCstType-arrow\"]"}
RESULT: {"using":"xpath","value":"//*[@id=\"application-managesites-display-component---NewSite--addressEditDetailsCostObjectCstType-arrow\"]"}
COMMAND: POST /session/a49a846f150ab9031b86585360f30ac3/element/f.6CD6B7C80D08F775EB7D2FFF8B2C9AB5.d.061157CA66DE20FDB5D04F9A8A61E967.e.2260/click - {}
RESULT: {}
COMMAND: POST /session/a49a846f150ab9031b86585360f30ac3/element - {"using":"xpath","value":"//span[contains(text(), \"Cost Center\")]"}
COMMAND: GET /session/a49a846f150ab9031b86585360f30ac3/screenshot - {}
RESULT: {"using":"xpath","value":"//span[contains(text(), \"Cost Center\")]"}
COMMAND: POST /session/a49a846f150ab9031b86585360f30ac3/element/f.6CD6B7C80D08F775EB7D2FFF8B2C9AB5.d.061157CA66DE20FDB5D04F9A8A61E967.e.2261/click - {}
RESULT: {}
RESULT: {}
COMMAND: GET /session/a49a846f150ab9031b86585360f30ac3/screenshot - {}
RESULT: {}
COMMAND: POST /session/a49a846f150ab9031b86585360f30ac3/element - {"using":"xpath","value":"//span[@id=\"application-managesites-display-component---NewSite--addressNewCostObjectCstID-vhi\"]"}
RESULT: {"using":"xpath","value":"//span[@id=\"application-managesites-display-component---NewSite--addressNewCostObjectCstID-vhi\"]"}
COMMAND: POST /session/a49a846f150ab9031b86585360f30ac3/execute/sync - {"script":"<script> [8489 bytes]","args":[{"element-6066-11e4-a52e-4f735466cecf":"f.6CD6B7C80D08F775EB7D2FFF8B2C9AB5.d.061157CA66DE20FDB5D04F9A8A61E967.e.2266","ELEMENT":"f.6CD6B7C80D08F775EB7D2FFF8B2C9AB5.d.061157CA66DE20FDB5D04F9A8A61E967.e.2266"}]}
RESULT: {"script":"<script> [8489 bytes]","args":[{"element-6066-11e4-a52e-4f735466cecf":"f.6CD6B7C80D08F775EB7D2FFF8B2C9AB5.d.061157CA66DE20FDB5D04F9A8A61E967.e.2266","ELEMENT":"f.6CD6B7C80D08F775EB7D2FFF8B2C9AB5.d.061157CA66DE20FDB5D04F9A8A61E967.e.2266"}]}
COMMAND: POST /session/a49a846f150ab9031b86585360f30ac3/execute/async - {"script":"<script> [1562 bytes]","args":[{"selector":{"id":"application-managesites-display-component---NewSite--addressNewCostObjectCstID-vhi"},"wdio_ui5_key":"applicationmanagesites-display-component---NewSite--addressNewCostObjectCstID-vhi"}]}
COMMAND: GET /session/a49a846f150ab9031b86585360f30ac3/screenshot - {}
RESULT: {"script":"<script> [1562 bytes]","args":[{"selector":{"id":"application-managesites-display-component---NewSite--addressNewCostObjectCstID-vhi"},"wdio_ui5_key":"applicationmanagesites-display-component---NewSite--addressNewCostObjectCstID-vhi"}]}
RESULT: undefined
COMMAND: POST /session/a49a846f150ab9031b86585360f30ac3/element - {"using":"xpath","value":"//*[@id=\"application-managesites-display-component---NewSite--addressNewCostObjectCstID-vhi\"]"}
RESULT: {}
RESULT: {"using":"xpath","value":"//*[@id=\"application-managesites-display-component---NewSite--addressNewCostObjectCstID-vhi\"]"}
COMMAND: POST /session/a49a846f150ab9031b86585360f30ac3/element/f.6CD6B7C80D08F775EB7D2FFF8B2C9AB5.d.061157CA66DE20FDB5D04F9A8A61E967.e.2266/click - {}
RESULT: {}
COMMAND: GET /session/a49a846f150ab9031b86585360f30ac3/screenshot - {}
RESULT: {}
RESULT: undefined
COMMAND: POST /session/a49a846f150ab9031b86585360f30ac3/execute/async - {"script":"<script> [776 bytes]","args":[{"enterText":"10001013","selector":{"controlType":"sap.m.SearchField","properties":{"placeholder":"Search"},"searchOpenDialogs":true,"interaction":{"idSuffix":"I"}},"clearTextFirst":true,"interactionType":"ENTER_TEXT"}]}
RESULT: {"script":"<script> [776 bytes]","args":[{"enterText":"10001013","selector":{"controlType":"sap.m.SearchField","properties":{"placeholder":"Search"},"searchOpenDialogs":true,"interaction":{"idSuffix":"I"}},"clearTextFirst":true,"interactionType":"ENTER_TEXT"}]}
COMMAND: POST /session/a49a846f150ab9031b86585360f30ac3/actions - {"actions":[{"id":"action6","type":"key","parameters":{},"actions":[{"type":"keyDown","value":"î€‡"},{"type":"pause","duration":10},{"type":"keyUp","value":"î€‡"}]}]}
RESULT: {"actions":[{"id":"action6","type":"key","parameters":{},"actions":[{"type":"keyDown","value":"î€‡"},{"type":"pause","duration":10},{"type":"keyUp","value":"î€‡"}]}]}
COMMAND: GET /session/a49a846f150ab9031b86585360f30ac3/screenshot - {}
RESULT: {}
COMMAND: POST /session/a49a846f150ab9031b86585360f30ac3/element - {"using":"xpath","value":"//span[contains(text(), \"General Management\")]"}
RESULT: {"using":"xpath","value":"//span[contains(text(), \"General Management\")]"}
COMMAND: POST /session/a49a846f150ab9031b86585360f30ac3/element/f.6CD6B7C80D08F775EB7D2FFF8B2C9AB5.d.061157CA66DE20FDB5D04F9A8A61E967.e.2304/click - {}
RESULT: {}
COMMAND: GET /session/a49a846f150ab9031b86585360f30ac3/screenshot - {}
RESULT: {}
COMMAND: POST /session/a49a846f150ab9031b86585360f30ac3/element - {"using":"xpath","value":"//bdi[contains(text(), \"OK\")]"}
RESULT: {"using":"xpath","value":"//bdi[contains(text(), \"OK\")]"}
COMMAND: POST /session/a49a846f150ab9031b86585360f30ac3/element/f.6CD6B7C80D08F775EB7D2FFF8B2C9AB5.d.061157CA66DE20FDB5D04F9A8A61E967.e.2305/click - {}
RESULT: {}
COMMAND: GET /session/a49a846f150ab9031b86585360f30ac3/screenshot - {}
RESULT: {}
COMMAND: POST /session/a49a846f150ab9031b86585360f30ac3/element - {"using":"xpath","value":"//input[@id=\"application-managesites-display-component---NewSite--addressDetailDetailsCalendar-inner\"]"}
RESULT: {"using":"xpath","value":"//input[@id=\"application-managesites-display-component---NewSite--addressDetailDetailsCalendar-inner\"]"}
COMMAND: POST /session/a49a846f150ab9031b86585360f30ac3/element/f.6CD6B7C80D08F775EB7D2FFF8B2C9AB5.d.061157CA66DE20FDB5D04F9A8A61E967.e.2050/clear - {}
RESULT: {}
COMMAND: POST /session/a49a846f150ab9031b86585360f30ac3/element/f.6CD6B7C80D08F775EB7D2FFF8B2C9AB5.d.061157CA66DE20FDB5D04F9A8A61E967.e.2050/value - {"text":"Unit"}
COMMAND: GET /session/a49a846f150ab9031b86585360f30ac3/screenshot - {}
RESULT: {"text":"Unit"}
COMMAND: GET /session/a49a846f150ab9031b86585360f30ac3/screenshot - {}
RESULT: {}
RESULT: {}
COMMAND: POST /session/a49a846f150ab9031b86585360f30ac3/actions - {"actions":[{"id":"action7","type":"key","parameters":{},"actions":[{"type":"keyDown","value":"î€‡"},{"type":"pause","duration":10},{"type":"keyUp","value":"î€‡"}]}]}
RESULT: {"actions":[{"id":"action7","type":"key","parameters":{},"actions":[{"type":"keyDown","value":"î€‡"},{"type":"pause","duration":10},{"type":"keyUp","value":"î€‡"}]}]}
COMMAND: POST /session/a49a846f150ab9031b86585360f30ac3/element - {"using":"xpath","value":"//input[@id=\"application-managesites-display-component---NewSite--addressDetailDetailsYard-inner\"]"}
COMMAND: GET /session/a49a846f150ab9031b86585360f30ac3/screenshot - {}
RESULT: {"using":"xpath","value":"//input[@id=\"application-managesites-display-component---NewSite--addressDetailDetailsYard-inner\"]"}
COMMAND: POST /session/a49a846f150ab9031b86585360f30ac3/element/f.6CD6B7C80D08F775EB7D2FFF8B2C9AB5.d.061157CA66DE20FDB5D04F9A8A61E967.e.2051/clear - {}
RESULT: {}
RESULT: {}
COMMAND: POST /session/a49a846f150ab9031b86585360f30ac3/element/f.6CD6B7C80D08F775EB7D2FFF8B2C9AB5.d.061157CA66DE20FDB5D04F9A8A61E967.e.2051/value - {"text":"371"}
COMMAND: GET /session/a49a846f150ab9031b86585360f30ac3/screenshot - {}
RESULT: {"text":"371"}
COMMAND: GET /session/a49a846f150ab9031b86585360f30ac3/screenshot - {}
RESULT: {}
RESULT: {}
COMMAND: POST /session/a49a846f150ab9031b86585360f30ac3/element - {"using":"xpath","value":"//li[.//span[text()='371']]"}
RESULT: {"using":"xpath","value":"//li[.//span[text()='371']]"}
COMMAND: POST /session/a49a846f150ab9031b86585360f30ac3/element/f.6CD6B7C80D08F775EB7D2FFF8B2C9AB5.d.061157CA66DE20FDB5D04F9A8A61E967.e.2313/click - {}
RESULT: {}
COMMAND: GET /session/a49a846f150ab9031b86585360f30ac3/screenshot - {}
RESULT: {}
COMMAND: POST /session/a49a846f150ab9031b86585360f30ac3/element - {"using":"xpath","value":"//input[@id=\"application-managesites-display-component---NewSite--addressDetailDetailsPartner-inner\"]"}
RESULT: {"using":"xpath","value":"//input[@id=\"application-managesites-display-component---NewSite--addressDetailDetailsPartner-inner\"]"}
COMMAND: POST /session/a49a846f150ab9031b86585360f30ac3/element - {"using":"xpath","value":"//input[@id=\"application-managesites-display-component---NewSite--addressDetailDetailsPartner-inner\"]"}
RESULT: {"using":"xpath","value":"//input[@id=\"application-managesites-display-component---NewSite--addressDetailDetailsPartner-inner\"]"}
COMMAND: POST /session/a49a846f150ab9031b86585360f30ac3/element - {"using":"xpath","value":"//button[@data-kt=\"saveButton\"]"}
RESULT: {"using":"xpath","value":"//button[@data-kt=\"saveButton\"]"}
COMMAND: POST /session/a49a846f150ab9031b86585360f30ac3/element/f.6CD6B7C80D08F775EB7D2FFF8B2C9AB5.d.061157CA66DE20FDB5D04F9A8A61E967.e.2239/click - {}
RESULT: {}
COMMAND: GET /session/a49a846f150ab9031b86585360f30ac3/screenshot - {}
RESULT: {}
COMMAND: POST /session/a49a846f150ab9031b86585360f30ac3/element - {"using":"xpath","value":"//header[contains(@id, 'ObjectPageLayout-headerTitle')]/div[1]/div[2]/div[2]/span[1]"}
RESULT: {"using":"xpath","value":"//header[contains(@id, 'ObjectPageLayout-headerTitle')]/div[1]/div[2]/div[2]/span[1]"}
COMMAND: POST /session/a49a846f150ab9031b86585360f30ac3/elements - {"using":"xpath","value":"//header[contains(@id, 'ObjectPageLayout-headerTitle')]/div[1]/div[2]/div[2]/span[1]"}
RESULT: {"using":"xpath","value":"//header[contains(@id, 'ObjectPageLayout-headerTitle')]/div[1]/div[2]/div[2]/span[1]"}
COMMAND: POST /session/a49a846f150ab9031b86585360f30ac3/execute/sync - {"script":"<script> [56 bytes]","args":[{"element-6066-11e4-a52e-4f735466cecf":"f.6CD6B7C80D08F775EB7D2FFF8B2C9AB5.d.061157CA66DE20FDB5D04F9A8A61E967.e.2516","ELEMENT":"f.6CD6B7C80D08F775EB7D2FFF8B2C9AB5.d.061157CA66DE20FDB5D04F9A8A61E967.e.2516"}]}
RESULT: {"script":"<script> [56 bytes]","args":[{"element-6066-11e4-a52e-4f735466cecf":"f.6CD6B7C80D08F775EB7D2FFF8B2C9AB5.d.061157CA66DE20FDB5D04F9A8A61E967.e.2516","ELEMENT":"f.6CD6B7C80D08F775EB7D2FFF8B2C9AB5.d.061157CA66DE20FDB5D04F9A8A61E967.e.2516"}]}
COMMAND: POST /session/a49a846f150ab9031b86585360f30ac3/element - {"using":"css selector","value":"#shell-header-logo"}
COMMAND: GET /session/a49a846f150ab9031b86585360f30ac3/screenshot - {}
RESULT: {"using":"css selector","value":"#shell-header-logo"}
COMMAND: POST /session/a49a846f150ab9031b86585360f30ac3/element/f.6CD6B7C80D08F775EB7D2FFF8B2C9AB5.d.061157CA66DE20FDB5D04F9A8A61E967.e.1812/click - {}
RESULT: {}
RESULT: {}
COMMAND: GET /session/a49a846f150ab9031b86585360f30ac3/screenshot - {}
RESULT: {}
COMMAND: POST /session/a49a846f150ab9031b86585360f30ac3/execute/sync - {"script":"<script> [299 bytes]","args":[["getModel","getResource"]]}
RESULT: {"script":"<script> [299 bytes]","args":[["getModel","getResource"]]}
]]></system-out>
    </testcase>
    <testcase classname="chrome.135_0_7049_96.windows.Billing_confirm_US117289" name="Should create a new equipment" time="118.793">
      <system-out><![CDATA[
COMMAND: GET /session/a49a846f150ab9031b86585360f30ac3/screenshot - {}
COMMAND: POST /session/a49a846f150ab9031b86585360f30ac3/execute/async - {"script":"<script> [1562 bytes]","args":[{"selector":{"controlType":"sap.m.GenericTile","properties":{"header":"Manage Resources"}},"wdio_ui5_key":"sapm.GenericTile{\"header\":\"Manage Resources\"}"}]}
RESULT: {"script":"<script> [1562 bytes]","args":[{"selector":{"controlType":"sap.m.GenericTile","properties":{"header":"Manage Resources"}},"wdio_ui5_key":"sapm.GenericTile{\"header\":\"Manage Resources\"}"}]}
RESULT: undefined
COMMAND: POST /session/a49a846f150ab9031b86585360f30ac3/element - {"using":"xpath","value":"//*[@id=\"__tile39\"]"}
RESULT: {}
RESULT: {"using":"xpath","value":"//*[@id=\"__tile39\"]"}
COMMAND: POST /session/a49a846f150ab9031b86585360f30ac3/element/f.6CD6B7C80D08F775EB7D2FFF8B2C9AB5.d.061157CA66DE20FDB5D04F9A8A61E967.e.151/click - {}
RESULT: {}
COMMAND: POST /session/a49a846f150ab9031b86585360f30ac3/element - {"using":"xpath","value":"//button[@data-kt=\"addNewRUOverflowToolbarButton\"]"}
COMMAND: GET /session/a49a846f150ab9031b86585360f30ac3/screenshot - {}
RESULT: {"using":"xpath","value":"//button[@data-kt=\"addNewRUOverflowToolbarButton\"]"}
COMMAND: POST /session/a49a846f150ab9031b86585360f30ac3/elements - {"using":"xpath","value":"//button[@data-kt=\"addNewRUOverflowToolbarButton\"]"}
RESULT: {}
RESULT: {"using":"xpath","value":"//button[@data-kt=\"addNewRUOverflowToolbarButton\"]"}
COMMAND: POST /session/a49a846f150ab9031b86585360f30ac3/elements - {"using":"xpath","value":"//button[@data-kt=\"addNewRUOverflowToolbarButton\"]"}
RESULT: {"using":"xpath","value":"//button[@data-kt=\"addNewRUOverflowToolbarButton\"]"}
COMMAND: POST /session/a49a846f150ab9031b86585360f30ac3/elements - {"using":"xpath","value":"//button[@data-kt=\"addNewRUOverflowToolbarButton\"]"}
RESULT: {"using":"xpath","value":"//button[@data-kt=\"addNewRUOverflowToolbarButton\"]"}
COMMAND: POST /session/a49a846f150ab9031b86585360f30ac3/elements - {"using":"xpath","value":"//button[@data-kt=\"addNewRUOverflowToolbarButton\"]"}
RESULT: {"using":"xpath","value":"//button[@data-kt=\"addNewRUOverflowToolbarButton\"]"}
COMMAND: POST /session/a49a846f150ab9031b86585360f30ac3/element - {"using":"xpath","value":"//button[@data-kt=\"addNewRUOverflowToolbarButton\"]"}
RESULT: {"using":"xpath","value":"//button[@data-kt=\"addNewRUOverflowToolbarButton\"]"}
COMMAND: POST /session/a49a846f150ab9031b86585360f30ac3/execute/sync - {"script":"<script> [8489 bytes]","args":[{"element-6066-11e4-a52e-4f735466cecf":"f.6CD6B7C80D08F775EB7D2FFF8B2C9AB5.d.061157CA66DE20FDB5D04F9A8A61E967.e.2560","ELEMENT":"f.6CD6B7C80D08F775EB7D2FFF8B2C9AB5.d.061157CA66DE20FDB5D04F9A8A61E967.e.2560"}]}
RESULT: {"script":"<script> [8489 bytes]","args":[{"element-6066-11e4-a52e-4f735466cecf":"f.6CD6B7C80D08F775EB7D2FFF8B2C9AB5.d.061157CA66DE20FDB5D04F9A8A61E967.e.2560","ELEMENT":"f.6CD6B7C80D08F775EB7D2FFF8B2C9AB5.d.061157CA66DE20FDB5D04F9A8A61E967.e.2560"}]}
COMMAND: GET /session/a49a846f150ab9031b86585360f30ac3/element/f.6CD6B7C80D08F775EB7D2FFF8B2C9AB5.d.061157CA66DE20FDB5D04F9A8A61E967.e.2560/enabled - {}
COMMAND: GET /session/a49a846f150ab9031b86585360f30ac3/screenshot - {}
RESULT: {}
COMMAND: POST /session/a49a846f150ab9031b86585360f30ac3/execute/sync - {"script":"<script> [8489 bytes]","args":[{"element-6066-11e4-a52e-4f735466cecf":"f.6CD6B7C80D08F775EB7D2FFF8B2C9AB5.d.061157CA66DE20FDB5D04F9A8A61E967.e.2560","ELEMENT":"f.6CD6B7C80D08F775EB7D2FFF8B2C9AB5.d.061157CA66DE20FDB5D04F9A8A61E967.e.2560"}]}
COMMAND: GET /session/a49a846f150ab9031b86585360f30ac3/screenshot - {}
RESULT: {}
RESULT: {"script":"<script> [8489 bytes]","args":[{"element-6066-11e4-a52e-4f735466cecf":"f.6CD6B7C80D08F775EB7D2FFF8B2C9AB5.d.061157CA66DE20FDB5D04F9A8A61E967.e.2560","ELEMENT":"f.6CD6B7C80D08F775EB7D2FFF8B2C9AB5.d.061157CA66DE20FDB5D04F9A8A61E967.e.2560"}]}
COMMAND: POST /session/a49a846f150ab9031b86585360f30ac3/execute/sync - {"script":"<script> [5351 bytes]","args":[{"element-6066-11e4-a52e-4f735466cecf":"f.6CD6B7C80D08F775EB7D2FFF8B2C9AB5.d.061157CA66DE20FDB5D04F9A8A61E967.e.2560","ELEMENT":"f.6CD6B7C80D08F775EB7D2FFF8B2C9AB5.d.061157CA66DE20FDB5D04F9A8A61E967.e.2560"}]}
COMMAND: GET /session/a49a846f150ab9031b86585360f30ac3/screenshot - {}
RESULT: {}
RESULT: {"script":"<script> [5351 bytes]","args":[{"element-6066-11e4-a52e-4f735466cecf":"f.6CD6B7C80D08F775EB7D2FFF8B2C9AB5.d.061157CA66DE20FDB5D04F9A8A61E967.e.2560","ELEMENT":"f.6CD6B7C80D08F775EB7D2FFF8B2C9AB5.d.061157CA66DE20FDB5D04F9A8A61E967.e.2560"}]}
COMMAND: POST /session/a49a846f150ab9031b86585360f30ac3/element/f.6CD6B7C80D08F775EB7D2FFF8B2C9AB5.d.061157CA66DE20FDB5D04F9A8A61E967.e.2560/click - {}
COMMAND: GET /session/a49a846f150ab9031b86585360f30ac3/screenshot - {}
RESULT: {}
RESULT: {}
COMMAND: GET /session/a49a846f150ab9031b86585360f30ac3/screenshot - {}
RESULT: {}
RESULT: {}
COMMAND: POST /session/a49a846f150ab9031b86585360f30ac3/execute/async - {"script":"<script> [1562 bytes]","args":[{"selector":{"id":"application-manageresources-display-component---newResourceUnit--TYPE-arrow"},"wdio_ui5_key":"applicationmanageresources-display-component---newResourceUnit--TYPE-arrow"}]}
RESULT: {"script":"<script> [1562 bytes]","args":[{"selector":{"id":"application-manageresources-display-component---newResourceUnit--TYPE-arrow"},"wdio_ui5_key":"applicationmanageresources-display-component---newResourceUnit--TYPE-arrow"}]}
RESULT: undefined
COMMAND: POST /session/a49a846f150ab9031b86585360f30ac3/element - {"using":"xpath","value":"//*[@id=\"application-manageresources-display-component---newResourceUnit--TYPE-arrow\"]"}
RESULT: {"using":"xpath","value":"//*[@id=\"application-manageresources-display-component---newResourceUnit--TYPE-arrow\"]"}
COMMAND: POST /session/a49a846f150ab9031b86585360f30ac3/element/f.6CD6B7C80D08F775EB7D2FFF8B2C9AB5.d.061157CA66DE20FDB5D04F9A8A61E967.e.2923/click - {}
RESULT: {}
COMMAND: POST /session/a49a846f150ab9031b86585360f30ac3/element - {"using":"xpath","value":"//input[@id=\"application-manageresources-display-component---newResourceUnit--TYPE-inner\"]"}
COMMAND: GET /session/a49a846f150ab9031b86585360f30ac3/screenshot - {}
RESULT: {"using":"xpath","value":"//input[@id=\"application-manageresources-display-component---newResourceUnit--TYPE-inner\"]"}
COMMAND: POST /session/a49a846f150ab9031b86585360f30ac3/element/f.6CD6B7C80D08F775EB7D2FFF8B2C9AB5.d.061157CA66DE20FDB5D04F9A8A61E967.e.2906/clear - {}
RESULT: {}
RESULT: {}
COMMAND: POST /session/a49a846f150ab9031b86585360f30ac3/element/f.6CD6B7C80D08F775EB7D2FFF8B2C9AB5.d.061157CA66DE20FDB5D04F9A8A61E967.e.2906/value - {"text":"Equipment"}
COMMAND: GET /session/a49a846f150ab9031b86585360f30ac3/screenshot - {}
RESULT: {"text":"Equipment"}
COMMAND: GET /session/a49a846f150ab9031b86585360f30ac3/screenshot - {}
RESULT: {}
RESULT: {}
COMMAND: POST /session/a49a846f150ab9031b86585360f30ac3/actions - {"actions":[{"id":"action8","type":"key","parameters":{},"actions":[{"type":"keyDown","value":"î€‡"},{"type":"pause","duration":10},{"type":"keyUp","value":"î€‡"}]}]}
RESULT: {"actions":[{"id":"action8","type":"key","parameters":{},"actions":[{"type":"keyDown","value":"î€‡"},{"type":"pause","duration":10},{"type":"keyUp","value":"î€‡"}]}]}
COMMAND: POST /session/a49a846f150ab9031b86585360f30ac3/execute/async - {"script":"<script> [1562 bytes]","args":[{"selector":{"id":"application-manageresources-display-component---newResourceUnit--resourceId","interaction":{"idSuffix":"inner"}},"wdio_ui5_key":"applicationmanageresources-display-component---newResourceUnit--resourceId"}]}
COMMAND: GET /session/a49a846f150ab9031b86585360f30ac3/screenshot - {}
RESULT: {"script":"<script> [1562 bytes]","args":[{"selector":{"id":"application-manageresources-display-component---newResourceUnit--resourceId","interaction":{"idSuffix":"inner"}},"wdio_ui5_key":"applicationmanageresources-display-component---newResourceUnit--resourceId"}]}
RESULT: undefined
COMMAND: POST /session/a49a846f150ab9031b86585360f30ac3/execute/async - {"script":"<script> [776 bytes]","args":[{"enterText":"9VTanP6dyq","selector":{"id":"application-manageresources-display-component---newResourceUnit--resourceId","interaction":{"idSuffix":"inner"}},"clearTextFirst":true,"interactionType":"ENTER_TEXT"}]}
RESULT: {}
RESULT: {"script":"<script> [776 bytes]","args":[{"enterText":"9VTanP6dyq","selector":{"id":"application-manageresources-display-component---newResourceUnit--resourceId","interaction":{"idSuffix":"inner"}},"clearTextFirst":true,"interactionType":"ENTER_TEXT"}]}
COMMAND: POST /session/a49a846f150ab9031b86585360f30ac3/execute/async - {"script":"<script> [1562 bytes]","args":[{"selector":{"id":"application-manageresources-display-component---newResourceUnit--SHORT_TEXT","interaction":{"idSuffix":"inner"}},"wdio_ui5_key":"applicationmanageresources-display-component---newResourceUnit--SHORT_TEXT"}]}
RESULT: {"script":"<script> [1562 bytes]","args":[{"selector":{"id":"application-manageresources-display-component---newResourceUnit--SHORT_TEXT","interaction":{"idSuffix":"inner"}},"wdio_ui5_key":"applicationmanageresources-display-component---newResourceUnit--SHORT_TEXT"}]}
RESULT: undefined
COMMAND: POST /session/a49a846f150ab9031b86585360f30ac3/execute/async - {"script":"<script> [776 bytes]","args":[{"enterText":"Intercompany Equipment WDIO","selector":{"id":"application-manageresources-display-component---newResourceUnit--SHORT_TEXT","interaction":{"idSuffix":"inner"}},"clearTextFirst":true,"interactionType":"ENTER_TEXT"}]}
RESULT: {"script":"<script> [776 bytes]","args":[{"enterText":"Intercompany Equipment WDIO","selector":{"id":"application-manageresources-display-component---newResourceUnit--SHORT_TEXT","interaction":{"idSuffix":"inner"}},"clearTextFirst":true,"interactionType":"ENTER_TEXT"}]}
COMMAND: POST /session/a49a846f150ab9031b86585360f30ac3/execute/async - {"script":"<script> [1562 bytes]","args":[{"selector":{"id":"application-manageresources-display-component---newResourceUnit--BASE_UNIT_OF_MEASURE","interaction":{"idSuffix":"inner"}},"wdio_ui5_key":"applicationmanageresources-display-component---newResourceUnit--BASE_UNIT_OF_MEASURE"}]}
RESULT: {"script":"<script> [1562 bytes]","args":[{"selector":{"id":"application-manageresources-display-component---newResourceUnit--BASE_UNIT_OF_MEASURE","interaction":{"idSuffix":"inner"}},"wdio_ui5_key":"applicationmanageresources-display-component---newResourceUnit--BASE_UNIT_OF_MEASURE"}]}
RESULT: undefined
COMMAND: POST /session/a49a846f150ab9031b86585360f30ac3/execute/async - {"script":"<script> [776 bytes]","args":[{"enterText":"Piece","selector":{"id":"application-manageresources-display-component---newResourceUnit--BASE_UNIT_OF_MEASURE","interaction":{"idSuffix":"inner"}},"clearTextFirst":true,"interactionType":"ENTER_TEXT"}]}
RESULT: {"script":"<script> [776 bytes]","args":[{"enterText":"Piece","selector":{"id":"application-manageresources-display-component---newResourceUnit--BASE_UNIT_OF_MEASURE","interaction":{"idSuffix":"inner"}},"clearTextFirst":true,"interactionType":"ENTER_TEXT"}]}
COMMAND: POST /session/a49a846f150ab9031b86585360f30ac3/execute/async - {"script":"<script> [1562 bytes]","args":[{"selector":{"id":"application-manageresources-display-component---newResourceUnit--WEIGHT_UNIT","interaction":{"idSuffix":"inner"}},"wdio_ui5_key":"applicationmanageresources-display-component---newResourceUnit--WEIGHT_UNIT"}]}
RESULT: {"script":"<script> [1562 bytes]","args":[{"selector":{"id":"application-manageresources-display-component---newResourceUnit--WEIGHT_UNIT","interaction":{"idSuffix":"inner"}},"wdio_ui5_key":"applicationmanageresources-display-component---newResourceUnit--WEIGHT_UNIT"}]}
RESULT: undefined
COMMAND: POST /session/a49a846f150ab9031b86585360f30ac3/execute/async - {"script":"<script> [776 bytes]","args":[{"enterText":"Gram","selector":{"id":"application-manageresources-display-component---newResourceUnit--WEIGHT_UNIT","interaction":{"idSuffix":"inner"}},"clearTextFirst":true,"interactionType":"ENTER_TEXT"}]}
RESULT: {"script":"<script> [776 bytes]","args":[{"enterText":"Gram","selector":{"id":"application-manageresources-display-component---newResourceUnit--WEIGHT_UNIT","interaction":{"idSuffix":"inner"}},"clearTextFirst":true,"interactionType":"ENTER_TEXT"}]}
COMMAND: POST /session/a49a846f150ab9031b86585360f30ac3/execute/async - {"script":"<script> [1562 bytes]","args":[{"selector":{"id":"application-manageresources-display-component---newResourceUnit--DIMENSION_UNIT","interaction":{"idSuffix":"inner"}},"wdio_ui5_key":"applicationmanageresources-display-component---newResourceUnit--DIMENSION_UNIT"}]}
RESULT: {"script":"<script> [1562 bytes]","args":[{"selector":{"id":"application-manageresources-display-component---newResourceUnit--DIMENSION_UNIT","interaction":{"idSuffix":"inner"}},"wdio_ui5_key":"applicationmanageresources-display-component---newResourceUnit--DIMENSION_UNIT"}]}
RESULT: undefined
COMMAND: POST /session/a49a846f150ab9031b86585360f30ac3/execute/async - {"script":"<script> [776 bytes]","args":[{"enterText":"Meter","selector":{"id":"application-manageresources-display-component---newResourceUnit--DIMENSION_UNIT","interaction":{"idSuffix":"inner"}},"clearTextFirst":true,"interactionType":"ENTER_TEXT"}]}
RESULT: {"script":"<script> [776 bytes]","args":[{"enterText":"Meter","selector":{"id":"application-manageresources-display-component---newResourceUnit--DIMENSION_UNIT","interaction":{"idSuffix":"inner"}},"clearTextFirst":true,"interactionType":"ENTER_TEXT"}]}
COMMAND: POST /session/a49a846f150ab9031b86585360f30ac3/execute/async - {"script":"<script> [1562 bytes]","args":[{"selector":{"id":"application-manageresources-display-component---newResourceUnit--newRRUPage-anchBar-application-manageresources-display-component---newResourceUnit--control-anchor","interaction":{"idSuffix":"BDI-content"}},"wdio_ui5_key":"applicationmanageresources-display-component---newResourceUnit--newRRUPage-anchBar-application-manageresources-display-component---newResourceUnit--control-anchor"}]}
RESULT: {"script":"<script> [1562 bytes]","args":[{"selector":{"id":"application-manageresources-display-component---newResourceUnit--newRRUPage-anchBar-application-manageresources-display-component---newResourceUnit--control-anchor","interaction":{"idSuffix":"BDI-content"}},"wdio_ui5_key":"applicationmanageresources-display-component---newResourceUnit--newRRUPage-anchBar-application-manageresources-display-component---newResourceUnit--control-anchor"}]}
RESULT: undefined
COMMAND: POST /session/a49a846f150ab9031b86585360f30ac3/element - {"using":"xpath","value":"//*[@id=\"application-manageresources-display-component---newResourceUnit--newRRUPage-anchBar-application-manageresources-display-component---newResourceUnit--control-anchor\"]"}
RESULT: {"using":"xpath","value":"//*[@id=\"application-manageresources-display-component---newResourceUnit--newRRUPage-anchBar-application-manageresources-display-component---newResourceUnit--control-anchor\"]"}
COMMAND: POST /session/a49a846f150ab9031b86585360f30ac3/element/f.6CD6B7C80D08F775EB7D2FFF8B2C9AB5.d.061157CA66DE20FDB5D04F9A8A61E967.e.3055/click - {}
RESULT: {}
COMMAND: POST /session/a49a846f150ab9031b86585360f30ac3/execute/async - {"script":"<script> [1562 bytes]","args":[{"selector":{"id":"application-manageresources-display-component---newResourceUnit--PLANNING_GROUP","interaction":{"idSuffix":"inner"}},"wdio_ui5_key":"applicationmanageresources-display-component---newResourceUnit--PLANNING_GROUP"}]}
COMMAND: GET /session/a49a846f150ab9031b86585360f30ac3/screenshot - {}
RESULT: {"script":"<script> [1562 bytes]","args":[{"selector":{"id":"application-manageresources-display-component---newResourceUnit--PLANNING_GROUP","interaction":{"idSuffix":"inner"}},"wdio_ui5_key":"applicationmanageresources-display-component---newResourceUnit--PLANNING_GROUP"}]}
RESULT: undefined
COMMAND: POST /session/a49a846f150ab9031b86585360f30ac3/execute/async - {"script":"<script> [776 bytes]","args":[{"enterText":"Heavy Equi","selector":{"id":"application-manageresources-display-component---newResourceUnit--PLANNING_GROUP","interaction":{"idSuffix":"inner"}},"clearTextFirst":true,"interactionType":"ENTER_TEXT"}]}
RESULT: {}
RESULT: {"script":"<script> [776 bytes]","args":[{"enterText":"Heavy Equi","selector":{"id":"application-manageresources-display-component---newResourceUnit--PLANNING_GROUP","interaction":{"idSuffix":"inner"}},"clearTextFirst":true,"interactionType":"ENTER_TEXT"}]}
COMMAND: POST /session/a49a846f150ab9031b86585360f30ac3/execute/async - {"script":"<script> [1562 bytes]","args":[{"selector":{"id":"application-manageresources-display-component---newResourceUnit--ITEM_TYPE-arrow"},"wdio_ui5_key":"applicationmanageresources-display-component---newResourceUnit--ITEM_TYPE-arrow"}]}
RESULT: {"script":"<script> [1562 bytes]","args":[{"selector":{"id":"application-manageresources-display-component---newResourceUnit--ITEM_TYPE-arrow"},"wdio_ui5_key":"applicationmanageresources-display-component---newResourceUnit--ITEM_TYPE-arrow"}]}
RESULT: undefined
COMMAND: POST /session/a49a846f150ab9031b86585360f30ac3/element - {"using":"xpath","value":"//*[@id=\"application-manageresources-display-component---newResourceUnit--ITEM_TYPE-arrow\"]"}
RESULT: {"using":"xpath","value":"//*[@id=\"application-manageresources-display-component---newResourceUnit--ITEM_TYPE-arrow\"]"}
COMMAND: POST /session/a49a846f150ab9031b86585360f30ac3/element/f.6CD6B7C80D08F775EB7D2FFF8B2C9AB5.d.061157CA66DE20FDB5D04F9A8A61E967.e.3064/click - {}
RESULT: {}
COMMAND: POST /session/a49a846f150ab9031b86585360f30ac3/element - {"using":"xpath","value":"(//span[contains(text(), \"Resource Unit\")])[2]"}
COMMAND: GET /session/a49a846f150ab9031b86585360f30ac3/screenshot - {}
RESULT: {"using":"xpath","value":"(//span[contains(text(), \"Resource Unit\")])[2]"}
COMMAND: POST /session/a49a846f150ab9031b86585360f30ac3/element/f.6CD6B7C80D08F775EB7D2FFF8B2C9AB5.d.061157CA66DE20FDB5D04F9A8A61E967.e.3065/click - {}
RESULT: {}
RESULT: {}
COMMAND: GET /session/a49a846f150ab9031b86585360f30ac3/screenshot - {}
RESULT: {}
COMMAND: POST /session/a49a846f150ab9031b86585360f30ac3/element - {"using":"css selector","value":"#application-manageresources-display-component---newResourceUnit--btnAddTimeSegment"}
RESULT: {"using":"css selector","value":"#application-manageresources-display-component---newResourceUnit--btnAddTimeSegment"}
COMMAND: GET /session/a49a846f150ab9031b86585360f30ac3/element/f.6CD6B7C80D08F775EB7D2FFF8B2C9AB5.d.061157CA66DE20FDB5D04F9A8A61E967.e.3066/rect - {}
RESULT: {}
COMMAND: GET /session/a49a846f150ab9031b86585360f30ac3/window/rect - {}
RESULT: {}
COMMAND: POST /session/a49a846f150ab9031b86585360f30ac3/execute/sync - {"script":"<script> [92 bytes]","args":[]}
RESULT: {"script":"<script> [92 bytes]","args":[]}
COMMAND: POST /session/a49a846f150ab9031b86585360f30ac3/actions - {"actions":[{"id":"action9","type":"wheel","parameters":{},"actions":[{"type":"scroll","x":-1888,"y":-32,"deltaX":0,"deltaY":0,"duration":0,"origin":{"element-6066-11e4-a52e-4f735466cecf":"f.6CD6B7C80D08F775EB7D2FFF8B2C9AB5.d.061157CA66DE20FDB5D04F9A8A61E967.e.3066"}}]}]}
COMMAND: GET /session/a49a846f150ab9031b86585360f30ac3/screenshot - {}
RESULT: {}
COMMAND: POST /session/a49a846f150ab9031b86585360f30ac3/execute/sync - {"script":"<script> [79 bytes]","args":[{"element-6066-11e4-a52e-4f735466cecf":"f.6CD6B7C80D08F775EB7D2FFF8B2C9AB5.d.061157CA66DE20FDB5D04F9A8A61E967.e.3066","ELEMENT":"f.6CD6B7C80D08F775EB7D2FFF8B2C9AB5.d.061157CA66DE20FDB5D04F9A8A61E967.e.3066"},{"block":"start","inline":"nearest"}]}
RESULT: {"script":"<script> [79 bytes]","args":[{"element-6066-11e4-a52e-4f735466cecf":"f.6CD6B7C80D08F775EB7D2FFF8B2C9AB5.d.061157CA66DE20FDB5D04F9A8A61E967.e.3066","ELEMENT":"f.6CD6B7C80D08F775EB7D2FFF8B2C9AB5.d.061157CA66DE20FDB5D04F9A8A61E967.e.3066"},{"block":"start","inline":"nearest"}]}
COMMAND: POST /session/a49a846f150ab9031b86585360f30ac3/execute/async - {"script":"<script> [1562 bytes]","args":[{"selector":{"id":"application-manageresources-display-component---newResourceUnit--btnAddTimeSegment","interaction":{"idSuffix":"inner"}},"wdio_ui5_key":"applicationmanageresources-display-component---newResourceUnit--btnAddTimeSegment"}]}
COMMAND: GET /session/a49a846f150ab9031b86585360f30ac3/screenshot - {}
RESULT: {"script":"<script> [1562 bytes]","args":[{"selector":{"id":"application-manageresources-display-component---newResourceUnit--btnAddTimeSegment","interaction":{"idSuffix":"inner"}},"wdio_ui5_key":"applicationmanageresources-display-component---newResourceUnit--btnAddTimeSegment"}]}
RESULT: undefined
COMMAND: POST /session/a49a846f150ab9031b86585360f30ac3/element - {"using":"xpath","value":"//*[@id=\"application-manageresources-display-component---newResourceUnit--btnAddTimeSegment\"]"}
RESULT: {}
RESULT: {"using":"xpath","value":"//*[@id=\"application-manageresources-display-component---newResourceUnit--btnAddTimeSegment\"]"}
COMMAND: POST /session/a49a846f150ab9031b86585360f30ac3/element/f.6CD6B7C80D08F775EB7D2FFF8B2C9AB5.d.061157CA66DE20FDB5D04F9A8A61E967.e.3066/click - {}
RESULT: {}
COMMAND: GET /session/a49a846f150ab9031b86585360f30ac3/screenshot - {}
RESULT: {}
COMMAND: POST /session/a49a846f150ab9031b86585360f30ac3/element - {"using":"xpath","value":"//input[@id=\"application-manageresources-display-component---newResourceUnit--idRuTSAdmin-application-manageresources-display-component---newResourceUnit--RUTimeSegment-0-inner\"]"}
RESULT: {"using":"xpath","value":"//input[@id=\"application-manageresources-display-component---newResourceUnit--idRuTSAdmin-application-manageresources-display-component---newResourceUnit--RUTimeSegment-0-inner\"]"}
COMMAND: POST /session/a49a846f150ab9031b86585360f30ac3/element/f.6CD6B7C80D08F775EB7D2FFF8B2C9AB5.d.061157CA66DE20FDB5D04F9A8A61E967.e.3072/clear - {}
RESULT: {}
COMMAND: POST /session/a49a846f150ab9031b86585360f30ac3/element/f.6CD6B7C80D08F775EB7D2FFF8B2C9AB5.d.061157CA66DE20FDB5D04F9A8A61E967.e.3072/value - {"text":"371"}
COMMAND: GET /session/a49a846f150ab9031b86585360f30ac3/screenshot - {}
RESULT: {"text":"371"}
COMMAND: GET /session/a49a846f150ab9031b86585360f30ac3/screenshot - {}
RESULT: {}
RESULT: {}
COMMAND: POST /session/a49a846f150ab9031b86585360f30ac3/element - {"using":"xpath","value":"//li[.//span[text()='371']]"}
RESULT: {"using":"xpath","value":"//li[.//span[text()='371']]"}
COMMAND: POST /session/a49a846f150ab9031b86585360f30ac3/element/f.6CD6B7C80D08F775EB7D2FFF8B2C9AB5.d.061157CA66DE20FDB5D04F9A8A61E967.e.3084/click - {}
RESULT: {}
COMMAND: GET /session/a49a846f150ab9031b86585360f30ac3/screenshot - {}
RESULT: {}
COMMAND: POST /session/a49a846f150ab9031b86585360f30ac3/element - {"using":"xpath","value":"(//span[contains(@id, \"-application-manageresources-display-component---newResourceUnit--RUTimeSegment-0-arrow\")])[6]"}
RESULT: {"using":"xpath","value":"(//span[contains(@id, \"-application-manageresources-display-component---newResourceUnit--RUTimeSegment-0-arrow\")])[6]"}
COMMAND: POST /session/a49a846f150ab9031b86585360f30ac3/element/f.6CD6B7C80D08F775EB7D2FFF8B2C9AB5.d.061157CA66DE20FDB5D04F9A8A61E967.e.3085/click - {}
RESULT: {}
COMMAND: POST /session/a49a846f150ab9031b86585360f30ac3/element - {"using":"xpath","value":"//span[contains(text(), \"PM Order\")]"}
COMMAND: GET /session/a49a846f150ab9031b86585360f30ac3/screenshot - {}
RESULT: {"using":"xpath","value":"//span[contains(text(), \"PM Order\")]"}
COMMAND: POST /session/a49a846f150ab9031b86585360f30ac3/element/f.6CD6B7C80D08F775EB7D2FFF8B2C9AB5.d.061157CA66DE20FDB5D04F9A8A61E967.e.3088/click - {}
RESULT: {}
RESULT: {}
COMMAND: GET /session/a49a846f150ab9031b86585360f30ac3/screenshot - {}
RESULT: {}
COMMAND: POST /session/a49a846f150ab9031b86585360f30ac3/element - {"using":"xpath","value":"(//span[contains(@id ,\"manageresources-display-component---newResourceUnit--RUTimeSegment-0-vhi\")])[1]"}
RESULT: {"using":"xpath","value":"(//span[contains(@id ,\"manageresources-display-component---newResourceUnit--RUTimeSegment-0-vhi\")])[1]"}
COMMAND: GET /session/a49a846f150ab9031b86585360f30ac3/element/f.6CD6B7C80D08F775EB7D2FFF8B2C9AB5.d.061157CA66DE20FDB5D04F9A8A61E967.e.3092/rect - {}
RESULT: {}
COMMAND: GET /session/a49a846f150ab9031b86585360f30ac3/window/rect - {}
RESULT: {}
COMMAND: POST /session/a49a846f150ab9031b86585360f30ac3/execute/sync - {"script":"<script> [92 bytes]","args":[]}
RESULT: {"script":"<script> [92 bytes]","args":[]}
COMMAND: POST /session/a49a846f150ab9031b86585360f30ac3/actions - {"actions":[{"id":"action10","type":"wheel","parameters":{},"actions":[{"type":"scroll","x":-869,"y":-24,"deltaX":0,"deltaY":0,"duration":0,"origin":{"element-6066-11e4-a52e-4f735466cecf":"f.6CD6B7C80D08F775EB7D2FFF8B2C9AB5.d.061157CA66DE20FDB5D04F9A8A61E967.e.3092"}}]}]}
COMMAND: GET /session/a49a846f150ab9031b86585360f30ac3/screenshot - {}
RESULT: {"actions":[{"id":"action10","type":"wheel","parameters":{},"actions":[{"type":"scroll","x":-869,"y":-24,"deltaX":0,"deltaY":0,"duration":0,"origin":{"element-6066-11e4-a52e-4f735466cecf":"f.6CD6B7C80D08F775EB7D2FFF8B2C9AB5.d.061157CA66DE20FDB5D04F9A8A61E967.e.3092"}}]}]}
COMMAND: DELETE /session/a49a846f150ab9031b86585360f30ac3/actions - {}
COMMAND: GET /session/a49a846f150ab9031b86585360f30ac3/screenshot - {}
RESULT: {}
RESULT: {}
COMMAND: GET /session/a49a846f150ab9031b86585360f30ac3/screenshot - {}
RESULT: {}
RESULT: {}
COMMAND: POST /session/a49a846f150ab9031b86585360f30ac3/element/f.6CD6B7C80D08F775EB7D2FFF8B2C9AB5.d.061157CA66DE20FDB5D04F9A8A61E967.e.3092/click - {}
RESULT: {}
COMMAND: GET /session/a49a846f150ab9031b86585360f30ac3/screenshot - {}
RESULT: {}
RESULT: undefined
COMMAND: POST /session/a49a846f150ab9031b86585360f30ac3/execute/async - {"script":"<script> [776 bytes]","args":[{"enterText":"4000360","selector":{"controlType":"sap.m.SearchField","properties":{"placeholder":"Search"},"searchOpenDialogs":true,"interaction":{"idSuffix":"I"}},"clearTextFirst":true,"interactionType":"ENTER_TEXT"}]}
RESULT: {"script":"<script> [776 bytes]","args":[{"enterText":"4000360","selector":{"controlType":"sap.m.SearchField","properties":{"placeholder":"Search"},"searchOpenDialogs":true,"interaction":{"idSuffix":"I"}},"clearTextFirst":true,"interactionType":"ENTER_TEXT"}]}
COMMAND: POST /session/a49a846f150ab9031b86585360f30ac3/actions - {"actions":[{"id":"action11","type":"key","parameters":{},"actions":[{"type":"keyDown","value":"î€‡"},{"type":"pause","duration":10},{"type":"keyUp","value":"î€‡"}]}]}
RESULT: {"actions":[{"id":"action11","type":"key","parameters":{},"actions":[{"type":"keyDown","value":"î€‡"},{"type":"pause","duration":10},{"type":"keyUp","value":"î€‡"}]}]}
COMMAND: GET /session/a49a846f150ab9031b86585360f30ac3/screenshot - {}
RESULT: {}
COMMAND: POST /session/a49a846f150ab9031b86585360f30ac3/element - {"using":"xpath","value":"//td/div/span[contains(text(), \"BGL Vehicles\")]"}
RESULT: {"using":"xpath","value":"//td/div/span[contains(text(), \"BGL Vehicles\")]"}
COMMAND: POST /session/a49a846f150ab9031b86585360f30ac3/element/f.6CD6B7C80D08F775EB7D2FFF8B2C9AB5.d.061157CA66DE20FDB5D04F9A8A61E967.e.3100/click - {}
RESULT: {}
COMMAND: GET /session/a49a846f150ab9031b86585360f30ac3/screenshot - {}
RESULT: {}
COMMAND: POST /session/a49a846f150ab9031b86585360f30ac3/element - {"using":"xpath","value":"//bdi[contains(text(), \"OK\")]"}
RESULT: {"using":"xpath","value":"//bdi[contains(text(), \"OK\")]"}
COMMAND: POST /session/a49a846f150ab9031b86585360f30ac3/element/f.6CD6B7C80D08F775EB7D2FFF8B2C9AB5.d.061157CA66DE20FDB5D04F9A8A61E967.e.3102/click - {}
RESULT: {}
COMMAND: GET /session/a49a846f150ab9031b86585360f30ac3/screenshot - {}
RESULT: {}
COMMAND: POST /session/a49a846f150ab9031b86585360f30ac3/execute/async - {"script":"<script> [1562 bytes]","args":[{"selector":{"id":"application-manageresources-display-component---newResourceUnit--newRRUPage-anchBar-application-manageresources-display-component---newResourceUnit--resource-anchor","interaction":{"idSuffix":"BDI-content"}},"wdio_ui5_key":"applicationmanageresources-display-component---newResourceUnit--newRRUPage-anchBar-application-manageresources-display-component---newResourceUnit--resource-anchor"}]}
RESULT: {"script":"<script> [1562 bytes]","args":[{"selector":{"id":"application-manageresources-display-component---newResourceUnit--newRRUPage-anchBar-application-manageresources-display-component---newResourceUnit--resource-anchor","interaction":{"idSuffix":"BDI-content"}},"wdio_ui5_key":"applicationmanageresources-display-component---newResourceUnit--newRRUPage-anchBar-application-manageresources-display-component---newResourceUnit--resource-anchor"}]}
RESULT: undefined
COMMAND: POST /session/a49a846f150ab9031b86585360f30ac3/element - {"using":"xpath","value":"//*[@id=\"application-manageresources-display-component---newResourceUnit--newRRUPage-anchBar-application-manageresources-display-component---newResourceUnit--resource-anchor\"]"}
RESULT: {"using":"xpath","value":"//*[@id=\"application-manageresources-display-component---newResourceUnit--newRRUPage-anchBar-application-manageresources-display-component---newResourceUnit--resource-anchor\"]"}
COMMAND: POST /session/a49a846f150ab9031b86585360f30ac3/element/f.6CD6B7C80D08F775EB7D2FFF8B2C9AB5.d.061157CA66DE20FDB5D04F9A8A61E967.e.3106/click - {}
RESULT: {}
COMMAND: POST /session/a49a846f150ab9031b86585360f30ac3/execute/async - {"script":"<script> [1562 bytes]","args":[{"selector":{"id":"application-manageresources-display-component---newResourceUnit--PLANNED_DELIVERY_DATE","interaction":{"idSuffix":"inner"}},"wdio_ui5_key":"applicationmanageresources-display-component---newResourceUnit--PLANNED_DELIVERY_DATE"}]}
COMMAND: GET /session/a49a846f150ab9031b86585360f30ac3/screenshot - {}
RESULT: {"script":"<script> [1562 bytes]","args":[{"selector":{"id":"application-manageresources-display-component---newResourceUnit--PLANNED_DELIVERY_DATE","interaction":{"idSuffix":"inner"}},"wdio_ui5_key":"applicationmanageresources-display-component---newResourceUnit--PLANNED_DELIVERY_DATE"}]}
RESULT: undefined
COMMAND: POST /session/a49a846f150ab9031b86585360f30ac3/execute/async - {"script":"<script> [6424 bytes]","args":[{"element-6066-11e4-a52e-4f735466cecf":"f.6CD6B7C80D08F775EB7D2FFF8B2C9AB5.d.061157CA66DE20FDB5D04F9A8A61E967.e.2978"},"setValue",["4/29/25"]]}
RESULT: {}
RESULT: {"script":"<script> [6424 bytes]","args":[{"element-6066-11e4-a52e-4f735466cecf":"f.6CD6B7C80D08F775EB7D2FFF8B2C9AB5.d.061157CA66DE20FDB5D04F9A8A61E967.e.2978"},"setValue",["4/29/25"]]}
COMMAND: POST /session/a49a846f150ab9031b86585360f30ac3/element - {"using":"xpath","value":"//button[@data-kt=\"resourceUnitSaveButton\"]"}
RESULT: {"using":"xpath","value":"//button[@data-kt=\"resourceUnitSaveButton\"]"}
COMMAND: POST /session/a49a846f150ab9031b86585360f30ac3/element/f.6CD6B7C80D08F775EB7D2FFF8B2C9AB5.d.061157CA66DE20FDB5D04F9A8A61E967.e.2939/click - {}
RESULT: {}
COMMAND: GET /session/a49a846f150ab9031b86585360f30ac3/screenshot - {}
RESULT: {}
COMMAND: POST /session/a49a846f150ab9031b86585360f30ac3/element - {"using":"xpath","value":"//bdi[contains(text(), \"Close\")]"}
RESULT: {"using":"xpath","value":"//bdi[contains(text(), \"Close\")]"}
COMMAND: POST /session/a49a846f150ab9031b86585360f30ac3/element/f.6CD6B7C80D08F775EB7D2FFF8B2C9AB5.d.061157CA66DE20FDB5D04F9A8A61E967.e.3114/click - {}
RESULT: {}
COMMAND: GET /session/a49a846f150ab9031b86585360f30ac3/screenshot - {}
RESULT: {}
COMMAND: POST /session/a49a846f150ab9031b86585360f30ac3/element - {"using":"xpath","value":"(//button[contains(@id ,\"actionsToolbar-overflowButton\")])[1]"}
RESULT: {"using":"xpath","value":"(//button[contains(@id ,\"actionsToolbar-overflowButton\")])[1]"}
COMMAND: POST /session/a49a846f150ab9031b86585360f30ac3/element/f.6CD6B7C80D08F775EB7D2FFF8B2C9AB5.d.061157CA66DE20FDB5D04F9A8A61E967.e.3166/click - {}
RESULT: {}
COMMAND: GET /session/a49a846f150ab9031b86585360f30ac3/screenshot - {}
RESULT: {}
COMMAND: POST /session/a49a846f150ab9031b86585360f30ac3/element - {"using":"xpath","value":"//button[@data-kt=\"priceInfoButton\"]"}
RESULT: {"using":"xpath","value":"//button[@data-kt=\"priceInfoButton\"]"}
COMMAND: POST /session/a49a846f150ab9031b86585360f30ac3/element/f.6CD6B7C80D08F775EB7D2FFF8B2C9AB5.d.061157CA66DE20FDB5D04F9A8A61E967.e.3168/click - {}
RESULT: {}
COMMAND: GET /session/a49a846f150ab9031b86585360f30ac3/screenshot - {}
RESULT: {}
]]></system-out>
    </testcase>
    <testcase classname="chrome.135_0_7049_96.windows.Billing_confirm_US117289" name="Should create new pricing rule" time="52.797">
      <system-out><![CDATA[
COMMAND: POST /session/a49a846f150ab9031b86585360f30ac3/element - {"using":"xpath","value":"//button[@data-kt=\"addButton\"]"}
RESULT: {"using":"xpath","value":"//button[@data-kt=\"addButton\"]"}
COMMAND: POST /session/a49a846f150ab9031b86585360f30ac3/elements - {"using":"xpath","value":"//button[@data-kt=\"addButton\"]"}
RESULT: {"using":"xpath","value":"//button[@data-kt=\"addButton\"]"}
COMMAND: POST /session/a49a846f150ab9031b86585360f30ac3/elements - {"using":"xpath","value":"//button[@data-kt=\"addButton\"]"}
RESULT: {"using":"xpath","value":"//button[@data-kt=\"addButton\"]"}
COMMAND: POST /session/a49a846f150ab9031b86585360f30ac3/element - {"using":"xpath","value":"//button[@data-kt=\"addButton\"]"}
RESULT: {"using":"xpath","value":"//button[@data-kt=\"addButton\"]"}
COMMAND: POST /session/a49a846f150ab9031b86585360f30ac3/execute/sync - {"script":"<script> [8489 bytes]","args":[{"element-6066-11e4-a52e-4f735466cecf":"f.6CD6B7C80D08F775EB7D2FFF8B2C9AB5.d.061157CA66DE20FDB5D04F9A8A61E967.e.3205","ELEMENT":"f.6CD6B7C80D08F775EB7D2FFF8B2C9AB5.d.061157CA66DE20FDB5D04F9A8A61E967.e.3205"}]}
RESULT: {"script":"<script> [8489 bytes]","args":[{"element-6066-11e4-a52e-4f735466cecf":"f.6CD6B7C80D08F775EB7D2FFF8B2C9AB5.d.061157CA66DE20FDB5D04F9A8A61E967.e.3205","ELEMENT":"f.6CD6B7C80D08F775EB7D2FFF8B2C9AB5.d.061157CA66DE20FDB5D04F9A8A61E967.e.3205"}]}
COMMAND: GET /session/a49a846f150ab9031b86585360f30ac3/element/f.6CD6B7C80D08F775EB7D2FFF8B2C9AB5.d.061157CA66DE20FDB5D04F9A8A61E967.e.3205/enabled - {}
COMMAND: GET /session/a49a846f150ab9031b86585360f30ac3/screenshot - {}
RESULT: {}
COMMAND: POST /session/a49a846f150ab9031b86585360f30ac3/execute/sync - {"script":"<script> [8489 bytes]","args":[{"element-6066-11e4-a52e-4f735466cecf":"f.6CD6B7C80D08F775EB7D2FFF8B2C9AB5.d.061157CA66DE20FDB5D04F9A8A61E967.e.3205","ELEMENT":"f.6CD6B7C80D08F775EB7D2FFF8B2C9AB5.d.061157CA66DE20FDB5D04F9A8A61E967.e.3205"}]}
COMMAND: GET /session/a49a846f150ab9031b86585360f30ac3/screenshot - {}
RESULT: {}
RESULT: {"script":"<script> [8489 bytes]","args":[{"element-6066-11e4-a52e-4f735466cecf":"f.6CD6B7C80D08F775EB7D2FFF8B2C9AB5.d.061157CA66DE20FDB5D04F9A8A61E967.e.3205","ELEMENT":"f.6CD6B7C80D08F775EB7D2FFF8B2C9AB5.d.061157CA66DE20FDB5D04F9A8A61E967.e.3205"}]}
COMMAND: POST /session/a49a846f150ab9031b86585360f30ac3/execute/sync - {"script":"<script> [5351 bytes]","args":[{"element-6066-11e4-a52e-4f735466cecf":"f.6CD6B7C80D08F775EB7D2FFF8B2C9AB5.d.061157CA66DE20FDB5D04F9A8A61E967.e.3205","ELEMENT":"f.6CD6B7C80D08F775EB7D2FFF8B2C9AB5.d.061157CA66DE20FDB5D04F9A8A61E967.e.3205"}]}
COMMAND: GET /session/a49a846f150ab9031b86585360f30ac3/screenshot - {}
RESULT: {}
RESULT: {"script":"<script> [5351 bytes]","args":[{"element-6066-11e4-a52e-4f735466cecf":"f.6CD6B7C80D08F775EB7D2FFF8B2C9AB5.d.061157CA66DE20FDB5D04F9A8A61E967.e.3205","ELEMENT":"f.6CD6B7C80D08F775EB7D2FFF8B2C9AB5.d.061157CA66DE20FDB5D04F9A8A61E967.e.3205"}]}
COMMAND: POST /session/a49a846f150ab9031b86585360f30ac3/element/f.6CD6B7C80D08F775EB7D2FFF8B2C9AB5.d.061157CA66DE20FDB5D04F9A8A61E967.e.3205/click - {}
COMMAND: GET /session/a49a846f150ab9031b86585360f30ac3/screenshot - {}
RESULT: {}
RESULT: {}
COMMAND: GET /session/a49a846f150ab9031b86585360f30ac3/screenshot - {}
RESULT: {}
RESULT: {}
COMMAND: POST /session/a49a846f150ab9031b86585360f30ac3/execute/async - {"script":"<script> [1562 bytes]","args":[{"selector":{"controlType":"sap.m.Title","viewName":"etm.portal.ui.managepricingrules.view.NewItem","viewId":"application-managepricingrules-display-component---newInfoPriceItem","properties":{"text":"New Pricing Rules - Item Level"}},"wdio_ui5_key":"etmportal.ui.managepricingrules.view.NewItemsap.m.Title{\"text\":\"New Pricing Rules - Item Level\"}"}]}
RESULT: {"script":"<script> [1562 bytes]","args":[{"selector":{"controlType":"sap.m.Title","viewName":"etm.portal.ui.managepricingrules.view.NewItem","viewId":"application-managepricingrules-display-component---newInfoPriceItem","properties":{"text":"New Pricing Rules - Item Level"}},"wdio_ui5_key":"etmportal.ui.managepricingrules.view.NewItemsap.m.Title{\"text\":\"New Pricing Rules - Item Level\"}"}]}
RESULT: undefined
COMMAND: POST /session/a49a846f150ab9031b86585360f30ac3/execute/async - {"script":"<script> [6424 bytes]","args":[{"element-6066-11e4-a52e-4f735466cecf":"f.6CD6B7C80D08F775EB7D2FFF8B2C9AB5.d.061157CA66DE20FDB5D04F9A8A61E967.e.3384"},"getText",[]]}
RESULT: {"script":"<script> [6424 bytes]","args":[{"element-6066-11e4-a52e-4f735466cecf":"f.6CD6B7C80D08F775EB7D2FFF8B2C9AB5.d.061157CA66DE20FDB5D04F9A8A61E967.e.3384"},"getText",[]]}
COMMAND: POST /session/a49a846f150ab9031b86585360f30ac3/execute/async - {"script":"<script> [1562 bytes]","args":[{"selector":{"id":"application-managepricingrules-display-component---newInfoPriceItem--condValidTo","interaction":{"idSuffix":"inner"}},"wdio_ui5_key":"applicationmanagepricingrules-display-component---newInfoPriceItem--condValidTo"}]}
RESULT: {"script":"<script> [1562 bytes]","args":[{"selector":{"id":"application-managepricingrules-display-component---newInfoPriceItem--condValidTo","interaction":{"idSuffix":"inner"}},"wdio_ui5_key":"applicationmanagepricingrules-display-component---newInfoPriceItem--condValidTo"}]}
RESULT: undefined
COMMAND: POST /session/a49a846f150ab9031b86585360f30ac3/execute/async - {"script":"<script> [776 bytes]","args":[{"enterText":"12/29/25","selector":{"id":"application-managepricingrules-display-component---newInfoPriceItem--condValidTo","interaction":{"idSuffix":"inner"}},"clearTextFirst":true,"interactionType":"ENTER_TEXT"}]}
RESULT: {"script":"<script> [776 bytes]","args":[{"enterText":"12/29/25","selector":{"id":"application-managepricingrules-display-component---newInfoPriceItem--condValidTo","interaction":{"idSuffix":"inner"}},"clearTextFirst":true,"interactionType":"ENTER_TEXT"}]}
COMMAND: POST /session/a49a846f150ab9031b86585360f30ac3/execute/async - {"script":"<script> [1562 bytes]","args":[{"selector":{"id":"application-managepricingrules-display-component---newInfoPriceItem--billType-arrow"},"wdio_ui5_key":"applicationmanagepricingrules-display-component---newInfoPriceItem--billType-arrow"}]}
RESULT: {"script":"<script> [1562 bytes]","args":[{"selector":{"id":"application-managepricingrules-display-component---newInfoPriceItem--billType-arrow"},"wdio_ui5_key":"applicationmanagepricingrules-display-component---newInfoPriceItem--billType-arrow"}]}
RESULT: undefined
COMMAND: POST /session/a49a846f150ab9031b86585360f30ac3/element - {"using":"xpath","value":"//*[@id=\"application-managepricingrules-display-component---newInfoPriceItem--billType-arrow\"]"}
RESULT: {"using":"xpath","value":"//*[@id=\"application-managepricingrules-display-component---newInfoPriceItem--billType-arrow\"]"}
COMMAND: POST /session/a49a846f150ab9031b86585360f30ac3/element/f.6CD6B7C80D08F775EB7D2FFF8B2C9AB5.d.061157CA66DE20FDB5D04F9A8A61E967.e.3344/click - {}
RESULT: {}
COMMAND: POST /session/a49a846f150ab9031b86585360f30ac3/element - {"using":"xpath","value":"//span[contains(text(), \"TB - Time based\")]"}
COMMAND: GET /session/a49a846f150ab9031b86585360f30ac3/screenshot - {}
RESULT: {"using":"xpath","value":"//span[contains(text(), \"TB - Time based\")]"}
COMMAND: POST /session/a49a846f150ab9031b86585360f30ac3/element/f.6CD6B7C80D08F775EB7D2FFF8B2C9AB5.d.061157CA66DE20FDB5D04F9A8A61E967.e.3386/click - {}
RESULT: {}
RESULT: {}
COMMAND: POST /session/a49a846f150ab9031b86585360f30ac3/execute/async - {"script":"<script> [1562 bytes]","args":[{"selector":{"id":"application-managepricingrules-display-component---newInfoPriceItem--priceProc-arrow"},"wdio_ui5_key":"applicationmanagepricingrules-display-component---newInfoPriceItem--priceProc-arrow"}]}
COMMAND: GET /session/a49a846f150ab9031b86585360f30ac3/screenshot - {}
RESULT: {"script":"<script> [1562 bytes]","args":[{"selector":{"id":"application-managepricingrules-display-component---newInfoPriceItem--priceProc-arrow"},"wdio_ui5_key":"applicationmanagepricingrules-display-component---newInfoPriceItem--priceProc-arrow"}]}
RESULT: undefined
COMMAND: POST /session/a49a846f150ab9031b86585360f30ac3/element - {"using":"xpath","value":"//*[@id=\"application-managepricingrules-display-component---newInfoPriceItem--priceProc-arrow\"]"}
RESULT: {}
RESULT: {"using":"xpath","value":"//*[@id=\"application-managepricingrules-display-component---newInfoPriceItem--priceProc-arrow\"]"}
COMMAND: POST /session/a49a846f150ab9031b86585360f30ac3/element/f.6CD6B7C80D08F775EB7D2FFF8B2C9AB5.d.061157CA66DE20FDB5D04F9A8A61E967.e.3351/click - {}
RESULT: {}
COMMAND: POST /session/a49a846f150ab9031b86585360f30ac3/element - {"using":"xpath","value":"//span[contains(text(), \"TBS - Time based standard\")]"}
COMMAND: GET /session/a49a846f150ab9031b86585360f30ac3/screenshot - {}
RESULT: {"using":"xpath","value":"//span[contains(text(), \"TBS - Time based standard\")]"}
COMMAND: POST /session/a49a846f150ab9031b86585360f30ac3/element/f.6CD6B7C80D08F775EB7D2FFF8B2C9AB5.d.061157CA66DE20FDB5D04F9A8A61E967.e.3387/click - {}
RESULT: {}
RESULT: {}
COMMAND: POST /session/a49a846f150ab9031b86585360f30ac3/execute/async - {"script":"<script> [1562 bytes]","args":[{"selector":{"id":"application-managepricingrules-display-component---newInfoPriceItem--calcBase-arrow"},"wdio_ui5_key":"applicationmanagepricingrules-display-component---newInfoPriceItem--calcBase-arrow"}]}
COMMAND: GET /session/a49a846f150ab9031b86585360f30ac3/screenshot - {}
RESULT: {"script":"<script> [1562 bytes]","args":[{"selector":{"id":"application-managepricingrules-display-component---newInfoPriceItem--calcBase-arrow"},"wdio_ui5_key":"applicationmanagepricingrules-display-component---newInfoPriceItem--calcBase-arrow"}]}
RESULT: undefined
COMMAND: POST /session/a49a846f150ab9031b86585360f30ac3/element - {"using":"xpath","value":"//*[@id=\"application-managepricingrules-display-component---newInfoPriceItem--calcBase-arrow\"]"}
RESULT: {}
RESULT: {"using":"xpath","value":"//*[@id=\"application-managepricingrules-display-component---newInfoPriceItem--calcBase-arrow\"]"}
COMMAND: POST /session/a49a846f150ab9031b86585360f30ac3/element/f.6CD6B7C80D08F775EB7D2FFF8B2C9AB5.d.061157CA66DE20FDB5D04F9A8A61E967.e.3358/click - {}
RESULT: {}
COMMAND: GET /session/a49a846f150ab9031b86585360f30ac3/screenshot - {}
RESULT: {}
COMMAND: POST /session/a49a846f150ab9031b86585360f30ac3/element - {"using":"xpath","value":"//span[contains(text(), \"0006 - TB(calendar days)\")]"}
RESULT: {"using":"xpath","value":"//span[contains(text(), \"0006 - TB(calendar days)\")]"}
COMMAND: POST /session/a49a846f150ab9031b86585360f30ac3/element/f.6CD6B7C80D08F775EB7D2FFF8B2C9AB5.d.061157CA66DE20FDB5D04F9A8A61E967.e.3388/click - {}
RESULT: {}
COMMAND: GET /session/a49a846f150ab9031b86585360f30ac3/screenshot - {}
RESULT: {}
COMMAND: POST /session/a49a846f150ab9031b86585360f30ac3/execute/async - {"script":"<script> [1562 bytes]","args":[{"selector":{"id":"application-managepricingrules-display-component---newInfoPriceItem--daysMonth","interaction":{"idSuffix":"inner"}},"wdio_ui5_key":"applicationmanagepricingrules-display-component---newInfoPriceItem--daysMonth"}]}
RESULT: {"script":"<script> [1562 bytes]","args":[{"selector":{"id":"application-managepricingrules-display-component---newInfoPriceItem--daysMonth","interaction":{"idSuffix":"inner"}},"wdio_ui5_key":"applicationmanagepricingrules-display-component---newInfoPriceItem--daysMonth"}]}
RESULT: undefined
COMMAND: POST /session/a49a846f150ab9031b86585360f30ac3/execute/async - {"script":"<script> [776 bytes]","args":[{"enterText":"30","selector":{"id":"application-managepricingrules-display-component---newInfoPriceItem--daysMonth","interaction":{"idSuffix":"inner"}},"clearTextFirst":true,"interactionType":"ENTER_TEXT"}]}
RESULT: {"script":"<script> [776 bytes]","args":[{"enterText":"30","selector":{"id":"application-managepricingrules-display-component---newInfoPriceItem--daysMonth","interaction":{"idSuffix":"inner"}},"clearTextFirst":true,"interactionType":"ENTER_TEXT"}]}
COMMAND: POST /session/a49a846f150ab9031b86585360f30ac3/element - {"using":"xpath","value":"//button[@data-kt=\"saveNewRuleButton\"]"}
RESULT: {"using":"xpath","value":"//button[@data-kt=\"saveNewRuleButton\"]"}
COMMAND: POST /session/a49a846f150ab9031b86585360f30ac3/element/f.6CD6B7C80D08F775EB7D2FFF8B2C9AB5.d.061157CA66DE20FDB5D04F9A8A61E967.e.3378/click - {}
RESULT: {}
COMMAND: GET /session/a49a846f150ab9031b86585360f30ac3/screenshot - {}
RESULT: {}
COMMAND: POST /session/a49a846f150ab9031b86585360f30ac3/execute/async - {"script":"<script> [1562 bytes]","args":[{"selector":{"id":"application-managepricingrules-display-component---priceInfoItem--smartFilterBar-btnBasicSearch","interaction":{"idSuffix":"I"}},"wdio_ui5_key":"applicationmanagepricingrules-display-component---priceInfoItem--smartFilterBar-btnBasicSearch"}]}
RESULT: {"script":"<script> [1562 bytes]","args":[{"selector":{"id":"application-managepricingrules-display-component---priceInfoItem--smartFilterBar-btnBasicSearch","interaction":{"idSuffix":"I"}},"wdio_ui5_key":"applicationmanagepricingrules-display-component---priceInfoItem--smartFilterBar-btnBasicSearch"}]}
RESULT: undefined
COMMAND: POST /session/a49a846f150ab9031b86585360f30ac3/execute/async - {"script":"<script> [776 bytes]","args":[{"enterText":"9VTanP6dyq","selector":{"id":"application-managepricingrules-display-component---priceInfoItem--smartFilterBar-btnBasicSearch","interaction":{"idSuffix":"I"}},"clearTextFirst":true,"interactionType":"ENTER_TEXT"}]}
RESULT: {"script":"<script> [776 bytes]","args":[{"enterText":"9VTanP6dyq","selector":{"id":"application-managepricingrules-display-component---priceInfoItem--smartFilterBar-btnBasicSearch","interaction":{"idSuffix":"I"}},"clearTextFirst":true,"interactionType":"ENTER_TEXT"}]}
COMMAND: POST /session/a49a846f150ab9031b86585360f30ac3/actions - {"actions":[{"id":"action12","type":"key","parameters":{},"actions":[{"type":"keyDown","value":"î€‡"},{"type":"pause","duration":10},{"type":"keyUp","value":"î€‡"}]}]}
RESULT: {"actions":[{"id":"action12","type":"key","parameters":{},"actions":[{"type":"keyDown","value":"î€‡"},{"type":"pause","duration":10},{"type":"keyUp","value":"î€‡"}]}]}
COMMAND: GET /session/a49a846f150ab9031b86585360f30ac3/screenshot - {}
RESULT: {}
COMMAND: POST /session/a49a846f150ab9031b86585360f30ac3/element - {"using":"xpath","value":"//span[@id=\"application-managepricingrules-display-component---priceInfoItem--smartTable-header-inner\"]"}
RESULT: {"using":"xpath","value":"//span[@id=\"application-managepricingrules-display-component---priceInfoItem--smartTable-header-inner\"]"}
COMMAND: POST /session/a49a846f150ab9031b86585360f30ac3/elements - {"using":"xpath","value":"//span[@id=\"application-managepricingrules-display-component---priceInfoItem--smartTable-header-inner\"]"}
RESULT: {"using":"xpath","value":"//span[@id=\"application-managepricingrules-display-component---priceInfoItem--smartTable-header-inner\"]"}
COMMAND: POST /session/a49a846f150ab9031b86585360f30ac3/execute/sync - {"script":"<script> [56 bytes]","args":[{"element-6066-11e4-a52e-4f735466cecf":"f.6CD6B7C80D08F775EB7D2FFF8B2C9AB5.d.061157CA66DE20FDB5D04F9A8A61E967.e.3402","ELEMENT":"f.6CD6B7C80D08F775EB7D2FFF8B2C9AB5.d.061157CA66DE20FDB5D04F9A8A61E967.e.3402"}]}
RESULT: {"script":"<script> [56 bytes]","args":[{"element-6066-11e4-a52e-4f735466cecf":"f.6CD6B7C80D08F775EB7D2FFF8B2C9AB5.d.061157CA66DE20FDB5D04F9A8A61E967.e.3402","ELEMENT":"f.6CD6B7C80D08F775EB7D2FFF8B2C9AB5.d.061157CA66DE20FDB5D04F9A8A61E967.e.3402"}]}
COMMAND: POST /session/a49a846f150ab9031b86585360f30ac3/element - {"using":"css selector","value":"#shell-header-logo"}
COMMAND: GET /session/a49a846f150ab9031b86585360f30ac3/screenshot - {}
RESULT: {"using":"css selector","value":"#shell-header-logo"}
COMMAND: POST /session/a49a846f150ab9031b86585360f30ac3/element/f.6CD6B7C80D08F775EB7D2FFF8B2C9AB5.d.061157CA66DE20FDB5D04F9A8A61E967.e.2520/click - {}
RESULT: {}
RESULT: {}
COMMAND: GET /session/a49a846f150ab9031b86585360f30ac3/screenshot - {}
RESULT: {}
]]></system-out>
    </testcase>
    <testcase classname="chrome.135_0_7049_96.windows.Billing_confirm_US117289" name="Should create new condition for equipment" time="67.648">
      <system-out><![CDATA[
COMMAND: POST /session/a49a846f150ab9031b86585360f30ac3/execute/async - {"script":"<script> [1562 bytes]","args":[{"selector":{"controlType":"sap.m.Text","properties":{"text":"Manage Conditions & Prices"},"interaction":{"idSuffix":"inner"}},"wdio_ui5_key":"sapm.Text{\"text\":\"Manage Conditions & Prices\"}"}]}
RESULT: {"script":"<script> [1562 bytes]","args":[{"selector":{"controlType":"sap.m.Text","properties":{"text":"Manage Conditions & Prices"},"interaction":{"idSuffix":"inner"}},"wdio_ui5_key":"sapm.Text{\"text\":\"Manage Conditions & Prices\"}"}]}
RESULT: undefined
COMMAND: POST /session/a49a846f150ab9031b86585360f30ac3/element - {"using":"xpath","value":"//*[@id=\"__tile53-title\"]"}
RESULT: {"using":"xpath","value":"//*[@id=\"__tile53-title\"]"}
COMMAND: POST /session/a49a846f150ab9031b86585360f30ac3/element/f.6CD6B7C80D08F775EB7D2FFF8B2C9AB5.d.061157CA66DE20FDB5D04F9A8A61E967.e.3405/click - {}
RESULT: {}
COMMAND: POST /session/a49a846f150ab9031b86585360f30ac3/element - {"using":"xpath","value":"//button[@aria-label=\"Create\"]"}
COMMAND: GET /session/a49a846f150ab9031b86585360f30ac3/screenshot - {}
RESULT: {"using":"xpath","value":"//button[@aria-label=\"Create\"]"}
COMMAND: POST /session/a49a846f150ab9031b86585360f30ac3/elements - {"using":"xpath","value":"//button[@aria-label=\"Create\"]"}
RESULT: {}
RESULT: {"using":"xpath","value":"//button[@aria-label=\"Create\"]"}
COMMAND: POST /session/a49a846f150ab9031b86585360f30ac3/elements - {"using":"xpath","value":"//button[@aria-label=\"Create\"]"}
RESULT: {"using":"xpath","value":"//button[@aria-label=\"Create\"]"}
COMMAND: POST /session/a49a846f150ab9031b86585360f30ac3/elements - {"using":"xpath","value":"//button[@aria-label=\"Create\"]"}
RESULT: {"using":"xpath","value":"//button[@aria-label=\"Create\"]"}
COMMAND: POST /session/a49a846f150ab9031b86585360f30ac3/elements - {"using":"xpath","value":"//button[@aria-label=\"Create\"]"}
RESULT: {"using":"xpath","value":"//button[@aria-label=\"Create\"]"}
COMMAND: POST /session/a49a846f150ab9031b86585360f30ac3/elements - {"using":"xpath","value":"//button[@aria-label=\"Create\"]"}
RESULT: {"using":"xpath","value":"//button[@aria-label=\"Create\"]"}
COMMAND: POST /session/a49a846f150ab9031b86585360f30ac3/elements - {"using":"xpath","value":"//button[@aria-label=\"Create\"]"}
RESULT: {"using":"xpath","value":"//button[@aria-label=\"Create\"]"}
COMMAND: POST /session/a49a846f150ab9031b86585360f30ac3/elements - {"using":"xpath","value":"//button[@aria-label=\"Create\"]"}
RESULT: {"using":"xpath","value":"//button[@aria-label=\"Create\"]"}
COMMAND: POST /session/a49a846f150ab9031b86585360f30ac3/elements - {"using":"xpath","value":"//button[@aria-label=\"Create\"]"}
RESULT: {"using":"xpath","value":"//button[@aria-label=\"Create\"]"}
COMMAND: POST /session/a49a846f150ab9031b86585360f30ac3/elements - {"using":"xpath","value":"//button[@aria-label=\"Create\"]"}
RESULT: {"using":"xpath","value":"//button[@aria-label=\"Create\"]"}
COMMAND: POST /session/a49a846f150ab9031b86585360f30ac3/elements - {"using":"xpath","value":"//button[@aria-label=\"Create\"]"}
RESULT: {"using":"xpath","value":"//button[@aria-label=\"Create\"]"}
COMMAND: POST /session/a49a846f150ab9031b86585360f30ac3/elements - {"using":"xpath","value":"//button[@aria-label=\"Create\"]"}
RESULT: {"using":"xpath","value":"//button[@aria-label=\"Create\"]"}
COMMAND: POST /session/a49a846f150ab9031b86585360f30ac3/elements - {"using":"xpath","value":"//button[@aria-label=\"Create\"]"}
RESULT: {"using":"xpath","value":"//button[@aria-label=\"Create\"]"}
COMMAND: POST /session/a49a846f150ab9031b86585360f30ac3/elements - {"using":"xpath","value":"//button[@aria-label=\"Create\"]"}
RESULT: {"using":"xpath","value":"//button[@aria-label=\"Create\"]"}
COMMAND: POST /session/a49a846f150ab9031b86585360f30ac3/elements - {"using":"xpath","value":"//button[@aria-label=\"Create\"]"}
RESULT: {"using":"xpath","value":"//button[@aria-label=\"Create\"]"}
COMMAND: POST /session/a49a846f150ab9031b86585360f30ac3/elements - {"using":"xpath","value":"//button[@aria-label=\"Create\"]"}
RESULT: {"using":"xpath","value":"//button[@aria-label=\"Create\"]"}
COMMAND: POST /session/a49a846f150ab9031b86585360f30ac3/elements - {"using":"xpath","value":"//button[@aria-label=\"Create\"]"}
RESULT: {"using":"xpath","value":"//button[@aria-label=\"Create\"]"}
COMMAND: POST /session/a49a846f150ab9031b86585360f30ac3/elements - {"using":"xpath","value":"//button[@aria-label=\"Create\"]"}
RESULT: {"using":"xpath","value":"//button[@aria-label=\"Create\"]"}
COMMAND: POST /session/a49a846f150ab9031b86585360f30ac3/elements - {"using":"xpath","value":"//button[@aria-label=\"Create\"]"}
RESULT: {"using":"xpath","value":"//button[@aria-label=\"Create\"]"}
COMMAND: POST /session/a49a846f150ab9031b86585360f30ac3/element - {"using":"xpath","value":"//button[@aria-label=\"Create\"]"}
RESULT: {"using":"xpath","value":"//button[@aria-label=\"Create\"]"}
COMMAND: POST /session/a49a846f150ab9031b86585360f30ac3/execute/sync - {"script":"<script> [8489 bytes]","args":[{"element-6066-11e4-a52e-4f735466cecf":"f.6CD6B7C80D08F775EB7D2FFF8B2C9AB5.d.061157CA66DE20FDB5D04F9A8A61E967.e.3441","ELEMENT":"f.6CD6B7C80D08F775EB7D2FFF8B2C9AB5.d.061157CA66DE20FDB5D04F9A8A61E967.e.3441"}]}
RESULT: {"script":"<script> [8489 bytes]","args":[{"element-6066-11e4-a52e-4f735466cecf":"f.6CD6B7C80D08F775EB7D2FFF8B2C9AB5.d.061157CA66DE20FDB5D04F9A8A61E967.e.3441","ELEMENT":"f.6CD6B7C80D08F775EB7D2FFF8B2C9AB5.d.061157CA66DE20FDB5D04F9A8A61E967.e.3441"}]}
COMMAND: GET /session/a49a846f150ab9031b86585360f30ac3/element/f.6CD6B7C80D08F775EB7D2FFF8B2C9AB5.d.061157CA66DE20FDB5D04F9A8A61E967.e.3441/enabled - {}
COMMAND: GET /session/a49a846f150ab9031b86585360f30ac3/screenshot - {}
RESULT: {}
COMMAND: POST /session/a49a846f150ab9031b86585360f30ac3/execute/sync - {"script":"<script> [8489 bytes]","args":[{"element-6066-11e4-a52e-4f735466cecf":"f.6CD6B7C80D08F775EB7D2FFF8B2C9AB5.d.061157CA66DE20FDB5D04F9A8A61E967.e.3441","ELEMENT":"f.6CD6B7C80D08F775EB7D2FFF8B2C9AB5.d.061157CA66DE20FDB5D04F9A8A61E967.e.3441"}]}
COMMAND: GET /session/a49a846f150ab9031b86585360f30ac3/screenshot - {}
RESULT: {}
RESULT: {"script":"<script> [8489 bytes]","args":[{"element-6066-11e4-a52e-4f735466cecf":"f.6CD6B7C80D08F775EB7D2FFF8B2C9AB5.d.061157CA66DE20FDB5D04F9A8A61E967.e.3441","ELEMENT":"f.6CD6B7C80D08F775EB7D2FFF8B2C9AB5.d.061157CA66DE20FDB5D04F9A8A61E967.e.3441"}]}
COMMAND: POST /session/a49a846f150ab9031b86585360f30ac3/execute/sync - {"script":"<script> [5351 bytes]","args":[{"element-6066-11e4-a52e-4f735466cecf":"f.6CD6B7C80D08F775EB7D2FFF8B2C9AB5.d.061157CA66DE20FDB5D04F9A8A61E967.e.3441","ELEMENT":"f.6CD6B7C80D08F775EB7D2FFF8B2C9AB5.d.061157CA66DE20FDB5D04F9A8A61E967.e.3441"}]}
COMMAND: GET /session/a49a846f150ab9031b86585360f30ac3/screenshot - {}
RESULT: {}
RESULT: {"script":"<script> [5351 bytes]","args":[{"element-6066-11e4-a52e-4f735466cecf":"f.6CD6B7C80D08F775EB7D2FFF8B2C9AB5.d.061157CA66DE20FDB5D04F9A8A61E967.e.3441","ELEMENT":"f.6CD6B7C80D08F775EB7D2FFF8B2C9AB5.d.061157CA66DE20FDB5D04F9A8A61E967.e.3441"}]}
COMMAND: POST /session/a49a846f150ab9031b86585360f30ac3/element/f.6CD6B7C80D08F775EB7D2FFF8B2C9AB5.d.061157CA66DE20FDB5D04F9A8A61E967.e.3441/click - {}
COMMAND: GET /session/a49a846f150ab9031b86585360f30ac3/screenshot - {}
RESULT: {}
RESULT: {}
COMMAND: GET /session/a49a846f150ab9031b86585360f30ac3/screenshot - {}
RESULT: {}
RESULT: {}
COMMAND: POST /session/a49a846f150ab9031b86585360f30ac3/actions - {"actions":[{"id":"action13","type":"key","parameters":{},"actions":[{"type":"keyDown","value":"î€‡"},{"type":"pause","duration":10},{"type":"keyUp","value":"î€‡"}]}]}
RESULT: {"actions":[{"id":"action13","type":"key","parameters":{},"actions":[{"type":"keyDown","value":"î€‡"},{"type":"pause","duration":10},{"type":"keyUp","value":"î€‡"}]}]}
COMMAND: GET /session/a49a846f150ab9031b86585360f30ac3/screenshot - {}
RESULT: {}
COMMAND: POST /session/a49a846f150ab9031b86585360f30ac3/execute/async - {"script":"<script> [1562 bytes]","args":[{"selector":{"id":"application-manageconditionprice-display-component---newCondition--condBillCond-arrow"},"wdio_ui5_key":"applicationmanageconditionprice-display-component---newCondition--condBillCond-arrow"}]}
RESULT: {"script":"<script> [1562 bytes]","args":[{"selector":{"id":"application-manageconditionprice-display-component---newCondition--condBillCond-arrow"},"wdio_ui5_key":"applicationmanageconditionprice-display-component---newCondition--condBillCond-arrow"}]}
RESULT: undefined
COMMAND: POST /session/a49a846f150ab9031b86585360f30ac3/element - {"using":"xpath","value":"//*[@id=\"application-manageconditionprice-display-component---newCondition--condBillCond-arrow\"]"}
RESULT: {"using":"xpath","value":"//*[@id=\"application-manageconditionprice-display-component---newCondition--condBillCond-arrow\"]"}
COMMAND: POST /session/a49a846f150ab9031b86585360f30ac3/element/f.6CD6B7C80D08F775EB7D2FFF8B2C9AB5.d.061157CA66DE20FDB5D04F9A8A61E967.e.3651/click - {}
RESULT: {}
COMMAND: GET /session/a49a846f150ab9031b86585360f30ac3/screenshot - {}
RESULT: {}
COMMAND: POST /session/a49a846f150ab9031b86585360f30ac3/element - {"using":"xpath","value":"//li[.//span[contains(text(), \"DISP - D&I special price\")]]"}
RESULT: {"using":"xpath","value":"//li[.//span[contains(text(), \"DISP - D&I special price\")]]"}
COMMAND: POST /session/a49a846f150ab9031b86585360f30ac3/element/f.6CD6B7C80D08F775EB7D2FFF8B2C9AB5.d.061157CA66DE20FDB5D04F9A8A61E967.e.3654/click - {}
RESULT: {}
COMMAND: GET /session/a49a846f150ab9031b86585360f30ac3/screenshot - {}
RESULT: {}
COMMAND: POST /session/a49a846f150ab9031b86585360f30ac3/execute/async - {"script":"<script> [1562 bytes]","args":[{"selector":{"id":"application-manageconditionprice-display-component---newCondition--condValidTo","interaction":{"idSuffix":"inner"}},"wdio_ui5_key":"applicationmanageconditionprice-display-component---newCondition--condValidTo"}]}
RESULT: {"script":"<script> [1562 bytes]","args":[{"selector":{"id":"application-manageconditionprice-display-component---newCondition--condValidTo","interaction":{"idSuffix":"inner"}},"wdio_ui5_key":"applicationmanageconditionprice-display-component---newCondition--condValidTo"}]}
RESULT: undefined
COMMAND: POST /session/a49a846f150ab9031b86585360f30ac3/execute/async - {"script":"<script> [776 bytes]","args":[{"enterText":"12/29/25","selector":{"id":"application-manageconditionprice-display-component---newCondition--condValidTo","interaction":{"idSuffix":"inner"}},"clearTextFirst":true,"interactionType":"ENTER_TEXT"}]}
RESULT: {"script":"<script> [776 bytes]","args":[{"enterText":"12/29/25","selector":{"id":"application-manageconditionprice-display-component---newCondition--condValidTo","interaction":{"idSuffix":"inner"}},"clearTextFirst":true,"interactionType":"ENTER_TEXT"}]}
COMMAND: POST /session/a49a846f150ab9031b86585360f30ac3/element - {"using":"xpath","value":"//input[@id=\"application-manageconditionprice-display-component---newCondition--condRU-inner\"]"}
RESULT: {"using":"xpath","value":"//input[@id=\"application-manageconditionprice-display-component---newCondition--condRU-inner\"]"}
COMMAND: POST /session/a49a846f150ab9031b86585360f30ac3/element/f.6CD6B7C80D08F775EB7D2FFF8B2C9AB5.d.061157CA66DE20FDB5D04F9A8A61E967.e.3516/clear - {}
RESULT: {}
COMMAND: POST /session/a49a846f150ab9031b86585360f30ac3/element/f.6CD6B7C80D08F775EB7D2FFF8B2C9AB5.d.061157CA66DE20FDB5D04F9A8A61E967.e.3516/value - {"text":"9VTanP6dyq"}
COMMAND: GET /session/a49a846f150ab9031b86585360f30ac3/screenshot - {}
RESULT: {"text":"9VTanP6dyq"}
COMMAND: GET /session/a49a846f150ab9031b86585360f30ac3/screenshot - {}
RESULT: {}
RESULT: {}
COMMAND: POST /session/a49a846f150ab9031b86585360f30ac3/actions - {"actions":[{"id":"action14","type":"key","parameters":{},"actions":[{"type":"keyDown","value":"î€‡"},{"type":"pause","duration":10},{"type":"keyUp","value":"î€‡"}]}]}
RESULT: {"actions":[{"id":"action14","type":"key","parameters":{},"actions":[{"type":"keyDown","value":"î€‡"},{"type":"pause","duration":10},{"type":"keyUp","value":"î€‡"}]}]}
COMMAND: POST /session/a49a846f150ab9031b86585360f30ac3/execute/async - {"script":"<script> [1562 bytes]","args":[{"selector":{"id":"application-manageconditionprice-display-component---newCondition--condBaseQty","interaction":{"idSuffix":"inner"}},"wdio_ui5_key":"applicationmanageconditionprice-display-component---newCondition--condBaseQty"}]}
COMMAND: GET /session/a49a846f150ab9031b86585360f30ac3/screenshot - {}
RESULT: {"script":"<script> [1562 bytes]","args":[{"selector":{"id":"application-manageconditionprice-display-component---newCondition--condBaseQty","interaction":{"idSuffix":"inner"}},"wdio_ui5_key":"applicationmanageconditionprice-display-component---newCondition--condBaseQty"}]}
RESULT: undefined
COMMAND: POST /session/a49a846f150ab9031b86585360f30ac3/execute/async - {"script":"<script> [776 bytes]","args":[{"enterText":"1","selector":{"id":"application-manageconditionprice-display-component---newCondition--condBaseQty","interaction":{"idSuffix":"inner"}},"clearTextFirst":true,"interactionType":"ENTER_TEXT"}]}
RESULT: {}
RESULT: {"script":"<script> [776 bytes]","args":[{"enterText":"1","selector":{"id":"application-manageconditionprice-display-component---newCondition--condBaseQty","interaction":{"idSuffix":"inner"}},"clearTextFirst":true,"interactionType":"ENTER_TEXT"}]}
COMMAND: POST /session/a49a846f150ab9031b86585360f30ac3/execute/async - {"script":"<script> [1562 bytes]","args":[{"selector":{"id":"application-manageconditionprice-display-component---newCondition--condValue","interaction":{"idSuffix":"inner"}},"wdio_ui5_key":"applicationmanageconditionprice-display-component---newCondition--condValue"}]}
RESULT: {"script":"<script> [1562 bytes]","args":[{"selector":{"id":"application-manageconditionprice-display-component---newCondition--condValue","interaction":{"idSuffix":"inner"}},"wdio_ui5_key":"applicationmanageconditionprice-display-component---newCondition--condValue"}]}
RESULT: undefined
COMMAND: POST /session/a49a846f150ab9031b86585360f30ac3/execute/async - {"script":"<script> [776 bytes]","args":[{"enterText":"100","selector":{"id":"application-manageconditionprice-display-component---newCondition--condValue","interaction":{"idSuffix":"inner"}},"clearTextFirst":true,"interactionType":"ENTER_TEXT"}]}
RESULT: {"script":"<script> [776 bytes]","args":[{"enterText":"100","selector":{"id":"application-manageconditionprice-display-component---newCondition--condValue","interaction":{"idSuffix":"inner"}},"clearTextFirst":true,"interactionType":"ENTER_TEXT"}]}
COMMAND: POST /session/a49a846f150ab9031b86585360f30ac3/execute/async - {"script":"<script> [1562 bytes]","args":[{"selector":{"id":"application-manageconditionprice-display-component---newCondition--condCurr-arrow"},"wdio_ui5_key":"applicationmanageconditionprice-display-component---newCondition--condCurr-arrow"}]}
RESULT: {"script":"<script> [1562 bytes]","args":[{"selector":{"id":"application-manageconditionprice-display-component---newCondition--condCurr-arrow"},"wdio_ui5_key":"applicationmanageconditionprice-display-component---newCondition--condCurr-arrow"}]}
RESULT: undefined
COMMAND: POST /session/a49a846f150ab9031b86585360f30ac3/element - {"using":"xpath","value":"//*[@id=\"application-manageconditionprice-display-component---newCondition--condCurr-arrow\"]"}
RESULT: {"using":"xpath","value":"//*[@id=\"application-manageconditionprice-display-component---newCondition--condCurr-arrow\"]"}
COMMAND: POST /session/a49a846f150ab9031b86585360f30ac3/element/f.6CD6B7C80D08F775EB7D2FFF8B2C9AB5.d.061157CA66DE20FDB5D04F9A8A61E967.e.3618/click - {}
RESULT: {}
COMMAND: POST /session/a49a846f150ab9031b86585360f30ac3/element - {"using":"xpath","value":"//span[contains(text(), \"Euro\")]"}
COMMAND: GET /session/a49a846f150ab9031b86585360f30ac3/screenshot - {}
RESULT: {"using":"xpath","value":"//span[contains(text(), \"Euro\")]"}
COMMAND: POST /session/a49a846f150ab9031b86585360f30ac3/element/f.6CD6B7C80D08F775EB7D2FFF8B2C9AB5.d.061157CA66DE20FDB5D04F9A8A61E967.e.3689/click - {}
RESULT: {}
RESULT: {}
COMMAND: POST /session/a49a846f150ab9031b86585360f30ac3/element - {"using":"xpath","value":"//button[@data-kt=\"saveButton\"]"}
COMMAND: GET /session/a49a846f150ab9031b86585360f30ac3/screenshot - {}
RESULT: {"using":"xpath","value":"//button[@data-kt=\"saveButton\"]"}
COMMAND: POST /session/a49a846f150ab9031b86585360f30ac3/element/f.6CD6B7C80D08F775EB7D2FFF8B2C9AB5.d.061157CA66DE20FDB5D04F9A8A61E967.e.3619/click - {}
RESULT: {}
RESULT: {}
COMMAND: GET /session/a49a846f150ab9031b86585360f30ac3/screenshot - {}
RESULT: {}
COMMAND: POST /session/a49a846f150ab9031b86585360f30ac3/execute/async - {"script":"<script> [1562 bytes]","args":[{"selector":{"id":"application-manageconditionprice-display-component---conditions--smartFilterBar-btnBasicSearch","interaction":{"idSuffix":"I"}},"wdio_ui5_key":"applicationmanageconditionprice-display-component---conditions--smartFilterBar-btnBasicSearch"}]}
RESULT: {"script":"<script> [1562 bytes]","args":[{"selector":{"id":"application-manageconditionprice-display-component---conditions--smartFilterBar-btnBasicSearch","interaction":{"idSuffix":"I"}},"wdio_ui5_key":"applicationmanageconditionprice-display-component---conditions--smartFilterBar-btnBasicSearch"}]}
RESULT: undefined
COMMAND: POST /session/a49a846f150ab9031b86585360f30ac3/execute/async - {"script":"<script> [776 bytes]","args":[{"enterText":"9VTanP6dyq","selector":{"id":"application-manageconditionprice-display-component---conditions--smartFilterBar-btnBasicSearch","interaction":{"idSuffix":"I"}},"clearTextFirst":true,"interactionType":"ENTER_TEXT"}]}
RESULT: {"script":"<script> [776 bytes]","args":[{"enterText":"9VTanP6dyq","selector":{"id":"application-manageconditionprice-display-component---conditions--smartFilterBar-btnBasicSearch","interaction":{"idSuffix":"I"}},"clearTextFirst":true,"interactionType":"ENTER_TEXT"}]}
COMMAND: POST /session/a49a846f150ab9031b86585360f30ac3/actions - {"actions":[{"id":"action15","type":"key","parameters":{},"actions":[{"type":"keyDown","value":"î€‡"},{"type":"pause","duration":10},{"type":"keyUp","value":"î€‡"}]}]}
RESULT: {"actions":[{"id":"action15","type":"key","parameters":{},"actions":[{"type":"keyDown","value":"î€‡"},{"type":"pause","duration":10},{"type":"keyUp","value":"î€‡"}]}]}
COMMAND: GET /session/a49a846f150ab9031b86585360f30ac3/screenshot - {}
RESULT: {}
COMMAND: POST /session/a49a846f150ab9031b86585360f30ac3/execute/async - {"script":"<script> [1562 bytes]","args":[{"selector":{"id":"application-manageconditionprice-display-component---conditions--smartFilterBar-filterItemControl_BASIC-BILL_TYPES-vhi"},"wdio_ui5_key":"applicationmanageconditionprice-display-component---conditions--smartFilterBar-filterItemControl_BASIC-BILL_TYPES-vhi"}]}
RESULT: {"script":"<script> [1562 bytes]","args":[{"selector":{"id":"application-manageconditionprice-display-component---conditions--smartFilterBar-filterItemControl_BASIC-BILL_TYPES-vhi"},"wdio_ui5_key":"applicationmanageconditionprice-display-component---conditions--smartFilterBar-filterItemControl_BASIC-BILL_TYPES-vhi"}]}
RESULT: undefined
COMMAND: POST /session/a49a846f150ab9031b86585360f30ac3/element - {"using":"xpath","value":"//*[@id=\"application-manageconditionprice-display-component---conditions--smartFilterBar-filterItemControl_BASIC-BILL_TYPES-vhi\"]"}
RESULT: {"using":"xpath","value":"//*[@id=\"application-manageconditionprice-display-component---conditions--smartFilterBar-filterItemControl_BASIC-BILL_TYPES-vhi\"]"}
COMMAND: POST /session/a49a846f150ab9031b86585360f30ac3/element/f.6CD6B7C80D08F775EB7D2FFF8B2C9AB5.d.061157CA66DE20FDB5D04F9A8A61E967.e.3705/click - {}
RESULT: {}
COMMAND: POST /session/a49a846f150ab9031b86585360f30ac3/execute/async - {"script":"<script> [1562 bytes]","args":[{"selector":{"id":"application-manageconditionprice-display-component---conditions--smartFilterBar-filterItemControl_BASIC-BILL_TYPES-valueHelpDialog-smartFilterBar-btnBasicSearch","searchOpenDialogs":true,"interaction":{"idSuffix":"I"}},"wdio_ui5_key":"applicationmanageconditionprice-display-component---conditions--smartFilterBar-filterItemControl_BASIC-BILL_TYPES-valueHelpDialog-smartFilterBar-btnBasicSearch"}]}
COMMAND: GET /session/a49a846f150ab9031b86585360f30ac3/screenshot - {}
RESULT: {"script":"<script> [1562 bytes]","args":[{"selector":{"id":"application-manageconditionprice-display-component---conditions--smartFilterBar-filterItemControl_BASIC-BILL_TYPES-valueHelpDialog-smartFilterBar-btnBasicSearch","searchOpenDialogs":true,"interaction":{"idSuffix":"I"}},"wdio_ui5_key":"applicationmanageconditionprice-display-component---conditions--smartFilterBar-filterItemControl_BASIC-BILL_TYPES-valueHelpDialog-smartFilterBar-btnBasicSearch"}]}
RESULT: undefined
COMMAND: POST /session/a49a846f150ab9031b86585360f30ac3/execute/async - {"script":"<script> [776 bytes]","args":[{"enterText":"TB","selector":{"id":"application-manageconditionprice-display-component---conditions--smartFilterBar-filterItemControl_BASIC-BILL_TYPES-valueHelpDialog-smartFilterBar-btnBasicSearch","searchOpenDialogs":true,"interaction":{"idSuffix":"I"}},"clearTextFirst":true,"interactionType":"ENTER_TEXT"}]}
RESULT: {}
RESULT: {"script":"<script> [776 bytes]","args":[{"enterText":"TB","selector":{"id":"application-manageconditionprice-display-component---conditions--smartFilterBar-filterItemControl_BASIC-BILL_TYPES-valueHelpDialog-smartFilterBar-btnBasicSearch","searchOpenDialogs":true,"interaction":{"idSuffix":"I"}},"clearTextFirst":true,"interactionType":"ENTER_TEXT"}]}
COMMAND: POST /session/a49a846f150ab9031b86585360f30ac3/actions - {"actions":[{"id":"action16","type":"key","parameters":{},"actions":[{"type":"keyDown","value":"î€‡"},{"type":"pause","duration":10},{"type":"keyUp","value":"î€‡"}]}]}
RESULT: {"actions":[{"id":"action16","type":"key","parameters":{},"actions":[{"type":"keyDown","value":"î€‡"},{"type":"pause","duration":10},{"type":"keyUp","value":"î€‡"}]}]}
COMMAND: GET /session/a49a846f150ab9031b86585360f30ac3/screenshot - {}
RESULT: {}
COMMAND: POST /session/a49a846f150ab9031b86585360f30ac3/element - {"using":"xpath","value":"//div[contains(@id, 'application-manageconditionprice-display-component---conditions--smartFilterBar-filterItemControl_BASIC-BILL_TYPES-valueHelpDialog-table-rowsel0')]"}
RESULT: {"using":"xpath","value":"//div[contains(@id, 'application-manageconditionprice-display-component---conditions--smartFilterBar-filterItemControl_BASIC-BILL_TYPES-valueHelpDialog-table-rowsel0')]"}
COMMAND: POST /session/a49a846f150ab9031b86585360f30ac3/element/f.6CD6B7C80D08F775EB7D2FFF8B2C9AB5.d.061157CA66DE20FDB5D04F9A8A61E967.e.3715/click - {}
RESULT: {}
COMMAND: GET /session/a49a846f150ab9031b86585360f30ac3/screenshot - {}
RESULT: {}
COMMAND: POST /session/a49a846f150ab9031b86585360f30ac3/element - {"using":"xpath","value":"//bdi[contains(text(), \"OK\")]"}
RESULT: {"using":"xpath","value":"//bdi[contains(text(), \"OK\")]"}
COMMAND: POST /session/a49a846f150ab9031b86585360f30ac3/element/f.6CD6B7C80D08F775EB7D2FFF8B2C9AB5.d.061157CA66DE20FDB5D04F9A8A61E967.e.3717/click - {}
RESULT: {}
COMMAND: GET /session/a49a846f150ab9031b86585360f30ac3/screenshot - {}
RESULT: {}
COMMAND: POST /session/a49a846f150ab9031b86585360f30ac3/element - {"using":"xpath","value":"//span[@id=\"application-manageconditionprice-display-component---conditions--smartTable-header-inner\"]"}
RESULT: {"using":"xpath","value":"//span[@id=\"application-manageconditionprice-display-component---conditions--smartTable-header-inner\"]"}
COMMAND: POST /session/a49a846f150ab9031b86585360f30ac3/elements - {"using":"xpath","value":"//span[@id=\"application-manageconditionprice-display-component---conditions--smartTable-header-inner\"]"}
RESULT: {"using":"xpath","value":"//span[@id=\"application-manageconditionprice-display-component---conditions--smartTable-header-inner\"]"}
COMMAND: POST /session/a49a846f150ab9031b86585360f30ac3/execute/sync - {"script":"<script> [56 bytes]","args":[{"element-6066-11e4-a52e-4f735466cecf":"f.6CD6B7C80D08F775EB7D2FFF8B2C9AB5.d.061157CA66DE20FDB5D04F9A8A61E967.e.3720","ELEMENT":"f.6CD6B7C80D08F775EB7D2FFF8B2C9AB5.d.061157CA66DE20FDB5D04F9A8A61E967.e.3720"}]}
RESULT: {"script":"<script> [56 bytes]","args":[{"element-6066-11e4-a52e-4f735466cecf":"f.6CD6B7C80D08F775EB7D2FFF8B2C9AB5.d.061157CA66DE20FDB5D04F9A8A61E967.e.3720","ELEMENT":"f.6CD6B7C80D08F775EB7D2FFF8B2C9AB5.d.061157CA66DE20FDB5D04F9A8A61E967.e.3720"}]}
COMMAND: POST /session/a49a846f150ab9031b86585360f30ac3/element - {"using":"css selector","value":"#shell-header-logo"}
COMMAND: GET /session/a49a846f150ab9031b86585360f30ac3/screenshot - {}
RESULT: {}
RESULT: {"using":"css selector","value":"#shell-header-logo"}
COMMAND: POST /session/a49a846f150ab9031b86585360f30ac3/element/f.6CD6B7C80D08F775EB7D2FFF8B2C9AB5.d.061157CA66DE20FDB5D04F9A8A61E967.e.3408/click - {}
RESULT: {}
COMMAND: GET /session/a49a846f150ab9031b86585360f30ac3/screenshot - {}
RESULT: {}
]]></system-out>
    </testcase>
    <testcase classname="chrome.135_0_7049_96.windows.Billing_confirm_US117289" name="Should do a stock increase" time="84.99">
      <system-out><![CDATA[
COMMAND: POST /session/a49a846f150ab9031b86585360f30ac3/execute/async - {"script":"<script> [1562 bytes]","args":[{"selector":{"controlType":"sap.m.Text","viewName":"etm.portal.ui.managehandoverstile.view.Master","properties":{"text":"Manage Handovers"},"interaction":{"idSuffix":"inner"}},"wdio_ui5_key":"etmportal.ui.managehandoverstile.view.Mastersap.m.Text{\"text\":\"Manage Handovers\"}"}]}
RESULT: {"script":"<script> [1562 bytes]","args":[{"selector":{"controlType":"sap.m.Text","viewName":"etm.portal.ui.managehandoverstile.view.Master","properties":{"text":"Manage Handovers"},"interaction":{"idSuffix":"inner"}},"wdio_ui5_key":"etmportal.ui.managehandoverstile.view.Mastersap.m.Text{\"text\":\"Manage Handovers\"}"}]}
RESULT: undefined
COMMAND: POST /session/a49a846f150ab9031b86585360f30ac3/element - {"using":"xpath","value":"//*[@id=\"__tile132-title\"]"}
RESULT: {"using":"xpath","value":"//*[@id=\"__tile132-title\"]"}
COMMAND: POST /session/a49a846f150ab9031b86585360f30ac3/element/f.6CD6B7C80D08F775EB7D2FFF8B2C9AB5.d.061157CA66DE20FDB5D04F9A8A61E967.e.3725/click - {}
RESULT: {}
COMMAND: POST /session/a49a846f150ab9031b86585360f30ac3/element - {"using":"xpath","value":"//button[@data-kt=\"masterHOAddButton\"]"}
COMMAND: GET /session/a49a846f150ab9031b86585360f30ac3/screenshot - {}
RESULT: {"using":"xpath","value":"//button[@data-kt=\"masterHOAddButton\"]"}
COMMAND: POST /session/a49a846f150ab9031b86585360f30ac3/elements - {"using":"xpath","value":"//button[@data-kt=\"masterHOAddButton\"]"}
RESULT: {}
RESULT: {"using":"xpath","value":"//button[@data-kt=\"masterHOAddButton\"]"}
COMMAND: POST /session/a49a846f150ab9031b86585360f30ac3/elements - {"using":"xpath","value":"//button[@data-kt=\"masterHOAddButton\"]"}
RESULT: {"using":"xpath","value":"//button[@data-kt=\"masterHOAddButton\"]"}
COMMAND: POST /session/a49a846f150ab9031b86585360f30ac3/elements - {"using":"xpath","value":"//button[@data-kt=\"masterHOAddButton\"]"}
RESULT: {"using":"xpath","value":"//button[@data-kt=\"masterHOAddButton\"]"}
COMMAND: POST /session/a49a846f150ab9031b86585360f30ac3/elements - {"using":"xpath","value":"//button[@data-kt=\"masterHOAddButton\"]"}
RESULT: {"using":"xpath","value":"//button[@data-kt=\"masterHOAddButton\"]"}
COMMAND: POST /session/a49a846f150ab9031b86585360f30ac3/elements - {"using":"xpath","value":"//button[@data-kt=\"masterHOAddButton\"]"}
RESULT: {"using":"xpath","value":"//button[@data-kt=\"masterHOAddButton\"]"}
COMMAND: POST /session/a49a846f150ab9031b86585360f30ac3/elements - {"using":"xpath","value":"//button[@data-kt=\"masterHOAddButton\"]"}
RESULT: {"using":"xpath","value":"//button[@data-kt=\"masterHOAddButton\"]"}
COMMAND: POST /session/a49a846f150ab9031b86585360f30ac3/elements - {"using":"xpath","value":"//button[@data-kt=\"masterHOAddButton\"]"}
RESULT: {"using":"xpath","value":"//button[@data-kt=\"masterHOAddButton\"]"}
COMMAND: POST /session/a49a846f150ab9031b86585360f30ac3/elements - {"using":"xpath","value":"//button[@data-kt=\"masterHOAddButton\"]"}
RESULT: {"using":"xpath","value":"//button[@data-kt=\"masterHOAddButton\"]"}
COMMAND: POST /session/a49a846f150ab9031b86585360f30ac3/elements - {"using":"xpath","value":"//button[@data-kt=\"masterHOAddButton\"]"}
RESULT: {"using":"xpath","value":"//button[@data-kt=\"masterHOAddButton\"]"}
COMMAND: POST /session/a49a846f150ab9031b86585360f30ac3/elements - {"using":"xpath","value":"//button[@data-kt=\"masterHOAddButton\"]"}
RESULT: {"using":"xpath","value":"//button[@data-kt=\"masterHOAddButton\"]"}
COMMAND: POST /session/a49a846f150ab9031b86585360f30ac3/elements - {"using":"xpath","value":"//button[@data-kt=\"masterHOAddButton\"]"}
RESULT: {"using":"xpath","value":"//button[@data-kt=\"masterHOAddButton\"]"}
COMMAND: POST /session/a49a846f150ab9031b86585360f30ac3/elements - {"using":"xpath","value":"//button[@data-kt=\"masterHOAddButton\"]"}
RESULT: {"using":"xpath","value":"//button[@data-kt=\"masterHOAddButton\"]"}
COMMAND: POST /session/a49a846f150ab9031b86585360f30ac3/elements - {"using":"xpath","value":"//button[@data-kt=\"masterHOAddButton\"]"}
RESULT: {"using":"xpath","value":"//button[@data-kt=\"masterHOAddButton\"]"}
COMMAND: POST /session/a49a846f150ab9031b86585360f30ac3/elements - {"using":"xpath","value":"//button[@data-kt=\"masterHOAddButton\"]"}
RESULT: {"using":"xpath","value":"//button[@data-kt=\"masterHOAddButton\"]"}
COMMAND: POST /session/a49a846f150ab9031b86585360f30ac3/elements - {"using":"xpath","value":"//button[@data-kt=\"masterHOAddButton\"]"}
RESULT: {"using":"xpath","value":"//button[@data-kt=\"masterHOAddButton\"]"}
COMMAND: POST /session/a49a846f150ab9031b86585360f30ac3/elements - {"using":"xpath","value":"//button[@data-kt=\"masterHOAddButton\"]"}
RESULT: {"using":"xpath","value":"//button[@data-kt=\"masterHOAddButton\"]"}
COMMAND: POST /session/a49a846f150ab9031b86585360f30ac3/elements - {"using":"xpath","value":"//button[@data-kt=\"masterHOAddButton\"]"}
RESULT: {"using":"xpath","value":"//button[@data-kt=\"masterHOAddButton\"]"}
COMMAND: POST /session/a49a846f150ab9031b86585360f30ac3/elements - {"using":"xpath","value":"//button[@data-kt=\"masterHOAddButton\"]"}
RESULT: {"using":"xpath","value":"//button[@data-kt=\"masterHOAddButton\"]"}
COMMAND: POST /session/a49a846f150ab9031b86585360f30ac3/elements - {"using":"xpath","value":"//button[@data-kt=\"masterHOAddButton\"]"}
RESULT: {"using":"xpath","value":"//button[@data-kt=\"masterHOAddButton\"]"}
COMMAND: POST /session/a49a846f150ab9031b86585360f30ac3/elements - {"using":"xpath","value":"//button[@data-kt=\"masterHOAddButton\"]"}
RESULT: {"using":"xpath","value":"//button[@data-kt=\"masterHOAddButton\"]"}
COMMAND: POST /session/a49a846f150ab9031b86585360f30ac3/elements - {"using":"xpath","value":"//button[@data-kt=\"masterHOAddButton\"]"}
RESULT: {"using":"xpath","value":"//button[@data-kt=\"masterHOAddButton\"]"}
COMMAND: POST /session/a49a846f150ab9031b86585360f30ac3/elements - {"using":"xpath","value":"//button[@data-kt=\"masterHOAddButton\"]"}
RESULT: {"using":"xpath","value":"//button[@data-kt=\"masterHOAddButton\"]"}
COMMAND: POST /session/a49a846f150ab9031b86585360f30ac3/elements - {"using":"xpath","value":"//button[@data-kt=\"masterHOAddButton\"]"}
RESULT: {"using":"xpath","value":"//button[@data-kt=\"masterHOAddButton\"]"}
COMMAND: POST /session/a49a846f150ab9031b86585360f30ac3/elements - {"using":"xpath","value":"//button[@data-kt=\"masterHOAddButton\"]"}
RESULT: {"using":"xpath","value":"//button[@data-kt=\"masterHOAddButton\"]"}
COMMAND: POST /session/a49a846f150ab9031b86585360f30ac3/elements - {"using":"xpath","value":"//button[@data-kt=\"masterHOAddButton\"]"}
RESULT: {"using":"xpath","value":"//button[@data-kt=\"masterHOAddButton\"]"}
COMMAND: POST /session/a49a846f150ab9031b86585360f30ac3/elements - {"using":"xpath","value":"//button[@data-kt=\"masterHOAddButton\"]"}
RESULT: {"using":"xpath","value":"//button[@data-kt=\"masterHOAddButton\"]"}
COMMAND: POST /session/a49a846f150ab9031b86585360f30ac3/elements - {"using":"xpath","value":"//button[@data-kt=\"masterHOAddButton\"]"}
RESULT: {"using":"xpath","value":"//button[@data-kt=\"masterHOAddButton\"]"}
COMMAND: POST /session/a49a846f150ab9031b86585360f30ac3/element - {"using":"xpath","value":"//button[@data-kt=\"masterHOAddButton\"]"}
RESULT: {"using":"xpath","value":"//button[@data-kt=\"masterHOAddButton\"]"}
COMMAND: POST /session/a49a846f150ab9031b86585360f30ac3/execute/sync - {"script":"<script> [8489 bytes]","args":[{"element-6066-11e4-a52e-4f735466cecf":"f.6CD6B7C80D08F775EB7D2FFF8B2C9AB5.d.061157CA66DE20FDB5D04F9A8A61E967.e.3763","ELEMENT":"f.6CD6B7C80D08F775EB7D2FFF8B2C9AB5.d.061157CA66DE20FDB5D04F9A8A61E967.e.3763"}]}
RESULT: {"script":"<script> [8489 bytes]","args":[{"element-6066-11e4-a52e-4f735466cecf":"f.6CD6B7C80D08F775EB7D2FFF8B2C9AB5.d.061157CA66DE20FDB5D04F9A8A61E967.e.3763","ELEMENT":"f.6CD6B7C80D08F775EB7D2FFF8B2C9AB5.d.061157CA66DE20FDB5D04F9A8A61E967.e.3763"}]}
COMMAND: GET /session/a49a846f150ab9031b86585360f30ac3/element/f.6CD6B7C80D08F775EB7D2FFF8B2C9AB5.d.061157CA66DE20FDB5D04F9A8A61E967.e.3763/enabled - {}
COMMAND: GET /session/a49a846f150ab9031b86585360f30ac3/screenshot - {}
RESULT: {}
COMMAND: POST /session/a49a846f150ab9031b86585360f30ac3/execute/sync - {"script":"<script> [8489 bytes]","args":[{"element-6066-11e4-a52e-4f735466cecf":"f.6CD6B7C80D08F775EB7D2FFF8B2C9AB5.d.061157CA66DE20FDB5D04F9A8A61E967.e.3763","ELEMENT":"f.6CD6B7C80D08F775EB7D2FFF8B2C9AB5.d.061157CA66DE20FDB5D04F9A8A61E967.e.3763"}]}
COMMAND: GET /session/a49a846f150ab9031b86585360f30ac3/screenshot - {}
RESULT: {}
RESULT: {"script":"<script> [8489 bytes]","args":[{"element-6066-11e4-a52e-4f735466cecf":"f.6CD6B7C80D08F775EB7D2FFF8B2C9AB5.d.061157CA66DE20FDB5D04F9A8A61E967.e.3763","ELEMENT":"f.6CD6B7C80D08F775EB7D2FFF8B2C9AB5.d.061157CA66DE20FDB5D04F9A8A61E967.e.3763"}]}
COMMAND: POST /session/a49a846f150ab9031b86585360f30ac3/execute/sync - {"script":"<script> [5351 bytes]","args":[{"element-6066-11e4-a52e-4f735466cecf":"f.6CD6B7C80D08F775EB7D2FFF8B2C9AB5.d.061157CA66DE20FDB5D04F9A8A61E967.e.3763","ELEMENT":"f.6CD6B7C80D08F775EB7D2FFF8B2C9AB5.d.061157CA66DE20FDB5D04F9A8A61E967.e.3763"}]}
COMMAND: GET /session/a49a846f150ab9031b86585360f30ac3/screenshot - {}
RESULT: {}
RESULT: {"script":"<script> [5351 bytes]","args":[{"element-6066-11e4-a52e-4f735466cecf":"f.6CD6B7C80D08F775EB7D2FFF8B2C9AB5.d.061157CA66DE20FDB5D04F9A8A61E967.e.3763","ELEMENT":"f.6CD6B7C80D08F775EB7D2FFF8B2C9AB5.d.061157CA66DE20FDB5D04F9A8A61E967.e.3763"}]}
COMMAND: POST /session/a49a846f150ab9031b86585360f30ac3/element/f.6CD6B7C80D08F775EB7D2FFF8B2C9AB5.d.061157CA66DE20FDB5D04F9A8A61E967.e.3763/click - {}
COMMAND: GET /session/a49a846f150ab9031b86585360f30ac3/screenshot - {}
RESULT: {}
RESULT: {}
COMMAND: GET /session/a49a846f150ab9031b86585360f30ac3/screenshot - {}
RESULT: {}
RESULT: {}
COMMAND: POST /session/a49a846f150ab9031b86585360f30ac3/element - {"using":"xpath","value":"//span[contains(@id ,\"AddNewHO--typeSelect-arrow\")]"}
RESULT: {"using":"xpath","value":"//span[contains(@id ,\"AddNewHO--typeSelect-arrow\")]"}
COMMAND: POST /session/a49a846f150ab9031b86585360f30ac3/element/f.6CD6B7C80D08F775EB7D2FFF8B2C9AB5.d.061157CA66DE20FDB5D04F9A8A61E967.e.4120/click - {}
RESULT: {}
COMMAND: GET /session/a49a846f150ab9031b86585360f30ac3/screenshot - {}
RESULT: {}
COMMAND: POST /session/a49a846f150ab9031b86585360f30ac3/element - {"using":"xpath","value":"(//li[contains(text(), \"stock increase yard\")])[1]"}
RESULT: {"using":"xpath","value":"(//li[contains(text(), \"stock increase yard\")])[1]"}
COMMAND: POST /session/a49a846f150ab9031b86585360f30ac3/element/f.6CD6B7C80D08F775EB7D2FFF8B2C9AB5.d.061157CA66DE20FDB5D04F9A8A61E967.e.4121/click - {}
RESULT: {}
COMMAND: GET /session/a49a846f150ab9031b86585360f30ac3/screenshot - {}
RESULT: {}
COMMAND: POST /session/a49a846f150ab9031b86585360f30ac3/execute/async - {"script":"<script> [1562 bytes]","args":[{"selector":{"id":"application-managehandovers-display-component---AddNewHO--dueDate","interaction":{"idSuffix":"inner"}},"wdio_ui5_key":"applicationmanagehandovers-display-component---AddNewHO--dueDate"}]}
RESULT: {"script":"<script> [1562 bytes]","args":[{"selector":{"id":"application-managehandovers-display-component---AddNewHO--dueDate","interaction":{"idSuffix":"inner"}},"wdio_ui5_key":"applicationmanagehandovers-display-component---AddNewHO--dueDate"}]}
RESULT: undefined
COMMAND: POST /session/a49a846f150ab9031b86585360f30ac3/execute/async - {"script":"<script> [6424 bytes]","args":[{"element-6066-11e4-a52e-4f735466cecf":"f.6CD6B7C80D08F775EB7D2FFF8B2C9AB5.d.061157CA66DE20FDB5D04F9A8A61E967.e.4123"},"setValue",["04/29/2025"]]}
RESULT: {"script":"<script> [6424 bytes]","args":[{"element-6066-11e4-a52e-4f735466cecf":"f.6CD6B7C80D08F775EB7D2FFF8B2C9AB5.d.061157CA66DE20FDB5D04F9A8A61E967.e.4123"},"setValue",["04/29/2025"]]}
COMMAND: POST /session/a49a846f150ab9031b86585360f30ac3/element - {"using":"xpath","value":"//input[@id=\"generalSectionFrg--receiveYard-inner\"]"}
RESULT: {"using":"xpath","value":"//input[@id=\"generalSectionFrg--receiveYard-inner\"]"}
COMMAND: POST /session/a49a846f150ab9031b86585360f30ac3/element/f.6CD6B7C80D08F775EB7D2FFF8B2C9AB5.d.061157CA66DE20FDB5D04F9A8A61E967.e.4129/clear - {}
RESULT: {}
COMMAND: POST /session/a49a846f150ab9031b86585360f30ac3/element/f.6CD6B7C80D08F775EB7D2FFF8B2C9AB5.d.061157CA66DE20FDB5D04F9A8A61E967.e.4129/value - {"text":"371"}
COMMAND: GET /session/a49a846f150ab9031b86585360f30ac3/screenshot - {}
RESULT: {"text":"371"}
COMMAND: GET /session/a49a846f150ab9031b86585360f30ac3/screenshot - {}
RESULT: {}
RESULT: {}
COMMAND: POST /session/a49a846f150ab9031b86585360f30ac3/element - {"using":"xpath","value":"//li[.//span[text()='371']]"}
RESULT: {"using":"xpath","value":"//li[.//span[text()='371']]"}
COMMAND: POST /session/a49a846f150ab9031b86585360f30ac3/element/f.6CD6B7C80D08F775EB7D2FFF8B2C9AB5.d.061157CA66DE20FDB5D04F9A8A61E967.e.4146/click - {}
RESULT: {}
COMMAND: GET /session/a49a846f150ab9031b86585360f30ac3/screenshot - {}
RESULT: {}
COMMAND: POST /session/a49a846f150ab9031b86585360f30ac3/execute/async - {"script":"<script> [1562 bytes]","args":[{"selector":{"id":"application-managehandovers-display-component---AddNewHO--ObjectPageLayout-anchBar-application-managehandovers-display-component---AddNewHO--section4-anchor","interaction":{"idSuffix":"BDI-content"}},"wdio_ui5_key":"applicationmanagehandovers-display-component---AddNewHO--ObjectPageLayout-anchBar-application-managehandovers-display-component---AddNewHO--section4-anchor"}]}
RESULT: {"script":"<script> [1562 bytes]","args":[{"selector":{"id":"application-managehandovers-display-component---AddNewHO--ObjectPageLayout-anchBar-application-managehandovers-display-component---AddNewHO--section4-anchor","interaction":{"idSuffix":"BDI-content"}},"wdio_ui5_key":"applicationmanagehandovers-display-component---AddNewHO--ObjectPageLayout-anchBar-application-managehandovers-display-component---AddNewHO--section4-anchor"}]}
RESULT: undefined
COMMAND: POST /session/a49a846f150ab9031b86585360f30ac3/element - {"using":"xpath","value":"//*[@id=\"application-managehandovers-display-component---AddNewHO--ObjectPageLayout-anchBar-application-managehandovers-display-component---AddNewHO--section4-anchor\"]"}
RESULT: {"using":"xpath","value":"//*[@id=\"application-managehandovers-display-component---AddNewHO--ObjectPageLayout-anchBar-application-managehandovers-display-component---AddNewHO--section4-anchor\"]"}
COMMAND: POST /session/a49a846f150ab9031b86585360f30ac3/element/f.6CD6B7C80D08F775EB7D2FFF8B2C9AB5.d.061157CA66DE20FDB5D04F9A8A61E967.e.4148/click - {}
RESULT: {}
COMMAND: POST /session/a49a846f150ab9031b86585360f30ac3/element - {"using":"xpath","value":"//button[@aria-label=\"Add\"]"}
COMMAND: GET /session/a49a846f150ab9031b86585360f30ac3/screenshot - {}
RESULT: {"using":"xpath","value":"//button[@aria-label=\"Add\"]"}
COMMAND: POST /session/a49a846f150ab9031b86585360f30ac3/element/f.6CD6B7C80D08F775EB7D2FFF8B2C9AB5.d.061157CA66DE20FDB5D04F9A8A61E967.e.4150/click - {}
RESULT: {}
RESULT: {}
COMMAND: GET /session/a49a846f150ab9031b86585360f30ac3/screenshot - {}
RESULT: {}
COMMAND: POST /session/a49a846f150ab9031b86585360f30ac3/execute/async - {"script":"<script> [1562 bytes]","args":[{"selector":{"id":"application-managehandovers-display-component---AddNewHO--smartFilterBar-btnBasicSearch","searchOpenDialogs":true,"interaction":{"idSuffix":"I"}},"wdio_ui5_key":"applicationmanagehandovers-display-component---AddNewHO--smartFilterBar-btnBasicSearch"}]}
RESULT: {"script":"<script> [1562 bytes]","args":[{"selector":{"id":"application-managehandovers-display-component---AddNewHO--smartFilterBar-btnBasicSearch","searchOpenDialogs":true,"interaction":{"idSuffix":"I"}},"wdio_ui5_key":"applicationmanagehandovers-display-component---AddNewHO--smartFilterBar-btnBasicSearch"}]}
RESULT: undefined
COMMAND: POST /session/a49a846f150ab9031b86585360f30ac3/execute/async - {"script":"<script> [776 bytes]","args":[{"enterText":"9VTanP6dyq","selector":{"id":"application-managehandovers-display-component---AddNewHO--smartFilterBar-btnBasicSearch","searchOpenDialogs":true,"interaction":{"idSuffix":"I"}},"clearTextFirst":true,"interactionType":"ENTER_TEXT"}]}
RESULT: {"script":"<script> [776 bytes]","args":[{"enterText":"9VTanP6dyq","selector":{"id":"application-managehandovers-display-component---AddNewHO--smartFilterBar-btnBasicSearch","searchOpenDialogs":true,"interaction":{"idSuffix":"I"}},"clearTextFirst":true,"interactionType":"ENTER_TEXT"}]}
COMMAND: POST /session/a49a846f150ab9031b86585360f30ac3/actions - {"actions":[{"id":"action17","type":"key","parameters":{},"actions":[{"type":"keyDown","value":"î€‡"},{"type":"pause","duration":10},{"type":"keyUp","value":"î€‡"}]}]}
RESULT: {"actions":[{"id":"action17","type":"key","parameters":{},"actions":[{"type":"keyDown","value":"î€‡"},{"type":"pause","duration":10},{"type":"keyUp","value":"î€‡"}]}]}
COMMAND: GET /session/a49a846f150ab9031b86585360f30ac3/screenshot - {}
RESULT: {}
COMMAND: POST /session/a49a846f150ab9031b86585360f30ac3/execute/async - {"script":"<script> [1562 bytes]","args":[{"selector":{"id":"application-managehandovers-display-component---AddNewHO--popup-sa","searchOpenDialogs":true,"interaction":{"idSuffix":"CbBg"}},"wdio_ui5_key":"applicationmanagehandovers-display-component---AddNewHO--popup-sa"}]}
RESULT: {"script":"<script> [1562 bytes]","args":[{"selector":{"id":"application-managehandovers-display-component---AddNewHO--popup-sa","searchOpenDialogs":true,"interaction":{"idSuffix":"CbBg"}},"wdio_ui5_key":"applicationmanagehandovers-display-component---AddNewHO--popup-sa"}]}
RESULT: undefined
COMMAND: POST /session/a49a846f150ab9031b86585360f30ac3/element - {"using":"xpath","value":"//*[@id=\"application-managehandovers-display-component---AddNewHO--popup-sa\"]"}
RESULT: {"using":"xpath","value":"//*[@id=\"application-managehandovers-display-component---AddNewHO--popup-sa\"]"}
COMMAND: POST /session/a49a846f150ab9031b86585360f30ac3/element/f.6CD6B7C80D08F775EB7D2FFF8B2C9AB5.d.061157CA66DE20FDB5D04F9A8A61E967.e.4301/click - {}
RESULT: {}
COMMAND: GET /session/a49a846f150ab9031b86585360f30ac3/screenshot - {}
RESULT: {}
COMMAND: POST /session/a49a846f150ab9031b86585360f30ac3/element - {"using":"xpath","value":"//bdi[contains(text(), \"Select\")]"}
RESULT: {"using":"xpath","value":"//bdi[contains(text(), \"Select\")]"}
COMMAND: POST /session/a49a846f150ab9031b86585360f30ac3/element/f.6CD6B7C80D08F775EB7D2FFF8B2C9AB5.d.061157CA66DE20FDB5D04F9A8A61E967.e.4302/click - {}
RESULT: {}
COMMAND: GET /session/a49a846f150ab9031b86585360f30ac3/screenshot - {}
RESULT: {}
COMMAND: POST /session/a49a846f150ab9031b86585360f30ac3/element - {"using":"xpath","value":"//button[@data-kt=\"AddNewHOSaveButton\"]"}
RESULT: {"using":"xpath","value":"//button[@data-kt=\"AddNewHOSaveButton\"]"}
COMMAND: POST /session/a49a846f150ab9031b86585360f30ac3/element/f.6CD6B7C80D08F775EB7D2FFF8B2C9AB5.d.061157CA66DE20FDB5D04F9A8A61E967.e.4306/click - {}
RESULT: {}
COMMAND: GET /session/a49a846f150ab9031b86585360f30ac3/screenshot - {}
RESULT: {}
COMMAND: POST /session/a49a846f150ab9031b86585360f30ac3/execute/async - {"script":"<script> [1562 bytes]","args":[{"selector":{"id":"receiptDatePicker","viewName":"etm.portal.ui.managehandovers.view.DetailExecuteHO","interaction":{"idSuffix":"inner"}},"wdio_ui5_key":"receiptDatePickeretmportal.ui.managehandovers.view.DetailExecuteHO"}]}
RESULT: {"script":"<script> [1562 bytes]","args":[{"selector":{"id":"receiptDatePicker","viewName":"etm.portal.ui.managehandovers.view.DetailExecuteHO","interaction":{"idSuffix":"inner"}},"wdio_ui5_key":"receiptDatePickeretmportal.ui.managehandovers.view.DetailExecuteHO"}]}
RESULT: undefined
COMMAND: POST /session/a49a846f150ab9031b86585360f30ac3/execute/async - {"script":"<script> [6424 bytes]","args":[{"element-6066-11e4-a52e-4f735466cecf":"f.6CD6B7C80D08F775EB7D2FFF8B2C9AB5.d.061157CA66DE20FDB5D04F9A8A61E967.e.4338"},"setValue",["04/29/2025"]]}
RESULT: {"script":"<script> [6424 bytes]","args":[{"element-6066-11e4-a52e-4f735466cecf":"f.6CD6B7C80D08F775EB7D2FFF8B2C9AB5.d.061157CA66DE20FDB5D04F9A8A61E967.e.4338"},"setValue",["04/29/2025"]]}
COMMAND: POST /session/a49a846f150ab9031b86585360f30ac3/element - {"using":"xpath","value":"//button[@data-kt=\"PickingTableConfirmAllButton\"]"}
RESULT: {"using":"xpath","value":"//button[@data-kt=\"PickingTableConfirmAllButton\"]"}
COMMAND: POST /session/a49a846f150ab9031b86585360f30ac3/element/f.6CD6B7C80D08F775EB7D2FFF8B2C9AB5.d.061157CA66DE20FDB5D04F9A8A61E967.e.4354/click - {}
RESULT: {}
COMMAND: GET /session/a49a846f150ab9031b86585360f30ac3/screenshot - {}
RESULT: {}
COMMAND: POST /session/a49a846f150ab9031b86585360f30ac3/element - {"using":"xpath","value":"//bdi[contains(text(), \"OK\")]"}
RESULT: {"using":"xpath","value":"//bdi[contains(text(), \"OK\")]"}
COMMAND: POST /session/a49a846f150ab9031b86585360f30ac3/element/f.6CD6B7C80D08F775EB7D2FFF8B2C9AB5.d.061157CA66DE20FDB5D04F9A8A61E967.e.4357/click - {}
RESULT: {}
COMMAND: GET /session/a49a846f150ab9031b86585360f30ac3/screenshot - {}
RESULT: {}
COMMAND: POST /session/a49a846f150ab9031b86585360f30ac3/element - {"using":"xpath","value":"(//bdi[contains(text(), \"Receive\")])[2]"}
RESULT: {"using":"xpath","value":"(//bdi[contains(text(), \"Receive\")])[2]"}
COMMAND: POST /session/a49a846f150ab9031b86585360f30ac3/element/f.6CD6B7C80D08F775EB7D2FFF8B2C9AB5.d.061157CA66DE20FDB5D04F9A8A61E967.e.4358/click - {}
RESULT: {}
COMMAND: GET /session/a49a846f150ab9031b86585360f30ac3/screenshot - {}
RESULT: {}
COMMAND: POST /session/a49a846f150ab9031b86585360f30ac3/element - {"using":"css selector","value":"#shell-header-logo"}
RESULT: {"using":"css selector","value":"#shell-header-logo"}
COMMAND: POST /session/a49a846f150ab9031b86585360f30ac3/element/f.6CD6B7C80D08F775EB7D2FFF8B2C9AB5.d.061157CA66DE20FDB5D04F9A8A61E967.e.3728/click - {}
RESULT: {}
COMMAND: GET /session/a49a846f150ab9031b86585360f30ac3/screenshot - {}
RESULT: {}
]]></system-out>
    </testcase>
    <testcase classname="chrome.135_0_7049_96.windows.Billing_confirm_US117289" name="Should create a new contract" time="69.938">
      <system-out><![CDATA[
COMMAND: POST /session/a49a846f150ab9031b86585360f30ac3/execute/async - {"script":"<script> [1562 bytes]","args":[{"selector":{"controlType":"sap.m.Text","viewName":"etm.portal.ui.managecontractstile.view.Master","properties":{"text":"Manage Contracts"},"interaction":{"idSuffix":"inner"}},"wdio_ui5_key":"etmportal.ui.managecontractstile.view.Mastersap.m.Text{\"text\":\"Manage Contracts\"}"}]}
RESULT: {"script":"<script> [1562 bytes]","args":[{"selector":{"controlType":"sap.m.Text","viewName":"etm.portal.ui.managecontractstile.view.Master","properties":{"text":"Manage Contracts"},"interaction":{"idSuffix":"inner"}},"wdio_ui5_key":"etmportal.ui.managecontractstile.view.Mastersap.m.Text{\"text\":\"Manage Contracts\"}"}]}
RESULT: undefined
COMMAND: POST /session/a49a846f150ab9031b86585360f30ac3/element - {"using":"xpath","value":"//*[@id=\"__tile133-title\"]"}
RESULT: {"using":"xpath","value":"//*[@id=\"__tile133-title\"]"}
COMMAND: POST /session/a49a846f150ab9031b86585360f30ac3/element/f.6CD6B7C80D08F775EB7D2FFF8B2C9AB5.d.061157CA66DE20FDB5D04F9A8A61E967.e.4530/click - {}
RESULT: {}
COMMAND: GET /session/a49a846f150ab9031b86585360f30ac3/screenshot - {}
RESULT: {}
COMMAND: POST /session/a49a846f150ab9031b86585360f30ac3/element - {"using":"xpath","value":"//button[@data-kt=\"addButton\"]"}
RESULT: {"using":"xpath","value":"//button[@data-kt=\"addButton\"]"}
COMMAND: POST /session/a49a846f150ab9031b86585360f30ac3/elements - {"using":"xpath","value":"//button[@data-kt=\"addButton\"]"}
RESULT: {"using":"xpath","value":"//button[@data-kt=\"addButton\"]"}
COMMAND: POST /session/a49a846f150ab9031b86585360f30ac3/elements - {"using":"xpath","value":"//button[@data-kt=\"addButton\"]"}
RESULT: {"using":"xpath","value":"//button[@data-kt=\"addButton\"]"}
COMMAND: POST /session/a49a846f150ab9031b86585360f30ac3/elements - {"using":"xpath","value":"//button[@data-kt=\"addButton\"]"}
RESULT: {"using":"xpath","value":"//button[@data-kt=\"addButton\"]"}
COMMAND: POST /session/a49a846f150ab9031b86585360f30ac3/elements - {"using":"xpath","value":"//button[@data-kt=\"addButton\"]"}
RESULT: {"using":"xpath","value":"//button[@data-kt=\"addButton\"]"}
COMMAND: POST /session/a49a846f150ab9031b86585360f30ac3/elements - {"using":"xpath","value":"//button[@data-kt=\"addButton\"]"}
RESULT: {"using":"xpath","value":"//button[@data-kt=\"addButton\"]"}
COMMAND: POST /session/a49a846f150ab9031b86585360f30ac3/element - {"using":"xpath","value":"//button[@data-kt=\"addButton\"]"}
RESULT: {"using":"xpath","value":"//button[@data-kt=\"addButton\"]"}
COMMAND: POST /session/a49a846f150ab9031b86585360f30ac3/execute/sync - {"script":"<script> [8489 bytes]","args":[{"element-6066-11e4-a52e-4f735466cecf":"f.6CD6B7C80D08F775EB7D2FFF8B2C9AB5.d.061157CA66DE20FDB5D04F9A8A61E967.e.4607","ELEMENT":"f.6CD6B7C80D08F775EB7D2FFF8B2C9AB5.d.061157CA66DE20FDB5D04F9A8A61E967.e.4607"}]}
RESULT: {"script":"<script> [8489 bytes]","args":[{"element-6066-11e4-a52e-4f735466cecf":"f.6CD6B7C80D08F775EB7D2FFF8B2C9AB5.d.061157CA66DE20FDB5D04F9A8A61E967.e.4607","ELEMENT":"f.6CD6B7C80D08F775EB7D2FFF8B2C9AB5.d.061157CA66DE20FDB5D04F9A8A61E967.e.4607"}]}
COMMAND: GET /session/a49a846f150ab9031b86585360f30ac3/element/f.6CD6B7C80D08F775EB7D2FFF8B2C9AB5.d.061157CA66DE20FDB5D04F9A8A61E967.e.4607/enabled - {}
COMMAND: GET /session/a49a846f150ab9031b86585360f30ac3/screenshot - {}
RESULT: {}
COMMAND: POST /session/a49a846f150ab9031b86585360f30ac3/execute/sync - {"script":"<script> [8489 bytes]","args":[{"element-6066-11e4-a52e-4f735466cecf":"f.6CD6B7C80D08F775EB7D2FFF8B2C9AB5.d.061157CA66DE20FDB5D04F9A8A61E967.e.4607","ELEMENT":"f.6CD6B7C80D08F775EB7D2FFF8B2C9AB5.d.061157CA66DE20FDB5D04F9A8A61E967.e.4607"}]}
COMMAND: GET /session/a49a846f150ab9031b86585360f30ac3/screenshot - {}
RESULT: {}
RESULT: {"script":"<script> [8489 bytes]","args":[{"element-6066-11e4-a52e-4f735466cecf":"f.6CD6B7C80D08F775EB7D2FFF8B2C9AB5.d.061157CA66DE20FDB5D04F9A8A61E967.e.4607","ELEMENT":"f.6CD6B7C80D08F775EB7D2FFF8B2C9AB5.d.061157CA66DE20FDB5D04F9A8A61E967.e.4607"}]}
COMMAND: POST /session/a49a846f150ab9031b86585360f30ac3/execute/sync - {"script":"<script> [5351 bytes]","args":[{"element-6066-11e4-a52e-4f735466cecf":"f.6CD6B7C80D08F775EB7D2FFF8B2C9AB5.d.061157CA66DE20FDB5D04F9A8A61E967.e.4607","ELEMENT":"f.6CD6B7C80D08F775EB7D2FFF8B2C9AB5.d.061157CA66DE20FDB5D04F9A8A61E967.e.4607"}]}
COMMAND: GET /session/a49a846f150ab9031b86585360f30ac3/screenshot - {}
RESULT: {}
RESULT: {"script":"<script> [5351 bytes]","args":[{"element-6066-11e4-a52e-4f735466cecf":"f.6CD6B7C80D08F775EB7D2FFF8B2C9AB5.d.061157CA66DE20FDB5D04F9A8A61E967.e.4607","ELEMENT":"f.6CD6B7C80D08F775EB7D2FFF8B2C9AB5.d.061157CA66DE20FDB5D04F9A8A61E967.e.4607"}]}
COMMAND: GET /session/a49a846f150ab9031b86585360f30ac3/screenshot - {}
RESULT: {}
RESULT: {}
COMMAND: POST /session/a49a846f150ab9031b86585360f30ac3/element/f.6CD6B7C80D08F775EB7D2FFF8B2C9AB5.d.061157CA66DE20FDB5D04F9A8A61E967.e.4607/click - {}
RESULT: {}
COMMAND: GET /session/a49a846f150ab9031b86585360f30ac3/screenshot - {}
RESULT: {}
COMMAND: POST /session/a49a846f150ab9031b86585360f30ac3/execute/async - {"script":"<script> [1562 bytes]","args":[{"selector":{"id":"application-managecontracts-display-component---AddNewContract--projectDescription","interaction":{"idSuffix":"inner"}},"wdio_ui5_key":"applicationmanagecontracts-display-component---AddNewContract--projectDescription"}]}
RESULT: {"script":"<script> [1562 bytes]","args":[{"selector":{"id":"application-managecontracts-display-component---AddNewContract--projectDescription","interaction":{"idSuffix":"inner"}},"wdio_ui5_key":"applicationmanagecontracts-display-component---AddNewContract--projectDescription"}]}
RESULT: undefined
COMMAND: POST /session/a49a846f150ab9031b86585360f30ac3/execute/async - {"script":"<script> [776 bytes]","args":[{"enterText":"Contract WDIO","selector":{"id":"application-managecontracts-display-component---AddNewContract--projectDescription","interaction":{"idSuffix":"inner"}},"clearTextFirst":true,"interactionType":"ENTER_TEXT"}]}
RESULT: {"script":"<script> [776 bytes]","args":[{"enterText":"Contract WDIO","selector":{"id":"application-managecontracts-display-component---AddNewContract--projectDescription","interaction":{"idSuffix":"inner"}},"clearTextFirst":true,"interactionType":"ENTER_TEXT"}]}
COMMAND: POST /session/a49a846f150ab9031b86585360f30ac3/element - {"using":"xpath","value":"//input[@id=\"application-managecontracts-display-component---AddNewContract--site-inner\"]"}
RESULT: {"using":"xpath","value":"//input[@id=\"application-managecontracts-display-component---AddNewContract--site-inner\"]"}
COMMAND: POST /session/a49a846f150ab9031b86585360f30ac3/element/f.6CD6B7C80D08F775EB7D2FFF8B2C9AB5.d.061157CA66DE20FDB5D04F9A8A61E967.e.5065/clear - {}
RESULT: {}
COMMAND: POST /session/a49a846f150ab9031b86585360f30ac3/element/f.6CD6B7C80D08F775EB7D2FFF8B2C9AB5.d.061157CA66DE20FDB5D04F9A8A61E967.e.5065/value - {"text":"2212"}
COMMAND: GET /session/a49a846f150ab9031b86585360f30ac3/screenshot - {}
RESULT: {"text":"2212"}
COMMAND: GET /session/a49a846f150ab9031b86585360f30ac3/screenshot - {}
RESULT: {}
RESULT: {}
COMMAND: POST /session/a49a846f150ab9031b86585360f30ac3/element - {"using":"xpath","value":"//li[.//span[text()='2212']]"}
RESULT: {"using":"xpath","value":"//li[.//span[text()='2212']]"}
COMMAND: POST /session/a49a846f150ab9031b86585360f30ac3/element/f.6CD6B7C80D08F775EB7D2FFF8B2C9AB5.d.061157CA66DE20FDB5D04F9A8A61E967.e.5087/click - {}
RESULT: {}
COMMAND: GET /session/a49a846f150ab9031b86585360f30ac3/screenshot - {}
RESULT: {}
COMMAND: POST /session/a49a846f150ab9031b86585360f30ac3/element - {"using":"xpath","value":"//input[@id=\"application-managecontracts-display-component---AddNewContract--yardId-inner\"]"}
RESULT: {"using":"xpath","value":"//input[@id=\"application-managecontracts-display-component---AddNewContract--yardId-inner\"]"}
COMMAND: GET /session/a49a846f150ab9031b86585360f30ac3/element/f.6CD6B7C80D08F775EB7D2FFF8B2C9AB5.d.061157CA66DE20FDB5D04F9A8A61E967.e.5066/property/value - {}
RESULT: {}
COMMAND: POST /session/a49a846f150ab9031b86585360f30ac3/element - {"using":"xpath","value":"//input[@id=\"application-managecontracts-display-component---AddNewContract--customerSelect-inner\"]"}
COMMAND: GET /session/a49a846f150ab9031b86585360f30ac3/screenshot - {}
RESULT: {"using":"xpath","value":"//input[@id=\"application-managecontracts-display-component---AddNewContract--customerSelect-inner\"]"}
COMMAND: POST /session/a49a846f150ab9031b86585360f30ac3/element/f.6CD6B7C80D08F775EB7D2FFF8B2C9AB5.d.061157CA66DE20FDB5D04F9A8A61E967.e.5064/clear - {}
RESULT: {}
RESULT: {}
COMMAND: POST /session/a49a846f150ab9031b86585360f30ac3/element/f.6CD6B7C80D08F775EB7D2FFF8B2C9AB5.d.061157CA66DE20FDB5D04F9A8A61E967.e.5064/value - {"text":"1240"}
COMMAND: GET /session/a49a846f150ab9031b86585360f30ac3/screenshot - {}
RESULT: {"text":"1240"}
COMMAND: GET /session/a49a846f150ab9031b86585360f30ac3/screenshot - {}
RESULT: {}
RESULT: {}
COMMAND: POST /session/a49a846f150ab9031b86585360f30ac3/element - {"using":"xpath","value":"//li[.//span[text()='1240']]"}
RESULT: {"using":"xpath","value":"//li[.//span[text()='1240']]"}
COMMAND: POST /session/a49a846f150ab9031b86585360f30ac3/element/f.6CD6B7C80D08F775EB7D2FFF8B2C9AB5.d.061157CA66DE20FDB5D04F9A8A61E967.e.5090/click - {}
RESULT: {}
COMMAND: GET /session/a49a846f150ab9031b86585360f30ac3/screenshot - {}
RESULT: {}
COMMAND: POST /session/a49a846f150ab9031b86585360f30ac3/element - {"using":"xpath","value":"//button[@data-kt=\"saveButton\"]"}
RESULT: {"using":"xpath","value":"//button[@data-kt=\"saveButton\"]"}
COMMAND: POST /session/a49a846f150ab9031b86585360f30ac3/element/f.6CD6B7C80D08F775EB7D2FFF8B2C9AB5.d.061157CA66DE20FDB5D04F9A8A61E967.e.5080/click - {}
RESULT: {}
COMMAND: GET /session/a49a846f150ab9031b86585360f30ac3/screenshot - {}
RESULT: {}
COMMAND: POST /session/a49a846f150ab9031b86585360f30ac3/element - {"using":"xpath","value":"//span[contains(@id ,\"contractDetailTitleNoExpanded\")]"}
RESULT: {"using":"xpath","value":"//span[contains(@id ,\"contractDetailTitleNoExpanded\")]"}
COMMAND: POST /session/a49a846f150ab9031b86585360f30ac3/elements - {"using":"xpath","value":"//span[contains(@id ,\"contractDetailTitleNoExpanded\")]"}
RESULT: {"using":"xpath","value":"//span[contains(@id ,\"contractDetailTitleNoExpanded\")]"}
COMMAND: POST /session/a49a846f150ab9031b86585360f30ac3/execute/sync - {"script":"<script> [56 bytes]","args":[{"element-6066-11e4-a52e-4f735466cecf":"f.6CD6B7C80D08F775EB7D2FFF8B2C9AB5.d.061157CA66DE20FDB5D04F9A8A61E967.e.5100","ELEMENT":"f.6CD6B7C80D08F775EB7D2FFF8B2C9AB5.d.061157CA66DE20FDB5D04F9A8A61E967.e.5100"}]}
RESULT: {"script":"<script> [56 bytes]","args":[{"element-6066-11e4-a52e-4f735466cecf":"f.6CD6B7C80D08F775EB7D2FFF8B2C9AB5.d.061157CA66DE20FDB5D04F9A8A61E967.e.5100","ELEMENT":"f.6CD6B7C80D08F775EB7D2FFF8B2C9AB5.d.061157CA66DE20FDB5D04F9A8A61E967.e.5100"}]}
COMMAND: GET /session/a49a846f150ab9031b86585360f30ac3/screenshot - {}
RESULT: {}
]]></system-out>
    </testcase>
    <testcase classname="chrome.135_0_7049_96.windows.Billing_confirm_US117289" name="Should add created equipment to contract" time="50.316">
      <system-out><![CDATA[
COMMAND: POST /session/a49a846f150ab9031b86585360f30ac3/element - {"using":"xpath","value":"//button[@data-kt=\"contractDetailEditBtnButton\"]"}
RESULT: {"using":"xpath","value":"//button[@data-kt=\"contractDetailEditBtnButton\"]"}
COMMAND: POST /session/a49a846f150ab9031b86585360f30ac3/element/f.6CD6B7C80D08F775EB7D2FFF8B2C9AB5.d.061157CA66DE20FDB5D04F9A8A61E967.e.5101/click - {}
RESULT: {}
COMMAND: GET /session/a49a846f150ab9031b86585360f30ac3/screenshot - {}
RESULT: {}
COMMAND: POST /session/a49a846f150ab9031b86585360f30ac3/element - {"using":"xpath","value":"(//span[contains(text(), \"Additional Addresses\")])[2]"}
RESULT: {"using":"xpath","value":"(//span[contains(text(), \"Additional Addresses\")])[2]"}
COMMAND: POST /session/a49a846f150ab9031b86585360f30ac3/element/f.6CD6B7C80D08F775EB7D2FFF8B2C9AB5.d.061157CA66DE20FDB5D04F9A8A61E967.e.5155/click - {}
RESULT: {}
COMMAND: GET /session/a49a846f150ab9031b86585360f30ac3/screenshot - {}
RESULT: {}
COMMAND: POST /session/a49a846f150ab9031b86585360f30ac3/element - {"using":"xpath","value":"//button[@data-kt=\"btnAddTableRowOverflowToolbarButton\"]"}
RESULT: {"using":"xpath","value":"//button[@data-kt=\"btnAddTableRowOverflowToolbarButton\"]"}
COMMAND: POST /session/a49a846f150ab9031b86585360f30ac3/element/f.6CD6B7C80D08F775EB7D2FFF8B2C9AB5.d.061157CA66DE20FDB5D04F9A8A61E967.e.5159/click - {}
RESULT: {}
COMMAND: GET /session/a49a846f150ab9031b86585360f30ac3/screenshot - {}
RESULT: {}
COMMAND: POST /session/a49a846f150ab9031b86585360f30ac3/element - {"using":"xpath","value":"//div[(text() = 'Standard Entry' or . = 'Standard Entry')]"}
RESULT: {"using":"xpath","value":"//div[(text() = 'Standard Entry' or . = 'Standard Entry')]"}
COMMAND: POST /session/a49a846f150ab9031b86585360f30ac3/element/f.6CD6B7C80D08F775EB7D2FFF8B2C9AB5.d.061157CA66DE20FDB5D04F9A8A61E967.e.5161/click - {}
RESULT: {}
COMMAND: GET /session/a49a846f150ab9031b86585360f30ac3/screenshot - {}
RESULT: {}
COMMAND: POST /session/a49a846f150ab9031b86585360f30ac3/element - {"using":"xpath","value":"//td[7]/div/div/input"}
RESULT: {"using":"xpath","value":"//td[7]/div/div/input"}
COMMAND: POST /session/a49a846f150ab9031b86585360f30ac3/element/f.6CD6B7C80D08F775EB7D2FFF8B2C9AB5.d.061157CA66DE20FDB5D04F9A8A61E967.e.5170/clear - {}
RESULT: {}
COMMAND: POST /session/a49a846f150ab9031b86585360f30ac3/element/f.6CD6B7C80D08F775EB7D2FFF8B2C9AB5.d.061157CA66DE20FDB5D04F9A8A61E967.e.5170/value - {"text":"9VTanP6dyq"}
COMMAND: GET /session/a49a846f150ab9031b86585360f30ac3/screenshot - {}
RESULT: {"text":"9VTanP6dyq"}
COMMAND: GET /session/a49a846f150ab9031b86585360f30ac3/screenshot - {}
RESULT: {}
RESULT: {}
COMMAND: POST /session/a49a846f150ab9031b86585360f30ac3/actions - {"actions":[{"id":"action18","type":"key","parameters":{},"actions":[{"type":"keyDown","value":"î€‡"},{"type":"pause","duration":10},{"type":"keyUp","value":"î€‡"}]}]}
RESULT: {"actions":[{"id":"action18","type":"key","parameters":{},"actions":[{"type":"keyDown","value":"î€‡"},{"type":"pause","duration":10},{"type":"keyUp","value":"î€‡"}]}]}
COMMAND: GET /session/a49a846f150ab9031b86585360f30ac3/screenshot - {}
RESULT: {}
COMMAND: POST /session/a49a846f150ab9031b86585360f30ac3/element - {"using":"xpath","value":"(//button[@data-kt=\"saveButton\"])[2]"}
RESULT: {"using":"xpath","value":"(//button[@data-kt=\"saveButton\"])[2]"}
COMMAND: POST /session/a49a846f150ab9031b86585360f30ac3/element/f.6CD6B7C80D08F775EB7D2FFF8B2C9AB5.d.061157CA66DE20FDB5D04F9A8A61E967.e.5185/click - {}
RESULT: {}
COMMAND: GET /session/a49a846f150ab9031b86585360f30ac3/screenshot - {}
RESULT: {}
COMMAND: POST /session/a49a846f150ab9031b86585360f30ac3/element - {"using":"xpath","value":"//span[contains(@id ,\"contractItemsSmartTable-header-inner\")]"}
RESULT: {"using":"xpath","value":"//span[contains(@id ,\"contractItemsSmartTable-header-inner\")]"}
COMMAND: POST /session/a49a846f150ab9031b86585360f30ac3/elements - {"using":"xpath","value":"//span[contains(@id ,\"contractItemsSmartTable-header-inner\")]"}
RESULT: {"using":"xpath","value":"//span[contains(@id ,\"contractItemsSmartTable-header-inner\")]"}
COMMAND: POST /session/a49a846f150ab9031b86585360f30ac3/execute/sync - {"script":"<script> [56 bytes]","args":[{"element-6066-11e4-a52e-4f735466cecf":"f.6CD6B7C80D08F775EB7D2FFF8B2C9AB5.d.061157CA66DE20FDB5D04F9A8A61E967.e.5190","ELEMENT":"f.6CD6B7C80D08F775EB7D2FFF8B2C9AB5.d.061157CA66DE20FDB5D04F9A8A61E967.e.5190"}]}
RESULT: {"script":"<script> [56 bytes]","args":[{"element-6066-11e4-a52e-4f735466cecf":"f.6CD6B7C80D08F775EB7D2FFF8B2C9AB5.d.061157CA66DE20FDB5D04F9A8A61E967.e.5190","ELEMENT":"f.6CD6B7C80D08F775EB7D2FFF8B2C9AB5.d.061157CA66DE20FDB5D04F9A8A61E967.e.5190"}]}
]]></system-out>
    </testcase>
    <testcase classname="chrome.135_0_7049_96.windows.Billing_confirm_US117289" name="Should do a provide to site handover" time="54.992">
      <system-out><![CDATA[
COMMAND: POST /session/a49a846f150ab9031b86585360f30ac3/element - {"using":"xpath","value":"//button[@data-kt=\"provideButton\"]"}
COMMAND: GET /session/a49a846f150ab9031b86585360f30ac3/screenshot - {}
RESULT: {"using":"xpath","value":"//button[@data-kt=\"provideButton\"]"}
COMMAND: POST /session/a49a846f150ab9031b86585360f30ac3/element/f.6CD6B7C80D08F775EB7D2FFF8B2C9AB5.d.061157CA66DE20FDB5D04F9A8A61E967.e.5191/click - {}
RESULT: {}
RESULT: {}
COMMAND: GET /session/a49a846f150ab9031b86585360f30ac3/screenshot - {}
RESULT: {}
RESULT: undefined
COMMAND: POST /session/a49a846f150ab9031b86585360f30ac3/execute/async - {"script":"<script> [6424 bytes]","args":[{"element-6066-11e4-a52e-4f735466cecf":"f.6CD6B7C80D08F775EB7D2FFF8B2C9AB5.d.061157CA66DE20FDB5D04F9A8A61E967.e.4123"},"setValue",["04/29/2025"]]}
COMMAND: POST /session/a49a846f150ab9031b86585360f30ac3/execute/async - {"script":"<script> [1562 bytes]","args":[{"selector":{"id":"application-managehandovers-display-component---AddNewHO--dueDate","interaction":{"idSuffix":"inner"}},"wdio_ui5_key":"applicationmanagehandovers-display-component---AddNewHO--dueDate"}]}
RESULT: {"script":"<script> [1562 bytes]","args":[{"selector":{"id":"application-managehandovers-display-component---AddNewHO--dueDate","interaction":{"idSuffix":"inner"}},"wdio_ui5_key":"applicationmanagehandovers-display-component---AddNewHO--dueDate"}]}
COMMAND: POST /session/a49a846f150ab9031b86585360f30ac3/execute/async - {"script":"<script> [6424 bytes]","args":[{"element-6066-11e4-a52e-4f735466cecf":"f.6CD6B7C80D08F775EB7D2FFF8B2C9AB5.d.061157CA66DE20FDB5D04F9A8A61E967.e.5248"},"setValue",["04/29/2025"]]}
RESULT: {"script":"<script> [6424 bytes]","args":[{"element-6066-11e4-a52e-4f735466cecf":"f.6CD6B7C80D08F775EB7D2FFF8B2C9AB5.d.061157CA66DE20FDB5D04F9A8A61E967.e.5248"},"setValue",["04/29/2025"]]}
COMMAND: POST /session/a49a846f150ab9031b86585360f30ac3/element - {"using":"xpath","value":"//bdi[contains(text(), \"Instructions\")]"}
RESULT: {"using":"xpath","value":"//bdi[contains(text(), \"Instructions\")]"}
COMMAND: POST /session/a49a846f150ab9031b86585360f30ac3/element/f.6CD6B7C80D08F775EB7D2FFF8B2C9AB5.d.061157CA66DE20FDB5D04F9A8A61E967.e.5501/click - {}
RESULT: {}
COMMAND: GET /session/a49a846f150ab9031b86585360f30ac3/screenshot - {}
RESULT: {}
COMMAND: POST /session/a49a846f150ab9031b86585360f30ac3/element - {"using":"xpath","value":"//button[@data-kt=\"AddNewHOProvideAddItemsButton\"]"}
RESULT: {"using":"xpath","value":"//button[@data-kt=\"AddNewHOProvideAddItemsButton\"]"}
COMMAND: POST /session/a49a846f150ab9031b86585360f30ac3/element/f.6CD6B7C80D08F775EB7D2FFF8B2C9AB5.d.061157CA66DE20FDB5D04F9A8A61E967.e.5505/click - {}
RESULT: {}
COMMAND: GET /session/a49a846f150ab9031b86585360f30ac3/screenshot - {}
RESULT: {}
RESULT: undefined
COMMAND: POST /session/a49a846f150ab9031b86585360f30ac3/element - {"using":"xpath","value":"//*[@id=\"application-managehandovers-display-component---AddNewHO--popup-sa\"]"}
RESULT: {"using":"xpath","value":"//*[@id=\"application-managehandovers-display-component---AddNewHO--popup-sa\"]"}
COMMAND: POST /session/a49a846f150ab9031b86585360f30ac3/element/f.6CD6B7C80D08F775EB7D2FFF8B2C9AB5.d.061157CA66DE20FDB5D04F9A8A61E967.e.5514/click - {}
RESULT: {}
COMMAND: GET /session/a49a846f150ab9031b86585360f30ac3/screenshot - {}
RESULT: {}
COMMAND: POST /session/a49a846f150ab9031b86585360f30ac3/element - {"using":"xpath","value":"//*[contains(@id ,\"BDI-content\")][contains(text(), \"Select\")]"}
RESULT: {"using":"xpath","value":"//*[contains(@id ,\"BDI-content\")][contains(text(), \"Select\")]"}
COMMAND: POST /session/a49a846f150ab9031b86585360f30ac3/element/f.6CD6B7C80D08F775EB7D2FFF8B2C9AB5.d.061157CA66DE20FDB5D04F9A8A61E967.e.5516/click - {}
RESULT: {}
COMMAND: GET /session/a49a846f150ab9031b86585360f30ac3/screenshot - {}
RESULT: {}
COMMAND: POST /session/a49a846f150ab9031b86585360f30ac3/execute/async - {"script":"<script> [1562 bytes]","args":[{"selector":{"id":"application-managehandovers-display-component---AddNewHO--confirmCreationButton","interaction":{"idSuffix":"BDI-content"}},"wdio_ui5_key":"applicationmanagehandovers-display-component---AddNewHO--confirmCreationButton"}]}
RESULT: {"script":"<script> [1562 bytes]","args":[{"selector":{"id":"application-managehandovers-display-component---AddNewHO--confirmCreationButton","interaction":{"idSuffix":"BDI-content"}},"wdio_ui5_key":"applicationmanagehandovers-display-component---AddNewHO--confirmCreationButton"}]}
RESULT: undefined
COMMAND: POST /session/a49a846f150ab9031b86585360f30ac3/element - {"using":"xpath","value":"//*[@id=\"application-managehandovers-display-component---AddNewHO--confirmCreationButton\"]"}
RESULT: {"using":"xpath","value":"//*[@id=\"application-managehandovers-display-component---AddNewHO--confirmCreationButton\"]"}
COMMAND: POST /session/a49a846f150ab9031b86585360f30ac3/element/f.6CD6B7C80D08F775EB7D2FFF8B2C9AB5.d.061157CA66DE20FDB5D04F9A8A61E967.e.5327/click - {}
RESULT: {}
COMMAND: GET /session/a49a846f150ab9031b86585360f30ac3/screenshot - {}
RESULT: {}
COMMAND: POST /session/a49a846f150ab9031b86585360f30ac3/element - {"using":"xpath","value":"//button[@data-kt=\"PickingTableConfirmAllButton\"]"}
RESULT: {"using":"xpath","value":"//button[@data-kt=\"PickingTableConfirmAllButton\"]"}
COMMAND: POST /session/a49a846f150ab9031b86585360f30ac3/element/f.6CD6B7C80D08F775EB7D2FFF8B2C9AB5.d.061157CA66DE20FDB5D04F9A8A61E967.e.5553/click - {}
COMMAND: POST /session/a49a846f150ab9031b86585360f30ac3/element - {"using":"xpath","value":"//button[@data-kt=\"PickingTableConfirmAllButton\"]"}
RESULT: {"using":"xpath","value":"//button[@data-kt=\"PickingTableConfirmAllButton\"]"}
COMMAND: POST /session/a49a846f150ab9031b86585360f30ac3/element/f.6CD6B7C80D08F775EB7D2FFF8B2C9AB5.d.061157CA66DE20FDB5D04F9A8A61E967.e.5553/click - {}
COMMAND: POST /session/a49a846f150ab9031b86585360f30ac3/element - {"using":"xpath","value":"//button[@data-kt=\"PickingTableConfirmAllButton\"]"}
RESULT: {"using":"xpath","value":"//button[@data-kt=\"PickingTableConfirmAllButton\"]"}
COMMAND: POST /session/a49a846f150ab9031b86585360f30ac3/element/f.6CD6B7C80D08F775EB7D2FFF8B2C9AB5.d.061157CA66DE20FDB5D04F9A8A61E967.e.5574/click - {}
RESULT: {}
COMMAND: GET /session/a49a846f150ab9031b86585360f30ac3/screenshot - {}
RESULT: {}
COMMAND: POST /session/a49a846f150ab9031b86585360f30ac3/element - {"using":"xpath","value":"//bdi[contains(text(), \"OK\")]"}
RESULT: {"using":"xpath","value":"//bdi[contains(text(), \"OK\")]"}
COMMAND: POST /session/a49a846f150ab9031b86585360f30ac3/element/f.6CD6B7C80D08F775EB7D2FFF8B2C9AB5.d.061157CA66DE20FDB5D04F9A8A61E967.e.5578/click - {}
RESULT: {}
COMMAND: GET /session/a49a846f150ab9031b86585360f30ac3/screenshot - {}
RESULT: {}
COMMAND: POST /session/a49a846f150ab9031b86585360f30ac3/element - {"using":"xpath","value":"//bdi[contains(text(), \"Issue\")]"}
RESULT: {"using":"xpath","value":"//bdi[contains(text(), \"Issue\")]"}
COMMAND: POST /session/a49a846f150ab9031b86585360f30ac3/element/f.6CD6B7C80D08F775EB7D2FFF8B2C9AB5.d.061157CA66DE20FDB5D04F9A8A61E967.e.5579/click - {}
RESULT: {}
COMMAND: GET /session/a49a846f150ab9031b86585360f30ac3/screenshot - {}
RESULT: {}
COMMAND: POST /session/a49a846f150ab9031b86585360f30ac3/element - {"using":"css selector","value":"#shell-header-logo"}
RESULT: {"using":"css selector","value":"#shell-header-logo"}
COMMAND: POST /session/a49a846f150ab9031b86585360f30ac3/element/f.6CD6B7C80D08F775EB7D2FFF8B2C9AB5.d.061157CA66DE20FDB5D04F9A8A61E967.e.4533/click - {}
RESULT: {}
COMMAND: GET /session/a49a846f150ab9031b86585360f30ac3/screenshot - {}
RESULT: {}
]]></system-out>
    </testcase>
    <testcase classname="chrome.135_0_7049_96.windows.Billing_confirm_US117289" name="Should trigger calculation" time="71.082">
      <system-out><![CDATA[
COMMAND: POST /session/a49a846f150ab9031b86585360f30ac3/execute/async - {"script":"<script> [1562 bytes]","args":[{"selector":{"controlType":"sap.m.GenericTile","properties":{"header":"Manage Billings"}},"wdio_ui5_key":"sapm.GenericTile{\"header\":\"Manage Billings\"}"}]}
RESULT: {"script":"<script> [1562 bytes]","args":[{"selector":{"controlType":"sap.m.GenericTile","properties":{"header":"Manage Billings"}},"wdio_ui5_key":"sapm.GenericTile{\"header\":\"Manage Billings\"}"}]}
RESULT: undefined
COMMAND: POST /session/a49a846f150ab9031b86585360f30ac3/element - {"using":"xpath","value":"//*[@id=\"__tile51\"]"}
RESULT: {"using":"xpath","value":"//*[@id=\"__tile51\"]"}
COMMAND: POST /session/a49a846f150ab9031b86585360f30ac3/element/f.6CD6B7C80D08F775EB7D2FFF8B2C9AB5.d.061157CA66DE20FDB5D04F9A8A61E967.e.194/click - {}
RESULT: {}
COMMAND: GET /session/a49a846f150ab9031b86585360f30ac3/screenshot - {}
RESULT: {}
COMMAND: POST /session/a49a846f150ab9031b86585360f30ac3/execute/async - {"script":"<script> [1562 bytes]","args":[{"selector":{"id":"application-managebillings-display-component---billRunCalcResult--smartFilterBar-btnBasicSearch","interaction":{"idSuffix":"I"}},"wdio_ui5_key":"applicationmanagebillings-display-component---billRunCalcResult--smartFilterBar-btnBasicSearch"}]}
RESULT: {"script":"<script> [1562 bytes]","args":[{"selector":{"id":"application-managebillings-display-component---billRunCalcResult--smartFilterBar-btnBasicSearch","interaction":{"idSuffix":"I"}},"wdio_ui5_key":"applicationmanagebillings-display-component---billRunCalcResult--smartFilterBar-btnBasicSearch"}]}
RESULT: undefined
COMMAND: POST /session/a49a846f150ab9031b86585360f30ac3/execute/async - {"script":"<script> [776 bytes]","args":[{"enterText":"10310","selector":{"id":"application-managebillings-display-component---billRunCalcResult--smartFilterBar-btnBasicSearch","interaction":{"idSuffix":"I"}},"clearTextFirst":true,"interactionType":"ENTER_TEXT"}]}
RESULT: {"script":"<script> [776 bytes]","args":[{"enterText":"10310","selector":{"id":"application-managebillings-display-component---billRunCalcResult--smartFilterBar-btnBasicSearch","interaction":{"idSuffix":"I"}},"clearTextFirst":true,"interactionType":"ENTER_TEXT"}]}
COMMAND: POST /session/a49a846f150ab9031b86585360f30ac3/actions - {"actions":[{"id":"action19","type":"key","parameters":{},"actions":[{"type":"keyDown","value":"î€‡"},{"type":"pause","duration":10},{"type":"keyUp","value":"î€‡"}]}]}
RESULT: {"actions":[{"id":"action19","type":"key","parameters":{},"actions":[{"type":"keyDown","value":"î€‡"},{"type":"pause","duration":10},{"type":"keyUp","value":"î€‡"}]}]}
COMMAND: GET /session/a49a846f150ab9031b86585360f30ac3/screenshot - {}
RESULT: {}
COMMAND: POST /session/a49a846f150ab9031b86585360f30ac3/element - {"using":"xpath","value":"//td[@aria-colindex=\"1\"]/div/div[contains(@class, \"sapMCbBg\")]"}
RESULT: {"using":"xpath","value":"//td[@aria-colindex=\"1\"]/div/div[contains(@class, \"sapMCbBg\")]"}
COMMAND: POST /session/a49a846f150ab9031b86585360f30ac3/element/f.6CD6B7C80D08F775EB7D2FFF8B2C9AB5.d.061157CA66DE20FDB5D04F9A8A61E967.e.5969/click - {}
RESULT: {}
COMMAND: GET /session/a49a846f150ab9031b86585360f30ac3/screenshot - {}
RESULT: {}
COMMAND: POST /session/a49a846f150ab9031b86585360f30ac3/execute/async - {"script":"<script> [1562 bytes]","args":[{"selector":{"id":"application-managebillings-display-component---billRunCalcResult--contractBillRunDate","interaction":{"idSuffix":"inner"}},"wdio_ui5_key":"applicationmanagebillings-display-component---billRunCalcResult--contractBillRunDate"}]}
RESULT: {"script":"<script> [1562 bytes]","args":[{"selector":{"id":"application-managebillings-display-component---billRunCalcResult--contractBillRunDate","interaction":{"idSuffix":"inner"}},"wdio_ui5_key":"applicationmanagebillings-display-component---billRunCalcResult--contractBillRunDate"}]}
RESULT: undefined
COMMAND: POST /session/a49a846f150ab9031b86585360f30ac3/execute/async - {"script":"<script> [776 bytes]","args":[{"enterText":"05/29/25","selector":{"id":"application-managebillings-display-component---billRunCalcResult--contractBillRunDate","interaction":{"idSuffix":"inner"}},"clearTextFirst":true,"interactionType":"ENTER_TEXT"}]}
RESULT: {"script":"<script> [776 bytes]","args":[{"enterText":"05/29/25","selector":{"id":"application-managebillings-display-component---billRunCalcResult--contractBillRunDate","interaction":{"idSuffix":"inner"}},"clearTextFirst":true,"interactionType":"ENTER_TEXT"}]}
COMMAND: POST /session/a49a846f150ab9031b86585360f30ac3/element - {"using":"xpath","value":"//bdi[contains(text(), \"Trigger Calculation\")]"}
RESULT: {"using":"xpath","value":"//bdi[contains(text(), \"Trigger Calculation\")]"}
COMMAND: POST /session/a49a846f150ab9031b86585360f30ac3/element/f.6CD6B7C80D08F775EB7D2FFF8B2C9AB5.d.061157CA66DE20FDB5D04F9A8A61E967.e.6022/click - {}
RESULT: {}
COMMAND: GET /session/a49a846f150ab9031b86585360f30ac3/screenshot - {}
RESULT: {}
COMMAND: POST /session/a49a846f150ab9031b86585360f30ac3/element - {"using":"xpath","value":"(//span[contains(@id, \"imgNav\")])[1]"}
RESULT: {"using":"xpath","value":"(//span[contains(@id, \"imgNav\")])[1]"}
COMMAND: POST /session/a49a846f150ab9031b86585360f30ac3/element/f.6CD6B7C80D08F775EB7D2FFF8B2C9AB5.d.061157CA66DE20FDB5D04F9A8A61E967.e.5970/click - {}
RESULT: {}
COMMAND: GET /session/a49a846f150ab9031b86585360f30ac3/screenshot - {}
RESULT: {}
COMMAND: POST /session/a49a846f150ab9031b86585360f30ac3/element - {"using":"xpath","value":"//tr/td[6]/div[1]/span[1]/span[1]"}
RESULT: {"using":"xpath","value":"//tr/td[6]/div[1]/span[1]/span[1]"}
COMMAND: GET /session/a49a846f150ab9031b86585360f30ac3/element/f.6CD6B7C80D08F775EB7D2FFF8B2C9AB5.d.061157CA66DE20FDB5D04F9A8A61E967.e.6026/text - {}
RESULT: {}
COMMAND: POST /session/a49a846f150ab9031b86585360f30ac3/element - {"using":"xpath","value":"(//span[contains(@id, \"imgNav\")])[2]"}
RESULT: {"using":"xpath","value":"(//span[contains(@id, \"imgNav\")])[2]"}
COMMAND: POST /session/a49a846f150ab9031b86585360f30ac3/element/f.6CD6B7C80D08F775EB7D2FFF8B2C9AB5.d.061157CA66DE20FDB5D04F9A8A61E967.e.6027/click - {}
RESULT: {}
COMMAND: GET /session/a49a846f150ab9031b86585360f30ac3/screenshot - {}
RESULT: {}
COMMAND: POST /session/a49a846f150ab9031b86585360f30ac3/element - {"using":"xpath","value":"//bdi[contains(text(), \"Business Confirm\")]"}
RESULT: {"using":"xpath","value":"//bdi[contains(text(), \"Business Confirm\")]"}
COMMAND: POST /session/a49a846f150ab9031b86585360f30ac3/element/f.6CD6B7C80D08F775EB7D2FFF8B2C9AB5.d.061157CA66DE20FDB5D04F9A8A61E967.e.6076/click - {}
RESULT: {}
COMMAND: GET /session/a49a846f150ab9031b86585360f30ac3/screenshot - {}
RESULT: {}
COMMAND: POST /session/a49a846f150ab9031b86585360f30ac3/element - {"using":"xpath","value":"//bdi[contains(text(), \"Business Confirmed\")]"}
RESULT: {"using":"xpath","value":"//bdi[contains(text(), \"Business Confirmed\")]"}
COMMAND: POST /session/a49a846f150ab9031b86585360f30ac3/execute/sync - {"script":"<script> [56 bytes]","args":[{"element-6066-11e4-a52e-4f735466cecf":"f.6CD6B7C80D08F775EB7D2FFF8B2C9AB5.d.061157CA66DE20FDB5D04F9A8A61E967.e.6076","ELEMENT":"f.6CD6B7C80D08F775EB7D2FFF8B2C9AB5.d.061157CA66DE20FDB5D04F9A8A61E967.e.6076"}]}
RESULT: {"script":"<script> [56 bytes]","args":[{"element-6066-11e4-a52e-4f735466cecf":"f.6CD6B7C80D08F775EB7D2FFF8B2C9AB5.d.061157CA66DE20FDB5D04F9A8A61E967.e.6076","ELEMENT":"f.6CD6B7C80D08F775EB7D2FFF8B2C9AB5.d.061157CA66DE20FDB5D04F9A8A61E967.e.6076"}]}
COMMAND: POST /session/a49a846f150ab9031b86585360f30ac3/element - {"using":"css selector","value":"#shell-header-logo"}
COMMAND: GET /session/a49a846f150ab9031b86585360f30ac3/screenshot - {}
RESULT: {"using":"css selector","value":"#shell-header-logo"}
COMMAND: POST /session/a49a846f150ab9031b86585360f30ac3/element/f.6CD6B7C80D08F775EB7D2FFF8B2C9AB5.d.061157CA66DE20FDB5D04F9A8A61E967.e.5761/click - {}
RESULT: {}
RESULT: {}
COMMAND: GET /session/a49a846f150ab9031b86585360f30ac3/screenshot - {}
RESULT: {}
COMMAND: POST /session/a49a846f150ab9031b86585360f30ac3/element - {"using":"css selector","value":"#j_username"}
COMMAND: POST /session/a49a846f150ab9031b86585360f30ac3/url - {"url":"https://qa-testing-00-live-etm-ui.cfapps.eu10-004.hana.ondemand.com/"}
RESULT: {"using":"css selector","value":"#j_username"}
COMMAND: POST /session/a49a846f150ab9031b86585360f30ac3/element - {"using":"css selector","value":"#j_username"}
RESULT: {"url":"https://qa-testing-00-live-etm-ui.cfapps.eu10-004.hana.ondemand.com/"}
RESULT: undefined
COMMAND: GET /session/a49a846f150ab9031b86585360f30ac3/screenshot - {}
RESULT: {"using":"css selector","value":"#j_username"}
COMMAND: POST /session/a49a846f150ab9031b86585360f30ac3/element - {"using":"css selector","value":"#shell-header-logo"}
RESULT: {}
RESULT: {"using":"css selector","value":"#shell-header-logo"}
COMMAND: POST /session/a49a846f150ab9031b86585360f30ac3/execute/sync - {"script":"<script> [8489 bytes]","args":[{"element-6066-11e4-a52e-4f735466cecf":"f.6CD6B7C80D08F775EB7D2FFF8B2C9AB5.d.73D83432F53EB8A28D148C2ABB731B26.e.6140","ELEMENT":"f.6CD6B7C80D08F775EB7D2FFF8B2C9AB5.d.73D83432F53EB8A28D148C2ABB731B26.e.6140"}]}
RESULT: {"script":"<script> [8489 bytes]","args":[{"element-6066-11e4-a52e-4f735466cecf":"f.6CD6B7C80D08F775EB7D2FFF8B2C9AB5.d.73D83432F53EB8A28D148C2ABB731B26.e.6140","ELEMENT":"f.6CD6B7C80D08F775EB7D2FFF8B2C9AB5.d.73D83432F53EB8A28D148C2ABB731B26.e.6140"}]}
COMMAND: POST /session/a49a846f150ab9031b86585360f30ac3/element - {"using":"css selector","value":"#shell-header-logo"}
COMMAND: GET /session/a49a846f150ab9031b86585360f30ac3/screenshot - {}
RESULT: {"using":"css selector","value":"#shell-header-logo"}
COMMAND: POST /session/a49a846f150ab9031b86585360f30ac3/execute/sync - {"script":"<script> [8489 bytes]","args":[{"element-6066-11e4-a52e-4f735466cecf":"f.6CD6B7C80D08F775EB7D2FFF8B2C9AB5.d.73D83432F53EB8A28D148C2ABB731B26.e.6140","ELEMENT":"f.6CD6B7C80D08F775EB7D2FFF8B2C9AB5.d.73D83432F53EB8A28D148C2ABB731B26.e.6140"}]}
RESULT: {}
RESULT: {"script":"<script> [8489 bytes]","args":[{"element-6066-11e4-a52e-4f735466cecf":"f.6CD6B7C80D08F775EB7D2FFF8B2C9AB5.d.73D83432F53EB8A28D148C2ABB731B26.e.6140","ELEMENT":"f.6CD6B7C80D08F775EB7D2FFF8B2C9AB5.d.73D83432F53EB8A28D148C2ABB731B26.e.6140"}]}
COMMAND: POST /session/a49a846f150ab9031b86585360f30ac3/execute/sync - {"script":"<script> [5351 bytes]","args":[{"element-6066-11e4-a52e-4f735466cecf":"f.6CD6B7C80D08F775EB7D2FFF8B2C9AB5.d.73D83432F53EB8A28D148C2ABB731B26.e.6140","ELEMENT":"f.6CD6B7C80D08F775EB7D2FFF8B2C9AB5.d.73D83432F53EB8A28D148C2ABB731B26.e.6140"}]}
COMMAND: GET /session/a49a846f150ab9031b86585360f30ac3/screenshot - {}
RESULT: {"script":"<script> [5351 bytes]","args":[{"element-6066-11e4-a52e-4f735466cecf":"f.6CD6B7C80D08F775EB7D2FFF8B2C9AB5.d.73D83432F53EB8A28D148C2ABB731B26.e.6140","ELEMENT":"f.6CD6B7C80D08F775EB7D2FFF8B2C9AB5.d.73D83432F53EB8A28D148C2ABB731B26.e.6140"}]}
COMMAND: POST /session/a49a846f150ab9031b86585360f30ac3/element - {"using":"css selector","value":"#shell-header-logo"}
COMMAND: GET /session/a49a846f150ab9031b86585360f30ac3/screenshot - {}
RESULT: {}
RESULT: {"using":"css selector","value":"#shell-header-logo"}
COMMAND: POST /session/a49a846f150ab9031b86585360f30ac3/element/f.6CD6B7C80D08F775EB7D2FFF8B2C9AB5.d.73D83432F53EB8A28D148C2ABB731B26.e.6140/click - {}
RESULT: {}
RESULT: {}
COMMAND: GET /session/a49a846f150ab9031b86585360f30ac3/screenshot - {}
RESULT: {}
COMMAND: POST /session/a49a846f150ab9031b86585360f30ac3/execute/async - {"script":"<script> [189 bytes]","args":[]}
RESULT: {"script":"<script> [189 bytes]","args":[]}
COMMAND: POST /session/a49a846f150ab9031b86585360f30ac3/execute/async - {"script":"<script> [123 bytes]","args":[]}
RESULT: {"script":"<script> [123 bytes]","args":[]}
COMMAND: POST /session/a49a846f150ab9031b86585360f30ac3/timeouts - {"script":"<number>"}
RESULT: {"script":"<number>"}
COMMAND: GET /session/a49a846f150ab9031b86585360f30ac3/timeouts - {}
RESULT: {}
RESULT: undefined
COMMAND: POST /session/a49a846f150ab9031b86585360f30ac3/execute/async - {"script":"<script> [2676 bytes]","args":[]}
RESULT: {"script":"<script> [2676 bytes]","args":[]}
COMMAND: POST /session/a49a846f150ab9031b86585360f30ac3/execute/async - {"script":"<script> [2342 bytes]","args":[{"protocol":"http","hostname":"0.0.0.0","path":"/","capabilities":{"browserName":"chrome","goog:chromeOptions":{"binary":"C:\\Program Files\\Google\\Chrome\\Application\\chrome.exe","args":["--start-maximized"]}},"logLevel":"warn","connectionRetryTimeout":120000,"connectionRetryCount":3,"logLevels":{},"enableDirectConnect":true,"strictSSL":true,"_":"65 more keys: [\"cacheDir\",\"port\",\"requestedCapabilities\",\"automationProtocol\",\"baseUrl\",\"waitforInterval\",\"waitforTimeout\",\"onReload\",\"beforeCommand\",\"afterCommand\",\"rootDir\",\"specs\",\"suites\",\"exclude\",\"groupLogsByTestSpec\",\"excludeDriverLogs\",\"bail\",\"framework\",\"reporters\",\"services\",\"maxInstances\",\"maxInstancesPerCapability\",\"injectGlobals\",\"filesToWatch\",\"execArgv\",\"runnerEnv\",\"runner\",\"shard\",\"specFileRetries\",\"specFileRetriesDelay\",\"specFileRetriesDeferred\",\"reporterSyncInterval\",\"reporterSyncTimeout\",\"cucumberFeaturesWithLineNumbers\",\"autoCompileOpts\",\"mochaOpts\",\"jasmineOpts\",\"cucumberOpts\",\"onPrepare\",\"onWorkerStart\",\"onWorkerEnd\",\"before\",\"beforeSession\",\"beforeSuite\",\"beforeHook\",\"beforeTest\",\"afterTest\",\"afterHook\",\"afterSuite\",\"afterSession\",\"after\",\"onComplete\",\"beforeAssertion\",\"afterAssertion\",\"beforeFeature\",\"beforeScenario\",\"beforeStep\",\"afterStep\",\"afterScenario\",\"afterFeature\",\"_\",\"suite\",\"$0\",\"ignoredWorkerServices\",\"wdi5\"]"}]}
RESULT: {"script":"<script> [2342 bytes]","args":[{"protocol":"http","hostname":"0.0.0.0","path":"/","capabilities":{"browserName":"chrome","goog:chromeOptions":{"binary":"C:\\Program Files\\Google\\Chrome\\Application\\chrome.exe","args":["--start-maximized"]}},"logLevel":"warn","connectionRetryTimeout":120000,"connectionRetryCount":3,"logLevels":{},"enableDirectConnect":true,"strictSSL":true,"_":"65 more keys: [\"cacheDir\",\"port\",\"requestedCapabilities\",\"automationProtocol\",\"baseUrl\",\"waitforInterval\",\"waitforTimeout\",\"onReload\",\"beforeCommand\",\"afterCommand\",\"rootDir\",\"specs\",\"suites\",\"exclude\",\"groupLogsByTestSpec\",\"excludeDriverLogs\",\"bail\",\"framework\",\"reporters\",\"services\",\"maxInstances\",\"maxInstancesPerCapability\",\"injectGlobals\",\"filesToWatch\",\"execArgv\",\"runnerEnv\",\"runner\",\"shard\",\"specFileRetries\",\"specFileRetriesDelay\",\"specFileRetriesDeferred\",\"reporterSyncInterval\",\"reporterSyncTimeout\",\"cucumberFeaturesWithLineNumbers\",\"autoCompileOpts\",\"mochaOpts\",\"jasmineOpts\",\"cucumberOpts\",\"onPrepare\",\"onWorkerStart\",\"onWorkerEnd\",\"before\",\"beforeSession\",\"beforeSuite\",\"beforeHook\",\"beforeTest\",\"afterTest\",\"afterHook\",\"afterSuite\",\"afterSession\",\"after\",\"onComplete\",\"beforeAssertion\",\"afterAssertion\",\"beforeFeature\",\"beforeScenario\",\"beforeStep\",\"afterStep\",\"afterScenario\",\"afterFeature\",\"_\",\"suite\",\"$0\",\"ignoredWorkerServices\",\"wdi5\"]"}]}
COMMAND: POST /session/a49a846f150ab9031b86585360f30ac3/execute/async - {"script":"<script> [21126 bytes]","args":[35000]}
RESULT: {"script":"<script> [21126 bytes]","args":[35000]}
COMMAND: POST /session/a49a846f150ab9031b86585360f30ac3/window/maximize - {}
RESULT: {}
COMMAND: POST /session/a49a846f150ab9031b86585360f30ac3/execute/async - {"script":"<script> [1562 bytes]","args":[{"selector":{"id":"shell-header","interaction":{"idSuffix":"icon"}},"wdio_ui5_key":"shellheader"}]}
COMMAND: GET /session/a49a846f150ab9031b86585360f30ac3/screenshot - {}
RESULT: {"script":"<script> [1562 bytes]","args":[{"selector":{"id":"shell-header","interaction":{"idSuffix":"icon"}},"wdio_ui5_key":"shellheader"}]}
RESULT: undefined
COMMAND: POST /session/a49a846f150ab9031b86585360f30ac3/refresh - {}
RESULT: {}
RESULT: {}
COMMAND: GET /session/a49a846f150ab9031b86585360f30ac3/screenshot - {}
RESULT: {}
COMMAND: POST /session/a49a846f150ab9031b86585360f30ac3/refresh - {}
RESULT: {}
COMMAND: GET /session/a49a846f150ab9031b86585360f30ac3/screenshot - {}
RESULT: {}
COMMAND: POST /session/a49a846f150ab9031b86585360f30ac3/window/fullscreen - {}
RESULT: {}
COMMAND: POST /session/a49a846f150ab9031b86585360f30ac3/execute/async - {"script":"<script> [189 bytes]","args":[]}
RESULT: {"script":"<script> [189 bytes]","args":[]}
COMMAND: POST /session/a49a846f150ab9031b86585360f30ac3/execute/async - {"script":"<script> [123 bytes]","args":[]}
RESULT: {"script":"<script> [123 bytes]","args":[]}
COMMAND: POST /session/a49a846f150ab9031b86585360f30ac3/timeouts - {"script":"<number>"}
RESULT: {"script":"<number>"}
COMMAND: GET /session/a49a846f150ab9031b86585360f30ac3/timeouts - {}
RESULT: {}
RESULT: undefined
COMMAND: POST /session/a49a846f150ab9031b86585360f30ac3/execute/async - {"script":"<script> [2676 bytes]","args":[]}
RESULT: {"script":"<script> [2676 bytes]","args":[]}
COMMAND: POST /session/a49a846f150ab9031b86585360f30ac3/execute/async - {"script":"<script> [2342 bytes]","args":[{"protocol":"http","hostname":"0.0.0.0","path":"/","capabilities":{"browserName":"chrome","goog:chromeOptions":{"binary":"C:\\Program Files\\Google\\Chrome\\Application\\chrome.exe","args":["--start-maximized"]}},"logLevel":"warn","connectionRetryTimeout":120000,"connectionRetryCount":3,"logLevels":{},"enableDirectConnect":true,"strictSSL":true,"_":"65 more keys: [\"cacheDir\",\"port\",\"requestedCapabilities\",\"automationProtocol\",\"baseUrl\",\"waitforInterval\",\"waitforTimeout\",\"onReload\",\"beforeCommand\",\"afterCommand\",\"rootDir\",\"specs\",\"suites\",\"exclude\",\"groupLogsByTestSpec\",\"excludeDriverLogs\",\"bail\",\"framework\",\"reporters\",\"services\",\"maxInstances\",\"maxInstancesPerCapability\",\"injectGlobals\",\"filesToWatch\",\"execArgv\",\"runnerEnv\",\"runner\",\"shard\",\"specFileRetries\",\"specFileRetriesDelay\",\"specFileRetriesDeferred\",\"reporterSyncInterval\",\"reporterSyncTimeout\",\"cucumberFeaturesWithLineNumbers\",\"autoCompileOpts\",\"mochaOpts\",\"jasmineOpts\",\"cucumberOpts\",\"onPrepare\",\"onWorkerStart\",\"onWorkerEnd\",\"before\",\"beforeSession\",\"beforeSuite\",\"beforeHook\",\"beforeTest\",\"afterTest\",\"afterHook\",\"afterSuite\",\"afterSession\",\"after\",\"onComplete\",\"beforeAssertion\",\"afterAssertion\",\"beforeFeature\",\"beforeScenario\",\"beforeStep\",\"afterStep\",\"afterScenario\",\"afterFeature\",\"_\",\"suite\",\"$0\",\"ignoredWorkerServices\",\"wdi5\"]"}]}
RESULT: {"script":"<script> [2342 bytes]","args":[{"protocol":"http","hostname":"0.0.0.0","path":"/","capabilities":{"browserName":"chrome","goog:chromeOptions":{"binary":"C:\\Program Files\\Google\\Chrome\\Application\\chrome.exe","args":["--start-maximized"]}},"logLevel":"warn","connectionRetryTimeout":120000,"connectionRetryCount":3,"logLevels":{},"enableDirectConnect":true,"strictSSL":true,"_":"65 more keys: [\"cacheDir\",\"port\",\"requestedCapabilities\",\"automationProtocol\",\"baseUrl\",\"waitforInterval\",\"waitforTimeout\",\"onReload\",\"beforeCommand\",\"afterCommand\",\"rootDir\",\"specs\",\"suites\",\"exclude\",\"groupLogsByTestSpec\",\"excludeDriverLogs\",\"bail\",\"framework\",\"reporters\",\"services\",\"maxInstances\",\"maxInstancesPerCapability\",\"injectGlobals\",\"filesToWatch\",\"execArgv\",\"runnerEnv\",\"runner\",\"shard\",\"specFileRetries\",\"specFileRetriesDelay\",\"specFileRetriesDeferred\",\"reporterSyncInterval\",\"reporterSyncTimeout\",\"cucumberFeaturesWithLineNumbers\",\"autoCompileOpts\",\"mochaOpts\",\"jasmineOpts\",\"cucumberOpts\",\"onPrepare\",\"onWorkerStart\",\"onWorkerEnd\",\"before\",\"beforeSession\",\"beforeSuite\",\"beforeHook\",\"beforeTest\",\"afterTest\",\"afterHook\",\"afterSuite\",\"afterSession\",\"after\",\"onComplete\",\"beforeAssertion\",\"afterAssertion\",\"beforeFeature\",\"beforeScenario\",\"beforeStep\",\"afterStep\",\"afterScenario\",\"afterFeature\",\"_\",\"suite\",\"$0\",\"ignoredWorkerServices\",\"wdi5\"]"}]}
COMMAND: POST /session/a49a846f150ab9031b86585360f30ac3/execute/async - {"script":"<script> [21126 bytes]","args":[35000]}
RESULT: {"script":"<script> [21126 bytes]","args":[35000]}
]]></system-out>
    </testcase>
  </testsuite>
  <testsuite timestamp="2025-04-29T06:09:51" time="1171.486" tests="14" failures="0" errors="0" skipped="0">
    <properties>
      <property name="specId" value="0" />
      <property name="suiteName" value="Create master data for mixed billing &amp; do billing calculation US151661" />
      <property name="capabilities" value="chrome.135_0_7049_96.windows" />
      <property name="file" value="file:///D:/a/1/s/test/specs/BTS/billing-calculation-mixed.spec.js" />
    </properties>
    <testcase classname="chrome.135_0_7049_96.windows.Create_master_data_for_mixed_billing_&amp;_do_billing_calculation_US151661" name="Should create a new yard" time="106.85">
      <system-out><![CDATA[
COMMAND: POST /session/a49a846f150ab9031b86585360f30ac3/window/fullscreen - {}
RESULT: {}
COMMAND: POST /session/a49a846f150ab9031b86585360f30ac3/execute/async - {"script":"<script> [1562 bytes]","args":[{"selector":{"controlType":"sap.m.GenericTile","properties":{"header":"Manage Yards"}},"wdio_ui5_key":"sapm.GenericTile{\"header\":\"Manage Yards\"}"}]}
RESULT: {"script":"<script> [1562 bytes]","args":[{"selector":{"controlType":"sap.m.GenericTile","properties":{"header":"Manage Yards"}},"wdio_ui5_key":"sapm.GenericTile{\"header\":\"Manage Yards\"}"}]}
RESULT: undefined
COMMAND: POST /session/a49a846f150ab9031b86585360f30ac3/element - {"using":"xpath","value":"//*[@id=\"__tile41\"]"}
RESULT: {"using":"xpath","value":"//*[@id=\"__tile41\"]"}
COMMAND: POST /session/a49a846f150ab9031b86585360f30ac3/element/f.6CD6B7C80D08F775EB7D2FFF8B2C9AB5.d.1D7DBBD89C3FEE6F287FD5C939141359.e.6279/click - {}
RESULT: {}
COMMAND: POST /session/a49a846f150ab9031b86585360f30ac3/element - {"using":"xpath","value":"//button[@data-kt=\"addNewYardOverflowToolbarButton\"]"}
COMMAND: GET /session/a49a846f150ab9031b86585360f30ac3/screenshot - {}
RESULT: {"using":"xpath","value":"//button[@data-kt=\"addNewYardOverflowToolbarButton\"]"}
COMMAND: POST /session/a49a846f150ab9031b86585360f30ac3/elements - {"using":"xpath","value":"//button[@data-kt=\"addNewYardOverflowToolbarButton\"]"}
RESULT: {}
RESULT: {"using":"xpath","value":"//button[@data-kt=\"addNewYardOverflowToolbarButton\"]"}
COMMAND: POST /session/a49a846f150ab9031b86585360f30ac3/elements - {"using":"xpath","value":"//button[@data-kt=\"addNewYardOverflowToolbarButton\"]"}
RESULT: {"using":"xpath","value":"//button[@data-kt=\"addNewYardOverflowToolbarButton\"]"}
COMMAND: POST /session/a49a846f150ab9031b86585360f30ac3/elements - {"using":"xpath","value":"//button[@data-kt=\"addNewYardOverflowToolbarButton\"]"}
RESULT: {"using":"xpath","value":"//button[@data-kt=\"addNewYardOverflowToolbarButton\"]"}
COMMAND: POST /session/a49a846f150ab9031b86585360f30ac3/elements - {"using":"xpath","value":"//button[@data-kt=\"addNewYardOverflowToolbarButton\"]"}
RESULT: {"using":"xpath","value":"//button[@data-kt=\"addNewYardOverflowToolbarButton\"]"}
COMMAND: POST /session/a49a846f150ab9031b86585360f30ac3/elements - {"using":"xpath","value":"//button[@data-kt=\"addNewYardOverflowToolbarButton\"]"}
RESULT: {"using":"xpath","value":"//button[@data-kt=\"addNewYardOverflowToolbarButton\"]"}
COMMAND: POST /session/a49a846f150ab9031b86585360f30ac3/elements - {"using":"xpath","value":"//button[@data-kt=\"addNewYardOverflowToolbarButton\"]"}
RESULT: {"using":"xpath","value":"//button[@data-kt=\"addNewYardOverflowToolbarButton\"]"}
COMMAND: POST /session/a49a846f150ab9031b86585360f30ac3/elements - {"using":"xpath","value":"//button[@data-kt=\"addNewYardOverflowToolbarButton\"]"}
RESULT: {"using":"xpath","value":"//button[@data-kt=\"addNewYardOverflowToolbarButton\"]"}
COMMAND: POST /session/a49a846f150ab9031b86585360f30ac3/elements - {"using":"xpath","value":"//button[@data-kt=\"addNewYardOverflowToolbarButton\"]"}
RESULT: {"using":"xpath","value":"//button[@data-kt=\"addNewYardOverflowToolbarButton\"]"}
COMMAND: POST /session/a49a846f150ab9031b86585360f30ac3/elements - {"using":"xpath","value":"//button[@data-kt=\"addNewYardOverflowToolbarButton\"]"}
RESULT: {"using":"xpath","value":"//button[@data-kt=\"addNewYardOverflowToolbarButton\"]"}
COMMAND: POST /session/a49a846f150ab9031b86585360f30ac3/elements - {"using":"xpath","value":"//button[@data-kt=\"addNewYardOverflowToolbarButton\"]"}
RESULT: {"using":"xpath","value":"//button[@data-kt=\"addNewYardOverflowToolbarButton\"]"}
COMMAND: POST /session/a49a846f150ab9031b86585360f30ac3/elements - {"using":"xpath","value":"//button[@data-kt=\"addNewYardOverflowToolbarButton\"]"}
RESULT: {"using":"xpath","value":"//button[@data-kt=\"addNewYardOverflowToolbarButton\"]"}
COMMAND: POST /session/a49a846f150ab9031b86585360f30ac3/elements - {"using":"xpath","value":"//button[@data-kt=\"addNewYardOverflowToolbarButton\"]"}
RESULT: {"using":"xpath","value":"//button[@data-kt=\"addNewYardOverflowToolbarButton\"]"}
COMMAND: POST /session/a49a846f150ab9031b86585360f30ac3/elements - {"using":"xpath","value":"//button[@data-kt=\"addNewYardOverflowToolbarButton\"]"}
RESULT: {"using":"xpath","value":"//button[@data-kt=\"addNewYardOverflowToolbarButton\"]"}
COMMAND: POST /session/a49a846f150ab9031b86585360f30ac3/elements - {"using":"xpath","value":"//button[@data-kt=\"addNewYardOverflowToolbarButton\"]"}
RESULT: {"using":"xpath","value":"//button[@data-kt=\"addNewYardOverflowToolbarButton\"]"}
COMMAND: POST /session/a49a846f150ab9031b86585360f30ac3/elements - {"using":"xpath","value":"//button[@data-kt=\"addNewYardOverflowToolbarButton\"]"}
RESULT: {"using":"xpath","value":"//button[@data-kt=\"addNewYardOverflowToolbarButton\"]"}
COMMAND: POST /session/a49a846f150ab9031b86585360f30ac3/elements - {"using":"xpath","value":"//button[@data-kt=\"addNewYardOverflowToolbarButton\"]"}
RESULT: {"using":"xpath","value":"//button[@data-kt=\"addNewYardOverflowToolbarButton\"]"}
COMMAND: POST /session/a49a846f150ab9031b86585360f30ac3/elements - {"using":"xpath","value":"//button[@data-kt=\"addNewYardOverflowToolbarButton\"]"}
RESULT: {"using":"xpath","value":"//button[@data-kt=\"addNewYardOverflowToolbarButton\"]"}
COMMAND: POST /session/a49a846f150ab9031b86585360f30ac3/elements - {"using":"xpath","value":"//button[@data-kt=\"addNewYardOverflowToolbarButton\"]"}
RESULT: {"using":"xpath","value":"//button[@data-kt=\"addNewYardOverflowToolbarButton\"]"}
COMMAND: POST /session/a49a846f150ab9031b86585360f30ac3/elements - {"using":"xpath","value":"//button[@data-kt=\"addNewYardOverflowToolbarButton\"]"}
RESULT: {"using":"xpath","value":"//button[@data-kt=\"addNewYardOverflowToolbarButton\"]"}
COMMAND: POST /session/a49a846f150ab9031b86585360f30ac3/elements - {"using":"xpath","value":"//button[@data-kt=\"addNewYardOverflowToolbarButton\"]"}
RESULT: {"using":"xpath","value":"//button[@data-kt=\"addNewYardOverflowToolbarButton\"]"}
COMMAND: POST /session/a49a846f150ab9031b86585360f30ac3/elements - {"using":"xpath","value":"//button[@data-kt=\"addNewYardOverflowToolbarButton\"]"}
RESULT: {"using":"xpath","value":"//button[@data-kt=\"addNewYardOverflowToolbarButton\"]"}
COMMAND: POST /session/a49a846f150ab9031b86585360f30ac3/elements - {"using":"xpath","value":"//button[@data-kt=\"addNewYardOverflowToolbarButton\"]"}
RESULT: {"using":"xpath","value":"//button[@data-kt=\"addNewYardOverflowToolbarButton\"]"}
COMMAND: POST /session/a49a846f150ab9031b86585360f30ac3/elements - {"using":"xpath","value":"//button[@data-kt=\"addNewYardOverflowToolbarButton\"]"}
RESULT: {"using":"xpath","value":"//button[@data-kt=\"addNewYardOverflowToolbarButton\"]"}
COMMAND: POST /session/a49a846f150ab9031b86585360f30ac3/elements - {"using":"xpath","value":"//button[@data-kt=\"addNewYardOverflowToolbarButton\"]"}
RESULT: {"using":"xpath","value":"//button[@data-kt=\"addNewYardOverflowToolbarButton\"]"}
COMMAND: POST /session/a49a846f150ab9031b86585360f30ac3/elements - {"using":"xpath","value":"//button[@data-kt=\"addNewYardOverflowToolbarButton\"]"}
RESULT: {"using":"xpath","value":"//button[@data-kt=\"addNewYardOverflowToolbarButton\"]"}
COMMAND: POST /session/a49a846f150ab9031b86585360f30ac3/elements - {"using":"xpath","value":"//button[@data-kt=\"addNewYardOverflowToolbarButton\"]"}
RESULT: {"using":"xpath","value":"//button[@data-kt=\"addNewYardOverflowToolbarButton\"]"}
COMMAND: POST /session/a49a846f150ab9031b86585360f30ac3/elements - {"using":"xpath","value":"//button[@data-kt=\"addNewYardOverflowToolbarButton\"]"}
RESULT: {"using":"xpath","value":"//button[@data-kt=\"addNewYardOverflowToolbarButton\"]"}
COMMAND: POST /session/a49a846f150ab9031b86585360f30ac3/elements - {"using":"xpath","value":"//button[@data-kt=\"addNewYardOverflowToolbarButton\"]"}
RESULT: {"using":"xpath","value":"//button[@data-kt=\"addNewYardOverflowToolbarButton\"]"}
COMMAND: POST /session/a49a846f150ab9031b86585360f30ac3/elements - {"using":"xpath","value":"//button[@data-kt=\"addNewYardOverflowToolbarButton\"]"}
RESULT: {"using":"xpath","value":"//button[@data-kt=\"addNewYardOverflowToolbarButton\"]"}
COMMAND: POST /session/a49a846f150ab9031b86585360f30ac3/elements - {"using":"xpath","value":"//button[@data-kt=\"addNewYardOverflowToolbarButton\"]"}
RESULT: {"using":"xpath","value":"//button[@data-kt=\"addNewYardOverflowToolbarButton\"]"}
COMMAND: POST /session/a49a846f150ab9031b86585360f30ac3/element - {"using":"xpath","value":"//button[@data-kt=\"addNewYardOverflowToolbarButton\"]"}
RESULT: {"using":"xpath","value":"//button[@data-kt=\"addNewYardOverflowToolbarButton\"]"}
COMMAND: POST /session/a49a846f150ab9031b86585360f30ac3/execute/sync - {"script":"<script> [8489 bytes]","args":[{"element-6066-11e4-a52e-4f735466cecf":"f.6CD6B7C80D08F775EB7D2FFF8B2C9AB5.d.1D7DBBD89C3FEE6F287FD5C939141359.e.6415","ELEMENT":"f.6CD6B7C80D08F775EB7D2FFF8B2C9AB5.d.1D7DBBD89C3FEE6F287FD5C939141359.e.6415"}]}
RESULT: {"script":"<script> [8489 bytes]","args":[{"element-6066-11e4-a52e-4f735466cecf":"f.6CD6B7C80D08F775EB7D2FFF8B2C9AB5.d.1D7DBBD89C3FEE6F287FD5C939141359.e.6415","ELEMENT":"f.6CD6B7C80D08F775EB7D2FFF8B2C9AB5.d.1D7DBBD89C3FEE6F287FD5C939141359.e.6415"}]}
COMMAND: GET /session/a49a846f150ab9031b86585360f30ac3/element/f.6CD6B7C80D08F775EB7D2FFF8B2C9AB5.d.1D7DBBD89C3FEE6F287FD5C939141359.e.6415/enabled - {}
COMMAND: GET /session/a49a846f150ab9031b86585360f30ac3/screenshot - {}
RESULT: {}
COMMAND: POST /session/a49a846f150ab9031b86585360f30ac3/execute/sync - {"script":"<script> [8489 bytes]","args":[{"element-6066-11e4-a52e-4f735466cecf":"f.6CD6B7C80D08F775EB7D2FFF8B2C9AB5.d.1D7DBBD89C3FEE6F287FD5C939141359.e.6415","ELEMENT":"f.6CD6B7C80D08F775EB7D2FFF8B2C9AB5.d.1D7DBBD89C3FEE6F287FD5C939141359.e.6415"}]}
COMMAND: GET /session/a49a846f150ab9031b86585360f30ac3/screenshot - {}
RESULT: {}
RESULT: {"script":"<script> [8489 bytes]","args":[{"element-6066-11e4-a52e-4f735466cecf":"f.6CD6B7C80D08F775EB7D2FFF8B2C9AB5.d.1D7DBBD89C3FEE6F287FD5C939141359.e.6415","ELEMENT":"f.6CD6B7C80D08F775EB7D2FFF8B2C9AB5.d.1D7DBBD89C3FEE6F287FD5C939141359.e.6415"}]}
COMMAND: POST /session/a49a846f150ab9031b86585360f30ac3/execute/sync - {"script":"<script> [5351 bytes]","args":[{"element-6066-11e4-a52e-4f735466cecf":"f.6CD6B7C80D08F775EB7D2FFF8B2C9AB5.d.1D7DBBD89C3FEE6F287FD5C939141359.e.6415","ELEMENT":"f.6CD6B7C80D08F775EB7D2FFF8B2C9AB5.d.1D7DBBD89C3FEE6F287FD5C939141359.e.6415"}]}
COMMAND: GET /session/a49a846f150ab9031b86585360f30ac3/screenshot - {}
RESULT: {}
RESULT: {"script":"<script> [5351 bytes]","args":[{"element-6066-11e4-a52e-4f735466cecf":"f.6CD6B7C80D08F775EB7D2FFF8B2C9AB5.d.1D7DBBD89C3FEE6F287FD5C939141359.e.6415","ELEMENT":"f.6CD6B7C80D08F775EB7D2FFF8B2C9AB5.d.1D7DBBD89C3FEE6F287FD5C939141359.e.6415"}]}
COMMAND: POST /session/a49a846f150ab9031b86585360f30ac3/element/f.6CD6B7C80D08F775EB7D2FFF8B2C9AB5.d.1D7DBBD89C3FEE6F287FD5C939141359.e.6415/click - {}
COMMAND: GET /session/a49a846f150ab9031b86585360f30ac3/screenshot - {}
RESULT: {}
RESULT: {}
COMMAND: GET /session/a49a846f150ab9031b86585360f30ac3/screenshot - {}
RESULT: {}
COMMAND: POST /session/a49a846f150ab9031b86585360f30ac3/element - {"using":"xpath","value":"//input[@id=\"application-manageyards-display-component---NewYard--yardId-inner\"]"}
RESULT: {}
RESULT: {"using":"xpath","value":"//input[@id=\"application-manageyards-display-component---NewYard--yardId-inner\"]"}
COMMAND: POST /session/a49a846f150ab9031b86585360f30ac3/element - {"using":"xpath","value":"//input[@id=\"application-manageyards-display-component---NewYard--yardId-inner\"]"}
RESULT: {"using":"xpath","value":"//input[@id=\"application-manageyards-display-component---NewYard--yardId-inner\"]"}
COMMAND: POST /session/a49a846f150ab9031b86585360f30ac3/execute/async - {"script":"<script> [1562 bytes]","args":[{"selector":{"id":"application-manageyards-display-component---NewYard--addressDetailDetailsName1","interaction":{"idSuffix":"inner"}},"wdio_ui5_key":"applicationmanageyards-display-component---NewYard--addressDetailDetailsName1"}]}
RESULT: {"script":"<script> [1562 bytes]","args":[{"selector":{"id":"application-manageyards-display-component---NewYard--addressDetailDetailsName1","interaction":{"idSuffix":"inner"}},"wdio_ui5_key":"applicationmanageyards-display-component---NewYard--addressDetailDetailsName1"}]}
RESULT: undefined
COMMAND: POST /session/a49a846f150ab9031b86585360f30ac3/execute/async - {"script":"<script> [776 bytes]","args":[{"enterText":"Intercompany Yard wdIO","selector":{"id":"application-manageyards-display-component---NewYard--addressDetailDetailsName1","interaction":{"idSuffix":"inner"}},"clearTextFirst":true,"interactionType":"ENTER_TEXT"}]}
RESULT: {"script":"<script> [776 bytes]","args":[{"enterText":"Intercompany Yard wdIO","selector":{"id":"application-manageyards-display-component---NewYard--addressDetailDetailsName1","interaction":{"idSuffix":"inner"}},"clearTextFirst":true,"interactionType":"ENTER_TEXT"}]}
COMMAND: POST /session/a49a846f150ab9031b86585360f30ac3/execute/async - {"script":"<script> [1562 bytes]","args":[{"selector":{"id":"application-manageyards-display-component---NewYard--addressDetailDetailsLanguage-arrow"},"wdio_ui5_key":"applicationmanageyards-display-component---NewYard--addressDetailDetailsLanguage-arrow"}]}
RESULT: {"script":"<script> [1562 bytes]","args":[{"selector":{"id":"application-manageyards-display-component---NewYard--addressDetailDetailsLanguage-arrow"},"wdio_ui5_key":"applicationmanageyards-display-component---NewYard--addressDetailDetailsLanguage-arrow"}]}
RESULT: undefined
COMMAND: POST /session/a49a846f150ab9031b86585360f30ac3/element - {"using":"xpath","value":"//*[@id=\"application-manageyards-display-component---NewYard--addressDetailDetailsLanguage-arrow\"]"}
RESULT: {"using":"xpath","value":"//*[@id=\"application-manageyards-display-component---NewYard--addressDetailDetailsLanguage-arrow\"]"}
COMMAND: POST /session/a49a846f150ab9031b86585360f30ac3/element/f.6CD6B7C80D08F775EB7D2FFF8B2C9AB5.d.1D7DBBD89C3FEE6F287FD5C939141359.e.6851/click - {}
RESULT: {}
COMMAND: POST /session/a49a846f150ab9031b86585360f30ac3/element - {"using":"xpath","value":"//span[contains(text(), \"English\")]"}
COMMAND: GET /session/a49a846f150ab9031b86585360f30ac3/screenshot - {}
RESULT: {"using":"xpath","value":"//span[contains(text(), \"English\")]"}
COMMAND: POST /session/a49a846f150ab9031b86585360f30ac3/element/f.6CD6B7C80D08F775EB7D2FFF8B2C9AB5.d.1D7DBBD89C3FEE6F287FD5C939141359.e.6852/click - {}
RESULT: {}
RESULT: {}
COMMAND: POST /session/a49a846f150ab9031b86585360f30ac3/execute/async - {"script":"<script> [1562 bytes]","args":[{"selector":{"id":"application-manageyards-display-component---NewYard--addressDetailDetailsCity1","interaction":{"idSuffix":"inner"}},"wdio_ui5_key":"applicationmanageyards-display-component---NewYard--addressDetailDetailsCity1"}]}
COMMAND: GET /session/a49a846f150ab9031b86585360f30ac3/screenshot - {}
RESULT: {"script":"<script> [1562 bytes]","args":[{"selector":{"id":"application-manageyards-display-component---NewYard--addressDetailDetailsCity1","interaction":{"idSuffix":"inner"}},"wdio_ui5_key":"applicationmanageyards-display-component---NewYard--addressDetailDetailsCity1"}]}
RESULT: undefined
COMMAND: POST /session/a49a846f150ab9031b86585360f30ac3/execute/async - {"script":"<script> [776 bytes]","args":[{"enterText":"Rosario","selector":{"id":"application-manageyards-display-component---NewYard--addressDetailDetailsCity1","interaction":{"idSuffix":"inner"}},"clearTextFirst":true,"interactionType":"ENTER_TEXT"}]}
RESULT: {}
RESULT: {"script":"<script> [776 bytes]","args":[{"enterText":"Rosario","selector":{"id":"application-manageyards-display-component---NewYard--addressDetailDetailsCity1","interaction":{"idSuffix":"inner"}},"clearTextFirst":true,"interactionType":"ENTER_TEXT"}]}
COMMAND: POST /session/a49a846f150ab9031b86585360f30ac3/execute/async - {"script":"<script> [1562 bytes]","args":[{"selector":{"id":"application-manageyards-display-component---NewYard--addressDetailDetailsCountry-arrow"},"wdio_ui5_key":"applicationmanageyards-display-component---NewYard--addressDetailDetailsCountry-arrow"}]}
RESULT: {"script":"<script> [1562 bytes]","args":[{"selector":{"id":"application-manageyards-display-component---NewYard--addressDetailDetailsCountry-arrow"},"wdio_ui5_key":"applicationmanageyards-display-component---NewYard--addressDetailDetailsCountry-arrow"}]}
RESULT: undefined
COMMAND: POST /session/a49a846f150ab9031b86585360f30ac3/element - {"using":"xpath","value":"//*[@id=\"application-manageyards-display-component---NewYard--addressDetailDetailsCountry-arrow\"]"}
RESULT: {"using":"xpath","value":"//*[@id=\"application-manageyards-display-component---NewYard--addressDetailDetailsCountry-arrow\"]"}
COMMAND: POST /session/a49a846f150ab9031b86585360f30ac3/element/f.6CD6B7C80D08F775EB7D2FFF8B2C9AB5.d.1D7DBBD89C3FEE6F287FD5C939141359.e.6854/click - {}
RESULT: {}
COMMAND: POST /session/a49a846f150ab9031b86585360f30ac3/element - {"using":"xpath","value":"//span[contains(text(), \"Argentina\")]"}
COMMAND: GET /session/a49a846f150ab9031b86585360f30ac3/screenshot - {}
RESULT: {"using":"xpath","value":"//span[contains(text(), \"Argentina\")]"}
COMMAND: POST /session/a49a846f150ab9031b86585360f30ac3/element/f.6CD6B7C80D08F775EB7D2FFF8B2C9AB5.d.1D7DBBD89C3FEE6F287FD5C939141359.e.6855/click - {}
RESULT: {}
RESULT: {}
COMMAND: POST /session/a49a846f150ab9031b86585360f30ac3/execute/async - {"script":"<script> [1562 bytes]","args":[{"selector":{"id":"application-manageyards-display-component---NewYard--addressEditDetailsCostObjectCstType-arrow"},"wdio_ui5_key":"applicationmanageyards-display-component---NewYard--addressEditDetailsCostObjectCstType-arrow"}]}
COMMAND: GET /session/a49a846f150ab9031b86585360f30ac3/screenshot - {}
RESULT: {"script":"<script> [1562 bytes]","args":[{"selector":{"id":"application-manageyards-display-component---NewYard--addressEditDetailsCostObjectCstType-arrow"},"wdio_ui5_key":"applicationmanageyards-display-component---NewYard--addressEditDetailsCostObjectCstType-arrow"}]}
RESULT: undefined
COMMAND: POST /session/a49a846f150ab9031b86585360f30ac3/element - {"using":"xpath","value":"//*[@id=\"application-manageyards-display-component---NewYard--addressEditDetailsCostObjectCstType-arrow\"]"}
RESULT: {}
RESULT: {"using":"xpath","value":"//*[@id=\"application-manageyards-display-component---NewYard--addressEditDetailsCostObjectCstType-arrow\"]"}
COMMAND: POST /session/a49a846f150ab9031b86585360f30ac3/element/f.6CD6B7C80D08F775EB7D2FFF8B2C9AB5.d.1D7DBBD89C3FEE6F287FD5C939141359.e.6857/click - {}
RESULT: {}
COMMAND: POST /session/a49a846f150ab9031b86585360f30ac3/element - {"using":"xpath","value":"//span[contains(text(), \"Cost Center\")]"}
COMMAND: GET /session/a49a846f150ab9031b86585360f30ac3/screenshot - {}
RESULT: {"using":"xpath","value":"//span[contains(text(), \"Cost Center\")]"}
COMMAND: POST /session/a49a846f150ab9031b86585360f30ac3/element/f.6CD6B7C80D08F775EB7D2FFF8B2C9AB5.d.1D7DBBD89C3FEE6F287FD5C939141359.e.6858/click - {}
RESULT: {}
RESULT: {}
COMMAND: GET /session/a49a846f150ab9031b86585360f30ac3/screenshot - {}
RESULT: {}
COMMAND: POST /session/a49a846f150ab9031b86585360f30ac3/element - {"using":"xpath","value":"//span[@id=\"application-manageyards-display-component---NewYard--addressNewCostObjectCstID-vhi\"]"}
RESULT: {"using":"xpath","value":"//span[@id=\"application-manageyards-display-component---NewYard--addressNewCostObjectCstID-vhi\"]"}
COMMAND: POST /session/a49a846f150ab9031b86585360f30ac3/execute/sync - {"script":"<script> [8489 bytes]","args":[{"element-6066-11e4-a52e-4f735466cecf":"f.6CD6B7C80D08F775EB7D2FFF8B2C9AB5.d.1D7DBBD89C3FEE6F287FD5C939141359.e.6862","ELEMENT":"f.6CD6B7C80D08F775EB7D2FFF8B2C9AB5.d.1D7DBBD89C3FEE6F287FD5C939141359.e.6862"}]}
RESULT: {"script":"<script> [8489 bytes]","args":[{"element-6066-11e4-a52e-4f735466cecf":"f.6CD6B7C80D08F775EB7D2FFF8B2C9AB5.d.1D7DBBD89C3FEE6F287FD5C939141359.e.6862","ELEMENT":"f.6CD6B7C80D08F775EB7D2FFF8B2C9AB5.d.1D7DBBD89C3FEE6F287FD5C939141359.e.6862"}]}
COMMAND: POST /session/a49a846f150ab9031b86585360f30ac3/execute/async - {"script":"<script> [1562 bytes]","args":[{"selector":{"id":"application-manageyards-display-component---NewYard--addressNewCostObjectCstID-vhi"},"wdio_ui5_key":"applicationmanageyards-display-component---NewYard--addressNewCostObjectCstID-vhi"}]}
COMMAND: GET /session/a49a846f150ab9031b86585360f30ac3/screenshot - {}
RESULT: {"script":"<script> [1562 bytes]","args":[{"selector":{"id":"application-manageyards-display-component---NewYard--addressNewCostObjectCstID-vhi"},"wdio_ui5_key":"applicationmanageyards-display-component---NewYard--addressNewCostObjectCstID-vhi"}]}
RESULT: undefined
COMMAND: POST /session/a49a846f150ab9031b86585360f30ac3/element - {"using":"xpath","value":"//*[@id=\"application-manageyards-display-component---NewYard--addressNewCostObjectCstID-vhi\"]"}
RESULT: {}
RESULT: {"using":"xpath","value":"//*[@id=\"application-manageyards-display-component---NewYard--addressNewCostObjectCstID-vhi\"]"}
COMMAND: POST /session/a49a846f150ab9031b86585360f30ac3/element/f.6CD6B7C80D08F775EB7D2FFF8B2C9AB5.d.1D7DBBD89C3FEE6F287FD5C939141359.e.6862/click - {}
RESULT: {}
COMMAND: GET /session/a49a846f150ab9031b86585360f30ac3/screenshot - {}
RESULT: {}
COMMAND: POST /session/a49a846f150ab9031b86585360f30ac3/execute/async - {"script":"<script> [1562 bytes]","args":[{"selector":{"controlType":"sap.m.SearchField","properties":{"placeholder":"Search"},"searchOpenDialogs":true,"interaction":{"idSuffix":"I"}},"wdio_ui5_key":"sapm.SearchField{\"placeholder\":\"Search\"}"}]}
RESULT: {"script":"<script> [1562 bytes]","args":[{"selector":{"controlType":"sap.m.SearchField","properties":{"placeholder":"Search"},"searchOpenDialogs":true,"interaction":{"idSuffix":"I"}},"wdio_ui5_key":"sapm.SearchField{\"placeholder\":\"Search\"}"}]}
RESULT: undefined
COMMAND: POST /session/a49a846f150ab9031b86585360f30ac3/execute/async - {"script":"<script> [776 bytes]","args":[{"enterText":"10001013","selector":{"controlType":"sap.m.SearchField","properties":{"placeholder":"Search"},"searchOpenDialogs":true,"interaction":{"idSuffix":"I"}},"clearTextFirst":true,"interactionType":"ENTER_TEXT"}]}
RESULT: {"script":"<script> [776 bytes]","args":[{"enterText":"10001013","selector":{"controlType":"sap.m.SearchField","properties":{"placeholder":"Search"},"searchOpenDialogs":true,"interaction":{"idSuffix":"I"}},"clearTextFirst":true,"interactionType":"ENTER_TEXT"}]}
COMMAND: POST /session/a49a846f150ab9031b86585360f30ac3/actions - {"actions":[{"id":"action20","type":"key","parameters":{},"actions":[{"type":"keyDown","value":"î€‡"},{"type":"pause","duration":10},{"type":"keyUp","value":"î€‡"}]}]}
RESULT: {"actions":[{"id":"action20","type":"key","parameters":{},"actions":[{"type":"keyDown","value":"î€‡"},{"type":"pause","duration":10},{"type":"keyUp","value":"î€‡"}]}]}
COMMAND: GET /session/a49a846f150ab9031b86585360f30ac3/screenshot - {}
RESULT: {}
COMMAND: POST /session/a49a846f150ab9031b86585360f30ac3/element - {"using":"xpath","value":"//span[contains(text(), \"General Management\")]"}
RESULT: {"using":"xpath","value":"//span[contains(text(), \"General Management\")]"}
COMMAND: POST /session/a49a846f150ab9031b86585360f30ac3/element/f.6CD6B7C80D08F775EB7D2FFF8B2C9AB5.d.1D7DBBD89C3FEE6F287FD5C939141359.e.6902/click - {}
RESULT: {}
COMMAND: GET /session/a49a846f150ab9031b86585360f30ac3/screenshot - {}
RESULT: {}
COMMAND: POST /session/a49a846f150ab9031b86585360f30ac3/element - {"using":"xpath","value":"//bdi[contains(text(), \"OK\")]"}
RESULT: {"using":"xpath","value":"//bdi[contains(text(), \"OK\")]"}
COMMAND: POST /session/a49a846f150ab9031b86585360f30ac3/element/f.6CD6B7C80D08F775EB7D2FFF8B2C9AB5.d.1D7DBBD89C3FEE6F287FD5C939141359.e.6903/click - {}
RESULT: {}
COMMAND: GET /session/a49a846f150ab9031b86585360f30ac3/screenshot - {}
RESULT: {}
COMMAND: POST /session/a49a846f150ab9031b86585360f30ac3/execute/async - {"script":"<script> [1562 bytes]","args":[{"selector":{"id":"application-manageyards-display-component---NewYard--addressEditDetailsCurrency-arrow"},"wdio_ui5_key":"applicationmanageyards-display-component---NewYard--addressEditDetailsCurrency-arrow"}]}
RESULT: {"script":"<script> [1562 bytes]","args":[{"selector":{"id":"application-manageyards-display-component---NewYard--addressEditDetailsCurrency-arrow"},"wdio_ui5_key":"applicationmanageyards-display-component---NewYard--addressEditDetailsCurrency-arrow"}]}
RESULT: undefined
COMMAND: POST /session/a49a846f150ab9031b86585360f30ac3/element - {"using":"xpath","value":"//*[@id=\"application-manageyards-display-component---NewYard--addressEditDetailsCurrency-arrow\"]"}
RESULT: {"using":"xpath","value":"//*[@id=\"application-manageyards-display-component---NewYard--addressEditDetailsCurrency-arrow\"]"}
COMMAND: POST /session/a49a846f150ab9031b86585360f30ac3/element/f.6CD6B7C80D08F775EB7D2FFF8B2C9AB5.d.1D7DBBD89C3FEE6F287FD5C939141359.e.6906/click - {}
RESULT: {}
COMMAND: POST /session/a49a846f150ab9031b86585360f30ac3/element - {"using":"xpath","value":"//span[contains(text(), \"Euro\")]"}
COMMAND: GET /session/a49a846f150ab9031b86585360f30ac3/screenshot - {}
RESULT: {"using":"xpath","value":"//span[contains(text(), \"Euro\")]"}
COMMAND: POST /session/a49a846f150ab9031b86585360f30ac3/element/f.6CD6B7C80D08F775EB7D2FFF8B2C9AB5.d.1D7DBBD89C3FEE6F287FD5C939141359.e.6907/click - {}
RESULT: {}
RESULT: {}
COMMAND: POST /session/a49a846f150ab9031b86585360f30ac3/execute/async - {"script":"<script> [1562 bytes]","args":[{"selector":{"controlType":"sap.m.Input","viewName":"etm.portal.ui.manageyards.view.New","viewId":"application-manageyards-display-component---NewYard","bindingPath":{"path":"","propertyPath":"/CONTROLLING_AREA","modelName":"NewYardModel"},"interaction":{"idSuffix":"inner"}},"wdio_ui5_key":"etmportal.ui.manageyards.view.Newsap.m.Input{\"path\":\"\",\"propertyPath\":\"/CONTROLLING_AREA\",\"modelName\":\"NewYardModel\"}"}]}
COMMAND: GET /session/a49a846f150ab9031b86585360f30ac3/screenshot - {}
RESULT: {"script":"<script> [1562 bytes]","args":[{"selector":{"controlType":"sap.m.Input","viewName":"etm.portal.ui.manageyards.view.New","viewId":"application-manageyards-display-component---NewYard","bindingPath":{"path":"","propertyPath":"/CONTROLLING_AREA","modelName":"NewYardModel"},"interaction":{"idSuffix":"inner"}},"wdio_ui5_key":"etmportal.ui.manageyards.view.Newsap.m.Input{\"path\":\"\",\"propertyPath\":\"/CONTROLLING_AREA\",\"modelName\":\"NewYardModel\"}"}]}
RESULT: undefined
COMMAND: POST /session/a49a846f150ab9031b86585360f30ac3/execute/async - {"script":"<script> [776 bytes]","args":[{"enterText":"Z001","selector":{"controlType":"sap.m.Input","viewName":"etm.portal.ui.manageyards.view.New","viewId":"application-manageyards-display-component---NewYard","bindingPath":{"path":"","propertyPath":"/CONTROLLING_AREA","modelName":"NewYardModel"},"interaction":{"idSuffix":"inner"}},"clearTextFirst":true,"interactionType":"ENTER_TEXT"}]}
RESULT: {}
RESULT: {"script":"<script> [776 bytes]","args":[{"enterText":"Z001","selector":{"controlType":"sap.m.Input","viewName":"etm.portal.ui.manageyards.view.New","viewId":"application-manageyards-display-component---NewYard","bindingPath":{"path":"","propertyPath":"/CONTROLLING_AREA","modelName":"NewYardModel"},"interaction":{"idSuffix":"inner"}},"clearTextFirst":true,"interactionType":"ENTER_TEXT"}]}
COMMAND: POST /session/a49a846f150ab9031b86585360f30ac3/execute/async - {"script":"<script> [1562 bytes]","args":[{"selector":{"id":"application-manageyards-display-component---NewYard--companyCodeComboBox","interaction":{"idSuffix":"inner"}},"wdio_ui5_key":"applicationmanageyards-display-component---NewYard--companyCodeComboBox"}]}
RESULT: {"script":"<script> [1562 bytes]","args":[{"selector":{"id":"application-manageyards-display-component---NewYard--companyCodeComboBox","interaction":{"idSuffix":"inner"}},"wdio_ui5_key":"applicationmanageyards-display-component---NewYard--companyCodeComboBox"}]}
RESULT: undefined
COMMAND: POST /session/a49a846f150ab9031b86585360f30ac3/execute/async - {"script":"<script> [776 bytes]","args":[{"enterText":"1000","selector":{"id":"application-manageyards-display-component---NewYard--companyCodeComboBox","interaction":{"idSuffix":"inner"}},"clearTextFirst":true,"interactionType":"ENTER_TEXT"}]}
RESULT: {"script":"<script> [776 bytes]","args":[{"enterText":"1000","selector":{"id":"application-manageyards-display-component---NewYard--companyCodeComboBox","interaction":{"idSuffix":"inner"}},"clearTextFirst":true,"interactionType":"ENTER_TEXT"}]}
COMMAND: POST /session/a49a846f150ab9031b86585360f30ac3/execute/async - {"script":"<script> [1562 bytes]","args":[{"selector":{"controlType":"sap.m.Input","viewName":"etm.portal.ui.manageyards.view.New","viewId":"application-manageyards-display-component---NewYard","bindingPath":{"path":"","propertyPath":"/PLANT","modelName":"NewYardModel"},"interaction":{"idSuffix":"inner"}},"wdio_ui5_key":"etmportal.ui.manageyards.view.Newsap.m.Input{\"path\":\"\",\"propertyPath\":\"/PLANT\",\"modelName\":\"NewYardModel\"}"}]}
RESULT: {"script":"<script> [1562 bytes]","args":[{"selector":{"controlType":"sap.m.Input","viewName":"etm.portal.ui.manageyards.view.New","viewId":"application-manageyards-display-component---NewYard","bindingPath":{"path":"","propertyPath":"/PLANT","modelName":"NewYardModel"},"interaction":{"idSuffix":"inner"}},"wdio_ui5_key":"etmportal.ui.manageyards.view.Newsap.m.Input{\"path\":\"\",\"propertyPath\":\"/PLANT\",\"modelName\":\"NewYardModel\"}"}]}
RESULT: undefined
COMMAND: POST /session/a49a846f150ab9031b86585360f30ac3/execute/async - {"script":"<script> [776 bytes]","args":[{"enterText":"1001","selector":{"controlType":"sap.m.Input","viewName":"etm.portal.ui.manageyards.view.New","viewId":"application-manageyards-display-component---NewYard","bindingPath":{"path":"","propertyPath":"/PLANT","modelName":"NewYardModel"},"interaction":{"idSuffix":"inner"}},"clearTextFirst":true,"interactionType":"ENTER_TEXT"}]}
RESULT: {"script":"<script> [776 bytes]","args":[{"enterText":"1001","selector":{"controlType":"sap.m.Input","viewName":"etm.portal.ui.manageyards.view.New","viewId":"application-manageyards-display-component---NewYard","bindingPath":{"path":"","propertyPath":"/PLANT","modelName":"NewYardModel"},"interaction":{"idSuffix":"inner"}},"clearTextFirst":true,"interactionType":"ENTER_TEXT"}]}
COMMAND: POST /session/a49a846f150ab9031b86585360f30ac3/execute/async - {"script":"<script> [1562 bytes]","args":[{"selector":{"controlType":"sap.m.Input","viewName":"etm.portal.ui.manageyards.view.New","viewId":"application-manageyards-display-component---NewYard","bindingPath":{"path":"","propertyPath":"/SALES_AREA_VKORG","modelName":"NewYardModel"},"interaction":{"idSuffix":"inner"}},"wdio_ui5_key":"etmportal.ui.manageyards.view.Newsap.m.Input{\"path\":\"\",\"propertyPath\":\"/SALES_AREA_VKORG\",\"modelName\":\"NewYardModel\"}"}]}
RESULT: {"script":"<script> [1562 bytes]","args":[{"selector":{"controlType":"sap.m.Input","viewName":"etm.portal.ui.manageyards.view.New","viewId":"application-manageyards-display-component---NewYard","bindingPath":{"path":"","propertyPath":"/SALES_AREA_VKORG","modelName":"NewYardModel"},"interaction":{"idSuffix":"inner"}},"wdio_ui5_key":"etmportal.ui.manageyards.view.Newsap.m.Input{\"path\":\"\",\"propertyPath\":\"/SALES_AREA_VKORG\",\"modelName\":\"NewYardModel\"}"}]}
RESULT: undefined
COMMAND: POST /session/a49a846f150ab9031b86585360f30ac3/execute/async - {"script":"<script> [776 bytes]","args":[{"enterText":"C002","selector":{"controlType":"sap.m.Input","viewName":"etm.portal.ui.manageyards.view.New","viewId":"application-manageyards-display-component---NewYard","bindingPath":{"path":"","propertyPath":"/SALES_AREA_VKORG","modelName":"NewYardModel"},"interaction":{"idSuffix":"inner"}},"clearTextFirst":true,"interactionType":"ENTER_TEXT"}]}
RESULT: {"script":"<script> [776 bytes]","args":[{"enterText":"C002","selector":{"controlType":"sap.m.Input","viewName":"etm.portal.ui.manageyards.view.New","viewId":"application-manageyards-display-component---NewYard","bindingPath":{"path":"","propertyPath":"/SALES_AREA_VKORG","modelName":"NewYardModel"},"interaction":{"idSuffix":"inner"}},"clearTextFirst":true,"interactionType":"ENTER_TEXT"}]}
COMMAND: POST /session/a49a846f150ab9031b86585360f30ac3/execute/async - {"script":"<script> [1562 bytes]","args":[{"selector":{"controlType":"sap.m.Input","viewName":"etm.portal.ui.manageyards.view.New","viewId":"application-manageyards-display-component---NewYard","bindingPath":{"path":"","propertyPath":"/SALES_AREA_VTWEG","modelName":"NewYardModel"},"interaction":{"idSuffix":"inner"}},"wdio_ui5_key":"etmportal.ui.manageyards.view.Newsap.m.Input{\"path\":\"\",\"propertyPath\":\"/SALES_AREA_VTWEG\",\"modelName\":\"NewYardModel\"}"}]}
RESULT: {"script":"<script> [1562 bytes]","args":[{"selector":{"controlType":"sap.m.Input","viewName":"etm.portal.ui.manageyards.view.New","viewId":"application-manageyards-display-component---NewYard","bindingPath":{"path":"","propertyPath":"/SALES_AREA_VTWEG","modelName":"NewYardModel"},"interaction":{"idSuffix":"inner"}},"wdio_ui5_key":"etmportal.ui.manageyards.view.Newsap.m.Input{\"path\":\"\",\"propertyPath\":\"/SALES_AREA_VTWEG\",\"modelName\":\"NewYardModel\"}"}]}
RESULT: undefined
COMMAND: POST /session/a49a846f150ab9031b86585360f30ac3/execute/async - {"script":"<script> [776 bytes]","args":[{"enterText":"C2","selector":{"controlType":"sap.m.Input","viewName":"etm.portal.ui.manageyards.view.New","viewId":"application-manageyards-display-component---NewYard","bindingPath":{"path":"","propertyPath":"/SALES_AREA_VTWEG","modelName":"NewYardModel"},"interaction":{"idSuffix":"inner"}},"clearTextFirst":true,"interactionType":"ENTER_TEXT"}]}
RESULT: {"script":"<script> [776 bytes]","args":[{"enterText":"C2","selector":{"controlType":"sap.m.Input","viewName":"etm.portal.ui.manageyards.view.New","viewId":"application-manageyards-display-component---NewYard","bindingPath":{"path":"","propertyPath":"/SALES_AREA_VTWEG","modelName":"NewYardModel"},"interaction":{"idSuffix":"inner"}},"clearTextFirst":true,"interactionType":"ENTER_TEXT"}]}
COMMAND: POST /session/a49a846f150ab9031b86585360f30ac3/execute/async - {"script":"<script> [1562 bytes]","args":[{"selector":{"controlType":"sap.m.Input","viewName":"etm.portal.ui.manageyards.view.New","viewId":"application-manageyards-display-component---NewYard","bindingPath":{"path":"","propertyPath":"/SALES_AREA_SPART","modelName":"NewYardModel"},"interaction":{"idSuffix":"inner"}},"wdio_ui5_key":"etmportal.ui.manageyards.view.Newsap.m.Input{\"path\":\"\",\"propertyPath\":\"/SALES_AREA_SPART\",\"modelName\":\"NewYardModel\"}"}]}
RESULT: {"script":"<script> [1562 bytes]","args":[{"selector":{"controlType":"sap.m.Input","viewName":"etm.portal.ui.manageyards.view.New","viewId":"application-manageyards-display-component---NewYard","bindingPath":{"path":"","propertyPath":"/SALES_AREA_SPART","modelName":"NewYardModel"},"interaction":{"idSuffix":"inner"}},"wdio_ui5_key":"etmportal.ui.manageyards.view.Newsap.m.Input{\"path\":\"\",\"propertyPath\":\"/SALES_AREA_SPART\",\"modelName\":\"NewYardModel\"}"}]}
RESULT: undefined
COMMAND: POST /session/a49a846f150ab9031b86585360f30ac3/execute/async - {"script":"<script> [776 bytes]","args":[{"enterText":"C2","selector":{"controlType":"sap.m.Input","viewName":"etm.portal.ui.manageyards.view.New","viewId":"application-manageyards-display-component---NewYard","bindingPath":{"path":"","propertyPath":"/SALES_AREA_SPART","modelName":"NewYardModel"},"interaction":{"idSuffix":"inner"}},"clearTextFirst":true,"interactionType":"ENTER_TEXT"}]}
RESULT: {"script":"<script> [776 bytes]","args":[{"enterText":"C2","selector":{"controlType":"sap.m.Input","viewName":"etm.portal.ui.manageyards.view.New","viewId":"application-manageyards-display-component---NewYard","bindingPath":{"path":"","propertyPath":"/SALES_AREA_SPART","modelName":"NewYardModel"},"interaction":{"idSuffix":"inner"}},"clearTextFirst":true,"interactionType":"ENTER_TEXT"}]}
COMMAND: POST /session/a49a846f150ab9031b86585360f30ac3/execute/async - {"script":"<script> [1562 bytes]","args":[{"selector":{"controlType":"sap.m.Input","viewName":"etm.portal.ui.manageyards.view.New","viewId":"application-manageyards-display-component---NewYard","bindingPath":{"path":"","propertyPath":"/SHIP_POINT","modelName":"NewYardModel"},"interaction":{"idSuffix":"inner"}},"wdio_ui5_key":"etmportal.ui.manageyards.view.Newsap.m.Input{\"path\":\"\",\"propertyPath\":\"/SHIP_POINT\",\"modelName\":\"NewYardModel\"}"}]}
RESULT: {"script":"<script> [1562 bytes]","args":[{"selector":{"controlType":"sap.m.Input","viewName":"etm.portal.ui.manageyards.view.New","viewId":"application-manageyards-display-component---NewYard","bindingPath":{"path":"","propertyPath":"/SHIP_POINT","modelName":"NewYardModel"},"interaction":{"idSuffix":"inner"}},"wdio_ui5_key":"etmportal.ui.manageyards.view.Newsap.m.Input{\"path\":\"\",\"propertyPath\":\"/SHIP_POINT\",\"modelName\":\"NewYardModel\"}"}]}
RESULT: undefined
COMMAND: POST /session/a49a846f150ab9031b86585360f30ac3/execute/async - {"script":"<script> [776 bytes]","args":[{"enterText":"1710","selector":{"controlType":"sap.m.Input","viewName":"etm.portal.ui.manageyards.view.New","viewId":"application-manageyards-display-component---NewYard","bindingPath":{"path":"","propertyPath":"/SHIP_POINT","modelName":"NewYardModel"},"interaction":{"idSuffix":"inner"}},"clearTextFirst":true,"interactionType":"ENTER_TEXT"}]}
RESULT: {"script":"<script> [776 bytes]","args":[{"enterText":"1710","selector":{"controlType":"sap.m.Input","viewName":"etm.portal.ui.manageyards.view.New","viewId":"application-manageyards-display-component---NewYard","bindingPath":{"path":"","propertyPath":"/SHIP_POINT","modelName":"NewYardModel"},"interaction":{"idSuffix":"inner"}},"clearTextFirst":true,"interactionType":"ENTER_TEXT"}]}
COMMAND: POST /session/a49a846f150ab9031b86585360f30ac3/execute/async - {"script":"<script> [1562 bytes]","args":[{"selector":{"controlType":"sap.m.Input","viewName":"etm.portal.ui.manageyards.view.New","viewId":"application-manageyards-display-component---NewYard","bindingPath":{"path":"","propertyPath":"/DELIVERY_TYPE","modelName":"NewYardModel"},"interaction":{"idSuffix":"inner"}},"wdio_ui5_key":"etmportal.ui.manageyards.view.Newsap.m.Input{\"path\":\"\",\"propertyPath\":\"/DELIVERY_TYPE\",\"modelName\":\"NewYardModel\"}"}]}
RESULT: {"script":"<script> [1562 bytes]","args":[{"selector":{"controlType":"sap.m.Input","viewName":"etm.portal.ui.manageyards.view.New","viewId":"application-manageyards-display-component---NewYard","bindingPath":{"path":"","propertyPath":"/DELIVERY_TYPE","modelName":"NewYardModel"},"interaction":{"idSuffix":"inner"}},"wdio_ui5_key":"etmportal.ui.manageyards.view.Newsap.m.Input{\"path\":\"\",\"propertyPath\":\"/DELIVERY_TYPE\",\"modelName\":\"NewYardModel\"}"}]}
RESULT: undefined
COMMAND: POST /session/a49a846f150ab9031b86585360f30ac3/execute/async - {"script":"<script> [776 bytes]","args":[{"enterText":"ZL01","selector":{"controlType":"sap.m.Input","viewName":"etm.portal.ui.manageyards.view.New","viewId":"application-manageyards-display-component---NewYard","bindingPath":{"path":"","propertyPath":"/DELIVERY_TYPE","modelName":"NewYardModel"},"interaction":{"idSuffix":"inner"}},"clearTextFirst":true,"interactionType":"ENTER_TEXT"}]}
RESULT: {"script":"<script> [776 bytes]","args":[{"enterText":"ZL01","selector":{"controlType":"sap.m.Input","viewName":"etm.portal.ui.manageyards.view.New","viewId":"application-manageyards-display-component---NewYard","bindingPath":{"path":"","propertyPath":"/DELIVERY_TYPE","modelName":"NewYardModel"},"interaction":{"idSuffix":"inner"}},"clearTextFirst":true,"interactionType":"ENTER_TEXT"}]}
COMMAND: POST /session/a49a846f150ab9031b86585360f30ac3/execute/async - {"script":"<script> [1562 bytes]","args":[{"selector":{"controlType":"sap.m.Input","viewName":"etm.portal.ui.manageyards.view.New","viewId":"application-manageyards-display-component---NewYard","bindingPath":{"path":"","propertyPath":"/AUART","modelName":"NewYardModel"},"interaction":{"idSuffix":"inner"}},"wdio_ui5_key":"etmportal.ui.manageyards.view.Newsap.m.Input{\"path\":\"\",\"propertyPath\":\"/AUART\",\"modelName\":\"NewYardModel\"}"}]}
RESULT: {"script":"<script> [1562 bytes]","args":[{"selector":{"controlType":"sap.m.Input","viewName":"etm.portal.ui.manageyards.view.New","viewId":"application-manageyards-display-component---NewYard","bindingPath":{"path":"","propertyPath":"/AUART","modelName":"NewYardModel"},"interaction":{"idSuffix":"inner"}},"wdio_ui5_key":"etmportal.ui.manageyards.view.Newsap.m.Input{\"path\":\"\",\"propertyPath\":\"/AUART\",\"modelName\":\"NewYardModel\"}"}]}
RESULT: undefined
COMMAND: POST /session/a49a846f150ab9031b86585360f30ac3/execute/async - {"script":"<script> [776 bytes]","args":[{"enterText":"TA","selector":{"controlType":"sap.m.Input","viewName":"etm.portal.ui.manageyards.view.New","viewId":"application-manageyards-display-component---NewYard","bindingPath":{"path":"","propertyPath":"/AUART","modelName":"NewYardModel"},"interaction":{"idSuffix":"inner"}},"clearTextFirst":true,"interactionType":"ENTER_TEXT"}]}
RESULT: {"script":"<script> [776 bytes]","args":[{"enterText":"TA","selector":{"controlType":"sap.m.Input","viewName":"etm.portal.ui.manageyards.view.New","viewId":"application-manageyards-display-component---NewYard","bindingPath":{"path":"","propertyPath":"/AUART","modelName":"NewYardModel"},"interaction":{"idSuffix":"inner"}},"clearTextFirst":true,"interactionType":"ENTER_TEXT"}]}
COMMAND: POST /session/a49a846f150ab9031b86585360f30ac3/element - {"using":"xpath","value":"//button[@data-kt=\"newYardSaveButton\"]"}
RESULT: {"using":"xpath","value":"//button[@data-kt=\"newYardSaveButton\"]"}
COMMAND: POST /session/a49a846f150ab9031b86585360f30ac3/element/f.6CD6B7C80D08F775EB7D2FFF8B2C9AB5.d.1D7DBBD89C3FEE6F287FD5C939141359.e.6830/click - {}
RESULT: {}
COMMAND: GET /session/a49a846f150ab9031b86585360f30ac3/screenshot - {}
RESULT: {}
COMMAND: POST /session/a49a846f150ab9031b86585360f30ac3/element - {"using":"xpath","value":"//header[contains(@id, 'ObjectPageLayout-headerTitle')]/div[1]/div[2]/div[1]/span[1]"}
RESULT: {"using":"xpath","value":"//header[contains(@id, 'ObjectPageLayout-headerTitle')]/div[1]/div[2]/div[1]/span[1]"}
COMMAND: POST /session/a49a846f150ab9031b86585360f30ac3/elements - {"using":"xpath","value":"//header[contains(@id, 'ObjectPageLayout-headerTitle')]/div[1]/div[2]/div[1]/span[1]"}
RESULT: {"using":"xpath","value":"//header[contains(@id, 'ObjectPageLayout-headerTitle')]/div[1]/div[2]/div[1]/span[1]"}
COMMAND: POST /session/a49a846f150ab9031b86585360f30ac3/execute/sync - {"script":"<script> [56 bytes]","args":[{"element-6066-11e4-a52e-4f735466cecf":"f.6CD6B7C80D08F775EB7D2FFF8B2C9AB5.d.1D7DBBD89C3FEE6F287FD5C939141359.e.7131","ELEMENT":"f.6CD6B7C80D08F775EB7D2FFF8B2C9AB5.d.1D7DBBD89C3FEE6F287FD5C939141359.e.7131"}]}
RESULT: {"script":"<script> [56 bytes]","args":[{"element-6066-11e4-a52e-4f735466cecf":"f.6CD6B7C80D08F775EB7D2FFF8B2C9AB5.d.1D7DBBD89C3FEE6F287FD5C939141359.e.7131","ELEMENT":"f.6CD6B7C80D08F775EB7D2FFF8B2C9AB5.d.1D7DBBD89C3FEE6F287FD5C939141359.e.7131"}]}
COMMAND: GET /session/a49a846f150ab9031b86585360f30ac3/screenshot - {}
RESULT: {}
COMMAND: POST /session/a49a846f150ab9031b86585360f30ac3/element - {"using":"css selector","value":"#shell-header-logo"}
RESULT: {"using":"css selector","value":"#shell-header-logo"}
COMMAND: POST /session/a49a846f150ab9031b86585360f30ac3/element/f.6CD6B7C80D08F775EB7D2FFF8B2C9AB5.d.1D7DBBD89C3FEE6F287FD5C939141359.e.6385/click - {}
RESULT: {}
COMMAND: GET /session/a49a846f150ab9031b86585360f30ac3/screenshot - {}
RESULT: {}
COMMAND: POST /session/a49a846f150ab9031b86585360f30ac3/execute/sync - {"script":"<script> [299 bytes]","args":[["getModel","getResource"]]}
RESULT: {"script":"<script> [299 bytes]","args":[["getModel","getResource"]]}
]]></system-out>
    </testcase>
    <testcase classname="chrome.135_0_7049_96.windows.Create_master_data_for_mixed_billing_&amp;_do_billing_calculation_US151661" name="Should create a new partner" time="116.881">
      <system-out><![CDATA[
COMMAND: GET /session/a49a846f150ab9031b86585360f30ac3/screenshot - {}
COMMAND: POST /session/a49a846f150ab9031b86585360f30ac3/window/fullscreen - {}
RESULT: {}
RESULT: {}
COMMAND: POST /session/a49a846f150ab9031b86585360f30ac3/execute/async - {"script":"<script> [1562 bytes]","args":[{"selector":{"controlType":"sap.m.GenericTile","properties":{"header":"Manage Partners"}},"wdio_ui5_key":"sapm.GenericTile{\"header\":\"Manage Partners\"}"}]}
RESULT: {"script":"<script> [1562 bytes]","args":[{"selector":{"controlType":"sap.m.GenericTile","properties":{"header":"Manage Partners"}},"wdio_ui5_key":"sapm.GenericTile{\"header\":\"Manage Partners\"}"}]}
RESULT: undefined
COMMAND: POST /session/a49a846f150ab9031b86585360f30ac3/element - {"using":"xpath","value":"//*[@id=\"__tile38\"]"}
RESULT: {"using":"xpath","value":"//*[@id=\"__tile38\"]"}
COMMAND: POST /session/a49a846f150ab9031b86585360f30ac3/element/f.6CD6B7C80D08F775EB7D2FFF8B2C9AB5.d.1D7DBBD89C3FEE6F287FD5C939141359.e.6270/click - {}
RESULT: {}
COMMAND: POST /session/a49a846f150ab9031b86585360f30ac3/element - {"using":"xpath","value":"//button[@data-kt=\"addButton\"]"}
COMMAND: GET /session/a49a846f150ab9031b86585360f30ac3/screenshot - {}
RESULT: {"using":"xpath","value":"//button[@data-kt=\"addButton\"]"}
COMMAND: POST /session/a49a846f150ab9031b86585360f30ac3/elements - {"using":"xpath","value":"//button[@data-kt=\"addButton\"]"}
RESULT: {}
RESULT: {"using":"xpath","value":"//button[@data-kt=\"addButton\"]"}
COMMAND: POST /session/a49a846f150ab9031b86585360f30ac3/elements - {"using":"xpath","value":"//button[@data-kt=\"addButton\"]"}
RESULT: {"using":"xpath","value":"//button[@data-kt=\"addButton\"]"}
COMMAND: POST /session/a49a846f150ab9031b86585360f30ac3/elements - {"using":"xpath","value":"//button[@data-kt=\"addButton\"]"}
RESULT: {"using":"xpath","value":"//button[@data-kt=\"addButton\"]"}
COMMAND: POST /session/a49a846f150ab9031b86585360f30ac3/elements - {"using":"xpath","value":"//button[@data-kt=\"addButton\"]"}
RESULT: {"using":"xpath","value":"//button[@data-kt=\"addButton\"]"}
COMMAND: POST /session/a49a846f150ab9031b86585360f30ac3/elements - {"using":"xpath","value":"//button[@data-kt=\"addButton\"]"}
RESULT: {"using":"xpath","value":"//button[@data-kt=\"addButton\"]"}
COMMAND: POST /session/a49a846f150ab9031b86585360f30ac3/elements - {"using":"xpath","value":"//button[@data-kt=\"addButton\"]"}
RESULT: {"using":"xpath","value":"//button[@data-kt=\"addButton\"]"}
COMMAND: POST /session/a49a846f150ab9031b86585360f30ac3/elements - {"using":"xpath","value":"//button[@data-kt=\"addButton\"]"}
RESULT: {"using":"xpath","value":"//button[@data-kt=\"addButton\"]"}
COMMAND: POST /session/a49a846f150ab9031b86585360f30ac3/elements - {"using":"xpath","value":"//button[@data-kt=\"addButton\"]"}
RESULT: {"using":"xpath","value":"//button[@data-kt=\"addButton\"]"}
COMMAND: POST /session/a49a846f150ab9031b86585360f30ac3/elements - {"using":"xpath","value":"//button[@data-kt=\"addButton\"]"}
RESULT: {"using":"xpath","value":"//button[@data-kt=\"addButton\"]"}
COMMAND: POST /session/a49a846f150ab9031b86585360f30ac3/elements - {"using":"xpath","value":"//button[@data-kt=\"addButton\"]"}
RESULT: {"using":"xpath","value":"//button[@data-kt=\"addButton\"]"}
COMMAND: POST /session/a49a846f150ab9031b86585360f30ac3/elements - {"using":"xpath","value":"//button[@data-kt=\"addButton\"]"}
RESULT: {"using":"xpath","value":"//button[@data-kt=\"addButton\"]"}
COMMAND: POST /session/a49a846f150ab9031b86585360f30ac3/elements - {"using":"xpath","value":"//button[@data-kt=\"addButton\"]"}
RESULT: {"using":"xpath","value":"//button[@data-kt=\"addButton\"]"}
COMMAND: POST /session/a49a846f150ab9031b86585360f30ac3/elements - {"using":"xpath","value":"//button[@data-kt=\"addButton\"]"}
RESULT: {"using":"xpath","value":"//button[@data-kt=\"addButton\"]"}
COMMAND: POST /session/a49a846f150ab9031b86585360f30ac3/elements - {"using":"xpath","value":"//button[@data-kt=\"addButton\"]"}
RESULT: {"using":"xpath","value":"//button[@data-kt=\"addButton\"]"}
COMMAND: POST /session/a49a846f150ab9031b86585360f30ac3/elements - {"using":"xpath","value":"//button[@data-kt=\"addButton\"]"}
RESULT: {"using":"xpath","value":"//button[@data-kt=\"addButton\"]"}
COMMAND: POST /session/a49a846f150ab9031b86585360f30ac3/elements - {"using":"xpath","value":"//button[@data-kt=\"addButton\"]"}
RESULT: {"using":"xpath","value":"//button[@data-kt=\"addButton\"]"}
COMMAND: POST /session/a49a846f150ab9031b86585360f30ac3/elements - {"using":"xpath","value":"//button[@data-kt=\"addButton\"]"}
RESULT: {"using":"xpath","value":"//button[@data-kt=\"addButton\"]"}
COMMAND: POST /session/a49a846f150ab9031b86585360f30ac3/elements - {"using":"xpath","value":"//button[@data-kt=\"addButton\"]"}
RESULT: {"using":"xpath","value":"//button[@data-kt=\"addButton\"]"}
COMMAND: POST /session/a49a846f150ab9031b86585360f30ac3/elements - {"using":"xpath","value":"//button[@data-kt=\"addButton\"]"}
RESULT: {"using":"xpath","value":"//button[@data-kt=\"addButton\"]"}
COMMAND: POST /session/a49a846f150ab9031b86585360f30ac3/elements - {"using":"xpath","value":"//button[@data-kt=\"addButton\"]"}
RESULT: {"using":"xpath","value":"//button[@data-kt=\"addButton\"]"}
COMMAND: POST /session/a49a846f150ab9031b86585360f30ac3/elements - {"using":"xpath","value":"//button[@data-kt=\"addButton\"]"}
RESULT: {"using":"xpath","value":"//button[@data-kt=\"addButton\"]"}
COMMAND: POST /session/a49a846f150ab9031b86585360f30ac3/elements - {"using":"xpath","value":"//button[@data-kt=\"addButton\"]"}
RESULT: {"using":"xpath","value":"//button[@data-kt=\"addButton\"]"}
COMMAND: POST /session/a49a846f150ab9031b86585360f30ac3/elements - {"using":"xpath","value":"//button[@data-kt=\"addButton\"]"}
RESULT: {"using":"xpath","value":"//button[@data-kt=\"addButton\"]"}
COMMAND: POST /session/a49a846f150ab9031b86585360f30ac3/elements - {"using":"xpath","value":"//button[@data-kt=\"addButton\"]"}
RESULT: {"using":"xpath","value":"//button[@data-kt=\"addButton\"]"}
COMMAND: POST /session/a49a846f150ab9031b86585360f30ac3/elements - {"using":"xpath","value":"//button[@data-kt=\"addButton\"]"}
RESULT: {"using":"xpath","value":"//button[@data-kt=\"addButton\"]"}
COMMAND: POST /session/a49a846f150ab9031b86585360f30ac3/elements - {"using":"xpath","value":"//button[@data-kt=\"addButton\"]"}
RESULT: {"using":"xpath","value":"//button[@data-kt=\"addButton\"]"}
COMMAND: POST /session/a49a846f150ab9031b86585360f30ac3/elements - {"using":"xpath","value":"//button[@data-kt=\"addButton\"]"}
RESULT: {"using":"xpath","value":"//button[@data-kt=\"addButton\"]"}
COMMAND: POST /session/a49a846f150ab9031b86585360f30ac3/elements - {"using":"xpath","value":"//button[@data-kt=\"addButton\"]"}
RESULT: {"using":"xpath","value":"//button[@data-kt=\"addButton\"]"}
COMMAND: POST /session/a49a846f150ab9031b86585360f30ac3/elements - {"using":"xpath","value":"//button[@data-kt=\"addButton\"]"}
RESULT: {"using":"xpath","value":"//button[@data-kt=\"addButton\"]"}
COMMAND: POST /session/a49a846f150ab9031b86585360f30ac3/elements - {"using":"xpath","value":"//button[@data-kt=\"addButton\"]"}
RESULT: {"using":"xpath","value":"//button[@data-kt=\"addButton\"]"}
COMMAND: POST /session/a49a846f150ab9031b86585360f30ac3/elements - {"using":"xpath","value":"//button[@data-kt=\"addButton\"]"}
RESULT: {"using":"xpath","value":"//button[@data-kt=\"addButton\"]"}
COMMAND: POST /session/a49a846f150ab9031b86585360f30ac3/element - {"using":"xpath","value":"//button[@data-kt=\"addButton\"]"}
RESULT: {"using":"xpath","value":"//button[@data-kt=\"addButton\"]"}
COMMAND: POST /session/a49a846f150ab9031b86585360f30ac3/execute/sync - {"script":"<script> [8489 bytes]","args":[{"element-6066-11e4-a52e-4f735466cecf":"f.6CD6B7C80D08F775EB7D2FFF8B2C9AB5.d.1D7DBBD89C3FEE6F287FD5C939141359.e.7180","ELEMENT":"f.6CD6B7C80D08F775EB7D2FFF8B2C9AB5.d.1D7DBBD89C3FEE6F287FD5C939141359.e.7180"}]}
RESULT: {"script":"<script> [8489 bytes]","args":[{"element-6066-11e4-a52e-4f735466cecf":"f.6CD6B7C80D08F775EB7D2FFF8B2C9AB5.d.1D7DBBD89C3FEE6F287FD5C939141359.e.7180","ELEMENT":"f.6CD6B7C80D08F775EB7D2FFF8B2C9AB5.d.1D7DBBD89C3FEE6F287FD5C939141359.e.7180"}]}
COMMAND: GET /session/a49a846f150ab9031b86585360f30ac3/element/f.6CD6B7C80D08F775EB7D2FFF8B2C9AB5.d.1D7DBBD89C3FEE6F287FD5C939141359.e.7180/enabled - {}
COMMAND: GET /session/a49a846f150ab9031b86585360f30ac3/screenshot - {}
RESULT: {}
COMMAND: POST /session/a49a846f150ab9031b86585360f30ac3/execute/sync - {"script":"<script> [8489 bytes]","args":[{"element-6066-11e4-a52e-4f735466cecf":"f.6CD6B7C80D08F775EB7D2FFF8B2C9AB5.d.1D7DBBD89C3FEE6F287FD5C939141359.e.7180","ELEMENT":"f.6CD6B7C80D08F775EB7D2FFF8B2C9AB5.d.1D7DBBD89C3FEE6F287FD5C939141359.e.7180"}]}
COMMAND: GET /session/a49a846f150ab9031b86585360f30ac3/screenshot - {}
RESULT: {}
RESULT: {"script":"<script> [8489 bytes]","args":[{"element-6066-11e4-a52e-4f735466cecf":"f.6CD6B7C80D08F775EB7D2FFF8B2C9AB5.d.1D7DBBD89C3FEE6F287FD5C939141359.e.7180","ELEMENT":"f.6CD6B7C80D08F775EB7D2FFF8B2C9AB5.d.1D7DBBD89C3FEE6F287FD5C939141359.e.7180"}]}
COMMAND: POST /session/a49a846f150ab9031b86585360f30ac3/execute/sync - {"script":"<script> [5351 bytes]","args":[{"element-6066-11e4-a52e-4f735466cecf":"f.6CD6B7C80D08F775EB7D2FFF8B2C9AB5.d.1D7DBBD89C3FEE6F287FD5C939141359.e.7180","ELEMENT":"f.6CD6B7C80D08F775EB7D2FFF8B2C9AB5.d.1D7DBBD89C3FEE6F287FD5C939141359.e.7180"}]}
COMMAND: GET /session/a49a846f150ab9031b86585360f30ac3/screenshot - {}
RESULT: {}
RESULT: {"script":"<script> [5351 bytes]","args":[{"element-6066-11e4-a52e-4f735466cecf":"f.6CD6B7C80D08F775EB7D2FFF8B2C9AB5.d.1D7DBBD89C3FEE6F287FD5C939141359.e.7180","ELEMENT":"f.6CD6B7C80D08F775EB7D2FFF8B2C9AB5.d.1D7DBBD89C3FEE6F287FD5C939141359.e.7180"}]}
COMMAND: POST /session/a49a846f150ab9031b86585360f30ac3/element/f.6CD6B7C80D08F775EB7D2FFF8B2C9AB5.d.1D7DBBD89C3FEE6F287FD5C939141359.e.7180/click - {}
COMMAND: GET /session/a49a846f150ab9031b86585360f30ac3/screenshot - {}
RESULT: {}
RESULT: {}
COMMAND: GET /session/a49a846f150ab9031b86585360f30ac3/screenshot - {}
RESULT: {}
COMMAND: POST /session/a49a846f150ab9031b86585360f30ac3/execute/async - {"script":"<script> [1562 bytes]","args":[{"selector":{"id":"application-managepartners-display-component---NewPartner--addressDetailDetailsName1","interaction":{"idSuffix":"inner"}},"wdio_ui5_key":"applicationmanagepartners-display-component---NewPartner--addressDetailDetailsName1"}]}
RESULT: {}
RESULT: {"script":"<script> [1562 bytes]","args":[{"selector":{"id":"application-managepartners-display-component---NewPartner--addressDetailDetailsName1","interaction":{"idSuffix":"inner"}},"wdio_ui5_key":"applicationmanagepartners-display-component---NewPartner--addressDetailDetailsName1"}]}
RESULT: undefined
COMMAND: POST /session/a49a846f150ab9031b86585360f30ac3/execute/async - {"script":"<script> [776 bytes]","args":[{"enterText":"Intercompany Partner WDIO","selector":{"id":"application-managepartners-display-component---NewPartner--addressDetailDetailsName1","interaction":{"idSuffix":"inner"}},"clearTextFirst":true,"interactionType":"ENTER_TEXT"}]}
RESULT: {"script":"<script> [776 bytes]","args":[{"enterText":"Intercompany Partner WDIO","selector":{"id":"application-managepartners-display-component---NewPartner--addressDetailDetailsName1","interaction":{"idSuffix":"inner"}},"clearTextFirst":true,"interactionType":"ENTER_TEXT"}]}
COMMAND: POST /session/a49a846f150ab9031b86585360f30ac3/execute/async - {"script":"<script> [1562 bytes]","args":[{"selector":{"id":"application-managepartners-display-component---NewPartner--addressDetailDetailsLanguage-arrow"},"wdio_ui5_key":"applicationmanagepartners-display-component---NewPartner--addressDetailDetailsLanguage-arrow"}]}
RESULT: {"script":"<script> [1562 bytes]","args":[{"selector":{"id":"application-managepartners-display-component---NewPartner--addressDetailDetailsLanguage-arrow"},"wdio_ui5_key":"applicationmanagepartners-display-component---NewPartner--addressDetailDetailsLanguage-arrow"}]}
RESULT: undefined
COMMAND: POST /session/a49a846f150ab9031b86585360f30ac3/element - {"using":"xpath","value":"//*[@id=\"application-managepartners-display-component---NewPartner--addressDetailDetailsLanguage-arrow\"]"}
RESULT: {"using":"xpath","value":"//*[@id=\"application-managepartners-display-component---NewPartner--addressDetailDetailsLanguage-arrow\"]"}
COMMAND: POST /session/a49a846f150ab9031b86585360f30ac3/element/f.6CD6B7C80D08F775EB7D2FFF8B2C9AB5.d.1D7DBBD89C3FEE6F287FD5C939141359.e.7614/click - {}
RESULT: {}
COMMAND: POST /session/a49a846f150ab9031b86585360f30ac3/element - {"using":"xpath","value":"//span[contains(text(), \"English\")]"}
COMMAND: GET /session/a49a846f150ab9031b86585360f30ac3/screenshot - {}
RESULT: {"using":"xpath","value":"//span[contains(text(), \"English\")]"}
COMMAND: POST /session/a49a846f150ab9031b86585360f30ac3/element/f.6CD6B7C80D08F775EB7D2FFF8B2C9AB5.d.1D7DBBD89C3FEE6F287FD5C939141359.e.7615/click - {}
RESULT: {}
RESULT: {}
COMMAND: GET /session/a49a846f150ab9031b86585360f30ac3/screenshot - {}
RESULT: {}
COMMAND: POST /session/a49a846f150ab9031b86585360f30ac3/execute/async - {"script":"<script> [1562 bytes]","args":[{"selector":{"id":"application-managepartners-display-component---NewPartner--addressDetailDetailsCity1","interaction":{"idSuffix":"inner"}},"wdio_ui5_key":"applicationmanagepartners-display-component---NewPartner--addressDetailDetailsCity1"}]}
RESULT: {"script":"<script> [1562 bytes]","args":[{"selector":{"id":"application-managepartners-display-component---NewPartner--addressDetailDetailsCity1","interaction":{"idSuffix":"inner"}},"wdio_ui5_key":"applicationmanagepartners-display-component---NewPartner--addressDetailDetailsCity1"}]}
RESULT: undefined
COMMAND: POST /session/a49a846f150ab9031b86585360f30ac3/execute/async - {"script":"<script> [776 bytes]","args":[{"enterText":"Rosario","selector":{"id":"application-managepartners-display-component---NewPartner--addressDetailDetailsCity1","interaction":{"idSuffix":"inner"}},"clearTextFirst":true,"interactionType":"ENTER_TEXT"}]}
RESULT: {"script":"<script> [776 bytes]","args":[{"enterText":"Rosario","selector":{"id":"application-managepartners-display-component---NewPartner--addressDetailDetailsCity1","interaction":{"idSuffix":"inner"}},"clearTextFirst":true,"interactionType":"ENTER_TEXT"}]}
COMMAND: POST /session/a49a846f150ab9031b86585360f30ac3/execute/async - {"script":"<script> [1562 bytes]","args":[{"selector":{"id":"application-managepartners-display-component---NewPartner--addressDetailDetailsCountry-arrow"},"wdio_ui5_key":"applicationmanagepartners-display-component---NewPartner--addressDetailDetailsCountry-arrow"}]}
RESULT: {"script":"<script> [1562 bytes]","args":[{"selector":{"id":"application-managepartners-display-component---NewPartner--addressDetailDetailsCountry-arrow"},"wdio_ui5_key":"applicationmanagepartners-display-component---NewPartner--addressDetailDetailsCountry-arrow"}]}
RESULT: undefined
COMMAND: POST /session/a49a846f150ab9031b86585360f30ac3/element - {"using":"xpath","value":"//*[@id=\"application-managepartners-display-component---NewPartner--addressDetailDetailsCountry-arrow\"]"}
RESULT: {"using":"xpath","value":"//*[@id=\"application-managepartners-display-component---NewPartner--addressDetailDetailsCountry-arrow\"]"}
COMMAND: POST /session/a49a846f150ab9031b86585360f30ac3/element/f.6CD6B7C80D08F775EB7D2FFF8B2C9AB5.d.1D7DBBD89C3FEE6F287FD5C939141359.e.7596/click - {}
RESULT: {}
COMMAND: POST /session/a49a846f150ab9031b86585360f30ac3/element - {"using":"xpath","value":"//span[contains(text(), \"Argentina\")]"}
COMMAND: GET /session/a49a846f150ab9031b86585360f30ac3/screenshot - {}
RESULT: {"using":"xpath","value":"//span[contains(text(), \"Argentina\")]"}
COMMAND: POST /session/a49a846f150ab9031b86585360f30ac3/element/f.6CD6B7C80D08F775EB7D2FFF8B2C9AB5.d.1D7DBBD89C3FEE6F287FD5C939141359.e.7617/click - {}
RESULT: {}
RESULT: {}
COMMAND: GET /session/a49a846f150ab9031b86585360f30ac3/screenshot - {}
RESULT: {}
COMMAND: POST /session/a49a846f150ab9031b86585360f30ac3/element - {"using":"xpath","value":"//bdi[contains(text(), \"Commercial\")]"}
RESULT: {"using":"xpath","value":"//bdi[contains(text(), \"Commercial\")]"}
COMMAND: POST /session/a49a846f150ab9031b86585360f30ac3/element/f.6CD6B7C80D08F775EB7D2FFF8B2C9AB5.d.1D7DBBD89C3FEE6F287FD5C939141359.e.7618/click - {}
RESULT: {}
COMMAND: GET /session/a49a846f150ab9031b86585360f30ac3/screenshot - {}
RESULT: {}
COMMAND: POST /session/a49a846f150ab9031b86585360f30ac3/execute/async - {"script":"<script> [1562 bytes]","args":[{"selector":{"id":"application-managepartners-display-component---NewPartner--partnerDetailInternal-arrow"},"wdio_ui5_key":"applicationmanagepartners-display-component---NewPartner--partnerDetailInternal-arrow"}]}
RESULT: {"script":"<script> [1562 bytes]","args":[{"selector":{"id":"application-managepartners-display-component---NewPartner--partnerDetailInternal-arrow"},"wdio_ui5_key":"applicationmanagepartners-display-component---NewPartner--partnerDetailInternal-arrow"}]}
RESULT: undefined
COMMAND: POST /session/a49a846f150ab9031b86585360f30ac3/element - {"using":"xpath","value":"//*[@id=\"application-managepartners-display-component---NewPartner--partnerDetailInternal-arrow\"]"}
RESULT: {"using":"xpath","value":"//*[@id=\"application-managepartners-display-component---NewPartner--partnerDetailInternal-arrow\"]"}
COMMAND: POST /session/a49a846f150ab9031b86585360f30ac3/element/f.6CD6B7C80D08F775EB7D2FFF8B2C9AB5.d.1D7DBBD89C3FEE6F287FD5C939141359.e.7624/click - {}
RESULT: {}
COMMAND: POST /session/a49a846f150ab9031b86585360f30ac3/element - {"using":"xpath","value":"//span[contains(text(), \"Affiliated company\")]"}
COMMAND: GET /session/a49a846f150ab9031b86585360f30ac3/screenshot - {}
RESULT: {"using":"xpath","value":"//span[contains(text(), \"Affiliated company\")]"}
COMMAND: POST /session/a49a846f150ab9031b86585360f30ac3/element/f.6CD6B7C80D08F775EB7D2FFF8B2C9AB5.d.1D7DBBD89C3FEE6F287FD5C939141359.e.7625/click - {}
RESULT: {}
RESULT: {}
COMMAND: POST /session/a49a846f150ab9031b86585360f30ac3/execute/async - {"script":"<script> [1562 bytes]","args":[{"selector":{"id":"application-managepartners-display-component---NewPartner--partnerDetailsCurrency-arrow"},"wdio_ui5_key":"applicationmanagepartners-display-component---NewPartner--partnerDetailsCurrency-arrow"}]}
COMMAND: GET /session/a49a846f150ab9031b86585360f30ac3/screenshot - {}
RESULT: {"script":"<script> [1562 bytes]","args":[{"selector":{"id":"application-managepartners-display-component---NewPartner--partnerDetailsCurrency-arrow"},"wdio_ui5_key":"applicationmanagepartners-display-component---NewPartner--partnerDetailsCurrency-arrow"}]}
RESULT: undefined
COMMAND: POST /session/a49a846f150ab9031b86585360f30ac3/element - {"using":"xpath","value":"//*[@id=\"application-managepartners-display-component---NewPartner--partnerDetailsCurrency-arrow\"]"}
RESULT: {}
RESULT: {"using":"xpath","value":"//*[@id=\"application-managepartners-display-component---NewPartner--partnerDetailsCurrency-arrow\"]"}
COMMAND: POST /session/a49a846f150ab9031b86585360f30ac3/element/f.6CD6B7C80D08F775EB7D2FFF8B2C9AB5.d.1D7DBBD89C3FEE6F287FD5C939141359.e.7632/click - {}
RESULT: {}
COMMAND: POST /session/a49a846f150ab9031b86585360f30ac3/element - {"using":"xpath","value":"//span[contains(text(), \"Euro\")]"}
COMMAND: GET /session/a49a846f150ab9031b86585360f30ac3/screenshot - {}
RESULT: {"using":"xpath","value":"//span[contains(text(), \"Euro\")]"}
COMMAND: POST /session/a49a846f150ab9031b86585360f30ac3/element/f.6CD6B7C80D08F775EB7D2FFF8B2C9AB5.d.1D7DBBD89C3FEE6F287FD5C939141359.e.7633/click - {}
RESULT: {}
RESULT: {}
COMMAND: POST /session/a49a846f150ab9031b86585360f30ac3/execute/async - {"script":"<script> [1562 bytes]","args":[{"selector":{"id":"application-managepartners-display-component---NewPartner--addressEditDetailsCostObjectCstType-arrow"},"wdio_ui5_key":"applicationmanagepartners-display-component---NewPartner--addressEditDetailsCostObjectCstType-arrow"}]}
COMMAND: GET /session/a49a846f150ab9031b86585360f30ac3/screenshot - {}
RESULT: {"script":"<script> [1562 bytes]","args":[{"selector":{"id":"application-managepartners-display-component---NewPartner--addressEditDetailsCostObjectCstType-arrow"},"wdio_ui5_key":"applicationmanagepartners-display-component---NewPartner--addressEditDetailsCostObjectCstType-arrow"}]}
RESULT: undefined
COMMAND: POST /session/a49a846f150ab9031b86585360f30ac3/element - {"using":"xpath","value":"//*[@id=\"application-managepartners-display-component---NewPartner--addressEditDetailsCostObjectCstType-arrow\"]"}
RESULT: {}
RESULT: {"using":"xpath","value":"//*[@id=\"application-managepartners-display-component---NewPartner--addressEditDetailsCostObjectCstType-arrow\"]"}
COMMAND: POST /session/a49a846f150ab9031b86585360f30ac3/element/f.6CD6B7C80D08F775EB7D2FFF8B2C9AB5.d.1D7DBBD89C3FEE6F287FD5C939141359.e.7634/click - {}
RESULT: {}
COMMAND: POST /session/a49a846f150ab9031b86585360f30ac3/element - {"using":"xpath","value":"//span[contains(text(), \"Cost Center\")]"}
COMMAND: GET /session/a49a846f150ab9031b86585360f30ac3/screenshot - {}
RESULT: {"using":"xpath","value":"//span[contains(text(), \"Cost Center\")]"}
COMMAND: POST /session/a49a846f150ab9031b86585360f30ac3/element/f.6CD6B7C80D08F775EB7D2FFF8B2C9AB5.d.1D7DBBD89C3FEE6F287FD5C939141359.e.7635/click - {}
RESULT: {}
RESULT: {}
COMMAND: GET /session/a49a846f150ab9031b86585360f30ac3/screenshot - {}
RESULT: {}
COMMAND: POST /session/a49a846f150ab9031b86585360f30ac3/element - {"using":"xpath","value":"//span[@id=\"application-managepartners-display-component---NewPartner--addressNewCostObjectCstID-vhi\"]"}
RESULT: {"using":"xpath","value":"//span[@id=\"application-managepartners-display-component---NewPartner--addressNewCostObjectCstID-vhi\"]"}
COMMAND: POST /session/a49a846f150ab9031b86585360f30ac3/execute/sync - {"script":"<script> [8489 bytes]","args":[{"element-6066-11e4-a52e-4f735466cecf":"f.6CD6B7C80D08F775EB7D2FFF8B2C9AB5.d.1D7DBBD89C3FEE6F287FD5C939141359.e.7639","ELEMENT":"f.6CD6B7C80D08F775EB7D2FFF8B2C9AB5.d.1D7DBBD89C3FEE6F287FD5C939141359.e.7639"}]}
RESULT: {"script":"<script> [8489 bytes]","args":[{"element-6066-11e4-a52e-4f735466cecf":"f.6CD6B7C80D08F775EB7D2FFF8B2C9AB5.d.1D7DBBD89C3FEE6F287FD5C939141359.e.7639","ELEMENT":"f.6CD6B7C80D08F775EB7D2FFF8B2C9AB5.d.1D7DBBD89C3FEE6F287FD5C939141359.e.7639"}]}
COMMAND: POST /session/a49a846f150ab9031b86585360f30ac3/execute/async - {"script":"<script> [1562 bytes]","args":[{"selector":{"id":"application-managepartners-display-component---NewPartner--addressNewCostObjectCstID-vhi"},"wdio_ui5_key":"applicationmanagepartners-display-component---NewPartner--addressNewCostObjectCstID-vhi"}]}
COMMAND: GET /session/a49a846f150ab9031b86585360f30ac3/screenshot - {}
RESULT: {"script":"<script> [1562 bytes]","args":[{"selector":{"id":"application-managepartners-display-component---NewPartner--addressNewCostObjectCstID-vhi"},"wdio_ui5_key":"applicationmanagepartners-display-component---NewPartner--addressNewCostObjectCstID-vhi"}]}
RESULT: undefined
COMMAND: POST /session/a49a846f150ab9031b86585360f30ac3/element - {"using":"xpath","value":"//*[@id=\"application-managepartners-display-component---NewPartner--addressNewCostObjectCstID-vhi\"]"}
RESULT: {}
RESULT: {"using":"xpath","value":"//*[@id=\"application-managepartners-display-component---NewPartner--addressNewCostObjectCstID-vhi\"]"}
COMMAND: POST /session/a49a846f150ab9031b86585360f30ac3/element/f.6CD6B7C80D08F775EB7D2FFF8B2C9AB5.d.1D7DBBD89C3FEE6F287FD5C939141359.e.7639/click - {}
RESULT: {}
COMMAND: GET /session/a49a846f150ab9031b86585360f30ac3/screenshot - {}
RESULT: {}
RESULT: undefined
COMMAND: POST /session/a49a846f150ab9031b86585360f30ac3/execute/async - {"script":"<script> [776 bytes]","args":[{"enterText":"10001013","selector":{"controlType":"sap.m.SearchField","properties":{"placeholder":"Search"},"searchOpenDialogs":true,"interaction":{"idSuffix":"I"}},"clearTextFirst":true,"interactionType":"ENTER_TEXT"}]}
RESULT: {"script":"<script> [776 bytes]","args":[{"enterText":"10001013","selector":{"controlType":"sap.m.SearchField","properties":{"placeholder":"Search"},"searchOpenDialogs":true,"interaction":{"idSuffix":"I"}},"clearTextFirst":true,"interactionType":"ENTER_TEXT"}]}
COMMAND: POST /session/a49a846f150ab9031b86585360f30ac3/actions - {"actions":[{"id":"action21","type":"key","parameters":{},"actions":[{"type":"keyDown","value":"î€‡"},{"type":"pause","duration":10},{"type":"keyUp","value":"î€‡"}]}]}
RESULT: {"actions":[{"id":"action21","type":"key","parameters":{},"actions":[{"type":"keyDown","value":"î€‡"},{"type":"pause","duration":10},{"type":"keyUp","value":"î€‡"}]}]}
COMMAND: GET /session/a49a846f150ab9031b86585360f30ac3/screenshot - {}
RESULT: {}
COMMAND: POST /session/a49a846f150ab9031b86585360f30ac3/element - {"using":"xpath","value":"//span[contains(text(), \"General Management\")]"}
RESULT: {"using":"xpath","value":"//span[contains(text(), \"General Management\")]"}
COMMAND: POST /session/a49a846f150ab9031b86585360f30ac3/element/f.6CD6B7C80D08F775EB7D2FFF8B2C9AB5.d.1D7DBBD89C3FEE6F287FD5C939141359.e.7678/click - {}
RESULT: {}
COMMAND: GET /session/a49a846f150ab9031b86585360f30ac3/screenshot - {}
RESULT: {}
COMMAND: POST /session/a49a846f150ab9031b86585360f30ac3/element - {"using":"xpath","value":"//bdi[contains(text(), \"OK\")]"}
RESULT: {"using":"xpath","value":"//bdi[contains(text(), \"OK\")]"}
COMMAND: POST /session/a49a846f150ab9031b86585360f30ac3/element/f.6CD6B7C80D08F775EB7D2FFF8B2C9AB5.d.1D7DBBD89C3FEE6F287FD5C939141359.e.7679/click - {}
RESULT: {}
COMMAND: GET /session/a49a846f150ab9031b86585360f30ac3/screenshot - {}
RESULT: {}
COMMAND: POST /session/a49a846f150ab9031b86585360f30ac3/element - {"using":"xpath","value":"//input[@id=\"application-managepartners-display-component---NewPartner--companyCodeComboBox-inner\"]"}
RESULT: {"using":"xpath","value":"//input[@id=\"application-managepartners-display-component---NewPartner--companyCodeComboBox-inner\"]"}
COMMAND: POST /session/a49a846f150ab9031b86585360f30ac3/element/f.6CD6B7C80D08F775EB7D2FFF8B2C9AB5.d.1D7DBBD89C3FEE6F287FD5C939141359.e.7480/clear - {}
RESULT: {}
COMMAND: POST /session/a49a846f150ab9031b86585360f30ac3/element/f.6CD6B7C80D08F775EB7D2FFF8B2C9AB5.d.1D7DBBD89C3FEE6F287FD5C939141359.e.7480/value - {"text":"C002"}
COMMAND: GET /session/a49a846f150ab9031b86585360f30ac3/screenshot - {}
RESULT: {"text":"C002"}
COMMAND: GET /session/a49a846f150ab9031b86585360f30ac3/screenshot - {}
RESULT: {}
RESULT: {}
COMMAND: POST /session/a49a846f150ab9031b86585360f30ac3/element - {"using":"xpath","value":"//span[contains(text(), \"C002\")]"}
RESULT: {"using":"xpath","value":"//span[contains(text(), \"C002\")]"}
COMMAND: POST /session/a49a846f150ab9031b86585360f30ac3/element/f.6CD6B7C80D08F775EB7D2FFF8B2C9AB5.d.1D7DBBD89C3FEE6F287FD5C939141359.e.7685/click - {}
RESULT: {}
COMMAND: GET /session/a49a846f150ab9031b86585360f30ac3/screenshot - {}
RESULT: {}
COMMAND: POST /session/a49a846f150ab9031b86585360f30ac3/execute/async - {"script":"<script> [1562 bytes]","args":[{"selector":{"id":"application-managepartners-display-component---NewPartner--btnAddTableRow-img"},"wdio_ui5_key":"applicationmanagepartners-display-component---NewPartner--btnAddTableRow-img"}]}
RESULT: {"script":"<script> [1562 bytes]","args":[{"selector":{"id":"application-managepartners-display-component---NewPartner--btnAddTableRow-img"},"wdio_ui5_key":"applicationmanagepartners-display-component---NewPartner--btnAddTableRow-img"}]}
RESULT: undefined
COMMAND: POST /session/a49a846f150ab9031b86585360f30ac3/element - {"using":"xpath","value":"//*[@id=\"application-managepartners-display-component---NewPartner--btnAddTableRow-img\"]"}
RESULT: {"using":"xpath","value":"//*[@id=\"application-managepartners-display-component---NewPartner--btnAddTableRow-img\"]"}
COMMAND: POST /session/a49a846f150ab9031b86585360f30ac3/element/f.6CD6B7C80D08F775EB7D2FFF8B2C9AB5.d.1D7DBBD89C3FEE6F287FD5C939141359.e.7686/click - {}
RESULT: {}
COMMAND: GET /session/a49a846f150ab9031b86585360f30ac3/screenshot - {}
RESULT: {}
COMMAND: POST /session/a49a846f150ab9031b86585360f30ac3/element - {"using":"xpath","value":"//input[@id=\"application-managepartners-display-component---NewPartner--assignmentYard-application-managepartners-display-component---NewPartner--assignmentsTable-0-inner\"]"}
RESULT: {"using":"xpath","value":"//input[@id=\"application-managepartners-display-component---NewPartner--assignmentYard-application-managepartners-display-component---NewPartner--assignmentsTable-0-inner\"]"}
COMMAND: POST /session/a49a846f150ab9031b86585360f30ac3/element/f.6CD6B7C80D08F775EB7D2FFF8B2C9AB5.d.1D7DBBD89C3FEE6F287FD5C939141359.e.7689/clear - {}
RESULT: {}
COMMAND: POST /session/a49a846f150ab9031b86585360f30ac3/element/f.6CD6B7C80D08F775EB7D2FFF8B2C9AB5.d.1D7DBBD89C3FEE6F287FD5C939141359.e.7689/value - {"text":"375"}
COMMAND: GET /session/a49a846f150ab9031b86585360f30ac3/screenshot - {}
RESULT: {"text":"375"}
COMMAND: GET /session/a49a846f150ab9031b86585360f30ac3/screenshot - {}
RESULT: {}
RESULT: {}
COMMAND: POST /session/a49a846f150ab9031b86585360f30ac3/element - {"using":"xpath","value":"//li[.//span[text()='375']]"}
RESULT: {"using":"xpath","value":"//li[.//span[text()='375']]"}
COMMAND: POST /session/a49a846f150ab9031b86585360f30ac3/element/f.6CD6B7C80D08F775EB7D2FFF8B2C9AB5.d.1D7DBBD89C3FEE6F287FD5C939141359.e.7698/click - {}
RESULT: {}
COMMAND: GET /session/a49a846f150ab9031b86585360f30ac3/screenshot - {}
RESULT: {}
COMMAND: POST /session/a49a846f150ab9031b86585360f30ac3/actions - {"actions":[{"id":"action22","type":"key","parameters":{},"actions":[{"type":"keyDown","value":"î€‡"},{"type":"pause","duration":10},{"type":"keyUp","value":"î€‡"}]}]}
RESULT: {"actions":[{"id":"action22","type":"key","parameters":{},"actions":[{"type":"keyDown","value":"î€‡"},{"type":"pause","duration":10},{"type":"keyUp","value":"î€‡"}]}]}
COMMAND: POST /session/a49a846f150ab9031b86585360f30ac3/execute/async - {"script":"<script> [1562 bytes]","args":[{"selector":{"id":"application-managepartners-display-component---NewPartner--externalCustomerComboBox-application-managepartners-display-component---NewPartner--assignmentsTable-0-vhi"},"wdio_ui5_key":"applicationmanagepartners-display-component---NewPartner--externalCustomerComboBox-application-managepartners-display-component---NewPartner--assignmentsTable-0-vhi"}]}
COMMAND: GET /session/a49a846f150ab9031b86585360f30ac3/screenshot - {}
RESULT: {"script":"<script> [1562 bytes]","args":[{"selector":{"id":"application-managepartners-display-component---NewPartner--externalCustomerComboBox-application-managepartners-display-component---NewPartner--assignmentsTable-0-vhi"},"wdio_ui5_key":"applicationmanagepartners-display-component---NewPartner--externalCustomerComboBox-application-managepartners-display-component---NewPartner--assignmentsTable-0-vhi"}]}
RESULT: undefined
COMMAND: POST /session/a49a846f150ab9031b86585360f30ac3/element - {"using":"xpath","value":"//*[@id=\"application-managepartners-display-component---NewPartner--externalCustomerComboBox-application-managepartners-display-component---NewPartner--assignmentsTable-0-vhi\"]"}
RESULT: {}
RESULT: {"using":"xpath","value":"//*[@id=\"application-managepartners-display-component---NewPartner--externalCustomerComboBox-application-managepartners-display-component---NewPartner--assignmentsTable-0-vhi\"]"}
COMMAND: POST /session/a49a846f150ab9031b86585360f30ac3/element/f.6CD6B7C80D08F775EB7D2FFF8B2C9AB5.d.1D7DBBD89C3FEE6F287FD5C939141359.e.7702/click - {}
RESULT: {}
RESULT: undefined
COMMAND: POST /session/a49a846f150ab9031b86585360f30ac3/execute/async - {"script":"<script> [776 bytes]","args":[{"enterText":"300003","selector":{"controlType":"sap.m.SearchField","properties":{"placeholder":"Search"},"searchOpenDialogs":true,"interaction":{"idSuffix":"I"}},"clearTextFirst":true,"interactionType":"ENTER_TEXT"}]}
COMMAND: GET /session/a49a846f150ab9031b86585360f30ac3/screenshot - {}
RESULT: {"script":"<script> [776 bytes]","args":[{"enterText":"300003","selector":{"controlType":"sap.m.SearchField","properties":{"placeholder":"Search"},"searchOpenDialogs":true,"interaction":{"idSuffix":"I"}},"clearTextFirst":true,"interactionType":"ENTER_TEXT"}]}
COMMAND: POST /session/a49a846f150ab9031b86585360f30ac3/actions - {"actions":[{"id":"action23","type":"key","parameters":{},"actions":[{"type":"keyDown","value":"î€‡"},{"type":"pause","duration":10},{"type":"keyUp","value":"î€‡"}]}]}
RESULT: {}
RESULT: {"actions":[{"id":"action23","type":"key","parameters":{},"actions":[{"type":"keyDown","value":"î€‡"},{"type":"pause","duration":10},{"type":"keyUp","value":"î€‡"}]}]}
COMMAND: GET /session/a49a846f150ab9031b86585360f30ac3/screenshot - {}
RESULT: {}
COMMAND: POST /session/a49a846f150ab9031b86585360f30ac3/element - {"using":"xpath","value":"//span[contains(text(), \"300003\")]"}
RESULT: {"using":"xpath","value":"//span[contains(text(), \"300003\")]"}
COMMAND: POST /session/a49a846f150ab9031b86585360f30ac3/element/f.6CD6B7C80D08F775EB7D2FFF8B2C9AB5.d.1D7DBBD89C3FEE6F287FD5C939141359.e.7720/click - {}
RESULT: {}
COMMAND: GET /session/a49a846f150ab9031b86585360f30ac3/screenshot - {}
RESULT: {}
COMMAND: POST /session/a49a846f150ab9031b86585360f30ac3/element - {"using":"xpath","value":"//bdi[contains(text(), \"OK\")]"}
RESULT: {"using":"xpath","value":"//bdi[contains(text(), \"OK\")]"}
COMMAND: POST /session/a49a846f150ab9031b86585360f30ac3/element/f.6CD6B7C80D08F775EB7D2FFF8B2C9AB5.d.1D7DBBD89C3FEE6F287FD5C939141359.e.7722/click - {}
RESULT: {}
COMMAND: GET /session/a49a846f150ab9031b86585360f30ac3/screenshot - {}
RESULT: {}
COMMAND: POST /session/a49a846f150ab9031b86585360f30ac3/execute/async - {"script":"<script> [1562 bytes]","args":[{"selector":{"id":"application-managepartners-display-component---NewPartner--intercompVendorComboBox-application-managepartners-display-component---NewPartner--assignmentsTable-0-vhi"},"wdio_ui5_key":"applicationmanagepartners-display-component---NewPartner--intercompVendorComboBox-application-managepartners-display-component---NewPartner--assignmentsTable-0-vhi"}]}
RESULT: {"script":"<script> [1562 bytes]","args":[{"selector":{"id":"application-managepartners-display-component---NewPartner--intercompVendorComboBox-application-managepartners-display-component---NewPartner--assignmentsTable-0-vhi"},"wdio_ui5_key":"applicationmanagepartners-display-component---NewPartner--intercompVendorComboBox-application-managepartners-display-component---NewPartner--assignmentsTable-0-vhi"}]}
RESULT: undefined
COMMAND: POST /session/a49a846f150ab9031b86585360f30ac3/element - {"using":"xpath","value":"//*[@id=\"application-managepartners-display-component---NewPartner--intercompVendorComboBox-application-managepartners-display-component---NewPartner--assignmentsTable-0-vhi\"]"}
RESULT: {"using":"xpath","value":"//*[@id=\"application-managepartners-display-component---NewPartner--intercompVendorComboBox-application-managepartners-display-component---NewPartner--assignmentsTable-0-vhi\"]"}
COMMAND: POST /session/a49a846f150ab9031b86585360f30ac3/element/f.6CD6B7C80D08F775EB7D2FFF8B2C9AB5.d.1D7DBBD89C3FEE6F287FD5C939141359.e.7725/click - {}
RESULT: {}
RESULT: undefined
COMMAND: POST /session/a49a846f150ab9031b86585360f30ac3/execute/async - {"script":"<script> [776 bytes]","args":[{"enterText":"100005","selector":{"controlType":"sap.m.SearchField","properties":{"placeholder":"Search"},"searchOpenDialogs":true,"interaction":{"idSuffix":"I"}},"clearTextFirst":true,"interactionType":"ENTER_TEXT"}]}
COMMAND: GET /session/a49a846f150ab9031b86585360f30ac3/screenshot - {}
RESULT: {"script":"<script> [776 bytes]","args":[{"enterText":"100005","selector":{"controlType":"sap.m.SearchField","properties":{"placeholder":"Search"},"searchOpenDialogs":true,"interaction":{"idSuffix":"I"}},"clearTextFirst":true,"interactionType":"ENTER_TEXT"}]}
COMMAND: POST /session/a49a846f150ab9031b86585360f30ac3/actions - {"actions":[{"id":"action24","type":"key","parameters":{},"actions":[{"type":"keyDown","value":"î€‡"},{"type":"pause","duration":10},{"type":"keyUp","value":"î€‡"}]}]}
RESULT: {}
RESULT: {"actions":[{"id":"action24","type":"key","parameters":{},"actions":[{"type":"keyDown","value":"î€‡"},{"type":"pause","duration":10},{"type":"keyUp","value":"î€‡"}]}]}
COMMAND: GET /session/a49a846f150ab9031b86585360f30ac3/screenshot - {}
RESULT: {}
COMMAND: POST /session/a49a846f150ab9031b86585360f30ac3/element - {"using":"xpath","value":"//span[contains(text(), \"Penguins - Field/12345 Berlin\")]"}
RESULT: {"using":"xpath","value":"//span[contains(text(), \"Penguins - Field/12345 Berlin\")]"}
COMMAND: POST /session/a49a846f150ab9031b86585360f30ac3/element/f.6CD6B7C80D08F775EB7D2FFF8B2C9AB5.d.1D7DBBD89C3FEE6F287FD5C939141359.e.7742/click - {}
RESULT: {}
COMMAND: GET /session/a49a846f150ab9031b86585360f30ac3/screenshot - {}
RESULT: {}
COMMAND: POST /session/a49a846f150ab9031b86585360f30ac3/element - {"using":"xpath","value":"//bdi[contains(text(), \"OK\")]"}
RESULT: {"using":"xpath","value":"//bdi[contains(text(), \"OK\")]"}
COMMAND: POST /session/a49a846f150ab9031b86585360f30ac3/element/f.6CD6B7C80D08F775EB7D2FFF8B2C9AB5.d.1D7DBBD89C3FEE6F287FD5C939141359.e.7743/click - {}
RESULT: {}
COMMAND: GET /session/a49a846f150ab9031b86585360f30ac3/screenshot - {}
RESULT: {}
COMMAND: POST /session/a49a846f150ab9031b86585360f30ac3/element - {"using":"xpath","value":"//button[@data-kt=\"saveButton\"]"}
RESULT: {"using":"xpath","value":"//button[@data-kt=\"saveButton\"]"}
COMMAND: POST /session/a49a846f150ab9031b86585360f30ac3/element/f.6CD6B7C80D08F775EB7D2FFF8B2C9AB5.d.1D7DBBD89C3FEE6F287FD5C939141359.e.7598/click - {}
RESULT: {}
COMMAND: GET /session/a49a846f150ab9031b86585360f30ac3/screenshot - {}
RESULT: {}
COMMAND: POST /session/a49a846f150ab9031b86585360f30ac3/element - {"using":"xpath","value":"//header[contains(@id, 'ObjectPageLayout-headerTitle')]/div[1]/div[2]/div[2]/span[1]"}
RESULT: {"using":"xpath","value":"//header[contains(@id, 'ObjectPageLayout-headerTitle')]/div[1]/div[2]/div[2]/span[1]"}
COMMAND: POST /session/a49a846f150ab9031b86585360f30ac3/elements - {"using":"xpath","value":"//header[contains(@id, 'ObjectPageLayout-headerTitle')]/div[1]/div[2]/div[2]/span[1]"}
RESULT: {"using":"xpath","value":"//header[contains(@id, 'ObjectPageLayout-headerTitle')]/div[1]/div[2]/div[2]/span[1]"}
COMMAND: POST /session/a49a846f150ab9031b86585360f30ac3/execute/sync - {"script":"<script> [56 bytes]","args":[{"element-6066-11e4-a52e-4f735466cecf":"f.6CD6B7C80D08F775EB7D2FFF8B2C9AB5.d.1D7DBBD89C3FEE6F287FD5C939141359.e.7908","ELEMENT":"f.6CD6B7C80D08F775EB7D2FFF8B2C9AB5.d.1D7DBBD89C3FEE6F287FD5C939141359.e.7908"}]}
RESULT: {"script":"<script> [56 bytes]","args":[{"element-6066-11e4-a52e-4f735466cecf":"f.6CD6B7C80D08F775EB7D2FFF8B2C9AB5.d.1D7DBBD89C3FEE6F287FD5C939141359.e.7908","ELEMENT":"f.6CD6B7C80D08F775EB7D2FFF8B2C9AB5.d.1D7DBBD89C3FEE6F287FD5C939141359.e.7908"}]}
COMMAND: POST /session/a49a846f150ab9031b86585360f30ac3/element - {"using":"css selector","value":"#shell-header-logo"}
COMMAND: GET /session/a49a846f150ab9031b86585360f30ac3/screenshot - {}
RESULT: {"using":"css selector","value":"#shell-header-logo"}
COMMAND: POST /session/a49a846f150ab9031b86585360f30ac3/element/f.6CD6B7C80D08F775EB7D2FFF8B2C9AB5.d.1D7DBBD89C3FEE6F287FD5C939141359.e.7135/click - {}
RESULT: {}
RESULT: {}
COMMAND: GET /session/a49a846f150ab9031b86585360f30ac3/screenshot - {}
RESULT: {}
COMMAND: POST /session/a49a846f150ab9031b86585360f30ac3/execute/sync - {"script":"<script> [299 bytes]","args":[["getModel","getResource"]]}
RESULT: {"script":"<script> [299 bytes]","args":[["getModel","getResource"]]}
]]></system-out>
    </testcase>
    <testcase classname="chrome.135_0_7049_96.windows.Create_master_data_for_mixed_billing_&amp;_do_billing_calculation_US151661" name="Should create a new site" time="83.81">
      <system-out><![CDATA[
COMMAND: GET /session/a49a846f150ab9031b86585360f30ac3/screenshot - {}
COMMAND: POST /session/a49a846f150ab9031b86585360f30ac3/execute/async - {"script":"<script> [1562 bytes]","args":[{"selector":{"controlType":"sap.m.TileContent","bindingPath":{"path":"","propertyPath":"/properties/info"},"ancestor":{"controlType":"sap.m.GenericTile","properties":{"header":"Manage Sites"}}},"wdio_ui5_key":"sapm.TileContent{\"path\":\"\",\"propertyPath\":\"/properties/info\"}{\"controlType\":\"sap.m.GenericTile\",\"properties\":{\"header\":\"Manage Sites\"}}"}]}
RESULT: {"script":"<script> [1562 bytes]","args":[{"selector":{"controlType":"sap.m.TileContent","bindingPath":{"path":"","propertyPath":"/properties/info"},"ancestor":{"controlType":"sap.m.GenericTile","properties":{"header":"Manage Sites"}}},"wdio_ui5_key":"sapm.TileContent{\"path\":\"\",\"propertyPath\":\"/properties/info\"}{\"controlType\":\"sap.m.GenericTile\",\"properties\":{\"header\":\"Manage Sites\"}}"}]}
RESULT: undefined
COMMAND: POST /session/a49a846f150ab9031b86585360f30ac3/element - {"using":"xpath","value":"//*[@id=\"__xmlview7--numericTileContent\"]"}
RESULT: {}
RESULT: {"using":"xpath","value":"//*[@id=\"__xmlview7--numericTileContent\"]"}
COMMAND: POST /session/a49a846f150ab9031b86585360f30ac3/element/f.6CD6B7C80D08F775EB7D2FFF8B2C9AB5.d.1D7DBBD89C3FEE6F287FD5C939141359.e.7910/click - {}
RESULT: {}
COMMAND: POST /session/a49a846f150ab9031b86585360f30ac3/element - {"using":"xpath","value":"//button[@data-kt=\"addOverflowToolbarButton\"]"}
COMMAND: GET /session/a49a846f150ab9031b86585360f30ac3/screenshot - {}
RESULT: {"using":"xpath","value":"//button[@data-kt=\"addOverflowToolbarButton\"]"}
COMMAND: POST /session/a49a846f150ab9031b86585360f30ac3/elements - {"using":"xpath","value":"//button[@data-kt=\"addOverflowToolbarButton\"]"}
RESULT: {}
RESULT: {"using":"xpath","value":"//button[@data-kt=\"addOverflowToolbarButton\"]"}
COMMAND: POST /session/a49a846f150ab9031b86585360f30ac3/element - {"using":"xpath","value":"//button[@data-kt=\"addOverflowToolbarButton\"]"}
RESULT: {"using":"xpath","value":"//button[@data-kt=\"addOverflowToolbarButton\"]"}
COMMAND: POST /session/a49a846f150ab9031b86585360f30ac3/execute/sync - {"script":"<script> [8489 bytes]","args":[{"element-6066-11e4-a52e-4f735466cecf":"f.6CD6B7C80D08F775EB7D2FFF8B2C9AB5.d.1D7DBBD89C3FEE6F287FD5C939141359.e.7955","ELEMENT":"f.6CD6B7C80D08F775EB7D2FFF8B2C9AB5.d.1D7DBBD89C3FEE6F287FD5C939141359.e.7955"}]}
RESULT: {"script":"<script> [8489 bytes]","args":[{"element-6066-11e4-a52e-4f735466cecf":"f.6CD6B7C80D08F775EB7D2FFF8B2C9AB5.d.1D7DBBD89C3FEE6F287FD5C939141359.e.7955","ELEMENT":"f.6CD6B7C80D08F775EB7D2FFF8B2C9AB5.d.1D7DBBD89C3FEE6F287FD5C939141359.e.7955"}]}
COMMAND: GET /session/a49a846f150ab9031b86585360f30ac3/element/f.6CD6B7C80D08F775EB7D2FFF8B2C9AB5.d.1D7DBBD89C3FEE6F287FD5C939141359.e.7955/enabled - {}
COMMAND: GET /session/a49a846f150ab9031b86585360f30ac3/screenshot - {}
RESULT: {}
COMMAND: POST /session/a49a846f150ab9031b86585360f30ac3/execute/sync - {"script":"<script> [8489 bytes]","args":[{"element-6066-11e4-a52e-4f735466cecf":"f.6CD6B7C80D08F775EB7D2FFF8B2C9AB5.d.1D7DBBD89C3FEE6F287FD5C939141359.e.7955","ELEMENT":"f.6CD6B7C80D08F775EB7D2FFF8B2C9AB5.d.1D7DBBD89C3FEE6F287FD5C939141359.e.7955"}]}
COMMAND: GET /session/a49a846f150ab9031b86585360f30ac3/screenshot - {}
RESULT: {}
RESULT: {"script":"<script> [8489 bytes]","args":[{"element-6066-11e4-a52e-4f735466cecf":"f.6CD6B7C80D08F775EB7D2FFF8B2C9AB5.d.1D7DBBD89C3FEE6F287FD5C939141359.e.7955","ELEMENT":"f.6CD6B7C80D08F775EB7D2FFF8B2C9AB5.d.1D7DBBD89C3FEE6F287FD5C939141359.e.7955"}]}
COMMAND: POST /session/a49a846f150ab9031b86585360f30ac3/execute/sync - {"script":"<script> [5351 bytes]","args":[{"element-6066-11e4-a52e-4f735466cecf":"f.6CD6B7C80D08F775EB7D2FFF8B2C9AB5.d.1D7DBBD89C3FEE6F287FD5C939141359.e.7955","ELEMENT":"f.6CD6B7C80D08F775EB7D2FFF8B2C9AB5.d.1D7DBBD89C3FEE6F287FD5C939141359.e.7955"}]}
COMMAND: GET /session/a49a846f150ab9031b86585360f30ac3/screenshot - {}
RESULT: {}
RESULT: {"script":"<script> [5351 bytes]","args":[{"element-6066-11e4-a52e-4f735466cecf":"f.6CD6B7C80D08F775EB7D2FFF8B2C9AB5.d.1D7DBBD89C3FEE6F287FD5C939141359.e.7955","ELEMENT":"f.6CD6B7C80D08F775EB7D2FFF8B2C9AB5.d.1D7DBBD89C3FEE6F287FD5C939141359.e.7955"}]}
COMMAND: POST /session/a49a846f150ab9031b86585360f30ac3/element/f.6CD6B7C80D08F775EB7D2FFF8B2C9AB5.d.1D7DBBD89C3FEE6F287FD5C939141359.e.7955/click - {}
COMMAND: GET /session/a49a846f150ab9031b86585360f30ac3/screenshot - {}
RESULT: {}
RESULT: {}
COMMAND: GET /session/a49a846f150ab9031b86585360f30ac3/screenshot - {}
RESULT: {}
RESULT: {}
COMMAND: POST /session/a49a846f150ab9031b86585360f30ac3/execute/async - {"script":"<script> [1562 bytes]","args":[{"selector":{"id":"application-managesites-display-component---NewSite--addressDetailDetailsName1","interaction":{"idSuffix":"inner"}},"wdio_ui5_key":"applicationmanagesites-display-component---NewSite--addressDetailDetailsName1"}]}
RESULT: {"script":"<script> [1562 bytes]","args":[{"selector":{"id":"application-managesites-display-component---NewSite--addressDetailDetailsName1","interaction":{"idSuffix":"inner"}},"wdio_ui5_key":"applicationmanagesites-display-component---NewSite--addressDetailDetailsName1"}]}
RESULT: undefined
COMMAND: POST /session/a49a846f150ab9031b86585360f30ac3/execute/async - {"script":"<script> [776 bytes]","args":[{"enterText":"Intercompany Site wdIO","selector":{"id":"application-managesites-display-component---NewSite--addressDetailDetailsName1","interaction":{"idSuffix":"inner"}},"clearTextFirst":true,"interactionType":"ENTER_TEXT"}]}
RESULT: {"script":"<script> [776 bytes]","args":[{"enterText":"Intercompany Site wdIO","selector":{"id":"application-managesites-display-component---NewSite--addressDetailDetailsName1","interaction":{"idSuffix":"inner"}},"clearTextFirst":true,"interactionType":"ENTER_TEXT"}]}
COMMAND: POST /session/a49a846f150ab9031b86585360f30ac3/execute/async - {"script":"<script> [1562 bytes]","args":[{"selector":{"id":"application-managesites-display-component---NewSite--addressDetailDetailsLanguage-arrow"},"wdio_ui5_key":"applicationmanagesites-display-component---NewSite--addressDetailDetailsLanguage-arrow"}]}
RESULT: {"script":"<script> [1562 bytes]","args":[{"selector":{"id":"application-managesites-display-component---NewSite--addressDetailDetailsLanguage-arrow"},"wdio_ui5_key":"applicationmanagesites-display-component---NewSite--addressDetailDetailsLanguage-arrow"}]}
RESULT: undefined
COMMAND: POST /session/a49a846f150ab9031b86585360f30ac3/element - {"using":"xpath","value":"//*[@id=\"application-managesites-display-component---NewSite--addressDetailDetailsLanguage-arrow\"]"}
RESULT: {"using":"xpath","value":"//*[@id=\"application-managesites-display-component---NewSite--addressDetailDetailsLanguage-arrow\"]"}
COMMAND: POST /session/a49a846f150ab9031b86585360f30ac3/element/f.6CD6B7C80D08F775EB7D2FFF8B2C9AB5.d.1D7DBBD89C3FEE6F287FD5C939141359.e.8571/click - {}
RESULT: {}
COMMAND: POST /session/a49a846f150ab9031b86585360f30ac3/element - {"using":"xpath","value":"//span[contains(text(), \"English\")]"}
COMMAND: GET /session/a49a846f150ab9031b86585360f30ac3/screenshot - {}
RESULT: {"using":"xpath","value":"//span[contains(text(), \"English\")]"}
COMMAND: POST /session/a49a846f150ab9031b86585360f30ac3/element/f.6CD6B7C80D08F775EB7D2FFF8B2C9AB5.d.1D7DBBD89C3FEE6F287FD5C939141359.e.8572/click - {}
RESULT: {}
RESULT: {}
COMMAND: POST /session/a49a846f150ab9031b86585360f30ac3/execute/async - {"script":"<script> [1562 bytes]","args":[{"selector":{"id":"application-managesites-display-component---NewSite--addressDetailDetailsCity1","interaction":{"idSuffix":"inner"}},"wdio_ui5_key":"applicationmanagesites-display-component---NewSite--addressDetailDetailsCity1"}]}
COMMAND: GET /session/a49a846f150ab9031b86585360f30ac3/screenshot - {}
RESULT: {"script":"<script> [1562 bytes]","args":[{"selector":{"id":"application-managesites-display-component---NewSite--addressDetailDetailsCity1","interaction":{"idSuffix":"inner"}},"wdio_ui5_key":"applicationmanagesites-display-component---NewSite--addressDetailDetailsCity1"}]}
RESULT: undefined
COMMAND: POST /session/a49a846f150ab9031b86585360f30ac3/execute/async - {"script":"<script> [776 bytes]","args":[{"enterText":"Rosario","selector":{"id":"application-managesites-display-component---NewSite--addressDetailDetailsCity1","interaction":{"idSuffix":"inner"}},"clearTextFirst":true,"interactionType":"ENTER_TEXT"}]}
RESULT: {}
RESULT: {"script":"<script> [776 bytes]","args":[{"enterText":"Rosario","selector":{"id":"application-managesites-display-component---NewSite--addressDetailDetailsCity1","interaction":{"idSuffix":"inner"}},"clearTextFirst":true,"interactionType":"ENTER_TEXT"}]}
COMMAND: POST /session/a49a846f150ab9031b86585360f30ac3/execute/async - {"script":"<script> [1562 bytes]","args":[{"selector":{"id":"application-managesites-display-component---NewSite--addressDetailDetailsCountry-arrow"},"wdio_ui5_key":"applicationmanagesites-display-component---NewSite--addressDetailDetailsCountry-arrow"}]}
RESULT: {"script":"<script> [1562 bytes]","args":[{"selector":{"id":"application-managesites-display-component---NewSite--addressDetailDetailsCountry-arrow"},"wdio_ui5_key":"applicationmanagesites-display-component---NewSite--addressDetailDetailsCountry-arrow"}]}
RESULT: undefined
COMMAND: POST /session/a49a846f150ab9031b86585360f30ac3/element - {"using":"xpath","value":"//*[@id=\"application-managesites-display-component---NewSite--addressDetailDetailsCountry-arrow\"]"}
RESULT: {"using":"xpath","value":"//*[@id=\"application-managesites-display-component---NewSite--addressDetailDetailsCountry-arrow\"]"}
COMMAND: POST /session/a49a846f150ab9031b86585360f30ac3/element/f.6CD6B7C80D08F775EB7D2FFF8B2C9AB5.d.1D7DBBD89C3FEE6F287FD5C939141359.e.8574/click - {}
RESULT: {}
COMMAND: POST /session/a49a846f150ab9031b86585360f30ac3/element - {"using":"xpath","value":"//span[contains(text(), \"Argentina\")]"}
COMMAND: GET /session/a49a846f150ab9031b86585360f30ac3/screenshot - {}
RESULT: {"using":"xpath","value":"//span[contains(text(), \"Argentina\")]"}
COMMAND: POST /session/a49a846f150ab9031b86585360f30ac3/element/f.6CD6B7C80D08F775EB7D2FFF8B2C9AB5.d.1D7DBBD89C3FEE6F287FD5C939141359.e.8576/click - {}
RESULT: {}
RESULT: {}
COMMAND: GET /session/a49a846f150ab9031b86585360f30ac3/screenshot - {}
RESULT: {}
COMMAND: POST /session/a49a846f150ab9031b86585360f30ac3/execute/async - {"script":"<script> [1562 bytes]","args":[{"selector":{"id":"application-managesites-display-component---NewSite--addressEditDetailsCostObjectCstType-arrow"},"wdio_ui5_key":"applicationmanagesites-display-component---NewSite--addressEditDetailsCostObjectCstType-arrow"}]}
RESULT: {"script":"<script> [1562 bytes]","args":[{"selector":{"id":"application-managesites-display-component---NewSite--addressEditDetailsCostObjectCstType-arrow"},"wdio_ui5_key":"applicationmanagesites-display-component---NewSite--addressEditDetailsCostObjectCstType-arrow"}]}
RESULT: undefined
COMMAND: POST /session/a49a846f150ab9031b86585360f30ac3/element - {"using":"xpath","value":"//*[@id=\"application-managesites-display-component---NewSite--addressEditDetailsCostObjectCstType-arrow\"]"}
RESULT: {"using":"xpath","value":"//*[@id=\"application-managesites-display-component---NewSite--addressEditDetailsCostObjectCstType-arrow\"]"}
COMMAND: POST /session/a49a846f150ab9031b86585360f30ac3/element/f.6CD6B7C80D08F775EB7D2FFF8B2C9AB5.d.1D7DBBD89C3FEE6F287FD5C939141359.e.8577/click - {}
RESULT: {}
COMMAND: POST /session/a49a846f150ab9031b86585360f30ac3/element - {"using":"xpath","value":"//span[contains(text(), \"Cost Center\")]"}
COMMAND: GET /session/a49a846f150ab9031b86585360f30ac3/screenshot - {}
RESULT: {"using":"xpath","value":"//span[contains(text(), \"Cost Center\")]"}
COMMAND: POST /session/a49a846f150ab9031b86585360f30ac3/element/f.6CD6B7C80D08F775EB7D2FFF8B2C9AB5.d.1D7DBBD89C3FEE6F287FD5C939141359.e.8578/click - {}
RESULT: {}
RESULT: {}
COMMAND: GET /session/a49a846f150ab9031b86585360f30ac3/screenshot - {}
RESULT: {}
COMMAND: POST /session/a49a846f150ab9031b86585360f30ac3/element - {"using":"xpath","value":"//span[@id=\"application-managesites-display-component---NewSite--addressNewCostObjectCstID-vhi\"]"}
RESULT: {"using":"xpath","value":"//span[@id=\"application-managesites-display-component---NewSite--addressNewCostObjectCstID-vhi\"]"}
COMMAND: POST /session/a49a846f150ab9031b86585360f30ac3/execute/sync - {"script":"<script> [8489 bytes]","args":[{"element-6066-11e4-a52e-4f735466cecf":"f.6CD6B7C80D08F775EB7D2FFF8B2C9AB5.d.1D7DBBD89C3FEE6F287FD5C939141359.e.8582","ELEMENT":"f.6CD6B7C80D08F775EB7D2FFF8B2C9AB5.d.1D7DBBD89C3FEE6F287FD5C939141359.e.8582"}]}
RESULT: {"script":"<script> [8489 bytes]","args":[{"element-6066-11e4-a52e-4f735466cecf":"f.6CD6B7C80D08F775EB7D2FFF8B2C9AB5.d.1D7DBBD89C3FEE6F287FD5C939141359.e.8582","ELEMENT":"f.6CD6B7C80D08F775EB7D2FFF8B2C9AB5.d.1D7DBBD89C3FEE6F287FD5C939141359.e.8582"}]}
COMMAND: POST /session/a49a846f150ab9031b86585360f30ac3/execute/async - {"script":"<script> [1562 bytes]","args":[{"selector":{"id":"application-managesites-display-component---NewSite--addressNewCostObjectCstID-vhi"},"wdio_ui5_key":"applicationmanagesites-display-component---NewSite--addressNewCostObjectCstID-vhi"}]}
COMMAND: GET /session/a49a846f150ab9031b86585360f30ac3/screenshot - {}
RESULT: {"script":"<script> [1562 bytes]","args":[{"selector":{"id":"application-managesites-display-component---NewSite--addressNewCostObjectCstID-vhi"},"wdio_ui5_key":"applicationmanagesites-display-component---NewSite--addressNewCostObjectCstID-vhi"}]}
RESULT: undefined
COMMAND: POST /session/a49a846f150ab9031b86585360f30ac3/element - {"using":"xpath","value":"//*[@id=\"application-managesites-display-component---NewSite--addressNewCostObjectCstID-vhi\"]"}
RESULT: {}
RESULT: {"using":"xpath","value":"//*[@id=\"application-managesites-display-component---NewSite--addressNewCostObjectCstID-vhi\"]"}
COMMAND: POST /session/a49a846f150ab9031b86585360f30ac3/element/f.6CD6B7C80D08F775EB7D2FFF8B2C9AB5.d.1D7DBBD89C3FEE6F287FD5C939141359.e.8582/click - {}
RESULT: {}
COMMAND: GET /session/a49a846f150ab9031b86585360f30ac3/screenshot - {}
RESULT: {}
RESULT: undefined
COMMAND: POST /session/a49a846f150ab9031b86585360f30ac3/execute/async - {"script":"<script> [776 bytes]","args":[{"enterText":"10001013","selector":{"controlType":"sap.m.SearchField","properties":{"placeholder":"Search"},"searchOpenDialogs":true,"interaction":{"idSuffix":"I"}},"clearTextFirst":true,"interactionType":"ENTER_TEXT"}]}
RESULT: {"script":"<script> [776 bytes]","args":[{"enterText":"10001013","selector":{"controlType":"sap.m.SearchField","properties":{"placeholder":"Search"},"searchOpenDialogs":true,"interaction":{"idSuffix":"I"}},"clearTextFirst":true,"interactionType":"ENTER_TEXT"}]}
COMMAND: POST /session/a49a846f150ab9031b86585360f30ac3/actions - {"actions":[{"id":"action25","type":"key","parameters":{},"actions":[{"type":"keyDown","value":"î€‡"},{"type":"pause","duration":10},{"type":"keyUp","value":"î€‡"}]}]}
RESULT: {"actions":[{"id":"action25","type":"key","parameters":{},"actions":[{"type":"keyDown","value":"î€‡"},{"type":"pause","duration":10},{"type":"keyUp","value":"î€‡"}]}]}
COMMAND: GET /session/a49a846f150ab9031b86585360f30ac3/screenshot - {}
RESULT: {}
COMMAND: POST /session/a49a846f150ab9031b86585360f30ac3/element - {"using":"xpath","value":"//span[contains(text(), \"General Management\")]"}
RESULT: {"using":"xpath","value":"//span[contains(text(), \"General Management\")]"}
COMMAND: POST /session/a49a846f150ab9031b86585360f30ac3/element/f.6CD6B7C80D08F775EB7D2FFF8B2C9AB5.d.1D7DBBD89C3FEE6F287FD5C939141359.e.8620/click - {}
RESULT: {}
COMMAND: GET /session/a49a846f150ab9031b86585360f30ac3/screenshot - {}
RESULT: {}
COMMAND: POST /session/a49a846f150ab9031b86585360f30ac3/element - {"using":"xpath","value":"//bdi[contains(text(), \"OK\")]"}
RESULT: {"using":"xpath","value":"//bdi[contains(text(), \"OK\")]"}
COMMAND: POST /session/a49a846f150ab9031b86585360f30ac3/element/f.6CD6B7C80D08F775EB7D2FFF8B2C9AB5.d.1D7DBBD89C3FEE6F287FD5C939141359.e.8621/click - {}
RESULT: {}
COMMAND: GET /session/a49a846f150ab9031b86585360f30ac3/screenshot - {}
RESULT: {}
COMMAND: POST /session/a49a846f150ab9031b86585360f30ac3/element - {"using":"xpath","value":"//input[@id=\"application-managesites-display-component---NewSite--addressDetailDetailsCalendar-inner\"]"}
RESULT: {"using":"xpath","value":"//input[@id=\"application-managesites-display-component---NewSite--addressDetailDetailsCalendar-inner\"]"}
COMMAND: POST /session/a49a846f150ab9031b86585360f30ac3/element/f.6CD6B7C80D08F775EB7D2FFF8B2C9AB5.d.1D7DBBD89C3FEE6F287FD5C939141359.e.8431/clear - {}
RESULT: {}
COMMAND: POST /session/a49a846f150ab9031b86585360f30ac3/element/f.6CD6B7C80D08F775EB7D2FFF8B2C9AB5.d.1D7DBBD89C3FEE6F287FD5C939141359.e.8431/value - {"text":"Unit"}
COMMAND: GET /session/a49a846f150ab9031b86585360f30ac3/screenshot - {}
RESULT: {"text":"Unit"}
COMMAND: GET /session/a49a846f150ab9031b86585360f30ac3/screenshot - {}
RESULT: {}
RESULT: {}
COMMAND: POST /session/a49a846f150ab9031b86585360f30ac3/actions - {"actions":[{"id":"action26","type":"key","parameters":{},"actions":[{"type":"keyDown","value":"î€‡"},{"type":"pause","duration":10},{"type":"keyUp","value":"î€‡"}]}]}
RESULT: {"actions":[{"id":"action26","type":"key","parameters":{},"actions":[{"type":"keyDown","value":"î€‡"},{"type":"pause","duration":10},{"type":"keyUp","value":"î€‡"}]}]}
COMMAND: POST /session/a49a846f150ab9031b86585360f30ac3/element - {"using":"xpath","value":"//input[@id=\"application-managesites-display-component---NewSite--addressDetailDetailsYard-inner\"]"}
COMMAND: GET /session/a49a846f150ab9031b86585360f30ac3/screenshot - {}
RESULT: {"using":"xpath","value":"//input[@id=\"application-managesites-display-component---NewSite--addressDetailDetailsYard-inner\"]"}
COMMAND: POST /session/a49a846f150ab9031b86585360f30ac3/element/f.6CD6B7C80D08F775EB7D2FFF8B2C9AB5.d.1D7DBBD89C3FEE6F287FD5C939141359.e.8432/clear - {}
RESULT: {}
RESULT: {}
COMMAND: POST /session/a49a846f150ab9031b86585360f30ac3/element/f.6CD6B7C80D08F775EB7D2FFF8B2C9AB5.d.1D7DBBD89C3FEE6F287FD5C939141359.e.8432/value - {"text":"375"}
COMMAND: GET /session/a49a846f150ab9031b86585360f30ac3/screenshot - {}
RESULT: {"text":"375"}
COMMAND: GET /session/a49a846f150ab9031b86585360f30ac3/screenshot - {}
RESULT: {}
RESULT: {}
COMMAND: POST /session/a49a846f150ab9031b86585360f30ac3/element - {"using":"xpath","value":"//li[.//span[text()='375']]"}
RESULT: {"using":"xpath","value":"//li[.//span[text()='375']]"}
COMMAND: POST /session/a49a846f150ab9031b86585360f30ac3/element/f.6CD6B7C80D08F775EB7D2FFF8B2C9AB5.d.1D7DBBD89C3FEE6F287FD5C939141359.e.8629/click - {}
RESULT: {}
COMMAND: GET /session/a49a846f150ab9031b86585360f30ac3/screenshot - {}
RESULT: {}
COMMAND: POST /session/a49a846f150ab9031b86585360f30ac3/element - {"using":"xpath","value":"//input[@id=\"application-managesites-display-component---NewSite--addressDetailDetailsPartner-inner\"]"}
RESULT: {"using":"xpath","value":"//input[@id=\"application-managesites-display-component---NewSite--addressDetailDetailsPartner-inner\"]"}
COMMAND: POST /session/a49a846f150ab9031b86585360f30ac3/element - {"using":"xpath","value":"//input[@id=\"application-managesites-display-component---NewSite--addressDetailDetailsPartner-inner\"]"}
RESULT: {"using":"xpath","value":"//input[@id=\"application-managesites-display-component---NewSite--addressDetailDetailsPartner-inner\"]"}
COMMAND: POST /session/a49a846f150ab9031b86585360f30ac3/element - {"using":"xpath","value":"//button[@data-kt=\"saveButton\"]"}
RESULT: {"using":"xpath","value":"//button[@data-kt=\"saveButton\"]"}
COMMAND: POST /session/a49a846f150ab9031b86585360f30ac3/element/f.6CD6B7C80D08F775EB7D2FFF8B2C9AB5.d.1D7DBBD89C3FEE6F287FD5C939141359.e.8541/click - {}
RESULT: {}
COMMAND: GET /session/a49a846f150ab9031b86585360f30ac3/screenshot - {}
RESULT: {}
COMMAND: POST /session/a49a846f150ab9031b86585360f30ac3/element - {"using":"xpath","value":"//header[contains(@id, 'ObjectPageLayout-headerTitle')]/div[1]/div[2]/div[2]/span[1]"}
RESULT: {"using":"xpath","value":"//header[contains(@id, 'ObjectPageLayout-headerTitle')]/div[1]/div[2]/div[2]/span[1]"}
COMMAND: POST /session/a49a846f150ab9031b86585360f30ac3/elements - {"using":"xpath","value":"//header[contains(@id, 'ObjectPageLayout-headerTitle')]/div[1]/div[2]/div[2]/span[1]"}
RESULT: {"using":"xpath","value":"//header[contains(@id, 'ObjectPageLayout-headerTitle')]/div[1]/div[2]/div[2]/span[1]"}
COMMAND: POST /session/a49a846f150ab9031b86585360f30ac3/execute/sync - {"script":"<script> [56 bytes]","args":[{"element-6066-11e4-a52e-4f735466cecf":"f.6CD6B7C80D08F775EB7D2FFF8B2C9AB5.d.1D7DBBD89C3FEE6F287FD5C939141359.e.8831","ELEMENT":"f.6CD6B7C80D08F775EB7D2FFF8B2C9AB5.d.1D7DBBD89C3FEE6F287FD5C939141359.e.8831"}]}
RESULT: {"script":"<script> [56 bytes]","args":[{"element-6066-11e4-a52e-4f735466cecf":"f.6CD6B7C80D08F775EB7D2FFF8B2C9AB5.d.1D7DBBD89C3FEE6F287FD5C939141359.e.8831","ELEMENT":"f.6CD6B7C80D08F775EB7D2FFF8B2C9AB5.d.1D7DBBD89C3FEE6F287FD5C939141359.e.8831"}]}
COMMAND: POST /session/a49a846f150ab9031b86585360f30ac3/element - {"using":"css selector","value":"#shell-header-logo"}
COMMAND: GET /session/a49a846f150ab9031b86585360f30ac3/screenshot - {}
RESULT: {"using":"css selector","value":"#shell-header-logo"}
COMMAND: POST /session/a49a846f150ab9031b86585360f30ac3/element/f.6CD6B7C80D08F775EB7D2FFF8B2C9AB5.d.1D7DBBD89C3FEE6F287FD5C939141359.e.7913/click - {}
RESULT: {}
RESULT: {}
COMMAND: GET /session/a49a846f150ab9031b86585360f30ac3/screenshot - {}
RESULT: {}
COMMAND: POST /session/a49a846f150ab9031b86585360f30ac3/execute/sync - {"script":"<script> [299 bytes]","args":[["getModel","getResource"]]}
RESULT: {"script":"<script> [299 bytes]","args":[["getModel","getResource"]]}
]]></system-out>
    </testcase>
    <testcase classname="chrome.135_0_7049_96.windows.Create_master_data_for_mixed_billing_&amp;_do_billing_calculation_US151661" name="Should create a new equipment and add a counter to it" time="145.858">
      <system-out><![CDATA[
COMMAND: POST /session/a49a846f150ab9031b86585360f30ac3/execute/async - {"script":"<script> [1562 bytes]","args":[{"selector":{"controlType":"sap.m.GenericTile","properties":{"header":"Manage Resources"}},"wdio_ui5_key":"sapm.GenericTile{\"header\":\"Manage Resources\"}"}]}
COMMAND: GET /session/a49a846f150ab9031b86585360f30ac3/screenshot - {}
RESULT: {"script":"<script> [1562 bytes]","args":[{"selector":{"controlType":"sap.m.GenericTile","properties":{"header":"Manage Resources"}},"wdio_ui5_key":"sapm.GenericTile{\"header\":\"Manage Resources\"}"}]}
RESULT: undefined
COMMAND: POST /session/a49a846f150ab9031b86585360f30ac3/element - {"using":"xpath","value":"//*[@id=\"__tile39\"]"}
RESULT: {}
RESULT: {"using":"xpath","value":"//*[@id=\"__tile39\"]"}
COMMAND: POST /session/a49a846f150ab9031b86585360f30ac3/element/f.6CD6B7C80D08F775EB7D2FFF8B2C9AB5.d.1D7DBBD89C3FEE6F287FD5C939141359.e.6273/click - {}
RESULT: {}
COMMAND: POST /session/a49a846f150ab9031b86585360f30ac3/element - {"using":"xpath","value":"//button[@data-kt=\"addNewRUOverflowToolbarButton\"]"}
COMMAND: GET /session/a49a846f150ab9031b86585360f30ac3/screenshot - {}
RESULT: {"using":"xpath","value":"//button[@data-kt=\"addNewRUOverflowToolbarButton\"]"}
COMMAND: POST /session/a49a846f150ab9031b86585360f30ac3/elements - {"using":"xpath","value":"//button[@data-kt=\"addNewRUOverflowToolbarButton\"]"}
RESULT: {}
RESULT: {"using":"xpath","value":"//button[@data-kt=\"addNewRUOverflowToolbarButton\"]"}
COMMAND: POST /session/a49a846f150ab9031b86585360f30ac3/elements - {"using":"xpath","value":"//button[@data-kt=\"addNewRUOverflowToolbarButton\"]"}
RESULT: {"using":"xpath","value":"//button[@data-kt=\"addNewRUOverflowToolbarButton\"]"}
COMMAND: POST /session/a49a846f150ab9031b86585360f30ac3/element - {"using":"xpath","value":"//button[@data-kt=\"addNewRUOverflowToolbarButton\"]"}
RESULT: {"using":"xpath","value":"//button[@data-kt=\"addNewRUOverflowToolbarButton\"]"}
COMMAND: POST /session/a49a846f150ab9031b86585360f30ac3/execute/sync - {"script":"<script> [8489 bytes]","args":[{"element-6066-11e4-a52e-4f735466cecf":"f.6CD6B7C80D08F775EB7D2FFF8B2C9AB5.d.1D7DBBD89C3FEE6F287FD5C939141359.e.8872","ELEMENT":"f.6CD6B7C80D08F775EB7D2FFF8B2C9AB5.d.1D7DBBD89C3FEE6F287FD5C939141359.e.8872"}]}
RESULT: {"script":"<script> [8489 bytes]","args":[{"element-6066-11e4-a52e-4f735466cecf":"f.6CD6B7C80D08F775EB7D2FFF8B2C9AB5.d.1D7DBBD89C3FEE6F287FD5C939141359.e.8872","ELEMENT":"f.6CD6B7C80D08F775EB7D2FFF8B2C9AB5.d.1D7DBBD89C3FEE6F287FD5C939141359.e.8872"}]}
COMMAND: GET /session/a49a846f150ab9031b86585360f30ac3/element/f.6CD6B7C80D08F775EB7D2FFF8B2C9AB5.d.1D7DBBD89C3FEE6F287FD5C939141359.e.8872/enabled - {}
COMMAND: GET /session/a49a846f150ab9031b86585360f30ac3/screenshot - {}
RESULT: {}
COMMAND: POST /session/a49a846f150ab9031b86585360f30ac3/execute/sync - {"script":"<script> [8489 bytes]","args":[{"element-6066-11e4-a52e-4f735466cecf":"f.6CD6B7C80D08F775EB7D2FFF8B2C9AB5.d.1D7DBBD89C3FEE6F287FD5C939141359.e.8872","ELEMENT":"f.6CD6B7C80D08F775EB7D2FFF8B2C9AB5.d.1D7DBBD89C3FEE6F287FD5C939141359.e.8872"}]}
COMMAND: GET /session/a49a846f150ab9031b86585360f30ac3/screenshot - {}
RESULT: {}
RESULT: {"script":"<script> [8489 bytes]","args":[{"element-6066-11e4-a52e-4f735466cecf":"f.6CD6B7C80D08F775EB7D2FFF8B2C9AB5.d.1D7DBBD89C3FEE6F287FD5C939141359.e.8872","ELEMENT":"f.6CD6B7C80D08F775EB7D2FFF8B2C9AB5.d.1D7DBBD89C3FEE6F287FD5C939141359.e.8872"}]}
COMMAND: POST /session/a49a846f150ab9031b86585360f30ac3/execute/sync - {"script":"<script> [5351 bytes]","args":[{"element-6066-11e4-a52e-4f735466cecf":"f.6CD6B7C80D08F775EB7D2FFF8B2C9AB5.d.1D7DBBD89C3FEE6F287FD5C939141359.e.8872","ELEMENT":"f.6CD6B7C80D08F775EB7D2FFF8B2C9AB5.d.1D7DBBD89C3FEE6F287FD5C939141359.e.8872"}]}
COMMAND: GET /session/a49a846f150ab9031b86585360f30ac3/screenshot - {}
RESULT: {}
RESULT: {"script":"<script> [5351 bytes]","args":[{"element-6066-11e4-a52e-4f735466cecf":"f.6CD6B7C80D08F775EB7D2FFF8B2C9AB5.d.1D7DBBD89C3FEE6F287FD5C939141359.e.8872","ELEMENT":"f.6CD6B7C80D08F775EB7D2FFF8B2C9AB5.d.1D7DBBD89C3FEE6F287FD5C939141359.e.8872"}]}
COMMAND: POST /session/a49a846f150ab9031b86585360f30ac3/element/f.6CD6B7C80D08F775EB7D2FFF8B2C9AB5.d.1D7DBBD89C3FEE6F287FD5C939141359.e.8872/click - {}
COMMAND: GET /session/a49a846f150ab9031b86585360f30ac3/screenshot - {}
RESULT: {}
RESULT: {}
COMMAND: GET /session/a49a846f150ab9031b86585360f30ac3/screenshot - {}
RESULT: {}
RESULT: {}
COMMAND: POST /session/a49a846f150ab9031b86585360f30ac3/execute/async - {"script":"<script> [1562 bytes]","args":[{"selector":{"id":"application-manageresources-display-component---newResourceUnit--TYPE-arrow"},"wdio_ui5_key":"applicationmanageresources-display-component---newResourceUnit--TYPE-arrow"}]}
RESULT: {"script":"<script> [1562 bytes]","args":[{"selector":{"id":"application-manageresources-display-component---newResourceUnit--TYPE-arrow"},"wdio_ui5_key":"applicationmanageresources-display-component---newResourceUnit--TYPE-arrow"}]}
RESULT: undefined
COMMAND: POST /session/a49a846f150ab9031b86585360f30ac3/element - {"using":"xpath","value":"//*[@id=\"application-manageresources-display-component---newResourceUnit--TYPE-arrow\"]"}
RESULT: {"using":"xpath","value":"//*[@id=\"application-manageresources-display-component---newResourceUnit--TYPE-arrow\"]"}
COMMAND: POST /session/a49a846f150ab9031b86585360f30ac3/element/f.6CD6B7C80D08F775EB7D2FFF8B2C9AB5.d.1D7DBBD89C3FEE6F287FD5C939141359.e.9229/click - {}
RESULT: {}
COMMAND: POST /session/a49a846f150ab9031b86585360f30ac3/element - {"using":"xpath","value":"//input[@id=\"application-manageresources-display-component---newResourceUnit--TYPE-inner\"]"}
COMMAND: GET /session/a49a846f150ab9031b86585360f30ac3/screenshot - {}
RESULT: {"using":"xpath","value":"//input[@id=\"application-manageresources-display-component---newResourceUnit--TYPE-inner\"]"}
COMMAND: POST /session/a49a846f150ab9031b86585360f30ac3/element/f.6CD6B7C80D08F775EB7D2FFF8B2C9AB5.d.1D7DBBD89C3FEE6F287FD5C939141359.e.9214/clear - {}
RESULT: {}
RESULT: {}
COMMAND: POST /session/a49a846f150ab9031b86585360f30ac3/element/f.6CD6B7C80D08F775EB7D2FFF8B2C9AB5.d.1D7DBBD89C3FEE6F287FD5C939141359.e.9214/value - {"text":"Equipment"}
COMMAND: GET /session/a49a846f150ab9031b86585360f30ac3/screenshot - {}
RESULT: {"text":"Equipment"}
COMMAND: GET /session/a49a846f150ab9031b86585360f30ac3/screenshot - {}
RESULT: {}
RESULT: {}
COMMAND: POST /session/a49a846f150ab9031b86585360f30ac3/actions - {"actions":[{"id":"action27","type":"key","parameters":{},"actions":[{"type":"keyDown","value":"î€‡"},{"type":"pause","duration":10},{"type":"keyUp","value":"î€‡"}]}]}
RESULT: {"actions":[{"id":"action27","type":"key","parameters":{},"actions":[{"type":"keyDown","value":"î€‡"},{"type":"pause","duration":10},{"type":"keyUp","value":"î€‡"}]}]}
COMMAND: POST /session/a49a846f150ab9031b86585360f30ac3/execute/async - {"script":"<script> [1562 bytes]","args":[{"selector":{"id":"application-manageresources-display-component---newResourceUnit--resourceId","interaction":{"idSuffix":"inner"}},"wdio_ui5_key":"applicationmanageresources-display-component---newResourceUnit--resourceId"}]}
COMMAND: GET /session/a49a846f150ab9031b86585360f30ac3/screenshot - {}
RESULT: {"script":"<script> [1562 bytes]","args":[{"selector":{"id":"application-manageresources-display-component---newResourceUnit--resourceId","interaction":{"idSuffix":"inner"}},"wdio_ui5_key":"applicationmanageresources-display-component---newResourceUnit--resourceId"}]}
RESULT: undefined
COMMAND: POST /session/a49a846f150ab9031b86585360f30ac3/execute/async - {"script":"<script> [776 bytes]","args":[{"enterText":"ei3jsG1k09","selector":{"id":"application-manageresources-display-component---newResourceUnit--resourceId","interaction":{"idSuffix":"inner"}},"clearTextFirst":true,"interactionType":"ENTER_TEXT"}]}
RESULT: {}
RESULT: {"script":"<script> [776 bytes]","args":[{"enterText":"ei3jsG1k09","selector":{"id":"application-manageresources-display-component---newResourceUnit--resourceId","interaction":{"idSuffix":"inner"}},"clearTextFirst":true,"interactionType":"ENTER_TEXT"}]}
COMMAND: POST /session/a49a846f150ab9031b86585360f30ac3/execute/async - {"script":"<script> [1562 bytes]","args":[{"selector":{"id":"application-manageresources-display-component---newResourceUnit--SHORT_TEXT","interaction":{"idSuffix":"inner"}},"wdio_ui5_key":"applicationmanageresources-display-component---newResourceUnit--SHORT_TEXT"}]}
RESULT: {"script":"<script> [1562 bytes]","args":[{"selector":{"id":"application-manageresources-display-component---newResourceUnit--SHORT_TEXT","interaction":{"idSuffix":"inner"}},"wdio_ui5_key":"applicationmanageresources-display-component---newResourceUnit--SHORT_TEXT"}]}
RESULT: undefined
COMMAND: POST /session/a49a846f150ab9031b86585360f30ac3/execute/async - {"script":"<script> [776 bytes]","args":[{"enterText":"Intercompany Equipment WDIO","selector":{"id":"application-manageresources-display-component---newResourceUnit--SHORT_TEXT","interaction":{"idSuffix":"inner"}},"clearTextFirst":true,"interactionType":"ENTER_TEXT"}]}
RESULT: {"script":"<script> [776 bytes]","args":[{"enterText":"Intercompany Equipment WDIO","selector":{"id":"application-manageresources-display-component---newResourceUnit--SHORT_TEXT","interaction":{"idSuffix":"inner"}},"clearTextFirst":true,"interactionType":"ENTER_TEXT"}]}
COMMAND: POST /session/a49a846f150ab9031b86585360f30ac3/execute/async - {"script":"<script> [1562 bytes]","args":[{"selector":{"id":"application-manageresources-display-component---newResourceUnit--BASE_UNIT_OF_MEASURE","interaction":{"idSuffix":"inner"}},"wdio_ui5_key":"applicationmanageresources-display-component---newResourceUnit--BASE_UNIT_OF_MEASURE"}]}
RESULT: {"script":"<script> [1562 bytes]","args":[{"selector":{"id":"application-manageresources-display-component---newResourceUnit--BASE_UNIT_OF_MEASURE","interaction":{"idSuffix":"inner"}},"wdio_ui5_key":"applicationmanageresources-display-component---newResourceUnit--BASE_UNIT_OF_MEASURE"}]}
RESULT: undefined
COMMAND: POST /session/a49a846f150ab9031b86585360f30ac3/execute/async - {"script":"<script> [776 bytes]","args":[{"enterText":"Piece","selector":{"id":"application-manageresources-display-component---newResourceUnit--BASE_UNIT_OF_MEASURE","interaction":{"idSuffix":"inner"}},"clearTextFirst":true,"interactionType":"ENTER_TEXT"}]}
RESULT: {"script":"<script> [776 bytes]","args":[{"enterText":"Piece","selector":{"id":"application-manageresources-display-component---newResourceUnit--BASE_UNIT_OF_MEASURE","interaction":{"idSuffix":"inner"}},"clearTextFirst":true,"interactionType":"ENTER_TEXT"}]}
COMMAND: POST /session/a49a846f150ab9031b86585360f30ac3/execute/async - {"script":"<script> [1562 bytes]","args":[{"selector":{"id":"application-manageresources-display-component---newResourceUnit--WEIGHT_UNIT","interaction":{"idSuffix":"inner"}},"wdio_ui5_key":"applicationmanageresources-display-component---newResourceUnit--WEIGHT_UNIT"}]}
RESULT: {"script":"<script> [1562 bytes]","args":[{"selector":{"id":"application-manageresources-display-component---newResourceUnit--WEIGHT_UNIT","interaction":{"idSuffix":"inner"}},"wdio_ui5_key":"applicationmanageresources-display-component---newResourceUnit--WEIGHT_UNIT"}]}
RESULT: undefined
COMMAND: POST /session/a49a846f150ab9031b86585360f30ac3/execute/async - {"script":"<script> [776 bytes]","args":[{"enterText":"Gram","selector":{"id":"application-manageresources-display-component---newResourceUnit--WEIGHT_UNIT","interaction":{"idSuffix":"inner"}},"clearTextFirst":true,"interactionType":"ENTER_TEXT"}]}
RESULT: {"script":"<script> [776 bytes]","args":[{"enterText":"Gram","selector":{"id":"application-manageresources-display-component---newResourceUnit--WEIGHT_UNIT","interaction":{"idSuffix":"inner"}},"clearTextFirst":true,"interactionType":"ENTER_TEXT"}]}
COMMAND: POST /session/a49a846f150ab9031b86585360f30ac3/execute/async - {"script":"<script> [1562 bytes]","args":[{"selector":{"id":"application-manageresources-display-component---newResourceUnit--DIMENSION_UNIT","interaction":{"idSuffix":"inner"}},"wdio_ui5_key":"applicationmanageresources-display-component---newResourceUnit--DIMENSION_UNIT"}]}
RESULT: {"script":"<script> [1562 bytes]","args":[{"selector":{"id":"application-manageresources-display-component---newResourceUnit--DIMENSION_UNIT","interaction":{"idSuffix":"inner"}},"wdio_ui5_key":"applicationmanageresources-display-component---newResourceUnit--DIMENSION_UNIT"}]}
RESULT: undefined
COMMAND: POST /session/a49a846f150ab9031b86585360f30ac3/execute/async - {"script":"<script> [776 bytes]","args":[{"enterText":"Meter","selector":{"id":"application-manageresources-display-component---newResourceUnit--DIMENSION_UNIT","interaction":{"idSuffix":"inner"}},"clearTextFirst":true,"interactionType":"ENTER_TEXT"}]}
RESULT: {"script":"<script> [776 bytes]","args":[{"enterText":"Meter","selector":{"id":"application-manageresources-display-component---newResourceUnit--DIMENSION_UNIT","interaction":{"idSuffix":"inner"}},"clearTextFirst":true,"interactionType":"ENTER_TEXT"}]}
COMMAND: POST /session/a49a846f150ab9031b86585360f30ac3/execute/async - {"script":"<script> [1562 bytes]","args":[{"selector":{"id":"application-manageresources-display-component---newResourceUnit--newRRUPage-anchBar-application-manageresources-display-component---newResourceUnit--control-anchor","interaction":{"idSuffix":"BDI-content"}},"wdio_ui5_key":"applicationmanageresources-display-component---newResourceUnit--newRRUPage-anchBar-application-manageresources-display-component---newResourceUnit--control-anchor"}]}
RESULT: {"script":"<script> [1562 bytes]","args":[{"selector":{"id":"application-manageresources-display-component---newResourceUnit--newRRUPage-anchBar-application-manageresources-display-component---newResourceUnit--control-anchor","interaction":{"idSuffix":"BDI-content"}},"wdio_ui5_key":"applicationmanageresources-display-component---newResourceUnit--newRRUPage-anchBar-application-manageresources-display-component---newResourceUnit--control-anchor"}]}
RESULT: undefined
COMMAND: POST /session/a49a846f150ab9031b86585360f30ac3/element - {"using":"xpath","value":"//*[@id=\"application-manageresources-display-component---newResourceUnit--newRRUPage-anchBar-application-manageresources-display-component---newResourceUnit--control-anchor\"]"}
RESULT: {"using":"xpath","value":"//*[@id=\"application-manageresources-display-component---newResourceUnit--newRRUPage-anchBar-application-manageresources-display-component---newResourceUnit--control-anchor\"]"}
COMMAND: POST /session/a49a846f150ab9031b86585360f30ac3/element/f.6CD6B7C80D08F775EB7D2FFF8B2C9AB5.d.1D7DBBD89C3FEE6F287FD5C939141359.e.9362/click - {}
RESULT: {}
COMMAND: POST /session/a49a846f150ab9031b86585360f30ac3/execute/async - {"script":"<script> [1562 bytes]","args":[{"selector":{"id":"application-manageresources-display-component---newResourceUnit--PLANNING_GROUP","interaction":{"idSuffix":"inner"}},"wdio_ui5_key":"applicationmanageresources-display-component---newResourceUnit--PLANNING_GROUP"}]}
COMMAND: GET /session/a49a846f150ab9031b86585360f30ac3/screenshot - {}
RESULT: {"script":"<script> [1562 bytes]","args":[{"selector":{"id":"application-manageresources-display-component---newResourceUnit--PLANNING_GROUP","interaction":{"idSuffix":"inner"}},"wdio_ui5_key":"applicationmanageresources-display-component---newResourceUnit--PLANNING_GROUP"}]}
RESULT: undefined
COMMAND: POST /session/a49a846f150ab9031b86585360f30ac3/execute/async - {"script":"<script> [776 bytes]","args":[{"enterText":"Heavy Equi","selector":{"id":"application-manageresources-display-component---newResourceUnit--PLANNING_GROUP","interaction":{"idSuffix":"inner"}},"clearTextFirst":true,"interactionType":"ENTER_TEXT"}]}
RESULT: {}
RESULT: {"script":"<script> [776 bytes]","args":[{"enterText":"Heavy Equi","selector":{"id":"application-manageresources-display-component---newResourceUnit--PLANNING_GROUP","interaction":{"idSuffix":"inner"}},"clearTextFirst":true,"interactionType":"ENTER_TEXT"}]}
COMMAND: POST /session/a49a846f150ab9031b86585360f30ac3/execute/async - {"script":"<script> [1562 bytes]","args":[{"selector":{"id":"application-manageresources-display-component---newResourceUnit--ITEM_TYPE-arrow"},"wdio_ui5_key":"applicationmanageresources-display-component---newResourceUnit--ITEM_TYPE-arrow"}]}
RESULT: {"script":"<script> [1562 bytes]","args":[{"selector":{"id":"application-manageresources-display-component---newResourceUnit--ITEM_TYPE-arrow"},"wdio_ui5_key":"applicationmanageresources-display-component---newResourceUnit--ITEM_TYPE-arrow"}]}
RESULT: undefined
COMMAND: POST /session/a49a846f150ab9031b86585360f30ac3/element - {"using":"xpath","value":"//*[@id=\"application-manageresources-display-component---newResourceUnit--ITEM_TYPE-arrow\"]"}
RESULT: {"using":"xpath","value":"//*[@id=\"application-manageresources-display-component---newResourceUnit--ITEM_TYPE-arrow\"]"}
COMMAND: POST /session/a49a846f150ab9031b86585360f30ac3/element/f.6CD6B7C80D08F775EB7D2FFF8B2C9AB5.d.1D7DBBD89C3FEE6F287FD5C939141359.e.9371/click - {}
RESULT: {}
COMMAND: POST /session/a49a846f150ab9031b86585360f30ac3/element - {"using":"xpath","value":"(//span[contains(text(), \"Resource Unit\")])[2]"}
COMMAND: GET /session/a49a846f150ab9031b86585360f30ac3/screenshot - {}
RESULT: {"using":"xpath","value":"(//span[contains(text(), \"Resource Unit\")])[2]"}
COMMAND: POST /session/a49a846f150ab9031b86585360f30ac3/element/f.6CD6B7C80D08F775EB7D2FFF8B2C9AB5.d.1D7DBBD89C3FEE6F287FD5C939141359.e.9372/click - {}
RESULT: {}
RESULT: {}
COMMAND: GET /session/a49a846f150ab9031b86585360f30ac3/screenshot - {}
RESULT: {}
COMMAND: POST /session/a49a846f150ab9031b86585360f30ac3/element - {"using":"css selector","value":"#application-manageresources-display-component---newResourceUnit--btnAddTimeSegment"}
RESULT: {"using":"css selector","value":"#application-manageresources-display-component---newResourceUnit--btnAddTimeSegment"}
COMMAND: GET /session/a49a846f150ab9031b86585360f30ac3/element/f.6CD6B7C80D08F775EB7D2FFF8B2C9AB5.d.1D7DBBD89C3FEE6F287FD5C939141359.e.9373/rect - {}
RESULT: {}
COMMAND: GET /session/a49a846f150ab9031b86585360f30ac3/window/rect - {}
RESULT: {}
COMMAND: POST /session/a49a846f150ab9031b86585360f30ac3/execute/sync - {"script":"<script> [92 bytes]","args":[]}
RESULT: {"script":"<script> [92 bytes]","args":[]}
COMMAND: POST /session/a49a846f150ab9031b86585360f30ac3/actions - {"actions":[{"id":"action28","type":"wheel","parameters":{},"actions":[{"type":"scroll","x":-1888,"y":-32,"deltaX":0,"deltaY":0,"duration":0,"origin":{"element-6066-11e4-a52e-4f735466cecf":"f.6CD6B7C80D08F775EB7D2FFF8B2C9AB5.d.1D7DBBD89C3FEE6F287FD5C939141359.e.9373"}}]}]}
COMMAND: GET /session/a49a846f150ab9031b86585360f30ac3/screenshot - {}
RESULT: {}
COMMAND: POST /session/a49a846f150ab9031b86585360f30ac3/execute/sync - {"script":"<script> [79 bytes]","args":[{"element-6066-11e4-a52e-4f735466cecf":"f.6CD6B7C80D08F775EB7D2FFF8B2C9AB5.d.1D7DBBD89C3FEE6F287FD5C939141359.e.9373","ELEMENT":"f.6CD6B7C80D08F775EB7D2FFF8B2C9AB5.d.1D7DBBD89C3FEE6F287FD5C939141359.e.9373"},{"block":"start","inline":"nearest"}]}
RESULT: {"script":"<script> [79 bytes]","args":[{"element-6066-11e4-a52e-4f735466cecf":"f.6CD6B7C80D08F775EB7D2FFF8B2C9AB5.d.1D7DBBD89C3FEE6F287FD5C939141359.e.9373","ELEMENT":"f.6CD6B7C80D08F775EB7D2FFF8B2C9AB5.d.1D7DBBD89C3FEE6F287FD5C939141359.e.9373"},{"block":"start","inline":"nearest"}]}
COMMAND: POST /session/a49a846f150ab9031b86585360f30ac3/execute/async - {"script":"<script> [1562 bytes]","args":[{"selector":{"id":"application-manageresources-display-component---newResourceUnit--btnAddTimeSegment","interaction":{"idSuffix":"inner"}},"wdio_ui5_key":"applicationmanageresources-display-component---newResourceUnit--btnAddTimeSegment"}]}
COMMAND: GET /session/a49a846f150ab9031b86585360f30ac3/screenshot - {}
RESULT: {"script":"<script> [1562 bytes]","args":[{"selector":{"id":"application-manageresources-display-component---newResourceUnit--btnAddTimeSegment","interaction":{"idSuffix":"inner"}},"wdio_ui5_key":"applicationmanageresources-display-component---newResourceUnit--btnAddTimeSegment"}]}
RESULT: undefined
COMMAND: POST /session/a49a846f150ab9031b86585360f30ac3/element - {"using":"xpath","value":"//*[@id=\"application-manageresources-display-component---newResourceUnit--btnAddTimeSegment\"]"}
RESULT: {}
RESULT: {"using":"xpath","value":"//*[@id=\"application-manageresources-display-component---newResourceUnit--btnAddTimeSegment\"]"}
COMMAND: POST /session/a49a846f150ab9031b86585360f30ac3/element/f.6CD6B7C80D08F775EB7D2FFF8B2C9AB5.d.1D7DBBD89C3FEE6F287FD5C939141359.e.9373/click - {}
RESULT: {}
COMMAND: GET /session/a49a846f150ab9031b86585360f30ac3/screenshot - {}
RESULT: {}
COMMAND: POST /session/a49a846f150ab9031b86585360f30ac3/element - {"using":"xpath","value":"//input[@id=\"application-manageresources-display-component---newResourceUnit--idRuTSAdmin-application-manageresources-display-component---newResourceUnit--RUTimeSegment-0-inner\"]"}
RESULT: {"using":"xpath","value":"//input[@id=\"application-manageresources-display-component---newResourceUnit--idRuTSAdmin-application-manageresources-display-component---newResourceUnit--RUTimeSegment-0-inner\"]"}
COMMAND: POST /session/a49a846f150ab9031b86585360f30ac3/element/f.6CD6B7C80D08F775EB7D2FFF8B2C9AB5.d.1D7DBBD89C3FEE6F287FD5C939141359.e.9379/clear - {}
RESULT: {}
COMMAND: POST /session/a49a846f150ab9031b86585360f30ac3/element/f.6CD6B7C80D08F775EB7D2FFF8B2C9AB5.d.1D7DBBD89C3FEE6F287FD5C939141359.e.9379/value - {"text":"375"}
COMMAND: GET /session/a49a846f150ab9031b86585360f30ac3/screenshot - {}
RESULT: {"text":"375"}
COMMAND: GET /session/a49a846f150ab9031b86585360f30ac3/screenshot - {}
RESULT: {}
RESULT: {}
COMMAND: POST /session/a49a846f150ab9031b86585360f30ac3/element - {"using":"xpath","value":"//li[.//span[text()='375']]"}
RESULT: {"using":"xpath","value":"//li[.//span[text()='375']]"}
COMMAND: POST /session/a49a846f150ab9031b86585360f30ac3/element/f.6CD6B7C80D08F775EB7D2FFF8B2C9AB5.d.1D7DBBD89C3FEE6F287FD5C939141359.e.9391/click - {}
RESULT: {}
COMMAND: GET /session/a49a846f150ab9031b86585360f30ac3/screenshot - {}
RESULT: {}
COMMAND: POST /session/a49a846f150ab9031b86585360f30ac3/element - {"using":"xpath","value":"(//span[contains(@id, \"-application-manageresources-display-component---newResourceUnit--RUTimeSegment-0-arrow\")])[6]"}
RESULT: {"using":"xpath","value":"(//span[contains(@id, \"-application-manageresources-display-component---newResourceUnit--RUTimeSegment-0-arrow\")])[6]"}
COMMAND: POST /session/a49a846f150ab9031b86585360f30ac3/element/f.6CD6B7C80D08F775EB7D2FFF8B2C9AB5.d.1D7DBBD89C3FEE6F287FD5C939141359.e.9392/click - {}
RESULT: {}
COMMAND: POST /session/a49a846f150ab9031b86585360f30ac3/element - {"using":"xpath","value":"//span[contains(text(), \"PM Order\")]"}
COMMAND: GET /session/a49a846f150ab9031b86585360f30ac3/screenshot - {}
RESULT: {"using":"xpath","value":"//span[contains(text(), \"PM Order\")]"}
COMMAND: POST /session/a49a846f150ab9031b86585360f30ac3/element/f.6CD6B7C80D08F775EB7D2FFF8B2C9AB5.d.1D7DBBD89C3FEE6F287FD5C939141359.e.9395/click - {}
RESULT: {}
RESULT: {}
COMMAND: GET /session/a49a846f150ab9031b86585360f30ac3/screenshot - {}
RESULT: {}
COMMAND: POST /session/a49a846f150ab9031b86585360f30ac3/element - {"using":"xpath","value":"(//span[contains(@id ,\"manageresources-display-component---newResourceUnit--RUTimeSegment-0-vhi\")])[1]"}
RESULT: {"using":"xpath","value":"(//span[contains(@id ,\"manageresources-display-component---newResourceUnit--RUTimeSegment-0-vhi\")])[1]"}
COMMAND: GET /session/a49a846f150ab9031b86585360f30ac3/element/f.6CD6B7C80D08F775EB7D2FFF8B2C9AB5.d.1D7DBBD89C3FEE6F287FD5C939141359.e.9399/rect - {}
RESULT: {}
COMMAND: GET /session/a49a846f150ab9031b86585360f30ac3/window/rect - {}
RESULT: {}
COMMAND: POST /session/a49a846f150ab9031b86585360f30ac3/execute/sync - {"script":"<script> [92 bytes]","args":[]}
RESULT: {"script":"<script> [92 bytes]","args":[]}
COMMAND: POST /session/a49a846f150ab9031b86585360f30ac3/actions - {"actions":[{"id":"action29","type":"wheel","parameters":{},"actions":[{"type":"scroll","x":-869,"y":-24,"deltaX":0,"deltaY":0,"duration":0,"origin":{"element-6066-11e4-a52e-4f735466cecf":"f.6CD6B7C80D08F775EB7D2FFF8B2C9AB5.d.1D7DBBD89C3FEE6F287FD5C939141359.e.9399"}}]}]}
COMMAND: GET /session/a49a846f150ab9031b86585360f30ac3/screenshot - {}
RESULT: {"actions":[{"id":"action29","type":"wheel","parameters":{},"actions":[{"type":"scroll","x":-869,"y":-24,"deltaX":0,"deltaY":0,"duration":0,"origin":{"element-6066-11e4-a52e-4f735466cecf":"f.6CD6B7C80D08F775EB7D2FFF8B2C9AB5.d.1D7DBBD89C3FEE6F287FD5C939141359.e.9399"}}]}]}
COMMAND: DELETE /session/a49a846f150ab9031b86585360f30ac3/actions - {}
COMMAND: GET /session/a49a846f150ab9031b86585360f30ac3/screenshot - {}
RESULT: {}
RESULT: {}
COMMAND: GET /session/a49a846f150ab9031b86585360f30ac3/screenshot - {}
RESULT: {}
RESULT: {}
COMMAND: POST /session/a49a846f150ab9031b86585360f30ac3/element/f.6CD6B7C80D08F775EB7D2FFF8B2C9AB5.d.1D7DBBD89C3FEE6F287FD5C939141359.e.9399/click - {}
RESULT: {}
COMMAND: GET /session/a49a846f150ab9031b86585360f30ac3/screenshot - {}
RESULT: {}
RESULT: undefined
COMMAND: POST /session/a49a846f150ab9031b86585360f30ac3/execute/async - {"script":"<script> [776 bytes]","args":[{"enterText":"4000360","selector":{"controlType":"sap.m.SearchField","properties":{"placeholder":"Search"},"searchOpenDialogs":true,"interaction":{"idSuffix":"I"}},"clearTextFirst":true,"interactionType":"ENTER_TEXT"}]}
RESULT: {"script":"<script> [776 bytes]","args":[{"enterText":"4000360","selector":{"controlType":"sap.m.SearchField","properties":{"placeholder":"Search"},"searchOpenDialogs":true,"interaction":{"idSuffix":"I"}},"clearTextFirst":true,"interactionType":"ENTER_TEXT"}]}
COMMAND: POST /session/a49a846f150ab9031b86585360f30ac3/actions - {"actions":[{"id":"action30","type":"key","parameters":{},"actions":[{"type":"keyDown","value":"î€‡"},{"type":"pause","duration":10},{"type":"keyUp","value":"î€‡"}]}]}
RESULT: {"actions":[{"id":"action30","type":"key","parameters":{},"actions":[{"type":"keyDown","value":"î€‡"},{"type":"pause","duration":10},{"type":"keyUp","value":"î€‡"}]}]}
COMMAND: GET /session/a49a846f150ab9031b86585360f30ac3/screenshot - {}
RESULT: {}
COMMAND: POST /session/a49a846f150ab9031b86585360f30ac3/element - {"using":"xpath","value":"//td/div/span[contains(text(), \"BGL Vehicles\")]"}
RESULT: {"using":"xpath","value":"//td/div/span[contains(text(), \"BGL Vehicles\")]"}
COMMAND: POST /session/a49a846f150ab9031b86585360f30ac3/element/f.6CD6B7C80D08F775EB7D2FFF8B2C9AB5.d.1D7DBBD89C3FEE6F287FD5C939141359.e.9419/click - {}
RESULT: {}
COMMAND: GET /session/a49a846f150ab9031b86585360f30ac3/screenshot - {}
RESULT: {}
COMMAND: POST /session/a49a846f150ab9031b86585360f30ac3/element - {"using":"xpath","value":"//bdi[contains(text(), \"OK\")]"}
RESULT: {"using":"xpath","value":"//bdi[contains(text(), \"OK\")]"}
COMMAND: POST /session/a49a846f150ab9031b86585360f30ac3/element/f.6CD6B7C80D08F775EB7D2FFF8B2C9AB5.d.1D7DBBD89C3FEE6F287FD5C939141359.e.9420/click - {}
RESULT: {}
COMMAND: GET /session/a49a846f150ab9031b86585360f30ac3/screenshot - {}
RESULT: {}
COMMAND: POST /session/a49a846f150ab9031b86585360f30ac3/execute/async - {"script":"<script> [1562 bytes]","args":[{"selector":{"id":"application-manageresources-display-component---newResourceUnit--newRRUPage-anchBar-application-manageresources-display-component---newResourceUnit--resource-anchor","interaction":{"idSuffix":"BDI-content"}},"wdio_ui5_key":"applicationmanageresources-display-component---newResourceUnit--newRRUPage-anchBar-application-manageresources-display-component---newResourceUnit--resource-anchor"}]}
RESULT: {"script":"<script> [1562 bytes]","args":[{"selector":{"id":"application-manageresources-display-component---newResourceUnit--newRRUPage-anchBar-application-manageresources-display-component---newResourceUnit--resource-anchor","interaction":{"idSuffix":"BDI-content"}},"wdio_ui5_key":"applicationmanageresources-display-component---newResourceUnit--newRRUPage-anchBar-application-manageresources-display-component---newResourceUnit--resource-anchor"}]}
RESULT: undefined
COMMAND: POST /session/a49a846f150ab9031b86585360f30ac3/element - {"using":"xpath","value":"//*[@id=\"application-manageresources-display-component---newResourceUnit--newRRUPage-anchBar-application-manageresources-display-component---newResourceUnit--resource-anchor\"]"}
RESULT: {"using":"xpath","value":"//*[@id=\"application-manageresources-display-component---newResourceUnit--newRRUPage-anchBar-application-manageresources-display-component---newResourceUnit--resource-anchor\"]"}
COMMAND: POST /session/a49a846f150ab9031b86585360f30ac3/element/f.6CD6B7C80D08F775EB7D2FFF8B2C9AB5.d.1D7DBBD89C3FEE6F287FD5C939141359.e.9424/click - {}
RESULT: {}
COMMAND: POST /session/a49a846f150ab9031b86585360f30ac3/execute/async - {"script":"<script> [1562 bytes]","args":[{"selector":{"id":"application-manageresources-display-component---newResourceUnit--PLANNED_DELIVERY_DATE","interaction":{"idSuffix":"inner"}},"wdio_ui5_key":"applicationmanageresources-display-component---newResourceUnit--PLANNED_DELIVERY_DATE"}]}
COMMAND: GET /session/a49a846f150ab9031b86585360f30ac3/screenshot - {}
RESULT: {"script":"<script> [1562 bytes]","args":[{"selector":{"id":"application-manageresources-display-component---newResourceUnit--PLANNED_DELIVERY_DATE","interaction":{"idSuffix":"inner"}},"wdio_ui5_key":"applicationmanageresources-display-component---newResourceUnit--PLANNED_DELIVERY_DATE"}]}
RESULT: undefined
COMMAND: POST /session/a49a846f150ab9031b86585360f30ac3/execute/async - {"script":"<script> [6424 bytes]","args":[{"element-6066-11e4-a52e-4f735466cecf":"f.6CD6B7C80D08F775EB7D2FFF8B2C9AB5.d.1D7DBBD89C3FEE6F287FD5C939141359.e.9285"},"setValue",["4/29/25"]]}
RESULT: {}
RESULT: {"script":"<script> [6424 bytes]","args":[{"element-6066-11e4-a52e-4f735466cecf":"f.6CD6B7C80D08F775EB7D2FFF8B2C9AB5.d.1D7DBBD89C3FEE6F287FD5C939141359.e.9285"},"setValue",["4/29/25"]]}
COMMAND: POST /session/a49a846f150ab9031b86585360f30ac3/element - {"using":"xpath","value":"//button[@data-kt=\"resourceUnitSaveButton\"]"}
RESULT: {"using":"xpath","value":"//button[@data-kt=\"resourceUnitSaveButton\"]"}
COMMAND: POST /session/a49a846f150ab9031b86585360f30ac3/element/f.6CD6B7C80D08F775EB7D2FFF8B2C9AB5.d.1D7DBBD89C3FEE6F287FD5C939141359.e.9246/click - {}
RESULT: {}
COMMAND: GET /session/a49a846f150ab9031b86585360f30ac3/screenshot - {}
RESULT: {}
COMMAND: POST /session/a49a846f150ab9031b86585360f30ac3/element - {"using":"xpath","value":"//bdi[contains(text(), \"Close\")]"}
RESULT: {"using":"xpath","value":"//bdi[contains(text(), \"Close\")]"}
COMMAND: POST /session/a49a846f150ab9031b86585360f30ac3/element/f.6CD6B7C80D08F775EB7D2FFF8B2C9AB5.d.1D7DBBD89C3FEE6F287FD5C939141359.e.9432/click - {}
RESULT: {}
COMMAND: GET /session/a49a846f150ab9031b86585360f30ac3/screenshot - {}
RESULT: {}
COMMAND: POST /session/a49a846f150ab9031b86585360f30ac3/element - {"using":"xpath","value":"//bdi[contains(text(), \"Edit\")]"}
RESULT: {"using":"xpath","value":"//bdi[contains(text(), \"Edit\")]"}
COMMAND: POST /session/a49a846f150ab9031b86585360f30ac3/execute/sync - {"script":"<script> [8489 bytes]","args":[{"element-6066-11e4-a52e-4f735466cecf":"f.6CD6B7C80D08F775EB7D2FFF8B2C9AB5.d.1D7DBBD89C3FEE6F287FD5C939141359.e.9486","ELEMENT":"f.6CD6B7C80D08F775EB7D2FFF8B2C9AB5.d.1D7DBBD89C3FEE6F287FD5C939141359.e.9486"}]}
RESULT: {"script":"<script> [8489 bytes]","args":[{"element-6066-11e4-a52e-4f735466cecf":"f.6CD6B7C80D08F775EB7D2FFF8B2C9AB5.d.1D7DBBD89C3FEE6F287FD5C939141359.e.9486","ELEMENT":"f.6CD6B7C80D08F775EB7D2FFF8B2C9AB5.d.1D7DBBD89C3FEE6F287FD5C939141359.e.9486"}]}
COMMAND: POST /session/a49a846f150ab9031b86585360f30ac3/element/f.6CD6B7C80D08F775EB7D2FFF8B2C9AB5.d.1D7DBBD89C3FEE6F287FD5C939141359.e.9486/click - {}
COMMAND: GET /session/a49a846f150ab9031b86585360f30ac3/screenshot - {}
RESULT: {}
COMMAND: GET /session/a49a846f150ab9031b86585360f30ac3/screenshot - {}
RESULT: {}
RESULT: {}
COMMAND: POST /session/a49a846f150ab9031b86585360f30ac3/execute/async - {"script":"<script> [1562 bytes]","args":[{"selector":{"id":"application-manageresources-display-component---editResource--editRruPage-anchBar-application-manageresources-display-component---editResource--counters-anchor","interaction":{"idSuffix":"BDI-content"}},"wdio_ui5_key":"applicationmanageresources-display-component---editResource--editRruPage-anchBar-application-manageresources-display-component---editResource--counters-anchor"}]}
RESULT: {"script":"<script> [1562 bytes]","args":[{"selector":{"id":"application-manageresources-display-component---editResource--editRruPage-anchBar-application-manageresources-display-component---editResource--counters-anchor","interaction":{"idSuffix":"BDI-content"}},"wdio_ui5_key":"applicationmanageresources-display-component---editResource--editRruPage-anchBar-application-manageresources-display-component---editResource--counters-anchor"}]}
RESULT: undefined
COMMAND: POST /session/a49a846f150ab9031b86585360f30ac3/element - {"using":"xpath","value":"//*[@id=\"application-manageresources-display-component---editResource--editRruPage-anchBar-application-manageresources-display-component---editResource--counters-anchor\"]"}
RESULT: {"using":"xpath","value":"//*[@id=\"application-manageresources-display-component---editResource--editRruPage-anchBar-application-manageresources-display-component---editResource--counters-anchor\"]"}
COMMAND: POST /session/a49a846f150ab9031b86585360f30ac3/element/f.6CD6B7C80D08F775EB7D2FFF8B2C9AB5.d.1D7DBBD89C3FEE6F287FD5C939141359.e.9599/click - {}
RESULT: {}
COMMAND: GET /session/a49a846f150ab9031b86585360f30ac3/screenshot - {}
RESULT: {}
COMMAND: POST /session/a49a846f150ab9031b86585360f30ac3/execute/async - {"script":"<script> [1562 bytes]","args":[{"selector":{"id":"application-manageresources-display-component---editResource--btnAddCounter-img"},"wdio_ui5_key":"applicationmanageresources-display-component---editResource--btnAddCounter-img"}]}
RESULT: {"script":"<script> [1562 bytes]","args":[{"selector":{"id":"application-manageresources-display-component---editResource--btnAddCounter-img"},"wdio_ui5_key":"applicationmanageresources-display-component---editResource--btnAddCounter-img"}]}
RESULT: undefined
COMMAND: POST /session/a49a846f150ab9031b86585360f30ac3/element - {"using":"xpath","value":"//*[@id=\"application-manageresources-display-component---editResource--btnAddCounter-img\"]"}
RESULT: {"using":"xpath","value":"//*[@id=\"application-manageresources-display-component---editResource--btnAddCounter-img\"]"}
COMMAND: POST /session/a49a846f150ab9031b86585360f30ac3/element/f.6CD6B7C80D08F775EB7D2FFF8B2C9AB5.d.1D7DBBD89C3FEE6F287FD5C939141359.e.9633/click - {}
RESULT: {}
COMMAND: POST /session/a49a846f150ab9031b86585360f30ac3/execute/async - {"script":"<script> [1562 bytes]","args":[{"selector":{"id":"application-manageresources-display-component---editResource--COUNTER_ID-application-manageresources-display-component---editResource--RUCounters-0-arrow"},"wdio_ui5_key":"applicationmanageresources-display-component---editResource--COUNTER_ID-application-manageresources-display-component---editResource--RUCounters-0-arrow"}]}
COMMAND: GET /session/a49a846f150ab9031b86585360f30ac3/screenshot - {}
RESULT: {"script":"<script> [1562 bytes]","args":[{"selector":{"id":"application-manageresources-display-component---editResource--COUNTER_ID-application-manageresources-display-component---editResource--RUCounters-0-arrow"},"wdio_ui5_key":"applicationmanageresources-display-component---editResource--COUNTER_ID-application-manageresources-display-component---editResource--RUCounters-0-arrow"}]}
RESULT: undefined
COMMAND: POST /session/a49a846f150ab9031b86585360f30ac3/element - {"using":"xpath","value":"//*[@id=\"application-manageresources-display-component---editResource--COUNTER_ID-application-manageresources-display-component---editResource--RUCounters-0-arrow\"]"}
RESULT: {}
RESULT: {"using":"xpath","value":"//*[@id=\"application-manageresources-display-component---editResource--COUNTER_ID-application-manageresources-display-component---editResource--RUCounters-0-arrow\"]"}
COMMAND: POST /session/a49a846f150ab9031b86585360f30ac3/element/f.6CD6B7C80D08F775EB7D2FFF8B2C9AB5.d.1D7DBBD89C3FEE6F287FD5C939141359.e.9638/click - {}
RESULT: {}
COMMAND: POST /session/a49a846f150ab9031b86585360f30ac3/execute/async - {"script":"<script> [1562 bytes]","args":[{"selector":{"controlType":"sap.m.StandardListItem","viewName":"etm.portal.ui.manageresources.view.EditResource","viewId":"application-manageresources-display-component---editResource","properties":{"title":"fuel"},"searchOpenDialogs":true,"interaction":{"idSuffix":"content"}},"wdio_ui5_key":"etmportal.ui.manageresources.view.EditResourcesap.m.StandardListItem{\"title\":\"fuel\"}"}]}
COMMAND: GET /session/a49a846f150ab9031b86585360f30ac3/screenshot - {}
RESULT: {"script":"<script> [1562 bytes]","args":[{"selector":{"controlType":"sap.m.StandardListItem","viewName":"etm.portal.ui.manageresources.view.EditResource","viewId":"application-manageresources-display-component---editResource","properties":{"title":"fuel"},"searchOpenDialogs":true,"interaction":{"idSuffix":"content"}},"wdio_ui5_key":"etmportal.ui.manageresources.view.EditResourcesap.m.StandardListItem{\"title\":\"fuel\"}"}]}
RESULT: undefined
COMMAND: POST /session/a49a846f150ab9031b86585360f30ac3/element - {"using":"xpath","value":"//*[@id=\"__item2207\"]"}
RESULT: {}
RESULT: {"using":"xpath","value":"//*[@id=\"__item2207\"]"}
COMMAND: POST /session/a49a846f150ab9031b86585360f30ac3/element/f.6CD6B7C80D08F775EB7D2FFF8B2C9AB5.d.1D7DBBD89C3FEE6F287FD5C939141359.e.9640/click - {}
RESULT: {}
COMMAND: GET /session/a49a846f150ab9031b86585360f30ac3/screenshot - {}
RESULT: {}
COMMAND: POST /session/a49a846f150ab9031b86585360f30ac3/element - {"using":"xpath","value":"//button[@data-kt=\"saveButton\"]"}
RESULT: {"using":"xpath","value":"//button[@data-kt=\"saveButton\"]"}
COMMAND: POST /session/a49a846f150ab9031b86585360f30ac3/element/f.6CD6B7C80D08F775EB7D2FFF8B2C9AB5.d.1D7DBBD89C3FEE6F287FD5C939141359.e.9641/click - {}
RESULT: {}
COMMAND: GET /session/a49a846f150ab9031b86585360f30ac3/screenshot - {}
RESULT: {}
COMMAND: POST /session/a49a846f150ab9031b86585360f30ac3/element - {"using":"xpath","value":"(//button[contains(@id ,\"actionsToolbar-overflowButton\")])[1]"}
RESULT: {"using":"xpath","value":"(//button[contains(@id ,\"actionsToolbar-overflowButton\")])[1]"}
COMMAND: POST /session/a49a846f150ab9031b86585360f30ac3/element/f.6CD6B7C80D08F775EB7D2FFF8B2C9AB5.d.1D7DBBD89C3FEE6F287FD5C939141359.e.9654/click - {}
RESULT: {}
COMMAND: GET /session/a49a846f150ab9031b86585360f30ac3/screenshot - {}
RESULT: {}
COMMAND: POST /session/a49a846f150ab9031b86585360f30ac3/element - {"using":"xpath","value":"//button[@data-kt=\"priceInfoButton\"]"}
RESULT: {"using":"xpath","value":"//button[@data-kt=\"priceInfoButton\"]"}
COMMAND: POST /session/a49a846f150ab9031b86585360f30ac3/element/f.6CD6B7C80D08F775EB7D2FFF8B2C9AB5.d.1D7DBBD89C3FEE6F287FD5C939141359.e.9656/click - {}
RESULT: {}
COMMAND: GET /session/a49a846f150ab9031b86585360f30ac3/screenshot - {}
]]></system-out>
    </testcase>
    <testcase classname="chrome.135_0_7049_96.windows.Create_master_data_for_mixed_billing_&amp;_do_billing_calculation_US151661" name="Should create a TB pricing procedure" time="53.879">
      <system-out><![CDATA[
COMMAND: POST /session/a49a846f150ab9031b86585360f30ac3/element - {"using":"xpath","value":"//button[@data-kt=\"addButton\"]"}
RESULT: {}
RESULT: {"using":"xpath","value":"//button[@data-kt=\"addButton\"]"}
COMMAND: POST /session/a49a846f150ab9031b86585360f30ac3/elements - {"using":"xpath","value":"//button[@data-kt=\"addButton\"]"}
RESULT: {"using":"xpath","value":"//button[@data-kt=\"addButton\"]"}
COMMAND: POST /session/a49a846f150ab9031b86585360f30ac3/execute/sync - {"script":"<script> [8489 bytes]","args":[{"element-6066-11e4-a52e-4f735466cecf":"f.6CD6B7C80D08F775EB7D2FFF8B2C9AB5.d.1D7DBBD89C3FEE6F287FD5C939141359.e.9694","ELEMENT":"f.6CD6B7C80D08F775EB7D2FFF8B2C9AB5.d.1D7DBBD89C3FEE6F287FD5C939141359.e.9694"}]}
RESULT: {"script":"<script> [8489 bytes]","args":[{"element-6066-11e4-a52e-4f735466cecf":"f.6CD6B7C80D08F775EB7D2FFF8B2C9AB5.d.1D7DBBD89C3FEE6F287FD5C939141359.e.9694","ELEMENT":"f.6CD6B7C80D08F775EB7D2FFF8B2C9AB5.d.1D7DBBD89C3FEE6F287FD5C939141359.e.9694"}]}
COMMAND: GET /session/a49a846f150ab9031b86585360f30ac3/element/f.6CD6B7C80D08F775EB7D2FFF8B2C9AB5.d.1D7DBBD89C3FEE6F287FD5C939141359.e.9694/enabled - {}
COMMAND: GET /session/a49a846f150ab9031b86585360f30ac3/screenshot - {}
RESULT: {}
COMMAND: POST /session/a49a846f150ab9031b86585360f30ac3/execute/sync - {"script":"<script> [8489 bytes]","args":[{"element-6066-11e4-a52e-4f735466cecf":"f.6CD6B7C80D08F775EB7D2FFF8B2C9AB5.d.1D7DBBD89C3FEE6F287FD5C939141359.e.9694","ELEMENT":"f.6CD6B7C80D08F775EB7D2FFF8B2C9AB5.d.1D7DBBD89C3FEE6F287FD5C939141359.e.9694"}]}
COMMAND: GET /session/a49a846f150ab9031b86585360f30ac3/screenshot - {}
RESULT: {}
RESULT: {"script":"<script> [8489 bytes]","args":[{"element-6066-11e4-a52e-4f735466cecf":"f.6CD6B7C80D08F775EB7D2FFF8B2C9AB5.d.1D7DBBD89C3FEE6F287FD5C939141359.e.9694","ELEMENT":"f.6CD6B7C80D08F775EB7D2FFF8B2C9AB5.d.1D7DBBD89C3FEE6F287FD5C939141359.e.9694"}]}
COMMAND: POST /session/a49a846f150ab9031b86585360f30ac3/execute/sync - {"script":"<script> [5351 bytes]","args":[{"element-6066-11e4-a52e-4f735466cecf":"f.6CD6B7C80D08F775EB7D2FFF8B2C9AB5.d.1D7DBBD89C3FEE6F287FD5C939141359.e.9694","ELEMENT":"f.6CD6B7C80D08F775EB7D2FFF8B2C9AB5.d.1D7DBBD89C3FEE6F287FD5C939141359.e.9694"}]}
COMMAND: GET /session/a49a846f150ab9031b86585360f30ac3/screenshot - {}
RESULT: {}
RESULT: {"script":"<script> [5351 bytes]","args":[{"element-6066-11e4-a52e-4f735466cecf":"f.6CD6B7C80D08F775EB7D2FFF8B2C9AB5.d.1D7DBBD89C3FEE6F287FD5C939141359.e.9694","ELEMENT":"f.6CD6B7C80D08F775EB7D2FFF8B2C9AB5.d.1D7DBBD89C3FEE6F287FD5C939141359.e.9694"}]}
COMMAND: POST /session/a49a846f150ab9031b86585360f30ac3/element/f.6CD6B7C80D08F775EB7D2FFF8B2C9AB5.d.1D7DBBD89C3FEE6F287FD5C939141359.e.9694/click - {}
COMMAND: GET /session/a49a846f150ab9031b86585360f30ac3/screenshot - {}
RESULT: {}
RESULT: {}
COMMAND: GET /session/a49a846f150ab9031b86585360f30ac3/screenshot - {}
RESULT: {}
RESULT: {}
COMMAND: POST /session/a49a846f150ab9031b86585360f30ac3/execute/async - {"script":"<script> [1562 bytes]","args":[{"selector":{"controlType":"sap.m.Title","viewName":"etm.portal.ui.managepricingrules.view.NewItem","viewId":"application-managepricingrules-display-component---newInfoPriceItem","properties":{"text":"New Pricing Rules - Item Level"}},"wdio_ui5_key":"etmportal.ui.managepricingrules.view.NewItemsap.m.Title{\"text\":\"New Pricing Rules - Item Level\"}"}]}
RESULT: {"script":"<script> [1562 bytes]","args":[{"selector":{"controlType":"sap.m.Title","viewName":"etm.portal.ui.managepricingrules.view.NewItem","viewId":"application-managepricingrules-display-component---newInfoPriceItem","properties":{"text":"New Pricing Rules - Item Level"}},"wdio_ui5_key":"etmportal.ui.managepricingrules.view.NewItemsap.m.Title{\"text\":\"New Pricing Rules - Item Level\"}"}]}
RESULT: undefined
COMMAND: POST /session/a49a846f150ab9031b86585360f30ac3/execute/async - {"script":"<script> [6424 bytes]","args":[{"element-6066-11e4-a52e-4f735466cecf":"f.6CD6B7C80D08F775EB7D2FFF8B2C9AB5.d.1D7DBBD89C3FEE6F287FD5C939141359.e.9865"},"getText",[]]}
RESULT: {"script":"<script> [6424 bytes]","args":[{"element-6066-11e4-a52e-4f735466cecf":"f.6CD6B7C80D08F775EB7D2FFF8B2C9AB5.d.1D7DBBD89C3FEE6F287FD5C939141359.e.9865"},"getText",[]]}
COMMAND: POST /session/a49a846f150ab9031b86585360f30ac3/execute/async - {"script":"<script> [1562 bytes]","args":[{"selector":{"id":"application-managepricingrules-display-component---newInfoPriceItem--condValidTo","interaction":{"idSuffix":"inner"}},"wdio_ui5_key":"applicationmanagepricingrules-display-component---newInfoPriceItem--condValidTo"}]}
RESULT: {"script":"<script> [1562 bytes]","args":[{"selector":{"id":"application-managepricingrules-display-component---newInfoPriceItem--condValidTo","interaction":{"idSuffix":"inner"}},"wdio_ui5_key":"applicationmanagepricingrules-display-component---newInfoPriceItem--condValidTo"}]}
RESULT: undefined
COMMAND: POST /session/a49a846f150ab9031b86585360f30ac3/execute/async - {"script":"<script> [776 bytes]","args":[{"enterText":"12/29/25","selector":{"id":"application-managepricingrules-display-component---newInfoPriceItem--condValidTo","interaction":{"idSuffix":"inner"}},"clearTextFirst":true,"interactionType":"ENTER_TEXT"}]}
RESULT: {"script":"<script> [776 bytes]","args":[{"enterText":"12/29/25","selector":{"id":"application-managepricingrules-display-component---newInfoPriceItem--condValidTo","interaction":{"idSuffix":"inner"}},"clearTextFirst":true,"interactionType":"ENTER_TEXT"}]}
COMMAND: POST /session/a49a846f150ab9031b86585360f30ac3/execute/async - {"script":"<script> [1562 bytes]","args":[{"selector":{"id":"application-managepricingrules-display-component---newInfoPriceItem--billType-arrow"},"wdio_ui5_key":"applicationmanagepricingrules-display-component---newInfoPriceItem--billType-arrow"}]}
RESULT: {"script":"<script> [1562 bytes]","args":[{"selector":{"id":"application-managepricingrules-display-component---newInfoPriceItem--billType-arrow"},"wdio_ui5_key":"applicationmanagepricingrules-display-component---newInfoPriceItem--billType-arrow"}]}
RESULT: undefined
COMMAND: POST /session/a49a846f150ab9031b86585360f30ac3/element - {"using":"xpath","value":"//*[@id=\"application-managepricingrules-display-component---newInfoPriceItem--billType-arrow\"]"}
RESULT: {"using":"xpath","value":"//*[@id=\"application-managepricingrules-display-component---newInfoPriceItem--billType-arrow\"]"}
COMMAND: POST /session/a49a846f150ab9031b86585360f30ac3/element/f.6CD6B7C80D08F775EB7D2FFF8B2C9AB5.d.1D7DBBD89C3FEE6F287FD5C939141359.e.9827/click - {}
RESULT: {}
COMMAND: POST /session/a49a846f150ab9031b86585360f30ac3/element - {"using":"xpath","value":"//span[contains(text(), \"TB - Time based\")]"}
COMMAND: GET /session/a49a846f150ab9031b86585360f30ac3/screenshot - {}
RESULT: {"using":"xpath","value":"//span[contains(text(), \"TB - Time based\")]"}
COMMAND: POST /session/a49a846f150ab9031b86585360f30ac3/element/f.6CD6B7C80D08F775EB7D2FFF8B2C9AB5.d.1D7DBBD89C3FEE6F287FD5C939141359.e.9868/click - {}
RESULT: {}
RESULT: {}
COMMAND: POST /session/a49a846f150ab9031b86585360f30ac3/execute/async - {"script":"<script> [1562 bytes]","args":[{"selector":{"id":"application-managepricingrules-display-component---newInfoPriceItem--priceProc-arrow"},"wdio_ui5_key":"applicationmanagepricingrules-display-component---newInfoPriceItem--priceProc-arrow"}]}
COMMAND: GET /session/a49a846f150ab9031b86585360f30ac3/screenshot - {}
RESULT: {"script":"<script> [1562 bytes]","args":[{"selector":{"id":"application-managepricingrules-display-component---newInfoPriceItem--priceProc-arrow"},"wdio_ui5_key":"applicationmanagepricingrules-display-component---newInfoPriceItem--priceProc-arrow"}]}
RESULT: undefined
COMMAND: POST /session/a49a846f150ab9031b86585360f30ac3/element - {"using":"xpath","value":"//*[@id=\"application-managepricingrules-display-component---newInfoPriceItem--priceProc-arrow\"]"}
RESULT: {}
RESULT: {"using":"xpath","value":"//*[@id=\"application-managepricingrules-display-component---newInfoPriceItem--priceProc-arrow\"]"}
COMMAND: POST /session/a49a846f150ab9031b86585360f30ac3/element/f.6CD6B7C80D08F775EB7D2FFF8B2C9AB5.d.1D7DBBD89C3FEE6F287FD5C939141359.e.9834/click - {}
RESULT: {}
COMMAND: POST /session/a49a846f150ab9031b86585360f30ac3/element - {"using":"xpath","value":"//span[contains(text(), \"TB - Time based BGL\")]"}
COMMAND: GET /session/a49a846f150ab9031b86585360f30ac3/screenshot - {}
RESULT: {"using":"xpath","value":"//span[contains(text(), \"TB - Time based BGL\")]"}
COMMAND: POST /session/a49a846f150ab9031b86585360f30ac3/element/f.6CD6B7C80D08F775EB7D2FFF8B2C9AB5.d.1D7DBBD89C3FEE6F287FD5C939141359.e.9869/click - {}
RESULT: {}
RESULT: {}
COMMAND: POST /session/a49a846f150ab9031b86585360f30ac3/execute/async - {"script":"<script> [1562 bytes]","args":[{"selector":{"id":"application-managepricingrules-display-component---newInfoPriceItem--calcBase-arrow"},"wdio_ui5_key":"applicationmanagepricingrules-display-component---newInfoPriceItem--calcBase-arrow"}]}
COMMAND: GET /session/a49a846f150ab9031b86585360f30ac3/screenshot - {}
RESULT: {"script":"<script> [1562 bytes]","args":[{"selector":{"id":"application-managepricingrules-display-component---newInfoPriceItem--calcBase-arrow"},"wdio_ui5_key":"applicationmanagepricingrules-display-component---newInfoPriceItem--calcBase-arrow"}]}
RESULT: undefined
COMMAND: POST /session/a49a846f150ab9031b86585360f30ac3/element - {"using":"xpath","value":"//*[@id=\"application-managepricingrules-display-component---newInfoPriceItem--calcBase-arrow\"]"}
RESULT: {}
RESULT: {"using":"xpath","value":"//*[@id=\"application-managepricingrules-display-component---newInfoPriceItem--calcBase-arrow\"]"}
COMMAND: POST /session/a49a846f150ab9031b86585360f30ac3/element/f.6CD6B7C80D08F775EB7D2FFF8B2C9AB5.d.1D7DBBD89C3FEE6F287FD5C939141359.e.9841/click - {}
RESULT: {}
COMMAND: GET /session/a49a846f150ab9031b86585360f30ac3/screenshot - {}
RESULT: {}
COMMAND: POST /session/a49a846f150ab9031b86585360f30ac3/element - {"using":"xpath","value":"//span[contains(text(), \"0006 - TB(calendar days)\")]"}
RESULT: {"using":"xpath","value":"//span[contains(text(), \"0006 - TB(calendar days)\")]"}
COMMAND: POST /session/a49a846f150ab9031b86585360f30ac3/element/f.6CD6B7C80D08F775EB7D2FFF8B2C9AB5.d.1D7DBBD89C3FEE6F287FD5C939141359.e.9870/click - {}
RESULT: {}
COMMAND: GET /session/a49a846f150ab9031b86585360f30ac3/screenshot - {}
RESULT: {}
COMMAND: POST /session/a49a846f150ab9031b86585360f30ac3/execute/async - {"script":"<script> [1562 bytes]","args":[{"selector":{"id":"application-managepricingrules-display-component---newInfoPriceItem--hoursMonth","interaction":{"idSuffix":"inner"}},"wdio_ui5_key":"applicationmanagepricingrules-display-component---newInfoPriceItem--hoursMonth"}]}
RESULT: {"script":"<script> [1562 bytes]","args":[{"selector":{"id":"application-managepricingrules-display-component---newInfoPriceItem--hoursMonth","interaction":{"idSuffix":"inner"}},"wdio_ui5_key":"applicationmanagepricingrules-display-component---newInfoPriceItem--hoursMonth"}]}
RESULT: undefined
COMMAND: POST /session/a49a846f150ab9031b86585360f30ac3/execute/async - {"script":"<script> [776 bytes]","args":[{"enterText":"160","selector":{"id":"application-managepricingrules-display-component---newInfoPriceItem--hoursMonth","interaction":{"idSuffix":"inner"}},"clearTextFirst":true,"interactionType":"ENTER_TEXT"}]}
RESULT: {"script":"<script> [776 bytes]","args":[{"enterText":"160","selector":{"id":"application-managepricingrules-display-component---newInfoPriceItem--hoursMonth","interaction":{"idSuffix":"inner"}},"clearTextFirst":true,"interactionType":"ENTER_TEXT"}]}
COMMAND: POST /session/a49a846f150ab9031b86585360f30ac3/execute/async - {"script":"<script> [1562 bytes]","args":[{"selector":{"id":"application-managepricingrules-display-component---newInfoPriceItem--daysMonth","interaction":{"idSuffix":"inner"}},"wdio_ui5_key":"applicationmanagepricingrules-display-component---newInfoPriceItem--daysMonth"}]}
RESULT: {"script":"<script> [1562 bytes]","args":[{"selector":{"id":"application-managepricingrules-display-component---newInfoPriceItem--daysMonth","interaction":{"idSuffix":"inner"}},"wdio_ui5_key":"applicationmanagepricingrules-display-component---newInfoPriceItem--daysMonth"}]}
RESULT: undefined
COMMAND: POST /session/a49a846f150ab9031b86585360f30ac3/execute/async - {"script":"<script> [776 bytes]","args":[{"enterText":"30","selector":{"id":"application-managepricingrules-display-component---newInfoPriceItem--daysMonth","interaction":{"idSuffix":"inner"}},"clearTextFirst":true,"interactionType":"ENTER_TEXT"}]}
RESULT: {"script":"<script> [776 bytes]","args":[{"enterText":"30","selector":{"id":"application-managepricingrules-display-component---newInfoPriceItem--daysMonth","interaction":{"idSuffix":"inner"}},"clearTextFirst":true,"interactionType":"ENTER_TEXT"}]}
COMMAND: POST /session/a49a846f150ab9031b86585360f30ac3/element - {"using":"xpath","value":"//button[@data-kt=\"saveNewRuleButton\"]"}
RESULT: {"using":"xpath","value":"//button[@data-kt=\"saveNewRuleButton\"]"}
COMMAND: POST /session/a49a846f150ab9031b86585360f30ac3/element/f.6CD6B7C80D08F775EB7D2FFF8B2C9AB5.d.1D7DBBD89C3FEE6F287FD5C939141359.e.9861/click - {}
RESULT: {}
COMMAND: GET /session/a49a846f150ab9031b86585360f30ac3/screenshot - {}
RESULT: {}
COMMAND: POST /session/a49a846f150ab9031b86585360f30ac3/execute/async - {"script":"<script> [1562 bytes]","args":[{"selector":{"id":"application-managepricingrules-display-component---priceInfoItem--smartFilterBar-btnBasicSearch","interaction":{"idSuffix":"I"}},"wdio_ui5_key":"applicationmanagepricingrules-display-component---priceInfoItem--smartFilterBar-btnBasicSearch"}]}
RESULT: {"script":"<script> [1562 bytes]","args":[{"selector":{"id":"application-managepricingrules-display-component---priceInfoItem--smartFilterBar-btnBasicSearch","interaction":{"idSuffix":"I"}},"wdio_ui5_key":"applicationmanagepricingrules-display-component---priceInfoItem--smartFilterBar-btnBasicSearch"}]}
RESULT: undefined
COMMAND: POST /session/a49a846f150ab9031b86585360f30ac3/execute/async - {"script":"<script> [776 bytes]","args":[{"enterText":"ei3jsG1k09","selector":{"id":"application-managepricingrules-display-component---priceInfoItem--smartFilterBar-btnBasicSearch","interaction":{"idSuffix":"I"}},"clearTextFirst":true,"interactionType":"ENTER_TEXT"}]}
RESULT: {"script":"<script> [776 bytes]","args":[{"enterText":"ei3jsG1k09","selector":{"id":"application-managepricingrules-display-component---priceInfoItem--smartFilterBar-btnBasicSearch","interaction":{"idSuffix":"I"}},"clearTextFirst":true,"interactionType":"ENTER_TEXT"}]}
COMMAND: POST /session/a49a846f150ab9031b86585360f30ac3/actions - {"actions":[{"id":"action31","type":"key","parameters":{},"actions":[{"type":"keyDown","value":"î€‡"},{"type":"pause","duration":10},{"type":"keyUp","value":"î€‡"}]}]}
RESULT: {"actions":[{"id":"action31","type":"key","parameters":{},"actions":[{"type":"keyDown","value":"î€‡"},{"type":"pause","duration":10},{"type":"keyUp","value":"î€‡"}]}]}
COMMAND: GET /session/a49a846f150ab9031b86585360f30ac3/screenshot - {}
RESULT: {}
COMMAND: POST /session/a49a846f150ab9031b86585360f30ac3/element - {"using":"xpath","value":"//span[@id=\"application-managepricingrules-display-component---priceInfoItem--smartTable-header-inner\"]"}
RESULT: {"using":"xpath","value":"//span[@id=\"application-managepricingrules-display-component---priceInfoItem--smartTable-header-inner\"]"}
COMMAND: POST /session/a49a846f150ab9031b86585360f30ac3/elements - {"using":"xpath","value":"//span[@id=\"application-managepricingrules-display-component---priceInfoItem--smartTable-header-inner\"]"}
RESULT: {"using":"xpath","value":"//span[@id=\"application-managepricingrules-display-component---priceInfoItem--smartTable-header-inner\"]"}
COMMAND: POST /session/a49a846f150ab9031b86585360f30ac3/execute/sync - {"script":"<script> [56 bytes]","args":[{"element-6066-11e4-a52e-4f735466cecf":"f.6CD6B7C80D08F775EB7D2FFF8B2C9AB5.d.1D7DBBD89C3FEE6F287FD5C939141359.e.9895","ELEMENT":"f.6CD6B7C80D08F775EB7D2FFF8B2C9AB5.d.1D7DBBD89C3FEE6F287FD5C939141359.e.9895"}]}
RESULT: {"script":"<script> [56 bytes]","args":[{"element-6066-11e4-a52e-4f735466cecf":"f.6CD6B7C80D08F775EB7D2FFF8B2C9AB5.d.1D7DBBD89C3FEE6F287FD5C939141359.e.9895","ELEMENT":"f.6CD6B7C80D08F775EB7D2FFF8B2C9AB5.d.1D7DBBD89C3FEE6F287FD5C939141359.e.9895"}]}
COMMAND: POST /session/a49a846f150ab9031b86585360f30ac3/element - {"using":"css selector","value":"#shell-header-logo"}
RESULT: {"using":"css selector","value":"#shell-header-logo"}
COMMAND: POST /session/a49a846f150ab9031b86585360f30ac3/element/f.6CD6B7C80D08F775EB7D2FFF8B2C9AB5.d.1D7DBBD89C3FEE6F287FD5C939141359.e.8834/click - {}
COMMAND: GET /session/a49a846f150ab9031b86585360f30ac3/screenshot - {}
RESULT: {}
COMMAND: GET /session/a49a846f150ab9031b86585360f30ac3/screenshot - {}
RESULT: {}
RESULT: {}
]]></system-out>
    </testcase>
    <testcase classname="chrome.135_0_7049_96.windows.Create_master_data_for_mixed_billing_&amp;_do_billing_calculation_US151661" name="Should add one time condition" time="65.426">
      <system-out><![CDATA[
COMMAND: POST /session/a49a846f150ab9031b86585360f30ac3/execute/async - {"script":"<script> [1562 bytes]","args":[{"selector":{"controlType":"sap.m.Text","properties":{"text":"Manage Conditions & Prices"},"interaction":{"idSuffix":"inner"}},"wdio_ui5_key":"sapm.Text{\"text\":\"Manage Conditions & Prices\"}"}]}
RESULT: {"script":"<script> [1562 bytes]","args":[{"selector":{"controlType":"sap.m.Text","properties":{"text":"Manage Conditions & Prices"},"interaction":{"idSuffix":"inner"}},"wdio_ui5_key":"sapm.Text{\"text\":\"Manage Conditions & Prices\"}"}]}
RESULT: undefined
COMMAND: POST /session/a49a846f150ab9031b86585360f30ac3/element - {"using":"xpath","value":"//*[@id=\"__tile53-title\"]"}
RESULT: {"using":"xpath","value":"//*[@id=\"__tile53-title\"]"}
COMMAND: POST /session/a49a846f150ab9031b86585360f30ac3/element/f.6CD6B7C80D08F775EB7D2FFF8B2C9AB5.d.1D7DBBD89C3FEE6F287FD5C939141359.e.9898/click - {}
RESULT: {}
COMMAND: POST /session/a49a846f150ab9031b86585360f30ac3/element - {"using":"xpath","value":"//button[@aria-label=\"Create\"]"}
COMMAND: GET /session/a49a846f150ab9031b86585360f30ac3/screenshot - {}
RESULT: {"using":"xpath","value":"//button[@aria-label=\"Create\"]"}
COMMAND: POST /session/a49a846f150ab9031b86585360f30ac3/elements - {"using":"xpath","value":"//button[@aria-label=\"Create\"]"}
RESULT: {}
RESULT: {"using":"xpath","value":"//button[@aria-label=\"Create\"]"}
COMMAND: POST /session/a49a846f150ab9031b86585360f30ac3/element - {"using":"xpath","value":"//button[@aria-label=\"Create\"]"}
RESULT: {"using":"xpath","value":"//button[@aria-label=\"Create\"]"}
COMMAND: POST /session/a49a846f150ab9031b86585360f30ac3/execute/sync - {"script":"<script> [8489 bytes]","args":[{"element-6066-11e4-a52e-4f735466cecf":"f.6CD6B7C80D08F775EB7D2FFF8B2C9AB5.d.1D7DBBD89C3FEE6F287FD5C939141359.e.9932","ELEMENT":"f.6CD6B7C80D08F775EB7D2FFF8B2C9AB5.d.1D7DBBD89C3FEE6F287FD5C939141359.e.9932"}]}
RESULT: {"script":"<script> [8489 bytes]","args":[{"element-6066-11e4-a52e-4f735466cecf":"f.6CD6B7C80D08F775EB7D2FFF8B2C9AB5.d.1D7DBBD89C3FEE6F287FD5C939141359.e.9932","ELEMENT":"f.6CD6B7C80D08F775EB7D2FFF8B2C9AB5.d.1D7DBBD89C3FEE6F287FD5C939141359.e.9932"}]}
COMMAND: GET /session/a49a846f150ab9031b86585360f30ac3/element/f.6CD6B7C80D08F775EB7D2FFF8B2C9AB5.d.1D7DBBD89C3FEE6F287FD5C939141359.e.9932/enabled - {}
COMMAND: GET /session/a49a846f150ab9031b86585360f30ac3/screenshot - {}
RESULT: {}
COMMAND: POST /session/a49a846f150ab9031b86585360f30ac3/execute/sync - {"script":"<script> [8489 bytes]","args":[{"element-6066-11e4-a52e-4f735466cecf":"f.6CD6B7C80D08F775EB7D2FFF8B2C9AB5.d.1D7DBBD89C3FEE6F287FD5C939141359.e.9932","ELEMENT":"f.6CD6B7C80D08F775EB7D2FFF8B2C9AB5.d.1D7DBBD89C3FEE6F287FD5C939141359.e.9932"}]}
COMMAND: GET /session/a49a846f150ab9031b86585360f30ac3/screenshot - {}
RESULT: {}
RESULT: {"script":"<script> [8489 bytes]","args":[{"element-6066-11e4-a52e-4f735466cecf":"f.6CD6B7C80D08F775EB7D2FFF8B2C9AB5.d.1D7DBBD89C3FEE6F287FD5C939141359.e.9932","ELEMENT":"f.6CD6B7C80D08F775EB7D2FFF8B2C9AB5.d.1D7DBBD89C3FEE6F287FD5C939141359.e.9932"}]}
COMMAND: POST /session/a49a846f150ab9031b86585360f30ac3/execute/sync - {"script":"<script> [5351 bytes]","args":[{"element-6066-11e4-a52e-4f735466cecf":"f.6CD6B7C80D08F775EB7D2FFF8B2C9AB5.d.1D7DBBD89C3FEE6F287FD5C939141359.e.9932","ELEMENT":"f.6CD6B7C80D08F775EB7D2FFF8B2C9AB5.d.1D7DBBD89C3FEE6F287FD5C939141359.e.9932"}]}
COMMAND: GET /session/a49a846f150ab9031b86585360f30ac3/screenshot - {}
RESULT: {}
RESULT: {"script":"<script> [5351 bytes]","args":[{"element-6066-11e4-a52e-4f735466cecf":"f.6CD6B7C80D08F775EB7D2FFF8B2C9AB5.d.1D7DBBD89C3FEE6F287FD5C939141359.e.9932","ELEMENT":"f.6CD6B7C80D08F775EB7D2FFF8B2C9AB5.d.1D7DBBD89C3FEE6F287FD5C939141359.e.9932"}]}
COMMAND: POST /session/a49a846f150ab9031b86585360f30ac3/element/f.6CD6B7C80D08F775EB7D2FFF8B2C9AB5.d.1D7DBBD89C3FEE6F287FD5C939141359.e.9932/click - {}
COMMAND: GET /session/a49a846f150ab9031b86585360f30ac3/screenshot - {}
RESULT: {}
RESULT: {}
COMMAND: GET /session/a49a846f150ab9031b86585360f30ac3/screenshot - {}
RESULT: {}
RESULT: {}
COMMAND: POST /session/a49a846f150ab9031b86585360f30ac3/actions - {"actions":[{"id":"action32","type":"key","parameters":{},"actions":[{"type":"keyDown","value":"î€‡"},{"type":"pause","duration":10},{"type":"keyUp","value":"î€‡"}]}]}
RESULT: {"actions":[{"id":"action32","type":"key","parameters":{},"actions":[{"type":"keyDown","value":"î€‡"},{"type":"pause","duration":10},{"type":"keyUp","value":"î€‡"}]}]}
COMMAND: GET /session/a49a846f150ab9031b86585360f30ac3/screenshot - {}
RESULT: {}
COMMAND: POST /session/a49a846f150ab9031b86585360f30ac3/execute/async - {"script":"<script> [1562 bytes]","args":[{"selector":{"id":"application-manageconditionprice-display-component---newCondition--condBillCond-arrow"},"wdio_ui5_key":"applicationmanageconditionprice-display-component---newCondition--condBillCond-arrow"}]}
RESULT: {"script":"<script> [1562 bytes]","args":[{"selector":{"id":"application-manageconditionprice-display-component---newCondition--condBillCond-arrow"},"wdio_ui5_key":"applicationmanageconditionprice-display-component---newCondition--condBillCond-arrow"}]}
RESULT: undefined
COMMAND: POST /session/a49a846f150ab9031b86585360f30ac3/element - {"using":"xpath","value":"//*[@id=\"application-manageconditionprice-display-component---newCondition--condBillCond-arrow\"]"}
RESULT: {"using":"xpath","value":"//*[@id=\"application-manageconditionprice-display-component---newCondition--condBillCond-arrow\"]"}
COMMAND: POST /session/a49a846f150ab9031b86585360f30ac3/element/f.6CD6B7C80D08F775EB7D2FFF8B2C9AB5.d.1D7DBBD89C3FEE6F287FD5C939141359.e.10103/click - {}
RESULT: {}
COMMAND: GET /session/a49a846f150ab9031b86585360f30ac3/screenshot - {}
RESULT: {}
COMMAND: POST /session/a49a846f150ab9031b86585360f30ac3/element - {"using":"xpath","value":"//li[.//span[contains(text(), \"SAPR - Sales price\")]]"}
RESULT: {"using":"xpath","value":"//li[.//span[contains(text(), \"SAPR - Sales price\")]]"}
COMMAND: POST /session/a49a846f150ab9031b86585360f30ac3/element/f.6CD6B7C80D08F775EB7D2FFF8B2C9AB5.d.1D7DBBD89C3FEE6F287FD5C939141359.e.10107/click - {}
RESULT: {}
COMMAND: GET /session/a49a846f150ab9031b86585360f30ac3/screenshot - {}
RESULT: {}
COMMAND: POST /session/a49a846f150ab9031b86585360f30ac3/execute/async - {"script":"<script> [1562 bytes]","args":[{"selector":{"id":"application-manageconditionprice-display-component---newCondition--condValidTo","interaction":{"idSuffix":"inner"}},"wdio_ui5_key":"applicationmanageconditionprice-display-component---newCondition--condValidTo"}]}
RESULT: {"script":"<script> [1562 bytes]","args":[{"selector":{"id":"application-manageconditionprice-display-component---newCondition--condValidTo","interaction":{"idSuffix":"inner"}},"wdio_ui5_key":"applicationmanageconditionprice-display-component---newCondition--condValidTo"}]}
RESULT: undefined
COMMAND: POST /session/a49a846f150ab9031b86585360f30ac3/execute/async - {"script":"<script> [776 bytes]","args":[{"enterText":"12/29/25","selector":{"id":"application-manageconditionprice-display-component---newCondition--condValidTo","interaction":{"idSuffix":"inner"}},"clearTextFirst":true,"interactionType":"ENTER_TEXT"}]}
RESULT: {"script":"<script> [776 bytes]","args":[{"enterText":"12/29/25","selector":{"id":"application-manageconditionprice-display-component---newCondition--condValidTo","interaction":{"idSuffix":"inner"}},"clearTextFirst":true,"interactionType":"ENTER_TEXT"}]}
COMMAND: POST /session/a49a846f150ab9031b86585360f30ac3/element - {"using":"xpath","value":"//input[@id=\"application-manageconditionprice-display-component---newCondition--condRU-inner\"]"}
RESULT: {"using":"xpath","value":"//input[@id=\"application-manageconditionprice-display-component---newCondition--condRU-inner\"]"}
COMMAND: POST /session/a49a846f150ab9031b86585360f30ac3/element/f.6CD6B7C80D08F775EB7D2FFF8B2C9AB5.d.1D7DBBD89C3FEE6F287FD5C939141359.e.9973/clear - {}
RESULT: {}
COMMAND: POST /session/a49a846f150ab9031b86585360f30ac3/element/f.6CD6B7C80D08F775EB7D2FFF8B2C9AB5.d.1D7DBBD89C3FEE6F287FD5C939141359.e.9973/value - {"text":"ei3jsG1k09"}
COMMAND: GET /session/a49a846f150ab9031b86585360f30ac3/screenshot - {}
RESULT: {"text":"ei3jsG1k09"}
COMMAND: GET /session/a49a846f150ab9031b86585360f30ac3/screenshot - {}
RESULT: {}
RESULT: {}
COMMAND: POST /session/a49a846f150ab9031b86585360f30ac3/actions - {"actions":[{"id":"action33","type":"key","parameters":{},"actions":[{"type":"keyDown","value":"î€‡"},{"type":"pause","duration":10},{"type":"keyUp","value":"î€‡"}]}]}
RESULT: {"actions":[{"id":"action33","type":"key","parameters":{},"actions":[{"type":"keyDown","value":"î€‡"},{"type":"pause","duration":10},{"type":"keyUp","value":"î€‡"}]}]}
COMMAND: POST /session/a49a846f150ab9031b86585360f30ac3/execute/async - {"script":"<script> [1562 bytes]","args":[{"selector":{"id":"application-manageconditionprice-display-component---newCondition--condBaseQty","interaction":{"idSuffix":"inner"}},"wdio_ui5_key":"applicationmanageconditionprice-display-component---newCondition--condBaseQty"}]}
COMMAND: GET /session/a49a846f150ab9031b86585360f30ac3/screenshot - {}
RESULT: {"script":"<script> [1562 bytes]","args":[{"selector":{"id":"application-manageconditionprice-display-component---newCondition--condBaseQty","interaction":{"idSuffix":"inner"}},"wdio_ui5_key":"applicationmanageconditionprice-display-component---newCondition--condBaseQty"}]}
RESULT: undefined
COMMAND: POST /session/a49a846f150ab9031b86585360f30ac3/execute/async - {"script":"<script> [776 bytes]","args":[{"enterText":"1","selector":{"id":"application-manageconditionprice-display-component---newCondition--condBaseQty","interaction":{"idSuffix":"inner"}},"clearTextFirst":true,"interactionType":"ENTER_TEXT"}]}
RESULT: {}
RESULT: {"script":"<script> [776 bytes]","args":[{"enterText":"1","selector":{"id":"application-manageconditionprice-display-component---newCondition--condBaseQty","interaction":{"idSuffix":"inner"}},"clearTextFirst":true,"interactionType":"ENTER_TEXT"}]}
COMMAND: POST /session/a49a846f150ab9031b86585360f30ac3/execute/async - {"script":"<script> [1562 bytes]","args":[{"selector":{"id":"application-manageconditionprice-display-component---newCondition--condValue","interaction":{"idSuffix":"inner"}},"wdio_ui5_key":"applicationmanageconditionprice-display-component---newCondition--condValue"}]}
RESULT: {"script":"<script> [1562 bytes]","args":[{"selector":{"id":"application-manageconditionprice-display-component---newCondition--condValue","interaction":{"idSuffix":"inner"}},"wdio_ui5_key":"applicationmanageconditionprice-display-component---newCondition--condValue"}]}
RESULT: undefined
COMMAND: POST /session/a49a846f150ab9031b86585360f30ac3/execute/async - {"script":"<script> [776 bytes]","args":[{"enterText":"200","selector":{"id":"application-manageconditionprice-display-component---newCondition--condValue","interaction":{"idSuffix":"inner"}},"clearTextFirst":true,"interactionType":"ENTER_TEXT"}]}
RESULT: {"script":"<script> [776 bytes]","args":[{"enterText":"200","selector":{"id":"application-manageconditionprice-display-component---newCondition--condValue","interaction":{"idSuffix":"inner"}},"clearTextFirst":true,"interactionType":"ENTER_TEXT"}]}
COMMAND: POST /session/a49a846f150ab9031b86585360f30ac3/execute/async - {"script":"<script> [1562 bytes]","args":[{"selector":{"id":"application-manageconditionprice-display-component---newCondition--condCurr-arrow"},"wdio_ui5_key":"applicationmanageconditionprice-display-component---newCondition--condCurr-arrow"}]}
RESULT: {"script":"<script> [1562 bytes]","args":[{"selector":{"id":"application-manageconditionprice-display-component---newCondition--condCurr-arrow"},"wdio_ui5_key":"applicationmanageconditionprice-display-component---newCondition--condCurr-arrow"}]}
RESULT: undefined
COMMAND: POST /session/a49a846f150ab9031b86585360f30ac3/element - {"using":"xpath","value":"//*[@id=\"application-manageconditionprice-display-component---newCondition--condCurr-arrow\"]"}
RESULT: {"using":"xpath","value":"//*[@id=\"application-manageconditionprice-display-component---newCondition--condCurr-arrow\"]"}
COMMAND: POST /session/a49a846f150ab9031b86585360f30ac3/element/f.6CD6B7C80D08F775EB7D2FFF8B2C9AB5.d.1D7DBBD89C3FEE6F287FD5C939141359.e.10072/click - {}
RESULT: {}
COMMAND: POST /session/a49a846f150ab9031b86585360f30ac3/element - {"using":"xpath","value":"//span[contains(text(), \"Euro\")]"}
COMMAND: GET /session/a49a846f150ab9031b86585360f30ac3/screenshot - {}
RESULT: {"using":"xpath","value":"//span[contains(text(), \"Euro\")]"}
COMMAND: POST /session/a49a846f150ab9031b86585360f30ac3/element/f.6CD6B7C80D08F775EB7D2FFF8B2C9AB5.d.1D7DBBD89C3FEE6F287FD5C939141359.e.10145/click - {}
RESULT: {}
RESULT: {}
COMMAND: POST /session/a49a846f150ab9031b86585360f30ac3/element - {"using":"xpath","value":"//button[@data-kt=\"saveButton\"]"}
COMMAND: GET /session/a49a846f150ab9031b86585360f30ac3/screenshot - {}
RESULT: {"using":"xpath","value":"//button[@data-kt=\"saveButton\"]"}
COMMAND: POST /session/a49a846f150ab9031b86585360f30ac3/element/f.6CD6B7C80D08F775EB7D2FFF8B2C9AB5.d.1D7DBBD89C3FEE6F287FD5C939141359.e.10073/click - {}
RESULT: {}
RESULT: {}
COMMAND: GET /session/a49a846f150ab9031b86585360f30ac3/screenshot - {}
RESULT: {}
COMMAND: POST /session/a49a846f150ab9031b86585360f30ac3/execute/async - {"script":"<script> [1562 bytes]","args":[{"selector":{"id":"application-manageconditionprice-display-component---conditions--smartFilterBar-btnBasicSearch","interaction":{"idSuffix":"I"}},"wdio_ui5_key":"applicationmanageconditionprice-display-component---conditions--smartFilterBar-btnBasicSearch"}]}
RESULT: {"script":"<script> [1562 bytes]","args":[{"selector":{"id":"application-manageconditionprice-display-component---conditions--smartFilterBar-btnBasicSearch","interaction":{"idSuffix":"I"}},"wdio_ui5_key":"applicationmanageconditionprice-display-component---conditions--smartFilterBar-btnBasicSearch"}]}
RESULT: undefined
COMMAND: POST /session/a49a846f150ab9031b86585360f30ac3/execute/async - {"script":"<script> [776 bytes]","args":[{"enterText":"ei3jsG1k09","selector":{"id":"application-manageconditionprice-display-component---conditions--smartFilterBar-btnBasicSearch","interaction":{"idSuffix":"I"}},"clearTextFirst":true,"interactionType":"ENTER_TEXT"}]}
RESULT: {"script":"<script> [776 bytes]","args":[{"enterText":"ei3jsG1k09","selector":{"id":"application-manageconditionprice-display-component---conditions--smartFilterBar-btnBasicSearch","interaction":{"idSuffix":"I"}},"clearTextFirst":true,"interactionType":"ENTER_TEXT"}]}
COMMAND: POST /session/a49a846f150ab9031b86585360f30ac3/actions - {"actions":[{"id":"action34","type":"key","parameters":{},"actions":[{"type":"keyDown","value":"î€‡"},{"type":"pause","duration":10},{"type":"keyUp","value":"î€‡"}]}]}
RESULT: {"actions":[{"id":"action34","type":"key","parameters":{},"actions":[{"type":"keyDown","value":"î€‡"},{"type":"pause","duration":10},{"type":"keyUp","value":"î€‡"}]}]}
COMMAND: GET /session/a49a846f150ab9031b86585360f30ac3/screenshot - {}
RESULT: {}
COMMAND: POST /session/a49a846f150ab9031b86585360f30ac3/execute/async - {"script":"<script> [1562 bytes]","args":[{"selector":{"id":"application-manageconditionprice-display-component---conditions--smartFilterBar-filterItemControl_BASIC-BILL_TYPES-vhi"},"wdio_ui5_key":"applicationmanageconditionprice-display-component---conditions--smartFilterBar-filterItemControl_BASIC-BILL_TYPES-vhi"}]}
RESULT: {"script":"<script> [1562 bytes]","args":[{"selector":{"id":"application-manageconditionprice-display-component---conditions--smartFilterBar-filterItemControl_BASIC-BILL_TYPES-vhi"},"wdio_ui5_key":"applicationmanageconditionprice-display-component---conditions--smartFilterBar-filterItemControl_BASIC-BILL_TYPES-vhi"}]}
RESULT: undefined
COMMAND: POST /session/a49a846f150ab9031b86585360f30ac3/element - {"using":"xpath","value":"//*[@id=\"application-manageconditionprice-display-component---conditions--smartFilterBar-filterItemControl_BASIC-BILL_TYPES-vhi\"]"}
RESULT: {"using":"xpath","value":"//*[@id=\"application-manageconditionprice-display-component---conditions--smartFilterBar-filterItemControl_BASIC-BILL_TYPES-vhi\"]"}
COMMAND: POST /session/a49a846f150ab9031b86585360f30ac3/element/f.6CD6B7C80D08F775EB7D2FFF8B2C9AB5.d.1D7DBBD89C3FEE6F287FD5C939141359.e.10251/click - {}
RESULT: {}
COMMAND: POST /session/a49a846f150ab9031b86585360f30ac3/execute/async - {"script":"<script> [1562 bytes]","args":[{"selector":{"id":"application-manageconditionprice-display-component---conditions--smartFilterBar-filterItemControl_BASIC-BILL_TYPES-valueHelpDialog-smartFilterBar-btnBasicSearch","searchOpenDialogs":true,"interaction":{"idSuffix":"I"}},"wdio_ui5_key":"applicationmanageconditionprice-display-component---conditions--smartFilterBar-filterItemControl_BASIC-BILL_TYPES-valueHelpDialog-smartFilterBar-btnBasicSearch"}]}
COMMAND: GET /session/a49a846f150ab9031b86585360f30ac3/screenshot - {}
RESULT: {}
RESULT: {"script":"<script> [1562 bytes]","args":[{"selector":{"id":"application-manageconditionprice-display-component---conditions--smartFilterBar-filterItemControl_BASIC-BILL_TYPES-valueHelpDialog-smartFilterBar-btnBasicSearch","searchOpenDialogs":true,"interaction":{"idSuffix":"I"}},"wdio_ui5_key":"applicationmanageconditionprice-display-component---conditions--smartFilterBar-filterItemControl_BASIC-BILL_TYPES-valueHelpDialog-smartFilterBar-btnBasicSearch"}]}
RESULT: undefined
COMMAND: POST /session/a49a846f150ab9031b86585360f30ac3/execute/async - {"script":"<script> [776 bytes]","args":[{"enterText":"one","selector":{"id":"application-manageconditionprice-display-component---conditions--smartFilterBar-filterItemControl_BASIC-BILL_TYPES-valueHelpDialog-smartFilterBar-btnBasicSearch","searchOpenDialogs":true,"interaction":{"idSuffix":"I"}},"clearTextFirst":true,"interactionType":"ENTER_TEXT"}]}
RESULT: {"script":"<script> [776 bytes]","args":[{"enterText":"one","selector":{"id":"application-manageconditionprice-display-component---conditions--smartFilterBar-filterItemControl_BASIC-BILL_TYPES-valueHelpDialog-smartFilterBar-btnBasicSearch","searchOpenDialogs":true,"interaction":{"idSuffix":"I"}},"clearTextFirst":true,"interactionType":"ENTER_TEXT"}]}
COMMAND: POST /session/a49a846f150ab9031b86585360f30ac3/actions - {"actions":[{"id":"action35","type":"key","parameters":{},"actions":[{"type":"keyDown","value":"î€‡"},{"type":"pause","duration":10},{"type":"keyUp","value":"î€‡"}]}]}
RESULT: {"actions":[{"id":"action35","type":"key","parameters":{},"actions":[{"type":"keyDown","value":"î€‡"},{"type":"pause","duration":10},{"type":"keyUp","value":"î€‡"}]}]}
COMMAND: GET /session/a49a846f150ab9031b86585360f30ac3/screenshot - {}
RESULT: {}
COMMAND: POST /session/a49a846f150ab9031b86585360f30ac3/element - {"using":"xpath","value":"//div[contains(@id, 'application-manageconditionprice-display-component---conditions--smartFilterBar-filterItemControl_BASIC-BILL_TYPES-valueHelpDialog-table-rowsel0')]"}
RESULT: {"using":"xpath","value":"//div[contains(@id, 'application-manageconditionprice-display-component---conditions--smartFilterBar-filterItemControl_BASIC-BILL_TYPES-valueHelpDialog-table-rowsel0')]"}
COMMAND: POST /session/a49a846f150ab9031b86585360f30ac3/element/f.6CD6B7C80D08F775EB7D2FFF8B2C9AB5.d.1D7DBBD89C3FEE6F287FD5C939141359.e.10260/click - {}
RESULT: {}
COMMAND: GET /session/a49a846f150ab9031b86585360f30ac3/screenshot - {}
RESULT: {}
COMMAND: POST /session/a49a846f150ab9031b86585360f30ac3/element - {"using":"xpath","value":"//bdi[contains(text(), \"OK\")]"}
RESULT: {"using":"xpath","value":"//bdi[contains(text(), \"OK\")]"}
COMMAND: POST /session/a49a846f150ab9031b86585360f30ac3/element/f.6CD6B7C80D08F775EB7D2FFF8B2C9AB5.d.1D7DBBD89C3FEE6F287FD5C939141359.e.10262/click - {}
RESULT: {}
COMMAND: GET /session/a49a846f150ab9031b86585360f30ac3/screenshot - {}
RESULT: {}
COMMAND: POST /session/a49a846f150ab9031b86585360f30ac3/element - {"using":"xpath","value":"//span[@id=\"application-manageconditionprice-display-component---conditions--smartTable-header-inner\"]"}
RESULT: {"using":"xpath","value":"//span[@id=\"application-manageconditionprice-display-component---conditions--smartTable-header-inner\"]"}
COMMAND: POST /session/a49a846f150ab9031b86585360f30ac3/elements - {"using":"xpath","value":"//span[@id=\"application-manageconditionprice-display-component---conditions--smartTable-header-inner\"]"}
RESULT: {"using":"xpath","value":"//span[@id=\"application-manageconditionprice-display-component---conditions--smartTable-header-inner\"]"}
COMMAND: POST /session/a49a846f150ab9031b86585360f30ac3/execute/sync - {"script":"<script> [56 bytes]","args":[{"element-6066-11e4-a52e-4f735466cecf":"f.6CD6B7C80D08F775EB7D2FFF8B2C9AB5.d.1D7DBBD89C3FEE6F287FD5C939141359.e.10265","ELEMENT":"f.6CD6B7C80D08F775EB7D2FFF8B2C9AB5.d.1D7DBBD89C3FEE6F287FD5C939141359.e.10265"}]}
RESULT: {"script":"<script> [56 bytes]","args":[{"element-6066-11e4-a52e-4f735466cecf":"f.6CD6B7C80D08F775EB7D2FFF8B2C9AB5.d.1D7DBBD89C3FEE6F287FD5C939141359.e.10265","ELEMENT":"f.6CD6B7C80D08F775EB7D2FFF8B2C9AB5.d.1D7DBBD89C3FEE6F287FD5C939141359.e.10265"}]}
COMMAND: POST /session/a49a846f150ab9031b86585360f30ac3/element - {"using":"css selector","value":"#shell-header-logo"}
COMMAND: GET /session/a49a846f150ab9031b86585360f30ac3/screenshot - {}
RESULT: {"using":"css selector","value":"#shell-header-logo"}
COMMAND: POST /session/a49a846f150ab9031b86585360f30ac3/element/f.6CD6B7C80D08F775EB7D2FFF8B2C9AB5.d.1D7DBBD89C3FEE6F287FD5C939141359.e.9900/click - {}
RESULT: {}
RESULT: {}
COMMAND: GET /session/a49a846f150ab9031b86585360f30ac3/screenshot - {}
RESULT: {}
]]></system-out>
    </testcase>
    <testcase classname="chrome.135_0_7049_96.windows.Create_master_data_for_mixed_billing_&amp;_do_billing_calculation_US151661" name="Should add performance based condition" time="66.688">
      <system-out><![CDATA[
RESULT: undefined
COMMAND: POST /session/a49a846f150ab9031b86585360f30ac3/element - {"using":"xpath","value":"//*[@id=\"__tile53-title\"]"}
RESULT: {"using":"xpath","value":"//*[@id=\"__tile53-title\"]"}
COMMAND: POST /session/a49a846f150ab9031b86585360f30ac3/element/f.6CD6B7C80D08F775EB7D2FFF8B2C9AB5.d.1D7DBBD89C3FEE6F287FD5C939141359.e.9898/click - {}
RESULT: {}
COMMAND: POST /session/a49a846f150ab9031b86585360f30ac3/element - {"using":"xpath","value":"//button[@aria-label=\"Create\"]"}
COMMAND: GET /session/a49a846f150ab9031b86585360f30ac3/screenshot - {}
RESULT: {"using":"xpath","value":"//button[@aria-label=\"Create\"]"}
COMMAND: POST /session/a49a846f150ab9031b86585360f30ac3/elements - {"using":"xpath","value":"//button[@aria-label=\"Create\"]"}
RESULT: {}
RESULT: {"using":"xpath","value":"//button[@aria-label=\"Create\"]"}
COMMAND: POST /session/a49a846f150ab9031b86585360f30ac3/execute/sync - {"script":"<script> [8489 bytes]","args":[{"element-6066-11e4-a52e-4f735466cecf":"f.6CD6B7C80D08F775EB7D2FFF8B2C9AB5.d.1D7DBBD89C3FEE6F287FD5C939141359.e.10308","ELEMENT":"f.6CD6B7C80D08F775EB7D2FFF8B2C9AB5.d.1D7DBBD89C3FEE6F287FD5C939141359.e.10308"}]}
RESULT: {"script":"<script> [8489 bytes]","args":[{"element-6066-11e4-a52e-4f735466cecf":"f.6CD6B7C80D08F775EB7D2FFF8B2C9AB5.d.1D7DBBD89C3FEE6F287FD5C939141359.e.10308","ELEMENT":"f.6CD6B7C80D08F775EB7D2FFF8B2C9AB5.d.1D7DBBD89C3FEE6F287FD5C939141359.e.10308"}]}
COMMAND: GET /session/a49a846f150ab9031b86585360f30ac3/element/f.6CD6B7C80D08F775EB7D2FFF8B2C9AB5.d.1D7DBBD89C3FEE6F287FD5C939141359.e.10308/enabled - {}
COMMAND: GET /session/a49a846f150ab9031b86585360f30ac3/screenshot - {}
RESULT: {}
COMMAND: POST /session/a49a846f150ab9031b86585360f30ac3/execute/sync - {"script":"<script> [8489 bytes]","args":[{"element-6066-11e4-a52e-4f735466cecf":"f.6CD6B7C80D08F775EB7D2FFF8B2C9AB5.d.1D7DBBD89C3FEE6F287FD5C939141359.e.10308","ELEMENT":"f.6CD6B7C80D08F775EB7D2FFF8B2C9AB5.d.1D7DBBD89C3FEE6F287FD5C939141359.e.10308"}]}
COMMAND: GET /session/a49a846f150ab9031b86585360f30ac3/screenshot - {}
RESULT: {}
RESULT: {"script":"<script> [8489 bytes]","args":[{"element-6066-11e4-a52e-4f735466cecf":"f.6CD6B7C80D08F775EB7D2FFF8B2C9AB5.d.1D7DBBD89C3FEE6F287FD5C939141359.e.10308","ELEMENT":"f.6CD6B7C80D08F775EB7D2FFF8B2C9AB5.d.1D7DBBD89C3FEE6F287FD5C939141359.e.10308"}]}
COMMAND: POST /session/a49a846f150ab9031b86585360f30ac3/execute/sync - {"script":"<script> [5351 bytes]","args":[{"element-6066-11e4-a52e-4f735466cecf":"f.6CD6B7C80D08F775EB7D2FFF8B2C9AB5.d.1D7DBBD89C3FEE6F287FD5C939141359.e.10308","ELEMENT":"f.6CD6B7C80D08F775EB7D2FFF8B2C9AB5.d.1D7DBBD89C3FEE6F287FD5C939141359.e.10308"}]}
COMMAND: GET /session/a49a846f150ab9031b86585360f30ac3/screenshot - {}
RESULT: {}
RESULT: {"script":"<script> [5351 bytes]","args":[{"element-6066-11e4-a52e-4f735466cecf":"f.6CD6B7C80D08F775EB7D2FFF8B2C9AB5.d.1D7DBBD89C3FEE6F287FD5C939141359.e.10308","ELEMENT":"f.6CD6B7C80D08F775EB7D2FFF8B2C9AB5.d.1D7DBBD89C3FEE6F287FD5C939141359.e.10308"}]}
COMMAND: POST /session/a49a846f150ab9031b86585360f30ac3/element/f.6CD6B7C80D08F775EB7D2FFF8B2C9AB5.d.1D7DBBD89C3FEE6F287FD5C939141359.e.10308/click - {}
COMMAND: GET /session/a49a846f150ab9031b86585360f30ac3/screenshot - {}
RESULT: {}
RESULT: {}
COMMAND: GET /session/a49a846f150ab9031b86585360f30ac3/screenshot - {}
RESULT: {}
RESULT: {}
COMMAND: POST /session/a49a846f150ab9031b86585360f30ac3/actions - {"actions":[{"id":"action36","type":"key","parameters":{},"actions":[{"type":"keyDown","value":"î€‡"},{"type":"pause","duration":10},{"type":"keyUp","value":"î€‡"}]}]}
RESULT: {"actions":[{"id":"action36","type":"key","parameters":{},"actions":[{"type":"keyDown","value":"î€‡"},{"type":"pause","duration":10},{"type":"keyUp","value":"î€‡"}]}]}
COMMAND: GET /session/a49a846f150ab9031b86585360f30ac3/screenshot - {}
RESULT: undefined
COMMAND: POST /session/a49a846f150ab9031b86585360f30ac3/element - {"using":"xpath","value":"//*[@id=\"application-manageconditionprice-display-component---newCondition--condBillCond-arrow\"]"}
RESULT: {}
RESULT: {"using":"xpath","value":"//*[@id=\"application-manageconditionprice-display-component---newCondition--condBillCond-arrow\"]"}
COMMAND: POST /session/a49a846f150ab9031b86585360f30ac3/element/f.6CD6B7C80D08F775EB7D2FFF8B2C9AB5.d.1D7DBBD89C3FEE6F287FD5C939141359.e.10780/click - {}
RESULT: {}
COMMAND: GET /session/a49a846f150ab9031b86585360f30ac3/screenshot - {}
RESULT: {}
COMMAND: POST /session/a49a846f150ab9031b86585360f30ac3/element - {"using":"xpath","value":"//li[.//span[contains(text(), \"PC06 - Performance Price - fuel\")]]"}
RESULT: {"using":"xpath","value":"//li[.//span[contains(text(), \"PC06 - Performance Price - fuel\")]]"}
COMMAND: POST /session/a49a846f150ab9031b86585360f30ac3/element/f.6CD6B7C80D08F775EB7D2FFF8B2C9AB5.d.1D7DBBD89C3FEE6F287FD5C939141359.e.10783/click - {}
RESULT: {}
COMMAND: GET /session/a49a846f150ab9031b86585360f30ac3/screenshot - {}
RESULT: {}
RESULT: undefined
COMMAND: POST /session/a49a846f150ab9031b86585360f30ac3/execute/async - {"script":"<script> [776 bytes]","args":[{"enterText":"12/29/25","selector":{"id":"application-manageconditionprice-display-component---newCondition--condValidTo","interaction":{"idSuffix":"inner"}},"clearTextFirst":true,"interactionType":"ENTER_TEXT"}]}
RESULT: {"script":"<script> [776 bytes]","args":[{"enterText":"12/29/25","selector":{"id":"application-manageconditionprice-display-component---newCondition--condValidTo","interaction":{"idSuffix":"inner"}},"clearTextFirst":true,"interactionType":"ENTER_TEXT"}]}
COMMAND: POST /session/a49a846f150ab9031b86585360f30ac3/element - {"using":"xpath","value":"//input[@id=\"application-manageconditionprice-display-component---newCondition--condRU-inner\"]"}
RESULT: {"using":"xpath","value":"//input[@id=\"application-manageconditionprice-display-component---newCondition--condRU-inner\"]"}
COMMAND: POST /session/a49a846f150ab9031b86585360f30ac3/element/f.6CD6B7C80D08F775EB7D2FFF8B2C9AB5.d.1D7DBBD89C3FEE6F287FD5C939141359.e.10507/clear - {}
RESULT: {}
COMMAND: POST /session/a49a846f150ab9031b86585360f30ac3/element/f.6CD6B7C80D08F775EB7D2FFF8B2C9AB5.d.1D7DBBD89C3FEE6F287FD5C939141359.e.10507/value - {"text":"ei3jsG1k09"}
COMMAND: GET /session/a49a846f150ab9031b86585360f30ac3/screenshot - {}
RESULT: {"text":"ei3jsG1k09"}
COMMAND: GET /session/a49a846f150ab9031b86585360f30ac3/screenshot - {}
RESULT: {}
RESULT: {}
COMMAND: POST /session/a49a846f150ab9031b86585360f30ac3/actions - {"actions":[{"id":"action37","type":"key","parameters":{},"actions":[{"type":"keyDown","value":"î€‡"},{"type":"pause","duration":10},{"type":"keyUp","value":"î€‡"}]}]}
RESULT: {"actions":[{"id":"action37","type":"key","parameters":{},"actions":[{"type":"keyDown","value":"î€‡"},{"type":"pause","duration":10},{"type":"keyUp","value":"î€‡"}]}]}
RESULT: undefined
COMMAND: POST /session/a49a846f150ab9031b86585360f30ac3/execute/async - {"script":"<script> [776 bytes]","args":[{"enterText":"1","selector":{"id":"application-manageconditionprice-display-component---newCondition--condBaseQty","interaction":{"idSuffix":"inner"}},"clearTextFirst":true,"interactionType":"ENTER_TEXT"}]}
COMMAND: GET /session/a49a846f150ab9031b86585360f30ac3/screenshot - {}
RESULT: {"script":"<script> [776 bytes]","args":[{"enterText":"1","selector":{"id":"application-manageconditionprice-display-component---newCondition--condBaseQty","interaction":{"idSuffix":"inner"}},"clearTextFirst":true,"interactionType":"ENTER_TEXT"}]}
RESULT: undefined
COMMAND: POST /session/a49a846f150ab9031b86585360f30ac3/execute/async - {"script":"<script> [776 bytes]","args":[{"enterText":"10","selector":{"id":"application-manageconditionprice-display-component---newCondition--condValue","interaction":{"idSuffix":"inner"}},"clearTextFirst":true,"interactionType":"ENTER_TEXT"}]}
RESULT: {}
RESULT: {"script":"<script> [776 bytes]","args":[{"enterText":"10","selector":{"id":"application-manageconditionprice-display-component---newCondition--condValue","interaction":{"idSuffix":"inner"}},"clearTextFirst":true,"interactionType":"ENTER_TEXT"}]}
RESULT: undefined
COMMAND: POST /session/a49a846f150ab9031b86585360f30ac3/element - {"using":"xpath","value":"//*[@id=\"application-manageconditionprice-display-component---newCondition--condCurr-arrow\"]"}
RESULT: {"using":"xpath","value":"//*[@id=\"application-manageconditionprice-display-component---newCondition--condCurr-arrow\"]"}
COMMAND: POST /session/a49a846f150ab9031b86585360f30ac3/element/f.6CD6B7C80D08F775EB7D2FFF8B2C9AB5.d.1D7DBBD89C3FEE6F287FD5C939141359.e.10739/click - {}
RESULT: {}
COMMAND: POST /session/a49a846f150ab9031b86585360f30ac3/element - {"using":"xpath","value":"//span[contains(text(), \"Euro\")]"}
COMMAND: GET /session/a49a846f150ab9031b86585360f30ac3/screenshot - {}
RESULT: {"using":"xpath","value":"//span[contains(text(), \"Euro\")]"}
COMMAND: POST /session/a49a846f150ab9031b86585360f30ac3/element/f.6CD6B7C80D08F775EB7D2FFF8B2C9AB5.d.1D7DBBD89C3FEE6F287FD5C939141359.e.10816/click - {}
RESULT: {}
RESULT: {}
COMMAND: POST /session/a49a846f150ab9031b86585360f30ac3/element - {"using":"xpath","value":"//button[@data-kt=\"saveButton\"]"}
COMMAND: GET /session/a49a846f150ab9031b86585360f30ac3/screenshot - {}
RESULT: {"using":"xpath","value":"//button[@data-kt=\"saveButton\"]"}
COMMAND: POST /session/a49a846f150ab9031b86585360f30ac3/element/f.6CD6B7C80D08F775EB7D2FFF8B2C9AB5.d.1D7DBBD89C3FEE6F287FD5C939141359.e.10740/click - {}
RESULT: {}
RESULT: {}
COMMAND: GET /session/a49a846f150ab9031b86585360f30ac3/screenshot - {}
RESULT: {}
RESULT: undefined
COMMAND: POST /session/a49a846f150ab9031b86585360f30ac3/execute/async - {"script":"<script> [776 bytes]","args":[{"enterText":"ei3jsG1k09","selector":{"id":"application-manageconditionprice-display-component---conditions--smartFilterBar-btnBasicSearch","interaction":{"idSuffix":"I"}},"clearTextFirst":true,"interactionType":"ENTER_TEXT"}]}
RESULT: {"script":"<script> [776 bytes]","args":[{"enterText":"ei3jsG1k09","selector":{"id":"application-manageconditionprice-display-component---conditions--smartFilterBar-btnBasicSearch","interaction":{"idSuffix":"I"}},"clearTextFirst":true,"interactionType":"ENTER_TEXT"}]}
COMMAND: POST /session/a49a846f150ab9031b86585360f30ac3/actions - {"actions":[{"id":"action38","type":"key","parameters":{},"actions":[{"type":"keyDown","value":"î€‡"},{"type":"pause","duration":10},{"type":"keyUp","value":"î€‡"}]}]}
RESULT: {"actions":[{"id":"action38","type":"key","parameters":{},"actions":[{"type":"keyDown","value":"î€‡"},{"type":"pause","duration":10},{"type":"keyUp","value":"î€‡"}]}]}
COMMAND: GET /session/a49a846f150ab9031b86585360f30ac3/screenshot - {}
RESULT: {}
RESULT: undefined
COMMAND: POST /session/a49a846f150ab9031b86585360f30ac3/element - {"using":"xpath","value":"//*[@id=\"application-manageconditionprice-display-component---conditions--smartFilterBar-filterItemControl_BASIC-BILL_TYPES-vhi\"]"}
RESULT: {"using":"xpath","value":"//*[@id=\"application-manageconditionprice-display-component---conditions--smartFilterBar-filterItemControl_BASIC-BILL_TYPES-vhi\"]"}
COMMAND: POST /session/a49a846f150ab9031b86585360f30ac3/element/f.6CD6B7C80D08F775EB7D2FFF8B2C9AB5.d.1D7DBBD89C3FEE6F287FD5C939141359.e.10853/click - {}
RESULT: {}
RESULT: undefined
COMMAND: POST /session/a49a846f150ab9031b86585360f30ac3/execute/async - {"script":"<script> [776 bytes]","args":[{"enterText":"PB","selector":{"id":"application-manageconditionprice-display-component---conditions--smartFilterBar-filterItemControl_BASIC-BILL_TYPES-valueHelpDialog-smartFilterBar-btnBasicSearch","searchOpenDialogs":true,"interaction":{"idSuffix":"I"}},"clearTextFirst":true,"interactionType":"ENTER_TEXT"}]}
COMMAND: GET /session/a49a846f150ab9031b86585360f30ac3/screenshot - {}
RESULT: {"script":"<script> [776 bytes]","args":[{"enterText":"PB","selector":{"id":"application-manageconditionprice-display-component---conditions--smartFilterBar-filterItemControl_BASIC-BILL_TYPES-valueHelpDialog-smartFilterBar-btnBasicSearch","searchOpenDialogs":true,"interaction":{"idSuffix":"I"}},"clearTextFirst":true,"interactionType":"ENTER_TEXT"}]}
COMMAND: POST /session/a49a846f150ab9031b86585360f30ac3/actions - {"actions":[{"id":"action39","type":"key","parameters":{},"actions":[{"type":"keyDown","value":"î€‡"},{"type":"pause","duration":10},{"type":"keyUp","value":"î€‡"}]}]}
RESULT: {}
RESULT: {"actions":[{"id":"action39","type":"key","parameters":{},"actions":[{"type":"keyDown","value":"î€‡"},{"type":"pause","duration":10},{"type":"keyUp","value":"î€‡"}]}]}
COMMAND: GET /session/a49a846f150ab9031b86585360f30ac3/screenshot - {}
RESULT: {}
COMMAND: POST /session/a49a846f150ab9031b86585360f30ac3/element - {"using":"xpath","value":"//div[contains(@id, 'application-manageconditionprice-display-component---conditions--smartFilterBar-filterItemControl_BASIC-BILL_TYPES-valueHelpDialog-table-rowsel0')]"}
RESULT: {"using":"xpath","value":"//div[contains(@id, 'application-manageconditionprice-display-component---conditions--smartFilterBar-filterItemControl_BASIC-BILL_TYPES-valueHelpDialog-table-rowsel0')]"}
COMMAND: POST /session/a49a846f150ab9031b86585360f30ac3/element/f.6CD6B7C80D08F775EB7D2FFF8B2C9AB5.d.1D7DBBD89C3FEE6F287FD5C939141359.e.10861/click - {}
RESULT: {}
COMMAND: GET /session/a49a846f150ab9031b86585360f30ac3/screenshot - {}
RESULT: {}
COMMAND: POST /session/a49a846f150ab9031b86585360f30ac3/element - {"using":"xpath","value":"//bdi[contains(text(), \"OK\")]"}
RESULT: {"using":"xpath","value":"//bdi[contains(text(), \"OK\")]"}
COMMAND: POST /session/a49a846f150ab9031b86585360f30ac3/element/f.6CD6B7C80D08F775EB7D2FFF8B2C9AB5.d.1D7DBBD89C3FEE6F287FD5C939141359.e.10863/click - {}
RESULT: {}
COMMAND: GET /session/a49a846f150ab9031b86585360f30ac3/screenshot - {}
RESULT: {}
COMMAND: POST /session/a49a846f150ab9031b86585360f30ac3/element - {"using":"xpath","value":"//span[@id=\"application-manageconditionprice-display-component---conditions--smartTable-header-inner\"]"}
RESULT: {"using":"xpath","value":"//span[@id=\"application-manageconditionprice-display-component---conditions--smartTable-header-inner\"]"}
COMMAND: POST /session/a49a846f150ab9031b86585360f30ac3/elements - {"using":"xpath","value":"//span[@id=\"application-manageconditionprice-display-component---conditions--smartTable-header-inner\"]"}
RESULT: {"using":"xpath","value":"//span[@id=\"application-manageconditionprice-display-component---conditions--smartTable-header-inner\"]"}
COMMAND: POST /session/a49a846f150ab9031b86585360f30ac3/execute/sync - {"script":"<script> [56 bytes]","args":[{"element-6066-11e4-a52e-4f735466cecf":"f.6CD6B7C80D08F775EB7D2FFF8B2C9AB5.d.1D7DBBD89C3FEE6F287FD5C939141359.e.10866","ELEMENT":"f.6CD6B7C80D08F775EB7D2FFF8B2C9AB5.d.1D7DBBD89C3FEE6F287FD5C939141359.e.10866"}]}
RESULT: {"script":"<script> [56 bytes]","args":[{"element-6066-11e4-a52e-4f735466cecf":"f.6CD6B7C80D08F775EB7D2FFF8B2C9AB5.d.1D7DBBD89C3FEE6F287FD5C939141359.e.10866","ELEMENT":"f.6CD6B7C80D08F775EB7D2FFF8B2C9AB5.d.1D7DBBD89C3FEE6F287FD5C939141359.e.10866"}]}
COMMAND: POST /session/a49a846f150ab9031b86585360f30ac3/element - {"using":"css selector","value":"#shell-header-logo"}
COMMAND: GET /session/a49a846f150ab9031b86585360f30ac3/screenshot - {}
RESULT: {"using":"css selector","value":"#shell-header-logo"}
COMMAND: POST /session/a49a846f150ab9031b86585360f30ac3/element/f.6CD6B7C80D08F775EB7D2FFF8B2C9AB5.d.1D7DBBD89C3FEE6F287FD5C939141359.e.10273/click - {}
RESULT: {}
RESULT: {}
COMMAND: GET /session/a49a846f150ab9031b86585360f30ac3/screenshot - {}
RESULT: {}
]]></system-out>
    </testcase>
    <testcase classname="chrome.135_0_7049_96.windows.Create_master_data_for_mixed_billing_&amp;_do_billing_calculation_US151661" name="Should add time based condition" time="62.039">
      <system-out><![CDATA[
RESULT: undefined
COMMAND: POST /session/a49a846f150ab9031b86585360f30ac3/element - {"using":"xpath","value":"//*[@id=\"__tile53-title\"]"}
RESULT: {"using":"xpath","value":"//*[@id=\"__tile53-title\"]"}
COMMAND: POST /session/a49a846f150ab9031b86585360f30ac3/element/f.6CD6B7C80D08F775EB7D2FFF8B2C9AB5.d.1D7DBBD89C3FEE6F287FD5C939141359.e.9898/click - {}
RESULT: {}
COMMAND: POST /session/a49a846f150ab9031b86585360f30ac3/element - {"using":"xpath","value":"//button[@aria-label=\"Create\"]"}
COMMAND: GET /session/a49a846f150ab9031b86585360f30ac3/screenshot - {}
RESULT: {"using":"xpath","value":"//button[@aria-label=\"Create\"]"}
COMMAND: POST /session/a49a846f150ab9031b86585360f30ac3/elements - {"using":"xpath","value":"//button[@aria-label=\"Create\"]"}
RESULT: {}
RESULT: {"using":"xpath","value":"//button[@aria-label=\"Create\"]"}
COMMAND: POST /session/a49a846f150ab9031b86585360f30ac3/execute/sync - {"script":"<script> [8489 bytes]","args":[{"element-6066-11e4-a52e-4f735466cecf":"f.6CD6B7C80D08F775EB7D2FFF8B2C9AB5.d.1D7DBBD89C3FEE6F287FD5C939141359.e.10922","ELEMENT":"f.6CD6B7C80D08F775EB7D2FFF8B2C9AB5.d.1D7DBBD89C3FEE6F287FD5C939141359.e.10922"}]}
RESULT: {"script":"<script> [8489 bytes]","args":[{"element-6066-11e4-a52e-4f735466cecf":"f.6CD6B7C80D08F775EB7D2FFF8B2C9AB5.d.1D7DBBD89C3FEE6F287FD5C939141359.e.10922","ELEMENT":"f.6CD6B7C80D08F775EB7D2FFF8B2C9AB5.d.1D7DBBD89C3FEE6F287FD5C939141359.e.10922"}]}
COMMAND: GET /session/a49a846f150ab9031b86585360f30ac3/element/f.6CD6B7C80D08F775EB7D2FFF8B2C9AB5.d.1D7DBBD89C3FEE6F287FD5C939141359.e.10922/enabled - {}
COMMAND: GET /session/a49a846f150ab9031b86585360f30ac3/screenshot - {}
RESULT: {}
COMMAND: POST /session/a49a846f150ab9031b86585360f30ac3/execute/sync - {"script":"<script> [8489 bytes]","args":[{"element-6066-11e4-a52e-4f735466cecf":"f.6CD6B7C80D08F775EB7D2FFF8B2C9AB5.d.1D7DBBD89C3FEE6F287FD5C939141359.e.10922","ELEMENT":"f.6CD6B7C80D08F775EB7D2FFF8B2C9AB5.d.1D7DBBD89C3FEE6F287FD5C939141359.e.10922"}]}
COMMAND: GET /session/a49a846f150ab9031b86585360f30ac3/screenshot - {}
RESULT: {}
RESULT: {"script":"<script> [8489 bytes]","args":[{"element-6066-11e4-a52e-4f735466cecf":"f.6CD6B7C80D08F775EB7D2FFF8B2C9AB5.d.1D7DBBD89C3FEE6F287FD5C939141359.e.10922","ELEMENT":"f.6CD6B7C80D08F775EB7D2FFF8B2C9AB5.d.1D7DBBD89C3FEE6F287FD5C939141359.e.10922"}]}
COMMAND: POST /session/a49a846f150ab9031b86585360f30ac3/execute/sync - {"script":"<script> [5351 bytes]","args":[{"element-6066-11e4-a52e-4f735466cecf":"f.6CD6B7C80D08F775EB7D2FFF8B2C9AB5.d.1D7DBBD89C3FEE6F287FD5C939141359.e.10922","ELEMENT":"f.6CD6B7C80D08F775EB7D2FFF8B2C9AB5.d.1D7DBBD89C3FEE6F287FD5C939141359.e.10922"}]}
COMMAND: GET /session/a49a846f150ab9031b86585360f30ac3/screenshot - {}
RESULT: {}
RESULT: {"script":"<script> [5351 bytes]","args":[{"element-6066-11e4-a52e-4f735466cecf":"f.6CD6B7C80D08F775EB7D2FFF8B2C9AB5.d.1D7DBBD89C3FEE6F287FD5C939141359.e.10922","ELEMENT":"f.6CD6B7C80D08F775EB7D2FFF8B2C9AB5.d.1D7DBBD89C3FEE6F287FD5C939141359.e.10922"}]}
COMMAND: POST /session/a49a846f150ab9031b86585360f30ac3/element/f.6CD6B7C80D08F775EB7D2FFF8B2C9AB5.d.1D7DBBD89C3FEE6F287FD5C939141359.e.10922/click - {}
COMMAND: GET /session/a49a846f150ab9031b86585360f30ac3/screenshot - {}
RESULT: {}
RESULT: {}
COMMAND: GET /session/a49a846f150ab9031b86585360f30ac3/screenshot - {}
RESULT: {}
RESULT: {}
COMMAND: POST /session/a49a846f150ab9031b86585360f30ac3/actions - {"actions":[{"id":"action40","type":"key","parameters":{},"actions":[{"type":"keyDown","value":"î€‡"},{"type":"pause","duration":10},{"type":"keyUp","value":"î€‡"}]}]}
RESULT: {"actions":[{"id":"action40","type":"key","parameters":{},"actions":[{"type":"keyDown","value":"î€‡"},{"type":"pause","duration":10},{"type":"keyUp","value":"î€‡"}]}]}
COMMAND: GET /session/a49a846f150ab9031b86585360f30ac3/screenshot - {}
RESULT: {}
RESULT: undefined
COMMAND: POST /session/a49a846f150ab9031b86585360f30ac3/element - {"using":"xpath","value":"//*[@id=\"application-manageconditionprice-display-component---newCondition--condBillCond-arrow\"]"}
RESULT: {"using":"xpath","value":"//*[@id=\"application-manageconditionprice-display-component---newCondition--condBillCond-arrow\"]"}
COMMAND: POST /session/a49a846f150ab9031b86585360f30ac3/element/f.6CD6B7C80D08F775EB7D2FFF8B2C9AB5.d.1D7DBBD89C3FEE6F287FD5C939141359.e.11376/click - {}
RESULT: {}
COMMAND: GET /session/a49a846f150ab9031b86585360f30ac3/screenshot - {}
RESULT: {}
COMMAND: POST /session/a49a846f150ab9031b86585360f30ac3/element - {"using":"xpath","value":"//li[.//span[contains(text(), \"DISP - D&I special price\")]]"}
RESULT: {"using":"xpath","value":"//li[.//span[contains(text(), \"DISP - D&I special price\")]]"}
COMMAND: POST /session/a49a846f150ab9031b86585360f30ac3/element/f.6CD6B7C80D08F775EB7D2FFF8B2C9AB5.d.1D7DBBD89C3FEE6F287FD5C939141359.e.11379/click - {}
RESULT: {}
COMMAND: GET /session/a49a846f150ab9031b86585360f30ac3/screenshot - {}
RESULT: {}
RESULT: undefined
COMMAND: POST /session/a49a846f150ab9031b86585360f30ac3/execute/async - {"script":"<script> [776 bytes]","args":[{"enterText":"12/29/25","selector":{"id":"application-manageconditionprice-display-component---newCondition--condValidTo","interaction":{"idSuffix":"inner"}},"clearTextFirst":true,"interactionType":"ENTER_TEXT"}]}
RESULT: {"script":"<script> [776 bytes]","args":[{"enterText":"12/29/25","selector":{"id":"application-manageconditionprice-display-component---newCondition--condValidTo","interaction":{"idSuffix":"inner"}},"clearTextFirst":true,"interactionType":"ENTER_TEXT"}]}
COMMAND: POST /session/a49a846f150ab9031b86585360f30ac3/element - {"using":"xpath","value":"//input[@id=\"application-manageconditionprice-display-component---newCondition--condRU-inner\"]"}
RESULT: {"using":"xpath","value":"//input[@id=\"application-manageconditionprice-display-component---newCondition--condRU-inner\"]"}
COMMAND: POST /session/a49a846f150ab9031b86585360f30ac3/element/f.6CD6B7C80D08F775EB7D2FFF8B2C9AB5.d.1D7DBBD89C3FEE6F287FD5C939141359.e.11099/clear - {}
RESULT: {}
COMMAND: POST /session/a49a846f150ab9031b86585360f30ac3/element/f.6CD6B7C80D08F775EB7D2FFF8B2C9AB5.d.1D7DBBD89C3FEE6F287FD5C939141359.e.11099/value - {"text":"ei3jsG1k09"}
COMMAND: GET /session/a49a846f150ab9031b86585360f30ac3/screenshot - {}
RESULT: {"text":"ei3jsG1k09"}
COMMAND: GET /session/a49a846f150ab9031b86585360f30ac3/screenshot - {}
RESULT: {}
RESULT: {}
COMMAND: POST /session/a49a846f150ab9031b86585360f30ac3/actions - {"actions":[{"id":"action41","type":"key","parameters":{},"actions":[{"type":"keyDown","value":"î€‡"},{"type":"pause","duration":10},{"type":"keyUp","value":"î€‡"}]}]}
RESULT: {"actions":[{"id":"action41","type":"key","parameters":{},"actions":[{"type":"keyDown","value":"î€‡"},{"type":"pause","duration":10},{"type":"keyUp","value":"î€‡"}]}]}
RESULT: undefined
COMMAND: POST /session/a49a846f150ab9031b86585360f30ac3/execute/async - {"script":"<script> [776 bytes]","args":[{"enterText":"1","selector":{"id":"application-manageconditionprice-display-component---newCondition--condBaseQty","interaction":{"idSuffix":"inner"}},"clearTextFirst":true,"interactionType":"ENTER_TEXT"}]}
COMMAND: GET /session/a49a846f150ab9031b86585360f30ac3/screenshot - {}
RESULT: {"script":"<script> [776 bytes]","args":[{"enterText":"1","selector":{"id":"application-manageconditionprice-display-component---newCondition--condBaseQty","interaction":{"idSuffix":"inner"}},"clearTextFirst":true,"interactionType":"ENTER_TEXT"}]}
RESULT: undefined
COMMAND: POST /session/a49a846f150ab9031b86585360f30ac3/execute/async - {"script":"<script> [776 bytes]","args":[{"enterText":"100","selector":{"id":"application-manageconditionprice-display-component---newCondition--condValue","interaction":{"idSuffix":"inner"}},"clearTextFirst":true,"interactionType":"ENTER_TEXT"}]}
RESULT: {}
RESULT: {"script":"<script> [776 bytes]","args":[{"enterText":"100","selector":{"id":"application-manageconditionprice-display-component---newCondition--condValue","interaction":{"idSuffix":"inner"}},"clearTextFirst":true,"interactionType":"ENTER_TEXT"}]}
RESULT: undefined
COMMAND: POST /session/a49a846f150ab9031b86585360f30ac3/element - {"using":"xpath","value":"//*[@id=\"application-manageconditionprice-display-component---newCondition--condCurr-arrow\"]"}
RESULT: {"using":"xpath","value":"//*[@id=\"application-manageconditionprice-display-component---newCondition--condCurr-arrow\"]"}
COMMAND: POST /session/a49a846f150ab9031b86585360f30ac3/element/f.6CD6B7C80D08F775EB7D2FFF8B2C9AB5.d.1D7DBBD89C3FEE6F287FD5C939141359.e.11318/click - {}
RESULT: {}
COMMAND: POST /session/a49a846f150ab9031b86585360f30ac3/element - {"using":"xpath","value":"//span[contains(text(), \"Euro\")]"}
COMMAND: GET /session/a49a846f150ab9031b86585360f30ac3/screenshot - {}
RESULT: {"using":"xpath","value":"//span[contains(text(), \"Euro\")]"}
COMMAND: POST /session/a49a846f150ab9031b86585360f30ac3/element/f.6CD6B7C80D08F775EB7D2FFF8B2C9AB5.d.1D7DBBD89C3FEE6F287FD5C939141359.e.11414/click - {}
RESULT: {}
RESULT: {}
COMMAND: POST /session/a49a846f150ab9031b86585360f30ac3/element - {"using":"xpath","value":"//button[@data-kt=\"saveButton\"]"}
COMMAND: GET /session/a49a846f150ab9031b86585360f30ac3/screenshot - {}
RESULT: {"using":"xpath","value":"//button[@data-kt=\"saveButton\"]"}
COMMAND: POST /session/a49a846f150ab9031b86585360f30ac3/element/f.6CD6B7C80D08F775EB7D2FFF8B2C9AB5.d.1D7DBBD89C3FEE6F287FD5C939141359.e.11319/click - {}
RESULT: {}
RESULT: {}
COMMAND: GET /session/a49a846f150ab9031b86585360f30ac3/screenshot - {}
RESULT: {}
RESULT: undefined
COMMAND: POST /session/a49a846f150ab9031b86585360f30ac3/execute/async - {"script":"<script> [776 bytes]","args":[{"enterText":"ei3jsG1k09","selector":{"id":"application-manageconditionprice-display-component---conditions--smartFilterBar-btnBasicSearch","interaction":{"idSuffix":"I"}},"clearTextFirst":true,"interactionType":"ENTER_TEXT"}]}
RESULT: {"script":"<script> [776 bytes]","args":[{"enterText":"ei3jsG1k09","selector":{"id":"application-manageconditionprice-display-component---conditions--smartFilterBar-btnBasicSearch","interaction":{"idSuffix":"I"}},"clearTextFirst":true,"interactionType":"ENTER_TEXT"}]}
COMMAND: POST /session/a49a846f150ab9031b86585360f30ac3/actions - {"actions":[{"id":"action42","type":"key","parameters":{},"actions":[{"type":"keyDown","value":"î€‡"},{"type":"pause","duration":10},{"type":"keyUp","value":"î€‡"}]}]}
RESULT: {"actions":[{"id":"action42","type":"key","parameters":{},"actions":[{"type":"keyDown","value":"î€‡"},{"type":"pause","duration":10},{"type":"keyUp","value":"î€‡"}]}]}
COMMAND: GET /session/a49a846f150ab9031b86585360f30ac3/screenshot - {}
RESULT: {}
RESULT: undefined
COMMAND: POST /session/a49a846f150ab9031b86585360f30ac3/element - {"using":"xpath","value":"//*[@id=\"application-manageconditionprice-display-component---conditions--smartFilterBar-filterItemControl_BASIC-BILL_TYPES-vhi\"]"}
RESULT: {"using":"xpath","value":"//*[@id=\"application-manageconditionprice-display-component---conditions--smartFilterBar-filterItemControl_BASIC-BILL_TYPES-vhi\"]"}
COMMAND: POST /session/a49a846f150ab9031b86585360f30ac3/element/f.6CD6B7C80D08F775EB7D2FFF8B2C9AB5.d.1D7DBBD89C3FEE6F287FD5C939141359.e.11641/click - {}
RESULT: {}
RESULT: undefined
COMMAND: POST /session/a49a846f150ab9031b86585360f30ac3/execute/async - {"script":"<script> [776 bytes]","args":[{"enterText":"TB","selector":{"id":"application-manageconditionprice-display-component---conditions--smartFilterBar-filterItemControl_BASIC-BILL_TYPES-valueHelpDialog-smartFilterBar-btnBasicSearch","searchOpenDialogs":true,"interaction":{"idSuffix":"I"}},"clearTextFirst":true,"interactionType":"ENTER_TEXT"}]}
COMMAND: GET /session/a49a846f150ab9031b86585360f30ac3/screenshot - {}
RESULT: {"script":"<script> [776 bytes]","args":[{"enterText":"TB","selector":{"id":"application-manageconditionprice-display-component---conditions--smartFilterBar-filterItemControl_BASIC-BILL_TYPES-valueHelpDialog-smartFilterBar-btnBasicSearch","searchOpenDialogs":true,"interaction":{"idSuffix":"I"}},"clearTextFirst":true,"interactionType":"ENTER_TEXT"}]}
COMMAND: POST /session/a49a846f150ab9031b86585360f30ac3/actions - {"actions":[{"id":"action43","type":"key","parameters":{},"actions":[{"type":"keyDown","value":"î€‡"},{"type":"pause","duration":10},{"type":"keyUp","value":"î€‡"}]}]}
RESULT: {}
RESULT: {"actions":[{"id":"action43","type":"key","parameters":{},"actions":[{"type":"keyDown","value":"î€‡"},{"type":"pause","duration":10},{"type":"keyUp","value":"î€‡"}]}]}
COMMAND: GET /session/a49a846f150ab9031b86585360f30ac3/screenshot - {}
RESULT: {}
COMMAND: POST /session/a49a846f150ab9031b86585360f30ac3/element - {"using":"xpath","value":"//div[contains(@id, 'application-manageconditionprice-display-component---conditions--smartFilterBar-filterItemControl_BASIC-BILL_TYPES-valueHelpDialog-table-rowsel0')]"}
RESULT: {"using":"xpath","value":"//div[contains(@id, 'application-manageconditionprice-display-component---conditions--smartFilterBar-filterItemControl_BASIC-BILL_TYPES-valueHelpDialog-table-rowsel0')]"}
COMMAND: POST /session/a49a846f150ab9031b86585360f30ac3/element/f.6CD6B7C80D08F775EB7D2FFF8B2C9AB5.d.1D7DBBD89C3FEE6F287FD5C939141359.e.11648/click - {}
RESULT: {}
COMMAND: GET /session/a49a846f150ab9031b86585360f30ac3/screenshot - {}
RESULT: {}
COMMAND: POST /session/a49a846f150ab9031b86585360f30ac3/element - {"using":"xpath","value":"//bdi[contains(text(), \"OK\")]"}
RESULT: {"using":"xpath","value":"//bdi[contains(text(), \"OK\")]"}
COMMAND: POST /session/a49a846f150ab9031b86585360f30ac3/element/f.6CD6B7C80D08F775EB7D2FFF8B2C9AB5.d.1D7DBBD89C3FEE6F287FD5C939141359.e.11650/click - {}
RESULT: {}
COMMAND: GET /session/a49a846f150ab9031b86585360f30ac3/screenshot - {}
RESULT: {}
COMMAND: POST /session/a49a846f150ab9031b86585360f30ac3/element - {"using":"xpath","value":"//span[@id=\"application-manageconditionprice-display-component---conditions--smartTable-header-inner\"]"}
RESULT: {"using":"xpath","value":"//span[@id=\"application-manageconditionprice-display-component---conditions--smartTable-header-inner\"]"}
COMMAND: POST /session/a49a846f150ab9031b86585360f30ac3/elements - {"using":"xpath","value":"//span[@id=\"application-manageconditionprice-display-component---conditions--smartTable-header-inner\"]"}
RESULT: {"using":"xpath","value":"//span[@id=\"application-manageconditionprice-display-component---conditions--smartTable-header-inner\"]"}
COMMAND: POST /session/a49a846f150ab9031b86585360f30ac3/execute/sync - {"script":"<script> [56 bytes]","args":[{"element-6066-11e4-a52e-4f735466cecf":"f.6CD6B7C80D08F775EB7D2FFF8B2C9AB5.d.1D7DBBD89C3FEE6F287FD5C939141359.e.11686","ELEMENT":"f.6CD6B7C80D08F775EB7D2FFF8B2C9AB5.d.1D7DBBD89C3FEE6F287FD5C939141359.e.11686"}]}
RESULT: {"script":"<script> [56 bytes]","args":[{"element-6066-11e4-a52e-4f735466cecf":"f.6CD6B7C80D08F775EB7D2FFF8B2C9AB5.d.1D7DBBD89C3FEE6F287FD5C939141359.e.11686","ELEMENT":"f.6CD6B7C80D08F775EB7D2FFF8B2C9AB5.d.1D7DBBD89C3FEE6F287FD5C939141359.e.11686"}]}
COMMAND: POST /session/a49a846f150ab9031b86585360f30ac3/element - {"using":"css selector","value":"#shell-header-logo"}
COMMAND: GET /session/a49a846f150ab9031b86585360f30ac3/screenshot - {}
RESULT: {"using":"css selector","value":"#shell-header-logo"}
COMMAND: POST /session/a49a846f150ab9031b86585360f30ac3/element/f.6CD6B7C80D08F775EB7D2FFF8B2C9AB5.d.1D7DBBD89C3FEE6F287FD5C939141359.e.10884/click - {}
RESULT: {}
RESULT: {}
COMMAND: GET /session/a49a846f150ab9031b86585360f30ac3/screenshot - {}
RESULT: {}
]]></system-out>
    </testcase>
    <testcase classname="chrome.135_0_7049_96.windows.Create_master_data_for_mixed_billing_&amp;_do_billing_calculation_US151661" name="Should do a stock increase handover" time="80.153">
      <system-out><![CDATA[
COMMAND: POST /session/a49a846f150ab9031b86585360f30ac3/execute/async - {"script":"<script> [1562 bytes]","args":[{"selector":{"controlType":"sap.m.Text","viewName":"etm.portal.ui.managehandoverstile.view.Master","properties":{"text":"Manage Handovers"},"interaction":{"idSuffix":"inner"}},"wdio_ui5_key":"etmportal.ui.managehandoverstile.view.Mastersap.m.Text{\"text\":\"Manage Handovers\"}"}]}
RESULT: {"script":"<script> [1562 bytes]","args":[{"selector":{"controlType":"sap.m.Text","viewName":"etm.portal.ui.managehandoverstile.view.Master","properties":{"text":"Manage Handovers"},"interaction":{"idSuffix":"inner"}},"wdio_ui5_key":"etmportal.ui.managehandoverstile.view.Mastersap.m.Text{\"text\":\"Manage Handovers\"}"}]}
RESULT: undefined
COMMAND: POST /session/a49a846f150ab9031b86585360f30ac3/element - {"using":"xpath","value":"//*[@id=\"__tile132-title\"]"}
RESULT: {"using":"xpath","value":"//*[@id=\"__tile132-title\"]"}
COMMAND: POST /session/a49a846f150ab9031b86585360f30ac3/element/f.6CD6B7C80D08F775EB7D2FFF8B2C9AB5.d.1D7DBBD89C3FEE6F287FD5C939141359.e.11689/click - {}
RESULT: {}
COMMAND: POST /session/a49a846f150ab9031b86585360f30ac3/element - {"using":"xpath","value":"//button[@data-kt=\"masterHOAddButton\"]"}
COMMAND: GET /session/a49a846f150ab9031b86585360f30ac3/screenshot - {}
RESULT: {"using":"xpath","value":"//button[@data-kt=\"masterHOAddButton\"]"}
COMMAND: POST /session/a49a846f150ab9031b86585360f30ac3/elements - {"using":"xpath","value":"//button[@data-kt=\"masterHOAddButton\"]"}
RESULT: {}
RESULT: {"using":"xpath","value":"//button[@data-kt=\"masterHOAddButton\"]"}
COMMAND: POST /session/a49a846f150ab9031b86585360f30ac3/elements - {"using":"xpath","value":"//button[@data-kt=\"masterHOAddButton\"]"}
RESULT: {"using":"xpath","value":"//button[@data-kt=\"masterHOAddButton\"]"}
COMMAND: POST /session/a49a846f150ab9031b86585360f30ac3/elements - {"using":"xpath","value":"//button[@data-kt=\"masterHOAddButton\"]"}
RESULT: {"using":"xpath","value":"//button[@data-kt=\"masterHOAddButton\"]"}
COMMAND: POST /session/a49a846f150ab9031b86585360f30ac3/elements - {"using":"xpath","value":"//button[@data-kt=\"masterHOAddButton\"]"}
RESULT: {"using":"xpath","value":"//button[@data-kt=\"masterHOAddButton\"]"}
COMMAND: POST /session/a49a846f150ab9031b86585360f30ac3/elements - {"using":"xpath","value":"//button[@data-kt=\"masterHOAddButton\"]"}
RESULT: {"using":"xpath","value":"//button[@data-kt=\"masterHOAddButton\"]"}
COMMAND: POST /session/a49a846f150ab9031b86585360f30ac3/elements - {"using":"xpath","value":"//button[@data-kt=\"masterHOAddButton\"]"}
RESULT: {"using":"xpath","value":"//button[@data-kt=\"masterHOAddButton\"]"}
COMMAND: POST /session/a49a846f150ab9031b86585360f30ac3/elements - {"using":"xpath","value":"//button[@data-kt=\"masterHOAddButton\"]"}
RESULT: {"using":"xpath","value":"//button[@data-kt=\"masterHOAddButton\"]"}
COMMAND: POST /session/a49a846f150ab9031b86585360f30ac3/elements - {"using":"xpath","value":"//button[@data-kt=\"masterHOAddButton\"]"}
RESULT: {"using":"xpath","value":"//button[@data-kt=\"masterHOAddButton\"]"}
COMMAND: POST /session/a49a846f150ab9031b86585360f30ac3/elements - {"using":"xpath","value":"//button[@data-kt=\"masterHOAddButton\"]"}
RESULT: {"using":"xpath","value":"//button[@data-kt=\"masterHOAddButton\"]"}
COMMAND: POST /session/a49a846f150ab9031b86585360f30ac3/elements - {"using":"xpath","value":"//button[@data-kt=\"masterHOAddButton\"]"}
RESULT: {"using":"xpath","value":"//button[@data-kt=\"masterHOAddButton\"]"}
COMMAND: POST /session/a49a846f150ab9031b86585360f30ac3/elements - {"using":"xpath","value":"//button[@data-kt=\"masterHOAddButton\"]"}
RESULT: {"using":"xpath","value":"//button[@data-kt=\"masterHOAddButton\"]"}
COMMAND: POST /session/a49a846f150ab9031b86585360f30ac3/elements - {"using":"xpath","value":"//button[@data-kt=\"masterHOAddButton\"]"}
RESULT: {"using":"xpath","value":"//button[@data-kt=\"masterHOAddButton\"]"}
COMMAND: POST /session/a49a846f150ab9031b86585360f30ac3/elements - {"using":"xpath","value":"//button[@data-kt=\"masterHOAddButton\"]"}
RESULT: {"using":"xpath","value":"//button[@data-kt=\"masterHOAddButton\"]"}
COMMAND: POST /session/a49a846f150ab9031b86585360f30ac3/elements - {"using":"xpath","value":"//button[@data-kt=\"masterHOAddButton\"]"}
RESULT: {"using":"xpath","value":"//button[@data-kt=\"masterHOAddButton\"]"}
COMMAND: POST /session/a49a846f150ab9031b86585360f30ac3/elements - {"using":"xpath","value":"//button[@data-kt=\"masterHOAddButton\"]"}
RESULT: {"using":"xpath","value":"//button[@data-kt=\"masterHOAddButton\"]"}
COMMAND: POST /session/a49a846f150ab9031b86585360f30ac3/elements - {"using":"xpath","value":"//button[@data-kt=\"masterHOAddButton\"]"}
RESULT: {"using":"xpath","value":"//button[@data-kt=\"masterHOAddButton\"]"}
COMMAND: POST /session/a49a846f150ab9031b86585360f30ac3/elements - {"using":"xpath","value":"//button[@data-kt=\"masterHOAddButton\"]"}
RESULT: {"using":"xpath","value":"//button[@data-kt=\"masterHOAddButton\"]"}
COMMAND: POST /session/a49a846f150ab9031b86585360f30ac3/elements - {"using":"xpath","value":"//button[@data-kt=\"masterHOAddButton\"]"}
RESULT: {"using":"xpath","value":"//button[@data-kt=\"masterHOAddButton\"]"}
COMMAND: POST /session/a49a846f150ab9031b86585360f30ac3/elements - {"using":"xpath","value":"//button[@data-kt=\"masterHOAddButton\"]"}
RESULT: {"using":"xpath","value":"//button[@data-kt=\"masterHOAddButton\"]"}
COMMAND: POST /session/a49a846f150ab9031b86585360f30ac3/elements - {"using":"xpath","value":"//button[@data-kt=\"masterHOAddButton\"]"}
RESULT: {"using":"xpath","value":"//button[@data-kt=\"masterHOAddButton\"]"}
COMMAND: POST /session/a49a846f150ab9031b86585360f30ac3/element - {"using":"xpath","value":"//button[@data-kt=\"masterHOAddButton\"]"}
RESULT: {"using":"xpath","value":"//button[@data-kt=\"masterHOAddButton\"]"}
COMMAND: POST /session/a49a846f150ab9031b86585360f30ac3/execute/sync - {"script":"<script> [8489 bytes]","args":[{"element-6066-11e4-a52e-4f735466cecf":"f.6CD6B7C80D08F775EB7D2FFF8B2C9AB5.d.1D7DBBD89C3FEE6F287FD5C939141359.e.11719","ELEMENT":"f.6CD6B7C80D08F775EB7D2FFF8B2C9AB5.d.1D7DBBD89C3FEE6F287FD5C939141359.e.11719"}]}
RESULT: {"script":"<script> [8489 bytes]","args":[{"element-6066-11e4-a52e-4f735466cecf":"f.6CD6B7C80D08F775EB7D2FFF8B2C9AB5.d.1D7DBBD89C3FEE6F287FD5C939141359.e.11719","ELEMENT":"f.6CD6B7C80D08F775EB7D2FFF8B2C9AB5.d.1D7DBBD89C3FEE6F287FD5C939141359.e.11719"}]}
COMMAND: GET /session/a49a846f150ab9031b86585360f30ac3/element/f.6CD6B7C80D08F775EB7D2FFF8B2C9AB5.d.1D7DBBD89C3FEE6F287FD5C939141359.e.11719/enabled - {}
COMMAND: GET /session/a49a846f150ab9031b86585360f30ac3/screenshot - {}
RESULT: {}
COMMAND: POST /session/a49a846f150ab9031b86585360f30ac3/execute/sync - {"script":"<script> [8489 bytes]","args":[{"element-6066-11e4-a52e-4f735466cecf":"f.6CD6B7C80D08F775EB7D2FFF8B2C9AB5.d.1D7DBBD89C3FEE6F287FD5C939141359.e.11719","ELEMENT":"f.6CD6B7C80D08F775EB7D2FFF8B2C9AB5.d.1D7DBBD89C3FEE6F287FD5C939141359.e.11719"}]}
COMMAND: GET /session/a49a846f150ab9031b86585360f30ac3/screenshot - {}
RESULT: {}
RESULT: {"script":"<script> [8489 bytes]","args":[{"element-6066-11e4-a52e-4f735466cecf":"f.6CD6B7C80D08F775EB7D2FFF8B2C9AB5.d.1D7DBBD89C3FEE6F287FD5C939141359.e.11719","ELEMENT":"f.6CD6B7C80D08F775EB7D2FFF8B2C9AB5.d.1D7DBBD89C3FEE6F287FD5C939141359.e.11719"}]}
COMMAND: POST /session/a49a846f150ab9031b86585360f30ac3/execute/sync - {"script":"<script> [5351 bytes]","args":[{"element-6066-11e4-a52e-4f735466cecf":"f.6CD6B7C80D08F775EB7D2FFF8B2C9AB5.d.1D7DBBD89C3FEE6F287FD5C939141359.e.11719","ELEMENT":"f.6CD6B7C80D08F775EB7D2FFF8B2C9AB5.d.1D7DBBD89C3FEE6F287FD5C939141359.e.11719"}]}
COMMAND: GET /session/a49a846f150ab9031b86585360f30ac3/screenshot - {}
RESULT: {}
RESULT: {"script":"<script> [5351 bytes]","args":[{"element-6066-11e4-a52e-4f735466cecf":"f.6CD6B7C80D08F775EB7D2FFF8B2C9AB5.d.1D7DBBD89C3FEE6F287FD5C939141359.e.11719","ELEMENT":"f.6CD6B7C80D08F775EB7D2FFF8B2C9AB5.d.1D7DBBD89C3FEE6F287FD5C939141359.e.11719"}]}
COMMAND: POST /session/a49a846f150ab9031b86585360f30ac3/element/f.6CD6B7C80D08F775EB7D2FFF8B2C9AB5.d.1D7DBBD89C3FEE6F287FD5C939141359.e.11719/click - {}
COMMAND: GET /session/a49a846f150ab9031b86585360f30ac3/screenshot - {}
RESULT: {}
RESULT: {}
COMMAND: GET /session/a49a846f150ab9031b86585360f30ac3/screenshot - {}
RESULT: {}
RESULT: {}
COMMAND: POST /session/a49a846f150ab9031b86585360f30ac3/element - {"using":"xpath","value":"//span[contains(@id ,\"AddNewHO--typeSelect-arrow\")]"}
RESULT: {"using":"xpath","value":"//span[contains(@id ,\"AddNewHO--typeSelect-arrow\")]"}
COMMAND: POST /session/a49a846f150ab9031b86585360f30ac3/element/f.6CD6B7C80D08F775EB7D2FFF8B2C9AB5.d.1D7DBBD89C3FEE6F287FD5C939141359.e.12067/click - {}
RESULT: {}
COMMAND: GET /session/a49a846f150ab9031b86585360f30ac3/screenshot - {}
RESULT: {}
COMMAND: POST /session/a49a846f150ab9031b86585360f30ac3/element - {"using":"xpath","value":"(//li[contains(text(), \"stock increase yard\")])[1]"}
RESULT: {"using":"xpath","value":"(//li[contains(text(), \"stock increase yard\")])[1]"}
COMMAND: POST /session/a49a846f150ab9031b86585360f30ac3/element/f.6CD6B7C80D08F775EB7D2FFF8B2C9AB5.d.1D7DBBD89C3FEE6F287FD5C939141359.e.12068/click - {}
RESULT: {}
COMMAND: GET /session/a49a846f150ab9031b86585360f30ac3/screenshot - {}
RESULT: {}
COMMAND: POST /session/a49a846f150ab9031b86585360f30ac3/execute/async - {"script":"<script> [1562 bytes]","args":[{"selector":{"id":"application-managehandovers-display-component---AddNewHO--dueDate","interaction":{"idSuffix":"inner"}},"wdio_ui5_key":"applicationmanagehandovers-display-component---AddNewHO--dueDate"}]}
RESULT: {"script":"<script> [1562 bytes]","args":[{"selector":{"id":"application-managehandovers-display-component---AddNewHO--dueDate","interaction":{"idSuffix":"inner"}},"wdio_ui5_key":"applicationmanagehandovers-display-component---AddNewHO--dueDate"}]}
RESULT: undefined
COMMAND: POST /session/a49a846f150ab9031b86585360f30ac3/execute/async - {"script":"<script> [6424 bytes]","args":[{"element-6066-11e4-a52e-4f735466cecf":"f.6CD6B7C80D08F775EB7D2FFF8B2C9AB5.d.1D7DBBD89C3FEE6F287FD5C939141359.e.12070"},"setValue",["04/29/2025"]]}
RESULT: {"script":"<script> [6424 bytes]","args":[{"element-6066-11e4-a52e-4f735466cecf":"f.6CD6B7C80D08F775EB7D2FFF8B2C9AB5.d.1D7DBBD89C3FEE6F287FD5C939141359.e.12070"},"setValue",["04/29/2025"]]}
COMMAND: POST /session/a49a846f150ab9031b86585360f30ac3/element - {"using":"xpath","value":"//input[@id=\"generalSectionFrg--receiveYard-inner\"]"}
RESULT: {"using":"xpath","value":"//input[@id=\"generalSectionFrg--receiveYard-inner\"]"}
COMMAND: POST /session/a49a846f150ab9031b86585360f30ac3/element/f.6CD6B7C80D08F775EB7D2FFF8B2C9AB5.d.1D7DBBD89C3FEE6F287FD5C939141359.e.12076/clear - {}
RESULT: {}
COMMAND: POST /session/a49a846f150ab9031b86585360f30ac3/element/f.6CD6B7C80D08F775EB7D2FFF8B2C9AB5.d.1D7DBBD89C3FEE6F287FD5C939141359.e.12076/value - {"text":"375"}
COMMAND: GET /session/a49a846f150ab9031b86585360f30ac3/screenshot - {}
RESULT: {"text":"375"}
COMMAND: GET /session/a49a846f150ab9031b86585360f30ac3/screenshot - {}
RESULT: {}
RESULT: {}
COMMAND: POST /session/a49a846f150ab9031b86585360f30ac3/element - {"using":"xpath","value":"//li[.//span[text()='375']]"}
RESULT: {"using":"xpath","value":"//li[.//span[text()='375']]"}
COMMAND: POST /session/a49a846f150ab9031b86585360f30ac3/element/f.6CD6B7C80D08F775EB7D2FFF8B2C9AB5.d.1D7DBBD89C3FEE6F287FD5C939141359.e.12094/click - {}
RESULT: {}
COMMAND: GET /session/a49a846f150ab9031b86585360f30ac3/screenshot - {}
RESULT: {}
COMMAND: POST /session/a49a846f150ab9031b86585360f30ac3/execute/async - {"script":"<script> [1562 bytes]","args":[{"selector":{"id":"application-managehandovers-display-component---AddNewHO--ObjectPageLayout-anchBar-application-managehandovers-display-component---AddNewHO--section4-anchor","interaction":{"idSuffix":"BDI-content"}},"wdio_ui5_key":"applicationmanagehandovers-display-component---AddNewHO--ObjectPageLayout-anchBar-application-managehandovers-display-component---AddNewHO--section4-anchor"}]}
RESULT: {"script":"<script> [1562 bytes]","args":[{"selector":{"id":"application-managehandovers-display-component---AddNewHO--ObjectPageLayout-anchBar-application-managehandovers-display-component---AddNewHO--section4-anchor","interaction":{"idSuffix":"BDI-content"}},"wdio_ui5_key":"applicationmanagehandovers-display-component---AddNewHO--ObjectPageLayout-anchBar-application-managehandovers-display-component---AddNewHO--section4-anchor"}]}
RESULT: undefined
COMMAND: POST /session/a49a846f150ab9031b86585360f30ac3/element - {"using":"xpath","value":"//*[@id=\"application-managehandovers-display-component---AddNewHO--ObjectPageLayout-anchBar-application-managehandovers-display-component---AddNewHO--section4-anchor\"]"}
RESULT: {"using":"xpath","value":"//*[@id=\"application-managehandovers-display-component---AddNewHO--ObjectPageLayout-anchBar-application-managehandovers-display-component---AddNewHO--section4-anchor\"]"}
COMMAND: POST /session/a49a846f150ab9031b86585360f30ac3/element/f.6CD6B7C80D08F775EB7D2FFF8B2C9AB5.d.1D7DBBD89C3FEE6F287FD5C939141359.e.12096/click - {}
RESULT: {}
COMMAND: POST /session/a49a846f150ab9031b86585360f30ac3/element - {"using":"xpath","value":"//button[@aria-label=\"Add\"]"}
COMMAND: GET /session/a49a846f150ab9031b86585360f30ac3/screenshot - {}
RESULT: {"using":"xpath","value":"//button[@aria-label=\"Add\"]"}
COMMAND: POST /session/a49a846f150ab9031b86585360f30ac3/element/f.6CD6B7C80D08F775EB7D2FFF8B2C9AB5.d.1D7DBBD89C3FEE6F287FD5C939141359.e.12100/click - {}
RESULT: {}
RESULT: {}
COMMAND: GET /session/a49a846f150ab9031b86585360f30ac3/screenshot - {}
RESULT: {}
COMMAND: POST /session/a49a846f150ab9031b86585360f30ac3/execute/async - {"script":"<script> [1562 bytes]","args":[{"selector":{"id":"application-managehandovers-display-component---AddNewHO--smartFilterBar-btnBasicSearch","searchOpenDialogs":true,"interaction":{"idSuffix":"I"}},"wdio_ui5_key":"applicationmanagehandovers-display-component---AddNewHO--smartFilterBar-btnBasicSearch"}]}
RESULT: {"script":"<script> [1562 bytes]","args":[{"selector":{"id":"application-managehandovers-display-component---AddNewHO--smartFilterBar-btnBasicSearch","searchOpenDialogs":true,"interaction":{"idSuffix":"I"}},"wdio_ui5_key":"applicationmanagehandovers-display-component---AddNewHO--smartFilterBar-btnBasicSearch"}]}
RESULT: undefined
COMMAND: POST /session/a49a846f150ab9031b86585360f30ac3/execute/async - {"script":"<script> [776 bytes]","args":[{"enterText":"ei3jsG1k09","selector":{"id":"application-managehandovers-display-component---AddNewHO--smartFilterBar-btnBasicSearch","searchOpenDialogs":true,"interaction":{"idSuffix":"I"}},"clearTextFirst":true,"interactionType":"ENTER_TEXT"}]}
RESULT: {"script":"<script> [776 bytes]","args":[{"enterText":"ei3jsG1k09","selector":{"id":"application-managehandovers-display-component---AddNewHO--smartFilterBar-btnBasicSearch","searchOpenDialogs":true,"interaction":{"idSuffix":"I"}},"clearTextFirst":true,"interactionType":"ENTER_TEXT"}]}
COMMAND: POST /session/a49a846f150ab9031b86585360f30ac3/actions - {"actions":[{"id":"action44","type":"key","parameters":{},"actions":[{"type":"keyDown","value":"î€‡"},{"type":"pause","duration":10},{"type":"keyUp","value":"î€‡"}]}]}
RESULT: {"actions":[{"id":"action44","type":"key","parameters":{},"actions":[{"type":"keyDown","value":"î€‡"},{"type":"pause","duration":10},{"type":"keyUp","value":"î€‡"}]}]}
COMMAND: GET /session/a49a846f150ab9031b86585360f30ac3/screenshot - {}
RESULT: {}
COMMAND: POST /session/a49a846f150ab9031b86585360f30ac3/execute/async - {"script":"<script> [1562 bytes]","args":[{"selector":{"id":"application-managehandovers-display-component---AddNewHO--popup-sa","searchOpenDialogs":true,"interaction":{"idSuffix":"CbBg"}},"wdio_ui5_key":"applicationmanagehandovers-display-component---AddNewHO--popup-sa"}]}
RESULT: {"script":"<script> [1562 bytes]","args":[{"selector":{"id":"application-managehandovers-display-component---AddNewHO--popup-sa","searchOpenDialogs":true,"interaction":{"idSuffix":"CbBg"}},"wdio_ui5_key":"applicationmanagehandovers-display-component---AddNewHO--popup-sa"}]}
RESULT: undefined
COMMAND: POST /session/a49a846f150ab9031b86585360f30ac3/element - {"using":"xpath","value":"//*[@id=\"application-managehandovers-display-component---AddNewHO--popup-sa\"]"}
RESULT: {"using":"xpath","value":"//*[@id=\"application-managehandovers-display-component---AddNewHO--popup-sa\"]"}
COMMAND: POST /session/a49a846f150ab9031b86585360f30ac3/element/f.6CD6B7C80D08F775EB7D2FFF8B2C9AB5.d.1D7DBBD89C3FEE6F287FD5C939141359.e.12252/click - {}
RESULT: {}
COMMAND: GET /session/a49a846f150ab9031b86585360f30ac3/screenshot - {}
RESULT: {}
COMMAND: POST /session/a49a846f150ab9031b86585360f30ac3/element - {"using":"xpath","value":"//bdi[contains(text(), \"Select\")]"}
RESULT: {"using":"xpath","value":"//bdi[contains(text(), \"Select\")]"}
COMMAND: POST /session/a49a846f150ab9031b86585360f30ac3/element/f.6CD6B7C80D08F775EB7D2FFF8B2C9AB5.d.1D7DBBD89C3FEE6F287FD5C939141359.e.12253/click - {}
RESULT: {}
COMMAND: GET /session/a49a846f150ab9031b86585360f30ac3/screenshot - {}
RESULT: {}
COMMAND: POST /session/a49a846f150ab9031b86585360f30ac3/element - {"using":"xpath","value":"//button[@data-kt=\"AddNewHOSaveButton\"]"}
RESULT: {"using":"xpath","value":"//button[@data-kt=\"AddNewHOSaveButton\"]"}
COMMAND: POST /session/a49a846f150ab9031b86585360f30ac3/element/f.6CD6B7C80D08F775EB7D2FFF8B2C9AB5.d.1D7DBBD89C3FEE6F287FD5C939141359.e.12257/click - {}
RESULT: {}
COMMAND: GET /session/a49a846f150ab9031b86585360f30ac3/screenshot - {}
COMMAND: POST /session/a49a846f150ab9031b86585360f30ac3/execute/async - {"script":"<script> [1562 bytes]","args":[{"selector":{"id":"receiptDatePicker","viewName":"etm.portal.ui.managehandovers.view.DetailExecuteHO","interaction":{"idSuffix":"inner"}},"wdio_ui5_key":"receiptDatePickeretmportal.ui.managehandovers.view.DetailExecuteHO"}]}
RESULT: {}
RESULT: {"script":"<script> [1562 bytes]","args":[{"selector":{"id":"receiptDatePicker","viewName":"etm.portal.ui.managehandovers.view.DetailExecuteHO","interaction":{"idSuffix":"inner"}},"wdio_ui5_key":"receiptDatePickeretmportal.ui.managehandovers.view.DetailExecuteHO"}]}
RESULT: undefined
COMMAND: POST /session/a49a846f150ab9031b86585360f30ac3/execute/async - {"script":"<script> [6424 bytes]","args":[{"element-6066-11e4-a52e-4f735466cecf":"f.6CD6B7C80D08F775EB7D2FFF8B2C9AB5.d.1D7DBBD89C3FEE6F287FD5C939141359.e.12288"},"setValue",["04/29/2025"]]}
RESULT: {"script":"<script> [6424 bytes]","args":[{"element-6066-11e4-a52e-4f735466cecf":"f.6CD6B7C80D08F775EB7D2FFF8B2C9AB5.d.1D7DBBD89C3FEE6F287FD5C939141359.e.12288"},"setValue",["04/29/2025"]]}
COMMAND: POST /session/a49a846f150ab9031b86585360f30ac3/element - {"using":"xpath","value":"//button[@data-kt=\"PickingTableConfirmAllButton\"]"}
RESULT: {"using":"xpath","value":"//button[@data-kt=\"PickingTableConfirmAllButton\"]"}
COMMAND: POST /session/a49a846f150ab9031b86585360f30ac3/element/f.6CD6B7C80D08F775EB7D2FFF8B2C9AB5.d.1D7DBBD89C3FEE6F287FD5C939141359.e.12303/click - {}
RESULT: {}
COMMAND: GET /session/a49a846f150ab9031b86585360f30ac3/screenshot - {}
RESULT: {}
COMMAND: POST /session/a49a846f150ab9031b86585360f30ac3/element - {"using":"xpath","value":"//bdi[contains(text(), \"OK\")]"}
RESULT: {"using":"xpath","value":"//bdi[contains(text(), \"OK\")]"}
COMMAND: POST /session/a49a846f150ab9031b86585360f30ac3/element/f.6CD6B7C80D08F775EB7D2FFF8B2C9AB5.d.1D7DBBD89C3FEE6F287FD5C939141359.e.12305/click - {}
RESULT: {}
COMMAND: GET /session/a49a846f150ab9031b86585360f30ac3/screenshot - {}
RESULT: {}
COMMAND: POST /session/a49a846f150ab9031b86585360f30ac3/element - {"using":"xpath","value":"(//bdi[contains(text(), \"Receive\")])[2]"}
RESULT: {"using":"xpath","value":"(//bdi[contains(text(), \"Receive\")])[2]"}
COMMAND: POST /session/a49a846f150ab9031b86585360f30ac3/element/f.6CD6B7C80D08F775EB7D2FFF8B2C9AB5.d.1D7DBBD89C3FEE6F287FD5C939141359.e.12307/click - {}
RESULT: {}
COMMAND: GET /session/a49a846f150ab9031b86585360f30ac3/screenshot - {}
RESULT: {}
COMMAND: POST /session/a49a846f150ab9031b86585360f30ac3/element - {"using":"css selector","value":"#shell-header-logo"}
RESULT: {"using":"css selector","value":"#shell-header-logo"}
COMMAND: POST /session/a49a846f150ab9031b86585360f30ac3/element/f.6CD6B7C80D08F775EB7D2FFF8B2C9AB5.d.1D7DBBD89C3FEE6F287FD5C939141359.e.11691/click - {}
RESULT: {}
COMMAND: GET /session/a49a846f150ab9031b86585360f30ac3/screenshot - {}
RESULT: {}
]]></system-out>
    </testcase>
    <testcase classname="chrome.135_0_7049_96.windows.Create_master_data_for_mixed_billing_&amp;_do_billing_calculation_US151661" name="Should create a new contract" time="57.628">
      <system-out><![CDATA[
COMMAND: POST /session/a49a846f150ab9031b86585360f30ac3/execute/async - {"script":"<script> [1562 bytes]","args":[{"selector":{"controlType":"sap.m.Text","viewName":"etm.portal.ui.managecontractstile.view.Master","properties":{"text":"Manage Contracts"},"interaction":{"idSuffix":"inner"}},"wdio_ui5_key":"etmportal.ui.managecontractstile.view.Mastersap.m.Text{\"text\":\"Manage Contracts\"}"}]}
RESULT: {"script":"<script> [1562 bytes]","args":[{"selector":{"controlType":"sap.m.Text","viewName":"etm.portal.ui.managecontractstile.view.Master","properties":{"text":"Manage Contracts"},"interaction":{"idSuffix":"inner"}},"wdio_ui5_key":"etmportal.ui.managecontractstile.view.Mastersap.m.Text{\"text\":\"Manage Contracts\"}"}]}
RESULT: undefined
COMMAND: POST /session/a49a846f150ab9031b86585360f30ac3/element - {"using":"xpath","value":"//*[@id=\"__tile130-title\"]"}
RESULT: {"using":"xpath","value":"//*[@id=\"__tile130-title\"]"}
COMMAND: POST /session/a49a846f150ab9031b86585360f30ac3/element/f.6CD6B7C80D08F775EB7D2FFF8B2C9AB5.d.1D7DBBD89C3FEE6F287FD5C939141359.e.12477/click - {}
RESULT: {}
COMMAND: GET /session/a49a846f150ab9031b86585360f30ac3/screenshot - {}
RESULT: {}
COMMAND: POST /session/a49a846f150ab9031b86585360f30ac3/element - {"using":"xpath","value":"//button[@data-kt=\"addButton\"]"}
RESULT: {"using":"xpath","value":"//button[@data-kt=\"addButton\"]"}
COMMAND: POST /session/a49a846f150ab9031b86585360f30ac3/elements - {"using":"xpath","value":"//button[@data-kt=\"addButton\"]"}
RESULT: {"using":"xpath","value":"//button[@data-kt=\"addButton\"]"}
COMMAND: POST /session/a49a846f150ab9031b86585360f30ac3/execute/sync - {"script":"<script> [8489 bytes]","args":[{"element-6066-11e4-a52e-4f735466cecf":"f.6CD6B7C80D08F775EB7D2FFF8B2C9AB5.d.1D7DBBD89C3FEE6F287FD5C939141359.e.12548","ELEMENT":"f.6CD6B7C80D08F775EB7D2FFF8B2C9AB5.d.1D7DBBD89C3FEE6F287FD5C939141359.e.12548"}]}
RESULT: {"script":"<script> [8489 bytes]","args":[{"element-6066-11e4-a52e-4f735466cecf":"f.6CD6B7C80D08F775EB7D2FFF8B2C9AB5.d.1D7DBBD89C3FEE6F287FD5C939141359.e.12548","ELEMENT":"f.6CD6B7C80D08F775EB7D2FFF8B2C9AB5.d.1D7DBBD89C3FEE6F287FD5C939141359.e.12548"}]}
COMMAND: GET /session/a49a846f150ab9031b86585360f30ac3/element/f.6CD6B7C80D08F775EB7D2FFF8B2C9AB5.d.1D7DBBD89C3FEE6F287FD5C939141359.e.12548/enabled - {}
COMMAND: GET /session/a49a846f150ab9031b86585360f30ac3/screenshot - {}
RESULT: {}
COMMAND: POST /session/a49a846f150ab9031b86585360f30ac3/execute/sync - {"script":"<script> [8489 bytes]","args":[{"element-6066-11e4-a52e-4f735466cecf":"f.6CD6B7C80D08F775EB7D2FFF8B2C9AB5.d.1D7DBBD89C3FEE6F287FD5C939141359.e.12548","ELEMENT":"f.6CD6B7C80D08F775EB7D2FFF8B2C9AB5.d.1D7DBBD89C3FEE6F287FD5C939141359.e.12548"}]}
COMMAND: GET /session/a49a846f150ab9031b86585360f30ac3/screenshot - {}
RESULT: {}
RESULT: {"script":"<script> [8489 bytes]","args":[{"element-6066-11e4-a52e-4f735466cecf":"f.6CD6B7C80D08F775EB7D2FFF8B2C9AB5.d.1D7DBBD89C3FEE6F287FD5C939141359.e.12548","ELEMENT":"f.6CD6B7C80D08F775EB7D2FFF8B2C9AB5.d.1D7DBBD89C3FEE6F287FD5C939141359.e.12548"}]}
COMMAND: POST /session/a49a846f150ab9031b86585360f30ac3/execute/sync - {"script":"<script> [5351 bytes]","args":[{"element-6066-11e4-a52e-4f735466cecf":"f.6CD6B7C80D08F775EB7D2FFF8B2C9AB5.d.1D7DBBD89C3FEE6F287FD5C939141359.e.12548","ELEMENT":"f.6CD6B7C80D08F775EB7D2FFF8B2C9AB5.d.1D7DBBD89C3FEE6F287FD5C939141359.e.12548"}]}
COMMAND: GET /session/a49a846f150ab9031b86585360f30ac3/screenshot - {}
RESULT: {}
RESULT: {"script":"<script> [5351 bytes]","args":[{"element-6066-11e4-a52e-4f735466cecf":"f.6CD6B7C80D08F775EB7D2FFF8B2C9AB5.d.1D7DBBD89C3FEE6F287FD5C939141359.e.12548","ELEMENT":"f.6CD6B7C80D08F775EB7D2FFF8B2C9AB5.d.1D7DBBD89C3FEE6F287FD5C939141359.e.12548"}]}
COMMAND: GET /session/a49a846f150ab9031b86585360f30ac3/screenshot - {}
RESULT: {}
RESULT: {}
COMMAND: POST /session/a49a846f150ab9031b86585360f30ac3/element/f.6CD6B7C80D08F775EB7D2FFF8B2C9AB5.d.1D7DBBD89C3FEE6F287FD5C939141359.e.12548/click - {}
RESULT: {}
COMMAND: GET /session/a49a846f150ab9031b86585360f30ac3/screenshot - {}
COMMAND: POST /session/a49a846f150ab9031b86585360f30ac3/execute/async - {"script":"<script> [1562 bytes]","args":[{"selector":{"id":"application-managecontracts-display-component---AddNewContract--projectDescription","interaction":{"idSuffix":"inner"}},"wdio_ui5_key":"applicationmanagecontracts-display-component---AddNewContract--projectDescription"}]}
RESULT: {}
RESULT: {"script":"<script> [1562 bytes]","args":[{"selector":{"id":"application-managecontracts-display-component---AddNewContract--projectDescription","interaction":{"idSuffix":"inner"}},"wdio_ui5_key":"applicationmanagecontracts-display-component---AddNewContract--projectDescription"}]}
RESULT: undefined
COMMAND: POST /session/a49a846f150ab9031b86585360f30ac3/execute/async - {"script":"<script> [776 bytes]","args":[{"enterText":"Mixed Contract WDIO","selector":{"id":"application-managecontracts-display-component---AddNewContract--projectDescription","interaction":{"idSuffix":"inner"}},"clearTextFirst":true,"interactionType":"ENTER_TEXT"}]}
RESULT: {"script":"<script> [776 bytes]","args":[{"enterText":"Mixed Contract WDIO","selector":{"id":"application-managecontracts-display-component---AddNewContract--projectDescription","interaction":{"idSuffix":"inner"}},"clearTextFirst":true,"interactionType":"ENTER_TEXT"}]}
COMMAND: POST /session/a49a846f150ab9031b86585360f30ac3/element - {"using":"xpath","value":"//input[@id=\"application-managecontracts-display-component---AddNewContract--site-inner\"]"}
RESULT: {"using":"xpath","value":"//input[@id=\"application-managecontracts-display-component---AddNewContract--site-inner\"]"}
COMMAND: POST /session/a49a846f150ab9031b86585360f30ac3/element/f.6CD6B7C80D08F775EB7D2FFF8B2C9AB5.d.1D7DBBD89C3FEE6F287FD5C939141359.e.12841/clear - {}
RESULT: {}
COMMAND: POST /session/a49a846f150ab9031b86585360f30ac3/element/f.6CD6B7C80D08F775EB7D2FFF8B2C9AB5.d.1D7DBBD89C3FEE6F287FD5C939141359.e.12841/value - {"text":"2218"}
COMMAND: GET /session/a49a846f150ab9031b86585360f30ac3/screenshot - {}
RESULT: {"text":"2218"}
COMMAND: GET /session/a49a846f150ab9031b86585360f30ac3/screenshot - {}
RESULT: {}
RESULT: {}
COMMAND: POST /session/a49a846f150ab9031b86585360f30ac3/element - {"using":"xpath","value":"//li[.//span[text()='2218']]"}
RESULT: {"using":"xpath","value":"//li[.//span[text()='2218']]"}
COMMAND: POST /session/a49a846f150ab9031b86585360f30ac3/element/f.6CD6B7C80D08F775EB7D2FFF8B2C9AB5.d.1D7DBBD89C3FEE6F287FD5C939141359.e.12866/click - {}
RESULT: {}
COMMAND: GET /session/a49a846f150ab9031b86585360f30ac3/screenshot - {}
RESULT: {}
COMMAND: POST /session/a49a846f150ab9031b86585360f30ac3/element - {"using":"xpath","value":"//input[@id=\"application-managecontracts-display-component---AddNewContract--yardId-inner\"]"}
RESULT: {"using":"xpath","value":"//input[@id=\"application-managecontracts-display-component---AddNewContract--yardId-inner\"]"}
COMMAND: GET /session/a49a846f150ab9031b86585360f30ac3/element/f.6CD6B7C80D08F775EB7D2FFF8B2C9AB5.d.1D7DBBD89C3FEE6F287FD5C939141359.e.12842/property/value - {}
RESULT: {}
COMMAND: POST /session/a49a846f150ab9031b86585360f30ac3/element - {"using":"xpath","value":"//input[@id=\"application-managecontracts-display-component---AddNewContract--customerSelect-inner\"]"}
COMMAND: GET /session/a49a846f150ab9031b86585360f30ac3/screenshot - {}
RESULT: {"using":"xpath","value":"//input[@id=\"application-managecontracts-display-component---AddNewContract--customerSelect-inner\"]"}
COMMAND: POST /session/a49a846f150ab9031b86585360f30ac3/element/f.6CD6B7C80D08F775EB7D2FFF8B2C9AB5.d.1D7DBBD89C3FEE6F287FD5C939141359.e.12840/clear - {}
RESULT: {}
RESULT: {}
COMMAND: POST /session/a49a846f150ab9031b86585360f30ac3/element/f.6CD6B7C80D08F775EB7D2FFF8B2C9AB5.d.1D7DBBD89C3FEE6F287FD5C939141359.e.12840/value - {"text":"1247"}
COMMAND: GET /session/a49a846f150ab9031b86585360f30ac3/screenshot - {}
RESULT: {"text":"1247"}
COMMAND: GET /session/a49a846f150ab9031b86585360f30ac3/screenshot - {}
RESULT: {}
RESULT: {}
COMMAND: POST /session/a49a846f150ab9031b86585360f30ac3/element - {"using":"xpath","value":"//li[.//span[text()='1247']]"}
RESULT: {"using":"xpath","value":"//li[.//span[text()='1247']]"}
COMMAND: POST /session/a49a846f150ab9031b86585360f30ac3/element/f.6CD6B7C80D08F775EB7D2FFF8B2C9AB5.d.1D7DBBD89C3FEE6F287FD5C939141359.e.12869/click - {}
RESULT: {}
COMMAND: GET /session/a49a846f150ab9031b86585360f30ac3/screenshot - {}
RESULT: {}
COMMAND: POST /session/a49a846f150ab9031b86585360f30ac3/element - {"using":"xpath","value":"//button[@data-kt=\"saveButton\"]"}
RESULT: {"using":"xpath","value":"//button[@data-kt=\"saveButton\"]"}
COMMAND: POST /session/a49a846f150ab9031b86585360f30ac3/element/f.6CD6B7C80D08F775EB7D2FFF8B2C9AB5.d.1D7DBBD89C3FEE6F287FD5C939141359.e.12859/click - {}
RESULT: {}
COMMAND: GET /session/a49a846f150ab9031b86585360f30ac3/screenshot - {}
RESULT: {}
COMMAND: POST /session/a49a846f150ab9031b86585360f30ac3/element - {"using":"xpath","value":"//span[contains(@id ,\"contractDetailTitleNoExpanded\")]"}
RESULT: {"using":"xpath","value":"//span[contains(@id ,\"contractDetailTitleNoExpanded\")]"}
COMMAND: POST /session/a49a846f150ab9031b86585360f30ac3/elements - {"using":"xpath","value":"//span[contains(@id ,\"contractDetailTitleNoExpanded\")]"}
RESULT: {"using":"xpath","value":"//span[contains(@id ,\"contractDetailTitleNoExpanded\")]"}
COMMAND: POST /session/a49a846f150ab9031b86585360f30ac3/execute/sync - {"script":"<script> [56 bytes]","args":[{"element-6066-11e4-a52e-4f735466cecf":"f.6CD6B7C80D08F775EB7D2FFF8B2C9AB5.d.1D7DBBD89C3FEE6F287FD5C939141359.e.12940","ELEMENT":"f.6CD6B7C80D08F775EB7D2FFF8B2C9AB5.d.1D7DBBD89C3FEE6F287FD5C939141359.e.12940"}]}
RESULT: {"script":"<script> [56 bytes]","args":[{"element-6066-11e4-a52e-4f735466cecf":"f.6CD6B7C80D08F775EB7D2FFF8B2C9AB5.d.1D7DBBD89C3FEE6F287FD5C939141359.e.12940","ELEMENT":"f.6CD6B7C80D08F775EB7D2FFF8B2C9AB5.d.1D7DBBD89C3FEE6F287FD5C939141359.e.12940"}]}
COMMAND: GET /session/a49a846f150ab9031b86585360f30ac3/screenshot - {}
RESULT: {}
]]></system-out>
    </testcase>
    <testcase classname="chrome.135_0_7049_96.windows.Create_master_data_for_mixed_billing_&amp;_do_billing_calculation_US151661" name="Should add equipment to the contract" time="61.806">
      <system-out><![CDATA[
COMMAND: POST /session/a49a846f150ab9031b86585360f30ac3/element - {"using":"xpath","value":"//button[@data-kt=\"contractDetailEditBtnButton\"]"}
RESULT: {"using":"xpath","value":"//button[@data-kt=\"contractDetailEditBtnButton\"]"}
COMMAND: POST /session/a49a846f150ab9031b86585360f30ac3/element/f.6CD6B7C80D08F775EB7D2FFF8B2C9AB5.d.1D7DBBD89C3FEE6F287FD5C939141359.e.12942/click - {}
RESULT: {}
COMMAND: GET /session/a49a846f150ab9031b86585360f30ac3/screenshot - {}
RESULT: {}
COMMAND: POST /session/a49a846f150ab9031b86585360f30ac3/element - {"using":"xpath","value":"(//span[contains(text(), \"Additional Addresses\")])[2]"}
RESULT: {"using":"xpath","value":"(//span[contains(text(), \"Additional Addresses\")])[2]"}
COMMAND: POST /session/a49a846f150ab9031b86585360f30ac3/element/f.6CD6B7C80D08F775EB7D2FFF8B2C9AB5.d.1D7DBBD89C3FEE6F287FD5C939141359.e.12996/click - {}
RESULT: {}
COMMAND: GET /session/a49a846f150ab9031b86585360f30ac3/screenshot - {}
RESULT: {}
COMMAND: POST /session/a49a846f150ab9031b86585360f30ac3/element - {"using":"xpath","value":"//button[@data-kt=\"btnAddTableRowOverflowToolbarButton\"]"}
RESULT: {"using":"xpath","value":"//button[@data-kt=\"btnAddTableRowOverflowToolbarButton\"]"}
COMMAND: POST /session/a49a846f150ab9031b86585360f30ac3/element/f.6CD6B7C80D08F775EB7D2FFF8B2C9AB5.d.1D7DBBD89C3FEE6F287FD5C939141359.e.13001/click - {}
RESULT: {}
COMMAND: GET /session/a49a846f150ab9031b86585360f30ac3/screenshot - {}
RESULT: {}
COMMAND: POST /session/a49a846f150ab9031b86585360f30ac3/element - {"using":"xpath","value":"//div[(text() = 'Standard Entry' or . = 'Standard Entry')]"}
RESULT: {"using":"xpath","value":"//div[(text() = 'Standard Entry' or . = 'Standard Entry')]"}
COMMAND: POST /session/a49a846f150ab9031b86585360f30ac3/element/f.6CD6B7C80D08F775EB7D2FFF8B2C9AB5.d.1D7DBBD89C3FEE6F287FD5C939141359.e.13002/click - {}
RESULT: {}
COMMAND: GET /session/a49a846f150ab9031b86585360f30ac3/screenshot - {}
RESULT: {}
COMMAND: POST /session/a49a846f150ab9031b86585360f30ac3/element - {"using":"xpath","value":"//td[7]/div/div/input"}
RESULT: {"using":"xpath","value":"//td[7]/div/div/input"}
COMMAND: POST /session/a49a846f150ab9031b86585360f30ac3/element/f.6CD6B7C80D08F775EB7D2FFF8B2C9AB5.d.1D7DBBD89C3FEE6F287FD5C939141359.e.13011/clear - {}
RESULT: {}
COMMAND: POST /session/a49a846f150ab9031b86585360f30ac3/element/f.6CD6B7C80D08F775EB7D2FFF8B2C9AB5.d.1D7DBBD89C3FEE6F287FD5C939141359.e.13011/value - {"text":"ei3jsG1k09"}
COMMAND: GET /session/a49a846f150ab9031b86585360f30ac3/screenshot - {}
RESULT: {"text":"ei3jsG1k09"}
COMMAND: GET /session/a49a846f150ab9031b86585360f30ac3/screenshot - {}
RESULT: {}
RESULT: {}
COMMAND: POST /session/a49a846f150ab9031b86585360f30ac3/actions - {"actions":[{"id":"action45","type":"key","parameters":{},"actions":[{"type":"keyDown","value":"î€‡"},{"type":"pause","duration":10},{"type":"keyUp","value":"î€‡"}]}]}
RESULT: {"actions":[{"id":"action45","type":"key","parameters":{},"actions":[{"type":"keyDown","value":"î€‡"},{"type":"pause","duration":10},{"type":"keyUp","value":"î€‡"}]}]}
COMMAND: GET /session/a49a846f150ab9031b86585360f30ac3/screenshot - {}
RESULT: {}
COMMAND: POST /session/a49a846f150ab9031b86585360f30ac3/element - {"using":"xpath","value":"(//button[@data-kt=\"saveButton\"])[2]"}
RESULT: {"using":"xpath","value":"(//button[@data-kt=\"saveButton\"])[2]"}
COMMAND: POST /session/a49a846f150ab9031b86585360f30ac3/element/f.6CD6B7C80D08F775EB7D2FFF8B2C9AB5.d.1D7DBBD89C3FEE6F287FD5C939141359.e.13026/click - {}
RESULT: {}
COMMAND: GET /session/a49a846f150ab9031b86585360f30ac3/screenshot - {}
RESULT: {}
COMMAND: POST /session/a49a846f150ab9031b86585360f30ac3/element - {"using":"xpath","value":"//span[contains(@id ,\"contractItemsSmartTable-header-inner\")]"}
RESULT: {"using":"xpath","value":"//span[contains(@id ,\"contractItemsSmartTable-header-inner\")]"}
COMMAND: POST /session/a49a846f150ab9031b86585360f30ac3/elements - {"using":"xpath","value":"//span[contains(@id ,\"contractItemsSmartTable-header-inner\")]"}
RESULT: {"using":"xpath","value":"//span[contains(@id ,\"contractItemsSmartTable-header-inner\")]"}
COMMAND: POST /session/a49a846f150ab9031b86585360f30ac3/execute/sync - {"script":"<script> [56 bytes]","args":[{"element-6066-11e4-a52e-4f735466cecf":"f.6CD6B7C80D08F775EB7D2FFF8B2C9AB5.d.1D7DBBD89C3FEE6F287FD5C939141359.e.13030","ELEMENT":"f.6CD6B7C80D08F775EB7D2FFF8B2C9AB5.d.1D7DBBD89C3FEE6F287FD5C939141359.e.13030"}]}
RESULT: {"script":"<script> [56 bytes]","args":[{"element-6066-11e4-a52e-4f735466cecf":"f.6CD6B7C80D08F775EB7D2FFF8B2C9AB5.d.1D7DBBD89C3FEE6F287FD5C939141359.e.13030","ELEMENT":"f.6CD6B7C80D08F775EB7D2FFF8B2C9AB5.d.1D7DBBD89C3FEE6F287FD5C939141359.e.13030"}]}
]]></system-out>
    </testcase>
    <testcase classname="chrome.135_0_7049_96.windows.Create_master_data_for_mixed_billing_&amp;_do_billing_calculation_US151661" name="Should do a provide to site handover" time="54.452">
      <system-out><![CDATA[
COMMAND: POST /session/a49a846f150ab9031b86585360f30ac3/element - {"using":"xpath","value":"//button[@data-kt=\"provideButton\"]"}
COMMAND: GET /session/a49a846f150ab9031b86585360f30ac3/screenshot - {}
RESULT: {"using":"xpath","value":"//button[@data-kt=\"provideButton\"]"}
COMMAND: POST /session/a49a846f150ab9031b86585360f30ac3/element/f.6CD6B7C80D08F775EB7D2FFF8B2C9AB5.d.1D7DBBD89C3FEE6F287FD5C939141359.e.13031/click - {}
RESULT: {}
RESULT: {}
COMMAND: GET /session/a49a846f150ab9031b86585360f30ac3/screenshot - {}
RESULT: undefined
COMMAND: POST /session/a49a846f150ab9031b86585360f30ac3/execute/async - {"script":"<script> [6424 bytes]","args":[{"element-6066-11e4-a52e-4f735466cecf":"f.6CD6B7C80D08F775EB7D2FFF8B2C9AB5.d.1D7DBBD89C3FEE6F287FD5C939141359.e.12070"},"setValue",["04/29/2025"]]}
RESULT: {}
COMMAND: POST /session/a49a846f150ab9031b86585360f30ac3/execute/async - {"script":"<script> [1562 bytes]","args":[{"selector":{"id":"application-managehandovers-display-component---AddNewHO--dueDate","interaction":{"idSuffix":"inner"}},"wdio_ui5_key":"applicationmanagehandovers-display-component---AddNewHO--dueDate"}]}
RESULT: {"script":"<script> [1562 bytes]","args":[{"selector":{"id":"application-managehandovers-display-component---AddNewHO--dueDate","interaction":{"idSuffix":"inner"}},"wdio_ui5_key":"applicationmanagehandovers-display-component---AddNewHO--dueDate"}]}
COMMAND: POST /session/a49a846f150ab9031b86585360f30ac3/execute/async - {"script":"<script> [6424 bytes]","args":[{"element-6066-11e4-a52e-4f735466cecf":"f.6CD6B7C80D08F775EB7D2FFF8B2C9AB5.d.1D7DBBD89C3FEE6F287FD5C939141359.e.13090"},"setValue",["04/29/2025"]]}
RESULT: {"script":"<script> [6424 bytes]","args":[{"element-6066-11e4-a52e-4f735466cecf":"f.6CD6B7C80D08F775EB7D2FFF8B2C9AB5.d.1D7DBBD89C3FEE6F287FD5C939141359.e.13090"},"setValue",["04/29/2025"]]}
COMMAND: POST /session/a49a846f150ab9031b86585360f30ac3/element - {"using":"xpath","value":"//bdi[contains(text(), \"Instructions\")]"}
RESULT: {"using":"xpath","value":"//bdi[contains(text(), \"Instructions\")]"}
COMMAND: POST /session/a49a846f150ab9031b86585360f30ac3/element/f.6CD6B7C80D08F775EB7D2FFF8B2C9AB5.d.1D7DBBD89C3FEE6F287FD5C939141359.e.13342/click - {}
RESULT: {}
COMMAND: GET /session/a49a846f150ab9031b86585360f30ac3/screenshot - {}
RESULT: {}
COMMAND: POST /session/a49a846f150ab9031b86585360f30ac3/element - {"using":"xpath","value":"//button[@data-kt=\"AddNewHOProvideAddItemsButton\"]"}
RESULT: {"using":"xpath","value":"//button[@data-kt=\"AddNewHOProvideAddItemsButton\"]"}
COMMAND: POST /session/a49a846f150ab9031b86585360f30ac3/element/f.6CD6B7C80D08F775EB7D2FFF8B2C9AB5.d.1D7DBBD89C3FEE6F287FD5C939141359.e.13347/click - {}
RESULT: {}
COMMAND: GET /session/a49a846f150ab9031b86585360f30ac3/screenshot - {}
RESULT: {}
RESULT: undefined
COMMAND: POST /session/a49a846f150ab9031b86585360f30ac3/element - {"using":"xpath","value":"//*[@id=\"application-managehandovers-display-component---AddNewHO--popup-sa\"]"}
RESULT: {"using":"xpath","value":"//*[@id=\"application-managehandovers-display-component---AddNewHO--popup-sa\"]"}
COMMAND: POST /session/a49a846f150ab9031b86585360f30ac3/element/f.6CD6B7C80D08F775EB7D2FFF8B2C9AB5.d.1D7DBBD89C3FEE6F287FD5C939141359.e.13356/click - {}
RESULT: {}
COMMAND: GET /session/a49a846f150ab9031b86585360f30ac3/screenshot - {}
RESULT: {}
COMMAND: POST /session/a49a846f150ab9031b86585360f30ac3/element - {"using":"xpath","value":"//*[contains(@id ,\"BDI-content\")][contains(text(), \"Select\")]"}
RESULT: {"using":"xpath","value":"//*[contains(@id ,\"BDI-content\")][contains(text(), \"Select\")]"}
COMMAND: POST /session/a49a846f150ab9031b86585360f30ac3/element/f.6CD6B7C80D08F775EB7D2FFF8B2C9AB5.d.1D7DBBD89C3FEE6F287FD5C939141359.e.13358/click - {}
RESULT: {}
COMMAND: GET /session/a49a846f150ab9031b86585360f30ac3/screenshot - {}
RESULT: {}
COMMAND: POST /session/a49a846f150ab9031b86585360f30ac3/execute/async - {"script":"<script> [1562 bytes]","args":[{"selector":{"id":"application-managehandovers-display-component---AddNewHO--confirmCreationButton","interaction":{"idSuffix":"BDI-content"}},"wdio_ui5_key":"applicationmanagehandovers-display-component---AddNewHO--confirmCreationButton"}]}
RESULT: {"script":"<script> [1562 bytes]","args":[{"selector":{"id":"application-managehandovers-display-component---AddNewHO--confirmCreationButton","interaction":{"idSuffix":"BDI-content"}},"wdio_ui5_key":"applicationmanagehandovers-display-component---AddNewHO--confirmCreationButton"}]}
RESULT: undefined
COMMAND: POST /session/a49a846f150ab9031b86585360f30ac3/element - {"using":"xpath","value":"//*[@id=\"application-managehandovers-display-component---AddNewHO--confirmCreationButton\"]"}
RESULT: {"using":"xpath","value":"//*[@id=\"application-managehandovers-display-component---AddNewHO--confirmCreationButton\"]"}
COMMAND: POST /session/a49a846f150ab9031b86585360f30ac3/element/f.6CD6B7C80D08F775EB7D2FFF8B2C9AB5.d.1D7DBBD89C3FEE6F287FD5C939141359.e.13170/click - {}
RESULT: {}
COMMAND: GET /session/a49a846f150ab9031b86585360f30ac3/screenshot - {}
RESULT: {}
COMMAND: POST /session/a49a846f150ab9031b86585360f30ac3/element - {"using":"xpath","value":"//button[@data-kt=\"PickingTableConfirmAllButton\"]"}
RESULT: {"using":"xpath","value":"//button[@data-kt=\"PickingTableConfirmAllButton\"]"}
COMMAND: POST /session/a49a846f150ab9031b86585360f30ac3/element/f.6CD6B7C80D08F775EB7D2FFF8B2C9AB5.d.1D7DBBD89C3FEE6F287FD5C939141359.e.13396/click - {}
COMMAND: POST /session/a49a846f150ab9031b86585360f30ac3/element - {"using":"xpath","value":"//button[@data-kt=\"PickingTableConfirmAllButton\"]"}
RESULT: {"using":"xpath","value":"//button[@data-kt=\"PickingTableConfirmAllButton\"]"}
COMMAND: POST /session/a49a846f150ab9031b86585360f30ac3/element/f.6CD6B7C80D08F775EB7D2FFF8B2C9AB5.d.1D7DBBD89C3FEE6F287FD5C939141359.e.13396/click - {}
COMMAND: POST /session/a49a846f150ab9031b86585360f30ac3/element - {"using":"xpath","value":"//button[@data-kt=\"PickingTableConfirmAllButton\"]"}
RESULT: {"using":"xpath","value":"//button[@data-kt=\"PickingTableConfirmAllButton\"]"}
COMMAND: POST /session/a49a846f150ab9031b86585360f30ac3/element/f.6CD6B7C80D08F775EB7D2FFF8B2C9AB5.d.1D7DBBD89C3FEE6F287FD5C939141359.e.13416/click - {}
RESULT: {}
COMMAND: GET /session/a49a846f150ab9031b86585360f30ac3/screenshot - {}
RESULT: {}
COMMAND: POST /session/a49a846f150ab9031b86585360f30ac3/element - {"using":"xpath","value":"//bdi[contains(text(), \"OK\")]"}
RESULT: {"using":"xpath","value":"//bdi[contains(text(), \"OK\")]"}
COMMAND: POST /session/a49a846f150ab9031b86585360f30ac3/element/f.6CD6B7C80D08F775EB7D2FFF8B2C9AB5.d.1D7DBBD89C3FEE6F287FD5C939141359.e.13420/click - {}
RESULT: {}
COMMAND: GET /session/a49a846f150ab9031b86585360f30ac3/screenshot - {}
RESULT: {}
COMMAND: POST /session/a49a846f150ab9031b86585360f30ac3/element - {"using":"xpath","value":"//bdi[contains(text(), \"Ok\")]"}
RESULT: {"using":"xpath","value":"//bdi[contains(text(), \"Ok\")]"}
COMMAND: POST /session/a49a846f150ab9031b86585360f30ac3/element/f.6CD6B7C80D08F775EB7D2FFF8B2C9AB5.d.1D7DBBD89C3FEE6F287FD5C939141359.e.13428/click - {}
RESULT: {}
COMMAND: GET /session/a49a846f150ab9031b86585360f30ac3/screenshot - {}
RESULT: {}
COMMAND: POST /session/a49a846f150ab9031b86585360f30ac3/element - {"using":"xpath","value":"//bdi[contains(text(), \"Issue\")]"}
RESULT: {"using":"xpath","value":"//bdi[contains(text(), \"Issue\")]"}
COMMAND: POST /session/a49a846f150ab9031b86585360f30ac3/element/f.6CD6B7C80D08F775EB7D2FFF8B2C9AB5.d.1D7DBBD89C3FEE6F287FD5C939141359.e.13430/click - {}
RESULT: {}
COMMAND: GET /session/a49a846f150ab9031b86585360f30ac3/screenshot - {}
RESULT: {}
COMMAND: POST /session/a49a846f150ab9031b86585360f30ac3/element - {"using":"css selector","value":"#shell-header-logo"}
RESULT: {"using":"css selector","value":"#shell-header-logo"}
COMMAND: POST /session/a49a846f150ab9031b86585360f30ac3/element/f.6CD6B7C80D08F775EB7D2FFF8B2C9AB5.d.1D7DBBD89C3FEE6F287FD5C939141359.e.12480/click - {}
RESULT: {}
COMMAND: GET /session/a49a846f150ab9031b86585360f30ac3/screenshot - {}
RESULT: {}
]]></system-out>
    </testcase>
    <testcase classname="chrome.135_0_7049_96.windows.Create_master_data_for_mixed_billing_&amp;_do_billing_calculation_US151661" name="Should create a few performance documents" time="100.309">
      <system-out><![CDATA[
COMMAND: POST /session/a49a846f150ab9031b86585360f30ac3/window/fullscreen - {}
RESULT: {}
COMMAND: POST /session/a49a846f150ab9031b86585360f30ac3/execute/async - {"script":"<script> [1562 bytes]","args":[{"selector":{"controlType":"sap.m.GenericTile","properties":{"header":"Manage States & Performance"}},"wdio_ui5_key":"sapm.GenericTile{\"header\":\"Manage States & Performance\"}"}]}
RESULT: {"script":"<script> [1562 bytes]","args":[{"selector":{"controlType":"sap.m.GenericTile","properties":{"header":"Manage States & Performance"}},"wdio_ui5_key":"sapm.GenericTile{\"header\":\"Manage States & Performance\"}"}]}
RESULT: undefined
COMMAND: POST /session/a49a846f150ab9031b86585360f30ac3/element - {"using":"xpath","value":"//*[@id=\"__tile56\"]"}
RESULT: {"using":"xpath","value":"//*[@id=\"__tile56\"]"}
COMMAND: POST /session/a49a846f150ab9031b86585360f30ac3/element/f.6CD6B7C80D08F775EB7D2FFF8B2C9AB5.d.1D7DBBD89C3FEE6F287FD5C939141359.e.6382/click - {}
RESULT: {}
COMMAND: POST /session/a49a846f150ab9031b86585360f30ac3/execute/async - {"script":"<script> [1562 bytes]","args":[{"selector":{"id":"application-managestatesandperformance-display-component---stateAndPerform--smartFilterBarResources-btnBasicSearch","interaction":{"idSuffix":"I"}},"wdio_ui5_key":"applicationmanagestatesandperformance-display-component---stateAndPerform--smartFilterBarResources-btnBasicSearch"}]}
COMMAND: GET /session/a49a846f150ab9031b86585360f30ac3/screenshot - {}
RESULT: {"script":"<script> [1562 bytes]","args":[{"selector":{"id":"application-managestatesandperformance-display-component---stateAndPerform--smartFilterBarResources-btnBasicSearch","interaction":{"idSuffix":"I"}},"wdio_ui5_key":"applicationmanagestatesandperformance-display-component---stateAndPerform--smartFilterBarResources-btnBasicSearch"}]}
RESULT: undefined
COMMAND: POST /session/a49a846f150ab9031b86585360f30ac3/execute/async - {"script":"<script> [776 bytes]","args":[{"enterText":"ei3jsG1k09","selector":{"id":"application-managestatesandperformance-display-component---stateAndPerform--smartFilterBarResources-btnBasicSearch","interaction":{"idSuffix":"I"}},"clearTextFirst":true,"interactionType":"ENTER_TEXT"}]}
RESULT: {}
RESULT: {"script":"<script> [776 bytes]","args":[{"enterText":"ei3jsG1k09","selector":{"id":"application-managestatesandperformance-display-component---stateAndPerform--smartFilterBarResources-btnBasicSearch","interaction":{"idSuffix":"I"}},"clearTextFirst":true,"interactionType":"ENTER_TEXT"}]}
COMMAND: POST /session/a49a846f150ab9031b86585360f30ac3/actions - {"actions":[{"id":"action46","type":"key","parameters":{},"actions":[{"type":"keyDown","value":"î€‡"},{"type":"pause","duration":10},{"type":"keyUp","value":"î€‡"}]}]}
RESULT: {"actions":[{"id":"action46","type":"key","parameters":{},"actions":[{"type":"keyDown","value":"î€‡"},{"type":"pause","duration":10},{"type":"keyUp","value":"î€‡"}]}]}
COMMAND: GET /session/a49a846f150ab9031b86585360f30ac3/screenshot - {}
RESULT: {}
COMMAND: POST /session/a49a846f150ab9031b86585360f30ac3/execute/async - {"script":"<script> [1562 bytes]","args":[{"selector":{"id":"application-managestatesandperformance-display-component---stateAndPerform--stateAndPerformResourcesSmartTable-header"},"wdio_ui5_key":"applicationmanagestatesandperformance-display-component---stateAndPerform--stateAndPerformResourcesSmartTable-header"}]}
RESULT: {"script":"<script> [1562 bytes]","args":[{"selector":{"id":"application-managestatesandperformance-display-component---stateAndPerform--stateAndPerformResourcesSmartTable-header"},"wdio_ui5_key":"applicationmanagestatesandperformance-display-component---stateAndPerform--stateAndPerformResourcesSmartTable-header"}]}
RESULT: undefined
COMMAND: POST /session/a49a846f150ab9031b86585360f30ac3/execute/async - {"script":"<script> [6424 bytes]","args":[{"element-6066-11e4-a52e-4f735466cecf":"f.6CD6B7C80D08F775EB7D2FFF8B2C9AB5.d.1D7DBBD89C3FEE6F287FD5C939141359.e.13715"},"getText",[]]}
RESULT: {"script":"<script> [6424 bytes]","args":[{"element-6066-11e4-a52e-4f735466cecf":"f.6CD6B7C80D08F775EB7D2FFF8B2C9AB5.d.1D7DBBD89C3FEE6F287FD5C939141359.e.13715"},"getText",[]]}
COMMAND: POST /session/a49a846f150ab9031b86585360f30ac3/execute/async - {"script":"<script> [1562 bytes]","args":[{"selector":{"controlType":"sap.ui.core.Icon","viewName":"etm.portal.ui.managestatesandperformance.view.Master","viewId":"application-managestatesandperformance-display-component---stateAndPerform","properties":{"src":{"regex":{"source":"slim\\-arrow\\-right"}}}},"wdio_ui5_key":"etmportal.ui.managestatesandperformance.view.Mastersap.ui.core.Icon{\"src\":{\"regex\":{\"source\":\"slim\\\\-arrow\\\\-right\"}}}"}]}
RESULT: {"script":"<script> [1562 bytes]","args":[{"selector":{"controlType":"sap.ui.core.Icon","viewName":"etm.portal.ui.managestatesandperformance.view.Master","viewId":"application-managestatesandperformance-display-component---stateAndPerform","properties":{"src":{"regex":{"source":"slim\\-arrow\\-right"}}}},"wdio_ui5_key":"etmportal.ui.managestatesandperformance.view.Mastersap.ui.core.Icon{\"src\":{\"regex\":{\"source\":\"slim\\\\-arrow\\\\-right\"}}}"}]}
RESULT: undefined
COMMAND: POST /session/a49a846f150ab9031b86585360f30ac3/element - {"using":"xpath","value":"//*[@id=\"__item4036-__clone15801-imgNav\"]"}
RESULT: {"using":"xpath","value":"//*[@id=\"__item4036-__clone15801-imgNav\"]"}
COMMAND: POST /session/a49a846f150ab9031b86585360f30ac3/element/f.6CD6B7C80D08F775EB7D2FFF8B2C9AB5.d.1D7DBBD89C3FEE6F287FD5C939141359.e.13714/click - {}
RESULT: {}
COMMAND: GET /session/a49a846f150ab9031b86585360f30ac3/screenshot - {}
RESULT: {}
COMMAND: POST /session/a49a846f150ab9031b86585360f30ac3/execute/async - {"script":"<script> [1562 bytes]","args":[{"selector":{"controlType":"sap.m.Button","viewName":"etm.portal.ui.managestatesandperformance.view.Detail","viewId":"application-managestatesandperformance-display-component---detailStateAndPerform","properties":{"text":"Performance Documents"}},"wdio_ui5_key":"etmportal.ui.managestatesandperformance.view.Detailsap.m.Button{\"text\":\"Performance Documents\"}"}]}
RESULT: {"script":"<script> [1562 bytes]","args":[{"selector":{"controlType":"sap.m.Button","viewName":"etm.portal.ui.managestatesandperformance.view.Detail","viewId":"application-managestatesandperformance-display-component---detailStateAndPerform","properties":{"text":"Performance Documents"}},"wdio_ui5_key":"etmportal.ui.managestatesandperformance.view.Detailsap.m.Button{\"text\":\"Performance Documents\"}"}]}
RESULT: undefined
COMMAND: POST /session/a49a846f150ab9031b86585360f30ac3/element - {"using":"xpath","value":"//*[@id=\"__item4059-button\"]"}
RESULT: {"using":"xpath","value":"//*[@id=\"__item4059-button\"]"}
COMMAND: POST /session/a49a846f150ab9031b86585360f30ac3/element/f.6CD6B7C80D08F775EB7D2FFF8B2C9AB5.d.1D7DBBD89C3FEE6F287FD5C939141359.e.13760/click - {}
RESULT: {}
COMMAND: POST /session/a49a846f150ab9031b86585360f30ac3/execute/async - {"script":"<script> [1562 bytes]","args":[{"selector":{"controlType":"sap.m.Button","viewName":"etm.portal.ui.managestatesandperformance.view.Detail","viewId":"application-managestatesandperformance-display-component---detailStateAndPerform","i18NText":{"propertyName":"text","key":"createPerformanceDoc"},"interaction":{"idSuffix":"BDI-content"}},"wdio_ui5_key":"etmportal.ui.managestatesandperformance.view.Detailsap.m.Button{\"propertyName\":\"text\",\"key\":\"createPerformanceDoc\"}"}]}
COMMAND: GET /session/a49a846f150ab9031b86585360f30ac3/screenshot - {}
RESULT: {"script":"<script> [1562 bytes]","args":[{"selector":{"controlType":"sap.m.Button","viewName":"etm.portal.ui.managestatesandperformance.view.Detail","viewId":"application-managestatesandperformance-display-component---detailStateAndPerform","i18NText":{"propertyName":"text","key":"createPerformanceDoc"},"interaction":{"idSuffix":"BDI-content"}},"wdio_ui5_key":"etmportal.ui.managestatesandperformance.view.Detailsap.m.Button{\"propertyName\":\"text\",\"key\":\"createPerformanceDoc\"}"}]}
RESULT: undefined
COMMAND: POST /session/a49a846f150ab9031b86585360f30ac3/element - {"using":"xpath","value":"//*[@id=\"__button546\"]"}
RESULT: {}
RESULT: {"using":"xpath","value":"//*[@id=\"__button546\"]"}
COMMAND: POST /session/a49a846f150ab9031b86585360f30ac3/element/f.6CD6B7C80D08F775EB7D2FFF8B2C9AB5.d.1D7DBBD89C3FEE6F287FD5C939141359.e.13764/click - {}
RESULT: {}
COMMAND: POST /session/a49a846f150ab9031b86585360f30ac3/execute/async - {"script":"<script> [1562 bytes]","args":[{"selector":{"id":"application-managestatesandperformance-display-component---detailStateAndPerform--perfDocDatePicker","searchOpenDialogs":true,"interaction":{"idSuffix":"inner"}},"wdio_ui5_key":"applicationmanagestatesandperformance-display-component---detailStateAndPerform--perfDocDatePicker"}]}
COMMAND: GET /session/a49a846f150ab9031b86585360f30ac3/screenshot - {}
RESULT: {"script":"<script> [1562 bytes]","args":[{"selector":{"id":"application-managestatesandperformance-display-component---detailStateAndPerform--perfDocDatePicker","searchOpenDialogs":true,"interaction":{"idSuffix":"inner"}},"wdio_ui5_key":"applicationmanagestatesandperformance-display-component---detailStateAndPerform--perfDocDatePicker"}]}
RESULT: undefined
COMMAND: POST /session/a49a846f150ab9031b86585360f30ac3/execute/async - {"script":"<script> [776 bytes]","args":[{"enterText":"05/01/25","selector":{"id":"application-managestatesandperformance-display-component---detailStateAndPerform--perfDocDatePicker","searchOpenDialogs":true,"interaction":{"idSuffix":"inner"}},"clearTextFirst":true,"interactionType":"ENTER_TEXT"}]}
RESULT: {}
RESULT: {"script":"<script> [776 bytes]","args":[{"enterText":"05/01/25","selector":{"id":"application-managestatesandperformance-display-component---detailStateAndPerform--perfDocDatePicker","searchOpenDialogs":true,"interaction":{"idSuffix":"inner"}},"clearTextFirst":true,"interactionType":"ENTER_TEXT"}]}
COMMAND: POST /session/a49a846f150ab9031b86585360f30ac3/execute/async - {"script":"<script> [1562 bytes]","args":[{"selector":{"id":"application-managestatesandperformance-display-component---detailStateAndPerform--counterValue-input","searchOpenDialogs":true,"interaction":{"idSuffix":"inner"}},"wdio_ui5_key":"applicationmanagestatesandperformance-display-component---detailStateAndPerform--counterValue-input"}]}
RESULT: {"script":"<script> [1562 bytes]","args":[{"selector":{"id":"application-managestatesandperformance-display-component---detailStateAndPerform--counterValue-input","searchOpenDialogs":true,"interaction":{"idSuffix":"inner"}},"wdio_ui5_key":"applicationmanagestatesandperformance-display-component---detailStateAndPerform--counterValue-input"}]}
RESULT: undefined
COMMAND: POST /session/a49a846f150ab9031b86585360f30ac3/execute/async - {"script":"<script> [776 bytes]","args":[{"enterText":"15.00","selector":{"id":"application-managestatesandperformance-display-component---detailStateAndPerform--counterValue-input","searchOpenDialogs":true,"interaction":{"idSuffix":"inner"}},"clearTextFirst":true,"interactionType":"ENTER_TEXT"}]}
RESULT: {"script":"<script> [776 bytes]","args":[{"enterText":"15.00","selector":{"id":"application-managestatesandperformance-display-component---detailStateAndPerform--counterValue-input","searchOpenDialogs":true,"interaction":{"idSuffix":"inner"}},"clearTextFirst":true,"interactionType":"ENTER_TEXT"}]}
COMMAND: POST /session/a49a846f150ab9031b86585360f30ac3/execute/async - {"script":"<script> [1562 bytes]","args":[{"selector":{"controlType":"sap.m.Button","viewName":"etm.portal.ui.managestatesandperformance.view.Detail","viewId":"application-managestatesandperformance-display-component---detailStateAndPerform","bindingPath":{"path":"","propertyPath":"/allowAddEdit","modelName":"oScreenModel"},"searchOpenDialogs":true,"interaction":{"idSuffix":"BDI-content"}},"wdio_ui5_key":"etmportal.ui.managestatesandperformance.view.Detailsap.m.Button{\"path\":\"\",\"propertyPath\":\"/allowAddEdit\",\"modelName\":\"oScreenModel\"}"}]}
RESULT: {"script":"<script> [1562 bytes]","args":[{"selector":{"controlType":"sap.m.Button","viewName":"etm.portal.ui.managestatesandperformance.view.Detail","viewId":"application-managestatesandperformance-display-component---detailStateAndPerform","bindingPath":{"path":"","propertyPath":"/allowAddEdit","modelName":"oScreenModel"},"searchOpenDialogs":true,"interaction":{"idSuffix":"BDI-content"}},"wdio_ui5_key":"etmportal.ui.managestatesandperformance.view.Detailsap.m.Button{\"path\":\"\",\"propertyPath\":\"/allowAddEdit\",\"modelName\":\"oScreenModel\"}"}]}
RESULT: undefined
COMMAND: POST /session/a49a846f150ab9031b86585360f30ac3/element - {"using":"xpath","value":"//*[@id=\"__button553\"]"}
RESULT: {"using":"xpath","value":"//*[@id=\"__button553\"]"}
COMMAND: POST /session/a49a846f150ab9031b86585360f30ac3/element/f.6CD6B7C80D08F775EB7D2FFF8B2C9AB5.d.1D7DBBD89C3FEE6F287FD5C939141359.e.13779/click - {}
RESULT: {}
RESULT: undefined
COMMAND: POST /session/a49a846f150ab9031b86585360f30ac3/element - {"using":"xpath","value":"//*[@id=\"__button546\"]"}
COMMAND: GET /session/a49a846f150ab9031b86585360f30ac3/screenshot - {}
RESULT: {"using":"xpath","value":"//*[@id=\"__button546\"]"}
COMMAND: POST /session/a49a846f150ab9031b86585360f30ac3/element/f.6CD6B7C80D08F775EB7D2FFF8B2C9AB5.d.1D7DBBD89C3FEE6F287FD5C939141359.e.13764/click - {}
RESULT: {}
RESULT: {}
RESULT: undefined
COMMAND: POST /session/a49a846f150ab9031b86585360f30ac3/execute/async - {"script":"<script> [776 bytes]","args":[{"enterText":"05/05/25","selector":{"id":"application-managestatesandperformance-display-component---detailStateAndPerform--perfDocDatePicker","searchOpenDialogs":true,"interaction":{"idSuffix":"inner"}},"clearTextFirst":true,"interactionType":"ENTER_TEXT"}]}
COMMAND: GET /session/a49a846f150ab9031b86585360f30ac3/screenshot - {}
RESULT: {}
RESULT: {"script":"<script> [776 bytes]","args":[{"enterText":"05/05/25","selector":{"id":"application-managestatesandperformance-display-component---detailStateAndPerform--perfDocDatePicker","searchOpenDialogs":true,"interaction":{"idSuffix":"inner"}},"clearTextFirst":true,"interactionType":"ENTER_TEXT"}]}
RESULT: undefined
COMMAND: POST /session/a49a846f150ab9031b86585360f30ac3/execute/async - {"script":"<script> [776 bytes]","args":[{"enterText":"20.00","selector":{"id":"application-managestatesandperformance-display-component---detailStateAndPerform--counterValue-input","searchOpenDialogs":true,"interaction":{"idSuffix":"inner"}},"clearTextFirst":true,"interactionType":"ENTER_TEXT"}]}
RESULT: {"script":"<script> [776 bytes]","args":[{"enterText":"20.00","selector":{"id":"application-managestatesandperformance-display-component---detailStateAndPerform--counterValue-input","searchOpenDialogs":true,"interaction":{"idSuffix":"inner"}},"clearTextFirst":true,"interactionType":"ENTER_TEXT"}]}
COMMAND: POST /session/a49a846f150ab9031b86585360f30ac3/actions - {"actions":[{"id":"action47","type":"key","parameters":{},"actions":[{"type":"keyDown","value":"î€„"},{"type":"keyDown","value":"î€„"},{"type":"pause","duration":10},{"type":"keyUp","value":"î€„"},{"type":"keyUp","value":"î€„"}]}]}
RESULT: {"actions":[{"id":"action47","type":"key","parameters":{},"actions":[{"type":"keyDown","value":"î€„"},{"type":"keyDown","value":"î€„"},{"type":"pause","duration":10},{"type":"keyUp","value":"î€„"},{"type":"keyUp","value":"î€„"}]}]}
COMMAND: POST /session/a49a846f150ab9031b86585360f30ac3/actions - {"actions":[{"id":"action48","type":"key","parameters":{},"actions":[{"type":"keyDown","value":"î€‡"},{"type":"pause","duration":10},{"type":"keyUp","value":"î€‡"}]}]}
COMMAND: GET /session/a49a846f150ab9031b86585360f30ac3/screenshot - {}
RESULT: {"actions":[{"id":"action48","type":"key","parameters":{},"actions":[{"type":"keyDown","value":"î€‡"},{"type":"pause","duration":10},{"type":"keyUp","value":"î€‡"}]}]}
RESULT: undefined
COMMAND: POST /session/a49a846f150ab9031b86585360f30ac3/element - {"using":"xpath","value":"//*[@id=\"__button553\"]"}
COMMAND: GET /session/a49a846f150ab9031b86585360f30ac3/screenshot - {}
RESULT: {}
RESULT: {"using":"xpath","value":"//*[@id=\"__button553\"]"}
COMMAND: POST /session/a49a846f150ab9031b86585360f30ac3/elements - {"using":"xpath","value":"//*[@id=\"__button553\"]"}
RESULT: {}
RESULT: {"using":"xpath","value":"//*[@id=\"__button553\"]"}
COMMAND: POST /session/a49a846f150ab9031b86585360f30ac3/elements - {"using":"xpath","value":"//*[@id=\"__button553\"]"}
RESULT: {"using":"xpath","value":"//*[@id=\"__button553\"]"}
COMMAND: POST /session/a49a846f150ab9031b86585360f30ac3/elements - {"using":"xpath","value":"//*[@id=\"__button553\"]"}
RESULT: {"using":"xpath","value":"//*[@id=\"__button553\"]"}
COMMAND: POST /session/a49a846f150ab9031b86585360f30ac3/elements - {"using":"xpath","value":"//*[@id=\"__button553\"]"}
RESULT: {"using":"xpath","value":"//*[@id=\"__button553\"]"}
COMMAND: POST /session/a49a846f150ab9031b86585360f30ac3/elements - {"using":"xpath","value":"//*[@id=\"__button553\"]"}
RESULT: {"using":"xpath","value":"//*[@id=\"__button553\"]"}
COMMAND: POST /session/a49a846f150ab9031b86585360f30ac3/elements - {"using":"xpath","value":"//*[@id=\"__button553\"]"}
RESULT: {"using":"xpath","value":"//*[@id=\"__button553\"]"}
COMMAND: POST /session/a49a846f150ab9031b86585360f30ac3/elements - {"using":"xpath","value":"//*[@id=\"__button553\"]"}
RESULT: {"using":"xpath","value":"//*[@id=\"__button553\"]"}
COMMAND: POST /session/a49a846f150ab9031b86585360f30ac3/elements - {"using":"xpath","value":"//*[@id=\"__button553\"]"}
RESULT: {"using":"xpath","value":"//*[@id=\"__button553\"]"}
COMMAND: POST /session/a49a846f150ab9031b86585360f30ac3/elements - {"using":"xpath","value":"//*[@id=\"__button553\"]"}
RESULT: {"using":"xpath","value":"//*[@id=\"__button553\"]"}
COMMAND: POST /session/a49a846f150ab9031b86585360f30ac3/elements - {"using":"xpath","value":"//*[@id=\"__button553\"]"}
RESULT: {"using":"xpath","value":"//*[@id=\"__button553\"]"}
COMMAND: POST /session/a49a846f150ab9031b86585360f30ac3/elements - {"using":"xpath","value":"//*[@id=\"__button553\"]"}
RESULT: {"using":"xpath","value":"//*[@id=\"__button553\"]"}
COMMAND: POST /session/a49a846f150ab9031b86585360f30ac3/elements - {"using":"xpath","value":"//*[@id=\"__button553\"]"}
RESULT: {"using":"xpath","value":"//*[@id=\"__button553\"]"}
COMMAND: POST /session/a49a846f150ab9031b86585360f30ac3/elements - {"using":"xpath","value":"//*[@id=\"__button553\"]"}
RESULT: {"using":"xpath","value":"//*[@id=\"__button553\"]"}
COMMAND: POST /session/a49a846f150ab9031b86585360f30ac3/elements - {"using":"xpath","value":"//*[@id=\"__button553\"]"}
RESULT: {"using":"xpath","value":"//*[@id=\"__button553\"]"}
COMMAND: POST /session/a49a846f150ab9031b86585360f30ac3/elements - {"using":"xpath","value":"//*[@id=\"__button553\"]"}
RESULT: {"using":"xpath","value":"//*[@id=\"__button553\"]"}
COMMAND: POST /session/a49a846f150ab9031b86585360f30ac3/elements - {"using":"xpath","value":"//*[@id=\"__button553\"]"}
RESULT: {"using":"xpath","value":"//*[@id=\"__button553\"]"}
COMMAND: POST /session/a49a846f150ab9031b86585360f30ac3/elements - {"using":"xpath","value":"//*[@id=\"__button553\"]"}
RESULT: {"using":"xpath","value":"//*[@id=\"__button553\"]"}
COMMAND: POST /session/a49a846f150ab9031b86585360f30ac3/elements - {"using":"xpath","value":"//*[@id=\"__button553\"]"}
RESULT: {"using":"xpath","value":"//*[@id=\"__button553\"]"}
COMMAND: POST /session/a49a846f150ab9031b86585360f30ac3/elements - {"using":"xpath","value":"//*[@id=\"__button553\"]"}
RESULT: {"using":"xpath","value":"//*[@id=\"__button553\"]"}
COMMAND: POST /session/a49a846f150ab9031b86585360f30ac3/elements - {"using":"xpath","value":"//*[@id=\"__button553\"]"}
RESULT: {"using":"xpath","value":"//*[@id=\"__button553\"]"}
COMMAND: POST /session/a49a846f150ab9031b86585360f30ac3/elements - {"using":"xpath","value":"//*[@id=\"__button553\"]"}
RESULT: {"using":"xpath","value":"//*[@id=\"__button553\"]"}
COMMAND: POST /session/a49a846f150ab9031b86585360f30ac3/elements - {"using":"xpath","value":"//*[@id=\"__button553\"]"}
RESULT: {"using":"xpath","value":"//*[@id=\"__button553\"]"}
COMMAND: POST /session/a49a846f150ab9031b86585360f30ac3/elements - {"using":"xpath","value":"//*[@id=\"__button553\"]"}
RESULT: {"using":"xpath","value":"//*[@id=\"__button553\"]"}
COMMAND: POST /session/a49a846f150ab9031b86585360f30ac3/elements - {"using":"xpath","value":"//*[@id=\"__button553\"]"}
RESULT: {"using":"xpath","value":"//*[@id=\"__button553\"]"}
COMMAND: POST /session/a49a846f150ab9031b86585360f30ac3/elements - {"using":"xpath","value":"//*[@id=\"__button553\"]"}
RESULT: {"using":"xpath","value":"//*[@id=\"__button553\"]"}
COMMAND: POST /session/a49a846f150ab9031b86585360f30ac3/elements - {"using":"xpath","value":"//*[@id=\"__button553\"]"}
RESULT: {"using":"xpath","value":"//*[@id=\"__button553\"]"}
COMMAND: POST /session/a49a846f150ab9031b86585360f30ac3/elements - {"using":"xpath","value":"//*[@id=\"__button553\"]"}
RESULT: {"using":"xpath","value":"//*[@id=\"__button553\"]"}
COMMAND: POST /session/a49a846f150ab9031b86585360f30ac3/elements - {"using":"xpath","value":"//*[@id=\"__button553\"]"}
RESULT: {"using":"xpath","value":"//*[@id=\"__button553\"]"}
COMMAND: POST /session/a49a846f150ab9031b86585360f30ac3/elements - {"using":"xpath","value":"//*[@id=\"__button553\"]"}
RESULT: {"using":"xpath","value":"//*[@id=\"__button553\"]"}
COMMAND: POST /session/a49a846f150ab9031b86585360f30ac3/elements - {"using":"xpath","value":"//*[@id=\"__button553\"]"}
RESULT: {"using":"xpath","value":"//*[@id=\"__button553\"]"}
COMMAND: POST /session/a49a846f150ab9031b86585360f30ac3/elements - {"using":"xpath","value":"//*[@id=\"__button553\"]"}
RESULT: {"using":"xpath","value":"//*[@id=\"__button553\"]"}
COMMAND: POST /session/a49a846f150ab9031b86585360f30ac3/elements - {"using":"xpath","value":"//*[@id=\"__button553\"]"}
RESULT: {"using":"xpath","value":"//*[@id=\"__button553\"]"}
COMMAND: POST /session/a49a846f150ab9031b86585360f30ac3/elements - {"using":"xpath","value":"//*[@id=\"__button553\"]"}
RESULT: {"using":"xpath","value":"//*[@id=\"__button553\"]"}
COMMAND: POST /session/a49a846f150ab9031b86585360f30ac3/elements - {"using":"xpath","value":"//*[@id=\"__button553\"]"}
RESULT: {"using":"xpath","value":"//*[@id=\"__button553\"]"}
COMMAND: POST /session/a49a846f150ab9031b86585360f30ac3/elements - {"using":"xpath","value":"//*[@id=\"__button553\"]"}
RESULT: {"using":"xpath","value":"//*[@id=\"__button553\"]"}
COMMAND: POST /session/a49a846f150ab9031b86585360f30ac3/elements - {"using":"xpath","value":"//*[@id=\"__button553\"]"}
RESULT: {"using":"xpath","value":"//*[@id=\"__button553\"]"}
COMMAND: POST /session/a49a846f150ab9031b86585360f30ac3/elements - {"using":"xpath","value":"//*[@id=\"__button553\"]"}
RESULT: {"using":"xpath","value":"//*[@id=\"__button553\"]"}
COMMAND: POST /session/a49a846f150ab9031b86585360f30ac3/elements - {"using":"xpath","value":"//*[@id=\"__button553\"]"}
RESULT: {"using":"xpath","value":"//*[@id=\"__button553\"]"}
COMMAND: POST /session/a49a846f150ab9031b86585360f30ac3/elements - {"using":"xpath","value":"//*[@id=\"__button553\"]"}
RESULT: {"using":"xpath","value":"//*[@id=\"__button553\"]"}
COMMAND: POST /session/a49a846f150ab9031b86585360f30ac3/elements - {"using":"xpath","value":"//*[@id=\"__button553\"]"}
RESULT: {"using":"xpath","value":"//*[@id=\"__button553\"]"}
COMMAND: POST /session/a49a846f150ab9031b86585360f30ac3/elements - {"using":"xpath","value":"//*[@id=\"__button553\"]"}
RESULT: {"using":"xpath","value":"//*[@id=\"__button553\"]"}
COMMAND: POST /session/a49a846f150ab9031b86585360f30ac3/elements - {"using":"xpath","value":"//*[@id=\"__button553\"]"}
RESULT: {"using":"xpath","value":"//*[@id=\"__button553\"]"}
COMMAND: POST /session/a49a846f150ab9031b86585360f30ac3/elements - {"using":"xpath","value":"//*[@id=\"__button553\"]"}
RESULT: {"using":"xpath","value":"//*[@id=\"__button553\"]"}
COMMAND: POST /session/a49a846f150ab9031b86585360f30ac3/elements - {"using":"xpath","value":"//*[@id=\"__button553\"]"}
RESULT: {"using":"xpath","value":"//*[@id=\"__button553\"]"}
COMMAND: POST /session/a49a846f150ab9031b86585360f30ac3/elements - {"using":"xpath","value":"//*[@id=\"__button553\"]"}
RESULT: {"using":"xpath","value":"//*[@id=\"__button553\"]"}
COMMAND: POST /session/a49a846f150ab9031b86585360f30ac3/elements - {"using":"xpath","value":"//*[@id=\"__button553\"]"}
RESULT: {"using":"xpath","value":"//*[@id=\"__button553\"]"}
COMMAND: POST /session/a49a846f150ab9031b86585360f30ac3/elements - {"using":"xpath","value":"//*[@id=\"__button553\"]"}
RESULT: {"using":"xpath","value":"//*[@id=\"__button553\"]"}
COMMAND: POST /session/a49a846f150ab9031b86585360f30ac3/elements - {"using":"xpath","value":"//*[@id=\"__button553\"]"}
RESULT: {"using":"xpath","value":"//*[@id=\"__button553\"]"}
COMMAND: POST /session/a49a846f150ab9031b86585360f30ac3/elements - {"using":"xpath","value":"//*[@id=\"__button553\"]"}
RESULT: {"using":"xpath","value":"//*[@id=\"__button553\"]"}
COMMAND: POST /session/a49a846f150ab9031b86585360f30ac3/elements - {"using":"xpath","value":"//*[@id=\"__button553\"]"}
RESULT: {"using":"xpath","value":"//*[@id=\"__button553\"]"}
COMMAND: POST /session/a49a846f150ab9031b86585360f30ac3/elements - {"using":"xpath","value":"//*[@id=\"__button553\"]"}
RESULT: {"using":"xpath","value":"//*[@id=\"__button553\"]"}
COMMAND: POST /session/a49a846f150ab9031b86585360f30ac3/elements - {"using":"xpath","value":"//*[@id=\"__button553\"]"}
RESULT: {"using":"xpath","value":"//*[@id=\"__button553\"]"}
COMMAND: POST /session/a49a846f150ab9031b86585360f30ac3/elements - {"using":"xpath","value":"//*[@id=\"__button553\"]"}
RESULT: {"using":"xpath","value":"//*[@id=\"__button553\"]"}
COMMAND: POST /session/a49a846f150ab9031b86585360f30ac3/elements - {"using":"xpath","value":"//*[@id=\"__button553\"]"}
RESULT: {"using":"xpath","value":"//*[@id=\"__button553\"]"}
COMMAND: POST /session/a49a846f150ab9031b86585360f30ac3/elements - {"using":"xpath","value":"//*[@id=\"__button553\"]"}
RESULT: {"using":"xpath","value":"//*[@id=\"__button553\"]"}
COMMAND: POST /session/a49a846f150ab9031b86585360f30ac3/elements - {"using":"xpath","value":"//*[@id=\"__button553\"]"}
RESULT: {"using":"xpath","value":"//*[@id=\"__button553\"]"}
COMMAND: POST /session/a49a846f150ab9031b86585360f30ac3/elements - {"using":"xpath","value":"//*[@id=\"__button553\"]"}
RESULT: {"using":"xpath","value":"//*[@id=\"__button553\"]"}
COMMAND: POST /session/a49a846f150ab9031b86585360f30ac3/elements - {"using":"xpath","value":"//*[@id=\"__button553\"]"}
RESULT: {"using":"xpath","value":"//*[@id=\"__button553\"]"}
COMMAND: POST /session/a49a846f150ab9031b86585360f30ac3/elements - {"using":"xpath","value":"//*[@id=\"__button553\"]"}
RESULT: {"using":"xpath","value":"//*[@id=\"__button553\"]"}
COMMAND: POST /session/a49a846f150ab9031b86585360f30ac3/elements - {"using":"xpath","value":"//*[@id=\"__button553\"]"}
RESULT: {"using":"xpath","value":"//*[@id=\"__button553\"]"}
COMMAND: POST /session/a49a846f150ab9031b86585360f30ac3/elements - {"using":"xpath","value":"//*[@id=\"__button553\"]"}
RESULT: {"using":"xpath","value":"//*[@id=\"__button553\"]"}
COMMAND: POST /session/a49a846f150ab9031b86585360f30ac3/elements - {"using":"xpath","value":"//*[@id=\"__button553\"]"}
RESULT: {"using":"xpath","value":"//*[@id=\"__button553\"]"}
COMMAND: POST /session/a49a846f150ab9031b86585360f30ac3/elements - {"using":"xpath","value":"//*[@id=\"__button553\"]"}
RESULT: {"using":"xpath","value":"//*[@id=\"__button553\"]"}
COMMAND: POST /session/a49a846f150ab9031b86585360f30ac3/elements - {"using":"xpath","value":"//*[@id=\"__button553\"]"}
RESULT: {"using":"xpath","value":"//*[@id=\"__button553\"]"}
COMMAND: POST /session/a49a846f150ab9031b86585360f30ac3/elements - {"using":"xpath","value":"//*[@id=\"__button553\"]"}
RESULT: {"using":"xpath","value":"//*[@id=\"__button553\"]"}
COMMAND: POST /session/a49a846f150ab9031b86585360f30ac3/elements - {"using":"xpath","value":"//*[@id=\"__button553\"]"}
RESULT: {"using":"xpath","value":"//*[@id=\"__button553\"]"}
COMMAND: POST /session/a49a846f150ab9031b86585360f30ac3/elements - {"using":"xpath","value":"//*[@id=\"__button553\"]"}
RESULT: {"using":"xpath","value":"//*[@id=\"__button553\"]"}
COMMAND: POST /session/a49a846f150ab9031b86585360f30ac3/elements - {"using":"xpath","value":"//*[@id=\"__button553\"]"}
RESULT: {"using":"xpath","value":"//*[@id=\"__button553\"]"}
COMMAND: POST /session/a49a846f150ab9031b86585360f30ac3/elements - {"using":"xpath","value":"//*[@id=\"__button553\"]"}
RESULT: {"using":"xpath","value":"//*[@id=\"__button553\"]"}
COMMAND: POST /session/a49a846f150ab9031b86585360f30ac3/elements - {"using":"xpath","value":"//*[@id=\"__button553\"]"}
RESULT: {"using":"xpath","value":"//*[@id=\"__button553\"]"}
COMMAND: POST /session/a49a846f150ab9031b86585360f30ac3/elements - {"using":"xpath","value":"//*[@id=\"__button553\"]"}
RESULT: {"using":"xpath","value":"//*[@id=\"__button553\"]"}
COMMAND: POST /session/a49a846f150ab9031b86585360f30ac3/elements - {"using":"xpath","value":"//*[@id=\"__button553\"]"}
RESULT: {"using":"xpath","value":"//*[@id=\"__button553\"]"}
COMMAND: POST /session/a49a846f150ab9031b86585360f30ac3/elements - {"using":"xpath","value":"//*[@id=\"__button553\"]"}
RESULT: {"using":"xpath","value":"//*[@id=\"__button553\"]"}
COMMAND: POST /session/a49a846f150ab9031b86585360f30ac3/elements - {"using":"xpath","value":"//*[@id=\"__button553\"]"}
RESULT: {"using":"xpath","value":"//*[@id=\"__button553\"]"}
COMMAND: POST /session/a49a846f150ab9031b86585360f30ac3/elements - {"using":"xpath","value":"//*[@id=\"__button553\"]"}
RESULT: {"using":"xpath","value":"//*[@id=\"__button553\"]"}
COMMAND: POST /session/a49a846f150ab9031b86585360f30ac3/elements - {"using":"xpath","value":"//*[@id=\"__button553\"]"}
RESULT: {"using":"xpath","value":"//*[@id=\"__button553\"]"}
COMMAND: POST /session/a49a846f150ab9031b86585360f30ac3/elements - {"using":"xpath","value":"//*[@id=\"__button553\"]"}
RESULT: {"using":"xpath","value":"//*[@id=\"__button553\"]"}
COMMAND: POST /session/a49a846f150ab9031b86585360f30ac3/elements - {"using":"xpath","value":"//*[@id=\"__button553\"]"}
RESULT: {"using":"xpath","value":"//*[@id=\"__button553\"]"}
COMMAND: POST /session/a49a846f150ab9031b86585360f30ac3/elements - {"using":"xpath","value":"//*[@id=\"__button553\"]"}
RESULT: {"using":"xpath","value":"//*[@id=\"__button553\"]"}
COMMAND: POST /session/a49a846f150ab9031b86585360f30ac3/elements - {"using":"xpath","value":"//*[@id=\"__button553\"]"}
RESULT: {"using":"xpath","value":"//*[@id=\"__button553\"]"}
COMMAND: POST /session/a49a846f150ab9031b86585360f30ac3/elements - {"using":"xpath","value":"//*[@id=\"__button553\"]"}
RESULT: {"using":"xpath","value":"//*[@id=\"__button553\"]"}
COMMAND: POST /session/a49a846f150ab9031b86585360f30ac3/elements - {"using":"xpath","value":"//*[@id=\"__button553\"]"}
RESULT: {"using":"xpath","value":"//*[@id=\"__button553\"]"}
COMMAND: POST /session/a49a846f150ab9031b86585360f30ac3/elements - {"using":"xpath","value":"//*[@id=\"__button553\"]"}
RESULT: {"using":"xpath","value":"//*[@id=\"__button553\"]"}
COMMAND: POST /session/a49a846f150ab9031b86585360f30ac3/elements - {"using":"xpath","value":"//*[@id=\"__button553\"]"}
RESULT: {"using":"xpath","value":"//*[@id=\"__button553\"]"}
COMMAND: POST /session/a49a846f150ab9031b86585360f30ac3/elements - {"using":"xpath","value":"//*[@id=\"__button553\"]"}
RESULT: {"using":"xpath","value":"//*[@id=\"__button553\"]"}
COMMAND: POST /session/a49a846f150ab9031b86585360f30ac3/elements - {"using":"xpath","value":"//*[@id=\"__button553\"]"}
RESULT: {"using":"xpath","value":"//*[@id=\"__button553\"]"}
COMMAND: POST /session/a49a846f150ab9031b86585360f30ac3/elements - {"using":"xpath","value":"//*[@id=\"__button553\"]"}
RESULT: {"using":"xpath","value":"//*[@id=\"__button553\"]"}
COMMAND: POST /session/a49a846f150ab9031b86585360f30ac3/elements - {"using":"xpath","value":"//*[@id=\"__button553\"]"}
RESULT: {"using":"xpath","value":"//*[@id=\"__button553\"]"}
COMMAND: POST /session/a49a846f150ab9031b86585360f30ac3/elements - {"using":"xpath","value":"//*[@id=\"__button553\"]"}
RESULT: {"using":"xpath","value":"//*[@id=\"__button553\"]"}
COMMAND: POST /session/a49a846f150ab9031b86585360f30ac3/elements - {"using":"xpath","value":"//*[@id=\"__button553\"]"}
RESULT: {"using":"xpath","value":"//*[@id=\"__button553\"]"}
COMMAND: POST /session/a49a846f150ab9031b86585360f30ac3/elements - {"using":"xpath","value":"//*[@id=\"__button553\"]"}
RESULT: {"using":"xpath","value":"//*[@id=\"__button553\"]"}
COMMAND: POST /session/a49a846f150ab9031b86585360f30ac3/elements - {"using":"xpath","value":"//*[@id=\"__button553\"]"}
RESULT: {"using":"xpath","value":"//*[@id=\"__button553\"]"}
COMMAND: POST /session/a49a846f150ab9031b86585360f30ac3/elements - {"using":"xpath","value":"//*[@id=\"__button553\"]"}
RESULT: {"using":"xpath","value":"//*[@id=\"__button553\"]"}
COMMAND: POST /session/a49a846f150ab9031b86585360f30ac3/elements - {"using":"xpath","value":"//*[@id=\"__button553\"]"}
RESULT: {"using":"xpath","value":"//*[@id=\"__button553\"]"}
COMMAND: POST /session/a49a846f150ab9031b86585360f30ac3/elements - {"using":"xpath","value":"//*[@id=\"__button553\"]"}
RESULT: {"using":"xpath","value":"//*[@id=\"__button553\"]"}
COMMAND: POST /session/a49a846f150ab9031b86585360f30ac3/elements - {"using":"xpath","value":"//*[@id=\"__button553\"]"}
RESULT: {"using":"xpath","value":"//*[@id=\"__button553\"]"}
COMMAND: POST /session/a49a846f150ab9031b86585360f30ac3/elements - {"using":"xpath","value":"//*[@id=\"__button553\"]"}
RESULT: {"using":"xpath","value":"//*[@id=\"__button553\"]"}
COMMAND: POST /session/a49a846f150ab9031b86585360f30ac3/elements - {"using":"xpath","value":"//*[@id=\"__button553\"]"}
RESULT: {"using":"xpath","value":"//*[@id=\"__button553\"]"}
COMMAND: POST /session/a49a846f150ab9031b86585360f30ac3/elements - {"using":"xpath","value":"//*[@id=\"__button553\"]"}
RESULT: {"using":"xpath","value":"//*[@id=\"__button553\"]"}
COMMAND: POST /session/a49a846f150ab9031b86585360f30ac3/elements - {"using":"xpath","value":"//*[@id=\"__button553\"]"}
RESULT: {"using":"xpath","value":"//*[@id=\"__button553\"]"}
COMMAND: POST /session/a49a846f150ab9031b86585360f30ac3/elements - {"using":"xpath","value":"//*[@id=\"__button553\"]"}
RESULT: {"using":"xpath","value":"//*[@id=\"__button553\"]"}
COMMAND: POST /session/a49a846f150ab9031b86585360f30ac3/elements - {"using":"xpath","value":"//*[@id=\"__button553\"]"}
RESULT: {"using":"xpath","value":"//*[@id=\"__button553\"]"}
COMMAND: POST /session/a49a846f150ab9031b86585360f30ac3/elements - {"using":"xpath","value":"//*[@id=\"__button553\"]"}
RESULT: {"using":"xpath","value":"//*[@id=\"__button553\"]"}
COMMAND: POST /session/a49a846f150ab9031b86585360f30ac3/elements - {"using":"xpath","value":"//*[@id=\"__button553\"]"}
RESULT: {"using":"xpath","value":"//*[@id=\"__button553\"]"}
COMMAND: POST /session/a49a846f150ab9031b86585360f30ac3/elements - {"using":"xpath","value":"//*[@id=\"__button553\"]"}
RESULT: {"using":"xpath","value":"//*[@id=\"__button553\"]"}
COMMAND: POST /session/a49a846f150ab9031b86585360f30ac3/elements - {"using":"xpath","value":"//*[@id=\"__button553\"]"}
RESULT: {"using":"xpath","value":"//*[@id=\"__button553\"]"}
COMMAND: POST /session/a49a846f150ab9031b86585360f30ac3/elements - {"using":"xpath","value":"//*[@id=\"__button553\"]"}
RESULT: {"using":"xpath","value":"//*[@id=\"__button553\"]"}
COMMAND: POST /session/a49a846f150ab9031b86585360f30ac3/elements - {"using":"xpath","value":"//*[@id=\"__button553\"]"}
RESULT: {"using":"xpath","value":"//*[@id=\"__button553\"]"}
COMMAND: POST /session/a49a846f150ab9031b86585360f30ac3/elements - {"using":"xpath","value":"//*[@id=\"__button553\"]"}
RESULT: {"using":"xpath","value":"//*[@id=\"__button553\"]"}
COMMAND: POST /session/a49a846f150ab9031b86585360f30ac3/elements - {"using":"xpath","value":"//*[@id=\"__button553\"]"}
RESULT: {"using":"xpath","value":"//*[@id=\"__button553\"]"}
COMMAND: POST /session/a49a846f150ab9031b86585360f30ac3/elements - {"using":"xpath","value":"//*[@id=\"__button553\"]"}
RESULT: {"using":"xpath","value":"//*[@id=\"__button553\"]"}
COMMAND: POST /session/a49a846f150ab9031b86585360f30ac3/elements - {"using":"xpath","value":"//*[@id=\"__button553\"]"}
RESULT: {"using":"xpath","value":"//*[@id=\"__button553\"]"}
COMMAND: POST /session/a49a846f150ab9031b86585360f30ac3/elements - {"using":"xpath","value":"//*[@id=\"__button553\"]"}
RESULT: {"using":"xpath","value":"//*[@id=\"__button553\"]"}
COMMAND: POST /session/a49a846f150ab9031b86585360f30ac3/elements - {"using":"xpath","value":"//*[@id=\"__button553\"]"}
RESULT: {"using":"xpath","value":"//*[@id=\"__button553\"]"}
COMMAND: POST /session/a49a846f150ab9031b86585360f30ac3/elements - {"using":"xpath","value":"//*[@id=\"__button553\"]"}
RESULT: {"using":"xpath","value":"//*[@id=\"__button553\"]"}
COMMAND: POST /session/a49a846f150ab9031b86585360f30ac3/elements - {"using":"xpath","value":"//*[@id=\"__button553\"]"}
RESULT: {"using":"xpath","value":"//*[@id=\"__button553\"]"}
COMMAND: POST /session/a49a846f150ab9031b86585360f30ac3/elements - {"using":"xpath","value":"//*[@id=\"__button553\"]"}
RESULT: {"using":"xpath","value":"//*[@id=\"__button553\"]"}
COMMAND: POST /session/a49a846f150ab9031b86585360f30ac3/elements - {"using":"xpath","value":"//*[@id=\"__button553\"]"}
RESULT: {"using":"xpath","value":"//*[@id=\"__button553\"]"}
COMMAND: POST /session/a49a846f150ab9031b86585360f30ac3/elements - {"using":"xpath","value":"//*[@id=\"__button553\"]"}
RESULT: {"using":"xpath","value":"//*[@id=\"__button553\"]"}
COMMAND: POST /session/a49a846f150ab9031b86585360f30ac3/elements - {"using":"xpath","value":"//*[@id=\"__button553\"]"}
RESULT: {"using":"xpath","value":"//*[@id=\"__button553\"]"}
COMMAND: POST /session/a49a846f150ab9031b86585360f30ac3/elements - {"using":"xpath","value":"//*[@id=\"__button553\"]"}
COMMAND: POST /session/a49a846f150ab9031b86585360f30ac3/element - {"using":"css selector","value":"#shell-header-logo"}
RESULT: {"using":"xpath","value":"//*[@id=\"__button553\"]"}
RESULT: {"using":"css selector","value":"#shell-header-logo"}
COMMAND: POST /session/a49a846f150ab9031b86585360f30ac3/execute/sync - {"script":"<script> [8489 bytes]","args":[{"element-6066-11e4-a52e-4f735466cecf":"f.6CD6B7C80D08F775EB7D2FFF8B2C9AB5.d.1D7DBBD89C3FEE6F287FD5C939141359.e.13613","ELEMENT":"f.6CD6B7C80D08F775EB7D2FFF8B2C9AB5.d.1D7DBBD89C3FEE6F287FD5C939141359.e.13613"}]}
RESULT: {"script":"<script> [8489 bytes]","args":[{"element-6066-11e4-a52e-4f735466cecf":"f.6CD6B7C80D08F775EB7D2FFF8B2C9AB5.d.1D7DBBD89C3FEE6F287FD5C939141359.e.13613","ELEMENT":"f.6CD6B7C80D08F775EB7D2FFF8B2C9AB5.d.1D7DBBD89C3FEE6F287FD5C939141359.e.13613"}]}
COMMAND: POST /session/a49a846f150ab9031b86585360f30ac3/execute/sync - {"script":"<script> [5351 bytes]","args":[{"element-6066-11e4-a52e-4f735466cecf":"f.6CD6B7C80D08F775EB7D2FFF8B2C9AB5.d.1D7DBBD89C3FEE6F287FD5C939141359.e.13613","ELEMENT":"f.6CD6B7C80D08F775EB7D2FFF8B2C9AB5.d.1D7DBBD89C3FEE6F287FD5C939141359.e.13613"}]}
COMMAND: GET /session/a49a846f150ab9031b86585360f30ac3/screenshot - {}
RESULT: {"script":"<script> [5351 bytes]","args":[{"element-6066-11e4-a52e-4f735466cecf":"f.6CD6B7C80D08F775EB7D2FFF8B2C9AB5.d.1D7DBBD89C3FEE6F287FD5C939141359.e.13613","ELEMENT":"f.6CD6B7C80D08F775EB7D2FFF8B2C9AB5.d.1D7DBBD89C3FEE6F287FD5C939141359.e.13613"}]}
COMMAND: POST /session/a49a846f150ab9031b86585360f30ac3/element/f.6CD6B7C80D08F775EB7D2FFF8B2C9AB5.d.1D7DBBD89C3FEE6F287FD5C939141359.e.13613/click - {}
COMMAND: GET /session/a49a846f150ab9031b86585360f30ac3/screenshot - {}
RESULT: {}
RESULT: {}
]]></system-out>
    </testcase>
    <testcase classname="chrome.135_0_7049_96.windows.Create_master_data_for_mixed_billing_&amp;_do_billing_calculation_US151661" name="Should go to Manage Billings and trigger calculation check the conditions applied" time="58.38">
      <system-out><![CDATA[
COMMAND: POST /session/a49a846f150ab9031b86585360f30ac3/execute/async - {"script":"<script> [1562 bytes]","args":[{"selector":{"controlType":"sap.m.GenericTile","properties":{"header":"Manage Billings"}},"wdio_ui5_key":"sapm.GenericTile{\"header\":\"Manage Billings\"}"}]}
COMMAND: GET /session/a49a846f150ab9031b86585360f30ac3/screenshot - {}
RESULT: {}
RESULT: {"script":"<script> [1562 bytes]","args":[{"selector":{"controlType":"sap.m.GenericTile","properties":{"header":"Manage Billings"}},"wdio_ui5_key":"sapm.GenericTile{\"header\":\"Manage Billings\"}"}]}
RESULT: undefined
COMMAND: POST /session/a49a846f150ab9031b86585360f30ac3/element - {"using":"xpath","value":"//*[@id=\"__tile51\"]"}
RESULT: {}
RESULT: {"using":"xpath","value":"//*[@id=\"__tile51\"]"}
COMMAND: POST /session/a49a846f150ab9031b86585360f30ac3/element/f.6CD6B7C80D08F775EB7D2FFF8B2C9AB5.d.1D7DBBD89C3FEE6F287FD5C939141359.e.6316/click - {}
RESULT: {}
COMMAND: GET /session/a49a846f150ab9031b86585360f30ac3/screenshot - {}
COMMAND: POST /session/a49a846f150ab9031b86585360f30ac3/execute/async - {"script":"<script> [1562 bytes]","args":[{"selector":{"id":"application-managebillings-display-component---billRunCalcResult--smartFilterBar-btnBasicSearch","interaction":{"idSuffix":"I"}},"wdio_ui5_key":"applicationmanagebillings-display-component---billRunCalcResult--smartFilterBar-btnBasicSearch"}]}
RESULT: {}
RESULT: {"script":"<script> [1562 bytes]","args":[{"selector":{"id":"application-managebillings-display-component---billRunCalcResult--smartFilterBar-btnBasicSearch","interaction":{"idSuffix":"I"}},"wdio_ui5_key":"applicationmanagebillings-display-component---billRunCalcResult--smartFilterBar-btnBasicSearch"}]}
RESULT: undefined
COMMAND: POST /session/a49a846f150ab9031b86585360f30ac3/execute/async - {"script":"<script> [776 bytes]","args":[{"enterText":"10317","selector":{"id":"application-managebillings-display-component---billRunCalcResult--smartFilterBar-btnBasicSearch","interaction":{"idSuffix":"I"}},"clearTextFirst":true,"interactionType":"ENTER_TEXT"}]}
RESULT: {"script":"<script> [776 bytes]","args":[{"enterText":"10317","selector":{"id":"application-managebillings-display-component---billRunCalcResult--smartFilterBar-btnBasicSearch","interaction":{"idSuffix":"I"}},"clearTextFirst":true,"interactionType":"ENTER_TEXT"}]}
COMMAND: POST /session/a49a846f150ab9031b86585360f30ac3/actions - {"actions":[{"id":"action49","type":"key","parameters":{},"actions":[{"type":"keyDown","value":"î€‡"},{"type":"pause","duration":10},{"type":"keyUp","value":"î€‡"}]}]}
RESULT: {"actions":[{"id":"action49","type":"key","parameters":{},"actions":[{"type":"keyDown","value":"î€‡"},{"type":"pause","duration":10},{"type":"keyUp","value":"î€‡"}]}]}
COMMAND: GET /session/a49a846f150ab9031b86585360f30ac3/screenshot - {}
RESULT: {}
COMMAND: POST /session/a49a846f150ab9031b86585360f30ac3/element - {"using":"xpath","value":"//td[@aria-colindex=\"1\"]/div/div[contains(@class, \"sapMCbBg\")]"}
RESULT: {"using":"xpath","value":"//td[@aria-colindex=\"1\"]/div/div[contains(@class, \"sapMCbBg\")]"}
COMMAND: POST /session/a49a846f150ab9031b86585360f30ac3/element/f.6CD6B7C80D08F775EB7D2FFF8B2C9AB5.d.1D7DBBD89C3FEE6F287FD5C939141359.e.14003/click - {}
RESULT: {}
COMMAND: GET /session/a49a846f150ab9031b86585360f30ac3/screenshot - {}
RESULT: {}
COMMAND: POST /session/a49a846f150ab9031b86585360f30ac3/execute/async - {"script":"<script> [1562 bytes]","args":[{"selector":{"id":"application-managebillings-display-component---billRunCalcResult--contractBillRunDate","interaction":{"idSuffix":"inner"}},"wdio_ui5_key":"applicationmanagebillings-display-component---billRunCalcResult--contractBillRunDate"}]}
RESULT: {"script":"<script> [1562 bytes]","args":[{"selector":{"id":"application-managebillings-display-component---billRunCalcResult--contractBillRunDate","interaction":{"idSuffix":"inner"}},"wdio_ui5_key":"applicationmanagebillings-display-component---billRunCalcResult--contractBillRunDate"}]}
RESULT: undefined
COMMAND: POST /session/a49a846f150ab9031b86585360f30ac3/execute/async - {"script":"<script> [776 bytes]","args":[{"enterText":"05/29/25","selector":{"id":"application-managebillings-display-component---billRunCalcResult--contractBillRunDate","interaction":{"idSuffix":"inner"}},"clearTextFirst":true,"interactionType":"ENTER_TEXT"}]}
RESULT: {"script":"<script> [776 bytes]","args":[{"enterText":"05/29/25","selector":{"id":"application-managebillings-display-component---billRunCalcResult--contractBillRunDate","interaction":{"idSuffix":"inner"}},"clearTextFirst":true,"interactionType":"ENTER_TEXT"}]}
COMMAND: POST /session/a49a846f150ab9031b86585360f30ac3/element - {"using":"xpath","value":"//bdi[contains(text(), \"Trigger Calculation\")]"}
RESULT: {"using":"xpath","value":"//bdi[contains(text(), \"Trigger Calculation\")]"}
COMMAND: POST /session/a49a846f150ab9031b86585360f30ac3/element/f.6CD6B7C80D08F775EB7D2FFF8B2C9AB5.d.1D7DBBD89C3FEE6F287FD5C939141359.e.14054/click - {}
RESULT: {}
COMMAND: GET /session/a49a846f150ab9031b86585360f30ac3/screenshot - {}
RESULT: {}
COMMAND: POST /session/a49a846f150ab9031b86585360f30ac3/element - {"using":"xpath","value":"(//span[contains(@id, \"imgNav\")])[1]"}
RESULT: {"using":"xpath","value":"(//span[contains(@id, \"imgNav\")])[1]"}
COMMAND: POST /session/a49a846f150ab9031b86585360f30ac3/element/f.6CD6B7C80D08F775EB7D2FFF8B2C9AB5.d.1D7DBBD89C3FEE6F287FD5C939141359.e.14004/click - {}
RESULT: {}
COMMAND: GET /session/a49a846f150ab9031b86585360f30ac3/screenshot - {}
RESULT: {}
COMMAND: POST /session/a49a846f150ab9031b86585360f30ac3/element - {"using":"xpath","value":"//tr/td[6]/div[1]/span[1]/span[1]"}
RESULT: {"using":"xpath","value":"//tr/td[6]/div[1]/span[1]/span[1]"}
COMMAND: GET /session/a49a846f150ab9031b86585360f30ac3/element/f.6CD6B7C80D08F775EB7D2FFF8B2C9AB5.d.1D7DBBD89C3FEE6F287FD5C939141359.e.14058/text - {}
RESULT: {}
COMMAND: POST /session/a49a846f150ab9031b86585360f30ac3/element - {"using":"xpath","value":"(//span[contains(@id, \"imgNav\")])[2]"}
RESULT: {"using":"xpath","value":"(//span[contains(@id, \"imgNav\")])[2]"}
COMMAND: POST /session/a49a846f150ab9031b86585360f30ac3/element/f.6CD6B7C80D08F775EB7D2FFF8B2C9AB5.d.1D7DBBD89C3FEE6F287FD5C939141359.e.14059/click - {}
RESULT: {}
COMMAND: POST /session/a49a846f150ab9031b86585360f30ac3/element - {"using":"xpath","value":"//bdi[contains(text(), \"Business Confirm\")]"}
COMMAND: GET /session/a49a846f150ab9031b86585360f30ac3/screenshot - {}
RESULT: {"using":"xpath","value":"//bdi[contains(text(), \"Business Confirm\")]"}
COMMAND: POST /session/a49a846f150ab9031b86585360f30ac3/elements - {"using":"xpath","value":"//bdi[contains(text(), \"Business Confirm\")]"}
RESULT: {}
RESULT: {"using":"xpath","value":"//bdi[contains(text(), \"Business Confirm\")]"}
COMMAND: POST /session/a49a846f150ab9031b86585360f30ac3/element - {"using":"xpath","value":"//bdi[contains(text(), \"Business Confirm\")]"}
RESULT: {"using":"xpath","value":"//bdi[contains(text(), \"Business Confirm\")]"}
COMMAND: POST /session/a49a846f150ab9031b86585360f30ac3/element/f.6CD6B7C80D08F775EB7D2FFF8B2C9AB5.d.1D7DBBD89C3FEE6F287FD5C939141359.e.14107/click - {}
RESULT: {}
COMMAND: POST /session/a49a846f150ab9031b86585360f30ac3/element - {"using":"css selector","value":"#shell-header-logo"}
COMMAND: GET /session/a49a846f150ab9031b86585360f30ac3/screenshot - {}
RESULT: {"using":"css selector","value":"#shell-header-logo"}
COMMAND: POST /session/a49a846f150ab9031b86585360f30ac3/element/f.6CD6B7C80D08F775EB7D2FFF8B2C9AB5.d.1D7DBBD89C3FEE6F287FD5C939141359.e.13797/click - {}
RESULT: {}
RESULT: {}
COMMAND: GET /session/a49a846f150ab9031b86585360f30ac3/screenshot - {}
RESULT: {}
COMMAND: POST /session/a49a846f150ab9031b86585360f30ac3/element - {"using":"css selector","value":"#j_username"}
COMMAND: POST /session/a49a846f150ab9031b86585360f30ac3/url - {"url":"https://qa-testing-00-live-etm-ui.cfapps.eu10-004.hana.ondemand.com/"}
RESULT: {"using":"css selector","value":"#j_username"}
COMMAND: POST /session/a49a846f150ab9031b86585360f30ac3/element - {"using":"css selector","value":"#j_username"}
RESULT: {"url":"https://qa-testing-00-live-etm-ui.cfapps.eu10-004.hana.ondemand.com/"}
RESULT: undefined
COMMAND: GET /session/a49a846f150ab9031b86585360f30ac3/screenshot - {}
RESULT: {"using":"css selector","value":"#j_username"}
COMMAND: POST /session/a49a846f150ab9031b86585360f30ac3/element - {"using":"css selector","value":"#shell-header-logo"}
RESULT: {}
RESULT: {"using":"css selector","value":"#shell-header-logo"}
COMMAND: POST /session/a49a846f150ab9031b86585360f30ac3/execute/sync - {"script":"<script> [8489 bytes]","args":[{"element-6066-11e4-a52e-4f735466cecf":"f.6CD6B7C80D08F775EB7D2FFF8B2C9AB5.d.C77BBE15356880FAB3FC93D94EED4F73.e.14150","ELEMENT":"f.6CD6B7C80D08F775EB7D2FFF8B2C9AB5.d.C77BBE15356880FAB3FC93D94EED4F73.e.14150"}]}
RESULT: {"script":"<script> [8489 bytes]","args":[{"element-6066-11e4-a52e-4f735466cecf":"f.6CD6B7C80D08F775EB7D2FFF8B2C9AB5.d.C77BBE15356880FAB3FC93D94EED4F73.e.14150","ELEMENT":"f.6CD6B7C80D08F775EB7D2FFF8B2C9AB5.d.C77BBE15356880FAB3FC93D94EED4F73.e.14150"}]}
COMMAND: POST /session/a49a846f150ab9031b86585360f30ac3/element - {"using":"css selector","value":"#shell-header-logo"}
COMMAND: GET /session/a49a846f150ab9031b86585360f30ac3/screenshot - {}
RESULT: {"using":"css selector","value":"#shell-header-logo"}
COMMAND: POST /session/a49a846f150ab9031b86585360f30ac3/execute/sync - {"script":"<script> [8489 bytes]","args":[{"element-6066-11e4-a52e-4f735466cecf":"f.6CD6B7C80D08F775EB7D2FFF8B2C9AB5.d.C77BBE15356880FAB3FC93D94EED4F73.e.14150","ELEMENT":"f.6CD6B7C80D08F775EB7D2FFF8B2C9AB5.d.C77BBE15356880FAB3FC93D94EED4F73.e.14150"}]}
RESULT: {}
RESULT: {"script":"<script> [8489 bytes]","args":[{"element-6066-11e4-a52e-4f735466cecf":"f.6CD6B7C80D08F775EB7D2FFF8B2C9AB5.d.C77BBE15356880FAB3FC93D94EED4F73.e.14150","ELEMENT":"f.6CD6B7C80D08F775EB7D2FFF8B2C9AB5.d.C77BBE15356880FAB3FC93D94EED4F73.e.14150"}]}
COMMAND: POST /session/a49a846f150ab9031b86585360f30ac3/execute/sync - {"script":"<script> [5351 bytes]","args":[{"element-6066-11e4-a52e-4f735466cecf":"f.6CD6B7C80D08F775EB7D2FFF8B2C9AB5.d.C77BBE15356880FAB3FC93D94EED4F73.e.14150","ELEMENT":"f.6CD6B7C80D08F775EB7D2FFF8B2C9AB5.d.C77BBE15356880FAB3FC93D94EED4F73.e.14150"}]}
COMMAND: GET /session/a49a846f150ab9031b86585360f30ac3/screenshot - {}
RESULT: {"script":"<script> [5351 bytes]","args":[{"element-6066-11e4-a52e-4f735466cecf":"f.6CD6B7C80D08F775EB7D2FFF8B2C9AB5.d.C77BBE15356880FAB3FC93D94EED4F73.e.14150","ELEMENT":"f.6CD6B7C80D08F775EB7D2FFF8B2C9AB5.d.C77BBE15356880FAB3FC93D94EED4F73.e.14150"}]}
COMMAND: POST /session/a49a846f150ab9031b86585360f30ac3/element - {"using":"css selector","value":"#shell-header-logo"}
COMMAND: GET /session/a49a846f150ab9031b86585360f30ac3/screenshot - {}
RESULT: {}
RESULT: {"using":"css selector","value":"#shell-header-logo"}
COMMAND: POST /session/a49a846f150ab9031b86585360f30ac3/element/f.6CD6B7C80D08F775EB7D2FFF8B2C9AB5.d.C77BBE15356880FAB3FC93D94EED4F73.e.14150/click - {}
RESULT: {}
RESULT: {}
COMMAND: GET /session/a49a846f150ab9031b86585360f30ac3/screenshot - {}
RESULT: {}
COMMAND: POST /session/a49a846f150ab9031b86585360f30ac3/execute/async - {"script":"<script> [189 bytes]","args":[]}
RESULT: {"script":"<script> [189 bytes]","args":[]}
COMMAND: POST /session/a49a846f150ab9031b86585360f30ac3/execute/async - {"script":"<script> [123 bytes]","args":[]}
RESULT: {"script":"<script> [123 bytes]","args":[]}
COMMAND: POST /session/a49a846f150ab9031b86585360f30ac3/timeouts - {"script":"<number>"}
RESULT: {"script":"<number>"}
COMMAND: GET /session/a49a846f150ab9031b86585360f30ac3/timeouts - {}
RESULT: {}
RESULT: undefined
COMMAND: POST /session/a49a846f150ab9031b86585360f30ac3/execute/async - {"script":"<script> [2676 bytes]","args":[]}
RESULT: {"script":"<script> [2676 bytes]","args":[]}
COMMAND: POST /session/a49a846f150ab9031b86585360f30ac3/execute/async - {"script":"<script> [2342 bytes]","args":[{"protocol":"http","hostname":"0.0.0.0","path":"/","capabilities":{"browserName":"chrome","goog:chromeOptions":{"binary":"C:\\Program Files\\Google\\Chrome\\Application\\chrome.exe","args":["--start-maximized"]}},"logLevel":"warn","connectionRetryTimeout":120000,"connectionRetryCount":3,"logLevels":{},"enableDirectConnect":true,"strictSSL":true,"_":"65 more keys: [\"cacheDir\",\"port\",\"requestedCapabilities\",\"automationProtocol\",\"baseUrl\",\"waitforInterval\",\"waitforTimeout\",\"onReload\",\"beforeCommand\",\"afterCommand\",\"rootDir\",\"specs\",\"suites\",\"exclude\",\"groupLogsByTestSpec\",\"excludeDriverLogs\",\"bail\",\"framework\",\"reporters\",\"services\",\"maxInstances\",\"maxInstancesPerCapability\",\"injectGlobals\",\"filesToWatch\",\"execArgv\",\"runnerEnv\",\"runner\",\"shard\",\"specFileRetries\",\"specFileRetriesDelay\",\"specFileRetriesDeferred\",\"reporterSyncInterval\",\"reporterSyncTimeout\",\"cucumberFeaturesWithLineNumbers\",\"autoCompileOpts\",\"mochaOpts\",\"jasmineOpts\",\"cucumberOpts\",\"onPrepare\",\"onWorkerStart\",\"onWorkerEnd\",\"before\",\"beforeSession\",\"beforeSuite\",\"beforeHook\",\"beforeTest\",\"afterTest\",\"afterHook\",\"afterSuite\",\"afterSession\",\"after\",\"onComplete\",\"beforeAssertion\",\"afterAssertion\",\"beforeFeature\",\"beforeScenario\",\"beforeStep\",\"afterStep\",\"afterScenario\",\"afterFeature\",\"_\",\"suite\",\"$0\",\"ignoredWorkerServices\",\"wdi5\"]"}]}
RESULT: {"script":"<script> [2342 bytes]","args":[{"protocol":"http","hostname":"0.0.0.0","path":"/","capabilities":{"browserName":"chrome","goog:chromeOptions":{"binary":"C:\\Program Files\\Google\\Chrome\\Application\\chrome.exe","args":["--start-maximized"]}},"logLevel":"warn","connectionRetryTimeout":120000,"connectionRetryCount":3,"logLevels":{},"enableDirectConnect":true,"strictSSL":true,"_":"65 more keys: [\"cacheDir\",\"port\",\"requestedCapabilities\",\"automationProtocol\",\"baseUrl\",\"waitforInterval\",\"waitforTimeout\",\"onReload\",\"beforeCommand\",\"afterCommand\",\"rootDir\",\"specs\",\"suites\",\"exclude\",\"groupLogsByTestSpec\",\"excludeDriverLogs\",\"bail\",\"framework\",\"reporters\",\"services\",\"maxInstances\",\"maxInstancesPerCapability\",\"injectGlobals\",\"filesToWatch\",\"execArgv\",\"runnerEnv\",\"runner\",\"shard\",\"specFileRetries\",\"specFileRetriesDelay\",\"specFileRetriesDeferred\",\"reporterSyncInterval\",\"reporterSyncTimeout\",\"cucumberFeaturesWithLineNumbers\",\"autoCompileOpts\",\"mochaOpts\",\"jasmineOpts\",\"cucumberOpts\",\"onPrepare\",\"onWorkerStart\",\"onWorkerEnd\",\"before\",\"beforeSession\",\"beforeSuite\",\"beforeHook\",\"beforeTest\",\"afterTest\",\"afterHook\",\"afterSuite\",\"afterSession\",\"after\",\"onComplete\",\"beforeAssertion\",\"afterAssertion\",\"beforeFeature\",\"beforeScenario\",\"beforeStep\",\"afterStep\",\"afterScenario\",\"afterFeature\",\"_\",\"suite\",\"$0\",\"ignoredWorkerServices\",\"wdi5\"]"}]}
COMMAND: POST /session/a49a846f150ab9031b86585360f30ac3/execute/async - {"script":"<script> [21126 bytes]","args":[35000]}
RESULT: {"script":"<script> [21126 bytes]","args":[35000]}
COMMAND: POST /session/a49a846f150ab9031b86585360f30ac3/window/maximize - {}
RESULT: {}
COMMAND: POST /session/a49a846f150ab9031b86585360f30ac3/execute/async - {"script":"<script> [1562 bytes]","args":[{"selector":{"id":"shell-header","interaction":{"idSuffix":"icon"}},"wdio_ui5_key":"shellheader"}]}
COMMAND: GET /session/a49a846f150ab9031b86585360f30ac3/screenshot - {}
RESULT: {"script":"<script> [1562 bytes]","args":[{"selector":{"id":"shell-header","interaction":{"idSuffix":"icon"}},"wdio_ui5_key":"shellheader"}]}
RESULT: undefined
COMMAND: POST /session/a49a846f150ab9031b86585360f30ac3/refresh - {}
RESULT: {}
RESULT: {}
COMMAND: GET /session/a49a846f150ab9031b86585360f30ac3/screenshot - {}
RESULT: {}
COMMAND: POST /session/a49a846f150ab9031b86585360f30ac3/refresh - {}
RESULT: {}
COMMAND: GET /session/a49a846f150ab9031b86585360f30ac3/screenshot - {}
RESULT: {}
COMMAND: POST /session/a49a846f150ab9031b86585360f30ac3/window/fullscreen - {}
RESULT: {}
COMMAND: POST /session/a49a846f150ab9031b86585360f30ac3/execute/async - {"script":"<script> [189 bytes]","args":[]}
RESULT: {"script":"<script> [189 bytes]","args":[]}
COMMAND: POST /session/a49a846f150ab9031b86585360f30ac3/execute/async - {"script":"<script> [123 bytes]","args":[]}
RESULT: {"script":"<script> [123 bytes]","args":[]}
COMMAND: POST /session/a49a846f150ab9031b86585360f30ac3/timeouts - {"script":"<number>"}
RESULT: {"script":"<number>"}
COMMAND: GET /session/a49a846f150ab9031b86585360f30ac3/timeouts - {}
RESULT: {}
RESULT: undefined
COMMAND: POST /session/a49a846f150ab9031b86585360f30ac3/execute/async - {"script":"<script> [2676 bytes]","args":[]}
RESULT: {"script":"<script> [2676 bytes]","args":[]}
COMMAND: POST /session/a49a846f150ab9031b86585360f30ac3/execute/async - {"script":"<script> [2342 bytes]","args":[{"protocol":"http","hostname":"0.0.0.0","path":"/","capabilities":{"browserName":"chrome","goog:chromeOptions":{"binary":"C:\\Program Files\\Google\\Chrome\\Application\\chrome.exe","args":["--start-maximized"]}},"logLevel":"warn","connectionRetryTimeout":120000,"connectionRetryCount":3,"logLevels":{},"enableDirectConnect":true,"strictSSL":true,"_":"65 more keys: [\"cacheDir\",\"port\",\"requestedCapabilities\",\"automationProtocol\",\"baseUrl\",\"waitforInterval\",\"waitforTimeout\",\"onReload\",\"beforeCommand\",\"afterCommand\",\"rootDir\",\"specs\",\"suites\",\"exclude\",\"groupLogsByTestSpec\",\"excludeDriverLogs\",\"bail\",\"framework\",\"reporters\",\"services\",\"maxInstances\",\"maxInstancesPerCapability\",\"injectGlobals\",\"filesToWatch\",\"execArgv\",\"runnerEnv\",\"runner\",\"shard\",\"specFileRetries\",\"specFileRetriesDelay\",\"specFileRetriesDeferred\",\"reporterSyncInterval\",\"reporterSyncTimeout\",\"cucumberFeaturesWithLineNumbers\",\"autoCompileOpts\",\"mochaOpts\",\"jasmineOpts\",\"cucumberOpts\",\"onPrepare\",\"onWorkerStart\",\"onWorkerEnd\",\"before\",\"beforeSession\",\"beforeSuite\",\"beforeHook\",\"beforeTest\",\"afterTest\",\"afterHook\",\"afterSuite\",\"afterSession\",\"after\",\"onComplete\",\"beforeAssertion\",\"afterAssertion\",\"beforeFeature\",\"beforeScenario\",\"beforeStep\",\"afterStep\",\"afterScenario\",\"afterFeature\",\"_\",\"suite\",\"$0\",\"ignoredWorkerServices\",\"wdi5\"]"}]}
RESULT: {"script":"<script> [2342 bytes]","args":[{"protocol":"http","hostname":"0.0.0.0","path":"/","capabilities":{"browserName":"chrome","goog:chromeOptions":{"binary":"C:\\Program Files\\Google\\Chrome\\Application\\chrome.exe","args":["--start-maximized"]}},"logLevel":"warn","connectionRetryTimeout":120000,"connectionRetryCount":3,"logLevels":{},"enableDirectConnect":true,"strictSSL":true,"_":"65 more keys: [\"cacheDir\",\"port\",\"requestedCapabilities\",\"automationProtocol\",\"baseUrl\",\"waitforInterval\",\"waitforTimeout\",\"onReload\",\"beforeCommand\",\"afterCommand\",\"rootDir\",\"specs\",\"suites\",\"exclude\",\"groupLogsByTestSpec\",\"excludeDriverLogs\",\"bail\",\"framework\",\"reporters\",\"services\",\"maxInstances\",\"maxInstancesPerCapability\",\"injectGlobals\",\"filesToWatch\",\"execArgv\",\"runnerEnv\",\"runner\",\"shard\",\"specFileRetries\",\"specFileRetriesDelay\",\"specFileRetriesDeferred\",\"reporterSyncInterval\",\"reporterSyncTimeout\",\"cucumberFeaturesWithLineNumbers\",\"autoCompileOpts\",\"mochaOpts\",\"jasmineOpts\",\"cucumberOpts\",\"onPrepare\",\"onWorkerStart\",\"onWorkerEnd\",\"before\",\"beforeSession\",\"beforeSuite\",\"beforeHook\",\"beforeTest\",\"afterTest\",\"afterHook\",\"afterSuite\",\"afterSession\",\"after\",\"onComplete\",\"beforeAssertion\",\"afterAssertion\",\"beforeFeature\",\"beforeScenario\",\"beforeStep\",\"afterStep\",\"afterScenario\",\"afterFeature\",\"_\",\"suite\",\"$0\",\"ignoredWorkerServices\",\"wdi5\"]"}]}
COMMAND: POST /session/a49a846f150ab9031b86585360f30ac3/execute/async - {"script":"<script> [21126 bytes]","args":[35000]}
RESULT: {"script":"<script> [21126 bytes]","args":[35000]}
]]></system-out>
    </testcase>
  </testsuite>
  <testsuite timestamp="2025-04-29T06:29:23" time="744.829" tests="13" failures="0" errors="0" skipped="0">
    <properties>
      <property name="specId" value="0" />
      <property name="suiteName" value="Performance based billing (work days) US139742" />
      <property name="capabilities" value="chrome.135_0_7049_96.windows" />
      <property name="file" value="file:///D:/a/1/s/test/specs/BTS/billing-performance-workdays.spec.js" />
    </properties>
    <testcase classname="chrome.135_0_7049_96.windows.Performance_based_billing_(work_days)_US139742" name="Should create a new yard" time="0.013">
      <system-out><![CDATA[
COMMAND: POST /session/a49a846f150ab9031b86585360f30ac3/window/fullscreen - {}
RESULT: {}
]]></system-out>
    </testcase>
    <testcase classname="chrome.135_0_7049_96.windows.Performance_based_billing_(work_days)_US139742" name="Should create a new partner" time="0.003" />
    <testcase classname="chrome.135_0_7049_96.windows.Performance_based_billing_(work_days)_US139742" name="Should create a new site" time="0.003" />
    <testcase classname="chrome.135_0_7049_96.windows.Performance_based_billing_(work_days)_US139742" name="Should do prerequisite steps add equipment" time="118.253">
      <system-out><![CDATA[
COMMAND: POST /session/a49a846f150ab9031b86585360f30ac3/execute/async - {"script":"<script> [1562 bytes]","args":[{"selector":{"controlType":"sap.m.GenericTile","properties":{"header":"Manage Resources"}},"wdio_ui5_key":"sapm.GenericTile{\"header\":\"Manage Resources\"}"}]}
RESULT: {"script":"<script> [1562 bytes]","args":[{"selector":{"controlType":"sap.m.GenericTile","properties":{"header":"Manage Resources"}},"wdio_ui5_key":"sapm.GenericTile{\"header\":\"Manage Resources\"}"}]}
RESULT: undefined
COMMAND: POST /session/a49a846f150ab9031b86585360f30ac3/element - {"using":"xpath","value":"//*[@id=\"__tile39\"]"}
RESULT: {"using":"xpath","value":"//*[@id=\"__tile39\"]"}
COMMAND: POST /session/a49a846f150ab9031b86585360f30ac3/element/f.6CD6B7C80D08F775EB7D2FFF8B2C9AB5.d.774F3988F2CE5CE542CF8DB00D3475E1.e.14304/click - {}
RESULT: {}
COMMAND: POST /session/a49a846f150ab9031b86585360f30ac3/element - {"using":"xpath","value":"//button[@data-kt=\"addNewRUOverflowToolbarButton\"]"}
COMMAND: GET /session/a49a846f150ab9031b86585360f30ac3/screenshot - {}
RESULT: {"using":"xpath","value":"//button[@data-kt=\"addNewRUOverflowToolbarButton\"]"}
COMMAND: POST /session/a49a846f150ab9031b86585360f30ac3/elements - {"using":"xpath","value":"//button[@data-kt=\"addNewRUOverflowToolbarButton\"]"}
RESULT: {}
RESULT: {"using":"xpath","value":"//button[@data-kt=\"addNewRUOverflowToolbarButton\"]"}
COMMAND: POST /session/a49a846f150ab9031b86585360f30ac3/elements - {"using":"xpath","value":"//button[@data-kt=\"addNewRUOverflowToolbarButton\"]"}
RESULT: {"using":"xpath","value":"//button[@data-kt=\"addNewRUOverflowToolbarButton\"]"}
COMMAND: POST /session/a49a846f150ab9031b86585360f30ac3/elements - {"using":"xpath","value":"//button[@data-kt=\"addNewRUOverflowToolbarButton\"]"}
RESULT: {"using":"xpath","value":"//button[@data-kt=\"addNewRUOverflowToolbarButton\"]"}
COMMAND: POST /session/a49a846f150ab9031b86585360f30ac3/elements - {"using":"xpath","value":"//button[@data-kt=\"addNewRUOverflowToolbarButton\"]"}
RESULT: {"using":"xpath","value":"//button[@data-kt=\"addNewRUOverflowToolbarButton\"]"}
COMMAND: POST /session/a49a846f150ab9031b86585360f30ac3/elements - {"using":"xpath","value":"//button[@data-kt=\"addNewRUOverflowToolbarButton\"]"}
RESULT: {"using":"xpath","value":"//button[@data-kt=\"addNewRUOverflowToolbarButton\"]"}
COMMAND: POST /session/a49a846f150ab9031b86585360f30ac3/elements - {"using":"xpath","value":"//button[@data-kt=\"addNewRUOverflowToolbarButton\"]"}
RESULT: {"using":"xpath","value":"//button[@data-kt=\"addNewRUOverflowToolbarButton\"]"}
COMMAND: POST /session/a49a846f150ab9031b86585360f30ac3/elements - {"using":"xpath","value":"//button[@data-kt=\"addNewRUOverflowToolbarButton\"]"}
RESULT: {"using":"xpath","value":"//button[@data-kt=\"addNewRUOverflowToolbarButton\"]"}
COMMAND: POST /session/a49a846f150ab9031b86585360f30ac3/elements - {"using":"xpath","value":"//button[@data-kt=\"addNewRUOverflowToolbarButton\"]"}
RESULT: {"using":"xpath","value":"//button[@data-kt=\"addNewRUOverflowToolbarButton\"]"}
COMMAND: POST /session/a49a846f150ab9031b86585360f30ac3/elements - {"using":"xpath","value":"//button[@data-kt=\"addNewRUOverflowToolbarButton\"]"}
RESULT: {"using":"xpath","value":"//button[@data-kt=\"addNewRUOverflowToolbarButton\"]"}
COMMAND: POST /session/a49a846f150ab9031b86585360f30ac3/elements - {"using":"xpath","value":"//button[@data-kt=\"addNewRUOverflowToolbarButton\"]"}
RESULT: {"using":"xpath","value":"//button[@data-kt=\"addNewRUOverflowToolbarButton\"]"}
COMMAND: POST /session/a49a846f150ab9031b86585360f30ac3/element - {"using":"xpath","value":"//button[@data-kt=\"addNewRUOverflowToolbarButton\"]"}
RESULT: {"using":"xpath","value":"//button[@data-kt=\"addNewRUOverflowToolbarButton\"]"}
COMMAND: POST /session/a49a846f150ab9031b86585360f30ac3/execute/sync - {"script":"<script> [8489 bytes]","args":[{"element-6066-11e4-a52e-4f735466cecf":"f.6CD6B7C80D08F775EB7D2FFF8B2C9AB5.d.774F3988F2CE5CE542CF8DB00D3475E1.e.14436","ELEMENT":"f.6CD6B7C80D08F775EB7D2FFF8B2C9AB5.d.774F3988F2CE5CE542CF8DB00D3475E1.e.14436"}]}
RESULT: {"script":"<script> [8489 bytes]","args":[{"element-6066-11e4-a52e-4f735466cecf":"f.6CD6B7C80D08F775EB7D2FFF8B2C9AB5.d.774F3988F2CE5CE542CF8DB00D3475E1.e.14436","ELEMENT":"f.6CD6B7C80D08F775EB7D2FFF8B2C9AB5.d.774F3988F2CE5CE542CF8DB00D3475E1.e.14436"}]}
COMMAND: GET /session/a49a846f150ab9031b86585360f30ac3/element/f.6CD6B7C80D08F775EB7D2FFF8B2C9AB5.d.774F3988F2CE5CE542CF8DB00D3475E1.e.14436/enabled - {}
COMMAND: GET /session/a49a846f150ab9031b86585360f30ac3/screenshot - {}
RESULT: {}
COMMAND: POST /session/a49a846f150ab9031b86585360f30ac3/execute/sync - {"script":"<script> [8489 bytes]","args":[{"element-6066-11e4-a52e-4f735466cecf":"f.6CD6B7C80D08F775EB7D2FFF8B2C9AB5.d.774F3988F2CE5CE542CF8DB00D3475E1.e.14436","ELEMENT":"f.6CD6B7C80D08F775EB7D2FFF8B2C9AB5.d.774F3988F2CE5CE542CF8DB00D3475E1.e.14436"}]}
COMMAND: GET /session/a49a846f150ab9031b86585360f30ac3/screenshot - {}
RESULT: {}
RESULT: {"script":"<script> [8489 bytes]","args":[{"element-6066-11e4-a52e-4f735466cecf":"f.6CD6B7C80D08F775EB7D2FFF8B2C9AB5.d.774F3988F2CE5CE542CF8DB00D3475E1.e.14436","ELEMENT":"f.6CD6B7C80D08F775EB7D2FFF8B2C9AB5.d.774F3988F2CE5CE542CF8DB00D3475E1.e.14436"}]}
COMMAND: POST /session/a49a846f150ab9031b86585360f30ac3/execute/sync - {"script":"<script> [5351 bytes]","args":[{"element-6066-11e4-a52e-4f735466cecf":"f.6CD6B7C80D08F775EB7D2FFF8B2C9AB5.d.774F3988F2CE5CE542CF8DB00D3475E1.e.14436","ELEMENT":"f.6CD6B7C80D08F775EB7D2FFF8B2C9AB5.d.774F3988F2CE5CE542CF8DB00D3475E1.e.14436"}]}
COMMAND: GET /session/a49a846f150ab9031b86585360f30ac3/screenshot - {}
RESULT: {}
RESULT: {"script":"<script> [5351 bytes]","args":[{"element-6066-11e4-a52e-4f735466cecf":"f.6CD6B7C80D08F775EB7D2FFF8B2C9AB5.d.774F3988F2CE5CE542CF8DB00D3475E1.e.14436","ELEMENT":"f.6CD6B7C80D08F775EB7D2FFF8B2C9AB5.d.774F3988F2CE5CE542CF8DB00D3475E1.e.14436"}]}
COMMAND: POST /session/a49a846f150ab9031b86585360f30ac3/element/f.6CD6B7C80D08F775EB7D2FFF8B2C9AB5.d.774F3988F2CE5CE542CF8DB00D3475E1.e.14436/click - {}
RESULT: {}
COMMAND: GET /session/a49a846f150ab9031b86585360f30ac3/screenshot - {}
RESULT: {}
COMMAND: GET /session/a49a846f150ab9031b86585360f30ac3/screenshot - {}
COMMAND: POST /session/a49a846f150ab9031b86585360f30ac3/execute/async - {"script":"<script> [1562 bytes]","args":[{"selector":{"id":"application-manageresources-display-component---newResourceUnit--TYPE-arrow"},"wdio_ui5_key":"applicationmanageresources-display-component---newResourceUnit--TYPE-arrow"}]}
RESULT: {}
RESULT: {}
RESULT: {"script":"<script> [1562 bytes]","args":[{"selector":{"id":"application-manageresources-display-component---newResourceUnit--TYPE-arrow"},"wdio_ui5_key":"applicationmanageresources-display-component---newResourceUnit--TYPE-arrow"}]}
RESULT: undefined
COMMAND: POST /session/a49a846f150ab9031b86585360f30ac3/element - {"using":"xpath","value":"//*[@id=\"application-manageresources-display-component---newResourceUnit--TYPE-arrow\"]"}
RESULT: {"using":"xpath","value":"//*[@id=\"application-manageresources-display-component---newResourceUnit--TYPE-arrow\"]"}
COMMAND: POST /session/a49a846f150ab9031b86585360f30ac3/element/f.6CD6B7C80D08F775EB7D2FFF8B2C9AB5.d.774F3988F2CE5CE542CF8DB00D3475E1.e.14805/click - {}
RESULT: {}
COMMAND: POST /session/a49a846f150ab9031b86585360f30ac3/element - {"using":"xpath","value":"//input[@id=\"application-manageresources-display-component---newResourceUnit--TYPE-inner\"]"}
COMMAND: GET /session/a49a846f150ab9031b86585360f30ac3/screenshot - {}
RESULT: {"using":"xpath","value":"//input[@id=\"application-manageresources-display-component---newResourceUnit--TYPE-inner\"]"}
COMMAND: POST /session/a49a846f150ab9031b86585360f30ac3/element/f.6CD6B7C80D08F775EB7D2FFF8B2C9AB5.d.774F3988F2CE5CE542CF8DB00D3475E1.e.14799/clear - {}
RESULT: {}
RESULT: {}
COMMAND: POST /session/a49a846f150ab9031b86585360f30ac3/element/f.6CD6B7C80D08F775EB7D2FFF8B2C9AB5.d.774F3988F2CE5CE542CF8DB00D3475E1.e.14799/value - {"text":"Equipment"}
COMMAND: GET /session/a49a846f150ab9031b86585360f30ac3/screenshot - {}
RESULT: {"text":"Equipment"}
COMMAND: GET /session/a49a846f150ab9031b86585360f30ac3/screenshot - {}
RESULT: {}
RESULT: {}
COMMAND: POST /session/a49a846f150ab9031b86585360f30ac3/actions - {"actions":[{"id":"action50","type":"key","parameters":{},"actions":[{"type":"keyDown","value":"î€‡"},{"type":"pause","duration":10},{"type":"keyUp","value":"î€‡"}]}]}
RESULT: {"actions":[{"id":"action50","type":"key","parameters":{},"actions":[{"type":"keyDown","value":"î€‡"},{"type":"pause","duration":10},{"type":"keyUp","value":"î€‡"}]}]}
COMMAND: POST /session/a49a846f150ab9031b86585360f30ac3/execute/async - {"script":"<script> [1562 bytes]","args":[{"selector":{"id":"application-manageresources-display-component---newResourceUnit--resourceId","interaction":{"idSuffix":"inner"}},"wdio_ui5_key":"applicationmanageresources-display-component---newResourceUnit--resourceId"}]}
COMMAND: GET /session/a49a846f150ab9031b86585360f30ac3/screenshot - {}
RESULT: {"script":"<script> [1562 bytes]","args":[{"selector":{"id":"application-manageresources-display-component---newResourceUnit--resourceId","interaction":{"idSuffix":"inner"}},"wdio_ui5_key":"applicationmanageresources-display-component---newResourceUnit--resourceId"}]}
RESULT: undefined
COMMAND: POST /session/a49a846f150ab9031b86585360f30ac3/execute/async - {"script":"<script> [776 bytes]","args":[{"enterText":"T7Ebv6YAyG","selector":{"id":"application-manageresources-display-component---newResourceUnit--resourceId","interaction":{"idSuffix":"inner"}},"clearTextFirst":true,"interactionType":"ENTER_TEXT"}]}
RESULT: {}
RESULT: {"script":"<script> [776 bytes]","args":[{"enterText":"T7Ebv6YAyG","selector":{"id":"application-manageresources-display-component---newResourceUnit--resourceId","interaction":{"idSuffix":"inner"}},"clearTextFirst":true,"interactionType":"ENTER_TEXT"}]}
COMMAND: POST /session/a49a846f150ab9031b86585360f30ac3/execute/async - {"script":"<script> [1562 bytes]","args":[{"selector":{"id":"application-manageresources-display-component---newResourceUnit--SHORT_TEXT","interaction":{"idSuffix":"inner"}},"wdio_ui5_key":"applicationmanageresources-display-component---newResourceUnit--SHORT_TEXT"}]}
RESULT: {"script":"<script> [1562 bytes]","args":[{"selector":{"id":"application-manageresources-display-component---newResourceUnit--SHORT_TEXT","interaction":{"idSuffix":"inner"}},"wdio_ui5_key":"applicationmanageresources-display-component---newResourceUnit--SHORT_TEXT"}]}
RESULT: undefined
COMMAND: POST /session/a49a846f150ab9031b86585360f30ac3/execute/async - {"script":"<script> [776 bytes]","args":[{"enterText":"Intercompany Equipment WDIO","selector":{"id":"application-manageresources-display-component---newResourceUnit--SHORT_TEXT","interaction":{"idSuffix":"inner"}},"clearTextFirst":true,"interactionType":"ENTER_TEXT"}]}
RESULT: {"script":"<script> [776 bytes]","args":[{"enterText":"Intercompany Equipment WDIO","selector":{"id":"application-manageresources-display-component---newResourceUnit--SHORT_TEXT","interaction":{"idSuffix":"inner"}},"clearTextFirst":true,"interactionType":"ENTER_TEXT"}]}
COMMAND: POST /session/a49a846f150ab9031b86585360f30ac3/execute/async - {"script":"<script> [1562 bytes]","args":[{"selector":{"id":"application-manageresources-display-component---newResourceUnit--BASE_UNIT_OF_MEASURE","interaction":{"idSuffix":"inner"}},"wdio_ui5_key":"applicationmanageresources-display-component---newResourceUnit--BASE_UNIT_OF_MEASURE"}]}
RESULT: {"script":"<script> [1562 bytes]","args":[{"selector":{"id":"application-manageresources-display-component---newResourceUnit--BASE_UNIT_OF_MEASURE","interaction":{"idSuffix":"inner"}},"wdio_ui5_key":"applicationmanageresources-display-component---newResourceUnit--BASE_UNIT_OF_MEASURE"}]}
RESULT: undefined
COMMAND: POST /session/a49a846f150ab9031b86585360f30ac3/execute/async - {"script":"<script> [776 bytes]","args":[{"enterText":"Piece","selector":{"id":"application-manageresources-display-component---newResourceUnit--BASE_UNIT_OF_MEASURE","interaction":{"idSuffix":"inner"}},"clearTextFirst":true,"interactionType":"ENTER_TEXT"}]}
RESULT: {"script":"<script> [776 bytes]","args":[{"enterText":"Piece","selector":{"id":"application-manageresources-display-component---newResourceUnit--BASE_UNIT_OF_MEASURE","interaction":{"idSuffix":"inner"}},"clearTextFirst":true,"interactionType":"ENTER_TEXT"}]}
COMMAND: POST /session/a49a846f150ab9031b86585360f30ac3/execute/async - {"script":"<script> [1562 bytes]","args":[{"selector":{"id":"application-manageresources-display-component---newResourceUnit--WEIGHT_UNIT","interaction":{"idSuffix":"inner"}},"wdio_ui5_key":"applicationmanageresources-display-component---newResourceUnit--WEIGHT_UNIT"}]}
RESULT: {"script":"<script> [1562 bytes]","args":[{"selector":{"id":"application-manageresources-display-component---newResourceUnit--WEIGHT_UNIT","interaction":{"idSuffix":"inner"}},"wdio_ui5_key":"applicationmanageresources-display-component---newResourceUnit--WEIGHT_UNIT"}]}
RESULT: undefined
COMMAND: POST /session/a49a846f150ab9031b86585360f30ac3/execute/async - {"script":"<script> [776 bytes]","args":[{"enterText":"Gram","selector":{"id":"application-manageresources-display-component---newResourceUnit--WEIGHT_UNIT","interaction":{"idSuffix":"inner"}},"clearTextFirst":true,"interactionType":"ENTER_TEXT"}]}
RESULT: {"script":"<script> [776 bytes]","args":[{"enterText":"Gram","selector":{"id":"application-manageresources-display-component---newResourceUnit--WEIGHT_UNIT","interaction":{"idSuffix":"inner"}},"clearTextFirst":true,"interactionType":"ENTER_TEXT"}]}
COMMAND: POST /session/a49a846f150ab9031b86585360f30ac3/execute/async - {"script":"<script> [1562 bytes]","args":[{"selector":{"id":"application-manageresources-display-component---newResourceUnit--DIMENSION_UNIT","interaction":{"idSuffix":"inner"}},"wdio_ui5_key":"applicationmanageresources-display-component---newResourceUnit--DIMENSION_UNIT"}]}
RESULT: {"script":"<script> [1562 bytes]","args":[{"selector":{"id":"application-manageresources-display-component---newResourceUnit--DIMENSION_UNIT","interaction":{"idSuffix":"inner"}},"wdio_ui5_key":"applicationmanageresources-display-component---newResourceUnit--DIMENSION_UNIT"}]}
RESULT: undefined
COMMAND: POST /session/a49a846f150ab9031b86585360f30ac3/execute/async - {"script":"<script> [776 bytes]","args":[{"enterText":"Meter","selector":{"id":"application-manageresources-display-component---newResourceUnit--DIMENSION_UNIT","interaction":{"idSuffix":"inner"}},"clearTextFirst":true,"interactionType":"ENTER_TEXT"}]}
RESULT: {"script":"<script> [776 bytes]","args":[{"enterText":"Meter","selector":{"id":"application-manageresources-display-component---newResourceUnit--DIMENSION_UNIT","interaction":{"idSuffix":"inner"}},"clearTextFirst":true,"interactionType":"ENTER_TEXT"}]}
COMMAND: POST /session/a49a846f150ab9031b86585360f30ac3/execute/async - {"script":"<script> [1562 bytes]","args":[{"selector":{"id":"application-manageresources-display-component---newResourceUnit--newRRUPage-anchBar-application-manageresources-display-component---newResourceUnit--control-anchor","interaction":{"idSuffix":"BDI-content"}},"wdio_ui5_key":"applicationmanageresources-display-component---newResourceUnit--newRRUPage-anchBar-application-manageresources-display-component---newResourceUnit--control-anchor"}]}
RESULT: {"script":"<script> [1562 bytes]","args":[{"selector":{"id":"application-manageresources-display-component---newResourceUnit--newRRUPage-anchBar-application-manageresources-display-component---newResourceUnit--control-anchor","interaction":{"idSuffix":"BDI-content"}},"wdio_ui5_key":"applicationmanageresources-display-component---newResourceUnit--newRRUPage-anchBar-application-manageresources-display-component---newResourceUnit--control-anchor"}]}
RESULT: undefined
COMMAND: POST /session/a49a846f150ab9031b86585360f30ac3/element - {"using":"xpath","value":"//*[@id=\"application-manageresources-display-component---newResourceUnit--newRRUPage-anchBar-application-manageresources-display-component---newResourceUnit--control-anchor\"]"}
RESULT: {"using":"xpath","value":"//*[@id=\"application-manageresources-display-component---newResourceUnit--newRRUPage-anchBar-application-manageresources-display-component---newResourceUnit--control-anchor\"]"}
COMMAND: POST /session/a49a846f150ab9031b86585360f30ac3/element/f.6CD6B7C80D08F775EB7D2FFF8B2C9AB5.d.774F3988F2CE5CE542CF8DB00D3475E1.e.14938/click - {}
RESULT: {}
COMMAND: POST /session/a49a846f150ab9031b86585360f30ac3/execute/async - {"script":"<script> [1562 bytes]","args":[{"selector":{"id":"application-manageresources-display-component---newResourceUnit--PLANNING_GROUP","interaction":{"idSuffix":"inner"}},"wdio_ui5_key":"applicationmanageresources-display-component---newResourceUnit--PLANNING_GROUP"}]}
COMMAND: GET /session/a49a846f150ab9031b86585360f30ac3/screenshot - {}
RESULT: {"script":"<script> [1562 bytes]","args":[{"selector":{"id":"application-manageresources-display-component---newResourceUnit--PLANNING_GROUP","interaction":{"idSuffix":"inner"}},"wdio_ui5_key":"applicationmanageresources-display-component---newResourceUnit--PLANNING_GROUP"}]}
RESULT: undefined
COMMAND: POST /session/a49a846f150ab9031b86585360f30ac3/execute/async - {"script":"<script> [776 bytes]","args":[{"enterText":"Heavy Equi","selector":{"id":"application-manageresources-display-component---newResourceUnit--PLANNING_GROUP","interaction":{"idSuffix":"inner"}},"clearTextFirst":true,"interactionType":"ENTER_TEXT"}]}
RESULT: {}
RESULT: {"script":"<script> [776 bytes]","args":[{"enterText":"Heavy Equi","selector":{"id":"application-manageresources-display-component---newResourceUnit--PLANNING_GROUP","interaction":{"idSuffix":"inner"}},"clearTextFirst":true,"interactionType":"ENTER_TEXT"}]}
COMMAND: POST /session/a49a846f150ab9031b86585360f30ac3/execute/async - {"script":"<script> [1562 bytes]","args":[{"selector":{"id":"application-manageresources-display-component---newResourceUnit--ITEM_TYPE-arrow"},"wdio_ui5_key":"applicationmanageresources-display-component---newResourceUnit--ITEM_TYPE-arrow"}]}
RESULT: {"script":"<script> [1562 bytes]","args":[{"selector":{"id":"application-manageresources-display-component---newResourceUnit--ITEM_TYPE-arrow"},"wdio_ui5_key":"applicationmanageresources-display-component---newResourceUnit--ITEM_TYPE-arrow"}]}
RESULT: undefined
COMMAND: POST /session/a49a846f150ab9031b86585360f30ac3/element - {"using":"xpath","value":"//*[@id=\"application-manageresources-display-component---newResourceUnit--ITEM_TYPE-arrow\"]"}
RESULT: {"using":"xpath","value":"//*[@id=\"application-manageresources-display-component---newResourceUnit--ITEM_TYPE-arrow\"]"}
COMMAND: POST /session/a49a846f150ab9031b86585360f30ac3/element/f.6CD6B7C80D08F775EB7D2FFF8B2C9AB5.d.774F3988F2CE5CE542CF8DB00D3475E1.e.14945/click - {}
RESULT: {}
COMMAND: POST /session/a49a846f150ab9031b86585360f30ac3/element - {"using":"xpath","value":"(//span[contains(text(), \"Resource Unit\")])[2]"}
COMMAND: GET /session/a49a846f150ab9031b86585360f30ac3/screenshot - {}
RESULT: {"using":"xpath","value":"(//span[contains(text(), \"Resource Unit\")])[2]"}
COMMAND: POST /session/a49a846f150ab9031b86585360f30ac3/element/f.6CD6B7C80D08F775EB7D2FFF8B2C9AB5.d.774F3988F2CE5CE542CF8DB00D3475E1.e.14946/click - {}
RESULT: {}
RESULT: {}
COMMAND: GET /session/a49a846f150ab9031b86585360f30ac3/screenshot - {}
RESULT: {}
COMMAND: POST /session/a49a846f150ab9031b86585360f30ac3/element - {"using":"css selector","value":"#application-manageresources-display-component---newResourceUnit--btnAddTimeSegment"}
RESULT: {"using":"css selector","value":"#application-manageresources-display-component---newResourceUnit--btnAddTimeSegment"}
COMMAND: GET /session/a49a846f150ab9031b86585360f30ac3/element/f.6CD6B7C80D08F775EB7D2FFF8B2C9AB5.d.774F3988F2CE5CE542CF8DB00D3475E1.e.14947/rect - {}
RESULT: {}
COMMAND: GET /session/a49a846f150ab9031b86585360f30ac3/window/rect - {}
RESULT: {}
COMMAND: POST /session/a49a846f150ab9031b86585360f30ac3/execute/sync - {"script":"<script> [92 bytes]","args":[]}
RESULT: {"script":"<script> [92 bytes]","args":[]}
COMMAND: POST /session/a49a846f150ab9031b86585360f30ac3/actions - {"actions":[{"id":"action51","type":"wheel","parameters":{},"actions":[{"type":"scroll","x":-1888,"y":-32,"deltaX":0,"deltaY":0,"duration":0,"origin":{"element-6066-11e4-a52e-4f735466cecf":"f.6CD6B7C80D08F775EB7D2FFF8B2C9AB5.d.774F3988F2CE5CE542CF8DB00D3475E1.e.14947"}}]}]}
COMMAND: GET /session/a49a846f150ab9031b86585360f30ac3/screenshot - {}
RESULT: {}
COMMAND: POST /session/a49a846f150ab9031b86585360f30ac3/execute/sync - {"script":"<script> [79 bytes]","args":[{"element-6066-11e4-a52e-4f735466cecf":"f.6CD6B7C80D08F775EB7D2FFF8B2C9AB5.d.774F3988F2CE5CE542CF8DB00D3475E1.e.14947","ELEMENT":"f.6CD6B7C80D08F775EB7D2FFF8B2C9AB5.d.774F3988F2CE5CE542CF8DB00D3475E1.e.14947"},{"block":"start","inline":"nearest"}]}
RESULT: {"script":"<script> [79 bytes]","args":[{"element-6066-11e4-a52e-4f735466cecf":"f.6CD6B7C80D08F775EB7D2FFF8B2C9AB5.d.774F3988F2CE5CE542CF8DB00D3475E1.e.14947","ELEMENT":"f.6CD6B7C80D08F775EB7D2FFF8B2C9AB5.d.774F3988F2CE5CE542CF8DB00D3475E1.e.14947"},{"block":"start","inline":"nearest"}]}
COMMAND: POST /session/a49a846f150ab9031b86585360f30ac3/execute/async - {"script":"<script> [1562 bytes]","args":[{"selector":{"id":"application-manageresources-display-component---newResourceUnit--btnAddTimeSegment","interaction":{"idSuffix":"inner"}},"wdio_ui5_key":"applicationmanageresources-display-component---newResourceUnit--btnAddTimeSegment"}]}
COMMAND: GET /session/a49a846f150ab9031b86585360f30ac3/screenshot - {}
RESULT: {"script":"<script> [1562 bytes]","args":[{"selector":{"id":"application-manageresources-display-component---newResourceUnit--btnAddTimeSegment","interaction":{"idSuffix":"inner"}},"wdio_ui5_key":"applicationmanageresources-display-component---newResourceUnit--btnAddTimeSegment"}]}
RESULT: undefined
COMMAND: POST /session/a49a846f150ab9031b86585360f30ac3/element - {"using":"xpath","value":"//*[@id=\"application-manageresources-display-component---newResourceUnit--btnAddTimeSegment\"]"}
RESULT: {}
RESULT: {"using":"xpath","value":"//*[@id=\"application-manageresources-display-component---newResourceUnit--btnAddTimeSegment\"]"}
COMMAND: POST /session/a49a846f150ab9031b86585360f30ac3/element/f.6CD6B7C80D08F775EB7D2FFF8B2C9AB5.d.774F3988F2CE5CE542CF8DB00D3475E1.e.14947/click - {}
RESULT: {}
COMMAND: GET /session/a49a846f150ab9031b86585360f30ac3/screenshot - {}
RESULT: {}
COMMAND: POST /session/a49a846f150ab9031b86585360f30ac3/element - {"using":"xpath","value":"//input[@id=\"application-manageresources-display-component---newResourceUnit--idRuTSAdmin-application-manageresources-display-component---newResourceUnit--RUTimeSegment-0-inner\"]"}
RESULT: {"using":"xpath","value":"//input[@id=\"application-manageresources-display-component---newResourceUnit--idRuTSAdmin-application-manageresources-display-component---newResourceUnit--RUTimeSegment-0-inner\"]"}
COMMAND: POST /session/a49a846f150ab9031b86585360f30ac3/element/f.6CD6B7C80D08F775EB7D2FFF8B2C9AB5.d.774F3988F2CE5CE542CF8DB00D3475E1.e.14953/clear - {}
RESULT: {}
COMMAND: POST /session/a49a846f150ab9031b86585360f30ac3/element/f.6CD6B7C80D08F775EB7D2FFF8B2C9AB5.d.774F3988F2CE5CE542CF8DB00D3475E1.e.14953/value - {"text":"375"}
COMMAND: GET /session/a49a846f150ab9031b86585360f30ac3/screenshot - {}
RESULT: {"text":"375"}
COMMAND: GET /session/a49a846f150ab9031b86585360f30ac3/screenshot - {}
RESULT: {}
RESULT: {}
COMMAND: POST /session/a49a846f150ab9031b86585360f30ac3/element - {"using":"xpath","value":"//li[.//span[text()='375']]"}
RESULT: {"using":"xpath","value":"//li[.//span[text()='375']]"}
COMMAND: POST /session/a49a846f150ab9031b86585360f30ac3/element/f.6CD6B7C80D08F775EB7D2FFF8B2C9AB5.d.774F3988F2CE5CE542CF8DB00D3475E1.e.14965/click - {}
RESULT: {}
COMMAND: GET /session/a49a846f150ab9031b86585360f30ac3/screenshot - {}
RESULT: {}
COMMAND: POST /session/a49a846f150ab9031b86585360f30ac3/element - {"using":"xpath","value":"(//span[contains(@id, \"-application-manageresources-display-component---newResourceUnit--RUTimeSegment-0-arrow\")])[6]"}
RESULT: {"using":"xpath","value":"(//span[contains(@id, \"-application-manageresources-display-component---newResourceUnit--RUTimeSegment-0-arrow\")])[6]"}
COMMAND: POST /session/a49a846f150ab9031b86585360f30ac3/element/f.6CD6B7C80D08F775EB7D2FFF8B2C9AB5.d.774F3988F2CE5CE542CF8DB00D3475E1.e.14966/click - {}
RESULT: {}
COMMAND: POST /session/a49a846f150ab9031b86585360f30ac3/element - {"using":"xpath","value":"//span[contains(text(), \"PM Order\")]"}
COMMAND: GET /session/a49a846f150ab9031b86585360f30ac3/screenshot - {}
RESULT: {"using":"xpath","value":"//span[contains(text(), \"PM Order\")]"}
COMMAND: POST /session/a49a846f150ab9031b86585360f30ac3/element/f.6CD6B7C80D08F775EB7D2FFF8B2C9AB5.d.774F3988F2CE5CE542CF8DB00D3475E1.e.14969/click - {}
RESULT: {}
RESULT: {}
COMMAND: GET /session/a49a846f150ab9031b86585360f30ac3/screenshot - {}
RESULT: {}
COMMAND: POST /session/a49a846f150ab9031b86585360f30ac3/element - {"using":"xpath","value":"(//span[contains(@id ,\"manageresources-display-component---newResourceUnit--RUTimeSegment-0-vhi\")])[1]"}
RESULT: {"using":"xpath","value":"(//span[contains(@id ,\"manageresources-display-component---newResourceUnit--RUTimeSegment-0-vhi\")])[1]"}
COMMAND: GET /session/a49a846f150ab9031b86585360f30ac3/element/f.6CD6B7C80D08F775EB7D2FFF8B2C9AB5.d.774F3988F2CE5CE542CF8DB00D3475E1.e.14973/rect - {}
RESULT: {}
COMMAND: GET /session/a49a846f150ab9031b86585360f30ac3/window/rect - {}
RESULT: {}
COMMAND: POST /session/a49a846f150ab9031b86585360f30ac3/execute/sync - {"script":"<script> [92 bytes]","args":[]}
RESULT: {"script":"<script> [92 bytes]","args":[]}
COMMAND: POST /session/a49a846f150ab9031b86585360f30ac3/actions - {"actions":[{"id":"action52","type":"wheel","parameters":{},"actions":[{"type":"scroll","x":-869,"y":-24,"deltaX":0,"deltaY":0,"duration":0,"origin":{"element-6066-11e4-a52e-4f735466cecf":"f.6CD6B7C80D08F775EB7D2FFF8B2C9AB5.d.774F3988F2CE5CE542CF8DB00D3475E1.e.14973"}}]}]}
COMMAND: GET /session/a49a846f150ab9031b86585360f30ac3/screenshot - {}
RESULT: {"actions":[{"id":"action52","type":"wheel","parameters":{},"actions":[{"type":"scroll","x":-869,"y":-24,"deltaX":0,"deltaY":0,"duration":0,"origin":{"element-6066-11e4-a52e-4f735466cecf":"f.6CD6B7C80D08F775EB7D2FFF8B2C9AB5.d.774F3988F2CE5CE542CF8DB00D3475E1.e.14973"}}]}]}
COMMAND: DELETE /session/a49a846f150ab9031b86585360f30ac3/actions - {}
COMMAND: GET /session/a49a846f150ab9031b86585360f30ac3/screenshot - {}
RESULT: {}
RESULT: {}
COMMAND: GET /session/a49a846f150ab9031b86585360f30ac3/screenshot - {}
RESULT: {}
RESULT: {}
COMMAND: POST /session/a49a846f150ab9031b86585360f30ac3/element/f.6CD6B7C80D08F775EB7D2FFF8B2C9AB5.d.774F3988F2CE5CE542CF8DB00D3475E1.e.14973/click - {}
RESULT: {}
COMMAND: GET /session/a49a846f150ab9031b86585360f30ac3/screenshot - {}
RESULT: {}
COMMAND: POST /session/a49a846f150ab9031b86585360f30ac3/execute/async - {"script":"<script> [1562 bytes]","args":[{"selector":{"controlType":"sap.m.SearchField","properties":{"placeholder":"Search"},"searchOpenDialogs":true,"interaction":{"idSuffix":"I"}},"wdio_ui5_key":"sapm.SearchField{\"placeholder\":\"Search\"}"}]}
RESULT: {"script":"<script> [1562 bytes]","args":[{"selector":{"controlType":"sap.m.SearchField","properties":{"placeholder":"Search"},"searchOpenDialogs":true,"interaction":{"idSuffix":"I"}},"wdio_ui5_key":"sapm.SearchField{\"placeholder\":\"Search\"}"}]}
RESULT: undefined
COMMAND: POST /session/a49a846f150ab9031b86585360f30ac3/execute/async - {"script":"<script> [776 bytes]","args":[{"enterText":"4000360","selector":{"controlType":"sap.m.SearchField","properties":{"placeholder":"Search"},"searchOpenDialogs":true,"interaction":{"idSuffix":"I"}},"clearTextFirst":true,"interactionType":"ENTER_TEXT"}]}
RESULT: {"script":"<script> [776 bytes]","args":[{"enterText":"4000360","selector":{"controlType":"sap.m.SearchField","properties":{"placeholder":"Search"},"searchOpenDialogs":true,"interaction":{"idSuffix":"I"}},"clearTextFirst":true,"interactionType":"ENTER_TEXT"}]}
COMMAND: POST /session/a49a846f150ab9031b86585360f30ac3/actions - {"actions":[{"id":"action53","type":"key","parameters":{},"actions":[{"type":"keyDown","value":"î€‡"},{"type":"pause","duration":10},{"type":"keyUp","value":"î€‡"}]}]}
RESULT: {"actions":[{"id":"action53","type":"key","parameters":{},"actions":[{"type":"keyDown","value":"î€‡"},{"type":"pause","duration":10},{"type":"keyUp","value":"î€‡"}]}]}
COMMAND: GET /session/a49a846f150ab9031b86585360f30ac3/screenshot - {}
RESULT: {}
COMMAND: POST /session/a49a846f150ab9031b86585360f30ac3/element - {"using":"xpath","value":"//td/div/span[contains(text(), \"BGL Vehicles\")]"}
RESULT: {"using":"xpath","value":"//td/div/span[contains(text(), \"BGL Vehicles\")]"}
COMMAND: POST /session/a49a846f150ab9031b86585360f30ac3/element/f.6CD6B7C80D08F775EB7D2FFF8B2C9AB5.d.774F3988F2CE5CE542CF8DB00D3475E1.e.14995/click - {}
RESULT: {}
COMMAND: GET /session/a49a846f150ab9031b86585360f30ac3/screenshot - {}
RESULT: {}
COMMAND: POST /session/a49a846f150ab9031b86585360f30ac3/element - {"using":"xpath","value":"//bdi[contains(text(), \"OK\")]"}
RESULT: {"using":"xpath","value":"//bdi[contains(text(), \"OK\")]"}
COMMAND: POST /session/a49a846f150ab9031b86585360f30ac3/element/f.6CD6B7C80D08F775EB7D2FFF8B2C9AB5.d.774F3988F2CE5CE542CF8DB00D3475E1.e.14996/click - {}
RESULT: {}
COMMAND: GET /session/a49a846f150ab9031b86585360f30ac3/screenshot - {}
RESULT: {}
COMMAND: POST /session/a49a846f150ab9031b86585360f30ac3/execute/async - {"script":"<script> [1562 bytes]","args":[{"selector":{"id":"application-manageresources-display-component---newResourceUnit--newRRUPage-anchBar-application-manageresources-display-component---newResourceUnit--resource-anchor","interaction":{"idSuffix":"BDI-content"}},"wdio_ui5_key":"applicationmanageresources-display-component---newResourceUnit--newRRUPage-anchBar-application-manageresources-display-component---newResourceUnit--resource-anchor"}]}
RESULT: {"script":"<script> [1562 bytes]","args":[{"selector":{"id":"application-manageresources-display-component---newResourceUnit--newRRUPage-anchBar-application-manageresources-display-component---newResourceUnit--resource-anchor","interaction":{"idSuffix":"BDI-content"}},"wdio_ui5_key":"applicationmanageresources-display-component---newResourceUnit--newRRUPage-anchBar-application-manageresources-display-component---newResourceUnit--resource-anchor"}]}
RESULT: undefined
COMMAND: POST /session/a49a846f150ab9031b86585360f30ac3/element - {"using":"xpath","value":"//*[@id=\"application-manageresources-display-component---newResourceUnit--newRRUPage-anchBar-application-manageresources-display-component---newResourceUnit--resource-anchor\"]"}
RESULT: {"using":"xpath","value":"//*[@id=\"application-manageresources-display-component---newResourceUnit--newRRUPage-anchBar-application-manageresources-display-component---newResourceUnit--resource-anchor\"]"}
COMMAND: POST /session/a49a846f150ab9031b86585360f30ac3/element/f.6CD6B7C80D08F775EB7D2FFF8B2C9AB5.d.774F3988F2CE5CE542CF8DB00D3475E1.e.15000/click - {}
RESULT: {}
COMMAND: POST /session/a49a846f150ab9031b86585360f30ac3/execute/async - {"script":"<script> [1562 bytes]","args":[{"selector":{"id":"application-manageresources-display-component---newResourceUnit--PLANNED_DELIVERY_DATE","interaction":{"idSuffix":"inner"}},"wdio_ui5_key":"applicationmanageresources-display-component---newResourceUnit--PLANNED_DELIVERY_DATE"}]}
COMMAND: GET /session/a49a846f150ab9031b86585360f30ac3/screenshot - {}
RESULT: {"script":"<script> [1562 bytes]","args":[{"selector":{"id":"application-manageresources-display-component---newResourceUnit--PLANNED_DELIVERY_DATE","interaction":{"idSuffix":"inner"}},"wdio_ui5_key":"applicationmanageresources-display-component---newResourceUnit--PLANNED_DELIVERY_DATE"}]}
RESULT: undefined
COMMAND: POST /session/a49a846f150ab9031b86585360f30ac3/execute/async - {"script":"<script> [6424 bytes]","args":[{"element-6066-11e4-a52e-4f735466cecf":"f.6CD6B7C80D08F775EB7D2FFF8B2C9AB5.d.774F3988F2CE5CE542CF8DB00D3475E1.e.14861"},"setValue",["4/29/25"]]}
RESULT: {}
RESULT: {"script":"<script> [6424 bytes]","args":[{"element-6066-11e4-a52e-4f735466cecf":"f.6CD6B7C80D08F775EB7D2FFF8B2C9AB5.d.774F3988F2CE5CE542CF8DB00D3475E1.e.14861"},"setValue",["4/29/25"]]}
COMMAND: POST /session/a49a846f150ab9031b86585360f30ac3/element - {"using":"xpath","value":"//button[@data-kt=\"resourceUnitSaveButton\"]"}
RESULT: {"using":"xpath","value":"//button[@data-kt=\"resourceUnitSaveButton\"]"}
COMMAND: POST /session/a49a846f150ab9031b86585360f30ac3/element/f.6CD6B7C80D08F775EB7D2FFF8B2C9AB5.d.774F3988F2CE5CE542CF8DB00D3475E1.e.14821/click - {}
RESULT: {}
COMMAND: GET /session/a49a846f150ab9031b86585360f30ac3/screenshot - {}
RESULT: {}
COMMAND: POST /session/a49a846f150ab9031b86585360f30ac3/element - {"using":"xpath","value":"//bdi[contains(text(), \"Close\")]"}
RESULT: {"using":"xpath","value":"//bdi[contains(text(), \"Close\")]"}
COMMAND: POST /session/a49a846f150ab9031b86585360f30ac3/element/f.6CD6B7C80D08F775EB7D2FFF8B2C9AB5.d.774F3988F2CE5CE542CF8DB00D3475E1.e.15008/click - {}
RESULT: {}
COMMAND: GET /session/a49a846f150ab9031b86585360f30ac3/screenshot - {}
RESULT: {}
COMMAND: POST /session/a49a846f150ab9031b86585360f30ac3/element - {"using":"xpath","value":"(//button[contains(@id ,\"actionsToolbar-overflowButton\")])[1]"}
RESULT: {"using":"xpath","value":"(//button[contains(@id ,\"actionsToolbar-overflowButton\")])[1]"}
COMMAND: POST /session/a49a846f150ab9031b86585360f30ac3/element/f.6CD6B7C80D08F775EB7D2FFF8B2C9AB5.d.774F3988F2CE5CE542CF8DB00D3475E1.e.15063/click - {}
RESULT: {}
COMMAND: GET /session/a49a846f150ab9031b86585360f30ac3/screenshot - {}
RESULT: {}
COMMAND: POST /session/a49a846f150ab9031b86585360f30ac3/element - {"using":"xpath","value":"//button[@data-kt=\"priceInfoButton\"]"}
RESULT: {"using":"xpath","value":"//button[@data-kt=\"priceInfoButton\"]"}
COMMAND: POST /session/a49a846f150ab9031b86585360f30ac3/element/f.6CD6B7C80D08F775EB7D2FFF8B2C9AB5.d.774F3988F2CE5CE542CF8DB00D3475E1.e.15065/click - {}
RESULT: {}
COMMAND: GET /session/a49a846f150ab9031b86585360f30ac3/screenshot - {}
RESULT: {}
]]></system-out>
    </testcase>
    <testcase classname="chrome.135_0_7049_96.windows.Performance_based_billing_(work_days)_US139742" name="Should create a pricing rule perf based on the equipment" time="51.886">
      <system-out><![CDATA[
COMMAND: POST /session/a49a846f150ab9031b86585360f30ac3/element - {"using":"xpath","value":"//button[@data-kt=\"addButton\"]"}
RESULT: {"using":"xpath","value":"//button[@data-kt=\"addButton\"]"}
COMMAND: POST /session/a49a846f150ab9031b86585360f30ac3/elements - {"using":"xpath","value":"//button[@data-kt=\"addButton\"]"}
RESULT: {"using":"xpath","value":"//button[@data-kt=\"addButton\"]"}
COMMAND: POST /session/a49a846f150ab9031b86585360f30ac3/execute/sync - {"script":"<script> [8489 bytes]","args":[{"element-6066-11e4-a52e-4f735466cecf":"f.6CD6B7C80D08F775EB7D2FFF8B2C9AB5.d.774F3988F2CE5CE542CF8DB00D3475E1.e.15101","ELEMENT":"f.6CD6B7C80D08F775EB7D2FFF8B2C9AB5.d.774F3988F2CE5CE542CF8DB00D3475E1.e.15101"}]}
RESULT: {"script":"<script> [8489 bytes]","args":[{"element-6066-11e4-a52e-4f735466cecf":"f.6CD6B7C80D08F775EB7D2FFF8B2C9AB5.d.774F3988F2CE5CE542CF8DB00D3475E1.e.15101","ELEMENT":"f.6CD6B7C80D08F775EB7D2FFF8B2C9AB5.d.774F3988F2CE5CE542CF8DB00D3475E1.e.15101"}]}
COMMAND: GET /session/a49a846f150ab9031b86585360f30ac3/element/f.6CD6B7C80D08F775EB7D2FFF8B2C9AB5.d.774F3988F2CE5CE542CF8DB00D3475E1.e.15101/enabled - {}
COMMAND: GET /session/a49a846f150ab9031b86585360f30ac3/screenshot - {}
RESULT: {}
COMMAND: POST /session/a49a846f150ab9031b86585360f30ac3/execute/sync - {"script":"<script> [8489 bytes]","args":[{"element-6066-11e4-a52e-4f735466cecf":"f.6CD6B7C80D08F775EB7D2FFF8B2C9AB5.d.774F3988F2CE5CE542CF8DB00D3475E1.e.15101","ELEMENT":"f.6CD6B7C80D08F775EB7D2FFF8B2C9AB5.d.774F3988F2CE5CE542CF8DB00D3475E1.e.15101"}]}
COMMAND: GET /session/a49a846f150ab9031b86585360f30ac3/screenshot - {}
RESULT: {}
RESULT: {"script":"<script> [8489 bytes]","args":[{"element-6066-11e4-a52e-4f735466cecf":"f.6CD6B7C80D08F775EB7D2FFF8B2C9AB5.d.774F3988F2CE5CE542CF8DB00D3475E1.e.15101","ELEMENT":"f.6CD6B7C80D08F775EB7D2FFF8B2C9AB5.d.774F3988F2CE5CE542CF8DB00D3475E1.e.15101"}]}
COMMAND: POST /session/a49a846f150ab9031b86585360f30ac3/execute/sync - {"script":"<script> [5351 bytes]","args":[{"element-6066-11e4-a52e-4f735466cecf":"f.6CD6B7C80D08F775EB7D2FFF8B2C9AB5.d.774F3988F2CE5CE542CF8DB00D3475E1.e.15101","ELEMENT":"f.6CD6B7C80D08F775EB7D2FFF8B2C9AB5.d.774F3988F2CE5CE542CF8DB00D3475E1.e.15101"}]}
COMMAND: GET /session/a49a846f150ab9031b86585360f30ac3/screenshot - {}
RESULT: {}
RESULT: {"script":"<script> [5351 bytes]","args":[{"element-6066-11e4-a52e-4f735466cecf":"f.6CD6B7C80D08F775EB7D2FFF8B2C9AB5.d.774F3988F2CE5CE542CF8DB00D3475E1.e.15101","ELEMENT":"f.6CD6B7C80D08F775EB7D2FFF8B2C9AB5.d.774F3988F2CE5CE542CF8DB00D3475E1.e.15101"}]}
COMMAND: POST /session/a49a846f150ab9031b86585360f30ac3/element/f.6CD6B7C80D08F775EB7D2FFF8B2C9AB5.d.774F3988F2CE5CE542CF8DB00D3475E1.e.15101/click - {}
COMMAND: GET /session/a49a846f150ab9031b86585360f30ac3/screenshot - {}
RESULT: {}
RESULT: {}
COMMAND: GET /session/a49a846f150ab9031b86585360f30ac3/screenshot - {}
RESULT: {}
RESULT: {}
COMMAND: POST /session/a49a846f150ab9031b86585360f30ac3/execute/async - {"script":"<script> [1562 bytes]","args":[{"selector":{"controlType":"sap.m.Title","viewName":"etm.portal.ui.managepricingrules.view.NewItem","viewId":"application-managepricingrules-display-component---newInfoPriceItem","properties":{"text":"New Pricing Rules - Item Level"}},"wdio_ui5_key":"etmportal.ui.managepricingrules.view.NewItemsap.m.Title{\"text\":\"New Pricing Rules - Item Level\"}"}]}
RESULT: {"script":"<script> [1562 bytes]","args":[{"selector":{"controlType":"sap.m.Title","viewName":"etm.portal.ui.managepricingrules.view.NewItem","viewId":"application-managepricingrules-display-component---newInfoPriceItem","properties":{"text":"New Pricing Rules - Item Level"}},"wdio_ui5_key":"etmportal.ui.managepricingrules.view.NewItemsap.m.Title{\"text\":\"New Pricing Rules - Item Level\"}"}]}
RESULT: undefined
COMMAND: POST /session/a49a846f150ab9031b86585360f30ac3/execute/async - {"script":"<script> [6424 bytes]","args":[{"element-6066-11e4-a52e-4f735466cecf":"f.6CD6B7C80D08F775EB7D2FFF8B2C9AB5.d.774F3988F2CE5CE542CF8DB00D3475E1.e.15271"},"getText",[]]}
RESULT: {"script":"<script> [6424 bytes]","args":[{"element-6066-11e4-a52e-4f735466cecf":"f.6CD6B7C80D08F775EB7D2FFF8B2C9AB5.d.774F3988F2CE5CE542CF8DB00D3475E1.e.15271"},"getText",[]]}
COMMAND: POST /session/a49a846f150ab9031b86585360f30ac3/execute/async - {"script":"<script> [1562 bytes]","args":[{"selector":{"id":"application-managepricingrules-display-component---newInfoPriceItem--condValidTo","interaction":{"idSuffix":"inner"}},"wdio_ui5_key":"applicationmanagepricingrules-display-component---newInfoPriceItem--condValidTo"}]}
RESULT: {"script":"<script> [1562 bytes]","args":[{"selector":{"id":"application-managepricingrules-display-component---newInfoPriceItem--condValidTo","interaction":{"idSuffix":"inner"}},"wdio_ui5_key":"applicationmanagepricingrules-display-component---newInfoPriceItem--condValidTo"}]}
RESULT: undefined
COMMAND: POST /session/a49a846f150ab9031b86585360f30ac3/execute/async - {"script":"<script> [776 bytes]","args":[{"enterText":"12/29/25","selector":{"id":"application-managepricingrules-display-component---newInfoPriceItem--condValidTo","interaction":{"idSuffix":"inner"}},"clearTextFirst":true,"interactionType":"ENTER_TEXT"}]}
RESULT: {"script":"<script> [776 bytes]","args":[{"enterText":"12/29/25","selector":{"id":"application-managepricingrules-display-component---newInfoPriceItem--condValidTo","interaction":{"idSuffix":"inner"}},"clearTextFirst":true,"interactionType":"ENTER_TEXT"}]}
COMMAND: POST /session/a49a846f150ab9031b86585360f30ac3/execute/async - {"script":"<script> [1562 bytes]","args":[{"selector":{"id":"application-managepricingrules-display-component---newInfoPriceItem--billType-arrow"},"wdio_ui5_key":"applicationmanagepricingrules-display-component---newInfoPriceItem--billType-arrow"}]}
RESULT: {"script":"<script> [1562 bytes]","args":[{"selector":{"id":"application-managepricingrules-display-component---newInfoPriceItem--billType-arrow"},"wdio_ui5_key":"applicationmanagepricingrules-display-component---newInfoPriceItem--billType-arrow"}]}
RESULT: undefined
COMMAND: POST /session/a49a846f150ab9031b86585360f30ac3/element - {"using":"xpath","value":"//*[@id=\"application-managepricingrules-display-component---newInfoPriceItem--billType-arrow\"]"}
RESULT: {"using":"xpath","value":"//*[@id=\"application-managepricingrules-display-component---newInfoPriceItem--billType-arrow\"]"}
COMMAND: POST /session/a49a846f150ab9031b86585360f30ac3/element/f.6CD6B7C80D08F775EB7D2FFF8B2C9AB5.d.774F3988F2CE5CE542CF8DB00D3475E1.e.15231/click - {}
RESULT: {}
COMMAND: POST /session/a49a846f150ab9031b86585360f30ac3/element - {"using":"xpath","value":"//span[contains(text(), \"PB - Performance based\")]"}
COMMAND: GET /session/a49a846f150ab9031b86585360f30ac3/screenshot - {}
RESULT: {"using":"xpath","value":"//span[contains(text(), \"PB - Performance based\")]"}
COMMAND: POST /session/a49a846f150ab9031b86585360f30ac3/element/f.6CD6B7C80D08F775EB7D2FFF8B2C9AB5.d.774F3988F2CE5CE542CF8DB00D3475E1.e.15273/click - {}
RESULT: {}
RESULT: {}
COMMAND: POST /session/a49a846f150ab9031b86585360f30ac3/execute/async - {"script":"<script> [1562 bytes]","args":[{"selector":{"id":"application-managepricingrules-display-component---newInfoPriceItem--priceProc-arrow"},"wdio_ui5_key":"applicationmanagepricingrules-display-component---newInfoPriceItem--priceProc-arrow"}]}
COMMAND: GET /session/a49a846f150ab9031b86585360f30ac3/screenshot - {}
RESULT: {"script":"<script> [1562 bytes]","args":[{"selector":{"id":"application-managepricingrules-display-component---newInfoPriceItem--priceProc-arrow"},"wdio_ui5_key":"applicationmanagepricingrules-display-component---newInfoPriceItem--priceProc-arrow"}]}
RESULT: undefined
COMMAND: POST /session/a49a846f150ab9031b86585360f30ac3/element - {"using":"xpath","value":"//*[@id=\"application-managepricingrules-display-component---newInfoPriceItem--priceProc-arrow\"]"}
RESULT: {}
RESULT: {"using":"xpath","value":"//*[@id=\"application-managepricingrules-display-component---newInfoPriceItem--priceProc-arrow\"]"}
COMMAND: POST /session/a49a846f150ab9031b86585360f30ac3/element/f.6CD6B7C80D08F775EB7D2FFF8B2C9AB5.d.774F3988F2CE5CE542CF8DB00D3475E1.e.15238/click - {}
RESULT: {}
COMMAND: POST /session/a49a846f150ab9031b86585360f30ac3/element - {"using":"xpath","value":"//span[contains(text(), \"PRF - Performance based\")]"}
COMMAND: GET /session/a49a846f150ab9031b86585360f30ac3/screenshot - {}
RESULT: {"using":"xpath","value":"//span[contains(text(), \"PRF - Performance based\")]"}
COMMAND: POST /session/a49a846f150ab9031b86585360f30ac3/element/f.6CD6B7C80D08F775EB7D2FFF8B2C9AB5.d.774F3988F2CE5CE542CF8DB00D3475E1.e.15274/click - {}
RESULT: {}
RESULT: {}
COMMAND: POST /session/a49a846f150ab9031b86585360f30ac3/execute/async - {"script":"<script> [1562 bytes]","args":[{"selector":{"id":"application-managepricingrules-display-component---newInfoPriceItem--calcBase-arrow"},"wdio_ui5_key":"applicationmanagepricingrules-display-component---newInfoPriceItem--calcBase-arrow"}]}
COMMAND: GET /session/a49a846f150ab9031b86585360f30ac3/screenshot - {}
RESULT: {"script":"<script> [1562 bytes]","args":[{"selector":{"id":"application-managepricingrules-display-component---newInfoPriceItem--calcBase-arrow"},"wdio_ui5_key":"applicationmanagepricingrules-display-component---newInfoPriceItem--calcBase-arrow"}]}
RESULT: undefined
COMMAND: POST /session/a49a846f150ab9031b86585360f30ac3/element - {"using":"xpath","value":"//*[@id=\"application-managepricingrules-display-component---newInfoPriceItem--calcBase-arrow\"]"}
RESULT: {}
RESULT: {"using":"xpath","value":"//*[@id=\"application-managepricingrules-display-component---newInfoPriceItem--calcBase-arrow\"]"}
COMMAND: POST /session/a49a846f150ab9031b86585360f30ac3/element/f.6CD6B7C80D08F775EB7D2FFF8B2C9AB5.d.774F3988F2CE5CE542CF8DB00D3475E1.e.15245/click - {}
RESULT: {}
COMMAND: GET /session/a49a846f150ab9031b86585360f30ac3/screenshot - {}
RESULT: {}
COMMAND: POST /session/a49a846f150ab9031b86585360f30ac3/element - {"using":"xpath","value":"//span[contains(text(), \"0007 - PB(work days)\")]"}
RESULT: {"using":"xpath","value":"//span[contains(text(), \"0007 - PB(work days)\")]"}
COMMAND: POST /session/a49a846f150ab9031b86585360f30ac3/element/f.6CD6B7C80D08F775EB7D2FFF8B2C9AB5.d.774F3988F2CE5CE542CF8DB00D3475E1.e.15275/click - {}
RESULT: {}
COMMAND: GET /session/a49a846f150ab9031b86585360f30ac3/screenshot - {}
RESULT: {}
COMMAND: POST /session/a49a846f150ab9031b86585360f30ac3/execute/async - {"script":"<script> [1562 bytes]","args":[{"selector":{"id":"application-managepricingrules-display-component---newInfoPriceItem--hoursMonth","interaction":{"idSuffix":"inner"}},"wdio_ui5_key":"applicationmanagepricingrules-display-component---newInfoPriceItem--hoursMonth"}]}
RESULT: {"script":"<script> [1562 bytes]","args":[{"selector":{"id":"application-managepricingrules-display-component---newInfoPriceItem--hoursMonth","interaction":{"idSuffix":"inner"}},"wdio_ui5_key":"applicationmanagepricingrules-display-component---newInfoPriceItem--hoursMonth"}]}
RESULT: undefined
COMMAND: POST /session/a49a846f150ab9031b86585360f30ac3/execute/async - {"script":"<script> [776 bytes]","args":[{"enterText":"160","selector":{"id":"application-managepricingrules-display-component---newInfoPriceItem--hoursMonth","interaction":{"idSuffix":"inner"}},"clearTextFirst":true,"interactionType":"ENTER_TEXT"}]}
RESULT: {"script":"<script> [776 bytes]","args":[{"enterText":"160","selector":{"id":"application-managepricingrules-display-component---newInfoPriceItem--hoursMonth","interaction":{"idSuffix":"inner"}},"clearTextFirst":true,"interactionType":"ENTER_TEXT"}]}
COMMAND: POST /session/a49a846f150ab9031b86585360f30ac3/element - {"using":"xpath","value":"//button[@data-kt=\"saveNewRuleButton\"]"}
RESULT: {"using":"xpath","value":"//button[@data-kt=\"saveNewRuleButton\"]"}
COMMAND: POST /session/a49a846f150ab9031b86585360f30ac3/element/f.6CD6B7C80D08F775EB7D2FFF8B2C9AB5.d.774F3988F2CE5CE542CF8DB00D3475E1.e.15265/click - {}
RESULT: {}
COMMAND: GET /session/a49a846f150ab9031b86585360f30ac3/screenshot - {}
RESULT: {}
COMMAND: POST /session/a49a846f150ab9031b86585360f30ac3/execute/async - {"script":"<script> [1562 bytes]","args":[{"selector":{"id":"application-managepricingrules-display-component---priceInfoItem--smartFilterBar-btnBasicSearch","interaction":{"idSuffix":"I"}},"wdio_ui5_key":"applicationmanagepricingrules-display-component---priceInfoItem--smartFilterBar-btnBasicSearch"}]}
RESULT: {"script":"<script> [1562 bytes]","args":[{"selector":{"id":"application-managepricingrules-display-component---priceInfoItem--smartFilterBar-btnBasicSearch","interaction":{"idSuffix":"I"}},"wdio_ui5_key":"applicationmanagepricingrules-display-component---priceInfoItem--smartFilterBar-btnBasicSearch"}]}
RESULT: undefined
COMMAND: POST /session/a49a846f150ab9031b86585360f30ac3/execute/async - {"script":"<script> [776 bytes]","args":[{"enterText":"T7Ebv6YAyG","selector":{"id":"application-managepricingrules-display-component---priceInfoItem--smartFilterBar-btnBasicSearch","interaction":{"idSuffix":"I"}},"clearTextFirst":true,"interactionType":"ENTER_TEXT"}]}
RESULT: {"script":"<script> [776 bytes]","args":[{"enterText":"T7Ebv6YAyG","selector":{"id":"application-managepricingrules-display-component---priceInfoItem--smartFilterBar-btnBasicSearch","interaction":{"idSuffix":"I"}},"clearTextFirst":true,"interactionType":"ENTER_TEXT"}]}
COMMAND: POST /session/a49a846f150ab9031b86585360f30ac3/actions - {"actions":[{"id":"action54","type":"key","parameters":{},"actions":[{"type":"keyDown","value":"î€‡"},{"type":"pause","duration":10},{"type":"keyUp","value":"î€‡"}]}]}
RESULT: {"actions":[{"id":"action54","type":"key","parameters":{},"actions":[{"type":"keyDown","value":"î€‡"},{"type":"pause","duration":10},{"type":"keyUp","value":"î€‡"}]}]}
COMMAND: GET /session/a49a846f150ab9031b86585360f30ac3/screenshot - {}
RESULT: {}
COMMAND: POST /session/a49a846f150ab9031b86585360f30ac3/element - {"using":"xpath","value":"//span[@id=\"application-managepricingrules-display-component---priceInfoItem--smartTable-header-inner\"]"}
RESULT: {"using":"xpath","value":"//span[@id=\"application-managepricingrules-display-component---priceInfoItem--smartTable-header-inner\"]"}
COMMAND: POST /session/a49a846f150ab9031b86585360f30ac3/elements - {"using":"xpath","value":"//span[@id=\"application-managepricingrules-display-component---priceInfoItem--smartTable-header-inner\"]"}
RESULT: {"using":"xpath","value":"//span[@id=\"application-managepricingrules-display-component---priceInfoItem--smartTable-header-inner\"]"}
COMMAND: POST /session/a49a846f150ab9031b86585360f30ac3/execute/sync - {"script":"<script> [56 bytes]","args":[{"element-6066-11e4-a52e-4f735466cecf":"f.6CD6B7C80D08F775EB7D2FFF8B2C9AB5.d.774F3988F2CE5CE542CF8DB00D3475E1.e.15289","ELEMENT":"f.6CD6B7C80D08F775EB7D2FFF8B2C9AB5.d.774F3988F2CE5CE542CF8DB00D3475E1.e.15289"}]}
RESULT: {"script":"<script> [56 bytes]","args":[{"element-6066-11e4-a52e-4f735466cecf":"f.6CD6B7C80D08F775EB7D2FFF8B2C9AB5.d.774F3988F2CE5CE542CF8DB00D3475E1.e.15289","ELEMENT":"f.6CD6B7C80D08F775EB7D2FFF8B2C9AB5.d.774F3988F2CE5CE542CF8DB00D3475E1.e.15289"}]}
COMMAND: POST /session/a49a846f150ab9031b86585360f30ac3/element - {"using":"css selector","value":"#shell-header-logo"}
COMMAND: GET /session/a49a846f150ab9031b86585360f30ac3/screenshot - {}
RESULT: {"using":"css selector","value":"#shell-header-logo"}
COMMAND: POST /session/a49a846f150ab9031b86585360f30ac3/element/f.6CD6B7C80D08F775EB7D2FFF8B2C9AB5.d.774F3988F2CE5CE542CF8DB00D3475E1.e.14407/click - {}
RESULT: {}
RESULT: {}
COMMAND: GET /session/a49a846f150ab9031b86585360f30ac3/screenshot - {}
RESULT: {}
]]></system-out>
    </testcase>
    <testcase classname="chrome.135_0_7049_96.windows.Performance_based_billing_(work_days)_US139742" name="Should create a performance based billing condition on the equipment" time="63.329">
      <system-out><![CDATA[
COMMAND: POST /session/a49a846f150ab9031b86585360f30ac3/execute/async - {"script":"<script> [1562 bytes]","args":[{"selector":{"controlType":"sap.m.Text","properties":{"text":"Manage Conditions & Prices"},"interaction":{"idSuffix":"inner"}},"wdio_ui5_key":"sapm.Text{\"text\":\"Manage Conditions & Prices\"}"}]}
RESULT: {"script":"<script> [1562 bytes]","args":[{"selector":{"controlType":"sap.m.Text","properties":{"text":"Manage Conditions & Prices"},"interaction":{"idSuffix":"inner"}},"wdio_ui5_key":"sapm.Text{\"text\":\"Manage Conditions & Prices\"}"}]}
RESULT: undefined
COMMAND: POST /session/a49a846f150ab9031b86585360f30ac3/element - {"using":"xpath","value":"//*[@id=\"__tile53-title\"]"}
RESULT: {"using":"xpath","value":"//*[@id=\"__tile53-title\"]"}
COMMAND: POST /session/a49a846f150ab9031b86585360f30ac3/element/f.6CD6B7C80D08F775EB7D2FFF8B2C9AB5.d.774F3988F2CE5CE542CF8DB00D3475E1.e.15292/click - {}
RESULT: {}
COMMAND: POST /session/a49a846f150ab9031b86585360f30ac3/element - {"using":"xpath","value":"//button[@aria-label=\"Create\"]"}
COMMAND: GET /session/a49a846f150ab9031b86585360f30ac3/screenshot - {}
RESULT: {"using":"xpath","value":"//button[@aria-label=\"Create\"]"}
COMMAND: POST /session/a49a846f150ab9031b86585360f30ac3/elements - {"using":"xpath","value":"//button[@aria-label=\"Create\"]"}
RESULT: {}
RESULT: {"using":"xpath","value":"//button[@aria-label=\"Create\"]"}
COMMAND: POST /session/a49a846f150ab9031b86585360f30ac3/element - {"using":"xpath","value":"//button[@aria-label=\"Create\"]"}
RESULT: {"using":"xpath","value":"//button[@aria-label=\"Create\"]"}
COMMAND: POST /session/a49a846f150ab9031b86585360f30ac3/execute/sync - {"script":"<script> [8489 bytes]","args":[{"element-6066-11e4-a52e-4f735466cecf":"f.6CD6B7C80D08F775EB7D2FFF8B2C9AB5.d.774F3988F2CE5CE542CF8DB00D3475E1.e.15326","ELEMENT":"f.6CD6B7C80D08F775EB7D2FFF8B2C9AB5.d.774F3988F2CE5CE542CF8DB00D3475E1.e.15326"}]}
RESULT: {"script":"<script> [8489 bytes]","args":[{"element-6066-11e4-a52e-4f735466cecf":"f.6CD6B7C80D08F775EB7D2FFF8B2C9AB5.d.774F3988F2CE5CE542CF8DB00D3475E1.e.15326","ELEMENT":"f.6CD6B7C80D08F775EB7D2FFF8B2C9AB5.d.774F3988F2CE5CE542CF8DB00D3475E1.e.15326"}]}
COMMAND: GET /session/a49a846f150ab9031b86585360f30ac3/element/f.6CD6B7C80D08F775EB7D2FFF8B2C9AB5.d.774F3988F2CE5CE542CF8DB00D3475E1.e.15326/enabled - {}
COMMAND: GET /session/a49a846f150ab9031b86585360f30ac3/screenshot - {}
RESULT: {}
COMMAND: POST /session/a49a846f150ab9031b86585360f30ac3/execute/sync - {"script":"<script> [8489 bytes]","args":[{"element-6066-11e4-a52e-4f735466cecf":"f.6CD6B7C80D08F775EB7D2FFF8B2C9AB5.d.774F3988F2CE5CE542CF8DB00D3475E1.e.15326","ELEMENT":"f.6CD6B7C80D08F775EB7D2FFF8B2C9AB5.d.774F3988F2CE5CE542CF8DB00D3475E1.e.15326"}]}
COMMAND: GET /session/a49a846f150ab9031b86585360f30ac3/screenshot - {}
RESULT: {}
RESULT: {"script":"<script> [8489 bytes]","args":[{"element-6066-11e4-a52e-4f735466cecf":"f.6CD6B7C80D08F775EB7D2FFF8B2C9AB5.d.774F3988F2CE5CE542CF8DB00D3475E1.e.15326","ELEMENT":"f.6CD6B7C80D08F775EB7D2FFF8B2C9AB5.d.774F3988F2CE5CE542CF8DB00D3475E1.e.15326"}]}
COMMAND: POST /session/a49a846f150ab9031b86585360f30ac3/execute/sync - {"script":"<script> [5351 bytes]","args":[{"element-6066-11e4-a52e-4f735466cecf":"f.6CD6B7C80D08F775EB7D2FFF8B2C9AB5.d.774F3988F2CE5CE542CF8DB00D3475E1.e.15326","ELEMENT":"f.6CD6B7C80D08F775EB7D2FFF8B2C9AB5.d.774F3988F2CE5CE542CF8DB00D3475E1.e.15326"}]}
COMMAND: GET /session/a49a846f150ab9031b86585360f30ac3/screenshot - {}
RESULT: {}
RESULT: {"script":"<script> [5351 bytes]","args":[{"element-6066-11e4-a52e-4f735466cecf":"f.6CD6B7C80D08F775EB7D2FFF8B2C9AB5.d.774F3988F2CE5CE542CF8DB00D3475E1.e.15326","ELEMENT":"f.6CD6B7C80D08F775EB7D2FFF8B2C9AB5.d.774F3988F2CE5CE542CF8DB00D3475E1.e.15326"}]}
COMMAND: POST /session/a49a846f150ab9031b86585360f30ac3/element/f.6CD6B7C80D08F775EB7D2FFF8B2C9AB5.d.774F3988F2CE5CE542CF8DB00D3475E1.e.15326/click - {}
COMMAND: GET /session/a49a846f150ab9031b86585360f30ac3/screenshot - {}
RESULT: {}
RESULT: {}
COMMAND: GET /session/a49a846f150ab9031b86585360f30ac3/screenshot - {}
RESULT: {}
RESULT: {}
COMMAND: POST /session/a49a846f150ab9031b86585360f30ac3/actions - {"actions":[{"id":"action55","type":"key","parameters":{},"actions":[{"type":"keyDown","value":"î€‡"},{"type":"pause","duration":10},{"type":"keyUp","value":"î€‡"}]}]}
RESULT: {"actions":[{"id":"action55","type":"key","parameters":{},"actions":[{"type":"keyDown","value":"î€‡"},{"type":"pause","duration":10},{"type":"keyUp","value":"î€‡"}]}]}
COMMAND: GET /session/a49a846f150ab9031b86585360f30ac3/screenshot - {}
RESULT: {}
COMMAND: POST /session/a49a846f150ab9031b86585360f30ac3/execute/async - {"script":"<script> [1562 bytes]","args":[{"selector":{"id":"application-manageconditionprice-display-component---newCondition--condBillCond-arrow"},"wdio_ui5_key":"applicationmanageconditionprice-display-component---newCondition--condBillCond-arrow"}]}
RESULT: {"script":"<script> [1562 bytes]","args":[{"selector":{"id":"application-manageconditionprice-display-component---newCondition--condBillCond-arrow"},"wdio_ui5_key":"applicationmanageconditionprice-display-component---newCondition--condBillCond-arrow"}]}
RESULT: undefined
COMMAND: POST /session/a49a846f150ab9031b86585360f30ac3/element - {"using":"xpath","value":"//*[@id=\"application-manageconditionprice-display-component---newCondition--condBillCond-arrow\"]"}
RESULT: {"using":"xpath","value":"//*[@id=\"application-manageconditionprice-display-component---newCondition--condBillCond-arrow\"]"}
COMMAND: POST /session/a49a846f150ab9031b86585360f30ac3/element/f.6CD6B7C80D08F775EB7D2FFF8B2C9AB5.d.774F3988F2CE5CE542CF8DB00D3475E1.e.15506/click - {}
RESULT: {}
COMMAND: GET /session/a49a846f150ab9031b86585360f30ac3/screenshot - {}
RESULT: {}
COMMAND: POST /session/a49a846f150ab9031b86585360f30ac3/element - {"using":"xpath","value":"//li[.//span[contains(text(), \"PC06 - Performance Price - fuel\")]]"}
RESULT: {"using":"xpath","value":"//li[.//span[contains(text(), \"PC06 - Performance Price - fuel\")]]"}
COMMAND: POST /session/a49a846f150ab9031b86585360f30ac3/element/f.6CD6B7C80D08F775EB7D2FFF8B2C9AB5.d.774F3988F2CE5CE542CF8DB00D3475E1.e.15509/click - {}
RESULT: {}
COMMAND: GET /session/a49a846f150ab9031b86585360f30ac3/screenshot - {}
RESULT: {}
COMMAND: POST /session/a49a846f150ab9031b86585360f30ac3/execute/async - {"script":"<script> [1562 bytes]","args":[{"selector":{"id":"application-manageconditionprice-display-component---newCondition--condValidTo","interaction":{"idSuffix":"inner"}},"wdio_ui5_key":"applicationmanageconditionprice-display-component---newCondition--condValidTo"}]}
RESULT: {"script":"<script> [1562 bytes]","args":[{"selector":{"id":"application-manageconditionprice-display-component---newCondition--condValidTo","interaction":{"idSuffix":"inner"}},"wdio_ui5_key":"applicationmanageconditionprice-display-component---newCondition--condValidTo"}]}
RESULT: undefined
COMMAND: POST /session/a49a846f150ab9031b86585360f30ac3/execute/async - {"script":"<script> [776 bytes]","args":[{"enterText":"12/29/25","selector":{"id":"application-manageconditionprice-display-component---newCondition--condValidTo","interaction":{"idSuffix":"inner"}},"clearTextFirst":true,"interactionType":"ENTER_TEXT"}]}
RESULT: {"script":"<script> [776 bytes]","args":[{"enterText":"12/29/25","selector":{"id":"application-manageconditionprice-display-component---newCondition--condValidTo","interaction":{"idSuffix":"inner"}},"clearTextFirst":true,"interactionType":"ENTER_TEXT"}]}
COMMAND: POST /session/a49a846f150ab9031b86585360f30ac3/element - {"using":"xpath","value":"//input[@id=\"application-manageconditionprice-display-component---newCondition--condRU-inner\"]"}
RESULT: {"using":"xpath","value":"//input[@id=\"application-manageconditionprice-display-component---newCondition--condRU-inner\"]"}
COMMAND: POST /session/a49a846f150ab9031b86585360f30ac3/element/f.6CD6B7C80D08F775EB7D2FFF8B2C9AB5.d.774F3988F2CE5CE542CF8DB00D3475E1.e.15370/clear - {}
RESULT: {}
COMMAND: POST /session/a49a846f150ab9031b86585360f30ac3/element/f.6CD6B7C80D08F775EB7D2FFF8B2C9AB5.d.774F3988F2CE5CE542CF8DB00D3475E1.e.15370/value - {"text":"T7Ebv6YAyG"}
COMMAND: GET /session/a49a846f150ab9031b86585360f30ac3/screenshot - {}
RESULT: {"text":"T7Ebv6YAyG"}
COMMAND: GET /session/a49a846f150ab9031b86585360f30ac3/screenshot - {}
RESULT: {}
RESULT: {}
COMMAND: POST /session/a49a846f150ab9031b86585360f30ac3/actions - {"actions":[{"id":"action56","type":"key","parameters":{},"actions":[{"type":"keyDown","value":"î€‡"},{"type":"pause","duration":10},{"type":"keyUp","value":"î€‡"}]}]}
RESULT: {"actions":[{"id":"action56","type":"key","parameters":{},"actions":[{"type":"keyDown","value":"î€‡"},{"type":"pause","duration":10},{"type":"keyUp","value":"î€‡"}]}]}
COMMAND: POST /session/a49a846f150ab9031b86585360f30ac3/execute/async - {"script":"<script> [1562 bytes]","args":[{"selector":{"id":"application-manageconditionprice-display-component---newCondition--condBaseQty","interaction":{"idSuffix":"inner"}},"wdio_ui5_key":"applicationmanageconditionprice-display-component---newCondition--condBaseQty"}]}
COMMAND: GET /session/a49a846f150ab9031b86585360f30ac3/screenshot - {}
RESULT: {"script":"<script> [1562 bytes]","args":[{"selector":{"id":"application-manageconditionprice-display-component---newCondition--condBaseQty","interaction":{"idSuffix":"inner"}},"wdio_ui5_key":"applicationmanageconditionprice-display-component---newCondition--condBaseQty"}]}
RESULT: undefined
COMMAND: POST /session/a49a846f150ab9031b86585360f30ac3/execute/async - {"script":"<script> [776 bytes]","args":[{"enterText":"1","selector":{"id":"application-manageconditionprice-display-component---newCondition--condBaseQty","interaction":{"idSuffix":"inner"}},"clearTextFirst":true,"interactionType":"ENTER_TEXT"}]}
RESULT: {}
RESULT: {"script":"<script> [776 bytes]","args":[{"enterText":"1","selector":{"id":"application-manageconditionprice-display-component---newCondition--condBaseQty","interaction":{"idSuffix":"inner"}},"clearTextFirst":true,"interactionType":"ENTER_TEXT"}]}
COMMAND: POST /session/a49a846f150ab9031b86585360f30ac3/execute/async - {"script":"<script> [1562 bytes]","args":[{"selector":{"id":"application-manageconditionprice-display-component---newCondition--condValue","interaction":{"idSuffix":"inner"}},"wdio_ui5_key":"applicationmanageconditionprice-display-component---newCondition--condValue"}]}
RESULT: {"script":"<script> [1562 bytes]","args":[{"selector":{"id":"application-manageconditionprice-display-component---newCondition--condValue","interaction":{"idSuffix":"inner"}},"wdio_ui5_key":"applicationmanageconditionprice-display-component---newCondition--condValue"}]}
RESULT: undefined
COMMAND: POST /session/a49a846f150ab9031b86585360f30ac3/execute/async - {"script":"<script> [776 bytes]","args":[{"enterText":"10","selector":{"id":"application-manageconditionprice-display-component---newCondition--condValue","interaction":{"idSuffix":"inner"}},"clearTextFirst":true,"interactionType":"ENTER_TEXT"}]}
RESULT: {"script":"<script> [776 bytes]","args":[{"enterText":"10","selector":{"id":"application-manageconditionprice-display-component---newCondition--condValue","interaction":{"idSuffix":"inner"}},"clearTextFirst":true,"interactionType":"ENTER_TEXT"}]}
COMMAND: POST /session/a49a846f150ab9031b86585360f30ac3/execute/async - {"script":"<script> [1562 bytes]","args":[{"selector":{"id":"application-manageconditionprice-display-component---newCondition--condCurr-arrow"},"wdio_ui5_key":"applicationmanageconditionprice-display-component---newCondition--condCurr-arrow"}]}
RESULT: {"script":"<script> [1562 bytes]","args":[{"selector":{"id":"application-manageconditionprice-display-component---newCondition--condCurr-arrow"},"wdio_ui5_key":"applicationmanageconditionprice-display-component---newCondition--condCurr-arrow"}]}
RESULT: undefined
COMMAND: POST /session/a49a846f150ab9031b86585360f30ac3/element - {"using":"xpath","value":"//*[@id=\"application-manageconditionprice-display-component---newCondition--condCurr-arrow\"]"}
RESULT: {"using":"xpath","value":"//*[@id=\"application-manageconditionprice-display-component---newCondition--condCurr-arrow\"]"}
COMMAND: POST /session/a49a846f150ab9031b86585360f30ac3/element/f.6CD6B7C80D08F775EB7D2FFF8B2C9AB5.d.774F3988F2CE5CE542CF8DB00D3475E1.e.15473/click - {}
RESULT: {}
COMMAND: POST /session/a49a846f150ab9031b86585360f30ac3/element - {"using":"xpath","value":"//span[contains(text(), \"Euro\")]"}
COMMAND: GET /session/a49a846f150ab9031b86585360f30ac3/screenshot - {}
RESULT: {"using":"xpath","value":"//span[contains(text(), \"Euro\")]"}
COMMAND: POST /session/a49a846f150ab9031b86585360f30ac3/element/f.6CD6B7C80D08F775EB7D2FFF8B2C9AB5.d.774F3988F2CE5CE542CF8DB00D3475E1.e.15544/click - {}
RESULT: {}
RESULT: {}
COMMAND: POST /session/a49a846f150ab9031b86585360f30ac3/element - {"using":"xpath","value":"//button[@data-kt=\"saveButton\"]"}
COMMAND: GET /session/a49a846f150ab9031b86585360f30ac3/screenshot - {}
RESULT: {"using":"xpath","value":"//button[@data-kt=\"saveButton\"]"}
COMMAND: POST /session/a49a846f150ab9031b86585360f30ac3/element/f.6CD6B7C80D08F775EB7D2FFF8B2C9AB5.d.774F3988F2CE5CE542CF8DB00D3475E1.e.15474/click - {}
RESULT: {}
RESULT: {}
COMMAND: GET /session/a49a846f150ab9031b86585360f30ac3/screenshot - {}
RESULT: {}
COMMAND: POST /session/a49a846f150ab9031b86585360f30ac3/execute/async - {"script":"<script> [1562 bytes]","args":[{"selector":{"id":"application-manageconditionprice-display-component---conditions--smartFilterBar-btnBasicSearch","interaction":{"idSuffix":"I"}},"wdio_ui5_key":"applicationmanageconditionprice-display-component---conditions--smartFilterBar-btnBasicSearch"}]}
RESULT: {"script":"<script> [1562 bytes]","args":[{"selector":{"id":"application-manageconditionprice-display-component---conditions--smartFilterBar-btnBasicSearch","interaction":{"idSuffix":"I"}},"wdio_ui5_key":"applicationmanageconditionprice-display-component---conditions--smartFilterBar-btnBasicSearch"}]}
RESULT: undefined
COMMAND: POST /session/a49a846f150ab9031b86585360f30ac3/execute/async - {"script":"<script> [776 bytes]","args":[{"enterText":"T7Ebv6YAyG","selector":{"id":"application-manageconditionprice-display-component---conditions--smartFilterBar-btnBasicSearch","interaction":{"idSuffix":"I"}},"clearTextFirst":true,"interactionType":"ENTER_TEXT"}]}
RESULT: {"script":"<script> [776 bytes]","args":[{"enterText":"T7Ebv6YAyG","selector":{"id":"application-manageconditionprice-display-component---conditions--smartFilterBar-btnBasicSearch","interaction":{"idSuffix":"I"}},"clearTextFirst":true,"interactionType":"ENTER_TEXT"}]}
COMMAND: POST /session/a49a846f150ab9031b86585360f30ac3/actions - {"actions":[{"id":"action57","type":"key","parameters":{},"actions":[{"type":"keyDown","value":"î€‡"},{"type":"pause","duration":10},{"type":"keyUp","value":"î€‡"}]}]}
RESULT: {"actions":[{"id":"action57","type":"key","parameters":{},"actions":[{"type":"keyDown","value":"î€‡"},{"type":"pause","duration":10},{"type":"keyUp","value":"î€‡"}]}]}
COMMAND: GET /session/a49a846f150ab9031b86585360f30ac3/screenshot - {}
RESULT: {}
COMMAND: POST /session/a49a846f150ab9031b86585360f30ac3/execute/async - {"script":"<script> [1562 bytes]","args":[{"selector":{"id":"application-manageconditionprice-display-component---conditions--smartFilterBar-filterItemControl_BASIC-BILL_TYPES-vhi"},"wdio_ui5_key":"applicationmanageconditionprice-display-component---conditions--smartFilterBar-filterItemControl_BASIC-BILL_TYPES-vhi"}]}
RESULT: {"script":"<script> [1562 bytes]","args":[{"selector":{"id":"application-manageconditionprice-display-component---conditions--smartFilterBar-filterItemControl_BASIC-BILL_TYPES-vhi"},"wdio_ui5_key":"applicationmanageconditionprice-display-component---conditions--smartFilterBar-filterItemControl_BASIC-BILL_TYPES-vhi"}]}
RESULT: undefined
COMMAND: POST /session/a49a846f150ab9031b86585360f30ac3/element - {"using":"xpath","value":"//*[@id=\"application-manageconditionprice-display-component---conditions--smartFilterBar-filterItemControl_BASIC-BILL_TYPES-vhi\"]"}
RESULT: {"using":"xpath","value":"//*[@id=\"application-manageconditionprice-display-component---conditions--smartFilterBar-filterItemControl_BASIC-BILL_TYPES-vhi\"]"}
COMMAND: POST /session/a49a846f150ab9031b86585360f30ac3/element/f.6CD6B7C80D08F775EB7D2FFF8B2C9AB5.d.774F3988F2CE5CE542CF8DB00D3475E1.e.15641/click - {}
RESULT: {}
COMMAND: POST /session/a49a846f150ab9031b86585360f30ac3/execute/async - {"script":"<script> [1562 bytes]","args":[{"selector":{"id":"application-manageconditionprice-display-component---conditions--smartFilterBar-filterItemControl_BASIC-BILL_TYPES-valueHelpDialog-smartFilterBar-btnBasicSearch","searchOpenDialogs":true,"interaction":{"idSuffix":"I"}},"wdio_ui5_key":"applicationmanageconditionprice-display-component---conditions--smartFilterBar-filterItemControl_BASIC-BILL_TYPES-valueHelpDialog-smartFilterBar-btnBasicSearch"}]}
COMMAND: GET /session/a49a846f150ab9031b86585360f30ac3/screenshot - {}
RESULT: {"script":"<script> [1562 bytes]","args":[{"selector":{"id":"application-manageconditionprice-display-component---conditions--smartFilterBar-filterItemControl_BASIC-BILL_TYPES-valueHelpDialog-smartFilterBar-btnBasicSearch","searchOpenDialogs":true,"interaction":{"idSuffix":"I"}},"wdio_ui5_key":"applicationmanageconditionprice-display-component---conditions--smartFilterBar-filterItemControl_BASIC-BILL_TYPES-valueHelpDialog-smartFilterBar-btnBasicSearch"}]}
RESULT: undefined
COMMAND: POST /session/a49a846f150ab9031b86585360f30ac3/execute/async - {"script":"<script> [776 bytes]","args":[{"enterText":"PB","selector":{"id":"application-manageconditionprice-display-component---conditions--smartFilterBar-filterItemControl_BASIC-BILL_TYPES-valueHelpDialog-smartFilterBar-btnBasicSearch","searchOpenDialogs":true,"interaction":{"idSuffix":"I"}},"clearTextFirst":true,"interactionType":"ENTER_TEXT"}]}
RESULT: {}
RESULT: {"script":"<script> [776 bytes]","args":[{"enterText":"PB","selector":{"id":"application-manageconditionprice-display-component---conditions--smartFilterBar-filterItemControl_BASIC-BILL_TYPES-valueHelpDialog-smartFilterBar-btnBasicSearch","searchOpenDialogs":true,"interaction":{"idSuffix":"I"}},"clearTextFirst":true,"interactionType":"ENTER_TEXT"}]}
COMMAND: POST /session/a49a846f150ab9031b86585360f30ac3/actions - {"actions":[{"id":"action58","type":"key","parameters":{},"actions":[{"type":"keyDown","value":"î€‡"},{"type":"pause","duration":10},{"type":"keyUp","value":"î€‡"}]}]}
RESULT: {"actions":[{"id":"action58","type":"key","parameters":{},"actions":[{"type":"keyDown","value":"î€‡"},{"type":"pause","duration":10},{"type":"keyUp","value":"î€‡"}]}]}
COMMAND: GET /session/a49a846f150ab9031b86585360f30ac3/screenshot - {}
RESULT: {}
COMMAND: POST /session/a49a846f150ab9031b86585360f30ac3/element - {"using":"xpath","value":"//div[contains(@id, 'application-manageconditionprice-display-component---conditions--smartFilterBar-filterItemControl_BASIC-BILL_TYPES-valueHelpDialog-table-rowsel0')]"}
RESULT: {"using":"xpath","value":"//div[contains(@id, 'application-manageconditionprice-display-component---conditions--smartFilterBar-filterItemControl_BASIC-BILL_TYPES-valueHelpDialog-table-rowsel0')]"}
COMMAND: POST /session/a49a846f150ab9031b86585360f30ac3/element/f.6CD6B7C80D08F775EB7D2FFF8B2C9AB5.d.774F3988F2CE5CE542CF8DB00D3475E1.e.15650/click - {}
RESULT: {}
COMMAND: GET /session/a49a846f150ab9031b86585360f30ac3/screenshot - {}
RESULT: {}
COMMAND: POST /session/a49a846f150ab9031b86585360f30ac3/element - {"using":"xpath","value":"//bdi[contains(text(), \"OK\")]"}
RESULT: {"using":"xpath","value":"//bdi[contains(text(), \"OK\")]"}
COMMAND: POST /session/a49a846f150ab9031b86585360f30ac3/element/f.6CD6B7C80D08F775EB7D2FFF8B2C9AB5.d.774F3988F2CE5CE542CF8DB00D3475E1.e.15652/click - {}
RESULT: {}
COMMAND: GET /session/a49a846f150ab9031b86585360f30ac3/screenshot - {}
RESULT: {}
COMMAND: POST /session/a49a846f150ab9031b86585360f30ac3/element - {"using":"xpath","value":"//span[@id=\"application-manageconditionprice-display-component---conditions--smartTable-header-inner\"]"}
RESULT: {"using":"xpath","value":"//span[@id=\"application-manageconditionprice-display-component---conditions--smartTable-header-inner\"]"}
COMMAND: POST /session/a49a846f150ab9031b86585360f30ac3/elements - {"using":"xpath","value":"//span[@id=\"application-manageconditionprice-display-component---conditions--smartTable-header-inner\"]"}
RESULT: {"using":"xpath","value":"//span[@id=\"application-manageconditionprice-display-component---conditions--smartTable-header-inner\"]"}
COMMAND: POST /session/a49a846f150ab9031b86585360f30ac3/execute/sync - {"script":"<script> [56 bytes]","args":[{"element-6066-11e4-a52e-4f735466cecf":"f.6CD6B7C80D08F775EB7D2FFF8B2C9AB5.d.774F3988F2CE5CE542CF8DB00D3475E1.e.15655","ELEMENT":"f.6CD6B7C80D08F775EB7D2FFF8B2C9AB5.d.774F3988F2CE5CE542CF8DB00D3475E1.e.15655"}]}
RESULT: {"script":"<script> [56 bytes]","args":[{"element-6066-11e4-a52e-4f735466cecf":"f.6CD6B7C80D08F775EB7D2FFF8B2C9AB5.d.774F3988F2CE5CE542CF8DB00D3475E1.e.15655","ELEMENT":"f.6CD6B7C80D08F775EB7D2FFF8B2C9AB5.d.774F3988F2CE5CE542CF8DB00D3475E1.e.15655"}]}
COMMAND: POST /session/a49a846f150ab9031b86585360f30ac3/element - {"using":"css selector","value":"#shell-header-logo"}
COMMAND: GET /session/a49a846f150ab9031b86585360f30ac3/screenshot - {}
RESULT: {"using":"css selector","value":"#shell-header-logo"}
COMMAND: POST /session/a49a846f150ab9031b86585360f30ac3/element/f.6CD6B7C80D08F775EB7D2FFF8B2C9AB5.d.774F3988F2CE5CE542CF8DB00D3475E1.e.15294/click - {}
RESULT: {}
RESULT: {}
COMMAND: GET /session/a49a846f150ab9031b86585360f30ac3/screenshot - {}
RESULT: {}
]]></system-out>
    </testcase>
    <testcase classname="chrome.135_0_7049_96.windows.Performance_based_billing_(work_days)_US139742" name="Should add a counter to the equipment" time="51.87">
      <system-out><![CDATA[
RESULT: undefined
COMMAND: POST /session/a49a846f150ab9031b86585360f30ac3/element - {"using":"xpath","value":"//*[@id=\"__tile39\"]"}
RESULT: {"using":"xpath","value":"//*[@id=\"__tile39\"]"}
COMMAND: POST /session/a49a846f150ab9031b86585360f30ac3/element/f.6CD6B7C80D08F775EB7D2FFF8B2C9AB5.d.774F3988F2CE5CE542CF8DB00D3475E1.e.14304/click - {}
RESULT: {}
COMMAND: POST /session/a49a846f150ab9031b86585360f30ac3/execute/async - {"script":"<script> [1562 bytes]","args":[{"selector":{"id":"application-manageresources-display-component---masterRU--smartFilterBar-btnBasicSearch","interaction":{"idSuffix":"I"}},"wdio_ui5_key":"applicationmanageresources-display-component---masterRU--smartFilterBar-btnBasicSearch"}]}
COMMAND: GET /session/a49a846f150ab9031b86585360f30ac3/screenshot - {}
RESULT: {"script":"<script> [1562 bytes]","args":[{"selector":{"id":"application-manageresources-display-component---masterRU--smartFilterBar-btnBasicSearch","interaction":{"idSuffix":"I"}},"wdio_ui5_key":"applicationmanageresources-display-component---masterRU--smartFilterBar-btnBasicSearch"}]}
RESULT: undefined
COMMAND: POST /session/a49a846f150ab9031b86585360f30ac3/execute/async - {"script":"<script> [776 bytes]","args":[{"enterText":"T7Ebv6YAyG","selector":{"id":"application-manageresources-display-component---masterRU--smartFilterBar-btnBasicSearch","interaction":{"idSuffix":"I"}},"clearTextFirst":true,"interactionType":"ENTER_TEXT"}]}
RESULT: {}
RESULT: {"script":"<script> [776 bytes]","args":[{"enterText":"T7Ebv6YAyG","selector":{"id":"application-manageresources-display-component---masterRU--smartFilterBar-btnBasicSearch","interaction":{"idSuffix":"I"}},"clearTextFirst":true,"interactionType":"ENTER_TEXT"}]}
COMMAND: POST /session/a49a846f150ab9031b86585360f30ac3/actions - {"actions":[{"id":"action59","type":"key","parameters":{},"actions":[{"type":"keyDown","value":"î€‡"},{"type":"pause","duration":10},{"type":"keyUp","value":"î€‡"}]}]}
RESULT: {"actions":[{"id":"action59","type":"key","parameters":{},"actions":[{"type":"keyDown","value":"î€‡"},{"type":"pause","duration":10},{"type":"keyUp","value":"î€‡"}]}]}
COMMAND: GET /session/a49a846f150ab9031b86585360f30ac3/screenshot - {}
RESULT: {}
COMMAND: POST /session/a49a846f150ab9031b86585360f30ac3/execute/async - {"script":"<script> [1562 bytes]","args":[{"selector":{"id":"application-manageresources-display-component---masterRU--smartTable-header"},"wdio_ui5_key":"applicationmanageresources-display-component---masterRU--smartTable-header"}]}
RESULT: {"script":"<script> [1562 bytes]","args":[{"selector":{"id":"application-manageresources-display-component---masterRU--smartTable-header"},"wdio_ui5_key":"applicationmanageresources-display-component---masterRU--smartTable-header"}]}
RESULT: undefined
COMMAND: POST /session/a49a846f150ab9031b86585360f30ac3/execute/async - {"script":"<script> [6424 bytes]","args":[{"element-6066-11e4-a52e-4f735466cecf":"f.6CD6B7C80D08F775EB7D2FFF8B2C9AB5.d.774F3988F2CE5CE542CF8DB00D3475E1.e.16012"},"getText",[]]}
RESULT: {"script":"<script> [6424 bytes]","args":[{"element-6066-11e4-a52e-4f735466cecf":"f.6CD6B7C80D08F775EB7D2FFF8B2C9AB5.d.774F3988F2CE5CE542CF8DB00D3475E1.e.16012"},"getText",[]]}
COMMAND: POST /session/a49a846f150ab9031b86585360f30ac3/execute/async - {"script":"<script> [1562 bytes]","args":[{"selector":{"controlType":"sap.ui.core.Icon","viewName":"etm.portal.ui.manageresources.view.Master","viewId":"application-manageresources-display-component---masterRU","properties":{"src":{"regex":{"source":"slim\\-arrow\\-right"}}}},"wdio_ui5_key":"etmportal.ui.manageresources.view.Mastersap.ui.core.Icon{\"src\":{\"regex\":{\"source\":\"slim\\\\-arrow\\\\-right\"}}}"}]}
RESULT: {"script":"<script> [1562 bytes]","args":[{"selector":{"controlType":"sap.ui.core.Icon","viewName":"etm.portal.ui.manageresources.view.Master","viewId":"application-manageresources-display-component---masterRU","properties":{"src":{"regex":{"source":"slim\\-arrow\\-right"}}}},"wdio_ui5_key":"etmportal.ui.manageresources.view.Mastersap.ui.core.Icon{\"src\":{\"regex\":{\"source\":\"slim\\\\-arrow\\\\-right\"}}}"}]}
RESULT: undefined
COMMAND: POST /session/a49a846f150ab9031b86585360f30ac3/element - {"using":"xpath","value":"//*[@id=\"__item872-__clone2203-imgNav\"]"}
RESULT: {"using":"xpath","value":"//*[@id=\"__item872-__clone2203-imgNav\"]"}
COMMAND: POST /session/a49a846f150ab9031b86585360f30ac3/element/f.6CD6B7C80D08F775EB7D2FFF8B2C9AB5.d.774F3988F2CE5CE542CF8DB00D3475E1.e.15755/click - {}
RESULT: {}
COMMAND: GET /session/a49a846f150ab9031b86585360f30ac3/screenshot - {}
COMMAND: POST /session/a49a846f150ab9031b86585360f30ac3/element - {"using":"xpath","value":"//bdi[contains(text(), \"Edit\")]"}
RESULT: {}
RESULT: {"using":"xpath","value":"//bdi[contains(text(), \"Edit\")]"}
COMMAND: POST /session/a49a846f150ab9031b86585360f30ac3/execute/sync - {"script":"<script> [8489 bytes]","args":[{"element-6066-11e4-a52e-4f735466cecf":"f.6CD6B7C80D08F775EB7D2FFF8B2C9AB5.d.774F3988F2CE5CE542CF8DB00D3475E1.e.16102","ELEMENT":"f.6CD6B7C80D08F775EB7D2FFF8B2C9AB5.d.774F3988F2CE5CE542CF8DB00D3475E1.e.16102"}]}
RESULT: {"script":"<script> [8489 bytes]","args":[{"element-6066-11e4-a52e-4f735466cecf":"f.6CD6B7C80D08F775EB7D2FFF8B2C9AB5.d.774F3988F2CE5CE542CF8DB00D3475E1.e.16102","ELEMENT":"f.6CD6B7C80D08F775EB7D2FFF8B2C9AB5.d.774F3988F2CE5CE542CF8DB00D3475E1.e.16102"}]}
COMMAND: POST /session/a49a846f150ab9031b86585360f30ac3/element/f.6CD6B7C80D08F775EB7D2FFF8B2C9AB5.d.774F3988F2CE5CE542CF8DB00D3475E1.e.16102/click - {}
COMMAND: GET /session/a49a846f150ab9031b86585360f30ac3/screenshot - {}
RESULT: {}
COMMAND: GET /session/a49a846f150ab9031b86585360f30ac3/screenshot - {}
RESULT: {}
RESULT: {}
COMMAND: POST /session/a49a846f150ab9031b86585360f30ac3/execute/async - {"script":"<script> [1562 bytes]","args":[{"selector":{"id":"application-manageresources-display-component---editResource--editRruPage-anchBar-application-manageresources-display-component---editResource--counters-anchor","interaction":{"idSuffix":"BDI-content"}},"wdio_ui5_key":"applicationmanageresources-display-component---editResource--editRruPage-anchBar-application-manageresources-display-component---editResource--counters-anchor"}]}
RESULT: {"script":"<script> [1562 bytes]","args":[{"selector":{"id":"application-manageresources-display-component---editResource--editRruPage-anchBar-application-manageresources-display-component---editResource--counters-anchor","interaction":{"idSuffix":"BDI-content"}},"wdio_ui5_key":"applicationmanageresources-display-component---editResource--editRruPage-anchBar-application-manageresources-display-component---editResource--counters-anchor"}]}
RESULT: undefined
COMMAND: POST /session/a49a846f150ab9031b86585360f30ac3/element - {"using":"xpath","value":"//*[@id=\"application-manageresources-display-component---editResource--editRruPage-anchBar-application-manageresources-display-component---editResource--counters-anchor\"]"}
RESULT: {"using":"xpath","value":"//*[@id=\"application-manageresources-display-component---editResource--editRruPage-anchBar-application-manageresources-display-component---editResource--counters-anchor\"]"}
COMMAND: POST /session/a49a846f150ab9031b86585360f30ac3/element/f.6CD6B7C80D08F775EB7D2FFF8B2C9AB5.d.774F3988F2CE5CE542CF8DB00D3475E1.e.16264/click - {}
RESULT: {}
COMMAND: GET /session/a49a846f150ab9031b86585360f30ac3/screenshot - {}
RESULT: {}
COMMAND: POST /session/a49a846f150ab9031b86585360f30ac3/execute/async - {"script":"<script> [1562 bytes]","args":[{"selector":{"id":"application-manageresources-display-component---editResource--btnAddCounter-img"},"wdio_ui5_key":"applicationmanageresources-display-component---editResource--btnAddCounter-img"}]}
RESULT: {"script":"<script> [1562 bytes]","args":[{"selector":{"id":"application-manageresources-display-component---editResource--btnAddCounter-img"},"wdio_ui5_key":"applicationmanageresources-display-component---editResource--btnAddCounter-img"}]}
RESULT: undefined
COMMAND: POST /session/a49a846f150ab9031b86585360f30ac3/element - {"using":"xpath","value":"//*[@id=\"application-manageresources-display-component---editResource--btnAddCounter-img\"]"}
RESULT: {"using":"xpath","value":"//*[@id=\"application-manageresources-display-component---editResource--btnAddCounter-img\"]"}
COMMAND: POST /session/a49a846f150ab9031b86585360f30ac3/element/f.6CD6B7C80D08F775EB7D2FFF8B2C9AB5.d.774F3988F2CE5CE542CF8DB00D3475E1.e.16269/click - {}
RESULT: {}
COMMAND: POST /session/a49a846f150ab9031b86585360f30ac3/execute/async - {"script":"<script> [1562 bytes]","args":[{"selector":{"id":"application-manageresources-display-component---editResource--COUNTER_ID-application-manageresources-display-component---editResource--RUCounters-0-arrow"},"wdio_ui5_key":"applicationmanageresources-display-component---editResource--COUNTER_ID-application-manageresources-display-component---editResource--RUCounters-0-arrow"}]}
COMMAND: GET /session/a49a846f150ab9031b86585360f30ac3/screenshot - {}
RESULT: {"script":"<script> [1562 bytes]","args":[{"selector":{"id":"application-manageresources-display-component---editResource--COUNTER_ID-application-manageresources-display-component---editResource--RUCounters-0-arrow"},"wdio_ui5_key":"applicationmanageresources-display-component---editResource--COUNTER_ID-application-manageresources-display-component---editResource--RUCounters-0-arrow"}]}
RESULT: undefined
COMMAND: POST /session/a49a846f150ab9031b86585360f30ac3/element - {"using":"xpath","value":"//*[@id=\"application-manageresources-display-component---editResource--COUNTER_ID-application-manageresources-display-component---editResource--RUCounters-0-arrow\"]"}
RESULT: {}
RESULT: {"using":"xpath","value":"//*[@id=\"application-manageresources-display-component---editResource--COUNTER_ID-application-manageresources-display-component---editResource--RUCounters-0-arrow\"]"}
COMMAND: POST /session/a49a846f150ab9031b86585360f30ac3/element/f.6CD6B7C80D08F775EB7D2FFF8B2C9AB5.d.774F3988F2CE5CE542CF8DB00D3475E1.e.16282/click - {}
RESULT: {}
COMMAND: POST /session/a49a846f150ab9031b86585360f30ac3/execute/async - {"script":"<script> [1562 bytes]","args":[{"selector":{"controlType":"sap.m.StandardListItem","viewName":"etm.portal.ui.manageresources.view.EditResource","viewId":"application-manageresources-display-component---editResource","properties":{"title":"fuel"},"searchOpenDialogs":true,"interaction":{"idSuffix":"content"}},"wdio_ui5_key":"etmportal.ui.manageresources.view.EditResourcesap.m.StandardListItem{\"title\":\"fuel\"}"}]}
COMMAND: GET /session/a49a846f150ab9031b86585360f30ac3/screenshot - {}
RESULT: {"script":"<script> [1562 bytes]","args":[{"selector":{"controlType":"sap.m.StandardListItem","viewName":"etm.portal.ui.manageresources.view.EditResource","viewId":"application-manageresources-display-component---editResource","properties":{"title":"fuel"},"searchOpenDialogs":true,"interaction":{"idSuffix":"content"}},"wdio_ui5_key":"etmportal.ui.manageresources.view.EditResourcesap.m.StandardListItem{\"title\":\"fuel\"}"}]}
RESULT: undefined
COMMAND: POST /session/a49a846f150ab9031b86585360f30ac3/element - {"using":"xpath","value":"//*[@id=\"__item1177\"]"}
RESULT: {}
RESULT: {"using":"xpath","value":"//*[@id=\"__item1177\"]"}
COMMAND: POST /session/a49a846f150ab9031b86585360f30ac3/element/f.6CD6B7C80D08F775EB7D2FFF8B2C9AB5.d.774F3988F2CE5CE542CF8DB00D3475E1.e.16284/click - {}
RESULT: {}
COMMAND: POST /session/a49a846f150ab9031b86585360f30ac3/execute/async - {"script":"<script> [1562 bytes]","args":[{"selector":{"controlType":"sap.m.Button","viewName":"etm.portal.ui.manageresources.view.EditResource","viewId":"application-manageresources-display-component---editResource","i18NText":{"propertyName":"text","key":"save"},"interaction":{"idSuffix":"BDI-content"}},"wdio_ui5_key":"etmportal.ui.manageresources.view.EditResourcesap.m.Button{\"propertyName\":\"text\",\"key\":\"save\"}"}]}
COMMAND: GET /session/a49a846f150ab9031b86585360f30ac3/screenshot - {}
RESULT: {"script":"<script> [1562 bytes]","args":[{"selector":{"controlType":"sap.m.Button","viewName":"etm.portal.ui.manageresources.view.EditResource","viewId":"application-manageresources-display-component---editResource","i18NText":{"propertyName":"text","key":"save"},"interaction":{"idSuffix":"BDI-content"}},"wdio_ui5_key":"etmportal.ui.manageresources.view.EditResourcesap.m.Button{\"propertyName\":\"text\",\"key\":\"save\"}"}]}
RESULT: undefined
COMMAND: POST /session/a49a846f150ab9031b86585360f30ac3/element - {"using":"xpath","value":"//*[@id=\"__button183\"]"}
RESULT: {}
RESULT: {"using":"xpath","value":"//*[@id=\"__button183\"]"}
COMMAND: POST /session/a49a846f150ab9031b86585360f30ac3/element/f.6CD6B7C80D08F775EB7D2FFF8B2C9AB5.d.774F3988F2CE5CE542CF8DB00D3475E1.e.16286/click - {}
RESULT: {}
COMMAND: GET /session/a49a846f150ab9031b86585360f30ac3/screenshot - {}
RESULT: {}
COMMAND: POST /session/a49a846f150ab9031b86585360f30ac3/element - {"using":"css selector","value":"#shell-header-logo"}
RESULT: {"using":"css selector","value":"#shell-header-logo"}
COMMAND: POST /session/a49a846f150ab9031b86585360f30ac3/element/f.6CD6B7C80D08F775EB7D2FFF8B2C9AB5.d.774F3988F2CE5CE542CF8DB00D3475E1.e.15661/click - {}
RESULT: {}
COMMAND: GET /session/a49a846f150ab9031b86585360f30ac3/screenshot - {}
RESULT: {}
]]></system-out>
    </testcase>
    <testcase classname="chrome.135_0_7049_96.windows.Performance_based_billing_(work_days)_US139742" name="Should do a stock increase on the yard for the equipment" time="83.296">
      <system-out><![CDATA[
COMMAND: POST /session/a49a846f150ab9031b86585360f30ac3/execute/async - {"script":"<script> [1562 bytes]","args":[{"selector":{"controlType":"sap.m.Text","viewName":"etm.portal.ui.managehandoverstile.view.Master","properties":{"text":"Manage Handovers"},"interaction":{"idSuffix":"inner"}},"wdio_ui5_key":"etmportal.ui.managehandoverstile.view.Mastersap.m.Text{\"text\":\"Manage Handovers\"}"}]}
RESULT: {"script":"<script> [1562 bytes]","args":[{"selector":{"controlType":"sap.m.Text","viewName":"etm.portal.ui.managehandoverstile.view.Master","properties":{"text":"Manage Handovers"},"interaction":{"idSuffix":"inner"}},"wdio_ui5_key":"etmportal.ui.managehandoverstile.view.Mastersap.m.Text{\"text\":\"Manage Handovers\"}"}]}
RESULT: undefined
COMMAND: POST /session/a49a846f150ab9031b86585360f30ac3/element - {"using":"xpath","value":"//*[@id=\"__tile132-title\"]"}
RESULT: {"using":"xpath","value":"//*[@id=\"__tile132-title\"]"}
COMMAND: POST /session/a49a846f150ab9031b86585360f30ac3/element/f.6CD6B7C80D08F775EB7D2FFF8B2C9AB5.d.774F3988F2CE5CE542CF8DB00D3475E1.e.16300/click - {}
RESULT: {}
COMMAND: POST /session/a49a846f150ab9031b86585360f30ac3/element - {"using":"xpath","value":"//button[@data-kt=\"masterHOAddButton\"]"}
COMMAND: GET /session/a49a846f150ab9031b86585360f30ac3/screenshot - {}
RESULT: {"using":"xpath","value":"//button[@data-kt=\"masterHOAddButton\"]"}
COMMAND: POST /session/a49a846f150ab9031b86585360f30ac3/elements - {"using":"xpath","value":"//button[@data-kt=\"masterHOAddButton\"]"}
RESULT: {}
RESULT: {"using":"xpath","value":"//button[@data-kt=\"masterHOAddButton\"]"}
COMMAND: POST /session/a49a846f150ab9031b86585360f30ac3/elements - {"using":"xpath","value":"//button[@data-kt=\"masterHOAddButton\"]"}
RESULT: {"using":"xpath","value":"//button[@data-kt=\"masterHOAddButton\"]"}
COMMAND: POST /session/a49a846f150ab9031b86585360f30ac3/elements - {"using":"xpath","value":"//button[@data-kt=\"masterHOAddButton\"]"}
RESULT: {"using":"xpath","value":"//button[@data-kt=\"masterHOAddButton\"]"}
COMMAND: POST /session/a49a846f150ab9031b86585360f30ac3/elements - {"using":"xpath","value":"//button[@data-kt=\"masterHOAddButton\"]"}
RESULT: {"using":"xpath","value":"//button[@data-kt=\"masterHOAddButton\"]"}
COMMAND: POST /session/a49a846f150ab9031b86585360f30ac3/elements - {"using":"xpath","value":"//button[@data-kt=\"masterHOAddButton\"]"}
RESULT: {"using":"xpath","value":"//button[@data-kt=\"masterHOAddButton\"]"}
COMMAND: POST /session/a49a846f150ab9031b86585360f30ac3/elements - {"using":"xpath","value":"//button[@data-kt=\"masterHOAddButton\"]"}
RESULT: {"using":"xpath","value":"//button[@data-kt=\"masterHOAddButton\"]"}
COMMAND: POST /session/a49a846f150ab9031b86585360f30ac3/elements - {"using":"xpath","value":"//button[@data-kt=\"masterHOAddButton\"]"}
RESULT: {"using":"xpath","value":"//button[@data-kt=\"masterHOAddButton\"]"}
COMMAND: POST /session/a49a846f150ab9031b86585360f30ac3/elements - {"using":"xpath","value":"//button[@data-kt=\"masterHOAddButton\"]"}
RESULT: {"using":"xpath","value":"//button[@data-kt=\"masterHOAddButton\"]"}
COMMAND: POST /session/a49a846f150ab9031b86585360f30ac3/elements - {"using":"xpath","value":"//button[@data-kt=\"masterHOAddButton\"]"}
RESULT: {"using":"xpath","value":"//button[@data-kt=\"masterHOAddButton\"]"}
COMMAND: POST /session/a49a846f150ab9031b86585360f30ac3/elements - {"using":"xpath","value":"//button[@data-kt=\"masterHOAddButton\"]"}
RESULT: {"using":"xpath","value":"//button[@data-kt=\"masterHOAddButton\"]"}
COMMAND: POST /session/a49a846f150ab9031b86585360f30ac3/elements - {"using":"xpath","value":"//button[@data-kt=\"masterHOAddButton\"]"}
RESULT: {"using":"xpath","value":"//button[@data-kt=\"masterHOAddButton\"]"}
COMMAND: POST /session/a49a846f150ab9031b86585360f30ac3/elements - {"using":"xpath","value":"//button[@data-kt=\"masterHOAddButton\"]"}
RESULT: {"using":"xpath","value":"//button[@data-kt=\"masterHOAddButton\"]"}
COMMAND: POST /session/a49a846f150ab9031b86585360f30ac3/element - {"using":"xpath","value":"//button[@data-kt=\"masterHOAddButton\"]"}
RESULT: {"using":"xpath","value":"//button[@data-kt=\"masterHOAddButton\"]"}
COMMAND: POST /session/a49a846f150ab9031b86585360f30ac3/execute/sync - {"script":"<script> [8489 bytes]","args":[{"element-6066-11e4-a52e-4f735466cecf":"f.6CD6B7C80D08F775EB7D2FFF8B2C9AB5.d.774F3988F2CE5CE542CF8DB00D3475E1.e.16342","ELEMENT":"f.6CD6B7C80D08F775EB7D2FFF8B2C9AB5.d.774F3988F2CE5CE542CF8DB00D3475E1.e.16342"}]}
RESULT: {"script":"<script> [8489 bytes]","args":[{"element-6066-11e4-a52e-4f735466cecf":"f.6CD6B7C80D08F775EB7D2FFF8B2C9AB5.d.774F3988F2CE5CE542CF8DB00D3475E1.e.16342","ELEMENT":"f.6CD6B7C80D08F775EB7D2FFF8B2C9AB5.d.774F3988F2CE5CE542CF8DB00D3475E1.e.16342"}]}
COMMAND: GET /session/a49a846f150ab9031b86585360f30ac3/element/f.6CD6B7C80D08F775EB7D2FFF8B2C9AB5.d.774F3988F2CE5CE542CF8DB00D3475E1.e.16342/enabled - {}
COMMAND: GET /session/a49a846f150ab9031b86585360f30ac3/screenshot - {}
RESULT: {}
COMMAND: POST /session/a49a846f150ab9031b86585360f30ac3/execute/sync - {"script":"<script> [8489 bytes]","args":[{"element-6066-11e4-a52e-4f735466cecf":"f.6CD6B7C80D08F775EB7D2FFF8B2C9AB5.d.774F3988F2CE5CE542CF8DB00D3475E1.e.16342","ELEMENT":"f.6CD6B7C80D08F775EB7D2FFF8B2C9AB5.d.774F3988F2CE5CE542CF8DB00D3475E1.e.16342"}]}
COMMAND: GET /session/a49a846f150ab9031b86585360f30ac3/screenshot - {}
RESULT: {}
RESULT: {"script":"<script> [8489 bytes]","args":[{"element-6066-11e4-a52e-4f735466cecf":"f.6CD6B7C80D08F775EB7D2FFF8B2C9AB5.d.774F3988F2CE5CE542CF8DB00D3475E1.e.16342","ELEMENT":"f.6CD6B7C80D08F775EB7D2FFF8B2C9AB5.d.774F3988F2CE5CE542CF8DB00D3475E1.e.16342"}]}
COMMAND: POST /session/a49a846f150ab9031b86585360f30ac3/execute/sync - {"script":"<script> [5351 bytes]","args":[{"element-6066-11e4-a52e-4f735466cecf":"f.6CD6B7C80D08F775EB7D2FFF8B2C9AB5.d.774F3988F2CE5CE542CF8DB00D3475E1.e.16342","ELEMENT":"f.6CD6B7C80D08F775EB7D2FFF8B2C9AB5.d.774F3988F2CE5CE542CF8DB00D3475E1.e.16342"}]}
COMMAND: GET /session/a49a846f150ab9031b86585360f30ac3/screenshot - {}
RESULT: {}
RESULT: {"script":"<script> [5351 bytes]","args":[{"element-6066-11e4-a52e-4f735466cecf":"f.6CD6B7C80D08F775EB7D2FFF8B2C9AB5.d.774F3988F2CE5CE542CF8DB00D3475E1.e.16342","ELEMENT":"f.6CD6B7C80D08F775EB7D2FFF8B2C9AB5.d.774F3988F2CE5CE542CF8DB00D3475E1.e.16342"}]}
COMMAND: POST /session/a49a846f150ab9031b86585360f30ac3/element/f.6CD6B7C80D08F775EB7D2FFF8B2C9AB5.d.774F3988F2CE5CE542CF8DB00D3475E1.e.16342/click - {}
COMMAND: GET /session/a49a846f150ab9031b86585360f30ac3/screenshot - {}
RESULT: {}
RESULT: {}
COMMAND: GET /session/a49a846f150ab9031b86585360f30ac3/screenshot - {}
RESULT: {}
RESULT: {}
COMMAND: POST /session/a49a846f150ab9031b86585360f30ac3/element - {"using":"xpath","value":"//span[contains(@id ,\"AddNewHO--typeSelect-arrow\")]"}
RESULT: {"using":"xpath","value":"//span[contains(@id ,\"AddNewHO--typeSelect-arrow\")]"}
COMMAND: POST /session/a49a846f150ab9031b86585360f30ac3/element/f.6CD6B7C80D08F775EB7D2FFF8B2C9AB5.d.774F3988F2CE5CE542CF8DB00D3475E1.e.16698/click - {}
RESULT: {}
COMMAND: GET /session/a49a846f150ab9031b86585360f30ac3/screenshot - {}
RESULT: {}
COMMAND: POST /session/a49a846f150ab9031b86585360f30ac3/element - {"using":"xpath","value":"(//li[contains(text(), \"stock increase yard\")])[1]"}
RESULT: {"using":"xpath","value":"(//li[contains(text(), \"stock increase yard\")])[1]"}
COMMAND: POST /session/a49a846f150ab9031b86585360f30ac3/element/f.6CD6B7C80D08F775EB7D2FFF8B2C9AB5.d.774F3988F2CE5CE542CF8DB00D3475E1.e.16699/click - {}
RESULT: {}
COMMAND: GET /session/a49a846f150ab9031b86585360f30ac3/screenshot - {}
RESULT: {}
COMMAND: POST /session/a49a846f150ab9031b86585360f30ac3/execute/async - {"script":"<script> [1562 bytes]","args":[{"selector":{"id":"application-managehandovers-display-component---AddNewHO--dueDate","interaction":{"idSuffix":"inner"}},"wdio_ui5_key":"applicationmanagehandovers-display-component---AddNewHO--dueDate"}]}
RESULT: {"script":"<script> [1562 bytes]","args":[{"selector":{"id":"application-managehandovers-display-component---AddNewHO--dueDate","interaction":{"idSuffix":"inner"}},"wdio_ui5_key":"applicationmanagehandovers-display-component---AddNewHO--dueDate"}]}
RESULT: undefined
COMMAND: POST /session/a49a846f150ab9031b86585360f30ac3/execute/async - {"script":"<script> [6424 bytes]","args":[{"element-6066-11e4-a52e-4f735466cecf":"f.6CD6B7C80D08F775EB7D2FFF8B2C9AB5.d.774F3988F2CE5CE542CF8DB00D3475E1.e.16701"},"setValue",["04/29/2025"]]}
RESULT: {"script":"<script> [6424 bytes]","args":[{"element-6066-11e4-a52e-4f735466cecf":"f.6CD6B7C80D08F775EB7D2FFF8B2C9AB5.d.774F3988F2CE5CE542CF8DB00D3475E1.e.16701"},"setValue",["04/29/2025"]]}
COMMAND: POST /session/a49a846f150ab9031b86585360f30ac3/element - {"using":"xpath","value":"//input[@id=\"generalSectionFrg--receiveYard-inner\"]"}
RESULT: {"using":"xpath","value":"//input[@id=\"generalSectionFrg--receiveYard-inner\"]"}
COMMAND: POST /session/a49a846f150ab9031b86585360f30ac3/element/f.6CD6B7C80D08F775EB7D2FFF8B2C9AB5.d.774F3988F2CE5CE542CF8DB00D3475E1.e.16707/clear - {}
RESULT: {}
COMMAND: POST /session/a49a846f150ab9031b86585360f30ac3/element/f.6CD6B7C80D08F775EB7D2FFF8B2C9AB5.d.774F3988F2CE5CE542CF8DB00D3475E1.e.16707/value - {"text":"375"}
COMMAND: GET /session/a49a846f150ab9031b86585360f30ac3/screenshot - {}
RESULT: {"text":"375"}
COMMAND: GET /session/a49a846f150ab9031b86585360f30ac3/screenshot - {}
RESULT: {}
RESULT: {}
COMMAND: POST /session/a49a846f150ab9031b86585360f30ac3/element - {"using":"xpath","value":"//li[.//span[text()='375']]"}
RESULT: {"using":"xpath","value":"//li[.//span[text()='375']]"}
COMMAND: POST /session/a49a846f150ab9031b86585360f30ac3/element/f.6CD6B7C80D08F775EB7D2FFF8B2C9AB5.d.774F3988F2CE5CE542CF8DB00D3475E1.e.16723/click - {}
RESULT: {}
COMMAND: GET /session/a49a846f150ab9031b86585360f30ac3/screenshot - {}
RESULT: {}
COMMAND: POST /session/a49a846f150ab9031b86585360f30ac3/execute/async - {"script":"<script> [1562 bytes]","args":[{"selector":{"id":"application-managehandovers-display-component---AddNewHO--ObjectPageLayout-anchBar-application-managehandovers-display-component---AddNewHO--section4-anchor","interaction":{"idSuffix":"BDI-content"}},"wdio_ui5_key":"applicationmanagehandovers-display-component---AddNewHO--ObjectPageLayout-anchBar-application-managehandovers-display-component---AddNewHO--section4-anchor"}]}
RESULT: {"script":"<script> [1562 bytes]","args":[{"selector":{"id":"application-managehandovers-display-component---AddNewHO--ObjectPageLayout-anchBar-application-managehandovers-display-component---AddNewHO--section4-anchor","interaction":{"idSuffix":"BDI-content"}},"wdio_ui5_key":"applicationmanagehandovers-display-component---AddNewHO--ObjectPageLayout-anchBar-application-managehandovers-display-component---AddNewHO--section4-anchor"}]}
RESULT: undefined
COMMAND: POST /session/a49a846f150ab9031b86585360f30ac3/element - {"using":"xpath","value":"//*[@id=\"application-managehandovers-display-component---AddNewHO--ObjectPageLayout-anchBar-application-managehandovers-display-component---AddNewHO--section4-anchor\"]"}
RESULT: {"using":"xpath","value":"//*[@id=\"application-managehandovers-display-component---AddNewHO--ObjectPageLayout-anchBar-application-managehandovers-display-component---AddNewHO--section4-anchor\"]"}
COMMAND: POST /session/a49a846f150ab9031b86585360f30ac3/element/f.6CD6B7C80D08F775EB7D2FFF8B2C9AB5.d.774F3988F2CE5CE542CF8DB00D3475E1.e.16725/click - {}
RESULT: {}
COMMAND: POST /session/a49a846f150ab9031b86585360f30ac3/element - {"using":"xpath","value":"//button[@aria-label=\"Add\"]"}
COMMAND: GET /session/a49a846f150ab9031b86585360f30ac3/screenshot - {}
RESULT: {"using":"xpath","value":"//button[@aria-label=\"Add\"]"}
COMMAND: POST /session/a49a846f150ab9031b86585360f30ac3/element/f.6CD6B7C80D08F775EB7D2FFF8B2C9AB5.d.774F3988F2CE5CE542CF8DB00D3475E1.e.16727/click - {}
RESULT: {}
RESULT: {}
COMMAND: GET /session/a49a846f150ab9031b86585360f30ac3/screenshot - {}
RESULT: {}
COMMAND: POST /session/a49a846f150ab9031b86585360f30ac3/execute/async - {"script":"<script> [1562 bytes]","args":[{"selector":{"id":"application-managehandovers-display-component---AddNewHO--smartFilterBar-btnBasicSearch","searchOpenDialogs":true,"interaction":{"idSuffix":"I"}},"wdio_ui5_key":"applicationmanagehandovers-display-component---AddNewHO--smartFilterBar-btnBasicSearch"}]}
RESULT: {"script":"<script> [1562 bytes]","args":[{"selector":{"id":"application-managehandovers-display-component---AddNewHO--smartFilterBar-btnBasicSearch","searchOpenDialogs":true,"interaction":{"idSuffix":"I"}},"wdio_ui5_key":"applicationmanagehandovers-display-component---AddNewHO--smartFilterBar-btnBasicSearch"}]}
RESULT: undefined
COMMAND: POST /session/a49a846f150ab9031b86585360f30ac3/execute/async - {"script":"<script> [776 bytes]","args":[{"enterText":"T7Ebv6YAyG","selector":{"id":"application-managehandovers-display-component---AddNewHO--smartFilterBar-btnBasicSearch","searchOpenDialogs":true,"interaction":{"idSuffix":"I"}},"clearTextFirst":true,"interactionType":"ENTER_TEXT"}]}
RESULT: {"script":"<script> [776 bytes]","args":[{"enterText":"T7Ebv6YAyG","selector":{"id":"application-managehandovers-display-component---AddNewHO--smartFilterBar-btnBasicSearch","searchOpenDialogs":true,"interaction":{"idSuffix":"I"}},"clearTextFirst":true,"interactionType":"ENTER_TEXT"}]}
COMMAND: POST /session/a49a846f150ab9031b86585360f30ac3/actions - {"actions":[{"id":"action60","type":"key","parameters":{},"actions":[{"type":"keyDown","value":"î€‡"},{"type":"pause","duration":10},{"type":"keyUp","value":"î€‡"}]}]}
RESULT: {"actions":[{"id":"action60","type":"key","parameters":{},"actions":[{"type":"keyDown","value":"î€‡"},{"type":"pause","duration":10},{"type":"keyUp","value":"î€‡"}]}]}
COMMAND: GET /session/a49a846f150ab9031b86585360f30ac3/screenshot - {}
RESULT: {}
COMMAND: POST /session/a49a846f150ab9031b86585360f30ac3/execute/async - {"script":"<script> [1562 bytes]","args":[{"selector":{"id":"application-managehandovers-display-component---AddNewHO--popup-sa","searchOpenDialogs":true,"interaction":{"idSuffix":"CbBg"}},"wdio_ui5_key":"applicationmanagehandovers-display-component---AddNewHO--popup-sa"}]}
RESULT: {"script":"<script> [1562 bytes]","args":[{"selector":{"id":"application-managehandovers-display-component---AddNewHO--popup-sa","searchOpenDialogs":true,"interaction":{"idSuffix":"CbBg"}},"wdio_ui5_key":"applicationmanagehandovers-display-component---AddNewHO--popup-sa"}]}
RESULT: undefined
COMMAND: POST /session/a49a846f150ab9031b86585360f30ac3/element - {"using":"xpath","value":"//*[@id=\"application-managehandovers-display-component---AddNewHO--popup-sa\"]"}
RESULT: {"using":"xpath","value":"//*[@id=\"application-managehandovers-display-component---AddNewHO--popup-sa\"]"}
COMMAND: POST /session/a49a846f150ab9031b86585360f30ac3/element/f.6CD6B7C80D08F775EB7D2FFF8B2C9AB5.d.774F3988F2CE5CE542CF8DB00D3475E1.e.16882/click - {}
RESULT: {}
COMMAND: GET /session/a49a846f150ab9031b86585360f30ac3/screenshot - {}
RESULT: {}
COMMAND: POST /session/a49a846f150ab9031b86585360f30ac3/element - {"using":"xpath","value":"//bdi[contains(text(), \"Select\")]"}
RESULT: {"using":"xpath","value":"//bdi[contains(text(), \"Select\")]"}
COMMAND: POST /session/a49a846f150ab9031b86585360f30ac3/element/f.6CD6B7C80D08F775EB7D2FFF8B2C9AB5.d.774F3988F2CE5CE542CF8DB00D3475E1.e.16883/click - {}
RESULT: {}
COMMAND: GET /session/a49a846f150ab9031b86585360f30ac3/screenshot - {}
RESULT: {}
COMMAND: POST /session/a49a846f150ab9031b86585360f30ac3/element - {"using":"xpath","value":"//button[@data-kt=\"AddNewHOSaveButton\"]"}
RESULT: {"using":"xpath","value":"//button[@data-kt=\"AddNewHOSaveButton\"]"}
COMMAND: POST /session/a49a846f150ab9031b86585360f30ac3/element/f.6CD6B7C80D08F775EB7D2FFF8B2C9AB5.d.774F3988F2CE5CE542CF8DB00D3475E1.e.16887/click - {}
RESULT: {}
COMMAND: GET /session/a49a846f150ab9031b86585360f30ac3/screenshot - {}
RESULT: {}
COMMAND: POST /session/a49a846f150ab9031b86585360f30ac3/execute/async - {"script":"<script> [1562 bytes]","args":[{"selector":{"id":"receiptDatePicker","viewName":"etm.portal.ui.managehandovers.view.DetailExecuteHO","interaction":{"idSuffix":"inner"}},"wdio_ui5_key":"receiptDatePickeretmportal.ui.managehandovers.view.DetailExecuteHO"}]}
RESULT: {"script":"<script> [1562 bytes]","args":[{"selector":{"id":"receiptDatePicker","viewName":"etm.portal.ui.managehandovers.view.DetailExecuteHO","interaction":{"idSuffix":"inner"}},"wdio_ui5_key":"receiptDatePickeretmportal.ui.managehandovers.view.DetailExecuteHO"}]}
RESULT: undefined
COMMAND: POST /session/a49a846f150ab9031b86585360f30ac3/execute/async - {"script":"<script> [6424 bytes]","args":[{"element-6066-11e4-a52e-4f735466cecf":"f.6CD6B7C80D08F775EB7D2FFF8B2C9AB5.d.774F3988F2CE5CE542CF8DB00D3475E1.e.16916"},"setValue",["04/29/2025"]]}
RESULT: {"script":"<script> [6424 bytes]","args":[{"element-6066-11e4-a52e-4f735466cecf":"f.6CD6B7C80D08F775EB7D2FFF8B2C9AB5.d.774F3988F2CE5CE542CF8DB00D3475E1.e.16916"},"setValue",["04/29/2025"]]}
COMMAND: POST /session/a49a846f150ab9031b86585360f30ac3/element - {"using":"xpath","value":"//button[@data-kt=\"PickingTableConfirmAllButton\"]"}
RESULT: {"using":"xpath","value":"//button[@data-kt=\"PickingTableConfirmAllButton\"]"}
COMMAND: POST /session/a49a846f150ab9031b86585360f30ac3/element/f.6CD6B7C80D08F775EB7D2FFF8B2C9AB5.d.774F3988F2CE5CE542CF8DB00D3475E1.e.16931/click - {}
RESULT: {}
COMMAND: GET /session/a49a846f150ab9031b86585360f30ac3/screenshot - {}
RESULT: {}
COMMAND: POST /session/a49a846f150ab9031b86585360f30ac3/element - {"using":"xpath","value":"//bdi[contains(text(), \"OK\")]"}
RESULT: {"using":"xpath","value":"//bdi[contains(text(), \"OK\")]"}
COMMAND: POST /session/a49a846f150ab9031b86585360f30ac3/element/f.6CD6B7C80D08F775EB7D2FFF8B2C9AB5.d.774F3988F2CE5CE542CF8DB00D3475E1.e.16933/click - {}
RESULT: {}
COMMAND: GET /session/a49a846f150ab9031b86585360f30ac3/screenshot - {}
RESULT: {}
COMMAND: POST /session/a49a846f150ab9031b86585360f30ac3/element - {"using":"xpath","value":"(//bdi[contains(text(), \"Receive\")])[2]"}
RESULT: {"using":"xpath","value":"(//bdi[contains(text(), \"Receive\")])[2]"}
COMMAND: POST /session/a49a846f150ab9031b86585360f30ac3/element/f.6CD6B7C80D08F775EB7D2FFF8B2C9AB5.d.774F3988F2CE5CE542CF8DB00D3475E1.e.16935/click - {}
RESULT: {}
COMMAND: GET /session/a49a846f150ab9031b86585360f30ac3/screenshot - {}
RESULT: {}
COMMAND: POST /session/a49a846f150ab9031b86585360f30ac3/element - {"using":"css selector","value":"#shell-header-logo"}
RESULT: {"using":"css selector","value":"#shell-header-logo"}
COMMAND: POST /session/a49a846f150ab9031b86585360f30ac3/element/f.6CD6B7C80D08F775EB7D2FFF8B2C9AB5.d.774F3988F2CE5CE542CF8DB00D3475E1.e.16303/click - {}
RESULT: {}
COMMAND: GET /session/a49a846f150ab9031b86585360f30ac3/screenshot - {}
RESULT: {}
]]></system-out>
    </testcase>
    <testcase classname="chrome.135_0_7049_96.windows.Performance_based_billing_(work_days)_US139742" name="Should create a new contract" time="56.765">
      <system-out><![CDATA[
COMMAND: POST /session/a49a846f150ab9031b86585360f30ac3/execute/async - {"script":"<script> [1562 bytes]","args":[{"selector":{"controlType":"sap.m.Text","viewName":"etm.portal.ui.managecontractstile.view.Master","properties":{"text":"Manage Contracts"},"interaction":{"idSuffix":"inner"}},"wdio_ui5_key":"etmportal.ui.managecontractstile.view.Mastersap.m.Text{\"text\":\"Manage Contracts\"}"}]}
RESULT: {"script":"<script> [1562 bytes]","args":[{"selector":{"controlType":"sap.m.Text","viewName":"etm.portal.ui.managecontractstile.view.Master","properties":{"text":"Manage Contracts"},"interaction":{"idSuffix":"inner"}},"wdio_ui5_key":"etmportal.ui.managecontractstile.view.Mastersap.m.Text{\"text\":\"Manage Contracts\"}"}]}
RESULT: undefined
COMMAND: POST /session/a49a846f150ab9031b86585360f30ac3/element - {"using":"xpath","value":"//*[@id=\"__tile130-title\"]"}
RESULT: {"using":"xpath","value":"//*[@id=\"__tile130-title\"]"}
COMMAND: POST /session/a49a846f150ab9031b86585360f30ac3/element/f.6CD6B7C80D08F775EB7D2FFF8B2C9AB5.d.774F3988F2CE5CE542CF8DB00D3475E1.e.17105/click - {}
RESULT: {}
COMMAND: GET /session/a49a846f150ab9031b86585360f30ac3/screenshot - {}
COMMAND: POST /session/a49a846f150ab9031b86585360f30ac3/element - {"using":"xpath","value":"//button[@data-kt=\"addButton\"]"}
RESULT: {}
RESULT: {"using":"xpath","value":"//button[@data-kt=\"addButton\"]"}
COMMAND: POST /session/a49a846f150ab9031b86585360f30ac3/elements - {"using":"xpath","value":"//button[@data-kt=\"addButton\"]"}
RESULT: {"using":"xpath","value":"//button[@data-kt=\"addButton\"]"}
COMMAND: POST /session/a49a846f150ab9031b86585360f30ac3/execute/sync - {"script":"<script> [8489 bytes]","args":[{"element-6066-11e4-a52e-4f735466cecf":"f.6CD6B7C80D08F775EB7D2FFF8B2C9AB5.d.774F3988F2CE5CE542CF8DB00D3475E1.e.17174","ELEMENT":"f.6CD6B7C80D08F775EB7D2FFF8B2C9AB5.d.774F3988F2CE5CE542CF8DB00D3475E1.e.17174"}]}
RESULT: {"script":"<script> [8489 bytes]","args":[{"element-6066-11e4-a52e-4f735466cecf":"f.6CD6B7C80D08F775EB7D2FFF8B2C9AB5.d.774F3988F2CE5CE542CF8DB00D3475E1.e.17174","ELEMENT":"f.6CD6B7C80D08F775EB7D2FFF8B2C9AB5.d.774F3988F2CE5CE542CF8DB00D3475E1.e.17174"}]}
COMMAND: GET /session/a49a846f150ab9031b86585360f30ac3/element/f.6CD6B7C80D08F775EB7D2FFF8B2C9AB5.d.774F3988F2CE5CE542CF8DB00D3475E1.e.17174/enabled - {}
COMMAND: GET /session/a49a846f150ab9031b86585360f30ac3/screenshot - {}
RESULT: {}
COMMAND: POST /session/a49a846f150ab9031b86585360f30ac3/execute/sync - {"script":"<script> [8489 bytes]","args":[{"element-6066-11e4-a52e-4f735466cecf":"f.6CD6B7C80D08F775EB7D2FFF8B2C9AB5.d.774F3988F2CE5CE542CF8DB00D3475E1.e.17174","ELEMENT":"f.6CD6B7C80D08F775EB7D2FFF8B2C9AB5.d.774F3988F2CE5CE542CF8DB00D3475E1.e.17174"}]}
COMMAND: GET /session/a49a846f150ab9031b86585360f30ac3/screenshot - {}
RESULT: {}
RESULT: {"script":"<script> [8489 bytes]","args":[{"element-6066-11e4-a52e-4f735466cecf":"f.6CD6B7C80D08F775EB7D2FFF8B2C9AB5.d.774F3988F2CE5CE542CF8DB00D3475E1.e.17174","ELEMENT":"f.6CD6B7C80D08F775EB7D2FFF8B2C9AB5.d.774F3988F2CE5CE542CF8DB00D3475E1.e.17174"}]}
COMMAND: POST /session/a49a846f150ab9031b86585360f30ac3/execute/sync - {"script":"<script> [5351 bytes]","args":[{"element-6066-11e4-a52e-4f735466cecf":"f.6CD6B7C80D08F775EB7D2FFF8B2C9AB5.d.774F3988F2CE5CE542CF8DB00D3475E1.e.17174","ELEMENT":"f.6CD6B7C80D08F775EB7D2FFF8B2C9AB5.d.774F3988F2CE5CE542CF8DB00D3475E1.e.17174"}]}
COMMAND: GET /session/a49a846f150ab9031b86585360f30ac3/screenshot - {}
RESULT: {}
RESULT: {"script":"<script> [5351 bytes]","args":[{"element-6066-11e4-a52e-4f735466cecf":"f.6CD6B7C80D08F775EB7D2FFF8B2C9AB5.d.774F3988F2CE5CE542CF8DB00D3475E1.e.17174","ELEMENT":"f.6CD6B7C80D08F775EB7D2FFF8B2C9AB5.d.774F3988F2CE5CE542CF8DB00D3475E1.e.17174"}]}
COMMAND: GET /session/a49a846f150ab9031b86585360f30ac3/screenshot - {}
RESULT: {}
RESULT: {}
COMMAND: POST /session/a49a846f150ab9031b86585360f30ac3/element/f.6CD6B7C80D08F775EB7D2FFF8B2C9AB5.d.774F3988F2CE5CE542CF8DB00D3475E1.e.17174/click - {}
RESULT: {}
COMMAND: GET /session/a49a846f150ab9031b86585360f30ac3/screenshot - {}
RESULT: {}
COMMAND: POST /session/a49a846f150ab9031b86585360f30ac3/execute/async - {"script":"<script> [1562 bytes]","args":[{"selector":{"id":"application-managecontracts-display-component---AddNewContract--projectDescription","interaction":{"idSuffix":"inner"}},"wdio_ui5_key":"applicationmanagecontracts-display-component---AddNewContract--projectDescription"}]}
RESULT: {"script":"<script> [1562 bytes]","args":[{"selector":{"id":"application-managecontracts-display-component---AddNewContract--projectDescription","interaction":{"idSuffix":"inner"}},"wdio_ui5_key":"applicationmanagecontracts-display-component---AddNewContract--projectDescription"}]}
RESULT: undefined
COMMAND: POST /session/a49a846f150ab9031b86585360f30ac3/execute/async - {"script":"<script> [776 bytes]","args":[{"enterText":"Performance Contract WDIO","selector":{"id":"application-managecontracts-display-component---AddNewContract--projectDescription","interaction":{"idSuffix":"inner"}},"clearTextFirst":true,"interactionType":"ENTER_TEXT"}]}
RESULT: {"script":"<script> [776 bytes]","args":[{"enterText":"Performance Contract WDIO","selector":{"id":"application-managecontracts-display-component---AddNewContract--projectDescription","interaction":{"idSuffix":"inner"}},"clearTextFirst":true,"interactionType":"ENTER_TEXT"}]}
COMMAND: POST /session/a49a846f150ab9031b86585360f30ac3/element - {"using":"xpath","value":"//input[@id=\"application-managecontracts-display-component---AddNewContract--site-inner\"]"}
RESULT: {"using":"xpath","value":"//input[@id=\"application-managecontracts-display-component---AddNewContract--site-inner\"]"}
COMMAND: POST /session/a49a846f150ab9031b86585360f30ac3/element/f.6CD6B7C80D08F775EB7D2FFF8B2C9AB5.d.774F3988F2CE5CE542CF8DB00D3475E1.e.17470/clear - {}
RESULT: {}
COMMAND: POST /session/a49a846f150ab9031b86585360f30ac3/element/f.6CD6B7C80D08F775EB7D2FFF8B2C9AB5.d.774F3988F2CE5CE542CF8DB00D3475E1.e.17470/value - {"text":"2218"}
COMMAND: GET /session/a49a846f150ab9031b86585360f30ac3/screenshot - {}
RESULT: {"text":"2218"}
COMMAND: GET /session/a49a846f150ab9031b86585360f30ac3/screenshot - {}
RESULT: {}
RESULT: {}
COMMAND: POST /session/a49a846f150ab9031b86585360f30ac3/element - {"using":"xpath","value":"//li[.//span[text()='2218']]"}
RESULT: {"using":"xpath","value":"//li[.//span[text()='2218']]"}
COMMAND: POST /session/a49a846f150ab9031b86585360f30ac3/element/f.6CD6B7C80D08F775EB7D2FFF8B2C9AB5.d.774F3988F2CE5CE542CF8DB00D3475E1.e.17494/click - {}
RESULT: {}
COMMAND: GET /session/a49a846f150ab9031b86585360f30ac3/screenshot - {}
RESULT: {}
COMMAND: POST /session/a49a846f150ab9031b86585360f30ac3/element - {"using":"xpath","value":"//input[@id=\"application-managecontracts-display-component---AddNewContract--yardId-inner\"]"}
RESULT: {"using":"xpath","value":"//input[@id=\"application-managecontracts-display-component---AddNewContract--yardId-inner\"]"}
COMMAND: GET /session/a49a846f150ab9031b86585360f30ac3/element/f.6CD6B7C80D08F775EB7D2FFF8B2C9AB5.d.774F3988F2CE5CE542CF8DB00D3475E1.e.17471/property/value - {}
RESULT: {}
COMMAND: POST /session/a49a846f150ab9031b86585360f30ac3/element - {"using":"xpath","value":"//input[@id=\"application-managecontracts-display-component---AddNewContract--customerSelect-inner\"]"}
COMMAND: GET /session/a49a846f150ab9031b86585360f30ac3/screenshot - {}
RESULT: {"using":"xpath","value":"//input[@id=\"application-managecontracts-display-component---AddNewContract--customerSelect-inner\"]"}
COMMAND: POST /session/a49a846f150ab9031b86585360f30ac3/element/f.6CD6B7C80D08F775EB7D2FFF8B2C9AB5.d.774F3988F2CE5CE542CF8DB00D3475E1.e.17469/clear - {}
RESULT: {}
RESULT: {}
COMMAND: POST /session/a49a846f150ab9031b86585360f30ac3/element/f.6CD6B7C80D08F775EB7D2FFF8B2C9AB5.d.774F3988F2CE5CE542CF8DB00D3475E1.e.17469/value - {"text":"1247"}
COMMAND: GET /session/a49a846f150ab9031b86585360f30ac3/screenshot - {}
RESULT: {"text":"1247"}
COMMAND: GET /session/a49a846f150ab9031b86585360f30ac3/screenshot - {}
COMMAND: POST /session/a49a846f150ab9031b86585360f30ac3/element - {"using":"xpath","value":"//li[.//span[text()='1247']]"}
RESULT: {}
RESULT: {}
RESULT: {"using":"xpath","value":"//li[.//span[text()='1247']]"}
COMMAND: POST /session/a49a846f150ab9031b86585360f30ac3/element/f.6CD6B7C80D08F775EB7D2FFF8B2C9AB5.d.774F3988F2CE5CE542CF8DB00D3475E1.e.17497/click - {}
RESULT: {}
COMMAND: GET /session/a49a846f150ab9031b86585360f30ac3/screenshot - {}
RESULT: {}
COMMAND: POST /session/a49a846f150ab9031b86585360f30ac3/element - {"using":"xpath","value":"//button[@data-kt=\"saveButton\"]"}
RESULT: {"using":"xpath","value":"//button[@data-kt=\"saveButton\"]"}
COMMAND: POST /session/a49a846f150ab9031b86585360f30ac3/element/f.6CD6B7C80D08F775EB7D2FFF8B2C9AB5.d.774F3988F2CE5CE542CF8DB00D3475E1.e.17486/click - {}
RESULT: {}
COMMAND: GET /session/a49a846f150ab9031b86585360f30ac3/screenshot - {}
RESULT: {}
COMMAND: POST /session/a49a846f150ab9031b86585360f30ac3/element - {"using":"xpath","value":"//span[contains(@id ,\"contractDetailTitleNoExpanded\")]"}
RESULT: {"using":"xpath","value":"//span[contains(@id ,\"contractDetailTitleNoExpanded\")]"}
COMMAND: POST /session/a49a846f150ab9031b86585360f30ac3/elements - {"using":"xpath","value":"//span[contains(@id ,\"contractDetailTitleNoExpanded\")]"}
RESULT: {"using":"xpath","value":"//span[contains(@id ,\"contractDetailTitleNoExpanded\")]"}
COMMAND: POST /session/a49a846f150ab9031b86585360f30ac3/execute/sync - {"script":"<script> [56 bytes]","args":[{"element-6066-11e4-a52e-4f735466cecf":"f.6CD6B7C80D08F775EB7D2FFF8B2C9AB5.d.774F3988F2CE5CE542CF8DB00D3475E1.e.17567","ELEMENT":"f.6CD6B7C80D08F775EB7D2FFF8B2C9AB5.d.774F3988F2CE5CE542CF8DB00D3475E1.e.17567"}]}
RESULT: {"script":"<script> [56 bytes]","args":[{"element-6066-11e4-a52e-4f735466cecf":"f.6CD6B7C80D08F775EB7D2FFF8B2C9AB5.d.774F3988F2CE5CE542CF8DB00D3475E1.e.17567","ELEMENT":"f.6CD6B7C80D08F775EB7D2FFF8B2C9AB5.d.774F3988F2CE5CE542CF8DB00D3475E1.e.17567"}]}
COMMAND: GET /session/a49a846f150ab9031b86585360f30ac3/screenshot - {}
RESULT: {}
]]></system-out>
    </testcase>
    <testcase classname="chrome.135_0_7049_96.windows.Performance_based_billing_(work_days)_US139742" name="Should add equipment to the contract" time="53.092">
      <system-out><![CDATA[
COMMAND: POST /session/a49a846f150ab9031b86585360f30ac3/element - {"using":"xpath","value":"//button[@data-kt=\"contractDetailEditBtnButton\"]"}
RESULT: {"using":"xpath","value":"//button[@data-kt=\"contractDetailEditBtnButton\"]"}
COMMAND: POST /session/a49a846f150ab9031b86585360f30ac3/element/f.6CD6B7C80D08F775EB7D2FFF8B2C9AB5.d.774F3988F2CE5CE542CF8DB00D3475E1.e.17568/click - {}
RESULT: {}
COMMAND: GET /session/a49a846f150ab9031b86585360f30ac3/screenshot - {}
RESULT: {}
COMMAND: POST /session/a49a846f150ab9031b86585360f30ac3/element - {"using":"xpath","value":"(//span[contains(text(), \"Additional Addresses\")])[2]"}
RESULT: {"using":"xpath","value":"(//span[contains(text(), \"Additional Addresses\")])[2]"}
COMMAND: POST /session/a49a846f150ab9031b86585360f30ac3/element/f.6CD6B7C80D08F775EB7D2FFF8B2C9AB5.d.774F3988F2CE5CE542CF8DB00D3475E1.e.17622/click - {}
RESULT: {}
COMMAND: GET /session/a49a846f150ab9031b86585360f30ac3/screenshot - {}
RESULT: {}
COMMAND: POST /session/a49a846f150ab9031b86585360f30ac3/element - {"using":"xpath","value":"//button[@data-kt=\"btnAddTableRowOverflowToolbarButton\"]"}
RESULT: {"using":"xpath","value":"//button[@data-kt=\"btnAddTableRowOverflowToolbarButton\"]"}
COMMAND: POST /session/a49a846f150ab9031b86585360f30ac3/element/f.6CD6B7C80D08F775EB7D2FFF8B2C9AB5.d.774F3988F2CE5CE542CF8DB00D3475E1.e.17626/click - {}
RESULT: {}
COMMAND: GET /session/a49a846f150ab9031b86585360f30ac3/screenshot - {}
RESULT: {}
COMMAND: POST /session/a49a846f150ab9031b86585360f30ac3/element - {"using":"xpath","value":"//div[(text() = 'Standard Entry' or . = 'Standard Entry')]"}
RESULT: {"using":"xpath","value":"//div[(text() = 'Standard Entry' or . = 'Standard Entry')]"}
COMMAND: POST /session/a49a846f150ab9031b86585360f30ac3/element/f.6CD6B7C80D08F775EB7D2FFF8B2C9AB5.d.774F3988F2CE5CE542CF8DB00D3475E1.e.17628/click - {}
RESULT: {}
COMMAND: GET /session/a49a846f150ab9031b86585360f30ac3/screenshot - {}
RESULT: {}
COMMAND: POST /session/a49a846f150ab9031b86585360f30ac3/element - {"using":"xpath","value":"//td[7]/div/div/input"}
RESULT: {"using":"xpath","value":"//td[7]/div/div/input"}
COMMAND: POST /session/a49a846f150ab9031b86585360f30ac3/element/f.6CD6B7C80D08F775EB7D2FFF8B2C9AB5.d.774F3988F2CE5CE542CF8DB00D3475E1.e.17637/clear - {}
RESULT: {}
COMMAND: POST /session/a49a846f150ab9031b86585360f30ac3/element/f.6CD6B7C80D08F775EB7D2FFF8B2C9AB5.d.774F3988F2CE5CE542CF8DB00D3475E1.e.17637/value - {"text":"T7Ebv6YAyG"}
COMMAND: GET /session/a49a846f150ab9031b86585360f30ac3/screenshot - {}
RESULT: {"text":"T7Ebv6YAyG"}
COMMAND: GET /session/a49a846f150ab9031b86585360f30ac3/screenshot - {}
RESULT: {}
RESULT: {}
COMMAND: POST /session/a49a846f150ab9031b86585360f30ac3/actions - {"actions":[{"id":"action61","type":"key","parameters":{},"actions":[{"type":"keyDown","value":"î€‡"},{"type":"pause","duration":10},{"type":"keyUp","value":"î€‡"}]}]}
RESULT: {"actions":[{"id":"action61","type":"key","parameters":{},"actions":[{"type":"keyDown","value":"î€‡"},{"type":"pause","duration":10},{"type":"keyUp","value":"î€‡"}]}]}
COMMAND: GET /session/a49a846f150ab9031b86585360f30ac3/screenshot - {}
RESULT: {}
COMMAND: POST /session/a49a846f150ab9031b86585360f30ac3/element - {"using":"xpath","value":"(//button[@data-kt=\"saveButton\"])[2]"}
RESULT: {"using":"xpath","value":"(//button[@data-kt=\"saveButton\"])[2]"}
COMMAND: POST /session/a49a846f150ab9031b86585360f30ac3/element/f.6CD6B7C80D08F775EB7D2FFF8B2C9AB5.d.774F3988F2CE5CE542CF8DB00D3475E1.e.17652/click - {}
RESULT: {}
COMMAND: GET /session/a49a846f150ab9031b86585360f30ac3/screenshot - {}
RESULT: {}
COMMAND: POST /session/a49a846f150ab9031b86585360f30ac3/element - {"using":"xpath","value":"//span[contains(@id ,\"contractItemsSmartTable-header-inner\")]"}
RESULT: {"using":"xpath","value":"//span[contains(@id ,\"contractItemsSmartTable-header-inner\")]"}
COMMAND: POST /session/a49a846f150ab9031b86585360f30ac3/elements - {"using":"xpath","value":"//span[contains(@id ,\"contractItemsSmartTable-header-inner\")]"}
RESULT: {"using":"xpath","value":"//span[contains(@id ,\"contractItemsSmartTable-header-inner\")]"}
COMMAND: POST /session/a49a846f150ab9031b86585360f30ac3/execute/sync - {"script":"<script> [56 bytes]","args":[{"element-6066-11e4-a52e-4f735466cecf":"f.6CD6B7C80D08F775EB7D2FFF8B2C9AB5.d.774F3988F2CE5CE542CF8DB00D3475E1.e.17656","ELEMENT":"f.6CD6B7C80D08F775EB7D2FFF8B2C9AB5.d.774F3988F2CE5CE542CF8DB00D3475E1.e.17656"}]}
RESULT: {"script":"<script> [56 bytes]","args":[{"element-6066-11e4-a52e-4f735466cecf":"f.6CD6B7C80D08F775EB7D2FFF8B2C9AB5.d.774F3988F2CE5CE542CF8DB00D3475E1.e.17656","ELEMENT":"f.6CD6B7C80D08F775EB7D2FFF8B2C9AB5.d.774F3988F2CE5CE542CF8DB00D3475E1.e.17656"}]}
]]></system-out>
    </testcase>
    <testcase classname="chrome.135_0_7049_96.windows.Performance_based_billing_(work_days)_US139742" name="Should do a provide to site handover" time="57.384">
      <system-out><![CDATA[
COMMAND: POST /session/a49a846f150ab9031b86585360f30ac3/element - {"using":"xpath","value":"//button[@data-kt=\"provideButton\"]"}
COMMAND: GET /session/a49a846f150ab9031b86585360f30ac3/screenshot - {}
RESULT: {"using":"xpath","value":"//button[@data-kt=\"provideButton\"]"}
COMMAND: POST /session/a49a846f150ab9031b86585360f30ac3/element/f.6CD6B7C80D08F775EB7D2FFF8B2C9AB5.d.774F3988F2CE5CE542CF8DB00D3475E1.e.17657/click - {}
RESULT: {}
RESULT: {}
COMMAND: GET /session/a49a846f150ab9031b86585360f30ac3/screenshot - {}
RESULT: undefined
COMMAND: POST /session/a49a846f150ab9031b86585360f30ac3/execute/async - {"script":"<script> [6424 bytes]","args":[{"element-6066-11e4-a52e-4f735466cecf":"f.6CD6B7C80D08F775EB7D2FFF8B2C9AB5.d.774F3988F2CE5CE542CF8DB00D3475E1.e.16701"},"setValue",["04/29/2025"]]}
RESULT: {}
COMMAND: POST /session/a49a846f150ab9031b86585360f30ac3/execute/async - {"script":"<script> [1562 bytes]","args":[{"selector":{"id":"application-managehandovers-display-component---AddNewHO--dueDate","interaction":{"idSuffix":"inner"}},"wdio_ui5_key":"applicationmanagehandovers-display-component---AddNewHO--dueDate"}]}
RESULT: {"script":"<script> [1562 bytes]","args":[{"selector":{"id":"application-managehandovers-display-component---AddNewHO--dueDate","interaction":{"idSuffix":"inner"}},"wdio_ui5_key":"applicationmanagehandovers-display-component---AddNewHO--dueDate"}]}
COMMAND: POST /session/a49a846f150ab9031b86585360f30ac3/execute/async - {"script":"<script> [6424 bytes]","args":[{"element-6066-11e4-a52e-4f735466cecf":"f.6CD6B7C80D08F775EB7D2FFF8B2C9AB5.d.774F3988F2CE5CE542CF8DB00D3475E1.e.17716"},"setValue",["04/29/2025"]]}
RESULT: {"script":"<script> [6424 bytes]","args":[{"element-6066-11e4-a52e-4f735466cecf":"f.6CD6B7C80D08F775EB7D2FFF8B2C9AB5.d.774F3988F2CE5CE542CF8DB00D3475E1.e.17716"},"setValue",["04/29/2025"]]}
COMMAND: POST /session/a49a846f150ab9031b86585360f30ac3/element - {"using":"xpath","value":"//bdi[contains(text(), \"Instructions\")]"}
RESULT: {"using":"xpath","value":"//bdi[contains(text(), \"Instructions\")]"}
COMMAND: POST /session/a49a846f150ab9031b86585360f30ac3/element/f.6CD6B7C80D08F775EB7D2FFF8B2C9AB5.d.774F3988F2CE5CE542CF8DB00D3475E1.e.17972/click - {}
RESULT: {}
COMMAND: GET /session/a49a846f150ab9031b86585360f30ac3/screenshot - {}
RESULT: {}
COMMAND: POST /session/a49a846f150ab9031b86585360f30ac3/element - {"using":"xpath","value":"//button[@data-kt=\"AddNewHOProvideAddItemsButton\"]"}
RESULT: {"using":"xpath","value":"//button[@data-kt=\"AddNewHOProvideAddItemsButton\"]"}
COMMAND: POST /session/a49a846f150ab9031b86585360f30ac3/element/f.6CD6B7C80D08F775EB7D2FFF8B2C9AB5.d.774F3988F2CE5CE542CF8DB00D3475E1.e.17976/click - {}
RESULT: {}
COMMAND: GET /session/a49a846f150ab9031b86585360f30ac3/screenshot - {}
RESULT: {}
RESULT: undefined
COMMAND: POST /session/a49a846f150ab9031b86585360f30ac3/element - {"using":"xpath","value":"//*[@id=\"application-managehandovers-display-component---AddNewHO--popup-sa\"]"}
RESULT: {"using":"xpath","value":"//*[@id=\"application-managehandovers-display-component---AddNewHO--popup-sa\"]"}
COMMAND: POST /session/a49a846f150ab9031b86585360f30ac3/element/f.6CD6B7C80D08F775EB7D2FFF8B2C9AB5.d.774F3988F2CE5CE542CF8DB00D3475E1.e.17986/click - {}
RESULT: {}
COMMAND: GET /session/a49a846f150ab9031b86585360f30ac3/screenshot - {}
RESULT: {}
COMMAND: POST /session/a49a846f150ab9031b86585360f30ac3/element - {"using":"xpath","value":"//*[contains(@id ,\"BDI-content\")][contains(text(), \"Select\")]"}
RESULT: {"using":"xpath","value":"//*[contains(@id ,\"BDI-content\")][contains(text(), \"Select\")]"}
COMMAND: POST /session/a49a846f150ab9031b86585360f30ac3/element/f.6CD6B7C80D08F775EB7D2FFF8B2C9AB5.d.774F3988F2CE5CE542CF8DB00D3475E1.e.17987/click - {}
RESULT: {}
COMMAND: GET /session/a49a846f150ab9031b86585360f30ac3/screenshot - {}
RESULT: {}
COMMAND: POST /session/a49a846f150ab9031b86585360f30ac3/execute/async - {"script":"<script> [1562 bytes]","args":[{"selector":{"id":"application-managehandovers-display-component---AddNewHO--confirmCreationButton","interaction":{"idSuffix":"BDI-content"}},"wdio_ui5_key":"applicationmanagehandovers-display-component---AddNewHO--confirmCreationButton"}]}
RESULT: {"script":"<script> [1562 bytes]","args":[{"selector":{"id":"application-managehandovers-display-component---AddNewHO--confirmCreationButton","interaction":{"idSuffix":"BDI-content"}},"wdio_ui5_key":"applicationmanagehandovers-display-component---AddNewHO--confirmCreationButton"}]}
RESULT: undefined
COMMAND: POST /session/a49a846f150ab9031b86585360f30ac3/element - {"using":"xpath","value":"//*[@id=\"application-managehandovers-display-component---AddNewHO--confirmCreationButton\"]"}
RESULT: {"using":"xpath","value":"//*[@id=\"application-managehandovers-display-component---AddNewHO--confirmCreationButton\"]"}
COMMAND: POST /session/a49a846f150ab9031b86585360f30ac3/element/f.6CD6B7C80D08F775EB7D2FFF8B2C9AB5.d.774F3988F2CE5CE542CF8DB00D3475E1.e.17782/click - {}
RESULT: {}
COMMAND: GET /session/a49a846f150ab9031b86585360f30ac3/screenshot - {}
RESULT: {}
COMMAND: POST /session/a49a846f150ab9031b86585360f30ac3/element - {"using":"xpath","value":"//button[@data-kt=\"PickingTableConfirmAllButton\"]"}
RESULT: {"using":"xpath","value":"//button[@data-kt=\"PickingTableConfirmAllButton\"]"}
COMMAND: POST /session/a49a846f150ab9031b86585360f30ac3/element/f.6CD6B7C80D08F775EB7D2FFF8B2C9AB5.d.774F3988F2CE5CE542CF8DB00D3475E1.e.18023/click - {}
COMMAND: POST /session/a49a846f150ab9031b86585360f30ac3/element - {"using":"xpath","value":"//button[@data-kt=\"PickingTableConfirmAllButton\"]"}
RESULT: {"using":"xpath","value":"//button[@data-kt=\"PickingTableConfirmAllButton\"]"}
COMMAND: POST /session/a49a846f150ab9031b86585360f30ac3/element/f.6CD6B7C80D08F775EB7D2FFF8B2C9AB5.d.774F3988F2CE5CE542CF8DB00D3475E1.e.18023/click - {}
COMMAND: POST /session/a49a846f150ab9031b86585360f30ac3/element - {"using":"xpath","value":"//button[@data-kt=\"PickingTableConfirmAllButton\"]"}
RESULT: {"using":"xpath","value":"//button[@data-kt=\"PickingTableConfirmAllButton\"]"}
COMMAND: POST /session/a49a846f150ab9031b86585360f30ac3/element/f.6CD6B7C80D08F775EB7D2FFF8B2C9AB5.d.774F3988F2CE5CE542CF8DB00D3475E1.e.18045/click - {}
RESULT: {}
COMMAND: GET /session/a49a846f150ab9031b86585360f30ac3/screenshot - {}
RESULT: {}
COMMAND: POST /session/a49a846f150ab9031b86585360f30ac3/element - {"using":"xpath","value":"//bdi[contains(text(), \"OK\")]"}
RESULT: {"using":"xpath","value":"//bdi[contains(text(), \"OK\")]"}
COMMAND: POST /session/a49a846f150ab9031b86585360f30ac3/element/f.6CD6B7C80D08F775EB7D2FFF8B2C9AB5.d.774F3988F2CE5CE542CF8DB00D3475E1.e.18049/click - {}
RESULT: {}
COMMAND: GET /session/a49a846f150ab9031b86585360f30ac3/screenshot - {}
RESULT: {}
COMMAND: POST /session/a49a846f150ab9031b86585360f30ac3/element - {"using":"xpath","value":"//bdi[contains(text(), \"Ok\")]"}
RESULT: {"using":"xpath","value":"//bdi[contains(text(), \"Ok\")]"}
COMMAND: POST /session/a49a846f150ab9031b86585360f30ac3/element/f.6CD6B7C80D08F775EB7D2FFF8B2C9AB5.d.774F3988F2CE5CE542CF8DB00D3475E1.e.18058/click - {}
RESULT: {}
COMMAND: GET /session/a49a846f150ab9031b86585360f30ac3/screenshot - {}
RESULT: {}
COMMAND: POST /session/a49a846f150ab9031b86585360f30ac3/element - {"using":"xpath","value":"//bdi[contains(text(), \"Issue\")]"}
RESULT: {"using":"xpath","value":"//bdi[contains(text(), \"Issue\")]"}
COMMAND: POST /session/a49a846f150ab9031b86585360f30ac3/element/f.6CD6B7C80D08F775EB7D2FFF8B2C9AB5.d.774F3988F2CE5CE542CF8DB00D3475E1.e.18060/click - {}
RESULT: {}
COMMAND: GET /session/a49a846f150ab9031b86585360f30ac3/screenshot - {}
RESULT: {}
COMMAND: POST /session/a49a846f150ab9031b86585360f30ac3/element - {"using":"css selector","value":"#shell-header-logo"}
RESULT: {"using":"css selector","value":"#shell-header-logo"}
COMMAND: POST /session/a49a846f150ab9031b86585360f30ac3/element/f.6CD6B7C80D08F775EB7D2FFF8B2C9AB5.d.774F3988F2CE5CE542CF8DB00D3475E1.e.17108/click - {}
RESULT: {}
COMMAND: GET /session/a49a846f150ab9031b86585360f30ac3/screenshot - {}
RESULT: {}
]]></system-out>
    </testcase>
    <testcase classname="chrome.135_0_7049_96.windows.Performance_based_billing_(work_days)_US139742" name="Should create a few performance documents" time="94.589">
      <system-out><![CDATA[
COMMAND: POST /session/a49a846f150ab9031b86585360f30ac3/window/fullscreen - {}
RESULT: {}
COMMAND: POST /session/a49a846f150ab9031b86585360f30ac3/execute/async - {"script":"<script> [1562 bytes]","args":[{"selector":{"controlType":"sap.m.GenericTile","properties":{"header":"Manage States & Performance"}},"wdio_ui5_key":"sapm.GenericTile{\"header\":\"Manage States & Performance\"}"}]}
RESULT: {"script":"<script> [1562 bytes]","args":[{"selector":{"controlType":"sap.m.GenericTile","properties":{"header":"Manage States & Performance"}},"wdio_ui5_key":"sapm.GenericTile{\"header\":\"Manage States & Performance\"}"}]}
RESULT: undefined
COMMAND: POST /session/a49a846f150ab9031b86585360f30ac3/element - {"using":"xpath","value":"//*[@id=\"__tile56\"]"}
RESULT: {"using":"xpath","value":"//*[@id=\"__tile56\"]"}
COMMAND: POST /session/a49a846f150ab9031b86585360f30ac3/element/f.6CD6B7C80D08F775EB7D2FFF8B2C9AB5.d.774F3988F2CE5CE542CF8DB00D3475E1.e.14404/click - {}
RESULT: {}
COMMAND: POST /session/a49a846f150ab9031b86585360f30ac3/element - {"using":"xpath","value":"//div[@id=\"application-managestatesandperformance-display-component---stateAndPerform--smartFilterBarResources-btnBasicSearch\"]"}
COMMAND: GET /session/a49a846f150ab9031b86585360f30ac3/screenshot - {}
RESULT: {"using":"xpath","value":"//div[@id=\"application-managestatesandperformance-display-component---stateAndPerform--smartFilterBarResources-btnBasicSearch\"]"}
COMMAND: POST /session/a49a846f150ab9031b86585360f30ac3/elements - {"using":"xpath","value":"//div[@id=\"application-managestatesandperformance-display-component---stateAndPerform--smartFilterBarResources-btnBasicSearch\"]"}
RESULT: {}
RESULT: {"using":"xpath","value":"//div[@id=\"application-managestatesandperformance-display-component---stateAndPerform--smartFilterBarResources-btnBasicSearch\"]"}
COMMAND: POST /session/a49a846f150ab9031b86585360f30ac3/element - {"using":"xpath","value":"//div[@id=\"application-managestatesandperformance-display-component---stateAndPerform--smartFilterBarResources-btnBasicSearch\"]"}
RESULT: {"using":"xpath","value":"//div[@id=\"application-managestatesandperformance-display-component---stateAndPerform--smartFilterBarResources-btnBasicSearch\"]"}
COMMAND: POST /session/a49a846f150ab9031b86585360f30ac3/execute/sync - {"script":"<script> [8489 bytes]","args":[{"element-6066-11e4-a52e-4f735466cecf":"f.6CD6B7C80D08F775EB7D2FFF8B2C9AB5.d.774F3988F2CE5CE542CF8DB00D3475E1.e.18281","ELEMENT":"f.6CD6B7C80D08F775EB7D2FFF8B2C9AB5.d.774F3988F2CE5CE542CF8DB00D3475E1.e.18281"}]}
RESULT: {"script":"<script> [8489 bytes]","args":[{"element-6066-11e4-a52e-4f735466cecf":"f.6CD6B7C80D08F775EB7D2FFF8B2C9AB5.d.774F3988F2CE5CE542CF8DB00D3475E1.e.18281","ELEMENT":"f.6CD6B7C80D08F775EB7D2FFF8B2C9AB5.d.774F3988F2CE5CE542CF8DB00D3475E1.e.18281"}]}
COMMAND: GET /session/a49a846f150ab9031b86585360f30ac3/element/f.6CD6B7C80D08F775EB7D2FFF8B2C9AB5.d.774F3988F2CE5CE542CF8DB00D3475E1.e.18281/enabled - {}
COMMAND: GET /session/a49a846f150ab9031b86585360f30ac3/screenshot - {}
RESULT: {}
COMMAND: POST /session/a49a846f150ab9031b86585360f30ac3/execute/sync - {"script":"<script> [8489 bytes]","args":[{"element-6066-11e4-a52e-4f735466cecf":"f.6CD6B7C80D08F775EB7D2FFF8B2C9AB5.d.774F3988F2CE5CE542CF8DB00D3475E1.e.18281","ELEMENT":"f.6CD6B7C80D08F775EB7D2FFF8B2C9AB5.d.774F3988F2CE5CE542CF8DB00D3475E1.e.18281"}]}
COMMAND: GET /session/a49a846f150ab9031b86585360f30ac3/screenshot - {}
RESULT: {}
RESULT: {"script":"<script> [8489 bytes]","args":[{"element-6066-11e4-a52e-4f735466cecf":"f.6CD6B7C80D08F775EB7D2FFF8B2C9AB5.d.774F3988F2CE5CE542CF8DB00D3475E1.e.18281","ELEMENT":"f.6CD6B7C80D08F775EB7D2FFF8B2C9AB5.d.774F3988F2CE5CE542CF8DB00D3475E1.e.18281"}]}
COMMAND: POST /session/a49a846f150ab9031b86585360f30ac3/execute/sync - {"script":"<script> [5351 bytes]","args":[{"element-6066-11e4-a52e-4f735466cecf":"f.6CD6B7C80D08F775EB7D2FFF8B2C9AB5.d.774F3988F2CE5CE542CF8DB00D3475E1.e.18281","ELEMENT":"f.6CD6B7C80D08F775EB7D2FFF8B2C9AB5.d.774F3988F2CE5CE542CF8DB00D3475E1.e.18281"}]}
COMMAND: GET /session/a49a846f150ab9031b86585360f30ac3/screenshot - {}
RESULT: {}
RESULT: {"script":"<script> [5351 bytes]","args":[{"element-6066-11e4-a52e-4f735466cecf":"f.6CD6B7C80D08F775EB7D2FFF8B2C9AB5.d.774F3988F2CE5CE542CF8DB00D3475E1.e.18281","ELEMENT":"f.6CD6B7C80D08F775EB7D2FFF8B2C9AB5.d.774F3988F2CE5CE542CF8DB00D3475E1.e.18281"}]}
COMMAND: POST /session/a49a846f150ab9031b86585360f30ac3/execute/async - {"script":"<script> [1562 bytes]","args":[{"selector":{"id":"application-managestatesandperformance-display-component---stateAndPerform--smartFilterBarResources-btnBasicSearch","interaction":{"idSuffix":"I"}},"wdio_ui5_key":"applicationmanagestatesandperformance-display-component---stateAndPerform--smartFilterBarResources-btnBasicSearch"}]}
COMMAND: GET /session/a49a846f150ab9031b86585360f30ac3/screenshot - {}
RESULT: {}
RESULT: {"script":"<script> [1562 bytes]","args":[{"selector":{"id":"application-managestatesandperformance-display-component---stateAndPerform--smartFilterBarResources-btnBasicSearch","interaction":{"idSuffix":"I"}},"wdio_ui5_key":"applicationmanagestatesandperformance-display-component---stateAndPerform--smartFilterBarResources-btnBasicSearch"}]}
RESULT: undefined
COMMAND: POST /session/a49a846f150ab9031b86585360f30ac3/execute/async - {"script":"<script> [776 bytes]","args":[{"enterText":"T7Ebv6YAyG","selector":{"id":"application-managestatesandperformance-display-component---stateAndPerform--smartFilterBarResources-btnBasicSearch","interaction":{"idSuffix":"I"}},"clearTextFirst":true,"interactionType":"ENTER_TEXT"}]}
RESULT: {}
RESULT: {"script":"<script> [776 bytes]","args":[{"enterText":"T7Ebv6YAyG","selector":{"id":"application-managestatesandperformance-display-component---stateAndPerform--smartFilterBarResources-btnBasicSearch","interaction":{"idSuffix":"I"}},"clearTextFirst":true,"interactionType":"ENTER_TEXT"}]}
COMMAND: POST /session/a49a846f150ab9031b86585360f30ac3/actions - {"actions":[{"id":"action62","type":"key","parameters":{},"actions":[{"type":"keyDown","value":"î€‡"},{"type":"pause","duration":10},{"type":"keyUp","value":"î€‡"}]}]}
RESULT: {"actions":[{"id":"action62","type":"key","parameters":{},"actions":[{"type":"keyDown","value":"î€‡"},{"type":"pause","duration":10},{"type":"keyUp","value":"î€‡"}]}]}
COMMAND: GET /session/a49a846f150ab9031b86585360f30ac3/screenshot - {}
RESULT: {}
COMMAND: POST /session/a49a846f150ab9031b86585360f30ac3/execute/async - {"script":"<script> [1562 bytes]","args":[{"selector":{"id":"application-managestatesandperformance-display-component---stateAndPerform--stateAndPerformResourcesSmartTable-header"},"wdio_ui5_key":"applicationmanagestatesandperformance-display-component---stateAndPerform--stateAndPerformResourcesSmartTable-header"}]}
RESULT: {"script":"<script> [1562 bytes]","args":[{"selector":{"id":"application-managestatesandperformance-display-component---stateAndPerform--stateAndPerformResourcesSmartTable-header"},"wdio_ui5_key":"applicationmanagestatesandperformance-display-component---stateAndPerform--stateAndPerformResourcesSmartTable-header"}]}
RESULT: undefined
COMMAND: POST /session/a49a846f150ab9031b86585360f30ac3/execute/async - {"script":"<script> [6424 bytes]","args":[{"element-6066-11e4-a52e-4f735466cecf":"f.6CD6B7C80D08F775EB7D2FFF8B2C9AB5.d.774F3988F2CE5CE542CF8DB00D3475E1.e.18345"},"getText",[]]}
RESULT: {"script":"<script> [6424 bytes]","args":[{"element-6066-11e4-a52e-4f735466cecf":"f.6CD6B7C80D08F775EB7D2FFF8B2C9AB5.d.774F3988F2CE5CE542CF8DB00D3475E1.e.18345"},"getText",[]]}
COMMAND: POST /session/a49a846f150ab9031b86585360f30ac3/execute/async - {"script":"<script> [1562 bytes]","args":[{"selector":{"controlType":"sap.ui.core.Icon","viewName":"etm.portal.ui.managestatesandperformance.view.Master","viewId":"application-managestatesandperformance-display-component---stateAndPerform","properties":{"src":{"regex":{"source":"slim\\-arrow\\-right"}}}},"wdio_ui5_key":"etmportal.ui.managestatesandperformance.view.Mastersap.ui.core.Icon{\"src\":{\"regex\":{\"source\":\"slim\\\\-arrow\\\\-right\"}}}"}]}
RESULT: {"script":"<script> [1562 bytes]","args":[{"selector":{"controlType":"sap.ui.core.Icon","viewName":"etm.portal.ui.managestatesandperformance.view.Master","viewId":"application-managestatesandperformance-display-component---stateAndPerform","properties":{"src":{"regex":{"source":"slim\\-arrow\\-right"}}}},"wdio_ui5_key":"etmportal.ui.managestatesandperformance.view.Mastersap.ui.core.Icon{\"src\":{\"regex\":{\"source\":\"slim\\\\-arrow\\\\-right\"}}}"}]}
RESULT: undefined
COMMAND: POST /session/a49a846f150ab9031b86585360f30ac3/element - {"using":"xpath","value":"//*[@id=\"__item2289-__clone4019-imgNav\"]"}
RESULT: {"using":"xpath","value":"//*[@id=\"__item2289-__clone4019-imgNav\"]"}
COMMAND: POST /session/a49a846f150ab9031b86585360f30ac3/element/f.6CD6B7C80D08F775EB7D2FFF8B2C9AB5.d.774F3988F2CE5CE542CF8DB00D3475E1.e.18344/click - {}
RESULT: {}
COMMAND: GET /session/a49a846f150ab9031b86585360f30ac3/screenshot - {}
RESULT: {}
COMMAND: POST /session/a49a846f150ab9031b86585360f30ac3/execute/async - {"script":"<script> [1562 bytes]","args":[{"selector":{"controlType":"sap.m.Button","viewName":"etm.portal.ui.managestatesandperformance.view.Detail","viewId":"application-managestatesandperformance-display-component---detailStateAndPerform","properties":{"text":"Performance Documents"}},"wdio_ui5_key":"etmportal.ui.managestatesandperformance.view.Detailsap.m.Button{\"text\":\"Performance Documents\"}"}]}
RESULT: {"script":"<script> [1562 bytes]","args":[{"selector":{"controlType":"sap.m.Button","viewName":"etm.portal.ui.managestatesandperformance.view.Detail","viewId":"application-managestatesandperformance-display-component---detailStateAndPerform","properties":{"text":"Performance Documents"}},"wdio_ui5_key":"etmportal.ui.managestatesandperformance.view.Detailsap.m.Button{\"text\":\"Performance Documents\"}"}]}
RESULT: undefined
COMMAND: POST /session/a49a846f150ab9031b86585360f30ac3/element - {"using":"xpath","value":"//*[@id=\"__item2312-button\"]"}
RESULT: {"using":"xpath","value":"//*[@id=\"__item2312-button\"]"}
COMMAND: POST /session/a49a846f150ab9031b86585360f30ac3/element/f.6CD6B7C80D08F775EB7D2FFF8B2C9AB5.d.774F3988F2CE5CE542CF8DB00D3475E1.e.18392/click - {}
RESULT: {}
COMMAND: POST /session/a49a846f150ab9031b86585360f30ac3/execute/async - {"script":"<script> [1562 bytes]","args":[{"selector":{"controlType":"sap.m.Button","viewName":"etm.portal.ui.managestatesandperformance.view.Detail","viewId":"application-managestatesandperformance-display-component---detailStateAndPerform","i18NText":{"propertyName":"text","key":"createPerformanceDoc"},"interaction":{"idSuffix":"BDI-content"}},"wdio_ui5_key":"etmportal.ui.managestatesandperformance.view.Detailsap.m.Button{\"propertyName\":\"text\",\"key\":\"createPerformanceDoc\"}"}]}
COMMAND: GET /session/a49a846f150ab9031b86585360f30ac3/screenshot - {}
RESULT: {"script":"<script> [1562 bytes]","args":[{"selector":{"controlType":"sap.m.Button","viewName":"etm.portal.ui.managestatesandperformance.view.Detail","viewId":"application-managestatesandperformance-display-component---detailStateAndPerform","i18NText":{"propertyName":"text","key":"createPerformanceDoc"},"interaction":{"idSuffix":"BDI-content"}},"wdio_ui5_key":"etmportal.ui.managestatesandperformance.view.Detailsap.m.Button{\"propertyName\":\"text\",\"key\":\"createPerformanceDoc\"}"}]}
RESULT: undefined
COMMAND: POST /session/a49a846f150ab9031b86585360f30ac3/element - {"using":"xpath","value":"//*[@id=\"__button380\"]"}
RESULT: {}
RESULT: {"using":"xpath","value":"//*[@id=\"__button380\"]"}
COMMAND: POST /session/a49a846f150ab9031b86585360f30ac3/element/f.6CD6B7C80D08F775EB7D2FFF8B2C9AB5.d.774F3988F2CE5CE542CF8DB00D3475E1.e.18396/click - {}
RESULT: {}
COMMAND: POST /session/a49a846f150ab9031b86585360f30ac3/execute/async - {"script":"<script> [1562 bytes]","args":[{"selector":{"id":"application-managestatesandperformance-display-component---detailStateAndPerform--perfDocDatePicker","searchOpenDialogs":true,"interaction":{"idSuffix":"inner"}},"wdio_ui5_key":"applicationmanagestatesandperformance-display-component---detailStateAndPerform--perfDocDatePicker"}]}
COMMAND: GET /session/a49a846f150ab9031b86585360f30ac3/screenshot - {}
RESULT: {"script":"<script> [1562 bytes]","args":[{"selector":{"id":"application-managestatesandperformance-display-component---detailStateAndPerform--perfDocDatePicker","searchOpenDialogs":true,"interaction":{"idSuffix":"inner"}},"wdio_ui5_key":"applicationmanagestatesandperformance-display-component---detailStateAndPerform--perfDocDatePicker"}]}
RESULT: undefined
COMMAND: POST /session/a49a846f150ab9031b86585360f30ac3/execute/async - {"script":"<script> [776 bytes]","args":[{"enterText":"05/01/25","selector":{"id":"application-managestatesandperformance-display-component---detailStateAndPerform--perfDocDatePicker","searchOpenDialogs":true,"interaction":{"idSuffix":"inner"}},"clearTextFirst":true,"interactionType":"ENTER_TEXT"}]}
RESULT: {}
RESULT: {"script":"<script> [776 bytes]","args":[{"enterText":"05/01/25","selector":{"id":"application-managestatesandperformance-display-component---detailStateAndPerform--perfDocDatePicker","searchOpenDialogs":true,"interaction":{"idSuffix":"inner"}},"clearTextFirst":true,"interactionType":"ENTER_TEXT"}]}
COMMAND: POST /session/a49a846f150ab9031b86585360f30ac3/execute/async - {"script":"<script> [1562 bytes]","args":[{"selector":{"id":"application-managestatesandperformance-display-component---detailStateAndPerform--counterValue-input","searchOpenDialogs":true,"interaction":{"idSuffix":"inner"}},"wdio_ui5_key":"applicationmanagestatesandperformance-display-component---detailStateAndPerform--counterValue-input"}]}
RESULT: {"script":"<script> [1562 bytes]","args":[{"selector":{"id":"application-managestatesandperformance-display-component---detailStateAndPerform--counterValue-input","searchOpenDialogs":true,"interaction":{"idSuffix":"inner"}},"wdio_ui5_key":"applicationmanagestatesandperformance-display-component---detailStateAndPerform--counterValue-input"}]}
RESULT: undefined
COMMAND: POST /session/a49a846f150ab9031b86585360f30ac3/execute/async - {"script":"<script> [776 bytes]","args":[{"enterText":"15.00","selector":{"id":"application-managestatesandperformance-display-component---detailStateAndPerform--counterValue-input","searchOpenDialogs":true,"interaction":{"idSuffix":"inner"}},"clearTextFirst":true,"interactionType":"ENTER_TEXT"}]}
RESULT: {"script":"<script> [776 bytes]","args":[{"enterText":"15.00","selector":{"id":"application-managestatesandperformance-display-component---detailStateAndPerform--counterValue-input","searchOpenDialogs":true,"interaction":{"idSuffix":"inner"}},"clearTextFirst":true,"interactionType":"ENTER_TEXT"}]}
COMMAND: POST /session/a49a846f150ab9031b86585360f30ac3/execute/async - {"script":"<script> [1562 bytes]","args":[{"selector":{"controlType":"sap.m.Button","viewName":"etm.portal.ui.managestatesandperformance.view.Detail","viewId":"application-managestatesandperformance-display-component---detailStateAndPerform","bindingPath":{"path":"","propertyPath":"/allowAddEdit","modelName":"oScreenModel"},"searchOpenDialogs":true,"interaction":{"idSuffix":"BDI-content"}},"wdio_ui5_key":"etmportal.ui.managestatesandperformance.view.Detailsap.m.Button{\"path\":\"\",\"propertyPath\":\"/allowAddEdit\",\"modelName\":\"oScreenModel\"}"}]}
RESULT: {"script":"<script> [1562 bytes]","args":[{"selector":{"controlType":"sap.m.Button","viewName":"etm.portal.ui.managestatesandperformance.view.Detail","viewId":"application-managestatesandperformance-display-component---detailStateAndPerform","bindingPath":{"path":"","propertyPath":"/allowAddEdit","modelName":"oScreenModel"},"searchOpenDialogs":true,"interaction":{"idSuffix":"BDI-content"}},"wdio_ui5_key":"etmportal.ui.managestatesandperformance.view.Detailsap.m.Button{\"path\":\"\",\"propertyPath\":\"/allowAddEdit\",\"modelName\":\"oScreenModel\"}"}]}
RESULT: undefined
COMMAND: POST /session/a49a846f150ab9031b86585360f30ac3/element - {"using":"xpath","value":"//*[@id=\"__button387\"]"}
RESULT: {"using":"xpath","value":"//*[@id=\"__button387\"]"}
COMMAND: POST /session/a49a846f150ab9031b86585360f30ac3/element/f.6CD6B7C80D08F775EB7D2FFF8B2C9AB5.d.774F3988F2CE5CE542CF8DB00D3475E1.e.18413/click - {}
RESULT: {}
RESULT: undefined
COMMAND: POST /session/a49a846f150ab9031b86585360f30ac3/element - {"using":"xpath","value":"//*[@id=\"__button380\"]"}
COMMAND: GET /session/a49a846f150ab9031b86585360f30ac3/screenshot - {}
RESULT: {"using":"xpath","value":"//*[@id=\"__button380\"]"}
COMMAND: POST /session/a49a846f150ab9031b86585360f30ac3/element/f.6CD6B7C80D08F775EB7D2FFF8B2C9AB5.d.774F3988F2CE5CE542CF8DB00D3475E1.e.18396/click - {}
RESULT: {}
RESULT: {}
RESULT: undefined
COMMAND: POST /session/a49a846f150ab9031b86585360f30ac3/execute/async - {"script":"<script> [776 bytes]","args":[{"enterText":"05/05/25","selector":{"id":"application-managestatesandperformance-display-component---detailStateAndPerform--perfDocDatePicker","searchOpenDialogs":true,"interaction":{"idSuffix":"inner"}},"clearTextFirst":true,"interactionType":"ENTER_TEXT"}]}
COMMAND: GET /session/a49a846f150ab9031b86585360f30ac3/screenshot - {}
RESULT: {"script":"<script> [776 bytes]","args":[{"enterText":"05/05/25","selector":{"id":"application-managestatesandperformance-display-component---detailStateAndPerform--perfDocDatePicker","searchOpenDialogs":true,"interaction":{"idSuffix":"inner"}},"clearTextFirst":true,"interactionType":"ENTER_TEXT"}]}
RESULT: undefined
COMMAND: POST /session/a49a846f150ab9031b86585360f30ac3/execute/async - {"script":"<script> [776 bytes]","args":[{"enterText":"20.00","selector":{"id":"application-managestatesandperformance-display-component---detailStateAndPerform--counterValue-input","searchOpenDialogs":true,"interaction":{"idSuffix":"inner"}},"clearTextFirst":true,"interactionType":"ENTER_TEXT"}]}
RESULT: {}
RESULT: {"script":"<script> [776 bytes]","args":[{"enterText":"20.00","selector":{"id":"application-managestatesandperformance-display-component---detailStateAndPerform--counterValue-input","searchOpenDialogs":true,"interaction":{"idSuffix":"inner"}},"clearTextFirst":true,"interactionType":"ENTER_TEXT"}]}
COMMAND: POST /session/a49a846f150ab9031b86585360f30ac3/actions - {"actions":[{"id":"action63","type":"key","parameters":{},"actions":[{"type":"keyDown","value":"î€„"},{"type":"keyDown","value":"î€„"},{"type":"pause","duration":10},{"type":"keyUp","value":"î€„"},{"type":"keyUp","value":"î€„"}]}]}
RESULT: {"actions":[{"id":"action63","type":"key","parameters":{},"actions":[{"type":"keyDown","value":"î€„"},{"type":"keyDown","value":"î€„"},{"type":"pause","duration":10},{"type":"keyUp","value":"î€„"},{"type":"keyUp","value":"î€„"}]}]}
COMMAND: POST /session/a49a846f150ab9031b86585360f30ac3/actions - {"actions":[{"id":"action64","type":"key","parameters":{},"actions":[{"type":"keyDown","value":"î€‡"},{"type":"pause","duration":10},{"type":"keyUp","value":"î€‡"}]}]}
COMMAND: GET /session/a49a846f150ab9031b86585360f30ac3/screenshot - {}
RESULT: {"actions":[{"id":"action64","type":"key","parameters":{},"actions":[{"type":"keyDown","value":"î€‡"},{"type":"pause","duration":10},{"type":"keyUp","value":"î€‡"}]}]}
RESULT: undefined
COMMAND: POST /session/a49a846f150ab9031b86585360f30ac3/element - {"using":"xpath","value":"//*[@id=\"__button387\"]"}
COMMAND: GET /session/a49a846f150ab9031b86585360f30ac3/screenshot - {}
RESULT: {}
RESULT: {"using":"xpath","value":"//*[@id=\"__button387\"]"}
COMMAND: POST /session/a49a846f150ab9031b86585360f30ac3/elements - {"using":"xpath","value":"//*[@id=\"__button387\"]"}
RESULT: {}
RESULT: {"using":"xpath","value":"//*[@id=\"__button387\"]"}
COMMAND: POST /session/a49a846f150ab9031b86585360f30ac3/elements - {"using":"xpath","value":"//*[@id=\"__button387\"]"}
RESULT: {"using":"xpath","value":"//*[@id=\"__button387\"]"}
COMMAND: POST /session/a49a846f150ab9031b86585360f30ac3/elements - {"using":"xpath","value":"//*[@id=\"__button387\"]"}
RESULT: {"using":"xpath","value":"//*[@id=\"__button387\"]"}
COMMAND: POST /session/a49a846f150ab9031b86585360f30ac3/elements - {"using":"xpath","value":"//*[@id=\"__button387\"]"}
RESULT: {"using":"xpath","value":"//*[@id=\"__button387\"]"}
COMMAND: POST /session/a49a846f150ab9031b86585360f30ac3/elements - {"using":"xpath","value":"//*[@id=\"__button387\"]"}
RESULT: {"using":"xpath","value":"//*[@id=\"__button387\"]"}
COMMAND: POST /session/a49a846f150ab9031b86585360f30ac3/elements - {"using":"xpath","value":"//*[@id=\"__button387\"]"}
RESULT: {"using":"xpath","value":"//*[@id=\"__button387\"]"}
COMMAND: POST /session/a49a846f150ab9031b86585360f30ac3/elements - {"using":"xpath","value":"//*[@id=\"__button387\"]"}
RESULT: {"using":"xpath","value":"//*[@id=\"__button387\"]"}
COMMAND: POST /session/a49a846f150ab9031b86585360f30ac3/elements - {"using":"xpath","value":"//*[@id=\"__button387\"]"}
RESULT: {"using":"xpath","value":"//*[@id=\"__button387\"]"}
COMMAND: POST /session/a49a846f150ab9031b86585360f30ac3/elements - {"using":"xpath","value":"//*[@id=\"__button387\"]"}
RESULT: {"using":"xpath","value":"//*[@id=\"__button387\"]"}
COMMAND: POST /session/a49a846f150ab9031b86585360f30ac3/elements - {"using":"xpath","value":"//*[@id=\"__button387\"]"}
RESULT: {"using":"xpath","value":"//*[@id=\"__button387\"]"}
COMMAND: POST /session/a49a846f150ab9031b86585360f30ac3/elements - {"using":"xpath","value":"//*[@id=\"__button387\"]"}
RESULT: {"using":"xpath","value":"//*[@id=\"__button387\"]"}
COMMAND: POST /session/a49a846f150ab9031b86585360f30ac3/elements - {"using":"xpath","value":"//*[@id=\"__button387\"]"}
RESULT: {"using":"xpath","value":"//*[@id=\"__button387\"]"}
COMMAND: POST /session/a49a846f150ab9031b86585360f30ac3/elements - {"using":"xpath","value":"//*[@id=\"__button387\"]"}
RESULT: {"using":"xpath","value":"//*[@id=\"__button387\"]"}
COMMAND: POST /session/a49a846f150ab9031b86585360f30ac3/elements - {"using":"xpath","value":"//*[@id=\"__button387\"]"}
RESULT: {"using":"xpath","value":"//*[@id=\"__button387\"]"}
COMMAND: POST /session/a49a846f150ab9031b86585360f30ac3/elements - {"using":"xpath","value":"//*[@id=\"__button387\"]"}
RESULT: {"using":"xpath","value":"//*[@id=\"__button387\"]"}
COMMAND: POST /session/a49a846f150ab9031b86585360f30ac3/elements - {"using":"xpath","value":"//*[@id=\"__button387\"]"}
RESULT: {"using":"xpath","value":"//*[@id=\"__button387\"]"}
COMMAND: POST /session/a49a846f150ab9031b86585360f30ac3/elements - {"using":"xpath","value":"//*[@id=\"__button387\"]"}
RESULT: {"using":"xpath","value":"//*[@id=\"__button387\"]"}
COMMAND: POST /session/a49a846f150ab9031b86585360f30ac3/elements - {"using":"xpath","value":"//*[@id=\"__button387\"]"}
RESULT: {"using":"xpath","value":"//*[@id=\"__button387\"]"}
COMMAND: POST /session/a49a846f150ab9031b86585360f30ac3/elements - {"using":"xpath","value":"//*[@id=\"__button387\"]"}
RESULT: {"using":"xpath","value":"//*[@id=\"__button387\"]"}
COMMAND: POST /session/a49a846f150ab9031b86585360f30ac3/elements - {"using":"xpath","value":"//*[@id=\"__button387\"]"}
RESULT: {"using":"xpath","value":"//*[@id=\"__button387\"]"}
COMMAND: POST /session/a49a846f150ab9031b86585360f30ac3/elements - {"using":"xpath","value":"//*[@id=\"__button387\"]"}
RESULT: {"using":"xpath","value":"//*[@id=\"__button387\"]"}
COMMAND: POST /session/a49a846f150ab9031b86585360f30ac3/elements - {"using":"xpath","value":"//*[@id=\"__button387\"]"}
RESULT: {"using":"xpath","value":"//*[@id=\"__button387\"]"}
COMMAND: POST /session/a49a846f150ab9031b86585360f30ac3/elements - {"using":"xpath","value":"//*[@id=\"__button387\"]"}
RESULT: {"using":"xpath","value":"//*[@id=\"__button387\"]"}
COMMAND: POST /session/a49a846f150ab9031b86585360f30ac3/elements - {"using":"xpath","value":"//*[@id=\"__button387\"]"}
RESULT: {"using":"xpath","value":"//*[@id=\"__button387\"]"}
COMMAND: POST /session/a49a846f150ab9031b86585360f30ac3/elements - {"using":"xpath","value":"//*[@id=\"__button387\"]"}
RESULT: {"using":"xpath","value":"//*[@id=\"__button387\"]"}
COMMAND: POST /session/a49a846f150ab9031b86585360f30ac3/elements - {"using":"xpath","value":"//*[@id=\"__button387\"]"}
RESULT: {"using":"xpath","value":"//*[@id=\"__button387\"]"}
COMMAND: POST /session/a49a846f150ab9031b86585360f30ac3/elements - {"using":"xpath","value":"//*[@id=\"__button387\"]"}
RESULT: {"using":"xpath","value":"//*[@id=\"__button387\"]"}
COMMAND: POST /session/a49a846f150ab9031b86585360f30ac3/elements - {"using":"xpath","value":"//*[@id=\"__button387\"]"}
RESULT: {"using":"xpath","value":"//*[@id=\"__button387\"]"}
COMMAND: POST /session/a49a846f150ab9031b86585360f30ac3/elements - {"using":"xpath","value":"//*[@id=\"__button387\"]"}
RESULT: {"using":"xpath","value":"//*[@id=\"__button387\"]"}
COMMAND: POST /session/a49a846f150ab9031b86585360f30ac3/elements - {"using":"xpath","value":"//*[@id=\"__button387\"]"}
RESULT: {"using":"xpath","value":"//*[@id=\"__button387\"]"}
COMMAND: POST /session/a49a846f150ab9031b86585360f30ac3/elements - {"using":"xpath","value":"//*[@id=\"__button387\"]"}
RESULT: {"using":"xpath","value":"//*[@id=\"__button387\"]"}
COMMAND: POST /session/a49a846f150ab9031b86585360f30ac3/elements - {"using":"xpath","value":"//*[@id=\"__button387\"]"}
RESULT: {"using":"xpath","value":"//*[@id=\"__button387\"]"}
COMMAND: POST /session/a49a846f150ab9031b86585360f30ac3/elements - {"using":"xpath","value":"//*[@id=\"__button387\"]"}
RESULT: {"using":"xpath","value":"//*[@id=\"__button387\"]"}
COMMAND: POST /session/a49a846f150ab9031b86585360f30ac3/elements - {"using":"xpath","value":"//*[@id=\"__button387\"]"}
RESULT: {"using":"xpath","value":"//*[@id=\"__button387\"]"}
COMMAND: POST /session/a49a846f150ab9031b86585360f30ac3/elements - {"using":"xpath","value":"//*[@id=\"__button387\"]"}
RESULT: {"using":"xpath","value":"//*[@id=\"__button387\"]"}
COMMAND: POST /session/a49a846f150ab9031b86585360f30ac3/elements - {"using":"xpath","value":"//*[@id=\"__button387\"]"}
RESULT: {"using":"xpath","value":"//*[@id=\"__button387\"]"}
COMMAND: POST /session/a49a846f150ab9031b86585360f30ac3/elements - {"using":"xpath","value":"//*[@id=\"__button387\"]"}
RESULT: {"using":"xpath","value":"//*[@id=\"__button387\"]"}
COMMAND: POST /session/a49a846f150ab9031b86585360f30ac3/elements - {"using":"xpath","value":"//*[@id=\"__button387\"]"}
RESULT: {"using":"xpath","value":"//*[@id=\"__button387\"]"}
COMMAND: POST /session/a49a846f150ab9031b86585360f30ac3/elements - {"using":"xpath","value":"//*[@id=\"__button387\"]"}
RESULT: {"using":"xpath","value":"//*[@id=\"__button387\"]"}
COMMAND: POST /session/a49a846f150ab9031b86585360f30ac3/elements - {"using":"xpath","value":"//*[@id=\"__button387\"]"}
RESULT: {"using":"xpath","value":"//*[@id=\"__button387\"]"}
COMMAND: POST /session/a49a846f150ab9031b86585360f30ac3/elements - {"using":"xpath","value":"//*[@id=\"__button387\"]"}
RESULT: {"using":"xpath","value":"//*[@id=\"__button387\"]"}
COMMAND: POST /session/a49a846f150ab9031b86585360f30ac3/elements - {"using":"xpath","value":"//*[@id=\"__button387\"]"}
RESULT: {"using":"xpath","value":"//*[@id=\"__button387\"]"}
COMMAND: POST /session/a49a846f150ab9031b86585360f30ac3/elements - {"using":"xpath","value":"//*[@id=\"__button387\"]"}
RESULT: {"using":"xpath","value":"//*[@id=\"__button387\"]"}
COMMAND: POST /session/a49a846f150ab9031b86585360f30ac3/elements - {"using":"xpath","value":"//*[@id=\"__button387\"]"}
RESULT: {"using":"xpath","value":"//*[@id=\"__button387\"]"}
COMMAND: POST /session/a49a846f150ab9031b86585360f30ac3/elements - {"using":"xpath","value":"//*[@id=\"__button387\"]"}
RESULT: {"using":"xpath","value":"//*[@id=\"__button387\"]"}
COMMAND: POST /session/a49a846f150ab9031b86585360f30ac3/elements - {"using":"xpath","value":"//*[@id=\"__button387\"]"}
RESULT: {"using":"xpath","value":"//*[@id=\"__button387\"]"}
COMMAND: POST /session/a49a846f150ab9031b86585360f30ac3/elements - {"using":"xpath","value":"//*[@id=\"__button387\"]"}
RESULT: {"using":"xpath","value":"//*[@id=\"__button387\"]"}
COMMAND: POST /session/a49a846f150ab9031b86585360f30ac3/elements - {"using":"xpath","value":"//*[@id=\"__button387\"]"}
RESULT: {"using":"xpath","value":"//*[@id=\"__button387\"]"}
COMMAND: POST /session/a49a846f150ab9031b86585360f30ac3/elements - {"using":"xpath","value":"//*[@id=\"__button387\"]"}
RESULT: {"using":"xpath","value":"//*[@id=\"__button387\"]"}
COMMAND: POST /session/a49a846f150ab9031b86585360f30ac3/elements - {"using":"xpath","value":"//*[@id=\"__button387\"]"}
RESULT: {"using":"xpath","value":"//*[@id=\"__button387\"]"}
COMMAND: POST /session/a49a846f150ab9031b86585360f30ac3/elements - {"using":"xpath","value":"//*[@id=\"__button387\"]"}
RESULT: {"using":"xpath","value":"//*[@id=\"__button387\"]"}
COMMAND: POST /session/a49a846f150ab9031b86585360f30ac3/elements - {"using":"xpath","value":"//*[@id=\"__button387\"]"}
RESULT: {"using":"xpath","value":"//*[@id=\"__button387\"]"}
COMMAND: POST /session/a49a846f150ab9031b86585360f30ac3/elements - {"using":"xpath","value":"//*[@id=\"__button387\"]"}
RESULT: {"using":"xpath","value":"//*[@id=\"__button387\"]"}
COMMAND: POST /session/a49a846f150ab9031b86585360f30ac3/elements - {"using":"xpath","value":"//*[@id=\"__button387\"]"}
RESULT: {"using":"xpath","value":"//*[@id=\"__button387\"]"}
COMMAND: POST /session/a49a846f150ab9031b86585360f30ac3/elements - {"using":"xpath","value":"//*[@id=\"__button387\"]"}
RESULT: {"using":"xpath","value":"//*[@id=\"__button387\"]"}
COMMAND: POST /session/a49a846f150ab9031b86585360f30ac3/elements - {"using":"xpath","value":"//*[@id=\"__button387\"]"}
RESULT: {"using":"xpath","value":"//*[@id=\"__button387\"]"}
COMMAND: POST /session/a49a846f150ab9031b86585360f30ac3/elements - {"using":"xpath","value":"//*[@id=\"__button387\"]"}
RESULT: {"using":"xpath","value":"//*[@id=\"__button387\"]"}
COMMAND: POST /session/a49a846f150ab9031b86585360f30ac3/elements - {"using":"xpath","value":"//*[@id=\"__button387\"]"}
RESULT: {"using":"xpath","value":"//*[@id=\"__button387\"]"}
COMMAND: POST /session/a49a846f150ab9031b86585360f30ac3/elements - {"using":"xpath","value":"//*[@id=\"__button387\"]"}
RESULT: {"using":"xpath","value":"//*[@id=\"__button387\"]"}
COMMAND: POST /session/a49a846f150ab9031b86585360f30ac3/elements - {"using":"xpath","value":"//*[@id=\"__button387\"]"}
RESULT: {"using":"xpath","value":"//*[@id=\"__button387\"]"}
COMMAND: POST /session/a49a846f150ab9031b86585360f30ac3/elements - {"using":"xpath","value":"//*[@id=\"__button387\"]"}
RESULT: {"using":"xpath","value":"//*[@id=\"__button387\"]"}
COMMAND: POST /session/a49a846f150ab9031b86585360f30ac3/elements - {"using":"xpath","value":"//*[@id=\"__button387\"]"}
RESULT: {"using":"xpath","value":"//*[@id=\"__button387\"]"}
COMMAND: POST /session/a49a846f150ab9031b86585360f30ac3/elements - {"using":"xpath","value":"//*[@id=\"__button387\"]"}
RESULT: {"using":"xpath","value":"//*[@id=\"__button387\"]"}
COMMAND: POST /session/a49a846f150ab9031b86585360f30ac3/elements - {"using":"xpath","value":"//*[@id=\"__button387\"]"}
RESULT: {"using":"xpath","value":"//*[@id=\"__button387\"]"}
COMMAND: POST /session/a49a846f150ab9031b86585360f30ac3/elements - {"using":"xpath","value":"//*[@id=\"__button387\"]"}
RESULT: {"using":"xpath","value":"//*[@id=\"__button387\"]"}
COMMAND: POST /session/a49a846f150ab9031b86585360f30ac3/elements - {"using":"xpath","value":"//*[@id=\"__button387\"]"}
RESULT: {"using":"xpath","value":"//*[@id=\"__button387\"]"}
COMMAND: POST /session/a49a846f150ab9031b86585360f30ac3/elements - {"using":"xpath","value":"//*[@id=\"__button387\"]"}
RESULT: {"using":"xpath","value":"//*[@id=\"__button387\"]"}
COMMAND: POST /session/a49a846f150ab9031b86585360f30ac3/elements - {"using":"xpath","value":"//*[@id=\"__button387\"]"}
RESULT: {"using":"xpath","value":"//*[@id=\"__button387\"]"}
COMMAND: POST /session/a49a846f150ab9031b86585360f30ac3/elements - {"using":"xpath","value":"//*[@id=\"__button387\"]"}
RESULT: {"using":"xpath","value":"//*[@id=\"__button387\"]"}
COMMAND: POST /session/a49a846f150ab9031b86585360f30ac3/elements - {"using":"xpath","value":"//*[@id=\"__button387\"]"}
RESULT: {"using":"xpath","value":"//*[@id=\"__button387\"]"}
COMMAND: POST /session/a49a846f150ab9031b86585360f30ac3/elements - {"using":"xpath","value":"//*[@id=\"__button387\"]"}
RESULT: {"using":"xpath","value":"//*[@id=\"__button387\"]"}
COMMAND: POST /session/a49a846f150ab9031b86585360f30ac3/elements - {"using":"xpath","value":"//*[@id=\"__button387\"]"}
RESULT: {"using":"xpath","value":"//*[@id=\"__button387\"]"}
COMMAND: POST /session/a49a846f150ab9031b86585360f30ac3/elements - {"using":"xpath","value":"//*[@id=\"__button387\"]"}
RESULT: {"using":"xpath","value":"//*[@id=\"__button387\"]"}
COMMAND: POST /session/a49a846f150ab9031b86585360f30ac3/elements - {"using":"xpath","value":"//*[@id=\"__button387\"]"}
RESULT: {"using":"xpath","value":"//*[@id=\"__button387\"]"}
COMMAND: POST /session/a49a846f150ab9031b86585360f30ac3/elements - {"using":"xpath","value":"//*[@id=\"__button387\"]"}
RESULT: {"using":"xpath","value":"//*[@id=\"__button387\"]"}
COMMAND: POST /session/a49a846f150ab9031b86585360f30ac3/elements - {"using":"xpath","value":"//*[@id=\"__button387\"]"}
RESULT: {"using":"xpath","value":"//*[@id=\"__button387\"]"}
COMMAND: POST /session/a49a846f150ab9031b86585360f30ac3/elements - {"using":"xpath","value":"//*[@id=\"__button387\"]"}
RESULT: {"using":"xpath","value":"//*[@id=\"__button387\"]"}
COMMAND: POST /session/a49a846f150ab9031b86585360f30ac3/elements - {"using":"xpath","value":"//*[@id=\"__button387\"]"}
RESULT: {"using":"xpath","value":"//*[@id=\"__button387\"]"}
COMMAND: POST /session/a49a846f150ab9031b86585360f30ac3/elements - {"using":"xpath","value":"//*[@id=\"__button387\"]"}
RESULT: {"using":"xpath","value":"//*[@id=\"__button387\"]"}
COMMAND: POST /session/a49a846f150ab9031b86585360f30ac3/elements - {"using":"xpath","value":"//*[@id=\"__button387\"]"}
RESULT: {"using":"xpath","value":"//*[@id=\"__button387\"]"}
COMMAND: POST /session/a49a846f150ab9031b86585360f30ac3/elements - {"using":"xpath","value":"//*[@id=\"__button387\"]"}
RESULT: {"using":"xpath","value":"//*[@id=\"__button387\"]"}
COMMAND: POST /session/a49a846f150ab9031b86585360f30ac3/elements - {"using":"xpath","value":"//*[@id=\"__button387\"]"}
RESULT: {"using":"xpath","value":"//*[@id=\"__button387\"]"}
COMMAND: POST /session/a49a846f150ab9031b86585360f30ac3/elements - {"using":"xpath","value":"//*[@id=\"__button387\"]"}
RESULT: {"using":"xpath","value":"//*[@id=\"__button387\"]"}
COMMAND: POST /session/a49a846f150ab9031b86585360f30ac3/elements - {"using":"xpath","value":"//*[@id=\"__button387\"]"}
RESULT: {"using":"xpath","value":"//*[@id=\"__button387\"]"}
COMMAND: POST /session/a49a846f150ab9031b86585360f30ac3/elements - {"using":"xpath","value":"//*[@id=\"__button387\"]"}
RESULT: {"using":"xpath","value":"//*[@id=\"__button387\"]"}
COMMAND: POST /session/a49a846f150ab9031b86585360f30ac3/elements - {"using":"xpath","value":"//*[@id=\"__button387\"]"}
RESULT: {"using":"xpath","value":"//*[@id=\"__button387\"]"}
COMMAND: POST /session/a49a846f150ab9031b86585360f30ac3/elements - {"using":"xpath","value":"//*[@id=\"__button387\"]"}
RESULT: {"using":"xpath","value":"//*[@id=\"__button387\"]"}
COMMAND: POST /session/a49a846f150ab9031b86585360f30ac3/elements - {"using":"xpath","value":"//*[@id=\"__button387\"]"}
RESULT: {"using":"xpath","value":"//*[@id=\"__button387\"]"}
COMMAND: POST /session/a49a846f150ab9031b86585360f30ac3/elements - {"using":"xpath","value":"//*[@id=\"__button387\"]"}
RESULT: {"using":"xpath","value":"//*[@id=\"__button387\"]"}
COMMAND: POST /session/a49a846f150ab9031b86585360f30ac3/elements - {"using":"xpath","value":"//*[@id=\"__button387\"]"}
RESULT: {"using":"xpath","value":"//*[@id=\"__button387\"]"}
COMMAND: POST /session/a49a846f150ab9031b86585360f30ac3/elements - {"using":"xpath","value":"//*[@id=\"__button387\"]"}
RESULT: {"using":"xpath","value":"//*[@id=\"__button387\"]"}
COMMAND: POST /session/a49a846f150ab9031b86585360f30ac3/elements - {"using":"xpath","value":"//*[@id=\"__button387\"]"}
RESULT: {"using":"xpath","value":"//*[@id=\"__button387\"]"}
COMMAND: POST /session/a49a846f150ab9031b86585360f30ac3/elements - {"using":"xpath","value":"//*[@id=\"__button387\"]"}
RESULT: {"using":"xpath","value":"//*[@id=\"__button387\"]"}
COMMAND: POST /session/a49a846f150ab9031b86585360f30ac3/elements - {"using":"xpath","value":"//*[@id=\"__button387\"]"}
RESULT: {"using":"xpath","value":"//*[@id=\"__button387\"]"}
COMMAND: POST /session/a49a846f150ab9031b86585360f30ac3/elements - {"using":"xpath","value":"//*[@id=\"__button387\"]"}
RESULT: {"using":"xpath","value":"//*[@id=\"__button387\"]"}
COMMAND: POST /session/a49a846f150ab9031b86585360f30ac3/elements - {"using":"xpath","value":"//*[@id=\"__button387\"]"}
RESULT: {"using":"xpath","value":"//*[@id=\"__button387\"]"}
COMMAND: POST /session/a49a846f150ab9031b86585360f30ac3/elements - {"using":"xpath","value":"//*[@id=\"__button387\"]"}
RESULT: {"using":"xpath","value":"//*[@id=\"__button387\"]"}
COMMAND: POST /session/a49a846f150ab9031b86585360f30ac3/elements - {"using":"xpath","value":"//*[@id=\"__button387\"]"}
RESULT: {"using":"xpath","value":"//*[@id=\"__button387\"]"}
COMMAND: POST /session/a49a846f150ab9031b86585360f30ac3/elements - {"using":"xpath","value":"//*[@id=\"__button387\"]"}
RESULT: {"using":"xpath","value":"//*[@id=\"__button387\"]"}
COMMAND: POST /session/a49a846f150ab9031b86585360f30ac3/elements - {"using":"xpath","value":"//*[@id=\"__button387\"]"}
RESULT: {"using":"xpath","value":"//*[@id=\"__button387\"]"}
COMMAND: POST /session/a49a846f150ab9031b86585360f30ac3/elements - {"using":"xpath","value":"//*[@id=\"__button387\"]"}
RESULT: {"using":"xpath","value":"//*[@id=\"__button387\"]"}
COMMAND: POST /session/a49a846f150ab9031b86585360f30ac3/elements - {"using":"xpath","value":"//*[@id=\"__button387\"]"}
RESULT: {"using":"xpath","value":"//*[@id=\"__button387\"]"}
COMMAND: POST /session/a49a846f150ab9031b86585360f30ac3/elements - {"using":"xpath","value":"//*[@id=\"__button387\"]"}
RESULT: {"using":"xpath","value":"//*[@id=\"__button387\"]"}
COMMAND: POST /session/a49a846f150ab9031b86585360f30ac3/elements - {"using":"xpath","value":"//*[@id=\"__button387\"]"}
RESULT: {"using":"xpath","value":"//*[@id=\"__button387\"]"}
COMMAND: POST /session/a49a846f150ab9031b86585360f30ac3/elements - {"using":"xpath","value":"//*[@id=\"__button387\"]"}
RESULT: {"using":"xpath","value":"//*[@id=\"__button387\"]"}
COMMAND: POST /session/a49a846f150ab9031b86585360f30ac3/elements - {"using":"xpath","value":"//*[@id=\"__button387\"]"}
RESULT: {"using":"xpath","value":"//*[@id=\"__button387\"]"}
COMMAND: POST /session/a49a846f150ab9031b86585360f30ac3/elements - {"using":"xpath","value":"//*[@id=\"__button387\"]"}
RESULT: {"using":"xpath","value":"//*[@id=\"__button387\"]"}
COMMAND: POST /session/a49a846f150ab9031b86585360f30ac3/elements - {"using":"xpath","value":"//*[@id=\"__button387\"]"}
RESULT: {"using":"xpath","value":"//*[@id=\"__button387\"]"}
COMMAND: POST /session/a49a846f150ab9031b86585360f30ac3/elements - {"using":"xpath","value":"//*[@id=\"__button387\"]"}
RESULT: {"using":"xpath","value":"//*[@id=\"__button387\"]"}
COMMAND: POST /session/a49a846f150ab9031b86585360f30ac3/elements - {"using":"xpath","value":"//*[@id=\"__button387\"]"}
RESULT: {"using":"xpath","value":"//*[@id=\"__button387\"]"}
COMMAND: POST /session/a49a846f150ab9031b86585360f30ac3/elements - {"using":"xpath","value":"//*[@id=\"__button387\"]"}
RESULT: {"using":"xpath","value":"//*[@id=\"__button387\"]"}
COMMAND: POST /session/a49a846f150ab9031b86585360f30ac3/elements - {"using":"xpath","value":"//*[@id=\"__button387\"]"}
RESULT: {"using":"xpath","value":"//*[@id=\"__button387\"]"}
COMMAND: POST /session/a49a846f150ab9031b86585360f30ac3/elements - {"using":"xpath","value":"//*[@id=\"__button387\"]"}
RESULT: {"using":"xpath","value":"//*[@id=\"__button387\"]"}
COMMAND: POST /session/a49a846f150ab9031b86585360f30ac3/elements - {"using":"xpath","value":"//*[@id=\"__button387\"]"}
RESULT: {"using":"xpath","value":"//*[@id=\"__button387\"]"}
COMMAND: POST /session/a49a846f150ab9031b86585360f30ac3/elements - {"using":"xpath","value":"//*[@id=\"__button387\"]"}
RESULT: {"using":"xpath","value":"//*[@id=\"__button387\"]"}
COMMAND: POST /session/a49a846f150ab9031b86585360f30ac3/elements - {"using":"xpath","value":"//*[@id=\"__button387\"]"}
RESULT: {"using":"xpath","value":"//*[@id=\"__button387\"]"}
COMMAND: POST /session/a49a846f150ab9031b86585360f30ac3/elements - {"using":"xpath","value":"//*[@id=\"__button387\"]"}
RESULT: {"using":"xpath","value":"//*[@id=\"__button387\"]"}
COMMAND: POST /session/a49a846f150ab9031b86585360f30ac3/elements - {"using":"xpath","value":"//*[@id=\"__button387\"]"}
RESULT: {"using":"xpath","value":"//*[@id=\"__button387\"]"}
COMMAND: POST /session/a49a846f150ab9031b86585360f30ac3/elements - {"using":"xpath","value":"//*[@id=\"__button387\"]"}
RESULT: {"using":"xpath","value":"//*[@id=\"__button387\"]"}
COMMAND: POST /session/a49a846f150ab9031b86585360f30ac3/elements - {"using":"xpath","value":"//*[@id=\"__button387\"]"}
RESULT: {"using":"xpath","value":"//*[@id=\"__button387\"]"}
COMMAND: POST /session/a49a846f150ab9031b86585360f30ac3/element - {"using":"css selector","value":"#shell-header-logo"}
RESULT: {"using":"css selector","value":"#shell-header-logo"}
COMMAND: POST /session/a49a846f150ab9031b86585360f30ac3/execute/sync - {"script":"<script> [8489 bytes]","args":[{"element-6066-11e4-a52e-4f735466cecf":"f.6CD6B7C80D08F775EB7D2FFF8B2C9AB5.d.774F3988F2CE5CE542CF8DB00D3475E1.e.18243","ELEMENT":"f.6CD6B7C80D08F775EB7D2FFF8B2C9AB5.d.774F3988F2CE5CE542CF8DB00D3475E1.e.18243"}]}
RESULT: {"script":"<script> [8489 bytes]","args":[{"element-6066-11e4-a52e-4f735466cecf":"f.6CD6B7C80D08F775EB7D2FFF8B2C9AB5.d.774F3988F2CE5CE542CF8DB00D3475E1.e.18243","ELEMENT":"f.6CD6B7C80D08F775EB7D2FFF8B2C9AB5.d.774F3988F2CE5CE542CF8DB00D3475E1.e.18243"}]}
COMMAND: POST /session/a49a846f150ab9031b86585360f30ac3/execute/sync - {"script":"<script> [5351 bytes]","args":[{"element-6066-11e4-a52e-4f735466cecf":"f.6CD6B7C80D08F775EB7D2FFF8B2C9AB5.d.774F3988F2CE5CE542CF8DB00D3475E1.e.18243","ELEMENT":"f.6CD6B7C80D08F775EB7D2FFF8B2C9AB5.d.774F3988F2CE5CE542CF8DB00D3475E1.e.18243"}]}
COMMAND: GET /session/a49a846f150ab9031b86585360f30ac3/screenshot - {}
RESULT: {"script":"<script> [5351 bytes]","args":[{"element-6066-11e4-a52e-4f735466cecf":"f.6CD6B7C80D08F775EB7D2FFF8B2C9AB5.d.774F3988F2CE5CE542CF8DB00D3475E1.e.18243","ELEMENT":"f.6CD6B7C80D08F775EB7D2FFF8B2C9AB5.d.774F3988F2CE5CE542CF8DB00D3475E1.e.18243"}]}
COMMAND: POST /session/a49a846f150ab9031b86585360f30ac3/element/f.6CD6B7C80D08F775EB7D2FFF8B2C9AB5.d.774F3988F2CE5CE542CF8DB00D3475E1.e.18243/click - {}
COMMAND: GET /session/a49a846f150ab9031b86585360f30ac3/screenshot - {}
RESULT: {}
RESULT: {}
]]></system-out>
    </testcase>
    <testcase classname="chrome.135_0_7049_96.windows.Performance_based_billing_(work_days)_US139742" name="Should go to Manage Billings and trigger calculation check the conditions applied" time="64.241">
      <system-out><![CDATA[
COMMAND: GET /session/a49a846f150ab9031b86585360f30ac3/screenshot - {}
COMMAND: POST /session/a49a846f150ab9031b86585360f30ac3/execute/async - {"script":"<script> [1562 bytes]","args":[{"selector":{"controlType":"sap.m.GenericTile","properties":{"header":"Manage Billings"}},"wdio_ui5_key":"sapm.GenericTile{\"header\":\"Manage Billings\"}"}]}
RESULT: {}
RESULT: {}
RESULT: {"script":"<script> [1562 bytes]","args":[{"selector":{"controlType":"sap.m.GenericTile","properties":{"header":"Manage Billings"}},"wdio_ui5_key":"sapm.GenericTile{\"header\":\"Manage Billings\"}"}]}
RESULT: undefined
COMMAND: POST /session/a49a846f150ab9031b86585360f30ac3/element - {"using":"xpath","value":"//*[@id=\"__tile51\"]"}
RESULT: {"using":"xpath","value":"//*[@id=\"__tile51\"]"}
COMMAND: POST /session/a49a846f150ab9031b86585360f30ac3/element/f.6CD6B7C80D08F775EB7D2FFF8B2C9AB5.d.774F3988F2CE5CE542CF8DB00D3475E1.e.14347/click - {}
RESULT: {}
COMMAND: GET /session/a49a846f150ab9031b86585360f30ac3/screenshot - {}
RESULT: {}
COMMAND: POST /session/a49a846f150ab9031b86585360f30ac3/execute/async - {"script":"<script> [1562 bytes]","args":[{"selector":{"id":"application-managebillings-display-component---billRunCalcResult--smartFilterBar-btnBasicSearch","interaction":{"idSuffix":"I"}},"wdio_ui5_key":"applicationmanagebillings-display-component---billRunCalcResult--smartFilterBar-btnBasicSearch"}]}
RESULT: {"script":"<script> [1562 bytes]","args":[{"selector":{"id":"application-managebillings-display-component---billRunCalcResult--smartFilterBar-btnBasicSearch","interaction":{"idSuffix":"I"}},"wdio_ui5_key":"applicationmanagebillings-display-component---billRunCalcResult--smartFilterBar-btnBasicSearch"}]}
RESULT: undefined
COMMAND: POST /session/a49a846f150ab9031b86585360f30ac3/execute/async - {"script":"<script> [776 bytes]","args":[{"enterText":"10318","selector":{"id":"application-managebillings-display-component---billRunCalcResult--smartFilterBar-btnBasicSearch","interaction":{"idSuffix":"I"}},"clearTextFirst":true,"interactionType":"ENTER_TEXT"}]}
RESULT: {"script":"<script> [776 bytes]","args":[{"enterText":"10318","selector":{"id":"application-managebillings-display-component---billRunCalcResult--smartFilterBar-btnBasicSearch","interaction":{"idSuffix":"I"}},"clearTextFirst":true,"interactionType":"ENTER_TEXT"}]}
COMMAND: POST /session/a49a846f150ab9031b86585360f30ac3/actions - {"actions":[{"id":"action65","type":"key","parameters":{},"actions":[{"type":"keyDown","value":"î€‡"},{"type":"pause","duration":10},{"type":"keyUp","value":"î€‡"}]}]}
RESULT: {"actions":[{"id":"action65","type":"key","parameters":{},"actions":[{"type":"keyDown","value":"î€‡"},{"type":"pause","duration":10},{"type":"keyUp","value":"î€‡"}]}]}
COMMAND: GET /session/a49a846f150ab9031b86585360f30ac3/screenshot - {}
RESULT: {}
COMMAND: POST /session/a49a846f150ab9031b86585360f30ac3/element - {"using":"xpath","value":"//td[@aria-colindex=\"1\"]/div/div[contains(@class, \"sapMCbBg\")]"}
RESULT: {"using":"xpath","value":"//td[@aria-colindex=\"1\"]/div/div[contains(@class, \"sapMCbBg\")]"}
COMMAND: POST /session/a49a846f150ab9031b86585360f30ac3/element/f.6CD6B7C80D08F775EB7D2FFF8B2C9AB5.d.774F3988F2CE5CE542CF8DB00D3475E1.e.18644/click - {}
RESULT: {}
COMMAND: GET /session/a49a846f150ab9031b86585360f30ac3/screenshot - {}
RESULT: {}
COMMAND: POST /session/a49a846f150ab9031b86585360f30ac3/execute/async - {"script":"<script> [1562 bytes]","args":[{"selector":{"id":"application-managebillings-display-component---billRunCalcResult--contractBillRunDate","interaction":{"idSuffix":"inner"}},"wdio_ui5_key":"applicationmanagebillings-display-component---billRunCalcResult--contractBillRunDate"}]}
RESULT: {"script":"<script> [1562 bytes]","args":[{"selector":{"id":"application-managebillings-display-component---billRunCalcResult--contractBillRunDate","interaction":{"idSuffix":"inner"}},"wdio_ui5_key":"applicationmanagebillings-display-component---billRunCalcResult--contractBillRunDate"}]}
RESULT: undefined
COMMAND: POST /session/a49a846f150ab9031b86585360f30ac3/execute/async - {"script":"<script> [776 bytes]","args":[{"enterText":"05/29/25","selector":{"id":"application-managebillings-display-component---billRunCalcResult--contractBillRunDate","interaction":{"idSuffix":"inner"}},"clearTextFirst":true,"interactionType":"ENTER_TEXT"}]}
RESULT: {"script":"<script> [776 bytes]","args":[{"enterText":"05/29/25","selector":{"id":"application-managebillings-display-component---billRunCalcResult--contractBillRunDate","interaction":{"idSuffix":"inner"}},"clearTextFirst":true,"interactionType":"ENTER_TEXT"}]}
COMMAND: POST /session/a49a846f150ab9031b86585360f30ac3/element - {"using":"xpath","value":"//bdi[contains(text(), \"Trigger Calculation\")]"}
RESULT: {"using":"xpath","value":"//bdi[contains(text(), \"Trigger Calculation\")]"}
COMMAND: POST /session/a49a846f150ab9031b86585360f30ac3/element/f.6CD6B7C80D08F775EB7D2FFF8B2C9AB5.d.774F3988F2CE5CE542CF8DB00D3475E1.e.18695/click - {}
RESULT: {}
COMMAND: GET /session/a49a846f150ab9031b86585360f30ac3/screenshot - {}
RESULT: {}
COMMAND: POST /session/a49a846f150ab9031b86585360f30ac3/element - {"using":"xpath","value":"(//span[contains(@id, \"imgNav\")])[1]"}
RESULT: {"using":"xpath","value":"(//span[contains(@id, \"imgNav\")])[1]"}
COMMAND: POST /session/a49a846f150ab9031b86585360f30ac3/element/f.6CD6B7C80D08F775EB7D2FFF8B2C9AB5.d.774F3988F2CE5CE542CF8DB00D3475E1.e.18645/click - {}
RESULT: {}
COMMAND: GET /session/a49a846f150ab9031b86585360f30ac3/screenshot - {}
RESULT: {}
COMMAND: POST /session/a49a846f150ab9031b86585360f30ac3/element - {"using":"xpath","value":"//tr/td[6]/div[1]/span[1]/span[1]"}
RESULT: {"using":"xpath","value":"//tr/td[6]/div[1]/span[1]/span[1]"}
COMMAND: GET /session/a49a846f150ab9031b86585360f30ac3/element/f.6CD6B7C80D08F775EB7D2FFF8B2C9AB5.d.774F3988F2CE5CE542CF8DB00D3475E1.e.18700/text - {}
RESULT: {}
COMMAND: POST /session/a49a846f150ab9031b86585360f30ac3/element - {"using":"xpath","value":"(//span[contains(@id, \"imgNav\")])[2]"}
RESULT: {"using":"xpath","value":"(//span[contains(@id, \"imgNav\")])[2]"}
COMMAND: POST /session/a49a846f150ab9031b86585360f30ac3/element/f.6CD6B7C80D08F775EB7D2FFF8B2C9AB5.d.774F3988F2CE5CE542CF8DB00D3475E1.e.18701/click - {}
RESULT: {}
COMMAND: POST /session/a49a846f150ab9031b86585360f30ac3/element - {"using":"xpath","value":"//bdi[contains(text(), \"Business Confirm\")]"}
COMMAND: GET /session/a49a846f150ab9031b86585360f30ac3/screenshot - {}
RESULT: {"using":"xpath","value":"//bdi[contains(text(), \"Business Confirm\")]"}
COMMAND: POST /session/a49a846f150ab9031b86585360f30ac3/elements - {"using":"xpath","value":"//bdi[contains(text(), \"Business Confirm\")]"}
RESULT: {}
RESULT: {"using":"xpath","value":"//bdi[contains(text(), \"Business Confirm\")]"}
COMMAND: POST /session/a49a846f150ab9031b86585360f30ac3/element - {"using":"xpath","value":"//bdi[contains(text(), \"Business Confirm\")]"}
RESULT: {"using":"xpath","value":"//bdi[contains(text(), \"Business Confirm\")]"}
COMMAND: POST /session/a49a846f150ab9031b86585360f30ac3/element/f.6CD6B7C80D08F775EB7D2FFF8B2C9AB5.d.774F3988F2CE5CE542CF8DB00D3475E1.e.18756/click - {}
RESULT: {}
COMMAND: POST /session/a49a846f150ab9031b86585360f30ac3/element - {"using":"css selector","value":"#shell-header-logo"}
COMMAND: GET /session/a49a846f150ab9031b86585360f30ac3/screenshot - {}
RESULT: {"using":"css selector","value":"#shell-header-logo"}
COMMAND: POST /session/a49a846f150ab9031b86585360f30ac3/element/f.6CD6B7C80D08F775EB7D2FFF8B2C9AB5.d.774F3988F2CE5CE542CF8DB00D3475E1.e.18433/click - {}
RESULT: {}
RESULT: {}
COMMAND: GET /session/a49a846f150ab9031b86585360f30ac3/screenshot - {}
RESULT: {}
COMMAND: POST /session/a49a846f150ab9031b86585360f30ac3/element - {"using":"css selector","value":"#j_username"}
COMMAND: POST /session/a49a846f150ab9031b86585360f30ac3/url - {"url":"https://qa-testing-00-live-etm-ui.cfapps.eu10-004.hana.ondemand.com/"}
RESULT: {"using":"css selector","value":"#j_username"}
COMMAND: POST /session/a49a846f150ab9031b86585360f30ac3/element - {"using":"css selector","value":"#j_username"}
RESULT: {"url":"https://qa-testing-00-live-etm-ui.cfapps.eu10-004.hana.ondemand.com/"}
RESULT: undefined
COMMAND: GET /session/a49a846f150ab9031b86585360f30ac3/screenshot - {}
RESULT: {"using":"css selector","value":"#j_username"}
COMMAND: POST /session/a49a846f150ab9031b86585360f30ac3/element - {"using":"css selector","value":"#shell-header-logo"}
RESULT: {}
RESULT: {"using":"css selector","value":"#shell-header-logo"}
COMMAND: POST /session/a49a846f150ab9031b86585360f30ac3/execute/sync - {"script":"<script> [8489 bytes]","args":[{"element-6066-11e4-a52e-4f735466cecf":"f.6CD6B7C80D08F775EB7D2FFF8B2C9AB5.d.04BA3A5CCA606F29010A18C9E3D37486.e.18771","ELEMENT":"f.6CD6B7C80D08F775EB7D2FFF8B2C9AB5.d.04BA3A5CCA606F29010A18C9E3D37486.e.18771"}]}
RESULT: {"script":"<script> [8489 bytes]","args":[{"element-6066-11e4-a52e-4f735466cecf":"f.6CD6B7C80D08F775EB7D2FFF8B2C9AB5.d.04BA3A5CCA606F29010A18C9E3D37486.e.18771","ELEMENT":"f.6CD6B7C80D08F775EB7D2FFF8B2C9AB5.d.04BA3A5CCA606F29010A18C9E3D37486.e.18771"}]}
COMMAND: POST /session/a49a846f150ab9031b86585360f30ac3/element - {"using":"css selector","value":"#shell-header-logo"}
COMMAND: GET /session/a49a846f150ab9031b86585360f30ac3/screenshot - {}
RESULT: {"using":"css selector","value":"#shell-header-logo"}
COMMAND: POST /session/a49a846f150ab9031b86585360f30ac3/execute/sync - {"script":"<script> [8489 bytes]","args":[{"element-6066-11e4-a52e-4f735466cecf":"f.6CD6B7C80D08F775EB7D2FFF8B2C9AB5.d.04BA3A5CCA606F29010A18C9E3D37486.e.18771","ELEMENT":"f.6CD6B7C80D08F775EB7D2FFF8B2C9AB5.d.04BA3A5CCA606F29010A18C9E3D37486.e.18771"}]}
RESULT: {}
RESULT: {"script":"<script> [8489 bytes]","args":[{"element-6066-11e4-a52e-4f735466cecf":"f.6CD6B7C80D08F775EB7D2FFF8B2C9AB5.d.04BA3A5CCA606F29010A18C9E3D37486.e.18771","ELEMENT":"f.6CD6B7C80D08F775EB7D2FFF8B2C9AB5.d.04BA3A5CCA606F29010A18C9E3D37486.e.18771"}]}
COMMAND: POST /session/a49a846f150ab9031b86585360f30ac3/execute/sync - {"script":"<script> [5351 bytes]","args":[{"element-6066-11e4-a52e-4f735466cecf":"f.6CD6B7C80D08F775EB7D2FFF8B2C9AB5.d.04BA3A5CCA606F29010A18C9E3D37486.e.18771","ELEMENT":"f.6CD6B7C80D08F775EB7D2FFF8B2C9AB5.d.04BA3A5CCA606F29010A18C9E3D37486.e.18771"}]}
COMMAND: GET /session/a49a846f150ab9031b86585360f30ac3/screenshot - {}
RESULT: {"script":"<script> [5351 bytes]","args":[{"element-6066-11e4-a52e-4f735466cecf":"f.6CD6B7C80D08F775EB7D2FFF8B2C9AB5.d.04BA3A5CCA606F29010A18C9E3D37486.e.18771","ELEMENT":"f.6CD6B7C80D08F775EB7D2FFF8B2C9AB5.d.04BA3A5CCA606F29010A18C9E3D37486.e.18771"}]}
COMMAND: POST /session/a49a846f150ab9031b86585360f30ac3/element - {"using":"css selector","value":"#shell-header-logo"}
COMMAND: GET /session/a49a846f150ab9031b86585360f30ac3/screenshot - {}
RESULT: {}
RESULT: {"using":"css selector","value":"#shell-header-logo"}
COMMAND: POST /session/a49a846f150ab9031b86585360f30ac3/element/f.6CD6B7C80D08F775EB7D2FFF8B2C9AB5.d.04BA3A5CCA606F29010A18C9E3D37486.e.18771/click - {}
RESULT: {}
RESULT: {}
COMMAND: GET /session/a49a846f150ab9031b86585360f30ac3/screenshot - {}
RESULT: {}
COMMAND: POST /session/a49a846f150ab9031b86585360f30ac3/execute/async - {"script":"<script> [189 bytes]","args":[]}
RESULT: {"script":"<script> [189 bytes]","args":[]}
COMMAND: POST /session/a49a846f150ab9031b86585360f30ac3/execute/async - {"script":"<script> [123 bytes]","args":[]}
RESULT: {"script":"<script> [123 bytes]","args":[]}
COMMAND: POST /session/a49a846f150ab9031b86585360f30ac3/timeouts - {"script":"<number>"}
RESULT: {"script":"<number>"}
COMMAND: GET /session/a49a846f150ab9031b86585360f30ac3/timeouts - {}
RESULT: {}
RESULT: undefined
COMMAND: POST /session/a49a846f150ab9031b86585360f30ac3/execute/async - {"script":"<script> [2676 bytes]","args":[]}
RESULT: {"script":"<script> [2676 bytes]","args":[]}
COMMAND: POST /session/a49a846f150ab9031b86585360f30ac3/execute/async - {"script":"<script> [2342 bytes]","args":[{"protocol":"http","hostname":"0.0.0.0","path":"/","capabilities":{"browserName":"chrome","goog:chromeOptions":{"binary":"C:\\Program Files\\Google\\Chrome\\Application\\chrome.exe","args":["--start-maximized"]}},"logLevel":"warn","connectionRetryTimeout":120000,"connectionRetryCount":3,"logLevels":{},"enableDirectConnect":true,"strictSSL":true,"_":"65 more keys: [\"cacheDir\",\"port\",\"requestedCapabilities\",\"automationProtocol\",\"baseUrl\",\"waitforInterval\",\"waitforTimeout\",\"onReload\",\"beforeCommand\",\"afterCommand\",\"rootDir\",\"specs\",\"suites\",\"exclude\",\"groupLogsByTestSpec\",\"excludeDriverLogs\",\"bail\",\"framework\",\"reporters\",\"services\",\"maxInstances\",\"maxInstancesPerCapability\",\"injectGlobals\",\"filesToWatch\",\"execArgv\",\"runnerEnv\",\"runner\",\"shard\",\"specFileRetries\",\"specFileRetriesDelay\",\"specFileRetriesDeferred\",\"reporterSyncInterval\",\"reporterSyncTimeout\",\"cucumberFeaturesWithLineNumbers\",\"autoCompileOpts\",\"mochaOpts\",\"jasmineOpts\",\"cucumberOpts\",\"onPrepare\",\"onWorkerStart\",\"onWorkerEnd\",\"before\",\"beforeSession\",\"beforeSuite\",\"beforeHook\",\"beforeTest\",\"afterTest\",\"afterHook\",\"afterSuite\",\"afterSession\",\"after\",\"onComplete\",\"beforeAssertion\",\"afterAssertion\",\"beforeFeature\",\"beforeScenario\",\"beforeStep\",\"afterStep\",\"afterScenario\",\"afterFeature\",\"_\",\"suite\",\"$0\",\"ignoredWorkerServices\",\"wdi5\"]"}]}
RESULT: {"script":"<script> [2342 bytes]","args":[{"protocol":"http","hostname":"0.0.0.0","path":"/","capabilities":{"browserName":"chrome","goog:chromeOptions":{"binary":"C:\\Program Files\\Google\\Chrome\\Application\\chrome.exe","args":["--start-maximized"]}},"logLevel":"warn","connectionRetryTimeout":120000,"connectionRetryCount":3,"logLevels":{},"enableDirectConnect":true,"strictSSL":true,"_":"65 more keys: [\"cacheDir\",\"port\",\"requestedCapabilities\",\"automationProtocol\",\"baseUrl\",\"waitforInterval\",\"waitforTimeout\",\"onReload\",\"beforeCommand\",\"afterCommand\",\"rootDir\",\"specs\",\"suites\",\"exclude\",\"groupLogsByTestSpec\",\"excludeDriverLogs\",\"bail\",\"framework\",\"reporters\",\"services\",\"maxInstances\",\"maxInstancesPerCapability\",\"injectGlobals\",\"filesToWatch\",\"execArgv\",\"runnerEnv\",\"runner\",\"shard\",\"specFileRetries\",\"specFileRetriesDelay\",\"specFileRetriesDeferred\",\"reporterSyncInterval\",\"reporterSyncTimeout\",\"cucumberFeaturesWithLineNumbers\",\"autoCompileOpts\",\"mochaOpts\",\"jasmineOpts\",\"cucumberOpts\",\"onPrepare\",\"onWorkerStart\",\"onWorkerEnd\",\"before\",\"beforeSession\",\"beforeSuite\",\"beforeHook\",\"beforeTest\",\"afterTest\",\"afterHook\",\"afterSuite\",\"afterSession\",\"after\",\"onComplete\",\"beforeAssertion\",\"afterAssertion\",\"beforeFeature\",\"beforeScenario\",\"beforeStep\",\"afterStep\",\"afterScenario\",\"afterFeature\",\"_\",\"suite\",\"$0\",\"ignoredWorkerServices\",\"wdi5\"]"}]}
COMMAND: POST /session/a49a846f150ab9031b86585360f30ac3/execute/async - {"script":"<script> [21126 bytes]","args":[35000]}
RESULT: {"script":"<script> [21126 bytes]","args":[35000]}
COMMAND: POST /session/a49a846f150ab9031b86585360f30ac3/window/maximize - {}
RESULT: {}
COMMAND: POST /session/a49a846f150ab9031b86585360f30ac3/execute/async - {"script":"<script> [1562 bytes]","args":[{"selector":{"id":"shell-header","interaction":{"idSuffix":"icon"}},"wdio_ui5_key":"shellheader"}]}
COMMAND: GET /session/a49a846f150ab9031b86585360f30ac3/screenshot - {}
RESULT: {"script":"<script> [1562 bytes]","args":[{"selector":{"id":"shell-header","interaction":{"idSuffix":"icon"}},"wdio_ui5_key":"shellheader"}]}
RESULT: undefined
COMMAND: POST /session/a49a846f150ab9031b86585360f30ac3/refresh - {}
RESULT: {}
RESULT: {}
COMMAND: GET /session/a49a846f150ab9031b86585360f30ac3/screenshot - {}
RESULT: {}
COMMAND: POST /session/a49a846f150ab9031b86585360f30ac3/refresh - {}
RESULT: {}
COMMAND: GET /session/a49a846f150ab9031b86585360f30ac3/screenshot - {}
RESULT: {}
COMMAND: POST /session/a49a846f150ab9031b86585360f30ac3/window/fullscreen - {}
RESULT: {}
COMMAND: POST /session/a49a846f150ab9031b86585360f30ac3/execute/async - {"script":"<script> [189 bytes]","args":[]}
RESULT: {"script":"<script> [189 bytes]","args":[]}
COMMAND: POST /session/a49a846f150ab9031b86585360f30ac3/execute/async - {"script":"<script> [123 bytes]","args":[]}
RESULT: {"script":"<script> [123 bytes]","args":[]}
COMMAND: POST /session/a49a846f150ab9031b86585360f30ac3/timeouts - {"script":"<number>"}
RESULT: {"script":"<number>"}
COMMAND: GET /session/a49a846f150ab9031b86585360f30ac3/timeouts - {}
RESULT: {}
RESULT: undefined
COMMAND: POST /session/a49a846f150ab9031b86585360f30ac3/execute/async - {"script":"<script> [2676 bytes]","args":[]}
RESULT: {"script":"<script> [2676 bytes]","args":[]}
COMMAND: POST /session/a49a846f150ab9031b86585360f30ac3/execute/async - {"script":"<script> [2342 bytes]","args":[{"protocol":"http","hostname":"0.0.0.0","path":"/","capabilities":{"browserName":"chrome","goog:chromeOptions":{"binary":"C:\\Program Files\\Google\\Chrome\\Application\\chrome.exe","args":["--start-maximized"]}},"logLevel":"warn","connectionRetryTimeout":120000,"connectionRetryCount":3,"logLevels":{},"enableDirectConnect":true,"strictSSL":true,"_":"65 more keys: [\"cacheDir\",\"port\",\"requestedCapabilities\",\"automationProtocol\",\"baseUrl\",\"waitforInterval\",\"waitforTimeout\",\"onReload\",\"beforeCommand\",\"afterCommand\",\"rootDir\",\"specs\",\"suites\",\"exclude\",\"groupLogsByTestSpec\",\"excludeDriverLogs\",\"bail\",\"framework\",\"reporters\",\"services\",\"maxInstances\",\"maxInstancesPerCapability\",\"injectGlobals\",\"filesToWatch\",\"execArgv\",\"runnerEnv\",\"runner\",\"shard\",\"specFileRetries\",\"specFileRetriesDelay\",\"specFileRetriesDeferred\",\"reporterSyncInterval\",\"reporterSyncTimeout\",\"cucumberFeaturesWithLineNumbers\",\"autoCompileOpts\",\"mochaOpts\",\"jasmineOpts\",\"cucumberOpts\",\"onPrepare\",\"onWorkerStart\",\"onWorkerEnd\",\"before\",\"beforeSession\",\"beforeSuite\",\"beforeHook\",\"beforeTest\",\"afterTest\",\"afterHook\",\"afterSuite\",\"afterSession\",\"after\",\"onComplete\",\"beforeAssertion\",\"afterAssertion\",\"beforeFeature\",\"beforeScenario\",\"beforeStep\",\"afterStep\",\"afterScenario\",\"afterFeature\",\"_\",\"suite\",\"$0\",\"ignoredWorkerServices\",\"wdi5\"]"}]}
RESULT: {"script":"<script> [2342 bytes]","args":[{"protocol":"http","hostname":"0.0.0.0","path":"/","capabilities":{"browserName":"chrome","goog:chromeOptions":{"binary":"C:\\Program Files\\Google\\Chrome\\Application\\chrome.exe","args":["--start-maximized"]}},"logLevel":"warn","connectionRetryTimeout":120000,"connectionRetryCount":3,"logLevels":{},"enableDirectConnect":true,"strictSSL":true,"_":"65 more keys: [\"cacheDir\",\"port\",\"requestedCapabilities\",\"automationProtocol\",\"baseUrl\",\"waitforInterval\",\"waitforTimeout\",\"onReload\",\"beforeCommand\",\"afterCommand\",\"rootDir\",\"specs\",\"suites\",\"exclude\",\"groupLogsByTestSpec\",\"excludeDriverLogs\",\"bail\",\"framework\",\"reporters\",\"services\",\"maxInstances\",\"maxInstancesPerCapability\",\"injectGlobals\",\"filesToWatch\",\"execArgv\",\"runnerEnv\",\"runner\",\"shard\",\"specFileRetries\",\"specFileRetriesDelay\",\"specFileRetriesDeferred\",\"reporterSyncInterval\",\"reporterSyncTimeout\",\"cucumberFeaturesWithLineNumbers\",\"autoCompileOpts\",\"mochaOpts\",\"jasmineOpts\",\"cucumberOpts\",\"onPrepare\",\"onWorkerStart\",\"onWorkerEnd\",\"before\",\"beforeSession\",\"beforeSuite\",\"beforeHook\",\"beforeTest\",\"afterTest\",\"afterHook\",\"afterSuite\",\"afterSession\",\"after\",\"onComplete\",\"beforeAssertion\",\"afterAssertion\",\"beforeFeature\",\"beforeScenario\",\"beforeStep\",\"afterStep\",\"afterScenario\",\"afterFeature\",\"_\",\"suite\",\"$0\",\"ignoredWorkerServices\",\"wdi5\"]"}]}
COMMAND: POST /session/a49a846f150ab9031b86585360f30ac3/execute/async - {"script":"<script> [21126 bytes]","args":[35000]}
RESULT: {"script":"<script> [21126 bytes]","args":[35000]}
]]></system-out>
    </testcase>
  </testsuite>
  <testsuite timestamp="2025-04-29T06:41:48" time="1308.57" tests="20" failures="4" errors="4" skipped="0">
    <properties>
      <property name="specId" value="0" />
      <property name="suiteName" value="Billing Calculation - Time based (considering transport times) US139738" />
      <property name="capabilities" value="chrome.135_0_7049_96.windows" />
      <property name="file" value="file:///D:/a/1/s/test/specs/BTS/billing-calculation-transp-times.spec.js" />
    </properties>
    <testcase classname="chrome.135_0_7049_96.windows.Billing_Calculation_-_Time_based_(considering_transport_times)_US139738" name="Should create a new yard" time="0.01">
      <system-out><![CDATA[
COMMAND: POST /session/a49a846f150ab9031b86585360f30ac3/window/fullscreen - {}
RESULT: {}
]]></system-out>
    </testcase>
    <testcase classname="chrome.135_0_7049_96.windows.Billing_Calculation_-_Time_based_(considering_transport_times)_US139738" name="Should create a new partner" time="0.007" />
    <testcase classname="chrome.135_0_7049_96.windows.Billing_Calculation_-_Time_based_(considering_transport_times)_US139738" name="Should create a new site" time="0.004" />
    <testcase classname="chrome.135_0_7049_96.windows.Billing_Calculation_-_Time_based_(considering_transport_times)_US139738" name="Should create the 1st equipment" time="127.797">
      <system-out><![CDATA[
COMMAND: POST /session/a49a846f150ab9031b86585360f30ac3/execute/async - {"script":"<script> [1562 bytes]","args":[{"selector":{"controlType":"sap.m.GenericTile","properties":{"header":"Manage Resources"}},"wdio_ui5_key":"sapm.GenericTile{\"header\":\"Manage Resources\"}"}]}
RESULT: {"script":"<script> [1562 bytes]","args":[{"selector":{"controlType":"sap.m.GenericTile","properties":{"header":"Manage Resources"}},"wdio_ui5_key":"sapm.GenericTile{\"header\":\"Manage Resources\"}"}]}
RESULT: undefined
COMMAND: POST /session/a49a846f150ab9031b86585360f30ac3/element - {"using":"xpath","value":"//*[@id=\"__tile39\"]"}
RESULT: {"using":"xpath","value":"//*[@id=\"__tile39\"]"}
COMMAND: POST /session/a49a846f150ab9031b86585360f30ac3/element/f.6CD6B7C80D08F775EB7D2FFF8B2C9AB5.d.1EF84D8BDFF02509CD72BB3AEA9CCB77.e.18930/click - {}
RESULT: {}
COMMAND: POST /session/a49a846f150ab9031b86585360f30ac3/element - {"using":"xpath","value":"//button[@data-kt=\"addNewRUOverflowToolbarButton\"]"}
COMMAND: GET /session/a49a846f150ab9031b86585360f30ac3/screenshot - {}
RESULT: {"using":"xpath","value":"//button[@data-kt=\"addNewRUOverflowToolbarButton\"]"}
COMMAND: POST /session/a49a846f150ab9031b86585360f30ac3/elements - {"using":"xpath","value":"//button[@data-kt=\"addNewRUOverflowToolbarButton\"]"}
RESULT: {}
RESULT: {"using":"xpath","value":"//button[@data-kt=\"addNewRUOverflowToolbarButton\"]"}
COMMAND: POST /session/a49a846f150ab9031b86585360f30ac3/elements - {"using":"xpath","value":"//button[@data-kt=\"addNewRUOverflowToolbarButton\"]"}
RESULT: {"using":"xpath","value":"//button[@data-kt=\"addNewRUOverflowToolbarButton\"]"}
COMMAND: POST /session/a49a846f150ab9031b86585360f30ac3/elements - {"using":"xpath","value":"//button[@data-kt=\"addNewRUOverflowToolbarButton\"]"}
RESULT: {"using":"xpath","value":"//button[@data-kt=\"addNewRUOverflowToolbarButton\"]"}
COMMAND: POST /session/a49a846f150ab9031b86585360f30ac3/elements - {"using":"xpath","value":"//button[@data-kt=\"addNewRUOverflowToolbarButton\"]"}
RESULT: {"using":"xpath","value":"//button[@data-kt=\"addNewRUOverflowToolbarButton\"]"}
COMMAND: POST /session/a49a846f150ab9031b86585360f30ac3/elements - {"using":"xpath","value":"//button[@data-kt=\"addNewRUOverflowToolbarButton\"]"}
RESULT: {"using":"xpath","value":"//button[@data-kt=\"addNewRUOverflowToolbarButton\"]"}
COMMAND: POST /session/a49a846f150ab9031b86585360f30ac3/elements - {"using":"xpath","value":"//button[@data-kt=\"addNewRUOverflowToolbarButton\"]"}
RESULT: {"using":"xpath","value":"//button[@data-kt=\"addNewRUOverflowToolbarButton\"]"}
COMMAND: POST /session/a49a846f150ab9031b86585360f30ac3/elements - {"using":"xpath","value":"//button[@data-kt=\"addNewRUOverflowToolbarButton\"]"}
RESULT: {"using":"xpath","value":"//button[@data-kt=\"addNewRUOverflowToolbarButton\"]"}
COMMAND: POST /session/a49a846f150ab9031b86585360f30ac3/elements - {"using":"xpath","value":"//button[@data-kt=\"addNewRUOverflowToolbarButton\"]"}
RESULT: {"using":"xpath","value":"//button[@data-kt=\"addNewRUOverflowToolbarButton\"]"}
COMMAND: POST /session/a49a846f150ab9031b86585360f30ac3/elements - {"using":"xpath","value":"//button[@data-kt=\"addNewRUOverflowToolbarButton\"]"}
RESULT: {"using":"xpath","value":"//button[@data-kt=\"addNewRUOverflowToolbarButton\"]"}
COMMAND: POST /session/a49a846f150ab9031b86585360f30ac3/elements - {"using":"xpath","value":"//button[@data-kt=\"addNewRUOverflowToolbarButton\"]"}
RESULT: {"using":"xpath","value":"//button[@data-kt=\"addNewRUOverflowToolbarButton\"]"}
COMMAND: POST /session/a49a846f150ab9031b86585360f30ac3/elements - {"using":"xpath","value":"//button[@data-kt=\"addNewRUOverflowToolbarButton\"]"}
RESULT: {"using":"xpath","value":"//button[@data-kt=\"addNewRUOverflowToolbarButton\"]"}
COMMAND: POST /session/a49a846f150ab9031b86585360f30ac3/elements - {"using":"xpath","value":"//button[@data-kt=\"addNewRUOverflowToolbarButton\"]"}
RESULT: {"using":"xpath","value":"//button[@data-kt=\"addNewRUOverflowToolbarButton\"]"}
COMMAND: POST /session/a49a846f150ab9031b86585360f30ac3/elements - {"using":"xpath","value":"//button[@data-kt=\"addNewRUOverflowToolbarButton\"]"}
RESULT: {"using":"xpath","value":"//button[@data-kt=\"addNewRUOverflowToolbarButton\"]"}
COMMAND: POST /session/a49a846f150ab9031b86585360f30ac3/elements - {"using":"xpath","value":"//button[@data-kt=\"addNewRUOverflowToolbarButton\"]"}
RESULT: {"using":"xpath","value":"//button[@data-kt=\"addNewRUOverflowToolbarButton\"]"}
COMMAND: POST /session/a49a846f150ab9031b86585360f30ac3/elements - {"using":"xpath","value":"//button[@data-kt=\"addNewRUOverflowToolbarButton\"]"}
RESULT: {"using":"xpath","value":"//button[@data-kt=\"addNewRUOverflowToolbarButton\"]"}
COMMAND: POST /session/a49a846f150ab9031b86585360f30ac3/elements - {"using":"xpath","value":"//button[@data-kt=\"addNewRUOverflowToolbarButton\"]"}
RESULT: {"using":"xpath","value":"//button[@data-kt=\"addNewRUOverflowToolbarButton\"]"}
COMMAND: POST /session/a49a846f150ab9031b86585360f30ac3/elements - {"using":"xpath","value":"//button[@data-kt=\"addNewRUOverflowToolbarButton\"]"}
RESULT: {"using":"xpath","value":"//button[@data-kt=\"addNewRUOverflowToolbarButton\"]"}
COMMAND: POST /session/a49a846f150ab9031b86585360f30ac3/elements - {"using":"xpath","value":"//button[@data-kt=\"addNewRUOverflowToolbarButton\"]"}
RESULT: {"using":"xpath","value":"//button[@data-kt=\"addNewRUOverflowToolbarButton\"]"}
COMMAND: POST /session/a49a846f150ab9031b86585360f30ac3/elements - {"using":"xpath","value":"//button[@data-kt=\"addNewRUOverflowToolbarButton\"]"}
RESULT: {"using":"xpath","value":"//button[@data-kt=\"addNewRUOverflowToolbarButton\"]"}
COMMAND: POST /session/a49a846f150ab9031b86585360f30ac3/elements - {"using":"xpath","value":"//button[@data-kt=\"addNewRUOverflowToolbarButton\"]"}
RESULT: {"using":"xpath","value":"//button[@data-kt=\"addNewRUOverflowToolbarButton\"]"}
COMMAND: POST /session/a49a846f150ab9031b86585360f30ac3/elements - {"using":"xpath","value":"//button[@data-kt=\"addNewRUOverflowToolbarButton\"]"}
RESULT: {"using":"xpath","value":"//button[@data-kt=\"addNewRUOverflowToolbarButton\"]"}
COMMAND: POST /session/a49a846f150ab9031b86585360f30ac3/elements - {"using":"xpath","value":"//button[@data-kt=\"addNewRUOverflowToolbarButton\"]"}
RESULT: {"using":"xpath","value":"//button[@data-kt=\"addNewRUOverflowToolbarButton\"]"}
COMMAND: POST /session/a49a846f150ab9031b86585360f30ac3/elements - {"using":"xpath","value":"//button[@data-kt=\"addNewRUOverflowToolbarButton\"]"}
RESULT: {"using":"xpath","value":"//button[@data-kt=\"addNewRUOverflowToolbarButton\"]"}
COMMAND: POST /session/a49a846f150ab9031b86585360f30ac3/elements - {"using":"xpath","value":"//button[@data-kt=\"addNewRUOverflowToolbarButton\"]"}
RESULT: {"using":"xpath","value":"//button[@data-kt=\"addNewRUOverflowToolbarButton\"]"}
COMMAND: POST /session/a49a846f150ab9031b86585360f30ac3/elements - {"using":"xpath","value":"//button[@data-kt=\"addNewRUOverflowToolbarButton\"]"}
RESULT: {"using":"xpath","value":"//button[@data-kt=\"addNewRUOverflowToolbarButton\"]"}
COMMAND: POST /session/a49a846f150ab9031b86585360f30ac3/elements - {"using":"xpath","value":"//button[@data-kt=\"addNewRUOverflowToolbarButton\"]"}
RESULT: {"using":"xpath","value":"//button[@data-kt=\"addNewRUOverflowToolbarButton\"]"}
COMMAND: POST /session/a49a846f150ab9031b86585360f30ac3/elements - {"using":"xpath","value":"//button[@data-kt=\"addNewRUOverflowToolbarButton\"]"}
RESULT: {"using":"xpath","value":"//button[@data-kt=\"addNewRUOverflowToolbarButton\"]"}
COMMAND: POST /session/a49a846f150ab9031b86585360f30ac3/elements - {"using":"xpath","value":"//button[@data-kt=\"addNewRUOverflowToolbarButton\"]"}
RESULT: {"using":"xpath","value":"//button[@data-kt=\"addNewRUOverflowToolbarButton\"]"}
COMMAND: POST /session/a49a846f150ab9031b86585360f30ac3/elements - {"using":"xpath","value":"//button[@data-kt=\"addNewRUOverflowToolbarButton\"]"}
RESULT: {"using":"xpath","value":"//button[@data-kt=\"addNewRUOverflowToolbarButton\"]"}
COMMAND: POST /session/a49a846f150ab9031b86585360f30ac3/elements - {"using":"xpath","value":"//button[@data-kt=\"addNewRUOverflowToolbarButton\"]"}
RESULT: {"using":"xpath","value":"//button[@data-kt=\"addNewRUOverflowToolbarButton\"]"}
COMMAND: POST /session/a49a846f150ab9031b86585360f30ac3/elements - {"using":"xpath","value":"//button[@data-kt=\"addNewRUOverflowToolbarButton\"]"}
RESULT: {"using":"xpath","value":"//button[@data-kt=\"addNewRUOverflowToolbarButton\"]"}
COMMAND: POST /session/a49a846f150ab9031b86585360f30ac3/elements - {"using":"xpath","value":"//button[@data-kt=\"addNewRUOverflowToolbarButton\"]"}
RESULT: {"using":"xpath","value":"//button[@data-kt=\"addNewRUOverflowToolbarButton\"]"}
COMMAND: POST /session/a49a846f150ab9031b86585360f30ac3/elements - {"using":"xpath","value":"//button[@data-kt=\"addNewRUOverflowToolbarButton\"]"}
RESULT: {"using":"xpath","value":"//button[@data-kt=\"addNewRUOverflowToolbarButton\"]"}
COMMAND: POST /session/a49a846f150ab9031b86585360f30ac3/elements - {"using":"xpath","value":"//button[@data-kt=\"addNewRUOverflowToolbarButton\"]"}
RESULT: {"using":"xpath","value":"//button[@data-kt=\"addNewRUOverflowToolbarButton\"]"}
COMMAND: POST /session/a49a846f150ab9031b86585360f30ac3/elements - {"using":"xpath","value":"//button[@data-kt=\"addNewRUOverflowToolbarButton\"]"}
RESULT: {"using":"xpath","value":"//button[@data-kt=\"addNewRUOverflowToolbarButton\"]"}
COMMAND: POST /session/a49a846f150ab9031b86585360f30ac3/elements - {"using":"xpath","value":"//button[@data-kt=\"addNewRUOverflowToolbarButton\"]"}
RESULT: {"using":"xpath","value":"//button[@data-kt=\"addNewRUOverflowToolbarButton\"]"}
COMMAND: POST /session/a49a846f150ab9031b86585360f30ac3/elements - {"using":"xpath","value":"//button[@data-kt=\"addNewRUOverflowToolbarButton\"]"}
RESULT: {"using":"xpath","value":"//button[@data-kt=\"addNewRUOverflowToolbarButton\"]"}
COMMAND: POST /session/a49a846f150ab9031b86585360f30ac3/elements - {"using":"xpath","value":"//button[@data-kt=\"addNewRUOverflowToolbarButton\"]"}
RESULT: {"using":"xpath","value":"//button[@data-kt=\"addNewRUOverflowToolbarButton\"]"}
COMMAND: POST /session/a49a846f150ab9031b86585360f30ac3/elements - {"using":"xpath","value":"//button[@data-kt=\"addNewRUOverflowToolbarButton\"]"}
RESULT: {"using":"xpath","value":"//button[@data-kt=\"addNewRUOverflowToolbarButton\"]"}
COMMAND: POST /session/a49a846f150ab9031b86585360f30ac3/elements - {"using":"xpath","value":"//button[@data-kt=\"addNewRUOverflowToolbarButton\"]"}
RESULT: {"using":"xpath","value":"//button[@data-kt=\"addNewRUOverflowToolbarButton\"]"}
COMMAND: POST /session/a49a846f150ab9031b86585360f30ac3/elements - {"using":"xpath","value":"//button[@data-kt=\"addNewRUOverflowToolbarButton\"]"}
RESULT: {"using":"xpath","value":"//button[@data-kt=\"addNewRUOverflowToolbarButton\"]"}
COMMAND: POST /session/a49a846f150ab9031b86585360f30ac3/elements - {"using":"xpath","value":"//button[@data-kt=\"addNewRUOverflowToolbarButton\"]"}
RESULT: {"using":"xpath","value":"//button[@data-kt=\"addNewRUOverflowToolbarButton\"]"}
COMMAND: POST /session/a49a846f150ab9031b86585360f30ac3/element - {"using":"xpath","value":"//button[@data-kt=\"addNewRUOverflowToolbarButton\"]"}
RESULT: {"using":"xpath","value":"//button[@data-kt=\"addNewRUOverflowToolbarButton\"]"}
COMMAND: POST /session/a49a846f150ab9031b86585360f30ac3/execute/sync - {"script":"<script> [8489 bytes]","args":[{"element-6066-11e4-a52e-4f735466cecf":"f.6CD6B7C80D08F775EB7D2FFF8B2C9AB5.d.1EF84D8BDFF02509CD72BB3AEA9CCB77.e.19081","ELEMENT":"f.6CD6B7C80D08F775EB7D2FFF8B2C9AB5.d.1EF84D8BDFF02509CD72BB3AEA9CCB77.e.19081"}]}
RESULT: {"script":"<script> [8489 bytes]","args":[{"element-6066-11e4-a52e-4f735466cecf":"f.6CD6B7C80D08F775EB7D2FFF8B2C9AB5.d.1EF84D8BDFF02509CD72BB3AEA9CCB77.e.19081","ELEMENT":"f.6CD6B7C80D08F775EB7D2FFF8B2C9AB5.d.1EF84D8BDFF02509CD72BB3AEA9CCB77.e.19081"}]}
COMMAND: GET /session/a49a846f150ab9031b86585360f30ac3/element/f.6CD6B7C80D08F775EB7D2FFF8B2C9AB5.d.1EF84D8BDFF02509CD72BB3AEA9CCB77.e.19081/enabled - {}
COMMAND: GET /session/a49a846f150ab9031b86585360f30ac3/screenshot - {}
RESULT: {}
COMMAND: POST /session/a49a846f150ab9031b86585360f30ac3/execute/sync - {"script":"<script> [8489 bytes]","args":[{"element-6066-11e4-a52e-4f735466cecf":"f.6CD6B7C80D08F775EB7D2FFF8B2C9AB5.d.1EF84D8BDFF02509CD72BB3AEA9CCB77.e.19081","ELEMENT":"f.6CD6B7C80D08F775EB7D2FFF8B2C9AB5.d.1EF84D8BDFF02509CD72BB3AEA9CCB77.e.19081"}]}
COMMAND: GET /session/a49a846f150ab9031b86585360f30ac3/screenshot - {}
RESULT: {}
RESULT: {"script":"<script> [8489 bytes]","args":[{"element-6066-11e4-a52e-4f735466cecf":"f.6CD6B7C80D08F775EB7D2FFF8B2C9AB5.d.1EF84D8BDFF02509CD72BB3AEA9CCB77.e.19081","ELEMENT":"f.6CD6B7C80D08F775EB7D2FFF8B2C9AB5.d.1EF84D8BDFF02509CD72BB3AEA9CCB77.e.19081"}]}
COMMAND: POST /session/a49a846f150ab9031b86585360f30ac3/execute/sync - {"script":"<script> [5351 bytes]","args":[{"element-6066-11e4-a52e-4f735466cecf":"f.6CD6B7C80D08F775EB7D2FFF8B2C9AB5.d.1EF84D8BDFF02509CD72BB3AEA9CCB77.e.19081","ELEMENT":"f.6CD6B7C80D08F775EB7D2FFF8B2C9AB5.d.1EF84D8BDFF02509CD72BB3AEA9CCB77.e.19081"}]}
COMMAND: GET /session/a49a846f150ab9031b86585360f30ac3/screenshot - {}
RESULT: {}
RESULT: {"script":"<script> [5351 bytes]","args":[{"element-6066-11e4-a52e-4f735466cecf":"f.6CD6B7C80D08F775EB7D2FFF8B2C9AB5.d.1EF84D8BDFF02509CD72BB3AEA9CCB77.e.19081","ELEMENT":"f.6CD6B7C80D08F775EB7D2FFF8B2C9AB5.d.1EF84D8BDFF02509CD72BB3AEA9CCB77.e.19081"}]}
COMMAND: POST /session/a49a846f150ab9031b86585360f30ac3/element/f.6CD6B7C80D08F775EB7D2FFF8B2C9AB5.d.1EF84D8BDFF02509CD72BB3AEA9CCB77.e.19081/click - {}
COMMAND: GET /session/a49a846f150ab9031b86585360f30ac3/screenshot - {}
RESULT: {}
RESULT: {}
COMMAND: GET /session/a49a846f150ab9031b86585360f30ac3/screenshot - {}
RESULT: {}
COMMAND: POST /session/a49a846f150ab9031b86585360f30ac3/execute/async - {"script":"<script> [1562 bytes]","args":[{"selector":{"id":"application-manageresources-display-component---newResourceUnit--TYPE-arrow"},"wdio_ui5_key":"applicationmanageresources-display-component---newResourceUnit--TYPE-arrow"}]}
RESULT: {}
RESULT: {"script":"<script> [1562 bytes]","args":[{"selector":{"id":"application-manageresources-display-component---newResourceUnit--TYPE-arrow"},"wdio_ui5_key":"applicationmanageresources-display-component---newResourceUnit--TYPE-arrow"}]}
RESULT: undefined
COMMAND: POST /session/a49a846f150ab9031b86585360f30ac3/element - {"using":"xpath","value":"//*[@id=\"application-manageresources-display-component---newResourceUnit--TYPE-arrow\"]"}
RESULT: {"using":"xpath","value":"//*[@id=\"application-manageresources-display-component---newResourceUnit--TYPE-arrow\"]"}
COMMAND: POST /session/a49a846f150ab9031b86585360f30ac3/element/f.6CD6B7C80D08F775EB7D2FFF8B2C9AB5.d.1EF84D8BDFF02509CD72BB3AEA9CCB77.e.19439/click - {}
RESULT: {}
COMMAND: POST /session/a49a846f150ab9031b86585360f30ac3/element - {"using":"xpath","value":"//input[@id=\"application-manageresources-display-component---newResourceUnit--TYPE-inner\"]"}
COMMAND: GET /session/a49a846f150ab9031b86585360f30ac3/screenshot - {}
RESULT: {"using":"xpath","value":"//input[@id=\"application-manageresources-display-component---newResourceUnit--TYPE-inner\"]"}
COMMAND: POST /session/a49a846f150ab9031b86585360f30ac3/element/f.6CD6B7C80D08F775EB7D2FFF8B2C9AB5.d.1EF84D8BDFF02509CD72BB3AEA9CCB77.e.19419/clear - {}
RESULT: {}
RESULT: {}
COMMAND: POST /session/a49a846f150ab9031b86585360f30ac3/element/f.6CD6B7C80D08F775EB7D2FFF8B2C9AB5.d.1EF84D8BDFF02509CD72BB3AEA9CCB77.e.19419/value - {"text":"Equipment"}
COMMAND: GET /session/a49a846f150ab9031b86585360f30ac3/screenshot - {}
RESULT: {"text":"Equipment"}
COMMAND: GET /session/a49a846f150ab9031b86585360f30ac3/screenshot - {}
RESULT: {}
RESULT: {}
COMMAND: POST /session/a49a846f150ab9031b86585360f30ac3/actions - {"actions":[{"id":"action66","type":"key","parameters":{},"actions":[{"type":"keyDown","value":"î€‡"},{"type":"pause","duration":10},{"type":"keyUp","value":"î€‡"}]}]}
RESULT: {"actions":[{"id":"action66","type":"key","parameters":{},"actions":[{"type":"keyDown","value":"î€‡"},{"type":"pause","duration":10},{"type":"keyUp","value":"î€‡"}]}]}
COMMAND: POST /session/a49a846f150ab9031b86585360f30ac3/execute/async - {"script":"<script> [1562 bytes]","args":[{"selector":{"id":"application-manageresources-display-component---newResourceUnit--resourceId","interaction":{"idSuffix":"inner"}},"wdio_ui5_key":"applicationmanageresources-display-component---newResourceUnit--resourceId"}]}
COMMAND: GET /session/a49a846f150ab9031b86585360f30ac3/screenshot - {}
RESULT: {"script":"<script> [1562 bytes]","args":[{"selector":{"id":"application-manageresources-display-component---newResourceUnit--resourceId","interaction":{"idSuffix":"inner"}},"wdio_ui5_key":"applicationmanageresources-display-component---newResourceUnit--resourceId"}]}
RESULT: undefined
COMMAND: POST /session/a49a846f150ab9031b86585360f30ac3/execute/async - {"script":"<script> [776 bytes]","args":[{"enterText":"oyQ2iOMP6p","selector":{"id":"application-manageresources-display-component---newResourceUnit--resourceId","interaction":{"idSuffix":"inner"}},"clearTextFirst":true,"interactionType":"ENTER_TEXT"}]}
RESULT: {}
RESULT: {"script":"<script> [776 bytes]","args":[{"enterText":"oyQ2iOMP6p","selector":{"id":"application-manageresources-display-component---newResourceUnit--resourceId","interaction":{"idSuffix":"inner"}},"clearTextFirst":true,"interactionType":"ENTER_TEXT"}]}
COMMAND: POST /session/a49a846f150ab9031b86585360f30ac3/execute/async - {"script":"<script> [1562 bytes]","args":[{"selector":{"id":"application-manageresources-display-component---newResourceUnit--SHORT_TEXT","interaction":{"idSuffix":"inner"}},"wdio_ui5_key":"applicationmanageresources-display-component---newResourceUnit--SHORT_TEXT"}]}
RESULT: {"script":"<script> [1562 bytes]","args":[{"selector":{"id":"application-manageresources-display-component---newResourceUnit--SHORT_TEXT","interaction":{"idSuffix":"inner"}},"wdio_ui5_key":"applicationmanageresources-display-component---newResourceUnit--SHORT_TEXT"}]}
RESULT: undefined
COMMAND: POST /session/a49a846f150ab9031b86585360f30ac3/execute/async - {"script":"<script> [776 bytes]","args":[{"enterText":"Intercompany Equipment WDIO","selector":{"id":"application-manageresources-display-component---newResourceUnit--SHORT_TEXT","interaction":{"idSuffix":"inner"}},"clearTextFirst":true,"interactionType":"ENTER_TEXT"}]}
RESULT: {"script":"<script> [776 bytes]","args":[{"enterText":"Intercompany Equipment WDIO","selector":{"id":"application-manageresources-display-component---newResourceUnit--SHORT_TEXT","interaction":{"idSuffix":"inner"}},"clearTextFirst":true,"interactionType":"ENTER_TEXT"}]}
COMMAND: POST /session/a49a846f150ab9031b86585360f30ac3/execute/async - {"script":"<script> [1562 bytes]","args":[{"selector":{"id":"application-manageresources-display-component---newResourceUnit--BASE_UNIT_OF_MEASURE","interaction":{"idSuffix":"inner"}},"wdio_ui5_key":"applicationmanageresources-display-component---newResourceUnit--BASE_UNIT_OF_MEASURE"}]}
RESULT: {"script":"<script> [1562 bytes]","args":[{"selector":{"id":"application-manageresources-display-component---newResourceUnit--BASE_UNIT_OF_MEASURE","interaction":{"idSuffix":"inner"}},"wdio_ui5_key":"applicationmanageresources-display-component---newResourceUnit--BASE_UNIT_OF_MEASURE"}]}
RESULT: undefined
COMMAND: POST /session/a49a846f150ab9031b86585360f30ac3/execute/async - {"script":"<script> [776 bytes]","args":[{"enterText":"Piece","selector":{"id":"application-manageresources-display-component---newResourceUnit--BASE_UNIT_OF_MEASURE","interaction":{"idSuffix":"inner"}},"clearTextFirst":true,"interactionType":"ENTER_TEXT"}]}
RESULT: {"script":"<script> [776 bytes]","args":[{"enterText":"Piece","selector":{"id":"application-manageresources-display-component---newResourceUnit--BASE_UNIT_OF_MEASURE","interaction":{"idSuffix":"inner"}},"clearTextFirst":true,"interactionType":"ENTER_TEXT"}]}
COMMAND: POST /session/a49a846f150ab9031b86585360f30ac3/execute/async - {"script":"<script> [1562 bytes]","args":[{"selector":{"id":"application-manageresources-display-component---newResourceUnit--WEIGHT_UNIT","interaction":{"idSuffix":"inner"}},"wdio_ui5_key":"applicationmanageresources-display-component---newResourceUnit--WEIGHT_UNIT"}]}
RESULT: {"script":"<script> [1562 bytes]","args":[{"selector":{"id":"application-manageresources-display-component---newResourceUnit--WEIGHT_UNIT","interaction":{"idSuffix":"inner"}},"wdio_ui5_key":"applicationmanageresources-display-component---newResourceUnit--WEIGHT_UNIT"}]}
RESULT: undefined
COMMAND: POST /session/a49a846f150ab9031b86585360f30ac3/execute/async - {"script":"<script> [776 bytes]","args":[{"enterText":"Gram","selector":{"id":"application-manageresources-display-component---newResourceUnit--WEIGHT_UNIT","interaction":{"idSuffix":"inner"}},"clearTextFirst":true,"interactionType":"ENTER_TEXT"}]}
RESULT: {"script":"<script> [776 bytes]","args":[{"enterText":"Gram","selector":{"id":"application-manageresources-display-component---newResourceUnit--WEIGHT_UNIT","interaction":{"idSuffix":"inner"}},"clearTextFirst":true,"interactionType":"ENTER_TEXT"}]}
COMMAND: POST /session/a49a846f150ab9031b86585360f30ac3/execute/async - {"script":"<script> [1562 bytes]","args":[{"selector":{"id":"application-manageresources-display-component---newResourceUnit--DIMENSION_UNIT","interaction":{"idSuffix":"inner"}},"wdio_ui5_key":"applicationmanageresources-display-component---newResourceUnit--DIMENSION_UNIT"}]}
RESULT: {"script":"<script> [1562 bytes]","args":[{"selector":{"id":"application-manageresources-display-component---newResourceUnit--DIMENSION_UNIT","interaction":{"idSuffix":"inner"}},"wdio_ui5_key":"applicationmanageresources-display-component---newResourceUnit--DIMENSION_UNIT"}]}
RESULT: undefined
COMMAND: POST /session/a49a846f150ab9031b86585360f30ac3/execute/async - {"script":"<script> [776 bytes]","args":[{"enterText":"Meter","selector":{"id":"application-manageresources-display-component---newResourceUnit--DIMENSION_UNIT","interaction":{"idSuffix":"inner"}},"clearTextFirst":true,"interactionType":"ENTER_TEXT"}]}
RESULT: {"script":"<script> [776 bytes]","args":[{"enterText":"Meter","selector":{"id":"application-manageresources-display-component---newResourceUnit--DIMENSION_UNIT","interaction":{"idSuffix":"inner"}},"clearTextFirst":true,"interactionType":"ENTER_TEXT"}]}
COMMAND: POST /session/a49a846f150ab9031b86585360f30ac3/execute/async - {"script":"<script> [1562 bytes]","args":[{"selector":{"id":"application-manageresources-display-component---newResourceUnit--newRRUPage-anchBar-application-manageresources-display-component---newResourceUnit--control-anchor","interaction":{"idSuffix":"BDI-content"}},"wdio_ui5_key":"applicationmanageresources-display-component---newResourceUnit--newRRUPage-anchBar-application-manageresources-display-component---newResourceUnit--control-anchor"}]}
RESULT: {"script":"<script> [1562 bytes]","args":[{"selector":{"id":"application-manageresources-display-component---newResourceUnit--newRRUPage-anchBar-application-manageresources-display-component---newResourceUnit--control-anchor","interaction":{"idSuffix":"BDI-content"}},"wdio_ui5_key":"applicationmanageresources-display-component---newResourceUnit--newRRUPage-anchBar-application-manageresources-display-component---newResourceUnit--control-anchor"}]}
RESULT: undefined
COMMAND: POST /session/a49a846f150ab9031b86585360f30ac3/element - {"using":"xpath","value":"//*[@id=\"application-manageresources-display-component---newResourceUnit--newRRUPage-anchBar-application-manageresources-display-component---newResourceUnit--control-anchor\"]"}
RESULT: {"using":"xpath","value":"//*[@id=\"application-manageresources-display-component---newResourceUnit--newRRUPage-anchBar-application-manageresources-display-component---newResourceUnit--control-anchor\"]"}
COMMAND: POST /session/a49a846f150ab9031b86585360f30ac3/element/f.6CD6B7C80D08F775EB7D2FFF8B2C9AB5.d.1EF84D8BDFF02509CD72BB3AEA9CCB77.e.19573/click - {}
RESULT: {}
COMMAND: POST /session/a49a846f150ab9031b86585360f30ac3/execute/async - {"script":"<script> [1562 bytes]","args":[{"selector":{"id":"application-manageresources-display-component---newResourceUnit--PLANNING_GROUP","interaction":{"idSuffix":"inner"}},"wdio_ui5_key":"applicationmanageresources-display-component---newResourceUnit--PLANNING_GROUP"}]}
COMMAND: GET /session/a49a846f150ab9031b86585360f30ac3/screenshot - {}
RESULT: {"script":"<script> [1562 bytes]","args":[{"selector":{"id":"application-manageresources-display-component---newResourceUnit--PLANNING_GROUP","interaction":{"idSuffix":"inner"}},"wdio_ui5_key":"applicationmanageresources-display-component---newResourceUnit--PLANNING_GROUP"}]}
RESULT: undefined
COMMAND: POST /session/a49a846f150ab9031b86585360f30ac3/execute/async - {"script":"<script> [776 bytes]","args":[{"enterText":"Heavy Equi","selector":{"id":"application-manageresources-display-component---newResourceUnit--PLANNING_GROUP","interaction":{"idSuffix":"inner"}},"clearTextFirst":true,"interactionType":"ENTER_TEXT"}]}
RESULT: {}
RESULT: {"script":"<script> [776 bytes]","args":[{"enterText":"Heavy Equi","selector":{"id":"application-manageresources-display-component---newResourceUnit--PLANNING_GROUP","interaction":{"idSuffix":"inner"}},"clearTextFirst":true,"interactionType":"ENTER_TEXT"}]}
COMMAND: POST /session/a49a846f150ab9031b86585360f30ac3/execute/async - {"script":"<script> [1562 bytes]","args":[{"selector":{"id":"application-manageresources-display-component---newResourceUnit--ITEM_TYPE-arrow"},"wdio_ui5_key":"applicationmanageresources-display-component---newResourceUnit--ITEM_TYPE-arrow"}]}
RESULT: {"script":"<script> [1562 bytes]","args":[{"selector":{"id":"application-manageresources-display-component---newResourceUnit--ITEM_TYPE-arrow"},"wdio_ui5_key":"applicationmanageresources-display-component---newResourceUnit--ITEM_TYPE-arrow"}]}
RESULT: undefined
COMMAND: POST /session/a49a846f150ab9031b86585360f30ac3/element - {"using":"xpath","value":"//*[@id=\"application-manageresources-display-component---newResourceUnit--ITEM_TYPE-arrow\"]"}
RESULT: {"using":"xpath","value":"//*[@id=\"application-manageresources-display-component---newResourceUnit--ITEM_TYPE-arrow\"]"}
COMMAND: POST /session/a49a846f150ab9031b86585360f30ac3/element/f.6CD6B7C80D08F775EB7D2FFF8B2C9AB5.d.1EF84D8BDFF02509CD72BB3AEA9CCB77.e.19582/click - {}
RESULT: {}
COMMAND: POST /session/a49a846f150ab9031b86585360f30ac3/element - {"using":"xpath","value":"(//span[contains(text(), \"Resource Unit\")])[2]"}
COMMAND: GET /session/a49a846f150ab9031b86585360f30ac3/screenshot - {}
RESULT: {"using":"xpath","value":"(//span[contains(text(), \"Resource Unit\")])[2]"}
COMMAND: POST /session/a49a846f150ab9031b86585360f30ac3/element/f.6CD6B7C80D08F775EB7D2FFF8B2C9AB5.d.1EF84D8BDFF02509CD72BB3AEA9CCB77.e.19583/click - {}
RESULT: {}
RESULT: {}
COMMAND: GET /session/a49a846f150ab9031b86585360f30ac3/screenshot - {}
RESULT: {}
COMMAND: POST /session/a49a846f150ab9031b86585360f30ac3/element - {"using":"css selector","value":"#application-manageresources-display-component---newResourceUnit--btnAddTimeSegment"}
RESULT: {"using":"css selector","value":"#application-manageresources-display-component---newResourceUnit--btnAddTimeSegment"}
COMMAND: GET /session/a49a846f150ab9031b86585360f30ac3/element/f.6CD6B7C80D08F775EB7D2FFF8B2C9AB5.d.1EF84D8BDFF02509CD72BB3AEA9CCB77.e.19584/rect - {}
RESULT: {}
COMMAND: GET /session/a49a846f150ab9031b86585360f30ac3/window/rect - {}
RESULT: {}
COMMAND: POST /session/a49a846f150ab9031b86585360f30ac3/execute/sync - {"script":"<script> [92 bytes]","args":[]}
RESULT: {"script":"<script> [92 bytes]","args":[]}
COMMAND: POST /session/a49a846f150ab9031b86585360f30ac3/actions - {"actions":[{"id":"action67","type":"wheel","parameters":{},"actions":[{"type":"scroll","x":-1888,"y":-32,"deltaX":0,"deltaY":0,"duration":0,"origin":{"element-6066-11e4-a52e-4f735466cecf":"f.6CD6B7C80D08F775EB7D2FFF8B2C9AB5.d.1EF84D8BDFF02509CD72BB3AEA9CCB77.e.19584"}}]}]}
COMMAND: GET /session/a49a846f150ab9031b86585360f30ac3/screenshot - {}
RESULT: {}
COMMAND: POST /session/a49a846f150ab9031b86585360f30ac3/execute/sync - {"script":"<script> [79 bytes]","args":[{"element-6066-11e4-a52e-4f735466cecf":"f.6CD6B7C80D08F775EB7D2FFF8B2C9AB5.d.1EF84D8BDFF02509CD72BB3AEA9CCB77.e.19584","ELEMENT":"f.6CD6B7C80D08F775EB7D2FFF8B2C9AB5.d.1EF84D8BDFF02509CD72BB3AEA9CCB77.e.19584"},{"block":"start","inline":"nearest"}]}
RESULT: {"script":"<script> [79 bytes]","args":[{"element-6066-11e4-a52e-4f735466cecf":"f.6CD6B7C80D08F775EB7D2FFF8B2C9AB5.d.1EF84D8BDFF02509CD72BB3AEA9CCB77.e.19584","ELEMENT":"f.6CD6B7C80D08F775EB7D2FFF8B2C9AB5.d.1EF84D8BDFF02509CD72BB3AEA9CCB77.e.19584"},{"block":"start","inline":"nearest"}]}
COMMAND: POST /session/a49a846f150ab9031b86585360f30ac3/execute/async - {"script":"<script> [1562 bytes]","args":[{"selector":{"id":"application-manageresources-display-component---newResourceUnit--btnAddTimeSegment","interaction":{"idSuffix":"inner"}},"wdio_ui5_key":"applicationmanageresources-display-component---newResourceUnit--btnAddTimeSegment"}]}
COMMAND: GET /session/a49a846f150ab9031b86585360f30ac3/screenshot - {}
RESULT: {"script":"<script> [1562 bytes]","args":[{"selector":{"id":"application-manageresources-display-component---newResourceUnit--btnAddTimeSegment","interaction":{"idSuffix":"inner"}},"wdio_ui5_key":"applicationmanageresources-display-component---newResourceUnit--btnAddTimeSegment"}]}
RESULT: undefined
COMMAND: POST /session/a49a846f150ab9031b86585360f30ac3/element - {"using":"xpath","value":"//*[@id=\"application-manageresources-display-component---newResourceUnit--btnAddTimeSegment\"]"}
RESULT: {}
RESULT: {"using":"xpath","value":"//*[@id=\"application-manageresources-display-component---newResourceUnit--btnAddTimeSegment\"]"}
COMMAND: POST /session/a49a846f150ab9031b86585360f30ac3/element/f.6CD6B7C80D08F775EB7D2FFF8B2C9AB5.d.1EF84D8BDFF02509CD72BB3AEA9CCB77.e.19584/click - {}
RESULT: {}
COMMAND: GET /session/a49a846f150ab9031b86585360f30ac3/screenshot - {}
RESULT: {}
COMMAND: POST /session/a49a846f150ab9031b86585360f30ac3/element - {"using":"xpath","value":"//input[@id=\"application-manageresources-display-component---newResourceUnit--idRuTSAdmin-application-manageresources-display-component---newResourceUnit--RUTimeSegment-0-inner\"]"}
RESULT: {"using":"xpath","value":"//input[@id=\"application-manageresources-display-component---newResourceUnit--idRuTSAdmin-application-manageresources-display-component---newResourceUnit--RUTimeSegment-0-inner\"]"}
COMMAND: POST /session/a49a846f150ab9031b86585360f30ac3/element/f.6CD6B7C80D08F775EB7D2FFF8B2C9AB5.d.1EF84D8BDFF02509CD72BB3AEA9CCB77.e.19590/clear - {}
RESULT: {}
COMMAND: POST /session/a49a846f150ab9031b86585360f30ac3/element/f.6CD6B7C80D08F775EB7D2FFF8B2C9AB5.d.1EF84D8BDFF02509CD72BB3AEA9CCB77.e.19590/value - {"text":"371"}
COMMAND: GET /session/a49a846f150ab9031b86585360f30ac3/screenshot - {}
RESULT: {"text":"371"}
COMMAND: GET /session/a49a846f150ab9031b86585360f30ac3/screenshot - {}
RESULT: {}
RESULT: {}
COMMAND: POST /session/a49a846f150ab9031b86585360f30ac3/element - {"using":"xpath","value":"//li[.//span[text()='371']]"}
RESULT: {"using":"xpath","value":"//li[.//span[text()='371']]"}
COMMAND: POST /session/a49a846f150ab9031b86585360f30ac3/element/f.6CD6B7C80D08F775EB7D2FFF8B2C9AB5.d.1EF84D8BDFF02509CD72BB3AEA9CCB77.e.19602/click - {}
RESULT: {}
COMMAND: GET /session/a49a846f150ab9031b86585360f30ac3/screenshot - {}
RESULT: {}
COMMAND: POST /session/a49a846f150ab9031b86585360f30ac3/element - {"using":"xpath","value":"(//span[contains(@id, \"-application-manageresources-display-component---newResourceUnit--RUTimeSegment-0-arrow\")])[6]"}
RESULT: {"using":"xpath","value":"(//span[contains(@id, \"-application-manageresources-display-component---newResourceUnit--RUTimeSegment-0-arrow\")])[6]"}
COMMAND: POST /session/a49a846f150ab9031b86585360f30ac3/element/f.6CD6B7C80D08F775EB7D2FFF8B2C9AB5.d.1EF84D8BDFF02509CD72BB3AEA9CCB77.e.19603/click - {}
RESULT: {}
COMMAND: POST /session/a49a846f150ab9031b86585360f30ac3/element - {"using":"xpath","value":"//span[contains(text(), \"PM Order\")]"}
COMMAND: GET /session/a49a846f150ab9031b86585360f30ac3/screenshot - {}
RESULT: {"using":"xpath","value":"//span[contains(text(), \"PM Order\")]"}
COMMAND: POST /session/a49a846f150ab9031b86585360f30ac3/element/f.6CD6B7C80D08F775EB7D2FFF8B2C9AB5.d.1EF84D8BDFF02509CD72BB3AEA9CCB77.e.19606/click - {}
RESULT: {}
RESULT: {}
COMMAND: GET /session/a49a846f150ab9031b86585360f30ac3/screenshot - {}
RESULT: {}
COMMAND: POST /session/a49a846f150ab9031b86585360f30ac3/element - {"using":"xpath","value":"(//span[contains(@id ,\"manageresources-display-component---newResourceUnit--RUTimeSegment-0-vhi\")])[1]"}
RESULT: {"using":"xpath","value":"(//span[contains(@id ,\"manageresources-display-component---newResourceUnit--RUTimeSegment-0-vhi\")])[1]"}
COMMAND: GET /session/a49a846f150ab9031b86585360f30ac3/element/f.6CD6B7C80D08F775EB7D2FFF8B2C9AB5.d.1EF84D8BDFF02509CD72BB3AEA9CCB77.e.19610/rect - {}
RESULT: {}
COMMAND: GET /session/a49a846f150ab9031b86585360f30ac3/window/rect - {}
RESULT: {}
COMMAND: POST /session/a49a846f150ab9031b86585360f30ac3/execute/sync - {"script":"<script> [92 bytes]","args":[]}
RESULT: {"script":"<script> [92 bytes]","args":[]}
COMMAND: POST /session/a49a846f150ab9031b86585360f30ac3/actions - {"actions":[{"id":"action68","type":"wheel","parameters":{},"actions":[{"type":"scroll","x":-869,"y":-24,"deltaX":0,"deltaY":0,"duration":0,"origin":{"element-6066-11e4-a52e-4f735466cecf":"f.6CD6B7C80D08F775EB7D2FFF8B2C9AB5.d.1EF84D8BDFF02509CD72BB3AEA9CCB77.e.19610"}}]}]}
COMMAND: GET /session/a49a846f150ab9031b86585360f30ac3/screenshot - {}
RESULT: {"actions":[{"id":"action68","type":"wheel","parameters":{},"actions":[{"type":"scroll","x":-869,"y":-24,"deltaX":0,"deltaY":0,"duration":0,"origin":{"element-6066-11e4-a52e-4f735466cecf":"f.6CD6B7C80D08F775EB7D2FFF8B2C9AB5.d.1EF84D8BDFF02509CD72BB3AEA9CCB77.e.19610"}}]}]}
COMMAND: DELETE /session/a49a846f150ab9031b86585360f30ac3/actions - {}
COMMAND: GET /session/a49a846f150ab9031b86585360f30ac3/screenshot - {}
RESULT: {}
RESULT: {}
COMMAND: GET /session/a49a846f150ab9031b86585360f30ac3/screenshot - {}
RESULT: {}
RESULT: {}
COMMAND: POST /session/a49a846f150ab9031b86585360f30ac3/element/f.6CD6B7C80D08F775EB7D2FFF8B2C9AB5.d.1EF84D8BDFF02509CD72BB3AEA9CCB77.e.19610/click - {}
RESULT: {}
COMMAND: GET /session/a49a846f150ab9031b86585360f30ac3/screenshot - {}
RESULT: {}
COMMAND: POST /session/a49a846f150ab9031b86585360f30ac3/execute/async - {"script":"<script> [1562 bytes]","args":[{"selector":{"controlType":"sap.m.SearchField","properties":{"placeholder":"Search"},"searchOpenDialogs":true,"interaction":{"idSuffix":"I"}},"wdio_ui5_key":"sapm.SearchField{\"placeholder\":\"Search\"}"}]}
RESULT: {"script":"<script> [1562 bytes]","args":[{"selector":{"controlType":"sap.m.SearchField","properties":{"placeholder":"Search"},"searchOpenDialogs":true,"interaction":{"idSuffix":"I"}},"wdio_ui5_key":"sapm.SearchField{\"placeholder\":\"Search\"}"}]}
RESULT: undefined
COMMAND: POST /session/a49a846f150ab9031b86585360f30ac3/execute/async - {"script":"<script> [776 bytes]","args":[{"enterText":"4000360","selector":{"controlType":"sap.m.SearchField","properties":{"placeholder":"Search"},"searchOpenDialogs":true,"interaction":{"idSuffix":"I"}},"clearTextFirst":true,"interactionType":"ENTER_TEXT"}]}
RESULT: {"script":"<script> [776 bytes]","args":[{"enterText":"4000360","selector":{"controlType":"sap.m.SearchField","properties":{"placeholder":"Search"},"searchOpenDialogs":true,"interaction":{"idSuffix":"I"}},"clearTextFirst":true,"interactionType":"ENTER_TEXT"}]}
COMMAND: POST /session/a49a846f150ab9031b86585360f30ac3/actions - {"actions":[{"id":"action69","type":"key","parameters":{},"actions":[{"type":"keyDown","value":"î€‡"},{"type":"pause","duration":10},{"type":"keyUp","value":"î€‡"}]}]}
RESULT: {"actions":[{"id":"action69","type":"key","parameters":{},"actions":[{"type":"keyDown","value":"î€‡"},{"type":"pause","duration":10},{"type":"keyUp","value":"î€‡"}]}]}
COMMAND: GET /session/a49a846f150ab9031b86585360f30ac3/screenshot - {}
RESULT: {}
COMMAND: POST /session/a49a846f150ab9031b86585360f30ac3/element - {"using":"xpath","value":"//td/div/span[contains(text(), \"BGL Vehicles\")]"}
RESULT: {"using":"xpath","value":"//td/div/span[contains(text(), \"BGL Vehicles\")]"}
COMMAND: POST /session/a49a846f150ab9031b86585360f30ac3/element/f.6CD6B7C80D08F775EB7D2FFF8B2C9AB5.d.1EF84D8BDFF02509CD72BB3AEA9CCB77.e.19631/click - {}
RESULT: {}
COMMAND: GET /session/a49a846f150ab9031b86585360f30ac3/screenshot - {}
RESULT: {}
COMMAND: POST /session/a49a846f150ab9031b86585360f30ac3/element - {"using":"xpath","value":"//bdi[contains(text(), \"OK\")]"}
RESULT: {"using":"xpath","value":"//bdi[contains(text(), \"OK\")]"}
COMMAND: POST /session/a49a846f150ab9031b86585360f30ac3/element/f.6CD6B7C80D08F775EB7D2FFF8B2C9AB5.d.1EF84D8BDFF02509CD72BB3AEA9CCB77.e.19632/click - {}
RESULT: {}
COMMAND: GET /session/a49a846f150ab9031b86585360f30ac3/screenshot - {}
RESULT: {}
COMMAND: POST /session/a49a846f150ab9031b86585360f30ac3/execute/async - {"script":"<script> [1562 bytes]","args":[{"selector":{"id":"application-manageresources-display-component---newResourceUnit--newRRUPage-anchBar-application-manageresources-display-component---newResourceUnit--resource-anchor","interaction":{"idSuffix":"BDI-content"}},"wdio_ui5_key":"applicationmanageresources-display-component---newResourceUnit--newRRUPage-anchBar-application-manageresources-display-component---newResourceUnit--resource-anchor"}]}
RESULT: {"script":"<script> [1562 bytes]","args":[{"selector":{"id":"application-manageresources-display-component---newResourceUnit--newRRUPage-anchBar-application-manageresources-display-component---newResourceUnit--resource-anchor","interaction":{"idSuffix":"BDI-content"}},"wdio_ui5_key":"applicationmanageresources-display-component---newResourceUnit--newRRUPage-anchBar-application-manageresources-display-component---newResourceUnit--resource-anchor"}]}
RESULT: undefined
COMMAND: POST /session/a49a846f150ab9031b86585360f30ac3/element - {"using":"xpath","value":"//*[@id=\"application-manageresources-display-component---newResourceUnit--newRRUPage-anchBar-application-manageresources-display-component---newResourceUnit--resource-anchor\"]"}
RESULT: {"using":"xpath","value":"//*[@id=\"application-manageresources-display-component---newResourceUnit--newRRUPage-anchBar-application-manageresources-display-component---newResourceUnit--resource-anchor\"]"}
COMMAND: POST /session/a49a846f150ab9031b86585360f30ac3/element/f.6CD6B7C80D08F775EB7D2FFF8B2C9AB5.d.1EF84D8BDFF02509CD72BB3AEA9CCB77.e.19636/click - {}
RESULT: {}
COMMAND: POST /session/a49a846f150ab9031b86585360f30ac3/execute/async - {"script":"<script> [1562 bytes]","args":[{"selector":{"id":"application-manageresources-display-component---newResourceUnit--PLANNED_DELIVERY_DATE","interaction":{"idSuffix":"inner"}},"wdio_ui5_key":"applicationmanageresources-display-component---newResourceUnit--PLANNED_DELIVERY_DATE"}]}
COMMAND: GET /session/a49a846f150ab9031b86585360f30ac3/screenshot - {}
RESULT: {"script":"<script> [1562 bytes]","args":[{"selector":{"id":"application-manageresources-display-component---newResourceUnit--PLANNED_DELIVERY_DATE","interaction":{"idSuffix":"inner"}},"wdio_ui5_key":"applicationmanageresources-display-component---newResourceUnit--PLANNED_DELIVERY_DATE"}]}
RESULT: undefined
COMMAND: POST /session/a49a846f150ab9031b86585360f30ac3/execute/async - {"script":"<script> [6424 bytes]","args":[{"element-6066-11e4-a52e-4f735466cecf":"f.6CD6B7C80D08F775EB7D2FFF8B2C9AB5.d.1EF84D8BDFF02509CD72BB3AEA9CCB77.e.19496"},"setValue",["4/29/25"]]}
RESULT: {}
RESULT: {"script":"<script> [6424 bytes]","args":[{"element-6066-11e4-a52e-4f735466cecf":"f.6CD6B7C80D08F775EB7D2FFF8B2C9AB5.d.1EF84D8BDFF02509CD72BB3AEA9CCB77.e.19496"},"setValue",["4/29/25"]]}
COMMAND: POST /session/a49a846f150ab9031b86585360f30ac3/element - {"using":"xpath","value":"//button[@data-kt=\"resourceUnitSaveButton\"]"}
RESULT: {"using":"xpath","value":"//button[@data-kt=\"resourceUnitSaveButton\"]"}
COMMAND: POST /session/a49a846f150ab9031b86585360f30ac3/element/f.6CD6B7C80D08F775EB7D2FFF8B2C9AB5.d.1EF84D8BDFF02509CD72BB3AEA9CCB77.e.19456/click - {}
RESULT: {}
COMMAND: GET /session/a49a846f150ab9031b86585360f30ac3/screenshot - {}
RESULT: {}
COMMAND: POST /session/a49a846f150ab9031b86585360f30ac3/element - {"using":"xpath","value":"//bdi[contains(text(), \"Close\")]"}
RESULT: {"using":"xpath","value":"//bdi[contains(text(), \"Close\")]"}
COMMAND: POST /session/a49a846f150ab9031b86585360f30ac3/element/f.6CD6B7C80D08F775EB7D2FFF8B2C9AB5.d.1EF84D8BDFF02509CD72BB3AEA9CCB77.e.19644/click - {}
RESULT: {}
COMMAND: GET /session/a49a846f150ab9031b86585360f30ac3/screenshot - {}
RESULT: {}
COMMAND: POST /session/a49a846f150ab9031b86585360f30ac3/element - {"using":"xpath","value":"(//button[contains(@id ,\"actionsToolbar-overflowButton\")])[1]"}
RESULT: {"using":"xpath","value":"(//button[contains(@id ,\"actionsToolbar-overflowButton\")])[1]"}
COMMAND: POST /session/a49a846f150ab9031b86585360f30ac3/element/f.6CD6B7C80D08F775EB7D2FFF8B2C9AB5.d.1EF84D8BDFF02509CD72BB3AEA9CCB77.e.19677/click - {}
RESULT: {}
COMMAND: GET /session/a49a846f150ab9031b86585360f30ac3/screenshot - {}
RESULT: {}
COMMAND: POST /session/a49a846f150ab9031b86585360f30ac3/element - {"using":"xpath","value":"//button[@data-kt=\"priceInfoButton\"]"}
RESULT: {"using":"xpath","value":"//button[@data-kt=\"priceInfoButton\"]"}
COMMAND: POST /session/a49a846f150ab9031b86585360f30ac3/element/f.6CD6B7C80D08F775EB7D2FFF8B2C9AB5.d.1EF84D8BDFF02509CD72BB3AEA9CCB77.e.19679/click - {}
RESULT: {}
COMMAND: GET /session/a49a846f150ab9031b86585360f30ac3/screenshot - {}
]]></system-out>
    </testcase>
    <testcase classname="chrome.135_0_7049_96.windows.Billing_Calculation_-_Time_based_(considering_transport_times)_US139738" name="Should create new pricing rule for 1st equipment" time="50.759">
      <system-out><![CDATA[
COMMAND: POST /session/a49a846f150ab9031b86585360f30ac3/element - {"using":"xpath","value":"//button[@data-kt=\"addButton\"]"}
RESULT: {}
RESULT: {"using":"xpath","value":"//button[@data-kt=\"addButton\"]"}
COMMAND: POST /session/a49a846f150ab9031b86585360f30ac3/elements - {"using":"xpath","value":"//button[@data-kt=\"addButton\"]"}
RESULT: {"using":"xpath","value":"//button[@data-kt=\"addButton\"]"}
COMMAND: POST /session/a49a846f150ab9031b86585360f30ac3/execute/sync - {"script":"<script> [8489 bytes]","args":[{"element-6066-11e4-a52e-4f735466cecf":"f.6CD6B7C80D08F775EB7D2FFF8B2C9AB5.d.1EF84D8BDFF02509CD72BB3AEA9CCB77.e.19715","ELEMENT":"f.6CD6B7C80D08F775EB7D2FFF8B2C9AB5.d.1EF84D8BDFF02509CD72BB3AEA9CCB77.e.19715"}]}
RESULT: {"script":"<script> [8489 bytes]","args":[{"element-6066-11e4-a52e-4f735466cecf":"f.6CD6B7C80D08F775EB7D2FFF8B2C9AB5.d.1EF84D8BDFF02509CD72BB3AEA9CCB77.e.19715","ELEMENT":"f.6CD6B7C80D08F775EB7D2FFF8B2C9AB5.d.1EF84D8BDFF02509CD72BB3AEA9CCB77.e.19715"}]}
COMMAND: GET /session/a49a846f150ab9031b86585360f30ac3/element/f.6CD6B7C80D08F775EB7D2FFF8B2C9AB5.d.1EF84D8BDFF02509CD72BB3AEA9CCB77.e.19715/enabled - {}
COMMAND: GET /session/a49a846f150ab9031b86585360f30ac3/screenshot - {}
RESULT: {}
COMMAND: POST /session/a49a846f150ab9031b86585360f30ac3/execute/sync - {"script":"<script> [8489 bytes]","args":[{"element-6066-11e4-a52e-4f735466cecf":"f.6CD6B7C80D08F775EB7D2FFF8B2C9AB5.d.1EF84D8BDFF02509CD72BB3AEA9CCB77.e.19715","ELEMENT":"f.6CD6B7C80D08F775EB7D2FFF8B2C9AB5.d.1EF84D8BDFF02509CD72BB3AEA9CCB77.e.19715"}]}
COMMAND: GET /session/a49a846f150ab9031b86585360f30ac3/screenshot - {}
RESULT: {}
RESULT: {"script":"<script> [8489 bytes]","args":[{"element-6066-11e4-a52e-4f735466cecf":"f.6CD6B7C80D08F775EB7D2FFF8B2C9AB5.d.1EF84D8BDFF02509CD72BB3AEA9CCB77.e.19715","ELEMENT":"f.6CD6B7C80D08F775EB7D2FFF8B2C9AB5.d.1EF84D8BDFF02509CD72BB3AEA9CCB77.e.19715"}]}
COMMAND: POST /session/a49a846f150ab9031b86585360f30ac3/execute/sync - {"script":"<script> [5351 bytes]","args":[{"element-6066-11e4-a52e-4f735466cecf":"f.6CD6B7C80D08F775EB7D2FFF8B2C9AB5.d.1EF84D8BDFF02509CD72BB3AEA9CCB77.e.19715","ELEMENT":"f.6CD6B7C80D08F775EB7D2FFF8B2C9AB5.d.1EF84D8BDFF02509CD72BB3AEA9CCB77.e.19715"}]}
COMMAND: GET /session/a49a846f150ab9031b86585360f30ac3/screenshot - {}
RESULT: {}
RESULT: {"script":"<script> [5351 bytes]","args":[{"element-6066-11e4-a52e-4f735466cecf":"f.6CD6B7C80D08F775EB7D2FFF8B2C9AB5.d.1EF84D8BDFF02509CD72BB3AEA9CCB77.e.19715","ELEMENT":"f.6CD6B7C80D08F775EB7D2FFF8B2C9AB5.d.1EF84D8BDFF02509CD72BB3AEA9CCB77.e.19715"}]}
COMMAND: POST /session/a49a846f150ab9031b86585360f30ac3/element/f.6CD6B7C80D08F775EB7D2FFF8B2C9AB5.d.1EF84D8BDFF02509CD72BB3AEA9CCB77.e.19715/click - {}
COMMAND: GET /session/a49a846f150ab9031b86585360f30ac3/screenshot - {}
RESULT: {}
RESULT: {}
COMMAND: GET /session/a49a846f150ab9031b86585360f30ac3/screenshot - {}
RESULT: {}
RESULT: {}
COMMAND: POST /session/a49a846f150ab9031b86585360f30ac3/execute/async - {"script":"<script> [1562 bytes]","args":[{"selector":{"controlType":"sap.m.Title","viewName":"etm.portal.ui.managepricingrules.view.NewItem","viewId":"application-managepricingrules-display-component---newInfoPriceItem","properties":{"text":"New Pricing Rules - Item Level"}},"wdio_ui5_key":"etmportal.ui.managepricingrules.view.NewItemsap.m.Title{\"text\":\"New Pricing Rules - Item Level\"}"}]}
RESULT: {"script":"<script> [1562 bytes]","args":[{"selector":{"controlType":"sap.m.Title","viewName":"etm.portal.ui.managepricingrules.view.NewItem","viewId":"application-managepricingrules-display-component---newInfoPriceItem","properties":{"text":"New Pricing Rules - Item Level"}},"wdio_ui5_key":"etmportal.ui.managepricingrules.view.NewItemsap.m.Title{\"text\":\"New Pricing Rules - Item Level\"}"}]}
RESULT: undefined
COMMAND: POST /session/a49a846f150ab9031b86585360f30ac3/execute/async - {"script":"<script> [6424 bytes]","args":[{"element-6066-11e4-a52e-4f735466cecf":"f.6CD6B7C80D08F775EB7D2FFF8B2C9AB5.d.1EF84D8BDFF02509CD72BB3AEA9CCB77.e.19885"},"getText",[]]}
RESULT: {"script":"<script> [6424 bytes]","args":[{"element-6066-11e4-a52e-4f735466cecf":"f.6CD6B7C80D08F775EB7D2FFF8B2C9AB5.d.1EF84D8BDFF02509CD72BB3AEA9CCB77.e.19885"},"getText",[]]}
COMMAND: POST /session/a49a846f150ab9031b86585360f30ac3/execute/async - {"script":"<script> [1562 bytes]","args":[{"selector":{"id":"application-managepricingrules-display-component---newInfoPriceItem--condValidTo","interaction":{"idSuffix":"inner"}},"wdio_ui5_key":"applicationmanagepricingrules-display-component---newInfoPriceItem--condValidTo"}]}
RESULT: {"script":"<script> [1562 bytes]","args":[{"selector":{"id":"application-managepricingrules-display-component---newInfoPriceItem--condValidTo","interaction":{"idSuffix":"inner"}},"wdio_ui5_key":"applicationmanagepricingrules-display-component---newInfoPriceItem--condValidTo"}]}
RESULT: undefined
COMMAND: POST /session/a49a846f150ab9031b86585360f30ac3/execute/async - {"script":"<script> [776 bytes]","args":[{"enterText":"12/29/25","selector":{"id":"application-managepricingrules-display-component---newInfoPriceItem--condValidTo","interaction":{"idSuffix":"inner"}},"clearTextFirst":true,"interactionType":"ENTER_TEXT"}]}
RESULT: {"script":"<script> [776 bytes]","args":[{"enterText":"12/29/25","selector":{"id":"application-managepricingrules-display-component---newInfoPriceItem--condValidTo","interaction":{"idSuffix":"inner"}},"clearTextFirst":true,"interactionType":"ENTER_TEXT"}]}
COMMAND: POST /session/a49a846f150ab9031b86585360f30ac3/execute/async - {"script":"<script> [1562 bytes]","args":[{"selector":{"id":"application-managepricingrules-display-component---newInfoPriceItem--billType-arrow"},"wdio_ui5_key":"applicationmanagepricingrules-display-component---newInfoPriceItem--billType-arrow"}]}
RESULT: {"script":"<script> [1562 bytes]","args":[{"selector":{"id":"application-managepricingrules-display-component---newInfoPriceItem--billType-arrow"},"wdio_ui5_key":"applicationmanagepricingrules-display-component---newInfoPriceItem--billType-arrow"}]}
RESULT: undefined
COMMAND: POST /session/a49a846f150ab9031b86585360f30ac3/element - {"using":"xpath","value":"//*[@id=\"application-managepricingrules-display-component---newInfoPriceItem--billType-arrow\"]"}
RESULT: {"using":"xpath","value":"//*[@id=\"application-managepricingrules-display-component---newInfoPriceItem--billType-arrow\"]"}
COMMAND: POST /session/a49a846f150ab9031b86585360f30ac3/element/f.6CD6B7C80D08F775EB7D2FFF8B2C9AB5.d.1EF84D8BDFF02509CD72BB3AEA9CCB77.e.19845/click - {}
RESULT: {}
COMMAND: POST /session/a49a846f150ab9031b86585360f30ac3/element - {"using":"xpath","value":"//span[contains(text(), \"TB - Time based\")]"}
COMMAND: GET /session/a49a846f150ab9031b86585360f30ac3/screenshot - {}
RESULT: {"using":"xpath","value":"//span[contains(text(), \"TB - Time based\")]"}
COMMAND: POST /session/a49a846f150ab9031b86585360f30ac3/element/f.6CD6B7C80D08F775EB7D2FFF8B2C9AB5.d.1EF84D8BDFF02509CD72BB3AEA9CCB77.e.19887/click - {}
RESULT: {}
RESULT: {}
COMMAND: POST /session/a49a846f150ab9031b86585360f30ac3/execute/async - {"script":"<script> [1562 bytes]","args":[{"selector":{"id":"application-managepricingrules-display-component---newInfoPriceItem--priceProc-arrow"},"wdio_ui5_key":"applicationmanagepricingrules-display-component---newInfoPriceItem--priceProc-arrow"}]}
COMMAND: GET /session/a49a846f150ab9031b86585360f30ac3/screenshot - {}
RESULT: {"script":"<script> [1562 bytes]","args":[{"selector":{"id":"application-managepricingrules-display-component---newInfoPriceItem--priceProc-arrow"},"wdio_ui5_key":"applicationmanagepricingrules-display-component---newInfoPriceItem--priceProc-arrow"}]}
RESULT: undefined
COMMAND: POST /session/a49a846f150ab9031b86585360f30ac3/element - {"using":"xpath","value":"//*[@id=\"application-managepricingrules-display-component---newInfoPriceItem--priceProc-arrow\"]"}
RESULT: {}
RESULT: {"using":"xpath","value":"//*[@id=\"application-managepricingrules-display-component---newInfoPriceItem--priceProc-arrow\"]"}
COMMAND: POST /session/a49a846f150ab9031b86585360f30ac3/element/f.6CD6B7C80D08F775EB7D2FFF8B2C9AB5.d.1EF84D8BDFF02509CD72BB3AEA9CCB77.e.19852/click - {}
RESULT: {}
COMMAND: POST /session/a49a846f150ab9031b86585360f30ac3/element - {"using":"xpath","value":"//span[contains(text(), \"TBS - Time based standard\")]"}
COMMAND: GET /session/a49a846f150ab9031b86585360f30ac3/screenshot - {}
RESULT: {"using":"xpath","value":"//span[contains(text(), \"TBS - Time based standard\")]"}
COMMAND: POST /session/a49a846f150ab9031b86585360f30ac3/element/f.6CD6B7C80D08F775EB7D2FFF8B2C9AB5.d.1EF84D8BDFF02509CD72BB3AEA9CCB77.e.19888/click - {}
RESULT: {}
RESULT: {}
COMMAND: POST /session/a49a846f150ab9031b86585360f30ac3/execute/async - {"script":"<script> [1562 bytes]","args":[{"selector":{"id":"application-managepricingrules-display-component---newInfoPriceItem--calcBase-arrow"},"wdio_ui5_key":"applicationmanagepricingrules-display-component---newInfoPriceItem--calcBase-arrow"}]}
COMMAND: GET /session/a49a846f150ab9031b86585360f30ac3/screenshot - {}
RESULT: {"script":"<script> [1562 bytes]","args":[{"selector":{"id":"application-managepricingrules-display-component---newInfoPriceItem--calcBase-arrow"},"wdio_ui5_key":"applicationmanagepricingrules-display-component---newInfoPriceItem--calcBase-arrow"}]}
RESULT: undefined
COMMAND: POST /session/a49a846f150ab9031b86585360f30ac3/element - {"using":"xpath","value":"//*[@id=\"application-managepricingrules-display-component---newInfoPriceItem--calcBase-arrow\"]"}
RESULT: {}
RESULT: {"using":"xpath","value":"//*[@id=\"application-managepricingrules-display-component---newInfoPriceItem--calcBase-arrow\"]"}
COMMAND: POST /session/a49a846f150ab9031b86585360f30ac3/element/f.6CD6B7C80D08F775EB7D2FFF8B2C9AB5.d.1EF84D8BDFF02509CD72BB3AEA9CCB77.e.19859/click - {}
RESULT: {}
COMMAND: GET /session/a49a846f150ab9031b86585360f30ac3/screenshot - {}
RESULT: {}
COMMAND: POST /session/a49a846f150ab9031b86585360f30ac3/element - {"using":"xpath","value":"//span[contains(text(), \"0006 - TB(calendar days)\")]"}
RESULT: {"using":"xpath","value":"//span[contains(text(), \"0006 - TB(calendar days)\")]"}
COMMAND: POST /session/a49a846f150ab9031b86585360f30ac3/element/f.6CD6B7C80D08F775EB7D2FFF8B2C9AB5.d.1EF84D8BDFF02509CD72BB3AEA9CCB77.e.19889/click - {}
RESULT: {}
COMMAND: GET /session/a49a846f150ab9031b86585360f30ac3/screenshot - {}
RESULT: {}
COMMAND: POST /session/a49a846f150ab9031b86585360f30ac3/execute/async - {"script":"<script> [1562 bytes]","args":[{"selector":{"id":"application-managepricingrules-display-component---newInfoPriceItem--daysMonth","interaction":{"idSuffix":"inner"}},"wdio_ui5_key":"applicationmanagepricingrules-display-component---newInfoPriceItem--daysMonth"}]}
RESULT: {"script":"<script> [1562 bytes]","args":[{"selector":{"id":"application-managepricingrules-display-component---newInfoPriceItem--daysMonth","interaction":{"idSuffix":"inner"}},"wdio_ui5_key":"applicationmanagepricingrules-display-component---newInfoPriceItem--daysMonth"}]}
RESULT: undefined
COMMAND: POST /session/a49a846f150ab9031b86585360f30ac3/execute/async - {"script":"<script> [776 bytes]","args":[{"enterText":"30","selector":{"id":"application-managepricingrules-display-component---newInfoPriceItem--daysMonth","interaction":{"idSuffix":"inner"}},"clearTextFirst":true,"interactionType":"ENTER_TEXT"}]}
RESULT: {"script":"<script> [776 bytes]","args":[{"enterText":"30","selector":{"id":"application-managepricingrules-display-component---newInfoPriceItem--daysMonth","interaction":{"idSuffix":"inner"}},"clearTextFirst":true,"interactionType":"ENTER_TEXT"}]}
COMMAND: POST /session/a49a846f150ab9031b86585360f30ac3/element - {"using":"xpath","value":"//button[@data-kt=\"saveNewRuleButton\"]"}
RESULT: {"using":"xpath","value":"//button[@data-kt=\"saveNewRuleButton\"]"}
COMMAND: POST /session/a49a846f150ab9031b86585360f30ac3/element/f.6CD6B7C80D08F775EB7D2FFF8B2C9AB5.d.1EF84D8BDFF02509CD72BB3AEA9CCB77.e.19879/click - {}
RESULT: {}
COMMAND: GET /session/a49a846f150ab9031b86585360f30ac3/screenshot - {}
RESULT: {}
COMMAND: POST /session/a49a846f150ab9031b86585360f30ac3/execute/async - {"script":"<script> [1562 bytes]","args":[{"selector":{"id":"application-managepricingrules-display-component---priceInfoItem--smartFilterBar-btnBasicSearch","interaction":{"idSuffix":"I"}},"wdio_ui5_key":"applicationmanagepricingrules-display-component---priceInfoItem--smartFilterBar-btnBasicSearch"}]}
RESULT: {"script":"<script> [1562 bytes]","args":[{"selector":{"id":"application-managepricingrules-display-component---priceInfoItem--smartFilterBar-btnBasicSearch","interaction":{"idSuffix":"I"}},"wdio_ui5_key":"applicationmanagepricingrules-display-component---priceInfoItem--smartFilterBar-btnBasicSearch"}]}
RESULT: undefined
COMMAND: POST /session/a49a846f150ab9031b86585360f30ac3/execute/async - {"script":"<script> [776 bytes]","args":[{"enterText":"oyQ2iOMP6p","selector":{"id":"application-managepricingrules-display-component---priceInfoItem--smartFilterBar-btnBasicSearch","interaction":{"idSuffix":"I"}},"clearTextFirst":true,"interactionType":"ENTER_TEXT"}]}
RESULT: {"script":"<script> [776 bytes]","args":[{"enterText":"oyQ2iOMP6p","selector":{"id":"application-managepricingrules-display-component---priceInfoItem--smartFilterBar-btnBasicSearch","interaction":{"idSuffix":"I"}},"clearTextFirst":true,"interactionType":"ENTER_TEXT"}]}
COMMAND: POST /session/a49a846f150ab9031b86585360f30ac3/actions - {"actions":[{"id":"action70","type":"key","parameters":{},"actions":[{"type":"keyDown","value":"î€‡"},{"type":"pause","duration":10},{"type":"keyUp","value":"î€‡"}]}]}
RESULT: {"actions":[{"id":"action70","type":"key","parameters":{},"actions":[{"type":"keyDown","value":"î€‡"},{"type":"pause","duration":10},{"type":"keyUp","value":"î€‡"}]}]}
COMMAND: GET /session/a49a846f150ab9031b86585360f30ac3/screenshot - {}
RESULT: {}
COMMAND: POST /session/a49a846f150ab9031b86585360f30ac3/element - {"using":"xpath","value":"//span[@id=\"application-managepricingrules-display-component---priceInfoItem--smartTable-header-inner\"]"}
RESULT: {"using":"xpath","value":"//span[@id=\"application-managepricingrules-display-component---priceInfoItem--smartTable-header-inner\"]"}
COMMAND: POST /session/a49a846f150ab9031b86585360f30ac3/elements - {"using":"xpath","value":"//span[@id=\"application-managepricingrules-display-component---priceInfoItem--smartTable-header-inner\"]"}
RESULT: {"using":"xpath","value":"//span[@id=\"application-managepricingrules-display-component---priceInfoItem--smartTable-header-inner\"]"}
COMMAND: POST /session/a49a846f150ab9031b86585360f30ac3/execute/sync - {"script":"<script> [56 bytes]","args":[{"element-6066-11e4-a52e-4f735466cecf":"f.6CD6B7C80D08F775EB7D2FFF8B2C9AB5.d.1EF84D8BDFF02509CD72BB3AEA9CCB77.e.19914","ELEMENT":"f.6CD6B7C80D08F775EB7D2FFF8B2C9AB5.d.1EF84D8BDFF02509CD72BB3AEA9CCB77.e.19914"}]}
RESULT: {"script":"<script> [56 bytes]","args":[{"element-6066-11e4-a52e-4f735466cecf":"f.6CD6B7C80D08F775EB7D2FFF8B2C9AB5.d.1EF84D8BDFF02509CD72BB3AEA9CCB77.e.19914","ELEMENT":"f.6CD6B7C80D08F775EB7D2FFF8B2C9AB5.d.1EF84D8BDFF02509CD72BB3AEA9CCB77.e.19914"}]}
COMMAND: POST /session/a49a846f150ab9031b86585360f30ac3/element - {"using":"css selector","value":"#shell-header-logo"}
COMMAND: GET /session/a49a846f150ab9031b86585360f30ac3/screenshot - {}
RESULT: {"using":"css selector","value":"#shell-header-logo"}
COMMAND: POST /session/a49a846f150ab9031b86585360f30ac3/element/f.6CD6B7C80D08F775EB7D2FFF8B2C9AB5.d.1EF84D8BDFF02509CD72BB3AEA9CCB77.e.19039/click - {}
RESULT: {}
RESULT: {}
COMMAND: GET /session/a49a846f150ab9031b86585360f30ac3/screenshot - {}
RESULT: {}
]]></system-out>
    </testcase>
    <testcase classname="chrome.135_0_7049_96.windows.Billing_Calculation_-_Time_based_(considering_transport_times)_US139738" name="Should create new pricing condition for 1st equipment" time="62.483">
      <system-out><![CDATA[
COMMAND: POST /session/a49a846f150ab9031b86585360f30ac3/execute/async - {"script":"<script> [1562 bytes]","args":[{"selector":{"controlType":"sap.m.Text","properties":{"text":"Manage Conditions & Prices"},"interaction":{"idSuffix":"inner"}},"wdio_ui5_key":"sapm.Text{\"text\":\"Manage Conditions & Prices\"}"}]}
RESULT: {"script":"<script> [1562 bytes]","args":[{"selector":{"controlType":"sap.m.Text","properties":{"text":"Manage Conditions & Prices"},"interaction":{"idSuffix":"inner"}},"wdio_ui5_key":"sapm.Text{\"text\":\"Manage Conditions & Prices\"}"}]}
RESULT: undefined
COMMAND: POST /session/a49a846f150ab9031b86585360f30ac3/element - {"using":"xpath","value":"//*[@id=\"__tile53-title\"]"}
RESULT: {"using":"xpath","value":"//*[@id=\"__tile53-title\"]"}
COMMAND: POST /session/a49a846f150ab9031b86585360f30ac3/element/f.6CD6B7C80D08F775EB7D2FFF8B2C9AB5.d.1EF84D8BDFF02509CD72BB3AEA9CCB77.e.19917/click - {}
RESULT: {}
COMMAND: POST /session/a49a846f150ab9031b86585360f30ac3/element - {"using":"xpath","value":"//button[@aria-label=\"Create\"]"}
COMMAND: GET /session/a49a846f150ab9031b86585360f30ac3/screenshot - {}
RESULT: {"using":"xpath","value":"//button[@aria-label=\"Create\"]"}
COMMAND: POST /session/a49a846f150ab9031b86585360f30ac3/elements - {"using":"xpath","value":"//button[@aria-label=\"Create\"]"}
RESULT: {}
RESULT: {"using":"xpath","value":"//button[@aria-label=\"Create\"]"}
COMMAND: POST /session/a49a846f150ab9031b86585360f30ac3/element - {"using":"xpath","value":"//button[@aria-label=\"Create\"]"}
RESULT: {"using":"xpath","value":"//button[@aria-label=\"Create\"]"}
COMMAND: POST /session/a49a846f150ab9031b86585360f30ac3/execute/sync - {"script":"<script> [8489 bytes]","args":[{"element-6066-11e4-a52e-4f735466cecf":"f.6CD6B7C80D08F775EB7D2FFF8B2C9AB5.d.1EF84D8BDFF02509CD72BB3AEA9CCB77.e.19951","ELEMENT":"f.6CD6B7C80D08F775EB7D2FFF8B2C9AB5.d.1EF84D8BDFF02509CD72BB3AEA9CCB77.e.19951"}]}
RESULT: {"script":"<script> [8489 bytes]","args":[{"element-6066-11e4-a52e-4f735466cecf":"f.6CD6B7C80D08F775EB7D2FFF8B2C9AB5.d.1EF84D8BDFF02509CD72BB3AEA9CCB77.e.19951","ELEMENT":"f.6CD6B7C80D08F775EB7D2FFF8B2C9AB5.d.1EF84D8BDFF02509CD72BB3AEA9CCB77.e.19951"}]}
COMMAND: GET /session/a49a846f150ab9031b86585360f30ac3/element/f.6CD6B7C80D08F775EB7D2FFF8B2C9AB5.d.1EF84D8BDFF02509CD72BB3AEA9CCB77.e.19951/enabled - {}
COMMAND: GET /session/a49a846f150ab9031b86585360f30ac3/screenshot - {}
RESULT: {}
COMMAND: POST /session/a49a846f150ab9031b86585360f30ac3/execute/sync - {"script":"<script> [8489 bytes]","args":[{"element-6066-11e4-a52e-4f735466cecf":"f.6CD6B7C80D08F775EB7D2FFF8B2C9AB5.d.1EF84D8BDFF02509CD72BB3AEA9CCB77.e.19951","ELEMENT":"f.6CD6B7C80D08F775EB7D2FFF8B2C9AB5.d.1EF84D8BDFF02509CD72BB3AEA9CCB77.e.19951"}]}
COMMAND: GET /session/a49a846f150ab9031b86585360f30ac3/screenshot - {}
RESULT: {}
RESULT: {"script":"<script> [8489 bytes]","args":[{"element-6066-11e4-a52e-4f735466cecf":"f.6CD6B7C80D08F775EB7D2FFF8B2C9AB5.d.1EF84D8BDFF02509CD72BB3AEA9CCB77.e.19951","ELEMENT":"f.6CD6B7C80D08F775EB7D2FFF8B2C9AB5.d.1EF84D8BDFF02509CD72BB3AEA9CCB77.e.19951"}]}
COMMAND: POST /session/a49a846f150ab9031b86585360f30ac3/execute/sync - {"script":"<script> [5351 bytes]","args":[{"element-6066-11e4-a52e-4f735466cecf":"f.6CD6B7C80D08F775EB7D2FFF8B2C9AB5.d.1EF84D8BDFF02509CD72BB3AEA9CCB77.e.19951","ELEMENT":"f.6CD6B7C80D08F775EB7D2FFF8B2C9AB5.d.1EF84D8BDFF02509CD72BB3AEA9CCB77.e.19951"}]}
COMMAND: GET /session/a49a846f150ab9031b86585360f30ac3/screenshot - {}
RESULT: {}
RESULT: {"script":"<script> [5351 bytes]","args":[{"element-6066-11e4-a52e-4f735466cecf":"f.6CD6B7C80D08F775EB7D2FFF8B2C9AB5.d.1EF84D8BDFF02509CD72BB3AEA9CCB77.e.19951","ELEMENT":"f.6CD6B7C80D08F775EB7D2FFF8B2C9AB5.d.1EF84D8BDFF02509CD72BB3AEA9CCB77.e.19951"}]}
COMMAND: POST /session/a49a846f150ab9031b86585360f30ac3/element/f.6CD6B7C80D08F775EB7D2FFF8B2C9AB5.d.1EF84D8BDFF02509CD72BB3AEA9CCB77.e.19951/click - {}
COMMAND: GET /session/a49a846f150ab9031b86585360f30ac3/screenshot - {}
RESULT: {}
RESULT: {}
COMMAND: GET /session/a49a846f150ab9031b86585360f30ac3/screenshot - {}
RESULT: {}
RESULT: {}
COMMAND: POST /session/a49a846f150ab9031b86585360f30ac3/actions - {"actions":[{"id":"action71","type":"key","parameters":{},"actions":[{"type":"keyDown","value":"î€‡"},{"type":"pause","duration":10},{"type":"keyUp","value":"î€‡"}]}]}
RESULT: {"actions":[{"id":"action71","type":"key","parameters":{},"actions":[{"type":"keyDown","value":"î€‡"},{"type":"pause","duration":10},{"type":"keyUp","value":"î€‡"}]}]}
COMMAND: GET /session/a49a846f150ab9031b86585360f30ac3/screenshot - {}
RESULT: {}
COMMAND: POST /session/a49a846f150ab9031b86585360f30ac3/execute/async - {"script":"<script> [1562 bytes]","args":[{"selector":{"id":"application-manageconditionprice-display-component---newCondition--condBillCond-arrow"},"wdio_ui5_key":"applicationmanageconditionprice-display-component---newCondition--condBillCond-arrow"}]}
RESULT: {"script":"<script> [1562 bytes]","args":[{"selector":{"id":"application-manageconditionprice-display-component---newCondition--condBillCond-arrow"},"wdio_ui5_key":"applicationmanageconditionprice-display-component---newCondition--condBillCond-arrow"}]}
RESULT: undefined
COMMAND: POST /session/a49a846f150ab9031b86585360f30ac3/element - {"using":"xpath","value":"//*[@id=\"application-manageconditionprice-display-component---newCondition--condBillCond-arrow\"]"}
RESULT: {"using":"xpath","value":"//*[@id=\"application-manageconditionprice-display-component---newCondition--condBillCond-arrow\"]"}
COMMAND: POST /session/a49a846f150ab9031b86585360f30ac3/element/f.6CD6B7C80D08F775EB7D2FFF8B2C9AB5.d.1EF84D8BDFF02509CD72BB3AEA9CCB77.e.20122/click - {}
RESULT: {}
COMMAND: GET /session/a49a846f150ab9031b86585360f30ac3/screenshot - {}
RESULT: {}
COMMAND: POST /session/a49a846f150ab9031b86585360f30ac3/element - {"using":"xpath","value":"//li[.//span[contains(text(), \"DISP - D&I special price\")]]"}
RESULT: {"using":"xpath","value":"//li[.//span[contains(text(), \"DISP - D&I special price\")]]"}
COMMAND: POST /session/a49a846f150ab9031b86585360f30ac3/element/f.6CD6B7C80D08F775EB7D2FFF8B2C9AB5.d.1EF84D8BDFF02509CD72BB3AEA9CCB77.e.20126/click - {}
RESULT: {}
COMMAND: GET /session/a49a846f150ab9031b86585360f30ac3/screenshot - {}
RESULT: {}
COMMAND: POST /session/a49a846f150ab9031b86585360f30ac3/execute/async - {"script":"<script> [1562 bytes]","args":[{"selector":{"id":"application-manageconditionprice-display-component---newCondition--condValidTo","interaction":{"idSuffix":"inner"}},"wdio_ui5_key":"applicationmanageconditionprice-display-component---newCondition--condValidTo"}]}
RESULT: {"script":"<script> [1562 bytes]","args":[{"selector":{"id":"application-manageconditionprice-display-component---newCondition--condValidTo","interaction":{"idSuffix":"inner"}},"wdio_ui5_key":"applicationmanageconditionprice-display-component---newCondition--condValidTo"}]}
RESULT: undefined
COMMAND: POST /session/a49a846f150ab9031b86585360f30ac3/execute/async - {"script":"<script> [776 bytes]","args":[{"enterText":"12/29/25","selector":{"id":"application-manageconditionprice-display-component---newCondition--condValidTo","interaction":{"idSuffix":"inner"}},"clearTextFirst":true,"interactionType":"ENTER_TEXT"}]}
RESULT: {"script":"<script> [776 bytes]","args":[{"enterText":"12/29/25","selector":{"id":"application-manageconditionprice-display-component---newCondition--condValidTo","interaction":{"idSuffix":"inner"}},"clearTextFirst":true,"interactionType":"ENTER_TEXT"}]}
COMMAND: POST /session/a49a846f150ab9031b86585360f30ac3/element - {"using":"xpath","value":"//input[@id=\"application-manageconditionprice-display-component---newCondition--condRU-inner\"]"}
RESULT: {"using":"xpath","value":"//input[@id=\"application-manageconditionprice-display-component---newCondition--condRU-inner\"]"}
COMMAND: POST /session/a49a846f150ab9031b86585360f30ac3/element/f.6CD6B7C80D08F775EB7D2FFF8B2C9AB5.d.1EF84D8BDFF02509CD72BB3AEA9CCB77.e.19992/clear - {}
RESULT: {}
COMMAND: POST /session/a49a846f150ab9031b86585360f30ac3/element/f.6CD6B7C80D08F775EB7D2FFF8B2C9AB5.d.1EF84D8BDFF02509CD72BB3AEA9CCB77.e.19992/value - {"text":"oyQ2iOMP6p"}
COMMAND: GET /session/a49a846f150ab9031b86585360f30ac3/screenshot - {}
RESULT: {"text":"oyQ2iOMP6p"}
COMMAND: GET /session/a49a846f150ab9031b86585360f30ac3/screenshot - {}
RESULT: {}
RESULT: {}
COMMAND: POST /session/a49a846f150ab9031b86585360f30ac3/actions - {"actions":[{"id":"action72","type":"key","parameters":{},"actions":[{"type":"keyDown","value":"î€‡"},{"type":"pause","duration":10},{"type":"keyUp","value":"î€‡"}]}]}
RESULT: {"actions":[{"id":"action72","type":"key","parameters":{},"actions":[{"type":"keyDown","value":"î€‡"},{"type":"pause","duration":10},{"type":"keyUp","value":"î€‡"}]}]}
COMMAND: POST /session/a49a846f150ab9031b86585360f30ac3/execute/async - {"script":"<script> [1562 bytes]","args":[{"selector":{"id":"application-manageconditionprice-display-component---newCondition--condBaseQty","interaction":{"idSuffix":"inner"}},"wdio_ui5_key":"applicationmanageconditionprice-display-component---newCondition--condBaseQty"}]}
COMMAND: GET /session/a49a846f150ab9031b86585360f30ac3/screenshot - {}
RESULT: {"script":"<script> [1562 bytes]","args":[{"selector":{"id":"application-manageconditionprice-display-component---newCondition--condBaseQty","interaction":{"idSuffix":"inner"}},"wdio_ui5_key":"applicationmanageconditionprice-display-component---newCondition--condBaseQty"}]}
RESULT: undefined
COMMAND: POST /session/a49a846f150ab9031b86585360f30ac3/execute/async - {"script":"<script> [776 bytes]","args":[{"enterText":"1","selector":{"id":"application-manageconditionprice-display-component---newCondition--condBaseQty","interaction":{"idSuffix":"inner"}},"clearTextFirst":true,"interactionType":"ENTER_TEXT"}]}
RESULT: {}
RESULT: {"script":"<script> [776 bytes]","args":[{"enterText":"1","selector":{"id":"application-manageconditionprice-display-component---newCondition--condBaseQty","interaction":{"idSuffix":"inner"}},"clearTextFirst":true,"interactionType":"ENTER_TEXT"}]}
COMMAND: POST /session/a49a846f150ab9031b86585360f30ac3/execute/async - {"script":"<script> [1562 bytes]","args":[{"selector":{"id":"application-manageconditionprice-display-component---newCondition--condValue","interaction":{"idSuffix":"inner"}},"wdio_ui5_key":"applicationmanageconditionprice-display-component---newCondition--condValue"}]}
RESULT: {"script":"<script> [1562 bytes]","args":[{"selector":{"id":"application-manageconditionprice-display-component---newCondition--condValue","interaction":{"idSuffix":"inner"}},"wdio_ui5_key":"applicationmanageconditionprice-display-component---newCondition--condValue"}]}
RESULT: undefined
COMMAND: POST /session/a49a846f150ab9031b86585360f30ac3/execute/async - {"script":"<script> [776 bytes]","args":[{"enterText":"100","selector":{"id":"application-manageconditionprice-display-component---newCondition--condValue","interaction":{"idSuffix":"inner"}},"clearTextFirst":true,"interactionType":"ENTER_TEXT"}]}
RESULT: {"script":"<script> [776 bytes]","args":[{"enterText":"100","selector":{"id":"application-manageconditionprice-display-component---newCondition--condValue","interaction":{"idSuffix":"inner"}},"clearTextFirst":true,"interactionType":"ENTER_TEXT"}]}
COMMAND: POST /session/a49a846f150ab9031b86585360f30ac3/execute/async - {"script":"<script> [1562 bytes]","args":[{"selector":{"id":"application-manageconditionprice-display-component---newCondition--condCurr-arrow"},"wdio_ui5_key":"applicationmanageconditionprice-display-component---newCondition--condCurr-arrow"}]}
RESULT: {"script":"<script> [1562 bytes]","args":[{"selector":{"id":"application-manageconditionprice-display-component---newCondition--condCurr-arrow"},"wdio_ui5_key":"applicationmanageconditionprice-display-component---newCondition--condCurr-arrow"}]}
RESULT: undefined
COMMAND: POST /session/a49a846f150ab9031b86585360f30ac3/element - {"using":"xpath","value":"//*[@id=\"application-manageconditionprice-display-component---newCondition--condCurr-arrow\"]"}
RESULT: {"using":"xpath","value":"//*[@id=\"application-manageconditionprice-display-component---newCondition--condCurr-arrow\"]"}
COMMAND: POST /session/a49a846f150ab9031b86585360f30ac3/element/f.6CD6B7C80D08F775EB7D2FFF8B2C9AB5.d.1EF84D8BDFF02509CD72BB3AEA9CCB77.e.20091/click - {}
RESULT: {}
COMMAND: POST /session/a49a846f150ab9031b86585360f30ac3/element - {"using":"xpath","value":"//span[contains(text(), \"Euro\")]"}
COMMAND: GET /session/a49a846f150ab9031b86585360f30ac3/screenshot - {}
RESULT: {"using":"xpath","value":"//span[contains(text(), \"Euro\")]"}
COMMAND: POST /session/a49a846f150ab9031b86585360f30ac3/element/f.6CD6B7C80D08F775EB7D2FFF8B2C9AB5.d.1EF84D8BDFF02509CD72BB3AEA9CCB77.e.20163/click - {}
RESULT: {}
RESULT: {}
COMMAND: POST /session/a49a846f150ab9031b86585360f30ac3/element - {"using":"xpath","value":"//button[@data-kt=\"saveButton\"]"}
COMMAND: GET /session/a49a846f150ab9031b86585360f30ac3/screenshot - {}
RESULT: {"using":"xpath","value":"//button[@data-kt=\"saveButton\"]"}
COMMAND: POST /session/a49a846f150ab9031b86585360f30ac3/element/f.6CD6B7C80D08F775EB7D2FFF8B2C9AB5.d.1EF84D8BDFF02509CD72BB3AEA9CCB77.e.20092/click - {}
RESULT: {}
RESULT: {}
COMMAND: GET /session/a49a846f150ab9031b86585360f30ac3/screenshot - {}
RESULT: {}
COMMAND: POST /session/a49a846f150ab9031b86585360f30ac3/execute/async - {"script":"<script> [1562 bytes]","args":[{"selector":{"id":"application-manageconditionprice-display-component---conditions--smartFilterBar-btnBasicSearch","interaction":{"idSuffix":"I"}},"wdio_ui5_key":"applicationmanageconditionprice-display-component---conditions--smartFilterBar-btnBasicSearch"}]}
RESULT: {"script":"<script> [1562 bytes]","args":[{"selector":{"id":"application-manageconditionprice-display-component---conditions--smartFilterBar-btnBasicSearch","interaction":{"idSuffix":"I"}},"wdio_ui5_key":"applicationmanageconditionprice-display-component---conditions--smartFilterBar-btnBasicSearch"}]}
RESULT: undefined
COMMAND: POST /session/a49a846f150ab9031b86585360f30ac3/execute/async - {"script":"<script> [776 bytes]","args":[{"enterText":"oyQ2iOMP6p","selector":{"id":"application-manageconditionprice-display-component---conditions--smartFilterBar-btnBasicSearch","interaction":{"idSuffix":"I"}},"clearTextFirst":true,"interactionType":"ENTER_TEXT"}]}
RESULT: {"script":"<script> [776 bytes]","args":[{"enterText":"oyQ2iOMP6p","selector":{"id":"application-manageconditionprice-display-component---conditions--smartFilterBar-btnBasicSearch","interaction":{"idSuffix":"I"}},"clearTextFirst":true,"interactionType":"ENTER_TEXT"}]}
COMMAND: POST /session/a49a846f150ab9031b86585360f30ac3/actions - {"actions":[{"id":"action73","type":"key","parameters":{},"actions":[{"type":"keyDown","value":"î€‡"},{"type":"pause","duration":10},{"type":"keyUp","value":"î€‡"}]}]}
RESULT: {"actions":[{"id":"action73","type":"key","parameters":{},"actions":[{"type":"keyDown","value":"î€‡"},{"type":"pause","duration":10},{"type":"keyUp","value":"î€‡"}]}]}
COMMAND: GET /session/a49a846f150ab9031b86585360f30ac3/screenshot - {}
RESULT: {}
COMMAND: POST /session/a49a846f150ab9031b86585360f30ac3/execute/async - {"script":"<script> [1562 bytes]","args":[{"selector":{"id":"application-manageconditionprice-display-component---conditions--smartFilterBar-filterItemControl_BASIC-BILL_TYPES-vhi"},"wdio_ui5_key":"applicationmanageconditionprice-display-component---conditions--smartFilterBar-filterItemControl_BASIC-BILL_TYPES-vhi"}]}
RESULT: {"script":"<script> [1562 bytes]","args":[{"selector":{"id":"application-manageconditionprice-display-component---conditions--smartFilterBar-filterItemControl_BASIC-BILL_TYPES-vhi"},"wdio_ui5_key":"applicationmanageconditionprice-display-component---conditions--smartFilterBar-filterItemControl_BASIC-BILL_TYPES-vhi"}]}
RESULT: undefined
COMMAND: POST /session/a49a846f150ab9031b86585360f30ac3/element - {"using":"xpath","value":"//*[@id=\"application-manageconditionprice-display-component---conditions--smartFilterBar-filterItemControl_BASIC-BILL_TYPES-vhi\"]"}
RESULT: {"using":"xpath","value":"//*[@id=\"application-manageconditionprice-display-component---conditions--smartFilterBar-filterItemControl_BASIC-BILL_TYPES-vhi\"]"}
COMMAND: POST /session/a49a846f150ab9031b86585360f30ac3/element/f.6CD6B7C80D08F775EB7D2FFF8B2C9AB5.d.1EF84D8BDFF02509CD72BB3AEA9CCB77.e.20269/click - {}
RESULT: {}
COMMAND: POST /session/a49a846f150ab9031b86585360f30ac3/execute/async - {"script":"<script> [1562 bytes]","args":[{"selector":{"id":"application-manageconditionprice-display-component---conditions--smartFilterBar-filterItemControl_BASIC-BILL_TYPES-valueHelpDialog-smartFilterBar-btnBasicSearch","searchOpenDialogs":true,"interaction":{"idSuffix":"I"}},"wdio_ui5_key":"applicationmanageconditionprice-display-component---conditions--smartFilterBar-filterItemControl_BASIC-BILL_TYPES-valueHelpDialog-smartFilterBar-btnBasicSearch"}]}
COMMAND: GET /session/a49a846f150ab9031b86585360f30ac3/screenshot - {}
RESULT: {"script":"<script> [1562 bytes]","args":[{"selector":{"id":"application-manageconditionprice-display-component---conditions--smartFilterBar-filterItemControl_BASIC-BILL_TYPES-valueHelpDialog-smartFilterBar-btnBasicSearch","searchOpenDialogs":true,"interaction":{"idSuffix":"I"}},"wdio_ui5_key":"applicationmanageconditionprice-display-component---conditions--smartFilterBar-filterItemControl_BASIC-BILL_TYPES-valueHelpDialog-smartFilterBar-btnBasicSearch"}]}
RESULT: undefined
COMMAND: POST /session/a49a846f150ab9031b86585360f30ac3/execute/async - {"script":"<script> [776 bytes]","args":[{"enterText":"TB","selector":{"id":"application-manageconditionprice-display-component---conditions--smartFilterBar-filterItemControl_BASIC-BILL_TYPES-valueHelpDialog-smartFilterBar-btnBasicSearch","searchOpenDialogs":true,"interaction":{"idSuffix":"I"}},"clearTextFirst":true,"interactionType":"ENTER_TEXT"}]}
RESULT: {}
RESULT: {"script":"<script> [776 bytes]","args":[{"enterText":"TB","selector":{"id":"application-manageconditionprice-display-component---conditions--smartFilterBar-filterItemControl_BASIC-BILL_TYPES-valueHelpDialog-smartFilterBar-btnBasicSearch","searchOpenDialogs":true,"interaction":{"idSuffix":"I"}},"clearTextFirst":true,"interactionType":"ENTER_TEXT"}]}
COMMAND: POST /session/a49a846f150ab9031b86585360f30ac3/actions - {"actions":[{"id":"action74","type":"key","parameters":{},"actions":[{"type":"keyDown","value":"î€‡"},{"type":"pause","duration":10},{"type":"keyUp","value":"î€‡"}]}]}
RESULT: {"actions":[{"id":"action74","type":"key","parameters":{},"actions":[{"type":"keyDown","value":"î€‡"},{"type":"pause","duration":10},{"type":"keyUp","value":"î€‡"}]}]}
COMMAND: GET /session/a49a846f150ab9031b86585360f30ac3/screenshot - {}
RESULT: {}
COMMAND: POST /session/a49a846f150ab9031b86585360f30ac3/element - {"using":"xpath","value":"//div[contains(@id, 'application-manageconditionprice-display-component---conditions--smartFilterBar-filterItemControl_BASIC-BILL_TYPES-valueHelpDialog-table-rowsel0')]"}
RESULT: {"using":"xpath","value":"//div[contains(@id, 'application-manageconditionprice-display-component---conditions--smartFilterBar-filterItemControl_BASIC-BILL_TYPES-valueHelpDialog-table-rowsel0')]"}
COMMAND: POST /session/a49a846f150ab9031b86585360f30ac3/element/f.6CD6B7C80D08F775EB7D2FFF8B2C9AB5.d.1EF84D8BDFF02509CD72BB3AEA9CCB77.e.20279/click - {}
RESULT: {}
COMMAND: GET /session/a49a846f150ab9031b86585360f30ac3/screenshot - {}
RESULT: {}
COMMAND: POST /session/a49a846f150ab9031b86585360f30ac3/element - {"using":"xpath","value":"//bdi[contains(text(), \"OK\")]"}
RESULT: {"using":"xpath","value":"//bdi[contains(text(), \"OK\")]"}
COMMAND: POST /session/a49a846f150ab9031b86585360f30ac3/element/f.6CD6B7C80D08F775EB7D2FFF8B2C9AB5.d.1EF84D8BDFF02509CD72BB3AEA9CCB77.e.20281/click - {}
RESULT: {}
COMMAND: GET /session/a49a846f150ab9031b86585360f30ac3/screenshot - {}
RESULT: {}
COMMAND: POST /session/a49a846f150ab9031b86585360f30ac3/element - {"using":"xpath","value":"//span[@id=\"application-manageconditionprice-display-component---conditions--smartTable-header-inner\"]"}
RESULT: {"using":"xpath","value":"//span[@id=\"application-manageconditionprice-display-component---conditions--smartTable-header-inner\"]"}
COMMAND: POST /session/a49a846f150ab9031b86585360f30ac3/elements - {"using":"xpath","value":"//span[@id=\"application-manageconditionprice-display-component---conditions--smartTable-header-inner\"]"}
RESULT: {"using":"xpath","value":"//span[@id=\"application-manageconditionprice-display-component---conditions--smartTable-header-inner\"]"}
COMMAND: POST /session/a49a846f150ab9031b86585360f30ac3/execute/sync - {"script":"<script> [56 bytes]","args":[{"element-6066-11e4-a52e-4f735466cecf":"f.6CD6B7C80D08F775EB7D2FFF8B2C9AB5.d.1EF84D8BDFF02509CD72BB3AEA9CCB77.e.20284","ELEMENT":"f.6CD6B7C80D08F775EB7D2FFF8B2C9AB5.d.1EF84D8BDFF02509CD72BB3AEA9CCB77.e.20284"}]}
RESULT: {"script":"<script> [56 bytes]","args":[{"element-6066-11e4-a52e-4f735466cecf":"f.6CD6B7C80D08F775EB7D2FFF8B2C9AB5.d.1EF84D8BDFF02509CD72BB3AEA9CCB77.e.20284","ELEMENT":"f.6CD6B7C80D08F775EB7D2FFF8B2C9AB5.d.1EF84D8BDFF02509CD72BB3AEA9CCB77.e.20284"}]}
COMMAND: POST /session/a49a846f150ab9031b86585360f30ac3/element - {"using":"css selector","value":"#shell-header-logo"}
COMMAND: GET /session/a49a846f150ab9031b86585360f30ac3/screenshot - {}
RESULT: {"using":"css selector","value":"#shell-header-logo"}
COMMAND: POST /session/a49a846f150ab9031b86585360f30ac3/element/f.6CD6B7C80D08F775EB7D2FFF8B2C9AB5.d.1EF84D8BDFF02509CD72BB3AEA9CCB77.e.19919/click - {}
RESULT: {}
RESULT: {}
COMMAND: GET /session/a49a846f150ab9031b86585360f30ac3/screenshot - {}
RESULT: {}
]]></system-out>
    </testcase>
    <testcase classname="chrome.135_0_7049_96.windows.Billing_Calculation_-_Time_based_(considering_transport_times)_US139738" name="Should do a stock increase for both equipments" time="77.2">
      <system-out><![CDATA[
COMMAND: POST /session/a49a846f150ab9031b86585360f30ac3/execute/async - {"script":"<script> [1562 bytes]","args":[{"selector":{"controlType":"sap.m.Text","viewName":"etm.portal.ui.managehandoverstile.view.Master","properties":{"text":"Manage Handovers"},"interaction":{"idSuffix":"inner"}},"wdio_ui5_key":"etmportal.ui.managehandoverstile.view.Mastersap.m.Text{\"text\":\"Manage Handovers\"}"}]}
RESULT: {"script":"<script> [1562 bytes]","args":[{"selector":{"controlType":"sap.m.Text","viewName":"etm.portal.ui.managehandoverstile.view.Master","properties":{"text":"Manage Handovers"},"interaction":{"idSuffix":"inner"}},"wdio_ui5_key":"etmportal.ui.managehandoverstile.view.Mastersap.m.Text{\"text\":\"Manage Handovers\"}"}]}
RESULT: undefined
COMMAND: POST /session/a49a846f150ab9031b86585360f30ac3/element - {"using":"xpath","value":"//*[@id=\"__tile130-title\"]"}
RESULT: {"using":"xpath","value":"//*[@id=\"__tile130-title\"]"}
COMMAND: POST /session/a49a846f150ab9031b86585360f30ac3/element/f.6CD6B7C80D08F775EB7D2FFF8B2C9AB5.d.1EF84D8BDFF02509CD72BB3AEA9CCB77.e.20289/click - {}
RESULT: {}
COMMAND: POST /session/a49a846f150ab9031b86585360f30ac3/element - {"using":"xpath","value":"//button[@data-kt=\"masterHOAddButton\"]"}
COMMAND: GET /session/a49a846f150ab9031b86585360f30ac3/screenshot - {}
RESULT: {"using":"xpath","value":"//button[@data-kt=\"masterHOAddButton\"]"}
COMMAND: POST /session/a49a846f150ab9031b86585360f30ac3/elements - {"using":"xpath","value":"//button[@data-kt=\"masterHOAddButton\"]"}
RESULT: {}
RESULT: {"using":"xpath","value":"//button[@data-kt=\"masterHOAddButton\"]"}
COMMAND: POST /session/a49a846f150ab9031b86585360f30ac3/element - {"using":"xpath","value":"//button[@data-kt=\"masterHOAddButton\"]"}
RESULT: {"using":"xpath","value":"//button[@data-kt=\"masterHOAddButton\"]"}
COMMAND: POST /session/a49a846f150ab9031b86585360f30ac3/execute/sync - {"script":"<script> [8489 bytes]","args":[{"element-6066-11e4-a52e-4f735466cecf":"f.6CD6B7C80D08F775EB7D2FFF8B2C9AB5.d.1EF84D8BDFF02509CD72BB3AEA9CCB77.e.20319","ELEMENT":"f.6CD6B7C80D08F775EB7D2FFF8B2C9AB5.d.1EF84D8BDFF02509CD72BB3AEA9CCB77.e.20319"}]}
RESULT: {"script":"<script> [8489 bytes]","args":[{"element-6066-11e4-a52e-4f735466cecf":"f.6CD6B7C80D08F775EB7D2FFF8B2C9AB5.d.1EF84D8BDFF02509CD72BB3AEA9CCB77.e.20319","ELEMENT":"f.6CD6B7C80D08F775EB7D2FFF8B2C9AB5.d.1EF84D8BDFF02509CD72BB3AEA9CCB77.e.20319"}]}
COMMAND: GET /session/a49a846f150ab9031b86585360f30ac3/element/f.6CD6B7C80D08F775EB7D2FFF8B2C9AB5.d.1EF84D8BDFF02509CD72BB3AEA9CCB77.e.20319/enabled - {}
COMMAND: GET /session/a49a846f150ab9031b86585360f30ac3/screenshot - {}
RESULT: {}
COMMAND: POST /session/a49a846f150ab9031b86585360f30ac3/execute/sync - {"script":"<script> [8489 bytes]","args":[{"element-6066-11e4-a52e-4f735466cecf":"f.6CD6B7C80D08F775EB7D2FFF8B2C9AB5.d.1EF84D8BDFF02509CD72BB3AEA9CCB77.e.20319","ELEMENT":"f.6CD6B7C80D08F775EB7D2FFF8B2C9AB5.d.1EF84D8BDFF02509CD72BB3AEA9CCB77.e.20319"}]}
COMMAND: GET /session/a49a846f150ab9031b86585360f30ac3/screenshot - {}
RESULT: {}
RESULT: {"script":"<script> [8489 bytes]","args":[{"element-6066-11e4-a52e-4f735466cecf":"f.6CD6B7C80D08F775EB7D2FFF8B2C9AB5.d.1EF84D8BDFF02509CD72BB3AEA9CCB77.e.20319","ELEMENT":"f.6CD6B7C80D08F775EB7D2FFF8B2C9AB5.d.1EF84D8BDFF02509CD72BB3AEA9CCB77.e.20319"}]}
COMMAND: POST /session/a49a846f150ab9031b86585360f30ac3/execute/sync - {"script":"<script> [5351 bytes]","args":[{"element-6066-11e4-a52e-4f735466cecf":"f.6CD6B7C80D08F775EB7D2FFF8B2C9AB5.d.1EF84D8BDFF02509CD72BB3AEA9CCB77.e.20319","ELEMENT":"f.6CD6B7C80D08F775EB7D2FFF8B2C9AB5.d.1EF84D8BDFF02509CD72BB3AEA9CCB77.e.20319"}]}
COMMAND: GET /session/a49a846f150ab9031b86585360f30ac3/screenshot - {}
RESULT: {}
RESULT: {"script":"<script> [5351 bytes]","args":[{"element-6066-11e4-a52e-4f735466cecf":"f.6CD6B7C80D08F775EB7D2FFF8B2C9AB5.d.1EF84D8BDFF02509CD72BB3AEA9CCB77.e.20319","ELEMENT":"f.6CD6B7C80D08F775EB7D2FFF8B2C9AB5.d.1EF84D8BDFF02509CD72BB3AEA9CCB77.e.20319"}]}
COMMAND: POST /session/a49a846f150ab9031b86585360f30ac3/element/f.6CD6B7C80D08F775EB7D2FFF8B2C9AB5.d.1EF84D8BDFF02509CD72BB3AEA9CCB77.e.20319/click - {}
COMMAND: GET /session/a49a846f150ab9031b86585360f30ac3/screenshot - {}
RESULT: {}
RESULT: {}
COMMAND: GET /session/a49a846f150ab9031b86585360f30ac3/screenshot - {}
COMMAND: POST /session/a49a846f150ab9031b86585360f30ac3/element - {"using":"xpath","value":"//span[contains(@id ,\"AddNewHO--typeSelect-arrow\")]"}
RESULT: {}
RESULT: {}
RESULT: {"using":"xpath","value":"//span[contains(@id ,\"AddNewHO--typeSelect-arrow\")]"}
COMMAND: POST /session/a49a846f150ab9031b86585360f30ac3/element/f.6CD6B7C80D08F775EB7D2FFF8B2C9AB5.d.1EF84D8BDFF02509CD72BB3AEA9CCB77.e.20678/click - {}
RESULT: {}
COMMAND: GET /session/a49a846f150ab9031b86585360f30ac3/screenshot - {}
RESULT: {}
COMMAND: POST /session/a49a846f150ab9031b86585360f30ac3/element - {"using":"xpath","value":"(//li[contains(text(), \"stock increase yard\")])[1]"}
RESULT: {"using":"xpath","value":"(//li[contains(text(), \"stock increase yard\")])[1]"}
COMMAND: POST /session/a49a846f150ab9031b86585360f30ac3/element/f.6CD6B7C80D08F775EB7D2FFF8B2C9AB5.d.1EF84D8BDFF02509CD72BB3AEA9CCB77.e.20679/click - {}
RESULT: {}
COMMAND: GET /session/a49a846f150ab9031b86585360f30ac3/screenshot - {}
RESULT: {}
COMMAND: POST /session/a49a846f150ab9031b86585360f30ac3/execute/async - {"script":"<script> [1562 bytes]","args":[{"selector":{"id":"application-managehandovers-display-component---AddNewHO--dueDate","interaction":{"idSuffix":"inner"}},"wdio_ui5_key":"applicationmanagehandovers-display-component---AddNewHO--dueDate"}]}
RESULT: {"script":"<script> [1562 bytes]","args":[{"selector":{"id":"application-managehandovers-display-component---AddNewHO--dueDate","interaction":{"idSuffix":"inner"}},"wdio_ui5_key":"applicationmanagehandovers-display-component---AddNewHO--dueDate"}]}
RESULT: undefined
COMMAND: POST /session/a49a846f150ab9031b86585360f30ac3/execute/async - {"script":"<script> [6424 bytes]","args":[{"element-6066-11e4-a52e-4f735466cecf":"f.6CD6B7C80D08F775EB7D2FFF8B2C9AB5.d.1EF84D8BDFF02509CD72BB3AEA9CCB77.e.20681"},"setValue",["04/29/2025"]]}
RESULT: {"script":"<script> [6424 bytes]","args":[{"element-6066-11e4-a52e-4f735466cecf":"f.6CD6B7C80D08F775EB7D2FFF8B2C9AB5.d.1EF84D8BDFF02509CD72BB3AEA9CCB77.e.20681"},"setValue",["04/29/2025"]]}
COMMAND: POST /session/a49a846f150ab9031b86585360f30ac3/element - {"using":"xpath","value":"//input[@id=\"generalSectionFrg--receiveYard-inner\"]"}
RESULT: {"using":"xpath","value":"//input[@id=\"generalSectionFrg--receiveYard-inner\"]"}
COMMAND: POST /session/a49a846f150ab9031b86585360f30ac3/element/f.6CD6B7C80D08F775EB7D2FFF8B2C9AB5.d.1EF84D8BDFF02509CD72BB3AEA9CCB77.e.20687/clear - {}
RESULT: {}
COMMAND: POST /session/a49a846f150ab9031b86585360f30ac3/element/f.6CD6B7C80D08F775EB7D2FFF8B2C9AB5.d.1EF84D8BDFF02509CD72BB3AEA9CCB77.e.20687/value - {"text":"371"}
COMMAND: GET /session/a49a846f150ab9031b86585360f30ac3/screenshot - {}
RESULT: {"text":"371"}
COMMAND: GET /session/a49a846f150ab9031b86585360f30ac3/screenshot - {}
RESULT: {}
RESULT: {}
COMMAND: POST /session/a49a846f150ab9031b86585360f30ac3/element - {"using":"xpath","value":"//li[.//span[text()='371']]"}
RESULT: {"using":"xpath","value":"//li[.//span[text()='371']]"}
COMMAND: POST /session/a49a846f150ab9031b86585360f30ac3/element/f.6CD6B7C80D08F775EB7D2FFF8B2C9AB5.d.1EF84D8BDFF02509CD72BB3AEA9CCB77.e.20703/click - {}
RESULT: {}
COMMAND: GET /session/a49a846f150ab9031b86585360f30ac3/screenshot - {}
RESULT: {}
COMMAND: POST /session/a49a846f150ab9031b86585360f30ac3/execute/async - {"script":"<script> [1562 bytes]","args":[{"selector":{"id":"application-managehandovers-display-component---AddNewHO--ObjectPageLayout-anchBar-application-managehandovers-display-component---AddNewHO--section4-anchor","interaction":{"idSuffix":"BDI-content"}},"wdio_ui5_key":"applicationmanagehandovers-display-component---AddNewHO--ObjectPageLayout-anchBar-application-managehandovers-display-component---AddNewHO--section4-anchor"}]}
RESULT: {"script":"<script> [1562 bytes]","args":[{"selector":{"id":"application-managehandovers-display-component---AddNewHO--ObjectPageLayout-anchBar-application-managehandovers-display-component---AddNewHO--section4-anchor","interaction":{"idSuffix":"BDI-content"}},"wdio_ui5_key":"applicationmanagehandovers-display-component---AddNewHO--ObjectPageLayout-anchBar-application-managehandovers-display-component---AddNewHO--section4-anchor"}]}
RESULT: undefined
COMMAND: POST /session/a49a846f150ab9031b86585360f30ac3/element - {"using":"xpath","value":"//*[@id=\"application-managehandovers-display-component---AddNewHO--ObjectPageLayout-anchBar-application-managehandovers-display-component---AddNewHO--section4-anchor\"]"}
RESULT: {"using":"xpath","value":"//*[@id=\"application-managehandovers-display-component---AddNewHO--ObjectPageLayout-anchBar-application-managehandovers-display-component---AddNewHO--section4-anchor\"]"}
COMMAND: POST /session/a49a846f150ab9031b86585360f30ac3/element/f.6CD6B7C80D08F775EB7D2FFF8B2C9AB5.d.1EF84D8BDFF02509CD72BB3AEA9CCB77.e.20705/click - {}
RESULT: {}
COMMAND: POST /session/a49a846f150ab9031b86585360f30ac3/element - {"using":"xpath","value":"//button[@aria-label=\"Add\"]"}
COMMAND: GET /session/a49a846f150ab9031b86585360f30ac3/screenshot - {}
RESULT: {"using":"xpath","value":"//button[@aria-label=\"Add\"]"}
COMMAND: POST /session/a49a846f150ab9031b86585360f30ac3/element/f.6CD6B7C80D08F775EB7D2FFF8B2C9AB5.d.1EF84D8BDFF02509CD72BB3AEA9CCB77.e.20709/click - {}
RESULT: {}
RESULT: {}
COMMAND: GET /session/a49a846f150ab9031b86585360f30ac3/screenshot - {}
RESULT: {}
COMMAND: POST /session/a49a846f150ab9031b86585360f30ac3/execute/async - {"script":"<script> [1562 bytes]","args":[{"selector":{"id":"application-managehandovers-display-component---AddNewHO--smartFilterBar-btnBasicSearch","searchOpenDialogs":true,"interaction":{"idSuffix":"I"}},"wdio_ui5_key":"applicationmanagehandovers-display-component---AddNewHO--smartFilterBar-btnBasicSearch"}]}
RESULT: {"script":"<script> [1562 bytes]","args":[{"selector":{"id":"application-managehandovers-display-component---AddNewHO--smartFilterBar-btnBasicSearch","searchOpenDialogs":true,"interaction":{"idSuffix":"I"}},"wdio_ui5_key":"applicationmanagehandovers-display-component---AddNewHO--smartFilterBar-btnBasicSearch"}]}
RESULT: undefined
COMMAND: POST /session/a49a846f150ab9031b86585360f30ac3/execute/async - {"script":"<script> [776 bytes]","args":[{"enterText":"oyQ2iOMP6p","selector":{"id":"application-managehandovers-display-component---AddNewHO--smartFilterBar-btnBasicSearch","searchOpenDialogs":true,"interaction":{"idSuffix":"I"}},"clearTextFirst":true,"interactionType":"ENTER_TEXT"}]}
RESULT: {"script":"<script> [776 bytes]","args":[{"enterText":"oyQ2iOMP6p","selector":{"id":"application-managehandovers-display-component---AddNewHO--smartFilterBar-btnBasicSearch","searchOpenDialogs":true,"interaction":{"idSuffix":"I"}},"clearTextFirst":true,"interactionType":"ENTER_TEXT"}]}
COMMAND: POST /session/a49a846f150ab9031b86585360f30ac3/actions - {"actions":[{"id":"action75","type":"key","parameters":{},"actions":[{"type":"keyDown","value":"î€‡"},{"type":"pause","duration":10},{"type":"keyUp","value":"î€‡"}]}]}
RESULT: {"actions":[{"id":"action75","type":"key","parameters":{},"actions":[{"type":"keyDown","value":"î€‡"},{"type":"pause","duration":10},{"type":"keyUp","value":"î€‡"}]}]}
COMMAND: GET /session/a49a846f150ab9031b86585360f30ac3/screenshot - {}
RESULT: {}
COMMAND: POST /session/a49a846f150ab9031b86585360f30ac3/execute/async - {"script":"<script> [1562 bytes]","args":[{"selector":{"id":"application-managehandovers-display-component---AddNewHO--popup-sa","searchOpenDialogs":true,"interaction":{"idSuffix":"CbBg"}},"wdio_ui5_key":"applicationmanagehandovers-display-component---AddNewHO--popup-sa"}]}
RESULT: {"script":"<script> [1562 bytes]","args":[{"selector":{"id":"application-managehandovers-display-component---AddNewHO--popup-sa","searchOpenDialogs":true,"interaction":{"idSuffix":"CbBg"}},"wdio_ui5_key":"applicationmanagehandovers-display-component---AddNewHO--popup-sa"}]}
RESULT: undefined
COMMAND: POST /session/a49a846f150ab9031b86585360f30ac3/element - {"using":"xpath","value":"//*[@id=\"application-managehandovers-display-component---AddNewHO--popup-sa\"]"}
RESULT: {"using":"xpath","value":"//*[@id=\"application-managehandovers-display-component---AddNewHO--popup-sa\"]"}
COMMAND: POST /session/a49a846f150ab9031b86585360f30ac3/element/f.6CD6B7C80D08F775EB7D2FFF8B2C9AB5.d.1EF84D8BDFF02509CD72BB3AEA9CCB77.e.20862/click - {}
RESULT: {}
COMMAND: GET /session/a49a846f150ab9031b86585360f30ac3/screenshot - {}
RESULT: {}
COMMAND: POST /session/a49a846f150ab9031b86585360f30ac3/element - {"using":"xpath","value":"//bdi[contains(text(), \"Select\")]"}
RESULT: {"using":"xpath","value":"//bdi[contains(text(), \"Select\")]"}
COMMAND: POST /session/a49a846f150ab9031b86585360f30ac3/element/f.6CD6B7C80D08F775EB7D2FFF8B2C9AB5.d.1EF84D8BDFF02509CD72BB3AEA9CCB77.e.20863/click - {}
RESULT: {}
COMMAND: GET /session/a49a846f150ab9031b86585360f30ac3/screenshot - {}
RESULT: {}
COMMAND: POST /session/a49a846f150ab9031b86585360f30ac3/element - {"using":"xpath","value":"//button[@data-kt=\"AddNewHOSaveButton\"]"}
RESULT: {"using":"xpath","value":"//button[@data-kt=\"AddNewHOSaveButton\"]"}
COMMAND: POST /session/a49a846f150ab9031b86585360f30ac3/element/f.6CD6B7C80D08F775EB7D2FFF8B2C9AB5.d.1EF84D8BDFF02509CD72BB3AEA9CCB77.e.20867/click - {}
RESULT: {}
COMMAND: GET /session/a49a846f150ab9031b86585360f30ac3/screenshot - {}
RESULT: {}
COMMAND: POST /session/a49a846f150ab9031b86585360f30ac3/execute/async - {"script":"<script> [1562 bytes]","args":[{"selector":{"id":"receiptDatePicker","viewName":"etm.portal.ui.managehandovers.view.DetailExecuteHO","interaction":{"idSuffix":"inner"}},"wdio_ui5_key":"receiptDatePickeretmportal.ui.managehandovers.view.DetailExecuteHO"}]}
RESULT: {"script":"<script> [1562 bytes]","args":[{"selector":{"id":"receiptDatePicker","viewName":"etm.portal.ui.managehandovers.view.DetailExecuteHO","interaction":{"idSuffix":"inner"}},"wdio_ui5_key":"receiptDatePickeretmportal.ui.managehandovers.view.DetailExecuteHO"}]}
RESULT: undefined
COMMAND: POST /session/a49a846f150ab9031b86585360f30ac3/execute/async - {"script":"<script> [6424 bytes]","args":[{"element-6066-11e4-a52e-4f735466cecf":"f.6CD6B7C80D08F775EB7D2FFF8B2C9AB5.d.1EF84D8BDFF02509CD72BB3AEA9CCB77.e.20915"},"setValue",["04/29/2025"]]}
RESULT: {"script":"<script> [6424 bytes]","args":[{"element-6066-11e4-a52e-4f735466cecf":"f.6CD6B7C80D08F775EB7D2FFF8B2C9AB5.d.1EF84D8BDFF02509CD72BB3AEA9CCB77.e.20915"},"setValue",["04/29/2025"]]}
COMMAND: POST /session/a49a846f150ab9031b86585360f30ac3/element - {"using":"xpath","value":"//button[@data-kt=\"PickingTableConfirmAllButton\"]"}
RESULT: {"using":"xpath","value":"//button[@data-kt=\"PickingTableConfirmAllButton\"]"}
COMMAND: POST /session/a49a846f150ab9031b86585360f30ac3/element/f.6CD6B7C80D08F775EB7D2FFF8B2C9AB5.d.1EF84D8BDFF02509CD72BB3AEA9CCB77.e.20929/click - {}
RESULT: {}
COMMAND: GET /session/a49a846f150ab9031b86585360f30ac3/screenshot - {}
RESULT: {}
COMMAND: POST /session/a49a846f150ab9031b86585360f30ac3/element - {"using":"xpath","value":"//bdi[contains(text(), \"OK\")]"}
RESULT: {"using":"xpath","value":"//bdi[contains(text(), \"OK\")]"}
COMMAND: POST /session/a49a846f150ab9031b86585360f30ac3/element/f.6CD6B7C80D08F775EB7D2FFF8B2C9AB5.d.1EF84D8BDFF02509CD72BB3AEA9CCB77.e.20932/click - {}
RESULT: {}
COMMAND: GET /session/a49a846f150ab9031b86585360f30ac3/screenshot - {}
RESULT: {}
COMMAND: POST /session/a49a846f150ab9031b86585360f30ac3/element - {"using":"xpath","value":"(//bdi[contains(text(), \"Receive\")])[2]"}
RESULT: {"using":"xpath","value":"(//bdi[contains(text(), \"Receive\")])[2]"}
COMMAND: POST /session/a49a846f150ab9031b86585360f30ac3/element/f.6CD6B7C80D08F775EB7D2FFF8B2C9AB5.d.1EF84D8BDFF02509CD72BB3AEA9CCB77.e.20933/click - {}
RESULT: {}
COMMAND: GET /session/a49a846f150ab9031b86585360f30ac3/screenshot - {}
RESULT: {}
COMMAND: POST /session/a49a846f150ab9031b86585360f30ac3/element - {"using":"css selector","value":"#shell-header-logo"}
RESULT: {"using":"css selector","value":"#shell-header-logo"}
COMMAND: POST /session/a49a846f150ab9031b86585360f30ac3/element/f.6CD6B7C80D08F775EB7D2FFF8B2C9AB5.d.1EF84D8BDFF02509CD72BB3AEA9CCB77.e.20291/click - {}
RESULT: {}
COMMAND: GET /session/a49a846f150ab9031b86585360f30ac3/screenshot - {}
RESULT: {}
]]></system-out>
    </testcase>
    <testcase classname="chrome.135_0_7049_96.windows.Billing_Calculation_-_Time_based_(considering_transport_times)_US139738" name="Should create a new contract" time="61.408">
      <system-out><![CDATA[
COMMAND: POST /session/a49a846f150ab9031b86585360f30ac3/execute/async - {"script":"<script> [1562 bytes]","args":[{"selector":{"controlType":"sap.m.Text","viewName":"etm.portal.ui.managecontractstile.view.Master","properties":{"text":"Manage Contracts"},"interaction":{"idSuffix":"inner"}},"wdio_ui5_key":"etmportal.ui.managecontractstile.view.Mastersap.m.Text{\"text\":\"Manage Contracts\"}"}]}
RESULT: {"script":"<script> [1562 bytes]","args":[{"selector":{"controlType":"sap.m.Text","viewName":"etm.portal.ui.managecontractstile.view.Master","properties":{"text":"Manage Contracts"},"interaction":{"idSuffix":"inner"}},"wdio_ui5_key":"etmportal.ui.managecontractstile.view.Mastersap.m.Text{\"text\":\"Manage Contracts\"}"}]}
RESULT: undefined
COMMAND: POST /session/a49a846f150ab9031b86585360f30ac3/element - {"using":"xpath","value":"//*[@id=\"__tile131-title\"]"}
RESULT: {"using":"xpath","value":"//*[@id=\"__tile131-title\"]"}
COMMAND: POST /session/a49a846f150ab9031b86585360f30ac3/element/f.6CD6B7C80D08F775EB7D2FFF8B2C9AB5.d.1EF84D8BDFF02509CD72BB3AEA9CCB77.e.21103/click - {}
RESULT: {}
COMMAND: GET /session/a49a846f150ab9031b86585360f30ac3/screenshot - {}
COMMAND: POST /session/a49a846f150ab9031b86585360f30ac3/element - {"using":"xpath","value":"//button[@data-kt=\"addButton\"]"}
RESULT: {}
RESULT: {"using":"xpath","value":"//button[@data-kt=\"addButton\"]"}
COMMAND: POST /session/a49a846f150ab9031b86585360f30ac3/elements - {"using":"xpath","value":"//button[@data-kt=\"addButton\"]"}
RESULT: {"using":"xpath","value":"//button[@data-kt=\"addButton\"]"}
COMMAND: POST /session/a49a846f150ab9031b86585360f30ac3/execute/sync - {"script":"<script> [8489 bytes]","args":[{"element-6066-11e4-a52e-4f735466cecf":"f.6CD6B7C80D08F775EB7D2FFF8B2C9AB5.d.1EF84D8BDFF02509CD72BB3AEA9CCB77.e.21171","ELEMENT":"f.6CD6B7C80D08F775EB7D2FFF8B2C9AB5.d.1EF84D8BDFF02509CD72BB3AEA9CCB77.e.21171"}]}
RESULT: {"script":"<script> [8489 bytes]","args":[{"element-6066-11e4-a52e-4f735466cecf":"f.6CD6B7C80D08F775EB7D2FFF8B2C9AB5.d.1EF84D8BDFF02509CD72BB3AEA9CCB77.e.21171","ELEMENT":"f.6CD6B7C80D08F775EB7D2FFF8B2C9AB5.d.1EF84D8BDFF02509CD72BB3AEA9CCB77.e.21171"}]}
COMMAND: GET /session/a49a846f150ab9031b86585360f30ac3/element/f.6CD6B7C80D08F775EB7D2FFF8B2C9AB5.d.1EF84D8BDFF02509CD72BB3AEA9CCB77.e.21171/enabled - {}
COMMAND: GET /session/a49a846f150ab9031b86585360f30ac3/screenshot - {}
RESULT: {}
COMMAND: POST /session/a49a846f150ab9031b86585360f30ac3/execute/sync - {"script":"<script> [8489 bytes]","args":[{"element-6066-11e4-a52e-4f735466cecf":"f.6CD6B7C80D08F775EB7D2FFF8B2C9AB5.d.1EF84D8BDFF02509CD72BB3AEA9CCB77.e.21171","ELEMENT":"f.6CD6B7C80D08F775EB7D2FFF8B2C9AB5.d.1EF84D8BDFF02509CD72BB3AEA9CCB77.e.21171"}]}
COMMAND: GET /session/a49a846f150ab9031b86585360f30ac3/screenshot - {}
RESULT: {}
RESULT: {"script":"<script> [8489 bytes]","args":[{"element-6066-11e4-a52e-4f735466cecf":"f.6CD6B7C80D08F775EB7D2FFF8B2C9AB5.d.1EF84D8BDFF02509CD72BB3AEA9CCB77.e.21171","ELEMENT":"f.6CD6B7C80D08F775EB7D2FFF8B2C9AB5.d.1EF84D8BDFF02509CD72BB3AEA9CCB77.e.21171"}]}
COMMAND: POST /session/a49a846f150ab9031b86585360f30ac3/execute/sync - {"script":"<script> [5351 bytes]","args":[{"element-6066-11e4-a52e-4f735466cecf":"f.6CD6B7C80D08F775EB7D2FFF8B2C9AB5.d.1EF84D8BDFF02509CD72BB3AEA9CCB77.e.21171","ELEMENT":"f.6CD6B7C80D08F775EB7D2FFF8B2C9AB5.d.1EF84D8BDFF02509CD72BB3AEA9CCB77.e.21171"}]}
COMMAND: GET /session/a49a846f150ab9031b86585360f30ac3/screenshot - {}
RESULT: {}
RESULT: {"script":"<script> [5351 bytes]","args":[{"element-6066-11e4-a52e-4f735466cecf":"f.6CD6B7C80D08F775EB7D2FFF8B2C9AB5.d.1EF84D8BDFF02509CD72BB3AEA9CCB77.e.21171","ELEMENT":"f.6CD6B7C80D08F775EB7D2FFF8B2C9AB5.d.1EF84D8BDFF02509CD72BB3AEA9CCB77.e.21171"}]}
COMMAND: GET /session/a49a846f150ab9031b86585360f30ac3/screenshot - {}
RESULT: {}
RESULT: {}
COMMAND: POST /session/a49a846f150ab9031b86585360f30ac3/element/f.6CD6B7C80D08F775EB7D2FFF8B2C9AB5.d.1EF84D8BDFF02509CD72BB3AEA9CCB77.e.21171/click - {}
RESULT: {}
COMMAND: GET /session/a49a846f150ab9031b86585360f30ac3/screenshot - {}
RESULT: {}
COMMAND: POST /session/a49a846f150ab9031b86585360f30ac3/execute/async - {"script":"<script> [1562 bytes]","args":[{"selector":{"id":"application-managecontracts-display-component---AddNewContract--projectDescription","interaction":{"idSuffix":"inner"}},"wdio_ui5_key":"applicationmanagecontracts-display-component---AddNewContract--projectDescription"}]}
RESULT: {"script":"<script> [1562 bytes]","args":[{"selector":{"id":"application-managecontracts-display-component---AddNewContract--projectDescription","interaction":{"idSuffix":"inner"}},"wdio_ui5_key":"applicationmanagecontracts-display-component---AddNewContract--projectDescription"}]}
RESULT: undefined
COMMAND: POST /session/a49a846f150ab9031b86585360f30ac3/execute/async - {"script":"<script> [776 bytes]","args":[{"enterText":"Contract WDIO","selector":{"id":"application-managecontracts-display-component---AddNewContract--projectDescription","interaction":{"idSuffix":"inner"}},"clearTextFirst":true,"interactionType":"ENTER_TEXT"}]}
RESULT: {"script":"<script> [776 bytes]","args":[{"enterText":"Contract WDIO","selector":{"id":"application-managecontracts-display-component---AddNewContract--projectDescription","interaction":{"idSuffix":"inner"}},"clearTextFirst":true,"interactionType":"ENTER_TEXT"}]}
COMMAND: POST /session/a49a846f150ab9031b86585360f30ac3/element - {"using":"xpath","value":"//input[@id=\"application-managecontracts-display-component---AddNewContract--site-inner\"]"}
RESULT: {"using":"xpath","value":"//input[@id=\"application-managecontracts-display-component---AddNewContract--site-inner\"]"}
COMMAND: POST /session/a49a846f150ab9031b86585360f30ac3/element/f.6CD6B7C80D08F775EB7D2FFF8B2C9AB5.d.1EF84D8BDFF02509CD72BB3AEA9CCB77.e.21491/clear - {}
RESULT: {}
COMMAND: POST /session/a49a846f150ab9031b86585360f30ac3/element/f.6CD6B7C80D08F775EB7D2FFF8B2C9AB5.d.1EF84D8BDFF02509CD72BB3AEA9CCB77.e.21491/value - {"text":"2212"}
COMMAND: GET /session/a49a846f150ab9031b86585360f30ac3/screenshot - {}
RESULT: {"text":"2212"}
COMMAND: GET /session/a49a846f150ab9031b86585360f30ac3/screenshot - {}
RESULT: {}
RESULT: {}
COMMAND: POST /session/a49a846f150ab9031b86585360f30ac3/element - {"using":"xpath","value":"//li[.//span[text()='2212']]"}
RESULT: {"using":"xpath","value":"//li[.//span[text()='2212']]"}
COMMAND: POST /session/a49a846f150ab9031b86585360f30ac3/element/f.6CD6B7C80D08F775EB7D2FFF8B2C9AB5.d.1EF84D8BDFF02509CD72BB3AEA9CCB77.e.21514/click - {}
RESULT: {}
COMMAND: GET /session/a49a846f150ab9031b86585360f30ac3/screenshot - {}
RESULT: {}
COMMAND: POST /session/a49a846f150ab9031b86585360f30ac3/element - {"using":"xpath","value":"//input[@id=\"application-managecontracts-display-component---AddNewContract--yardId-inner\"]"}
RESULT: {"using":"xpath","value":"//input[@id=\"application-managecontracts-display-component---AddNewContract--yardId-inner\"]"}
COMMAND: GET /session/a49a846f150ab9031b86585360f30ac3/element/f.6CD6B7C80D08F775EB7D2FFF8B2C9AB5.d.1EF84D8BDFF02509CD72BB3AEA9CCB77.e.21492/property/value - {}
RESULT: {}
COMMAND: POST /session/a49a846f150ab9031b86585360f30ac3/element - {"using":"xpath","value":"//input[@id=\"application-managecontracts-display-component---AddNewContract--customerSelect-inner\"]"}
COMMAND: GET /session/a49a846f150ab9031b86585360f30ac3/screenshot - {}
RESULT: {"using":"xpath","value":"//input[@id=\"application-managecontracts-display-component---AddNewContract--customerSelect-inner\"]"}
COMMAND: POST /session/a49a846f150ab9031b86585360f30ac3/element/f.6CD6B7C80D08F775EB7D2FFF8B2C9AB5.d.1EF84D8BDFF02509CD72BB3AEA9CCB77.e.21490/clear - {}
RESULT: {}
RESULT: {}
COMMAND: POST /session/a49a846f150ab9031b86585360f30ac3/element/f.6CD6B7C80D08F775EB7D2FFF8B2C9AB5.d.1EF84D8BDFF02509CD72BB3AEA9CCB77.e.21490/value - {"text":"1240"}
COMMAND: GET /session/a49a846f150ab9031b86585360f30ac3/screenshot - {}
RESULT: {"text":"1240"}
COMMAND: GET /session/a49a846f150ab9031b86585360f30ac3/screenshot - {}
RESULT: {}
RESULT: {}
COMMAND: POST /session/a49a846f150ab9031b86585360f30ac3/element - {"using":"xpath","value":"//li[.//span[text()='1240']]"}
RESULT: {"using":"xpath","value":"//li[.//span[text()='1240']]"}
COMMAND: POST /session/a49a846f150ab9031b86585360f30ac3/element/f.6CD6B7C80D08F775EB7D2FFF8B2C9AB5.d.1EF84D8BDFF02509CD72BB3AEA9CCB77.e.21517/click - {}
RESULT: {}
COMMAND: GET /session/a49a846f150ab9031b86585360f30ac3/screenshot - {}
RESULT: {}
COMMAND: POST /session/a49a846f150ab9031b86585360f30ac3/element - {"using":"xpath","value":"//button[@data-kt=\"saveButton\"]"}
RESULT: {"using":"xpath","value":"//button[@data-kt=\"saveButton\"]"}
COMMAND: POST /session/a49a846f150ab9031b86585360f30ac3/element/f.6CD6B7C80D08F775EB7D2FFF8B2C9AB5.d.1EF84D8BDFF02509CD72BB3AEA9CCB77.e.21507/click - {}
RESULT: {}
COMMAND: GET /session/a49a846f150ab9031b86585360f30ac3/screenshot - {}
RESULT: {}
COMMAND: POST /session/a49a846f150ab9031b86585360f30ac3/element - {"using":"xpath","value":"//span[contains(@id ,\"contractDetailTitleNoExpanded\")]"}
RESULT: {"using":"xpath","value":"//span[contains(@id ,\"contractDetailTitleNoExpanded\")]"}
COMMAND: POST /session/a49a846f150ab9031b86585360f30ac3/elements - {"using":"xpath","value":"//span[contains(@id ,\"contractDetailTitleNoExpanded\")]"}
RESULT: {"using":"xpath","value":"//span[contains(@id ,\"contractDetailTitleNoExpanded\")]"}
COMMAND: POST /session/a49a846f150ab9031b86585360f30ac3/execute/sync - {"script":"<script> [56 bytes]","args":[{"element-6066-11e4-a52e-4f735466cecf":"f.6CD6B7C80D08F775EB7D2FFF8B2C9AB5.d.1EF84D8BDFF02509CD72BB3AEA9CCB77.e.21590","ELEMENT":"f.6CD6B7C80D08F775EB7D2FFF8B2C9AB5.d.1EF84D8BDFF02509CD72BB3AEA9CCB77.e.21590"}]}
RESULT: {"script":"<script> [56 bytes]","args":[{"element-6066-11e4-a52e-4f735466cecf":"f.6CD6B7C80D08F775EB7D2FFF8B2C9AB5.d.1EF84D8BDFF02509CD72BB3AEA9CCB77.e.21590","ELEMENT":"f.6CD6B7C80D08F775EB7D2FFF8B2C9AB5.d.1EF84D8BDFF02509CD72BB3AEA9CCB77.e.21590"}]}
COMMAND: GET /session/a49a846f150ab9031b86585360f30ac3/screenshot - {}
RESULT: {}
]]></system-out>
    </testcase>
    <testcase classname="chrome.135_0_7049_96.windows.Billing_Calculation_-_Time_based_(considering_transport_times)_US139738" name="Should add transport time checkbox on contract details" time="15.887">
      <system-out><![CDATA[
COMMAND: POST /session/a49a846f150ab9031b86585360f30ac3/element - {"using":"xpath","value":"//button[@data-kt=\"contractDetailEditBtnButton\"]"}
RESULT: {"using":"xpath","value":"//button[@data-kt=\"contractDetailEditBtnButton\"]"}
COMMAND: POST /session/a49a846f150ab9031b86585360f30ac3/element/f.6CD6B7C80D08F775EB7D2FFF8B2C9AB5.d.1EF84D8BDFF02509CD72BB3AEA9CCB77.e.21591/click - {}
RESULT: {}
COMMAND: GET /session/a49a846f150ab9031b86585360f30ac3/screenshot - {}
RESULT: {}
COMMAND: POST /session/a49a846f150ab9031b86585360f30ac3/element - {"using":"xpath","value":"(//span[contains(text(), \"Contract Billing\")])[2]"}
RESULT: {"using":"xpath","value":"(//span[contains(text(), \"Contract Billing\")])[2]"}
COMMAND: POST /session/a49a846f150ab9031b86585360f30ac3/element/f.6CD6B7C80D08F775EB7D2FFF8B2C9AB5.d.1EF84D8BDFF02509CD72BB3AEA9CCB77.e.21647/click - {}
RESULT: {}
COMMAND: GET /session/a49a846f150ab9031b86585360f30ac3/screenshot - {}
RESULT: {}
COMMAND: POST /session/a49a846f150ab9031b86585360f30ac3/element - {"using":"xpath","value":"(//div[contains(@id, \"transportTimesBilled-CbBg\")])"}
RESULT: {"using":"xpath","value":"(//div[contains(@id, \"transportTimesBilled-CbBg\")])"}
COMMAND: POST /session/a49a846f150ab9031b86585360f30ac3/element/f.6CD6B7C80D08F775EB7D2FFF8B2C9AB5.d.1EF84D8BDFF02509CD72BB3AEA9CCB77.e.21677/click - {}
RESULT: {}
COMMAND: GET /session/a49a846f150ab9031b86585360f30ac3/screenshot - {}
RESULT: {}
COMMAND: POST /session/a49a846f150ab9031b86585360f30ac3/element - {"using":"xpath","value":"(//button[@data-kt=\"saveButton\"])[2]"}
RESULT: {"using":"xpath","value":"(//button[@data-kt=\"saveButton\"])[2]"}
COMMAND: POST /session/a49a846f150ab9031b86585360f30ac3/element/f.6CD6B7C80D08F775EB7D2FFF8B2C9AB5.d.1EF84D8BDFF02509CD72BB3AEA9CCB77.e.21678/click - {}
RESULT: {}
COMMAND: GET /session/a49a846f150ab9031b86585360f30ac3/screenshot - {}
RESULT: {}
]]></system-out>
    </testcase>
    <testcase classname="chrome.135_0_7049_96.windows.Billing_Calculation_-_Time_based_(considering_transport_times)_US139738" name="Should add created equipment to contract" time="51.571">
      <system-out><![CDATA[
COMMAND: POST /session/a49a846f150ab9031b86585360f30ac3/element - {"using":"xpath","value":"//button[@data-kt=\"contractDetailEditBtnButton\"]"}
RESULT: {"using":"xpath","value":"//button[@data-kt=\"contractDetailEditBtnButton\"]"}
COMMAND: POST /session/a49a846f150ab9031b86585360f30ac3/element/f.6CD6B7C80D08F775EB7D2FFF8B2C9AB5.d.1EF84D8BDFF02509CD72BB3AEA9CCB77.e.21591/click - {}
RESULT: {}
COMMAND: GET /session/a49a846f150ab9031b86585360f30ac3/screenshot - {}
RESULT: {}
COMMAND: POST /session/a49a846f150ab9031b86585360f30ac3/element - {"using":"xpath","value":"(//span[contains(text(), \"Additional Addresses\")])[2]"}
RESULT: {"using":"xpath","value":"(//span[contains(text(), \"Additional Addresses\")])[2]"}
COMMAND: POST /session/a49a846f150ab9031b86585360f30ac3/element/f.6CD6B7C80D08F775EB7D2FFF8B2C9AB5.d.1EF84D8BDFF02509CD72BB3AEA9CCB77.e.21696/click - {}
RESULT: {}
COMMAND: GET /session/a49a846f150ab9031b86585360f30ac3/screenshot - {}
RESULT: {}
COMMAND: POST /session/a49a846f150ab9031b86585360f30ac3/element - {"using":"xpath","value":"//button[@data-kt=\"btnAddTableRowOverflowToolbarButton\"]"}
RESULT: {"using":"xpath","value":"//button[@data-kt=\"btnAddTableRowOverflowToolbarButton\"]"}
COMMAND: POST /session/a49a846f150ab9031b86585360f30ac3/element/f.6CD6B7C80D08F775EB7D2FFF8B2C9AB5.d.1EF84D8BDFF02509CD72BB3AEA9CCB77.e.21699/click - {}
RESULT: {}
COMMAND: GET /session/a49a846f150ab9031b86585360f30ac3/screenshot - {}
RESULT: {}
COMMAND: POST /session/a49a846f150ab9031b86585360f30ac3/element - {"using":"xpath","value":"//div[(text() = 'Standard Entry' or . = 'Standard Entry')]"}
RESULT: {"using":"xpath","value":"//div[(text() = 'Standard Entry' or . = 'Standard Entry')]"}
COMMAND: POST /session/a49a846f150ab9031b86585360f30ac3/element/f.6CD6B7C80D08F775EB7D2FFF8B2C9AB5.d.1EF84D8BDFF02509CD72BB3AEA9CCB77.e.21701/click - {}
RESULT: {}
COMMAND: GET /session/a49a846f150ab9031b86585360f30ac3/screenshot - {}
RESULT: {}
COMMAND: POST /session/a49a846f150ab9031b86585360f30ac3/element - {"using":"xpath","value":"//td[7]/div/div/input"}
RESULT: {"using":"xpath","value":"//td[7]/div/div/input"}
COMMAND: POST /session/a49a846f150ab9031b86585360f30ac3/element/f.6CD6B7C80D08F775EB7D2FFF8B2C9AB5.d.1EF84D8BDFF02509CD72BB3AEA9CCB77.e.21710/clear - {}
RESULT: {}
COMMAND: POST /session/a49a846f150ab9031b86585360f30ac3/element/f.6CD6B7C80D08F775EB7D2FFF8B2C9AB5.d.1EF84D8BDFF02509CD72BB3AEA9CCB77.e.21710/value - {"text":"oyQ2iOMP6p"}
COMMAND: GET /session/a49a846f150ab9031b86585360f30ac3/screenshot - {}
RESULT: {"text":"oyQ2iOMP6p"}
COMMAND: GET /session/a49a846f150ab9031b86585360f30ac3/screenshot - {}
RESULT: {}
RESULT: {}
COMMAND: POST /session/a49a846f150ab9031b86585360f30ac3/actions - {"actions":[{"id":"action76","type":"key","parameters":{},"actions":[{"type":"keyDown","value":"î€‡"},{"type":"pause","duration":10},{"type":"keyUp","value":"î€‡"}]}]}
RESULT: {"actions":[{"id":"action76","type":"key","parameters":{},"actions":[{"type":"keyDown","value":"î€‡"},{"type":"pause","duration":10},{"type":"keyUp","value":"î€‡"}]}]}
COMMAND: GET /session/a49a846f150ab9031b86585360f30ac3/screenshot - {}
RESULT: {}
COMMAND: POST /session/a49a846f150ab9031b86585360f30ac3/element - {"using":"xpath","value":"(//button[@data-kt=\"saveButton\"])[2]"}
RESULT: {"using":"xpath","value":"(//button[@data-kt=\"saveButton\"])[2]"}
COMMAND: POST /session/a49a846f150ab9031b86585360f30ac3/element/f.6CD6B7C80D08F775EB7D2FFF8B2C9AB5.d.1EF84D8BDFF02509CD72BB3AEA9CCB77.e.21678/click - {}
RESULT: {}
COMMAND: GET /session/a49a846f150ab9031b86585360f30ac3/screenshot - {}
RESULT: {}
COMMAND: POST /session/a49a846f150ab9031b86585360f30ac3/element - {"using":"xpath","value":"//span[contains(@id ,\"contractItemsSmartTable-header-inner\")]"}
RESULT: {"using":"xpath","value":"//span[contains(@id ,\"contractItemsSmartTable-header-inner\")]"}
COMMAND: POST /session/a49a846f150ab9031b86585360f30ac3/elements - {"using":"xpath","value":"//span[contains(@id ,\"contractItemsSmartTable-header-inner\")]"}
RESULT: {"using":"xpath","value":"//span[contains(@id ,\"contractItemsSmartTable-header-inner\")]"}
COMMAND: POST /session/a49a846f150ab9031b86585360f30ac3/execute/sync - {"script":"<script> [56 bytes]","args":[{"element-6066-11e4-a52e-4f735466cecf":"f.6CD6B7C80D08F775EB7D2FFF8B2C9AB5.d.1EF84D8BDFF02509CD72BB3AEA9CCB77.e.21729","ELEMENT":"f.6CD6B7C80D08F775EB7D2FFF8B2C9AB5.d.1EF84D8BDFF02509CD72BB3AEA9CCB77.e.21729"}]}
RESULT: {"script":"<script> [56 bytes]","args":[{"element-6066-11e4-a52e-4f735466cecf":"f.6CD6B7C80D08F775EB7D2FFF8B2C9AB5.d.1EF84D8BDFF02509CD72BB3AEA9CCB77.e.21729","ELEMENT":"f.6CD6B7C80D08F775EB7D2FFF8B2C9AB5.d.1EF84D8BDFF02509CD72BB3AEA9CCB77.e.21729"}]}
]]></system-out>
    </testcase>
    <testcase classname="chrome.135_0_7049_96.windows.Billing_Calculation_-_Time_based_(considering_transport_times)_US139738" name="Should do a provide to site 2 step" time="124.638">
      <system-out><![CDATA[
COMMAND: POST /session/a49a846f150ab9031b86585360f30ac3/element - {"using":"xpath","value":"//button[@data-kt=\"provideButton\"]"}
COMMAND: GET /session/a49a846f150ab9031b86585360f30ac3/screenshot - {}
RESULT: {}
RESULT: {"using":"xpath","value":"//button[@data-kt=\"provideButton\"]"}
COMMAND: POST /session/a49a846f150ab9031b86585360f30ac3/element/f.6CD6B7C80D08F775EB7D2FFF8B2C9AB5.d.1EF84D8BDFF02509CD72BB3AEA9CCB77.e.21730/click - {}
RESULT: {}
COMMAND: GET /session/a49a846f150ab9031b86585360f30ac3/screenshot - {}
RESULT: {}
COMMAND: POST /session/a49a846f150ab9031b86585360f30ac3/element - {"using":"xpath","value":"(//div[contains(@id, \"application-managehandovers-display-component---AddNewHO--oneStep-CbBg\")])"}
RESULT: {"using":"xpath","value":"(//div[contains(@id, \"application-managehandovers-display-component---AddNewHO--oneStep-CbBg\")])"}
COMMAND: POST /session/a49a846f150ab9031b86585360f30ac3/element/f.6CD6B7C80D08F775EB7D2FFF8B2C9AB5.d.1EF84D8BDFF02509CD72BB3AEA9CCB77.e.22038/click - {}
RESULT: {}
RESULT: undefined
COMMAND: POST /session/a49a846f150ab9031b86585360f30ac3/execute/async - {"script":"<script> [6424 bytes]","args":[{"element-6066-11e4-a52e-4f735466cecf":"f.6CD6B7C80D08F775EB7D2FFF8B2C9AB5.d.1EF84D8BDFF02509CD72BB3AEA9CCB77.e.20681"},"setValue",["04/29/2025"]]}
COMMAND: GET /session/a49a846f150ab9031b86585360f30ac3/screenshot - {}
COMMAND: POST /session/a49a846f150ab9031b86585360f30ac3/execute/async - {"script":"<script> [1562 bytes]","args":[{"selector":{"id":"application-managehandovers-display-component---AddNewHO--dueDate","interaction":{"idSuffix":"inner"}},"wdio_ui5_key":"applicationmanagehandovers-display-component---AddNewHO--dueDate"}]}
RESULT: {}
RESULT: {"script":"<script> [1562 bytes]","args":[{"selector":{"id":"application-managehandovers-display-component---AddNewHO--dueDate","interaction":{"idSuffix":"inner"}},"wdio_ui5_key":"applicationmanagehandovers-display-component---AddNewHO--dueDate"}]}
COMMAND: POST /session/a49a846f150ab9031b86585360f30ac3/execute/async - {"script":"<script> [6424 bytes]","args":[{"element-6066-11e4-a52e-4f735466cecf":"f.6CD6B7C80D08F775EB7D2FFF8B2C9AB5.d.1EF84D8BDFF02509CD72BB3AEA9CCB77.e.21787"},"setValue",["04/29/2025"]]}
RESULT: {"script":"<script> [6424 bytes]","args":[{"element-6066-11e4-a52e-4f735466cecf":"f.6CD6B7C80D08F775EB7D2FFF8B2C9AB5.d.1EF84D8BDFF02509CD72BB3AEA9CCB77.e.21787"},"setValue",["04/29/2025"]]}
COMMAND: POST /session/a49a846f150ab9031b86585360f30ac3/element - {"using":"xpath","value":"//bdi[contains(text(), \"Instructions\")]"}
RESULT: {"using":"xpath","value":"//bdi[contains(text(), \"Instructions\")]"}
COMMAND: POST /session/a49a846f150ab9031b86585360f30ac3/element/f.6CD6B7C80D08F775EB7D2FFF8B2C9AB5.d.1EF84D8BDFF02509CD72BB3AEA9CCB77.e.22042/click - {}
RESULT: {}
COMMAND: GET /session/a49a846f150ab9031b86585360f30ac3/screenshot - {}
RESULT: {}
COMMAND: POST /session/a49a846f150ab9031b86585360f30ac3/element - {"using":"xpath","value":"//button[@data-kt=\"AddNewHOProvideAddItemsButton\"]"}
RESULT: {"using":"xpath","value":"//button[@data-kt=\"AddNewHOProvideAddItemsButton\"]"}
COMMAND: POST /session/a49a846f150ab9031b86585360f30ac3/element/f.6CD6B7C80D08F775EB7D2FFF8B2C9AB5.d.1EF84D8BDFF02509CD72BB3AEA9CCB77.e.22046/click - {}
RESULT: {}
COMMAND: GET /session/a49a846f150ab9031b86585360f30ac3/screenshot - {}
RESULT: {}
RESULT: undefined
COMMAND: POST /session/a49a846f150ab9031b86585360f30ac3/element - {"using":"xpath","value":"//*[@id=\"application-managehandovers-display-component---AddNewHO--popup-sa\"]"}
RESULT: {"using":"xpath","value":"//*[@id=\"application-managehandovers-display-component---AddNewHO--popup-sa\"]"}
COMMAND: POST /session/a49a846f150ab9031b86585360f30ac3/element/f.6CD6B7C80D08F775EB7D2FFF8B2C9AB5.d.1EF84D8BDFF02509CD72BB3AEA9CCB77.e.22055/click - {}
RESULT: {}
COMMAND: GET /session/a49a846f150ab9031b86585360f30ac3/screenshot - {}
RESULT: {}
COMMAND: POST /session/a49a846f150ab9031b86585360f30ac3/element - {"using":"xpath","value":"//*[contains(@id ,\"BDI-content\")][contains(text(), \"Select\")]"}
RESULT: {"using":"xpath","value":"//*[contains(@id ,\"BDI-content\")][contains(text(), \"Select\")]"}
COMMAND: POST /session/a49a846f150ab9031b86585360f30ac3/element/f.6CD6B7C80D08F775EB7D2FFF8B2C9AB5.d.1EF84D8BDFF02509CD72BB3AEA9CCB77.e.22057/click - {}
RESULT: {}
COMMAND: GET /session/a49a846f150ab9031b86585360f30ac3/screenshot - {}
RESULT: {}
COMMAND: POST /session/a49a846f150ab9031b86585360f30ac3/execute/async - {"script":"<script> [1562 bytes]","args":[{"selector":{"id":"application-managehandovers-display-component---AddNewHO--confirmCreationButton","interaction":{"idSuffix":"BDI-content"}},"wdio_ui5_key":"applicationmanagehandovers-display-component---AddNewHO--confirmCreationButton"}]}
RESULT: {"script":"<script> [1562 bytes]","args":[{"selector":{"id":"application-managehandovers-display-component---AddNewHO--confirmCreationButton","interaction":{"idSuffix":"BDI-content"}},"wdio_ui5_key":"applicationmanagehandovers-display-component---AddNewHO--confirmCreationButton"}]}
RESULT: undefined
COMMAND: POST /session/a49a846f150ab9031b86585360f30ac3/element - {"using":"xpath","value":"//*[@id=\"application-managehandovers-display-component---AddNewHO--confirmCreationButton\"]"}
RESULT: {"using":"xpath","value":"//*[@id=\"application-managehandovers-display-component---AddNewHO--confirmCreationButton\"]"}
COMMAND: POST /session/a49a846f150ab9031b86585360f30ac3/element/f.6CD6B7C80D08F775EB7D2FFF8B2C9AB5.d.1EF84D8BDFF02509CD72BB3AEA9CCB77.e.21866/click - {}
RESULT: {}
COMMAND: GET /session/a49a846f150ab9031b86585360f30ac3/screenshot - {}
RESULT: {}
COMMAND: POST /session/a49a846f150ab9031b86585360f30ac3/element - {"using":"xpath","value":"//button[@data-kt=\"PickingTableConfirmAllButton\"]"}
RESULT: {"using":"xpath","value":"//button[@data-kt=\"PickingTableConfirmAllButton\"]"}
COMMAND: POST /session/a49a846f150ab9031b86585360f30ac3/element/f.6CD6B7C80D08F775EB7D2FFF8B2C9AB5.d.1EF84D8BDFF02509CD72BB3AEA9CCB77.e.22113/click - {}
RESULT: {}
COMMAND: GET /session/a49a846f150ab9031b86585360f30ac3/screenshot - {}
RESULT: {}
COMMAND: POST /session/a49a846f150ab9031b86585360f30ac3/element - {"using":"xpath","value":"//bdi[contains(text(), \"OK\")]"}
RESULT: {"using":"xpath","value":"//bdi[contains(text(), \"OK\")]"}
COMMAND: POST /session/a49a846f150ab9031b86585360f30ac3/element/f.6CD6B7C80D08F775EB7D2FFF8B2C9AB5.d.1EF84D8BDFF02509CD72BB3AEA9CCB77.e.22115/click - {}
RESULT: {}
COMMAND: GET /session/a49a846f150ab9031b86585360f30ac3/screenshot - {}
RESULT: {}
COMMAND: POST /session/a49a846f150ab9031b86585360f30ac3/element - {"using":"xpath","value":"//button[@data-kt=\"execHoPickButton\"]"}
RESULT: {"using":"xpath","value":"//button[@data-kt=\"execHoPickButton\"]"}
COMMAND: POST /session/a49a846f150ab9031b86585360f30ac3/element/f.6CD6B7C80D08F775EB7D2FFF8B2C9AB5.d.1EF84D8BDFF02509CD72BB3AEA9CCB77.e.22117/click - {}
RESULT: {}
COMMAND: GET /session/a49a846f150ab9031b86585360f30ac3/screenshot - {}
RESULT: {}
COMMAND: POST /session/a49a846f150ab9031b86585360f30ac3/element - {"using":"xpath","value":"//span[contains(@id ,\"filterItemControl_BASIC-RECEIVE_CONTRACT-vhi\")]"}
RESULT: {"using":"xpath","value":"//span[contains(@id ,\"filterItemControl_BASIC-RECEIVE_CONTRACT-vhi\")]"}
COMMAND: POST /session/a49a846f150ab9031b86585360f30ac3/element/f.6CD6B7C80D08F775EB7D2FFF8B2C9AB5.d.1EF84D8BDFF02509CD72BB3AEA9CCB77.e.22290/click - {}
RESULT: {}
COMMAND: GET /session/a49a846f150ab9031b86585360f30ac3/screenshot - {}
RESULT: {}
COMMAND: POST /session/a49a846f150ab9031b86585360f30ac3/execute/async - {"script":"<script> [1562 bytes]","args":[{"selector":{"controlType":"sap.m.SearchField","viewName":"etm.portal.ui.managehandovers.view.MasterHO","bindingPath":{"path":"","propertyPath":"/_BASIC_SEARCH_FIELD","modelName":"fi1t3rM0d31"},"searchOpenDialogs":true,"interaction":{"idSuffix":"I"}},"wdio_ui5_key":"etmportal.ui.managehandovers.view.MasterHOsap.m.SearchField{\"path\":\"\",\"propertyPath\":\"/_BASIC_SEARCH_FIELD\",\"modelName\":\"fi1t3rM0d31\"}"}]}
RESULT: {"script":"<script> [1562 bytes]","args":[{"selector":{"controlType":"sap.m.SearchField","viewName":"etm.portal.ui.managehandovers.view.MasterHO","bindingPath":{"path":"","propertyPath":"/_BASIC_SEARCH_FIELD","modelName":"fi1t3rM0d31"},"searchOpenDialogs":true,"interaction":{"idSuffix":"I"}},"wdio_ui5_key":"etmportal.ui.managehandovers.view.MasterHOsap.m.SearchField{\"path\":\"\",\"propertyPath\":\"/_BASIC_SEARCH_FIELD\",\"modelName\":\"fi1t3rM0d31\"}"}]}
RESULT: undefined
COMMAND: POST /session/a49a846f150ab9031b86585360f30ac3/execute/async - {"script":"<script> [776 bytes]","args":[{"enterText":"10319","selector":{"controlType":"sap.m.SearchField","viewName":"etm.portal.ui.managehandovers.view.MasterHO","bindingPath":{"path":"","propertyPath":"/_BASIC_SEARCH_FIELD","modelName":"fi1t3rM0d31"},"searchOpenDialogs":true,"interaction":{"idSuffix":"I"}},"clearTextFirst":true,"interactionType":"ENTER_TEXT"}]}
RESULT: {"script":"<script> [776 bytes]","args":[{"enterText":"10319","selector":{"controlType":"sap.m.SearchField","viewName":"etm.portal.ui.managehandovers.view.MasterHO","bindingPath":{"path":"","propertyPath":"/_BASIC_SEARCH_FIELD","modelName":"fi1t3rM0d31"},"searchOpenDialogs":true,"interaction":{"idSuffix":"I"}},"clearTextFirst":true,"interactionType":"ENTER_TEXT"}]}
COMMAND: POST /session/a49a846f150ab9031b86585360f30ac3/actions - {"actions":[{"id":"action77","type":"key","parameters":{},"actions":[{"type":"keyDown","value":"î€‡"},{"type":"pause","duration":10},{"type":"keyUp","value":"î€‡"}]}]}
RESULT: {"actions":[{"id":"action77","type":"key","parameters":{},"actions":[{"type":"keyDown","value":"î€‡"},{"type":"pause","duration":10},{"type":"keyUp","value":"î€‡"}]}]}
COMMAND: GET /session/a49a846f150ab9031b86585360f30ac3/screenshot - {}
RESULT: {}
COMMAND: POST /session/a49a846f150ab9031b86585360f30ac3/element - {"using":"xpath","value":"//div[contains(@id, 'filterItemControl_BASIC-RECEIVE_CONTRACT-valueHelpDialog-table-rowsel0')]"}
RESULT: {"using":"xpath","value":"//div[contains(@id, 'filterItemControl_BASIC-RECEIVE_CONTRACT-valueHelpDialog-table-rowsel0')]"}
COMMAND: POST /session/a49a846f150ab9031b86585360f30ac3/element/f.6CD6B7C80D08F775EB7D2FFF8B2C9AB5.d.1EF84D8BDFF02509CD72BB3AEA9CCB77.e.22299/click - {}
RESULT: {}
COMMAND: GET /session/a49a846f150ab9031b86585360f30ac3/screenshot - {}
RESULT: {}
COMMAND: POST /session/a49a846f150ab9031b86585360f30ac3/element - {"using":"xpath","value":"//bdi[contains(text(), \"OK\")]"}
RESULT: {"using":"xpath","value":"//bdi[contains(text(), \"OK\")]"}
COMMAND: POST /session/a49a846f150ab9031b86585360f30ac3/element/f.6CD6B7C80D08F775EB7D2FFF8B2C9AB5.d.1EF84D8BDFF02509CD72BB3AEA9CCB77.e.22301/click - {}
RESULT: {}
COMMAND: GET /session/a49a846f150ab9031b86585360f30ac3/screenshot - {}
RESULT: {}
COMMAND: POST /session/a49a846f150ab9031b86585360f30ac3/element - {"using":"xpath","value":"//span[contains(@id, \"smartTable-header-inner\")]"}
RESULT: {"using":"xpath","value":"//span[contains(@id, \"smartTable-header-inner\")]"}
COMMAND: POST /session/a49a846f150ab9031b86585360f30ac3/elements - {"using":"xpath","value":"//span[contains(@id, \"smartTable-header-inner\")]"}
RESULT: {"using":"xpath","value":"//span[contains(@id, \"smartTable-header-inner\")]"}
COMMAND: POST /session/a49a846f150ab9031b86585360f30ac3/execute/sync - {"script":"<script> [56 bytes]","args":[{"element-6066-11e4-a52e-4f735466cecf":"f.6CD6B7C80D08F775EB7D2FFF8B2C9AB5.d.1EF84D8BDFF02509CD72BB3AEA9CCB77.e.22329","ELEMENT":"f.6CD6B7C80D08F775EB7D2FFF8B2C9AB5.d.1EF84D8BDFF02509CD72BB3AEA9CCB77.e.22329"}]}
RESULT: {"script":"<script> [56 bytes]","args":[{"element-6066-11e4-a52e-4f735466cecf":"f.6CD6B7C80D08F775EB7D2FFF8B2C9AB5.d.1EF84D8BDFF02509CD72BB3AEA9CCB77.e.22329","ELEMENT":"f.6CD6B7C80D08F775EB7D2FFF8B2C9AB5.d.1EF84D8BDFF02509CD72BB3AEA9CCB77.e.22329"}]}
COMMAND: POST /session/a49a846f150ab9031b86585360f30ac3/element - {"using":"xpath","value":"//table[contains(@id, \"customHandovers\")]//tbody/tr[1]/td[2]/span"}
COMMAND: GET /session/a49a846f150ab9031b86585360f30ac3/screenshot - {}
RESULT: {"using":"xpath","value":"//table[contains(@id, \"customHandovers\")]//tbody/tr[1]/td[2]/span"}
COMMAND: POST /session/a49a846f150ab9031b86585360f30ac3/execute/sync - {"script":"<script> [56 bytes]","args":[{"element-6066-11e4-a52e-4f735466cecf":"f.6CD6B7C80D08F775EB7D2FFF8B2C9AB5.d.1EF84D8BDFF02509CD72BB3AEA9CCB77.e.22330","ELEMENT":"f.6CD6B7C80D08F775EB7D2FFF8B2C9AB5.d.1EF84D8BDFF02509CD72BB3AEA9CCB77.e.22330"}]}
RESULT: {}
RESULT: {"script":"<script> [56 bytes]","args":[{"element-6066-11e4-a52e-4f735466cecf":"f.6CD6B7C80D08F775EB7D2FFF8B2C9AB5.d.1EF84D8BDFF02509CD72BB3AEA9CCB77.e.22330","ELEMENT":"f.6CD6B7C80D08F775EB7D2FFF8B2C9AB5.d.1EF84D8BDFF02509CD72BB3AEA9CCB77.e.22330"}]}
COMMAND: POST /session/a49a846f150ab9031b86585360f30ac3/element - {"using":"xpath","value":"(//span[contains(@id, \"imgNav\")])[1]"}
COMMAND: GET /session/a49a846f150ab9031b86585360f30ac3/screenshot - {}
RESULT: {"using":"xpath","value":"(//span[contains(@id, \"imgNav\")])[1]"}
COMMAND: POST /session/a49a846f150ab9031b86585360f30ac3/element/f.6CD6B7C80D08F775EB7D2FFF8B2C9AB5.d.1EF84D8BDFF02509CD72BB3AEA9CCB77.e.22327/click - {}
RESULT: {}
RESULT: {}
COMMAND: GET /session/a49a846f150ab9031b86585360f30ac3/screenshot - {}
RESULT: {}
COMMAND: POST /session/a49a846f150ab9031b86585360f30ac3/element - {"using":"xpath","value":"//button[@data-kt=\"PickingTableConfirmAllButton\"]"}
RESULT: {"using":"xpath","value":"//button[@data-kt=\"PickingTableConfirmAllButton\"]"}
COMMAND: POST /session/a49a846f150ab9031b86585360f30ac3/element/f.6CD6B7C80D08F775EB7D2FFF8B2C9AB5.d.1EF84D8BDFF02509CD72BB3AEA9CCB77.e.22370/click - {}
RESULT: {}
COMMAND: GET /session/a49a846f150ab9031b86585360f30ac3/screenshot - {}
RESULT: {}
COMMAND: POST /session/a49a846f150ab9031b86585360f30ac3/element - {"using":"xpath","value":"//bdi[contains(text(), \"OK\")]"}
RESULT: {"using":"xpath","value":"//bdi[contains(text(), \"OK\")]"}
COMMAND: POST /session/a49a846f150ab9031b86585360f30ac3/element/f.6CD6B7C80D08F775EB7D2FFF8B2C9AB5.d.1EF84D8BDFF02509CD72BB3AEA9CCB77.e.22381/click - {}
RESULT: {}
COMMAND: GET /session/a49a846f150ab9031b86585360f30ac3/screenshot - {}
RESULT: {}
COMMAND: POST /session/a49a846f150ab9031b86585360f30ac3/element - {"using":"xpath","value":"//button[@data-kt=\"execHoIssueButton\"]"}
RESULT: {"using":"xpath","value":"//button[@data-kt=\"execHoIssueButton\"]"}
COMMAND: POST /session/a49a846f150ab9031b86585360f30ac3/element/f.6CD6B7C80D08F775EB7D2FFF8B2C9AB5.d.1EF84D8BDFF02509CD72BB3AEA9CCB77.e.22383/click - {}
RESULT: {}
COMMAND: GET /session/a49a846f150ab9031b86585360f30ac3/screenshot - {}
RESULT: {}
COMMAND: POST /session/a49a846f150ab9031b86585360f30ac3/element - {"using":"xpath","value":"//input[contains(@id ,\"smartFilterBar-btnBasicSearch-I\")]"}
RESULT: {"using":"xpath","value":"//input[contains(@id ,\"smartFilterBar-btnBasicSearch-I\")]"}
COMMAND: POST /session/a49a846f150ab9031b86585360f30ac3/elements - {"using":"xpath","value":"//input[contains(@id ,\"smartFilterBar-btnBasicSearch-I\")]"}
RESULT: {"using":"xpath","value":"//input[contains(@id ,\"smartFilterBar-btnBasicSearch-I\")]"}
COMMAND: POST /session/a49a846f150ab9031b86585360f30ac3/execute/sync - {"script":"<script> [8489 bytes]","args":[{"element-6066-11e4-a52e-4f735466cecf":"f.6CD6B7C80D08F775EB7D2FFF8B2C9AB5.d.1EF84D8BDFF02509CD72BB3AEA9CCB77.e.21786","ELEMENT":"f.6CD6B7C80D08F775EB7D2FFF8B2C9AB5.d.1EF84D8BDFF02509CD72BB3AEA9CCB77.e.21786"}]}
RESULT: {"script":"<script> [8489 bytes]","args":[{"element-6066-11e4-a52e-4f735466cecf":"f.6CD6B7C80D08F775EB7D2FFF8B2C9AB5.d.1EF84D8BDFF02509CD72BB3AEA9CCB77.e.21786","ELEMENT":"f.6CD6B7C80D08F775EB7D2FFF8B2C9AB5.d.1EF84D8BDFF02509CD72BB3AEA9CCB77.e.21786"}]}
COMMAND: GET /session/a49a846f150ab9031b86585360f30ac3/element/f.6CD6B7C80D08F775EB7D2FFF8B2C9AB5.d.1EF84D8BDFF02509CD72BB3AEA9CCB77.e.21786/enabled - {}
COMMAND: GET /session/a49a846f150ab9031b86585360f30ac3/screenshot - {}
RESULT: {}
COMMAND: POST /session/a49a846f150ab9031b86585360f30ac3/element/f.6CD6B7C80D08F775EB7D2FFF8B2C9AB5.d.1EF84D8BDFF02509CD72BB3AEA9CCB77.e.21786/clear - {}
COMMAND: GET /session/a49a846f150ab9031b86585360f30ac3/screenshot - {}
RESULT: {}
RESULT: {}
COMMAND: POST /session/a49a846f150ab9031b86585360f30ac3/element/f.6CD6B7C80D08F775EB7D2FFF8B2C9AB5.d.1EF84D8BDFF02509CD72BB3AEA9CCB77.e.21786/value - {"text":"30443"}
COMMAND: GET /session/a49a846f150ab9031b86585360f30ac3/screenshot - {}
RESULT: {}
RESULT: {"text":"30443"}
COMMAND: GET /session/a49a846f150ab9031b86585360f30ac3/screenshot - {}
RESULT: {}
RESULT: {}
COMMAND: POST /session/a49a846f150ab9031b86585360f30ac3/actions - {"actions":[{"id":"action78","type":"key","parameters":{},"actions":[{"type":"keyDown","value":"î€‡"},{"type":"pause","duration":10},{"type":"keyUp","value":"î€‡"}]}]}
RESULT: {"actions":[{"id":"action78","type":"key","parameters":{},"actions":[{"type":"keyDown","value":"î€‡"},{"type":"pause","duration":10},{"type":"keyUp","value":"î€‡"}]}]}
COMMAND: GET /session/a49a846f150ab9031b86585360f30ac3/screenshot - {}
RESULT: {}
COMMAND: POST /session/a49a846f150ab9031b86585360f30ac3/element - {"using":"xpath","value":"//span[contains(@id, \"smartTable-header-inner\")]"}
RESULT: {"using":"xpath","value":"//span[contains(@id, \"smartTable-header-inner\")]"}
COMMAND: POST /session/a49a846f150ab9031b86585360f30ac3/elements - {"using":"xpath","value":"//span[contains(@id, \"smartTable-header-inner\")]"}
RESULT: {"using":"xpath","value":"//span[contains(@id, \"smartTable-header-inner\")]"}
COMMAND: POST /session/a49a846f150ab9031b86585360f30ac3/execute/sync - {"script":"<script> [56 bytes]","args":[{"element-6066-11e4-a52e-4f735466cecf":"f.6CD6B7C80D08F775EB7D2FFF8B2C9AB5.d.1EF84D8BDFF02509CD72BB3AEA9CCB77.e.22329","ELEMENT":"f.6CD6B7C80D08F775EB7D2FFF8B2C9AB5.d.1EF84D8BDFF02509CD72BB3AEA9CCB77.e.22329"}]}
RESULT: {"script":"<script> [56 bytes]","args":[{"element-6066-11e4-a52e-4f735466cecf":"f.6CD6B7C80D08F775EB7D2FFF8B2C9AB5.d.1EF84D8BDFF02509CD72BB3AEA9CCB77.e.22329","ELEMENT":"f.6CD6B7C80D08F775EB7D2FFF8B2C9AB5.d.1EF84D8BDFF02509CD72BB3AEA9CCB77.e.22329"}]}
COMMAND: POST /session/a49a846f150ab9031b86585360f30ac3/elements - {"using":"xpath","value":"//thead[contains(@class, \"sapMTableTH\")]/tr/th"}
COMMAND: GET /session/a49a846f150ab9031b86585360f30ac3/screenshot - {}
RESULT: {"using":"xpath","value":"//thead[contains(@class, \"sapMTableTH\")]/tr/th"}
COMMAND: GET /session/a49a846f150ab9031b86585360f30ac3/element/f.6CD6B7C80D08F775EB7D2FFF8B2C9AB5.d.1EF84D8BDFF02509CD72BB3AEA9CCB77.e.22430/text - {}
RESULT: {}
RESULT: {}
COMMAND: GET /session/a49a846f150ab9031b86585360f30ac3/element/f.6CD6B7C80D08F775EB7D2FFF8B2C9AB5.d.1EF84D8BDFF02509CD72BB3AEA9CCB77.e.22431/text - {}
RESULT: {}
COMMAND: GET /session/a49a846f150ab9031b86585360f30ac3/element/f.6CD6B7C80D08F775EB7D2FFF8B2C9AB5.d.1EF84D8BDFF02509CD72BB3AEA9CCB77.e.21833/text - {}
RESULT: {}
COMMAND: GET /session/a49a846f150ab9031b86585360f30ac3/element/f.6CD6B7C80D08F775EB7D2FFF8B2C9AB5.d.1EF84D8BDFF02509CD72BB3AEA9CCB77.e.21835/text - {}
RESULT: {}
COMMAND: GET /session/a49a846f150ab9031b86585360f30ac3/element/f.6CD6B7C80D08F775EB7D2FFF8B2C9AB5.d.1EF84D8BDFF02509CD72BB3AEA9CCB77.e.22385/text - {}
RESULT: {}
COMMAND: GET /session/a49a846f150ab9031b86585360f30ac3/element/f.6CD6B7C80D08F775EB7D2FFF8B2C9AB5.d.1EF84D8BDFF02509CD72BB3AEA9CCB77.e.22386/text - {}
RESULT: {}
COMMAND: GET /session/a49a846f150ab9031b86585360f30ac3/element/f.6CD6B7C80D08F775EB7D2FFF8B2C9AB5.d.1EF84D8BDFF02509CD72BB3AEA9CCB77.e.22387/text - {}
RESULT: {}
COMMAND: GET /session/a49a846f150ab9031b86585360f30ac3/element/f.6CD6B7C80D08F775EB7D2FFF8B2C9AB5.d.1EF84D8BDFF02509CD72BB3AEA9CCB77.e.22388/text - {}
RESULT: {}
COMMAND: GET /session/a49a846f150ab9031b86585360f30ac3/element/f.6CD6B7C80D08F775EB7D2FFF8B2C9AB5.d.1EF84D8BDFF02509CD72BB3AEA9CCB77.e.22389/text - {}
RESULT: {}
COMMAND: GET /session/a49a846f150ab9031b86585360f30ac3/element/f.6CD6B7C80D08F775EB7D2FFF8B2C9AB5.d.1EF84D8BDFF02509CD72BB3AEA9CCB77.e.22390/text - {}
RESULT: {}
COMMAND: GET /session/a49a846f150ab9031b86585360f30ac3/element/f.6CD6B7C80D08F775EB7D2FFF8B2C9AB5.d.1EF84D8BDFF02509CD72BB3AEA9CCB77.e.22391/text - {}
RESULT: {}
COMMAND: GET /session/a49a846f150ab9031b86585360f30ac3/element/f.6CD6B7C80D08F775EB7D2FFF8B2C9AB5.d.1EF84D8BDFF02509CD72BB3AEA9CCB77.e.22392/text - {}
RESULT: {}
COMMAND: GET /session/a49a846f150ab9031b86585360f30ac3/element/f.6CD6B7C80D08F775EB7D2FFF8B2C9AB5.d.1EF84D8BDFF02509CD72BB3AEA9CCB77.e.22393/text - {}
RESULT: {}
COMMAND: GET /session/a49a846f150ab9031b86585360f30ac3/element/f.6CD6B7C80D08F775EB7D2FFF8B2C9AB5.d.1EF84D8BDFF02509CD72BB3AEA9CCB77.e.21836/text - {}
RESULT: {}
COMMAND: POST /session/a49a846f150ab9031b86585360f30ac3/element - {"using":"xpath","value":"//tbody[contains(@id, \"customHandoversTable-tblBody\")]/tr[1]/td[14]/div/span"}
RESULT: {"using":"xpath","value":"//tbody[contains(@id, \"customHandoversTable-tblBody\")]/tr[1]/td[14]/div/span"}
COMMAND: POST /session/a49a846f150ab9031b86585360f30ac3/execute/sync - {"script":"<script> [56 bytes]","args":[{"element-6066-11e4-a52e-4f735466cecf":"f.6CD6B7C80D08F775EB7D2FFF8B2C9AB5.d.1EF84D8BDFF02509CD72BB3AEA9CCB77.e.22483","ELEMENT":"f.6CD6B7C80D08F775EB7D2FFF8B2C9AB5.d.1EF84D8BDFF02509CD72BB3AEA9CCB77.e.22483"}]}
RESULT: {"script":"<script> [56 bytes]","args":[{"element-6066-11e4-a52e-4f735466cecf":"f.6CD6B7C80D08F775EB7D2FFF8B2C9AB5.d.1EF84D8BDFF02509CD72BB3AEA9CCB77.e.22483","ELEMENT":"f.6CD6B7C80D08F775EB7D2FFF8B2C9AB5.d.1EF84D8BDFF02509CD72BB3AEA9CCB77.e.22483"}]}
COMMAND: POST /session/a49a846f150ab9031b86585360f30ac3/element - {"using":"xpath","value":"(//span[contains(@id, \"imgNav\")])[1]"}
COMMAND: GET /session/a49a846f150ab9031b86585360f30ac3/screenshot - {}
RESULT: {"using":"xpath","value":"(//span[contains(@id, \"imgNav\")])[1]"}
COMMAND: POST /session/a49a846f150ab9031b86585360f30ac3/element/f.6CD6B7C80D08F775EB7D2FFF8B2C9AB5.d.1EF84D8BDFF02509CD72BB3AEA9CCB77.e.22427/click - {}
RESULT: {}
RESULT: {}
COMMAND: GET /session/a49a846f150ab9031b86585360f30ac3/screenshot - {}
RESULT: {}
RESULT: undefined
COMMAND: POST /session/a49a846f150ab9031b86585360f30ac3/execute/async - {"script":"<script> [776 bytes]","args":[{"enterText":"05/06/25","selector":{"id":"receiptDatePicker","viewName":"etm.portal.ui.managehandovers.view.DetailExecuteHO","interaction":{"idSuffix":"inner"}},"clearTextFirst":true,"interactionType":"ENTER_TEXT"}]}
RESULT: {"script":"<script> [776 bytes]","args":[{"enterText":"05/06/25","selector":{"id":"receiptDatePicker","viewName":"etm.portal.ui.managehandovers.view.DetailExecuteHO","interaction":{"idSuffix":"inner"}},"clearTextFirst":true,"interactionType":"ENTER_TEXT"}]}
COMMAND: POST /session/a49a846f150ab9031b86585360f30ac3/element - {"using":"xpath","value":"//button[@data-kt=\"PickingTableConfirmAllButton\"]"}
RESULT: {"using":"xpath","value":"//button[@data-kt=\"PickingTableConfirmAllButton\"]"}
COMMAND: POST /session/a49a846f150ab9031b86585360f30ac3/element/f.6CD6B7C80D08F775EB7D2FFF8B2C9AB5.d.1EF84D8BDFF02509CD72BB3AEA9CCB77.e.22493/click - {}
RESULT: {}
COMMAND: GET /session/a49a846f150ab9031b86585360f30ac3/screenshot - {}
RESULT: {}
COMMAND: POST /session/a49a846f150ab9031b86585360f30ac3/element - {"using":"xpath","value":"//bdi[contains(text(), \"OK\")]"}
RESULT: {"using":"xpath","value":"//bdi[contains(text(), \"OK\")]"}
COMMAND: POST /session/a49a846f150ab9031b86585360f30ac3/element/f.6CD6B7C80D08F775EB7D2FFF8B2C9AB5.d.1EF84D8BDFF02509CD72BB3AEA9CCB77.e.22507/click - {}
RESULT: {}
COMMAND: GET /session/a49a846f150ab9031b86585360f30ac3/screenshot - {}
RESULT: {}
COMMAND: POST /session/a49a846f150ab9031b86585360f30ac3/element - {"using":"xpath","value":"//button[@data-kt= \"execHoReceiveButton\"]"}
RESULT: {"using":"xpath","value":"//button[@data-kt= \"execHoReceiveButton\"]"}
COMMAND: POST /session/a49a846f150ab9031b86585360f30ac3/element/f.6CD6B7C80D08F775EB7D2FFF8B2C9AB5.d.1EF84D8BDFF02509CD72BB3AEA9CCB77.e.22508/click - {}
RESULT: {}
COMMAND: GET /session/a49a846f150ab9031b86585360f30ac3/screenshot - {}
RESULT: {}
COMMAND: POST /session/a49a846f150ab9031b86585360f30ac3/element - {"using":"xpath","value":"//input[contains(@id ,\"smartFilterBar-btnBasicSearch-I\")]"}
RESULT: {"using":"xpath","value":"//input[contains(@id ,\"smartFilterBar-btnBasicSearch-I\")]"}
COMMAND: POST /session/a49a846f150ab9031b86585360f30ac3/elements - {"using":"xpath","value":"//input[contains(@id ,\"smartFilterBar-btnBasicSearch-I\")]"}
RESULT: {"using":"xpath","value":"//input[contains(@id ,\"smartFilterBar-btnBasicSearch-I\")]"}
COMMAND: POST /session/a49a846f150ab9031b86585360f30ac3/execute/sync - {"script":"<script> [8489 bytes]","args":[{"element-6066-11e4-a52e-4f735466cecf":"f.6CD6B7C80D08F775EB7D2FFF8B2C9AB5.d.1EF84D8BDFF02509CD72BB3AEA9CCB77.e.21786","ELEMENT":"f.6CD6B7C80D08F775EB7D2FFF8B2C9AB5.d.1EF84D8BDFF02509CD72BB3AEA9CCB77.e.21786"}]}
RESULT: {"script":"<script> [8489 bytes]","args":[{"element-6066-11e4-a52e-4f735466cecf":"f.6CD6B7C80D08F775EB7D2FFF8B2C9AB5.d.1EF84D8BDFF02509CD72BB3AEA9CCB77.e.21786","ELEMENT":"f.6CD6B7C80D08F775EB7D2FFF8B2C9AB5.d.1EF84D8BDFF02509CD72BB3AEA9CCB77.e.21786"}]}
COMMAND: GET /session/a49a846f150ab9031b86585360f30ac3/element/f.6CD6B7C80D08F775EB7D2FFF8B2C9AB5.d.1EF84D8BDFF02509CD72BB3AEA9CCB77.e.21786/enabled - {}
COMMAND: GET /session/a49a846f150ab9031b86585360f30ac3/screenshot - {}
RESULT: {}
COMMAND: POST /session/a49a846f150ab9031b86585360f30ac3/element/f.6CD6B7C80D08F775EB7D2FFF8B2C9AB5.d.1EF84D8BDFF02509CD72BB3AEA9CCB77.e.21786/clear - {}
COMMAND: GET /session/a49a846f150ab9031b86585360f30ac3/screenshot - {}
RESULT: {}
RESULT: {}
COMMAND: POST /session/a49a846f150ab9031b86585360f30ac3/element/f.6CD6B7C80D08F775EB7D2FFF8B2C9AB5.d.1EF84D8BDFF02509CD72BB3AEA9CCB77.e.21786/value - {"text":"30443"}
COMMAND: GET /session/a49a846f150ab9031b86585360f30ac3/screenshot - {}
RESULT: {}
RESULT: {"text":"30443"}
COMMAND: GET /session/a49a846f150ab9031b86585360f30ac3/screenshot - {}
RESULT: {}
RESULT: {}
COMMAND: POST /session/a49a846f150ab9031b86585360f30ac3/actions - {"actions":[{"id":"action79","type":"key","parameters":{},"actions":[{"type":"keyDown","value":"î€‡"},{"type":"pause","duration":10},{"type":"keyUp","value":"î€‡"}]}]}
RESULT: {"actions":[{"id":"action79","type":"key","parameters":{},"actions":[{"type":"keyDown","value":"î€‡"},{"type":"pause","duration":10},{"type":"keyUp","value":"î€‡"}]}]}
COMMAND: GET /session/a49a846f150ab9031b86585360f30ac3/screenshot - {}
RESULT: {}
COMMAND: POST /session/a49a846f150ab9031b86585360f30ac3/element - {"using":"xpath","value":"//span[contains(@id, \"smartTable-header-inner\")]"}
RESULT: {"using":"xpath","value":"//span[contains(@id, \"smartTable-header-inner\")]"}
COMMAND: POST /session/a49a846f150ab9031b86585360f30ac3/elements - {"using":"xpath","value":"//span[contains(@id, \"smartTable-header-inner\")]"}
RESULT: {"using":"xpath","value":"//span[contains(@id, \"smartTable-header-inner\")]"}
COMMAND: POST /session/a49a846f150ab9031b86585360f30ac3/execute/sync - {"script":"<script> [56 bytes]","args":[{"element-6066-11e4-a52e-4f735466cecf":"f.6CD6B7C80D08F775EB7D2FFF8B2C9AB5.d.1EF84D8BDFF02509CD72BB3AEA9CCB77.e.22329","ELEMENT":"f.6CD6B7C80D08F775EB7D2FFF8B2C9AB5.d.1EF84D8BDFF02509CD72BB3AEA9CCB77.e.22329"}]}
RESULT: {"script":"<script> [56 bytes]","args":[{"element-6066-11e4-a52e-4f735466cecf":"f.6CD6B7C80D08F775EB7D2FFF8B2C9AB5.d.1EF84D8BDFF02509CD72BB3AEA9CCB77.e.22329","ELEMENT":"f.6CD6B7C80D08F775EB7D2FFF8B2C9AB5.d.1EF84D8BDFF02509CD72BB3AEA9CCB77.e.22329"}]}
COMMAND: POST /session/a49a846f150ab9031b86585360f30ac3/elements - {"using":"xpath","value":"//thead[contains(@class, \"sapMTableTH\")]/tr/th"}
COMMAND: GET /session/a49a846f150ab9031b86585360f30ac3/screenshot - {}
RESULT: {"using":"xpath","value":"//thead[contains(@class, \"sapMTableTH\")]/tr/th"}
COMMAND: GET /session/a49a846f150ab9031b86585360f30ac3/element/f.6CD6B7C80D08F775EB7D2FFF8B2C9AB5.d.1EF84D8BDFF02509CD72BB3AEA9CCB77.e.22430/text - {}
RESULT: {}
RESULT: {}
COMMAND: GET /session/a49a846f150ab9031b86585360f30ac3/element/f.6CD6B7C80D08F775EB7D2FFF8B2C9AB5.d.1EF84D8BDFF02509CD72BB3AEA9CCB77.e.22431/text - {}
RESULT: {}
COMMAND: GET /session/a49a846f150ab9031b86585360f30ac3/element/f.6CD6B7C80D08F775EB7D2FFF8B2C9AB5.d.1EF84D8BDFF02509CD72BB3AEA9CCB77.e.21833/text - {}
RESULT: {}
COMMAND: GET /session/a49a846f150ab9031b86585360f30ac3/element/f.6CD6B7C80D08F775EB7D2FFF8B2C9AB5.d.1EF84D8BDFF02509CD72BB3AEA9CCB77.e.21835/text - {}
RESULT: {}
COMMAND: GET /session/a49a846f150ab9031b86585360f30ac3/element/f.6CD6B7C80D08F775EB7D2FFF8B2C9AB5.d.1EF84D8BDFF02509CD72BB3AEA9CCB77.e.22513/text - {}
RESULT: {}
COMMAND: GET /session/a49a846f150ab9031b86585360f30ac3/element/f.6CD6B7C80D08F775EB7D2FFF8B2C9AB5.d.1EF84D8BDFF02509CD72BB3AEA9CCB77.e.22514/text - {}
RESULT: {}
COMMAND: GET /session/a49a846f150ab9031b86585360f30ac3/element/f.6CD6B7C80D08F775EB7D2FFF8B2C9AB5.d.1EF84D8BDFF02509CD72BB3AEA9CCB77.e.22515/text - {}
RESULT: {}
COMMAND: GET /session/a49a846f150ab9031b86585360f30ac3/element/f.6CD6B7C80D08F775EB7D2FFF8B2C9AB5.d.1EF84D8BDFF02509CD72BB3AEA9CCB77.e.22516/text - {}
RESULT: {}
COMMAND: GET /session/a49a846f150ab9031b86585360f30ac3/element/f.6CD6B7C80D08F775EB7D2FFF8B2C9AB5.d.1EF84D8BDFF02509CD72BB3AEA9CCB77.e.22517/text - {}
RESULT: {}
COMMAND: GET /session/a49a846f150ab9031b86585360f30ac3/element/f.6CD6B7C80D08F775EB7D2FFF8B2C9AB5.d.1EF84D8BDFF02509CD72BB3AEA9CCB77.e.22518/text - {}
RESULT: {}
COMMAND: GET /session/a49a846f150ab9031b86585360f30ac3/element/f.6CD6B7C80D08F775EB7D2FFF8B2C9AB5.d.1EF84D8BDFF02509CD72BB3AEA9CCB77.e.22519/text - {}
RESULT: {}
COMMAND: GET /session/a49a846f150ab9031b86585360f30ac3/element/f.6CD6B7C80D08F775EB7D2FFF8B2C9AB5.d.1EF84D8BDFF02509CD72BB3AEA9CCB77.e.22520/text - {}
RESULT: {}
COMMAND: GET /session/a49a846f150ab9031b86585360f30ac3/element/f.6CD6B7C80D08F775EB7D2FFF8B2C9AB5.d.1EF84D8BDFF02509CD72BB3AEA9CCB77.e.22521/text - {}
RESULT: {}
COMMAND: GET /session/a49a846f150ab9031b86585360f30ac3/element/f.6CD6B7C80D08F775EB7D2FFF8B2C9AB5.d.1EF84D8BDFF02509CD72BB3AEA9CCB77.e.21836/text - {}
RESULT: {}
COMMAND: POST /session/a49a846f150ab9031b86585360f30ac3/element - {"using":"xpath","value":"//tbody[contains(@id, \"customHandoversTable-tblBody\")]/tr[1]/td[14]/div/span"}
RESULT: {"using":"xpath","value":"//tbody[contains(@id, \"customHandoversTable-tblBody\")]/tr[1]/td[14]/div/span"}
COMMAND: POST /session/a49a846f150ab9031b86585360f30ac3/execute/sync - {"script":"<script> [56 bytes]","args":[{"element-6066-11e4-a52e-4f735466cecf":"f.6CD6B7C80D08F775EB7D2FFF8B2C9AB5.d.1EF84D8BDFF02509CD72BB3AEA9CCB77.e.22576","ELEMENT":"f.6CD6B7C80D08F775EB7D2FFF8B2C9AB5.d.1EF84D8BDFF02509CD72BB3AEA9CCB77.e.22576"}]}
RESULT: {"script":"<script> [56 bytes]","args":[{"element-6066-11e4-a52e-4f735466cecf":"f.6CD6B7C80D08F775EB7D2FFF8B2C9AB5.d.1EF84D8BDFF02509CD72BB3AEA9CCB77.e.22576","ELEMENT":"f.6CD6B7C80D08F775EB7D2FFF8B2C9AB5.d.1EF84D8BDFF02509CD72BB3AEA9CCB77.e.22576"}]}
COMMAND: POST /session/a49a846f150ab9031b86585360f30ac3/element - {"using":"css selector","value":"#shell-header-logo"}
COMMAND: GET /session/a49a846f150ab9031b86585360f30ac3/screenshot - {}
RESULT: {"using":"css selector","value":"#shell-header-logo"}
COMMAND: POST /session/a49a846f150ab9031b86585360f30ac3/element/f.6CD6B7C80D08F775EB7D2FFF8B2C9AB5.d.1EF84D8BDFF02509CD72BB3AEA9CCB77.e.21106/click - {}
RESULT: {}
RESULT: {}
COMMAND: GET /session/a49a846f150ab9031b86585360f30ac3/screenshot - {}
RESULT: {}
]]></system-out>
    </testcase>
    <testcase classname="chrome.135_0_7049_96.windows.Billing_Calculation_-_Time_based_(considering_transport_times)_US139738" name="Should navigate to Manage Billings and trigger contract calculation business confirm it" time="57.124">
      <system-out><![CDATA[
COMMAND: POST /session/a49a846f150ab9031b86585360f30ac3/execute/async - {"script":"<script> [1562 bytes]","args":[{"selector":{"controlType":"sap.m.GenericTile","properties":{"header":"Manage Billings"}},"wdio_ui5_key":"sapm.GenericTile{\"header\":\"Manage Billings\"}"}]}
RESULT: {"script":"<script> [1562 bytes]","args":[{"selector":{"controlType":"sap.m.GenericTile","properties":{"header":"Manage Billings"}},"wdio_ui5_key":"sapm.GenericTile{\"header\":\"Manage Billings\"}"}]}
RESULT: undefined
COMMAND: POST /session/a49a846f150ab9031b86585360f30ac3/element - {"using":"xpath","value":"//*[@id=\"__tile51\"]"}
RESULT: {"using":"xpath","value":"//*[@id=\"__tile51\"]"}
COMMAND: POST /session/a49a846f150ab9031b86585360f30ac3/element/f.6CD6B7C80D08F775EB7D2FFF8B2C9AB5.d.1EF84D8BDFF02509CD72BB3AEA9CCB77.e.18973/click - {}
RESULT: {}
COMMAND: GET /session/a49a846f150ab9031b86585360f30ac3/screenshot - {}
COMMAND: POST /session/a49a846f150ab9031b86585360f30ac3/execute/async - {"script":"<script> [1562 bytes]","args":[{"selector":{"id":"application-managebillings-display-component---billRunCalcResult--smartFilterBar-btnBasicSearch","interaction":{"idSuffix":"I"}},"wdio_ui5_key":"applicationmanagebillings-display-component---billRunCalcResult--smartFilterBar-btnBasicSearch"}]}
RESULT: {}
RESULT: {"script":"<script> [1562 bytes]","args":[{"selector":{"id":"application-managebillings-display-component---billRunCalcResult--smartFilterBar-btnBasicSearch","interaction":{"idSuffix":"I"}},"wdio_ui5_key":"applicationmanagebillings-display-component---billRunCalcResult--smartFilterBar-btnBasicSearch"}]}
RESULT: undefined
COMMAND: POST /session/a49a846f150ab9031b86585360f30ac3/execute/async - {"script":"<script> [776 bytes]","args":[{"enterText":"10319","selector":{"id":"application-managebillings-display-component---billRunCalcResult--smartFilterBar-btnBasicSearch","interaction":{"idSuffix":"I"}},"clearTextFirst":true,"interactionType":"ENTER_TEXT"}]}
RESULT: {"script":"<script> [776 bytes]","args":[{"enterText":"10319","selector":{"id":"application-managebillings-display-component---billRunCalcResult--smartFilterBar-btnBasicSearch","interaction":{"idSuffix":"I"}},"clearTextFirst":true,"interactionType":"ENTER_TEXT"}]}
COMMAND: POST /session/a49a846f150ab9031b86585360f30ac3/actions - {"actions":[{"id":"action80","type":"key","parameters":{},"actions":[{"type":"keyDown","value":"î€‡"},{"type":"pause","duration":10},{"type":"keyUp","value":"î€‡"}]}]}
RESULT: {"actions":[{"id":"action80","type":"key","parameters":{},"actions":[{"type":"keyDown","value":"î€‡"},{"type":"pause","duration":10},{"type":"keyUp","value":"î€‡"}]}]}
COMMAND: GET /session/a49a846f150ab9031b86585360f30ac3/screenshot - {}
RESULT: {}
COMMAND: POST /session/a49a846f150ab9031b86585360f30ac3/element - {"using":"xpath","value":"//td[@aria-colindex=\"1\"]/div/div[contains(@class, \"sapMCbBg\")]"}
RESULT: {"using":"xpath","value":"//td[@aria-colindex=\"1\"]/div/div[contains(@class, \"sapMCbBg\")]"}
COMMAND: POST /session/a49a846f150ab9031b86585360f30ac3/element/f.6CD6B7C80D08F775EB7D2FFF8B2C9AB5.d.1EF84D8BDFF02509CD72BB3AEA9CCB77.e.22787/click - {}
RESULT: {}
COMMAND: GET /session/a49a846f150ab9031b86585360f30ac3/screenshot - {}
RESULT: {}
COMMAND: POST /session/a49a846f150ab9031b86585360f30ac3/execute/async - {"script":"<script> [1562 bytes]","args":[{"selector":{"id":"application-managebillings-display-component---billRunCalcResult--contractBillRunDate","interaction":{"idSuffix":"inner"}},"wdio_ui5_key":"applicationmanagebillings-display-component---billRunCalcResult--contractBillRunDate"}]}
RESULT: {"script":"<script> [1562 bytes]","args":[{"selector":{"id":"application-managebillings-display-component---billRunCalcResult--contractBillRunDate","interaction":{"idSuffix":"inner"}},"wdio_ui5_key":"applicationmanagebillings-display-component---billRunCalcResult--contractBillRunDate"}]}
RESULT: undefined
COMMAND: POST /session/a49a846f150ab9031b86585360f30ac3/execute/async - {"script":"<script> [776 bytes]","args":[{"enterText":"04/29/25","selector":{"id":"application-managebillings-display-component---billRunCalcResult--contractBillRunDate","interaction":{"idSuffix":"inner"}},"clearTextFirst":true,"interactionType":"ENTER_TEXT"}]}
RESULT: {"script":"<script> [776 bytes]","args":[{"enterText":"04/29/25","selector":{"id":"application-managebillings-display-component---billRunCalcResult--contractBillRunDate","interaction":{"idSuffix":"inner"}},"clearTextFirst":true,"interactionType":"ENTER_TEXT"}]}
COMMAND: POST /session/a49a846f150ab9031b86585360f30ac3/element - {"using":"xpath","value":"//bdi[contains(text(), \"Trigger Calculation\")]"}
RESULT: {"using":"xpath","value":"//bdi[contains(text(), \"Trigger Calculation\")]"}
COMMAND: POST /session/a49a846f150ab9031b86585360f30ac3/element/f.6CD6B7C80D08F775EB7D2FFF8B2C9AB5.d.1EF84D8BDFF02509CD72BB3AEA9CCB77.e.22839/click - {}
RESULT: {}
COMMAND: GET /session/a49a846f150ab9031b86585360f30ac3/screenshot - {}
RESULT: {}
COMMAND: POST /session/a49a846f150ab9031b86585360f30ac3/element - {"using":"xpath","value":"(//span[contains(@id, \"imgNav\")])[1]"}
RESULT: {"using":"xpath","value":"(//span[contains(@id, \"imgNav\")])[1]"}
COMMAND: POST /session/a49a846f150ab9031b86585360f30ac3/element/f.6CD6B7C80D08F775EB7D2FFF8B2C9AB5.d.1EF84D8BDFF02509CD72BB3AEA9CCB77.e.22788/click - {}
RESULT: {}
COMMAND: GET /session/a49a846f150ab9031b86585360f30ac3/screenshot - {}
RESULT: {}
COMMAND: POST /session/a49a846f150ab9031b86585360f30ac3/element - {"using":"xpath","value":"//tr/td[6]/div[1]/span[1]/span[1]"}
RESULT: {"using":"xpath","value":"//tr/td[6]/div[1]/span[1]/span[1]"}
COMMAND: GET /session/a49a846f150ab9031b86585360f30ac3/element/f.6CD6B7C80D08F775EB7D2FFF8B2C9AB5.d.1EF84D8BDFF02509CD72BB3AEA9CCB77.e.22843/text - {}
RESULT: {}
COMMAND: POST /session/a49a846f150ab9031b86585360f30ac3/element - {"using":"xpath","value":"(//span[contains(@id, \"imgNav\")])[2]"}
RESULT: {"using":"xpath","value":"(//span[contains(@id, \"imgNav\")])[2]"}
COMMAND: POST /session/a49a846f150ab9031b86585360f30ac3/element/f.6CD6B7C80D08F775EB7D2FFF8B2C9AB5.d.1EF84D8BDFF02509CD72BB3AEA9CCB77.e.22844/click - {}
RESULT: {}
COMMAND: POST /session/a49a846f150ab9031b86585360f30ac3/element - {"using":"xpath","value":"//bdi[contains(text(), \"Business Confirm\")]"}
COMMAND: GET /session/a49a846f150ab9031b86585360f30ac3/screenshot - {}
RESULT: {"using":"xpath","value":"//bdi[contains(text(), \"Business Confirm\")]"}
COMMAND: POST /session/a49a846f150ab9031b86585360f30ac3/elements - {"using":"xpath","value":"//bdi[contains(text(), \"Business Confirm\")]"}
RESULT: {}
RESULT: {"using":"xpath","value":"//bdi[contains(text(), \"Business Confirm\")]"}
COMMAND: POST /session/a49a846f150ab9031b86585360f30ac3/element - {"using":"xpath","value":"//bdi[contains(text(), \"Business Confirm\")]"}
RESULT: {"using":"xpath","value":"//bdi[contains(text(), \"Business Confirm\")]"}
COMMAND: POST /session/a49a846f150ab9031b86585360f30ac3/element/f.6CD6B7C80D08F775EB7D2FFF8B2C9AB5.d.1EF84D8BDFF02509CD72BB3AEA9CCB77.e.22877/click - {}
RESULT: {}
COMMAND: POST /session/a49a846f150ab9031b86585360f30ac3/element - {"using":"css selector","value":"#shell-header-logo"}
COMMAND: GET /session/a49a846f150ab9031b86585360f30ac3/screenshot - {}
RESULT: {"using":"css selector","value":"#shell-header-logo"}
COMMAND: POST /session/a49a846f150ab9031b86585360f30ac3/element/f.6CD6B7C80D08F775EB7D2FFF8B2C9AB5.d.1EF84D8BDFF02509CD72BB3AEA9CCB77.e.22580/click - {}
RESULT: {}
RESULT: {}
COMMAND: GET /session/a49a846f150ab9031b86585360f30ac3/screenshot - {}
RESULT: {}
]]></system-out>
    </testcase>
    <testcase classname="chrome.135_0_7049_96.windows.Billing_Calculation_-_Time_based_(considering_transport_times)_US139738" name="Should transfer the billing all the way to completion" time="75.176">
      <system-out><![CDATA[
COMMAND: POST /session/a49a846f150ab9031b86585360f30ac3/execute/async - {"script":"<script> [1562 bytes]","args":[{"selector":{"controlType":"sap.m.GenericTile","properties":{"header":"Billing Transfer"}},"wdio_ui5_key":"sapm.GenericTile{\"header\":\"Billing Transfer\"}"}]}
RESULT: {"script":"<script> [1562 bytes]","args":[{"selector":{"controlType":"sap.m.GenericTile","properties":{"header":"Billing Transfer"}},"wdio_ui5_key":"sapm.GenericTile{\"header\":\"Billing Transfer\"}"}]}
RESULT: undefined
COMMAND: POST /session/a49a846f150ab9031b86585360f30ac3/element - {"using":"xpath","value":"//*[@id=\"__tile50\"]"}
RESULT: {"using":"xpath","value":"//*[@id=\"__tile50\"]"}
COMMAND: POST /session/a49a846f150ab9031b86585360f30ac3/element/f.6CD6B7C80D08F775EB7D2FFF8B2C9AB5.d.1EF84D8BDFF02509CD72BB3AEA9CCB77.e.18971/click - {}
RESULT: {}
COMMAND: POST /session/a49a846f150ab9031b86585360f30ac3/element - {"using":"xpath","value":"//input[contains(@id ,\"application-billingtransfer-display-component---billingWorkbench--smartFilterBar-btnBasicSearch\")]"}
COMMAND: GET /session/a49a846f150ab9031b86585360f30ac3/screenshot - {}
RESULT: {"using":"xpath","value":"//input[contains(@id ,\"application-billingtransfer-display-component---billingWorkbench--smartFilterBar-btnBasicSearch\")]"}
COMMAND: POST /session/a49a846f150ab9031b86585360f30ac3/elements - {"using":"xpath","value":"//input[contains(@id ,\"application-billingtransfer-display-component---billingWorkbench--smartFilterBar-btnBasicSearch\")]"}
RESULT: {}
RESULT: {"using":"xpath","value":"//input[contains(@id ,\"application-billingtransfer-display-component---billingWorkbench--smartFilterBar-btnBasicSearch\")]"}
COMMAND: POST /session/a49a846f150ab9031b86585360f30ac3/elements - {"using":"xpath","value":"//input[contains(@id ,\"application-billingtransfer-display-component---billingWorkbench--smartFilterBar-btnBasicSearch\")]"}
RESULT: {"using":"xpath","value":"//input[contains(@id ,\"application-billingtransfer-display-component---billingWorkbench--smartFilterBar-btnBasicSearch\")]"}
COMMAND: POST /session/a49a846f150ab9031b86585360f30ac3/elements - {"using":"xpath","value":"//input[contains(@id ,\"application-billingtransfer-display-component---billingWorkbench--smartFilterBar-btnBasicSearch\")]"}
RESULT: {"using":"xpath","value":"//input[contains(@id ,\"application-billingtransfer-display-component---billingWorkbench--smartFilterBar-btnBasicSearch\")]"}
COMMAND: POST /session/a49a846f150ab9031b86585360f30ac3/elements - {"using":"xpath","value":"//input[contains(@id ,\"application-billingtransfer-display-component---billingWorkbench--smartFilterBar-btnBasicSearch\")]"}
RESULT: {"using":"xpath","value":"//input[contains(@id ,\"application-billingtransfer-display-component---billingWorkbench--smartFilterBar-btnBasicSearch\")]"}
COMMAND: POST /session/a49a846f150ab9031b86585360f30ac3/elements - {"using":"xpath","value":"//input[contains(@id ,\"application-billingtransfer-display-component---billingWorkbench--smartFilterBar-btnBasicSearch\")]"}
RESULT: {"using":"xpath","value":"//input[contains(@id ,\"application-billingtransfer-display-component---billingWorkbench--smartFilterBar-btnBasicSearch\")]"}
COMMAND: POST /session/a49a846f150ab9031b86585360f30ac3/elements - {"using":"xpath","value":"//input[contains(@id ,\"application-billingtransfer-display-component---billingWorkbench--smartFilterBar-btnBasicSearch\")]"}
RESULT: {"using":"xpath","value":"//input[contains(@id ,\"application-billingtransfer-display-component---billingWorkbench--smartFilterBar-btnBasicSearch\")]"}
COMMAND: POST /session/a49a846f150ab9031b86585360f30ac3/elements - {"using":"xpath","value":"//input[contains(@id ,\"application-billingtransfer-display-component---billingWorkbench--smartFilterBar-btnBasicSearch\")]"}
RESULT: {"using":"xpath","value":"//input[contains(@id ,\"application-billingtransfer-display-component---billingWorkbench--smartFilterBar-btnBasicSearch\")]"}
COMMAND: POST /session/a49a846f150ab9031b86585360f30ac3/element - {"using":"xpath","value":"//input[contains(@id ,\"application-billingtransfer-display-component---billingWorkbench--smartFilterBar-btnBasicSearch\")]"}
RESULT: {"using":"xpath","value":"//input[contains(@id ,\"application-billingtransfer-display-component---billingWorkbench--smartFilterBar-btnBasicSearch\")]"}
COMMAND: POST /session/a49a846f150ab9031b86585360f30ac3/execute/sync - {"script":"<script> [8489 bytes]","args":[{"element-6066-11e4-a52e-4f735466cecf":"f.6CD6B7C80D08F775EB7D2FFF8B2C9AB5.d.1EF84D8BDFF02509CD72BB3AEA9CCB77.e.22904","ELEMENT":"f.6CD6B7C80D08F775EB7D2FFF8B2C9AB5.d.1EF84D8BDFF02509CD72BB3AEA9CCB77.e.22904"}]}
RESULT: {"script":"<script> [8489 bytes]","args":[{"element-6066-11e4-a52e-4f735466cecf":"f.6CD6B7C80D08F775EB7D2FFF8B2C9AB5.d.1EF84D8BDFF02509CD72BB3AEA9CCB77.e.22904","ELEMENT":"f.6CD6B7C80D08F775EB7D2FFF8B2C9AB5.d.1EF84D8BDFF02509CD72BB3AEA9CCB77.e.22904"}]}
COMMAND: GET /session/a49a846f150ab9031b86585360f30ac3/element/f.6CD6B7C80D08F775EB7D2FFF8B2C9AB5.d.1EF84D8BDFF02509CD72BB3AEA9CCB77.e.22904/enabled - {}
COMMAND: GET /session/a49a846f150ab9031b86585360f30ac3/screenshot - {}
RESULT: {}
COMMAND: POST /session/a49a846f150ab9031b86585360f30ac3/element/f.6CD6B7C80D08F775EB7D2FFF8B2C9AB5.d.1EF84D8BDFF02509CD72BB3AEA9CCB77.e.22904/click - {}
COMMAND: GET /session/a49a846f150ab9031b86585360f30ac3/screenshot - {}
RESULT: {}
RESULT: {}
COMMAND: GET /session/a49a846f150ab9031b86585360f30ac3/screenshot - {}
RESULT: {}
RESULT: {}
COMMAND: POST /session/a49a846f150ab9031b86585360f30ac3/element/f.6CD6B7C80D08F775EB7D2FFF8B2C9AB5.d.1EF84D8BDFF02509CD72BB3AEA9CCB77.e.22904/clear - {}
RESULT: {}
COMMAND: POST /session/a49a846f150ab9031b86585360f30ac3/element/f.6CD6B7C80D08F775EB7D2FFF8B2C9AB5.d.1EF84D8BDFF02509CD72BB3AEA9CCB77.e.22904/value - {"text":"10319"}
COMMAND: GET /session/a49a846f150ab9031b86585360f30ac3/screenshot - {}
RESULT: {"text":"10319"}
COMMAND: POST /session/a49a846f150ab9031b86585360f30ac3/actions - {"actions":[{"id":"action81","type":"key","parameters":{},"actions":[{"type":"keyDown","value":"î€‡"},{"type":"pause","duration":10},{"type":"keyUp","value":"î€‡"}]}]}
COMMAND: GET /session/a49a846f150ab9031b86585360f30ac3/screenshot - {}
RESULT: {}
RESULT: {"actions":[{"id":"action81","type":"key","parameters":{},"actions":[{"type":"keyDown","value":"î€‡"},{"type":"pause","duration":10},{"type":"keyUp","value":"î€‡"}]}]}
COMMAND: GET /session/a49a846f150ab9031b86585360f30ac3/screenshot - {}
RESULT: {}
RESULT: {}
COMMAND: POST /session/a49a846f150ab9031b86585360f30ac3/element - {"using":"xpath","value":"//span[contains(@id ,\"application-billingtransfer-display-component---billingWorkbench--smartTableBillingRuns-header-inner\")]"}
RESULT: {"using":"xpath","value":"//span[contains(@id ,\"application-billingtransfer-display-component---billingWorkbench--smartTableBillingRuns-header-inner\")]"}
COMMAND: POST /session/a49a846f150ab9031b86585360f30ac3/elements - {"using":"xpath","value":"//span[contains(@id ,\"application-billingtransfer-display-component---billingWorkbench--smartTableBillingRuns-header-inner\")]"}
RESULT: {"using":"xpath","value":"//span[contains(@id ,\"application-billingtransfer-display-component---billingWorkbench--smartTableBillingRuns-header-inner\")]"}
COMMAND: POST /session/a49a846f150ab9031b86585360f30ac3/execute/sync - {"script":"<script> [56 bytes]","args":[{"element-6066-11e4-a52e-4f735466cecf":"f.6CD6B7C80D08F775EB7D2FFF8B2C9AB5.d.1EF84D8BDFF02509CD72BB3AEA9CCB77.e.23055","ELEMENT":"f.6CD6B7C80D08F775EB7D2FFF8B2C9AB5.d.1EF84D8BDFF02509CD72BB3AEA9CCB77.e.23055"}]}
RESULT: {"script":"<script> [56 bytes]","args":[{"element-6066-11e4-a52e-4f735466cecf":"f.6CD6B7C80D08F775EB7D2FFF8B2C9AB5.d.1EF84D8BDFF02509CD72BB3AEA9CCB77.e.23055","ELEMENT":"f.6CD6B7C80D08F775EB7D2FFF8B2C9AB5.d.1EF84D8BDFF02509CD72BB3AEA9CCB77.e.23055"}]}
COMMAND: POST /session/a49a846f150ab9031b86585360f30ac3/element - {"using":"xpath","value":"//td[@aria-colindex=\"1\"]/div/div[contains(@class, \"sapMCbBg\")]"}
COMMAND: GET /session/a49a846f150ab9031b86585360f30ac3/screenshot - {}
RESULT: {"using":"xpath","value":"//td[@aria-colindex=\"1\"]/div/div[contains(@class, \"sapMCbBg\")]"}
COMMAND: POST /session/a49a846f150ab9031b86585360f30ac3/element/f.6CD6B7C80D08F775EB7D2FFF8B2C9AB5.d.1EF84D8BDFF02509CD72BB3AEA9CCB77.e.23028/click - {}
RESULT: {}
RESULT: {}
COMMAND: GET /session/a49a846f150ab9031b86585360f30ac3/screenshot - {}
RESULT: {}
COMMAND: POST /session/a49a846f150ab9031b86585360f30ac3/element - {"using":"xpath","value":"//bdi[contains(text(), \"Check\")]"}
RESULT: {"using":"xpath","value":"//bdi[contains(text(), \"Check\")]"}
COMMAND: POST /session/a49a846f150ab9031b86585360f30ac3/element/f.6CD6B7C80D08F775EB7D2FFF8B2C9AB5.d.1EF84D8BDFF02509CD72BB3AEA9CCB77.e.23056/click - {}
RESULT: {}
COMMAND: GET /session/a49a846f150ab9031b86585360f30ac3/screenshot - {}
RESULT: {}
COMMAND: POST /session/a49a846f150ab9031b86585360f30ac3/element - {"using":"xpath","value":"//bdi[contains(text(), \"OK\")]"}
RESULT: {"using":"xpath","value":"//bdi[contains(text(), \"OK\")]"}
COMMAND: POST /session/a49a846f150ab9031b86585360f30ac3/element/f.6CD6B7C80D08F775EB7D2FFF8B2C9AB5.d.1EF84D8BDFF02509CD72BB3AEA9CCB77.e.23059/click - {}
RESULT: {}
COMMAND: GET /session/a49a846f150ab9031b86585360f30ac3/screenshot - {}
RESULT: {}
COMMAND: POST /session/a49a846f150ab9031b86585360f30ac3/element - {"using":"xpath","value":"(//span[contains(text(), \"CO/SD checked\")]/parent::div/preceding-sibling::div/span)[1]"}
RESULT: {"using":"xpath","value":"(//span[contains(text(), \"CO/SD checked\")]/parent::div/preceding-sibling::div/span)[1]"}
COMMAND: POST /session/a49a846f150ab9031b86585360f30ac3/element/f.6CD6B7C80D08F775EB7D2FFF8B2C9AB5.d.1EF84D8BDFF02509CD72BB3AEA9CCB77.e.23060/click - {}
RESULT: {}
COMMAND: GET /session/a49a846f150ab9031b86585360f30ac3/screenshot - {}
RESULT: {}
COMMAND: POST /session/a49a846f150ab9031b86585360f30ac3/element - {"using":"xpath","value":"//input[contains(@id ,\"application-billingtransfer-display-component---billingWorkbench--smartFilterBar-btnBasicSearch\")]"}
RESULT: {"using":"xpath","value":"//input[contains(@id ,\"application-billingtransfer-display-component---billingWorkbench--smartFilterBar-btnBasicSearch\")]"}
COMMAND: POST /session/a49a846f150ab9031b86585360f30ac3/elements - {"using":"xpath","value":"//input[contains(@id ,\"application-billingtransfer-display-component---billingWorkbench--smartFilterBar-btnBasicSearch\")]"}
RESULT: {"using":"xpath","value":"//input[contains(@id ,\"application-billingtransfer-display-component---billingWorkbench--smartFilterBar-btnBasicSearch\")]"}
COMMAND: POST /session/a49a846f150ab9031b86585360f30ac3/execute/sync - {"script":"<script> [8489 bytes]","args":[{"element-6066-11e4-a52e-4f735466cecf":"f.6CD6B7C80D08F775EB7D2FFF8B2C9AB5.d.1EF84D8BDFF02509CD72BB3AEA9CCB77.e.22904","ELEMENT":"f.6CD6B7C80D08F775EB7D2FFF8B2C9AB5.d.1EF84D8BDFF02509CD72BB3AEA9CCB77.e.22904"}]}
RESULT: {"script":"<script> [8489 bytes]","args":[{"element-6066-11e4-a52e-4f735466cecf":"f.6CD6B7C80D08F775EB7D2FFF8B2C9AB5.d.1EF84D8BDFF02509CD72BB3AEA9CCB77.e.22904","ELEMENT":"f.6CD6B7C80D08F775EB7D2FFF8B2C9AB5.d.1EF84D8BDFF02509CD72BB3AEA9CCB77.e.22904"}]}
COMMAND: GET /session/a49a846f150ab9031b86585360f30ac3/element/f.6CD6B7C80D08F775EB7D2FFF8B2C9AB5.d.1EF84D8BDFF02509CD72BB3AEA9CCB77.e.22904/enabled - {}
COMMAND: GET /session/a49a846f150ab9031b86585360f30ac3/screenshot - {}
RESULT: {}
COMMAND: POST /session/a49a846f150ab9031b86585360f30ac3/element/f.6CD6B7C80D08F775EB7D2FFF8B2C9AB5.d.1EF84D8BDFF02509CD72BB3AEA9CCB77.e.22904/click - {}
COMMAND: GET /session/a49a846f150ab9031b86585360f30ac3/screenshot - {}
RESULT: {}
RESULT: {}
COMMAND: GET /session/a49a846f150ab9031b86585360f30ac3/screenshot - {}
RESULT: {}
RESULT: {}
COMMAND: POST /session/a49a846f150ab9031b86585360f30ac3/element/f.6CD6B7C80D08F775EB7D2FFF8B2C9AB5.d.1EF84D8BDFF02509CD72BB3AEA9CCB77.e.22904/clear - {}
RESULT: {}
COMMAND: POST /session/a49a846f150ab9031b86585360f30ac3/element/f.6CD6B7C80D08F775EB7D2FFF8B2C9AB5.d.1EF84D8BDFF02509CD72BB3AEA9CCB77.e.22904/value - {"text":"10319"}
COMMAND: GET /session/a49a846f150ab9031b86585360f30ac3/screenshot - {}
RESULT: {"text":"10319"}
COMMAND: POST /session/a49a846f150ab9031b86585360f30ac3/actions - {"actions":[{"id":"action82","type":"key","parameters":{},"actions":[{"type":"keyDown","value":"î€‡"},{"type":"pause","duration":10},{"type":"keyUp","value":"î€‡"}]}]}
COMMAND: GET /session/a49a846f150ab9031b86585360f30ac3/screenshot - {}
RESULT: {}
RESULT: {"actions":[{"id":"action82","type":"key","parameters":{},"actions":[{"type":"keyDown","value":"î€‡"},{"type":"pause","duration":10},{"type":"keyUp","value":"î€‡"}]}]}
COMMAND: GET /session/a49a846f150ab9031b86585360f30ac3/screenshot - {}
RESULT: {}
RESULT: {}
COMMAND: POST /session/a49a846f150ab9031b86585360f30ac3/element - {"using":"xpath","value":"//span[contains(@id ,\"application-billingtransfer-display-component---billingWorkbench--smartTableBillingRuns-header-inner\")]"}
RESULT: {"using":"xpath","value":"//span[contains(@id ,\"application-billingtransfer-display-component---billingWorkbench--smartTableBillingRuns-header-inner\")]"}
COMMAND: POST /session/a49a846f150ab9031b86585360f30ac3/elements - {"using":"xpath","value":"//span[contains(@id ,\"application-billingtransfer-display-component---billingWorkbench--smartTableBillingRuns-header-inner\")]"}
RESULT: {"using":"xpath","value":"//span[contains(@id ,\"application-billingtransfer-display-component---billingWorkbench--smartTableBillingRuns-header-inner\")]"}
COMMAND: POST /session/a49a846f150ab9031b86585360f30ac3/execute/sync - {"script":"<script> [56 bytes]","args":[{"element-6066-11e4-a52e-4f735466cecf":"f.6CD6B7C80D08F775EB7D2FFF8B2C9AB5.d.1EF84D8BDFF02509CD72BB3AEA9CCB77.e.23055","ELEMENT":"f.6CD6B7C80D08F775EB7D2FFF8B2C9AB5.d.1EF84D8BDFF02509CD72BB3AEA9CCB77.e.23055"}]}
RESULT: {"script":"<script> [56 bytes]","args":[{"element-6066-11e4-a52e-4f735466cecf":"f.6CD6B7C80D08F775EB7D2FFF8B2C9AB5.d.1EF84D8BDFF02509CD72BB3AEA9CCB77.e.23055","ELEMENT":"f.6CD6B7C80D08F775EB7D2FFF8B2C9AB5.d.1EF84D8BDFF02509CD72BB3AEA9CCB77.e.23055"}]}
COMMAND: POST /session/a49a846f150ab9031b86585360f30ac3/element - {"using":"xpath","value":"//td[@aria-colindex=\"1\"]/div/div[contains(@class, \"sapMCbBg\")]"}
COMMAND: GET /session/a49a846f150ab9031b86585360f30ac3/screenshot - {}
RESULT: {"using":"xpath","value":"//td[@aria-colindex=\"1\"]/div/div[contains(@class, \"sapMCbBg\")]"}
COMMAND: POST /session/a49a846f150ab9031b86585360f30ac3/element/f.6CD6B7C80D08F775EB7D2FFF8B2C9AB5.d.1EF84D8BDFF02509CD72BB3AEA9CCB77.e.23064/click - {}
RESULT: {}
RESULT: {}
COMMAND: GET /session/a49a846f150ab9031b86585360f30ac3/screenshot - {}
RESULT: {}
COMMAND: POST /session/a49a846f150ab9031b86585360f30ac3/element - {"using":"xpath","value":"//bdi[text()=\"Transfer\"]"}
RESULT: {"using":"xpath","value":"//bdi[text()=\"Transfer\"]"}
COMMAND: POST /session/a49a846f150ab9031b86585360f30ac3/element/f.6CD6B7C80D08F775EB7D2FFF8B2C9AB5.d.1EF84D8BDFF02509CD72BB3AEA9CCB77.e.23065/click - {}
RESULT: {}
COMMAND: GET /session/a49a846f150ab9031b86585360f30ac3/screenshot - {}
RESULT: {}
COMMAND: POST /session/a49a846f150ab9031b86585360f30ac3/element - {"using":"xpath","value":"//bdi[contains(text(), \"OK\")]"}
RESULT: {"using":"xpath","value":"//bdi[contains(text(), \"OK\")]"}
COMMAND: POST /session/a49a846f150ab9031b86585360f30ac3/element/f.6CD6B7C80D08F775EB7D2FFF8B2C9AB5.d.1EF84D8BDFF02509CD72BB3AEA9CCB77.e.23068/click - {}
RESULT: {}
COMMAND: GET /session/a49a846f150ab9031b86585360f30ac3/screenshot - {}
RESULT: {}
COMMAND: POST /session/a49a846f150ab9031b86585360f30ac3/element - {"using":"xpath","value":"(//span[contains(text(), \"Completed\")]/parent::div/preceding-sibling::div/span)[1]"}
RESULT: {"using":"xpath","value":"(//span[contains(text(), \"Completed\")]/parent::div/preceding-sibling::div/span)[1]"}
COMMAND: POST /session/a49a846f150ab9031b86585360f30ac3/element/f.6CD6B7C80D08F775EB7D2FFF8B2C9AB5.d.1EF84D8BDFF02509CD72BB3AEA9CCB77.e.23076/click - {}
RESULT: {}
COMMAND: POST /session/a49a846f150ab9031b86585360f30ac3/element - {"using":"xpath","value":"//input[contains(@id ,\"application-billingtransfer-display-component---billingWorkbench--smartFilterBar-btnBasicSearch\")]"}
COMMAND: GET /session/a49a846f150ab9031b86585360f30ac3/screenshot - {}
RESULT: {"using":"xpath","value":"//input[contains(@id ,\"application-billingtransfer-display-component---billingWorkbench--smartFilterBar-btnBasicSearch\")]"}
COMMAND: POST /session/a49a846f150ab9031b86585360f30ac3/elements - {"using":"xpath","value":"//input[contains(@id ,\"application-billingtransfer-display-component---billingWorkbench--smartFilterBar-btnBasicSearch\")]"}
RESULT: {}
RESULT: {"using":"xpath","value":"//input[contains(@id ,\"application-billingtransfer-display-component---billingWorkbench--smartFilterBar-btnBasicSearch\")]"}
COMMAND: POST /session/a49a846f150ab9031b86585360f30ac3/execute/sync - {"script":"<script> [8489 bytes]","args":[{"element-6066-11e4-a52e-4f735466cecf":"f.6CD6B7C80D08F775EB7D2FFF8B2C9AB5.d.1EF84D8BDFF02509CD72BB3AEA9CCB77.e.22904","ELEMENT":"f.6CD6B7C80D08F775EB7D2FFF8B2C9AB5.d.1EF84D8BDFF02509CD72BB3AEA9CCB77.e.22904"}]}
RESULT: {"script":"<script> [8489 bytes]","args":[{"element-6066-11e4-a52e-4f735466cecf":"f.6CD6B7C80D08F775EB7D2FFF8B2C9AB5.d.1EF84D8BDFF02509CD72BB3AEA9CCB77.e.22904","ELEMENT":"f.6CD6B7C80D08F775EB7D2FFF8B2C9AB5.d.1EF84D8BDFF02509CD72BB3AEA9CCB77.e.22904"}]}
COMMAND: GET /session/a49a846f150ab9031b86585360f30ac3/element/f.6CD6B7C80D08F775EB7D2FFF8B2C9AB5.d.1EF84D8BDFF02509CD72BB3AEA9CCB77.e.22904/enabled - {}
COMMAND: GET /session/a49a846f150ab9031b86585360f30ac3/screenshot - {}
RESULT: {}
COMMAND: POST /session/a49a846f150ab9031b86585360f30ac3/element/f.6CD6B7C80D08F775EB7D2FFF8B2C9AB5.d.1EF84D8BDFF02509CD72BB3AEA9CCB77.e.22904/click - {}
COMMAND: GET /session/a49a846f150ab9031b86585360f30ac3/screenshot - {}
RESULT: {}
RESULT: {}
COMMAND: GET /session/a49a846f150ab9031b86585360f30ac3/screenshot - {}
RESULT: {}
RESULT: {}
COMMAND: POST /session/a49a846f150ab9031b86585360f30ac3/element/f.6CD6B7C80D08F775EB7D2FFF8B2C9AB5.d.1EF84D8BDFF02509CD72BB3AEA9CCB77.e.22904/clear - {}
RESULT: {}
COMMAND: POST /session/a49a846f150ab9031b86585360f30ac3/element/f.6CD6B7C80D08F775EB7D2FFF8B2C9AB5.d.1EF84D8BDFF02509CD72BB3AEA9CCB77.e.22904/value - {"text":"10319"}
COMMAND: GET /session/a49a846f150ab9031b86585360f30ac3/screenshot - {}
RESULT: {"text":"10319"}
COMMAND: POST /session/a49a846f150ab9031b86585360f30ac3/actions - {"actions":[{"id":"action83","type":"key","parameters":{},"actions":[{"type":"keyDown","value":"î€‡"},{"type":"pause","duration":10},{"type":"keyUp","value":"î€‡"}]}]}
COMMAND: GET /session/a49a846f150ab9031b86585360f30ac3/screenshot - {}
RESULT: {}
RESULT: {"actions":[{"id":"action83","type":"key","parameters":{},"actions":[{"type":"keyDown","value":"î€‡"},{"type":"pause","duration":10},{"type":"keyUp","value":"î€‡"}]}]}
COMMAND: GET /session/a49a846f150ab9031b86585360f30ac3/screenshot - {}
RESULT: {}
RESULT: {}
COMMAND: POST /session/a49a846f150ab9031b86585360f30ac3/element - {"using":"xpath","value":"//span[contains(@id ,\"application-billingtransfer-display-component---billingWorkbench--smartTableBillingRuns-header-inner\")]"}
RESULT: {"using":"xpath","value":"//span[contains(@id ,\"application-billingtransfer-display-component---billingWorkbench--smartTableBillingRuns-header-inner\")]"}
COMMAND: POST /session/a49a846f150ab9031b86585360f30ac3/elements - {"using":"xpath","value":"//span[contains(@id ,\"application-billingtransfer-display-component---billingWorkbench--smartTableBillingRuns-header-inner\")]"}
RESULT: {"using":"xpath","value":"//span[contains(@id ,\"application-billingtransfer-display-component---billingWorkbench--smartTableBillingRuns-header-inner\")]"}
COMMAND: POST /session/a49a846f150ab9031b86585360f30ac3/execute/sync - {"script":"<script> [56 bytes]","args":[{"element-6066-11e4-a52e-4f735466cecf":"f.6CD6B7C80D08F775EB7D2FFF8B2C9AB5.d.1EF84D8BDFF02509CD72BB3AEA9CCB77.e.23055","ELEMENT":"f.6CD6B7C80D08F775EB7D2FFF8B2C9AB5.d.1EF84D8BDFF02509CD72BB3AEA9CCB77.e.23055"}]}
RESULT: {"script":"<script> [56 bytes]","args":[{"element-6066-11e4-a52e-4f735466cecf":"f.6CD6B7C80D08F775EB7D2FFF8B2C9AB5.d.1EF84D8BDFF02509CD72BB3AEA9CCB77.e.23055","ELEMENT":"f.6CD6B7C80D08F775EB7D2FFF8B2C9AB5.d.1EF84D8BDFF02509CD72BB3AEA9CCB77.e.23055"}]}
COMMAND: POST /session/a49a846f150ab9031b86585360f30ac3/element - {"using":"css selector","value":"#shell-header-logo"}
COMMAND: GET /session/a49a846f150ab9031b86585360f30ac3/screenshot - {}
RESULT: {"using":"css selector","value":"#shell-header-logo"}
COMMAND: POST /session/a49a846f150ab9031b86585360f30ac3/element/f.6CD6B7C80D08F775EB7D2FFF8B2C9AB5.d.1EF84D8BDFF02509CD72BB3AEA9CCB77.e.22902/click - {}
RESULT: {}
RESULT: {}
COMMAND: GET /session/a49a846f150ab9031b86585360f30ac3/screenshot - {}
RESULT: {}
]]></system-out>
    </testcase>
    <testcase classname="chrome.135_0_7049_96.windows.Billing_Calculation_-_Time_based_(considering_transport_times)_US139738" name="Should navigate to the contract item check the billed until field value" time="38.262">
      <system-out><![CDATA[
RESULT: undefined
COMMAND: POST /session/a49a846f150ab9031b86585360f30ac3/element - {"using":"xpath","value":"//*[@id=\"__tile131-title\"]"}
RESULT: {"using":"xpath","value":"//*[@id=\"__tile131-title\"]"}
COMMAND: POST /session/a49a846f150ab9031b86585360f30ac3/element/f.6CD6B7C80D08F775EB7D2FFF8B2C9AB5.d.1EF84D8BDFF02509CD72BB3AEA9CCB77.e.21103/click - {}
RESULT: {}
COMMAND: GET /session/a49a846f150ab9031b86585360f30ac3/screenshot - {}
RESULT: {}
COMMAND: POST /session/a49a846f150ab9031b86585360f30ac3/element - {"using":"xpath","value":"//button[@data-kt=\"addButton\"]"}
RESULT: {"using":"xpath","value":"//button[@data-kt=\"addButton\"]"}
COMMAND: POST /session/a49a846f150ab9031b86585360f30ac3/elements - {"using":"xpath","value":"//button[@data-kt=\"addButton\"]"}
RESULT: {"using":"xpath","value":"//button[@data-kt=\"addButton\"]"}
COMMAND: POST /session/a49a846f150ab9031b86585360f30ac3/execute/sync - {"script":"<script> [8489 bytes]","args":[{"element-6066-11e4-a52e-4f735466cecf":"f.6CD6B7C80D08F775EB7D2FFF8B2C9AB5.d.1EF84D8BDFF02509CD72BB3AEA9CCB77.e.23150","ELEMENT":"f.6CD6B7C80D08F775EB7D2FFF8B2C9AB5.d.1EF84D8BDFF02509CD72BB3AEA9CCB77.e.23150"}]}
RESULT: {"script":"<script> [8489 bytes]","args":[{"element-6066-11e4-a52e-4f735466cecf":"f.6CD6B7C80D08F775EB7D2FFF8B2C9AB5.d.1EF84D8BDFF02509CD72BB3AEA9CCB77.e.23150","ELEMENT":"f.6CD6B7C80D08F775EB7D2FFF8B2C9AB5.d.1EF84D8BDFF02509CD72BB3AEA9CCB77.e.23150"}]}
COMMAND: GET /session/a49a846f150ab9031b86585360f30ac3/element/f.6CD6B7C80D08F775EB7D2FFF8B2C9AB5.d.1EF84D8BDFF02509CD72BB3AEA9CCB77.e.23150/enabled - {}
COMMAND: GET /session/a49a846f150ab9031b86585360f30ac3/screenshot - {}
RESULT: {}
COMMAND: POST /session/a49a846f150ab9031b86585360f30ac3/execute/sync - {"script":"<script> [8489 bytes]","args":[{"element-6066-11e4-a52e-4f735466cecf":"f.6CD6B7C80D08F775EB7D2FFF8B2C9AB5.d.1EF84D8BDFF02509CD72BB3AEA9CCB77.e.23150","ELEMENT":"f.6CD6B7C80D08F775EB7D2FFF8B2C9AB5.d.1EF84D8BDFF02509CD72BB3AEA9CCB77.e.23150"}]}
COMMAND: GET /session/a49a846f150ab9031b86585360f30ac3/screenshot - {}
RESULT: {}
RESULT: {"script":"<script> [8489 bytes]","args":[{"element-6066-11e4-a52e-4f735466cecf":"f.6CD6B7C80D08F775EB7D2FFF8B2C9AB5.d.1EF84D8BDFF02509CD72BB3AEA9CCB77.e.23150","ELEMENT":"f.6CD6B7C80D08F775EB7D2FFF8B2C9AB5.d.1EF84D8BDFF02509CD72BB3AEA9CCB77.e.23150"}]}
COMMAND: POST /session/a49a846f150ab9031b86585360f30ac3/execute/sync - {"script":"<script> [5351 bytes]","args":[{"element-6066-11e4-a52e-4f735466cecf":"f.6CD6B7C80D08F775EB7D2FFF8B2C9AB5.d.1EF84D8BDFF02509CD72BB3AEA9CCB77.e.23150","ELEMENT":"f.6CD6B7C80D08F775EB7D2FFF8B2C9AB5.d.1EF84D8BDFF02509CD72BB3AEA9CCB77.e.23150"}]}
COMMAND: GET /session/a49a846f150ab9031b86585360f30ac3/screenshot - {}
RESULT: {}
RESULT: {"script":"<script> [5351 bytes]","args":[{"element-6066-11e4-a52e-4f735466cecf":"f.6CD6B7C80D08F775EB7D2FFF8B2C9AB5.d.1EF84D8BDFF02509CD72BB3AEA9CCB77.e.23150","ELEMENT":"f.6CD6B7C80D08F775EB7D2FFF8B2C9AB5.d.1EF84D8BDFF02509CD72BB3AEA9CCB77.e.23150"}]}
COMMAND: POST /session/a49a846f150ab9031b86585360f30ac3/element - {"using":"xpath","value":"//input[contains(@id ,\"smartContractFilterBar-btnBasicSearch-I\")]"}
COMMAND: GET /session/a49a846f150ab9031b86585360f30ac3/screenshot - {}
RESULT: {}
RESULT: {"using":"xpath","value":"//input[contains(@id ,\"smartContractFilterBar-btnBasicSearch-I\")]"}
COMMAND: POST /session/a49a846f150ab9031b86585360f30ac3/elements - {"using":"xpath","value":"//input[contains(@id ,\"smartContractFilterBar-btnBasicSearch-I\")]"}
RESULT: {}
RESULT: {"using":"xpath","value":"//input[contains(@id ,\"smartContractFilterBar-btnBasicSearch-I\")]"}
COMMAND: POST /session/a49a846f150ab9031b86585360f30ac3/execute/sync - {"script":"<script> [8489 bytes]","args":[{"element-6066-11e4-a52e-4f735466cecf":"f.6CD6B7C80D08F775EB7D2FFF8B2C9AB5.d.1EF84D8BDFF02509CD72BB3AEA9CCB77.e.23083","ELEMENT":"f.6CD6B7C80D08F775EB7D2FFF8B2C9AB5.d.1EF84D8BDFF02509CD72BB3AEA9CCB77.e.23083"}]}
RESULT: {"script":"<script> [8489 bytes]","args":[{"element-6066-11e4-a52e-4f735466cecf":"f.6CD6B7C80D08F775EB7D2FFF8B2C9AB5.d.1EF84D8BDFF02509CD72BB3AEA9CCB77.e.23083","ELEMENT":"f.6CD6B7C80D08F775EB7D2FFF8B2C9AB5.d.1EF84D8BDFF02509CD72BB3AEA9CCB77.e.23083"}]}
COMMAND: GET /session/a49a846f150ab9031b86585360f30ac3/element/f.6CD6B7C80D08F775EB7D2FFF8B2C9AB5.d.1EF84D8BDFF02509CD72BB3AEA9CCB77.e.23083/enabled - {}
COMMAND: GET /session/a49a846f150ab9031b86585360f30ac3/screenshot - {}
RESULT: {}
COMMAND: POST /session/a49a846f150ab9031b86585360f30ac3/element/f.6CD6B7C80D08F775EB7D2FFF8B2C9AB5.d.1EF84D8BDFF02509CD72BB3AEA9CCB77.e.23083/clear - {}
COMMAND: GET /session/a49a846f150ab9031b86585360f30ac3/screenshot - {}
RESULT: {}
RESULT: {}
COMMAND: POST /session/a49a846f150ab9031b86585360f30ac3/element/f.6CD6B7C80D08F775EB7D2FFF8B2C9AB5.d.1EF84D8BDFF02509CD72BB3AEA9CCB77.e.23083/value - {"text":"10319"}
COMMAND: GET /session/a49a846f150ab9031b86585360f30ac3/screenshot - {}
RESULT: {}
RESULT: {"text":"10319"}
COMMAND: GET /session/a49a846f150ab9031b86585360f30ac3/screenshot - {}
RESULT: {}
RESULT: {}
COMMAND: POST /session/a49a846f150ab9031b86585360f30ac3/actions - {"actions":[{"id":"action84","type":"key","parameters":{},"actions":[{"type":"keyDown","value":"î€‡"},{"type":"pause","duration":10},{"type":"keyUp","value":"î€‡"}]}]}
RESULT: {"actions":[{"id":"action84","type":"key","parameters":{},"actions":[{"type":"keyDown","value":"î€‡"},{"type":"pause","duration":10},{"type":"keyUp","value":"î€‡"}]}]}
COMMAND: GET /session/a49a846f150ab9031b86585360f30ac3/screenshot - {}
RESULT: {}
COMMAND: POST /session/a49a846f150ab9031b86585360f30ac3/element - {"using":"xpath","value":"//span[contains(@id, \"masterListContractsSmartTable-header-inner\")]"}
RESULT: {"using":"xpath","value":"//span[contains(@id, \"masterListContractsSmartTable-header-inner\")]"}
COMMAND: POST /session/a49a846f150ab9031b86585360f30ac3/elements - {"using":"xpath","value":"//span[contains(@id, \"masterListContractsSmartTable-header-inner\")]"}
RESULT: {"using":"xpath","value":"//span[contains(@id, \"masterListContractsSmartTable-header-inner\")]"}
COMMAND: POST /session/a49a846f150ab9031b86585360f30ac3/execute/sync - {"script":"<script> [56 bytes]","args":[{"element-6066-11e4-a52e-4f735466cecf":"f.6CD6B7C80D08F775EB7D2FFF8B2C9AB5.d.1EF84D8BDFF02509CD72BB3AEA9CCB77.e.23210","ELEMENT":"f.6CD6B7C80D08F775EB7D2FFF8B2C9AB5.d.1EF84D8BDFF02509CD72BB3AEA9CCB77.e.23210"}]}
RESULT: {"script":"<script> [56 bytes]","args":[{"element-6066-11e4-a52e-4f735466cecf":"f.6CD6B7C80D08F775EB7D2FFF8B2C9AB5.d.1EF84D8BDFF02509CD72BB3AEA9CCB77.e.23210","ELEMENT":"f.6CD6B7C80D08F775EB7D2FFF8B2C9AB5.d.1EF84D8BDFF02509CD72BB3AEA9CCB77.e.23210"}]}
COMMAND: POST /session/a49a846f150ab9031b86585360f30ac3/element - {"using":"xpath","value":"(//span[contains(@id, \"imgNav\")])[1]"}
COMMAND: GET /session/a49a846f150ab9031b86585360f30ac3/screenshot - {}
RESULT: {"using":"xpath","value":"(//span[contains(@id, \"imgNav\")])[1]"}
COMMAND: POST /session/a49a846f150ab9031b86585360f30ac3/element/f.6CD6B7C80D08F775EB7D2FFF8B2C9AB5.d.1EF84D8BDFF02509CD72BB3AEA9CCB77.e.23174/click - {}
RESULT: {}
RESULT: {}
COMMAND: GET /session/a49a846f150ab9031b86585360f30ac3/screenshot - {}
RESULT: {}
COMMAND: POST /session/a49a846f150ab9031b86585360f30ac3/element - {"using":"xpath","value":"//tr[@data-kt=\"productsColumnListItem\"]//td//span[contains(@id, \"imgNav\")][1]"}
RESULT: {"using":"xpath","value":"//tr[@data-kt=\"productsColumnListItem\"]//td//span[contains(@id, \"imgNav\")][1]"}
COMMAND: POST /session/a49a846f150ab9031b86585360f30ac3/element/f.6CD6B7C80D08F775EB7D2FFF8B2C9AB5.d.1EF84D8BDFF02509CD72BB3AEA9CCB77.e.23372/click - {}
RESULT: {}
COMMAND: GET /session/a49a846f150ab9031b86585360f30ac3/screenshot - {}
RESULT: {}
COMMAND: POST /session/a49a846f150ab9031b86585360f30ac3/element - {"using":"xpath","value":"//section[contains(@id, \"application-managecontracts-display-component---BillingItem--ObjectPageLayout-OPHeaderContent\")]/div/div/div/div/div[2]/div/div[2]/span"}
RESULT: {"using":"xpath","value":"//section[contains(@id, \"application-managecontracts-display-component---BillingItem--ObjectPageLayout-OPHeaderContent\")]/div/div/div/div/div[2]/div/div[2]/span"}
COMMAND: POST /session/a49a846f150ab9031b86585360f30ac3/execute/sync - {"script":"<script> [56 bytes]","args":[{"element-6066-11e4-a52e-4f735466cecf":"f.6CD6B7C80D08F775EB7D2FFF8B2C9AB5.d.1EF84D8BDFF02509CD72BB3AEA9CCB77.e.23509","ELEMENT":"f.6CD6B7C80D08F775EB7D2FFF8B2C9AB5.d.1EF84D8BDFF02509CD72BB3AEA9CCB77.e.23509"}]}
RESULT: {"script":"<script> [56 bytes]","args":[{"element-6066-11e4-a52e-4f735466cecf":"f.6CD6B7C80D08F775EB7D2FFF8B2C9AB5.d.1EF84D8BDFF02509CD72BB3AEA9CCB77.e.23509","ELEMENT":"f.6CD6B7C80D08F775EB7D2FFF8B2C9AB5.d.1EF84D8BDFF02509CD72BB3AEA9CCB77.e.23509"}]}
COMMAND: POST /session/a49a846f150ab9031b86585360f30ac3/element - {"using":"xpath","value":"//table[contains(@id, \"application-managecontracts-display-component---BillingItem--billingList-listUl\")]//td//*[contains(text(), \"partial billed\")]"}
COMMAND: GET /session/a49a846f150ab9031b86585360f30ac3/screenshot - {}
RESULT: {"using":"xpath","value":"//table[contains(@id, \"application-managecontracts-display-component---BillingItem--billingList-listUl\")]//td//*[contains(text(), \"partial billed\")]"}
COMMAND: POST /session/a49a846f150ab9031b86585360f30ac3/execute/sync - {"script":"<script> [56 bytes]","args":[{"element-6066-11e4-a52e-4f735466cecf":"f.6CD6B7C80D08F775EB7D2FFF8B2C9AB5.d.1EF84D8BDFF02509CD72BB3AEA9CCB77.e.23510","ELEMENT":"f.6CD6B7C80D08F775EB7D2FFF8B2C9AB5.d.1EF84D8BDFF02509CD72BB3AEA9CCB77.e.23510"}]}
RESULT: {}
RESULT: {"script":"<script> [56 bytes]","args":[{"element-6066-11e4-a52e-4f735466cecf":"f.6CD6B7C80D08F775EB7D2FFF8B2C9AB5.d.1EF84D8BDFF02509CD72BB3AEA9CCB77.e.23510","ELEMENT":"f.6CD6B7C80D08F775EB7D2FFF8B2C9AB5.d.1EF84D8BDFF02509CD72BB3AEA9CCB77.e.23510"}]}
COMMAND: POST /session/a49a846f150ab9031b86585360f30ac3/element - {"using":"css selector","value":"#shell-header-logo"}
COMMAND: GET /session/a49a846f150ab9031b86585360f30ac3/screenshot - {}
RESULT: {"using":"css selector","value":"#shell-header-logo"}
COMMAND: POST /session/a49a846f150ab9031b86585360f30ac3/element/f.6CD6B7C80D08F775EB7D2FFF8B2C9AB5.d.1EF84D8BDFF02509CD72BB3AEA9CCB77.e.23081/click - {}
RESULT: {}
RESULT: {}
COMMAND: GET /session/a49a846f150ab9031b86585360f30ac3/screenshot - {}
RESULT: {}
]]></system-out>
    </testcase>
    <testcase classname="chrome.135_0_7049_96.windows.Billing_Calculation_-_Time_based_(considering_transport_times)_US139738" name="Should do a handover return 2 step 7 days after provide or 14 days from today receive it in 21 days" time="154.002">
      <system-out><![CDATA[
RESULT: undefined
COMMAND: POST /session/a49a846f150ab9031b86585360f30ac3/element - {"using":"xpath","value":"//*[@id=\"__tile131-title\"]"}
RESULT: {"using":"xpath","value":"//*[@id=\"__tile131-title\"]"}
COMMAND: POST /session/a49a846f150ab9031b86585360f30ac3/element/f.6CD6B7C80D08F775EB7D2FFF8B2C9AB5.d.1EF84D8BDFF02509CD72BB3AEA9CCB77.e.21103/click - {}
RESULT: {}
COMMAND: GET /session/a49a846f150ab9031b86585360f30ac3/screenshot - {}
RESULT: {}
COMMAND: POST /session/a49a846f150ab9031b86585360f30ac3/element - {"using":"xpath","value":"//button[@data-kt=\"addButton\"]"}
RESULT: {"using":"xpath","value":"//button[@data-kt=\"addButton\"]"}
COMMAND: POST /session/a49a846f150ab9031b86585360f30ac3/elements - {"using":"xpath","value":"//button[@data-kt=\"addButton\"]"}
RESULT: {"using":"xpath","value":"//button[@data-kt=\"addButton\"]"}
COMMAND: POST /session/a49a846f150ab9031b86585360f30ac3/execute/sync - {"script":"<script> [8489 bytes]","args":[{"element-6066-11e4-a52e-4f735466cecf":"f.6CD6B7C80D08F775EB7D2FFF8B2C9AB5.d.1EF84D8BDFF02509CD72BB3AEA9CCB77.e.23581","ELEMENT":"f.6CD6B7C80D08F775EB7D2FFF8B2C9AB5.d.1EF84D8BDFF02509CD72BB3AEA9CCB77.e.23581"}]}
RESULT: {"script":"<script> [8489 bytes]","args":[{"element-6066-11e4-a52e-4f735466cecf":"f.6CD6B7C80D08F775EB7D2FFF8B2C9AB5.d.1EF84D8BDFF02509CD72BB3AEA9CCB77.e.23581","ELEMENT":"f.6CD6B7C80D08F775EB7D2FFF8B2C9AB5.d.1EF84D8BDFF02509CD72BB3AEA9CCB77.e.23581"}]}
COMMAND: GET /session/a49a846f150ab9031b86585360f30ac3/element/f.6CD6B7C80D08F775EB7D2FFF8B2C9AB5.d.1EF84D8BDFF02509CD72BB3AEA9CCB77.e.23581/enabled - {}
COMMAND: GET /session/a49a846f150ab9031b86585360f30ac3/screenshot - {}
RESULT: {}
COMMAND: POST /session/a49a846f150ab9031b86585360f30ac3/execute/sync - {"script":"<script> [8489 bytes]","args":[{"element-6066-11e4-a52e-4f735466cecf":"f.6CD6B7C80D08F775EB7D2FFF8B2C9AB5.d.1EF84D8BDFF02509CD72BB3AEA9CCB77.e.23581","ELEMENT":"f.6CD6B7C80D08F775EB7D2FFF8B2C9AB5.d.1EF84D8BDFF02509CD72BB3AEA9CCB77.e.23581"}]}
COMMAND: GET /session/a49a846f150ab9031b86585360f30ac3/screenshot - {}
RESULT: {}
RESULT: {"script":"<script> [8489 bytes]","args":[{"element-6066-11e4-a52e-4f735466cecf":"f.6CD6B7C80D08F775EB7D2FFF8B2C9AB5.d.1EF84D8BDFF02509CD72BB3AEA9CCB77.e.23581","ELEMENT":"f.6CD6B7C80D08F775EB7D2FFF8B2C9AB5.d.1EF84D8BDFF02509CD72BB3AEA9CCB77.e.23581"}]}
COMMAND: POST /session/a49a846f150ab9031b86585360f30ac3/execute/sync - {"script":"<script> [5351 bytes]","args":[{"element-6066-11e4-a52e-4f735466cecf":"f.6CD6B7C80D08F775EB7D2FFF8B2C9AB5.d.1EF84D8BDFF02509CD72BB3AEA9CCB77.e.23581","ELEMENT":"f.6CD6B7C80D08F775EB7D2FFF8B2C9AB5.d.1EF84D8BDFF02509CD72BB3AEA9CCB77.e.23581"}]}
COMMAND: GET /session/a49a846f150ab9031b86585360f30ac3/screenshot - {}
RESULT: {}
RESULT: {"script":"<script> [5351 bytes]","args":[{"element-6066-11e4-a52e-4f735466cecf":"f.6CD6B7C80D08F775EB7D2FFF8B2C9AB5.d.1EF84D8BDFF02509CD72BB3AEA9CCB77.e.23581","ELEMENT":"f.6CD6B7C80D08F775EB7D2FFF8B2C9AB5.d.1EF84D8BDFF02509CD72BB3AEA9CCB77.e.23581"}]}
COMMAND: GET /session/a49a846f150ab9031b86585360f30ac3/screenshot - {}
RESULT: {}
RESULT: {}
COMMAND: POST /session/a49a846f150ab9031b86585360f30ac3/element - {"using":"xpath","value":"//input[contains(@id ,\"smartContractFilterBar-btnBasicSearch-I\")]"}
RESULT: {"using":"xpath","value":"//input[contains(@id ,\"smartContractFilterBar-btnBasicSearch-I\")]"}
COMMAND: POST /session/a49a846f150ab9031b86585360f30ac3/elements - {"using":"xpath","value":"//input[contains(@id ,\"smartContractFilterBar-btnBasicSearch-I\")]"}
RESULT: {"using":"xpath","value":"//input[contains(@id ,\"smartContractFilterBar-btnBasicSearch-I\")]"}
COMMAND: POST /session/a49a846f150ab9031b86585360f30ac3/execute/sync - {"script":"<script> [8489 bytes]","args":[{"element-6066-11e4-a52e-4f735466cecf":"f.6CD6B7C80D08F775EB7D2FFF8B2C9AB5.d.1EF84D8BDFF02509CD72BB3AEA9CCB77.e.23516","ELEMENT":"f.6CD6B7C80D08F775EB7D2FFF8B2C9AB5.d.1EF84D8BDFF02509CD72BB3AEA9CCB77.e.23516"}]}
RESULT: {"script":"<script> [8489 bytes]","args":[{"element-6066-11e4-a52e-4f735466cecf":"f.6CD6B7C80D08F775EB7D2FFF8B2C9AB5.d.1EF84D8BDFF02509CD72BB3AEA9CCB77.e.23516","ELEMENT":"f.6CD6B7C80D08F775EB7D2FFF8B2C9AB5.d.1EF84D8BDFF02509CD72BB3AEA9CCB77.e.23516"}]}
COMMAND: GET /session/a49a846f150ab9031b86585360f30ac3/element/f.6CD6B7C80D08F775EB7D2FFF8B2C9AB5.d.1EF84D8BDFF02509CD72BB3AEA9CCB77.e.23516/enabled - {}
COMMAND: GET /session/a49a846f150ab9031b86585360f30ac3/screenshot - {}
RESULT: {}
COMMAND: POST /session/a49a846f150ab9031b86585360f30ac3/element/f.6CD6B7C80D08F775EB7D2FFF8B2C9AB5.d.1EF84D8BDFF02509CD72BB3AEA9CCB77.e.23516/clear - {}
COMMAND: GET /session/a49a846f150ab9031b86585360f30ac3/screenshot - {}
RESULT: {}
RESULT: {}
COMMAND: POST /session/a49a846f150ab9031b86585360f30ac3/element/f.6CD6B7C80D08F775EB7D2FFF8B2C9AB5.d.1EF84D8BDFF02509CD72BB3AEA9CCB77.e.23516/value - {"text":"10319"}
COMMAND: GET /session/a49a846f150ab9031b86585360f30ac3/screenshot - {}
RESULT: {}
RESULT: {"text":"10319"}
COMMAND: GET /session/a49a846f150ab9031b86585360f30ac3/screenshot - {}
RESULT: {}
RESULT: {}
COMMAND: POST /session/a49a846f150ab9031b86585360f30ac3/actions - {"actions":[{"id":"action85","type":"key","parameters":{},"actions":[{"type":"keyDown","value":"î€‡"},{"type":"pause","duration":10},{"type":"keyUp","value":"î€‡"}]}]}
RESULT: {"actions":[{"id":"action85","type":"key","parameters":{},"actions":[{"type":"keyDown","value":"î€‡"},{"type":"pause","duration":10},{"type":"keyUp","value":"î€‡"}]}]}
COMMAND: GET /session/a49a846f150ab9031b86585360f30ac3/screenshot - {}
RESULT: {}
COMMAND: POST /session/a49a846f150ab9031b86585360f30ac3/element - {"using":"xpath","value":"//span[contains(@id, \"masterListContractsSmartTable-header-inner\")]"}
RESULT: {"using":"xpath","value":"//span[contains(@id, \"masterListContractsSmartTable-header-inner\")]"}
COMMAND: POST /session/a49a846f150ab9031b86585360f30ac3/elements - {"using":"xpath","value":"//span[contains(@id, \"masterListContractsSmartTable-header-inner\")]"}
RESULT: {"using":"xpath","value":"//span[contains(@id, \"masterListContractsSmartTable-header-inner\")]"}
COMMAND: POST /session/a49a846f150ab9031b86585360f30ac3/execute/sync - {"script":"<script> [56 bytes]","args":[{"element-6066-11e4-a52e-4f735466cecf":"f.6CD6B7C80D08F775EB7D2FFF8B2C9AB5.d.1EF84D8BDFF02509CD72BB3AEA9CCB77.e.23641","ELEMENT":"f.6CD6B7C80D08F775EB7D2FFF8B2C9AB5.d.1EF84D8BDFF02509CD72BB3AEA9CCB77.e.23641"}]}
RESULT: {"script":"<script> [56 bytes]","args":[{"element-6066-11e4-a52e-4f735466cecf":"f.6CD6B7C80D08F775EB7D2FFF8B2C9AB5.d.1EF84D8BDFF02509CD72BB3AEA9CCB77.e.23641","ELEMENT":"f.6CD6B7C80D08F775EB7D2FFF8B2C9AB5.d.1EF84D8BDFF02509CD72BB3AEA9CCB77.e.23641"}]}
COMMAND: POST /session/a49a846f150ab9031b86585360f30ac3/element - {"using":"xpath","value":"(//span[contains(@id, \"imgNav\")])[1]"}
COMMAND: GET /session/a49a846f150ab9031b86585360f30ac3/screenshot - {}
RESULT: {"using":"xpath","value":"(//span[contains(@id, \"imgNav\")])[1]"}
COMMAND: POST /session/a49a846f150ab9031b86585360f30ac3/element/f.6CD6B7C80D08F775EB7D2FFF8B2C9AB5.d.1EF84D8BDFF02509CD72BB3AEA9CCB77.e.23605/click - {}
RESULT: {}
RESULT: {}
COMMAND: GET /session/a49a846f150ab9031b86585360f30ac3/screenshot - {}
RESULT: {}
COMMAND: POST /session/a49a846f150ab9031b86585360f30ac3/element - {"using":"xpath","value":"//button[contains(@id, \"contractDetailReturnButton\")]"}
RESULT: {"using":"xpath","value":"//button[contains(@id, \"contractDetailReturnButton\")]"}
COMMAND: POST /session/a49a846f150ab9031b86585360f30ac3/element/f.6CD6B7C80D08F775EB7D2FFF8B2C9AB5.d.1EF84D8BDFF02509CD72BB3AEA9CCB77.e.23694/click - {}
RESULT: {}
COMMAND: GET /session/a49a846f150ab9031b86585360f30ac3/screenshot - {}
RESULT: {}
RESULT: undefined
COMMAND: POST /session/a49a846f150ab9031b86585360f30ac3/execute/async - {"script":"<script> [776 bytes]","args":[{"enterText":"05/13/25","selector":{"id":"application-managehandovers-display-component---AddNewHO--dueDate","interaction":{"idSuffix":"inner"}},"clearTextFirst":true,"interactionType":"ENTER_TEXT"}]}
RESULT: {"script":"<script> [776 bytes]","args":[{"enterText":"05/13/25","selector":{"id":"application-managehandovers-display-component---AddNewHO--dueDate","interaction":{"idSuffix":"inner"}},"clearTextFirst":true,"interactionType":"ENTER_TEXT"}]}
COMMAND: POST /session/a49a846f150ab9031b86585360f30ac3/element - {"using":"xpath","value":"//bdi[contains(text(), \"Instructions\")]"}
RESULT: {"using":"xpath","value":"//bdi[contains(text(), \"Instructions\")]"}
COMMAND: POST /session/a49a846f150ab9031b86585360f30ac3/element/f.6CD6B7C80D08F775EB7D2FFF8B2C9AB5.d.1EF84D8BDFF02509CD72BB3AEA9CCB77.e.24103/click - {}
RESULT: {}
COMMAND: GET /session/a49a846f150ab9031b86585360f30ac3/screenshot - {}
RESULT: {}
COMMAND: POST /session/a49a846f150ab9031b86585360f30ac3/element - {"using":"xpath","value":"//button[@data-kt=\"AddNewHOProvideAddItemsButton\"]"}
RESULT: {"using":"xpath","value":"//button[@data-kt=\"AddNewHOProvideAddItemsButton\"]"}
COMMAND: POST /session/a49a846f150ab9031b86585360f30ac3/element/f.6CD6B7C80D08F775EB7D2FFF8B2C9AB5.d.1EF84D8BDFF02509CD72BB3AEA9CCB77.e.23926/click - {}
RESULT: {}
COMMAND: GET /session/a49a846f150ab9031b86585360f30ac3/screenshot - {}
RESULT: {}
RESULT: undefined
COMMAND: POST /session/a49a846f150ab9031b86585360f30ac3/element - {"using":"xpath","value":"//*[@id=\"application-managehandovers-display-component---AddNewHO--popup-sa\"]"}
RESULT: {"using":"xpath","value":"//*[@id=\"application-managehandovers-display-component---AddNewHO--popup-sa\"]"}
COMMAND: POST /session/a49a846f150ab9031b86585360f30ac3/element/f.6CD6B7C80D08F775EB7D2FFF8B2C9AB5.d.1EF84D8BDFF02509CD72BB3AEA9CCB77.e.24115/click - {}
RESULT: {}
COMMAND: GET /session/a49a846f150ab9031b86585360f30ac3/screenshot - {}
RESULT: {}
COMMAND: POST /session/a49a846f150ab9031b86585360f30ac3/element - {"using":"xpath","value":"//*[contains(@id ,\"BDI-content\")][contains(text(), \"Select\")]"}
RESULT: {"using":"xpath","value":"//*[contains(@id ,\"BDI-content\")][contains(text(), \"Select\")]"}
COMMAND: POST /session/a49a846f150ab9031b86585360f30ac3/element/f.6CD6B7C80D08F775EB7D2FFF8B2C9AB5.d.1EF84D8BDFF02509CD72BB3AEA9CCB77.e.24117/click - {}
RESULT: {}
COMMAND: GET /session/a49a846f150ab9031b86585360f30ac3/screenshot - {}
RESULT: {}
COMMAND: POST /session/a49a846f150ab9031b86585360f30ac3/element - {"using":"xpath","value":"(//div[contains(@id, \"application-managehandovers-display-component---AddNewHO--oneStep-CbBg\")])"}
RESULT: {"using":"xpath","value":"(//div[contains(@id, \"application-managehandovers-display-component---AddNewHO--oneStep-CbBg\")])"}
COMMAND: POST /session/a49a846f150ab9031b86585360f30ac3/element/f.6CD6B7C80D08F775EB7D2FFF8B2C9AB5.d.1EF84D8BDFF02509CD72BB3AEA9CCB77.e.24125/click - {}
RESULT: {}
RESULT: undefined
COMMAND: POST /session/a49a846f150ab9031b86585360f30ac3/element - {"using":"xpath","value":"//*[@id=\"application-managehandovers-display-component---AddNewHO--confirmCreationButton\"]"}
COMMAND: GET /session/a49a846f150ab9031b86585360f30ac3/screenshot - {}
RESULT: {"using":"xpath","value":"//*[@id=\"application-managehandovers-display-component---AddNewHO--confirmCreationButton\"]"}
COMMAND: POST /session/a49a846f150ab9031b86585360f30ac3/element/f.6CD6B7C80D08F775EB7D2FFF8B2C9AB5.d.1EF84D8BDFF02509CD72BB3AEA9CCB77.e.23933/click - {}
RESULT: {}
RESULT: {}
COMMAND: GET /session/a49a846f150ab9031b86585360f30ac3/screenshot - {}
RESULT: {}
COMMAND: POST /session/a49a846f150ab9031b86585360f30ac3/element - {"using":"xpath","value":"//button[@data-kt=\"PickingTableConfirmAllButton\"]"}
RESULT: {"using":"xpath","value":"//button[@data-kt=\"PickingTableConfirmAllButton\"]"}
COMMAND: POST /session/a49a846f150ab9031b86585360f30ac3/elements - {"using":"xpath","value":"//button[@data-kt=\"PickingTableConfirmAllButton\"]"}
RESULT: {"using":"xpath","value":"//button[@data-kt=\"PickingTableConfirmAllButton\"]"}
COMMAND: POST /session/a49a846f150ab9031b86585360f30ac3/elements - {"using":"xpath","value":"//button[@data-kt=\"PickingTableConfirmAllButton\"]"}
RESULT: {"using":"xpath","value":"//button[@data-kt=\"PickingTableConfirmAllButton\"]"}
COMMAND: POST /session/a49a846f150ab9031b86585360f30ac3/element - {"using":"xpath","value":"//button[@data-kt=\"PickingTableConfirmAllButton\"]"}
RESULT: {"using":"xpath","value":"//button[@data-kt=\"PickingTableConfirmAllButton\"]"}
COMMAND: POST /session/a49a846f150ab9031b86585360f30ac3/element/f.6CD6B7C80D08F775EB7D2FFF8B2C9AB5.d.1EF84D8BDFF02509CD72BB3AEA9CCB77.e.24156/click - {}
COMMAND: POST /session/a49a846f150ab9031b86585360f30ac3/element - {"using":"xpath","value":"//button[@data-kt=\"PickingTableConfirmAllButton\"]"}
RESULT: {"using":"xpath","value":"//button[@data-kt=\"PickingTableConfirmAllButton\"]"}
COMMAND: POST /session/a49a846f150ab9031b86585360f30ac3/element/f.6CD6B7C80D08F775EB7D2FFF8B2C9AB5.d.1EF84D8BDFF02509CD72BB3AEA9CCB77.e.24156/click - {}
COMMAND: POST /session/a49a846f150ab9031b86585360f30ac3/element - {"using":"xpath","value":"//button[@data-kt=\"PickingTableConfirmAllButton\"]"}
RESULT: {"using":"xpath","value":"//button[@data-kt=\"PickingTableConfirmAllButton\"]"}
COMMAND: POST /session/a49a846f150ab9031b86585360f30ac3/element/f.6CD6B7C80D08F775EB7D2FFF8B2C9AB5.d.1EF84D8BDFF02509CD72BB3AEA9CCB77.e.24174/click - {}
RESULT: {}
COMMAND: GET /session/a49a846f150ab9031b86585360f30ac3/screenshot - {}
RESULT: {}
COMMAND: POST /session/a49a846f150ab9031b86585360f30ac3/element - {"using":"xpath","value":"//bdi[contains(text(), \"OK\")]"}
RESULT: {"using":"xpath","value":"//bdi[contains(text(), \"OK\")]"}
COMMAND: POST /session/a49a846f150ab9031b86585360f30ac3/element/f.6CD6B7C80D08F775EB7D2FFF8B2C9AB5.d.1EF84D8BDFF02509CD72BB3AEA9CCB77.e.24177/click - {}
RESULT: {}
COMMAND: GET /session/a49a846f150ab9031b86585360f30ac3/screenshot - {}
RESULT: {}
COMMAND: POST /session/a49a846f150ab9031b86585360f30ac3/element - {"using":"xpath","value":"//button[@data-kt=\"execHoPickButton\"]"}
RESULT: {"using":"xpath","value":"//button[@data-kt=\"execHoPickButton\"]"}
COMMAND: POST /session/a49a846f150ab9031b86585360f30ac3/element/f.6CD6B7C80D08F775EB7D2FFF8B2C9AB5.d.1EF84D8BDFF02509CD72BB3AEA9CCB77.e.24178/click - {}
RESULT: {}
COMMAND: GET /session/a49a846f150ab9031b86585360f30ac3/screenshot - {}
RESULT: {}
COMMAND: POST /session/a49a846f150ab9031b86585360f30ac3/element - {"using":"xpath","value":"//span[contains(@id ,\"filterItemControl_BASIC-SEND_CONTRACT-vhi\")]"}
RESULT: {"using":"xpath","value":"//span[contains(@id ,\"filterItemControl_BASIC-SEND_CONTRACT-vhi\")]"}
COMMAND: POST /session/a49a846f150ab9031b86585360f30ac3/element/f.6CD6B7C80D08F775EB7D2FFF8B2C9AB5.d.1EF84D8BDFF02509CD72BB3AEA9CCB77.e.24555/click - {}
RESULT: {}
COMMAND: GET /session/a49a846f150ab9031b86585360f30ac3/screenshot - {}
RESULT: {}
RESULT: undefined
COMMAND: POST /session/a49a846f150ab9031b86585360f30ac3/execute/async - {"script":"<script> [776 bytes]","args":[{"enterText":"10319","selector":{"controlType":"sap.m.SearchField","viewName":"etm.portal.ui.managehandovers.view.MasterHO","bindingPath":{"path":"","propertyPath":"/_BASIC_SEARCH_FIELD","modelName":"fi1t3rM0d31"},"searchOpenDialogs":true,"interaction":{"idSuffix":"I"}},"clearTextFirst":true,"interactionType":"ENTER_TEXT"}]}
RESULT: {"script":"<script> [776 bytes]","args":[{"enterText":"10319","selector":{"controlType":"sap.m.SearchField","viewName":"etm.portal.ui.managehandovers.view.MasterHO","bindingPath":{"path":"","propertyPath":"/_BASIC_SEARCH_FIELD","modelName":"fi1t3rM0d31"},"searchOpenDialogs":true,"interaction":{"idSuffix":"I"}},"clearTextFirst":true,"interactionType":"ENTER_TEXT"}]}
COMMAND: POST /session/a49a846f150ab9031b86585360f30ac3/actions - {"actions":[{"id":"action86","type":"key","parameters":{},"actions":[{"type":"keyDown","value":"î€‡"},{"type":"pause","duration":10},{"type":"keyUp","value":"î€‡"}]}]}
RESULT: {"actions":[{"id":"action86","type":"key","parameters":{},"actions":[{"type":"keyDown","value":"î€‡"},{"type":"pause","duration":10},{"type":"keyUp","value":"î€‡"}]}]}
COMMAND: GET /session/a49a846f150ab9031b86585360f30ac3/screenshot - {}
RESULT: {}
COMMAND: POST /session/a49a846f150ab9031b86585360f30ac3/element - {"using":"xpath","value":"//div[contains(@id, 'filterItemControl_BASIC-SEND_CONTRACT-valueHelpDialog-table-rowsel0')]"}
RESULT: {"using":"xpath","value":"//div[contains(@id, 'filterItemControl_BASIC-SEND_CONTRACT-valueHelpDialog-table-rowsel0')]"}
COMMAND: POST /session/a49a846f150ab9031b86585360f30ac3/element/f.6CD6B7C80D08F775EB7D2FFF8B2C9AB5.d.1EF84D8BDFF02509CD72BB3AEA9CCB77.e.24563/click - {}
RESULT: {}
COMMAND: GET /session/a49a846f150ab9031b86585360f30ac3/screenshot - {}
RESULT: {}
COMMAND: POST /session/a49a846f150ab9031b86585360f30ac3/element - {"using":"xpath","value":"//bdi[contains(text(), \"OK\")]"}
RESULT: {"using":"xpath","value":"//bdi[contains(text(), \"OK\")]"}
COMMAND: POST /session/a49a846f150ab9031b86585360f30ac3/element/f.6CD6B7C80D08F775EB7D2FFF8B2C9AB5.d.1EF84D8BDFF02509CD72BB3AEA9CCB77.e.24565/click - {}
RESULT: {}
COMMAND: GET /session/a49a846f150ab9031b86585360f30ac3/screenshot - {}
RESULT: {}
COMMAND: POST /session/a49a846f150ab9031b86585360f30ac3/element - {"using":"xpath","value":"//span[contains(@id, \"smartTable-header-inner\")]"}
RESULT: {"using":"xpath","value":"//span[contains(@id, \"smartTable-header-inner\")]"}
COMMAND: POST /session/a49a846f150ab9031b86585360f30ac3/elements - {"using":"xpath","value":"//span[contains(@id, \"smartTable-header-inner\")]"}
RESULT: {"using":"xpath","value":"//span[contains(@id, \"smartTable-header-inner\")]"}
COMMAND: POST /session/a49a846f150ab9031b86585360f30ac3/execute/sync - {"script":"<script> [56 bytes]","args":[{"element-6066-11e4-a52e-4f735466cecf":"f.6CD6B7C80D08F775EB7D2FFF8B2C9AB5.d.1EF84D8BDFF02509CD72BB3AEA9CCB77.e.24591","ELEMENT":"f.6CD6B7C80D08F775EB7D2FFF8B2C9AB5.d.1EF84D8BDFF02509CD72BB3AEA9CCB77.e.24591"}]}
RESULT: {"script":"<script> [56 bytes]","args":[{"element-6066-11e4-a52e-4f735466cecf":"f.6CD6B7C80D08F775EB7D2FFF8B2C9AB5.d.1EF84D8BDFF02509CD72BB3AEA9CCB77.e.24591","ELEMENT":"f.6CD6B7C80D08F775EB7D2FFF8B2C9AB5.d.1EF84D8BDFF02509CD72BB3AEA9CCB77.e.24591"}]}
COMMAND: POST /session/a49a846f150ab9031b86585360f30ac3/element - {"using":"xpath","value":"//table[contains(@id, \"customHandovers\")]//tbody/tr[1]/td[2]/span"}
COMMAND: GET /session/a49a846f150ab9031b86585360f30ac3/screenshot - {}
RESULT: {"using":"xpath","value":"//table[contains(@id, \"customHandovers\")]//tbody/tr[1]/td[2]/span"}
COMMAND: POST /session/a49a846f150ab9031b86585360f30ac3/execute/sync - {"script":"<script> [56 bytes]","args":[{"element-6066-11e4-a52e-4f735466cecf":"f.6CD6B7C80D08F775EB7D2FFF8B2C9AB5.d.1EF84D8BDFF02509CD72BB3AEA9CCB77.e.24592","ELEMENT":"f.6CD6B7C80D08F775EB7D2FFF8B2C9AB5.d.1EF84D8BDFF02509CD72BB3AEA9CCB77.e.24592"}]}
RESULT: {}
RESULT: {"script":"<script> [56 bytes]","args":[{"element-6066-11e4-a52e-4f735466cecf":"f.6CD6B7C80D08F775EB7D2FFF8B2C9AB5.d.1EF84D8BDFF02509CD72BB3AEA9CCB77.e.24592","ELEMENT":"f.6CD6B7C80D08F775EB7D2FFF8B2C9AB5.d.1EF84D8BDFF02509CD72BB3AEA9CCB77.e.24592"}]}
COMMAND: POST /session/a49a846f150ab9031b86585360f30ac3/element - {"using":"xpath","value":"(//span[contains(@id, \"imgNav\")])[1]"}
COMMAND: GET /session/a49a846f150ab9031b86585360f30ac3/screenshot - {}
RESULT: {"using":"xpath","value":"(//span[contains(@id, \"imgNav\")])[1]"}
COMMAND: POST /session/a49a846f150ab9031b86585360f30ac3/element/f.6CD6B7C80D08F775EB7D2FFF8B2C9AB5.d.1EF84D8BDFF02509CD72BB3AEA9CCB77.e.24589/click - {}
RESULT: {}
RESULT: {}
COMMAND: GET /session/a49a846f150ab9031b86585360f30ac3/screenshot - {}
RESULT: {}
COMMAND: POST /session/a49a846f150ab9031b86585360f30ac3/element - {"using":"xpath","value":"//button[@data-kt=\"PickingTableConfirmAllButton\"]"}
RESULT: {"using":"xpath","value":"//button[@data-kt=\"PickingTableConfirmAllButton\"]"}
COMMAND: POST /session/a49a846f150ab9031b86585360f30ac3/element/f.6CD6B7C80D08F775EB7D2FFF8B2C9AB5.d.1EF84D8BDFF02509CD72BB3AEA9CCB77.e.24609/click - {}
RESULT: {}
COMMAND: GET /session/a49a846f150ab9031b86585360f30ac3/screenshot - {}
RESULT: {}
COMMAND: POST /session/a49a846f150ab9031b86585360f30ac3/element - {"using":"xpath","value":"//bdi[contains(text(), \"OK\")]"}
RESULT: {"using":"xpath","value":"//bdi[contains(text(), \"OK\")]"}
COMMAND: POST /session/a49a846f150ab9031b86585360f30ac3/element/f.6CD6B7C80D08F775EB7D2FFF8B2C9AB5.d.1EF84D8BDFF02509CD72BB3AEA9CCB77.e.24638/click - {}
RESULT: {}
COMMAND: GET /session/a49a846f150ab9031b86585360f30ac3/screenshot - {}
RESULT: {}
COMMAND: POST /session/a49a846f150ab9031b86585360f30ac3/element - {"using":"xpath","value":"//button[@data-kt=\"execHoIssueButton\"]"}
RESULT: {"using":"xpath","value":"//button[@data-kt=\"execHoIssueButton\"]"}
COMMAND: POST /session/a49a846f150ab9031b86585360f30ac3/element/f.6CD6B7C80D08F775EB7D2FFF8B2C9AB5.d.1EF84D8BDFF02509CD72BB3AEA9CCB77.e.24640/click - {}
RESULT: {}
COMMAND: GET /session/a49a846f150ab9031b86585360f30ac3/screenshot - {}
RESULT: {}
COMMAND: POST /session/a49a846f150ab9031b86585360f30ac3/element - {"using":"xpath","value":"//input[contains(@id ,\"smartFilterBar-btnBasicSearch-I\")]"}
RESULT: {"using":"xpath","value":"//input[contains(@id ,\"smartFilterBar-btnBasicSearch-I\")]"}
COMMAND: POST /session/a49a846f150ab9031b86585360f30ac3/elements - {"using":"xpath","value":"//input[contains(@id ,\"smartFilterBar-btnBasicSearch-I\")]"}
RESULT: {"using":"xpath","value":"//input[contains(@id ,\"smartFilterBar-btnBasicSearch-I\")]"}
COMMAND: POST /session/a49a846f150ab9031b86585360f30ac3/execute/sync - {"script":"<script> [8489 bytes]","args":[{"element-6066-11e4-a52e-4f735466cecf":"f.6CD6B7C80D08F775EB7D2FFF8B2C9AB5.d.1EF84D8BDFF02509CD72BB3AEA9CCB77.e.23855","ELEMENT":"f.6CD6B7C80D08F775EB7D2FFF8B2C9AB5.d.1EF84D8BDFF02509CD72BB3AEA9CCB77.e.23855"}]}
RESULT: {"script":"<script> [8489 bytes]","args":[{"element-6066-11e4-a52e-4f735466cecf":"f.6CD6B7C80D08F775EB7D2FFF8B2C9AB5.d.1EF84D8BDFF02509CD72BB3AEA9CCB77.e.23855","ELEMENT":"f.6CD6B7C80D08F775EB7D2FFF8B2C9AB5.d.1EF84D8BDFF02509CD72BB3AEA9CCB77.e.23855"}]}
COMMAND: GET /session/a49a846f150ab9031b86585360f30ac3/element/f.6CD6B7C80D08F775EB7D2FFF8B2C9AB5.d.1EF84D8BDFF02509CD72BB3AEA9CCB77.e.23855/enabled - {}
COMMAND: GET /session/a49a846f150ab9031b86585360f30ac3/screenshot - {}
RESULT: {}
COMMAND: POST /session/a49a846f150ab9031b86585360f30ac3/element/f.6CD6B7C80D08F775EB7D2FFF8B2C9AB5.d.1EF84D8BDFF02509CD72BB3AEA9CCB77.e.23855/clear - {}
COMMAND: GET /session/a49a846f150ab9031b86585360f30ac3/screenshot - {}
RESULT: {}
RESULT: {}
COMMAND: POST /session/a49a846f150ab9031b86585360f30ac3/element/f.6CD6B7C80D08F775EB7D2FFF8B2C9AB5.d.1EF84D8BDFF02509CD72BB3AEA9CCB77.e.23855/value - {"text":"30444"}
COMMAND: GET /session/a49a846f150ab9031b86585360f30ac3/screenshot - {}
RESULT: {}
RESULT: {"text":"30444"}
COMMAND: GET /session/a49a846f150ab9031b86585360f30ac3/screenshot - {}
RESULT: {}
RESULT: {}
COMMAND: POST /session/a49a846f150ab9031b86585360f30ac3/actions - {"actions":[{"id":"action87","type":"key","parameters":{},"actions":[{"type":"keyDown","value":"î€‡"},{"type":"pause","duration":10},{"type":"keyUp","value":"î€‡"}]}]}
RESULT: {"actions":[{"id":"action87","type":"key","parameters":{},"actions":[{"type":"keyDown","value":"î€‡"},{"type":"pause","duration":10},{"type":"keyUp","value":"î€‡"}]}]}
COMMAND: GET /session/a49a846f150ab9031b86585360f30ac3/screenshot - {}
RESULT: {}
COMMAND: POST /session/a49a846f150ab9031b86585360f30ac3/element - {"using":"xpath","value":"//span[contains(@id, \"smartTable-header-inner\")]"}
RESULT: {"using":"xpath","value":"//span[contains(@id, \"smartTable-header-inner\")]"}
COMMAND: POST /session/a49a846f150ab9031b86585360f30ac3/elements - {"using":"xpath","value":"//span[contains(@id, \"smartTable-header-inner\")]"}
RESULT: {"using":"xpath","value":"//span[contains(@id, \"smartTable-header-inner\")]"}
COMMAND: POST /session/a49a846f150ab9031b86585360f30ac3/execute/sync - {"script":"<script> [56 bytes]","args":[{"element-6066-11e4-a52e-4f735466cecf":"f.6CD6B7C80D08F775EB7D2FFF8B2C9AB5.d.1EF84D8BDFF02509CD72BB3AEA9CCB77.e.24591","ELEMENT":"f.6CD6B7C80D08F775EB7D2FFF8B2C9AB5.d.1EF84D8BDFF02509CD72BB3AEA9CCB77.e.24591"}]}
RESULT: {"script":"<script> [56 bytes]","args":[{"element-6066-11e4-a52e-4f735466cecf":"f.6CD6B7C80D08F775EB7D2FFF8B2C9AB5.d.1EF84D8BDFF02509CD72BB3AEA9CCB77.e.24591","ELEMENT":"f.6CD6B7C80D08F775EB7D2FFF8B2C9AB5.d.1EF84D8BDFF02509CD72BB3AEA9CCB77.e.24591"}]}
COMMAND: POST /session/a49a846f150ab9031b86585360f30ac3/elements - {"using":"xpath","value":"//thead[contains(@class, \"sapMTableTH\")]/tr/th"}
COMMAND: GET /session/a49a846f150ab9031b86585360f30ac3/screenshot - {}
RESULT: {"using":"xpath","value":"//thead[contains(@class, \"sapMTableTH\")]/tr/th"}
COMMAND: GET /session/a49a846f150ab9031b86585360f30ac3/element/f.6CD6B7C80D08F775EB7D2FFF8B2C9AB5.d.1EF84D8BDFF02509CD72BB3AEA9CCB77.e.24687/text - {}
RESULT: {}
RESULT: {}
COMMAND: GET /session/a49a846f150ab9031b86585360f30ac3/element/f.6CD6B7C80D08F775EB7D2FFF8B2C9AB5.d.1EF84D8BDFF02509CD72BB3AEA9CCB77.e.24688/text - {}
RESULT: {}
COMMAND: GET /session/a49a846f150ab9031b86585360f30ac3/element/f.6CD6B7C80D08F775EB7D2FFF8B2C9AB5.d.1EF84D8BDFF02509CD72BB3AEA9CCB77.e.23900/text - {}
RESULT: {}
COMMAND: GET /session/a49a846f150ab9031b86585360f30ac3/element/f.6CD6B7C80D08F775EB7D2FFF8B2C9AB5.d.1EF84D8BDFF02509CD72BB3AEA9CCB77.e.23902/text - {}
RESULT: {}
COMMAND: GET /session/a49a846f150ab9031b86585360f30ac3/element/f.6CD6B7C80D08F775EB7D2FFF8B2C9AB5.d.1EF84D8BDFF02509CD72BB3AEA9CCB77.e.24643/text - {}
RESULT: {}
COMMAND: GET /session/a49a846f150ab9031b86585360f30ac3/element/f.6CD6B7C80D08F775EB7D2FFF8B2C9AB5.d.1EF84D8BDFF02509CD72BB3AEA9CCB77.e.24644/text - {}
RESULT: {}
COMMAND: GET /session/a49a846f150ab9031b86585360f30ac3/element/f.6CD6B7C80D08F775EB7D2FFF8B2C9AB5.d.1EF84D8BDFF02509CD72BB3AEA9CCB77.e.24645/text - {}
RESULT: {}
COMMAND: GET /session/a49a846f150ab9031b86585360f30ac3/element/f.6CD6B7C80D08F775EB7D2FFF8B2C9AB5.d.1EF84D8BDFF02509CD72BB3AEA9CCB77.e.24646/text - {}
RESULT: {}
COMMAND: GET /session/a49a846f150ab9031b86585360f30ac3/element/f.6CD6B7C80D08F775EB7D2FFF8B2C9AB5.d.1EF84D8BDFF02509CD72BB3AEA9CCB77.e.24647/text - {}
RESULT: {}
COMMAND: GET /session/a49a846f150ab9031b86585360f30ac3/element/f.6CD6B7C80D08F775EB7D2FFF8B2C9AB5.d.1EF84D8BDFF02509CD72BB3AEA9CCB77.e.24648/text - {}
RESULT: {}
COMMAND: GET /session/a49a846f150ab9031b86585360f30ac3/element/f.6CD6B7C80D08F775EB7D2FFF8B2C9AB5.d.1EF84D8BDFF02509CD72BB3AEA9CCB77.e.24649/text - {}
RESULT: {}
COMMAND: GET /session/a49a846f150ab9031b86585360f30ac3/element/f.6CD6B7C80D08F775EB7D2FFF8B2C9AB5.d.1EF84D8BDFF02509CD72BB3AEA9CCB77.e.24650/text - {}
RESULT: {}
COMMAND: GET /session/a49a846f150ab9031b86585360f30ac3/element/f.6CD6B7C80D08F775EB7D2FFF8B2C9AB5.d.1EF84D8BDFF02509CD72BB3AEA9CCB77.e.24651/text - {}
RESULT: {}
COMMAND: GET /session/a49a846f150ab9031b86585360f30ac3/element/f.6CD6B7C80D08F775EB7D2FFF8B2C9AB5.d.1EF84D8BDFF02509CD72BB3AEA9CCB77.e.23903/text - {}
RESULT: {}
COMMAND: POST /session/a49a846f150ab9031b86585360f30ac3/element - {"using":"xpath","value":"//tbody[contains(@id, \"customHandoversTable-tblBody\")]/tr[1]/td[14]/div/span"}
RESULT: {"using":"xpath","value":"//tbody[contains(@id, \"customHandoversTable-tblBody\")]/tr[1]/td[14]/div/span"}
COMMAND: POST /session/a49a846f150ab9031b86585360f30ac3/execute/sync - {"script":"<script> [56 bytes]","args":[{"element-6066-11e4-a52e-4f735466cecf":"f.6CD6B7C80D08F775EB7D2FFF8B2C9AB5.d.1EF84D8BDFF02509CD72BB3AEA9CCB77.e.24741","ELEMENT":"f.6CD6B7C80D08F775EB7D2FFF8B2C9AB5.d.1EF84D8BDFF02509CD72BB3AEA9CCB77.e.24741"}]}
RESULT: {"script":"<script> [56 bytes]","args":[{"element-6066-11e4-a52e-4f735466cecf":"f.6CD6B7C80D08F775EB7D2FFF8B2C9AB5.d.1EF84D8BDFF02509CD72BB3AEA9CCB77.e.24741","ELEMENT":"f.6CD6B7C80D08F775EB7D2FFF8B2C9AB5.d.1EF84D8BDFF02509CD72BB3AEA9CCB77.e.24741"}]}
COMMAND: POST /session/a49a846f150ab9031b86585360f30ac3/element - {"using":"xpath","value":"(//span[contains(@id, \"imgNav\")])[1]"}
COMMAND: GET /session/a49a846f150ab9031b86585360f30ac3/screenshot - {}
RESULT: {"using":"xpath","value":"(//span[contains(@id, \"imgNav\")])[1]"}
COMMAND: POST /session/a49a846f150ab9031b86585360f30ac3/element/f.6CD6B7C80D08F775EB7D2FFF8B2C9AB5.d.1EF84D8BDFF02509CD72BB3AEA9CCB77.e.24684/click - {}
RESULT: {}
RESULT: {}
COMMAND: GET /session/a49a846f150ab9031b86585360f30ac3/screenshot - {}
RESULT: {}
RESULT: undefined
COMMAND: POST /session/a49a846f150ab9031b86585360f30ac3/execute/async - {"script":"<script> [776 bytes]","args":[{"enterText":"05/20/25","selector":{"id":"receiptDatePicker","viewName":"etm.portal.ui.managehandovers.view.DetailExecuteHO","interaction":{"idSuffix":"inner"}},"clearTextFirst":true,"interactionType":"ENTER_TEXT"}]}
RESULT: {"script":"<script> [776 bytes]","args":[{"enterText":"05/20/25","selector":{"id":"receiptDatePicker","viewName":"etm.portal.ui.managehandovers.view.DetailExecuteHO","interaction":{"idSuffix":"inner"}},"clearTextFirst":true,"interactionType":"ENTER_TEXT"}]}
COMMAND: POST /session/a49a846f150ab9031b86585360f30ac3/element - {"using":"xpath","value":"//bdi[contains(text(), \"OK\")]"}
RESULT: {"using":"xpath","value":"//bdi[contains(text(), \"OK\")]"}
COMMAND: POST /session/a49a846f150ab9031b86585360f30ac3/element/f.6CD6B7C80D08F775EB7D2FFF8B2C9AB5.d.1EF84D8BDFF02509CD72BB3AEA9CCB77.e.24771/click - {}
RESULT: {}
COMMAND: GET /session/a49a846f150ab9031b86585360f30ac3/screenshot - {}
RESULT: {}
COMMAND: POST /session/a49a846f150ab9031b86585360f30ac3/element - {"using":"xpath","value":"//button[@data-kt=\"PickingTableConfirmAllButton\"]"}
RESULT: {"using":"xpath","value":"//button[@data-kt=\"PickingTableConfirmAllButton\"]"}
COMMAND: POST /session/a49a846f150ab9031b86585360f30ac3/element/f.6CD6B7C80D08F775EB7D2FFF8B2C9AB5.d.1EF84D8BDFF02509CD72BB3AEA9CCB77.e.24757/click - {}
RESULT: {}
COMMAND: GET /session/a49a846f150ab9031b86585360f30ac3/screenshot - {}
RESULT: {}
COMMAND: POST /session/a49a846f150ab9031b86585360f30ac3/element - {"using":"xpath","value":"//bdi[contains(text(), \"OK\")]"}
RESULT: {"using":"xpath","value":"//bdi[contains(text(), \"OK\")]"}
COMMAND: POST /session/a49a846f150ab9031b86585360f30ac3/element/f.6CD6B7C80D08F775EB7D2FFF8B2C9AB5.d.1EF84D8BDFF02509CD72BB3AEA9CCB77.e.24786/click - {}
RESULT: {}
COMMAND: GET /session/a49a846f150ab9031b86585360f30ac3/screenshot - {}
RESULT: {}
COMMAND: POST /session/a49a846f150ab9031b86585360f30ac3/element - {"using":"xpath","value":"//button[@data-kt= \"execHoReceiveButton\"]"}
RESULT: {"using":"xpath","value":"//button[@data-kt= \"execHoReceiveButton\"]"}
COMMAND: POST /session/a49a846f150ab9031b86585360f30ac3/element/f.6CD6B7C80D08F775EB7D2FFF8B2C9AB5.d.1EF84D8BDFF02509CD72BB3AEA9CCB77.e.24787/click - {}
RESULT: {}
COMMAND: GET /session/a49a846f150ab9031b86585360f30ac3/screenshot - {}
RESULT: {}
COMMAND: POST /session/a49a846f150ab9031b86585360f30ac3/element - {"using":"xpath","value":"//input[contains(@id ,\"smartFilterBar-btnBasicSearch-I\")]"}
RESULT: {"using":"xpath","value":"//input[contains(@id ,\"smartFilterBar-btnBasicSearch-I\")]"}
COMMAND: POST /session/a49a846f150ab9031b86585360f30ac3/elements - {"using":"xpath","value":"//input[contains(@id ,\"smartFilterBar-btnBasicSearch-I\")]"}
RESULT: {"using":"xpath","value":"//input[contains(@id ,\"smartFilterBar-btnBasicSearch-I\")]"}
COMMAND: POST /session/a49a846f150ab9031b86585360f30ac3/execute/sync - {"script":"<script> [8489 bytes]","args":[{"element-6066-11e4-a52e-4f735466cecf":"f.6CD6B7C80D08F775EB7D2FFF8B2C9AB5.d.1EF84D8BDFF02509CD72BB3AEA9CCB77.e.23855","ELEMENT":"f.6CD6B7C80D08F775EB7D2FFF8B2C9AB5.d.1EF84D8BDFF02509CD72BB3AEA9CCB77.e.23855"}]}
RESULT: {"script":"<script> [8489 bytes]","args":[{"element-6066-11e4-a52e-4f735466cecf":"f.6CD6B7C80D08F775EB7D2FFF8B2C9AB5.d.1EF84D8BDFF02509CD72BB3AEA9CCB77.e.23855","ELEMENT":"f.6CD6B7C80D08F775EB7D2FFF8B2C9AB5.d.1EF84D8BDFF02509CD72BB3AEA9CCB77.e.23855"}]}
COMMAND: GET /session/a49a846f150ab9031b86585360f30ac3/element/f.6CD6B7C80D08F775EB7D2FFF8B2C9AB5.d.1EF84D8BDFF02509CD72BB3AEA9CCB77.e.23855/enabled - {}
COMMAND: GET /session/a49a846f150ab9031b86585360f30ac3/screenshot - {}
RESULT: {}
COMMAND: POST /session/a49a846f150ab9031b86585360f30ac3/element/f.6CD6B7C80D08F775EB7D2FFF8B2C9AB5.d.1EF84D8BDFF02509CD72BB3AEA9CCB77.e.23855/clear - {}
COMMAND: GET /session/a49a846f150ab9031b86585360f30ac3/screenshot - {}
RESULT: {}
RESULT: {}
COMMAND: POST /session/a49a846f150ab9031b86585360f30ac3/element/f.6CD6B7C80D08F775EB7D2FFF8B2C9AB5.d.1EF84D8BDFF02509CD72BB3AEA9CCB77.e.23855/value - {"text":"30444"}
COMMAND: GET /session/a49a846f150ab9031b86585360f30ac3/screenshot - {}
RESULT: {}
RESULT: {"text":"30444"}
COMMAND: GET /session/a49a846f150ab9031b86585360f30ac3/screenshot - {}
RESULT: {}
RESULT: {}
COMMAND: POST /session/a49a846f150ab9031b86585360f30ac3/actions - {"actions":[{"id":"action88","type":"key","parameters":{},"actions":[{"type":"keyDown","value":"î€‡"},{"type":"pause","duration":10},{"type":"keyUp","value":"î€‡"}]}]}
RESULT: {"actions":[{"id":"action88","type":"key","parameters":{},"actions":[{"type":"keyDown","value":"î€‡"},{"type":"pause","duration":10},{"type":"keyUp","value":"î€‡"}]}]}
COMMAND: GET /session/a49a846f150ab9031b86585360f30ac3/screenshot - {}
RESULT: {}
COMMAND: POST /session/a49a846f150ab9031b86585360f30ac3/element - {"using":"xpath","value":"//span[contains(@id, \"smartTable-header-inner\")]"}
RESULT: {"using":"xpath","value":"//span[contains(@id, \"smartTable-header-inner\")]"}
COMMAND: POST /session/a49a846f150ab9031b86585360f30ac3/elements - {"using":"xpath","value":"//span[contains(@id, \"smartTable-header-inner\")]"}
RESULT: {"using":"xpath","value":"//span[contains(@id, \"smartTable-header-inner\")]"}
COMMAND: POST /session/a49a846f150ab9031b86585360f30ac3/execute/sync - {"script":"<script> [56 bytes]","args":[{"element-6066-11e4-a52e-4f735466cecf":"f.6CD6B7C80D08F775EB7D2FFF8B2C9AB5.d.1EF84D8BDFF02509CD72BB3AEA9CCB77.e.24591","ELEMENT":"f.6CD6B7C80D08F775EB7D2FFF8B2C9AB5.d.1EF84D8BDFF02509CD72BB3AEA9CCB77.e.24591"}]}
RESULT: {"script":"<script> [56 bytes]","args":[{"element-6066-11e4-a52e-4f735466cecf":"f.6CD6B7C80D08F775EB7D2FFF8B2C9AB5.d.1EF84D8BDFF02509CD72BB3AEA9CCB77.e.24591","ELEMENT":"f.6CD6B7C80D08F775EB7D2FFF8B2C9AB5.d.1EF84D8BDFF02509CD72BB3AEA9CCB77.e.24591"}]}
COMMAND: POST /session/a49a846f150ab9031b86585360f30ac3/elements - {"using":"xpath","value":"//thead[contains(@class, \"sapMTableTH\")]/tr/th"}
COMMAND: GET /session/a49a846f150ab9031b86585360f30ac3/screenshot - {}
RESULT: {"using":"xpath","value":"//thead[contains(@class, \"sapMTableTH\")]/tr/th"}
COMMAND: GET /session/a49a846f150ab9031b86585360f30ac3/element/f.6CD6B7C80D08F775EB7D2FFF8B2C9AB5.d.1EF84D8BDFF02509CD72BB3AEA9CCB77.e.24687/text - {}
RESULT: {}
RESULT: {}
COMMAND: GET /session/a49a846f150ab9031b86585360f30ac3/element/f.6CD6B7C80D08F775EB7D2FFF8B2C9AB5.d.1EF84D8BDFF02509CD72BB3AEA9CCB77.e.24688/text - {}
RESULT: {}
COMMAND: GET /session/a49a846f150ab9031b86585360f30ac3/element/f.6CD6B7C80D08F775EB7D2FFF8B2C9AB5.d.1EF84D8BDFF02509CD72BB3AEA9CCB77.e.23900/text - {}
RESULT: {}
COMMAND: GET /session/a49a846f150ab9031b86585360f30ac3/element/f.6CD6B7C80D08F775EB7D2FFF8B2C9AB5.d.1EF84D8BDFF02509CD72BB3AEA9CCB77.e.23902/text - {}
RESULT: {}
COMMAND: GET /session/a49a846f150ab9031b86585360f30ac3/element/f.6CD6B7C80D08F775EB7D2FFF8B2C9AB5.d.1EF84D8BDFF02509CD72BB3AEA9CCB77.e.24792/text - {}
RESULT: {}
COMMAND: GET /session/a49a846f150ab9031b86585360f30ac3/element/f.6CD6B7C80D08F775EB7D2FFF8B2C9AB5.d.1EF84D8BDFF02509CD72BB3AEA9CCB77.e.24793/text - {}
RESULT: {}
COMMAND: GET /session/a49a846f150ab9031b86585360f30ac3/element/f.6CD6B7C80D08F775EB7D2FFF8B2C9AB5.d.1EF84D8BDFF02509CD72BB3AEA9CCB77.e.24794/text - {}
RESULT: {}
COMMAND: GET /session/a49a846f150ab9031b86585360f30ac3/element/f.6CD6B7C80D08F775EB7D2FFF8B2C9AB5.d.1EF84D8BDFF02509CD72BB3AEA9CCB77.e.24795/text - {}
RESULT: {}
COMMAND: GET /session/a49a846f150ab9031b86585360f30ac3/element/f.6CD6B7C80D08F775EB7D2FFF8B2C9AB5.d.1EF84D8BDFF02509CD72BB3AEA9CCB77.e.24796/text - {}
RESULT: {}
COMMAND: GET /session/a49a846f150ab9031b86585360f30ac3/element/f.6CD6B7C80D08F775EB7D2FFF8B2C9AB5.d.1EF84D8BDFF02509CD72BB3AEA9CCB77.e.24797/text - {}
RESULT: {}
COMMAND: GET /session/a49a846f150ab9031b86585360f30ac3/element/f.6CD6B7C80D08F775EB7D2FFF8B2C9AB5.d.1EF84D8BDFF02509CD72BB3AEA9CCB77.e.24798/text - {}
RESULT: {}
COMMAND: GET /session/a49a846f150ab9031b86585360f30ac3/element/f.6CD6B7C80D08F775EB7D2FFF8B2C9AB5.d.1EF84D8BDFF02509CD72BB3AEA9CCB77.e.24799/text - {}
RESULT: {}
COMMAND: GET /session/a49a846f150ab9031b86585360f30ac3/element/f.6CD6B7C80D08F775EB7D2FFF8B2C9AB5.d.1EF84D8BDFF02509CD72BB3AEA9CCB77.e.24800/text - {}
RESULT: {}
COMMAND: GET /session/a49a846f150ab9031b86585360f30ac3/element/f.6CD6B7C80D08F775EB7D2FFF8B2C9AB5.d.1EF84D8BDFF02509CD72BB3AEA9CCB77.e.23903/text - {}
RESULT: {}
COMMAND: POST /session/a49a846f150ab9031b86585360f30ac3/element - {"using":"xpath","value":"//tbody[contains(@id, \"customHandoversTable-tblBody\")]/tr[1]/td[14]/div/span"}
RESULT: {"using":"xpath","value":"//tbody[contains(@id, \"customHandoversTable-tblBody\")]/tr[1]/td[14]/div/span"}
COMMAND: POST /session/a49a846f150ab9031b86585360f30ac3/execute/sync - {"script":"<script> [56 bytes]","args":[{"element-6066-11e4-a52e-4f735466cecf":"f.6CD6B7C80D08F775EB7D2FFF8B2C9AB5.d.1EF84D8BDFF02509CD72BB3AEA9CCB77.e.24841","ELEMENT":"f.6CD6B7C80D08F775EB7D2FFF8B2C9AB5.d.1EF84D8BDFF02509CD72BB3AEA9CCB77.e.24841"}]}
RESULT: {"script":"<script> [56 bytes]","args":[{"element-6066-11e4-a52e-4f735466cecf":"f.6CD6B7C80D08F775EB7D2FFF8B2C9AB5.d.1EF84D8BDFF02509CD72BB3AEA9CCB77.e.24841","ELEMENT":"f.6CD6B7C80D08F775EB7D2FFF8B2C9AB5.d.1EF84D8BDFF02509CD72BB3AEA9CCB77.e.24841"}]}
COMMAND: POST /session/a49a846f150ab9031b86585360f30ac3/element - {"using":"css selector","value":"#shell-header-logo"}
COMMAND: GET /session/a49a846f150ab9031b86585360f30ac3/screenshot - {}
RESULT: {"using":"css selector","value":"#shell-header-logo"}
COMMAND: POST /session/a49a846f150ab9031b86585360f30ac3/element/f.6CD6B7C80D08F775EB7D2FFF8B2C9AB5.d.1EF84D8BDFF02509CD72BB3AEA9CCB77.e.23514/click - {}
RESULT: {}
RESULT: {}
COMMAND: GET /session/a49a846f150ab9031b86585360f30ac3/screenshot - {}
RESULT: {}
]]></system-out>
    </testcase>
    <testcase classname="chrome.135_0_7049_96.windows.Billing_Calculation_-_Time_based_(considering_transport_times)_US139738" name="Should do another billing run but in around 17 days from today" time="58.794">
      <system-out><![CDATA[
RESULT: undefined
COMMAND: POST /session/a49a846f150ab9031b86585360f30ac3/element - {"using":"xpath","value":"//*[@id=\"__tile51\"]"}
RESULT: {"using":"xpath","value":"//*[@id=\"__tile51\"]"}
COMMAND: POST /session/a49a846f150ab9031b86585360f30ac3/element/f.6CD6B7C80D08F775EB7D2FFF8B2C9AB5.d.1EF84D8BDFF02509CD72BB3AEA9CCB77.e.18973/click - {}
RESULT: {}
COMMAND: GET /session/a49a846f150ab9031b86585360f30ac3/screenshot - {}
RESULT: undefined
COMMAND: POST /session/a49a846f150ab9031b86585360f30ac3/execute/async - {"script":"<script> [776 bytes]","args":[{"enterText":"10319","selector":{"id":"application-managebillings-display-component---billRunCalcResult--smartFilterBar-btnBasicSearch","interaction":{"idSuffix":"I"}},"clearTextFirst":true,"interactionType":"ENTER_TEXT"}]}
RESULT: {}
RESULT: {"script":"<script> [776 bytes]","args":[{"enterText":"10319","selector":{"id":"application-managebillings-display-component---billRunCalcResult--smartFilterBar-btnBasicSearch","interaction":{"idSuffix":"I"}},"clearTextFirst":true,"interactionType":"ENTER_TEXT"}]}
COMMAND: POST /session/a49a846f150ab9031b86585360f30ac3/actions - {"actions":[{"id":"action89","type":"key","parameters":{},"actions":[{"type":"keyDown","value":"î€‡"},{"type":"pause","duration":10},{"type":"keyUp","value":"î€‡"}]}]}
RESULT: {"actions":[{"id":"action89","type":"key","parameters":{},"actions":[{"type":"keyDown","value":"î€‡"},{"type":"pause","duration":10},{"type":"keyUp","value":"î€‡"}]}]}
COMMAND: GET /session/a49a846f150ab9031b86585360f30ac3/screenshot - {}
RESULT: {}
COMMAND: POST /session/a49a846f150ab9031b86585360f30ac3/element - {"using":"xpath","value":"//td[@aria-colindex=\"1\"]/div/div[contains(@class, \"sapMCbBg\")]"}
RESULT: {"using":"xpath","value":"//td[@aria-colindex=\"1\"]/div/div[contains(@class, \"sapMCbBg\")]"}
COMMAND: POST /session/a49a846f150ab9031b86585360f30ac3/element/f.6CD6B7C80D08F775EB7D2FFF8B2C9AB5.d.1EF84D8BDFF02509CD72BB3AEA9CCB77.e.25054/click - {}
RESULT: {}
COMMAND: GET /session/a49a846f150ab9031b86585360f30ac3/screenshot - {}
RESULT: {}
RESULT: undefined
COMMAND: POST /session/a49a846f150ab9031b86585360f30ac3/execute/async - {"script":"<script> [776 bytes]","args":[{"enterText":"05/16/25","selector":{"id":"application-managebillings-display-component---billRunCalcResult--contractBillRunDate","interaction":{"idSuffix":"inner"}},"clearTextFirst":true,"interactionType":"ENTER_TEXT"}]}
RESULT: {"script":"<script> [776 bytes]","args":[{"enterText":"05/16/25","selector":{"id":"application-managebillings-display-component---billRunCalcResult--contractBillRunDate","interaction":{"idSuffix":"inner"}},"clearTextFirst":true,"interactionType":"ENTER_TEXT"}]}
COMMAND: POST /session/a49a846f150ab9031b86585360f30ac3/element - {"using":"xpath","value":"//bdi[contains(text(), \"Trigger Calculation\")]"}
RESULT: {"using":"xpath","value":"//bdi[contains(text(), \"Trigger Calculation\")]"}
COMMAND: POST /session/a49a846f150ab9031b86585360f30ac3/element/f.6CD6B7C80D08F775EB7D2FFF8B2C9AB5.d.1EF84D8BDFF02509CD72BB3AEA9CCB77.e.25105/click - {}
RESULT: {}
COMMAND: GET /session/a49a846f150ab9031b86585360f30ac3/screenshot - {}
RESULT: {}
COMMAND: POST /session/a49a846f150ab9031b86585360f30ac3/element - {"using":"xpath","value":"(//span[contains(@id, \"imgNav\")])[1]"}
RESULT: {"using":"xpath","value":"(//span[contains(@id, \"imgNav\")])[1]"}
COMMAND: POST /session/a49a846f150ab9031b86585360f30ac3/element/f.6CD6B7C80D08F775EB7D2FFF8B2C9AB5.d.1EF84D8BDFF02509CD72BB3AEA9CCB77.e.25055/click - {}
RESULT: {}
COMMAND: GET /session/a49a846f150ab9031b86585360f30ac3/screenshot - {}
RESULT: {}
COMMAND: POST /session/a49a846f150ab9031b86585360f30ac3/element - {"using":"xpath","value":"//tr/td[6]/div[1]/span[1]/span[1]"}
RESULT: {"using":"xpath","value":"//tr/td[6]/div[1]/span[1]/span[1]"}
COMMAND: GET /session/a49a846f150ab9031b86585360f30ac3/element/f.6CD6B7C80D08F775EB7D2FFF8B2C9AB5.d.1EF84D8BDFF02509CD72BB3AEA9CCB77.e.25109/text - {}
RESULT: {}
COMMAND: POST /session/a49a846f150ab9031b86585360f30ac3/element - {"using":"xpath","value":"(//span[contains(@id, \"imgNav\")])[2]"}
RESULT: {"using":"xpath","value":"(//span[contains(@id, \"imgNav\")])[2]"}
COMMAND: POST /session/a49a846f150ab9031b86585360f30ac3/element/f.6CD6B7C80D08F775EB7D2FFF8B2C9AB5.d.1EF84D8BDFF02509CD72BB3AEA9CCB77.e.25110/click - {}
RESULT: {}
COMMAND: POST /session/a49a846f150ab9031b86585360f30ac3/element - {"using":"xpath","value":"//bdi[contains(text(), \"Business Confirm\")]"}
COMMAND: GET /session/a49a846f150ab9031b86585360f30ac3/screenshot - {}
RESULT: {"using":"xpath","value":"//bdi[contains(text(), \"Business Confirm\")]"}
COMMAND: POST /session/a49a846f150ab9031b86585360f30ac3/elements - {"using":"xpath","value":"//bdi[contains(text(), \"Business Confirm\")]"}
RESULT: {}
RESULT: {"using":"xpath","value":"//bdi[contains(text(), \"Business Confirm\")]"}
COMMAND: POST /session/a49a846f150ab9031b86585360f30ac3/element - {"using":"xpath","value":"//bdi[contains(text(), \"Business Confirm\")]"}
RESULT: {"using":"xpath","value":"//bdi[contains(text(), \"Business Confirm\")]"}
COMMAND: POST /session/a49a846f150ab9031b86585360f30ac3/element/f.6CD6B7C80D08F775EB7D2FFF8B2C9AB5.d.1EF84D8BDFF02509CD72BB3AEA9CCB77.e.25169/click - {}
RESULT: {}
COMMAND: POST /session/a49a846f150ab9031b86585360f30ac3/element - {"using":"css selector","value":"#shell-header-logo"}
COMMAND: GET /session/a49a846f150ab9031b86585360f30ac3/screenshot - {}
RESULT: {"using":"css selector","value":"#shell-header-logo"}
COMMAND: POST /session/a49a846f150ab9031b86585360f30ac3/element/f.6CD6B7C80D08F775EB7D2FFF8B2C9AB5.d.1EF84D8BDFF02509CD72BB3AEA9CCB77.e.24845/click - {}
RESULT: {}
RESULT: {}
COMMAND: GET /session/a49a846f150ab9031b86585360f30ac3/screenshot - {}
RESULT: {}
]]></system-out>
    </testcase>
  </testsuite>
</testsuites>