<?xml version="1.0" encoding="UTF-8"?>
<testsuites tests="15" failures="9" errors="9" skipped="0">
  <testsuite timestamp="2025-05-04T16:35:02" time="526.379" tests="9" failures="9" errors="9" skipped="0">
    <properties>
      <property name="specId" value="0" />
      <property name="suiteName" value="Prerequisites &amp; test for yard mass return on Yard Overview US131057" />
      <property name="capabilities" value="chrome.135_0_7049_96.windows" />
      <property name="file" value="file:///D:/a/1/s/test/specs/HTR/yard-mass-return.spec.js" />
    </properties>
  </testsuite>
  <testsuite timestamp="2025-05-04T16:43:49" time="778.708" tests="6" failures="0" errors="0" skipped="0">
    <properties>
      <property name="specId" value="0" />
      <property name="suiteName" value="Yard Overview Autoplanning US130989" />
      <property name="capabilities" value="chrome.135_0_7049_96.windows" />
      <property name="file" value="file:///D:/a/1/s/test/specs/HTR/yard-overview-autoplanning.spec.js" />
    </properties>
    <testcase classname="chrome.135_0_7049_96.windows.Yard_Overview_Autoplanning_US130989" name="Prereq Should create a new yard used for all following tests" time="120.892">
      <system-out><![CDATA[
COMMAND: POST /session/35fb689ffd1e4d0af28420933f3852d5/window/fullscreen - {}
RESULT: {}
COMMAND: POST /session/35fb689ffd1e4d0af28420933f3852d5/execute/async - {"script":"<script> [1562 bytes]","args":[{"selector":{"controlType":"sap.m.GenericTile","properties":{"header":"Manage Yards"}},"wdio_ui5_key":"sapm.GenericTile{\"header\":\"Manage Yards\"}"}]}
RESULT: {"script":"<script> [1562 bytes]","args":[{"selector":{"controlType":"sap.m.GenericTile","properties":{"header":"Manage Yards"}},"wdio_ui5_key":"sapm.GenericTile{\"header\":\"Manage Yards\"}"}]}
RESULT: undefined
COMMAND: POST /session/35fb689ffd1e4d0af28420933f3852d5/element - {"using":"xpath","value":"//*[@id=\"__tile41\"]"}
RESULT: {"using":"xpath","value":"//*[@id=\"__tile41\"]"}
COMMAND: POST /session/35fb689ffd1e4d0af28420933f3852d5/element/f.D4604CFB99CA81B49CF573A4CE08B130.d.60157664AE8148E3FF6BF37573DB529B.e.608/click - {}
RESULT: {}
COMMAND: POST /session/35fb689ffd1e4d0af28420933f3852d5/element - {"using":"xpath","value":"//button[@data-kt=\"addNewYardOverflowToolbarButton\"]"}
COMMAND: GET /session/35fb689ffd1e4d0af28420933f3852d5/screenshot - {}
RESULT: {"using":"xpath","value":"//button[@data-kt=\"addNewYardOverflowToolbarButton\"]"}
COMMAND: POST /session/35fb689ffd1e4d0af28420933f3852d5/elements - {"using":"xpath","value":"//button[@data-kt=\"addNewYardOverflowToolbarButton\"]"}
RESULT: {}
RESULT: {"using":"xpath","value":"//button[@data-kt=\"addNewYardOverflowToolbarButton\"]"}
COMMAND: POST /session/35fb689ffd1e4d0af28420933f3852d5/elements - {"using":"xpath","value":"//button[@data-kt=\"addNewYardOverflowToolbarButton\"]"}
RESULT: {"using":"xpath","value":"//button[@data-kt=\"addNewYardOverflowToolbarButton\"]"}
COMMAND: POST /session/35fb689ffd1e4d0af28420933f3852d5/elements - {"using":"xpath","value":"//button[@data-kt=\"addNewYardOverflowToolbarButton\"]"}
RESULT: {"using":"xpath","value":"//button[@data-kt=\"addNewYardOverflowToolbarButton\"]"}
COMMAND: POST /session/35fb689ffd1e4d0af28420933f3852d5/elements - {"using":"xpath","value":"//button[@data-kt=\"addNewYardOverflowToolbarButton\"]"}
RESULT: {"using":"xpath","value":"//button[@data-kt=\"addNewYardOverflowToolbarButton\"]"}
COMMAND: POST /session/35fb689ffd1e4d0af28420933f3852d5/elements - {"using":"xpath","value":"//button[@data-kt=\"addNewYardOverflowToolbarButton\"]"}
RESULT: {"using":"xpath","value":"//button[@data-kt=\"addNewYardOverflowToolbarButton\"]"}
COMMAND: POST /session/35fb689ffd1e4d0af28420933f3852d5/elements - {"using":"xpath","value":"//button[@data-kt=\"addNewYardOverflowToolbarButton\"]"}
RESULT: {"using":"xpath","value":"//button[@data-kt=\"addNewYardOverflowToolbarButton\"]"}
COMMAND: POST /session/35fb689ffd1e4d0af28420933f3852d5/elements - {"using":"xpath","value":"//button[@data-kt=\"addNewYardOverflowToolbarButton\"]"}
RESULT: {"using":"xpath","value":"//button[@data-kt=\"addNewYardOverflowToolbarButton\"]"}
COMMAND: POST /session/35fb689ffd1e4d0af28420933f3852d5/elements - {"using":"xpath","value":"//button[@data-kt=\"addNewYardOverflowToolbarButton\"]"}
RESULT: {"using":"xpath","value":"//button[@data-kt=\"addNewYardOverflowToolbarButton\"]"}
COMMAND: POST /session/35fb689ffd1e4d0af28420933f3852d5/elements - {"using":"xpath","value":"//button[@data-kt=\"addNewYardOverflowToolbarButton\"]"}
RESULT: {"using":"xpath","value":"//button[@data-kt=\"addNewYardOverflowToolbarButton\"]"}
COMMAND: POST /session/35fb689ffd1e4d0af28420933f3852d5/elements - {"using":"xpath","value":"//button[@data-kt=\"addNewYardOverflowToolbarButton\"]"}
RESULT: {"using":"xpath","value":"//button[@data-kt=\"addNewYardOverflowToolbarButton\"]"}
COMMAND: POST /session/35fb689ffd1e4d0af28420933f3852d5/elements - {"using":"xpath","value":"//button[@data-kt=\"addNewYardOverflowToolbarButton\"]"}
RESULT: {"using":"xpath","value":"//button[@data-kt=\"addNewYardOverflowToolbarButton\"]"}
COMMAND: POST /session/35fb689ffd1e4d0af28420933f3852d5/elements - {"using":"xpath","value":"//button[@data-kt=\"addNewYardOverflowToolbarButton\"]"}
RESULT: {"using":"xpath","value":"//button[@data-kt=\"addNewYardOverflowToolbarButton\"]"}
COMMAND: POST /session/35fb689ffd1e4d0af28420933f3852d5/elements - {"using":"xpath","value":"//button[@data-kt=\"addNewYardOverflowToolbarButton\"]"}
RESULT: {"using":"xpath","value":"//button[@data-kt=\"addNewYardOverflowToolbarButton\"]"}
COMMAND: POST /session/35fb689ffd1e4d0af28420933f3852d5/elements - {"using":"xpath","value":"//button[@data-kt=\"addNewYardOverflowToolbarButton\"]"}
RESULT: {"using":"xpath","value":"//button[@data-kt=\"addNewYardOverflowToolbarButton\"]"}
COMMAND: POST /session/35fb689ffd1e4d0af28420933f3852d5/elements - {"using":"xpath","value":"//button[@data-kt=\"addNewYardOverflowToolbarButton\"]"}
RESULT: {"using":"xpath","value":"//button[@data-kt=\"addNewYardOverflowToolbarButton\"]"}
COMMAND: POST /session/35fb689ffd1e4d0af28420933f3852d5/elements - {"using":"xpath","value":"//button[@data-kt=\"addNewYardOverflowToolbarButton\"]"}
RESULT: {"using":"xpath","value":"//button[@data-kt=\"addNewYardOverflowToolbarButton\"]"}
COMMAND: POST /session/35fb689ffd1e4d0af28420933f3852d5/elements - {"using":"xpath","value":"//button[@data-kt=\"addNewYardOverflowToolbarButton\"]"}
RESULT: {"using":"xpath","value":"//button[@data-kt=\"addNewYardOverflowToolbarButton\"]"}
COMMAND: POST /session/35fb689ffd1e4d0af28420933f3852d5/elements - {"using":"xpath","value":"//button[@data-kt=\"addNewYardOverflowToolbarButton\"]"}
RESULT: {"using":"xpath","value":"//button[@data-kt=\"addNewYardOverflowToolbarButton\"]"}
COMMAND: POST /session/35fb689ffd1e4d0af28420933f3852d5/elements - {"using":"xpath","value":"//button[@data-kt=\"addNewYardOverflowToolbarButton\"]"}
RESULT: {"using":"xpath","value":"//button[@data-kt=\"addNewYardOverflowToolbarButton\"]"}
COMMAND: POST /session/35fb689ffd1e4d0af28420933f3852d5/elements - {"using":"xpath","value":"//button[@data-kt=\"addNewYardOverflowToolbarButton\"]"}
RESULT: {"using":"xpath","value":"//button[@data-kt=\"addNewYardOverflowToolbarButton\"]"}
COMMAND: POST /session/35fb689ffd1e4d0af28420933f3852d5/elements - {"using":"xpath","value":"//button[@data-kt=\"addNewYardOverflowToolbarButton\"]"}
RESULT: {"using":"xpath","value":"//button[@data-kt=\"addNewYardOverflowToolbarButton\"]"}
COMMAND: POST /session/35fb689ffd1e4d0af28420933f3852d5/elements - {"using":"xpath","value":"//button[@data-kt=\"addNewYardOverflowToolbarButton\"]"}
RESULT: {"using":"xpath","value":"//button[@data-kt=\"addNewYardOverflowToolbarButton\"]"}
COMMAND: POST /session/35fb689ffd1e4d0af28420933f3852d5/elements - {"using":"xpath","value":"//button[@data-kt=\"addNewYardOverflowToolbarButton\"]"}
RESULT: {"using":"xpath","value":"//button[@data-kt=\"addNewYardOverflowToolbarButton\"]"}
COMMAND: POST /session/35fb689ffd1e4d0af28420933f3852d5/elements - {"using":"xpath","value":"//button[@data-kt=\"addNewYardOverflowToolbarButton\"]"}
RESULT: {"using":"xpath","value":"//button[@data-kt=\"addNewYardOverflowToolbarButton\"]"}
COMMAND: POST /session/35fb689ffd1e4d0af28420933f3852d5/elements - {"using":"xpath","value":"//button[@data-kt=\"addNewYardOverflowToolbarButton\"]"}
RESULT: {"using":"xpath","value":"//button[@data-kt=\"addNewYardOverflowToolbarButton\"]"}
COMMAND: POST /session/35fb689ffd1e4d0af28420933f3852d5/elements - {"using":"xpath","value":"//button[@data-kt=\"addNewYardOverflowToolbarButton\"]"}
RESULT: {"using":"xpath","value":"//button[@data-kt=\"addNewYardOverflowToolbarButton\"]"}
COMMAND: POST /session/35fb689ffd1e4d0af28420933f3852d5/elements - {"using":"xpath","value":"//button[@data-kt=\"addNewYardOverflowToolbarButton\"]"}
RESULT: {"using":"xpath","value":"//button[@data-kt=\"addNewYardOverflowToolbarButton\"]"}
COMMAND: POST /session/35fb689ffd1e4d0af28420933f3852d5/elements - {"using":"xpath","value":"//button[@data-kt=\"addNewYardOverflowToolbarButton\"]"}
RESULT: {"using":"xpath","value":"//button[@data-kt=\"addNewYardOverflowToolbarButton\"]"}
COMMAND: POST /session/35fb689ffd1e4d0af28420933f3852d5/elements - {"using":"xpath","value":"//button[@data-kt=\"addNewYardOverflowToolbarButton\"]"}
RESULT: {"using":"xpath","value":"//button[@data-kt=\"addNewYardOverflowToolbarButton\"]"}
COMMAND: POST /session/35fb689ffd1e4d0af28420933f3852d5/elements - {"using":"xpath","value":"//button[@data-kt=\"addNewYardOverflowToolbarButton\"]"}
RESULT: {"using":"xpath","value":"//button[@data-kt=\"addNewYardOverflowToolbarButton\"]"}
COMMAND: POST /session/35fb689ffd1e4d0af28420933f3852d5/elements - {"using":"xpath","value":"//button[@data-kt=\"addNewYardOverflowToolbarButton\"]"}
RESULT: {"using":"xpath","value":"//button[@data-kt=\"addNewYardOverflowToolbarButton\"]"}
COMMAND: POST /session/35fb689ffd1e4d0af28420933f3852d5/elements - {"using":"xpath","value":"//button[@data-kt=\"addNewYardOverflowToolbarButton\"]"}
RESULT: {"using":"xpath","value":"//button[@data-kt=\"addNewYardOverflowToolbarButton\"]"}
COMMAND: POST /session/35fb689ffd1e4d0af28420933f3852d5/elements - {"using":"xpath","value":"//button[@data-kt=\"addNewYardOverflowToolbarButton\"]"}
RESULT: {"using":"xpath","value":"//button[@data-kt=\"addNewYardOverflowToolbarButton\"]"}
COMMAND: POST /session/35fb689ffd1e4d0af28420933f3852d5/elements - {"using":"xpath","value":"//button[@data-kt=\"addNewYardOverflowToolbarButton\"]"}
RESULT: {"using":"xpath","value":"//button[@data-kt=\"addNewYardOverflowToolbarButton\"]"}
COMMAND: POST /session/35fb689ffd1e4d0af28420933f3852d5/elements - {"using":"xpath","value":"//button[@data-kt=\"addNewYardOverflowToolbarButton\"]"}
RESULT: {"using":"xpath","value":"//button[@data-kt=\"addNewYardOverflowToolbarButton\"]"}
COMMAND: POST /session/35fb689ffd1e4d0af28420933f3852d5/elements - {"using":"xpath","value":"//button[@data-kt=\"addNewYardOverflowToolbarButton\"]"}
RESULT: {"using":"xpath","value":"//button[@data-kt=\"addNewYardOverflowToolbarButton\"]"}
COMMAND: POST /session/35fb689ffd1e4d0af28420933f3852d5/elements - {"using":"xpath","value":"//button[@data-kt=\"addNewYardOverflowToolbarButton\"]"}
RESULT: {"using":"xpath","value":"//button[@data-kt=\"addNewYardOverflowToolbarButton\"]"}
COMMAND: POST /session/35fb689ffd1e4d0af28420933f3852d5/element - {"using":"xpath","value":"//button[@data-kt=\"addNewYardOverflowToolbarButton\"]"}
RESULT: {"using":"xpath","value":"//button[@data-kt=\"addNewYardOverflowToolbarButton\"]"}
COMMAND: POST /session/35fb689ffd1e4d0af28420933f3852d5/execute/sync - {"script":"<script> [8489 bytes]","args":[{"element-6066-11e4-a52e-4f735466cecf":"f.D4604CFB99CA81B49CF573A4CE08B130.d.60157664AE8148E3FF6BF37573DB529B.e.738","ELEMENT":"f.D4604CFB99CA81B49CF573A4CE08B130.d.60157664AE8148E3FF6BF37573DB529B.e.738"}]}
RESULT: {"script":"<script> [8489 bytes]","args":[{"element-6066-11e4-a52e-4f735466cecf":"f.D4604CFB99CA81B49CF573A4CE08B130.d.60157664AE8148E3FF6BF37573DB529B.e.738","ELEMENT":"f.D4604CFB99CA81B49CF573A4CE08B130.d.60157664AE8148E3FF6BF37573DB529B.e.738"}]}
COMMAND: GET /session/35fb689ffd1e4d0af28420933f3852d5/element/f.D4604CFB99CA81B49CF573A4CE08B130.d.60157664AE8148E3FF6BF37573DB529B.e.738/enabled - {}
COMMAND: GET /session/35fb689ffd1e4d0af28420933f3852d5/screenshot - {}
RESULT: {}
COMMAND: POST /session/35fb689ffd1e4d0af28420933f3852d5/execute/sync - {"script":"<script> [8489 bytes]","args":[{"element-6066-11e4-a52e-4f735466cecf":"f.D4604CFB99CA81B49CF573A4CE08B130.d.60157664AE8148E3FF6BF37573DB529B.e.738","ELEMENT":"f.D4604CFB99CA81B49CF573A4CE08B130.d.60157664AE8148E3FF6BF37573DB529B.e.738"}]}
COMMAND: GET /session/35fb689ffd1e4d0af28420933f3852d5/screenshot - {}
RESULT: {}
RESULT: {"script":"<script> [8489 bytes]","args":[{"element-6066-11e4-a52e-4f735466cecf":"f.D4604CFB99CA81B49CF573A4CE08B130.d.60157664AE8148E3FF6BF37573DB529B.e.738","ELEMENT":"f.D4604CFB99CA81B49CF573A4CE08B130.d.60157664AE8148E3FF6BF37573DB529B.e.738"}]}
COMMAND: POST /session/35fb689ffd1e4d0af28420933f3852d5/execute/sync - {"script":"<script> [5351 bytes]","args":[{"element-6066-11e4-a52e-4f735466cecf":"f.D4604CFB99CA81B49CF573A4CE08B130.d.60157664AE8148E3FF6BF37573DB529B.e.738","ELEMENT":"f.D4604CFB99CA81B49CF573A4CE08B130.d.60157664AE8148E3FF6BF37573DB529B.e.738"}]}
COMMAND: GET /session/35fb689ffd1e4d0af28420933f3852d5/screenshot - {}
RESULT: {}
RESULT: {"script":"<script> [5351 bytes]","args":[{"element-6066-11e4-a52e-4f735466cecf":"f.D4604CFB99CA81B49CF573A4CE08B130.d.60157664AE8148E3FF6BF37573DB529B.e.738","ELEMENT":"f.D4604CFB99CA81B49CF573A4CE08B130.d.60157664AE8148E3FF6BF37573DB529B.e.738"}]}
COMMAND: POST /session/35fb689ffd1e4d0af28420933f3852d5/element/f.D4604CFB99CA81B49CF573A4CE08B130.d.60157664AE8148E3FF6BF37573DB529B.e.738/click - {}
COMMAND: GET /session/35fb689ffd1e4d0af28420933f3852d5/screenshot - {}
RESULT: {}
RESULT: {}
COMMAND: GET /session/35fb689ffd1e4d0af28420933f3852d5/screenshot - {}
RESULT: {}
COMMAND: POST /session/35fb689ffd1e4d0af28420933f3852d5/element - {"using":"xpath","value":"//input[@id=\"application-manageyards-display-component---NewYard--yardId-inner\"]"}
RESULT: {}
RESULT: {"using":"xpath","value":"//input[@id=\"application-manageyards-display-component---NewYard--yardId-inner\"]"}
COMMAND: POST /session/35fb689ffd1e4d0af28420933f3852d5/element - {"using":"xpath","value":"//input[@id=\"application-manageyards-display-component---NewYard--yardId-inner\"]"}
RESULT: {"using":"xpath","value":"//input[@id=\"application-manageyards-display-component---NewYard--yardId-inner\"]"}
COMMAND: POST /session/35fb689ffd1e4d0af28420933f3852d5/execute/async - {"script":"<script> [1562 bytes]","args":[{"selector":{"id":"application-manageyards-display-component---NewYard--addressDetailDetailsName1","interaction":{"idSuffix":"inner"}},"wdio_ui5_key":"applicationmanageyards-display-component---NewYard--addressDetailDetailsName1"}]}
RESULT: {"script":"<script> [1562 bytes]","args":[{"selector":{"id":"application-manageyards-display-component---NewYard--addressDetailDetailsName1","interaction":{"idSuffix":"inner"}},"wdio_ui5_key":"applicationmanageyards-display-component---NewYard--addressDetailDetailsName1"}]}
RESULT: undefined
COMMAND: POST /session/35fb689ffd1e4d0af28420933f3852d5/execute/async - {"script":"<script> [776 bytes]","args":[{"enterText":"Other Yard WDIO","selector":{"id":"application-manageyards-display-component---NewYard--addressDetailDetailsName1","interaction":{"idSuffix":"inner"}},"clearTextFirst":true,"interactionType":"ENTER_TEXT"}]}
RESULT: {"script":"<script> [776 bytes]","args":[{"enterText":"Other Yard WDIO","selector":{"id":"application-manageyards-display-component---NewYard--addressDetailDetailsName1","interaction":{"idSuffix":"inner"}},"clearTextFirst":true,"interactionType":"ENTER_TEXT"}]}
COMMAND: POST /session/35fb689ffd1e4d0af28420933f3852d5/execute/async - {"script":"<script> [1562 bytes]","args":[{"selector":{"id":"application-manageyards-display-component---NewYard--addressDetailDetailsLanguage-arrow"},"wdio_ui5_key":"applicationmanageyards-display-component---NewYard--addressDetailDetailsLanguage-arrow"}]}
RESULT: {"script":"<script> [1562 bytes]","args":[{"selector":{"id":"application-manageyards-display-component---NewYard--addressDetailDetailsLanguage-arrow"},"wdio_ui5_key":"applicationmanageyards-display-component---NewYard--addressDetailDetailsLanguage-arrow"}]}
RESULT: undefined
COMMAND: POST /session/35fb689ffd1e4d0af28420933f3852d5/element - {"using":"xpath","value":"//*[@id=\"application-manageyards-display-component---NewYard--addressDetailDetailsLanguage-arrow\"]"}
RESULT: {"using":"xpath","value":"//*[@id=\"application-manageyards-display-component---NewYard--addressDetailDetailsLanguage-arrow\"]"}
COMMAND: POST /session/35fb689ffd1e4d0af28420933f3852d5/element/f.D4604CFB99CA81B49CF573A4CE08B130.d.60157664AE8148E3FF6BF37573DB529B.e.1171/click - {}
RESULT: {}
COMMAND: POST /session/35fb689ffd1e4d0af28420933f3852d5/element - {"using":"xpath","value":"//span[contains(text(), \"English\")]"}
COMMAND: GET /session/35fb689ffd1e4d0af28420933f3852d5/screenshot - {}
RESULT: {"using":"xpath","value":"//span[contains(text(), \"English\")]"}
COMMAND: POST /session/35fb689ffd1e4d0af28420933f3852d5/element/f.D4604CFB99CA81B49CF573A4CE08B130.d.60157664AE8148E3FF6BF37573DB529B.e.1172/click - {}
RESULT: {}
RESULT: {}
COMMAND: POST /session/35fb689ffd1e4d0af28420933f3852d5/execute/async - {"script":"<script> [1562 bytes]","args":[{"selector":{"id":"application-manageyards-display-component---NewYard--addressDetailDetailsCity1","interaction":{"idSuffix":"inner"}},"wdio_ui5_key":"applicationmanageyards-display-component---NewYard--addressDetailDetailsCity1"}]}
COMMAND: GET /session/35fb689ffd1e4d0af28420933f3852d5/screenshot - {}
RESULT: {}
RESULT: {"script":"<script> [1562 bytes]","args":[{"selector":{"id":"application-manageyards-display-component---NewYard--addressDetailDetailsCity1","interaction":{"idSuffix":"inner"}},"wdio_ui5_key":"applicationmanageyards-display-component---NewYard--addressDetailDetailsCity1"}]}
RESULT: undefined
COMMAND: POST /session/35fb689ffd1e4d0af28420933f3852d5/execute/async - {"script":"<script> [776 bytes]","args":[{"enterText":"Rosario","selector":{"id":"application-manageyards-display-component---NewYard--addressDetailDetailsCity1","interaction":{"idSuffix":"inner"}},"clearTextFirst":true,"interactionType":"ENTER_TEXT"}]}
RESULT: {"script":"<script> [776 bytes]","args":[{"enterText":"Rosario","selector":{"id":"application-manageyards-display-component---NewYard--addressDetailDetailsCity1","interaction":{"idSuffix":"inner"}},"clearTextFirst":true,"interactionType":"ENTER_TEXT"}]}
COMMAND: POST /session/35fb689ffd1e4d0af28420933f3852d5/execute/async - {"script":"<script> [1562 bytes]","args":[{"selector":{"id":"application-manageyards-display-component---NewYard--addressDetailDetailsCountry-arrow"},"wdio_ui5_key":"applicationmanageyards-display-component---NewYard--addressDetailDetailsCountry-arrow"}]}
RESULT: {"script":"<script> [1562 bytes]","args":[{"selector":{"id":"application-manageyards-display-component---NewYard--addressDetailDetailsCountry-arrow"},"wdio_ui5_key":"applicationmanageyards-display-component---NewYard--addressDetailDetailsCountry-arrow"}]}
RESULT: undefined
COMMAND: POST /session/35fb689ffd1e4d0af28420933f3852d5/element - {"using":"xpath","value":"//*[@id=\"application-manageyards-display-component---NewYard--addressDetailDetailsCountry-arrow\"]"}
RESULT: {"using":"xpath","value":"//*[@id=\"application-manageyards-display-component---NewYard--addressDetailDetailsCountry-arrow\"]"}
COMMAND: POST /session/35fb689ffd1e4d0af28420933f3852d5/element/f.D4604CFB99CA81B49CF573A4CE08B130.d.60157664AE8148E3FF6BF37573DB529B.e.1174/click - {}
RESULT: {}
COMMAND: POST /session/35fb689ffd1e4d0af28420933f3852d5/element - {"using":"xpath","value":"//span[contains(text(), \"Argentina\")]"}
COMMAND: GET /session/35fb689ffd1e4d0af28420933f3852d5/screenshot - {}
RESULT: {"using":"xpath","value":"//span[contains(text(), \"Argentina\")]"}
COMMAND: POST /session/35fb689ffd1e4d0af28420933f3852d5/element/f.D4604CFB99CA81B49CF573A4CE08B130.d.60157664AE8148E3FF6BF37573DB529B.e.1176/click - {}
RESULT: {}
RESULT: {}
COMMAND: POST /session/35fb689ffd1e4d0af28420933f3852d5/execute/async - {"script":"<script> [1562 bytes]","args":[{"selector":{"id":"application-manageyards-display-component---NewYard--addressEditDetailsCostObjectCstType-arrow"},"wdio_ui5_key":"applicationmanageyards-display-component---NewYard--addressEditDetailsCostObjectCstType-arrow"}]}
COMMAND: GET /session/35fb689ffd1e4d0af28420933f3852d5/screenshot - {}
RESULT: {"script":"<script> [1562 bytes]","args":[{"selector":{"id":"application-manageyards-display-component---NewYard--addressEditDetailsCostObjectCstType-arrow"},"wdio_ui5_key":"applicationmanageyards-display-component---NewYard--addressEditDetailsCostObjectCstType-arrow"}]}
RESULT: undefined
COMMAND: POST /session/35fb689ffd1e4d0af28420933f3852d5/element - {"using":"xpath","value":"//*[@id=\"application-manageyards-display-component---NewYard--addressEditDetailsCostObjectCstType-arrow\"]"}
RESULT: {}
RESULT: {"using":"xpath","value":"//*[@id=\"application-manageyards-display-component---NewYard--addressEditDetailsCostObjectCstType-arrow\"]"}
COMMAND: POST /session/35fb689ffd1e4d0af28420933f3852d5/element/f.D4604CFB99CA81B49CF573A4CE08B130.d.60157664AE8148E3FF6BF37573DB529B.e.1177/click - {}
RESULT: {}
COMMAND: POST /session/35fb689ffd1e4d0af28420933f3852d5/element - {"using":"xpath","value":"//span[contains(text(), \"Cost Center\")]"}
COMMAND: GET /session/35fb689ffd1e4d0af28420933f3852d5/screenshot - {}
RESULT: {"using":"xpath","value":"//span[contains(text(), \"Cost Center\")]"}
COMMAND: POST /session/35fb689ffd1e4d0af28420933f3852d5/element/f.D4604CFB99CA81B49CF573A4CE08B130.d.60157664AE8148E3FF6BF37573DB529B.e.1178/click - {}
RESULT: {}
RESULT: {}
COMMAND: GET /session/35fb689ffd1e4d0af28420933f3852d5/screenshot - {}
RESULT: {}
COMMAND: POST /session/35fb689ffd1e4d0af28420933f3852d5/element - {"using":"xpath","value":"//span[@id=\"application-manageyards-display-component---NewYard--addressNewCostObjectCstID-vhi\"]"}
RESULT: {"using":"xpath","value":"//span[@id=\"application-manageyards-display-component---NewYard--addressNewCostObjectCstID-vhi\"]"}
COMMAND: POST /session/35fb689ffd1e4d0af28420933f3852d5/execute/sync - {"script":"<script> [8489 bytes]","args":[{"element-6066-11e4-a52e-4f735466cecf":"f.D4604CFB99CA81B49CF573A4CE08B130.d.60157664AE8148E3FF6BF37573DB529B.e.1182","ELEMENT":"f.D4604CFB99CA81B49CF573A4CE08B130.d.60157664AE8148E3FF6BF37573DB529B.e.1182"}]}
RESULT: {"script":"<script> [8489 bytes]","args":[{"element-6066-11e4-a52e-4f735466cecf":"f.D4604CFB99CA81B49CF573A4CE08B130.d.60157664AE8148E3FF6BF37573DB529B.e.1182","ELEMENT":"f.D4604CFB99CA81B49CF573A4CE08B130.d.60157664AE8148E3FF6BF37573DB529B.e.1182"}]}
COMMAND: POST /session/35fb689ffd1e4d0af28420933f3852d5/execute/async - {"script":"<script> [1562 bytes]","args":[{"selector":{"id":"application-manageyards-display-component---NewYard--addressNewCostObjectCstID-vhi"},"wdio_ui5_key":"applicationmanageyards-display-component---NewYard--addressNewCostObjectCstID-vhi"}]}
COMMAND: GET /session/35fb689ffd1e4d0af28420933f3852d5/screenshot - {}
RESULT: {"script":"<script> [1562 bytes]","args":[{"selector":{"id":"application-manageyards-display-component---NewYard--addressNewCostObjectCstID-vhi"},"wdio_ui5_key":"applicationmanageyards-display-component---NewYard--addressNewCostObjectCstID-vhi"}]}
RESULT: undefined
COMMAND: POST /session/35fb689ffd1e4d0af28420933f3852d5/element - {"using":"xpath","value":"//*[@id=\"application-manageyards-display-component---NewYard--addressNewCostObjectCstID-vhi\"]"}
RESULT: {}
RESULT: {"using":"xpath","value":"//*[@id=\"application-manageyards-display-component---NewYard--addressNewCostObjectCstID-vhi\"]"}
COMMAND: POST /session/35fb689ffd1e4d0af28420933f3852d5/element/f.D4604CFB99CA81B49CF573A4CE08B130.d.60157664AE8148E3FF6BF37573DB529B.e.1182/click - {}
RESULT: {}
COMMAND: GET /session/35fb689ffd1e4d0af28420933f3852d5/screenshot - {}
RESULT: {}
COMMAND: POST /session/35fb689ffd1e4d0af28420933f3852d5/execute/async - {"script":"<script> [1562 bytes]","args":[{"selector":{"controlType":"sap.m.SearchField","properties":{"placeholder":"Search"},"searchOpenDialogs":true,"interaction":{"idSuffix":"I"}},"wdio_ui5_key":"sapm.SearchField{\"placeholder\":\"Search\"}"}]}
RESULT: {"script":"<script> [1562 bytes]","args":[{"selector":{"controlType":"sap.m.SearchField","properties":{"placeholder":"Search"},"searchOpenDialogs":true,"interaction":{"idSuffix":"I"}},"wdio_ui5_key":"sapm.SearchField{\"placeholder\":\"Search\"}"}]}
RESULT: undefined
COMMAND: POST /session/35fb689ffd1e4d0af28420933f3852d5/execute/async - {"script":"<script> [776 bytes]","args":[{"enterText":"10001013","selector":{"controlType":"sap.m.SearchField","properties":{"placeholder":"Search"},"searchOpenDialogs":true,"interaction":{"idSuffix":"I"}},"clearTextFirst":true,"interactionType":"ENTER_TEXT"}]}
RESULT: {"script":"<script> [776 bytes]","args":[{"enterText":"10001013","selector":{"controlType":"sap.m.SearchField","properties":{"placeholder":"Search"},"searchOpenDialogs":true,"interaction":{"idSuffix":"I"}},"clearTextFirst":true,"interactionType":"ENTER_TEXT"}]}
COMMAND: POST /session/35fb689ffd1e4d0af28420933f3852d5/actions - {"actions":[{"id":"action1","type":"key","parameters":{},"actions":[{"type":"keyDown","value":"î€‡"},{"type":"pause","duration":10},{"type":"keyUp","value":"î€‡"}]}]}
RESULT: {"actions":[{"id":"action1","type":"key","parameters":{},"actions":[{"type":"keyDown","value":"î€‡"},{"type":"pause","duration":10},{"type":"keyUp","value":"î€‡"}]}]}
COMMAND: GET /session/35fb689ffd1e4d0af28420933f3852d5/screenshot - {}
RESULT: {}
COMMAND: POST /session/35fb689ffd1e4d0af28420933f3852d5/element - {"using":"xpath","value":"//span[contains(text(), \"General Management\")]"}
RESULT: {"using":"xpath","value":"//span[contains(text(), \"General Management\")]"}
COMMAND: POST /session/35fb689ffd1e4d0af28420933f3852d5/element/f.D4604CFB99CA81B49CF573A4CE08B130.d.60157664AE8148E3FF6BF37573DB529B.e.1191/click - {}
RESULT: {}
COMMAND: GET /session/35fb689ffd1e4d0af28420933f3852d5/screenshot - {}
RESULT: {}
COMMAND: POST /session/35fb689ffd1e4d0af28420933f3852d5/element - {"using":"xpath","value":"//bdi[contains(text(), \"OK\")]"}
RESULT: {"using":"xpath","value":"//bdi[contains(text(), \"OK\")]"}
COMMAND: POST /session/35fb689ffd1e4d0af28420933f3852d5/element/f.D4604CFB99CA81B49CF573A4CE08B130.d.60157664AE8148E3FF6BF37573DB529B.e.1193/click - {}
RESULT: {}
COMMAND: GET /session/35fb689ffd1e4d0af28420933f3852d5/screenshot - {}
RESULT: {}
COMMAND: POST /session/35fb689ffd1e4d0af28420933f3852d5/execute/async - {"script":"<script> [1562 bytes]","args":[{"selector":{"id":"application-manageyards-display-component---NewYard--addressEditDetailsCurrency-arrow"},"wdio_ui5_key":"applicationmanageyards-display-component---NewYard--addressEditDetailsCurrency-arrow"}]}
RESULT: {"script":"<script> [1562 bytes]","args":[{"selector":{"id":"application-manageyards-display-component---NewYard--addressEditDetailsCurrency-arrow"},"wdio_ui5_key":"applicationmanageyards-display-component---NewYard--addressEditDetailsCurrency-arrow"}]}
RESULT: undefined
COMMAND: POST /session/35fb689ffd1e4d0af28420933f3852d5/element - {"using":"xpath","value":"//*[@id=\"application-manageyards-display-component---NewYard--addressEditDetailsCurrency-arrow\"]"}
RESULT: {"using":"xpath","value":"//*[@id=\"application-manageyards-display-component---NewYard--addressEditDetailsCurrency-arrow\"]"}
COMMAND: POST /session/35fb689ffd1e4d0af28420933f3852d5/element/f.D4604CFB99CA81B49CF573A4CE08B130.d.60157664AE8148E3FF6BF37573DB529B.e.1196/click - {}
RESULT: {}
COMMAND: POST /session/35fb689ffd1e4d0af28420933f3852d5/element - {"using":"xpath","value":"//span[contains(text(), \"Euro\")]"}
COMMAND: GET /session/35fb689ffd1e4d0af28420933f3852d5/screenshot - {}
RESULT: {"using":"xpath","value":"//span[contains(text(), \"Euro\")]"}
COMMAND: POST /session/35fb689ffd1e4d0af28420933f3852d5/element/f.D4604CFB99CA81B49CF573A4CE08B130.d.60157664AE8148E3FF6BF37573DB529B.e.1197/click - {}
RESULT: {}
RESULT: {}
COMMAND: POST /session/35fb689ffd1e4d0af28420933f3852d5/execute/async - {"script":"<script> [1562 bytes]","args":[{"selector":{"controlType":"sap.m.Input","viewName":"etm.portal.ui.manageyards.view.New","viewId":"application-manageyards-display-component---NewYard","bindingPath":{"path":"","propertyPath":"/CONTROLLING_AREA","modelName":"NewYardModel"},"interaction":{"idSuffix":"inner"}},"wdio_ui5_key":"etmportal.ui.manageyards.view.Newsap.m.Input{\"path\":\"\",\"propertyPath\":\"/CONTROLLING_AREA\",\"modelName\":\"NewYardModel\"}"}]}
COMMAND: GET /session/35fb689ffd1e4d0af28420933f3852d5/screenshot - {}
RESULT: {"script":"<script> [1562 bytes]","args":[{"selector":{"controlType":"sap.m.Input","viewName":"etm.portal.ui.manageyards.view.New","viewId":"application-manageyards-display-component---NewYard","bindingPath":{"path":"","propertyPath":"/CONTROLLING_AREA","modelName":"NewYardModel"},"interaction":{"idSuffix":"inner"}},"wdio_ui5_key":"etmportal.ui.manageyards.view.Newsap.m.Input{\"path\":\"\",\"propertyPath\":\"/CONTROLLING_AREA\",\"modelName\":\"NewYardModel\"}"}]}
RESULT: undefined
COMMAND: POST /session/35fb689ffd1e4d0af28420933f3852d5/execute/async - {"script":"<script> [776 bytes]","args":[{"enterText":"Z001","selector":{"controlType":"sap.m.Input","viewName":"etm.portal.ui.manageyards.view.New","viewId":"application-manageyards-display-component---NewYard","bindingPath":{"path":"","propertyPath":"/CONTROLLING_AREA","modelName":"NewYardModel"},"interaction":{"idSuffix":"inner"}},"clearTextFirst":true,"interactionType":"ENTER_TEXT"}]}
RESULT: {}
RESULT: {"script":"<script> [776 bytes]","args":[{"enterText":"Z001","selector":{"controlType":"sap.m.Input","viewName":"etm.portal.ui.manageyards.view.New","viewId":"application-manageyards-display-component---NewYard","bindingPath":{"path":"","propertyPath":"/CONTROLLING_AREA","modelName":"NewYardModel"},"interaction":{"idSuffix":"inner"}},"clearTextFirst":true,"interactionType":"ENTER_TEXT"}]}
COMMAND: POST /session/35fb689ffd1e4d0af28420933f3852d5/execute/async - {"script":"<script> [1562 bytes]","args":[{"selector":{"id":"application-manageyards-display-component---NewYard--companyCodeComboBox","interaction":{"idSuffix":"inner"}},"wdio_ui5_key":"applicationmanageyards-display-component---NewYard--companyCodeComboBox"}]}
RESULT: {"script":"<script> [1562 bytes]","args":[{"selector":{"id":"application-manageyards-display-component---NewYard--companyCodeComboBox","interaction":{"idSuffix":"inner"}},"wdio_ui5_key":"applicationmanageyards-display-component---NewYard--companyCodeComboBox"}]}
RESULT: undefined
COMMAND: POST /session/35fb689ffd1e4d0af28420933f3852d5/execute/async - {"script":"<script> [776 bytes]","args":[{"enterText":"1000","selector":{"id":"application-manageyards-display-component---NewYard--companyCodeComboBox","interaction":{"idSuffix":"inner"}},"clearTextFirst":true,"interactionType":"ENTER_TEXT"}]}
RESULT: {"script":"<script> [776 bytes]","args":[{"enterText":"1000","selector":{"id":"application-manageyards-display-component---NewYard--companyCodeComboBox","interaction":{"idSuffix":"inner"}},"clearTextFirst":true,"interactionType":"ENTER_TEXT"}]}
COMMAND: POST /session/35fb689ffd1e4d0af28420933f3852d5/execute/async - {"script":"<script> [1562 bytes]","args":[{"selector":{"controlType":"sap.m.Input","viewName":"etm.portal.ui.manageyards.view.New","viewId":"application-manageyards-display-component---NewYard","bindingPath":{"path":"","propertyPath":"/PLANT","modelName":"NewYardModel"},"interaction":{"idSuffix":"inner"}},"wdio_ui5_key":"etmportal.ui.manageyards.view.Newsap.m.Input{\"path\":\"\",\"propertyPath\":\"/PLANT\",\"modelName\":\"NewYardModel\"}"}]}
RESULT: {"script":"<script> [1562 bytes]","args":[{"selector":{"controlType":"sap.m.Input","viewName":"etm.portal.ui.manageyards.view.New","viewId":"application-manageyards-display-component---NewYard","bindingPath":{"path":"","propertyPath":"/PLANT","modelName":"NewYardModel"},"interaction":{"idSuffix":"inner"}},"wdio_ui5_key":"etmportal.ui.manageyards.view.Newsap.m.Input{\"path\":\"\",\"propertyPath\":\"/PLANT\",\"modelName\":\"NewYardModel\"}"}]}
RESULT: undefined
COMMAND: POST /session/35fb689ffd1e4d0af28420933f3852d5/execute/async - {"script":"<script> [776 bytes]","args":[{"enterText":"1001","selector":{"controlType":"sap.m.Input","viewName":"etm.portal.ui.manageyards.view.New","viewId":"application-manageyards-display-component---NewYard","bindingPath":{"path":"","propertyPath":"/PLANT","modelName":"NewYardModel"},"interaction":{"idSuffix":"inner"}},"clearTextFirst":true,"interactionType":"ENTER_TEXT"}]}
RESULT: {"script":"<script> [776 bytes]","args":[{"enterText":"1001","selector":{"controlType":"sap.m.Input","viewName":"etm.portal.ui.manageyards.view.New","viewId":"application-manageyards-display-component---NewYard","bindingPath":{"path":"","propertyPath":"/PLANT","modelName":"NewYardModel"},"interaction":{"idSuffix":"inner"}},"clearTextFirst":true,"interactionType":"ENTER_TEXT"}]}
COMMAND: POST /session/35fb689ffd1e4d0af28420933f3852d5/execute/async - {"script":"<script> [1562 bytes]","args":[{"selector":{"controlType":"sap.m.Input","viewName":"etm.portal.ui.manageyards.view.New","viewId":"application-manageyards-display-component---NewYard","bindingPath":{"path":"","propertyPath":"/SALES_AREA_VKORG","modelName":"NewYardModel"},"interaction":{"idSuffix":"inner"}},"wdio_ui5_key":"etmportal.ui.manageyards.view.Newsap.m.Input{\"path\":\"\",\"propertyPath\":\"/SALES_AREA_VKORG\",\"modelName\":\"NewYardModel\"}"}]}
RESULT: {"script":"<script> [1562 bytes]","args":[{"selector":{"controlType":"sap.m.Input","viewName":"etm.portal.ui.manageyards.view.New","viewId":"application-manageyards-display-component---NewYard","bindingPath":{"path":"","propertyPath":"/SALES_AREA_VKORG","modelName":"NewYardModel"},"interaction":{"idSuffix":"inner"}},"wdio_ui5_key":"etmportal.ui.manageyards.view.Newsap.m.Input{\"path\":\"\",\"propertyPath\":\"/SALES_AREA_VKORG\",\"modelName\":\"NewYardModel\"}"}]}
RESULT: undefined
COMMAND: POST /session/35fb689ffd1e4d0af28420933f3852d5/execute/async - {"script":"<script> [776 bytes]","args":[{"enterText":"C002","selector":{"controlType":"sap.m.Input","viewName":"etm.portal.ui.manageyards.view.New","viewId":"application-manageyards-display-component---NewYard","bindingPath":{"path":"","propertyPath":"/SALES_AREA_VKORG","modelName":"NewYardModel"},"interaction":{"idSuffix":"inner"}},"clearTextFirst":true,"interactionType":"ENTER_TEXT"}]}
RESULT: {"script":"<script> [776 bytes]","args":[{"enterText":"C002","selector":{"controlType":"sap.m.Input","viewName":"etm.portal.ui.manageyards.view.New","viewId":"application-manageyards-display-component---NewYard","bindingPath":{"path":"","propertyPath":"/SALES_AREA_VKORG","modelName":"NewYardModel"},"interaction":{"idSuffix":"inner"}},"clearTextFirst":true,"interactionType":"ENTER_TEXT"}]}
COMMAND: POST /session/35fb689ffd1e4d0af28420933f3852d5/execute/async - {"script":"<script> [1562 bytes]","args":[{"selector":{"controlType":"sap.m.Input","viewName":"etm.portal.ui.manageyards.view.New","viewId":"application-manageyards-display-component---NewYard","bindingPath":{"path":"","propertyPath":"/SALES_AREA_VTWEG","modelName":"NewYardModel"},"interaction":{"idSuffix":"inner"}},"wdio_ui5_key":"etmportal.ui.manageyards.view.Newsap.m.Input{\"path\":\"\",\"propertyPath\":\"/SALES_AREA_VTWEG\",\"modelName\":\"NewYardModel\"}"}]}
RESULT: {"script":"<script> [1562 bytes]","args":[{"selector":{"controlType":"sap.m.Input","viewName":"etm.portal.ui.manageyards.view.New","viewId":"application-manageyards-display-component---NewYard","bindingPath":{"path":"","propertyPath":"/SALES_AREA_VTWEG","modelName":"NewYardModel"},"interaction":{"idSuffix":"inner"}},"wdio_ui5_key":"etmportal.ui.manageyards.view.Newsap.m.Input{\"path\":\"\",\"propertyPath\":\"/SALES_AREA_VTWEG\",\"modelName\":\"NewYardModel\"}"}]}
RESULT: undefined
COMMAND: POST /session/35fb689ffd1e4d0af28420933f3852d5/execute/async - {"script":"<script> [776 bytes]","args":[{"enterText":"C2","selector":{"controlType":"sap.m.Input","viewName":"etm.portal.ui.manageyards.view.New","viewId":"application-manageyards-display-component---NewYard","bindingPath":{"path":"","propertyPath":"/SALES_AREA_VTWEG","modelName":"NewYardModel"},"interaction":{"idSuffix":"inner"}},"clearTextFirst":true,"interactionType":"ENTER_TEXT"}]}
RESULT: {"script":"<script> [776 bytes]","args":[{"enterText":"C2","selector":{"controlType":"sap.m.Input","viewName":"etm.portal.ui.manageyards.view.New","viewId":"application-manageyards-display-component---NewYard","bindingPath":{"path":"","propertyPath":"/SALES_AREA_VTWEG","modelName":"NewYardModel"},"interaction":{"idSuffix":"inner"}},"clearTextFirst":true,"interactionType":"ENTER_TEXT"}]}
COMMAND: POST /session/35fb689ffd1e4d0af28420933f3852d5/execute/async - {"script":"<script> [1562 bytes]","args":[{"selector":{"controlType":"sap.m.Input","viewName":"etm.portal.ui.manageyards.view.New","viewId":"application-manageyards-display-component---NewYard","bindingPath":{"path":"","propertyPath":"/SALES_AREA_SPART","modelName":"NewYardModel"},"interaction":{"idSuffix":"inner"}},"wdio_ui5_key":"etmportal.ui.manageyards.view.Newsap.m.Input{\"path\":\"\",\"propertyPath\":\"/SALES_AREA_SPART\",\"modelName\":\"NewYardModel\"}"}]}
RESULT: {"script":"<script> [1562 bytes]","args":[{"selector":{"controlType":"sap.m.Input","viewName":"etm.portal.ui.manageyards.view.New","viewId":"application-manageyards-display-component---NewYard","bindingPath":{"path":"","propertyPath":"/SALES_AREA_SPART","modelName":"NewYardModel"},"interaction":{"idSuffix":"inner"}},"wdio_ui5_key":"etmportal.ui.manageyards.view.Newsap.m.Input{\"path\":\"\",\"propertyPath\":\"/SALES_AREA_SPART\",\"modelName\":\"NewYardModel\"}"}]}
RESULT: undefined
COMMAND: POST /session/35fb689ffd1e4d0af28420933f3852d5/execute/async - {"script":"<script> [776 bytes]","args":[{"enterText":"C2","selector":{"controlType":"sap.m.Input","viewName":"etm.portal.ui.manageyards.view.New","viewId":"application-manageyards-display-component---NewYard","bindingPath":{"path":"","propertyPath":"/SALES_AREA_SPART","modelName":"NewYardModel"},"interaction":{"idSuffix":"inner"}},"clearTextFirst":true,"interactionType":"ENTER_TEXT"}]}
RESULT: {"script":"<script> [776 bytes]","args":[{"enterText":"C2","selector":{"controlType":"sap.m.Input","viewName":"etm.portal.ui.manageyards.view.New","viewId":"application-manageyards-display-component---NewYard","bindingPath":{"path":"","propertyPath":"/SALES_AREA_SPART","modelName":"NewYardModel"},"interaction":{"idSuffix":"inner"}},"clearTextFirst":true,"interactionType":"ENTER_TEXT"}]}
COMMAND: POST /session/35fb689ffd1e4d0af28420933f3852d5/execute/async - {"script":"<script> [1562 bytes]","args":[{"selector":{"controlType":"sap.m.Input","viewName":"etm.portal.ui.manageyards.view.New","viewId":"application-manageyards-display-component---NewYard","bindingPath":{"path":"","propertyPath":"/SHIP_POINT","modelName":"NewYardModel"},"interaction":{"idSuffix":"inner"}},"wdio_ui5_key":"etmportal.ui.manageyards.view.Newsap.m.Input{\"path\":\"\",\"propertyPath\":\"/SHIP_POINT\",\"modelName\":\"NewYardModel\"}"}]}
RESULT: {"script":"<script> [1562 bytes]","args":[{"selector":{"controlType":"sap.m.Input","viewName":"etm.portal.ui.manageyards.view.New","viewId":"application-manageyards-display-component---NewYard","bindingPath":{"path":"","propertyPath":"/SHIP_POINT","modelName":"NewYardModel"},"interaction":{"idSuffix":"inner"}},"wdio_ui5_key":"etmportal.ui.manageyards.view.Newsap.m.Input{\"path\":\"\",\"propertyPath\":\"/SHIP_POINT\",\"modelName\":\"NewYardModel\"}"}]}
RESULT: undefined
COMMAND: POST /session/35fb689ffd1e4d0af28420933f3852d5/execute/async - {"script":"<script> [776 bytes]","args":[{"enterText":"1710","selector":{"controlType":"sap.m.Input","viewName":"etm.portal.ui.manageyards.view.New","viewId":"application-manageyards-display-component---NewYard","bindingPath":{"path":"","propertyPath":"/SHIP_POINT","modelName":"NewYardModel"},"interaction":{"idSuffix":"inner"}},"clearTextFirst":true,"interactionType":"ENTER_TEXT"}]}
RESULT: {"script":"<script> [776 bytes]","args":[{"enterText":"1710","selector":{"controlType":"sap.m.Input","viewName":"etm.portal.ui.manageyards.view.New","viewId":"application-manageyards-display-component---NewYard","bindingPath":{"path":"","propertyPath":"/SHIP_POINT","modelName":"NewYardModel"},"interaction":{"idSuffix":"inner"}},"clearTextFirst":true,"interactionType":"ENTER_TEXT"}]}
COMMAND: POST /session/35fb689ffd1e4d0af28420933f3852d5/execute/async - {"script":"<script> [1562 bytes]","args":[{"selector":{"controlType":"sap.m.Input","viewName":"etm.portal.ui.manageyards.view.New","viewId":"application-manageyards-display-component---NewYard","bindingPath":{"path":"","propertyPath":"/DELIVERY_TYPE","modelName":"NewYardModel"},"interaction":{"idSuffix":"inner"}},"wdio_ui5_key":"etmportal.ui.manageyards.view.Newsap.m.Input{\"path\":\"\",\"propertyPath\":\"/DELIVERY_TYPE\",\"modelName\":\"NewYardModel\"}"}]}
RESULT: {"script":"<script> [1562 bytes]","args":[{"selector":{"controlType":"sap.m.Input","viewName":"etm.portal.ui.manageyards.view.New","viewId":"application-manageyards-display-component---NewYard","bindingPath":{"path":"","propertyPath":"/DELIVERY_TYPE","modelName":"NewYardModel"},"interaction":{"idSuffix":"inner"}},"wdio_ui5_key":"etmportal.ui.manageyards.view.Newsap.m.Input{\"path\":\"\",\"propertyPath\":\"/DELIVERY_TYPE\",\"modelName\":\"NewYardModel\"}"}]}
RESULT: undefined
COMMAND: POST /session/35fb689ffd1e4d0af28420933f3852d5/execute/async - {"script":"<script> [776 bytes]","args":[{"enterText":"ZL01","selector":{"controlType":"sap.m.Input","viewName":"etm.portal.ui.manageyards.view.New","viewId":"application-manageyards-display-component---NewYard","bindingPath":{"path":"","propertyPath":"/DELIVERY_TYPE","modelName":"NewYardModel"},"interaction":{"idSuffix":"inner"}},"clearTextFirst":true,"interactionType":"ENTER_TEXT"}]}
RESULT: {"script":"<script> [776 bytes]","args":[{"enterText":"ZL01","selector":{"controlType":"sap.m.Input","viewName":"etm.portal.ui.manageyards.view.New","viewId":"application-manageyards-display-component---NewYard","bindingPath":{"path":"","propertyPath":"/DELIVERY_TYPE","modelName":"NewYardModel"},"interaction":{"idSuffix":"inner"}},"clearTextFirst":true,"interactionType":"ENTER_TEXT"}]}
COMMAND: POST /session/35fb689ffd1e4d0af28420933f3852d5/execute/async - {"script":"<script> [1562 bytes]","args":[{"selector":{"controlType":"sap.m.Input","viewName":"etm.portal.ui.manageyards.view.New","viewId":"application-manageyards-display-component---NewYard","bindingPath":{"path":"","propertyPath":"/AUART","modelName":"NewYardModel"},"interaction":{"idSuffix":"inner"}},"wdio_ui5_key":"etmportal.ui.manageyards.view.Newsap.m.Input{\"path\":\"\",\"propertyPath\":\"/AUART\",\"modelName\":\"NewYardModel\"}"}]}
RESULT: {"script":"<script> [1562 bytes]","args":[{"selector":{"controlType":"sap.m.Input","viewName":"etm.portal.ui.manageyards.view.New","viewId":"application-manageyards-display-component---NewYard","bindingPath":{"path":"","propertyPath":"/AUART","modelName":"NewYardModel"},"interaction":{"idSuffix":"inner"}},"wdio_ui5_key":"etmportal.ui.manageyards.view.Newsap.m.Input{\"path\":\"\",\"propertyPath\":\"/AUART\",\"modelName\":\"NewYardModel\"}"}]}
RESULT: undefined
COMMAND: POST /session/35fb689ffd1e4d0af28420933f3852d5/execute/async - {"script":"<script> [776 bytes]","args":[{"enterText":"TA","selector":{"controlType":"sap.m.Input","viewName":"etm.portal.ui.manageyards.view.New","viewId":"application-manageyards-display-component---NewYard","bindingPath":{"path":"","propertyPath":"/AUART","modelName":"NewYardModel"},"interaction":{"idSuffix":"inner"}},"clearTextFirst":true,"interactionType":"ENTER_TEXT"}]}
RESULT: {"script":"<script> [776 bytes]","args":[{"enterText":"TA","selector":{"controlType":"sap.m.Input","viewName":"etm.portal.ui.manageyards.view.New","viewId":"application-manageyards-display-component---NewYard","bindingPath":{"path":"","propertyPath":"/AUART","modelName":"NewYardModel"},"interaction":{"idSuffix":"inner"}},"clearTextFirst":true,"interactionType":"ENTER_TEXT"}]}
COMMAND: POST /session/35fb689ffd1e4d0af28420933f3852d5/element - {"using":"xpath","value":"//button[@data-kt=\"newYardSaveButton\"]"}
RESULT: {"using":"xpath","value":"//button[@data-kt=\"newYardSaveButton\"]"}
COMMAND: POST /session/35fb689ffd1e4d0af28420933f3852d5/element/f.D4604CFB99CA81B49CF573A4CE08B130.d.60157664AE8148E3FF6BF37573DB529B.e.1156/click - {}
RESULT: {}
COMMAND: GET /session/35fb689ffd1e4d0af28420933f3852d5/screenshot - {}
RESULT: {}
COMMAND: POST /session/35fb689ffd1e4d0af28420933f3852d5/element - {"using":"xpath","value":"//header[contains(@id, 'ObjectPageLayout-headerTitle')]/div[1]/div[2]/div[1]/span[1]"}
RESULT: {"using":"xpath","value":"//header[contains(@id, 'ObjectPageLayout-headerTitle')]/div[1]/div[2]/div[1]/span[1]"}
COMMAND: POST /session/35fb689ffd1e4d0af28420933f3852d5/elements - {"using":"xpath","value":"//header[contains(@id, 'ObjectPageLayout-headerTitle')]/div[1]/div[2]/div[1]/span[1]"}
RESULT: {"using":"xpath","value":"//header[contains(@id, 'ObjectPageLayout-headerTitle')]/div[1]/div[2]/div[1]/span[1]"}
COMMAND: POST /session/35fb689ffd1e4d0af28420933f3852d5/execute/sync - {"script":"<script> [56 bytes]","args":[{"element-6066-11e4-a52e-4f735466cecf":"f.D4604CFB99CA81B49CF573A4CE08B130.d.60157664AE8148E3FF6BF37573DB529B.e.1421","ELEMENT":"f.D4604CFB99CA81B49CF573A4CE08B130.d.60157664AE8148E3FF6BF37573DB529B.e.1421"}]}
RESULT: {"script":"<script> [56 bytes]","args":[{"element-6066-11e4-a52e-4f735466cecf":"f.D4604CFB99CA81B49CF573A4CE08B130.d.60157664AE8148E3FF6BF37573DB529B.e.1421","ELEMENT":"f.D4604CFB99CA81B49CF573A4CE08B130.d.60157664AE8148E3FF6BF37573DB529B.e.1421"}]}
COMMAND: GET /session/35fb689ffd1e4d0af28420933f3852d5/screenshot - {}
RESULT: {}
COMMAND: POST /session/35fb689ffd1e4d0af28420933f3852d5/element - {"using":"css selector","value":"#shell-header-logo"}
RESULT: {"using":"css selector","value":"#shell-header-logo"}
COMMAND: POST /session/35fb689ffd1e4d0af28420933f3852d5/element/f.D4604CFB99CA81B49CF573A4CE08B130.d.60157664AE8148E3FF6BF37573DB529B.e.706/click - {}
RESULT: {}
COMMAND: GET /session/35fb689ffd1e4d0af28420933f3852d5/screenshot - {}
RESULT: {}
COMMAND: POST /session/35fb689ffd1e4d0af28420933f3852d5/execute/sync - {"script":"<script> [299 bytes]","args":[["getModel","getResource"]]}
RESULT: {"script":"<script> [299 bytes]","args":[["getModel","getResource"]]}
COMMAND: GET /session/35fb689ffd1e4d0af28420933f3852d5/screenshot - {}
]]></system-out>
    </testcase>
    <testcase classname="chrome.135_0_7049_96.windows.Yard_Overview_Autoplanning_US130989" name="Prereq Should create a new partner" time="141.739">
      <system-out><![CDATA[
COMMAND: POST /session/35fb689ffd1e4d0af28420933f3852d5/window/fullscreen - {}
RESULT: {}
RESULT: {}
COMMAND: POST /session/35fb689ffd1e4d0af28420933f3852d5/execute/async - {"script":"<script> [1562 bytes]","args":[{"selector":{"controlType":"sap.m.GenericTile","properties":{"header":"Manage Partners"}},"wdio_ui5_key":"sapm.GenericTile{\"header\":\"Manage Partners\"}"}]}
RESULT: {"script":"<script> [1562 bytes]","args":[{"selector":{"controlType":"sap.m.GenericTile","properties":{"header":"Manage Partners"}},"wdio_ui5_key":"sapm.GenericTile{\"header\":\"Manage Partners\"}"}]}
RESULT: undefined
COMMAND: POST /session/35fb689ffd1e4d0af28420933f3852d5/element - {"using":"xpath","value":"//*[@id=\"__tile38\"]"}
RESULT: {"using":"xpath","value":"//*[@id=\"__tile38\"]"}
COMMAND: POST /session/35fb689ffd1e4d0af28420933f3852d5/element/f.D4604CFB99CA81B49CF573A4CE08B130.d.60157664AE8148E3FF6BF37573DB529B.e.599/click - {}
RESULT: {}
COMMAND: POST /session/35fb689ffd1e4d0af28420933f3852d5/element - {"using":"xpath","value":"//button[@data-kt=\"addButton\"]"}
COMMAND: GET /session/35fb689ffd1e4d0af28420933f3852d5/screenshot - {}
RESULT: {"using":"xpath","value":"//button[@data-kt=\"addButton\"]"}
COMMAND: POST /session/35fb689ffd1e4d0af28420933f3852d5/elements - {"using":"xpath","value":"//button[@data-kt=\"addButton\"]"}
RESULT: {}
RESULT: {"using":"xpath","value":"//button[@data-kt=\"addButton\"]"}
COMMAND: POST /session/35fb689ffd1e4d0af28420933f3852d5/elements - {"using":"xpath","value":"//button[@data-kt=\"addButton\"]"}
RESULT: {"using":"xpath","value":"//button[@data-kt=\"addButton\"]"}
COMMAND: POST /session/35fb689ffd1e4d0af28420933f3852d5/elements - {"using":"xpath","value":"//button[@data-kt=\"addButton\"]"}
RESULT: {"using":"xpath","value":"//button[@data-kt=\"addButton\"]"}
COMMAND: POST /session/35fb689ffd1e4d0af28420933f3852d5/elements - {"using":"xpath","value":"//button[@data-kt=\"addButton\"]"}
RESULT: {"using":"xpath","value":"//button[@data-kt=\"addButton\"]"}
COMMAND: POST /session/35fb689ffd1e4d0af28420933f3852d5/elements - {"using":"xpath","value":"//button[@data-kt=\"addButton\"]"}
RESULT: {"using":"xpath","value":"//button[@data-kt=\"addButton\"]"}
COMMAND: POST /session/35fb689ffd1e4d0af28420933f3852d5/elements - {"using":"xpath","value":"//button[@data-kt=\"addButton\"]"}
RESULT: {"using":"xpath","value":"//button[@data-kt=\"addButton\"]"}
COMMAND: POST /session/35fb689ffd1e4d0af28420933f3852d5/elements - {"using":"xpath","value":"//button[@data-kt=\"addButton\"]"}
RESULT: {"using":"xpath","value":"//button[@data-kt=\"addButton\"]"}
COMMAND: POST /session/35fb689ffd1e4d0af28420933f3852d5/elements - {"using":"xpath","value":"//button[@data-kt=\"addButton\"]"}
RESULT: {"using":"xpath","value":"//button[@data-kt=\"addButton\"]"}
COMMAND: POST /session/35fb689ffd1e4d0af28420933f3852d5/elements - {"using":"xpath","value":"//button[@data-kt=\"addButton\"]"}
RESULT: {"using":"xpath","value":"//button[@data-kt=\"addButton\"]"}
COMMAND: POST /session/35fb689ffd1e4d0af28420933f3852d5/elements - {"using":"xpath","value":"//button[@data-kt=\"addButton\"]"}
RESULT: {"using":"xpath","value":"//button[@data-kt=\"addButton\"]"}
COMMAND: POST /session/35fb689ffd1e4d0af28420933f3852d5/elements - {"using":"xpath","value":"//button[@data-kt=\"addButton\"]"}
RESULT: {"using":"xpath","value":"//button[@data-kt=\"addButton\"]"}
COMMAND: POST /session/35fb689ffd1e4d0af28420933f3852d5/elements - {"using":"xpath","value":"//button[@data-kt=\"addButton\"]"}
RESULT: {"using":"xpath","value":"//button[@data-kt=\"addButton\"]"}
COMMAND: POST /session/35fb689ffd1e4d0af28420933f3852d5/elements - {"using":"xpath","value":"//button[@data-kt=\"addButton\"]"}
RESULT: {"using":"xpath","value":"//button[@data-kt=\"addButton\"]"}
COMMAND: POST /session/35fb689ffd1e4d0af28420933f3852d5/elements - {"using":"xpath","value":"//button[@data-kt=\"addButton\"]"}
RESULT: {"using":"xpath","value":"//button[@data-kt=\"addButton\"]"}
COMMAND: POST /session/35fb689ffd1e4d0af28420933f3852d5/elements - {"using":"xpath","value":"//button[@data-kt=\"addButton\"]"}
RESULT: {"using":"xpath","value":"//button[@data-kt=\"addButton\"]"}
COMMAND: POST /session/35fb689ffd1e4d0af28420933f3852d5/elements - {"using":"xpath","value":"//button[@data-kt=\"addButton\"]"}
RESULT: {"using":"xpath","value":"//button[@data-kt=\"addButton\"]"}
COMMAND: POST /session/35fb689ffd1e4d0af28420933f3852d5/elements - {"using":"xpath","value":"//button[@data-kt=\"addButton\"]"}
RESULT: {"using":"xpath","value":"//button[@data-kt=\"addButton\"]"}
COMMAND: POST /session/35fb689ffd1e4d0af28420933f3852d5/elements - {"using":"xpath","value":"//button[@data-kt=\"addButton\"]"}
RESULT: {"using":"xpath","value":"//button[@data-kt=\"addButton\"]"}
COMMAND: POST /session/35fb689ffd1e4d0af28420933f3852d5/elements - {"using":"xpath","value":"//button[@data-kt=\"addButton\"]"}
RESULT: {"using":"xpath","value":"//button[@data-kt=\"addButton\"]"}
COMMAND: POST /session/35fb689ffd1e4d0af28420933f3852d5/elements - {"using":"xpath","value":"//button[@data-kt=\"addButton\"]"}
RESULT: {"using":"xpath","value":"//button[@data-kt=\"addButton\"]"}
COMMAND: POST /session/35fb689ffd1e4d0af28420933f3852d5/elements - {"using":"xpath","value":"//button[@data-kt=\"addButton\"]"}
RESULT: {"using":"xpath","value":"//button[@data-kt=\"addButton\"]"}
COMMAND: POST /session/35fb689ffd1e4d0af28420933f3852d5/elements - {"using":"xpath","value":"//button[@data-kt=\"addButton\"]"}
RESULT: {"using":"xpath","value":"//button[@data-kt=\"addButton\"]"}
COMMAND: POST /session/35fb689ffd1e4d0af28420933f3852d5/elements - {"using":"xpath","value":"//button[@data-kt=\"addButton\"]"}
RESULT: {"using":"xpath","value":"//button[@data-kt=\"addButton\"]"}
COMMAND: POST /session/35fb689ffd1e4d0af28420933f3852d5/elements - {"using":"xpath","value":"//button[@data-kt=\"addButton\"]"}
RESULT: {"using":"xpath","value":"//button[@data-kt=\"addButton\"]"}
COMMAND: POST /session/35fb689ffd1e4d0af28420933f3852d5/elements - {"using":"xpath","value":"//button[@data-kt=\"addButton\"]"}
RESULT: {"using":"xpath","value":"//button[@data-kt=\"addButton\"]"}
COMMAND: POST /session/35fb689ffd1e4d0af28420933f3852d5/elements - {"using":"xpath","value":"//button[@data-kt=\"addButton\"]"}
RESULT: {"using":"xpath","value":"//button[@data-kt=\"addButton\"]"}
COMMAND: POST /session/35fb689ffd1e4d0af28420933f3852d5/element - {"using":"xpath","value":"//button[@data-kt=\"addButton\"]"}
RESULT: {"using":"xpath","value":"//button[@data-kt=\"addButton\"]"}
COMMAND: POST /session/35fb689ffd1e4d0af28420933f3852d5/execute/sync - {"script":"<script> [8489 bytes]","args":[{"element-6066-11e4-a52e-4f735466cecf":"f.D4604CFB99CA81B49CF573A4CE08B130.d.60157664AE8148E3FF6BF37573DB529B.e.1459","ELEMENT":"f.D4604CFB99CA81B49CF573A4CE08B130.d.60157664AE8148E3FF6BF37573DB529B.e.1459"}]}
RESULT: {"script":"<script> [8489 bytes]","args":[{"element-6066-11e4-a52e-4f735466cecf":"f.D4604CFB99CA81B49CF573A4CE08B130.d.60157664AE8148E3FF6BF37573DB529B.e.1459","ELEMENT":"f.D4604CFB99CA81B49CF573A4CE08B130.d.60157664AE8148E3FF6BF37573DB529B.e.1459"}]}
COMMAND: GET /session/35fb689ffd1e4d0af28420933f3852d5/element/f.D4604CFB99CA81B49CF573A4CE08B130.d.60157664AE8148E3FF6BF37573DB529B.e.1459/enabled - {}
COMMAND: GET /session/35fb689ffd1e4d0af28420933f3852d5/screenshot - {}
RESULT: {}
COMMAND: POST /session/35fb689ffd1e4d0af28420933f3852d5/execute/sync - {"script":"<script> [8489 bytes]","args":[{"element-6066-11e4-a52e-4f735466cecf":"f.D4604CFB99CA81B49CF573A4CE08B130.d.60157664AE8148E3FF6BF37573DB529B.e.1459","ELEMENT":"f.D4604CFB99CA81B49CF573A4CE08B130.d.60157664AE8148E3FF6BF37573DB529B.e.1459"}]}
COMMAND: GET /session/35fb689ffd1e4d0af28420933f3852d5/screenshot - {}
RESULT: {}
RESULT: {"script":"<script> [8489 bytes]","args":[{"element-6066-11e4-a52e-4f735466cecf":"f.D4604CFB99CA81B49CF573A4CE08B130.d.60157664AE8148E3FF6BF37573DB529B.e.1459","ELEMENT":"f.D4604CFB99CA81B49CF573A4CE08B130.d.60157664AE8148E3FF6BF37573DB529B.e.1459"}]}
COMMAND: POST /session/35fb689ffd1e4d0af28420933f3852d5/execute/sync - {"script":"<script> [5351 bytes]","args":[{"element-6066-11e4-a52e-4f735466cecf":"f.D4604CFB99CA81B49CF573A4CE08B130.d.60157664AE8148E3FF6BF37573DB529B.e.1459","ELEMENT":"f.D4604CFB99CA81B49CF573A4CE08B130.d.60157664AE8148E3FF6BF37573DB529B.e.1459"}]}
COMMAND: GET /session/35fb689ffd1e4d0af28420933f3852d5/screenshot - {}
RESULT: {}
RESULT: {"script":"<script> [5351 bytes]","args":[{"element-6066-11e4-a52e-4f735466cecf":"f.D4604CFB99CA81B49CF573A4CE08B130.d.60157664AE8148E3FF6BF37573DB529B.e.1459","ELEMENT":"f.D4604CFB99CA81B49CF573A4CE08B130.d.60157664AE8148E3FF6BF37573DB529B.e.1459"}]}
COMMAND: POST /session/35fb689ffd1e4d0af28420933f3852d5/element/f.D4604CFB99CA81B49CF573A4CE08B130.d.60157664AE8148E3FF6BF37573DB529B.e.1459/click - {}
COMMAND: GET /session/35fb689ffd1e4d0af28420933f3852d5/screenshot - {}
RESULT: {}
RESULT: {}
COMMAND: GET /session/35fb689ffd1e4d0af28420933f3852d5/screenshot - {}
RESULT: {}
RESULT: {}
COMMAND: POST /session/35fb689ffd1e4d0af28420933f3852d5/execute/async - {"script":"<script> [1562 bytes]","args":[{"selector":{"id":"application-managepartners-display-component---NewPartner--addressDetailDetailsName1","interaction":{"idSuffix":"inner"}},"wdio_ui5_key":"applicationmanagepartners-display-component---NewPartner--addressDetailDetailsName1"}]}
RESULT: {"script":"<script> [1562 bytes]","args":[{"selector":{"id":"application-managepartners-display-component---NewPartner--addressDetailDetailsName1","interaction":{"idSuffix":"inner"}},"wdio_ui5_key":"applicationmanagepartners-display-component---NewPartner--addressDetailDetailsName1"}]}
RESULT: undefined
COMMAND: POST /session/35fb689ffd1e4d0af28420933f3852d5/execute/async - {"script":"<script> [776 bytes]","args":[{"enterText":"Intracompany Partner WDIO","selector":{"id":"application-managepartners-display-component---NewPartner--addressDetailDetailsName1","interaction":{"idSuffix":"inner"}},"clearTextFirst":true,"interactionType":"ENTER_TEXT"}]}
RESULT: {"script":"<script> [776 bytes]","args":[{"enterText":"Intracompany Partner WDIO","selector":{"id":"application-managepartners-display-component---NewPartner--addressDetailDetailsName1","interaction":{"idSuffix":"inner"}},"clearTextFirst":true,"interactionType":"ENTER_TEXT"}]}
COMMAND: POST /session/35fb689ffd1e4d0af28420933f3852d5/execute/async - {"script":"<script> [1562 bytes]","args":[{"selector":{"id":"application-managepartners-display-component---NewPartner--addressDetailDetailsLanguage-arrow"},"wdio_ui5_key":"applicationmanagepartners-display-component---NewPartner--addressDetailDetailsLanguage-arrow"}]}
RESULT: {"script":"<script> [1562 bytes]","args":[{"selector":{"id":"application-managepartners-display-component---NewPartner--addressDetailDetailsLanguage-arrow"},"wdio_ui5_key":"applicationmanagepartners-display-component---NewPartner--addressDetailDetailsLanguage-arrow"}]}
RESULT: undefined
COMMAND: POST /session/35fb689ffd1e4d0af28420933f3852d5/element - {"using":"xpath","value":"//*[@id=\"application-managepartners-display-component---NewPartner--addressDetailDetailsLanguage-arrow\"]"}
RESULT: {"using":"xpath","value":"//*[@id=\"application-managepartners-display-component---NewPartner--addressDetailDetailsLanguage-arrow\"]"}
COMMAND: POST /session/35fb689ffd1e4d0af28420933f3852d5/element/f.D4604CFB99CA81B49CF573A4CE08B130.d.60157664AE8148E3FF6BF37573DB529B.e.1906/click - {}
RESULT: {}
COMMAND: POST /session/35fb689ffd1e4d0af28420933f3852d5/element - {"using":"xpath","value":"//span[contains(text(), \"English\")]"}
COMMAND: GET /session/35fb689ffd1e4d0af28420933f3852d5/screenshot - {}
RESULT: {"using":"xpath","value":"//span[contains(text(), \"English\")]"}
COMMAND: POST /session/35fb689ffd1e4d0af28420933f3852d5/element/f.D4604CFB99CA81B49CF573A4CE08B130.d.60157664AE8148E3FF6BF37573DB529B.e.1907/click - {}
RESULT: {}
RESULT: {}
COMMAND: GET /session/35fb689ffd1e4d0af28420933f3852d5/screenshot - {}
RESULT: {}
COMMAND: POST /session/35fb689ffd1e4d0af28420933f3852d5/execute/async - {"script":"<script> [1562 bytes]","args":[{"selector":{"id":"application-managepartners-display-component---NewPartner--addressDetailDetailsCity1","interaction":{"idSuffix":"inner"}},"wdio_ui5_key":"applicationmanagepartners-display-component---NewPartner--addressDetailDetailsCity1"}]}
RESULT: {"script":"<script> [1562 bytes]","args":[{"selector":{"id":"application-managepartners-display-component---NewPartner--addressDetailDetailsCity1","interaction":{"idSuffix":"inner"}},"wdio_ui5_key":"applicationmanagepartners-display-component---NewPartner--addressDetailDetailsCity1"}]}
RESULT: undefined
COMMAND: POST /session/35fb689ffd1e4d0af28420933f3852d5/execute/async - {"script":"<script> [776 bytes]","args":[{"enterText":"Rosario","selector":{"id":"application-managepartners-display-component---NewPartner--addressDetailDetailsCity1","interaction":{"idSuffix":"inner"}},"clearTextFirst":true,"interactionType":"ENTER_TEXT"}]}
RESULT: {"script":"<script> [776 bytes]","args":[{"enterText":"Rosario","selector":{"id":"application-managepartners-display-component---NewPartner--addressDetailDetailsCity1","interaction":{"idSuffix":"inner"}},"clearTextFirst":true,"interactionType":"ENTER_TEXT"}]}
COMMAND: POST /session/35fb689ffd1e4d0af28420933f3852d5/execute/async - {"script":"<script> [1562 bytes]","args":[{"selector":{"id":"application-managepartners-display-component---NewPartner--addressDetailDetailsCountry-arrow"},"wdio_ui5_key":"applicationmanagepartners-display-component---NewPartner--addressDetailDetailsCountry-arrow"}]}
RESULT: {"script":"<script> [1562 bytes]","args":[{"selector":{"id":"application-managepartners-display-component---NewPartner--addressDetailDetailsCountry-arrow"},"wdio_ui5_key":"applicationmanagepartners-display-component---NewPartner--addressDetailDetailsCountry-arrow"}]}
RESULT: undefined
COMMAND: POST /session/35fb689ffd1e4d0af28420933f3852d5/element - {"using":"xpath","value":"//*[@id=\"application-managepartners-display-component---NewPartner--addressDetailDetailsCountry-arrow\"]"}
RESULT: {"using":"xpath","value":"//*[@id=\"application-managepartners-display-component---NewPartner--addressDetailDetailsCountry-arrow\"]"}
COMMAND: POST /session/35fb689ffd1e4d0af28420933f3852d5/element/f.D4604CFB99CA81B49CF573A4CE08B130.d.60157664AE8148E3FF6BF37573DB529B.e.1885/click - {}
RESULT: {}
COMMAND: POST /session/35fb689ffd1e4d0af28420933f3852d5/element - {"using":"xpath","value":"//span[contains(text(), \"Argentina\")]"}
COMMAND: GET /session/35fb689ffd1e4d0af28420933f3852d5/screenshot - {}
RESULT: {"using":"xpath","value":"//span[contains(text(), \"Argentina\")]"}
COMMAND: POST /session/35fb689ffd1e4d0af28420933f3852d5/element/f.D4604CFB99CA81B49CF573A4CE08B130.d.60157664AE8148E3FF6BF37573DB529B.e.1909/click - {}
RESULT: {}
RESULT: {}
COMMAND: GET /session/35fb689ffd1e4d0af28420933f3852d5/screenshot - {}
RESULT: {}
COMMAND: POST /session/35fb689ffd1e4d0af28420933f3852d5/element - {"using":"xpath","value":"//bdi[contains(text(), \"Commercial\")]"}
RESULT: {"using":"xpath","value":"//bdi[contains(text(), \"Commercial\")]"}
COMMAND: POST /session/35fb689ffd1e4d0af28420933f3852d5/element/f.D4604CFB99CA81B49CF573A4CE08B130.d.60157664AE8148E3FF6BF37573DB529B.e.1910/click - {}
RESULT: {}
COMMAND: GET /session/35fb689ffd1e4d0af28420933f3852d5/screenshot - {}
RESULT: {}
COMMAND: POST /session/35fb689ffd1e4d0af28420933f3852d5/execute/async - {"script":"<script> [1562 bytes]","args":[{"selector":{"id":"application-managepartners-display-component---NewPartner--partnerDetailInternal-arrow"},"wdio_ui5_key":"applicationmanagepartners-display-component---NewPartner--partnerDetailInternal-arrow"}]}
RESULT: {"script":"<script> [1562 bytes]","args":[{"selector":{"id":"application-managepartners-display-component---NewPartner--partnerDetailInternal-arrow"},"wdio_ui5_key":"applicationmanagepartners-display-component---NewPartner--partnerDetailInternal-arrow"}]}
RESULT: undefined
COMMAND: POST /session/35fb689ffd1e4d0af28420933f3852d5/element - {"using":"xpath","value":"//*[@id=\"application-managepartners-display-component---NewPartner--partnerDetailInternal-arrow\"]"}
RESULT: {"using":"xpath","value":"//*[@id=\"application-managepartners-display-component---NewPartner--partnerDetailInternal-arrow\"]"}
COMMAND: POST /session/35fb689ffd1e4d0af28420933f3852d5/element/f.D4604CFB99CA81B49CF573A4CE08B130.d.60157664AE8148E3FF6BF37573DB529B.e.1916/click - {}
RESULT: {}
COMMAND: POST /session/35fb689ffd1e4d0af28420933f3852d5/element - {"using":"xpath","value":"//span[contains(text(), \"Affiliated company\")]"}
COMMAND: GET /session/35fb689ffd1e4d0af28420933f3852d5/screenshot - {}
RESULT: {"using":"xpath","value":"//span[contains(text(), \"Affiliated company\")]"}
COMMAND: POST /session/35fb689ffd1e4d0af28420933f3852d5/element/f.D4604CFB99CA81B49CF573A4CE08B130.d.60157664AE8148E3FF6BF37573DB529B.e.1917/click - {}
RESULT: {}
RESULT: {}
COMMAND: POST /session/35fb689ffd1e4d0af28420933f3852d5/execute/async - {"script":"<script> [1562 bytes]","args":[{"selector":{"id":"application-managepartners-display-component---NewPartner--partnerDetailsCurrency-arrow"},"wdio_ui5_key":"applicationmanagepartners-display-component---NewPartner--partnerDetailsCurrency-arrow"}]}
COMMAND: GET /session/35fb689ffd1e4d0af28420933f3852d5/screenshot - {}
RESULT: {"script":"<script> [1562 bytes]","args":[{"selector":{"id":"application-managepartners-display-component---NewPartner--partnerDetailsCurrency-arrow"},"wdio_ui5_key":"applicationmanagepartners-display-component---NewPartner--partnerDetailsCurrency-arrow"}]}
RESULT: undefined
COMMAND: POST /session/35fb689ffd1e4d0af28420933f3852d5/element - {"using":"xpath","value":"//*[@id=\"application-managepartners-display-component---NewPartner--partnerDetailsCurrency-arrow\"]"}
RESULT: {}
RESULT: {"using":"xpath","value":"//*[@id=\"application-managepartners-display-component---NewPartner--partnerDetailsCurrency-arrow\"]"}
COMMAND: POST /session/35fb689ffd1e4d0af28420933f3852d5/element/f.D4604CFB99CA81B49CF573A4CE08B130.d.60157664AE8148E3FF6BF37573DB529B.e.1924/click - {}
RESULT: {}
COMMAND: POST /session/35fb689ffd1e4d0af28420933f3852d5/element - {"using":"xpath","value":"//span[contains(text(), \"Euro\")]"}
COMMAND: GET /session/35fb689ffd1e4d0af28420933f3852d5/screenshot - {}
RESULT: {"using":"xpath","value":"//span[contains(text(), \"Euro\")]"}
COMMAND: POST /session/35fb689ffd1e4d0af28420933f3852d5/element/f.D4604CFB99CA81B49CF573A4CE08B130.d.60157664AE8148E3FF6BF37573DB529B.e.1925/click - {}
RESULT: {}
RESULT: {}
COMMAND: POST /session/35fb689ffd1e4d0af28420933f3852d5/execute/async - {"script":"<script> [1562 bytes]","args":[{"selector":{"id":"application-managepartners-display-component---NewPartner--addressEditDetailsCostObjectCstType-arrow"},"wdio_ui5_key":"applicationmanagepartners-display-component---NewPartner--addressEditDetailsCostObjectCstType-arrow"}]}
COMMAND: GET /session/35fb689ffd1e4d0af28420933f3852d5/screenshot - {}
RESULT: {"script":"<script> [1562 bytes]","args":[{"selector":{"id":"application-managepartners-display-component---NewPartner--addressEditDetailsCostObjectCstType-arrow"},"wdio_ui5_key":"applicationmanagepartners-display-component---NewPartner--addressEditDetailsCostObjectCstType-arrow"}]}
RESULT: undefined
COMMAND: POST /session/35fb689ffd1e4d0af28420933f3852d5/element - {"using":"xpath","value":"//*[@id=\"application-managepartners-display-component---NewPartner--addressEditDetailsCostObjectCstType-arrow\"]"}
RESULT: {}
RESULT: {"using":"xpath","value":"//*[@id=\"application-managepartners-display-component---NewPartner--addressEditDetailsCostObjectCstType-arrow\"]"}
COMMAND: POST /session/35fb689ffd1e4d0af28420933f3852d5/element/f.D4604CFB99CA81B49CF573A4CE08B130.d.60157664AE8148E3FF6BF37573DB529B.e.1926/click - {}
RESULT: {}
COMMAND: POST /session/35fb689ffd1e4d0af28420933f3852d5/element - {"using":"xpath","value":"//span[contains(text(), \"Cost Center\")]"}
COMMAND: GET /session/35fb689ffd1e4d0af28420933f3852d5/screenshot - {}
RESULT: {"using":"xpath","value":"//span[contains(text(), \"Cost Center\")]"}
COMMAND: POST /session/35fb689ffd1e4d0af28420933f3852d5/element/f.D4604CFB99CA81B49CF573A4CE08B130.d.60157664AE8148E3FF6BF37573DB529B.e.1927/click - {}
RESULT: {}
RESULT: {}
COMMAND: GET /session/35fb689ffd1e4d0af28420933f3852d5/screenshot - {}
RESULT: {}
COMMAND: POST /session/35fb689ffd1e4d0af28420933f3852d5/element - {"using":"xpath","value":"//span[@id=\"application-managepartners-display-component---NewPartner--addressNewCostObjectCstID-vhi\"]"}
RESULT: {"using":"xpath","value":"//span[@id=\"application-managepartners-display-component---NewPartner--addressNewCostObjectCstID-vhi\"]"}
COMMAND: POST /session/35fb689ffd1e4d0af28420933f3852d5/execute/sync - {"script":"<script> [8489 bytes]","args":[{"element-6066-11e4-a52e-4f735466cecf":"f.D4604CFB99CA81B49CF573A4CE08B130.d.60157664AE8148E3FF6BF37573DB529B.e.1931","ELEMENT":"f.D4604CFB99CA81B49CF573A4CE08B130.d.60157664AE8148E3FF6BF37573DB529B.e.1931"}]}
RESULT: {"script":"<script> [8489 bytes]","args":[{"element-6066-11e4-a52e-4f735466cecf":"f.D4604CFB99CA81B49CF573A4CE08B130.d.60157664AE8148E3FF6BF37573DB529B.e.1931","ELEMENT":"f.D4604CFB99CA81B49CF573A4CE08B130.d.60157664AE8148E3FF6BF37573DB529B.e.1931"}]}
COMMAND: POST /session/35fb689ffd1e4d0af28420933f3852d5/execute/async - {"script":"<script> [1562 bytes]","args":[{"selector":{"id":"application-managepartners-display-component---NewPartner--addressNewCostObjectCstID-vhi"},"wdio_ui5_key":"applicationmanagepartners-display-component---NewPartner--addressNewCostObjectCstID-vhi"}]}
COMMAND: GET /session/35fb689ffd1e4d0af28420933f3852d5/screenshot - {}
RESULT: {"script":"<script> [1562 bytes]","args":[{"selector":{"id":"application-managepartners-display-component---NewPartner--addressNewCostObjectCstID-vhi"},"wdio_ui5_key":"applicationmanagepartners-display-component---NewPartner--addressNewCostObjectCstID-vhi"}]}
RESULT: undefined
COMMAND: POST /session/35fb689ffd1e4d0af28420933f3852d5/element - {"using":"xpath","value":"//*[@id=\"application-managepartners-display-component---NewPartner--addressNewCostObjectCstID-vhi\"]"}
RESULT: {}
RESULT: {"using":"xpath","value":"//*[@id=\"application-managepartners-display-component---NewPartner--addressNewCostObjectCstID-vhi\"]"}
COMMAND: POST /session/35fb689ffd1e4d0af28420933f3852d5/element/f.D4604CFB99CA81B49CF573A4CE08B130.d.60157664AE8148E3FF6BF37573DB529B.e.1931/click - {}
RESULT: {}
COMMAND: GET /session/35fb689ffd1e4d0af28420933f3852d5/screenshot - {}
RESULT: {}
RESULT: undefined
COMMAND: POST /session/35fb689ffd1e4d0af28420933f3852d5/execute/async - {"script":"<script> [776 bytes]","args":[{"enterText":"10001013","selector":{"controlType":"sap.m.SearchField","properties":{"placeholder":"Search"},"searchOpenDialogs":true,"interaction":{"idSuffix":"I"}},"clearTextFirst":true,"interactionType":"ENTER_TEXT"}]}
RESULT: {"script":"<script> [776 bytes]","args":[{"enterText":"10001013","selector":{"controlType":"sap.m.SearchField","properties":{"placeholder":"Search"},"searchOpenDialogs":true,"interaction":{"idSuffix":"I"}},"clearTextFirst":true,"interactionType":"ENTER_TEXT"}]}
COMMAND: POST /session/35fb689ffd1e4d0af28420933f3852d5/actions - {"actions":[{"id":"action2","type":"key","parameters":{},"actions":[{"type":"keyDown","value":"î€‡"},{"type":"pause","duration":10},{"type":"keyUp","value":"î€‡"}]}]}
RESULT: {"actions":[{"id":"action2","type":"key","parameters":{},"actions":[{"type":"keyDown","value":"î€‡"},{"type":"pause","duration":10},{"type":"keyUp","value":"î€‡"}]}]}
COMMAND: GET /session/35fb689ffd1e4d0af28420933f3852d5/screenshot - {}
RESULT: {}
COMMAND: POST /session/35fb689ffd1e4d0af28420933f3852d5/element - {"using":"xpath","value":"//span[contains(text(), \"General Management\")]"}
RESULT: {"using":"xpath","value":"//span[contains(text(), \"General Management\")]"}
COMMAND: POST /session/35fb689ffd1e4d0af28420933f3852d5/element/f.D4604CFB99CA81B49CF573A4CE08B130.d.60157664AE8148E3FF6BF37573DB529B.e.1970/click - {}
RESULT: {}
COMMAND: GET /session/35fb689ffd1e4d0af28420933f3852d5/screenshot - {}
RESULT: {}
COMMAND: POST /session/35fb689ffd1e4d0af28420933f3852d5/element - {"using":"xpath","value":"//bdi[contains(text(), \"OK\")]"}
RESULT: {"using":"xpath","value":"//bdi[contains(text(), \"OK\")]"}
COMMAND: POST /session/35fb689ffd1e4d0af28420933f3852d5/element/f.D4604CFB99CA81B49CF573A4CE08B130.d.60157664AE8148E3FF6BF37573DB529B.e.1971/click - {}
RESULT: {}
COMMAND: GET /session/35fb689ffd1e4d0af28420933f3852d5/screenshot - {}
RESULT: {}
COMMAND: POST /session/35fb689ffd1e4d0af28420933f3852d5/element - {"using":"xpath","value":"//input[@id=\"application-managepartners-display-component---NewPartner--companyCodeComboBox-inner\"]"}
RESULT: {"using":"xpath","value":"//input[@id=\"application-managepartners-display-component---NewPartner--companyCodeComboBox-inner\"]"}
COMMAND: POST /session/35fb689ffd1e4d0af28420933f3852d5/element/f.D4604CFB99CA81B49CF573A4CE08B130.d.60157664AE8148E3FF6BF37573DB529B.e.1819/clear - {}
RESULT: {}
COMMAND: POST /session/35fb689ffd1e4d0af28420933f3852d5/element/f.D4604CFB99CA81B49CF573A4CE08B130.d.60157664AE8148E3FF6BF37573DB529B.e.1819/value - {"text":"1000"}
COMMAND: GET /session/35fb689ffd1e4d0af28420933f3852d5/screenshot - {}
RESULT: {"text":"1000"}
COMMAND: GET /session/35fb689ffd1e4d0af28420933f3852d5/screenshot - {}
RESULT: {}
RESULT: {}
COMMAND: POST /session/35fb689ffd1e4d0af28420933f3852d5/element - {"using":"xpath","value":"//span[contains(text(), \"1000\")]"}
RESULT: {"using":"xpath","value":"//span[contains(text(), \"1000\")]"}
COMMAND: POST /session/35fb689ffd1e4d0af28420933f3852d5/element/f.D4604CFB99CA81B49CF573A4CE08B130.d.60157664AE8148E3FF6BF37573DB529B.e.1977/click - {}
RESULT: {}
COMMAND: GET /session/35fb689ffd1e4d0af28420933f3852d5/screenshot - {}
RESULT: {}
COMMAND: POST /session/35fb689ffd1e4d0af28420933f3852d5/execute/async - {"script":"<script> [1562 bytes]","args":[{"selector":{"id":"application-managepartners-display-component---NewPartner--btnAddTableRow-img"},"wdio_ui5_key":"applicationmanagepartners-display-component---NewPartner--btnAddTableRow-img"}]}
RESULT: {"script":"<script> [1562 bytes]","args":[{"selector":{"id":"application-managepartners-display-component---NewPartner--btnAddTableRow-img"},"wdio_ui5_key":"applicationmanagepartners-display-component---NewPartner--btnAddTableRow-img"}]}
RESULT: undefined
COMMAND: POST /session/35fb689ffd1e4d0af28420933f3852d5/element - {"using":"xpath","value":"//*[@id=\"application-managepartners-display-component---NewPartner--btnAddTableRow-img\"]"}
RESULT: {"using":"xpath","value":"//*[@id=\"application-managepartners-display-component---NewPartner--btnAddTableRow-img\"]"}
COMMAND: POST /session/35fb689ffd1e4d0af28420933f3852d5/element/f.D4604CFB99CA81B49CF573A4CE08B130.d.60157664AE8148E3FF6BF37573DB529B.e.1978/click - {}
RESULT: {}
COMMAND: GET /session/35fb689ffd1e4d0af28420933f3852d5/screenshot - {}
RESULT: {}
COMMAND: POST /session/35fb689ffd1e4d0af28420933f3852d5/element - {"using":"xpath","value":"//input[@id=\"application-managepartners-display-component---NewPartner--assignmentYard-application-managepartners-display-component---NewPartner--assignmentsTable-0-inner\"]"}
RESULT: {"using":"xpath","value":"//input[@id=\"application-managepartners-display-component---NewPartner--assignmentYard-application-managepartners-display-component---NewPartner--assignmentsTable-0-inner\"]"}
COMMAND: POST /session/35fb689ffd1e4d0af28420933f3852d5/element/f.D4604CFB99CA81B49CF573A4CE08B130.d.60157664AE8148E3FF6BF37573DB529B.e.1981/clear - {}
RESULT: {}
COMMAND: POST /session/35fb689ffd1e4d0af28420933f3852d5/element/f.D4604CFB99CA81B49CF573A4CE08B130.d.60157664AE8148E3FF6BF37573DB529B.e.1981/value - {"text":"544"}
COMMAND: GET /session/35fb689ffd1e4d0af28420933f3852d5/screenshot - {}
RESULT: {"text":"544"}
COMMAND: GET /session/35fb689ffd1e4d0af28420933f3852d5/screenshot - {}
RESULT: {}
RESULT: {}
COMMAND: POST /session/35fb689ffd1e4d0af28420933f3852d5/element - {"using":"xpath","value":"//li[.//span[text()='544']]"}
RESULT: {"using":"xpath","value":"//li[.//span[text()='544']]"}
COMMAND: POST /session/35fb689ffd1e4d0af28420933f3852d5/element/f.D4604CFB99CA81B49CF573A4CE08B130.d.60157664AE8148E3FF6BF37573DB529B.e.1990/click - {}
RESULT: {}
COMMAND: GET /session/35fb689ffd1e4d0af28420933f3852d5/screenshot - {}
RESULT: {}
COMMAND: POST /session/35fb689ffd1e4d0af28420933f3852d5/actions - {"actions":[{"id":"action3","type":"key","parameters":{},"actions":[{"type":"keyDown","value":"î€‡"},{"type":"pause","duration":10},{"type":"keyUp","value":"î€‡"}]}]}
RESULT: {"actions":[{"id":"action3","type":"key","parameters":{},"actions":[{"type":"keyDown","value":"î€‡"},{"type":"pause","duration":10},{"type":"keyUp","value":"î€‡"}]}]}
COMMAND: POST /session/35fb689ffd1e4d0af28420933f3852d5/execute/async - {"script":"<script> [1562 bytes]","args":[{"selector":{"id":"application-managepartners-display-component---NewPartner--externalCustomerComboBox-application-managepartners-display-component---NewPartner--assignmentsTable-0-vhi"},"wdio_ui5_key":"applicationmanagepartners-display-component---NewPartner--externalCustomerComboBox-application-managepartners-display-component---NewPartner--assignmentsTable-0-vhi"}]}
COMMAND: GET /session/35fb689ffd1e4d0af28420933f3852d5/screenshot - {}
RESULT: {"script":"<script> [1562 bytes]","args":[{"selector":{"id":"application-managepartners-display-component---NewPartner--externalCustomerComboBox-application-managepartners-display-component---NewPartner--assignmentsTable-0-vhi"},"wdio_ui5_key":"applicationmanagepartners-display-component---NewPartner--externalCustomerComboBox-application-managepartners-display-component---NewPartner--assignmentsTable-0-vhi"}]}
RESULT: undefined
COMMAND: POST /session/35fb689ffd1e4d0af28420933f3852d5/element - {"using":"xpath","value":"//*[@id=\"application-managepartners-display-component---NewPartner--externalCustomerComboBox-application-managepartners-display-component---NewPartner--assignmentsTable-0-vhi\"]"}
RESULT: {}
RESULT: {"using":"xpath","value":"//*[@id=\"application-managepartners-display-component---NewPartner--externalCustomerComboBox-application-managepartners-display-component---NewPartner--assignmentsTable-0-vhi\"]"}
COMMAND: POST /session/35fb689ffd1e4d0af28420933f3852d5/element/f.D4604CFB99CA81B49CF573A4CE08B130.d.60157664AE8148E3FF6BF37573DB529B.e.1994/click - {}
RESULT: {}
RESULT: undefined
COMMAND: POST /session/35fb689ffd1e4d0af28420933f3852d5/execute/async - {"script":"<script> [776 bytes]","args":[{"enterText":"300003","selector":{"controlType":"sap.m.SearchField","properties":{"placeholder":"Search"},"searchOpenDialogs":true,"interaction":{"idSuffix":"I"}},"clearTextFirst":true,"interactionType":"ENTER_TEXT"}]}
COMMAND: GET /session/35fb689ffd1e4d0af28420933f3852d5/screenshot - {}
RESULT: {"script":"<script> [776 bytes]","args":[{"enterText":"300003","selector":{"controlType":"sap.m.SearchField","properties":{"placeholder":"Search"},"searchOpenDialogs":true,"interaction":{"idSuffix":"I"}},"clearTextFirst":true,"interactionType":"ENTER_TEXT"}]}
COMMAND: POST /session/35fb689ffd1e4d0af28420933f3852d5/actions - {"actions":[{"id":"action4","type":"key","parameters":{},"actions":[{"type":"keyDown","value":"î€‡"},{"type":"pause","duration":10},{"type":"keyUp","value":"î€‡"}]}]}
RESULT: {}
RESULT: {"actions":[{"id":"action4","type":"key","parameters":{},"actions":[{"type":"keyDown","value":"î€‡"},{"type":"pause","duration":10},{"type":"keyUp","value":"î€‡"}]}]}
COMMAND: GET /session/35fb689ffd1e4d0af28420933f3852d5/screenshot - {}
COMMAND: POST /session/35fb689ffd1e4d0af28420933f3852d5/element - {"using":"xpath","value":"//span[contains(text(), \"300003\")]"}
RESULT: {}
RESULT: {"using":"xpath","value":"//span[contains(text(), \"300003\")]"}
COMMAND: POST /session/35fb689ffd1e4d0af28420933f3852d5/element/f.D4604CFB99CA81B49CF573A4CE08B130.d.60157664AE8148E3FF6BF37573DB529B.e.2014/click - {}
RESULT: {}
COMMAND: GET /session/35fb689ffd1e4d0af28420933f3852d5/screenshot - {}
RESULT: {}
COMMAND: POST /session/35fb689ffd1e4d0af28420933f3852d5/element - {"using":"xpath","value":"//bdi[contains(text(), \"OK\")]"}
RESULT: {"using":"xpath","value":"//bdi[contains(text(), \"OK\")]"}
COMMAND: POST /session/35fb689ffd1e4d0af28420933f3852d5/element/f.D4604CFB99CA81B49CF573A4CE08B130.d.60157664AE8148E3FF6BF37573DB529B.e.2016/click - {}
RESULT: {}
COMMAND: GET /session/35fb689ffd1e4d0af28420933f3852d5/screenshot - {}
RESULT: {}
COMMAND: POST /session/35fb689ffd1e4d0af28420933f3852d5/execute/async - {"script":"<script> [1562 bytes]","args":[{"selector":{"id":"application-managepartners-display-component---NewPartner--intercompVendorComboBox-application-managepartners-display-component---NewPartner--assignmentsTable-0-vhi"},"wdio_ui5_key":"applicationmanagepartners-display-component---NewPartner--intercompVendorComboBox-application-managepartners-display-component---NewPartner--assignmentsTable-0-vhi"}]}
RESULT: {"script":"<script> [1562 bytes]","args":[{"selector":{"id":"application-managepartners-display-component---NewPartner--intercompVendorComboBox-application-managepartners-display-component---NewPartner--assignmentsTable-0-vhi"},"wdio_ui5_key":"applicationmanagepartners-display-component---NewPartner--intercompVendorComboBox-application-managepartners-display-component---NewPartner--assignmentsTable-0-vhi"}]}
RESULT: undefined
COMMAND: POST /session/35fb689ffd1e4d0af28420933f3852d5/element - {"using":"xpath","value":"//*[@id=\"application-managepartners-display-component---NewPartner--intercompVendorComboBox-application-managepartners-display-component---NewPartner--assignmentsTable-0-vhi\"]"}
RESULT: {"using":"xpath","value":"//*[@id=\"application-managepartners-display-component---NewPartner--intercompVendorComboBox-application-managepartners-display-component---NewPartner--assignmentsTable-0-vhi\"]"}
COMMAND: POST /session/35fb689ffd1e4d0af28420933f3852d5/element/f.D4604CFB99CA81B49CF573A4CE08B130.d.60157664AE8148E3FF6BF37573DB529B.e.2020/click - {}
RESULT: {}
RESULT: undefined
COMMAND: POST /session/35fb689ffd1e4d0af28420933f3852d5/execute/async - {"script":"<script> [776 bytes]","args":[{"enterText":"100005","selector":{"controlType":"sap.m.SearchField","properties":{"placeholder":"Search"},"searchOpenDialogs":true,"interaction":{"idSuffix":"I"}},"clearTextFirst":true,"interactionType":"ENTER_TEXT"}]}
COMMAND: GET /session/35fb689ffd1e4d0af28420933f3852d5/screenshot - {}
RESULT: {"script":"<script> [776 bytes]","args":[{"enterText":"100005","selector":{"controlType":"sap.m.SearchField","properties":{"placeholder":"Search"},"searchOpenDialogs":true,"interaction":{"idSuffix":"I"}},"clearTextFirst":true,"interactionType":"ENTER_TEXT"}]}
COMMAND: POST /session/35fb689ffd1e4d0af28420933f3852d5/actions - {"actions":[{"id":"action5","type":"key","parameters":{},"actions":[{"type":"keyDown","value":"î€‡"},{"type":"pause","duration":10},{"type":"keyUp","value":"î€‡"}]}]}
RESULT: {}
RESULT: {"actions":[{"id":"action5","type":"key","parameters":{},"actions":[{"type":"keyDown","value":"î€‡"},{"type":"pause","duration":10},{"type":"keyUp","value":"î€‡"}]}]}
COMMAND: GET /session/35fb689ffd1e4d0af28420933f3852d5/screenshot - {}
RESULT: {}
COMMAND: POST /session/35fb689ffd1e4d0af28420933f3852d5/element - {"using":"xpath","value":"//span[contains(text(), \"Penguins - Field/12345 Berlin\")]"}
RESULT: {"using":"xpath","value":"//span[contains(text(), \"Penguins - Field/12345 Berlin\")]"}
COMMAND: POST /session/35fb689ffd1e4d0af28420933f3852d5/element/f.D4604CFB99CA81B49CF573A4CE08B130.d.60157664AE8148E3FF6BF37573DB529B.e.2039/click - {}
RESULT: {}
COMMAND: GET /session/35fb689ffd1e4d0af28420933f3852d5/screenshot - {}
RESULT: {}
COMMAND: POST /session/35fb689ffd1e4d0af28420933f3852d5/element - {"using":"xpath","value":"//bdi[contains(text(), \"OK\")]"}
RESULT: {"using":"xpath","value":"//bdi[contains(text(), \"OK\")]"}
COMMAND: POST /session/35fb689ffd1e4d0af28420933f3852d5/element/f.D4604CFB99CA81B49CF573A4CE08B130.d.60157664AE8148E3FF6BF37573DB529B.e.2040/click - {}
RESULT: {}
COMMAND: GET /session/35fb689ffd1e4d0af28420933f3852d5/screenshot - {}
RESULT: {}
COMMAND: POST /session/35fb689ffd1e4d0af28420933f3852d5/element - {"using":"xpath","value":"//button[@data-kt=\"saveButton\"]"}
RESULT: {"using":"xpath","value":"//button[@data-kt=\"saveButton\"]"}
COMMAND: POST /session/35fb689ffd1e4d0af28420933f3852d5/element/f.D4604CFB99CA81B49CF573A4CE08B130.d.60157664AE8148E3FF6BF37573DB529B.e.1881/click - {}
RESULT: {}
COMMAND: GET /session/35fb689ffd1e4d0af28420933f3852d5/screenshot - {}
RESULT: {}
COMMAND: POST /session/35fb689ffd1e4d0af28420933f3852d5/element - {"using":"xpath","value":"//header[contains(@id, 'ObjectPageLayout-headerTitle')]/div[1]/div[2]/div[2]/span[1]"}
RESULT: {"using":"xpath","value":"//header[contains(@id, 'ObjectPageLayout-headerTitle')]/div[1]/div[2]/div[2]/span[1]"}
COMMAND: POST /session/35fb689ffd1e4d0af28420933f3852d5/elements - {"using":"xpath","value":"//header[contains(@id, 'ObjectPageLayout-headerTitle')]/div[1]/div[2]/div[2]/span[1]"}
RESULT: {"using":"xpath","value":"//header[contains(@id, 'ObjectPageLayout-headerTitle')]/div[1]/div[2]/div[2]/span[1]"}
COMMAND: POST /session/35fb689ffd1e4d0af28420933f3852d5/execute/sync - {"script":"<script> [56 bytes]","args":[{"element-6066-11e4-a52e-4f735466cecf":"f.D4604CFB99CA81B49CF573A4CE08B130.d.60157664AE8148E3FF6BF37573DB529B.e.2203","ELEMENT":"f.D4604CFB99CA81B49CF573A4CE08B130.d.60157664AE8148E3FF6BF37573DB529B.e.2203"}]}
RESULT: {"script":"<script> [56 bytes]","args":[{"element-6066-11e4-a52e-4f735466cecf":"f.D4604CFB99CA81B49CF573A4CE08B130.d.60157664AE8148E3FF6BF37573DB529B.e.2203","ELEMENT":"f.D4604CFB99CA81B49CF573A4CE08B130.d.60157664AE8148E3FF6BF37573DB529B.e.2203"}]}
COMMAND: POST /session/35fb689ffd1e4d0af28420933f3852d5/element - {"using":"css selector","value":"#shell-header-logo"}
COMMAND: GET /session/35fb689ffd1e4d0af28420933f3852d5/screenshot - {}
RESULT: {"using":"css selector","value":"#shell-header-logo"}
COMMAND: POST /session/35fb689ffd1e4d0af28420933f3852d5/element/f.D4604CFB99CA81B49CF573A4CE08B130.d.60157664AE8148E3FF6BF37573DB529B.e.1425/click - {}
RESULT: {}
RESULT: {}
COMMAND: GET /session/35fb689ffd1e4d0af28420933f3852d5/screenshot - {}
RESULT: {}
COMMAND: POST /session/35fb689ffd1e4d0af28420933f3852d5/execute/sync - {"script":"<script> [299 bytes]","args":[["getModel","getResource"]]}
RESULT: {"script":"<script> [299 bytes]","args":[["getModel","getResource"]]}
]]></system-out>
    </testcase>
    <testcase classname="chrome.135_0_7049_96.windows.Yard_Overview_Autoplanning_US130989" name="Prereq Should create a new site" time="106.761">
      <system-out><![CDATA[
COMMAND: POST /session/35fb689ffd1e4d0af28420933f3852d5/execute/async - {"script":"<script> [1562 bytes]","args":[{"selector":{"controlType":"sap.m.TileContent","bindingPath":{"path":"","propertyPath":"/properties/info"},"ancestor":{"controlType":"sap.m.GenericTile","properties":{"header":"Manage Sites"}}},"wdio_ui5_key":"sapm.TileContent{\"path\":\"\",\"propertyPath\":\"/properties/info\"}{\"controlType\":\"sap.m.GenericTile\",\"properties\":{\"header\":\"Manage Sites\"}}"}]}
COMMAND: GET /session/35fb689ffd1e4d0af28420933f3852d5/screenshot - {}
RESULT: {"script":"<script> [1562 bytes]","args":[{"selector":{"controlType":"sap.m.TileContent","bindingPath":{"path":"","propertyPath":"/properties/info"},"ancestor":{"controlType":"sap.m.GenericTile","properties":{"header":"Manage Sites"}}},"wdio_ui5_key":"sapm.TileContent{\"path\":\"\",\"propertyPath\":\"/properties/info\"}{\"controlType\":\"sap.m.GenericTile\",\"properties\":{\"header\":\"Manage Sites\"}}"}]}
RESULT: undefined
COMMAND: POST /session/35fb689ffd1e4d0af28420933f3852d5/element - {"using":"xpath","value":"//*[@id=\"__xmlview7--numericTileContent\"]"}
RESULT: {}
RESULT: {"using":"xpath","value":"//*[@id=\"__xmlview7--numericTileContent\"]"}
COMMAND: POST /session/35fb689ffd1e4d0af28420933f3852d5/element/f.D4604CFB99CA81B49CF573A4CE08B130.d.60157664AE8148E3FF6BF37573DB529B.e.2205/click - {}
RESULT: {}
COMMAND: POST /session/35fb689ffd1e4d0af28420933f3852d5/element - {"using":"xpath","value":"//button[@data-kt=\"addOverflowToolbarButton\"]"}
COMMAND: GET /session/35fb689ffd1e4d0af28420933f3852d5/screenshot - {}
RESULT: {"using":"xpath","value":"//button[@data-kt=\"addOverflowToolbarButton\"]"}
COMMAND: POST /session/35fb689ffd1e4d0af28420933f3852d5/elements - {"using":"xpath","value":"//button[@data-kt=\"addOverflowToolbarButton\"]"}
RESULT: {}
RESULT: {"using":"xpath","value":"//button[@data-kt=\"addOverflowToolbarButton\"]"}
COMMAND: POST /session/35fb689ffd1e4d0af28420933f3852d5/elements - {"using":"xpath","value":"//button[@data-kt=\"addOverflowToolbarButton\"]"}
RESULT: {"using":"xpath","value":"//button[@data-kt=\"addOverflowToolbarButton\"]"}
COMMAND: POST /session/35fb689ffd1e4d0af28420933f3852d5/elements - {"using":"xpath","value":"//button[@data-kt=\"addOverflowToolbarButton\"]"}
RESULT: {"using":"xpath","value":"//button[@data-kt=\"addOverflowToolbarButton\"]"}
COMMAND: POST /session/35fb689ffd1e4d0af28420933f3852d5/elements - {"using":"xpath","value":"//button[@data-kt=\"addOverflowToolbarButton\"]"}
RESULT: {"using":"xpath","value":"//button[@data-kt=\"addOverflowToolbarButton\"]"}
COMMAND: POST /session/35fb689ffd1e4d0af28420933f3852d5/element - {"using":"xpath","value":"//button[@data-kt=\"addOverflowToolbarButton\"]"}
RESULT: {"using":"xpath","value":"//button[@data-kt=\"addOverflowToolbarButton\"]"}
COMMAND: POST /session/35fb689ffd1e4d0af28420933f3852d5/execute/sync - {"script":"<script> [8489 bytes]","args":[{"element-6066-11e4-a52e-4f735466cecf":"f.D4604CFB99CA81B49CF573A4CE08B130.d.60157664AE8148E3FF6BF37573DB529B.e.2252","ELEMENT":"f.D4604CFB99CA81B49CF573A4CE08B130.d.60157664AE8148E3FF6BF37573DB529B.e.2252"}]}
RESULT: {"script":"<script> [8489 bytes]","args":[{"element-6066-11e4-a52e-4f735466cecf":"f.D4604CFB99CA81B49CF573A4CE08B130.d.60157664AE8148E3FF6BF37573DB529B.e.2252","ELEMENT":"f.D4604CFB99CA81B49CF573A4CE08B130.d.60157664AE8148E3FF6BF37573DB529B.e.2252"}]}
COMMAND: GET /session/35fb689ffd1e4d0af28420933f3852d5/element/f.D4604CFB99CA81B49CF573A4CE08B130.d.60157664AE8148E3FF6BF37573DB529B.e.2252/enabled - {}
COMMAND: GET /session/35fb689ffd1e4d0af28420933f3852d5/screenshot - {}
RESULT: {}
COMMAND: POST /session/35fb689ffd1e4d0af28420933f3852d5/execute/sync - {"script":"<script> [8489 bytes]","args":[{"element-6066-11e4-a52e-4f735466cecf":"f.D4604CFB99CA81B49CF573A4CE08B130.d.60157664AE8148E3FF6BF37573DB529B.e.2252","ELEMENT":"f.D4604CFB99CA81B49CF573A4CE08B130.d.60157664AE8148E3FF6BF37573DB529B.e.2252"}]}
COMMAND: GET /session/35fb689ffd1e4d0af28420933f3852d5/screenshot - {}
RESULT: {}
RESULT: {"script":"<script> [8489 bytes]","args":[{"element-6066-11e4-a52e-4f735466cecf":"f.D4604CFB99CA81B49CF573A4CE08B130.d.60157664AE8148E3FF6BF37573DB529B.e.2252","ELEMENT":"f.D4604CFB99CA81B49CF573A4CE08B130.d.60157664AE8148E3FF6BF37573DB529B.e.2252"}]}
COMMAND: POST /session/35fb689ffd1e4d0af28420933f3852d5/execute/sync - {"script":"<script> [5351 bytes]","args":[{"element-6066-11e4-a52e-4f735466cecf":"f.D4604CFB99CA81B49CF573A4CE08B130.d.60157664AE8148E3FF6BF37573DB529B.e.2252","ELEMENT":"f.D4604CFB99CA81B49CF573A4CE08B130.d.60157664AE8148E3FF6BF37573DB529B.e.2252"}]}
COMMAND: GET /session/35fb689ffd1e4d0af28420933f3852d5/screenshot - {}
RESULT: {}
RESULT: {"script":"<script> [5351 bytes]","args":[{"element-6066-11e4-a52e-4f735466cecf":"f.D4604CFB99CA81B49CF573A4CE08B130.d.60157664AE8148E3FF6BF37573DB529B.e.2252","ELEMENT":"f.D4604CFB99CA81B49CF573A4CE08B130.d.60157664AE8148E3FF6BF37573DB529B.e.2252"}]}
COMMAND: POST /session/35fb689ffd1e4d0af28420933f3852d5/element/f.D4604CFB99CA81B49CF573A4CE08B130.d.60157664AE8148E3FF6BF37573DB529B.e.2252/click - {}
COMMAND: GET /session/35fb689ffd1e4d0af28420933f3852d5/screenshot - {}
RESULT: {}
RESULT: {}
COMMAND: GET /session/35fb689ffd1e4d0af28420933f3852d5/screenshot - {}
COMMAND: POST /session/35fb689ffd1e4d0af28420933f3852d5/execute/async - {"script":"<script> [1562 bytes]","args":[{"selector":{"id":"application-managesites-display-component---NewSite--addressDetailDetailsName1","interaction":{"idSuffix":"inner"}},"wdio_ui5_key":"applicationmanagesites-display-component---NewSite--addressDetailDetailsName1"}]}
RESULT: {}
RESULT: {}
RESULT: {"script":"<script> [1562 bytes]","args":[{"selector":{"id":"application-managesites-display-component---NewSite--addressDetailDetailsName1","interaction":{"idSuffix":"inner"}},"wdio_ui5_key":"applicationmanagesites-display-component---NewSite--addressDetailDetailsName1"}]}
RESULT: undefined
COMMAND: POST /session/35fb689ffd1e4d0af28420933f3852d5/execute/async - {"script":"<script> [776 bytes]","args":[{"enterText":"Intracompany Site wdIO","selector":{"id":"application-managesites-display-component---NewSite--addressDetailDetailsName1","interaction":{"idSuffix":"inner"}},"clearTextFirst":true,"interactionType":"ENTER_TEXT"}]}
RESULT: {"script":"<script> [776 bytes]","args":[{"enterText":"Intracompany Site wdIO","selector":{"id":"application-managesites-display-component---NewSite--addressDetailDetailsName1","interaction":{"idSuffix":"inner"}},"clearTextFirst":true,"interactionType":"ENTER_TEXT"}]}
COMMAND: POST /session/35fb689ffd1e4d0af28420933f3852d5/execute/async - {"script":"<script> [1562 bytes]","args":[{"selector":{"id":"application-managesites-display-component---NewSite--addressDetailDetailsLanguage-arrow"},"wdio_ui5_key":"applicationmanagesites-display-component---NewSite--addressDetailDetailsLanguage-arrow"}]}
RESULT: {"script":"<script> [1562 bytes]","args":[{"selector":{"id":"application-managesites-display-component---NewSite--addressDetailDetailsLanguage-arrow"},"wdio_ui5_key":"applicationmanagesites-display-component---NewSite--addressDetailDetailsLanguage-arrow"}]}
RESULT: undefined
COMMAND: POST /session/35fb689ffd1e4d0af28420933f3852d5/element - {"using":"xpath","value":"//*[@id=\"application-managesites-display-component---NewSite--addressDetailDetailsLanguage-arrow\"]"}
RESULT: {"using":"xpath","value":"//*[@id=\"application-managesites-display-component---NewSite--addressDetailDetailsLanguage-arrow\"]"}
COMMAND: POST /session/35fb689ffd1e4d0af28420933f3852d5/element/f.D4604CFB99CA81B49CF573A4CE08B130.d.60157664AE8148E3FF6BF37573DB529B.e.2655/click - {}
RESULT: {}
COMMAND: POST /session/35fb689ffd1e4d0af28420933f3852d5/element - {"using":"xpath","value":"//span[contains(text(), \"English\")]"}
COMMAND: GET /session/35fb689ffd1e4d0af28420933f3852d5/screenshot - {}
RESULT: {"using":"xpath","value":"//span[contains(text(), \"English\")]"}
COMMAND: POST /session/35fb689ffd1e4d0af28420933f3852d5/element/f.D4604CFB99CA81B49CF573A4CE08B130.d.60157664AE8148E3FF6BF37573DB529B.e.2656/click - {}
RESULT: {}
RESULT: {}
COMMAND: POST /session/35fb689ffd1e4d0af28420933f3852d5/execute/async - {"script":"<script> [1562 bytes]","args":[{"selector":{"id":"application-managesites-display-component---NewSite--addressDetailDetailsCity1","interaction":{"idSuffix":"inner"}},"wdio_ui5_key":"applicationmanagesites-display-component---NewSite--addressDetailDetailsCity1"}]}
COMMAND: GET /session/35fb689ffd1e4d0af28420933f3852d5/screenshot - {}
RESULT: {"script":"<script> [1562 bytes]","args":[{"selector":{"id":"application-managesites-display-component---NewSite--addressDetailDetailsCity1","interaction":{"idSuffix":"inner"}},"wdio_ui5_key":"applicationmanagesites-display-component---NewSite--addressDetailDetailsCity1"}]}
RESULT: undefined
COMMAND: POST /session/35fb689ffd1e4d0af28420933f3852d5/execute/async - {"script":"<script> [776 bytes]","args":[{"enterText":"Rosario","selector":{"id":"application-managesites-display-component---NewSite--addressDetailDetailsCity1","interaction":{"idSuffix":"inner"}},"clearTextFirst":true,"interactionType":"ENTER_TEXT"}]}
RESULT: {}
RESULT: {"script":"<script> [776 bytes]","args":[{"enterText":"Rosario","selector":{"id":"application-managesites-display-component---NewSite--addressDetailDetailsCity1","interaction":{"idSuffix":"inner"}},"clearTextFirst":true,"interactionType":"ENTER_TEXT"}]}
COMMAND: POST /session/35fb689ffd1e4d0af28420933f3852d5/execute/async - {"script":"<script> [1562 bytes]","args":[{"selector":{"id":"application-managesites-display-component---NewSite--addressDetailDetailsCountry-arrow"},"wdio_ui5_key":"applicationmanagesites-display-component---NewSite--addressDetailDetailsCountry-arrow"}]}
RESULT: {"script":"<script> [1562 bytes]","args":[{"selector":{"id":"application-managesites-display-component---NewSite--addressDetailDetailsCountry-arrow"},"wdio_ui5_key":"applicationmanagesites-display-component---NewSite--addressDetailDetailsCountry-arrow"}]}
RESULT: undefined
COMMAND: POST /session/35fb689ffd1e4d0af28420933f3852d5/element - {"using":"xpath","value":"//*[@id=\"application-managesites-display-component---NewSite--addressDetailDetailsCountry-arrow\"]"}
RESULT: {"using":"xpath","value":"//*[@id=\"application-managesites-display-component---NewSite--addressDetailDetailsCountry-arrow\"]"}
COMMAND: POST /session/35fb689ffd1e4d0af28420933f3852d5/element/f.D4604CFB99CA81B49CF573A4CE08B130.d.60157664AE8148E3FF6BF37573DB529B.e.2658/click - {}
RESULT: {}
COMMAND: POST /session/35fb689ffd1e4d0af28420933f3852d5/element - {"using":"xpath","value":"//span[contains(text(), \"Argentina\")]"}
COMMAND: GET /session/35fb689ffd1e4d0af28420933f3852d5/screenshot - {}
RESULT: {"using":"xpath","value":"//span[contains(text(), \"Argentina\")]"}
COMMAND: POST /session/35fb689ffd1e4d0af28420933f3852d5/element/f.D4604CFB99CA81B49CF573A4CE08B130.d.60157664AE8148E3FF6BF37573DB529B.e.2659/click - {}
RESULT: {}
RESULT: {}
COMMAND: GET /session/35fb689ffd1e4d0af28420933f3852d5/screenshot - {}
RESULT: {}
COMMAND: POST /session/35fb689ffd1e4d0af28420933f3852d5/execute/async - {"script":"<script> [1562 bytes]","args":[{"selector":{"id":"application-managesites-display-component---NewSite--addressEditDetailsCostObjectCstType-arrow"},"wdio_ui5_key":"applicationmanagesites-display-component---NewSite--addressEditDetailsCostObjectCstType-arrow"}]}
RESULT: {"script":"<script> [1562 bytes]","args":[{"selector":{"id":"application-managesites-display-component---NewSite--addressEditDetailsCostObjectCstType-arrow"},"wdio_ui5_key":"applicationmanagesites-display-component---NewSite--addressEditDetailsCostObjectCstType-arrow"}]}
RESULT: undefined
COMMAND: POST /session/35fb689ffd1e4d0af28420933f3852d5/element - {"using":"xpath","value":"//*[@id=\"application-managesites-display-component---NewSite--addressEditDetailsCostObjectCstType-arrow\"]"}
RESULT: {"using":"xpath","value":"//*[@id=\"application-managesites-display-component---NewSite--addressEditDetailsCostObjectCstType-arrow\"]"}
COMMAND: POST /session/35fb689ffd1e4d0af28420933f3852d5/element/f.D4604CFB99CA81B49CF573A4CE08B130.d.60157664AE8148E3FF6BF37573DB529B.e.2661/click - {}
RESULT: {}
COMMAND: POST /session/35fb689ffd1e4d0af28420933f3852d5/element - {"using":"xpath","value":"//span[contains(text(), \"Cost Center\")]"}
COMMAND: GET /session/35fb689ffd1e4d0af28420933f3852d5/screenshot - {}
RESULT: {"using":"xpath","value":"//span[contains(text(), \"Cost Center\")]"}
COMMAND: POST /session/35fb689ffd1e4d0af28420933f3852d5/element/f.D4604CFB99CA81B49CF573A4CE08B130.d.60157664AE8148E3FF6BF37573DB529B.e.2662/click - {}
RESULT: {}
RESULT: {}
COMMAND: GET /session/35fb689ffd1e4d0af28420933f3852d5/screenshot - {}
RESULT: {}
COMMAND: POST /session/35fb689ffd1e4d0af28420933f3852d5/element - {"using":"xpath","value":"//span[@id=\"application-managesites-display-component---NewSite--addressNewCostObjectCstID-vhi\"]"}
RESULT: {"using":"xpath","value":"//span[@id=\"application-managesites-display-component---NewSite--addressNewCostObjectCstID-vhi\"]"}
COMMAND: POST /session/35fb689ffd1e4d0af28420933f3852d5/execute/sync - {"script":"<script> [8489 bytes]","args":[{"element-6066-11e4-a52e-4f735466cecf":"f.D4604CFB99CA81B49CF573A4CE08B130.d.60157664AE8148E3FF6BF37573DB529B.e.2667","ELEMENT":"f.D4604CFB99CA81B49CF573A4CE08B130.d.60157664AE8148E3FF6BF37573DB529B.e.2667"}]}
RESULT: {"script":"<script> [8489 bytes]","args":[{"element-6066-11e4-a52e-4f735466cecf":"f.D4604CFB99CA81B49CF573A4CE08B130.d.60157664AE8148E3FF6BF37573DB529B.e.2667","ELEMENT":"f.D4604CFB99CA81B49CF573A4CE08B130.d.60157664AE8148E3FF6BF37573DB529B.e.2667"}]}
COMMAND: POST /session/35fb689ffd1e4d0af28420933f3852d5/execute/async - {"script":"<script> [1562 bytes]","args":[{"selector":{"id":"application-managesites-display-component---NewSite--addressNewCostObjectCstID-vhi"},"wdio_ui5_key":"applicationmanagesites-display-component---NewSite--addressNewCostObjectCstID-vhi"}]}
COMMAND: GET /session/35fb689ffd1e4d0af28420933f3852d5/screenshot - {}
RESULT: {"script":"<script> [1562 bytes]","args":[{"selector":{"id":"application-managesites-display-component---NewSite--addressNewCostObjectCstID-vhi"},"wdio_ui5_key":"applicationmanagesites-display-component---NewSite--addressNewCostObjectCstID-vhi"}]}
RESULT: undefined
COMMAND: POST /session/35fb689ffd1e4d0af28420933f3852d5/element - {"using":"xpath","value":"//*[@id=\"application-managesites-display-component---NewSite--addressNewCostObjectCstID-vhi\"]"}
RESULT: {}
RESULT: {"using":"xpath","value":"//*[@id=\"application-managesites-display-component---NewSite--addressNewCostObjectCstID-vhi\"]"}
COMMAND: POST /session/35fb689ffd1e4d0af28420933f3852d5/element/f.D4604CFB99CA81B49CF573A4CE08B130.d.60157664AE8148E3FF6BF37573DB529B.e.2667/click - {}
RESULT: {}
COMMAND: GET /session/35fb689ffd1e4d0af28420933f3852d5/screenshot - {}
RESULT: {}
RESULT: undefined
COMMAND: POST /session/35fb689ffd1e4d0af28420933f3852d5/execute/async - {"script":"<script> [776 bytes]","args":[{"enterText":"10001013","selector":{"controlType":"sap.m.SearchField","properties":{"placeholder":"Search"},"searchOpenDialogs":true,"interaction":{"idSuffix":"I"}},"clearTextFirst":true,"interactionType":"ENTER_TEXT"}]}
RESULT: {"script":"<script> [776 bytes]","args":[{"enterText":"10001013","selector":{"controlType":"sap.m.SearchField","properties":{"placeholder":"Search"},"searchOpenDialogs":true,"interaction":{"idSuffix":"I"}},"clearTextFirst":true,"interactionType":"ENTER_TEXT"}]}
COMMAND: POST /session/35fb689ffd1e4d0af28420933f3852d5/actions - {"actions":[{"id":"action6","type":"key","parameters":{},"actions":[{"type":"keyDown","value":"î€‡"},{"type":"pause","duration":10},{"type":"keyUp","value":"î€‡"}]}]}
RESULT: {"actions":[{"id":"action6","type":"key","parameters":{},"actions":[{"type":"keyDown","value":"î€‡"},{"type":"pause","duration":10},{"type":"keyUp","value":"î€‡"}]}]}
COMMAND: GET /session/35fb689ffd1e4d0af28420933f3852d5/screenshot - {}
RESULT: {}
COMMAND: POST /session/35fb689ffd1e4d0af28420933f3852d5/element - {"using":"xpath","value":"//span[contains(text(), \"General Management\")]"}
RESULT: {"using":"xpath","value":"//span[contains(text(), \"General Management\")]"}
COMMAND: POST /session/35fb689ffd1e4d0af28420933f3852d5/element/f.D4604CFB99CA81B49CF573A4CE08B130.d.60157664AE8148E3FF6BF37573DB529B.e.2707/click - {}
RESULT: {}
COMMAND: GET /session/35fb689ffd1e4d0af28420933f3852d5/screenshot - {}
RESULT: {}
COMMAND: POST /session/35fb689ffd1e4d0af28420933f3852d5/element - {"using":"xpath","value":"//bdi[contains(text(), \"OK\")]"}
RESULT: {"using":"xpath","value":"//bdi[contains(text(), \"OK\")]"}
COMMAND: POST /session/35fb689ffd1e4d0af28420933f3852d5/element/f.D4604CFB99CA81B49CF573A4CE08B130.d.60157664AE8148E3FF6BF37573DB529B.e.2708/click - {}
RESULT: {}
COMMAND: GET /session/35fb689ffd1e4d0af28420933f3852d5/screenshot - {}
RESULT: {}
COMMAND: POST /session/35fb689ffd1e4d0af28420933f3852d5/element - {"using":"xpath","value":"//input[@id=\"application-managesites-display-component---NewSite--addressDetailDetailsCalendar-inner\"]"}
RESULT: {"using":"xpath","value":"//input[@id=\"application-managesites-display-component---NewSite--addressDetailDetailsCalendar-inner\"]"}
COMMAND: POST /session/35fb689ffd1e4d0af28420933f3852d5/element/f.D4604CFB99CA81B49CF573A4CE08B130.d.60157664AE8148E3FF6BF37573DB529B.e.2491/clear - {}
RESULT: {}
COMMAND: POST /session/35fb689ffd1e4d0af28420933f3852d5/element/f.D4604CFB99CA81B49CF573A4CE08B130.d.60157664AE8148E3FF6BF37573DB529B.e.2491/value - {"text":"Unit"}
COMMAND: GET /session/35fb689ffd1e4d0af28420933f3852d5/screenshot - {}
RESULT: {"text":"Unit"}
COMMAND: GET /session/35fb689ffd1e4d0af28420933f3852d5/screenshot - {}
RESULT: {}
RESULT: {}
COMMAND: POST /session/35fb689ffd1e4d0af28420933f3852d5/actions - {"actions":[{"id":"action7","type":"key","parameters":{},"actions":[{"type":"keyDown","value":"î€‡"},{"type":"pause","duration":10},{"type":"keyUp","value":"î€‡"}]}]}
RESULT: {"actions":[{"id":"action7","type":"key","parameters":{},"actions":[{"type":"keyDown","value":"î€‡"},{"type":"pause","duration":10},{"type":"keyUp","value":"î€‡"}]}]}
COMMAND: POST /session/35fb689ffd1e4d0af28420933f3852d5/element - {"using":"xpath","value":"//input[@id=\"application-managesites-display-component---NewSite--addressDetailDetailsYard-inner\"]"}
COMMAND: GET /session/35fb689ffd1e4d0af28420933f3852d5/screenshot - {}
RESULT: {"using":"xpath","value":"//input[@id=\"application-managesites-display-component---NewSite--addressDetailDetailsYard-inner\"]"}
COMMAND: POST /session/35fb689ffd1e4d0af28420933f3852d5/element/f.D4604CFB99CA81B49CF573A4CE08B130.d.60157664AE8148E3FF6BF37573DB529B.e.2492/clear - {}
RESULT: {}
RESULT: {}
COMMAND: POST /session/35fb689ffd1e4d0af28420933f3852d5/element/f.D4604CFB99CA81B49CF573A4CE08B130.d.60157664AE8148E3FF6BF37573DB529B.e.2492/value - {"text":"544"}
COMMAND: GET /session/35fb689ffd1e4d0af28420933f3852d5/screenshot - {}
RESULT: {"text":"544"}
COMMAND: GET /session/35fb689ffd1e4d0af28420933f3852d5/screenshot - {}
RESULT: {}
RESULT: {}
COMMAND: POST /session/35fb689ffd1e4d0af28420933f3852d5/element - {"using":"xpath","value":"//li[.//span[text()='544']]"}
RESULT: {"using":"xpath","value":"//li[.//span[text()='544']]"}
COMMAND: POST /session/35fb689ffd1e4d0af28420933f3852d5/element/f.D4604CFB99CA81B49CF573A4CE08B130.d.60157664AE8148E3FF6BF37573DB529B.e.2716/click - {}
RESULT: {}
COMMAND: GET /session/35fb689ffd1e4d0af28420933f3852d5/screenshot - {}
RESULT: {}
COMMAND: POST /session/35fb689ffd1e4d0af28420933f3852d5/element - {"using":"xpath","value":"//input[@id=\"application-managesites-display-component---NewSite--addressDetailDetailsPartner-inner\"]"}
RESULT: {"using":"xpath","value":"//input[@id=\"application-managesites-display-component---NewSite--addressDetailDetailsPartner-inner\"]"}
COMMAND: POST /session/35fb689ffd1e4d0af28420933f3852d5/element - {"using":"xpath","value":"//input[@id=\"application-managesites-display-component---NewSite--addressDetailDetailsPartner-inner\"]"}
RESULT: {"using":"xpath","value":"//input[@id=\"application-managesites-display-component---NewSite--addressDetailDetailsPartner-inner\"]"}
COMMAND: POST /session/35fb689ffd1e4d0af28420933f3852d5/element - {"using":"xpath","value":"//button[@data-kt=\"saveButton\"]"}
RESULT: {"using":"xpath","value":"//button[@data-kt=\"saveButton\"]"}
COMMAND: POST /session/35fb689ffd1e4d0af28420933f3852d5/element/f.D4604CFB99CA81B49CF573A4CE08B130.d.60157664AE8148E3FF6BF37573DB529B.e.2648/click - {}
RESULT: {}
COMMAND: GET /session/35fb689ffd1e4d0af28420933f3852d5/screenshot - {}
RESULT: {}
COMMAND: POST /session/35fb689ffd1e4d0af28420933f3852d5/element - {"using":"xpath","value":"//header[contains(@id, 'ObjectPageLayout-headerTitle')]/div[1]/div[2]/div[2]/span[1]"}
RESULT: {"using":"xpath","value":"//header[contains(@id, 'ObjectPageLayout-headerTitle')]/div[1]/div[2]/div[2]/span[1]"}
COMMAND: POST /session/35fb689ffd1e4d0af28420933f3852d5/elements - {"using":"xpath","value":"//header[contains(@id, 'ObjectPageLayout-headerTitle')]/div[1]/div[2]/div[2]/span[1]"}
RESULT: {"using":"xpath","value":"//header[contains(@id, 'ObjectPageLayout-headerTitle')]/div[1]/div[2]/div[2]/span[1]"}
COMMAND: POST /session/35fb689ffd1e4d0af28420933f3852d5/execute/sync - {"script":"<script> [56 bytes]","args":[{"element-6066-11e4-a52e-4f735466cecf":"f.D4604CFB99CA81B49CF573A4CE08B130.d.60157664AE8148E3FF6BF37573DB529B.e.2916","ELEMENT":"f.D4604CFB99CA81B49CF573A4CE08B130.d.60157664AE8148E3FF6BF37573DB529B.e.2916"}]}
RESULT: {"script":"<script> [56 bytes]","args":[{"element-6066-11e4-a52e-4f735466cecf":"f.D4604CFB99CA81B49CF573A4CE08B130.d.60157664AE8148E3FF6BF37573DB529B.e.2916","ELEMENT":"f.D4604CFB99CA81B49CF573A4CE08B130.d.60157664AE8148E3FF6BF37573DB529B.e.2916"}]}
COMMAND: POST /session/35fb689ffd1e4d0af28420933f3852d5/element - {"using":"css selector","value":"#shell-header-logo"}
COMMAND: GET /session/35fb689ffd1e4d0af28420933f3852d5/screenshot - {}
RESULT: {"using":"css selector","value":"#shell-header-logo"}
COMMAND: POST /session/35fb689ffd1e4d0af28420933f3852d5/element/f.D4604CFB99CA81B49CF573A4CE08B130.d.60157664AE8148E3FF6BF37573DB529B.e.2209/click - {}
RESULT: {}
RESULT: {}
COMMAND: GET /session/35fb689ffd1e4d0af28420933f3852d5/screenshot - {}
RESULT: {}
COMMAND: POST /session/35fb689ffd1e4d0af28420933f3852d5/execute/sync - {"script":"<script> [299 bytes]","args":[["getModel","getResource"]]}
RESULT: {"script":"<script> [299 bytes]","args":[["getModel","getResource"]]}
]]></system-out>
    </testcase>
    <testcase classname="chrome.135_0_7049_96.windows.Yard_Overview_Autoplanning_US130989" name="Prereq Should create a new material with catalog selection" time="123.785">
      <system-out><![CDATA[
COMMAND: GET /session/35fb689ffd1e4d0af28420933f3852d5/screenshot - {}
COMMAND: POST /session/35fb689ffd1e4d0af28420933f3852d5/execute/async - {"script":"<script> [1562 bytes]","args":[{"selector":{"controlType":"sap.m.GenericTile","properties":{"header":"Manage Resources"}},"wdio_ui5_key":"sapm.GenericTile{\"header\":\"Manage Resources\"}"}]}
RESULT: {}
RESULT: {"script":"<script> [1562 bytes]","args":[{"selector":{"controlType":"sap.m.GenericTile","properties":{"header":"Manage Resources"}},"wdio_ui5_key":"sapm.GenericTile{\"header\":\"Manage Resources\"}"}]}
RESULT: undefined
COMMAND: POST /session/35fb689ffd1e4d0af28420933f3852d5/element - {"using":"xpath","value":"//*[@id=\"__tile39\"]"}
RESULT: {"using":"xpath","value":"//*[@id=\"__tile39\"]"}
COMMAND: POST /session/35fb689ffd1e4d0af28420933f3852d5/element/f.D4604CFB99CA81B49CF573A4CE08B130.d.60157664AE8148E3FF6BF37573DB529B.e.602/click - {}
RESULT: {}
COMMAND: POST /session/35fb689ffd1e4d0af28420933f3852d5/element - {"using":"xpath","value":"//button[@data-kt=\"addNewRUOverflowToolbarButton\"]"}
COMMAND: GET /session/35fb689ffd1e4d0af28420933f3852d5/screenshot - {}
RESULT: {"using":"xpath","value":"//button[@data-kt=\"addNewRUOverflowToolbarButton\"]"}
COMMAND: POST /session/35fb689ffd1e4d0af28420933f3852d5/elements - {"using":"xpath","value":"//button[@data-kt=\"addNewRUOverflowToolbarButton\"]"}
RESULT: {}
RESULT: {"using":"xpath","value":"//button[@data-kt=\"addNewRUOverflowToolbarButton\"]"}
COMMAND: POST /session/35fb689ffd1e4d0af28420933f3852d5/elements - {"using":"xpath","value":"//button[@data-kt=\"addNewRUOverflowToolbarButton\"]"}
RESULT: {"using":"xpath","value":"//button[@data-kt=\"addNewRUOverflowToolbarButton\"]"}
COMMAND: POST /session/35fb689ffd1e4d0af28420933f3852d5/element - {"using":"xpath","value":"//button[@data-kt=\"addNewRUOverflowToolbarButton\"]"}
RESULT: {"using":"xpath","value":"//button[@data-kt=\"addNewRUOverflowToolbarButton\"]"}
COMMAND: POST /session/35fb689ffd1e4d0af28420933f3852d5/execute/sync - {"script":"<script> [8489 bytes]","args":[{"element-6066-11e4-a52e-4f735466cecf":"f.D4604CFB99CA81B49CF573A4CE08B130.d.60157664AE8148E3FF6BF37573DB529B.e.2959","ELEMENT":"f.D4604CFB99CA81B49CF573A4CE08B130.d.60157664AE8148E3FF6BF37573DB529B.e.2959"}]}
RESULT: {"script":"<script> [8489 bytes]","args":[{"element-6066-11e4-a52e-4f735466cecf":"f.D4604CFB99CA81B49CF573A4CE08B130.d.60157664AE8148E3FF6BF37573DB529B.e.2959","ELEMENT":"f.D4604CFB99CA81B49CF573A4CE08B130.d.60157664AE8148E3FF6BF37573DB529B.e.2959"}]}
COMMAND: GET /session/35fb689ffd1e4d0af28420933f3852d5/element/f.D4604CFB99CA81B49CF573A4CE08B130.d.60157664AE8148E3FF6BF37573DB529B.e.2959/enabled - {}
COMMAND: GET /session/35fb689ffd1e4d0af28420933f3852d5/screenshot - {}
RESULT: {}
COMMAND: POST /session/35fb689ffd1e4d0af28420933f3852d5/execute/sync - {"script":"<script> [8489 bytes]","args":[{"element-6066-11e4-a52e-4f735466cecf":"f.D4604CFB99CA81B49CF573A4CE08B130.d.60157664AE8148E3FF6BF37573DB529B.e.2959","ELEMENT":"f.D4604CFB99CA81B49CF573A4CE08B130.d.60157664AE8148E3FF6BF37573DB529B.e.2959"}]}
COMMAND: GET /session/35fb689ffd1e4d0af28420933f3852d5/screenshot - {}
RESULT: {}
RESULT: {"script":"<script> [8489 bytes]","args":[{"element-6066-11e4-a52e-4f735466cecf":"f.D4604CFB99CA81B49CF573A4CE08B130.d.60157664AE8148E3FF6BF37573DB529B.e.2959","ELEMENT":"f.D4604CFB99CA81B49CF573A4CE08B130.d.60157664AE8148E3FF6BF37573DB529B.e.2959"}]}
COMMAND: POST /session/35fb689ffd1e4d0af28420933f3852d5/execute/sync - {"script":"<script> [5351 bytes]","args":[{"element-6066-11e4-a52e-4f735466cecf":"f.D4604CFB99CA81B49CF573A4CE08B130.d.60157664AE8148E3FF6BF37573DB529B.e.2959","ELEMENT":"f.D4604CFB99CA81B49CF573A4CE08B130.d.60157664AE8148E3FF6BF37573DB529B.e.2959"}]}
COMMAND: GET /session/35fb689ffd1e4d0af28420933f3852d5/screenshot - {}
RESULT: {}
RESULT: {"script":"<script> [5351 bytes]","args":[{"element-6066-11e4-a52e-4f735466cecf":"f.D4604CFB99CA81B49CF573A4CE08B130.d.60157664AE8148E3FF6BF37573DB529B.e.2959","ELEMENT":"f.D4604CFB99CA81B49CF573A4CE08B130.d.60157664AE8148E3FF6BF37573DB529B.e.2959"}]}
COMMAND: POST /session/35fb689ffd1e4d0af28420933f3852d5/element/f.D4604CFB99CA81B49CF573A4CE08B130.d.60157664AE8148E3FF6BF37573DB529B.e.2959/click - {}
COMMAND: GET /session/35fb689ffd1e4d0af28420933f3852d5/screenshot - {}
RESULT: {}
RESULT: {}
COMMAND: GET /session/35fb689ffd1e4d0af28420933f3852d5/screenshot - {}
COMMAND: POST /session/35fb689ffd1e4d0af28420933f3852d5/execute/async - {"script":"<script> [1562 bytes]","args":[{"selector":{"id":"application-manageresources-display-component---newResourceUnit--TYPE-arrow"},"wdio_ui5_key":"applicationmanageresources-display-component---newResourceUnit--TYPE-arrow"}]}
RESULT: {}
RESULT: {}
RESULT: {"script":"<script> [1562 bytes]","args":[{"selector":{"id":"application-manageresources-display-component---newResourceUnit--TYPE-arrow"},"wdio_ui5_key":"applicationmanageresources-display-component---newResourceUnit--TYPE-arrow"}]}
RESULT: undefined
COMMAND: POST /session/35fb689ffd1e4d0af28420933f3852d5/element - {"using":"xpath","value":"//*[@id=\"application-manageresources-display-component---newResourceUnit--TYPE-arrow\"]"}
RESULT: {"using":"xpath","value":"//*[@id=\"application-manageresources-display-component---newResourceUnit--TYPE-arrow\"]"}
COMMAND: POST /session/35fb689ffd1e4d0af28420933f3852d5/element/f.D4604CFB99CA81B49CF573A4CE08B130.d.60157664AE8148E3FF6BF37573DB529B.e.3304/click - {}
RESULT: {}
COMMAND: POST /session/35fb689ffd1e4d0af28420933f3852d5/element - {"using":"xpath","value":"//input[@id=\"application-manageresources-display-component---newResourceUnit--TYPE-inner\"]"}
COMMAND: GET /session/35fb689ffd1e4d0af28420933f3852d5/screenshot - {}
RESULT: {"using":"xpath","value":"//input[@id=\"application-manageresources-display-component---newResourceUnit--TYPE-inner\"]"}
COMMAND: POST /session/35fb689ffd1e4d0af28420933f3852d5/element/f.D4604CFB99CA81B49CF573A4CE08B130.d.60157664AE8148E3FF6BF37573DB529B.e.3300/clear - {}
RESULT: {}
RESULT: {}
COMMAND: POST /session/35fb689ffd1e4d0af28420933f3852d5/element/f.D4604CFB99CA81B49CF573A4CE08B130.d.60157664AE8148E3FF6BF37573DB529B.e.3300/value - {"text":"Material"}
COMMAND: GET /session/35fb689ffd1e4d0af28420933f3852d5/screenshot - {}
RESULT: {"text":"Material"}
COMMAND: GET /session/35fb689ffd1e4d0af28420933f3852d5/screenshot - {}
RESULT: {}
RESULT: {}
COMMAND: POST /session/35fb689ffd1e4d0af28420933f3852d5/actions - {"actions":[{"id":"action8","type":"key","parameters":{},"actions":[{"type":"keyDown","value":"î€‡"},{"type":"pause","duration":10},{"type":"keyUp","value":"î€‡"}]}]}
RESULT: {"actions":[{"id":"action8","type":"key","parameters":{},"actions":[{"type":"keyDown","value":"î€‡"},{"type":"pause","duration":10},{"type":"keyUp","value":"î€‡"}]}]}
COMMAND: POST /session/35fb689ffd1e4d0af28420933f3852d5/execute/async - {"script":"<script> [1562 bytes]","args":[{"selector":{"id":"application-manageresources-display-component---newResourceUnit--SHORT_TEXT","interaction":{"idSuffix":"inner"}},"wdio_ui5_key":"applicationmanageresources-display-component---newResourceUnit--SHORT_TEXT"}]}
COMMAND: GET /session/35fb689ffd1e4d0af28420933f3852d5/screenshot - {}
RESULT: {"script":"<script> [1562 bytes]","args":[{"selector":{"id":"application-manageresources-display-component---newResourceUnit--SHORT_TEXT","interaction":{"idSuffix":"inner"}},"wdio_ui5_key":"applicationmanageresources-display-component---newResourceUnit--SHORT_TEXT"}]}
RESULT: undefined
COMMAND: POST /session/35fb689ffd1e4d0af28420933f3852d5/execute/async - {"script":"<script> [776 bytes]","args":[{"enterText":"Cement WDIO","selector":{"id":"application-manageresources-display-component---newResourceUnit--SHORT_TEXT","interaction":{"idSuffix":"inner"}},"clearTextFirst":true,"interactionType":"ENTER_TEXT"}]}
RESULT: {}
RESULT: {"script":"<script> [776 bytes]","args":[{"enterText":"Cement WDIO","selector":{"id":"application-manageresources-display-component---newResourceUnit--SHORT_TEXT","interaction":{"idSuffix":"inner"}},"clearTextFirst":true,"interactionType":"ENTER_TEXT"}]}
COMMAND: POST /session/35fb689ffd1e4d0af28420933f3852d5/execute/async - {"script":"<script> [1562 bytes]","args":[{"selector":{"id":"application-manageresources-display-component---newResourceUnit--BASE_UNIT_OF_MEASURE","interaction":{"idSuffix":"inner"}},"wdio_ui5_key":"applicationmanageresources-display-component---newResourceUnit--BASE_UNIT_OF_MEASURE"}]}
RESULT: {"script":"<script> [1562 bytes]","args":[{"selector":{"id":"application-manageresources-display-component---newResourceUnit--BASE_UNIT_OF_MEASURE","interaction":{"idSuffix":"inner"}},"wdio_ui5_key":"applicationmanageresources-display-component---newResourceUnit--BASE_UNIT_OF_MEASURE"}]}
RESULT: undefined
COMMAND: POST /session/35fb689ffd1e4d0af28420933f3852d5/execute/async - {"script":"<script> [776 bytes]","args":[{"enterText":"Piece","selector":{"id":"application-manageresources-display-component---newResourceUnit--BASE_UNIT_OF_MEASURE","interaction":{"idSuffix":"inner"}},"clearTextFirst":true,"interactionType":"ENTER_TEXT"}]}
RESULT: {"script":"<script> [776 bytes]","args":[{"enterText":"Piece","selector":{"id":"application-manageresources-display-component---newResourceUnit--BASE_UNIT_OF_MEASURE","interaction":{"idSuffix":"inner"}},"clearTextFirst":true,"interactionType":"ENTER_TEXT"}]}
COMMAND: POST /session/35fb689ffd1e4d0af28420933f3852d5/execute/async - {"script":"<script> [1562 bytes]","args":[{"selector":{"id":"application-manageresources-display-component---newResourceUnit--WEIGHT_UNIT","interaction":{"idSuffix":"inner"}},"wdio_ui5_key":"applicationmanageresources-display-component---newResourceUnit--WEIGHT_UNIT"}]}
RESULT: {"script":"<script> [1562 bytes]","args":[{"selector":{"id":"application-manageresources-display-component---newResourceUnit--WEIGHT_UNIT","interaction":{"idSuffix":"inner"}},"wdio_ui5_key":"applicationmanageresources-display-component---newResourceUnit--WEIGHT_UNIT"}]}
RESULT: undefined
COMMAND: POST /session/35fb689ffd1e4d0af28420933f3852d5/execute/async - {"script":"<script> [776 bytes]","args":[{"enterText":"Gram","selector":{"id":"application-manageresources-display-component---newResourceUnit--WEIGHT_UNIT","interaction":{"idSuffix":"inner"}},"clearTextFirst":true,"interactionType":"ENTER_TEXT"}]}
RESULT: {"script":"<script> [776 bytes]","args":[{"enterText":"Gram","selector":{"id":"application-manageresources-display-component---newResourceUnit--WEIGHT_UNIT","interaction":{"idSuffix":"inner"}},"clearTextFirst":true,"interactionType":"ENTER_TEXT"}]}
COMMAND: POST /session/35fb689ffd1e4d0af28420933f3852d5/execute/async - {"script":"<script> [1562 bytes]","args":[{"selector":{"id":"application-manageresources-display-component---newResourceUnit--DIMENSION_UNIT","interaction":{"idSuffix":"inner"}},"wdio_ui5_key":"applicationmanageresources-display-component---newResourceUnit--DIMENSION_UNIT"}]}
RESULT: {"script":"<script> [1562 bytes]","args":[{"selector":{"id":"application-manageresources-display-component---newResourceUnit--DIMENSION_UNIT","interaction":{"idSuffix":"inner"}},"wdio_ui5_key":"applicationmanageresources-display-component---newResourceUnit--DIMENSION_UNIT"}]}
RESULT: undefined
COMMAND: POST /session/35fb689ffd1e4d0af28420933f3852d5/execute/async - {"script":"<script> [776 bytes]","args":[{"enterText":"Meter","selector":{"id":"application-manageresources-display-component---newResourceUnit--DIMENSION_UNIT","interaction":{"idSuffix":"inner"}},"clearTextFirst":true,"interactionType":"ENTER_TEXT"}]}
RESULT: {"script":"<script> [776 bytes]","args":[{"enterText":"Meter","selector":{"id":"application-manageresources-display-component---newResourceUnit--DIMENSION_UNIT","interaction":{"idSuffix":"inner"}},"clearTextFirst":true,"interactionType":"ENTER_TEXT"}]}
COMMAND: POST /session/35fb689ffd1e4d0af28420933f3852d5/execute/async - {"script":"<script> [1562 bytes]","args":[{"selector":{"id":"application-manageresources-display-component---newResourceUnit--newRRUPage-anchBar-application-manageresources-display-component---newResourceUnit--control-anchor","interaction":{"idSuffix":"BDI-content"}},"wdio_ui5_key":"applicationmanageresources-display-component---newResourceUnit--newRRUPage-anchBar-application-manageresources-display-component---newResourceUnit--control-anchor"}]}
RESULT: {"script":"<script> [1562 bytes]","args":[{"selector":{"id":"application-manageresources-display-component---newResourceUnit--newRRUPage-anchBar-application-manageresources-display-component---newResourceUnit--control-anchor","interaction":{"idSuffix":"BDI-content"}},"wdio_ui5_key":"applicationmanageresources-display-component---newResourceUnit--newRRUPage-anchBar-application-manageresources-display-component---newResourceUnit--control-anchor"}]}
RESULT: undefined
COMMAND: POST /session/35fb689ffd1e4d0af28420933f3852d5/element - {"using":"xpath","value":"//*[@id=\"application-manageresources-display-component---newResourceUnit--newRRUPage-anchBar-application-manageresources-display-component---newResourceUnit--control-anchor\"]"}
RESULT: {"using":"xpath","value":"//*[@id=\"application-manageresources-display-component---newResourceUnit--newRRUPage-anchBar-application-manageresources-display-component---newResourceUnit--control-anchor\"]"}
COMMAND: POST /session/35fb689ffd1e4d0af28420933f3852d5/element/f.D4604CFB99CA81B49CF573A4CE08B130.d.60157664AE8148E3FF6BF37573DB529B.e.3370/click - {}
RESULT: {}
COMMAND: POST /session/35fb689ffd1e4d0af28420933f3852d5/execute/async - {"script":"<script> [1562 bytes]","args":[{"selector":{"id":"application-manageresources-display-component---newResourceUnit--PLANNING_GROUP","interaction":{"idSuffix":"inner"}},"wdio_ui5_key":"applicationmanageresources-display-component---newResourceUnit--PLANNING_GROUP"}]}
COMMAND: GET /session/35fb689ffd1e4d0af28420933f3852d5/screenshot - {}
RESULT: {"script":"<script> [1562 bytes]","args":[{"selector":{"id":"application-manageresources-display-component---newResourceUnit--PLANNING_GROUP","interaction":{"idSuffix":"inner"}},"wdio_ui5_key":"applicationmanageresources-display-component---newResourceUnit--PLANNING_GROUP"}]}
RESULT: undefined
COMMAND: POST /session/35fb689ffd1e4d0af28420933f3852d5/execute/async - {"script":"<script> [776 bytes]","args":[{"enterText":"Material","selector":{"id":"application-manageresources-display-component---newResourceUnit--PLANNING_GROUP","interaction":{"idSuffix":"inner"}},"clearTextFirst":true,"interactionType":"ENTER_TEXT"}]}
RESULT: {}
RESULT: {"script":"<script> [776 bytes]","args":[{"enterText":"Material","selector":{"id":"application-manageresources-display-component---newResourceUnit--PLANNING_GROUP","interaction":{"idSuffix":"inner"}},"clearTextFirst":true,"interactionType":"ENTER_TEXT"}]}
COMMAND: POST /session/35fb689ffd1e4d0af28420933f3852d5/execute/async - {"script":"<script> [1562 bytes]","args":[{"selector":{"id":"application-manageresources-display-component---newResourceUnit--PLANNING_INDICATOR","interaction":{"idSuffix":"inner"}},"wdio_ui5_key":"applicationmanageresources-display-component---newResourceUnit--PLANNING_INDICATOR"}]}
RESULT: {"script":"<script> [1562 bytes]","args":[{"selector":{"id":"application-manageresources-display-component---newResourceUnit--PLANNING_INDICATOR","interaction":{"idSuffix":"inner"}},"wdio_ui5_key":"applicationmanageresources-display-component---newResourceUnit--PLANNING_INDICATOR"}]}
RESULT: undefined
COMMAND: POST /session/35fb689ffd1e4d0af28420933f3852d5/execute/async - {"script":"<script> [776 bytes]","args":[{"enterText":"10 - infinite","selector":{"id":"application-manageresources-display-component---newResourceUnit--PLANNING_INDICATOR","interaction":{"idSuffix":"inner"}},"clearTextFirst":true,"interactionType":"ENTER_TEXT"}]}
RESULT: {"script":"<script> [776 bytes]","args":[{"enterText":"10 - infinite","selector":{"id":"application-manageresources-display-component---newResourceUnit--PLANNING_INDICATOR","interaction":{"idSuffix":"inner"}},"clearTextFirst":true,"interactionType":"ENTER_TEXT"}]}
COMMAND: POST /session/35fb689ffd1e4d0af28420933f3852d5/element - {"using":"css selector","value":"#application-manageresources-display-component---newResourceUnit--btnAddTimeSegment"}
RESULT: {"using":"css selector","value":"#application-manageresources-display-component---newResourceUnit--btnAddTimeSegment"}
COMMAND: GET /session/35fb689ffd1e4d0af28420933f3852d5/element/f.D4604CFB99CA81B49CF573A4CE08B130.d.60157664AE8148E3FF6BF37573DB529B.e.3380/rect - {}
RESULT: {}
COMMAND: GET /session/35fb689ffd1e4d0af28420933f3852d5/window/rect - {}
RESULT: {}
COMMAND: POST /session/35fb689ffd1e4d0af28420933f3852d5/execute/sync - {"script":"<script> [92 bytes]","args":[]}
RESULT: {"script":"<script> [92 bytes]","args":[]}
COMMAND: POST /session/35fb689ffd1e4d0af28420933f3852d5/actions - {"actions":[{"id":"action9","type":"wheel","parameters":{},"actions":[{"type":"scroll","x":-1888,"y":-32,"deltaX":0,"deltaY":0,"duration":0,"origin":{"element-6066-11e4-a52e-4f735466cecf":"f.D4604CFB99CA81B49CF573A4CE08B130.d.60157664AE8148E3FF6BF37573DB529B.e.3380"}}]}]}
COMMAND: GET /session/35fb689ffd1e4d0af28420933f3852d5/screenshot - {}
RESULT: {}
COMMAND: POST /session/35fb689ffd1e4d0af28420933f3852d5/execute/sync - {"script":"<script> [79 bytes]","args":[{"element-6066-11e4-a52e-4f735466cecf":"f.D4604CFB99CA81B49CF573A4CE08B130.d.60157664AE8148E3FF6BF37573DB529B.e.3380","ELEMENT":"f.D4604CFB99CA81B49CF573A4CE08B130.d.60157664AE8148E3FF6BF37573DB529B.e.3380"},{"block":"start","inline":"nearest"}]}
RESULT: {"script":"<script> [79 bytes]","args":[{"element-6066-11e4-a52e-4f735466cecf":"f.D4604CFB99CA81B49CF573A4CE08B130.d.60157664AE8148E3FF6BF37573DB529B.e.3380","ELEMENT":"f.D4604CFB99CA81B49CF573A4CE08B130.d.60157664AE8148E3FF6BF37573DB529B.e.3380"},{"block":"start","inline":"nearest"}]}
COMMAND: POST /session/35fb689ffd1e4d0af28420933f3852d5/execute/async - {"script":"<script> [1562 bytes]","args":[{"selector":{"id":"application-manageresources-display-component---newResourceUnit--btnAddTimeSegment","interaction":{"idSuffix":"inner"}},"wdio_ui5_key":"applicationmanageresources-display-component---newResourceUnit--btnAddTimeSegment"}]}
COMMAND: GET /session/35fb689ffd1e4d0af28420933f3852d5/screenshot - {}
RESULT: {"script":"<script> [1562 bytes]","args":[{"selector":{"id":"application-manageresources-display-component---newResourceUnit--btnAddTimeSegment","interaction":{"idSuffix":"inner"}},"wdio_ui5_key":"applicationmanageresources-display-component---newResourceUnit--btnAddTimeSegment"}]}
RESULT: undefined
COMMAND: POST /session/35fb689ffd1e4d0af28420933f3852d5/element - {"using":"xpath","value":"//*[@id=\"application-manageresources-display-component---newResourceUnit--btnAddTimeSegment\"]"}
RESULT: {}
RESULT: {"using":"xpath","value":"//*[@id=\"application-manageresources-display-component---newResourceUnit--btnAddTimeSegment\"]"}
COMMAND: POST /session/35fb689ffd1e4d0af28420933f3852d5/element/f.D4604CFB99CA81B49CF573A4CE08B130.d.60157664AE8148E3FF6BF37573DB529B.e.3380/click - {}
RESULT: {}
COMMAND: GET /session/35fb689ffd1e4d0af28420933f3852d5/screenshot - {}
RESULT: {}
COMMAND: POST /session/35fb689ffd1e4d0af28420933f3852d5/element - {"using":"xpath","value":"//input[@id=\"application-manageresources-display-component---newResourceUnit--idRuTSAdmin-application-manageresources-display-component---newResourceUnit--RUTimeSegment-0-inner\"]"}
RESULT: {"using":"xpath","value":"//input[@id=\"application-manageresources-display-component---newResourceUnit--idRuTSAdmin-application-manageresources-display-component---newResourceUnit--RUTimeSegment-0-inner\"]"}
COMMAND: POST /session/35fb689ffd1e4d0af28420933f3852d5/element/f.D4604CFB99CA81B49CF573A4CE08B130.d.60157664AE8148E3FF6BF37573DB529B.e.3385/clear - {}
RESULT: {}
COMMAND: POST /session/35fb689ffd1e4d0af28420933f3852d5/element/f.D4604CFB99CA81B49CF573A4CE08B130.d.60157664AE8148E3FF6BF37573DB529B.e.3385/value - {"text":"544"}
COMMAND: GET /session/35fb689ffd1e4d0af28420933f3852d5/screenshot - {}
RESULT: {"text":"544"}
COMMAND: GET /session/35fb689ffd1e4d0af28420933f3852d5/screenshot - {}
RESULT: {}
RESULT: {}
COMMAND: POST /session/35fb689ffd1e4d0af28420933f3852d5/element - {"using":"xpath","value":"//li[.//span[text()='544']]"}
RESULT: {"using":"xpath","value":"//li[.//span[text()='544']]"}
COMMAND: POST /session/35fb689ffd1e4d0af28420933f3852d5/element/f.D4604CFB99CA81B49CF573A4CE08B130.d.60157664AE8148E3FF6BF37573DB529B.e.3396/click - {}
RESULT: {}
COMMAND: GET /session/35fb689ffd1e4d0af28420933f3852d5/screenshot - {}
RESULT: {}
COMMAND: POST /session/35fb689ffd1e4d0af28420933f3852d5/element - {"using":"xpath","value":"//*[contains(text(), \"Catalogs\")][contains(@id ,\"application-manageresources-display-component---newResourceUnit--newRRUPage-anchBar\")]"}
RESULT: {"using":"xpath","value":"//*[contains(text(), \"Catalogs\")][contains(@id ,\"application-manageresources-display-component---newResourceUnit--newRRUPage-anchBar\")]"}
COMMAND: POST /session/35fb689ffd1e4d0af28420933f3852d5/element/f.D4604CFB99CA81B49CF573A4CE08B130.d.60157664AE8148E3FF6BF37573DB529B.e.3397/click - {}
RESULT: {}
COMMAND: GET /session/35fb689ffd1e4d0af28420933f3852d5/screenshot - {}
RESULT: {}
COMMAND: POST /session/35fb689ffd1e4d0af28420933f3852d5/element - {"using":"xpath","value":"//*[contains(text(), \"Assign\")][contains(@id ,\"button\")]"}
RESULT: {"using":"xpath","value":"//*[contains(text(), \"Assign\")][contains(@id ,\"button\")]"}
COMMAND: POST /session/35fb689ffd1e4d0af28420933f3852d5/element/f.D4604CFB99CA81B49CF573A4CE08B130.d.60157664AE8148E3FF6BF37573DB529B.e.3401/click - {}
RESULT: {}
COMMAND: GET /session/35fb689ffd1e4d0af28420933f3852d5/screenshot - {}
RESULT: {}
COMMAND: POST /session/35fb689ffd1e4d0af28420933f3852d5/element - {"using":"xpath","value":"//span[@id = \"application-manageresources-display-component---newResourceUnit--catalogSelect-arrow\"]"}
RESULT: {"using":"xpath","value":"//span[@id = \"application-manageresources-display-component---newResourceUnit--catalogSelect-arrow\"]"}
COMMAND: POST /session/35fb689ffd1e4d0af28420933f3852d5/element/f.D4604CFB99CA81B49CF573A4CE08B130.d.60157664AE8148E3FF6BF37573DB529B.e.3408/click - {}
RESULT: {}
COMMAND: GET /session/35fb689ffd1e4d0af28420933f3852d5/screenshot - {}
RESULT: {}
COMMAND: POST /session/35fb689ffd1e4d0af28420933f3852d5/element - {"using":"xpath","value":"//li[.//span[text()=\"Webshop Catalog\"]]"}
RESULT: {"using":"xpath","value":"//li[.//span[text()=\"Webshop Catalog\"]]"}
COMMAND: POST /session/35fb689ffd1e4d0af28420933f3852d5/element/f.D4604CFB99CA81B49CF573A4CE08B130.d.60157664AE8148E3FF6BF37573DB529B.e.3409/click - {}
RESULT: {}
COMMAND: GET /session/35fb689ffd1e4d0af28420933f3852d5/screenshot - {}
RESULT: {}
COMMAND: POST /session/35fb689ffd1e4d0af28420933f3852d5/element - {"using":"xpath","value":"//span[@id = \"application-manageresources-display-component---newResourceUnit--catalogItemSelect-arrow\"]"}
RESULT: {"using":"xpath","value":"//span[@id = \"application-manageresources-display-component---newResourceUnit--catalogItemSelect-arrow\"]"}
COMMAND: POST /session/35fb689ffd1e4d0af28420933f3852d5/element/f.D4604CFB99CA81B49CF573A4CE08B130.d.60157664AE8148E3FF6BF37573DB529B.e.3410/click - {}
RESULT: {}
COMMAND: GET /session/35fb689ffd1e4d0af28420933f3852d5/screenshot - {}
RESULT: {}
COMMAND: POST /session/35fb689ffd1e4d0af28420933f3852d5/element - {"using":"xpath","value":"//li[.//span[text()=\"Concert - Concert \"]]"}
RESULT: {"using":"xpath","value":"//li[.//span[text()=\"Concert - Concert \"]]"}
COMMAND: POST /session/35fb689ffd1e4d0af28420933f3852d5/element/f.D4604CFB99CA81B49CF573A4CE08B130.d.60157664AE8148E3FF6BF37573DB529B.e.3411/click - {}
RESULT: {}
COMMAND: GET /session/35fb689ffd1e4d0af28420933f3852d5/screenshot - {}
RESULT: {}
COMMAND: POST /session/35fb689ffd1e4d0af28420933f3852d5/execute/async - {"script":"<script> [1562 bytes]","args":[{"selector":{"id":"application-manageresources-display-component---newResourceUnit--RUAssignmentSaveButton","searchOpenDialogs":true,"interaction":{"idSuffix":"BDI-content"}},"wdio_ui5_key":"applicationmanageresources-display-component---newResourceUnit--RUAssignmentSaveButton"}]}
RESULT: {"script":"<script> [1562 bytes]","args":[{"selector":{"id":"application-manageresources-display-component---newResourceUnit--RUAssignmentSaveButton","searchOpenDialogs":true,"interaction":{"idSuffix":"BDI-content"}},"wdio_ui5_key":"applicationmanageresources-display-component---newResourceUnit--RUAssignmentSaveButton"}]}
RESULT: undefined
COMMAND: POST /session/35fb689ffd1e4d0af28420933f3852d5/element - {"using":"xpath","value":"//*[@id=\"application-manageresources-display-component---newResourceUnit--RUAssignmentSaveButton\"]"}
RESULT: {"using":"xpath","value":"//*[@id=\"application-manageresources-display-component---newResourceUnit--RUAssignmentSaveButton\"]"}
COMMAND: POST /session/35fb689ffd1e4d0af28420933f3852d5/element/f.D4604CFB99CA81B49CF573A4CE08B130.d.60157664AE8148E3FF6BF37573DB529B.e.3429/click - {}
RESULT: {}
COMMAND: GET /session/35fb689ffd1e4d0af28420933f3852d5/screenshot - {}
RESULT: {}
COMMAND: POST /session/35fb689ffd1e4d0af28420933f3852d5/element - {"using":"xpath","value":"//button[@data-kt=\"resourceUnitSaveButton\"]"}
RESULT: {"using":"xpath","value":"//button[@data-kt=\"resourceUnitSaveButton\"]"}
COMMAND: POST /session/35fb689ffd1e4d0af28420933f3852d5/element/f.D4604CFB99CA81B49CF573A4CE08B130.d.60157664AE8148E3FF6BF37573DB529B.e.3321/click - {}
RESULT: {}
COMMAND: GET /session/35fb689ffd1e4d0af28420933f3852d5/screenshot - {}
RESULT: {}
COMMAND: POST /session/35fb689ffd1e4d0af28420933f3852d5/element - {"using":"xpath","value":"//bdi[contains(text(), \"Close\")]"}
RESULT: {"using":"xpath","value":"//bdi[contains(text(), \"Close\")]"}
COMMAND: POST /session/35fb689ffd1e4d0af28420933f3852d5/element/f.D4604CFB99CA81B49CF573A4CE08B130.d.60157664AE8148E3FF6BF37573DB529B.e.3441/click - {}
RESULT: {}
COMMAND: GET /session/35fb689ffd1e4d0af28420933f3852d5/screenshot - {}
RESULT: {}
COMMAND: POST /session/35fb689ffd1e4d0af28420933f3852d5/element - {"using":"xpath","value":"//header[contains(@id, 'detailRruPage-headerTitle')]/div[1]/div[2]/div[2]/span[1]"}
RESULT: {"using":"xpath","value":"//header[contains(@id, 'detailRruPage-headerTitle')]/div[1]/div[2]/div[2]/span[1]"}
COMMAND: POST /session/35fb689ffd1e4d0af28420933f3852d5/elements - {"using":"xpath","value":"//header[contains(@id, 'detailRruPage-headerTitle')]/div[1]/div[2]/div[2]/span[1]"}
RESULT: {"using":"xpath","value":"//header[contains(@id, 'detailRruPage-headerTitle')]/div[1]/div[2]/div[2]/span[1]"}
COMMAND: POST /session/35fb689ffd1e4d0af28420933f3852d5/execute/sync - {"script":"<script> [56 bytes]","args":[{"element-6066-11e4-a52e-4f735466cecf":"f.D4604CFB99CA81B49CF573A4CE08B130.d.60157664AE8148E3FF6BF37573DB529B.e.3474","ELEMENT":"f.D4604CFB99CA81B49CF573A4CE08B130.d.60157664AE8148E3FF6BF37573DB529B.e.3474"}]}
RESULT: {"script":"<script> [56 bytes]","args":[{"element-6066-11e4-a52e-4f735466cecf":"f.D4604CFB99CA81B49CF573A4CE08B130.d.60157664AE8148E3FF6BF37573DB529B.e.3474","ELEMENT":"f.D4604CFB99CA81B49CF573A4CE08B130.d.60157664AE8148E3FF6BF37573DB529B.e.3474"}]}
COMMAND: POST /session/35fb689ffd1e4d0af28420933f3852d5/element - {"using":"css selector","value":"#shell-header-logo"}
COMMAND: GET /session/35fb689ffd1e4d0af28420933f3852d5/screenshot - {}
RESULT: {"using":"css selector","value":"#shell-header-logo"}
COMMAND: POST /session/35fb689ffd1e4d0af28420933f3852d5/element/f.D4604CFB99CA81B49CF573A4CE08B130.d.60157664AE8148E3FF6BF37573DB529B.e.2919/click - {}
RESULT: {}
RESULT: {}
COMMAND: GET /session/35fb689ffd1e4d0af28420933f3852d5/screenshot - {}
RESULT: {}
]]></system-out>
    </testcase>
    <testcase classname="chrome.135_0_7049_96.windows.Yard_Overview_Autoplanning_US130989" name="Should create a new request and add the material" time="98.154">
      <system-out><![CDATA[
COMMAND: POST /session/35fb689ffd1e4d0af28420933f3852d5/execute/async - {"script":"<script> [1562 bytes]","args":[{"selector":{"controlType":"sap.m.Text","properties":{"text":"Manage Requests"},"interaction":{"idSuffix":"inner"}},"wdio_ui5_key":"sapm.Text{\"text\":\"Manage Requests\"}"}]}
RESULT: {"script":"<script> [1562 bytes]","args":[{"selector":{"controlType":"sap.m.Text","properties":{"text":"Manage Requests"},"interaction":{"idSuffix":"inner"}},"wdio_ui5_key":"sapm.Text{\"text\":\"Manage Requests\"}"}]}
RESULT: undefined
COMMAND: POST /session/35fb689ffd1e4d0af28420933f3852d5/element - {"using":"xpath","value":"//*[@id=\"__tile47-title\"]"}
RESULT: {"using":"xpath","value":"//*[@id=\"__tile47-title\"]"}
COMMAND: POST /session/35fb689ffd1e4d0af28420933f3852d5/element/f.D4604CFB99CA81B49CF573A4CE08B130.d.60157664AE8148E3FF6BF37573DB529B.e.3477/click - {}
RESULT: {}
COMMAND: GET /session/35fb689ffd1e4d0af28420933f3852d5/screenshot - {}
RESULT: {}
COMMAND: POST /session/35fb689ffd1e4d0af28420933f3852d5/execute/async - {"script":"<script> [1562 bytes]","args":[{"selector":{"id":"btnCreateNew","viewName":"etm.portal.ui.managerequests.view.Master","interaction":{"idSuffix":"inner"}},"wdio_ui5_key":"btnCreateNewetmportal.ui.managerequests.view.Master"}]}
RESULT: {"script":"<script> [1562 bytes]","args":[{"selector":{"id":"btnCreateNew","viewName":"etm.portal.ui.managerequests.view.Master","interaction":{"idSuffix":"inner"}},"wdio_ui5_key":"btnCreateNewetmportal.ui.managerequests.view.Master"}]}
RESULT: undefined
COMMAND: POST /session/35fb689ffd1e4d0af28420933f3852d5/element - {"using":"xpath","value":"//*[@id=\"__xmlview58--btnCreateNew\"]"}
RESULT: {"using":"xpath","value":"//*[@id=\"__xmlview58--btnCreateNew\"]"}
COMMAND: POST /session/35fb689ffd1e4d0af28420933f3852d5/element/f.D4604CFB99CA81B49CF573A4CE08B130.d.60157664AE8148E3FF6BF37573DB529B.e.3533/click - {}
RESULT: {}
COMMAND: GET /session/35fb689ffd1e4d0af28420933f3852d5/screenshot - {}
RESULT: {}
COMMAND: POST /session/35fb689ffd1e4d0af28420933f3852d5/execute/async - {"script":"<script> [1562 bytes]","args":[{"selector":{"controlType":"sap.ui.core.Icon","viewName":"etm.portal.ui.managerequests.view.NewRequest","properties":{"src":{"regex":{"source":"full\\-screen"}}}},"wdio_ui5_key":"etmportal.ui.managerequests.view.NewRequestsap.ui.core.Icon{\"src\":{\"regex\":{\"source\":\"full\\\\-screen\"}}}"}]}
RESULT: {"script":"<script> [1562 bytes]","args":[{"selector":{"controlType":"sap.ui.core.Icon","viewName":"etm.portal.ui.managerequests.view.NewRequest","properties":{"src":{"regex":{"source":"full\\-screen"}}}},"wdio_ui5_key":"etmportal.ui.managerequests.view.NewRequestsap.ui.core.Icon{\"src\":{\"regex\":{\"source\":\"full\\\\-screen\"}}}"}]}
RESULT: undefined
COMMAND: POST /session/35fb689ffd1e4d0af28420933f3852d5/element - {"using":"xpath","value":"//*[@id=\"__button243-img\"]"}
RESULT: {"using":"xpath","value":"//*[@id=\"__button243-img\"]"}
COMMAND: POST /session/35fb689ffd1e4d0af28420933f3852d5/element/f.D4604CFB99CA81B49CF573A4CE08B130.d.60157664AE8148E3FF6BF37573DB529B.e.3942/click - {}
RESULT: {}
COMMAND: GET /session/35fb689ffd1e4d0af28420933f3852d5/screenshot - {}
RESULT: {}
COMMAND: POST /session/35fb689ffd1e4d0af28420933f3852d5/element - {"using":"xpath","value":"//input[contains(@id ,\"yardId-inner\")]"}
RESULT: {"using":"xpath","value":"//input[contains(@id ,\"yardId-inner\")]"}
COMMAND: POST /session/35fb689ffd1e4d0af28420933f3852d5/element/f.D4604CFB99CA81B49CF573A4CE08B130.d.60157664AE8148E3FF6BF37573DB529B.e.3812/value - {"text":"544"}
RESULT: {"text":"544"}
COMMAND: GET /session/35fb689ffd1e4d0af28420933f3852d5/screenshot - {}
RESULT: {}
COMMAND: POST /session/35fb689ffd1e4d0af28420933f3852d5/element - {"using":"xpath","value":"//li[.//span[text()='544']]"}
RESULT: {"using":"xpath","value":"//li[.//span[text()='544']]"}
COMMAND: POST /session/35fb689ffd1e4d0af28420933f3852d5/element/f.D4604CFB99CA81B49CF573A4CE08B130.d.60157664AE8148E3FF6BF37573DB529B.e.3986/click - {}
RESULT: {}
COMMAND: GET /session/35fb689ffd1e4d0af28420933f3852d5/screenshot - {}
COMMAND: POST /session/35fb689ffd1e4d0af28420933f3852d5/element - {"using":"xpath","value":"//input[contains(@id ,\"customerNumber-inner\")]"}
RESULT: {}
RESULT: {"using":"xpath","value":"//input[contains(@id ,\"customerNumber-inner\")]"}
COMMAND: POST /session/35fb689ffd1e4d0af28420933f3852d5/element/f.D4604CFB99CA81B49CF573A4CE08B130.d.60157664AE8148E3FF6BF37573DB529B.e.3806/clear - {}
RESULT: {}
COMMAND: POST /session/35fb689ffd1e4d0af28420933f3852d5/element/f.D4604CFB99CA81B49CF573A4CE08B130.d.60157664AE8148E3FF6BF37573DB529B.e.3806/value - {"text":"1419"}
COMMAND: GET /session/35fb689ffd1e4d0af28420933f3852d5/screenshot - {}
RESULT: {"text":"1419"}
COMMAND: GET /session/35fb689ffd1e4d0af28420933f3852d5/screenshot - {}
RESULT: {}
RESULT: {}
COMMAND: POST /session/35fb689ffd1e4d0af28420933f3852d5/element - {"using":"xpath","value":"//li[.//span[text()='1419']]"}
RESULT: {"using":"xpath","value":"//li[.//span[text()='1419']]"}
COMMAND: POST /session/35fb689ffd1e4d0af28420933f3852d5/element/f.D4604CFB99CA81B49CF573A4CE08B130.d.60157664AE8148E3FF6BF37573DB529B.e.3988/click - {}
RESULT: {}
COMMAND: GET /session/35fb689ffd1e4d0af28420933f3852d5/screenshot - {}
RESULT: {}
COMMAND: POST /session/35fb689ffd1e4d0af28420933f3852d5/element - {"using":"xpath","value":"//button[contains(@id ,\"btnAddTableRow\")]"}
RESULT: {"using":"xpath","value":"//button[contains(@id ,\"btnAddTableRow\")]"}
COMMAND: POST /session/35fb689ffd1e4d0af28420933f3852d5/element/f.D4604CFB99CA81B49CF573A4CE08B130.d.60157664AE8148E3FF6BF37573DB529B.e.3784/click - {}
RESULT: {}
COMMAND: GET /session/35fb689ffd1e4d0af28420933f3852d5/screenshot - {}
RESULT: {}
COMMAND: POST /session/35fb689ffd1e4d0af28420933f3852d5/actions - {"actions":[{"id":"action10","type":"key","parameters":{},"actions":[{"type":"keyDown","value":"î€•"},{"type":"pause","duration":10},{"type":"keyUp","value":"î€•"}]}]}
RESULT: {"actions":[{"id":"action10","type":"key","parameters":{},"actions":[{"type":"keyDown","value":"î€•"},{"type":"pause","duration":10},{"type":"keyUp","value":"î€•"}]}]}
COMMAND: POST /session/35fb689ffd1e4d0af28420933f3852d5/actions - {"actions":[{"id":"action11","type":"key","parameters":{},"actions":[{"type":"keyDown","value":"î€‡"},{"type":"pause","duration":10},{"type":"keyUp","value":"î€‡"}]}]}
COMMAND: GET /session/35fb689ffd1e4d0af28420933f3852d5/screenshot - {}
RESULT: {"actions":[{"id":"action11","type":"key","parameters":{},"actions":[{"type":"keyDown","value":"î€‡"},{"type":"pause","duration":10},{"type":"keyUp","value":"î€‡"}]}]}
COMMAND: GET /session/35fb689ffd1e4d0af28420933f3852d5/screenshot - {}
RESULT: {}
RESULT: {}
COMMAND: POST /session/35fb689ffd1e4d0af28420933f3852d5/element - {"using":"xpath","value":"//table[contains(@id, \"requestItemsTable-listUl\")]//tbody/tr[1]/td[3]/div/div/input"}
RESULT: {"using":"xpath","value":"//table[contains(@id, \"requestItemsTable-listUl\")]//tbody/tr[1]/td[3]/div/div/input"}
COMMAND: POST /session/35fb689ffd1e4d0af28420933f3852d5/element/f.D4604CFB99CA81B49CF573A4CE08B130.d.60157664AE8148E3FF6BF37573DB529B.e.3992/clear - {}
RESULT: {}
COMMAND: POST /session/35fb689ffd1e4d0af28420933f3852d5/element/f.D4604CFB99CA81B49CF573A4CE08B130.d.60157664AE8148E3FF6BF37573DB529B.e.3992/value - {"text":"Concert"}
COMMAND: GET /session/35fb689ffd1e4d0af28420933f3852d5/screenshot - {}
RESULT: {"text":"Concert"}
COMMAND: GET /session/35fb689ffd1e4d0af28420933f3852d5/screenshot - {}
RESULT: {}
RESULT: {}
COMMAND: POST /session/35fb689ffd1e4d0af28420933f3852d5/element - {"using":"xpath","value":"//li[.//span[contains(text(), \"Concert\")]]"}
RESULT: {"using":"xpath","value":"//li[.//span[contains(text(), \"Concert\")]]"}
COMMAND: POST /session/35fb689ffd1e4d0af28420933f3852d5/element/f.D4604CFB99CA81B49CF573A4CE08B130.d.60157664AE8148E3FF6BF37573DB529B.e.4004/click - {}
RESULT: {}
COMMAND: GET /session/35fb689ffd1e4d0af28420933f3852d5/screenshot - {}
RESULT: {}
COMMAND: POST /session/35fb689ffd1e4d0af28420933f3852d5/execute/async - {"script":"<script> [1562 bytes]","args":[{"selector":{"controlType":"sap.ui.core.Icon","viewName":"etm.portal.ui.managerequests.view.NewRequest","properties":{"src":{"regex":{"source":"message\\-error"}}},"ancestor":{"controlType":"sap.m.ColumnListItem","viewName":"etm.portal.ui.managerequests.view.NewRequest","bindingPath":{"modelName":"newRequestItems","path":"/RequestItems/0"},"ancestor":{"id":"requestItemsTable","viewName":"etm.portal.ui.managerequests.view.NewRequest"}}},"wdio_ui5_key":"etmportal.ui.managerequests.view.NewRequestsap.ui.core.Icon{\"src\":{\"regex\":{\"source\":\"message\\\\-error\"}}}{\"controlType\":\"sap.m.ColumnListItem\",\"viewName\":\"etm.portal.ui.managerequests.view.NewRequest\",\"bindingPath\":{\"modelName\":\"newRequestItems\",\"path\":\"/RequestItems/0\"},\"ancestor\":{\"id\":\"requestItemsTable\",\"viewName\":\"etm.portal.ui.managerequests.view.NewRequest\"}}"}]}
RESULT: {"script":"<script> [1562 bytes]","args":[{"selector":{"controlType":"sap.ui.core.Icon","viewName":"etm.portal.ui.managerequests.view.NewRequest","properties":{"src":{"regex":{"source":"message\\-error"}}},"ancestor":{"controlType":"sap.m.ColumnListItem","viewName":"etm.portal.ui.managerequests.view.NewRequest","bindingPath":{"modelName":"newRequestItems","path":"/RequestItems/0"},"ancestor":{"id":"requestItemsTable","viewName":"etm.portal.ui.managerequests.view.NewRequest"}}},"wdio_ui5_key":"etmportal.ui.managerequests.view.NewRequestsap.ui.core.Icon{\"src\":{\"regex\":{\"source\":\"message\\\\-error\"}}}{\"controlType\":\"sap.m.ColumnListItem\",\"viewName\":\"etm.portal.ui.managerequests.view.NewRequest\",\"bindingPath\":{\"modelName\":\"newRequestItems\",\"path\":\"/RequestItems/0\"},\"ancestor\":{\"id\":\"requestItemsTable\",\"viewName\":\"etm.portal.ui.managerequests.view.NewRequest\"}}"}]}
RESULT: undefined
COMMAND: POST /session/35fb689ffd1e4d0af28420933f3852d5/element - {"using":"xpath","value":"//*[@id=\"__status14-__xmlview59--requestItemsTable-0-icon\"]"}
RESULT: {"using":"xpath","value":"//*[@id=\"__status14-__xmlview59--requestItemsTable-0-icon\"]"}
COMMAND: POST /session/35fb689ffd1e4d0af28420933f3852d5/element/f.D4604CFB99CA81B49CF573A4CE08B130.d.60157664AE8148E3FF6BF37573DB529B.e.4005/click - {}
RESULT: {}
COMMAND: POST /session/35fb689ffd1e4d0af28420933f3852d5/execute/async - {"script":"<script> [1562 bytes]","args":[{"selector":{"controlType":"sap.ui.core.Icon","viewName":"etm.portal.ui.managerequests.view.NewRequest","properties":{"src":{"regex":{"source":"slim\\-arrow\\-down"}}},"searchOpenDialogs":true,"ancestor":{"id":"costObjectAdminTypeComboBox","viewName":"etm.portal.ui.managerequests.view.NewRequest","searchOpenDialogs":true}},"wdio_ui5_key":"etmportal.ui.managerequests.view.NewRequestsap.ui.core.Icon{\"src\":{\"regex\":{\"source\":\"slim\\\\-arrow\\\\-down\"}}}{\"id\":\"costObjectAdminTypeComboBox\",\"viewName\":\"etm.portal.ui.managerequests.view.NewRequest\",\"searchOpenDialogs\":true}"}]}
COMMAND: GET /session/35fb689ffd1e4d0af28420933f3852d5/screenshot - {}
RESULT: {"script":"<script> [1562 bytes]","args":[{"selector":{"controlType":"sap.ui.core.Icon","viewName":"etm.portal.ui.managerequests.view.NewRequest","properties":{"src":{"regex":{"source":"slim\\-arrow\\-down"}}},"searchOpenDialogs":true,"ancestor":{"id":"costObjectAdminTypeComboBox","viewName":"etm.portal.ui.managerequests.view.NewRequest","searchOpenDialogs":true}},"wdio_ui5_key":"etmportal.ui.managerequests.view.NewRequestsap.ui.core.Icon{\"src\":{\"regex\":{\"source\":\"slim\\\\-arrow\\\\-down\"}}}{\"id\":\"costObjectAdminTypeComboBox\",\"viewName\":\"etm.portal.ui.managerequests.view.NewRequest\",\"searchOpenDialogs\":true}"}]}
RESULT: undefined
COMMAND: POST /session/35fb689ffd1e4d0af28420933f3852d5/element - {"using":"xpath","value":"//*[@id=\"__xmlview59--costObjectAdminTypeComboBox-arrow\"]"}
RESULT: {}
RESULT: {"using":"xpath","value":"//*[@id=\"__xmlview59--costObjectAdminTypeComboBox-arrow\"]"}
COMMAND: POST /session/35fb689ffd1e4d0af28420933f3852d5/element/f.D4604CFB99CA81B49CF573A4CE08B130.d.60157664AE8148E3FF6BF37573DB529B.e.4009/click - {}
RESULT: {}
COMMAND: GET /session/35fb689ffd1e4d0af28420933f3852d5/screenshot - {}
RESULT: {}
COMMAND: POST /session/35fb689ffd1e4d0af28420933f3852d5/execute/async - {"script":"<script> [1562 bytes]","args":[{"selector":{"controlType":"sap.m.StandardListItem","viewName":"etm.portal.ui.managerequests.view.NewRequest","properties":{"title":"Cost Center"},"searchOpenDialogs":true,"interaction":{"idSuffix":"content"}},"wdio_ui5_key":"etmportal.ui.managerequests.view.NewRequestsap.m.StandardListItem{\"title\":\"Cost Center\"}"}]}
RESULT: {"script":"<script> [1562 bytes]","args":[{"selector":{"controlType":"sap.m.StandardListItem","viewName":"etm.portal.ui.managerequests.view.NewRequest","properties":{"title":"Cost Center"},"searchOpenDialogs":true,"interaction":{"idSuffix":"content"}},"wdio_ui5_key":"etmportal.ui.managerequests.view.NewRequestsap.m.StandardListItem{\"title\":\"Cost Center\"}"}]}
RESULT: undefined
COMMAND: POST /session/35fb689ffd1e4d0af28420933f3852d5/element - {"using":"xpath","value":"//*[@id=\"__item3554\"]"}
RESULT: {"using":"xpath","value":"//*[@id=\"__item3554\"]"}
COMMAND: POST /session/35fb689ffd1e4d0af28420933f3852d5/element/f.D4604CFB99CA81B49CF573A4CE08B130.d.60157664AE8148E3FF6BF37573DB529B.e.4013/click - {}
RESULT: {}
COMMAND: GET /session/35fb689ffd1e4d0af28420933f3852d5/screenshot - {}
RESULT: {}
COMMAND: POST /session/35fb689ffd1e4d0af28420933f3852d5/execute/async - {"script":"<script> [1562 bytes]","args":[{"selector":{"controlType":"sap.m.Button","viewName":"etm.portal.ui.managerequests.view.NewRequest","i18NText":{"propertyName":"text","key":"save"},"searchOpenDialogs":true,"interaction":{"idSuffix":"inner"}},"wdio_ui5_key":"etmportal.ui.managerequests.view.NewRequestsap.m.Button{\"propertyName\":\"text\",\"key\":\"save\"}"}]}
RESULT: {"script":"<script> [1562 bytes]","args":[{"selector":{"controlType":"sap.m.Button","viewName":"etm.portal.ui.managerequests.view.NewRequest","i18NText":{"propertyName":"text","key":"save"},"searchOpenDialogs":true,"interaction":{"idSuffix":"inner"}},"wdio_ui5_key":"etmportal.ui.managerequests.view.NewRequestsap.m.Button{\"propertyName\":\"text\",\"key\":\"save\"}"}]}
RESULT: undefined
COMMAND: POST /session/35fb689ffd1e4d0af28420933f3852d5/element - {"using":"xpath","value":"//*[@id=\"__button261\"]"}
RESULT: {"using":"xpath","value":"//*[@id=\"__button261\"]"}
COMMAND: POST /session/35fb689ffd1e4d0af28420933f3852d5/element/f.D4604CFB99CA81B49CF573A4CE08B130.d.60157664AE8148E3FF6BF37573DB529B.e.4021/click - {}
RESULT: {}
COMMAND: GET /session/35fb689ffd1e4d0af28420933f3852d5/screenshot - {}
RESULT: {}
COMMAND: POST /session/35fb689ffd1e4d0af28420933f3852d5/execute/async - {"script":"<script> [1562 bytes]","args":[{"selector":{"controlType":"sap.m.Button","viewName":"etm.portal.ui.managerequests.view.NewRequest","i18NText":{"propertyName":"tooltip","key":"save"},"interaction":{"idSuffix":"BDI-content"}},"wdio_ui5_key":"etmportal.ui.managerequests.view.NewRequestsap.m.Button{\"propertyName\":\"tooltip\",\"key\":\"save\"}"}]}
RESULT: {"script":"<script> [1562 bytes]","args":[{"selector":{"controlType":"sap.m.Button","viewName":"etm.portal.ui.managerequests.view.NewRequest","i18NText":{"propertyName":"tooltip","key":"save"},"interaction":{"idSuffix":"BDI-content"}},"wdio_ui5_key":"etmportal.ui.managerequests.view.NewRequestsap.m.Button{\"propertyName\":\"tooltip\",\"key\":\"save\"}"}]}
RESULT: undefined
COMMAND: POST /session/35fb689ffd1e4d0af28420933f3852d5/element - {"using":"xpath","value":"//*[@id=\"__button250\"]"}
RESULT: {"using":"xpath","value":"//*[@id=\"__button250\"]"}
COMMAND: POST /session/35fb689ffd1e4d0af28420933f3852d5/element/f.D4604CFB99CA81B49CF573A4CE08B130.d.60157664AE8148E3FF6BF37573DB529B.e.3861/click - {}
RESULT: {}
COMMAND: POST /session/35fb689ffd1e4d0af28420933f3852d5/execute/async - {"script":"<script> [1562 bytes]","args":[{"selector":{"controlType":"sap.m.Button","properties":{"text":"Close"},"searchOpenDialogs":true,"interaction":{"idSuffix":"inner"}},"wdio_ui5_key":"sapm.Button{\"text\":\"Close\"}"}]}
COMMAND: GET /session/35fb689ffd1e4d0af28420933f3852d5/screenshot - {}
RESULT: {"script":"<script> [1562 bytes]","args":[{"selector":{"controlType":"sap.m.Button","properties":{"text":"Close"},"searchOpenDialogs":true,"interaction":{"idSuffix":"inner"}},"wdio_ui5_key":"sapm.Button{\"text\":\"Close\"}"}]}
RESULT: undefined
COMMAND: POST /session/35fb689ffd1e4d0af28420933f3852d5/element - {"using":"xpath","value":"//*[@id=\"__mbox-btn-1\"]"}
RESULT: {}
RESULT: {"using":"xpath","value":"//*[@id=\"__mbox-btn-1\"]"}
COMMAND: POST /session/35fb689ffd1e4d0af28420933f3852d5/element/f.D4604CFB99CA81B49CF573A4CE08B130.d.60157664AE8148E3FF6BF37573DB529B.e.4024/click - {}
RESULT: {}
COMMAND: GET /session/35fb689ffd1e4d0af28420933f3852d5/screenshot - {}
RESULT: {}
COMMAND: POST /session/35fb689ffd1e4d0af28420933f3852d5/execute/async - {"script":"<script> [1562 bytes]","args":[{"selector":{"controlType":"sap.m.Text","viewName":"etm.portal.ui.managerequests.view.Detail","bindingPath":{"propertyPath":"NO","modelName":"catalogModel"}},"wdio_ui5_key":"etmportal.ui.managerequests.view.Detailsap.m.Text{\"propertyPath\":\"NO\",\"modelName\":\"catalogModel\"}"}]}
RESULT: {"script":"<script> [1562 bytes]","args":[{"selector":{"controlType":"sap.m.Text","viewName":"etm.portal.ui.managerequests.view.Detail","bindingPath":{"propertyPath":"NO","modelName":"catalogModel"}},"wdio_ui5_key":"etmportal.ui.managerequests.view.Detailsap.m.Text{\"propertyPath\":\"NO\",\"modelName\":\"catalogModel\"}"}]}
RESULT: undefined
COMMAND: POST /session/35fb689ffd1e4d0af28420933f3852d5/execute/async - {"script":"<script> [6424 bytes]","args":[{"element-6066-11e4-a52e-4f735466cecf":"f.D4604CFB99CA81B49CF573A4CE08B130.d.60157664AE8148E3FF6BF37573DB529B.e.4265"},"getText",[]]}
RESULT: {"script":"<script> [6424 bytes]","args":[{"element-6066-11e4-a52e-4f735466cecf":"f.D4604CFB99CA81B49CF573A4CE08B130.d.60157664AE8148E3FF6BF37573DB529B.e.4265"},"getText",[]]}
COMMAND: POST /session/35fb689ffd1e4d0af28420933f3852d5/element - {"using":"css selector","value":"#shell-header-logo"}
RESULT: {"using":"css selector","value":"#shell-header-logo"}
COMMAND: POST /session/35fb689ffd1e4d0af28420933f3852d5/element/f.D4604CFB99CA81B49CF573A4CE08B130.d.60157664AE8148E3FF6BF37573DB529B.e.3480/click - {}
RESULT: {}
COMMAND: GET /session/35fb689ffd1e4d0af28420933f3852d5/screenshot - {}
RESULT: {}
]]></system-out>
    </testcase>
    <testcase classname="chrome.135_0_7049_96.windows.Yard_Overview_Autoplanning_US130989" name="Should navigate to Yard overview and plan the request" time="128.489">
      <system-out><![CDATA[
COMMAND: POST /session/35fb689ffd1e4d0af28420933f3852d5/execute/async - {"script":"<script> [1562 bytes]","args":[{"selector":{"controlType":"sap.m.GenericTile","properties":{"header":"Yard Overview"}},"wdio_ui5_key":"sapm.GenericTile{\"header\":\"Yard Overview\"}"}]}
RESULT: {"script":"<script> [1562 bytes]","args":[{"selector":{"controlType":"sap.m.GenericTile","properties":{"header":"Yard Overview"}},"wdio_ui5_key":"sapm.GenericTile{\"header\":\"Yard Overview\"}"}]}
RESULT: undefined
COMMAND: POST /session/35fb689ffd1e4d0af28420933f3852d5/element - {"using":"xpath","value":"//*[@id=\"__tile102\"]"}
RESULT: {"using":"xpath","value":"//*[@id=\"__tile102\"]"}
COMMAND: POST /session/35fb689ffd1e4d0af28420933f3852d5/element/f.D4604CFB99CA81B49CF573A4CE08B130.d.60157664AE8148E3FF6BF37573DB529B.e.4270/click - {}
RESULT: {}
COMMAND: GET /session/35fb689ffd1e4d0af28420933f3852d5/screenshot - {}
RESULT: {}
COMMAND: POST /session/35fb689ffd1e4d0af28420933f3852d5/execute/async - {"script":"<script> [1562 bytes]","args":[{"selector":{"id":"application-yardoverview-display-component---masterYardInventory--smartFilterBar-btnBasicSearch","interaction":{"idSuffix":"I"}},"wdio_ui5_key":"applicationyardoverview-display-component---masterYardInventory--smartFilterBar-btnBasicSearch"}]}
RESULT: {"script":"<script> [1562 bytes]","args":[{"selector":{"id":"application-yardoverview-display-component---masterYardInventory--smartFilterBar-btnBasicSearch","interaction":{"idSuffix":"I"}},"wdio_ui5_key":"applicationyardoverview-display-component---masterYardInventory--smartFilterBar-btnBasicSearch"}]}
RESULT: undefined
COMMAND: POST /session/35fb689ffd1e4d0af28420933f3852d5/execute/async - {"script":"<script> [776 bytes]","args":[{"enterText":"544","selector":{"id":"application-yardoverview-display-component---masterYardInventory--smartFilterBar-btnBasicSearch","interaction":{"idSuffix":"I"}},"clearTextFirst":true,"interactionType":"ENTER_TEXT"}]}
RESULT: {"script":"<script> [776 bytes]","args":[{"enterText":"544","selector":{"id":"application-yardoverview-display-component---masterYardInventory--smartFilterBar-btnBasicSearch","interaction":{"idSuffix":"I"}},"clearTextFirst":true,"interactionType":"ENTER_TEXT"}]}
COMMAND: POST /session/35fb689ffd1e4d0af28420933f3852d5/actions - {"actions":[{"id":"action12","type":"key","parameters":{},"actions":[{"type":"keyDown","value":"î€‡"},{"type":"pause","duration":10},{"type":"keyUp","value":"î€‡"}]}]}
RESULT: {"actions":[{"id":"action12","type":"key","parameters":{},"actions":[{"type":"keyDown","value":"î€‡"},{"type":"pause","duration":10},{"type":"keyUp","value":"î€‡"}]}]}
COMMAND: GET /session/35fb689ffd1e4d0af28420933f3852d5/screenshot - {}
RESULT: {}
COMMAND: POST /session/35fb689ffd1e4d0af28420933f3852d5/execute/async - {"script":"<script> [1562 bytes]","args":[{"selector":{"controlType":"sap.m.Text","viewName":"etm.portal.ui.yardoverview.view.Master","viewId":"application-yardoverview-display-component---masterYardInventory","bindingPath":{"propertyPath":"ID"}},"wdio_ui5_key":"etmportal.ui.yardoverview.view.Mastersap.m.Text{\"propertyPath\":\"ID\"}"}]}
RESULT: {"script":"<script> [1562 bytes]","args":[{"selector":{"controlType":"sap.m.Text","viewName":"etm.portal.ui.yardoverview.view.Master","viewId":"application-yardoverview-display-component---masterYardInventory","bindingPath":{"propertyPath":"ID"}},"wdio_ui5_key":"etmportal.ui.yardoverview.view.Mastersap.m.Text{\"propertyPath\":\"ID\"}"}]}
RESULT: undefined
COMMAND: POST /session/35fb689ffd1e4d0af28420933f3852d5/element - {"using":"xpath","value":"//*[@id=\"__text1849-__clone9249\"]"}
RESULT: {"using":"xpath","value":"//*[@id=\"__text1849-__clone9249\"]"}
COMMAND: POST /session/35fb689ffd1e4d0af28420933f3852d5/element/f.D4604CFB99CA81B49CF573A4CE08B130.d.60157664AE8148E3FF6BF37573DB529B.e.4341/click - {}
RESULT: {}
COMMAND: GET /session/35fb689ffd1e4d0af28420933f3852d5/screenshot - {}
RESULT: {}
COMMAND: POST /session/35fb689ffd1e4d0af28420933f3852d5/execute/async - {"script":"<script> [1562 bytes]","args":[{"selector":{"id":"application-yardoverview-display-component---detailYardInventory--ObjectPageLayout-anchBar-application-yardoverview-display-component---detailYardInventory--openRequestsSection-anchor","interaction":{"idSuffix":"BDI-content"}},"wdio_ui5_key":"applicationyardoverview-display-component---detailYardInventory--ObjectPageLayout-anchBar-application-yardoverview-display-component---detailYardInventory--openRequestsSection-anchor"}]}
RESULT: {"script":"<script> [1562 bytes]","args":[{"selector":{"id":"application-yardoverview-display-component---detailYardInventory--ObjectPageLayout-anchBar-application-yardoverview-display-component---detailYardInventory--openRequestsSection-anchor","interaction":{"idSuffix":"BDI-content"}},"wdio_ui5_key":"applicationyardoverview-display-component---detailYardInventory--ObjectPageLayout-anchBar-application-yardoverview-display-component---detailYardInventory--openRequestsSection-anchor"}]}
RESULT: undefined
COMMAND: POST /session/35fb689ffd1e4d0af28420933f3852d5/element - {"using":"xpath","value":"//*[@id=\"application-yardoverview-display-component---detailYardInventory--ObjectPageLayout-anchBar-application-yardoverview-display-component---detailYardInventory--openRequestsSection-anchor\"]"}
RESULT: {"using":"xpath","value":"//*[@id=\"application-yardoverview-display-component---detailYardInventory--ObjectPageLayout-anchBar-application-yardoverview-display-component---detailYardInventory--openRequestsSection-anchor\"]"}
COMMAND: POST /session/35fb689ffd1e4d0af28420933f3852d5/element/f.D4604CFB99CA81B49CF573A4CE08B130.d.60157664AE8148E3FF6BF37573DB529B.e.4431/click - {}
RESULT: {}
COMMAND: GET /session/35fb689ffd1e4d0af28420933f3852d5/screenshot - {}
RESULT: {}
COMMAND: POST /session/35fb689ffd1e4d0af28420933f3852d5/element - {"using":"xpath","value":"//input[contains(@aria-labelledby ,\"INTERNAL_GROUP-request\")]"}
RESULT: {"using":"xpath","value":"//input[contains(@aria-labelledby ,\"INTERNAL_GROUP-request\")]"}
COMMAND: POST /session/35fb689ffd1e4d0af28420933f3852d5/element/f.D4604CFB99CA81B49CF573A4CE08B130.d.60157664AE8148E3FF6BF37573DB529B.e.4442/clear - {}
RESULT: {}
COMMAND: POST /session/35fb689ffd1e4d0af28420933f3852d5/element/f.D4604CFB99CA81B49CF573A4CE08B130.d.60157664AE8148E3FF6BF37573DB529B.e.4442/value - {"text":"20342"}
COMMAND: GET /session/35fb689ffd1e4d0af28420933f3852d5/screenshot - {}
RESULT: {"text":"20342"}
COMMAND: GET /session/35fb689ffd1e4d0af28420933f3852d5/screenshot - {}
RESULT: {}
RESULT: {}
COMMAND: POST /session/35fb689ffd1e4d0af28420933f3852d5/actions - {"actions":[{"id":"action13","type":"key","parameters":{},"actions":[{"type":"keyDown","value":"î€‡"},{"type":"pause","duration":10},{"type":"keyUp","value":"î€‡"}]}]}
RESULT: {"actions":[{"id":"action13","type":"key","parameters":{},"actions":[{"type":"keyDown","value":"î€‡"},{"type":"pause","duration":10},{"type":"keyUp","value":"î€‡"}]}]}
COMMAND: POST /session/35fb689ffd1e4d0af28420933f3852d5/element - {"using":"xpath","value":"//button[contains(@id,\"openRequests-triggerAction-autoplanBtn\")]"}
COMMAND: GET /session/35fb689ffd1e4d0af28420933f3852d5/screenshot - {}
RESULT: {"using":"xpath","value":"//button[contains(@id,\"openRequests-triggerAction-autoplanBtn\")]"}
COMMAND: POST /session/35fb689ffd1e4d0af28420933f3852d5/element/f.D4604CFB99CA81B49CF573A4CE08B130.d.60157664AE8148E3FF6BF37573DB529B.e.4462/click - {}
RESULT: {}
RESULT: {}
COMMAND: GET /session/35fb689ffd1e4d0af28420933f3852d5/screenshot - {}
RESULT: {}
COMMAND: POST /session/35fb689ffd1e4d0af28420933f3852d5/execute/async - {"script":"<script> [1562 bytes]","args":[{"selector":{"id":"application-yardoverview-display-component---detailYardInventory--customRequestsTable-sa","interaction":{"idSuffix":"CbBg"}},"wdio_ui5_key":"applicationyardoverview-display-component---detailYardInventory--customRequestsTable-sa"}]}
RESULT: {"script":"<script> [1562 bytes]","args":[{"selector":{"id":"application-yardoverview-display-component---detailYardInventory--customRequestsTable-sa","interaction":{"idSuffix":"CbBg"}},"wdio_ui5_key":"applicationyardoverview-display-component---detailYardInventory--customRequestsTable-sa"}]}
RESULT: undefined
COMMAND: POST /session/35fb689ffd1e4d0af28420933f3852d5/element - {"using":"xpath","value":"//*[@id=\"application-yardoverview-display-component---detailYardInventory--customRequestsTable-sa\"]"}
RESULT: {"using":"xpath","value":"//*[@id=\"application-yardoverview-display-component---detailYardInventory--customRequestsTable-sa\"]"}
COMMAND: POST /session/35fb689ffd1e4d0af28420933f3852d5/element/f.D4604CFB99CA81B49CF573A4CE08B130.d.60157664AE8148E3FF6BF37573DB529B.e.4485/click - {}
RESULT: {}
COMMAND: GET /session/35fb689ffd1e4d0af28420933f3852d5/screenshot - {}
RESULT: {}
COMMAND: POST /session/35fb689ffd1e4d0af28420933f3852d5/element - {"using":"xpath","value":"//button[contains(@id,\"openRequests-triggerAction-autoplanBtn\")]"}
RESULT: {"using":"xpath","value":"//button[contains(@id,\"openRequests-triggerAction-autoplanBtn\")]"}
COMMAND: POST /session/35fb689ffd1e4d0af28420933f3852d5/element/f.D4604CFB99CA81B49CF573A4CE08B130.d.60157664AE8148E3FF6BF37573DB529B.e.4462/click - {}
RESULT: {}
COMMAND: GET /session/35fb689ffd1e4d0af28420933f3852d5/screenshot - {}
RESULT: {}
COMMAND: POST /session/35fb689ffd1e4d0af28420933f3852d5/element - {"using":"xpath","value":"//button[.//bdi[contains(text(),\"OK\")]]"}
RESULT: {"using":"xpath","value":"//button[.//bdi[contains(text(),\"OK\")]]"}
COMMAND: POST /session/35fb689ffd1e4d0af28420933f3852d5/element/f.D4604CFB99CA81B49CF573A4CE08B130.d.60157664AE8148E3FF6BF37573DB529B.e.4486/click - {}
RESULT: {}
COMMAND: GET /session/35fb689ffd1e4d0af28420933f3852d5/screenshot - {}
RESULT: {}
COMMAND: POST /session/35fb689ffd1e4d0af28420933f3852d5/execute/async - {"script":"<script> [1562 bytes]","args":[{"selector":{"id":"application-yardoverview-display-component---detailYardInventory--refreshOpenRequests-img"},"wdio_ui5_key":"applicationyardoverview-display-component---detailYardInventory--refreshOpenRequests-img"}]}
RESULT: {"script":"<script> [1562 bytes]","args":[{"selector":{"id":"application-yardoverview-display-component---detailYardInventory--refreshOpenRequests-img"},"wdio_ui5_key":"applicationyardoverview-display-component---detailYardInventory--refreshOpenRequests-img"}]}
RESULT: undefined
COMMAND: POST /session/35fb689ffd1e4d0af28420933f3852d5/element - {"using":"xpath","value":"//*[@id=\"application-yardoverview-display-component---detailYardInventory--refreshOpenRequests-img\"]"}
RESULT: {"using":"xpath","value":"//*[@id=\"application-yardoverview-display-component---detailYardInventory--refreshOpenRequests-img\"]"}
COMMAND: POST /session/35fb689ffd1e4d0af28420933f3852d5/element/f.D4604CFB99CA81B49CF573A4CE08B130.d.60157664AE8148E3FF6BF37573DB529B.e.4488/click - {}
RESULT: {}
COMMAND: GET /session/35fb689ffd1e4d0af28420933f3852d5/screenshot - {}
RESULT: {}
COMMAND: POST /session/35fb689ffd1e4d0af28420933f3852d5/execute/async - {"script":"<script> [1562 bytes]","args":[{"selector":{"id":"application-yardoverview-display-component---detailYardInventory--ObjectPageLayout-anchBar-application-yardoverview-display-component---detailYardInventory--openProvidesSection-anchor","interaction":{"idSuffix":"BDI-content"}},"wdio_ui5_key":"applicationyardoverview-display-component---detailYardInventory--ObjectPageLayout-anchBar-application-yardoverview-display-component---detailYardInventory--openProvidesSection-anchor"}]}
RESULT: {"script":"<script> [1562 bytes]","args":[{"selector":{"id":"application-yardoverview-display-component---detailYardInventory--ObjectPageLayout-anchBar-application-yardoverview-display-component---detailYardInventory--openProvidesSection-anchor","interaction":{"idSuffix":"BDI-content"}},"wdio_ui5_key":"applicationyardoverview-display-component---detailYardInventory--ObjectPageLayout-anchBar-application-yardoverview-display-component---detailYardInventory--openProvidesSection-anchor"}]}
RESULT: undefined
COMMAND: POST /session/35fb689ffd1e4d0af28420933f3852d5/element - {"using":"xpath","value":"//*[@id=\"application-yardoverview-display-component---detailYardInventory--ObjectPageLayout-anchBar-application-yardoverview-display-component---detailYardInventory--openProvidesSection-anchor\"]"}
RESULT: {"using":"xpath","value":"//*[@id=\"application-yardoverview-display-component---detailYardInventory--ObjectPageLayout-anchBar-application-yardoverview-display-component---detailYardInventory--openProvidesSection-anchor\"]"}
COMMAND: POST /session/35fb689ffd1e4d0af28420933f3852d5/element/f.D4604CFB99CA81B49CF573A4CE08B130.d.60157664AE8148E3FF6BF37573DB529B.e.4492/click - {}
RESULT: {}
COMMAND: GET /session/35fb689ffd1e4d0af28420933f3852d5/screenshot - {}
RESULT: {}
COMMAND: POST /session/35fb689ffd1e4d0af28420933f3852d5/element - {"using":"css selector","value":"#shell-header-logo"}
RESULT: {"using":"css selector","value":"#shell-header-logo"}
COMMAND: POST /session/35fb689ffd1e4d0af28420933f3852d5/element/f.D4604CFB99CA81B49CF573A4CE08B130.d.60157664AE8148E3FF6BF37573DB529B.e.4273/click - {}
RESULT: {}
COMMAND: GET /session/35fb689ffd1e4d0af28420933f3852d5/screenshot - {}
RESULT: {}
RESULT: undefined
COMMAND: POST /session/35fb689ffd1e4d0af28420933f3852d5/element - {"using":"xpath","value":"//*[@id=\"__tile47-title\"]"}
RESULT: {"using":"xpath","value":"//*[@id=\"__tile47-title\"]"}
COMMAND: POST /session/35fb689ffd1e4d0af28420933f3852d5/element/f.D4604CFB99CA81B49CF573A4CE08B130.d.60157664AE8148E3FF6BF37573DB529B.e.3477/click - {}
RESULT: {}
COMMAND: GET /session/35fb689ffd1e4d0af28420933f3852d5/screenshot - {}
RESULT: {}
COMMAND: POST /session/35fb689ffd1e4d0af28420933f3852d5/execute/async - {"script":"<script> [1562 bytes]","args":[{"selector":{"controlType":"sap.m.SearchField","viewName":"etm.portal.ui.managerequests.view.Master","bindingPath":{"path":"","propertyPath":"/_BASIC_SEARCH_FIELD","modelName":"fi1t3rM0d31"},"interaction":{"idSuffix":"I"}},"wdio_ui5_key":"etmportal.ui.managerequests.view.Mastersap.m.SearchField{\"path\":\"\",\"propertyPath\":\"/_BASIC_SEARCH_FIELD\",\"modelName\":\"fi1t3rM0d31\"}"}]}
RESULT: {"script":"<script> [1562 bytes]","args":[{"selector":{"controlType":"sap.m.SearchField","viewName":"etm.portal.ui.managerequests.view.Master","bindingPath":{"path":"","propertyPath":"/_BASIC_SEARCH_FIELD","modelName":"fi1t3rM0d31"},"interaction":{"idSuffix":"I"}},"wdio_ui5_key":"etmportal.ui.managerequests.view.Mastersap.m.SearchField{\"path\":\"\",\"propertyPath\":\"/_BASIC_SEARCH_FIELD\",\"modelName\":\"fi1t3rM0d31\"}"}]}
RESULT: undefined
COMMAND: POST /session/35fb689ffd1e4d0af28420933f3852d5/execute/async - {"script":"<script> [776 bytes]","args":[{"enterText":"20342","selector":{"controlType":"sap.m.SearchField","viewName":"etm.portal.ui.managerequests.view.Master","bindingPath":{"path":"","propertyPath":"/_BASIC_SEARCH_FIELD","modelName":"fi1t3rM0d31"},"interaction":{"idSuffix":"I"}},"clearTextFirst":true,"interactionType":"ENTER_TEXT"}]}
RESULT: {"script":"<script> [776 bytes]","args":[{"enterText":"20342","selector":{"controlType":"sap.m.SearchField","viewName":"etm.portal.ui.managerequests.view.Master","bindingPath":{"path":"","propertyPath":"/_BASIC_SEARCH_FIELD","modelName":"fi1t3rM0d31"},"interaction":{"idSuffix":"I"}},"clearTextFirst":true,"interactionType":"ENTER_TEXT"}]}
COMMAND: POST /session/35fb689ffd1e4d0af28420933f3852d5/actions - {"actions":[{"id":"action14","type":"key","parameters":{},"actions":[{"type":"keyDown","value":"î€‡"},{"type":"pause","duration":10},{"type":"keyUp","value":"î€‡"}]}]}
RESULT: {"actions":[{"id":"action14","type":"key","parameters":{},"actions":[{"type":"keyDown","value":"î€‡"},{"type":"pause","duration":10},{"type":"keyUp","value":"î€‡"}]}]}
COMMAND: GET /session/35fb689ffd1e4d0af28420933f3852d5/screenshot - {}
RESULT: {}
COMMAND: POST /session/35fb689ffd1e4d0af28420933f3852d5/execute/async - {"script":"<script> [1562 bytes]","args":[{"selector":{"controlType":"sap.m.ObjectNumber","viewName":"etm.portal.ui.managerequests.view.Master","bindingPath":{"propertyPath":"IN_USE_FOR"},"interaction":{"idSuffix":"number"}},"wdio_ui5_key":"etmportal.ui.managerequests.view.Mastersap.m.ObjectNumber{\"propertyPath\":\"IN_USE_FOR\"}"}]}
RESULT: {"script":"<script> [1562 bytes]","args":[{"selector":{"controlType":"sap.m.ObjectNumber","viewName":"etm.portal.ui.managerequests.view.Master","bindingPath":{"propertyPath":"IN_USE_FOR"},"interaction":{"idSuffix":"number"}},"wdio_ui5_key":"etmportal.ui.managerequests.view.Mastersap.m.ObjectNumber{\"propertyPath\":\"IN_USE_FOR\"}"}]}
RESULT: undefined
COMMAND: POST /session/35fb689ffd1e4d0af28420933f3852d5/element - {"using":"xpath","value":"//*[@id=\"__number8-__clone9390\"]"}
RESULT: {"using":"xpath","value":"//*[@id=\"__number8-__clone9390\"]"}
COMMAND: POST /session/35fb689ffd1e4d0af28420933f3852d5/element/f.D4604CFB99CA81B49CF573A4CE08B130.d.60157664AE8148E3FF6BF37573DB529B.e.4631/click - {}
RESULT: {}
COMMAND: POST /session/35fb689ffd1e4d0af28420933f3852d5/execute/async - {"script":"<script> [1562 bytes]","args":[{"selector":{"controlType":"sap.m.ObjectStatus","viewName":"etm.portal.ui.managerequests.view.Detail","bindingPath":{"propertyPath":"LINK_TO_STATUS/DESCRIPTION","modelName":"catalogModel"}},"wdio_ui5_key":"etmportal.ui.managerequests.view.Detailsap.m.ObjectStatus{\"propertyPath\":\"LINK_TO_STATUS/DESCRIPTION\",\"modelName\":\"catalogModel\"}"}]}
COMMAND: GET /session/35fb689ffd1e4d0af28420933f3852d5/screenshot - {}
RESULT: {"script":"<script> [1562 bytes]","args":[{"selector":{"controlType":"sap.m.ObjectStatus","viewName":"etm.portal.ui.managerequests.view.Detail","bindingPath":{"propertyPath":"LINK_TO_STATUS/DESCRIPTION","modelName":"catalogModel"}},"wdio_ui5_key":"etmportal.ui.managerequests.view.Detailsap.m.ObjectStatus{\"propertyPath\":\"LINK_TO_STATUS/DESCRIPTION\",\"modelName\":\"catalogModel\"}"}]}
RESULT: undefined
COMMAND: POST /session/35fb689ffd1e4d0af28420933f3852d5/execute/async - {"script":"<script> [6424 bytes]","args":[{"element-6066-11e4-a52e-4f735466cecf":"f.D4604CFB99CA81B49CF573A4CE08B130.d.60157664AE8148E3FF6BF37573DB529B.e.4836"},"getText",[]]}
RESULT: {}
RESULT: {"script":"<script> [6424 bytes]","args":[{"element-6066-11e4-a52e-4f735466cecf":"f.D4604CFB99CA81B49CF573A4CE08B130.d.60157664AE8148E3FF6BF37573DB529B.e.4836"},"getText",[]]}
COMMAND: POST /session/35fb689ffd1e4d0af28420933f3852d5/element - {"using":"css selector","value":"#shell-header-logo"}
RESULT: {"using":"css selector","value":"#shell-header-logo"}
COMMAND: POST /session/35fb689ffd1e4d0af28420933f3852d5/element/f.D4604CFB99CA81B49CF573A4CE08B130.d.60157664AE8148E3FF6BF37573DB529B.e.4509/click - {}
RESULT: {}
COMMAND: GET /session/35fb689ffd1e4d0af28420933f3852d5/screenshot - {}
RESULT: {}
COMMAND: DELETE /session/35fb689ffd1e4d0af28420933f3852d5 - {}
RESULT: {}
]]></system-out>
    </testcase>
  </testsuite>
</testsuites>