<?xml version="1.0" encoding="UTF-8"?>
<testsuites tests="53" failures="0" errors="0" skipped="0">
  <testsuite timestamp="2025-05-23T17:17:36" time="279.811" tests="5" failures="0" errors="0" skipped="0">
    <properties>
      <property name="specId" value="0"/>
      <property name="suiteName" value="Tests for DXCW CAE environment, including specific login to the system US"/>
      <property name="capabilities" value="chrome.136_0_7103_93.windows"/>
      <property name="file" value="file:///D:/a/1/s/test/specs/BTS/dxcw-cae.spec.js"/>
    </properties>
    <testcase classname="chrome.136_0_7103_93.windows.Tests_for_DXCW_CAE_environment,_including_specific_login_to_the_system_US" name="Should login to the DXCW CAE env US156289" time="28.389">
      <system-out><![CDATA[
COMMAND: POST /session/6cd8861519be2314cbde44996230575a/url - {"url":"https://qa-testing-00-live-dxcw-portal.cfapps.eu10-004.hana.ondemand.com/"}
RESULT: {"url":"https://qa-testing-00-live-dxcw-portal.cfapps.eu10-004.hana.ondemand.com/"}
COMMAND: GET /session/6cd8861519be2314cbde44996230575a/screenshot - {}
RESULT: {}
COMMAND: POST /session/6cd8861519be2314cbde44996230575a/element - {"using":"xpath","value":"//input[@id = \"j_username\"]"}
RESULT: {"using":"xpath","value":"//input[@id = \"j_username\"]"}
COMMAND: POST /session/6cd8861519be2314cbde44996230575a/execute/sync - {"script":"<script> [8489 bytes]","args":[{"element-6066-11e4-a52e-4f735466cecf":"f.B713056A9316196A9232F0DF0934CF03.d.6265B376E9F1E954ED47CAC799E11691.e.38","ELEMENT":"f.B713056A9316196A9232F0DF0934CF03.d.6265B376E9F1E954ED47CAC799E11691.e.38"}]}
RESULT: {"script":"<script> [8489 bytes]","args":[{"element-6066-11e4-a52e-4f735466cecf":"f.B713056A9316196A9232F0DF0934CF03.d.6265B376E9F1E954ED47CAC799E11691.e.38","ELEMENT":"f.B713056A9316196A9232F0DF0934CF03.d.6265B376E9F1E954ED47CAC799E11691.e.38"}]}
COMMAND: POST /session/6cd8861519be2314cbde44996230575a/element - {"using":"xpath","value":"//input[@id = \"j_username\"]"}
COMMAND: GET /session/6cd8861519be2314cbde44996230575a/screenshot - {}
RESULT: {"using":"xpath","value":"//input[@id = \"j_username\"]"}
COMMAND: POST /session/6cd8861519be2314cbde44996230575a/element/f.B713056A9316196A9232F0DF0934CF03.d.6265B376E9F1E954ED47CAC799E11691.e.38/clear - {}
RESULT: {}
RESULT: {}
COMMAND: POST /session/6cd8861519be2314cbde44996230575a/element/f.B713056A9316196A9232F0DF0934CF03.d.6265B376E9F1E954ED47CAC799E11691.e.38/value - {"text":"test1etm@bearingpoint.com"}
COMMAND: GET /session/6cd8861519be2314cbde44996230575a/screenshot - {}
RESULT: {"text":"test1etm@bearingpoint.com"}
COMMAND: POST /session/6cd8861519be2314cbde44996230575a/element - {"using":"xpath","value":"//input[@id = \"j_password\"]"}
COMMAND: GET /session/6cd8861519be2314cbde44996230575a/screenshot - {}
RESULT: {}
RESULT: {"using":"xpath","value":"//input[@id = \"j_password\"]"}
COMMAND: POST /session/6cd8861519be2314cbde44996230575a/element/f.B713056A9316196A9232F0DF0934CF03.d.6265B376E9F1E954ED47CAC799E11691.e.40/clear - {}
RESULT: {}
RESULT: {}
COMMAND: POST /session/6cd8861519be2314cbde44996230575a/element/f.B713056A9316196A9232F0DF0934CF03.d.6265B376E9F1E954ED47CAC799E11691.e.40/value - {"text":"ETM.next2024"}
COMMAND: GET /session/6cd8861519be2314cbde44996230575a/screenshot - {}
RESULT: {"text":"ETM.next2024"}
COMMAND: GET /session/6cd8861519be2314cbde44996230575a/screenshot - {}
RESULT: {}
RESULT: {}
COMMAND: POST /session/6cd8861519be2314cbde44996230575a/element - {"using":"css selector","value":"button[type=\"submit\"]"}
RESULT: {"using":"css selector","value":"button[type=\"submit\"]"}
COMMAND: POST /session/6cd8861519be2314cbde44996230575a/element/f.B713056A9316196A9232F0DF0934CF03.d.6265B376E9F1E954ED47CAC799E11691.e.61/click - {}
RESULT: {}
COMMAND: POST /session/6cd8861519be2314cbde44996230575a/element - {"using":"xpath","value":"//a[contains(@aria-label,\"Migration Service\")]"}
COMMAND: GET /session/6cd8861519be2314cbde44996230575a/screenshot - {}
RESULT: {"using":"xpath","value":"//a[contains(@aria-label,\"Migration Service\")]"}
COMMAND: POST /session/6cd8861519be2314cbde44996230575a/element - {"using":"xpath","value":"//a[contains(@aria-label,\"Migration Service\")]"}
RESULT: {}
RESULT: {"using":"xpath","value":"//a[contains(@aria-label,\"Migration Service\")]"}
COMMAND: POST /session/6cd8861519be2314cbde44996230575a/execute/sync - {"script":"<script> [8489 bytes]","args":[{"element-6066-11e4-a52e-4f735466cecf":"f.B713056A9316196A9232F0DF0934CF03.d.E89FA1952785E72A2A512DB24677EA72.e.80","ELEMENT":"f.B713056A9316196A9232F0DF0934CF03.d.E89FA1952785E72A2A512DB24677EA72.e.80"}]}
RESULT: {"script":"<script> [8489 bytes]","args":[{"element-6066-11e4-a52e-4f735466cecf":"f.B713056A9316196A9232F0DF0934CF03.d.E89FA1952785E72A2A512DB24677EA72.e.80","ELEMENT":"f.B713056A9316196A9232F0DF0934CF03.d.E89FA1952785E72A2A512DB24677EA72.e.80"}]}
COMMAND: POST /session/6cd8861519be2314cbde44996230575a/execute/sync - {"script":"<script> [8489 bytes]","args":[{"element-6066-11e4-a52e-4f735466cecf":"f.B713056A9316196A9232F0DF0934CF03.d.E89FA1952785E72A2A512DB24677EA72.e.80","ELEMENT":"f.B713056A9316196A9232F0DF0934CF03.d.E89FA1952785E72A2A512DB24677EA72.e.80"}]}
COMMAND: GET /session/6cd8861519be2314cbde44996230575a/screenshot - {}
RESULT: {"script":"<script> [8489 bytes]","args":[{"element-6066-11e4-a52e-4f735466cecf":"f.B713056A9316196A9232F0DF0934CF03.d.E89FA1952785E72A2A512DB24677EA72.e.80","ELEMENT":"f.B713056A9316196A9232F0DF0934CF03.d.E89FA1952785E72A2A512DB24677EA72.e.80"}]}
COMMAND: POST /session/6cd8861519be2314cbde44996230575a/window/fullscreen - {}
COMMAND: GET /session/6cd8861519be2314cbde44996230575a/screenshot - {}
RESULT: {}
RESULT: {}
RESULT: {}
COMMAND: POST /session/6cd8861519be2314cbde44996230575a/execute/async - {"script":"<script> [189 bytes]","args":[]}
RESULT: {"script":"<script> [189 bytes]","args":[]}
COMMAND: POST /session/6cd8861519be2314cbde44996230575a/execute/async - {"script":"<script> [123 bytes]","args":[]}
RESULT: {"script":"<script> [123 bytes]","args":[]}
COMMAND: POST /session/6cd8861519be2314cbde44996230575a/timeouts - {"script":"<number>"}
RESULT: {"script":"<number>"}
COMMAND: GET /session/6cd8861519be2314cbde44996230575a/timeouts - {}
RESULT: {}
COMMAND: POST /session/6cd8861519be2314cbde44996230575a/execute/async - {"script":"<script> [78 bytes]","args":[]}
RESULT: {"script":"<script> [78 bytes]","args":[]}
RESULT: undefined
COMMAND: POST /session/6cd8861519be2314cbde44996230575a/execute/async - {"script":"<script> [2676 bytes]","args":[]}
RESULT: {"script":"<script> [2676 bytes]","args":[]}
COMMAND: POST /session/6cd8861519be2314cbde44996230575a/execute/async - {"script":"<script> [2342 bytes]","args":[{"protocol":"http","hostname":"0.0.0.0","path":"/","capabilities":{"browserName":"chrome","goog:chromeOptions":{"binary":"C:\\Program Files\\Google\\Chrome\\Application\\chrome.exe","args":["--start-maximized"]}},"logLevel":"warn","connectionRetryTimeout":120000,"connectionRetryCount":3,"logLevels":{},"enableDirectConnect":true,"strictSSL":true,"_":"65 more keys: [\"cacheDir\",\"port\",\"requestedCapabilities\",\"automationProtocol\",\"baseUrl\",\"waitforInterval\",\"waitforTimeout\",\"onReload\",\"beforeCommand\",\"afterCommand\",\"rootDir\",\"specs\",\"suites\",\"exclude\",\"groupLogsByTestSpec\",\"excludeDriverLogs\",\"bail\",\"framework\",\"reporters\",\"services\",\"maxInstances\",\"maxInstancesPerCapability\",\"injectGlobals\",\"filesToWatch\",\"execArgv\",\"runnerEnv\",\"runner\",\"shard\",\"specFileRetries\",\"specFileRetriesDelay\",\"specFileRetriesDeferred\",\"reporterSyncInterval\",\"reporterSyncTimeout\",\"cucumberFeaturesWithLineNumbers\",\"autoCompileOpts\",\"mochaOpts\",\"jasmineOpts\",\"cucumberOpts\",\"onPrepare\",\"onWorkerStart\",\"onWorkerEnd\",\"before\",\"beforeSession\",\"beforeSuite\",\"beforeHook\",\"beforeTest\",\"afterTest\",\"afterHook\",\"afterSuite\",\"afterSession\",\"after\",\"onComplete\",\"beforeAssertion\",\"afterAssertion\",\"beforeFeature\",\"beforeScenario\",\"beforeStep\",\"afterStep\",\"afterScenario\",\"afterFeature\",\"_\",\"suite\",\"$0\",\"ignoredWorkerServices\",\"wdi5\"]"}]}
RESULT: {"script":"<script> [2342 bytes]","args":[{"protocol":"http","hostname":"0.0.0.0","path":"/","capabilities":{"browserName":"chrome","goog:chromeOptions":{"binary":"C:\\Program Files\\Google\\Chrome\\Application\\chrome.exe","args":["--start-maximized"]}},"logLevel":"warn","connectionRetryTimeout":120000,"connectionRetryCount":3,"logLevels":{},"enableDirectConnect":true,"strictSSL":true,"_":"65 more keys: [\"cacheDir\",\"port\",\"requestedCapabilities\",\"automationProtocol\",\"baseUrl\",\"waitforInterval\",\"waitforTimeout\",\"onReload\",\"beforeCommand\",\"afterCommand\",\"rootDir\",\"specs\",\"suites\",\"exclude\",\"groupLogsByTestSpec\",\"excludeDriverLogs\",\"bail\",\"framework\",\"reporters\",\"services\",\"maxInstances\",\"maxInstancesPerCapability\",\"injectGlobals\",\"filesToWatch\",\"execArgv\",\"runnerEnv\",\"runner\",\"shard\",\"specFileRetries\",\"specFileRetriesDelay\",\"specFileRetriesDeferred\",\"reporterSyncInterval\",\"reporterSyncTimeout\",\"cucumberFeaturesWithLineNumbers\",\"autoCompileOpts\",\"mochaOpts\",\"jasmineOpts\",\"cucumberOpts\",\"onPrepare\",\"onWorkerStart\",\"onWorkerEnd\",\"before\",\"beforeSession\",\"beforeSuite\",\"beforeHook\",\"beforeTest\",\"afterTest\",\"afterHook\",\"afterSuite\",\"afterSession\",\"after\",\"onComplete\",\"beforeAssertion\",\"afterAssertion\",\"beforeFeature\",\"beforeScenario\",\"beforeStep\",\"afterStep\",\"afterScenario\",\"afterFeature\",\"_\",\"suite\",\"$0\",\"ignoredWorkerServices\",\"wdi5\"]"}]}
COMMAND: POST /session/6cd8861519be2314cbde44996230575a/execute/async - {"script":"<script> [21126 bytes]","args":[35000]}
RESULT: {"script":"<script> [21126 bytes]","args":[35000]}
]]></system-out>
    </testcase>
    <testcase classname="chrome.136_0_7103_93.windows.Tests_for_DXCW_CAE_environment,_including_specific_login_to_the_system_US" name="Should upload address file entry used for later tests as master data US156291" time="80.109">
      <system-out><![CDATA[
COMMAND: POST /session/6cd8861519be2314cbde44996230575a/execute/async - {"script":"<script> [1562 bytes]","args":[{"selector":{"controlType":"sap.m.GenericTile","properties":{"header":"Migration Service"}},"wdio_ui5_key":"sapm.GenericTile{\"header\":\"Migration Service\"}"}]}
RESULT: {"script":"<script> [1562 bytes]","args":[{"selector":{"controlType":"sap.m.GenericTile","properties":{"header":"Migration Service"}},"wdio_ui5_key":"sapm.GenericTile{\"header\":\"Migration Service\"}"}]}
RESULT: undefined
COMMAND: POST /session/6cd8861519be2314cbde44996230575a/element - {"using":"xpath","value":"//*[@id=\"__tile25\"]"}
RESULT: {"using":"xpath","value":"//*[@id=\"__tile25\"]"}
COMMAND: POST /session/6cd8861519be2314cbde44996230575a/element/f.B713056A9316196A9232F0DF0934CF03.d.E89FA1952785E72A2A512DB24677EA72.e.122/click - {}
RESULT: {}
COMMAND: GET /session/6cd8861519be2314cbde44996230575a/screenshot - {}
RESULT: {}
RESULT: undefined
RESULT: undefined
COMMAND: POST /session/6cd8861519be2314cbde44996230575a/elements - {"using":"xpath","value":"//span[text()='Error']"}
RESULT: {"using":"xpath","value":"//span[text()='Error']"}
COMMAND: POST /session/6cd8861519be2314cbde44996230575a/execute/async - {"script":"<script> [1562 bytes]","args":[{"selector":{"controlType":"sap.m.GenericTile","viewName":"bbs.dxcw.migration.view.Home","i18NText":{"propertyName":"header","key":"migrationService"}},"wdio_ui5_key":"bbsdxcw.migration.view.Homesap.m.GenericTile{\"propertyName\":\"header\",\"key\":\"migrationService\"}"}]}
RESULT: {"script":"<script> [1562 bytes]","args":[{"selector":{"controlType":"sap.m.GenericTile","viewName":"bbs.dxcw.migration.view.Home","i18NText":{"propertyName":"header","key":"migrationService"}},"wdio_ui5_key":"bbsdxcw.migration.view.Homesap.m.GenericTile{\"propertyName\":\"header\",\"key\":\"migrationService\"}"}]}
RESULT: undefined
COMMAND: POST /session/6cd8861519be2314cbde44996230575a/element - {"using":"xpath","value":"//*[@id=\"__tile26\"]"}
RESULT: {"using":"xpath","value":"//*[@id=\"__tile26\"]"}
COMMAND: POST /session/6cd8861519be2314cbde44996230575a/element/f.B713056A9316196A9232F0DF0934CF03.d.E89FA1952785E72A2A512DB24677EA72.e.126/click - {}
RESULT: {}
COMMAND: GET /session/6cd8861519be2314cbde44996230575a/screenshot - {}
RESULT: {}
COMMAND: POST /session/6cd8861519be2314cbde44996230575a/element - {"using":"xpath","value":"//bdi[contains(text(), \"Create new Draft\")]"}
RESULT: {"using":"xpath","value":"//bdi[contains(text(), \"Create new Draft\")]"}
COMMAND: POST /session/6cd8861519be2314cbde44996230575a/elements - {"using":"xpath","value":"//bdi[contains(text(), \"Create new Draft\")]"}
RESULT: {"using":"xpath","value":"//bdi[contains(text(), \"Create new Draft\")]"}
COMMAND: POST /session/6cd8861519be2314cbde44996230575a/execute/sync - {"script":"<script> [8489 bytes]","args":[{"element-6066-11e4-a52e-4f735466cecf":"f.B713056A9316196A9232F0DF0934CF03.d.E89FA1952785E72A2A512DB24677EA72.e.146","ELEMENT":"f.B713056A9316196A9232F0DF0934CF03.d.E89FA1952785E72A2A512DB24677EA72.e.146"}]}
RESULT: {"script":"<script> [8489 bytes]","args":[{"element-6066-11e4-a52e-4f735466cecf":"f.B713056A9316196A9232F0DF0934CF03.d.E89FA1952785E72A2A512DB24677EA72.e.146","ELEMENT":"f.B713056A9316196A9232F0DF0934CF03.d.E89FA1952785E72A2A512DB24677EA72.e.146"}]}
COMMAND: GET /session/6cd8861519be2314cbde44996230575a/element/f.B713056A9316196A9232F0DF0934CF03.d.E89FA1952785E72A2A512DB24677EA72.e.146/enabled - {}
COMMAND: GET /session/6cd8861519be2314cbde44996230575a/screenshot - {}
RESULT: {}
COMMAND: POST /session/6cd8861519be2314cbde44996230575a/execute/sync - {"script":"<script> [8489 bytes]","args":[{"element-6066-11e4-a52e-4f735466cecf":"f.B713056A9316196A9232F0DF0934CF03.d.E89FA1952785E72A2A512DB24677EA72.e.146","ELEMENT":"f.B713056A9316196A9232F0DF0934CF03.d.E89FA1952785E72A2A512DB24677EA72.e.146"}]}
COMMAND: GET /session/6cd8861519be2314cbde44996230575a/screenshot - {}
RESULT: {}
RESULT: {"script":"<script> [8489 bytes]","args":[{"element-6066-11e4-a52e-4f735466cecf":"f.B713056A9316196A9232F0DF0934CF03.d.E89FA1952785E72A2A512DB24677EA72.e.146","ELEMENT":"f.B713056A9316196A9232F0DF0934CF03.d.E89FA1952785E72A2A512DB24677EA72.e.146"}]}
COMMAND: POST /session/6cd8861519be2314cbde44996230575a/execute/sync - {"script":"<script> [5351 bytes]","args":[{"element-6066-11e4-a52e-4f735466cecf":"f.B713056A9316196A9232F0DF0934CF03.d.E89FA1952785E72A2A512DB24677EA72.e.146","ELEMENT":"f.B713056A9316196A9232F0DF0934CF03.d.E89FA1952785E72A2A512DB24677EA72.e.146"}]}
COMMAND: GET /session/6cd8861519be2314cbde44996230575a/screenshot - {}
RESULT: {}
RESULT: {"script":"<script> [5351 bytes]","args":[{"element-6066-11e4-a52e-4f735466cecf":"f.B713056A9316196A9232F0DF0934CF03.d.E89FA1952785E72A2A512DB24677EA72.e.146","ELEMENT":"f.B713056A9316196A9232F0DF0934CF03.d.E89FA1952785E72A2A512DB24677EA72.e.146"}]}
COMMAND: GET /session/6cd8861519be2314cbde44996230575a/screenshot - {}
RESULT: {}
RESULT: {}
COMMAND: POST /session/6cd8861519be2314cbde44996230575a/element - {"using":"xpath","value":"//bdi[contains(text(), \"Create new Draft\")]"}
RESULT: {"using":"xpath","value":"//bdi[contains(text(), \"Create new Draft\")]"}
COMMAND: POST /session/6cd8861519be2314cbde44996230575a/element/f.B713056A9316196A9232F0DF0934CF03.d.E89FA1952785E72A2A512DB24677EA72.e.146/click - {}
RESULT: {}
COMMAND: GET /session/6cd8861519be2314cbde44996230575a/screenshot - {}
RESULT: {}
COMMAND: POST /session/6cd8861519be2314cbde44996230575a/element - {"using":"xpath","value":"//li[.//div[text()=\"Address\"]]"}
RESULT: {"using":"xpath","value":"//li[.//div[text()=\"Address\"]]"}
COMMAND: POST /session/6cd8861519be2314cbde44996230575a/element/f.B713056A9316196A9232F0DF0934CF03.d.E89FA1952785E72A2A512DB24677EA72.e.293/click - {}
RESULT: {}
COMMAND: GET /session/6cd8861519be2314cbde44996230575a/screenshot - {}
COMMAND: POST /session/6cd8861519be2314cbde44996230575a/file - {"file":"[base64] 7084 bytes"}
RESULT: {}
RESULT: {"file":"[base64] 7084 bytes"}
COMMAND: POST /session/6cd8861519be2314cbde44996230575a/element - {"using":"xpath","value":"//input[(@type=\"file\") and contains(@id,\"BOList-10-0-1-uploader-fu\")]"}
RESULT: {"using":"xpath","value":"//input[(@type=\"file\") and contains(@id,\"BOList-10-0-1-uploader-fu\")]"}
COMMAND: POST /session/6cd8861519be2314cbde44996230575a/element/f.B713056A9316196A9232F0DF0934CF03.d.E89FA1952785E72A2A512DB24677EA72.e.295/clear - {}
RESULT: {}
COMMAND: POST /session/6cd8861519be2314cbde44996230575a/element/f.B713056A9316196A9232F0DF0934CF03.d.E89FA1952785E72A2A512DB24677EA72.e.295/value - {"text":"C:\\Windows\\SystemTemp\\scoped_dir1044_868819358\\upload1044_317810089\\Address.xlsx"}
COMMAND: GET /session/6cd8861519be2314cbde44996230575a/screenshot - {}
RESULT: {"text":"C:\\Windows\\SystemTemp\\scoped_dir1044_868819358\\upload1044_317810089\\Address.xlsx"}
COMMAND: GET /session/6cd8861519be2314cbde44996230575a/screenshot - {}
RESULT: {}
RESULT: {}
COMMAND: POST /session/6cd8861519be2314cbde44996230575a/element - {"using":"xpath","value":"//bdi[contains(text(), \"Match by name\")]"}
RESULT: {"using":"xpath","value":"//bdi[contains(text(), \"Match by name\")]"}
COMMAND: POST /session/6cd8861519be2314cbde44996230575a/element/f.B713056A9316196A9232F0DF0934CF03.d.E89FA1952785E72A2A512DB24677EA72.e.309/click - {}
RESULT: {}
COMMAND: GET /session/6cd8861519be2314cbde44996230575a/screenshot - {}
RESULT: {}
COMMAND: POST /session/6cd8861519be2314cbde44996230575a/element - {"using":"xpath","value":"//bdi[text() = \"OK\"]"}
RESULT: {"using":"xpath","value":"//bdi[text() = \"OK\"]"}
COMMAND: POST /session/6cd8861519be2314cbde44996230575a/element/f.B713056A9316196A9232F0DF0934CF03.d.E89FA1952785E72A2A512DB24677EA72.e.311/click - {}
RESULT: {}
COMMAND: GET /session/6cd8861519be2314cbde44996230575a/screenshot - {}
RESULT: {}
COMMAND: POST /session/6cd8861519be2314cbde44996230575a/element - {"using":"xpath","value":"//button[contains(@id,\"uploadBtn\")]"}
RESULT: {"using":"xpath","value":"//button[contains(@id,\"uploadBtn\")]"}
COMMAND: POST /session/6cd8861519be2314cbde44996230575a/element/f.B713056A9316196A9232F0DF0934CF03.d.E89FA1952785E72A2A512DB24677EA72.e.191/click - {}
RESULT: {}
COMMAND: GET /session/6cd8861519be2314cbde44996230575a/screenshot - {}
RESULT: {}
COMMAND: POST /session/6cd8861519be2314cbde44996230575a/element - {"using":"xpath","value":"//button[.//bdi[contains(text(),\"Refresh Logs\")]]"}
RESULT: {"using":"xpath","value":"//button[.//bdi[contains(text(),\"Refresh Logs\")]]"}
COMMAND: POST /session/6cd8861519be2314cbde44996230575a/element/f.B713056A9316196A9232F0DF0934CF03.d.E89FA1952785E72A2A512DB24677EA72.e.318/click - {}
RESULT: {}
COMMAND: GET /session/6cd8861519be2314cbde44996230575a/screenshot - {}
RESULT: {}
COMMAND: POST /session/6cd8861519be2314cbde44996230575a/element - {"using":"xpath","value":"//table[contains(@id,\"customHandoversTable-listUl\")]/tbody/tr[1]/td[4]/span"}
RESULT: {"using":"xpath","value":"//table[contains(@id,\"customHandoversTable-listUl\")]/tbody/tr[1]/td[4]/span"}
COMMAND: POST /session/6cd8861519be2314cbde44996230575a/execute/sync - {"script":"<script> [56 bytes]","args":[{"element-6066-11e4-a52e-4f735466cecf":"f.B713056A9316196A9232F0DF0934CF03.d.E89FA1952785E72A2A512DB24677EA72.e.609","ELEMENT":"f.B713056A9316196A9232F0DF0934CF03.d.E89FA1952785E72A2A512DB24677EA72.e.609"}]}
RESULT: {"script":"<script> [56 bytes]","args":[{"element-6066-11e4-a52e-4f735466cecf":"f.B713056A9316196A9232F0DF0934CF03.d.E89FA1952785E72A2A512DB24677EA72.e.609","ELEMENT":"f.B713056A9316196A9232F0DF0934CF03.d.E89FA1952785E72A2A512DB24677EA72.e.609"}]}
COMMAND: POST /session/6cd8861519be2314cbde44996230575a/element - {"using":"xpath","value":"//table[contains(@id,\"customHandoversTable-listUl\")]/tbody/tr[1]/td[7]/div/span[2]"}
COMMAND: GET /session/6cd8861519be2314cbde44996230575a/screenshot - {}
RESULT: {"using":"xpath","value":"//table[contains(@id,\"customHandoversTable-listUl\")]/tbody/tr[1]/td[7]/div/span[2]"}
COMMAND: POST /session/6cd8861519be2314cbde44996230575a/execute/sync - {"script":"<script> [56 bytes]","args":[{"element-6066-11e4-a52e-4f735466cecf":"f.B713056A9316196A9232F0DF0934CF03.d.E89FA1952785E72A2A512DB24677EA72.e.610","ELEMENT":"f.B713056A9316196A9232F0DF0934CF03.d.E89FA1952785E72A2A512DB24677EA72.e.610"}]}
RESULT: {}
RESULT: {"script":"<script> [56 bytes]","args":[{"element-6066-11e4-a52e-4f735466cecf":"f.B713056A9316196A9232F0DF0934CF03.d.E89FA1952785E72A2A512DB24677EA72.e.610","ELEMENT":"f.B713056A9316196A9232F0DF0934CF03.d.E89FA1952785E72A2A512DB24677EA72.e.610"}]}
COMMAND: POST /session/6cd8861519be2314cbde44996230575a/element - {"using":"xpath","value":"//table[contains(@id,\"customHandoversTable-listUl\")]/tbody/tr[1]/td[8]/div/span[2]"}
COMMAND: GET /session/6cd8861519be2314cbde44996230575a/screenshot - {}
RESULT: {"using":"xpath","value":"//table[contains(@id,\"customHandoversTable-listUl\")]/tbody/tr[1]/td[8]/div/span[2]"}
COMMAND: POST /session/6cd8861519be2314cbde44996230575a/execute/sync - {"script":"<script> [56 bytes]","args":[{"element-6066-11e4-a52e-4f735466cecf":"f.B713056A9316196A9232F0DF0934CF03.d.E89FA1952785E72A2A512DB24677EA72.e.613","ELEMENT":"f.B713056A9316196A9232F0DF0934CF03.d.E89FA1952785E72A2A512DB24677EA72.e.613"}]}
RESULT: {}
RESULT: {"script":"<script> [56 bytes]","args":[{"element-6066-11e4-a52e-4f735466cecf":"f.B713056A9316196A9232F0DF0934CF03.d.E89FA1952785E72A2A512DB24677EA72.e.613","ELEMENT":"f.B713056A9316196A9232F0DF0934CF03.d.E89FA1952785E72A2A512DB24677EA72.e.613"}]}
COMMAND: GET /session/6cd8861519be2314cbde44996230575a/screenshot - {}
RESULT: {}
COMMAND: POST /session/6cd8861519be2314cbde44996230575a/execute/async - {"script":"<script> [1562 bytes]","args":[{"selector":{"controlType":"sap.ui.core.Icon","viewName":"bbs.dxcw.migration.view.migration.MigrationMaster","properties":{"src":{"regex":{"source":"notes"}}}},"wdio_ui5_key":"bbsdxcw.migration.view.migration.MigrationMastersap.ui.core.Icon{\"src\":{\"regex\":{\"source\":\"notes\"}}}"}]}
RESULT: {"script":"<script> [1562 bytes]","args":[{"selector":{"controlType":"sap.ui.core.Icon","viewName":"bbs.dxcw.migration.view.migration.MigrationMaster","properties":{"src":{"regex":{"source":"notes"}}}},"wdio_ui5_key":"bbsdxcw.migration.view.migration.MigrationMastersap.ui.core.Icon{\"src\":{\"regex\":{\"source\":\"notes\"}}}"}]}
RESULT: undefined
COMMAND: POST /session/6cd8861519be2314cbde44996230575a/element - {"using":"xpath","value":"//*[@id=\"__filter0-icon\"]"}
RESULT: {"using":"xpath","value":"//*[@id=\"__filter0-icon\"]"}
COMMAND: POST /session/6cd8861519be2314cbde44996230575a/element/f.B713056A9316196A9232F0DF0934CF03.d.E89FA1952785E72A2A512DB24677EA72.e.614/click - {}
RESULT: {}
COMMAND: GET /session/6cd8861519be2314cbde44996230575a/screenshot - {}
RESULT: {}
]]></system-out>
    </testcase>
    <testcase classname="chrome.136_0_7103_93.windows.Tests_for_DXCW_CAE_environment,_including_specific_login_to_the_system_US" name="Should upload yard file entry used for later tests as master data US156291" time="49.605">
      <system-out><![CDATA[
COMMAND: POST /session/6cd8861519be2314cbde44996230575a/element - {"using":"xpath","value":"//bdi[contains(text(), \"Create new Draft\")]"}
RESULT: {"using":"xpath","value":"//bdi[contains(text(), \"Create new Draft\")]"}
COMMAND: POST /session/6cd8861519be2314cbde44996230575a/element/f.B713056A9316196A9232F0DF0934CF03.d.E89FA1952785E72A2A512DB24677EA72.e.618/click - {}
RESULT: {}
COMMAND: GET /session/6cd8861519be2314cbde44996230575a/screenshot - {}
RESULT: {}
COMMAND: POST /session/6cd8861519be2314cbde44996230575a/element - {"using":"xpath","value":"//li[.//div[text()=\"Yards\"]]"}
RESULT: {"using":"xpath","value":"//li[.//div[text()=\"Yards\"]]"}
COMMAND: POST /session/6cd8861519be2314cbde44996230575a/element/f.B713056A9316196A9232F0DF0934CF03.d.E89FA1952785E72A2A512DB24677EA72.e.751/click - {}
RESULT: {}
COMMAND: GET /session/6cd8861519be2314cbde44996230575a/screenshot - {}
COMMAND: POST /session/6cd8861519be2314cbde44996230575a/file - {"file":"[base64] 6816 bytes"}
RESULT: {}
RESULT: {"file":"[base64] 6816 bytes"}
COMMAND: POST /session/6cd8861519be2314cbde44996230575a/element - {"using":"xpath","value":"//input[(@type=\"file\") and contains(@id,\"BOList-15-0-1-uploader-fu\")]"}
RESULT: {"using":"xpath","value":"//input[(@type=\"file\") and contains(@id,\"BOList-15-0-1-uploader-fu\")]"}
COMMAND: POST /session/6cd8861519be2314cbde44996230575a/element/f.B713056A9316196A9232F0DF0934CF03.d.E89FA1952785E72A2A512DB24677EA72.e.754/clear - {}
RESULT: {}
COMMAND: POST /session/6cd8861519be2314cbde44996230575a/element/f.B713056A9316196A9232F0DF0934CF03.d.E89FA1952785E72A2A512DB24677EA72.e.754/value - {"text":"C:\\Windows\\SystemTemp\\scoped_dir1044_868819358\\upload1044_1249487584\\Yards.xlsx"}
COMMAND: GET /session/6cd8861519be2314cbde44996230575a/screenshot - {}
RESULT: {"text":"C:\\Windows\\SystemTemp\\scoped_dir1044_868819358\\upload1044_1249487584\\Yards.xlsx"}
COMMAND: GET /session/6cd8861519be2314cbde44996230575a/screenshot - {}
RESULT: {}
RESULT: {}
COMMAND: POST /session/6cd8861519be2314cbde44996230575a/element - {"using":"xpath","value":"//bdi[contains(text(), \"Match by name\")]"}
RESULT: {"using":"xpath","value":"//bdi[contains(text(), \"Match by name\")]"}
COMMAND: POST /session/6cd8861519be2314cbde44996230575a/element/f.B713056A9316196A9232F0DF0934CF03.d.E89FA1952785E72A2A512DB24677EA72.e.762/click - {}
RESULT: {}
COMMAND: GET /session/6cd8861519be2314cbde44996230575a/screenshot - {}
RESULT: {}
COMMAND: POST /session/6cd8861519be2314cbde44996230575a/element - {"using":"xpath","value":"//bdi[text() = \"OK\"]"}
RESULT: {"using":"xpath","value":"//bdi[text() = \"OK\"]"}
COMMAND: POST /session/6cd8861519be2314cbde44996230575a/element/f.B713056A9316196A9232F0DF0934CF03.d.E89FA1952785E72A2A512DB24677EA72.e.763/click - {}
RESULT: {}
COMMAND: GET /session/6cd8861519be2314cbde44996230575a/screenshot - {}
RESULT: {}
COMMAND: POST /session/6cd8861519be2314cbde44996230575a/element - {"using":"xpath","value":"//button[contains(@id,\"uploadBtn\")]"}
RESULT: {"using":"xpath","value":"//button[contains(@id,\"uploadBtn\")]"}
COMMAND: POST /session/6cd8861519be2314cbde44996230575a/element/f.B713056A9316196A9232F0DF0934CF03.d.E89FA1952785E72A2A512DB24677EA72.e.191/click - {}
RESULT: {}
COMMAND: GET /session/6cd8861519be2314cbde44996230575a/screenshot - {}
RESULT: {}
COMMAND: POST /session/6cd8861519be2314cbde44996230575a/element - {"using":"xpath","value":"//button[.//bdi[contains(text(),\"Refresh Logs\")]]"}
RESULT: {"using":"xpath","value":"//button[.//bdi[contains(text(),\"Refresh Logs\")]]"}
COMMAND: POST /session/6cd8861519be2314cbde44996230575a/element/f.B713056A9316196A9232F0DF0934CF03.d.E89FA1952785E72A2A512DB24677EA72.e.770/click - {}
RESULT: {}
COMMAND: GET /session/6cd8861519be2314cbde44996230575a/screenshot - {}
RESULT: {}
COMMAND: POST /session/6cd8861519be2314cbde44996230575a/element - {"using":"xpath","value":"//table[contains(@id,\"customHandoversTable-listUl\")]/tbody/tr[1]/td[4]/span"}
RESULT: {"using":"xpath","value":"//table[contains(@id,\"customHandoversTable-listUl\")]/tbody/tr[1]/td[4]/span"}
COMMAND: POST /session/6cd8861519be2314cbde44996230575a/execute/sync - {"script":"<script> [56 bytes]","args":[{"element-6066-11e4-a52e-4f735466cecf":"f.B713056A9316196A9232F0DF0934CF03.d.E89FA1952785E72A2A512DB24677EA72.e.1061","ELEMENT":"f.B713056A9316196A9232F0DF0934CF03.d.E89FA1952785E72A2A512DB24677EA72.e.1061"}]}
RESULT: {"script":"<script> [56 bytes]","args":[{"element-6066-11e4-a52e-4f735466cecf":"f.B713056A9316196A9232F0DF0934CF03.d.E89FA1952785E72A2A512DB24677EA72.e.1061","ELEMENT":"f.B713056A9316196A9232F0DF0934CF03.d.E89FA1952785E72A2A512DB24677EA72.e.1061"}]}
COMMAND: POST /session/6cd8861519be2314cbde44996230575a/element - {"using":"xpath","value":"//table[contains(@id,\"customHandoversTable-listUl\")]/tbody/tr[1]/td[7]/div/span[2]"}
COMMAND: GET /session/6cd8861519be2314cbde44996230575a/screenshot - {}
RESULT: {"using":"xpath","value":"//table[contains(@id,\"customHandoversTable-listUl\")]/tbody/tr[1]/td[7]/div/span[2]"}
COMMAND: POST /session/6cd8861519be2314cbde44996230575a/execute/sync - {"script":"<script> [56 bytes]","args":[{"element-6066-11e4-a52e-4f735466cecf":"f.B713056A9316196A9232F0DF0934CF03.d.E89FA1952785E72A2A512DB24677EA72.e.1062","ELEMENT":"f.B713056A9316196A9232F0DF0934CF03.d.E89FA1952785E72A2A512DB24677EA72.e.1062"}]}
RESULT: {}
RESULT: {"script":"<script> [56 bytes]","args":[{"element-6066-11e4-a52e-4f735466cecf":"f.B713056A9316196A9232F0DF0934CF03.d.E89FA1952785E72A2A512DB24677EA72.e.1062","ELEMENT":"f.B713056A9316196A9232F0DF0934CF03.d.E89FA1952785E72A2A512DB24677EA72.e.1062"}]}
COMMAND: POST /session/6cd8861519be2314cbde44996230575a/element - {"using":"xpath","value":"//table[contains(@id,\"customHandoversTable-listUl\")]/tbody/tr[1]/td[8]/div/span[2]"}
COMMAND: GET /session/6cd8861519be2314cbde44996230575a/screenshot - {}
RESULT: {"using":"xpath","value":"//table[contains(@id,\"customHandoversTable-listUl\")]/tbody/tr[1]/td[8]/div/span[2]"}
COMMAND: POST /session/6cd8861519be2314cbde44996230575a/execute/sync - {"script":"<script> [56 bytes]","args":[{"element-6066-11e4-a52e-4f735466cecf":"f.B713056A9316196A9232F0DF0934CF03.d.E89FA1952785E72A2A512DB24677EA72.e.1065","ELEMENT":"f.B713056A9316196A9232F0DF0934CF03.d.E89FA1952785E72A2A512DB24677EA72.e.1065"}]}
RESULT: {}
RESULT: {"script":"<script> [56 bytes]","args":[{"element-6066-11e4-a52e-4f735466cecf":"f.B713056A9316196A9232F0DF0934CF03.d.E89FA1952785E72A2A512DB24677EA72.e.1065","ELEMENT":"f.B713056A9316196A9232F0DF0934CF03.d.E89FA1952785E72A2A512DB24677EA72.e.1065"}]}
COMMAND: GET /session/6cd8861519be2314cbde44996230575a/screenshot - {}
RESULT: {}
RESULT: undefined
COMMAND: POST /session/6cd8861519be2314cbde44996230575a/element - {"using":"xpath","value":"//*[@id=\"__filter0-icon\"]"}
RESULT: {"using":"xpath","value":"//*[@id=\"__filter0-icon\"]"}
COMMAND: POST /session/6cd8861519be2314cbde44996230575a/element/f.B713056A9316196A9232F0DF0934CF03.d.E89FA1952785E72A2A512DB24677EA72.e.614/click - {}
RESULT: {}
COMMAND: GET /session/6cd8861519be2314cbde44996230575a/screenshot - {}
RESULT: {}
]]></system-out>
    </testcase>
    <testcase classname="chrome.136_0_7103_93.windows.Tests_for_DXCW_CAE_environment,_including_specific_login_to_the_system_US" name="Should upload compound partner files entry used for later tests as master data US156291" time="65.342">
      <system-out><![CDATA[
COMMAND: POST /session/6cd8861519be2314cbde44996230575a/element - {"using":"xpath","value":"//bdi[contains(text(), \"Create new Draft\")]"}
RESULT: {"using":"xpath","value":"//bdi[contains(text(), \"Create new Draft\")]"}
COMMAND: POST /session/6cd8861519be2314cbde44996230575a/element/f.B713056A9316196A9232F0DF0934CF03.d.E89FA1952785E72A2A512DB24677EA72.e.1069/click - {}
RESULT: {}
COMMAND: GET /session/6cd8861519be2314cbde44996230575a/screenshot - {}
RESULT: {}
COMMAND: POST /session/6cd8861519be2314cbde44996230575a/element - {"using":"xpath","value":"//li[.//div[text()=\"Partners\"]]"}
RESULT: {"using":"xpath","value":"//li[.//div[text()=\"Partners\"]]"}
COMMAND: POST /session/6cd8861519be2314cbde44996230575a/element/f.B713056A9316196A9232F0DF0934CF03.d.E89FA1952785E72A2A512DB24677EA72.e.642/click - {}
RESULT: {}
COMMAND: GET /session/6cd8861519be2314cbde44996230575a/screenshot - {}
COMMAND: POST /session/6cd8861519be2314cbde44996230575a/file - {"file":"[base64] 6748 bytes"}
RESULT: {}
RESULT: {"file":"[base64] 6748 bytes"}
COMMAND: POST /session/6cd8861519be2314cbde44996230575a/element - {"using":"xpath","value":"//input[(@type=\"file\") and contains(@id,\"BOList-4-0-1-uploader-fu\")]"}
RESULT: {"using":"xpath","value":"//input[(@type=\"file\") and contains(@id,\"BOList-4-0-1-uploader-fu\")]"}
COMMAND: POST /session/6cd8861519be2314cbde44996230575a/element/f.B713056A9316196A9232F0DF0934CF03.d.E89FA1952785E72A2A512DB24677EA72.e.1186/clear - {}
RESULT: {}
COMMAND: POST /session/6cd8861519be2314cbde44996230575a/element/f.B713056A9316196A9232F0DF0934CF03.d.E89FA1952785E72A2A512DB24677EA72.e.1186/value - {"text":"C:\\Windows\\SystemTemp\\scoped_dir1044_868819358\\upload1044_2138970365\\Partners.xlsx"}
COMMAND: GET /session/6cd8861519be2314cbde44996230575a/screenshot - {}
RESULT: {"text":"C:\\Windows\\SystemTemp\\scoped_dir1044_868819358\\upload1044_2138970365\\Partners.xlsx"}
COMMAND: GET /session/6cd8861519be2314cbde44996230575a/screenshot - {}
RESULT: {}
RESULT: {}
COMMAND: POST /session/6cd8861519be2314cbde44996230575a/element - {"using":"xpath","value":"//bdi[contains(text(), \"Match by name\")]"}
RESULT: {"using":"xpath","value":"//bdi[contains(text(), \"Match by name\")]"}
COMMAND: POST /session/6cd8861519be2314cbde44996230575a/element/f.B713056A9316196A9232F0DF0934CF03.d.E89FA1952785E72A2A512DB24677EA72.e.1197/click - {}
RESULT: {}
COMMAND: GET /session/6cd8861519be2314cbde44996230575a/screenshot - {}
RESULT: {}
COMMAND: POST /session/6cd8861519be2314cbde44996230575a/element - {"using":"xpath","value":"//bdi[text() = \"OK\"]"}
RESULT: {"using":"xpath","value":"//bdi[text() = \"OK\"]"}
COMMAND: POST /session/6cd8861519be2314cbde44996230575a/element/f.B713056A9316196A9232F0DF0934CF03.d.E89FA1952785E72A2A512DB24677EA72.e.1198/click - {}
RESULT: {}
COMMAND: GET /session/6cd8861519be2314cbde44996230575a/screenshot - {}
RESULT: {}
COMMAND: POST /session/6cd8861519be2314cbde44996230575a/file - {"file":"[base64] 6424 bytes"}
RESULT: {"file":"[base64] 6424 bytes"}
COMMAND: POST /session/6cd8861519be2314cbde44996230575a/element - {"using":"xpath","value":"//input[(@type=\"file\") and contains(@id,\"BOList-4-1-1-uploader-fu\")]"}
RESULT: {"using":"xpath","value":"//input[(@type=\"file\") and contains(@id,\"BOList-4-1-1-uploader-fu\")]"}
COMMAND: POST /session/6cd8861519be2314cbde44996230575a/element/f.B713056A9316196A9232F0DF0934CF03.d.E89FA1952785E72A2A512DB24677EA72.e.1201/clear - {}
RESULT: {}
COMMAND: POST /session/6cd8861519be2314cbde44996230575a/element/f.B713056A9316196A9232F0DF0934CF03.d.E89FA1952785E72A2A512DB24677EA72.e.1201/value - {"text":"C:\\Windows\\SystemTemp\\scoped_dir1044_868819358\\upload1044_215872837\\YardsPartners.xlsx"}
COMMAND: GET /session/6cd8861519be2314cbde44996230575a/screenshot - {}
RESULT: {"text":"C:\\Windows\\SystemTemp\\scoped_dir1044_868819358\\upload1044_215872837\\YardsPartners.xlsx"}
COMMAND: GET /session/6cd8861519be2314cbde44996230575a/screenshot - {}
RESULT: {}
RESULT: {}
COMMAND: POST /session/6cd8861519be2314cbde44996230575a/element - {"using":"xpath","value":"//bdi[contains(text(), \"Match by name\")]"}
RESULT: {"using":"xpath","value":"//bdi[contains(text(), \"Match by name\")]"}
COMMAND: POST /session/6cd8861519be2314cbde44996230575a/element/f.B713056A9316196A9232F0DF0934CF03.d.E89FA1952785E72A2A512DB24677EA72.e.1209/click - {}
RESULT: {}
COMMAND: GET /session/6cd8861519be2314cbde44996230575a/screenshot - {}
RESULT: {}
COMMAND: POST /session/6cd8861519be2314cbde44996230575a/element - {"using":"xpath","value":"//bdi[text() = \"OK\"]"}
RESULT: {"using":"xpath","value":"//bdi[text() = \"OK\"]"}
COMMAND: POST /session/6cd8861519be2314cbde44996230575a/element/f.B713056A9316196A9232F0DF0934CF03.d.E89FA1952785E72A2A512DB24677EA72.e.1211/click - {}
RESULT: {}
COMMAND: GET /session/6cd8861519be2314cbde44996230575a/screenshot - {}
RESULT: {}
COMMAND: POST /session/6cd8861519be2314cbde44996230575a/execute/async - {"script":"<script> [1562 bytes]","args":[{"selector":{"controlType":"sap.m.Switch","viewName":"bbs.dxcw.migration.view.migration.MigrationNewDraft","bindingPath":{"path":"","propertyPath":"/isComposition","modelName":"ContentModel"},"interaction":{"idSuffix":"textoff"}},"wdio_ui5_key":"bbsdxcw.migration.view.migration.MigrationNewDraftsap.m.Switch{\"path\":\"\",\"propertyPath\":\"/isComposition\",\"modelName\":\"ContentModel\"}"}]}
RESULT: {"script":"<script> [1562 bytes]","args":[{"selector":{"controlType":"sap.m.Switch","viewName":"bbs.dxcw.migration.view.migration.MigrationNewDraft","bindingPath":{"path":"","propertyPath":"/isComposition","modelName":"ContentModel"},"interaction":{"idSuffix":"textoff"}},"wdio_ui5_key":"bbsdxcw.migration.view.migration.MigrationNewDraftsap.m.Switch{\"path\":\"\",\"propertyPath\":\"/isComposition\",\"modelName\":\"ContentModel\"}"}]}
RESULT: undefined
COMMAND: POST /session/6cd8861519be2314cbde44996230575a/element - {"using":"xpath","value":"//*[@id=\"__switch0\"]"}
RESULT: {"using":"xpath","value":"//*[@id=\"__switch0\"]"}
COMMAND: POST /session/6cd8861519be2314cbde44996230575a/element/f.B713056A9316196A9232F0DF0934CF03.d.E89FA1952785E72A2A512DB24677EA72.e.183/click - {}
RESULT: {}
COMMAND: POST /session/6cd8861519be2314cbde44996230575a/element - {"using":"xpath","value":"//button[contains(@id,\"uploadBtn\")]"}
COMMAND: GET /session/6cd8861519be2314cbde44996230575a/screenshot - {}
RESULT: {"using":"xpath","value":"//button[contains(@id,\"uploadBtn\")]"}
COMMAND: POST /session/6cd8861519be2314cbde44996230575a/element/f.B713056A9316196A9232F0DF0934CF03.d.E89FA1952785E72A2A512DB24677EA72.e.191/click - {}
RESULT: {}
RESULT: {}
COMMAND: GET /session/6cd8861519be2314cbde44996230575a/screenshot - {}
RESULT: {}
COMMAND: POST /session/6cd8861519be2314cbde44996230575a/element - {"using":"xpath","value":"//button[.//bdi[contains(text(),\"Refresh Logs\")]]"}
RESULT: {"using":"xpath","value":"//button[.//bdi[contains(text(),\"Refresh Logs\")]]"}
COMMAND: POST /session/6cd8861519be2314cbde44996230575a/element/f.B713056A9316196A9232F0DF0934CF03.d.E89FA1952785E72A2A512DB24677EA72.e.1222/click - {}
RESULT: {}
COMMAND: GET /session/6cd8861519be2314cbde44996230575a/screenshot - {}
RESULT: {}
COMMAND: POST /session/6cd8861519be2314cbde44996230575a/element - {"using":"xpath","value":"//table[contains(@id,\"customHandoversTable-listUl\")]/tbody/tr[1]/td[4]/span"}
RESULT: {"using":"xpath","value":"//table[contains(@id,\"customHandoversTable-listUl\")]/tbody/tr[1]/td[4]/span"}
COMMAND: POST /session/6cd8861519be2314cbde44996230575a/execute/sync - {"script":"<script> [56 bytes]","args":[{"element-6066-11e4-a52e-4f735466cecf":"f.B713056A9316196A9232F0DF0934CF03.d.E89FA1952785E72A2A512DB24677EA72.e.1513","ELEMENT":"f.B713056A9316196A9232F0DF0934CF03.d.E89FA1952785E72A2A512DB24677EA72.e.1513"}]}
RESULT: {"script":"<script> [56 bytes]","args":[{"element-6066-11e4-a52e-4f735466cecf":"f.B713056A9316196A9232F0DF0934CF03.d.E89FA1952785E72A2A512DB24677EA72.e.1513","ELEMENT":"f.B713056A9316196A9232F0DF0934CF03.d.E89FA1952785E72A2A512DB24677EA72.e.1513"}]}
COMMAND: POST /session/6cd8861519be2314cbde44996230575a/element - {"using":"xpath","value":"//table[contains(@id,\"customHandoversTable-listUl\")]/tbody/tr[1]/td[7]/div/span[2]"}
COMMAND: GET /session/6cd8861519be2314cbde44996230575a/screenshot - {}
RESULT: {"using":"xpath","value":"//table[contains(@id,\"customHandoversTable-listUl\")]/tbody/tr[1]/td[7]/div/span[2]"}
COMMAND: POST /session/6cd8861519be2314cbde44996230575a/execute/sync - {"script":"<script> [56 bytes]","args":[{"element-6066-11e4-a52e-4f735466cecf":"f.B713056A9316196A9232F0DF0934CF03.d.E89FA1952785E72A2A512DB24677EA72.e.1514","ELEMENT":"f.B713056A9316196A9232F0DF0934CF03.d.E89FA1952785E72A2A512DB24677EA72.e.1514"}]}
RESULT: {}
RESULT: {"script":"<script> [56 bytes]","args":[{"element-6066-11e4-a52e-4f735466cecf":"f.B713056A9316196A9232F0DF0934CF03.d.E89FA1952785E72A2A512DB24677EA72.e.1514","ELEMENT":"f.B713056A9316196A9232F0DF0934CF03.d.E89FA1952785E72A2A512DB24677EA72.e.1514"}]}
COMMAND: POST /session/6cd8861519be2314cbde44996230575a/element - {"using":"xpath","value":"//table[contains(@id,\"customHandoversTable-listUl\")]/tbody/tr[1]/td[8]/div/span[2]"}
COMMAND: GET /session/6cd8861519be2314cbde44996230575a/screenshot - {}
RESULT: {"using":"xpath","value":"//table[contains(@id,\"customHandoversTable-listUl\")]/tbody/tr[1]/td[8]/div/span[2]"}
COMMAND: POST /session/6cd8861519be2314cbde44996230575a/execute/sync - {"script":"<script> [56 bytes]","args":[{"element-6066-11e4-a52e-4f735466cecf":"f.B713056A9316196A9232F0DF0934CF03.d.E89FA1952785E72A2A512DB24677EA72.e.1517","ELEMENT":"f.B713056A9316196A9232F0DF0934CF03.d.E89FA1952785E72A2A512DB24677EA72.e.1517"}]}
RESULT: {}
RESULT: {"script":"<script> [56 bytes]","args":[{"element-6066-11e4-a52e-4f735466cecf":"f.B713056A9316196A9232F0DF0934CF03.d.E89FA1952785E72A2A512DB24677EA72.e.1517","ELEMENT":"f.B713056A9316196A9232F0DF0934CF03.d.E89FA1952785E72A2A512DB24677EA72.e.1517"}]}
COMMAND: GET /session/6cd8861519be2314cbde44996230575a/screenshot - {}
RESULT: {}
RESULT: undefined
COMMAND: POST /session/6cd8861519be2314cbde44996230575a/element - {"using":"xpath","value":"//*[@id=\"__filter0-icon\"]"}
RESULT: {"using":"xpath","value":"//*[@id=\"__filter0-icon\"]"}
COMMAND: POST /session/6cd8861519be2314cbde44996230575a/element/f.B713056A9316196A9232F0DF0934CF03.d.E89FA1952785E72A2A512DB24677EA72.e.614/click - {}
RESULT: {}
COMMAND: GET /session/6cd8861519be2314cbde44996230575a/screenshot - {}
RESULT: {}
]]></system-out>
    </testcase>
    <testcase classname="chrome.136_0_7103_93.windows.Tests_for_DXCW_CAE_environment,_including_specific_login_to_the_system_US" name="Should upload site file entry used for later tests as master data US156291" time="56.106">
      <system-out><![CDATA[
COMMAND: POST /session/6cd8861519be2314cbde44996230575a/element - {"using":"xpath","value":"//bdi[contains(text(), \"Create new Draft\")]"}
RESULT: {"using":"xpath","value":"//bdi[contains(text(), \"Create new Draft\")]"}
COMMAND: POST /session/6cd8861519be2314cbde44996230575a/element/f.B713056A9316196A9232F0DF0934CF03.d.E89FA1952785E72A2A512DB24677EA72.e.1521/click - {}
RESULT: {}
COMMAND: GET /session/6cd8861519be2314cbde44996230575a/screenshot - {}
RESULT: {}
COMMAND: POST /session/6cd8861519be2314cbde44996230575a/element - {"using":"xpath","value":"//li[.//div[text()=\"Sites\"]]"}
RESULT: {"using":"xpath","value":"//li[.//div[text()=\"Sites\"]]"}
COMMAND: POST /session/6cd8861519be2314cbde44996230575a/element/f.B713056A9316196A9232F0DF0934CF03.d.E89FA1952785E72A2A512DB24677EA72.e.647/click - {}
RESULT: {}
COMMAND: GET /session/6cd8861519be2314cbde44996230575a/screenshot - {}
COMMAND: POST /session/6cd8861519be2314cbde44996230575a/file - {"file":"[base64] 6440 bytes"}
RESULT: {}
RESULT: {"file":"[base64] 6440 bytes"}
COMMAND: POST /session/6cd8861519be2314cbde44996230575a/element - {"using":"xpath","value":"//input[(@type=\"file\") and contains(@id,\"BOList-9-0-1-uploader-fu\")]"}
RESULT: {"using":"xpath","value":"//input[(@type=\"file\") and contains(@id,\"BOList-9-0-1-uploader-fu\")]"}
COMMAND: POST /session/6cd8861519be2314cbde44996230575a/element/f.B713056A9316196A9232F0DF0934CF03.d.E89FA1952785E72A2A512DB24677EA72.e.1637/clear - {}
RESULT: {}
COMMAND: POST /session/6cd8861519be2314cbde44996230575a/element/f.B713056A9316196A9232F0DF0934CF03.d.E89FA1952785E72A2A512DB24677EA72.e.1637/value - {"text":"C:\\Windows\\SystemTemp\\scoped_dir1044_868819358\\upload1044_938996721\\Sites.xlsx"}
COMMAND: GET /session/6cd8861519be2314cbde44996230575a/screenshot - {}
RESULT: {"text":"C:\\Windows\\SystemTemp\\scoped_dir1044_868819358\\upload1044_938996721\\Sites.xlsx"}
COMMAND: GET /session/6cd8861519be2314cbde44996230575a/screenshot - {}
RESULT: {}
RESULT: {}
COMMAND: POST /session/6cd8861519be2314cbde44996230575a/element - {"using":"xpath","value":"//bdi[contains(text(), \"Match by name\")]"}
RESULT: {"using":"xpath","value":"//bdi[contains(text(), \"Match by name\")]"}
COMMAND: POST /session/6cd8861519be2314cbde44996230575a/element/f.B713056A9316196A9232F0DF0934CF03.d.E89FA1952785E72A2A512DB24677EA72.e.1646/click - {}
RESULT: {}
COMMAND: GET /session/6cd8861519be2314cbde44996230575a/screenshot - {}
RESULT: {}
COMMAND: POST /session/6cd8861519be2314cbde44996230575a/element - {"using":"xpath","value":"//bdi[text() = \"OK\"]"}
RESULT: {"using":"xpath","value":"//bdi[text() = \"OK\"]"}
COMMAND: POST /session/6cd8861519be2314cbde44996230575a/element/f.B713056A9316196A9232F0DF0934CF03.d.E89FA1952785E72A2A512DB24677EA72.e.1647/click - {}
RESULT: {}
COMMAND: GET /session/6cd8861519be2314cbde44996230575a/screenshot - {}
RESULT: {}
COMMAND: POST /session/6cd8861519be2314cbde44996230575a/element - {"using":"xpath","value":"//button[contains(@id,\"uploadBtn\")]"}
RESULT: {"using":"xpath","value":"//button[contains(@id,\"uploadBtn\")]"}
COMMAND: POST /session/6cd8861519be2314cbde44996230575a/element/f.B713056A9316196A9232F0DF0934CF03.d.E89FA1952785E72A2A512DB24677EA72.e.191/click - {}
RESULT: {}
COMMAND: GET /session/6cd8861519be2314cbde44996230575a/screenshot - {}
RESULT: {}
COMMAND: POST /session/6cd8861519be2314cbde44996230575a/element - {"using":"xpath","value":"//button[.//bdi[contains(text(),\"Refresh Logs\")]]"}
RESULT: {"using":"xpath","value":"//button[.//bdi[contains(text(),\"Refresh Logs\")]]"}
COMMAND: POST /session/6cd8861519be2314cbde44996230575a/element/f.B713056A9316196A9232F0DF0934CF03.d.E89FA1952785E72A2A512DB24677EA72.e.1654/click - {}
RESULT: {}
COMMAND: GET /session/6cd8861519be2314cbde44996230575a/screenshot - {}
RESULT: {}
COMMAND: POST /session/6cd8861519be2314cbde44996230575a/element - {"using":"xpath","value":"//table[contains(@id,\"customHandoversTable-listUl\")]/tbody/tr[1]/td[4]/span"}
RESULT: {"using":"xpath","value":"//table[contains(@id,\"customHandoversTable-listUl\")]/tbody/tr[1]/td[4]/span"}
COMMAND: POST /session/6cd8861519be2314cbde44996230575a/execute/sync - {"script":"<script> [56 bytes]","args":[{"element-6066-11e4-a52e-4f735466cecf":"f.B713056A9316196A9232F0DF0934CF03.d.E89FA1952785E72A2A512DB24677EA72.e.1945","ELEMENT":"f.B713056A9316196A9232F0DF0934CF03.d.E89FA1952785E72A2A512DB24677EA72.e.1945"}]}
RESULT: {"script":"<script> [56 bytes]","args":[{"element-6066-11e4-a52e-4f735466cecf":"f.B713056A9316196A9232F0DF0934CF03.d.E89FA1952785E72A2A512DB24677EA72.e.1945","ELEMENT":"f.B713056A9316196A9232F0DF0934CF03.d.E89FA1952785E72A2A512DB24677EA72.e.1945"}]}
COMMAND: POST /session/6cd8861519be2314cbde44996230575a/element - {"using":"xpath","value":"//table[contains(@id,\"customHandoversTable-listUl\")]/tbody/tr[1]/td[7]/div/span[2]"}
COMMAND: GET /session/6cd8861519be2314cbde44996230575a/screenshot - {}
RESULT: {"using":"xpath","value":"//table[contains(@id,\"customHandoversTable-listUl\")]/tbody/tr[1]/td[7]/div/span[2]"}
COMMAND: POST /session/6cd8861519be2314cbde44996230575a/execute/sync - {"script":"<script> [56 bytes]","args":[{"element-6066-11e4-a52e-4f735466cecf":"f.B713056A9316196A9232F0DF0934CF03.d.E89FA1952785E72A2A512DB24677EA72.e.1946","ELEMENT":"f.B713056A9316196A9232F0DF0934CF03.d.E89FA1952785E72A2A512DB24677EA72.e.1946"}]}
RESULT: {}
RESULT: {"script":"<script> [56 bytes]","args":[{"element-6066-11e4-a52e-4f735466cecf":"f.B713056A9316196A9232F0DF0934CF03.d.E89FA1952785E72A2A512DB24677EA72.e.1946","ELEMENT":"f.B713056A9316196A9232F0DF0934CF03.d.E89FA1952785E72A2A512DB24677EA72.e.1946"}]}
COMMAND: POST /session/6cd8861519be2314cbde44996230575a/element - {"using":"xpath","value":"//table[contains(@id,\"customHandoversTable-listUl\")]/tbody/tr[1]/td[8]/div/span[2]"}
COMMAND: GET /session/6cd8861519be2314cbde44996230575a/screenshot - {}
RESULT: {"using":"xpath","value":"//table[contains(@id,\"customHandoversTable-listUl\")]/tbody/tr[1]/td[8]/div/span[2]"}
COMMAND: POST /session/6cd8861519be2314cbde44996230575a/execute/sync - {"script":"<script> [56 bytes]","args":[{"element-6066-11e4-a52e-4f735466cecf":"f.B713056A9316196A9232F0DF0934CF03.d.E89FA1952785E72A2A512DB24677EA72.e.1949","ELEMENT":"f.B713056A9316196A9232F0DF0934CF03.d.E89FA1952785E72A2A512DB24677EA72.e.1949"}]}
RESULT: {}
RESULT: {"script":"<script> [56 bytes]","args":[{"element-6066-11e4-a52e-4f735466cecf":"f.B713056A9316196A9232F0DF0934CF03.d.E89FA1952785E72A2A512DB24677EA72.e.1949","ELEMENT":"f.B713056A9316196A9232F0DF0934CF03.d.E89FA1952785E72A2A512DB24677EA72.e.1949"}]}
COMMAND: GET /session/6cd8861519be2314cbde44996230575a/screenshot - {}
RESULT: {}
RESULT: undefined
COMMAND: POST /session/6cd8861519be2314cbde44996230575a/element - {"using":"xpath","value":"//*[@id=\"__filter0-icon\"]"}
RESULT: {"using":"xpath","value":"//*[@id=\"__filter0-icon\"]"}
COMMAND: POST /session/6cd8861519be2314cbde44996230575a/element/f.B713056A9316196A9232F0DF0934CF03.d.E89FA1952785E72A2A512DB24677EA72.e.614/click - {}
RESULT: {}
COMMAND: GET /session/6cd8861519be2314cbde44996230575a/screenshot - {}
RESULT: {}
COMMAND: POST /session/6cd8861519be2314cbde44996230575a/element - {"using":"css selector","value":"#shell-header-logo"}
RESULT: {"using":"css selector","value":"#shell-header-logo"}
COMMAND: POST /session/6cd8861519be2314cbde44996230575a/element/f.B713056A9316196A9232F0DF0934CF03.d.E89FA1952785E72A2A512DB24677EA72.e.124/click - {}
RESULT: {}
COMMAND: GET /session/6cd8861519be2314cbde44996230575a/screenshot - {}
RESULT: {}
COMMAND: POST /session/6cd8861519be2314cbde44996230575a/element - {"using":"css selector","value":"#j_username"}
COMMAND: POST /session/6cd8861519be2314cbde44996230575a/url - {"url":"https://qa-testing-00-live-etm-ui.cfapps.eu10-004.hana.ondemand.com/"}
RESULT: {"using":"css selector","value":"#j_username"}
COMMAND: POST /session/6cd8861519be2314cbde44996230575a/element - {"using":"css selector","value":"#j_username"}
RESULT: {"url":"https://qa-testing-00-live-etm-ui.cfapps.eu10-004.hana.ondemand.com/"}
RESULT: undefined
COMMAND: GET /session/6cd8861519be2314cbde44996230575a/screenshot - {}
RESULT: {"using":"css selector","value":"#j_username"}
COMMAND: POST /session/6cd8861519be2314cbde44996230575a/element - {"using":"css selector","value":"#shell-header-logo"}
RESULT: {}
RESULT: {"using":"css selector","value":"#shell-header-logo"}
COMMAND: POST /session/6cd8861519be2314cbde44996230575a/element - {"using":"css selector","value":"#shell-header-logo"}
RESULT: {"using":"css selector","value":"#shell-header-logo"}
COMMAND: POST /session/6cd8861519be2314cbde44996230575a/refresh - {}
RESULT: {}
COMMAND: GET /session/6cd8861519be2314cbde44996230575a/screenshot - {}
RESULT: {}
COMMAND: POST /session/6cd8861519be2314cbde44996230575a/element - {"using":"css selector","value":"#j_username"}
RESULT: {"using":"css selector","value":"#j_username"}
COMMAND: POST /session/6cd8861519be2314cbde44996230575a/element - {"using":"css selector","value":"#j_username"}
RESULT: {"using":"css selector","value":"#j_username"}
COMMAND: POST /session/6cd8861519be2314cbde44996230575a/element - {"using":"css selector","value":"#shell-header-logo"}
RESULT: {"using":"css selector","value":"#shell-header-logo"}
COMMAND: POST /session/6cd8861519be2314cbde44996230575a/execute/sync - {"script":"<script> [8489 bytes]","args":[{"element-6066-11e4-a52e-4f735466cecf":"f.B713056A9316196A9232F0DF0934CF03.d.1B492430F8C59457D025E0371C0B7713.e.1972","ELEMENT":"f.B713056A9316196A9232F0DF0934CF03.d.1B492430F8C59457D025E0371C0B7713.e.1972"}]}
RESULT: {"script":"<script> [8489 bytes]","args":[{"element-6066-11e4-a52e-4f735466cecf":"f.B713056A9316196A9232F0DF0934CF03.d.1B492430F8C59457D025E0371C0B7713.e.1972","ELEMENT":"f.B713056A9316196A9232F0DF0934CF03.d.1B492430F8C59457D025E0371C0B7713.e.1972"}]}
COMMAND: POST /session/6cd8861519be2314cbde44996230575a/element - {"using":"css selector","value":"#shell-header-logo"}
COMMAND: GET /session/6cd8861519be2314cbde44996230575a/screenshot - {}
RESULT: {"using":"css selector","value":"#shell-header-logo"}
COMMAND: POST /session/6cd8861519be2314cbde44996230575a/execute/sync - {"script":"<script> [8489 bytes]","args":[{"element-6066-11e4-a52e-4f735466cecf":"f.B713056A9316196A9232F0DF0934CF03.d.1B492430F8C59457D025E0371C0B7713.e.1972","ELEMENT":"f.B713056A9316196A9232F0DF0934CF03.d.1B492430F8C59457D025E0371C0B7713.e.1972"}]}
RESULT: {}
RESULT: {"script":"<script> [8489 bytes]","args":[{"element-6066-11e4-a52e-4f735466cecf":"f.B713056A9316196A9232F0DF0934CF03.d.1B492430F8C59457D025E0371C0B7713.e.1972","ELEMENT":"f.B713056A9316196A9232F0DF0934CF03.d.1B492430F8C59457D025E0371C0B7713.e.1972"}]}
COMMAND: POST /session/6cd8861519be2314cbde44996230575a/execute/sync - {"script":"<script> [5351 bytes]","args":[{"element-6066-11e4-a52e-4f735466cecf":"f.B713056A9316196A9232F0DF0934CF03.d.1B492430F8C59457D025E0371C0B7713.e.1972","ELEMENT":"f.B713056A9316196A9232F0DF0934CF03.d.1B492430F8C59457D025E0371C0B7713.e.1972"}]}
COMMAND: GET /session/6cd8861519be2314cbde44996230575a/screenshot - {}
RESULT: {"script":"<script> [5351 bytes]","args":[{"element-6066-11e4-a52e-4f735466cecf":"f.B713056A9316196A9232F0DF0934CF03.d.1B492430F8C59457D025E0371C0B7713.e.1972","ELEMENT":"f.B713056A9316196A9232F0DF0934CF03.d.1B492430F8C59457D025E0371C0B7713.e.1972"}]}
COMMAND: POST /session/6cd8861519be2314cbde44996230575a/element - {"using":"css selector","value":"#shell-header-logo"}
COMMAND: GET /session/6cd8861519be2314cbde44996230575a/screenshot - {}
RESULT: {}
RESULT: {"using":"css selector","value":"#shell-header-logo"}
COMMAND: POST /session/6cd8861519be2314cbde44996230575a/element/f.B713056A9316196A9232F0DF0934CF03.d.1B492430F8C59457D025E0371C0B7713.e.1972/click - {}
RESULT: {}
RESULT: {}
COMMAND: GET /session/6cd8861519be2314cbde44996230575a/screenshot - {}
RESULT: {}
COMMAND: POST /session/6cd8861519be2314cbde44996230575a/execute/async - {"script":"<script> [189 bytes]","args":[]}
RESULT: {"script":"<script> [189 bytes]","args":[]}
COMMAND: POST /session/6cd8861519be2314cbde44996230575a/execute/async - {"script":"<script> [123 bytes]","args":[]}
RESULT: {"script":"<script> [123 bytes]","args":[]}
COMMAND: POST /session/6cd8861519be2314cbde44996230575a/timeouts - {"script":"<number>"}
RESULT: {"script":"<number>"}
COMMAND: GET /session/6cd8861519be2314cbde44996230575a/timeouts - {}
RESULT: {}
RESULT: undefined
COMMAND: POST /session/6cd8861519be2314cbde44996230575a/execute/async - {"script":"<script> [2676 bytes]","args":[]}
RESULT: {"script":"<script> [2676 bytes]","args":[]}
COMMAND: POST /session/6cd8861519be2314cbde44996230575a/execute/async - {"script":"<script> [2342 bytes]","args":[{"protocol":"http","hostname":"0.0.0.0","path":"/","capabilities":{"browserName":"chrome","goog:chromeOptions":{"binary":"C:\\Program Files\\Google\\Chrome\\Application\\chrome.exe","args":["--start-maximized"]}},"logLevel":"warn","connectionRetryTimeout":120000,"connectionRetryCount":3,"logLevels":{},"enableDirectConnect":true,"strictSSL":true,"_":"65 more keys: [\"cacheDir\",\"port\",\"requestedCapabilities\",\"automationProtocol\",\"baseUrl\",\"waitforInterval\",\"waitforTimeout\",\"onReload\",\"beforeCommand\",\"afterCommand\",\"rootDir\",\"specs\",\"suites\",\"exclude\",\"groupLogsByTestSpec\",\"excludeDriverLogs\",\"bail\",\"framework\",\"reporters\",\"services\",\"maxInstances\",\"maxInstancesPerCapability\",\"injectGlobals\",\"filesToWatch\",\"execArgv\",\"runnerEnv\",\"runner\",\"shard\",\"specFileRetries\",\"specFileRetriesDelay\",\"specFileRetriesDeferred\",\"reporterSyncInterval\",\"reporterSyncTimeout\",\"cucumberFeaturesWithLineNumbers\",\"autoCompileOpts\",\"mochaOpts\",\"jasmineOpts\",\"cucumberOpts\",\"onPrepare\",\"onWorkerStart\",\"onWorkerEnd\",\"before\",\"beforeSession\",\"beforeSuite\",\"beforeHook\",\"beforeTest\",\"afterTest\",\"afterHook\",\"afterSuite\",\"afterSession\",\"after\",\"onComplete\",\"beforeAssertion\",\"afterAssertion\",\"beforeFeature\",\"beforeScenario\",\"beforeStep\",\"afterStep\",\"afterScenario\",\"afterFeature\",\"_\",\"suite\",\"$0\",\"ignoredWorkerServices\",\"wdi5\"]"}]}
RESULT: {"script":"<script> [2342 bytes]","args":[{"protocol":"http","hostname":"0.0.0.0","path":"/","capabilities":{"browserName":"chrome","goog:chromeOptions":{"binary":"C:\\Program Files\\Google\\Chrome\\Application\\chrome.exe","args":["--start-maximized"]}},"logLevel":"warn","connectionRetryTimeout":120000,"connectionRetryCount":3,"logLevels":{},"enableDirectConnect":true,"strictSSL":true,"_":"65 more keys: [\"cacheDir\",\"port\",\"requestedCapabilities\",\"automationProtocol\",\"baseUrl\",\"waitforInterval\",\"waitforTimeout\",\"onReload\",\"beforeCommand\",\"afterCommand\",\"rootDir\",\"specs\",\"suites\",\"exclude\",\"groupLogsByTestSpec\",\"excludeDriverLogs\",\"bail\",\"framework\",\"reporters\",\"services\",\"maxInstances\",\"maxInstancesPerCapability\",\"injectGlobals\",\"filesToWatch\",\"execArgv\",\"runnerEnv\",\"runner\",\"shard\",\"specFileRetries\",\"specFileRetriesDelay\",\"specFileRetriesDeferred\",\"reporterSyncInterval\",\"reporterSyncTimeout\",\"cucumberFeaturesWithLineNumbers\",\"autoCompileOpts\",\"mochaOpts\",\"jasmineOpts\",\"cucumberOpts\",\"onPrepare\",\"onWorkerStart\",\"onWorkerEnd\",\"before\",\"beforeSession\",\"beforeSuite\",\"beforeHook\",\"beforeTest\",\"afterTest\",\"afterHook\",\"afterSuite\",\"afterSession\",\"after\",\"onComplete\",\"beforeAssertion\",\"afterAssertion\",\"beforeFeature\",\"beforeScenario\",\"beforeStep\",\"afterStep\",\"afterScenario\",\"afterFeature\",\"_\",\"suite\",\"$0\",\"ignoredWorkerServices\",\"wdi5\"]"}]}
COMMAND: POST /session/6cd8861519be2314cbde44996230575a/execute/async - {"script":"<script> [21126 bytes]","args":[35000]}
RESULT: {"script":"<script> [21126 bytes]","args":[35000]}
COMMAND: POST /session/6cd8861519be2314cbde44996230575a/window/maximize - {}
RESULT: {}
COMMAND: POST /session/6cd8861519be2314cbde44996230575a/execute/async - {"script":"<script> [1562 bytes]","args":[{"selector":{"id":"shell-header","interaction":{"idSuffix":"icon"}},"wdio_ui5_key":"shellheader"}]}
COMMAND: GET /session/6cd8861519be2314cbde44996230575a/screenshot - {}
RESULT: {"script":"<script> [1562 bytes]","args":[{"selector":{"id":"shell-header","interaction":{"idSuffix":"icon"}},"wdio_ui5_key":"shellheader"}]}
RESULT: undefined
COMMAND: POST /session/6cd8861519be2314cbde44996230575a/refresh - {}
RESULT: {}
RESULT: {}
COMMAND: GET /session/6cd8861519be2314cbde44996230575a/screenshot - {}
RESULT: {}
COMMAND: POST /session/6cd8861519be2314cbde44996230575a/refresh - {}
RESULT: {}
COMMAND: GET /session/6cd8861519be2314cbde44996230575a/screenshot - {}
RESULT: {}
COMMAND: POST /session/6cd8861519be2314cbde44996230575a/window/fullscreen - {}
RESULT: {}
COMMAND: POST /session/6cd8861519be2314cbde44996230575a/execute/async - {"script":"<script> [189 bytes]","args":[]}
RESULT: {"script":"<script> [189 bytes]","args":[]}
COMMAND: POST /session/6cd8861519be2314cbde44996230575a/execute/async - {"script":"<script> [123 bytes]","args":[]}
RESULT: {"script":"<script> [123 bytes]","args":[]}
COMMAND: POST /session/6cd8861519be2314cbde44996230575a/timeouts - {"script":"<number>"}
RESULT: {"script":"<number>"}
COMMAND: GET /session/6cd8861519be2314cbde44996230575a/timeouts - {}
RESULT: {}
RESULT: undefined
COMMAND: POST /session/6cd8861519be2314cbde44996230575a/execute/async - {"script":"<script> [2676 bytes]","args":[]}
RESULT: {"script":"<script> [2676 bytes]","args":[]}
COMMAND: POST /session/6cd8861519be2314cbde44996230575a/execute/async - {"script":"<script> [2342 bytes]","args":[{"protocol":"http","hostname":"0.0.0.0","path":"/","capabilities":{"browserName":"chrome","goog:chromeOptions":{"binary":"C:\\Program Files\\Google\\Chrome\\Application\\chrome.exe","args":["--start-maximized"]}},"logLevel":"warn","connectionRetryTimeout":120000,"connectionRetryCount":3,"logLevels":{},"enableDirectConnect":true,"strictSSL":true,"_":"65 more keys: [\"cacheDir\",\"port\",\"requestedCapabilities\",\"automationProtocol\",\"baseUrl\",\"waitforInterval\",\"waitforTimeout\",\"onReload\",\"beforeCommand\",\"afterCommand\",\"rootDir\",\"specs\",\"suites\",\"exclude\",\"groupLogsByTestSpec\",\"excludeDriverLogs\",\"bail\",\"framework\",\"reporters\",\"services\",\"maxInstances\",\"maxInstancesPerCapability\",\"injectGlobals\",\"filesToWatch\",\"execArgv\",\"runnerEnv\",\"runner\",\"shard\",\"specFileRetries\",\"specFileRetriesDelay\",\"specFileRetriesDeferred\",\"reporterSyncInterval\",\"reporterSyncTimeout\",\"cucumberFeaturesWithLineNumbers\",\"autoCompileOpts\",\"mochaOpts\",\"jasmineOpts\",\"cucumberOpts\",\"onPrepare\",\"onWorkerStart\",\"onWorkerEnd\",\"before\",\"beforeSession\",\"beforeSuite\",\"beforeHook\",\"beforeTest\",\"afterTest\",\"afterHook\",\"afterSuite\",\"afterSession\",\"after\",\"onComplete\",\"beforeAssertion\",\"afterAssertion\",\"beforeFeature\",\"beforeScenario\",\"beforeStep\",\"afterStep\",\"afterScenario\",\"afterFeature\",\"_\",\"suite\",\"$0\",\"ignoredWorkerServices\",\"wdi5\"]"}]}
RESULT: {"script":"<script> [2342 bytes]","args":[{"protocol":"http","hostname":"0.0.0.0","path":"/","capabilities":{"browserName":"chrome","goog:chromeOptions":{"binary":"C:\\Program Files\\Google\\Chrome\\Application\\chrome.exe","args":["--start-maximized"]}},"logLevel":"warn","connectionRetryTimeout":120000,"connectionRetryCount":3,"logLevels":{},"enableDirectConnect":true,"strictSSL":true,"_":"65 more keys: [\"cacheDir\",\"port\",\"requestedCapabilities\",\"automationProtocol\",\"baseUrl\",\"waitforInterval\",\"waitforTimeout\",\"onReload\",\"beforeCommand\",\"afterCommand\",\"rootDir\",\"specs\",\"suites\",\"exclude\",\"groupLogsByTestSpec\",\"excludeDriverLogs\",\"bail\",\"framework\",\"reporters\",\"services\",\"maxInstances\",\"maxInstancesPerCapability\",\"injectGlobals\",\"filesToWatch\",\"execArgv\",\"runnerEnv\",\"runner\",\"shard\",\"specFileRetries\",\"specFileRetriesDelay\",\"specFileRetriesDeferred\",\"reporterSyncInterval\",\"reporterSyncTimeout\",\"cucumberFeaturesWithLineNumbers\",\"autoCompileOpts\",\"mochaOpts\",\"jasmineOpts\",\"cucumberOpts\",\"onPrepare\",\"onWorkerStart\",\"onWorkerEnd\",\"before\",\"beforeSession\",\"beforeSuite\",\"beforeHook\",\"beforeTest\",\"afterTest\",\"afterHook\",\"afterSuite\",\"afterSession\",\"after\",\"onComplete\",\"beforeAssertion\",\"afterAssertion\",\"beforeFeature\",\"beforeScenario\",\"beforeStep\",\"afterStep\",\"afterScenario\",\"afterFeature\",\"_\",\"suite\",\"$0\",\"ignoredWorkerServices\",\"wdi5\"]"}]}
COMMAND: POST /session/6cd8861519be2314cbde44996230575a/execute/async - {"script":"<script> [21126 bytes]","args":[35000]}
RESULT: {"script":"<script> [21126 bytes]","args":[35000]}
]]></system-out>
    </testcase>
  </testsuite>
  <testsuite timestamp="2025-05-23T17:22:15" time="1255.051" tests="12" failures="0" errors="0" skipped="0">
    <properties>
      <property name="specId" value="0"/>
      <property name="suiteName" value="Billing Transfer - Master data &amp; Intercompany US127250"/>
      <property name="capabilities" value="chrome.136_0_7103_93.windows"/>
      <property name="file" value="file:///D:/a/1/s/test/specs/BTS/billing-transfer-intercompany.spec.js"/>
    </properties>
    <testcase classname="chrome.136_0_7103_93.windows.Billing_Transfer_-_Master_data_&amp;_Intercompany_US127250" name="Should create a new yard" time="133.991">
      <system-out><![CDATA[
COMMAND: POST /session/6cd8861519be2314cbde44996230575a/window/fullscreen - {}
RESULT: {}
COMMAND: POST /session/6cd8861519be2314cbde44996230575a/execute/async - {"script":"<script> [1562 bytes]","args":[{"selector":{"controlType":"sap.m.GenericTile","properties":{"header":"Manage Yards"}},"wdio_ui5_key":"sapm.GenericTile{\"header\":\"Manage Yards\"}"}]}
RESULT: {"script":"<script> [1562 bytes]","args":[{"selector":{"controlType":"sap.m.GenericTile","properties":{"header":"Manage Yards"}},"wdio_ui5_key":"sapm.GenericTile{\"header\":\"Manage Yards\"}"}]}
RESULT: undefined
COMMAND: POST /session/6cd8861519be2314cbde44996230575a/element - {"using":"xpath","value":"//*[@id=\"__tile41\"]"}
RESULT: {"using":"xpath","value":"//*[@id=\"__tile41\"]"}
COMMAND: POST /session/6cd8861519be2314cbde44996230575a/element/f.B713056A9316196A9232F0DF0934CF03.d.171D129ED49628A47C1FA377C6144B8B.e.2133/click - {}
RESULT: {}
COMMAND: GET /session/6cd8861519be2314cbde44996230575a/screenshot - {}
RESULT: {}
COMMAND: POST /session/6cd8861519be2314cbde44996230575a/elements - {"using":"xpath","value":"//span[text()='Error']"}
RESULT: {"using":"xpath","value":"//span[text()='Error']"}
COMMAND: POST /session/6cd8861519be2314cbde44996230575a/element - {"using":"xpath","value":"//button[@data-kt=\"addNewYardOverflowToolbarButton\"]"}
RESULT: {"using":"xpath","value":"//button[@data-kt=\"addNewYardOverflowToolbarButton\"]"}
COMMAND: POST /session/6cd8861519be2314cbde44996230575a/elements - {"using":"xpath","value":"//button[@data-kt=\"addNewYardOverflowToolbarButton\"]"}
RESULT: {"using":"xpath","value":"//button[@data-kt=\"addNewYardOverflowToolbarButton\"]"}
COMMAND: POST /session/6cd8861519be2314cbde44996230575a/elements - {"using":"xpath","value":"//button[@data-kt=\"addNewYardOverflowToolbarButton\"]"}
RESULT: {"using":"xpath","value":"//button[@data-kt=\"addNewYardOverflowToolbarButton\"]"}
COMMAND: POST /session/6cd8861519be2314cbde44996230575a/elements - {"using":"xpath","value":"//button[@data-kt=\"addNewYardOverflowToolbarButton\"]"}
RESULT: {"using":"xpath","value":"//button[@data-kt=\"addNewYardOverflowToolbarButton\"]"}
COMMAND: POST /session/6cd8861519be2314cbde44996230575a/elements - {"using":"xpath","value":"//button[@data-kt=\"addNewYardOverflowToolbarButton\"]"}
RESULT: {"using":"xpath","value":"//button[@data-kt=\"addNewYardOverflowToolbarButton\"]"}
COMMAND: POST /session/6cd8861519be2314cbde44996230575a/elements - {"using":"xpath","value":"//button[@data-kt=\"addNewYardOverflowToolbarButton\"]"}
RESULT: {"using":"xpath","value":"//button[@data-kt=\"addNewYardOverflowToolbarButton\"]"}
COMMAND: POST /session/6cd8861519be2314cbde44996230575a/element - {"using":"xpath","value":"//button[@data-kt=\"addNewYardOverflowToolbarButton\"]"}
RESULT: {"using":"xpath","value":"//button[@data-kt=\"addNewYardOverflowToolbarButton\"]"}
COMMAND: POST /session/6cd8861519be2314cbde44996230575a/execute/sync - {"script":"<script> [8489 bytes]","args":[{"element-6066-11e4-a52e-4f735466cecf":"f.B713056A9316196A9232F0DF0934CF03.d.171D129ED49628A47C1FA377C6144B8B.e.2280","ELEMENT":"f.B713056A9316196A9232F0DF0934CF03.d.171D129ED49628A47C1FA377C6144B8B.e.2280"}]}
RESULT: {"script":"<script> [8489 bytes]","args":[{"element-6066-11e4-a52e-4f735466cecf":"f.B713056A9316196A9232F0DF0934CF03.d.171D129ED49628A47C1FA377C6144B8B.e.2280","ELEMENT":"f.B713056A9316196A9232F0DF0934CF03.d.171D129ED49628A47C1FA377C6144B8B.e.2280"}]}
COMMAND: GET /session/6cd8861519be2314cbde44996230575a/element/f.B713056A9316196A9232F0DF0934CF03.d.171D129ED49628A47C1FA377C6144B8B.e.2280/enabled - {}
COMMAND: GET /session/6cd8861519be2314cbde44996230575a/screenshot - {}
RESULT: {}
COMMAND: POST /session/6cd8861519be2314cbde44996230575a/execute/sync - {"script":"<script> [8489 bytes]","args":[{"element-6066-11e4-a52e-4f735466cecf":"f.B713056A9316196A9232F0DF0934CF03.d.171D129ED49628A47C1FA377C6144B8B.e.2280","ELEMENT":"f.B713056A9316196A9232F0DF0934CF03.d.171D129ED49628A47C1FA377C6144B8B.e.2280"}]}
COMMAND: GET /session/6cd8861519be2314cbde44996230575a/screenshot - {}
RESULT: {}
RESULT: {"script":"<script> [8489 bytes]","args":[{"element-6066-11e4-a52e-4f735466cecf":"f.B713056A9316196A9232F0DF0934CF03.d.171D129ED49628A47C1FA377C6144B8B.e.2280","ELEMENT":"f.B713056A9316196A9232F0DF0934CF03.d.171D129ED49628A47C1FA377C6144B8B.e.2280"}]}
COMMAND: POST /session/6cd8861519be2314cbde44996230575a/execute/sync - {"script":"<script> [5351 bytes]","args":[{"element-6066-11e4-a52e-4f735466cecf":"f.B713056A9316196A9232F0DF0934CF03.d.171D129ED49628A47C1FA377C6144B8B.e.2280","ELEMENT":"f.B713056A9316196A9232F0DF0934CF03.d.171D129ED49628A47C1FA377C6144B8B.e.2280"}]}
COMMAND: GET /session/6cd8861519be2314cbde44996230575a/screenshot - {}
RESULT: {}
RESULT: {"script":"<script> [5351 bytes]","args":[{"element-6066-11e4-a52e-4f735466cecf":"f.B713056A9316196A9232F0DF0934CF03.d.171D129ED49628A47C1FA377C6144B8B.e.2280","ELEMENT":"f.B713056A9316196A9232F0DF0934CF03.d.171D129ED49628A47C1FA377C6144B8B.e.2280"}]}
COMMAND: POST /session/6cd8861519be2314cbde44996230575a/element/f.B713056A9316196A9232F0DF0934CF03.d.171D129ED49628A47C1FA377C6144B8B.e.2280/click - {}
COMMAND: GET /session/6cd8861519be2314cbde44996230575a/screenshot - {}
RESULT: {}
RESULT: {}
COMMAND: GET /session/6cd8861519be2314cbde44996230575a/screenshot - {}
COMMAND: POST /session/6cd8861519be2314cbde44996230575a/element - {"using":"xpath","value":"//input[@id=\"application-manageyards-display-component---NewYard--yardId-inner\"]"}
RESULT: {}
RESULT: {}
RESULT: {"using":"xpath","value":"//input[@id=\"application-manageyards-display-component---NewYard--yardId-inner\"]"}
COMMAND: POST /session/6cd8861519be2314cbde44996230575a/element - {"using":"xpath","value":"//input[@id=\"application-manageyards-display-component---NewYard--yardId-inner\"]"}
RESULT: {"using":"xpath","value":"//input[@id=\"application-manageyards-display-component---NewYard--yardId-inner\"]"}
COMMAND: POST /session/6cd8861519be2314cbde44996230575a/execute/async - {"script":"<script> [1562 bytes]","args":[{"selector":{"id":"application-manageyards-display-component---NewYard--addressDetailDetailsName1","interaction":{"idSuffix":"inner"}},"wdio_ui5_key":"applicationmanageyards-display-component---NewYard--addressDetailDetailsName1"}]}
RESULT: {"script":"<script> [1562 bytes]","args":[{"selector":{"id":"application-manageyards-display-component---NewYard--addressDetailDetailsName1","interaction":{"idSuffix":"inner"}},"wdio_ui5_key":"applicationmanageyards-display-component---NewYard--addressDetailDetailsName1"}]}
RESULT: undefined
COMMAND: POST /session/6cd8861519be2314cbde44996230575a/execute/async - {"script":"<script> [776 bytes]","args":[{"enterText":"Intercompany Yard wdIO","selector":{"id":"application-manageyards-display-component---NewYard--addressDetailDetailsName1","interaction":{"idSuffix":"inner"}},"clearTextFirst":true,"interactionType":"ENTER_TEXT"}]}
RESULT: {"script":"<script> [776 bytes]","args":[{"enterText":"Intercompany Yard wdIO","selector":{"id":"application-manageyards-display-component---NewYard--addressDetailDetailsName1","interaction":{"idSuffix":"inner"}},"clearTextFirst":true,"interactionType":"ENTER_TEXT"}]}
COMMAND: POST /session/6cd8861519be2314cbde44996230575a/execute/async - {"script":"<script> [1562 bytes]","args":[{"selector":{"id":"application-manageyards-display-component---NewYard--addressDetailDetailsLanguage-arrow"},"wdio_ui5_key":"applicationmanageyards-display-component---NewYard--addressDetailDetailsLanguage-arrow"}]}
RESULT: {"script":"<script> [1562 bytes]","args":[{"selector":{"id":"application-manageyards-display-component---NewYard--addressDetailDetailsLanguage-arrow"},"wdio_ui5_key":"applicationmanageyards-display-component---NewYard--addressDetailDetailsLanguage-arrow"}]}
RESULT: undefined
COMMAND: POST /session/6cd8861519be2314cbde44996230575a/element - {"using":"xpath","value":"//*[@id=\"application-manageyards-display-component---NewYard--addressDetailDetailsLanguage-arrow\"]"}
RESULT: {"using":"xpath","value":"//*[@id=\"application-manageyards-display-component---NewYard--addressDetailDetailsLanguage-arrow\"]"}
COMMAND: POST /session/6cd8861519be2314cbde44996230575a/element/f.B713056A9316196A9232F0DF0934CF03.d.171D129ED49628A47C1FA377C6144B8B.e.2699/click - {}
RESULT: {}
COMMAND: POST /session/6cd8861519be2314cbde44996230575a/element - {"using":"xpath","value":"//span[contains(text(), \"English\")]"}
COMMAND: GET /session/6cd8861519be2314cbde44996230575a/screenshot - {}
RESULT: {"using":"xpath","value":"//span[contains(text(), \"English\")]"}
COMMAND: POST /session/6cd8861519be2314cbde44996230575a/element/f.B713056A9316196A9232F0DF0934CF03.d.171D129ED49628A47C1FA377C6144B8B.e.2700/click - {}
RESULT: {}
RESULT: {}
COMMAND: POST /session/6cd8861519be2314cbde44996230575a/execute/async - {"script":"<script> [1562 bytes]","args":[{"selector":{"id":"application-manageyards-display-component---NewYard--addressDetailDetailsCity1","interaction":{"idSuffix":"inner"}},"wdio_ui5_key":"applicationmanageyards-display-component---NewYard--addressDetailDetailsCity1"}]}
COMMAND: GET /session/6cd8861519be2314cbde44996230575a/screenshot - {}
RESULT: {"script":"<script> [1562 bytes]","args":[{"selector":{"id":"application-manageyards-display-component---NewYard--addressDetailDetailsCity1","interaction":{"idSuffix":"inner"}},"wdio_ui5_key":"applicationmanageyards-display-component---NewYard--addressDetailDetailsCity1"}]}
RESULT: undefined
COMMAND: POST /session/6cd8861519be2314cbde44996230575a/execute/async - {"script":"<script> [776 bytes]","args":[{"enterText":"Rosario","selector":{"id":"application-manageyards-display-component---NewYard--addressDetailDetailsCity1","interaction":{"idSuffix":"inner"}},"clearTextFirst":true,"interactionType":"ENTER_TEXT"}]}
RESULT: {}
RESULT: {"script":"<script> [776 bytes]","args":[{"enterText":"Rosario","selector":{"id":"application-manageyards-display-component---NewYard--addressDetailDetailsCity1","interaction":{"idSuffix":"inner"}},"clearTextFirst":true,"interactionType":"ENTER_TEXT"}]}
COMMAND: POST /session/6cd8861519be2314cbde44996230575a/execute/async - {"script":"<script> [1562 bytes]","args":[{"selector":{"id":"application-manageyards-display-component---NewYard--addressDetailDetailsCountry-arrow"},"wdio_ui5_key":"applicationmanageyards-display-component---NewYard--addressDetailDetailsCountry-arrow"}]}
RESULT: {"script":"<script> [1562 bytes]","args":[{"selector":{"id":"application-manageyards-display-component---NewYard--addressDetailDetailsCountry-arrow"},"wdio_ui5_key":"applicationmanageyards-display-component---NewYard--addressDetailDetailsCountry-arrow"}]}
RESULT: undefined
COMMAND: POST /session/6cd8861519be2314cbde44996230575a/element - {"using":"xpath","value":"//*[@id=\"application-manageyards-display-component---NewYard--addressDetailDetailsCountry-arrow\"]"}
RESULT: {"using":"xpath","value":"//*[@id=\"application-manageyards-display-component---NewYard--addressDetailDetailsCountry-arrow\"]"}
COMMAND: POST /session/6cd8861519be2314cbde44996230575a/element/f.B713056A9316196A9232F0DF0934CF03.d.171D129ED49628A47C1FA377C6144B8B.e.2702/click - {}
RESULT: {}
COMMAND: POST /session/6cd8861519be2314cbde44996230575a/element - {"using":"xpath","value":"//span[contains(text(), \"Argentina\")]"}
COMMAND: GET /session/6cd8861519be2314cbde44996230575a/screenshot - {}
RESULT: {"using":"xpath","value":"//span[contains(text(), \"Argentina\")]"}
COMMAND: POST /session/6cd8861519be2314cbde44996230575a/element/f.B713056A9316196A9232F0DF0934CF03.d.171D129ED49628A47C1FA377C6144B8B.e.2704/click - {}
RESULT: {}
RESULT: {}
COMMAND: POST /session/6cd8861519be2314cbde44996230575a/execute/async - {"script":"<script> [1562 bytes]","args":[{"selector":{"id":"application-manageyards-display-component---NewYard--addressEditDetailsCostObjectCstType-arrow"},"wdio_ui5_key":"applicationmanageyards-display-component---NewYard--addressEditDetailsCostObjectCstType-arrow"}]}
COMMAND: GET /session/6cd8861519be2314cbde44996230575a/screenshot - {}
RESULT: {"script":"<script> [1562 bytes]","args":[{"selector":{"id":"application-manageyards-display-component---NewYard--addressEditDetailsCostObjectCstType-arrow"},"wdio_ui5_key":"applicationmanageyards-display-component---NewYard--addressEditDetailsCostObjectCstType-arrow"}]}
RESULT: undefined
COMMAND: POST /session/6cd8861519be2314cbde44996230575a/element - {"using":"xpath","value":"//*[@id=\"application-manageyards-display-component---NewYard--addressEditDetailsCostObjectCstType-arrow\"]"}
RESULT: {}
RESULT: {"using":"xpath","value":"//*[@id=\"application-manageyards-display-component---NewYard--addressEditDetailsCostObjectCstType-arrow\"]"}
COMMAND: POST /session/6cd8861519be2314cbde44996230575a/element/f.B713056A9316196A9232F0DF0934CF03.d.171D129ED49628A47C1FA377C6144B8B.e.2705/click - {}
RESULT: {}
COMMAND: POST /session/6cd8861519be2314cbde44996230575a/element - {"using":"xpath","value":"//span[contains(text(), \"Cost Center\")]"}
COMMAND: GET /session/6cd8861519be2314cbde44996230575a/screenshot - {}
RESULT: {"using":"xpath","value":"//span[contains(text(), \"Cost Center\")]"}
COMMAND: POST /session/6cd8861519be2314cbde44996230575a/element/f.B713056A9316196A9232F0DF0934CF03.d.171D129ED49628A47C1FA377C6144B8B.e.2706/click - {}
RESULT: {}
RESULT: {}
COMMAND: GET /session/6cd8861519be2314cbde44996230575a/screenshot - {}
RESULT: {}
COMMAND: POST /session/6cd8861519be2314cbde44996230575a/element - {"using":"xpath","value":"//span[@id=\"application-manageyards-display-component---NewYard--addressNewCostObjectCstID-vhi\"]"}
RESULT: {"using":"xpath","value":"//span[@id=\"application-manageyards-display-component---NewYard--addressNewCostObjectCstID-vhi\"]"}
COMMAND: POST /session/6cd8861519be2314cbde44996230575a/execute/sync - {"script":"<script> [8489 bytes]","args":[{"element-6066-11e4-a52e-4f735466cecf":"f.B713056A9316196A9232F0DF0934CF03.d.171D129ED49628A47C1FA377C6144B8B.e.2710","ELEMENT":"f.B713056A9316196A9232F0DF0934CF03.d.171D129ED49628A47C1FA377C6144B8B.e.2710"}]}
RESULT: {"script":"<script> [8489 bytes]","args":[{"element-6066-11e4-a52e-4f735466cecf":"f.B713056A9316196A9232F0DF0934CF03.d.171D129ED49628A47C1FA377C6144B8B.e.2710","ELEMENT":"f.B713056A9316196A9232F0DF0934CF03.d.171D129ED49628A47C1FA377C6144B8B.e.2710"}]}
COMMAND: POST /session/6cd8861519be2314cbde44996230575a/execute/async - {"script":"<script> [1562 bytes]","args":[{"selector":{"id":"application-manageyards-display-component---NewYard--addressNewCostObjectCstID-vhi"},"wdio_ui5_key":"applicationmanageyards-display-component---NewYard--addressNewCostObjectCstID-vhi"}]}
COMMAND: GET /session/6cd8861519be2314cbde44996230575a/screenshot - {}
RESULT: {"script":"<script> [1562 bytes]","args":[{"selector":{"id":"application-manageyards-display-component---NewYard--addressNewCostObjectCstID-vhi"},"wdio_ui5_key":"applicationmanageyards-display-component---NewYard--addressNewCostObjectCstID-vhi"}]}
RESULT: undefined
COMMAND: POST /session/6cd8861519be2314cbde44996230575a/element - {"using":"xpath","value":"//*[@id=\"application-manageyards-display-component---NewYard--addressNewCostObjectCstID-vhi\"]"}
RESULT: {}
RESULT: {"using":"xpath","value":"//*[@id=\"application-manageyards-display-component---NewYard--addressNewCostObjectCstID-vhi\"]"}
COMMAND: POST /session/6cd8861519be2314cbde44996230575a/element/f.B713056A9316196A9232F0DF0934CF03.d.171D129ED49628A47C1FA377C6144B8B.e.2710/click - {}
RESULT: {}
COMMAND: GET /session/6cd8861519be2314cbde44996230575a/screenshot - {}
RESULT: {}
COMMAND: POST /session/6cd8861519be2314cbde44996230575a/execute/async - {"script":"<script> [1562 bytes]","args":[{"selector":{"controlType":"sap.m.SearchField","properties":{"placeholder":"Search"},"searchOpenDialogs":true,"interaction":{"idSuffix":"I"}},"wdio_ui5_key":"sapm.SearchField{\"placeholder\":\"Search\"}"}]}
RESULT: {"script":"<script> [1562 bytes]","args":[{"selector":{"controlType":"sap.m.SearchField","properties":{"placeholder":"Search"},"searchOpenDialogs":true,"interaction":{"idSuffix":"I"}},"wdio_ui5_key":"sapm.SearchField{\"placeholder\":\"Search\"}"}]}
RESULT: undefined
COMMAND: POST /session/6cd8861519be2314cbde44996230575a/execute/async - {"script":"<script> [776 bytes]","args":[{"enterText":"bauh_b","selector":{"controlType":"sap.m.SearchField","properties":{"placeholder":"Search"},"searchOpenDialogs":true,"interaction":{"idSuffix":"I"}},"clearTextFirst":true,"interactionType":"ENTER_TEXT"}]}
RESULT: {"script":"<script> [776 bytes]","args":[{"enterText":"bauh_b","selector":{"controlType":"sap.m.SearchField","properties":{"placeholder":"Search"},"searchOpenDialogs":true,"interaction":{"idSuffix":"I"}},"clearTextFirst":true,"interactionType":"ENTER_TEXT"}]}
COMMAND: POST /session/6cd8861519be2314cbde44996230575a/actions - {"actions":[{"id":"action1","type":"key","parameters":{},"actions":[{"type":"keyDown","value":""},{"type":"pause","duration":10},{"type":"keyUp","value":""}]}]}
RESULT: {"actions":[{"id":"action1","type":"key","parameters":{},"actions":[{"type":"keyDown","value":""},{"type":"pause","duration":10},{"type":"keyUp","value":""}]}]}
COMMAND: GET /session/6cd8861519be2314cbde44996230575a/screenshot - {}
RESULT: {}
COMMAND: POST /session/6cd8861519be2314cbde44996230575a/element - {"using":"xpath","value":"//span[contains(text(), \"Demo Yard\")]"}
RESULT: {"using":"xpath","value":"//span[contains(text(), \"Demo Yard\")]"}
COMMAND: POST /session/6cd8861519be2314cbde44996230575a/element/f.B713056A9316196A9232F0DF0934CF03.d.171D129ED49628A47C1FA377C6144B8B.e.2751/click - {}
RESULT: {}
COMMAND: GET /session/6cd8861519be2314cbde44996230575a/screenshot - {}
RESULT: {}
COMMAND: POST /session/6cd8861519be2314cbde44996230575a/element - {"using":"xpath","value":"//bdi[contains(text(), \"OK\")]"}
RESULT: {"using":"xpath","value":"//bdi[contains(text(), \"OK\")]"}
COMMAND: POST /session/6cd8861519be2314cbde44996230575a/element/f.B713056A9316196A9232F0DF0934CF03.d.171D129ED49628A47C1FA377C6144B8B.e.2752/click - {}
RESULT: {}
COMMAND: GET /session/6cd8861519be2314cbde44996230575a/screenshot - {}
RESULT: {}
COMMAND: POST /session/6cd8861519be2314cbde44996230575a/execute/async - {"script":"<script> [1562 bytes]","args":[{"selector":{"id":"application-manageyards-display-component---NewYard--addressEditDetailsCurrency-arrow"},"wdio_ui5_key":"applicationmanageyards-display-component---NewYard--addressEditDetailsCurrency-arrow"}]}
RESULT: {"script":"<script> [1562 bytes]","args":[{"selector":{"id":"application-manageyards-display-component---NewYard--addressEditDetailsCurrency-arrow"},"wdio_ui5_key":"applicationmanageyards-display-component---NewYard--addressEditDetailsCurrency-arrow"}]}
RESULT: undefined
COMMAND: POST /session/6cd8861519be2314cbde44996230575a/element - {"using":"xpath","value":"//*[@id=\"application-manageyards-display-component---NewYard--addressEditDetailsCurrency-arrow\"]"}
RESULT: {"using":"xpath","value":"//*[@id=\"application-manageyards-display-component---NewYard--addressEditDetailsCurrency-arrow\"]"}
COMMAND: POST /session/6cd8861519be2314cbde44996230575a/element/f.B713056A9316196A9232F0DF0934CF03.d.171D129ED49628A47C1FA377C6144B8B.e.2755/click - {}
RESULT: {}
COMMAND: POST /session/6cd8861519be2314cbde44996230575a/element - {"using":"xpath","value":"//span[contains(text(), \"Euro\")]"}
COMMAND: GET /session/6cd8861519be2314cbde44996230575a/screenshot - {}
RESULT: {"using":"xpath","value":"//span[contains(text(), \"Euro\")]"}
COMMAND: POST /session/6cd8861519be2314cbde44996230575a/element/f.B713056A9316196A9232F0DF0934CF03.d.171D129ED49628A47C1FA377C6144B8B.e.2756/click - {}
RESULT: {}
RESULT: {}
COMMAND: POST /session/6cd8861519be2314cbde44996230575a/execute/async - {"script":"<script> [1562 bytes]","args":[{"selector":{"controlType":"sap.m.Input","viewName":"etm.portal.ui.manageyards.view.New","viewId":"application-manageyards-display-component---NewYard","bindingPath":{"path":"","propertyPath":"/CONTROLLING_AREA","modelName":"NewYardModel"},"interaction":{"idSuffix":"inner"}},"wdio_ui5_key":"etmportal.ui.manageyards.view.Newsap.m.Input{\"path\":\"\",\"propertyPath\":\"/CONTROLLING_AREA\",\"modelName\":\"NewYardModel\"}"}]}
COMMAND: GET /session/6cd8861519be2314cbde44996230575a/screenshot - {}
RESULT: {"script":"<script> [1562 bytes]","args":[{"selector":{"controlType":"sap.m.Input","viewName":"etm.portal.ui.manageyards.view.New","viewId":"application-manageyards-display-component---NewYard","bindingPath":{"path":"","propertyPath":"/CONTROLLING_AREA","modelName":"NewYardModel"},"interaction":{"idSuffix":"inner"}},"wdio_ui5_key":"etmportal.ui.manageyards.view.Newsap.m.Input{\"path\":\"\",\"propertyPath\":\"/CONTROLLING_AREA\",\"modelName\":\"NewYardModel\"}"}]}
RESULT: undefined
COMMAND: POST /session/6cd8861519be2314cbde44996230575a/execute/async - {"script":"<script> [776 bytes]","args":[{"enterText":"Z001","selector":{"controlType":"sap.m.Input","viewName":"etm.portal.ui.manageyards.view.New","viewId":"application-manageyards-display-component---NewYard","bindingPath":{"path":"","propertyPath":"/CONTROLLING_AREA","modelName":"NewYardModel"},"interaction":{"idSuffix":"inner"}},"clearTextFirst":true,"interactionType":"ENTER_TEXT"}]}
RESULT: {}
RESULT: {"script":"<script> [776 bytes]","args":[{"enterText":"Z001","selector":{"controlType":"sap.m.Input","viewName":"etm.portal.ui.manageyards.view.New","viewId":"application-manageyards-display-component---NewYard","bindingPath":{"path":"","propertyPath":"/CONTROLLING_AREA","modelName":"NewYardModel"},"interaction":{"idSuffix":"inner"}},"clearTextFirst":true,"interactionType":"ENTER_TEXT"}]}
COMMAND: POST /session/6cd8861519be2314cbde44996230575a/execute/async - {"script":"<script> [1562 bytes]","args":[{"selector":{"id":"application-manageyards-display-component---NewYard--companyCodeComboBox","interaction":{"idSuffix":"inner"}},"wdio_ui5_key":"applicationmanageyards-display-component---NewYard--companyCodeComboBox"}]}
RESULT: {"script":"<script> [1562 bytes]","args":[{"selector":{"id":"application-manageyards-display-component---NewYard--companyCodeComboBox","interaction":{"idSuffix":"inner"}},"wdio_ui5_key":"applicationmanageyards-display-component---NewYard--companyCodeComboBox"}]}
RESULT: undefined
COMMAND: POST /session/6cd8861519be2314cbde44996230575a/execute/async - {"script":"<script> [776 bytes]","args":[{"enterText":"1000","selector":{"id":"application-manageyards-display-component---NewYard--companyCodeComboBox","interaction":{"idSuffix":"inner"}},"clearTextFirst":true,"interactionType":"ENTER_TEXT"}]}
RESULT: {"script":"<script> [776 bytes]","args":[{"enterText":"1000","selector":{"id":"application-manageyards-display-component---NewYard--companyCodeComboBox","interaction":{"idSuffix":"inner"}},"clearTextFirst":true,"interactionType":"ENTER_TEXT"}]}
COMMAND: POST /session/6cd8861519be2314cbde44996230575a/execute/async - {"script":"<script> [1562 bytes]","args":[{"selector":{"controlType":"sap.m.Input","viewName":"etm.portal.ui.manageyards.view.New","viewId":"application-manageyards-display-component---NewYard","bindingPath":{"path":"","propertyPath":"/PLANT","modelName":"NewYardModel"},"interaction":{"idSuffix":"inner"}},"wdio_ui5_key":"etmportal.ui.manageyards.view.Newsap.m.Input{\"path\":\"\",\"propertyPath\":\"/PLANT\",\"modelName\":\"NewYardModel\"}"}]}
RESULT: {"script":"<script> [1562 bytes]","args":[{"selector":{"controlType":"sap.m.Input","viewName":"etm.portal.ui.manageyards.view.New","viewId":"application-manageyards-display-component---NewYard","bindingPath":{"path":"","propertyPath":"/PLANT","modelName":"NewYardModel"},"interaction":{"idSuffix":"inner"}},"wdio_ui5_key":"etmportal.ui.manageyards.view.Newsap.m.Input{\"path\":\"\",\"propertyPath\":\"/PLANT\",\"modelName\":\"NewYardModel\"}"}]}
RESULT: undefined
COMMAND: POST /session/6cd8861519be2314cbde44996230575a/execute/async - {"script":"<script> [776 bytes]","args":[{"enterText":"1001","selector":{"controlType":"sap.m.Input","viewName":"etm.portal.ui.manageyards.view.New","viewId":"application-manageyards-display-component---NewYard","bindingPath":{"path":"","propertyPath":"/PLANT","modelName":"NewYardModel"},"interaction":{"idSuffix":"inner"}},"clearTextFirst":true,"interactionType":"ENTER_TEXT"}]}
RESULT: {"script":"<script> [776 bytes]","args":[{"enterText":"1001","selector":{"controlType":"sap.m.Input","viewName":"etm.portal.ui.manageyards.view.New","viewId":"application-manageyards-display-component---NewYard","bindingPath":{"path":"","propertyPath":"/PLANT","modelName":"NewYardModel"},"interaction":{"idSuffix":"inner"}},"clearTextFirst":true,"interactionType":"ENTER_TEXT"}]}
COMMAND: POST /session/6cd8861519be2314cbde44996230575a/execute/async - {"script":"<script> [1562 bytes]","args":[{"selector":{"controlType":"sap.m.Input","viewName":"etm.portal.ui.manageyards.view.New","viewId":"application-manageyards-display-component---NewYard","bindingPath":{"path":"","propertyPath":"/SALES_AREA_VKORG","modelName":"NewYardModel"},"interaction":{"idSuffix":"inner"}},"wdio_ui5_key":"etmportal.ui.manageyards.view.Newsap.m.Input{\"path\":\"\",\"propertyPath\":\"/SALES_AREA_VKORG\",\"modelName\":\"NewYardModel\"}"}]}
RESULT: {"script":"<script> [1562 bytes]","args":[{"selector":{"controlType":"sap.m.Input","viewName":"etm.portal.ui.manageyards.view.New","viewId":"application-manageyards-display-component---NewYard","bindingPath":{"path":"","propertyPath":"/SALES_AREA_VKORG","modelName":"NewYardModel"},"interaction":{"idSuffix":"inner"}},"wdio_ui5_key":"etmportal.ui.manageyards.view.Newsap.m.Input{\"path\":\"\",\"propertyPath\":\"/SALES_AREA_VKORG\",\"modelName\":\"NewYardModel\"}"}]}
RESULT: undefined
COMMAND: POST /session/6cd8861519be2314cbde44996230575a/execute/async - {"script":"<script> [776 bytes]","args":[{"enterText":"C002","selector":{"controlType":"sap.m.Input","viewName":"etm.portal.ui.manageyards.view.New","viewId":"application-manageyards-display-component---NewYard","bindingPath":{"path":"","propertyPath":"/SALES_AREA_VKORG","modelName":"NewYardModel"},"interaction":{"idSuffix":"inner"}},"clearTextFirst":true,"interactionType":"ENTER_TEXT"}]}
RESULT: {"script":"<script> [776 bytes]","args":[{"enterText":"C002","selector":{"controlType":"sap.m.Input","viewName":"etm.portal.ui.manageyards.view.New","viewId":"application-manageyards-display-component---NewYard","bindingPath":{"path":"","propertyPath":"/SALES_AREA_VKORG","modelName":"NewYardModel"},"interaction":{"idSuffix":"inner"}},"clearTextFirst":true,"interactionType":"ENTER_TEXT"}]}
COMMAND: POST /session/6cd8861519be2314cbde44996230575a/execute/async - {"script":"<script> [1562 bytes]","args":[{"selector":{"controlType":"sap.m.Input","viewName":"etm.portal.ui.manageyards.view.New","viewId":"application-manageyards-display-component---NewYard","bindingPath":{"path":"","propertyPath":"/SALES_AREA_VTWEG","modelName":"NewYardModel"},"interaction":{"idSuffix":"inner"}},"wdio_ui5_key":"etmportal.ui.manageyards.view.Newsap.m.Input{\"path\":\"\",\"propertyPath\":\"/SALES_AREA_VTWEG\",\"modelName\":\"NewYardModel\"}"}]}
RESULT: {"script":"<script> [1562 bytes]","args":[{"selector":{"controlType":"sap.m.Input","viewName":"etm.portal.ui.manageyards.view.New","viewId":"application-manageyards-display-component---NewYard","bindingPath":{"path":"","propertyPath":"/SALES_AREA_VTWEG","modelName":"NewYardModel"},"interaction":{"idSuffix":"inner"}},"wdio_ui5_key":"etmportal.ui.manageyards.view.Newsap.m.Input{\"path\":\"\",\"propertyPath\":\"/SALES_AREA_VTWEG\",\"modelName\":\"NewYardModel\"}"}]}
RESULT: undefined
COMMAND: POST /session/6cd8861519be2314cbde44996230575a/execute/async - {"script":"<script> [776 bytes]","args":[{"enterText":"C2","selector":{"controlType":"sap.m.Input","viewName":"etm.portal.ui.manageyards.view.New","viewId":"application-manageyards-display-component---NewYard","bindingPath":{"path":"","propertyPath":"/SALES_AREA_VTWEG","modelName":"NewYardModel"},"interaction":{"idSuffix":"inner"}},"clearTextFirst":true,"interactionType":"ENTER_TEXT"}]}
RESULT: {"script":"<script> [776 bytes]","args":[{"enterText":"C2","selector":{"controlType":"sap.m.Input","viewName":"etm.portal.ui.manageyards.view.New","viewId":"application-manageyards-display-component---NewYard","bindingPath":{"path":"","propertyPath":"/SALES_AREA_VTWEG","modelName":"NewYardModel"},"interaction":{"idSuffix":"inner"}},"clearTextFirst":true,"interactionType":"ENTER_TEXT"}]}
COMMAND: POST /session/6cd8861519be2314cbde44996230575a/execute/async - {"script":"<script> [1562 bytes]","args":[{"selector":{"controlType":"sap.m.Input","viewName":"etm.portal.ui.manageyards.view.New","viewId":"application-manageyards-display-component---NewYard","bindingPath":{"path":"","propertyPath":"/SALES_AREA_SPART","modelName":"NewYardModel"},"interaction":{"idSuffix":"inner"}},"wdio_ui5_key":"etmportal.ui.manageyards.view.Newsap.m.Input{\"path\":\"\",\"propertyPath\":\"/SALES_AREA_SPART\",\"modelName\":\"NewYardModel\"}"}]}
RESULT: {"script":"<script> [1562 bytes]","args":[{"selector":{"controlType":"sap.m.Input","viewName":"etm.portal.ui.manageyards.view.New","viewId":"application-manageyards-display-component---NewYard","bindingPath":{"path":"","propertyPath":"/SALES_AREA_SPART","modelName":"NewYardModel"},"interaction":{"idSuffix":"inner"}},"wdio_ui5_key":"etmportal.ui.manageyards.view.Newsap.m.Input{\"path\":\"\",\"propertyPath\":\"/SALES_AREA_SPART\",\"modelName\":\"NewYardModel\"}"}]}
RESULT: undefined
COMMAND: POST /session/6cd8861519be2314cbde44996230575a/execute/async - {"script":"<script> [776 bytes]","args":[{"enterText":"C2","selector":{"controlType":"sap.m.Input","viewName":"etm.portal.ui.manageyards.view.New","viewId":"application-manageyards-display-component---NewYard","bindingPath":{"path":"","propertyPath":"/SALES_AREA_SPART","modelName":"NewYardModel"},"interaction":{"idSuffix":"inner"}},"clearTextFirst":true,"interactionType":"ENTER_TEXT"}]}
RESULT: {"script":"<script> [776 bytes]","args":[{"enterText":"C2","selector":{"controlType":"sap.m.Input","viewName":"etm.portal.ui.manageyards.view.New","viewId":"application-manageyards-display-component---NewYard","bindingPath":{"path":"","propertyPath":"/SALES_AREA_SPART","modelName":"NewYardModel"},"interaction":{"idSuffix":"inner"}},"clearTextFirst":true,"interactionType":"ENTER_TEXT"}]}
COMMAND: POST /session/6cd8861519be2314cbde44996230575a/execute/async - {"script":"<script> [1562 bytes]","args":[{"selector":{"controlType":"sap.m.Input","viewName":"etm.portal.ui.manageyards.view.New","viewId":"application-manageyards-display-component---NewYard","bindingPath":{"path":"","propertyPath":"/SHIP_POINT","modelName":"NewYardModel"},"interaction":{"idSuffix":"inner"}},"wdio_ui5_key":"etmportal.ui.manageyards.view.Newsap.m.Input{\"path\":\"\",\"propertyPath\":\"/SHIP_POINT\",\"modelName\":\"NewYardModel\"}"}]}
RESULT: {"script":"<script> [1562 bytes]","args":[{"selector":{"controlType":"sap.m.Input","viewName":"etm.portal.ui.manageyards.view.New","viewId":"application-manageyards-display-component---NewYard","bindingPath":{"path":"","propertyPath":"/SHIP_POINT","modelName":"NewYardModel"},"interaction":{"idSuffix":"inner"}},"wdio_ui5_key":"etmportal.ui.manageyards.view.Newsap.m.Input{\"path\":\"\",\"propertyPath\":\"/SHIP_POINT\",\"modelName\":\"NewYardModel\"}"}]}
RESULT: undefined
COMMAND: POST /session/6cd8861519be2314cbde44996230575a/execute/async - {"script":"<script> [776 bytes]","args":[{"enterText":"1710","selector":{"controlType":"sap.m.Input","viewName":"etm.portal.ui.manageyards.view.New","viewId":"application-manageyards-display-component---NewYard","bindingPath":{"path":"","propertyPath":"/SHIP_POINT","modelName":"NewYardModel"},"interaction":{"idSuffix":"inner"}},"clearTextFirst":true,"interactionType":"ENTER_TEXT"}]}
RESULT: {"script":"<script> [776 bytes]","args":[{"enterText":"1710","selector":{"controlType":"sap.m.Input","viewName":"etm.portal.ui.manageyards.view.New","viewId":"application-manageyards-display-component---NewYard","bindingPath":{"path":"","propertyPath":"/SHIP_POINT","modelName":"NewYardModel"},"interaction":{"idSuffix":"inner"}},"clearTextFirst":true,"interactionType":"ENTER_TEXT"}]}
COMMAND: POST /session/6cd8861519be2314cbde44996230575a/execute/async - {"script":"<script> [1562 bytes]","args":[{"selector":{"controlType":"sap.m.Input","viewName":"etm.portal.ui.manageyards.view.New","viewId":"application-manageyards-display-component---NewYard","bindingPath":{"path":"","propertyPath":"/DELIVERY_TYPE","modelName":"NewYardModel"},"interaction":{"idSuffix":"inner"}},"wdio_ui5_key":"etmportal.ui.manageyards.view.Newsap.m.Input{\"path\":\"\",\"propertyPath\":\"/DELIVERY_TYPE\",\"modelName\":\"NewYardModel\"}"}]}
RESULT: {"script":"<script> [1562 bytes]","args":[{"selector":{"controlType":"sap.m.Input","viewName":"etm.portal.ui.manageyards.view.New","viewId":"application-manageyards-display-component---NewYard","bindingPath":{"path":"","propertyPath":"/DELIVERY_TYPE","modelName":"NewYardModel"},"interaction":{"idSuffix":"inner"}},"wdio_ui5_key":"etmportal.ui.manageyards.view.Newsap.m.Input{\"path\":\"\",\"propertyPath\":\"/DELIVERY_TYPE\",\"modelName\":\"NewYardModel\"}"}]}
RESULT: undefined
COMMAND: POST /session/6cd8861519be2314cbde44996230575a/execute/async - {"script":"<script> [776 bytes]","args":[{"enterText":"ZL01","selector":{"controlType":"sap.m.Input","viewName":"etm.portal.ui.manageyards.view.New","viewId":"application-manageyards-display-component---NewYard","bindingPath":{"path":"","propertyPath":"/DELIVERY_TYPE","modelName":"NewYardModel"},"interaction":{"idSuffix":"inner"}},"clearTextFirst":true,"interactionType":"ENTER_TEXT"}]}
RESULT: {"script":"<script> [776 bytes]","args":[{"enterText":"ZL01","selector":{"controlType":"sap.m.Input","viewName":"etm.portal.ui.manageyards.view.New","viewId":"application-manageyards-display-component---NewYard","bindingPath":{"path":"","propertyPath":"/DELIVERY_TYPE","modelName":"NewYardModel"},"interaction":{"idSuffix":"inner"}},"clearTextFirst":true,"interactionType":"ENTER_TEXT"}]}
COMMAND: POST /session/6cd8861519be2314cbde44996230575a/execute/async - {"script":"<script> [1562 bytes]","args":[{"selector":{"controlType":"sap.m.Input","viewName":"etm.portal.ui.manageyards.view.New","viewId":"application-manageyards-display-component---NewYard","bindingPath":{"path":"","propertyPath":"/AUART","modelName":"NewYardModel"},"interaction":{"idSuffix":"inner"}},"wdio_ui5_key":"etmportal.ui.manageyards.view.Newsap.m.Input{\"path\":\"\",\"propertyPath\":\"/AUART\",\"modelName\":\"NewYardModel\"}"}]}
RESULT: {"script":"<script> [1562 bytes]","args":[{"selector":{"controlType":"sap.m.Input","viewName":"etm.portal.ui.manageyards.view.New","viewId":"application-manageyards-display-component---NewYard","bindingPath":{"path":"","propertyPath":"/AUART","modelName":"NewYardModel"},"interaction":{"idSuffix":"inner"}},"wdio_ui5_key":"etmportal.ui.manageyards.view.Newsap.m.Input{\"path\":\"\",\"propertyPath\":\"/AUART\",\"modelName\":\"NewYardModel\"}"}]}
RESULT: undefined
COMMAND: POST /session/6cd8861519be2314cbde44996230575a/execute/async - {"script":"<script> [776 bytes]","args":[{"enterText":"TA","selector":{"controlType":"sap.m.Input","viewName":"etm.portal.ui.manageyards.view.New","viewId":"application-manageyards-display-component---NewYard","bindingPath":{"path":"","propertyPath":"/AUART","modelName":"NewYardModel"},"interaction":{"idSuffix":"inner"}},"clearTextFirst":true,"interactionType":"ENTER_TEXT"}]}
RESULT: {"script":"<script> [776 bytes]","args":[{"enterText":"TA","selector":{"controlType":"sap.m.Input","viewName":"etm.portal.ui.manageyards.view.New","viewId":"application-manageyards-display-component---NewYard","bindingPath":{"path":"","propertyPath":"/AUART","modelName":"NewYardModel"},"interaction":{"idSuffix":"inner"}},"clearTextFirst":true,"interactionType":"ENTER_TEXT"}]}
COMMAND: POST /session/6cd8861519be2314cbde44996230575a/element - {"using":"xpath","value":"//button[@data-kt=\"newYardSaveButton\"]"}
RESULT: {"using":"xpath","value":"//button[@data-kt=\"newYardSaveButton\"]"}
COMMAND: POST /session/6cd8861519be2314cbde44996230575a/element/f.B713056A9316196A9232F0DF0934CF03.d.171D129ED49628A47C1FA377C6144B8B.e.2684/click - {}
RESULT: {}
COMMAND: GET /session/6cd8861519be2314cbde44996230575a/screenshot - {}
RESULT: {}
COMMAND: POST /session/6cd8861519be2314cbde44996230575a/element - {"using":"xpath","value":"//header[contains(@id, 'ObjectPageLayout-headerTitle')]/div[1]/div[2]/div[1]/span[1]"}
RESULT: {"using":"xpath","value":"//header[contains(@id, 'ObjectPageLayout-headerTitle')]/div[1]/div[2]/div[1]/span[1]"}
COMMAND: POST /session/6cd8861519be2314cbde44996230575a/elements - {"using":"xpath","value":"//header[contains(@id, 'ObjectPageLayout-headerTitle')]/div[1]/div[2]/div[1]/span[1]"}
RESULT: {"using":"xpath","value":"//header[contains(@id, 'ObjectPageLayout-headerTitle')]/div[1]/div[2]/div[1]/span[1]"}
COMMAND: POST /session/6cd8861519be2314cbde44996230575a/execute/sync - {"script":"<script> [56 bytes]","args":[{"element-6066-11e4-a52e-4f735466cecf":"f.B713056A9316196A9232F0DF0934CF03.d.171D129ED49628A47C1FA377C6144B8B.e.2978","ELEMENT":"f.B713056A9316196A9232F0DF0934CF03.d.171D129ED49628A47C1FA377C6144B8B.e.2978"}]}
RESULT: {"script":"<script> [56 bytes]","args":[{"element-6066-11e4-a52e-4f735466cecf":"f.B713056A9316196A9232F0DF0934CF03.d.171D129ED49628A47C1FA377C6144B8B.e.2978","ELEMENT":"f.B713056A9316196A9232F0DF0934CF03.d.171D129ED49628A47C1FA377C6144B8B.e.2978"}]}
COMMAND: GET /session/6cd8861519be2314cbde44996230575a/screenshot - {}
RESULT: {}
COMMAND: POST /session/6cd8861519be2314cbde44996230575a/element - {"using":"css selector","value":"#shell-header-logo"}
RESULT: {"using":"css selector","value":"#shell-header-logo"}
COMMAND: POST /session/6cd8861519be2314cbde44996230575a/element/f.B713056A9316196A9232F0DF0934CF03.d.171D129ED49628A47C1FA377C6144B8B.e.2237/click - {}
RESULT: {}
COMMAND: GET /session/6cd8861519be2314cbde44996230575a/screenshot - {}
RESULT: {}
COMMAND: POST /session/6cd8861519be2314cbde44996230575a/execute/sync - {"script":"<script> [299 bytes]","args":[["getModel","getResource"]]}
RESULT: {"script":"<script> [299 bytes]","args":[["getModel","getResource"]]}
COMMAND: GET /session/6cd8861519be2314cbde44996230575a/screenshot - {}
]]></system-out>
    </testcase>
    <testcase classname="chrome.136_0_7103_93.windows.Billing_Transfer_-_Master_data_&amp;_Intercompany_US127250" name="Should create a new partner" time="154.139">
      <system-out><![CDATA[
COMMAND: POST /session/6cd8861519be2314cbde44996230575a/window/fullscreen - {}
RESULT: {}
RESULT: {}
COMMAND: POST /session/6cd8861519be2314cbde44996230575a/execute/async - {"script":"<script> [1562 bytes]","args":[{"selector":{"controlType":"sap.m.GenericTile","properties":{"header":"Manage Partners"}},"wdio_ui5_key":"sapm.GenericTile{\"header\":\"Manage Partners\"}"}]}
RESULT: {"script":"<script> [1562 bytes]","args":[{"selector":{"controlType":"sap.m.GenericTile","properties":{"header":"Manage Partners"}},"wdio_ui5_key":"sapm.GenericTile{\"header\":\"Manage Partners\"}"}]}
RESULT: undefined
COMMAND: POST /session/6cd8861519be2314cbde44996230575a/element - {"using":"xpath","value":"//*[@id=\"__tile38\"]"}
RESULT: {"using":"xpath","value":"//*[@id=\"__tile38\"]"}
COMMAND: POST /session/6cd8861519be2314cbde44996230575a/element/f.B713056A9316196A9232F0DF0934CF03.d.171D129ED49628A47C1FA377C6144B8B.e.2124/click - {}
RESULT: {}
COMMAND: GET /session/6cd8861519be2314cbde44996230575a/screenshot - {}
RESULT: {}
COMMAND: POST /session/6cd8861519be2314cbde44996230575a/elements - {"using":"xpath","value":"//span[text()='Error']"}
RESULT: {"using":"xpath","value":"//span[text()='Error']"}
COMMAND: POST /session/6cd8861519be2314cbde44996230575a/element - {"using":"xpath","value":"//button[@data-kt=\"addButton\"]"}
RESULT: {"using":"xpath","value":"//button[@data-kt=\"addButton\"]"}
COMMAND: POST /session/6cd8861519be2314cbde44996230575a/elements - {"using":"xpath","value":"//button[@data-kt=\"addButton\"]"}
RESULT: {"using":"xpath","value":"//button[@data-kt=\"addButton\"]"}
COMMAND: POST /session/6cd8861519be2314cbde44996230575a/elements - {"using":"xpath","value":"//button[@data-kt=\"addButton\"]"}
RESULT: {"using":"xpath","value":"//button[@data-kt=\"addButton\"]"}
COMMAND: POST /session/6cd8861519be2314cbde44996230575a/elements - {"using":"xpath","value":"//button[@data-kt=\"addButton\"]"}
RESULT: {"using":"xpath","value":"//button[@data-kt=\"addButton\"]"}
COMMAND: POST /session/6cd8861519be2314cbde44996230575a/elements - {"using":"xpath","value":"//button[@data-kt=\"addButton\"]"}
RESULT: {"using":"xpath","value":"//button[@data-kt=\"addButton\"]"}
COMMAND: POST /session/6cd8861519be2314cbde44996230575a/elements - {"using":"xpath","value":"//button[@data-kt=\"addButton\"]"}
RESULT: {"using":"xpath","value":"//button[@data-kt=\"addButton\"]"}
COMMAND: POST /session/6cd8861519be2314cbde44996230575a/element - {"using":"xpath","value":"//button[@data-kt=\"addButton\"]"}
RESULT: {"using":"xpath","value":"//button[@data-kt=\"addButton\"]"}
COMMAND: POST /session/6cd8861519be2314cbde44996230575a/execute/sync - {"script":"<script> [8489 bytes]","args":[{"element-6066-11e4-a52e-4f735466cecf":"f.B713056A9316196A9232F0DF0934CF03.d.171D129ED49628A47C1FA377C6144B8B.e.3016","ELEMENT":"f.B713056A9316196A9232F0DF0934CF03.d.171D129ED49628A47C1FA377C6144B8B.e.3016"}]}
RESULT: {"script":"<script> [8489 bytes]","args":[{"element-6066-11e4-a52e-4f735466cecf":"f.B713056A9316196A9232F0DF0934CF03.d.171D129ED49628A47C1FA377C6144B8B.e.3016","ELEMENT":"f.B713056A9316196A9232F0DF0934CF03.d.171D129ED49628A47C1FA377C6144B8B.e.3016"}]}
COMMAND: GET /session/6cd8861519be2314cbde44996230575a/element/f.B713056A9316196A9232F0DF0934CF03.d.171D129ED49628A47C1FA377C6144B8B.e.3016/enabled - {}
COMMAND: GET /session/6cd8861519be2314cbde44996230575a/screenshot - {}
RESULT: {}
COMMAND: POST /session/6cd8861519be2314cbde44996230575a/execute/sync - {"script":"<script> [8489 bytes]","args":[{"element-6066-11e4-a52e-4f735466cecf":"f.B713056A9316196A9232F0DF0934CF03.d.171D129ED49628A47C1FA377C6144B8B.e.3016","ELEMENT":"f.B713056A9316196A9232F0DF0934CF03.d.171D129ED49628A47C1FA377C6144B8B.e.3016"}]}
COMMAND: GET /session/6cd8861519be2314cbde44996230575a/screenshot - {}
RESULT: {}
RESULT: {"script":"<script> [8489 bytes]","args":[{"element-6066-11e4-a52e-4f735466cecf":"f.B713056A9316196A9232F0DF0934CF03.d.171D129ED49628A47C1FA377C6144B8B.e.3016","ELEMENT":"f.B713056A9316196A9232F0DF0934CF03.d.171D129ED49628A47C1FA377C6144B8B.e.3016"}]}
COMMAND: POST /session/6cd8861519be2314cbde44996230575a/execute/sync - {"script":"<script> [5351 bytes]","args":[{"element-6066-11e4-a52e-4f735466cecf":"f.B713056A9316196A9232F0DF0934CF03.d.171D129ED49628A47C1FA377C6144B8B.e.3016","ELEMENT":"f.B713056A9316196A9232F0DF0934CF03.d.171D129ED49628A47C1FA377C6144B8B.e.3016"}]}
COMMAND: GET /session/6cd8861519be2314cbde44996230575a/screenshot - {}
RESULT: {}
RESULT: {"script":"<script> [5351 bytes]","args":[{"element-6066-11e4-a52e-4f735466cecf":"f.B713056A9316196A9232F0DF0934CF03.d.171D129ED49628A47C1FA377C6144B8B.e.3016","ELEMENT":"f.B713056A9316196A9232F0DF0934CF03.d.171D129ED49628A47C1FA377C6144B8B.e.3016"}]}
COMMAND: POST /session/6cd8861519be2314cbde44996230575a/element/f.B713056A9316196A9232F0DF0934CF03.d.171D129ED49628A47C1FA377C6144B8B.e.3016/click - {}
COMMAND: GET /session/6cd8861519be2314cbde44996230575a/screenshot - {}
RESULT: {}
RESULT: {}
COMMAND: GET /session/6cd8861519be2314cbde44996230575a/screenshot - {}
RESULT: {}
RESULT: {}
COMMAND: POST /session/6cd8861519be2314cbde44996230575a/execute/async - {"script":"<script> [1562 bytes]","args":[{"selector":{"id":"application-managepartners-display-component---NewPartner--addressDetailDetailsName1","interaction":{"idSuffix":"inner"}},"wdio_ui5_key":"applicationmanagepartners-display-component---NewPartner--addressDetailDetailsName1"}]}
RESULT: {"script":"<script> [1562 bytes]","args":[{"selector":{"id":"application-managepartners-display-component---NewPartner--addressDetailDetailsName1","interaction":{"idSuffix":"inner"}},"wdio_ui5_key":"applicationmanagepartners-display-component---NewPartner--addressDetailDetailsName1"}]}
RESULT: undefined
COMMAND: POST /session/6cd8861519be2314cbde44996230575a/execute/async - {"script":"<script> [776 bytes]","args":[{"enterText":"Intercompany Partner WDIO","selector":{"id":"application-managepartners-display-component---NewPartner--addressDetailDetailsName1","interaction":{"idSuffix":"inner"}},"clearTextFirst":true,"interactionType":"ENTER_TEXT"}]}
RESULT: {"script":"<script> [776 bytes]","args":[{"enterText":"Intercompany Partner WDIO","selector":{"id":"application-managepartners-display-component---NewPartner--addressDetailDetailsName1","interaction":{"idSuffix":"inner"}},"clearTextFirst":true,"interactionType":"ENTER_TEXT"}]}
COMMAND: POST /session/6cd8861519be2314cbde44996230575a/execute/async - {"script":"<script> [1562 bytes]","args":[{"selector":{"id":"application-managepartners-display-component---NewPartner--addressDetailDetailsLanguage-arrow"},"wdio_ui5_key":"applicationmanagepartners-display-component---NewPartner--addressDetailDetailsLanguage-arrow"}]}
RESULT: {"script":"<script> [1562 bytes]","args":[{"selector":{"id":"application-managepartners-display-component---NewPartner--addressDetailDetailsLanguage-arrow"},"wdio_ui5_key":"applicationmanagepartners-display-component---NewPartner--addressDetailDetailsLanguage-arrow"}]}
RESULT: undefined
COMMAND: POST /session/6cd8861519be2314cbde44996230575a/element - {"using":"xpath","value":"//*[@id=\"application-managepartners-display-component---NewPartner--addressDetailDetailsLanguage-arrow\"]"}
RESULT: {"using":"xpath","value":"//*[@id=\"application-managepartners-display-component---NewPartner--addressDetailDetailsLanguage-arrow\"]"}
COMMAND: POST /session/6cd8861519be2314cbde44996230575a/element/f.B713056A9316196A9232F0DF0934CF03.d.171D129ED49628A47C1FA377C6144B8B.e.3413/click - {}
RESULT: {}
COMMAND: POST /session/6cd8861519be2314cbde44996230575a/element - {"using":"xpath","value":"//span[contains(text(), \"English\")]"}
COMMAND: GET /session/6cd8861519be2314cbde44996230575a/screenshot - {}
RESULT: {"using":"xpath","value":"//span[contains(text(), \"English\")]"}
COMMAND: POST /session/6cd8861519be2314cbde44996230575a/element/f.B713056A9316196A9232F0DF0934CF03.d.171D129ED49628A47C1FA377C6144B8B.e.3414/click - {}
RESULT: {}
RESULT: {}
COMMAND: GET /session/6cd8861519be2314cbde44996230575a/screenshot - {}
RESULT: {}
COMMAND: POST /session/6cd8861519be2314cbde44996230575a/execute/async - {"script":"<script> [1562 bytes]","args":[{"selector":{"id":"application-managepartners-display-component---NewPartner--addressDetailDetailsCity1","interaction":{"idSuffix":"inner"}},"wdio_ui5_key":"applicationmanagepartners-display-component---NewPartner--addressDetailDetailsCity1"}]}
RESULT: {"script":"<script> [1562 bytes]","args":[{"selector":{"id":"application-managepartners-display-component---NewPartner--addressDetailDetailsCity1","interaction":{"idSuffix":"inner"}},"wdio_ui5_key":"applicationmanagepartners-display-component---NewPartner--addressDetailDetailsCity1"}]}
RESULT: undefined
COMMAND: POST /session/6cd8861519be2314cbde44996230575a/execute/async - {"script":"<script> [776 bytes]","args":[{"enterText":"Rosario","selector":{"id":"application-managepartners-display-component---NewPartner--addressDetailDetailsCity1","interaction":{"idSuffix":"inner"}},"clearTextFirst":true,"interactionType":"ENTER_TEXT"}]}
RESULT: {"script":"<script> [776 bytes]","args":[{"enterText":"Rosario","selector":{"id":"application-managepartners-display-component---NewPartner--addressDetailDetailsCity1","interaction":{"idSuffix":"inner"}},"clearTextFirst":true,"interactionType":"ENTER_TEXT"}]}
COMMAND: POST /session/6cd8861519be2314cbde44996230575a/execute/async - {"script":"<script> [1562 bytes]","args":[{"selector":{"id":"application-managepartners-display-component---NewPartner--addressDetailDetailsCountry-arrow"},"wdio_ui5_key":"applicationmanagepartners-display-component---NewPartner--addressDetailDetailsCountry-arrow"}]}
RESULT: {"script":"<script> [1562 bytes]","args":[{"selector":{"id":"application-managepartners-display-component---NewPartner--addressDetailDetailsCountry-arrow"},"wdio_ui5_key":"applicationmanagepartners-display-component---NewPartner--addressDetailDetailsCountry-arrow"}]}
RESULT: undefined
COMMAND: POST /session/6cd8861519be2314cbde44996230575a/element - {"using":"xpath","value":"//*[@id=\"application-managepartners-display-component---NewPartner--addressDetailDetailsCountry-arrow\"]"}
RESULT: {"using":"xpath","value":"//*[@id=\"application-managepartners-display-component---NewPartner--addressDetailDetailsCountry-arrow\"]"}
COMMAND: POST /session/6cd8861519be2314cbde44996230575a/element/f.B713056A9316196A9232F0DF0934CF03.d.171D129ED49628A47C1FA377C6144B8B.e.3392/click - {}
RESULT: {}
COMMAND: POST /session/6cd8861519be2314cbde44996230575a/element - {"using":"xpath","value":"//span[contains(text(), \"Argentina\")]"}
COMMAND: GET /session/6cd8861519be2314cbde44996230575a/screenshot - {}
RESULT: {"using":"xpath","value":"//span[contains(text(), \"Argentina\")]"}
COMMAND: POST /session/6cd8861519be2314cbde44996230575a/element/f.B713056A9316196A9232F0DF0934CF03.d.171D129ED49628A47C1FA377C6144B8B.e.3416/click - {}
RESULT: {}
RESULT: {}
COMMAND: GET /session/6cd8861519be2314cbde44996230575a/screenshot - {}
RESULT: {}
COMMAND: POST /session/6cd8861519be2314cbde44996230575a/element - {"using":"xpath","value":"//bdi[contains(text(), \"Commercial\")]"}
RESULT: {"using":"xpath","value":"//bdi[contains(text(), \"Commercial\")]"}
COMMAND: POST /session/6cd8861519be2314cbde44996230575a/element/f.B713056A9316196A9232F0DF0934CF03.d.171D129ED49628A47C1FA377C6144B8B.e.3417/click - {}
RESULT: {}
COMMAND: GET /session/6cd8861519be2314cbde44996230575a/screenshot - {}
RESULT: {}
COMMAND: POST /session/6cd8861519be2314cbde44996230575a/execute/async - {"script":"<script> [1562 bytes]","args":[{"selector":{"id":"application-managepartners-display-component---NewPartner--partnerDetailInternal-arrow"},"wdio_ui5_key":"applicationmanagepartners-display-component---NewPartner--partnerDetailInternal-arrow"}]}
RESULT: {"script":"<script> [1562 bytes]","args":[{"selector":{"id":"application-managepartners-display-component---NewPartner--partnerDetailInternal-arrow"},"wdio_ui5_key":"applicationmanagepartners-display-component---NewPartner--partnerDetailInternal-arrow"}]}
RESULT: undefined
COMMAND: POST /session/6cd8861519be2314cbde44996230575a/element - {"using":"xpath","value":"//*[@id=\"application-managepartners-display-component---NewPartner--partnerDetailInternal-arrow\"]"}
RESULT: {"using":"xpath","value":"//*[@id=\"application-managepartners-display-component---NewPartner--partnerDetailInternal-arrow\"]"}
COMMAND: POST /session/6cd8861519be2314cbde44996230575a/element/f.B713056A9316196A9232F0DF0934CF03.d.171D129ED49628A47C1FA377C6144B8B.e.3423/click - {}
RESULT: {}
COMMAND: POST /session/6cd8861519be2314cbde44996230575a/element - {"using":"xpath","value":"//span[contains(text(), \"Affiliated company\")]"}
COMMAND: GET /session/6cd8861519be2314cbde44996230575a/screenshot - {}
RESULT: {"using":"xpath","value":"//span[contains(text(), \"Affiliated company\")]"}
COMMAND: POST /session/6cd8861519be2314cbde44996230575a/element/f.B713056A9316196A9232F0DF0934CF03.d.171D129ED49628A47C1FA377C6144B8B.e.3425/click - {}
RESULT: {}
RESULT: {}
COMMAND: POST /session/6cd8861519be2314cbde44996230575a/execute/async - {"script":"<script> [1562 bytes]","args":[{"selector":{"id":"application-managepartners-display-component---NewPartner--partnerDetailsCurrency-arrow"},"wdio_ui5_key":"applicationmanagepartners-display-component---NewPartner--partnerDetailsCurrency-arrow"}]}
COMMAND: GET /session/6cd8861519be2314cbde44996230575a/screenshot - {}
RESULT: {"script":"<script> [1562 bytes]","args":[{"selector":{"id":"application-managepartners-display-component---NewPartner--partnerDetailsCurrency-arrow"},"wdio_ui5_key":"applicationmanagepartners-display-component---NewPartner--partnerDetailsCurrency-arrow"}]}
RESULT: undefined
COMMAND: POST /session/6cd8861519be2314cbde44996230575a/element - {"using":"xpath","value":"//*[@id=\"application-managepartners-display-component---NewPartner--partnerDetailsCurrency-arrow\"]"}
RESULT: {}
RESULT: {"using":"xpath","value":"//*[@id=\"application-managepartners-display-component---NewPartner--partnerDetailsCurrency-arrow\"]"}
COMMAND: POST /session/6cd8861519be2314cbde44996230575a/element/f.B713056A9316196A9232F0DF0934CF03.d.171D129ED49628A47C1FA377C6144B8B.e.3432/click - {}
RESULT: {}
COMMAND: POST /session/6cd8861519be2314cbde44996230575a/element - {"using":"xpath","value":"//span[contains(text(), \"Euro\")]"}
COMMAND: GET /session/6cd8861519be2314cbde44996230575a/screenshot - {}
RESULT: {"using":"xpath","value":"//span[contains(text(), \"Euro\")]"}
COMMAND: POST /session/6cd8861519be2314cbde44996230575a/element/f.B713056A9316196A9232F0DF0934CF03.d.171D129ED49628A47C1FA377C6144B8B.e.3433/click - {}
RESULT: {}
RESULT: {}
COMMAND: POST /session/6cd8861519be2314cbde44996230575a/execute/async - {"script":"<script> [1562 bytes]","args":[{"selector":{"id":"application-managepartners-display-component---NewPartner--addressEditDetailsCostObjectCstType-arrow"},"wdio_ui5_key":"applicationmanagepartners-display-component---NewPartner--addressEditDetailsCostObjectCstType-arrow"}]}
COMMAND: GET /session/6cd8861519be2314cbde44996230575a/screenshot - {}
RESULT: {"script":"<script> [1562 bytes]","args":[{"selector":{"id":"application-managepartners-display-component---NewPartner--addressEditDetailsCostObjectCstType-arrow"},"wdio_ui5_key":"applicationmanagepartners-display-component---NewPartner--addressEditDetailsCostObjectCstType-arrow"}]}
RESULT: undefined
COMMAND: POST /session/6cd8861519be2314cbde44996230575a/element - {"using":"xpath","value":"//*[@id=\"application-managepartners-display-component---NewPartner--addressEditDetailsCostObjectCstType-arrow\"]"}
RESULT: {}
RESULT: {"using":"xpath","value":"//*[@id=\"application-managepartners-display-component---NewPartner--addressEditDetailsCostObjectCstType-arrow\"]"}
COMMAND: POST /session/6cd8861519be2314cbde44996230575a/element/f.B713056A9316196A9232F0DF0934CF03.d.171D129ED49628A47C1FA377C6144B8B.e.3434/click - {}
RESULT: {}
COMMAND: POST /session/6cd8861519be2314cbde44996230575a/element - {"using":"xpath","value":"//span[contains(text(), \"Cost Center\")]"}
COMMAND: GET /session/6cd8861519be2314cbde44996230575a/screenshot - {}
RESULT: {"using":"xpath","value":"//span[contains(text(), \"Cost Center\")]"}
COMMAND: POST /session/6cd8861519be2314cbde44996230575a/element/f.B713056A9316196A9232F0DF0934CF03.d.171D129ED49628A47C1FA377C6144B8B.e.3435/click - {}
RESULT: {}
RESULT: {}
COMMAND: GET /session/6cd8861519be2314cbde44996230575a/screenshot - {}
RESULT: {}
COMMAND: POST /session/6cd8861519be2314cbde44996230575a/element - {"using":"xpath","value":"//span[@id=\"application-managepartners-display-component---NewPartner--addressNewCostObjectCstID-vhi\"]"}
RESULT: {"using":"xpath","value":"//span[@id=\"application-managepartners-display-component---NewPartner--addressNewCostObjectCstID-vhi\"]"}
COMMAND: POST /session/6cd8861519be2314cbde44996230575a/execute/sync - {"script":"<script> [8489 bytes]","args":[{"element-6066-11e4-a52e-4f735466cecf":"f.B713056A9316196A9232F0DF0934CF03.d.171D129ED49628A47C1FA377C6144B8B.e.3439","ELEMENT":"f.B713056A9316196A9232F0DF0934CF03.d.171D129ED49628A47C1FA377C6144B8B.e.3439"}]}
RESULT: {"script":"<script> [8489 bytes]","args":[{"element-6066-11e4-a52e-4f735466cecf":"f.B713056A9316196A9232F0DF0934CF03.d.171D129ED49628A47C1FA377C6144B8B.e.3439","ELEMENT":"f.B713056A9316196A9232F0DF0934CF03.d.171D129ED49628A47C1FA377C6144B8B.e.3439"}]}
COMMAND: POST /session/6cd8861519be2314cbde44996230575a/execute/async - {"script":"<script> [1562 bytes]","args":[{"selector":{"id":"application-managepartners-display-component---NewPartner--addressNewCostObjectCstID-vhi"},"wdio_ui5_key":"applicationmanagepartners-display-component---NewPartner--addressNewCostObjectCstID-vhi"}]}
COMMAND: GET /session/6cd8861519be2314cbde44996230575a/screenshot - {}
RESULT: {"script":"<script> [1562 bytes]","args":[{"selector":{"id":"application-managepartners-display-component---NewPartner--addressNewCostObjectCstID-vhi"},"wdio_ui5_key":"applicationmanagepartners-display-component---NewPartner--addressNewCostObjectCstID-vhi"}]}
RESULT: undefined
COMMAND: POST /session/6cd8861519be2314cbde44996230575a/element - {"using":"xpath","value":"//*[@id=\"application-managepartners-display-component---NewPartner--addressNewCostObjectCstID-vhi\"]"}
RESULT: {}
RESULT: {"using":"xpath","value":"//*[@id=\"application-managepartners-display-component---NewPartner--addressNewCostObjectCstID-vhi\"]"}
COMMAND: POST /session/6cd8861519be2314cbde44996230575a/element/f.B713056A9316196A9232F0DF0934CF03.d.171D129ED49628A47C1FA377C6144B8B.e.3439/click - {}
RESULT: {}
COMMAND: GET /session/6cd8861519be2314cbde44996230575a/screenshot - {}
RESULT: {}
RESULT: undefined
COMMAND: POST /session/6cd8861519be2314cbde44996230575a/execute/async - {"script":"<script> [776 bytes]","args":[{"enterText":"10001013","selector":{"controlType":"sap.m.SearchField","properties":{"placeholder":"Search"},"searchOpenDialogs":true,"interaction":{"idSuffix":"I"}},"clearTextFirst":true,"interactionType":"ENTER_TEXT"}]}
RESULT: {"script":"<script> [776 bytes]","args":[{"enterText":"10001013","selector":{"controlType":"sap.m.SearchField","properties":{"placeholder":"Search"},"searchOpenDialogs":true,"interaction":{"idSuffix":"I"}},"clearTextFirst":true,"interactionType":"ENTER_TEXT"}]}
COMMAND: POST /session/6cd8861519be2314cbde44996230575a/actions - {"actions":[{"id":"action2","type":"key","parameters":{},"actions":[{"type":"keyDown","value":""},{"type":"pause","duration":10},{"type":"keyUp","value":""}]}]}
RESULT: {"actions":[{"id":"action2","type":"key","parameters":{},"actions":[{"type":"keyDown","value":""},{"type":"pause","duration":10},{"type":"keyUp","value":""}]}]}
COMMAND: GET /session/6cd8861519be2314cbde44996230575a/screenshot - {}
RESULT: {}
COMMAND: POST /session/6cd8861519be2314cbde44996230575a/element - {"using":"xpath","value":"//span[contains(text(), \"General Management\")]"}
RESULT: {"using":"xpath","value":"//span[contains(text(), \"General Management\")]"}
COMMAND: POST /session/6cd8861519be2314cbde44996230575a/element/f.B713056A9316196A9232F0DF0934CF03.d.171D129ED49628A47C1FA377C6144B8B.e.3479/click - {}
RESULT: {}
COMMAND: GET /session/6cd8861519be2314cbde44996230575a/screenshot - {}
RESULT: {}
COMMAND: POST /session/6cd8861519be2314cbde44996230575a/element - {"using":"xpath","value":"//bdi[contains(text(), \"OK\")]"}
RESULT: {"using":"xpath","value":"//bdi[contains(text(), \"OK\")]"}
COMMAND: POST /session/6cd8861519be2314cbde44996230575a/element/f.B713056A9316196A9232F0DF0934CF03.d.171D129ED49628A47C1FA377C6144B8B.e.3480/click - {}
RESULT: {}
COMMAND: GET /session/6cd8861519be2314cbde44996230575a/screenshot - {}
RESULT: {}
COMMAND: POST /session/6cd8861519be2314cbde44996230575a/element - {"using":"xpath","value":"//input[@id=\"application-managepartners-display-component---NewPartner--companyCodeComboBox-inner\"]"}
RESULT: {"using":"xpath","value":"//input[@id=\"application-managepartners-display-component---NewPartner--companyCodeComboBox-inner\"]"}
COMMAND: POST /session/6cd8861519be2314cbde44996230575a/element/f.B713056A9316196A9232F0DF0934CF03.d.171D129ED49628A47C1FA377C6144B8B.e.3283/clear - {}
RESULT: {}
COMMAND: POST /session/6cd8861519be2314cbde44996230575a/element/f.B713056A9316196A9232F0DF0934CF03.d.171D129ED49628A47C1FA377C6144B8B.e.3283/value - {"text":"C002"}
COMMAND: GET /session/6cd8861519be2314cbde44996230575a/screenshot - {}
RESULT: {"text":"C002"}
COMMAND: GET /session/6cd8861519be2314cbde44996230575a/screenshot - {}
RESULT: {}
RESULT: {}
COMMAND: POST /session/6cd8861519be2314cbde44996230575a/element - {"using":"xpath","value":"//li[.//span[text()= \"C002\"]]"}
RESULT: {"using":"xpath","value":"//li[.//span[text()= \"C002\"]]"}
COMMAND: POST /session/6cd8861519be2314cbde44996230575a/element/f.B713056A9316196A9232F0DF0934CF03.d.171D129ED49628A47C1FA377C6144B8B.e.3486/click - {}
RESULT: {}
COMMAND: GET /session/6cd8861519be2314cbde44996230575a/screenshot - {}
RESULT: {}
COMMAND: POST /session/6cd8861519be2314cbde44996230575a/execute/async - {"script":"<script> [1562 bytes]","args":[{"selector":{"id":"application-managepartners-display-component---NewPartner--btnAddTableRow-img"},"wdio_ui5_key":"applicationmanagepartners-display-component---NewPartner--btnAddTableRow-img"}]}
RESULT: {"script":"<script> [1562 bytes]","args":[{"selector":{"id":"application-managepartners-display-component---NewPartner--btnAddTableRow-img"},"wdio_ui5_key":"applicationmanagepartners-display-component---NewPartner--btnAddTableRow-img"}]}
RESULT: undefined
COMMAND: POST /session/6cd8861519be2314cbde44996230575a/element - {"using":"xpath","value":"//*[@id=\"application-managepartners-display-component---NewPartner--btnAddTableRow-img\"]"}
RESULT: {"using":"xpath","value":"//*[@id=\"application-managepartners-display-component---NewPartner--btnAddTableRow-img\"]"}
COMMAND: POST /session/6cd8861519be2314cbde44996230575a/element/f.B713056A9316196A9232F0DF0934CF03.d.171D129ED49628A47C1FA377C6144B8B.e.3487/click - {}
RESULT: {}
COMMAND: GET /session/6cd8861519be2314cbde44996230575a/screenshot - {}
RESULT: {}
COMMAND: POST /session/6cd8861519be2314cbde44996230575a/element - {"using":"xpath","value":"//input[@id=\"application-managepartners-display-component---NewPartner--assignmentYard-application-managepartners-display-component---NewPartner--assignmentsTable-0-inner\"]"}
RESULT: {"using":"xpath","value":"//input[@id=\"application-managepartners-display-component---NewPartner--assignmentYard-application-managepartners-display-component---NewPartner--assignmentsTable-0-inner\"]"}
COMMAND: POST /session/6cd8861519be2314cbde44996230575a/element/f.B713056A9316196A9232F0DF0934CF03.d.171D129ED49628A47C1FA377C6144B8B.e.3490/clear - {}
RESULT: {}
COMMAND: POST /session/6cd8861519be2314cbde44996230575a/element/f.B713056A9316196A9232F0DF0934CF03.d.171D129ED49628A47C1FA377C6144B8B.e.3490/value - {"text":"231"}
COMMAND: GET /session/6cd8861519be2314cbde44996230575a/screenshot - {}
RESULT: {"text":"231"}
COMMAND: GET /session/6cd8861519be2314cbde44996230575a/screenshot - {}
RESULT: {}
RESULT: {}
COMMAND: POST /session/6cd8861519be2314cbde44996230575a/element - {"using":"xpath","value":"//li[.//span[text()='231']]"}
RESULT: {"using":"xpath","value":"//li[.//span[text()='231']]"}
COMMAND: POST /session/6cd8861519be2314cbde44996230575a/element/f.B713056A9316196A9232F0DF0934CF03.d.171D129ED49628A47C1FA377C6144B8B.e.3499/click - {}
RESULT: {}
COMMAND: GET /session/6cd8861519be2314cbde44996230575a/screenshot - {}
RESULT: {}
COMMAND: POST /session/6cd8861519be2314cbde44996230575a/actions - {"actions":[{"id":"action3","type":"key","parameters":{},"actions":[{"type":"keyDown","value":""},{"type":"pause","duration":10},{"type":"keyUp","value":""}]}]}
RESULT: {"actions":[{"id":"action3","type":"key","parameters":{},"actions":[{"type":"keyDown","value":""},{"type":"pause","duration":10},{"type":"keyUp","value":""}]}]}
COMMAND: POST /session/6cd8861519be2314cbde44996230575a/execute/async - {"script":"<script> [1562 bytes]","args":[{"selector":{"id":"application-managepartners-display-component---NewPartner--externalCustomerComboBox-application-managepartners-display-component---NewPartner--assignmentsTable-0-vhi"},"wdio_ui5_key":"applicationmanagepartners-display-component---NewPartner--externalCustomerComboBox-application-managepartners-display-component---NewPartner--assignmentsTable-0-vhi"}]}
COMMAND: GET /session/6cd8861519be2314cbde44996230575a/screenshot - {}
RESULT: {"script":"<script> [1562 bytes]","args":[{"selector":{"id":"application-managepartners-display-component---NewPartner--externalCustomerComboBox-application-managepartners-display-component---NewPartner--assignmentsTable-0-vhi"},"wdio_ui5_key":"applicationmanagepartners-display-component---NewPartner--externalCustomerComboBox-application-managepartners-display-component---NewPartner--assignmentsTable-0-vhi"}]}
RESULT: undefined
COMMAND: POST /session/6cd8861519be2314cbde44996230575a/element - {"using":"xpath","value":"//*[@id=\"application-managepartners-display-component---NewPartner--externalCustomerComboBox-application-managepartners-display-component---NewPartner--assignmentsTable-0-vhi\"]"}
RESULT: {}
RESULT: {"using":"xpath","value":"//*[@id=\"application-managepartners-display-component---NewPartner--externalCustomerComboBox-application-managepartners-display-component---NewPartner--assignmentsTable-0-vhi\"]"}
COMMAND: POST /session/6cd8861519be2314cbde44996230575a/element/f.B713056A9316196A9232F0DF0934CF03.d.171D129ED49628A47C1FA377C6144B8B.e.3503/click - {}
RESULT: {}
RESULT: undefined
COMMAND: POST /session/6cd8861519be2314cbde44996230575a/execute/async - {"script":"<script> [776 bytes]","args":[{"enterText":"300003","selector":{"controlType":"sap.m.SearchField","properties":{"placeholder":"Search"},"searchOpenDialogs":true,"interaction":{"idSuffix":"I"}},"clearTextFirst":true,"interactionType":"ENTER_TEXT"}]}
COMMAND: GET /session/6cd8861519be2314cbde44996230575a/screenshot - {}
RESULT: {"script":"<script> [776 bytes]","args":[{"enterText":"300003","selector":{"controlType":"sap.m.SearchField","properties":{"placeholder":"Search"},"searchOpenDialogs":true,"interaction":{"idSuffix":"I"}},"clearTextFirst":true,"interactionType":"ENTER_TEXT"}]}
COMMAND: POST /session/6cd8861519be2314cbde44996230575a/actions - {"actions":[{"id":"action4","type":"key","parameters":{},"actions":[{"type":"keyDown","value":""},{"type":"pause","duration":10},{"type":"keyUp","value":""}]}]}
RESULT: {}
RESULT: {"actions":[{"id":"action4","type":"key","parameters":{},"actions":[{"type":"keyDown","value":""},{"type":"pause","duration":10},{"type":"keyUp","value":""}]}]}
COMMAND: GET /session/6cd8861519be2314cbde44996230575a/screenshot - {}
RESULT: {}
COMMAND: POST /session/6cd8861519be2314cbde44996230575a/element - {"using":"xpath","value":"//span[contains(text(), \"300003\")]"}
RESULT: {"using":"xpath","value":"//span[contains(text(), \"300003\")]"}
COMMAND: POST /session/6cd8861519be2314cbde44996230575a/element/f.B713056A9316196A9232F0DF0934CF03.d.171D129ED49628A47C1FA377C6144B8B.e.3520/click - {}
RESULT: {}
COMMAND: GET /session/6cd8861519be2314cbde44996230575a/screenshot - {}
RESULT: {}
COMMAND: POST /session/6cd8861519be2314cbde44996230575a/element - {"using":"xpath","value":"//bdi[contains(text(), \"OK\")]"}
RESULT: {"using":"xpath","value":"//bdi[contains(text(), \"OK\")]"}
COMMAND: POST /session/6cd8861519be2314cbde44996230575a/element/f.B713056A9316196A9232F0DF0934CF03.d.171D129ED49628A47C1FA377C6144B8B.e.3522/click - {}
RESULT: {}
COMMAND: GET /session/6cd8861519be2314cbde44996230575a/screenshot - {}
RESULT: {}
COMMAND: POST /session/6cd8861519be2314cbde44996230575a/execute/async - {"script":"<script> [1562 bytes]","args":[{"selector":{"id":"application-managepartners-display-component---NewPartner--intercompVendorComboBox-application-managepartners-display-component---NewPartner--assignmentsTable-0-vhi"},"wdio_ui5_key":"applicationmanagepartners-display-component---NewPartner--intercompVendorComboBox-application-managepartners-display-component---NewPartner--assignmentsTable-0-vhi"}]}
RESULT: {"script":"<script> [1562 bytes]","args":[{"selector":{"id":"application-managepartners-display-component---NewPartner--intercompVendorComboBox-application-managepartners-display-component---NewPartner--assignmentsTable-0-vhi"},"wdio_ui5_key":"applicationmanagepartners-display-component---NewPartner--intercompVendorComboBox-application-managepartners-display-component---NewPartner--assignmentsTable-0-vhi"}]}
RESULT: undefined
COMMAND: POST /session/6cd8861519be2314cbde44996230575a/element - {"using":"xpath","value":"//*[@id=\"application-managepartners-display-component---NewPartner--intercompVendorComboBox-application-managepartners-display-component---NewPartner--assignmentsTable-0-vhi\"]"}
RESULT: {"using":"xpath","value":"//*[@id=\"application-managepartners-display-component---NewPartner--intercompVendorComboBox-application-managepartners-display-component---NewPartner--assignmentsTable-0-vhi\"]"}
COMMAND: POST /session/6cd8861519be2314cbde44996230575a/element/f.B713056A9316196A9232F0DF0934CF03.d.171D129ED49628A47C1FA377C6144B8B.e.3525/click - {}
RESULT: {}
RESULT: undefined
COMMAND: POST /session/6cd8861519be2314cbde44996230575a/execute/async - {"script":"<script> [776 bytes]","args":[{"enterText":"100005","selector":{"controlType":"sap.m.SearchField","properties":{"placeholder":"Search"},"searchOpenDialogs":true,"interaction":{"idSuffix":"I"}},"clearTextFirst":true,"interactionType":"ENTER_TEXT"}]}
COMMAND: GET /session/6cd8861519be2314cbde44996230575a/screenshot - {}
RESULT: {"script":"<script> [776 bytes]","args":[{"enterText":"100005","selector":{"controlType":"sap.m.SearchField","properties":{"placeholder":"Search"},"searchOpenDialogs":true,"interaction":{"idSuffix":"I"}},"clearTextFirst":true,"interactionType":"ENTER_TEXT"}]}
COMMAND: POST /session/6cd8861519be2314cbde44996230575a/actions - {"actions":[{"id":"action5","type":"key","parameters":{},"actions":[{"type":"keyDown","value":""},{"type":"pause","duration":10},{"type":"keyUp","value":""}]}]}
RESULT: {}
RESULT: {"actions":[{"id":"action5","type":"key","parameters":{},"actions":[{"type":"keyDown","value":""},{"type":"pause","duration":10},{"type":"keyUp","value":""}]}]}
COMMAND: GET /session/6cd8861519be2314cbde44996230575a/screenshot - {}
RESULT: {}
COMMAND: POST /session/6cd8861519be2314cbde44996230575a/element - {"using":"xpath","value":"//span[contains(text(), \"Penguins - Field/12345 Berlin\")]"}
RESULT: {"using":"xpath","value":"//span[contains(text(), \"Penguins - Field/12345 Berlin\")]"}
COMMAND: POST /session/6cd8861519be2314cbde44996230575a/element/f.B713056A9316196A9232F0DF0934CF03.d.171D129ED49628A47C1FA377C6144B8B.e.3543/click - {}
RESULT: {}
COMMAND: GET /session/6cd8861519be2314cbde44996230575a/screenshot - {}
RESULT: {}
COMMAND: POST /session/6cd8861519be2314cbde44996230575a/element - {"using":"xpath","value":"//bdi[contains(text(), \"OK\")]"}
RESULT: {"using":"xpath","value":"//bdi[contains(text(), \"OK\")]"}
COMMAND: POST /session/6cd8861519be2314cbde44996230575a/element/f.B713056A9316196A9232F0DF0934CF03.d.171D129ED49628A47C1FA377C6144B8B.e.3544/click - {}
RESULT: {}
COMMAND: GET /session/6cd8861519be2314cbde44996230575a/screenshot - {}
RESULT: {}
COMMAND: POST /session/6cd8861519be2314cbde44996230575a/element - {"using":"xpath","value":"//button[@data-kt=\"saveButton\"]"}
RESULT: {"using":"xpath","value":"//button[@data-kt=\"saveButton\"]"}
COMMAND: POST /session/6cd8861519be2314cbde44996230575a/element/f.B713056A9316196A9232F0DF0934CF03.d.171D129ED49628A47C1FA377C6144B8B.e.3388/click - {}
RESULT: {}
COMMAND: GET /session/6cd8861519be2314cbde44996230575a/screenshot - {}
RESULT: {}
COMMAND: POST /session/6cd8861519be2314cbde44996230575a/element - {"using":"xpath","value":"//header[contains(@id, 'ObjectPageLayout-headerTitle')]/div[1]/div[2]/div[2]/span[1]"}
RESULT: {"using":"xpath","value":"//header[contains(@id, 'ObjectPageLayout-headerTitle')]/div[1]/div[2]/div[2]/span[1]"}
COMMAND: POST /session/6cd8861519be2314cbde44996230575a/elements - {"using":"xpath","value":"//header[contains(@id, 'ObjectPageLayout-headerTitle')]/div[1]/div[2]/div[2]/span[1]"}
RESULT: {"using":"xpath","value":"//header[contains(@id, 'ObjectPageLayout-headerTitle')]/div[1]/div[2]/div[2]/span[1]"}
COMMAND: POST /session/6cd8861519be2314cbde44996230575a/execute/sync - {"script":"<script> [56 bytes]","args":[{"element-6066-11e4-a52e-4f735466cecf":"f.B713056A9316196A9232F0DF0934CF03.d.171D129ED49628A47C1FA377C6144B8B.e.3685","ELEMENT":"f.B713056A9316196A9232F0DF0934CF03.d.171D129ED49628A47C1FA377C6144B8B.e.3685"}]}
RESULT: {"script":"<script> [56 bytes]","args":[{"element-6066-11e4-a52e-4f735466cecf":"f.B713056A9316196A9232F0DF0934CF03.d.171D129ED49628A47C1FA377C6144B8B.e.3685","ELEMENT":"f.B713056A9316196A9232F0DF0934CF03.d.171D129ED49628A47C1FA377C6144B8B.e.3685"}]}
COMMAND: POST /session/6cd8861519be2314cbde44996230575a/element - {"using":"css selector","value":"#shell-header-logo"}
COMMAND: GET /session/6cd8861519be2314cbde44996230575a/screenshot - {}
RESULT: {"using":"css selector","value":"#shell-header-logo"}
COMMAND: POST /session/6cd8861519be2314cbde44996230575a/element/f.B713056A9316196A9232F0DF0934CF03.d.171D129ED49628A47C1FA377C6144B8B.e.2983/click - {}
RESULT: {}
RESULT: {}
COMMAND: GET /session/6cd8861519be2314cbde44996230575a/screenshot - {}
RESULT: {}
COMMAND: POST /session/6cd8861519be2314cbde44996230575a/execute/sync - {"script":"<script> [299 bytes]","args":[["getModel","getResource"]]}
RESULT: {"script":"<script> [299 bytes]","args":[["getModel","getResource"]]}
COMMAND: GET /session/6cd8861519be2314cbde44996230575a/screenshot - {}
]]></system-out>
    </testcase>
    <testcase classname="chrome.136_0_7103_93.windows.Billing_Transfer_-_Master_data_&amp;_Intercompany_US127250" name="Should create a new site" time="162.887">
      <system-out><![CDATA[
COMMAND: POST /session/6cd8861519be2314cbde44996230575a/execute/async - {"script":"<script> [1562 bytes]","args":[{"selector":{"controlType":"sap.m.GenericTile","properties":{"header":"Manage Sites"}},"wdio_ui5_key":"sapm.GenericTile{\"header\":\"Manage Sites\"}"}]}
RESULT: {"script":"<script> [1562 bytes]","args":[{"selector":{"controlType":"sap.m.GenericTile","properties":{"header":"Manage Sites"}},"wdio_ui5_key":"sapm.GenericTile{\"header\":\"Manage Sites\"}"}]}
RESULT: undefined
COMMAND: POST /session/6cd8861519be2314cbde44996230575a/element - {"using":"xpath","value":"//*[@id=\"__tile40\"]"}
RESULT: {}
RESULT: {"using":"xpath","value":"//*[@id=\"__tile40\"]"}
COMMAND: POST /session/6cd8861519be2314cbde44996230575a/element/f.B713056A9316196A9232F0DF0934CF03.d.171D129ED49628A47C1FA377C6144B8B.e.2130/click - {}
RESULT: {}
COMMAND: GET /session/6cd8861519be2314cbde44996230575a/screenshot - {}
RESULT: {}
COMMAND: POST /session/6cd8861519be2314cbde44996230575a/elements - {"using":"xpath","value":"//span[text()='Error']"}
RESULT: {"using":"xpath","value":"//span[text()='Error']"}
COMMAND: POST /session/6cd8861519be2314cbde44996230575a/element - {"using":"xpath","value":"//button[@data-kt=\"addOverflowToolbarButton\"]"}
RESULT: {"using":"xpath","value":"//button[@data-kt=\"addOverflowToolbarButton\"]"}
COMMAND: POST /session/6cd8861519be2314cbde44996230575a/elements - {"using":"xpath","value":"//button[@data-kt=\"addOverflowToolbarButton\"]"}
RESULT: {"using":"xpath","value":"//button[@data-kt=\"addOverflowToolbarButton\"]"}
COMMAND: POST /session/6cd8861519be2314cbde44996230575a/execute/sync - {"script":"<script> [8489 bytes]","args":[{"element-6066-11e4-a52e-4f735466cecf":"f.B713056A9316196A9232F0DF0934CF03.d.171D129ED49628A47C1FA377C6144B8B.e.3732","ELEMENT":"f.B713056A9316196A9232F0DF0934CF03.d.171D129ED49628A47C1FA377C6144B8B.e.3732"}]}
RESULT: {"script":"<script> [8489 bytes]","args":[{"element-6066-11e4-a52e-4f735466cecf":"f.B713056A9316196A9232F0DF0934CF03.d.171D129ED49628A47C1FA377C6144B8B.e.3732","ELEMENT":"f.B713056A9316196A9232F0DF0934CF03.d.171D129ED49628A47C1FA377C6144B8B.e.3732"}]}
COMMAND: GET /session/6cd8861519be2314cbde44996230575a/element/f.B713056A9316196A9232F0DF0934CF03.d.171D129ED49628A47C1FA377C6144B8B.e.3732/enabled - {}
COMMAND: GET /session/6cd8861519be2314cbde44996230575a/screenshot - {}
RESULT: {}
COMMAND: POST /session/6cd8861519be2314cbde44996230575a/execute/sync - {"script":"<script> [8489 bytes]","args":[{"element-6066-11e4-a52e-4f735466cecf":"f.B713056A9316196A9232F0DF0934CF03.d.171D129ED49628A47C1FA377C6144B8B.e.3732","ELEMENT":"f.B713056A9316196A9232F0DF0934CF03.d.171D129ED49628A47C1FA377C6144B8B.e.3732"}]}
COMMAND: GET /session/6cd8861519be2314cbde44996230575a/screenshot - {}
RESULT: {}
RESULT: {"script":"<script> [8489 bytes]","args":[{"element-6066-11e4-a52e-4f735466cecf":"f.B713056A9316196A9232F0DF0934CF03.d.171D129ED49628A47C1FA377C6144B8B.e.3732","ELEMENT":"f.B713056A9316196A9232F0DF0934CF03.d.171D129ED49628A47C1FA377C6144B8B.e.3732"}]}
COMMAND: POST /session/6cd8861519be2314cbde44996230575a/execute/sync - {"script":"<script> [5351 bytes]","args":[{"element-6066-11e4-a52e-4f735466cecf":"f.B713056A9316196A9232F0DF0934CF03.d.171D129ED49628A47C1FA377C6144B8B.e.3732","ELEMENT":"f.B713056A9316196A9232F0DF0934CF03.d.171D129ED49628A47C1FA377C6144B8B.e.3732"}]}
COMMAND: GET /session/6cd8861519be2314cbde44996230575a/screenshot - {}
RESULT: {}
RESULT: {"script":"<script> [5351 bytes]","args":[{"element-6066-11e4-a52e-4f735466cecf":"f.B713056A9316196A9232F0DF0934CF03.d.171D129ED49628A47C1FA377C6144B8B.e.3732","ELEMENT":"f.B713056A9316196A9232F0DF0934CF03.d.171D129ED49628A47C1FA377C6144B8B.e.3732"}]}
COMMAND: POST /session/6cd8861519be2314cbde44996230575a/element/f.B713056A9316196A9232F0DF0934CF03.d.171D129ED49628A47C1FA377C6144B8B.e.3732/click - {}
COMMAND: GET /session/6cd8861519be2314cbde44996230575a/screenshot - {}
RESULT: {}
RESULT: {}
COMMAND: GET /session/6cd8861519be2314cbde44996230575a/screenshot - {}
COMMAND: POST /session/6cd8861519be2314cbde44996230575a/element - {"using":"xpath","value":"//input[@id=\"application-managesites-display-component---NewSite--siteId-inner\"]"}
RESULT: {}
RESULT: {}
RESULT: {"using":"xpath","value":"//input[@id=\"application-managesites-display-component---NewSite--siteId-inner\"]"}
COMMAND: POST /session/6cd8861519be2314cbde44996230575a/element - {"using":"xpath","value":"//input[@id=\"application-managesites-display-component---NewSite--siteId-inner\"]"}
RESULT: {"using":"xpath","value":"//input[@id=\"application-managesites-display-component---NewSite--siteId-inner\"]"}
COMMAND: POST /session/6cd8861519be2314cbde44996230575a/execute/async - {"script":"<script> [1562 bytes]","args":[{"selector":{"id":"application-managesites-display-component---NewSite--addressDetailDetailsName1","interaction":{"idSuffix":"inner"}},"wdio_ui5_key":"applicationmanagesites-display-component---NewSite--addressDetailDetailsName1"}]}
RESULT: {"script":"<script> [1562 bytes]","args":[{"selector":{"id":"application-managesites-display-component---NewSite--addressDetailDetailsName1","interaction":{"idSuffix":"inner"}},"wdio_ui5_key":"applicationmanagesites-display-component---NewSite--addressDetailDetailsName1"}]}
RESULT: undefined
COMMAND: POST /session/6cd8861519be2314cbde44996230575a/execute/async - {"script":"<script> [776 bytes]","args":[{"enterText":"Intercompany Site wdIO","selector":{"id":"application-managesites-display-component---NewSite--addressDetailDetailsName1","interaction":{"idSuffix":"inner"}},"clearTextFirst":true,"interactionType":"ENTER_TEXT"}]}
RESULT: {"script":"<script> [776 bytes]","args":[{"enterText":"Intercompany Site wdIO","selector":{"id":"application-managesites-display-component---NewSite--addressDetailDetailsName1","interaction":{"idSuffix":"inner"}},"clearTextFirst":true,"interactionType":"ENTER_TEXT"}]}
COMMAND: POST /session/6cd8861519be2314cbde44996230575a/execute/async - {"script":"<script> [1562 bytes]","args":[{"selector":{"id":"application-managesites-display-component---NewSite--addressDetailDetailsLanguage-arrow"},"wdio_ui5_key":"applicationmanagesites-display-component---NewSite--addressDetailDetailsLanguage-arrow"}]}
RESULT: {"script":"<script> [1562 bytes]","args":[{"selector":{"id":"application-managesites-display-component---NewSite--addressDetailDetailsLanguage-arrow"},"wdio_ui5_key":"applicationmanagesites-display-component---NewSite--addressDetailDetailsLanguage-arrow"}]}
RESULT: undefined
COMMAND: POST /session/6cd8861519be2314cbde44996230575a/element - {"using":"xpath","value":"//*[@id=\"application-managesites-display-component---NewSite--addressDetailDetailsLanguage-arrow\"]"}
RESULT: {"using":"xpath","value":"//*[@id=\"application-managesites-display-component---NewSite--addressDetailDetailsLanguage-arrow\"]"}
COMMAND: POST /session/6cd8861519be2314cbde44996230575a/element/f.B713056A9316196A9232F0DF0934CF03.d.171D129ED49628A47C1FA377C6144B8B.e.4104/click - {}
RESULT: {}
COMMAND: POST /session/6cd8861519be2314cbde44996230575a/element - {"using":"xpath","value":"//span[contains(text(), \"English\")]"}
COMMAND: GET /session/6cd8861519be2314cbde44996230575a/screenshot - {}
RESULT: {"using":"xpath","value":"//span[contains(text(), \"English\")]"}
COMMAND: POST /session/6cd8861519be2314cbde44996230575a/element/f.B713056A9316196A9232F0DF0934CF03.d.171D129ED49628A47C1FA377C6144B8B.e.4105/click - {}
RESULT: {}
RESULT: {}
COMMAND: POST /session/6cd8861519be2314cbde44996230575a/execute/async - {"script":"<script> [1562 bytes]","args":[{"selector":{"id":"application-managesites-display-component---NewSite--addressDetailDetailsCity1","interaction":{"idSuffix":"inner"}},"wdio_ui5_key":"applicationmanagesites-display-component---NewSite--addressDetailDetailsCity1"}]}
COMMAND: GET /session/6cd8861519be2314cbde44996230575a/screenshot - {}
RESULT: {"script":"<script> [1562 bytes]","args":[{"selector":{"id":"application-managesites-display-component---NewSite--addressDetailDetailsCity1","interaction":{"idSuffix":"inner"}},"wdio_ui5_key":"applicationmanagesites-display-component---NewSite--addressDetailDetailsCity1"}]}
RESULT: undefined
COMMAND: POST /session/6cd8861519be2314cbde44996230575a/execute/async - {"script":"<script> [776 bytes]","args":[{"enterText":"Rosario","selector":{"id":"application-managesites-display-component---NewSite--addressDetailDetailsCity1","interaction":{"idSuffix":"inner"}},"clearTextFirst":true,"interactionType":"ENTER_TEXT"}]}
RESULT: {}
RESULT: {"script":"<script> [776 bytes]","args":[{"enterText":"Rosario","selector":{"id":"application-managesites-display-component---NewSite--addressDetailDetailsCity1","interaction":{"idSuffix":"inner"}},"clearTextFirst":true,"interactionType":"ENTER_TEXT"}]}
COMMAND: POST /session/6cd8861519be2314cbde44996230575a/execute/async - {"script":"<script> [1562 bytes]","args":[{"selector":{"id":"application-managesites-display-component---NewSite--addressDetailDetailsCountry-arrow"},"wdio_ui5_key":"applicationmanagesites-display-component---NewSite--addressDetailDetailsCountry-arrow"}]}
RESULT: {"script":"<script> [1562 bytes]","args":[{"selector":{"id":"application-managesites-display-component---NewSite--addressDetailDetailsCountry-arrow"},"wdio_ui5_key":"applicationmanagesites-display-component---NewSite--addressDetailDetailsCountry-arrow"}]}
RESULT: undefined
COMMAND: POST /session/6cd8861519be2314cbde44996230575a/element - {"using":"xpath","value":"//*[@id=\"application-managesites-display-component---NewSite--addressDetailDetailsCountry-arrow\"]"}
RESULT: {"using":"xpath","value":"//*[@id=\"application-managesites-display-component---NewSite--addressDetailDetailsCountry-arrow\"]"}
COMMAND: POST /session/6cd8861519be2314cbde44996230575a/element/f.B713056A9316196A9232F0DF0934CF03.d.171D129ED49628A47C1FA377C6144B8B.e.4107/click - {}
RESULT: {}
COMMAND: POST /session/6cd8861519be2314cbde44996230575a/element - {"using":"xpath","value":"//span[contains(text(), \"Argentina\")]"}
COMMAND: GET /session/6cd8861519be2314cbde44996230575a/screenshot - {}
RESULT: {"using":"xpath","value":"//span[contains(text(), \"Argentina\")]"}
COMMAND: POST /session/6cd8861519be2314cbde44996230575a/element/f.B713056A9316196A9232F0DF0934CF03.d.171D129ED49628A47C1FA377C6144B8B.e.4108/click - {}
RESULT: {}
RESULT: {}
COMMAND: GET /session/6cd8861519be2314cbde44996230575a/screenshot - {}
RESULT: {}
COMMAND: POST /session/6cd8861519be2314cbde44996230575a/execute/async - {"script":"<script> [1562 bytes]","args":[{"selector":{"id":"application-managesites-display-component---NewSite--addressEditDetailsCostObjectCstType-arrow"},"wdio_ui5_key":"applicationmanagesites-display-component---NewSite--addressEditDetailsCostObjectCstType-arrow"}]}
RESULT: {"script":"<script> [1562 bytes]","args":[{"selector":{"id":"application-managesites-display-component---NewSite--addressEditDetailsCostObjectCstType-arrow"},"wdio_ui5_key":"applicationmanagesites-display-component---NewSite--addressEditDetailsCostObjectCstType-arrow"}]}
RESULT: undefined
COMMAND: POST /session/6cd8861519be2314cbde44996230575a/element - {"using":"xpath","value":"//*[@id=\"application-managesites-display-component---NewSite--addressEditDetailsCostObjectCstType-arrow\"]"}
RESULT: {"using":"xpath","value":"//*[@id=\"application-managesites-display-component---NewSite--addressEditDetailsCostObjectCstType-arrow\"]"}
COMMAND: POST /session/6cd8861519be2314cbde44996230575a/element/f.B713056A9316196A9232F0DF0934CF03.d.171D129ED49628A47C1FA377C6144B8B.e.4109/click - {}
RESULT: {}
COMMAND: POST /session/6cd8861519be2314cbde44996230575a/element - {"using":"xpath","value":"//span[contains(text(), \"Cost Center\")]"}
COMMAND: GET /session/6cd8861519be2314cbde44996230575a/screenshot - {}
RESULT: {"using":"xpath","value":"//span[contains(text(), \"Cost Center\")]"}
COMMAND: POST /session/6cd8861519be2314cbde44996230575a/element/f.B713056A9316196A9232F0DF0934CF03.d.171D129ED49628A47C1FA377C6144B8B.e.4110/click - {}
RESULT: {}
RESULT: {}
COMMAND: GET /session/6cd8861519be2314cbde44996230575a/screenshot - {}
RESULT: {}
COMMAND: POST /session/6cd8861519be2314cbde44996230575a/element - {"using":"xpath","value":"//span[@id=\"application-managesites-display-component---NewSite--addressNewCostObjectCstID-vhi\"]"}
RESULT: {"using":"xpath","value":"//span[@id=\"application-managesites-display-component---NewSite--addressNewCostObjectCstID-vhi\"]"}
COMMAND: POST /session/6cd8861519be2314cbde44996230575a/execute/sync - {"script":"<script> [8489 bytes]","args":[{"element-6066-11e4-a52e-4f735466cecf":"f.B713056A9316196A9232F0DF0934CF03.d.171D129ED49628A47C1FA377C6144B8B.e.4114","ELEMENT":"f.B713056A9316196A9232F0DF0934CF03.d.171D129ED49628A47C1FA377C6144B8B.e.4114"}]}
RESULT: {"script":"<script> [8489 bytes]","args":[{"element-6066-11e4-a52e-4f735466cecf":"f.B713056A9316196A9232F0DF0934CF03.d.171D129ED49628A47C1FA377C6144B8B.e.4114","ELEMENT":"f.B713056A9316196A9232F0DF0934CF03.d.171D129ED49628A47C1FA377C6144B8B.e.4114"}]}
COMMAND: POST /session/6cd8861519be2314cbde44996230575a/execute/async - {"script":"<script> [1562 bytes]","args":[{"selector":{"id":"application-managesites-display-component---NewSite--addressNewCostObjectCstID-vhi"},"wdio_ui5_key":"applicationmanagesites-display-component---NewSite--addressNewCostObjectCstID-vhi"}]}
COMMAND: GET /session/6cd8861519be2314cbde44996230575a/screenshot - {}
RESULT: {"script":"<script> [1562 bytes]","args":[{"selector":{"id":"application-managesites-display-component---NewSite--addressNewCostObjectCstID-vhi"},"wdio_ui5_key":"applicationmanagesites-display-component---NewSite--addressNewCostObjectCstID-vhi"}]}
RESULT: undefined
COMMAND: POST /session/6cd8861519be2314cbde44996230575a/element - {"using":"xpath","value":"//*[@id=\"application-managesites-display-component---NewSite--addressNewCostObjectCstID-vhi\"]"}
RESULT: {}
RESULT: {"using":"xpath","value":"//*[@id=\"application-managesites-display-component---NewSite--addressNewCostObjectCstID-vhi\"]"}
COMMAND: POST /session/6cd8861519be2314cbde44996230575a/element/f.B713056A9316196A9232F0DF0934CF03.d.171D129ED49628A47C1FA377C6144B8B.e.4114/click - {}
RESULT: {}
COMMAND: GET /session/6cd8861519be2314cbde44996230575a/screenshot - {}
RESULT: {}
RESULT: undefined
COMMAND: POST /session/6cd8861519be2314cbde44996230575a/execute/async - {"script":"<script> [776 bytes]","args":[{"enterText":"10001013","selector":{"controlType":"sap.m.SearchField","properties":{"placeholder":"Search"},"searchOpenDialogs":true,"interaction":{"idSuffix":"I"}},"clearTextFirst":true,"interactionType":"ENTER_TEXT"}]}
RESULT: {"script":"<script> [776 bytes]","args":[{"enterText":"10001013","selector":{"controlType":"sap.m.SearchField","properties":{"placeholder":"Search"},"searchOpenDialogs":true,"interaction":{"idSuffix":"I"}},"clearTextFirst":true,"interactionType":"ENTER_TEXT"}]}
COMMAND: POST /session/6cd8861519be2314cbde44996230575a/actions - {"actions":[{"id":"action6","type":"key","parameters":{},"actions":[{"type":"keyDown","value":""},{"type":"pause","duration":10},{"type":"keyUp","value":""}]}]}
RESULT: {"actions":[{"id":"action6","type":"key","parameters":{},"actions":[{"type":"keyDown","value":""},{"type":"pause","duration":10},{"type":"keyUp","value":""}]}]}
COMMAND: GET /session/6cd8861519be2314cbde44996230575a/screenshot - {}
RESULT: {}
COMMAND: POST /session/6cd8861519be2314cbde44996230575a/element - {"using":"xpath","value":"//span[contains(text(), \"General Management\")]"}
RESULT: {"using":"xpath","value":"//span[contains(text(), \"General Management\")]"}
COMMAND: POST /session/6cd8861519be2314cbde44996230575a/element/f.B713056A9316196A9232F0DF0934CF03.d.171D129ED49628A47C1FA377C6144B8B.e.4152/click - {}
RESULT: {}
COMMAND: GET /session/6cd8861519be2314cbde44996230575a/screenshot - {}
RESULT: {}
COMMAND: POST /session/6cd8861519be2314cbde44996230575a/element - {"using":"xpath","value":"//bdi[contains(text(), \"OK\")]"}
RESULT: {"using":"xpath","value":"//bdi[contains(text(), \"OK\")]"}
COMMAND: POST /session/6cd8861519be2314cbde44996230575a/element/f.B713056A9316196A9232F0DF0934CF03.d.171D129ED49628A47C1FA377C6144B8B.e.4153/click - {}
RESULT: {}
COMMAND: GET /session/6cd8861519be2314cbde44996230575a/screenshot - {}
RESULT: {}
COMMAND: POST /session/6cd8861519be2314cbde44996230575a/element - {"using":"xpath","value":"//input[@id=\"application-managesites-display-component---NewSite--addressDetailDetailsCalendar-inner\"]"}
RESULT: {"using":"xpath","value":"//input[@id=\"application-managesites-display-component---NewSite--addressDetailDetailsCalendar-inner\"]"}
COMMAND: POST /session/6cd8861519be2314cbde44996230575a/element/f.B713056A9316196A9232F0DF0934CF03.d.171D129ED49628A47C1FA377C6144B8B.e.3917/clear - {}
RESULT: {}
COMMAND: POST /session/6cd8861519be2314cbde44996230575a/element/f.B713056A9316196A9232F0DF0934CF03.d.171D129ED49628A47C1FA377C6144B8B.e.3917/value - {"text":"Unit"}
COMMAND: GET /session/6cd8861519be2314cbde44996230575a/screenshot - {}
RESULT: {"text":"Unit"}
COMMAND: GET /session/6cd8861519be2314cbde44996230575a/screenshot - {}
RESULT: {}
RESULT: {}
COMMAND: POST /session/6cd8861519be2314cbde44996230575a/actions - {"actions":[{"id":"action7","type":"key","parameters":{},"actions":[{"type":"keyDown","value":""},{"type":"pause","duration":10},{"type":"keyUp","value":""}]}]}
RESULT: {"actions":[{"id":"action7","type":"key","parameters":{},"actions":[{"type":"keyDown","value":""},{"type":"pause","duration":10},{"type":"keyUp","value":""}]}]}
COMMAND: POST /session/6cd8861519be2314cbde44996230575a/element - {"using":"xpath","value":"//input[@id=\"application-managesites-display-component---NewSite--addressDetailDetailsYard-inner\"]"}
RESULT: {"using":"xpath","value":"//input[@id=\"application-managesites-display-component---NewSite--addressDetailDetailsYard-inner\"]"}
COMMAND: POST /session/6cd8861519be2314cbde44996230575a/element/f.B713056A9316196A9232F0DF0934CF03.d.171D129ED49628A47C1FA377C6144B8B.e.3918/clear - {}
COMMAND: GET /session/6cd8861519be2314cbde44996230575a/screenshot - {}
RESULT: {}
COMMAND: POST /session/6cd8861519be2314cbde44996230575a/element/f.B713056A9316196A9232F0DF0934CF03.d.171D129ED49628A47C1FA377C6144B8B.e.3918/value - {"text":"231"}
COMMAND: GET /session/6cd8861519be2314cbde44996230575a/screenshot - {}
RESULT: {}
RESULT: {"text":"231"}
COMMAND: GET /session/6cd8861519be2314cbde44996230575a/screenshot - {}
RESULT: {}
RESULT: {}
COMMAND: POST /session/6cd8861519be2314cbde44996230575a/element - {"using":"xpath","value":"//li[.//span[text()='231']]"}
RESULT: {"using":"xpath","value":"//li[.//span[text()='231']]"}
COMMAND: POST /session/6cd8861519be2314cbde44996230575a/element/f.B713056A9316196A9232F0DF0934CF03.d.171D129ED49628A47C1FA377C6144B8B.e.4161/click - {}
RESULT: {}
COMMAND: GET /session/6cd8861519be2314cbde44996230575a/screenshot - {}
RESULT: {}
COMMAND: POST /session/6cd8861519be2314cbde44996230575a/element - {"using":"xpath","value":"//input[@id=\"application-managesites-display-component---NewSite--addressDetailDetailsPartner-inner\"]"}
RESULT: {"using":"xpath","value":"//input[@id=\"application-managesites-display-component---NewSite--addressDetailDetailsPartner-inner\"]"}
COMMAND: POST /session/6cd8861519be2314cbde44996230575a/element - {"using":"xpath","value":"//input[@id=\"application-managesites-display-component---NewSite--addressDetailDetailsPartner-inner\"]"}
RESULT: {"using":"xpath","value":"//input[@id=\"application-managesites-display-component---NewSite--addressDetailDetailsPartner-inner\"]"}
COMMAND: POST /session/6cd8861519be2314cbde44996230575a/element - {"using":"xpath","value":"//button[@data-kt=\"saveButton\"]"}
RESULT: {"using":"xpath","value":"//button[@data-kt=\"saveButton\"]"}
COMMAND: POST /session/6cd8861519be2314cbde44996230575a/element/f.B713056A9316196A9232F0DF0934CF03.d.171D129ED49628A47C1FA377C6144B8B.e.4097/click - {}
RESULT: {}
COMMAND: GET /session/6cd8861519be2314cbde44996230575a/screenshot - {}
RESULT: {}
COMMAND: POST /session/6cd8861519be2314cbde44996230575a/element - {"using":"xpath","value":"//header[contains(@id, 'ObjectPageLayout-headerTitle')]/div[1]/div[2]/div[2]/span[1]"}
RESULT: {"using":"xpath","value":"//header[contains(@id, 'ObjectPageLayout-headerTitle')]/div[1]/div[2]/div[2]/span[1]"}
COMMAND: POST /session/6cd8861519be2314cbde44996230575a/elements - {"using":"xpath","value":"//header[contains(@id, 'ObjectPageLayout-headerTitle')]/div[1]/div[2]/div[2]/span[1]"}
RESULT: {"using":"xpath","value":"//header[contains(@id, 'ObjectPageLayout-headerTitle')]/div[1]/div[2]/div[2]/span[1]"}
COMMAND: POST /session/6cd8861519be2314cbde44996230575a/execute/sync - {"script":"<script> [56 bytes]","args":[{"element-6066-11e4-a52e-4f735466cecf":"f.B713056A9316196A9232F0DF0934CF03.d.171D129ED49628A47C1FA377C6144B8B.e.4348","ELEMENT":"f.B713056A9316196A9232F0DF0934CF03.d.171D129ED49628A47C1FA377C6144B8B.e.4348"}]}
RESULT: {"script":"<script> [56 bytes]","args":[{"element-6066-11e4-a52e-4f735466cecf":"f.B713056A9316196A9232F0DF0934CF03.d.171D129ED49628A47C1FA377C6144B8B.e.4348","ELEMENT":"f.B713056A9316196A9232F0DF0934CF03.d.171D129ED49628A47C1FA377C6144B8B.e.4348"}]}
COMMAND: POST /session/6cd8861519be2314cbde44996230575a/element - {"using":"css selector","value":"#shell-header-logo"}
COMMAND: GET /session/6cd8861519be2314cbde44996230575a/screenshot - {}
RESULT: {"using":"css selector","value":"#shell-header-logo"}
COMMAND: POST /session/6cd8861519be2314cbde44996230575a/element/f.B713056A9316196A9232F0DF0934CF03.d.171D129ED49628A47C1FA377C6144B8B.e.3690/click - {}
RESULT: {}
RESULT: {}
COMMAND: GET /session/6cd8861519be2314cbde44996230575a/screenshot - {}
RESULT: {}
COMMAND: POST /session/6cd8861519be2314cbde44996230575a/execute/sync - {"script":"<script> [299 bytes]","args":[["getModel","getResource"]]}
RESULT: {"script":"<script> [299 bytes]","args":[["getModel","getResource"]]}
COMMAND: POST /session/6cd8861519be2314cbde44996230575a/actions - {"actions":[{"id":"action8","type":"key","parameters":{},"actions":[{"type":"keyDown","value":""},{"type":"pause","duration":10},{"type":"keyUp","value":""}]}]}
COMMAND: GET /session/6cd8861519be2314cbde44996230575a/screenshot - {}
RESULT: {"actions":[{"id":"action8","type":"key","parameters":{},"actions":[{"type":"keyDown","value":""},{"type":"pause","duration":10},{"type":"keyUp","value":""}]}]}
COMMAND: GET /session/6cd8861519be2314cbde44996230575a/screenshot - {}
RESULT: {}
RESULT: {}
COMMAND: POST /session/6cd8861519be2314cbde44996230575a/refresh - {}
RESULT: {}
COMMAND: GET /session/6cd8861519be2314cbde44996230575a/screenshot - {}
RESULT: {}
COMMAND: POST /session/6cd8861519be2314cbde44996230575a/refresh - {}
RESULT: {}
COMMAND: GET /session/6cd8861519be2314cbde44996230575a/screenshot - {}
RESULT: {}
COMMAND: POST /session/6cd8861519be2314cbde44996230575a/window/fullscreen - {}
RESULT: {}
COMMAND: POST /session/6cd8861519be2314cbde44996230575a/execute/async - {"script":"<script> [189 bytes]","args":[]}
RESULT: {"script":"<script> [189 bytes]","args":[]}
COMMAND: POST /session/6cd8861519be2314cbde44996230575a/execute/async - {"script":"<script> [123 bytes]","args":[]}
RESULT: {"script":"<script> [123 bytes]","args":[]}
COMMAND: POST /session/6cd8861519be2314cbde44996230575a/timeouts - {"script":"<number>"}
RESULT: {"script":"<number>"}
COMMAND: GET /session/6cd8861519be2314cbde44996230575a/timeouts - {}
RESULT: {}
RESULT: undefined
COMMAND: POST /session/6cd8861519be2314cbde44996230575a/execute/async - {"script":"<script> [2676 bytes]","args":[]}
RESULT: {"script":"<script> [2676 bytes]","args":[]}
COMMAND: POST /session/6cd8861519be2314cbde44996230575a/execute/async - {"script":"<script> [2342 bytes]","args":[{"protocol":"http","hostname":"0.0.0.0","path":"/","capabilities":{"browserName":"chrome","goog:chromeOptions":{"binary":"C:\\Program Files\\Google\\Chrome\\Application\\chrome.exe","args":["--start-maximized"]}},"logLevel":"warn","connectionRetryTimeout":120000,"connectionRetryCount":3,"logLevels":{},"enableDirectConnect":true,"strictSSL":true,"_":"65 more keys: [\"cacheDir\",\"port\",\"requestedCapabilities\",\"automationProtocol\",\"baseUrl\",\"waitforInterval\",\"waitforTimeout\",\"onReload\",\"beforeCommand\",\"afterCommand\",\"rootDir\",\"specs\",\"suites\",\"exclude\",\"groupLogsByTestSpec\",\"excludeDriverLogs\",\"bail\",\"framework\",\"reporters\",\"services\",\"maxInstances\",\"maxInstancesPerCapability\",\"injectGlobals\",\"filesToWatch\",\"execArgv\",\"runnerEnv\",\"runner\",\"shard\",\"specFileRetries\",\"specFileRetriesDelay\",\"specFileRetriesDeferred\",\"reporterSyncInterval\",\"reporterSyncTimeout\",\"cucumberFeaturesWithLineNumbers\",\"autoCompileOpts\",\"mochaOpts\",\"jasmineOpts\",\"cucumberOpts\",\"onPrepare\",\"onWorkerStart\",\"onWorkerEnd\",\"before\",\"beforeSession\",\"beforeSuite\",\"beforeHook\",\"beforeTest\",\"afterTest\",\"afterHook\",\"afterSuite\",\"afterSession\",\"after\",\"onComplete\",\"beforeAssertion\",\"afterAssertion\",\"beforeFeature\",\"beforeScenario\",\"beforeStep\",\"afterStep\",\"afterScenario\",\"afterFeature\",\"_\",\"suite\",\"$0\",\"ignoredWorkerServices\",\"wdi5\"]"}]}
RESULT: {"script":"<script> [2342 bytes]","args":[{"protocol":"http","hostname":"0.0.0.0","path":"/","capabilities":{"browserName":"chrome","goog:chromeOptions":{"binary":"C:\\Program Files\\Google\\Chrome\\Application\\chrome.exe","args":["--start-maximized"]}},"logLevel":"warn","connectionRetryTimeout":120000,"connectionRetryCount":3,"logLevels":{},"enableDirectConnect":true,"strictSSL":true,"_":"65 more keys: [\"cacheDir\",\"port\",\"requestedCapabilities\",\"automationProtocol\",\"baseUrl\",\"waitforInterval\",\"waitforTimeout\",\"onReload\",\"beforeCommand\",\"afterCommand\",\"rootDir\",\"specs\",\"suites\",\"exclude\",\"groupLogsByTestSpec\",\"excludeDriverLogs\",\"bail\",\"framework\",\"reporters\",\"services\",\"maxInstances\",\"maxInstancesPerCapability\",\"injectGlobals\",\"filesToWatch\",\"execArgv\",\"runnerEnv\",\"runner\",\"shard\",\"specFileRetries\",\"specFileRetriesDelay\",\"specFileRetriesDeferred\",\"reporterSyncInterval\",\"reporterSyncTimeout\",\"cucumberFeaturesWithLineNumbers\",\"autoCompileOpts\",\"mochaOpts\",\"jasmineOpts\",\"cucumberOpts\",\"onPrepare\",\"onWorkerStart\",\"onWorkerEnd\",\"before\",\"beforeSession\",\"beforeSuite\",\"beforeHook\",\"beforeTest\",\"afterTest\",\"afterHook\",\"afterSuite\",\"afterSession\",\"after\",\"onComplete\",\"beforeAssertion\",\"afterAssertion\",\"beforeFeature\",\"beforeScenario\",\"beforeStep\",\"afterStep\",\"afterScenario\",\"afterFeature\",\"_\",\"suite\",\"$0\",\"ignoredWorkerServices\",\"wdi5\"]"}]}
COMMAND: POST /session/6cd8861519be2314cbde44996230575a/execute/async - {"script":"<script> [21126 bytes]","args":[35000]}
RESULT: {"script":"<script> [21126 bytes]","args":[35000]}
COMMAND: POST /session/6cd8861519be2314cbde44996230575a/window/fullscreen - {}
RESULT: {}
]]></system-out>
    </testcase>
    <testcase classname="chrome.136_0_7103_93.windows.Billing_Transfer_-_Master_data_&amp;_Intercompany_US127250" name="Should create a new equipment" time="168.994">
      <system-out><![CDATA[
COMMAND: POST /session/6cd8861519be2314cbde44996230575a/execute/async - {"script":"<script> [1562 bytes]","args":[{"selector":{"controlType":"sap.m.GenericTile","properties":{"header":"Manage Resources"}},"wdio_ui5_key":"sapm.GenericTile{\"header\":\"Manage Resources\"}"}]}
RESULT: {"script":"<script> [1562 bytes]","args":[{"selector":{"controlType":"sap.m.GenericTile","properties":{"header":"Manage Resources"}},"wdio_ui5_key":"sapm.GenericTile{\"header\":\"Manage Resources\"}"}]}
RESULT: undefined
COMMAND: POST /session/6cd8861519be2314cbde44996230575a/element - {"using":"xpath","value":"//*[@id=\"__tile31\"]"}
RESULT: {"using":"xpath","value":"//*[@id=\"__tile31\"]"}
COMMAND: POST /session/6cd8861519be2314cbde44996230575a/element/f.B713056A9316196A9232F0DF0934CF03.d.577A454E1666CB695743D5D232CF4F20.e.4421/click - {}
RESULT: {}
COMMAND: GET /session/6cd8861519be2314cbde44996230575a/screenshot - {}
RESULT: {}
COMMAND: POST /session/6cd8861519be2314cbde44996230575a/elements - {"using":"xpath","value":"//span[text()='Error']"}
RESULT: {"using":"xpath","value":"//span[text()='Error']"}
COMMAND: POST /session/6cd8861519be2314cbde44996230575a/element - {"using":"xpath","value":"//button[@data-kt=\"addNewRUOverflowToolbarButton\"]"}
RESULT: {"using":"xpath","value":"//button[@data-kt=\"addNewRUOverflowToolbarButton\"]"}
COMMAND: POST /session/6cd8861519be2314cbde44996230575a/elements - {"using":"xpath","value":"//button[@data-kt=\"addNewRUOverflowToolbarButton\"]"}
RESULT: {"using":"xpath","value":"//button[@data-kt=\"addNewRUOverflowToolbarButton\"]"}
COMMAND: POST /session/6cd8861519be2314cbde44996230575a/elements - {"using":"xpath","value":"//button[@data-kt=\"addNewRUOverflowToolbarButton\"]"}
RESULT: {"using":"xpath","value":"//button[@data-kt=\"addNewRUOverflowToolbarButton\"]"}
COMMAND: POST /session/6cd8861519be2314cbde44996230575a/elements - {"using":"xpath","value":"//button[@data-kt=\"addNewRUOverflowToolbarButton\"]"}
RESULT: {"using":"xpath","value":"//button[@data-kt=\"addNewRUOverflowToolbarButton\"]"}
COMMAND: POST /session/6cd8861519be2314cbde44996230575a/elements - {"using":"xpath","value":"//button[@data-kt=\"addNewRUOverflowToolbarButton\"]"}
RESULT: {"using":"xpath","value":"//button[@data-kt=\"addNewRUOverflowToolbarButton\"]"}
COMMAND: POST /session/6cd8861519be2314cbde44996230575a/elements - {"using":"xpath","value":"//button[@data-kt=\"addNewRUOverflowToolbarButton\"]"}
RESULT: {"using":"xpath","value":"//button[@data-kt=\"addNewRUOverflowToolbarButton\"]"}
COMMAND: POST /session/6cd8861519be2314cbde44996230575a/elements - {"using":"xpath","value":"//button[@data-kt=\"addNewRUOverflowToolbarButton\"]"}
RESULT: {"using":"xpath","value":"//button[@data-kt=\"addNewRUOverflowToolbarButton\"]"}
COMMAND: POST /session/6cd8861519be2314cbde44996230575a/elements - {"using":"xpath","value":"//button[@data-kt=\"addNewRUOverflowToolbarButton\"]"}
RESULT: {"using":"xpath","value":"//button[@data-kt=\"addNewRUOverflowToolbarButton\"]"}
COMMAND: POST /session/6cd8861519be2314cbde44996230575a/elements - {"using":"xpath","value":"//button[@data-kt=\"addNewRUOverflowToolbarButton\"]"}
RESULT: {"using":"xpath","value":"//button[@data-kt=\"addNewRUOverflowToolbarButton\"]"}
COMMAND: POST /session/6cd8861519be2314cbde44996230575a/elements - {"using":"xpath","value":"//button[@data-kt=\"addNewRUOverflowToolbarButton\"]"}
RESULT: {"using":"xpath","value":"//button[@data-kt=\"addNewRUOverflowToolbarButton\"]"}
COMMAND: POST /session/6cd8861519be2314cbde44996230575a/elements - {"using":"xpath","value":"//button[@data-kt=\"addNewRUOverflowToolbarButton\"]"}
RESULT: {"using":"xpath","value":"//button[@data-kt=\"addNewRUOverflowToolbarButton\"]"}
COMMAND: POST /session/6cd8861519be2314cbde44996230575a/elements - {"using":"xpath","value":"//button[@data-kt=\"addNewRUOverflowToolbarButton\"]"}
RESULT: {"using":"xpath","value":"//button[@data-kt=\"addNewRUOverflowToolbarButton\"]"}
COMMAND: POST /session/6cd8861519be2314cbde44996230575a/elements - {"using":"xpath","value":"//button[@data-kt=\"addNewRUOverflowToolbarButton\"]"}
RESULT: {"using":"xpath","value":"//button[@data-kt=\"addNewRUOverflowToolbarButton\"]"}
COMMAND: POST /session/6cd8861519be2314cbde44996230575a/elements - {"using":"xpath","value":"//button[@data-kt=\"addNewRUOverflowToolbarButton\"]"}
RESULT: {"using":"xpath","value":"//button[@data-kt=\"addNewRUOverflowToolbarButton\"]"}
COMMAND: POST /session/6cd8861519be2314cbde44996230575a/elements - {"using":"xpath","value":"//button[@data-kt=\"addNewRUOverflowToolbarButton\"]"}
RESULT: {"using":"xpath","value":"//button[@data-kt=\"addNewRUOverflowToolbarButton\"]"}
COMMAND: POST /session/6cd8861519be2314cbde44996230575a/elements - {"using":"xpath","value":"//button[@data-kt=\"addNewRUOverflowToolbarButton\"]"}
RESULT: {"using":"xpath","value":"//button[@data-kt=\"addNewRUOverflowToolbarButton\"]"}
COMMAND: POST /session/6cd8861519be2314cbde44996230575a/elements - {"using":"xpath","value":"//button[@data-kt=\"addNewRUOverflowToolbarButton\"]"}
RESULT: {"using":"xpath","value":"//button[@data-kt=\"addNewRUOverflowToolbarButton\"]"}
COMMAND: POST /session/6cd8861519be2314cbde44996230575a/elements - {"using":"xpath","value":"//button[@data-kt=\"addNewRUOverflowToolbarButton\"]"}
RESULT: {"using":"xpath","value":"//button[@data-kt=\"addNewRUOverflowToolbarButton\"]"}
COMMAND: POST /session/6cd8861519be2314cbde44996230575a/elements - {"using":"xpath","value":"//button[@data-kt=\"addNewRUOverflowToolbarButton\"]"}
RESULT: {"using":"xpath","value":"//button[@data-kt=\"addNewRUOverflowToolbarButton\"]"}
COMMAND: POST /session/6cd8861519be2314cbde44996230575a/elements - {"using":"xpath","value":"//button[@data-kt=\"addNewRUOverflowToolbarButton\"]"}
RESULT: {"using":"xpath","value":"//button[@data-kt=\"addNewRUOverflowToolbarButton\"]"}
COMMAND: POST /session/6cd8861519be2314cbde44996230575a/elements - {"using":"xpath","value":"//button[@data-kt=\"addNewRUOverflowToolbarButton\"]"}
RESULT: {"using":"xpath","value":"//button[@data-kt=\"addNewRUOverflowToolbarButton\"]"}
COMMAND: POST /session/6cd8861519be2314cbde44996230575a/elements - {"using":"xpath","value":"//button[@data-kt=\"addNewRUOverflowToolbarButton\"]"}
RESULT: {"using":"xpath","value":"//button[@data-kt=\"addNewRUOverflowToolbarButton\"]"}
COMMAND: POST /session/6cd8861519be2314cbde44996230575a/elements - {"using":"xpath","value":"//button[@data-kt=\"addNewRUOverflowToolbarButton\"]"}
RESULT: {"using":"xpath","value":"//button[@data-kt=\"addNewRUOverflowToolbarButton\"]"}
COMMAND: POST /session/6cd8861519be2314cbde44996230575a/elements - {"using":"xpath","value":"//button[@data-kt=\"addNewRUOverflowToolbarButton\"]"}
RESULT: {"using":"xpath","value":"//button[@data-kt=\"addNewRUOverflowToolbarButton\"]"}
COMMAND: POST /session/6cd8861519be2314cbde44996230575a/elements - {"using":"xpath","value":"//button[@data-kt=\"addNewRUOverflowToolbarButton\"]"}
RESULT: {"using":"xpath","value":"//button[@data-kt=\"addNewRUOverflowToolbarButton\"]"}
COMMAND: POST /session/6cd8861519be2314cbde44996230575a/elements - {"using":"xpath","value":"//button[@data-kt=\"addNewRUOverflowToolbarButton\"]"}
RESULT: {"using":"xpath","value":"//button[@data-kt=\"addNewRUOverflowToolbarButton\"]"}
COMMAND: POST /session/6cd8861519be2314cbde44996230575a/elements - {"using":"xpath","value":"//button[@data-kt=\"addNewRUOverflowToolbarButton\"]"}
RESULT: {"using":"xpath","value":"//button[@data-kt=\"addNewRUOverflowToolbarButton\"]"}
COMMAND: POST /session/6cd8861519be2314cbde44996230575a/elements - {"using":"xpath","value":"//button[@data-kt=\"addNewRUOverflowToolbarButton\"]"}
RESULT: {"using":"xpath","value":"//button[@data-kt=\"addNewRUOverflowToolbarButton\"]"}
COMMAND: POST /session/6cd8861519be2314cbde44996230575a/elements - {"using":"xpath","value":"//button[@data-kt=\"addNewRUOverflowToolbarButton\"]"}
RESULT: {"using":"xpath","value":"//button[@data-kt=\"addNewRUOverflowToolbarButton\"]"}
COMMAND: POST /session/6cd8861519be2314cbde44996230575a/elements - {"using":"xpath","value":"//button[@data-kt=\"addNewRUOverflowToolbarButton\"]"}
RESULT: {"using":"xpath","value":"//button[@data-kt=\"addNewRUOverflowToolbarButton\"]"}
COMMAND: POST /session/6cd8861519be2314cbde44996230575a/elements - {"using":"xpath","value":"//button[@data-kt=\"addNewRUOverflowToolbarButton\"]"}
RESULT: {"using":"xpath","value":"//button[@data-kt=\"addNewRUOverflowToolbarButton\"]"}
COMMAND: POST /session/6cd8861519be2314cbde44996230575a/elements - {"using":"xpath","value":"//button[@data-kt=\"addNewRUOverflowToolbarButton\"]"}
RESULT: {"using":"xpath","value":"//button[@data-kt=\"addNewRUOverflowToolbarButton\"]"}
COMMAND: POST /session/6cd8861519be2314cbde44996230575a/elements - {"using":"xpath","value":"//button[@data-kt=\"addNewRUOverflowToolbarButton\"]"}
RESULT: {"using":"xpath","value":"//button[@data-kt=\"addNewRUOverflowToolbarButton\"]"}
COMMAND: POST /session/6cd8861519be2314cbde44996230575a/elements - {"using":"xpath","value":"//button[@data-kt=\"addNewRUOverflowToolbarButton\"]"}
RESULT: {"using":"xpath","value":"//button[@data-kt=\"addNewRUOverflowToolbarButton\"]"}
COMMAND: POST /session/6cd8861519be2314cbde44996230575a/elements - {"using":"xpath","value":"//button[@data-kt=\"addNewRUOverflowToolbarButton\"]"}
RESULT: {"using":"xpath","value":"//button[@data-kt=\"addNewRUOverflowToolbarButton\"]"}
COMMAND: POST /session/6cd8861519be2314cbde44996230575a/elements - {"using":"xpath","value":"//button[@data-kt=\"addNewRUOverflowToolbarButton\"]"}
RESULT: {"using":"xpath","value":"//button[@data-kt=\"addNewRUOverflowToolbarButton\"]"}
COMMAND: POST /session/6cd8861519be2314cbde44996230575a/elements - {"using":"xpath","value":"//button[@data-kt=\"addNewRUOverflowToolbarButton\"]"}
RESULT: {"using":"xpath","value":"//button[@data-kt=\"addNewRUOverflowToolbarButton\"]"}
COMMAND: POST /session/6cd8861519be2314cbde44996230575a/elements - {"using":"xpath","value":"//button[@data-kt=\"addNewRUOverflowToolbarButton\"]"}
RESULT: {"using":"xpath","value":"//button[@data-kt=\"addNewRUOverflowToolbarButton\"]"}
COMMAND: POST /session/6cd8861519be2314cbde44996230575a/elements - {"using":"xpath","value":"//button[@data-kt=\"addNewRUOverflowToolbarButton\"]"}
RESULT: {"using":"xpath","value":"//button[@data-kt=\"addNewRUOverflowToolbarButton\"]"}
COMMAND: POST /session/6cd8861519be2314cbde44996230575a/elements - {"using":"xpath","value":"//button[@data-kt=\"addNewRUOverflowToolbarButton\"]"}
RESULT: {"using":"xpath","value":"//button[@data-kt=\"addNewRUOverflowToolbarButton\"]"}
COMMAND: POST /session/6cd8861519be2314cbde44996230575a/elements - {"using":"xpath","value":"//button[@data-kt=\"addNewRUOverflowToolbarButton\"]"}
RESULT: {"using":"xpath","value":"//button[@data-kt=\"addNewRUOverflowToolbarButton\"]"}
COMMAND: POST /session/6cd8861519be2314cbde44996230575a/elements - {"using":"xpath","value":"//button[@data-kt=\"addNewRUOverflowToolbarButton\"]"}
RESULT: {"using":"xpath","value":"//button[@data-kt=\"addNewRUOverflowToolbarButton\"]"}
COMMAND: POST /session/6cd8861519be2314cbde44996230575a/elements - {"using":"xpath","value":"//button[@data-kt=\"addNewRUOverflowToolbarButton\"]"}
RESULT: {"using":"xpath","value":"//button[@data-kt=\"addNewRUOverflowToolbarButton\"]"}
COMMAND: POST /session/6cd8861519be2314cbde44996230575a/elements - {"using":"xpath","value":"//button[@data-kt=\"addNewRUOverflowToolbarButton\"]"}
RESULT: {"using":"xpath","value":"//button[@data-kt=\"addNewRUOverflowToolbarButton\"]"}
COMMAND: POST /session/6cd8861519be2314cbde44996230575a/elements - {"using":"xpath","value":"//button[@data-kt=\"addNewRUOverflowToolbarButton\"]"}
RESULT: {"using":"xpath","value":"//button[@data-kt=\"addNewRUOverflowToolbarButton\"]"}
COMMAND: POST /session/6cd8861519be2314cbde44996230575a/elements - {"using":"xpath","value":"//button[@data-kt=\"addNewRUOverflowToolbarButton\"]"}
RESULT: {"using":"xpath","value":"//button[@data-kt=\"addNewRUOverflowToolbarButton\"]"}
COMMAND: POST /session/6cd8861519be2314cbde44996230575a/elements - {"using":"xpath","value":"//button[@data-kt=\"addNewRUOverflowToolbarButton\"]"}
RESULT: {"using":"xpath","value":"//button[@data-kt=\"addNewRUOverflowToolbarButton\"]"}
COMMAND: POST /session/6cd8861519be2314cbde44996230575a/elements - {"using":"xpath","value":"//button[@data-kt=\"addNewRUOverflowToolbarButton\"]"}
RESULT: {"using":"xpath","value":"//button[@data-kt=\"addNewRUOverflowToolbarButton\"]"}
COMMAND: POST /session/6cd8861519be2314cbde44996230575a/elements - {"using":"xpath","value":"//button[@data-kt=\"addNewRUOverflowToolbarButton\"]"}
RESULT: {"using":"xpath","value":"//button[@data-kt=\"addNewRUOverflowToolbarButton\"]"}
COMMAND: POST /session/6cd8861519be2314cbde44996230575a/elements - {"using":"xpath","value":"//button[@data-kt=\"addNewRUOverflowToolbarButton\"]"}
RESULT: {"using":"xpath","value":"//button[@data-kt=\"addNewRUOverflowToolbarButton\"]"}
COMMAND: POST /session/6cd8861519be2314cbde44996230575a/elements - {"using":"xpath","value":"//button[@data-kt=\"addNewRUOverflowToolbarButton\"]"}
RESULT: {"using":"xpath","value":"//button[@data-kt=\"addNewRUOverflowToolbarButton\"]"}
COMMAND: POST /session/6cd8861519be2314cbde44996230575a/elements - {"using":"xpath","value":"//button[@data-kt=\"addNewRUOverflowToolbarButton\"]"}
RESULT: {"using":"xpath","value":"//button[@data-kt=\"addNewRUOverflowToolbarButton\"]"}
COMMAND: POST /session/6cd8861519be2314cbde44996230575a/elements - {"using":"xpath","value":"//button[@data-kt=\"addNewRUOverflowToolbarButton\"]"}
RESULT: {"using":"xpath","value":"//button[@data-kt=\"addNewRUOverflowToolbarButton\"]"}
COMMAND: POST /session/6cd8861519be2314cbde44996230575a/elements - {"using":"xpath","value":"//button[@data-kt=\"addNewRUOverflowToolbarButton\"]"}
RESULT: {"using":"xpath","value":"//button[@data-kt=\"addNewRUOverflowToolbarButton\"]"}
COMMAND: POST /session/6cd8861519be2314cbde44996230575a/elements - {"using":"xpath","value":"//button[@data-kt=\"addNewRUOverflowToolbarButton\"]"}
RESULT: {"using":"xpath","value":"//button[@data-kt=\"addNewRUOverflowToolbarButton\"]"}
COMMAND: POST /session/6cd8861519be2314cbde44996230575a/elements - {"using":"xpath","value":"//button[@data-kt=\"addNewRUOverflowToolbarButton\"]"}
RESULT: {"using":"xpath","value":"//button[@data-kt=\"addNewRUOverflowToolbarButton\"]"}
COMMAND: POST /session/6cd8861519be2314cbde44996230575a/element - {"using":"xpath","value":"//button[@data-kt=\"addNewRUOverflowToolbarButton\"]"}
RESULT: {"using":"xpath","value":"//button[@data-kt=\"addNewRUOverflowToolbarButton\"]"}
COMMAND: POST /session/6cd8861519be2314cbde44996230575a/execute/sync - {"script":"<script> [8489 bytes]","args":[{"element-6066-11e4-a52e-4f735466cecf":"f.B713056A9316196A9232F0DF0934CF03.d.577A454E1666CB695743D5D232CF4F20.e.4531","ELEMENT":"f.B713056A9316196A9232F0DF0934CF03.d.577A454E1666CB695743D5D232CF4F20.e.4531"}]}
RESULT: {"script":"<script> [8489 bytes]","args":[{"element-6066-11e4-a52e-4f735466cecf":"f.B713056A9316196A9232F0DF0934CF03.d.577A454E1666CB695743D5D232CF4F20.e.4531","ELEMENT":"f.B713056A9316196A9232F0DF0934CF03.d.577A454E1666CB695743D5D232CF4F20.e.4531"}]}
COMMAND: GET /session/6cd8861519be2314cbde44996230575a/element/f.B713056A9316196A9232F0DF0934CF03.d.577A454E1666CB695743D5D232CF4F20.e.4531/enabled - {}
COMMAND: GET /session/6cd8861519be2314cbde44996230575a/screenshot - {}
RESULT: {}
COMMAND: POST /session/6cd8861519be2314cbde44996230575a/execute/sync - {"script":"<script> [8489 bytes]","args":[{"element-6066-11e4-a52e-4f735466cecf":"f.B713056A9316196A9232F0DF0934CF03.d.577A454E1666CB695743D5D232CF4F20.e.4531","ELEMENT":"f.B713056A9316196A9232F0DF0934CF03.d.577A454E1666CB695743D5D232CF4F20.e.4531"}]}
COMMAND: GET /session/6cd8861519be2314cbde44996230575a/screenshot - {}
RESULT: {}
RESULT: {"script":"<script> [8489 bytes]","args":[{"element-6066-11e4-a52e-4f735466cecf":"f.B713056A9316196A9232F0DF0934CF03.d.577A454E1666CB695743D5D232CF4F20.e.4531","ELEMENT":"f.B713056A9316196A9232F0DF0934CF03.d.577A454E1666CB695743D5D232CF4F20.e.4531"}]}
COMMAND: POST /session/6cd8861519be2314cbde44996230575a/execute/sync - {"script":"<script> [5351 bytes]","args":[{"element-6066-11e4-a52e-4f735466cecf":"f.B713056A9316196A9232F0DF0934CF03.d.577A454E1666CB695743D5D232CF4F20.e.4531","ELEMENT":"f.B713056A9316196A9232F0DF0934CF03.d.577A454E1666CB695743D5D232CF4F20.e.4531"}]}
COMMAND: GET /session/6cd8861519be2314cbde44996230575a/screenshot - {}
RESULT: {}
RESULT: {"script":"<script> [5351 bytes]","args":[{"element-6066-11e4-a52e-4f735466cecf":"f.B713056A9316196A9232F0DF0934CF03.d.577A454E1666CB695743D5D232CF4F20.e.4531","ELEMENT":"f.B713056A9316196A9232F0DF0934CF03.d.577A454E1666CB695743D5D232CF4F20.e.4531"}]}
COMMAND: POST /session/6cd8861519be2314cbde44996230575a/element/f.B713056A9316196A9232F0DF0934CF03.d.577A454E1666CB695743D5D232CF4F20.e.4531/click - {}
COMMAND: GET /session/6cd8861519be2314cbde44996230575a/screenshot - {}
RESULT: {}
RESULT: {}
COMMAND: GET /session/6cd8861519be2314cbde44996230575a/screenshot - {}
COMMAND: POST /session/6cd8861519be2314cbde44996230575a/execute/async - {"script":"<script> [1562 bytes]","args":[{"selector":{"id":"application-manageresources-display-component---newResourceUnit--TYPE-arrow"},"wdio_ui5_key":"applicationmanageresources-display-component---newResourceUnit--TYPE-arrow"}]}
RESULT: {}
RESULT: {}
RESULT: {"script":"<script> [1562 bytes]","args":[{"selector":{"id":"application-manageresources-display-component---newResourceUnit--TYPE-arrow"},"wdio_ui5_key":"applicationmanageresources-display-component---newResourceUnit--TYPE-arrow"}]}
RESULT: undefined
COMMAND: POST /session/6cd8861519be2314cbde44996230575a/element - {"using":"xpath","value":"//*[@id=\"application-manageresources-display-component---newResourceUnit--TYPE-arrow\"]"}
RESULT: {"using":"xpath","value":"//*[@id=\"application-manageresources-display-component---newResourceUnit--TYPE-arrow\"]"}
COMMAND: POST /session/6cd8861519be2314cbde44996230575a/element/f.B713056A9316196A9232F0DF0934CF03.d.577A454E1666CB695743D5D232CF4F20.e.4885/click - {}
RESULT: {}
COMMAND: POST /session/6cd8861519be2314cbde44996230575a/element - {"using":"xpath","value":"//input[@id=\"application-manageresources-display-component---newResourceUnit--TYPE-inner\"]"}
COMMAND: GET /session/6cd8861519be2314cbde44996230575a/screenshot - {}
RESULT: {"using":"xpath","value":"//input[@id=\"application-manageresources-display-component---newResourceUnit--TYPE-inner\"]"}
COMMAND: POST /session/6cd8861519be2314cbde44996230575a/element/f.B713056A9316196A9232F0DF0934CF03.d.577A454E1666CB695743D5D232CF4F20.e.4881/clear - {}
RESULT: {}
RESULT: {}
COMMAND: POST /session/6cd8861519be2314cbde44996230575a/element/f.B713056A9316196A9232F0DF0934CF03.d.577A454E1666CB695743D5D232CF4F20.e.4881/value - {"text":"Equipment"}
COMMAND: GET /session/6cd8861519be2314cbde44996230575a/screenshot - {}
RESULT: {"text":"Equipment"}
COMMAND: GET /session/6cd8861519be2314cbde44996230575a/screenshot - {}
RESULT: {}
RESULT: {}
COMMAND: POST /session/6cd8861519be2314cbde44996230575a/actions - {"actions":[{"id":"action9","type":"key","parameters":{},"actions":[{"type":"keyDown","value":""},{"type":"pause","duration":10},{"type":"keyUp","value":""}]}]}
RESULT: {"actions":[{"id":"action9","type":"key","parameters":{},"actions":[{"type":"keyDown","value":""},{"type":"pause","duration":10},{"type":"keyUp","value":""}]}]}
COMMAND: POST /session/6cd8861519be2314cbde44996230575a/execute/async - {"script":"<script> [1562 bytes]","args":[{"selector":{"id":"application-manageresources-display-component---newResourceUnit--resourceId","interaction":{"idSuffix":"inner"}},"wdio_ui5_key":"applicationmanageresources-display-component---newResourceUnit--resourceId"}]}
COMMAND: GET /session/6cd8861519be2314cbde44996230575a/screenshot - {}
RESULT: {"script":"<script> [1562 bytes]","args":[{"selector":{"id":"application-manageresources-display-component---newResourceUnit--resourceId","interaction":{"idSuffix":"inner"}},"wdio_ui5_key":"applicationmanageresources-display-component---newResourceUnit--resourceId"}]}
RESULT: undefined
COMMAND: POST /session/6cd8861519be2314cbde44996230575a/execute/async - {"script":"<script> [776 bytes]","args":[{"enterText":"x4F9BmEs7x","selector":{"id":"application-manageresources-display-component---newResourceUnit--resourceId","interaction":{"idSuffix":"inner"}},"clearTextFirst":true,"interactionType":"ENTER_TEXT"}]}
RESULT: {}
RESULT: {"script":"<script> [776 bytes]","args":[{"enterText":"x4F9BmEs7x","selector":{"id":"application-manageresources-display-component---newResourceUnit--resourceId","interaction":{"idSuffix":"inner"}},"clearTextFirst":true,"interactionType":"ENTER_TEXT"}]}
COMMAND: POST /session/6cd8861519be2314cbde44996230575a/execute/async - {"script":"<script> [1562 bytes]","args":[{"selector":{"id":"application-manageresources-display-component---newResourceUnit--SHORT_TEXT","interaction":{"idSuffix":"inner"}},"wdio_ui5_key":"applicationmanageresources-display-component---newResourceUnit--SHORT_TEXT"}]}
RESULT: {"script":"<script> [1562 bytes]","args":[{"selector":{"id":"application-manageresources-display-component---newResourceUnit--SHORT_TEXT","interaction":{"idSuffix":"inner"}},"wdio_ui5_key":"applicationmanageresources-display-component---newResourceUnit--SHORT_TEXT"}]}
RESULT: undefined
COMMAND: POST /session/6cd8861519be2314cbde44996230575a/execute/async - {"script":"<script> [776 bytes]","args":[{"enterText":"Intercompany Equipment WDIO","selector":{"id":"application-manageresources-display-component---newResourceUnit--SHORT_TEXT","interaction":{"idSuffix":"inner"}},"clearTextFirst":true,"interactionType":"ENTER_TEXT"}]}
RESULT: {"script":"<script> [776 bytes]","args":[{"enterText":"Intercompany Equipment WDIO","selector":{"id":"application-manageresources-display-component---newResourceUnit--SHORT_TEXT","interaction":{"idSuffix":"inner"}},"clearTextFirst":true,"interactionType":"ENTER_TEXT"}]}
COMMAND: POST /session/6cd8861519be2314cbde44996230575a/execute/async - {"script":"<script> [1562 bytes]","args":[{"selector":{"id":"application-manageresources-display-component---newResourceUnit--BASE_UNIT_OF_MEASURE","interaction":{"idSuffix":"inner"}},"wdio_ui5_key":"applicationmanageresources-display-component---newResourceUnit--BASE_UNIT_OF_MEASURE"}]}
RESULT: {"script":"<script> [1562 bytes]","args":[{"selector":{"id":"application-manageresources-display-component---newResourceUnit--BASE_UNIT_OF_MEASURE","interaction":{"idSuffix":"inner"}},"wdio_ui5_key":"applicationmanageresources-display-component---newResourceUnit--BASE_UNIT_OF_MEASURE"}]}
RESULT: undefined
COMMAND: POST /session/6cd8861519be2314cbde44996230575a/execute/async - {"script":"<script> [776 bytes]","args":[{"enterText":"Piece","selector":{"id":"application-manageresources-display-component---newResourceUnit--BASE_UNIT_OF_MEASURE","interaction":{"idSuffix":"inner"}},"clearTextFirst":true,"interactionType":"ENTER_TEXT"}]}
RESULT: {"script":"<script> [776 bytes]","args":[{"enterText":"Piece","selector":{"id":"application-manageresources-display-component---newResourceUnit--BASE_UNIT_OF_MEASURE","interaction":{"idSuffix":"inner"}},"clearTextFirst":true,"interactionType":"ENTER_TEXT"}]}
COMMAND: POST /session/6cd8861519be2314cbde44996230575a/execute/async - {"script":"<script> [1562 bytes]","args":[{"selector":{"id":"application-manageresources-display-component---newResourceUnit--WEIGHT_UNIT","interaction":{"idSuffix":"inner"}},"wdio_ui5_key":"applicationmanageresources-display-component---newResourceUnit--WEIGHT_UNIT"}]}
RESULT: {"script":"<script> [1562 bytes]","args":[{"selector":{"id":"application-manageresources-display-component---newResourceUnit--WEIGHT_UNIT","interaction":{"idSuffix":"inner"}},"wdio_ui5_key":"applicationmanageresources-display-component---newResourceUnit--WEIGHT_UNIT"}]}
RESULT: undefined
COMMAND: POST /session/6cd8861519be2314cbde44996230575a/execute/async - {"script":"<script> [776 bytes]","args":[{"enterText":"Gram","selector":{"id":"application-manageresources-display-component---newResourceUnit--WEIGHT_UNIT","interaction":{"idSuffix":"inner"}},"clearTextFirst":true,"interactionType":"ENTER_TEXT"}]}
RESULT: {"script":"<script> [776 bytes]","args":[{"enterText":"Gram","selector":{"id":"application-manageresources-display-component---newResourceUnit--WEIGHT_UNIT","interaction":{"idSuffix":"inner"}},"clearTextFirst":true,"interactionType":"ENTER_TEXT"}]}
COMMAND: POST /session/6cd8861519be2314cbde44996230575a/execute/async - {"script":"<script> [1562 bytes]","args":[{"selector":{"id":"application-manageresources-display-component---newResourceUnit--DIMENSION_UNIT","interaction":{"idSuffix":"inner"}},"wdio_ui5_key":"applicationmanageresources-display-component---newResourceUnit--DIMENSION_UNIT"}]}
RESULT: {"script":"<script> [1562 bytes]","args":[{"selector":{"id":"application-manageresources-display-component---newResourceUnit--DIMENSION_UNIT","interaction":{"idSuffix":"inner"}},"wdio_ui5_key":"applicationmanageresources-display-component---newResourceUnit--DIMENSION_UNIT"}]}
RESULT: undefined
COMMAND: POST /session/6cd8861519be2314cbde44996230575a/execute/async - {"script":"<script> [776 bytes]","args":[{"enterText":"Meter","selector":{"id":"application-manageresources-display-component---newResourceUnit--DIMENSION_UNIT","interaction":{"idSuffix":"inner"}},"clearTextFirst":true,"interactionType":"ENTER_TEXT"}]}
RESULT: {"script":"<script> [776 bytes]","args":[{"enterText":"Meter","selector":{"id":"application-manageresources-display-component---newResourceUnit--DIMENSION_UNIT","interaction":{"idSuffix":"inner"}},"clearTextFirst":true,"interactionType":"ENTER_TEXT"}]}
COMMAND: POST /session/6cd8861519be2314cbde44996230575a/execute/async - {"script":"<script> [1562 bytes]","args":[{"selector":{"id":"application-manageresources-display-component---newResourceUnit--newRRUPage-anchBar-application-manageresources-display-component---newResourceUnit--control-anchor","interaction":{"idSuffix":"BDI-content"}},"wdio_ui5_key":"applicationmanageresources-display-component---newResourceUnit--newRRUPage-anchBar-application-manageresources-display-component---newResourceUnit--control-anchor"}]}
RESULT: {"script":"<script> [1562 bytes]","args":[{"selector":{"id":"application-manageresources-display-component---newResourceUnit--newRRUPage-anchBar-application-manageresources-display-component---newResourceUnit--control-anchor","interaction":{"idSuffix":"BDI-content"}},"wdio_ui5_key":"applicationmanageresources-display-component---newResourceUnit--newRRUPage-anchBar-application-manageresources-display-component---newResourceUnit--control-anchor"}]}
RESULT: undefined
COMMAND: POST /session/6cd8861519be2314cbde44996230575a/element - {"using":"xpath","value":"//*[@id=\"application-manageresources-display-component---newResourceUnit--newRRUPage-anchBar-application-manageresources-display-component---newResourceUnit--control-anchor\"]"}
RESULT: {"using":"xpath","value":"//*[@id=\"application-manageresources-display-component---newResourceUnit--newRRUPage-anchBar-application-manageresources-display-component---newResourceUnit--control-anchor\"]"}
COMMAND: POST /session/6cd8861519be2314cbde44996230575a/element/f.B713056A9316196A9232F0DF0934CF03.d.577A454E1666CB695743D5D232CF4F20.e.5045/click - {}
RESULT: {}
COMMAND: POST /session/6cd8861519be2314cbde44996230575a/execute/async - {"script":"<script> [1562 bytes]","args":[{"selector":{"id":"application-manageresources-display-component---newResourceUnit--PLANNING_GROUP","interaction":{"idSuffix":"inner"}},"wdio_ui5_key":"applicationmanageresources-display-component---newResourceUnit--PLANNING_GROUP"}]}
COMMAND: GET /session/6cd8861519be2314cbde44996230575a/screenshot - {}
RESULT: {"script":"<script> [1562 bytes]","args":[{"selector":{"id":"application-manageresources-display-component---newResourceUnit--PLANNING_GROUP","interaction":{"idSuffix":"inner"}},"wdio_ui5_key":"applicationmanageresources-display-component---newResourceUnit--PLANNING_GROUP"}]}
RESULT: undefined
COMMAND: POST /session/6cd8861519be2314cbde44996230575a/execute/async - {"script":"<script> [776 bytes]","args":[{"enterText":"Heavy Equi","selector":{"id":"application-manageresources-display-component---newResourceUnit--PLANNING_GROUP","interaction":{"idSuffix":"inner"}},"clearTextFirst":true,"interactionType":"ENTER_TEXT"}]}
RESULT: {}
RESULT: {"script":"<script> [776 bytes]","args":[{"enterText":"Heavy Equi","selector":{"id":"application-manageresources-display-component---newResourceUnit--PLANNING_GROUP","interaction":{"idSuffix":"inner"}},"clearTextFirst":true,"interactionType":"ENTER_TEXT"}]}
COMMAND: POST /session/6cd8861519be2314cbde44996230575a/execute/async - {"script":"<script> [1562 bytes]","args":[{"selector":{"id":"application-manageresources-display-component---newResourceUnit--ITEM_TYPE-arrow"},"wdio_ui5_key":"applicationmanageresources-display-component---newResourceUnit--ITEM_TYPE-arrow"}]}
RESULT: {"script":"<script> [1562 bytes]","args":[{"selector":{"id":"application-manageresources-display-component---newResourceUnit--ITEM_TYPE-arrow"},"wdio_ui5_key":"applicationmanageresources-display-component---newResourceUnit--ITEM_TYPE-arrow"}]}
RESULT: undefined
COMMAND: POST /session/6cd8861519be2314cbde44996230575a/element - {"using":"xpath","value":"//*[@id=\"application-manageresources-display-component---newResourceUnit--ITEM_TYPE-arrow\"]"}
RESULT: {"using":"xpath","value":"//*[@id=\"application-manageresources-display-component---newResourceUnit--ITEM_TYPE-arrow\"]"}
COMMAND: POST /session/6cd8861519be2314cbde44996230575a/element/f.B713056A9316196A9232F0DF0934CF03.d.577A454E1666CB695743D5D232CF4F20.e.5052/click - {}
RESULT: {}
COMMAND: POST /session/6cd8861519be2314cbde44996230575a/element - {"using":"xpath","value":"(//span[contains(text(), \"Resource Unit\")])[2]"}
COMMAND: GET /session/6cd8861519be2314cbde44996230575a/screenshot - {}
RESULT: {"using":"xpath","value":"(//span[contains(text(), \"Resource Unit\")])[2]"}
COMMAND: POST /session/6cd8861519be2314cbde44996230575a/element/f.B713056A9316196A9232F0DF0934CF03.d.577A454E1666CB695743D5D232CF4F20.e.5053/click - {}
RESULT: {}
RESULT: {}
COMMAND: GET /session/6cd8861519be2314cbde44996230575a/screenshot - {}
RESULT: {}
COMMAND: POST /session/6cd8861519be2314cbde44996230575a/element - {"using":"css selector","value":"#application-manageresources-display-component---newResourceUnit--btnAddTimeSegment"}
RESULT: {"using":"css selector","value":"#application-manageresources-display-component---newResourceUnit--btnAddTimeSegment"}
COMMAND: GET /session/6cd8861519be2314cbde44996230575a/element/f.B713056A9316196A9232F0DF0934CF03.d.577A454E1666CB695743D5D232CF4F20.e.5061/rect - {}
RESULT: {}
COMMAND: GET /session/6cd8861519be2314cbde44996230575a/window/rect - {}
RESULT: {}
COMMAND: POST /session/6cd8861519be2314cbde44996230575a/execute/sync - {"script":"<script> [92 bytes]","args":[]}
RESULT: {"script":"<script> [92 bytes]","args":[]}
COMMAND: POST /session/6cd8861519be2314cbde44996230575a/actions - {"actions":[{"id":"action10","type":"wheel","parameters":{},"actions":[{"type":"scroll","x":-1888,"y":-32,"deltaX":0,"deltaY":0,"duration":0,"origin":{"element-6066-11e4-a52e-4f735466cecf":"f.B713056A9316196A9232F0DF0934CF03.d.577A454E1666CB695743D5D232CF4F20.e.5061"}}]}]}
COMMAND: GET /session/6cd8861519be2314cbde44996230575a/screenshot - {}
RESULT: {}
COMMAND: POST /session/6cd8861519be2314cbde44996230575a/execute/sync - {"script":"<script> [79 bytes]","args":[{"element-6066-11e4-a52e-4f735466cecf":"f.B713056A9316196A9232F0DF0934CF03.d.577A454E1666CB695743D5D232CF4F20.e.5061","ELEMENT":"f.B713056A9316196A9232F0DF0934CF03.d.577A454E1666CB695743D5D232CF4F20.e.5061"},{"block":"start","inline":"nearest"}]}
RESULT: {"script":"<script> [79 bytes]","args":[{"element-6066-11e4-a52e-4f735466cecf":"f.B713056A9316196A9232F0DF0934CF03.d.577A454E1666CB695743D5D232CF4F20.e.5061","ELEMENT":"f.B713056A9316196A9232F0DF0934CF03.d.577A454E1666CB695743D5D232CF4F20.e.5061"},{"block":"start","inline":"nearest"}]}
COMMAND: POST /session/6cd8861519be2314cbde44996230575a/execute/async - {"script":"<script> [1562 bytes]","args":[{"selector":{"id":"application-manageresources-display-component---newResourceUnit--btnAddTimeSegment","interaction":{"idSuffix":"inner"}},"wdio_ui5_key":"applicationmanageresources-display-component---newResourceUnit--btnAddTimeSegment"}]}
COMMAND: GET /session/6cd8861519be2314cbde44996230575a/screenshot - {}
RESULT: {"script":"<script> [1562 bytes]","args":[{"selector":{"id":"application-manageresources-display-component---newResourceUnit--btnAddTimeSegment","interaction":{"idSuffix":"inner"}},"wdio_ui5_key":"applicationmanageresources-display-component---newResourceUnit--btnAddTimeSegment"}]}
RESULT: undefined
COMMAND: POST /session/6cd8861519be2314cbde44996230575a/element - {"using":"xpath","value":"//*[@id=\"application-manageresources-display-component---newResourceUnit--btnAddTimeSegment\"]"}
RESULT: {}
RESULT: {"using":"xpath","value":"//*[@id=\"application-manageresources-display-component---newResourceUnit--btnAddTimeSegment\"]"}
COMMAND: POST /session/6cd8861519be2314cbde44996230575a/element/f.B713056A9316196A9232F0DF0934CF03.d.577A454E1666CB695743D5D232CF4F20.e.5061/click - {}
RESULT: {}
COMMAND: GET /session/6cd8861519be2314cbde44996230575a/screenshot - {}
RESULT: {}
COMMAND: POST /session/6cd8861519be2314cbde44996230575a/element - {"using":"xpath","value":"//input[@id=\"application-manageresources-display-component---newResourceUnit--idRuTSAdmin-application-manageresources-display-component---newResourceUnit--RUTimeSegment-0-inner\"]"}
RESULT: {"using":"xpath","value":"//input[@id=\"application-manageresources-display-component---newResourceUnit--idRuTSAdmin-application-manageresources-display-component---newResourceUnit--RUTimeSegment-0-inner\"]"}
COMMAND: POST /session/6cd8861519be2314cbde44996230575a/element/f.B713056A9316196A9232F0DF0934CF03.d.577A454E1666CB695743D5D232CF4F20.e.5067/clear - {}
RESULT: {}
COMMAND: POST /session/6cd8861519be2314cbde44996230575a/element/f.B713056A9316196A9232F0DF0934CF03.d.577A454E1666CB695743D5D232CF4F20.e.5067/value - {"text":"231"}
COMMAND: GET /session/6cd8861519be2314cbde44996230575a/screenshot - {}
RESULT: {"text":"231"}
COMMAND: GET /session/6cd8861519be2314cbde44996230575a/screenshot - {}
RESULT: {}
RESULT: {}
COMMAND: POST /session/6cd8861519be2314cbde44996230575a/element - {"using":"xpath","value":"//li[.//span[text()='231']]"}
RESULT: {"using":"xpath","value":"//li[.//span[text()='231']]"}
COMMAND: POST /session/6cd8861519be2314cbde44996230575a/element/f.B713056A9316196A9232F0DF0934CF03.d.577A454E1666CB695743D5D232CF4F20.e.5079/click - {}
RESULT: {}
COMMAND: GET /session/6cd8861519be2314cbde44996230575a/screenshot - {}
RESULT: {}
COMMAND: POST /session/6cd8861519be2314cbde44996230575a/element - {"using":"xpath","value":"(//span[contains(@id, \"-application-manageresources-display-component---newResourceUnit--RUTimeSegment-0-arrow\")])[6]"}
RESULT: {"using":"xpath","value":"(//span[contains(@id, \"-application-manageresources-display-component---newResourceUnit--RUTimeSegment-0-arrow\")])[6]"}
COMMAND: POST /session/6cd8861519be2314cbde44996230575a/element/f.B713056A9316196A9232F0DF0934CF03.d.577A454E1666CB695743D5D232CF4F20.e.5080/click - {}
RESULT: {}
COMMAND: GET /session/6cd8861519be2314cbde44996230575a/screenshot - {}
RESULT: {}
COMMAND: POST /session/6cd8861519be2314cbde44996230575a/element - {"using":"xpath","value":"//span[contains(text(), \"PM Order\")]"}
RESULT: {"using":"xpath","value":"//span[contains(text(), \"PM Order\")]"}
COMMAND: POST /session/6cd8861519be2314cbde44996230575a/element/f.B713056A9316196A9232F0DF0934CF03.d.577A454E1666CB695743D5D232CF4F20.e.5083/click - {}
RESULT: {}
COMMAND: GET /session/6cd8861519be2314cbde44996230575a/screenshot - {}
RESULT: {}
COMMAND: POST /session/6cd8861519be2314cbde44996230575a/element - {"using":"xpath","value":"(//span[contains(@id ,\"manageresources-display-component---newResourceUnit--RUTimeSegment-0-vhi\")])[1]"}
RESULT: {"using":"xpath","value":"(//span[contains(@id ,\"manageresources-display-component---newResourceUnit--RUTimeSegment-0-vhi\")])[1]"}
COMMAND: GET /session/6cd8861519be2314cbde44996230575a/element/f.B713056A9316196A9232F0DF0934CF03.d.577A454E1666CB695743D5D232CF4F20.e.5087/rect - {}
RESULT: {}
COMMAND: GET /session/6cd8861519be2314cbde44996230575a/window/rect - {}
RESULT: {}
COMMAND: POST /session/6cd8861519be2314cbde44996230575a/execute/sync - {"script":"<script> [92 bytes]","args":[]}
RESULT: {"script":"<script> [92 bytes]","args":[]}
COMMAND: POST /session/6cd8861519be2314cbde44996230575a/actions - {"actions":[{"id":"action11","type":"wheel","parameters":{},"actions":[{"type":"scroll","x":-869,"y":-24,"deltaX":0,"deltaY":0,"duration":0,"origin":{"element-6066-11e4-a52e-4f735466cecf":"f.B713056A9316196A9232F0DF0934CF03.d.577A454E1666CB695743D5D232CF4F20.e.5087"}}]}]}
COMMAND: GET /session/6cd8861519be2314cbde44996230575a/screenshot - {}
RESULT: {"actions":[{"id":"action11","type":"wheel","parameters":{},"actions":[{"type":"scroll","x":-869,"y":-24,"deltaX":0,"deltaY":0,"duration":0,"origin":{"element-6066-11e4-a52e-4f735466cecf":"f.B713056A9316196A9232F0DF0934CF03.d.577A454E1666CB695743D5D232CF4F20.e.5087"}}]}]}
COMMAND: DELETE /session/6cd8861519be2314cbde44996230575a/actions - {}
COMMAND: GET /session/6cd8861519be2314cbde44996230575a/screenshot - {}
RESULT: {}
RESULT: {}
COMMAND: GET /session/6cd8861519be2314cbde44996230575a/screenshot - {}
RESULT: {}
RESULT: {}
COMMAND: POST /session/6cd8861519be2314cbde44996230575a/element/f.B713056A9316196A9232F0DF0934CF03.d.577A454E1666CB695743D5D232CF4F20.e.5087/click - {}
RESULT: {}
COMMAND: GET /session/6cd8861519be2314cbde44996230575a/screenshot - {}
RESULT: {}
COMMAND: POST /session/6cd8861519be2314cbde44996230575a/execute/async - {"script":"<script> [1562 bytes]","args":[{"selector":{"controlType":"sap.m.SearchField","properties":{"placeholder":"Search"},"searchOpenDialogs":true,"interaction":{"idSuffix":"I"}},"wdio_ui5_key":"sapm.SearchField{\"placeholder\":\"Search\"}"}]}
RESULT: {"script":"<script> [1562 bytes]","args":[{"selector":{"controlType":"sap.m.SearchField","properties":{"placeholder":"Search"},"searchOpenDialogs":true,"interaction":{"idSuffix":"I"}},"wdio_ui5_key":"sapm.SearchField{\"placeholder\":\"Search\"}"}]}
RESULT: undefined
COMMAND: POST /session/6cd8861519be2314cbde44996230575a/execute/async - {"script":"<script> [776 bytes]","args":[{"enterText":"4000360","selector":{"controlType":"sap.m.SearchField","properties":{"placeholder":"Search"},"searchOpenDialogs":true,"interaction":{"idSuffix":"I"}},"clearTextFirst":true,"interactionType":"ENTER_TEXT"}]}
RESULT: {"script":"<script> [776 bytes]","args":[{"enterText":"4000360","selector":{"controlType":"sap.m.SearchField","properties":{"placeholder":"Search"},"searchOpenDialogs":true,"interaction":{"idSuffix":"I"}},"clearTextFirst":true,"interactionType":"ENTER_TEXT"}]}
COMMAND: POST /session/6cd8861519be2314cbde44996230575a/actions - {"actions":[{"id":"action12","type":"key","parameters":{},"actions":[{"type":"keyDown","value":""},{"type":"pause","duration":10},{"type":"keyUp","value":""}]}]}
RESULT: {"actions":[{"id":"action12","type":"key","parameters":{},"actions":[{"type":"keyDown","value":""},{"type":"pause","duration":10},{"type":"keyUp","value":""}]}]}
COMMAND: GET /session/6cd8861519be2314cbde44996230575a/screenshot - {}
RESULT: {}
COMMAND: POST /session/6cd8861519be2314cbde44996230575a/element - {"using":"xpath","value":"//td/div/span[contains(text(), \"BGL Vehicles\")]"}
RESULT: {"using":"xpath","value":"//td/div/span[contains(text(), \"BGL Vehicles\")]"}
COMMAND: POST /session/6cd8861519be2314cbde44996230575a/element/f.B713056A9316196A9232F0DF0934CF03.d.577A454E1666CB695743D5D232CF4F20.e.5109/click - {}
RESULT: {}
COMMAND: GET /session/6cd8861519be2314cbde44996230575a/screenshot - {}
RESULT: {}
COMMAND: POST /session/6cd8861519be2314cbde44996230575a/element - {"using":"xpath","value":"//bdi[contains(text(), \"OK\")]"}
RESULT: {"using":"xpath","value":"//bdi[contains(text(), \"OK\")]"}
COMMAND: POST /session/6cd8861519be2314cbde44996230575a/element/f.B713056A9316196A9232F0DF0934CF03.d.577A454E1666CB695743D5D232CF4F20.e.5110/click - {}
RESULT: {}
COMMAND: GET /session/6cd8861519be2314cbde44996230575a/screenshot - {}
RESULT: {}
COMMAND: POST /session/6cd8861519be2314cbde44996230575a/execute/async - {"script":"<script> [1562 bytes]","args":[{"selector":{"id":"application-manageresources-display-component---newResourceUnit--newRRUPage-anchBar-application-manageresources-display-component---newResourceUnit--resource-anchor","interaction":{"idSuffix":"BDI-content"}},"wdio_ui5_key":"applicationmanageresources-display-component---newResourceUnit--newRRUPage-anchBar-application-manageresources-display-component---newResourceUnit--resource-anchor"}]}
RESULT: {"script":"<script> [1562 bytes]","args":[{"selector":{"id":"application-manageresources-display-component---newResourceUnit--newRRUPage-anchBar-application-manageresources-display-component---newResourceUnit--resource-anchor","interaction":{"idSuffix":"BDI-content"}},"wdio_ui5_key":"applicationmanageresources-display-component---newResourceUnit--newRRUPage-anchBar-application-manageresources-display-component---newResourceUnit--resource-anchor"}]}
RESULT: undefined
COMMAND: POST /session/6cd8861519be2314cbde44996230575a/element - {"using":"xpath","value":"//*[@id=\"application-manageresources-display-component---newResourceUnit--newRRUPage-anchBar-application-manageresources-display-component---newResourceUnit--resource-anchor\"]"}
RESULT: {"using":"xpath","value":"//*[@id=\"application-manageresources-display-component---newResourceUnit--newRRUPage-anchBar-application-manageresources-display-component---newResourceUnit--resource-anchor\"]"}
COMMAND: POST /session/6cd8861519be2314cbde44996230575a/element/f.B713056A9316196A9232F0DF0934CF03.d.577A454E1666CB695743D5D232CF4F20.e.5114/click - {}
RESULT: {}
COMMAND: POST /session/6cd8861519be2314cbde44996230575a/execute/async - {"script":"<script> [1562 bytes]","args":[{"selector":{"id":"application-manageresources-display-component---newResourceUnit--PLANNED_DELIVERY_DATE","interaction":{"idSuffix":"inner"}},"wdio_ui5_key":"applicationmanageresources-display-component---newResourceUnit--PLANNED_DELIVERY_DATE"}]}
COMMAND: GET /session/6cd8861519be2314cbde44996230575a/screenshot - {}
RESULT: {"script":"<script> [1562 bytes]","args":[{"selector":{"id":"application-manageresources-display-component---newResourceUnit--PLANNED_DELIVERY_DATE","interaction":{"idSuffix":"inner"}},"wdio_ui5_key":"applicationmanageresources-display-component---newResourceUnit--PLANNED_DELIVERY_DATE"}]}
RESULT: undefined
COMMAND: POST /session/6cd8861519be2314cbde44996230575a/execute/async - {"script":"<script> [6424 bytes]","args":[{"element-6066-11e4-a52e-4f735466cecf":"f.B713056A9316196A9232F0DF0934CF03.d.577A454E1666CB695743D5D232CF4F20.e.4943"},"setValue",["5/23/25"]]}
RESULT: {}
RESULT: {"script":"<script> [6424 bytes]","args":[{"element-6066-11e4-a52e-4f735466cecf":"f.B713056A9316196A9232F0DF0934CF03.d.577A454E1666CB695743D5D232CF4F20.e.4943"},"setValue",["5/23/25"]]}
COMMAND: POST /session/6cd8861519be2314cbde44996230575a/element - {"using":"xpath","value":"//label[contains(@class, 'sapMLabelRequired') and .//bdi[contains(text(), 'Planned Retirement')]]"}
RESULT: {"using":"xpath","value":"//label[contains(@class, 'sapMLabelRequired') and .//bdi[contains(text(), 'Planned Retirement')]]"}
COMMAND: POST /session/6cd8861519be2314cbde44996230575a/elements - {"using":"xpath","value":"//label[contains(@class, 'sapMLabelRequired') and .//bdi[contains(text(), 'Planned Retirement')]]"}
RESULT: {"using":"xpath","value":"//label[contains(@class, 'sapMLabelRequired') and .//bdi[contains(text(), 'Planned Retirement')]]"}
COMMAND: POST /session/6cd8861519be2314cbde44996230575a/element - {"using":"xpath","value":"//button[@data-kt=\"resourceUnitSaveButton\"]"}
RESULT: {"using":"xpath","value":"//button[@data-kt=\"resourceUnitSaveButton\"]"}
COMMAND: POST /session/6cd8861519be2314cbde44996230575a/element/f.B713056A9316196A9232F0DF0934CF03.d.577A454E1666CB695743D5D232CF4F20.e.4902/click - {}
RESULT: {}
COMMAND: GET /session/6cd8861519be2314cbde44996230575a/screenshot - {}
RESULT: {}
COMMAND: POST /session/6cd8861519be2314cbde44996230575a/element - {"using":"xpath","value":"//bdi[contains(text(), \"Close\")]"}
RESULT: {"using":"xpath","value":"//bdi[contains(text(), \"Close\")]"}
COMMAND: POST /session/6cd8861519be2314cbde44996230575a/element/f.B713056A9316196A9232F0DF0934CF03.d.577A454E1666CB695743D5D232CF4F20.e.5122/click - {}
RESULT: {}
COMMAND: GET /session/6cd8861519be2314cbde44996230575a/screenshot - {}
RESULT: {}
COMMAND: POST /session/6cd8861519be2314cbde44996230575a/element - {"using":"xpath","value":"(//button[contains(@id ,\"actionsToolbar-overflowButton\")])[1]"}
RESULT: {"using":"xpath","value":"(//button[contains(@id ,\"actionsToolbar-overflowButton\")])[1]"}
COMMAND: POST /session/6cd8861519be2314cbde44996230575a/element/f.B713056A9316196A9232F0DF0934CF03.d.577A454E1666CB695743D5D232CF4F20.e.5143/click - {}
RESULT: {}
COMMAND: GET /session/6cd8861519be2314cbde44996230575a/screenshot - {}
RESULT: {}
COMMAND: POST /session/6cd8861519be2314cbde44996230575a/element - {"using":"xpath","value":"//button[@data-kt=\"priceInfoButton\"]"}
RESULT: {"using":"xpath","value":"//button[@data-kt=\"priceInfoButton\"]"}
COMMAND: POST /session/6cd8861519be2314cbde44996230575a/element/f.B713056A9316196A9232F0DF0934CF03.d.577A454E1666CB695743D5D232CF4F20.e.5156/click - {}
RESULT: {}
COMMAND: GET /session/6cd8861519be2314cbde44996230575a/screenshot - {}
RESULT: {}
]]></system-out>
    </testcase>
    <testcase classname="chrome.136_0_7103_93.windows.Billing_Transfer_-_Master_data_&amp;_Intercompany_US127250" name="Should create new pricing rule TB on the equipment TB" time="58.273">
      <system-out><![CDATA[
COMMAND: POST /session/6cd8861519be2314cbde44996230575a/element - {"using":"xpath","value":"//button[@data-kt=\"addButton\"]"}
RESULT: {"using":"xpath","value":"//button[@data-kt=\"addButton\"]"}
COMMAND: POST /session/6cd8861519be2314cbde44996230575a/elements - {"using":"xpath","value":"//button[@data-kt=\"addButton\"]"}
RESULT: {"using":"xpath","value":"//button[@data-kt=\"addButton\"]"}
COMMAND: POST /session/6cd8861519be2314cbde44996230575a/elements - {"using":"xpath","value":"//button[@data-kt=\"addButton\"]"}
RESULT: {"using":"xpath","value":"//button[@data-kt=\"addButton\"]"}
COMMAND: POST /session/6cd8861519be2314cbde44996230575a/elements - {"using":"xpath","value":"//button[@data-kt=\"addButton\"]"}
RESULT: {"using":"xpath","value":"//button[@data-kt=\"addButton\"]"}
COMMAND: POST /session/6cd8861519be2314cbde44996230575a/elements - {"using":"xpath","value":"//button[@data-kt=\"addButton\"]"}
RESULT: {"using":"xpath","value":"//button[@data-kt=\"addButton\"]"}
COMMAND: POST /session/6cd8861519be2314cbde44996230575a/element - {"using":"xpath","value":"//button[@data-kt=\"addButton\"]"}
RESULT: {"using":"xpath","value":"//button[@data-kt=\"addButton\"]"}
COMMAND: POST /session/6cd8861519be2314cbde44996230575a/execute/sync - {"script":"<script> [8489 bytes]","args":[{"element-6066-11e4-a52e-4f735466cecf":"f.B713056A9316196A9232F0DF0934CF03.d.577A454E1666CB695743D5D232CF4F20.e.5193","ELEMENT":"f.B713056A9316196A9232F0DF0934CF03.d.577A454E1666CB695743D5D232CF4F20.e.5193"}]}
RESULT: {"script":"<script> [8489 bytes]","args":[{"element-6066-11e4-a52e-4f735466cecf":"f.B713056A9316196A9232F0DF0934CF03.d.577A454E1666CB695743D5D232CF4F20.e.5193","ELEMENT":"f.B713056A9316196A9232F0DF0934CF03.d.577A454E1666CB695743D5D232CF4F20.e.5193"}]}
COMMAND: GET /session/6cd8861519be2314cbde44996230575a/element/f.B713056A9316196A9232F0DF0934CF03.d.577A454E1666CB695743D5D232CF4F20.e.5193/enabled - {}
COMMAND: GET /session/6cd8861519be2314cbde44996230575a/screenshot - {}
RESULT: {}
COMMAND: POST /session/6cd8861519be2314cbde44996230575a/execute/sync - {"script":"<script> [8489 bytes]","args":[{"element-6066-11e4-a52e-4f735466cecf":"f.B713056A9316196A9232F0DF0934CF03.d.577A454E1666CB695743D5D232CF4F20.e.5193","ELEMENT":"f.B713056A9316196A9232F0DF0934CF03.d.577A454E1666CB695743D5D232CF4F20.e.5193"}]}
COMMAND: GET /session/6cd8861519be2314cbde44996230575a/screenshot - {}
RESULT: {}
RESULT: {"script":"<script> [8489 bytes]","args":[{"element-6066-11e4-a52e-4f735466cecf":"f.B713056A9316196A9232F0DF0934CF03.d.577A454E1666CB695743D5D232CF4F20.e.5193","ELEMENT":"f.B713056A9316196A9232F0DF0934CF03.d.577A454E1666CB695743D5D232CF4F20.e.5193"}]}
COMMAND: POST /session/6cd8861519be2314cbde44996230575a/execute/sync - {"script":"<script> [5351 bytes]","args":[{"element-6066-11e4-a52e-4f735466cecf":"f.B713056A9316196A9232F0DF0934CF03.d.577A454E1666CB695743D5D232CF4F20.e.5193","ELEMENT":"f.B713056A9316196A9232F0DF0934CF03.d.577A454E1666CB695743D5D232CF4F20.e.5193"}]}
COMMAND: GET /session/6cd8861519be2314cbde44996230575a/screenshot - {}
RESULT: {}
RESULT: {"script":"<script> [5351 bytes]","args":[{"element-6066-11e4-a52e-4f735466cecf":"f.B713056A9316196A9232F0DF0934CF03.d.577A454E1666CB695743D5D232CF4F20.e.5193","ELEMENT":"f.B713056A9316196A9232F0DF0934CF03.d.577A454E1666CB695743D5D232CF4F20.e.5193"}]}
COMMAND: POST /session/6cd8861519be2314cbde44996230575a/element/f.B713056A9316196A9232F0DF0934CF03.d.577A454E1666CB695743D5D232CF4F20.e.5193/click - {}
COMMAND: GET /session/6cd8861519be2314cbde44996230575a/screenshot - {}
RESULT: {}
RESULT: {}
COMMAND: GET /session/6cd8861519be2314cbde44996230575a/screenshot - {}
RESULT: {}
RESULT: {}
COMMAND: POST /session/6cd8861519be2314cbde44996230575a/execute/async - {"script":"<script> [1562 bytes]","args":[{"selector":{"controlType":"sap.m.Title","viewName":"etm.portal.ui.managepricingrules.view.NewItem","viewId":"application-managepricingrules-display-component---newInfoPriceItem","properties":{"text":"New Pricing Rules - Item Level"}},"wdio_ui5_key":"etmportal.ui.managepricingrules.view.NewItemsap.m.Title{\"text\":\"New Pricing Rules - Item Level\"}"}]}
RESULT: {"script":"<script> [1562 bytes]","args":[{"selector":{"controlType":"sap.m.Title","viewName":"etm.portal.ui.managepricingrules.view.NewItem","viewId":"application-managepricingrules-display-component---newInfoPriceItem","properties":{"text":"New Pricing Rules - Item Level"}},"wdio_ui5_key":"etmportal.ui.managepricingrules.view.NewItemsap.m.Title{\"text\":\"New Pricing Rules - Item Level\"}"}]}
RESULT: undefined
COMMAND: POST /session/6cd8861519be2314cbde44996230575a/execute/async - {"script":"<script> [6424 bytes]","args":[{"element-6066-11e4-a52e-4f735466cecf":"f.B713056A9316196A9232F0DF0934CF03.d.577A454E1666CB695743D5D232CF4F20.e.5352"},"getText",[]]}
RESULT: {"script":"<script> [6424 bytes]","args":[{"element-6066-11e4-a52e-4f735466cecf":"f.B713056A9316196A9232F0DF0934CF03.d.577A454E1666CB695743D5D232CF4F20.e.5352"},"getText",[]]}
COMMAND: POST /session/6cd8861519be2314cbde44996230575a/execute/async - {"script":"<script> [1562 bytes]","args":[{"selector":{"id":"application-managepricingrules-display-component---newInfoPriceItem--condValidTo","interaction":{"idSuffix":"inner"}},"wdio_ui5_key":"applicationmanagepricingrules-display-component---newInfoPriceItem--condValidTo"}]}
RESULT: {"script":"<script> [1562 bytes]","args":[{"selector":{"id":"application-managepricingrules-display-component---newInfoPriceItem--condValidTo","interaction":{"idSuffix":"inner"}},"wdio_ui5_key":"applicationmanagepricingrules-display-component---newInfoPriceItem--condValidTo"}]}
RESULT: undefined
COMMAND: POST /session/6cd8861519be2314cbde44996230575a/execute/async - {"script":"<script> [776 bytes]","args":[{"enterText":"1/23/26","selector":{"id":"application-managepricingrules-display-component---newInfoPriceItem--condValidTo","interaction":{"idSuffix":"inner"}},"clearTextFirst":true,"interactionType":"ENTER_TEXT"}]}
RESULT: {"script":"<script> [776 bytes]","args":[{"enterText":"1/23/26","selector":{"id":"application-managepricingrules-display-component---newInfoPriceItem--condValidTo","interaction":{"idSuffix":"inner"}},"clearTextFirst":true,"interactionType":"ENTER_TEXT"}]}
COMMAND: POST /session/6cd8861519be2314cbde44996230575a/execute/async - {"script":"<script> [1562 bytes]","args":[{"selector":{"id":"application-managepricingrules-display-component---newInfoPriceItem--billType-arrow"},"wdio_ui5_key":"applicationmanagepricingrules-display-component---newInfoPriceItem--billType-arrow"}]}
RESULT: {"script":"<script> [1562 bytes]","args":[{"selector":{"id":"application-managepricingrules-display-component---newInfoPriceItem--billType-arrow"},"wdio_ui5_key":"applicationmanagepricingrules-display-component---newInfoPriceItem--billType-arrow"}]}
RESULT: undefined
COMMAND: POST /session/6cd8861519be2314cbde44996230575a/element - {"using":"xpath","value":"//*[@id=\"application-managepricingrules-display-component---newInfoPriceItem--billType-arrow\"]"}
RESULT: {"using":"xpath","value":"//*[@id=\"application-managepricingrules-display-component---newInfoPriceItem--billType-arrow\"]"}
COMMAND: POST /session/6cd8861519be2314cbde44996230575a/element/f.B713056A9316196A9232F0DF0934CF03.d.577A454E1666CB695743D5D232CF4F20.e.5354/click - {}
RESULT: {}
COMMAND: POST /session/6cd8861519be2314cbde44996230575a/element - {"using":"xpath","value":"//span[contains(text(), \"TB - Time based\")]"}
COMMAND: GET /session/6cd8861519be2314cbde44996230575a/screenshot - {}
RESULT: {"using":"xpath","value":"//span[contains(text(), \"TB - Time based\")]"}
COMMAND: POST /session/6cd8861519be2314cbde44996230575a/element/f.B713056A9316196A9232F0DF0934CF03.d.577A454E1666CB695743D5D232CF4F20.e.5355/click - {}
RESULT: {}
RESULT: {}
COMMAND: POST /session/6cd8861519be2314cbde44996230575a/execute/async - {"script":"<script> [1562 bytes]","args":[{"selector":{"id":"application-managepricingrules-display-component---newInfoPriceItem--priceProc-arrow"},"wdio_ui5_key":"applicationmanagepricingrules-display-component---newInfoPriceItem--priceProc-arrow"}]}
COMMAND: GET /session/6cd8861519be2314cbde44996230575a/screenshot - {}
RESULT: {"script":"<script> [1562 bytes]","args":[{"selector":{"id":"application-managepricingrules-display-component---newInfoPriceItem--priceProc-arrow"},"wdio_ui5_key":"applicationmanagepricingrules-display-component---newInfoPriceItem--priceProc-arrow"}]}
RESULT: undefined
COMMAND: POST /session/6cd8861519be2314cbde44996230575a/element - {"using":"xpath","value":"//*[@id=\"application-managepricingrules-display-component---newInfoPriceItem--priceProc-arrow\"]"}
RESULT: {}
RESULT: {"using":"xpath","value":"//*[@id=\"application-managepricingrules-display-component---newInfoPriceItem--priceProc-arrow\"]"}
COMMAND: POST /session/6cd8861519be2314cbde44996230575a/element/f.B713056A9316196A9232F0DF0934CF03.d.577A454E1666CB695743D5D232CF4F20.e.5318/click - {}
RESULT: {}
COMMAND: POST /session/6cd8861519be2314cbde44996230575a/element - {"using":"xpath","value":"//span[contains(text(), \"TBS - Time based standard\")]"}
COMMAND: GET /session/6cd8861519be2314cbde44996230575a/screenshot - {}
RESULT: {"using":"xpath","value":"//span[contains(text(), \"TBS - Time based standard\")]"}
COMMAND: POST /session/6cd8861519be2314cbde44996230575a/element/f.B713056A9316196A9232F0DF0934CF03.d.577A454E1666CB695743D5D232CF4F20.e.5356/click - {}
RESULT: {}
RESULT: {}
COMMAND: POST /session/6cd8861519be2314cbde44996230575a/execute/async - {"script":"<script> [1562 bytes]","args":[{"selector":{"id":"application-managepricingrules-display-component---newInfoPriceItem--calcBase-arrow"},"wdio_ui5_key":"applicationmanagepricingrules-display-component---newInfoPriceItem--calcBase-arrow"}]}
COMMAND: GET /session/6cd8861519be2314cbde44996230575a/screenshot - {}
RESULT: {"script":"<script> [1562 bytes]","args":[{"selector":{"id":"application-managepricingrules-display-component---newInfoPriceItem--calcBase-arrow"},"wdio_ui5_key":"applicationmanagepricingrules-display-component---newInfoPriceItem--calcBase-arrow"}]}
RESULT: undefined
COMMAND: POST /session/6cd8861519be2314cbde44996230575a/element - {"using":"xpath","value":"//*[@id=\"application-managepricingrules-display-component---newInfoPriceItem--calcBase-arrow\"]"}
RESULT: {}
RESULT: {"using":"xpath","value":"//*[@id=\"application-managepricingrules-display-component---newInfoPriceItem--calcBase-arrow\"]"}
COMMAND: POST /session/6cd8861519be2314cbde44996230575a/element/f.B713056A9316196A9232F0DF0934CF03.d.577A454E1666CB695743D5D232CF4F20.e.5325/click - {}
RESULT: {}
COMMAND: GET /session/6cd8861519be2314cbde44996230575a/screenshot - {}
RESULT: {}
COMMAND: POST /session/6cd8861519be2314cbde44996230575a/element - {"using":"xpath","value":"//span[contains(text(), \"0006 - TB(calendar days)\")]"}
RESULT: {"using":"xpath","value":"//span[contains(text(), \"0006 - TB(calendar days)\")]"}
COMMAND: POST /session/6cd8861519be2314cbde44996230575a/element/f.B713056A9316196A9232F0DF0934CF03.d.577A454E1666CB695743D5D232CF4F20.e.5357/click - {}
RESULT: {}
COMMAND: GET /session/6cd8861519be2314cbde44996230575a/screenshot - {}
RESULT: {}
COMMAND: POST /session/6cd8861519be2314cbde44996230575a/execute/async - {"script":"<script> [1562 bytes]","args":[{"selector":{"id":"application-managepricingrules-display-component---newInfoPriceItem--daysMonth","interaction":{"idSuffix":"inner"}},"wdio_ui5_key":"applicationmanagepricingrules-display-component---newInfoPriceItem--daysMonth"}]}
RESULT: {"script":"<script> [1562 bytes]","args":[{"selector":{"id":"application-managepricingrules-display-component---newInfoPriceItem--daysMonth","interaction":{"idSuffix":"inner"}},"wdio_ui5_key":"applicationmanagepricingrules-display-component---newInfoPriceItem--daysMonth"}]}
RESULT: undefined
COMMAND: POST /session/6cd8861519be2314cbde44996230575a/execute/async - {"script":"<script> [776 bytes]","args":[{"enterText":"30","selector":{"id":"application-managepricingrules-display-component---newInfoPriceItem--daysMonth","interaction":{"idSuffix":"inner"}},"clearTextFirst":true,"interactionType":"ENTER_TEXT"}]}
RESULT: {"script":"<script> [776 bytes]","args":[{"enterText":"30","selector":{"id":"application-managepricingrules-display-component---newInfoPriceItem--daysMonth","interaction":{"idSuffix":"inner"}},"clearTextFirst":true,"interactionType":"ENTER_TEXT"}]}
COMMAND: POST /session/6cd8861519be2314cbde44996230575a/element - {"using":"xpath","value":"//button[@data-kt=\"saveNewRuleButton\"]"}
RESULT: {"using":"xpath","value":"//button[@data-kt=\"saveNewRuleButton\"]"}
COMMAND: POST /session/6cd8861519be2314cbde44996230575a/element/f.B713056A9316196A9232F0DF0934CF03.d.577A454E1666CB695743D5D232CF4F20.e.5340/click - {}
RESULT: {}
COMMAND: GET /session/6cd8861519be2314cbde44996230575a/screenshot - {}
RESULT: {}
COMMAND: POST /session/6cd8861519be2314cbde44996230575a/execute/async - {"script":"<script> [1562 bytes]","args":[{"selector":{"id":"application-managepricingrules-display-component---priceInfoItem--smartFilterBar-btnBasicSearch","interaction":{"idSuffix":"I"}},"wdio_ui5_key":"applicationmanagepricingrules-display-component---priceInfoItem--smartFilterBar-btnBasicSearch"}]}
RESULT: {"script":"<script> [1562 bytes]","args":[{"selector":{"id":"application-managepricingrules-display-component---priceInfoItem--smartFilterBar-btnBasicSearch","interaction":{"idSuffix":"I"}},"wdio_ui5_key":"applicationmanagepricingrules-display-component---priceInfoItem--smartFilterBar-btnBasicSearch"}]}
RESULT: undefined
COMMAND: POST /session/6cd8861519be2314cbde44996230575a/execute/async - {"script":"<script> [776 bytes]","args":[{"enterText":"x4F9BmEs7x","selector":{"id":"application-managepricingrules-display-component---priceInfoItem--smartFilterBar-btnBasicSearch","interaction":{"idSuffix":"I"}},"clearTextFirst":true,"interactionType":"ENTER_TEXT"}]}
RESULT: {"script":"<script> [776 bytes]","args":[{"enterText":"x4F9BmEs7x","selector":{"id":"application-managepricingrules-display-component---priceInfoItem--smartFilterBar-btnBasicSearch","interaction":{"idSuffix":"I"}},"clearTextFirst":true,"interactionType":"ENTER_TEXT"}]}
COMMAND: POST /session/6cd8861519be2314cbde44996230575a/actions - {"actions":[{"id":"action13","type":"key","parameters":{},"actions":[{"type":"keyDown","value":""},{"type":"pause","duration":10},{"type":"keyUp","value":""}]}]}
RESULT: {"actions":[{"id":"action13","type":"key","parameters":{},"actions":[{"type":"keyDown","value":""},{"type":"pause","duration":10},{"type":"keyUp","value":""}]}]}
COMMAND: GET /session/6cd8861519be2314cbde44996230575a/screenshot - {}
RESULT: {}
COMMAND: POST /session/6cd8861519be2314cbde44996230575a/element - {"using":"xpath","value":"//span[@id=\"application-managepricingrules-display-component---priceInfoItem--smartTable-header-inner\"]"}
RESULT: {"using":"xpath","value":"//span[@id=\"application-managepricingrules-display-component---priceInfoItem--smartTable-header-inner\"]"}
COMMAND: POST /session/6cd8861519be2314cbde44996230575a/elements - {"using":"xpath","value":"//span[@id=\"application-managepricingrules-display-component---priceInfoItem--smartTable-header-inner\"]"}
RESULT: {"using":"xpath","value":"//span[@id=\"application-managepricingrules-display-component---priceInfoItem--smartTable-header-inner\"]"}
COMMAND: POST /session/6cd8861519be2314cbde44996230575a/execute/sync - {"script":"<script> [56 bytes]","args":[{"element-6066-11e4-a52e-4f735466cecf":"f.B713056A9316196A9232F0DF0934CF03.d.577A454E1666CB695743D5D232CF4F20.e.5381","ELEMENT":"f.B713056A9316196A9232F0DF0934CF03.d.577A454E1666CB695743D5D232CF4F20.e.5381"}]}
RESULT: {"script":"<script> [56 bytes]","args":[{"element-6066-11e4-a52e-4f735466cecf":"f.B713056A9316196A9232F0DF0934CF03.d.577A454E1666CB695743D5D232CF4F20.e.5381","ELEMENT":"f.B713056A9316196A9232F0DF0934CF03.d.577A454E1666CB695743D5D232CF4F20.e.5381"}]}
COMMAND: POST /session/6cd8861519be2314cbde44996230575a/element - {"using":"css selector","value":"#shell-header-logo"}
COMMAND: GET /session/6cd8861519be2314cbde44996230575a/screenshot - {}
RESULT: {"using":"css selector","value":"#shell-header-logo"}
COMMAND: POST /session/6cd8861519be2314cbde44996230575a/element/f.B713056A9316196A9232F0DF0934CF03.d.577A454E1666CB695743D5D232CF4F20.e.4500/click - {}
RESULT: {}
RESULT: {}
COMMAND: GET /session/6cd8861519be2314cbde44996230575a/screenshot - {}
RESULT: {}
]]></system-out>
    </testcase>
    <testcase classname="chrome.136_0_7103_93.windows.Billing_Transfer_-_Master_data_&amp;_Intercompany_US127250" name="Should create new condition for equipment TB" time="72.28">
      <system-out><![CDATA[
COMMAND: POST /session/6cd8861519be2314cbde44996230575a/execute/async - {"script":"<script> [1562 bytes]","args":[{"selector":{"controlType":"sap.m.GenericTile","properties":{"header":"Manage Conditions & Prices"}},"wdio_ui5_key":"sapm.GenericTile{\"header\":\"Manage Conditions & Prices\"}"}]}
RESULT: {"script":"<script> [1562 bytes]","args":[{"selector":{"controlType":"sap.m.GenericTile","properties":{"header":"Manage Conditions & Prices"}},"wdio_ui5_key":"sapm.GenericTile{\"header\":\"Manage Conditions & Prices\"}"}]}
RESULT: undefined
COMMAND: POST /session/6cd8861519be2314cbde44996230575a/element - {"using":"xpath","value":"//*[@id=\"__tile93\"]"}
RESULT: {"using":"xpath","value":"//*[@id=\"__tile93\"]"}
COMMAND: POST /session/6cd8861519be2314cbde44996230575a/element/f.B713056A9316196A9232F0DF0934CF03.d.577A454E1666CB695743D5D232CF4F20.e.4484/click - {}
RESULT: {}
COMMAND: GET /session/6cd8861519be2314cbde44996230575a/screenshot - {}
RESULT: {}
COMMAND: POST /session/6cd8861519be2314cbde44996230575a/elements - {"using":"xpath","value":"//span[text()='Error']"}
RESULT: {"using":"xpath","value":"//span[text()='Error']"}
COMMAND: POST /session/6cd8861519be2314cbde44996230575a/element - {"using":"xpath","value":"//button[@aria-label=\"Create\"]"}
RESULT: {"using":"xpath","value":"//button[@aria-label=\"Create\"]"}
COMMAND: POST /session/6cd8861519be2314cbde44996230575a/elements - {"using":"xpath","value":"//button[@aria-label=\"Create\"]"}
RESULT: {"using":"xpath","value":"//button[@aria-label=\"Create\"]"}
COMMAND: POST /session/6cd8861519be2314cbde44996230575a/execute/sync - {"script":"<script> [8489 bytes]","args":[{"element-6066-11e4-a52e-4f735466cecf":"f.B713056A9316196A9232F0DF0934CF03.d.577A454E1666CB695743D5D232CF4F20.e.5417","ELEMENT":"f.B713056A9316196A9232F0DF0934CF03.d.577A454E1666CB695743D5D232CF4F20.e.5417"}]}
RESULT: {"script":"<script> [8489 bytes]","args":[{"element-6066-11e4-a52e-4f735466cecf":"f.B713056A9316196A9232F0DF0934CF03.d.577A454E1666CB695743D5D232CF4F20.e.5417","ELEMENT":"f.B713056A9316196A9232F0DF0934CF03.d.577A454E1666CB695743D5D232CF4F20.e.5417"}]}
COMMAND: GET /session/6cd8861519be2314cbde44996230575a/element/f.B713056A9316196A9232F0DF0934CF03.d.577A454E1666CB695743D5D232CF4F20.e.5417/enabled - {}
COMMAND: GET /session/6cd8861519be2314cbde44996230575a/screenshot - {}
RESULT: {}
COMMAND: POST /session/6cd8861519be2314cbde44996230575a/execute/sync - {"script":"<script> [8489 bytes]","args":[{"element-6066-11e4-a52e-4f735466cecf":"f.B713056A9316196A9232F0DF0934CF03.d.577A454E1666CB695743D5D232CF4F20.e.5417","ELEMENT":"f.B713056A9316196A9232F0DF0934CF03.d.577A454E1666CB695743D5D232CF4F20.e.5417"}]}
COMMAND: GET /session/6cd8861519be2314cbde44996230575a/screenshot - {}
RESULT: {}
RESULT: {"script":"<script> [8489 bytes]","args":[{"element-6066-11e4-a52e-4f735466cecf":"f.B713056A9316196A9232F0DF0934CF03.d.577A454E1666CB695743D5D232CF4F20.e.5417","ELEMENT":"f.B713056A9316196A9232F0DF0934CF03.d.577A454E1666CB695743D5D232CF4F20.e.5417"}]}
COMMAND: POST /session/6cd8861519be2314cbde44996230575a/execute/sync - {"script":"<script> [5351 bytes]","args":[{"element-6066-11e4-a52e-4f735466cecf":"f.B713056A9316196A9232F0DF0934CF03.d.577A454E1666CB695743D5D232CF4F20.e.5417","ELEMENT":"f.B713056A9316196A9232F0DF0934CF03.d.577A454E1666CB695743D5D232CF4F20.e.5417"}]}
COMMAND: GET /session/6cd8861519be2314cbde44996230575a/screenshot - {}
RESULT: {}
RESULT: {"script":"<script> [5351 bytes]","args":[{"element-6066-11e4-a52e-4f735466cecf":"f.B713056A9316196A9232F0DF0934CF03.d.577A454E1666CB695743D5D232CF4F20.e.5417","ELEMENT":"f.B713056A9316196A9232F0DF0934CF03.d.577A454E1666CB695743D5D232CF4F20.e.5417"}]}
COMMAND: POST /session/6cd8861519be2314cbde44996230575a/element/f.B713056A9316196A9232F0DF0934CF03.d.577A454E1666CB695743D5D232CF4F20.e.5417/click - {}
COMMAND: GET /session/6cd8861519be2314cbde44996230575a/screenshot - {}
RESULT: {}
RESULT: {}
COMMAND: GET /session/6cd8861519be2314cbde44996230575a/screenshot - {}
RESULT: {}
RESULT: {}
COMMAND: POST /session/6cd8861519be2314cbde44996230575a/actions - {"actions":[{"id":"action14","type":"key","parameters":{},"actions":[{"type":"keyDown","value":""},{"type":"pause","duration":10},{"type":"keyUp","value":""}]}]}
RESULT: {"actions":[{"id":"action14","type":"key","parameters":{},"actions":[{"type":"keyDown","value":""},{"type":"pause","duration":10},{"type":"keyUp","value":""}]}]}
COMMAND: GET /session/6cd8861519be2314cbde44996230575a/screenshot - {}
RESULT: {}
COMMAND: POST /session/6cd8861519be2314cbde44996230575a/execute/async - {"script":"<script> [1562 bytes]","args":[{"selector":{"id":"application-manageconditionprice-display-component---newCondition--condBillCond-arrow"},"wdio_ui5_key":"applicationmanageconditionprice-display-component---newCondition--condBillCond-arrow"}]}
RESULT: {"script":"<script> [1562 bytes]","args":[{"selector":{"id":"application-manageconditionprice-display-component---newCondition--condBillCond-arrow"},"wdio_ui5_key":"applicationmanageconditionprice-display-component---newCondition--condBillCond-arrow"}]}
RESULT: undefined
COMMAND: POST /session/6cd8861519be2314cbde44996230575a/element - {"using":"xpath","value":"//*[@id=\"application-manageconditionprice-display-component---newCondition--condBillCond-arrow\"]"}
RESULT: {"using":"xpath","value":"//*[@id=\"application-manageconditionprice-display-component---newCondition--condBillCond-arrow\"]"}
COMMAND: POST /session/6cd8861519be2314cbde44996230575a/element/f.B713056A9316196A9232F0DF0934CF03.d.577A454E1666CB695743D5D232CF4F20.e.5597/click - {}
RESULT: {}
COMMAND: GET /session/6cd8861519be2314cbde44996230575a/screenshot - {}
RESULT: {}
COMMAND: POST /session/6cd8861519be2314cbde44996230575a/element - {"using":"xpath","value":"//li[.//span[contains(text(), \"DISP - D&I special price\")]]"}
RESULT: {"using":"xpath","value":"//li[.//span[contains(text(), \"DISP - D&I special price\")]]"}
COMMAND: POST /session/6cd8861519be2314cbde44996230575a/element/f.B713056A9316196A9232F0DF0934CF03.d.577A454E1666CB695743D5D232CF4F20.e.5600/click - {}
RESULT: {}
COMMAND: GET /session/6cd8861519be2314cbde44996230575a/screenshot - {}
RESULT: {}
COMMAND: POST /session/6cd8861519be2314cbde44996230575a/execute/async - {"script":"<script> [1562 bytes]","args":[{"selector":{"id":"application-manageconditionprice-display-component---newCondition--condValidTo","interaction":{"idSuffix":"inner"}},"wdio_ui5_key":"applicationmanageconditionprice-display-component---newCondition--condValidTo"}]}
RESULT: {"script":"<script> [1562 bytes]","args":[{"selector":{"id":"application-manageconditionprice-display-component---newCondition--condValidTo","interaction":{"idSuffix":"inner"}},"wdio_ui5_key":"applicationmanageconditionprice-display-component---newCondition--condValidTo"}]}
RESULT: undefined
COMMAND: POST /session/6cd8861519be2314cbde44996230575a/execute/async - {"script":"<script> [776 bytes]","args":[{"enterText":"1/23/26","selector":{"id":"application-manageconditionprice-display-component---newCondition--condValidTo","interaction":{"idSuffix":"inner"}},"clearTextFirst":true,"interactionType":"ENTER_TEXT"}]}
RESULT: {"script":"<script> [776 bytes]","args":[{"enterText":"1/23/26","selector":{"id":"application-manageconditionprice-display-component---newCondition--condValidTo","interaction":{"idSuffix":"inner"}},"clearTextFirst":true,"interactionType":"ENTER_TEXT"}]}
COMMAND: POST /session/6cd8861519be2314cbde44996230575a/element - {"using":"xpath","value":"//input[@id=\"application-manageconditionprice-display-component---newCondition--condRU-inner\"]"}
RESULT: {"using":"xpath","value":"//input[@id=\"application-manageconditionprice-display-component---newCondition--condRU-inner\"]"}
COMMAND: POST /session/6cd8861519be2314cbde44996230575a/element/f.B713056A9316196A9232F0DF0934CF03.d.577A454E1666CB695743D5D232CF4F20.e.5462/clear - {}
RESULT: {}
COMMAND: POST /session/6cd8861519be2314cbde44996230575a/element/f.B713056A9316196A9232F0DF0934CF03.d.577A454E1666CB695743D5D232CF4F20.e.5462/value - {"text":"x4F9BmEs7x"}
COMMAND: GET /session/6cd8861519be2314cbde44996230575a/screenshot - {}
RESULT: {"text":"x4F9BmEs7x"}
COMMAND: GET /session/6cd8861519be2314cbde44996230575a/screenshot - {}
RESULT: {}
RESULT: {}
COMMAND: POST /session/6cd8861519be2314cbde44996230575a/actions - {"actions":[{"id":"action15","type":"key","parameters":{},"actions":[{"type":"keyDown","value":""},{"type":"pause","duration":10},{"type":"keyUp","value":""}]}]}
RESULT: {"actions":[{"id":"action15","type":"key","parameters":{},"actions":[{"type":"keyDown","value":""},{"type":"pause","duration":10},{"type":"keyUp","value":""}]}]}
COMMAND: POST /session/6cd8861519be2314cbde44996230575a/execute/async - {"script":"<script> [1562 bytes]","args":[{"selector":{"id":"application-manageconditionprice-display-component---newCondition--condBaseQty","interaction":{"idSuffix":"inner"}},"wdio_ui5_key":"applicationmanageconditionprice-display-component---newCondition--condBaseQty"}]}
COMMAND: GET /session/6cd8861519be2314cbde44996230575a/screenshot - {}
RESULT: {"script":"<script> [1562 bytes]","args":[{"selector":{"id":"application-manageconditionprice-display-component---newCondition--condBaseQty","interaction":{"idSuffix":"inner"}},"wdio_ui5_key":"applicationmanageconditionprice-display-component---newCondition--condBaseQty"}]}
RESULT: undefined
COMMAND: POST /session/6cd8861519be2314cbde44996230575a/execute/async - {"script":"<script> [776 bytes]","args":[{"enterText":"1","selector":{"id":"application-manageconditionprice-display-component---newCondition--condBaseQty","interaction":{"idSuffix":"inner"}},"clearTextFirst":true,"interactionType":"ENTER_TEXT"}]}
RESULT: {}
RESULT: {"script":"<script> [776 bytes]","args":[{"enterText":"1","selector":{"id":"application-manageconditionprice-display-component---newCondition--condBaseQty","interaction":{"idSuffix":"inner"}},"clearTextFirst":true,"interactionType":"ENTER_TEXT"}]}
COMMAND: POST /session/6cd8861519be2314cbde44996230575a/execute/async - {"script":"<script> [1562 bytes]","args":[{"selector":{"id":"application-manageconditionprice-display-component---newCondition--condValue","interaction":{"idSuffix":"inner"}},"wdio_ui5_key":"applicationmanageconditionprice-display-component---newCondition--condValue"}]}
RESULT: {"script":"<script> [1562 bytes]","args":[{"selector":{"id":"application-manageconditionprice-display-component---newCondition--condValue","interaction":{"idSuffix":"inner"}},"wdio_ui5_key":"applicationmanageconditionprice-display-component---newCondition--condValue"}]}
RESULT: undefined
COMMAND: POST /session/6cd8861519be2314cbde44996230575a/execute/async - {"script":"<script> [776 bytes]","args":[{"enterText":"100","selector":{"id":"application-manageconditionprice-display-component---newCondition--condValue","interaction":{"idSuffix":"inner"}},"clearTextFirst":true,"interactionType":"ENTER_TEXT"}]}
RESULT: {"script":"<script> [776 bytes]","args":[{"enterText":"100","selector":{"id":"application-manageconditionprice-display-component---newCondition--condValue","interaction":{"idSuffix":"inner"}},"clearTextFirst":true,"interactionType":"ENTER_TEXT"}]}
COMMAND: POST /session/6cd8861519be2314cbde44996230575a/execute/async - {"script":"<script> [1562 bytes]","args":[{"selector":{"id":"application-manageconditionprice-display-component---newCondition--condCurr-arrow"},"wdio_ui5_key":"applicationmanageconditionprice-display-component---newCondition--condCurr-arrow"}]}
RESULT: {"script":"<script> [1562 bytes]","args":[{"selector":{"id":"application-manageconditionprice-display-component---newCondition--condCurr-arrow"},"wdio_ui5_key":"applicationmanageconditionprice-display-component---newCondition--condCurr-arrow"}]}
RESULT: undefined
COMMAND: POST /session/6cd8861519be2314cbde44996230575a/element - {"using":"xpath","value":"//*[@id=\"application-manageconditionprice-display-component---newCondition--condCurr-arrow\"]"}
RESULT: {"using":"xpath","value":"//*[@id=\"application-manageconditionprice-display-component---newCondition--condCurr-arrow\"]"}
COMMAND: POST /session/6cd8861519be2314cbde44996230575a/element/f.B713056A9316196A9232F0DF0934CF03.d.577A454E1666CB695743D5D232CF4F20.e.5552/click - {}
RESULT: {}
COMMAND: POST /session/6cd8861519be2314cbde44996230575a/element - {"using":"xpath","value":"//span[contains(text(), \"Euro\")]"}
COMMAND: GET /session/6cd8861519be2314cbde44996230575a/screenshot - {}
RESULT: {"using":"xpath","value":"//span[contains(text(), \"Euro\")]"}
COMMAND: POST /session/6cd8861519be2314cbde44996230575a/element/f.B713056A9316196A9232F0DF0934CF03.d.577A454E1666CB695743D5D232CF4F20.e.5639/click - {}
RESULT: {}
RESULT: {}
COMMAND: POST /session/6cd8861519be2314cbde44996230575a/element - {"using":"xpath","value":"//button[@data-kt=\"saveButton\"]"}
COMMAND: GET /session/6cd8861519be2314cbde44996230575a/screenshot - {}
RESULT: {"using":"xpath","value":"//button[@data-kt=\"saveButton\"]"}
COMMAND: POST /session/6cd8861519be2314cbde44996230575a/element/f.B713056A9316196A9232F0DF0934CF03.d.577A454E1666CB695743D5D232CF4F20.e.5553/click - {}
RESULT: {}
RESULT: {}
COMMAND: GET /session/6cd8861519be2314cbde44996230575a/screenshot - {}
RESULT: {}
COMMAND: POST /session/6cd8861519be2314cbde44996230575a/execute/async - {"script":"<script> [1562 bytes]","args":[{"selector":{"id":"application-manageconditionprice-display-component---conditions--smartFilterBar-btnBasicSearch","interaction":{"idSuffix":"I"}},"wdio_ui5_key":"applicationmanageconditionprice-display-component---conditions--smartFilterBar-btnBasicSearch"}]}
RESULT: {"script":"<script> [1562 bytes]","args":[{"selector":{"id":"application-manageconditionprice-display-component---conditions--smartFilterBar-btnBasicSearch","interaction":{"idSuffix":"I"}},"wdio_ui5_key":"applicationmanageconditionprice-display-component---conditions--smartFilterBar-btnBasicSearch"}]}
RESULT: undefined
COMMAND: POST /session/6cd8861519be2314cbde44996230575a/execute/async - {"script":"<script> [776 bytes]","args":[{"enterText":"x4F9BmEs7x","selector":{"id":"application-manageconditionprice-display-component---conditions--smartFilterBar-btnBasicSearch","interaction":{"idSuffix":"I"}},"clearTextFirst":true,"interactionType":"ENTER_TEXT"}]}
RESULT: {"script":"<script> [776 bytes]","args":[{"enterText":"x4F9BmEs7x","selector":{"id":"application-manageconditionprice-display-component---conditions--smartFilterBar-btnBasicSearch","interaction":{"idSuffix":"I"}},"clearTextFirst":true,"interactionType":"ENTER_TEXT"}]}
COMMAND: POST /session/6cd8861519be2314cbde44996230575a/actions - {"actions":[{"id":"action16","type":"key","parameters":{},"actions":[{"type":"keyDown","value":""},{"type":"pause","duration":10},{"type":"keyUp","value":""}]}]}
RESULT: {"actions":[{"id":"action16","type":"key","parameters":{},"actions":[{"type":"keyDown","value":""},{"type":"pause","duration":10},{"type":"keyUp","value":""}]}]}
COMMAND: GET /session/6cd8861519be2314cbde44996230575a/screenshot - {}
RESULT: {}
COMMAND: POST /session/6cd8861519be2314cbde44996230575a/execute/async - {"script":"<script> [1562 bytes]","args":[{"selector":{"id":"application-manageconditionprice-display-component---conditions--smartFilterBar-filterItemControl_BASIC-BILL_TYPES-vhi"},"wdio_ui5_key":"applicationmanageconditionprice-display-component---conditions--smartFilterBar-filterItemControl_BASIC-BILL_TYPES-vhi"}]}
RESULT: {"script":"<script> [1562 bytes]","args":[{"selector":{"id":"application-manageconditionprice-display-component---conditions--smartFilterBar-filterItemControl_BASIC-BILL_TYPES-vhi"},"wdio_ui5_key":"applicationmanageconditionprice-display-component---conditions--smartFilterBar-filterItemControl_BASIC-BILL_TYPES-vhi"}]}
RESULT: undefined
COMMAND: POST /session/6cd8861519be2314cbde44996230575a/element - {"using":"xpath","value":"//*[@id=\"application-manageconditionprice-display-component---conditions--smartFilterBar-filterItemControl_BASIC-BILL_TYPES-vhi\"]"}
RESULT: {"using":"xpath","value":"//*[@id=\"application-manageconditionprice-display-component---conditions--smartFilterBar-filterItemControl_BASIC-BILL_TYPES-vhi\"]"}
COMMAND: POST /session/6cd8861519be2314cbde44996230575a/element/f.B713056A9316196A9232F0DF0934CF03.d.577A454E1666CB695743D5D232CF4F20.e.5745/click - {}
RESULT: {}
COMMAND: POST /session/6cd8861519be2314cbde44996230575a/execute/async - {"script":"<script> [1562 bytes]","args":[{"selector":{"id":"application-manageconditionprice-display-component---conditions--smartFilterBar-filterItemControl_BASIC-BILL_TYPES-valueHelpDialog-smartFilterBar-btnBasicSearch","searchOpenDialogs":true,"interaction":{"idSuffix":"I"}},"wdio_ui5_key":"applicationmanageconditionprice-display-component---conditions--smartFilterBar-filterItemControl_BASIC-BILL_TYPES-valueHelpDialog-smartFilterBar-btnBasicSearch"}]}
COMMAND: GET /session/6cd8861519be2314cbde44996230575a/screenshot - {}
RESULT: {"script":"<script> [1562 bytes]","args":[{"selector":{"id":"application-manageconditionprice-display-component---conditions--smartFilterBar-filterItemControl_BASIC-BILL_TYPES-valueHelpDialog-smartFilterBar-btnBasicSearch","searchOpenDialogs":true,"interaction":{"idSuffix":"I"}},"wdio_ui5_key":"applicationmanageconditionprice-display-component---conditions--smartFilterBar-filterItemControl_BASIC-BILL_TYPES-valueHelpDialog-smartFilterBar-btnBasicSearch"}]}
RESULT: undefined
COMMAND: POST /session/6cd8861519be2314cbde44996230575a/execute/async - {"script":"<script> [776 bytes]","args":[{"enterText":"TB","selector":{"id":"application-manageconditionprice-display-component---conditions--smartFilterBar-filterItemControl_BASIC-BILL_TYPES-valueHelpDialog-smartFilterBar-btnBasicSearch","searchOpenDialogs":true,"interaction":{"idSuffix":"I"}},"clearTextFirst":true,"interactionType":"ENTER_TEXT"}]}
RESULT: {}
RESULT: {"script":"<script> [776 bytes]","args":[{"enterText":"TB","selector":{"id":"application-manageconditionprice-display-component---conditions--smartFilterBar-filterItemControl_BASIC-BILL_TYPES-valueHelpDialog-smartFilterBar-btnBasicSearch","searchOpenDialogs":true,"interaction":{"idSuffix":"I"}},"clearTextFirst":true,"interactionType":"ENTER_TEXT"}]}
COMMAND: POST /session/6cd8861519be2314cbde44996230575a/actions - {"actions":[{"id":"action17","type":"key","parameters":{},"actions":[{"type":"keyDown","value":""},{"type":"pause","duration":10},{"type":"keyUp","value":""}]}]}
RESULT: {"actions":[{"id":"action17","type":"key","parameters":{},"actions":[{"type":"keyDown","value":""},{"type":"pause","duration":10},{"type":"keyUp","value":""}]}]}
COMMAND: GET /session/6cd8861519be2314cbde44996230575a/screenshot - {}
RESULT: {}
COMMAND: POST /session/6cd8861519be2314cbde44996230575a/element - {"using":"xpath","value":"//div[contains(@id, 'application-manageconditionprice-display-component---conditions--smartFilterBar-filterItemControl_BASIC-BILL_TYPES-valueHelpDialog-table-rowsel0')]"}
RESULT: {"using":"xpath","value":"//div[contains(@id, 'application-manageconditionprice-display-component---conditions--smartFilterBar-filterItemControl_BASIC-BILL_TYPES-valueHelpDialog-table-rowsel0')]"}
COMMAND: POST /session/6cd8861519be2314cbde44996230575a/element/f.B713056A9316196A9232F0DF0934CF03.d.577A454E1666CB695743D5D232CF4F20.e.5755/click - {}
RESULT: {}
COMMAND: GET /session/6cd8861519be2314cbde44996230575a/screenshot - {}
RESULT: {}
COMMAND: POST /session/6cd8861519be2314cbde44996230575a/element - {"using":"xpath","value":"//bdi[contains(text(), \"OK\")]"}
RESULT: {"using":"xpath","value":"//bdi[contains(text(), \"OK\")]"}
COMMAND: POST /session/6cd8861519be2314cbde44996230575a/element/f.B713056A9316196A9232F0DF0934CF03.d.577A454E1666CB695743D5D232CF4F20.e.5757/click - {}
RESULT: {}
COMMAND: GET /session/6cd8861519be2314cbde44996230575a/screenshot - {}
RESULT: {}
COMMAND: POST /session/6cd8861519be2314cbde44996230575a/element - {"using":"xpath","value":"//span[@id=\"application-manageconditionprice-display-component---conditions--smartTable-header-inner\"]"}
RESULT: {"using":"xpath","value":"//span[@id=\"application-manageconditionprice-display-component---conditions--smartTable-header-inner\"]"}
COMMAND: POST /session/6cd8861519be2314cbde44996230575a/elements - {"using":"xpath","value":"//span[@id=\"application-manageconditionprice-display-component---conditions--smartTable-header-inner\"]"}
RESULT: {"using":"xpath","value":"//span[@id=\"application-manageconditionprice-display-component---conditions--smartTable-header-inner\"]"}
COMMAND: POST /session/6cd8861519be2314cbde44996230575a/execute/sync - {"script":"<script> [56 bytes]","args":[{"element-6066-11e4-a52e-4f735466cecf":"f.B713056A9316196A9232F0DF0934CF03.d.577A454E1666CB695743D5D232CF4F20.e.5760","ELEMENT":"f.B713056A9316196A9232F0DF0934CF03.d.577A454E1666CB695743D5D232CF4F20.e.5760"}]}
RESULT: {"script":"<script> [56 bytes]","args":[{"element-6066-11e4-a52e-4f735466cecf":"f.B713056A9316196A9232F0DF0934CF03.d.577A454E1666CB695743D5D232CF4F20.e.5760","ELEMENT":"f.B713056A9316196A9232F0DF0934CF03.d.577A454E1666CB695743D5D232CF4F20.e.5760"}]}
COMMAND: POST /session/6cd8861519be2314cbde44996230575a/element - {"using":"css selector","value":"#shell-header-logo"}
COMMAND: GET /session/6cd8861519be2314cbde44996230575a/screenshot - {}
RESULT: {"using":"css selector","value":"#shell-header-logo"}
COMMAND: POST /session/6cd8861519be2314cbde44996230575a/element/f.B713056A9316196A9232F0DF0934CF03.d.577A454E1666CB695743D5D232CF4F20.e.5385/click - {}
RESULT: {}
RESULT: {}
COMMAND: GET /session/6cd8861519be2314cbde44996230575a/screenshot - {}
RESULT: {}
]]></system-out>
    </testcase>
    <testcase classname="chrome.136_0_7103_93.windows.Billing_Transfer_-_Master_data_&amp;_Intercompany_US127250" name="Should do a stock increase" time="103.482">
      <system-out><![CDATA[
COMMAND: POST /session/6cd8861519be2314cbde44996230575a/execute/async - {"script":"<script> [1562 bytes]","args":[{"selector":{"controlType":"sap.m.GenericTile","properties":{"header":"Manage Handovers"}},"wdio_ui5_key":"sapm.GenericTile{\"header\":\"Manage Handovers\"}"}]}
RESULT: {"script":"<script> [1562 bytes]","args":[{"selector":{"controlType":"sap.m.GenericTile","properties":{"header":"Manage Handovers"}},"wdio_ui5_key":"sapm.GenericTile{\"header\":\"Manage Handovers\"}"}]}
RESULT: undefined
COMMAND: POST /session/6cd8861519be2314cbde44996230575a/element - {"using":"xpath","value":"//*[@id=\"__tile132\"]"}
RESULT: {"using":"xpath","value":"//*[@id=\"__tile132\"]"}
COMMAND: POST /session/6cd8861519be2314cbde44996230575a/element/f.B713056A9316196A9232F0DF0934CF03.d.577A454E1666CB695743D5D232CF4F20.e.4448/click - {}
RESULT: {}
COMMAND: GET /session/6cd8861519be2314cbde44996230575a/screenshot - {}
RESULT: {}
COMMAND: POST /session/6cd8861519be2314cbde44996230575a/elements - {"using":"xpath","value":"//span[text()='Error']"}
RESULT: {"using":"xpath","value":"//span[text()='Error']"}
COMMAND: POST /session/6cd8861519be2314cbde44996230575a/element - {"using":"xpath","value":"//button[@data-kt=\"masterHOAddButton\"]"}
RESULT: {"using":"xpath","value":"//button[@data-kt=\"masterHOAddButton\"]"}
COMMAND: POST /session/6cd8861519be2314cbde44996230575a/elements - {"using":"xpath","value":"//button[@data-kt=\"masterHOAddButton\"]"}
RESULT: {"using":"xpath","value":"//button[@data-kt=\"masterHOAddButton\"]"}
COMMAND: POST /session/6cd8861519be2314cbde44996230575a/elements - {"using":"xpath","value":"//button[@data-kt=\"masterHOAddButton\"]"}
RESULT: {"using":"xpath","value":"//button[@data-kt=\"masterHOAddButton\"]"}
COMMAND: POST /session/6cd8861519be2314cbde44996230575a/elements - {"using":"xpath","value":"//button[@data-kt=\"masterHOAddButton\"]"}
RESULT: {"using":"xpath","value":"//button[@data-kt=\"masterHOAddButton\"]"}
COMMAND: POST /session/6cd8861519be2314cbde44996230575a/elements - {"using":"xpath","value":"//button[@data-kt=\"masterHOAddButton\"]"}
RESULT: {"using":"xpath","value":"//button[@data-kt=\"masterHOAddButton\"]"}
COMMAND: POST /session/6cd8861519be2314cbde44996230575a/elements - {"using":"xpath","value":"//button[@data-kt=\"masterHOAddButton\"]"}
RESULT: {"using":"xpath","value":"//button[@data-kt=\"masterHOAddButton\"]"}
COMMAND: POST /session/6cd8861519be2314cbde44996230575a/elements - {"using":"xpath","value":"//button[@data-kt=\"masterHOAddButton\"]"}
RESULT: {"using":"xpath","value":"//button[@data-kt=\"masterHOAddButton\"]"}
COMMAND: POST /session/6cd8861519be2314cbde44996230575a/elements - {"using":"xpath","value":"//button[@data-kt=\"masterHOAddButton\"]"}
RESULT: {"using":"xpath","value":"//button[@data-kt=\"masterHOAddButton\"]"}
COMMAND: POST /session/6cd8861519be2314cbde44996230575a/elements - {"using":"xpath","value":"//button[@data-kt=\"masterHOAddButton\"]"}
RESULT: {"using":"xpath","value":"//button[@data-kt=\"masterHOAddButton\"]"}
COMMAND: POST /session/6cd8861519be2314cbde44996230575a/elements - {"using":"xpath","value":"//button[@data-kt=\"masterHOAddButton\"]"}
RESULT: {"using":"xpath","value":"//button[@data-kt=\"masterHOAddButton\"]"}
COMMAND: POST /session/6cd8861519be2314cbde44996230575a/elements - {"using":"xpath","value":"//button[@data-kt=\"masterHOAddButton\"]"}
RESULT: {"using":"xpath","value":"//button[@data-kt=\"masterHOAddButton\"]"}
COMMAND: POST /session/6cd8861519be2314cbde44996230575a/elements - {"using":"xpath","value":"//button[@data-kt=\"masterHOAddButton\"]"}
RESULT: {"using":"xpath","value":"//button[@data-kt=\"masterHOAddButton\"]"}
COMMAND: POST /session/6cd8861519be2314cbde44996230575a/elements - {"using":"xpath","value":"//button[@data-kt=\"masterHOAddButton\"]"}
RESULT: {"using":"xpath","value":"//button[@data-kt=\"masterHOAddButton\"]"}
COMMAND: POST /session/6cd8861519be2314cbde44996230575a/elements - {"using":"xpath","value":"//button[@data-kt=\"masterHOAddButton\"]"}
RESULT: {"using":"xpath","value":"//button[@data-kt=\"masterHOAddButton\"]"}
COMMAND: POST /session/6cd8861519be2314cbde44996230575a/element - {"using":"xpath","value":"//button[@data-kt=\"masterHOAddButton\"]"}
RESULT: {"using":"xpath","value":"//button[@data-kt=\"masterHOAddButton\"]"}
COMMAND: POST /session/6cd8861519be2314cbde44996230575a/execute/sync - {"script":"<script> [8489 bytes]","args":[{"element-6066-11e4-a52e-4f735466cecf":"f.B713056A9316196A9232F0DF0934CF03.d.577A454E1666CB695743D5D232CF4F20.e.5795","ELEMENT":"f.B713056A9316196A9232F0DF0934CF03.d.577A454E1666CB695743D5D232CF4F20.e.5795"}]}
RESULT: {"script":"<script> [8489 bytes]","args":[{"element-6066-11e4-a52e-4f735466cecf":"f.B713056A9316196A9232F0DF0934CF03.d.577A454E1666CB695743D5D232CF4F20.e.5795","ELEMENT":"f.B713056A9316196A9232F0DF0934CF03.d.577A454E1666CB695743D5D232CF4F20.e.5795"}]}
COMMAND: GET /session/6cd8861519be2314cbde44996230575a/element/f.B713056A9316196A9232F0DF0934CF03.d.577A454E1666CB695743D5D232CF4F20.e.5795/enabled - {}
COMMAND: GET /session/6cd8861519be2314cbde44996230575a/screenshot - {}
RESULT: {}
COMMAND: POST /session/6cd8861519be2314cbde44996230575a/execute/sync - {"script":"<script> [8489 bytes]","args":[{"element-6066-11e4-a52e-4f735466cecf":"f.B713056A9316196A9232F0DF0934CF03.d.577A454E1666CB695743D5D232CF4F20.e.5795","ELEMENT":"f.B713056A9316196A9232F0DF0934CF03.d.577A454E1666CB695743D5D232CF4F20.e.5795"}]}
COMMAND: GET /session/6cd8861519be2314cbde44996230575a/screenshot - {}
RESULT: {}
RESULT: {"script":"<script> [8489 bytes]","args":[{"element-6066-11e4-a52e-4f735466cecf":"f.B713056A9316196A9232F0DF0934CF03.d.577A454E1666CB695743D5D232CF4F20.e.5795","ELEMENT":"f.B713056A9316196A9232F0DF0934CF03.d.577A454E1666CB695743D5D232CF4F20.e.5795"}]}
COMMAND: POST /session/6cd8861519be2314cbde44996230575a/execute/sync - {"script":"<script> [5351 bytes]","args":[{"element-6066-11e4-a52e-4f735466cecf":"f.B713056A9316196A9232F0DF0934CF03.d.577A454E1666CB695743D5D232CF4F20.e.5795","ELEMENT":"f.B713056A9316196A9232F0DF0934CF03.d.577A454E1666CB695743D5D232CF4F20.e.5795"}]}
COMMAND: GET /session/6cd8861519be2314cbde44996230575a/screenshot - {}
RESULT: {}
RESULT: {"script":"<script> [5351 bytes]","args":[{"element-6066-11e4-a52e-4f735466cecf":"f.B713056A9316196A9232F0DF0934CF03.d.577A454E1666CB695743D5D232CF4F20.e.5795","ELEMENT":"f.B713056A9316196A9232F0DF0934CF03.d.577A454E1666CB695743D5D232CF4F20.e.5795"}]}
COMMAND: POST /session/6cd8861519be2314cbde44996230575a/element/f.B713056A9316196A9232F0DF0934CF03.d.577A454E1666CB695743D5D232CF4F20.e.5795/click - {}
COMMAND: GET /session/6cd8861519be2314cbde44996230575a/screenshot - {}
RESULT: {}
RESULT: {}
COMMAND: GET /session/6cd8861519be2314cbde44996230575a/screenshot - {}
RESULT: {}
RESULT: {}
COMMAND: POST /session/6cd8861519be2314cbde44996230575a/element - {"using":"xpath","value":"//span[contains(@id ,\"AddNewHO--typeSelect-arrow\")]"}
RESULT: {"using":"xpath","value":"//span[contains(@id ,\"AddNewHO--typeSelect-arrow\")]"}
COMMAND: POST /session/6cd8861519be2314cbde44996230575a/element/f.B713056A9316196A9232F0DF0934CF03.d.577A454E1666CB695743D5D232CF4F20.e.6158/click - {}
RESULT: {}
COMMAND: GET /session/6cd8861519be2314cbde44996230575a/screenshot - {}
RESULT: {}
COMMAND: POST /session/6cd8861519be2314cbde44996230575a/element - {"using":"xpath","value":"(//li[contains(text(), \"stock increase yard\")])[1]"}
RESULT: {"using":"xpath","value":"(//li[contains(text(), \"stock increase yard\")])[1]"}
COMMAND: POST /session/6cd8861519be2314cbde44996230575a/element/f.B713056A9316196A9232F0DF0934CF03.d.577A454E1666CB695743D5D232CF4F20.e.6159/click - {}
RESULT: {}
COMMAND: GET /session/6cd8861519be2314cbde44996230575a/screenshot - {}
RESULT: {}
COMMAND: POST /session/6cd8861519be2314cbde44996230575a/execute/async - {"script":"<script> [1562 bytes]","args":[{"selector":{"id":"application-managehandovers-display-component---AddNewHO--dueDate","interaction":{"idSuffix":"inner"}},"wdio_ui5_key":"applicationmanagehandovers-display-component---AddNewHO--dueDate"}]}
RESULT: {"script":"<script> [1562 bytes]","args":[{"selector":{"id":"application-managehandovers-display-component---AddNewHO--dueDate","interaction":{"idSuffix":"inner"}},"wdio_ui5_key":"applicationmanagehandovers-display-component---AddNewHO--dueDate"}]}
RESULT: undefined
COMMAND: POST /session/6cd8861519be2314cbde44996230575a/execute/async - {"script":"<script> [6424 bytes]","args":[{"element-6066-11e4-a52e-4f735466cecf":"f.B713056A9316196A9232F0DF0934CF03.d.577A454E1666CB695743D5D232CF4F20.e.6163"},"setValue",["5/23/25"]]}
RESULT: {"script":"<script> [6424 bytes]","args":[{"element-6066-11e4-a52e-4f735466cecf":"f.B713056A9316196A9232F0DF0934CF03.d.577A454E1666CB695743D5D232CF4F20.e.6163"},"setValue",["5/23/25"]]}
COMMAND: POST /session/6cd8861519be2314cbde44996230575a/element - {"using":"xpath","value":"//input[@id=\"generalSectionFrg--receiveYard-inner\"]"}
RESULT: {"using":"xpath","value":"//input[@id=\"generalSectionFrg--receiveYard-inner\"]"}
COMMAND: POST /session/6cd8861519be2314cbde44996230575a/element/f.B713056A9316196A9232F0DF0934CF03.d.577A454E1666CB695743D5D232CF4F20.e.6169/clear - {}
RESULT: {}
COMMAND: POST /session/6cd8861519be2314cbde44996230575a/element/f.B713056A9316196A9232F0DF0934CF03.d.577A454E1666CB695743D5D232CF4F20.e.6169/value - {"text":"231"}
COMMAND: GET /session/6cd8861519be2314cbde44996230575a/screenshot - {}
RESULT: {"text":"231"}
COMMAND: GET /session/6cd8861519be2314cbde44996230575a/screenshot - {}
RESULT: {}
RESULT: {}
COMMAND: POST /session/6cd8861519be2314cbde44996230575a/element - {"using":"xpath","value":"//li[.//span[text()='231']]"}
RESULT: {"using":"xpath","value":"//li[.//span[text()='231']]"}
COMMAND: POST /session/6cd8861519be2314cbde44996230575a/element/f.B713056A9316196A9232F0DF0934CF03.d.577A454E1666CB695743D5D232CF4F20.e.6183/click - {}
RESULT: {}
COMMAND: GET /session/6cd8861519be2314cbde44996230575a/screenshot - {}
RESULT: {}
COMMAND: POST /session/6cd8861519be2314cbde44996230575a/execute/async - {"script":"<script> [1562 bytes]","args":[{"selector":{"id":"application-managehandovers-display-component---AddNewHO--ObjectPageLayout-anchBar-application-managehandovers-display-component---AddNewHO--section4-anchor","interaction":{"idSuffix":"BDI-content"}},"wdio_ui5_key":"applicationmanagehandovers-display-component---AddNewHO--ObjectPageLayout-anchBar-application-managehandovers-display-component---AddNewHO--section4-anchor"}]}
RESULT: {"script":"<script> [1562 bytes]","args":[{"selector":{"id":"application-managehandovers-display-component---AddNewHO--ObjectPageLayout-anchBar-application-managehandovers-display-component---AddNewHO--section4-anchor","interaction":{"idSuffix":"BDI-content"}},"wdio_ui5_key":"applicationmanagehandovers-display-component---AddNewHO--ObjectPageLayout-anchBar-application-managehandovers-display-component---AddNewHO--section4-anchor"}]}
RESULT: undefined
COMMAND: POST /session/6cd8861519be2314cbde44996230575a/element - {"using":"xpath","value":"//*[@id=\"application-managehandovers-display-component---AddNewHO--ObjectPageLayout-anchBar-application-managehandovers-display-component---AddNewHO--section4-anchor\"]"}
RESULT: {"using":"xpath","value":"//*[@id=\"application-managehandovers-display-component---AddNewHO--ObjectPageLayout-anchBar-application-managehandovers-display-component---AddNewHO--section4-anchor\"]"}
COMMAND: POST /session/6cd8861519be2314cbde44996230575a/element/f.B713056A9316196A9232F0DF0934CF03.d.577A454E1666CB695743D5D232CF4F20.e.6185/click - {}
RESULT: {}
COMMAND: POST /session/6cd8861519be2314cbde44996230575a/element - {"using":"xpath","value":"//button[@aria-label=\"Add\"]"}
COMMAND: GET /session/6cd8861519be2314cbde44996230575a/screenshot - {}
RESULT: {"using":"xpath","value":"//button[@aria-label=\"Add\"]"}
COMMAND: POST /session/6cd8861519be2314cbde44996230575a/element/f.B713056A9316196A9232F0DF0934CF03.d.577A454E1666CB695743D5D232CF4F20.e.6187/click - {}
RESULT: {}
RESULT: {}
COMMAND: GET /session/6cd8861519be2314cbde44996230575a/screenshot - {}
RESULT: {}
COMMAND: POST /session/6cd8861519be2314cbde44996230575a/execute/async - {"script":"<script> [1562 bytes]","args":[{"selector":{"id":"application-managehandovers-display-component---AddNewHO--smartFilterBar-btnBasicSearch","searchOpenDialogs":true,"interaction":{"idSuffix":"I"}},"wdio_ui5_key":"applicationmanagehandovers-display-component---AddNewHO--smartFilterBar-btnBasicSearch"}]}
RESULT: {"script":"<script> [1562 bytes]","args":[{"selector":{"id":"application-managehandovers-display-component---AddNewHO--smartFilterBar-btnBasicSearch","searchOpenDialogs":true,"interaction":{"idSuffix":"I"}},"wdio_ui5_key":"applicationmanagehandovers-display-component---AddNewHO--smartFilterBar-btnBasicSearch"}]}
RESULT: undefined
COMMAND: POST /session/6cd8861519be2314cbde44996230575a/execute/async - {"script":"<script> [776 bytes]","args":[{"enterText":"x4F9BmEs7x","selector":{"id":"application-managehandovers-display-component---AddNewHO--smartFilterBar-btnBasicSearch","searchOpenDialogs":true,"interaction":{"idSuffix":"I"}},"clearTextFirst":true,"interactionType":"ENTER_TEXT"}]}
RESULT: {"script":"<script> [776 bytes]","args":[{"enterText":"x4F9BmEs7x","selector":{"id":"application-managehandovers-display-component---AddNewHO--smartFilterBar-btnBasicSearch","searchOpenDialogs":true,"interaction":{"idSuffix":"I"}},"clearTextFirst":true,"interactionType":"ENTER_TEXT"}]}
COMMAND: POST /session/6cd8861519be2314cbde44996230575a/actions - {"actions":[{"id":"action18","type":"key","parameters":{},"actions":[{"type":"keyDown","value":""},{"type":"pause","duration":10},{"type":"keyUp","value":""}]}]}
RESULT: {"actions":[{"id":"action18","type":"key","parameters":{},"actions":[{"type":"keyDown","value":""},{"type":"pause","duration":10},{"type":"keyUp","value":""}]}]}
COMMAND: GET /session/6cd8861519be2314cbde44996230575a/screenshot - {}
RESULT: {}
COMMAND: POST /session/6cd8861519be2314cbde44996230575a/execute/async - {"script":"<script> [1562 bytes]","args":[{"selector":{"id":"application-managehandovers-display-component---AddNewHO--popup-sa","searchOpenDialogs":true,"interaction":{"idSuffix":"CbBg"}},"wdio_ui5_key":"applicationmanagehandovers-display-component---AddNewHO--popup-sa"}]}
RESULT: {"script":"<script> [1562 bytes]","args":[{"selector":{"id":"application-managehandovers-display-component---AddNewHO--popup-sa","searchOpenDialogs":true,"interaction":{"idSuffix":"CbBg"}},"wdio_ui5_key":"applicationmanagehandovers-display-component---AddNewHO--popup-sa"}]}
RESULT: undefined
COMMAND: POST /session/6cd8861519be2314cbde44996230575a/element - {"using":"xpath","value":"//*[@id=\"application-managehandovers-display-component---AddNewHO--popup-sa\"]"}
RESULT: {"using":"xpath","value":"//*[@id=\"application-managehandovers-display-component---AddNewHO--popup-sa\"]"}
COMMAND: POST /session/6cd8861519be2314cbde44996230575a/element/f.B713056A9316196A9232F0DF0934CF03.d.577A454E1666CB695743D5D232CF4F20.e.6342/click - {}
RESULT: {}
COMMAND: GET /session/6cd8861519be2314cbde44996230575a/screenshot - {}
RESULT: {}
COMMAND: POST /session/6cd8861519be2314cbde44996230575a/element - {"using":"xpath","value":"//bdi[contains(text(), \"Select\")]"}
RESULT: {"using":"xpath","value":"//bdi[contains(text(), \"Select\")]"}
COMMAND: POST /session/6cd8861519be2314cbde44996230575a/element/f.B713056A9316196A9232F0DF0934CF03.d.577A454E1666CB695743D5D232CF4F20.e.6343/click - {}
RESULT: {}
COMMAND: GET /session/6cd8861519be2314cbde44996230575a/screenshot - {}
RESULT: {}
COMMAND: POST /session/6cd8861519be2314cbde44996230575a/element - {"using":"xpath","value":"//button[@data-kt=\"AddNewHOSaveButton\"]"}
RESULT: {"using":"xpath","value":"//button[@data-kt=\"AddNewHOSaveButton\"]"}
COMMAND: POST /session/6cd8861519be2314cbde44996230575a/element/f.B713056A9316196A9232F0DF0934CF03.d.577A454E1666CB695743D5D232CF4F20.e.6347/click - {}
RESULT: {}
COMMAND: GET /session/6cd8861519be2314cbde44996230575a/screenshot - {}
RESULT: {}
COMMAND: POST /session/6cd8861519be2314cbde44996230575a/execute/async - {"script":"<script> [1562 bytes]","args":[{"selector":{"id":"receiptDatePicker","viewName":"etm.portal.ui.managehandovers.view.DetailExecuteHO","interaction":{"idSuffix":"inner"}},"wdio_ui5_key":"receiptDatePickeretmportal.ui.managehandovers.view.DetailExecuteHO"}]}
RESULT: {"script":"<script> [1562 bytes]","args":[{"selector":{"id":"receiptDatePicker","viewName":"etm.portal.ui.managehandovers.view.DetailExecuteHO","interaction":{"idSuffix":"inner"}},"wdio_ui5_key":"receiptDatePickeretmportal.ui.managehandovers.view.DetailExecuteHO"}]}
RESULT: undefined
COMMAND: POST /session/6cd8861519be2314cbde44996230575a/execute/async - {"script":"<script> [6424 bytes]","args":[{"element-6066-11e4-a52e-4f735466cecf":"f.B713056A9316196A9232F0DF0934CF03.d.577A454E1666CB695743D5D232CF4F20.e.6379"},"setValue",["5/23/25"]]}
RESULT: {"script":"<script> [6424 bytes]","args":[{"element-6066-11e4-a52e-4f735466cecf":"f.B713056A9316196A9232F0DF0934CF03.d.577A454E1666CB695743D5D232CF4F20.e.6379"},"setValue",["5/23/25"]]}
COMMAND: POST /session/6cd8861519be2314cbde44996230575a/element - {"using":"xpath","value":"//button[@data-kt=\"ReceivingTableConfirmAllButton\"]"}
RESULT: {"using":"xpath","value":"//button[@data-kt=\"ReceivingTableConfirmAllButton\"]"}
COMMAND: POST /session/6cd8861519be2314cbde44996230575a/element/f.B713056A9316196A9232F0DF0934CF03.d.577A454E1666CB695743D5D232CF4F20.e.6394/click - {}
RESULT: {}
COMMAND: GET /session/6cd8861519be2314cbde44996230575a/screenshot - {}
RESULT: {}
COMMAND: POST /session/6cd8861519be2314cbde44996230575a/element - {"using":"xpath","value":"//bdi[contains(text(), \"OK\")]"}
RESULT: {"using":"xpath","value":"//bdi[contains(text(), \"OK\")]"}
COMMAND: POST /session/6cd8861519be2314cbde44996230575a/element/f.B713056A9316196A9232F0DF0934CF03.d.577A454E1666CB695743D5D232CF4F20.e.6396/click - {}
RESULT: {}
COMMAND: GET /session/6cd8861519be2314cbde44996230575a/screenshot - {}
RESULT: {}
COMMAND: POST /session/6cd8861519be2314cbde44996230575a/element - {"using":"xpath","value":"(//bdi[contains(text(), \"Receive\")])[2]"}
RESULT: {"using":"xpath","value":"(//bdi[contains(text(), \"Receive\")])[2]"}
COMMAND: POST /session/6cd8861519be2314cbde44996230575a/element/f.B713056A9316196A9232F0DF0934CF03.d.577A454E1666CB695743D5D232CF4F20.e.6398/click - {}
RESULT: {}
COMMAND: GET /session/6cd8861519be2314cbde44996230575a/screenshot - {}
RESULT: {}
COMMAND: POST /session/6cd8861519be2314cbde44996230575a/element - {"using":"css selector","value":"#shell-header-logo"}
RESULT: {"using":"css selector","value":"#shell-header-logo"}
COMMAND: POST /session/6cd8861519be2314cbde44996230575a/element/f.B713056A9316196A9232F0DF0934CF03.d.577A454E1666CB695743D5D232CF4F20.e.5767/click - {}
RESULT: {}
COMMAND: GET /session/6cd8861519be2314cbde44996230575a/screenshot - {}
RESULT: {}
]]></system-out>
    </testcase>
    <testcase classname="chrome.136_0_7103_93.windows.Billing_Transfer_-_Master_data_&amp;_Intercompany_US127250" name="Should create a new contract" time="71.417">
      <system-out><![CDATA[
COMMAND: POST /session/6cd8861519be2314cbde44996230575a/execute/async - {"script":"<script> [1562 bytes]","args":[{"selector":{"controlType":"sap.m.GenericTile","properties":{"header":"Manage Contracts"}},"wdio_ui5_key":"sapm.GenericTile{\"header\":\"Manage Contracts\"}"}]}
RESULT: {"script":"<script> [1562 bytes]","args":[{"selector":{"controlType":"sap.m.GenericTile","properties":{"header":"Manage Contracts"}},"wdio_ui5_key":"sapm.GenericTile{\"header\":\"Manage Contracts\"}"}]}
RESULT: undefined
COMMAND: POST /session/6cd8861519be2314cbde44996230575a/element - {"using":"xpath","value":"//*[@id=\"__tile130\"]"}
RESULT: {"using":"xpath","value":"//*[@id=\"__tile130\"]"}
COMMAND: POST /session/6cd8861519be2314cbde44996230575a/element/f.B713056A9316196A9232F0DF0934CF03.d.577A454E1666CB695743D5D232CF4F20.e.4437/click - {}
RESULT: {}
COMMAND: GET /session/6cd8861519be2314cbde44996230575a/screenshot - {}
RESULT: {}
COMMAND: POST /session/6cd8861519be2314cbde44996230575a/elements - {"using":"xpath","value":"//span[text()='Error']"}
RESULT: {"using":"xpath","value":"//span[text()='Error']"}
COMMAND: POST /session/6cd8861519be2314cbde44996230575a/element - {"using":"xpath","value":"//button[@data-kt=\"addButton\"]"}
RESULT: {"using":"xpath","value":"//button[@data-kt=\"addButton\"]"}
COMMAND: POST /session/6cd8861519be2314cbde44996230575a/elements - {"using":"xpath","value":"//button[@data-kt=\"addButton\"]"}
RESULT: {"using":"xpath","value":"//button[@data-kt=\"addButton\"]"}
COMMAND: POST /session/6cd8861519be2314cbde44996230575a/execute/sync - {"script":"<script> [8489 bytes]","args":[{"element-6066-11e4-a52e-4f735466cecf":"f.B713056A9316196A9232F0DF0934CF03.d.577A454E1666CB695743D5D232CF4F20.e.6787","ELEMENT":"f.B713056A9316196A9232F0DF0934CF03.d.577A454E1666CB695743D5D232CF4F20.e.6787"}]}
RESULT: {"script":"<script> [8489 bytes]","args":[{"element-6066-11e4-a52e-4f735466cecf":"f.B713056A9316196A9232F0DF0934CF03.d.577A454E1666CB695743D5D232CF4F20.e.6787","ELEMENT":"f.B713056A9316196A9232F0DF0934CF03.d.577A454E1666CB695743D5D232CF4F20.e.6787"}]}
COMMAND: GET /session/6cd8861519be2314cbde44996230575a/element/f.B713056A9316196A9232F0DF0934CF03.d.577A454E1666CB695743D5D232CF4F20.e.6787/enabled - {}
COMMAND: GET /session/6cd8861519be2314cbde44996230575a/screenshot - {}
RESULT: {}
COMMAND: POST /session/6cd8861519be2314cbde44996230575a/execute/sync - {"script":"<script> [8489 bytes]","args":[{"element-6066-11e4-a52e-4f735466cecf":"f.B713056A9316196A9232F0DF0934CF03.d.577A454E1666CB695743D5D232CF4F20.e.6787","ELEMENT":"f.B713056A9316196A9232F0DF0934CF03.d.577A454E1666CB695743D5D232CF4F20.e.6787"}]}
COMMAND: GET /session/6cd8861519be2314cbde44996230575a/screenshot - {}
RESULT: {}
RESULT: {"script":"<script> [8489 bytes]","args":[{"element-6066-11e4-a52e-4f735466cecf":"f.B713056A9316196A9232F0DF0934CF03.d.577A454E1666CB695743D5D232CF4F20.e.6787","ELEMENT":"f.B713056A9316196A9232F0DF0934CF03.d.577A454E1666CB695743D5D232CF4F20.e.6787"}]}
COMMAND: POST /session/6cd8861519be2314cbde44996230575a/execute/sync - {"script":"<script> [5351 bytes]","args":[{"element-6066-11e4-a52e-4f735466cecf":"f.B713056A9316196A9232F0DF0934CF03.d.577A454E1666CB695743D5D232CF4F20.e.6787","ELEMENT":"f.B713056A9316196A9232F0DF0934CF03.d.577A454E1666CB695743D5D232CF4F20.e.6787"}]}
COMMAND: GET /session/6cd8861519be2314cbde44996230575a/screenshot - {}
RESULT: {}
RESULT: {}
RESULT: {"script":"<script> [5351 bytes]","args":[{"element-6066-11e4-a52e-4f735466cecf":"f.B713056A9316196A9232F0DF0934CF03.d.577A454E1666CB695743D5D232CF4F20.e.6787","ELEMENT":"f.B713056A9316196A9232F0DF0934CF03.d.577A454E1666CB695743D5D232CF4F20.e.6787"}]}
COMMAND: GET /session/6cd8861519be2314cbde44996230575a/screenshot - {}
RESULT: {}
COMMAND: POST /session/6cd8861519be2314cbde44996230575a/element/f.B713056A9316196A9232F0DF0934CF03.d.577A454E1666CB695743D5D232CF4F20.e.6787/click - {}
RESULT: {}
COMMAND: GET /session/6cd8861519be2314cbde44996230575a/screenshot - {}
COMMAND: POST /session/6cd8861519be2314cbde44996230575a/execute/async - {"script":"<script> [1562 bytes]","args":[{"selector":{"id":"application-managecontracts-display-component---AddNewContract--projectDescription","interaction":{"idSuffix":"inner"}},"wdio_ui5_key":"applicationmanagecontracts-display-component---AddNewContract--projectDescription"}]}
RESULT: {}
RESULT: {"script":"<script> [1562 bytes]","args":[{"selector":{"id":"application-managecontracts-display-component---AddNewContract--projectDescription","interaction":{"idSuffix":"inner"}},"wdio_ui5_key":"applicationmanagecontracts-display-component---AddNewContract--projectDescription"}]}
RESULT: undefined
COMMAND: POST /session/6cd8861519be2314cbde44996230575a/execute/async - {"script":"<script> [776 bytes]","args":[{"enterText":"Intercompany Contract WDIO","selector":{"id":"application-managecontracts-display-component---AddNewContract--projectDescription","interaction":{"idSuffix":"inner"}},"clearTextFirst":true,"interactionType":"ENTER_TEXT"}]}
RESULT: {"script":"<script> [776 bytes]","args":[{"enterText":"Intercompany Contract WDIO","selector":{"id":"application-managecontracts-display-component---AddNewContract--projectDescription","interaction":{"idSuffix":"inner"}},"clearTextFirst":true,"interactionType":"ENTER_TEXT"}]}
COMMAND: POST /session/6cd8861519be2314cbde44996230575a/element - {"using":"xpath","value":"//input[@id=\"application-managecontracts-display-component---AddNewContract--site-inner\"]"}
RESULT: {"using":"xpath","value":"//input[@id=\"application-managecontracts-display-component---AddNewContract--site-inner\"]"}
COMMAND: POST /session/6cd8861519be2314cbde44996230575a/element/f.B713056A9316196A9232F0DF0934CF03.d.577A454E1666CB695743D5D232CF4F20.e.7117/clear - {}
RESULT: {}
COMMAND: POST /session/6cd8861519be2314cbde44996230575a/element/f.B713056A9316196A9232F0DF0934CF03.d.577A454E1666CB695743D5D232CF4F20.e.7117/value - {"text":"2082"}
COMMAND: GET /session/6cd8861519be2314cbde44996230575a/screenshot - {}
RESULT: {"text":"2082"}
COMMAND: GET /session/6cd8861519be2314cbde44996230575a/screenshot - {}
RESULT: {}
RESULT: {}
COMMAND: POST /session/6cd8861519be2314cbde44996230575a/element - {"using":"xpath","value":"//li[.//span[text()='2082']]"}
RESULT: {"using":"xpath","value":"//li[.//span[text()='2082']]"}
COMMAND: POST /session/6cd8861519be2314cbde44996230575a/element/f.B713056A9316196A9232F0DF0934CF03.d.577A454E1666CB695743D5D232CF4F20.e.7199/click - {}
RESULT: {}
COMMAND: GET /session/6cd8861519be2314cbde44996230575a/screenshot - {}
RESULT: {}
COMMAND: POST /session/6cd8861519be2314cbde44996230575a/element - {"using":"xpath","value":"//input[@id=\"application-managecontracts-display-component---AddNewContract--yardId-inner\"]"}
RESULT: {"using":"xpath","value":"//input[@id=\"application-managecontracts-display-component---AddNewContract--yardId-inner\"]"}
COMMAND: GET /session/6cd8861519be2314cbde44996230575a/element/f.B713056A9316196A9232F0DF0934CF03.d.577A454E1666CB695743D5D232CF4F20.e.7118/property/value - {}
RESULT: {}
COMMAND: POST /session/6cd8861519be2314cbde44996230575a/element - {"using":"xpath","value":"//input[@id=\"application-managecontracts-display-component---AddNewContract--customerSelect-inner\"]"}
COMMAND: GET /session/6cd8861519be2314cbde44996230575a/screenshot - {}
RESULT: {"using":"xpath","value":"//input[@id=\"application-managecontracts-display-component---AddNewContract--customerSelect-inner\"]"}
COMMAND: POST /session/6cd8861519be2314cbde44996230575a/element/f.B713056A9316196A9232F0DF0934CF03.d.577A454E1666CB695743D5D232CF4F20.e.7116/clear - {}
RESULT: {}
RESULT: {}
COMMAND: POST /session/6cd8861519be2314cbde44996230575a/element/f.B713056A9316196A9232F0DF0934CF03.d.577A454E1666CB695743D5D232CF4F20.e.7116/value - {"text":"1082"}
COMMAND: GET /session/6cd8861519be2314cbde44996230575a/screenshot - {}
RESULT: {"text":"1082"}
COMMAND: GET /session/6cd8861519be2314cbde44996230575a/screenshot - {}
RESULT: {}
RESULT: {}
COMMAND: POST /session/6cd8861519be2314cbde44996230575a/element - {"using":"xpath","value":"//li[.//span[text()='1082']]"}
RESULT: {"using":"xpath","value":"//li[.//span[text()='1082']]"}
COMMAND: POST /session/6cd8861519be2314cbde44996230575a/element/f.B713056A9316196A9232F0DF0934CF03.d.577A454E1666CB695743D5D232CF4F20.e.7202/click - {}
RESULT: {}
COMMAND: GET /session/6cd8861519be2314cbde44996230575a/screenshot - {}
RESULT: {}
COMMAND: POST /session/6cd8861519be2314cbde44996230575a/element - {"using":"xpath","value":"//button[@data-kt=\"saveButton\"]"}
RESULT: {"using":"xpath","value":"//button[@data-kt=\"saveButton\"]"}
COMMAND: POST /session/6cd8861519be2314cbde44996230575a/element/f.B713056A9316196A9232F0DF0934CF03.d.577A454E1666CB695743D5D232CF4F20.e.7192/click - {}
RESULT: {}
COMMAND: GET /session/6cd8861519be2314cbde44996230575a/screenshot - {}
RESULT: {}
COMMAND: POST /session/6cd8861519be2314cbde44996230575a/element - {"using":"xpath","value":"//span[contains(@id ,\"contractDetailTitleNoExpanded\")]"}
RESULT: {"using":"xpath","value":"//span[contains(@id ,\"contractDetailTitleNoExpanded\")]"}
COMMAND: POST /session/6cd8861519be2314cbde44996230575a/elements - {"using":"xpath","value":"//span[contains(@id ,\"contractDetailTitleNoExpanded\")]"}
RESULT: {"using":"xpath","value":"//span[contains(@id ,\"contractDetailTitleNoExpanded\")]"}
COMMAND: POST /session/6cd8861519be2314cbde44996230575a/execute/sync - {"script":"<script> [56 bytes]","args":[{"element-6066-11e4-a52e-4f735466cecf":"f.B713056A9316196A9232F0DF0934CF03.d.577A454E1666CB695743D5D232CF4F20.e.7212","ELEMENT":"f.B713056A9316196A9232F0DF0934CF03.d.577A454E1666CB695743D5D232CF4F20.e.7212"}]}
RESULT: {"script":"<script> [56 bytes]","args":[{"element-6066-11e4-a52e-4f735466cecf":"f.B713056A9316196A9232F0DF0934CF03.d.577A454E1666CB695743D5D232CF4F20.e.7212","ELEMENT":"f.B713056A9316196A9232F0DF0934CF03.d.577A454E1666CB695743D5D232CF4F20.e.7212"}]}
COMMAND: GET /session/6cd8861519be2314cbde44996230575a/screenshot - {}
RESULT: {}
]]></system-out>
    </testcase>
    <testcase classname="chrome.136_0_7103_93.windows.Billing_Transfer_-_Master_data_&amp;_Intercompany_US127250" name="Should add equipment to the contract" time="46.439">
      <system-out><![CDATA[
COMMAND: POST /session/6cd8861519be2314cbde44996230575a/element - {"using":"xpath","value":"//button[@data-kt=\"contractDetailEditBtnButton\"]"}
RESULT: {"using":"xpath","value":"//button[@data-kt=\"contractDetailEditBtnButton\"]"}
COMMAND: POST /session/6cd8861519be2314cbde44996230575a/element/f.B713056A9316196A9232F0DF0934CF03.d.577A454E1666CB695743D5D232CF4F20.e.7214/click - {}
RESULT: {}
COMMAND: GET /session/6cd8861519be2314cbde44996230575a/screenshot - {}
RESULT: {}
COMMAND: POST /session/6cd8861519be2314cbde44996230575a/element - {"using":"xpath","value":"(//span[contains(text(), \"Additional Addresses\")])[2]"}
RESULT: {"using":"xpath","value":"(//span[contains(text(), \"Additional Addresses\")])[2]"}
COMMAND: POST /session/6cd8861519be2314cbde44996230575a/element/f.B713056A9316196A9232F0DF0934CF03.d.577A454E1666CB695743D5D232CF4F20.e.7271/click - {}
RESULT: {}
COMMAND: GET /session/6cd8861519be2314cbde44996230575a/screenshot - {}
RESULT: {}
COMMAND: POST /session/6cd8861519be2314cbde44996230575a/element - {"using":"xpath","value":"//button[@data-kt=\"btnAddTableRowOverflowToolbarButton\"]"}
RESULT: {"using":"xpath","value":"//button[@data-kt=\"btnAddTableRowOverflowToolbarButton\"]"}
COMMAND: POST /session/6cd8861519be2314cbde44996230575a/element/f.B713056A9316196A9232F0DF0934CF03.d.577A454E1666CB695743D5D232CF4F20.e.7273/click - {}
RESULT: {}
COMMAND: GET /session/6cd8861519be2314cbde44996230575a/screenshot - {}
RESULT: {}
COMMAND: POST /session/6cd8861519be2314cbde44996230575a/element - {"using":"xpath","value":"//div[(text() = 'Standard Entry' or . = 'Standard Entry')]"}
RESULT: {"using":"xpath","value":"//div[(text() = 'Standard Entry' or . = 'Standard Entry')]"}
COMMAND: POST /session/6cd8861519be2314cbde44996230575a/element/f.B713056A9316196A9232F0DF0934CF03.d.577A454E1666CB695743D5D232CF4F20.e.7275/click - {}
RESULT: {}
COMMAND: GET /session/6cd8861519be2314cbde44996230575a/screenshot - {}
RESULT: {}
COMMAND: POST /session/6cd8861519be2314cbde44996230575a/element - {"using":"xpath","value":"//td[7]/div/div/input"}
RESULT: {"using":"xpath","value":"//td[7]/div/div/input"}
COMMAND: POST /session/6cd8861519be2314cbde44996230575a/element/f.B713056A9316196A9232F0DF0934CF03.d.577A454E1666CB695743D5D232CF4F20.e.7284/clear - {}
RESULT: {}
COMMAND: POST /session/6cd8861519be2314cbde44996230575a/element/f.B713056A9316196A9232F0DF0934CF03.d.577A454E1666CB695743D5D232CF4F20.e.7284/value - {"text":"x4F9BmEs7x"}
COMMAND: GET /session/6cd8861519be2314cbde44996230575a/screenshot - {}
RESULT: {"text":"x4F9BmEs7x"}
COMMAND: GET /session/6cd8861519be2314cbde44996230575a/screenshot - {}
RESULT: {}
RESULT: {}
COMMAND: POST /session/6cd8861519be2314cbde44996230575a/actions - {"actions":[{"id":"action19","type":"key","parameters":{},"actions":[{"type":"keyDown","value":""},{"type":"pause","duration":10},{"type":"keyUp","value":""}]}]}
RESULT: {"actions":[{"id":"action19","type":"key","parameters":{},"actions":[{"type":"keyDown","value":""},{"type":"pause","duration":10},{"type":"keyUp","value":""}]}]}
COMMAND: GET /session/6cd8861519be2314cbde44996230575a/screenshot - {}
RESULT: {}
COMMAND: POST /session/6cd8861519be2314cbde44996230575a/execute/sync - {"script":"<script> [276 bytes]","args":["No pricing information was found"]}
RESULT: {"script":"<script> [276 bytes]","args":["No pricing information was found"]}
COMMAND: POST /session/6cd8861519be2314cbde44996230575a/element - {"using":"xpath","value":"(//button[@data-kt=\"saveButton\"])[2]"}
COMMAND: GET /session/6cd8861519be2314cbde44996230575a/screenshot - {}
RESULT: {"using":"xpath","value":"(//button[@data-kt=\"saveButton\"])[2]"}
COMMAND: POST /session/6cd8861519be2314cbde44996230575a/element/f.B713056A9316196A9232F0DF0934CF03.d.577A454E1666CB695743D5D232CF4F20.e.7299/click - {}
RESULT: {}
RESULT: {}
COMMAND: GET /session/6cd8861519be2314cbde44996230575a/screenshot - {}
RESULT: {}
COMMAND: POST /session/6cd8861519be2314cbde44996230575a/execute/sync - {"script":"<script> [276 bytes]","args":["Some contract items are having rental validity exceeding header rental validity"]}
RESULT: {"script":"<script> [276 bytes]","args":["Some contract items are having rental validity exceeding header rental validity"]}
COMMAND: GET /session/6cd8861519be2314cbde44996230575a/screenshot - {}
RESULT: {}
COMMAND: POST /session/6cd8861519be2314cbde44996230575a/element - {"using":"xpath","value":"//span[contains(@id ,\"contractItemsSmartTable-header-inner\")]"}
RESULT: {"using":"xpath","value":"//span[contains(@id ,\"contractItemsSmartTable-header-inner\")]"}
COMMAND: POST /session/6cd8861519be2314cbde44996230575a/elements - {"using":"xpath","value":"//span[contains(@id ,\"contractItemsSmartTable-header-inner\")]"}
RESULT: {"using":"xpath","value":"//span[contains(@id ,\"contractItemsSmartTable-header-inner\")]"}
COMMAND: POST /session/6cd8861519be2314cbde44996230575a/execute/sync - {"script":"<script> [56 bytes]","args":[{"element-6066-11e4-a52e-4f735466cecf":"f.B713056A9316196A9232F0DF0934CF03.d.577A454E1666CB695743D5D232CF4F20.e.7309","ELEMENT":"f.B713056A9316196A9232F0DF0934CF03.d.577A454E1666CB695743D5D232CF4F20.e.7309"}]}
RESULT: {"script":"<script> [56 bytes]","args":[{"element-6066-11e4-a52e-4f735466cecf":"f.B713056A9316196A9232F0DF0934CF03.d.577A454E1666CB695743D5D232CF4F20.e.7309","ELEMENT":"f.B713056A9316196A9232F0DF0934CF03.d.577A454E1666CB695743D5D232CF4F20.e.7309"}]}
COMMAND: GET /session/6cd8861519be2314cbde44996230575a/screenshot - {}
]]></system-out>
    </testcase>
    <testcase classname="chrome.136_0_7103_93.windows.Billing_Transfer_-_Master_data_&amp;_Intercompany_US127250" name="Should do a provide to site handover" time="66.994">
      <system-out><![CDATA[
COMMAND: POST /session/6cd8861519be2314cbde44996230575a/element - {"using":"xpath","value":"//button[@data-kt=\"provideButton\"]"}
RESULT: {}
RESULT: {"using":"xpath","value":"//button[@data-kt=\"provideButton\"]"}
COMMAND: POST /session/6cd8861519be2314cbde44996230575a/element/f.B713056A9316196A9232F0DF0934CF03.d.577A454E1666CB695743D5D232CF4F20.e.7310/click - {}
RESULT: {}
COMMAND: GET /session/6cd8861519be2314cbde44996230575a/screenshot - {}
RESULT: undefined
COMMAND: POST /session/6cd8861519be2314cbde44996230575a/execute/async - {"script":"<script> [6424 bytes]","args":[{"element-6066-11e4-a52e-4f735466cecf":"f.B713056A9316196A9232F0DF0934CF03.d.577A454E1666CB695743D5D232CF4F20.e.6163"},"setValue",["5/23/25"]]}
RESULT: {}
COMMAND: POST /session/6cd8861519be2314cbde44996230575a/execute/async - {"script":"<script> [1562 bytes]","args":[{"selector":{"id":"application-managehandovers-display-component---AddNewHO--dueDate","interaction":{"idSuffix":"inner"}},"wdio_ui5_key":"applicationmanagehandovers-display-component---AddNewHO--dueDate"}]}
RESULT: {"script":"<script> [1562 bytes]","args":[{"selector":{"id":"application-managehandovers-display-component---AddNewHO--dueDate","interaction":{"idSuffix":"inner"}},"wdio_ui5_key":"applicationmanagehandovers-display-component---AddNewHO--dueDate"}]}
COMMAND: POST /session/6cd8861519be2314cbde44996230575a/execute/async - {"script":"<script> [6424 bytes]","args":[{"element-6066-11e4-a52e-4f735466cecf":"f.B713056A9316196A9232F0DF0934CF03.d.577A454E1666CB695743D5D232CF4F20.e.7367"},"setValue",["5/23/25"]]}
RESULT: {"script":"<script> [6424 bytes]","args":[{"element-6066-11e4-a52e-4f735466cecf":"f.B713056A9316196A9232F0DF0934CF03.d.577A454E1666CB695743D5D232CF4F20.e.7367"},"setValue",["5/23/25"]]}
COMMAND: POST /session/6cd8861519be2314cbde44996230575a/element - {"using":"xpath","value":"//bdi[contains(text(), \"Instructions\")]"}
RESULT: {"using":"xpath","value":"//bdi[contains(text(), \"Instructions\")]"}
COMMAND: POST /session/6cd8861519be2314cbde44996230575a/element/f.B713056A9316196A9232F0DF0934CF03.d.577A454E1666CB695743D5D232CF4F20.e.7631/click - {}
RESULT: {}
COMMAND: GET /session/6cd8861519be2314cbde44996230575a/screenshot - {}
RESULT: {}
COMMAND: POST /session/6cd8861519be2314cbde44996230575a/element - {"using":"xpath","value":"//button[@data-kt=\"AddNewHOProvideAddItemsButton\"]"}
RESULT: {"using":"xpath","value":"//button[@data-kt=\"AddNewHOProvideAddItemsButton\"]"}
COMMAND: POST /session/6cd8861519be2314cbde44996230575a/element/f.B713056A9316196A9232F0DF0934CF03.d.577A454E1666CB695743D5D232CF4F20.e.7635/click - {}
RESULT: {}
COMMAND: GET /session/6cd8861519be2314cbde44996230575a/screenshot - {}
RESULT: {}
RESULT: undefined
COMMAND: POST /session/6cd8861519be2314cbde44996230575a/element - {"using":"xpath","value":"//*[@id=\"application-managehandovers-display-component---AddNewHO--popup-sa\"]"}
RESULT: {"using":"xpath","value":"//*[@id=\"application-managehandovers-display-component---AddNewHO--popup-sa\"]"}
COMMAND: POST /session/6cd8861519be2314cbde44996230575a/element/f.B713056A9316196A9232F0DF0934CF03.d.577A454E1666CB695743D5D232CF4F20.e.7645/click - {}
RESULT: {}
COMMAND: GET /session/6cd8861519be2314cbde44996230575a/screenshot - {}
RESULT: {}
COMMAND: POST /session/6cd8861519be2314cbde44996230575a/element - {"using":"xpath","value":"//*[contains(@id ,\"BDI-content\")][contains(text(), \"Select\")]"}
RESULT: {"using":"xpath","value":"//*[contains(@id ,\"BDI-content\")][contains(text(), \"Select\")]"}
COMMAND: POST /session/6cd8861519be2314cbde44996230575a/element/f.B713056A9316196A9232F0DF0934CF03.d.577A454E1666CB695743D5D232CF4F20.e.7646/click - {}
RESULT: {}
COMMAND: GET /session/6cd8861519be2314cbde44996230575a/screenshot - {}
RESULT: {}
COMMAND: POST /session/6cd8861519be2314cbde44996230575a/execute/async - {"script":"<script> [1562 bytes]","args":[{"selector":{"id":"application-managehandovers-display-component---AddNewHO--confirmCreationButton","interaction":{"idSuffix":"BDI-content"}},"wdio_ui5_key":"applicationmanagehandovers-display-component---AddNewHO--confirmCreationButton"}]}
RESULT: {"script":"<script> [1562 bytes]","args":[{"selector":{"id":"application-managehandovers-display-component---AddNewHO--confirmCreationButton","interaction":{"idSuffix":"BDI-content"}},"wdio_ui5_key":"applicationmanagehandovers-display-component---AddNewHO--confirmCreationButton"}]}
RESULT: undefined
COMMAND: POST /session/6cd8861519be2314cbde44996230575a/element - {"using":"xpath","value":"//*[@id=\"application-managehandovers-display-component---AddNewHO--confirmCreationButton\"]"}
RESULT: {"using":"xpath","value":"//*[@id=\"application-managehandovers-display-component---AddNewHO--confirmCreationButton\"]"}
COMMAND: POST /session/6cd8861519be2314cbde44996230575a/element/f.B713056A9316196A9232F0DF0934CF03.d.577A454E1666CB695743D5D232CF4F20.e.7437/click - {}
RESULT: {}
COMMAND: GET /session/6cd8861519be2314cbde44996230575a/screenshot - {}
COMMAND: POST /session/6cd8861519be2314cbde44996230575a/execute/async - {"script":"<script> [1562 bytes]","args":[{"selector":{"id":"issueDatePicker","viewName":"etm.portal.ui.managehandovers.view.DetailExecuteHO","interaction":{"idSuffix":"inner"}},"wdio_ui5_key":"issueDatePickeretmportal.ui.managehandovers.view.DetailExecuteHO"}]}
RESULT: {}
RESULT: {"script":"<script> [1562 bytes]","args":[{"selector":{"id":"issueDatePicker","viewName":"etm.portal.ui.managehandovers.view.DetailExecuteHO","interaction":{"idSuffix":"inner"}},"wdio_ui5_key":"issueDatePickeretmportal.ui.managehandovers.view.DetailExecuteHO"}]}
RESULT: undefined
COMMAND: POST /session/6cd8861519be2314cbde44996230575a/execute/async - {"script":"<script> [776 bytes]","args":[{"enterText":"5/23/25","selector":{"id":"issueDatePicker","viewName":"etm.portal.ui.managehandovers.view.DetailExecuteHO","interaction":{"idSuffix":"inner"}},"clearTextFirst":true,"interactionType":"ENTER_TEXT"}]}
RESULT: {"script":"<script> [776 bytes]","args":[{"enterText":"5/23/25","selector":{"id":"issueDatePicker","viewName":"etm.portal.ui.managehandovers.view.DetailExecuteHO","interaction":{"idSuffix":"inner"}},"clearTextFirst":true,"interactionType":"ENTER_TEXT"}]}
COMMAND: POST /session/6cd8861519be2314cbde44996230575a/element - {"using":"xpath","value":"//button[@data-kt=\"PickingTableConfirmAllButton\"]"}
RESULT: {"using":"xpath","value":"//button[@data-kt=\"PickingTableConfirmAllButton\"]"}
COMMAND: POST /session/6cd8861519be2314cbde44996230575a/element/f.B713056A9316196A9232F0DF0934CF03.d.577A454E1666CB695743D5D232CF4F20.e.7708/click - {}
RESULT: {}
COMMAND: GET /session/6cd8861519be2314cbde44996230575a/screenshot - {}
RESULT: {}
COMMAND: POST /session/6cd8861519be2314cbde44996230575a/element - {"using":"xpath","value":"//bdi[contains(text(), \"OK\")]"}
RESULT: {"using":"xpath","value":"//bdi[contains(text(), \"OK\")]"}
COMMAND: POST /session/6cd8861519be2314cbde44996230575a/element/f.B713056A9316196A9232F0DF0934CF03.d.577A454E1666CB695743D5D232CF4F20.e.7711/click - {}
RESULT: {}
COMMAND: GET /session/6cd8861519be2314cbde44996230575a/screenshot - {}
RESULT: {}
COMMAND: POST /session/6cd8861519be2314cbde44996230575a/element - {"using":"xpath","value":"//bdi[contains(text(), \"Issue\")]"}
RESULT: {"using":"xpath","value":"//bdi[contains(text(), \"Issue\")]"}
COMMAND: POST /session/6cd8861519be2314cbde44996230575a/element/f.B713056A9316196A9232F0DF0934CF03.d.577A454E1666CB695743D5D232CF4F20.e.7713/click - {}
RESULT: {}
COMMAND: GET /session/6cd8861519be2314cbde44996230575a/screenshot - {}
RESULT: {}
COMMAND: POST /session/6cd8861519be2314cbde44996230575a/element - {"using":"css selector","value":"#shell-header-logo"}
RESULT: {"using":"css selector","value":"#shell-header-logo"}
COMMAND: POST /session/6cd8861519be2314cbde44996230575a/element/f.B713056A9316196A9232F0DF0934CF03.d.577A454E1666CB695743D5D232CF4F20.e.6752/click - {}
RESULT: {}
COMMAND: GET /session/6cd8861519be2314cbde44996230575a/screenshot - {}
RESULT: {}
]]></system-out>
    </testcase>
    <testcase classname="chrome.136_0_7103_93.windows.Billing_Transfer_-_Master_data_&amp;_Intercompany_US127250" name="Should go navigate to Manage Billings and trigger contract calculation check result" time="68.653">
      <system-out><![CDATA[
COMMAND: POST /session/6cd8861519be2314cbde44996230575a/execute/async - {"script":"<script> [1562 bytes]","args":[{"selector":{"controlType":"sap.m.GenericTile","properties":{"header":"Manage Billings"}},"wdio_ui5_key":"sapm.GenericTile{\"header\":\"Manage Billings\"}"}]}
RESULT: {"script":"<script> [1562 bytes]","args":[{"selector":{"controlType":"sap.m.GenericTile","properties":{"header":"Manage Billings"}},"wdio_ui5_key":"sapm.GenericTile{\"header\":\"Manage Billings\"}"}]}
RESULT: undefined
COMMAND: POST /session/6cd8861519be2314cbde44996230575a/element - {"using":"xpath","value":"//*[@id=\"__tile91\"]"}
RESULT: {"using":"xpath","value":"//*[@id=\"__tile91\"]"}
COMMAND: POST /session/6cd8861519be2314cbde44996230575a/element/f.B713056A9316196A9232F0DF0934CF03.d.577A454E1666CB695743D5D232CF4F20.e.4478/click - {}
RESULT: {}
COMMAND: GET /session/6cd8861519be2314cbde44996230575a/screenshot - {}
RESULT: {}
COMMAND: POST /session/6cd8861519be2314cbde44996230575a/elements - {"using":"xpath","value":"//span[text()='Error']"}
RESULT: {"using":"xpath","value":"//span[text()='Error']"}
COMMAND: POST /session/6cd8861519be2314cbde44996230575a/execute/async - {"script":"<script> [1562 bytes]","args":[{"selector":{"id":"application-managebillings-display-component---billRunCalcResult--smartFilterBar-btnBasicSearch","interaction":{"idSuffix":"I"}},"wdio_ui5_key":"applicationmanagebillings-display-component---billRunCalcResult--smartFilterBar-btnBasicSearch"}]}
RESULT: {"script":"<script> [1562 bytes]","args":[{"selector":{"id":"application-managebillings-display-component---billRunCalcResult--smartFilterBar-btnBasicSearch","interaction":{"idSuffix":"I"}},"wdio_ui5_key":"applicationmanagebillings-display-component---billRunCalcResult--smartFilterBar-btnBasicSearch"}]}
RESULT: undefined
COMMAND: POST /session/6cd8861519be2314cbde44996230575a/execute/async - {"script":"<script> [776 bytes]","args":[{"enterText":"10168","selector":{"id":"application-managebillings-display-component---billRunCalcResult--smartFilterBar-btnBasicSearch","interaction":{"idSuffix":"I"}},"clearTextFirst":true,"interactionType":"ENTER_TEXT"}]}
RESULT: {"script":"<script> [776 bytes]","args":[{"enterText":"10168","selector":{"id":"application-managebillings-display-component---billRunCalcResult--smartFilterBar-btnBasicSearch","interaction":{"idSuffix":"I"}},"clearTextFirst":true,"interactionType":"ENTER_TEXT"}]}
COMMAND: POST /session/6cd8861519be2314cbde44996230575a/actions - {"actions":[{"id":"action20","type":"key","parameters":{},"actions":[{"type":"keyDown","value":""},{"type":"pause","duration":10},{"type":"keyUp","value":""}]}]}
RESULT: {"actions":[{"id":"action20","type":"key","parameters":{},"actions":[{"type":"keyDown","value":""},{"type":"pause","duration":10},{"type":"keyUp","value":""}]}]}
COMMAND: GET /session/6cd8861519be2314cbde44996230575a/screenshot - {}
RESULT: {}
COMMAND: POST /session/6cd8861519be2314cbde44996230575a/element - {"using":"xpath","value":"//td[@aria-colindex=\"1\"]/div/div[contains(@class, \"sapMCbBg\")]"}
RESULT: {"using":"xpath","value":"//td[@aria-colindex=\"1\"]/div/div[contains(@class, \"sapMCbBg\")]"}
COMMAND: POST /session/6cd8861519be2314cbde44996230575a/element/f.B713056A9316196A9232F0DF0934CF03.d.577A454E1666CB695743D5D232CF4F20.e.8214/click - {}
RESULT: {}
COMMAND: GET /session/6cd8861519be2314cbde44996230575a/screenshot - {}
RESULT: {}
COMMAND: POST /session/6cd8861519be2314cbde44996230575a/execute/async - {"script":"<script> [1562 bytes]","args":[{"selector":{"id":"application-managebillings-display-component---billRunCalcResult--contractBillRunDate","interaction":{"idSuffix":"inner"}},"wdio_ui5_key":"applicationmanagebillings-display-component---billRunCalcResult--contractBillRunDate"}]}
RESULT: {"script":"<script> [1562 bytes]","args":[{"selector":{"id":"application-managebillings-display-component---billRunCalcResult--contractBillRunDate","interaction":{"idSuffix":"inner"}},"wdio_ui5_key":"applicationmanagebillings-display-component---billRunCalcResult--contractBillRunDate"}]}
RESULT: undefined
COMMAND: POST /session/6cd8861519be2314cbde44996230575a/execute/async - {"script":"<script> [776 bytes]","args":[{"enterText":"6/23/25","selector":{"id":"application-managebillings-display-component---billRunCalcResult--contractBillRunDate","interaction":{"idSuffix":"inner"}},"clearTextFirst":true,"interactionType":"ENTER_TEXT"}]}
RESULT: {"script":"<script> [776 bytes]","args":[{"enterText":"6/23/25","selector":{"id":"application-managebillings-display-component---billRunCalcResult--contractBillRunDate","interaction":{"idSuffix":"inner"}},"clearTextFirst":true,"interactionType":"ENTER_TEXT"}]}
COMMAND: POST /session/6cd8861519be2314cbde44996230575a/element - {"using":"xpath","value":"//bdi[contains(text(), \"Trigger Calculation\")]"}
RESULT: {"using":"xpath","value":"//bdi[contains(text(), \"Trigger Calculation\")]"}
COMMAND: POST /session/6cd8861519be2314cbde44996230575a/element/f.B713056A9316196A9232F0DF0934CF03.d.577A454E1666CB695743D5D232CF4F20.e.8235/click - {}
RESULT: {}
COMMAND: GET /session/6cd8861519be2314cbde44996230575a/screenshot - {}
RESULT: {}
COMMAND: POST /session/6cd8861519be2314cbde44996230575a/element - {"using":"xpath","value":"(//span[contains(@id, \"imgNav\")])[1]"}
RESULT: {"using":"xpath","value":"(//span[contains(@id, \"imgNav\")])[1]"}
COMMAND: POST /session/6cd8861519be2314cbde44996230575a/element/f.B713056A9316196A9232F0DF0934CF03.d.577A454E1666CB695743D5D232CF4F20.e.8228/click - {}
RESULT: {}
COMMAND: GET /session/6cd8861519be2314cbde44996230575a/screenshot - {}
RESULT: {}
COMMAND: POST /session/6cd8861519be2314cbde44996230575a/element - {"using":"xpath","value":"//tr/td[6]/div[1]/span[1]/span[1]"}
RESULT: {"using":"xpath","value":"//tr/td[6]/div[1]/span[1]/span[1]"}
COMMAND: GET /session/6cd8861519be2314cbde44996230575a/element/f.B713056A9316196A9232F0DF0934CF03.d.577A454E1666CB695743D5D232CF4F20.e.8240/text - {}
RESULT: {}
COMMAND: POST /session/6cd8861519be2314cbde44996230575a/element - {"using":"xpath","value":"(//span[contains(@id, \"imgNav\")])[2]"}
RESULT: {"using":"xpath","value":"(//span[contains(@id, \"imgNav\")])[2]"}
COMMAND: POST /session/6cd8861519be2314cbde44996230575a/element/f.B713056A9316196A9232F0DF0934CF03.d.577A454E1666CB695743D5D232CF4F20.e.8241/click - {}
RESULT: {}
COMMAND: POST /session/6cd8861519be2314cbde44996230575a/element - {"using":"xpath","value":"//bdi[contains(text(), \"Business Confirm\")]"}
COMMAND: GET /session/6cd8861519be2314cbde44996230575a/screenshot - {}
RESULT: {"using":"xpath","value":"//bdi[contains(text(), \"Business Confirm\")]"}
COMMAND: POST /session/6cd8861519be2314cbde44996230575a/element/f.B713056A9316196A9232F0DF0934CF03.d.577A454E1666CB695743D5D232CF4F20.e.8248/click - {}
RESULT: {}
RESULT: {}
COMMAND: POST /session/6cd8861519be2314cbde44996230575a/element - {"using":"css selector","value":"#shell-header-logo"}
COMMAND: GET /session/6cd8861519be2314cbde44996230575a/screenshot - {}
RESULT: {"using":"css selector","value":"#shell-header-logo"}
COMMAND: POST /session/6cd8861519be2314cbde44996230575a/element/f.B713056A9316196A9232F0DF0934CF03.d.577A454E1666CB695743D5D232CF4F20.e.8005/click - {}
RESULT: {}
RESULT: {}
COMMAND: GET /session/6cd8861519be2314cbde44996230575a/screenshot - {}
RESULT: {}
]]></system-out>
    </testcase>
    <testcase classname="chrome.136_0_7103_93.windows.Billing_Transfer_-_Master_data_&amp;_Intercompany_US127250" name="Should do Billing Transfer all the way into invoice open for intercompany case" time="89.216">
      <system-out><![CDATA[
COMMAND: POST /session/6cd8861519be2314cbde44996230575a/execute/async - {"script":"<script> [1562 bytes]","args":[{"selector":{"controlType":"sap.m.GenericTile","properties":{"header":"Billing Transfer"}},"wdio_ui5_key":"sapm.GenericTile{\"header\":\"Billing Transfer\"}"}]}
RESULT: {"script":"<script> [1562 bytes]","args":[{"selector":{"controlType":"sap.m.GenericTile","properties":{"header":"Billing Transfer"}},"wdio_ui5_key":"sapm.GenericTile{\"header\":\"Billing Transfer\"}"}]}
RESULT: undefined
COMMAND: POST /session/6cd8861519be2314cbde44996230575a/element - {"using":"xpath","value":"//*[@id=\"__tile90\"]"}
RESULT: {"using":"xpath","value":"//*[@id=\"__tile90\"]"}
COMMAND: POST /session/6cd8861519be2314cbde44996230575a/element/f.B713056A9316196A9232F0DF0934CF03.d.577A454E1666CB695743D5D232CF4F20.e.4475/click - {}
RESULT: {}
COMMAND: GET /session/6cd8861519be2314cbde44996230575a/screenshot - {}
RESULT: {}
COMMAND: POST /session/6cd8861519be2314cbde44996230575a/elements - {"using":"xpath","value":"//span[text()='Error']"}
RESULT: {"using":"xpath","value":"//span[text()='Error']"}
COMMAND: POST /session/6cd8861519be2314cbde44996230575a/element - {"using":"xpath","value":"//input[contains(@id ,\"application-billingtransfer-display-component---billingWorkbench--smartFilterBar-btnBasicSearch\")]"}
RESULT: {"using":"xpath","value":"//input[contains(@id ,\"application-billingtransfer-display-component---billingWorkbench--smartFilterBar-btnBasicSearch\")]"}
COMMAND: POST /session/6cd8861519be2314cbde44996230575a/elements - {"using":"xpath","value":"//input[contains(@id ,\"application-billingtransfer-display-component---billingWorkbench--smartFilterBar-btnBasicSearch\")]"}
RESULT: {"using":"xpath","value":"//input[contains(@id ,\"application-billingtransfer-display-component---billingWorkbench--smartFilterBar-btnBasicSearch\")]"}
COMMAND: POST /session/6cd8861519be2314cbde44996230575a/execute/sync - {"script":"<script> [8489 bytes]","args":[{"element-6066-11e4-a52e-4f735466cecf":"f.B713056A9316196A9232F0DF0934CF03.d.577A454E1666CB695743D5D232CF4F20.e.8305","ELEMENT":"f.B713056A9316196A9232F0DF0934CF03.d.577A454E1666CB695743D5D232CF4F20.e.8305"}]}
RESULT: {"script":"<script> [8489 bytes]","args":[{"element-6066-11e4-a52e-4f735466cecf":"f.B713056A9316196A9232F0DF0934CF03.d.577A454E1666CB695743D5D232CF4F20.e.8305","ELEMENT":"f.B713056A9316196A9232F0DF0934CF03.d.577A454E1666CB695743D5D232CF4F20.e.8305"}]}
COMMAND: GET /session/6cd8861519be2314cbde44996230575a/element/f.B713056A9316196A9232F0DF0934CF03.d.577A454E1666CB695743D5D232CF4F20.e.8305/enabled - {}
COMMAND: GET /session/6cd8861519be2314cbde44996230575a/screenshot - {}
RESULT: {}
COMMAND: POST /session/6cd8861519be2314cbde44996230575a/element/f.B713056A9316196A9232F0DF0934CF03.d.577A454E1666CB695743D5D232CF4F20.e.8305/click - {}
COMMAND: GET /session/6cd8861519be2314cbde44996230575a/screenshot - {}
RESULT: {}
RESULT: {}
COMMAND: GET /session/6cd8861519be2314cbde44996230575a/screenshot - {}
RESULT: {}
RESULT: {}
COMMAND: POST /session/6cd8861519be2314cbde44996230575a/element/f.B713056A9316196A9232F0DF0934CF03.d.577A454E1666CB695743D5D232CF4F20.e.8305/clear - {}
RESULT: {}
COMMAND: POST /session/6cd8861519be2314cbde44996230575a/element/f.B713056A9316196A9232F0DF0934CF03.d.577A454E1666CB695743D5D232CF4F20.e.8305/value - {"text":"10168"}
COMMAND: GET /session/6cd8861519be2314cbde44996230575a/screenshot - {}
RESULT: {"text":"10168"}
COMMAND: POST /session/6cd8861519be2314cbde44996230575a/actions - {"actions":[{"id":"action21","type":"key","parameters":{},"actions":[{"type":"keyDown","value":""},{"type":"pause","duration":10},{"type":"keyUp","value":""}]}]}
COMMAND: GET /session/6cd8861519be2314cbde44996230575a/screenshot - {}
RESULT: {}
RESULT: {"actions":[{"id":"action21","type":"key","parameters":{},"actions":[{"type":"keyDown","value":""},{"type":"pause","duration":10},{"type":"keyUp","value":""}]}]}
COMMAND: GET /session/6cd8861519be2314cbde44996230575a/screenshot - {}
RESULT: {}
RESULT: {}
COMMAND: POST /session/6cd8861519be2314cbde44996230575a/element - {"using":"xpath","value":"//span[contains(@id ,\"application-billingtransfer-display-component---billingWorkbench--smartTableBillingRuns-header-inner\")]"}
RESULT: {"using":"xpath","value":"//span[contains(@id ,\"application-billingtransfer-display-component---billingWorkbench--smartTableBillingRuns-header-inner\")]"}
COMMAND: POST /session/6cd8861519be2314cbde44996230575a/elements - {"using":"xpath","value":"//span[contains(@id ,\"application-billingtransfer-display-component---billingWorkbench--smartTableBillingRuns-header-inner\")]"}
RESULT: {"using":"xpath","value":"//span[contains(@id ,\"application-billingtransfer-display-component---billingWorkbench--smartTableBillingRuns-header-inner\")]"}
COMMAND: POST /session/6cd8861519be2314cbde44996230575a/execute/sync - {"script":"<script> [56 bytes]","args":[{"element-6066-11e4-a52e-4f735466cecf":"f.B713056A9316196A9232F0DF0934CF03.d.577A454E1666CB695743D5D232CF4F20.e.8386","ELEMENT":"f.B713056A9316196A9232F0DF0934CF03.d.577A454E1666CB695743D5D232CF4F20.e.8386"}]}
RESULT: {"script":"<script> [56 bytes]","args":[{"element-6066-11e4-a52e-4f735466cecf":"f.B713056A9316196A9232F0DF0934CF03.d.577A454E1666CB695743D5D232CF4F20.e.8386","ELEMENT":"f.B713056A9316196A9232F0DF0934CF03.d.577A454E1666CB695743D5D232CF4F20.e.8386"}]}
COMMAND: POST /session/6cd8861519be2314cbde44996230575a/element - {"using":"xpath","value":"//td[@aria-colindex=\"1\"]/div/div[contains(@class, \"sapMCbBg\")]"}
COMMAND: GET /session/6cd8861519be2314cbde44996230575a/screenshot - {}
RESULT: {"using":"xpath","value":"//td[@aria-colindex=\"1\"]/div/div[contains(@class, \"sapMCbBg\")]"}
COMMAND: POST /session/6cd8861519be2314cbde44996230575a/element/f.B713056A9316196A9232F0DF0934CF03.d.577A454E1666CB695743D5D232CF4F20.e.8379/click - {}
RESULT: {}
RESULT: {}
COMMAND: GET /session/6cd8861519be2314cbde44996230575a/screenshot - {}
RESULT: {}
COMMAND: POST /session/6cd8861519be2314cbde44996230575a/element - {"using":"xpath","value":"//bdi[contains(text(), \"Check\")]"}
RESULT: {"using":"xpath","value":"//bdi[contains(text(), \"Check\")]"}
COMMAND: POST /session/6cd8861519be2314cbde44996230575a/element/f.B713056A9316196A9232F0DF0934CF03.d.577A454E1666CB695743D5D232CF4F20.e.8387/click - {}
RESULT: {}
COMMAND: GET /session/6cd8861519be2314cbde44996230575a/screenshot - {}
RESULT: {}
COMMAND: POST /session/6cd8861519be2314cbde44996230575a/element - {"using":"xpath","value":"//bdi[contains(text(), \"OK\")]"}
RESULT: {"using":"xpath","value":"//bdi[contains(text(), \"OK\")]"}
COMMAND: POST /session/6cd8861519be2314cbde44996230575a/element/f.B713056A9316196A9232F0DF0934CF03.d.577A454E1666CB695743D5D232CF4F20.e.8390/click - {}
RESULT: {}
COMMAND: GET /session/6cd8861519be2314cbde44996230575a/screenshot - {}
RESULT: {}
COMMAND: POST /session/6cd8861519be2314cbde44996230575a/element - {"using":"xpath","value":"(//span[contains(text(), \"CO/SD checked\")]/parent::div/preceding-sibling::div/span)[1]"}
RESULT: {"using":"xpath","value":"(//span[contains(text(), \"CO/SD checked\")]/parent::div/preceding-sibling::div/span)[1]"}
COMMAND: POST /session/6cd8861519be2314cbde44996230575a/element/f.B713056A9316196A9232F0DF0934CF03.d.577A454E1666CB695743D5D232CF4F20.e.8403/click - {}
RESULT: {}
COMMAND: GET /session/6cd8861519be2314cbde44996230575a/screenshot - {}
RESULT: {}
COMMAND: POST /session/6cd8861519be2314cbde44996230575a/element - {"using":"xpath","value":"//input[contains(@id ,\"application-billingtransfer-display-component---billingWorkbench--smartFilterBar-btnBasicSearch\")]"}
RESULT: {"using":"xpath","value":"//input[contains(@id ,\"application-billingtransfer-display-component---billingWorkbench--smartFilterBar-btnBasicSearch\")]"}
COMMAND: POST /session/6cd8861519be2314cbde44996230575a/elements - {"using":"xpath","value":"//input[contains(@id ,\"application-billingtransfer-display-component---billingWorkbench--smartFilterBar-btnBasicSearch\")]"}
RESULT: {"using":"xpath","value":"//input[contains(@id ,\"application-billingtransfer-display-component---billingWorkbench--smartFilterBar-btnBasicSearch\")]"}
COMMAND: POST /session/6cd8861519be2314cbde44996230575a/execute/sync - {"script":"<script> [8489 bytes]","args":[{"element-6066-11e4-a52e-4f735466cecf":"f.B713056A9316196A9232F0DF0934CF03.d.577A454E1666CB695743D5D232CF4F20.e.8305","ELEMENT":"f.B713056A9316196A9232F0DF0934CF03.d.577A454E1666CB695743D5D232CF4F20.e.8305"}]}
RESULT: {"script":"<script> [8489 bytes]","args":[{"element-6066-11e4-a52e-4f735466cecf":"f.B713056A9316196A9232F0DF0934CF03.d.577A454E1666CB695743D5D232CF4F20.e.8305","ELEMENT":"f.B713056A9316196A9232F0DF0934CF03.d.577A454E1666CB695743D5D232CF4F20.e.8305"}]}
COMMAND: GET /session/6cd8861519be2314cbde44996230575a/element/f.B713056A9316196A9232F0DF0934CF03.d.577A454E1666CB695743D5D232CF4F20.e.8305/enabled - {}
COMMAND: GET /session/6cd8861519be2314cbde44996230575a/screenshot - {}
RESULT: {}
COMMAND: POST /session/6cd8861519be2314cbde44996230575a/element/f.B713056A9316196A9232F0DF0934CF03.d.577A454E1666CB695743D5D232CF4F20.e.8305/click - {}
COMMAND: GET /session/6cd8861519be2314cbde44996230575a/screenshot - {}
RESULT: {}
RESULT: {}
COMMAND: GET /session/6cd8861519be2314cbde44996230575a/screenshot - {}
RESULT: {}
RESULT: {}
COMMAND: POST /session/6cd8861519be2314cbde44996230575a/element/f.B713056A9316196A9232F0DF0934CF03.d.577A454E1666CB695743D5D232CF4F20.e.8305/clear - {}
RESULT: {}
COMMAND: POST /session/6cd8861519be2314cbde44996230575a/element/f.B713056A9316196A9232F0DF0934CF03.d.577A454E1666CB695743D5D232CF4F20.e.8305/value - {"text":"10168"}
COMMAND: GET /session/6cd8861519be2314cbde44996230575a/screenshot - {}
RESULT: {"text":"10168"}
COMMAND: POST /session/6cd8861519be2314cbde44996230575a/actions - {"actions":[{"id":"action22","type":"key","parameters":{},"actions":[{"type":"keyDown","value":""},{"type":"pause","duration":10},{"type":"keyUp","value":""}]}]}
COMMAND: GET /session/6cd8861519be2314cbde44996230575a/screenshot - {}
RESULT: {}
RESULT: {"actions":[{"id":"action22","type":"key","parameters":{},"actions":[{"type":"keyDown","value":""},{"type":"pause","duration":10},{"type":"keyUp","value":""}]}]}
COMMAND: GET /session/6cd8861519be2314cbde44996230575a/screenshot - {}
RESULT: {}
RESULT: {}
COMMAND: POST /session/6cd8861519be2314cbde44996230575a/element - {"using":"xpath","value":"//span[contains(@id ,\"application-billingtransfer-display-component---billingWorkbench--smartTableBillingRuns-header-inner\")]"}
RESULT: {"using":"xpath","value":"//span[contains(@id ,\"application-billingtransfer-display-component---billingWorkbench--smartTableBillingRuns-header-inner\")]"}
COMMAND: POST /session/6cd8861519be2314cbde44996230575a/elements - {"using":"xpath","value":"//span[contains(@id ,\"application-billingtransfer-display-component---billingWorkbench--smartTableBillingRuns-header-inner\")]"}
RESULT: {"using":"xpath","value":"//span[contains(@id ,\"application-billingtransfer-display-component---billingWorkbench--smartTableBillingRuns-header-inner\")]"}
COMMAND: POST /session/6cd8861519be2314cbde44996230575a/execute/sync - {"script":"<script> [56 bytes]","args":[{"element-6066-11e4-a52e-4f735466cecf":"f.B713056A9316196A9232F0DF0934CF03.d.577A454E1666CB695743D5D232CF4F20.e.8386","ELEMENT":"f.B713056A9316196A9232F0DF0934CF03.d.577A454E1666CB695743D5D232CF4F20.e.8386"}]}
RESULT: {"script":"<script> [56 bytes]","args":[{"element-6066-11e4-a52e-4f735466cecf":"f.B713056A9316196A9232F0DF0934CF03.d.577A454E1666CB695743D5D232CF4F20.e.8386","ELEMENT":"f.B713056A9316196A9232F0DF0934CF03.d.577A454E1666CB695743D5D232CF4F20.e.8386"}]}
COMMAND: POST /session/6cd8861519be2314cbde44996230575a/element - {"using":"xpath","value":"//td[@aria-colindex=\"1\"]/div/div[contains(@class, \"sapMCbBg\")]"}
COMMAND: GET /session/6cd8861519be2314cbde44996230575a/screenshot - {}
RESULT: {"using":"xpath","value":"//td[@aria-colindex=\"1\"]/div/div[contains(@class, \"sapMCbBg\")]"}
COMMAND: POST /session/6cd8861519be2314cbde44996230575a/element/f.B713056A9316196A9232F0DF0934CF03.d.577A454E1666CB695743D5D232CF4F20.e.8407/click - {}
RESULT: {}
RESULT: {}
COMMAND: GET /session/6cd8861519be2314cbde44996230575a/screenshot - {}
RESULT: {}
COMMAND: POST /session/6cd8861519be2314cbde44996230575a/element - {"using":"xpath","value":"//bdi[text()=\"Transfer\"]"}
RESULT: {"using":"xpath","value":"//bdi[text()=\"Transfer\"]"}
COMMAND: POST /session/6cd8861519be2314cbde44996230575a/element/f.B713056A9316196A9232F0DF0934CF03.d.577A454E1666CB695743D5D232CF4F20.e.8408/click - {}
RESULT: {}
COMMAND: GET /session/6cd8861519be2314cbde44996230575a/screenshot - {}
RESULT: {}
COMMAND: POST /session/6cd8861519be2314cbde44996230575a/element - {"using":"xpath","value":"//bdi[contains(text(), \"OK\")]"}
RESULT: {"using":"xpath","value":"//bdi[contains(text(), \"OK\")]"}
COMMAND: POST /session/6cd8861519be2314cbde44996230575a/element/f.B713056A9316196A9232F0DF0934CF03.d.577A454E1666CB695743D5D232CF4F20.e.8411/click - {}
RESULT: {}
COMMAND: GET /session/6cd8861519be2314cbde44996230575a/screenshot - {}
RESULT: {}
COMMAND: POST /session/6cd8861519be2314cbde44996230575a/element - {"using":"xpath","value":"(//span[contains(text(), \"Invoice open\")]/parent::div/preceding-sibling::div/span)[1]"}
RESULT: {"using":"xpath","value":"(//span[contains(text(), \"Invoice open\")]/parent::div/preceding-sibling::div/span)[1]"}
COMMAND: POST /session/6cd8861519be2314cbde44996230575a/element/f.B713056A9316196A9232F0DF0934CF03.d.577A454E1666CB695743D5D232CF4F20.e.8419/click - {}
RESULT: {}
COMMAND: GET /session/6cd8861519be2314cbde44996230575a/screenshot - {}
RESULT: {}
COMMAND: POST /session/6cd8861519be2314cbde44996230575a/element - {"using":"xpath","value":"//input[contains(@id ,\"application-billingtransfer-display-component---billingWorkbench--smartFilterBar-btnBasicSearch\")]"}
RESULT: {"using":"xpath","value":"//input[contains(@id ,\"application-billingtransfer-display-component---billingWorkbench--smartFilterBar-btnBasicSearch\")]"}
COMMAND: POST /session/6cd8861519be2314cbde44996230575a/elements - {"using":"xpath","value":"//input[contains(@id ,\"application-billingtransfer-display-component---billingWorkbench--smartFilterBar-btnBasicSearch\")]"}
RESULT: {"using":"xpath","value":"//input[contains(@id ,\"application-billingtransfer-display-component---billingWorkbench--smartFilterBar-btnBasicSearch\")]"}
COMMAND: POST /session/6cd8861519be2314cbde44996230575a/execute/sync - {"script":"<script> [8489 bytes]","args":[{"element-6066-11e4-a52e-4f735466cecf":"f.B713056A9316196A9232F0DF0934CF03.d.577A454E1666CB695743D5D232CF4F20.e.8305","ELEMENT":"f.B713056A9316196A9232F0DF0934CF03.d.577A454E1666CB695743D5D232CF4F20.e.8305"}]}
RESULT: {"script":"<script> [8489 bytes]","args":[{"element-6066-11e4-a52e-4f735466cecf":"f.B713056A9316196A9232F0DF0934CF03.d.577A454E1666CB695743D5D232CF4F20.e.8305","ELEMENT":"f.B713056A9316196A9232F0DF0934CF03.d.577A454E1666CB695743D5D232CF4F20.e.8305"}]}
COMMAND: GET /session/6cd8861519be2314cbde44996230575a/element/f.B713056A9316196A9232F0DF0934CF03.d.577A454E1666CB695743D5D232CF4F20.e.8305/enabled - {}
COMMAND: GET /session/6cd8861519be2314cbde44996230575a/screenshot - {}
RESULT: {}
COMMAND: POST /session/6cd8861519be2314cbde44996230575a/element/f.B713056A9316196A9232F0DF0934CF03.d.577A454E1666CB695743D5D232CF4F20.e.8305/click - {}
COMMAND: GET /session/6cd8861519be2314cbde44996230575a/screenshot - {}
RESULT: {}
RESULT: {}
COMMAND: GET /session/6cd8861519be2314cbde44996230575a/screenshot - {}
RESULT: {}
RESULT: {}
COMMAND: POST /session/6cd8861519be2314cbde44996230575a/element/f.B713056A9316196A9232F0DF0934CF03.d.577A454E1666CB695743D5D232CF4F20.e.8305/clear - {}
RESULT: {}
COMMAND: POST /session/6cd8861519be2314cbde44996230575a/element/f.B713056A9316196A9232F0DF0934CF03.d.577A454E1666CB695743D5D232CF4F20.e.8305/value - {"text":"10168"}
COMMAND: GET /session/6cd8861519be2314cbde44996230575a/screenshot - {}
RESULT: {"text":"10168"}
COMMAND: POST /session/6cd8861519be2314cbde44996230575a/actions - {"actions":[{"id":"action23","type":"key","parameters":{},"actions":[{"type":"keyDown","value":""},{"type":"pause","duration":10},{"type":"keyUp","value":""}]}]}
COMMAND: GET /session/6cd8861519be2314cbde44996230575a/screenshot - {}
RESULT: {}
RESULT: {"actions":[{"id":"action23","type":"key","parameters":{},"actions":[{"type":"keyDown","value":""},{"type":"pause","duration":10},{"type":"keyUp","value":""}]}]}
COMMAND: GET /session/6cd8861519be2314cbde44996230575a/screenshot - {}
RESULT: {}
RESULT: {}
COMMAND: POST /session/6cd8861519be2314cbde44996230575a/element - {"using":"xpath","value":"//span[contains(@id ,\"application-billingtransfer-display-component---billingWorkbench--smartTableBillingRuns-header-inner\")]"}
RESULT: {"using":"xpath","value":"//span[contains(@id ,\"application-billingtransfer-display-component---billingWorkbench--smartTableBillingRuns-header-inner\")]"}
COMMAND: POST /session/6cd8861519be2314cbde44996230575a/elements - {"using":"xpath","value":"//span[contains(@id ,\"application-billingtransfer-display-component---billingWorkbench--smartTableBillingRuns-header-inner\")]"}
RESULT: {"using":"xpath","value":"//span[contains(@id ,\"application-billingtransfer-display-component---billingWorkbench--smartTableBillingRuns-header-inner\")]"}
COMMAND: POST /session/6cd8861519be2314cbde44996230575a/execute/sync - {"script":"<script> [56 bytes]","args":[{"element-6066-11e4-a52e-4f735466cecf":"f.B713056A9316196A9232F0DF0934CF03.d.577A454E1666CB695743D5D232CF4F20.e.8386","ELEMENT":"f.B713056A9316196A9232F0DF0934CF03.d.577A454E1666CB695743D5D232CF4F20.e.8386"}]}
RESULT: {"script":"<script> [56 bytes]","args":[{"element-6066-11e4-a52e-4f735466cecf":"f.B713056A9316196A9232F0DF0934CF03.d.577A454E1666CB695743D5D232CF4F20.e.8386","ELEMENT":"f.B713056A9316196A9232F0DF0934CF03.d.577A454E1666CB695743D5D232CF4F20.e.8386"}]}
COMMAND: POST /session/6cd8861519be2314cbde44996230575a/element - {"using":"css selector","value":"#shell-header-logo"}
COMMAND: GET /session/6cd8861519be2314cbde44996230575a/screenshot - {}
RESULT: {"using":"css selector","value":"#shell-header-logo"}
COMMAND: POST /session/6cd8861519be2314cbde44996230575a/element/f.B713056A9316196A9232F0DF0934CF03.d.577A454E1666CB695743D5D232CF4F20.e.8303/click - {}
RESULT: {}
RESULT: {}
COMMAND: GET /session/6cd8861519be2314cbde44996230575a/screenshot - {}
RESULT: {}
COMMAND: POST /session/6cd8861519be2314cbde44996230575a/element - {"using":"css selector","value":"#j_username"}
COMMAND: POST /session/6cd8861519be2314cbde44996230575a/url - {"url":"https://qa-testing-00-live-etm-ui.cfapps.eu10-004.hana.ondemand.com/"}
RESULT: {"using":"css selector","value":"#j_username"}
COMMAND: POST /session/6cd8861519be2314cbde44996230575a/element - {"using":"css selector","value":"#j_username"}
RESULT: {"url":"https://qa-testing-00-live-etm-ui.cfapps.eu10-004.hana.ondemand.com/"}
RESULT: undefined
COMMAND: GET /session/6cd8861519be2314cbde44996230575a/screenshot - {}
RESULT: {"using":"css selector","value":"#j_username"}
COMMAND: POST /session/6cd8861519be2314cbde44996230575a/element - {"using":"css selector","value":"#shell-header-logo"}
RESULT: {}
RESULT: {"using":"css selector","value":"#shell-header-logo"}
COMMAND: POST /session/6cd8861519be2314cbde44996230575a/execute/sync - {"script":"<script> [8489 bytes]","args":[{"element-6066-11e4-a52e-4f735466cecf":"f.B713056A9316196A9232F0DF0934CF03.d.2C9D98E361C426A472DB274B7CB95743.e.8434","ELEMENT":"f.B713056A9316196A9232F0DF0934CF03.d.2C9D98E361C426A472DB274B7CB95743.e.8434"}]}
RESULT: {"script":"<script> [8489 bytes]","args":[{"element-6066-11e4-a52e-4f735466cecf":"f.B713056A9316196A9232F0DF0934CF03.d.2C9D98E361C426A472DB274B7CB95743.e.8434","ELEMENT":"f.B713056A9316196A9232F0DF0934CF03.d.2C9D98E361C426A472DB274B7CB95743.e.8434"}]}
COMMAND: POST /session/6cd8861519be2314cbde44996230575a/element - {"using":"css selector","value":"#shell-header-logo"}
COMMAND: GET /session/6cd8861519be2314cbde44996230575a/screenshot - {}
RESULT: {"using":"css selector","value":"#shell-header-logo"}
COMMAND: POST /session/6cd8861519be2314cbde44996230575a/execute/sync - {"script":"<script> [8489 bytes]","args":[{"element-6066-11e4-a52e-4f735466cecf":"f.B713056A9316196A9232F0DF0934CF03.d.2C9D98E361C426A472DB274B7CB95743.e.8434","ELEMENT":"f.B713056A9316196A9232F0DF0934CF03.d.2C9D98E361C426A472DB274B7CB95743.e.8434"}]}
RESULT: {}
RESULT: {"script":"<script> [8489 bytes]","args":[{"element-6066-11e4-a52e-4f735466cecf":"f.B713056A9316196A9232F0DF0934CF03.d.2C9D98E361C426A472DB274B7CB95743.e.8434","ELEMENT":"f.B713056A9316196A9232F0DF0934CF03.d.2C9D98E361C426A472DB274B7CB95743.e.8434"}]}
COMMAND: POST /session/6cd8861519be2314cbde44996230575a/execute/sync - {"script":"<script> [5351 bytes]","args":[{"element-6066-11e4-a52e-4f735466cecf":"f.B713056A9316196A9232F0DF0934CF03.d.2C9D98E361C426A472DB274B7CB95743.e.8434","ELEMENT":"f.B713056A9316196A9232F0DF0934CF03.d.2C9D98E361C426A472DB274B7CB95743.e.8434"}]}
COMMAND: GET /session/6cd8861519be2314cbde44996230575a/screenshot - {}
RESULT: {"script":"<script> [5351 bytes]","args":[{"element-6066-11e4-a52e-4f735466cecf":"f.B713056A9316196A9232F0DF0934CF03.d.2C9D98E361C426A472DB274B7CB95743.e.8434","ELEMENT":"f.B713056A9316196A9232F0DF0934CF03.d.2C9D98E361C426A472DB274B7CB95743.e.8434"}]}
COMMAND: POST /session/6cd8861519be2314cbde44996230575a/element - {"using":"css selector","value":"#shell-header-logo"}
COMMAND: GET /session/6cd8861519be2314cbde44996230575a/screenshot - {}
RESULT: {}
RESULT: {"using":"css selector","value":"#shell-header-logo"}
COMMAND: POST /session/6cd8861519be2314cbde44996230575a/element/f.B713056A9316196A9232F0DF0934CF03.d.2C9D98E361C426A472DB274B7CB95743.e.8434/click - {}
RESULT: {}
RESULT: {}
COMMAND: GET /session/6cd8861519be2314cbde44996230575a/screenshot - {}
RESULT: {}
COMMAND: POST /session/6cd8861519be2314cbde44996230575a/execute/async - {"script":"<script> [189 bytes]","args":[]}
RESULT: {"script":"<script> [189 bytes]","args":[]}
COMMAND: POST /session/6cd8861519be2314cbde44996230575a/execute/async - {"script":"<script> [123 bytes]","args":[]}
RESULT: {"script":"<script> [123 bytes]","args":[]}
COMMAND: POST /session/6cd8861519be2314cbde44996230575a/timeouts - {"script":"<number>"}
RESULT: {"script":"<number>"}
COMMAND: GET /session/6cd8861519be2314cbde44996230575a/timeouts - {}
RESULT: {}
RESULT: undefined
COMMAND: POST /session/6cd8861519be2314cbde44996230575a/execute/async - {"script":"<script> [2676 bytes]","args":[]}
RESULT: {"script":"<script> [2676 bytes]","args":[]}
COMMAND: POST /session/6cd8861519be2314cbde44996230575a/execute/async - {"script":"<script> [2342 bytes]","args":[{"protocol":"http","hostname":"0.0.0.0","path":"/","capabilities":{"browserName":"chrome","goog:chromeOptions":{"binary":"C:\\Program Files\\Google\\Chrome\\Application\\chrome.exe","args":["--start-maximized"]}},"logLevel":"warn","connectionRetryTimeout":120000,"connectionRetryCount":3,"logLevels":{},"enableDirectConnect":true,"strictSSL":true,"_":"65 more keys: [\"cacheDir\",\"port\",\"requestedCapabilities\",\"automationProtocol\",\"baseUrl\",\"waitforInterval\",\"waitforTimeout\",\"onReload\",\"beforeCommand\",\"afterCommand\",\"rootDir\",\"specs\",\"suites\",\"exclude\",\"groupLogsByTestSpec\",\"excludeDriverLogs\",\"bail\",\"framework\",\"reporters\",\"services\",\"maxInstances\",\"maxInstancesPerCapability\",\"injectGlobals\",\"filesToWatch\",\"execArgv\",\"runnerEnv\",\"runner\",\"shard\",\"specFileRetries\",\"specFileRetriesDelay\",\"specFileRetriesDeferred\",\"reporterSyncInterval\",\"reporterSyncTimeout\",\"cucumberFeaturesWithLineNumbers\",\"autoCompileOpts\",\"mochaOpts\",\"jasmineOpts\",\"cucumberOpts\",\"onPrepare\",\"onWorkerStart\",\"onWorkerEnd\",\"before\",\"beforeSession\",\"beforeSuite\",\"beforeHook\",\"beforeTest\",\"afterTest\",\"afterHook\",\"afterSuite\",\"afterSession\",\"after\",\"onComplete\",\"beforeAssertion\",\"afterAssertion\",\"beforeFeature\",\"beforeScenario\",\"beforeStep\",\"afterStep\",\"afterScenario\",\"afterFeature\",\"_\",\"suite\",\"$0\",\"ignoredWorkerServices\",\"wdi5\"]"}]}
RESULT: {"script":"<script> [2342 bytes]","args":[{"protocol":"http","hostname":"0.0.0.0","path":"/","capabilities":{"browserName":"chrome","goog:chromeOptions":{"binary":"C:\\Program Files\\Google\\Chrome\\Application\\chrome.exe","args":["--start-maximized"]}},"logLevel":"warn","connectionRetryTimeout":120000,"connectionRetryCount":3,"logLevels":{},"enableDirectConnect":true,"strictSSL":true,"_":"65 more keys: [\"cacheDir\",\"port\",\"requestedCapabilities\",\"automationProtocol\",\"baseUrl\",\"waitforInterval\",\"waitforTimeout\",\"onReload\",\"beforeCommand\",\"afterCommand\",\"rootDir\",\"specs\",\"suites\",\"exclude\",\"groupLogsByTestSpec\",\"excludeDriverLogs\",\"bail\",\"framework\",\"reporters\",\"services\",\"maxInstances\",\"maxInstancesPerCapability\",\"injectGlobals\",\"filesToWatch\",\"execArgv\",\"runnerEnv\",\"runner\",\"shard\",\"specFileRetries\",\"specFileRetriesDelay\",\"specFileRetriesDeferred\",\"reporterSyncInterval\",\"reporterSyncTimeout\",\"cucumberFeaturesWithLineNumbers\",\"autoCompileOpts\",\"mochaOpts\",\"jasmineOpts\",\"cucumberOpts\",\"onPrepare\",\"onWorkerStart\",\"onWorkerEnd\",\"before\",\"beforeSession\",\"beforeSuite\",\"beforeHook\",\"beforeTest\",\"afterTest\",\"afterHook\",\"afterSuite\",\"afterSession\",\"after\",\"onComplete\",\"beforeAssertion\",\"afterAssertion\",\"beforeFeature\",\"beforeScenario\",\"beforeStep\",\"afterStep\",\"afterScenario\",\"afterFeature\",\"_\",\"suite\",\"$0\",\"ignoredWorkerServices\",\"wdi5\"]"}]}
COMMAND: POST /session/6cd8861519be2314cbde44996230575a/execute/async - {"script":"<script> [21126 bytes]","args":[35000]}
RESULT: {"script":"<script> [21126 bytes]","args":[35000]}
COMMAND: POST /session/6cd8861519be2314cbde44996230575a/window/maximize - {}
RESULT: {}
COMMAND: POST /session/6cd8861519be2314cbde44996230575a/execute/async - {"script":"<script> [1562 bytes]","args":[{"selector":{"id":"shell-header","interaction":{"idSuffix":"icon"}},"wdio_ui5_key":"shellheader"}]}
COMMAND: GET /session/6cd8861519be2314cbde44996230575a/screenshot - {}
RESULT: {"script":"<script> [1562 bytes]","args":[{"selector":{"id":"shell-header","interaction":{"idSuffix":"icon"}},"wdio_ui5_key":"shellheader"}]}
RESULT: undefined
COMMAND: POST /session/6cd8861519be2314cbde44996230575a/refresh - {}
RESULT: {}
RESULT: {}
COMMAND: GET /session/6cd8861519be2314cbde44996230575a/screenshot - {}
RESULT: {}
COMMAND: POST /session/6cd8861519be2314cbde44996230575a/refresh - {}
RESULT: {}
COMMAND: GET /session/6cd8861519be2314cbde44996230575a/screenshot - {}
RESULT: {}
COMMAND: POST /session/6cd8861519be2314cbde44996230575a/window/fullscreen - {}
RESULT: {}
COMMAND: POST /session/6cd8861519be2314cbde44996230575a/execute/async - {"script":"<script> [189 bytes]","args":[]}
RESULT: {"script":"<script> [189 bytes]","args":[]}
COMMAND: POST /session/6cd8861519be2314cbde44996230575a/execute/async - {"script":"<script> [123 bytes]","args":[]}
RESULT: {"script":"<script> [123 bytes]","args":[]}
COMMAND: POST /session/6cd8861519be2314cbde44996230575a/timeouts - {"script":"<number>"}
RESULT: {"script":"<number>"}
COMMAND: GET /session/6cd8861519be2314cbde44996230575a/timeouts - {}
RESULT: {}
RESULT: undefined
COMMAND: POST /session/6cd8861519be2314cbde44996230575a/execute/async - {"script":"<script> [2676 bytes]","args":[]}
RESULT: {"script":"<script> [2676 bytes]","args":[]}
COMMAND: POST /session/6cd8861519be2314cbde44996230575a/execute/async - {"script":"<script> [2342 bytes]","args":[{"protocol":"http","hostname":"0.0.0.0","path":"/","capabilities":{"browserName":"chrome","goog:chromeOptions":{"binary":"C:\\Program Files\\Google\\Chrome\\Application\\chrome.exe","args":["--start-maximized"]}},"logLevel":"warn","connectionRetryTimeout":120000,"connectionRetryCount":3,"logLevels":{},"enableDirectConnect":true,"strictSSL":true,"_":"65 more keys: [\"cacheDir\",\"port\",\"requestedCapabilities\",\"automationProtocol\",\"baseUrl\",\"waitforInterval\",\"waitforTimeout\",\"onReload\",\"beforeCommand\",\"afterCommand\",\"rootDir\",\"specs\",\"suites\",\"exclude\",\"groupLogsByTestSpec\",\"excludeDriverLogs\",\"bail\",\"framework\",\"reporters\",\"services\",\"maxInstances\",\"maxInstancesPerCapability\",\"injectGlobals\",\"filesToWatch\",\"execArgv\",\"runnerEnv\",\"runner\",\"shard\",\"specFileRetries\",\"specFileRetriesDelay\",\"specFileRetriesDeferred\",\"reporterSyncInterval\",\"reporterSyncTimeout\",\"cucumberFeaturesWithLineNumbers\",\"autoCompileOpts\",\"mochaOpts\",\"jasmineOpts\",\"cucumberOpts\",\"onPrepare\",\"onWorkerStart\",\"onWorkerEnd\",\"before\",\"beforeSession\",\"beforeSuite\",\"beforeHook\",\"beforeTest\",\"afterTest\",\"afterHook\",\"afterSuite\",\"afterSession\",\"after\",\"onComplete\",\"beforeAssertion\",\"afterAssertion\",\"beforeFeature\",\"beforeScenario\",\"beforeStep\",\"afterStep\",\"afterScenario\",\"afterFeature\",\"_\",\"suite\",\"$0\",\"ignoredWorkerServices\",\"wdi5\"]"}]}
RESULT: {"script":"<script> [2342 bytes]","args":[{"protocol":"http","hostname":"0.0.0.0","path":"/","capabilities":{"browserName":"chrome","goog:chromeOptions":{"binary":"C:\\Program Files\\Google\\Chrome\\Application\\chrome.exe","args":["--start-maximized"]}},"logLevel":"warn","connectionRetryTimeout":120000,"connectionRetryCount":3,"logLevels":{},"enableDirectConnect":true,"strictSSL":true,"_":"65 more keys: [\"cacheDir\",\"port\",\"requestedCapabilities\",\"automationProtocol\",\"baseUrl\",\"waitforInterval\",\"waitforTimeout\",\"onReload\",\"beforeCommand\",\"afterCommand\",\"rootDir\",\"specs\",\"suites\",\"exclude\",\"groupLogsByTestSpec\",\"excludeDriverLogs\",\"bail\",\"framework\",\"reporters\",\"services\",\"maxInstances\",\"maxInstancesPerCapability\",\"injectGlobals\",\"filesToWatch\",\"execArgv\",\"runnerEnv\",\"runner\",\"shard\",\"specFileRetries\",\"specFileRetriesDelay\",\"specFileRetriesDeferred\",\"reporterSyncInterval\",\"reporterSyncTimeout\",\"cucumberFeaturesWithLineNumbers\",\"autoCompileOpts\",\"mochaOpts\",\"jasmineOpts\",\"cucumberOpts\",\"onPrepare\",\"onWorkerStart\",\"onWorkerEnd\",\"before\",\"beforeSession\",\"beforeSuite\",\"beforeHook\",\"beforeTest\",\"afterTest\",\"afterHook\",\"afterSuite\",\"afterSession\",\"after\",\"onComplete\",\"beforeAssertion\",\"afterAssertion\",\"beforeFeature\",\"beforeScenario\",\"beforeStep\",\"afterStep\",\"afterScenario\",\"afterFeature\",\"_\",\"suite\",\"$0\",\"ignoredWorkerServices\",\"wdi5\"]"}]}
COMMAND: POST /session/6cd8861519be2314cbde44996230575a/execute/async - {"script":"<script> [21126 bytes]","args":[35000]}
RESULT: {"script":"<script> [21126 bytes]","args":[35000]}
]]></system-out>
    </testcase>
  </testsuite>
  <testsuite timestamp="2025-05-23T17:43:11" time="1166.38" tests="12" failures="0" errors="0" skipped="0">
    <properties>
      <property name="specId" value="0"/>
      <property name="suiteName" value="Billing Transfer - Intracompany US127249"/>
      <property name="capabilities" value="chrome.136_0_7103_93.windows"/>
      <property name="file" value="file:///D:/a/1/s/test/specs/BTS/billing-transfer-intracompany.spec.js"/>
    </properties>
    <testcase classname="chrome.136_0_7103_93.windows.Billing_Transfer_-_Intracompany_US127249" name="Should create a new yard" time="132.172">
      <system-out><![CDATA[
COMMAND: POST /session/6cd8861519be2314cbde44996230575a/window/fullscreen - {}
RESULT: {}
COMMAND: POST /session/6cd8861519be2314cbde44996230575a/execute/async - {"script":"<script> [1562 bytes]","args":[{"selector":{"controlType":"sap.m.GenericTile","properties":{"header":"Manage Yards"}},"wdio_ui5_key":"sapm.GenericTile{\"header\":\"Manage Yards\"}"}]}
RESULT: {"script":"<script> [1562 bytes]","args":[{"selector":{"controlType":"sap.m.GenericTile","properties":{"header":"Manage Yards"}},"wdio_ui5_key":"sapm.GenericTile{\"header\":\"Manage Yards\"}"}]}
RESULT: undefined
COMMAND: POST /session/6cd8861519be2314cbde44996230575a/element - {"using":"xpath","value":"//*[@id=\"__tile41\"]"}
RESULT: {"using":"xpath","value":"//*[@id=\"__tile41\"]"}
COMMAND: POST /session/6cd8861519be2314cbde44996230575a/element/f.B713056A9316196A9232F0DF0934CF03.d.5AFEBE611F7D3DFE8E269876B2D58987.e.8603/click - {}
RESULT: {}
COMMAND: GET /session/6cd8861519be2314cbde44996230575a/screenshot - {}
RESULT: {}
COMMAND: POST /session/6cd8861519be2314cbde44996230575a/elements - {"using":"xpath","value":"//span[text()='Error']"}
RESULT: {"using":"xpath","value":"//span[text()='Error']"}
COMMAND: POST /session/6cd8861519be2314cbde44996230575a/element - {"using":"xpath","value":"//button[@data-kt=\"addNewYardOverflowToolbarButton\"]"}
RESULT: {"using":"xpath","value":"//button[@data-kt=\"addNewYardOverflowToolbarButton\"]"}
COMMAND: POST /session/6cd8861519be2314cbde44996230575a/elements - {"using":"xpath","value":"//button[@data-kt=\"addNewYardOverflowToolbarButton\"]"}
RESULT: {"using":"xpath","value":"//button[@data-kt=\"addNewYardOverflowToolbarButton\"]"}
COMMAND: POST /session/6cd8861519be2314cbde44996230575a/execute/sync - {"script":"<script> [8489 bytes]","args":[{"element-6066-11e4-a52e-4f735466cecf":"f.B713056A9316196A9232F0DF0934CF03.d.5AFEBE611F7D3DFE8E269876B2D58987.e.8848","ELEMENT":"f.B713056A9316196A9232F0DF0934CF03.d.5AFEBE611F7D3DFE8E269876B2D58987.e.8848"}]}
RESULT: {"script":"<script> [8489 bytes]","args":[{"element-6066-11e4-a52e-4f735466cecf":"f.B713056A9316196A9232F0DF0934CF03.d.5AFEBE611F7D3DFE8E269876B2D58987.e.8848","ELEMENT":"f.B713056A9316196A9232F0DF0934CF03.d.5AFEBE611F7D3DFE8E269876B2D58987.e.8848"}]}
COMMAND: GET /session/6cd8861519be2314cbde44996230575a/element/f.B713056A9316196A9232F0DF0934CF03.d.5AFEBE611F7D3DFE8E269876B2D58987.e.8848/enabled - {}
COMMAND: GET /session/6cd8861519be2314cbde44996230575a/screenshot - {}
RESULT: {}
COMMAND: POST /session/6cd8861519be2314cbde44996230575a/execute/sync - {"script":"<script> [8489 bytes]","args":[{"element-6066-11e4-a52e-4f735466cecf":"f.B713056A9316196A9232F0DF0934CF03.d.5AFEBE611F7D3DFE8E269876B2D58987.e.8848","ELEMENT":"f.B713056A9316196A9232F0DF0934CF03.d.5AFEBE611F7D3DFE8E269876B2D58987.e.8848"}]}
COMMAND: GET /session/6cd8861519be2314cbde44996230575a/screenshot - {}
RESULT: {}
RESULT: {"script":"<script> [8489 bytes]","args":[{"element-6066-11e4-a52e-4f735466cecf":"f.B713056A9316196A9232F0DF0934CF03.d.5AFEBE611F7D3DFE8E269876B2D58987.e.8848","ELEMENT":"f.B713056A9316196A9232F0DF0934CF03.d.5AFEBE611F7D3DFE8E269876B2D58987.e.8848"}]}
COMMAND: POST /session/6cd8861519be2314cbde44996230575a/execute/sync - {"script":"<script> [5351 bytes]","args":[{"element-6066-11e4-a52e-4f735466cecf":"f.B713056A9316196A9232F0DF0934CF03.d.5AFEBE611F7D3DFE8E269876B2D58987.e.8848","ELEMENT":"f.B713056A9316196A9232F0DF0934CF03.d.5AFEBE611F7D3DFE8E269876B2D58987.e.8848"}]}
COMMAND: GET /session/6cd8861519be2314cbde44996230575a/screenshot - {}
RESULT: {}
RESULT: {"script":"<script> [5351 bytes]","args":[{"element-6066-11e4-a52e-4f735466cecf":"f.B713056A9316196A9232F0DF0934CF03.d.5AFEBE611F7D3DFE8E269876B2D58987.e.8848","ELEMENT":"f.B713056A9316196A9232F0DF0934CF03.d.5AFEBE611F7D3DFE8E269876B2D58987.e.8848"}]}
COMMAND: POST /session/6cd8861519be2314cbde44996230575a/element/f.B713056A9316196A9232F0DF0934CF03.d.5AFEBE611F7D3DFE8E269876B2D58987.e.8848/click - {}
COMMAND: GET /session/6cd8861519be2314cbde44996230575a/screenshot - {}
RESULT: {}
RESULT: {}
COMMAND: GET /session/6cd8861519be2314cbde44996230575a/screenshot - {}
RESULT: {}
RESULT: {}
COMMAND: POST /session/6cd8861519be2314cbde44996230575a/element - {"using":"xpath","value":"//input[@id=\"application-manageyards-display-component---NewYard--yardId-inner\"]"}
RESULT: {"using":"xpath","value":"//input[@id=\"application-manageyards-display-component---NewYard--yardId-inner\"]"}
COMMAND: POST /session/6cd8861519be2314cbde44996230575a/element - {"using":"xpath","value":"//input[@id=\"application-manageyards-display-component---NewYard--yardId-inner\"]"}
RESULT: {"using":"xpath","value":"//input[@id=\"application-manageyards-display-component---NewYard--yardId-inner\"]"}
COMMAND: POST /session/6cd8861519be2314cbde44996230575a/execute/async - {"script":"<script> [1562 bytes]","args":[{"selector":{"id":"application-manageyards-display-component---NewYard--addressDetailDetailsName1","interaction":{"idSuffix":"inner"}},"wdio_ui5_key":"applicationmanageyards-display-component---NewYard--addressDetailDetailsName1"}]}
RESULT: {"script":"<script> [1562 bytes]","args":[{"selector":{"id":"application-manageyards-display-component---NewYard--addressDetailDetailsName1","interaction":{"idSuffix":"inner"}},"wdio_ui5_key":"applicationmanageyards-display-component---NewYard--addressDetailDetailsName1"}]}
RESULT: undefined
COMMAND: POST /session/6cd8861519be2314cbde44996230575a/execute/async - {"script":"<script> [776 bytes]","args":[{"enterText":"Intracompany Yard wdIO","selector":{"id":"application-manageyards-display-component---NewYard--addressDetailDetailsName1","interaction":{"idSuffix":"inner"}},"clearTextFirst":true,"interactionType":"ENTER_TEXT"}]}
RESULT: {"script":"<script> [776 bytes]","args":[{"enterText":"Intracompany Yard wdIO","selector":{"id":"application-manageyards-display-component---NewYard--addressDetailDetailsName1","interaction":{"idSuffix":"inner"}},"clearTextFirst":true,"interactionType":"ENTER_TEXT"}]}
COMMAND: POST /session/6cd8861519be2314cbde44996230575a/execute/async - {"script":"<script> [1562 bytes]","args":[{"selector":{"id":"application-manageyards-display-component---NewYard--addressDetailDetailsLanguage-arrow"},"wdio_ui5_key":"applicationmanageyards-display-component---NewYard--addressDetailDetailsLanguage-arrow"}]}
RESULT: {"script":"<script> [1562 bytes]","args":[{"selector":{"id":"application-manageyards-display-component---NewYard--addressDetailDetailsLanguage-arrow"},"wdio_ui5_key":"applicationmanageyards-display-component---NewYard--addressDetailDetailsLanguage-arrow"}]}
RESULT: undefined
COMMAND: POST /session/6cd8861519be2314cbde44996230575a/element - {"using":"xpath","value":"//*[@id=\"application-manageyards-display-component---NewYard--addressDetailDetailsLanguage-arrow\"]"}
RESULT: {"using":"xpath","value":"//*[@id=\"application-manageyards-display-component---NewYard--addressDetailDetailsLanguage-arrow\"]"}
COMMAND: POST /session/6cd8861519be2314cbde44996230575a/element/f.B713056A9316196A9232F0DF0934CF03.d.5AFEBE611F7D3DFE8E269876B2D58987.e.9159/click - {}
RESULT: {}
COMMAND: POST /session/6cd8861519be2314cbde44996230575a/element - {"using":"xpath","value":"//span[contains(text(), \"English\")]"}
COMMAND: GET /session/6cd8861519be2314cbde44996230575a/screenshot - {}
RESULT: {"using":"xpath","value":"//span[contains(text(), \"English\")]"}
COMMAND: POST /session/6cd8861519be2314cbde44996230575a/element/f.B713056A9316196A9232F0DF0934CF03.d.5AFEBE611F7D3DFE8E269876B2D58987.e.9160/click - {}
RESULT: {}
RESULT: {}
COMMAND: POST /session/6cd8861519be2314cbde44996230575a/execute/async - {"script":"<script> [1562 bytes]","args":[{"selector":{"id":"application-manageyards-display-component---NewYard--addressDetailDetailsCity1","interaction":{"idSuffix":"inner"}},"wdio_ui5_key":"applicationmanageyards-display-component---NewYard--addressDetailDetailsCity1"}]}
COMMAND: GET /session/6cd8861519be2314cbde44996230575a/screenshot - {}
RESULT: {"script":"<script> [1562 bytes]","args":[{"selector":{"id":"application-manageyards-display-component---NewYard--addressDetailDetailsCity1","interaction":{"idSuffix":"inner"}},"wdio_ui5_key":"applicationmanageyards-display-component---NewYard--addressDetailDetailsCity1"}]}
RESULT: undefined
COMMAND: POST /session/6cd8861519be2314cbde44996230575a/execute/async - {"script":"<script> [776 bytes]","args":[{"enterText":"Rosario","selector":{"id":"application-manageyards-display-component---NewYard--addressDetailDetailsCity1","interaction":{"idSuffix":"inner"}},"clearTextFirst":true,"interactionType":"ENTER_TEXT"}]}
RESULT: {}
RESULT: {"script":"<script> [776 bytes]","args":[{"enterText":"Rosario","selector":{"id":"application-manageyards-display-component---NewYard--addressDetailDetailsCity1","interaction":{"idSuffix":"inner"}},"clearTextFirst":true,"interactionType":"ENTER_TEXT"}]}
COMMAND: POST /session/6cd8861519be2314cbde44996230575a/execute/async - {"script":"<script> [1562 bytes]","args":[{"selector":{"id":"application-manageyards-display-component---NewYard--addressDetailDetailsCountry-arrow"},"wdio_ui5_key":"applicationmanageyards-display-component---NewYard--addressDetailDetailsCountry-arrow"}]}
RESULT: {"script":"<script> [1562 bytes]","args":[{"selector":{"id":"application-manageyards-display-component---NewYard--addressDetailDetailsCountry-arrow"},"wdio_ui5_key":"applicationmanageyards-display-component---NewYard--addressDetailDetailsCountry-arrow"}]}
RESULT: undefined
COMMAND: POST /session/6cd8861519be2314cbde44996230575a/element - {"using":"xpath","value":"//*[@id=\"application-manageyards-display-component---NewYard--addressDetailDetailsCountry-arrow\"]"}
RESULT: {"using":"xpath","value":"//*[@id=\"application-manageyards-display-component---NewYard--addressDetailDetailsCountry-arrow\"]"}
COMMAND: POST /session/6cd8861519be2314cbde44996230575a/element/f.B713056A9316196A9232F0DF0934CF03.d.5AFEBE611F7D3DFE8E269876B2D58987.e.9162/click - {}
RESULT: {}
COMMAND: POST /session/6cd8861519be2314cbde44996230575a/element - {"using":"xpath","value":"//span[contains(text(), \"Argentina\")]"}
COMMAND: GET /session/6cd8861519be2314cbde44996230575a/screenshot - {}
RESULT: {"using":"xpath","value":"//span[contains(text(), \"Argentina\")]"}
COMMAND: POST /session/6cd8861519be2314cbde44996230575a/element/f.B713056A9316196A9232F0DF0934CF03.d.5AFEBE611F7D3DFE8E269876B2D58987.e.9164/click - {}
RESULT: {}
RESULT: {}
COMMAND: POST /session/6cd8861519be2314cbde44996230575a/execute/async - {"script":"<script> [1562 bytes]","args":[{"selector":{"id":"application-manageyards-display-component---NewYard--addressEditDetailsCostObjectCstType-arrow"},"wdio_ui5_key":"applicationmanageyards-display-component---NewYard--addressEditDetailsCostObjectCstType-arrow"}]}
COMMAND: GET /session/6cd8861519be2314cbde44996230575a/screenshot - {}
RESULT: {"script":"<script> [1562 bytes]","args":[{"selector":{"id":"application-manageyards-display-component---NewYard--addressEditDetailsCostObjectCstType-arrow"},"wdio_ui5_key":"applicationmanageyards-display-component---NewYard--addressEditDetailsCostObjectCstType-arrow"}]}
RESULT: undefined
COMMAND: POST /session/6cd8861519be2314cbde44996230575a/element - {"using":"xpath","value":"//*[@id=\"application-manageyards-display-component---NewYard--addressEditDetailsCostObjectCstType-arrow\"]"}
RESULT: {}
RESULT: {"using":"xpath","value":"//*[@id=\"application-manageyards-display-component---NewYard--addressEditDetailsCostObjectCstType-arrow\"]"}
COMMAND: POST /session/6cd8861519be2314cbde44996230575a/element/f.B713056A9316196A9232F0DF0934CF03.d.5AFEBE611F7D3DFE8E269876B2D58987.e.9165/click - {}
RESULT: {}
COMMAND: POST /session/6cd8861519be2314cbde44996230575a/element - {"using":"xpath","value":"//span[contains(text(), \"Cost Center\")]"}
COMMAND: GET /session/6cd8861519be2314cbde44996230575a/screenshot - {}
RESULT: {"using":"xpath","value":"//span[contains(text(), \"Cost Center\")]"}
COMMAND: POST /session/6cd8861519be2314cbde44996230575a/element/f.B713056A9316196A9232F0DF0934CF03.d.5AFEBE611F7D3DFE8E269876B2D58987.e.9166/click - {}
RESULT: {}
RESULT: {}
COMMAND: GET /session/6cd8861519be2314cbde44996230575a/screenshot - {}
RESULT: {}
COMMAND: POST /session/6cd8861519be2314cbde44996230575a/element - {"using":"xpath","value":"//span[@id=\"application-manageyards-display-component---NewYard--addressNewCostObjectCstID-vhi\"]"}
RESULT: {"using":"xpath","value":"//span[@id=\"application-manageyards-display-component---NewYard--addressNewCostObjectCstID-vhi\"]"}
COMMAND: POST /session/6cd8861519be2314cbde44996230575a/execute/sync - {"script":"<script> [8489 bytes]","args":[{"element-6066-11e4-a52e-4f735466cecf":"f.B713056A9316196A9232F0DF0934CF03.d.5AFEBE611F7D3DFE8E269876B2D58987.e.9170","ELEMENT":"f.B713056A9316196A9232F0DF0934CF03.d.5AFEBE611F7D3DFE8E269876B2D58987.e.9170"}]}
RESULT: {"script":"<script> [8489 bytes]","args":[{"element-6066-11e4-a52e-4f735466cecf":"f.B713056A9316196A9232F0DF0934CF03.d.5AFEBE611F7D3DFE8E269876B2D58987.e.9170","ELEMENT":"f.B713056A9316196A9232F0DF0934CF03.d.5AFEBE611F7D3DFE8E269876B2D58987.e.9170"}]}
COMMAND: POST /session/6cd8861519be2314cbde44996230575a/execute/async - {"script":"<script> [1562 bytes]","args":[{"selector":{"id":"application-manageyards-display-component---NewYard--addressNewCostObjectCstID-vhi"},"wdio_ui5_key":"applicationmanageyards-display-component---NewYard--addressNewCostObjectCstID-vhi"}]}
COMMAND: GET /session/6cd8861519be2314cbde44996230575a/screenshot - {}
RESULT: {"script":"<script> [1562 bytes]","args":[{"selector":{"id":"application-manageyards-display-component---NewYard--addressNewCostObjectCstID-vhi"},"wdio_ui5_key":"applicationmanageyards-display-component---NewYard--addressNewCostObjectCstID-vhi"}]}
RESULT: undefined
COMMAND: POST /session/6cd8861519be2314cbde44996230575a/element - {"using":"xpath","value":"//*[@id=\"application-manageyards-display-component---NewYard--addressNewCostObjectCstID-vhi\"]"}
RESULT: {}
RESULT: {"using":"xpath","value":"//*[@id=\"application-manageyards-display-component---NewYard--addressNewCostObjectCstID-vhi\"]"}
COMMAND: POST /session/6cd8861519be2314cbde44996230575a/element/f.B713056A9316196A9232F0DF0934CF03.d.5AFEBE611F7D3DFE8E269876B2D58987.e.9170/click - {}
RESULT: {}
COMMAND: GET /session/6cd8861519be2314cbde44996230575a/screenshot - {}
COMMAND: POST /session/6cd8861519be2314cbde44996230575a/execute/async - {"script":"<script> [1562 bytes]","args":[{"selector":{"controlType":"sap.m.SearchField","properties":{"placeholder":"Search"},"searchOpenDialogs":true,"interaction":{"idSuffix":"I"}},"wdio_ui5_key":"sapm.SearchField{\"placeholder\":\"Search\"}"}]}
RESULT: {}
RESULT: {"script":"<script> [1562 bytes]","args":[{"selector":{"controlType":"sap.m.SearchField","properties":{"placeholder":"Search"},"searchOpenDialogs":true,"interaction":{"idSuffix":"I"}},"wdio_ui5_key":"sapm.SearchField{\"placeholder\":\"Search\"}"}]}
RESULT: undefined
COMMAND: POST /session/6cd8861519be2314cbde44996230575a/execute/async - {"script":"<script> [776 bytes]","args":[{"enterText":"bauh_b","selector":{"controlType":"sap.m.SearchField","properties":{"placeholder":"Search"},"searchOpenDialogs":true,"interaction":{"idSuffix":"I"}},"clearTextFirst":true,"interactionType":"ENTER_TEXT"}]}
RESULT: {"script":"<script> [776 bytes]","args":[{"enterText":"bauh_b","selector":{"controlType":"sap.m.SearchField","properties":{"placeholder":"Search"},"searchOpenDialogs":true,"interaction":{"idSuffix":"I"}},"clearTextFirst":true,"interactionType":"ENTER_TEXT"}]}
COMMAND: POST /session/6cd8861519be2314cbde44996230575a/actions - {"actions":[{"id":"action24","type":"key","parameters":{},"actions":[{"type":"keyDown","value":""},{"type":"pause","duration":10},{"type":"keyUp","value":""}]}]}
RESULT: {"actions":[{"id":"action24","type":"key","parameters":{},"actions":[{"type":"keyDown","value":""},{"type":"pause","duration":10},{"type":"keyUp","value":""}]}]}
COMMAND: GET /session/6cd8861519be2314cbde44996230575a/screenshot - {}
RESULT: {}
COMMAND: POST /session/6cd8861519be2314cbde44996230575a/element - {"using":"xpath","value":"//span[contains(text(), \"Demo Yard\")]"}
RESULT: {"using":"xpath","value":"//span[contains(text(), \"Demo Yard\")]"}
COMMAND: POST /session/6cd8861519be2314cbde44996230575a/element/f.B713056A9316196A9232F0DF0934CF03.d.5AFEBE611F7D3DFE8E269876B2D58987.e.9213/click - {}
RESULT: {}
COMMAND: GET /session/6cd8861519be2314cbde44996230575a/screenshot - {}
RESULT: {}
COMMAND: POST /session/6cd8861519be2314cbde44996230575a/element - {"using":"xpath","value":"//bdi[contains(text(), \"OK\")]"}
RESULT: {"using":"xpath","value":"//bdi[contains(text(), \"OK\")]"}
COMMAND: POST /session/6cd8861519be2314cbde44996230575a/element/f.B713056A9316196A9232F0DF0934CF03.d.5AFEBE611F7D3DFE8E269876B2D58987.e.9214/click - {}
RESULT: {}
COMMAND: GET /session/6cd8861519be2314cbde44996230575a/screenshot - {}
RESULT: {}
COMMAND: POST /session/6cd8861519be2314cbde44996230575a/execute/async - {"script":"<script> [1562 bytes]","args":[{"selector":{"id":"application-manageyards-display-component---NewYard--addressEditDetailsCurrency-arrow"},"wdio_ui5_key":"applicationmanageyards-display-component---NewYard--addressEditDetailsCurrency-arrow"}]}
RESULT: {"script":"<script> [1562 bytes]","args":[{"selector":{"id":"application-manageyards-display-component---NewYard--addressEditDetailsCurrency-arrow"},"wdio_ui5_key":"applicationmanageyards-display-component---NewYard--addressEditDetailsCurrency-arrow"}]}
RESULT: undefined
COMMAND: POST /session/6cd8861519be2314cbde44996230575a/element - {"using":"xpath","value":"//*[@id=\"application-manageyards-display-component---NewYard--addressEditDetailsCurrency-arrow\"]"}
RESULT: {"using":"xpath","value":"//*[@id=\"application-manageyards-display-component---NewYard--addressEditDetailsCurrency-arrow\"]"}
COMMAND: POST /session/6cd8861519be2314cbde44996230575a/element/f.B713056A9316196A9232F0DF0934CF03.d.5AFEBE611F7D3DFE8E269876B2D58987.e.9217/click - {}
RESULT: {}
COMMAND: POST /session/6cd8861519be2314cbde44996230575a/element - {"using":"xpath","value":"//span[contains(text(), \"Euro\")]"}
COMMAND: GET /session/6cd8861519be2314cbde44996230575a/screenshot - {}
RESULT: {"using":"xpath","value":"//span[contains(text(), \"Euro\")]"}
COMMAND: POST /session/6cd8861519be2314cbde44996230575a/element/f.B713056A9316196A9232F0DF0934CF03.d.5AFEBE611F7D3DFE8E269876B2D58987.e.9218/click - {}
RESULT: {}
RESULT: {}
COMMAND: POST /session/6cd8861519be2314cbde44996230575a/execute/async - {"script":"<script> [1562 bytes]","args":[{"selector":{"controlType":"sap.m.Input","viewName":"etm.portal.ui.manageyards.view.New","viewId":"application-manageyards-display-component---NewYard","bindingPath":{"path":"","propertyPath":"/CONTROLLING_AREA","modelName":"NewYardModel"},"interaction":{"idSuffix":"inner"}},"wdio_ui5_key":"etmportal.ui.manageyards.view.Newsap.m.Input{\"path\":\"\",\"propertyPath\":\"/CONTROLLING_AREA\",\"modelName\":\"NewYardModel\"}"}]}
COMMAND: GET /session/6cd8861519be2314cbde44996230575a/screenshot - {}
RESULT: {"script":"<script> [1562 bytes]","args":[{"selector":{"controlType":"sap.m.Input","viewName":"etm.portal.ui.manageyards.view.New","viewId":"application-manageyards-display-component---NewYard","bindingPath":{"path":"","propertyPath":"/CONTROLLING_AREA","modelName":"NewYardModel"},"interaction":{"idSuffix":"inner"}},"wdio_ui5_key":"etmportal.ui.manageyards.view.Newsap.m.Input{\"path\":\"\",\"propertyPath\":\"/CONTROLLING_AREA\",\"modelName\":\"NewYardModel\"}"}]}
RESULT: undefined
COMMAND: POST /session/6cd8861519be2314cbde44996230575a/execute/async - {"script":"<script> [776 bytes]","args":[{"enterText":"Z001","selector":{"controlType":"sap.m.Input","viewName":"etm.portal.ui.manageyards.view.New","viewId":"application-manageyards-display-component---NewYard","bindingPath":{"path":"","propertyPath":"/CONTROLLING_AREA","modelName":"NewYardModel"},"interaction":{"idSuffix":"inner"}},"clearTextFirst":true,"interactionType":"ENTER_TEXT"}]}
RESULT: {}
RESULT: {"script":"<script> [776 bytes]","args":[{"enterText":"Z001","selector":{"controlType":"sap.m.Input","viewName":"etm.portal.ui.manageyards.view.New","viewId":"application-manageyards-display-component---NewYard","bindingPath":{"path":"","propertyPath":"/CONTROLLING_AREA","modelName":"NewYardModel"},"interaction":{"idSuffix":"inner"}},"clearTextFirst":true,"interactionType":"ENTER_TEXT"}]}
COMMAND: POST /session/6cd8861519be2314cbde44996230575a/execute/async - {"script":"<script> [1562 bytes]","args":[{"selector":{"id":"application-manageyards-display-component---NewYard--companyCodeComboBox","interaction":{"idSuffix":"inner"}},"wdio_ui5_key":"applicationmanageyards-display-component---NewYard--companyCodeComboBox"}]}
RESULT: {"script":"<script> [1562 bytes]","args":[{"selector":{"id":"application-manageyards-display-component---NewYard--companyCodeComboBox","interaction":{"idSuffix":"inner"}},"wdio_ui5_key":"applicationmanageyards-display-component---NewYard--companyCodeComboBox"}]}
RESULT: undefined
COMMAND: POST /session/6cd8861519be2314cbde44996230575a/execute/async - {"script":"<script> [776 bytes]","args":[{"enterText":"1000","selector":{"id":"application-manageyards-display-component---NewYard--companyCodeComboBox","interaction":{"idSuffix":"inner"}},"clearTextFirst":true,"interactionType":"ENTER_TEXT"}]}
RESULT: {"script":"<script> [776 bytes]","args":[{"enterText":"1000","selector":{"id":"application-manageyards-display-component---NewYard--companyCodeComboBox","interaction":{"idSuffix":"inner"}},"clearTextFirst":true,"interactionType":"ENTER_TEXT"}]}
COMMAND: POST /session/6cd8861519be2314cbde44996230575a/execute/async - {"script":"<script> [1562 bytes]","args":[{"selector":{"controlType":"sap.m.Input","viewName":"etm.portal.ui.manageyards.view.New","viewId":"application-manageyards-display-component---NewYard","bindingPath":{"path":"","propertyPath":"/PLANT","modelName":"NewYardModel"},"interaction":{"idSuffix":"inner"}},"wdio_ui5_key":"etmportal.ui.manageyards.view.Newsap.m.Input{\"path\":\"\",\"propertyPath\":\"/PLANT\",\"modelName\":\"NewYardModel\"}"}]}
RESULT: {"script":"<script> [1562 bytes]","args":[{"selector":{"controlType":"sap.m.Input","viewName":"etm.portal.ui.manageyards.view.New","viewId":"application-manageyards-display-component---NewYard","bindingPath":{"path":"","propertyPath":"/PLANT","modelName":"NewYardModel"},"interaction":{"idSuffix":"inner"}},"wdio_ui5_key":"etmportal.ui.manageyards.view.Newsap.m.Input{\"path\":\"\",\"propertyPath\":\"/PLANT\",\"modelName\":\"NewYardModel\"}"}]}
RESULT: undefined
COMMAND: POST /session/6cd8861519be2314cbde44996230575a/execute/async - {"script":"<script> [776 bytes]","args":[{"enterText":"1001","selector":{"controlType":"sap.m.Input","viewName":"etm.portal.ui.manageyards.view.New","viewId":"application-manageyards-display-component---NewYard","bindingPath":{"path":"","propertyPath":"/PLANT","modelName":"NewYardModel"},"interaction":{"idSuffix":"inner"}},"clearTextFirst":true,"interactionType":"ENTER_TEXT"}]}
RESULT: {"script":"<script> [776 bytes]","args":[{"enterText":"1001","selector":{"controlType":"sap.m.Input","viewName":"etm.portal.ui.manageyards.view.New","viewId":"application-manageyards-display-component---NewYard","bindingPath":{"path":"","propertyPath":"/PLANT","modelName":"NewYardModel"},"interaction":{"idSuffix":"inner"}},"clearTextFirst":true,"interactionType":"ENTER_TEXT"}]}
COMMAND: POST /session/6cd8861519be2314cbde44996230575a/execute/async - {"script":"<script> [1562 bytes]","args":[{"selector":{"controlType":"sap.m.Input","viewName":"etm.portal.ui.manageyards.view.New","viewId":"application-manageyards-display-component---NewYard","bindingPath":{"path":"","propertyPath":"/SALES_AREA_VKORG","modelName":"NewYardModel"},"interaction":{"idSuffix":"inner"}},"wdio_ui5_key":"etmportal.ui.manageyards.view.Newsap.m.Input{\"path\":\"\",\"propertyPath\":\"/SALES_AREA_VKORG\",\"modelName\":\"NewYardModel\"}"}]}
RESULT: {"script":"<script> [1562 bytes]","args":[{"selector":{"controlType":"sap.m.Input","viewName":"etm.portal.ui.manageyards.view.New","viewId":"application-manageyards-display-component---NewYard","bindingPath":{"path":"","propertyPath":"/SALES_AREA_VKORG","modelName":"NewYardModel"},"interaction":{"idSuffix":"inner"}},"wdio_ui5_key":"etmportal.ui.manageyards.view.Newsap.m.Input{\"path\":\"\",\"propertyPath\":\"/SALES_AREA_VKORG\",\"modelName\":\"NewYardModel\"}"}]}
RESULT: undefined
COMMAND: POST /session/6cd8861519be2314cbde44996230575a/execute/async - {"script":"<script> [776 bytes]","args":[{"enterText":"C002","selector":{"controlType":"sap.m.Input","viewName":"etm.portal.ui.manageyards.view.New","viewId":"application-manageyards-display-component---NewYard","bindingPath":{"path":"","propertyPath":"/SALES_AREA_VKORG","modelName":"NewYardModel"},"interaction":{"idSuffix":"inner"}},"clearTextFirst":true,"interactionType":"ENTER_TEXT"}]}
RESULT: {"script":"<script> [776 bytes]","args":[{"enterText":"C002","selector":{"controlType":"sap.m.Input","viewName":"etm.portal.ui.manageyards.view.New","viewId":"application-manageyards-display-component---NewYard","bindingPath":{"path":"","propertyPath":"/SALES_AREA_VKORG","modelName":"NewYardModel"},"interaction":{"idSuffix":"inner"}},"clearTextFirst":true,"interactionType":"ENTER_TEXT"}]}
COMMAND: POST /session/6cd8861519be2314cbde44996230575a/execute/async - {"script":"<script> [1562 bytes]","args":[{"selector":{"controlType":"sap.m.Input","viewName":"etm.portal.ui.manageyards.view.New","viewId":"application-manageyards-display-component---NewYard","bindingPath":{"path":"","propertyPath":"/SALES_AREA_VTWEG","modelName":"NewYardModel"},"interaction":{"idSuffix":"inner"}},"wdio_ui5_key":"etmportal.ui.manageyards.view.Newsap.m.Input{\"path\":\"\",\"propertyPath\":\"/SALES_AREA_VTWEG\",\"modelName\":\"NewYardModel\"}"}]}
RESULT: {"script":"<script> [1562 bytes]","args":[{"selector":{"controlType":"sap.m.Input","viewName":"etm.portal.ui.manageyards.view.New","viewId":"application-manageyards-display-component---NewYard","bindingPath":{"path":"","propertyPath":"/SALES_AREA_VTWEG","modelName":"NewYardModel"},"interaction":{"idSuffix":"inner"}},"wdio_ui5_key":"etmportal.ui.manageyards.view.Newsap.m.Input{\"path\":\"\",\"propertyPath\":\"/SALES_AREA_VTWEG\",\"modelName\":\"NewYardModel\"}"}]}
RESULT: undefined
COMMAND: POST /session/6cd8861519be2314cbde44996230575a/execute/async - {"script":"<script> [776 bytes]","args":[{"enterText":"C2","selector":{"controlType":"sap.m.Input","viewName":"etm.portal.ui.manageyards.view.New","viewId":"application-manageyards-display-component---NewYard","bindingPath":{"path":"","propertyPath":"/SALES_AREA_VTWEG","modelName":"NewYardModel"},"interaction":{"idSuffix":"inner"}},"clearTextFirst":true,"interactionType":"ENTER_TEXT"}]}
RESULT: {"script":"<script> [776 bytes]","args":[{"enterText":"C2","selector":{"controlType":"sap.m.Input","viewName":"etm.portal.ui.manageyards.view.New","viewId":"application-manageyards-display-component---NewYard","bindingPath":{"path":"","propertyPath":"/SALES_AREA_VTWEG","modelName":"NewYardModel"},"interaction":{"idSuffix":"inner"}},"clearTextFirst":true,"interactionType":"ENTER_TEXT"}]}
COMMAND: POST /session/6cd8861519be2314cbde44996230575a/execute/async - {"script":"<script> [1562 bytes]","args":[{"selector":{"controlType":"sap.m.Input","viewName":"etm.portal.ui.manageyards.view.New","viewId":"application-manageyards-display-component---NewYard","bindingPath":{"path":"","propertyPath":"/SALES_AREA_SPART","modelName":"NewYardModel"},"interaction":{"idSuffix":"inner"}},"wdio_ui5_key":"etmportal.ui.manageyards.view.Newsap.m.Input{\"path\":\"\",\"propertyPath\":\"/SALES_AREA_SPART\",\"modelName\":\"NewYardModel\"}"}]}
RESULT: {"script":"<script> [1562 bytes]","args":[{"selector":{"controlType":"sap.m.Input","viewName":"etm.portal.ui.manageyards.view.New","viewId":"application-manageyards-display-component---NewYard","bindingPath":{"path":"","propertyPath":"/SALES_AREA_SPART","modelName":"NewYardModel"},"interaction":{"idSuffix":"inner"}},"wdio_ui5_key":"etmportal.ui.manageyards.view.Newsap.m.Input{\"path\":\"\",\"propertyPath\":\"/SALES_AREA_SPART\",\"modelName\":\"NewYardModel\"}"}]}
RESULT: undefined
COMMAND: POST /session/6cd8861519be2314cbde44996230575a/execute/async - {"script":"<script> [776 bytes]","args":[{"enterText":"C2","selector":{"controlType":"sap.m.Input","viewName":"etm.portal.ui.manageyards.view.New","viewId":"application-manageyards-display-component---NewYard","bindingPath":{"path":"","propertyPath":"/SALES_AREA_SPART","modelName":"NewYardModel"},"interaction":{"idSuffix":"inner"}},"clearTextFirst":true,"interactionType":"ENTER_TEXT"}]}
RESULT: {"script":"<script> [776 bytes]","args":[{"enterText":"C2","selector":{"controlType":"sap.m.Input","viewName":"etm.portal.ui.manageyards.view.New","viewId":"application-manageyards-display-component---NewYard","bindingPath":{"path":"","propertyPath":"/SALES_AREA_SPART","modelName":"NewYardModel"},"interaction":{"idSuffix":"inner"}},"clearTextFirst":true,"interactionType":"ENTER_TEXT"}]}
COMMAND: POST /session/6cd8861519be2314cbde44996230575a/execute/async - {"script":"<script> [1562 bytes]","args":[{"selector":{"controlType":"sap.m.Input","viewName":"etm.portal.ui.manageyards.view.New","viewId":"application-manageyards-display-component---NewYard","bindingPath":{"path":"","propertyPath":"/SHIP_POINT","modelName":"NewYardModel"},"interaction":{"idSuffix":"inner"}},"wdio_ui5_key":"etmportal.ui.manageyards.view.Newsap.m.Input{\"path\":\"\",\"propertyPath\":\"/SHIP_POINT\",\"modelName\":\"NewYardModel\"}"}]}
RESULT: {"script":"<script> [1562 bytes]","args":[{"selector":{"controlType":"sap.m.Input","viewName":"etm.portal.ui.manageyards.view.New","viewId":"application-manageyards-display-component---NewYard","bindingPath":{"path":"","propertyPath":"/SHIP_POINT","modelName":"NewYardModel"},"interaction":{"idSuffix":"inner"}},"wdio_ui5_key":"etmportal.ui.manageyards.view.Newsap.m.Input{\"path\":\"\",\"propertyPath\":\"/SHIP_POINT\",\"modelName\":\"NewYardModel\"}"}]}
RESULT: undefined
COMMAND: POST /session/6cd8861519be2314cbde44996230575a/execute/async - {"script":"<script> [776 bytes]","args":[{"enterText":"1710","selector":{"controlType":"sap.m.Input","viewName":"etm.portal.ui.manageyards.view.New","viewId":"application-manageyards-display-component---NewYard","bindingPath":{"path":"","propertyPath":"/SHIP_POINT","modelName":"NewYardModel"},"interaction":{"idSuffix":"inner"}},"clearTextFirst":true,"interactionType":"ENTER_TEXT"}]}
RESULT: {"script":"<script> [776 bytes]","args":[{"enterText":"1710","selector":{"controlType":"sap.m.Input","viewName":"etm.portal.ui.manageyards.view.New","viewId":"application-manageyards-display-component---NewYard","bindingPath":{"path":"","propertyPath":"/SHIP_POINT","modelName":"NewYardModel"},"interaction":{"idSuffix":"inner"}},"clearTextFirst":true,"interactionType":"ENTER_TEXT"}]}
COMMAND: POST /session/6cd8861519be2314cbde44996230575a/execute/async - {"script":"<script> [1562 bytes]","args":[{"selector":{"controlType":"sap.m.Input","viewName":"etm.portal.ui.manageyards.view.New","viewId":"application-manageyards-display-component---NewYard","bindingPath":{"path":"","propertyPath":"/DELIVERY_TYPE","modelName":"NewYardModel"},"interaction":{"idSuffix":"inner"}},"wdio_ui5_key":"etmportal.ui.manageyards.view.Newsap.m.Input{\"path\":\"\",\"propertyPath\":\"/DELIVERY_TYPE\",\"modelName\":\"NewYardModel\"}"}]}
RESULT: {"script":"<script> [1562 bytes]","args":[{"selector":{"controlType":"sap.m.Input","viewName":"etm.portal.ui.manageyards.view.New","viewId":"application-manageyards-display-component---NewYard","bindingPath":{"path":"","propertyPath":"/DELIVERY_TYPE","modelName":"NewYardModel"},"interaction":{"idSuffix":"inner"}},"wdio_ui5_key":"etmportal.ui.manageyards.view.Newsap.m.Input{\"path\":\"\",\"propertyPath\":\"/DELIVERY_TYPE\",\"modelName\":\"NewYardModel\"}"}]}
RESULT: undefined
COMMAND: POST /session/6cd8861519be2314cbde44996230575a/execute/async - {"script":"<script> [776 bytes]","args":[{"enterText":"ZL01","selector":{"controlType":"sap.m.Input","viewName":"etm.portal.ui.manageyards.view.New","viewId":"application-manageyards-display-component---NewYard","bindingPath":{"path":"","propertyPath":"/DELIVERY_TYPE","modelName":"NewYardModel"},"interaction":{"idSuffix":"inner"}},"clearTextFirst":true,"interactionType":"ENTER_TEXT"}]}
RESULT: {"script":"<script> [776 bytes]","args":[{"enterText":"ZL01","selector":{"controlType":"sap.m.Input","viewName":"etm.portal.ui.manageyards.view.New","viewId":"application-manageyards-display-component---NewYard","bindingPath":{"path":"","propertyPath":"/DELIVERY_TYPE","modelName":"NewYardModel"},"interaction":{"idSuffix":"inner"}},"clearTextFirst":true,"interactionType":"ENTER_TEXT"}]}
COMMAND: POST /session/6cd8861519be2314cbde44996230575a/execute/async - {"script":"<script> [1562 bytes]","args":[{"selector":{"controlType":"sap.m.Input","viewName":"etm.portal.ui.manageyards.view.New","viewId":"application-manageyards-display-component---NewYard","bindingPath":{"path":"","propertyPath":"/AUART","modelName":"NewYardModel"},"interaction":{"idSuffix":"inner"}},"wdio_ui5_key":"etmportal.ui.manageyards.view.Newsap.m.Input{\"path\":\"\",\"propertyPath\":\"/AUART\",\"modelName\":\"NewYardModel\"}"}]}
RESULT: {"script":"<script> [1562 bytes]","args":[{"selector":{"controlType":"sap.m.Input","viewName":"etm.portal.ui.manageyards.view.New","viewId":"application-manageyards-display-component---NewYard","bindingPath":{"path":"","propertyPath":"/AUART","modelName":"NewYardModel"},"interaction":{"idSuffix":"inner"}},"wdio_ui5_key":"etmportal.ui.manageyards.view.Newsap.m.Input{\"path\":\"\",\"propertyPath\":\"/AUART\",\"modelName\":\"NewYardModel\"}"}]}
RESULT: undefined
COMMAND: POST /session/6cd8861519be2314cbde44996230575a/execute/async - {"script":"<script> [776 bytes]","args":[{"enterText":"TA","selector":{"controlType":"sap.m.Input","viewName":"etm.portal.ui.manageyards.view.New","viewId":"application-manageyards-display-component---NewYard","bindingPath":{"path":"","propertyPath":"/AUART","modelName":"NewYardModel"},"interaction":{"idSuffix":"inner"}},"clearTextFirst":true,"interactionType":"ENTER_TEXT"}]}
RESULT: {"script":"<script> [776 bytes]","args":[{"enterText":"TA","selector":{"controlType":"sap.m.Input","viewName":"etm.portal.ui.manageyards.view.New","viewId":"application-manageyards-display-component---NewYard","bindingPath":{"path":"","propertyPath":"/AUART","modelName":"NewYardModel"},"interaction":{"idSuffix":"inner"}},"clearTextFirst":true,"interactionType":"ENTER_TEXT"}]}
COMMAND: POST /session/6cd8861519be2314cbde44996230575a/element - {"using":"xpath","value":"//button[@data-kt=\"newYardSaveButton\"]"}
RESULT: {"using":"xpath","value":"//button[@data-kt=\"newYardSaveButton\"]"}
COMMAND: POST /session/6cd8861519be2314cbde44996230575a/element/f.B713056A9316196A9232F0DF0934CF03.d.5AFEBE611F7D3DFE8E269876B2D58987.e.9143/click - {}
RESULT: {}
COMMAND: GET /session/6cd8861519be2314cbde44996230575a/screenshot - {}
RESULT: {}
COMMAND: POST /session/6cd8861519be2314cbde44996230575a/element - {"using":"xpath","value":"//header[contains(@id, 'ObjectPageLayout-headerTitle')]/div[1]/div[2]/div[1]/span[1]"}
RESULT: {"using":"xpath","value":"//header[contains(@id, 'ObjectPageLayout-headerTitle')]/div[1]/div[2]/div[1]/span[1]"}
COMMAND: POST /session/6cd8861519be2314cbde44996230575a/elements - {"using":"xpath","value":"//header[contains(@id, 'ObjectPageLayout-headerTitle')]/div[1]/div[2]/div[1]/span[1]"}
RESULT: {"using":"xpath","value":"//header[contains(@id, 'ObjectPageLayout-headerTitle')]/div[1]/div[2]/div[1]/span[1]"}
COMMAND: POST /session/6cd8861519be2314cbde44996230575a/execute/sync - {"script":"<script> [56 bytes]","args":[{"element-6066-11e4-a52e-4f735466cecf":"f.B713056A9316196A9232F0DF0934CF03.d.5AFEBE611F7D3DFE8E269876B2D58987.e.9435","ELEMENT":"f.B713056A9316196A9232F0DF0934CF03.d.5AFEBE611F7D3DFE8E269876B2D58987.e.9435"}]}
RESULT: {"script":"<script> [56 bytes]","args":[{"element-6066-11e4-a52e-4f735466cecf":"f.B713056A9316196A9232F0DF0934CF03.d.5AFEBE611F7D3DFE8E269876B2D58987.e.9435","ELEMENT":"f.B713056A9316196A9232F0DF0934CF03.d.5AFEBE611F7D3DFE8E269876B2D58987.e.9435"}]}
COMMAND: GET /session/6cd8861519be2314cbde44996230575a/screenshot - {}
RESULT: {}
COMMAND: POST /session/6cd8861519be2314cbde44996230575a/element - {"using":"css selector","value":"#shell-header-logo"}
RESULT: {"using":"css selector","value":"#shell-header-logo"}
COMMAND: POST /session/6cd8861519be2314cbde44996230575a/element/f.B713056A9316196A9232F0DF0934CF03.d.5AFEBE611F7D3DFE8E269876B2D58987.e.8707/click - {}
RESULT: {}
COMMAND: GET /session/6cd8861519be2314cbde44996230575a/screenshot - {}
RESULT: {}
COMMAND: POST /session/6cd8861519be2314cbde44996230575a/execute/sync - {"script":"<script> [299 bytes]","args":[["getModel","getResource"]]}
RESULT: {"script":"<script> [299 bytes]","args":[["getModel","getResource"]]}
COMMAND: GET /session/6cd8861519be2314cbde44996230575a/screenshot - {}
]]></system-out>
    </testcase>
    <testcase classname="chrome.136_0_7103_93.windows.Billing_Transfer_-_Intracompany_US127249" name="Should create a new partner" time="147.949">
      <system-out><![CDATA[
COMMAND: POST /session/6cd8861519be2314cbde44996230575a/window/fullscreen - {}
RESULT: {}
RESULT: {}
COMMAND: POST /session/6cd8861519be2314cbde44996230575a/execute/async - {"script":"<script> [1562 bytes]","args":[{"selector":{"controlType":"sap.m.GenericTile","properties":{"header":"Manage Partners"}},"wdio_ui5_key":"sapm.GenericTile{\"header\":\"Manage Partners\"}"}]}
RESULT: {"script":"<script> [1562 bytes]","args":[{"selector":{"controlType":"sap.m.GenericTile","properties":{"header":"Manage Partners"}},"wdio_ui5_key":"sapm.GenericTile{\"header\":\"Manage Partners\"}"}]}
RESULT: undefined
COMMAND: POST /session/6cd8861519be2314cbde44996230575a/element - {"using":"xpath","value":"//*[@id=\"__tile38\"]"}
RESULT: {"using":"xpath","value":"//*[@id=\"__tile38\"]"}
COMMAND: POST /session/6cd8861519be2314cbde44996230575a/element/f.B713056A9316196A9232F0DF0934CF03.d.5AFEBE611F7D3DFE8E269876B2D58987.e.8594/click - {}
RESULT: {}
COMMAND: GET /session/6cd8861519be2314cbde44996230575a/screenshot - {}
RESULT: {}
COMMAND: POST /session/6cd8861519be2314cbde44996230575a/elements - {"using":"xpath","value":"//span[text()='Error']"}
RESULT: {"using":"xpath","value":"//span[text()='Error']"}
COMMAND: POST /session/6cd8861519be2314cbde44996230575a/element - {"using":"xpath","value":"//button[@data-kt=\"addButton\"]"}
RESULT: {"using":"xpath","value":"//button[@data-kt=\"addButton\"]"}
COMMAND: POST /session/6cd8861519be2314cbde44996230575a/elements - {"using":"xpath","value":"//button[@data-kt=\"addButton\"]"}
RESULT: {"using":"xpath","value":"//button[@data-kt=\"addButton\"]"}
COMMAND: POST /session/6cd8861519be2314cbde44996230575a/execute/sync - {"script":"<script> [8489 bytes]","args":[{"element-6066-11e4-a52e-4f735466cecf":"f.B713056A9316196A9232F0DF0934CF03.d.5AFEBE611F7D3DFE8E269876B2D58987.e.9483","ELEMENT":"f.B713056A9316196A9232F0DF0934CF03.d.5AFEBE611F7D3DFE8E269876B2D58987.e.9483"}]}
RESULT: {"script":"<script> [8489 bytes]","args":[{"element-6066-11e4-a52e-4f735466cecf":"f.B713056A9316196A9232F0DF0934CF03.d.5AFEBE611F7D3DFE8E269876B2D58987.e.9483","ELEMENT":"f.B713056A9316196A9232F0DF0934CF03.d.5AFEBE611F7D3DFE8E269876B2D58987.e.9483"}]}
COMMAND: GET /session/6cd8861519be2314cbde44996230575a/element/f.B713056A9316196A9232F0DF0934CF03.d.5AFEBE611F7D3DFE8E269876B2D58987.e.9483/enabled - {}
COMMAND: GET /session/6cd8861519be2314cbde44996230575a/screenshot - {}
RESULT: {}
COMMAND: POST /session/6cd8861519be2314cbde44996230575a/execute/sync - {"script":"<script> [8489 bytes]","args":[{"element-6066-11e4-a52e-4f735466cecf":"f.B713056A9316196A9232F0DF0934CF03.d.5AFEBE611F7D3DFE8E269876B2D58987.e.9483","ELEMENT":"f.B713056A9316196A9232F0DF0934CF03.d.5AFEBE611F7D3DFE8E269876B2D58987.e.9483"}]}
COMMAND: GET /session/6cd8861519be2314cbde44996230575a/screenshot - {}
RESULT: {}
RESULT: {"script":"<script> [8489 bytes]","args":[{"element-6066-11e4-a52e-4f735466cecf":"f.B713056A9316196A9232F0DF0934CF03.d.5AFEBE611F7D3DFE8E269876B2D58987.e.9483","ELEMENT":"f.B713056A9316196A9232F0DF0934CF03.d.5AFEBE611F7D3DFE8E269876B2D58987.e.9483"}]}
COMMAND: POST /session/6cd8861519be2314cbde44996230575a/execute/sync - {"script":"<script> [5351 bytes]","args":[{"element-6066-11e4-a52e-4f735466cecf":"f.B713056A9316196A9232F0DF0934CF03.d.5AFEBE611F7D3DFE8E269876B2D58987.e.9483","ELEMENT":"f.B713056A9316196A9232F0DF0934CF03.d.5AFEBE611F7D3DFE8E269876B2D58987.e.9483"}]}
COMMAND: GET /session/6cd8861519be2314cbde44996230575a/screenshot - {}
RESULT: {}
RESULT: {"script":"<script> [5351 bytes]","args":[{"element-6066-11e4-a52e-4f735466cecf":"f.B713056A9316196A9232F0DF0934CF03.d.5AFEBE611F7D3DFE8E269876B2D58987.e.9483","ELEMENT":"f.B713056A9316196A9232F0DF0934CF03.d.5AFEBE611F7D3DFE8E269876B2D58987.e.9483"}]}
COMMAND: POST /session/6cd8861519be2314cbde44996230575a/element/f.B713056A9316196A9232F0DF0934CF03.d.5AFEBE611F7D3DFE8E269876B2D58987.e.9483/click - {}
COMMAND: GET /session/6cd8861519be2314cbde44996230575a/screenshot - {}
RESULT: {}
RESULT: {}
COMMAND: GET /session/6cd8861519be2314cbde44996230575a/screenshot - {}
COMMAND: POST /session/6cd8861519be2314cbde44996230575a/execute/async - {"script":"<script> [1562 bytes]","args":[{"selector":{"id":"application-managepartners-display-component---NewPartner--addressDetailDetailsName1","interaction":{"idSuffix":"inner"}},"wdio_ui5_key":"applicationmanagepartners-display-component---NewPartner--addressDetailDetailsName1"}]}
RESULT: {}
RESULT: {}
RESULT: {"script":"<script> [1562 bytes]","args":[{"selector":{"id":"application-managepartners-display-component---NewPartner--addressDetailDetailsName1","interaction":{"idSuffix":"inner"}},"wdio_ui5_key":"applicationmanagepartners-display-component---NewPartner--addressDetailDetailsName1"}]}
RESULT: undefined
COMMAND: POST /session/6cd8861519be2314cbde44996230575a/execute/async - {"script":"<script> [776 bytes]","args":[{"enterText":"Intracompany Partner WDIO","selector":{"id":"application-managepartners-display-component---NewPartner--addressDetailDetailsName1","interaction":{"idSuffix":"inner"}},"clearTextFirst":true,"interactionType":"ENTER_TEXT"}]}
RESULT: {"script":"<script> [776 bytes]","args":[{"enterText":"Intracompany Partner WDIO","selector":{"id":"application-managepartners-display-component---NewPartner--addressDetailDetailsName1","interaction":{"idSuffix":"inner"}},"clearTextFirst":true,"interactionType":"ENTER_TEXT"}]}
COMMAND: POST /session/6cd8861519be2314cbde44996230575a/execute/async - {"script":"<script> [1562 bytes]","args":[{"selector":{"id":"application-managepartners-display-component---NewPartner--addressDetailDetailsLanguage-arrow"},"wdio_ui5_key":"applicationmanagepartners-display-component---NewPartner--addressDetailDetailsLanguage-arrow"}]}
RESULT: {"script":"<script> [1562 bytes]","args":[{"selector":{"id":"application-managepartners-display-component---NewPartner--addressDetailDetailsLanguage-arrow"},"wdio_ui5_key":"applicationmanagepartners-display-component---NewPartner--addressDetailDetailsLanguage-arrow"}]}
RESULT: undefined
COMMAND: POST /session/6cd8861519be2314cbde44996230575a/element - {"using":"xpath","value":"//*[@id=\"application-managepartners-display-component---NewPartner--addressDetailDetailsLanguage-arrow\"]"}
RESULT: {"using":"xpath","value":"//*[@id=\"application-managepartners-display-component---NewPartner--addressDetailDetailsLanguage-arrow\"]"}
COMMAND: POST /session/6cd8861519be2314cbde44996230575a/element/f.B713056A9316196A9232F0DF0934CF03.d.5AFEBE611F7D3DFE8E269876B2D58987.e.9884/click - {}
RESULT: {}
COMMAND: POST /session/6cd8861519be2314cbde44996230575a/element - {"using":"xpath","value":"//span[contains(text(), \"English\")]"}
COMMAND: GET /session/6cd8861519be2314cbde44996230575a/screenshot - {}
RESULT: {"using":"xpath","value":"//span[contains(text(), \"English\")]"}
COMMAND: POST /session/6cd8861519be2314cbde44996230575a/element/f.B713056A9316196A9232F0DF0934CF03.d.5AFEBE611F7D3DFE8E269876B2D58987.e.9885/click - {}
RESULT: {}
RESULT: {}
COMMAND: GET /session/6cd8861519be2314cbde44996230575a/screenshot - {}
RESULT: {}
COMMAND: POST /session/6cd8861519be2314cbde44996230575a/execute/async - {"script":"<script> [1562 bytes]","args":[{"selector":{"id":"application-managepartners-display-component---NewPartner--addressDetailDetailsCity1","interaction":{"idSuffix":"inner"}},"wdio_ui5_key":"applicationmanagepartners-display-component---NewPartner--addressDetailDetailsCity1"}]}
RESULT: {"script":"<script> [1562 bytes]","args":[{"selector":{"id":"application-managepartners-display-component---NewPartner--addressDetailDetailsCity1","interaction":{"idSuffix":"inner"}},"wdio_ui5_key":"applicationmanagepartners-display-component---NewPartner--addressDetailDetailsCity1"}]}
RESULT: undefined
COMMAND: POST /session/6cd8861519be2314cbde44996230575a/execute/async - {"script":"<script> [776 bytes]","args":[{"enterText":"Rosario","selector":{"id":"application-managepartners-display-component---NewPartner--addressDetailDetailsCity1","interaction":{"idSuffix":"inner"}},"clearTextFirst":true,"interactionType":"ENTER_TEXT"}]}
RESULT: {"script":"<script> [776 bytes]","args":[{"enterText":"Rosario","selector":{"id":"application-managepartners-display-component---NewPartner--addressDetailDetailsCity1","interaction":{"idSuffix":"inner"}},"clearTextFirst":true,"interactionType":"ENTER_TEXT"}]}
COMMAND: POST /session/6cd8861519be2314cbde44996230575a/execute/async - {"script":"<script> [1562 bytes]","args":[{"selector":{"id":"application-managepartners-display-component---NewPartner--addressDetailDetailsCountry-arrow"},"wdio_ui5_key":"applicationmanagepartners-display-component---NewPartner--addressDetailDetailsCountry-arrow"}]}
RESULT: {"script":"<script> [1562 bytes]","args":[{"selector":{"id":"application-managepartners-display-component---NewPartner--addressDetailDetailsCountry-arrow"},"wdio_ui5_key":"applicationmanagepartners-display-component---NewPartner--addressDetailDetailsCountry-arrow"}]}
RESULT: undefined
COMMAND: POST /session/6cd8861519be2314cbde44996230575a/element - {"using":"xpath","value":"//*[@id=\"application-managepartners-display-component---NewPartner--addressDetailDetailsCountry-arrow\"]"}
RESULT: {"using":"xpath","value":"//*[@id=\"application-managepartners-display-component---NewPartner--addressDetailDetailsCountry-arrow\"]"}
COMMAND: POST /session/6cd8861519be2314cbde44996230575a/element/f.B713056A9316196A9232F0DF0934CF03.d.5AFEBE611F7D3DFE8E269876B2D58987.e.9859/click - {}
RESULT: {}
COMMAND: POST /session/6cd8861519be2314cbde44996230575a/element - {"using":"xpath","value":"//span[contains(text(), \"Argentina\")]"}
COMMAND: GET /session/6cd8861519be2314cbde44996230575a/screenshot - {}
RESULT: {"using":"xpath","value":"//span[contains(text(), \"Argentina\")]"}
COMMAND: POST /session/6cd8861519be2314cbde44996230575a/element/f.B713056A9316196A9232F0DF0934CF03.d.5AFEBE611F7D3DFE8E269876B2D58987.e.9887/click - {}
RESULT: {}
RESULT: {}
COMMAND: GET /session/6cd8861519be2314cbde44996230575a/screenshot - {}
RESULT: {}
COMMAND: POST /session/6cd8861519be2314cbde44996230575a/element - {"using":"xpath","value":"//bdi[contains(text(), \"Commercial\")]"}
RESULT: {"using":"xpath","value":"//bdi[contains(text(), \"Commercial\")]"}
COMMAND: POST /session/6cd8861519be2314cbde44996230575a/element/f.B713056A9316196A9232F0DF0934CF03.d.5AFEBE611F7D3DFE8E269876B2D58987.e.9888/click - {}
RESULT: {}
COMMAND: GET /session/6cd8861519be2314cbde44996230575a/screenshot - {}
RESULT: {}
COMMAND: POST /session/6cd8861519be2314cbde44996230575a/execute/async - {"script":"<script> [1562 bytes]","args":[{"selector":{"id":"application-managepartners-display-component---NewPartner--partnerDetailInternal-arrow"},"wdio_ui5_key":"applicationmanagepartners-display-component---NewPartner--partnerDetailInternal-arrow"}]}
RESULT: {"script":"<script> [1562 bytes]","args":[{"selector":{"id":"application-managepartners-display-component---NewPartner--partnerDetailInternal-arrow"},"wdio_ui5_key":"applicationmanagepartners-display-component---NewPartner--partnerDetailInternal-arrow"}]}
RESULT: undefined
COMMAND: POST /session/6cd8861519be2314cbde44996230575a/element - {"using":"xpath","value":"//*[@id=\"application-managepartners-display-component---NewPartner--partnerDetailInternal-arrow\"]"}
RESULT: {"using":"xpath","value":"//*[@id=\"application-managepartners-display-component---NewPartner--partnerDetailInternal-arrow\"]"}
COMMAND: POST /session/6cd8861519be2314cbde44996230575a/element/f.B713056A9316196A9232F0DF0934CF03.d.5AFEBE611F7D3DFE8E269876B2D58987.e.9894/click - {}
RESULT: {}
COMMAND: POST /session/6cd8861519be2314cbde44996230575a/element - {"using":"xpath","value":"//span[contains(text(), \"Affiliated company\")]"}
COMMAND: GET /session/6cd8861519be2314cbde44996230575a/screenshot - {}
RESULT: {"using":"xpath","value":"//span[contains(text(), \"Affiliated company\")]"}
COMMAND: POST /session/6cd8861519be2314cbde44996230575a/element/f.B713056A9316196A9232F0DF0934CF03.d.5AFEBE611F7D3DFE8E269876B2D58987.e.9895/click - {}
RESULT: {}
RESULT: {}
COMMAND: POST /session/6cd8861519be2314cbde44996230575a/execute/async - {"script":"<script> [1562 bytes]","args":[{"selector":{"id":"application-managepartners-display-component---NewPartner--partnerDetailsCurrency-arrow"},"wdio_ui5_key":"applicationmanagepartners-display-component---NewPartner--partnerDetailsCurrency-arrow"}]}
COMMAND: GET /session/6cd8861519be2314cbde44996230575a/screenshot - {}
RESULT: {"script":"<script> [1562 bytes]","args":[{"selector":{"id":"application-managepartners-display-component---NewPartner--partnerDetailsCurrency-arrow"},"wdio_ui5_key":"applicationmanagepartners-display-component---NewPartner--partnerDetailsCurrency-arrow"}]}
RESULT: undefined
COMMAND: POST /session/6cd8861519be2314cbde44996230575a/element - {"using":"xpath","value":"//*[@id=\"application-managepartners-display-component---NewPartner--partnerDetailsCurrency-arrow\"]"}
RESULT: {}
RESULT: {"using":"xpath","value":"//*[@id=\"application-managepartners-display-component---NewPartner--partnerDetailsCurrency-arrow\"]"}
COMMAND: POST /session/6cd8861519be2314cbde44996230575a/element/f.B713056A9316196A9232F0DF0934CF03.d.5AFEBE611F7D3DFE8E269876B2D58987.e.9902/click - {}
RESULT: {}
COMMAND: POST /session/6cd8861519be2314cbde44996230575a/element - {"using":"xpath","value":"//span[contains(text(), \"Euro\")]"}
COMMAND: GET /session/6cd8861519be2314cbde44996230575a/screenshot - {}
RESULT: {"using":"xpath","value":"//span[contains(text(), \"Euro\")]"}
COMMAND: POST /session/6cd8861519be2314cbde44996230575a/element/f.B713056A9316196A9232F0DF0934CF03.d.5AFEBE611F7D3DFE8E269876B2D58987.e.9903/click - {}
RESULT: {}
RESULT: {}
COMMAND: POST /session/6cd8861519be2314cbde44996230575a/execute/async - {"script":"<script> [1562 bytes]","args":[{"selector":{"id":"application-managepartners-display-component---NewPartner--addressEditDetailsCostObjectCstType-arrow"},"wdio_ui5_key":"applicationmanagepartners-display-component---NewPartner--addressEditDetailsCostObjectCstType-arrow"}]}
COMMAND: GET /session/6cd8861519be2314cbde44996230575a/screenshot - {}
RESULT: {"script":"<script> [1562 bytes]","args":[{"selector":{"id":"application-managepartners-display-component---NewPartner--addressEditDetailsCostObjectCstType-arrow"},"wdio_ui5_key":"applicationmanagepartners-display-component---NewPartner--addressEditDetailsCostObjectCstType-arrow"}]}
RESULT: undefined
COMMAND: POST /session/6cd8861519be2314cbde44996230575a/element - {"using":"xpath","value":"//*[@id=\"application-managepartners-display-component---NewPartner--addressEditDetailsCostObjectCstType-arrow\"]"}
RESULT: {}
RESULT: {"using":"xpath","value":"//*[@id=\"application-managepartners-display-component---NewPartner--addressEditDetailsCostObjectCstType-arrow\"]"}
COMMAND: POST /session/6cd8861519be2314cbde44996230575a/element/f.B713056A9316196A9232F0DF0934CF03.d.5AFEBE611F7D3DFE8E269876B2D58987.e.9904/click - {}
RESULT: {}
COMMAND: POST /session/6cd8861519be2314cbde44996230575a/element - {"using":"xpath","value":"//span[contains(text(), \"Cost Center\")]"}
COMMAND: GET /session/6cd8861519be2314cbde44996230575a/screenshot - {}
RESULT: {"using":"xpath","value":"//span[contains(text(), \"Cost Center\")]"}
COMMAND: POST /session/6cd8861519be2314cbde44996230575a/element/f.B713056A9316196A9232F0DF0934CF03.d.5AFEBE611F7D3DFE8E269876B2D58987.e.9905/click - {}
RESULT: {}
RESULT: {}
COMMAND: GET /session/6cd8861519be2314cbde44996230575a/screenshot - {}
RESULT: {}
COMMAND: POST /session/6cd8861519be2314cbde44996230575a/element - {"using":"xpath","value":"//span[@id=\"application-managepartners-display-component---NewPartner--addressNewCostObjectCstID-vhi\"]"}
RESULT: {"using":"xpath","value":"//span[@id=\"application-managepartners-display-component---NewPartner--addressNewCostObjectCstID-vhi\"]"}
COMMAND: POST /session/6cd8861519be2314cbde44996230575a/execute/sync - {"script":"<script> [8489 bytes]","args":[{"element-6066-11e4-a52e-4f735466cecf":"f.B713056A9316196A9232F0DF0934CF03.d.5AFEBE611F7D3DFE8E269876B2D58987.e.9909","ELEMENT":"f.B713056A9316196A9232F0DF0934CF03.d.5AFEBE611F7D3DFE8E269876B2D58987.e.9909"}]}
RESULT: {"script":"<script> [8489 bytes]","args":[{"element-6066-11e4-a52e-4f735466cecf":"f.B713056A9316196A9232F0DF0934CF03.d.5AFEBE611F7D3DFE8E269876B2D58987.e.9909","ELEMENT":"f.B713056A9316196A9232F0DF0934CF03.d.5AFEBE611F7D3DFE8E269876B2D58987.e.9909"}]}
COMMAND: POST /session/6cd8861519be2314cbde44996230575a/execute/async - {"script":"<script> [1562 bytes]","args":[{"selector":{"id":"application-managepartners-display-component---NewPartner--addressNewCostObjectCstID-vhi"},"wdio_ui5_key":"applicationmanagepartners-display-component---NewPartner--addressNewCostObjectCstID-vhi"}]}
COMMAND: GET /session/6cd8861519be2314cbde44996230575a/screenshot - {}
RESULT: {"script":"<script> [1562 bytes]","args":[{"selector":{"id":"application-managepartners-display-component---NewPartner--addressNewCostObjectCstID-vhi"},"wdio_ui5_key":"applicationmanagepartners-display-component---NewPartner--addressNewCostObjectCstID-vhi"}]}
RESULT: undefined
COMMAND: POST /session/6cd8861519be2314cbde44996230575a/element - {"using":"xpath","value":"//*[@id=\"application-managepartners-display-component---NewPartner--addressNewCostObjectCstID-vhi\"]"}
RESULT: {}
RESULT: {"using":"xpath","value":"//*[@id=\"application-managepartners-display-component---NewPartner--addressNewCostObjectCstID-vhi\"]"}
COMMAND: POST /session/6cd8861519be2314cbde44996230575a/element/f.B713056A9316196A9232F0DF0934CF03.d.5AFEBE611F7D3DFE8E269876B2D58987.e.9909/click - {}
RESULT: {}
COMMAND: GET /session/6cd8861519be2314cbde44996230575a/screenshot - {}
RESULT: {}
RESULT: undefined
COMMAND: POST /session/6cd8861519be2314cbde44996230575a/execute/async - {"script":"<script> [776 bytes]","args":[{"enterText":"10001013","selector":{"controlType":"sap.m.SearchField","properties":{"placeholder":"Search"},"searchOpenDialogs":true,"interaction":{"idSuffix":"I"}},"clearTextFirst":true,"interactionType":"ENTER_TEXT"}]}
RESULT: {"script":"<script> [776 bytes]","args":[{"enterText":"10001013","selector":{"controlType":"sap.m.SearchField","properties":{"placeholder":"Search"},"searchOpenDialogs":true,"interaction":{"idSuffix":"I"}},"clearTextFirst":true,"interactionType":"ENTER_TEXT"}]}
COMMAND: POST /session/6cd8861519be2314cbde44996230575a/actions - {"actions":[{"id":"action25","type":"key","parameters":{},"actions":[{"type":"keyDown","value":""},{"type":"pause","duration":10},{"type":"keyUp","value":""}]}]}
RESULT: {"actions":[{"id":"action25","type":"key","parameters":{},"actions":[{"type":"keyDown","value":""},{"type":"pause","duration":10},{"type":"keyUp","value":""}]}]}
COMMAND: GET /session/6cd8861519be2314cbde44996230575a/screenshot - {}
RESULT: {}
COMMAND: POST /session/6cd8861519be2314cbde44996230575a/element - {"using":"xpath","value":"//span[contains(text(), \"General Management\")]"}
RESULT: {"using":"xpath","value":"//span[contains(text(), \"General Management\")]"}
COMMAND: POST /session/6cd8861519be2314cbde44996230575a/element/f.B713056A9316196A9232F0DF0934CF03.d.5AFEBE611F7D3DFE8E269876B2D58987.e.9948/click - {}
RESULT: {}
COMMAND: GET /session/6cd8861519be2314cbde44996230575a/screenshot - {}
RESULT: {}
COMMAND: POST /session/6cd8861519be2314cbde44996230575a/element - {"using":"xpath","value":"//bdi[contains(text(), \"OK\")]"}
RESULT: {"using":"xpath","value":"//bdi[contains(text(), \"OK\")]"}
COMMAND: POST /session/6cd8861519be2314cbde44996230575a/element/f.B713056A9316196A9232F0DF0934CF03.d.5AFEBE611F7D3DFE8E269876B2D58987.e.9949/click - {}
RESULT: {}
COMMAND: GET /session/6cd8861519be2314cbde44996230575a/screenshot - {}
RESULT: {}
COMMAND: POST /session/6cd8861519be2314cbde44996230575a/element - {"using":"xpath","value":"//input[@id=\"application-managepartners-display-component---NewPartner--companyCodeComboBox-inner\"]"}
RESULT: {"using":"xpath","value":"//input[@id=\"application-managepartners-display-component---NewPartner--companyCodeComboBox-inner\"]"}
COMMAND: POST /session/6cd8861519be2314cbde44996230575a/element/f.B713056A9316196A9232F0DF0934CF03.d.5AFEBE611F7D3DFE8E269876B2D58987.e.9797/clear - {}
RESULT: {}
COMMAND: POST /session/6cd8861519be2314cbde44996230575a/element/f.B713056A9316196A9232F0DF0934CF03.d.5AFEBE611F7D3DFE8E269876B2D58987.e.9797/value - {"text":"1000"}
COMMAND: GET /session/6cd8861519be2314cbde44996230575a/screenshot - {}
RESULT: {"text":"1000"}
COMMAND: GET /session/6cd8861519be2314cbde44996230575a/screenshot - {}
RESULT: {}
RESULT: {}
COMMAND: POST /session/6cd8861519be2314cbde44996230575a/element - {"using":"xpath","value":"//li[.//span[text()= \"1000\"]]"}
RESULT: {"using":"xpath","value":"//li[.//span[text()= \"1000\"]]"}
COMMAND: POST /session/6cd8861519be2314cbde44996230575a/element/f.B713056A9316196A9232F0DF0934CF03.d.5AFEBE611F7D3DFE8E269876B2D58987.e.9955/click - {}
RESULT: {}
COMMAND: GET /session/6cd8861519be2314cbde44996230575a/screenshot - {}
RESULT: {}
COMMAND: POST /session/6cd8861519be2314cbde44996230575a/execute/async - {"script":"<script> [1562 bytes]","args":[{"selector":{"id":"application-managepartners-display-component---NewPartner--btnAddTableRow-img"},"wdio_ui5_key":"applicationmanagepartners-display-component---NewPartner--btnAddTableRow-img"}]}
RESULT: {"script":"<script> [1562 bytes]","args":[{"selector":{"id":"application-managepartners-display-component---NewPartner--btnAddTableRow-img"},"wdio_ui5_key":"applicationmanagepartners-display-component---NewPartner--btnAddTableRow-img"}]}
RESULT: undefined
COMMAND: POST /session/6cd8861519be2314cbde44996230575a/element - {"using":"xpath","value":"//*[@id=\"application-managepartners-display-component---NewPartner--btnAddTableRow-img\"]"}
RESULT: {"using":"xpath","value":"//*[@id=\"application-managepartners-display-component---NewPartner--btnAddTableRow-img\"]"}
COMMAND: POST /session/6cd8861519be2314cbde44996230575a/element/f.B713056A9316196A9232F0DF0934CF03.d.5AFEBE611F7D3DFE8E269876B2D58987.e.9956/click - {}
RESULT: {}
COMMAND: GET /session/6cd8861519be2314cbde44996230575a/screenshot - {}
RESULT: {}
COMMAND: POST /session/6cd8861519be2314cbde44996230575a/element - {"using":"xpath","value":"//input[@id=\"application-managepartners-display-component---NewPartner--assignmentYard-application-managepartners-display-component---NewPartner--assignmentsTable-0-inner\"]"}
RESULT: {"using":"xpath","value":"//input[@id=\"application-managepartners-display-component---NewPartner--assignmentYard-application-managepartners-display-component---NewPartner--assignmentsTable-0-inner\"]"}
COMMAND: POST /session/6cd8861519be2314cbde44996230575a/element/f.B713056A9316196A9232F0DF0934CF03.d.5AFEBE611F7D3DFE8E269876B2D58987.e.9959/clear - {}
RESULT: {}
COMMAND: POST /session/6cd8861519be2314cbde44996230575a/element/f.B713056A9316196A9232F0DF0934CF03.d.5AFEBE611F7D3DFE8E269876B2D58987.e.9959/value - {"text":"235"}
COMMAND: GET /session/6cd8861519be2314cbde44996230575a/screenshot - {}
RESULT: {"text":"235"}
COMMAND: GET /session/6cd8861519be2314cbde44996230575a/screenshot - {}
RESULT: {}
RESULT: {}
COMMAND: POST /session/6cd8861519be2314cbde44996230575a/element - {"using":"xpath","value":"//li[.//span[text()='235']]"}
RESULT: {"using":"xpath","value":"//li[.//span[text()='235']]"}
COMMAND: POST /session/6cd8861519be2314cbde44996230575a/element/f.B713056A9316196A9232F0DF0934CF03.d.5AFEBE611F7D3DFE8E269876B2D58987.e.9968/click - {}
RESULT: {}
COMMAND: GET /session/6cd8861519be2314cbde44996230575a/screenshot - {}
RESULT: {}
COMMAND: POST /session/6cd8861519be2314cbde44996230575a/actions - {"actions":[{"id":"action26","type":"key","parameters":{},"actions":[{"type":"keyDown","value":""},{"type":"pause","duration":10},{"type":"keyUp","value":""}]}]}
RESULT: {"actions":[{"id":"action26","type":"key","parameters":{},"actions":[{"type":"keyDown","value":""},{"type":"pause","duration":10},{"type":"keyUp","value":""}]}]}
COMMAND: POST /session/6cd8861519be2314cbde44996230575a/execute/async - {"script":"<script> [1562 bytes]","args":[{"selector":{"id":"application-managepartners-display-component---NewPartner--externalCustomerComboBox-application-managepartners-display-component---NewPartner--assignmentsTable-0-vhi"},"wdio_ui5_key":"applicationmanagepartners-display-component---NewPartner--externalCustomerComboBox-application-managepartners-display-component---NewPartner--assignmentsTable-0-vhi"}]}
COMMAND: GET /session/6cd8861519be2314cbde44996230575a/screenshot - {}
RESULT: {"script":"<script> [1562 bytes]","args":[{"selector":{"id":"application-managepartners-display-component---NewPartner--externalCustomerComboBox-application-managepartners-display-component---NewPartner--assignmentsTable-0-vhi"},"wdio_ui5_key":"applicationmanagepartners-display-component---NewPartner--externalCustomerComboBox-application-managepartners-display-component---NewPartner--assignmentsTable-0-vhi"}]}
RESULT: undefined
COMMAND: POST /session/6cd8861519be2314cbde44996230575a/element - {"using":"xpath","value":"//*[@id=\"application-managepartners-display-component---NewPartner--externalCustomerComboBox-application-managepartners-display-component---NewPartner--assignmentsTable-0-vhi\"]"}
RESULT: {}
RESULT: {"using":"xpath","value":"//*[@id=\"application-managepartners-display-component---NewPartner--externalCustomerComboBox-application-managepartners-display-component---NewPartner--assignmentsTable-0-vhi\"]"}
COMMAND: POST /session/6cd8861519be2314cbde44996230575a/element/f.B713056A9316196A9232F0DF0934CF03.d.5AFEBE611F7D3DFE8E269876B2D58987.e.9972/click - {}
RESULT: {}
RESULT: undefined
COMMAND: POST /session/6cd8861519be2314cbde44996230575a/execute/async - {"script":"<script> [776 bytes]","args":[{"enterText":"300003","selector":{"controlType":"sap.m.SearchField","properties":{"placeholder":"Search"},"searchOpenDialogs":true,"interaction":{"idSuffix":"I"}},"clearTextFirst":true,"interactionType":"ENTER_TEXT"}]}
COMMAND: GET /session/6cd8861519be2314cbde44996230575a/screenshot - {}
RESULT: {"script":"<script> [776 bytes]","args":[{"enterText":"300003","selector":{"controlType":"sap.m.SearchField","properties":{"placeholder":"Search"},"searchOpenDialogs":true,"interaction":{"idSuffix":"I"}},"clearTextFirst":true,"interactionType":"ENTER_TEXT"}]}
COMMAND: POST /session/6cd8861519be2314cbde44996230575a/actions - {"actions":[{"id":"action27","type":"key","parameters":{},"actions":[{"type":"keyDown","value":""},{"type":"pause","duration":10},{"type":"keyUp","value":""}]}]}
RESULT: {}
RESULT: {"actions":[{"id":"action27","type":"key","parameters":{},"actions":[{"type":"keyDown","value":""},{"type":"pause","duration":10},{"type":"keyUp","value":""}]}]}
COMMAND: GET /session/6cd8861519be2314cbde44996230575a/screenshot - {}
RESULT: {}
COMMAND: POST /session/6cd8861519be2314cbde44996230575a/element - {"using":"xpath","value":"//span[contains(text(), \"300003\")]"}
RESULT: {"using":"xpath","value":"//span[contains(text(), \"300003\")]"}
COMMAND: POST /session/6cd8861519be2314cbde44996230575a/element/f.B713056A9316196A9232F0DF0934CF03.d.5AFEBE611F7D3DFE8E269876B2D58987.e.9991/click - {}
RESULT: {}
COMMAND: GET /session/6cd8861519be2314cbde44996230575a/screenshot - {}
RESULT: {}
COMMAND: POST /session/6cd8861519be2314cbde44996230575a/element - {"using":"xpath","value":"//bdi[contains(text(), \"OK\")]"}
RESULT: {"using":"xpath","value":"//bdi[contains(text(), \"OK\")]"}
COMMAND: POST /session/6cd8861519be2314cbde44996230575a/element/f.B713056A9316196A9232F0DF0934CF03.d.5AFEBE611F7D3DFE8E269876B2D58987.e.9993/click - {}
RESULT: {}
COMMAND: GET /session/6cd8861519be2314cbde44996230575a/screenshot - {}
RESULT: {}
COMMAND: POST /session/6cd8861519be2314cbde44996230575a/execute/async - {"script":"<script> [1562 bytes]","args":[{"selector":{"id":"application-managepartners-display-component---NewPartner--intercompVendorComboBox-application-managepartners-display-component---NewPartner--assignmentsTable-0-vhi"},"wdio_ui5_key":"applicationmanagepartners-display-component---NewPartner--intercompVendorComboBox-application-managepartners-display-component---NewPartner--assignmentsTable-0-vhi"}]}
RESULT: {"script":"<script> [1562 bytes]","args":[{"selector":{"id":"application-managepartners-display-component---NewPartner--intercompVendorComboBox-application-managepartners-display-component---NewPartner--assignmentsTable-0-vhi"},"wdio_ui5_key":"applicationmanagepartners-display-component---NewPartner--intercompVendorComboBox-application-managepartners-display-component---NewPartner--assignmentsTable-0-vhi"}]}
RESULT: undefined
COMMAND: POST /session/6cd8861519be2314cbde44996230575a/element - {"using":"xpath","value":"//*[@id=\"application-managepartners-display-component---NewPartner--intercompVendorComboBox-application-managepartners-display-component---NewPartner--assignmentsTable-0-vhi\"]"}
RESULT: {"using":"xpath","value":"//*[@id=\"application-managepartners-display-component---NewPartner--intercompVendorComboBox-application-managepartners-display-component---NewPartner--assignmentsTable-0-vhi\"]"}
COMMAND: POST /session/6cd8861519be2314cbde44996230575a/element/f.B713056A9316196A9232F0DF0934CF03.d.5AFEBE611F7D3DFE8E269876B2D58987.e.9996/click - {}
RESULT: {}
RESULT: undefined
COMMAND: POST /session/6cd8861519be2314cbde44996230575a/execute/async - {"script":"<script> [776 bytes]","args":[{"enterText":"100005","selector":{"controlType":"sap.m.SearchField","properties":{"placeholder":"Search"},"searchOpenDialogs":true,"interaction":{"idSuffix":"I"}},"clearTextFirst":true,"interactionType":"ENTER_TEXT"}]}
COMMAND: GET /session/6cd8861519be2314cbde44996230575a/screenshot - {}
RESULT: {"script":"<script> [776 bytes]","args":[{"enterText":"100005","selector":{"controlType":"sap.m.SearchField","properties":{"placeholder":"Search"},"searchOpenDialogs":true,"interaction":{"idSuffix":"I"}},"clearTextFirst":true,"interactionType":"ENTER_TEXT"}]}
COMMAND: POST /session/6cd8861519be2314cbde44996230575a/actions - {"actions":[{"id":"action28","type":"key","parameters":{},"actions":[{"type":"keyDown","value":""},{"type":"pause","duration":10},{"type":"keyUp","value":""}]}]}
RESULT: {}
RESULT: {"actions":[{"id":"action28","type":"key","parameters":{},"actions":[{"type":"keyDown","value":""},{"type":"pause","duration":10},{"type":"keyUp","value":""}]}]}
COMMAND: GET /session/6cd8861519be2314cbde44996230575a/screenshot - {}
RESULT: {}
COMMAND: POST /session/6cd8861519be2314cbde44996230575a/element - {"using":"xpath","value":"//span[contains(text(), \"Penguins - Field/12345 Berlin\")]"}
RESULT: {"using":"xpath","value":"//span[contains(text(), \"Penguins - Field/12345 Berlin\")]"}
COMMAND: POST /session/6cd8861519be2314cbde44996230575a/element/f.B713056A9316196A9232F0DF0934CF03.d.5AFEBE611F7D3DFE8E269876B2D58987.e.10015/click - {}
RESULT: {}
COMMAND: GET /session/6cd8861519be2314cbde44996230575a/screenshot - {}
RESULT: {}
COMMAND: POST /session/6cd8861519be2314cbde44996230575a/element - {"using":"xpath","value":"//bdi[contains(text(), \"OK\")]"}
RESULT: {"using":"xpath","value":"//bdi[contains(text(), \"OK\")]"}
COMMAND: POST /session/6cd8861519be2314cbde44996230575a/element/f.B713056A9316196A9232F0DF0934CF03.d.5AFEBE611F7D3DFE8E269876B2D58987.e.10016/click - {}
RESULT: {}
COMMAND: GET /session/6cd8861519be2314cbde44996230575a/screenshot - {}
RESULT: {}
COMMAND: POST /session/6cd8861519be2314cbde44996230575a/element - {"using":"xpath","value":"//button[@data-kt=\"saveButton\"]"}
RESULT: {"using":"xpath","value":"//button[@data-kt=\"saveButton\"]"}
COMMAND: POST /session/6cd8861519be2314cbde44996230575a/element/f.B713056A9316196A9232F0DF0934CF03.d.5AFEBE611F7D3DFE8E269876B2D58987.e.9861/click - {}
RESULT: {}
COMMAND: GET /session/6cd8861519be2314cbde44996230575a/screenshot - {}
RESULT: {}
COMMAND: POST /session/6cd8861519be2314cbde44996230575a/element - {"using":"xpath","value":"//header[contains(@id, 'ObjectPageLayout-headerTitle')]/div[1]/div[2]/div[2]/span[1]"}
RESULT: {"using":"xpath","value":"//header[contains(@id, 'ObjectPageLayout-headerTitle')]/div[1]/div[2]/div[2]/span[1]"}
COMMAND: POST /session/6cd8861519be2314cbde44996230575a/elements - {"using":"xpath","value":"//header[contains(@id, 'ObjectPageLayout-headerTitle')]/div[1]/div[2]/div[2]/span[1]"}
RESULT: {"using":"xpath","value":"//header[contains(@id, 'ObjectPageLayout-headerTitle')]/div[1]/div[2]/div[2]/span[1]"}
COMMAND: POST /session/6cd8861519be2314cbde44996230575a/execute/sync - {"script":"<script> [56 bytes]","args":[{"element-6066-11e4-a52e-4f735466cecf":"f.B713056A9316196A9232F0DF0934CF03.d.5AFEBE611F7D3DFE8E269876B2D58987.e.10160","ELEMENT":"f.B713056A9316196A9232F0DF0934CF03.d.5AFEBE611F7D3DFE8E269876B2D58987.e.10160"}]}
RESULT: {"script":"<script> [56 bytes]","args":[{"element-6066-11e4-a52e-4f735466cecf":"f.B713056A9316196A9232F0DF0934CF03.d.5AFEBE611F7D3DFE8E269876B2D58987.e.10160","ELEMENT":"f.B713056A9316196A9232F0DF0934CF03.d.5AFEBE611F7D3DFE8E269876B2D58987.e.10160"}]}
COMMAND: POST /session/6cd8861519be2314cbde44996230575a/element - {"using":"css selector","value":"#shell-header-logo"}
COMMAND: GET /session/6cd8861519be2314cbde44996230575a/screenshot - {}
RESULT: {"using":"css selector","value":"#shell-header-logo"}
COMMAND: POST /session/6cd8861519be2314cbde44996230575a/element/f.B713056A9316196A9232F0DF0934CF03.d.5AFEBE611F7D3DFE8E269876B2D58987.e.9439/click - {}
RESULT: {}
RESULT: {}
COMMAND: GET /session/6cd8861519be2314cbde44996230575a/screenshot - {}
RESULT: {}
COMMAND: POST /session/6cd8861519be2314cbde44996230575a/execute/sync - {"script":"<script> [299 bytes]","args":[["getModel","getResource"]]}
RESULT: {"script":"<script> [299 bytes]","args":[["getModel","getResource"]]}
COMMAND: GET /session/6cd8861519be2314cbde44996230575a/screenshot - {}
]]></system-out>
    </testcase>
    <testcase classname="chrome.136_0_7103_93.windows.Billing_Transfer_-_Intracompany_US127249" name="Should create a new site" time="110.293">
      <system-out><![CDATA[
COMMAND: POST /session/6cd8861519be2314cbde44996230575a/execute/async - {"script":"<script> [1562 bytes]","args":[{"selector":{"controlType":"sap.m.GenericTile","properties":{"header":"Manage Sites"}},"wdio_ui5_key":"sapm.GenericTile{\"header\":\"Manage Sites\"}"}]}
RESULT: {}
RESULT: {"script":"<script> [1562 bytes]","args":[{"selector":{"controlType":"sap.m.GenericTile","properties":{"header":"Manage Sites"}},"wdio_ui5_key":"sapm.GenericTile{\"header\":\"Manage Sites\"}"}]}
RESULT: undefined
COMMAND: POST /session/6cd8861519be2314cbde44996230575a/element - {"using":"xpath","value":"//*[@id=\"__tile40\"]"}
RESULT: {"using":"xpath","value":"//*[@id=\"__tile40\"]"}
COMMAND: POST /session/6cd8861519be2314cbde44996230575a/element/f.B713056A9316196A9232F0DF0934CF03.d.5AFEBE611F7D3DFE8E269876B2D58987.e.8600/click - {}
RESULT: {}
COMMAND: GET /session/6cd8861519be2314cbde44996230575a/screenshot - {}
COMMAND: POST /session/6cd8861519be2314cbde44996230575a/elements - {"using":"xpath","value":"//span[text()='Error']"}
RESULT: {}
RESULT: {"using":"xpath","value":"//span[text()='Error']"}
COMMAND: POST /session/6cd8861519be2314cbde44996230575a/element - {"using":"xpath","value":"//button[@data-kt=\"addOverflowToolbarButton\"]"}
RESULT: {"using":"xpath","value":"//button[@data-kt=\"addOverflowToolbarButton\"]"}
COMMAND: POST /session/6cd8861519be2314cbde44996230575a/elements - {"using":"xpath","value":"//button[@data-kt=\"addOverflowToolbarButton\"]"}
RESULT: {"using":"xpath","value":"//button[@data-kt=\"addOverflowToolbarButton\"]"}
COMMAND: POST /session/6cd8861519be2314cbde44996230575a/execute/sync - {"script":"<script> [8489 bytes]","args":[{"element-6066-11e4-a52e-4f735466cecf":"f.B713056A9316196A9232F0DF0934CF03.d.5AFEBE611F7D3DFE8E269876B2D58987.e.10208","ELEMENT":"f.B713056A9316196A9232F0DF0934CF03.d.5AFEBE611F7D3DFE8E269876B2D58987.e.10208"}]}
RESULT: {"script":"<script> [8489 bytes]","args":[{"element-6066-11e4-a52e-4f735466cecf":"f.B713056A9316196A9232F0DF0934CF03.d.5AFEBE611F7D3DFE8E269876B2D58987.e.10208","ELEMENT":"f.B713056A9316196A9232F0DF0934CF03.d.5AFEBE611F7D3DFE8E269876B2D58987.e.10208"}]}
COMMAND: GET /session/6cd8861519be2314cbde44996230575a/element/f.B713056A9316196A9232F0DF0934CF03.d.5AFEBE611F7D3DFE8E269876B2D58987.e.10208/enabled - {}
COMMAND: GET /session/6cd8861519be2314cbde44996230575a/screenshot - {}
RESULT: {}
COMMAND: POST /session/6cd8861519be2314cbde44996230575a/execute/sync - {"script":"<script> [8489 bytes]","args":[{"element-6066-11e4-a52e-4f735466cecf":"f.B713056A9316196A9232F0DF0934CF03.d.5AFEBE611F7D3DFE8E269876B2D58987.e.10208","ELEMENT":"f.B713056A9316196A9232F0DF0934CF03.d.5AFEBE611F7D3DFE8E269876B2D58987.e.10208"}]}
COMMAND: GET /session/6cd8861519be2314cbde44996230575a/screenshot - {}
RESULT: {}
RESULT: {"script":"<script> [8489 bytes]","args":[{"element-6066-11e4-a52e-4f735466cecf":"f.B713056A9316196A9232F0DF0934CF03.d.5AFEBE611F7D3DFE8E269876B2D58987.e.10208","ELEMENT":"f.B713056A9316196A9232F0DF0934CF03.d.5AFEBE611F7D3DFE8E269876B2D58987.e.10208"}]}
COMMAND: POST /session/6cd8861519be2314cbde44996230575a/execute/sync - {"script":"<script> [5351 bytes]","args":[{"element-6066-11e4-a52e-4f735466cecf":"f.B713056A9316196A9232F0DF0934CF03.d.5AFEBE611F7D3DFE8E269876B2D58987.e.10208","ELEMENT":"f.B713056A9316196A9232F0DF0934CF03.d.5AFEBE611F7D3DFE8E269876B2D58987.e.10208"}]}
COMMAND: GET /session/6cd8861519be2314cbde44996230575a/screenshot - {}
RESULT: {}
RESULT: {"script":"<script> [5351 bytes]","args":[{"element-6066-11e4-a52e-4f735466cecf":"f.B713056A9316196A9232F0DF0934CF03.d.5AFEBE611F7D3DFE8E269876B2D58987.e.10208","ELEMENT":"f.B713056A9316196A9232F0DF0934CF03.d.5AFEBE611F7D3DFE8E269876B2D58987.e.10208"}]}
COMMAND: POST /session/6cd8861519be2314cbde44996230575a/element/f.B713056A9316196A9232F0DF0934CF03.d.5AFEBE611F7D3DFE8E269876B2D58987.e.10208/click - {}
COMMAND: GET /session/6cd8861519be2314cbde44996230575a/screenshot - {}
RESULT: {}
RESULT: {}
COMMAND: GET /session/6cd8861519be2314cbde44996230575a/screenshot - {}
RESULT: {}
RESULT: {}
COMMAND: POST /session/6cd8861519be2314cbde44996230575a/element - {"using":"xpath","value":"//input[@id=\"application-managesites-display-component---NewSite--siteId-inner\"]"}
RESULT: {"using":"xpath","value":"//input[@id=\"application-managesites-display-component---NewSite--siteId-inner\"]"}
COMMAND: POST /session/6cd8861519be2314cbde44996230575a/element - {"using":"xpath","value":"//input[@id=\"application-managesites-display-component---NewSite--siteId-inner\"]"}
RESULT: {"using":"xpath","value":"//input[@id=\"application-managesites-display-component---NewSite--siteId-inner\"]"}
COMMAND: POST /session/6cd8861519be2314cbde44996230575a/execute/async - {"script":"<script> [1562 bytes]","args":[{"selector":{"id":"application-managesites-display-component---NewSite--addressDetailDetailsName1","interaction":{"idSuffix":"inner"}},"wdio_ui5_key":"applicationmanagesites-display-component---NewSite--addressDetailDetailsName1"}]}
RESULT: {"script":"<script> [1562 bytes]","args":[{"selector":{"id":"application-managesites-display-component---NewSite--addressDetailDetailsName1","interaction":{"idSuffix":"inner"}},"wdio_ui5_key":"applicationmanagesites-display-component---NewSite--addressDetailDetailsName1"}]}
RESULT: undefined
COMMAND: POST /session/6cd8861519be2314cbde44996230575a/execute/async - {"script":"<script> [776 bytes]","args":[{"enterText":"Intracompany Site wdIO","selector":{"id":"application-managesites-display-component---NewSite--addressDetailDetailsName1","interaction":{"idSuffix":"inner"}},"clearTextFirst":true,"interactionType":"ENTER_TEXT"}]}
RESULT: {"script":"<script> [776 bytes]","args":[{"enterText":"Intracompany Site wdIO","selector":{"id":"application-managesites-display-component---NewSite--addressDetailDetailsName1","interaction":{"idSuffix":"inner"}},"clearTextFirst":true,"interactionType":"ENTER_TEXT"}]}
COMMAND: POST /session/6cd8861519be2314cbde44996230575a/execute/async - {"script":"<script> [1562 bytes]","args":[{"selector":{"id":"application-managesites-display-component---NewSite--addressDetailDetailsLanguage-arrow"},"wdio_ui5_key":"applicationmanagesites-display-component---NewSite--addressDetailDetailsLanguage-arrow"}]}
RESULT: {"script":"<script> [1562 bytes]","args":[{"selector":{"id":"application-managesites-display-component---NewSite--addressDetailDetailsLanguage-arrow"},"wdio_ui5_key":"applicationmanagesites-display-component---NewSite--addressDetailDetailsLanguage-arrow"}]}
RESULT: undefined
COMMAND: POST /session/6cd8861519be2314cbde44996230575a/element - {"using":"xpath","value":"//*[@id=\"application-managesites-display-component---NewSite--addressDetailDetailsLanguage-arrow\"]"}
RESULT: {"using":"xpath","value":"//*[@id=\"application-managesites-display-component---NewSite--addressDetailDetailsLanguage-arrow\"]"}
COMMAND: POST /session/6cd8861519be2314cbde44996230575a/element/f.B713056A9316196A9232F0DF0934CF03.d.5AFEBE611F7D3DFE8E269876B2D58987.e.10628/click - {}
RESULT: {}
COMMAND: POST /session/6cd8861519be2314cbde44996230575a/element - {"using":"xpath","value":"//span[contains(text(), \"English\")]"}
COMMAND: GET /session/6cd8861519be2314cbde44996230575a/screenshot - {}
RESULT: {"using":"xpath","value":"//span[contains(text(), \"English\")]"}
COMMAND: POST /session/6cd8861519be2314cbde44996230575a/element/f.B713056A9316196A9232F0DF0934CF03.d.5AFEBE611F7D3DFE8E269876B2D58987.e.10629/click - {}
RESULT: {}
RESULT: {}
COMMAND: POST /session/6cd8861519be2314cbde44996230575a/execute/async - {"script":"<script> [1562 bytes]","args":[{"selector":{"id":"application-managesites-display-component---NewSite--addressDetailDetailsCity1","interaction":{"idSuffix":"inner"}},"wdio_ui5_key":"applicationmanagesites-display-component---NewSite--addressDetailDetailsCity1"}]}
COMMAND: GET /session/6cd8861519be2314cbde44996230575a/screenshot - {}
RESULT: {"script":"<script> [1562 bytes]","args":[{"selector":{"id":"application-managesites-display-component---NewSite--addressDetailDetailsCity1","interaction":{"idSuffix":"inner"}},"wdio_ui5_key":"applicationmanagesites-display-component---NewSite--addressDetailDetailsCity1"}]}
RESULT: undefined
COMMAND: POST /session/6cd8861519be2314cbde44996230575a/execute/async - {"script":"<script> [776 bytes]","args":[{"enterText":"Rosario","selector":{"id":"application-managesites-display-component---NewSite--addressDetailDetailsCity1","interaction":{"idSuffix":"inner"}},"clearTextFirst":true,"interactionType":"ENTER_TEXT"}]}
RESULT: {}
RESULT: {"script":"<script> [776 bytes]","args":[{"enterText":"Rosario","selector":{"id":"application-managesites-display-component---NewSite--addressDetailDetailsCity1","interaction":{"idSuffix":"inner"}},"clearTextFirst":true,"interactionType":"ENTER_TEXT"}]}
COMMAND: POST /session/6cd8861519be2314cbde44996230575a/execute/async - {"script":"<script> [1562 bytes]","args":[{"selector":{"id":"application-managesites-display-component---NewSite--addressDetailDetailsCountry-arrow"},"wdio_ui5_key":"applicationmanagesites-display-component---NewSite--addressDetailDetailsCountry-arrow"}]}
RESULT: {"script":"<script> [1562 bytes]","args":[{"selector":{"id":"application-managesites-display-component---NewSite--addressDetailDetailsCountry-arrow"},"wdio_ui5_key":"applicationmanagesites-display-component---NewSite--addressDetailDetailsCountry-arrow"}]}
RESULT: undefined
COMMAND: POST /session/6cd8861519be2314cbde44996230575a/element - {"using":"xpath","value":"//*[@id=\"application-managesites-display-component---NewSite--addressDetailDetailsCountry-arrow\"]"}
RESULT: {"using":"xpath","value":"//*[@id=\"application-managesites-display-component---NewSite--addressDetailDetailsCountry-arrow\"]"}
COMMAND: POST /session/6cd8861519be2314cbde44996230575a/element/f.B713056A9316196A9232F0DF0934CF03.d.5AFEBE611F7D3DFE8E269876B2D58987.e.10631/click - {}
RESULT: {}
COMMAND: POST /session/6cd8861519be2314cbde44996230575a/element - {"using":"xpath","value":"//span[contains(text(), \"Argentina\")]"}
COMMAND: GET /session/6cd8861519be2314cbde44996230575a/screenshot - {}
RESULT: {"using":"xpath","value":"//span[contains(text(), \"Argentina\")]"}
COMMAND: POST /session/6cd8861519be2314cbde44996230575a/element/f.B713056A9316196A9232F0DF0934CF03.d.5AFEBE611F7D3DFE8E269876B2D58987.e.10633/click - {}
RESULT: {}
RESULT: {}
COMMAND: GET /session/6cd8861519be2314cbde44996230575a/screenshot - {}
RESULT: {}
COMMAND: POST /session/6cd8861519be2314cbde44996230575a/execute/async - {"script":"<script> [1562 bytes]","args":[{"selector":{"id":"application-managesites-display-component---NewSite--addressEditDetailsCostObjectCstType-arrow"},"wdio_ui5_key":"applicationmanagesites-display-component---NewSite--addressEditDetailsCostObjectCstType-arrow"}]}
RESULT: {"script":"<script> [1562 bytes]","args":[{"selector":{"id":"application-managesites-display-component---NewSite--addressEditDetailsCostObjectCstType-arrow"},"wdio_ui5_key":"applicationmanagesites-display-component---NewSite--addressEditDetailsCostObjectCstType-arrow"}]}
RESULT: undefined
COMMAND: POST /session/6cd8861519be2314cbde44996230575a/element - {"using":"xpath","value":"//*[@id=\"application-managesites-display-component---NewSite--addressEditDetailsCostObjectCstType-arrow\"]"}
RESULT: {"using":"xpath","value":"//*[@id=\"application-managesites-display-component---NewSite--addressEditDetailsCostObjectCstType-arrow\"]"}
COMMAND: POST /session/6cd8861519be2314cbde44996230575a/element/f.B713056A9316196A9232F0DF0934CF03.d.5AFEBE611F7D3DFE8E269876B2D58987.e.10634/click - {}
RESULT: {}
COMMAND: POST /session/6cd8861519be2314cbde44996230575a/element - {"using":"xpath","value":"//span[contains(text(), \"Cost Center\")]"}
COMMAND: GET /session/6cd8861519be2314cbde44996230575a/screenshot - {}
RESULT: {"using":"xpath","value":"//span[contains(text(), \"Cost Center\")]"}
COMMAND: POST /session/6cd8861519be2314cbde44996230575a/element/f.B713056A9316196A9232F0DF0934CF03.d.5AFEBE611F7D3DFE8E269876B2D58987.e.10635/click - {}
RESULT: {}
RESULT: {}
COMMAND: GET /session/6cd8861519be2314cbde44996230575a/screenshot - {}
RESULT: {}
COMMAND: POST /session/6cd8861519be2314cbde44996230575a/element - {"using":"xpath","value":"//span[@id=\"application-managesites-display-component---NewSite--addressNewCostObjectCstID-vhi\"]"}
RESULT: {"using":"xpath","value":"//span[@id=\"application-managesites-display-component---NewSite--addressNewCostObjectCstID-vhi\"]"}
COMMAND: POST /session/6cd8861519be2314cbde44996230575a/execute/sync - {"script":"<script> [8489 bytes]","args":[{"element-6066-11e4-a52e-4f735466cecf":"f.B713056A9316196A9232F0DF0934CF03.d.5AFEBE611F7D3DFE8E269876B2D58987.e.10640","ELEMENT":"f.B713056A9316196A9232F0DF0934CF03.d.5AFEBE611F7D3DFE8E269876B2D58987.e.10640"}]}
RESULT: {"script":"<script> [8489 bytes]","args":[{"element-6066-11e4-a52e-4f735466cecf":"f.B713056A9316196A9232F0DF0934CF03.d.5AFEBE611F7D3DFE8E269876B2D58987.e.10640","ELEMENT":"f.B713056A9316196A9232F0DF0934CF03.d.5AFEBE611F7D3DFE8E269876B2D58987.e.10640"}]}
COMMAND: POST /session/6cd8861519be2314cbde44996230575a/execute/async - {"script":"<script> [1562 bytes]","args":[{"selector":{"id":"application-managesites-display-component---NewSite--addressNewCostObjectCstID-vhi"},"wdio_ui5_key":"applicationmanagesites-display-component---NewSite--addressNewCostObjectCstID-vhi"}]}
COMMAND: GET /session/6cd8861519be2314cbde44996230575a/screenshot - {}
RESULT: {"script":"<script> [1562 bytes]","args":[{"selector":{"id":"application-managesites-display-component---NewSite--addressNewCostObjectCstID-vhi"},"wdio_ui5_key":"applicationmanagesites-display-component---NewSite--addressNewCostObjectCstID-vhi"}]}
RESULT: undefined
COMMAND: POST /session/6cd8861519be2314cbde44996230575a/element - {"using":"xpath","value":"//*[@id=\"application-managesites-display-component---NewSite--addressNewCostObjectCstID-vhi\"]"}
RESULT: {}
RESULT: {"using":"xpath","value":"//*[@id=\"application-managesites-display-component---NewSite--addressNewCostObjectCstID-vhi\"]"}
COMMAND: POST /session/6cd8861519be2314cbde44996230575a/element/f.B713056A9316196A9232F0DF0934CF03.d.5AFEBE611F7D3DFE8E269876B2D58987.e.10640/click - {}
RESULT: {}
COMMAND: GET /session/6cd8861519be2314cbde44996230575a/screenshot - {}
RESULT: {}
RESULT: undefined
COMMAND: POST /session/6cd8861519be2314cbde44996230575a/execute/async - {"script":"<script> [776 bytes]","args":[{"enterText":"10001013","selector":{"controlType":"sap.m.SearchField","properties":{"placeholder":"Search"},"searchOpenDialogs":true,"interaction":{"idSuffix":"I"}},"clearTextFirst":true,"interactionType":"ENTER_TEXT"}]}
RESULT: {"script":"<script> [776 bytes]","args":[{"enterText":"10001013","selector":{"controlType":"sap.m.SearchField","properties":{"placeholder":"Search"},"searchOpenDialogs":true,"interaction":{"idSuffix":"I"}},"clearTextFirst":true,"interactionType":"ENTER_TEXT"}]}
COMMAND: POST /session/6cd8861519be2314cbde44996230575a/actions - {"actions":[{"id":"action29","type":"key","parameters":{},"actions":[{"type":"keyDown","value":""},{"type":"pause","duration":10},{"type":"keyUp","value":""}]}]}
RESULT: {"actions":[{"id":"action29","type":"key","parameters":{},"actions":[{"type":"keyDown","value":""},{"type":"pause","duration":10},{"type":"keyUp","value":""}]}]}
COMMAND: GET /session/6cd8861519be2314cbde44996230575a/screenshot - {}
RESULT: {}
COMMAND: POST /session/6cd8861519be2314cbde44996230575a/element - {"using":"xpath","value":"//span[contains(text(), \"General Management\")]"}
RESULT: {"using":"xpath","value":"//span[contains(text(), \"General Management\")]"}
COMMAND: POST /session/6cd8861519be2314cbde44996230575a/element/f.B713056A9316196A9232F0DF0934CF03.d.5AFEBE611F7D3DFE8E269876B2D58987.e.10679/click - {}
RESULT: {}
COMMAND: GET /session/6cd8861519be2314cbde44996230575a/screenshot - {}
RESULT: {}
COMMAND: POST /session/6cd8861519be2314cbde44996230575a/element - {"using":"xpath","value":"//bdi[contains(text(), \"OK\")]"}
RESULT: {"using":"xpath","value":"//bdi[contains(text(), \"OK\")]"}
COMMAND: POST /session/6cd8861519be2314cbde44996230575a/element/f.B713056A9316196A9232F0DF0934CF03.d.5AFEBE611F7D3DFE8E269876B2D58987.e.10680/click - {}
RESULT: {}
COMMAND: GET /session/6cd8861519be2314cbde44996230575a/screenshot - {}
RESULT: {}
COMMAND: POST /session/6cd8861519be2314cbde44996230575a/element - {"using":"xpath","value":"//input[@id=\"application-managesites-display-component---NewSite--addressDetailDetailsCalendar-inner\"]"}
RESULT: {"using":"xpath","value":"//input[@id=\"application-managesites-display-component---NewSite--addressDetailDetailsCalendar-inner\"]"}
COMMAND: POST /session/6cd8861519be2314cbde44996230575a/element/f.B713056A9316196A9232F0DF0934CF03.d.5AFEBE611F7D3DFE8E269876B2D58987.e.10490/clear - {}
RESULT: {}
COMMAND: POST /session/6cd8861519be2314cbde44996230575a/element/f.B713056A9316196A9232F0DF0934CF03.d.5AFEBE611F7D3DFE8E269876B2D58987.e.10490/value - {"text":"Unit"}
COMMAND: GET /session/6cd8861519be2314cbde44996230575a/screenshot - {}
RESULT: {"text":"Unit"}
COMMAND: GET /session/6cd8861519be2314cbde44996230575a/screenshot - {}
RESULT: {}
RESULT: {}
COMMAND: POST /session/6cd8861519be2314cbde44996230575a/actions - {"actions":[{"id":"action30","type":"key","parameters":{},"actions":[{"type":"keyDown","value":""},{"type":"pause","duration":10},{"type":"keyUp","value":""}]}]}
RESULT: {"actions":[{"id":"action30","type":"key","parameters":{},"actions":[{"type":"keyDown","value":""},{"type":"pause","duration":10},{"type":"keyUp","value":""}]}]}
COMMAND: POST /session/6cd8861519be2314cbde44996230575a/element - {"using":"xpath","value":"//input[@id=\"application-managesites-display-component---NewSite--addressDetailDetailsYard-inner\"]"}
COMMAND: GET /session/6cd8861519be2314cbde44996230575a/screenshot - {}
RESULT: {"using":"xpath","value":"//input[@id=\"application-managesites-display-component---NewSite--addressDetailDetailsYard-inner\"]"}
COMMAND: POST /session/6cd8861519be2314cbde44996230575a/element/f.B713056A9316196A9232F0DF0934CF03.d.5AFEBE611F7D3DFE8E269876B2D58987.e.10491/clear - {}
RESULT: {}
RESULT: {}
COMMAND: POST /session/6cd8861519be2314cbde44996230575a/element/f.B713056A9316196A9232F0DF0934CF03.d.5AFEBE611F7D3DFE8E269876B2D58987.e.10491/value - {"text":"235"}
COMMAND: GET /session/6cd8861519be2314cbde44996230575a/screenshot - {}
RESULT: {"text":"235"}
COMMAND: GET /session/6cd8861519be2314cbde44996230575a/screenshot - {}
RESULT: {}
RESULT: {}
COMMAND: POST /session/6cd8861519be2314cbde44996230575a/element - {"using":"xpath","value":"//li[.//span[text()='235']]"}
RESULT: {"using":"xpath","value":"//li[.//span[text()='235']]"}
COMMAND: POST /session/6cd8861519be2314cbde44996230575a/element/f.B713056A9316196A9232F0DF0934CF03.d.5AFEBE611F7D3DFE8E269876B2D58987.e.10688/click - {}
RESULT: {}
COMMAND: GET /session/6cd8861519be2314cbde44996230575a/screenshot - {}
RESULT: {}
COMMAND: POST /session/6cd8861519be2314cbde44996230575a/element - {"using":"xpath","value":"//input[@id=\"application-managesites-display-component---NewSite--addressDetailDetailsPartner-inner\"]"}
RESULT: {"using":"xpath","value":"//input[@id=\"application-managesites-display-component---NewSite--addressDetailDetailsPartner-inner\"]"}
COMMAND: POST /session/6cd8861519be2314cbde44996230575a/element - {"using":"xpath","value":"//input[@id=\"application-managesites-display-component---NewSite--addressDetailDetailsPartner-inner\"]"}
RESULT: {"using":"xpath","value":"//input[@id=\"application-managesites-display-component---NewSite--addressDetailDetailsPartner-inner\"]"}
COMMAND: POST /session/6cd8861519be2314cbde44996230575a/element - {"using":"xpath","value":"//button[@data-kt=\"saveButton\"]"}
RESULT: {"using":"xpath","value":"//button[@data-kt=\"saveButton\"]"}
COMMAND: POST /session/6cd8861519be2314cbde44996230575a/element/f.B713056A9316196A9232F0DF0934CF03.d.5AFEBE611F7D3DFE8E269876B2D58987.e.10613/click - {}
RESULT: {}
COMMAND: GET /session/6cd8861519be2314cbde44996230575a/screenshot - {}
RESULT: {}
COMMAND: POST /session/6cd8861519be2314cbde44996230575a/element - {"using":"xpath","value":"//header[contains(@id, 'ObjectPageLayout-headerTitle')]/div[1]/div[2]/div[2]/span[1]"}
RESULT: {"using":"xpath","value":"//header[contains(@id, 'ObjectPageLayout-headerTitle')]/div[1]/div[2]/div[2]/span[1]"}
COMMAND: POST /session/6cd8861519be2314cbde44996230575a/elements - {"using":"xpath","value":"//header[contains(@id, 'ObjectPageLayout-headerTitle')]/div[1]/div[2]/div[2]/span[1]"}
RESULT: {"using":"xpath","value":"//header[contains(@id, 'ObjectPageLayout-headerTitle')]/div[1]/div[2]/div[2]/span[1]"}
COMMAND: POST /session/6cd8861519be2314cbde44996230575a/execute/sync - {"script":"<script> [56 bytes]","args":[{"element-6066-11e4-a52e-4f735466cecf":"f.B713056A9316196A9232F0DF0934CF03.d.5AFEBE611F7D3DFE8E269876B2D58987.e.10877","ELEMENT":"f.B713056A9316196A9232F0DF0934CF03.d.5AFEBE611F7D3DFE8E269876B2D58987.e.10877"}]}
RESULT: {"script":"<script> [56 bytes]","args":[{"element-6066-11e4-a52e-4f735466cecf":"f.B713056A9316196A9232F0DF0934CF03.d.5AFEBE611F7D3DFE8E269876B2D58987.e.10877","ELEMENT":"f.B713056A9316196A9232F0DF0934CF03.d.5AFEBE611F7D3DFE8E269876B2D58987.e.10877"}]}
COMMAND: POST /session/6cd8861519be2314cbde44996230575a/element - {"using":"css selector","value":"#shell-header-logo"}
COMMAND: GET /session/6cd8861519be2314cbde44996230575a/screenshot - {}
RESULT: {"using":"css selector","value":"#shell-header-logo"}
COMMAND: POST /session/6cd8861519be2314cbde44996230575a/element/f.B713056A9316196A9232F0DF0934CF03.d.5AFEBE611F7D3DFE8E269876B2D58987.e.10165/click - {}
RESULT: {}
RESULT: {}
COMMAND: GET /session/6cd8861519be2314cbde44996230575a/screenshot - {}
RESULT: {}
COMMAND: POST /session/6cd8861519be2314cbde44996230575a/execute/sync - {"script":"<script> [299 bytes]","args":[["getModel","getResource"]]}
RESULT: {"script":"<script> [299 bytes]","args":[["getModel","getResource"]]}
]]></system-out>
    </testcase>
    <testcase classname="chrome.136_0_7103_93.windows.Billing_Transfer_-_Intracompany_US127249" name="Should create a new equipment" time="142.483">
      <system-out><![CDATA[
COMMAND: GET /session/6cd8861519be2314cbde44996230575a/screenshot - {}
COMMAND: POST /session/6cd8861519be2314cbde44996230575a/execute/async - {"script":"<script> [1562 bytes]","args":[{"selector":{"controlType":"sap.m.GenericTile","properties":{"header":"Manage Resources"}},"wdio_ui5_key":"sapm.GenericTile{\"header\":\"Manage Resources\"}"}]}
RESULT: {}
RESULT: {"script":"<script> [1562 bytes]","args":[{"selector":{"controlType":"sap.m.GenericTile","properties":{"header":"Manage Resources"}},"wdio_ui5_key":"sapm.GenericTile{\"header\":\"Manage Resources\"}"}]}
RESULT: undefined
COMMAND: POST /session/6cd8861519be2314cbde44996230575a/element - {"using":"xpath","value":"//*[@id=\"__tile39\"]"}
RESULT: {"using":"xpath","value":"//*[@id=\"__tile39\"]"}
COMMAND: POST /session/6cd8861519be2314cbde44996230575a/element/f.B713056A9316196A9232F0DF0934CF03.d.5AFEBE611F7D3DFE8E269876B2D58987.e.8597/click - {}
RESULT: {}
COMMAND: GET /session/6cd8861519be2314cbde44996230575a/screenshot - {}
COMMAND: POST /session/6cd8861519be2314cbde44996230575a/elements - {"using":"xpath","value":"//span[text()='Error']"}
RESULT: {}
RESULT: {"using":"xpath","value":"//span[text()='Error']"}
COMMAND: POST /session/6cd8861519be2314cbde44996230575a/element - {"using":"xpath","value":"//button[@data-kt=\"addNewRUOverflowToolbarButton\"]"}
RESULT: {"using":"xpath","value":"//button[@data-kt=\"addNewRUOverflowToolbarButton\"]"}
COMMAND: POST /session/6cd8861519be2314cbde44996230575a/elements - {"using":"xpath","value":"//button[@data-kt=\"addNewRUOverflowToolbarButton\"]"}
RESULT: {"using":"xpath","value":"//button[@data-kt=\"addNewRUOverflowToolbarButton\"]"}
COMMAND: POST /session/6cd8861519be2314cbde44996230575a/elements - {"using":"xpath","value":"//button[@data-kt=\"addNewRUOverflowToolbarButton\"]"}
RESULT: {"using":"xpath","value":"//button[@data-kt=\"addNewRUOverflowToolbarButton\"]"}
COMMAND: POST /session/6cd8861519be2314cbde44996230575a/element - {"using":"xpath","value":"//button[@data-kt=\"addNewRUOverflowToolbarButton\"]"}
RESULT: {"using":"xpath","value":"//button[@data-kt=\"addNewRUOverflowToolbarButton\"]"}
COMMAND: POST /session/6cd8861519be2314cbde44996230575a/execute/sync - {"script":"<script> [8489 bytes]","args":[{"element-6066-11e4-a52e-4f735466cecf":"f.B713056A9316196A9232F0DF0934CF03.d.5AFEBE611F7D3DFE8E269876B2D58987.e.10919","ELEMENT":"f.B713056A9316196A9232F0DF0934CF03.d.5AFEBE611F7D3DFE8E269876B2D58987.e.10919"}]}
RESULT: {"script":"<script> [8489 bytes]","args":[{"element-6066-11e4-a52e-4f735466cecf":"f.B713056A9316196A9232F0DF0934CF03.d.5AFEBE611F7D3DFE8E269876B2D58987.e.10919","ELEMENT":"f.B713056A9316196A9232F0DF0934CF03.d.5AFEBE611F7D3DFE8E269876B2D58987.e.10919"}]}
COMMAND: GET /session/6cd8861519be2314cbde44996230575a/element/f.B713056A9316196A9232F0DF0934CF03.d.5AFEBE611F7D3DFE8E269876B2D58987.e.10919/enabled - {}
COMMAND: GET /session/6cd8861519be2314cbde44996230575a/screenshot - {}
RESULT: {}
COMMAND: POST /session/6cd8861519be2314cbde44996230575a/execute/sync - {"script":"<script> [8489 bytes]","args":[{"element-6066-11e4-a52e-4f735466cecf":"f.B713056A9316196A9232F0DF0934CF03.d.5AFEBE611F7D3DFE8E269876B2D58987.e.10919","ELEMENT":"f.B713056A9316196A9232F0DF0934CF03.d.5AFEBE611F7D3DFE8E269876B2D58987.e.10919"}]}
COMMAND: GET /session/6cd8861519be2314cbde44996230575a/screenshot - {}
RESULT: {}
RESULT: {"script":"<script> [8489 bytes]","args":[{"element-6066-11e4-a52e-4f735466cecf":"f.B713056A9316196A9232F0DF0934CF03.d.5AFEBE611F7D3DFE8E269876B2D58987.e.10919","ELEMENT":"f.B713056A9316196A9232F0DF0934CF03.d.5AFEBE611F7D3DFE8E269876B2D58987.e.10919"}]}
COMMAND: POST /session/6cd8861519be2314cbde44996230575a/execute/sync - {"script":"<script> [5351 bytes]","args":[{"element-6066-11e4-a52e-4f735466cecf":"f.B713056A9316196A9232F0DF0934CF03.d.5AFEBE611F7D3DFE8E269876B2D58987.e.10919","ELEMENT":"f.B713056A9316196A9232F0DF0934CF03.d.5AFEBE611F7D3DFE8E269876B2D58987.e.10919"}]}
COMMAND: GET /session/6cd8861519be2314cbde44996230575a/screenshot - {}
RESULT: {}
RESULT: {"script":"<script> [5351 bytes]","args":[{"element-6066-11e4-a52e-4f735466cecf":"f.B713056A9316196A9232F0DF0934CF03.d.5AFEBE611F7D3DFE8E269876B2D58987.e.10919","ELEMENT":"f.B713056A9316196A9232F0DF0934CF03.d.5AFEBE611F7D3DFE8E269876B2D58987.e.10919"}]}
COMMAND: POST /session/6cd8861519be2314cbde44996230575a/element/f.B713056A9316196A9232F0DF0934CF03.d.5AFEBE611F7D3DFE8E269876B2D58987.e.10919/click - {}
COMMAND: GET /session/6cd8861519be2314cbde44996230575a/screenshot - {}
RESULT: {}
RESULT: {}
COMMAND: GET /session/6cd8861519be2314cbde44996230575a/screenshot - {}
COMMAND: POST /session/6cd8861519be2314cbde44996230575a/execute/async - {"script":"<script> [1562 bytes]","args":[{"selector":{"id":"application-manageresources-display-component---newResourceUnit--TYPE-arrow"},"wdio_ui5_key":"applicationmanageresources-display-component---newResourceUnit--TYPE-arrow"}]}
RESULT: {}
RESULT: {}
RESULT: {"script":"<script> [1562 bytes]","args":[{"selector":{"id":"application-manageresources-display-component---newResourceUnit--TYPE-arrow"},"wdio_ui5_key":"applicationmanageresources-display-component---newResourceUnit--TYPE-arrow"}]}
RESULT: undefined
COMMAND: POST /session/6cd8861519be2314cbde44996230575a/element - {"using":"xpath","value":"//*[@id=\"application-manageresources-display-component---newResourceUnit--TYPE-arrow\"]"}
RESULT: {"using":"xpath","value":"//*[@id=\"application-manageresources-display-component---newResourceUnit--TYPE-arrow\"]"}
COMMAND: POST /session/6cd8861519be2314cbde44996230575a/element/f.B713056A9316196A9232F0DF0934CF03.d.5AFEBE611F7D3DFE8E269876B2D58987.e.11263/click - {}
RESULT: {}
COMMAND: POST /session/6cd8861519be2314cbde44996230575a/element - {"using":"xpath","value":"//input[@id=\"application-manageresources-display-component---newResourceUnit--TYPE-inner\"]"}
COMMAND: GET /session/6cd8861519be2314cbde44996230575a/screenshot - {}
RESULT: {"using":"xpath","value":"//input[@id=\"application-manageresources-display-component---newResourceUnit--TYPE-inner\"]"}
COMMAND: POST /session/6cd8861519be2314cbde44996230575a/element/f.B713056A9316196A9232F0DF0934CF03.d.5AFEBE611F7D3DFE8E269876B2D58987.e.11260/clear - {}
RESULT: {}
RESULT: {}
COMMAND: POST /session/6cd8861519be2314cbde44996230575a/element/f.B713056A9316196A9232F0DF0934CF03.d.5AFEBE611F7D3DFE8E269876B2D58987.e.11260/value - {"text":"Equipment"}
COMMAND: GET /session/6cd8861519be2314cbde44996230575a/screenshot - {}
RESULT: {"text":"Equipment"}
COMMAND: GET /session/6cd8861519be2314cbde44996230575a/screenshot - {}
RESULT: {}
RESULT: {}
COMMAND: POST /session/6cd8861519be2314cbde44996230575a/actions - {"actions":[{"id":"action31","type":"key","parameters":{},"actions":[{"type":"keyDown","value":""},{"type":"pause","duration":10},{"type":"keyUp","value":""}]}]}
RESULT: {"actions":[{"id":"action31","type":"key","parameters":{},"actions":[{"type":"keyDown","value":""},{"type":"pause","duration":10},{"type":"keyUp","value":""}]}]}
COMMAND: POST /session/6cd8861519be2314cbde44996230575a/execute/async - {"script":"<script> [1562 bytes]","args":[{"selector":{"id":"application-manageresources-display-component---newResourceUnit--resourceId","interaction":{"idSuffix":"inner"}},"wdio_ui5_key":"applicationmanageresources-display-component---newResourceUnit--resourceId"}]}
COMMAND: GET /session/6cd8861519be2314cbde44996230575a/screenshot - {}
RESULT: {"script":"<script> [1562 bytes]","args":[{"selector":{"id":"application-manageresources-display-component---newResourceUnit--resourceId","interaction":{"idSuffix":"inner"}},"wdio_ui5_key":"applicationmanageresources-display-component---newResourceUnit--resourceId"}]}
RESULT: undefined
COMMAND: POST /session/6cd8861519be2314cbde44996230575a/execute/async - {"script":"<script> [776 bytes]","args":[{"enterText":"Qhrq62zypd","selector":{"id":"application-manageresources-display-component---newResourceUnit--resourceId","interaction":{"idSuffix":"inner"}},"clearTextFirst":true,"interactionType":"ENTER_TEXT"}]}
RESULT: {}
RESULT: {"script":"<script> [776 bytes]","args":[{"enterText":"Qhrq62zypd","selector":{"id":"application-manageresources-display-component---newResourceUnit--resourceId","interaction":{"idSuffix":"inner"}},"clearTextFirst":true,"interactionType":"ENTER_TEXT"}]}
COMMAND: POST /session/6cd8861519be2314cbde44996230575a/execute/async - {"script":"<script> [1562 bytes]","args":[{"selector":{"id":"application-manageresources-display-component---newResourceUnit--SHORT_TEXT","interaction":{"idSuffix":"inner"}},"wdio_ui5_key":"applicationmanageresources-display-component---newResourceUnit--SHORT_TEXT"}]}
RESULT: {"script":"<script> [1562 bytes]","args":[{"selector":{"id":"application-manageresources-display-component---newResourceUnit--SHORT_TEXT","interaction":{"idSuffix":"inner"}},"wdio_ui5_key":"applicationmanageresources-display-component---newResourceUnit--SHORT_TEXT"}]}
RESULT: undefined
COMMAND: POST /session/6cd8861519be2314cbde44996230575a/execute/async - {"script":"<script> [776 bytes]","args":[{"enterText":"Intercompany Equipment WDIO","selector":{"id":"application-manageresources-display-component---newResourceUnit--SHORT_TEXT","interaction":{"idSuffix":"inner"}},"clearTextFirst":true,"interactionType":"ENTER_TEXT"}]}
RESULT: {"script":"<script> [776 bytes]","args":[{"enterText":"Intercompany Equipment WDIO","selector":{"id":"application-manageresources-display-component---newResourceUnit--SHORT_TEXT","interaction":{"idSuffix":"inner"}},"clearTextFirst":true,"interactionType":"ENTER_TEXT"}]}
COMMAND: POST /session/6cd8861519be2314cbde44996230575a/execute/async - {"script":"<script> [1562 bytes]","args":[{"selector":{"id":"application-manageresources-display-component---newResourceUnit--BASE_UNIT_OF_MEASURE","interaction":{"idSuffix":"inner"}},"wdio_ui5_key":"applicationmanageresources-display-component---newResourceUnit--BASE_UNIT_OF_MEASURE"}]}
RESULT: {"script":"<script> [1562 bytes]","args":[{"selector":{"id":"application-manageresources-display-component---newResourceUnit--BASE_UNIT_OF_MEASURE","interaction":{"idSuffix":"inner"}},"wdio_ui5_key":"applicationmanageresources-display-component---newResourceUnit--BASE_UNIT_OF_MEASURE"}]}
RESULT: undefined
COMMAND: POST /session/6cd8861519be2314cbde44996230575a/execute/async - {"script":"<script> [776 bytes]","args":[{"enterText":"Piece","selector":{"id":"application-manageresources-display-component---newResourceUnit--BASE_UNIT_OF_MEASURE","interaction":{"idSuffix":"inner"}},"clearTextFirst":true,"interactionType":"ENTER_TEXT"}]}
RESULT: {"script":"<script> [776 bytes]","args":[{"enterText":"Piece","selector":{"id":"application-manageresources-display-component---newResourceUnit--BASE_UNIT_OF_MEASURE","interaction":{"idSuffix":"inner"}},"clearTextFirst":true,"interactionType":"ENTER_TEXT"}]}
COMMAND: POST /session/6cd8861519be2314cbde44996230575a/execute/async - {"script":"<script> [1562 bytes]","args":[{"selector":{"id":"application-manageresources-display-component---newResourceUnit--WEIGHT_UNIT","interaction":{"idSuffix":"inner"}},"wdio_ui5_key":"applicationmanageresources-display-component---newResourceUnit--WEIGHT_UNIT"}]}
RESULT: {"script":"<script> [1562 bytes]","args":[{"selector":{"id":"application-manageresources-display-component---newResourceUnit--WEIGHT_UNIT","interaction":{"idSuffix":"inner"}},"wdio_ui5_key":"applicationmanageresources-display-component---newResourceUnit--WEIGHT_UNIT"}]}
RESULT: undefined
COMMAND: POST /session/6cd8861519be2314cbde44996230575a/execute/async - {"script":"<script> [776 bytes]","args":[{"enterText":"Gram","selector":{"id":"application-manageresources-display-component---newResourceUnit--WEIGHT_UNIT","interaction":{"idSuffix":"inner"}},"clearTextFirst":true,"interactionType":"ENTER_TEXT"}]}
RESULT: {"script":"<script> [776 bytes]","args":[{"enterText":"Gram","selector":{"id":"application-manageresources-display-component---newResourceUnit--WEIGHT_UNIT","interaction":{"idSuffix":"inner"}},"clearTextFirst":true,"interactionType":"ENTER_TEXT"}]}
COMMAND: POST /session/6cd8861519be2314cbde44996230575a/execute/async - {"script":"<script> [1562 bytes]","args":[{"selector":{"id":"application-manageresources-display-component---newResourceUnit--DIMENSION_UNIT","interaction":{"idSuffix":"inner"}},"wdio_ui5_key":"applicationmanageresources-display-component---newResourceUnit--DIMENSION_UNIT"}]}
RESULT: {"script":"<script> [1562 bytes]","args":[{"selector":{"id":"application-manageresources-display-component---newResourceUnit--DIMENSION_UNIT","interaction":{"idSuffix":"inner"}},"wdio_ui5_key":"applicationmanageresources-display-component---newResourceUnit--DIMENSION_UNIT"}]}
RESULT: undefined
COMMAND: POST /session/6cd8861519be2314cbde44996230575a/execute/async - {"script":"<script> [776 bytes]","args":[{"enterText":"Meter","selector":{"id":"application-manageresources-display-component---newResourceUnit--DIMENSION_UNIT","interaction":{"idSuffix":"inner"}},"clearTextFirst":true,"interactionType":"ENTER_TEXT"}]}
RESULT: {"script":"<script> [776 bytes]","args":[{"enterText":"Meter","selector":{"id":"application-manageresources-display-component---newResourceUnit--DIMENSION_UNIT","interaction":{"idSuffix":"inner"}},"clearTextFirst":true,"interactionType":"ENTER_TEXT"}]}
COMMAND: POST /session/6cd8861519be2314cbde44996230575a/execute/async - {"script":"<script> [1562 bytes]","args":[{"selector":{"id":"application-manageresources-display-component---newResourceUnit--newRRUPage-anchBar-application-manageresources-display-component---newResourceUnit--control-anchor","interaction":{"idSuffix":"BDI-content"}},"wdio_ui5_key":"applicationmanageresources-display-component---newResourceUnit--newRRUPage-anchBar-application-manageresources-display-component---newResourceUnit--control-anchor"}]}
RESULT: {"script":"<script> [1562 bytes]","args":[{"selector":{"id":"application-manageresources-display-component---newResourceUnit--newRRUPage-anchBar-application-manageresources-display-component---newResourceUnit--control-anchor","interaction":{"idSuffix":"BDI-content"}},"wdio_ui5_key":"applicationmanageresources-display-component---newResourceUnit--newRRUPage-anchBar-application-manageresources-display-component---newResourceUnit--control-anchor"}]}
RESULT: undefined
COMMAND: POST /session/6cd8861519be2314cbde44996230575a/element - {"using":"xpath","value":"//*[@id=\"application-manageresources-display-component---newResourceUnit--newRRUPage-anchBar-application-manageresources-display-component---newResourceUnit--control-anchor\"]"}
RESULT: {"using":"xpath","value":"//*[@id=\"application-manageresources-display-component---newResourceUnit--newRRUPage-anchBar-application-manageresources-display-component---newResourceUnit--control-anchor\"]"}
COMMAND: POST /session/6cd8861519be2314cbde44996230575a/element/f.B713056A9316196A9232F0DF0934CF03.d.5AFEBE611F7D3DFE8E269876B2D58987.e.11419/click - {}
RESULT: {}
COMMAND: POST /session/6cd8861519be2314cbde44996230575a/execute/async - {"script":"<script> [1562 bytes]","args":[{"selector":{"id":"application-manageresources-display-component---newResourceUnit--PLANNING_GROUP","interaction":{"idSuffix":"inner"}},"wdio_ui5_key":"applicationmanageresources-display-component---newResourceUnit--PLANNING_GROUP"}]}
COMMAND: GET /session/6cd8861519be2314cbde44996230575a/screenshot - {}
RESULT: {"script":"<script> [1562 bytes]","args":[{"selector":{"id":"application-manageresources-display-component---newResourceUnit--PLANNING_GROUP","interaction":{"idSuffix":"inner"}},"wdio_ui5_key":"applicationmanageresources-display-component---newResourceUnit--PLANNING_GROUP"}]}
RESULT: undefined
COMMAND: POST /session/6cd8861519be2314cbde44996230575a/execute/async - {"script":"<script> [776 bytes]","args":[{"enterText":"Heavy Equi","selector":{"id":"application-manageresources-display-component---newResourceUnit--PLANNING_GROUP","interaction":{"idSuffix":"inner"}},"clearTextFirst":true,"interactionType":"ENTER_TEXT"}]}
RESULT: {}
RESULT: {"script":"<script> [776 bytes]","args":[{"enterText":"Heavy Equi","selector":{"id":"application-manageresources-display-component---newResourceUnit--PLANNING_GROUP","interaction":{"idSuffix":"inner"}},"clearTextFirst":true,"interactionType":"ENTER_TEXT"}]}
COMMAND: POST /session/6cd8861519be2314cbde44996230575a/execute/async - {"script":"<script> [1562 bytes]","args":[{"selector":{"id":"application-manageresources-display-component---newResourceUnit--ITEM_TYPE-arrow"},"wdio_ui5_key":"applicationmanageresources-display-component---newResourceUnit--ITEM_TYPE-arrow"}]}
RESULT: {"script":"<script> [1562 bytes]","args":[{"selector":{"id":"application-manageresources-display-component---newResourceUnit--ITEM_TYPE-arrow"},"wdio_ui5_key":"applicationmanageresources-display-component---newResourceUnit--ITEM_TYPE-arrow"}]}
RESULT: undefined
COMMAND: POST /session/6cd8861519be2314cbde44996230575a/element - {"using":"xpath","value":"//*[@id=\"application-manageresources-display-component---newResourceUnit--ITEM_TYPE-arrow\"]"}
RESULT: {"using":"xpath","value":"//*[@id=\"application-manageresources-display-component---newResourceUnit--ITEM_TYPE-arrow\"]"}
COMMAND: POST /session/6cd8861519be2314cbde44996230575a/element/f.B713056A9316196A9232F0DF0934CF03.d.5AFEBE611F7D3DFE8E269876B2D58987.e.11428/click - {}
RESULT: {}
COMMAND: POST /session/6cd8861519be2314cbde44996230575a/element - {"using":"xpath","value":"(//span[contains(text(), \"Resource Unit\")])[2]"}
COMMAND: GET /session/6cd8861519be2314cbde44996230575a/screenshot - {}
RESULT: {"using":"xpath","value":"(//span[contains(text(), \"Resource Unit\")])[2]"}
COMMAND: POST /session/6cd8861519be2314cbde44996230575a/element/f.B713056A9316196A9232F0DF0934CF03.d.5AFEBE611F7D3DFE8E269876B2D58987.e.11429/click - {}
RESULT: {}
RESULT: {}
COMMAND: GET /session/6cd8861519be2314cbde44996230575a/screenshot - {}
RESULT: {}
COMMAND: POST /session/6cd8861519be2314cbde44996230575a/element - {"using":"css selector","value":"#application-manageresources-display-component---newResourceUnit--btnAddTimeSegment"}
RESULT: {"using":"css selector","value":"#application-manageresources-display-component---newResourceUnit--btnAddTimeSegment"}
COMMAND: GET /session/6cd8861519be2314cbde44996230575a/element/f.B713056A9316196A9232F0DF0934CF03.d.5AFEBE611F7D3DFE8E269876B2D58987.e.11436/rect - {}
RESULT: {}
COMMAND: GET /session/6cd8861519be2314cbde44996230575a/window/rect - {}
RESULT: {}
COMMAND: POST /session/6cd8861519be2314cbde44996230575a/execute/sync - {"script":"<script> [92 bytes]","args":[]}
RESULT: {"script":"<script> [92 bytes]","args":[]}
COMMAND: POST /session/6cd8861519be2314cbde44996230575a/actions - {"actions":[{"id":"action32","type":"wheel","parameters":{},"actions":[{"type":"scroll","x":-1888,"y":-32,"deltaX":0,"deltaY":0,"duration":0,"origin":{"element-6066-11e4-a52e-4f735466cecf":"f.B713056A9316196A9232F0DF0934CF03.d.5AFEBE611F7D3DFE8E269876B2D58987.e.11436"}}]}]}
COMMAND: GET /session/6cd8861519be2314cbde44996230575a/screenshot - {}
RESULT: {}
COMMAND: POST /session/6cd8861519be2314cbde44996230575a/execute/sync - {"script":"<script> [79 bytes]","args":[{"element-6066-11e4-a52e-4f735466cecf":"f.B713056A9316196A9232F0DF0934CF03.d.5AFEBE611F7D3DFE8E269876B2D58987.e.11436","ELEMENT":"f.B713056A9316196A9232F0DF0934CF03.d.5AFEBE611F7D3DFE8E269876B2D58987.e.11436"},{"block":"start","inline":"nearest"}]}
RESULT: {"script":"<script> [79 bytes]","args":[{"element-6066-11e4-a52e-4f735466cecf":"f.B713056A9316196A9232F0DF0934CF03.d.5AFEBE611F7D3DFE8E269876B2D58987.e.11436","ELEMENT":"f.B713056A9316196A9232F0DF0934CF03.d.5AFEBE611F7D3DFE8E269876B2D58987.e.11436"},{"block":"start","inline":"nearest"}]}
COMMAND: POST /session/6cd8861519be2314cbde44996230575a/execute/async - {"script":"<script> [1562 bytes]","args":[{"selector":{"id":"application-manageresources-display-component---newResourceUnit--btnAddTimeSegment","interaction":{"idSuffix":"inner"}},"wdio_ui5_key":"applicationmanageresources-display-component---newResourceUnit--btnAddTimeSegment"}]}
COMMAND: GET /session/6cd8861519be2314cbde44996230575a/screenshot - {}
RESULT: {"script":"<script> [1562 bytes]","args":[{"selector":{"id":"application-manageresources-display-component---newResourceUnit--btnAddTimeSegment","interaction":{"idSuffix":"inner"}},"wdio_ui5_key":"applicationmanageresources-display-component---newResourceUnit--btnAddTimeSegment"}]}
RESULT: undefined
COMMAND: POST /session/6cd8861519be2314cbde44996230575a/element - {"using":"xpath","value":"//*[@id=\"application-manageresources-display-component---newResourceUnit--btnAddTimeSegment\"]"}
RESULT: {}
RESULT: {"using":"xpath","value":"//*[@id=\"application-manageresources-display-component---newResourceUnit--btnAddTimeSegment\"]"}
COMMAND: POST /session/6cd8861519be2314cbde44996230575a/element/f.B713056A9316196A9232F0DF0934CF03.d.5AFEBE611F7D3DFE8E269876B2D58987.e.11436/click - {}
RESULT: {}
COMMAND: GET /session/6cd8861519be2314cbde44996230575a/screenshot - {}
RESULT: {}
COMMAND: POST /session/6cd8861519be2314cbde44996230575a/element - {"using":"xpath","value":"//input[@id=\"application-manageresources-display-component---newResourceUnit--idRuTSAdmin-application-manageresources-display-component---newResourceUnit--RUTimeSegment-0-inner\"]"}
RESULT: {"using":"xpath","value":"//input[@id=\"application-manageresources-display-component---newResourceUnit--idRuTSAdmin-application-manageresources-display-component---newResourceUnit--RUTimeSegment-0-inner\"]"}
COMMAND: POST /session/6cd8861519be2314cbde44996230575a/element/f.B713056A9316196A9232F0DF0934CF03.d.5AFEBE611F7D3DFE8E269876B2D58987.e.11442/clear - {}
RESULT: {}
COMMAND: POST /session/6cd8861519be2314cbde44996230575a/element/f.B713056A9316196A9232F0DF0934CF03.d.5AFEBE611F7D3DFE8E269876B2D58987.e.11442/value - {"text":"235"}
COMMAND: GET /session/6cd8861519be2314cbde44996230575a/screenshot - {}
RESULT: {"text":"235"}
COMMAND: GET /session/6cd8861519be2314cbde44996230575a/screenshot - {}
RESULT: {}
RESULT: {}
COMMAND: POST /session/6cd8861519be2314cbde44996230575a/element - {"using":"xpath","value":"//li[.//span[text()='235']]"}
RESULT: {"using":"xpath","value":"//li[.//span[text()='235']]"}
COMMAND: POST /session/6cd8861519be2314cbde44996230575a/element/f.B713056A9316196A9232F0DF0934CF03.d.5AFEBE611F7D3DFE8E269876B2D58987.e.11453/click - {}
RESULT: {}
COMMAND: GET /session/6cd8861519be2314cbde44996230575a/screenshot - {}
RESULT: {}
COMMAND: POST /session/6cd8861519be2314cbde44996230575a/element - {"using":"xpath","value":"(//span[contains(@id, \"-application-manageresources-display-component---newResourceUnit--RUTimeSegment-0-arrow\")])[6]"}
RESULT: {"using":"xpath","value":"(//span[contains(@id, \"-application-manageresources-display-component---newResourceUnit--RUTimeSegment-0-arrow\")])[6]"}
COMMAND: POST /session/6cd8861519be2314cbde44996230575a/element/f.B713056A9316196A9232F0DF0934CF03.d.5AFEBE611F7D3DFE8E269876B2D58987.e.11454/click - {}
RESULT: {}
COMMAND: GET /session/6cd8861519be2314cbde44996230575a/screenshot - {}
RESULT: {}
COMMAND: POST /session/6cd8861519be2314cbde44996230575a/element - {"using":"xpath","value":"//span[contains(text(), \"PM Order\")]"}
RESULT: {"using":"xpath","value":"//span[contains(text(), \"PM Order\")]"}
COMMAND: POST /session/6cd8861519be2314cbde44996230575a/element/f.B713056A9316196A9232F0DF0934CF03.d.5AFEBE611F7D3DFE8E269876B2D58987.e.11457/click - {}
RESULT: {}
COMMAND: GET /session/6cd8861519be2314cbde44996230575a/screenshot - {}
RESULT: {}
COMMAND: POST /session/6cd8861519be2314cbde44996230575a/element - {"using":"xpath","value":"(//span[contains(@id ,\"manageresources-display-component---newResourceUnit--RUTimeSegment-0-vhi\")])[1]"}
RESULT: {"using":"xpath","value":"(//span[contains(@id ,\"manageresources-display-component---newResourceUnit--RUTimeSegment-0-vhi\")])[1]"}
COMMAND: GET /session/6cd8861519be2314cbde44996230575a/element/f.B713056A9316196A9232F0DF0934CF03.d.5AFEBE611F7D3DFE8E269876B2D58987.e.11461/rect - {}
RESULT: {}
COMMAND: GET /session/6cd8861519be2314cbde44996230575a/window/rect - {}
RESULT: {}
COMMAND: POST /session/6cd8861519be2314cbde44996230575a/execute/sync - {"script":"<script> [92 bytes]","args":[]}
RESULT: {"script":"<script> [92 bytes]","args":[]}
COMMAND: POST /session/6cd8861519be2314cbde44996230575a/actions - {"actions":[{"id":"action33","type":"wheel","parameters":{},"actions":[{"type":"scroll","x":-869,"y":-24,"deltaX":0,"deltaY":0,"duration":0,"origin":{"element-6066-11e4-a52e-4f735466cecf":"f.B713056A9316196A9232F0DF0934CF03.d.5AFEBE611F7D3DFE8E269876B2D58987.e.11461"}}]}]}
COMMAND: GET /session/6cd8861519be2314cbde44996230575a/screenshot - {}
RESULT: {"actions":[{"id":"action33","type":"wheel","parameters":{},"actions":[{"type":"scroll","x":-869,"y":-24,"deltaX":0,"deltaY":0,"duration":0,"origin":{"element-6066-11e4-a52e-4f735466cecf":"f.B713056A9316196A9232F0DF0934CF03.d.5AFEBE611F7D3DFE8E269876B2D58987.e.11461"}}]}]}
COMMAND: DELETE /session/6cd8861519be2314cbde44996230575a/actions - {}
COMMAND: GET /session/6cd8861519be2314cbde44996230575a/screenshot - {}
RESULT: {}
RESULT: {}
COMMAND: GET /session/6cd8861519be2314cbde44996230575a/screenshot - {}
RESULT: {}
RESULT: {}
COMMAND: POST /session/6cd8861519be2314cbde44996230575a/element/f.B713056A9316196A9232F0DF0934CF03.d.5AFEBE611F7D3DFE8E269876B2D58987.e.11461/click - {}
RESULT: {}
COMMAND: GET /session/6cd8861519be2314cbde44996230575a/screenshot - {}
RESULT: {}
RESULT: undefined
COMMAND: POST /session/6cd8861519be2314cbde44996230575a/execute/async - {"script":"<script> [776 bytes]","args":[{"enterText":"4000360","selector":{"controlType":"sap.m.SearchField","properties":{"placeholder":"Search"},"searchOpenDialogs":true,"interaction":{"idSuffix":"I"}},"clearTextFirst":true,"interactionType":"ENTER_TEXT"}]}
RESULT: {"script":"<script> [776 bytes]","args":[{"enterText":"4000360","selector":{"controlType":"sap.m.SearchField","properties":{"placeholder":"Search"},"searchOpenDialogs":true,"interaction":{"idSuffix":"I"}},"clearTextFirst":true,"interactionType":"ENTER_TEXT"}]}
COMMAND: POST /session/6cd8861519be2314cbde44996230575a/actions - {"actions":[{"id":"action34","type":"key","parameters":{},"actions":[{"type":"keyDown","value":""},{"type":"pause","duration":10},{"type":"keyUp","value":""}]}]}
RESULT: {"actions":[{"id":"action34","type":"key","parameters":{},"actions":[{"type":"keyDown","value":""},{"type":"pause","duration":10},{"type":"keyUp","value":""}]}]}
COMMAND: GET /session/6cd8861519be2314cbde44996230575a/screenshot - {}
RESULT: {}
COMMAND: POST /session/6cd8861519be2314cbde44996230575a/element - {"using":"xpath","value":"//td/div/span[contains(text(), \"BGL Vehicles\")]"}
RESULT: {"using":"xpath","value":"//td/div/span[contains(text(), \"BGL Vehicles\")]"}
COMMAND: POST /session/6cd8861519be2314cbde44996230575a/element/f.B713056A9316196A9232F0DF0934CF03.d.5AFEBE611F7D3DFE8E269876B2D58987.e.11482/click - {}
RESULT: {}
COMMAND: GET /session/6cd8861519be2314cbde44996230575a/screenshot - {}
RESULT: {}
COMMAND: POST /session/6cd8861519be2314cbde44996230575a/element - {"using":"xpath","value":"//bdi[contains(text(), \"OK\")]"}
RESULT: {"using":"xpath","value":"//bdi[contains(text(), \"OK\")]"}
COMMAND: POST /session/6cd8861519be2314cbde44996230575a/element/f.B713056A9316196A9232F0DF0934CF03.d.5AFEBE611F7D3DFE8E269876B2D58987.e.11483/click - {}
RESULT: {}
COMMAND: GET /session/6cd8861519be2314cbde44996230575a/screenshot - {}
RESULT: {}
COMMAND: POST /session/6cd8861519be2314cbde44996230575a/execute/async - {"script":"<script> [1562 bytes]","args":[{"selector":{"id":"application-manageresources-display-component---newResourceUnit--newRRUPage-anchBar-application-manageresources-display-component---newResourceUnit--resource-anchor","interaction":{"idSuffix":"BDI-content"}},"wdio_ui5_key":"applicationmanageresources-display-component---newResourceUnit--newRRUPage-anchBar-application-manageresources-display-component---newResourceUnit--resource-anchor"}]}
RESULT: {"script":"<script> [1562 bytes]","args":[{"selector":{"id":"application-manageresources-display-component---newResourceUnit--newRRUPage-anchBar-application-manageresources-display-component---newResourceUnit--resource-anchor","interaction":{"idSuffix":"BDI-content"}},"wdio_ui5_key":"applicationmanageresources-display-component---newResourceUnit--newRRUPage-anchBar-application-manageresources-display-component---newResourceUnit--resource-anchor"}]}
RESULT: undefined
COMMAND: POST /session/6cd8861519be2314cbde44996230575a/element - {"using":"xpath","value":"//*[@id=\"application-manageresources-display-component---newResourceUnit--newRRUPage-anchBar-application-manageresources-display-component---newResourceUnit--resource-anchor\"]"}
RESULT: {"using":"xpath","value":"//*[@id=\"application-manageresources-display-component---newResourceUnit--newRRUPage-anchBar-application-manageresources-display-component---newResourceUnit--resource-anchor\"]"}
COMMAND: POST /session/6cd8861519be2314cbde44996230575a/element/f.B713056A9316196A9232F0DF0934CF03.d.5AFEBE611F7D3DFE8E269876B2D58987.e.11487/click - {}
RESULT: {}
COMMAND: POST /session/6cd8861519be2314cbde44996230575a/execute/async - {"script":"<script> [1562 bytes]","args":[{"selector":{"id":"application-manageresources-display-component---newResourceUnit--PLANNED_DELIVERY_DATE","interaction":{"idSuffix":"inner"}},"wdio_ui5_key":"applicationmanageresources-display-component---newResourceUnit--PLANNED_DELIVERY_DATE"}]}
COMMAND: GET /session/6cd8861519be2314cbde44996230575a/screenshot - {}
RESULT: {"script":"<script> [1562 bytes]","args":[{"selector":{"id":"application-manageresources-display-component---newResourceUnit--PLANNED_DELIVERY_DATE","interaction":{"idSuffix":"inner"}},"wdio_ui5_key":"applicationmanageresources-display-component---newResourceUnit--PLANNED_DELIVERY_DATE"}]}
RESULT: undefined
COMMAND: POST /session/6cd8861519be2314cbde44996230575a/execute/async - {"script":"<script> [6424 bytes]","args":[{"element-6066-11e4-a52e-4f735466cecf":"f.B713056A9316196A9232F0DF0934CF03.d.5AFEBE611F7D3DFE8E269876B2D58987.e.11318"},"setValue",["5/23/25"]]}
RESULT: {}
RESULT: {"script":"<script> [6424 bytes]","args":[{"element-6066-11e4-a52e-4f735466cecf":"f.B713056A9316196A9232F0DF0934CF03.d.5AFEBE611F7D3DFE8E269876B2D58987.e.11318"},"setValue",["5/23/25"]]}
COMMAND: POST /session/6cd8861519be2314cbde44996230575a/element - {"using":"xpath","value":"//label[contains(@class, 'sapMLabelRequired') and .//bdi[contains(text(), 'Planned Retirement')]]"}
RESULT: {"using":"xpath","value":"//label[contains(@class, 'sapMLabelRequired') and .//bdi[contains(text(), 'Planned Retirement')]]"}
COMMAND: POST /session/6cd8861519be2314cbde44996230575a/elements - {"using":"xpath","value":"//label[contains(@class, 'sapMLabelRequired') and .//bdi[contains(text(), 'Planned Retirement')]]"}
RESULT: {"using":"xpath","value":"//label[contains(@class, 'sapMLabelRequired') and .//bdi[contains(text(), 'Planned Retirement')]]"}
COMMAND: POST /session/6cd8861519be2314cbde44996230575a/element - {"using":"xpath","value":"//button[@data-kt=\"resourceUnitSaveButton\"]"}
RESULT: {"using":"xpath","value":"//button[@data-kt=\"resourceUnitSaveButton\"]"}
COMMAND: POST /session/6cd8861519be2314cbde44996230575a/element/f.B713056A9316196A9232F0DF0934CF03.d.5AFEBE611F7D3DFE8E269876B2D58987.e.11278/click - {}
RESULT: {}
COMMAND: GET /session/6cd8861519be2314cbde44996230575a/screenshot - {}
RESULT: {}
COMMAND: POST /session/6cd8861519be2314cbde44996230575a/element - {"using":"xpath","value":"//bdi[contains(text(), \"Close\")]"}
RESULT: {"using":"xpath","value":"//bdi[contains(text(), \"Close\")]"}
COMMAND: POST /session/6cd8861519be2314cbde44996230575a/element/f.B713056A9316196A9232F0DF0934CF03.d.5AFEBE611F7D3DFE8E269876B2D58987.e.11495/click - {}
RESULT: {}
COMMAND: GET /session/6cd8861519be2314cbde44996230575a/screenshot - {}
COMMAND: POST /session/6cd8861519be2314cbde44996230575a/element - {"using":"xpath","value":"(//button[contains(@id ,\"actionsToolbar-overflowButton\")])[1]"}
RESULT: {}
RESULT: {"using":"xpath","value":"(//button[contains(@id ,\"actionsToolbar-overflowButton\")])[1]"}
COMMAND: POST /session/6cd8861519be2314cbde44996230575a/element/f.B713056A9316196A9232F0DF0934CF03.d.5AFEBE611F7D3DFE8E269876B2D58987.e.11527/click - {}
RESULT: {}
COMMAND: GET /session/6cd8861519be2314cbde44996230575a/screenshot - {}
RESULT: {}
COMMAND: POST /session/6cd8861519be2314cbde44996230575a/element - {"using":"xpath","value":"//button[@data-kt=\"priceInfoButton\"]"}
RESULT: {"using":"xpath","value":"//button[@data-kt=\"priceInfoButton\"]"}
COMMAND: POST /session/6cd8861519be2314cbde44996230575a/element/f.B713056A9316196A9232F0DF0934CF03.d.5AFEBE611F7D3DFE8E269876B2D58987.e.11529/click - {}
RESULT: {}
COMMAND: GET /session/6cd8861519be2314cbde44996230575a/screenshot - {}
]]></system-out>
    </testcase>
    <testcase classname="chrome.136_0_7103_93.windows.Billing_Transfer_-_Intracompany_US127249" name="Should create a pricing procedure" time="62.21">
      <system-out><![CDATA[
COMMAND: POST /session/6cd8861519be2314cbde44996230575a/element - {"using":"xpath","value":"//button[@data-kt=\"addButton\"]"}
RESULT: {}
RESULT: {"using":"xpath","value":"//button[@data-kt=\"addButton\"]"}
COMMAND: POST /session/6cd8861519be2314cbde44996230575a/elements - {"using":"xpath","value":"//button[@data-kt=\"addButton\"]"}
RESULT: {"using":"xpath","value":"//button[@data-kt=\"addButton\"]"}
COMMAND: POST /session/6cd8861519be2314cbde44996230575a/elements - {"using":"xpath","value":"//button[@data-kt=\"addButton\"]"}
RESULT: {"using":"xpath","value":"//button[@data-kt=\"addButton\"]"}
COMMAND: POST /session/6cd8861519be2314cbde44996230575a/elements - {"using":"xpath","value":"//button[@data-kt=\"addButton\"]"}
RESULT: {"using":"xpath","value":"//button[@data-kt=\"addButton\"]"}
COMMAND: POST /session/6cd8861519be2314cbde44996230575a/elements - {"using":"xpath","value":"//button[@data-kt=\"addButton\"]"}
RESULT: {"using":"xpath","value":"//button[@data-kt=\"addButton\"]"}
COMMAND: POST /session/6cd8861519be2314cbde44996230575a/elements - {"using":"xpath","value":"//button[@data-kt=\"addButton\"]"}
RESULT: {"using":"xpath","value":"//button[@data-kt=\"addButton\"]"}
COMMAND: POST /session/6cd8861519be2314cbde44996230575a/elements - {"using":"xpath","value":"//button[@data-kt=\"addButton\"]"}
RESULT: {"using":"xpath","value":"//button[@data-kt=\"addButton\"]"}
COMMAND: POST /session/6cd8861519be2314cbde44996230575a/elements - {"using":"xpath","value":"//button[@data-kt=\"addButton\"]"}
RESULT: {"using":"xpath","value":"//button[@data-kt=\"addButton\"]"}
COMMAND: POST /session/6cd8861519be2314cbde44996230575a/elements - {"using":"xpath","value":"//button[@data-kt=\"addButton\"]"}
RESULT: {"using":"xpath","value":"//button[@data-kt=\"addButton\"]"}
COMMAND: POST /session/6cd8861519be2314cbde44996230575a/elements - {"using":"xpath","value":"//button[@data-kt=\"addButton\"]"}
RESULT: {"using":"xpath","value":"//button[@data-kt=\"addButton\"]"}
COMMAND: POST /session/6cd8861519be2314cbde44996230575a/elements - {"using":"xpath","value":"//button[@data-kt=\"addButton\"]"}
RESULT: {"using":"xpath","value":"//button[@data-kt=\"addButton\"]"}
COMMAND: POST /session/6cd8861519be2314cbde44996230575a/elements - {"using":"xpath","value":"//button[@data-kt=\"addButton\"]"}
RESULT: {"using":"xpath","value":"//button[@data-kt=\"addButton\"]"}
COMMAND: POST /session/6cd8861519be2314cbde44996230575a/elements - {"using":"xpath","value":"//button[@data-kt=\"addButton\"]"}
RESULT: {"using":"xpath","value":"//button[@data-kt=\"addButton\"]"}
COMMAND: POST /session/6cd8861519be2314cbde44996230575a/elements - {"using":"xpath","value":"//button[@data-kt=\"addButton\"]"}
RESULT: {"using":"xpath","value":"//button[@data-kt=\"addButton\"]"}
COMMAND: POST /session/6cd8861519be2314cbde44996230575a/elements - {"using":"xpath","value":"//button[@data-kt=\"addButton\"]"}
RESULT: {"using":"xpath","value":"//button[@data-kt=\"addButton\"]"}
COMMAND: POST /session/6cd8861519be2314cbde44996230575a/elements - {"using":"xpath","value":"//button[@data-kt=\"addButton\"]"}
RESULT: {"using":"xpath","value":"//button[@data-kt=\"addButton\"]"}
COMMAND: POST /session/6cd8861519be2314cbde44996230575a/elements - {"using":"xpath","value":"//button[@data-kt=\"addButton\"]"}
RESULT: {"using":"xpath","value":"//button[@data-kt=\"addButton\"]"}
COMMAND: POST /session/6cd8861519be2314cbde44996230575a/elements - {"using":"xpath","value":"//button[@data-kt=\"addButton\"]"}
RESULT: {"using":"xpath","value":"//button[@data-kt=\"addButton\"]"}
COMMAND: POST /session/6cd8861519be2314cbde44996230575a/elements - {"using":"xpath","value":"//button[@data-kt=\"addButton\"]"}
RESULT: {"using":"xpath","value":"//button[@data-kt=\"addButton\"]"}
COMMAND: POST /session/6cd8861519be2314cbde44996230575a/elements - {"using":"xpath","value":"//button[@data-kt=\"addButton\"]"}
RESULT: {"using":"xpath","value":"//button[@data-kt=\"addButton\"]"}
COMMAND: POST /session/6cd8861519be2314cbde44996230575a/elements - {"using":"xpath","value":"//button[@data-kt=\"addButton\"]"}
RESULT: {"using":"xpath","value":"//button[@data-kt=\"addButton\"]"}
COMMAND: POST /session/6cd8861519be2314cbde44996230575a/elements - {"using":"xpath","value":"//button[@data-kt=\"addButton\"]"}
RESULT: {"using":"xpath","value":"//button[@data-kt=\"addButton\"]"}
COMMAND: POST /session/6cd8861519be2314cbde44996230575a/elements - {"using":"xpath","value":"//button[@data-kt=\"addButton\"]"}
RESULT: {"using":"xpath","value":"//button[@data-kt=\"addButton\"]"}
COMMAND: POST /session/6cd8861519be2314cbde44996230575a/element - {"using":"xpath","value":"//button[@data-kt=\"addButton\"]"}
RESULT: {"using":"xpath","value":"//button[@data-kt=\"addButton\"]"}
COMMAND: POST /session/6cd8861519be2314cbde44996230575a/execute/sync - {"script":"<script> [8489 bytes]","args":[{"element-6066-11e4-a52e-4f735466cecf":"f.B713056A9316196A9232F0DF0934CF03.d.5AFEBE611F7D3DFE8E269876B2D58987.e.11565","ELEMENT":"f.B713056A9316196A9232F0DF0934CF03.d.5AFEBE611F7D3DFE8E269876B2D58987.e.11565"}]}
RESULT: {"script":"<script> [8489 bytes]","args":[{"element-6066-11e4-a52e-4f735466cecf":"f.B713056A9316196A9232F0DF0934CF03.d.5AFEBE611F7D3DFE8E269876B2D58987.e.11565","ELEMENT":"f.B713056A9316196A9232F0DF0934CF03.d.5AFEBE611F7D3DFE8E269876B2D58987.e.11565"}]}
COMMAND: GET /session/6cd8861519be2314cbde44996230575a/element/f.B713056A9316196A9232F0DF0934CF03.d.5AFEBE611F7D3DFE8E269876B2D58987.e.11565/enabled - {}
COMMAND: GET /session/6cd8861519be2314cbde44996230575a/screenshot - {}
RESULT: {}
COMMAND: POST /session/6cd8861519be2314cbde44996230575a/execute/sync - {"script":"<script> [8489 bytes]","args":[{"element-6066-11e4-a52e-4f735466cecf":"f.B713056A9316196A9232F0DF0934CF03.d.5AFEBE611F7D3DFE8E269876B2D58987.e.11565","ELEMENT":"f.B713056A9316196A9232F0DF0934CF03.d.5AFEBE611F7D3DFE8E269876B2D58987.e.11565"}]}
COMMAND: GET /session/6cd8861519be2314cbde44996230575a/screenshot - {}
RESULT: {}
RESULT: {"script":"<script> [8489 bytes]","args":[{"element-6066-11e4-a52e-4f735466cecf":"f.B713056A9316196A9232F0DF0934CF03.d.5AFEBE611F7D3DFE8E269876B2D58987.e.11565","ELEMENT":"f.B713056A9316196A9232F0DF0934CF03.d.5AFEBE611F7D3DFE8E269876B2D58987.e.11565"}]}
COMMAND: POST /session/6cd8861519be2314cbde44996230575a/execute/sync - {"script":"<script> [5351 bytes]","args":[{"element-6066-11e4-a52e-4f735466cecf":"f.B713056A9316196A9232F0DF0934CF03.d.5AFEBE611F7D3DFE8E269876B2D58987.e.11565","ELEMENT":"f.B713056A9316196A9232F0DF0934CF03.d.5AFEBE611F7D3DFE8E269876B2D58987.e.11565"}]}
COMMAND: GET /session/6cd8861519be2314cbde44996230575a/screenshot - {}
RESULT: {}
RESULT: {"script":"<script> [5351 bytes]","args":[{"element-6066-11e4-a52e-4f735466cecf":"f.B713056A9316196A9232F0DF0934CF03.d.5AFEBE611F7D3DFE8E269876B2D58987.e.11565","ELEMENT":"f.B713056A9316196A9232F0DF0934CF03.d.5AFEBE611F7D3DFE8E269876B2D58987.e.11565"}]}
COMMAND: POST /session/6cd8861519be2314cbde44996230575a/element/f.B713056A9316196A9232F0DF0934CF03.d.5AFEBE611F7D3DFE8E269876B2D58987.e.11565/click - {}
COMMAND: GET /session/6cd8861519be2314cbde44996230575a/screenshot - {}
RESULT: {}
RESULT: {}
COMMAND: GET /session/6cd8861519be2314cbde44996230575a/screenshot - {}
RESULT: {}
RESULT: {}
COMMAND: POST /session/6cd8861519be2314cbde44996230575a/execute/async - {"script":"<script> [1562 bytes]","args":[{"selector":{"controlType":"sap.m.Title","viewName":"etm.portal.ui.managepricingrules.view.NewItem","viewId":"application-managepricingrules-display-component---newInfoPriceItem","properties":{"text":"New Pricing Rules - Item Level"}},"wdio_ui5_key":"etmportal.ui.managepricingrules.view.NewItemsap.m.Title{\"text\":\"New Pricing Rules - Item Level\"}"}]}
RESULT: {"script":"<script> [1562 bytes]","args":[{"selector":{"controlType":"sap.m.Title","viewName":"etm.portal.ui.managepricingrules.view.NewItem","viewId":"application-managepricingrules-display-component---newInfoPriceItem","properties":{"text":"New Pricing Rules - Item Level"}},"wdio_ui5_key":"etmportal.ui.managepricingrules.view.NewItemsap.m.Title{\"text\":\"New Pricing Rules - Item Level\"}"}]}
RESULT: undefined
COMMAND: POST /session/6cd8861519be2314cbde44996230575a/execute/async - {"script":"<script> [6424 bytes]","args":[{"element-6066-11e4-a52e-4f735466cecf":"f.B713056A9316196A9232F0DF0934CF03.d.5AFEBE611F7D3DFE8E269876B2D58987.e.11644"},"getText",[]]}
RESULT: {"script":"<script> [6424 bytes]","args":[{"element-6066-11e4-a52e-4f735466cecf":"f.B713056A9316196A9232F0DF0934CF03.d.5AFEBE611F7D3DFE8E269876B2D58987.e.11644"},"getText",[]]}
COMMAND: POST /session/6cd8861519be2314cbde44996230575a/execute/async - {"script":"<script> [1562 bytes]","args":[{"selector":{"id":"application-managepricingrules-display-component---newInfoPriceItem--condValidTo","interaction":{"idSuffix":"inner"}},"wdio_ui5_key":"applicationmanagepricingrules-display-component---newInfoPriceItem--condValidTo"}]}
RESULT: {"script":"<script> [1562 bytes]","args":[{"selector":{"id":"application-managepricingrules-display-component---newInfoPriceItem--condValidTo","interaction":{"idSuffix":"inner"}},"wdio_ui5_key":"applicationmanagepricingrules-display-component---newInfoPriceItem--condValidTo"}]}
RESULT: undefined
COMMAND: POST /session/6cd8861519be2314cbde44996230575a/execute/async - {"script":"<script> [776 bytes]","args":[{"enterText":"1/23/26","selector":{"id":"application-managepricingrules-display-component---newInfoPriceItem--condValidTo","interaction":{"idSuffix":"inner"}},"clearTextFirst":true,"interactionType":"ENTER_TEXT"}]}
RESULT: {"script":"<script> [776 bytes]","args":[{"enterText":"1/23/26","selector":{"id":"application-managepricingrules-display-component---newInfoPriceItem--condValidTo","interaction":{"idSuffix":"inner"}},"clearTextFirst":true,"interactionType":"ENTER_TEXT"}]}
COMMAND: POST /session/6cd8861519be2314cbde44996230575a/execute/async - {"script":"<script> [1562 bytes]","args":[{"selector":{"id":"application-managepricingrules-display-component---newInfoPriceItem--billType-arrow"},"wdio_ui5_key":"applicationmanagepricingrules-display-component---newInfoPriceItem--billType-arrow"}]}
RESULT: {"script":"<script> [1562 bytes]","args":[{"selector":{"id":"application-managepricingrules-display-component---newInfoPriceItem--billType-arrow"},"wdio_ui5_key":"applicationmanagepricingrules-display-component---newInfoPriceItem--billType-arrow"}]}
RESULT: undefined
COMMAND: POST /session/6cd8861519be2314cbde44996230575a/element - {"using":"xpath","value":"//*[@id=\"application-managepricingrules-display-component---newInfoPriceItem--billType-arrow\"]"}
RESULT: {"using":"xpath","value":"//*[@id=\"application-managepricingrules-display-component---newInfoPriceItem--billType-arrow\"]"}
COMMAND: POST /session/6cd8861519be2314cbde44996230575a/element/f.B713056A9316196A9232F0DF0934CF03.d.5AFEBE611F7D3DFE8E269876B2D58987.e.11648/click - {}
RESULT: {}
COMMAND: POST /session/6cd8861519be2314cbde44996230575a/element - {"using":"xpath","value":"//span[contains(text(), \"TB - Time based\")]"}
COMMAND: GET /session/6cd8861519be2314cbde44996230575a/screenshot - {}
RESULT: {"using":"xpath","value":"//span[contains(text(), \"TB - Time based\")]"}
COMMAND: POST /session/6cd8861519be2314cbde44996230575a/element/f.B713056A9316196A9232F0DF0934CF03.d.5AFEBE611F7D3DFE8E269876B2D58987.e.11649/click - {}
RESULT: {}
RESULT: {}
COMMAND: POST /session/6cd8861519be2314cbde44996230575a/execute/async - {"script":"<script> [1562 bytes]","args":[{"selector":{"id":"application-managepricingrules-display-component---newInfoPriceItem--priceProc-arrow"},"wdio_ui5_key":"applicationmanagepricingrules-display-component---newInfoPriceItem--priceProc-arrow"}]}
COMMAND: GET /session/6cd8861519be2314cbde44996230575a/screenshot - {}
RESULT: {"script":"<script> [1562 bytes]","args":[{"selector":{"id":"application-managepricingrules-display-component---newInfoPriceItem--priceProc-arrow"},"wdio_ui5_key":"applicationmanagepricingrules-display-component---newInfoPriceItem--priceProc-arrow"}]}
RESULT: undefined
COMMAND: POST /session/6cd8861519be2314cbde44996230575a/element - {"using":"xpath","value":"//*[@id=\"application-managepricingrules-display-component---newInfoPriceItem--priceProc-arrow\"]"}
RESULT: {}
RESULT: {"using":"xpath","value":"//*[@id=\"application-managepricingrules-display-component---newInfoPriceItem--priceProc-arrow\"]"}
COMMAND: POST /session/6cd8861519be2314cbde44996230575a/element/f.B713056A9316196A9232F0DF0934CF03.d.5AFEBE611F7D3DFE8E269876B2D58987.e.11650/click - {}
RESULT: {}
COMMAND: POST /session/6cd8861519be2314cbde44996230575a/element - {"using":"xpath","value":"//span[contains(text(), \"TBS - Time based standard\")]"}
COMMAND: GET /session/6cd8861519be2314cbde44996230575a/screenshot - {}
RESULT: {"using":"xpath","value":"//span[contains(text(), \"TBS - Time based standard\")]"}
COMMAND: POST /session/6cd8861519be2314cbde44996230575a/element/f.B713056A9316196A9232F0DF0934CF03.d.5AFEBE611F7D3DFE8E269876B2D58987.e.11651/click - {}
RESULT: {}
RESULT: {}
COMMAND: POST /session/6cd8861519be2314cbde44996230575a/execute/async - {"script":"<script> [1562 bytes]","args":[{"selector":{"id":"application-managepricingrules-display-component---newInfoPriceItem--calcBase-arrow"},"wdio_ui5_key":"applicationmanagepricingrules-display-component---newInfoPriceItem--calcBase-arrow"}]}
COMMAND: GET /session/6cd8861519be2314cbde44996230575a/screenshot - {}
RESULT: {"script":"<script> [1562 bytes]","args":[{"selector":{"id":"application-managepricingrules-display-component---newInfoPriceItem--calcBase-arrow"},"wdio_ui5_key":"applicationmanagepricingrules-display-component---newInfoPriceItem--calcBase-arrow"}]}
RESULT: undefined
COMMAND: POST /session/6cd8861519be2314cbde44996230575a/element - {"using":"xpath","value":"//*[@id=\"application-managepricingrules-display-component---newInfoPriceItem--calcBase-arrow\"]"}
RESULT: {}
RESULT: {"using":"xpath","value":"//*[@id=\"application-managepricingrules-display-component---newInfoPriceItem--calcBase-arrow\"]"}
COMMAND: POST /session/6cd8861519be2314cbde44996230575a/element/f.B713056A9316196A9232F0DF0934CF03.d.5AFEBE611F7D3DFE8E269876B2D58987.e.11652/click - {}
RESULT: {}
COMMAND: GET /session/6cd8861519be2314cbde44996230575a/screenshot - {}
RESULT: {}
COMMAND: POST /session/6cd8861519be2314cbde44996230575a/element - {"using":"xpath","value":"//span[contains(text(), \"0006 - TB(calendar days)\")]"}
RESULT: {"using":"xpath","value":"//span[contains(text(), \"0006 - TB(calendar days)\")]"}
COMMAND: POST /session/6cd8861519be2314cbde44996230575a/element/f.B713056A9316196A9232F0DF0934CF03.d.5AFEBE611F7D3DFE8E269876B2D58987.e.11653/click - {}
RESULT: {}
COMMAND: GET /session/6cd8861519be2314cbde44996230575a/screenshot - {}
RESULT: {}
COMMAND: POST /session/6cd8861519be2314cbde44996230575a/execute/async - {"script":"<script> [1562 bytes]","args":[{"selector":{"id":"application-managepricingrules-display-component---newInfoPriceItem--daysMonth","interaction":{"idSuffix":"inner"}},"wdio_ui5_key":"applicationmanagepricingrules-display-component---newInfoPriceItem--daysMonth"}]}
RESULT: {"script":"<script> [1562 bytes]","args":[{"selector":{"id":"application-managepricingrules-display-component---newInfoPriceItem--daysMonth","interaction":{"idSuffix":"inner"}},"wdio_ui5_key":"applicationmanagepricingrules-display-component---newInfoPriceItem--daysMonth"}]}
RESULT: undefined
COMMAND: POST /session/6cd8861519be2314cbde44996230575a/execute/async - {"script":"<script> [776 bytes]","args":[{"enterText":"30","selector":{"id":"application-managepricingrules-display-component---newInfoPriceItem--daysMonth","interaction":{"idSuffix":"inner"}},"clearTextFirst":true,"interactionType":"ENTER_TEXT"}]}
RESULT: {"script":"<script> [776 bytes]","args":[{"enterText":"30","selector":{"id":"application-managepricingrules-display-component---newInfoPriceItem--daysMonth","interaction":{"idSuffix":"inner"}},"clearTextFirst":true,"interactionType":"ENTER_TEXT"}]}
COMMAND: POST /session/6cd8861519be2314cbde44996230575a/element - {"using":"xpath","value":"//button[@data-kt=\"saveNewRuleButton\"]"}
RESULT: {"using":"xpath","value":"//button[@data-kt=\"saveNewRuleButton\"]"}
COMMAND: POST /session/6cd8861519be2314cbde44996230575a/element/f.B713056A9316196A9232F0DF0934CF03.d.5AFEBE611F7D3DFE8E269876B2D58987.e.11655/click - {}
RESULT: {}
COMMAND: GET /session/6cd8861519be2314cbde44996230575a/screenshot - {}
RESULT: {}
COMMAND: POST /session/6cd8861519be2314cbde44996230575a/execute/async - {"script":"<script> [1562 bytes]","args":[{"selector":{"id":"application-managepricingrules-display-component---priceInfoItem--smartFilterBar-btnBasicSearch","interaction":{"idSuffix":"I"}},"wdio_ui5_key":"applicationmanagepricingrules-display-component---priceInfoItem--smartFilterBar-btnBasicSearch"}]}
RESULT: {"script":"<script> [1562 bytes]","args":[{"selector":{"id":"application-managepricingrules-display-component---priceInfoItem--smartFilterBar-btnBasicSearch","interaction":{"idSuffix":"I"}},"wdio_ui5_key":"applicationmanagepricingrules-display-component---priceInfoItem--smartFilterBar-btnBasicSearch"}]}
RESULT: undefined
COMMAND: POST /session/6cd8861519be2314cbde44996230575a/execute/async - {"script":"<script> [776 bytes]","args":[{"enterText":"Qhrq62zypd","selector":{"id":"application-managepricingrules-display-component---priceInfoItem--smartFilterBar-btnBasicSearch","interaction":{"idSuffix":"I"}},"clearTextFirst":true,"interactionType":"ENTER_TEXT"}]}
RESULT: {"script":"<script> [776 bytes]","args":[{"enterText":"Qhrq62zypd","selector":{"id":"application-managepricingrules-display-component---priceInfoItem--smartFilterBar-btnBasicSearch","interaction":{"idSuffix":"I"}},"clearTextFirst":true,"interactionType":"ENTER_TEXT"}]}
COMMAND: POST /session/6cd8861519be2314cbde44996230575a/actions - {"actions":[{"id":"action35","type":"key","parameters":{},"actions":[{"type":"keyDown","value":""},{"type":"pause","duration":10},{"type":"keyUp","value":""}]}]}
RESULT: {"actions":[{"id":"action35","type":"key","parameters":{},"actions":[{"type":"keyDown","value":""},{"type":"pause","duration":10},{"type":"keyUp","value":""}]}]}
COMMAND: GET /session/6cd8861519be2314cbde44996230575a/screenshot - {}
RESULT: {}
COMMAND: POST /session/6cd8861519be2314cbde44996230575a/element - {"using":"xpath","value":"//span[@id=\"application-managepricingrules-display-component---priceInfoItem--smartTable-header-inner\"]"}
RESULT: {"using":"xpath","value":"//span[@id=\"application-managepricingrules-display-component---priceInfoItem--smartTable-header-inner\"]"}
COMMAND: POST /session/6cd8861519be2314cbde44996230575a/elements - {"using":"xpath","value":"//span[@id=\"application-managepricingrules-display-component---priceInfoItem--smartTable-header-inner\"]"}
RESULT: {"using":"xpath","value":"//span[@id=\"application-managepricingrules-display-component---priceInfoItem--smartTable-header-inner\"]"}
COMMAND: POST /session/6cd8861519be2314cbde44996230575a/execute/sync - {"script":"<script> [56 bytes]","args":[{"element-6066-11e4-a52e-4f735466cecf":"f.B713056A9316196A9232F0DF0934CF03.d.5AFEBE611F7D3DFE8E269876B2D58987.e.11679","ELEMENT":"f.B713056A9316196A9232F0DF0934CF03.d.5AFEBE611F7D3DFE8E269876B2D58987.e.11679"}]}
RESULT: {"script":"<script> [56 bytes]","args":[{"element-6066-11e4-a52e-4f735466cecf":"f.B713056A9316196A9232F0DF0934CF03.d.5AFEBE611F7D3DFE8E269876B2D58987.e.11679","ELEMENT":"f.B713056A9316196A9232F0DF0934CF03.d.5AFEBE611F7D3DFE8E269876B2D58987.e.11679"}]}
COMMAND: POST /session/6cd8861519be2314cbde44996230575a/element - {"using":"css selector","value":"#shell-header-logo"}
COMMAND: GET /session/6cd8861519be2314cbde44996230575a/screenshot - {}
RESULT: {"using":"css selector","value":"#shell-header-logo"}
COMMAND: POST /session/6cd8861519be2314cbde44996230575a/element/f.B713056A9316196A9232F0DF0934CF03.d.5AFEBE611F7D3DFE8E269876B2D58987.e.10880/click - {}
RESULT: {}
RESULT: {}
COMMAND: GET /session/6cd8861519be2314cbde44996230575a/screenshot - {}
RESULT: {}
]]></system-out>
    </testcase>
    <testcase classname="chrome.136_0_7103_93.windows.Billing_Transfer_-_Intracompany_US127249" name="Should manage conditions" time="69.726">
      <system-out><![CDATA[
COMMAND: POST /session/6cd8861519be2314cbde44996230575a/execute/async - {"script":"<script> [1562 bytes]","args":[{"selector":{"controlType":"sap.m.GenericTile","properties":{"header":"Manage Conditions & Prices"}},"wdio_ui5_key":"sapm.GenericTile{\"header\":\"Manage Conditions & Prices\"}"}]}
RESULT: {"script":"<script> [1562 bytes]","args":[{"selector":{"controlType":"sap.m.GenericTile","properties":{"header":"Manage Conditions & Prices"}},"wdio_ui5_key":"sapm.GenericTile{\"header\":\"Manage Conditions & Prices\"}"}]}
RESULT: undefined
COMMAND: POST /session/6cd8861519be2314cbde44996230575a/element - {"using":"xpath","value":"//*[@id=\"__tile53\"]"}
RESULT: {"using":"xpath","value":"//*[@id=\"__tile53\"]"}
COMMAND: POST /session/6cd8861519be2314cbde44996230575a/element/f.B713056A9316196A9232F0DF0934CF03.d.5AFEBE611F7D3DFE8E269876B2D58987.e.8644/click - {}
RESULT: {}
COMMAND: GET /session/6cd8861519be2314cbde44996230575a/screenshot - {}
RESULT: {}
COMMAND: POST /session/6cd8861519be2314cbde44996230575a/elements - {"using":"xpath","value":"//span[text()='Error']"}
RESULT: {"using":"xpath","value":"//span[text()='Error']"}
COMMAND: POST /session/6cd8861519be2314cbde44996230575a/element - {"using":"xpath","value":"//button[@aria-label=\"Create\"]"}
RESULT: {"using":"xpath","value":"//button[@aria-label=\"Create\"]"}
COMMAND: POST /session/6cd8861519be2314cbde44996230575a/elements - {"using":"xpath","value":"//button[@aria-label=\"Create\"]"}
RESULT: {"using":"xpath","value":"//button[@aria-label=\"Create\"]"}
COMMAND: POST /session/6cd8861519be2314cbde44996230575a/execute/sync - {"script":"<script> [8489 bytes]","args":[{"element-6066-11e4-a52e-4f735466cecf":"f.B713056A9316196A9232F0DF0934CF03.d.5AFEBE611F7D3DFE8E269876B2D58987.e.11715","ELEMENT":"f.B713056A9316196A9232F0DF0934CF03.d.5AFEBE611F7D3DFE8E269876B2D58987.e.11715"}]}
RESULT: {"script":"<script> [8489 bytes]","args":[{"element-6066-11e4-a52e-4f735466cecf":"f.B713056A9316196A9232F0DF0934CF03.d.5AFEBE611F7D3DFE8E269876B2D58987.e.11715","ELEMENT":"f.B713056A9316196A9232F0DF0934CF03.d.5AFEBE611F7D3DFE8E269876B2D58987.e.11715"}]}
COMMAND: GET /session/6cd8861519be2314cbde44996230575a/element/f.B713056A9316196A9232F0DF0934CF03.d.5AFEBE611F7D3DFE8E269876B2D58987.e.11715/enabled - {}
COMMAND: GET /session/6cd8861519be2314cbde44996230575a/screenshot - {}
RESULT: {}
COMMAND: POST /session/6cd8861519be2314cbde44996230575a/execute/sync - {"script":"<script> [8489 bytes]","args":[{"element-6066-11e4-a52e-4f735466cecf":"f.B713056A9316196A9232F0DF0934CF03.d.5AFEBE611F7D3DFE8E269876B2D58987.e.11715","ELEMENT":"f.B713056A9316196A9232F0DF0934CF03.d.5AFEBE611F7D3DFE8E269876B2D58987.e.11715"}]}
COMMAND: GET /session/6cd8861519be2314cbde44996230575a/screenshot - {}
RESULT: {}
RESULT: {}
RESULT: {"script":"<script> [8489 bytes]","args":[{"element-6066-11e4-a52e-4f735466cecf":"f.B713056A9316196A9232F0DF0934CF03.d.5AFEBE611F7D3DFE8E269876B2D58987.e.11715","ELEMENT":"f.B713056A9316196A9232F0DF0934CF03.d.5AFEBE611F7D3DFE8E269876B2D58987.e.11715"}]}
COMMAND: POST /session/6cd8861519be2314cbde44996230575a/execute/sync - {"script":"<script> [5351 bytes]","args":[{"element-6066-11e4-a52e-4f735466cecf":"f.B713056A9316196A9232F0DF0934CF03.d.5AFEBE611F7D3DFE8E269876B2D58987.e.11715","ELEMENT":"f.B713056A9316196A9232F0DF0934CF03.d.5AFEBE611F7D3DFE8E269876B2D58987.e.11715"}]}
COMMAND: GET /session/6cd8861519be2314cbde44996230575a/screenshot - {}
RESULT: {"script":"<script> [5351 bytes]","args":[{"element-6066-11e4-a52e-4f735466cecf":"f.B713056A9316196A9232F0DF0934CF03.d.5AFEBE611F7D3DFE8E269876B2D58987.e.11715","ELEMENT":"f.B713056A9316196A9232F0DF0934CF03.d.5AFEBE611F7D3DFE8E269876B2D58987.e.11715"}]}
COMMAND: POST /session/6cd8861519be2314cbde44996230575a/element/f.B713056A9316196A9232F0DF0934CF03.d.5AFEBE611F7D3DFE8E269876B2D58987.e.11715/click - {}
COMMAND: GET /session/6cd8861519be2314cbde44996230575a/screenshot - {}
RESULT: {}
RESULT: {}
COMMAND: GET /session/6cd8861519be2314cbde44996230575a/screenshot - {}
RESULT: {}
RESULT: {}
COMMAND: POST /session/6cd8861519be2314cbde44996230575a/actions - {"actions":[{"id":"action36","type":"key","parameters":{},"actions":[{"type":"keyDown","value":""},{"type":"pause","duration":10},{"type":"keyUp","value":""}]}]}
RESULT: {"actions":[{"id":"action36","type":"key","parameters":{},"actions":[{"type":"keyDown","value":""},{"type":"pause","duration":10},{"type":"keyUp","value":""}]}]}
COMMAND: GET /session/6cd8861519be2314cbde44996230575a/screenshot - {}
RESULT: {}
COMMAND: POST /session/6cd8861519be2314cbde44996230575a/execute/async - {"script":"<script> [1562 bytes]","args":[{"selector":{"id":"application-manageconditionprice-display-component---newCondition--condBillCond-arrow"},"wdio_ui5_key":"applicationmanageconditionprice-display-component---newCondition--condBillCond-arrow"}]}
RESULT: {"script":"<script> [1562 bytes]","args":[{"selector":{"id":"application-manageconditionprice-display-component---newCondition--condBillCond-arrow"},"wdio_ui5_key":"applicationmanageconditionprice-display-component---newCondition--condBillCond-arrow"}]}
RESULT: undefined
COMMAND: POST /session/6cd8861519be2314cbde44996230575a/element - {"using":"xpath","value":"//*[@id=\"application-manageconditionprice-display-component---newCondition--condBillCond-arrow\"]"}
RESULT: {"using":"xpath","value":"//*[@id=\"application-manageconditionprice-display-component---newCondition--condBillCond-arrow\"]"}
COMMAND: POST /session/6cd8861519be2314cbde44996230575a/element/f.B713056A9316196A9232F0DF0934CF03.d.5AFEBE611F7D3DFE8E269876B2D58987.e.11892/click - {}
RESULT: {}
COMMAND: GET /session/6cd8861519be2314cbde44996230575a/screenshot - {}
RESULT: {}
COMMAND: POST /session/6cd8861519be2314cbde44996230575a/element - {"using":"xpath","value":"//li[.//span[contains(text(), \"DISP - D&I special price\")]]"}
RESULT: {"using":"xpath","value":"//li[.//span[contains(text(), \"DISP - D&I special price\")]]"}
COMMAND: POST /session/6cd8861519be2314cbde44996230575a/element/f.B713056A9316196A9232F0DF0934CF03.d.5AFEBE611F7D3DFE8E269876B2D58987.e.11895/click - {}
RESULT: {}
COMMAND: GET /session/6cd8861519be2314cbde44996230575a/screenshot - {}
RESULT: {}
COMMAND: POST /session/6cd8861519be2314cbde44996230575a/execute/async - {"script":"<script> [1562 bytes]","args":[{"selector":{"id":"application-manageconditionprice-display-component---newCondition--condValidTo","interaction":{"idSuffix":"inner"}},"wdio_ui5_key":"applicationmanageconditionprice-display-component---newCondition--condValidTo"}]}
RESULT: {"script":"<script> [1562 bytes]","args":[{"selector":{"id":"application-manageconditionprice-display-component---newCondition--condValidTo","interaction":{"idSuffix":"inner"}},"wdio_ui5_key":"applicationmanageconditionprice-display-component---newCondition--condValidTo"}]}
RESULT: undefined
COMMAND: POST /session/6cd8861519be2314cbde44996230575a/execute/async - {"script":"<script> [776 bytes]","args":[{"enterText":"1/23/26","selector":{"id":"application-manageconditionprice-display-component---newCondition--condValidTo","interaction":{"idSuffix":"inner"}},"clearTextFirst":true,"interactionType":"ENTER_TEXT"}]}
RESULT: {"script":"<script> [776 bytes]","args":[{"enterText":"1/23/26","selector":{"id":"application-manageconditionprice-display-component---newCondition--condValidTo","interaction":{"idSuffix":"inner"}},"clearTextFirst":true,"interactionType":"ENTER_TEXT"}]}
COMMAND: POST /session/6cd8861519be2314cbde44996230575a/element - {"using":"xpath","value":"//input[@id=\"application-manageconditionprice-display-component---newCondition--condRU-inner\"]"}
RESULT: {"using":"xpath","value":"//input[@id=\"application-manageconditionprice-display-component---newCondition--condRU-inner\"]"}
COMMAND: POST /session/6cd8861519be2314cbde44996230575a/element/f.B713056A9316196A9232F0DF0934CF03.d.5AFEBE611F7D3DFE8E269876B2D58987.e.11759/clear - {}
RESULT: {}
COMMAND: POST /session/6cd8861519be2314cbde44996230575a/element/f.B713056A9316196A9232F0DF0934CF03.d.5AFEBE611F7D3DFE8E269876B2D58987.e.11759/value - {"text":"Qhrq62zypd"}
COMMAND: GET /session/6cd8861519be2314cbde44996230575a/screenshot - {}
RESULT: {"text":"Qhrq62zypd"}
COMMAND: GET /session/6cd8861519be2314cbde44996230575a/screenshot - {}
RESULT: {}
RESULT: {}
COMMAND: POST /session/6cd8861519be2314cbde44996230575a/actions - {"actions":[{"id":"action37","type":"key","parameters":{},"actions":[{"type":"keyDown","value":""},{"type":"pause","duration":10},{"type":"keyUp","value":""}]}]}
RESULT: {"actions":[{"id":"action37","type":"key","parameters":{},"actions":[{"type":"keyDown","value":""},{"type":"pause","duration":10},{"type":"keyUp","value":""}]}]}
COMMAND: POST /session/6cd8861519be2314cbde44996230575a/execute/async - {"script":"<script> [1562 bytes]","args":[{"selector":{"id":"application-manageconditionprice-display-component---newCondition--condBaseQty","interaction":{"idSuffix":"inner"}},"wdio_ui5_key":"applicationmanageconditionprice-display-component---newCondition--condBaseQty"}]}
COMMAND: GET /session/6cd8861519be2314cbde44996230575a/screenshot - {}
RESULT: {"script":"<script> [1562 bytes]","args":[{"selector":{"id":"application-manageconditionprice-display-component---newCondition--condBaseQty","interaction":{"idSuffix":"inner"}},"wdio_ui5_key":"applicationmanageconditionprice-display-component---newCondition--condBaseQty"}]}
RESULT: undefined
COMMAND: POST /session/6cd8861519be2314cbde44996230575a/execute/async - {"script":"<script> [776 bytes]","args":[{"enterText":"1","selector":{"id":"application-manageconditionprice-display-component---newCondition--condBaseQty","interaction":{"idSuffix":"inner"}},"clearTextFirst":true,"interactionType":"ENTER_TEXT"}]}
RESULT: {}
RESULT: {"script":"<script> [776 bytes]","args":[{"enterText":"1","selector":{"id":"application-manageconditionprice-display-component---newCondition--condBaseQty","interaction":{"idSuffix":"inner"}},"clearTextFirst":true,"interactionType":"ENTER_TEXT"}]}
COMMAND: POST /session/6cd8861519be2314cbde44996230575a/execute/async - {"script":"<script> [1562 bytes]","args":[{"selector":{"id":"application-manageconditionprice-display-component---newCondition--condValue","interaction":{"idSuffix":"inner"}},"wdio_ui5_key":"applicationmanageconditionprice-display-component---newCondition--condValue"}]}
RESULT: {"script":"<script> [1562 bytes]","args":[{"selector":{"id":"application-manageconditionprice-display-component---newCondition--condValue","interaction":{"idSuffix":"inner"}},"wdio_ui5_key":"applicationmanageconditionprice-display-component---newCondition--condValue"}]}
RESULT: undefined
COMMAND: POST /session/6cd8861519be2314cbde44996230575a/execute/async - {"script":"<script> [776 bytes]","args":[{"enterText":"200","selector":{"id":"application-manageconditionprice-display-component---newCondition--condValue","interaction":{"idSuffix":"inner"}},"clearTextFirst":true,"interactionType":"ENTER_TEXT"}]}
RESULT: {"script":"<script> [776 bytes]","args":[{"enterText":"200","selector":{"id":"application-manageconditionprice-display-component---newCondition--condValue","interaction":{"idSuffix":"inner"}},"clearTextFirst":true,"interactionType":"ENTER_TEXT"}]}
COMMAND: POST /session/6cd8861519be2314cbde44996230575a/execute/async - {"script":"<script> [1562 bytes]","args":[{"selector":{"id":"application-manageconditionprice-display-component---newCondition--condCurr-arrow"},"wdio_ui5_key":"applicationmanageconditionprice-display-component---newCondition--condCurr-arrow"}]}
RESULT: {"script":"<script> [1562 bytes]","args":[{"selector":{"id":"application-manageconditionprice-display-component---newCondition--condCurr-arrow"},"wdio_ui5_key":"applicationmanageconditionprice-display-component---newCondition--condCurr-arrow"}]}
RESULT: undefined
COMMAND: POST /session/6cd8861519be2314cbde44996230575a/element - {"using":"xpath","value":"//*[@id=\"application-manageconditionprice-display-component---newCondition--condCurr-arrow\"]"}
RESULT: {"using":"xpath","value":"//*[@id=\"application-manageconditionprice-display-component---newCondition--condCurr-arrow\"]"}
COMMAND: POST /session/6cd8861519be2314cbde44996230575a/element/f.B713056A9316196A9232F0DF0934CF03.d.5AFEBE611F7D3DFE8E269876B2D58987.e.11850/click - {}
RESULT: {}
COMMAND: POST /session/6cd8861519be2314cbde44996230575a/element - {"using":"xpath","value":"//span[contains(text(), \"Euro\")]"}
COMMAND: GET /session/6cd8861519be2314cbde44996230575a/screenshot - {}
RESULT: {"using":"xpath","value":"//span[contains(text(), \"Euro\")]"}
COMMAND: POST /session/6cd8861519be2314cbde44996230575a/element/f.B713056A9316196A9232F0DF0934CF03.d.5AFEBE611F7D3DFE8E269876B2D58987.e.11932/click - {}
RESULT: {}
RESULT: {}
COMMAND: POST /session/6cd8861519be2314cbde44996230575a/element - {"using":"xpath","value":"//button[@data-kt=\"saveButton\"]"}
COMMAND: GET /session/6cd8861519be2314cbde44996230575a/screenshot - {}
RESULT: {"using":"xpath","value":"//button[@data-kt=\"saveButton\"]"}
COMMAND: POST /session/6cd8861519be2314cbde44996230575a/element/f.B713056A9316196A9232F0DF0934CF03.d.5AFEBE611F7D3DFE8E269876B2D58987.e.11851/click - {}
RESULT: {}
RESULT: {}
COMMAND: GET /session/6cd8861519be2314cbde44996230575a/screenshot - {}
RESULT: {}
COMMAND: POST /session/6cd8861519be2314cbde44996230575a/execute/async - {"script":"<script> [1562 bytes]","args":[{"selector":{"id":"application-manageconditionprice-display-component---conditions--smartFilterBar-btnBasicSearch","interaction":{"idSuffix":"I"}},"wdio_ui5_key":"applicationmanageconditionprice-display-component---conditions--smartFilterBar-btnBasicSearch"}]}
RESULT: {"script":"<script> [1562 bytes]","args":[{"selector":{"id":"application-manageconditionprice-display-component---conditions--smartFilterBar-btnBasicSearch","interaction":{"idSuffix":"I"}},"wdio_ui5_key":"applicationmanageconditionprice-display-component---conditions--smartFilterBar-btnBasicSearch"}]}
RESULT: undefined
COMMAND: POST /session/6cd8861519be2314cbde44996230575a/execute/async - {"script":"<script> [776 bytes]","args":[{"enterText":"Qhrq62zypd","selector":{"id":"application-manageconditionprice-display-component---conditions--smartFilterBar-btnBasicSearch","interaction":{"idSuffix":"I"}},"clearTextFirst":true,"interactionType":"ENTER_TEXT"}]}
RESULT: {"script":"<script> [776 bytes]","args":[{"enterText":"Qhrq62zypd","selector":{"id":"application-manageconditionprice-display-component---conditions--smartFilterBar-btnBasicSearch","interaction":{"idSuffix":"I"}},"clearTextFirst":true,"interactionType":"ENTER_TEXT"}]}
COMMAND: POST /session/6cd8861519be2314cbde44996230575a/actions - {"actions":[{"id":"action38","type":"key","parameters":{},"actions":[{"type":"keyDown","value":""},{"type":"pause","duration":10},{"type":"keyUp","value":""}]}]}
RESULT: {"actions":[{"id":"action38","type":"key","parameters":{},"actions":[{"type":"keyDown","value":""},{"type":"pause","duration":10},{"type":"keyUp","value":""}]}]}
COMMAND: GET /session/6cd8861519be2314cbde44996230575a/screenshot - {}
RESULT: {}
COMMAND: POST /session/6cd8861519be2314cbde44996230575a/execute/async - {"script":"<script> [1562 bytes]","args":[{"selector":{"id":"application-manageconditionprice-display-component---conditions--smartFilterBar-filterItemControl_BASIC-BILL_TYPES-vhi"},"wdio_ui5_key":"applicationmanageconditionprice-display-component---conditions--smartFilterBar-filterItemControl_BASIC-BILL_TYPES-vhi"}]}
RESULT: {"script":"<script> [1562 bytes]","args":[{"selector":{"id":"application-manageconditionprice-display-component---conditions--smartFilterBar-filterItemControl_BASIC-BILL_TYPES-vhi"},"wdio_ui5_key":"applicationmanageconditionprice-display-component---conditions--smartFilterBar-filterItemControl_BASIC-BILL_TYPES-vhi"}]}
RESULT: undefined
COMMAND: POST /session/6cd8861519be2314cbde44996230575a/element - {"using":"xpath","value":"//*[@id=\"application-manageconditionprice-display-component---conditions--smartFilterBar-filterItemControl_BASIC-BILL_TYPES-vhi\"]"}
RESULT: {"using":"xpath","value":"//*[@id=\"application-manageconditionprice-display-component---conditions--smartFilterBar-filterItemControl_BASIC-BILL_TYPES-vhi\"]"}
COMMAND: POST /session/6cd8861519be2314cbde44996230575a/element/f.B713056A9316196A9232F0DF0934CF03.d.5AFEBE611F7D3DFE8E269876B2D58987.e.11949/click - {}
RESULT: {}
COMMAND: POST /session/6cd8861519be2314cbde44996230575a/execute/async - {"script":"<script> [1562 bytes]","args":[{"selector":{"id":"application-manageconditionprice-display-component---conditions--smartFilterBar-filterItemControl_BASIC-BILL_TYPES-valueHelpDialog-smartFilterBar-btnBasicSearch","searchOpenDialogs":true,"interaction":{"idSuffix":"I"}},"wdio_ui5_key":"applicationmanageconditionprice-display-component---conditions--smartFilterBar-filterItemControl_BASIC-BILL_TYPES-valueHelpDialog-smartFilterBar-btnBasicSearch"}]}
COMMAND: GET /session/6cd8861519be2314cbde44996230575a/screenshot - {}
RESULT: {"script":"<script> [1562 bytes]","args":[{"selector":{"id":"application-manageconditionprice-display-component---conditions--smartFilterBar-filterItemControl_BASIC-BILL_TYPES-valueHelpDialog-smartFilterBar-btnBasicSearch","searchOpenDialogs":true,"interaction":{"idSuffix":"I"}},"wdio_ui5_key":"applicationmanageconditionprice-display-component---conditions--smartFilterBar-filterItemControl_BASIC-BILL_TYPES-valueHelpDialog-smartFilterBar-btnBasicSearch"}]}
RESULT: undefined
COMMAND: POST /session/6cd8861519be2314cbde44996230575a/execute/async - {"script":"<script> [776 bytes]","args":[{"enterText":"TB","selector":{"id":"application-manageconditionprice-display-component---conditions--smartFilterBar-filterItemControl_BASIC-BILL_TYPES-valueHelpDialog-smartFilterBar-btnBasicSearch","searchOpenDialogs":true,"interaction":{"idSuffix":"I"}},"clearTextFirst":true,"interactionType":"ENTER_TEXT"}]}
RESULT: {}
RESULT: {"script":"<script> [776 bytes]","args":[{"enterText":"TB","selector":{"id":"application-manageconditionprice-display-component---conditions--smartFilterBar-filterItemControl_BASIC-BILL_TYPES-valueHelpDialog-smartFilterBar-btnBasicSearch","searchOpenDialogs":true,"interaction":{"idSuffix":"I"}},"clearTextFirst":true,"interactionType":"ENTER_TEXT"}]}
COMMAND: POST /session/6cd8861519be2314cbde44996230575a/actions - {"actions":[{"id":"action39","type":"key","parameters":{},"actions":[{"type":"keyDown","value":""},{"type":"pause","duration":10},{"type":"keyUp","value":""}]}]}
RESULT: {"actions":[{"id":"action39","type":"key","parameters":{},"actions":[{"type":"keyDown","value":""},{"type":"pause","duration":10},{"type":"keyUp","value":""}]}]}
COMMAND: GET /session/6cd8861519be2314cbde44996230575a/screenshot - {}
RESULT: {}
COMMAND: POST /session/6cd8861519be2314cbde44996230575a/element - {"using":"xpath","value":"//div[contains(@id, 'application-manageconditionprice-display-component---conditions--smartFilterBar-filterItemControl_BASIC-BILL_TYPES-valueHelpDialog-table-rowsel0')]"}
RESULT: {"using":"xpath","value":"//div[contains(@id, 'application-manageconditionprice-display-component---conditions--smartFilterBar-filterItemControl_BASIC-BILL_TYPES-valueHelpDialog-table-rowsel0')]"}
COMMAND: POST /session/6cd8861519be2314cbde44996230575a/element/f.B713056A9316196A9232F0DF0934CF03.d.5AFEBE611F7D3DFE8E269876B2D58987.e.11958/click - {}
RESULT: {}
COMMAND: GET /session/6cd8861519be2314cbde44996230575a/screenshot - {}
RESULT: {}
COMMAND: POST /session/6cd8861519be2314cbde44996230575a/element - {"using":"xpath","value":"//bdi[contains(text(), \"OK\")]"}
RESULT: {"using":"xpath","value":"//bdi[contains(text(), \"OK\")]"}
COMMAND: POST /session/6cd8861519be2314cbde44996230575a/element/f.B713056A9316196A9232F0DF0934CF03.d.5AFEBE611F7D3DFE8E269876B2D58987.e.11960/click - {}
RESULT: {}
COMMAND: GET /session/6cd8861519be2314cbde44996230575a/screenshot - {}
RESULT: {}
COMMAND: POST /session/6cd8861519be2314cbde44996230575a/element - {"using":"xpath","value":"//span[@id=\"application-manageconditionprice-display-component---conditions--smartTable-header-inner\"]"}
RESULT: {"using":"xpath","value":"//span[@id=\"application-manageconditionprice-display-component---conditions--smartTable-header-inner\"]"}
COMMAND: POST /session/6cd8861519be2314cbde44996230575a/elements - {"using":"xpath","value":"//span[@id=\"application-manageconditionprice-display-component---conditions--smartTable-header-inner\"]"}
RESULT: {"using":"xpath","value":"//span[@id=\"application-manageconditionprice-display-component---conditions--smartTable-header-inner\"]"}
COMMAND: POST /session/6cd8861519be2314cbde44996230575a/execute/sync - {"script":"<script> [56 bytes]","args":[{"element-6066-11e4-a52e-4f735466cecf":"f.B713056A9316196A9232F0DF0934CF03.d.5AFEBE611F7D3DFE8E269876B2D58987.e.11963","ELEMENT":"f.B713056A9316196A9232F0DF0934CF03.d.5AFEBE611F7D3DFE8E269876B2D58987.e.11963"}]}
RESULT: {"script":"<script> [56 bytes]","args":[{"element-6066-11e4-a52e-4f735466cecf":"f.B713056A9316196A9232F0DF0934CF03.d.5AFEBE611F7D3DFE8E269876B2D58987.e.11963","ELEMENT":"f.B713056A9316196A9232F0DF0934CF03.d.5AFEBE611F7D3DFE8E269876B2D58987.e.11963"}]}
COMMAND: POST /session/6cd8861519be2314cbde44996230575a/element - {"using":"css selector","value":"#shell-header-logo"}
COMMAND: GET /session/6cd8861519be2314cbde44996230575a/screenshot - {}
RESULT: {"using":"css selector","value":"#shell-header-logo"}
COMMAND: POST /session/6cd8861519be2314cbde44996230575a/element/f.B713056A9316196A9232F0DF0934CF03.d.5AFEBE611F7D3DFE8E269876B2D58987.e.11682/click - {}
RESULT: {}
RESULT: {}
COMMAND: GET /session/6cd8861519be2314cbde44996230575a/screenshot - {}
RESULT: {}
]]></system-out>
    </testcase>
    <testcase classname="chrome.136_0_7103_93.windows.Billing_Transfer_-_Intracompany_US127249" name="Should do a stock increase handover" time="97.559">
      <system-out><![CDATA[
COMMAND: POST /session/6cd8861519be2314cbde44996230575a/execute/async - {"script":"<script> [1562 bytes]","args":[{"selector":{"controlType":"sap.m.GenericTile","properties":{"header":"Manage Handovers"}},"wdio_ui5_key":"sapm.GenericTile{\"header\":\"Manage Handovers\"}"}]}
RESULT: {"script":"<script> [1562 bytes]","args":[{"selector":{"controlType":"sap.m.GenericTile","properties":{"header":"Manage Handovers"}},"wdio_ui5_key":"sapm.GenericTile{\"header\":\"Manage Handovers\"}"}]}
RESULT: undefined
COMMAND: POST /session/6cd8861519be2314cbde44996230575a/element - {"using":"xpath","value":"//*[@id=\"__tile133\"]"}
RESULT: {"using":"xpath","value":"//*[@id=\"__tile133\"]"}
COMMAND: POST /session/6cd8861519be2314cbde44996230575a/element/f.B713056A9316196A9232F0DF0934CF03.d.5AFEBE611F7D3DFE8E269876B2D58987.e.8682/click - {}
RESULT: {}
COMMAND: GET /session/6cd8861519be2314cbde44996230575a/screenshot - {}
RESULT: {}
COMMAND: POST /session/6cd8861519be2314cbde44996230575a/elements - {"using":"xpath","value":"//span[text()='Error']"}
RESULT: {"using":"xpath","value":"//span[text()='Error']"}
COMMAND: POST /session/6cd8861519be2314cbde44996230575a/element - {"using":"xpath","value":"//button[@data-kt=\"masterHOAddButton\"]"}
RESULT: {"using":"xpath","value":"//button[@data-kt=\"masterHOAddButton\"]"}
COMMAND: POST /session/6cd8861519be2314cbde44996230575a/elements - {"using":"xpath","value":"//button[@data-kt=\"masterHOAddButton\"]"}
RESULT: {"using":"xpath","value":"//button[@data-kt=\"masterHOAddButton\"]"}
COMMAND: POST /session/6cd8861519be2314cbde44996230575a/execute/sync - {"script":"<script> [8489 bytes]","args":[{"element-6066-11e4-a52e-4f735466cecf":"f.B713056A9316196A9232F0DF0934CF03.d.5AFEBE611F7D3DFE8E269876B2D58987.e.12004","ELEMENT":"f.B713056A9316196A9232F0DF0934CF03.d.5AFEBE611F7D3DFE8E269876B2D58987.e.12004"}]}
RESULT: {"script":"<script> [8489 bytes]","args":[{"element-6066-11e4-a52e-4f735466cecf":"f.B713056A9316196A9232F0DF0934CF03.d.5AFEBE611F7D3DFE8E269876B2D58987.e.12004","ELEMENT":"f.B713056A9316196A9232F0DF0934CF03.d.5AFEBE611F7D3DFE8E269876B2D58987.e.12004"}]}
COMMAND: GET /session/6cd8861519be2314cbde44996230575a/element/f.B713056A9316196A9232F0DF0934CF03.d.5AFEBE611F7D3DFE8E269876B2D58987.e.12004/enabled - {}
COMMAND: GET /session/6cd8861519be2314cbde44996230575a/screenshot - {}
RESULT: {}
COMMAND: POST /session/6cd8861519be2314cbde44996230575a/execute/sync - {"script":"<script> [8489 bytes]","args":[{"element-6066-11e4-a52e-4f735466cecf":"f.B713056A9316196A9232F0DF0934CF03.d.5AFEBE611F7D3DFE8E269876B2D58987.e.12004","ELEMENT":"f.B713056A9316196A9232F0DF0934CF03.d.5AFEBE611F7D3DFE8E269876B2D58987.e.12004"}]}
COMMAND: GET /session/6cd8861519be2314cbde44996230575a/screenshot - {}
RESULT: {}
RESULT: {"script":"<script> [8489 bytes]","args":[{"element-6066-11e4-a52e-4f735466cecf":"f.B713056A9316196A9232F0DF0934CF03.d.5AFEBE611F7D3DFE8E269876B2D58987.e.12004","ELEMENT":"f.B713056A9316196A9232F0DF0934CF03.d.5AFEBE611F7D3DFE8E269876B2D58987.e.12004"}]}
COMMAND: POST /session/6cd8861519be2314cbde44996230575a/execute/sync - {"script":"<script> [5351 bytes]","args":[{"element-6066-11e4-a52e-4f735466cecf":"f.B713056A9316196A9232F0DF0934CF03.d.5AFEBE611F7D3DFE8E269876B2D58987.e.12004","ELEMENT":"f.B713056A9316196A9232F0DF0934CF03.d.5AFEBE611F7D3DFE8E269876B2D58987.e.12004"}]}
COMMAND: GET /session/6cd8861519be2314cbde44996230575a/screenshot - {}
RESULT: {}
RESULT: {"script":"<script> [5351 bytes]","args":[{"element-6066-11e4-a52e-4f735466cecf":"f.B713056A9316196A9232F0DF0934CF03.d.5AFEBE611F7D3DFE8E269876B2D58987.e.12004","ELEMENT":"f.B713056A9316196A9232F0DF0934CF03.d.5AFEBE611F7D3DFE8E269876B2D58987.e.12004"}]}
COMMAND: POST /session/6cd8861519be2314cbde44996230575a/element/f.B713056A9316196A9232F0DF0934CF03.d.5AFEBE611F7D3DFE8E269876B2D58987.e.12004/click - {}
COMMAND: GET /session/6cd8861519be2314cbde44996230575a/screenshot - {}
RESULT: {}
RESULT: {}
COMMAND: GET /session/6cd8861519be2314cbde44996230575a/screenshot - {}
COMMAND: POST /session/6cd8861519be2314cbde44996230575a/element - {"using":"xpath","value":"//span[contains(@id ,\"AddNewHO--typeSelect-arrow\")]"}
RESULT: {}
RESULT: {}
RESULT: {"using":"xpath","value":"//span[contains(@id ,\"AddNewHO--typeSelect-arrow\")]"}
COMMAND: POST /session/6cd8861519be2314cbde44996230575a/element/f.B713056A9316196A9232F0DF0934CF03.d.5AFEBE611F7D3DFE8E269876B2D58987.e.12344/click - {}
RESULT: {}
COMMAND: GET /session/6cd8861519be2314cbde44996230575a/screenshot - {}
RESULT: {}
COMMAND: POST /session/6cd8861519be2314cbde44996230575a/element - {"using":"xpath","value":"(//li[contains(text(), \"stock increase yard\")])[1]"}
RESULT: {"using":"xpath","value":"(//li[contains(text(), \"stock increase yard\")])[1]"}
COMMAND: POST /session/6cd8861519be2314cbde44996230575a/element/f.B713056A9316196A9232F0DF0934CF03.d.5AFEBE611F7D3DFE8E269876B2D58987.e.12345/click - {}
RESULT: {}
COMMAND: GET /session/6cd8861519be2314cbde44996230575a/screenshot - {}
RESULT: {}
COMMAND: POST /session/6cd8861519be2314cbde44996230575a/execute/async - {"script":"<script> [1562 bytes]","args":[{"selector":{"id":"application-managehandovers-display-component---AddNewHO--dueDate","interaction":{"idSuffix":"inner"}},"wdio_ui5_key":"applicationmanagehandovers-display-component---AddNewHO--dueDate"}]}
RESULT: {"script":"<script> [1562 bytes]","args":[{"selector":{"id":"application-managehandovers-display-component---AddNewHO--dueDate","interaction":{"idSuffix":"inner"}},"wdio_ui5_key":"applicationmanagehandovers-display-component---AddNewHO--dueDate"}]}
RESULT: undefined
COMMAND: POST /session/6cd8861519be2314cbde44996230575a/execute/async - {"script":"<script> [6424 bytes]","args":[{"element-6066-11e4-a52e-4f735466cecf":"f.B713056A9316196A9232F0DF0934CF03.d.5AFEBE611F7D3DFE8E269876B2D58987.e.12349"},"setValue",["5/23/25"]]}
RESULT: {"script":"<script> [6424 bytes]","args":[{"element-6066-11e4-a52e-4f735466cecf":"f.B713056A9316196A9232F0DF0934CF03.d.5AFEBE611F7D3DFE8E269876B2D58987.e.12349"},"setValue",["5/23/25"]]}
COMMAND: POST /session/6cd8861519be2314cbde44996230575a/element - {"using":"xpath","value":"//input[@id=\"generalSectionFrg--receiveYard-inner\"]"}
RESULT: {"using":"xpath","value":"//input[@id=\"generalSectionFrg--receiveYard-inner\"]"}
COMMAND: POST /session/6cd8861519be2314cbde44996230575a/element/f.B713056A9316196A9232F0DF0934CF03.d.5AFEBE611F7D3DFE8E269876B2D58987.e.12355/clear - {}
RESULT: {}
COMMAND: POST /session/6cd8861519be2314cbde44996230575a/element/f.B713056A9316196A9232F0DF0934CF03.d.5AFEBE611F7D3DFE8E269876B2D58987.e.12355/value - {"text":"235"}
COMMAND: GET /session/6cd8861519be2314cbde44996230575a/screenshot - {}
RESULT: {"text":"235"}
COMMAND: GET /session/6cd8861519be2314cbde44996230575a/screenshot - {}
RESULT: {}
RESULT: {}
COMMAND: POST /session/6cd8861519be2314cbde44996230575a/element - {"using":"xpath","value":"//li[.//span[text()='235']]"}
RESULT: {"using":"xpath","value":"//li[.//span[text()='235']]"}
COMMAND: POST /session/6cd8861519be2314cbde44996230575a/element/f.B713056A9316196A9232F0DF0934CF03.d.5AFEBE611F7D3DFE8E269876B2D58987.e.12370/click - {}
RESULT: {}
COMMAND: GET /session/6cd8861519be2314cbde44996230575a/screenshot - {}
RESULT: {}
COMMAND: POST /session/6cd8861519be2314cbde44996230575a/execute/async - {"script":"<script> [1562 bytes]","args":[{"selector":{"id":"application-managehandovers-display-component---AddNewHO--ObjectPageLayout-anchBar-application-managehandovers-display-component---AddNewHO--section4-anchor","interaction":{"idSuffix":"BDI-content"}},"wdio_ui5_key":"applicationmanagehandovers-display-component---AddNewHO--ObjectPageLayout-anchBar-application-managehandovers-display-component---AddNewHO--section4-anchor"}]}
RESULT: {"script":"<script> [1562 bytes]","args":[{"selector":{"id":"application-managehandovers-display-component---AddNewHO--ObjectPageLayout-anchBar-application-managehandovers-display-component---AddNewHO--section4-anchor","interaction":{"idSuffix":"BDI-content"}},"wdio_ui5_key":"applicationmanagehandovers-display-component---AddNewHO--ObjectPageLayout-anchBar-application-managehandovers-display-component---AddNewHO--section4-anchor"}]}
RESULT: undefined
COMMAND: POST /session/6cd8861519be2314cbde44996230575a/element - {"using":"xpath","value":"//*[@id=\"application-managehandovers-display-component---AddNewHO--ObjectPageLayout-anchBar-application-managehandovers-display-component---AddNewHO--section4-anchor\"]"}
RESULT: {"using":"xpath","value":"//*[@id=\"application-managehandovers-display-component---AddNewHO--ObjectPageLayout-anchBar-application-managehandovers-display-component---AddNewHO--section4-anchor\"]"}
COMMAND: POST /session/6cd8861519be2314cbde44996230575a/element/f.B713056A9316196A9232F0DF0934CF03.d.5AFEBE611F7D3DFE8E269876B2D58987.e.12372/click - {}
RESULT: {}
COMMAND: POST /session/6cd8861519be2314cbde44996230575a/element - {"using":"xpath","value":"//button[@aria-label=\"Add\"]"}
COMMAND: GET /session/6cd8861519be2314cbde44996230575a/screenshot - {}
RESULT: {"using":"xpath","value":"//button[@aria-label=\"Add\"]"}
COMMAND: POST /session/6cd8861519be2314cbde44996230575a/element/f.B713056A9316196A9232F0DF0934CF03.d.5AFEBE611F7D3DFE8E269876B2D58987.e.12374/click - {}
RESULT: {}
RESULT: {}
COMMAND: GET /session/6cd8861519be2314cbde44996230575a/screenshot - {}
RESULT: {}
COMMAND: POST /session/6cd8861519be2314cbde44996230575a/execute/async - {"script":"<script> [1562 bytes]","args":[{"selector":{"id":"application-managehandovers-display-component---AddNewHO--smartFilterBar-btnBasicSearch","searchOpenDialogs":true,"interaction":{"idSuffix":"I"}},"wdio_ui5_key":"applicationmanagehandovers-display-component---AddNewHO--smartFilterBar-btnBasicSearch"}]}
RESULT: {"script":"<script> [1562 bytes]","args":[{"selector":{"id":"application-managehandovers-display-component---AddNewHO--smartFilterBar-btnBasicSearch","searchOpenDialogs":true,"interaction":{"idSuffix":"I"}},"wdio_ui5_key":"applicationmanagehandovers-display-component---AddNewHO--smartFilterBar-btnBasicSearch"}]}
RESULT: undefined
COMMAND: POST /session/6cd8861519be2314cbde44996230575a/execute/async - {"script":"<script> [776 bytes]","args":[{"enterText":"Qhrq62zypd","selector":{"id":"application-managehandovers-display-component---AddNewHO--smartFilterBar-btnBasicSearch","searchOpenDialogs":true,"interaction":{"idSuffix":"I"}},"clearTextFirst":true,"interactionType":"ENTER_TEXT"}]}
RESULT: {"script":"<script> [776 bytes]","args":[{"enterText":"Qhrq62zypd","selector":{"id":"application-managehandovers-display-component---AddNewHO--smartFilterBar-btnBasicSearch","searchOpenDialogs":true,"interaction":{"idSuffix":"I"}},"clearTextFirst":true,"interactionType":"ENTER_TEXT"}]}
COMMAND: POST /session/6cd8861519be2314cbde44996230575a/actions - {"actions":[{"id":"action40","type":"key","parameters":{},"actions":[{"type":"keyDown","value":""},{"type":"pause","duration":10},{"type":"keyUp","value":""}]}]}
RESULT: {"actions":[{"id":"action40","type":"key","parameters":{},"actions":[{"type":"keyDown","value":""},{"type":"pause","duration":10},{"type":"keyUp","value":""}]}]}
COMMAND: GET /session/6cd8861519be2314cbde44996230575a/screenshot - {}
RESULT: {}
COMMAND: POST /session/6cd8861519be2314cbde44996230575a/execute/async - {"script":"<script> [1562 bytes]","args":[{"selector":{"id":"application-managehandovers-display-component---AddNewHO--popup-sa","searchOpenDialogs":true,"interaction":{"idSuffix":"CbBg"}},"wdio_ui5_key":"applicationmanagehandovers-display-component---AddNewHO--popup-sa"}]}
RESULT: {"script":"<script> [1562 bytes]","args":[{"selector":{"id":"application-managehandovers-display-component---AddNewHO--popup-sa","searchOpenDialogs":true,"interaction":{"idSuffix":"CbBg"}},"wdio_ui5_key":"applicationmanagehandovers-display-component---AddNewHO--popup-sa"}]}
RESULT: undefined
COMMAND: POST /session/6cd8861519be2314cbde44996230575a/element - {"using":"xpath","value":"//*[@id=\"application-managehandovers-display-component---AddNewHO--popup-sa\"]"}
RESULT: {"using":"xpath","value":"//*[@id=\"application-managehandovers-display-component---AddNewHO--popup-sa\"]"}
COMMAND: POST /session/6cd8861519be2314cbde44996230575a/element/f.B713056A9316196A9232F0DF0934CF03.d.5AFEBE611F7D3DFE8E269876B2D58987.e.12528/click - {}
RESULT: {}
COMMAND: GET /session/6cd8861519be2314cbde44996230575a/screenshot - {}
RESULT: {}
COMMAND: POST /session/6cd8861519be2314cbde44996230575a/element - {"using":"xpath","value":"//bdi[contains(text(), \"Select\")]"}
RESULT: {"using":"xpath","value":"//bdi[contains(text(), \"Select\")]"}
COMMAND: POST /session/6cd8861519be2314cbde44996230575a/element/f.B713056A9316196A9232F0DF0934CF03.d.5AFEBE611F7D3DFE8E269876B2D58987.e.12529/click - {}
RESULT: {}
COMMAND: GET /session/6cd8861519be2314cbde44996230575a/screenshot - {}
RESULT: {}
COMMAND: POST /session/6cd8861519be2314cbde44996230575a/element - {"using":"xpath","value":"//button[@data-kt=\"AddNewHOSaveButton\"]"}
RESULT: {"using":"xpath","value":"//button[@data-kt=\"AddNewHOSaveButton\"]"}
COMMAND: POST /session/6cd8861519be2314cbde44996230575a/element/f.B713056A9316196A9232F0DF0934CF03.d.5AFEBE611F7D3DFE8E269876B2D58987.e.12533/click - {}
RESULT: {}
COMMAND: GET /session/6cd8861519be2314cbde44996230575a/screenshot - {}
RESULT: {}
COMMAND: POST /session/6cd8861519be2314cbde44996230575a/execute/async - {"script":"<script> [1562 bytes]","args":[{"selector":{"id":"receiptDatePicker","viewName":"etm.portal.ui.managehandovers.view.DetailExecuteHO","interaction":{"idSuffix":"inner"}},"wdio_ui5_key":"receiptDatePickeretmportal.ui.managehandovers.view.DetailExecuteHO"}]}
RESULT: {"script":"<script> [1562 bytes]","args":[{"selector":{"id":"receiptDatePicker","viewName":"etm.portal.ui.managehandovers.view.DetailExecuteHO","interaction":{"idSuffix":"inner"}},"wdio_ui5_key":"receiptDatePickeretmportal.ui.managehandovers.view.DetailExecuteHO"}]}
RESULT: undefined
COMMAND: POST /session/6cd8861519be2314cbde44996230575a/execute/async - {"script":"<script> [6424 bytes]","args":[{"element-6066-11e4-a52e-4f735466cecf":"f.B713056A9316196A9232F0DF0934CF03.d.5AFEBE611F7D3DFE8E269876B2D58987.e.12564"},"setValue",["5/23/25"]]}
RESULT: {"script":"<script> [6424 bytes]","args":[{"element-6066-11e4-a52e-4f735466cecf":"f.B713056A9316196A9232F0DF0934CF03.d.5AFEBE611F7D3DFE8E269876B2D58987.e.12564"},"setValue",["5/23/25"]]}
COMMAND: POST /session/6cd8861519be2314cbde44996230575a/element - {"using":"xpath","value":"//button[@data-kt=\"ReceivingTableConfirmAllButton\"]"}
RESULT: {"using":"xpath","value":"//button[@data-kt=\"ReceivingTableConfirmAllButton\"]"}
COMMAND: POST /session/6cd8861519be2314cbde44996230575a/element/f.B713056A9316196A9232F0DF0934CF03.d.5AFEBE611F7D3DFE8E269876B2D58987.e.12579/click - {}
RESULT: {}
COMMAND: GET /session/6cd8861519be2314cbde44996230575a/screenshot - {}
RESULT: {}
COMMAND: POST /session/6cd8861519be2314cbde44996230575a/element - {"using":"xpath","value":"//bdi[contains(text(), \"OK\")]"}
RESULT: {"using":"xpath","value":"//bdi[contains(text(), \"OK\")]"}
COMMAND: POST /session/6cd8861519be2314cbde44996230575a/element/f.B713056A9316196A9232F0DF0934CF03.d.5AFEBE611F7D3DFE8E269876B2D58987.e.12581/click - {}
RESULT: {}
COMMAND: GET /session/6cd8861519be2314cbde44996230575a/screenshot - {}
RESULT: {}
COMMAND: POST /session/6cd8861519be2314cbde44996230575a/element - {"using":"xpath","value":"(//bdi[contains(text(), \"Receive\")])[2]"}
RESULT: {"using":"xpath","value":"(//bdi[contains(text(), \"Receive\")])[2]"}
COMMAND: POST /session/6cd8861519be2314cbde44996230575a/element/f.B713056A9316196A9232F0DF0934CF03.d.5AFEBE611F7D3DFE8E269876B2D58987.e.12583/click - {}
RESULT: {}
COMMAND: GET /session/6cd8861519be2314cbde44996230575a/screenshot - {}
RESULT: {}
COMMAND: POST /session/6cd8861519be2314cbde44996230575a/element - {"using":"css selector","value":"#shell-header-logo"}
RESULT: {"using":"css selector","value":"#shell-header-logo"}
COMMAND: POST /session/6cd8861519be2314cbde44996230575a/element/f.B713056A9316196A9232F0DF0934CF03.d.5AFEBE611F7D3DFE8E269876B2D58987.e.11969/click - {}
RESULT: {}
COMMAND: GET /session/6cd8861519be2314cbde44996230575a/screenshot - {}
RESULT: {}
]]></system-out>
    </testcase>
    <testcase classname="chrome.136_0_7103_93.windows.Billing_Transfer_-_Intracompany_US127249" name="Should create a new contract" time="61.622">
      <system-out><![CDATA[
COMMAND: POST /session/6cd8861519be2314cbde44996230575a/execute/async - {"script":"<script> [1562 bytes]","args":[{"selector":{"controlType":"sap.m.GenericTile","properties":{"header":"Manage Contracts"}},"wdio_ui5_key":"sapm.GenericTile{\"header\":\"Manage Contracts\"}"}]}
RESULT: {"script":"<script> [1562 bytes]","args":[{"selector":{"controlType":"sap.m.GenericTile","properties":{"header":"Manage Contracts"}},"wdio_ui5_key":"sapm.GenericTile{\"header\":\"Manage Contracts\"}"}]}
RESULT: undefined
COMMAND: POST /session/6cd8861519be2314cbde44996230575a/element - {"using":"xpath","value":"//*[@id=\"__tile131\"]"}
RESULT: {"using":"xpath","value":"//*[@id=\"__tile131\"]"}
COMMAND: POST /session/6cd8861519be2314cbde44996230575a/element/f.B713056A9316196A9232F0DF0934CF03.d.5AFEBE611F7D3DFE8E269876B2D58987.e.8613/click - {}
RESULT: {}
COMMAND: GET /session/6cd8861519be2314cbde44996230575a/screenshot - {}
COMMAND: POST /session/6cd8861519be2314cbde44996230575a/elements - {"using":"xpath","value":"//span[text()='Error']"}
RESULT: {}
RESULT: {"using":"xpath","value":"//span[text()='Error']"}
COMMAND: POST /session/6cd8861519be2314cbde44996230575a/element - {"using":"xpath","value":"//button[@data-kt=\"addButton\"]"}
RESULT: {"using":"xpath","value":"//button[@data-kt=\"addButton\"]"}
COMMAND: POST /session/6cd8861519be2314cbde44996230575a/elements - {"using":"xpath","value":"//button[@data-kt=\"addButton\"]"}
RESULT: {"using":"xpath","value":"//button[@data-kt=\"addButton\"]"}
COMMAND: POST /session/6cd8861519be2314cbde44996230575a/execute/sync - {"script":"<script> [8489 bytes]","args":[{"element-6066-11e4-a52e-4f735466cecf":"f.B713056A9316196A9232F0DF0934CF03.d.5AFEBE611F7D3DFE8E269876B2D58987.e.12794","ELEMENT":"f.B713056A9316196A9232F0DF0934CF03.d.5AFEBE611F7D3DFE8E269876B2D58987.e.12794"}]}
RESULT: {"script":"<script> [8489 bytes]","args":[{"element-6066-11e4-a52e-4f735466cecf":"f.B713056A9316196A9232F0DF0934CF03.d.5AFEBE611F7D3DFE8E269876B2D58987.e.12794","ELEMENT":"f.B713056A9316196A9232F0DF0934CF03.d.5AFEBE611F7D3DFE8E269876B2D58987.e.12794"}]}
COMMAND: GET /session/6cd8861519be2314cbde44996230575a/element/f.B713056A9316196A9232F0DF0934CF03.d.5AFEBE611F7D3DFE8E269876B2D58987.e.12794/enabled - {}
COMMAND: GET /session/6cd8861519be2314cbde44996230575a/screenshot - {}
RESULT: {}
COMMAND: POST /session/6cd8861519be2314cbde44996230575a/execute/sync - {"script":"<script> [8489 bytes]","args":[{"element-6066-11e4-a52e-4f735466cecf":"f.B713056A9316196A9232F0DF0934CF03.d.5AFEBE611F7D3DFE8E269876B2D58987.e.12794","ELEMENT":"f.B713056A9316196A9232F0DF0934CF03.d.5AFEBE611F7D3DFE8E269876B2D58987.e.12794"}]}
COMMAND: GET /session/6cd8861519be2314cbde44996230575a/screenshot - {}
RESULT: {}
RESULT: {"script":"<script> [8489 bytes]","args":[{"element-6066-11e4-a52e-4f735466cecf":"f.B713056A9316196A9232F0DF0934CF03.d.5AFEBE611F7D3DFE8E269876B2D58987.e.12794","ELEMENT":"f.B713056A9316196A9232F0DF0934CF03.d.5AFEBE611F7D3DFE8E269876B2D58987.e.12794"}]}
COMMAND: POST /session/6cd8861519be2314cbde44996230575a/execute/sync - {"script":"<script> [5351 bytes]","args":[{"element-6066-11e4-a52e-4f735466cecf":"f.B713056A9316196A9232F0DF0934CF03.d.5AFEBE611F7D3DFE8E269876B2D58987.e.12794","ELEMENT":"f.B713056A9316196A9232F0DF0934CF03.d.5AFEBE611F7D3DFE8E269876B2D58987.e.12794"}]}
COMMAND: GET /session/6cd8861519be2314cbde44996230575a/screenshot - {}
RESULT: {}
RESULT: {"script":"<script> [5351 bytes]","args":[{"element-6066-11e4-a52e-4f735466cecf":"f.B713056A9316196A9232F0DF0934CF03.d.5AFEBE611F7D3DFE8E269876B2D58987.e.12794","ELEMENT":"f.B713056A9316196A9232F0DF0934CF03.d.5AFEBE611F7D3DFE8E269876B2D58987.e.12794"}]}
COMMAND: GET /session/6cd8861519be2314cbde44996230575a/screenshot - {}
RESULT: {}
RESULT: {}
COMMAND: POST /session/6cd8861519be2314cbde44996230575a/element/f.B713056A9316196A9232F0DF0934CF03.d.5AFEBE611F7D3DFE8E269876B2D58987.e.12794/click - {}
RESULT: {}
COMMAND: GET /session/6cd8861519be2314cbde44996230575a/screenshot - {}
COMMAND: POST /session/6cd8861519be2314cbde44996230575a/execute/async - {"script":"<script> [1562 bytes]","args":[{"selector":{"id":"application-managecontracts-display-component---AddNewContract--projectDescription","interaction":{"idSuffix":"inner"}},"wdio_ui5_key":"applicationmanagecontracts-display-component---AddNewContract--projectDescription"}]}
RESULT: {}
RESULT: {"script":"<script> [1562 bytes]","args":[{"selector":{"id":"application-managecontracts-display-component---AddNewContract--projectDescription","interaction":{"idSuffix":"inner"}},"wdio_ui5_key":"applicationmanagecontracts-display-component---AddNewContract--projectDescription"}]}
RESULT: undefined
COMMAND: POST /session/6cd8861519be2314cbde44996230575a/execute/async - {"script":"<script> [776 bytes]","args":[{"enterText":"Contract WDIO","selector":{"id":"application-managecontracts-display-component---AddNewContract--projectDescription","interaction":{"idSuffix":"inner"}},"clearTextFirst":true,"interactionType":"ENTER_TEXT"}]}
RESULT: {"script":"<script> [776 bytes]","args":[{"enterText":"Contract WDIO","selector":{"id":"application-managecontracts-display-component---AddNewContract--projectDescription","interaction":{"idSuffix":"inner"}},"clearTextFirst":true,"interactionType":"ENTER_TEXT"}]}
COMMAND: POST /session/6cd8861519be2314cbde44996230575a/element - {"using":"xpath","value":"//input[@id=\"application-managecontracts-display-component---AddNewContract--site-inner\"]"}
RESULT: {"using":"xpath","value":"//input[@id=\"application-managecontracts-display-component---AddNewContract--site-inner\"]"}
COMMAND: POST /session/6cd8861519be2314cbde44996230575a/element/f.B713056A9316196A9232F0DF0934CF03.d.5AFEBE611F7D3DFE8E269876B2D58987.e.13124/clear - {}
RESULT: {}
COMMAND: POST /session/6cd8861519be2314cbde44996230575a/element/f.B713056A9316196A9232F0DF0934CF03.d.5AFEBE611F7D3DFE8E269876B2D58987.e.13124/value - {"text":"2084"}
COMMAND: GET /session/6cd8861519be2314cbde44996230575a/screenshot - {}
RESULT: {"text":"2084"}
COMMAND: GET /session/6cd8861519be2314cbde44996230575a/screenshot - {}
RESULT: {}
RESULT: {}
COMMAND: POST /session/6cd8861519be2314cbde44996230575a/element - {"using":"xpath","value":"//li[.//span[text()='2084']]"}
RESULT: {"using":"xpath","value":"//li[.//span[text()='2084']]"}
COMMAND: POST /session/6cd8861519be2314cbde44996230575a/element/f.B713056A9316196A9232F0DF0934CF03.d.5AFEBE611F7D3DFE8E269876B2D58987.e.13206/click - {}
RESULT: {}
COMMAND: GET /session/6cd8861519be2314cbde44996230575a/screenshot - {}
RESULT: {}
COMMAND: POST /session/6cd8861519be2314cbde44996230575a/element - {"using":"xpath","value":"//input[@id=\"application-managecontracts-display-component---AddNewContract--yardId-inner\"]"}
RESULT: {"using":"xpath","value":"//input[@id=\"application-managecontracts-display-component---AddNewContract--yardId-inner\"]"}
COMMAND: GET /session/6cd8861519be2314cbde44996230575a/element/f.B713056A9316196A9232F0DF0934CF03.d.5AFEBE611F7D3DFE8E269876B2D58987.e.13125/property/value - {}
RESULT: {}
COMMAND: POST /session/6cd8861519be2314cbde44996230575a/element - {"using":"xpath","value":"//input[@id=\"application-managecontracts-display-component---AddNewContract--customerSelect-inner\"]"}
COMMAND: GET /session/6cd8861519be2314cbde44996230575a/screenshot - {}
RESULT: {"using":"xpath","value":"//input[@id=\"application-managecontracts-display-component---AddNewContract--customerSelect-inner\"]"}
COMMAND: POST /session/6cd8861519be2314cbde44996230575a/element/f.B713056A9316196A9232F0DF0934CF03.d.5AFEBE611F7D3DFE8E269876B2D58987.e.13123/clear - {}
RESULT: {}
RESULT: {}
COMMAND: POST /session/6cd8861519be2314cbde44996230575a/element/f.B713056A9316196A9232F0DF0934CF03.d.5AFEBE611F7D3DFE8E269876B2D58987.e.13123/value - {"text":"1087"}
COMMAND: GET /session/6cd8861519be2314cbde44996230575a/screenshot - {}
RESULT: {"text":"1087"}
COMMAND: GET /session/6cd8861519be2314cbde44996230575a/screenshot - {}
RESULT: {}
RESULT: {}
COMMAND: POST /session/6cd8861519be2314cbde44996230575a/element - {"using":"xpath","value":"//li[.//span[text()='1087']]"}
RESULT: {"using":"xpath","value":"//li[.//span[text()='1087']]"}
COMMAND: POST /session/6cd8861519be2314cbde44996230575a/element/f.B713056A9316196A9232F0DF0934CF03.d.5AFEBE611F7D3DFE8E269876B2D58987.e.13209/click - {}
RESULT: {}
COMMAND: GET /session/6cd8861519be2314cbde44996230575a/screenshot - {}
RESULT: {}
COMMAND: POST /session/6cd8861519be2314cbde44996230575a/element - {"using":"xpath","value":"//button[@data-kt=\"saveButton\"]"}
RESULT: {"using":"xpath","value":"//button[@data-kt=\"saveButton\"]"}
COMMAND: POST /session/6cd8861519be2314cbde44996230575a/element/f.B713056A9316196A9232F0DF0934CF03.d.5AFEBE611F7D3DFE8E269876B2D58987.e.13199/click - {}
RESULT: {}
COMMAND: GET /session/6cd8861519be2314cbde44996230575a/screenshot - {}
RESULT: {}
COMMAND: POST /session/6cd8861519be2314cbde44996230575a/element - {"using":"xpath","value":"//span[contains(@id ,\"contractDetailTitleNoExpanded\")]"}
RESULT: {"using":"xpath","value":"//span[contains(@id ,\"contractDetailTitleNoExpanded\")]"}
COMMAND: POST /session/6cd8861519be2314cbde44996230575a/elements - {"using":"xpath","value":"//span[contains(@id ,\"contractDetailTitleNoExpanded\")]"}
RESULT: {"using":"xpath","value":"//span[contains(@id ,\"contractDetailTitleNoExpanded\")]"}
COMMAND: POST /session/6cd8861519be2314cbde44996230575a/execute/sync - {"script":"<script> [56 bytes]","args":[{"element-6066-11e4-a52e-4f735466cecf":"f.B713056A9316196A9232F0DF0934CF03.d.5AFEBE611F7D3DFE8E269876B2D58987.e.13280","ELEMENT":"f.B713056A9316196A9232F0DF0934CF03.d.5AFEBE611F7D3DFE8E269876B2D58987.e.13280"}]}
RESULT: {"script":"<script> [56 bytes]","args":[{"element-6066-11e4-a52e-4f735466cecf":"f.B713056A9316196A9232F0DF0934CF03.d.5AFEBE611F7D3DFE8E269876B2D58987.e.13280","ELEMENT":"f.B713056A9316196A9232F0DF0934CF03.d.5AFEBE611F7D3DFE8E269876B2D58987.e.13280"}]}
COMMAND: GET /session/6cd8861519be2314cbde44996230575a/screenshot - {}
RESULT: {}
]]></system-out>
    </testcase>
    <testcase classname="chrome.136_0_7103_93.windows.Billing_Transfer_-_Intracompany_US127249" name="Should add equipment to the contract" time="58.197">
      <system-out><![CDATA[
COMMAND: POST /session/6cd8861519be2314cbde44996230575a/element - {"using":"xpath","value":"//button[@data-kt=\"contractDetailEditBtnButton\"]"}
RESULT: {"using":"xpath","value":"//button[@data-kt=\"contractDetailEditBtnButton\"]"}
COMMAND: POST /session/6cd8861519be2314cbde44996230575a/element/f.B713056A9316196A9232F0DF0934CF03.d.5AFEBE611F7D3DFE8E269876B2D58987.e.13282/click - {}
RESULT: {}
COMMAND: GET /session/6cd8861519be2314cbde44996230575a/screenshot - {}
RESULT: {}
COMMAND: POST /session/6cd8861519be2314cbde44996230575a/element - {"using":"xpath","value":"(//span[contains(text(), \"Additional Addresses\")])[2]"}
RESULT: {"using":"xpath","value":"(//span[contains(text(), \"Additional Addresses\")])[2]"}
COMMAND: POST /session/6cd8861519be2314cbde44996230575a/element/f.B713056A9316196A9232F0DF0934CF03.d.5AFEBE611F7D3DFE8E269876B2D58987.e.13338/click - {}
RESULT: {}
COMMAND: GET /session/6cd8861519be2314cbde44996230575a/screenshot - {}
RESULT: {}
COMMAND: POST /session/6cd8861519be2314cbde44996230575a/element - {"using":"xpath","value":"//button[@data-kt=\"btnAddTableRowOverflowToolbarButton\"]"}
RESULT: {"using":"xpath","value":"//button[@data-kt=\"btnAddTableRowOverflowToolbarButton\"]"}
COMMAND: POST /session/6cd8861519be2314cbde44996230575a/element/f.B713056A9316196A9232F0DF0934CF03.d.5AFEBE611F7D3DFE8E269876B2D58987.e.13342/click - {}
RESULT: {}
COMMAND: GET /session/6cd8861519be2314cbde44996230575a/screenshot - {}
RESULT: {}
COMMAND: POST /session/6cd8861519be2314cbde44996230575a/element - {"using":"xpath","value":"//div[(text() = 'Standard Entry' or . = 'Standard Entry')]"}
RESULT: {"using":"xpath","value":"//div[(text() = 'Standard Entry' or . = 'Standard Entry')]"}
COMMAND: POST /session/6cd8861519be2314cbde44996230575a/element/f.B713056A9316196A9232F0DF0934CF03.d.5AFEBE611F7D3DFE8E269876B2D58987.e.13344/click - {}
RESULT: {}
COMMAND: GET /session/6cd8861519be2314cbde44996230575a/screenshot - {}
RESULT: {}
COMMAND: POST /session/6cd8861519be2314cbde44996230575a/element - {"using":"xpath","value":"//td[7]/div/div/input"}
RESULT: {"using":"xpath","value":"//td[7]/div/div/input"}
COMMAND: POST /session/6cd8861519be2314cbde44996230575a/element/f.B713056A9316196A9232F0DF0934CF03.d.5AFEBE611F7D3DFE8E269876B2D58987.e.13353/clear - {}
RESULT: {}
COMMAND: POST /session/6cd8861519be2314cbde44996230575a/element/f.B713056A9316196A9232F0DF0934CF03.d.5AFEBE611F7D3DFE8E269876B2D58987.e.13353/value - {"text":"Qhrq62zypd"}
COMMAND: GET /session/6cd8861519be2314cbde44996230575a/screenshot - {}
RESULT: {"text":"Qhrq62zypd"}
COMMAND: GET /session/6cd8861519be2314cbde44996230575a/screenshot - {}
RESULT: {}
RESULT: {}
COMMAND: POST /session/6cd8861519be2314cbde44996230575a/actions - {"actions":[{"id":"action41","type":"key","parameters":{},"actions":[{"type":"keyDown","value":""},{"type":"pause","duration":10},{"type":"keyUp","value":""}]}]}
RESULT: {"actions":[{"id":"action41","type":"key","parameters":{},"actions":[{"type":"keyDown","value":""},{"type":"pause","duration":10},{"type":"keyUp","value":""}]}]}
COMMAND: GET /session/6cd8861519be2314cbde44996230575a/screenshot - {}
RESULT: {}
COMMAND: POST /session/6cd8861519be2314cbde44996230575a/execute/sync - {"script":"<script> [276 bytes]","args":["No pricing information was found"]}
RESULT: {"script":"<script> [276 bytes]","args":["No pricing information was found"]}
COMMAND: POST /session/6cd8861519be2314cbde44996230575a/element - {"using":"xpath","value":"(//button[@data-kt=\"saveButton\"])[2]"}
COMMAND: GET /session/6cd8861519be2314cbde44996230575a/screenshot - {}
RESULT: {"using":"xpath","value":"(//button[@data-kt=\"saveButton\"])[2]"}
COMMAND: POST /session/6cd8861519be2314cbde44996230575a/element/f.B713056A9316196A9232F0DF0934CF03.d.5AFEBE611F7D3DFE8E269876B2D58987.e.13368/click - {}
RESULT: {}
RESULT: {}
COMMAND: GET /session/6cd8861519be2314cbde44996230575a/screenshot - {}
RESULT: {}
COMMAND: POST /session/6cd8861519be2314cbde44996230575a/execute/sync - {"script":"<script> [276 bytes]","args":["Some contract items are having rental validity exceeding header rental validity"]}
RESULT: {"script":"<script> [276 bytes]","args":["Some contract items are having rental validity exceeding header rental validity"]}
COMMAND: GET /session/6cd8861519be2314cbde44996230575a/screenshot - {}
RESULT: {}
COMMAND: POST /session/6cd8861519be2314cbde44996230575a/element - {"using":"xpath","value":"//span[contains(@id ,\"contractItemsSmartTable-header-inner\")]"}
RESULT: {"using":"xpath","value":"//span[contains(@id ,\"contractItemsSmartTable-header-inner\")]"}
COMMAND: POST /session/6cd8861519be2314cbde44996230575a/elements - {"using":"xpath","value":"//span[contains(@id ,\"contractItemsSmartTable-header-inner\")]"}
RESULT: {"using":"xpath","value":"//span[contains(@id ,\"contractItemsSmartTable-header-inner\")]"}
COMMAND: POST /session/6cd8861519be2314cbde44996230575a/execute/sync - {"script":"<script> [56 bytes]","args":[{"element-6066-11e4-a52e-4f735466cecf":"f.B713056A9316196A9232F0DF0934CF03.d.5AFEBE611F7D3DFE8E269876B2D58987.e.13373","ELEMENT":"f.B713056A9316196A9232F0DF0934CF03.d.5AFEBE611F7D3DFE8E269876B2D58987.e.13373"}]}
RESULT: {"script":"<script> [56 bytes]","args":[{"element-6066-11e4-a52e-4f735466cecf":"f.B713056A9316196A9232F0DF0934CF03.d.5AFEBE611F7D3DFE8E269876B2D58987.e.13373","ELEMENT":"f.B713056A9316196A9232F0DF0934CF03.d.5AFEBE611F7D3DFE8E269876B2D58987.e.13373"}]}
]]></system-out>
    </testcase>
    <testcase classname="chrome.136_0_7103_93.windows.Billing_Transfer_-_Intracompany_US127249" name="Should do a provide to site handover" time="64.537">
      <system-out><![CDATA[
COMMAND: POST /session/6cd8861519be2314cbde44996230575a/element - {"using":"xpath","value":"//button[@data-kt=\"provideButton\"]"}
COMMAND: GET /session/6cd8861519be2314cbde44996230575a/screenshot - {}
RESULT: {"using":"xpath","value":"//button[@data-kt=\"provideButton\"]"}
COMMAND: POST /session/6cd8861519be2314cbde44996230575a/element/f.B713056A9316196A9232F0DF0934CF03.d.5AFEBE611F7D3DFE8E269876B2D58987.e.13374/click - {}
RESULT: {}
RESULT: {}
COMMAND: GET /session/6cd8861519be2314cbde44996230575a/screenshot - {}
RESULT: undefined
COMMAND: POST /session/6cd8861519be2314cbde44996230575a/execute/async - {"script":"<script> [6424 bytes]","args":[{"element-6066-11e4-a52e-4f735466cecf":"f.B713056A9316196A9232F0DF0934CF03.d.5AFEBE611F7D3DFE8E269876B2D58987.e.12349"},"setValue",["5/23/25"]]}
RESULT: {}
COMMAND: POST /session/6cd8861519be2314cbde44996230575a/execute/async - {"script":"<script> [1562 bytes]","args":[{"selector":{"id":"application-managehandovers-display-component---AddNewHO--dueDate","interaction":{"idSuffix":"inner"}},"wdio_ui5_key":"applicationmanagehandovers-display-component---AddNewHO--dueDate"}]}
RESULT: {"script":"<script> [1562 bytes]","args":[{"selector":{"id":"application-managehandovers-display-component---AddNewHO--dueDate","interaction":{"idSuffix":"inner"}},"wdio_ui5_key":"applicationmanagehandovers-display-component---AddNewHO--dueDate"}]}
COMMAND: POST /session/6cd8861519be2314cbde44996230575a/execute/async - {"script":"<script> [6424 bytes]","args":[{"element-6066-11e4-a52e-4f735466cecf":"f.B713056A9316196A9232F0DF0934CF03.d.5AFEBE611F7D3DFE8E269876B2D58987.e.13450"},"setValue",["5/23/25"]]}
RESULT: {"script":"<script> [6424 bytes]","args":[{"element-6066-11e4-a52e-4f735466cecf":"f.B713056A9316196A9232F0DF0934CF03.d.5AFEBE611F7D3DFE8E269876B2D58987.e.13450"},"setValue",["5/23/25"]]}
COMMAND: POST /session/6cd8861519be2314cbde44996230575a/element - {"using":"xpath","value":"//bdi[contains(text(), \"Instructions\")]"}
RESULT: {"using":"xpath","value":"//bdi[contains(text(), \"Instructions\")]"}
COMMAND: POST /session/6cd8861519be2314cbde44996230575a/element/f.B713056A9316196A9232F0DF0934CF03.d.5AFEBE611F7D3DFE8E269876B2D58987.e.13710/click - {}
RESULT: {}
COMMAND: GET /session/6cd8861519be2314cbde44996230575a/screenshot - {}
RESULT: {}
COMMAND: POST /session/6cd8861519be2314cbde44996230575a/element - {"using":"xpath","value":"//button[@data-kt=\"AddNewHOProvideAddItemsButton\"]"}
RESULT: {"using":"xpath","value":"//button[@data-kt=\"AddNewHOProvideAddItemsButton\"]"}
COMMAND: POST /session/6cd8861519be2314cbde44996230575a/element/f.B713056A9316196A9232F0DF0934CF03.d.5AFEBE611F7D3DFE8E269876B2D58987.e.13714/click - {}
RESULT: {}
COMMAND: GET /session/6cd8861519be2314cbde44996230575a/screenshot - {}
RESULT: {}
RESULT: undefined
COMMAND: POST /session/6cd8861519be2314cbde44996230575a/element - {"using":"xpath","value":"//*[@id=\"application-managehandovers-display-component---AddNewHO--popup-sa\"]"}
RESULT: {"using":"xpath","value":"//*[@id=\"application-managehandovers-display-component---AddNewHO--popup-sa\"]"}
COMMAND: POST /session/6cd8861519be2314cbde44996230575a/element/f.B713056A9316196A9232F0DF0934CF03.d.5AFEBE611F7D3DFE8E269876B2D58987.e.13729/click - {}
RESULT: {}
COMMAND: GET /session/6cd8861519be2314cbde44996230575a/screenshot - {}
RESULT: {}
COMMAND: POST /session/6cd8861519be2314cbde44996230575a/element - {"using":"xpath","value":"//*[contains(@id ,\"BDI-content\")][contains(text(), \"Select\")]"}
RESULT: {"using":"xpath","value":"//*[contains(@id ,\"BDI-content\")][contains(text(), \"Select\")]"}
COMMAND: POST /session/6cd8861519be2314cbde44996230575a/element/f.B713056A9316196A9232F0DF0934CF03.d.5AFEBE611F7D3DFE8E269876B2D58987.e.13730/click - {}
RESULT: {}
COMMAND: GET /session/6cd8861519be2314cbde44996230575a/screenshot - {}
RESULT: {}
COMMAND: POST /session/6cd8861519be2314cbde44996230575a/execute/async - {"script":"<script> [1562 bytes]","args":[{"selector":{"id":"application-managehandovers-display-component---AddNewHO--confirmCreationButton","interaction":{"idSuffix":"BDI-content"}},"wdio_ui5_key":"applicationmanagehandovers-display-component---AddNewHO--confirmCreationButton"}]}
RESULT: {"script":"<script> [1562 bytes]","args":[{"selector":{"id":"application-managehandovers-display-component---AddNewHO--confirmCreationButton","interaction":{"idSuffix":"BDI-content"}},"wdio_ui5_key":"applicationmanagehandovers-display-component---AddNewHO--confirmCreationButton"}]}
RESULT: undefined
COMMAND: POST /session/6cd8861519be2314cbde44996230575a/element - {"using":"xpath","value":"//*[@id=\"application-managehandovers-display-component---AddNewHO--confirmCreationButton\"]"}
RESULT: {"using":"xpath","value":"//*[@id=\"application-managehandovers-display-component---AddNewHO--confirmCreationButton\"]"}
COMMAND: POST /session/6cd8861519be2314cbde44996230575a/element/f.B713056A9316196A9232F0DF0934CF03.d.5AFEBE611F7D3DFE8E269876B2D58987.e.13497/click - {}
RESULT: {}
COMMAND: GET /session/6cd8861519be2314cbde44996230575a/screenshot - {}
RESULT: {}
COMMAND: POST /session/6cd8861519be2314cbde44996230575a/execute/async - {"script":"<script> [1562 bytes]","args":[{"selector":{"id":"issueDatePicker","viewName":"etm.portal.ui.managehandovers.view.DetailExecuteHO","interaction":{"idSuffix":"inner"}},"wdio_ui5_key":"issueDatePickeretmportal.ui.managehandovers.view.DetailExecuteHO"}]}
RESULT: {"script":"<script> [1562 bytes]","args":[{"selector":{"id":"issueDatePicker","viewName":"etm.portal.ui.managehandovers.view.DetailExecuteHO","interaction":{"idSuffix":"inner"}},"wdio_ui5_key":"issueDatePickeretmportal.ui.managehandovers.view.DetailExecuteHO"}]}
RESULT: undefined
COMMAND: POST /session/6cd8861519be2314cbde44996230575a/execute/async - {"script":"<script> [776 bytes]","args":[{"enterText":"5/23/25","selector":{"id":"issueDatePicker","viewName":"etm.portal.ui.managehandovers.view.DetailExecuteHO","interaction":{"idSuffix":"inner"}},"clearTextFirst":true,"interactionType":"ENTER_TEXT"}]}
RESULT: {"script":"<script> [776 bytes]","args":[{"enterText":"5/23/25","selector":{"id":"issueDatePicker","viewName":"etm.portal.ui.managehandovers.view.DetailExecuteHO","interaction":{"idSuffix":"inner"}},"clearTextFirst":true,"interactionType":"ENTER_TEXT"}]}
COMMAND: POST /session/6cd8861519be2314cbde44996230575a/element - {"using":"xpath","value":"//button[@data-kt=\"PickingTableConfirmAllButton\"]"}
RESULT: {"using":"xpath","value":"//button[@data-kt=\"PickingTableConfirmAllButton\"]"}
COMMAND: POST /session/6cd8861519be2314cbde44996230575a/element/f.B713056A9316196A9232F0DF0934CF03.d.5AFEBE611F7D3DFE8E269876B2D58987.e.13790/click - {}
RESULT: {}
COMMAND: GET /session/6cd8861519be2314cbde44996230575a/screenshot - {}
RESULT: {}
COMMAND: POST /session/6cd8861519be2314cbde44996230575a/element - {"using":"xpath","value":"//bdi[contains(text(), \"OK\")]"}
RESULT: {"using":"xpath","value":"//bdi[contains(text(), \"OK\")]"}
COMMAND: POST /session/6cd8861519be2314cbde44996230575a/element/f.B713056A9316196A9232F0DF0934CF03.d.5AFEBE611F7D3DFE8E269876B2D58987.e.13793/click - {}
RESULT: {}
COMMAND: GET /session/6cd8861519be2314cbde44996230575a/screenshot - {}
RESULT: {}
COMMAND: POST /session/6cd8861519be2314cbde44996230575a/element - {"using":"xpath","value":"//bdi[contains(text(), \"Issue\")]"}
RESULT: {"using":"xpath","value":"//bdi[contains(text(), \"Issue\")]"}
COMMAND: POST /session/6cd8861519be2314cbde44996230575a/element/f.B713056A9316196A9232F0DF0934CF03.d.5AFEBE611F7D3DFE8E269876B2D58987.e.13795/click - {}
RESULT: {}
COMMAND: GET /session/6cd8861519be2314cbde44996230575a/screenshot - {}
RESULT: {}
COMMAND: POST /session/6cd8861519be2314cbde44996230575a/element - {"using":"css selector","value":"#shell-header-logo"}
RESULT: {"using":"css selector","value":"#shell-header-logo"}
COMMAND: POST /session/6cd8861519be2314cbde44996230575a/element/f.B713056A9316196A9232F0DF0934CF03.d.5AFEBE611F7D3DFE8E269876B2D58987.e.12758/click - {}
RESULT: {}
COMMAND: GET /session/6cd8861519be2314cbde44996230575a/screenshot - {}
RESULT: {}
]]></system-out>
    </testcase>
    <testcase classname="chrome.136_0_7103_93.windows.Billing_Transfer_-_Intracompany_US127249" name="Should go navigate to Manage Billings and trigger contract calculation check result" time="71.391">
      <system-out><![CDATA[
COMMAND: POST /session/6cd8861519be2314cbde44996230575a/execute/async - {"script":"<script> [1562 bytes]","args":[{"selector":{"controlType":"sap.m.GenericTile","properties":{"header":"Manage Billings"}},"wdio_ui5_key":"sapm.GenericTile{\"header\":\"Manage Billings\"}"}]}
RESULT: {"script":"<script> [1562 bytes]","args":[{"selector":{"controlType":"sap.m.GenericTile","properties":{"header":"Manage Billings"}},"wdio_ui5_key":"sapm.GenericTile{\"header\":\"Manage Billings\"}"}]}
RESULT: undefined
COMMAND: POST /session/6cd8861519be2314cbde44996230575a/element - {"using":"xpath","value":"//*[@id=\"__tile51\"]"}
RESULT: {"using":"xpath","value":"//*[@id=\"__tile51\"]"}
COMMAND: POST /session/6cd8861519be2314cbde44996230575a/element/f.B713056A9316196A9232F0DF0934CF03.d.5AFEBE611F7D3DFE8E269876B2D58987.e.8640/click - {}
RESULT: {}
COMMAND: GET /session/6cd8861519be2314cbde44996230575a/screenshot - {}
COMMAND: POST /session/6cd8861519be2314cbde44996230575a/elements - {"using":"xpath","value":"//span[text()='Error']"}
RESULT: {}
RESULT: {"using":"xpath","value":"//span[text()='Error']"}
COMMAND: POST /session/6cd8861519be2314cbde44996230575a/execute/async - {"script":"<script> [1562 bytes]","args":[{"selector":{"id":"application-managebillings-display-component---billRunCalcResult--smartFilterBar-btnBasicSearch","interaction":{"idSuffix":"I"}},"wdio_ui5_key":"applicationmanagebillings-display-component---billRunCalcResult--smartFilterBar-btnBasicSearch"}]}
RESULT: {"script":"<script> [1562 bytes]","args":[{"selector":{"id":"application-managebillings-display-component---billRunCalcResult--smartFilterBar-btnBasicSearch","interaction":{"idSuffix":"I"}},"wdio_ui5_key":"applicationmanagebillings-display-component---billRunCalcResult--smartFilterBar-btnBasicSearch"}]}
RESULT: undefined
COMMAND: POST /session/6cd8861519be2314cbde44996230575a/execute/async - {"script":"<script> [776 bytes]","args":[{"enterText":"10170","selector":{"id":"application-managebillings-display-component---billRunCalcResult--smartFilterBar-btnBasicSearch","interaction":{"idSuffix":"I"}},"clearTextFirst":true,"interactionType":"ENTER_TEXT"}]}
RESULT: {"script":"<script> [776 bytes]","args":[{"enterText":"10170","selector":{"id":"application-managebillings-display-component---billRunCalcResult--smartFilterBar-btnBasicSearch","interaction":{"idSuffix":"I"}},"clearTextFirst":true,"interactionType":"ENTER_TEXT"}]}
COMMAND: POST /session/6cd8861519be2314cbde44996230575a/actions - {"actions":[{"id":"action42","type":"key","parameters":{},"actions":[{"type":"keyDown","value":""},{"type":"pause","duration":10},{"type":"keyUp","value":""}]}]}
RESULT: {"actions":[{"id":"action42","type":"key","parameters":{},"actions":[{"type":"keyDown","value":""},{"type":"pause","duration":10},{"type":"keyUp","value":""}]}]}
COMMAND: GET /session/6cd8861519be2314cbde44996230575a/screenshot - {}
RESULT: {}
COMMAND: POST /session/6cd8861519be2314cbde44996230575a/element - {"using":"xpath","value":"//td[@aria-colindex=\"1\"]/div/div[contains(@class, \"sapMCbBg\")]"}
RESULT: {"using":"xpath","value":"//td[@aria-colindex=\"1\"]/div/div[contains(@class, \"sapMCbBg\")]"}
COMMAND: POST /session/6cd8861519be2314cbde44996230575a/element/f.B713056A9316196A9232F0DF0934CF03.d.5AFEBE611F7D3DFE8E269876B2D58987.e.14178/click - {}
RESULT: {}
COMMAND: GET /session/6cd8861519be2314cbde44996230575a/screenshot - {}
RESULT: {}
COMMAND: POST /session/6cd8861519be2314cbde44996230575a/execute/async - {"script":"<script> [1562 bytes]","args":[{"selector":{"id":"application-managebillings-display-component---billRunCalcResult--contractBillRunDate","interaction":{"idSuffix":"inner"}},"wdio_ui5_key":"applicationmanagebillings-display-component---billRunCalcResult--contractBillRunDate"}]}
RESULT: {"script":"<script> [1562 bytes]","args":[{"selector":{"id":"application-managebillings-display-component---billRunCalcResult--contractBillRunDate","interaction":{"idSuffix":"inner"}},"wdio_ui5_key":"applicationmanagebillings-display-component---billRunCalcResult--contractBillRunDate"}]}
RESULT: undefined
COMMAND: POST /session/6cd8861519be2314cbde44996230575a/execute/async - {"script":"<script> [776 bytes]","args":[{"enterText":"5/23/25","selector":{"id":"application-managebillings-display-component---billRunCalcResult--contractBillRunDate","interaction":{"idSuffix":"inner"}},"clearTextFirst":true,"interactionType":"ENTER_TEXT"}]}
RESULT: {"script":"<script> [776 bytes]","args":[{"enterText":"5/23/25","selector":{"id":"application-managebillings-display-component---billRunCalcResult--contractBillRunDate","interaction":{"idSuffix":"inner"}},"clearTextFirst":true,"interactionType":"ENTER_TEXT"}]}
COMMAND: POST /session/6cd8861519be2314cbde44996230575a/element - {"using":"xpath","value":"//bdi[contains(text(), \"Trigger Calculation\")]"}
RESULT: {"using":"xpath","value":"//bdi[contains(text(), \"Trigger Calculation\")]"}
COMMAND: POST /session/6cd8861519be2314cbde44996230575a/element/f.B713056A9316196A9232F0DF0934CF03.d.5AFEBE611F7D3DFE8E269876B2D58987.e.14199/click - {}
RESULT: {}
COMMAND: GET /session/6cd8861519be2314cbde44996230575a/screenshot - {}
RESULT: {}
COMMAND: POST /session/6cd8861519be2314cbde44996230575a/element - {"using":"xpath","value":"(//span[contains(@id, \"imgNav\")])[1]"}
RESULT: {"using":"xpath","value":"(//span[contains(@id, \"imgNav\")])[1]"}
COMMAND: POST /session/6cd8861519be2314cbde44996230575a/element/f.B713056A9316196A9232F0DF0934CF03.d.5AFEBE611F7D3DFE8E269876B2D58987.e.14192/click - {}
RESULT: {}
COMMAND: GET /session/6cd8861519be2314cbde44996230575a/screenshot - {}
RESULT: {}
COMMAND: POST /session/6cd8861519be2314cbde44996230575a/element - {"using":"xpath","value":"//tr/td[6]/div[1]/span[1]/span[1]"}
RESULT: {"using":"xpath","value":"//tr/td[6]/div[1]/span[1]/span[1]"}
COMMAND: GET /session/6cd8861519be2314cbde44996230575a/element/f.B713056A9316196A9232F0DF0934CF03.d.5AFEBE611F7D3DFE8E269876B2D58987.e.14204/text - {}
RESULT: {}
COMMAND: POST /session/6cd8861519be2314cbde44996230575a/element - {"using":"xpath","value":"(//span[contains(@id, \"imgNav\")])[2]"}
RESULT: {"using":"xpath","value":"(//span[contains(@id, \"imgNav\")])[2]"}
COMMAND: POST /session/6cd8861519be2314cbde44996230575a/element/f.B713056A9316196A9232F0DF0934CF03.d.5AFEBE611F7D3DFE8E269876B2D58987.e.14205/click - {}
RESULT: {}
COMMAND: POST /session/6cd8861519be2314cbde44996230575a/element - {"using":"xpath","value":"//bdi[contains(text(), \"Business Confirm\")]"}
COMMAND: GET /session/6cd8861519be2314cbde44996230575a/screenshot - {}
RESULT: {"using":"xpath","value":"//bdi[contains(text(), \"Business Confirm\")]"}
COMMAND: POST /session/6cd8861519be2314cbde44996230575a/elements - {"using":"xpath","value":"//bdi[contains(text(), \"Business Confirm\")]"}
RESULT: {}
RESULT: {"using":"xpath","value":"//bdi[contains(text(), \"Business Confirm\")]"}
COMMAND: POST /session/6cd8861519be2314cbde44996230575a/element - {"using":"xpath","value":"//bdi[contains(text(), \"Business Confirm\")]"}
RESULT: {"using":"xpath","value":"//bdi[contains(text(), \"Business Confirm\")]"}
COMMAND: POST /session/6cd8861519be2314cbde44996230575a/element/f.B713056A9316196A9232F0DF0934CF03.d.5AFEBE611F7D3DFE8E269876B2D58987.e.14247/click - {}
RESULT: {}
COMMAND: POST /session/6cd8861519be2314cbde44996230575a/element - {"using":"css selector","value":"#shell-header-logo"}
COMMAND: GET /session/6cd8861519be2314cbde44996230575a/screenshot - {}
RESULT: {"using":"css selector","value":"#shell-header-logo"}
COMMAND: POST /session/6cd8861519be2314cbde44996230575a/element/f.B713056A9316196A9232F0DF0934CF03.d.5AFEBE611F7D3DFE8E269876B2D58987.e.13973/click - {}
RESULT: {}
RESULT: {}
COMMAND: GET /session/6cd8861519be2314cbde44996230575a/screenshot - {}
RESULT: {}
]]></system-out>
    </testcase>
    <testcase classname="chrome.136_0_7103_93.windows.Billing_Transfer_-_Intracompany_US127249" name="Should navigate to billing transfer and invoice the contract" time="92.117">
      <system-out><![CDATA[
COMMAND: POST /session/6cd8861519be2314cbde44996230575a/execute/async - {"script":"<script> [1562 bytes]","args":[{"selector":{"controlType":"sap.m.GenericTile","properties":{"header":"Billing Transfer"}},"wdio_ui5_key":"sapm.GenericTile{\"header\":\"Billing Transfer\"}"}]}
RESULT: {"script":"<script> [1562 bytes]","args":[{"selector":{"controlType":"sap.m.GenericTile","properties":{"header":"Billing Transfer"}},"wdio_ui5_key":"sapm.GenericTile{\"header\":\"Billing Transfer\"}"}]}
RESULT: undefined
COMMAND: POST /session/6cd8861519be2314cbde44996230575a/element - {"using":"xpath","value":"//*[@id=\"__tile50\"]"}
RESULT: {"using":"xpath","value":"//*[@id=\"__tile50\"]"}
COMMAND: POST /session/6cd8861519be2314cbde44996230575a/element/f.B713056A9316196A9232F0DF0934CF03.d.5AFEBE611F7D3DFE8E269876B2D58987.e.8638/click - {}
RESULT: {}
COMMAND: GET /session/6cd8861519be2314cbde44996230575a/screenshot - {}
RESULT: {}
COMMAND: POST /session/6cd8861519be2314cbde44996230575a/elements - {"using":"xpath","value":"//span[text()='Error']"}
RESULT: {"using":"xpath","value":"//span[text()='Error']"}
COMMAND: POST /session/6cd8861519be2314cbde44996230575a/element - {"using":"xpath","value":"//input[contains(@id ,\"application-billingtransfer-display-component---billingWorkbench--smartFilterBar-btnBasicSearch\")]"}
RESULT: {"using":"xpath","value":"//input[contains(@id ,\"application-billingtransfer-display-component---billingWorkbench--smartFilterBar-btnBasicSearch\")]"}
COMMAND: POST /session/6cd8861519be2314cbde44996230575a/elements - {"using":"xpath","value":"//input[contains(@id ,\"application-billingtransfer-display-component---billingWorkbench--smartFilterBar-btnBasicSearch\")]"}
RESULT: {"using":"xpath","value":"//input[contains(@id ,\"application-billingtransfer-display-component---billingWorkbench--smartFilterBar-btnBasicSearch\")]"}
COMMAND: POST /session/6cd8861519be2314cbde44996230575a/execute/sync - {"script":"<script> [8489 bytes]","args":[{"element-6066-11e4-a52e-4f735466cecf":"f.B713056A9316196A9232F0DF0934CF03.d.5AFEBE611F7D3DFE8E269876B2D58987.e.14278","ELEMENT":"f.B713056A9316196A9232F0DF0934CF03.d.5AFEBE611F7D3DFE8E269876B2D58987.e.14278"}]}
RESULT: {"script":"<script> [8489 bytes]","args":[{"element-6066-11e4-a52e-4f735466cecf":"f.B713056A9316196A9232F0DF0934CF03.d.5AFEBE611F7D3DFE8E269876B2D58987.e.14278","ELEMENT":"f.B713056A9316196A9232F0DF0934CF03.d.5AFEBE611F7D3DFE8E269876B2D58987.e.14278"}]}
COMMAND: GET /session/6cd8861519be2314cbde44996230575a/element/f.B713056A9316196A9232F0DF0934CF03.d.5AFEBE611F7D3DFE8E269876B2D58987.e.14278/enabled - {}
COMMAND: GET /session/6cd8861519be2314cbde44996230575a/screenshot - {}
RESULT: {}
RESULT: {}
COMMAND: POST /session/6cd8861519be2314cbde44996230575a/element/f.B713056A9316196A9232F0DF0934CF03.d.5AFEBE611F7D3DFE8E269876B2D58987.e.14278/click - {}
COMMAND: GET /session/6cd8861519be2314cbde44996230575a/screenshot - {}
RESULT: {}
COMMAND: GET /session/6cd8861519be2314cbde44996230575a/screenshot - {}
RESULT: {}
RESULT: {}
COMMAND: POST /session/6cd8861519be2314cbde44996230575a/element/f.B713056A9316196A9232F0DF0934CF03.d.5AFEBE611F7D3DFE8E269876B2D58987.e.14278/clear - {}
RESULT: {}
COMMAND: POST /session/6cd8861519be2314cbde44996230575a/element/f.B713056A9316196A9232F0DF0934CF03.d.5AFEBE611F7D3DFE8E269876B2D58987.e.14278/value - {"text":"10170"}
COMMAND: GET /session/6cd8861519be2314cbde44996230575a/screenshot - {}
RESULT: {"text":"10170"}
COMMAND: POST /session/6cd8861519be2314cbde44996230575a/actions - {"actions":[{"id":"action43","type":"key","parameters":{},"actions":[{"type":"keyDown","value":""},{"type":"pause","duration":10},{"type":"keyUp","value":""}]}]}
COMMAND: GET /session/6cd8861519be2314cbde44996230575a/screenshot - {}
RESULT: {}
RESULT: {"actions":[{"id":"action43","type":"key","parameters":{},"actions":[{"type":"keyDown","value":""},{"type":"pause","duration":10},{"type":"keyUp","value":""}]}]}
COMMAND: GET /session/6cd8861519be2314cbde44996230575a/screenshot - {}
RESULT: {}
RESULT: {}
COMMAND: POST /session/6cd8861519be2314cbde44996230575a/element - {"using":"xpath","value":"//span[contains(@id ,\"application-billingtransfer-display-component---billingWorkbench--smartTableBillingRuns-header-inner\")]"}
RESULT: {"using":"xpath","value":"//span[contains(@id ,\"application-billingtransfer-display-component---billingWorkbench--smartTableBillingRuns-header-inner\")]"}
COMMAND: POST /session/6cd8861519be2314cbde44996230575a/elements - {"using":"xpath","value":"//span[contains(@id ,\"application-billingtransfer-display-component---billingWorkbench--smartTableBillingRuns-header-inner\")]"}
RESULT: {"using":"xpath","value":"//span[contains(@id ,\"application-billingtransfer-display-component---billingWorkbench--smartTableBillingRuns-header-inner\")]"}
COMMAND: POST /session/6cd8861519be2314cbde44996230575a/execute/sync - {"script":"<script> [56 bytes]","args":[{"element-6066-11e4-a52e-4f735466cecf":"f.B713056A9316196A9232F0DF0934CF03.d.5AFEBE611F7D3DFE8E269876B2D58987.e.14376","ELEMENT":"f.B713056A9316196A9232F0DF0934CF03.d.5AFEBE611F7D3DFE8E269876B2D58987.e.14376"}]}
RESULT: {"script":"<script> [56 bytes]","args":[{"element-6066-11e4-a52e-4f735466cecf":"f.B713056A9316196A9232F0DF0934CF03.d.5AFEBE611F7D3DFE8E269876B2D58987.e.14376","ELEMENT":"f.B713056A9316196A9232F0DF0934CF03.d.5AFEBE611F7D3DFE8E269876B2D58987.e.14376"}]}
COMMAND: POST /session/6cd8861519be2314cbde44996230575a/element - {"using":"xpath","value":"//td[@aria-colindex=\"1\"]/div/div[contains(@class, \"sapMCbBg\")]"}
COMMAND: GET /session/6cd8861519be2314cbde44996230575a/screenshot - {}
RESULT: {"using":"xpath","value":"//td[@aria-colindex=\"1\"]/div/div[contains(@class, \"sapMCbBg\")]"}
COMMAND: POST /session/6cd8861519be2314cbde44996230575a/element/f.B713056A9316196A9232F0DF0934CF03.d.5AFEBE611F7D3DFE8E269876B2D58987.e.14366/click - {}
RESULT: {}
RESULT: {}
COMMAND: GET /session/6cd8861519be2314cbde44996230575a/screenshot - {}
RESULT: {}
COMMAND: POST /session/6cd8861519be2314cbde44996230575a/element - {"using":"xpath","value":"//bdi[contains(text(), \"Check\")]"}
RESULT: {"using":"xpath","value":"//bdi[contains(text(), \"Check\")]"}
COMMAND: POST /session/6cd8861519be2314cbde44996230575a/element/f.B713056A9316196A9232F0DF0934CF03.d.5AFEBE611F7D3DFE8E269876B2D58987.e.14377/click - {}
RESULT: {}
COMMAND: GET /session/6cd8861519be2314cbde44996230575a/screenshot - {}
RESULT: {}
COMMAND: POST /session/6cd8861519be2314cbde44996230575a/element - {"using":"xpath","value":"//bdi[contains(text(), \"OK\")]"}
RESULT: {"using":"xpath","value":"//bdi[contains(text(), \"OK\")]"}
COMMAND: POST /session/6cd8861519be2314cbde44996230575a/element/f.B713056A9316196A9232F0DF0934CF03.d.5AFEBE611F7D3DFE8E269876B2D58987.e.14380/click - {}
RESULT: {}
COMMAND: GET /session/6cd8861519be2314cbde44996230575a/screenshot - {}
RESULT: {}
COMMAND: POST /session/6cd8861519be2314cbde44996230575a/element - {"using":"xpath","value":"(//span[contains(text(), \"CO/SD checked\")]/parent::div/preceding-sibling::div/span)[1]"}
RESULT: {"using":"xpath","value":"(//span[contains(text(), \"CO/SD checked\")]/parent::div/preceding-sibling::div/span)[1]"}
COMMAND: POST /session/6cd8861519be2314cbde44996230575a/element/f.B713056A9316196A9232F0DF0934CF03.d.5AFEBE611F7D3DFE8E269876B2D58987.e.14392/click - {}
RESULT: {}
COMMAND: GET /session/6cd8861519be2314cbde44996230575a/screenshot - {}
RESULT: {}
COMMAND: POST /session/6cd8861519be2314cbde44996230575a/element - {"using":"xpath","value":"//input[contains(@id ,\"application-billingtransfer-display-component---billingWorkbench--smartFilterBar-btnBasicSearch\")]"}
RESULT: {"using":"xpath","value":"//input[contains(@id ,\"application-billingtransfer-display-component---billingWorkbench--smartFilterBar-btnBasicSearch\")]"}
COMMAND: POST /session/6cd8861519be2314cbde44996230575a/elements - {"using":"xpath","value":"//input[contains(@id ,\"application-billingtransfer-display-component---billingWorkbench--smartFilterBar-btnBasicSearch\")]"}
RESULT: {"using":"xpath","value":"//input[contains(@id ,\"application-billingtransfer-display-component---billingWorkbench--smartFilterBar-btnBasicSearch\")]"}
COMMAND: POST /session/6cd8861519be2314cbde44996230575a/execute/sync - {"script":"<script> [8489 bytes]","args":[{"element-6066-11e4-a52e-4f735466cecf":"f.B713056A9316196A9232F0DF0934CF03.d.5AFEBE611F7D3DFE8E269876B2D58987.e.14278","ELEMENT":"f.B713056A9316196A9232F0DF0934CF03.d.5AFEBE611F7D3DFE8E269876B2D58987.e.14278"}]}
RESULT: {"script":"<script> [8489 bytes]","args":[{"element-6066-11e4-a52e-4f735466cecf":"f.B713056A9316196A9232F0DF0934CF03.d.5AFEBE611F7D3DFE8E269876B2D58987.e.14278","ELEMENT":"f.B713056A9316196A9232F0DF0934CF03.d.5AFEBE611F7D3DFE8E269876B2D58987.e.14278"}]}
COMMAND: GET /session/6cd8861519be2314cbde44996230575a/element/f.B713056A9316196A9232F0DF0934CF03.d.5AFEBE611F7D3DFE8E269876B2D58987.e.14278/enabled - {}
COMMAND: GET /session/6cd8861519be2314cbde44996230575a/screenshot - {}
RESULT: {}
COMMAND: POST /session/6cd8861519be2314cbde44996230575a/element/f.B713056A9316196A9232F0DF0934CF03.d.5AFEBE611F7D3DFE8E269876B2D58987.e.14278/click - {}
COMMAND: GET /session/6cd8861519be2314cbde44996230575a/screenshot - {}
RESULT: {}
RESULT: {}
COMMAND: GET /session/6cd8861519be2314cbde44996230575a/screenshot - {}
RESULT: {}
RESULT: {}
COMMAND: POST /session/6cd8861519be2314cbde44996230575a/element/f.B713056A9316196A9232F0DF0934CF03.d.5AFEBE611F7D3DFE8E269876B2D58987.e.14278/clear - {}
RESULT: {}
COMMAND: POST /session/6cd8861519be2314cbde44996230575a/element/f.B713056A9316196A9232F0DF0934CF03.d.5AFEBE611F7D3DFE8E269876B2D58987.e.14278/value - {"text":"10170"}
COMMAND: GET /session/6cd8861519be2314cbde44996230575a/screenshot - {}
RESULT: {"text":"10170"}
COMMAND: POST /session/6cd8861519be2314cbde44996230575a/actions - {"actions":[{"id":"action44","type":"key","parameters":{},"actions":[{"type":"keyDown","value":""},{"type":"pause","duration":10},{"type":"keyUp","value":""}]}]}
COMMAND: GET /session/6cd8861519be2314cbde44996230575a/screenshot - {}
RESULT: {}
RESULT: {"actions":[{"id":"action44","type":"key","parameters":{},"actions":[{"type":"keyDown","value":""},{"type":"pause","duration":10},{"type":"keyUp","value":""}]}]}
COMMAND: GET /session/6cd8861519be2314cbde44996230575a/screenshot - {}
RESULT: {}
RESULT: {}
COMMAND: POST /session/6cd8861519be2314cbde44996230575a/element - {"using":"xpath","value":"//span[contains(@id ,\"application-billingtransfer-display-component---billingWorkbench--smartTableBillingRuns-header-inner\")]"}
RESULT: {"using":"xpath","value":"//span[contains(@id ,\"application-billingtransfer-display-component---billingWorkbench--smartTableBillingRuns-header-inner\")]"}
COMMAND: POST /session/6cd8861519be2314cbde44996230575a/elements - {"using":"xpath","value":"//span[contains(@id ,\"application-billingtransfer-display-component---billingWorkbench--smartTableBillingRuns-header-inner\")]"}
RESULT: {"using":"xpath","value":"//span[contains(@id ,\"application-billingtransfer-display-component---billingWorkbench--smartTableBillingRuns-header-inner\")]"}
COMMAND: POST /session/6cd8861519be2314cbde44996230575a/execute/sync - {"script":"<script> [56 bytes]","args":[{"element-6066-11e4-a52e-4f735466cecf":"f.B713056A9316196A9232F0DF0934CF03.d.5AFEBE611F7D3DFE8E269876B2D58987.e.14376","ELEMENT":"f.B713056A9316196A9232F0DF0934CF03.d.5AFEBE611F7D3DFE8E269876B2D58987.e.14376"}]}
RESULT: {"script":"<script> [56 bytes]","args":[{"element-6066-11e4-a52e-4f735466cecf":"f.B713056A9316196A9232F0DF0934CF03.d.5AFEBE611F7D3DFE8E269876B2D58987.e.14376","ELEMENT":"f.B713056A9316196A9232F0DF0934CF03.d.5AFEBE611F7D3DFE8E269876B2D58987.e.14376"}]}
COMMAND: GET /session/6cd8861519be2314cbde44996230575a/screenshot - {}
RESULT: {}
COMMAND: POST /session/6cd8861519be2314cbde44996230575a/execute/sync - {"script":"<script> [56 bytes]","args":[{"element-6066-11e4-a52e-4f735466cecf":"f.B713056A9316196A9232F0DF0934CF03.d.5AFEBE611F7D3DFE8E269876B2D58987.e.14376","ELEMENT":"f.B713056A9316196A9232F0DF0934CF03.d.5AFEBE611F7D3DFE8E269876B2D58987.e.14376"}]}
RESULT: {"script":"<script> [56 bytes]","args":[{"element-6066-11e4-a52e-4f735466cecf":"f.B713056A9316196A9232F0DF0934CF03.d.5AFEBE611F7D3DFE8E269876B2D58987.e.14376","ELEMENT":"f.B713056A9316196A9232F0DF0934CF03.d.5AFEBE611F7D3DFE8E269876B2D58987.e.14376"}]}
COMMAND: GET /session/6cd8861519be2314cbde44996230575a/screenshot - {}
RESULT: {}
COMMAND: POST /session/6cd8861519be2314cbde44996230575a/execute/sync - {"script":"<script> [56 bytes]","args":[{"element-6066-11e4-a52e-4f735466cecf":"f.B713056A9316196A9232F0DF0934CF03.d.5AFEBE611F7D3DFE8E269876B2D58987.e.14376","ELEMENT":"f.B713056A9316196A9232F0DF0934CF03.d.5AFEBE611F7D3DFE8E269876B2D58987.e.14376"}]}
RESULT: {"script":"<script> [56 bytes]","args":[{"element-6066-11e4-a52e-4f735466cecf":"f.B713056A9316196A9232F0DF0934CF03.d.5AFEBE611F7D3DFE8E269876B2D58987.e.14376","ELEMENT":"f.B713056A9316196A9232F0DF0934CF03.d.5AFEBE611F7D3DFE8E269876B2D58987.e.14376"}]}
COMMAND: GET /session/6cd8861519be2314cbde44996230575a/screenshot - {}
RESULT: {}
COMMAND: POST /session/6cd8861519be2314cbde44996230575a/execute/sync - {"script":"<script> [56 bytes]","args":[{"element-6066-11e4-a52e-4f735466cecf":"f.B713056A9316196A9232F0DF0934CF03.d.5AFEBE611F7D3DFE8E269876B2D58987.e.14376","ELEMENT":"f.B713056A9316196A9232F0DF0934CF03.d.5AFEBE611F7D3DFE8E269876B2D58987.e.14376"}]}
RESULT: {"script":"<script> [56 bytes]","args":[{"element-6066-11e4-a52e-4f735466cecf":"f.B713056A9316196A9232F0DF0934CF03.d.5AFEBE611F7D3DFE8E269876B2D58987.e.14376","ELEMENT":"f.B713056A9316196A9232F0DF0934CF03.d.5AFEBE611F7D3DFE8E269876B2D58987.e.14376"}]}
COMMAND: GET /session/6cd8861519be2314cbde44996230575a/screenshot - {}
RESULT: {}
COMMAND: POST /session/6cd8861519be2314cbde44996230575a/execute/sync - {"script":"<script> [56 bytes]","args":[{"element-6066-11e4-a52e-4f735466cecf":"f.B713056A9316196A9232F0DF0934CF03.d.5AFEBE611F7D3DFE8E269876B2D58987.e.14376","ELEMENT":"f.B713056A9316196A9232F0DF0934CF03.d.5AFEBE611F7D3DFE8E269876B2D58987.e.14376"}]}
RESULT: {"script":"<script> [56 bytes]","args":[{"element-6066-11e4-a52e-4f735466cecf":"f.B713056A9316196A9232F0DF0934CF03.d.5AFEBE611F7D3DFE8E269876B2D58987.e.14376","ELEMENT":"f.B713056A9316196A9232F0DF0934CF03.d.5AFEBE611F7D3DFE8E269876B2D58987.e.14376"}]}
COMMAND: GET /session/6cd8861519be2314cbde44996230575a/screenshot - {}
RESULT: {}
COMMAND: POST /session/6cd8861519be2314cbde44996230575a/execute/sync - {"script":"<script> [56 bytes]","args":[{"element-6066-11e4-a52e-4f735466cecf":"f.B713056A9316196A9232F0DF0934CF03.d.5AFEBE611F7D3DFE8E269876B2D58987.e.14376","ELEMENT":"f.B713056A9316196A9232F0DF0934CF03.d.5AFEBE611F7D3DFE8E269876B2D58987.e.14376"}]}
RESULT: {"script":"<script> [56 bytes]","args":[{"element-6066-11e4-a52e-4f735466cecf":"f.B713056A9316196A9232F0DF0934CF03.d.5AFEBE611F7D3DFE8E269876B2D58987.e.14376","ELEMENT":"f.B713056A9316196A9232F0DF0934CF03.d.5AFEBE611F7D3DFE8E269876B2D58987.e.14376"}]}
COMMAND: GET /session/6cd8861519be2314cbde44996230575a/screenshot - {}
RESULT: {}
COMMAND: POST /session/6cd8861519be2314cbde44996230575a/execute/sync - {"script":"<script> [56 bytes]","args":[{"element-6066-11e4-a52e-4f735466cecf":"f.B713056A9316196A9232F0DF0934CF03.d.5AFEBE611F7D3DFE8E269876B2D58987.e.14376","ELEMENT":"f.B713056A9316196A9232F0DF0934CF03.d.5AFEBE611F7D3DFE8E269876B2D58987.e.14376"}]}
RESULT: {"script":"<script> [56 bytes]","args":[{"element-6066-11e4-a52e-4f735466cecf":"f.B713056A9316196A9232F0DF0934CF03.d.5AFEBE611F7D3DFE8E269876B2D58987.e.14376","ELEMENT":"f.B713056A9316196A9232F0DF0934CF03.d.5AFEBE611F7D3DFE8E269876B2D58987.e.14376"}]}
COMMAND: GET /session/6cd8861519be2314cbde44996230575a/screenshot - {}
RESULT: {}
COMMAND: POST /session/6cd8861519be2314cbde44996230575a/execute/sync - {"script":"<script> [56 bytes]","args":[{"element-6066-11e4-a52e-4f735466cecf":"f.B713056A9316196A9232F0DF0934CF03.d.5AFEBE611F7D3DFE8E269876B2D58987.e.14376","ELEMENT":"f.B713056A9316196A9232F0DF0934CF03.d.5AFEBE611F7D3DFE8E269876B2D58987.e.14376"}]}
RESULT: {"script":"<script> [56 bytes]","args":[{"element-6066-11e4-a52e-4f735466cecf":"f.B713056A9316196A9232F0DF0934CF03.d.5AFEBE611F7D3DFE8E269876B2D58987.e.14376","ELEMENT":"f.B713056A9316196A9232F0DF0934CF03.d.5AFEBE611F7D3DFE8E269876B2D58987.e.14376"}]}
COMMAND: GET /session/6cd8861519be2314cbde44996230575a/screenshot - {}
COMMAND: POST /session/6cd8861519be2314cbde44996230575a/execute/sync - {"script":"<script> [56 bytes]","args":[{"element-6066-11e4-a52e-4f735466cecf":"f.B713056A9316196A9232F0DF0934CF03.d.5AFEBE611F7D3DFE8E269876B2D58987.e.14376","ELEMENT":"f.B713056A9316196A9232F0DF0934CF03.d.5AFEBE611F7D3DFE8E269876B2D58987.e.14376"}]}
RESULT: {}
RESULT: {"script":"<script> [56 bytes]","args":[{"element-6066-11e4-a52e-4f735466cecf":"f.B713056A9316196A9232F0DF0934CF03.d.5AFEBE611F7D3DFE8E269876B2D58987.e.14376","ELEMENT":"f.B713056A9316196A9232F0DF0934CF03.d.5AFEBE611F7D3DFE8E269876B2D58987.e.14376"}]}
COMMAND: POST /session/6cd8861519be2314cbde44996230575a/element - {"using":"xpath","value":"//td[@aria-colindex=\"1\"]/div/div[contains(@class, \"sapMCbBg\")]"}
COMMAND: GET /session/6cd8861519be2314cbde44996230575a/screenshot - {}
RESULT: {"using":"xpath","value":"//td[@aria-colindex=\"1\"]/div/div[contains(@class, \"sapMCbBg\")]"}
COMMAND: POST /session/6cd8861519be2314cbde44996230575a/element/f.B713056A9316196A9232F0DF0934CF03.d.5AFEBE611F7D3DFE8E269876B2D58987.e.14396/click - {}
RESULT: {}
RESULT: {}
COMMAND: GET /session/6cd8861519be2314cbde44996230575a/screenshot - {}
RESULT: {}
COMMAND: POST /session/6cd8861519be2314cbde44996230575a/element - {"using":"xpath","value":"//bdi[text()=\"Transfer\"]"}
RESULT: {"using":"xpath","value":"//bdi[text()=\"Transfer\"]"}
COMMAND: POST /session/6cd8861519be2314cbde44996230575a/element/f.B713056A9316196A9232F0DF0934CF03.d.5AFEBE611F7D3DFE8E269876B2D58987.e.14397/click - {}
RESULT: {}
COMMAND: GET /session/6cd8861519be2314cbde44996230575a/screenshot - {}
RESULT: {}
COMMAND: POST /session/6cd8861519be2314cbde44996230575a/element - {"using":"xpath","value":"//bdi[contains(text(), \"OK\")]"}
RESULT: {"using":"xpath","value":"//bdi[contains(text(), \"OK\")]"}
COMMAND: POST /session/6cd8861519be2314cbde44996230575a/element/f.B713056A9316196A9232F0DF0934CF03.d.5AFEBE611F7D3DFE8E269876B2D58987.e.14400/click - {}
RESULT: {}
COMMAND: GET /session/6cd8861519be2314cbde44996230575a/screenshot - {}
RESULT: {}
COMMAND: POST /session/6cd8861519be2314cbde44996230575a/element - {"using":"xpath","value":"(//span[contains(text(), \"Completed\")]/parent::div/preceding-sibling::div/span)[1]"}
RESULT: {"using":"xpath","value":"(//span[contains(text(), \"Completed\")]/parent::div/preceding-sibling::div/span)[1]"}
COMMAND: POST /session/6cd8861519be2314cbde44996230575a/element/f.B713056A9316196A9232F0DF0934CF03.d.5AFEBE611F7D3DFE8E269876B2D58987.e.14409/click - {}
RESULT: {}
COMMAND: POST /session/6cd8861519be2314cbde44996230575a/element - {"using":"xpath","value":"//input[contains(@id ,\"application-billingtransfer-display-component---billingWorkbench--smartFilterBar-btnBasicSearch\")]"}
COMMAND: GET /session/6cd8861519be2314cbde44996230575a/screenshot - {}
RESULT: {"using":"xpath","value":"//input[contains(@id ,\"application-billingtransfer-display-component---billingWorkbench--smartFilterBar-btnBasicSearch\")]"}
COMMAND: POST /session/6cd8861519be2314cbde44996230575a/elements - {"using":"xpath","value":"//input[contains(@id ,\"application-billingtransfer-display-component---billingWorkbench--smartFilterBar-btnBasicSearch\")]"}
RESULT: {}
RESULT: {"using":"xpath","value":"//input[contains(@id ,\"application-billingtransfer-display-component---billingWorkbench--smartFilterBar-btnBasicSearch\")]"}
COMMAND: POST /session/6cd8861519be2314cbde44996230575a/execute/sync - {"script":"<script> [8489 bytes]","args":[{"element-6066-11e4-a52e-4f735466cecf":"f.B713056A9316196A9232F0DF0934CF03.d.5AFEBE611F7D3DFE8E269876B2D58987.e.14278","ELEMENT":"f.B713056A9316196A9232F0DF0934CF03.d.5AFEBE611F7D3DFE8E269876B2D58987.e.14278"}]}
RESULT: {"script":"<script> [8489 bytes]","args":[{"element-6066-11e4-a52e-4f735466cecf":"f.B713056A9316196A9232F0DF0934CF03.d.5AFEBE611F7D3DFE8E269876B2D58987.e.14278","ELEMENT":"f.B713056A9316196A9232F0DF0934CF03.d.5AFEBE611F7D3DFE8E269876B2D58987.e.14278"}]}
COMMAND: GET /session/6cd8861519be2314cbde44996230575a/element/f.B713056A9316196A9232F0DF0934CF03.d.5AFEBE611F7D3DFE8E269876B2D58987.e.14278/enabled - {}
COMMAND: GET /session/6cd8861519be2314cbde44996230575a/screenshot - {}
RESULT: {}
COMMAND: POST /session/6cd8861519be2314cbde44996230575a/element/f.B713056A9316196A9232F0DF0934CF03.d.5AFEBE611F7D3DFE8E269876B2D58987.e.14278/click - {}
COMMAND: GET /session/6cd8861519be2314cbde44996230575a/screenshot - {}
RESULT: {}
RESULT: {}
COMMAND: GET /session/6cd8861519be2314cbde44996230575a/screenshot - {}
RESULT: {}
RESULT: {}
COMMAND: POST /session/6cd8861519be2314cbde44996230575a/element/f.B713056A9316196A9232F0DF0934CF03.d.5AFEBE611F7D3DFE8E269876B2D58987.e.14278/clear - {}
RESULT: {}
COMMAND: POST /session/6cd8861519be2314cbde44996230575a/element/f.B713056A9316196A9232F0DF0934CF03.d.5AFEBE611F7D3DFE8E269876B2D58987.e.14278/value - {"text":"10170"}
COMMAND: GET /session/6cd8861519be2314cbde44996230575a/screenshot - {}
RESULT: {"text":"10170"}
COMMAND: POST /session/6cd8861519be2314cbde44996230575a/actions - {"actions":[{"id":"action45","type":"key","parameters":{},"actions":[{"type":"keyDown","value":""},{"type":"pause","duration":10},{"type":"keyUp","value":""}]}]}
COMMAND: GET /session/6cd8861519be2314cbde44996230575a/screenshot - {}
RESULT: {}
RESULT: {"actions":[{"id":"action45","type":"key","parameters":{},"actions":[{"type":"keyDown","value":""},{"type":"pause","duration":10},{"type":"keyUp","value":""}]}]}
COMMAND: GET /session/6cd8861519be2314cbde44996230575a/screenshot - {}
RESULT: {}
RESULT: {}
COMMAND: POST /session/6cd8861519be2314cbde44996230575a/element - {"using":"xpath","value":"//span[contains(@id ,\"application-billingtransfer-display-component---billingWorkbench--smartTableBillingRuns-header-inner\")]"}
RESULT: {"using":"xpath","value":"//span[contains(@id ,\"application-billingtransfer-display-component---billingWorkbench--smartTableBillingRuns-header-inner\")]"}
COMMAND: POST /session/6cd8861519be2314cbde44996230575a/elements - {"using":"xpath","value":"//span[contains(@id ,\"application-billingtransfer-display-component---billingWorkbench--smartTableBillingRuns-header-inner\")]"}
RESULT: {"using":"xpath","value":"//span[contains(@id ,\"application-billingtransfer-display-component---billingWorkbench--smartTableBillingRuns-header-inner\")]"}
COMMAND: POST /session/6cd8861519be2314cbde44996230575a/execute/sync - {"script":"<script> [56 bytes]","args":[{"element-6066-11e4-a52e-4f735466cecf":"f.B713056A9316196A9232F0DF0934CF03.d.5AFEBE611F7D3DFE8E269876B2D58987.e.14376","ELEMENT":"f.B713056A9316196A9232F0DF0934CF03.d.5AFEBE611F7D3DFE8E269876B2D58987.e.14376"}]}
RESULT: {"script":"<script> [56 bytes]","args":[{"element-6066-11e4-a52e-4f735466cecf":"f.B713056A9316196A9232F0DF0934CF03.d.5AFEBE611F7D3DFE8E269876B2D58987.e.14376","ELEMENT":"f.B713056A9316196A9232F0DF0934CF03.d.5AFEBE611F7D3DFE8E269876B2D58987.e.14376"}]}
COMMAND: GET /session/6cd8861519be2314cbde44996230575a/screenshot - {}
RESULT: {}
COMMAND: POST /session/6cd8861519be2314cbde44996230575a/execute/sync - {"script":"<script> [56 bytes]","args":[{"element-6066-11e4-a52e-4f735466cecf":"f.B713056A9316196A9232F0DF0934CF03.d.5AFEBE611F7D3DFE8E269876B2D58987.e.14376","ELEMENT":"f.B713056A9316196A9232F0DF0934CF03.d.5AFEBE611F7D3DFE8E269876B2D58987.e.14376"}]}
RESULT: {"script":"<script> [56 bytes]","args":[{"element-6066-11e4-a52e-4f735466cecf":"f.B713056A9316196A9232F0DF0934CF03.d.5AFEBE611F7D3DFE8E269876B2D58987.e.14376","ELEMENT":"f.B713056A9316196A9232F0DF0934CF03.d.5AFEBE611F7D3DFE8E269876B2D58987.e.14376"}]}
COMMAND: GET /session/6cd8861519be2314cbde44996230575a/screenshot - {}
RESULT: {}
COMMAND: POST /session/6cd8861519be2314cbde44996230575a/execute/sync - {"script":"<script> [56 bytes]","args":[{"element-6066-11e4-a52e-4f735466cecf":"f.B713056A9316196A9232F0DF0934CF03.d.5AFEBE611F7D3DFE8E269876B2D58987.e.14376","ELEMENT":"f.B713056A9316196A9232F0DF0934CF03.d.5AFEBE611F7D3DFE8E269876B2D58987.e.14376"}]}
RESULT: {"script":"<script> [56 bytes]","args":[{"element-6066-11e4-a52e-4f735466cecf":"f.B713056A9316196A9232F0DF0934CF03.d.5AFEBE611F7D3DFE8E269876B2D58987.e.14376","ELEMENT":"f.B713056A9316196A9232F0DF0934CF03.d.5AFEBE611F7D3DFE8E269876B2D58987.e.14376"}]}
COMMAND: GET /session/6cd8861519be2314cbde44996230575a/screenshot - {}
RESULT: {}
COMMAND: POST /session/6cd8861519be2314cbde44996230575a/execute/sync - {"script":"<script> [56 bytes]","args":[{"element-6066-11e4-a52e-4f735466cecf":"f.B713056A9316196A9232F0DF0934CF03.d.5AFEBE611F7D3DFE8E269876B2D58987.e.14376","ELEMENT":"f.B713056A9316196A9232F0DF0934CF03.d.5AFEBE611F7D3DFE8E269876B2D58987.e.14376"}]}
RESULT: {"script":"<script> [56 bytes]","args":[{"element-6066-11e4-a52e-4f735466cecf":"f.B713056A9316196A9232F0DF0934CF03.d.5AFEBE611F7D3DFE8E269876B2D58987.e.14376","ELEMENT":"f.B713056A9316196A9232F0DF0934CF03.d.5AFEBE611F7D3DFE8E269876B2D58987.e.14376"}]}
COMMAND: GET /session/6cd8861519be2314cbde44996230575a/screenshot - {}
COMMAND: POST /session/6cd8861519be2314cbde44996230575a/execute/sync - {"script":"<script> [56 bytes]","args":[{"element-6066-11e4-a52e-4f735466cecf":"f.B713056A9316196A9232F0DF0934CF03.d.5AFEBE611F7D3DFE8E269876B2D58987.e.14376","ELEMENT":"f.B713056A9316196A9232F0DF0934CF03.d.5AFEBE611F7D3DFE8E269876B2D58987.e.14376"}]}
RESULT: {}
RESULT: {"script":"<script> [56 bytes]","args":[{"element-6066-11e4-a52e-4f735466cecf":"f.B713056A9316196A9232F0DF0934CF03.d.5AFEBE611F7D3DFE8E269876B2D58987.e.14376","ELEMENT":"f.B713056A9316196A9232F0DF0934CF03.d.5AFEBE611F7D3DFE8E269876B2D58987.e.14376"}]}
COMMAND: GET /session/6cd8861519be2314cbde44996230575a/screenshot - {}
RESULT: {}
COMMAND: POST /session/6cd8861519be2314cbde44996230575a/execute/sync - {"script":"<script> [56 bytes]","args":[{"element-6066-11e4-a52e-4f735466cecf":"f.B713056A9316196A9232F0DF0934CF03.d.5AFEBE611F7D3DFE8E269876B2D58987.e.14376","ELEMENT":"f.B713056A9316196A9232F0DF0934CF03.d.5AFEBE611F7D3DFE8E269876B2D58987.e.14376"}]}
RESULT: {"script":"<script> [56 bytes]","args":[{"element-6066-11e4-a52e-4f735466cecf":"f.B713056A9316196A9232F0DF0934CF03.d.5AFEBE611F7D3DFE8E269876B2D58987.e.14376","ELEMENT":"f.B713056A9316196A9232F0DF0934CF03.d.5AFEBE611F7D3DFE8E269876B2D58987.e.14376"}]}
COMMAND: GET /session/6cd8861519be2314cbde44996230575a/screenshot - {}
RESULT: {}
COMMAND: POST /session/6cd8861519be2314cbde44996230575a/execute/sync - {"script":"<script> [56 bytes]","args":[{"element-6066-11e4-a52e-4f735466cecf":"f.B713056A9316196A9232F0DF0934CF03.d.5AFEBE611F7D3DFE8E269876B2D58987.e.14376","ELEMENT":"f.B713056A9316196A9232F0DF0934CF03.d.5AFEBE611F7D3DFE8E269876B2D58987.e.14376"}]}
RESULT: {"script":"<script> [56 bytes]","args":[{"element-6066-11e4-a52e-4f735466cecf":"f.B713056A9316196A9232F0DF0934CF03.d.5AFEBE611F7D3DFE8E269876B2D58987.e.14376","ELEMENT":"f.B713056A9316196A9232F0DF0934CF03.d.5AFEBE611F7D3DFE8E269876B2D58987.e.14376"}]}
COMMAND: GET /session/6cd8861519be2314cbde44996230575a/screenshot - {}
RESULT: {}
COMMAND: POST /session/6cd8861519be2314cbde44996230575a/execute/sync - {"script":"<script> [56 bytes]","args":[{"element-6066-11e4-a52e-4f735466cecf":"f.B713056A9316196A9232F0DF0934CF03.d.5AFEBE611F7D3DFE8E269876B2D58987.e.14376","ELEMENT":"f.B713056A9316196A9232F0DF0934CF03.d.5AFEBE611F7D3DFE8E269876B2D58987.e.14376"}]}
RESULT: {"script":"<script> [56 bytes]","args":[{"element-6066-11e4-a52e-4f735466cecf":"f.B713056A9316196A9232F0DF0934CF03.d.5AFEBE611F7D3DFE8E269876B2D58987.e.14376","ELEMENT":"f.B713056A9316196A9232F0DF0934CF03.d.5AFEBE611F7D3DFE8E269876B2D58987.e.14376"}]}
COMMAND: GET /session/6cd8861519be2314cbde44996230575a/screenshot - {}
RESULT: {}
COMMAND: POST /session/6cd8861519be2314cbde44996230575a/execute/sync - {"script":"<script> [56 bytes]","args":[{"element-6066-11e4-a52e-4f735466cecf":"f.B713056A9316196A9232F0DF0934CF03.d.5AFEBE611F7D3DFE8E269876B2D58987.e.14376","ELEMENT":"f.B713056A9316196A9232F0DF0934CF03.d.5AFEBE611F7D3DFE8E269876B2D58987.e.14376"}]}
RESULT: {"script":"<script> [56 bytes]","args":[{"element-6066-11e4-a52e-4f735466cecf":"f.B713056A9316196A9232F0DF0934CF03.d.5AFEBE611F7D3DFE8E269876B2D58987.e.14376","ELEMENT":"f.B713056A9316196A9232F0DF0934CF03.d.5AFEBE611F7D3DFE8E269876B2D58987.e.14376"}]}
COMMAND: GET /session/6cd8861519be2314cbde44996230575a/screenshot - {}
RESULT: {}
COMMAND: POST /session/6cd8861519be2314cbde44996230575a/execute/sync - {"script":"<script> [56 bytes]","args":[{"element-6066-11e4-a52e-4f735466cecf":"f.B713056A9316196A9232F0DF0934CF03.d.5AFEBE611F7D3DFE8E269876B2D58987.e.14376","ELEMENT":"f.B713056A9316196A9232F0DF0934CF03.d.5AFEBE611F7D3DFE8E269876B2D58987.e.14376"}]}
RESULT: {"script":"<script> [56 bytes]","args":[{"element-6066-11e4-a52e-4f735466cecf":"f.B713056A9316196A9232F0DF0934CF03.d.5AFEBE611F7D3DFE8E269876B2D58987.e.14376","ELEMENT":"f.B713056A9316196A9232F0DF0934CF03.d.5AFEBE611F7D3DFE8E269876B2D58987.e.14376"}]}
COMMAND: GET /session/6cd8861519be2314cbde44996230575a/screenshot - {}
RESULT: {}
COMMAND: POST /session/6cd8861519be2314cbde44996230575a/execute/sync - {"script":"<script> [56 bytes]","args":[{"element-6066-11e4-a52e-4f735466cecf":"f.B713056A9316196A9232F0DF0934CF03.d.5AFEBE611F7D3DFE8E269876B2D58987.e.14376","ELEMENT":"f.B713056A9316196A9232F0DF0934CF03.d.5AFEBE611F7D3DFE8E269876B2D58987.e.14376"}]}
RESULT: {"script":"<script> [56 bytes]","args":[{"element-6066-11e4-a52e-4f735466cecf":"f.B713056A9316196A9232F0DF0934CF03.d.5AFEBE611F7D3DFE8E269876B2D58987.e.14376","ELEMENT":"f.B713056A9316196A9232F0DF0934CF03.d.5AFEBE611F7D3DFE8E269876B2D58987.e.14376"}]}
COMMAND: GET /session/6cd8861519be2314cbde44996230575a/screenshot - {}
RESULT: {}
COMMAND: POST /session/6cd8861519be2314cbde44996230575a/execute/sync - {"script":"<script> [56 bytes]","args":[{"element-6066-11e4-a52e-4f735466cecf":"f.B713056A9316196A9232F0DF0934CF03.d.5AFEBE611F7D3DFE8E269876B2D58987.e.14376","ELEMENT":"f.B713056A9316196A9232F0DF0934CF03.d.5AFEBE611F7D3DFE8E269876B2D58987.e.14376"}]}
RESULT: {"script":"<script> [56 bytes]","args":[{"element-6066-11e4-a52e-4f735466cecf":"f.B713056A9316196A9232F0DF0934CF03.d.5AFEBE611F7D3DFE8E269876B2D58987.e.14376","ELEMENT":"f.B713056A9316196A9232F0DF0934CF03.d.5AFEBE611F7D3DFE8E269876B2D58987.e.14376"}]}
COMMAND: GET /session/6cd8861519be2314cbde44996230575a/screenshot - {}
RESULT: {}
COMMAND: POST /session/6cd8861519be2314cbde44996230575a/execute/sync - {"script":"<script> [56 bytes]","args":[{"element-6066-11e4-a52e-4f735466cecf":"f.B713056A9316196A9232F0DF0934CF03.d.5AFEBE611F7D3DFE8E269876B2D58987.e.14376","ELEMENT":"f.B713056A9316196A9232F0DF0934CF03.d.5AFEBE611F7D3DFE8E269876B2D58987.e.14376"}]}
RESULT: {"script":"<script> [56 bytes]","args":[{"element-6066-11e4-a52e-4f735466cecf":"f.B713056A9316196A9232F0DF0934CF03.d.5AFEBE611F7D3DFE8E269876B2D58987.e.14376","ELEMENT":"f.B713056A9316196A9232F0DF0934CF03.d.5AFEBE611F7D3DFE8E269876B2D58987.e.14376"}]}
COMMAND: GET /session/6cd8861519be2314cbde44996230575a/screenshot - {}
RESULT: {}
COMMAND: POST /session/6cd8861519be2314cbde44996230575a/execute/sync - {"script":"<script> [56 bytes]","args":[{"element-6066-11e4-a52e-4f735466cecf":"f.B713056A9316196A9232F0DF0934CF03.d.5AFEBE611F7D3DFE8E269876B2D58987.e.14376","ELEMENT":"f.B713056A9316196A9232F0DF0934CF03.d.5AFEBE611F7D3DFE8E269876B2D58987.e.14376"}]}
RESULT: {"script":"<script> [56 bytes]","args":[{"element-6066-11e4-a52e-4f735466cecf":"f.B713056A9316196A9232F0DF0934CF03.d.5AFEBE611F7D3DFE8E269876B2D58987.e.14376","ELEMENT":"f.B713056A9316196A9232F0DF0934CF03.d.5AFEBE611F7D3DFE8E269876B2D58987.e.14376"}]}
COMMAND: GET /session/6cd8861519be2314cbde44996230575a/screenshot - {}
RESULT: {}
COMMAND: POST /session/6cd8861519be2314cbde44996230575a/execute/sync - {"script":"<script> [56 bytes]","args":[{"element-6066-11e4-a52e-4f735466cecf":"f.B713056A9316196A9232F0DF0934CF03.d.5AFEBE611F7D3DFE8E269876B2D58987.e.14376","ELEMENT":"f.B713056A9316196A9232F0DF0934CF03.d.5AFEBE611F7D3DFE8E269876B2D58987.e.14376"}]}
RESULT: {"script":"<script> [56 bytes]","args":[{"element-6066-11e4-a52e-4f735466cecf":"f.B713056A9316196A9232F0DF0934CF03.d.5AFEBE611F7D3DFE8E269876B2D58987.e.14376","ELEMENT":"f.B713056A9316196A9232F0DF0934CF03.d.5AFEBE611F7D3DFE8E269876B2D58987.e.14376"}]}
COMMAND: GET /session/6cd8861519be2314cbde44996230575a/screenshot - {}
RESULT: {}
COMMAND: POST /session/6cd8861519be2314cbde44996230575a/execute/sync - {"script":"<script> [56 bytes]","args":[{"element-6066-11e4-a52e-4f735466cecf":"f.B713056A9316196A9232F0DF0934CF03.d.5AFEBE611F7D3DFE8E269876B2D58987.e.14376","ELEMENT":"f.B713056A9316196A9232F0DF0934CF03.d.5AFEBE611F7D3DFE8E269876B2D58987.e.14376"}]}
RESULT: {"script":"<script> [56 bytes]","args":[{"element-6066-11e4-a52e-4f735466cecf":"f.B713056A9316196A9232F0DF0934CF03.d.5AFEBE611F7D3DFE8E269876B2D58987.e.14376","ELEMENT":"f.B713056A9316196A9232F0DF0934CF03.d.5AFEBE611F7D3DFE8E269876B2D58987.e.14376"}]}
COMMAND: GET /session/6cd8861519be2314cbde44996230575a/screenshot - {}
RESULT: {}
COMMAND: POST /session/6cd8861519be2314cbde44996230575a/execute/sync - {"script":"<script> [56 bytes]","args":[{"element-6066-11e4-a52e-4f735466cecf":"f.B713056A9316196A9232F0DF0934CF03.d.5AFEBE611F7D3DFE8E269876B2D58987.e.14376","ELEMENT":"f.B713056A9316196A9232F0DF0934CF03.d.5AFEBE611F7D3DFE8E269876B2D58987.e.14376"}]}
RESULT: {"script":"<script> [56 bytes]","args":[{"element-6066-11e4-a52e-4f735466cecf":"f.B713056A9316196A9232F0DF0934CF03.d.5AFEBE611F7D3DFE8E269876B2D58987.e.14376","ELEMENT":"f.B713056A9316196A9232F0DF0934CF03.d.5AFEBE611F7D3DFE8E269876B2D58987.e.14376"}]}
COMMAND: GET /session/6cd8861519be2314cbde44996230575a/screenshot - {}
RESULT: {}
COMMAND: POST /session/6cd8861519be2314cbde44996230575a/execute/sync - {"script":"<script> [56 bytes]","args":[{"element-6066-11e4-a52e-4f735466cecf":"f.B713056A9316196A9232F0DF0934CF03.d.5AFEBE611F7D3DFE8E269876B2D58987.e.14376","ELEMENT":"f.B713056A9316196A9232F0DF0934CF03.d.5AFEBE611F7D3DFE8E269876B2D58987.e.14376"}]}
RESULT: {"script":"<script> [56 bytes]","args":[{"element-6066-11e4-a52e-4f735466cecf":"f.B713056A9316196A9232F0DF0934CF03.d.5AFEBE611F7D3DFE8E269876B2D58987.e.14376","ELEMENT":"f.B713056A9316196A9232F0DF0934CF03.d.5AFEBE611F7D3DFE8E269876B2D58987.e.14376"}]}
COMMAND: GET /session/6cd8861519be2314cbde44996230575a/screenshot - {}
RESULT: {}
COMMAND: POST /session/6cd8861519be2314cbde44996230575a/execute/sync - {"script":"<script> [56 bytes]","args":[{"element-6066-11e4-a52e-4f735466cecf":"f.B713056A9316196A9232F0DF0934CF03.d.5AFEBE611F7D3DFE8E269876B2D58987.e.14376","ELEMENT":"f.B713056A9316196A9232F0DF0934CF03.d.5AFEBE611F7D3DFE8E269876B2D58987.e.14376"}]}
RESULT: {"script":"<script> [56 bytes]","args":[{"element-6066-11e4-a52e-4f735466cecf":"f.B713056A9316196A9232F0DF0934CF03.d.5AFEBE611F7D3DFE8E269876B2D58987.e.14376","ELEMENT":"f.B713056A9316196A9232F0DF0934CF03.d.5AFEBE611F7D3DFE8E269876B2D58987.e.14376"}]}
COMMAND: GET /session/6cd8861519be2314cbde44996230575a/screenshot - {}
COMMAND: POST /session/6cd8861519be2314cbde44996230575a/execute/sync - {"script":"<script> [56 bytes]","args":[{"element-6066-11e4-a52e-4f735466cecf":"f.B713056A9316196A9232F0DF0934CF03.d.5AFEBE611F7D3DFE8E269876B2D58987.e.14376","ELEMENT":"f.B713056A9316196A9232F0DF0934CF03.d.5AFEBE611F7D3DFE8E269876B2D58987.e.14376"}]}
RESULT: {}
RESULT: {"script":"<script> [56 bytes]","args":[{"element-6066-11e4-a52e-4f735466cecf":"f.B713056A9316196A9232F0DF0934CF03.d.5AFEBE611F7D3DFE8E269876B2D58987.e.14376","ELEMENT":"f.B713056A9316196A9232F0DF0934CF03.d.5AFEBE611F7D3DFE8E269876B2D58987.e.14376"}]}
COMMAND: POST /session/6cd8861519be2314cbde44996230575a/element - {"using":"css selector","value":"#shell-header-logo"}
COMMAND: GET /session/6cd8861519be2314cbde44996230575a/screenshot - {}
RESULT: {"using":"css selector","value":"#shell-header-logo"}
COMMAND: POST /session/6cd8861519be2314cbde44996230575a/element/f.B713056A9316196A9232F0DF0934CF03.d.5AFEBE611F7D3DFE8E269876B2D58987.e.14276/click - {}
RESULT: {}
RESULT: {}
COMMAND: GET /session/6cd8861519be2314cbde44996230575a/screenshot - {}
RESULT: {}
COMMAND: POST /session/6cd8861519be2314cbde44996230575a/element - {"using":"css selector","value":"#j_username"}
COMMAND: POST /session/6cd8861519be2314cbde44996230575a/url - {"url":"https://qa-testing-00-live-etm-ui.cfapps.eu10-004.hana.ondemand.com/"}
RESULT: {"using":"css selector","value":"#j_username"}
COMMAND: POST /session/6cd8861519be2314cbde44996230575a/element - {"using":"css selector","value":"#j_username"}
RESULT: {"url":"https://qa-testing-00-live-etm-ui.cfapps.eu10-004.hana.ondemand.com/"}
RESULT: undefined
COMMAND: GET /session/6cd8861519be2314cbde44996230575a/screenshot - {}
RESULT: {"using":"css selector","value":"#j_username"}
COMMAND: POST /session/6cd8861519be2314cbde44996230575a/element - {"using":"css selector","value":"#shell-header-logo"}
RESULT: {}
RESULT: {"using":"css selector","value":"#shell-header-logo"}
COMMAND: POST /session/6cd8861519be2314cbde44996230575a/execute/sync - {"script":"<script> [8489 bytes]","args":[{"element-6066-11e4-a52e-4f735466cecf":"f.B713056A9316196A9232F0DF0934CF03.d.7872FB0C8E2AF655844E8FAAF62EA1F2.e.14422","ELEMENT":"f.B713056A9316196A9232F0DF0934CF03.d.7872FB0C8E2AF655844E8FAAF62EA1F2.e.14422"}]}
RESULT: {"script":"<script> [8489 bytes]","args":[{"element-6066-11e4-a52e-4f735466cecf":"f.B713056A9316196A9232F0DF0934CF03.d.7872FB0C8E2AF655844E8FAAF62EA1F2.e.14422","ELEMENT":"f.B713056A9316196A9232F0DF0934CF03.d.7872FB0C8E2AF655844E8FAAF62EA1F2.e.14422"}]}
COMMAND: POST /session/6cd8861519be2314cbde44996230575a/element - {"using":"css selector","value":"#shell-header-logo"}
COMMAND: GET /session/6cd8861519be2314cbde44996230575a/screenshot - {}
RESULT: {"using":"css selector","value":"#shell-header-logo"}
COMMAND: POST /session/6cd8861519be2314cbde44996230575a/execute/sync - {"script":"<script> [8489 bytes]","args":[{"element-6066-11e4-a52e-4f735466cecf":"f.B713056A9316196A9232F0DF0934CF03.d.7872FB0C8E2AF655844E8FAAF62EA1F2.e.14422","ELEMENT":"f.B713056A9316196A9232F0DF0934CF03.d.7872FB0C8E2AF655844E8FAAF62EA1F2.e.14422"}]}
RESULT: {}
RESULT: {"script":"<script> [8489 bytes]","args":[{"element-6066-11e4-a52e-4f735466cecf":"f.B713056A9316196A9232F0DF0934CF03.d.7872FB0C8E2AF655844E8FAAF62EA1F2.e.14422","ELEMENT":"f.B713056A9316196A9232F0DF0934CF03.d.7872FB0C8E2AF655844E8FAAF62EA1F2.e.14422"}]}
COMMAND: POST /session/6cd8861519be2314cbde44996230575a/execute/sync - {"script":"<script> [5351 bytes]","args":[{"element-6066-11e4-a52e-4f735466cecf":"f.B713056A9316196A9232F0DF0934CF03.d.7872FB0C8E2AF655844E8FAAF62EA1F2.e.14422","ELEMENT":"f.B713056A9316196A9232F0DF0934CF03.d.7872FB0C8E2AF655844E8FAAF62EA1F2.e.14422"}]}
COMMAND: GET /session/6cd8861519be2314cbde44996230575a/screenshot - {}
RESULT: {"script":"<script> [5351 bytes]","args":[{"element-6066-11e4-a52e-4f735466cecf":"f.B713056A9316196A9232F0DF0934CF03.d.7872FB0C8E2AF655844E8FAAF62EA1F2.e.14422","ELEMENT":"f.B713056A9316196A9232F0DF0934CF03.d.7872FB0C8E2AF655844E8FAAF62EA1F2.e.14422"}]}
COMMAND: POST /session/6cd8861519be2314cbde44996230575a/element - {"using":"css selector","value":"#shell-header-logo"}
COMMAND: GET /session/6cd8861519be2314cbde44996230575a/screenshot - {}
RESULT: {}
RESULT: {"using":"css selector","value":"#shell-header-logo"}
COMMAND: POST /session/6cd8861519be2314cbde44996230575a/element/f.B713056A9316196A9232F0DF0934CF03.d.7872FB0C8E2AF655844E8FAAF62EA1F2.e.14422/click - {}
RESULT: {}
RESULT: {}
COMMAND: GET /session/6cd8861519be2314cbde44996230575a/screenshot - {}
RESULT: {}
COMMAND: POST /session/6cd8861519be2314cbde44996230575a/execute/async - {"script":"<script> [189 bytes]","args":[]}
RESULT: {"script":"<script> [189 bytes]","args":[]}
COMMAND: POST /session/6cd8861519be2314cbde44996230575a/execute/async - {"script":"<script> [123 bytes]","args":[]}
RESULT: {"script":"<script> [123 bytes]","args":[]}
COMMAND: POST /session/6cd8861519be2314cbde44996230575a/timeouts - {"script":"<number>"}
RESULT: {"script":"<number>"}
COMMAND: GET /session/6cd8861519be2314cbde44996230575a/timeouts - {}
RESULT: {}
RESULT: undefined
COMMAND: POST /session/6cd8861519be2314cbde44996230575a/execute/async - {"script":"<script> [2676 bytes]","args":[]}
RESULT: {"script":"<script> [2676 bytes]","args":[]}
COMMAND: POST /session/6cd8861519be2314cbde44996230575a/execute/async - {"script":"<script> [2342 bytes]","args":[{"protocol":"http","hostname":"0.0.0.0","path":"/","capabilities":{"browserName":"chrome","goog:chromeOptions":{"binary":"C:\\Program Files\\Google\\Chrome\\Application\\chrome.exe","args":["--start-maximized"]}},"logLevel":"warn","connectionRetryTimeout":120000,"connectionRetryCount":3,"logLevels":{},"enableDirectConnect":true,"strictSSL":true,"_":"65 more keys: [\"cacheDir\",\"port\",\"requestedCapabilities\",\"automationProtocol\",\"baseUrl\",\"waitforInterval\",\"waitforTimeout\",\"onReload\",\"beforeCommand\",\"afterCommand\",\"rootDir\",\"specs\",\"suites\",\"exclude\",\"groupLogsByTestSpec\",\"excludeDriverLogs\",\"bail\",\"framework\",\"reporters\",\"services\",\"maxInstances\",\"maxInstancesPerCapability\",\"injectGlobals\",\"filesToWatch\",\"execArgv\",\"runnerEnv\",\"runner\",\"shard\",\"specFileRetries\",\"specFileRetriesDelay\",\"specFileRetriesDeferred\",\"reporterSyncInterval\",\"reporterSyncTimeout\",\"cucumberFeaturesWithLineNumbers\",\"autoCompileOpts\",\"mochaOpts\",\"jasmineOpts\",\"cucumberOpts\",\"onPrepare\",\"onWorkerStart\",\"onWorkerEnd\",\"before\",\"beforeSession\",\"beforeSuite\",\"beforeHook\",\"beforeTest\",\"afterTest\",\"afterHook\",\"afterSuite\",\"afterSession\",\"after\",\"onComplete\",\"beforeAssertion\",\"afterAssertion\",\"beforeFeature\",\"beforeScenario\",\"beforeStep\",\"afterStep\",\"afterScenario\",\"afterFeature\",\"_\",\"suite\",\"$0\",\"ignoredWorkerServices\",\"wdi5\"]"}]}
RESULT: {"script":"<script> [2342 bytes]","args":[{"protocol":"http","hostname":"0.0.0.0","path":"/","capabilities":{"browserName":"chrome","goog:chromeOptions":{"binary":"C:\\Program Files\\Google\\Chrome\\Application\\chrome.exe","args":["--start-maximized"]}},"logLevel":"warn","connectionRetryTimeout":120000,"connectionRetryCount":3,"logLevels":{},"enableDirectConnect":true,"strictSSL":true,"_":"65 more keys: [\"cacheDir\",\"port\",\"requestedCapabilities\",\"automationProtocol\",\"baseUrl\",\"waitforInterval\",\"waitforTimeout\",\"onReload\",\"beforeCommand\",\"afterCommand\",\"rootDir\",\"specs\",\"suites\",\"exclude\",\"groupLogsByTestSpec\",\"excludeDriverLogs\",\"bail\",\"framework\",\"reporters\",\"services\",\"maxInstances\",\"maxInstancesPerCapability\",\"injectGlobals\",\"filesToWatch\",\"execArgv\",\"runnerEnv\",\"runner\",\"shard\",\"specFileRetries\",\"specFileRetriesDelay\",\"specFileRetriesDeferred\",\"reporterSyncInterval\",\"reporterSyncTimeout\",\"cucumberFeaturesWithLineNumbers\",\"autoCompileOpts\",\"mochaOpts\",\"jasmineOpts\",\"cucumberOpts\",\"onPrepare\",\"onWorkerStart\",\"onWorkerEnd\",\"before\",\"beforeSession\",\"beforeSuite\",\"beforeHook\",\"beforeTest\",\"afterTest\",\"afterHook\",\"afterSuite\",\"afterSession\",\"after\",\"onComplete\",\"beforeAssertion\",\"afterAssertion\",\"beforeFeature\",\"beforeScenario\",\"beforeStep\",\"afterStep\",\"afterScenario\",\"afterFeature\",\"_\",\"suite\",\"$0\",\"ignoredWorkerServices\",\"wdi5\"]"}]}
COMMAND: POST /session/6cd8861519be2314cbde44996230575a/execute/async - {"script":"<script> [21126 bytes]","args":[35000]}
RESULT: {"script":"<script> [21126 bytes]","args":[35000]}
COMMAND: POST /session/6cd8861519be2314cbde44996230575a/window/maximize - {}
RESULT: {}
COMMAND: POST /session/6cd8861519be2314cbde44996230575a/execute/async - {"script":"<script> [1562 bytes]","args":[{"selector":{"id":"shell-header","interaction":{"idSuffix":"icon"}},"wdio_ui5_key":"shellheader"}]}
COMMAND: GET /session/6cd8861519be2314cbde44996230575a/screenshot - {}
RESULT: {"script":"<script> [1562 bytes]","args":[{"selector":{"id":"shell-header","interaction":{"idSuffix":"icon"}},"wdio_ui5_key":"shellheader"}]}
RESULT: undefined
COMMAND: POST /session/6cd8861519be2314cbde44996230575a/refresh - {}
RESULT: {}
RESULT: {}
COMMAND: GET /session/6cd8861519be2314cbde44996230575a/screenshot - {}
RESULT: {}
COMMAND: POST /session/6cd8861519be2314cbde44996230575a/refresh - {}
RESULT: {}
COMMAND: GET /session/6cd8861519be2314cbde44996230575a/screenshot - {}
RESULT: {}
COMMAND: POST /session/6cd8861519be2314cbde44996230575a/window/fullscreen - {}
RESULT: {}
COMMAND: POST /session/6cd8861519be2314cbde44996230575a/execute/async - {"script":"<script> [189 bytes]","args":[]}
RESULT: {"script":"<script> [189 bytes]","args":[]}
COMMAND: POST /session/6cd8861519be2314cbde44996230575a/execute/async - {"script":"<script> [123 bytes]","args":[]}
RESULT: {"script":"<script> [123 bytes]","args":[]}
COMMAND: POST /session/6cd8861519be2314cbde44996230575a/timeouts - {"script":"<number>"}
RESULT: {"script":"<number>"}
COMMAND: GET /session/6cd8861519be2314cbde44996230575a/timeouts - {}
RESULT: {}
RESULT: undefined
COMMAND: POST /session/6cd8861519be2314cbde44996230575a/execute/async - {"script":"<script> [2676 bytes]","args":[]}
RESULT: {"script":"<script> [2676 bytes]","args":[]}
COMMAND: POST /session/6cd8861519be2314cbde44996230575a/execute/async - {"script":"<script> [2342 bytes]","args":[{"protocol":"http","hostname":"0.0.0.0","path":"/","capabilities":{"browserName":"chrome","goog:chromeOptions":{"binary":"C:\\Program Files\\Google\\Chrome\\Application\\chrome.exe","args":["--start-maximized"]}},"logLevel":"warn","connectionRetryTimeout":120000,"connectionRetryCount":3,"logLevels":{},"enableDirectConnect":true,"strictSSL":true,"_":"65 more keys: [\"cacheDir\",\"port\",\"requestedCapabilities\",\"automationProtocol\",\"baseUrl\",\"waitforInterval\",\"waitforTimeout\",\"onReload\",\"beforeCommand\",\"afterCommand\",\"rootDir\",\"specs\",\"suites\",\"exclude\",\"groupLogsByTestSpec\",\"excludeDriverLogs\",\"bail\",\"framework\",\"reporters\",\"services\",\"maxInstances\",\"maxInstancesPerCapability\",\"injectGlobals\",\"filesToWatch\",\"execArgv\",\"runnerEnv\",\"runner\",\"shard\",\"specFileRetries\",\"specFileRetriesDelay\",\"specFileRetriesDeferred\",\"reporterSyncInterval\",\"reporterSyncTimeout\",\"cucumberFeaturesWithLineNumbers\",\"autoCompileOpts\",\"mochaOpts\",\"jasmineOpts\",\"cucumberOpts\",\"onPrepare\",\"onWorkerStart\",\"onWorkerEnd\",\"before\",\"beforeSession\",\"beforeSuite\",\"beforeHook\",\"beforeTest\",\"afterTest\",\"afterHook\",\"afterSuite\",\"afterSession\",\"after\",\"onComplete\",\"beforeAssertion\",\"afterAssertion\",\"beforeFeature\",\"beforeScenario\",\"beforeStep\",\"afterStep\",\"afterScenario\",\"afterFeature\",\"_\",\"suite\",\"$0\",\"ignoredWorkerServices\",\"wdi5\"]"}]}
RESULT: {"script":"<script> [2342 bytes]","args":[{"protocol":"http","hostname":"0.0.0.0","path":"/","capabilities":{"browserName":"chrome","goog:chromeOptions":{"binary":"C:\\Program Files\\Google\\Chrome\\Application\\chrome.exe","args":["--start-maximized"]}},"logLevel":"warn","connectionRetryTimeout":120000,"connectionRetryCount":3,"logLevels":{},"enableDirectConnect":true,"strictSSL":true,"_":"65 more keys: [\"cacheDir\",\"port\",\"requestedCapabilities\",\"automationProtocol\",\"baseUrl\",\"waitforInterval\",\"waitforTimeout\",\"onReload\",\"beforeCommand\",\"afterCommand\",\"rootDir\",\"specs\",\"suites\",\"exclude\",\"groupLogsByTestSpec\",\"excludeDriverLogs\",\"bail\",\"framework\",\"reporters\",\"services\",\"maxInstances\",\"maxInstancesPerCapability\",\"injectGlobals\",\"filesToWatch\",\"execArgv\",\"runnerEnv\",\"runner\",\"shard\",\"specFileRetries\",\"specFileRetriesDelay\",\"specFileRetriesDeferred\",\"reporterSyncInterval\",\"reporterSyncTimeout\",\"cucumberFeaturesWithLineNumbers\",\"autoCompileOpts\",\"mochaOpts\",\"jasmineOpts\",\"cucumberOpts\",\"onPrepare\",\"onWorkerStart\",\"onWorkerEnd\",\"before\",\"beforeSession\",\"beforeSuite\",\"beforeHook\",\"beforeTest\",\"afterTest\",\"afterHook\",\"afterSuite\",\"afterSession\",\"after\",\"onComplete\",\"beforeAssertion\",\"afterAssertion\",\"beforeFeature\",\"beforeScenario\",\"beforeStep\",\"afterStep\",\"afterScenario\",\"afterFeature\",\"_\",\"suite\",\"$0\",\"ignoredWorkerServices\",\"wdi5\"]"}]}
COMMAND: POST /session/6cd8861519be2314cbde44996230575a/execute/async - {"script":"<script> [21126 bytes]","args":[35000]}
RESULT: {"script":"<script> [21126 bytes]","args":[35000]}
]]></system-out>
    </testcase>
  </testsuite>
  <testsuite timestamp="2025-05-23T18:02:37" time="758.302" tests="12" failures="0" errors="0" skipped="0">
    <properties>
      <property name="specId" value="0"/>
      <property name="suiteName" value="Billing transfer US117289"/>
      <property name="capabilities" value="chrome.136_0_7103_93.windows"/>
      <property name="file" value="file:///D:/a/1/s/test/specs/BTS/billing-transfer.spec.js"/>
    </properties>
    <testcase classname="chrome.136_0_7103_93.windows.Billing_transfer_US117289" name="Should create a new yard" time="0.01">
      <system-out><![CDATA[
COMMAND: POST /session/6cd8861519be2314cbde44996230575a/window/fullscreen - {}
RESULT: {}
]]></system-out>
    </testcase>
    <testcase classname="chrome.136_0_7103_93.windows.Billing_transfer_US117289" name="Should create a new partner" time="0.005"/>
    <testcase classname="chrome.136_0_7103_93.windows.Billing_transfer_US117289" name="Should create a new site" time="0.003"/>
    <testcase classname="chrome.136_0_7103_93.windows.Billing_transfer_US117289" name="Should create a new equipment" time="148.24">
      <system-out><![CDATA[
COMMAND: POST /session/6cd8861519be2314cbde44996230575a/execute/async - {"script":"<script> [1562 bytes]","args":[{"selector":{"controlType":"sap.m.GenericTile","properties":{"header":"Manage Resources"}},"wdio_ui5_key":"sapm.GenericTile{\"header\":\"Manage Resources\"}"}]}
RESULT: {"script":"<script> [1562 bytes]","args":[{"selector":{"controlType":"sap.m.GenericTile","properties":{"header":"Manage Resources"}},"wdio_ui5_key":"sapm.GenericTile{\"header\":\"Manage Resources\"}"}]}
RESULT: undefined
COMMAND: POST /session/6cd8861519be2314cbde44996230575a/element - {"using":"xpath","value":"//*[@id=\"__tile39\"]"}
RESULT: {"using":"xpath","value":"//*[@id=\"__tile39\"]"}
COMMAND: POST /session/6cd8861519be2314cbde44996230575a/element/f.B713056A9316196A9232F0DF0934CF03.d.10DEC204A473CA901F9A8B040D7D2A29.e.14585/click - {}
RESULT: {}
COMMAND: GET /session/6cd8861519be2314cbde44996230575a/screenshot - {}
RESULT: {}
COMMAND: POST /session/6cd8861519be2314cbde44996230575a/elements - {"using":"xpath","value":"//span[text()='Error']"}
RESULT: {"using":"xpath","value":"//span[text()='Error']"}
COMMAND: POST /session/6cd8861519be2314cbde44996230575a/element - {"using":"xpath","value":"//button[@data-kt=\"addNewRUOverflowToolbarButton\"]"}
RESULT: {"using":"xpath","value":"//button[@data-kt=\"addNewRUOverflowToolbarButton\"]"}
COMMAND: POST /session/6cd8861519be2314cbde44996230575a/elements - {"using":"xpath","value":"//button[@data-kt=\"addNewRUOverflowToolbarButton\"]"}
RESULT: {"using":"xpath","value":"//button[@data-kt=\"addNewRUOverflowToolbarButton\"]"}
COMMAND: POST /session/6cd8861519be2314cbde44996230575a/elements - {"using":"xpath","value":"//button[@data-kt=\"addNewRUOverflowToolbarButton\"]"}
RESULT: {"using":"xpath","value":"//button[@data-kt=\"addNewRUOverflowToolbarButton\"]"}
COMMAND: POST /session/6cd8861519be2314cbde44996230575a/element - {"using":"xpath","value":"//button[@data-kt=\"addNewRUOverflowToolbarButton\"]"}
RESULT: {"using":"xpath","value":"//button[@data-kt=\"addNewRUOverflowToolbarButton\"]"}
COMMAND: POST /session/6cd8861519be2314cbde44996230575a/execute/sync - {"script":"<script> [8489 bytes]","args":[{"element-6066-11e4-a52e-4f735466cecf":"f.B713056A9316196A9232F0DF0934CF03.d.10DEC204A473CA901F9A8B040D7D2A29.e.14734","ELEMENT":"f.B713056A9316196A9232F0DF0934CF03.d.10DEC204A473CA901F9A8B040D7D2A29.e.14734"}]}
RESULT: {"script":"<script> [8489 bytes]","args":[{"element-6066-11e4-a52e-4f735466cecf":"f.B713056A9316196A9232F0DF0934CF03.d.10DEC204A473CA901F9A8B040D7D2A29.e.14734","ELEMENT":"f.B713056A9316196A9232F0DF0934CF03.d.10DEC204A473CA901F9A8B040D7D2A29.e.14734"}]}
COMMAND: GET /session/6cd8861519be2314cbde44996230575a/element/f.B713056A9316196A9232F0DF0934CF03.d.10DEC204A473CA901F9A8B040D7D2A29.e.14734/enabled - {}
COMMAND: GET /session/6cd8861519be2314cbde44996230575a/screenshot - {}
RESULT: {}
COMMAND: POST /session/6cd8861519be2314cbde44996230575a/execute/sync - {"script":"<script> [8489 bytes]","args":[{"element-6066-11e4-a52e-4f735466cecf":"f.B713056A9316196A9232F0DF0934CF03.d.10DEC204A473CA901F9A8B040D7D2A29.e.14734","ELEMENT":"f.B713056A9316196A9232F0DF0934CF03.d.10DEC204A473CA901F9A8B040D7D2A29.e.14734"}]}
COMMAND: GET /session/6cd8861519be2314cbde44996230575a/screenshot - {}
RESULT: {}
RESULT: {"script":"<script> [8489 bytes]","args":[{"element-6066-11e4-a52e-4f735466cecf":"f.B713056A9316196A9232F0DF0934CF03.d.10DEC204A473CA901F9A8B040D7D2A29.e.14734","ELEMENT":"f.B713056A9316196A9232F0DF0934CF03.d.10DEC204A473CA901F9A8B040D7D2A29.e.14734"}]}
COMMAND: POST /session/6cd8861519be2314cbde44996230575a/execute/sync - {"script":"<script> [5351 bytes]","args":[{"element-6066-11e4-a52e-4f735466cecf":"f.B713056A9316196A9232F0DF0934CF03.d.10DEC204A473CA901F9A8B040D7D2A29.e.14734","ELEMENT":"f.B713056A9316196A9232F0DF0934CF03.d.10DEC204A473CA901F9A8B040D7D2A29.e.14734"}]}
COMMAND: GET /session/6cd8861519be2314cbde44996230575a/screenshot - {}
RESULT: {}
RESULT: {"script":"<script> [5351 bytes]","args":[{"element-6066-11e4-a52e-4f735466cecf":"f.B713056A9316196A9232F0DF0934CF03.d.10DEC204A473CA901F9A8B040D7D2A29.e.14734","ELEMENT":"f.B713056A9316196A9232F0DF0934CF03.d.10DEC204A473CA901F9A8B040D7D2A29.e.14734"}]}
COMMAND: POST /session/6cd8861519be2314cbde44996230575a/element/f.B713056A9316196A9232F0DF0934CF03.d.10DEC204A473CA901F9A8B040D7D2A29.e.14734/click - {}
COMMAND: GET /session/6cd8861519be2314cbde44996230575a/screenshot - {}
RESULT: {}
RESULT: {}
COMMAND: GET /session/6cd8861519be2314cbde44996230575a/screenshot - {}
COMMAND: POST /session/6cd8861519be2314cbde44996230575a/execute/async - {"script":"<script> [1562 bytes]","args":[{"selector":{"id":"application-manageresources-display-component---newResourceUnit--TYPE-arrow"},"wdio_ui5_key":"applicationmanageresources-display-component---newResourceUnit--TYPE-arrow"}]}
RESULT: {}
RESULT: {}
RESULT: {"script":"<script> [1562 bytes]","args":[{"selector":{"id":"application-manageresources-display-component---newResourceUnit--TYPE-arrow"},"wdio_ui5_key":"applicationmanageresources-display-component---newResourceUnit--TYPE-arrow"}]}
RESULT: undefined
COMMAND: POST /session/6cd8861519be2314cbde44996230575a/element - {"using":"xpath","value":"//*[@id=\"application-manageresources-display-component---newResourceUnit--TYPE-arrow\"]"}
RESULT: {"using":"xpath","value":"//*[@id=\"application-manageresources-display-component---newResourceUnit--TYPE-arrow\"]"}
COMMAND: POST /session/6cd8861519be2314cbde44996230575a/element/f.B713056A9316196A9232F0DF0934CF03.d.10DEC204A473CA901F9A8B040D7D2A29.e.15082/click - {}
RESULT: {}
COMMAND: POST /session/6cd8861519be2314cbde44996230575a/element - {"using":"xpath","value":"//input[@id=\"application-manageresources-display-component---newResourceUnit--TYPE-inner\"]"}
COMMAND: GET /session/6cd8861519be2314cbde44996230575a/screenshot - {}
RESULT: {"using":"xpath","value":"//input[@id=\"application-manageresources-display-component---newResourceUnit--TYPE-inner\"]"}
COMMAND: POST /session/6cd8861519be2314cbde44996230575a/element/f.B713056A9316196A9232F0DF0934CF03.d.10DEC204A473CA901F9A8B040D7D2A29.e.15032/clear - {}
RESULT: {}
RESULT: {}
COMMAND: POST /session/6cd8861519be2314cbde44996230575a/element/f.B713056A9316196A9232F0DF0934CF03.d.10DEC204A473CA901F9A8B040D7D2A29.e.15032/value - {"text":"Equipment"}
COMMAND: GET /session/6cd8861519be2314cbde44996230575a/screenshot - {}
RESULT: {"text":"Equipment"}
COMMAND: GET /session/6cd8861519be2314cbde44996230575a/screenshot - {}
RESULT: {}
RESULT: {}
COMMAND: POST /session/6cd8861519be2314cbde44996230575a/actions - {"actions":[{"id":"action46","type":"key","parameters":{},"actions":[{"type":"keyDown","value":""},{"type":"pause","duration":10},{"type":"keyUp","value":""}]}]}
RESULT: {"actions":[{"id":"action46","type":"key","parameters":{},"actions":[{"type":"keyDown","value":""},{"type":"pause","duration":10},{"type":"keyUp","value":""}]}]}
COMMAND: POST /session/6cd8861519be2314cbde44996230575a/execute/async - {"script":"<script> [1562 bytes]","args":[{"selector":{"id":"application-manageresources-display-component---newResourceUnit--resourceId","interaction":{"idSuffix":"inner"}},"wdio_ui5_key":"applicationmanageresources-display-component---newResourceUnit--resourceId"}]}
COMMAND: GET /session/6cd8861519be2314cbde44996230575a/screenshot - {}
RESULT: {"script":"<script> [1562 bytes]","args":[{"selector":{"id":"application-manageresources-display-component---newResourceUnit--resourceId","interaction":{"idSuffix":"inner"}},"wdio_ui5_key":"applicationmanageresources-display-component---newResourceUnit--resourceId"}]}
RESULT: undefined
COMMAND: POST /session/6cd8861519be2314cbde44996230575a/execute/async - {"script":"<script> [776 bytes]","args":[{"enterText":"eGc64aX8pn","selector":{"id":"application-manageresources-display-component---newResourceUnit--resourceId","interaction":{"idSuffix":"inner"}},"clearTextFirst":true,"interactionType":"ENTER_TEXT"}]}
RESULT: {}
RESULT: {"script":"<script> [776 bytes]","args":[{"enterText":"eGc64aX8pn","selector":{"id":"application-manageresources-display-component---newResourceUnit--resourceId","interaction":{"idSuffix":"inner"}},"clearTextFirst":true,"interactionType":"ENTER_TEXT"}]}
COMMAND: POST /session/6cd8861519be2314cbde44996230575a/execute/async - {"script":"<script> [1562 bytes]","args":[{"selector":{"id":"application-manageresources-display-component---newResourceUnit--SHORT_TEXT","interaction":{"idSuffix":"inner"}},"wdio_ui5_key":"applicationmanageresources-display-component---newResourceUnit--SHORT_TEXT"}]}
RESULT: {"script":"<script> [1562 bytes]","args":[{"selector":{"id":"application-manageresources-display-component---newResourceUnit--SHORT_TEXT","interaction":{"idSuffix":"inner"}},"wdio_ui5_key":"applicationmanageresources-display-component---newResourceUnit--SHORT_TEXT"}]}
RESULT: undefined
COMMAND: POST /session/6cd8861519be2314cbde44996230575a/execute/async - {"script":"<script> [776 bytes]","args":[{"enterText":"Intercompany Equipment WDIO","selector":{"id":"application-manageresources-display-component---newResourceUnit--SHORT_TEXT","interaction":{"idSuffix":"inner"}},"clearTextFirst":true,"interactionType":"ENTER_TEXT"}]}
RESULT: {"script":"<script> [776 bytes]","args":[{"enterText":"Intercompany Equipment WDIO","selector":{"id":"application-manageresources-display-component---newResourceUnit--SHORT_TEXT","interaction":{"idSuffix":"inner"}},"clearTextFirst":true,"interactionType":"ENTER_TEXT"}]}
COMMAND: POST /session/6cd8861519be2314cbde44996230575a/execute/async - {"script":"<script> [1562 bytes]","args":[{"selector":{"id":"application-manageresources-display-component---newResourceUnit--BASE_UNIT_OF_MEASURE","interaction":{"idSuffix":"inner"}},"wdio_ui5_key":"applicationmanageresources-display-component---newResourceUnit--BASE_UNIT_OF_MEASURE"}]}
RESULT: {"script":"<script> [1562 bytes]","args":[{"selector":{"id":"application-manageresources-display-component---newResourceUnit--BASE_UNIT_OF_MEASURE","interaction":{"idSuffix":"inner"}},"wdio_ui5_key":"applicationmanageresources-display-component---newResourceUnit--BASE_UNIT_OF_MEASURE"}]}
RESULT: undefined
COMMAND: POST /session/6cd8861519be2314cbde44996230575a/execute/async - {"script":"<script> [776 bytes]","args":[{"enterText":"Piece","selector":{"id":"application-manageresources-display-component---newResourceUnit--BASE_UNIT_OF_MEASURE","interaction":{"idSuffix":"inner"}},"clearTextFirst":true,"interactionType":"ENTER_TEXT"}]}
RESULT: {"script":"<script> [776 bytes]","args":[{"enterText":"Piece","selector":{"id":"application-manageresources-display-component---newResourceUnit--BASE_UNIT_OF_MEASURE","interaction":{"idSuffix":"inner"}},"clearTextFirst":true,"interactionType":"ENTER_TEXT"}]}
COMMAND: POST /session/6cd8861519be2314cbde44996230575a/execute/async - {"script":"<script> [1562 bytes]","args":[{"selector":{"id":"application-manageresources-display-component---newResourceUnit--WEIGHT_UNIT","interaction":{"idSuffix":"inner"}},"wdio_ui5_key":"applicationmanageresources-display-component---newResourceUnit--WEIGHT_UNIT"}]}
RESULT: {"script":"<script> [1562 bytes]","args":[{"selector":{"id":"application-manageresources-display-component---newResourceUnit--WEIGHT_UNIT","interaction":{"idSuffix":"inner"}},"wdio_ui5_key":"applicationmanageresources-display-component---newResourceUnit--WEIGHT_UNIT"}]}
RESULT: undefined
COMMAND: POST /session/6cd8861519be2314cbde44996230575a/execute/async - {"script":"<script> [776 bytes]","args":[{"enterText":"Gram","selector":{"id":"application-manageresources-display-component---newResourceUnit--WEIGHT_UNIT","interaction":{"idSuffix":"inner"}},"clearTextFirst":true,"interactionType":"ENTER_TEXT"}]}
RESULT: {"script":"<script> [776 bytes]","args":[{"enterText":"Gram","selector":{"id":"application-manageresources-display-component---newResourceUnit--WEIGHT_UNIT","interaction":{"idSuffix":"inner"}},"clearTextFirst":true,"interactionType":"ENTER_TEXT"}]}
COMMAND: POST /session/6cd8861519be2314cbde44996230575a/execute/async - {"script":"<script> [1562 bytes]","args":[{"selector":{"id":"application-manageresources-display-component---newResourceUnit--DIMENSION_UNIT","interaction":{"idSuffix":"inner"}},"wdio_ui5_key":"applicationmanageresources-display-component---newResourceUnit--DIMENSION_UNIT"}]}
RESULT: {"script":"<script> [1562 bytes]","args":[{"selector":{"id":"application-manageresources-display-component---newResourceUnit--DIMENSION_UNIT","interaction":{"idSuffix":"inner"}},"wdio_ui5_key":"applicationmanageresources-display-component---newResourceUnit--DIMENSION_UNIT"}]}
RESULT: undefined
COMMAND: POST /session/6cd8861519be2314cbde44996230575a/execute/async - {"script":"<script> [776 bytes]","args":[{"enterText":"Meter","selector":{"id":"application-manageresources-display-component---newResourceUnit--DIMENSION_UNIT","interaction":{"idSuffix":"inner"}},"clearTextFirst":true,"interactionType":"ENTER_TEXT"}]}
RESULT: {"script":"<script> [776 bytes]","args":[{"enterText":"Meter","selector":{"id":"application-manageresources-display-component---newResourceUnit--DIMENSION_UNIT","interaction":{"idSuffix":"inner"}},"clearTextFirst":true,"interactionType":"ENTER_TEXT"}]}
COMMAND: POST /session/6cd8861519be2314cbde44996230575a/execute/async - {"script":"<script> [1562 bytes]","args":[{"selector":{"id":"application-manageresources-display-component---newResourceUnit--newRRUPage-anchBar-application-manageresources-display-component---newResourceUnit--control-anchor","interaction":{"idSuffix":"BDI-content"}},"wdio_ui5_key":"applicationmanageresources-display-component---newResourceUnit--newRRUPage-anchBar-application-manageresources-display-component---newResourceUnit--control-anchor"}]}
RESULT: {"script":"<script> [1562 bytes]","args":[{"selector":{"id":"application-manageresources-display-component---newResourceUnit--newRRUPage-anchBar-application-manageresources-display-component---newResourceUnit--control-anchor","interaction":{"idSuffix":"BDI-content"}},"wdio_ui5_key":"applicationmanageresources-display-component---newResourceUnit--newRRUPage-anchBar-application-manageresources-display-component---newResourceUnit--control-anchor"}]}
RESULT: undefined
COMMAND: POST /session/6cd8861519be2314cbde44996230575a/element - {"using":"xpath","value":"//*[@id=\"application-manageresources-display-component---newResourceUnit--newRRUPage-anchBar-application-manageresources-display-component---newResourceUnit--control-anchor\"]"}
RESULT: {"using":"xpath","value":"//*[@id=\"application-manageresources-display-component---newResourceUnit--newRRUPage-anchBar-application-manageresources-display-component---newResourceUnit--control-anchor\"]"}
COMMAND: POST /session/6cd8861519be2314cbde44996230575a/element/f.B713056A9316196A9232F0DF0934CF03.d.10DEC204A473CA901F9A8B040D7D2A29.e.15241/click - {}
RESULT: {}
COMMAND: POST /session/6cd8861519be2314cbde44996230575a/execute/async - {"script":"<script> [1562 bytes]","args":[{"selector":{"id":"application-manageresources-display-component---newResourceUnit--PLANNING_GROUP","interaction":{"idSuffix":"inner"}},"wdio_ui5_key":"applicationmanageresources-display-component---newResourceUnit--PLANNING_GROUP"}]}
COMMAND: GET /session/6cd8861519be2314cbde44996230575a/screenshot - {}
RESULT: {"script":"<script> [1562 bytes]","args":[{"selector":{"id":"application-manageresources-display-component---newResourceUnit--PLANNING_GROUP","interaction":{"idSuffix":"inner"}},"wdio_ui5_key":"applicationmanageresources-display-component---newResourceUnit--PLANNING_GROUP"}]}
RESULT: undefined
COMMAND: POST /session/6cd8861519be2314cbde44996230575a/execute/async - {"script":"<script> [776 bytes]","args":[{"enterText":"Heavy Equi","selector":{"id":"application-manageresources-display-component---newResourceUnit--PLANNING_GROUP","interaction":{"idSuffix":"inner"}},"clearTextFirst":true,"interactionType":"ENTER_TEXT"}]}
RESULT: {}
RESULT: {"script":"<script> [776 bytes]","args":[{"enterText":"Heavy Equi","selector":{"id":"application-manageresources-display-component---newResourceUnit--PLANNING_GROUP","interaction":{"idSuffix":"inner"}},"clearTextFirst":true,"interactionType":"ENTER_TEXT"}]}
COMMAND: POST /session/6cd8861519be2314cbde44996230575a/execute/async - {"script":"<script> [1562 bytes]","args":[{"selector":{"id":"application-manageresources-display-component---newResourceUnit--ITEM_TYPE-arrow"},"wdio_ui5_key":"applicationmanageresources-display-component---newResourceUnit--ITEM_TYPE-arrow"}]}
RESULT: {"script":"<script> [1562 bytes]","args":[{"selector":{"id":"application-manageresources-display-component---newResourceUnit--ITEM_TYPE-arrow"},"wdio_ui5_key":"applicationmanageresources-display-component---newResourceUnit--ITEM_TYPE-arrow"}]}
RESULT: undefined
COMMAND: POST /session/6cd8861519be2314cbde44996230575a/element - {"using":"xpath","value":"//*[@id=\"application-manageresources-display-component---newResourceUnit--ITEM_TYPE-arrow\"]"}
RESULT: {"using":"xpath","value":"//*[@id=\"application-manageresources-display-component---newResourceUnit--ITEM_TYPE-arrow\"]"}
COMMAND: POST /session/6cd8861519be2314cbde44996230575a/element/f.B713056A9316196A9232F0DF0934CF03.d.10DEC204A473CA901F9A8B040D7D2A29.e.15248/click - {}
RESULT: {}
COMMAND: POST /session/6cd8861519be2314cbde44996230575a/element - {"using":"xpath","value":"(//span[contains(text(), \"Resource Unit\")])[2]"}
COMMAND: GET /session/6cd8861519be2314cbde44996230575a/screenshot - {}
RESULT: {"using":"xpath","value":"(//span[contains(text(), \"Resource Unit\")])[2]"}
COMMAND: POST /session/6cd8861519be2314cbde44996230575a/element/f.B713056A9316196A9232F0DF0934CF03.d.10DEC204A473CA901F9A8B040D7D2A29.e.15249/click - {}
RESULT: {}
RESULT: {}
COMMAND: GET /session/6cd8861519be2314cbde44996230575a/screenshot - {}
RESULT: {}
COMMAND: POST /session/6cd8861519be2314cbde44996230575a/element - {"using":"css selector","value":"#application-manageresources-display-component---newResourceUnit--btnAddTimeSegment"}
RESULT: {"using":"css selector","value":"#application-manageresources-display-component---newResourceUnit--btnAddTimeSegment"}
COMMAND: GET /session/6cd8861519be2314cbde44996230575a/element/f.B713056A9316196A9232F0DF0934CF03.d.10DEC204A473CA901F9A8B040D7D2A29.e.15256/rect - {}
RESULT: {}
COMMAND: GET /session/6cd8861519be2314cbde44996230575a/window/rect - {}
RESULT: {}
COMMAND: POST /session/6cd8861519be2314cbde44996230575a/execute/sync - {"script":"<script> [92 bytes]","args":[]}
RESULT: {"script":"<script> [92 bytes]","args":[]}
COMMAND: POST /session/6cd8861519be2314cbde44996230575a/actions - {"actions":[{"id":"action47","type":"wheel","parameters":{},"actions":[{"type":"scroll","x":-1888,"y":-32,"deltaX":0,"deltaY":0,"duration":0,"origin":{"element-6066-11e4-a52e-4f735466cecf":"f.B713056A9316196A9232F0DF0934CF03.d.10DEC204A473CA901F9A8B040D7D2A29.e.15256"}}]}]}
COMMAND: GET /session/6cd8861519be2314cbde44996230575a/screenshot - {}
RESULT: {}
COMMAND: POST /session/6cd8861519be2314cbde44996230575a/execute/sync - {"script":"<script> [79 bytes]","args":[{"element-6066-11e4-a52e-4f735466cecf":"f.B713056A9316196A9232F0DF0934CF03.d.10DEC204A473CA901F9A8B040D7D2A29.e.15256","ELEMENT":"f.B713056A9316196A9232F0DF0934CF03.d.10DEC204A473CA901F9A8B040D7D2A29.e.15256"},{"block":"start","inline":"nearest"}]}
RESULT: {"script":"<script> [79 bytes]","args":[{"element-6066-11e4-a52e-4f735466cecf":"f.B713056A9316196A9232F0DF0934CF03.d.10DEC204A473CA901F9A8B040D7D2A29.e.15256","ELEMENT":"f.B713056A9316196A9232F0DF0934CF03.d.10DEC204A473CA901F9A8B040D7D2A29.e.15256"},{"block":"start","inline":"nearest"}]}
COMMAND: POST /session/6cd8861519be2314cbde44996230575a/execute/async - {"script":"<script> [1562 bytes]","args":[{"selector":{"id":"application-manageresources-display-component---newResourceUnit--btnAddTimeSegment","interaction":{"idSuffix":"inner"}},"wdio_ui5_key":"applicationmanageresources-display-component---newResourceUnit--btnAddTimeSegment"}]}
COMMAND: GET /session/6cd8861519be2314cbde44996230575a/screenshot - {}
RESULT: {"script":"<script> [1562 bytes]","args":[{"selector":{"id":"application-manageresources-display-component---newResourceUnit--btnAddTimeSegment","interaction":{"idSuffix":"inner"}},"wdio_ui5_key":"applicationmanageresources-display-component---newResourceUnit--btnAddTimeSegment"}]}
RESULT: undefined
COMMAND: POST /session/6cd8861519be2314cbde44996230575a/element - {"using":"xpath","value":"//*[@id=\"application-manageresources-display-component---newResourceUnit--btnAddTimeSegment\"]"}
RESULT: {}
RESULT: {"using":"xpath","value":"//*[@id=\"application-manageresources-display-component---newResourceUnit--btnAddTimeSegment\"]"}
COMMAND: POST /session/6cd8861519be2314cbde44996230575a/element/f.B713056A9316196A9232F0DF0934CF03.d.10DEC204A473CA901F9A8B040D7D2A29.e.15256/click - {}
RESULT: {}
COMMAND: GET /session/6cd8861519be2314cbde44996230575a/screenshot - {}
RESULT: {}
COMMAND: POST /session/6cd8861519be2314cbde44996230575a/element - {"using":"xpath","value":"//input[@id=\"application-manageresources-display-component---newResourceUnit--idRuTSAdmin-application-manageresources-display-component---newResourceUnit--RUTimeSegment-0-inner\"]"}
RESULT: {"using":"xpath","value":"//input[@id=\"application-manageresources-display-component---newResourceUnit--idRuTSAdmin-application-manageresources-display-component---newResourceUnit--RUTimeSegment-0-inner\"]"}
COMMAND: POST /session/6cd8861519be2314cbde44996230575a/element/f.B713056A9316196A9232F0DF0934CF03.d.10DEC204A473CA901F9A8B040D7D2A29.e.15262/clear - {}
RESULT: {}
COMMAND: POST /session/6cd8861519be2314cbde44996230575a/element/f.B713056A9316196A9232F0DF0934CF03.d.10DEC204A473CA901F9A8B040D7D2A29.e.15262/value - {"text":"235"}
COMMAND: GET /session/6cd8861519be2314cbde44996230575a/screenshot - {}
RESULT: {"text":"235"}
COMMAND: GET /session/6cd8861519be2314cbde44996230575a/screenshot - {}
RESULT: {}
RESULT: {}
COMMAND: POST /session/6cd8861519be2314cbde44996230575a/element - {"using":"xpath","value":"//li[.//span[text()='235']]"}
RESULT: {"using":"xpath","value":"//li[.//span[text()='235']]"}
COMMAND: POST /session/6cd8861519be2314cbde44996230575a/element/f.B713056A9316196A9232F0DF0934CF03.d.10DEC204A473CA901F9A8B040D7D2A29.e.15274/click - {}
RESULT: {}
COMMAND: GET /session/6cd8861519be2314cbde44996230575a/screenshot - {}
RESULT: {}
COMMAND: POST /session/6cd8861519be2314cbde44996230575a/element - {"using":"xpath","value":"(//span[contains(@id, \"-application-manageresources-display-component---newResourceUnit--RUTimeSegment-0-arrow\")])[6]"}
RESULT: {"using":"xpath","value":"(//span[contains(@id, \"-application-manageresources-display-component---newResourceUnit--RUTimeSegment-0-arrow\")])[6]"}
COMMAND: POST /session/6cd8861519be2314cbde44996230575a/element/f.B713056A9316196A9232F0DF0934CF03.d.10DEC204A473CA901F9A8B040D7D2A29.e.15275/click - {}
RESULT: {}
COMMAND: GET /session/6cd8861519be2314cbde44996230575a/screenshot - {}
RESULT: {}
COMMAND: POST /session/6cd8861519be2314cbde44996230575a/element - {"using":"xpath","value":"//span[contains(text(), \"PM Order\")]"}
RESULT: {"using":"xpath","value":"//span[contains(text(), \"PM Order\")]"}
COMMAND: POST /session/6cd8861519be2314cbde44996230575a/element/f.B713056A9316196A9232F0DF0934CF03.d.10DEC204A473CA901F9A8B040D7D2A29.e.15278/click - {}
RESULT: {}
COMMAND: GET /session/6cd8861519be2314cbde44996230575a/screenshot - {}
RESULT: {}
COMMAND: POST /session/6cd8861519be2314cbde44996230575a/element - {"using":"xpath","value":"(//span[contains(@id ,\"manageresources-display-component---newResourceUnit--RUTimeSegment-0-vhi\")])[1]"}
RESULT: {"using":"xpath","value":"(//span[contains(@id ,\"manageresources-display-component---newResourceUnit--RUTimeSegment-0-vhi\")])[1]"}
COMMAND: GET /session/6cd8861519be2314cbde44996230575a/element/f.B713056A9316196A9232F0DF0934CF03.d.10DEC204A473CA901F9A8B040D7D2A29.e.15282/rect - {}
RESULT: {}
COMMAND: GET /session/6cd8861519be2314cbde44996230575a/window/rect - {}
RESULT: {}
COMMAND: POST /session/6cd8861519be2314cbde44996230575a/execute/sync - {"script":"<script> [92 bytes]","args":[]}
RESULT: {"script":"<script> [92 bytes]","args":[]}
COMMAND: POST /session/6cd8861519be2314cbde44996230575a/actions - {"actions":[{"id":"action48","type":"wheel","parameters":{},"actions":[{"type":"scroll","x":-869,"y":-24,"deltaX":0,"deltaY":0,"duration":0,"origin":{"element-6066-11e4-a52e-4f735466cecf":"f.B713056A9316196A9232F0DF0934CF03.d.10DEC204A473CA901F9A8B040D7D2A29.e.15282"}}]}]}
COMMAND: GET /session/6cd8861519be2314cbde44996230575a/screenshot - {}
RESULT: {"actions":[{"id":"action48","type":"wheel","parameters":{},"actions":[{"type":"scroll","x":-869,"y":-24,"deltaX":0,"deltaY":0,"duration":0,"origin":{"element-6066-11e4-a52e-4f735466cecf":"f.B713056A9316196A9232F0DF0934CF03.d.10DEC204A473CA901F9A8B040D7D2A29.e.15282"}}]}]}
COMMAND: DELETE /session/6cd8861519be2314cbde44996230575a/actions - {}
COMMAND: GET /session/6cd8861519be2314cbde44996230575a/screenshot - {}
RESULT: {}
RESULT: {}
COMMAND: GET /session/6cd8861519be2314cbde44996230575a/screenshot - {}
RESULT: {}
RESULT: {}
COMMAND: POST /session/6cd8861519be2314cbde44996230575a/element/f.B713056A9316196A9232F0DF0934CF03.d.10DEC204A473CA901F9A8B040D7D2A29.e.15282/click - {}
RESULT: {}
COMMAND: GET /session/6cd8861519be2314cbde44996230575a/screenshot - {}
RESULT: {}
COMMAND: POST /session/6cd8861519be2314cbde44996230575a/execute/async - {"script":"<script> [1562 bytes]","args":[{"selector":{"controlType":"sap.m.SearchField","properties":{"placeholder":"Search"},"searchOpenDialogs":true,"interaction":{"idSuffix":"I"}},"wdio_ui5_key":"sapm.SearchField{\"placeholder\":\"Search\"}"}]}
RESULT: {"script":"<script> [1562 bytes]","args":[{"selector":{"controlType":"sap.m.SearchField","properties":{"placeholder":"Search"},"searchOpenDialogs":true,"interaction":{"idSuffix":"I"}},"wdio_ui5_key":"sapm.SearchField{\"placeholder\":\"Search\"}"}]}
RESULT: undefined
COMMAND: POST /session/6cd8861519be2314cbde44996230575a/execute/async - {"script":"<script> [776 bytes]","args":[{"enterText":"4000360","selector":{"controlType":"sap.m.SearchField","properties":{"placeholder":"Search"},"searchOpenDialogs":true,"interaction":{"idSuffix":"I"}},"clearTextFirst":true,"interactionType":"ENTER_TEXT"}]}
RESULT: {"script":"<script> [776 bytes]","args":[{"enterText":"4000360","selector":{"controlType":"sap.m.SearchField","properties":{"placeholder":"Search"},"searchOpenDialogs":true,"interaction":{"idSuffix":"I"}},"clearTextFirst":true,"interactionType":"ENTER_TEXT"}]}
COMMAND: POST /session/6cd8861519be2314cbde44996230575a/actions - {"actions":[{"id":"action49","type":"key","parameters":{},"actions":[{"type":"keyDown","value":""},{"type":"pause","duration":10},{"type":"keyUp","value":""}]}]}
RESULT: {"actions":[{"id":"action49","type":"key","parameters":{},"actions":[{"type":"keyDown","value":""},{"type":"pause","duration":10},{"type":"keyUp","value":""}]}]}
COMMAND: GET /session/6cd8861519be2314cbde44996230575a/screenshot - {}
RESULT: {}
COMMAND: POST /session/6cd8861519be2314cbde44996230575a/element - {"using":"xpath","value":"//td/div/span[contains(text(), \"BGL Vehicles\")]"}
RESULT: {"using":"xpath","value":"//td/div/span[contains(text(), \"BGL Vehicles\")]"}
COMMAND: POST /session/6cd8861519be2314cbde44996230575a/element/f.B713056A9316196A9232F0DF0934CF03.d.10DEC204A473CA901F9A8B040D7D2A29.e.15305/click - {}
RESULT: {}
COMMAND: GET /session/6cd8861519be2314cbde44996230575a/screenshot - {}
RESULT: {}
COMMAND: POST /session/6cd8861519be2314cbde44996230575a/element - {"using":"xpath","value":"//bdi[contains(text(), \"OK\")]"}
RESULT: {"using":"xpath","value":"//bdi[contains(text(), \"OK\")]"}
COMMAND: POST /session/6cd8861519be2314cbde44996230575a/element/f.B713056A9316196A9232F0DF0934CF03.d.10DEC204A473CA901F9A8B040D7D2A29.e.15306/click - {}
RESULT: {}
COMMAND: GET /session/6cd8861519be2314cbde44996230575a/screenshot - {}
RESULT: {}
COMMAND: POST /session/6cd8861519be2314cbde44996230575a/execute/async - {"script":"<script> [1562 bytes]","args":[{"selector":{"id":"application-manageresources-display-component---newResourceUnit--newRRUPage-anchBar-application-manageresources-display-component---newResourceUnit--resource-anchor","interaction":{"idSuffix":"BDI-content"}},"wdio_ui5_key":"applicationmanageresources-display-component---newResourceUnit--newRRUPage-anchBar-application-manageresources-display-component---newResourceUnit--resource-anchor"}]}
RESULT: {"script":"<script> [1562 bytes]","args":[{"selector":{"id":"application-manageresources-display-component---newResourceUnit--newRRUPage-anchBar-application-manageresources-display-component---newResourceUnit--resource-anchor","interaction":{"idSuffix":"BDI-content"}},"wdio_ui5_key":"applicationmanageresources-display-component---newResourceUnit--newRRUPage-anchBar-application-manageresources-display-component---newResourceUnit--resource-anchor"}]}
RESULT: undefined
COMMAND: POST /session/6cd8861519be2314cbde44996230575a/element - {"using":"xpath","value":"//*[@id=\"application-manageresources-display-component---newResourceUnit--newRRUPage-anchBar-application-manageresources-display-component---newResourceUnit--resource-anchor\"]"}
RESULT: {"using":"xpath","value":"//*[@id=\"application-manageresources-display-component---newResourceUnit--newRRUPage-anchBar-application-manageresources-display-component---newResourceUnit--resource-anchor\"]"}
COMMAND: POST /session/6cd8861519be2314cbde44996230575a/element/f.B713056A9316196A9232F0DF0934CF03.d.10DEC204A473CA901F9A8B040D7D2A29.e.15310/click - {}
RESULT: {}
COMMAND: POST /session/6cd8861519be2314cbde44996230575a/execute/async - {"script":"<script> [1562 bytes]","args":[{"selector":{"id":"application-manageresources-display-component---newResourceUnit--PLANNED_DELIVERY_DATE","interaction":{"idSuffix":"inner"}},"wdio_ui5_key":"applicationmanageresources-display-component---newResourceUnit--PLANNED_DELIVERY_DATE"}]}
COMMAND: GET /session/6cd8861519be2314cbde44996230575a/screenshot - {}
RESULT: {"script":"<script> [1562 bytes]","args":[{"selector":{"id":"application-manageresources-display-component---newResourceUnit--PLANNED_DELIVERY_DATE","interaction":{"idSuffix":"inner"}},"wdio_ui5_key":"applicationmanageresources-display-component---newResourceUnit--PLANNED_DELIVERY_DATE"}]}
RESULT: undefined
COMMAND: POST /session/6cd8861519be2314cbde44996230575a/execute/async - {"script":"<script> [6424 bytes]","args":[{"element-6066-11e4-a52e-4f735466cecf":"f.B713056A9316196A9232F0DF0934CF03.d.10DEC204A473CA901F9A8B040D7D2A29.e.15140"},"setValue",["5/23/25"]]}
RESULT: {}
RESULT: {"script":"<script> [6424 bytes]","args":[{"element-6066-11e4-a52e-4f735466cecf":"f.B713056A9316196A9232F0DF0934CF03.d.10DEC204A473CA901F9A8B040D7D2A29.e.15140"},"setValue",["5/23/25"]]}
COMMAND: POST /session/6cd8861519be2314cbde44996230575a/element - {"using":"xpath","value":"//label[contains(@class, 'sapMLabelRequired') and .//bdi[contains(text(), 'Planned Retirement')]]"}
RESULT: {"using":"xpath","value":"//label[contains(@class, 'sapMLabelRequired') and .//bdi[contains(text(), 'Planned Retirement')]]"}
COMMAND: POST /session/6cd8861519be2314cbde44996230575a/elements - {"using":"xpath","value":"//label[contains(@class, 'sapMLabelRequired') and .//bdi[contains(text(), 'Planned Retirement')]]"}
RESULT: {"using":"xpath","value":"//label[contains(@class, 'sapMLabelRequired') and .//bdi[contains(text(), 'Planned Retirement')]]"}
COMMAND: POST /session/6cd8861519be2314cbde44996230575a/element - {"using":"xpath","value":"//button[@data-kt=\"resourceUnitSaveButton\"]"}
RESULT: {"using":"xpath","value":"//button[@data-kt=\"resourceUnitSaveButton\"]"}
COMMAND: POST /session/6cd8861519be2314cbde44996230575a/element/f.B713056A9316196A9232F0DF0934CF03.d.10DEC204A473CA901F9A8B040D7D2A29.e.15099/click - {}
RESULT: {}
COMMAND: GET /session/6cd8861519be2314cbde44996230575a/screenshot - {}
RESULT: {}
COMMAND: POST /session/6cd8861519be2314cbde44996230575a/element - {"using":"xpath","value":"//bdi[contains(text(), \"Close\")]"}
RESULT: {"using":"xpath","value":"//bdi[contains(text(), \"Close\")]"}
COMMAND: POST /session/6cd8861519be2314cbde44996230575a/element/f.B713056A9316196A9232F0DF0934CF03.d.10DEC204A473CA901F9A8B040D7D2A29.e.15320/click - {}
RESULT: {}
COMMAND: GET /session/6cd8861519be2314cbde44996230575a/screenshot - {}
RESULT: {}
COMMAND: POST /session/6cd8861519be2314cbde44996230575a/element - {"using":"xpath","value":"(//button[contains(@id ,\"actionsToolbar-overflowButton\")])[1]"}
RESULT: {"using":"xpath","value":"(//button[contains(@id ,\"actionsToolbar-overflowButton\")])[1]"}
COMMAND: POST /session/6cd8861519be2314cbde44996230575a/element/f.B713056A9316196A9232F0DF0934CF03.d.10DEC204A473CA901F9A8B040D7D2A29.e.15377/click - {}
RESULT: {}
COMMAND: GET /session/6cd8861519be2314cbde44996230575a/screenshot - {}
RESULT: {}
COMMAND: POST /session/6cd8861519be2314cbde44996230575a/element - {"using":"xpath","value":"//button[@data-kt=\"priceInfoButton\"]"}
RESULT: {"using":"xpath","value":"//button[@data-kt=\"priceInfoButton\"]"}
COMMAND: POST /session/6cd8861519be2314cbde44996230575a/element/f.B713056A9316196A9232F0DF0934CF03.d.10DEC204A473CA901F9A8B040D7D2A29.e.15379/click - {}
RESULT: {}
COMMAND: GET /session/6cd8861519be2314cbde44996230575a/screenshot - {}
]]></system-out>
    </testcase>
    <testcase classname="chrome.136_0_7103_93.windows.Billing_transfer_US117289" name="Should create new pricing rule" time="56.338">
      <system-out><![CDATA[
COMMAND: POST /session/6cd8861519be2314cbde44996230575a/element - {"using":"xpath","value":"//button[@data-kt=\"addButton\"]"}
RESULT: {}
RESULT: {"using":"xpath","value":"//button[@data-kt=\"addButton\"]"}
COMMAND: POST /session/6cd8861519be2314cbde44996230575a/elements - {"using":"xpath","value":"//button[@data-kt=\"addButton\"]"}
RESULT: {"using":"xpath","value":"//button[@data-kt=\"addButton\"]"}
COMMAND: POST /session/6cd8861519be2314cbde44996230575a/execute/sync - {"script":"<script> [8489 bytes]","args":[{"element-6066-11e4-a52e-4f735466cecf":"f.B713056A9316196A9232F0DF0934CF03.d.10DEC204A473CA901F9A8B040D7D2A29.e.15417","ELEMENT":"f.B713056A9316196A9232F0DF0934CF03.d.10DEC204A473CA901F9A8B040D7D2A29.e.15417"}]}
RESULT: {"script":"<script> [8489 bytes]","args":[{"element-6066-11e4-a52e-4f735466cecf":"f.B713056A9316196A9232F0DF0934CF03.d.10DEC204A473CA901F9A8B040D7D2A29.e.15417","ELEMENT":"f.B713056A9316196A9232F0DF0934CF03.d.10DEC204A473CA901F9A8B040D7D2A29.e.15417"}]}
COMMAND: GET /session/6cd8861519be2314cbde44996230575a/element/f.B713056A9316196A9232F0DF0934CF03.d.10DEC204A473CA901F9A8B040D7D2A29.e.15417/enabled - {}
COMMAND: GET /session/6cd8861519be2314cbde44996230575a/screenshot - {}
RESULT: {}
COMMAND: POST /session/6cd8861519be2314cbde44996230575a/execute/sync - {"script":"<script> [8489 bytes]","args":[{"element-6066-11e4-a52e-4f735466cecf":"f.B713056A9316196A9232F0DF0934CF03.d.10DEC204A473CA901F9A8B040D7D2A29.e.15417","ELEMENT":"f.B713056A9316196A9232F0DF0934CF03.d.10DEC204A473CA901F9A8B040D7D2A29.e.15417"}]}
COMMAND: GET /session/6cd8861519be2314cbde44996230575a/screenshot - {}
RESULT: {}
RESULT: {"script":"<script> [8489 bytes]","args":[{"element-6066-11e4-a52e-4f735466cecf":"f.B713056A9316196A9232F0DF0934CF03.d.10DEC204A473CA901F9A8B040D7D2A29.e.15417","ELEMENT":"f.B713056A9316196A9232F0DF0934CF03.d.10DEC204A473CA901F9A8B040D7D2A29.e.15417"}]}
COMMAND: POST /session/6cd8861519be2314cbde44996230575a/execute/sync - {"script":"<script> [5351 bytes]","args":[{"element-6066-11e4-a52e-4f735466cecf":"f.B713056A9316196A9232F0DF0934CF03.d.10DEC204A473CA901F9A8B040D7D2A29.e.15417","ELEMENT":"f.B713056A9316196A9232F0DF0934CF03.d.10DEC204A473CA901F9A8B040D7D2A29.e.15417"}]}
COMMAND: GET /session/6cd8861519be2314cbde44996230575a/screenshot - {}
RESULT: {}
RESULT: {"script":"<script> [5351 bytes]","args":[{"element-6066-11e4-a52e-4f735466cecf":"f.B713056A9316196A9232F0DF0934CF03.d.10DEC204A473CA901F9A8B040D7D2A29.e.15417","ELEMENT":"f.B713056A9316196A9232F0DF0934CF03.d.10DEC204A473CA901F9A8B040D7D2A29.e.15417"}]}
COMMAND: POST /session/6cd8861519be2314cbde44996230575a/element/f.B713056A9316196A9232F0DF0934CF03.d.10DEC204A473CA901F9A8B040D7D2A29.e.15417/click - {}
COMMAND: GET /session/6cd8861519be2314cbde44996230575a/screenshot - {}
RESULT: {}
RESULT: {}
COMMAND: GET /session/6cd8861519be2314cbde44996230575a/screenshot - {}
RESULT: {}
RESULT: {}
COMMAND: POST /session/6cd8861519be2314cbde44996230575a/execute/async - {"script":"<script> [1562 bytes]","args":[{"selector":{"controlType":"sap.m.Title","viewName":"etm.portal.ui.managepricingrules.view.NewItem","viewId":"application-managepricingrules-display-component---newInfoPriceItem","properties":{"text":"New Pricing Rules - Item Level"}},"wdio_ui5_key":"etmportal.ui.managepricingrules.view.NewItemsap.m.Title{\"text\":\"New Pricing Rules - Item Level\"}"}]}
RESULT: {"script":"<script> [1562 bytes]","args":[{"selector":{"controlType":"sap.m.Title","viewName":"etm.portal.ui.managepricingrules.view.NewItem","viewId":"application-managepricingrules-display-component---newInfoPriceItem","properties":{"text":"New Pricing Rules - Item Level"}},"wdio_ui5_key":"etmportal.ui.managepricingrules.view.NewItemsap.m.Title{\"text\":\"New Pricing Rules - Item Level\"}"}]}
RESULT: undefined
COMMAND: POST /session/6cd8861519be2314cbde44996230575a/execute/async - {"script":"<script> [6424 bytes]","args":[{"element-6066-11e4-a52e-4f735466cecf":"f.B713056A9316196A9232F0DF0934CF03.d.10DEC204A473CA901F9A8B040D7D2A29.e.15491"},"getText",[]]}
RESULT: {"script":"<script> [6424 bytes]","args":[{"element-6066-11e4-a52e-4f735466cecf":"f.B713056A9316196A9232F0DF0934CF03.d.10DEC204A473CA901F9A8B040D7D2A29.e.15491"},"getText",[]]}
COMMAND: POST /session/6cd8861519be2314cbde44996230575a/execute/async - {"script":"<script> [1562 bytes]","args":[{"selector":{"id":"application-managepricingrules-display-component---newInfoPriceItem--condValidTo","interaction":{"idSuffix":"inner"}},"wdio_ui5_key":"applicationmanagepricingrules-display-component---newInfoPriceItem--condValidTo"}]}
RESULT: {"script":"<script> [1562 bytes]","args":[{"selector":{"id":"application-managepricingrules-display-component---newInfoPriceItem--condValidTo","interaction":{"idSuffix":"inner"}},"wdio_ui5_key":"applicationmanagepricingrules-display-component---newInfoPriceItem--condValidTo"}]}
RESULT: undefined
COMMAND: POST /session/6cd8861519be2314cbde44996230575a/execute/async - {"script":"<script> [776 bytes]","args":[{"enterText":"1/23/26","selector":{"id":"application-managepricingrules-display-component---newInfoPriceItem--condValidTo","interaction":{"idSuffix":"inner"}},"clearTextFirst":true,"interactionType":"ENTER_TEXT"}]}
RESULT: {"script":"<script> [776 bytes]","args":[{"enterText":"1/23/26","selector":{"id":"application-managepricingrules-display-component---newInfoPriceItem--condValidTo","interaction":{"idSuffix":"inner"}},"clearTextFirst":true,"interactionType":"ENTER_TEXT"}]}
COMMAND: POST /session/6cd8861519be2314cbde44996230575a/execute/async - {"script":"<script> [1562 bytes]","args":[{"selector":{"id":"application-managepricingrules-display-component---newInfoPriceItem--billType-arrow"},"wdio_ui5_key":"applicationmanagepricingrules-display-component---newInfoPriceItem--billType-arrow"}]}
RESULT: {"script":"<script> [1562 bytes]","args":[{"selector":{"id":"application-managepricingrules-display-component---newInfoPriceItem--billType-arrow"},"wdio_ui5_key":"applicationmanagepricingrules-display-component---newInfoPriceItem--billType-arrow"}]}
RESULT: undefined
COMMAND: POST /session/6cd8861519be2314cbde44996230575a/element - {"using":"xpath","value":"//*[@id=\"application-managepricingrules-display-component---newInfoPriceItem--billType-arrow\"]"}
RESULT: {"using":"xpath","value":"//*[@id=\"application-managepricingrules-display-component---newInfoPriceItem--billType-arrow\"]"}
COMMAND: POST /session/6cd8861519be2314cbde44996230575a/element/f.B713056A9316196A9232F0DF0934CF03.d.10DEC204A473CA901F9A8B040D7D2A29.e.15548/click - {}
RESULT: {}
COMMAND: POST /session/6cd8861519be2314cbde44996230575a/element - {"using":"xpath","value":"//span[contains(text(), \"TB - Time based\")]"}
COMMAND: GET /session/6cd8861519be2314cbde44996230575a/screenshot - {}
RESULT: {"using":"xpath","value":"//span[contains(text(), \"TB - Time based\")]"}
COMMAND: POST /session/6cd8861519be2314cbde44996230575a/element/f.B713056A9316196A9232F0DF0934CF03.d.10DEC204A473CA901F9A8B040D7D2A29.e.15590/click - {}
RESULT: {}
RESULT: {}
COMMAND: POST /session/6cd8861519be2314cbde44996230575a/execute/async - {"script":"<script> [1562 bytes]","args":[{"selector":{"id":"application-managepricingrules-display-component---newInfoPriceItem--priceProc-arrow"},"wdio_ui5_key":"applicationmanagepricingrules-display-component---newInfoPriceItem--priceProc-arrow"}]}
COMMAND: GET /session/6cd8861519be2314cbde44996230575a/screenshot - {}
RESULT: {"script":"<script> [1562 bytes]","args":[{"selector":{"id":"application-managepricingrules-display-component---newInfoPriceItem--priceProc-arrow"},"wdio_ui5_key":"applicationmanagepricingrules-display-component---newInfoPriceItem--priceProc-arrow"}]}
RESULT: undefined
COMMAND: POST /session/6cd8861519be2314cbde44996230575a/element - {"using":"xpath","value":"//*[@id=\"application-managepricingrules-display-component---newInfoPriceItem--priceProc-arrow\"]"}
RESULT: {}
RESULT: {"using":"xpath","value":"//*[@id=\"application-managepricingrules-display-component---newInfoPriceItem--priceProc-arrow\"]"}
COMMAND: POST /session/6cd8861519be2314cbde44996230575a/element/f.B713056A9316196A9232F0DF0934CF03.d.10DEC204A473CA901F9A8B040D7D2A29.e.15555/click - {}
RESULT: {}
COMMAND: POST /session/6cd8861519be2314cbde44996230575a/element - {"using":"xpath","value":"//span[contains(text(), \"TBS - Time based standard\")]"}
COMMAND: GET /session/6cd8861519be2314cbde44996230575a/screenshot - {}
RESULT: {"using":"xpath","value":"//span[contains(text(), \"TBS - Time based standard\")]"}
COMMAND: POST /session/6cd8861519be2314cbde44996230575a/element/f.B713056A9316196A9232F0DF0934CF03.d.10DEC204A473CA901F9A8B040D7D2A29.e.15591/click - {}
RESULT: {}
RESULT: {}
COMMAND: POST /session/6cd8861519be2314cbde44996230575a/execute/async - {"script":"<script> [1562 bytes]","args":[{"selector":{"id":"application-managepricingrules-display-component---newInfoPriceItem--calcBase-arrow"},"wdio_ui5_key":"applicationmanagepricingrules-display-component---newInfoPriceItem--calcBase-arrow"}]}
COMMAND: GET /session/6cd8861519be2314cbde44996230575a/screenshot - {}
RESULT: {"script":"<script> [1562 bytes]","args":[{"selector":{"id":"application-managepricingrules-display-component---newInfoPriceItem--calcBase-arrow"},"wdio_ui5_key":"applicationmanagepricingrules-display-component---newInfoPriceItem--calcBase-arrow"}]}
RESULT: undefined
COMMAND: POST /session/6cd8861519be2314cbde44996230575a/element - {"using":"xpath","value":"//*[@id=\"application-managepricingrules-display-component---newInfoPriceItem--calcBase-arrow\"]"}
RESULT: {}
RESULT: {"using":"xpath","value":"//*[@id=\"application-managepricingrules-display-component---newInfoPriceItem--calcBase-arrow\"]"}
COMMAND: POST /session/6cd8861519be2314cbde44996230575a/element/f.B713056A9316196A9232F0DF0934CF03.d.10DEC204A473CA901F9A8B040D7D2A29.e.15562/click - {}
RESULT: {}
COMMAND: GET /session/6cd8861519be2314cbde44996230575a/screenshot - {}
RESULT: {}
COMMAND: POST /session/6cd8861519be2314cbde44996230575a/element - {"using":"xpath","value":"//span[contains(text(), \"0006 - TB(calendar days)\")]"}
RESULT: {"using":"xpath","value":"//span[contains(text(), \"0006 - TB(calendar days)\")]"}
COMMAND: POST /session/6cd8861519be2314cbde44996230575a/element/f.B713056A9316196A9232F0DF0934CF03.d.10DEC204A473CA901F9A8B040D7D2A29.e.15592/click - {}
RESULT: {}
COMMAND: GET /session/6cd8861519be2314cbde44996230575a/screenshot - {}
RESULT: {}
COMMAND: POST /session/6cd8861519be2314cbde44996230575a/execute/async - {"script":"<script> [1562 bytes]","args":[{"selector":{"id":"application-managepricingrules-display-component---newInfoPriceItem--daysMonth","interaction":{"idSuffix":"inner"}},"wdio_ui5_key":"applicationmanagepricingrules-display-component---newInfoPriceItem--daysMonth"}]}
RESULT: {"script":"<script> [1562 bytes]","args":[{"selector":{"id":"application-managepricingrules-display-component---newInfoPriceItem--daysMonth","interaction":{"idSuffix":"inner"}},"wdio_ui5_key":"applicationmanagepricingrules-display-component---newInfoPriceItem--daysMonth"}]}
RESULT: undefined
COMMAND: POST /session/6cd8861519be2314cbde44996230575a/execute/async - {"script":"<script> [776 bytes]","args":[{"enterText":"30","selector":{"id":"application-managepricingrules-display-component---newInfoPriceItem--daysMonth","interaction":{"idSuffix":"inner"}},"clearTextFirst":true,"interactionType":"ENTER_TEXT"}]}
RESULT: {"script":"<script> [776 bytes]","args":[{"enterText":"30","selector":{"id":"application-managepricingrules-display-component---newInfoPriceItem--daysMonth","interaction":{"idSuffix":"inner"}},"clearTextFirst":true,"interactionType":"ENTER_TEXT"}]}
COMMAND: POST /session/6cd8861519be2314cbde44996230575a/element - {"using":"xpath","value":"//button[@data-kt=\"saveNewRuleButton\"]"}
RESULT: {"using":"xpath","value":"//button[@data-kt=\"saveNewRuleButton\"]"}
COMMAND: POST /session/6cd8861519be2314cbde44996230575a/element/f.B713056A9316196A9232F0DF0934CF03.d.10DEC204A473CA901F9A8B040D7D2A29.e.15583/click - {}
RESULT: {}
COMMAND: GET /session/6cd8861519be2314cbde44996230575a/screenshot - {}
RESULT: {}
COMMAND: POST /session/6cd8861519be2314cbde44996230575a/execute/async - {"script":"<script> [1562 bytes]","args":[{"selector":{"id":"application-managepricingrules-display-component---priceInfoItem--smartFilterBar-btnBasicSearch","interaction":{"idSuffix":"I"}},"wdio_ui5_key":"applicationmanagepricingrules-display-component---priceInfoItem--smartFilterBar-btnBasicSearch"}]}
RESULT: {"script":"<script> [1562 bytes]","args":[{"selector":{"id":"application-managepricingrules-display-component---priceInfoItem--smartFilterBar-btnBasicSearch","interaction":{"idSuffix":"I"}},"wdio_ui5_key":"applicationmanagepricingrules-display-component---priceInfoItem--smartFilterBar-btnBasicSearch"}]}
RESULT: undefined
COMMAND: POST /session/6cd8861519be2314cbde44996230575a/execute/async - {"script":"<script> [776 bytes]","args":[{"enterText":"eGc64aX8pn","selector":{"id":"application-managepricingrules-display-component---priceInfoItem--smartFilterBar-btnBasicSearch","interaction":{"idSuffix":"I"}},"clearTextFirst":true,"interactionType":"ENTER_TEXT"}]}
RESULT: {"script":"<script> [776 bytes]","args":[{"enterText":"eGc64aX8pn","selector":{"id":"application-managepricingrules-display-component---priceInfoItem--smartFilterBar-btnBasicSearch","interaction":{"idSuffix":"I"}},"clearTextFirst":true,"interactionType":"ENTER_TEXT"}]}
COMMAND: POST /session/6cd8861519be2314cbde44996230575a/actions - {"actions":[{"id":"action50","type":"key","parameters":{},"actions":[{"type":"keyDown","value":""},{"type":"pause","duration":10},{"type":"keyUp","value":""}]}]}
RESULT: {"actions":[{"id":"action50","type":"key","parameters":{},"actions":[{"type":"keyDown","value":""},{"type":"pause","duration":10},{"type":"keyUp","value":""}]}]}
COMMAND: GET /session/6cd8861519be2314cbde44996230575a/screenshot - {}
RESULT: {}
COMMAND: POST /session/6cd8861519be2314cbde44996230575a/element - {"using":"xpath","value":"//span[@id=\"application-managepricingrules-display-component---priceInfoItem--smartTable-header-inner\"]"}
RESULT: {"using":"xpath","value":"//span[@id=\"application-managepricingrules-display-component---priceInfoItem--smartTable-header-inner\"]"}
COMMAND: POST /session/6cd8861519be2314cbde44996230575a/elements - {"using":"xpath","value":"//span[@id=\"application-managepricingrules-display-component---priceInfoItem--smartTable-header-inner\"]"}
RESULT: {"using":"xpath","value":"//span[@id=\"application-managepricingrules-display-component---priceInfoItem--smartTable-header-inner\"]"}
COMMAND: POST /session/6cd8861519be2314cbde44996230575a/execute/sync - {"script":"<script> [56 bytes]","args":[{"element-6066-11e4-a52e-4f735466cecf":"f.B713056A9316196A9232F0DF0934CF03.d.10DEC204A473CA901F9A8B040D7D2A29.e.15617","ELEMENT":"f.B713056A9316196A9232F0DF0934CF03.d.10DEC204A473CA901F9A8B040D7D2A29.e.15617"}]}
RESULT: {"script":"<script> [56 bytes]","args":[{"element-6066-11e4-a52e-4f735466cecf":"f.B713056A9316196A9232F0DF0934CF03.d.10DEC204A473CA901F9A8B040D7D2A29.e.15617","ELEMENT":"f.B713056A9316196A9232F0DF0934CF03.d.10DEC204A473CA901F9A8B040D7D2A29.e.15617"}]}
COMMAND: POST /session/6cd8861519be2314cbde44996230575a/element - {"using":"css selector","value":"#shell-header-logo"}
COMMAND: GET /session/6cd8861519be2314cbde44996230575a/screenshot - {}
RESULT: {"using":"css selector","value":"#shell-header-logo"}
COMMAND: POST /session/6cd8861519be2314cbde44996230575a/element/f.B713056A9316196A9232F0DF0934CF03.d.10DEC204A473CA901F9A8B040D7D2A29.e.14692/click - {}
RESULT: {}
RESULT: {}
COMMAND: GET /session/6cd8861519be2314cbde44996230575a/screenshot - {}
RESULT: {}
]]></system-out>
    </testcase>
    <testcase classname="chrome.136_0_7103_93.windows.Billing_transfer_US117289" name="Should create new condition for equipment" time="70.974">
      <system-out><![CDATA[
COMMAND: POST /session/6cd8861519be2314cbde44996230575a/execute/async - {"script":"<script> [1562 bytes]","args":[{"selector":{"controlType":"sap.m.GenericTile","properties":{"header":"Manage Conditions & Prices"}},"wdio_ui5_key":"sapm.GenericTile{\"header\":\"Manage Conditions & Prices\"}"}]}
RESULT: {"script":"<script> [1562 bytes]","args":[{"selector":{"controlType":"sap.m.GenericTile","properties":{"header":"Manage Conditions & Prices"}},"wdio_ui5_key":"sapm.GenericTile{\"header\":\"Manage Conditions & Prices\"}"}]}
RESULT: undefined
COMMAND: POST /session/6cd8861519be2314cbde44996230575a/element - {"using":"xpath","value":"//*[@id=\"__tile53\"]"}
RESULT: {"using":"xpath","value":"//*[@id=\"__tile53\"]"}
COMMAND: POST /session/6cd8861519be2314cbde44996230575a/element/f.B713056A9316196A9232F0DF0934CF03.d.10DEC204A473CA901F9A8B040D7D2A29.e.14632/click - {}
RESULT: {}
COMMAND: GET /session/6cd8861519be2314cbde44996230575a/screenshot - {}
COMMAND: POST /session/6cd8861519be2314cbde44996230575a/elements - {"using":"xpath","value":"//span[text()='Error']"}
RESULT: {}
RESULT: {"using":"xpath","value":"//span[text()='Error']"}
COMMAND: POST /session/6cd8861519be2314cbde44996230575a/element - {"using":"xpath","value":"//button[@aria-label=\"Create\"]"}
RESULT: {"using":"xpath","value":"//button[@aria-label=\"Create\"]"}
COMMAND: POST /session/6cd8861519be2314cbde44996230575a/elements - {"using":"xpath","value":"//button[@aria-label=\"Create\"]"}
RESULT: {"using":"xpath","value":"//button[@aria-label=\"Create\"]"}
COMMAND: POST /session/6cd8861519be2314cbde44996230575a/execute/sync - {"script":"<script> [8489 bytes]","args":[{"element-6066-11e4-a52e-4f735466cecf":"f.B713056A9316196A9232F0DF0934CF03.d.10DEC204A473CA901F9A8B040D7D2A29.e.15652","ELEMENT":"f.B713056A9316196A9232F0DF0934CF03.d.10DEC204A473CA901F9A8B040D7D2A29.e.15652"}]}
RESULT: {"script":"<script> [8489 bytes]","args":[{"element-6066-11e4-a52e-4f735466cecf":"f.B713056A9316196A9232F0DF0934CF03.d.10DEC204A473CA901F9A8B040D7D2A29.e.15652","ELEMENT":"f.B713056A9316196A9232F0DF0934CF03.d.10DEC204A473CA901F9A8B040D7D2A29.e.15652"}]}
COMMAND: GET /session/6cd8861519be2314cbde44996230575a/element/f.B713056A9316196A9232F0DF0934CF03.d.10DEC204A473CA901F9A8B040D7D2A29.e.15652/enabled - {}
COMMAND: GET /session/6cd8861519be2314cbde44996230575a/screenshot - {}
RESULT: {}
COMMAND: POST /session/6cd8861519be2314cbde44996230575a/execute/sync - {"script":"<script> [8489 bytes]","args":[{"element-6066-11e4-a52e-4f735466cecf":"f.B713056A9316196A9232F0DF0934CF03.d.10DEC204A473CA901F9A8B040D7D2A29.e.15652","ELEMENT":"f.B713056A9316196A9232F0DF0934CF03.d.10DEC204A473CA901F9A8B040D7D2A29.e.15652"}]}
COMMAND: GET /session/6cd8861519be2314cbde44996230575a/screenshot - {}
RESULT: {}
RESULT: {"script":"<script> [8489 bytes]","args":[{"element-6066-11e4-a52e-4f735466cecf":"f.B713056A9316196A9232F0DF0934CF03.d.10DEC204A473CA901F9A8B040D7D2A29.e.15652","ELEMENT":"f.B713056A9316196A9232F0DF0934CF03.d.10DEC204A473CA901F9A8B040D7D2A29.e.15652"}]}
COMMAND: POST /session/6cd8861519be2314cbde44996230575a/execute/sync - {"script":"<script> [5351 bytes]","args":[{"element-6066-11e4-a52e-4f735466cecf":"f.B713056A9316196A9232F0DF0934CF03.d.10DEC204A473CA901F9A8B040D7D2A29.e.15652","ELEMENT":"f.B713056A9316196A9232F0DF0934CF03.d.10DEC204A473CA901F9A8B040D7D2A29.e.15652"}]}
COMMAND: GET /session/6cd8861519be2314cbde44996230575a/screenshot - {}
RESULT: {}
RESULT: {"script":"<script> [5351 bytes]","args":[{"element-6066-11e4-a52e-4f735466cecf":"f.B713056A9316196A9232F0DF0934CF03.d.10DEC204A473CA901F9A8B040D7D2A29.e.15652","ELEMENT":"f.B713056A9316196A9232F0DF0934CF03.d.10DEC204A473CA901F9A8B040D7D2A29.e.15652"}]}
COMMAND: POST /session/6cd8861519be2314cbde44996230575a/element/f.B713056A9316196A9232F0DF0934CF03.d.10DEC204A473CA901F9A8B040D7D2A29.e.15652/click - {}
COMMAND: GET /session/6cd8861519be2314cbde44996230575a/screenshot - {}
RESULT: {}
RESULT: {}
COMMAND: GET /session/6cd8861519be2314cbde44996230575a/screenshot - {}
RESULT: {}
RESULT: {}
COMMAND: POST /session/6cd8861519be2314cbde44996230575a/actions - {"actions":[{"id":"action51","type":"key","parameters":{},"actions":[{"type":"keyDown","value":""},{"type":"pause","duration":10},{"type":"keyUp","value":""}]}]}
RESULT: {"actions":[{"id":"action51","type":"key","parameters":{},"actions":[{"type":"keyDown","value":""},{"type":"pause","duration":10},{"type":"keyUp","value":""}]}]}
COMMAND: GET /session/6cd8861519be2314cbde44996230575a/screenshot - {}
RESULT: {}
COMMAND: POST /session/6cd8861519be2314cbde44996230575a/execute/async - {"script":"<script> [1562 bytes]","args":[{"selector":{"id":"application-manageconditionprice-display-component---newCondition--condBillCond-arrow"},"wdio_ui5_key":"applicationmanageconditionprice-display-component---newCondition--condBillCond-arrow"}]}
RESULT: {"script":"<script> [1562 bytes]","args":[{"selector":{"id":"application-manageconditionprice-display-component---newCondition--condBillCond-arrow"},"wdio_ui5_key":"applicationmanageconditionprice-display-component---newCondition--condBillCond-arrow"}]}
RESULT: undefined
COMMAND: POST /session/6cd8861519be2314cbde44996230575a/element - {"using":"xpath","value":"//*[@id=\"application-manageconditionprice-display-component---newCondition--condBillCond-arrow\"]"}
RESULT: {"using":"xpath","value":"//*[@id=\"application-manageconditionprice-display-component---newCondition--condBillCond-arrow\"]"}
COMMAND: POST /session/6cd8861519be2314cbde44996230575a/element/f.B713056A9316196A9232F0DF0934CF03.d.10DEC204A473CA901F9A8B040D7D2A29.e.15832/click - {}
RESULT: {}
COMMAND: GET /session/6cd8861519be2314cbde44996230575a/screenshot - {}
RESULT: {}
COMMAND: POST /session/6cd8861519be2314cbde44996230575a/element - {"using":"xpath","value":"//li[.//span[contains(text(), \"DISP - D&I special price\")]]"}
RESULT: {"using":"xpath","value":"//li[.//span[contains(text(), \"DISP - D&I special price\")]]"}
COMMAND: POST /session/6cd8861519be2314cbde44996230575a/element/f.B713056A9316196A9232F0DF0934CF03.d.10DEC204A473CA901F9A8B040D7D2A29.e.15835/click - {}
RESULT: {}
COMMAND: GET /session/6cd8861519be2314cbde44996230575a/screenshot - {}
RESULT: {}
COMMAND: POST /session/6cd8861519be2314cbde44996230575a/execute/async - {"script":"<script> [1562 bytes]","args":[{"selector":{"id":"application-manageconditionprice-display-component---newCondition--condValidTo","interaction":{"idSuffix":"inner"}},"wdio_ui5_key":"applicationmanageconditionprice-display-component---newCondition--condValidTo"}]}
RESULT: {"script":"<script> [1562 bytes]","args":[{"selector":{"id":"application-manageconditionprice-display-component---newCondition--condValidTo","interaction":{"idSuffix":"inner"}},"wdio_ui5_key":"applicationmanageconditionprice-display-component---newCondition--condValidTo"}]}
RESULT: undefined
COMMAND: POST /session/6cd8861519be2314cbde44996230575a/execute/async - {"script":"<script> [776 bytes]","args":[{"enterText":"1/23/26","selector":{"id":"application-manageconditionprice-display-component---newCondition--condValidTo","interaction":{"idSuffix":"inner"}},"clearTextFirst":true,"interactionType":"ENTER_TEXT"}]}
RESULT: {"script":"<script> [776 bytes]","args":[{"enterText":"1/23/26","selector":{"id":"application-manageconditionprice-display-component---newCondition--condValidTo","interaction":{"idSuffix":"inner"}},"clearTextFirst":true,"interactionType":"ENTER_TEXT"}]}
COMMAND: POST /session/6cd8861519be2314cbde44996230575a/element - {"using":"xpath","value":"//input[@id=\"application-manageconditionprice-display-component---newCondition--condRU-inner\"]"}
RESULT: {"using":"xpath","value":"//input[@id=\"application-manageconditionprice-display-component---newCondition--condRU-inner\"]"}
COMMAND: POST /session/6cd8861519be2314cbde44996230575a/element/f.B713056A9316196A9232F0DF0934CF03.d.10DEC204A473CA901F9A8B040D7D2A29.e.15697/clear - {}
RESULT: {}
COMMAND: POST /session/6cd8861519be2314cbde44996230575a/element/f.B713056A9316196A9232F0DF0934CF03.d.10DEC204A473CA901F9A8B040D7D2A29.e.15697/value - {"text":"eGc64aX8pn"}
COMMAND: GET /session/6cd8861519be2314cbde44996230575a/screenshot - {}
RESULT: {"text":"eGc64aX8pn"}
COMMAND: GET /session/6cd8861519be2314cbde44996230575a/screenshot - {}
RESULT: {}
RESULT: {}
COMMAND: POST /session/6cd8861519be2314cbde44996230575a/actions - {"actions":[{"id":"action52","type":"key","parameters":{},"actions":[{"type":"keyDown","value":""},{"type":"pause","duration":10},{"type":"keyUp","value":""}]}]}
RESULT: {"actions":[{"id":"action52","type":"key","parameters":{},"actions":[{"type":"keyDown","value":""},{"type":"pause","duration":10},{"type":"keyUp","value":""}]}]}
COMMAND: POST /session/6cd8861519be2314cbde44996230575a/execute/async - {"script":"<script> [1562 bytes]","args":[{"selector":{"id":"application-manageconditionprice-display-component---newCondition--condBaseQty","interaction":{"idSuffix":"inner"}},"wdio_ui5_key":"applicationmanageconditionprice-display-component---newCondition--condBaseQty"}]}
COMMAND: GET /session/6cd8861519be2314cbde44996230575a/screenshot - {}
RESULT: {"script":"<script> [1562 bytes]","args":[{"selector":{"id":"application-manageconditionprice-display-component---newCondition--condBaseQty","interaction":{"idSuffix":"inner"}},"wdio_ui5_key":"applicationmanageconditionprice-display-component---newCondition--condBaseQty"}]}
RESULT: undefined
COMMAND: POST /session/6cd8861519be2314cbde44996230575a/execute/async - {"script":"<script> [776 bytes]","args":[{"enterText":"1","selector":{"id":"application-manageconditionprice-display-component---newCondition--condBaseQty","interaction":{"idSuffix":"inner"}},"clearTextFirst":true,"interactionType":"ENTER_TEXT"}]}
RESULT: {}
RESULT: {"script":"<script> [776 bytes]","args":[{"enterText":"1","selector":{"id":"application-manageconditionprice-display-component---newCondition--condBaseQty","interaction":{"idSuffix":"inner"}},"clearTextFirst":true,"interactionType":"ENTER_TEXT"}]}
COMMAND: POST /session/6cd8861519be2314cbde44996230575a/execute/async - {"script":"<script> [1562 bytes]","args":[{"selector":{"id":"application-manageconditionprice-display-component---newCondition--condValue","interaction":{"idSuffix":"inner"}},"wdio_ui5_key":"applicationmanageconditionprice-display-component---newCondition--condValue"}]}
RESULT: {"script":"<script> [1562 bytes]","args":[{"selector":{"id":"application-manageconditionprice-display-component---newCondition--condValue","interaction":{"idSuffix":"inner"}},"wdio_ui5_key":"applicationmanageconditionprice-display-component---newCondition--condValue"}]}
RESULT: undefined
COMMAND: POST /session/6cd8861519be2314cbde44996230575a/execute/async - {"script":"<script> [776 bytes]","args":[{"enterText":"100","selector":{"id":"application-manageconditionprice-display-component---newCondition--condValue","interaction":{"idSuffix":"inner"}},"clearTextFirst":true,"interactionType":"ENTER_TEXT"}]}
RESULT: {"script":"<script> [776 bytes]","args":[{"enterText":"100","selector":{"id":"application-manageconditionprice-display-component---newCondition--condValue","interaction":{"idSuffix":"inner"}},"clearTextFirst":true,"interactionType":"ENTER_TEXT"}]}
COMMAND: POST /session/6cd8861519be2314cbde44996230575a/execute/async - {"script":"<script> [1562 bytes]","args":[{"selector":{"id":"application-manageconditionprice-display-component---newCondition--condCurr-arrow"},"wdio_ui5_key":"applicationmanageconditionprice-display-component---newCondition--condCurr-arrow"}]}
RESULT: {"script":"<script> [1562 bytes]","args":[{"selector":{"id":"application-manageconditionprice-display-component---newCondition--condCurr-arrow"},"wdio_ui5_key":"applicationmanageconditionprice-display-component---newCondition--condCurr-arrow"}]}
RESULT: undefined
COMMAND: POST /session/6cd8861519be2314cbde44996230575a/element - {"using":"xpath","value":"//*[@id=\"application-manageconditionprice-display-component---newCondition--condCurr-arrow\"]"}
RESULT: {"using":"xpath","value":"//*[@id=\"application-manageconditionprice-display-component---newCondition--condCurr-arrow\"]"}
COMMAND: POST /session/6cd8861519be2314cbde44996230575a/element/f.B713056A9316196A9232F0DF0934CF03.d.10DEC204A473CA901F9A8B040D7D2A29.e.15787/click - {}
RESULT: {}
COMMAND: POST /session/6cd8861519be2314cbde44996230575a/element - {"using":"xpath","value":"//span[contains(text(), \"Euro\")]"}
COMMAND: GET /session/6cd8861519be2314cbde44996230575a/screenshot - {}
RESULT: {"using":"xpath","value":"//span[contains(text(), \"Euro\")]"}
COMMAND: POST /session/6cd8861519be2314cbde44996230575a/element/f.B713056A9316196A9232F0DF0934CF03.d.10DEC204A473CA901F9A8B040D7D2A29.e.15872/click - {}
RESULT: {}
RESULT: {}
COMMAND: POST /session/6cd8861519be2314cbde44996230575a/element - {"using":"xpath","value":"//button[@data-kt=\"saveButton\"]"}
COMMAND: GET /session/6cd8861519be2314cbde44996230575a/screenshot - {}
RESULT: {"using":"xpath","value":"//button[@data-kt=\"saveButton\"]"}
COMMAND: POST /session/6cd8861519be2314cbde44996230575a/element/f.B713056A9316196A9232F0DF0934CF03.d.10DEC204A473CA901F9A8B040D7D2A29.e.15788/click - {}
RESULT: {}
RESULT: {}
COMMAND: GET /session/6cd8861519be2314cbde44996230575a/screenshot - {}
RESULT: {}
COMMAND: POST /session/6cd8861519be2314cbde44996230575a/execute/async - {"script":"<script> [1562 bytes]","args":[{"selector":{"id":"application-manageconditionprice-display-component---conditions--smartFilterBar-btnBasicSearch","interaction":{"idSuffix":"I"}},"wdio_ui5_key":"applicationmanageconditionprice-display-component---conditions--smartFilterBar-btnBasicSearch"}]}
RESULT: {"script":"<script> [1562 bytes]","args":[{"selector":{"id":"application-manageconditionprice-display-component---conditions--smartFilterBar-btnBasicSearch","interaction":{"idSuffix":"I"}},"wdio_ui5_key":"applicationmanageconditionprice-display-component---conditions--smartFilterBar-btnBasicSearch"}]}
RESULT: undefined
COMMAND: POST /session/6cd8861519be2314cbde44996230575a/execute/async - {"script":"<script> [776 bytes]","args":[{"enterText":"eGc64aX8pn","selector":{"id":"application-manageconditionprice-display-component---conditions--smartFilterBar-btnBasicSearch","interaction":{"idSuffix":"I"}},"clearTextFirst":true,"interactionType":"ENTER_TEXT"}]}
RESULT: {"script":"<script> [776 bytes]","args":[{"enterText":"eGc64aX8pn","selector":{"id":"application-manageconditionprice-display-component---conditions--smartFilterBar-btnBasicSearch","interaction":{"idSuffix":"I"}},"clearTextFirst":true,"interactionType":"ENTER_TEXT"}]}
COMMAND: POST /session/6cd8861519be2314cbde44996230575a/actions - {"actions":[{"id":"action53","type":"key","parameters":{},"actions":[{"type":"keyDown","value":""},{"type":"pause","duration":10},{"type":"keyUp","value":""}]}]}
RESULT: {"actions":[{"id":"action53","type":"key","parameters":{},"actions":[{"type":"keyDown","value":""},{"type":"pause","duration":10},{"type":"keyUp","value":""}]}]}
COMMAND: GET /session/6cd8861519be2314cbde44996230575a/screenshot - {}
RESULT: {}
COMMAND: POST /session/6cd8861519be2314cbde44996230575a/execute/async - {"script":"<script> [1562 bytes]","args":[{"selector":{"id":"application-manageconditionprice-display-component---conditions--smartFilterBar-filterItemControl_BASIC-BILL_TYPES-vhi"},"wdio_ui5_key":"applicationmanageconditionprice-display-component---conditions--smartFilterBar-filterItemControl_BASIC-BILL_TYPES-vhi"}]}
RESULT: {"script":"<script> [1562 bytes]","args":[{"selector":{"id":"application-manageconditionprice-display-component---conditions--smartFilterBar-filterItemControl_BASIC-BILL_TYPES-vhi"},"wdio_ui5_key":"applicationmanageconditionprice-display-component---conditions--smartFilterBar-filterItemControl_BASIC-BILL_TYPES-vhi"}]}
RESULT: undefined
COMMAND: POST /session/6cd8861519be2314cbde44996230575a/element - {"using":"xpath","value":"//*[@id=\"application-manageconditionprice-display-component---conditions--smartFilterBar-filterItemControl_BASIC-BILL_TYPES-vhi\"]"}
RESULT: {"using":"xpath","value":"//*[@id=\"application-manageconditionprice-display-component---conditions--smartFilterBar-filterItemControl_BASIC-BILL_TYPES-vhi\"]"}
COMMAND: POST /session/6cd8861519be2314cbde44996230575a/element/f.B713056A9316196A9232F0DF0934CF03.d.10DEC204A473CA901F9A8B040D7D2A29.e.15978/click - {}
RESULT: {}
COMMAND: POST /session/6cd8861519be2314cbde44996230575a/execute/async - {"script":"<script> [1562 bytes]","args":[{"selector":{"id":"application-manageconditionprice-display-component---conditions--smartFilterBar-filterItemControl_BASIC-BILL_TYPES-valueHelpDialog-smartFilterBar-btnBasicSearch","searchOpenDialogs":true,"interaction":{"idSuffix":"I"}},"wdio_ui5_key":"applicationmanageconditionprice-display-component---conditions--smartFilterBar-filterItemControl_BASIC-BILL_TYPES-valueHelpDialog-smartFilterBar-btnBasicSearch"}]}
COMMAND: GET /session/6cd8861519be2314cbde44996230575a/screenshot - {}
RESULT: {"script":"<script> [1562 bytes]","args":[{"selector":{"id":"application-manageconditionprice-display-component---conditions--smartFilterBar-filterItemControl_BASIC-BILL_TYPES-valueHelpDialog-smartFilterBar-btnBasicSearch","searchOpenDialogs":true,"interaction":{"idSuffix":"I"}},"wdio_ui5_key":"applicationmanageconditionprice-display-component---conditions--smartFilterBar-filterItemControl_BASIC-BILL_TYPES-valueHelpDialog-smartFilterBar-btnBasicSearch"}]}
RESULT: undefined
COMMAND: POST /session/6cd8861519be2314cbde44996230575a/execute/async - {"script":"<script> [776 bytes]","args":[{"enterText":"TB","selector":{"id":"application-manageconditionprice-display-component---conditions--smartFilterBar-filterItemControl_BASIC-BILL_TYPES-valueHelpDialog-smartFilterBar-btnBasicSearch","searchOpenDialogs":true,"interaction":{"idSuffix":"I"}},"clearTextFirst":true,"interactionType":"ENTER_TEXT"}]}
RESULT: {}
RESULT: {"script":"<script> [776 bytes]","args":[{"enterText":"TB","selector":{"id":"application-manageconditionprice-display-component---conditions--smartFilterBar-filterItemControl_BASIC-BILL_TYPES-valueHelpDialog-smartFilterBar-btnBasicSearch","searchOpenDialogs":true,"interaction":{"idSuffix":"I"}},"clearTextFirst":true,"interactionType":"ENTER_TEXT"}]}
COMMAND: POST /session/6cd8861519be2314cbde44996230575a/actions - {"actions":[{"id":"action54","type":"key","parameters":{},"actions":[{"type":"keyDown","value":""},{"type":"pause","duration":10},{"type":"keyUp","value":""}]}]}
RESULT: {"actions":[{"id":"action54","type":"key","parameters":{},"actions":[{"type":"keyDown","value":""},{"type":"pause","duration":10},{"type":"keyUp","value":""}]}]}
COMMAND: GET /session/6cd8861519be2314cbde44996230575a/screenshot - {}
RESULT: {}
COMMAND: POST /session/6cd8861519be2314cbde44996230575a/element - {"using":"xpath","value":"//div[contains(@id, 'application-manageconditionprice-display-component---conditions--smartFilterBar-filterItemControl_BASIC-BILL_TYPES-valueHelpDialog-table-rowsel0')]"}
RESULT: {"using":"xpath","value":"//div[contains(@id, 'application-manageconditionprice-display-component---conditions--smartFilterBar-filterItemControl_BASIC-BILL_TYPES-valueHelpDialog-table-rowsel0')]"}
COMMAND: POST /session/6cd8861519be2314cbde44996230575a/element/f.B713056A9316196A9232F0DF0934CF03.d.10DEC204A473CA901F9A8B040D7D2A29.e.15988/click - {}
RESULT: {}
COMMAND: GET /session/6cd8861519be2314cbde44996230575a/screenshot - {}
RESULT: {}
COMMAND: POST /session/6cd8861519be2314cbde44996230575a/element - {"using":"xpath","value":"//bdi[contains(text(), \"OK\")]"}
RESULT: {"using":"xpath","value":"//bdi[contains(text(), \"OK\")]"}
COMMAND: POST /session/6cd8861519be2314cbde44996230575a/element/f.B713056A9316196A9232F0DF0934CF03.d.10DEC204A473CA901F9A8B040D7D2A29.e.15990/click - {}
RESULT: {}
COMMAND: GET /session/6cd8861519be2314cbde44996230575a/screenshot - {}
RESULT: {}
COMMAND: POST /session/6cd8861519be2314cbde44996230575a/element - {"using":"xpath","value":"//span[@id=\"application-manageconditionprice-display-component---conditions--smartTable-header-inner\"]"}
RESULT: {"using":"xpath","value":"//span[@id=\"application-manageconditionprice-display-component---conditions--smartTable-header-inner\"]"}
COMMAND: POST /session/6cd8861519be2314cbde44996230575a/elements - {"using":"xpath","value":"//span[@id=\"application-manageconditionprice-display-component---conditions--smartTable-header-inner\"]"}
RESULT: {"using":"xpath","value":"//span[@id=\"application-manageconditionprice-display-component---conditions--smartTable-header-inner\"]"}
COMMAND: POST /session/6cd8861519be2314cbde44996230575a/execute/sync - {"script":"<script> [56 bytes]","args":[{"element-6066-11e4-a52e-4f735466cecf":"f.B713056A9316196A9232F0DF0934CF03.d.10DEC204A473CA901F9A8B040D7D2A29.e.15993","ELEMENT":"f.B713056A9316196A9232F0DF0934CF03.d.10DEC204A473CA901F9A8B040D7D2A29.e.15993"}]}
RESULT: {"script":"<script> [56 bytes]","args":[{"element-6066-11e4-a52e-4f735466cecf":"f.B713056A9316196A9232F0DF0934CF03.d.10DEC204A473CA901F9A8B040D7D2A29.e.15993","ELEMENT":"f.B713056A9316196A9232F0DF0934CF03.d.10DEC204A473CA901F9A8B040D7D2A29.e.15993"}]}
COMMAND: POST /session/6cd8861519be2314cbde44996230575a/element - {"using":"css selector","value":"#shell-header-logo"}
COMMAND: GET /session/6cd8861519be2314cbde44996230575a/screenshot - {}
RESULT: {"using":"css selector","value":"#shell-header-logo"}
COMMAND: POST /session/6cd8861519be2314cbde44996230575a/element/f.B713056A9316196A9232F0DF0934CF03.d.10DEC204A473CA901F9A8B040D7D2A29.e.15620/click - {}
RESULT: {}
RESULT: {}
COMMAND: GET /session/6cd8861519be2314cbde44996230575a/screenshot - {}
RESULT: {}
]]></system-out>
    </testcase>
    <testcase classname="chrome.136_0_7103_93.windows.Billing_transfer_US117289" name="Should do a stock increase" time="94.576">
      <system-out><![CDATA[
COMMAND: POST /session/6cd8861519be2314cbde44996230575a/execute/async - {"script":"<script> [1562 bytes]","args":[{"selector":{"controlType":"sap.m.GenericTile","properties":{"header":"Manage Handovers"}},"wdio_ui5_key":"sapm.GenericTile{\"header\":\"Manage Handovers\"}"}]}
RESULT: {"script":"<script> [1562 bytes]","args":[{"selector":{"controlType":"sap.m.GenericTile","properties":{"header":"Manage Handovers"}},"wdio_ui5_key":"sapm.GenericTile{\"header\":\"Manage Handovers\"}"}]}
RESULT: undefined
COMMAND: POST /session/6cd8861519be2314cbde44996230575a/element - {"using":"xpath","value":"//*[@id=\"__tile133\"]"}
RESULT: {"using":"xpath","value":"//*[@id=\"__tile133\"]"}
COMMAND: POST /session/6cd8861519be2314cbde44996230575a/element/f.B713056A9316196A9232F0DF0934CF03.d.10DEC204A473CA901F9A8B040D7D2A29.e.14667/click - {}
RESULT: {}
COMMAND: GET /session/6cd8861519be2314cbde44996230575a/screenshot - {}
RESULT: {}
COMMAND: POST /session/6cd8861519be2314cbde44996230575a/elements - {"using":"xpath","value":"//span[text()='Error']"}
RESULT: {"using":"xpath","value":"//span[text()='Error']"}
COMMAND: POST /session/6cd8861519be2314cbde44996230575a/element - {"using":"xpath","value":"//button[@data-kt=\"masterHOAddButton\"]"}
RESULT: {"using":"xpath","value":"//button[@data-kt=\"masterHOAddButton\"]"}
COMMAND: POST /session/6cd8861519be2314cbde44996230575a/elements - {"using":"xpath","value":"//button[@data-kt=\"masterHOAddButton\"]"}
RESULT: {"using":"xpath","value":"//button[@data-kt=\"masterHOAddButton\"]"}
COMMAND: POST /session/6cd8861519be2314cbde44996230575a/execute/sync - {"script":"<script> [8489 bytes]","args":[{"element-6066-11e4-a52e-4f735466cecf":"f.B713056A9316196A9232F0DF0934CF03.d.10DEC204A473CA901F9A8B040D7D2A29.e.16027","ELEMENT":"f.B713056A9316196A9232F0DF0934CF03.d.10DEC204A473CA901F9A8B040D7D2A29.e.16027"}]}
RESULT: {"script":"<script> [8489 bytes]","args":[{"element-6066-11e4-a52e-4f735466cecf":"f.B713056A9316196A9232F0DF0934CF03.d.10DEC204A473CA901F9A8B040D7D2A29.e.16027","ELEMENT":"f.B713056A9316196A9232F0DF0934CF03.d.10DEC204A473CA901F9A8B040D7D2A29.e.16027"}]}
COMMAND: GET /session/6cd8861519be2314cbde44996230575a/element/f.B713056A9316196A9232F0DF0934CF03.d.10DEC204A473CA901F9A8B040D7D2A29.e.16027/enabled - {}
COMMAND: GET /session/6cd8861519be2314cbde44996230575a/screenshot - {}
RESULT: {}
COMMAND: POST /session/6cd8861519be2314cbde44996230575a/execute/sync - {"script":"<script> [8489 bytes]","args":[{"element-6066-11e4-a52e-4f735466cecf":"f.B713056A9316196A9232F0DF0934CF03.d.10DEC204A473CA901F9A8B040D7D2A29.e.16027","ELEMENT":"f.B713056A9316196A9232F0DF0934CF03.d.10DEC204A473CA901F9A8B040D7D2A29.e.16027"}]}
COMMAND: GET /session/6cd8861519be2314cbde44996230575a/screenshot - {}
RESULT: {}
RESULT: {"script":"<script> [8489 bytes]","args":[{"element-6066-11e4-a52e-4f735466cecf":"f.B713056A9316196A9232F0DF0934CF03.d.10DEC204A473CA901F9A8B040D7D2A29.e.16027","ELEMENT":"f.B713056A9316196A9232F0DF0934CF03.d.10DEC204A473CA901F9A8B040D7D2A29.e.16027"}]}
COMMAND: POST /session/6cd8861519be2314cbde44996230575a/execute/sync - {"script":"<script> [5351 bytes]","args":[{"element-6066-11e4-a52e-4f735466cecf":"f.B713056A9316196A9232F0DF0934CF03.d.10DEC204A473CA901F9A8B040D7D2A29.e.16027","ELEMENT":"f.B713056A9316196A9232F0DF0934CF03.d.10DEC204A473CA901F9A8B040D7D2A29.e.16027"}]}
COMMAND: GET /session/6cd8861519be2314cbde44996230575a/screenshot - {}
RESULT: {}
RESULT: {"script":"<script> [5351 bytes]","args":[{"element-6066-11e4-a52e-4f735466cecf":"f.B713056A9316196A9232F0DF0934CF03.d.10DEC204A473CA901F9A8B040D7D2A29.e.16027","ELEMENT":"f.B713056A9316196A9232F0DF0934CF03.d.10DEC204A473CA901F9A8B040D7D2A29.e.16027"}]}
COMMAND: POST /session/6cd8861519be2314cbde44996230575a/element/f.B713056A9316196A9232F0DF0934CF03.d.10DEC204A473CA901F9A8B040D7D2A29.e.16027/click - {}
COMMAND: GET /session/6cd8861519be2314cbde44996230575a/screenshot - {}
RESULT: {}
RESULT: {}
COMMAND: GET /session/6cd8861519be2314cbde44996230575a/screenshot - {}
RESULT: {}
RESULT: {}
COMMAND: POST /session/6cd8861519be2314cbde44996230575a/element - {"using":"xpath","value":"//span[contains(@id ,\"AddNewHO--typeSelect-arrow\")]"}
RESULT: {"using":"xpath","value":"//span[contains(@id ,\"AddNewHO--typeSelect-arrow\")]"}
COMMAND: POST /session/6cd8861519be2314cbde44996230575a/element/f.B713056A9316196A9232F0DF0934CF03.d.10DEC204A473CA901F9A8B040D7D2A29.e.16375/click - {}
RESULT: {}
COMMAND: GET /session/6cd8861519be2314cbde44996230575a/screenshot - {}
RESULT: {}
COMMAND: POST /session/6cd8861519be2314cbde44996230575a/element - {"using":"xpath","value":"(//li[contains(text(), \"stock increase yard\")])[1]"}
RESULT: {"using":"xpath","value":"(//li[contains(text(), \"stock increase yard\")])[1]"}
COMMAND: POST /session/6cd8861519be2314cbde44996230575a/element/f.B713056A9316196A9232F0DF0934CF03.d.10DEC204A473CA901F9A8B040D7D2A29.e.16376/click - {}
RESULT: {}
COMMAND: GET /session/6cd8861519be2314cbde44996230575a/screenshot - {}
RESULT: {}
COMMAND: POST /session/6cd8861519be2314cbde44996230575a/execute/async - {"script":"<script> [1562 bytes]","args":[{"selector":{"id":"application-managehandovers-display-component---AddNewHO--dueDate","interaction":{"idSuffix":"inner"}},"wdio_ui5_key":"applicationmanagehandovers-display-component---AddNewHO--dueDate"}]}
RESULT: {"script":"<script> [1562 bytes]","args":[{"selector":{"id":"application-managehandovers-display-component---AddNewHO--dueDate","interaction":{"idSuffix":"inner"}},"wdio_ui5_key":"applicationmanagehandovers-display-component---AddNewHO--dueDate"}]}
RESULT: undefined
COMMAND: POST /session/6cd8861519be2314cbde44996230575a/execute/async - {"script":"<script> [6424 bytes]","args":[{"element-6066-11e4-a52e-4f735466cecf":"f.B713056A9316196A9232F0DF0934CF03.d.10DEC204A473CA901F9A8B040D7D2A29.e.16380"},"setValue",["5/23/25"]]}
RESULT: {"script":"<script> [6424 bytes]","args":[{"element-6066-11e4-a52e-4f735466cecf":"f.B713056A9316196A9232F0DF0934CF03.d.10DEC204A473CA901F9A8B040D7D2A29.e.16380"},"setValue",["5/23/25"]]}
COMMAND: POST /session/6cd8861519be2314cbde44996230575a/element - {"using":"xpath","value":"//input[@id=\"generalSectionFrg--receiveYard-inner\"]"}
RESULT: {"using":"xpath","value":"//input[@id=\"generalSectionFrg--receiveYard-inner\"]"}
COMMAND: POST /session/6cd8861519be2314cbde44996230575a/element/f.B713056A9316196A9232F0DF0934CF03.d.10DEC204A473CA901F9A8B040D7D2A29.e.16386/clear - {}
RESULT: {}
COMMAND: POST /session/6cd8861519be2314cbde44996230575a/element/f.B713056A9316196A9232F0DF0934CF03.d.10DEC204A473CA901F9A8B040D7D2A29.e.16386/value - {"text":"235"}
COMMAND: GET /session/6cd8861519be2314cbde44996230575a/screenshot - {}
RESULT: {"text":"235"}
COMMAND: GET /session/6cd8861519be2314cbde44996230575a/screenshot - {}
RESULT: {}
RESULT: {}
COMMAND: POST /session/6cd8861519be2314cbde44996230575a/element - {"using":"xpath","value":"//li[.//span[text()='235']]"}
RESULT: {"using":"xpath","value":"//li[.//span[text()='235']]"}
COMMAND: POST /session/6cd8861519be2314cbde44996230575a/element/f.B713056A9316196A9232F0DF0934CF03.d.10DEC204A473CA901F9A8B040D7D2A29.e.16400/click - {}
RESULT: {}
COMMAND: GET /session/6cd8861519be2314cbde44996230575a/screenshot - {}
RESULT: {}
COMMAND: POST /session/6cd8861519be2314cbde44996230575a/execute/async - {"script":"<script> [1562 bytes]","args":[{"selector":{"id":"application-managehandovers-display-component---AddNewHO--ObjectPageLayout-anchBar-application-managehandovers-display-component---AddNewHO--section4-anchor","interaction":{"idSuffix":"BDI-content"}},"wdio_ui5_key":"applicationmanagehandovers-display-component---AddNewHO--ObjectPageLayout-anchBar-application-managehandovers-display-component---AddNewHO--section4-anchor"}]}
RESULT: {"script":"<script> [1562 bytes]","args":[{"selector":{"id":"application-managehandovers-display-component---AddNewHO--ObjectPageLayout-anchBar-application-managehandovers-display-component---AddNewHO--section4-anchor","interaction":{"idSuffix":"BDI-content"}},"wdio_ui5_key":"applicationmanagehandovers-display-component---AddNewHO--ObjectPageLayout-anchBar-application-managehandovers-display-component---AddNewHO--section4-anchor"}]}
RESULT: undefined
COMMAND: POST /session/6cd8861519be2314cbde44996230575a/element - {"using":"xpath","value":"//*[@id=\"application-managehandovers-display-component---AddNewHO--ObjectPageLayout-anchBar-application-managehandovers-display-component---AddNewHO--section4-anchor\"]"}
RESULT: {"using":"xpath","value":"//*[@id=\"application-managehandovers-display-component---AddNewHO--ObjectPageLayout-anchBar-application-managehandovers-display-component---AddNewHO--section4-anchor\"]"}
COMMAND: POST /session/6cd8861519be2314cbde44996230575a/element/f.B713056A9316196A9232F0DF0934CF03.d.10DEC204A473CA901F9A8B040D7D2A29.e.16402/click - {}
RESULT: {}
COMMAND: POST /session/6cd8861519be2314cbde44996230575a/element - {"using":"xpath","value":"//button[@aria-label=\"Add\"]"}
COMMAND: GET /session/6cd8861519be2314cbde44996230575a/screenshot - {}
RESULT: {"using":"xpath","value":"//button[@aria-label=\"Add\"]"}
COMMAND: POST /session/6cd8861519be2314cbde44996230575a/element/f.B713056A9316196A9232F0DF0934CF03.d.10DEC204A473CA901F9A8B040D7D2A29.e.16404/click - {}
RESULT: {}
RESULT: {}
COMMAND: GET /session/6cd8861519be2314cbde44996230575a/screenshot - {}
RESULT: {}
COMMAND: POST /session/6cd8861519be2314cbde44996230575a/execute/async - {"script":"<script> [1562 bytes]","args":[{"selector":{"id":"application-managehandovers-display-component---AddNewHO--smartFilterBar-btnBasicSearch","searchOpenDialogs":true,"interaction":{"idSuffix":"I"}},"wdio_ui5_key":"applicationmanagehandovers-display-component---AddNewHO--smartFilterBar-btnBasicSearch"}]}
RESULT: {"script":"<script> [1562 bytes]","args":[{"selector":{"id":"application-managehandovers-display-component---AddNewHO--smartFilterBar-btnBasicSearch","searchOpenDialogs":true,"interaction":{"idSuffix":"I"}},"wdio_ui5_key":"applicationmanagehandovers-display-component---AddNewHO--smartFilterBar-btnBasicSearch"}]}
RESULT: undefined
COMMAND: POST /session/6cd8861519be2314cbde44996230575a/execute/async - {"script":"<script> [776 bytes]","args":[{"enterText":"eGc64aX8pn","selector":{"id":"application-managehandovers-display-component---AddNewHO--smartFilterBar-btnBasicSearch","searchOpenDialogs":true,"interaction":{"idSuffix":"I"}},"clearTextFirst":true,"interactionType":"ENTER_TEXT"}]}
RESULT: {"script":"<script> [776 bytes]","args":[{"enterText":"eGc64aX8pn","selector":{"id":"application-managehandovers-display-component---AddNewHO--smartFilterBar-btnBasicSearch","searchOpenDialogs":true,"interaction":{"idSuffix":"I"}},"clearTextFirst":true,"interactionType":"ENTER_TEXT"}]}
COMMAND: POST /session/6cd8861519be2314cbde44996230575a/actions - {"actions":[{"id":"action55","type":"key","parameters":{},"actions":[{"type":"keyDown","value":""},{"type":"pause","duration":10},{"type":"keyUp","value":""}]}]}
RESULT: {"actions":[{"id":"action55","type":"key","parameters":{},"actions":[{"type":"keyDown","value":""},{"type":"pause","duration":10},{"type":"keyUp","value":""}]}]}
COMMAND: GET /session/6cd8861519be2314cbde44996230575a/screenshot - {}
RESULT: {}
COMMAND: POST /session/6cd8861519be2314cbde44996230575a/execute/async - {"script":"<script> [1562 bytes]","args":[{"selector":{"id":"application-managehandovers-display-component---AddNewHO--popup-sa","searchOpenDialogs":true,"interaction":{"idSuffix":"CbBg"}},"wdio_ui5_key":"applicationmanagehandovers-display-component---AddNewHO--popup-sa"}]}
RESULT: {"script":"<script> [1562 bytes]","args":[{"selector":{"id":"application-managehandovers-display-component---AddNewHO--popup-sa","searchOpenDialogs":true,"interaction":{"idSuffix":"CbBg"}},"wdio_ui5_key":"applicationmanagehandovers-display-component---AddNewHO--popup-sa"}]}
RESULT: undefined
COMMAND: POST /session/6cd8861519be2314cbde44996230575a/element - {"using":"xpath","value":"//*[@id=\"application-managehandovers-display-component---AddNewHO--popup-sa\"]"}
RESULT: {"using":"xpath","value":"//*[@id=\"application-managehandovers-display-component---AddNewHO--popup-sa\"]"}
COMMAND: POST /session/6cd8861519be2314cbde44996230575a/element/f.B713056A9316196A9232F0DF0934CF03.d.10DEC204A473CA901F9A8B040D7D2A29.e.16557/click - {}
RESULT: {}
COMMAND: GET /session/6cd8861519be2314cbde44996230575a/screenshot - {}
RESULT: {}
COMMAND: POST /session/6cd8861519be2314cbde44996230575a/element - {"using":"xpath","value":"//bdi[contains(text(), \"Select\")]"}
RESULT: {"using":"xpath","value":"//bdi[contains(text(), \"Select\")]"}
COMMAND: POST /session/6cd8861519be2314cbde44996230575a/element/f.B713056A9316196A9232F0DF0934CF03.d.10DEC204A473CA901F9A8B040D7D2A29.e.16558/click - {}
RESULT: {}
COMMAND: GET /session/6cd8861519be2314cbde44996230575a/screenshot - {}
RESULT: {}
COMMAND: POST /session/6cd8861519be2314cbde44996230575a/element - {"using":"xpath","value":"//button[@data-kt=\"AddNewHOSaveButton\"]"}
RESULT: {"using":"xpath","value":"//button[@data-kt=\"AddNewHOSaveButton\"]"}
COMMAND: POST /session/6cd8861519be2314cbde44996230575a/element/f.B713056A9316196A9232F0DF0934CF03.d.10DEC204A473CA901F9A8B040D7D2A29.e.16562/click - {}
RESULT: {}
COMMAND: GET /session/6cd8861519be2314cbde44996230575a/screenshot - {}
RESULT: {}
COMMAND: POST /session/6cd8861519be2314cbde44996230575a/execute/async - {"script":"<script> [1562 bytes]","args":[{"selector":{"id":"receiptDatePicker","viewName":"etm.portal.ui.managehandovers.view.DetailExecuteHO","interaction":{"idSuffix":"inner"}},"wdio_ui5_key":"receiptDatePickeretmportal.ui.managehandovers.view.DetailExecuteHO"}]}
RESULT: {"script":"<script> [1562 bytes]","args":[{"selector":{"id":"receiptDatePicker","viewName":"etm.portal.ui.managehandovers.view.DetailExecuteHO","interaction":{"idSuffix":"inner"}},"wdio_ui5_key":"receiptDatePickeretmportal.ui.managehandovers.view.DetailExecuteHO"}]}
RESULT: undefined
COMMAND: POST /session/6cd8861519be2314cbde44996230575a/execute/async - {"script":"<script> [6424 bytes]","args":[{"element-6066-11e4-a52e-4f735466cecf":"f.B713056A9316196A9232F0DF0934CF03.d.10DEC204A473CA901F9A8B040D7D2A29.e.16592"},"setValue",["5/23/25"]]}
RESULT: {"script":"<script> [6424 bytes]","args":[{"element-6066-11e4-a52e-4f735466cecf":"f.B713056A9316196A9232F0DF0934CF03.d.10DEC204A473CA901F9A8B040D7D2A29.e.16592"},"setValue",["5/23/25"]]}
COMMAND: POST /session/6cd8861519be2314cbde44996230575a/element - {"using":"xpath","value":"//button[@data-kt=\"ReceivingTableConfirmAllButton\"]"}
RESULT: {"using":"xpath","value":"//button[@data-kt=\"ReceivingTableConfirmAllButton\"]"}
COMMAND: POST /session/6cd8861519be2314cbde44996230575a/element/f.B713056A9316196A9232F0DF0934CF03.d.10DEC204A473CA901F9A8B040D7D2A29.e.16607/click - {}
RESULT: {}
COMMAND: GET /session/6cd8861519be2314cbde44996230575a/screenshot - {}
RESULT: {}
COMMAND: POST /session/6cd8861519be2314cbde44996230575a/element - {"using":"xpath","value":"//bdi[contains(text(), \"OK\")]"}
RESULT: {"using":"xpath","value":"//bdi[contains(text(), \"OK\")]"}
COMMAND: POST /session/6cd8861519be2314cbde44996230575a/element/f.B713056A9316196A9232F0DF0934CF03.d.10DEC204A473CA901F9A8B040D7D2A29.e.16609/click - {}
RESULT: {}
COMMAND: GET /session/6cd8861519be2314cbde44996230575a/screenshot - {}
RESULT: {}
COMMAND: POST /session/6cd8861519be2314cbde44996230575a/element - {"using":"xpath","value":"(//bdi[contains(text(), \"Receive\")])[2]"}
RESULT: {"using":"xpath","value":"(//bdi[contains(text(), \"Receive\")])[2]"}
COMMAND: POST /session/6cd8861519be2314cbde44996230575a/element/f.B713056A9316196A9232F0DF0934CF03.d.10DEC204A473CA901F9A8B040D7D2A29.e.16611/click - {}
RESULT: {}
COMMAND: GET /session/6cd8861519be2314cbde44996230575a/screenshot - {}
RESULT: {}
COMMAND: POST /session/6cd8861519be2314cbde44996230575a/element - {"using":"css selector","value":"#shell-header-logo"}
RESULT: {"using":"css selector","value":"#shell-header-logo"}
COMMAND: POST /session/6cd8861519be2314cbde44996230575a/element/f.B713056A9316196A9232F0DF0934CF03.d.10DEC204A473CA901F9A8B040D7D2A29.e.15999/click - {}
RESULT: {}
COMMAND: GET /session/6cd8861519be2314cbde44996230575a/screenshot - {}
RESULT: {}
]]></system-out>
    </testcase>
    <testcase classname="chrome.136_0_7103_93.windows.Billing_transfer_US117289" name="Should create a new contract" time="66.348">
      <system-out><![CDATA[
COMMAND: POST /session/6cd8861519be2314cbde44996230575a/execute/async - {"script":"<script> [1562 bytes]","args":[{"selector":{"controlType":"sap.m.GenericTile","properties":{"header":"Manage Contracts"}},"wdio_ui5_key":"sapm.GenericTile{\"header\":\"Manage Contracts\"}"}]}
RESULT: {"script":"<script> [1562 bytes]","args":[{"selector":{"controlType":"sap.m.GenericTile","properties":{"header":"Manage Contracts"}},"wdio_ui5_key":"sapm.GenericTile{\"header\":\"Manage Contracts\"}"}]}
RESULT: undefined
COMMAND: POST /session/6cd8861519be2314cbde44996230575a/element - {"using":"xpath","value":"//*[@id=\"__tile130\"]"}
RESULT: {"using":"xpath","value":"//*[@id=\"__tile130\"]"}
COMMAND: POST /session/6cd8861519be2314cbde44996230575a/element/f.B713056A9316196A9232F0DF0934CF03.d.10DEC204A473CA901F9A8B040D7D2A29.e.14601/click - {}
RESULT: {}
COMMAND: GET /session/6cd8861519be2314cbde44996230575a/screenshot - {}
COMMAND: POST /session/6cd8861519be2314cbde44996230575a/elements - {"using":"xpath","value":"//span[text()='Error']"}
RESULT: {}
RESULT: {"using":"xpath","value":"//span[text()='Error']"}
COMMAND: POST /session/6cd8861519be2314cbde44996230575a/element - {"using":"xpath","value":"//button[@data-kt=\"addButton\"]"}
RESULT: {"using":"xpath","value":"//button[@data-kt=\"addButton\"]"}
COMMAND: POST /session/6cd8861519be2314cbde44996230575a/elements - {"using":"xpath","value":"//button[@data-kt=\"addButton\"]"}
RESULT: {"using":"xpath","value":"//button[@data-kt=\"addButton\"]"}
COMMAND: POST /session/6cd8861519be2314cbde44996230575a/execute/sync - {"script":"<script> [8489 bytes]","args":[{"element-6066-11e4-a52e-4f735466cecf":"f.B713056A9316196A9232F0DF0934CF03.d.10DEC204A473CA901F9A8B040D7D2A29.e.16831","ELEMENT":"f.B713056A9316196A9232F0DF0934CF03.d.10DEC204A473CA901F9A8B040D7D2A29.e.16831"}]}
RESULT: {"script":"<script> [8489 bytes]","args":[{"element-6066-11e4-a52e-4f735466cecf":"f.B713056A9316196A9232F0DF0934CF03.d.10DEC204A473CA901F9A8B040D7D2A29.e.16831","ELEMENT":"f.B713056A9316196A9232F0DF0934CF03.d.10DEC204A473CA901F9A8B040D7D2A29.e.16831"}]}
COMMAND: GET /session/6cd8861519be2314cbde44996230575a/element/f.B713056A9316196A9232F0DF0934CF03.d.10DEC204A473CA901F9A8B040D7D2A29.e.16831/enabled - {}
COMMAND: GET /session/6cd8861519be2314cbde44996230575a/screenshot - {}
RESULT: {}
COMMAND: POST /session/6cd8861519be2314cbde44996230575a/execute/sync - {"script":"<script> [8489 bytes]","args":[{"element-6066-11e4-a52e-4f735466cecf":"f.B713056A9316196A9232F0DF0934CF03.d.10DEC204A473CA901F9A8B040D7D2A29.e.16831","ELEMENT":"f.B713056A9316196A9232F0DF0934CF03.d.10DEC204A473CA901F9A8B040D7D2A29.e.16831"}]}
COMMAND: GET /session/6cd8861519be2314cbde44996230575a/screenshot - {}
RESULT: {}
RESULT: {"script":"<script> [8489 bytes]","args":[{"element-6066-11e4-a52e-4f735466cecf":"f.B713056A9316196A9232F0DF0934CF03.d.10DEC204A473CA901F9A8B040D7D2A29.e.16831","ELEMENT":"f.B713056A9316196A9232F0DF0934CF03.d.10DEC204A473CA901F9A8B040D7D2A29.e.16831"}]}
COMMAND: POST /session/6cd8861519be2314cbde44996230575a/execute/sync - {"script":"<script> [5351 bytes]","args":[{"element-6066-11e4-a52e-4f735466cecf":"f.B713056A9316196A9232F0DF0934CF03.d.10DEC204A473CA901F9A8B040D7D2A29.e.16831","ELEMENT":"f.B713056A9316196A9232F0DF0934CF03.d.10DEC204A473CA901F9A8B040D7D2A29.e.16831"}]}
COMMAND: GET /session/6cd8861519be2314cbde44996230575a/screenshot - {}
RESULT: {}
RESULT: {"script":"<script> [5351 bytes]","args":[{"element-6066-11e4-a52e-4f735466cecf":"f.B713056A9316196A9232F0DF0934CF03.d.10DEC204A473CA901F9A8B040D7D2A29.e.16831","ELEMENT":"f.B713056A9316196A9232F0DF0934CF03.d.10DEC204A473CA901F9A8B040D7D2A29.e.16831"}]}
COMMAND: GET /session/6cd8861519be2314cbde44996230575a/screenshot - {}
RESULT: {}
RESULT: {}
COMMAND: POST /session/6cd8861519be2314cbde44996230575a/element/f.B713056A9316196A9232F0DF0934CF03.d.10DEC204A473CA901F9A8B040D7D2A29.e.16831/click - {}
RESULT: {}
COMMAND: GET /session/6cd8861519be2314cbde44996230575a/screenshot - {}
RESULT: {}
COMMAND: POST /session/6cd8861519be2314cbde44996230575a/execute/async - {"script":"<script> [1562 bytes]","args":[{"selector":{"id":"application-managecontracts-display-component---AddNewContract--projectDescription","interaction":{"idSuffix":"inner"}},"wdio_ui5_key":"applicationmanagecontracts-display-component---AddNewContract--projectDescription"}]}
RESULT: {"script":"<script> [1562 bytes]","args":[{"selector":{"id":"application-managecontracts-display-component---AddNewContract--projectDescription","interaction":{"idSuffix":"inner"}},"wdio_ui5_key":"applicationmanagecontracts-display-component---AddNewContract--projectDescription"}]}
RESULT: undefined
COMMAND: POST /session/6cd8861519be2314cbde44996230575a/execute/async - {"script":"<script> [776 bytes]","args":[{"enterText":"Contract WDIO","selector":{"id":"application-managecontracts-display-component---AddNewContract--projectDescription","interaction":{"idSuffix":"inner"}},"clearTextFirst":true,"interactionType":"ENTER_TEXT"}]}
RESULT: {"script":"<script> [776 bytes]","args":[{"enterText":"Contract WDIO","selector":{"id":"application-managecontracts-display-component---AddNewContract--projectDescription","interaction":{"idSuffix":"inner"}},"clearTextFirst":true,"interactionType":"ENTER_TEXT"}]}
COMMAND: POST /session/6cd8861519be2314cbde44996230575a/element - {"using":"xpath","value":"//input[@id=\"application-managecontracts-display-component---AddNewContract--site-inner\"]"}
RESULT: {"using":"xpath","value":"//input[@id=\"application-managecontracts-display-component---AddNewContract--site-inner\"]"}
COMMAND: POST /session/6cd8861519be2314cbde44996230575a/element/f.B713056A9316196A9232F0DF0934CF03.d.10DEC204A473CA901F9A8B040D7D2A29.e.17152/clear - {}
RESULT: {}
COMMAND: POST /session/6cd8861519be2314cbde44996230575a/element/f.B713056A9316196A9232F0DF0934CF03.d.10DEC204A473CA901F9A8B040D7D2A29.e.17152/value - {"text":"2084"}
COMMAND: GET /session/6cd8861519be2314cbde44996230575a/screenshot - {}
RESULT: {"text":"2084"}
COMMAND: GET /session/6cd8861519be2314cbde44996230575a/screenshot - {}
RESULT: {}
RESULT: {}
COMMAND: POST /session/6cd8861519be2314cbde44996230575a/element - {"using":"xpath","value":"//li[.//span[text()='2084']]"}
RESULT: {"using":"xpath","value":"//li[.//span[text()='2084']]"}
COMMAND: POST /session/6cd8861519be2314cbde44996230575a/element/f.B713056A9316196A9232F0DF0934CF03.d.10DEC204A473CA901F9A8B040D7D2A29.e.17234/click - {}
RESULT: {}
COMMAND: GET /session/6cd8861519be2314cbde44996230575a/screenshot - {}
RESULT: {}
COMMAND: POST /session/6cd8861519be2314cbde44996230575a/element - {"using":"xpath","value":"//input[@id=\"application-managecontracts-display-component---AddNewContract--yardId-inner\"]"}
RESULT: {"using":"xpath","value":"//input[@id=\"application-managecontracts-display-component---AddNewContract--yardId-inner\"]"}
COMMAND: GET /session/6cd8861519be2314cbde44996230575a/element/f.B713056A9316196A9232F0DF0934CF03.d.10DEC204A473CA901F9A8B040D7D2A29.e.17153/property/value - {}
RESULT: {}
COMMAND: POST /session/6cd8861519be2314cbde44996230575a/element - {"using":"xpath","value":"//input[@id=\"application-managecontracts-display-component---AddNewContract--customerSelect-inner\"]"}
COMMAND: GET /session/6cd8861519be2314cbde44996230575a/screenshot - {}
RESULT: {"using":"xpath","value":"//input[@id=\"application-managecontracts-display-component---AddNewContract--customerSelect-inner\"]"}
COMMAND: POST /session/6cd8861519be2314cbde44996230575a/element/f.B713056A9316196A9232F0DF0934CF03.d.10DEC204A473CA901F9A8B040D7D2A29.e.17151/clear - {}
RESULT: {}
RESULT: {}
COMMAND: POST /session/6cd8861519be2314cbde44996230575a/element/f.B713056A9316196A9232F0DF0934CF03.d.10DEC204A473CA901F9A8B040D7D2A29.e.17151/value - {"text":"1087"}
COMMAND: GET /session/6cd8861519be2314cbde44996230575a/screenshot - {}
RESULT: {"text":"1087"}
COMMAND: GET /session/6cd8861519be2314cbde44996230575a/screenshot - {}
RESULT: {}
RESULT: {}
COMMAND: POST /session/6cd8861519be2314cbde44996230575a/element - {"using":"xpath","value":"//li[.//span[text()='1087']]"}
RESULT: {"using":"xpath","value":"//li[.//span[text()='1087']]"}
COMMAND: POST /session/6cd8861519be2314cbde44996230575a/element/f.B713056A9316196A9232F0DF0934CF03.d.10DEC204A473CA901F9A8B040D7D2A29.e.17237/click - {}
RESULT: {}
COMMAND: GET /session/6cd8861519be2314cbde44996230575a/screenshot - {}
RESULT: {}
COMMAND: POST /session/6cd8861519be2314cbde44996230575a/element - {"using":"xpath","value":"//button[@data-kt=\"saveButton\"]"}
RESULT: {"using":"xpath","value":"//button[@data-kt=\"saveButton\"]"}
COMMAND: POST /session/6cd8861519be2314cbde44996230575a/element/f.B713056A9316196A9232F0DF0934CF03.d.10DEC204A473CA901F9A8B040D7D2A29.e.17227/click - {}
RESULT: {}
COMMAND: GET /session/6cd8861519be2314cbde44996230575a/screenshot - {}
RESULT: {}
COMMAND: POST /session/6cd8861519be2314cbde44996230575a/element - {"using":"xpath","value":"//span[contains(@id ,\"contractDetailTitleNoExpanded\")]"}
RESULT: {"using":"xpath","value":"//span[contains(@id ,\"contractDetailTitleNoExpanded\")]"}
COMMAND: POST /session/6cd8861519be2314cbde44996230575a/elements - {"using":"xpath","value":"//span[contains(@id ,\"contractDetailTitleNoExpanded\")]"}
RESULT: {"using":"xpath","value":"//span[contains(@id ,\"contractDetailTitleNoExpanded\")]"}
COMMAND: POST /session/6cd8861519be2314cbde44996230575a/execute/sync - {"script":"<script> [56 bytes]","args":[{"element-6066-11e4-a52e-4f735466cecf":"f.B713056A9316196A9232F0DF0934CF03.d.10DEC204A473CA901F9A8B040D7D2A29.e.17308","ELEMENT":"f.B713056A9316196A9232F0DF0934CF03.d.10DEC204A473CA901F9A8B040D7D2A29.e.17308"}]}
RESULT: {"script":"<script> [56 bytes]","args":[{"element-6066-11e4-a52e-4f735466cecf":"f.B713056A9316196A9232F0DF0934CF03.d.10DEC204A473CA901F9A8B040D7D2A29.e.17308","ELEMENT":"f.B713056A9316196A9232F0DF0934CF03.d.10DEC204A473CA901F9A8B040D7D2A29.e.17308"}]}
COMMAND: GET /session/6cd8861519be2314cbde44996230575a/screenshot - {}
RESULT: {}
]]></system-out>
    </testcase>
    <testcase classname="chrome.136_0_7103_93.windows.Billing_transfer_US117289" name="Should add created equipment to contract" time="52.275">
      <system-out><![CDATA[
COMMAND: POST /session/6cd8861519be2314cbde44996230575a/element - {"using":"xpath","value":"//button[@data-kt=\"contractDetailEditBtnButton\"]"}
RESULT: {"using":"xpath","value":"//button[@data-kt=\"contractDetailEditBtnButton\"]"}
COMMAND: POST /session/6cd8861519be2314cbde44996230575a/element/f.B713056A9316196A9232F0DF0934CF03.d.10DEC204A473CA901F9A8B040D7D2A29.e.17310/click - {}
RESULT: {}
COMMAND: GET /session/6cd8861519be2314cbde44996230575a/screenshot - {}
RESULT: {}
COMMAND: POST /session/6cd8861519be2314cbde44996230575a/element - {"using":"xpath","value":"(//span[contains(text(), \"Additional Addresses\")])[2]"}
RESULT: {"using":"xpath","value":"(//span[contains(text(), \"Additional Addresses\")])[2]"}
COMMAND: POST /session/6cd8861519be2314cbde44996230575a/elements - {"using":"xpath","value":"(//span[contains(text(), \"Additional Addresses\")])[2]"}
RESULT: {"using":"xpath","value":"(//span[contains(text(), \"Additional Addresses\")])[2]"}
COMMAND: POST /session/6cd8861519be2314cbde44996230575a/elements - {"using":"xpath","value":"(//span[contains(text(), \"Additional Addresses\")])[2]"}
RESULT: {"using":"xpath","value":"(//span[contains(text(), \"Additional Addresses\")])[2]"}
COMMAND: POST /session/6cd8861519be2314cbde44996230575a/elements - {"using":"xpath","value":"(//span[contains(text(), \"Additional Addresses\")])[2]"}
RESULT: {"using":"xpath","value":"(//span[contains(text(), \"Additional Addresses\")])[2]"}
COMMAND: POST /session/6cd8861519be2314cbde44996230575a/elements - {"using":"xpath","value":"(//span[contains(text(), \"Additional Addresses\")])[2]"}
RESULT: {"using":"xpath","value":"(//span[contains(text(), \"Additional Addresses\")])[2]"}
COMMAND: POST /session/6cd8861519be2314cbde44996230575a/elements - {"using":"xpath","value":"(//span[contains(text(), \"Additional Addresses\")])[2]"}
RESULT: {"using":"xpath","value":"(//span[contains(text(), \"Additional Addresses\")])[2]"}
COMMAND: POST /session/6cd8861519be2314cbde44996230575a/element - {"using":"xpath","value":"(//span[contains(text(), \"Additional Addresses\")])[2]"}
RESULT: {"using":"xpath","value":"(//span[contains(text(), \"Additional Addresses\")])[2]"}
COMMAND: POST /session/6cd8861519be2314cbde44996230575a/element/f.B713056A9316196A9232F0DF0934CF03.d.10DEC204A473CA901F9A8B040D7D2A29.e.17366/click - {}
RESULT: {}
COMMAND: GET /session/6cd8861519be2314cbde44996230575a/screenshot - {}
RESULT: {}
COMMAND: POST /session/6cd8861519be2314cbde44996230575a/element - {"using":"xpath","value":"//button[@data-kt=\"btnAddTableRowOverflowToolbarButton\"]"}
RESULT: {"using":"xpath","value":"//button[@data-kt=\"btnAddTableRowOverflowToolbarButton\"]"}
COMMAND: POST /session/6cd8861519be2314cbde44996230575a/element/f.B713056A9316196A9232F0DF0934CF03.d.10DEC204A473CA901F9A8B040D7D2A29.e.17368/click - {}
RESULT: {}
COMMAND: GET /session/6cd8861519be2314cbde44996230575a/screenshot - {}
RESULT: {}
COMMAND: POST /session/6cd8861519be2314cbde44996230575a/element - {"using":"xpath","value":"//div[(text() = 'Standard Entry' or . = 'Standard Entry')]"}
RESULT: {"using":"xpath","value":"//div[(text() = 'Standard Entry' or . = 'Standard Entry')]"}
COMMAND: POST /session/6cd8861519be2314cbde44996230575a/element/f.B713056A9316196A9232F0DF0934CF03.d.10DEC204A473CA901F9A8B040D7D2A29.e.17370/click - {}
RESULT: {}
COMMAND: GET /session/6cd8861519be2314cbde44996230575a/screenshot - {}
RESULT: {}
COMMAND: POST /session/6cd8861519be2314cbde44996230575a/element - {"using":"xpath","value":"//td[7]/div/div/input"}
RESULT: {"using":"xpath","value":"//td[7]/div/div/input"}
COMMAND: POST /session/6cd8861519be2314cbde44996230575a/element/f.B713056A9316196A9232F0DF0934CF03.d.10DEC204A473CA901F9A8B040D7D2A29.e.17379/clear - {}
RESULT: {}
COMMAND: POST /session/6cd8861519be2314cbde44996230575a/element/f.B713056A9316196A9232F0DF0934CF03.d.10DEC204A473CA901F9A8B040D7D2A29.e.17379/value - {"text":"eGc64aX8pn"}
COMMAND: GET /session/6cd8861519be2314cbde44996230575a/screenshot - {}
RESULT: {"text":"eGc64aX8pn"}
COMMAND: GET /session/6cd8861519be2314cbde44996230575a/screenshot - {}
RESULT: {}
RESULT: {}
COMMAND: POST /session/6cd8861519be2314cbde44996230575a/actions - {"actions":[{"id":"action56","type":"key","parameters":{},"actions":[{"type":"keyDown","value":""},{"type":"pause","duration":10},{"type":"keyUp","value":""}]}]}
RESULT: {"actions":[{"id":"action56","type":"key","parameters":{},"actions":[{"type":"keyDown","value":""},{"type":"pause","duration":10},{"type":"keyUp","value":""}]}]}
COMMAND: GET /session/6cd8861519be2314cbde44996230575a/screenshot - {}
RESULT: {}
COMMAND: POST /session/6cd8861519be2314cbde44996230575a/execute/sync - {"script":"<script> [276 bytes]","args":["No pricing information was found"]}
RESULT: {"script":"<script> [276 bytes]","args":["No pricing information was found"]}
COMMAND: POST /session/6cd8861519be2314cbde44996230575a/element - {"using":"xpath","value":"(//button[@data-kt=\"saveButton\"])[2]"}
COMMAND: GET /session/6cd8861519be2314cbde44996230575a/screenshot - {}
RESULT: {"using":"xpath","value":"(//button[@data-kt=\"saveButton\"])[2]"}
COMMAND: POST /session/6cd8861519be2314cbde44996230575a/element/f.B713056A9316196A9232F0DF0934CF03.d.10DEC204A473CA901F9A8B040D7D2A29.e.17394/click - {}
RESULT: {}
RESULT: {}
COMMAND: GET /session/6cd8861519be2314cbde44996230575a/screenshot - {}
RESULT: {}
COMMAND: POST /session/6cd8861519be2314cbde44996230575a/execute/sync - {"script":"<script> [276 bytes]","args":["Some contract items are having rental validity exceeding header rental validity"]}
RESULT: {"script":"<script> [276 bytes]","args":["Some contract items are having rental validity exceeding header rental validity"]}
COMMAND: GET /session/6cd8861519be2314cbde44996230575a/screenshot - {}
RESULT: {}
COMMAND: POST /session/6cd8861519be2314cbde44996230575a/element - {"using":"xpath","value":"//span[contains(@id ,\"contractItemsSmartTable-header-inner\")]"}
RESULT: {"using":"xpath","value":"//span[contains(@id ,\"contractItemsSmartTable-header-inner\")]"}
COMMAND: POST /session/6cd8861519be2314cbde44996230575a/elements - {"using":"xpath","value":"//span[contains(@id ,\"contractItemsSmartTable-header-inner\")]"}
RESULT: {"using":"xpath","value":"//span[contains(@id ,\"contractItemsSmartTable-header-inner\")]"}
COMMAND: POST /session/6cd8861519be2314cbde44996230575a/execute/sync - {"script":"<script> [56 bytes]","args":[{"element-6066-11e4-a52e-4f735466cecf":"f.B713056A9316196A9232F0DF0934CF03.d.10DEC204A473CA901F9A8B040D7D2A29.e.17400","ELEMENT":"f.B713056A9316196A9232F0DF0934CF03.d.10DEC204A473CA901F9A8B040D7D2A29.e.17400"}]}
RESULT: {"script":"<script> [56 bytes]","args":[{"element-6066-11e4-a52e-4f735466cecf":"f.B713056A9316196A9232F0DF0934CF03.d.10DEC204A473CA901F9A8B040D7D2A29.e.17400","ELEMENT":"f.B713056A9316196A9232F0DF0934CF03.d.10DEC204A473CA901F9A8B040D7D2A29.e.17400"}]}
]]></system-out>
    </testcase>
    <testcase classname="chrome.136_0_7103_93.windows.Billing_transfer_US117289" name="Should do a provide to site handover" time="62.014">
      <system-out><![CDATA[
COMMAND: POST /session/6cd8861519be2314cbde44996230575a/element - {"using":"xpath","value":"//button[@data-kt=\"provideButton\"]"}
COMMAND: GET /session/6cd8861519be2314cbde44996230575a/screenshot - {}
RESULT: {"using":"xpath","value":"//button[@data-kt=\"provideButton\"]"}
COMMAND: POST /session/6cd8861519be2314cbde44996230575a/element/f.B713056A9316196A9232F0DF0934CF03.d.10DEC204A473CA901F9A8B040D7D2A29.e.17401/click - {}
RESULT: {}
RESULT: {}
COMMAND: GET /session/6cd8861519be2314cbde44996230575a/screenshot - {}
RESULT: undefined
COMMAND: POST /session/6cd8861519be2314cbde44996230575a/execute/async - {"script":"<script> [6424 bytes]","args":[{"element-6066-11e4-a52e-4f735466cecf":"f.B713056A9316196A9232F0DF0934CF03.d.10DEC204A473CA901F9A8B040D7D2A29.e.16380"},"setValue",["5/23/25"]]}
RESULT: {}
COMMAND: POST /session/6cd8861519be2314cbde44996230575a/execute/async - {"script":"<script> [1562 bytes]","args":[{"selector":{"id":"application-managehandovers-display-component---AddNewHO--dueDate","interaction":{"idSuffix":"inner"}},"wdio_ui5_key":"applicationmanagehandovers-display-component---AddNewHO--dueDate"}]}
RESULT: {"script":"<script> [1562 bytes]","args":[{"selector":{"id":"application-managehandovers-display-component---AddNewHO--dueDate","interaction":{"idSuffix":"inner"}},"wdio_ui5_key":"applicationmanagehandovers-display-component---AddNewHO--dueDate"}]}
COMMAND: POST /session/6cd8861519be2314cbde44996230575a/execute/async - {"script":"<script> [6424 bytes]","args":[{"element-6066-11e4-a52e-4f735466cecf":"f.B713056A9316196A9232F0DF0934CF03.d.10DEC204A473CA901F9A8B040D7D2A29.e.17466"},"setValue",["5/23/25"]]}
RESULT: {"script":"<script> [6424 bytes]","args":[{"element-6066-11e4-a52e-4f735466cecf":"f.B713056A9316196A9232F0DF0934CF03.d.10DEC204A473CA901F9A8B040D7D2A29.e.17466"},"setValue",["5/23/25"]]}
COMMAND: POST /session/6cd8861519be2314cbde44996230575a/element - {"using":"xpath","value":"//bdi[contains(text(), \"Instructions\")]"}
RESULT: {"using":"xpath","value":"//bdi[contains(text(), \"Instructions\")]"}
COMMAND: POST /session/6cd8861519be2314cbde44996230575a/element/f.B713056A9316196A9232F0DF0934CF03.d.10DEC204A473CA901F9A8B040D7D2A29.e.17679/click - {}
RESULT: {}
COMMAND: GET /session/6cd8861519be2314cbde44996230575a/screenshot - {}
RESULT: {}
COMMAND: POST /session/6cd8861519be2314cbde44996230575a/element - {"using":"xpath","value":"//button[@data-kt=\"AddNewHOProvideAddItemsButton\"]"}
RESULT: {"using":"xpath","value":"//button[@data-kt=\"AddNewHOProvideAddItemsButton\"]"}
COMMAND: POST /session/6cd8861519be2314cbde44996230575a/element/f.B713056A9316196A9232F0DF0934CF03.d.10DEC204A473CA901F9A8B040D7D2A29.e.17683/click - {}
RESULT: {}
COMMAND: GET /session/6cd8861519be2314cbde44996230575a/screenshot - {}
RESULT: {}
RESULT: undefined
COMMAND: POST /session/6cd8861519be2314cbde44996230575a/element - {"using":"xpath","value":"//*[@id=\"application-managehandovers-display-component---AddNewHO--popup-sa\"]"}
RESULT: {"using":"xpath","value":"//*[@id=\"application-managehandovers-display-component---AddNewHO--popup-sa\"]"}
COMMAND: POST /session/6cd8861519be2314cbde44996230575a/element/f.B713056A9316196A9232F0DF0934CF03.d.10DEC204A473CA901F9A8B040D7D2A29.e.17688/click - {}
RESULT: {}
COMMAND: GET /session/6cd8861519be2314cbde44996230575a/screenshot - {}
RESULT: {}
COMMAND: POST /session/6cd8861519be2314cbde44996230575a/element - {"using":"xpath","value":"//*[contains(@id ,\"BDI-content\")][contains(text(), \"Select\")]"}
RESULT: {"using":"xpath","value":"//*[contains(@id ,\"BDI-content\")][contains(text(), \"Select\")]"}
COMMAND: POST /session/6cd8861519be2314cbde44996230575a/element/f.B713056A9316196A9232F0DF0934CF03.d.10DEC204A473CA901F9A8B040D7D2A29.e.17689/click - {}
RESULT: {}
COMMAND: GET /session/6cd8861519be2314cbde44996230575a/screenshot - {}
RESULT: {}
COMMAND: POST /session/6cd8861519be2314cbde44996230575a/execute/async - {"script":"<script> [1562 bytes]","args":[{"selector":{"id":"application-managehandovers-display-component---AddNewHO--confirmCreationButton","interaction":{"idSuffix":"BDI-content"}},"wdio_ui5_key":"applicationmanagehandovers-display-component---AddNewHO--confirmCreationButton"}]}
RESULT: {"script":"<script> [1562 bytes]","args":[{"selector":{"id":"application-managehandovers-display-component---AddNewHO--confirmCreationButton","interaction":{"idSuffix":"BDI-content"}},"wdio_ui5_key":"applicationmanagehandovers-display-component---AddNewHO--confirmCreationButton"}]}
RESULT: undefined
COMMAND: POST /session/6cd8861519be2314cbde44996230575a/element - {"using":"xpath","value":"//*[@id=\"application-managehandovers-display-component---AddNewHO--confirmCreationButton\"]"}
RESULT: {"using":"xpath","value":"//*[@id=\"application-managehandovers-display-component---AddNewHO--confirmCreationButton\"]"}
COMMAND: POST /session/6cd8861519be2314cbde44996230575a/element/f.B713056A9316196A9232F0DF0934CF03.d.10DEC204A473CA901F9A8B040D7D2A29.e.17488/click - {}
RESULT: {}
COMMAND: GET /session/6cd8861519be2314cbde44996230575a/screenshot - {}
RESULT: {}
COMMAND: POST /session/6cd8861519be2314cbde44996230575a/execute/async - {"script":"<script> [1562 bytes]","args":[{"selector":{"id":"issueDatePicker","viewName":"etm.portal.ui.managehandovers.view.DetailExecuteHO","interaction":{"idSuffix":"inner"}},"wdio_ui5_key":"issueDatePickeretmportal.ui.managehandovers.view.DetailExecuteHO"}]}
RESULT: {"script":"<script> [1562 bytes]","args":[{"selector":{"id":"issueDatePicker","viewName":"etm.portal.ui.managehandovers.view.DetailExecuteHO","interaction":{"idSuffix":"inner"}},"wdio_ui5_key":"issueDatePickeretmportal.ui.managehandovers.view.DetailExecuteHO"}]}
RESULT: undefined
COMMAND: POST /session/6cd8861519be2314cbde44996230575a/execute/async - {"script":"<script> [776 bytes]","args":[{"enterText":"5/23/25","selector":{"id":"issueDatePicker","viewName":"etm.portal.ui.managehandovers.view.DetailExecuteHO","interaction":{"idSuffix":"inner"}},"clearTextFirst":true,"interactionType":"ENTER_TEXT"}]}
RESULT: {"script":"<script> [776 bytes]","args":[{"enterText":"5/23/25","selector":{"id":"issueDatePicker","viewName":"etm.portal.ui.managehandovers.view.DetailExecuteHO","interaction":{"idSuffix":"inner"}},"clearTextFirst":true,"interactionType":"ENTER_TEXT"}]}
COMMAND: POST /session/6cd8861519be2314cbde44996230575a/element - {"using":"xpath","value":"//button[@data-kt=\"PickingTableConfirmAllButton\"]"}
RESULT: {"using":"xpath","value":"//button[@data-kt=\"PickingTableConfirmAllButton\"]"}
COMMAND: POST /session/6cd8861519be2314cbde44996230575a/element/f.B713056A9316196A9232F0DF0934CF03.d.10DEC204A473CA901F9A8B040D7D2A29.e.17749/click - {}
RESULT: {}
COMMAND: GET /session/6cd8861519be2314cbde44996230575a/screenshot - {}
RESULT: {}
COMMAND: POST /session/6cd8861519be2314cbde44996230575a/element - {"using":"xpath","value":"//bdi[contains(text(), \"OK\")]"}
RESULT: {"using":"xpath","value":"//bdi[contains(text(), \"OK\")]"}
COMMAND: POST /session/6cd8861519be2314cbde44996230575a/element/f.B713056A9316196A9232F0DF0934CF03.d.10DEC204A473CA901F9A8B040D7D2A29.e.17752/click - {}
RESULT: {}
COMMAND: GET /session/6cd8861519be2314cbde44996230575a/screenshot - {}
RESULT: {}
COMMAND: POST /session/6cd8861519be2314cbde44996230575a/element - {"using":"xpath","value":"//bdi[contains(text(), \"Issue\")]"}
RESULT: {"using":"xpath","value":"//bdi[contains(text(), \"Issue\")]"}
COMMAND: POST /session/6cd8861519be2314cbde44996230575a/element/f.B713056A9316196A9232F0DF0934CF03.d.10DEC204A473CA901F9A8B040D7D2A29.e.17754/click - {}
RESULT: {}
COMMAND: GET /session/6cd8861519be2314cbde44996230575a/screenshot - {}
RESULT: {}
COMMAND: POST /session/6cd8861519be2314cbde44996230575a/element - {"using":"css selector","value":"#shell-header-logo"}
RESULT: {"using":"css selector","value":"#shell-header-logo"}
COMMAND: POST /session/6cd8861519be2314cbde44996230575a/element/f.B713056A9316196A9232F0DF0934CF03.d.10DEC204A473CA901F9A8B040D7D2A29.e.16785/click - {}
RESULT: {}
COMMAND: GET /session/6cd8861519be2314cbde44996230575a/screenshot - {}
RESULT: {}
]]></system-out>
    </testcase>
    <testcase classname="chrome.136_0_7103_93.windows.Billing_transfer_US117289" name="Should navigate to Manage Billings and trigger contract calculation business confirm it" time="66.441">
      <system-out><![CDATA[
COMMAND: POST /session/6cd8861519be2314cbde44996230575a/execute/async - {"script":"<script> [1562 bytes]","args":[{"selector":{"controlType":"sap.m.GenericTile","properties":{"header":"Manage Billings"}},"wdio_ui5_key":"sapm.GenericTile{\"header\":\"Manage Billings\"}"}]}
RESULT: {"script":"<script> [1562 bytes]","args":[{"selector":{"controlType":"sap.m.GenericTile","properties":{"header":"Manage Billings"}},"wdio_ui5_key":"sapm.GenericTile{\"header\":\"Manage Billings\"}"}]}
RESULT: undefined
COMMAND: POST /session/6cd8861519be2314cbde44996230575a/element - {"using":"xpath","value":"//*[@id=\"__tile51\"]"}
RESULT: {"using":"xpath","value":"//*[@id=\"__tile51\"]"}
COMMAND: POST /session/6cd8861519be2314cbde44996230575a/element/f.B713056A9316196A9232F0DF0934CF03.d.10DEC204A473CA901F9A8B040D7D2A29.e.14628/click - {}
RESULT: {}
COMMAND: GET /session/6cd8861519be2314cbde44996230575a/screenshot - {}
RESULT: {}
COMMAND: POST /session/6cd8861519be2314cbde44996230575a/elements - {"using":"xpath","value":"//span[text()='Error']"}
RESULT: {"using":"xpath","value":"//span[text()='Error']"}
COMMAND: POST /session/6cd8861519be2314cbde44996230575a/execute/async - {"script":"<script> [1562 bytes]","args":[{"selector":{"id":"application-managebillings-display-component---billRunCalcResult--smartFilterBar-btnBasicSearch","interaction":{"idSuffix":"I"}},"wdio_ui5_key":"applicationmanagebillings-display-component---billRunCalcResult--smartFilterBar-btnBasicSearch"}]}
RESULT: {"script":"<script> [1562 bytes]","args":[{"selector":{"id":"application-managebillings-display-component---billRunCalcResult--smartFilterBar-btnBasicSearch","interaction":{"idSuffix":"I"}},"wdio_ui5_key":"applicationmanagebillings-display-component---billRunCalcResult--smartFilterBar-btnBasicSearch"}]}
RESULT: undefined
COMMAND: POST /session/6cd8861519be2314cbde44996230575a/execute/async - {"script":"<script> [776 bytes]","args":[{"enterText":"10173","selector":{"id":"application-managebillings-display-component---billRunCalcResult--smartFilterBar-btnBasicSearch","interaction":{"idSuffix":"I"}},"clearTextFirst":true,"interactionType":"ENTER_TEXT"}]}
RESULT: {"script":"<script> [776 bytes]","args":[{"enterText":"10173","selector":{"id":"application-managebillings-display-component---billRunCalcResult--smartFilterBar-btnBasicSearch","interaction":{"idSuffix":"I"}},"clearTextFirst":true,"interactionType":"ENTER_TEXT"}]}
COMMAND: POST /session/6cd8861519be2314cbde44996230575a/actions - {"actions":[{"id":"action57","type":"key","parameters":{},"actions":[{"type":"keyDown","value":""},{"type":"pause","duration":10},{"type":"keyUp","value":""}]}]}
RESULT: {"actions":[{"id":"action57","type":"key","parameters":{},"actions":[{"type":"keyDown","value":""},{"type":"pause","duration":10},{"type":"keyUp","value":""}]}]}
COMMAND: GET /session/6cd8861519be2314cbde44996230575a/screenshot - {}
RESULT: {}
COMMAND: POST /session/6cd8861519be2314cbde44996230575a/element - {"using":"xpath","value":"//td[@aria-colindex=\"1\"]/div/div[contains(@class, \"sapMCbBg\")]"}
RESULT: {"using":"xpath","value":"//td[@aria-colindex=\"1\"]/div/div[contains(@class, \"sapMCbBg\")]"}
COMMAND: POST /session/6cd8861519be2314cbde44996230575a/element/f.B713056A9316196A9232F0DF0934CF03.d.10DEC204A473CA901F9A8B040D7D2A29.e.18141/click - {}
RESULT: {}
COMMAND: GET /session/6cd8861519be2314cbde44996230575a/screenshot - {}
RESULT: {}
COMMAND: POST /session/6cd8861519be2314cbde44996230575a/execute/async - {"script":"<script> [1562 bytes]","args":[{"selector":{"id":"application-managebillings-display-component---billRunCalcResult--contractBillRunDate","interaction":{"idSuffix":"inner"}},"wdio_ui5_key":"applicationmanagebillings-display-component---billRunCalcResult--contractBillRunDate"}]}
RESULT: {"script":"<script> [1562 bytes]","args":[{"selector":{"id":"application-managebillings-display-component---billRunCalcResult--contractBillRunDate","interaction":{"idSuffix":"inner"}},"wdio_ui5_key":"applicationmanagebillings-display-component---billRunCalcResult--contractBillRunDate"}]}
RESULT: undefined
COMMAND: POST /session/6cd8861519be2314cbde44996230575a/execute/async - {"script":"<script> [776 bytes]","args":[{"enterText":"6/23/25","selector":{"id":"application-managebillings-display-component---billRunCalcResult--contractBillRunDate","interaction":{"idSuffix":"inner"}},"clearTextFirst":true,"interactionType":"ENTER_TEXT"}]}
RESULT: {"script":"<script> [776 bytes]","args":[{"enterText":"6/23/25","selector":{"id":"application-managebillings-display-component---billRunCalcResult--contractBillRunDate","interaction":{"idSuffix":"inner"}},"clearTextFirst":true,"interactionType":"ENTER_TEXT"}]}
COMMAND: POST /session/6cd8861519be2314cbde44996230575a/element - {"using":"xpath","value":"//bdi[contains(text(), \"Trigger Calculation\")]"}
RESULT: {"using":"xpath","value":"//bdi[contains(text(), \"Trigger Calculation\")]"}
COMMAND: POST /session/6cd8861519be2314cbde44996230575a/element/f.B713056A9316196A9232F0DF0934CF03.d.10DEC204A473CA901F9A8B040D7D2A29.e.18162/click - {}
RESULT: {}
COMMAND: GET /session/6cd8861519be2314cbde44996230575a/screenshot - {}
RESULT: {}
COMMAND: POST /session/6cd8861519be2314cbde44996230575a/element - {"using":"xpath","value":"(//span[contains(@id, \"imgNav\")])[1]"}
RESULT: {"using":"xpath","value":"(//span[contains(@id, \"imgNav\")])[1]"}
COMMAND: POST /session/6cd8861519be2314cbde44996230575a/element/f.B713056A9316196A9232F0DF0934CF03.d.10DEC204A473CA901F9A8B040D7D2A29.e.18155/click - {}
RESULT: {}
COMMAND: GET /session/6cd8861519be2314cbde44996230575a/screenshot - {}
RESULT: {}
COMMAND: POST /session/6cd8861519be2314cbde44996230575a/execute/async - {"script":"<script> [1562 bytes]","args":[{"selector":{"controlType":"sap.ui.core.Icon","viewName":"etm.portal.ui.managebillings.view.Master","viewId":"application-managebillings-display-component---billRunCalcResult","properties":{"src":{"regex":{"source":"slim\\-arrow\\-right"}}}},"wdio_ui5_key":"etmportal.ui.managebillings.view.Mastersap.ui.core.Icon{\"src\":{\"regex\":{\"source\":\"slim\\\\-arrow\\\\-right\"}}}"}]}
RESULT: {"script":"<script> [1562 bytes]","args":[{"selector":{"controlType":"sap.ui.core.Icon","viewName":"etm.portal.ui.managebillings.view.Master","viewId":"application-managebillings-display-component---billRunCalcResult","properties":{"src":{"regex":{"source":"slim\\-arrow\\-right"}}}},"wdio_ui5_key":"etmportal.ui.managebillings.view.Mastersap.ui.core.Icon{\"src\":{\"regex\":{\"source\":\"slim\\\\-arrow\\\\-right\"}}}"}]}
RESULT: undefined
COMMAND: POST /session/6cd8861519be2314cbde44996230575a/element - {"using":"xpath","value":"//*[@id=\"__item1379-application-managebillings-display-component---billRunCalcResult--billingRunsTable-0-imgNav\"]"}
RESULT: {"using":"xpath","value":"//*[@id=\"__item1379-application-managebillings-display-component---billRunCalcResult--billingRunsTable-0-imgNav\"]"}
COMMAND: POST /session/6cd8861519be2314cbde44996230575a/element/f.B713056A9316196A9232F0DF0934CF03.d.10DEC204A473CA901F9A8B040D7D2A29.e.18167/click - {}
RESULT: {}
COMMAND: POST /session/6cd8861519be2314cbde44996230575a/execute/async - {"script":"<script> [1562 bytes]","args":[{"selector":{"id":"application-managebillings-display-component---billRunCalcResult--btnConf","interaction":{"idSuffix":"BDI-content"}},"wdio_ui5_key":"applicationmanagebillings-display-component---billRunCalcResult--btnConf"}]}
COMMAND: GET /session/6cd8861519be2314cbde44996230575a/screenshot - {}
RESULT: {"script":"<script> [1562 bytes]","args":[{"selector":{"id":"application-managebillings-display-component---billRunCalcResult--btnConf","interaction":{"idSuffix":"BDI-content"}},"wdio_ui5_key":"applicationmanagebillings-display-component---billRunCalcResult--btnConf"}]}
RESULT: undefined
COMMAND: POST /session/6cd8861519be2314cbde44996230575a/element - {"using":"xpath","value":"//*[@id=\"application-managebillings-display-component---billRunCalcResult--btnConf\"]"}
RESULT: {}
RESULT: {"using":"xpath","value":"//*[@id=\"application-managebillings-display-component---billRunCalcResult--btnConf\"]"}
COMMAND: POST /session/6cd8861519be2314cbde44996230575a/element/f.B713056A9316196A9232F0DF0934CF03.d.10DEC204A473CA901F9A8B040D7D2A29.e.18231/click - {}
RESULT: {}
COMMAND: POST /session/6cd8861519be2314cbde44996230575a/element - {"using":"css selector","value":"#shell-header-logo"}
COMMAND: GET /session/6cd8861519be2314cbde44996230575a/screenshot - {}
RESULT: {"using":"css selector","value":"#shell-header-logo"}
COMMAND: POST /session/6cd8861519be2314cbde44996230575a/element/f.B713056A9316196A9232F0DF0934CF03.d.10DEC204A473CA901F9A8B040D7D2A29.e.17933/click - {}
RESULT: {}
RESULT: {}
COMMAND: GET /session/6cd8861519be2314cbde44996230575a/screenshot - {}
RESULT: {}
]]></system-out>
    </testcase>
    <testcase classname="chrome.136_0_7103_93.windows.Billing_transfer_US117289" name="Should trigger Billing Transfer process all the way to completion" time="84.692">
      <system-out><![CDATA[
COMMAND: POST /session/6cd8861519be2314cbde44996230575a/execute/async - {"script":"<script> [1562 bytes]","args":[{"selector":{"controlType":"sap.m.GenericTile","properties":{"header":"Billing Transfer"}},"wdio_ui5_key":"sapm.GenericTile{\"header\":\"Billing Transfer\"}"}]}
RESULT: {"script":"<script> [1562 bytes]","args":[{"selector":{"controlType":"sap.m.GenericTile","properties":{"header":"Billing Transfer"}},"wdio_ui5_key":"sapm.GenericTile{\"header\":\"Billing Transfer\"}"}]}
RESULT: undefined
COMMAND: POST /session/6cd8861519be2314cbde44996230575a/element - {"using":"xpath","value":"//*[@id=\"__tile50\"]"}
RESULT: {"using":"xpath","value":"//*[@id=\"__tile50\"]"}
COMMAND: POST /session/6cd8861519be2314cbde44996230575a/element/f.B713056A9316196A9232F0DF0934CF03.d.10DEC204A473CA901F9A8B040D7D2A29.e.14626/click - {}
RESULT: {}
COMMAND: GET /session/6cd8861519be2314cbde44996230575a/screenshot - {}
RESULT: {}
COMMAND: POST /session/6cd8861519be2314cbde44996230575a/elements - {"using":"xpath","value":"//span[text()='Error']"}
RESULT: {"using":"xpath","value":"//span[text()='Error']"}
COMMAND: POST /session/6cd8861519be2314cbde44996230575a/element - {"using":"xpath","value":"//input[contains(@id ,\"application-billingtransfer-display-component---billingWorkbench--smartFilterBar-btnBasicSearch\")]"}
RESULT: {"using":"xpath","value":"//input[contains(@id ,\"application-billingtransfer-display-component---billingWorkbench--smartFilterBar-btnBasicSearch\")]"}
COMMAND: POST /session/6cd8861519be2314cbde44996230575a/elements - {"using":"xpath","value":"//input[contains(@id ,\"application-billingtransfer-display-component---billingWorkbench--smartFilterBar-btnBasicSearch\")]"}
RESULT: {"using":"xpath","value":"//input[contains(@id ,\"application-billingtransfer-display-component---billingWorkbench--smartFilterBar-btnBasicSearch\")]"}
COMMAND: POST /session/6cd8861519be2314cbde44996230575a/execute/sync - {"script":"<script> [8489 bytes]","args":[{"element-6066-11e4-a52e-4f735466cecf":"f.B713056A9316196A9232F0DF0934CF03.d.10DEC204A473CA901F9A8B040D7D2A29.e.18240","ELEMENT":"f.B713056A9316196A9232F0DF0934CF03.d.10DEC204A473CA901F9A8B040D7D2A29.e.18240"}]}
RESULT: {"script":"<script> [8489 bytes]","args":[{"element-6066-11e4-a52e-4f735466cecf":"f.B713056A9316196A9232F0DF0934CF03.d.10DEC204A473CA901F9A8B040D7D2A29.e.18240","ELEMENT":"f.B713056A9316196A9232F0DF0934CF03.d.10DEC204A473CA901F9A8B040D7D2A29.e.18240"}]}
COMMAND: GET /session/6cd8861519be2314cbde44996230575a/element/f.B713056A9316196A9232F0DF0934CF03.d.10DEC204A473CA901F9A8B040D7D2A29.e.18240/enabled - {}
COMMAND: GET /session/6cd8861519be2314cbde44996230575a/screenshot - {}
RESULT: {}
COMMAND: POST /session/6cd8861519be2314cbde44996230575a/element/f.B713056A9316196A9232F0DF0934CF03.d.10DEC204A473CA901F9A8B040D7D2A29.e.18240/click - {}
COMMAND: GET /session/6cd8861519be2314cbde44996230575a/screenshot - {}
RESULT: {}
RESULT: {}
COMMAND: GET /session/6cd8861519be2314cbde44996230575a/screenshot - {}
RESULT: {}
RESULT: {}
COMMAND: POST /session/6cd8861519be2314cbde44996230575a/element/f.B713056A9316196A9232F0DF0934CF03.d.10DEC204A473CA901F9A8B040D7D2A29.e.18240/clear - {}
RESULT: {}
COMMAND: POST /session/6cd8861519be2314cbde44996230575a/element/f.B713056A9316196A9232F0DF0934CF03.d.10DEC204A473CA901F9A8B040D7D2A29.e.18240/value - {"text":"10173"}
COMMAND: GET /session/6cd8861519be2314cbde44996230575a/screenshot - {}
RESULT: {"text":"10173"}
COMMAND: POST /session/6cd8861519be2314cbde44996230575a/actions - {"actions":[{"id":"action58","type":"key","parameters":{},"actions":[{"type":"keyDown","value":""},{"type":"pause","duration":10},{"type":"keyUp","value":""}]}]}
COMMAND: GET /session/6cd8861519be2314cbde44996230575a/screenshot - {}
RESULT: {}
RESULT: {"actions":[{"id":"action58","type":"key","parameters":{},"actions":[{"type":"keyDown","value":""},{"type":"pause","duration":10},{"type":"keyUp","value":""}]}]}
COMMAND: GET /session/6cd8861519be2314cbde44996230575a/screenshot - {}
RESULT: {}
RESULT: {}
COMMAND: POST /session/6cd8861519be2314cbde44996230575a/element - {"using":"xpath","value":"//span[contains(@id ,\"application-billingtransfer-display-component---billingWorkbench--smartTableBillingRuns-header-inner\")]"}
RESULT: {"using":"xpath","value":"//span[contains(@id ,\"application-billingtransfer-display-component---billingWorkbench--smartTableBillingRuns-header-inner\")]"}
COMMAND: POST /session/6cd8861519be2314cbde44996230575a/elements - {"using":"xpath","value":"//span[contains(@id ,\"application-billingtransfer-display-component---billingWorkbench--smartTableBillingRuns-header-inner\")]"}
RESULT: {"using":"xpath","value":"//span[contains(@id ,\"application-billingtransfer-display-component---billingWorkbench--smartTableBillingRuns-header-inner\")]"}
COMMAND: POST /session/6cd8861519be2314cbde44996230575a/execute/sync - {"script":"<script> [56 bytes]","args":[{"element-6066-11e4-a52e-4f735466cecf":"f.B713056A9316196A9232F0DF0934CF03.d.10DEC204A473CA901F9A8B040D7D2A29.e.18336","ELEMENT":"f.B713056A9316196A9232F0DF0934CF03.d.10DEC204A473CA901F9A8B040D7D2A29.e.18336"}]}
RESULT: {"script":"<script> [56 bytes]","args":[{"element-6066-11e4-a52e-4f735466cecf":"f.B713056A9316196A9232F0DF0934CF03.d.10DEC204A473CA901F9A8B040D7D2A29.e.18336","ELEMENT":"f.B713056A9316196A9232F0DF0934CF03.d.10DEC204A473CA901F9A8B040D7D2A29.e.18336"}]}
COMMAND: POST /session/6cd8861519be2314cbde44996230575a/element - {"using":"xpath","value":"//td[@aria-colindex=\"1\"]/div/div[contains(@class, \"sapMCbBg\")]"}
COMMAND: GET /session/6cd8861519be2314cbde44996230575a/screenshot - {}
RESULT: {"using":"xpath","value":"//td[@aria-colindex=\"1\"]/div/div[contains(@class, \"sapMCbBg\")]"}
COMMAND: POST /session/6cd8861519be2314cbde44996230575a/element/f.B713056A9316196A9232F0DF0934CF03.d.10DEC204A473CA901F9A8B040D7D2A29.e.18326/click - {}
RESULT: {}
RESULT: {}
COMMAND: GET /session/6cd8861519be2314cbde44996230575a/screenshot - {}
RESULT: {}
COMMAND: POST /session/6cd8861519be2314cbde44996230575a/element - {"using":"xpath","value":"//bdi[contains(text(), \"Check\")]"}
RESULT: {"using":"xpath","value":"//bdi[contains(text(), \"Check\")]"}
COMMAND: POST /session/6cd8861519be2314cbde44996230575a/element/f.B713056A9316196A9232F0DF0934CF03.d.10DEC204A473CA901F9A8B040D7D2A29.e.18337/click - {}
RESULT: {}
COMMAND: GET /session/6cd8861519be2314cbde44996230575a/screenshot - {}
RESULT: {}
COMMAND: POST /session/6cd8861519be2314cbde44996230575a/element - {"using":"xpath","value":"//bdi[contains(text(), \"OK\")]"}
RESULT: {"using":"xpath","value":"//bdi[contains(text(), \"OK\")]"}
COMMAND: POST /session/6cd8861519be2314cbde44996230575a/element/f.B713056A9316196A9232F0DF0934CF03.d.10DEC204A473CA901F9A8B040D7D2A29.e.18340/click - {}
RESULT: {}
COMMAND: GET /session/6cd8861519be2314cbde44996230575a/screenshot - {}
RESULT: {}
COMMAND: POST /session/6cd8861519be2314cbde44996230575a/element - {"using":"xpath","value":"(//span[contains(text(), \"CO/SD checked\")]/parent::div/preceding-sibling::div/span)[1]"}
RESULT: {"using":"xpath","value":"(//span[contains(text(), \"CO/SD checked\")]/parent::div/preceding-sibling::div/span)[1]"}
COMMAND: POST /session/6cd8861519be2314cbde44996230575a/element/f.B713056A9316196A9232F0DF0934CF03.d.10DEC204A473CA901F9A8B040D7D2A29.e.18353/click - {}
RESULT: {}
COMMAND: GET /session/6cd8861519be2314cbde44996230575a/screenshot - {}
RESULT: {}
COMMAND: POST /session/6cd8861519be2314cbde44996230575a/element - {"using":"xpath","value":"//input[contains(@id ,\"application-billingtransfer-display-component---billingWorkbench--smartFilterBar-btnBasicSearch\")]"}
RESULT: {"using":"xpath","value":"//input[contains(@id ,\"application-billingtransfer-display-component---billingWorkbench--smartFilterBar-btnBasicSearch\")]"}
COMMAND: POST /session/6cd8861519be2314cbde44996230575a/elements - {"using":"xpath","value":"//input[contains(@id ,\"application-billingtransfer-display-component---billingWorkbench--smartFilterBar-btnBasicSearch\")]"}
RESULT: {"using":"xpath","value":"//input[contains(@id ,\"application-billingtransfer-display-component---billingWorkbench--smartFilterBar-btnBasicSearch\")]"}
COMMAND: POST /session/6cd8861519be2314cbde44996230575a/execute/sync - {"script":"<script> [8489 bytes]","args":[{"element-6066-11e4-a52e-4f735466cecf":"f.B713056A9316196A9232F0DF0934CF03.d.10DEC204A473CA901F9A8B040D7D2A29.e.18240","ELEMENT":"f.B713056A9316196A9232F0DF0934CF03.d.10DEC204A473CA901F9A8B040D7D2A29.e.18240"}]}
RESULT: {"script":"<script> [8489 bytes]","args":[{"element-6066-11e4-a52e-4f735466cecf":"f.B713056A9316196A9232F0DF0934CF03.d.10DEC204A473CA901F9A8B040D7D2A29.e.18240","ELEMENT":"f.B713056A9316196A9232F0DF0934CF03.d.10DEC204A473CA901F9A8B040D7D2A29.e.18240"}]}
COMMAND: GET /session/6cd8861519be2314cbde44996230575a/element/f.B713056A9316196A9232F0DF0934CF03.d.10DEC204A473CA901F9A8B040D7D2A29.e.18240/enabled - {}
COMMAND: GET /session/6cd8861519be2314cbde44996230575a/screenshot - {}
RESULT: {}
COMMAND: POST /session/6cd8861519be2314cbde44996230575a/element/f.B713056A9316196A9232F0DF0934CF03.d.10DEC204A473CA901F9A8B040D7D2A29.e.18240/click - {}
COMMAND: GET /session/6cd8861519be2314cbde44996230575a/screenshot - {}
RESULT: {}
RESULT: {}
COMMAND: GET /session/6cd8861519be2314cbde44996230575a/screenshot - {}
RESULT: {}
RESULT: {}
COMMAND: POST /session/6cd8861519be2314cbde44996230575a/element/f.B713056A9316196A9232F0DF0934CF03.d.10DEC204A473CA901F9A8B040D7D2A29.e.18240/clear - {}
RESULT: {}
COMMAND: POST /session/6cd8861519be2314cbde44996230575a/element/f.B713056A9316196A9232F0DF0934CF03.d.10DEC204A473CA901F9A8B040D7D2A29.e.18240/value - {"text":"10173"}
COMMAND: GET /session/6cd8861519be2314cbde44996230575a/screenshot - {}
RESULT: {"text":"10173"}
COMMAND: POST /session/6cd8861519be2314cbde44996230575a/actions - {"actions":[{"id":"action59","type":"key","parameters":{},"actions":[{"type":"keyDown","value":""},{"type":"pause","duration":10},{"type":"keyUp","value":""}]}]}
COMMAND: GET /session/6cd8861519be2314cbde44996230575a/screenshot - {}
RESULT: {}
RESULT: {"actions":[{"id":"action59","type":"key","parameters":{},"actions":[{"type":"keyDown","value":""},{"type":"pause","duration":10},{"type":"keyUp","value":""}]}]}
COMMAND: GET /session/6cd8861519be2314cbde44996230575a/screenshot - {}
RESULT: {}
RESULT: {}
COMMAND: POST /session/6cd8861519be2314cbde44996230575a/element - {"using":"xpath","value":"//span[contains(@id ,\"application-billingtransfer-display-component---billingWorkbench--smartTableBillingRuns-header-inner\")]"}
RESULT: {"using":"xpath","value":"//span[contains(@id ,\"application-billingtransfer-display-component---billingWorkbench--smartTableBillingRuns-header-inner\")]"}
COMMAND: POST /session/6cd8861519be2314cbde44996230575a/elements - {"using":"xpath","value":"//span[contains(@id ,\"application-billingtransfer-display-component---billingWorkbench--smartTableBillingRuns-header-inner\")]"}
RESULT: {"using":"xpath","value":"//span[contains(@id ,\"application-billingtransfer-display-component---billingWorkbench--smartTableBillingRuns-header-inner\")]"}
COMMAND: POST /session/6cd8861519be2314cbde44996230575a/execute/sync - {"script":"<script> [56 bytes]","args":[{"element-6066-11e4-a52e-4f735466cecf":"f.B713056A9316196A9232F0DF0934CF03.d.10DEC204A473CA901F9A8B040D7D2A29.e.18336","ELEMENT":"f.B713056A9316196A9232F0DF0934CF03.d.10DEC204A473CA901F9A8B040D7D2A29.e.18336"}]}
RESULT: {"script":"<script> [56 bytes]","args":[{"element-6066-11e4-a52e-4f735466cecf":"f.B713056A9316196A9232F0DF0934CF03.d.10DEC204A473CA901F9A8B040D7D2A29.e.18336","ELEMENT":"f.B713056A9316196A9232F0DF0934CF03.d.10DEC204A473CA901F9A8B040D7D2A29.e.18336"}]}
COMMAND: POST /session/6cd8861519be2314cbde44996230575a/element - {"using":"xpath","value":"//td[@aria-colindex=\"1\"]/div/div[contains(@class, \"sapMCbBg\")]"}
COMMAND: GET /session/6cd8861519be2314cbde44996230575a/screenshot - {}
RESULT: {"using":"xpath","value":"//td[@aria-colindex=\"1\"]/div/div[contains(@class, \"sapMCbBg\")]"}
COMMAND: POST /session/6cd8861519be2314cbde44996230575a/element/f.B713056A9316196A9232F0DF0934CF03.d.10DEC204A473CA901F9A8B040D7D2A29.e.18358/click - {}
RESULT: {}
RESULT: {}
COMMAND: GET /session/6cd8861519be2314cbde44996230575a/screenshot - {}
RESULT: {}
COMMAND: POST /session/6cd8861519be2314cbde44996230575a/element - {"using":"xpath","value":"//bdi[text()=\"Transfer\"]"}
RESULT: {"using":"xpath","value":"//bdi[text()=\"Transfer\"]"}
COMMAND: POST /session/6cd8861519be2314cbde44996230575a/element/f.B713056A9316196A9232F0DF0934CF03.d.10DEC204A473CA901F9A8B040D7D2A29.e.18359/click - {}
RESULT: {}
COMMAND: GET /session/6cd8861519be2314cbde44996230575a/screenshot - {}
RESULT: {}
COMMAND: POST /session/6cd8861519be2314cbde44996230575a/element - {"using":"xpath","value":"//bdi[contains(text(), \"OK\")]"}
RESULT: {"using":"xpath","value":"//bdi[contains(text(), \"OK\")]"}
COMMAND: POST /session/6cd8861519be2314cbde44996230575a/element/f.B713056A9316196A9232F0DF0934CF03.d.10DEC204A473CA901F9A8B040D7D2A29.e.18362/click - {}
RESULT: {}
COMMAND: GET /session/6cd8861519be2314cbde44996230575a/screenshot - {}
RESULT: {}
COMMAND: POST /session/6cd8861519be2314cbde44996230575a/element - {"using":"xpath","value":"(//span[contains(text(), \"Completed\")]/parent::div/preceding-sibling::div/span)[1]"}
RESULT: {"using":"xpath","value":"(//span[contains(text(), \"Completed\")]/parent::div/preceding-sibling::div/span)[1]"}
COMMAND: POST /session/6cd8861519be2314cbde44996230575a/element/f.B713056A9316196A9232F0DF0934CF03.d.10DEC204A473CA901F9A8B040D7D2A29.e.18370/click - {}
RESULT: {}
COMMAND: POST /session/6cd8861519be2314cbde44996230575a/element - {"using":"xpath","value":"//input[contains(@id ,\"application-billingtransfer-display-component---billingWorkbench--smartFilterBar-btnBasicSearch\")]"}
COMMAND: GET /session/6cd8861519be2314cbde44996230575a/screenshot - {}
RESULT: {"using":"xpath","value":"//input[contains(@id ,\"application-billingtransfer-display-component---billingWorkbench--smartFilterBar-btnBasicSearch\")]"}
COMMAND: POST /session/6cd8861519be2314cbde44996230575a/elements - {"using":"xpath","value":"//input[contains(@id ,\"application-billingtransfer-display-component---billingWorkbench--smartFilterBar-btnBasicSearch\")]"}
RESULT: {}
RESULT: {"using":"xpath","value":"//input[contains(@id ,\"application-billingtransfer-display-component---billingWorkbench--smartFilterBar-btnBasicSearch\")]"}
COMMAND: POST /session/6cd8861519be2314cbde44996230575a/execute/sync - {"script":"<script> [8489 bytes]","args":[{"element-6066-11e4-a52e-4f735466cecf":"f.B713056A9316196A9232F0DF0934CF03.d.10DEC204A473CA901F9A8B040D7D2A29.e.18240","ELEMENT":"f.B713056A9316196A9232F0DF0934CF03.d.10DEC204A473CA901F9A8B040D7D2A29.e.18240"}]}
RESULT: {"script":"<script> [8489 bytes]","args":[{"element-6066-11e4-a52e-4f735466cecf":"f.B713056A9316196A9232F0DF0934CF03.d.10DEC204A473CA901F9A8B040D7D2A29.e.18240","ELEMENT":"f.B713056A9316196A9232F0DF0934CF03.d.10DEC204A473CA901F9A8B040D7D2A29.e.18240"}]}
COMMAND: GET /session/6cd8861519be2314cbde44996230575a/element/f.B713056A9316196A9232F0DF0934CF03.d.10DEC204A473CA901F9A8B040D7D2A29.e.18240/enabled - {}
COMMAND: GET /session/6cd8861519be2314cbde44996230575a/screenshot - {}
RESULT: {}
COMMAND: POST /session/6cd8861519be2314cbde44996230575a/element/f.B713056A9316196A9232F0DF0934CF03.d.10DEC204A473CA901F9A8B040D7D2A29.e.18240/click - {}
COMMAND: GET /session/6cd8861519be2314cbde44996230575a/screenshot - {}
RESULT: {}
RESULT: {}
COMMAND: GET /session/6cd8861519be2314cbde44996230575a/screenshot - {}
RESULT: {}
RESULT: {}
COMMAND: POST /session/6cd8861519be2314cbde44996230575a/element/f.B713056A9316196A9232F0DF0934CF03.d.10DEC204A473CA901F9A8B040D7D2A29.e.18240/clear - {}
RESULT: {}
COMMAND: POST /session/6cd8861519be2314cbde44996230575a/element/f.B713056A9316196A9232F0DF0934CF03.d.10DEC204A473CA901F9A8B040D7D2A29.e.18240/value - {"text":"10173"}
COMMAND: GET /session/6cd8861519be2314cbde44996230575a/screenshot - {}
RESULT: {"text":"10173"}
COMMAND: POST /session/6cd8861519be2314cbde44996230575a/actions - {"actions":[{"id":"action60","type":"key","parameters":{},"actions":[{"type":"keyDown","value":""},{"type":"pause","duration":10},{"type":"keyUp","value":""}]}]}
COMMAND: GET /session/6cd8861519be2314cbde44996230575a/screenshot - {}
RESULT: {}
RESULT: {"actions":[{"id":"action60","type":"key","parameters":{},"actions":[{"type":"keyDown","value":""},{"type":"pause","duration":10},{"type":"keyUp","value":""}]}]}
COMMAND: GET /session/6cd8861519be2314cbde44996230575a/screenshot - {}
RESULT: {}
RESULT: {}
COMMAND: POST /session/6cd8861519be2314cbde44996230575a/element - {"using":"xpath","value":"//span[contains(@id ,\"application-billingtransfer-display-component---billingWorkbench--smartTableBillingRuns-header-inner\")]"}
RESULT: {"using":"xpath","value":"//span[contains(@id ,\"application-billingtransfer-display-component---billingWorkbench--smartTableBillingRuns-header-inner\")]"}
COMMAND: POST /session/6cd8861519be2314cbde44996230575a/elements - {"using":"xpath","value":"//span[contains(@id ,\"application-billingtransfer-display-component---billingWorkbench--smartTableBillingRuns-header-inner\")]"}
RESULT: {"using":"xpath","value":"//span[contains(@id ,\"application-billingtransfer-display-component---billingWorkbench--smartTableBillingRuns-header-inner\")]"}
COMMAND: POST /session/6cd8861519be2314cbde44996230575a/execute/sync - {"script":"<script> [56 bytes]","args":[{"element-6066-11e4-a52e-4f735466cecf":"f.B713056A9316196A9232F0DF0934CF03.d.10DEC204A473CA901F9A8B040D7D2A29.e.18336","ELEMENT":"f.B713056A9316196A9232F0DF0934CF03.d.10DEC204A473CA901F9A8B040D7D2A29.e.18336"}]}
RESULT: {"script":"<script> [56 bytes]","args":[{"element-6066-11e4-a52e-4f735466cecf":"f.B713056A9316196A9232F0DF0934CF03.d.10DEC204A473CA901F9A8B040D7D2A29.e.18336","ELEMENT":"f.B713056A9316196A9232F0DF0934CF03.d.10DEC204A473CA901F9A8B040D7D2A29.e.18336"}]}
COMMAND: POST /session/6cd8861519be2314cbde44996230575a/element - {"using":"css selector","value":"#shell-header-logo"}
COMMAND: GET /session/6cd8861519be2314cbde44996230575a/screenshot - {}
RESULT: {"using":"css selector","value":"#shell-header-logo"}
COMMAND: POST /session/6cd8861519be2314cbde44996230575a/element/f.B713056A9316196A9232F0DF0934CF03.d.10DEC204A473CA901F9A8B040D7D2A29.e.18238/click - {}
RESULT: {}
RESULT: {}
COMMAND: GET /session/6cd8861519be2314cbde44996230575a/screenshot - {}
RESULT: {}
COMMAND: POST /session/6cd8861519be2314cbde44996230575a/element - {"using":"css selector","value":"#j_username"}
COMMAND: POST /session/6cd8861519be2314cbde44996230575a/url - {"url":"https://qa-testing-00-live-etm-ui.cfapps.eu10-004.hana.ondemand.com/"}
RESULT: {"using":"css selector","value":"#j_username"}
COMMAND: POST /session/6cd8861519be2314cbde44996230575a/element - {"using":"css selector","value":"#j_username"}
RESULT: {"url":"https://qa-testing-00-live-etm-ui.cfapps.eu10-004.hana.ondemand.com/"}
RESULT: undefined
COMMAND: GET /session/6cd8861519be2314cbde44996230575a/screenshot - {}
RESULT: {"using":"css selector","value":"#j_username"}
COMMAND: POST /session/6cd8861519be2314cbde44996230575a/element - {"using":"css selector","value":"#shell-header-logo"}
RESULT: {}
RESULT: {"using":"css selector","value":"#shell-header-logo"}
COMMAND: POST /session/6cd8861519be2314cbde44996230575a/execute/sync - {"script":"<script> [8489 bytes]","args":[{"element-6066-11e4-a52e-4f735466cecf":"f.B713056A9316196A9232F0DF0934CF03.d.C70DD9A552C1F107EC29248289FEC8BA.e.18385","ELEMENT":"f.B713056A9316196A9232F0DF0934CF03.d.C70DD9A552C1F107EC29248289FEC8BA.e.18385"}]}
RESULT: {"script":"<script> [8489 bytes]","args":[{"element-6066-11e4-a52e-4f735466cecf":"f.B713056A9316196A9232F0DF0934CF03.d.C70DD9A552C1F107EC29248289FEC8BA.e.18385","ELEMENT":"f.B713056A9316196A9232F0DF0934CF03.d.C70DD9A552C1F107EC29248289FEC8BA.e.18385"}]}
COMMAND: POST /session/6cd8861519be2314cbde44996230575a/element - {"using":"css selector","value":"#shell-header-logo"}
COMMAND: GET /session/6cd8861519be2314cbde44996230575a/screenshot - {}
RESULT: {"using":"css selector","value":"#shell-header-logo"}
COMMAND: POST /session/6cd8861519be2314cbde44996230575a/execute/sync - {"script":"<script> [8489 bytes]","args":[{"element-6066-11e4-a52e-4f735466cecf":"f.B713056A9316196A9232F0DF0934CF03.d.C70DD9A552C1F107EC29248289FEC8BA.e.18385","ELEMENT":"f.B713056A9316196A9232F0DF0934CF03.d.C70DD9A552C1F107EC29248289FEC8BA.e.18385"}]}
RESULT: {}
RESULT: {"script":"<script> [8489 bytes]","args":[{"element-6066-11e4-a52e-4f735466cecf":"f.B713056A9316196A9232F0DF0934CF03.d.C70DD9A552C1F107EC29248289FEC8BA.e.18385","ELEMENT":"f.B713056A9316196A9232F0DF0934CF03.d.C70DD9A552C1F107EC29248289FEC8BA.e.18385"}]}
COMMAND: POST /session/6cd8861519be2314cbde44996230575a/execute/sync - {"script":"<script> [5351 bytes]","args":[{"element-6066-11e4-a52e-4f735466cecf":"f.B713056A9316196A9232F0DF0934CF03.d.C70DD9A552C1F107EC29248289FEC8BA.e.18385","ELEMENT":"f.B713056A9316196A9232F0DF0934CF03.d.C70DD9A552C1F107EC29248289FEC8BA.e.18385"}]}
COMMAND: GET /session/6cd8861519be2314cbde44996230575a/screenshot - {}
RESULT: {"script":"<script> [5351 bytes]","args":[{"element-6066-11e4-a52e-4f735466cecf":"f.B713056A9316196A9232F0DF0934CF03.d.C70DD9A552C1F107EC29248289FEC8BA.e.18385","ELEMENT":"f.B713056A9316196A9232F0DF0934CF03.d.C70DD9A552C1F107EC29248289FEC8BA.e.18385"}]}
COMMAND: POST /session/6cd8861519be2314cbde44996230575a/element - {"using":"css selector","value":"#shell-header-logo"}
COMMAND: GET /session/6cd8861519be2314cbde44996230575a/screenshot - {}
RESULT: {}
RESULT: {"using":"css selector","value":"#shell-header-logo"}
COMMAND: POST /session/6cd8861519be2314cbde44996230575a/element/f.B713056A9316196A9232F0DF0934CF03.d.C70DD9A552C1F107EC29248289FEC8BA.e.18385/click - {}
RESULT: {}
RESULT: {}
COMMAND: GET /session/6cd8861519be2314cbde44996230575a/screenshot - {}
RESULT: {}
COMMAND: POST /session/6cd8861519be2314cbde44996230575a/execute/async - {"script":"<script> [189 bytes]","args":[]}
RESULT: {"script":"<script> [189 bytes]","args":[]}
COMMAND: POST /session/6cd8861519be2314cbde44996230575a/execute/async - {"script":"<script> [123 bytes]","args":[]}
RESULT: {"script":"<script> [123 bytes]","args":[]}
COMMAND: POST /session/6cd8861519be2314cbde44996230575a/timeouts - {"script":"<number>"}
RESULT: {"script":"<number>"}
COMMAND: GET /session/6cd8861519be2314cbde44996230575a/timeouts - {}
RESULT: {}
RESULT: undefined
COMMAND: POST /session/6cd8861519be2314cbde44996230575a/execute/async - {"script":"<script> [2676 bytes]","args":[]}
RESULT: {"script":"<script> [2676 bytes]","args":[]}
COMMAND: POST /session/6cd8861519be2314cbde44996230575a/execute/async - {"script":"<script> [2342 bytes]","args":[{"protocol":"http","hostname":"0.0.0.0","path":"/","capabilities":{"browserName":"chrome","goog:chromeOptions":{"binary":"C:\\Program Files\\Google\\Chrome\\Application\\chrome.exe","args":["--start-maximized"]}},"logLevel":"warn","connectionRetryTimeout":120000,"connectionRetryCount":3,"logLevels":{},"enableDirectConnect":true,"strictSSL":true,"_":"65 more keys: [\"cacheDir\",\"port\",\"requestedCapabilities\",\"automationProtocol\",\"baseUrl\",\"waitforInterval\",\"waitforTimeout\",\"onReload\",\"beforeCommand\",\"afterCommand\",\"rootDir\",\"specs\",\"suites\",\"exclude\",\"groupLogsByTestSpec\",\"excludeDriverLogs\",\"bail\",\"framework\",\"reporters\",\"services\",\"maxInstances\",\"maxInstancesPerCapability\",\"injectGlobals\",\"filesToWatch\",\"execArgv\",\"runnerEnv\",\"runner\",\"shard\",\"specFileRetries\",\"specFileRetriesDelay\",\"specFileRetriesDeferred\",\"reporterSyncInterval\",\"reporterSyncTimeout\",\"cucumberFeaturesWithLineNumbers\",\"autoCompileOpts\",\"mochaOpts\",\"jasmineOpts\",\"cucumberOpts\",\"onPrepare\",\"onWorkerStart\",\"onWorkerEnd\",\"before\",\"beforeSession\",\"beforeSuite\",\"beforeHook\",\"beforeTest\",\"afterTest\",\"afterHook\",\"afterSuite\",\"afterSession\",\"after\",\"onComplete\",\"beforeAssertion\",\"afterAssertion\",\"beforeFeature\",\"beforeScenario\",\"beforeStep\",\"afterStep\",\"afterScenario\",\"afterFeature\",\"_\",\"suite\",\"$0\",\"ignoredWorkerServices\",\"wdi5\"]"}]}
RESULT: {"script":"<script> [2342 bytes]","args":[{"protocol":"http","hostname":"0.0.0.0","path":"/","capabilities":{"browserName":"chrome","goog:chromeOptions":{"binary":"C:\\Program Files\\Google\\Chrome\\Application\\chrome.exe","args":["--start-maximized"]}},"logLevel":"warn","connectionRetryTimeout":120000,"connectionRetryCount":3,"logLevels":{},"enableDirectConnect":true,"strictSSL":true,"_":"65 more keys: [\"cacheDir\",\"port\",\"requestedCapabilities\",\"automationProtocol\",\"baseUrl\",\"waitforInterval\",\"waitforTimeout\",\"onReload\",\"beforeCommand\",\"afterCommand\",\"rootDir\",\"specs\",\"suites\",\"exclude\",\"groupLogsByTestSpec\",\"excludeDriverLogs\",\"bail\",\"framework\",\"reporters\",\"services\",\"maxInstances\",\"maxInstancesPerCapability\",\"injectGlobals\",\"filesToWatch\",\"execArgv\",\"runnerEnv\",\"runner\",\"shard\",\"specFileRetries\",\"specFileRetriesDelay\",\"specFileRetriesDeferred\",\"reporterSyncInterval\",\"reporterSyncTimeout\",\"cucumberFeaturesWithLineNumbers\",\"autoCompileOpts\",\"mochaOpts\",\"jasmineOpts\",\"cucumberOpts\",\"onPrepare\",\"onWorkerStart\",\"onWorkerEnd\",\"before\",\"beforeSession\",\"beforeSuite\",\"beforeHook\",\"beforeTest\",\"afterTest\",\"afterHook\",\"afterSuite\",\"afterSession\",\"after\",\"onComplete\",\"beforeAssertion\",\"afterAssertion\",\"beforeFeature\",\"beforeScenario\",\"beforeStep\",\"afterStep\",\"afterScenario\",\"afterFeature\",\"_\",\"suite\",\"$0\",\"ignoredWorkerServices\",\"wdi5\"]"}]}
COMMAND: POST /session/6cd8861519be2314cbde44996230575a/execute/async - {"script":"<script> [21126 bytes]","args":[35000]}
RESULT: {"script":"<script> [21126 bytes]","args":[35000]}
COMMAND: POST /session/6cd8861519be2314cbde44996230575a/window/maximize - {}
RESULT: {}
COMMAND: POST /session/6cd8861519be2314cbde44996230575a/execute/async - {"script":"<script> [1562 bytes]","args":[{"selector":{"id":"shell-header","interaction":{"idSuffix":"icon"}},"wdio_ui5_key":"shellheader"}]}
COMMAND: GET /session/6cd8861519be2314cbde44996230575a/screenshot - {}
RESULT: {"script":"<script> [1562 bytes]","args":[{"selector":{"id":"shell-header","interaction":{"idSuffix":"icon"}},"wdio_ui5_key":"shellheader"}]}
RESULT: undefined
COMMAND: POST /session/6cd8861519be2314cbde44996230575a/refresh - {}
RESULT: {}
RESULT: {}
COMMAND: GET /session/6cd8861519be2314cbde44996230575a/screenshot - {}
RESULT: {}
COMMAND: POST /session/6cd8861519be2314cbde44996230575a/refresh - {}
RESULT: {}
COMMAND: GET /session/6cd8861519be2314cbde44996230575a/screenshot - {}
RESULT: {}
COMMAND: POST /session/6cd8861519be2314cbde44996230575a/window/fullscreen - {}
RESULT: {}
COMMAND: POST /session/6cd8861519be2314cbde44996230575a/execute/async - {"script":"<script> [189 bytes]","args":[]}
RESULT: {"script":"<script> [189 bytes]","args":[]}
COMMAND: POST /session/6cd8861519be2314cbde44996230575a/execute/async - {"script":"<script> [123 bytes]","args":[]}
RESULT: {"script":"<script> [123 bytes]","args":[]}
COMMAND: POST /session/6cd8861519be2314cbde44996230575a/timeouts - {"script":"<number>"}
RESULT: {"script":"<number>"}
COMMAND: GET /session/6cd8861519be2314cbde44996230575a/timeouts - {}
RESULT: {}
RESULT: undefined
COMMAND: POST /session/6cd8861519be2314cbde44996230575a/execute/async - {"script":"<script> [2676 bytes]","args":[]}
RESULT: {"script":"<script> [2676 bytes]","args":[]}
COMMAND: POST /session/6cd8861519be2314cbde44996230575a/execute/async - {"script":"<script> [2342 bytes]","args":[{"protocol":"http","hostname":"0.0.0.0","path":"/","capabilities":{"browserName":"chrome","goog:chromeOptions":{"binary":"C:\\Program Files\\Google\\Chrome\\Application\\chrome.exe","args":["--start-maximized"]}},"logLevel":"warn","connectionRetryTimeout":120000,"connectionRetryCount":3,"logLevels":{},"enableDirectConnect":true,"strictSSL":true,"_":"65 more keys: [\"cacheDir\",\"port\",\"requestedCapabilities\",\"automationProtocol\",\"baseUrl\",\"waitforInterval\",\"waitforTimeout\",\"onReload\",\"beforeCommand\",\"afterCommand\",\"rootDir\",\"specs\",\"suites\",\"exclude\",\"groupLogsByTestSpec\",\"excludeDriverLogs\",\"bail\",\"framework\",\"reporters\",\"services\",\"maxInstances\",\"maxInstancesPerCapability\",\"injectGlobals\",\"filesToWatch\",\"execArgv\",\"runnerEnv\",\"runner\",\"shard\",\"specFileRetries\",\"specFileRetriesDelay\",\"specFileRetriesDeferred\",\"reporterSyncInterval\",\"reporterSyncTimeout\",\"cucumberFeaturesWithLineNumbers\",\"autoCompileOpts\",\"mochaOpts\",\"jasmineOpts\",\"cucumberOpts\",\"onPrepare\",\"onWorkerStart\",\"onWorkerEnd\",\"before\",\"beforeSession\",\"beforeSuite\",\"beforeHook\",\"beforeTest\",\"afterTest\",\"afterHook\",\"afterSuite\",\"afterSession\",\"after\",\"onComplete\",\"beforeAssertion\",\"afterAssertion\",\"beforeFeature\",\"beforeScenario\",\"beforeStep\",\"afterStep\",\"afterScenario\",\"afterFeature\",\"_\",\"suite\",\"$0\",\"ignoredWorkerServices\",\"wdi5\"]"}]}
RESULT: {"script":"<script> [2342 bytes]","args":[{"protocol":"http","hostname":"0.0.0.0","path":"/","capabilities":{"browserName":"chrome","goog:chromeOptions":{"binary":"C:\\Program Files\\Google\\Chrome\\Application\\chrome.exe","args":["--start-maximized"]}},"logLevel":"warn","connectionRetryTimeout":120000,"connectionRetryCount":3,"logLevels":{},"enableDirectConnect":true,"strictSSL":true,"_":"65 more keys: [\"cacheDir\",\"port\",\"requestedCapabilities\",\"automationProtocol\",\"baseUrl\",\"waitforInterval\",\"waitforTimeout\",\"onReload\",\"beforeCommand\",\"afterCommand\",\"rootDir\",\"specs\",\"suites\",\"exclude\",\"groupLogsByTestSpec\",\"excludeDriverLogs\",\"bail\",\"framework\",\"reporters\",\"services\",\"maxInstances\",\"maxInstancesPerCapability\",\"injectGlobals\",\"filesToWatch\",\"execArgv\",\"runnerEnv\",\"runner\",\"shard\",\"specFileRetries\",\"specFileRetriesDelay\",\"specFileRetriesDeferred\",\"reporterSyncInterval\",\"reporterSyncTimeout\",\"cucumberFeaturesWithLineNumbers\",\"autoCompileOpts\",\"mochaOpts\",\"jasmineOpts\",\"cucumberOpts\",\"onPrepare\",\"onWorkerStart\",\"onWorkerEnd\",\"before\",\"beforeSession\",\"beforeSuite\",\"beforeHook\",\"beforeTest\",\"afterTest\",\"afterHook\",\"afterSuite\",\"afterSession\",\"after\",\"onComplete\",\"beforeAssertion\",\"afterAssertion\",\"beforeFeature\",\"beforeScenario\",\"beforeStep\",\"afterStep\",\"afterScenario\",\"afterFeature\",\"_\",\"suite\",\"$0\",\"ignoredWorkerServices\",\"wdi5\"]"}]}
COMMAND: POST /session/6cd8861519be2314cbde44996230575a/execute/async - {"script":"<script> [21126 bytes]","args":[35000]}
RESULT: {"script":"<script> [21126 bytes]","args":[35000]}
]]></system-out>
    </testcase>
  </testsuite>
  <testsuite timestamp="2025-05-23T18:15:15" time="753.518" tests="12" failures="0" errors="0" skipped="0">
    <properties>
      <property name="specId" value="0"/>
      <property name="suiteName" value="Create Reverse Billing US127248"/>
      <property name="capabilities" value="chrome.136_0_7103_93.windows"/>
      <property name="file" value="file:///D:/a/1/s/test/specs/BTS/reverse-billing.spec.js"/>
    </properties>
    <testcase classname="chrome.136_0_7103_93.windows.Create_Reverse_Billing_US127248" name="Should create a new yard" time="0.012">
      <system-out><![CDATA[
COMMAND: POST /session/6cd8861519be2314cbde44996230575a/window/fullscreen - {}
RESULT: {}
]]></system-out>
    </testcase>
    <testcase classname="chrome.136_0_7103_93.windows.Create_Reverse_Billing_US127248" name="Should create a new partner" time="0.007"/>
    <testcase classname="chrome.136_0_7103_93.windows.Create_Reverse_Billing_US127248" name="Should create a new site" time="0.004"/>
    <testcase classname="chrome.136_0_7103_93.windows.Create_Reverse_Billing_US127248" name="Should create a resource" time="160.237">
      <system-out><![CDATA[
COMMAND: POST /session/6cd8861519be2314cbde44996230575a/execute/async - {"script":"<script> [1562 bytes]","args":[{"selector":{"controlType":"sap.m.GenericTile","properties":{"header":"Manage Resources"}},"wdio_ui5_key":"sapm.GenericTile{\"header\":\"Manage Resources\"}"}]}
RESULT: {"script":"<script> [1562 bytes]","args":[{"selector":{"controlType":"sap.m.GenericTile","properties":{"header":"Manage Resources"}},"wdio_ui5_key":"sapm.GenericTile{\"header\":\"Manage Resources\"}"}]}
RESULT: undefined
COMMAND: POST /session/6cd8861519be2314cbde44996230575a/element - {"using":"xpath","value":"//*[@id=\"__tile39\"]"}
RESULT: {"using":"xpath","value":"//*[@id=\"__tile39\"]"}
COMMAND: POST /session/6cd8861519be2314cbde44996230575a/element/f.B713056A9316196A9232F0DF0934CF03.d.70A476AF6FB96E8FE9CE5E8CC1401950.e.18527/click - {}
RESULT: {}
COMMAND: GET /session/6cd8861519be2314cbde44996230575a/screenshot - {}
COMMAND: POST /session/6cd8861519be2314cbde44996230575a/elements - {"using":"xpath","value":"//span[text()='Error']"}
RESULT: {}
RESULT: {"using":"xpath","value":"//span[text()='Error']"}
COMMAND: POST /session/6cd8861519be2314cbde44996230575a/element - {"using":"xpath","value":"//button[@data-kt=\"addNewRUOverflowToolbarButton\"]"}
RESULT: {"using":"xpath","value":"//button[@data-kt=\"addNewRUOverflowToolbarButton\"]"}
COMMAND: POST /session/6cd8861519be2314cbde44996230575a/elements - {"using":"xpath","value":"//button[@data-kt=\"addNewRUOverflowToolbarButton\"]"}
RESULT: {"using":"xpath","value":"//button[@data-kt=\"addNewRUOverflowToolbarButton\"]"}
COMMAND: POST /session/6cd8861519be2314cbde44996230575a/elements - {"using":"xpath","value":"//button[@data-kt=\"addNewRUOverflowToolbarButton\"]"}
RESULT: {"using":"xpath","value":"//button[@data-kt=\"addNewRUOverflowToolbarButton\"]"}
COMMAND: POST /session/6cd8861519be2314cbde44996230575a/elements - {"using":"xpath","value":"//button[@data-kt=\"addNewRUOverflowToolbarButton\"]"}
RESULT: {"using":"xpath","value":"//button[@data-kt=\"addNewRUOverflowToolbarButton\"]"}
COMMAND: POST /session/6cd8861519be2314cbde44996230575a/elements - {"using":"xpath","value":"//button[@data-kt=\"addNewRUOverflowToolbarButton\"]"}
RESULT: {"using":"xpath","value":"//button[@data-kt=\"addNewRUOverflowToolbarButton\"]"}
COMMAND: POST /session/6cd8861519be2314cbde44996230575a/elements - {"using":"xpath","value":"//button[@data-kt=\"addNewRUOverflowToolbarButton\"]"}
RESULT: {"using":"xpath","value":"//button[@data-kt=\"addNewRUOverflowToolbarButton\"]"}
COMMAND: POST /session/6cd8861519be2314cbde44996230575a/elements - {"using":"xpath","value":"//button[@data-kt=\"addNewRUOverflowToolbarButton\"]"}
RESULT: {"using":"xpath","value":"//button[@data-kt=\"addNewRUOverflowToolbarButton\"]"}
COMMAND: POST /session/6cd8861519be2314cbde44996230575a/elements - {"using":"xpath","value":"//button[@data-kt=\"addNewRUOverflowToolbarButton\"]"}
RESULT: {"using":"xpath","value":"//button[@data-kt=\"addNewRUOverflowToolbarButton\"]"}
COMMAND: POST /session/6cd8861519be2314cbde44996230575a/elements - {"using":"xpath","value":"//button[@data-kt=\"addNewRUOverflowToolbarButton\"]"}
RESULT: {"using":"xpath","value":"//button[@data-kt=\"addNewRUOverflowToolbarButton\"]"}
COMMAND: POST /session/6cd8861519be2314cbde44996230575a/elements - {"using":"xpath","value":"//button[@data-kt=\"addNewRUOverflowToolbarButton\"]"}
RESULT: {"using":"xpath","value":"//button[@data-kt=\"addNewRUOverflowToolbarButton\"]"}
COMMAND: POST /session/6cd8861519be2314cbde44996230575a/elements - {"using":"xpath","value":"//button[@data-kt=\"addNewRUOverflowToolbarButton\"]"}
RESULT: {"using":"xpath","value":"//button[@data-kt=\"addNewRUOverflowToolbarButton\"]"}
COMMAND: POST /session/6cd8861519be2314cbde44996230575a/elements - {"using":"xpath","value":"//button[@data-kt=\"addNewRUOverflowToolbarButton\"]"}
RESULT: {"using":"xpath","value":"//button[@data-kt=\"addNewRUOverflowToolbarButton\"]"}
COMMAND: POST /session/6cd8861519be2314cbde44996230575a/elements - {"using":"xpath","value":"//button[@data-kt=\"addNewRUOverflowToolbarButton\"]"}
RESULT: {"using":"xpath","value":"//button[@data-kt=\"addNewRUOverflowToolbarButton\"]"}
COMMAND: POST /session/6cd8861519be2314cbde44996230575a/elements - {"using":"xpath","value":"//button[@data-kt=\"addNewRUOverflowToolbarButton\"]"}
RESULT: {"using":"xpath","value":"//button[@data-kt=\"addNewRUOverflowToolbarButton\"]"}
COMMAND: POST /session/6cd8861519be2314cbde44996230575a/elements - {"using":"xpath","value":"//button[@data-kt=\"addNewRUOverflowToolbarButton\"]"}
RESULT: {"using":"xpath","value":"//button[@data-kt=\"addNewRUOverflowToolbarButton\"]"}
COMMAND: POST /session/6cd8861519be2314cbde44996230575a/elements - {"using":"xpath","value":"//button[@data-kt=\"addNewRUOverflowToolbarButton\"]"}
RESULT: {"using":"xpath","value":"//button[@data-kt=\"addNewRUOverflowToolbarButton\"]"}
COMMAND: POST /session/6cd8861519be2314cbde44996230575a/elements - {"using":"xpath","value":"//button[@data-kt=\"addNewRUOverflowToolbarButton\"]"}
RESULT: {"using":"xpath","value":"//button[@data-kt=\"addNewRUOverflowToolbarButton\"]"}
COMMAND: POST /session/6cd8861519be2314cbde44996230575a/elements - {"using":"xpath","value":"//button[@data-kt=\"addNewRUOverflowToolbarButton\"]"}
RESULT: {"using":"xpath","value":"//button[@data-kt=\"addNewRUOverflowToolbarButton\"]"}
COMMAND: POST /session/6cd8861519be2314cbde44996230575a/elements - {"using":"xpath","value":"//button[@data-kt=\"addNewRUOverflowToolbarButton\"]"}
RESULT: {"using":"xpath","value":"//button[@data-kt=\"addNewRUOverflowToolbarButton\"]"}
COMMAND: POST /session/6cd8861519be2314cbde44996230575a/elements - {"using":"xpath","value":"//button[@data-kt=\"addNewRUOverflowToolbarButton\"]"}
RESULT: {"using":"xpath","value":"//button[@data-kt=\"addNewRUOverflowToolbarButton\"]"}
COMMAND: POST /session/6cd8861519be2314cbde44996230575a/elements - {"using":"xpath","value":"//button[@data-kt=\"addNewRUOverflowToolbarButton\"]"}
RESULT: {"using":"xpath","value":"//button[@data-kt=\"addNewRUOverflowToolbarButton\"]"}
COMMAND: POST /session/6cd8861519be2314cbde44996230575a/elements - {"using":"xpath","value":"//button[@data-kt=\"addNewRUOverflowToolbarButton\"]"}
RESULT: {"using":"xpath","value":"//button[@data-kt=\"addNewRUOverflowToolbarButton\"]"}
COMMAND: POST /session/6cd8861519be2314cbde44996230575a/elements - {"using":"xpath","value":"//button[@data-kt=\"addNewRUOverflowToolbarButton\"]"}
RESULT: {"using":"xpath","value":"//button[@data-kt=\"addNewRUOverflowToolbarButton\"]"}
COMMAND: POST /session/6cd8861519be2314cbde44996230575a/elements - {"using":"xpath","value":"//button[@data-kt=\"addNewRUOverflowToolbarButton\"]"}
RESULT: {"using":"xpath","value":"//button[@data-kt=\"addNewRUOverflowToolbarButton\"]"}
COMMAND: POST /session/6cd8861519be2314cbde44996230575a/elements - {"using":"xpath","value":"//button[@data-kt=\"addNewRUOverflowToolbarButton\"]"}
RESULT: {"using":"xpath","value":"//button[@data-kt=\"addNewRUOverflowToolbarButton\"]"}
COMMAND: POST /session/6cd8861519be2314cbde44996230575a/elements - {"using":"xpath","value":"//button[@data-kt=\"addNewRUOverflowToolbarButton\"]"}
RESULT: {"using":"xpath","value":"//button[@data-kt=\"addNewRUOverflowToolbarButton\"]"}
COMMAND: POST /session/6cd8861519be2314cbde44996230575a/elements - {"using":"xpath","value":"//button[@data-kt=\"addNewRUOverflowToolbarButton\"]"}
RESULT: {"using":"xpath","value":"//button[@data-kt=\"addNewRUOverflowToolbarButton\"]"}
COMMAND: POST /session/6cd8861519be2314cbde44996230575a/elements - {"using":"xpath","value":"//button[@data-kt=\"addNewRUOverflowToolbarButton\"]"}
RESULT: {"using":"xpath","value":"//button[@data-kt=\"addNewRUOverflowToolbarButton\"]"}
COMMAND: POST /session/6cd8861519be2314cbde44996230575a/elements - {"using":"xpath","value":"//button[@data-kt=\"addNewRUOverflowToolbarButton\"]"}
RESULT: {"using":"xpath","value":"//button[@data-kt=\"addNewRUOverflowToolbarButton\"]"}
COMMAND: POST /session/6cd8861519be2314cbde44996230575a/elements - {"using":"xpath","value":"//button[@data-kt=\"addNewRUOverflowToolbarButton\"]"}
RESULT: {"using":"xpath","value":"//button[@data-kt=\"addNewRUOverflowToolbarButton\"]"}
COMMAND: POST /session/6cd8861519be2314cbde44996230575a/elements - {"using":"xpath","value":"//button[@data-kt=\"addNewRUOverflowToolbarButton\"]"}
RESULT: {"using":"xpath","value":"//button[@data-kt=\"addNewRUOverflowToolbarButton\"]"}
COMMAND: POST /session/6cd8861519be2314cbde44996230575a/elements - {"using":"xpath","value":"//button[@data-kt=\"addNewRUOverflowToolbarButton\"]"}
RESULT: {"using":"xpath","value":"//button[@data-kt=\"addNewRUOverflowToolbarButton\"]"}
COMMAND: POST /session/6cd8861519be2314cbde44996230575a/elements - {"using":"xpath","value":"//button[@data-kt=\"addNewRUOverflowToolbarButton\"]"}
RESULT: {"using":"xpath","value":"//button[@data-kt=\"addNewRUOverflowToolbarButton\"]"}
COMMAND: POST /session/6cd8861519be2314cbde44996230575a/elements - {"using":"xpath","value":"//button[@data-kt=\"addNewRUOverflowToolbarButton\"]"}
RESULT: {"using":"xpath","value":"//button[@data-kt=\"addNewRUOverflowToolbarButton\"]"}
COMMAND: POST /session/6cd8861519be2314cbde44996230575a/elements - {"using":"xpath","value":"//button[@data-kt=\"addNewRUOverflowToolbarButton\"]"}
RESULT: {"using":"xpath","value":"//button[@data-kt=\"addNewRUOverflowToolbarButton\"]"}
COMMAND: POST /session/6cd8861519be2314cbde44996230575a/elements - {"using":"xpath","value":"//button[@data-kt=\"addNewRUOverflowToolbarButton\"]"}
RESULT: {"using":"xpath","value":"//button[@data-kt=\"addNewRUOverflowToolbarButton\"]"}
COMMAND: POST /session/6cd8861519be2314cbde44996230575a/elements - {"using":"xpath","value":"//button[@data-kt=\"addNewRUOverflowToolbarButton\"]"}
RESULT: {"using":"xpath","value":"//button[@data-kt=\"addNewRUOverflowToolbarButton\"]"}
COMMAND: POST /session/6cd8861519be2314cbde44996230575a/elements - {"using":"xpath","value":"//button[@data-kt=\"addNewRUOverflowToolbarButton\"]"}
RESULT: {"using":"xpath","value":"//button[@data-kt=\"addNewRUOverflowToolbarButton\"]"}
COMMAND: POST /session/6cd8861519be2314cbde44996230575a/element - {"using":"xpath","value":"//button[@data-kt=\"addNewRUOverflowToolbarButton\"]"}
RESULT: {"using":"xpath","value":"//button[@data-kt=\"addNewRUOverflowToolbarButton\"]"}
COMMAND: POST /session/6cd8861519be2314cbde44996230575a/execute/sync - {"script":"<script> [8489 bytes]","args":[{"element-6066-11e4-a52e-4f735466cecf":"f.B713056A9316196A9232F0DF0934CF03.d.70A476AF6FB96E8FE9CE5E8CC1401950.e.18667","ELEMENT":"f.B713056A9316196A9232F0DF0934CF03.d.70A476AF6FB96E8FE9CE5E8CC1401950.e.18667"}]}
RESULT: {"script":"<script> [8489 bytes]","args":[{"element-6066-11e4-a52e-4f735466cecf":"f.B713056A9316196A9232F0DF0934CF03.d.70A476AF6FB96E8FE9CE5E8CC1401950.e.18667","ELEMENT":"f.B713056A9316196A9232F0DF0934CF03.d.70A476AF6FB96E8FE9CE5E8CC1401950.e.18667"}]}
COMMAND: GET /session/6cd8861519be2314cbde44996230575a/element/f.B713056A9316196A9232F0DF0934CF03.d.70A476AF6FB96E8FE9CE5E8CC1401950.e.18667/enabled - {}
COMMAND: GET /session/6cd8861519be2314cbde44996230575a/screenshot - {}
RESULT: {}
COMMAND: POST /session/6cd8861519be2314cbde44996230575a/execute/sync - {"script":"<script> [8489 bytes]","args":[{"element-6066-11e4-a52e-4f735466cecf":"f.B713056A9316196A9232F0DF0934CF03.d.70A476AF6FB96E8FE9CE5E8CC1401950.e.18667","ELEMENT":"f.B713056A9316196A9232F0DF0934CF03.d.70A476AF6FB96E8FE9CE5E8CC1401950.e.18667"}]}
COMMAND: GET /session/6cd8861519be2314cbde44996230575a/screenshot - {}
RESULT: {}
RESULT: {"script":"<script> [8489 bytes]","args":[{"element-6066-11e4-a52e-4f735466cecf":"f.B713056A9316196A9232F0DF0934CF03.d.70A476AF6FB96E8FE9CE5E8CC1401950.e.18667","ELEMENT":"f.B713056A9316196A9232F0DF0934CF03.d.70A476AF6FB96E8FE9CE5E8CC1401950.e.18667"}]}
COMMAND: POST /session/6cd8861519be2314cbde44996230575a/execute/sync - {"script":"<script> [5351 bytes]","args":[{"element-6066-11e4-a52e-4f735466cecf":"f.B713056A9316196A9232F0DF0934CF03.d.70A476AF6FB96E8FE9CE5E8CC1401950.e.18667","ELEMENT":"f.B713056A9316196A9232F0DF0934CF03.d.70A476AF6FB96E8FE9CE5E8CC1401950.e.18667"}]}
COMMAND: GET /session/6cd8861519be2314cbde44996230575a/screenshot - {}
RESULT: {}
RESULT: {"script":"<script> [5351 bytes]","args":[{"element-6066-11e4-a52e-4f735466cecf":"f.B713056A9316196A9232F0DF0934CF03.d.70A476AF6FB96E8FE9CE5E8CC1401950.e.18667","ELEMENT":"f.B713056A9316196A9232F0DF0934CF03.d.70A476AF6FB96E8FE9CE5E8CC1401950.e.18667"}]}
COMMAND: POST /session/6cd8861519be2314cbde44996230575a/element/f.B713056A9316196A9232F0DF0934CF03.d.70A476AF6FB96E8FE9CE5E8CC1401950.e.18667/click - {}
COMMAND: GET /session/6cd8861519be2314cbde44996230575a/screenshot - {}
RESULT: {}
RESULT: {}
COMMAND: GET /session/6cd8861519be2314cbde44996230575a/screenshot - {}
COMMAND: POST /session/6cd8861519be2314cbde44996230575a/execute/async - {"script":"<script> [1562 bytes]","args":[{"selector":{"id":"application-manageresources-display-component---newResourceUnit--TYPE-arrow"},"wdio_ui5_key":"applicationmanageresources-display-component---newResourceUnit--TYPE-arrow"}]}
RESULT: {}
RESULT: {}
RESULT: {"script":"<script> [1562 bytes]","args":[{"selector":{"id":"application-manageresources-display-component---newResourceUnit--TYPE-arrow"},"wdio_ui5_key":"applicationmanageresources-display-component---newResourceUnit--TYPE-arrow"}]}
RESULT: undefined
COMMAND: POST /session/6cd8861519be2314cbde44996230575a/element - {"using":"xpath","value":"//*[@id=\"application-manageresources-display-component---newResourceUnit--TYPE-arrow\"]"}
RESULT: {"using":"xpath","value":"//*[@id=\"application-manageresources-display-component---newResourceUnit--TYPE-arrow\"]"}
COMMAND: POST /session/6cd8861519be2314cbde44996230575a/element/f.B713056A9316196A9232F0DF0934CF03.d.70A476AF6FB96E8FE9CE5E8CC1401950.e.19022/click - {}
RESULT: {}
COMMAND: POST /session/6cd8861519be2314cbde44996230575a/element - {"using":"xpath","value":"//input[@id=\"application-manageresources-display-component---newResourceUnit--TYPE-inner\"]"}
COMMAND: GET /session/6cd8861519be2314cbde44996230575a/screenshot - {}
RESULT: {"using":"xpath","value":"//input[@id=\"application-manageresources-display-component---newResourceUnit--TYPE-inner\"]"}
COMMAND: POST /session/6cd8861519be2314cbde44996230575a/element/f.B713056A9316196A9232F0DF0934CF03.d.70A476AF6FB96E8FE9CE5E8CC1401950.e.19018/clear - {}
RESULT: {}
RESULT: {}
COMMAND: POST /session/6cd8861519be2314cbde44996230575a/element/f.B713056A9316196A9232F0DF0934CF03.d.70A476AF6FB96E8FE9CE5E8CC1401950.e.19018/value - {"text":"Equipment"}
COMMAND: GET /session/6cd8861519be2314cbde44996230575a/screenshot - {}
RESULT: {"text":"Equipment"}
COMMAND: GET /session/6cd8861519be2314cbde44996230575a/screenshot - {}
RESULT: {}
RESULT: {}
COMMAND: POST /session/6cd8861519be2314cbde44996230575a/actions - {"actions":[{"id":"action61","type":"key","parameters":{},"actions":[{"type":"keyDown","value":""},{"type":"pause","duration":10},{"type":"keyUp","value":""}]}]}
RESULT: {"actions":[{"id":"action61","type":"key","parameters":{},"actions":[{"type":"keyDown","value":""},{"type":"pause","duration":10},{"type":"keyUp","value":""}]}]}
COMMAND: POST /session/6cd8861519be2314cbde44996230575a/execute/async - {"script":"<script> [1562 bytes]","args":[{"selector":{"id":"application-manageresources-display-component---newResourceUnit--resourceId","interaction":{"idSuffix":"inner"}},"wdio_ui5_key":"applicationmanageresources-display-component---newResourceUnit--resourceId"}]}
COMMAND: GET /session/6cd8861519be2314cbde44996230575a/screenshot - {}
RESULT: {"script":"<script> [1562 bytes]","args":[{"selector":{"id":"application-manageresources-display-component---newResourceUnit--resourceId","interaction":{"idSuffix":"inner"}},"wdio_ui5_key":"applicationmanageresources-display-component---newResourceUnit--resourceId"}]}
RESULT: undefined
COMMAND: POST /session/6cd8861519be2314cbde44996230575a/execute/async - {"script":"<script> [776 bytes]","args":[{"enterText":"WEXZu3JglS","selector":{"id":"application-manageresources-display-component---newResourceUnit--resourceId","interaction":{"idSuffix":"inner"}},"clearTextFirst":true,"interactionType":"ENTER_TEXT"}]}
RESULT: {}
RESULT: {"script":"<script> [776 bytes]","args":[{"enterText":"WEXZu3JglS","selector":{"id":"application-manageresources-display-component---newResourceUnit--resourceId","interaction":{"idSuffix":"inner"}},"clearTextFirst":true,"interactionType":"ENTER_TEXT"}]}
COMMAND: POST /session/6cd8861519be2314cbde44996230575a/execute/async - {"script":"<script> [1562 bytes]","args":[{"selector":{"id":"application-manageresources-display-component---newResourceUnit--SHORT_TEXT","interaction":{"idSuffix":"inner"}},"wdio_ui5_key":"applicationmanageresources-display-component---newResourceUnit--SHORT_TEXT"}]}
RESULT: {"script":"<script> [1562 bytes]","args":[{"selector":{"id":"application-manageresources-display-component---newResourceUnit--SHORT_TEXT","interaction":{"idSuffix":"inner"}},"wdio_ui5_key":"applicationmanageresources-display-component---newResourceUnit--SHORT_TEXT"}]}
RESULT: undefined
COMMAND: POST /session/6cd8861519be2314cbde44996230575a/execute/async - {"script":"<script> [776 bytes]","args":[{"enterText":"Intercompany Equipment WDIO","selector":{"id":"application-manageresources-display-component---newResourceUnit--SHORT_TEXT","interaction":{"idSuffix":"inner"}},"clearTextFirst":true,"interactionType":"ENTER_TEXT"}]}
RESULT: {"script":"<script> [776 bytes]","args":[{"enterText":"Intercompany Equipment WDIO","selector":{"id":"application-manageresources-display-component---newResourceUnit--SHORT_TEXT","interaction":{"idSuffix":"inner"}},"clearTextFirst":true,"interactionType":"ENTER_TEXT"}]}
COMMAND: POST /session/6cd8861519be2314cbde44996230575a/execute/async - {"script":"<script> [1562 bytes]","args":[{"selector":{"id":"application-manageresources-display-component---newResourceUnit--BASE_UNIT_OF_MEASURE","interaction":{"idSuffix":"inner"}},"wdio_ui5_key":"applicationmanageresources-display-component---newResourceUnit--BASE_UNIT_OF_MEASURE"}]}
RESULT: {"script":"<script> [1562 bytes]","args":[{"selector":{"id":"application-manageresources-display-component---newResourceUnit--BASE_UNIT_OF_MEASURE","interaction":{"idSuffix":"inner"}},"wdio_ui5_key":"applicationmanageresources-display-component---newResourceUnit--BASE_UNIT_OF_MEASURE"}]}
RESULT: undefined
COMMAND: POST /session/6cd8861519be2314cbde44996230575a/execute/async - {"script":"<script> [776 bytes]","args":[{"enterText":"Piece","selector":{"id":"application-manageresources-display-component---newResourceUnit--BASE_UNIT_OF_MEASURE","interaction":{"idSuffix":"inner"}},"clearTextFirst":true,"interactionType":"ENTER_TEXT"}]}
RESULT: {"script":"<script> [776 bytes]","args":[{"enterText":"Piece","selector":{"id":"application-manageresources-display-component---newResourceUnit--BASE_UNIT_OF_MEASURE","interaction":{"idSuffix":"inner"}},"clearTextFirst":true,"interactionType":"ENTER_TEXT"}]}
COMMAND: POST /session/6cd8861519be2314cbde44996230575a/execute/async - {"script":"<script> [1562 bytes]","args":[{"selector":{"id":"application-manageresources-display-component---newResourceUnit--WEIGHT_UNIT","interaction":{"idSuffix":"inner"}},"wdio_ui5_key":"applicationmanageresources-display-component---newResourceUnit--WEIGHT_UNIT"}]}
RESULT: {"script":"<script> [1562 bytes]","args":[{"selector":{"id":"application-manageresources-display-component---newResourceUnit--WEIGHT_UNIT","interaction":{"idSuffix":"inner"}},"wdio_ui5_key":"applicationmanageresources-display-component---newResourceUnit--WEIGHT_UNIT"}]}
RESULT: undefined
COMMAND: POST /session/6cd8861519be2314cbde44996230575a/execute/async - {"script":"<script> [776 bytes]","args":[{"enterText":"Gram","selector":{"id":"application-manageresources-display-component---newResourceUnit--WEIGHT_UNIT","interaction":{"idSuffix":"inner"}},"clearTextFirst":true,"interactionType":"ENTER_TEXT"}]}
RESULT: {"script":"<script> [776 bytes]","args":[{"enterText":"Gram","selector":{"id":"application-manageresources-display-component---newResourceUnit--WEIGHT_UNIT","interaction":{"idSuffix":"inner"}},"clearTextFirst":true,"interactionType":"ENTER_TEXT"}]}
COMMAND: POST /session/6cd8861519be2314cbde44996230575a/execute/async - {"script":"<script> [1562 bytes]","args":[{"selector":{"id":"application-manageresources-display-component---newResourceUnit--DIMENSION_UNIT","interaction":{"idSuffix":"inner"}},"wdio_ui5_key":"applicationmanageresources-display-component---newResourceUnit--DIMENSION_UNIT"}]}
RESULT: {"script":"<script> [1562 bytes]","args":[{"selector":{"id":"application-manageresources-display-component---newResourceUnit--DIMENSION_UNIT","interaction":{"idSuffix":"inner"}},"wdio_ui5_key":"applicationmanageresources-display-component---newResourceUnit--DIMENSION_UNIT"}]}
RESULT: undefined
COMMAND: POST /session/6cd8861519be2314cbde44996230575a/execute/async - {"script":"<script> [776 bytes]","args":[{"enterText":"Meter","selector":{"id":"application-manageresources-display-component---newResourceUnit--DIMENSION_UNIT","interaction":{"idSuffix":"inner"}},"clearTextFirst":true,"interactionType":"ENTER_TEXT"}]}
RESULT: {"script":"<script> [776 bytes]","args":[{"enterText":"Meter","selector":{"id":"application-manageresources-display-component---newResourceUnit--DIMENSION_UNIT","interaction":{"idSuffix":"inner"}},"clearTextFirst":true,"interactionType":"ENTER_TEXT"}]}
COMMAND: POST /session/6cd8861519be2314cbde44996230575a/execute/async - {"script":"<script> [1562 bytes]","args":[{"selector":{"id":"application-manageresources-display-component---newResourceUnit--newRRUPage-anchBar-application-manageresources-display-component---newResourceUnit--control-anchor","interaction":{"idSuffix":"BDI-content"}},"wdio_ui5_key":"applicationmanageresources-display-component---newResourceUnit--newRRUPage-anchBar-application-manageresources-display-component---newResourceUnit--control-anchor"}]}
RESULT: {"script":"<script> [1562 bytes]","args":[{"selector":{"id":"application-manageresources-display-component---newResourceUnit--newRRUPage-anchBar-application-manageresources-display-component---newResourceUnit--control-anchor","interaction":{"idSuffix":"BDI-content"}},"wdio_ui5_key":"applicationmanageresources-display-component---newResourceUnit--newRRUPage-anchBar-application-manageresources-display-component---newResourceUnit--control-anchor"}]}
RESULT: undefined
COMMAND: POST /session/6cd8861519be2314cbde44996230575a/element - {"using":"xpath","value":"//*[@id=\"application-manageresources-display-component---newResourceUnit--newRRUPage-anchBar-application-manageresources-display-component---newResourceUnit--control-anchor\"]"}
RESULT: {"using":"xpath","value":"//*[@id=\"application-manageresources-display-component---newResourceUnit--newRRUPage-anchBar-application-manageresources-display-component---newResourceUnit--control-anchor\"]"}
COMMAND: POST /session/6cd8861519be2314cbde44996230575a/element/f.B713056A9316196A9232F0DF0934CF03.d.70A476AF6FB96E8FE9CE5E8CC1401950.e.19181/click - {}
RESULT: {}
COMMAND: POST /session/6cd8861519be2314cbde44996230575a/execute/async - {"script":"<script> [1562 bytes]","args":[{"selector":{"id":"application-manageresources-display-component---newResourceUnit--PLANNING_GROUP","interaction":{"idSuffix":"inner"}},"wdio_ui5_key":"applicationmanageresources-display-component---newResourceUnit--PLANNING_GROUP"}]}
COMMAND: GET /session/6cd8861519be2314cbde44996230575a/screenshot - {}
RESULT: {"script":"<script> [1562 bytes]","args":[{"selector":{"id":"application-manageresources-display-component---newResourceUnit--PLANNING_GROUP","interaction":{"idSuffix":"inner"}},"wdio_ui5_key":"applicationmanageresources-display-component---newResourceUnit--PLANNING_GROUP"}]}
RESULT: undefined
COMMAND: POST /session/6cd8861519be2314cbde44996230575a/execute/async - {"script":"<script> [776 bytes]","args":[{"enterText":"Heavy Equi","selector":{"id":"application-manageresources-display-component---newResourceUnit--PLANNING_GROUP","interaction":{"idSuffix":"inner"}},"clearTextFirst":true,"interactionType":"ENTER_TEXT"}]}
RESULT: {}
RESULT: {"script":"<script> [776 bytes]","args":[{"enterText":"Heavy Equi","selector":{"id":"application-manageresources-display-component---newResourceUnit--PLANNING_GROUP","interaction":{"idSuffix":"inner"}},"clearTextFirst":true,"interactionType":"ENTER_TEXT"}]}
COMMAND: POST /session/6cd8861519be2314cbde44996230575a/execute/async - {"script":"<script> [1562 bytes]","args":[{"selector":{"id":"application-manageresources-display-component---newResourceUnit--ITEM_TYPE-arrow"},"wdio_ui5_key":"applicationmanageresources-display-component---newResourceUnit--ITEM_TYPE-arrow"}]}
RESULT: {"script":"<script> [1562 bytes]","args":[{"selector":{"id":"application-manageresources-display-component---newResourceUnit--ITEM_TYPE-arrow"},"wdio_ui5_key":"applicationmanageresources-display-component---newResourceUnit--ITEM_TYPE-arrow"}]}
RESULT: undefined
COMMAND: POST /session/6cd8861519be2314cbde44996230575a/element - {"using":"xpath","value":"//*[@id=\"application-manageresources-display-component---newResourceUnit--ITEM_TYPE-arrow\"]"}
RESULT: {"using":"xpath","value":"//*[@id=\"application-manageresources-display-component---newResourceUnit--ITEM_TYPE-arrow\"]"}
COMMAND: POST /session/6cd8861519be2314cbde44996230575a/element/f.B713056A9316196A9232F0DF0934CF03.d.70A476AF6FB96E8FE9CE5E8CC1401950.e.19189/click - {}
RESULT: {}
COMMAND: POST /session/6cd8861519be2314cbde44996230575a/element - {"using":"xpath","value":"(//span[contains(text(), \"Resource Unit\")])[2]"}
COMMAND: GET /session/6cd8861519be2314cbde44996230575a/screenshot - {}
RESULT: {"using":"xpath","value":"(//span[contains(text(), \"Resource Unit\")])[2]"}
COMMAND: POST /session/6cd8861519be2314cbde44996230575a/element/f.B713056A9316196A9232F0DF0934CF03.d.70A476AF6FB96E8FE9CE5E8CC1401950.e.19190/click - {}
RESULT: {}
RESULT: {}
COMMAND: GET /session/6cd8861519be2314cbde44996230575a/screenshot - {}
RESULT: {}
COMMAND: POST /session/6cd8861519be2314cbde44996230575a/element - {"using":"css selector","value":"#application-manageresources-display-component---newResourceUnit--btnAddTimeSegment"}
RESULT: {"using":"css selector","value":"#application-manageresources-display-component---newResourceUnit--btnAddTimeSegment"}
COMMAND: GET /session/6cd8861519be2314cbde44996230575a/element/f.B713056A9316196A9232F0DF0934CF03.d.70A476AF6FB96E8FE9CE5E8CC1401950.e.19197/rect - {}
RESULT: {}
COMMAND: GET /session/6cd8861519be2314cbde44996230575a/window/rect - {}
RESULT: {}
COMMAND: POST /session/6cd8861519be2314cbde44996230575a/execute/sync - {"script":"<script> [92 bytes]","args":[]}
RESULT: {"script":"<script> [92 bytes]","args":[]}
COMMAND: POST /session/6cd8861519be2314cbde44996230575a/actions - {"actions":[{"id":"action62","type":"wheel","parameters":{},"actions":[{"type":"scroll","x":-1888,"y":-32,"deltaX":0,"deltaY":0,"duration":0,"origin":{"element-6066-11e4-a52e-4f735466cecf":"f.B713056A9316196A9232F0DF0934CF03.d.70A476AF6FB96E8FE9CE5E8CC1401950.e.19197"}}]}]}
COMMAND: GET /session/6cd8861519be2314cbde44996230575a/screenshot - {}
RESULT: {}
COMMAND: POST /session/6cd8861519be2314cbde44996230575a/execute/sync - {"script":"<script> [79 bytes]","args":[{"element-6066-11e4-a52e-4f735466cecf":"f.B713056A9316196A9232F0DF0934CF03.d.70A476AF6FB96E8FE9CE5E8CC1401950.e.19197","ELEMENT":"f.B713056A9316196A9232F0DF0934CF03.d.70A476AF6FB96E8FE9CE5E8CC1401950.e.19197"},{"block":"start","inline":"nearest"}]}
RESULT: {"script":"<script> [79 bytes]","args":[{"element-6066-11e4-a52e-4f735466cecf":"f.B713056A9316196A9232F0DF0934CF03.d.70A476AF6FB96E8FE9CE5E8CC1401950.e.19197","ELEMENT":"f.B713056A9316196A9232F0DF0934CF03.d.70A476AF6FB96E8FE9CE5E8CC1401950.e.19197"},{"block":"start","inline":"nearest"}]}
COMMAND: POST /session/6cd8861519be2314cbde44996230575a/execute/async - {"script":"<script> [1562 bytes]","args":[{"selector":{"id":"application-manageresources-display-component---newResourceUnit--btnAddTimeSegment","interaction":{"idSuffix":"inner"}},"wdio_ui5_key":"applicationmanageresources-display-component---newResourceUnit--btnAddTimeSegment"}]}
COMMAND: GET /session/6cd8861519be2314cbde44996230575a/screenshot - {}
RESULT: {"script":"<script> [1562 bytes]","args":[{"selector":{"id":"application-manageresources-display-component---newResourceUnit--btnAddTimeSegment","interaction":{"idSuffix":"inner"}},"wdio_ui5_key":"applicationmanageresources-display-component---newResourceUnit--btnAddTimeSegment"}]}
RESULT: undefined
COMMAND: POST /session/6cd8861519be2314cbde44996230575a/element - {"using":"xpath","value":"//*[@id=\"application-manageresources-display-component---newResourceUnit--btnAddTimeSegment\"]"}
RESULT: {}
RESULT: {"using":"xpath","value":"//*[@id=\"application-manageresources-display-component---newResourceUnit--btnAddTimeSegment\"]"}
COMMAND: POST /session/6cd8861519be2314cbde44996230575a/element/f.B713056A9316196A9232F0DF0934CF03.d.70A476AF6FB96E8FE9CE5E8CC1401950.e.19197/click - {}
RESULT: {}
COMMAND: GET /session/6cd8861519be2314cbde44996230575a/screenshot - {}
RESULT: {}
COMMAND: POST /session/6cd8861519be2314cbde44996230575a/element - {"using":"xpath","value":"//input[@id=\"application-manageresources-display-component---newResourceUnit--idRuTSAdmin-application-manageresources-display-component---newResourceUnit--RUTimeSegment-0-inner\"]"}
RESULT: {"using":"xpath","value":"//input[@id=\"application-manageresources-display-component---newResourceUnit--idRuTSAdmin-application-manageresources-display-component---newResourceUnit--RUTimeSegment-0-inner\"]"}
COMMAND: POST /session/6cd8861519be2314cbde44996230575a/element/f.B713056A9316196A9232F0DF0934CF03.d.70A476AF6FB96E8FE9CE5E8CC1401950.e.19203/clear - {}
RESULT: {}
COMMAND: POST /session/6cd8861519be2314cbde44996230575a/element/f.B713056A9316196A9232F0DF0934CF03.d.70A476AF6FB96E8FE9CE5E8CC1401950.e.19203/value - {"text":"235"}
COMMAND: GET /session/6cd8861519be2314cbde44996230575a/screenshot - {}
RESULT: {"text":"235"}
COMMAND: GET /session/6cd8861519be2314cbde44996230575a/screenshot - {}
RESULT: {}
RESULT: {}
COMMAND: POST /session/6cd8861519be2314cbde44996230575a/element - {"using":"xpath","value":"//li[.//span[text()='235']]"}
RESULT: {"using":"xpath","value":"//li[.//span[text()='235']]"}
COMMAND: POST /session/6cd8861519be2314cbde44996230575a/element/f.B713056A9316196A9232F0DF0934CF03.d.70A476AF6FB96E8FE9CE5E8CC1401950.e.19215/click - {}
RESULT: {}
COMMAND: GET /session/6cd8861519be2314cbde44996230575a/screenshot - {}
RESULT: {}
COMMAND: POST /session/6cd8861519be2314cbde44996230575a/element - {"using":"xpath","value":"(//span[contains(@id, \"-application-manageresources-display-component---newResourceUnit--RUTimeSegment-0-arrow\")])[6]"}
RESULT: {"using":"xpath","value":"(//span[contains(@id, \"-application-manageresources-display-component---newResourceUnit--RUTimeSegment-0-arrow\")])[6]"}
COMMAND: POST /session/6cd8861519be2314cbde44996230575a/element/f.B713056A9316196A9232F0DF0934CF03.d.70A476AF6FB96E8FE9CE5E8CC1401950.e.19216/click - {}
RESULT: {}
COMMAND: GET /session/6cd8861519be2314cbde44996230575a/screenshot - {}
RESULT: {}
COMMAND: POST /session/6cd8861519be2314cbde44996230575a/element - {"using":"xpath","value":"//span[contains(text(), \"PM Order\")]"}
RESULT: {"using":"xpath","value":"//span[contains(text(), \"PM Order\")]"}
COMMAND: POST /session/6cd8861519be2314cbde44996230575a/element/f.B713056A9316196A9232F0DF0934CF03.d.70A476AF6FB96E8FE9CE5E8CC1401950.e.19219/click - {}
RESULT: {}
COMMAND: GET /session/6cd8861519be2314cbde44996230575a/screenshot - {}
RESULT: {}
COMMAND: POST /session/6cd8861519be2314cbde44996230575a/element - {"using":"xpath","value":"(//span[contains(@id ,\"manageresources-display-component---newResourceUnit--RUTimeSegment-0-vhi\")])[1]"}
RESULT: {"using":"xpath","value":"(//span[contains(@id ,\"manageresources-display-component---newResourceUnit--RUTimeSegment-0-vhi\")])[1]"}
COMMAND: GET /session/6cd8861519be2314cbde44996230575a/element/f.B713056A9316196A9232F0DF0934CF03.d.70A476AF6FB96E8FE9CE5E8CC1401950.e.19223/rect - {}
RESULT: {}
COMMAND: GET /session/6cd8861519be2314cbde44996230575a/window/rect - {}
RESULT: {}
COMMAND: POST /session/6cd8861519be2314cbde44996230575a/execute/sync - {"script":"<script> [92 bytes]","args":[]}
RESULT: {"script":"<script> [92 bytes]","args":[]}
COMMAND: POST /session/6cd8861519be2314cbde44996230575a/actions - {"actions":[{"id":"action63","type":"wheel","parameters":{},"actions":[{"type":"scroll","x":-869,"y":-24,"deltaX":0,"deltaY":0,"duration":0,"origin":{"element-6066-11e4-a52e-4f735466cecf":"f.B713056A9316196A9232F0DF0934CF03.d.70A476AF6FB96E8FE9CE5E8CC1401950.e.19223"}}]}]}
COMMAND: GET /session/6cd8861519be2314cbde44996230575a/screenshot - {}
RESULT: {"actions":[{"id":"action63","type":"wheel","parameters":{},"actions":[{"type":"scroll","x":-869,"y":-24,"deltaX":0,"deltaY":0,"duration":0,"origin":{"element-6066-11e4-a52e-4f735466cecf":"f.B713056A9316196A9232F0DF0934CF03.d.70A476AF6FB96E8FE9CE5E8CC1401950.e.19223"}}]}]}
COMMAND: DELETE /session/6cd8861519be2314cbde44996230575a/actions - {}
COMMAND: GET /session/6cd8861519be2314cbde44996230575a/screenshot - {}
RESULT: {}
RESULT: {}
COMMAND: GET /session/6cd8861519be2314cbde44996230575a/screenshot - {}
RESULT: {}
RESULT: {}
COMMAND: POST /session/6cd8861519be2314cbde44996230575a/element/f.B713056A9316196A9232F0DF0934CF03.d.70A476AF6FB96E8FE9CE5E8CC1401950.e.19223/click - {}
RESULT: {}
COMMAND: GET /session/6cd8861519be2314cbde44996230575a/screenshot - {}
RESULT: {}
COMMAND: POST /session/6cd8861519be2314cbde44996230575a/execute/async - {"script":"<script> [1562 bytes]","args":[{"selector":{"controlType":"sap.m.SearchField","properties":{"placeholder":"Search"},"searchOpenDialogs":true,"interaction":{"idSuffix":"I"}},"wdio_ui5_key":"sapm.SearchField{\"placeholder\":\"Search\"}"}]}
RESULT: {"script":"<script> [1562 bytes]","args":[{"selector":{"controlType":"sap.m.SearchField","properties":{"placeholder":"Search"},"searchOpenDialogs":true,"interaction":{"idSuffix":"I"}},"wdio_ui5_key":"sapm.SearchField{\"placeholder\":\"Search\"}"}]}
RESULT: undefined
COMMAND: POST /session/6cd8861519be2314cbde44996230575a/execute/async - {"script":"<script> [776 bytes]","args":[{"enterText":"4000360","selector":{"controlType":"sap.m.SearchField","properties":{"placeholder":"Search"},"searchOpenDialogs":true,"interaction":{"idSuffix":"I"}},"clearTextFirst":true,"interactionType":"ENTER_TEXT"}]}
RESULT: {"script":"<script> [776 bytes]","args":[{"enterText":"4000360","selector":{"controlType":"sap.m.SearchField","properties":{"placeholder":"Search"},"searchOpenDialogs":true,"interaction":{"idSuffix":"I"}},"clearTextFirst":true,"interactionType":"ENTER_TEXT"}]}
COMMAND: POST /session/6cd8861519be2314cbde44996230575a/actions - {"actions":[{"id":"action64","type":"key","parameters":{},"actions":[{"type":"keyDown","value":""},{"type":"pause","duration":10},{"type":"keyUp","value":""}]}]}
RESULT: {"actions":[{"id":"action64","type":"key","parameters":{},"actions":[{"type":"keyDown","value":""},{"type":"pause","duration":10},{"type":"keyUp","value":""}]}]}
COMMAND: GET /session/6cd8861519be2314cbde44996230575a/screenshot - {}
RESULT: {}
COMMAND: POST /session/6cd8861519be2314cbde44996230575a/element - {"using":"xpath","value":"//td/div/span[contains(text(), \"BGL Vehicles\")]"}
RESULT: {"using":"xpath","value":"//td/div/span[contains(text(), \"BGL Vehicles\")]"}
COMMAND: POST /session/6cd8861519be2314cbde44996230575a/element/f.B713056A9316196A9232F0DF0934CF03.d.70A476AF6FB96E8FE9CE5E8CC1401950.e.19245/click - {}
RESULT: {}
COMMAND: GET /session/6cd8861519be2314cbde44996230575a/screenshot - {}
RESULT: {}
COMMAND: POST /session/6cd8861519be2314cbde44996230575a/element - {"using":"xpath","value":"//bdi[contains(text(), \"OK\")]"}
RESULT: {"using":"xpath","value":"//bdi[contains(text(), \"OK\")]"}
COMMAND: POST /session/6cd8861519be2314cbde44996230575a/element/f.B713056A9316196A9232F0DF0934CF03.d.70A476AF6FB96E8FE9CE5E8CC1401950.e.19246/click - {}
RESULT: {}
COMMAND: GET /session/6cd8861519be2314cbde44996230575a/screenshot - {}
RESULT: {}
COMMAND: POST /session/6cd8861519be2314cbde44996230575a/execute/async - {"script":"<script> [1562 bytes]","args":[{"selector":{"id":"application-manageresources-display-component---newResourceUnit--newRRUPage-anchBar-application-manageresources-display-component---newResourceUnit--resource-anchor","interaction":{"idSuffix":"BDI-content"}},"wdio_ui5_key":"applicationmanageresources-display-component---newResourceUnit--newRRUPage-anchBar-application-manageresources-display-component---newResourceUnit--resource-anchor"}]}
RESULT: {"script":"<script> [1562 bytes]","args":[{"selector":{"id":"application-manageresources-display-component---newResourceUnit--newRRUPage-anchBar-application-manageresources-display-component---newResourceUnit--resource-anchor","interaction":{"idSuffix":"BDI-content"}},"wdio_ui5_key":"applicationmanageresources-display-component---newResourceUnit--newRRUPage-anchBar-application-manageresources-display-component---newResourceUnit--resource-anchor"}]}
RESULT: undefined
COMMAND: POST /session/6cd8861519be2314cbde44996230575a/element - {"using":"xpath","value":"//*[@id=\"application-manageresources-display-component---newResourceUnit--newRRUPage-anchBar-application-manageresources-display-component---newResourceUnit--resource-anchor\"]"}
RESULT: {"using":"xpath","value":"//*[@id=\"application-manageresources-display-component---newResourceUnit--newRRUPage-anchBar-application-manageresources-display-component---newResourceUnit--resource-anchor\"]"}
COMMAND: POST /session/6cd8861519be2314cbde44996230575a/element/f.B713056A9316196A9232F0DF0934CF03.d.70A476AF6FB96E8FE9CE5E8CC1401950.e.19250/click - {}
RESULT: {}
COMMAND: POST /session/6cd8861519be2314cbde44996230575a/execute/async - {"script":"<script> [1562 bytes]","args":[{"selector":{"id":"application-manageresources-display-component---newResourceUnit--PLANNED_DELIVERY_DATE","interaction":{"idSuffix":"inner"}},"wdio_ui5_key":"applicationmanageresources-display-component---newResourceUnit--PLANNED_DELIVERY_DATE"}]}
COMMAND: GET /session/6cd8861519be2314cbde44996230575a/screenshot - {}
RESULT: {"script":"<script> [1562 bytes]","args":[{"selector":{"id":"application-manageresources-display-component---newResourceUnit--PLANNED_DELIVERY_DATE","interaction":{"idSuffix":"inner"}},"wdio_ui5_key":"applicationmanageresources-display-component---newResourceUnit--PLANNED_DELIVERY_DATE"}]}
RESULT: undefined
COMMAND: POST /session/6cd8861519be2314cbde44996230575a/execute/async - {"script":"<script> [6424 bytes]","args":[{"element-6066-11e4-a52e-4f735466cecf":"f.B713056A9316196A9232F0DF0934CF03.d.70A476AF6FB96E8FE9CE5E8CC1401950.e.19080"},"setValue",["5/23/25"]]}
RESULT: {}
RESULT: {"script":"<script> [6424 bytes]","args":[{"element-6066-11e4-a52e-4f735466cecf":"f.B713056A9316196A9232F0DF0934CF03.d.70A476AF6FB96E8FE9CE5E8CC1401950.e.19080"},"setValue",["5/23/25"]]}
COMMAND: POST /session/6cd8861519be2314cbde44996230575a/element - {"using":"xpath","value":"//label[contains(@class, 'sapMLabelRequired') and .//bdi[contains(text(), 'Planned Retirement')]]"}
RESULT: {"using":"xpath","value":"//label[contains(@class, 'sapMLabelRequired') and .//bdi[contains(text(), 'Planned Retirement')]]"}
COMMAND: POST /session/6cd8861519be2314cbde44996230575a/elements - {"using":"xpath","value":"//label[contains(@class, 'sapMLabelRequired') and .//bdi[contains(text(), 'Planned Retirement')]]"}
RESULT: {"using":"xpath","value":"//label[contains(@class, 'sapMLabelRequired') and .//bdi[contains(text(), 'Planned Retirement')]]"}
COMMAND: POST /session/6cd8861519be2314cbde44996230575a/element - {"using":"xpath","value":"//button[@data-kt=\"resourceUnitSaveButton\"]"}
RESULT: {"using":"xpath","value":"//button[@data-kt=\"resourceUnitSaveButton\"]"}
COMMAND: POST /session/6cd8861519be2314cbde44996230575a/element/f.B713056A9316196A9232F0DF0934CF03.d.70A476AF6FB96E8FE9CE5E8CC1401950.e.19039/click - {}
RESULT: {}
COMMAND: GET /session/6cd8861519be2314cbde44996230575a/screenshot - {}
RESULT: {}
COMMAND: POST /session/6cd8861519be2314cbde44996230575a/element - {"using":"xpath","value":"//bdi[contains(text(), \"Close\")]"}
RESULT: {"using":"xpath","value":"//bdi[contains(text(), \"Close\")]"}
COMMAND: POST /session/6cd8861519be2314cbde44996230575a/element/f.B713056A9316196A9232F0DF0934CF03.d.70A476AF6FB96E8FE9CE5E8CC1401950.e.19258/click - {}
RESULT: {}
COMMAND: GET /session/6cd8861519be2314cbde44996230575a/screenshot - {}
RESULT: {}
COMMAND: POST /session/6cd8861519be2314cbde44996230575a/element - {"using":"xpath","value":"(//button[contains(@id ,\"actionsToolbar-overflowButton\")])[1]"}
RESULT: {"using":"xpath","value":"(//button[contains(@id ,\"actionsToolbar-overflowButton\")])[1]"}
COMMAND: POST /session/6cd8861519be2314cbde44996230575a/element/f.B713056A9316196A9232F0DF0934CF03.d.70A476AF6FB96E8FE9CE5E8CC1401950.e.19289/click - {}
RESULT: {}
COMMAND: GET /session/6cd8861519be2314cbde44996230575a/screenshot - {}
RESULT: {}
COMMAND: POST /session/6cd8861519be2314cbde44996230575a/element - {"using":"xpath","value":"//button[@data-kt=\"priceInfoButton\"]"}
RESULT: {"using":"xpath","value":"//button[@data-kt=\"priceInfoButton\"]"}
COMMAND: POST /session/6cd8861519be2314cbde44996230575a/element/f.B713056A9316196A9232F0DF0934CF03.d.70A476AF6FB96E8FE9CE5E8CC1401950.e.19291/click - {}
RESULT: {}
COMMAND: GET /session/6cd8861519be2314cbde44996230575a/screenshot - {}
RESULT: {}
]]></system-out>
    </testcase>
    <testcase classname="chrome.136_0_7103_93.windows.Create_Reverse_Billing_US127248" name="Should create a pricing procedure" time="57.785">
      <system-out><![CDATA[
COMMAND: POST /session/6cd8861519be2314cbde44996230575a/element - {"using":"xpath","value":"//button[@data-kt=\"addButton\"]"}
RESULT: {"using":"xpath","value":"//button[@data-kt=\"addButton\"]"}
COMMAND: POST /session/6cd8861519be2314cbde44996230575a/elements - {"using":"xpath","value":"//button[@data-kt=\"addButton\"]"}
RESULT: {"using":"xpath","value":"//button[@data-kt=\"addButton\"]"}
COMMAND: POST /session/6cd8861519be2314cbde44996230575a/execute/sync - {"script":"<script> [8489 bytes]","args":[{"element-6066-11e4-a52e-4f735466cecf":"f.B713056A9316196A9232F0DF0934CF03.d.70A476AF6FB96E8FE9CE5E8CC1401950.e.19327","ELEMENT":"f.B713056A9316196A9232F0DF0934CF03.d.70A476AF6FB96E8FE9CE5E8CC1401950.e.19327"}]}
RESULT: {"script":"<script> [8489 bytes]","args":[{"element-6066-11e4-a52e-4f735466cecf":"f.B713056A9316196A9232F0DF0934CF03.d.70A476AF6FB96E8FE9CE5E8CC1401950.e.19327","ELEMENT":"f.B713056A9316196A9232F0DF0934CF03.d.70A476AF6FB96E8FE9CE5E8CC1401950.e.19327"}]}
COMMAND: GET /session/6cd8861519be2314cbde44996230575a/element/f.B713056A9316196A9232F0DF0934CF03.d.70A476AF6FB96E8FE9CE5E8CC1401950.e.19327/enabled - {}
COMMAND: GET /session/6cd8861519be2314cbde44996230575a/screenshot - {}
RESULT: {}
COMMAND: POST /session/6cd8861519be2314cbde44996230575a/execute/sync - {"script":"<script> [8489 bytes]","args":[{"element-6066-11e4-a52e-4f735466cecf":"f.B713056A9316196A9232F0DF0934CF03.d.70A476AF6FB96E8FE9CE5E8CC1401950.e.19327","ELEMENT":"f.B713056A9316196A9232F0DF0934CF03.d.70A476AF6FB96E8FE9CE5E8CC1401950.e.19327"}]}
COMMAND: GET /session/6cd8861519be2314cbde44996230575a/screenshot - {}
RESULT: {}
RESULT: {"script":"<script> [8489 bytes]","args":[{"element-6066-11e4-a52e-4f735466cecf":"f.B713056A9316196A9232F0DF0934CF03.d.70A476AF6FB96E8FE9CE5E8CC1401950.e.19327","ELEMENT":"f.B713056A9316196A9232F0DF0934CF03.d.70A476AF6FB96E8FE9CE5E8CC1401950.e.19327"}]}
COMMAND: POST /session/6cd8861519be2314cbde44996230575a/execute/sync - {"script":"<script> [5351 bytes]","args":[{"element-6066-11e4-a52e-4f735466cecf":"f.B713056A9316196A9232F0DF0934CF03.d.70A476AF6FB96E8FE9CE5E8CC1401950.e.19327","ELEMENT":"f.B713056A9316196A9232F0DF0934CF03.d.70A476AF6FB96E8FE9CE5E8CC1401950.e.19327"}]}
COMMAND: GET /session/6cd8861519be2314cbde44996230575a/screenshot - {}
RESULT: {}
RESULT: {"script":"<script> [5351 bytes]","args":[{"element-6066-11e4-a52e-4f735466cecf":"f.B713056A9316196A9232F0DF0934CF03.d.70A476AF6FB96E8FE9CE5E8CC1401950.e.19327","ELEMENT":"f.B713056A9316196A9232F0DF0934CF03.d.70A476AF6FB96E8FE9CE5E8CC1401950.e.19327"}]}
COMMAND: POST /session/6cd8861519be2314cbde44996230575a/element/f.B713056A9316196A9232F0DF0934CF03.d.70A476AF6FB96E8FE9CE5E8CC1401950.e.19327/click - {}
COMMAND: GET /session/6cd8861519be2314cbde44996230575a/screenshot - {}
RESULT: {}
RESULT: {}
COMMAND: GET /session/6cd8861519be2314cbde44996230575a/screenshot - {}
RESULT: {}
RESULT: {}
COMMAND: POST /session/6cd8861519be2314cbde44996230575a/execute/async - {"script":"<script> [1562 bytes]","args":[{"selector":{"controlType":"sap.m.Title","viewName":"etm.portal.ui.managepricingrules.view.NewItem","viewId":"application-managepricingrules-display-component---newInfoPriceItem","properties":{"text":"New Pricing Rules - Item Level"}},"wdio_ui5_key":"etmportal.ui.managepricingrules.view.NewItemsap.m.Title{\"text\":\"New Pricing Rules - Item Level\"}"}]}
RESULT: {"script":"<script> [1562 bytes]","args":[{"selector":{"controlType":"sap.m.Title","viewName":"etm.portal.ui.managepricingrules.view.NewItem","viewId":"application-managepricingrules-display-component---newInfoPriceItem","properties":{"text":"New Pricing Rules - Item Level"}},"wdio_ui5_key":"etmportal.ui.managepricingrules.view.NewItemsap.m.Title{\"text\":\"New Pricing Rules - Item Level\"}"}]}
RESULT: undefined
COMMAND: POST /session/6cd8861519be2314cbde44996230575a/execute/async - {"script":"<script> [6424 bytes]","args":[{"element-6066-11e4-a52e-4f735466cecf":"f.B713056A9316196A9232F0DF0934CF03.d.70A476AF6FB96E8FE9CE5E8CC1401950.e.19401"},"getText",[]]}
RESULT: {"script":"<script> [6424 bytes]","args":[{"element-6066-11e4-a52e-4f735466cecf":"f.B713056A9316196A9232F0DF0934CF03.d.70A476AF6FB96E8FE9CE5E8CC1401950.e.19401"},"getText",[]]}
COMMAND: POST /session/6cd8861519be2314cbde44996230575a/execute/async - {"script":"<script> [1562 bytes]","args":[{"selector":{"id":"application-managepricingrules-display-component---newInfoPriceItem--condValidTo","interaction":{"idSuffix":"inner"}},"wdio_ui5_key":"applicationmanagepricingrules-display-component---newInfoPriceItem--condValidTo"}]}
RESULT: {"script":"<script> [1562 bytes]","args":[{"selector":{"id":"application-managepricingrules-display-component---newInfoPriceItem--condValidTo","interaction":{"idSuffix":"inner"}},"wdio_ui5_key":"applicationmanagepricingrules-display-component---newInfoPriceItem--condValidTo"}]}
RESULT: undefined
COMMAND: POST /session/6cd8861519be2314cbde44996230575a/execute/async - {"script":"<script> [776 bytes]","args":[{"enterText":"1/23/26","selector":{"id":"application-managepricingrules-display-component---newInfoPriceItem--condValidTo","interaction":{"idSuffix":"inner"}},"clearTextFirst":true,"interactionType":"ENTER_TEXT"}]}
RESULT: {"script":"<script> [776 bytes]","args":[{"enterText":"1/23/26","selector":{"id":"application-managepricingrules-display-component---newInfoPriceItem--condValidTo","interaction":{"idSuffix":"inner"}},"clearTextFirst":true,"interactionType":"ENTER_TEXT"}]}
COMMAND: POST /session/6cd8861519be2314cbde44996230575a/execute/async - {"script":"<script> [1562 bytes]","args":[{"selector":{"id":"application-managepricingrules-display-component---newInfoPriceItem--billType-arrow"},"wdio_ui5_key":"applicationmanagepricingrules-display-component---newInfoPriceItem--billType-arrow"}]}
RESULT: {"script":"<script> [1562 bytes]","args":[{"selector":{"id":"application-managepricingrules-display-component---newInfoPriceItem--billType-arrow"},"wdio_ui5_key":"applicationmanagepricingrules-display-component---newInfoPriceItem--billType-arrow"}]}
RESULT: undefined
COMMAND: POST /session/6cd8861519be2314cbde44996230575a/element - {"using":"xpath","value":"//*[@id=\"application-managepricingrules-display-component---newInfoPriceItem--billType-arrow\"]"}
RESULT: {"using":"xpath","value":"//*[@id=\"application-managepricingrules-display-component---newInfoPriceItem--billType-arrow\"]"}
COMMAND: POST /session/6cd8861519be2314cbde44996230575a/element/f.B713056A9316196A9232F0DF0934CF03.d.70A476AF6FB96E8FE9CE5E8CC1401950.e.19458/click - {}
RESULT: {}
COMMAND: POST /session/6cd8861519be2314cbde44996230575a/element - {"using":"xpath","value":"//span[contains(text(), \"TB - Time based\")]"}
COMMAND: GET /session/6cd8861519be2314cbde44996230575a/screenshot - {}
RESULT: {"using":"xpath","value":"//span[contains(text(), \"TB - Time based\")]"}
COMMAND: POST /session/6cd8861519be2314cbde44996230575a/element/f.B713056A9316196A9232F0DF0934CF03.d.70A476AF6FB96E8FE9CE5E8CC1401950.e.19500/click - {}
RESULT: {}
RESULT: {}
COMMAND: POST /session/6cd8861519be2314cbde44996230575a/execute/async - {"script":"<script> [1562 bytes]","args":[{"selector":{"id":"application-managepricingrules-display-component---newInfoPriceItem--priceProc-arrow"},"wdio_ui5_key":"applicationmanagepricingrules-display-component---newInfoPriceItem--priceProc-arrow"}]}
COMMAND: GET /session/6cd8861519be2314cbde44996230575a/screenshot - {}
RESULT: {"script":"<script> [1562 bytes]","args":[{"selector":{"id":"application-managepricingrules-display-component---newInfoPriceItem--priceProc-arrow"},"wdio_ui5_key":"applicationmanagepricingrules-display-component---newInfoPriceItem--priceProc-arrow"}]}
RESULT: undefined
COMMAND: POST /session/6cd8861519be2314cbde44996230575a/element - {"using":"xpath","value":"//*[@id=\"application-managepricingrules-display-component---newInfoPriceItem--priceProc-arrow\"]"}
RESULT: {}
RESULT: {"using":"xpath","value":"//*[@id=\"application-managepricingrules-display-component---newInfoPriceItem--priceProc-arrow\"]"}
COMMAND: POST /session/6cd8861519be2314cbde44996230575a/element/f.B713056A9316196A9232F0DF0934CF03.d.70A476AF6FB96E8FE9CE5E8CC1401950.e.19465/click - {}
RESULT: {}
COMMAND: POST /session/6cd8861519be2314cbde44996230575a/element - {"using":"xpath","value":"//span[contains(text(), \"TBS - Time based standard\")]"}
COMMAND: GET /session/6cd8861519be2314cbde44996230575a/screenshot - {}
RESULT: {"using":"xpath","value":"//span[contains(text(), \"TBS - Time based standard\")]"}
COMMAND: POST /session/6cd8861519be2314cbde44996230575a/element/f.B713056A9316196A9232F0DF0934CF03.d.70A476AF6FB96E8FE9CE5E8CC1401950.e.19501/click - {}
RESULT: {}
RESULT: {}
COMMAND: POST /session/6cd8861519be2314cbde44996230575a/execute/async - {"script":"<script> [1562 bytes]","args":[{"selector":{"id":"application-managepricingrules-display-component---newInfoPriceItem--calcBase-arrow"},"wdio_ui5_key":"applicationmanagepricingrules-display-component---newInfoPriceItem--calcBase-arrow"}]}
COMMAND: GET /session/6cd8861519be2314cbde44996230575a/screenshot - {}
RESULT: {"script":"<script> [1562 bytes]","args":[{"selector":{"id":"application-managepricingrules-display-component---newInfoPriceItem--calcBase-arrow"},"wdio_ui5_key":"applicationmanagepricingrules-display-component---newInfoPriceItem--calcBase-arrow"}]}
RESULT: undefined
COMMAND: POST /session/6cd8861519be2314cbde44996230575a/element - {"using":"xpath","value":"//*[@id=\"application-managepricingrules-display-component---newInfoPriceItem--calcBase-arrow\"]"}
RESULT: {}
RESULT: {"using":"xpath","value":"//*[@id=\"application-managepricingrules-display-component---newInfoPriceItem--calcBase-arrow\"]"}
COMMAND: POST /session/6cd8861519be2314cbde44996230575a/element/f.B713056A9316196A9232F0DF0934CF03.d.70A476AF6FB96E8FE9CE5E8CC1401950.e.19472/click - {}
RESULT: {}
COMMAND: GET /session/6cd8861519be2314cbde44996230575a/screenshot - {}
RESULT: {}
COMMAND: POST /session/6cd8861519be2314cbde44996230575a/element - {"using":"xpath","value":"//span[contains(text(), \"0006 - TB(calendar days)\")]"}
RESULT: {"using":"xpath","value":"//span[contains(text(), \"0006 - TB(calendar days)\")]"}
COMMAND: POST /session/6cd8861519be2314cbde44996230575a/element/f.B713056A9316196A9232F0DF0934CF03.d.70A476AF6FB96E8FE9CE5E8CC1401950.e.19502/click - {}
RESULT: {}
COMMAND: GET /session/6cd8861519be2314cbde44996230575a/screenshot - {}
RESULT: {}
COMMAND: POST /session/6cd8861519be2314cbde44996230575a/execute/async - {"script":"<script> [1562 bytes]","args":[{"selector":{"id":"application-managepricingrules-display-component---newInfoPriceItem--daysMonth","interaction":{"idSuffix":"inner"}},"wdio_ui5_key":"applicationmanagepricingrules-display-component---newInfoPriceItem--daysMonth"}]}
RESULT: {"script":"<script> [1562 bytes]","args":[{"selector":{"id":"application-managepricingrules-display-component---newInfoPriceItem--daysMonth","interaction":{"idSuffix":"inner"}},"wdio_ui5_key":"applicationmanagepricingrules-display-component---newInfoPriceItem--daysMonth"}]}
RESULT: undefined
COMMAND: POST /session/6cd8861519be2314cbde44996230575a/execute/async - {"script":"<script> [776 bytes]","args":[{"enterText":"30","selector":{"id":"application-managepricingrules-display-component---newInfoPriceItem--daysMonth","interaction":{"idSuffix":"inner"}},"clearTextFirst":true,"interactionType":"ENTER_TEXT"}]}
RESULT: {"script":"<script> [776 bytes]","args":[{"enterText":"30","selector":{"id":"application-managepricingrules-display-component---newInfoPriceItem--daysMonth","interaction":{"idSuffix":"inner"}},"clearTextFirst":true,"interactionType":"ENTER_TEXT"}]}
COMMAND: POST /session/6cd8861519be2314cbde44996230575a/element - {"using":"xpath","value":"//button[@data-kt=\"saveNewRuleButton\"]"}
RESULT: {"using":"xpath","value":"//button[@data-kt=\"saveNewRuleButton\"]"}
COMMAND: POST /session/6cd8861519be2314cbde44996230575a/element/f.B713056A9316196A9232F0DF0934CF03.d.70A476AF6FB96E8FE9CE5E8CC1401950.e.19493/click - {}
RESULT: {}
COMMAND: GET /session/6cd8861519be2314cbde44996230575a/screenshot - {}
RESULT: {}
COMMAND: POST /session/6cd8861519be2314cbde44996230575a/execute/async - {"script":"<script> [1562 bytes]","args":[{"selector":{"id":"application-managepricingrules-display-component---priceInfoItem--smartFilterBar-btnBasicSearch","interaction":{"idSuffix":"I"}},"wdio_ui5_key":"applicationmanagepricingrules-display-component---priceInfoItem--smartFilterBar-btnBasicSearch"}]}
RESULT: {"script":"<script> [1562 bytes]","args":[{"selector":{"id":"application-managepricingrules-display-component---priceInfoItem--smartFilterBar-btnBasicSearch","interaction":{"idSuffix":"I"}},"wdio_ui5_key":"applicationmanagepricingrules-display-component---priceInfoItem--smartFilterBar-btnBasicSearch"}]}
RESULT: undefined
COMMAND: POST /session/6cd8861519be2314cbde44996230575a/execute/async - {"script":"<script> [776 bytes]","args":[{"enterText":"WEXZu3JglS","selector":{"id":"application-managepricingrules-display-component---priceInfoItem--smartFilterBar-btnBasicSearch","interaction":{"idSuffix":"I"}},"clearTextFirst":true,"interactionType":"ENTER_TEXT"}]}
RESULT: {"script":"<script> [776 bytes]","args":[{"enterText":"WEXZu3JglS","selector":{"id":"application-managepricingrules-display-component---priceInfoItem--smartFilterBar-btnBasicSearch","interaction":{"idSuffix":"I"}},"clearTextFirst":true,"interactionType":"ENTER_TEXT"}]}
COMMAND: POST /session/6cd8861519be2314cbde44996230575a/actions - {"actions":[{"id":"action65","type":"key","parameters":{},"actions":[{"type":"keyDown","value":""},{"type":"pause","duration":10},{"type":"keyUp","value":""}]}]}
RESULT: {"actions":[{"id":"action65","type":"key","parameters":{},"actions":[{"type":"keyDown","value":""},{"type":"pause","duration":10},{"type":"keyUp","value":""}]}]}
COMMAND: GET /session/6cd8861519be2314cbde44996230575a/screenshot - {}
RESULT: {}
COMMAND: POST /session/6cd8861519be2314cbde44996230575a/element - {"using":"xpath","value":"//span[@id=\"application-managepricingrules-display-component---priceInfoItem--smartTable-header-inner\"]"}
RESULT: {"using":"xpath","value":"//span[@id=\"application-managepricingrules-display-component---priceInfoItem--smartTable-header-inner\"]"}
COMMAND: POST /session/6cd8861519be2314cbde44996230575a/elements - {"using":"xpath","value":"//span[@id=\"application-managepricingrules-display-component---priceInfoItem--smartTable-header-inner\"]"}
RESULT: {"using":"xpath","value":"//span[@id=\"application-managepricingrules-display-component---priceInfoItem--smartTable-header-inner\"]"}
COMMAND: POST /session/6cd8861519be2314cbde44996230575a/execute/sync - {"script":"<script> [56 bytes]","args":[{"element-6066-11e4-a52e-4f735466cecf":"f.B713056A9316196A9232F0DF0934CF03.d.70A476AF6FB96E8FE9CE5E8CC1401950.e.19527","ELEMENT":"f.B713056A9316196A9232F0DF0934CF03.d.70A476AF6FB96E8FE9CE5E8CC1401950.e.19527"}]}
RESULT: {"script":"<script> [56 bytes]","args":[{"element-6066-11e4-a52e-4f735466cecf":"f.B713056A9316196A9232F0DF0934CF03.d.70A476AF6FB96E8FE9CE5E8CC1401950.e.19527","ELEMENT":"f.B713056A9316196A9232F0DF0934CF03.d.70A476AF6FB96E8FE9CE5E8CC1401950.e.19527"}]}
COMMAND: POST /session/6cd8861519be2314cbde44996230575a/element - {"using":"css selector","value":"#shell-header-logo"}
COMMAND: GET /session/6cd8861519be2314cbde44996230575a/screenshot - {}
RESULT: {"using":"css selector","value":"#shell-header-logo"}
COMMAND: POST /session/6cd8861519be2314cbde44996230575a/element/f.B713056A9316196A9232F0DF0934CF03.d.70A476AF6FB96E8FE9CE5E8CC1401950.e.18638/click - {}
RESULT: {}
RESULT: {}
COMMAND: GET /session/6cd8861519be2314cbde44996230575a/screenshot - {}
RESULT: {}
]]></system-out>
    </testcase>
    <testcase classname="chrome.136_0_7103_93.windows.Create_Reverse_Billing_US127248" name="Should manage conditions" time="70.812">
      <system-out><![CDATA[
COMMAND: POST /session/6cd8861519be2314cbde44996230575a/execute/async - {"script":"<script> [1562 bytes]","args":[{"selector":{"controlType":"sap.m.GenericTile","properties":{"header":"Manage Conditions & Prices"}},"wdio_ui5_key":"sapm.GenericTile{\"header\":\"Manage Conditions & Prices\"}"}]}
RESULT: {"script":"<script> [1562 bytes]","args":[{"selector":{"controlType":"sap.m.GenericTile","properties":{"header":"Manage Conditions & Prices"}},"wdio_ui5_key":"sapm.GenericTile{\"header\":\"Manage Conditions & Prices\"}"}]}
RESULT: undefined
COMMAND: POST /session/6cd8861519be2314cbde44996230575a/element - {"using":"xpath","value":"//*[@id=\"__tile53\"]"}
RESULT: {"using":"xpath","value":"//*[@id=\"__tile53\"]"}
COMMAND: POST /session/6cd8861519be2314cbde44996230575a/element/f.B713056A9316196A9232F0DF0934CF03.d.70A476AF6FB96E8FE9CE5E8CC1401950.e.18574/click - {}
RESULT: {}
COMMAND: GET /session/6cd8861519be2314cbde44996230575a/screenshot - {}
COMMAND: POST /session/6cd8861519be2314cbde44996230575a/elements - {"using":"xpath","value":"//span[text()='Error']"}
RESULT: {}
RESULT: {"using":"xpath","value":"//span[text()='Error']"}
COMMAND: POST /session/6cd8861519be2314cbde44996230575a/element - {"using":"xpath","value":"//button[@aria-label=\"Create\"]"}
RESULT: {"using":"xpath","value":"//button[@aria-label=\"Create\"]"}
COMMAND: POST /session/6cd8861519be2314cbde44996230575a/elements - {"using":"xpath","value":"//button[@aria-label=\"Create\"]"}
RESULT: {"using":"xpath","value":"//button[@aria-label=\"Create\"]"}
COMMAND: POST /session/6cd8861519be2314cbde44996230575a/execute/sync - {"script":"<script> [8489 bytes]","args":[{"element-6066-11e4-a52e-4f735466cecf":"f.B713056A9316196A9232F0DF0934CF03.d.70A476AF6FB96E8FE9CE5E8CC1401950.e.19562","ELEMENT":"f.B713056A9316196A9232F0DF0934CF03.d.70A476AF6FB96E8FE9CE5E8CC1401950.e.19562"}]}
RESULT: {"script":"<script> [8489 bytes]","args":[{"element-6066-11e4-a52e-4f735466cecf":"f.B713056A9316196A9232F0DF0934CF03.d.70A476AF6FB96E8FE9CE5E8CC1401950.e.19562","ELEMENT":"f.B713056A9316196A9232F0DF0934CF03.d.70A476AF6FB96E8FE9CE5E8CC1401950.e.19562"}]}
COMMAND: GET /session/6cd8861519be2314cbde44996230575a/element/f.B713056A9316196A9232F0DF0934CF03.d.70A476AF6FB96E8FE9CE5E8CC1401950.e.19562/enabled - {}
COMMAND: GET /session/6cd8861519be2314cbde44996230575a/screenshot - {}
RESULT: {}
COMMAND: POST /session/6cd8861519be2314cbde44996230575a/execute/sync - {"script":"<script> [8489 bytes]","args":[{"element-6066-11e4-a52e-4f735466cecf":"f.B713056A9316196A9232F0DF0934CF03.d.70A476AF6FB96E8FE9CE5E8CC1401950.e.19562","ELEMENT":"f.B713056A9316196A9232F0DF0934CF03.d.70A476AF6FB96E8FE9CE5E8CC1401950.e.19562"}]}
COMMAND: GET /session/6cd8861519be2314cbde44996230575a/screenshot - {}
RESULT: {}
RESULT: {"script":"<script> [8489 bytes]","args":[{"element-6066-11e4-a52e-4f735466cecf":"f.B713056A9316196A9232F0DF0934CF03.d.70A476AF6FB96E8FE9CE5E8CC1401950.e.19562","ELEMENT":"f.B713056A9316196A9232F0DF0934CF03.d.70A476AF6FB96E8FE9CE5E8CC1401950.e.19562"}]}
COMMAND: POST /session/6cd8861519be2314cbde44996230575a/execute/sync - {"script":"<script> [5351 bytes]","args":[{"element-6066-11e4-a52e-4f735466cecf":"f.B713056A9316196A9232F0DF0934CF03.d.70A476AF6FB96E8FE9CE5E8CC1401950.e.19562","ELEMENT":"f.B713056A9316196A9232F0DF0934CF03.d.70A476AF6FB96E8FE9CE5E8CC1401950.e.19562"}]}
COMMAND: GET /session/6cd8861519be2314cbde44996230575a/screenshot - {}
RESULT: {}
RESULT: {"script":"<script> [5351 bytes]","args":[{"element-6066-11e4-a52e-4f735466cecf":"f.B713056A9316196A9232F0DF0934CF03.d.70A476AF6FB96E8FE9CE5E8CC1401950.e.19562","ELEMENT":"f.B713056A9316196A9232F0DF0934CF03.d.70A476AF6FB96E8FE9CE5E8CC1401950.e.19562"}]}
COMMAND: POST /session/6cd8861519be2314cbde44996230575a/element/f.B713056A9316196A9232F0DF0934CF03.d.70A476AF6FB96E8FE9CE5E8CC1401950.e.19562/click - {}
RESULT: {}
COMMAND: GET /session/6cd8861519be2314cbde44996230575a/screenshot - {}
RESULT: {}
COMMAND: GET /session/6cd8861519be2314cbde44996230575a/screenshot - {}
RESULT: {}
RESULT: {}
COMMAND: POST /session/6cd8861519be2314cbde44996230575a/actions - {"actions":[{"id":"action66","type":"key","parameters":{},"actions":[{"type":"keyDown","value":""},{"type":"pause","duration":10},{"type":"keyUp","value":""}]}]}
RESULT: {"actions":[{"id":"action66","type":"key","parameters":{},"actions":[{"type":"keyDown","value":""},{"type":"pause","duration":10},{"type":"keyUp","value":""}]}]}
COMMAND: GET /session/6cd8861519be2314cbde44996230575a/screenshot - {}
RESULT: {}
COMMAND: POST /session/6cd8861519be2314cbde44996230575a/execute/async - {"script":"<script> [1562 bytes]","args":[{"selector":{"id":"application-manageconditionprice-display-component---newCondition--condBillCond-arrow"},"wdio_ui5_key":"applicationmanageconditionprice-display-component---newCondition--condBillCond-arrow"}]}
RESULT: {"script":"<script> [1562 bytes]","args":[{"selector":{"id":"application-manageconditionprice-display-component---newCondition--condBillCond-arrow"},"wdio_ui5_key":"applicationmanageconditionprice-display-component---newCondition--condBillCond-arrow"}]}
RESULT: undefined
COMMAND: POST /session/6cd8861519be2314cbde44996230575a/element - {"using":"xpath","value":"//*[@id=\"application-manageconditionprice-display-component---newCondition--condBillCond-arrow\"]"}
RESULT: {"using":"xpath","value":"//*[@id=\"application-manageconditionprice-display-component---newCondition--condBillCond-arrow\"]"}
COMMAND: POST /session/6cd8861519be2314cbde44996230575a/element/f.B713056A9316196A9232F0DF0934CF03.d.70A476AF6FB96E8FE9CE5E8CC1401950.e.19741/click - {}
RESULT: {}
COMMAND: GET /session/6cd8861519be2314cbde44996230575a/screenshot - {}
RESULT: {}
COMMAND: POST /session/6cd8861519be2314cbde44996230575a/element - {"using":"xpath","value":"//li[.//span[contains(text(), \"DISP - D&I special price\")]]"}
RESULT: {"using":"xpath","value":"//li[.//span[contains(text(), \"DISP - D&I special price\")]]"}
COMMAND: POST /session/6cd8861519be2314cbde44996230575a/element/f.B713056A9316196A9232F0DF0934CF03.d.70A476AF6FB96E8FE9CE5E8CC1401950.e.19744/click - {}
RESULT: {}
COMMAND: GET /session/6cd8861519be2314cbde44996230575a/screenshot - {}
RESULT: {}
COMMAND: POST /session/6cd8861519be2314cbde44996230575a/execute/async - {"script":"<script> [1562 bytes]","args":[{"selector":{"id":"application-manageconditionprice-display-component---newCondition--condValidTo","interaction":{"idSuffix":"inner"}},"wdio_ui5_key":"applicationmanageconditionprice-display-component---newCondition--condValidTo"}]}
RESULT: {"script":"<script> [1562 bytes]","args":[{"selector":{"id":"application-manageconditionprice-display-component---newCondition--condValidTo","interaction":{"idSuffix":"inner"}},"wdio_ui5_key":"applicationmanageconditionprice-display-component---newCondition--condValidTo"}]}
RESULT: undefined
COMMAND: POST /session/6cd8861519be2314cbde44996230575a/execute/async - {"script":"<script> [776 bytes]","args":[{"enterText":"1/23/26","selector":{"id":"application-manageconditionprice-display-component---newCondition--condValidTo","interaction":{"idSuffix":"inner"}},"clearTextFirst":true,"interactionType":"ENTER_TEXT"}]}
RESULT: {"script":"<script> [776 bytes]","args":[{"enterText":"1/23/26","selector":{"id":"application-manageconditionprice-display-component---newCondition--condValidTo","interaction":{"idSuffix":"inner"}},"clearTextFirst":true,"interactionType":"ENTER_TEXT"}]}
COMMAND: POST /session/6cd8861519be2314cbde44996230575a/element - {"using":"xpath","value":"//input[@id=\"application-manageconditionprice-display-component---newCondition--condRU-inner\"]"}
RESULT: {"using":"xpath","value":"//input[@id=\"application-manageconditionprice-display-component---newCondition--condRU-inner\"]"}
COMMAND: POST /session/6cd8861519be2314cbde44996230575a/element/f.B713056A9316196A9232F0DF0934CF03.d.70A476AF6FB96E8FE9CE5E8CC1401950.e.19608/clear - {}
RESULT: {}
COMMAND: POST /session/6cd8861519be2314cbde44996230575a/element/f.B713056A9316196A9232F0DF0934CF03.d.70A476AF6FB96E8FE9CE5E8CC1401950.e.19608/value - {"text":"WEXZu3JglS"}
COMMAND: GET /session/6cd8861519be2314cbde44996230575a/screenshot - {}
RESULT: {"text":"WEXZu3JglS"}
COMMAND: GET /session/6cd8861519be2314cbde44996230575a/screenshot - {}
RESULT: {}
RESULT: {}
COMMAND: POST /session/6cd8861519be2314cbde44996230575a/actions - {"actions":[{"id":"action67","type":"key","parameters":{},"actions":[{"type":"keyDown","value":""},{"type":"pause","duration":10},{"type":"keyUp","value":""}]}]}
RESULT: {"actions":[{"id":"action67","type":"key","parameters":{},"actions":[{"type":"keyDown","value":""},{"type":"pause","duration":10},{"type":"keyUp","value":""}]}]}
COMMAND: POST /session/6cd8861519be2314cbde44996230575a/execute/async - {"script":"<script> [1562 bytes]","args":[{"selector":{"id":"application-manageconditionprice-display-component---newCondition--condBaseQty","interaction":{"idSuffix":"inner"}},"wdio_ui5_key":"applicationmanageconditionprice-display-component---newCondition--condBaseQty"}]}
COMMAND: GET /session/6cd8861519be2314cbde44996230575a/screenshot - {}
RESULT: {"script":"<script> [1562 bytes]","args":[{"selector":{"id":"application-manageconditionprice-display-component---newCondition--condBaseQty","interaction":{"idSuffix":"inner"}},"wdio_ui5_key":"applicationmanageconditionprice-display-component---newCondition--condBaseQty"}]}
RESULT: undefined
COMMAND: POST /session/6cd8861519be2314cbde44996230575a/execute/async - {"script":"<script> [776 bytes]","args":[{"enterText":"1","selector":{"id":"application-manageconditionprice-display-component---newCondition--condBaseQty","interaction":{"idSuffix":"inner"}},"clearTextFirst":true,"interactionType":"ENTER_TEXT"}]}
RESULT: {}
RESULT: {"script":"<script> [776 bytes]","args":[{"enterText":"1","selector":{"id":"application-manageconditionprice-display-component---newCondition--condBaseQty","interaction":{"idSuffix":"inner"}},"clearTextFirst":true,"interactionType":"ENTER_TEXT"}]}
COMMAND: POST /session/6cd8861519be2314cbde44996230575a/execute/async - {"script":"<script> [1562 bytes]","args":[{"selector":{"id":"application-manageconditionprice-display-component---newCondition--condValue","interaction":{"idSuffix":"inner"}},"wdio_ui5_key":"applicationmanageconditionprice-display-component---newCondition--condValue"}]}
RESULT: {"script":"<script> [1562 bytes]","args":[{"selector":{"id":"application-manageconditionprice-display-component---newCondition--condValue","interaction":{"idSuffix":"inner"}},"wdio_ui5_key":"applicationmanageconditionprice-display-component---newCondition--condValue"}]}
RESULT: undefined
COMMAND: POST /session/6cd8861519be2314cbde44996230575a/execute/async - {"script":"<script> [776 bytes]","args":[{"enterText":"200","selector":{"id":"application-manageconditionprice-display-component---newCondition--condValue","interaction":{"idSuffix":"inner"}},"clearTextFirst":true,"interactionType":"ENTER_TEXT"}]}
RESULT: {"script":"<script> [776 bytes]","args":[{"enterText":"200","selector":{"id":"application-manageconditionprice-display-component---newCondition--condValue","interaction":{"idSuffix":"inner"}},"clearTextFirst":true,"interactionType":"ENTER_TEXT"}]}
COMMAND: POST /session/6cd8861519be2314cbde44996230575a/execute/async - {"script":"<script> [1562 bytes]","args":[{"selector":{"id":"application-manageconditionprice-display-component---newCondition--condCurr-arrow"},"wdio_ui5_key":"applicationmanageconditionprice-display-component---newCondition--condCurr-arrow"}]}
RESULT: {"script":"<script> [1562 bytes]","args":[{"selector":{"id":"application-manageconditionprice-display-component---newCondition--condCurr-arrow"},"wdio_ui5_key":"applicationmanageconditionprice-display-component---newCondition--condCurr-arrow"}]}
RESULT: undefined
COMMAND: POST /session/6cd8861519be2314cbde44996230575a/element - {"using":"xpath","value":"//*[@id=\"application-manageconditionprice-display-component---newCondition--condCurr-arrow\"]"}
RESULT: {"using":"xpath","value":"//*[@id=\"application-manageconditionprice-display-component---newCondition--condCurr-arrow\"]"}
COMMAND: POST /session/6cd8861519be2314cbde44996230575a/element/f.B713056A9316196A9232F0DF0934CF03.d.70A476AF6FB96E8FE9CE5E8CC1401950.e.19716/click - {}
RESULT: {}
COMMAND: POST /session/6cd8861519be2314cbde44996230575a/element - {"using":"xpath","value":"//span[contains(text(), \"Euro\")]"}
COMMAND: GET /session/6cd8861519be2314cbde44996230575a/screenshot - {}
RESULT: {"using":"xpath","value":"//span[contains(text(), \"Euro\")]"}
COMMAND: POST /session/6cd8861519be2314cbde44996230575a/element/f.B713056A9316196A9232F0DF0934CF03.d.70A476AF6FB96E8FE9CE5E8CC1401950.e.19780/click - {}
RESULT: {}
RESULT: {}
COMMAND: POST /session/6cd8861519be2314cbde44996230575a/element - {"using":"xpath","value":"//button[@data-kt=\"saveButton\"]"}
COMMAND: GET /session/6cd8861519be2314cbde44996230575a/screenshot - {}
RESULT: {"using":"xpath","value":"//button[@data-kt=\"saveButton\"]"}
COMMAND: POST /session/6cd8861519be2314cbde44996230575a/element/f.B713056A9316196A9232F0DF0934CF03.d.70A476AF6FB96E8FE9CE5E8CC1401950.e.19717/click - {}
RESULT: {}
RESULT: {}
COMMAND: GET /session/6cd8861519be2314cbde44996230575a/screenshot - {}
RESULT: {}
COMMAND: POST /session/6cd8861519be2314cbde44996230575a/execute/async - {"script":"<script> [1562 bytes]","args":[{"selector":{"id":"application-manageconditionprice-display-component---conditions--smartFilterBar-btnBasicSearch","interaction":{"idSuffix":"I"}},"wdio_ui5_key":"applicationmanageconditionprice-display-component---conditions--smartFilterBar-btnBasicSearch"}]}
RESULT: {"script":"<script> [1562 bytes]","args":[{"selector":{"id":"application-manageconditionprice-display-component---conditions--smartFilterBar-btnBasicSearch","interaction":{"idSuffix":"I"}},"wdio_ui5_key":"applicationmanageconditionprice-display-component---conditions--smartFilterBar-btnBasicSearch"}]}
RESULT: undefined
COMMAND: POST /session/6cd8861519be2314cbde44996230575a/execute/async - {"script":"<script> [776 bytes]","args":[{"enterText":"WEXZu3JglS","selector":{"id":"application-manageconditionprice-display-component---conditions--smartFilterBar-btnBasicSearch","interaction":{"idSuffix":"I"}},"clearTextFirst":true,"interactionType":"ENTER_TEXT"}]}
RESULT: {"script":"<script> [776 bytes]","args":[{"enterText":"WEXZu3JglS","selector":{"id":"application-manageconditionprice-display-component---conditions--smartFilterBar-btnBasicSearch","interaction":{"idSuffix":"I"}},"clearTextFirst":true,"interactionType":"ENTER_TEXT"}]}
COMMAND: POST /session/6cd8861519be2314cbde44996230575a/actions - {"actions":[{"id":"action68","type":"key","parameters":{},"actions":[{"type":"keyDown","value":""},{"type":"pause","duration":10},{"type":"keyUp","value":""}]}]}
RESULT: {"actions":[{"id":"action68","type":"key","parameters":{},"actions":[{"type":"keyDown","value":""},{"type":"pause","duration":10},{"type":"keyUp","value":""}]}]}
COMMAND: GET /session/6cd8861519be2314cbde44996230575a/screenshot - {}
RESULT: {}
COMMAND: POST /session/6cd8861519be2314cbde44996230575a/execute/async - {"script":"<script> [1562 bytes]","args":[{"selector":{"id":"application-manageconditionprice-display-component---conditions--smartFilterBar-filterItemControl_BASIC-BILL_TYPES-vhi"},"wdio_ui5_key":"applicationmanageconditionprice-display-component---conditions--smartFilterBar-filterItemControl_BASIC-BILL_TYPES-vhi"}]}
RESULT: {"script":"<script> [1562 bytes]","args":[{"selector":{"id":"application-manageconditionprice-display-component---conditions--smartFilterBar-filterItemControl_BASIC-BILL_TYPES-vhi"},"wdio_ui5_key":"applicationmanageconditionprice-display-component---conditions--smartFilterBar-filterItemControl_BASIC-BILL_TYPES-vhi"}]}
RESULT: undefined
COMMAND: POST /session/6cd8861519be2314cbde44996230575a/element - {"using":"xpath","value":"//*[@id=\"application-manageconditionprice-display-component---conditions--smartFilterBar-filterItemControl_BASIC-BILL_TYPES-vhi\"]"}
RESULT: {"using":"xpath","value":"//*[@id=\"application-manageconditionprice-display-component---conditions--smartFilterBar-filterItemControl_BASIC-BILL_TYPES-vhi\"]"}
COMMAND: POST /session/6cd8861519be2314cbde44996230575a/element/f.B713056A9316196A9232F0DF0934CF03.d.70A476AF6FB96E8FE9CE5E8CC1401950.e.19886/click - {}
RESULT: {}
COMMAND: POST /session/6cd8861519be2314cbde44996230575a/execute/async - {"script":"<script> [1562 bytes]","args":[{"selector":{"id":"application-manageconditionprice-display-component---conditions--smartFilterBar-filterItemControl_BASIC-BILL_TYPES-valueHelpDialog-smartFilterBar-btnBasicSearch","searchOpenDialogs":true,"interaction":{"idSuffix":"I"}},"wdio_ui5_key":"applicationmanageconditionprice-display-component---conditions--smartFilterBar-filterItemControl_BASIC-BILL_TYPES-valueHelpDialog-smartFilterBar-btnBasicSearch"}]}
COMMAND: GET /session/6cd8861519be2314cbde44996230575a/screenshot - {}
RESULT: {"script":"<script> [1562 bytes]","args":[{"selector":{"id":"application-manageconditionprice-display-component---conditions--smartFilterBar-filterItemControl_BASIC-BILL_TYPES-valueHelpDialog-smartFilterBar-btnBasicSearch","searchOpenDialogs":true,"interaction":{"idSuffix":"I"}},"wdio_ui5_key":"applicationmanageconditionprice-display-component---conditions--smartFilterBar-filterItemControl_BASIC-BILL_TYPES-valueHelpDialog-smartFilterBar-btnBasicSearch"}]}
RESULT: undefined
COMMAND: POST /session/6cd8861519be2314cbde44996230575a/execute/async - {"script":"<script> [776 bytes]","args":[{"enterText":"TB","selector":{"id":"application-manageconditionprice-display-component---conditions--smartFilterBar-filterItemControl_BASIC-BILL_TYPES-valueHelpDialog-smartFilterBar-btnBasicSearch","searchOpenDialogs":true,"interaction":{"idSuffix":"I"}},"clearTextFirst":true,"interactionType":"ENTER_TEXT"}]}
RESULT: {}
RESULT: {"script":"<script> [776 bytes]","args":[{"enterText":"TB","selector":{"id":"application-manageconditionprice-display-component---conditions--smartFilterBar-filterItemControl_BASIC-BILL_TYPES-valueHelpDialog-smartFilterBar-btnBasicSearch","searchOpenDialogs":true,"interaction":{"idSuffix":"I"}},"clearTextFirst":true,"interactionType":"ENTER_TEXT"}]}
COMMAND: POST /session/6cd8861519be2314cbde44996230575a/actions - {"actions":[{"id":"action69","type":"key","parameters":{},"actions":[{"type":"keyDown","value":""},{"type":"pause","duration":10},{"type":"keyUp","value":""}]}]}
RESULT: {"actions":[{"id":"action69","type":"key","parameters":{},"actions":[{"type":"keyDown","value":""},{"type":"pause","duration":10},{"type":"keyUp","value":""}]}]}
COMMAND: GET /session/6cd8861519be2314cbde44996230575a/screenshot - {}
RESULT: {}
COMMAND: POST /session/6cd8861519be2314cbde44996230575a/element - {"using":"xpath","value":"//div[contains(@id, 'application-manageconditionprice-display-component---conditions--smartFilterBar-filterItemControl_BASIC-BILL_TYPES-valueHelpDialog-table-rowsel0')]"}
RESULT: {"using":"xpath","value":"//div[contains(@id, 'application-manageconditionprice-display-component---conditions--smartFilterBar-filterItemControl_BASIC-BILL_TYPES-valueHelpDialog-table-rowsel0')]"}
COMMAND: POST /session/6cd8861519be2314cbde44996230575a/element/f.B713056A9316196A9232F0DF0934CF03.d.70A476AF6FB96E8FE9CE5E8CC1401950.e.19895/click - {}
RESULT: {}
COMMAND: GET /session/6cd8861519be2314cbde44996230575a/screenshot - {}
RESULT: {}
COMMAND: POST /session/6cd8861519be2314cbde44996230575a/element - {"using":"xpath","value":"//bdi[contains(text(), \"OK\")]"}
RESULT: {"using":"xpath","value":"//bdi[contains(text(), \"OK\")]"}
COMMAND: POST /session/6cd8861519be2314cbde44996230575a/element/f.B713056A9316196A9232F0DF0934CF03.d.70A476AF6FB96E8FE9CE5E8CC1401950.e.19897/click - {}
RESULT: {}
COMMAND: GET /session/6cd8861519be2314cbde44996230575a/screenshot - {}
RESULT: {}
COMMAND: POST /session/6cd8861519be2314cbde44996230575a/element - {"using":"xpath","value":"//span[@id=\"application-manageconditionprice-display-component---conditions--smartTable-header-inner\"]"}
RESULT: {"using":"xpath","value":"//span[@id=\"application-manageconditionprice-display-component---conditions--smartTable-header-inner\"]"}
COMMAND: POST /session/6cd8861519be2314cbde44996230575a/elements - {"using":"xpath","value":"//span[@id=\"application-manageconditionprice-display-component---conditions--smartTable-header-inner\"]"}
RESULT: {"using":"xpath","value":"//span[@id=\"application-manageconditionprice-display-component---conditions--smartTable-header-inner\"]"}
COMMAND: POST /session/6cd8861519be2314cbde44996230575a/execute/sync - {"script":"<script> [56 bytes]","args":[{"element-6066-11e4-a52e-4f735466cecf":"f.B713056A9316196A9232F0DF0934CF03.d.70A476AF6FB96E8FE9CE5E8CC1401950.e.19900","ELEMENT":"f.B713056A9316196A9232F0DF0934CF03.d.70A476AF6FB96E8FE9CE5E8CC1401950.e.19900"}]}
RESULT: {"script":"<script> [56 bytes]","args":[{"element-6066-11e4-a52e-4f735466cecf":"f.B713056A9316196A9232F0DF0934CF03.d.70A476AF6FB96E8FE9CE5E8CC1401950.e.19900","ELEMENT":"f.B713056A9316196A9232F0DF0934CF03.d.70A476AF6FB96E8FE9CE5E8CC1401950.e.19900"}]}
COMMAND: POST /session/6cd8861519be2314cbde44996230575a/element - {"using":"css selector","value":"#shell-header-logo"}
COMMAND: GET /session/6cd8861519be2314cbde44996230575a/screenshot - {}
RESULT: {"using":"css selector","value":"#shell-header-logo"}
COMMAND: POST /session/6cd8861519be2314cbde44996230575a/element/f.B713056A9316196A9232F0DF0934CF03.d.70A476AF6FB96E8FE9CE5E8CC1401950.e.19530/click - {}
RESULT: {}
RESULT: {}
COMMAND: GET /session/6cd8861519be2314cbde44996230575a/screenshot - {}
RESULT: {}
]]></system-out>
    </testcase>
    <testcase classname="chrome.136_0_7103_93.windows.Create_Reverse_Billing_US127248" name="Should do a stock increase handover" time="101.721">
      <system-out><![CDATA[
COMMAND: POST /session/6cd8861519be2314cbde44996230575a/execute/async - {"script":"<script> [1562 bytes]","args":[{"selector":{"controlType":"sap.m.GenericTile","properties":{"header":"Manage Handovers"}},"wdio_ui5_key":"sapm.GenericTile{\"header\":\"Manage Handovers\"}"}]}
RESULT: {"script":"<script> [1562 bytes]","args":[{"selector":{"controlType":"sap.m.GenericTile","properties":{"header":"Manage Handovers"}},"wdio_ui5_key":"sapm.GenericTile{\"header\":\"Manage Handovers\"}"}]}
RESULT: undefined
COMMAND: POST /session/6cd8861519be2314cbde44996230575a/element - {"using":"xpath","value":"//*[@id=\"__tile133\"]"}
RESULT: {"using":"xpath","value":"//*[@id=\"__tile133\"]"}
COMMAND: POST /session/6cd8861519be2314cbde44996230575a/element/f.B713056A9316196A9232F0DF0934CF03.d.70A476AF6FB96E8FE9CE5E8CC1401950.e.18614/click - {}
RESULT: {}
COMMAND: GET /session/6cd8861519be2314cbde44996230575a/screenshot - {}
COMMAND: POST /session/6cd8861519be2314cbde44996230575a/elements - {"using":"xpath","value":"//span[text()='Error']"}
RESULT: {}
RESULT: {"using":"xpath","value":"//span[text()='Error']"}
COMMAND: POST /session/6cd8861519be2314cbde44996230575a/element - {"using":"xpath","value":"//button[@data-kt=\"masterHOAddButton\"]"}
RESULT: {"using":"xpath","value":"//button[@data-kt=\"masterHOAddButton\"]"}
COMMAND: POST /session/6cd8861519be2314cbde44996230575a/elements - {"using":"xpath","value":"//button[@data-kt=\"masterHOAddButton\"]"}
RESULT: {"using":"xpath","value":"//button[@data-kt=\"masterHOAddButton\"]"}
COMMAND: POST /session/6cd8861519be2314cbde44996230575a/elements - {"using":"xpath","value":"//button[@data-kt=\"masterHOAddButton\"]"}
RESULT: {"using":"xpath","value":"//button[@data-kt=\"masterHOAddButton\"]"}
COMMAND: POST /session/6cd8861519be2314cbde44996230575a/element - {"using":"xpath","value":"//button[@data-kt=\"masterHOAddButton\"]"}
RESULT: {"using":"xpath","value":"//button[@data-kt=\"masterHOAddButton\"]"}
COMMAND: POST /session/6cd8861519be2314cbde44996230575a/execute/sync - {"script":"<script> [8489 bytes]","args":[{"element-6066-11e4-a52e-4f735466cecf":"f.B713056A9316196A9232F0DF0934CF03.d.70A476AF6FB96E8FE9CE5E8CC1401950.e.19944","ELEMENT":"f.B713056A9316196A9232F0DF0934CF03.d.70A476AF6FB96E8FE9CE5E8CC1401950.e.19944"}]}
RESULT: {"script":"<script> [8489 bytes]","args":[{"element-6066-11e4-a52e-4f735466cecf":"f.B713056A9316196A9232F0DF0934CF03.d.70A476AF6FB96E8FE9CE5E8CC1401950.e.19944","ELEMENT":"f.B713056A9316196A9232F0DF0934CF03.d.70A476AF6FB96E8FE9CE5E8CC1401950.e.19944"}]}
COMMAND: GET /session/6cd8861519be2314cbde44996230575a/element/f.B713056A9316196A9232F0DF0934CF03.d.70A476AF6FB96E8FE9CE5E8CC1401950.e.19944/enabled - {}
COMMAND: GET /session/6cd8861519be2314cbde44996230575a/screenshot - {}
RESULT: {}
COMMAND: POST /session/6cd8861519be2314cbde44996230575a/execute/sync - {"script":"<script> [8489 bytes]","args":[{"element-6066-11e4-a52e-4f735466cecf":"f.B713056A9316196A9232F0DF0934CF03.d.70A476AF6FB96E8FE9CE5E8CC1401950.e.19944","ELEMENT":"f.B713056A9316196A9232F0DF0934CF03.d.70A476AF6FB96E8FE9CE5E8CC1401950.e.19944"}]}
COMMAND: GET /session/6cd8861519be2314cbde44996230575a/screenshot - {}
RESULT: {}
RESULT: {"script":"<script> [8489 bytes]","args":[{"element-6066-11e4-a52e-4f735466cecf":"f.B713056A9316196A9232F0DF0934CF03.d.70A476AF6FB96E8FE9CE5E8CC1401950.e.19944","ELEMENT":"f.B713056A9316196A9232F0DF0934CF03.d.70A476AF6FB96E8FE9CE5E8CC1401950.e.19944"}]}
COMMAND: POST /session/6cd8861519be2314cbde44996230575a/execute/sync - {"script":"<script> [5351 bytes]","args":[{"element-6066-11e4-a52e-4f735466cecf":"f.B713056A9316196A9232F0DF0934CF03.d.70A476AF6FB96E8FE9CE5E8CC1401950.e.19944","ELEMENT":"f.B713056A9316196A9232F0DF0934CF03.d.70A476AF6FB96E8FE9CE5E8CC1401950.e.19944"}]}
COMMAND: GET /session/6cd8861519be2314cbde44996230575a/screenshot - {}
RESULT: {}
RESULT: {"script":"<script> [5351 bytes]","args":[{"element-6066-11e4-a52e-4f735466cecf":"f.B713056A9316196A9232F0DF0934CF03.d.70A476AF6FB96E8FE9CE5E8CC1401950.e.19944","ELEMENT":"f.B713056A9316196A9232F0DF0934CF03.d.70A476AF6FB96E8FE9CE5E8CC1401950.e.19944"}]}
COMMAND: POST /session/6cd8861519be2314cbde44996230575a/element/f.B713056A9316196A9232F0DF0934CF03.d.70A476AF6FB96E8FE9CE5E8CC1401950.e.19944/click - {}
COMMAND: GET /session/6cd8861519be2314cbde44996230575a/screenshot - {}
RESULT: {}
RESULT: {}
COMMAND: GET /session/6cd8861519be2314cbde44996230575a/screenshot - {}
COMMAND: POST /session/6cd8861519be2314cbde44996230575a/element - {"using":"xpath","value":"//span[contains(@id ,\"AddNewHO--typeSelect-arrow\")]"}
RESULT: {}
RESULT: {}
RESULT: {"using":"xpath","value":"//span[contains(@id ,\"AddNewHO--typeSelect-arrow\")]"}
COMMAND: POST /session/6cd8861519be2314cbde44996230575a/element/f.B713056A9316196A9232F0DF0934CF03.d.70A476AF6FB96E8FE9CE5E8CC1401950.e.20294/click - {}
RESULT: {}
COMMAND: GET /session/6cd8861519be2314cbde44996230575a/screenshot - {}
RESULT: {}
COMMAND: POST /session/6cd8861519be2314cbde44996230575a/element - {"using":"xpath","value":"(//li[contains(text(), \"stock increase yard\")])[1]"}
RESULT: {"using":"xpath","value":"(//li[contains(text(), \"stock increase yard\")])[1]"}
COMMAND: POST /session/6cd8861519be2314cbde44996230575a/element/f.B713056A9316196A9232F0DF0934CF03.d.70A476AF6FB96E8FE9CE5E8CC1401950.e.20295/click - {}
RESULT: {}
COMMAND: GET /session/6cd8861519be2314cbde44996230575a/screenshot - {}
RESULT: {}
COMMAND: POST /session/6cd8861519be2314cbde44996230575a/execute/async - {"script":"<script> [1562 bytes]","args":[{"selector":{"id":"application-managehandovers-display-component---AddNewHO--dueDate","interaction":{"idSuffix":"inner"}},"wdio_ui5_key":"applicationmanagehandovers-display-component---AddNewHO--dueDate"}]}
RESULT: {"script":"<script> [1562 bytes]","args":[{"selector":{"id":"application-managehandovers-display-component---AddNewHO--dueDate","interaction":{"idSuffix":"inner"}},"wdio_ui5_key":"applicationmanagehandovers-display-component---AddNewHO--dueDate"}]}
RESULT: undefined
COMMAND: POST /session/6cd8861519be2314cbde44996230575a/execute/async - {"script":"<script> [6424 bytes]","args":[{"element-6066-11e4-a52e-4f735466cecf":"f.B713056A9316196A9232F0DF0934CF03.d.70A476AF6FB96E8FE9CE5E8CC1401950.e.20299"},"setValue",["5/23/25"]]}
RESULT: {"script":"<script> [6424 bytes]","args":[{"element-6066-11e4-a52e-4f735466cecf":"f.B713056A9316196A9232F0DF0934CF03.d.70A476AF6FB96E8FE9CE5E8CC1401950.e.20299"},"setValue",["5/23/25"]]}
COMMAND: POST /session/6cd8861519be2314cbde44996230575a/element - {"using":"xpath","value":"//input[@id=\"generalSectionFrg--receiveYard-inner\"]"}
RESULT: {"using":"xpath","value":"//input[@id=\"generalSectionFrg--receiveYard-inner\"]"}
COMMAND: POST /session/6cd8861519be2314cbde44996230575a/element/f.B713056A9316196A9232F0DF0934CF03.d.70A476AF6FB96E8FE9CE5E8CC1401950.e.20305/clear - {}
RESULT: {}
COMMAND: POST /session/6cd8861519be2314cbde44996230575a/element/f.B713056A9316196A9232F0DF0934CF03.d.70A476AF6FB96E8FE9CE5E8CC1401950.e.20305/value - {"text":"235"}
COMMAND: GET /session/6cd8861519be2314cbde44996230575a/screenshot - {}
RESULT: {"text":"235"}
COMMAND: GET /session/6cd8861519be2314cbde44996230575a/screenshot - {}
RESULT: {}
RESULT: {}
COMMAND: POST /session/6cd8861519be2314cbde44996230575a/element - {"using":"xpath","value":"//li[.//span[text()='235']]"}
RESULT: {"using":"xpath","value":"//li[.//span[text()='235']]"}
COMMAND: POST /session/6cd8861519be2314cbde44996230575a/element/f.B713056A9316196A9232F0DF0934CF03.d.70A476AF6FB96E8FE9CE5E8CC1401950.e.20321/click - {}
RESULT: {}
COMMAND: GET /session/6cd8861519be2314cbde44996230575a/screenshot - {}
RESULT: {}
COMMAND: POST /session/6cd8861519be2314cbde44996230575a/execute/async - {"script":"<script> [1562 bytes]","args":[{"selector":{"id":"application-managehandovers-display-component---AddNewHO--ObjectPageLayout-anchBar-application-managehandovers-display-component---AddNewHO--section4-anchor","interaction":{"idSuffix":"BDI-content"}},"wdio_ui5_key":"applicationmanagehandovers-display-component---AddNewHO--ObjectPageLayout-anchBar-application-managehandovers-display-component---AddNewHO--section4-anchor"}]}
RESULT: {"script":"<script> [1562 bytes]","args":[{"selector":{"id":"application-managehandovers-display-component---AddNewHO--ObjectPageLayout-anchBar-application-managehandovers-display-component---AddNewHO--section4-anchor","interaction":{"idSuffix":"BDI-content"}},"wdio_ui5_key":"applicationmanagehandovers-display-component---AddNewHO--ObjectPageLayout-anchBar-application-managehandovers-display-component---AddNewHO--section4-anchor"}]}
RESULT: undefined
COMMAND: POST /session/6cd8861519be2314cbde44996230575a/element - {"using":"xpath","value":"//*[@id=\"application-managehandovers-display-component---AddNewHO--ObjectPageLayout-anchBar-application-managehandovers-display-component---AddNewHO--section4-anchor\"]"}
RESULT: {"using":"xpath","value":"//*[@id=\"application-managehandovers-display-component---AddNewHO--ObjectPageLayout-anchBar-application-managehandovers-display-component---AddNewHO--section4-anchor\"]"}
COMMAND: POST /session/6cd8861519be2314cbde44996230575a/element/f.B713056A9316196A9232F0DF0934CF03.d.70A476AF6FB96E8FE9CE5E8CC1401950.e.20323/click - {}
RESULT: {}
COMMAND: POST /session/6cd8861519be2314cbde44996230575a/element - {"using":"xpath","value":"//button[@aria-label=\"Add\"]"}
COMMAND: GET /session/6cd8861519be2314cbde44996230575a/screenshot - {}
RESULT: {"using":"xpath","value":"//button[@aria-label=\"Add\"]"}
COMMAND: POST /session/6cd8861519be2314cbde44996230575a/element/f.B713056A9316196A9232F0DF0934CF03.d.70A476AF6FB96E8FE9CE5E8CC1401950.e.20325/click - {}
RESULT: {}
RESULT: {}
COMMAND: GET /session/6cd8861519be2314cbde44996230575a/screenshot - {}
RESULT: {}
COMMAND: POST /session/6cd8861519be2314cbde44996230575a/execute/async - {"script":"<script> [1562 bytes]","args":[{"selector":{"id":"application-managehandovers-display-component---AddNewHO--smartFilterBar-btnBasicSearch","searchOpenDialogs":true,"interaction":{"idSuffix":"I"}},"wdio_ui5_key":"applicationmanagehandovers-display-component---AddNewHO--smartFilterBar-btnBasicSearch"}]}
RESULT: {"script":"<script> [1562 bytes]","args":[{"selector":{"id":"application-managehandovers-display-component---AddNewHO--smartFilterBar-btnBasicSearch","searchOpenDialogs":true,"interaction":{"idSuffix":"I"}},"wdio_ui5_key":"applicationmanagehandovers-display-component---AddNewHO--smartFilterBar-btnBasicSearch"}]}
RESULT: undefined
COMMAND: POST /session/6cd8861519be2314cbde44996230575a/execute/async - {"script":"<script> [776 bytes]","args":[{"enterText":"WEXZu3JglS","selector":{"id":"application-managehandovers-display-component---AddNewHO--smartFilterBar-btnBasicSearch","searchOpenDialogs":true,"interaction":{"idSuffix":"I"}},"clearTextFirst":true,"interactionType":"ENTER_TEXT"}]}
RESULT: {"script":"<script> [776 bytes]","args":[{"enterText":"WEXZu3JglS","selector":{"id":"application-managehandovers-display-component---AddNewHO--smartFilterBar-btnBasicSearch","searchOpenDialogs":true,"interaction":{"idSuffix":"I"}},"clearTextFirst":true,"interactionType":"ENTER_TEXT"}]}
COMMAND: POST /session/6cd8861519be2314cbde44996230575a/actions - {"actions":[{"id":"action70","type":"key","parameters":{},"actions":[{"type":"keyDown","value":""},{"type":"pause","duration":10},{"type":"keyUp","value":""}]}]}
RESULT: {"actions":[{"id":"action70","type":"key","parameters":{},"actions":[{"type":"keyDown","value":""},{"type":"pause","duration":10},{"type":"keyUp","value":""}]}]}
COMMAND: GET /session/6cd8861519be2314cbde44996230575a/screenshot - {}
RESULT: {}
COMMAND: POST /session/6cd8861519be2314cbde44996230575a/execute/async - {"script":"<script> [1562 bytes]","args":[{"selector":{"id":"application-managehandovers-display-component---AddNewHO--popup-sa","searchOpenDialogs":true,"interaction":{"idSuffix":"CbBg"}},"wdio_ui5_key":"applicationmanagehandovers-display-component---AddNewHO--popup-sa"}]}
RESULT: {"script":"<script> [1562 bytes]","args":[{"selector":{"id":"application-managehandovers-display-component---AddNewHO--popup-sa","searchOpenDialogs":true,"interaction":{"idSuffix":"CbBg"}},"wdio_ui5_key":"applicationmanagehandovers-display-component---AddNewHO--popup-sa"}]}
RESULT: undefined
COMMAND: POST /session/6cd8861519be2314cbde44996230575a/element - {"using":"xpath","value":"//*[@id=\"application-managehandovers-display-component---AddNewHO--popup-sa\"]"}
RESULT: {"using":"xpath","value":"//*[@id=\"application-managehandovers-display-component---AddNewHO--popup-sa\"]"}
COMMAND: POST /session/6cd8861519be2314cbde44996230575a/element/f.B713056A9316196A9232F0DF0934CF03.d.70A476AF6FB96E8FE9CE5E8CC1401950.e.20478/click - {}
RESULT: {}
COMMAND: GET /session/6cd8861519be2314cbde44996230575a/screenshot - {}
RESULT: {}
COMMAND: POST /session/6cd8861519be2314cbde44996230575a/element - {"using":"xpath","value":"//bdi[contains(text(), \"Select\")]"}
RESULT: {"using":"xpath","value":"//bdi[contains(text(), \"Select\")]"}
COMMAND: POST /session/6cd8861519be2314cbde44996230575a/element/f.B713056A9316196A9232F0DF0934CF03.d.70A476AF6FB96E8FE9CE5E8CC1401950.e.20479/click - {}
RESULT: {}
COMMAND: GET /session/6cd8861519be2314cbde44996230575a/screenshot - {}
RESULT: {}
COMMAND: POST /session/6cd8861519be2314cbde44996230575a/element - {"using":"xpath","value":"//button[@data-kt=\"AddNewHOSaveButton\"]"}
RESULT: {"using":"xpath","value":"//button[@data-kt=\"AddNewHOSaveButton\"]"}
COMMAND: POST /session/6cd8861519be2314cbde44996230575a/element/f.B713056A9316196A9232F0DF0934CF03.d.70A476AF6FB96E8FE9CE5E8CC1401950.e.20483/click - {}
RESULT: {}
COMMAND: GET /session/6cd8861519be2314cbde44996230575a/screenshot - {}
RESULT: {}
COMMAND: POST /session/6cd8861519be2314cbde44996230575a/execute/async - {"script":"<script> [1562 bytes]","args":[{"selector":{"id":"receiptDatePicker","viewName":"etm.portal.ui.managehandovers.view.DetailExecuteHO","interaction":{"idSuffix":"inner"}},"wdio_ui5_key":"receiptDatePickeretmportal.ui.managehandovers.view.DetailExecuteHO"}]}
RESULT: {"script":"<script> [1562 bytes]","args":[{"selector":{"id":"receiptDatePicker","viewName":"etm.portal.ui.managehandovers.view.DetailExecuteHO","interaction":{"idSuffix":"inner"}},"wdio_ui5_key":"receiptDatePickeretmportal.ui.managehandovers.view.DetailExecuteHO"}]}
RESULT: undefined
COMMAND: POST /session/6cd8861519be2314cbde44996230575a/execute/async - {"script":"<script> [6424 bytes]","args":[{"element-6066-11e4-a52e-4f735466cecf":"f.B713056A9316196A9232F0DF0934CF03.d.70A476AF6FB96E8FE9CE5E8CC1401950.e.20511"},"setValue",["5/23/25"]]}
RESULT: {"script":"<script> [6424 bytes]","args":[{"element-6066-11e4-a52e-4f735466cecf":"f.B713056A9316196A9232F0DF0934CF03.d.70A476AF6FB96E8FE9CE5E8CC1401950.e.20511"},"setValue",["5/23/25"]]}
COMMAND: POST /session/6cd8861519be2314cbde44996230575a/element - {"using":"xpath","value":"//button[@data-kt=\"ReceivingTableConfirmAllButton\"]"}
RESULT: {"using":"xpath","value":"//button[@data-kt=\"ReceivingTableConfirmAllButton\"]"}
COMMAND: POST /session/6cd8861519be2314cbde44996230575a/element/f.B713056A9316196A9232F0DF0934CF03.d.70A476AF6FB96E8FE9CE5E8CC1401950.e.20528/click - {}
RESULT: {}
COMMAND: GET /session/6cd8861519be2314cbde44996230575a/screenshot - {}
RESULT: {}
COMMAND: POST /session/6cd8861519be2314cbde44996230575a/element - {"using":"xpath","value":"//bdi[contains(text(), \"OK\")]"}
RESULT: {"using":"xpath","value":"//bdi[contains(text(), \"OK\")]"}
COMMAND: POST /session/6cd8861519be2314cbde44996230575a/element/f.B713056A9316196A9232F0DF0934CF03.d.70A476AF6FB96E8FE9CE5E8CC1401950.e.20530/click - {}
RESULT: {}
COMMAND: GET /session/6cd8861519be2314cbde44996230575a/screenshot - {}
RESULT: {}
COMMAND: POST /session/6cd8861519be2314cbde44996230575a/element - {"using":"xpath","value":"(//bdi[contains(text(), \"Receive\")])[2]"}
RESULT: {"using":"xpath","value":"(//bdi[contains(text(), \"Receive\")])[2]"}
COMMAND: POST /session/6cd8861519be2314cbde44996230575a/element/f.B713056A9316196A9232F0DF0934CF03.d.70A476AF6FB96E8FE9CE5E8CC1401950.e.20532/click - {}
RESULT: {}
COMMAND: GET /session/6cd8861519be2314cbde44996230575a/screenshot - {}
RESULT: {}
COMMAND: POST /session/6cd8861519be2314cbde44996230575a/element - {"using":"css selector","value":"#shell-header-logo"}
RESULT: {"using":"css selector","value":"#shell-header-logo"}
COMMAND: POST /session/6cd8861519be2314cbde44996230575a/element/f.B713056A9316196A9232F0DF0934CF03.d.70A476AF6FB96E8FE9CE5E8CC1401950.e.19906/click - {}
RESULT: {}
COMMAND: GET /session/6cd8861519be2314cbde44996230575a/screenshot - {}
RESULT: {}
]]></system-out>
    </testcase>
    <testcase classname="chrome.136_0_7103_93.windows.Create_Reverse_Billing_US127248" name="Should create a new contract" time="66.51">
      <system-out><![CDATA[
COMMAND: POST /session/6cd8861519be2314cbde44996230575a/execute/async - {"script":"<script> [1562 bytes]","args":[{"selector":{"controlType":"sap.m.GenericTile","properties":{"header":"Manage Contracts"}},"wdio_ui5_key":"sapm.GenericTile{\"header\":\"Manage Contracts\"}"}]}
RESULT: {"script":"<script> [1562 bytes]","args":[{"selector":{"controlType":"sap.m.GenericTile","properties":{"header":"Manage Contracts"}},"wdio_ui5_key":"sapm.GenericTile{\"header\":\"Manage Contracts\"}"}]}
RESULT: undefined
COMMAND: POST /session/6cd8861519be2314cbde44996230575a/element - {"using":"xpath","value":"//*[@id=\"__tile131\"]"}
RESULT: {"using":"xpath","value":"//*[@id=\"__tile131\"]"}
COMMAND: POST /session/6cd8861519be2314cbde44996230575a/element/f.B713056A9316196A9232F0DF0934CF03.d.70A476AF6FB96E8FE9CE5E8CC1401950.e.18543/click - {}
RESULT: {}
COMMAND: GET /session/6cd8861519be2314cbde44996230575a/screenshot - {}
RESULT: {}
COMMAND: POST /session/6cd8861519be2314cbde44996230575a/elements - {"using":"xpath","value":"//span[text()='Error']"}
RESULT: {"using":"xpath","value":"//span[text()='Error']"}
COMMAND: POST /session/6cd8861519be2314cbde44996230575a/element - {"using":"xpath","value":"//button[@data-kt=\"addButton\"]"}
RESULT: {"using":"xpath","value":"//button[@data-kt=\"addButton\"]"}
COMMAND: POST /session/6cd8861519be2314cbde44996230575a/elements - {"using":"xpath","value":"//button[@data-kt=\"addButton\"]"}
RESULT: {"using":"xpath","value":"//button[@data-kt=\"addButton\"]"}
COMMAND: POST /session/6cd8861519be2314cbde44996230575a/execute/sync - {"script":"<script> [8489 bytes]","args":[{"element-6066-11e4-a52e-4f735466cecf":"f.B713056A9316196A9232F0DF0934CF03.d.70A476AF6FB96E8FE9CE5E8CC1401950.e.20745","ELEMENT":"f.B713056A9316196A9232F0DF0934CF03.d.70A476AF6FB96E8FE9CE5E8CC1401950.e.20745"}]}
RESULT: {"script":"<script> [8489 bytes]","args":[{"element-6066-11e4-a52e-4f735466cecf":"f.B713056A9316196A9232F0DF0934CF03.d.70A476AF6FB96E8FE9CE5E8CC1401950.e.20745","ELEMENT":"f.B713056A9316196A9232F0DF0934CF03.d.70A476AF6FB96E8FE9CE5E8CC1401950.e.20745"}]}
COMMAND: GET /session/6cd8861519be2314cbde44996230575a/element/f.B713056A9316196A9232F0DF0934CF03.d.70A476AF6FB96E8FE9CE5E8CC1401950.e.20745/enabled - {}
COMMAND: GET /session/6cd8861519be2314cbde44996230575a/screenshot - {}
RESULT: {}
COMMAND: POST /session/6cd8861519be2314cbde44996230575a/execute/sync - {"script":"<script> [8489 bytes]","args":[{"element-6066-11e4-a52e-4f735466cecf":"f.B713056A9316196A9232F0DF0934CF03.d.70A476AF6FB96E8FE9CE5E8CC1401950.e.20745","ELEMENT":"f.B713056A9316196A9232F0DF0934CF03.d.70A476AF6FB96E8FE9CE5E8CC1401950.e.20745"}]}
COMMAND: GET /session/6cd8861519be2314cbde44996230575a/screenshot - {}
RESULT: {}
RESULT: {"script":"<script> [8489 bytes]","args":[{"element-6066-11e4-a52e-4f735466cecf":"f.B713056A9316196A9232F0DF0934CF03.d.70A476AF6FB96E8FE9CE5E8CC1401950.e.20745","ELEMENT":"f.B713056A9316196A9232F0DF0934CF03.d.70A476AF6FB96E8FE9CE5E8CC1401950.e.20745"}]}
COMMAND: POST /session/6cd8861519be2314cbde44996230575a/execute/sync - {"script":"<script> [5351 bytes]","args":[{"element-6066-11e4-a52e-4f735466cecf":"f.B713056A9316196A9232F0DF0934CF03.d.70A476AF6FB96E8FE9CE5E8CC1401950.e.20745","ELEMENT":"f.B713056A9316196A9232F0DF0934CF03.d.70A476AF6FB96E8FE9CE5E8CC1401950.e.20745"}]}
COMMAND: GET /session/6cd8861519be2314cbde44996230575a/screenshot - {}
RESULT: {}
RESULT: {"script":"<script> [5351 bytes]","args":[{"element-6066-11e4-a52e-4f735466cecf":"f.B713056A9316196A9232F0DF0934CF03.d.70A476AF6FB96E8FE9CE5E8CC1401950.e.20745","ELEMENT":"f.B713056A9316196A9232F0DF0934CF03.d.70A476AF6FB96E8FE9CE5E8CC1401950.e.20745"}]}
COMMAND: GET /session/6cd8861519be2314cbde44996230575a/screenshot - {}
RESULT: {}
RESULT: {}
COMMAND: POST /session/6cd8861519be2314cbde44996230575a/element/f.B713056A9316196A9232F0DF0934CF03.d.70A476AF6FB96E8FE9CE5E8CC1401950.e.20745/click - {}
RESULT: {}
COMMAND: GET /session/6cd8861519be2314cbde44996230575a/screenshot - {}
RESULT: {}
COMMAND: POST /session/6cd8861519be2314cbde44996230575a/execute/async - {"script":"<script> [1562 bytes]","args":[{"selector":{"id":"application-managecontracts-display-component---AddNewContract--projectDescription","interaction":{"idSuffix":"inner"}},"wdio_ui5_key":"applicationmanagecontracts-display-component---AddNewContract--projectDescription"}]}
RESULT: {"script":"<script> [1562 bytes]","args":[{"selector":{"id":"application-managecontracts-display-component---AddNewContract--projectDescription","interaction":{"idSuffix":"inner"}},"wdio_ui5_key":"applicationmanagecontracts-display-component---AddNewContract--projectDescription"}]}
RESULT: undefined
COMMAND: POST /session/6cd8861519be2314cbde44996230575a/execute/async - {"script":"<script> [776 bytes]","args":[{"enterText":"Contract WDIO","selector":{"id":"application-managecontracts-display-component---AddNewContract--projectDescription","interaction":{"idSuffix":"inner"}},"clearTextFirst":true,"interactionType":"ENTER_TEXT"}]}
RESULT: {"script":"<script> [776 bytes]","args":[{"enterText":"Contract WDIO","selector":{"id":"application-managecontracts-display-component---AddNewContract--projectDescription","interaction":{"idSuffix":"inner"}},"clearTextFirst":true,"interactionType":"ENTER_TEXT"}]}
COMMAND: POST /session/6cd8861519be2314cbde44996230575a/element - {"using":"xpath","value":"//input[@id=\"application-managecontracts-display-component---AddNewContract--site-inner\"]"}
RESULT: {"using":"xpath","value":"//input[@id=\"application-managecontracts-display-component---AddNewContract--site-inner\"]"}
COMMAND: POST /session/6cd8861519be2314cbde44996230575a/element/f.B713056A9316196A9232F0DF0934CF03.d.70A476AF6FB96E8FE9CE5E8CC1401950.e.21066/clear - {}
RESULT: {}
COMMAND: POST /session/6cd8861519be2314cbde44996230575a/element/f.B713056A9316196A9232F0DF0934CF03.d.70A476AF6FB96E8FE9CE5E8CC1401950.e.21066/value - {"text":"2084"}
COMMAND: GET /session/6cd8861519be2314cbde44996230575a/screenshot - {}
RESULT: {"text":"2084"}
COMMAND: GET /session/6cd8861519be2314cbde44996230575a/screenshot - {}
RESULT: {}
RESULT: {}
COMMAND: POST /session/6cd8861519be2314cbde44996230575a/element - {"using":"xpath","value":"//li[.//span[text()='2084']]"}
RESULT: {"using":"xpath","value":"//li[.//span[text()='2084']]"}
COMMAND: POST /session/6cd8861519be2314cbde44996230575a/element/f.B713056A9316196A9232F0DF0934CF03.d.70A476AF6FB96E8FE9CE5E8CC1401950.e.21148/click - {}
RESULT: {}
COMMAND: GET /session/6cd8861519be2314cbde44996230575a/screenshot - {}
RESULT: {}
COMMAND: POST /session/6cd8861519be2314cbde44996230575a/element - {"using":"xpath","value":"//input[@id=\"application-managecontracts-display-component---AddNewContract--yardId-inner\"]"}
RESULT: {"using":"xpath","value":"//input[@id=\"application-managecontracts-display-component---AddNewContract--yardId-inner\"]"}
COMMAND: GET /session/6cd8861519be2314cbde44996230575a/element/f.B713056A9316196A9232F0DF0934CF03.d.70A476AF6FB96E8FE9CE5E8CC1401950.e.21067/property/value - {}
RESULT: {}
COMMAND: POST /session/6cd8861519be2314cbde44996230575a/element - {"using":"xpath","value":"//input[@id=\"application-managecontracts-display-component---AddNewContract--customerSelect-inner\"]"}
COMMAND: GET /session/6cd8861519be2314cbde44996230575a/screenshot - {}
RESULT: {"using":"xpath","value":"//input[@id=\"application-managecontracts-display-component---AddNewContract--customerSelect-inner\"]"}
COMMAND: POST /session/6cd8861519be2314cbde44996230575a/element/f.B713056A9316196A9232F0DF0934CF03.d.70A476AF6FB96E8FE9CE5E8CC1401950.e.21065/clear - {}
RESULT: {}
RESULT: {}
COMMAND: POST /session/6cd8861519be2314cbde44996230575a/element/f.B713056A9316196A9232F0DF0934CF03.d.70A476AF6FB96E8FE9CE5E8CC1401950.e.21065/value - {"text":"1087"}
COMMAND: GET /session/6cd8861519be2314cbde44996230575a/screenshot - {}
RESULT: {"text":"1087"}
COMMAND: GET /session/6cd8861519be2314cbde44996230575a/screenshot - {}
RESULT: {}
RESULT: {}
COMMAND: POST /session/6cd8861519be2314cbde44996230575a/element - {"using":"xpath","value":"//li[.//span[text()='1087']]"}
RESULT: {"using":"xpath","value":"//li[.//span[text()='1087']]"}
COMMAND: POST /session/6cd8861519be2314cbde44996230575a/element/f.B713056A9316196A9232F0DF0934CF03.d.70A476AF6FB96E8FE9CE5E8CC1401950.e.21151/click - {}
RESULT: {}
COMMAND: GET /session/6cd8861519be2314cbde44996230575a/screenshot - {}
RESULT: {}
COMMAND: POST /session/6cd8861519be2314cbde44996230575a/element - {"using":"xpath","value":"//button[@data-kt=\"saveButton\"]"}
RESULT: {"using":"xpath","value":"//button[@data-kt=\"saveButton\"]"}
COMMAND: POST /session/6cd8861519be2314cbde44996230575a/element/f.B713056A9316196A9232F0DF0934CF03.d.70A476AF6FB96E8FE9CE5E8CC1401950.e.21141/click - {}
RESULT: {}
COMMAND: GET /session/6cd8861519be2314cbde44996230575a/screenshot - {}
RESULT: {}
COMMAND: POST /session/6cd8861519be2314cbde44996230575a/element - {"using":"xpath","value":"//span[contains(@id ,\"contractDetailTitleNoExpanded\")]"}
RESULT: {"using":"xpath","value":"//span[contains(@id ,\"contractDetailTitleNoExpanded\")]"}
COMMAND: POST /session/6cd8861519be2314cbde44996230575a/elements - {"using":"xpath","value":"//span[contains(@id ,\"contractDetailTitleNoExpanded\")]"}
RESULT: {"using":"xpath","value":"//span[contains(@id ,\"contractDetailTitleNoExpanded\")]"}
COMMAND: POST /session/6cd8861519be2314cbde44996230575a/execute/sync - {"script":"<script> [56 bytes]","args":[{"element-6066-11e4-a52e-4f735466cecf":"f.B713056A9316196A9232F0DF0934CF03.d.70A476AF6FB96E8FE9CE5E8CC1401950.e.21222","ELEMENT":"f.B713056A9316196A9232F0DF0934CF03.d.70A476AF6FB96E8FE9CE5E8CC1401950.e.21222"}]}
RESULT: {"script":"<script> [56 bytes]","args":[{"element-6066-11e4-a52e-4f735466cecf":"f.B713056A9316196A9232F0DF0934CF03.d.70A476AF6FB96E8FE9CE5E8CC1401950.e.21222","ELEMENT":"f.B713056A9316196A9232F0DF0934CF03.d.70A476AF6FB96E8FE9CE5E8CC1401950.e.21222"}]}
COMMAND: GET /session/6cd8861519be2314cbde44996230575a/screenshot - {}
RESULT: {}
]]></system-out>
    </testcase>
    <testcase classname="chrome.136_0_7103_93.windows.Create_Reverse_Billing_US127248" name="Should add equipment to the contract" time="51.019">
      <system-out><![CDATA[
COMMAND: POST /session/6cd8861519be2314cbde44996230575a/element - {"using":"xpath","value":"//button[@data-kt=\"contractDetailEditBtnButton\"]"}
RESULT: {"using":"xpath","value":"//button[@data-kt=\"contractDetailEditBtnButton\"]"}
COMMAND: POST /session/6cd8861519be2314cbde44996230575a/element/f.B713056A9316196A9232F0DF0934CF03.d.70A476AF6FB96E8FE9CE5E8CC1401950.e.21223/click - {}
RESULT: {}
COMMAND: GET /session/6cd8861519be2314cbde44996230575a/screenshot - {}
RESULT: {}
COMMAND: POST /session/6cd8861519be2314cbde44996230575a/element - {"using":"xpath","value":"(//span[contains(text(), \"Additional Addresses\")])[2]"}
RESULT: {"using":"xpath","value":"(//span[contains(text(), \"Additional Addresses\")])[2]"}
COMMAND: POST /session/6cd8861519be2314cbde44996230575a/element/f.B713056A9316196A9232F0DF0934CF03.d.70A476AF6FB96E8FE9CE5E8CC1401950.e.21280/click - {}
RESULT: {}
COMMAND: GET /session/6cd8861519be2314cbde44996230575a/screenshot - {}
RESULT: {}
COMMAND: POST /session/6cd8861519be2314cbde44996230575a/element - {"using":"xpath","value":"//button[@data-kt=\"btnAddTableRowOverflowToolbarButton\"]"}
RESULT: {"using":"xpath","value":"//button[@data-kt=\"btnAddTableRowOverflowToolbarButton\"]"}
COMMAND: POST /session/6cd8861519be2314cbde44996230575a/element/f.B713056A9316196A9232F0DF0934CF03.d.70A476AF6FB96E8FE9CE5E8CC1401950.e.21282/click - {}
RESULT: {}
COMMAND: GET /session/6cd8861519be2314cbde44996230575a/screenshot - {}
RESULT: {}
COMMAND: POST /session/6cd8861519be2314cbde44996230575a/element - {"using":"xpath","value":"//div[(text() = 'Standard Entry' or . = 'Standard Entry')]"}
RESULT: {"using":"xpath","value":"//div[(text() = 'Standard Entry' or . = 'Standard Entry')]"}
COMMAND: POST /session/6cd8861519be2314cbde44996230575a/element/f.B713056A9316196A9232F0DF0934CF03.d.70A476AF6FB96E8FE9CE5E8CC1401950.e.21284/click - {}
RESULT: {}
COMMAND: GET /session/6cd8861519be2314cbde44996230575a/screenshot - {}
RESULT: {}
COMMAND: POST /session/6cd8861519be2314cbde44996230575a/element - {"using":"xpath","value":"//td[7]/div/div/input"}
RESULT: {"using":"xpath","value":"//td[7]/div/div/input"}
COMMAND: POST /session/6cd8861519be2314cbde44996230575a/element/f.B713056A9316196A9232F0DF0934CF03.d.70A476AF6FB96E8FE9CE5E8CC1401950.e.21293/clear - {}
RESULT: {}
COMMAND: POST /session/6cd8861519be2314cbde44996230575a/element/f.B713056A9316196A9232F0DF0934CF03.d.70A476AF6FB96E8FE9CE5E8CC1401950.e.21293/value - {"text":"WEXZu3JglS"}
COMMAND: GET /session/6cd8861519be2314cbde44996230575a/screenshot - {}
RESULT: {"text":"WEXZu3JglS"}
COMMAND: GET /session/6cd8861519be2314cbde44996230575a/screenshot - {}
RESULT: {}
RESULT: {}
COMMAND: POST /session/6cd8861519be2314cbde44996230575a/actions - {"actions":[{"id":"action71","type":"key","parameters":{},"actions":[{"type":"keyDown","value":""},{"type":"pause","duration":10},{"type":"keyUp","value":""}]}]}
RESULT: {"actions":[{"id":"action71","type":"key","parameters":{},"actions":[{"type":"keyDown","value":""},{"type":"pause","duration":10},{"type":"keyUp","value":""}]}]}
COMMAND: GET /session/6cd8861519be2314cbde44996230575a/screenshot - {}
RESULT: {}
COMMAND: POST /session/6cd8861519be2314cbde44996230575a/execute/sync - {"script":"<script> [276 bytes]","args":["No pricing information was found"]}
RESULT: {"script":"<script> [276 bytes]","args":["No pricing information was found"]}
COMMAND: POST /session/6cd8861519be2314cbde44996230575a/element - {"using":"xpath","value":"(//button[@data-kt=\"saveButton\"])[2]"}
COMMAND: GET /session/6cd8861519be2314cbde44996230575a/screenshot - {}
RESULT: {"using":"xpath","value":"(//button[@data-kt=\"saveButton\"])[2]"}
COMMAND: POST /session/6cd8861519be2314cbde44996230575a/element/f.B713056A9316196A9232F0DF0934CF03.d.70A476AF6FB96E8FE9CE5E8CC1401950.e.21308/click - {}
RESULT: {}
RESULT: {}
COMMAND: GET /session/6cd8861519be2314cbde44996230575a/screenshot - {}
RESULT: {}
COMMAND: POST /session/6cd8861519be2314cbde44996230575a/execute/sync - {"script":"<script> [276 bytes]","args":["Some contract items are having rental validity exceeding header rental validity"]}
RESULT: {"script":"<script> [276 bytes]","args":["Some contract items are having rental validity exceeding header rental validity"]}
COMMAND: GET /session/6cd8861519be2314cbde44996230575a/screenshot - {}
RESULT: {}
COMMAND: POST /session/6cd8861519be2314cbde44996230575a/element - {"using":"xpath","value":"//span[contains(@id ,\"contractItemsSmartTable-header-inner\")]"}
RESULT: {"using":"xpath","value":"//span[contains(@id ,\"contractItemsSmartTable-header-inner\")]"}
COMMAND: POST /session/6cd8861519be2314cbde44996230575a/elements - {"using":"xpath","value":"//span[contains(@id ,\"contractItemsSmartTable-header-inner\")]"}
RESULT: {"using":"xpath","value":"//span[contains(@id ,\"contractItemsSmartTable-header-inner\")]"}
COMMAND: POST /session/6cd8861519be2314cbde44996230575a/execute/sync - {"script":"<script> [56 bytes]","args":[{"element-6066-11e4-a52e-4f735466cecf":"f.B713056A9316196A9232F0DF0934CF03.d.70A476AF6FB96E8FE9CE5E8CC1401950.e.21313","ELEMENT":"f.B713056A9316196A9232F0DF0934CF03.d.70A476AF6FB96E8FE9CE5E8CC1401950.e.21313"}]}
RESULT: {"script":"<script> [56 bytes]","args":[{"element-6066-11e4-a52e-4f735466cecf":"f.B713056A9316196A9232F0DF0934CF03.d.70A476AF6FB96E8FE9CE5E8CC1401950.e.21313","ELEMENT":"f.B713056A9316196A9232F0DF0934CF03.d.70A476AF6FB96E8FE9CE5E8CC1401950.e.21313"}]}
COMMAND: GET /session/6cd8861519be2314cbde44996230575a/screenshot - {}
]]></system-out>
    </testcase>
    <testcase classname="chrome.136_0_7103_93.windows.Create_Reverse_Billing_US127248" name="Should do a provide to site handover" time="74.534">
      <system-out><![CDATA[
COMMAND: POST /session/6cd8861519be2314cbde44996230575a/element - {"using":"xpath","value":"//button[@data-kt=\"provideButton\"]"}
RESULT: {}
RESULT: {"using":"xpath","value":"//button[@data-kt=\"provideButton\"]"}
COMMAND: POST /session/6cd8861519be2314cbde44996230575a/element/f.B713056A9316196A9232F0DF0934CF03.d.70A476AF6FB96E8FE9CE5E8CC1401950.e.21314/click - {}
RESULT: {}
COMMAND: GET /session/6cd8861519be2314cbde44996230575a/screenshot - {}
RESULT: {}
RESULT: undefined
COMMAND: POST /session/6cd8861519be2314cbde44996230575a/execute/async - {"script":"<script> [6424 bytes]","args":[{"element-6066-11e4-a52e-4f735466cecf":"f.B713056A9316196A9232F0DF0934CF03.d.70A476AF6FB96E8FE9CE5E8CC1401950.e.20299"},"setValue",["5/23/25"]]}
COMMAND: POST /session/6cd8861519be2314cbde44996230575a/execute/async - {"script":"<script> [1562 bytes]","args":[{"selector":{"id":"application-managehandovers-display-component---AddNewHO--dueDate","interaction":{"idSuffix":"inner"}},"wdio_ui5_key":"applicationmanagehandovers-display-component---AddNewHO--dueDate"}]}
RESULT: {"script":"<script> [1562 bytes]","args":[{"selector":{"id":"application-managehandovers-display-component---AddNewHO--dueDate","interaction":{"idSuffix":"inner"}},"wdio_ui5_key":"applicationmanagehandovers-display-component---AddNewHO--dueDate"}]}
COMMAND: POST /session/6cd8861519be2314cbde44996230575a/execute/async - {"script":"<script> [6424 bytes]","args":[{"element-6066-11e4-a52e-4f735466cecf":"f.B713056A9316196A9232F0DF0934CF03.d.70A476AF6FB96E8FE9CE5E8CC1401950.e.21404"},"setValue",["5/23/25"]]}
RESULT: {"script":"<script> [6424 bytes]","args":[{"element-6066-11e4-a52e-4f735466cecf":"f.B713056A9316196A9232F0DF0934CF03.d.70A476AF6FB96E8FE9CE5E8CC1401950.e.21404"},"setValue",["5/23/25"]]}
COMMAND: POST /session/6cd8861519be2314cbde44996230575a/element - {"using":"xpath","value":"//bdi[contains(text(), \"Instructions\")]"}
RESULT: {"using":"xpath","value":"//bdi[contains(text(), \"Instructions\")]"}
COMMAND: POST /session/6cd8861519be2314cbde44996230575a/element/f.B713056A9316196A9232F0DF0934CF03.d.70A476AF6FB96E8FE9CE5E8CC1401950.e.21628/click - {}
RESULT: {}
COMMAND: GET /session/6cd8861519be2314cbde44996230575a/screenshot - {}
RESULT: {}
COMMAND: POST /session/6cd8861519be2314cbde44996230575a/element - {"using":"xpath","value":"//button[@data-kt=\"AddNewHOProvideAddItemsButton\"]"}
RESULT: {"using":"xpath","value":"//button[@data-kt=\"AddNewHOProvideAddItemsButton\"]"}
COMMAND: POST /session/6cd8861519be2314cbde44996230575a/element/f.B713056A9316196A9232F0DF0934CF03.d.70A476AF6FB96E8FE9CE5E8CC1401950.e.21632/click - {}
RESULT: {}
COMMAND: GET /session/6cd8861519be2314cbde44996230575a/screenshot - {}
RESULT: {}
RESULT: undefined
COMMAND: POST /session/6cd8861519be2314cbde44996230575a/element - {"using":"xpath","value":"//*[@id=\"application-managehandovers-display-component---AddNewHO--popup-sa\"]"}
RESULT: {"using":"xpath","value":"//*[@id=\"application-managehandovers-display-component---AddNewHO--popup-sa\"]"}
COMMAND: POST /session/6cd8861519be2314cbde44996230575a/element/f.B713056A9316196A9232F0DF0934CF03.d.70A476AF6FB96E8FE9CE5E8CC1401950.e.21642/click - {}
RESULT: {}
COMMAND: GET /session/6cd8861519be2314cbde44996230575a/screenshot - {}
RESULT: {}
COMMAND: POST /session/6cd8861519be2314cbde44996230575a/element - {"using":"xpath","value":"//*[contains(@id ,\"BDI-content\")][contains(text(), \"Select\")]"}
RESULT: {"using":"xpath","value":"//*[contains(@id ,\"BDI-content\")][contains(text(), \"Select\")]"}
COMMAND: POST /session/6cd8861519be2314cbde44996230575a/element/f.B713056A9316196A9232F0DF0934CF03.d.70A476AF6FB96E8FE9CE5E8CC1401950.e.21643/click - {}
RESULT: {}
COMMAND: GET /session/6cd8861519be2314cbde44996230575a/screenshot - {}
RESULT: {}
COMMAND: POST /session/6cd8861519be2314cbde44996230575a/execute/async - {"script":"<script> [1562 bytes]","args":[{"selector":{"id":"application-managehandovers-display-component---AddNewHO--confirmCreationButton","interaction":{"idSuffix":"BDI-content"}},"wdio_ui5_key":"applicationmanagehandovers-display-component---AddNewHO--confirmCreationButton"}]}
RESULT: {"script":"<script> [1562 bytes]","args":[{"selector":{"id":"application-managehandovers-display-component---AddNewHO--confirmCreationButton","interaction":{"idSuffix":"BDI-content"}},"wdio_ui5_key":"applicationmanagehandovers-display-component---AddNewHO--confirmCreationButton"}]}
RESULT: undefined
COMMAND: POST /session/6cd8861519be2314cbde44996230575a/element - {"using":"xpath","value":"//*[@id=\"application-managehandovers-display-component---AddNewHO--confirmCreationButton\"]"}
RESULT: {"using":"xpath","value":"//*[@id=\"application-managehandovers-display-component---AddNewHO--confirmCreationButton\"]"}
COMMAND: POST /session/6cd8861519be2314cbde44996230575a/element/f.B713056A9316196A9232F0DF0934CF03.d.70A476AF6FB96E8FE9CE5E8CC1401950.e.21452/click - {}
RESULT: {}
COMMAND: GET /session/6cd8861519be2314cbde44996230575a/screenshot - {}
RESULT: {}
COMMAND: POST /session/6cd8861519be2314cbde44996230575a/execute/async - {"script":"<script> [1562 bytes]","args":[{"selector":{"id":"issueDatePicker","viewName":"etm.portal.ui.managehandovers.view.DetailExecuteHO","interaction":{"idSuffix":"inner"}},"wdio_ui5_key":"issueDatePickeretmportal.ui.managehandovers.view.DetailExecuteHO"}]}
RESULT: {"script":"<script> [1562 bytes]","args":[{"selector":{"id":"issueDatePicker","viewName":"etm.portal.ui.managehandovers.view.DetailExecuteHO","interaction":{"idSuffix":"inner"}},"wdio_ui5_key":"issueDatePickeretmportal.ui.managehandovers.view.DetailExecuteHO"}]}
RESULT: undefined
COMMAND: POST /session/6cd8861519be2314cbde44996230575a/execute/async - {"script":"<script> [776 bytes]","args":[{"enterText":"5/23/25","selector":{"id":"issueDatePicker","viewName":"etm.portal.ui.managehandovers.view.DetailExecuteHO","interaction":{"idSuffix":"inner"}},"clearTextFirst":true,"interactionType":"ENTER_TEXT"}]}
RESULT: {"script":"<script> [776 bytes]","args":[{"enterText":"5/23/25","selector":{"id":"issueDatePicker","viewName":"etm.portal.ui.managehandovers.view.DetailExecuteHO","interaction":{"idSuffix":"inner"}},"clearTextFirst":true,"interactionType":"ENTER_TEXT"}]}
COMMAND: POST /session/6cd8861519be2314cbde44996230575a/element - {"using":"xpath","value":"//button[@data-kt=\"PickingTableConfirmAllButton\"]"}
RESULT: {"using":"xpath","value":"//button[@data-kt=\"PickingTableConfirmAllButton\"]"}
COMMAND: POST /session/6cd8861519be2314cbde44996230575a/element/f.B713056A9316196A9232F0DF0934CF03.d.70A476AF6FB96E8FE9CE5E8CC1401950.e.21705/click - {}
RESULT: {}
COMMAND: GET /session/6cd8861519be2314cbde44996230575a/screenshot - {}
RESULT: {}
COMMAND: POST /session/6cd8861519be2314cbde44996230575a/element - {"using":"xpath","value":"//bdi[contains(text(), \"OK\")]"}
RESULT: {"using":"xpath","value":"//bdi[contains(text(), \"OK\")]"}
COMMAND: POST /session/6cd8861519be2314cbde44996230575a/element/f.B713056A9316196A9232F0DF0934CF03.d.70A476AF6FB96E8FE9CE5E8CC1401950.e.21709/click - {}
RESULT: {}
COMMAND: GET /session/6cd8861519be2314cbde44996230575a/screenshot - {}
RESULT: {}
COMMAND: POST /session/6cd8861519be2314cbde44996230575a/element - {"using":"xpath","value":"//bdi[contains(text(), \"Issue\")]"}
RESULT: {"using":"xpath","value":"//bdi[contains(text(), \"Issue\")]"}
COMMAND: POST /session/6cd8861519be2314cbde44996230575a/element/f.B713056A9316196A9232F0DF0934CF03.d.70A476AF6FB96E8FE9CE5E8CC1401950.e.21710/click - {}
RESULT: {}
COMMAND: GET /session/6cd8861519be2314cbde44996230575a/screenshot - {}
RESULT: {}
COMMAND: POST /session/6cd8861519be2314cbde44996230575a/element - {"using":"css selector","value":"#shell-header-logo"}
RESULT: {"using":"css selector","value":"#shell-header-logo"}
COMMAND: POST /session/6cd8861519be2314cbde44996230575a/element/f.B713056A9316196A9232F0DF0934CF03.d.70A476AF6FB96E8FE9CE5E8CC1401950.e.20699/click - {}
RESULT: {}
COMMAND: GET /session/6cd8861519be2314cbde44996230575a/screenshot - {}
RESULT: {}
]]></system-out>
    </testcase>
    <testcase classname="chrome.136_0_7103_93.windows.Create_Reverse_Billing_US127248" name="Should go navigate to Manage Billings and trigger contract calculation check result" time="67.83">
      <system-out><![CDATA[
COMMAND: POST /session/6cd8861519be2314cbde44996230575a/execute/async - {"script":"<script> [1562 bytes]","args":[{"selector":{"controlType":"sap.m.GenericTile","properties":{"header":"Manage Billings"}},"wdio_ui5_key":"sapm.GenericTile{\"header\":\"Manage Billings\"}"}]}
RESULT: {"script":"<script> [1562 bytes]","args":[{"selector":{"controlType":"sap.m.GenericTile","properties":{"header":"Manage Billings"}},"wdio_ui5_key":"sapm.GenericTile{\"header\":\"Manage Billings\"}"}]}
RESULT: undefined
COMMAND: POST /session/6cd8861519be2314cbde44996230575a/element - {"using":"xpath","value":"//*[@id=\"__tile51\"]"}
RESULT: {"using":"xpath","value":"//*[@id=\"__tile51\"]"}
COMMAND: POST /session/6cd8861519be2314cbde44996230575a/element/f.B713056A9316196A9232F0DF0934CF03.d.70A476AF6FB96E8FE9CE5E8CC1401950.e.18570/click - {}
RESULT: {}
COMMAND: GET /session/6cd8861519be2314cbde44996230575a/screenshot - {}
RESULT: {}
COMMAND: POST /session/6cd8861519be2314cbde44996230575a/elements - {"using":"xpath","value":"//span[text()='Error']"}
RESULT: {"using":"xpath","value":"//span[text()='Error']"}
COMMAND: POST /session/6cd8861519be2314cbde44996230575a/execute/async - {"script":"<script> [1562 bytes]","args":[{"selector":{"id":"application-managebillings-display-component---billRunCalcResult--smartFilterBar-btnBasicSearch","interaction":{"idSuffix":"I"}},"wdio_ui5_key":"applicationmanagebillings-display-component---billRunCalcResult--smartFilterBar-btnBasicSearch"}]}
RESULT: {"script":"<script> [1562 bytes]","args":[{"selector":{"id":"application-managebillings-display-component---billRunCalcResult--smartFilterBar-btnBasicSearch","interaction":{"idSuffix":"I"}},"wdio_ui5_key":"applicationmanagebillings-display-component---billRunCalcResult--smartFilterBar-btnBasicSearch"}]}
RESULT: undefined
COMMAND: POST /session/6cd8861519be2314cbde44996230575a/execute/async - {"script":"<script> [776 bytes]","args":[{"enterText":"10178","selector":{"id":"application-managebillings-display-component---billRunCalcResult--smartFilterBar-btnBasicSearch","interaction":{"idSuffix":"I"}},"clearTextFirst":true,"interactionType":"ENTER_TEXT"}]}
RESULT: {"script":"<script> [776 bytes]","args":[{"enterText":"10178","selector":{"id":"application-managebillings-display-component---billRunCalcResult--smartFilterBar-btnBasicSearch","interaction":{"idSuffix":"I"}},"clearTextFirst":true,"interactionType":"ENTER_TEXT"}]}
COMMAND: POST /session/6cd8861519be2314cbde44996230575a/actions - {"actions":[{"id":"action72","type":"key","parameters":{},"actions":[{"type":"keyDown","value":""},{"type":"pause","duration":10},{"type":"keyUp","value":""}]}]}
RESULT: {"actions":[{"id":"action72","type":"key","parameters":{},"actions":[{"type":"keyDown","value":""},{"type":"pause","duration":10},{"type":"keyUp","value":""}]}]}
COMMAND: GET /session/6cd8861519be2314cbde44996230575a/screenshot - {}
RESULT: {}
COMMAND: POST /session/6cd8861519be2314cbde44996230575a/element - {"using":"xpath","value":"//td[@aria-colindex=\"1\"]/div/div[contains(@class, \"sapMCbBg\")]"}
RESULT: {"using":"xpath","value":"//td[@aria-colindex=\"1\"]/div/div[contains(@class, \"sapMCbBg\")]"}
COMMAND: POST /session/6cd8861519be2314cbde44996230575a/element/f.B713056A9316196A9232F0DF0934CF03.d.70A476AF6FB96E8FE9CE5E8CC1401950.e.22100/click - {}
RESULT: {}
COMMAND: GET /session/6cd8861519be2314cbde44996230575a/screenshot - {}
RESULT: {}
COMMAND: POST /session/6cd8861519be2314cbde44996230575a/execute/async - {"script":"<script> [1562 bytes]","args":[{"selector":{"id":"application-managebillings-display-component---billRunCalcResult--contractBillRunDate","interaction":{"idSuffix":"inner"}},"wdio_ui5_key":"applicationmanagebillings-display-component---billRunCalcResult--contractBillRunDate"}]}
RESULT: {"script":"<script> [1562 bytes]","args":[{"selector":{"id":"application-managebillings-display-component---billRunCalcResult--contractBillRunDate","interaction":{"idSuffix":"inner"}},"wdio_ui5_key":"applicationmanagebillings-display-component---billRunCalcResult--contractBillRunDate"}]}
RESULT: undefined
COMMAND: POST /session/6cd8861519be2314cbde44996230575a/execute/async - {"script":"<script> [776 bytes]","args":[{"enterText":"6/23/25","selector":{"id":"application-managebillings-display-component---billRunCalcResult--contractBillRunDate","interaction":{"idSuffix":"inner"}},"clearTextFirst":true,"interactionType":"ENTER_TEXT"}]}
RESULT: {"script":"<script> [776 bytes]","args":[{"enterText":"6/23/25","selector":{"id":"application-managebillings-display-component---billRunCalcResult--contractBillRunDate","interaction":{"idSuffix":"inner"}},"clearTextFirst":true,"interactionType":"ENTER_TEXT"}]}
COMMAND: POST /session/6cd8861519be2314cbde44996230575a/element - {"using":"xpath","value":"//bdi[contains(text(), \"Trigger Calculation\")]"}
RESULT: {"using":"xpath","value":"//bdi[contains(text(), \"Trigger Calculation\")]"}
COMMAND: POST /session/6cd8861519be2314cbde44996230575a/element/f.B713056A9316196A9232F0DF0934CF03.d.70A476AF6FB96E8FE9CE5E8CC1401950.e.22121/click - {}
RESULT: {}
COMMAND: GET /session/6cd8861519be2314cbde44996230575a/screenshot - {}
RESULT: {}
COMMAND: POST /session/6cd8861519be2314cbde44996230575a/element - {"using":"xpath","value":"(//span[contains(@id, \"imgNav\")])[1]"}
RESULT: {"using":"xpath","value":"(//span[contains(@id, \"imgNav\")])[1]"}
COMMAND: POST /session/6cd8861519be2314cbde44996230575a/element/f.B713056A9316196A9232F0DF0934CF03.d.70A476AF6FB96E8FE9CE5E8CC1401950.e.22114/click - {}
RESULT: {}
COMMAND: GET /session/6cd8861519be2314cbde44996230575a/screenshot - {}
RESULT: {}
COMMAND: POST /session/6cd8861519be2314cbde44996230575a/element - {"using":"xpath","value":"//tr/td[6]/div[1]/span[1]/span[1]"}
RESULT: {"using":"xpath","value":"//tr/td[6]/div[1]/span[1]/span[1]"}
COMMAND: GET /session/6cd8861519be2314cbde44996230575a/element/f.B713056A9316196A9232F0DF0934CF03.d.70A476AF6FB96E8FE9CE5E8CC1401950.e.22125/text - {}
RESULT: {}
COMMAND: POST /session/6cd8861519be2314cbde44996230575a/element - {"using":"xpath","value":"(//span[contains(@id, \"imgNav\")])[2]"}
RESULT: {"using":"xpath","value":"(//span[contains(@id, \"imgNav\")])[2]"}
COMMAND: POST /session/6cd8861519be2314cbde44996230575a/element/f.B713056A9316196A9232F0DF0934CF03.d.70A476AF6FB96E8FE9CE5E8CC1401950.e.22126/click - {}
RESULT: {}
COMMAND: POST /session/6cd8861519be2314cbde44996230575a/element - {"using":"xpath","value":"//bdi[contains(text(), \"Business Confirm\")]"}
COMMAND: GET /session/6cd8861519be2314cbde44996230575a/screenshot - {}
RESULT: {"using":"xpath","value":"//bdi[contains(text(), \"Business Confirm\")]"}
COMMAND: POST /session/6cd8861519be2314cbde44996230575a/element/f.B713056A9316196A9232F0DF0934CF03.d.70A476AF6FB96E8FE9CE5E8CC1401950.e.22161/click - {}
RESULT: {}
RESULT: {}
COMMAND: POST /session/6cd8861519be2314cbde44996230575a/element - {"using":"css selector","value":"#shell-header-logo"}
COMMAND: GET /session/6cd8861519be2314cbde44996230575a/screenshot - {}
RESULT: {"using":"css selector","value":"#shell-header-logo"}
COMMAND: POST /session/6cd8861519be2314cbde44996230575a/element/f.B713056A9316196A9232F0DF0934CF03.d.70A476AF6FB96E8FE9CE5E8CC1401950.e.21891/click - {}
RESULT: {}
RESULT: {}
COMMAND: GET /session/6cd8861519be2314cbde44996230575a/screenshot - {}
RESULT: {}
]]></system-out>
    </testcase>
    <testcase classname="chrome.136_0_7103_93.windows.Create_Reverse_Billing_US127248" name="Should go into Billing Transfer and reverse the billing" time="40.82">
      <system-out><![CDATA[
COMMAND: POST /session/6cd8861519be2314cbde44996230575a/execute/async - {"script":"<script> [1562 bytes]","args":[{"selector":{"controlType":"sap.m.GenericTile","properties":{"header":"Billing Transfer"}},"wdio_ui5_key":"sapm.GenericTile{\"header\":\"Billing Transfer\"}"}]}
RESULT: {"script":"<script> [1562 bytes]","args":[{"selector":{"controlType":"sap.m.GenericTile","properties":{"header":"Billing Transfer"}},"wdio_ui5_key":"sapm.GenericTile{\"header\":\"Billing Transfer\"}"}]}
RESULT: undefined
COMMAND: POST /session/6cd8861519be2314cbde44996230575a/element - {"using":"xpath","value":"//*[@id=\"__tile50\"]"}
RESULT: {"using":"xpath","value":"//*[@id=\"__tile50\"]"}
COMMAND: POST /session/6cd8861519be2314cbde44996230575a/element/f.B713056A9316196A9232F0DF0934CF03.d.70A476AF6FB96E8FE9CE5E8CC1401950.e.18568/click - {}
RESULT: {}
COMMAND: GET /session/6cd8861519be2314cbde44996230575a/screenshot - {}
RESULT: {}
COMMAND: POST /session/6cd8861519be2314cbde44996230575a/elements - {"using":"xpath","value":"//span[text()='Error']"}
RESULT: {"using":"xpath","value":"//span[text()='Error']"}
COMMAND: POST /session/6cd8861519be2314cbde44996230575a/element - {"using":"xpath","value":"//input[contains(@id ,\"application-billingtransfer-display-component---billingWorkbench--smartFilterBar-btnBasicSearch\")]"}
RESULT: {"using":"xpath","value":"//input[contains(@id ,\"application-billingtransfer-display-component---billingWorkbench--smartFilterBar-btnBasicSearch\")]"}
COMMAND: POST /session/6cd8861519be2314cbde44996230575a/elements - {"using":"xpath","value":"//input[contains(@id ,\"application-billingtransfer-display-component---billingWorkbench--smartFilterBar-btnBasicSearch\")]"}
RESULT: {"using":"xpath","value":"//input[contains(@id ,\"application-billingtransfer-display-component---billingWorkbench--smartFilterBar-btnBasicSearch\")]"}
COMMAND: POST /session/6cd8861519be2314cbde44996230575a/execute/sync - {"script":"<script> [8489 bytes]","args":[{"element-6066-11e4-a52e-4f735466cecf":"f.B713056A9316196A9232F0DF0934CF03.d.70A476AF6FB96E8FE9CE5E8CC1401950.e.22175","ELEMENT":"f.B713056A9316196A9232F0DF0934CF03.d.70A476AF6FB96E8FE9CE5E8CC1401950.e.22175"}]}
RESULT: {"script":"<script> [8489 bytes]","args":[{"element-6066-11e4-a52e-4f735466cecf":"f.B713056A9316196A9232F0DF0934CF03.d.70A476AF6FB96E8FE9CE5E8CC1401950.e.22175","ELEMENT":"f.B713056A9316196A9232F0DF0934CF03.d.70A476AF6FB96E8FE9CE5E8CC1401950.e.22175"}]}
COMMAND: GET /session/6cd8861519be2314cbde44996230575a/element/f.B713056A9316196A9232F0DF0934CF03.d.70A476AF6FB96E8FE9CE5E8CC1401950.e.22175/enabled - {}
COMMAND: GET /session/6cd8861519be2314cbde44996230575a/screenshot - {}
RESULT: {}
COMMAND: POST /session/6cd8861519be2314cbde44996230575a/element/f.B713056A9316196A9232F0DF0934CF03.d.70A476AF6FB96E8FE9CE5E8CC1401950.e.22175/click - {}
COMMAND: GET /session/6cd8861519be2314cbde44996230575a/screenshot - {}
RESULT: {}
RESULT: {}
COMMAND: GET /session/6cd8861519be2314cbde44996230575a/screenshot - {}
RESULT: {}
RESULT: {}
COMMAND: POST /session/6cd8861519be2314cbde44996230575a/element/f.B713056A9316196A9232F0DF0934CF03.d.70A476AF6FB96E8FE9CE5E8CC1401950.e.22175/clear - {}
RESULT: {}
COMMAND: POST /session/6cd8861519be2314cbde44996230575a/element/f.B713056A9316196A9232F0DF0934CF03.d.70A476AF6FB96E8FE9CE5E8CC1401950.e.22175/value - {"text":"10178"}
COMMAND: GET /session/6cd8861519be2314cbde44996230575a/screenshot - {}
RESULT: {"text":"10178"}
COMMAND: POST /session/6cd8861519be2314cbde44996230575a/actions - {"actions":[{"id":"action73","type":"key","parameters":{},"actions":[{"type":"keyDown","value":""},{"type":"pause","duration":10},{"type":"keyUp","value":""}]}]}
COMMAND: GET /session/6cd8861519be2314cbde44996230575a/screenshot - {}
RESULT: {}
RESULT: {"actions":[{"id":"action73","type":"key","parameters":{},"actions":[{"type":"keyDown","value":""},{"type":"pause","duration":10},{"type":"keyUp","value":""}]}]}
COMMAND: GET /session/6cd8861519be2314cbde44996230575a/screenshot - {}
RESULT: {}
RESULT: {}
COMMAND: POST /session/6cd8861519be2314cbde44996230575a/element - {"using":"xpath","value":"//span[contains(@id ,\"application-billingtransfer-display-component---billingWorkbench--smartTableBillingRuns-header-inner\")]"}
RESULT: {"using":"xpath","value":"//span[contains(@id ,\"application-billingtransfer-display-component---billingWorkbench--smartTableBillingRuns-header-inner\")]"}
COMMAND: POST /session/6cd8861519be2314cbde44996230575a/elements - {"using":"xpath","value":"//span[contains(@id ,\"application-billingtransfer-display-component---billingWorkbench--smartTableBillingRuns-header-inner\")]"}
RESULT: {"using":"xpath","value":"//span[contains(@id ,\"application-billingtransfer-display-component---billingWorkbench--smartTableBillingRuns-header-inner\")]"}
COMMAND: POST /session/6cd8861519be2314cbde44996230575a/execute/sync - {"script":"<script> [56 bytes]","args":[{"element-6066-11e4-a52e-4f735466cecf":"f.B713056A9316196A9232F0DF0934CF03.d.70A476AF6FB96E8FE9CE5E8CC1401950.e.22274","ELEMENT":"f.B713056A9316196A9232F0DF0934CF03.d.70A476AF6FB96E8FE9CE5E8CC1401950.e.22274"}]}
RESULT: {"script":"<script> [56 bytes]","args":[{"element-6066-11e4-a52e-4f735466cecf":"f.B713056A9316196A9232F0DF0934CF03.d.70A476AF6FB96E8FE9CE5E8CC1401950.e.22274","ELEMENT":"f.B713056A9316196A9232F0DF0934CF03.d.70A476AF6FB96E8FE9CE5E8CC1401950.e.22274"}]}
COMMAND: POST /session/6cd8861519be2314cbde44996230575a/element - {"using":"xpath","value":"//td[@aria-colindex=\"1\"]/div/div[contains(@class, \"sapMCbBg\")]"}
COMMAND: GET /session/6cd8861519be2314cbde44996230575a/screenshot - {}
RESULT: {"using":"xpath","value":"//td[@aria-colindex=\"1\"]/div/div[contains(@class, \"sapMCbBg\")]"}
COMMAND: POST /session/6cd8861519be2314cbde44996230575a/element/f.B713056A9316196A9232F0DF0934CF03.d.70A476AF6FB96E8FE9CE5E8CC1401950.e.22258/click - {}
RESULT: {}
RESULT: {}
COMMAND: GET /session/6cd8861519be2314cbde44996230575a/screenshot - {}
RESULT: {}
COMMAND: POST /session/6cd8861519be2314cbde44996230575a/element - {"using":"xpath","value":"//bdi[contains(text(), \"Reverse\")]"}
RESULT: {"using":"xpath","value":"//bdi[contains(text(), \"Reverse\")]"}
COMMAND: POST /session/6cd8861519be2314cbde44996230575a/element/f.B713056A9316196A9232F0DF0934CF03.d.70A476AF6FB96E8FE9CE5E8CC1401950.e.22275/click - {}
RESULT: {}
COMMAND: GET /session/6cd8861519be2314cbde44996230575a/screenshot - {}
RESULT: {}
COMMAND: POST /session/6cd8861519be2314cbde44996230575a/element - {"using":"xpath","value":"//input[contains(@id ,\"application-billingtransfer-display-component---billingWorkbench--smartFilterBar-btnBasicSearch\")]"}
RESULT: {"using":"xpath","value":"//input[contains(@id ,\"application-billingtransfer-display-component---billingWorkbench--smartFilterBar-btnBasicSearch\")]"}
COMMAND: POST /session/6cd8861519be2314cbde44996230575a/elements - {"using":"xpath","value":"//input[contains(@id ,\"application-billingtransfer-display-component---billingWorkbench--smartFilterBar-btnBasicSearch\")]"}
RESULT: {"using":"xpath","value":"//input[contains(@id ,\"application-billingtransfer-display-component---billingWorkbench--smartFilterBar-btnBasicSearch\")]"}
COMMAND: POST /session/6cd8861519be2314cbde44996230575a/execute/sync - {"script":"<script> [8489 bytes]","args":[{"element-6066-11e4-a52e-4f735466cecf":"f.B713056A9316196A9232F0DF0934CF03.d.70A476AF6FB96E8FE9CE5E8CC1401950.e.22175","ELEMENT":"f.B713056A9316196A9232F0DF0934CF03.d.70A476AF6FB96E8FE9CE5E8CC1401950.e.22175"}]}
RESULT: {"script":"<script> [8489 bytes]","args":[{"element-6066-11e4-a52e-4f735466cecf":"f.B713056A9316196A9232F0DF0934CF03.d.70A476AF6FB96E8FE9CE5E8CC1401950.e.22175","ELEMENT":"f.B713056A9316196A9232F0DF0934CF03.d.70A476AF6FB96E8FE9CE5E8CC1401950.e.22175"}]}
COMMAND: GET /session/6cd8861519be2314cbde44996230575a/element/f.B713056A9316196A9232F0DF0934CF03.d.70A476AF6FB96E8FE9CE5E8CC1401950.e.22175/enabled - {}
COMMAND: GET /session/6cd8861519be2314cbde44996230575a/screenshot - {}
RESULT: {}
COMMAND: POST /session/6cd8861519be2314cbde44996230575a/element/f.B713056A9316196A9232F0DF0934CF03.d.70A476AF6FB96E8FE9CE5E8CC1401950.e.22175/click - {}
COMMAND: GET /session/6cd8861519be2314cbde44996230575a/screenshot - {}
RESULT: {}
RESULT: {}
COMMAND: GET /session/6cd8861519be2314cbde44996230575a/screenshot - {}
RESULT: {}
RESULT: {}
COMMAND: POST /session/6cd8861519be2314cbde44996230575a/element/f.B713056A9316196A9232F0DF0934CF03.d.70A476AF6FB96E8FE9CE5E8CC1401950.e.22175/clear - {}
RESULT: {}
COMMAND: POST /session/6cd8861519be2314cbde44996230575a/element/f.B713056A9316196A9232F0DF0934CF03.d.70A476AF6FB96E8FE9CE5E8CC1401950.e.22175/value - {"text":"10178"}
COMMAND: GET /session/6cd8861519be2314cbde44996230575a/screenshot - {}
RESULT: {"text":"10178"}
COMMAND: POST /session/6cd8861519be2314cbde44996230575a/actions - {"actions":[{"id":"action74","type":"key","parameters":{},"actions":[{"type":"keyDown","value":""},{"type":"pause","duration":10},{"type":"keyUp","value":""}]}]}
COMMAND: GET /session/6cd8861519be2314cbde44996230575a/screenshot - {}
RESULT: {}
RESULT: {"actions":[{"id":"action74","type":"key","parameters":{},"actions":[{"type":"keyDown","value":""},{"type":"pause","duration":10},{"type":"keyUp","value":""}]}]}
COMMAND: GET /session/6cd8861519be2314cbde44996230575a/screenshot - {}
RESULT: {}
RESULT: {}
COMMAND: POST /session/6cd8861519be2314cbde44996230575a/element - {"using":"xpath","value":"//span[contains(@id ,\"application-billingtransfer-display-component---billingWorkbench--smartTableBillingRuns-header-inner\")]"}
RESULT: {"using":"xpath","value":"//span[contains(@id ,\"application-billingtransfer-display-component---billingWorkbench--smartTableBillingRuns-header-inner\")]"}
COMMAND: POST /session/6cd8861519be2314cbde44996230575a/elements - {"using":"xpath","value":"//span[contains(@id ,\"application-billingtransfer-display-component---billingWorkbench--smartTableBillingRuns-header-inner\")]"}
RESULT: {"using":"xpath","value":"//span[contains(@id ,\"application-billingtransfer-display-component---billingWorkbench--smartTableBillingRuns-header-inner\")]"}
COMMAND: POST /session/6cd8861519be2314cbde44996230575a/execute/sync - {"script":"<script> [56 bytes]","args":[{"element-6066-11e4-a52e-4f735466cecf":"f.B713056A9316196A9232F0DF0934CF03.d.70A476AF6FB96E8FE9CE5E8CC1401950.e.22274","ELEMENT":"f.B713056A9316196A9232F0DF0934CF03.d.70A476AF6FB96E8FE9CE5E8CC1401950.e.22274"}]}
RESULT: {"script":"<script> [56 bytes]","args":[{"element-6066-11e4-a52e-4f735466cecf":"f.B713056A9316196A9232F0DF0934CF03.d.70A476AF6FB96E8FE9CE5E8CC1401950.e.22274","ELEMENT":"f.B713056A9316196A9232F0DF0934CF03.d.70A476AF6FB96E8FE9CE5E8CC1401950.e.22274"}]}
COMMAND: POST /session/6cd8861519be2314cbde44996230575a/element - {"using":"css selector","value":"#shell-header-logo"}
COMMAND: GET /session/6cd8861519be2314cbde44996230575a/screenshot - {}
RESULT: {"using":"css selector","value":"#shell-header-logo"}
COMMAND: POST /session/6cd8861519be2314cbde44996230575a/element/f.B713056A9316196A9232F0DF0934CF03.d.70A476AF6FB96E8FE9CE5E8CC1401950.e.22173/click - {}
RESULT: {}
RESULT: {}
COMMAND: GET /session/6cd8861519be2314cbde44996230575a/screenshot - {}
RESULT: {}
COMMAND: DELETE /session/6cd8861519be2314cbde44996230575a - {}
RESULT: {}
]]></system-out>
    </testcase>
  </testsuite>
</testsuites>