<?xml version="1.0" encoding="UTF-8"?>
<testsuites tests="6" failures="0" errors="0" skipped="0">
  <testsuite timestamp="2025-06-14T16:29:48" time="1092.699" tests="6" failures="0" errors="0" skipped="0">
    <properties>
      <property name="specId" value="0"/>
      <property name="suiteName" value="RU Inventory Mass State Change Multiple Items US151066"/>
      <property name="capabilities" value="chrome.137_0_7151_69.windows"/>
      <property name="file" value="file:///D:/a/1/s/test/specs/HTR/ru-inv-list-mass-state-change.spec.js"/>
    </properties>
    <testcase classname="chrome.137_0_7151_69.windows.RU_Inventory_Mass_State_Change_Multiple_Items_US151066" name="Step 1 Should do a RU inventory mass state change on chosen yard 109 with the resources available one equipment multipart one tool pool" time="278.231">
      <system-out><![CDATA[
COMMAND: POST /session/0edec6012a6aa8dfd2543f8ebfc03d1d/execute/async - {"script":"<script> [1562 bytes]","args":[{"selector":{"controlType":"sap.m.GenericTile","properties":{"header":"RU Inventory List"}},"wdio_ui5_key":"sapm.GenericTile{\"header\":\"RU Inventory List\"}"}]}
RESULT: {"script":"<script> [1562 bytes]","args":[{"selector":{"controlType":"sap.m.GenericTile","properties":{"header":"RU Inventory List"}},"wdio_ui5_key":"sapm.GenericTile{\"header\":\"RU Inventory List\"}"}]}
RESULT: undefined
COMMAND: POST /session/0edec6012a6aa8dfd2543f8ebfc03d1d/element - {"using":"xpath","value":"//*[@id=\"__tile101\"]"}
RESULT: {"using":"xpath","value":"//*[@id=\"__tile101\"]"}
COMMAND: POST /session/0edec6012a6aa8dfd2543f8ebfc03d1d/element/f.9B1EDAABCBD9CDA5B0DA3BD367ED2C8A.d.1F0E3DCF5EEF8BA1C7AF5767FA0A4C35.e.261/click - {}
RESULT: {}
COMMAND: GET /session/0edec6012a6aa8dfd2543f8ebfc03d1d/screenshot - {}
RESULT: {}
COMMAND: POST /session/0edec6012a6aa8dfd2543f8ebfc03d1d/elements - {"using":"xpath","value":"//span[text()='Error']"}
RESULT: {"using":"xpath","value":"//span[text()='Error']"}
COMMAND: POST /session/0edec6012a6aa8dfd2543f8ebfc03d1d/element - {"using":"xpath","value":"//button[contains(@id, \"massStateBtn\")]"}
RESULT: {"using":"xpath","value":"//button[contains(@id, \"massStateBtn\")]"}
COMMAND: POST /session/0edec6012a6aa8dfd2543f8ebfc03d1d/elements - {"using":"xpath","value":"//button[contains(@id, \"massStateBtn\")]"}
RESULT: {"using":"xpath","value":"//button[contains(@id, \"massStateBtn\")]"}
COMMAND: POST /session/0edec6012a6aa8dfd2543f8ebfc03d1d/elements - {"using":"xpath","value":"//button[contains(@id, \"massStateBtn\")]"}
RESULT: {"using":"xpath","value":"//button[contains(@id, \"massStateBtn\")]"}
COMMAND: POST /session/0edec6012a6aa8dfd2543f8ebfc03d1d/elements - {"using":"xpath","value":"//button[contains(@id, \"massStateBtn\")]"}
RESULT: {"using":"xpath","value":"//button[contains(@id, \"massStateBtn\")]"}
COMMAND: POST /session/0edec6012a6aa8dfd2543f8ebfc03d1d/elements - {"using":"xpath","value":"//button[contains(@id, \"massStateBtn\")]"}
RESULT: {"using":"xpath","value":"//button[contains(@id, \"massStateBtn\")]"}
COMMAND: POST /session/0edec6012a6aa8dfd2543f8ebfc03d1d/elements - {"using":"xpath","value":"//button[contains(@id, \"massStateBtn\")]"}
RESULT: {"using":"xpath","value":"//button[contains(@id, \"massStateBtn\")]"}
COMMAND: POST /session/0edec6012a6aa8dfd2543f8ebfc03d1d/elements - {"using":"xpath","value":"//button[contains(@id, \"massStateBtn\")]"}
RESULT: {"using":"xpath","value":"//button[contains(@id, \"massStateBtn\")]"}
COMMAND: POST /session/0edec6012a6aa8dfd2543f8ebfc03d1d/elements - {"using":"xpath","value":"//button[contains(@id, \"massStateBtn\")]"}
RESULT: {"using":"xpath","value":"//button[contains(@id, \"massStateBtn\")]"}
COMMAND: POST /session/0edec6012a6aa8dfd2543f8ebfc03d1d/element - {"using":"xpath","value":"//button[contains(@id, \"massStateBtn\")]"}
RESULT: {"using":"xpath","value":"//button[contains(@id, \"massStateBtn\")]"}
COMMAND: POST /session/0edec6012a6aa8dfd2543f8ebfc03d1d/execute/sync - {"script":"<script> [8489 bytes]","args":[{"element-6066-11e4-a52e-4f735466cecf":"f.9B1EDAABCBD9CDA5B0DA3BD367ED2C8A.d.1F0E3DCF5EEF8BA1C7AF5767FA0A4C35.e.297","ELEMENT":"f.9B1EDAABCBD9CDA5B0DA3BD367ED2C8A.d.1F0E3DCF5EEF8BA1C7AF5767FA0A4C35.e.297"}]}
RESULT: {"script":"<script> [8489 bytes]","args":[{"element-6066-11e4-a52e-4f735466cecf":"f.9B1EDAABCBD9CDA5B0DA3BD367ED2C8A.d.1F0E3DCF5EEF8BA1C7AF5767FA0A4C35.e.297","ELEMENT":"f.9B1EDAABCBD9CDA5B0DA3BD367ED2C8A.d.1F0E3DCF5EEF8BA1C7AF5767FA0A4C35.e.297"}]}
COMMAND: GET /session/0edec6012a6aa8dfd2543f8ebfc03d1d/element/f.9B1EDAABCBD9CDA5B0DA3BD367ED2C8A.d.1F0E3DCF5EEF8BA1C7AF5767FA0A4C35.e.297/enabled - {}
COMMAND: GET /session/0edec6012a6aa8dfd2543f8ebfc03d1d/screenshot - {}
RESULT: {}
COMMAND: POST /session/0edec6012a6aa8dfd2543f8ebfc03d1d/execute/sync - {"script":"<script> [8489 bytes]","args":[{"element-6066-11e4-a52e-4f735466cecf":"f.9B1EDAABCBD9CDA5B0DA3BD367ED2C8A.d.1F0E3DCF5EEF8BA1C7AF5767FA0A4C35.e.297","ELEMENT":"f.9B1EDAABCBD9CDA5B0DA3BD367ED2C8A.d.1F0E3DCF5EEF8BA1C7AF5767FA0A4C35.e.297"}]}
COMMAND: GET /session/0edec6012a6aa8dfd2543f8ebfc03d1d/screenshot - {}
RESULT: {}
RESULT: {"script":"<script> [8489 bytes]","args":[{"element-6066-11e4-a52e-4f735466cecf":"f.9B1EDAABCBD9CDA5B0DA3BD367ED2C8A.d.1F0E3DCF5EEF8BA1C7AF5767FA0A4C35.e.297","ELEMENT":"f.9B1EDAABCBD9CDA5B0DA3BD367ED2C8A.d.1F0E3DCF5EEF8BA1C7AF5767FA0A4C35.e.297"}]}
COMMAND: POST /session/0edec6012a6aa8dfd2543f8ebfc03d1d/execute/sync - {"script":"<script> [5351 bytes]","args":[{"element-6066-11e4-a52e-4f735466cecf":"f.9B1EDAABCBD9CDA5B0DA3BD367ED2C8A.d.1F0E3DCF5EEF8BA1C7AF5767FA0A4C35.e.297","ELEMENT":"f.9B1EDAABCBD9CDA5B0DA3BD367ED2C8A.d.1F0E3DCF5EEF8BA1C7AF5767FA0A4C35.e.297"}]}
COMMAND: GET /session/0edec6012a6aa8dfd2543f8ebfc03d1d/screenshot - {}
RESULT: {}
RESULT: {"script":"<script> [5351 bytes]","args":[{"element-6066-11e4-a52e-4f735466cecf":"f.9B1EDAABCBD9CDA5B0DA3BD367ED2C8A.d.1F0E3DCF5EEF8BA1C7AF5767FA0A4C35.e.297","ELEMENT":"f.9B1EDAABCBD9CDA5B0DA3BD367ED2C8A.d.1F0E3DCF5EEF8BA1C7AF5767FA0A4C35.e.297"}]}
COMMAND: POST /session/0edec6012a6aa8dfd2543f8ebfc03d1d/element/f.9B1EDAABCBD9CDA5B0DA3BD367ED2C8A.d.1F0E3DCF5EEF8BA1C7AF5767FA0A4C35.e.297/click - {}
COMMAND: GET /session/0edec6012a6aa8dfd2543f8ebfc03d1d/screenshot - {}
RESULT: {}
RESULT: {}
COMMAND: GET /session/0edec6012a6aa8dfd2543f8ebfc03d1d/screenshot - {}
RESULT: {}
RESULT: {}
COMMAND: POST /session/0edec6012a6aa8dfd2543f8ebfc03d1d/execute/async - {"script":"<script> [1562 bytes]","args":[{"selector":{"id":"application-ruinventorylist-display-component---Master--ruLocationTypeComboBox-arrow"},"wdio_ui5_key":"applicationruinventorylist-display-component---Master--ruLocationTypeComboBox-arrow"}]}
RESULT: {"script":"<script> [1562 bytes]","args":[{"selector":{"id":"application-ruinventorylist-display-component---Master--ruLocationTypeComboBox-arrow"},"wdio_ui5_key":"applicationruinventorylist-display-component---Master--ruLocationTypeComboBox-arrow"}]}
RESULT: undefined
COMMAND: POST /session/0edec6012a6aa8dfd2543f8ebfc03d1d/element - {"using":"xpath","value":"//*[@id=\"application-ruinventorylist-display-component---Master--ruLocationTypeComboBox-arrow\"]"}
RESULT: {"using":"xpath","value":"//*[@id=\"application-ruinventorylist-display-component---Master--ruLocationTypeComboBox-arrow\"]"}
COMMAND: POST /session/0edec6012a6aa8dfd2543f8ebfc03d1d/element/f.9B1EDAABCBD9CDA5B0DA3BD367ED2C8A.d.1F0E3DCF5EEF8BA1C7AF5767FA0A4C35.e.653/click - {}
RESULT: {}
COMMAND: GET /session/0edec6012a6aa8dfd2543f8ebfc03d1d/screenshot - {}
RESULT: {}
COMMAND: POST /session/0edec6012a6aa8dfd2543f8ebfc03d1d/element - {"using":"xpath","value":"//li[.//span[text()='Yard']]"}
RESULT: {"using":"xpath","value":"//li[.//span[text()='Yard']]"}
COMMAND: POST /session/0edec6012a6aa8dfd2543f8ebfc03d1d/element/f.9B1EDAABCBD9CDA5B0DA3BD367ED2C8A.d.1F0E3DCF5EEF8BA1C7AF5767FA0A4C35.e.654/click - {}
RESULT: {}
COMMAND: GET /session/0edec6012a6aa8dfd2543f8ebfc03d1d/screenshot - {}
RESULT: {}
COMMAND: POST /session/0edec6012a6aa8dfd2543f8ebfc03d1d/execute/async - {"script":"<script> [1562 bytes]","args":[{"selector":{"id":"application-ruinventorylist-display-component---Master--smartFilterBar-filterItemControl_BASIC-YARD-vhi"},"wdio_ui5_key":"applicationruinventorylist-display-component---Master--smartFilterBar-filterItemControl_BASIC-YARD-vhi"}]}
RESULT: {"script":"<script> [1562 bytes]","args":[{"selector":{"id":"application-ruinventorylist-display-component---Master--smartFilterBar-filterItemControl_BASIC-YARD-vhi"},"wdio_ui5_key":"applicationruinventorylist-display-component---Master--smartFilterBar-filterItemControl_BASIC-YARD-vhi"}]}
RESULT: undefined
COMMAND: POST /session/0edec6012a6aa8dfd2543f8ebfc03d1d/element - {"using":"xpath","value":"//*[@id=\"application-ruinventorylist-display-component---Master--smartFilterBar-filterItemControl_BASIC-YARD-vhi\"]"}
RESULT: {"using":"xpath","value":"//*[@id=\"application-ruinventorylist-display-component---Master--smartFilterBar-filterItemControl_BASIC-YARD-vhi\"]"}
COMMAND: POST /session/0edec6012a6aa8dfd2543f8ebfc03d1d/element/f.9B1EDAABCBD9CDA5B0DA3BD367ED2C8A.d.1F0E3DCF5EEF8BA1C7AF5767FA0A4C35.e.707/click - {}
RESULT: {}
COMMAND: GET /session/0edec6012a6aa8dfd2543f8ebfc03d1d/screenshot - {}
RESULT: {}
COMMAND: POST /session/0edec6012a6aa8dfd2543f8ebfc03d1d/execute/async - {"script":"<script> [1562 bytes]","args":[{"selector":{"id":"application-ruinventorylist-display-component---Master--smartFilterBar-filterItemControl_BASIC-YARD-valueHelpDialog-smartFilterBar-btnBasicSearch","searchOpenDialogs":true,"interaction":{"idSuffix":"I"}},"wdio_ui5_key":"applicationruinventorylist-display-component---Master--smartFilterBar-filterItemControl_BASIC-YARD-valueHelpDialog-smartFilterBar-btnBasicSearch"}]}
RESULT: {"script":"<script> [1562 bytes]","args":[{"selector":{"id":"application-ruinventorylist-display-component---Master--smartFilterBar-filterItemControl_BASIC-YARD-valueHelpDialog-smartFilterBar-btnBasicSearch","searchOpenDialogs":true,"interaction":{"idSuffix":"I"}},"wdio_ui5_key":"applicationruinventorylist-display-component---Master--smartFilterBar-filterItemControl_BASIC-YARD-valueHelpDialog-smartFilterBar-btnBasicSearch"}]}
RESULT: undefined
COMMAND: POST /session/0edec6012a6aa8dfd2543f8ebfc03d1d/execute/async - {"script":"<script> [776 bytes]","args":[{"enterText":"109","selector":{"id":"application-ruinventorylist-display-component---Master--smartFilterBar-filterItemControl_BASIC-YARD-valueHelpDialog-smartFilterBar-btnBasicSearch","searchOpenDialogs":true,"interaction":{"idSuffix":"I"}},"clearTextFirst":true,"interactionType":"ENTER_TEXT"}]}
RESULT: {"script":"<script> [776 bytes]","args":[{"enterText":"109","selector":{"id":"application-ruinventorylist-display-component---Master--smartFilterBar-filterItemControl_BASIC-YARD-valueHelpDialog-smartFilterBar-btnBasicSearch","searchOpenDialogs":true,"interaction":{"idSuffix":"I"}},"clearTextFirst":true,"interactionType":"ENTER_TEXT"}]}
COMMAND: POST /session/0edec6012a6aa8dfd2543f8ebfc03d1d/actions - {"actions":[{"id":"action1","type":"key","parameters":{},"actions":[{"type":"keyDown","value":""},{"type":"pause","duration":10},{"type":"keyUp","value":""}]}]}
RESULT: {"actions":[{"id":"action1","type":"key","parameters":{},"actions":[{"type":"keyDown","value":""},{"type":"pause","duration":10},{"type":"keyUp","value":""}]}]}
COMMAND: GET /session/0edec6012a6aa8dfd2543f8ebfc03d1d/screenshot - {}
RESULT: {}
COMMAND: POST /session/0edec6012a6aa8dfd2543f8ebfc03d1d/elements - {"using":"xpath","value":"//table[contains(@id, \"filterItemControl_BASIC-YARD-valueHelpDialog-table-table\")]/tbody/tr"}
RESULT: {"using":"xpath","value":"//table[contains(@id, \"filterItemControl_BASIC-YARD-valueHelpDialog-table-table\")]/tbody/tr"}
COMMAND: POST /session/0edec6012a6aa8dfd2543f8ebfc03d1d/element - {"using":"xpath","value":"//table[contains(@id, \"filterItemControl_BASIC-YARD-valueHelpDialog-table-table\")]/tbody/tr[1]/td[1]/div/span"}
RESULT: {"using":"xpath","value":"//table[contains(@id, \"filterItemControl_BASIC-YARD-valueHelpDialog-table-table\")]/tbody/tr[1]/td[1]/div/span"}
COMMAND: POST /session/0edec6012a6aa8dfd2543f8ebfc03d1d/elements - {"using":"xpath","value":"//table[contains(@id, \"filterItemControl_BASIC-YARD-valueHelpDialog-table-table\")]/tbody/tr[1]/td[1]/div/span"}
RESULT: {"using":"xpath","value":"//table[contains(@id, \"filterItemControl_BASIC-YARD-valueHelpDialog-table-table\")]/tbody/tr[1]/td[1]/div/span"}
COMMAND: POST /session/0edec6012a6aa8dfd2543f8ebfc03d1d/execute/sync - {"script":"<script> [56 bytes]","args":[{"element-6066-11e4-a52e-4f735466cecf":"f.9B1EDAABCBD9CDA5B0DA3BD367ED2C8A.d.1F0E3DCF5EEF8BA1C7AF5767FA0A4C35.e.729","ELEMENT":"f.9B1EDAABCBD9CDA5B0DA3BD367ED2C8A.d.1F0E3DCF5EEF8BA1C7AF5767FA0A4C35.e.729"}]}
RESULT: {"script":"<script> [56 bytes]","args":[{"element-6066-11e4-a52e-4f735466cecf":"f.9B1EDAABCBD9CDA5B0DA3BD367ED2C8A.d.1F0E3DCF5EEF8BA1C7AF5767FA0A4C35.e.729","ELEMENT":"f.9B1EDAABCBD9CDA5B0DA3BD367ED2C8A.d.1F0E3DCF5EEF8BA1C7AF5767FA0A4C35.e.729"}]}
COMMAND: POST /session/0edec6012a6aa8dfd2543f8ebfc03d1d/element - {"using":"xpath","value":"//div[contains(@id, \"filterItemControl_BASIC-YARD-valueHelpDialog-table-rowsel0\")]"}
COMMAND: GET /session/0edec6012a6aa8dfd2543f8ebfc03d1d/screenshot - {}
RESULT: {"using":"xpath","value":"//div[contains(@id, \"filterItemControl_BASIC-YARD-valueHelpDialog-table-rowsel0\")]"}
COMMAND: POST /session/0edec6012a6aa8dfd2543f8ebfc03d1d/element/f.9B1EDAABCBD9CDA5B0DA3BD367ED2C8A.d.1F0E3DCF5EEF8BA1C7AF5767FA0A4C35.e.730/click - {}
RESULT: {}
RESULT: {}
COMMAND: GET /session/0edec6012a6aa8dfd2543f8ebfc03d1d/screenshot - {}
RESULT: {}
COMMAND: POST /session/0edec6012a6aa8dfd2543f8ebfc03d1d/element - {"using":"xpath","value":"//div[contains(@id, \"smartFilterBar-filterItemControl_BASIC-YARD-valueHelpDialog-smartFilterBar-btnBasicSearch-reset\")]"}
RESULT: {"using":"xpath","value":"//div[contains(@id, \"smartFilterBar-filterItemControl_BASIC-YARD-valueHelpDialog-smartFilterBar-btnBasicSearch-reset\")]"}
COMMAND: POST /session/0edec6012a6aa8dfd2543f8ebfc03d1d/element/f.9B1EDAABCBD9CDA5B0DA3BD367ED2C8A.d.1F0E3DCF5EEF8BA1C7AF5767FA0A4C35.e.732/click - {}
RESULT: {}
RESULT: undefined
COMMAND: POST /session/0edec6012a6aa8dfd2543f8ebfc03d1d/execute/async - {"script":"<script> [776 bytes]","args":[{"enterText":"OPA5_BST01_YARD1","selector":{"id":"application-ruinventorylist-display-component---Master--smartFilterBar-filterItemControl_BASIC-YARD-valueHelpDialog-smartFilterBar-btnBasicSearch","searchOpenDialogs":true,"interaction":{"idSuffix":"I"}},"clearTextFirst":true,"interactionType":"ENTER_TEXT"}]}
COMMAND: GET /session/0edec6012a6aa8dfd2543f8ebfc03d1d/screenshot - {}
RESULT: {"script":"<script> [776 bytes]","args":[{"enterText":"OPA5_BST01_YARD1","selector":{"id":"application-ruinventorylist-display-component---Master--smartFilterBar-filterItemControl_BASIC-YARD-valueHelpDialog-smartFilterBar-btnBasicSearch","searchOpenDialogs":true,"interaction":{"idSuffix":"I"}},"clearTextFirst":true,"interactionType":"ENTER_TEXT"}]}
COMMAND: POST /session/0edec6012a6aa8dfd2543f8ebfc03d1d/actions - {"actions":[{"id":"action2","type":"key","parameters":{},"actions":[{"type":"keyDown","value":""},{"type":"pause","duration":10},{"type":"keyUp","value":""}]}]}
RESULT: {}
RESULT: {"actions":[{"id":"action2","type":"key","parameters":{},"actions":[{"type":"keyDown","value":""},{"type":"pause","duration":10},{"type":"keyUp","value":""}]}]}
COMMAND: GET /session/0edec6012a6aa8dfd2543f8ebfc03d1d/screenshot - {}
RESULT: {}
COMMAND: POST /session/0edec6012a6aa8dfd2543f8ebfc03d1d/elements - {"using":"xpath","value":"//table[contains(@id, \"filterItemControl_BASIC-YARD-valueHelpDialog-table-table\")]/tbody/tr"}
RESULT: {"using":"xpath","value":"//table[contains(@id, \"filterItemControl_BASIC-YARD-valueHelpDialog-table-table\")]/tbody/tr"}
COMMAND: POST /session/0edec6012a6aa8dfd2543f8ebfc03d1d/element - {"using":"xpath","value":"//table[contains(@id, \"filterItemControl_BASIC-YARD-valueHelpDialog-table-table\")]/tbody/tr[1]/td[1]/div/span"}
RESULT: {"using":"xpath","value":"//table[contains(@id, \"filterItemControl_BASIC-YARD-valueHelpDialog-table-table\")]/tbody/tr[1]/td[1]/div/span"}
COMMAND: POST /session/0edec6012a6aa8dfd2543f8ebfc03d1d/elements - {"using":"xpath","value":"//table[contains(@id, \"filterItemControl_BASIC-YARD-valueHelpDialog-table-table\")]/tbody/tr[1]/td[1]/div/span"}
RESULT: {"using":"xpath","value":"//table[contains(@id, \"filterItemControl_BASIC-YARD-valueHelpDialog-table-table\")]/tbody/tr[1]/td[1]/div/span"}
COMMAND: POST /session/0edec6012a6aa8dfd2543f8ebfc03d1d/execute/sync - {"script":"<script> [56 bytes]","args":[{"element-6066-11e4-a52e-4f735466cecf":"f.9B1EDAABCBD9CDA5B0DA3BD367ED2C8A.d.1F0E3DCF5EEF8BA1C7AF5767FA0A4C35.e.729","ELEMENT":"f.9B1EDAABCBD9CDA5B0DA3BD367ED2C8A.d.1F0E3DCF5EEF8BA1C7AF5767FA0A4C35.e.729"}]}
RESULT: {"script":"<script> [56 bytes]","args":[{"element-6066-11e4-a52e-4f735466cecf":"f.9B1EDAABCBD9CDA5B0DA3BD367ED2C8A.d.1F0E3DCF5EEF8BA1C7AF5767FA0A4C35.e.729","ELEMENT":"f.9B1EDAABCBD9CDA5B0DA3BD367ED2C8A.d.1F0E3DCF5EEF8BA1C7AF5767FA0A4C35.e.729"}]}
COMMAND: POST /session/0edec6012a6aa8dfd2543f8ebfc03d1d/element - {"using":"xpath","value":"//div[contains(@id, \"filterItemControl_BASIC-YARD-valueHelpDialog-table-rowsel0\")]"}
COMMAND: GET /session/0edec6012a6aa8dfd2543f8ebfc03d1d/screenshot - {}
RESULT: {"using":"xpath","value":"//div[contains(@id, \"filterItemControl_BASIC-YARD-valueHelpDialog-table-rowsel0\")]"}
COMMAND: POST /session/0edec6012a6aa8dfd2543f8ebfc03d1d/element/f.9B1EDAABCBD9CDA5B0DA3BD367ED2C8A.d.1F0E3DCF5EEF8BA1C7AF5767FA0A4C35.e.730/click - {}
RESULT: {}
RESULT: {}
COMMAND: GET /session/0edec6012a6aa8dfd2543f8ebfc03d1d/screenshot - {}
RESULT: {}
COMMAND: POST /session/0edec6012a6aa8dfd2543f8ebfc03d1d/element - {"using":"xpath","value":"(//bdi[contains(text(), \"OK\")])[1]"}
RESULT: {"using":"xpath","value":"(//bdi[contains(text(), \"OK\")])[1]"}
COMMAND: POST /session/0edec6012a6aa8dfd2543f8ebfc03d1d/element/f.9B1EDAABCBD9CDA5B0DA3BD367ED2C8A.d.1F0E3DCF5EEF8BA1C7AF5767FA0A4C35.e.733/click - {}
RESULT: {}
COMMAND: GET /session/0edec6012a6aa8dfd2543f8ebfc03d1d/screenshot - {}
RESULT: {}
COMMAND: POST /session/0edec6012a6aa8dfd2543f8ebfc03d1d/element - {"using":"xpath","value":"//span[@id=\"application-ruinventorylist-display-component---Master--smartTableRuInventoryList-header-inner\"]"}
RESULT: {"using":"xpath","value":"//span[@id=\"application-ruinventorylist-display-component---Master--smartTableRuInventoryList-header-inner\"]"}
COMMAND: POST /session/0edec6012a6aa8dfd2543f8ebfc03d1d/elements - {"using":"xpath","value":"//span[@id=\"application-ruinventorylist-display-component---Master--smartTableRuInventoryList-header-inner\"]"}
RESULT: {"using":"xpath","value":"//span[@id=\"application-ruinventorylist-display-component---Master--smartTableRuInventoryList-header-inner\"]"}
COMMAND: POST /session/0edec6012a6aa8dfd2543f8ebfc03d1d/execute/sync - {"script":"<script> [56 bytes]","args":[{"element-6066-11e4-a52e-4f735466cecf":"f.9B1EDAABCBD9CDA5B0DA3BD367ED2C8A.d.1F0E3DCF5EEF8BA1C7AF5767FA0A4C35.e.863","ELEMENT":"f.9B1EDAABCBD9CDA5B0DA3BD367ED2C8A.d.1F0E3DCF5EEF8BA1C7AF5767FA0A4C35.e.863"}]}
RESULT: {"script":"<script> [56 bytes]","args":[{"element-6066-11e4-a52e-4f735466cecf":"f.9B1EDAABCBD9CDA5B0DA3BD367ED2C8A.d.1F0E3DCF5EEF8BA1C7AF5767FA0A4C35.e.863","ELEMENT":"f.9B1EDAABCBD9CDA5B0DA3BD367ED2C8A.d.1F0E3DCF5EEF8BA1C7AF5767FA0A4C35.e.863"}]}
COMMAND: POST /session/0edec6012a6aa8dfd2543f8ebfc03d1d/execute/async - {"script":"<script> [1562 bytes]","args":[{"selector":{"id":"application-ruinventorylist-display-component---Master--smartFilterBar-btnBasicSearch","interaction":{"idSuffix":"I"}},"wdio_ui5_key":"applicationruinventorylist-display-component---Master--smartFilterBar-btnBasicSearch"}]}
COMMAND: GET /session/0edec6012a6aa8dfd2543f8ebfc03d1d/screenshot - {}
RESULT: {"script":"<script> [1562 bytes]","args":[{"selector":{"id":"application-ruinventorylist-display-component---Master--smartFilterBar-btnBasicSearch","interaction":{"idSuffix":"I"}},"wdio_ui5_key":"applicationruinventorylist-display-component---Master--smartFilterBar-btnBasicSearch"}]}
RESULT: undefined
COMMAND: POST /session/0edec6012a6aa8dfd2543f8ebfc03d1d/execute/async - {"script":"<script> [776 bytes]","args":[{"enterText":"600002","selector":{"id":"application-ruinventorylist-display-component---Master--smartFilterBar-btnBasicSearch","interaction":{"idSuffix":"I"}},"clearTextFirst":true,"interactionType":"ENTER_TEXT"}]}
RESULT: {}
RESULT: {"script":"<script> [776 bytes]","args":[{"enterText":"600002","selector":{"id":"application-ruinventorylist-display-component---Master--smartFilterBar-btnBasicSearch","interaction":{"idSuffix":"I"}},"clearTextFirst":true,"interactionType":"ENTER_TEXT"}]}
COMMAND: POST /session/0edec6012a6aa8dfd2543f8ebfc03d1d/actions - {"actions":[{"id":"action3","type":"key","parameters":{},"actions":[{"type":"keyDown","value":""},{"type":"pause","duration":10},{"type":"keyUp","value":""}]}]}
RESULT: {"actions":[{"id":"action3","type":"key","parameters":{},"actions":[{"type":"keyDown","value":""},{"type":"pause","duration":10},{"type":"keyUp","value":""}]}]}
COMMAND: GET /session/0edec6012a6aa8dfd2543f8ebfc03d1d/screenshot - {}
RESULT: {}
COMMAND: POST /session/0edec6012a6aa8dfd2543f8ebfc03d1d/element - {"using":"xpath","value":"//span[@id=\"application-ruinventorylist-display-component---Master--smartTableRuInventoryList-header-inner\"]"}
RESULT: {"using":"xpath","value":"//span[@id=\"application-ruinventorylist-display-component---Master--smartTableRuInventoryList-header-inner\"]"}
COMMAND: POST /session/0edec6012a6aa8dfd2543f8ebfc03d1d/elements - {"using":"xpath","value":"//span[@id=\"application-ruinventorylist-display-component---Master--smartTableRuInventoryList-header-inner\"]"}
RESULT: {"using":"xpath","value":"//span[@id=\"application-ruinventorylist-display-component---Master--smartTableRuInventoryList-header-inner\"]"}
COMMAND: POST /session/0edec6012a6aa8dfd2543f8ebfc03d1d/execute/sync - {"script":"<script> [56 bytes]","args":[{"element-6066-11e4-a52e-4f735466cecf":"f.9B1EDAABCBD9CDA5B0DA3BD367ED2C8A.d.1F0E3DCF5EEF8BA1C7AF5767FA0A4C35.e.863","ELEMENT":"f.9B1EDAABCBD9CDA5B0DA3BD367ED2C8A.d.1F0E3DCF5EEF8BA1C7AF5767FA0A4C35.e.863"}]}
RESULT: {"script":"<script> [56 bytes]","args":[{"element-6066-11e4-a52e-4f735466cecf":"f.9B1EDAABCBD9CDA5B0DA3BD367ED2C8A.d.1F0E3DCF5EEF8BA1C7AF5767FA0A4C35.e.863","ELEMENT":"f.9B1EDAABCBD9CDA5B0DA3BD367ED2C8A.d.1F0E3DCF5EEF8BA1C7AF5767FA0A4C35.e.863"}]}
COMMAND: POST /session/0edec6012a6aa8dfd2543f8ebfc03d1d/element - {"using":"xpath","value":"//table[contains(@id, \"application-ruinventorylist-display-component---Master--tableRuInventoryList-listUl\")]/tbody/tr[1]/td[2]/div/div"}
COMMAND: GET /session/0edec6012a6aa8dfd2543f8ebfc03d1d/screenshot - {}
RESULT: {"using":"xpath","value":"//table[contains(@id, \"application-ruinventorylist-display-component---Master--tableRuInventoryList-listUl\")]/tbody/tr[1]/td[2]/div/div"}
COMMAND: POST /session/0edec6012a6aa8dfd2543f8ebfc03d1d/element/f.9B1EDAABCBD9CDA5B0DA3BD367ED2C8A.d.1F0E3DCF5EEF8BA1C7AF5767FA0A4C35.e.871/click - {}
RESULT: {}
RESULT: {}
COMMAND: GET /session/0edec6012a6aa8dfd2543f8ebfc03d1d/screenshot - {}
RESULT: {}
COMMAND: POST /session/0edec6012a6aa8dfd2543f8ebfc03d1d/element - {"using":"xpath","value":"//div[contains(@id, \"smartFilterBar-btnBasicSearch-reset\")]"}
RESULT: {"using":"xpath","value":"//div[contains(@id, \"smartFilterBar-btnBasicSearch-reset\")]"}
COMMAND: POST /session/0edec6012a6aa8dfd2543f8ebfc03d1d/element/f.9B1EDAABCBD9CDA5B0DA3BD367ED2C8A.d.1F0E3DCF5EEF8BA1C7AF5767FA0A4C35.e.881/click - {}
RESULT: {}
COMMAND: GET /session/0edec6012a6aa8dfd2543f8ebfc03d1d/screenshot - {}
RESULT: {}
RESULT: undefined
COMMAND: POST /session/0edec6012a6aa8dfd2543f8ebfc03d1d/execute/async - {"script":"<script> [776 bytes]","args":[{"enterText":"401002","selector":{"id":"application-ruinventorylist-display-component---Master--smartFilterBar-btnBasicSearch","interaction":{"idSuffix":"I"}},"clearTextFirst":true,"interactionType":"ENTER_TEXT"}]}
RESULT: {"script":"<script> [776 bytes]","args":[{"enterText":"401002","selector":{"id":"application-ruinventorylist-display-component---Master--smartFilterBar-btnBasicSearch","interaction":{"idSuffix":"I"}},"clearTextFirst":true,"interactionType":"ENTER_TEXT"}]}
COMMAND: POST /session/0edec6012a6aa8dfd2543f8ebfc03d1d/actions - {"actions":[{"id":"action4","type":"key","parameters":{},"actions":[{"type":"keyDown","value":""},{"type":"pause","duration":10},{"type":"keyUp","value":""}]}]}
RESULT: {"actions":[{"id":"action4","type":"key","parameters":{},"actions":[{"type":"keyDown","value":""},{"type":"pause","duration":10},{"type":"keyUp","value":""}]}]}
COMMAND: GET /session/0edec6012a6aa8dfd2543f8ebfc03d1d/screenshot - {}
RESULT: {}
COMMAND: POST /session/0edec6012a6aa8dfd2543f8ebfc03d1d/element - {"using":"xpath","value":"//span[@id=\"application-ruinventorylist-display-component---Master--smartTableRuInventoryList-header-inner\"]"}
RESULT: {"using":"xpath","value":"//span[@id=\"application-ruinventorylist-display-component---Master--smartTableRuInventoryList-header-inner\"]"}
COMMAND: POST /session/0edec6012a6aa8dfd2543f8ebfc03d1d/elements - {"using":"xpath","value":"//span[@id=\"application-ruinventorylist-display-component---Master--smartTableRuInventoryList-header-inner\"]"}
RESULT: {"using":"xpath","value":"//span[@id=\"application-ruinventorylist-display-component---Master--smartTableRuInventoryList-header-inner\"]"}
COMMAND: POST /session/0edec6012a6aa8dfd2543f8ebfc03d1d/execute/sync - {"script":"<script> [56 bytes]","args":[{"element-6066-11e4-a52e-4f735466cecf":"f.9B1EDAABCBD9CDA5B0DA3BD367ED2C8A.d.1F0E3DCF5EEF8BA1C7AF5767FA0A4C35.e.863","ELEMENT":"f.9B1EDAABCBD9CDA5B0DA3BD367ED2C8A.d.1F0E3DCF5EEF8BA1C7AF5767FA0A4C35.e.863"}]}
RESULT: {"script":"<script> [56 bytes]","args":[{"element-6066-11e4-a52e-4f735466cecf":"f.9B1EDAABCBD9CDA5B0DA3BD367ED2C8A.d.1F0E3DCF5EEF8BA1C7AF5767FA0A4C35.e.863","ELEMENT":"f.9B1EDAABCBD9CDA5B0DA3BD367ED2C8A.d.1F0E3DCF5EEF8BA1C7AF5767FA0A4C35.e.863"}]}
COMMAND: POST /session/0edec6012a6aa8dfd2543f8ebfc03d1d/element - {"using":"xpath","value":"//table[contains(@id, \"application-ruinventorylist-display-component---Master--tableRuInventoryList-listUl\")]/tbody/tr[1]/td[2]/div/div"}
COMMAND: GET /session/0edec6012a6aa8dfd2543f8ebfc03d1d/screenshot - {}
RESULT: {"using":"xpath","value":"//table[contains(@id, \"application-ruinventorylist-display-component---Master--tableRuInventoryList-listUl\")]/tbody/tr[1]/td[2]/div/div"}
COMMAND: POST /session/0edec6012a6aa8dfd2543f8ebfc03d1d/element/f.9B1EDAABCBD9CDA5B0DA3BD367ED2C8A.d.1F0E3DCF5EEF8BA1C7AF5767FA0A4C35.e.1010/click - {}
RESULT: {}
RESULT: {}
COMMAND: GET /session/0edec6012a6aa8dfd2543f8ebfc03d1d/screenshot - {}
RESULT: {}
COMMAND: POST /session/0edec6012a6aa8dfd2543f8ebfc03d1d/element - {"using":"xpath","value":"//div[contains(@id, \"smartFilterBar-btnBasicSearch-reset\")]"}
RESULT: {"using":"xpath","value":"//div[contains(@id, \"smartFilterBar-btnBasicSearch-reset\")]"}
COMMAND: POST /session/0edec6012a6aa8dfd2543f8ebfc03d1d/element/f.9B1EDAABCBD9CDA5B0DA3BD367ED2C8A.d.1F0E3DCF5EEF8BA1C7AF5767FA0A4C35.e.881/click - {}
RESULT: {}
COMMAND: GET /session/0edec6012a6aa8dfd2543f8ebfc03d1d/screenshot - {}
RESULT: {}
COMMAND: POST /session/0edec6012a6aa8dfd2543f8ebfc03d1d/element/f.9B1EDAABCBD9CDA5B0DA3BD367ED2C8A.d.1F0E3DCF5EEF8BA1C7AF5767FA0A4C35.e.297/click - {}
RESULT: {}
COMMAND: GET /session/0edec6012a6aa8dfd2543f8ebfc03d1d/screenshot - {}
RESULT: {}
COMMAND: POST /session/0edec6012a6aa8dfd2543f8ebfc03d1d/execute/async - {"script":"<script> [1562 bytes]","args":[{"selector":{"controlType":"sap.m.Title","viewName":"etm.portal.ui.ruinventorylist.view.Master","viewId":"application-ruinventorylist-display-component---Master","properties":{"text":"Mass State Change"},"searchOpenDialogs":true},"wdio_ui5_key":"etmportal.ui.ruinventorylist.view.Mastersap.m.Title{\"text\":\"Mass State Change\"}"}]}
RESULT: {"script":"<script> [1562 bytes]","args":[{"selector":{"controlType":"sap.m.Title","viewName":"etm.portal.ui.ruinventorylist.view.Master","viewId":"application-ruinventorylist-display-component---Master","properties":{"text":"Mass State Change"},"searchOpenDialogs":true},"wdio_ui5_key":"etmportal.ui.ruinventorylist.view.Mastersap.m.Title{\"text\":\"Mass State Change\"}"}]}
RESULT: undefined
COMMAND: POST /session/0edec6012a6aa8dfd2543f8ebfc03d1d/execute/async - {"script":"<script> [6424 bytes]","args":[{"element-6066-11e4-a52e-4f735466cecf":"f.9B1EDAABCBD9CDA5B0DA3BD367ED2C8A.d.1F0E3DCF5EEF8BA1C7AF5767FA0A4C35.e.1159"},"getText",[]]}
RESULT: {"script":"<script> [6424 bytes]","args":[{"element-6066-11e4-a52e-4f735466cecf":"f.9B1EDAABCBD9CDA5B0DA3BD367ED2C8A.d.1F0E3DCF5EEF8BA1C7AF5767FA0A4C35.e.1159"},"getText",[]]}
COMMAND: POST /session/0edec6012a6aa8dfd2543f8ebfc03d1d/element - {"using":"xpath","value":"(//bdi[contains(text(), \"OK\")])[1]"}
RESULT: {"using":"xpath","value":"(//bdi[contains(text(), \"OK\")])[1]"}
COMMAND: POST /session/0edec6012a6aa8dfd2543f8ebfc03d1d/element/f.9B1EDAABCBD9CDA5B0DA3BD367ED2C8A.d.1F0E3DCF5EEF8BA1C7AF5767FA0A4C35.e.1160/click - {}
RESULT: {}
COMMAND: GET /session/0edec6012a6aa8dfd2543f8ebfc03d1d/screenshot - {}
RESULT: {}
COMMAND: POST /session/0edec6012a6aa8dfd2543f8ebfc03d1d/element - {"using":"css selector","value":"div.sapMMessageBoxError"}
RESULT: {"using":"css selector","value":"div.sapMMessageBoxError"}
COMMAND: POST /session/0edec6012a6aa8dfd2543f8ebfc03d1d/elements - {"using":"css selector","value":"div.sapMMessageBoxError"}
RESULT: {"using":"css selector","value":"div.sapMMessageBoxError"}
COMMAND: POST /session/0edec6012a6aa8dfd2543f8ebfc03d1d/element - {"using":"xpath","value":"(//bdi[contains(text(), \"Close\")])[1]"}
RESULT: {"using":"xpath","value":"(//bdi[contains(text(), \"Close\")])[1]"}
COMMAND: POST /session/0edec6012a6aa8dfd2543f8ebfc03d1d/element/f.9B1EDAABCBD9CDA5B0DA3BD367ED2C8A.d.1F0E3DCF5EEF8BA1C7AF5767FA0A4C35.e.1165/click - {}
RESULT: {}
COMMAND: GET /session/0edec6012a6aa8dfd2543f8ebfc03d1d/screenshot - {}
RESULT: {}
COMMAND: POST /session/0edec6012a6aa8dfd2543f8ebfc03d1d/execute/async - {"script":"<script> [1562 bytes]","args":[{"selector":{"id":"application-ruinventorylist-display-component---Master--ruStateTypes-arrow","searchOpenDialogs":true},"wdio_ui5_key":"applicationruinventorylist-display-component---Master--ruStateTypes-arrow"}]}
RESULT: {"script":"<script> [1562 bytes]","args":[{"selector":{"id":"application-ruinventorylist-display-component---Master--ruStateTypes-arrow","searchOpenDialogs":true},"wdio_ui5_key":"applicationruinventorylist-display-component---Master--ruStateTypes-arrow"}]}
RESULT: undefined
COMMAND: POST /session/0edec6012a6aa8dfd2543f8ebfc03d1d/element - {"using":"xpath","value":"//*[@id=\"application-ruinventorylist-display-component---Master--ruStateTypes-arrow\"]"}
RESULT: {"using":"xpath","value":"//*[@id=\"application-ruinventorylist-display-component---Master--ruStateTypes-arrow\"]"}
COMMAND: POST /session/0edec6012a6aa8dfd2543f8ebfc03d1d/element/f.9B1EDAABCBD9CDA5B0DA3BD367ED2C8A.d.1F0E3DCF5EEF8BA1C7AF5767FA0A4C35.e.1166/click - {}
RESULT: {}
COMMAND: GET /session/0edec6012a6aa8dfd2543f8ebfc03d1d/screenshot - {}
RESULT: {}
COMMAND: POST /session/0edec6012a6aa8dfd2543f8ebfc03d1d/element - {"using":"xpath","value":"//li[.//span[text()=\"defect\"]]"}
RESULT: {"using":"xpath","value":"//li[.//span[text()=\"defect\"]]"}
COMMAND: POST /session/0edec6012a6aa8dfd2543f8ebfc03d1d/element/f.9B1EDAABCBD9CDA5B0DA3BD367ED2C8A.d.1F0E3DCF5EEF8BA1C7AF5767FA0A4C35.e.1167/click - {}
RESULT: {}
COMMAND: GET /session/0edec6012a6aa8dfd2543f8ebfc03d1d/screenshot - {}
RESULT: {}
COMMAND: POST /session/0edec6012a6aa8dfd2543f8ebfc03d1d/element - {"using":"xpath","value":"(//span[@data-kt=\"trashMassStateChangeIcon\"])[1]"}
RESULT: {"using":"xpath","value":"(//span[@data-kt=\"trashMassStateChangeIcon\"])[1]"}
COMMAND: POST /session/0edec6012a6aa8dfd2543f8ebfc03d1d/element/f.9B1EDAABCBD9CDA5B0DA3BD367ED2C8A.d.1F0E3DCF5EEF8BA1C7AF5767FA0A4C35.e.1168/click - {}
RESULT: {}
COMMAND: GET /session/0edec6012a6aa8dfd2543f8ebfc03d1d/screenshot - {}
RESULT: {}
COMMAND: POST /session/0edec6012a6aa8dfd2543f8ebfc03d1d/element - {"using":"xpath","value":"//table[contains(@id, \"massStateChangeTable-listUl\")]/tbody/tr[1]/td[11]/div/div/div/input"}
RESULT: {"using":"xpath","value":"//table[contains(@id, \"massStateChangeTable-listUl\")]/tbody/tr[1]/td[11]/div/div/div/input"}
COMMAND: GET /session/0edec6012a6aa8dfd2543f8ebfc03d1d/element/f.9B1EDAABCBD9CDA5B0DA3BD367ED2C8A.d.1F0E3DCF5EEF8BA1C7AF5767FA0A4C35.e.1153/property/value - {}
RESULT: {}
COMMAND: POST /session/0edec6012a6aa8dfd2543f8ebfc03d1d/element - {"using":"xpath","value":"(//span[@data-kt=\"trashMassStateChangeIcon\"])[2]"}
COMMAND: GET /session/0edec6012a6aa8dfd2543f8ebfc03d1d/screenshot - {}
RESULT: {"using":"xpath","value":"(//span[@data-kt=\"trashMassStateChangeIcon\"])[2]"}
COMMAND: POST /session/0edec6012a6aa8dfd2543f8ebfc03d1d/element/f.9B1EDAABCBD9CDA5B0DA3BD367ED2C8A.d.1F0E3DCF5EEF8BA1C7AF5767FA0A4C35.e.1170/click - {}
RESULT: {}
RESULT: {}
COMMAND: GET /session/0edec6012a6aa8dfd2543f8ebfc03d1d/screenshot - {}
RESULT: {}
COMMAND: POST /session/0edec6012a6aa8dfd2543f8ebfc03d1d/element - {"using":"xpath","value":"//table[contains(@id, \"massStateChangeTable-listUl\")]/tbody/tr[2]/td[11]/div/div/div/input"}
RESULT: {"using":"xpath","value":"//table[contains(@id, \"massStateChangeTable-listUl\")]/tbody/tr[2]/td[11]/div/div/div/input"}
COMMAND: GET /session/0edec6012a6aa8dfd2543f8ebfc03d1d/element/f.9B1EDAABCBD9CDA5B0DA3BD367ED2C8A.d.1F0E3DCF5EEF8BA1C7AF5767FA0A4C35.e.1157/property/value - {}
RESULT: {}
COMMAND: POST /session/0edec6012a6aa8dfd2543f8ebfc03d1d/element - {"using":"xpath","value":"//table[contains(@id, \"massStateChangeTable-listUl\")]/tbody/tr[1]/td[10]/div/span/span[1]"}
COMMAND: GET /session/0edec6012a6aa8dfd2543f8ebfc03d1d/screenshot - {}
RESULT: {"using":"xpath","value":"//table[contains(@id, \"massStateChangeTable-listUl\")]/tbody/tr[1]/td[10]/div/span/span[1]"}
COMMAND: POST /session/0edec6012a6aa8dfd2543f8ebfc03d1d/execute/sync - {"script":"<script> [56 bytes]","args":[{"element-6066-11e4-a52e-4f735466cecf":"f.9B1EDAABCBD9CDA5B0DA3BD367ED2C8A.d.1F0E3DCF5EEF8BA1C7AF5767FA0A4C35.e.1172","ELEMENT":"f.9B1EDAABCBD9CDA5B0DA3BD367ED2C8A.d.1F0E3DCF5EEF8BA1C7AF5767FA0A4C35.e.1172"}]}
RESULT: {}
RESULT: {"script":"<script> [56 bytes]","args":[{"element-6066-11e4-a52e-4f735466cecf":"f.9B1EDAABCBD9CDA5B0DA3BD367ED2C8A.d.1F0E3DCF5EEF8BA1C7AF5767FA0A4C35.e.1172","ELEMENT":"f.9B1EDAABCBD9CDA5B0DA3BD367ED2C8A.d.1F0E3DCF5EEF8BA1C7AF5767FA0A4C35.e.1172"}]}
COMMAND: POST /session/0edec6012a6aa8dfd2543f8ebfc03d1d/element - {"using":"xpath","value":"//table[contains(@id, \"massStateChangeTable-listUl\")]/tbody/tr[1]/td[11]/div/div/div/div[2]/span"}
COMMAND: GET /session/0edec6012a6aa8dfd2543f8ebfc03d1d/screenshot - {}
RESULT: {"using":"xpath","value":"//table[contains(@id, \"massStateChangeTable-listUl\")]/tbody/tr[1]/td[11]/div/div/div/div[2]/span"}
COMMAND: POST /session/0edec6012a6aa8dfd2543f8ebfc03d1d/element/f.9B1EDAABCBD9CDA5B0DA3BD367ED2C8A.d.1F0E3DCF5EEF8BA1C7AF5767FA0A4C35.e.1173/click - {}
RESULT: {}
RESULT: {}
COMMAND: GET /session/0edec6012a6aa8dfd2543f8ebfc03d1d/screenshot - {}
RESULT: {}
COMMAND: POST /session/0edec6012a6aa8dfd2543f8ebfc03d1d/element - {"using":"xpath","value":"//table[contains(@id, \"massStateChangeTable-listUl\")]/tbody/tr[1]/td[11]/div/div/div/div[2]/span"}
RESULT: {"using":"xpath","value":"//table[contains(@id, \"massStateChangeTable-listUl\")]/tbody/tr[1]/td[11]/div/div/div/div[2]/span"}
COMMAND: POST /session/0edec6012a6aa8dfd2543f8ebfc03d1d/element/f.9B1EDAABCBD9CDA5B0DA3BD367ED2C8A.d.1F0E3DCF5EEF8BA1C7AF5767FA0A4C35.e.1173/click - {}
RESULT: {}
COMMAND: GET /session/0edec6012a6aa8dfd2543f8ebfc03d1d/screenshot - {}
RESULT: {}
COMMAND: POST /session/0edec6012a6aa8dfd2543f8ebfc03d1d/element - {"using":"xpath","value":"//table[contains(@id, \"massStateChangeTable-listUl\")]/tbody/tr[1]/td[11]/div/div/div/div[2]/span"}
RESULT: {"using":"xpath","value":"//table[contains(@id, \"massStateChangeTable-listUl\")]/tbody/tr[1]/td[11]/div/div/div/div[2]/span"}
COMMAND: POST /session/0edec6012a6aa8dfd2543f8ebfc03d1d/element/f.9B1EDAABCBD9CDA5B0DA3BD367ED2C8A.d.1F0E3DCF5EEF8BA1C7AF5767FA0A4C35.e.1173/click - {}
RESULT: {}
COMMAND: GET /session/0edec6012a6aa8dfd2543f8ebfc03d1d/screenshot - {}
RESULT: {}
COMMAND: POST /session/0edec6012a6aa8dfd2543f8ebfc03d1d/element - {"using":"xpath","value":"//table[contains(@id, \"massStateChangeTable-listUl\")]/tbody/tr[1]/td[11]/div/div/div/div[2]/span"}
RESULT: {"using":"xpath","value":"//table[contains(@id, \"massStateChangeTable-listUl\")]/tbody/tr[1]/td[11]/div/div/div/div[2]/span"}
COMMAND: POST /session/0edec6012a6aa8dfd2543f8ebfc03d1d/element/f.9B1EDAABCBD9CDA5B0DA3BD367ED2C8A.d.1F0E3DCF5EEF8BA1C7AF5767FA0A4C35.e.1173/click - {}
RESULT: {}
COMMAND: GET /session/0edec6012a6aa8dfd2543f8ebfc03d1d/screenshot - {}
RESULT: {}
COMMAND: POST /session/0edec6012a6aa8dfd2543f8ebfc03d1d/element - {"using":"xpath","value":"//table[contains(@id, \"massStateChangeTable-listUl\")]/tbody/tr[1]/td[11]/div/div/div/div[2]/span"}
RESULT: {"using":"xpath","value":"//table[contains(@id, \"massStateChangeTable-listUl\")]/tbody/tr[1]/td[11]/div/div/div/div[2]/span"}
COMMAND: POST /session/0edec6012a6aa8dfd2543f8ebfc03d1d/element/f.9B1EDAABCBD9CDA5B0DA3BD367ED2C8A.d.1F0E3DCF5EEF8BA1C7AF5767FA0A4C35.e.1173/click - {}
RESULT: {}
COMMAND: GET /session/0edec6012a6aa8dfd2543f8ebfc03d1d/screenshot - {}
RESULT: {}
COMMAND: POST /session/0edec6012a6aa8dfd2543f8ebfc03d1d/element - {"using":"xpath","value":"//table[contains(@id, \"massStateChangeTable-listUl\")]/tbody/tr[1]/td[11]/div/div/div/div[2]/span"}
RESULT: {"using":"xpath","value":"//table[contains(@id, \"massStateChangeTable-listUl\")]/tbody/tr[1]/td[11]/div/div/div/div[2]/span"}
COMMAND: POST /session/0edec6012a6aa8dfd2543f8ebfc03d1d/element/f.9B1EDAABCBD9CDA5B0DA3BD367ED2C8A.d.1F0E3DCF5EEF8BA1C7AF5767FA0A4C35.e.1173/click - {}
RESULT: {}
COMMAND: GET /session/0edec6012a6aa8dfd2543f8ebfc03d1d/screenshot - {}
RESULT: {}
COMMAND: POST /session/0edec6012a6aa8dfd2543f8ebfc03d1d/element - {"using":"xpath","value":"//table[contains(@id, \"massStateChangeTable-listUl\")]/tbody/tr[1]/td[11]/div/div/div/div[2]/span"}
RESULT: {"using":"xpath","value":"//table[contains(@id, \"massStateChangeTable-listUl\")]/tbody/tr[1]/td[11]/div/div/div/div[2]/span"}
COMMAND: POST /session/0edec6012a6aa8dfd2543f8ebfc03d1d/element/f.9B1EDAABCBD9CDA5B0DA3BD367ED2C8A.d.1F0E3DCF5EEF8BA1C7AF5767FA0A4C35.e.1173/click - {}
RESULT: {}
COMMAND: GET /session/0edec6012a6aa8dfd2543f8ebfc03d1d/screenshot - {}
RESULT: {}
COMMAND: POST /session/0edec6012a6aa8dfd2543f8ebfc03d1d/element - {"using":"xpath","value":"//table[contains(@id, \"massStateChangeTable-listUl\")]/tbody/tr[1]/td[11]/div/div/div/div[2]/span"}
RESULT: {"using":"xpath","value":"//table[contains(@id, \"massStateChangeTable-listUl\")]/tbody/tr[1]/td[11]/div/div/div/div[2]/span"}
COMMAND: POST /session/0edec6012a6aa8dfd2543f8ebfc03d1d/element/f.9B1EDAABCBD9CDA5B0DA3BD367ED2C8A.d.1F0E3DCF5EEF8BA1C7AF5767FA0A4C35.e.1173/click - {}
RESULT: {}
COMMAND: GET /session/0edec6012a6aa8dfd2543f8ebfc03d1d/screenshot - {}
RESULT: {}
COMMAND: POST /session/0edec6012a6aa8dfd2543f8ebfc03d1d/element - {"using":"xpath","value":"//table[contains(@id, \"massStateChangeTable-listUl\")]/tbody/tr[1]/td[11]/div/div/div/div[2]/span"}
RESULT: {"using":"xpath","value":"//table[contains(@id, \"massStateChangeTable-listUl\")]/tbody/tr[1]/td[11]/div/div/div/div[2]/span"}
COMMAND: POST /session/0edec6012a6aa8dfd2543f8ebfc03d1d/element/f.9B1EDAABCBD9CDA5B0DA3BD367ED2C8A.d.1F0E3DCF5EEF8BA1C7AF5767FA0A4C35.e.1173/click - {}
RESULT: {}
COMMAND: GET /session/0edec6012a6aa8dfd2543f8ebfc03d1d/screenshot - {}
RESULT: {}
COMMAND: POST /session/0edec6012a6aa8dfd2543f8ebfc03d1d/element - {"using":"xpath","value":"//table[contains(@id, \"massStateChangeTable-listUl\")]/tbody/tr[1]/td[11]/div/div/div/div[2]/span"}
RESULT: {"using":"xpath","value":"//table[contains(@id, \"massStateChangeTable-listUl\")]/tbody/tr[1]/td[11]/div/div/div/div[2]/span"}
COMMAND: POST /session/0edec6012a6aa8dfd2543f8ebfc03d1d/element/f.9B1EDAABCBD9CDA5B0DA3BD367ED2C8A.d.1F0E3DCF5EEF8BA1C7AF5767FA0A4C35.e.1173/click - {}
RESULT: {}
COMMAND: GET /session/0edec6012a6aa8dfd2543f8ebfc03d1d/screenshot - {}
RESULT: {}
COMMAND: POST /session/0edec6012a6aa8dfd2543f8ebfc03d1d/element - {"using":"xpath","value":"//table[contains(@id, \"massStateChangeTable-listUl\")]/tbody/tr[1]/td[11]/div/div/div/div[2]/span"}
RESULT: {"using":"xpath","value":"//table[contains(@id, \"massStateChangeTable-listUl\")]/tbody/tr[1]/td[11]/div/div/div/div[2]/span"}
COMMAND: POST /session/0edec6012a6aa8dfd2543f8ebfc03d1d/element/f.9B1EDAABCBD9CDA5B0DA3BD367ED2C8A.d.1F0E3DCF5EEF8BA1C7AF5767FA0A4C35.e.1173/click - {}
RESULT: {}
COMMAND: GET /session/0edec6012a6aa8dfd2543f8ebfc03d1d/screenshot - {}
RESULT: {}
COMMAND: POST /session/0edec6012a6aa8dfd2543f8ebfc03d1d/element - {"using":"xpath","value":"//table[contains(@id, \"massStateChangeTable-listUl\")]/tbody/tr[1]/td[11]/div/div/div/div[2]/span"}
RESULT: {"using":"xpath","value":"//table[contains(@id, \"massStateChangeTable-listUl\")]/tbody/tr[1]/td[11]/div/div/div/div[2]/span"}
COMMAND: POST /session/0edec6012a6aa8dfd2543f8ebfc03d1d/element/f.9B1EDAABCBD9CDA5B0DA3BD367ED2C8A.d.1F0E3DCF5EEF8BA1C7AF5767FA0A4C35.e.1173/click - {}
RESULT: {}
COMMAND: GET /session/0edec6012a6aa8dfd2543f8ebfc03d1d/screenshot - {}
RESULT: {}
COMMAND: POST /session/0edec6012a6aa8dfd2543f8ebfc03d1d/element - {"using":"xpath","value":"//table[contains(@id, \"massStateChangeTable-listUl\")]/tbody/tr[1]/td[11]/div/div/div/div[2]/span"}
RESULT: {"using":"xpath","value":"//table[contains(@id, \"massStateChangeTable-listUl\")]/tbody/tr[1]/td[11]/div/div/div/div[2]/span"}
COMMAND: POST /session/0edec6012a6aa8dfd2543f8ebfc03d1d/element/f.9B1EDAABCBD9CDA5B0DA3BD367ED2C8A.d.1F0E3DCF5EEF8BA1C7AF5767FA0A4C35.e.1173/click - {}
RESULT: {}
COMMAND: GET /session/0edec6012a6aa8dfd2543f8ebfc03d1d/screenshot - {}
RESULT: {}
COMMAND: POST /session/0edec6012a6aa8dfd2543f8ebfc03d1d/element - {"using":"xpath","value":"//table[contains(@id, \"massStateChangeTable-listUl\")]/tbody/tr[1]/td[11]/div/div/div/div[2]/span"}
RESULT: {"using":"xpath","value":"//table[contains(@id, \"massStateChangeTable-listUl\")]/tbody/tr[1]/td[11]/div/div/div/div[2]/span"}
COMMAND: POST /session/0edec6012a6aa8dfd2543f8ebfc03d1d/element/f.9B1EDAABCBD9CDA5B0DA3BD367ED2C8A.d.1F0E3DCF5EEF8BA1C7AF5767FA0A4C35.e.1173/click - {}
RESULT: {}
COMMAND: GET /session/0edec6012a6aa8dfd2543f8ebfc03d1d/screenshot - {}
RESULT: {}
COMMAND: POST /session/0edec6012a6aa8dfd2543f8ebfc03d1d/element - {"using":"xpath","value":"//table[contains(@id, \"massStateChangeTable-listUl\")]/tbody/tr[1]/td[11]/div/div/div/div[2]/span"}
RESULT: {"using":"xpath","value":"//table[contains(@id, \"massStateChangeTable-listUl\")]/tbody/tr[1]/td[11]/div/div/div/div[2]/span"}
COMMAND: POST /session/0edec6012a6aa8dfd2543f8ebfc03d1d/element/f.9B1EDAABCBD9CDA5B0DA3BD367ED2C8A.d.1F0E3DCF5EEF8BA1C7AF5767FA0A4C35.e.1173/click - {}
RESULT: {}
COMMAND: GET /session/0edec6012a6aa8dfd2543f8ebfc03d1d/screenshot - {}
RESULT: {}
COMMAND: POST /session/0edec6012a6aa8dfd2543f8ebfc03d1d/element - {"using":"xpath","value":"//table[contains(@id, \"massStateChangeTable-listUl\")]/tbody/tr[1]/td[11]/div/div/div/div[2]/span"}
RESULT: {"using":"xpath","value":"//table[contains(@id, \"massStateChangeTable-listUl\")]/tbody/tr[1]/td[11]/div/div/div/div[2]/span"}
COMMAND: POST /session/0edec6012a6aa8dfd2543f8ebfc03d1d/element/f.9B1EDAABCBD9CDA5B0DA3BD367ED2C8A.d.1F0E3DCF5EEF8BA1C7AF5767FA0A4C35.e.1173/click - {}
RESULT: {}
COMMAND: GET /session/0edec6012a6aa8dfd2543f8ebfc03d1d/screenshot - {}
RESULT: {}
COMMAND: POST /session/0edec6012a6aa8dfd2543f8ebfc03d1d/element - {"using":"xpath","value":"//table[contains(@id, \"massStateChangeTable-listUl\")]/tbody/tr[1]/td[11]/div/div/div/div[2]/span"}
RESULT: {"using":"xpath","value":"//table[contains(@id, \"massStateChangeTable-listUl\")]/tbody/tr[1]/td[11]/div/div/div/div[2]/span"}
COMMAND: POST /session/0edec6012a6aa8dfd2543f8ebfc03d1d/element/f.9B1EDAABCBD9CDA5B0DA3BD367ED2C8A.d.1F0E3DCF5EEF8BA1C7AF5767FA0A4C35.e.1173/click - {}
RESULT: {}
COMMAND: GET /session/0edec6012a6aa8dfd2543f8ebfc03d1d/screenshot - {}
RESULT: {}
COMMAND: POST /session/0edec6012a6aa8dfd2543f8ebfc03d1d/element - {"using":"xpath","value":"//table[contains(@id, \"massStateChangeTable-listUl\")]/tbody/tr[1]/td[11]/div/div/div/div[2]/span"}
RESULT: {"using":"xpath","value":"//table[contains(@id, \"massStateChangeTable-listUl\")]/tbody/tr[1]/td[11]/div/div/div/div[2]/span"}
COMMAND: POST /session/0edec6012a6aa8dfd2543f8ebfc03d1d/element/f.9B1EDAABCBD9CDA5B0DA3BD367ED2C8A.d.1F0E3DCF5EEF8BA1C7AF5767FA0A4C35.e.1173/click - {}
RESULT: {}
COMMAND: GET /session/0edec6012a6aa8dfd2543f8ebfc03d1d/screenshot - {}
RESULT: {}
COMMAND: POST /session/0edec6012a6aa8dfd2543f8ebfc03d1d/element - {"using":"xpath","value":"//table[contains(@id, \"massStateChangeTable-listUl\")]/tbody/tr[1]/td[11]/div/div/div/div[2]/span"}
RESULT: {"using":"xpath","value":"//table[contains(@id, \"massStateChangeTable-listUl\")]/tbody/tr[1]/td[11]/div/div/div/div[2]/span"}
COMMAND: POST /session/0edec6012a6aa8dfd2543f8ebfc03d1d/element/f.9B1EDAABCBD9CDA5B0DA3BD367ED2C8A.d.1F0E3DCF5EEF8BA1C7AF5767FA0A4C35.e.1173/click - {}
RESULT: {}
COMMAND: GET /session/0edec6012a6aa8dfd2543f8ebfc03d1d/screenshot - {}
RESULT: {}
COMMAND: POST /session/0edec6012a6aa8dfd2543f8ebfc03d1d/element - {"using":"xpath","value":"//table[contains(@id, \"massStateChangeTable-listUl\")]/tbody/tr[1]/td[11]/div/div/div/div[2]/span"}
RESULT: {"using":"xpath","value":"//table[contains(@id, \"massStateChangeTable-listUl\")]/tbody/tr[1]/td[11]/div/div/div/div[2]/span"}
COMMAND: POST /session/0edec6012a6aa8dfd2543f8ebfc03d1d/element/f.9B1EDAABCBD9CDA5B0DA3BD367ED2C8A.d.1F0E3DCF5EEF8BA1C7AF5767FA0A4C35.e.1173/click - {}
RESULT: {}
COMMAND: GET /session/0edec6012a6aa8dfd2543f8ebfc03d1d/screenshot - {}
RESULT: {}
COMMAND: POST /session/0edec6012a6aa8dfd2543f8ebfc03d1d/element - {"using":"xpath","value":"//table[contains(@id, \"massStateChangeTable-listUl\")]/tbody/tr[1]/td[11]/div/div/div/div[2]/span"}
RESULT: {"using":"xpath","value":"//table[contains(@id, \"massStateChangeTable-listUl\")]/tbody/tr[1]/td[11]/div/div/div/div[2]/span"}
COMMAND: POST /session/0edec6012a6aa8dfd2543f8ebfc03d1d/element/f.9B1EDAABCBD9CDA5B0DA3BD367ED2C8A.d.1F0E3DCF5EEF8BA1C7AF5767FA0A4C35.e.1173/click - {}
RESULT: {}
COMMAND: GET /session/0edec6012a6aa8dfd2543f8ebfc03d1d/screenshot - {}
RESULT: {}
COMMAND: POST /session/0edec6012a6aa8dfd2543f8ebfc03d1d/element - {"using":"xpath","value":"//table[contains(@id, \"massStateChangeTable-listUl\")]/tbody/tr[1]/td[11]/div/div/div/div[2]/span"}
RESULT: {"using":"xpath","value":"//table[contains(@id, \"massStateChangeTable-listUl\")]/tbody/tr[1]/td[11]/div/div/div/div[2]/span"}
COMMAND: POST /session/0edec6012a6aa8dfd2543f8ebfc03d1d/element/f.9B1EDAABCBD9CDA5B0DA3BD367ED2C8A.d.1F0E3DCF5EEF8BA1C7AF5767FA0A4C35.e.1173/click - {}
RESULT: {}
COMMAND: GET /session/0edec6012a6aa8dfd2543f8ebfc03d1d/screenshot - {}
RESULT: {}
COMMAND: POST /session/0edec6012a6aa8dfd2543f8ebfc03d1d/element - {"using":"xpath","value":"//table[contains(@id, \"massStateChangeTable-listUl\")]/tbody/tr[1]/td[11]/div/div/div/div[2]/span"}
RESULT: {"using":"xpath","value":"//table[contains(@id, \"massStateChangeTable-listUl\")]/tbody/tr[1]/td[11]/div/div/div/div[2]/span"}
COMMAND: POST /session/0edec6012a6aa8dfd2543f8ebfc03d1d/element/f.9B1EDAABCBD9CDA5B0DA3BD367ED2C8A.d.1F0E3DCF5EEF8BA1C7AF5767FA0A4C35.e.1173/click - {}
RESULT: {}
COMMAND: GET /session/0edec6012a6aa8dfd2543f8ebfc03d1d/screenshot - {}
RESULT: {}
COMMAND: POST /session/0edec6012a6aa8dfd2543f8ebfc03d1d/element - {"using":"xpath","value":"//table[contains(@id, \"massStateChangeTable-listUl\")]/tbody/tr[1]/td[11]/div/div/div/div[2]/span"}
RESULT: {"using":"xpath","value":"//table[contains(@id, \"massStateChangeTable-listUl\")]/tbody/tr[1]/td[11]/div/div/div/div[2]/span"}
COMMAND: POST /session/0edec6012a6aa8dfd2543f8ebfc03d1d/element/f.9B1EDAABCBD9CDA5B0DA3BD367ED2C8A.d.1F0E3DCF5EEF8BA1C7AF5767FA0A4C35.e.1173/click - {}
RESULT: {}
COMMAND: GET /session/0edec6012a6aa8dfd2543f8ebfc03d1d/screenshot - {}
RESULT: {}
COMMAND: POST /session/0edec6012a6aa8dfd2543f8ebfc03d1d/element - {"using":"xpath","value":"//table[contains(@id, \"massStateChangeTable-listUl\")]/tbody/tr[1]/td[11]/div/div/div/div[2]/span"}
RESULT: {"using":"xpath","value":"//table[contains(@id, \"massStateChangeTable-listUl\")]/tbody/tr[1]/td[11]/div/div/div/div[2]/span"}
COMMAND: POST /session/0edec6012a6aa8dfd2543f8ebfc03d1d/element/f.9B1EDAABCBD9CDA5B0DA3BD367ED2C8A.d.1F0E3DCF5EEF8BA1C7AF5767FA0A4C35.e.1173/click - {}
RESULT: {}
COMMAND: GET /session/0edec6012a6aa8dfd2543f8ebfc03d1d/screenshot - {}
RESULT: {}
COMMAND: POST /session/0edec6012a6aa8dfd2543f8ebfc03d1d/element - {"using":"xpath","value":"//table[contains(@id, \"massStateChangeTable-listUl\")]/tbody/tr[1]/td[11]/div/div/div/div[2]/span"}
RESULT: {"using":"xpath","value":"//table[contains(@id, \"massStateChangeTable-listUl\")]/tbody/tr[1]/td[11]/div/div/div/div[2]/span"}
COMMAND: POST /session/0edec6012a6aa8dfd2543f8ebfc03d1d/element/f.9B1EDAABCBD9CDA5B0DA3BD367ED2C8A.d.1F0E3DCF5EEF8BA1C7AF5767FA0A4C35.e.1173/click - {}
RESULT: {}
COMMAND: GET /session/0edec6012a6aa8dfd2543f8ebfc03d1d/screenshot - {}
RESULT: {}
COMMAND: POST /session/0edec6012a6aa8dfd2543f8ebfc03d1d/element - {"using":"xpath","value":"//table[contains(@id, \"massStateChangeTable-listUl\")]/tbody/tr[1]/td[11]/div/div/div/div[2]/span"}
RESULT: {"using":"xpath","value":"//table[contains(@id, \"massStateChangeTable-listUl\")]/tbody/tr[1]/td[11]/div/div/div/div[2]/span"}
COMMAND: POST /session/0edec6012a6aa8dfd2543f8ebfc03d1d/element/f.9B1EDAABCBD9CDA5B0DA3BD367ED2C8A.d.1F0E3DCF5EEF8BA1C7AF5767FA0A4C35.e.1173/click - {}
RESULT: {}
COMMAND: GET /session/0edec6012a6aa8dfd2543f8ebfc03d1d/screenshot - {}
RESULT: {}
COMMAND: POST /session/0edec6012a6aa8dfd2543f8ebfc03d1d/element - {"using":"xpath","value":"//table[contains(@id, \"massStateChangeTable-listUl\")]/tbody/tr[1]/td[11]/div/div/div/div[2]/span"}
RESULT: {"using":"xpath","value":"//table[contains(@id, \"massStateChangeTable-listUl\")]/tbody/tr[1]/td[11]/div/div/div/div[2]/span"}
COMMAND: POST /session/0edec6012a6aa8dfd2543f8ebfc03d1d/element/f.9B1EDAABCBD9CDA5B0DA3BD367ED2C8A.d.1F0E3DCF5EEF8BA1C7AF5767FA0A4C35.e.1173/click - {}
RESULT: {}
COMMAND: GET /session/0edec6012a6aa8dfd2543f8ebfc03d1d/screenshot - {}
RESULT: {}
COMMAND: POST /session/0edec6012a6aa8dfd2543f8ebfc03d1d/element - {"using":"xpath","value":"//table[contains(@id, \"massStateChangeTable-listUl\")]/tbody/tr[1]/td[11]/div/div/div/div[2]/span"}
RESULT: {"using":"xpath","value":"//table[contains(@id, \"massStateChangeTable-listUl\")]/tbody/tr[1]/td[11]/div/div/div/div[2]/span"}
COMMAND: POST /session/0edec6012a6aa8dfd2543f8ebfc03d1d/element/f.9B1EDAABCBD9CDA5B0DA3BD367ED2C8A.d.1F0E3DCF5EEF8BA1C7AF5767FA0A4C35.e.1173/click - {}
RESULT: {}
COMMAND: GET /session/0edec6012a6aa8dfd2543f8ebfc03d1d/screenshot - {}
RESULT: {}
COMMAND: POST /session/0edec6012a6aa8dfd2543f8ebfc03d1d/element - {"using":"xpath","value":"//table[contains(@id, \"massStateChangeTable-listUl\")]/tbody/tr[1]/td[11]/div/div/div/div[2]/span"}
RESULT: {"using":"xpath","value":"//table[contains(@id, \"massStateChangeTable-listUl\")]/tbody/tr[1]/td[11]/div/div/div/div[2]/span"}
COMMAND: POST /session/0edec6012a6aa8dfd2543f8ebfc03d1d/element/f.9B1EDAABCBD9CDA5B0DA3BD367ED2C8A.d.1F0E3DCF5EEF8BA1C7AF5767FA0A4C35.e.1173/click - {}
RESULT: {}
COMMAND: GET /session/0edec6012a6aa8dfd2543f8ebfc03d1d/screenshot - {}
RESULT: {}
COMMAND: POST /session/0edec6012a6aa8dfd2543f8ebfc03d1d/element - {"using":"xpath","value":"//table[contains(@id, \"massStateChangeTable-listUl\")]/tbody/tr[1]/td[11]/div/div/div/div[2]/span"}
RESULT: {"using":"xpath","value":"//table[contains(@id, \"massStateChangeTable-listUl\")]/tbody/tr[1]/td[11]/div/div/div/div[2]/span"}
COMMAND: POST /session/0edec6012a6aa8dfd2543f8ebfc03d1d/element/f.9B1EDAABCBD9CDA5B0DA3BD367ED2C8A.d.1F0E3DCF5EEF8BA1C7AF5767FA0A4C35.e.1173/click - {}
RESULT: {}
COMMAND: GET /session/0edec6012a6aa8dfd2543f8ebfc03d1d/screenshot - {}
RESULT: {}
COMMAND: POST /session/0edec6012a6aa8dfd2543f8ebfc03d1d/element - {"using":"xpath","value":"//table[contains(@id, \"massStateChangeTable-listUl\")]/tbody/tr[1]/td[11]/div/div/div/div[2]/span"}
RESULT: {"using":"xpath","value":"//table[contains(@id, \"massStateChangeTable-listUl\")]/tbody/tr[1]/td[11]/div/div/div/div[2]/span"}
COMMAND: POST /session/0edec6012a6aa8dfd2543f8ebfc03d1d/element/f.9B1EDAABCBD9CDA5B0DA3BD367ED2C8A.d.1F0E3DCF5EEF8BA1C7AF5767FA0A4C35.e.1173/click - {}
RESULT: {}
COMMAND: GET /session/0edec6012a6aa8dfd2543f8ebfc03d1d/screenshot - {}
RESULT: {}
COMMAND: POST /session/0edec6012a6aa8dfd2543f8ebfc03d1d/element - {"using":"xpath","value":"//table[contains(@id, \"massStateChangeTable-listUl\")]/tbody/tr[1]/td[11]/div/div/div/div[2]/span"}
RESULT: {"using":"xpath","value":"//table[contains(@id, \"massStateChangeTable-listUl\")]/tbody/tr[1]/td[11]/div/div/div/div[2]/span"}
COMMAND: POST /session/0edec6012a6aa8dfd2543f8ebfc03d1d/element/f.9B1EDAABCBD9CDA5B0DA3BD367ED2C8A.d.1F0E3DCF5EEF8BA1C7AF5767FA0A4C35.e.1173/click - {}
RESULT: {}
COMMAND: GET /session/0edec6012a6aa8dfd2543f8ebfc03d1d/screenshot - {}
RESULT: {}
COMMAND: POST /session/0edec6012a6aa8dfd2543f8ebfc03d1d/element - {"using":"xpath","value":"//table[contains(@id, \"massStateChangeTable-listUl\")]/tbody/tr[1]/td[11]/div/div/div/div[2]/span"}
RESULT: {"using":"xpath","value":"//table[contains(@id, \"massStateChangeTable-listUl\")]/tbody/tr[1]/td[11]/div/div/div/div[2]/span"}
COMMAND: POST /session/0edec6012a6aa8dfd2543f8ebfc03d1d/element/f.9B1EDAABCBD9CDA5B0DA3BD367ED2C8A.d.1F0E3DCF5EEF8BA1C7AF5767FA0A4C35.e.1173/click - {}
RESULT: {}
COMMAND: GET /session/0edec6012a6aa8dfd2543f8ebfc03d1d/screenshot - {}
RESULT: {}
COMMAND: POST /session/0edec6012a6aa8dfd2543f8ebfc03d1d/element - {"using":"xpath","value":"//table[contains(@id, \"massStateChangeTable-listUl\")]/tbody/tr[1]/td[11]/div/div/div/div[2]/span"}
RESULT: {"using":"xpath","value":"//table[contains(@id, \"massStateChangeTable-listUl\")]/tbody/tr[1]/td[11]/div/div/div/div[2]/span"}
COMMAND: POST /session/0edec6012a6aa8dfd2543f8ebfc03d1d/element/f.9B1EDAABCBD9CDA5B0DA3BD367ED2C8A.d.1F0E3DCF5EEF8BA1C7AF5767FA0A4C35.e.1173/click - {}
RESULT: {}
COMMAND: GET /session/0edec6012a6aa8dfd2543f8ebfc03d1d/screenshot - {}
RESULT: {}
COMMAND: POST /session/0edec6012a6aa8dfd2543f8ebfc03d1d/element - {"using":"xpath","value":"//table[contains(@id, \"massStateChangeTable-listUl\")]/tbody/tr[1]/td[11]/div/div/div/div[2]/span"}
RESULT: {"using":"xpath","value":"//table[contains(@id, \"massStateChangeTable-listUl\")]/tbody/tr[1]/td[11]/div/div/div/div[2]/span"}
COMMAND: POST /session/0edec6012a6aa8dfd2543f8ebfc03d1d/element/f.9B1EDAABCBD9CDA5B0DA3BD367ED2C8A.d.1F0E3DCF5EEF8BA1C7AF5767FA0A4C35.e.1173/click - {}
RESULT: {}
COMMAND: GET /session/0edec6012a6aa8dfd2543f8ebfc03d1d/screenshot - {}
RESULT: {}
COMMAND: POST /session/0edec6012a6aa8dfd2543f8ebfc03d1d/element - {"using":"xpath","value":"//table[contains(@id, \"massStateChangeTable-listUl\")]/tbody/tr[1]/td[11]/div/div/div/div[2]/span"}
RESULT: {"using":"xpath","value":"//table[contains(@id, \"massStateChangeTable-listUl\")]/tbody/tr[1]/td[11]/div/div/div/div[2]/span"}
COMMAND: POST /session/0edec6012a6aa8dfd2543f8ebfc03d1d/element/f.9B1EDAABCBD9CDA5B0DA3BD367ED2C8A.d.1F0E3DCF5EEF8BA1C7AF5767FA0A4C35.e.1173/click - {}
RESULT: {}
COMMAND: GET /session/0edec6012a6aa8dfd2543f8ebfc03d1d/screenshot - {}
RESULT: {}
COMMAND: POST /session/0edec6012a6aa8dfd2543f8ebfc03d1d/element - {"using":"xpath","value":"//table[contains(@id, \"massStateChangeTable-listUl\")]/tbody/tr[1]/td[11]/div/div/div/div[2]/span"}
RESULT: {"using":"xpath","value":"//table[contains(@id, \"massStateChangeTable-listUl\")]/tbody/tr[1]/td[11]/div/div/div/div[2]/span"}
COMMAND: POST /session/0edec6012a6aa8dfd2543f8ebfc03d1d/element/f.9B1EDAABCBD9CDA5B0DA3BD367ED2C8A.d.1F0E3DCF5EEF8BA1C7AF5767FA0A4C35.e.1173/click - {}
RESULT: {}
COMMAND: GET /session/0edec6012a6aa8dfd2543f8ebfc03d1d/screenshot - {}
RESULT: {}
COMMAND: POST /session/0edec6012a6aa8dfd2543f8ebfc03d1d/element - {"using":"xpath","value":"//table[contains(@id, \"massStateChangeTable-listUl\")]/tbody/tr[1]/td[11]/div/div/div/div[2]/span"}
RESULT: {"using":"xpath","value":"//table[contains(@id, \"massStateChangeTable-listUl\")]/tbody/tr[1]/td[11]/div/div/div/div[2]/span"}
COMMAND: POST /session/0edec6012a6aa8dfd2543f8ebfc03d1d/element/f.9B1EDAABCBD9CDA5B0DA3BD367ED2C8A.d.1F0E3DCF5EEF8BA1C7AF5767FA0A4C35.e.1173/click - {}
RESULT: {}
COMMAND: GET /session/0edec6012a6aa8dfd2543f8ebfc03d1d/screenshot - {}
RESULT: {}
COMMAND: POST /session/0edec6012a6aa8dfd2543f8ebfc03d1d/element - {"using":"xpath","value":"//table[contains(@id, \"massStateChangeTable-listUl\")]/tbody/tr[1]/td[11]/div/div/div/div[2]/span"}
RESULT: {"using":"xpath","value":"//table[contains(@id, \"massStateChangeTable-listUl\")]/tbody/tr[1]/td[11]/div/div/div/div[2]/span"}
COMMAND: POST /session/0edec6012a6aa8dfd2543f8ebfc03d1d/element/f.9B1EDAABCBD9CDA5B0DA3BD367ED2C8A.d.1F0E3DCF5EEF8BA1C7AF5767FA0A4C35.e.1173/click - {}
RESULT: {}
COMMAND: GET /session/0edec6012a6aa8dfd2543f8ebfc03d1d/screenshot - {}
RESULT: {}
COMMAND: POST /session/0edec6012a6aa8dfd2543f8ebfc03d1d/element - {"using":"xpath","value":"//table[contains(@id, \"massStateChangeTable-listUl\")]/tbody/tr[1]/td[11]/div/div/div/div[2]/span"}
RESULT: {"using":"xpath","value":"//table[contains(@id, \"massStateChangeTable-listUl\")]/tbody/tr[1]/td[11]/div/div/div/div[2]/span"}
COMMAND: POST /session/0edec6012a6aa8dfd2543f8ebfc03d1d/element/f.9B1EDAABCBD9CDA5B0DA3BD367ED2C8A.d.1F0E3DCF5EEF8BA1C7AF5767FA0A4C35.e.1173/click - {}
RESULT: {}
COMMAND: GET /session/0edec6012a6aa8dfd2543f8ebfc03d1d/screenshot - {}
RESULT: {}
COMMAND: POST /session/0edec6012a6aa8dfd2543f8ebfc03d1d/element - {"using":"xpath","value":"//table[contains(@id, \"massStateChangeTable-listUl\")]/tbody/tr[1]/td[11]/div/div/div/div[2]/span"}
RESULT: {"using":"xpath","value":"//table[contains(@id, \"massStateChangeTable-listUl\")]/tbody/tr[1]/td[11]/div/div/div/div[2]/span"}
COMMAND: POST /session/0edec6012a6aa8dfd2543f8ebfc03d1d/element/f.9B1EDAABCBD9CDA5B0DA3BD367ED2C8A.d.1F0E3DCF5EEF8BA1C7AF5767FA0A4C35.e.1173/click - {}
RESULT: {}
COMMAND: GET /session/0edec6012a6aa8dfd2543f8ebfc03d1d/screenshot - {}
RESULT: {}
COMMAND: POST /session/0edec6012a6aa8dfd2543f8ebfc03d1d/element - {"using":"xpath","value":"//table[contains(@id, \"massStateChangeTable-listUl\")]/tbody/tr[1]/td[11]/div/div/div/div[2]/span"}
RESULT: {"using":"xpath","value":"//table[contains(@id, \"massStateChangeTable-listUl\")]/tbody/tr[1]/td[11]/div/div/div/div[2]/span"}
COMMAND: POST /session/0edec6012a6aa8dfd2543f8ebfc03d1d/element/f.9B1EDAABCBD9CDA5B0DA3BD367ED2C8A.d.1F0E3DCF5EEF8BA1C7AF5767FA0A4C35.e.1173/click - {}
RESULT: {}
COMMAND: GET /session/0edec6012a6aa8dfd2543f8ebfc03d1d/screenshot - {}
RESULT: {}
COMMAND: POST /session/0edec6012a6aa8dfd2543f8ebfc03d1d/element - {"using":"xpath","value":"//table[contains(@id, \"massStateChangeTable-listUl\")]/tbody/tr[1]/td[11]/div/div/div/div[2]/span"}
RESULT: {"using":"xpath","value":"//table[contains(@id, \"massStateChangeTable-listUl\")]/tbody/tr[1]/td[11]/div/div/div/div[2]/span"}
COMMAND: POST /session/0edec6012a6aa8dfd2543f8ebfc03d1d/element/f.9B1EDAABCBD9CDA5B0DA3BD367ED2C8A.d.1F0E3DCF5EEF8BA1C7AF5767FA0A4C35.e.1173/click - {}
RESULT: {}
COMMAND: GET /session/0edec6012a6aa8dfd2543f8ebfc03d1d/screenshot - {}
RESULT: {}
COMMAND: POST /session/0edec6012a6aa8dfd2543f8ebfc03d1d/element - {"using":"xpath","value":"//table[contains(@id, \"massStateChangeTable-listUl\")]/tbody/tr[1]/td[11]/div/div/div/div[2]/span"}
RESULT: {"using":"xpath","value":"//table[contains(@id, \"massStateChangeTable-listUl\")]/tbody/tr[1]/td[11]/div/div/div/div[2]/span"}
COMMAND: POST /session/0edec6012a6aa8dfd2543f8ebfc03d1d/element/f.9B1EDAABCBD9CDA5B0DA3BD367ED2C8A.d.1F0E3DCF5EEF8BA1C7AF5767FA0A4C35.e.1173/click - {}
RESULT: {}
COMMAND: GET /session/0edec6012a6aa8dfd2543f8ebfc03d1d/screenshot - {}
RESULT: {}
COMMAND: POST /session/0edec6012a6aa8dfd2543f8ebfc03d1d/element - {"using":"xpath","value":"//table[contains(@id, \"massStateChangeTable-listUl\")]/tbody/tr[1]/td[11]/div/div/div/div[2]/span"}
RESULT: {"using":"xpath","value":"//table[contains(@id, \"massStateChangeTable-listUl\")]/tbody/tr[1]/td[11]/div/div/div/div[2]/span"}
COMMAND: POST /session/0edec6012a6aa8dfd2543f8ebfc03d1d/element/f.9B1EDAABCBD9CDA5B0DA3BD367ED2C8A.d.1F0E3DCF5EEF8BA1C7AF5767FA0A4C35.e.1173/click - {}
RESULT: {}
COMMAND: GET /session/0edec6012a6aa8dfd2543f8ebfc03d1d/screenshot - {}
RESULT: {}
COMMAND: POST /session/0edec6012a6aa8dfd2543f8ebfc03d1d/element - {"using":"xpath","value":"//table[contains(@id, \"massStateChangeTable-listUl\")]/tbody/tr[1]/td[11]/div/div/div/div[2]/span"}
RESULT: {"using":"xpath","value":"//table[contains(@id, \"massStateChangeTable-listUl\")]/tbody/tr[1]/td[11]/div/div/div/div[2]/span"}
COMMAND: POST /session/0edec6012a6aa8dfd2543f8ebfc03d1d/element/f.9B1EDAABCBD9CDA5B0DA3BD367ED2C8A.d.1F0E3DCF5EEF8BA1C7AF5767FA0A4C35.e.1173/click - {}
RESULT: {}
COMMAND: GET /session/0edec6012a6aa8dfd2543f8ebfc03d1d/screenshot - {}
RESULT: {}
COMMAND: POST /session/0edec6012a6aa8dfd2543f8ebfc03d1d/element - {"using":"xpath","value":"//table[contains(@id, \"massStateChangeTable-listUl\")]/tbody/tr[1]/td[11]/div/div/div/div[2]/span"}
RESULT: {"using":"xpath","value":"//table[contains(@id, \"massStateChangeTable-listUl\")]/tbody/tr[1]/td[11]/div/div/div/div[2]/span"}
COMMAND: POST /session/0edec6012a6aa8dfd2543f8ebfc03d1d/element/f.9B1EDAABCBD9CDA5B0DA3BD367ED2C8A.d.1F0E3DCF5EEF8BA1C7AF5767FA0A4C35.e.1173/click - {}
RESULT: {}
COMMAND: GET /session/0edec6012a6aa8dfd2543f8ebfc03d1d/screenshot - {}
RESULT: {}
COMMAND: POST /session/0edec6012a6aa8dfd2543f8ebfc03d1d/element - {"using":"xpath","value":"//table[contains(@id, \"massStateChangeTable-listUl\")]/tbody/tr[1]/td[11]/div/div/div/div[2]/span"}
RESULT: {"using":"xpath","value":"//table[contains(@id, \"massStateChangeTable-listUl\")]/tbody/tr[1]/td[11]/div/div/div/div[2]/span"}
COMMAND: POST /session/0edec6012a6aa8dfd2543f8ebfc03d1d/element/f.9B1EDAABCBD9CDA5B0DA3BD367ED2C8A.d.1F0E3DCF5EEF8BA1C7AF5767FA0A4C35.e.1173/click - {}
RESULT: {}
COMMAND: GET /session/0edec6012a6aa8dfd2543f8ebfc03d1d/screenshot - {}
RESULT: {}
COMMAND: POST /session/0edec6012a6aa8dfd2543f8ebfc03d1d/element - {"using":"xpath","value":"//table[contains(@id, \"massStateChangeTable-listUl\")]/tbody/tr[1]/td[11]/div/div/div/div[2]/span"}
RESULT: {"using":"xpath","value":"//table[contains(@id, \"massStateChangeTable-listUl\")]/tbody/tr[1]/td[11]/div/div/div/div[2]/span"}
COMMAND: POST /session/0edec6012a6aa8dfd2543f8ebfc03d1d/element/f.9B1EDAABCBD9CDA5B0DA3BD367ED2C8A.d.1F0E3DCF5EEF8BA1C7AF5767FA0A4C35.e.1173/click - {}
RESULT: {}
COMMAND: GET /session/0edec6012a6aa8dfd2543f8ebfc03d1d/screenshot - {}
RESULT: {}
COMMAND: POST /session/0edec6012a6aa8dfd2543f8ebfc03d1d/element - {"using":"xpath","value":"//table[contains(@id, \"massStateChangeTable-listUl\")]/tbody/tr[2]/td[11]/div/div/div/div[2]/span"}
RESULT: {"using":"xpath","value":"//table[contains(@id, \"massStateChangeTable-listUl\")]/tbody/tr[2]/td[11]/div/div/div/div[2]/span"}
COMMAND: POST /session/0edec6012a6aa8dfd2543f8ebfc03d1d/element/f.9B1EDAABCBD9CDA5B0DA3BD367ED2C8A.d.1F0E3DCF5EEF8BA1C7AF5767FA0A4C35.e.1174/click - {}
RESULT: {}
COMMAND: GET /session/0edec6012a6aa8dfd2543f8ebfc03d1d/screenshot - {}
RESULT: {}
COMMAND: POST /session/0edec6012a6aa8dfd2543f8ebfc03d1d/element - {"using":"xpath","value":"//table[contains(@id, \"massStateChangeTable-listUl\")]/tbody/tr[1]/td[11]/div/div/div/input"}
RESULT: {"using":"xpath","value":"//table[contains(@id, \"massStateChangeTable-listUl\")]/tbody/tr[1]/td[11]/div/div/div/input"}
COMMAND: GET /session/0edec6012a6aa8dfd2543f8ebfc03d1d/element/f.9B1EDAABCBD9CDA5B0DA3BD367ED2C8A.d.1F0E3DCF5EEF8BA1C7AF5767FA0A4C35.e.1153/property/value - {}
RESULT: {}
COMMAND: POST /session/0edec6012a6aa8dfd2543f8ebfc03d1d/element - {"using":"xpath","value":"//table[contains(@id, \"massStateChangeTable-listUl\")]/tbody/tr[2]/td[11]/div/div/div/input"}
COMMAND: GET /session/0edec6012a6aa8dfd2543f8ebfc03d1d/screenshot - {}
RESULT: {"using":"xpath","value":"//table[contains(@id, \"massStateChangeTable-listUl\")]/tbody/tr[2]/td[11]/div/div/div/input"}
COMMAND: GET /session/0edec6012a6aa8dfd2543f8ebfc03d1d/element/f.9B1EDAABCBD9CDA5B0DA3BD367ED2C8A.d.1F0E3DCF5EEF8BA1C7AF5767FA0A4C35.e.1157/property/value - {}
RESULT: {}
RESULT: {}
COMMAND: POST /session/0edec6012a6aa8dfd2543f8ebfc03d1d/element - {"using":"xpath","value":"(//bdi[contains(text(), \"OK\")])[1]"}
COMMAND: GET /session/0edec6012a6aa8dfd2543f8ebfc03d1d/screenshot - {}
RESULT: {"using":"xpath","value":"(//bdi[contains(text(), \"OK\")])[1]"}
COMMAND: POST /session/0edec6012a6aa8dfd2543f8ebfc03d1d/element/f.9B1EDAABCBD9CDA5B0DA3BD367ED2C8A.d.1F0E3DCF5EEF8BA1C7AF5767FA0A4C35.e.1160/click - {}
RESULT: {}
RESULT: {}
COMMAND: GET /session/0edec6012a6aa8dfd2543f8ebfc03d1d/screenshot - {}
RESULT: {}
COMMAND: POST /session/0edec6012a6aa8dfd2543f8ebfc03d1d/element - {"using":"xpath","value":"(//bdi[contains(text(), \"OK\")])[2]"}
RESULT: {"using":"xpath","value":"(//bdi[contains(text(), \"OK\")])[2]"}
COMMAND: POST /session/0edec6012a6aa8dfd2543f8ebfc03d1d/element/f.9B1EDAABCBD9CDA5B0DA3BD367ED2C8A.d.1F0E3DCF5EEF8BA1C7AF5767FA0A4C35.e.1177/click - {}
RESULT: {}
COMMAND: GET /session/0edec6012a6aa8dfd2543f8ebfc03d1d/screenshot - {}
RESULT: {}
RESULT: undefined
COMMAND: POST /session/0edec6012a6aa8dfd2543f8ebfc03d1d/execute/async - {"script":"<script> [776 bytes]","args":[{"enterText":"600002","selector":{"id":"application-ruinventorylist-display-component---Master--smartFilterBar-btnBasicSearch","interaction":{"idSuffix":"I"}},"clearTextFirst":true,"interactionType":"ENTER_TEXT"}]}
RESULT: {"script":"<script> [776 bytes]","args":[{"enterText":"600002","selector":{"id":"application-ruinventorylist-display-component---Master--smartFilterBar-btnBasicSearch","interaction":{"idSuffix":"I"}},"clearTextFirst":true,"interactionType":"ENTER_TEXT"}]}
COMMAND: POST /session/0edec6012a6aa8dfd2543f8ebfc03d1d/actions - {"actions":[{"id":"action5","type":"key","parameters":{},"actions":[{"type":"keyDown","value":""},{"type":"pause","duration":10},{"type":"keyUp","value":""}]}]}
RESULT: {"actions":[{"id":"action5","type":"key","parameters":{},"actions":[{"type":"keyDown","value":""},{"type":"pause","duration":10},{"type":"keyUp","value":""}]}]}
COMMAND: GET /session/0edec6012a6aa8dfd2543f8ebfc03d1d/screenshot - {}
RESULT: {}
COMMAND: POST /session/0edec6012a6aa8dfd2543f8ebfc03d1d/element - {"using":"xpath","value":"//span[@id=\"application-ruinventorylist-display-component---Master--smartTableRuInventoryList-header-inner\"]"}
RESULT: {"using":"xpath","value":"//span[@id=\"application-ruinventorylist-display-component---Master--smartTableRuInventoryList-header-inner\"]"}
COMMAND: POST /session/0edec6012a6aa8dfd2543f8ebfc03d1d/elements - {"using":"xpath","value":"//span[@id=\"application-ruinventorylist-display-component---Master--smartTableRuInventoryList-header-inner\"]"}
RESULT: {"using":"xpath","value":"//span[@id=\"application-ruinventorylist-display-component---Master--smartTableRuInventoryList-header-inner\"]"}
COMMAND: POST /session/0edec6012a6aa8dfd2543f8ebfc03d1d/execute/sync - {"script":"<script> [56 bytes]","args":[{"element-6066-11e4-a52e-4f735466cecf":"f.9B1EDAABCBD9CDA5B0DA3BD367ED2C8A.d.1F0E3DCF5EEF8BA1C7AF5767FA0A4C35.e.863","ELEMENT":"f.9B1EDAABCBD9CDA5B0DA3BD367ED2C8A.d.1F0E3DCF5EEF8BA1C7AF5767FA0A4C35.e.863"}]}
RESULT: {"script":"<script> [56 bytes]","args":[{"element-6066-11e4-a52e-4f735466cecf":"f.9B1EDAABCBD9CDA5B0DA3BD367ED2C8A.d.1F0E3DCF5EEF8BA1C7AF5767FA0A4C35.e.863","ELEMENT":"f.9B1EDAABCBD9CDA5B0DA3BD367ED2C8A.d.1F0E3DCF5EEF8BA1C7AF5767FA0A4C35.e.863"}]}
COMMAND: POST /session/0edec6012a6aa8dfd2543f8ebfc03d1d/element - {"using":"xpath","value":"//table[contains(@id, \"application-ruinventorylist-display-component---Master--tableRuInventoryList-listUl\")]/tbody/tr[1]/td[6]/div/span"}
COMMAND: GET /session/0edec6012a6aa8dfd2543f8ebfc03d1d/screenshot - {}
RESULT: {"using":"xpath","value":"//table[contains(@id, \"application-ruinventorylist-display-component---Master--tableRuInventoryList-listUl\")]/tbody/tr[1]/td[6]/div/span"}
COMMAND: POST /session/0edec6012a6aa8dfd2543f8ebfc03d1d/execute/sync - {"script":"<script> [56 bytes]","args":[{"element-6066-11e4-a52e-4f735466cecf":"f.9B1EDAABCBD9CDA5B0DA3BD367ED2C8A.d.1F0E3DCF5EEF8BA1C7AF5767FA0A4C35.e.1197","ELEMENT":"f.9B1EDAABCBD9CDA5B0DA3BD367ED2C8A.d.1F0E3DCF5EEF8BA1C7AF5767FA0A4C35.e.1197"}]}
RESULT: {}
RESULT: {"script":"<script> [56 bytes]","args":[{"element-6066-11e4-a52e-4f735466cecf":"f.9B1EDAABCBD9CDA5B0DA3BD367ED2C8A.d.1F0E3DCF5EEF8BA1C7AF5767FA0A4C35.e.1197","ELEMENT":"f.9B1EDAABCBD9CDA5B0DA3BD367ED2C8A.d.1F0E3DCF5EEF8BA1C7AF5767FA0A4C35.e.1197"}]}
COMMAND: POST /session/0edec6012a6aa8dfd2543f8ebfc03d1d/element - {"using":"xpath","value":"//div[contains(@id, \"smartFilterBar-btnBasicSearch-reset\")]"}
COMMAND: GET /session/0edec6012a6aa8dfd2543f8ebfc03d1d/screenshot - {}
RESULT: {"using":"xpath","value":"//div[contains(@id, \"smartFilterBar-btnBasicSearch-reset\")]"}
COMMAND: POST /session/0edec6012a6aa8dfd2543f8ebfc03d1d/element/f.9B1EDAABCBD9CDA5B0DA3BD367ED2C8A.d.1F0E3DCF5EEF8BA1C7AF5767FA0A4C35.e.881/click - {}
RESULT: {}
RESULT: {}
COMMAND: GET /session/0edec6012a6aa8dfd2543f8ebfc03d1d/screenshot - {}
RESULT: {}
RESULT: undefined
COMMAND: POST /session/0edec6012a6aa8dfd2543f8ebfc03d1d/execute/async - {"script":"<script> [776 bytes]","args":[{"enterText":"401002","selector":{"id":"application-ruinventorylist-display-component---Master--smartFilterBar-btnBasicSearch","interaction":{"idSuffix":"I"}},"clearTextFirst":true,"interactionType":"ENTER_TEXT"}]}
RESULT: {"script":"<script> [776 bytes]","args":[{"enterText":"401002","selector":{"id":"application-ruinventorylist-display-component---Master--smartFilterBar-btnBasicSearch","interaction":{"idSuffix":"I"}},"clearTextFirst":true,"interactionType":"ENTER_TEXT"}]}
COMMAND: POST /session/0edec6012a6aa8dfd2543f8ebfc03d1d/actions - {"actions":[{"id":"action6","type":"key","parameters":{},"actions":[{"type":"keyDown","value":""},{"type":"pause","duration":10},{"type":"keyUp","value":""}]}]}
RESULT: {"actions":[{"id":"action6","type":"key","parameters":{},"actions":[{"type":"keyDown","value":""},{"type":"pause","duration":10},{"type":"keyUp","value":""}]}]}
COMMAND: GET /session/0edec6012a6aa8dfd2543f8ebfc03d1d/screenshot - {}
RESULT: {}
COMMAND: POST /session/0edec6012a6aa8dfd2543f8ebfc03d1d/element - {"using":"xpath","value":"//span[@id=\"application-ruinventorylist-display-component---Master--smartTableRuInventoryList-header-inner\"]"}
RESULT: {"using":"xpath","value":"//span[@id=\"application-ruinventorylist-display-component---Master--smartTableRuInventoryList-header-inner\"]"}
COMMAND: POST /session/0edec6012a6aa8dfd2543f8ebfc03d1d/elements - {"using":"xpath","value":"//span[@id=\"application-ruinventorylist-display-component---Master--smartTableRuInventoryList-header-inner\"]"}
RESULT: {"using":"xpath","value":"//span[@id=\"application-ruinventorylist-display-component---Master--smartTableRuInventoryList-header-inner\"]"}
COMMAND: POST /session/0edec6012a6aa8dfd2543f8ebfc03d1d/execute/sync - {"script":"<script> [56 bytes]","args":[{"element-6066-11e4-a52e-4f735466cecf":"f.9B1EDAABCBD9CDA5B0DA3BD367ED2C8A.d.1F0E3DCF5EEF8BA1C7AF5767FA0A4C35.e.863","ELEMENT":"f.9B1EDAABCBD9CDA5B0DA3BD367ED2C8A.d.1F0E3DCF5EEF8BA1C7AF5767FA0A4C35.e.863"}]}
RESULT: {"script":"<script> [56 bytes]","args":[{"element-6066-11e4-a52e-4f735466cecf":"f.9B1EDAABCBD9CDA5B0DA3BD367ED2C8A.d.1F0E3DCF5EEF8BA1C7AF5767FA0A4C35.e.863","ELEMENT":"f.9B1EDAABCBD9CDA5B0DA3BD367ED2C8A.d.1F0E3DCF5EEF8BA1C7AF5767FA0A4C35.e.863"}]}
COMMAND: POST /session/0edec6012a6aa8dfd2543f8ebfc03d1d/element - {"using":"xpath","value":"//table[contains(@id, \"application-ruinventorylist-display-component---Master--tableRuInventoryList-listUl\")]/tbody/tr[1]/td[6]/div/span"}
COMMAND: GET /session/0edec6012a6aa8dfd2543f8ebfc03d1d/screenshot - {}
RESULT: {"using":"xpath","value":"//table[contains(@id, \"application-ruinventorylist-display-component---Master--tableRuInventoryList-listUl\")]/tbody/tr[1]/td[6]/div/span"}
COMMAND: POST /session/0edec6012a6aa8dfd2543f8ebfc03d1d/execute/sync - {"script":"<script> [56 bytes]","args":[{"element-6066-11e4-a52e-4f735466cecf":"f.9B1EDAABCBD9CDA5B0DA3BD367ED2C8A.d.1F0E3DCF5EEF8BA1C7AF5767FA0A4C35.e.1273","ELEMENT":"f.9B1EDAABCBD9CDA5B0DA3BD367ED2C8A.d.1F0E3DCF5EEF8BA1C7AF5767FA0A4C35.e.1273"}]}
RESULT: {}
RESULT: {"script":"<script> [56 bytes]","args":[{"element-6066-11e4-a52e-4f735466cecf":"f.9B1EDAABCBD9CDA5B0DA3BD367ED2C8A.d.1F0E3DCF5EEF8BA1C7AF5767FA0A4C35.e.1273","ELEMENT":"f.9B1EDAABCBD9CDA5B0DA3BD367ED2C8A.d.1F0E3DCF5EEF8BA1C7AF5767FA0A4C35.e.1273"}]}
COMMAND: POST /session/0edec6012a6aa8dfd2543f8ebfc03d1d/element - {"using":"xpath","value":"//div[contains(@id, \"smartFilterBar-btnBasicSearch-reset\")]"}
COMMAND: GET /session/0edec6012a6aa8dfd2543f8ebfc03d1d/screenshot - {}
RESULT: {"using":"xpath","value":"//div[contains(@id, \"smartFilterBar-btnBasicSearch-reset\")]"}
COMMAND: POST /session/0edec6012a6aa8dfd2543f8ebfc03d1d/element/f.9B1EDAABCBD9CDA5B0DA3BD367ED2C8A.d.1F0E3DCF5EEF8BA1C7AF5767FA0A4C35.e.881/click - {}
RESULT: {}
RESULT: {}
COMMAND: GET /session/0edec6012a6aa8dfd2543f8ebfc03d1d/screenshot - {}
RESULT: {}
COMMAND: POST /session/0edec6012a6aa8dfd2543f8ebfc03d1d/element/f.9B1EDAABCBD9CDA5B0DA3BD367ED2C8A.d.1F0E3DCF5EEF8BA1C7AF5767FA0A4C35.e.297/click - {}
RESULT: {}
COMMAND: GET /session/0edec6012a6aa8dfd2543f8ebfc03d1d/screenshot - {}
RESULT: {}
RESULT: undefined
COMMAND: POST /session/0edec6012a6aa8dfd2543f8ebfc03d1d/execute/async - {"script":"<script> [776 bytes]","args":[{"enterText":"600002","selector":{"id":"application-ruinventorylist-display-component---Master--smartFilterBar-btnBasicSearch","interaction":{"idSuffix":"I"}},"clearTextFirst":true,"interactionType":"ENTER_TEXT"}]}
RESULT: {"script":"<script> [776 bytes]","args":[{"enterText":"600002","selector":{"id":"application-ruinventorylist-display-component---Master--smartFilterBar-btnBasicSearch","interaction":{"idSuffix":"I"}},"clearTextFirst":true,"interactionType":"ENTER_TEXT"}]}
COMMAND: POST /session/0edec6012a6aa8dfd2543f8ebfc03d1d/actions - {"actions":[{"id":"action7","type":"key","parameters":{},"actions":[{"type":"keyDown","value":""},{"type":"pause","duration":10},{"type":"keyUp","value":""}]}]}
RESULT: {"actions":[{"id":"action7","type":"key","parameters":{},"actions":[{"type":"keyDown","value":""},{"type":"pause","duration":10},{"type":"keyUp","value":""}]}]}
COMMAND: GET /session/0edec6012a6aa8dfd2543f8ebfc03d1d/screenshot - {}
RESULT: {}
COMMAND: POST /session/0edec6012a6aa8dfd2543f8ebfc03d1d/element - {"using":"xpath","value":"//span[@id=\"application-ruinventorylist-display-component---Master--smartTableRuInventoryList-header-inner\"]"}
RESULT: {"using":"xpath","value":"//span[@id=\"application-ruinventorylist-display-component---Master--smartTableRuInventoryList-header-inner\"]"}
COMMAND: POST /session/0edec6012a6aa8dfd2543f8ebfc03d1d/elements - {"using":"xpath","value":"//span[@id=\"application-ruinventorylist-display-component---Master--smartTableRuInventoryList-header-inner\"]"}
RESULT: {"using":"xpath","value":"//span[@id=\"application-ruinventorylist-display-component---Master--smartTableRuInventoryList-header-inner\"]"}
COMMAND: POST /session/0edec6012a6aa8dfd2543f8ebfc03d1d/execute/sync - {"script":"<script> [56 bytes]","args":[{"element-6066-11e4-a52e-4f735466cecf":"f.9B1EDAABCBD9CDA5B0DA3BD367ED2C8A.d.1F0E3DCF5EEF8BA1C7AF5767FA0A4C35.e.863","ELEMENT":"f.9B1EDAABCBD9CDA5B0DA3BD367ED2C8A.d.1F0E3DCF5EEF8BA1C7AF5767FA0A4C35.e.863"}]}
RESULT: {"script":"<script> [56 bytes]","args":[{"element-6066-11e4-a52e-4f735466cecf":"f.9B1EDAABCBD9CDA5B0DA3BD367ED2C8A.d.1F0E3DCF5EEF8BA1C7AF5767FA0A4C35.e.863","ELEMENT":"f.9B1EDAABCBD9CDA5B0DA3BD367ED2C8A.d.1F0E3DCF5EEF8BA1C7AF5767FA0A4C35.e.863"}]}
COMMAND: POST /session/0edec6012a6aa8dfd2543f8ebfc03d1d/element - {"using":"xpath","value":"//table[contains(@id, \"application-ruinventorylist-display-component---Master--tableRuInventoryList-listUl\")]/tbody/tr[1]/td[2]/div/div"}
COMMAND: GET /session/0edec6012a6aa8dfd2543f8ebfc03d1d/screenshot - {}
RESULT: {"using":"xpath","value":"//table[contains(@id, \"application-ruinventorylist-display-component---Master--tableRuInventoryList-listUl\")]/tbody/tr[1]/td[2]/div/div"}
COMMAND: POST /session/0edec6012a6aa8dfd2543f8ebfc03d1d/element/f.9B1EDAABCBD9CDA5B0DA3BD367ED2C8A.d.1F0E3DCF5EEF8BA1C7AF5767FA0A4C35.e.1513/click - {}
RESULT: {}
RESULT: {}
COMMAND: GET /session/0edec6012a6aa8dfd2543f8ebfc03d1d/screenshot - {}
RESULT: {}
COMMAND: POST /session/0edec6012a6aa8dfd2543f8ebfc03d1d/element - {"using":"xpath","value":"//div[contains(@id, \"smartFilterBar-btnBasicSearch-reset\")]"}
RESULT: {"using":"xpath","value":"//div[contains(@id, \"smartFilterBar-btnBasicSearch-reset\")]"}
COMMAND: POST /session/0edec6012a6aa8dfd2543f8ebfc03d1d/element/f.9B1EDAABCBD9CDA5B0DA3BD367ED2C8A.d.1F0E3DCF5EEF8BA1C7AF5767FA0A4C35.e.881/click - {}
RESULT: {}
COMMAND: GET /session/0edec6012a6aa8dfd2543f8ebfc03d1d/screenshot - {}
RESULT: {}
RESULT: undefined
COMMAND: POST /session/0edec6012a6aa8dfd2543f8ebfc03d1d/execute/async - {"script":"<script> [776 bytes]","args":[{"enterText":"401002","selector":{"id":"application-ruinventorylist-display-component---Master--smartFilterBar-btnBasicSearch","interaction":{"idSuffix":"I"}},"clearTextFirst":true,"interactionType":"ENTER_TEXT"}]}
RESULT: {"script":"<script> [776 bytes]","args":[{"enterText":"401002","selector":{"id":"application-ruinventorylist-display-component---Master--smartFilterBar-btnBasicSearch","interaction":{"idSuffix":"I"}},"clearTextFirst":true,"interactionType":"ENTER_TEXT"}]}
COMMAND: POST /session/0edec6012a6aa8dfd2543f8ebfc03d1d/actions - {"actions":[{"id":"action8","type":"key","parameters":{},"actions":[{"type":"keyDown","value":""},{"type":"pause","duration":10},{"type":"keyUp","value":""}]}]}
RESULT: {"actions":[{"id":"action8","type":"key","parameters":{},"actions":[{"type":"keyDown","value":""},{"type":"pause","duration":10},{"type":"keyUp","value":""}]}]}
COMMAND: GET /session/0edec6012a6aa8dfd2543f8ebfc03d1d/screenshot - {}
RESULT: {}
COMMAND: POST /session/0edec6012a6aa8dfd2543f8ebfc03d1d/element - {"using":"xpath","value":"//span[@id=\"application-ruinventorylist-display-component---Master--smartTableRuInventoryList-header-inner\"]"}
RESULT: {"using":"xpath","value":"//span[@id=\"application-ruinventorylist-display-component---Master--smartTableRuInventoryList-header-inner\"]"}
COMMAND: POST /session/0edec6012a6aa8dfd2543f8ebfc03d1d/elements - {"using":"xpath","value":"//span[@id=\"application-ruinventorylist-display-component---Master--smartTableRuInventoryList-header-inner\"]"}
RESULT: {"using":"xpath","value":"//span[@id=\"application-ruinventorylist-display-component---Master--smartTableRuInventoryList-header-inner\"]"}
COMMAND: POST /session/0edec6012a6aa8dfd2543f8ebfc03d1d/execute/sync - {"script":"<script> [56 bytes]","args":[{"element-6066-11e4-a52e-4f735466cecf":"f.9B1EDAABCBD9CDA5B0DA3BD367ED2C8A.d.1F0E3DCF5EEF8BA1C7AF5767FA0A4C35.e.863","ELEMENT":"f.9B1EDAABCBD9CDA5B0DA3BD367ED2C8A.d.1F0E3DCF5EEF8BA1C7AF5767FA0A4C35.e.863"}]}
RESULT: {"script":"<script> [56 bytes]","args":[{"element-6066-11e4-a52e-4f735466cecf":"f.9B1EDAABCBD9CDA5B0DA3BD367ED2C8A.d.1F0E3DCF5EEF8BA1C7AF5767FA0A4C35.e.863","ELEMENT":"f.9B1EDAABCBD9CDA5B0DA3BD367ED2C8A.d.1F0E3DCF5EEF8BA1C7AF5767FA0A4C35.e.863"}]}
COMMAND: POST /session/0edec6012a6aa8dfd2543f8ebfc03d1d/element - {"using":"xpath","value":"//table[contains(@id, \"application-ruinventorylist-display-component---Master--tableRuInventoryList-listUl\")]/tbody/tr[1]/td[2]/div/div"}
COMMAND: GET /session/0edec6012a6aa8dfd2543f8ebfc03d1d/screenshot - {}
RESULT: {"using":"xpath","value":"//table[contains(@id, \"application-ruinventorylist-display-component---Master--tableRuInventoryList-listUl\")]/tbody/tr[1]/td[2]/div/div"}
COMMAND: POST /session/0edec6012a6aa8dfd2543f8ebfc03d1d/element/f.9B1EDAABCBD9CDA5B0DA3BD367ED2C8A.d.1F0E3DCF5EEF8BA1C7AF5767FA0A4C35.e.1649/click - {}
RESULT: {}
RESULT: {}
COMMAND: GET /session/0edec6012a6aa8dfd2543f8ebfc03d1d/screenshot - {}
RESULT: {}
COMMAND: POST /session/0edec6012a6aa8dfd2543f8ebfc03d1d/element - {"using":"xpath","value":"//div[contains(@id, \"smartFilterBar-btnBasicSearch-reset\")]"}
RESULT: {"using":"xpath","value":"//div[contains(@id, \"smartFilterBar-btnBasicSearch-reset\")]"}
COMMAND: POST /session/0edec6012a6aa8dfd2543f8ebfc03d1d/element/f.9B1EDAABCBD9CDA5B0DA3BD367ED2C8A.d.1F0E3DCF5EEF8BA1C7AF5767FA0A4C35.e.881/click - {}
RESULT: {}
COMMAND: GET /session/0edec6012a6aa8dfd2543f8ebfc03d1d/screenshot - {}
RESULT: {}
COMMAND: POST /session/0edec6012a6aa8dfd2543f8ebfc03d1d/element/f.9B1EDAABCBD9CDA5B0DA3BD367ED2C8A.d.1F0E3DCF5EEF8BA1C7AF5767FA0A4C35.e.297/click - {}
RESULT: {}
COMMAND: GET /session/0edec6012a6aa8dfd2543f8ebfc03d1d/screenshot - {}
RESULT: {}
RESULT: undefined
COMMAND: POST /session/0edec6012a6aa8dfd2543f8ebfc03d1d/element - {"using":"xpath","value":"//*[@id=\"application-ruinventorylist-display-component---Master--ruStateTypes-arrow\"]"}
RESULT: {"using":"xpath","value":"//*[@id=\"application-ruinventorylist-display-component---Master--ruStateTypes-arrow\"]"}
COMMAND: POST /session/0edec6012a6aa8dfd2543f8ebfc03d1d/element/f.9B1EDAABCBD9CDA5B0DA3BD367ED2C8A.d.1F0E3DCF5EEF8BA1C7AF5767FA0A4C35.e.1794/click - {}
RESULT: {}
COMMAND: GET /session/0edec6012a6aa8dfd2543f8ebfc03d1d/screenshot - {}
RESULT: {}
COMMAND: POST /session/0edec6012a6aa8dfd2543f8ebfc03d1d/element - {"using":"xpath","value":"//li[.//span[text()=\"available\"]]"}
RESULT: {"using":"xpath","value":"//li[.//span[text()=\"available\"]]"}
COMMAND: POST /session/0edec6012a6aa8dfd2543f8ebfc03d1d/element/f.9B1EDAABCBD9CDA5B0DA3BD367ED2C8A.d.1F0E3DCF5EEF8BA1C7AF5767FA0A4C35.e.1795/click - {}
RESULT: {}
COMMAND: GET /session/0edec6012a6aa8dfd2543f8ebfc03d1d/screenshot - {}
RESULT: {}
COMMAND: POST /session/0edec6012a6aa8dfd2543f8ebfc03d1d/element - {"using":"xpath","value":"(//bdi[contains(text(), \"OK\")])[1]"}
RESULT: {"using":"xpath","value":"(//bdi[contains(text(), \"OK\")])[1]"}
COMMAND: POST /session/0edec6012a6aa8dfd2543f8ebfc03d1d/element/f.9B1EDAABCBD9CDA5B0DA3BD367ED2C8A.d.1F0E3DCF5EEF8BA1C7AF5767FA0A4C35.e.1796/click - {}
RESULT: {}
COMMAND: GET /session/0edec6012a6aa8dfd2543f8ebfc03d1d/screenshot - {}
RESULT: {}
COMMAND: POST /session/0edec6012a6aa8dfd2543f8ebfc03d1d/element - {"using":"xpath","value":"(//bdi[contains(text(), \"OK\")])[2]"}
RESULT: {"using":"xpath","value":"(//bdi[contains(text(), \"OK\")])[2]"}
COMMAND: POST /session/0edec6012a6aa8dfd2543f8ebfc03d1d/element/f.9B1EDAABCBD9CDA5B0DA3BD367ED2C8A.d.1F0E3DCF5EEF8BA1C7AF5767FA0A4C35.e.1801/click - {}
RESULT: {}
COMMAND: GET /session/0edec6012a6aa8dfd2543f8ebfc03d1d/screenshot - {}
RESULT: {}
RESULT: undefined
COMMAND: POST /session/0edec6012a6aa8dfd2543f8ebfc03d1d/execute/async - {"script":"<script> [776 bytes]","args":[{"enterText":"600002","selector":{"id":"application-ruinventorylist-display-component---Master--smartFilterBar-btnBasicSearch","interaction":{"idSuffix":"I"}},"clearTextFirst":true,"interactionType":"ENTER_TEXT"}]}
RESULT: {"script":"<script> [776 bytes]","args":[{"enterText":"600002","selector":{"id":"application-ruinventorylist-display-component---Master--smartFilterBar-btnBasicSearch","interaction":{"idSuffix":"I"}},"clearTextFirst":true,"interactionType":"ENTER_TEXT"}]}
COMMAND: POST /session/0edec6012a6aa8dfd2543f8ebfc03d1d/actions - {"actions":[{"id":"action9","type":"key","parameters":{},"actions":[{"type":"keyDown","value":""},{"type":"pause","duration":10},{"type":"keyUp","value":""}]}]}
RESULT: {"actions":[{"id":"action9","type":"key","parameters":{},"actions":[{"type":"keyDown","value":""},{"type":"pause","duration":10},{"type":"keyUp","value":""}]}]}
COMMAND: GET /session/0edec6012a6aa8dfd2543f8ebfc03d1d/screenshot - {}
RESULT: {}
COMMAND: POST /session/0edec6012a6aa8dfd2543f8ebfc03d1d/element - {"using":"xpath","value":"//span[@id=\"application-ruinventorylist-display-component---Master--smartTableRuInventoryList-header-inner\"]"}
RESULT: {"using":"xpath","value":"//span[@id=\"application-ruinventorylist-display-component---Master--smartTableRuInventoryList-header-inner\"]"}
COMMAND: POST /session/0edec6012a6aa8dfd2543f8ebfc03d1d/elements - {"using":"xpath","value":"//span[@id=\"application-ruinventorylist-display-component---Master--smartTableRuInventoryList-header-inner\"]"}
RESULT: {"using":"xpath","value":"//span[@id=\"application-ruinventorylist-display-component---Master--smartTableRuInventoryList-header-inner\"]"}
COMMAND: POST /session/0edec6012a6aa8dfd2543f8ebfc03d1d/execute/sync - {"script":"<script> [56 bytes]","args":[{"element-6066-11e4-a52e-4f735466cecf":"f.9B1EDAABCBD9CDA5B0DA3BD367ED2C8A.d.1F0E3DCF5EEF8BA1C7AF5767FA0A4C35.e.863","ELEMENT":"f.9B1EDAABCBD9CDA5B0DA3BD367ED2C8A.d.1F0E3DCF5EEF8BA1C7AF5767FA0A4C35.e.863"}]}
RESULT: {"script":"<script> [56 bytes]","args":[{"element-6066-11e4-a52e-4f735466cecf":"f.9B1EDAABCBD9CDA5B0DA3BD367ED2C8A.d.1F0E3DCF5EEF8BA1C7AF5767FA0A4C35.e.863","ELEMENT":"f.9B1EDAABCBD9CDA5B0DA3BD367ED2C8A.d.1F0E3DCF5EEF8BA1C7AF5767FA0A4C35.e.863"}]}
COMMAND: POST /session/0edec6012a6aa8dfd2543f8ebfc03d1d/element - {"using":"xpath","value":"//table[contains(@id, \"application-ruinventorylist-display-component---Master--tableRuInventoryList-listUl\")]/tbody/tr[1]/td[6]/div/span"}
COMMAND: GET /session/0edec6012a6aa8dfd2543f8ebfc03d1d/screenshot - {}
RESULT: {"using":"xpath","value":"//table[contains(@id, \"application-ruinventorylist-display-component---Master--tableRuInventoryList-listUl\")]/tbody/tr[1]/td[6]/div/span"}
COMMAND: POST /session/0edec6012a6aa8dfd2543f8ebfc03d1d/execute/sync - {"script":"<script> [56 bytes]","args":[{"element-6066-11e4-a52e-4f735466cecf":"f.9B1EDAABCBD9CDA5B0DA3BD367ED2C8A.d.1F0E3DCF5EEF8BA1C7AF5767FA0A4C35.e.1823","ELEMENT":"f.9B1EDAABCBD9CDA5B0DA3BD367ED2C8A.d.1F0E3DCF5EEF8BA1C7AF5767FA0A4C35.e.1823"}]}
RESULT: {}
RESULT: {"script":"<script> [56 bytes]","args":[{"element-6066-11e4-a52e-4f735466cecf":"f.9B1EDAABCBD9CDA5B0DA3BD367ED2C8A.d.1F0E3DCF5EEF8BA1C7AF5767FA0A4C35.e.1823","ELEMENT":"f.9B1EDAABCBD9CDA5B0DA3BD367ED2C8A.d.1F0E3DCF5EEF8BA1C7AF5767FA0A4C35.e.1823"}]}
COMMAND: POST /session/0edec6012a6aa8dfd2543f8ebfc03d1d/element - {"using":"xpath","value":"//div[contains(@id, \"smartFilterBar-btnBasicSearch-reset\")]"}
COMMAND: GET /session/0edec6012a6aa8dfd2543f8ebfc03d1d/screenshot - {}
RESULT: {"using":"xpath","value":"//div[contains(@id, \"smartFilterBar-btnBasicSearch-reset\")]"}
COMMAND: POST /session/0edec6012a6aa8dfd2543f8ebfc03d1d/element/f.9B1EDAABCBD9CDA5B0DA3BD367ED2C8A.d.1F0E3DCF5EEF8BA1C7AF5767FA0A4C35.e.881/click - {}
RESULT: {}
RESULT: {}
COMMAND: GET /session/0edec6012a6aa8dfd2543f8ebfc03d1d/screenshot - {}
RESULT: {}
RESULT: undefined
COMMAND: POST /session/0edec6012a6aa8dfd2543f8ebfc03d1d/execute/async - {"script":"<script> [776 bytes]","args":[{"enterText":"401002","selector":{"id":"application-ruinventorylist-display-component---Master--smartFilterBar-btnBasicSearch","interaction":{"idSuffix":"I"}},"clearTextFirst":true,"interactionType":"ENTER_TEXT"}]}
RESULT: {"script":"<script> [776 bytes]","args":[{"enterText":"401002","selector":{"id":"application-ruinventorylist-display-component---Master--smartFilterBar-btnBasicSearch","interaction":{"idSuffix":"I"}},"clearTextFirst":true,"interactionType":"ENTER_TEXT"}]}
COMMAND: POST /session/0edec6012a6aa8dfd2543f8ebfc03d1d/actions - {"actions":[{"id":"action10","type":"key","parameters":{},"actions":[{"type":"keyDown","value":""},{"type":"pause","duration":10},{"type":"keyUp","value":""}]}]}
RESULT: {"actions":[{"id":"action10","type":"key","parameters":{},"actions":[{"type":"keyDown","value":""},{"type":"pause","duration":10},{"type":"keyUp","value":""}]}]}
COMMAND: GET /session/0edec6012a6aa8dfd2543f8ebfc03d1d/screenshot - {}
RESULT: {}
COMMAND: POST /session/0edec6012a6aa8dfd2543f8ebfc03d1d/element - {"using":"xpath","value":"//span[@id=\"application-ruinventorylist-display-component---Master--smartTableRuInventoryList-header-inner\"]"}
RESULT: {"using":"xpath","value":"//span[@id=\"application-ruinventorylist-display-component---Master--smartTableRuInventoryList-header-inner\"]"}
COMMAND: POST /session/0edec6012a6aa8dfd2543f8ebfc03d1d/elements - {"using":"xpath","value":"//span[@id=\"application-ruinventorylist-display-component---Master--smartTableRuInventoryList-header-inner\"]"}
RESULT: {"using":"xpath","value":"//span[@id=\"application-ruinventorylist-display-component---Master--smartTableRuInventoryList-header-inner\"]"}
COMMAND: POST /session/0edec6012a6aa8dfd2543f8ebfc03d1d/execute/sync - {"script":"<script> [56 bytes]","args":[{"element-6066-11e4-a52e-4f735466cecf":"f.9B1EDAABCBD9CDA5B0DA3BD367ED2C8A.d.1F0E3DCF5EEF8BA1C7AF5767FA0A4C35.e.863","ELEMENT":"f.9B1EDAABCBD9CDA5B0DA3BD367ED2C8A.d.1F0E3DCF5EEF8BA1C7AF5767FA0A4C35.e.863"}]}
RESULT: {"script":"<script> [56 bytes]","args":[{"element-6066-11e4-a52e-4f735466cecf":"f.9B1EDAABCBD9CDA5B0DA3BD367ED2C8A.d.1F0E3DCF5EEF8BA1C7AF5767FA0A4C35.e.863","ELEMENT":"f.9B1EDAABCBD9CDA5B0DA3BD367ED2C8A.d.1F0E3DCF5EEF8BA1C7AF5767FA0A4C35.e.863"}]}
COMMAND: POST /session/0edec6012a6aa8dfd2543f8ebfc03d1d/element - {"using":"xpath","value":"//table[contains(@id, \"application-ruinventorylist-display-component---Master--tableRuInventoryList-listUl\")]/tbody/tr[1]/td[6]/div/span"}
COMMAND: GET /session/0edec6012a6aa8dfd2543f8ebfc03d1d/screenshot - {}
RESULT: {"using":"xpath","value":"//table[contains(@id, \"application-ruinventorylist-display-component---Master--tableRuInventoryList-listUl\")]/tbody/tr[1]/td[6]/div/span"}
COMMAND: POST /session/0edec6012a6aa8dfd2543f8ebfc03d1d/execute/sync - {"script":"<script> [56 bytes]","args":[{"element-6066-11e4-a52e-4f735466cecf":"f.9B1EDAABCBD9CDA5B0DA3BD367ED2C8A.d.1F0E3DCF5EEF8BA1C7AF5767FA0A4C35.e.1900","ELEMENT":"f.9B1EDAABCBD9CDA5B0DA3BD367ED2C8A.d.1F0E3DCF5EEF8BA1C7AF5767FA0A4C35.e.1900"}]}
RESULT: {}
RESULT: {"script":"<script> [56 bytes]","args":[{"element-6066-11e4-a52e-4f735466cecf":"f.9B1EDAABCBD9CDA5B0DA3BD367ED2C8A.d.1F0E3DCF5EEF8BA1C7AF5767FA0A4C35.e.1900","ELEMENT":"f.9B1EDAABCBD9CDA5B0DA3BD367ED2C8A.d.1F0E3DCF5EEF8BA1C7AF5767FA0A4C35.e.1900"}]}
COMMAND: POST /session/0edec6012a6aa8dfd2543f8ebfc03d1d/element - {"using":"xpath","value":"//div[contains(@id, \"smartFilterBar-btnBasicSearch-reset\")]"}
COMMAND: GET /session/0edec6012a6aa8dfd2543f8ebfc03d1d/screenshot - {}
RESULT: {"using":"xpath","value":"//div[contains(@id, \"smartFilterBar-btnBasicSearch-reset\")]"}
COMMAND: POST /session/0edec6012a6aa8dfd2543f8ebfc03d1d/element/f.9B1EDAABCBD9CDA5B0DA3BD367ED2C8A.d.1F0E3DCF5EEF8BA1C7AF5767FA0A4C35.e.881/click - {}
RESULT: {}
RESULT: {}
COMMAND: GET /session/0edec6012a6aa8dfd2543f8ebfc03d1d/screenshot - {}
RESULT: {}
COMMAND: POST /session/0edec6012a6aa8dfd2543f8ebfc03d1d/element - {"using":"css selector","value":"#shell-header-logo"}
RESULT: {"using":"css selector","value":"#shell-header-logo"}
COMMAND: POST /session/0edec6012a6aa8dfd2543f8ebfc03d1d/element/f.9B1EDAABCBD9CDA5B0DA3BD367ED2C8A.d.1F0E3DCF5EEF8BA1C7AF5767FA0A4C35.e.265/click - {}
RESULT: {}
COMMAND: GET /session/0edec6012a6aa8dfd2543f8ebfc03d1d/screenshot - {}
RESULT: {}
]]></system-out>
    </testcase>
    <testcase classname="chrome.137_0_7151_69.windows.RU_Inventory_Mass_State_Change_Multiple_Items_US151066" name="Prerequisite Step 2 Should create a new equipment" time="149.264">
      <system-out><![CDATA[
COMMAND: POST /session/0edec6012a6aa8dfd2543f8ebfc03d1d/execute/async - {"script":"<script> [1562 bytes]","args":[{"selector":{"controlType":"sap.m.GenericTile","properties":{"header":"Manage Resources"}},"wdio_ui5_key":"sapm.GenericTile{\"header\":\"Manage Resources\"}"}]}
RESULT: {"script":"<script> [1562 bytes]","args":[{"selector":{"controlType":"sap.m.GenericTile","properties":{"header":"Manage Resources"}},"wdio_ui5_key":"sapm.GenericTile{\"header\":\"Manage Resources\"}"}]}
RESULT: undefined
COMMAND: POST /session/0edec6012a6aa8dfd2543f8ebfc03d1d/element - {"using":"xpath","value":"//*[@id=\"__tile40\"]"}
RESULT: {"using":"xpath","value":"//*[@id=\"__tile40\"]"}
COMMAND: POST /session/0edec6012a6aa8dfd2543f8ebfc03d1d/element/f.9B1EDAABCBD9CDA5B0DA3BD367ED2C8A.d.1F0E3DCF5EEF8BA1C7AF5767FA0A4C35.e.149/click - {}
RESULT: {}
COMMAND: GET /session/0edec6012a6aa8dfd2543f8ebfc03d1d/screenshot - {}
RESULT: {}
COMMAND: POST /session/0edec6012a6aa8dfd2543f8ebfc03d1d/elements - {"using":"xpath","value":"//span[text()='Error']"}
RESULT: {"using":"xpath","value":"//span[text()='Error']"}
COMMAND: POST /session/0edec6012a6aa8dfd2543f8ebfc03d1d/element - {"using":"xpath","value":"//button[@data-kt=\"addNewRUOverflowToolbarButton\"]"}
RESULT: {"using":"xpath","value":"//button[@data-kt=\"addNewRUOverflowToolbarButton\"]"}
COMMAND: POST /session/0edec6012a6aa8dfd2543f8ebfc03d1d/elements - {"using":"xpath","value":"//button[@data-kt=\"addNewRUOverflowToolbarButton\"]"}
RESULT: {"using":"xpath","value":"//button[@data-kt=\"addNewRUOverflowToolbarButton\"]"}
COMMAND: POST /session/0edec6012a6aa8dfd2543f8ebfc03d1d/execute/sync - {"script":"<script> [8489 bytes]","args":[{"element-6066-11e4-a52e-4f735466cecf":"f.9B1EDAABCBD9CDA5B0DA3BD367ED2C8A.d.1F0E3DCF5EEF8BA1C7AF5767FA0A4C35.e.1997","ELEMENT":"f.9B1EDAABCBD9CDA5B0DA3BD367ED2C8A.d.1F0E3DCF5EEF8BA1C7AF5767FA0A4C35.e.1997"}]}
RESULT: {"script":"<script> [8489 bytes]","args":[{"element-6066-11e4-a52e-4f735466cecf":"f.9B1EDAABCBD9CDA5B0DA3BD367ED2C8A.d.1F0E3DCF5EEF8BA1C7AF5767FA0A4C35.e.1997","ELEMENT":"f.9B1EDAABCBD9CDA5B0DA3BD367ED2C8A.d.1F0E3DCF5EEF8BA1C7AF5767FA0A4C35.e.1997"}]}
COMMAND: GET /session/0edec6012a6aa8dfd2543f8ebfc03d1d/element/f.9B1EDAABCBD9CDA5B0DA3BD367ED2C8A.d.1F0E3DCF5EEF8BA1C7AF5767FA0A4C35.e.1997/enabled - {}
COMMAND: GET /session/0edec6012a6aa8dfd2543f8ebfc03d1d/screenshot - {}
RESULT: {}
COMMAND: POST /session/0edec6012a6aa8dfd2543f8ebfc03d1d/execute/sync - {"script":"<script> [8489 bytes]","args":[{"element-6066-11e4-a52e-4f735466cecf":"f.9B1EDAABCBD9CDA5B0DA3BD367ED2C8A.d.1F0E3DCF5EEF8BA1C7AF5767FA0A4C35.e.1997","ELEMENT":"f.9B1EDAABCBD9CDA5B0DA3BD367ED2C8A.d.1F0E3DCF5EEF8BA1C7AF5767FA0A4C35.e.1997"}]}
COMMAND: GET /session/0edec6012a6aa8dfd2543f8ebfc03d1d/screenshot - {}
RESULT: {}
RESULT: {"script":"<script> [8489 bytes]","args":[{"element-6066-11e4-a52e-4f735466cecf":"f.9B1EDAABCBD9CDA5B0DA3BD367ED2C8A.d.1F0E3DCF5EEF8BA1C7AF5767FA0A4C35.e.1997","ELEMENT":"f.9B1EDAABCBD9CDA5B0DA3BD367ED2C8A.d.1F0E3DCF5EEF8BA1C7AF5767FA0A4C35.e.1997"}]}
COMMAND: POST /session/0edec6012a6aa8dfd2543f8ebfc03d1d/execute/sync - {"script":"<script> [5351 bytes]","args":[{"element-6066-11e4-a52e-4f735466cecf":"f.9B1EDAABCBD9CDA5B0DA3BD367ED2C8A.d.1F0E3DCF5EEF8BA1C7AF5767FA0A4C35.e.1997","ELEMENT":"f.9B1EDAABCBD9CDA5B0DA3BD367ED2C8A.d.1F0E3DCF5EEF8BA1C7AF5767FA0A4C35.e.1997"}]}
COMMAND: GET /session/0edec6012a6aa8dfd2543f8ebfc03d1d/screenshot - {}
RESULT: {}
RESULT: {"script":"<script> [5351 bytes]","args":[{"element-6066-11e4-a52e-4f735466cecf":"f.9B1EDAABCBD9CDA5B0DA3BD367ED2C8A.d.1F0E3DCF5EEF8BA1C7AF5767FA0A4C35.e.1997","ELEMENT":"f.9B1EDAABCBD9CDA5B0DA3BD367ED2C8A.d.1F0E3DCF5EEF8BA1C7AF5767FA0A4C35.e.1997"}]}
COMMAND: POST /session/0edec6012a6aa8dfd2543f8ebfc03d1d/element/f.9B1EDAABCBD9CDA5B0DA3BD367ED2C8A.d.1F0E3DCF5EEF8BA1C7AF5767FA0A4C35.e.1997/click - {}
COMMAND: GET /session/0edec6012a6aa8dfd2543f8ebfc03d1d/screenshot - {}
RESULT: {}
RESULT: {}
COMMAND: GET /session/0edec6012a6aa8dfd2543f8ebfc03d1d/screenshot - {}
COMMAND: POST /session/0edec6012a6aa8dfd2543f8ebfc03d1d/execute/async - {"script":"<script> [1562 bytes]","args":[{"selector":{"id":"application-manageresources-display-component---newResourceUnit--TYPE-arrow"},"wdio_ui5_key":"applicationmanageresources-display-component---newResourceUnit--TYPE-arrow"}]}
RESULT: {}
RESULT: {}
RESULT: {"script":"<script> [1562 bytes]","args":[{"selector":{"id":"application-manageresources-display-component---newResourceUnit--TYPE-arrow"},"wdio_ui5_key":"applicationmanageresources-display-component---newResourceUnit--TYPE-arrow"}]}
RESULT: undefined
COMMAND: POST /session/0edec6012a6aa8dfd2543f8ebfc03d1d/element - {"using":"xpath","value":"//*[@id=\"application-manageresources-display-component---newResourceUnit--TYPE-arrow\"]"}
RESULT: {"using":"xpath","value":"//*[@id=\"application-manageresources-display-component---newResourceUnit--TYPE-arrow\"]"}
COMMAND: POST /session/0edec6012a6aa8dfd2543f8ebfc03d1d/element/f.9B1EDAABCBD9CDA5B0DA3BD367ED2C8A.d.1F0E3DCF5EEF8BA1C7AF5767FA0A4C35.e.2165/click - {}
RESULT: {}
COMMAND: POST /session/0edec6012a6aa8dfd2543f8ebfc03d1d/element - {"using":"xpath","value":"//input[@id=\"application-manageresources-display-component---newResourceUnit--TYPE-inner\"]"}
COMMAND: GET /session/0edec6012a6aa8dfd2543f8ebfc03d1d/screenshot - {}
RESULT: {"using":"xpath","value":"//input[@id=\"application-manageresources-display-component---newResourceUnit--TYPE-inner\"]"}
COMMAND: POST /session/0edec6012a6aa8dfd2543f8ebfc03d1d/element/f.9B1EDAABCBD9CDA5B0DA3BD367ED2C8A.d.1F0E3DCF5EEF8BA1C7AF5767FA0A4C35.e.2048/clear - {}
RESULT: {}
RESULT: {}
COMMAND: POST /session/0edec6012a6aa8dfd2543f8ebfc03d1d/element/f.9B1EDAABCBD9CDA5B0DA3BD367ED2C8A.d.1F0E3DCF5EEF8BA1C7AF5767FA0A4C35.e.2048/value - {"text":"Equipment"}
COMMAND: GET /session/0edec6012a6aa8dfd2543f8ebfc03d1d/screenshot - {}
RESULT: {"text":"Equipment"}
COMMAND: GET /session/0edec6012a6aa8dfd2543f8ebfc03d1d/screenshot - {}
RESULT: {}
RESULT: {}
COMMAND: POST /session/0edec6012a6aa8dfd2543f8ebfc03d1d/actions - {"actions":[{"id":"action11","type":"key","parameters":{},"actions":[{"type":"keyDown","value":""},{"type":"pause","duration":10},{"type":"keyUp","value":""}]}]}
RESULT: {"actions":[{"id":"action11","type":"key","parameters":{},"actions":[{"type":"keyDown","value":""},{"type":"pause","duration":10},{"type":"keyUp","value":""}]}]}
COMMAND: POST /session/0edec6012a6aa8dfd2543f8ebfc03d1d/execute/async - {"script":"<script> [1562 bytes]","args":[{"selector":{"id":"application-manageresources-display-component---newResourceUnit--resourceId","interaction":{"idSuffix":"inner"}},"wdio_ui5_key":"applicationmanageresources-display-component---newResourceUnit--resourceId"}]}
COMMAND: GET /session/0edec6012a6aa8dfd2543f8ebfc03d1d/screenshot - {}
RESULT: {"script":"<script> [1562 bytes]","args":[{"selector":{"id":"application-manageresources-display-component---newResourceUnit--resourceId","interaction":{"idSuffix":"inner"}},"wdio_ui5_key":"applicationmanageresources-display-component---newResourceUnit--resourceId"}]}
RESULT: undefined
COMMAND: POST /session/0edec6012a6aa8dfd2543f8ebfc03d1d/execute/async - {"script":"<script> [776 bytes]","args":[{"enterText":"W63YWx0iS6","selector":{"id":"application-manageresources-display-component---newResourceUnit--resourceId","interaction":{"idSuffix":"inner"}},"clearTextFirst":true,"interactionType":"ENTER_TEXT"}]}
RESULT: {}
RESULT: {"script":"<script> [776 bytes]","args":[{"enterText":"W63YWx0iS6","selector":{"id":"application-manageresources-display-component---newResourceUnit--resourceId","interaction":{"idSuffix":"inner"}},"clearTextFirst":true,"interactionType":"ENTER_TEXT"}]}
COMMAND: POST /session/0edec6012a6aa8dfd2543f8ebfc03d1d/execute/async - {"script":"<script> [1562 bytes]","args":[{"selector":{"id":"application-manageresources-display-component---newResourceUnit--SHORT_TEXT","interaction":{"idSuffix":"inner"}},"wdio_ui5_key":"applicationmanageresources-display-component---newResourceUnit--SHORT_TEXT"}]}
RESULT: {"script":"<script> [1562 bytes]","args":[{"selector":{"id":"application-manageresources-display-component---newResourceUnit--SHORT_TEXT","interaction":{"idSuffix":"inner"}},"wdio_ui5_key":"applicationmanageresources-display-component---newResourceUnit--SHORT_TEXT"}]}
RESULT: undefined
COMMAND: POST /session/0edec6012a6aa8dfd2543f8ebfc03d1d/execute/async - {"script":"<script> [776 bytes]","args":[{"enterText":"Intercompany Equipment WDIO","selector":{"id":"application-manageresources-display-component---newResourceUnit--SHORT_TEXT","interaction":{"idSuffix":"inner"}},"clearTextFirst":true,"interactionType":"ENTER_TEXT"}]}
RESULT: {"script":"<script> [776 bytes]","args":[{"enterText":"Intercompany Equipment WDIO","selector":{"id":"application-manageresources-display-component---newResourceUnit--SHORT_TEXT","interaction":{"idSuffix":"inner"}},"clearTextFirst":true,"interactionType":"ENTER_TEXT"}]}
COMMAND: POST /session/0edec6012a6aa8dfd2543f8ebfc03d1d/execute/async - {"script":"<script> [1562 bytes]","args":[{"selector":{"id":"application-manageresources-display-component---newResourceUnit--BASE_UNIT_OF_MEASURE","interaction":{"idSuffix":"inner"}},"wdio_ui5_key":"applicationmanageresources-display-component---newResourceUnit--BASE_UNIT_OF_MEASURE"}]}
RESULT: {"script":"<script> [1562 bytes]","args":[{"selector":{"id":"application-manageresources-display-component---newResourceUnit--BASE_UNIT_OF_MEASURE","interaction":{"idSuffix":"inner"}},"wdio_ui5_key":"applicationmanageresources-display-component---newResourceUnit--BASE_UNIT_OF_MEASURE"}]}
RESULT: undefined
COMMAND: POST /session/0edec6012a6aa8dfd2543f8ebfc03d1d/execute/async - {"script":"<script> [776 bytes]","args":[{"enterText":"Piece","selector":{"id":"application-manageresources-display-component---newResourceUnit--BASE_UNIT_OF_MEASURE","interaction":{"idSuffix":"inner"}},"clearTextFirst":true,"interactionType":"ENTER_TEXT"}]}
RESULT: {"script":"<script> [776 bytes]","args":[{"enterText":"Piece","selector":{"id":"application-manageresources-display-component---newResourceUnit--BASE_UNIT_OF_MEASURE","interaction":{"idSuffix":"inner"}},"clearTextFirst":true,"interactionType":"ENTER_TEXT"}]}
COMMAND: POST /session/0edec6012a6aa8dfd2543f8ebfc03d1d/execute/async - {"script":"<script> [1562 bytes]","args":[{"selector":{"id":"application-manageresources-display-component---newResourceUnit--WEIGHT_UNIT","interaction":{"idSuffix":"inner"}},"wdio_ui5_key":"applicationmanageresources-display-component---newResourceUnit--WEIGHT_UNIT"}]}
RESULT: {"script":"<script> [1562 bytes]","args":[{"selector":{"id":"application-manageresources-display-component---newResourceUnit--WEIGHT_UNIT","interaction":{"idSuffix":"inner"}},"wdio_ui5_key":"applicationmanageresources-display-component---newResourceUnit--WEIGHT_UNIT"}]}
RESULT: undefined
COMMAND: POST /session/0edec6012a6aa8dfd2543f8ebfc03d1d/execute/async - {"script":"<script> [776 bytes]","args":[{"enterText":"Gram","selector":{"id":"application-manageresources-display-component---newResourceUnit--WEIGHT_UNIT","interaction":{"idSuffix":"inner"}},"clearTextFirst":true,"interactionType":"ENTER_TEXT"}]}
RESULT: {"script":"<script> [776 bytes]","args":[{"enterText":"Gram","selector":{"id":"application-manageresources-display-component---newResourceUnit--WEIGHT_UNIT","interaction":{"idSuffix":"inner"}},"clearTextFirst":true,"interactionType":"ENTER_TEXT"}]}
COMMAND: POST /session/0edec6012a6aa8dfd2543f8ebfc03d1d/execute/async - {"script":"<script> [1562 bytes]","args":[{"selector":{"id":"application-manageresources-display-component---newResourceUnit--DIMENSION_UNIT","interaction":{"idSuffix":"inner"}},"wdio_ui5_key":"applicationmanageresources-display-component---newResourceUnit--DIMENSION_UNIT"}]}
RESULT: {"script":"<script> [1562 bytes]","args":[{"selector":{"id":"application-manageresources-display-component---newResourceUnit--DIMENSION_UNIT","interaction":{"idSuffix":"inner"}},"wdio_ui5_key":"applicationmanageresources-display-component---newResourceUnit--DIMENSION_UNIT"}]}
RESULT: undefined
COMMAND: POST /session/0edec6012a6aa8dfd2543f8ebfc03d1d/execute/async - {"script":"<script> [776 bytes]","args":[{"enterText":"Meter","selector":{"id":"application-manageresources-display-component---newResourceUnit--DIMENSION_UNIT","interaction":{"idSuffix":"inner"}},"clearTextFirst":true,"interactionType":"ENTER_TEXT"}]}
RESULT: {"script":"<script> [776 bytes]","args":[{"enterText":"Meter","selector":{"id":"application-manageresources-display-component---newResourceUnit--DIMENSION_UNIT","interaction":{"idSuffix":"inner"}},"clearTextFirst":true,"interactionType":"ENTER_TEXT"}]}
COMMAND: POST /session/0edec6012a6aa8dfd2543f8ebfc03d1d/execute/async - {"script":"<script> [1562 bytes]","args":[{"selector":{"id":"application-manageresources-display-component---newResourceUnit--newRRUPage-anchBar-application-manageresources-display-component---newResourceUnit--control-anchor","interaction":{"idSuffix":"BDI-content"}},"wdio_ui5_key":"applicationmanageresources-display-component---newResourceUnit--newRRUPage-anchBar-application-manageresources-display-component---newResourceUnit--control-anchor"}]}
RESULT: {"script":"<script> [1562 bytes]","args":[{"selector":{"id":"application-manageresources-display-component---newResourceUnit--newRRUPage-anchBar-application-manageresources-display-component---newResourceUnit--control-anchor","interaction":{"idSuffix":"BDI-content"}},"wdio_ui5_key":"applicationmanageresources-display-component---newResourceUnit--newRRUPage-anchBar-application-manageresources-display-component---newResourceUnit--control-anchor"}]}
RESULT: undefined
COMMAND: POST /session/0edec6012a6aa8dfd2543f8ebfc03d1d/element - {"using":"xpath","value":"//*[@id=\"application-manageresources-display-component---newResourceUnit--newRRUPage-anchBar-application-manageresources-display-component---newResourceUnit--control-anchor\"]"}
RESULT: {"using":"xpath","value":"//*[@id=\"application-manageresources-display-component---newResourceUnit--newRRUPage-anchBar-application-manageresources-display-component---newResourceUnit--control-anchor\"]"}
COMMAND: POST /session/0edec6012a6aa8dfd2543f8ebfc03d1d/element/f.9B1EDAABCBD9CDA5B0DA3BD367ED2C8A.d.1F0E3DCF5EEF8BA1C7AF5767FA0A4C35.e.2324/click - {}
RESULT: {}
COMMAND: POST /session/0edec6012a6aa8dfd2543f8ebfc03d1d/execute/async - {"script":"<script> [1562 bytes]","args":[{"selector":{"id":"application-manageresources-display-component---newResourceUnit--PLANNING_GROUP","interaction":{"idSuffix":"inner"}},"wdio_ui5_key":"applicationmanageresources-display-component---newResourceUnit--PLANNING_GROUP"}]}
COMMAND: GET /session/0edec6012a6aa8dfd2543f8ebfc03d1d/screenshot - {}
RESULT: {"script":"<script> [1562 bytes]","args":[{"selector":{"id":"application-manageresources-display-component---newResourceUnit--PLANNING_GROUP","interaction":{"idSuffix":"inner"}},"wdio_ui5_key":"applicationmanageresources-display-component---newResourceUnit--PLANNING_GROUP"}]}
RESULT: undefined
COMMAND: POST /session/0edec6012a6aa8dfd2543f8ebfc03d1d/execute/async - {"script":"<script> [776 bytes]","args":[{"enterText":"Heavy Equi","selector":{"id":"application-manageresources-display-component---newResourceUnit--PLANNING_GROUP","interaction":{"idSuffix":"inner"}},"clearTextFirst":true,"interactionType":"ENTER_TEXT"}]}
RESULT: {}
RESULT: {"script":"<script> [776 bytes]","args":[{"enterText":"Heavy Equi","selector":{"id":"application-manageresources-display-component---newResourceUnit--PLANNING_GROUP","interaction":{"idSuffix":"inner"}},"clearTextFirst":true,"interactionType":"ENTER_TEXT"}]}
COMMAND: POST /session/0edec6012a6aa8dfd2543f8ebfc03d1d/execute/async - {"script":"<script> [1562 bytes]","args":[{"selector":{"id":"application-manageresources-display-component---newResourceUnit--ITEM_TYPE-arrow"},"wdio_ui5_key":"applicationmanageresources-display-component---newResourceUnit--ITEM_TYPE-arrow"}]}
RESULT: {"script":"<script> [1562 bytes]","args":[{"selector":{"id":"application-manageresources-display-component---newResourceUnit--ITEM_TYPE-arrow"},"wdio_ui5_key":"applicationmanageresources-display-component---newResourceUnit--ITEM_TYPE-arrow"}]}
RESULT: undefined
COMMAND: POST /session/0edec6012a6aa8dfd2543f8ebfc03d1d/element - {"using":"xpath","value":"//*[@id=\"application-manageresources-display-component---newResourceUnit--ITEM_TYPE-arrow\"]"}
RESULT: {"using":"xpath","value":"//*[@id=\"application-manageresources-display-component---newResourceUnit--ITEM_TYPE-arrow\"]"}
COMMAND: POST /session/0edec6012a6aa8dfd2543f8ebfc03d1d/element/f.9B1EDAABCBD9CDA5B0DA3BD367ED2C8A.d.1F0E3DCF5EEF8BA1C7AF5767FA0A4C35.e.2332/click - {}
RESULT: {}
COMMAND: POST /session/0edec6012a6aa8dfd2543f8ebfc03d1d/element - {"using":"xpath","value":"//ul[contains(@id,\"ITEM_TYPE-popup-list-listUl\")]//li[.//span[contains(text(),\"Resource Unit\")]]"}
COMMAND: GET /session/0edec6012a6aa8dfd2543f8ebfc03d1d/screenshot - {}
RESULT: {"using":"xpath","value":"//ul[contains(@id,\"ITEM_TYPE-popup-list-listUl\")]//li[.//span[contains(text(),\"Resource Unit\")]]"}
COMMAND: POST /session/0edec6012a6aa8dfd2543f8ebfc03d1d/element/f.9B1EDAABCBD9CDA5B0DA3BD367ED2C8A.d.1F0E3DCF5EEF8BA1C7AF5767FA0A4C35.e.2333/click - {}
RESULT: {}
RESULT: {}
COMMAND: GET /session/0edec6012a6aa8dfd2543f8ebfc03d1d/screenshot - {}
RESULT: {}
COMMAND: POST /session/0edec6012a6aa8dfd2543f8ebfc03d1d/element - {"using":"css selector","value":"#application-manageresources-display-component---newResourceUnit--btnAddTimeSegment"}
RESULT: {"using":"css selector","value":"#application-manageresources-display-component---newResourceUnit--btnAddTimeSegment"}
COMMAND: GET /session/0edec6012a6aa8dfd2543f8ebfc03d1d/element/f.9B1EDAABCBD9CDA5B0DA3BD367ED2C8A.d.1F0E3DCF5EEF8BA1C7AF5767FA0A4C35.e.2341/rect - {}
RESULT: {}
COMMAND: GET /session/0edec6012a6aa8dfd2543f8ebfc03d1d/window/rect - {}
RESULT: {}
COMMAND: POST /session/0edec6012a6aa8dfd2543f8ebfc03d1d/execute/sync - {"script":"<script> [92 bytes]","args":[]}
RESULT: {"script":"<script> [92 bytes]","args":[]}
COMMAND: POST /session/0edec6012a6aa8dfd2543f8ebfc03d1d/actions - {"actions":[{"id":"action12","type":"wheel","parameters":{},"actions":[{"type":"scroll","x":-1888,"y":-32,"deltaX":0,"deltaY":0,"duration":0,"origin":{"element-6066-11e4-a52e-4f735466cecf":"f.9B1EDAABCBD9CDA5B0DA3BD367ED2C8A.d.1F0E3DCF5EEF8BA1C7AF5767FA0A4C35.e.2341"}}]}]}
COMMAND: GET /session/0edec6012a6aa8dfd2543f8ebfc03d1d/screenshot - {}
RESULT: {}
COMMAND: POST /session/0edec6012a6aa8dfd2543f8ebfc03d1d/execute/sync - {"script":"<script> [79 bytes]","args":[{"element-6066-11e4-a52e-4f735466cecf":"f.9B1EDAABCBD9CDA5B0DA3BD367ED2C8A.d.1F0E3DCF5EEF8BA1C7AF5767FA0A4C35.e.2341","ELEMENT":"f.9B1EDAABCBD9CDA5B0DA3BD367ED2C8A.d.1F0E3DCF5EEF8BA1C7AF5767FA0A4C35.e.2341"},{"block":"start","inline":"nearest"}]}
RESULT: {"script":"<script> [79 bytes]","args":[{"element-6066-11e4-a52e-4f735466cecf":"f.9B1EDAABCBD9CDA5B0DA3BD367ED2C8A.d.1F0E3DCF5EEF8BA1C7AF5767FA0A4C35.e.2341","ELEMENT":"f.9B1EDAABCBD9CDA5B0DA3BD367ED2C8A.d.1F0E3DCF5EEF8BA1C7AF5767FA0A4C35.e.2341"},{"block":"start","inline":"nearest"}]}
COMMAND: POST /session/0edec6012a6aa8dfd2543f8ebfc03d1d/execute/async - {"script":"<script> [1562 bytes]","args":[{"selector":{"id":"application-manageresources-display-component---newResourceUnit--btnAddTimeSegment","interaction":{"idSuffix":"inner"}},"wdio_ui5_key":"applicationmanageresources-display-component---newResourceUnit--btnAddTimeSegment"}]}
COMMAND: GET /session/0edec6012a6aa8dfd2543f8ebfc03d1d/screenshot - {}
RESULT: {"script":"<script> [1562 bytes]","args":[{"selector":{"id":"application-manageresources-display-component---newResourceUnit--btnAddTimeSegment","interaction":{"idSuffix":"inner"}},"wdio_ui5_key":"applicationmanageresources-display-component---newResourceUnit--btnAddTimeSegment"}]}
RESULT: undefined
COMMAND: POST /session/0edec6012a6aa8dfd2543f8ebfc03d1d/element - {"using":"xpath","value":"//*[@id=\"application-manageresources-display-component---newResourceUnit--btnAddTimeSegment\"]"}
RESULT: {}
RESULT: {"using":"xpath","value":"//*[@id=\"application-manageresources-display-component---newResourceUnit--btnAddTimeSegment\"]"}
COMMAND: POST /session/0edec6012a6aa8dfd2543f8ebfc03d1d/element/f.9B1EDAABCBD9CDA5B0DA3BD367ED2C8A.d.1F0E3DCF5EEF8BA1C7AF5767FA0A4C35.e.2341/click - {}
RESULT: {}
COMMAND: GET /session/0edec6012a6aa8dfd2543f8ebfc03d1d/screenshot - {}
RESULT: {}
COMMAND: POST /session/0edec6012a6aa8dfd2543f8ebfc03d1d/element - {"using":"xpath","value":"//input[@id=\"application-manageresources-display-component---newResourceUnit--idRuTSAdmin-application-manageresources-display-component---newResourceUnit--RUTimeSegment-0-inner\"]"}
RESULT: {"using":"xpath","value":"//input[@id=\"application-manageresources-display-component---newResourceUnit--idRuTSAdmin-application-manageresources-display-component---newResourceUnit--RUTimeSegment-0-inner\"]"}
COMMAND: POST /session/0edec6012a6aa8dfd2543f8ebfc03d1d/element/f.9B1EDAABCBD9CDA5B0DA3BD367ED2C8A.d.1F0E3DCF5EEF8BA1C7AF5767FA0A4C35.e.2347/clear - {}
RESULT: {}
COMMAND: POST /session/0edec6012a6aa8dfd2543f8ebfc03d1d/element/f.9B1EDAABCBD9CDA5B0DA3BD367ED2C8A.d.1F0E3DCF5EEF8BA1C7AF5767FA0A4C35.e.2347/value - {"text":"109"}
COMMAND: GET /session/0edec6012a6aa8dfd2543f8ebfc03d1d/screenshot - {}
RESULT: {"text":"109"}
COMMAND: GET /session/0edec6012a6aa8dfd2543f8ebfc03d1d/screenshot - {}
RESULT: {}
RESULT: {}
COMMAND: POST /session/0edec6012a6aa8dfd2543f8ebfc03d1d/element - {"using":"xpath","value":"//li[.//span[text()='109']]"}
RESULT: {"using":"xpath","value":"//li[.//span[text()='109']]"}
COMMAND: POST /session/0edec6012a6aa8dfd2543f8ebfc03d1d/element/f.9B1EDAABCBD9CDA5B0DA3BD367ED2C8A.d.1F0E3DCF5EEF8BA1C7AF5767FA0A4C35.e.2359/click - {}
RESULT: {}
COMMAND: GET /session/0edec6012a6aa8dfd2543f8ebfc03d1d/screenshot - {}
RESULT: {}
COMMAND: POST /session/0edec6012a6aa8dfd2543f8ebfc03d1d/element - {"using":"xpath","value":"(//span[contains(@id, \"-application-manageresources-display-component---newResourceUnit--RUTimeSegment-0-arrow\")])[6]"}
RESULT: {"using":"xpath","value":"(//span[contains(@id, \"-application-manageresources-display-component---newResourceUnit--RUTimeSegment-0-arrow\")])[6]"}
COMMAND: POST /session/0edec6012a6aa8dfd2543f8ebfc03d1d/element/f.9B1EDAABCBD9CDA5B0DA3BD367ED2C8A.d.1F0E3DCF5EEF8BA1C7AF5767FA0A4C35.e.2360/click - {}
RESULT: {}
COMMAND: GET /session/0edec6012a6aa8dfd2543f8ebfc03d1d/screenshot - {}
RESULT: {}
COMMAND: POST /session/0edec6012a6aa8dfd2543f8ebfc03d1d/element - {"using":"xpath","value":"//span[contains(text(), \"PM Order\")]"}
RESULT: {"using":"xpath","value":"//span[contains(text(), \"PM Order\")]"}
COMMAND: POST /session/0edec6012a6aa8dfd2543f8ebfc03d1d/element/f.9B1EDAABCBD9CDA5B0DA3BD367ED2C8A.d.1F0E3DCF5EEF8BA1C7AF5767FA0A4C35.e.2363/click - {}
RESULT: {}
COMMAND: GET /session/0edec6012a6aa8dfd2543f8ebfc03d1d/screenshot - {}
RESULT: {}
COMMAND: POST /session/0edec6012a6aa8dfd2543f8ebfc03d1d/element - {"using":"xpath","value":"(//span[contains(@id ,\"manageresources-display-component---newResourceUnit--RUTimeSegment-0-vhi\")])[1]"}
RESULT: {"using":"xpath","value":"(//span[contains(@id ,\"manageresources-display-component---newResourceUnit--RUTimeSegment-0-vhi\")])[1]"}
COMMAND: GET /session/0edec6012a6aa8dfd2543f8ebfc03d1d/element/f.9B1EDAABCBD9CDA5B0DA3BD367ED2C8A.d.1F0E3DCF5EEF8BA1C7AF5767FA0A4C35.e.2367/rect - {}
RESULT: {}
COMMAND: GET /session/0edec6012a6aa8dfd2543f8ebfc03d1d/window/rect - {}
RESULT: {}
COMMAND: POST /session/0edec6012a6aa8dfd2543f8ebfc03d1d/execute/sync - {"script":"<script> [92 bytes]","args":[]}
RESULT: {"script":"<script> [92 bytes]","args":[]}
COMMAND: POST /session/0edec6012a6aa8dfd2543f8ebfc03d1d/actions - {"actions":[{"id":"action13","type":"wheel","parameters":{},"actions":[{"type":"scroll","x":-869,"y":-24,"deltaX":0,"deltaY":0,"duration":0,"origin":{"element-6066-11e4-a52e-4f735466cecf":"f.9B1EDAABCBD9CDA5B0DA3BD367ED2C8A.d.1F0E3DCF5EEF8BA1C7AF5767FA0A4C35.e.2367"}}]}]}
COMMAND: GET /session/0edec6012a6aa8dfd2543f8ebfc03d1d/screenshot - {}
RESULT: {"actions":[{"id":"action13","type":"wheel","parameters":{},"actions":[{"type":"scroll","x":-869,"y":-24,"deltaX":0,"deltaY":0,"duration":0,"origin":{"element-6066-11e4-a52e-4f735466cecf":"f.9B1EDAABCBD9CDA5B0DA3BD367ED2C8A.d.1F0E3DCF5EEF8BA1C7AF5767FA0A4C35.e.2367"}}]}]}
COMMAND: DELETE /session/0edec6012a6aa8dfd2543f8ebfc03d1d/actions - {}
COMMAND: GET /session/0edec6012a6aa8dfd2543f8ebfc03d1d/screenshot - {}
RESULT: {}
RESULT: {}
COMMAND: GET /session/0edec6012a6aa8dfd2543f8ebfc03d1d/screenshot - {}
RESULT: {}
RESULT: {}
COMMAND: POST /session/0edec6012a6aa8dfd2543f8ebfc03d1d/element/f.9B1EDAABCBD9CDA5B0DA3BD367ED2C8A.d.1F0E3DCF5EEF8BA1C7AF5767FA0A4C35.e.2367/click - {}
RESULT: {}
COMMAND: GET /session/0edec6012a6aa8dfd2543f8ebfc03d1d/screenshot - {}
RESULT: {}
COMMAND: POST /session/0edec6012a6aa8dfd2543f8ebfc03d1d/execute/async - {"script":"<script> [1562 bytes]","args":[{"selector":{"controlType":"sap.m.SearchField","properties":{"placeholder":"Search"},"searchOpenDialogs":true,"interaction":{"idSuffix":"I"}},"wdio_ui5_key":"sapm.SearchField{\"placeholder\":\"Search\"}"}]}
RESULT: {"script":"<script> [1562 bytes]","args":[{"selector":{"controlType":"sap.m.SearchField","properties":{"placeholder":"Search"},"searchOpenDialogs":true,"interaction":{"idSuffix":"I"}},"wdio_ui5_key":"sapm.SearchField{\"placeholder\":\"Search\"}"}]}
RESULT: undefined
COMMAND: POST /session/0edec6012a6aa8dfd2543f8ebfc03d1d/execute/async - {"script":"<script> [776 bytes]","args":[{"enterText":"4000360","selector":{"controlType":"sap.m.SearchField","properties":{"placeholder":"Search"},"searchOpenDialogs":true,"interaction":{"idSuffix":"I"}},"clearTextFirst":true,"interactionType":"ENTER_TEXT"}]}
RESULT: {"script":"<script> [776 bytes]","args":[{"enterText":"4000360","selector":{"controlType":"sap.m.SearchField","properties":{"placeholder":"Search"},"searchOpenDialogs":true,"interaction":{"idSuffix":"I"}},"clearTextFirst":true,"interactionType":"ENTER_TEXT"}]}
COMMAND: POST /session/0edec6012a6aa8dfd2543f8ebfc03d1d/actions - {"actions":[{"id":"action14","type":"key","parameters":{},"actions":[{"type":"keyDown","value":""},{"type":"pause","duration":10},{"type":"keyUp","value":""}]}]}
RESULT: {"actions":[{"id":"action14","type":"key","parameters":{},"actions":[{"type":"keyDown","value":""},{"type":"pause","duration":10},{"type":"keyUp","value":""}]}]}
COMMAND: GET /session/0edec6012a6aa8dfd2543f8ebfc03d1d/screenshot - {}
RESULT: {}
COMMAND: POST /session/0edec6012a6aa8dfd2543f8ebfc03d1d/element - {"using":"xpath","value":"//td/div/span[contains(text(), \"BGL Vehicles\")]"}
RESULT: {"using":"xpath","value":"//td/div/span[contains(text(), \"BGL Vehicles\")]"}
COMMAND: POST /session/0edec6012a6aa8dfd2543f8ebfc03d1d/element/f.9B1EDAABCBD9CDA5B0DA3BD367ED2C8A.d.1F0E3DCF5EEF8BA1C7AF5767FA0A4C35.e.2388/click - {}
RESULT: {}
COMMAND: GET /session/0edec6012a6aa8dfd2543f8ebfc03d1d/screenshot - {}
RESULT: {}
COMMAND: POST /session/0edec6012a6aa8dfd2543f8ebfc03d1d/element - {"using":"xpath","value":"//bdi[contains(text(), \"OK\")]"}
RESULT: {"using":"xpath","value":"//bdi[contains(text(), \"OK\")]"}
COMMAND: POST /session/0edec6012a6aa8dfd2543f8ebfc03d1d/element/f.9B1EDAABCBD9CDA5B0DA3BD367ED2C8A.d.1F0E3DCF5EEF8BA1C7AF5767FA0A4C35.e.2389/click - {}
RESULT: {}
COMMAND: GET /session/0edec6012a6aa8dfd2543f8ebfc03d1d/screenshot - {}
RESULT: {}
COMMAND: POST /session/0edec6012a6aa8dfd2543f8ebfc03d1d/execute/async - {"script":"<script> [1562 bytes]","args":[{"selector":{"id":"application-manageresources-display-component---newResourceUnit--newRRUPage-anchBar-application-manageresources-display-component---newResourceUnit--resource-anchor","interaction":{"idSuffix":"BDI-content"}},"wdio_ui5_key":"applicationmanageresources-display-component---newResourceUnit--newRRUPage-anchBar-application-manageresources-display-component---newResourceUnit--resource-anchor"}]}
RESULT: {"script":"<script> [1562 bytes]","args":[{"selector":{"id":"application-manageresources-display-component---newResourceUnit--newRRUPage-anchBar-application-manageresources-display-component---newResourceUnit--resource-anchor","interaction":{"idSuffix":"BDI-content"}},"wdio_ui5_key":"applicationmanageresources-display-component---newResourceUnit--newRRUPage-anchBar-application-manageresources-display-component---newResourceUnit--resource-anchor"}]}
RESULT: undefined
COMMAND: POST /session/0edec6012a6aa8dfd2543f8ebfc03d1d/element - {"using":"xpath","value":"//*[@id=\"application-manageresources-display-component---newResourceUnit--newRRUPage-anchBar-application-manageresources-display-component---newResourceUnit--resource-anchor\"]"}
RESULT: {"using":"xpath","value":"//*[@id=\"application-manageresources-display-component---newResourceUnit--newRRUPage-anchBar-application-manageresources-display-component---newResourceUnit--resource-anchor\"]"}
COMMAND: POST /session/0edec6012a6aa8dfd2543f8ebfc03d1d/element/f.9B1EDAABCBD9CDA5B0DA3BD367ED2C8A.d.1F0E3DCF5EEF8BA1C7AF5767FA0A4C35.e.2393/click - {}
RESULT: {}
COMMAND: POST /session/0edec6012a6aa8dfd2543f8ebfc03d1d/execute/async - {"script":"<script> [1562 bytes]","args":[{"selector":{"id":"application-manageresources-display-component---newResourceUnit--PLANNED_DELIVERY_DATE","interaction":{"idSuffix":"inner"}},"wdio_ui5_key":"applicationmanageresources-display-component---newResourceUnit--PLANNED_DELIVERY_DATE"}]}
COMMAND: GET /session/0edec6012a6aa8dfd2543f8ebfc03d1d/screenshot - {}
RESULT: {"script":"<script> [1562 bytes]","args":[{"selector":{"id":"application-manageresources-display-component---newResourceUnit--PLANNED_DELIVERY_DATE","interaction":{"idSuffix":"inner"}},"wdio_ui5_key":"applicationmanageresources-display-component---newResourceUnit--PLANNED_DELIVERY_DATE"}]}
RESULT: undefined
COMMAND: POST /session/0edec6012a6aa8dfd2543f8ebfc03d1d/execute/async - {"script":"<script> [6424 bytes]","args":[{"element-6066-11e4-a52e-4f735466cecf":"f.9B1EDAABCBD9CDA5B0DA3BD367ED2C8A.d.1F0E3DCF5EEF8BA1C7AF5767FA0A4C35.e.2224"},"setValue",["6/14/25"]]}
RESULT: {}
RESULT: {"script":"<script> [6424 bytes]","args":[{"element-6066-11e4-a52e-4f735466cecf":"f.9B1EDAABCBD9CDA5B0DA3BD367ED2C8A.d.1F0E3DCF5EEF8BA1C7AF5767FA0A4C35.e.2224"},"setValue",["6/14/25"]]}
COMMAND: POST /session/0edec6012a6aa8dfd2543f8ebfc03d1d/element - {"using":"xpath","value":"//label[contains(@class, 'sapMLabelRequired') and .//bdi[contains(text(), 'Planned Retirement')]]"}
RESULT: {"using":"xpath","value":"//label[contains(@class, 'sapMLabelRequired') and .//bdi[contains(text(), 'Planned Retirement')]]"}
COMMAND: POST /session/0edec6012a6aa8dfd2543f8ebfc03d1d/elements - {"using":"xpath","value":"//label[contains(@class, 'sapMLabelRequired') and .//bdi[contains(text(), 'Planned Retirement')]]"}
RESULT: {"using":"xpath","value":"//label[contains(@class, 'sapMLabelRequired') and .//bdi[contains(text(), 'Planned Retirement')]]"}
COMMAND: POST /session/0edec6012a6aa8dfd2543f8ebfc03d1d/element - {"using":"xpath","value":"//button[@data-kt=\"resourceUnitSaveButton\"]"}
RESULT: {"using":"xpath","value":"//button[@data-kt=\"resourceUnitSaveButton\"]"}
COMMAND: POST /session/0edec6012a6aa8dfd2543f8ebfc03d1d/element/f.9B1EDAABCBD9CDA5B0DA3BD367ED2C8A.d.1F0E3DCF5EEF8BA1C7AF5767FA0A4C35.e.2183/click - {}
RESULT: {}
COMMAND: GET /session/0edec6012a6aa8dfd2543f8ebfc03d1d/screenshot - {}
RESULT: {}
COMMAND: POST /session/0edec6012a6aa8dfd2543f8ebfc03d1d/element - {"using":"xpath","value":"//bdi[contains(text(), \"Close\")]"}
RESULT: {"using":"xpath","value":"//bdi[contains(text(), \"Close\")]"}
COMMAND: POST /session/0edec6012a6aa8dfd2543f8ebfc03d1d/element/f.9B1EDAABCBD9CDA5B0DA3BD367ED2C8A.d.1F0E3DCF5EEF8BA1C7AF5767FA0A4C35.e.2401/click - {}
RESULT: {}
COMMAND: GET /session/0edec6012a6aa8dfd2543f8ebfc03d1d/screenshot - {}
RESULT: {}
COMMAND: POST /session/0edec6012a6aa8dfd2543f8ebfc03d1d/element - {"using":"xpath","value":"(//button[contains(@id ,\"actionsToolbar-overflowButton\")])[1]"}
RESULT: {"using":"xpath","value":"(//button[contains(@id ,\"actionsToolbar-overflowButton\")])[1]"}
COMMAND: POST /session/0edec6012a6aa8dfd2543f8ebfc03d1d/element/f.9B1EDAABCBD9CDA5B0DA3BD367ED2C8A.d.1F0E3DCF5EEF8BA1C7AF5767FA0A4C35.e.2455/click - {}
RESULT: {}
COMMAND: GET /session/0edec6012a6aa8dfd2543f8ebfc03d1d/screenshot - {}
RESULT: {}
COMMAND: POST /session/0edec6012a6aa8dfd2543f8ebfc03d1d/element - {"using":"xpath","value":"//button[@data-kt=\"priceInfoButton\"]"}
RESULT: {"using":"xpath","value":"//button[@data-kt=\"priceInfoButton\"]"}
COMMAND: POST /session/0edec6012a6aa8dfd2543f8ebfc03d1d/element/f.9B1EDAABCBD9CDA5B0DA3BD367ED2C8A.d.1F0E3DCF5EEF8BA1C7AF5767FA0A4C35.e.2457/click - {}
RESULT: {}
COMMAND: GET /session/0edec6012a6aa8dfd2543f8ebfc03d1d/screenshot - {}
RESULT: {}
COMMAND: POST /session/0edec6012a6aa8dfd2543f8ebfc03d1d/element - {"using":"css selector","value":"#shell-header-logo"}
RESULT: {"using":"css selector","value":"#shell-header-logo"}
COMMAND: POST /session/0edec6012a6aa8dfd2543f8ebfc03d1d/element/f.9B1EDAABCBD9CDA5B0DA3BD367ED2C8A.d.1F0E3DCF5EEF8BA1C7AF5767FA0A4C35.e.1968/click - {}
RESULT: {}
COMMAND: GET /session/0edec6012a6aa8dfd2543f8ebfc03d1d/screenshot - {}
RESULT: {}
]]></system-out>
    </testcase>
    <testcase classname="chrome.137_0_7151_69.windows.RU_Inventory_Mass_State_Change_Multiple_Items_US151066" name="Prerequisite Step 2 Should create a new material" time="124.229">
      <system-out><![CDATA[
RESULT: undefined
COMMAND: POST /session/0edec6012a6aa8dfd2543f8ebfc03d1d/element - {"using":"xpath","value":"//*[@id=\"__tile40\"]"}
RESULT: {"using":"xpath","value":"//*[@id=\"__tile40\"]"}
COMMAND: POST /session/0edec6012a6aa8dfd2543f8ebfc03d1d/element/f.9B1EDAABCBD9CDA5B0DA3BD367ED2C8A.d.1F0E3DCF5EEF8BA1C7AF5767FA0A4C35.e.149/click - {}
RESULT: {}
COMMAND: GET /session/0edec6012a6aa8dfd2543f8ebfc03d1d/screenshot - {}
RESULT: {}
COMMAND: POST /session/0edec6012a6aa8dfd2543f8ebfc03d1d/elements - {"using":"xpath","value":"//span[text()='Error']"}
RESULT: {"using":"xpath","value":"//span[text()='Error']"}
COMMAND: POST /session/0edec6012a6aa8dfd2543f8ebfc03d1d/element - {"using":"xpath","value":"//button[@data-kt=\"addNewRUOverflowToolbarButton\"]"}
RESULT: {"using":"xpath","value":"//button[@data-kt=\"addNewRUOverflowToolbarButton\"]"}
COMMAND: POST /session/0edec6012a6aa8dfd2543f8ebfc03d1d/elements - {"using":"xpath","value":"//button[@data-kt=\"addNewRUOverflowToolbarButton\"]"}
RESULT: {"using":"xpath","value":"//button[@data-kt=\"addNewRUOverflowToolbarButton\"]"}
COMMAND: POST /session/0edec6012a6aa8dfd2543f8ebfc03d1d/execute/sync - {"script":"<script> [8489 bytes]","args":[{"element-6066-11e4-a52e-4f735466cecf":"f.9B1EDAABCBD9CDA5B0DA3BD367ED2C8A.d.1F0E3DCF5EEF8BA1C7AF5767FA0A4C35.e.2544","ELEMENT":"f.9B1EDAABCBD9CDA5B0DA3BD367ED2C8A.d.1F0E3DCF5EEF8BA1C7AF5767FA0A4C35.e.2544"}]}
RESULT: {"script":"<script> [8489 bytes]","args":[{"element-6066-11e4-a52e-4f735466cecf":"f.9B1EDAABCBD9CDA5B0DA3BD367ED2C8A.d.1F0E3DCF5EEF8BA1C7AF5767FA0A4C35.e.2544","ELEMENT":"f.9B1EDAABCBD9CDA5B0DA3BD367ED2C8A.d.1F0E3DCF5EEF8BA1C7AF5767FA0A4C35.e.2544"}]}
COMMAND: GET /session/0edec6012a6aa8dfd2543f8ebfc03d1d/element/f.9B1EDAABCBD9CDA5B0DA3BD367ED2C8A.d.1F0E3DCF5EEF8BA1C7AF5767FA0A4C35.e.2544/enabled - {}
COMMAND: GET /session/0edec6012a6aa8dfd2543f8ebfc03d1d/screenshot - {}
RESULT: {}
COMMAND: POST /session/0edec6012a6aa8dfd2543f8ebfc03d1d/execute/sync - {"script":"<script> [8489 bytes]","args":[{"element-6066-11e4-a52e-4f735466cecf":"f.9B1EDAABCBD9CDA5B0DA3BD367ED2C8A.d.1F0E3DCF5EEF8BA1C7AF5767FA0A4C35.e.2544","ELEMENT":"f.9B1EDAABCBD9CDA5B0DA3BD367ED2C8A.d.1F0E3DCF5EEF8BA1C7AF5767FA0A4C35.e.2544"}]}
COMMAND: GET /session/0edec6012a6aa8dfd2543f8ebfc03d1d/screenshot - {}
RESULT: {}
RESULT: {"script":"<script> [8489 bytes]","args":[{"element-6066-11e4-a52e-4f735466cecf":"f.9B1EDAABCBD9CDA5B0DA3BD367ED2C8A.d.1F0E3DCF5EEF8BA1C7AF5767FA0A4C35.e.2544","ELEMENT":"f.9B1EDAABCBD9CDA5B0DA3BD367ED2C8A.d.1F0E3DCF5EEF8BA1C7AF5767FA0A4C35.e.2544"}]}
COMMAND: POST /session/0edec6012a6aa8dfd2543f8ebfc03d1d/execute/sync - {"script":"<script> [5351 bytes]","args":[{"element-6066-11e4-a52e-4f735466cecf":"f.9B1EDAABCBD9CDA5B0DA3BD367ED2C8A.d.1F0E3DCF5EEF8BA1C7AF5767FA0A4C35.e.2544","ELEMENT":"f.9B1EDAABCBD9CDA5B0DA3BD367ED2C8A.d.1F0E3DCF5EEF8BA1C7AF5767FA0A4C35.e.2544"}]}
COMMAND: GET /session/0edec6012a6aa8dfd2543f8ebfc03d1d/screenshot - {}
RESULT: {}
RESULT: {"script":"<script> [5351 bytes]","args":[{"element-6066-11e4-a52e-4f735466cecf":"f.9B1EDAABCBD9CDA5B0DA3BD367ED2C8A.d.1F0E3DCF5EEF8BA1C7AF5767FA0A4C35.e.2544","ELEMENT":"f.9B1EDAABCBD9CDA5B0DA3BD367ED2C8A.d.1F0E3DCF5EEF8BA1C7AF5767FA0A4C35.e.2544"}]}
COMMAND: POST /session/0edec6012a6aa8dfd2543f8ebfc03d1d/element/f.9B1EDAABCBD9CDA5B0DA3BD367ED2C8A.d.1F0E3DCF5EEF8BA1C7AF5767FA0A4C35.e.2544/click - {}
COMMAND: GET /session/0edec6012a6aa8dfd2543f8ebfc03d1d/screenshot - {}
RESULT: {}
RESULT: {}
COMMAND: GET /session/0edec6012a6aa8dfd2543f8ebfc03d1d/screenshot - {}
RESULT: {}
RESULT: undefined
COMMAND: POST /session/0edec6012a6aa8dfd2543f8ebfc03d1d/element - {"using":"xpath","value":"//*[@id=\"application-manageresources-display-component---newResourceUnit--TYPE-arrow\"]"}
RESULT: {}
RESULT: {"using":"xpath","value":"//*[@id=\"application-manageresources-display-component---newResourceUnit--TYPE-arrow\"]"}
COMMAND: POST /session/0edec6012a6aa8dfd2543f8ebfc03d1d/element/f.9B1EDAABCBD9CDA5B0DA3BD367ED2C8A.d.1F0E3DCF5EEF8BA1C7AF5767FA0A4C35.e.2889/click - {}
RESULT: {}
COMMAND: POST /session/0edec6012a6aa8dfd2543f8ebfc03d1d/element - {"using":"xpath","value":"//input[@id=\"application-manageresources-display-component---newResourceUnit--TYPE-inner\"]"}
COMMAND: GET /session/0edec6012a6aa8dfd2543f8ebfc03d1d/screenshot - {}
RESULT: {"using":"xpath","value":"//input[@id=\"application-manageresources-display-component---newResourceUnit--TYPE-inner\"]"}
COMMAND: POST /session/0edec6012a6aa8dfd2543f8ebfc03d1d/element/f.9B1EDAABCBD9CDA5B0DA3BD367ED2C8A.d.1F0E3DCF5EEF8BA1C7AF5767FA0A4C35.e.2886/clear - {}
RESULT: {}
RESULT: {}
COMMAND: POST /session/0edec6012a6aa8dfd2543f8ebfc03d1d/element/f.9B1EDAABCBD9CDA5B0DA3BD367ED2C8A.d.1F0E3DCF5EEF8BA1C7AF5767FA0A4C35.e.2886/value - {"text":"Material"}
COMMAND: GET /session/0edec6012a6aa8dfd2543f8ebfc03d1d/screenshot - {}
RESULT: {"text":"Material"}
COMMAND: GET /session/0edec6012a6aa8dfd2543f8ebfc03d1d/screenshot - {}
RESULT: {}
RESULT: {}
COMMAND: POST /session/0edec6012a6aa8dfd2543f8ebfc03d1d/actions - {"actions":[{"id":"action15","type":"key","parameters":{},"actions":[{"type":"keyDown","value":""},{"type":"pause","duration":10},{"type":"keyUp","value":""}]}]}
RESULT: undefined
RESULT: undefined
RESULT: {"actions":[{"id":"action15","type":"key","parameters":{},"actions":[{"type":"keyDown","value":""},{"type":"pause","duration":10},{"type":"keyUp","value":""}]}]}
RESULT: undefined
COMMAND: POST /session/0edec6012a6aa8dfd2543f8ebfc03d1d/execute/async - {"script":"<script> [776 bytes]","args":[{"enterText":"Cement WDIO","selector":{"id":"application-manageresources-display-component---newResourceUnit--SHORT_TEXT","interaction":{"idSuffix":"inner"}},"clearTextFirst":true,"interactionType":"ENTER_TEXT"}]}
COMMAND: GET /session/0edec6012a6aa8dfd2543f8ebfc03d1d/screenshot - {}
RESULT: {"script":"<script> [776 bytes]","args":[{"enterText":"Cement WDIO","selector":{"id":"application-manageresources-display-component---newResourceUnit--SHORT_TEXT","interaction":{"idSuffix":"inner"}},"clearTextFirst":true,"interactionType":"ENTER_TEXT"}]}
RESULT: undefined
COMMAND: POST /session/0edec6012a6aa8dfd2543f8ebfc03d1d/execute/async - {"script":"<script> [776 bytes]","args":[{"enterText":"Piece","selector":{"id":"application-manageresources-display-component---newResourceUnit--BASE_UNIT_OF_MEASURE","interaction":{"idSuffix":"inner"}},"clearTextFirst":true,"interactionType":"ENTER_TEXT"}]}
RESULT: {}
RESULT: {"script":"<script> [776 bytes]","args":[{"enterText":"Piece","selector":{"id":"application-manageresources-display-component---newResourceUnit--BASE_UNIT_OF_MEASURE","interaction":{"idSuffix":"inner"}},"clearTextFirst":true,"interactionType":"ENTER_TEXT"}]}
RESULT: undefined
COMMAND: POST /session/0edec6012a6aa8dfd2543f8ebfc03d1d/execute/async - {"script":"<script> [776 bytes]","args":[{"enterText":"Gram","selector":{"id":"application-manageresources-display-component---newResourceUnit--WEIGHT_UNIT","interaction":{"idSuffix":"inner"}},"clearTextFirst":true,"interactionType":"ENTER_TEXT"}]}
RESULT: {"script":"<script> [776 bytes]","args":[{"enterText":"Gram","selector":{"id":"application-manageresources-display-component---newResourceUnit--WEIGHT_UNIT","interaction":{"idSuffix":"inner"}},"clearTextFirst":true,"interactionType":"ENTER_TEXT"}]}
RESULT: undefined
COMMAND: POST /session/0edec6012a6aa8dfd2543f8ebfc03d1d/execute/async - {"script":"<script> [776 bytes]","args":[{"enterText":"Meter","selector":{"id":"application-manageresources-display-component---newResourceUnit--DIMENSION_UNIT","interaction":{"idSuffix":"inner"}},"clearTextFirst":true,"interactionType":"ENTER_TEXT"}]}
RESULT: {"script":"<script> [776 bytes]","args":[{"enterText":"Meter","selector":{"id":"application-manageresources-display-component---newResourceUnit--DIMENSION_UNIT","interaction":{"idSuffix":"inner"}},"clearTextFirst":true,"interactionType":"ENTER_TEXT"}]}
RESULT: undefined
COMMAND: POST /session/0edec6012a6aa8dfd2543f8ebfc03d1d/element - {"using":"xpath","value":"//*[@id=\"application-manageresources-display-component---newResourceUnit--newRRUPage-anchBar-application-manageresources-display-component---newResourceUnit--control-anchor\"]"}
RESULT: {"using":"xpath","value":"//*[@id=\"application-manageresources-display-component---newResourceUnit--newRRUPage-anchBar-application-manageresources-display-component---newResourceUnit--control-anchor\"]"}
COMMAND: POST /session/0edec6012a6aa8dfd2543f8ebfc03d1d/element/f.9B1EDAABCBD9CDA5B0DA3BD367ED2C8A.d.1F0E3DCF5EEF8BA1C7AF5767FA0A4C35.e.3019/click - {}
RESULT: {}
RESULT: undefined
COMMAND: POST /session/0edec6012a6aa8dfd2543f8ebfc03d1d/execute/async - {"script":"<script> [776 bytes]","args":[{"enterText":"Material","selector":{"id":"application-manageresources-display-component---newResourceUnit--PLANNING_GROUP","interaction":{"idSuffix":"inner"}},"clearTextFirst":true,"interactionType":"ENTER_TEXT"}]}
COMMAND: GET /session/0edec6012a6aa8dfd2543f8ebfc03d1d/screenshot - {}
RESULT: {"script":"<script> [776 bytes]","args":[{"enterText":"Material","selector":{"id":"application-manageresources-display-component---newResourceUnit--PLANNING_GROUP","interaction":{"idSuffix":"inner"}},"clearTextFirst":true,"interactionType":"ENTER_TEXT"}]}
RESULT: {}
COMMAND: POST /session/0edec6012a6aa8dfd2543f8ebfc03d1d/execute/async - {"script":"<script> [1562 bytes]","args":[{"selector":{"id":"application-manageresources-display-component---newResourceUnit--PLANNING_INDICATOR","interaction":{"idSuffix":"inner"}},"wdio_ui5_key":"applicationmanageresources-display-component---newResourceUnit--PLANNING_INDICATOR"}]}
RESULT: {"script":"<script> [1562 bytes]","args":[{"selector":{"id":"application-manageresources-display-component---newResourceUnit--PLANNING_INDICATOR","interaction":{"idSuffix":"inner"}},"wdio_ui5_key":"applicationmanageresources-display-component---newResourceUnit--PLANNING_INDICATOR"}]}
RESULT: undefined
COMMAND: POST /session/0edec6012a6aa8dfd2543f8ebfc03d1d/execute/async - {"script":"<script> [776 bytes]","args":[{"enterText":"10 - infinite","selector":{"id":"application-manageresources-display-component---newResourceUnit--PLANNING_INDICATOR","interaction":{"idSuffix":"inner"}},"clearTextFirst":true,"interactionType":"ENTER_TEXT"}]}
RESULT: {"script":"<script> [776 bytes]","args":[{"enterText":"10 - infinite","selector":{"id":"application-manageresources-display-component---newResourceUnit--PLANNING_INDICATOR","interaction":{"idSuffix":"inner"}},"clearTextFirst":true,"interactionType":"ENTER_TEXT"}]}
COMMAND: POST /session/0edec6012a6aa8dfd2543f8ebfc03d1d/element - {"using":"css selector","value":"#application-manageresources-display-component---newResourceUnit--btnAddTimeSegment"}
RESULT: {"using":"css selector","value":"#application-manageresources-display-component---newResourceUnit--btnAddTimeSegment"}
COMMAND: GET /session/0edec6012a6aa8dfd2543f8ebfc03d1d/element/f.9B1EDAABCBD9CDA5B0DA3BD367ED2C8A.d.1F0E3DCF5EEF8BA1C7AF5767FA0A4C35.e.3028/rect - {}
RESULT: {}
COMMAND: GET /session/0edec6012a6aa8dfd2543f8ebfc03d1d/window/rect - {}
RESULT: {}
COMMAND: POST /session/0edec6012a6aa8dfd2543f8ebfc03d1d/execute/sync - {"script":"<script> [92 bytes]","args":[]}
RESULT: {"script":"<script> [92 bytes]","args":[]}
COMMAND: POST /session/0edec6012a6aa8dfd2543f8ebfc03d1d/actions - {"actions":[{"id":"action16","type":"wheel","parameters":{},"actions":[{"type":"scroll","x":-1888,"y":-32,"deltaX":0,"deltaY":0,"duration":0,"origin":{"element-6066-11e4-a52e-4f735466cecf":"f.9B1EDAABCBD9CDA5B0DA3BD367ED2C8A.d.1F0E3DCF5EEF8BA1C7AF5767FA0A4C35.e.3028"}}]}]}
COMMAND: GET /session/0edec6012a6aa8dfd2543f8ebfc03d1d/screenshot - {}
RESULT: {}
COMMAND: POST /session/0edec6012a6aa8dfd2543f8ebfc03d1d/execute/sync - {"script":"<script> [79 bytes]","args":[{"element-6066-11e4-a52e-4f735466cecf":"f.9B1EDAABCBD9CDA5B0DA3BD367ED2C8A.d.1F0E3DCF5EEF8BA1C7AF5767FA0A4C35.e.3028","ELEMENT":"f.9B1EDAABCBD9CDA5B0DA3BD367ED2C8A.d.1F0E3DCF5EEF8BA1C7AF5767FA0A4C35.e.3028"},{"block":"start","inline":"nearest"}]}
RESULT: {"script":"<script> [79 bytes]","args":[{"element-6066-11e4-a52e-4f735466cecf":"f.9B1EDAABCBD9CDA5B0DA3BD367ED2C8A.d.1F0E3DCF5EEF8BA1C7AF5767FA0A4C35.e.3028","ELEMENT":"f.9B1EDAABCBD9CDA5B0DA3BD367ED2C8A.d.1F0E3DCF5EEF8BA1C7AF5767FA0A4C35.e.3028"},{"block":"start","inline":"nearest"}]}
RESULT: undefined
COMMAND: POST /session/0edec6012a6aa8dfd2543f8ebfc03d1d/element - {"using":"xpath","value":"//*[@id=\"application-manageresources-display-component---newResourceUnit--btnAddTimeSegment\"]"}
COMMAND: GET /session/0edec6012a6aa8dfd2543f8ebfc03d1d/screenshot - {}
RESULT: {"using":"xpath","value":"//*[@id=\"application-manageresources-display-component---newResourceUnit--btnAddTimeSegment\"]"}
COMMAND: POST /session/0edec6012a6aa8dfd2543f8ebfc03d1d/element/f.9B1EDAABCBD9CDA5B0DA3BD367ED2C8A.d.1F0E3DCF5EEF8BA1C7AF5767FA0A4C35.e.3028/click - {}
RESULT: {}
RESULT: {}
COMMAND: GET /session/0edec6012a6aa8dfd2543f8ebfc03d1d/screenshot - {}
RESULT: {}
COMMAND: POST /session/0edec6012a6aa8dfd2543f8ebfc03d1d/element - {"using":"xpath","value":"//input[@id=\"application-manageresources-display-component---newResourceUnit--idRuTSAdmin-application-manageresources-display-component---newResourceUnit--RUTimeSegment-0-inner\"]"}
RESULT: {"using":"xpath","value":"//input[@id=\"application-manageresources-display-component---newResourceUnit--idRuTSAdmin-application-manageresources-display-component---newResourceUnit--RUTimeSegment-0-inner\"]"}
COMMAND: POST /session/0edec6012a6aa8dfd2543f8ebfc03d1d/element/f.9B1EDAABCBD9CDA5B0DA3BD367ED2C8A.d.1F0E3DCF5EEF8BA1C7AF5767FA0A4C35.e.3032/clear - {}
RESULT: {}
COMMAND: POST /session/0edec6012a6aa8dfd2543f8ebfc03d1d/element/f.9B1EDAABCBD9CDA5B0DA3BD367ED2C8A.d.1F0E3DCF5EEF8BA1C7AF5767FA0A4C35.e.3032/value - {"text":"109"}
COMMAND: GET /session/0edec6012a6aa8dfd2543f8ebfc03d1d/screenshot - {}
RESULT: {"text":"109"}
COMMAND: GET /session/0edec6012a6aa8dfd2543f8ebfc03d1d/screenshot - {}
RESULT: {}
RESULT: {}
COMMAND: POST /session/0edec6012a6aa8dfd2543f8ebfc03d1d/element - {"using":"xpath","value":"//li[.//span[text()='109']]"}
RESULT: {"using":"xpath","value":"//li[.//span[text()='109']]"}
COMMAND: POST /session/0edec6012a6aa8dfd2543f8ebfc03d1d/element/f.9B1EDAABCBD9CDA5B0DA3BD367ED2C8A.d.1F0E3DCF5EEF8BA1C7AF5767FA0A4C35.e.3043/click - {}
RESULT: {}
COMMAND: GET /session/0edec6012a6aa8dfd2543f8ebfc03d1d/screenshot - {}
RESULT: {}
COMMAND: POST /session/0edec6012a6aa8dfd2543f8ebfc03d1d/element - {"using":"xpath","value":"(//span[contains(@id, \"-application-manageresources-display-component---newResourceUnit--RUTimeSegment-0-arrow\")])[2]"}
RESULT: {"using":"xpath","value":"(//span[contains(@id, \"-application-manageresources-display-component---newResourceUnit--RUTimeSegment-0-arrow\")])[2]"}
COMMAND: POST /session/0edec6012a6aa8dfd2543f8ebfc03d1d/element/f.9B1EDAABCBD9CDA5B0DA3BD367ED2C8A.d.1F0E3DCF5EEF8BA1C7AF5767FA0A4C35.e.3044/click - {}
RESULT: {}
COMMAND: POST /session/0edec6012a6aa8dfd2543f8ebfc03d1d/element - {"using":"xpath","value":"//span[contains(text(), \"PM Order\")]"}
COMMAND: GET /session/0edec6012a6aa8dfd2543f8ebfc03d1d/screenshot - {}
RESULT: {"using":"xpath","value":"//span[contains(text(), \"PM Order\")]"}
COMMAND: POST /session/0edec6012a6aa8dfd2543f8ebfc03d1d/element/f.9B1EDAABCBD9CDA5B0DA3BD367ED2C8A.d.1F0E3DCF5EEF8BA1C7AF5767FA0A4C35.e.3045/click - {}
RESULT: {}
RESULT: {}
COMMAND: GET /session/0edec6012a6aa8dfd2543f8ebfc03d1d/screenshot - {}
RESULT: {}
COMMAND: POST /session/0edec6012a6aa8dfd2543f8ebfc03d1d/element - {"using":"xpath","value":"//td/div/div/div/span[contains(@id, \"newResourceUnit--RUTimeSegment-0-vhi\")][1]"}
RESULT: {"using":"xpath","value":"//td/div/div/div/span[contains(@id, \"newResourceUnit--RUTimeSegment-0-vhi\")][1]"}
COMMAND: GET /session/0edec6012a6aa8dfd2543f8ebfc03d1d/element/f.9B1EDAABCBD9CDA5B0DA3BD367ED2C8A.d.1F0E3DCF5EEF8BA1C7AF5767FA0A4C35.e.3049/rect - {}
RESULT: {}
COMMAND: GET /session/0edec6012a6aa8dfd2543f8ebfc03d1d/window/rect - {}
RESULT: {}
COMMAND: POST /session/0edec6012a6aa8dfd2543f8ebfc03d1d/execute/sync - {"script":"<script> [92 bytes]","args":[]}
RESULT: {"script":"<script> [92 bytes]","args":[]}
COMMAND: POST /session/0edec6012a6aa8dfd2543f8ebfc03d1d/actions - {"actions":[{"id":"action17","type":"wheel","parameters":{},"actions":[{"type":"scroll","x":-1888,"y":-24,"deltaX":0,"deltaY":0,"duration":0,"origin":{"element-6066-11e4-a52e-4f735466cecf":"f.9B1EDAABCBD9CDA5B0DA3BD367ED2C8A.d.1F0E3DCF5EEF8BA1C7AF5767FA0A4C35.e.3049"}}]}]}
COMMAND: GET /session/0edec6012a6aa8dfd2543f8ebfc03d1d/screenshot - {}
RESULT: {}
COMMAND: POST /session/0edec6012a6aa8dfd2543f8ebfc03d1d/execute/sync - {"script":"<script> [79 bytes]","args":[{"element-6066-11e4-a52e-4f735466cecf":"f.9B1EDAABCBD9CDA5B0DA3BD367ED2C8A.d.1F0E3DCF5EEF8BA1C7AF5767FA0A4C35.e.3049","ELEMENT":"f.9B1EDAABCBD9CDA5B0DA3BD367ED2C8A.d.1F0E3DCF5EEF8BA1C7AF5767FA0A4C35.e.3049"},{"block":"start","inline":"nearest"}]}
RESULT: {"script":"<script> [79 bytes]","args":[{"element-6066-11e4-a52e-4f735466cecf":"f.9B1EDAABCBD9CDA5B0DA3BD367ED2C8A.d.1F0E3DCF5EEF8BA1C7AF5767FA0A4C35.e.3049","ELEMENT":"f.9B1EDAABCBD9CDA5B0DA3BD367ED2C8A.d.1F0E3DCF5EEF8BA1C7AF5767FA0A4C35.e.3049"},{"block":"start","inline":"nearest"}]}
COMMAND: GET /session/0edec6012a6aa8dfd2543f8ebfc03d1d/screenshot - {}
RESULT: {}
COMMAND: POST /session/0edec6012a6aa8dfd2543f8ebfc03d1d/element/f.9B1EDAABCBD9CDA5B0DA3BD367ED2C8A.d.1F0E3DCF5EEF8BA1C7AF5767FA0A4C35.e.3049/click - {}
RESULT: {}
COMMAND: GET /session/0edec6012a6aa8dfd2543f8ebfc03d1d/screenshot - {}
RESULT: {}
RESULT: undefined
COMMAND: POST /session/0edec6012a6aa8dfd2543f8ebfc03d1d/execute/async - {"script":"<script> [776 bytes]","args":[{"enterText":"4000360","selector":{"controlType":"sap.m.SearchField","properties":{"placeholder":"Search"},"searchOpenDialogs":true,"interaction":{"idSuffix":"I"}},"clearTextFirst":true,"interactionType":"ENTER_TEXT"}]}
RESULT: {"script":"<script> [776 bytes]","args":[{"enterText":"4000360","selector":{"controlType":"sap.m.SearchField","properties":{"placeholder":"Search"},"searchOpenDialogs":true,"interaction":{"idSuffix":"I"}},"clearTextFirst":true,"interactionType":"ENTER_TEXT"}]}
COMMAND: POST /session/0edec6012a6aa8dfd2543f8ebfc03d1d/actions - {"actions":[{"id":"action18","type":"key","parameters":{},"actions":[{"type":"keyDown","value":""},{"type":"pause","duration":10},{"type":"keyUp","value":""}]}]}
RESULT: {"actions":[{"id":"action18","type":"key","parameters":{},"actions":[{"type":"keyDown","value":""},{"type":"pause","duration":10},{"type":"keyUp","value":""}]}]}
COMMAND: GET /session/0edec6012a6aa8dfd2543f8ebfc03d1d/screenshot - {}
RESULT: {}
COMMAND: POST /session/0edec6012a6aa8dfd2543f8ebfc03d1d/element - {"using":"xpath","value":"//td/div/span[contains(text(), \"BGL Vehicles\")]"}
RESULT: {"using":"xpath","value":"//td/div/span[contains(text(), \"BGL Vehicles\")]"}
COMMAND: POST /session/0edec6012a6aa8dfd2543f8ebfc03d1d/element/f.9B1EDAABCBD9CDA5B0DA3BD367ED2C8A.d.1F0E3DCF5EEF8BA1C7AF5767FA0A4C35.e.3070/click - {}
RESULT: {}
COMMAND: GET /session/0edec6012a6aa8dfd2543f8ebfc03d1d/screenshot - {}
RESULT: {}
COMMAND: POST /session/0edec6012a6aa8dfd2543f8ebfc03d1d/element - {"using":"xpath","value":"//bdi[contains(text(), \"OK\")]"}
RESULT: {"using":"xpath","value":"//bdi[contains(text(), \"OK\")]"}
COMMAND: POST /session/0edec6012a6aa8dfd2543f8ebfc03d1d/element/f.9B1EDAABCBD9CDA5B0DA3BD367ED2C8A.d.1F0E3DCF5EEF8BA1C7AF5767FA0A4C35.e.3071/click - {}
RESULT: {}
COMMAND: GET /session/0edec6012a6aa8dfd2543f8ebfc03d1d/screenshot - {}
RESULT: {}
COMMAND: POST /session/0edec6012a6aa8dfd2543f8ebfc03d1d/element - {"using":"xpath","value":"//label[contains(@class, 'sapMLabelRequired') and .//bdi[contains(text(), 'Planned Retirement')]]"}
RESULT: {"using":"xpath","value":"//label[contains(@class, 'sapMLabelRequired') and .//bdi[contains(text(), 'Planned Retirement')]]"}
COMMAND: POST /session/0edec6012a6aa8dfd2543f8ebfc03d1d/elements - {"using":"xpath","value":"//label[contains(@class, 'sapMLabelRequired') and .//bdi[contains(text(), 'Planned Retirement')]]"}
RESULT: {"using":"xpath","value":"//label[contains(@class, 'sapMLabelRequired') and .//bdi[contains(text(), 'Planned Retirement')]]"}
COMMAND: POST /session/0edec6012a6aa8dfd2543f8ebfc03d1d/element - {"using":"xpath","value":"//button[@data-kt=\"resourceUnitSaveButton\"]"}
RESULT: {"using":"xpath","value":"//button[@data-kt=\"resourceUnitSaveButton\"]"}
COMMAND: POST /session/0edec6012a6aa8dfd2543f8ebfc03d1d/element/f.9B1EDAABCBD9CDA5B0DA3BD367ED2C8A.d.1F0E3DCF5EEF8BA1C7AF5767FA0A4C35.e.2909/click - {}
RESULT: {}
COMMAND: GET /session/0edec6012a6aa8dfd2543f8ebfc03d1d/screenshot - {}
RESULT: {}
COMMAND: POST /session/0edec6012a6aa8dfd2543f8ebfc03d1d/element - {"using":"xpath","value":"//bdi[contains(text(), \"Close\")]"}
RESULT: {"using":"xpath","value":"//bdi[contains(text(), \"Close\")]"}
COMMAND: POST /session/0edec6012a6aa8dfd2543f8ebfc03d1d/element/f.9B1EDAABCBD9CDA5B0DA3BD367ED2C8A.d.1F0E3DCF5EEF8BA1C7AF5767FA0A4C35.e.3077/click - {}
RESULT: {}
COMMAND: GET /session/0edec6012a6aa8dfd2543f8ebfc03d1d/screenshot - {}
RESULT: {}
COMMAND: POST /session/0edec6012a6aa8dfd2543f8ebfc03d1d/element - {"using":"xpath","value":"//header[contains(@id, 'detailRruPage-headerTitle')]/div[1]/div[2]/div[2]/span[1]"}
RESULT: {"using":"xpath","value":"//header[contains(@id, 'detailRruPage-headerTitle')]/div[1]/div[2]/div[2]/span[1]"}
COMMAND: POST /session/0edec6012a6aa8dfd2543f8ebfc03d1d/elements - {"using":"xpath","value":"//header[contains(@id, 'detailRruPage-headerTitle')]/div[1]/div[2]/div[2]/span[1]"}
RESULT: {"using":"xpath","value":"//header[contains(@id, 'detailRruPage-headerTitle')]/div[1]/div[2]/div[2]/span[1]"}
COMMAND: POST /session/0edec6012a6aa8dfd2543f8ebfc03d1d/execute/sync - {"script":"<script> [56 bytes]","args":[{"element-6066-11e4-a52e-4f735466cecf":"f.9B1EDAABCBD9CDA5B0DA3BD367ED2C8A.d.1F0E3DCF5EEF8BA1C7AF5767FA0A4C35.e.3108","ELEMENT":"f.9B1EDAABCBD9CDA5B0DA3BD367ED2C8A.d.1F0E3DCF5EEF8BA1C7AF5767FA0A4C35.e.3108"}]}
RESULT: {"script":"<script> [56 bytes]","args":[{"element-6066-11e4-a52e-4f735466cecf":"f.9B1EDAABCBD9CDA5B0DA3BD367ED2C8A.d.1F0E3DCF5EEF8BA1C7AF5767FA0A4C35.e.3108","ELEMENT":"f.9B1EDAABCBD9CDA5B0DA3BD367ED2C8A.d.1F0E3DCF5EEF8BA1C7AF5767FA0A4C35.e.3108"}]}
COMMAND: POST /session/0edec6012a6aa8dfd2543f8ebfc03d1d/element - {"using":"css selector","value":"#shell-header-logo"}
COMMAND: GET /session/0edec6012a6aa8dfd2543f8ebfc03d1d/screenshot - {}
RESULT: {"using":"css selector","value":"#shell-header-logo"}
COMMAND: POST /session/0edec6012a6aa8dfd2543f8ebfc03d1d/element/f.9B1EDAABCBD9CDA5B0DA3BD367ED2C8A.d.1F0E3DCF5EEF8BA1C7AF5767FA0A4C35.e.2505/click - {}
RESULT: {}
RESULT: {}
COMMAND: GET /session/0edec6012a6aa8dfd2543f8ebfc03d1d/screenshot - {}
RESULT: {}
]]></system-out>
    </testcase>
    <testcase classname="chrome.137_0_7151_69.windows.RU_Inventory_Mass_State_Change_Multiple_Items_US151066" name="Prerequisite Step 2 Should do a stock increase handover for the equipment" time="100.188">
      <system-out><![CDATA[
COMMAND: POST /session/0edec6012a6aa8dfd2543f8ebfc03d1d/execute/async - {"script":"<script> [1562 bytes]","args":[{"selector":{"controlType":"sap.m.GenericTile","properties":{"header":"Manage Handovers"}},"wdio_ui5_key":"sapm.GenericTile{\"header\":\"Manage Handovers\"}"}]}
RESULT: {"script":"<script> [1562 bytes]","args":[{"selector":{"controlType":"sap.m.GenericTile","properties":{"header":"Manage Handovers"}},"wdio_ui5_key":"sapm.GenericTile{\"header\":\"Manage Handovers\"}"}]}
RESULT: undefined
COMMAND: POST /session/0edec6012a6aa8dfd2543f8ebfc03d1d/element - {"using":"xpath","value":"//*[@id=\"__tile135\"]"}
RESULT: {"using":"xpath","value":"//*[@id=\"__tile135\"]"}
COMMAND: POST /session/0edec6012a6aa8dfd2543f8ebfc03d1d/element/f.9B1EDAABCBD9CDA5B0DA3BD367ED2C8A.d.1F0E3DCF5EEF8BA1C7AF5767FA0A4C35.e.237/click - {}
RESULT: {}
COMMAND: GET /session/0edec6012a6aa8dfd2543f8ebfc03d1d/screenshot - {}
RESULT: {}
COMMAND: POST /session/0edec6012a6aa8dfd2543f8ebfc03d1d/elements - {"using":"xpath","value":"//span[text()='Error']"}
RESULT: {"using":"xpath","value":"//span[text()='Error']"}
COMMAND: POST /session/0edec6012a6aa8dfd2543f8ebfc03d1d/element - {"using":"xpath","value":"//button[@data-kt=\"masterHOAddButton\"]"}
RESULT: {"using":"xpath","value":"//button[@data-kt=\"masterHOAddButton\"]"}
COMMAND: POST /session/0edec6012a6aa8dfd2543f8ebfc03d1d/elements - {"using":"xpath","value":"//button[@data-kt=\"masterHOAddButton\"]"}
RESULT: {"using":"xpath","value":"//button[@data-kt=\"masterHOAddButton\"]"}
COMMAND: POST /session/0edec6012a6aa8dfd2543f8ebfc03d1d/execute/sync - {"script":"<script> [8489 bytes]","args":[{"element-6066-11e4-a52e-4f735466cecf":"f.9B1EDAABCBD9CDA5B0DA3BD367ED2C8A.d.1F0E3DCF5EEF8BA1C7AF5767FA0A4C35.e.3149","ELEMENT":"f.9B1EDAABCBD9CDA5B0DA3BD367ED2C8A.d.1F0E3DCF5EEF8BA1C7AF5767FA0A4C35.e.3149"}]}
RESULT: {"script":"<script> [8489 bytes]","args":[{"element-6066-11e4-a52e-4f735466cecf":"f.9B1EDAABCBD9CDA5B0DA3BD367ED2C8A.d.1F0E3DCF5EEF8BA1C7AF5767FA0A4C35.e.3149","ELEMENT":"f.9B1EDAABCBD9CDA5B0DA3BD367ED2C8A.d.1F0E3DCF5EEF8BA1C7AF5767FA0A4C35.e.3149"}]}
COMMAND: GET /session/0edec6012a6aa8dfd2543f8ebfc03d1d/element/f.9B1EDAABCBD9CDA5B0DA3BD367ED2C8A.d.1F0E3DCF5EEF8BA1C7AF5767FA0A4C35.e.3149/enabled - {}
COMMAND: GET /session/0edec6012a6aa8dfd2543f8ebfc03d1d/screenshot - {}
RESULT: {}
COMMAND: POST /session/0edec6012a6aa8dfd2543f8ebfc03d1d/execute/sync - {"script":"<script> [8489 bytes]","args":[{"element-6066-11e4-a52e-4f735466cecf":"f.9B1EDAABCBD9CDA5B0DA3BD367ED2C8A.d.1F0E3DCF5EEF8BA1C7AF5767FA0A4C35.e.3149","ELEMENT":"f.9B1EDAABCBD9CDA5B0DA3BD367ED2C8A.d.1F0E3DCF5EEF8BA1C7AF5767FA0A4C35.e.3149"}]}
COMMAND: GET /session/0edec6012a6aa8dfd2543f8ebfc03d1d/screenshot - {}
RESULT: {}
RESULT: {"script":"<script> [8489 bytes]","args":[{"element-6066-11e4-a52e-4f735466cecf":"f.9B1EDAABCBD9CDA5B0DA3BD367ED2C8A.d.1F0E3DCF5EEF8BA1C7AF5767FA0A4C35.e.3149","ELEMENT":"f.9B1EDAABCBD9CDA5B0DA3BD367ED2C8A.d.1F0E3DCF5EEF8BA1C7AF5767FA0A4C35.e.3149"}]}
COMMAND: POST /session/0edec6012a6aa8dfd2543f8ebfc03d1d/execute/sync - {"script":"<script> [5351 bytes]","args":[{"element-6066-11e4-a52e-4f735466cecf":"f.9B1EDAABCBD9CDA5B0DA3BD367ED2C8A.d.1F0E3DCF5EEF8BA1C7AF5767FA0A4C35.e.3149","ELEMENT":"f.9B1EDAABCBD9CDA5B0DA3BD367ED2C8A.d.1F0E3DCF5EEF8BA1C7AF5767FA0A4C35.e.3149"}]}
COMMAND: GET /session/0edec6012a6aa8dfd2543f8ebfc03d1d/screenshot - {}
RESULT: {}
RESULT: {"script":"<script> [5351 bytes]","args":[{"element-6066-11e4-a52e-4f735466cecf":"f.9B1EDAABCBD9CDA5B0DA3BD367ED2C8A.d.1F0E3DCF5EEF8BA1C7AF5767FA0A4C35.e.3149","ELEMENT":"f.9B1EDAABCBD9CDA5B0DA3BD367ED2C8A.d.1F0E3DCF5EEF8BA1C7AF5767FA0A4C35.e.3149"}]}
COMMAND: POST /session/0edec6012a6aa8dfd2543f8ebfc03d1d/element/f.9B1EDAABCBD9CDA5B0DA3BD367ED2C8A.d.1F0E3DCF5EEF8BA1C7AF5767FA0A4C35.e.3149/click - {}
COMMAND: GET /session/0edec6012a6aa8dfd2543f8ebfc03d1d/screenshot - {}
RESULT: {}
RESULT: {}
COMMAND: GET /session/0edec6012a6aa8dfd2543f8ebfc03d1d/screenshot - {}
COMMAND: POST /session/0edec6012a6aa8dfd2543f8ebfc03d1d/element - {"using":"xpath","value":"//span[contains(@id ,\"AddNewHO--typeSelect-arrow\")]"}
RESULT: {}
RESULT: {}
RESULT: {"using":"xpath","value":"//span[contains(@id ,\"AddNewHO--typeSelect-arrow\")]"}
COMMAND: POST /session/0edec6012a6aa8dfd2543f8ebfc03d1d/element/f.9B1EDAABCBD9CDA5B0DA3BD367ED2C8A.d.1F0E3DCF5EEF8BA1C7AF5767FA0A4C35.e.3485/click - {}
RESULT: {}
COMMAND: GET /session/0edec6012a6aa8dfd2543f8ebfc03d1d/screenshot - {}
RESULT: {}
COMMAND: POST /session/0edec6012a6aa8dfd2543f8ebfc03d1d/element - {"using":"xpath","value":"(//li[contains(text(), \"stock increase yard\")])[1]"}
RESULT: {"using":"xpath","value":"(//li[contains(text(), \"stock increase yard\")])[1]"}
COMMAND: POST /session/0edec6012a6aa8dfd2543f8ebfc03d1d/element/f.9B1EDAABCBD9CDA5B0DA3BD367ED2C8A.d.1F0E3DCF5EEF8BA1C7AF5767FA0A4C35.e.3486/click - {}
RESULT: {}
COMMAND: GET /session/0edec6012a6aa8dfd2543f8ebfc03d1d/screenshot - {}
RESULT: {}
COMMAND: POST /session/0edec6012a6aa8dfd2543f8ebfc03d1d/execute/async - {"script":"<script> [1562 bytes]","args":[{"selector":{"id":"application-managehandovers-display-component---AddNewHO--dueDate","interaction":{"idSuffix":"inner"}},"wdio_ui5_key":"applicationmanagehandovers-display-component---AddNewHO--dueDate"}]}
RESULT: {"script":"<script> [1562 bytes]","args":[{"selector":{"id":"application-managehandovers-display-component---AddNewHO--dueDate","interaction":{"idSuffix":"inner"}},"wdio_ui5_key":"applicationmanagehandovers-display-component---AddNewHO--dueDate"}]}
RESULT: undefined
COMMAND: POST /session/0edec6012a6aa8dfd2543f8ebfc03d1d/execute/async - {"script":"<script> [6424 bytes]","args":[{"element-6066-11e4-a52e-4f735466cecf":"f.9B1EDAABCBD9CDA5B0DA3BD367ED2C8A.d.1F0E3DCF5EEF8BA1C7AF5767FA0A4C35.e.3490"},"setValue",["6/14/25"]]}
RESULT: {"script":"<script> [6424 bytes]","args":[{"element-6066-11e4-a52e-4f735466cecf":"f.9B1EDAABCBD9CDA5B0DA3BD367ED2C8A.d.1F0E3DCF5EEF8BA1C7AF5767FA0A4C35.e.3490"},"setValue",["6/14/25"]]}
COMMAND: POST /session/0edec6012a6aa8dfd2543f8ebfc03d1d/element - {"using":"xpath","value":"//input[@id=\"generalSectionFrg--receiveYard-inner\"]"}
RESULT: {"using":"xpath","value":"//input[@id=\"generalSectionFrg--receiveYard-inner\"]"}
COMMAND: POST /session/0edec6012a6aa8dfd2543f8ebfc03d1d/element/f.9B1EDAABCBD9CDA5B0DA3BD367ED2C8A.d.1F0E3DCF5EEF8BA1C7AF5767FA0A4C35.e.3496/clear - {}
RESULT: {}
COMMAND: POST /session/0edec6012a6aa8dfd2543f8ebfc03d1d/element/f.9B1EDAABCBD9CDA5B0DA3BD367ED2C8A.d.1F0E3DCF5EEF8BA1C7AF5767FA0A4C35.e.3496/value - {"text":"109"}
COMMAND: GET /session/0edec6012a6aa8dfd2543f8ebfc03d1d/screenshot - {}
RESULT: {"text":"109"}
COMMAND: GET /session/0edec6012a6aa8dfd2543f8ebfc03d1d/screenshot - {}
RESULT: {}
RESULT: {}
COMMAND: POST /session/0edec6012a6aa8dfd2543f8ebfc03d1d/element - {"using":"xpath","value":"//li[.//span[contains(normalize-space(.), '109 -')]]"}
RESULT: {"using":"xpath","value":"//li[.//span[contains(normalize-space(.), '109 -')]]"}
COMMAND: POST /session/0edec6012a6aa8dfd2543f8ebfc03d1d/element/f.9B1EDAABCBD9CDA5B0DA3BD367ED2C8A.d.1F0E3DCF5EEF8BA1C7AF5767FA0A4C35.e.3510/click - {}
RESULT: {}
COMMAND: GET /session/0edec6012a6aa8dfd2543f8ebfc03d1d/screenshot - {}
RESULT: {}
COMMAND: POST /session/0edec6012a6aa8dfd2543f8ebfc03d1d/execute/async - {"script":"<script> [1562 bytes]","args":[{"selector":{"id":"application-managehandovers-display-component---AddNewHO--ObjectPageLayout-anchBar-application-managehandovers-display-component---AddNewHO--section4-anchor","interaction":{"idSuffix":"BDI-content"}},"wdio_ui5_key":"applicationmanagehandovers-display-component---AddNewHO--ObjectPageLayout-anchBar-application-managehandovers-display-component---AddNewHO--section4-anchor"}]}
RESULT: {"script":"<script> [1562 bytes]","args":[{"selector":{"id":"application-managehandovers-display-component---AddNewHO--ObjectPageLayout-anchBar-application-managehandovers-display-component---AddNewHO--section4-anchor","interaction":{"idSuffix":"BDI-content"}},"wdio_ui5_key":"applicationmanagehandovers-display-component---AddNewHO--ObjectPageLayout-anchBar-application-managehandovers-display-component---AddNewHO--section4-anchor"}]}
RESULT: undefined
COMMAND: POST /session/0edec6012a6aa8dfd2543f8ebfc03d1d/element - {"using":"xpath","value":"//*[@id=\"application-managehandovers-display-component---AddNewHO--ObjectPageLayout-anchBar-application-managehandovers-display-component---AddNewHO--section4-anchor\"]"}
RESULT: {"using":"xpath","value":"//*[@id=\"application-managehandovers-display-component---AddNewHO--ObjectPageLayout-anchBar-application-managehandovers-display-component---AddNewHO--section4-anchor\"]"}
COMMAND: POST /session/0edec6012a6aa8dfd2543f8ebfc03d1d/element/f.9B1EDAABCBD9CDA5B0DA3BD367ED2C8A.d.1F0E3DCF5EEF8BA1C7AF5767FA0A4C35.e.3512/click - {}
RESULT: {}
COMMAND: GET /session/0edec6012a6aa8dfd2543f8ebfc03d1d/screenshot - {}
RESULT: {}
COMMAND: POST /session/0edec6012a6aa8dfd2543f8ebfc03d1d/element - {"using":"xpath","value":"//button[@aria-label=\"Add\"]"}
RESULT: {"using":"xpath","value":"//button[@aria-label=\"Add\"]"}
COMMAND: POST /session/0edec6012a6aa8dfd2543f8ebfc03d1d/element/f.9B1EDAABCBD9CDA5B0DA3BD367ED2C8A.d.1F0E3DCF5EEF8BA1C7AF5767FA0A4C35.e.3516/click - {}
RESULT: {}
COMMAND: GET /session/0edec6012a6aa8dfd2543f8ebfc03d1d/screenshot - {}
RESULT: {}
COMMAND: POST /session/0edec6012a6aa8dfd2543f8ebfc03d1d/execute/async - {"script":"<script> [1562 bytes]","args":[{"selector":{"id":"application-managehandovers-display-component---AddNewHO--smartFilterBar-btnBasicSearch","searchOpenDialogs":true,"interaction":{"idSuffix":"I"}},"wdio_ui5_key":"applicationmanagehandovers-display-component---AddNewHO--smartFilterBar-btnBasicSearch"}]}
RESULT: {"script":"<script> [1562 bytes]","args":[{"selector":{"id":"application-managehandovers-display-component---AddNewHO--smartFilterBar-btnBasicSearch","searchOpenDialogs":true,"interaction":{"idSuffix":"I"}},"wdio_ui5_key":"applicationmanagehandovers-display-component---AddNewHO--smartFilterBar-btnBasicSearch"}]}
RESULT: undefined
COMMAND: POST /session/0edec6012a6aa8dfd2543f8ebfc03d1d/execute/async - {"script":"<script> [776 bytes]","args":[{"enterText":"W63YWx0iS6","selector":{"id":"application-managehandovers-display-component---AddNewHO--smartFilterBar-btnBasicSearch","searchOpenDialogs":true,"interaction":{"idSuffix":"I"}},"clearTextFirst":true,"interactionType":"ENTER_TEXT"}]}
RESULT: {"script":"<script> [776 bytes]","args":[{"enterText":"W63YWx0iS6","selector":{"id":"application-managehandovers-display-component---AddNewHO--smartFilterBar-btnBasicSearch","searchOpenDialogs":true,"interaction":{"idSuffix":"I"}},"clearTextFirst":true,"interactionType":"ENTER_TEXT"}]}
COMMAND: POST /session/0edec6012a6aa8dfd2543f8ebfc03d1d/actions - {"actions":[{"id":"action19","type":"key","parameters":{},"actions":[{"type":"keyDown","value":""},{"type":"pause","duration":10},{"type":"keyUp","value":""}]}]}
RESULT: {"actions":[{"id":"action19","type":"key","parameters":{},"actions":[{"type":"keyDown","value":""},{"type":"pause","duration":10},{"type":"keyUp","value":""}]}]}
COMMAND: GET /session/0edec6012a6aa8dfd2543f8ebfc03d1d/screenshot - {}
RESULT: {}
COMMAND: POST /session/0edec6012a6aa8dfd2543f8ebfc03d1d/execute/async - {"script":"<script> [1562 bytes]","args":[{"selector":{"id":"application-managehandovers-display-component---AddNewHO--popup-sa","searchOpenDialogs":true,"interaction":{"idSuffix":"CbBg"}},"wdio_ui5_key":"applicationmanagehandovers-display-component---AddNewHO--popup-sa"}]}
RESULT: {"script":"<script> [1562 bytes]","args":[{"selector":{"id":"application-managehandovers-display-component---AddNewHO--popup-sa","searchOpenDialogs":true,"interaction":{"idSuffix":"CbBg"}},"wdio_ui5_key":"applicationmanagehandovers-display-component---AddNewHO--popup-sa"}]}
RESULT: undefined
COMMAND: POST /session/0edec6012a6aa8dfd2543f8ebfc03d1d/element - {"using":"xpath","value":"//*[@id=\"application-managehandovers-display-component---AddNewHO--popup-sa\"]"}
RESULT: {"using":"xpath","value":"//*[@id=\"application-managehandovers-display-component---AddNewHO--popup-sa\"]"}
COMMAND: POST /session/0edec6012a6aa8dfd2543f8ebfc03d1d/element/f.9B1EDAABCBD9CDA5B0DA3BD367ED2C8A.d.1F0E3DCF5EEF8BA1C7AF5767FA0A4C35.e.3669/click - {}
RESULT: {}
COMMAND: GET /session/0edec6012a6aa8dfd2543f8ebfc03d1d/screenshot - {}
RESULT: {}
COMMAND: POST /session/0edec6012a6aa8dfd2543f8ebfc03d1d/element - {"using":"xpath","value":"//bdi[contains(text(), \"Select\")]"}
RESULT: {"using":"xpath","value":"//bdi[contains(text(), \"Select\")]"}
COMMAND: POST /session/0edec6012a6aa8dfd2543f8ebfc03d1d/element/f.9B1EDAABCBD9CDA5B0DA3BD367ED2C8A.d.1F0E3DCF5EEF8BA1C7AF5767FA0A4C35.e.3670/click - {}
RESULT: {}
COMMAND: GET /session/0edec6012a6aa8dfd2543f8ebfc03d1d/screenshot - {}
RESULT: {}
COMMAND: POST /session/0edec6012a6aa8dfd2543f8ebfc03d1d/element - {"using":"xpath","value":"//button[@data-kt=\"AddNewHOSaveButton\"]"}
RESULT: {"using":"xpath","value":"//button[@data-kt=\"AddNewHOSaveButton\"]"}
COMMAND: POST /session/0edec6012a6aa8dfd2543f8ebfc03d1d/element/f.9B1EDAABCBD9CDA5B0DA3BD367ED2C8A.d.1F0E3DCF5EEF8BA1C7AF5767FA0A4C35.e.3674/click - {}
RESULT: {}
COMMAND: GET /session/0edec6012a6aa8dfd2543f8ebfc03d1d/screenshot - {}
RESULT: {}
COMMAND: POST /session/0edec6012a6aa8dfd2543f8ebfc03d1d/execute/async - {"script":"<script> [1562 bytes]","args":[{"selector":{"id":"receiptDatePicker","viewName":"etm.portal.ui.managehandovers.view.DetailExecuteHO","interaction":{"idSuffix":"inner"}},"wdio_ui5_key":"receiptDatePickeretmportal.ui.managehandovers.view.DetailExecuteHO"}]}
RESULT: {"script":"<script> [1562 bytes]","args":[{"selector":{"id":"receiptDatePicker","viewName":"etm.portal.ui.managehandovers.view.DetailExecuteHO","interaction":{"idSuffix":"inner"}},"wdio_ui5_key":"receiptDatePickeretmportal.ui.managehandovers.view.DetailExecuteHO"}]}
RESULT: undefined
COMMAND: POST /session/0edec6012a6aa8dfd2543f8ebfc03d1d/execute/async - {"script":"<script> [6424 bytes]","args":[{"element-6066-11e4-a52e-4f735466cecf":"f.9B1EDAABCBD9CDA5B0DA3BD367ED2C8A.d.1F0E3DCF5EEF8BA1C7AF5767FA0A4C35.e.3698"},"setValue",["6/14/25"]]}
RESULT: {"script":"<script> [6424 bytes]","args":[{"element-6066-11e4-a52e-4f735466cecf":"f.9B1EDAABCBD9CDA5B0DA3BD367ED2C8A.d.1F0E3DCF5EEF8BA1C7AF5767FA0A4C35.e.3698"},"setValue",["6/14/25"]]}
COMMAND: POST /session/0edec6012a6aa8dfd2543f8ebfc03d1d/element - {"using":"xpath","value":"//button[@data-kt=\"ReceivingTableConfirmAllButton\"]"}
RESULT: {"using":"xpath","value":"//button[@data-kt=\"ReceivingTableConfirmAllButton\"]"}
COMMAND: POST /session/0edec6012a6aa8dfd2543f8ebfc03d1d/element/f.9B1EDAABCBD9CDA5B0DA3BD367ED2C8A.d.1F0E3DCF5EEF8BA1C7AF5767FA0A4C35.e.3714/click - {}
RESULT: {}
COMMAND: GET /session/0edec6012a6aa8dfd2543f8ebfc03d1d/screenshot - {}
RESULT: {}
COMMAND: POST /session/0edec6012a6aa8dfd2543f8ebfc03d1d/element - {"using":"xpath","value":"//bdi[contains(text(), \"OK\")]"}
RESULT: {"using":"xpath","value":"//bdi[contains(text(), \"OK\")]"}
COMMAND: POST /session/0edec6012a6aa8dfd2543f8ebfc03d1d/element/f.9B1EDAABCBD9CDA5B0DA3BD367ED2C8A.d.1F0E3DCF5EEF8BA1C7AF5767FA0A4C35.e.3716/click - {}
RESULT: {}
COMMAND: GET /session/0edec6012a6aa8dfd2543f8ebfc03d1d/screenshot - {}
RESULT: {}
COMMAND: POST /session/0edec6012a6aa8dfd2543f8ebfc03d1d/element - {"using":"xpath","value":"(//bdi[contains(text(), \"Receive\")])[2]"}
RESULT: {"using":"xpath","value":"(//bdi[contains(text(), \"Receive\")])[2]"}
COMMAND: POST /session/0edec6012a6aa8dfd2543f8ebfc03d1d/element/f.9B1EDAABCBD9CDA5B0DA3BD367ED2C8A.d.1F0E3DCF5EEF8BA1C7AF5767FA0A4C35.e.3718/click - {}
RESULT: {}
COMMAND: GET /session/0edec6012a6aa8dfd2543f8ebfc03d1d/screenshot - {}
RESULT: {}
COMMAND: POST /session/0edec6012a6aa8dfd2543f8ebfc03d1d/element - {"using":"css selector","value":"#shell-header-logo"}
RESULT: {"using":"css selector","value":"#shell-header-logo"}
COMMAND: POST /session/0edec6012a6aa8dfd2543f8ebfc03d1d/element/f.9B1EDAABCBD9CDA5B0DA3BD367ED2C8A.d.1F0E3DCF5EEF8BA1C7AF5767FA0A4C35.e.3112/click - {}
RESULT: {}
COMMAND: GET /session/0edec6012a6aa8dfd2543f8ebfc03d1d/screenshot - {}
RESULT: {}
]]></system-out>
    </testcase>
    <testcase classname="chrome.137_0_7151_69.windows.RU_Inventory_Mass_State_Change_Multiple_Items_US151066" name="Prerequisite Step 2 Should do a stock increase handover for the material" time="98.76">
      <system-out><![CDATA[
RESULT: undefined
COMMAND: POST /session/0edec6012a6aa8dfd2543f8ebfc03d1d/element - {"using":"xpath","value":"//*[@id=\"__tile135\"]"}
RESULT: {"using":"xpath","value":"//*[@id=\"__tile135\"]"}
COMMAND: POST /session/0edec6012a6aa8dfd2543f8ebfc03d1d/element/f.9B1EDAABCBD9CDA5B0DA3BD367ED2C8A.d.1F0E3DCF5EEF8BA1C7AF5767FA0A4C35.e.237/click - {}
RESULT: {}
COMMAND: GET /session/0edec6012a6aa8dfd2543f8ebfc03d1d/screenshot - {}
RESULT: {}
COMMAND: POST /session/0edec6012a6aa8dfd2543f8ebfc03d1d/elements - {"using":"xpath","value":"//span[text()='Error']"}
RESULT: {"using":"xpath","value":"//span[text()='Error']"}
COMMAND: POST /session/0edec6012a6aa8dfd2543f8ebfc03d1d/element - {"using":"xpath","value":"//button[@data-kt=\"masterHOAddButton\"]"}
RESULT: {"using":"xpath","value":"//button[@data-kt=\"masterHOAddButton\"]"}
COMMAND: POST /session/0edec6012a6aa8dfd2543f8ebfc03d1d/elements - {"using":"xpath","value":"//button[@data-kt=\"masterHOAddButton\"]"}
RESULT: {"using":"xpath","value":"//button[@data-kt=\"masterHOAddButton\"]"}
COMMAND: POST /session/0edec6012a6aa8dfd2543f8ebfc03d1d/execute/sync - {"script":"<script> [8489 bytes]","args":[{"element-6066-11e4-a52e-4f735466cecf":"f.9B1EDAABCBD9CDA5B0DA3BD367ED2C8A.d.1F0E3DCF5EEF8BA1C7AF5767FA0A4C35.e.4050","ELEMENT":"f.9B1EDAABCBD9CDA5B0DA3BD367ED2C8A.d.1F0E3DCF5EEF8BA1C7AF5767FA0A4C35.e.4050"}]}
RESULT: {"script":"<script> [8489 bytes]","args":[{"element-6066-11e4-a52e-4f735466cecf":"f.9B1EDAABCBD9CDA5B0DA3BD367ED2C8A.d.1F0E3DCF5EEF8BA1C7AF5767FA0A4C35.e.4050","ELEMENT":"f.9B1EDAABCBD9CDA5B0DA3BD367ED2C8A.d.1F0E3DCF5EEF8BA1C7AF5767FA0A4C35.e.4050"}]}
COMMAND: GET /session/0edec6012a6aa8dfd2543f8ebfc03d1d/element/f.9B1EDAABCBD9CDA5B0DA3BD367ED2C8A.d.1F0E3DCF5EEF8BA1C7AF5767FA0A4C35.e.4050/enabled - {}
COMMAND: GET /session/0edec6012a6aa8dfd2543f8ebfc03d1d/screenshot - {}
RESULT: {}
COMMAND: POST /session/0edec6012a6aa8dfd2543f8ebfc03d1d/execute/sync - {"script":"<script> [8489 bytes]","args":[{"element-6066-11e4-a52e-4f735466cecf":"f.9B1EDAABCBD9CDA5B0DA3BD367ED2C8A.d.1F0E3DCF5EEF8BA1C7AF5767FA0A4C35.e.4050","ELEMENT":"f.9B1EDAABCBD9CDA5B0DA3BD367ED2C8A.d.1F0E3DCF5EEF8BA1C7AF5767FA0A4C35.e.4050"}]}
COMMAND: GET /session/0edec6012a6aa8dfd2543f8ebfc03d1d/screenshot - {}
RESULT: {}
RESULT: {"script":"<script> [8489 bytes]","args":[{"element-6066-11e4-a52e-4f735466cecf":"f.9B1EDAABCBD9CDA5B0DA3BD367ED2C8A.d.1F0E3DCF5EEF8BA1C7AF5767FA0A4C35.e.4050","ELEMENT":"f.9B1EDAABCBD9CDA5B0DA3BD367ED2C8A.d.1F0E3DCF5EEF8BA1C7AF5767FA0A4C35.e.4050"}]}
COMMAND: POST /session/0edec6012a6aa8dfd2543f8ebfc03d1d/execute/sync - {"script":"<script> [5351 bytes]","args":[{"element-6066-11e4-a52e-4f735466cecf":"f.9B1EDAABCBD9CDA5B0DA3BD367ED2C8A.d.1F0E3DCF5EEF8BA1C7AF5767FA0A4C35.e.4050","ELEMENT":"f.9B1EDAABCBD9CDA5B0DA3BD367ED2C8A.d.1F0E3DCF5EEF8BA1C7AF5767FA0A4C35.e.4050"}]}
COMMAND: GET /session/0edec6012a6aa8dfd2543f8ebfc03d1d/screenshot - {}
RESULT: {}
RESULT: {"script":"<script> [5351 bytes]","args":[{"element-6066-11e4-a52e-4f735466cecf":"f.9B1EDAABCBD9CDA5B0DA3BD367ED2C8A.d.1F0E3DCF5EEF8BA1C7AF5767FA0A4C35.e.4050","ELEMENT":"f.9B1EDAABCBD9CDA5B0DA3BD367ED2C8A.d.1F0E3DCF5EEF8BA1C7AF5767FA0A4C35.e.4050"}]}
COMMAND: POST /session/0edec6012a6aa8dfd2543f8ebfc03d1d/element/f.9B1EDAABCBD9CDA5B0DA3BD367ED2C8A.d.1F0E3DCF5EEF8BA1C7AF5767FA0A4C35.e.4050/click - {}
COMMAND: GET /session/0edec6012a6aa8dfd2543f8ebfc03d1d/screenshot - {}
RESULT: {}
RESULT: {}
COMMAND: GET /session/0edec6012a6aa8dfd2543f8ebfc03d1d/screenshot - {}
COMMAND: POST /session/0edec6012a6aa8dfd2543f8ebfc03d1d/element - {"using":"xpath","value":"//span[contains(@id ,\"AddNewHO--typeSelect-arrow\")]"}
RESULT: {}
RESULT: {}
RESULT: {"using":"xpath","value":"//span[contains(@id ,\"AddNewHO--typeSelect-arrow\")]"}
COMMAND: POST /session/0edec6012a6aa8dfd2543f8ebfc03d1d/element/f.9B1EDAABCBD9CDA5B0DA3BD367ED2C8A.d.1F0E3DCF5EEF8BA1C7AF5767FA0A4C35.e.4439/click - {}
RESULT: {}
COMMAND: GET /session/0edec6012a6aa8dfd2543f8ebfc03d1d/screenshot - {}
RESULT: {}
COMMAND: POST /session/0edec6012a6aa8dfd2543f8ebfc03d1d/element - {"using":"xpath","value":"(//li[contains(text(), \"stock increase yard\")])[1]"}
RESULT: {"using":"xpath","value":"(//li[contains(text(), \"stock increase yard\")])[1]"}
COMMAND: POST /session/0edec6012a6aa8dfd2543f8ebfc03d1d/element/f.9B1EDAABCBD9CDA5B0DA3BD367ED2C8A.d.1F0E3DCF5EEF8BA1C7AF5767FA0A4C35.e.4440/click - {}
RESULT: {}
COMMAND: GET /session/0edec6012a6aa8dfd2543f8ebfc03d1d/screenshot - {}
RESULT: {}
RESULT: undefined
COMMAND: POST /session/0edec6012a6aa8dfd2543f8ebfc03d1d/execute/async - {"script":"<script> [6424 bytes]","args":[{"element-6066-11e4-a52e-4f735466cecf":"f.9B1EDAABCBD9CDA5B0DA3BD367ED2C8A.d.1F0E3DCF5EEF8BA1C7AF5767FA0A4C35.e.3490"},"setValue",["6/14/25"]]}
COMMAND: POST /session/0edec6012a6aa8dfd2543f8ebfc03d1d/execute/async - {"script":"<script> [1562 bytes]","args":[{"selector":{"id":"application-managehandovers-display-component---AddNewHO--dueDate","interaction":{"idSuffix":"inner"}},"wdio_ui5_key":"applicationmanagehandovers-display-component---AddNewHO--dueDate"}]}
RESULT: {"script":"<script> [1562 bytes]","args":[{"selector":{"id":"application-managehandovers-display-component---AddNewHO--dueDate","interaction":{"idSuffix":"inner"}},"wdio_ui5_key":"applicationmanagehandovers-display-component---AddNewHO--dueDate"}]}
COMMAND: POST /session/0edec6012a6aa8dfd2543f8ebfc03d1d/execute/async - {"script":"<script> [6424 bytes]","args":[{"element-6066-11e4-a52e-4f735466cecf":"f.9B1EDAABCBD9CDA5B0DA3BD367ED2C8A.d.1F0E3DCF5EEF8BA1C7AF5767FA0A4C35.e.4444"},"setValue",["6/14/25"]]}
RESULT: {"script":"<script> [6424 bytes]","args":[{"element-6066-11e4-a52e-4f735466cecf":"f.9B1EDAABCBD9CDA5B0DA3BD367ED2C8A.d.1F0E3DCF5EEF8BA1C7AF5767FA0A4C35.e.4444"},"setValue",["6/14/25"]]}
COMMAND: POST /session/0edec6012a6aa8dfd2543f8ebfc03d1d/element - {"using":"xpath","value":"//input[@id=\"generalSectionFrg--receiveYard-inner\"]"}
RESULT: {"using":"xpath","value":"//input[@id=\"generalSectionFrg--receiveYard-inner\"]"}
COMMAND: POST /session/0edec6012a6aa8dfd2543f8ebfc03d1d/element/f.9B1EDAABCBD9CDA5B0DA3BD367ED2C8A.d.1F0E3DCF5EEF8BA1C7AF5767FA0A4C35.e.4450/clear - {}
RESULT: {}
COMMAND: POST /session/0edec6012a6aa8dfd2543f8ebfc03d1d/element/f.9B1EDAABCBD9CDA5B0DA3BD367ED2C8A.d.1F0E3DCF5EEF8BA1C7AF5767FA0A4C35.e.4450/value - {"text":"109"}
COMMAND: GET /session/0edec6012a6aa8dfd2543f8ebfc03d1d/screenshot - {}
RESULT: {"text":"109"}
COMMAND: GET /session/0edec6012a6aa8dfd2543f8ebfc03d1d/screenshot - {}
RESULT: {}
RESULT: {}
COMMAND: POST /session/0edec6012a6aa8dfd2543f8ebfc03d1d/element - {"using":"xpath","value":"//li[.//span[contains(normalize-space(.), '109 -')]]"}
RESULT: {"using":"xpath","value":"//li[.//span[contains(normalize-space(.), '109 -')]]"}
COMMAND: POST /session/0edec6012a6aa8dfd2543f8ebfc03d1d/element/f.9B1EDAABCBD9CDA5B0DA3BD367ED2C8A.d.1F0E3DCF5EEF8BA1C7AF5767FA0A4C35.e.4465/click - {}
RESULT: {}
COMMAND: GET /session/0edec6012a6aa8dfd2543f8ebfc03d1d/screenshot - {}
RESULT: {}
RESULT: undefined
COMMAND: POST /session/0edec6012a6aa8dfd2543f8ebfc03d1d/element - {"using":"xpath","value":"//*[@id=\"application-managehandovers-display-component---AddNewHO--ObjectPageLayout-anchBar-application-managehandovers-display-component---AddNewHO--section4-anchor\"]"}
RESULT: {"using":"xpath","value":"//*[@id=\"application-managehandovers-display-component---AddNewHO--ObjectPageLayout-anchBar-application-managehandovers-display-component---AddNewHO--section4-anchor\"]"}
COMMAND: POST /session/0edec6012a6aa8dfd2543f8ebfc03d1d/element/f.9B1EDAABCBD9CDA5B0DA3BD367ED2C8A.d.1F0E3DCF5EEF8BA1C7AF5767FA0A4C35.e.4466/click - {}
RESULT: {}
COMMAND: GET /session/0edec6012a6aa8dfd2543f8ebfc03d1d/screenshot - {}
RESULT: {}
COMMAND: POST /session/0edec6012a6aa8dfd2543f8ebfc03d1d/element - {"using":"xpath","value":"//button[@aria-label=\"Add\"]"}
RESULT: {"using":"xpath","value":"//button[@aria-label=\"Add\"]"}
COMMAND: POST /session/0edec6012a6aa8dfd2543f8ebfc03d1d/element/f.9B1EDAABCBD9CDA5B0DA3BD367ED2C8A.d.1F0E3DCF5EEF8BA1C7AF5767FA0A4C35.e.4470/click - {}
RESULT: {}
COMMAND: GET /session/0edec6012a6aa8dfd2543f8ebfc03d1d/screenshot - {}
RESULT: {}
RESULT: undefined
COMMAND: POST /session/0edec6012a6aa8dfd2543f8ebfc03d1d/execute/async - {"script":"<script> [776 bytes]","args":[{"enterText":"200134","selector":{"id":"application-managehandovers-display-component---AddNewHO--smartFilterBar-btnBasicSearch","searchOpenDialogs":true,"interaction":{"idSuffix":"I"}},"clearTextFirst":true,"interactionType":"ENTER_TEXT"}]}
RESULT: {"script":"<script> [776 bytes]","args":[{"enterText":"200134","selector":{"id":"application-managehandovers-display-component---AddNewHO--smartFilterBar-btnBasicSearch","searchOpenDialogs":true,"interaction":{"idSuffix":"I"}},"clearTextFirst":true,"interactionType":"ENTER_TEXT"}]}
COMMAND: POST /session/0edec6012a6aa8dfd2543f8ebfc03d1d/actions - {"actions":[{"id":"action20","type":"key","parameters":{},"actions":[{"type":"keyDown","value":""},{"type":"pause","duration":10},{"type":"keyUp","value":""}]}]}
RESULT: {"actions":[{"id":"action20","type":"key","parameters":{},"actions":[{"type":"keyDown","value":""},{"type":"pause","duration":10},{"type":"keyUp","value":""}]}]}
COMMAND: GET /session/0edec6012a6aa8dfd2543f8ebfc03d1d/screenshot - {}
RESULT: {}
RESULT: undefined
COMMAND: POST /session/0edec6012a6aa8dfd2543f8ebfc03d1d/element - {"using":"xpath","value":"//*[@id=\"application-managehandovers-display-component---AddNewHO--popup-sa\"]"}
RESULT: {"using":"xpath","value":"//*[@id=\"application-managehandovers-display-component---AddNewHO--popup-sa\"]"}
COMMAND: POST /session/0edec6012a6aa8dfd2543f8ebfc03d1d/element/f.9B1EDAABCBD9CDA5B0DA3BD367ED2C8A.d.1F0E3DCF5EEF8BA1C7AF5767FA0A4C35.e.4622/click - {}
RESULT: {}
COMMAND: GET /session/0edec6012a6aa8dfd2543f8ebfc03d1d/screenshot - {}
RESULT: {}
COMMAND: POST /session/0edec6012a6aa8dfd2543f8ebfc03d1d/element - {"using":"xpath","value":"//bdi[contains(text(), \"Select\")]"}
RESULT: {"using":"xpath","value":"//bdi[contains(text(), \"Select\")]"}
COMMAND: POST /session/0edec6012a6aa8dfd2543f8ebfc03d1d/element/f.9B1EDAABCBD9CDA5B0DA3BD367ED2C8A.d.1F0E3DCF5EEF8BA1C7AF5767FA0A4C35.e.4623/click - {}
RESULT: {}
COMMAND: GET /session/0edec6012a6aa8dfd2543f8ebfc03d1d/screenshot - {}
RESULT: {}
COMMAND: POST /session/0edec6012a6aa8dfd2543f8ebfc03d1d/element - {"using":"xpath","value":"//button[@data-kt=\"AddNewHOSaveButton\"]"}
RESULT: {"using":"xpath","value":"//button[@data-kt=\"AddNewHOSaveButton\"]"}
COMMAND: POST /session/0edec6012a6aa8dfd2543f8ebfc03d1d/element/f.9B1EDAABCBD9CDA5B0DA3BD367ED2C8A.d.1F0E3DCF5EEF8BA1C7AF5767FA0A4C35.e.4627/click - {}
RESULT: {}
COMMAND: GET /session/0edec6012a6aa8dfd2543f8ebfc03d1d/screenshot - {}
RESULT: {}
RESULT: undefined
COMMAND: POST /session/0edec6012a6aa8dfd2543f8ebfc03d1d/execute/async - {"script":"<script> [6424 bytes]","args":[{"element-6066-11e4-a52e-4f735466cecf":"f.9B1EDAABCBD9CDA5B0DA3BD367ED2C8A.d.1F0E3DCF5EEF8BA1C7AF5767FA0A4C35.e.3698"},"setValue",["6/14/25"]]}
COMMAND: POST /session/0edec6012a6aa8dfd2543f8ebfc03d1d/execute/async - {"script":"<script> [1562 bytes]","args":[{"selector":{"id":"receiptDatePicker","viewName":"etm.portal.ui.managehandovers.view.DetailExecuteHO","interaction":{"idSuffix":"inner"}},"wdio_ui5_key":"receiptDatePickeretmportal.ui.managehandovers.view.DetailExecuteHO"}]}
RESULT: {"script":"<script> [1562 bytes]","args":[{"selector":{"id":"receiptDatePicker","viewName":"etm.portal.ui.managehandovers.view.DetailExecuteHO","interaction":{"idSuffix":"inner"}},"wdio_ui5_key":"receiptDatePickeretmportal.ui.managehandovers.view.DetailExecuteHO"}]}
COMMAND: POST /session/0edec6012a6aa8dfd2543f8ebfc03d1d/execute/async - {"script":"<script> [6424 bytes]","args":[{"element-6066-11e4-a52e-4f735466cecf":"f.9B1EDAABCBD9CDA5B0DA3BD367ED2C8A.d.1F0E3DCF5EEF8BA1C7AF5767FA0A4C35.e.4651"},"setValue",["6/14/25"]]}
RESULT: {"script":"<script> [6424 bytes]","args":[{"element-6066-11e4-a52e-4f735466cecf":"f.9B1EDAABCBD9CDA5B0DA3BD367ED2C8A.d.1F0E3DCF5EEF8BA1C7AF5767FA0A4C35.e.4651"},"setValue",["6/14/25"]]}
COMMAND: POST /session/0edec6012a6aa8dfd2543f8ebfc03d1d/element - {"using":"xpath","value":"//button[@data-kt=\"ReceivingTableConfirmAllButton\"]"}
RESULT: {"using":"xpath","value":"//button[@data-kt=\"ReceivingTableConfirmAllButton\"]"}
COMMAND: POST /session/0edec6012a6aa8dfd2543f8ebfc03d1d/element/f.9B1EDAABCBD9CDA5B0DA3BD367ED2C8A.d.1F0E3DCF5EEF8BA1C7AF5767FA0A4C35.e.4665/click - {}
RESULT: {}
COMMAND: GET /session/0edec6012a6aa8dfd2543f8ebfc03d1d/screenshot - {}
RESULT: {}
COMMAND: POST /session/0edec6012a6aa8dfd2543f8ebfc03d1d/element - {"using":"xpath","value":"//bdi[contains(text(), \"OK\")]"}
RESULT: {"using":"xpath","value":"//bdi[contains(text(), \"OK\")]"}
COMMAND: POST /session/0edec6012a6aa8dfd2543f8ebfc03d1d/element/f.9B1EDAABCBD9CDA5B0DA3BD367ED2C8A.d.1F0E3DCF5EEF8BA1C7AF5767FA0A4C35.e.4667/click - {}
RESULT: {}
COMMAND: GET /session/0edec6012a6aa8dfd2543f8ebfc03d1d/screenshot - {}
RESULT: {}
COMMAND: POST /session/0edec6012a6aa8dfd2543f8ebfc03d1d/element - {"using":"xpath","value":"(//bdi[contains(text(), \"Receive\")])[2]"}
RESULT: {"using":"xpath","value":"(//bdi[contains(text(), \"Receive\")])[2]"}
COMMAND: POST /session/0edec6012a6aa8dfd2543f8ebfc03d1d/element/f.9B1EDAABCBD9CDA5B0DA3BD367ED2C8A.d.1F0E3DCF5EEF8BA1C7AF5767FA0A4C35.e.4669/click - {}
RESULT: {}
COMMAND: GET /session/0edec6012a6aa8dfd2543f8ebfc03d1d/screenshot - {}
RESULT: {}
COMMAND: POST /session/0edec6012a6aa8dfd2543f8ebfc03d1d/element - {"using":"css selector","value":"#shell-header-logo"}
RESULT: {"using":"css selector","value":"#shell-header-logo"}
COMMAND: POST /session/0edec6012a6aa8dfd2543f8ebfc03d1d/element/f.9B1EDAABCBD9CDA5B0DA3BD367ED2C8A.d.1F0E3DCF5EEF8BA1C7AF5767FA0A4C35.e.4000/click - {}
RESULT: {}
COMMAND: GET /session/0edec6012a6aa8dfd2543f8ebfc03d1d/screenshot - {}
RESULT: {}
]]></system-out>
    </testcase>
    <testcase classname="chrome.137_0_7151_69.windows.RU_Inventory_Mass_State_Change_Multiple_Items_US151066" name="Step 2 Should do a RU inventory mass state change on chosen yard 109 with the resources created one equipment one material the existing ones too" time="285.025">
      <system-out><![CDATA[
RESULT: undefined
COMMAND: POST /session/0edec6012a6aa8dfd2543f8ebfc03d1d/element - {"using":"xpath","value":"//*[@id=\"__tile101\"]"}
RESULT: {"using":"xpath","value":"//*[@id=\"__tile101\"]"}
COMMAND: POST /session/0edec6012a6aa8dfd2543f8ebfc03d1d/element/f.9B1EDAABCBD9CDA5B0DA3BD367ED2C8A.d.1F0E3DCF5EEF8BA1C7AF5767FA0A4C35.e.261/click - {}
RESULT: {}
COMMAND: GET /session/0edec6012a6aa8dfd2543f8ebfc03d1d/screenshot - {}
COMMAND: POST /session/0edec6012a6aa8dfd2543f8ebfc03d1d/elements - {"using":"xpath","value":"//span[text()='Error']"}
RESULT: {}
RESULT: {"using":"xpath","value":"//span[text()='Error']"}
COMMAND: POST /session/0edec6012a6aa8dfd2543f8ebfc03d1d/element - {"using":"xpath","value":"//button[contains(@id, \"massStateBtn\")]"}
RESULT: {"using":"xpath","value":"//button[contains(@id, \"massStateBtn\")]"}
COMMAND: POST /session/0edec6012a6aa8dfd2543f8ebfc03d1d/elements - {"using":"xpath","value":"//button[contains(@id, \"massStateBtn\")]"}
RESULT: {"using":"xpath","value":"//button[contains(@id, \"massStateBtn\")]"}
COMMAND: POST /session/0edec6012a6aa8dfd2543f8ebfc03d1d/execute/sync - {"script":"<script> [8489 bytes]","args":[{"element-6066-11e4-a52e-4f735466cecf":"f.9B1EDAABCBD9CDA5B0DA3BD367ED2C8A.d.1F0E3DCF5EEF8BA1C7AF5767FA0A4C35.e.4982","ELEMENT":"f.9B1EDAABCBD9CDA5B0DA3BD367ED2C8A.d.1F0E3DCF5EEF8BA1C7AF5767FA0A4C35.e.4982"}]}
RESULT: {"script":"<script> [8489 bytes]","args":[{"element-6066-11e4-a52e-4f735466cecf":"f.9B1EDAABCBD9CDA5B0DA3BD367ED2C8A.d.1F0E3DCF5EEF8BA1C7AF5767FA0A4C35.e.4982","ELEMENT":"f.9B1EDAABCBD9CDA5B0DA3BD367ED2C8A.d.1F0E3DCF5EEF8BA1C7AF5767FA0A4C35.e.4982"}]}
COMMAND: GET /session/0edec6012a6aa8dfd2543f8ebfc03d1d/element/f.9B1EDAABCBD9CDA5B0DA3BD367ED2C8A.d.1F0E3DCF5EEF8BA1C7AF5767FA0A4C35.e.4982/enabled - {}
COMMAND: GET /session/0edec6012a6aa8dfd2543f8ebfc03d1d/screenshot - {}
RESULT: {}
COMMAND: POST /session/0edec6012a6aa8dfd2543f8ebfc03d1d/execute/sync - {"script":"<script> [8489 bytes]","args":[{"element-6066-11e4-a52e-4f735466cecf":"f.9B1EDAABCBD9CDA5B0DA3BD367ED2C8A.d.1F0E3DCF5EEF8BA1C7AF5767FA0A4C35.e.4982","ELEMENT":"f.9B1EDAABCBD9CDA5B0DA3BD367ED2C8A.d.1F0E3DCF5EEF8BA1C7AF5767FA0A4C35.e.4982"}]}
COMMAND: GET /session/0edec6012a6aa8dfd2543f8ebfc03d1d/screenshot - {}
RESULT: {}
RESULT: {"script":"<script> [8489 bytes]","args":[{"element-6066-11e4-a52e-4f735466cecf":"f.9B1EDAABCBD9CDA5B0DA3BD367ED2C8A.d.1F0E3DCF5EEF8BA1C7AF5767FA0A4C35.e.4982","ELEMENT":"f.9B1EDAABCBD9CDA5B0DA3BD367ED2C8A.d.1F0E3DCF5EEF8BA1C7AF5767FA0A4C35.e.4982"}]}
COMMAND: POST /session/0edec6012a6aa8dfd2543f8ebfc03d1d/execute/sync - {"script":"<script> [5351 bytes]","args":[{"element-6066-11e4-a52e-4f735466cecf":"f.9B1EDAABCBD9CDA5B0DA3BD367ED2C8A.d.1F0E3DCF5EEF8BA1C7AF5767FA0A4C35.e.4982","ELEMENT":"f.9B1EDAABCBD9CDA5B0DA3BD367ED2C8A.d.1F0E3DCF5EEF8BA1C7AF5767FA0A4C35.e.4982"}]}
COMMAND: GET /session/0edec6012a6aa8dfd2543f8ebfc03d1d/screenshot - {}
RESULT: {}
RESULT: {"script":"<script> [5351 bytes]","args":[{"element-6066-11e4-a52e-4f735466cecf":"f.9B1EDAABCBD9CDA5B0DA3BD367ED2C8A.d.1F0E3DCF5EEF8BA1C7AF5767FA0A4C35.e.4982","ELEMENT":"f.9B1EDAABCBD9CDA5B0DA3BD367ED2C8A.d.1F0E3DCF5EEF8BA1C7AF5767FA0A4C35.e.4982"}]}
COMMAND: POST /session/0edec6012a6aa8dfd2543f8ebfc03d1d/element/f.9B1EDAABCBD9CDA5B0DA3BD367ED2C8A.d.1F0E3DCF5EEF8BA1C7AF5767FA0A4C35.e.4982/click - {}
COMMAND: GET /session/0edec6012a6aa8dfd2543f8ebfc03d1d/screenshot - {}
RESULT: {}
RESULT: {}
COMMAND: GET /session/0edec6012a6aa8dfd2543f8ebfc03d1d/screenshot - {}
RESULT: {}
RESULT: {}
RESULT: undefined
COMMAND: POST /session/0edec6012a6aa8dfd2543f8ebfc03d1d/element - {"using":"xpath","value":"//*[@id=\"application-ruinventorylist-display-component---Master--ruLocationTypeComboBox-arrow\"]"}
RESULT: {"using":"xpath","value":"//*[@id=\"application-ruinventorylist-display-component---Master--ruLocationTypeComboBox-arrow\"]"}
COMMAND: POST /session/0edec6012a6aa8dfd2543f8ebfc03d1d/element/f.9B1EDAABCBD9CDA5B0DA3BD367ED2C8A.d.1F0E3DCF5EEF8BA1C7AF5767FA0A4C35.e.5332/click - {}
RESULT: {}
COMMAND: GET /session/0edec6012a6aa8dfd2543f8ebfc03d1d/screenshot - {}
RESULT: {}
COMMAND: POST /session/0edec6012a6aa8dfd2543f8ebfc03d1d/element - {"using":"xpath","value":"//li[.//span[text()='Yard']]"}
RESULT: {"using":"xpath","value":"//li[.//span[text()='Yard']]"}
COMMAND: POST /session/0edec6012a6aa8dfd2543f8ebfc03d1d/element/f.9B1EDAABCBD9CDA5B0DA3BD367ED2C8A.d.1F0E3DCF5EEF8BA1C7AF5767FA0A4C35.e.5333/click - {}
RESULT: {}
COMMAND: GET /session/0edec6012a6aa8dfd2543f8ebfc03d1d/screenshot - {}
RESULT: {}
RESULT: undefined
COMMAND: POST /session/0edec6012a6aa8dfd2543f8ebfc03d1d/element - {"using":"xpath","value":"//*[@id=\"application-ruinventorylist-display-component---Master--smartFilterBar-filterItemControl_BASIC-YARD-vhi\"]"}
RESULT: {"using":"xpath","value":"//*[@id=\"application-ruinventorylist-display-component---Master--smartFilterBar-filterItemControl_BASIC-YARD-vhi\"]"}
COMMAND: POST /session/0edec6012a6aa8dfd2543f8ebfc03d1d/element/f.9B1EDAABCBD9CDA5B0DA3BD367ED2C8A.d.1F0E3DCF5EEF8BA1C7AF5767FA0A4C35.e.5386/click - {}
RESULT: {}
COMMAND: GET /session/0edec6012a6aa8dfd2543f8ebfc03d1d/screenshot - {}
RESULT: {}
RESULT: undefined
COMMAND: POST /session/0edec6012a6aa8dfd2543f8ebfc03d1d/execute/async - {"script":"<script> [776 bytes]","args":[{"enterText":"109","selector":{"id":"application-ruinventorylist-display-component---Master--smartFilterBar-filterItemControl_BASIC-YARD-valueHelpDialog-smartFilterBar-btnBasicSearch","searchOpenDialogs":true,"interaction":{"idSuffix":"I"}},"clearTextFirst":true,"interactionType":"ENTER_TEXT"}]}
RESULT: {"script":"<script> [776 bytes]","args":[{"enterText":"109","selector":{"id":"application-ruinventorylist-display-component---Master--smartFilterBar-filterItemControl_BASIC-YARD-valueHelpDialog-smartFilterBar-btnBasicSearch","searchOpenDialogs":true,"interaction":{"idSuffix":"I"}},"clearTextFirst":true,"interactionType":"ENTER_TEXT"}]}
COMMAND: POST /session/0edec6012a6aa8dfd2543f8ebfc03d1d/actions - {"actions":[{"id":"action21","type":"key","parameters":{},"actions":[{"type":"keyDown","value":""},{"type":"pause","duration":10},{"type":"keyUp","value":""}]}]}
RESULT: {"actions":[{"id":"action21","type":"key","parameters":{},"actions":[{"type":"keyDown","value":""},{"type":"pause","duration":10},{"type":"keyUp","value":""}]}]}
COMMAND: GET /session/0edec6012a6aa8dfd2543f8ebfc03d1d/screenshot - {}
RESULT: {}
COMMAND: POST /session/0edec6012a6aa8dfd2543f8ebfc03d1d/elements - {"using":"xpath","value":"//table[contains(@id, \"filterItemControl_BASIC-YARD-valueHelpDialog-table-table\")]/tbody/tr"}
RESULT: {"using":"xpath","value":"//table[contains(@id, \"filterItemControl_BASIC-YARD-valueHelpDialog-table-table\")]/tbody/tr"}
COMMAND: POST /session/0edec6012a6aa8dfd2543f8ebfc03d1d/element - {"using":"xpath","value":"//table[contains(@id, \"filterItemControl_BASIC-YARD-valueHelpDialog-table-table\")]/tbody/tr[1]/td[1]/div/span"}
RESULT: {"using":"xpath","value":"//table[contains(@id, \"filterItemControl_BASIC-YARD-valueHelpDialog-table-table\")]/tbody/tr[1]/td[1]/div/span"}
COMMAND: POST /session/0edec6012a6aa8dfd2543f8ebfc03d1d/elements - {"using":"xpath","value":"//table[contains(@id, \"filterItemControl_BASIC-YARD-valueHelpDialog-table-table\")]/tbody/tr[1]/td[1]/div/span"}
RESULT: {"using":"xpath","value":"//table[contains(@id, \"filterItemControl_BASIC-YARD-valueHelpDialog-table-table\")]/tbody/tr[1]/td[1]/div/span"}
COMMAND: POST /session/0edec6012a6aa8dfd2543f8ebfc03d1d/execute/sync - {"script":"<script> [56 bytes]","args":[{"element-6066-11e4-a52e-4f735466cecf":"f.9B1EDAABCBD9CDA5B0DA3BD367ED2C8A.d.1F0E3DCF5EEF8BA1C7AF5767FA0A4C35.e.5405","ELEMENT":"f.9B1EDAABCBD9CDA5B0DA3BD367ED2C8A.d.1F0E3DCF5EEF8BA1C7AF5767FA0A4C35.e.5405"}]}
RESULT: {"script":"<script> [56 bytes]","args":[{"element-6066-11e4-a52e-4f735466cecf":"f.9B1EDAABCBD9CDA5B0DA3BD367ED2C8A.d.1F0E3DCF5EEF8BA1C7AF5767FA0A4C35.e.5405","ELEMENT":"f.9B1EDAABCBD9CDA5B0DA3BD367ED2C8A.d.1F0E3DCF5EEF8BA1C7AF5767FA0A4C35.e.5405"}]}
COMMAND: POST /session/0edec6012a6aa8dfd2543f8ebfc03d1d/element - {"using":"xpath","value":"//div[contains(@id, \"filterItemControl_BASIC-YARD-valueHelpDialog-table-rowsel0\")]"}
COMMAND: GET /session/0edec6012a6aa8dfd2543f8ebfc03d1d/screenshot - {}
RESULT: {"using":"xpath","value":"//div[contains(@id, \"filterItemControl_BASIC-YARD-valueHelpDialog-table-rowsel0\")]"}
COMMAND: POST /session/0edec6012a6aa8dfd2543f8ebfc03d1d/element/f.9B1EDAABCBD9CDA5B0DA3BD367ED2C8A.d.1F0E3DCF5EEF8BA1C7AF5767FA0A4C35.e.5406/click - {}
RESULT: {}
RESULT: {}
COMMAND: GET /session/0edec6012a6aa8dfd2543f8ebfc03d1d/screenshot - {}
RESULT: {}
COMMAND: POST /session/0edec6012a6aa8dfd2543f8ebfc03d1d/element - {"using":"xpath","value":"//div[contains(@id, \"smartFilterBar-filterItemControl_BASIC-YARD-valueHelpDialog-smartFilterBar-btnBasicSearch-reset\")]"}
RESULT: {"using":"xpath","value":"//div[contains(@id, \"smartFilterBar-filterItemControl_BASIC-YARD-valueHelpDialog-smartFilterBar-btnBasicSearch-reset\")]"}
COMMAND: POST /session/0edec6012a6aa8dfd2543f8ebfc03d1d/element/f.9B1EDAABCBD9CDA5B0DA3BD367ED2C8A.d.1F0E3DCF5EEF8BA1C7AF5767FA0A4C35.e.5408/click - {}
RESULT: {}
RESULT: undefined
COMMAND: POST /session/0edec6012a6aa8dfd2543f8ebfc03d1d/execute/async - {"script":"<script> [776 bytes]","args":[{"enterText":"OPA5_BST01_YARD1","selector":{"id":"application-ruinventorylist-display-component---Master--smartFilterBar-filterItemControl_BASIC-YARD-valueHelpDialog-smartFilterBar-btnBasicSearch","searchOpenDialogs":true,"interaction":{"idSuffix":"I"}},"clearTextFirst":true,"interactionType":"ENTER_TEXT"}]}
COMMAND: GET /session/0edec6012a6aa8dfd2543f8ebfc03d1d/screenshot - {}
RESULT: {"script":"<script> [776 bytes]","args":[{"enterText":"OPA5_BST01_YARD1","selector":{"id":"application-ruinventorylist-display-component---Master--smartFilterBar-filterItemControl_BASIC-YARD-valueHelpDialog-smartFilterBar-btnBasicSearch","searchOpenDialogs":true,"interaction":{"idSuffix":"I"}},"clearTextFirst":true,"interactionType":"ENTER_TEXT"}]}
COMMAND: POST /session/0edec6012a6aa8dfd2543f8ebfc03d1d/actions - {"actions":[{"id":"action22","type":"key","parameters":{},"actions":[{"type":"keyDown","value":""},{"type":"pause","duration":10},{"type":"keyUp","value":""}]}]}
RESULT: {}
RESULT: {"actions":[{"id":"action22","type":"key","parameters":{},"actions":[{"type":"keyDown","value":""},{"type":"pause","duration":10},{"type":"keyUp","value":""}]}]}
COMMAND: GET /session/0edec6012a6aa8dfd2543f8ebfc03d1d/screenshot - {}
RESULT: {}
COMMAND: POST /session/0edec6012a6aa8dfd2543f8ebfc03d1d/elements - {"using":"xpath","value":"//table[contains(@id, \"filterItemControl_BASIC-YARD-valueHelpDialog-table-table\")]/tbody/tr"}
RESULT: {"using":"xpath","value":"//table[contains(@id, \"filterItemControl_BASIC-YARD-valueHelpDialog-table-table\")]/tbody/tr"}
COMMAND: POST /session/0edec6012a6aa8dfd2543f8ebfc03d1d/element - {"using":"xpath","value":"//table[contains(@id, \"filterItemControl_BASIC-YARD-valueHelpDialog-table-table\")]/tbody/tr[1]/td[1]/div/span"}
RESULT: {"using":"xpath","value":"//table[contains(@id, \"filterItemControl_BASIC-YARD-valueHelpDialog-table-table\")]/tbody/tr[1]/td[1]/div/span"}
COMMAND: POST /session/0edec6012a6aa8dfd2543f8ebfc03d1d/elements - {"using":"xpath","value":"//table[contains(@id, \"filterItemControl_BASIC-YARD-valueHelpDialog-table-table\")]/tbody/tr[1]/td[1]/div/span"}
RESULT: {"using":"xpath","value":"//table[contains(@id, \"filterItemControl_BASIC-YARD-valueHelpDialog-table-table\")]/tbody/tr[1]/td[1]/div/span"}
COMMAND: POST /session/0edec6012a6aa8dfd2543f8ebfc03d1d/execute/sync - {"script":"<script> [56 bytes]","args":[{"element-6066-11e4-a52e-4f735466cecf":"f.9B1EDAABCBD9CDA5B0DA3BD367ED2C8A.d.1F0E3DCF5EEF8BA1C7AF5767FA0A4C35.e.5405","ELEMENT":"f.9B1EDAABCBD9CDA5B0DA3BD367ED2C8A.d.1F0E3DCF5EEF8BA1C7AF5767FA0A4C35.e.5405"}]}
RESULT: {"script":"<script> [56 bytes]","args":[{"element-6066-11e4-a52e-4f735466cecf":"f.9B1EDAABCBD9CDA5B0DA3BD367ED2C8A.d.1F0E3DCF5EEF8BA1C7AF5767FA0A4C35.e.5405","ELEMENT":"f.9B1EDAABCBD9CDA5B0DA3BD367ED2C8A.d.1F0E3DCF5EEF8BA1C7AF5767FA0A4C35.e.5405"}]}
COMMAND: POST /session/0edec6012a6aa8dfd2543f8ebfc03d1d/element - {"using":"xpath","value":"//div[contains(@id, \"filterItemControl_BASIC-YARD-valueHelpDialog-table-rowsel0\")]"}
COMMAND: GET /session/0edec6012a6aa8dfd2543f8ebfc03d1d/screenshot - {}
RESULT: {"using":"xpath","value":"//div[contains(@id, \"filterItemControl_BASIC-YARD-valueHelpDialog-table-rowsel0\")]"}
COMMAND: POST /session/0edec6012a6aa8dfd2543f8ebfc03d1d/element/f.9B1EDAABCBD9CDA5B0DA3BD367ED2C8A.d.1F0E3DCF5EEF8BA1C7AF5767FA0A4C35.e.5406/click - {}
RESULT: {}
RESULT: {}
COMMAND: GET /session/0edec6012a6aa8dfd2543f8ebfc03d1d/screenshot - {}
RESULT: {}
COMMAND: POST /session/0edec6012a6aa8dfd2543f8ebfc03d1d/element - {"using":"xpath","value":"(//bdi[contains(text(), \"OK\")])[1]"}
RESULT: {"using":"xpath","value":"(//bdi[contains(text(), \"OK\")])[1]"}
COMMAND: POST /session/0edec6012a6aa8dfd2543f8ebfc03d1d/element/f.9B1EDAABCBD9CDA5B0DA3BD367ED2C8A.d.1F0E3DCF5EEF8BA1C7AF5767FA0A4C35.e.5409/click - {}
RESULT: {}
COMMAND: GET /session/0edec6012a6aa8dfd2543f8ebfc03d1d/screenshot - {}
RESULT: {}
COMMAND: POST /session/0edec6012a6aa8dfd2543f8ebfc03d1d/element - {"using":"xpath","value":"//span[@id=\"application-ruinventorylist-display-component---Master--smartTableRuInventoryList-header-inner\"]"}
RESULT: {"using":"xpath","value":"//span[@id=\"application-ruinventorylist-display-component---Master--smartTableRuInventoryList-header-inner\"]"}
COMMAND: POST /session/0edec6012a6aa8dfd2543f8ebfc03d1d/elements - {"using":"xpath","value":"//span[@id=\"application-ruinventorylist-display-component---Master--smartTableRuInventoryList-header-inner\"]"}
RESULT: {"using":"xpath","value":"//span[@id=\"application-ruinventorylist-display-component---Master--smartTableRuInventoryList-header-inner\"]"}
COMMAND: POST /session/0edec6012a6aa8dfd2543f8ebfc03d1d/execute/sync - {"script":"<script> [56 bytes]","args":[{"element-6066-11e4-a52e-4f735466cecf":"f.9B1EDAABCBD9CDA5B0DA3BD367ED2C8A.d.1F0E3DCF5EEF8BA1C7AF5767FA0A4C35.e.5543","ELEMENT":"f.9B1EDAABCBD9CDA5B0DA3BD367ED2C8A.d.1F0E3DCF5EEF8BA1C7AF5767FA0A4C35.e.5543"}]}
RESULT: {"script":"<script> [56 bytes]","args":[{"element-6066-11e4-a52e-4f735466cecf":"f.9B1EDAABCBD9CDA5B0DA3BD367ED2C8A.d.1F0E3DCF5EEF8BA1C7AF5767FA0A4C35.e.5543","ELEMENT":"f.9B1EDAABCBD9CDA5B0DA3BD367ED2C8A.d.1F0E3DCF5EEF8BA1C7AF5767FA0A4C35.e.5543"}]}
RESULT: undefined
COMMAND: POST /session/0edec6012a6aa8dfd2543f8ebfc03d1d/execute/async - {"script":"<script> [776 bytes]","args":[{"enterText":"600002","selector":{"id":"application-ruinventorylist-display-component---Master--smartFilterBar-btnBasicSearch","interaction":{"idSuffix":"I"}},"clearTextFirst":true,"interactionType":"ENTER_TEXT"}]}
COMMAND: GET /session/0edec6012a6aa8dfd2543f8ebfc03d1d/screenshot - {}
RESULT: {"script":"<script> [776 bytes]","args":[{"enterText":"600002","selector":{"id":"application-ruinventorylist-display-component---Master--smartFilterBar-btnBasicSearch","interaction":{"idSuffix":"I"}},"clearTextFirst":true,"interactionType":"ENTER_TEXT"}]}
COMMAND: POST /session/0edec6012a6aa8dfd2543f8ebfc03d1d/actions - {"actions":[{"id":"action23","type":"key","parameters":{},"actions":[{"type":"keyDown","value":""},{"type":"pause","duration":10},{"type":"keyUp","value":""}]}]}
RESULT: {}
RESULT: {"actions":[{"id":"action23","type":"key","parameters":{},"actions":[{"type":"keyDown","value":""},{"type":"pause","duration":10},{"type":"keyUp","value":""}]}]}
COMMAND: GET /session/0edec6012a6aa8dfd2543f8ebfc03d1d/screenshot - {}
RESULT: {}
COMMAND: POST /session/0edec6012a6aa8dfd2543f8ebfc03d1d/element - {"using":"xpath","value":"//span[@id=\"application-ruinventorylist-display-component---Master--smartTableRuInventoryList-header-inner\"]"}
RESULT: {"using":"xpath","value":"//span[@id=\"application-ruinventorylist-display-component---Master--smartTableRuInventoryList-header-inner\"]"}
COMMAND: POST /session/0edec6012a6aa8dfd2543f8ebfc03d1d/elements - {"using":"xpath","value":"//span[@id=\"application-ruinventorylist-display-component---Master--smartTableRuInventoryList-header-inner\"]"}
RESULT: {"using":"xpath","value":"//span[@id=\"application-ruinventorylist-display-component---Master--smartTableRuInventoryList-header-inner\"]"}
COMMAND: POST /session/0edec6012a6aa8dfd2543f8ebfc03d1d/execute/sync - {"script":"<script> [56 bytes]","args":[{"element-6066-11e4-a52e-4f735466cecf":"f.9B1EDAABCBD9CDA5B0DA3BD367ED2C8A.d.1F0E3DCF5EEF8BA1C7AF5767FA0A4C35.e.5543","ELEMENT":"f.9B1EDAABCBD9CDA5B0DA3BD367ED2C8A.d.1F0E3DCF5EEF8BA1C7AF5767FA0A4C35.e.5543"}]}
RESULT: {"script":"<script> [56 bytes]","args":[{"element-6066-11e4-a52e-4f735466cecf":"f.9B1EDAABCBD9CDA5B0DA3BD367ED2C8A.d.1F0E3DCF5EEF8BA1C7AF5767FA0A4C35.e.5543","ELEMENT":"f.9B1EDAABCBD9CDA5B0DA3BD367ED2C8A.d.1F0E3DCF5EEF8BA1C7AF5767FA0A4C35.e.5543"}]}
COMMAND: POST /session/0edec6012a6aa8dfd2543f8ebfc03d1d/element - {"using":"xpath","value":"//table[contains(@id, \"application-ruinventorylist-display-component---Master--tableRuInventoryList-listUl\")]/tbody/tr[1]/td[2]/div/div"}
COMMAND: GET /session/0edec6012a6aa8dfd2543f8ebfc03d1d/screenshot - {}
RESULT: {"using":"xpath","value":"//table[contains(@id, \"application-ruinventorylist-display-component---Master--tableRuInventoryList-listUl\")]/tbody/tr[1]/td[2]/div/div"}
COMMAND: POST /session/0edec6012a6aa8dfd2543f8ebfc03d1d/element/f.9B1EDAABCBD9CDA5B0DA3BD367ED2C8A.d.1F0E3DCF5EEF8BA1C7AF5767FA0A4C35.e.5548/click - {}
RESULT: {}
RESULT: {}
COMMAND: GET /session/0edec6012a6aa8dfd2543f8ebfc03d1d/screenshot - {}
RESULT: {}
COMMAND: POST /session/0edec6012a6aa8dfd2543f8ebfc03d1d/element - {"using":"xpath","value":"//div[contains(@id, \"smartFilterBar-btnBasicSearch-reset\")]"}
RESULT: {"using":"xpath","value":"//div[contains(@id, \"smartFilterBar-btnBasicSearch-reset\")]"}
COMMAND: POST /session/0edec6012a6aa8dfd2543f8ebfc03d1d/element/f.9B1EDAABCBD9CDA5B0DA3BD367ED2C8A.d.1F0E3DCF5EEF8BA1C7AF5767FA0A4C35.e.5558/click - {}
RESULT: {}
COMMAND: GET /session/0edec6012a6aa8dfd2543f8ebfc03d1d/screenshot - {}
RESULT: {}
RESULT: undefined
COMMAND: POST /session/0edec6012a6aa8dfd2543f8ebfc03d1d/execute/async - {"script":"<script> [776 bytes]","args":[{"enterText":"401002","selector":{"id":"application-ruinventorylist-display-component---Master--smartFilterBar-btnBasicSearch","interaction":{"idSuffix":"I"}},"clearTextFirst":true,"interactionType":"ENTER_TEXT"}]}
RESULT: {"script":"<script> [776 bytes]","args":[{"enterText":"401002","selector":{"id":"application-ruinventorylist-display-component---Master--smartFilterBar-btnBasicSearch","interaction":{"idSuffix":"I"}},"clearTextFirst":true,"interactionType":"ENTER_TEXT"}]}
COMMAND: POST /session/0edec6012a6aa8dfd2543f8ebfc03d1d/actions - {"actions":[{"id":"action24","type":"key","parameters":{},"actions":[{"type":"keyDown","value":""},{"type":"pause","duration":10},{"type":"keyUp","value":""}]}]}
RESULT: {"actions":[{"id":"action24","type":"key","parameters":{},"actions":[{"type":"keyDown","value":""},{"type":"pause","duration":10},{"type":"keyUp","value":""}]}]}
COMMAND: GET /session/0edec6012a6aa8dfd2543f8ebfc03d1d/screenshot - {}
RESULT: {}
COMMAND: POST /session/0edec6012a6aa8dfd2543f8ebfc03d1d/element - {"using":"xpath","value":"//span[@id=\"application-ruinventorylist-display-component---Master--smartTableRuInventoryList-header-inner\"]"}
RESULT: {"using":"xpath","value":"//span[@id=\"application-ruinventorylist-display-component---Master--smartTableRuInventoryList-header-inner\"]"}
COMMAND: POST /session/0edec6012a6aa8dfd2543f8ebfc03d1d/elements - {"using":"xpath","value":"//span[@id=\"application-ruinventorylist-display-component---Master--smartTableRuInventoryList-header-inner\"]"}
RESULT: {"using":"xpath","value":"//span[@id=\"application-ruinventorylist-display-component---Master--smartTableRuInventoryList-header-inner\"]"}
COMMAND: POST /session/0edec6012a6aa8dfd2543f8ebfc03d1d/execute/sync - {"script":"<script> [56 bytes]","args":[{"element-6066-11e4-a52e-4f735466cecf":"f.9B1EDAABCBD9CDA5B0DA3BD367ED2C8A.d.1F0E3DCF5EEF8BA1C7AF5767FA0A4C35.e.5543","ELEMENT":"f.9B1EDAABCBD9CDA5B0DA3BD367ED2C8A.d.1F0E3DCF5EEF8BA1C7AF5767FA0A4C35.e.5543"}]}
RESULT: {"script":"<script> [56 bytes]","args":[{"element-6066-11e4-a52e-4f735466cecf":"f.9B1EDAABCBD9CDA5B0DA3BD367ED2C8A.d.1F0E3DCF5EEF8BA1C7AF5767FA0A4C35.e.5543","ELEMENT":"f.9B1EDAABCBD9CDA5B0DA3BD367ED2C8A.d.1F0E3DCF5EEF8BA1C7AF5767FA0A4C35.e.5543"}]}
COMMAND: POST /session/0edec6012a6aa8dfd2543f8ebfc03d1d/element - {"using":"xpath","value":"//table[contains(@id, \"application-ruinventorylist-display-component---Master--tableRuInventoryList-listUl\")]/tbody/tr[1]/td[2]/div/div"}
COMMAND: GET /session/0edec6012a6aa8dfd2543f8ebfc03d1d/screenshot - {}
RESULT: {"using":"xpath","value":"//table[contains(@id, \"application-ruinventorylist-display-component---Master--tableRuInventoryList-listUl\")]/tbody/tr[1]/td[2]/div/div"}
COMMAND: POST /session/0edec6012a6aa8dfd2543f8ebfc03d1d/element/f.9B1EDAABCBD9CDA5B0DA3BD367ED2C8A.d.1F0E3DCF5EEF8BA1C7AF5767FA0A4C35.e.5689/click - {}
RESULT: {}
RESULT: {}
COMMAND: GET /session/0edec6012a6aa8dfd2543f8ebfc03d1d/screenshot - {}
RESULT: {}
COMMAND: POST /session/0edec6012a6aa8dfd2543f8ebfc03d1d/element - {"using":"xpath","value":"//div[contains(@id, \"smartFilterBar-btnBasicSearch-reset\")]"}
RESULT: {"using":"xpath","value":"//div[contains(@id, \"smartFilterBar-btnBasicSearch-reset\")]"}
COMMAND: POST /session/0edec6012a6aa8dfd2543f8ebfc03d1d/element/f.9B1EDAABCBD9CDA5B0DA3BD367ED2C8A.d.1F0E3DCF5EEF8BA1C7AF5767FA0A4C35.e.5558/click - {}
RESULT: {}
COMMAND: GET /session/0edec6012a6aa8dfd2543f8ebfc03d1d/screenshot - {}
RESULT: {}
RESULT: undefined
COMMAND: POST /session/0edec6012a6aa8dfd2543f8ebfc03d1d/execute/async - {"script":"<script> [776 bytes]","args":[{"enterText":"W63YWx0iS6","selector":{"id":"application-ruinventorylist-display-component---Master--smartFilterBar-btnBasicSearch","interaction":{"idSuffix":"I"}},"clearTextFirst":true,"interactionType":"ENTER_TEXT"}]}
RESULT: {"script":"<script> [776 bytes]","args":[{"enterText":"W63YWx0iS6","selector":{"id":"application-ruinventorylist-display-component---Master--smartFilterBar-btnBasicSearch","interaction":{"idSuffix":"I"}},"clearTextFirst":true,"interactionType":"ENTER_TEXT"}]}
COMMAND: POST /session/0edec6012a6aa8dfd2543f8ebfc03d1d/actions - {"actions":[{"id":"action25","type":"key","parameters":{},"actions":[{"type":"keyDown","value":""},{"type":"pause","duration":10},{"type":"keyUp","value":""}]}]}
RESULT: {"actions":[{"id":"action25","type":"key","parameters":{},"actions":[{"type":"keyDown","value":""},{"type":"pause","duration":10},{"type":"keyUp","value":""}]}]}
COMMAND: GET /session/0edec6012a6aa8dfd2543f8ebfc03d1d/screenshot - {}
RESULT: {}
COMMAND: POST /session/0edec6012a6aa8dfd2543f8ebfc03d1d/element - {"using":"xpath","value":"//span[@id=\"application-ruinventorylist-display-component---Master--smartTableRuInventoryList-header-inner\"]"}
RESULT: {"using":"xpath","value":"//span[@id=\"application-ruinventorylist-display-component---Master--smartTableRuInventoryList-header-inner\"]"}
COMMAND: POST /session/0edec6012a6aa8dfd2543f8ebfc03d1d/elements - {"using":"xpath","value":"//span[@id=\"application-ruinventorylist-display-component---Master--smartTableRuInventoryList-header-inner\"]"}
RESULT: {"using":"xpath","value":"//span[@id=\"application-ruinventorylist-display-component---Master--smartTableRuInventoryList-header-inner\"]"}
COMMAND: POST /session/0edec6012a6aa8dfd2543f8ebfc03d1d/execute/sync - {"script":"<script> [56 bytes]","args":[{"element-6066-11e4-a52e-4f735466cecf":"f.9B1EDAABCBD9CDA5B0DA3BD367ED2C8A.d.1F0E3DCF5EEF8BA1C7AF5767FA0A4C35.e.5543","ELEMENT":"f.9B1EDAABCBD9CDA5B0DA3BD367ED2C8A.d.1F0E3DCF5EEF8BA1C7AF5767FA0A4C35.e.5543"}]}
RESULT: {"script":"<script> [56 bytes]","args":[{"element-6066-11e4-a52e-4f735466cecf":"f.9B1EDAABCBD9CDA5B0DA3BD367ED2C8A.d.1F0E3DCF5EEF8BA1C7AF5767FA0A4C35.e.5543","ELEMENT":"f.9B1EDAABCBD9CDA5B0DA3BD367ED2C8A.d.1F0E3DCF5EEF8BA1C7AF5767FA0A4C35.e.5543"}]}
COMMAND: POST /session/0edec6012a6aa8dfd2543f8ebfc03d1d/element - {"using":"xpath","value":"//table[contains(@id, \"application-ruinventorylist-display-component---Master--tableRuInventoryList-listUl\")]/tbody/tr[1]/td[2]/div/div"}
COMMAND: GET /session/0edec6012a6aa8dfd2543f8ebfc03d1d/screenshot - {}
RESULT: {"using":"xpath","value":"//table[contains(@id, \"application-ruinventorylist-display-component---Master--tableRuInventoryList-listUl\")]/tbody/tr[1]/td[2]/div/div"}
COMMAND: POST /session/0edec6012a6aa8dfd2543f8ebfc03d1d/element/f.9B1EDAABCBD9CDA5B0DA3BD367ED2C8A.d.1F0E3DCF5EEF8BA1C7AF5767FA0A4C35.e.5828/click - {}
RESULT: {}
RESULT: {}
COMMAND: GET /session/0edec6012a6aa8dfd2543f8ebfc03d1d/screenshot - {}
RESULT: {}
COMMAND: POST /session/0edec6012a6aa8dfd2543f8ebfc03d1d/element - {"using":"xpath","value":"//div[contains(@id, \"smartFilterBar-btnBasicSearch-reset\")]"}
RESULT: {"using":"xpath","value":"//div[contains(@id, \"smartFilterBar-btnBasicSearch-reset\")]"}
COMMAND: POST /session/0edec6012a6aa8dfd2543f8ebfc03d1d/element/f.9B1EDAABCBD9CDA5B0DA3BD367ED2C8A.d.1F0E3DCF5EEF8BA1C7AF5767FA0A4C35.e.5558/click - {}
RESULT: {}
COMMAND: GET /session/0edec6012a6aa8dfd2543f8ebfc03d1d/screenshot - {}
RESULT: {}
RESULT: undefined
COMMAND: POST /session/0edec6012a6aa8dfd2543f8ebfc03d1d/execute/async - {"script":"<script> [776 bytes]","args":[{"enterText":"200134","selector":{"id":"application-ruinventorylist-display-component---Master--smartFilterBar-btnBasicSearch","interaction":{"idSuffix":"I"}},"clearTextFirst":true,"interactionType":"ENTER_TEXT"}]}
RESULT: {"script":"<script> [776 bytes]","args":[{"enterText":"200134","selector":{"id":"application-ruinventorylist-display-component---Master--smartFilterBar-btnBasicSearch","interaction":{"idSuffix":"I"}},"clearTextFirst":true,"interactionType":"ENTER_TEXT"}]}
COMMAND: POST /session/0edec6012a6aa8dfd2543f8ebfc03d1d/actions - {"actions":[{"id":"action26","type":"key","parameters":{},"actions":[{"type":"keyDown","value":""},{"type":"pause","duration":10},{"type":"keyUp","value":""}]}]}
RESULT: {"actions":[{"id":"action26","type":"key","parameters":{},"actions":[{"type":"keyDown","value":""},{"type":"pause","duration":10},{"type":"keyUp","value":""}]}]}
COMMAND: GET /session/0edec6012a6aa8dfd2543f8ebfc03d1d/screenshot - {}
RESULT: {}
COMMAND: POST /session/0edec6012a6aa8dfd2543f8ebfc03d1d/element - {"using":"xpath","value":"//span[@id=\"application-ruinventorylist-display-component---Master--smartTableRuInventoryList-header-inner\"]"}
RESULT: {"using":"xpath","value":"//span[@id=\"application-ruinventorylist-display-component---Master--smartTableRuInventoryList-header-inner\"]"}
COMMAND: POST /session/0edec6012a6aa8dfd2543f8ebfc03d1d/elements - {"using":"xpath","value":"//span[@id=\"application-ruinventorylist-display-component---Master--smartTableRuInventoryList-header-inner\"]"}
RESULT: {"using":"xpath","value":"//span[@id=\"application-ruinventorylist-display-component---Master--smartTableRuInventoryList-header-inner\"]"}
COMMAND: POST /session/0edec6012a6aa8dfd2543f8ebfc03d1d/execute/sync - {"script":"<script> [56 bytes]","args":[{"element-6066-11e4-a52e-4f735466cecf":"f.9B1EDAABCBD9CDA5B0DA3BD367ED2C8A.d.1F0E3DCF5EEF8BA1C7AF5767FA0A4C35.e.5543","ELEMENT":"f.9B1EDAABCBD9CDA5B0DA3BD367ED2C8A.d.1F0E3DCF5EEF8BA1C7AF5767FA0A4C35.e.5543"}]}
RESULT: {"script":"<script> [56 bytes]","args":[{"element-6066-11e4-a52e-4f735466cecf":"f.9B1EDAABCBD9CDA5B0DA3BD367ED2C8A.d.1F0E3DCF5EEF8BA1C7AF5767FA0A4C35.e.5543","ELEMENT":"f.9B1EDAABCBD9CDA5B0DA3BD367ED2C8A.d.1F0E3DCF5EEF8BA1C7AF5767FA0A4C35.e.5543"}]}
COMMAND: POST /session/0edec6012a6aa8dfd2543f8ebfc03d1d/element - {"using":"xpath","value":"//table[contains(@id, \"application-ruinventorylist-display-component---Master--tableRuInventoryList-listUl\")]/tbody/tr[1]/td[2]/div/div"}
COMMAND: GET /session/0edec6012a6aa8dfd2543f8ebfc03d1d/screenshot - {}
RESULT: {"using":"xpath","value":"//table[contains(@id, \"application-ruinventorylist-display-component---Master--tableRuInventoryList-listUl\")]/tbody/tr[1]/td[2]/div/div"}
COMMAND: POST /session/0edec6012a6aa8dfd2543f8ebfc03d1d/element/f.9B1EDAABCBD9CDA5B0DA3BD367ED2C8A.d.1F0E3DCF5EEF8BA1C7AF5767FA0A4C35.e.5970/click - {}
RESULT: {}
RESULT: {}
COMMAND: GET /session/0edec6012a6aa8dfd2543f8ebfc03d1d/screenshot - {}
RESULT: {}
COMMAND: POST /session/0edec6012a6aa8dfd2543f8ebfc03d1d/element - {"using":"xpath","value":"//div[contains(@id, \"smartFilterBar-btnBasicSearch-reset\")]"}
RESULT: {"using":"xpath","value":"//div[contains(@id, \"smartFilterBar-btnBasicSearch-reset\")]"}
COMMAND: POST /session/0edec6012a6aa8dfd2543f8ebfc03d1d/element/f.9B1EDAABCBD9CDA5B0DA3BD367ED2C8A.d.1F0E3DCF5EEF8BA1C7AF5767FA0A4C35.e.5558/click - {}
RESULT: {}
COMMAND: GET /session/0edec6012a6aa8dfd2543f8ebfc03d1d/screenshot - {}
RESULT: {}
COMMAND: POST /session/0edec6012a6aa8dfd2543f8ebfc03d1d/element/f.9B1EDAABCBD9CDA5B0DA3BD367ED2C8A.d.1F0E3DCF5EEF8BA1C7AF5767FA0A4C35.e.4982/click - {}
RESULT: {}
COMMAND: GET /session/0edec6012a6aa8dfd2543f8ebfc03d1d/screenshot - {}
RESULT: {}
COMMAND: POST /session/0edec6012a6aa8dfd2543f8ebfc03d1d/execute/async - {"script":"<script> [1562 bytes]","args":[{"selector":{"id":"application-ruinventorylist-display-component---Master--effectiveDate","searchOpenDialogs":true,"interaction":{"idSuffix":"inner"}},"wdio_ui5_key":"applicationruinventorylist-display-component---Master--effectiveDate"}]}
RESULT: {"script":"<script> [1562 bytes]","args":[{"selector":{"id":"application-ruinventorylist-display-component---Master--effectiveDate","searchOpenDialogs":true,"interaction":{"idSuffix":"inner"}},"wdio_ui5_key":"applicationruinventorylist-display-component---Master--effectiveDate"}]}
RESULT: undefined
COMMAND: POST /session/0edec6012a6aa8dfd2543f8ebfc03d1d/execute/async - {"script":"<script> [776 bytes]","args":[{"enterText":"06/13/25","selector":{"id":"application-ruinventorylist-display-component---Master--effectiveDate","searchOpenDialogs":true,"interaction":{"idSuffix":"inner"}},"clearTextFirst":true,"interactionType":"ENTER_TEXT"}]}
RESULT: {"script":"<script> [776 bytes]","args":[{"enterText":"06/13/25","selector":{"id":"application-ruinventorylist-display-component---Master--effectiveDate","searchOpenDialogs":true,"interaction":{"idSuffix":"inner"}},"clearTextFirst":true,"interactionType":"ENTER_TEXT"}]}
COMMAND: POST /session/0edec6012a6aa8dfd2543f8ebfc03d1d/element - {"using":"xpath","value":"//span[contains(@data-kt,\"correctionMassStateChangeIcon\")]"}
RESULT: {"using":"xpath","value":"//span[contains(@data-kt,\"correctionMassStateChangeIcon\")]"}
COMMAND: POST /session/0edec6012a6aa8dfd2543f8ebfc03d1d/elements - {"using":"xpath","value":"//span[contains(@data-kt,\"correctionMassStateChangeIcon\")]"}
RESULT: {"using":"xpath","value":"//span[contains(@data-kt,\"correctionMassStateChangeIcon\")]"}
COMMAND: POST /session/0edec6012a6aa8dfd2543f8ebfc03d1d/elements - {"using":"xpath","value":"//span[contains(@data-kt,\"correctionMassStateChangeIcon\")]"}
RESULT: {"using":"xpath","value":"//span[contains(@data-kt,\"correctionMassStateChangeIcon\")]"}
RESULT: undefined
COMMAND: POST /session/0edec6012a6aa8dfd2543f8ebfc03d1d/element - {"using":"xpath","value":"//*[@id=\"application-ruinventorylist-display-component---Master--ruStateTypes-arrow\"]"}
RESULT: {"using":"xpath","value":"//*[@id=\"application-ruinventorylist-display-component---Master--ruStateTypes-arrow\"]"}
COMMAND: POST /session/0edec6012a6aa8dfd2543f8ebfc03d1d/element/f.9B1EDAABCBD9CDA5B0DA3BD367ED2C8A.d.1F0E3DCF5EEF8BA1C7AF5767FA0A4C35.e.6151/click - {}
RESULT: {}
COMMAND: GET /session/0edec6012a6aa8dfd2543f8ebfc03d1d/screenshot - {}
RESULT: {}
COMMAND: POST /session/0edec6012a6aa8dfd2543f8ebfc03d1d/element - {"using":"xpath","value":"//li[.//span[text()=\"defect\"]]"}
RESULT: {"using":"xpath","value":"//li[.//span[text()=\"defect\"]]"}
COMMAND: POST /session/0edec6012a6aa8dfd2543f8ebfc03d1d/element/f.9B1EDAABCBD9CDA5B0DA3BD367ED2C8A.d.1F0E3DCF5EEF8BA1C7AF5767FA0A4C35.e.6152/click - {}
RESULT: {}
COMMAND: GET /session/0edec6012a6aa8dfd2543f8ebfc03d1d/screenshot - {}
RESULT: {}
COMMAND: POST /session/0edec6012a6aa8dfd2543f8ebfc03d1d/element - {"using":"xpath","value":"(//bdi[contains(text(), \"OK\")])[1]"}
RESULT: {"using":"xpath","value":"(//bdi[contains(text(), \"OK\")])[1]"}
COMMAND: POST /session/0edec6012a6aa8dfd2543f8ebfc03d1d/element/f.9B1EDAABCBD9CDA5B0DA3BD367ED2C8A.d.1F0E3DCF5EEF8BA1C7AF5767FA0A4C35.e.6153/click - {}
RESULT: {}
COMMAND: GET /session/0edec6012a6aa8dfd2543f8ebfc03d1d/screenshot - {}
RESULT: {}
COMMAND: POST /session/0edec6012a6aa8dfd2543f8ebfc03d1d/element - {"using":"css selector","value":"div.sapMMessageBoxError"}
RESULT: {"using":"css selector","value":"div.sapMMessageBoxError"}
COMMAND: POST /session/0edec6012a6aa8dfd2543f8ebfc03d1d/elements - {"using":"css selector","value":"div.sapMMessageBoxError"}
RESULT: {"using":"css selector","value":"div.sapMMessageBoxError"}
COMMAND: POST /session/0edec6012a6aa8dfd2543f8ebfc03d1d/element - {"using":"xpath","value":"//div[contains(@class, \"sapMMessageBoxError\")]/section/div/div/span"}
RESULT: {"using":"xpath","value":"//div[contains(@class, \"sapMMessageBoxError\")]/section/div/div/span"}
COMMAND: POST /session/0edec6012a6aa8dfd2543f8ebfc03d1d/execute/sync - {"script":"<script> [56 bytes]","args":[{"element-6066-11e4-a52e-4f735466cecf":"f.9B1EDAABCBD9CDA5B0DA3BD367ED2C8A.d.1F0E3DCF5EEF8BA1C7AF5767FA0A4C35.e.6157","ELEMENT":"f.9B1EDAABCBD9CDA5B0DA3BD367ED2C8A.d.1F0E3DCF5EEF8BA1C7AF5767FA0A4C35.e.6157"}]}
RESULT: {"script":"<script> [56 bytes]","args":[{"element-6066-11e4-a52e-4f735466cecf":"f.9B1EDAABCBD9CDA5B0DA3BD367ED2C8A.d.1F0E3DCF5EEF8BA1C7AF5767FA0A4C35.e.6157","ELEMENT":"f.9B1EDAABCBD9CDA5B0DA3BD367ED2C8A.d.1F0E3DCF5EEF8BA1C7AF5767FA0A4C35.e.6157"}]}
COMMAND: POST /session/0edec6012a6aa8dfd2543f8ebfc03d1d/element - {"using":"xpath","value":"(//bdi[contains(text(), \"Close\")])[1]"}
COMMAND: GET /session/0edec6012a6aa8dfd2543f8ebfc03d1d/screenshot - {}
RESULT: {"using":"xpath","value":"(//bdi[contains(text(), \"Close\")])[1]"}
COMMAND: POST /session/0edec6012a6aa8dfd2543f8ebfc03d1d/element/f.9B1EDAABCBD9CDA5B0DA3BD367ED2C8A.d.1F0E3DCF5EEF8BA1C7AF5767FA0A4C35.e.6158/click - {}
RESULT: {}
RESULT: {}
COMMAND: GET /session/0edec6012a6aa8dfd2543f8ebfc03d1d/screenshot - {}
RESULT: {}
RESULT: undefined
COMMAND: POST /session/0edec6012a6aa8dfd2543f8ebfc03d1d/execute/async - {"script":"<script> [776 bytes]","args":[{"enterText":"06/14/25","selector":{"id":"application-ruinventorylist-display-component---Master--effectiveDate","searchOpenDialogs":true,"interaction":{"idSuffix":"inner"}},"clearTextFirst":true,"interactionType":"ENTER_TEXT"}]}
RESULT: {"script":"<script> [776 bytes]","args":[{"enterText":"06/14/25","selector":{"id":"application-ruinventorylist-display-component---Master--effectiveDate","searchOpenDialogs":true,"interaction":{"idSuffix":"inner"}},"clearTextFirst":true,"interactionType":"ENTER_TEXT"}]}
COMMAND: POST /session/0edec6012a6aa8dfd2543f8ebfc03d1d/element - {"using":"xpath","value":"(//bdi[contains(text(), \"OK\")])[1]"}
RESULT: {"using":"xpath","value":"(//bdi[contains(text(), \"OK\")])[1]"}
COMMAND: POST /session/0edec6012a6aa8dfd2543f8ebfc03d1d/element/f.9B1EDAABCBD9CDA5B0DA3BD367ED2C8A.d.1F0E3DCF5EEF8BA1C7AF5767FA0A4C35.e.6153/click - {}
RESULT: {}
COMMAND: GET /session/0edec6012a6aa8dfd2543f8ebfc03d1d/screenshot - {}
RESULT: {}
COMMAND: POST /session/0edec6012a6aa8dfd2543f8ebfc03d1d/element - {"using":"xpath","value":"(//bdi[contains(text(), \"OK\")])[2]"}
RESULT: {"using":"xpath","value":"(//bdi[contains(text(), \"OK\")])[2]"}
COMMAND: POST /session/0edec6012a6aa8dfd2543f8ebfc03d1d/element/f.9B1EDAABCBD9CDA5B0DA3BD367ED2C8A.d.1F0E3DCF5EEF8BA1C7AF5767FA0A4C35.e.6200/click - {}
RESULT: {}
COMMAND: GET /session/0edec6012a6aa8dfd2543f8ebfc03d1d/screenshot - {}
RESULT: {}
RESULT: undefined
COMMAND: POST /session/0edec6012a6aa8dfd2543f8ebfc03d1d/execute/async - {"script":"<script> [776 bytes]","args":[{"enterText":"600002","selector":{"id":"application-ruinventorylist-display-component---Master--smartFilterBar-btnBasicSearch","interaction":{"idSuffix":"I"}},"clearTextFirst":true,"interactionType":"ENTER_TEXT"}]}
RESULT: {"script":"<script> [776 bytes]","args":[{"enterText":"600002","selector":{"id":"application-ruinventorylist-display-component---Master--smartFilterBar-btnBasicSearch","interaction":{"idSuffix":"I"}},"clearTextFirst":true,"interactionType":"ENTER_TEXT"}]}
COMMAND: POST /session/0edec6012a6aa8dfd2543f8ebfc03d1d/actions - {"actions":[{"id":"action27","type":"key","parameters":{},"actions":[{"type":"keyDown","value":""},{"type":"pause","duration":10},{"type":"keyUp","value":""}]}]}
RESULT: {"actions":[{"id":"action27","type":"key","parameters":{},"actions":[{"type":"keyDown","value":""},{"type":"pause","duration":10},{"type":"keyUp","value":""}]}]}
COMMAND: GET /session/0edec6012a6aa8dfd2543f8ebfc03d1d/screenshot - {}
RESULT: {}
COMMAND: POST /session/0edec6012a6aa8dfd2543f8ebfc03d1d/element - {"using":"xpath","value":"//span[@id=\"application-ruinventorylist-display-component---Master--smartTableRuInventoryList-header-inner\"]"}
RESULT: {"using":"xpath","value":"//span[@id=\"application-ruinventorylist-display-component---Master--smartTableRuInventoryList-header-inner\"]"}
COMMAND: POST /session/0edec6012a6aa8dfd2543f8ebfc03d1d/elements - {"using":"xpath","value":"//span[@id=\"application-ruinventorylist-display-component---Master--smartTableRuInventoryList-header-inner\"]"}
RESULT: {"using":"xpath","value":"//span[@id=\"application-ruinventorylist-display-component---Master--smartTableRuInventoryList-header-inner\"]"}
COMMAND: POST /session/0edec6012a6aa8dfd2543f8ebfc03d1d/execute/sync - {"script":"<script> [56 bytes]","args":[{"element-6066-11e4-a52e-4f735466cecf":"f.9B1EDAABCBD9CDA5B0DA3BD367ED2C8A.d.1F0E3DCF5EEF8BA1C7AF5767FA0A4C35.e.5543","ELEMENT":"f.9B1EDAABCBD9CDA5B0DA3BD367ED2C8A.d.1F0E3DCF5EEF8BA1C7AF5767FA0A4C35.e.5543"}]}
RESULT: {"script":"<script> [56 bytes]","args":[{"element-6066-11e4-a52e-4f735466cecf":"f.9B1EDAABCBD9CDA5B0DA3BD367ED2C8A.d.1F0E3DCF5EEF8BA1C7AF5767FA0A4C35.e.5543","ELEMENT":"f.9B1EDAABCBD9CDA5B0DA3BD367ED2C8A.d.1F0E3DCF5EEF8BA1C7AF5767FA0A4C35.e.5543"}]}
COMMAND: POST /session/0edec6012a6aa8dfd2543f8ebfc03d1d/element - {"using":"xpath","value":"//table[contains(@id, \"application-ruinventorylist-display-component---Master--tableRuInventoryList-listUl\")]/tbody/tr[1]/td[6]/div/span"}
COMMAND: GET /session/0edec6012a6aa8dfd2543f8ebfc03d1d/screenshot - {}
RESULT: {"using":"xpath","value":"//table[contains(@id, \"application-ruinventorylist-display-component---Master--tableRuInventoryList-listUl\")]/tbody/tr[1]/td[6]/div/span"}
COMMAND: POST /session/0edec6012a6aa8dfd2543f8ebfc03d1d/execute/sync - {"script":"<script> [56 bytes]","args":[{"element-6066-11e4-a52e-4f735466cecf":"f.9B1EDAABCBD9CDA5B0DA3BD367ED2C8A.d.1F0E3DCF5EEF8BA1C7AF5767FA0A4C35.e.6223","ELEMENT":"f.9B1EDAABCBD9CDA5B0DA3BD367ED2C8A.d.1F0E3DCF5EEF8BA1C7AF5767FA0A4C35.e.6223"}]}
RESULT: {}
RESULT: {"script":"<script> [56 bytes]","args":[{"element-6066-11e4-a52e-4f735466cecf":"f.9B1EDAABCBD9CDA5B0DA3BD367ED2C8A.d.1F0E3DCF5EEF8BA1C7AF5767FA0A4C35.e.6223","ELEMENT":"f.9B1EDAABCBD9CDA5B0DA3BD367ED2C8A.d.1F0E3DCF5EEF8BA1C7AF5767FA0A4C35.e.6223"}]}
COMMAND: POST /session/0edec6012a6aa8dfd2543f8ebfc03d1d/element - {"using":"xpath","value":"//div[contains(@id, \"smartFilterBar-btnBasicSearch-reset\")]"}
COMMAND: GET /session/0edec6012a6aa8dfd2543f8ebfc03d1d/screenshot - {}
RESULT: {"using":"xpath","value":"//div[contains(@id, \"smartFilterBar-btnBasicSearch-reset\")]"}
COMMAND: POST /session/0edec6012a6aa8dfd2543f8ebfc03d1d/element/f.9B1EDAABCBD9CDA5B0DA3BD367ED2C8A.d.1F0E3DCF5EEF8BA1C7AF5767FA0A4C35.e.5558/click - {}
RESULT: {}
RESULT: {}
COMMAND: GET /session/0edec6012a6aa8dfd2543f8ebfc03d1d/screenshot - {}
RESULT: {}
RESULT: undefined
COMMAND: POST /session/0edec6012a6aa8dfd2543f8ebfc03d1d/execute/async - {"script":"<script> [776 bytes]","args":[{"enterText":"401002","selector":{"id":"application-ruinventorylist-display-component---Master--smartFilterBar-btnBasicSearch","interaction":{"idSuffix":"I"}},"clearTextFirst":true,"interactionType":"ENTER_TEXT"}]}
RESULT: {"script":"<script> [776 bytes]","args":[{"enterText":"401002","selector":{"id":"application-ruinventorylist-display-component---Master--smartFilterBar-btnBasicSearch","interaction":{"idSuffix":"I"}},"clearTextFirst":true,"interactionType":"ENTER_TEXT"}]}
COMMAND: POST /session/0edec6012a6aa8dfd2543f8ebfc03d1d/actions - {"actions":[{"id":"action28","type":"key","parameters":{},"actions":[{"type":"keyDown","value":""},{"type":"pause","duration":10},{"type":"keyUp","value":""}]}]}
RESULT: {"actions":[{"id":"action28","type":"key","parameters":{},"actions":[{"type":"keyDown","value":""},{"type":"pause","duration":10},{"type":"keyUp","value":""}]}]}
COMMAND: GET /session/0edec6012a6aa8dfd2543f8ebfc03d1d/screenshot - {}
RESULT: {}
COMMAND: POST /session/0edec6012a6aa8dfd2543f8ebfc03d1d/element - {"using":"xpath","value":"//span[@id=\"application-ruinventorylist-display-component---Master--smartTableRuInventoryList-header-inner\"]"}
RESULT: {"using":"xpath","value":"//span[@id=\"application-ruinventorylist-display-component---Master--smartTableRuInventoryList-header-inner\"]"}
COMMAND: POST /session/0edec6012a6aa8dfd2543f8ebfc03d1d/elements - {"using":"xpath","value":"//span[@id=\"application-ruinventorylist-display-component---Master--smartTableRuInventoryList-header-inner\"]"}
RESULT: {"using":"xpath","value":"//span[@id=\"application-ruinventorylist-display-component---Master--smartTableRuInventoryList-header-inner\"]"}
COMMAND: POST /session/0edec6012a6aa8dfd2543f8ebfc03d1d/execute/sync - {"script":"<script> [56 bytes]","args":[{"element-6066-11e4-a52e-4f735466cecf":"f.9B1EDAABCBD9CDA5B0DA3BD367ED2C8A.d.1F0E3DCF5EEF8BA1C7AF5767FA0A4C35.e.5543","ELEMENT":"f.9B1EDAABCBD9CDA5B0DA3BD367ED2C8A.d.1F0E3DCF5EEF8BA1C7AF5767FA0A4C35.e.5543"}]}
RESULT: {"script":"<script> [56 bytes]","args":[{"element-6066-11e4-a52e-4f735466cecf":"f.9B1EDAABCBD9CDA5B0DA3BD367ED2C8A.d.1F0E3DCF5EEF8BA1C7AF5767FA0A4C35.e.5543","ELEMENT":"f.9B1EDAABCBD9CDA5B0DA3BD367ED2C8A.d.1F0E3DCF5EEF8BA1C7AF5767FA0A4C35.e.5543"}]}
COMMAND: POST /session/0edec6012a6aa8dfd2543f8ebfc03d1d/element - {"using":"xpath","value":"//table[contains(@id, \"application-ruinventorylist-display-component---Master--tableRuInventoryList-listUl\")]/tbody/tr[1]/td[6]/div/span"}
COMMAND: GET /session/0edec6012a6aa8dfd2543f8ebfc03d1d/screenshot - {}
RESULT: {"using":"xpath","value":"//table[contains(@id, \"application-ruinventorylist-display-component---Master--tableRuInventoryList-listUl\")]/tbody/tr[1]/td[6]/div/span"}
COMMAND: POST /session/0edec6012a6aa8dfd2543f8ebfc03d1d/execute/sync - {"script":"<script> [56 bytes]","args":[{"element-6066-11e4-a52e-4f735466cecf":"f.9B1EDAABCBD9CDA5B0DA3BD367ED2C8A.d.1F0E3DCF5EEF8BA1C7AF5767FA0A4C35.e.6300","ELEMENT":"f.9B1EDAABCBD9CDA5B0DA3BD367ED2C8A.d.1F0E3DCF5EEF8BA1C7AF5767FA0A4C35.e.6300"}]}
RESULT: {}
RESULT: {"script":"<script> [56 bytes]","args":[{"element-6066-11e4-a52e-4f735466cecf":"f.9B1EDAABCBD9CDA5B0DA3BD367ED2C8A.d.1F0E3DCF5EEF8BA1C7AF5767FA0A4C35.e.6300","ELEMENT":"f.9B1EDAABCBD9CDA5B0DA3BD367ED2C8A.d.1F0E3DCF5EEF8BA1C7AF5767FA0A4C35.e.6300"}]}
COMMAND: POST /session/0edec6012a6aa8dfd2543f8ebfc03d1d/element - {"using":"xpath","value":"//div[contains(@id, \"smartFilterBar-btnBasicSearch-reset\")]"}
COMMAND: GET /session/0edec6012a6aa8dfd2543f8ebfc03d1d/screenshot - {}
RESULT: {"using":"xpath","value":"//div[contains(@id, \"smartFilterBar-btnBasicSearch-reset\")]"}
COMMAND: POST /session/0edec6012a6aa8dfd2543f8ebfc03d1d/element/f.9B1EDAABCBD9CDA5B0DA3BD367ED2C8A.d.1F0E3DCF5EEF8BA1C7AF5767FA0A4C35.e.5558/click - {}
RESULT: {}
RESULT: {}
COMMAND: GET /session/0edec6012a6aa8dfd2543f8ebfc03d1d/screenshot - {}
RESULT: {}
RESULT: undefined
COMMAND: POST /session/0edec6012a6aa8dfd2543f8ebfc03d1d/execute/async - {"script":"<script> [776 bytes]","args":[{"enterText":"W63YWx0iS6","selector":{"id":"application-ruinventorylist-display-component---Master--smartFilterBar-btnBasicSearch","interaction":{"idSuffix":"I"}},"clearTextFirst":true,"interactionType":"ENTER_TEXT"}]}
RESULT: {"script":"<script> [776 bytes]","args":[{"enterText":"W63YWx0iS6","selector":{"id":"application-ruinventorylist-display-component---Master--smartFilterBar-btnBasicSearch","interaction":{"idSuffix":"I"}},"clearTextFirst":true,"interactionType":"ENTER_TEXT"}]}
COMMAND: POST /session/0edec6012a6aa8dfd2543f8ebfc03d1d/actions - {"actions":[{"id":"action29","type":"key","parameters":{},"actions":[{"type":"keyDown","value":""},{"type":"pause","duration":10},{"type":"keyUp","value":""}]}]}
RESULT: {"actions":[{"id":"action29","type":"key","parameters":{},"actions":[{"type":"keyDown","value":""},{"type":"pause","duration":10},{"type":"keyUp","value":""}]}]}
COMMAND: GET /session/0edec6012a6aa8dfd2543f8ebfc03d1d/screenshot - {}
RESULT: {}
COMMAND: POST /session/0edec6012a6aa8dfd2543f8ebfc03d1d/element - {"using":"xpath","value":"//span[@id=\"application-ruinventorylist-display-component---Master--smartTableRuInventoryList-header-inner\"]"}
RESULT: {"using":"xpath","value":"//span[@id=\"application-ruinventorylist-display-component---Master--smartTableRuInventoryList-header-inner\"]"}
COMMAND: POST /session/0edec6012a6aa8dfd2543f8ebfc03d1d/elements - {"using":"xpath","value":"//span[@id=\"application-ruinventorylist-display-component---Master--smartTableRuInventoryList-header-inner\"]"}
RESULT: {"using":"xpath","value":"//span[@id=\"application-ruinventorylist-display-component---Master--smartTableRuInventoryList-header-inner\"]"}
COMMAND: POST /session/0edec6012a6aa8dfd2543f8ebfc03d1d/execute/sync - {"script":"<script> [56 bytes]","args":[{"element-6066-11e4-a52e-4f735466cecf":"f.9B1EDAABCBD9CDA5B0DA3BD367ED2C8A.d.1F0E3DCF5EEF8BA1C7AF5767FA0A4C35.e.5543","ELEMENT":"f.9B1EDAABCBD9CDA5B0DA3BD367ED2C8A.d.1F0E3DCF5EEF8BA1C7AF5767FA0A4C35.e.5543"}]}
RESULT: {"script":"<script> [56 bytes]","args":[{"element-6066-11e4-a52e-4f735466cecf":"f.9B1EDAABCBD9CDA5B0DA3BD367ED2C8A.d.1F0E3DCF5EEF8BA1C7AF5767FA0A4C35.e.5543","ELEMENT":"f.9B1EDAABCBD9CDA5B0DA3BD367ED2C8A.d.1F0E3DCF5EEF8BA1C7AF5767FA0A4C35.e.5543"}]}
COMMAND: POST /session/0edec6012a6aa8dfd2543f8ebfc03d1d/element - {"using":"xpath","value":"//table[contains(@id, \"application-ruinventorylist-display-component---Master--tableRuInventoryList-listUl\")]/tbody/tr[1]/td[6]/div/span"}
COMMAND: GET /session/0edec6012a6aa8dfd2543f8ebfc03d1d/screenshot - {}
RESULT: {"using":"xpath","value":"//table[contains(@id, \"application-ruinventorylist-display-component---Master--tableRuInventoryList-listUl\")]/tbody/tr[1]/td[6]/div/span"}
COMMAND: POST /session/0edec6012a6aa8dfd2543f8ebfc03d1d/execute/sync - {"script":"<script> [56 bytes]","args":[{"element-6066-11e4-a52e-4f735466cecf":"f.9B1EDAABCBD9CDA5B0DA3BD367ED2C8A.d.1F0E3DCF5EEF8BA1C7AF5767FA0A4C35.e.6379","ELEMENT":"f.9B1EDAABCBD9CDA5B0DA3BD367ED2C8A.d.1F0E3DCF5EEF8BA1C7AF5767FA0A4C35.e.6379"}]}
RESULT: {}
RESULT: {"script":"<script> [56 bytes]","args":[{"element-6066-11e4-a52e-4f735466cecf":"f.9B1EDAABCBD9CDA5B0DA3BD367ED2C8A.d.1F0E3DCF5EEF8BA1C7AF5767FA0A4C35.e.6379","ELEMENT":"f.9B1EDAABCBD9CDA5B0DA3BD367ED2C8A.d.1F0E3DCF5EEF8BA1C7AF5767FA0A4C35.e.6379"}]}
COMMAND: POST /session/0edec6012a6aa8dfd2543f8ebfc03d1d/element - {"using":"xpath","value":"//div[contains(@id, \"smartFilterBar-btnBasicSearch-reset\")]"}
COMMAND: GET /session/0edec6012a6aa8dfd2543f8ebfc03d1d/screenshot - {}
RESULT: {"using":"xpath","value":"//div[contains(@id, \"smartFilterBar-btnBasicSearch-reset\")]"}
COMMAND: POST /session/0edec6012a6aa8dfd2543f8ebfc03d1d/element/f.9B1EDAABCBD9CDA5B0DA3BD367ED2C8A.d.1F0E3DCF5EEF8BA1C7AF5767FA0A4C35.e.5558/click - {}
RESULT: {}
RESULT: {}
COMMAND: GET /session/0edec6012a6aa8dfd2543f8ebfc03d1d/screenshot - {}
RESULT: {}
RESULT: undefined
COMMAND: POST /session/0edec6012a6aa8dfd2543f8ebfc03d1d/execute/async - {"script":"<script> [776 bytes]","args":[{"enterText":"200134","selector":{"id":"application-ruinventorylist-display-component---Master--smartFilterBar-btnBasicSearch","interaction":{"idSuffix":"I"}},"clearTextFirst":true,"interactionType":"ENTER_TEXT"}]}
RESULT: {"script":"<script> [776 bytes]","args":[{"enterText":"200134","selector":{"id":"application-ruinventorylist-display-component---Master--smartFilterBar-btnBasicSearch","interaction":{"idSuffix":"I"}},"clearTextFirst":true,"interactionType":"ENTER_TEXT"}]}
COMMAND: POST /session/0edec6012a6aa8dfd2543f8ebfc03d1d/actions - {"actions":[{"id":"action30","type":"key","parameters":{},"actions":[{"type":"keyDown","value":""},{"type":"pause","duration":10},{"type":"keyUp","value":""}]}]}
RESULT: {"actions":[{"id":"action30","type":"key","parameters":{},"actions":[{"type":"keyDown","value":""},{"type":"pause","duration":10},{"type":"keyUp","value":""}]}]}
COMMAND: GET /session/0edec6012a6aa8dfd2543f8ebfc03d1d/screenshot - {}
RESULT: {}
COMMAND: POST /session/0edec6012a6aa8dfd2543f8ebfc03d1d/element - {"using":"xpath","value":"//span[@id=\"application-ruinventorylist-display-component---Master--smartTableRuInventoryList-header-inner\"]"}
RESULT: {"using":"xpath","value":"//span[@id=\"application-ruinventorylist-display-component---Master--smartTableRuInventoryList-header-inner\"]"}
COMMAND: POST /session/0edec6012a6aa8dfd2543f8ebfc03d1d/elements - {"using":"xpath","value":"//span[@id=\"application-ruinventorylist-display-component---Master--smartTableRuInventoryList-header-inner\"]"}
RESULT: {"using":"xpath","value":"//span[@id=\"application-ruinventorylist-display-component---Master--smartTableRuInventoryList-header-inner\"]"}
COMMAND: POST /session/0edec6012a6aa8dfd2543f8ebfc03d1d/execute/sync - {"script":"<script> [56 bytes]","args":[{"element-6066-11e4-a52e-4f735466cecf":"f.9B1EDAABCBD9CDA5B0DA3BD367ED2C8A.d.1F0E3DCF5EEF8BA1C7AF5767FA0A4C35.e.5543","ELEMENT":"f.9B1EDAABCBD9CDA5B0DA3BD367ED2C8A.d.1F0E3DCF5EEF8BA1C7AF5767FA0A4C35.e.5543"}]}
RESULT: {"script":"<script> [56 bytes]","args":[{"element-6066-11e4-a52e-4f735466cecf":"f.9B1EDAABCBD9CDA5B0DA3BD367ED2C8A.d.1F0E3DCF5EEF8BA1C7AF5767FA0A4C35.e.5543","ELEMENT":"f.9B1EDAABCBD9CDA5B0DA3BD367ED2C8A.d.1F0E3DCF5EEF8BA1C7AF5767FA0A4C35.e.5543"}]}
COMMAND: POST /session/0edec6012a6aa8dfd2543f8ebfc03d1d/element - {"using":"xpath","value":"//table[contains(@id, \"application-ruinventorylist-display-component---Master--tableRuInventoryList-listUl\")]/tbody/tr[1]/td[6]/div/span"}
COMMAND: GET /session/0edec6012a6aa8dfd2543f8ebfc03d1d/screenshot - {}
RESULT: {"using":"xpath","value":"//table[contains(@id, \"application-ruinventorylist-display-component---Master--tableRuInventoryList-listUl\")]/tbody/tr[1]/td[6]/div/span"}
COMMAND: POST /session/0edec6012a6aa8dfd2543f8ebfc03d1d/execute/sync - {"script":"<script> [56 bytes]","args":[{"element-6066-11e4-a52e-4f735466cecf":"f.9B1EDAABCBD9CDA5B0DA3BD367ED2C8A.d.1F0E3DCF5EEF8BA1C7AF5767FA0A4C35.e.6456","ELEMENT":"f.9B1EDAABCBD9CDA5B0DA3BD367ED2C8A.d.1F0E3DCF5EEF8BA1C7AF5767FA0A4C35.e.6456"}]}
RESULT: {}
RESULT: {"script":"<script> [56 bytes]","args":[{"element-6066-11e4-a52e-4f735466cecf":"f.9B1EDAABCBD9CDA5B0DA3BD367ED2C8A.d.1F0E3DCF5EEF8BA1C7AF5767FA0A4C35.e.6456","ELEMENT":"f.9B1EDAABCBD9CDA5B0DA3BD367ED2C8A.d.1F0E3DCF5EEF8BA1C7AF5767FA0A4C35.e.6456"}]}
COMMAND: POST /session/0edec6012a6aa8dfd2543f8ebfc03d1d/element - {"using":"xpath","value":"//div[contains(@id, \"smartFilterBar-btnBasicSearch-reset\")]"}
COMMAND: GET /session/0edec6012a6aa8dfd2543f8ebfc03d1d/screenshot - {}
RESULT: {"using":"xpath","value":"//div[contains(@id, \"smartFilterBar-btnBasicSearch-reset\")]"}
COMMAND: POST /session/0edec6012a6aa8dfd2543f8ebfc03d1d/element/f.9B1EDAABCBD9CDA5B0DA3BD367ED2C8A.d.1F0E3DCF5EEF8BA1C7AF5767FA0A4C35.e.5558/click - {}
RESULT: {}
RESULT: {}
COMMAND: GET /session/0edec6012a6aa8dfd2543f8ebfc03d1d/screenshot - {}
RESULT: {}
COMMAND: POST /session/0edec6012a6aa8dfd2543f8ebfc03d1d/element/f.9B1EDAABCBD9CDA5B0DA3BD367ED2C8A.d.1F0E3DCF5EEF8BA1C7AF5767FA0A4C35.e.4982/click - {}
RESULT: {}
COMMAND: GET /session/0edec6012a6aa8dfd2543f8ebfc03d1d/screenshot - {}
RESULT: {}
RESULT: undefined
COMMAND: POST /session/0edec6012a6aa8dfd2543f8ebfc03d1d/execute/async - {"script":"<script> [776 bytes]","args":[{"enterText":"600002","selector":{"id":"application-ruinventorylist-display-component---Master--smartFilterBar-btnBasicSearch","interaction":{"idSuffix":"I"}},"clearTextFirst":true,"interactionType":"ENTER_TEXT"}]}
RESULT: {"script":"<script> [776 bytes]","args":[{"enterText":"600002","selector":{"id":"application-ruinventorylist-display-component---Master--smartFilterBar-btnBasicSearch","interaction":{"idSuffix":"I"}},"clearTextFirst":true,"interactionType":"ENTER_TEXT"}]}
COMMAND: POST /session/0edec6012a6aa8dfd2543f8ebfc03d1d/actions - {"actions":[{"id":"action31","type":"key","parameters":{},"actions":[{"type":"keyDown","value":""},{"type":"pause","duration":10},{"type":"keyUp","value":""}]}]}
RESULT: {"actions":[{"id":"action31","type":"key","parameters":{},"actions":[{"type":"keyDown","value":""},{"type":"pause","duration":10},{"type":"keyUp","value":""}]}]}
COMMAND: GET /session/0edec6012a6aa8dfd2543f8ebfc03d1d/screenshot - {}
RESULT: {}
COMMAND: POST /session/0edec6012a6aa8dfd2543f8ebfc03d1d/element - {"using":"xpath","value":"//span[@id=\"application-ruinventorylist-display-component---Master--smartTableRuInventoryList-header-inner\"]"}
RESULT: {"using":"xpath","value":"//span[@id=\"application-ruinventorylist-display-component---Master--smartTableRuInventoryList-header-inner\"]"}
COMMAND: POST /session/0edec6012a6aa8dfd2543f8ebfc03d1d/elements - {"using":"xpath","value":"//span[@id=\"application-ruinventorylist-display-component---Master--smartTableRuInventoryList-header-inner\"]"}
RESULT: {"using":"xpath","value":"//span[@id=\"application-ruinventorylist-display-component---Master--smartTableRuInventoryList-header-inner\"]"}
COMMAND: POST /session/0edec6012a6aa8dfd2543f8ebfc03d1d/execute/sync - {"script":"<script> [56 bytes]","args":[{"element-6066-11e4-a52e-4f735466cecf":"f.9B1EDAABCBD9CDA5B0DA3BD367ED2C8A.d.1F0E3DCF5EEF8BA1C7AF5767FA0A4C35.e.5543","ELEMENT":"f.9B1EDAABCBD9CDA5B0DA3BD367ED2C8A.d.1F0E3DCF5EEF8BA1C7AF5767FA0A4C35.e.5543"}]}
RESULT: {"script":"<script> [56 bytes]","args":[{"element-6066-11e4-a52e-4f735466cecf":"f.9B1EDAABCBD9CDA5B0DA3BD367ED2C8A.d.1F0E3DCF5EEF8BA1C7AF5767FA0A4C35.e.5543","ELEMENT":"f.9B1EDAABCBD9CDA5B0DA3BD367ED2C8A.d.1F0E3DCF5EEF8BA1C7AF5767FA0A4C35.e.5543"}]}
COMMAND: POST /session/0edec6012a6aa8dfd2543f8ebfc03d1d/element - {"using":"xpath","value":"//table[contains(@id, \"application-ruinventorylist-display-component---Master--tableRuInventoryList-listUl\")]/tbody/tr[1]/td[2]/div/div"}
COMMAND: GET /session/0edec6012a6aa8dfd2543f8ebfc03d1d/screenshot - {}
RESULT: {"using":"xpath","value":"//table[contains(@id, \"application-ruinventorylist-display-component---Master--tableRuInventoryList-listUl\")]/tbody/tr[1]/td[2]/div/div"}
COMMAND: POST /session/0edec6012a6aa8dfd2543f8ebfc03d1d/element/f.9B1EDAABCBD9CDA5B0DA3BD367ED2C8A.d.1F0E3DCF5EEF8BA1C7AF5767FA0A4C35.e.6701/click - {}
RESULT: {}
RESULT: {}
COMMAND: GET /session/0edec6012a6aa8dfd2543f8ebfc03d1d/screenshot - {}
RESULT: {}
COMMAND: POST /session/0edec6012a6aa8dfd2543f8ebfc03d1d/element - {"using":"xpath","value":"//div[contains(@id, \"smartFilterBar-btnBasicSearch-reset\")]"}
RESULT: {"using":"xpath","value":"//div[contains(@id, \"smartFilterBar-btnBasicSearch-reset\")]"}
COMMAND: POST /session/0edec6012a6aa8dfd2543f8ebfc03d1d/element/f.9B1EDAABCBD9CDA5B0DA3BD367ED2C8A.d.1F0E3DCF5EEF8BA1C7AF5767FA0A4C35.e.5558/click - {}
RESULT: {}
COMMAND: GET /session/0edec6012a6aa8dfd2543f8ebfc03d1d/screenshot - {}
RESULT: {}
RESULT: undefined
COMMAND: POST /session/0edec6012a6aa8dfd2543f8ebfc03d1d/execute/async - {"script":"<script> [776 bytes]","args":[{"enterText":"401002","selector":{"id":"application-ruinventorylist-display-component---Master--smartFilterBar-btnBasicSearch","interaction":{"idSuffix":"I"}},"clearTextFirst":true,"interactionType":"ENTER_TEXT"}]}
RESULT: {"script":"<script> [776 bytes]","args":[{"enterText":"401002","selector":{"id":"application-ruinventorylist-display-component---Master--smartFilterBar-btnBasicSearch","interaction":{"idSuffix":"I"}},"clearTextFirst":true,"interactionType":"ENTER_TEXT"}]}
COMMAND: POST /session/0edec6012a6aa8dfd2543f8ebfc03d1d/actions - {"actions":[{"id":"action32","type":"key","parameters":{},"actions":[{"type":"keyDown","value":""},{"type":"pause","duration":10},{"type":"keyUp","value":""}]}]}
RESULT: {"actions":[{"id":"action32","type":"key","parameters":{},"actions":[{"type":"keyDown","value":""},{"type":"pause","duration":10},{"type":"keyUp","value":""}]}]}
COMMAND: GET /session/0edec6012a6aa8dfd2543f8ebfc03d1d/screenshot - {}
COMMAND: POST /session/0edec6012a6aa8dfd2543f8ebfc03d1d/element - {"using":"xpath","value":"//span[@id=\"application-ruinventorylist-display-component---Master--smartTableRuInventoryList-header-inner\"]"}
RESULT: {}
RESULT: {"using":"xpath","value":"//span[@id=\"application-ruinventorylist-display-component---Master--smartTableRuInventoryList-header-inner\"]"}
COMMAND: POST /session/0edec6012a6aa8dfd2543f8ebfc03d1d/elements - {"using":"xpath","value":"//span[@id=\"application-ruinventorylist-display-component---Master--smartTableRuInventoryList-header-inner\"]"}
RESULT: {"using":"xpath","value":"//span[@id=\"application-ruinventorylist-display-component---Master--smartTableRuInventoryList-header-inner\"]"}
COMMAND: POST /session/0edec6012a6aa8dfd2543f8ebfc03d1d/execute/sync - {"script":"<script> [56 bytes]","args":[{"element-6066-11e4-a52e-4f735466cecf":"f.9B1EDAABCBD9CDA5B0DA3BD367ED2C8A.d.1F0E3DCF5EEF8BA1C7AF5767FA0A4C35.e.5543","ELEMENT":"f.9B1EDAABCBD9CDA5B0DA3BD367ED2C8A.d.1F0E3DCF5EEF8BA1C7AF5767FA0A4C35.e.5543"}]}
RESULT: {"script":"<script> [56 bytes]","args":[{"element-6066-11e4-a52e-4f735466cecf":"f.9B1EDAABCBD9CDA5B0DA3BD367ED2C8A.d.1F0E3DCF5EEF8BA1C7AF5767FA0A4C35.e.5543","ELEMENT":"f.9B1EDAABCBD9CDA5B0DA3BD367ED2C8A.d.1F0E3DCF5EEF8BA1C7AF5767FA0A4C35.e.5543"}]}
COMMAND: POST /session/0edec6012a6aa8dfd2543f8ebfc03d1d/element - {"using":"xpath","value":"//table[contains(@id, \"application-ruinventorylist-display-component---Master--tableRuInventoryList-listUl\")]/tbody/tr[1]/td[2]/div/div"}
COMMAND: GET /session/0edec6012a6aa8dfd2543f8ebfc03d1d/screenshot - {}
RESULT: {"using":"xpath","value":"//table[contains(@id, \"application-ruinventorylist-display-component---Master--tableRuInventoryList-listUl\")]/tbody/tr[1]/td[2]/div/div"}
COMMAND: POST /session/0edec6012a6aa8dfd2543f8ebfc03d1d/element/f.9B1EDAABCBD9CDA5B0DA3BD367ED2C8A.d.1F0E3DCF5EEF8BA1C7AF5767FA0A4C35.e.6842/click - {}
RESULT: {}
RESULT: {}
COMMAND: GET /session/0edec6012a6aa8dfd2543f8ebfc03d1d/screenshot - {}
RESULT: {}
COMMAND: POST /session/0edec6012a6aa8dfd2543f8ebfc03d1d/element - {"using":"xpath","value":"//div[contains(@id, \"smartFilterBar-btnBasicSearch-reset\")]"}
RESULT: {"using":"xpath","value":"//div[contains(@id, \"smartFilterBar-btnBasicSearch-reset\")]"}
COMMAND: POST /session/0edec6012a6aa8dfd2543f8ebfc03d1d/element/f.9B1EDAABCBD9CDA5B0DA3BD367ED2C8A.d.1F0E3DCF5EEF8BA1C7AF5767FA0A4C35.e.5558/click - {}
RESULT: {}
COMMAND: GET /session/0edec6012a6aa8dfd2543f8ebfc03d1d/screenshot - {}
RESULT: {}
RESULT: undefined
COMMAND: POST /session/0edec6012a6aa8dfd2543f8ebfc03d1d/execute/async - {"script":"<script> [776 bytes]","args":[{"enterText":"W63YWx0iS6","selector":{"id":"application-ruinventorylist-display-component---Master--smartFilterBar-btnBasicSearch","interaction":{"idSuffix":"I"}},"clearTextFirst":true,"interactionType":"ENTER_TEXT"}]}
RESULT: {"script":"<script> [776 bytes]","args":[{"enterText":"W63YWx0iS6","selector":{"id":"application-ruinventorylist-display-component---Master--smartFilterBar-btnBasicSearch","interaction":{"idSuffix":"I"}},"clearTextFirst":true,"interactionType":"ENTER_TEXT"}]}
COMMAND: POST /session/0edec6012a6aa8dfd2543f8ebfc03d1d/actions - {"actions":[{"id":"action33","type":"key","parameters":{},"actions":[{"type":"keyDown","value":""},{"type":"pause","duration":10},{"type":"keyUp","value":""}]}]}
RESULT: {"actions":[{"id":"action33","type":"key","parameters":{},"actions":[{"type":"keyDown","value":""},{"type":"pause","duration":10},{"type":"keyUp","value":""}]}]}
COMMAND: GET /session/0edec6012a6aa8dfd2543f8ebfc03d1d/screenshot - {}
RESULT: {}
COMMAND: POST /session/0edec6012a6aa8dfd2543f8ebfc03d1d/element - {"using":"xpath","value":"//span[@id=\"application-ruinventorylist-display-component---Master--smartTableRuInventoryList-header-inner\"]"}
RESULT: {"using":"xpath","value":"//span[@id=\"application-ruinventorylist-display-component---Master--smartTableRuInventoryList-header-inner\"]"}
COMMAND: POST /session/0edec6012a6aa8dfd2543f8ebfc03d1d/elements - {"using":"xpath","value":"//span[@id=\"application-ruinventorylist-display-component---Master--smartTableRuInventoryList-header-inner\"]"}
RESULT: {"using":"xpath","value":"//span[@id=\"application-ruinventorylist-display-component---Master--smartTableRuInventoryList-header-inner\"]"}
COMMAND: POST /session/0edec6012a6aa8dfd2543f8ebfc03d1d/execute/sync - {"script":"<script> [56 bytes]","args":[{"element-6066-11e4-a52e-4f735466cecf":"f.9B1EDAABCBD9CDA5B0DA3BD367ED2C8A.d.1F0E3DCF5EEF8BA1C7AF5767FA0A4C35.e.5543","ELEMENT":"f.9B1EDAABCBD9CDA5B0DA3BD367ED2C8A.d.1F0E3DCF5EEF8BA1C7AF5767FA0A4C35.e.5543"}]}
RESULT: {"script":"<script> [56 bytes]","args":[{"element-6066-11e4-a52e-4f735466cecf":"f.9B1EDAABCBD9CDA5B0DA3BD367ED2C8A.d.1F0E3DCF5EEF8BA1C7AF5767FA0A4C35.e.5543","ELEMENT":"f.9B1EDAABCBD9CDA5B0DA3BD367ED2C8A.d.1F0E3DCF5EEF8BA1C7AF5767FA0A4C35.e.5543"}]}
COMMAND: POST /session/0edec6012a6aa8dfd2543f8ebfc03d1d/element - {"using":"xpath","value":"//table[contains(@id, \"application-ruinventorylist-display-component---Master--tableRuInventoryList-listUl\")]/tbody/tr[1]/td[2]/div/div"}
COMMAND: GET /session/0edec6012a6aa8dfd2543f8ebfc03d1d/screenshot - {}
RESULT: {"using":"xpath","value":"//table[contains(@id, \"application-ruinventorylist-display-component---Master--tableRuInventoryList-listUl\")]/tbody/tr[1]/td[2]/div/div"}
COMMAND: POST /session/0edec6012a6aa8dfd2543f8ebfc03d1d/element/f.9B1EDAABCBD9CDA5B0DA3BD367ED2C8A.d.1F0E3DCF5EEF8BA1C7AF5767FA0A4C35.e.6983/click - {}
RESULT: {}
RESULT: {}
COMMAND: GET /session/0edec6012a6aa8dfd2543f8ebfc03d1d/screenshot - {}
RESULT: {}
COMMAND: POST /session/0edec6012a6aa8dfd2543f8ebfc03d1d/element - {"using":"xpath","value":"//div[contains(@id, \"smartFilterBar-btnBasicSearch-reset\")]"}
RESULT: {"using":"xpath","value":"//div[contains(@id, \"smartFilterBar-btnBasicSearch-reset\")]"}
COMMAND: POST /session/0edec6012a6aa8dfd2543f8ebfc03d1d/element/f.9B1EDAABCBD9CDA5B0DA3BD367ED2C8A.d.1F0E3DCF5EEF8BA1C7AF5767FA0A4C35.e.5558/click - {}
RESULT: {}
COMMAND: GET /session/0edec6012a6aa8dfd2543f8ebfc03d1d/screenshot - {}
RESULT: {}
RESULT: undefined
COMMAND: POST /session/0edec6012a6aa8dfd2543f8ebfc03d1d/execute/async - {"script":"<script> [776 bytes]","args":[{"enterText":"200134","selector":{"id":"application-ruinventorylist-display-component---Master--smartFilterBar-btnBasicSearch","interaction":{"idSuffix":"I"}},"clearTextFirst":true,"interactionType":"ENTER_TEXT"}]}
RESULT: {"script":"<script> [776 bytes]","args":[{"enterText":"200134","selector":{"id":"application-ruinventorylist-display-component---Master--smartFilterBar-btnBasicSearch","interaction":{"idSuffix":"I"}},"clearTextFirst":true,"interactionType":"ENTER_TEXT"}]}
COMMAND: POST /session/0edec6012a6aa8dfd2543f8ebfc03d1d/actions - {"actions":[{"id":"action34","type":"key","parameters":{},"actions":[{"type":"keyDown","value":""},{"type":"pause","duration":10},{"type":"keyUp","value":""}]}]}
RESULT: {"actions":[{"id":"action34","type":"key","parameters":{},"actions":[{"type":"keyDown","value":""},{"type":"pause","duration":10},{"type":"keyUp","value":""}]}]}
COMMAND: GET /session/0edec6012a6aa8dfd2543f8ebfc03d1d/screenshot - {}
RESULT: {}
COMMAND: POST /session/0edec6012a6aa8dfd2543f8ebfc03d1d/element - {"using":"xpath","value":"//span[@id=\"application-ruinventorylist-display-component---Master--smartTableRuInventoryList-header-inner\"]"}
RESULT: {"using":"xpath","value":"//span[@id=\"application-ruinventorylist-display-component---Master--smartTableRuInventoryList-header-inner\"]"}
COMMAND: POST /session/0edec6012a6aa8dfd2543f8ebfc03d1d/elements - {"using":"xpath","value":"//span[@id=\"application-ruinventorylist-display-component---Master--smartTableRuInventoryList-header-inner\"]"}
RESULT: {"using":"xpath","value":"//span[@id=\"application-ruinventorylist-display-component---Master--smartTableRuInventoryList-header-inner\"]"}
COMMAND: POST /session/0edec6012a6aa8dfd2543f8ebfc03d1d/execute/sync - {"script":"<script> [56 bytes]","args":[{"element-6066-11e4-a52e-4f735466cecf":"f.9B1EDAABCBD9CDA5B0DA3BD367ED2C8A.d.1F0E3DCF5EEF8BA1C7AF5767FA0A4C35.e.5543","ELEMENT":"f.9B1EDAABCBD9CDA5B0DA3BD367ED2C8A.d.1F0E3DCF5EEF8BA1C7AF5767FA0A4C35.e.5543"}]}
RESULT: {"script":"<script> [56 bytes]","args":[{"element-6066-11e4-a52e-4f735466cecf":"f.9B1EDAABCBD9CDA5B0DA3BD367ED2C8A.d.1F0E3DCF5EEF8BA1C7AF5767FA0A4C35.e.5543","ELEMENT":"f.9B1EDAABCBD9CDA5B0DA3BD367ED2C8A.d.1F0E3DCF5EEF8BA1C7AF5767FA0A4C35.e.5543"}]}
COMMAND: POST /session/0edec6012a6aa8dfd2543f8ebfc03d1d/element - {"using":"xpath","value":"//table[contains(@id, \"application-ruinventorylist-display-component---Master--tableRuInventoryList-listUl\")]/tbody/tr[1]/td[2]/div/div"}
COMMAND: GET /session/0edec6012a6aa8dfd2543f8ebfc03d1d/screenshot - {}
RESULT: {"using":"xpath","value":"//table[contains(@id, \"application-ruinventorylist-display-component---Master--tableRuInventoryList-listUl\")]/tbody/tr[1]/td[2]/div/div"}
COMMAND: POST /session/0edec6012a6aa8dfd2543f8ebfc03d1d/element/f.9B1EDAABCBD9CDA5B0DA3BD367ED2C8A.d.1F0E3DCF5EEF8BA1C7AF5767FA0A4C35.e.7123/click - {}
RESULT: {}
RESULT: {}
COMMAND: GET /session/0edec6012a6aa8dfd2543f8ebfc03d1d/screenshot - {}
RESULT: {}
COMMAND: POST /session/0edec6012a6aa8dfd2543f8ebfc03d1d/element - {"using":"xpath","value":"//div[contains(@id, \"smartFilterBar-btnBasicSearch-reset\")]"}
RESULT: {"using":"xpath","value":"//div[contains(@id, \"smartFilterBar-btnBasicSearch-reset\")]"}
COMMAND: POST /session/0edec6012a6aa8dfd2543f8ebfc03d1d/element/f.9B1EDAABCBD9CDA5B0DA3BD367ED2C8A.d.1F0E3DCF5EEF8BA1C7AF5767FA0A4C35.e.5558/click - {}
RESULT: {}
COMMAND: GET /session/0edec6012a6aa8dfd2543f8ebfc03d1d/screenshot - {}
COMMAND: POST /session/0edec6012a6aa8dfd2543f8ebfc03d1d/element/f.9B1EDAABCBD9CDA5B0DA3BD367ED2C8A.d.1F0E3DCF5EEF8BA1C7AF5767FA0A4C35.e.4982/click - {}
RESULT: {}
RESULT: {}
COMMAND: GET /session/0edec6012a6aa8dfd2543f8ebfc03d1d/screenshot - {}
RESULT: {}
RESULT: undefined
COMMAND: POST /session/0edec6012a6aa8dfd2543f8ebfc03d1d/element - {"using":"xpath","value":"//*[@id=\"application-ruinventorylist-display-component---Master--ruStateTypes-arrow\"]"}
RESULT: {"using":"xpath","value":"//*[@id=\"application-ruinventorylist-display-component---Master--ruStateTypes-arrow\"]"}
COMMAND: POST /session/0edec6012a6aa8dfd2543f8ebfc03d1d/element/f.9B1EDAABCBD9CDA5B0DA3BD367ED2C8A.d.1F0E3DCF5EEF8BA1C7AF5767FA0A4C35.e.7284/click - {}
RESULT: {}
COMMAND: GET /session/0edec6012a6aa8dfd2543f8ebfc03d1d/screenshot - {}
RESULT: {}
COMMAND: POST /session/0edec6012a6aa8dfd2543f8ebfc03d1d/element - {"using":"xpath","value":"//li[.//span[text()=\"available\"]]"}
RESULT: {"using":"xpath","value":"//li[.//span[text()=\"available\"]]"}
COMMAND: POST /session/0edec6012a6aa8dfd2543f8ebfc03d1d/element/f.9B1EDAABCBD9CDA5B0DA3BD367ED2C8A.d.1F0E3DCF5EEF8BA1C7AF5767FA0A4C35.e.7285/click - {}
RESULT: {}
COMMAND: GET /session/0edec6012a6aa8dfd2543f8ebfc03d1d/screenshot - {}
RESULT: {}
COMMAND: POST /session/0edec6012a6aa8dfd2543f8ebfc03d1d/element - {"using":"xpath","value":"(//bdi[contains(text(), \"OK\")])[1]"}
RESULT: {"using":"xpath","value":"(//bdi[contains(text(), \"OK\")])[1]"}
COMMAND: POST /session/0edec6012a6aa8dfd2543f8ebfc03d1d/element/f.9B1EDAABCBD9CDA5B0DA3BD367ED2C8A.d.1F0E3DCF5EEF8BA1C7AF5767FA0A4C35.e.7286/click - {}
RESULT: {}
COMMAND: GET /session/0edec6012a6aa8dfd2543f8ebfc03d1d/screenshot - {}
RESULT: {}
COMMAND: POST /session/0edec6012a6aa8dfd2543f8ebfc03d1d/element - {"using":"xpath","value":"(//bdi[contains(text(), \"OK\")])[2]"}
RESULT: {"using":"xpath","value":"(//bdi[contains(text(), \"OK\")])[2]"}
COMMAND: POST /session/0edec6012a6aa8dfd2543f8ebfc03d1d/element/f.9B1EDAABCBD9CDA5B0DA3BD367ED2C8A.d.1F0E3DCF5EEF8BA1C7AF5767FA0A4C35.e.7291/click - {}
RESULT: {}
COMMAND: GET /session/0edec6012a6aa8dfd2543f8ebfc03d1d/screenshot - {}
RESULT: {}
RESULT: undefined
COMMAND: POST /session/0edec6012a6aa8dfd2543f8ebfc03d1d/execute/async - {"script":"<script> [776 bytes]","args":[{"enterText":"600002","selector":{"id":"application-ruinventorylist-display-component---Master--smartFilterBar-btnBasicSearch","interaction":{"idSuffix":"I"}},"clearTextFirst":true,"interactionType":"ENTER_TEXT"}]}
RESULT: {"script":"<script> [776 bytes]","args":[{"enterText":"600002","selector":{"id":"application-ruinventorylist-display-component---Master--smartFilterBar-btnBasicSearch","interaction":{"idSuffix":"I"}},"clearTextFirst":true,"interactionType":"ENTER_TEXT"}]}
COMMAND: POST /session/0edec6012a6aa8dfd2543f8ebfc03d1d/actions - {"actions":[{"id":"action35","type":"key","parameters":{},"actions":[{"type":"keyDown","value":""},{"type":"pause","duration":10},{"type":"keyUp","value":""}]}]}
RESULT: {"actions":[{"id":"action35","type":"key","parameters":{},"actions":[{"type":"keyDown","value":""},{"type":"pause","duration":10},{"type":"keyUp","value":""}]}]}
COMMAND: GET /session/0edec6012a6aa8dfd2543f8ebfc03d1d/screenshot - {}
RESULT: {}
COMMAND: POST /session/0edec6012a6aa8dfd2543f8ebfc03d1d/element - {"using":"xpath","value":"//span[@id=\"application-ruinventorylist-display-component---Master--smartTableRuInventoryList-header-inner\"]"}
RESULT: {"using":"xpath","value":"//span[@id=\"application-ruinventorylist-display-component---Master--smartTableRuInventoryList-header-inner\"]"}
COMMAND: POST /session/0edec6012a6aa8dfd2543f8ebfc03d1d/elements - {"using":"xpath","value":"//span[@id=\"application-ruinventorylist-display-component---Master--smartTableRuInventoryList-header-inner\"]"}
RESULT: {"using":"xpath","value":"//span[@id=\"application-ruinventorylist-display-component---Master--smartTableRuInventoryList-header-inner\"]"}
COMMAND: POST /session/0edec6012a6aa8dfd2543f8ebfc03d1d/execute/sync - {"script":"<script> [56 bytes]","args":[{"element-6066-11e4-a52e-4f735466cecf":"f.9B1EDAABCBD9CDA5B0DA3BD367ED2C8A.d.1F0E3DCF5EEF8BA1C7AF5767FA0A4C35.e.5543","ELEMENT":"f.9B1EDAABCBD9CDA5B0DA3BD367ED2C8A.d.1F0E3DCF5EEF8BA1C7AF5767FA0A4C35.e.5543"}]}
RESULT: {"script":"<script> [56 bytes]","args":[{"element-6066-11e4-a52e-4f735466cecf":"f.9B1EDAABCBD9CDA5B0DA3BD367ED2C8A.d.1F0E3DCF5EEF8BA1C7AF5767FA0A4C35.e.5543","ELEMENT":"f.9B1EDAABCBD9CDA5B0DA3BD367ED2C8A.d.1F0E3DCF5EEF8BA1C7AF5767FA0A4C35.e.5543"}]}
COMMAND: POST /session/0edec6012a6aa8dfd2543f8ebfc03d1d/element - {"using":"xpath","value":"//table[contains(@id, \"application-ruinventorylist-display-component---Master--tableRuInventoryList-listUl\")]/tbody/tr[1]/td[6]/div/span"}
COMMAND: GET /session/0edec6012a6aa8dfd2543f8ebfc03d1d/screenshot - {}
RESULT: {"using":"xpath","value":"//table[contains(@id, \"application-ruinventorylist-display-component---Master--tableRuInventoryList-listUl\")]/tbody/tr[1]/td[6]/div/span"}
COMMAND: POST /session/0edec6012a6aa8dfd2543f8ebfc03d1d/execute/sync - {"script":"<script> [56 bytes]","args":[{"element-6066-11e4-a52e-4f735466cecf":"f.9B1EDAABCBD9CDA5B0DA3BD367ED2C8A.d.1F0E3DCF5EEF8BA1C7AF5767FA0A4C35.e.7310","ELEMENT":"f.9B1EDAABCBD9CDA5B0DA3BD367ED2C8A.d.1F0E3DCF5EEF8BA1C7AF5767FA0A4C35.e.7310"}]}
RESULT: {}
RESULT: {"script":"<script> [56 bytes]","args":[{"element-6066-11e4-a52e-4f735466cecf":"f.9B1EDAABCBD9CDA5B0DA3BD367ED2C8A.d.1F0E3DCF5EEF8BA1C7AF5767FA0A4C35.e.7310","ELEMENT":"f.9B1EDAABCBD9CDA5B0DA3BD367ED2C8A.d.1F0E3DCF5EEF8BA1C7AF5767FA0A4C35.e.7310"}]}
COMMAND: POST /session/0edec6012a6aa8dfd2543f8ebfc03d1d/element - {"using":"xpath","value":"//div[contains(@id, \"smartFilterBar-btnBasicSearch-reset\")]"}
COMMAND: GET /session/0edec6012a6aa8dfd2543f8ebfc03d1d/screenshot - {}
RESULT: {"using":"xpath","value":"//div[contains(@id, \"smartFilterBar-btnBasicSearch-reset\")]"}
COMMAND: POST /session/0edec6012a6aa8dfd2543f8ebfc03d1d/element/f.9B1EDAABCBD9CDA5B0DA3BD367ED2C8A.d.1F0E3DCF5EEF8BA1C7AF5767FA0A4C35.e.5558/click - {}
RESULT: {}
RESULT: {}
COMMAND: GET /session/0edec6012a6aa8dfd2543f8ebfc03d1d/screenshot - {}
RESULT: {}
RESULT: undefined
COMMAND: POST /session/0edec6012a6aa8dfd2543f8ebfc03d1d/execute/async - {"script":"<script> [776 bytes]","args":[{"enterText":"401002","selector":{"id":"application-ruinventorylist-display-component---Master--smartFilterBar-btnBasicSearch","interaction":{"idSuffix":"I"}},"clearTextFirst":true,"interactionType":"ENTER_TEXT"}]}
RESULT: {"script":"<script> [776 bytes]","args":[{"enterText":"401002","selector":{"id":"application-ruinventorylist-display-component---Master--smartFilterBar-btnBasicSearch","interaction":{"idSuffix":"I"}},"clearTextFirst":true,"interactionType":"ENTER_TEXT"}]}
COMMAND: POST /session/0edec6012a6aa8dfd2543f8ebfc03d1d/actions - {"actions":[{"id":"action36","type":"key","parameters":{},"actions":[{"type":"keyDown","value":""},{"type":"pause","duration":10},{"type":"keyUp","value":""}]}]}
RESULT: {"actions":[{"id":"action36","type":"key","parameters":{},"actions":[{"type":"keyDown","value":""},{"type":"pause","duration":10},{"type":"keyUp","value":""}]}]}
COMMAND: GET /session/0edec6012a6aa8dfd2543f8ebfc03d1d/screenshot - {}
RESULT: {}
COMMAND: POST /session/0edec6012a6aa8dfd2543f8ebfc03d1d/element - {"using":"xpath","value":"//span[@id=\"application-ruinventorylist-display-component---Master--smartTableRuInventoryList-header-inner\"]"}
RESULT: {"using":"xpath","value":"//span[@id=\"application-ruinventorylist-display-component---Master--smartTableRuInventoryList-header-inner\"]"}
COMMAND: POST /session/0edec6012a6aa8dfd2543f8ebfc03d1d/elements - {"using":"xpath","value":"//span[@id=\"application-ruinventorylist-display-component---Master--smartTableRuInventoryList-header-inner\"]"}
RESULT: {"using":"xpath","value":"//span[@id=\"application-ruinventorylist-display-component---Master--smartTableRuInventoryList-header-inner\"]"}
COMMAND: POST /session/0edec6012a6aa8dfd2543f8ebfc03d1d/execute/sync - {"script":"<script> [56 bytes]","args":[{"element-6066-11e4-a52e-4f735466cecf":"f.9B1EDAABCBD9CDA5B0DA3BD367ED2C8A.d.1F0E3DCF5EEF8BA1C7AF5767FA0A4C35.e.5543","ELEMENT":"f.9B1EDAABCBD9CDA5B0DA3BD367ED2C8A.d.1F0E3DCF5EEF8BA1C7AF5767FA0A4C35.e.5543"}]}
RESULT: {"script":"<script> [56 bytes]","args":[{"element-6066-11e4-a52e-4f735466cecf":"f.9B1EDAABCBD9CDA5B0DA3BD367ED2C8A.d.1F0E3DCF5EEF8BA1C7AF5767FA0A4C35.e.5543","ELEMENT":"f.9B1EDAABCBD9CDA5B0DA3BD367ED2C8A.d.1F0E3DCF5EEF8BA1C7AF5767FA0A4C35.e.5543"}]}
COMMAND: POST /session/0edec6012a6aa8dfd2543f8ebfc03d1d/element - {"using":"xpath","value":"//table[contains(@id, \"application-ruinventorylist-display-component---Master--tableRuInventoryList-listUl\")]/tbody/tr[1]/td[6]/div/span"}
COMMAND: GET /session/0edec6012a6aa8dfd2543f8ebfc03d1d/screenshot - {}
RESULT: {"using":"xpath","value":"//table[contains(@id, \"application-ruinventorylist-display-component---Master--tableRuInventoryList-listUl\")]/tbody/tr[1]/td[6]/div/span"}
COMMAND: POST /session/0edec6012a6aa8dfd2543f8ebfc03d1d/execute/sync - {"script":"<script> [56 bytes]","args":[{"element-6066-11e4-a52e-4f735466cecf":"f.9B1EDAABCBD9CDA5B0DA3BD367ED2C8A.d.1F0E3DCF5EEF8BA1C7AF5767FA0A4C35.e.7389","ELEMENT":"f.9B1EDAABCBD9CDA5B0DA3BD367ED2C8A.d.1F0E3DCF5EEF8BA1C7AF5767FA0A4C35.e.7389"}]}
RESULT: {}
RESULT: {"script":"<script> [56 bytes]","args":[{"element-6066-11e4-a52e-4f735466cecf":"f.9B1EDAABCBD9CDA5B0DA3BD367ED2C8A.d.1F0E3DCF5EEF8BA1C7AF5767FA0A4C35.e.7389","ELEMENT":"f.9B1EDAABCBD9CDA5B0DA3BD367ED2C8A.d.1F0E3DCF5EEF8BA1C7AF5767FA0A4C35.e.7389"}]}
COMMAND: POST /session/0edec6012a6aa8dfd2543f8ebfc03d1d/element - {"using":"xpath","value":"//div[contains(@id, \"smartFilterBar-btnBasicSearch-reset\")]"}
COMMAND: GET /session/0edec6012a6aa8dfd2543f8ebfc03d1d/screenshot - {}
RESULT: {"using":"xpath","value":"//div[contains(@id, \"smartFilterBar-btnBasicSearch-reset\")]"}
COMMAND: POST /session/0edec6012a6aa8dfd2543f8ebfc03d1d/element/f.9B1EDAABCBD9CDA5B0DA3BD367ED2C8A.d.1F0E3DCF5EEF8BA1C7AF5767FA0A4C35.e.5558/click - {}
RESULT: {}
RESULT: {}
COMMAND: GET /session/0edec6012a6aa8dfd2543f8ebfc03d1d/screenshot - {}
RESULT: {}
RESULT: undefined
COMMAND: POST /session/0edec6012a6aa8dfd2543f8ebfc03d1d/execute/async - {"script":"<script> [776 bytes]","args":[{"enterText":"W63YWx0iS6","selector":{"id":"application-ruinventorylist-display-component---Master--smartFilterBar-btnBasicSearch","interaction":{"idSuffix":"I"}},"clearTextFirst":true,"interactionType":"ENTER_TEXT"}]}
RESULT: {"script":"<script> [776 bytes]","args":[{"enterText":"W63YWx0iS6","selector":{"id":"application-ruinventorylist-display-component---Master--smartFilterBar-btnBasicSearch","interaction":{"idSuffix":"I"}},"clearTextFirst":true,"interactionType":"ENTER_TEXT"}]}
COMMAND: POST /session/0edec6012a6aa8dfd2543f8ebfc03d1d/actions - {"actions":[{"id":"action37","type":"key","parameters":{},"actions":[{"type":"keyDown","value":""},{"type":"pause","duration":10},{"type":"keyUp","value":""}]}]}
RESULT: {"actions":[{"id":"action37","type":"key","parameters":{},"actions":[{"type":"keyDown","value":""},{"type":"pause","duration":10},{"type":"keyUp","value":""}]}]}
COMMAND: GET /session/0edec6012a6aa8dfd2543f8ebfc03d1d/screenshot - {}
RESULT: {}
COMMAND: POST /session/0edec6012a6aa8dfd2543f8ebfc03d1d/element - {"using":"xpath","value":"//span[@id=\"application-ruinventorylist-display-component---Master--smartTableRuInventoryList-header-inner\"]"}
RESULT: {"using":"xpath","value":"//span[@id=\"application-ruinventorylist-display-component---Master--smartTableRuInventoryList-header-inner\"]"}
COMMAND: POST /session/0edec6012a6aa8dfd2543f8ebfc03d1d/elements - {"using":"xpath","value":"//span[@id=\"application-ruinventorylist-display-component---Master--smartTableRuInventoryList-header-inner\"]"}
RESULT: {"using":"xpath","value":"//span[@id=\"application-ruinventorylist-display-component---Master--smartTableRuInventoryList-header-inner\"]"}
COMMAND: POST /session/0edec6012a6aa8dfd2543f8ebfc03d1d/execute/sync - {"script":"<script> [56 bytes]","args":[{"element-6066-11e4-a52e-4f735466cecf":"f.9B1EDAABCBD9CDA5B0DA3BD367ED2C8A.d.1F0E3DCF5EEF8BA1C7AF5767FA0A4C35.e.5543","ELEMENT":"f.9B1EDAABCBD9CDA5B0DA3BD367ED2C8A.d.1F0E3DCF5EEF8BA1C7AF5767FA0A4C35.e.5543"}]}
RESULT: {"script":"<script> [56 bytes]","args":[{"element-6066-11e4-a52e-4f735466cecf":"f.9B1EDAABCBD9CDA5B0DA3BD367ED2C8A.d.1F0E3DCF5EEF8BA1C7AF5767FA0A4C35.e.5543","ELEMENT":"f.9B1EDAABCBD9CDA5B0DA3BD367ED2C8A.d.1F0E3DCF5EEF8BA1C7AF5767FA0A4C35.e.5543"}]}
COMMAND: POST /session/0edec6012a6aa8dfd2543f8ebfc03d1d/element - {"using":"xpath","value":"//table[contains(@id, \"application-ruinventorylist-display-component---Master--tableRuInventoryList-listUl\")]/tbody/tr[1]/td[6]/div/span"}
COMMAND: GET /session/0edec6012a6aa8dfd2543f8ebfc03d1d/screenshot - {}
RESULT: {"using":"xpath","value":"//table[contains(@id, \"application-ruinventorylist-display-component---Master--tableRuInventoryList-listUl\")]/tbody/tr[1]/td[6]/div/span"}
COMMAND: POST /session/0edec6012a6aa8dfd2543f8ebfc03d1d/execute/sync - {"script":"<script> [56 bytes]","args":[{"element-6066-11e4-a52e-4f735466cecf":"f.9B1EDAABCBD9CDA5B0DA3BD367ED2C8A.d.1F0E3DCF5EEF8BA1C7AF5767FA0A4C35.e.7467","ELEMENT":"f.9B1EDAABCBD9CDA5B0DA3BD367ED2C8A.d.1F0E3DCF5EEF8BA1C7AF5767FA0A4C35.e.7467"}]}
RESULT: {}
RESULT: {"script":"<script> [56 bytes]","args":[{"element-6066-11e4-a52e-4f735466cecf":"f.9B1EDAABCBD9CDA5B0DA3BD367ED2C8A.d.1F0E3DCF5EEF8BA1C7AF5767FA0A4C35.e.7467","ELEMENT":"f.9B1EDAABCBD9CDA5B0DA3BD367ED2C8A.d.1F0E3DCF5EEF8BA1C7AF5767FA0A4C35.e.7467"}]}
COMMAND: POST /session/0edec6012a6aa8dfd2543f8ebfc03d1d/element - {"using":"xpath","value":"//div[contains(@id, \"smartFilterBar-btnBasicSearch-reset\")]"}
COMMAND: GET /session/0edec6012a6aa8dfd2543f8ebfc03d1d/screenshot - {}
RESULT: {"using":"xpath","value":"//div[contains(@id, \"smartFilterBar-btnBasicSearch-reset\")]"}
COMMAND: POST /session/0edec6012a6aa8dfd2543f8ebfc03d1d/element/f.9B1EDAABCBD9CDA5B0DA3BD367ED2C8A.d.1F0E3DCF5EEF8BA1C7AF5767FA0A4C35.e.5558/click - {}
RESULT: {}
RESULT: {}
COMMAND: GET /session/0edec6012a6aa8dfd2543f8ebfc03d1d/screenshot - {}
RESULT: {}
RESULT: undefined
COMMAND: POST /session/0edec6012a6aa8dfd2543f8ebfc03d1d/execute/async - {"script":"<script> [776 bytes]","args":[{"enterText":"200134","selector":{"id":"application-ruinventorylist-display-component---Master--smartFilterBar-btnBasicSearch","interaction":{"idSuffix":"I"}},"clearTextFirst":true,"interactionType":"ENTER_TEXT"}]}
RESULT: {"script":"<script> [776 bytes]","args":[{"enterText":"200134","selector":{"id":"application-ruinventorylist-display-component---Master--smartFilterBar-btnBasicSearch","interaction":{"idSuffix":"I"}},"clearTextFirst":true,"interactionType":"ENTER_TEXT"}]}
COMMAND: POST /session/0edec6012a6aa8dfd2543f8ebfc03d1d/actions - {"actions":[{"id":"action38","type":"key","parameters":{},"actions":[{"type":"keyDown","value":""},{"type":"pause","duration":10},{"type":"keyUp","value":""}]}]}
RESULT: {"actions":[{"id":"action38","type":"key","parameters":{},"actions":[{"type":"keyDown","value":""},{"type":"pause","duration":10},{"type":"keyUp","value":""}]}]}
COMMAND: GET /session/0edec6012a6aa8dfd2543f8ebfc03d1d/screenshot - {}
RESULT: {}
COMMAND: POST /session/0edec6012a6aa8dfd2543f8ebfc03d1d/element - {"using":"xpath","value":"//span[@id=\"application-ruinventorylist-display-component---Master--smartTableRuInventoryList-header-inner\"]"}
RESULT: {"using":"xpath","value":"//span[@id=\"application-ruinventorylist-display-component---Master--smartTableRuInventoryList-header-inner\"]"}
COMMAND: POST /session/0edec6012a6aa8dfd2543f8ebfc03d1d/elements - {"using":"xpath","value":"//span[@id=\"application-ruinventorylist-display-component---Master--smartTableRuInventoryList-header-inner\"]"}
RESULT: {"using":"xpath","value":"//span[@id=\"application-ruinventorylist-display-component---Master--smartTableRuInventoryList-header-inner\"]"}
COMMAND: POST /session/0edec6012a6aa8dfd2543f8ebfc03d1d/execute/sync - {"script":"<script> [56 bytes]","args":[{"element-6066-11e4-a52e-4f735466cecf":"f.9B1EDAABCBD9CDA5B0DA3BD367ED2C8A.d.1F0E3DCF5EEF8BA1C7AF5767FA0A4C35.e.5543","ELEMENT":"f.9B1EDAABCBD9CDA5B0DA3BD367ED2C8A.d.1F0E3DCF5EEF8BA1C7AF5767FA0A4C35.e.5543"}]}
RESULT: {"script":"<script> [56 bytes]","args":[{"element-6066-11e4-a52e-4f735466cecf":"f.9B1EDAABCBD9CDA5B0DA3BD367ED2C8A.d.1F0E3DCF5EEF8BA1C7AF5767FA0A4C35.e.5543","ELEMENT":"f.9B1EDAABCBD9CDA5B0DA3BD367ED2C8A.d.1F0E3DCF5EEF8BA1C7AF5767FA0A4C35.e.5543"}]}
COMMAND: POST /session/0edec6012a6aa8dfd2543f8ebfc03d1d/element - {"using":"xpath","value":"//table[contains(@id, \"application-ruinventorylist-display-component---Master--tableRuInventoryList-listUl\")]/tbody/tr[1]/td[6]/div/span"}
COMMAND: GET /session/0edec6012a6aa8dfd2543f8ebfc03d1d/screenshot - {}
RESULT: {"using":"xpath","value":"//table[contains(@id, \"application-ruinventorylist-display-component---Master--tableRuInventoryList-listUl\")]/tbody/tr[1]/td[6]/div/span"}
COMMAND: POST /session/0edec6012a6aa8dfd2543f8ebfc03d1d/execute/sync - {"script":"<script> [56 bytes]","args":[{"element-6066-11e4-a52e-4f735466cecf":"f.9B1EDAABCBD9CDA5B0DA3BD367ED2C8A.d.1F0E3DCF5EEF8BA1C7AF5767FA0A4C35.e.7548","ELEMENT":"f.9B1EDAABCBD9CDA5B0DA3BD367ED2C8A.d.1F0E3DCF5EEF8BA1C7AF5767FA0A4C35.e.7548"}]}
RESULT: {}
RESULT: {"script":"<script> [56 bytes]","args":[{"element-6066-11e4-a52e-4f735466cecf":"f.9B1EDAABCBD9CDA5B0DA3BD367ED2C8A.d.1F0E3DCF5EEF8BA1C7AF5767FA0A4C35.e.7548","ELEMENT":"f.9B1EDAABCBD9CDA5B0DA3BD367ED2C8A.d.1F0E3DCF5EEF8BA1C7AF5767FA0A4C35.e.7548"}]}
COMMAND: POST /session/0edec6012a6aa8dfd2543f8ebfc03d1d/element - {"using":"xpath","value":"//div[contains(@id, \"smartFilterBar-btnBasicSearch-reset\")]"}
COMMAND: GET /session/0edec6012a6aa8dfd2543f8ebfc03d1d/screenshot - {}
RESULT: {"using":"xpath","value":"//div[contains(@id, \"smartFilterBar-btnBasicSearch-reset\")]"}
COMMAND: POST /session/0edec6012a6aa8dfd2543f8ebfc03d1d/element/f.9B1EDAABCBD9CDA5B0DA3BD367ED2C8A.d.1F0E3DCF5EEF8BA1C7AF5767FA0A4C35.e.5558/click - {}
RESULT: {}
RESULT: {}
COMMAND: GET /session/0edec6012a6aa8dfd2543f8ebfc03d1d/screenshot - {}
RESULT: {}
COMMAND: POST /session/0edec6012a6aa8dfd2543f8ebfc03d1d/element - {"using":"css selector","value":"#shell-header-logo"}
RESULT: {"using":"css selector","value":"#shell-header-logo"}
COMMAND: POST /session/0edec6012a6aa8dfd2543f8ebfc03d1d/element/f.9B1EDAABCBD9CDA5B0DA3BD367ED2C8A.d.1F0E3DCF5EEF8BA1C7AF5767FA0A4C35.e.4942/click - {}
RESULT: {}
COMMAND: GET /session/0edec6012a6aa8dfd2543f8ebfc03d1d/screenshot - {}
RESULT: {}
COMMAND: DELETE /session/0edec6012a6aa8dfd2543f8ebfc03d1d - {}
RESULT: {}
]]></system-out>
    </testcase>
  </testsuite>
</testsuites>