<?xml version="1.0" encoding="UTF-8"?>
<testsuites tests="49" failures="1" errors="1" skipped="0">
  <testsuite timestamp="2025-05-12T15:08:52" time="1907.148" tests="49" failures="1" errors="1" skipped="0">
    <properties>
      <property name="specId" value="0" />
      <property name="suiteName" value="Sanity Tests US104253" />
      <property name="capabilities" value="chrome.136_0_7103_49.windows" />
      <property name="file" value="file:///D:/a/1/s/test/specs/General/sanity.spec.js" />
    </properties>
    <testcase classname="chrome.136_0_7103_49.windows.Sanity_Tests_US104253" name="Should open Manage Partners page" time="37.013">
      <system-out><![CDATA[
COMMAND: POST /session/ddd4ac3aad1fb7ec919da6d4489b57c7/execute/async - {"script":"<script> [1562 bytes]","args":[{"selector":{"controlType":"sap.m.GenericTile","properties":{"header":"Manage Partners"}},"wdio_ui5_key":"sapm.GenericTile{\"header\":\"Manage Partners\"}"}]}
RESULT: {"script":"<script> [1562 bytes]","args":[{"selector":{"controlType":"sap.m.GenericTile","properties":{"header":"Manage Partners"}},"wdio_ui5_key":"sapm.GenericTile{\"header\":\"Manage Partners\"}"}]}
RESULT: undefined
COMMAND: POST /session/ddd4ac3aad1fb7ec919da6d4489b57c7/element - {"using":"xpath","value":"//*[@id=\"__tile38\"]"}
RESULT: {"using":"xpath","value":"//*[@id=\"__tile38\"]"}
COMMAND: POST /session/ddd4ac3aad1fb7ec919da6d4489b57c7/element/f.B55463C57E9AF0A410606F152102B326.d.7C133B2E48B59143D2ACB6775FF26AE0.e.113/click - {}
RESULT: {}
COMMAND: GET /session/ddd4ac3aad1fb7ec919da6d4489b57c7/screenshot - {}
RESULT: {}
COMMAND: POST /session/ddd4ac3aad1fb7ec919da6d4489b57c7/elements - {"using":"xpath","value":"//span[text()='Error']"}
RESULT: {"using":"xpath","value":"//span[text()='Error']"}
RESULT: undefined
COMMAND: POST /session/ddd4ac3aad1fb7ec919da6d4489b57c7/element - {"using":"xpath","value":"//*[@id=\"__tile38\"]"}
RESULT: {"using":"xpath","value":"//*[@id=\"__tile38\"]"}
COMMAND: POST /session/ddd4ac3aad1fb7ec919da6d4489b57c7/element/f.B55463C57E9AF0A410606F152102B326.d.7C133B2E48B59143D2ACB6775FF26AE0.e.113/click - {}
RESULT: undefined
COMMAND: POST /session/ddd4ac3aad1fb7ec919da6d4489b57c7/element - {"using":"xpath","value":"//*[@id=\"__tile38\"]"}
RESULT: {"using":"xpath","value":"//*[@id=\"__tile38\"]"}
COMMAND: POST /session/ddd4ac3aad1fb7ec919da6d4489b57c7/element/f.B55463C57E9AF0A410606F152102B326.d.7C133B2E48B59143D2ACB6775FF26AE0.e.113/click - {}
COMMAND: POST /session/ddd4ac3aad1fb7ec919da6d4489b57c7/execute/async - {"script":"<script> [1562 bytes]","args":[{"selector":{"id":"shellAppTitle"},"wdio_ui5_key":"shellAppTitle"}]}
RESULT: {"script":"<script> [1562 bytes]","args":[{"selector":{"id":"shellAppTitle"},"wdio_ui5_key":"shellAppTitle"}]}
RESULT: undefined
COMMAND: POST /session/ddd4ac3aad1fb7ec919da6d4489b57c7/execute/async - {"script":"<script> [6424 bytes]","args":[{"element-6066-11e4-a52e-4f735466cecf":"f.B55463C57E9AF0A410606F152102B326.d.7C133B2E48B59143D2ACB6775FF26AE0.e.218"},"getTitle",[]]}
RESULT: {"script":"<script> [6424 bytes]","args":[{"element-6066-11e4-a52e-4f735466cecf":"f.B55463C57E9AF0A410606F152102B326.d.7C133B2E48B59143D2ACB6775FF26AE0.e.218"},"getTitle",[]]}
COMMAND: POST /session/ddd4ac3aad1fb7ec919da6d4489b57c7/execute/async - {"script":"<script> [1562 bytes]","args":[{"selector":{"id":"backBtn"},"wdio_ui5_key":"backBtn"}]}
RESULT: {"script":"<script> [1562 bytes]","args":[{"selector":{"id":"backBtn"},"wdio_ui5_key":"backBtn"}]}
RESULT: undefined
COMMAND: POST /session/ddd4ac3aad1fb7ec919da6d4489b57c7/element - {"using":"xpath","value":"//*[@id=\"backBtn\"]"}
RESULT: {"using":"xpath","value":"//*[@id=\"backBtn\"]"}
COMMAND: POST /session/ddd4ac3aad1fb7ec919da6d4489b57c7/element/f.B55463C57E9AF0A410606F152102B326.d.7C133B2E48B59143D2ACB6775FF26AE0.e.219/click - {}
]]></system-out>
    </testcase>
    <testcase classname="chrome.136_0_7103_49.windows.Sanity_Tests_US104253" name="Should open Manage Resources page" time="36.872">
      <system-out><![CDATA[
COMMAND: POST /session/ddd4ac3aad1fb7ec919da6d4489b57c7/execute/async - {"script":"<script> [1562 bytes]","args":[{"selector":{"controlType":"sap.m.GenericTile","properties":{"header":"Manage Resources"}},"wdio_ui5_key":"sapm.GenericTile{\"header\":\"Manage Resources\"}"}]}
COMMAND: GET /session/ddd4ac3aad1fb7ec919da6d4489b57c7/screenshot - {}
RESULT: {"script":"<script> [1562 bytes]","args":[{"selector":{"controlType":"sap.m.GenericTile","properties":{"header":"Manage Resources"}},"wdio_ui5_key":"sapm.GenericTile{\"header\":\"Manage Resources\"}"}]}
RESULT: undefined
COMMAND: POST /session/ddd4ac3aad1fb7ec919da6d4489b57c7/element - {"using":"xpath","value":"//*[@id=\"__tile39\"]"}
RESULT: {}
RESULT: {"using":"xpath","value":"//*[@id=\"__tile39\"]"}
COMMAND: POST /session/ddd4ac3aad1fb7ec919da6d4489b57c7/element/f.B55463C57E9AF0A410606F152102B326.d.7C133B2E48B59143D2ACB6775FF26AE0.e.225/click - {}
RESULT: {}
COMMAND: GET /session/ddd4ac3aad1fb7ec919da6d4489b57c7/screenshot - {}
RESULT: {}
COMMAND: POST /session/ddd4ac3aad1fb7ec919da6d4489b57c7/elements - {"using":"xpath","value":"//span[text()='Error']"}
RESULT: {"using":"xpath","value":"//span[text()='Error']"}
RESULT: undefined
COMMAND: POST /session/ddd4ac3aad1fb7ec919da6d4489b57c7/element - {"using":"xpath","value":"//*[@id=\"__tile39\"]"}
RESULT: {"using":"xpath","value":"//*[@id=\"__tile39\"]"}
COMMAND: POST /session/ddd4ac3aad1fb7ec919da6d4489b57c7/element/f.B55463C57E9AF0A410606F152102B326.d.7C133B2E48B59143D2ACB6775FF26AE0.e.225/click - {}
RESULT: undefined
COMMAND: POST /session/ddd4ac3aad1fb7ec919da6d4489b57c7/element - {"using":"xpath","value":"//*[@id=\"__tile39\"]"}
RESULT: {"using":"xpath","value":"//*[@id=\"__tile39\"]"}
COMMAND: POST /session/ddd4ac3aad1fb7ec919da6d4489b57c7/element/f.B55463C57E9AF0A410606F152102B326.d.7C133B2E48B59143D2ACB6775FF26AE0.e.225/click - {}
RESULT: undefined
COMMAND: POST /session/ddd4ac3aad1fb7ec919da6d4489b57c7/execute/async - {"script":"<script> [6424 bytes]","args":[{"element-6066-11e4-a52e-4f735466cecf":"f.B55463C57E9AF0A410606F152102B326.d.7C133B2E48B59143D2ACB6775FF26AE0.e.218"},"getTitle",[]]}
COMMAND: POST /session/ddd4ac3aad1fb7ec919da6d4489b57c7/execute/async - {"script":"<script> [1562 bytes]","args":[{"selector":{"id":"shellAppTitle"},"wdio_ui5_key":"shellAppTitle"}]}
RESULT: {"script":"<script> [1562 bytes]","args":[{"selector":{"id":"shellAppTitle"},"wdio_ui5_key":"shellAppTitle"}]}
COMMAND: POST /session/ddd4ac3aad1fb7ec919da6d4489b57c7/execute/async - {"script":"<script> [6424 bytes]","args":[{"element-6066-11e4-a52e-4f735466cecf":"f.B55463C57E9AF0A410606F152102B326.d.7C133B2E48B59143D2ACB6775FF26AE0.e.400"},"getTitle",[]]}
RESULT: {"script":"<script> [6424 bytes]","args":[{"element-6066-11e4-a52e-4f735466cecf":"f.B55463C57E9AF0A410606F152102B326.d.7C133B2E48B59143D2ACB6775FF26AE0.e.400"},"getTitle",[]]}
RESULT: undefined
COMMAND: POST /session/ddd4ac3aad1fb7ec919da6d4489b57c7/element/f.B55463C57E9AF0A410606F152102B326.d.7C133B2E48B59143D2ACB6775FF26AE0.e.219/click - {}
RESULT: {}
COMMAND: GET /session/ddd4ac3aad1fb7ec919da6d4489b57c7/screenshot - {}
RESULT: {}
]]></system-out>
    </testcase>
    <testcase classname="chrome.136_0_7103_49.windows.Sanity_Tests_US104253" name="Should open Manage Catalogs page" time="36.248">
      <system-out><![CDATA[
COMMAND: POST /session/ddd4ac3aad1fb7ec919da6d4489b57c7/execute/async - {"script":"<script> [1562 bytes]","args":[{"selector":{"controlType":"sap.m.GenericTile","properties":{"header":"Manage Catalogs"}},"wdio_ui5_key":"sapm.GenericTile{\"header\":\"Manage Catalogs\"}"}]}
RESULT: {"script":"<script> [1562 bytes]","args":[{"selector":{"controlType":"sap.m.GenericTile","properties":{"header":"Manage Catalogs"}},"wdio_ui5_key":"sapm.GenericTile{\"header\":\"Manage Catalogs\"}"}]}
RESULT: undefined
COMMAND: POST /session/ddd4ac3aad1fb7ec919da6d4489b57c7/element - {"using":"xpath","value":"//*[@id=\"__tile37\"]"}
RESULT: {"using":"xpath","value":"//*[@id=\"__tile37\"]"}
COMMAND: POST /session/ddd4ac3aad1fb7ec919da6d4489b57c7/element/f.B55463C57E9AF0A410606F152102B326.d.7C133B2E48B59143D2ACB6775FF26AE0.e.402/click - {}
RESULT: {}
COMMAND: GET /session/ddd4ac3aad1fb7ec919da6d4489b57c7/screenshot - {}
RESULT: {}
COMMAND: POST /session/ddd4ac3aad1fb7ec919da6d4489b57c7/elements - {"using":"xpath","value":"//span[text()='Error']"}
RESULT: {"using":"xpath","value":"//span[text()='Error']"}
RESULT: undefined
COMMAND: POST /session/ddd4ac3aad1fb7ec919da6d4489b57c7/element - {"using":"xpath","value":"//*[@id=\"__tile37\"]"}
RESULT: {"using":"xpath","value":"//*[@id=\"__tile37\"]"}
COMMAND: POST /session/ddd4ac3aad1fb7ec919da6d4489b57c7/element/f.B55463C57E9AF0A410606F152102B326.d.7C133B2E48B59143D2ACB6775FF26AE0.e.402/click - {}
RESULT: undefined
COMMAND: POST /session/ddd4ac3aad1fb7ec919da6d4489b57c7/element - {"using":"xpath","value":"//*[@id=\"__tile37\"]"}
RESULT: {"using":"xpath","value":"//*[@id=\"__tile37\"]"}
COMMAND: POST /session/ddd4ac3aad1fb7ec919da6d4489b57c7/element/f.B55463C57E9AF0A410606F152102B326.d.7C133B2E48B59143D2ACB6775FF26AE0.e.402/click - {}
RESULT: undefined
COMMAND: POST /session/ddd4ac3aad1fb7ec919da6d4489b57c7/execute/async - {"script":"<script> [6424 bytes]","args":[{"element-6066-11e4-a52e-4f735466cecf":"f.B55463C57E9AF0A410606F152102B326.d.7C133B2E48B59143D2ACB6775FF26AE0.e.218"},"getTitle",[]]}
COMMAND: POST /session/ddd4ac3aad1fb7ec919da6d4489b57c7/execute/async - {"script":"<script> [1562 bytes]","args":[{"selector":{"id":"shellAppTitle"},"wdio_ui5_key":"shellAppTitle"}]}
RESULT: {"script":"<script> [1562 bytes]","args":[{"selector":{"id":"shellAppTitle"},"wdio_ui5_key":"shellAppTitle"}]}
COMMAND: POST /session/ddd4ac3aad1fb7ec919da6d4489b57c7/execute/async - {"script":"<script> [6424 bytes]","args":[{"element-6066-11e4-a52e-4f735466cecf":"f.B55463C57E9AF0A410606F152102B326.d.7C133B2E48B59143D2ACB6775FF26AE0.e.474"},"getTitle",[]]}
RESULT: {"script":"<script> [6424 bytes]","args":[{"element-6066-11e4-a52e-4f735466cecf":"f.B55463C57E9AF0A410606F152102B326.d.7C133B2E48B59143D2ACB6775FF26AE0.e.474"},"getTitle",[]]}
RESULT: undefined
COMMAND: POST /session/ddd4ac3aad1fb7ec919da6d4489b57c7/element/f.B55463C57E9AF0A410606F152102B326.d.7C133B2E48B59143D2ACB6775FF26AE0.e.219/click - {}
COMMAND: POST /session/ddd4ac3aad1fb7ec919da6d4489b57c7/element - {"using":"xpath","value":"//*[@id=\"backBtn\"]"}
RESULT: {"using":"xpath","value":"//*[@id=\"backBtn\"]"}
COMMAND: POST /session/ddd4ac3aad1fb7ec919da6d4489b57c7/element/f.B55463C57E9AF0A410606F152102B326.d.7C133B2E48B59143D2ACB6775FF26AE0.e.219/click - {}
COMMAND: POST /session/ddd4ac3aad1fb7ec919da6d4489b57c7/element - {"using":"xpath","value":"//*[@id=\"backBtn\"]"}
RESULT: {"using":"xpath","value":"//*[@id=\"backBtn\"]"}
COMMAND: POST /session/ddd4ac3aad1fb7ec919da6d4489b57c7/element/f.B55463C57E9AF0A410606F152102B326.d.7C133B2E48B59143D2ACB6775FF26AE0.e.475/click - {}
RESULT: {}
COMMAND: GET /session/ddd4ac3aad1fb7ec919da6d4489b57c7/screenshot - {}
RESULT: {}
]]></system-out>
    </testcase>
    <testcase classname="chrome.136_0_7103_49.windows.Sanity_Tests_US104253" name="Should open Manage Calendars page" time="36.415">
      <system-out><![CDATA[
COMMAND: POST /session/ddd4ac3aad1fb7ec919da6d4489b57c7/execute/async - {"script":"<script> [1562 bytes]","args":[{"selector":{"controlType":"sap.m.GenericTile","properties":{"header":"Manage Calendars"}},"wdio_ui5_key":"sapm.GenericTile{\"header\":\"Manage Calendars\"}"}]}
RESULT: {"script":"<script> [1562 bytes]","args":[{"selector":{"controlType":"sap.m.GenericTile","properties":{"header":"Manage Calendars"}},"wdio_ui5_key":"sapm.GenericTile{\"header\":\"Manage Calendars\"}"}]}
RESULT: undefined
COMMAND: POST /session/ddd4ac3aad1fb7ec919da6d4489b57c7/element - {"using":"xpath","value":"//*[@id=\"__tile36\"]"}
RESULT: {"using":"xpath","value":"//*[@id=\"__tile36\"]"}
COMMAND: POST /session/ddd4ac3aad1fb7ec919da6d4489b57c7/element/f.B55463C57E9AF0A410606F152102B326.d.7C133B2E48B59143D2ACB6775FF26AE0.e.477/click - {}
RESULT: {}
COMMAND: GET /session/ddd4ac3aad1fb7ec919da6d4489b57c7/screenshot - {}
RESULT: {}
COMMAND: POST /session/ddd4ac3aad1fb7ec919da6d4489b57c7/elements - {"using":"xpath","value":"//span[text()='Error']"}
RESULT: {"using":"xpath","value":"//span[text()='Error']"}
RESULT: undefined
COMMAND: POST /session/ddd4ac3aad1fb7ec919da6d4489b57c7/element - {"using":"xpath","value":"//*[@id=\"__tile36\"]"}
RESULT: {"using":"xpath","value":"//*[@id=\"__tile36\"]"}
COMMAND: POST /session/ddd4ac3aad1fb7ec919da6d4489b57c7/element/f.B55463C57E9AF0A410606F152102B326.d.7C133B2E48B59143D2ACB6775FF26AE0.e.477/click - {}
RESULT: undefined
COMMAND: POST /session/ddd4ac3aad1fb7ec919da6d4489b57c7/element - {"using":"xpath","value":"//*[@id=\"__tile36\"]"}
RESULT: {"using":"xpath","value":"//*[@id=\"__tile36\"]"}
COMMAND: POST /session/ddd4ac3aad1fb7ec919da6d4489b57c7/element/f.B55463C57E9AF0A410606F152102B326.d.7C133B2E48B59143D2ACB6775FF26AE0.e.477/click - {}
RESULT: undefined
COMMAND: POST /session/ddd4ac3aad1fb7ec919da6d4489b57c7/execute/async - {"script":"<script> [6424 bytes]","args":[{"element-6066-11e4-a52e-4f735466cecf":"f.B55463C57E9AF0A410606F152102B326.d.7C133B2E48B59143D2ACB6775FF26AE0.e.218"},"getTitle",[]]}
COMMAND: POST /session/ddd4ac3aad1fb7ec919da6d4489b57c7/execute/async - {"script":"<script> [1562 bytes]","args":[{"selector":{"id":"shellAppTitle"},"wdio_ui5_key":"shellAppTitle"}]}
RESULT: {"script":"<script> [1562 bytes]","args":[{"selector":{"id":"shellAppTitle"},"wdio_ui5_key":"shellAppTitle"}]}
COMMAND: POST /session/ddd4ac3aad1fb7ec919da6d4489b57c7/execute/async - {"script":"<script> [6424 bytes]","args":[{"element-6066-11e4-a52e-4f735466cecf":"f.B55463C57E9AF0A410606F152102B326.d.7C133B2E48B59143D2ACB6775FF26AE0.e.552"},"getTitle",[]]}
RESULT: {"script":"<script> [6424 bytes]","args":[{"element-6066-11e4-a52e-4f735466cecf":"f.B55463C57E9AF0A410606F152102B326.d.7C133B2E48B59143D2ACB6775FF26AE0.e.552"},"getTitle",[]]}
RESULT: undefined
COMMAND: POST /session/ddd4ac3aad1fb7ec919da6d4489b57c7/element/f.B55463C57E9AF0A410606F152102B326.d.7C133B2E48B59143D2ACB6775FF26AE0.e.475/click - {}
RESULT: {}
COMMAND: GET /session/ddd4ac3aad1fb7ec919da6d4489b57c7/screenshot - {}
RESULT: {}
]]></system-out>
    </testcase>
    <testcase classname="chrome.136_0_7103_49.windows.Sanity_Tests_US104253" name="Should open Address Management page" time="45.295">
      <system-out><![CDATA[
COMMAND: POST /session/ddd4ac3aad1fb7ec919da6d4489b57c7/execute/async - {"script":"<script> [1562 bytes]","args":[{"selector":{"controlType":"sap.m.GenericTile","properties":{"header":"Address Management"}},"wdio_ui5_key":"sapm.GenericTile{\"header\":\"Address Management\"}"}]}
RESULT: {"script":"<script> [1562 bytes]","args":[{"selector":{"controlType":"sap.m.GenericTile","properties":{"header":"Address Management"}},"wdio_ui5_key":"sapm.GenericTile{\"header\":\"Address Management\"}"}]}
RESULT: undefined
COMMAND: POST /session/ddd4ac3aad1fb7ec919da6d4489b57c7/element - {"using":"xpath","value":"//*[@id=\"__tile33\"]"}
RESULT: {"using":"xpath","value":"//*[@id=\"__tile33\"]"}
COMMAND: POST /session/ddd4ac3aad1fb7ec919da6d4489b57c7/element/f.B55463C57E9AF0A410606F152102B326.d.7C133B2E48B59143D2ACB6775FF26AE0.e.554/click - {}
RESULT: {}
COMMAND: GET /session/ddd4ac3aad1fb7ec919da6d4489b57c7/screenshot - {}
RESULT: {}
COMMAND: POST /session/ddd4ac3aad1fb7ec919da6d4489b57c7/elements - {"using":"xpath","value":"//span[text()='Error']"}
RESULT: {"using":"xpath","value":"//span[text()='Error']"}
RESULT: undefined
COMMAND: POST /session/ddd4ac3aad1fb7ec919da6d4489b57c7/element - {"using":"xpath","value":"//*[@id=\"__tile33\"]"}
RESULT: {"using":"xpath","value":"//*[@id=\"__tile33\"]"}
COMMAND: POST /session/ddd4ac3aad1fb7ec919da6d4489b57c7/element/f.B55463C57E9AF0A410606F152102B326.d.7C133B2E48B59143D2ACB6775FF26AE0.e.554/click - {}
RESULT: undefined
COMMAND: POST /session/ddd4ac3aad1fb7ec919da6d4489b57c7/element - {"using":"xpath","value":"//*[@id=\"__tile33\"]"}
RESULT: {"using":"xpath","value":"//*[@id=\"__tile33\"]"}
COMMAND: POST /session/ddd4ac3aad1fb7ec919da6d4489b57c7/element/f.B55463C57E9AF0A410606F152102B326.d.7C133B2E48B59143D2ACB6775FF26AE0.e.554/click - {}
RESULT: undefined
COMMAND: POST /session/ddd4ac3aad1fb7ec919da6d4489b57c7/execute/async - {"script":"<script> [6424 bytes]","args":[{"element-6066-11e4-a52e-4f735466cecf":"f.B55463C57E9AF0A410606F152102B326.d.7C133B2E48B59143D2ACB6775FF26AE0.e.218"},"getTitle",[]]}
COMMAND: POST /session/ddd4ac3aad1fb7ec919da6d4489b57c7/execute/async - {"script":"<script> [1562 bytes]","args":[{"selector":{"id":"shellAppTitle"},"wdio_ui5_key":"shellAppTitle"}]}
RESULT: {"script":"<script> [1562 bytes]","args":[{"selector":{"id":"shellAppTitle"},"wdio_ui5_key":"shellAppTitle"}]}
COMMAND: POST /session/ddd4ac3aad1fb7ec919da6d4489b57c7/execute/async - {"script":"<script> [6424 bytes]","args":[{"element-6066-11e4-a52e-4f735466cecf":"f.B55463C57E9AF0A410606F152102B326.d.7C133B2E48B59143D2ACB6775FF26AE0.e.749"},"getTitle",[]]}
RESULT: {"script":"<script> [6424 bytes]","args":[{"element-6066-11e4-a52e-4f735466cecf":"f.B55463C57E9AF0A410606F152102B326.d.7C133B2E48B59143D2ACB6775FF26AE0.e.749"},"getTitle",[]]}
RESULT: undefined
COMMAND: POST /session/ddd4ac3aad1fb7ec919da6d4489b57c7/element/f.B55463C57E9AF0A410606F152102B326.d.7C133B2E48B59143D2ACB6775FF26AE0.e.475/click - {}
COMMAND: POST /session/ddd4ac3aad1fb7ec919da6d4489b57c7/element - {"using":"xpath","value":"//*[@id=\"backBtn\"]"}
RESULT: {"using":"xpath","value":"//*[@id=\"backBtn\"]"}
COMMAND: POST /session/ddd4ac3aad1fb7ec919da6d4489b57c7/element/f.B55463C57E9AF0A410606F152102B326.d.7C133B2E48B59143D2ACB6775FF26AE0.e.475/click - {}
COMMAND: POST /session/ddd4ac3aad1fb7ec919da6d4489b57c7/element - {"using":"xpath","value":"//*[@id=\"backBtn\"]"}
RESULT: {"using":"xpath","value":"//*[@id=\"backBtn\"]"}
COMMAND: POST /session/ddd4ac3aad1fb7ec919da6d4489b57c7/element/f.B55463C57E9AF0A410606F152102B326.d.7C133B2E48B59143D2ACB6775FF26AE0.e.750/click - {}
RESULT: {}
COMMAND: GET /session/ddd4ac3aad1fb7ec919da6d4489b57c7/screenshot - {}
RESULT: {}
]]></system-out>
    </testcase>
    <testcase classname="chrome.136_0_7103_49.windows.Sanity_Tests_US104253" name="Should open Bill Of Resources page" time="36.387">
      <system-out><![CDATA[
COMMAND: POST /session/ddd4ac3aad1fb7ec919da6d4489b57c7/execute/async - {"script":"<script> [1562 bytes]","args":[{"selector":{"controlType":"sap.m.GenericTile","properties":{"header":"Bill Of Resources"}},"wdio_ui5_key":"sapm.GenericTile{\"header\":\"Bill Of Resources\"}"}]}
RESULT: {"script":"<script> [1562 bytes]","args":[{"selector":{"controlType":"sap.m.GenericTile","properties":{"header":"Bill Of Resources"}},"wdio_ui5_key":"sapm.GenericTile{\"header\":\"Bill Of Resources\"}"}]}
RESULT: undefined
COMMAND: POST /session/ddd4ac3aad1fb7ec919da6d4489b57c7/element - {"using":"xpath","value":"//*[@id=\"__tile34\"]"}
RESULT: {"using":"xpath","value":"//*[@id=\"__tile34\"]"}
COMMAND: POST /session/ddd4ac3aad1fb7ec919da6d4489b57c7/element/f.B55463C57E9AF0A410606F152102B326.d.7C133B2E48B59143D2ACB6775FF26AE0.e.752/click - {}
RESULT: {}
COMMAND: GET /session/ddd4ac3aad1fb7ec919da6d4489b57c7/screenshot - {}
RESULT: {}
COMMAND: POST /session/ddd4ac3aad1fb7ec919da6d4489b57c7/elements - {"using":"xpath","value":"//span[text()='Error']"}
RESULT: {"using":"xpath","value":"//span[text()='Error']"}
RESULT: undefined
COMMAND: POST /session/ddd4ac3aad1fb7ec919da6d4489b57c7/element - {"using":"xpath","value":"//*[@id=\"__tile34\"]"}
RESULT: {"using":"xpath","value":"//*[@id=\"__tile34\"]"}
COMMAND: POST /session/ddd4ac3aad1fb7ec919da6d4489b57c7/element/f.B55463C57E9AF0A410606F152102B326.d.7C133B2E48B59143D2ACB6775FF26AE0.e.752/click - {}
RESULT: undefined
COMMAND: POST /session/ddd4ac3aad1fb7ec919da6d4489b57c7/element - {"using":"xpath","value":"//*[@id=\"__tile34\"]"}
RESULT: {"using":"xpath","value":"//*[@id=\"__tile34\"]"}
COMMAND: POST /session/ddd4ac3aad1fb7ec919da6d4489b57c7/element/f.B55463C57E9AF0A410606F152102B326.d.7C133B2E48B59143D2ACB6775FF26AE0.e.752/click - {}
RESULT: undefined
COMMAND: POST /session/ddd4ac3aad1fb7ec919da6d4489b57c7/execute/async - {"script":"<script> [6424 bytes]","args":[{"element-6066-11e4-a52e-4f735466cecf":"f.B55463C57E9AF0A410606F152102B326.d.7C133B2E48B59143D2ACB6775FF26AE0.e.218"},"getTitle",[]]}
COMMAND: POST /session/ddd4ac3aad1fb7ec919da6d4489b57c7/execute/async - {"script":"<script> [1562 bytes]","args":[{"selector":{"id":"shellAppTitle"},"wdio_ui5_key":"shellAppTitle"}]}
RESULT: {"script":"<script> [1562 bytes]","args":[{"selector":{"id":"shellAppTitle"},"wdio_ui5_key":"shellAppTitle"}]}
COMMAND: POST /session/ddd4ac3aad1fb7ec919da6d4489b57c7/execute/async - {"script":"<script> [6424 bytes]","args":[{"element-6066-11e4-a52e-4f735466cecf":"f.B55463C57E9AF0A410606F152102B326.d.7C133B2E48B59143D2ACB6775FF26AE0.e.815"},"getTitle",[]]}
RESULT: {"script":"<script> [6424 bytes]","args":[{"element-6066-11e4-a52e-4f735466cecf":"f.B55463C57E9AF0A410606F152102B326.d.7C133B2E48B59143D2ACB6775FF26AE0.e.815"},"getTitle",[]]}
RESULT: undefined
COMMAND: POST /session/ddd4ac3aad1fb7ec919da6d4489b57c7/element/f.B55463C57E9AF0A410606F152102B326.d.7C133B2E48B59143D2ACB6775FF26AE0.e.750/click - {}
RESULT: {}
COMMAND: GET /session/ddd4ac3aad1fb7ec919da6d4489b57c7/screenshot - {}
RESULT: {}
]]></system-out>
    </testcase>
    <testcase classname="chrome.136_0_7103_49.windows.Sanity_Tests_US104253" name="Should open Manage Yards page" time="36.484">
      <system-out><![CDATA[
COMMAND: POST /session/ddd4ac3aad1fb7ec919da6d4489b57c7/execute/async - {"script":"<script> [1562 bytes]","args":[{"selector":{"controlType":"sap.m.GenericTile","properties":{"header":"Manage Yards"}},"wdio_ui5_key":"sapm.GenericTile{\"header\":\"Manage Yards\"}"}]}
RESULT: {"script":"<script> [1562 bytes]","args":[{"selector":{"controlType":"sap.m.GenericTile","properties":{"header":"Manage Yards"}},"wdio_ui5_key":"sapm.GenericTile{\"header\":\"Manage Yards\"}"}]}
RESULT: undefined
COMMAND: POST /session/ddd4ac3aad1fb7ec919da6d4489b57c7/element - {"using":"xpath","value":"//*[@id=\"__tile41\"]"}
RESULT: {"using":"xpath","value":"//*[@id=\"__tile41\"]"}
COMMAND: POST /session/ddd4ac3aad1fb7ec919da6d4489b57c7/element/f.B55463C57E9AF0A410606F152102B326.d.7C133B2E48B59143D2ACB6775FF26AE0.e.817/click - {}
RESULT: {}
COMMAND: GET /session/ddd4ac3aad1fb7ec919da6d4489b57c7/screenshot - {}
RESULT: {}
COMMAND: POST /session/ddd4ac3aad1fb7ec919da6d4489b57c7/elements - {"using":"xpath","value":"//span[text()='Error']"}
RESULT: {"using":"xpath","value":"//span[text()='Error']"}
RESULT: undefined
COMMAND: POST /session/ddd4ac3aad1fb7ec919da6d4489b57c7/element - {"using":"xpath","value":"//*[@id=\"__tile41\"]"}
RESULT: {"using":"xpath","value":"//*[@id=\"__tile41\"]"}
COMMAND: POST /session/ddd4ac3aad1fb7ec919da6d4489b57c7/element/f.B55463C57E9AF0A410606F152102B326.d.7C133B2E48B59143D2ACB6775FF26AE0.e.817/click - {}
RESULT: undefined
COMMAND: POST /session/ddd4ac3aad1fb7ec919da6d4489b57c7/element - {"using":"xpath","value":"//*[@id=\"__tile41\"]"}
RESULT: {"using":"xpath","value":"//*[@id=\"__tile41\"]"}
COMMAND: POST /session/ddd4ac3aad1fb7ec919da6d4489b57c7/element/f.B55463C57E9AF0A410606F152102B326.d.7C133B2E48B59143D2ACB6775FF26AE0.e.817/click - {}
RESULT: undefined
COMMAND: POST /session/ddd4ac3aad1fb7ec919da6d4489b57c7/execute/async - {"script":"<script> [6424 bytes]","args":[{"element-6066-11e4-a52e-4f735466cecf":"f.B55463C57E9AF0A410606F152102B326.d.7C133B2E48B59143D2ACB6775FF26AE0.e.218"},"getTitle",[]]}
COMMAND: POST /session/ddd4ac3aad1fb7ec919da6d4489b57c7/execute/async - {"script":"<script> [1562 bytes]","args":[{"selector":{"id":"shellAppTitle"},"wdio_ui5_key":"shellAppTitle"}]}
RESULT: {"script":"<script> [1562 bytes]","args":[{"selector":{"id":"shellAppTitle"},"wdio_ui5_key":"shellAppTitle"}]}
COMMAND: POST /session/ddd4ac3aad1fb7ec919da6d4489b57c7/execute/async - {"script":"<script> [6424 bytes]","args":[{"element-6066-11e4-a52e-4f735466cecf":"f.B55463C57E9AF0A410606F152102B326.d.7C133B2E48B59143D2ACB6775FF26AE0.e.979"},"getTitle",[]]}
RESULT: {"script":"<script> [6424 bytes]","args":[{"element-6066-11e4-a52e-4f735466cecf":"f.B55463C57E9AF0A410606F152102B326.d.7C133B2E48B59143D2ACB6775FF26AE0.e.979"},"getTitle",[]]}
RESULT: undefined
COMMAND: POST /session/ddd4ac3aad1fb7ec919da6d4489b57c7/element/f.B55463C57E9AF0A410606F152102B326.d.7C133B2E48B59143D2ACB6775FF26AE0.e.750/click - {}
COMMAND: POST /session/ddd4ac3aad1fb7ec919da6d4489b57c7/element - {"using":"xpath","value":"//*[@id=\"backBtn\"]"}
RESULT: {"using":"xpath","value":"//*[@id=\"backBtn\"]"}
COMMAND: POST /session/ddd4ac3aad1fb7ec919da6d4489b57c7/element/f.B55463C57E9AF0A410606F152102B326.d.7C133B2E48B59143D2ACB6775FF26AE0.e.750/click - {}
COMMAND: POST /session/ddd4ac3aad1fb7ec919da6d4489b57c7/element - {"using":"xpath","value":"//*[@id=\"backBtn\"]"}
RESULT: {"using":"xpath","value":"//*[@id=\"backBtn\"]"}
COMMAND: POST /session/ddd4ac3aad1fb7ec919da6d4489b57c7/element/f.B55463C57E9AF0A410606F152102B326.d.7C133B2E48B59143D2ACB6775FF26AE0.e.980/click - {}
RESULT: {}
COMMAND: GET /session/ddd4ac3aad1fb7ec919da6d4489b57c7/screenshot - {}
RESULT: {}
]]></system-out>
    </testcase>
    <testcase classname="chrome.136_0_7103_49.windows.Sanity_Tests_US104253" name="Should open Manage Requests page" time="41.496">
      <system-out><![CDATA[
COMMAND: POST /session/ddd4ac3aad1fb7ec919da6d4489b57c7/execute/async - {"script":"<script> [1562 bytes]","args":[{"selector":{"controlType":"sap.m.GenericTile","properties":{"header":"Manage Requests"}},"wdio_ui5_key":"sapm.GenericTile{\"header\":\"Manage Requests\"}"}]}
RESULT: {"script":"<script> [1562 bytes]","args":[{"selector":{"controlType":"sap.m.GenericTile","properties":{"header":"Manage Requests"}},"wdio_ui5_key":"sapm.GenericTile{\"header\":\"Manage Requests\"}"}]}
RESULT: undefined
COMMAND: POST /session/ddd4ac3aad1fb7ec919da6d4489b57c7/element - {"using":"xpath","value":"//*[@id=\"__tile47\"]"}
RESULT: {"using":"xpath","value":"//*[@id=\"__tile47\"]"}
COMMAND: POST /session/ddd4ac3aad1fb7ec919da6d4489b57c7/element/f.B55463C57E9AF0A410606F152102B326.d.7C133B2E48B59143D2ACB6775FF26AE0.e.982/click - {}
RESULT: {}
COMMAND: GET /session/ddd4ac3aad1fb7ec919da6d4489b57c7/screenshot - {}
RESULT: {}
COMMAND: POST /session/ddd4ac3aad1fb7ec919da6d4489b57c7/elements - {"using":"xpath","value":"//span[text()='Error']"}
RESULT: {"using":"xpath","value":"//span[text()='Error']"}
RESULT: undefined
COMMAND: POST /session/ddd4ac3aad1fb7ec919da6d4489b57c7/element - {"using":"xpath","value":"//*[@id=\"__tile47\"]"}
RESULT: {"using":"xpath","value":"//*[@id=\"__tile47\"]"}
COMMAND: POST /session/ddd4ac3aad1fb7ec919da6d4489b57c7/element/f.B55463C57E9AF0A410606F152102B326.d.7C133B2E48B59143D2ACB6775FF26AE0.e.982/click - {}
RESULT: undefined
COMMAND: POST /session/ddd4ac3aad1fb7ec919da6d4489b57c7/element - {"using":"xpath","value":"//*[@id=\"__tile47\"]"}
RESULT: {"using":"xpath","value":"//*[@id=\"__tile47\"]"}
COMMAND: POST /session/ddd4ac3aad1fb7ec919da6d4489b57c7/element/f.B55463C57E9AF0A410606F152102B326.d.7C133B2E48B59143D2ACB6775FF26AE0.e.982/click - {}
RESULT: undefined
COMMAND: POST /session/ddd4ac3aad1fb7ec919da6d4489b57c7/execute/async - {"script":"<script> [6424 bytes]","args":[{"element-6066-11e4-a52e-4f735466cecf":"f.B55463C57E9AF0A410606F152102B326.d.7C133B2E48B59143D2ACB6775FF26AE0.e.218"},"getTitle",[]]}
COMMAND: POST /session/ddd4ac3aad1fb7ec919da6d4489b57c7/execute/async - {"script":"<script> [1562 bytes]","args":[{"selector":{"id":"shellAppTitle"},"wdio_ui5_key":"shellAppTitle"}]}
RESULT: {"script":"<script> [1562 bytes]","args":[{"selector":{"id":"shellAppTitle"},"wdio_ui5_key":"shellAppTitle"}]}
COMMAND: POST /session/ddd4ac3aad1fb7ec919da6d4489b57c7/execute/async - {"script":"<script> [6424 bytes]","args":[{"element-6066-11e4-a52e-4f735466cecf":"f.B55463C57E9AF0A410606F152102B326.d.7C133B2E48B59143D2ACB6775FF26AE0.e.1075"},"getTitle",[]]}
RESULT: {"script":"<script> [6424 bytes]","args":[{"element-6066-11e4-a52e-4f735466cecf":"f.B55463C57E9AF0A410606F152102B326.d.7C133B2E48B59143D2ACB6775FF26AE0.e.1075"},"getTitle",[]]}
RESULT: undefined
COMMAND: POST /session/ddd4ac3aad1fb7ec919da6d4489b57c7/element/f.B55463C57E9AF0A410606F152102B326.d.7C133B2E48B59143D2ACB6775FF26AE0.e.980/click - {}
RESULT: {}
COMMAND: GET /session/ddd4ac3aad1fb7ec919da6d4489b57c7/screenshot - {}
RESULT: {}
]]></system-out>
    </testcase>
    <testcase classname="chrome.136_0_7103_49.windows.Sanity_Tests_US104253" name="Should open Manage Purchasing page" time="40.115">
      <system-out><![CDATA[
COMMAND: POST /session/ddd4ac3aad1fb7ec919da6d4489b57c7/execute/async - {"script":"<script> [1562 bytes]","args":[{"selector":{"controlType":"sap.m.GenericTile","properties":{"header":"Manage Purchasing"}},"wdio_ui5_key":"sapm.GenericTile{\"header\":\"Manage Purchasing\"}"}]}
RESULT: {"script":"<script> [1562 bytes]","args":[{"selector":{"controlType":"sap.m.GenericTile","properties":{"header":"Manage Purchasing"}},"wdio_ui5_key":"sapm.GenericTile{\"header\":\"Manage Purchasing\"}"}]}
RESULT: undefined
COMMAND: POST /session/ddd4ac3aad1fb7ec919da6d4489b57c7/element - {"using":"xpath","value":"//*[@id=\"__tile46\"]"}
RESULT: {"using":"xpath","value":"//*[@id=\"__tile46\"]"}
COMMAND: POST /session/ddd4ac3aad1fb7ec919da6d4489b57c7/element/f.B55463C57E9AF0A410606F152102B326.d.7C133B2E48B59143D2ACB6775FF26AE0.e.1078/click - {}
RESULT: {}
COMMAND: GET /session/ddd4ac3aad1fb7ec919da6d4489b57c7/screenshot - {}
RESULT: {}
COMMAND: POST /session/ddd4ac3aad1fb7ec919da6d4489b57c7/elements - {"using":"xpath","value":"//span[text()='Error']"}
RESULT: {"using":"xpath","value":"//span[text()='Error']"}
RESULT: undefined
COMMAND: POST /session/ddd4ac3aad1fb7ec919da6d4489b57c7/element - {"using":"xpath","value":"//*[@id=\"__tile46\"]"}
RESULT: {"using":"xpath","value":"//*[@id=\"__tile46\"]"}
COMMAND: POST /session/ddd4ac3aad1fb7ec919da6d4489b57c7/element/f.B55463C57E9AF0A410606F152102B326.d.7C133B2E48B59143D2ACB6775FF26AE0.e.1078/click - {}
RESULT: undefined
COMMAND: POST /session/ddd4ac3aad1fb7ec919da6d4489b57c7/element - {"using":"xpath","value":"//*[@id=\"__tile46\"]"}
RESULT: {"using":"xpath","value":"//*[@id=\"__tile46\"]"}
COMMAND: POST /session/ddd4ac3aad1fb7ec919da6d4489b57c7/element/f.B55463C57E9AF0A410606F152102B326.d.7C133B2E48B59143D2ACB6775FF26AE0.e.1078/click - {}
RESULT: undefined
COMMAND: POST /session/ddd4ac3aad1fb7ec919da6d4489b57c7/execute/async - {"script":"<script> [6424 bytes]","args":[{"element-6066-11e4-a52e-4f735466cecf":"f.B55463C57E9AF0A410606F152102B326.d.7C133B2E48B59143D2ACB6775FF26AE0.e.218"},"getTitle",[]]}
COMMAND: POST /session/ddd4ac3aad1fb7ec919da6d4489b57c7/execute/async - {"script":"<script> [1562 bytes]","args":[{"selector":{"id":"shellAppTitle"},"wdio_ui5_key":"shellAppTitle"}]}
RESULT: {"script":"<script> [1562 bytes]","args":[{"selector":{"id":"shellAppTitle"},"wdio_ui5_key":"shellAppTitle"}]}
COMMAND: POST /session/ddd4ac3aad1fb7ec919da6d4489b57c7/execute/async - {"script":"<script> [6424 bytes]","args":[{"element-6066-11e4-a52e-4f735466cecf":"f.B55463C57E9AF0A410606F152102B326.d.7C133B2E48B59143D2ACB6775FF26AE0.e.1160"},"getTitle",[]]}
RESULT: {"script":"<script> [6424 bytes]","args":[{"element-6066-11e4-a52e-4f735466cecf":"f.B55463C57E9AF0A410606F152102B326.d.7C133B2E48B59143D2ACB6775FF26AE0.e.1160"},"getTitle",[]]}
RESULT: undefined
COMMAND: POST /session/ddd4ac3aad1fb7ec919da6d4489b57c7/element/f.B55463C57E9AF0A410606F152102B326.d.7C133B2E48B59143D2ACB6775FF26AE0.e.980/click - {}
COMMAND: POST /session/ddd4ac3aad1fb7ec919da6d4489b57c7/element - {"using":"xpath","value":"//*[@id=\"backBtn\"]"}
RESULT: {"using":"xpath","value":"//*[@id=\"backBtn\"]"}
COMMAND: POST /session/ddd4ac3aad1fb7ec919da6d4489b57c7/element/f.B55463C57E9AF0A410606F152102B326.d.7C133B2E48B59143D2ACB6775FF26AE0.e.980/click - {}
COMMAND: POST /session/ddd4ac3aad1fb7ec919da6d4489b57c7/element - {"using":"xpath","value":"//*[@id=\"backBtn\"]"}
RESULT: {"using":"xpath","value":"//*[@id=\"backBtn\"]"}
COMMAND: POST /session/ddd4ac3aad1fb7ec919da6d4489b57c7/element/f.B55463C57E9AF0A410606F152102B326.d.7C133B2E48B59143D2ACB6775FF26AE0.e.1161/click - {}
RESULT: {}
COMMAND: GET /session/ddd4ac3aad1fb7ec919da6d4489b57c7/screenshot - {}
RESULT: {}
]]></system-out>
    </testcase>
    <testcase classname="chrome.136_0_7103_49.windows.Sanity_Tests_US104253" name="Should open Planning Board page" time="36.365">
      <system-out><![CDATA[
COMMAND: POST /session/ddd4ac3aad1fb7ec919da6d4489b57c7/execute/async - {"script":"<script> [1562 bytes]","args":[{"selector":{"controlType":"sap.m.GenericTile","properties":{"header":"Planning Board"}},"wdio_ui5_key":"sapm.GenericTile{\"header\":\"Planning Board\"}"}]}
RESULT: {"script":"<script> [1562 bytes]","args":[{"selector":{"controlType":"sap.m.GenericTile","properties":{"header":"Planning Board"}},"wdio_ui5_key":"sapm.GenericTile{\"header\":\"Planning Board\"}"}]}
RESULT: undefined
COMMAND: POST /session/ddd4ac3aad1fb7ec919da6d4489b57c7/element - {"using":"xpath","value":"//*[@id=\"__tile131\"]"}
RESULT: {"using":"xpath","value":"//*[@id=\"__tile131\"]"}
COMMAND: POST /session/ddd4ac3aad1fb7ec919da6d4489b57c7/element/f.B55463C57E9AF0A410606F152102B326.d.7C133B2E48B59143D2ACB6775FF26AE0.e.1164/click - {}
RESULT: {}
COMMAND: GET /session/ddd4ac3aad1fb7ec919da6d4489b57c7/screenshot - {}
RESULT: {}
COMMAND: POST /session/ddd4ac3aad1fb7ec919da6d4489b57c7/elements - {"using":"xpath","value":"//span[text()='Error']"}
RESULT: {"using":"xpath","value":"//span[text()='Error']"}
RESULT: undefined
COMMAND: POST /session/ddd4ac3aad1fb7ec919da6d4489b57c7/element - {"using":"xpath","value":"//*[@id=\"__tile131\"]"}
RESULT: {"using":"xpath","value":"//*[@id=\"__tile131\"]"}
COMMAND: POST /session/ddd4ac3aad1fb7ec919da6d4489b57c7/element/f.B55463C57E9AF0A410606F152102B326.d.7C133B2E48B59143D2ACB6775FF26AE0.e.1164/click - {}
RESULT: undefined
COMMAND: POST /session/ddd4ac3aad1fb7ec919da6d4489b57c7/element - {"using":"xpath","value":"//*[@id=\"__tile131\"]"}
RESULT: {"using":"xpath","value":"//*[@id=\"__tile131\"]"}
COMMAND: POST /session/ddd4ac3aad1fb7ec919da6d4489b57c7/element/f.B55463C57E9AF0A410606F152102B326.d.7C133B2E48B59143D2ACB6775FF26AE0.e.1164/click - {}
RESULT: undefined
COMMAND: POST /session/ddd4ac3aad1fb7ec919da6d4489b57c7/execute/async - {"script":"<script> [6424 bytes]","args":[{"element-6066-11e4-a52e-4f735466cecf":"f.B55463C57E9AF0A410606F152102B326.d.7C133B2E48B59143D2ACB6775FF26AE0.e.218"},"getTitle",[]]}
COMMAND: POST /session/ddd4ac3aad1fb7ec919da6d4489b57c7/execute/async - {"script":"<script> [1562 bytes]","args":[{"selector":{"id":"shellAppTitle"},"wdio_ui5_key":"shellAppTitle"}]}
RESULT: {"script":"<script> [1562 bytes]","args":[{"selector":{"id":"shellAppTitle"},"wdio_ui5_key":"shellAppTitle"}]}
COMMAND: POST /session/ddd4ac3aad1fb7ec919da6d4489b57c7/execute/async - {"script":"<script> [6424 bytes]","args":[{"element-6066-11e4-a52e-4f735466cecf":"f.B55463C57E9AF0A410606F152102B326.d.7C133B2E48B59143D2ACB6775FF26AE0.e.1211"},"getTitle",[]]}
RESULT: {"script":"<script> [6424 bytes]","args":[{"element-6066-11e4-a52e-4f735466cecf":"f.B55463C57E9AF0A410606F152102B326.d.7C133B2E48B59143D2ACB6775FF26AE0.e.1211"},"getTitle",[]]}
RESULT: undefined
COMMAND: POST /session/ddd4ac3aad1fb7ec919da6d4489b57c7/element/f.B55463C57E9AF0A410606F152102B326.d.7C133B2E48B59143D2ACB6775FF26AE0.e.1161/click - {}
COMMAND: POST /session/ddd4ac3aad1fb7ec919da6d4489b57c7/element/f.B55463C57E9AF0A410606F152102B326.d.7C133B2E48B59143D2ACB6775FF26AE0.e.1161/click - {}
RESULT: {}
COMMAND: GET /session/ddd4ac3aad1fb7ec919da6d4489b57c7/screenshot - {}
COMMAND: POST /session/ddd4ac3aad1fb7ec919da6d4489b57c7/element - {"using":"xpath","value":"//*[@id=\"backBtn\"]"}
RESULT: {}
RESULT: {"using":"xpath","value":"//*[@id=\"backBtn\"]"}
COMMAND: POST /session/ddd4ac3aad1fb7ec919da6d4489b57c7/elements - {"using":"xpath","value":"//*[@id=\"backBtn\"]"}
RESULT: {"using":"xpath","value":"//*[@id=\"backBtn\"]"}
COMMAND: POST /session/ddd4ac3aad1fb7ec919da6d4489b57c7/elements - {"using":"xpath","value":"//*[@id=\"backBtn\"]"}
RESULT: {"using":"xpath","value":"//*[@id=\"backBtn\"]"}
COMMAND: POST /session/ddd4ac3aad1fb7ec919da6d4489b57c7/elements - {"using":"xpath","value":"//*[@id=\"backBtn\"]"}
RESULT: {"using":"xpath","value":"//*[@id=\"backBtn\"]"}
COMMAND: POST /session/ddd4ac3aad1fb7ec919da6d4489b57c7/elements - {"using":"xpath","value":"//*[@id=\"backBtn\"]"}
RESULT: {"using":"xpath","value":"//*[@id=\"backBtn\"]"}
COMMAND: POST /session/ddd4ac3aad1fb7ec919da6d4489b57c7/elements - {"using":"xpath","value":"//*[@id=\"backBtn\"]"}
RESULT: {"using":"xpath","value":"//*[@id=\"backBtn\"]"}
COMMAND: POST /session/ddd4ac3aad1fb7ec919da6d4489b57c7/elements - {"using":"xpath","value":"//*[@id=\"backBtn\"]"}
RESULT: {"using":"xpath","value":"//*[@id=\"backBtn\"]"}
COMMAND: POST /session/ddd4ac3aad1fb7ec919da6d4489b57c7/elements - {"using":"xpath","value":"//*[@id=\"backBtn\"]"}
RESULT: {"using":"xpath","value":"//*[@id=\"backBtn\"]"}
COMMAND: POST /session/ddd4ac3aad1fb7ec919da6d4489b57c7/elements - {"using":"xpath","value":"//*[@id=\"backBtn\"]"}
RESULT: {"using":"xpath","value":"//*[@id=\"backBtn\"]"}
COMMAND: POST /session/ddd4ac3aad1fb7ec919da6d4489b57c7/elements - {"using":"xpath","value":"//*[@id=\"backBtn\"]"}
RESULT: {"using":"xpath","value":"//*[@id=\"backBtn\"]"}
COMMAND: POST /session/ddd4ac3aad1fb7ec919da6d4489b57c7/elements - {"using":"xpath","value":"//*[@id=\"backBtn\"]"}
RESULT: {"using":"xpath","value":"//*[@id=\"backBtn\"]"}
COMMAND: POST /session/ddd4ac3aad1fb7ec919da6d4489b57c7/elements - {"using":"xpath","value":"//*[@id=\"backBtn\"]"}
RESULT: {"using":"xpath","value":"//*[@id=\"backBtn\"]"}
COMMAND: POST /session/ddd4ac3aad1fb7ec919da6d4489b57c7/elements - {"using":"xpath","value":"//*[@id=\"backBtn\"]"}
RESULT: {"using":"xpath","value":"//*[@id=\"backBtn\"]"}
COMMAND: POST /session/ddd4ac3aad1fb7ec919da6d4489b57c7/elements - {"using":"xpath","value":"//*[@id=\"backBtn\"]"}
RESULT: {"using":"xpath","value":"//*[@id=\"backBtn\"]"}
COMMAND: POST /session/ddd4ac3aad1fb7ec919da6d4489b57c7/elements - {"using":"xpath","value":"//*[@id=\"backBtn\"]"}
RESULT: {"using":"xpath","value":"//*[@id=\"backBtn\"]"}
COMMAND: POST /session/ddd4ac3aad1fb7ec919da6d4489b57c7/elements - {"using":"xpath","value":"//*[@id=\"backBtn\"]"}
RESULT: {"using":"xpath","value":"//*[@id=\"backBtn\"]"}
COMMAND: POST /session/ddd4ac3aad1fb7ec919da6d4489b57c7/elements - {"using":"xpath","value":"//*[@id=\"backBtn\"]"}
RESULT: {"using":"xpath","value":"//*[@id=\"backBtn\"]"}
COMMAND: POST /session/ddd4ac3aad1fb7ec919da6d4489b57c7/elements - {"using":"xpath","value":"//*[@id=\"backBtn\"]"}
RESULT: {"using":"xpath","value":"//*[@id=\"backBtn\"]"}
]]></system-out>
    </testcase>
    <testcase classname="chrome.136_0_7103_49.windows.Sanity_Tests_US104253" name="Should open Manage Contracts page" time="47.368">
      <system-out><![CDATA[
COMMAND: POST /session/ddd4ac3aad1fb7ec919da6d4489b57c7/execute/async - {"script":"<script> [1562 bytes]","args":[{"selector":{"controlType":"sap.m.GenericTile","properties":{"header":"Manage Contracts"}},"wdio_ui5_key":"sapm.GenericTile{\"header\":\"Manage Contracts\"}"}]}
COMMAND: POST /session/ddd4ac3aad1fb7ec919da6d4489b57c7/elements - {"using":"xpath","value":"//*[@id=\"backBtn\"]"}
RESULT: {"script":"<script> [1562 bytes]","args":[{"selector":{"controlType":"sap.m.GenericTile","properties":{"header":"Manage Contracts"}},"wdio_ui5_key":"sapm.GenericTile{\"header\":\"Manage Contracts\"}"}]}
RESULT: undefined
COMMAND: POST /session/ddd4ac3aad1fb7ec919da6d4489b57c7/element - {"using":"xpath","value":"//*[@id=\"__tile132\"]"}
RESULT: {"using":"xpath","value":"//*[@id=\"backBtn\"]"}
RESULT: {"using":"xpath","value":"//*[@id=\"__tile132\"]"}
COMMAND: POST /session/ddd4ac3aad1fb7ec919da6d4489b57c7/element/f.B55463C57E9AF0A410606F152102B326.d.7C133B2E48B59143D2ACB6775FF26AE0.e.1213/click - {}
COMMAND: POST /session/ddd4ac3aad1fb7ec919da6d4489b57c7/elements - {"using":"xpath","value":"//*[@id=\"backBtn\"]"}
RESULT: {}
COMMAND: GET /session/ddd4ac3aad1fb7ec919da6d4489b57c7/screenshot - {}
RESULT: {"using":"xpath","value":"//*[@id=\"backBtn\"]"}
RESULT: {}
COMMAND: POST /session/ddd4ac3aad1fb7ec919da6d4489b57c7/elements - {"using":"xpath","value":"//*[@id=\"backBtn\"]"}
RESULT: {"using":"xpath","value":"//*[@id=\"backBtn\"]"}
COMMAND: POST /session/ddd4ac3aad1fb7ec919da6d4489b57c7/elements - {"using":"xpath","value":"//*[@id=\"backBtn\"]"}
RESULT: {"using":"xpath","value":"//*[@id=\"backBtn\"]"}
COMMAND: POST /session/ddd4ac3aad1fb7ec919da6d4489b57c7/elements - {"using":"xpath","value":"//*[@id=\"backBtn\"]"}
RESULT: {"using":"xpath","value":"//*[@id=\"backBtn\"]"}
COMMAND: POST /session/ddd4ac3aad1fb7ec919da6d4489b57c7/elements - {"using":"xpath","value":"//*[@id=\"backBtn\"]"}
RESULT: {"using":"xpath","value":"//*[@id=\"backBtn\"]"}
COMMAND: POST /session/ddd4ac3aad1fb7ec919da6d4489b57c7/element - {"using":"xpath","value":"//*[@id=\"backBtn\"]"}
RESULT: {"using":"xpath","value":"//*[@id=\"backBtn\"]"}
COMMAND: POST /session/ddd4ac3aad1fb7ec919da6d4489b57c7/element/f.B55463C57E9AF0A410606F152102B326.d.7C133B2E48B59143D2ACB6775FF26AE0.e.1161/click - {}
COMMAND: POST /session/ddd4ac3aad1fb7ec919da6d4489b57c7/element - {"using":"xpath","value":"//*[@id=\"backBtn\"]"}
RESULT: {"using":"xpath","value":"//*[@id=\"backBtn\"]"}
COMMAND: POST /session/ddd4ac3aad1fb7ec919da6d4489b57c7/element/f.B55463C57E9AF0A410606F152102B326.d.7C133B2E48B59143D2ACB6775FF26AE0.e.1217/click - {}
RESULT: {}
COMMAND: GET /session/ddd4ac3aad1fb7ec919da6d4489b57c7/screenshot - {}
COMMAND: POST /session/ddd4ac3aad1fb7ec919da6d4489b57c7/elements - {"using":"xpath","value":"//span[text()='Error']"}
RESULT: {}
RESULT: {"using":"xpath","value":"//span[text()='Error']"}
RESULT: undefined
COMMAND: POST /session/ddd4ac3aad1fb7ec919da6d4489b57c7/element - {"using":"xpath","value":"//*[@id=\"__tile132\"]"}
RESULT: {"using":"xpath","value":"//*[@id=\"__tile132\"]"}
COMMAND: POST /session/ddd4ac3aad1fb7ec919da6d4489b57c7/element/f.B55463C57E9AF0A410606F152102B326.d.7C133B2E48B59143D2ACB6775FF26AE0.e.1213/click - {}
RESULT: {}
RESULT: undefined
COMMAND: POST /session/ddd4ac3aad1fb7ec919da6d4489b57c7/element - {"using":"xpath","value":"//*[@id=\"__tile132\"]"}
COMMAND: GET /session/ddd4ac3aad1fb7ec919da6d4489b57c7/screenshot - {}
RESULT: {"using":"xpath","value":"//*[@id=\"__tile132\"]"}
COMMAND: POST /session/ddd4ac3aad1fb7ec919da6d4489b57c7/element/f.B55463C57E9AF0A410606F152102B326.d.7C133B2E48B59143D2ACB6775FF26AE0.e.1213/click - {}
RESULT: {}
RESULT: undefined
COMMAND: POST /session/ddd4ac3aad1fb7ec919da6d4489b57c7/execute/async - {"script":"<script> [6424 bytes]","args":[{"element-6066-11e4-a52e-4f735466cecf":"f.B55463C57E9AF0A410606F152102B326.d.7C133B2E48B59143D2ACB6775FF26AE0.e.218"},"getTitle",[]]}
COMMAND: POST /session/ddd4ac3aad1fb7ec919da6d4489b57c7/execute/async - {"script":"<script> [1562 bytes]","args":[{"selector":{"id":"shellAppTitle"},"wdio_ui5_key":"shellAppTitle"}]}
RESULT: {"script":"<script> [1562 bytes]","args":[{"selector":{"id":"shellAppTitle"},"wdio_ui5_key":"shellAppTitle"}]}
COMMAND: POST /session/ddd4ac3aad1fb7ec919da6d4489b57c7/execute/async - {"script":"<script> [6424 bytes]","args":[{"element-6066-11e4-a52e-4f735466cecf":"f.B55463C57E9AF0A410606F152102B326.d.7C133B2E48B59143D2ACB6775FF26AE0.e.1284"},"getTitle",[]]}
RESULT: {"script":"<script> [6424 bytes]","args":[{"element-6066-11e4-a52e-4f735466cecf":"f.B55463C57E9AF0A410606F152102B326.d.7C133B2E48B59143D2ACB6775FF26AE0.e.1284"},"getTitle",[]]}
RESULT: undefined
COMMAND: POST /session/ddd4ac3aad1fb7ec919da6d4489b57c7/element/f.B55463C57E9AF0A410606F152102B326.d.7C133B2E48B59143D2ACB6775FF26AE0.e.1217/click - {}
RESULT: {}
COMMAND: GET /session/ddd4ac3aad1fb7ec919da6d4489b57c7/screenshot - {}
RESULT: {}
]]></system-out>
    </testcase>
    <testcase classname="chrome.136_0_7103_49.windows.Sanity_Tests_US104253" name="Should open Manage Quotations page" time="36.487">
      <system-out><![CDATA[
COMMAND: POST /session/ddd4ac3aad1fb7ec919da6d4489b57c7/execute/async - {"script":"<script> [1562 bytes]","args":[{"selector":{"controlType":"sap.m.GenericTile","properties":{"header":"Manage Quotations"}},"wdio_ui5_key":"sapm.GenericTile{\"header\":\"Manage Quotations\"}"}]}
RESULT: {"script":"<script> [1562 bytes]","args":[{"selector":{"controlType":"sap.m.GenericTile","properties":{"header":"Manage Quotations"}},"wdio_ui5_key":"sapm.GenericTile{\"header\":\"Manage Quotations\"}"}]}
RESULT: undefined
COMMAND: POST /session/ddd4ac3aad1fb7ec919da6d4489b57c7/element - {"using":"xpath","value":"//*[@id=\"__tile133\"]"}
RESULT: {"using":"xpath","value":"//*[@id=\"__tile133\"]"}
COMMAND: POST /session/ddd4ac3aad1fb7ec919da6d4489b57c7/element/f.B55463C57E9AF0A410606F152102B326.d.7C133B2E48B59143D2ACB6775FF26AE0.e.1286/click - {}
RESULT: {}
COMMAND: GET /session/ddd4ac3aad1fb7ec919da6d4489b57c7/screenshot - {}
RESULT: {}
COMMAND: POST /session/ddd4ac3aad1fb7ec919da6d4489b57c7/elements - {"using":"xpath","value":"//span[text()='Error']"}
RESULT: {"using":"xpath","value":"//span[text()='Error']"}
RESULT: undefined
COMMAND: POST /session/ddd4ac3aad1fb7ec919da6d4489b57c7/element - {"using":"xpath","value":"//*[@id=\"__tile133\"]"}
RESULT: {"using":"xpath","value":"//*[@id=\"__tile133\"]"}
COMMAND: POST /session/ddd4ac3aad1fb7ec919da6d4489b57c7/element/f.B55463C57E9AF0A410606F152102B326.d.7C133B2E48B59143D2ACB6775FF26AE0.e.1286/click - {}
RESULT: undefined
COMMAND: POST /session/ddd4ac3aad1fb7ec919da6d4489b57c7/element - {"using":"xpath","value":"//*[@id=\"__tile133\"]"}
RESULT: {"using":"xpath","value":"//*[@id=\"__tile133\"]"}
COMMAND: POST /session/ddd4ac3aad1fb7ec919da6d4489b57c7/element/f.B55463C57E9AF0A410606F152102B326.d.7C133B2E48B59143D2ACB6775FF26AE0.e.1286/click - {}
RESULT: undefined
COMMAND: POST /session/ddd4ac3aad1fb7ec919da6d4489b57c7/execute/async - {"script":"<script> [6424 bytes]","args":[{"element-6066-11e4-a52e-4f735466cecf":"f.B55463C57E9AF0A410606F152102B326.d.7C133B2E48B59143D2ACB6775FF26AE0.e.218"},"getTitle",[]]}
COMMAND: POST /session/ddd4ac3aad1fb7ec919da6d4489b57c7/execute/async - {"script":"<script> [1562 bytes]","args":[{"selector":{"id":"shellAppTitle"},"wdio_ui5_key":"shellAppTitle"}]}
RESULT: {"script":"<script> [1562 bytes]","args":[{"selector":{"id":"shellAppTitle"},"wdio_ui5_key":"shellAppTitle"}]}
COMMAND: POST /session/ddd4ac3aad1fb7ec919da6d4489b57c7/execute/async - {"script":"<script> [6424 bytes]","args":[{"element-6066-11e4-a52e-4f735466cecf":"f.B55463C57E9AF0A410606F152102B326.d.7C133B2E48B59143D2ACB6775FF26AE0.e.1490"},"getTitle",[]]}
RESULT: {"script":"<script> [6424 bytes]","args":[{"element-6066-11e4-a52e-4f735466cecf":"f.B55463C57E9AF0A410606F152102B326.d.7C133B2E48B59143D2ACB6775FF26AE0.e.1490"},"getTitle",[]]}
RESULT: undefined
COMMAND: POST /session/ddd4ac3aad1fb7ec919da6d4489b57c7/element/f.B55463C57E9AF0A410606F152102B326.d.7C133B2E48B59143D2ACB6775FF26AE0.e.1217/click - {}
COMMAND: POST /session/ddd4ac3aad1fb7ec919da6d4489b57c7/element - {"using":"xpath","value":"//*[@id=\"backBtn\"]"}
RESULT: {"using":"xpath","value":"//*[@id=\"backBtn\"]"}
COMMAND: POST /session/ddd4ac3aad1fb7ec919da6d4489b57c7/element/f.B55463C57E9AF0A410606F152102B326.d.7C133B2E48B59143D2ACB6775FF26AE0.e.1217/click - {}
COMMAND: POST /session/ddd4ac3aad1fb7ec919da6d4489b57c7/element - {"using":"xpath","value":"//*[@id=\"backBtn\"]"}
RESULT: {"using":"xpath","value":"//*[@id=\"backBtn\"]"}
COMMAND: POST /session/ddd4ac3aad1fb7ec919da6d4489b57c7/element/f.B55463C57E9AF0A410606F152102B326.d.7C133B2E48B59143D2ACB6775FF26AE0.e.1491/click - {}
RESULT: {}
COMMAND: GET /session/ddd4ac3aad1fb7ec919da6d4489b57c7/screenshot - {}
RESULT: {}
]]></system-out>
    </testcase>
    <testcase classname="chrome.136_0_7103_49.windows.Sanity_Tests_US104253" name="Should open Manage Handovers page" time="38.859">
      <system-out><![CDATA[
COMMAND: POST /session/ddd4ac3aad1fb7ec919da6d4489b57c7/execute/async - {"script":"<script> [1562 bytes]","args":[{"selector":{"controlType":"sap.m.GenericTile","properties":{"header":"Manage Handovers"}},"wdio_ui5_key":"sapm.GenericTile{\"header\":\"Manage Handovers\"}"}]}
RESULT: {"script":"<script> [1562 bytes]","args":[{"selector":{"controlType":"sap.m.GenericTile","properties":{"header":"Manage Handovers"}},"wdio_ui5_key":"sapm.GenericTile{\"header\":\"Manage Handovers\"}"}]}
RESULT: undefined
COMMAND: POST /session/ddd4ac3aad1fb7ec919da6d4489b57c7/element - {"using":"xpath","value":"//*[@id=\"__tile130\"]"}
RESULT: {"using":"xpath","value":"//*[@id=\"__tile130\"]"}
COMMAND: POST /session/ddd4ac3aad1fb7ec919da6d4489b57c7/element/f.B55463C57E9AF0A410606F152102B326.d.7C133B2E48B59143D2ACB6775FF26AE0.e.1493/click - {}
RESULT: {}
COMMAND: GET /session/ddd4ac3aad1fb7ec919da6d4489b57c7/screenshot - {}
RESULT: {}
COMMAND: POST /session/ddd4ac3aad1fb7ec919da6d4489b57c7/elements - {"using":"xpath","value":"//span[text()='Error']"}
RESULT: {"using":"xpath","value":"//span[text()='Error']"}
RESULT: undefined
COMMAND: POST /session/ddd4ac3aad1fb7ec919da6d4489b57c7/element - {"using":"xpath","value":"//*[@id=\"__tile130\"]"}
RESULT: {"using":"xpath","value":"//*[@id=\"__tile130\"]"}
COMMAND: POST /session/ddd4ac3aad1fb7ec919da6d4489b57c7/element/f.B55463C57E9AF0A410606F152102B326.d.7C133B2E48B59143D2ACB6775FF26AE0.e.1493/click - {}
RESULT: undefined
COMMAND: POST /session/ddd4ac3aad1fb7ec919da6d4489b57c7/element - {"using":"xpath","value":"//*[@id=\"__tile130\"]"}
RESULT: {"using":"xpath","value":"//*[@id=\"__tile130\"]"}
COMMAND: POST /session/ddd4ac3aad1fb7ec919da6d4489b57c7/element/f.B55463C57E9AF0A410606F152102B326.d.7C133B2E48B59143D2ACB6775FF26AE0.e.1493/click - {}
RESULT: undefined
COMMAND: POST /session/ddd4ac3aad1fb7ec919da6d4489b57c7/execute/async - {"script":"<script> [6424 bytes]","args":[{"element-6066-11e4-a52e-4f735466cecf":"f.B55463C57E9AF0A410606F152102B326.d.7C133B2E48B59143D2ACB6775FF26AE0.e.218"},"getTitle",[]]}
COMMAND: POST /session/ddd4ac3aad1fb7ec919da6d4489b57c7/execute/async - {"script":"<script> [1562 bytes]","args":[{"selector":{"id":"shellAppTitle"},"wdio_ui5_key":"shellAppTitle"}]}
RESULT: {"script":"<script> [1562 bytes]","args":[{"selector":{"id":"shellAppTitle"},"wdio_ui5_key":"shellAppTitle"}]}
COMMAND: POST /session/ddd4ac3aad1fb7ec919da6d4489b57c7/execute/async - {"script":"<script> [6424 bytes]","args":[{"element-6066-11e4-a52e-4f735466cecf":"f.B55463C57E9AF0A410606F152102B326.d.7C133B2E48B59143D2ACB6775FF26AE0.e.1590"},"getTitle",[]]}
RESULT: {"script":"<script> [6424 bytes]","args":[{"element-6066-11e4-a52e-4f735466cecf":"f.B55463C57E9AF0A410606F152102B326.d.7C133B2E48B59143D2ACB6775FF26AE0.e.1590"},"getTitle",[]]}
RESULT: undefined
COMMAND: POST /session/ddd4ac3aad1fb7ec919da6d4489b57c7/element/f.B55463C57E9AF0A410606F152102B326.d.7C133B2E48B59143D2ACB6775FF26AE0.e.1491/click - {}
RESULT: {}
COMMAND: GET /session/ddd4ac3aad1fb7ec919da6d4489b57c7/screenshot - {}
RESULT: {}
]]></system-out>
    </testcase>
    <testcase classname="chrome.136_0_7103_49.windows.Sanity_Tests_US104253" name="Should open Delivery Monitor page" time="37.216">
      <system-out><![CDATA[
COMMAND: POST /session/ddd4ac3aad1fb7ec919da6d4489b57c7/execute/async - {"script":"<script> [1562 bytes]","args":[{"selector":{"controlType":"sap.m.GenericTile","properties":{"header":"Delivery Monitor"}},"wdio_ui5_key":"sapm.GenericTile{\"header\":\"Delivery Monitor\"}"}]}
RESULT: {"script":"<script> [1562 bytes]","args":[{"selector":{"controlType":"sap.m.GenericTile","properties":{"header":"Delivery Monitor"}},"wdio_ui5_key":"sapm.GenericTile{\"header\":\"Delivery Monitor\"}"}]}
RESULT: undefined
COMMAND: POST /session/ddd4ac3aad1fb7ec919da6d4489b57c7/element - {"using":"xpath","value":"//*[@id=\"__tile43\"]"}
RESULT: {"using":"xpath","value":"//*[@id=\"__tile43\"]"}
COMMAND: POST /session/ddd4ac3aad1fb7ec919da6d4489b57c7/element/f.B55463C57E9AF0A410606F152102B326.d.7C133B2E48B59143D2ACB6775FF26AE0.e.1592/click - {}
RESULT: {}
COMMAND: GET /session/ddd4ac3aad1fb7ec919da6d4489b57c7/screenshot - {}
RESULT: {}
COMMAND: POST /session/ddd4ac3aad1fb7ec919da6d4489b57c7/elements - {"using":"xpath","value":"//span[text()='Error']"}
RESULT: {"using":"xpath","value":"//span[text()='Error']"}
RESULT: undefined
COMMAND: POST /session/ddd4ac3aad1fb7ec919da6d4489b57c7/element - {"using":"xpath","value":"//*[@id=\"__tile43\"]"}
RESULT: {"using":"xpath","value":"//*[@id=\"__tile43\"]"}
COMMAND: POST /session/ddd4ac3aad1fb7ec919da6d4489b57c7/element/f.B55463C57E9AF0A410606F152102B326.d.7C133B2E48B59143D2ACB6775FF26AE0.e.1592/click - {}
RESULT: undefined
COMMAND: POST /session/ddd4ac3aad1fb7ec919da6d4489b57c7/element - {"using":"xpath","value":"//*[@id=\"__tile43\"]"}
RESULT: {"using":"xpath","value":"//*[@id=\"__tile43\"]"}
COMMAND: POST /session/ddd4ac3aad1fb7ec919da6d4489b57c7/element/f.B55463C57E9AF0A410606F152102B326.d.7C133B2E48B59143D2ACB6775FF26AE0.e.1592/click - {}
RESULT: undefined
COMMAND: POST /session/ddd4ac3aad1fb7ec919da6d4489b57c7/execute/async - {"script":"<script> [6424 bytes]","args":[{"element-6066-11e4-a52e-4f735466cecf":"f.B55463C57E9AF0A410606F152102B326.d.7C133B2E48B59143D2ACB6775FF26AE0.e.218"},"getTitle",[]]}
COMMAND: POST /session/ddd4ac3aad1fb7ec919da6d4489b57c7/execute/async - {"script":"<script> [1562 bytes]","args":[{"selector":{"id":"shellAppTitle"},"wdio_ui5_key":"shellAppTitle"}]}
RESULT: {"script":"<script> [1562 bytes]","args":[{"selector":{"id":"shellAppTitle"},"wdio_ui5_key":"shellAppTitle"}]}
COMMAND: POST /session/ddd4ac3aad1fb7ec919da6d4489b57c7/execute/async - {"script":"<script> [6424 bytes]","args":[{"element-6066-11e4-a52e-4f735466cecf":"f.B55463C57E9AF0A410606F152102B326.d.7C133B2E48B59143D2ACB6775FF26AE0.e.1707"},"getTitle",[]]}
RESULT: {"script":"<script> [6424 bytes]","args":[{"element-6066-11e4-a52e-4f735466cecf":"f.B55463C57E9AF0A410606F152102B326.d.7C133B2E48B59143D2ACB6775FF26AE0.e.1707"},"getTitle",[]]}
RESULT: undefined
COMMAND: POST /session/ddd4ac3aad1fb7ec919da6d4489b57c7/element/f.B55463C57E9AF0A410606F152102B326.d.7C133B2E48B59143D2ACB6775FF26AE0.e.1491/click - {}
COMMAND: POST /session/ddd4ac3aad1fb7ec919da6d4489b57c7/element - {"using":"xpath","value":"//*[@id=\"backBtn\"]"}
RESULT: {"using":"xpath","value":"//*[@id=\"backBtn\"]"}
COMMAND: POST /session/ddd4ac3aad1fb7ec919da6d4489b57c7/element/f.B55463C57E9AF0A410606F152102B326.d.7C133B2E48B59143D2ACB6775FF26AE0.e.1491/click - {}
COMMAND: POST /session/ddd4ac3aad1fb7ec919da6d4489b57c7/element - {"using":"xpath","value":"//*[@id=\"backBtn\"]"}
RESULT: {"using":"xpath","value":"//*[@id=\"backBtn\"]"}
COMMAND: POST /session/ddd4ac3aad1fb7ec919da6d4489b57c7/element/f.B55463C57E9AF0A410606F152102B326.d.7C133B2E48B59143D2ACB6775FF26AE0.e.1708/click - {}
RESULT: {}
COMMAND: GET /session/ddd4ac3aad1fb7ec919da6d4489b57c7/screenshot - {}
RESULT: {}
]]></system-out>
    </testcase>
    <testcase classname="chrome.136_0_7103_49.windows.Sanity_Tests_US104253" name="Should open Manage Calendar Exceptions page" time="36.897">
      <system-out><![CDATA[
COMMAND: POST /session/ddd4ac3aad1fb7ec919da6d4489b57c7/execute/async - {"script":"<script> [1562 bytes]","args":[{"selector":{"controlType":"sap.m.GenericTile","properties":{"header":"Manage Calendar Exceptions"}},"wdio_ui5_key":"sapm.GenericTile{\"header\":\"Manage Calendar Exceptions\"}"}]}
RESULT: {"script":"<script> [1562 bytes]","args":[{"selector":{"controlType":"sap.m.GenericTile","properties":{"header":"Manage Calendar Exceptions"}},"wdio_ui5_key":"sapm.GenericTile{\"header\":\"Manage Calendar Exceptions\"}"}]}
RESULT: undefined
COMMAND: POST /session/ddd4ac3aad1fb7ec919da6d4489b57c7/element - {"using":"xpath","value":"//*[@id=\"__tile52\"]"}
RESULT: {"using":"xpath","value":"//*[@id=\"__tile52\"]"}
COMMAND: POST /session/ddd4ac3aad1fb7ec919da6d4489b57c7/element/f.B55463C57E9AF0A410606F152102B326.d.7C133B2E48B59143D2ACB6775FF26AE0.e.1710/click - {}
RESULT: {}
COMMAND: GET /session/ddd4ac3aad1fb7ec919da6d4489b57c7/screenshot - {}
RESULT: {}
COMMAND: POST /session/ddd4ac3aad1fb7ec919da6d4489b57c7/elements - {"using":"xpath","value":"//span[text()='Error']"}
RESULT: {"using":"xpath","value":"//span[text()='Error']"}
RESULT: undefined
COMMAND: POST /session/ddd4ac3aad1fb7ec919da6d4489b57c7/element - {"using":"xpath","value":"//*[@id=\"__tile52\"]"}
RESULT: {"using":"xpath","value":"//*[@id=\"__tile52\"]"}
COMMAND: POST /session/ddd4ac3aad1fb7ec919da6d4489b57c7/element/f.B55463C57E9AF0A410606F152102B326.d.7C133B2E48B59143D2ACB6775FF26AE0.e.1710/click - {}
RESULT: undefined
COMMAND: POST /session/ddd4ac3aad1fb7ec919da6d4489b57c7/element - {"using":"xpath","value":"//*[@id=\"__tile52\"]"}
RESULT: {"using":"xpath","value":"//*[@id=\"__tile52\"]"}
COMMAND: POST /session/ddd4ac3aad1fb7ec919da6d4489b57c7/element/f.B55463C57E9AF0A410606F152102B326.d.7C133B2E48B59143D2ACB6775FF26AE0.e.1710/click - {}
RESULT: undefined
COMMAND: POST /session/ddd4ac3aad1fb7ec919da6d4489b57c7/execute/async - {"script":"<script> [6424 bytes]","args":[{"element-6066-11e4-a52e-4f735466cecf":"f.B55463C57E9AF0A410606F152102B326.d.7C133B2E48B59143D2ACB6775FF26AE0.e.218"},"getTitle",[]]}
COMMAND: POST /session/ddd4ac3aad1fb7ec919da6d4489b57c7/execute/async - {"script":"<script> [1562 bytes]","args":[{"selector":{"id":"shellAppTitle"},"wdio_ui5_key":"shellAppTitle"}]}
RESULT: {"script":"<script> [1562 bytes]","args":[{"selector":{"id":"shellAppTitle"},"wdio_ui5_key":"shellAppTitle"}]}
COMMAND: POST /session/ddd4ac3aad1fb7ec919da6d4489b57c7/execute/async - {"script":"<script> [6424 bytes]","args":[{"element-6066-11e4-a52e-4f735466cecf":"f.B55463C57E9AF0A410606F152102B326.d.7C133B2E48B59143D2ACB6775FF26AE0.e.1764"},"getTitle",[]]}
RESULT: {"script":"<script> [6424 bytes]","args":[{"element-6066-11e4-a52e-4f735466cecf":"f.B55463C57E9AF0A410606F152102B326.d.7C133B2E48B59143D2ACB6775FF26AE0.e.1764"},"getTitle",[]]}
RESULT: undefined
COMMAND: POST /session/ddd4ac3aad1fb7ec919da6d4489b57c7/element/f.B55463C57E9AF0A410606F152102B326.d.7C133B2E48B59143D2ACB6775FF26AE0.e.1708/click - {}
RESULT: {}
COMMAND: GET /session/ddd4ac3aad1fb7ec919da6d4489b57c7/screenshot - {}
RESULT: {}
]]></system-out>
    </testcase>
    <testcase classname="chrome.136_0_7103_49.windows.Sanity_Tests_US104253" name="Should open Manage States Performance page" time="36.975">
      <system-out><![CDATA[
COMMAND: POST /session/ddd4ac3aad1fb7ec919da6d4489b57c7/execute/async - {"script":"<script> [1562 bytes]","args":[{"selector":{"controlType":"sap.m.GenericTile","properties":{"header":"Manage States & Performance"}},"wdio_ui5_key":"sapm.GenericTile{\"header\":\"Manage States & Performance\"}"}]}
RESULT: {"script":"<script> [1562 bytes]","args":[{"selector":{"controlType":"sap.m.GenericTile","properties":{"header":"Manage States & Performance"}},"wdio_ui5_key":"sapm.GenericTile{\"header\":\"Manage States & Performance\"}"}]}
RESULT: undefined
COMMAND: POST /session/ddd4ac3aad1fb7ec919da6d4489b57c7/element - {"using":"xpath","value":"//*[@id=\"__tile56\"]"}
RESULT: {"using":"xpath","value":"//*[@id=\"__tile56\"]"}
COMMAND: POST /session/ddd4ac3aad1fb7ec919da6d4489b57c7/element/f.B55463C57E9AF0A410606F152102B326.d.7C133B2E48B59143D2ACB6775FF26AE0.e.1768/click - {}
RESULT: {}
COMMAND: GET /session/ddd4ac3aad1fb7ec919da6d4489b57c7/screenshot - {}
RESULT: {}
COMMAND: POST /session/ddd4ac3aad1fb7ec919da6d4489b57c7/elements - {"using":"xpath","value":"//span[text()='Error']"}
RESULT: {"using":"xpath","value":"//span[text()='Error']"}
RESULT: undefined
COMMAND: POST /session/ddd4ac3aad1fb7ec919da6d4489b57c7/element - {"using":"xpath","value":"//*[@id=\"__tile56\"]"}
RESULT: {"using":"xpath","value":"//*[@id=\"__tile56\"]"}
COMMAND: POST /session/ddd4ac3aad1fb7ec919da6d4489b57c7/element/f.B55463C57E9AF0A410606F152102B326.d.7C133B2E48B59143D2ACB6775FF26AE0.e.1768/click - {}
RESULT: undefined
COMMAND: POST /session/ddd4ac3aad1fb7ec919da6d4489b57c7/element - {"using":"xpath","value":"//*[@id=\"__tile56\"]"}
RESULT: {"using":"xpath","value":"//*[@id=\"__tile56\"]"}
COMMAND: POST /session/ddd4ac3aad1fb7ec919da6d4489b57c7/element/f.B55463C57E9AF0A410606F152102B326.d.7C133B2E48B59143D2ACB6775FF26AE0.e.1768/click - {}
RESULT: undefined
COMMAND: POST /session/ddd4ac3aad1fb7ec919da6d4489b57c7/execute/async - {"script":"<script> [6424 bytes]","args":[{"element-6066-11e4-a52e-4f735466cecf":"f.B55463C57E9AF0A410606F152102B326.d.7C133B2E48B59143D2ACB6775FF26AE0.e.218"},"getTitle",[]]}
COMMAND: POST /session/ddd4ac3aad1fb7ec919da6d4489b57c7/execute/async - {"script":"<script> [1562 bytes]","args":[{"selector":{"id":"shellAppTitle"},"wdio_ui5_key":"shellAppTitle"}]}
RESULT: {"script":"<script> [1562 bytes]","args":[{"selector":{"id":"shellAppTitle"},"wdio_ui5_key":"shellAppTitle"}]}
COMMAND: POST /session/ddd4ac3aad1fb7ec919da6d4489b57c7/execute/async - {"script":"<script> [6424 bytes]","args":[{"element-6066-11e4-a52e-4f735466cecf":"f.B55463C57E9AF0A410606F152102B326.d.7C133B2E48B59143D2ACB6775FF26AE0.e.1860"},"getTitle",[]]}
RESULT: {"script":"<script> [6424 bytes]","args":[{"element-6066-11e4-a52e-4f735466cecf":"f.B55463C57E9AF0A410606F152102B326.d.7C133B2E48B59143D2ACB6775FF26AE0.e.1860"},"getTitle",[]]}
RESULT: undefined
COMMAND: POST /session/ddd4ac3aad1fb7ec919da6d4489b57c7/element/f.B55463C57E9AF0A410606F152102B326.d.7C133B2E48B59143D2ACB6775FF26AE0.e.1708/click - {}
COMMAND: POST /session/ddd4ac3aad1fb7ec919da6d4489b57c7/element - {"using":"xpath","value":"//*[@id=\"backBtn\"]"}
RESULT: {"using":"xpath","value":"//*[@id=\"backBtn\"]"}
COMMAND: POST /session/ddd4ac3aad1fb7ec919da6d4489b57c7/element/f.B55463C57E9AF0A410606F152102B326.d.7C133B2E48B59143D2ACB6775FF26AE0.e.1708/click - {}
COMMAND: POST /session/ddd4ac3aad1fb7ec919da6d4489b57c7/element - {"using":"xpath","value":"//*[@id=\"backBtn\"]"}
RESULT: {"using":"xpath","value":"//*[@id=\"backBtn\"]"}
COMMAND: POST /session/ddd4ac3aad1fb7ec919da6d4489b57c7/element/f.B55463C57E9AF0A410606F152102B326.d.7C133B2E48B59143D2ACB6775FF26AE0.e.1861/click - {}
RESULT: {}
COMMAND: GET /session/ddd4ac3aad1fb7ec919da6d4489b57c7/screenshot - {}
RESULT: {}
]]></system-out>
    </testcase>
    <testcase classname="chrome.136_0_7103_49.windows.Sanity_Tests_US104253" name="Should open Manage Billings page" time="43.867">
      <system-out><![CDATA[
COMMAND: POST /session/ddd4ac3aad1fb7ec919da6d4489b57c7/execute/async - {"script":"<script> [1562 bytes]","args":[{"selector":{"controlType":"sap.m.GenericTile","properties":{"header":"Manage Billings"}},"wdio_ui5_key":"sapm.GenericTile{\"header\":\"Manage Billings\"}"}]}
RESULT: {"script":"<script> [1562 bytes]","args":[{"selector":{"controlType":"sap.m.GenericTile","properties":{"header":"Manage Billings"}},"wdio_ui5_key":"sapm.GenericTile{\"header\":\"Manage Billings\"}"}]}
RESULT: undefined
COMMAND: POST /session/ddd4ac3aad1fb7ec919da6d4489b57c7/element - {"using":"xpath","value":"//*[@id=\"__tile51\"]"}
RESULT: {"using":"xpath","value":"//*[@id=\"__tile51\"]"}
COMMAND: POST /session/ddd4ac3aad1fb7ec919da6d4489b57c7/element/f.B55463C57E9AF0A410606F152102B326.d.7C133B2E48B59143D2ACB6775FF26AE0.e.1863/click - {}
RESULT: {}
COMMAND: GET /session/ddd4ac3aad1fb7ec919da6d4489b57c7/screenshot - {}
RESULT: {}
COMMAND: POST /session/ddd4ac3aad1fb7ec919da6d4489b57c7/elements - {"using":"xpath","value":"//span[text()='Error']"}
RESULT: {"using":"xpath","value":"//span[text()='Error']"}
RESULT: undefined
COMMAND: POST /session/ddd4ac3aad1fb7ec919da6d4489b57c7/element - {"using":"xpath","value":"//*[@id=\"__tile51\"]"}
RESULT: {"using":"xpath","value":"//*[@id=\"__tile51\"]"}
COMMAND: POST /session/ddd4ac3aad1fb7ec919da6d4489b57c7/element/f.B55463C57E9AF0A410606F152102B326.d.7C133B2E48B59143D2ACB6775FF26AE0.e.1863/click - {}
RESULT: undefined
COMMAND: POST /session/ddd4ac3aad1fb7ec919da6d4489b57c7/element - {"using":"xpath","value":"//*[@id=\"__tile51\"]"}
RESULT: {"using":"xpath","value":"//*[@id=\"__tile51\"]"}
COMMAND: POST /session/ddd4ac3aad1fb7ec919da6d4489b57c7/element/f.B55463C57E9AF0A410606F152102B326.d.7C133B2E48B59143D2ACB6775FF26AE0.e.1863/click - {}
RESULT: undefined
COMMAND: POST /session/ddd4ac3aad1fb7ec919da6d4489b57c7/execute/async - {"script":"<script> [6424 bytes]","args":[{"element-6066-11e4-a52e-4f735466cecf":"f.B55463C57E9AF0A410606F152102B326.d.7C133B2E48B59143D2ACB6775FF26AE0.e.218"},"getTitle",[]]}
COMMAND: POST /session/ddd4ac3aad1fb7ec919da6d4489b57c7/execute/async - {"script":"<script> [1562 bytes]","args":[{"selector":{"id":"shellAppTitle"},"wdio_ui5_key":"shellAppTitle"}]}
RESULT: {"script":"<script> [1562 bytes]","args":[{"selector":{"id":"shellAppTitle"},"wdio_ui5_key":"shellAppTitle"}]}
COMMAND: POST /session/ddd4ac3aad1fb7ec919da6d4489b57c7/execute/async - {"script":"<script> [6424 bytes]","args":[{"element-6066-11e4-a52e-4f735466cecf":"f.B55463C57E9AF0A410606F152102B326.d.7C133B2E48B59143D2ACB6775FF26AE0.e.2004"},"getTitle",[]]}
RESULT: {"script":"<script> [6424 bytes]","args":[{"element-6066-11e4-a52e-4f735466cecf":"f.B55463C57E9AF0A410606F152102B326.d.7C133B2E48B59143D2ACB6775FF26AE0.e.2004"},"getTitle",[]]}
RESULT: undefined
COMMAND: POST /session/ddd4ac3aad1fb7ec919da6d4489b57c7/element/f.B55463C57E9AF0A410606F152102B326.d.7C133B2E48B59143D2ACB6775FF26AE0.e.1861/click - {}
COMMAND: POST /session/ddd4ac3aad1fb7ec919da6d4489b57c7/element/f.B55463C57E9AF0A410606F152102B326.d.7C133B2E48B59143D2ACB6775FF26AE0.e.1861/click - {}
RESULT: {}
COMMAND: GET /session/ddd4ac3aad1fb7ec919da6d4489b57c7/screenshot - {}
COMMAND: POST /session/ddd4ac3aad1fb7ec919da6d4489b57c7/element - {"using":"xpath","value":"//*[@id=\"backBtn\"]"}
RESULT: {}
RESULT: {"using":"xpath","value":"//*[@id=\"backBtn\"]"}
COMMAND: POST /session/ddd4ac3aad1fb7ec919da6d4489b57c7/elements - {"using":"xpath","value":"//*[@id=\"backBtn\"]"}
RESULT: {"using":"xpath","value":"//*[@id=\"backBtn\"]"}
COMMAND: POST /session/ddd4ac3aad1fb7ec919da6d4489b57c7/elements - {"using":"xpath","value":"//*[@id=\"backBtn\"]"}
RESULT: {"using":"xpath","value":"//*[@id=\"backBtn\"]"}
COMMAND: POST /session/ddd4ac3aad1fb7ec919da6d4489b57c7/elements - {"using":"xpath","value":"//*[@id=\"backBtn\"]"}
RESULT: {"using":"xpath","value":"//*[@id=\"backBtn\"]"}
COMMAND: POST /session/ddd4ac3aad1fb7ec919da6d4489b57c7/elements - {"using":"xpath","value":"//*[@id=\"backBtn\"]"}
RESULT: {"using":"xpath","value":"//*[@id=\"backBtn\"]"}
COMMAND: POST /session/ddd4ac3aad1fb7ec919da6d4489b57c7/elements - {"using":"xpath","value":"//*[@id=\"backBtn\"]"}
RESULT: {"using":"xpath","value":"//*[@id=\"backBtn\"]"}
COMMAND: POST /session/ddd4ac3aad1fb7ec919da6d4489b57c7/elements - {"using":"xpath","value":"//*[@id=\"backBtn\"]"}
RESULT: {"using":"xpath","value":"//*[@id=\"backBtn\"]"}
COMMAND: POST /session/ddd4ac3aad1fb7ec919da6d4489b57c7/elements - {"using":"xpath","value":"//*[@id=\"backBtn\"]"}
RESULT: {"using":"xpath","value":"//*[@id=\"backBtn\"]"}
COMMAND: POST /session/ddd4ac3aad1fb7ec919da6d4489b57c7/elements - {"using":"xpath","value":"//*[@id=\"backBtn\"]"}
RESULT: {"using":"xpath","value":"//*[@id=\"backBtn\"]"}
COMMAND: POST /session/ddd4ac3aad1fb7ec919da6d4489b57c7/elements - {"using":"xpath","value":"//*[@id=\"backBtn\"]"}
RESULT: {"using":"xpath","value":"//*[@id=\"backBtn\"]"}
COMMAND: POST /session/ddd4ac3aad1fb7ec919da6d4489b57c7/elements - {"using":"xpath","value":"//*[@id=\"backBtn\"]"}
RESULT: {"using":"xpath","value":"//*[@id=\"backBtn\"]"}
COMMAND: POST /session/ddd4ac3aad1fb7ec919da6d4489b57c7/elements - {"using":"xpath","value":"//*[@id=\"backBtn\"]"}
RESULT: {"using":"xpath","value":"//*[@id=\"backBtn\"]"}
COMMAND: POST /session/ddd4ac3aad1fb7ec919da6d4489b57c7/elements - {"using":"xpath","value":"//*[@id=\"backBtn\"]"}
RESULT: {"using":"xpath","value":"//*[@id=\"backBtn\"]"}
COMMAND: POST /session/ddd4ac3aad1fb7ec919da6d4489b57c7/elements - {"using":"xpath","value":"//*[@id=\"backBtn\"]"}
RESULT: {"using":"xpath","value":"//*[@id=\"backBtn\"]"}
COMMAND: POST /session/ddd4ac3aad1fb7ec919da6d4489b57c7/elements - {"using":"xpath","value":"//*[@id=\"backBtn\"]"}
RESULT: {"using":"xpath","value":"//*[@id=\"backBtn\"]"}
COMMAND: POST /session/ddd4ac3aad1fb7ec919da6d4489b57c7/elements - {"using":"xpath","value":"//*[@id=\"backBtn\"]"}
RESULT: {"using":"xpath","value":"//*[@id=\"backBtn\"]"}
COMMAND: POST /session/ddd4ac3aad1fb7ec919da6d4489b57c7/elements - {"using":"xpath","value":"//*[@id=\"backBtn\"]"}
RESULT: {"using":"xpath","value":"//*[@id=\"backBtn\"]"}
]]></system-out>
    </testcase>
    <testcase classname="chrome.136_0_7103_49.windows.Sanity_Tests_US104253" name="Should open Manage Conditions Prices page" time="43.463">
      <system-out><![CDATA[
COMMAND: POST /session/ddd4ac3aad1fb7ec919da6d4489b57c7/execute/async - {"script":"<script> [1562 bytes]","args":[{"selector":{"controlType":"sap.m.GenericTile","properties":{"header":"Manage Conditions & Prices"}},"wdio_ui5_key":"sapm.GenericTile{\"header\":\"Manage Conditions & Prices\"}"}]}
COMMAND: POST /session/ddd4ac3aad1fb7ec919da6d4489b57c7/elements - {"using":"xpath","value":"//*[@id=\"backBtn\"]"}
RESULT: {"script":"<script> [1562 bytes]","args":[{"selector":{"controlType":"sap.m.GenericTile","properties":{"header":"Manage Conditions & Prices"}},"wdio_ui5_key":"sapm.GenericTile{\"header\":\"Manage Conditions & Prices\"}"}]}
RESULT: undefined
COMMAND: POST /session/ddd4ac3aad1fb7ec919da6d4489b57c7/element - {"using":"xpath","value":"//*[@id=\"__tile53\"]"}
RESULT: {"using":"xpath","value":"//*[@id=\"backBtn\"]"}
RESULT: {"using":"xpath","value":"//*[@id=\"__tile53\"]"}
COMMAND: POST /session/ddd4ac3aad1fb7ec919da6d4489b57c7/element/f.B55463C57E9AF0A410606F152102B326.d.7C133B2E48B59143D2ACB6775FF26AE0.e.2006/click - {}
COMMAND: POST /session/ddd4ac3aad1fb7ec919da6d4489b57c7/elements - {"using":"xpath","value":"//*[@id=\"backBtn\"]"}
RESULT: {}
COMMAND: GET /session/ddd4ac3aad1fb7ec919da6d4489b57c7/screenshot - {}
RESULT: {"using":"xpath","value":"//*[@id=\"backBtn\"]"}
RESULT: {}
COMMAND: POST /session/ddd4ac3aad1fb7ec919da6d4489b57c7/elements - {"using":"xpath","value":"//*[@id=\"backBtn\"]"}
RESULT: {"using":"xpath","value":"//*[@id=\"backBtn\"]"}
COMMAND: POST /session/ddd4ac3aad1fb7ec919da6d4489b57c7/elements - {"using":"xpath","value":"//*[@id=\"backBtn\"]"}
RESULT: {"using":"xpath","value":"//*[@id=\"backBtn\"]"}
COMMAND: POST /session/ddd4ac3aad1fb7ec919da6d4489b57c7/elements - {"using":"xpath","value":"//*[@id=\"backBtn\"]"}
RESULT: {"using":"xpath","value":"//*[@id=\"backBtn\"]"}
COMMAND: POST /session/ddd4ac3aad1fb7ec919da6d4489b57c7/elements - {"using":"xpath","value":"//*[@id=\"backBtn\"]"}
COMMAND: POST /session/ddd4ac3aad1fb7ec919da6d4489b57c7/elements - {"using":"xpath","value":"//span[text()='Error']"}
RESULT: {"using":"xpath","value":"//*[@id=\"backBtn\"]"}
COMMAND: POST /session/ddd4ac3aad1fb7ec919da6d4489b57c7/element - {"using":"xpath","value":"//*[@id=\"backBtn\"]"}
RESULT: {"using":"xpath","value":"//span[text()='Error']"}
RESULT: {"using":"xpath","value":"//*[@id=\"backBtn\"]"}
COMMAND: POST /session/ddd4ac3aad1fb7ec919da6d4489b57c7/element/f.B55463C57E9AF0A410606F152102B326.d.7C133B2E48B59143D2ACB6775FF26AE0.e.1861/click - {}
COMMAND: POST /session/ddd4ac3aad1fb7ec919da6d4489b57c7/element - {"using":"xpath","value":"//*[@id=\"backBtn\"]"}
RESULT: {"using":"xpath","value":"//*[@id=\"backBtn\"]"}
COMMAND: POST /session/ddd4ac3aad1fb7ec919da6d4489b57c7/element/f.B55463C57E9AF0A410606F152102B326.d.7C133B2E48B59143D2ACB6775FF26AE0.e.2036/click - {}
RESULT: {}
COMMAND: GET /session/ddd4ac3aad1fb7ec919da6d4489b57c7/screenshot - {}
RESULT: {}
RESULT: undefined
COMMAND: POST /session/ddd4ac3aad1fb7ec919da6d4489b57c7/element - {"using":"xpath","value":"//*[@id=\"__tile53\"]"}
RESULT: {"using":"xpath","value":"//*[@id=\"__tile53\"]"}
COMMAND: POST /session/ddd4ac3aad1fb7ec919da6d4489b57c7/element/f.B55463C57E9AF0A410606F152102B326.d.7C133B2E48B59143D2ACB6775FF26AE0.e.2006/click - {}
RESULT: {}
RESULT: undefined
COMMAND: POST /session/ddd4ac3aad1fb7ec919da6d4489b57c7/element - {"using":"xpath","value":"//*[@id=\"__tile53\"]"}
COMMAND: GET /session/ddd4ac3aad1fb7ec919da6d4489b57c7/screenshot - {}
RESULT: {"using":"xpath","value":"//*[@id=\"__tile53\"]"}
COMMAND: POST /session/ddd4ac3aad1fb7ec919da6d4489b57c7/element/f.B55463C57E9AF0A410606F152102B326.d.7C133B2E48B59143D2ACB6775FF26AE0.e.2006/click - {}
RESULT: {}
RESULT: undefined
COMMAND: POST /session/ddd4ac3aad1fb7ec919da6d4489b57c7/execute/async - {"script":"<script> [6424 bytes]","args":[{"element-6066-11e4-a52e-4f735466cecf":"f.B55463C57E9AF0A410606F152102B326.d.7C133B2E48B59143D2ACB6775FF26AE0.e.218"},"getTitle",[]]}
COMMAND: POST /session/ddd4ac3aad1fb7ec919da6d4489b57c7/execute/async - {"script":"<script> [1562 bytes]","args":[{"selector":{"id":"shellAppTitle"},"wdio_ui5_key":"shellAppTitle"}]}
RESULT: {"script":"<script> [1562 bytes]","args":[{"selector":{"id":"shellAppTitle"},"wdio_ui5_key":"shellAppTitle"}]}
COMMAND: POST /session/ddd4ac3aad1fb7ec919da6d4489b57c7/execute/async - {"script":"<script> [6424 bytes]","args":[{"element-6066-11e4-a52e-4f735466cecf":"f.B55463C57E9AF0A410606F152102B326.d.7C133B2E48B59143D2ACB6775FF26AE0.e.2140"},"getTitle",[]]}
RESULT: {"script":"<script> [6424 bytes]","args":[{"element-6066-11e4-a52e-4f735466cecf":"f.B55463C57E9AF0A410606F152102B326.d.7C133B2E48B59143D2ACB6775FF26AE0.e.2140"},"getTitle",[]]}
RESULT: undefined
COMMAND: POST /session/ddd4ac3aad1fb7ec919da6d4489b57c7/element/f.B55463C57E9AF0A410606F152102B326.d.7C133B2E48B59143D2ACB6775FF26AE0.e.2036/click - {}
RESULT: {}
COMMAND: GET /session/ddd4ac3aad1fb7ec919da6d4489b57c7/screenshot - {}
RESULT: {}
]]></system-out>
    </testcase>
    <testcase classname="chrome.136_0_7103_49.windows.Sanity_Tests_US104253" name="Should open Billing Transfer page" time="35.943">
      <system-out><![CDATA[
COMMAND: POST /session/ddd4ac3aad1fb7ec919da6d4489b57c7/execute/async - {"script":"<script> [1562 bytes]","args":[{"selector":{"controlType":"sap.m.GenericTile","properties":{"header":"Billing Transfer"}},"wdio_ui5_key":"sapm.GenericTile{\"header\":\"Billing Transfer\"}"}]}
RESULT: {"script":"<script> [1562 bytes]","args":[{"selector":{"controlType":"sap.m.GenericTile","properties":{"header":"Billing Transfer"}},"wdio_ui5_key":"sapm.GenericTile{\"header\":\"Billing Transfer\"}"}]}
RESULT: undefined
COMMAND: POST /session/ddd4ac3aad1fb7ec919da6d4489b57c7/element - {"using":"xpath","value":"//*[@id=\"__tile50\"]"}
RESULT: {"using":"xpath","value":"//*[@id=\"__tile50\"]"}
COMMAND: POST /session/ddd4ac3aad1fb7ec919da6d4489b57c7/element/f.B55463C57E9AF0A410606F152102B326.d.7C133B2E48B59143D2ACB6775FF26AE0.e.2142/click - {}
RESULT: {}
COMMAND: GET /session/ddd4ac3aad1fb7ec919da6d4489b57c7/screenshot - {}
RESULT: {}
COMMAND: POST /session/ddd4ac3aad1fb7ec919da6d4489b57c7/elements - {"using":"xpath","value":"//span[text()='Error']"}
RESULT: {"using":"xpath","value":"//span[text()='Error']"}
RESULT: undefined
COMMAND: POST /session/ddd4ac3aad1fb7ec919da6d4489b57c7/element - {"using":"xpath","value":"//*[@id=\"__tile50\"]"}
RESULT: {"using":"xpath","value":"//*[@id=\"__tile50\"]"}
COMMAND: POST /session/ddd4ac3aad1fb7ec919da6d4489b57c7/element/f.B55463C57E9AF0A410606F152102B326.d.7C133B2E48B59143D2ACB6775FF26AE0.e.2142/click - {}
RESULT: undefined
COMMAND: POST /session/ddd4ac3aad1fb7ec919da6d4489b57c7/element - {"using":"xpath","value":"//*[@id=\"__tile50\"]"}
RESULT: {"using":"xpath","value":"//*[@id=\"__tile50\"]"}
COMMAND: POST /session/ddd4ac3aad1fb7ec919da6d4489b57c7/element/f.B55463C57E9AF0A410606F152102B326.d.7C133B2E48B59143D2ACB6775FF26AE0.e.2142/click - {}
RESULT: undefined
COMMAND: POST /session/ddd4ac3aad1fb7ec919da6d4489b57c7/execute/async - {"script":"<script> [6424 bytes]","args":[{"element-6066-11e4-a52e-4f735466cecf":"f.B55463C57E9AF0A410606F152102B326.d.7C133B2E48B59143D2ACB6775FF26AE0.e.218"},"getTitle",[]]}
COMMAND: POST /session/ddd4ac3aad1fb7ec919da6d4489b57c7/execute/async - {"script":"<script> [1562 bytes]","args":[{"selector":{"id":"shellAppTitle"},"wdio_ui5_key":"shellAppTitle"}]}
RESULT: {"script":"<script> [1562 bytes]","args":[{"selector":{"id":"shellAppTitle"},"wdio_ui5_key":"shellAppTitle"}]}
COMMAND: POST /session/ddd4ac3aad1fb7ec919da6d4489b57c7/execute/async - {"script":"<script> [6424 bytes]","args":[{"element-6066-11e4-a52e-4f735466cecf":"f.B55463C57E9AF0A410606F152102B326.d.7C133B2E48B59143D2ACB6775FF26AE0.e.2214"},"getTitle",[]]}
RESULT: {"script":"<script> [6424 bytes]","args":[{"element-6066-11e4-a52e-4f735466cecf":"f.B55463C57E9AF0A410606F152102B326.d.7C133B2E48B59143D2ACB6775FF26AE0.e.2214"},"getTitle",[]]}
RESULT: undefined
COMMAND: POST /session/ddd4ac3aad1fb7ec919da6d4489b57c7/element/f.B55463C57E9AF0A410606F152102B326.d.7C133B2E48B59143D2ACB6775FF26AE0.e.2036/click - {}
COMMAND: POST /session/ddd4ac3aad1fb7ec919da6d4489b57c7/element - {"using":"xpath","value":"//*[@id=\"backBtn\"]"}
RESULT: {"using":"xpath","value":"//*[@id=\"backBtn\"]"}
COMMAND: POST /session/ddd4ac3aad1fb7ec919da6d4489b57c7/element/f.B55463C57E9AF0A410606F152102B326.d.7C133B2E48B59143D2ACB6775FF26AE0.e.2036/click - {}
COMMAND: POST /session/ddd4ac3aad1fb7ec919da6d4489b57c7/element - {"using":"xpath","value":"//*[@id=\"backBtn\"]"}
RESULT: {"using":"xpath","value":"//*[@id=\"backBtn\"]"}
COMMAND: POST /session/ddd4ac3aad1fb7ec919da6d4489b57c7/element/f.B55463C57E9AF0A410606F152102B326.d.7C133B2E48B59143D2ACB6775FF26AE0.e.2215/click - {}
RESULT: {}
COMMAND: GET /session/ddd4ac3aad1fb7ec919da6d4489b57c7/screenshot - {}
RESULT: {}
]]></system-out>
    </testcase>
    <testcase classname="chrome.136_0_7103_49.windows.Sanity_Tests_US104253" name="Should open Manage Pricing Rules page" time="36.904">
      <system-out><![CDATA[
COMMAND: POST /session/ddd4ac3aad1fb7ec919da6d4489b57c7/execute/async - {"script":"<script> [1562 bytes]","args":[{"selector":{"controlType":"sap.m.GenericTile","properties":{"header":"Manage Pricing Rules"}},"wdio_ui5_key":"sapm.GenericTile{\"header\":\"Manage Pricing Rules\"}"}]}
RESULT: {"script":"<script> [1562 bytes]","args":[{"selector":{"controlType":"sap.m.GenericTile","properties":{"header":"Manage Pricing Rules"}},"wdio_ui5_key":"sapm.GenericTile{\"header\":\"Manage Pricing Rules\"}"}]}
RESULT: undefined
COMMAND: POST /session/ddd4ac3aad1fb7ec919da6d4489b57c7/element - {"using":"xpath","value":"//*[@id=\"__tile55\"]"}
RESULT: {"using":"xpath","value":"//*[@id=\"__tile55\"]"}
COMMAND: POST /session/ddd4ac3aad1fb7ec919da6d4489b57c7/element/f.B55463C57E9AF0A410606F152102B326.d.7C133B2E48B59143D2ACB6775FF26AE0.e.2217/click - {}
RESULT: {}
COMMAND: GET /session/ddd4ac3aad1fb7ec919da6d4489b57c7/screenshot - {}
RESULT: {}
COMMAND: POST /session/ddd4ac3aad1fb7ec919da6d4489b57c7/elements - {"using":"xpath","value":"//span[text()='Error']"}
RESULT: {"using":"xpath","value":"//span[text()='Error']"}
RESULT: undefined
COMMAND: POST /session/ddd4ac3aad1fb7ec919da6d4489b57c7/element - {"using":"xpath","value":"//*[@id=\"__tile55\"]"}
RESULT: {"using":"xpath","value":"//*[@id=\"__tile55\"]"}
COMMAND: POST /session/ddd4ac3aad1fb7ec919da6d4489b57c7/element/f.B55463C57E9AF0A410606F152102B326.d.7C133B2E48B59143D2ACB6775FF26AE0.e.2217/click - {}
RESULT: undefined
COMMAND: POST /session/ddd4ac3aad1fb7ec919da6d4489b57c7/element - {"using":"xpath","value":"//*[@id=\"__tile55\"]"}
RESULT: {"using":"xpath","value":"//*[@id=\"__tile55\"]"}
COMMAND: POST /session/ddd4ac3aad1fb7ec919da6d4489b57c7/element/f.B55463C57E9AF0A410606F152102B326.d.7C133B2E48B59143D2ACB6775FF26AE0.e.2217/click - {}
RESULT: undefined
COMMAND: POST /session/ddd4ac3aad1fb7ec919da6d4489b57c7/execute/async - {"script":"<script> [6424 bytes]","args":[{"element-6066-11e4-a52e-4f735466cecf":"f.B55463C57E9AF0A410606F152102B326.d.7C133B2E48B59143D2ACB6775FF26AE0.e.218"},"getTitle",[]]}
COMMAND: POST /session/ddd4ac3aad1fb7ec919da6d4489b57c7/execute/async - {"script":"<script> [1562 bytes]","args":[{"selector":{"id":"shellAppTitle"},"wdio_ui5_key":"shellAppTitle"}]}
RESULT: {"script":"<script> [1562 bytes]","args":[{"selector":{"id":"shellAppTitle"},"wdio_ui5_key":"shellAppTitle"}]}
COMMAND: POST /session/ddd4ac3aad1fb7ec919da6d4489b57c7/execute/async - {"script":"<script> [6424 bytes]","args":[{"element-6066-11e4-a52e-4f735466cecf":"f.B55463C57E9AF0A410606F152102B326.d.7C133B2E48B59143D2ACB6775FF26AE0.e.2265"},"getTitle",[]]}
RESULT: {"script":"<script> [6424 bytes]","args":[{"element-6066-11e4-a52e-4f735466cecf":"f.B55463C57E9AF0A410606F152102B326.d.7C133B2E48B59143D2ACB6775FF26AE0.e.2265"},"getTitle",[]]}
RESULT: undefined
COMMAND: POST /session/ddd4ac3aad1fb7ec919da6d4489b57c7/element/f.B55463C57E9AF0A410606F152102B326.d.7C133B2E48B59143D2ACB6775FF26AE0.e.2215/click - {}
RESULT: {}
COMMAND: GET /session/ddd4ac3aad1fb7ec919da6d4489b57c7/screenshot - {}
RESULT: {}
]]></system-out>
    </testcase>
    <testcase classname="chrome.136_0_7103_49.windows.Sanity_Tests_US104253" name="Should open Manage Price Determination Matrices page" time="38.205">
      <system-out><![CDATA[
COMMAND: POST /session/ddd4ac3aad1fb7ec919da6d4489b57c7/execute/async - {"script":"<script> [1562 bytes]","args":[{"selector":{"controlType":"sap.m.GenericTile","properties":{"header":"Manage Price Determination Matrices"}},"wdio_ui5_key":"sapm.GenericTile{\"header\":\"Manage Price Determination Matrices\"}"}]}
RESULT: {"script":"<script> [1562 bytes]","args":[{"selector":{"controlType":"sap.m.GenericTile","properties":{"header":"Manage Price Determination Matrices"}},"wdio_ui5_key":"sapm.GenericTile{\"header\":\"Manage Price Determination Matrices\"}"}]}
RESULT: undefined
COMMAND: POST /session/ddd4ac3aad1fb7ec919da6d4489b57c7/element - {"using":"xpath","value":"//*[@id=\"__tile54\"]"}
RESULT: {"using":"xpath","value":"//*[@id=\"__tile54\"]"}
COMMAND: POST /session/ddd4ac3aad1fb7ec919da6d4489b57c7/element/f.B55463C57E9AF0A410606F152102B326.d.7C133B2E48B59143D2ACB6775FF26AE0.e.2267/click - {}
RESULT: {}
COMMAND: GET /session/ddd4ac3aad1fb7ec919da6d4489b57c7/screenshot - {}
RESULT: {}
COMMAND: POST /session/ddd4ac3aad1fb7ec919da6d4489b57c7/elements - {"using":"xpath","value":"//span[text()='Error']"}
RESULT: {"using":"xpath","value":"//span[text()='Error']"}
RESULT: undefined
COMMAND: POST /session/ddd4ac3aad1fb7ec919da6d4489b57c7/element - {"using":"xpath","value":"//*[@id=\"__tile54\"]"}
RESULT: {"using":"xpath","value":"//*[@id=\"__tile54\"]"}
COMMAND: POST /session/ddd4ac3aad1fb7ec919da6d4489b57c7/element/f.B55463C57E9AF0A410606F152102B326.d.7C133B2E48B59143D2ACB6775FF26AE0.e.2267/click - {}
RESULT: undefined
COMMAND: POST /session/ddd4ac3aad1fb7ec919da6d4489b57c7/element - {"using":"xpath","value":"//*[@id=\"__tile54\"]"}
RESULT: {"using":"xpath","value":"//*[@id=\"__tile54\"]"}
COMMAND: POST /session/ddd4ac3aad1fb7ec919da6d4489b57c7/element/f.B55463C57E9AF0A410606F152102B326.d.7C133B2E48B59143D2ACB6775FF26AE0.e.2267/click - {}
RESULT: undefined
COMMAND: POST /session/ddd4ac3aad1fb7ec919da6d4489b57c7/execute/async - {"script":"<script> [6424 bytes]","args":[{"element-6066-11e4-a52e-4f735466cecf":"f.B55463C57E9AF0A410606F152102B326.d.7C133B2E48B59143D2ACB6775FF26AE0.e.218"},"getTitle",[]]}
COMMAND: POST /session/ddd4ac3aad1fb7ec919da6d4489b57c7/execute/async - {"script":"<script> [1562 bytes]","args":[{"selector":{"id":"shellAppTitle"},"wdio_ui5_key":"shellAppTitle"}]}
RESULT: {"script":"<script> [1562 bytes]","args":[{"selector":{"id":"shellAppTitle"},"wdio_ui5_key":"shellAppTitle"}]}
COMMAND: POST /session/ddd4ac3aad1fb7ec919da6d4489b57c7/execute/async - {"script":"<script> [6424 bytes]","args":[{"element-6066-11e4-a52e-4f735466cecf":"f.B55463C57E9AF0A410606F152102B326.d.7C133B2E48B59143D2ACB6775FF26AE0.e.2369"},"getTitle",[]]}
RESULT: {"script":"<script> [6424 bytes]","args":[{"element-6066-11e4-a52e-4f735466cecf":"f.B55463C57E9AF0A410606F152102B326.d.7C133B2E48B59143D2ACB6775FF26AE0.e.2369"},"getTitle",[]]}
RESULT: undefined
COMMAND: POST /session/ddd4ac3aad1fb7ec919da6d4489b57c7/element/f.B55463C57E9AF0A410606F152102B326.d.7C133B2E48B59143D2ACB6775FF26AE0.e.2215/click - {}
COMMAND: POST /session/ddd4ac3aad1fb7ec919da6d4489b57c7/element - {"using":"xpath","value":"//*[@id=\"backBtn\"]"}
RESULT: {"using":"xpath","value":"//*[@id=\"backBtn\"]"}
COMMAND: POST /session/ddd4ac3aad1fb7ec919da6d4489b57c7/element/f.B55463C57E9AF0A410606F152102B326.d.7C133B2E48B59143D2ACB6775FF26AE0.e.2215/click - {}
COMMAND: POST /session/ddd4ac3aad1fb7ec919da6d4489b57c7/element - {"using":"xpath","value":"//*[@id=\"backBtn\"]"}
RESULT: {"using":"xpath","value":"//*[@id=\"backBtn\"]"}
COMMAND: POST /session/ddd4ac3aad1fb7ec919da6d4489b57c7/element/f.B55463C57E9AF0A410606F152102B326.d.7C133B2E48B59143D2ACB6775FF26AE0.e.2370/click - {}
RESULT: {}
COMMAND: GET /session/ddd4ac3aad1fb7ec919da6d4489b57c7/screenshot - {}
RESULT: {}
]]></system-out>
    </testcase>
    <testcase classname="chrome.136_0_7103_49.windows.Sanity_Tests_US104253" name="Should open Yard Overview page" time="37.743">
      <system-out><![CDATA[
COMMAND: POST /session/ddd4ac3aad1fb7ec919da6d4489b57c7/execute/async - {"script":"<script> [1562 bytes]","args":[{"selector":{"controlType":"sap.m.GenericTile","properties":{"header":"Yard Overview"}},"wdio_ui5_key":"sapm.GenericTile{\"header\":\"Yard Overview\"}"}]}
RESULT: {"script":"<script> [1562 bytes]","args":[{"selector":{"controlType":"sap.m.GenericTile","properties":{"header":"Yard Overview"}},"wdio_ui5_key":"sapm.GenericTile{\"header\":\"Yard Overview\"}"}]}
RESULT: undefined
COMMAND: POST /session/ddd4ac3aad1fb7ec919da6d4489b57c7/element - {"using":"xpath","value":"//*[@id=\"__tile102\"]"}
RESULT: {"using":"xpath","value":"//*[@id=\"__tile102\"]"}
COMMAND: POST /session/ddd4ac3aad1fb7ec919da6d4489b57c7/element/f.B55463C57E9AF0A410606F152102B326.d.7C133B2E48B59143D2ACB6775FF26AE0.e.2372/click - {}
RESULT: {}
COMMAND: GET /session/ddd4ac3aad1fb7ec919da6d4489b57c7/screenshot - {}
RESULT: {}
COMMAND: POST /session/ddd4ac3aad1fb7ec919da6d4489b57c7/elements - {"using":"xpath","value":"//span[text()='Error']"}
RESULT: {"using":"xpath","value":"//span[text()='Error']"}
RESULT: undefined
COMMAND: POST /session/ddd4ac3aad1fb7ec919da6d4489b57c7/element - {"using":"xpath","value":"//*[@id=\"__tile102\"]"}
RESULT: {"using":"xpath","value":"//*[@id=\"__tile102\"]"}
COMMAND: POST /session/ddd4ac3aad1fb7ec919da6d4489b57c7/element/f.B55463C57E9AF0A410606F152102B326.d.7C133B2E48B59143D2ACB6775FF26AE0.e.2372/click - {}
RESULT: undefined
COMMAND: POST /session/ddd4ac3aad1fb7ec919da6d4489b57c7/element - {"using":"xpath","value":"//*[@id=\"__tile102\"]"}
RESULT: {"using":"xpath","value":"//*[@id=\"__tile102\"]"}
COMMAND: POST /session/ddd4ac3aad1fb7ec919da6d4489b57c7/element/f.B55463C57E9AF0A410606F152102B326.d.7C133B2E48B59143D2ACB6775FF26AE0.e.2372/click - {}
RESULT: undefined
COMMAND: POST /session/ddd4ac3aad1fb7ec919da6d4489b57c7/execute/async - {"script":"<script> [6424 bytes]","args":[{"element-6066-11e4-a52e-4f735466cecf":"f.B55463C57E9AF0A410606F152102B326.d.7C133B2E48B59143D2ACB6775FF26AE0.e.218"},"getTitle",[]]}
COMMAND: POST /session/ddd4ac3aad1fb7ec919da6d4489b57c7/execute/async - {"script":"<script> [1562 bytes]","args":[{"selector":{"id":"shellAppTitle"},"wdio_ui5_key":"shellAppTitle"}]}
RESULT: {"script":"<script> [1562 bytes]","args":[{"selector":{"id":"shellAppTitle"},"wdio_ui5_key":"shellAppTitle"}]}
COMMAND: POST /session/ddd4ac3aad1fb7ec919da6d4489b57c7/execute/async - {"script":"<script> [6424 bytes]","args":[{"element-6066-11e4-a52e-4f735466cecf":"f.B55463C57E9AF0A410606F152102B326.d.7C133B2E48B59143D2ACB6775FF26AE0.e.2436"},"getTitle",[]]}
RESULT: {"script":"<script> [6424 bytes]","args":[{"element-6066-11e4-a52e-4f735466cecf":"f.B55463C57E9AF0A410606F152102B326.d.7C133B2E48B59143D2ACB6775FF26AE0.e.2436"},"getTitle",[]]}
RESULT: undefined
COMMAND: POST /session/ddd4ac3aad1fb7ec919da6d4489b57c7/element/f.B55463C57E9AF0A410606F152102B326.d.7C133B2E48B59143D2ACB6775FF26AE0.e.2370/click - {}
RESULT: {}
COMMAND: GET /session/ddd4ac3aad1fb7ec919da6d4489b57c7/screenshot - {}
RESULT: {}
]]></system-out>
    </testcase>
    <testcase classname="chrome.136_0_7103_49.windows.Sanity_Tests_US104253" name="Should open Site Overview page" time="49.742">
      <system-out><![CDATA[
COMMAND: POST /session/ddd4ac3aad1fb7ec919da6d4489b57c7/execute/async - {"script":"<script> [1562 bytes]","args":[{"selector":{"controlType":"sap.m.GenericTile","properties":{"header":"Site Overview"}},"wdio_ui5_key":"sapm.GenericTile{\"header\":\"Site Overview\"}"}]}
RESULT: {"script":"<script> [1562 bytes]","args":[{"selector":{"controlType":"sap.m.GenericTile","properties":{"header":"Site Overview"}},"wdio_ui5_key":"sapm.GenericTile{\"header\":\"Site Overview\"}"}]}
RESULT: undefined
COMMAND: POST /session/ddd4ac3aad1fb7ec919da6d4489b57c7/element - {"using":"xpath","value":"//*[@id=\"__tile100\"]"}
RESULT: {"using":"xpath","value":"//*[@id=\"__tile100\"]"}
COMMAND: POST /session/ddd4ac3aad1fb7ec919da6d4489b57c7/element/f.B55463C57E9AF0A410606F152102B326.d.7C133B2E48B59143D2ACB6775FF26AE0.e.2439/click - {}
RESULT: {}
COMMAND: GET /session/ddd4ac3aad1fb7ec919da6d4489b57c7/screenshot - {}
RESULT: {}
COMMAND: POST /session/ddd4ac3aad1fb7ec919da6d4489b57c7/elements - {"using":"xpath","value":"//span[text()='Error']"}
RESULT: {"using":"xpath","value":"//span[text()='Error']"}
RESULT: undefined
COMMAND: POST /session/ddd4ac3aad1fb7ec919da6d4489b57c7/element - {"using":"xpath","value":"//*[@id=\"__tile100\"]"}
RESULT: {"using":"xpath","value":"//*[@id=\"__tile100\"]"}
COMMAND: POST /session/ddd4ac3aad1fb7ec919da6d4489b57c7/element/f.B55463C57E9AF0A410606F152102B326.d.7C133B2E48B59143D2ACB6775FF26AE0.e.2439/click - {}
RESULT: undefined
COMMAND: POST /session/ddd4ac3aad1fb7ec919da6d4489b57c7/element - {"using":"xpath","value":"//*[@id=\"__tile100\"]"}
RESULT: {"using":"xpath","value":"//*[@id=\"__tile100\"]"}
COMMAND: POST /session/ddd4ac3aad1fb7ec919da6d4489b57c7/element/f.B55463C57E9AF0A410606F152102B326.d.7C133B2E48B59143D2ACB6775FF26AE0.e.2439/click - {}
RESULT: undefined
COMMAND: POST /session/ddd4ac3aad1fb7ec919da6d4489b57c7/execute/async - {"script":"<script> [6424 bytes]","args":[{"element-6066-11e4-a52e-4f735466cecf":"f.B55463C57E9AF0A410606F152102B326.d.7C133B2E48B59143D2ACB6775FF26AE0.e.218"},"getTitle",[]]}
COMMAND: POST /session/ddd4ac3aad1fb7ec919da6d4489b57c7/execute/async - {"script":"<script> [1562 bytes]","args":[{"selector":{"id":"shellAppTitle"},"wdio_ui5_key":"shellAppTitle"}]}
RESULT: {"script":"<script> [1562 bytes]","args":[{"selector":{"id":"shellAppTitle"},"wdio_ui5_key":"shellAppTitle"}]}
COMMAND: POST /session/ddd4ac3aad1fb7ec919da6d4489b57c7/execute/async - {"script":"<script> [6424 bytes]","args":[{"element-6066-11e4-a52e-4f735466cecf":"f.B55463C57E9AF0A410606F152102B326.d.7C133B2E48B59143D2ACB6775FF26AE0.e.2718"},"getTitle",[]]}
RESULT: {"script":"<script> [6424 bytes]","args":[{"element-6066-11e4-a52e-4f735466cecf":"f.B55463C57E9AF0A410606F152102B326.d.7C133B2E48B59143D2ACB6775FF26AE0.e.2718"},"getTitle",[]]}
RESULT: undefined
COMMAND: POST /session/ddd4ac3aad1fb7ec919da6d4489b57c7/element/f.B55463C57E9AF0A410606F152102B326.d.7C133B2E48B59143D2ACB6775FF26AE0.e.2370/click - {}
COMMAND: POST /session/ddd4ac3aad1fb7ec919da6d4489b57c7/element - {"using":"xpath","value":"//*[@id=\"backBtn\"]"}
RESULT: {"using":"xpath","value":"//*[@id=\"backBtn\"]"}
COMMAND: POST /session/ddd4ac3aad1fb7ec919da6d4489b57c7/element/f.B55463C57E9AF0A410606F152102B326.d.7C133B2E48B59143D2ACB6775FF26AE0.e.2370/click - {}
COMMAND: POST /session/ddd4ac3aad1fb7ec919da6d4489b57c7/element - {"using":"xpath","value":"//*[@id=\"backBtn\"]"}
RESULT: {"using":"xpath","value":"//*[@id=\"backBtn\"]"}
COMMAND: POST /session/ddd4ac3aad1fb7ec919da6d4489b57c7/element/f.B55463C57E9AF0A410606F152102B326.d.7C133B2E48B59143D2ACB6775FF26AE0.e.2719/click - {}
RESULT: {}
COMMAND: GET /session/ddd4ac3aad1fb7ec919da6d4489b57c7/screenshot - {}
RESULT: {}
]]></system-out>
    </testcase>
    <testcase classname="chrome.136_0_7103_49.windows.Sanity_Tests_US104253" name="Should open Trace Track Resources page" time="37.522">
      <system-out><![CDATA[
COMMAND: POST /session/ddd4ac3aad1fb7ec919da6d4489b57c7/execute/async - {"script":"<script> [1562 bytes]","args":[{"selector":{"controlType":"sap.m.GenericTile","properties":{"header":"Trace & Track Resources"}},"wdio_ui5_key":"sapm.GenericTile{\"header\":\"Trace & Track Resources\"}"}]}
RESULT: {"script":"<script> [1562 bytes]","args":[{"selector":{"controlType":"sap.m.GenericTile","properties":{"header":"Trace & Track Resources"}},"wdio_ui5_key":"sapm.GenericTile{\"header\":\"Trace & Track Resources\"}"}]}
RESULT: undefined
COMMAND: POST /session/ddd4ac3aad1fb7ec919da6d4489b57c7/element - {"using":"xpath","value":"//*[@id=\"__tile101\"]"}
RESULT: {"using":"xpath","value":"//*[@id=\"__tile101\"]"}
COMMAND: POST /session/ddd4ac3aad1fb7ec919da6d4489b57c7/element/f.B55463C57E9AF0A410606F152102B326.d.7C133B2E48B59143D2ACB6775FF26AE0.e.2721/click - {}
RESULT: {}
COMMAND: GET /session/ddd4ac3aad1fb7ec919da6d4489b57c7/screenshot - {}
RESULT: {}
COMMAND: POST /session/ddd4ac3aad1fb7ec919da6d4489b57c7/elements - {"using":"xpath","value":"//span[text()='Error']"}
RESULT: {"using":"xpath","value":"//span[text()='Error']"}
RESULT: undefined
COMMAND: POST /session/ddd4ac3aad1fb7ec919da6d4489b57c7/element - {"using":"xpath","value":"//*[@id=\"__tile101\"]"}
RESULT: {"using":"xpath","value":"//*[@id=\"__tile101\"]"}
COMMAND: POST /session/ddd4ac3aad1fb7ec919da6d4489b57c7/element/f.B55463C57E9AF0A410606F152102B326.d.7C133B2E48B59143D2ACB6775FF26AE0.e.2721/click - {}
RESULT: undefined
COMMAND: POST /session/ddd4ac3aad1fb7ec919da6d4489b57c7/element - {"using":"xpath","value":"//*[@id=\"__tile101\"]"}
RESULT: {"using":"xpath","value":"//*[@id=\"__tile101\"]"}
COMMAND: POST /session/ddd4ac3aad1fb7ec919da6d4489b57c7/element/f.B55463C57E9AF0A410606F152102B326.d.7C133B2E48B59143D2ACB6775FF26AE0.e.2721/click - {}
RESULT: undefined
COMMAND: POST /session/ddd4ac3aad1fb7ec919da6d4489b57c7/execute/async - {"script":"<script> [6424 bytes]","args":[{"element-6066-11e4-a52e-4f735466cecf":"f.B55463C57E9AF0A410606F152102B326.d.7C133B2E48B59143D2ACB6775FF26AE0.e.218"},"getTitle",[]]}
COMMAND: POST /session/ddd4ac3aad1fb7ec919da6d4489b57c7/execute/async - {"script":"<script> [1562 bytes]","args":[{"selector":{"id":"shellAppTitle"},"wdio_ui5_key":"shellAppTitle"}]}
RESULT: {"script":"<script> [1562 bytes]","args":[{"selector":{"id":"shellAppTitle"},"wdio_ui5_key":"shellAppTitle"}]}
COMMAND: POST /session/ddd4ac3aad1fb7ec919da6d4489b57c7/execute/async - {"script":"<script> [6424 bytes]","args":[{"element-6066-11e4-a52e-4f735466cecf":"f.B55463C57E9AF0A410606F152102B326.d.7C133B2E48B59143D2ACB6775FF26AE0.e.2754"},"getTitle",[]]}
RESULT: {"script":"<script> [6424 bytes]","args":[{"element-6066-11e4-a52e-4f735466cecf":"f.B55463C57E9AF0A410606F152102B326.d.7C133B2E48B59143D2ACB6775FF26AE0.e.2754"},"getTitle",[]]}
RESULT: undefined
COMMAND: POST /session/ddd4ac3aad1fb7ec919da6d4489b57c7/element/f.B55463C57E9AF0A410606F152102B326.d.7C133B2E48B59143D2ACB6775FF26AE0.e.2719/click - {}
RESULT: {}
COMMAND: GET /session/ddd4ac3aad1fb7ec919da6d4489b57c7/screenshot - {}
RESULT: {}
]]></system-out>
    </testcase>
    <testcase classname="chrome.136_0_7103_49.windows.Sanity_Tests_US104253" name="Should open RU Inventory List page" time="39.735">
      <system-out><![CDATA[
COMMAND: POST /session/ddd4ac3aad1fb7ec919da6d4489b57c7/execute/async - {"script":"<script> [1562 bytes]","args":[{"selector":{"controlType":"sap.m.GenericTile","properties":{"header":"RU Inventory List"}},"wdio_ui5_key":"sapm.GenericTile{\"header\":\"RU Inventory List\"}"}]}
RESULT: {"script":"<script> [1562 bytes]","args":[{"selector":{"controlType":"sap.m.GenericTile","properties":{"header":"RU Inventory List"}},"wdio_ui5_key":"sapm.GenericTile{\"header\":\"RU Inventory List\"}"}]}
RESULT: undefined
COMMAND: POST /session/ddd4ac3aad1fb7ec919da6d4489b57c7/element - {"using":"xpath","value":"//*[@id=\"__tile99\"]"}
RESULT: {"using":"xpath","value":"//*[@id=\"__tile99\"]"}
COMMAND: POST /session/ddd4ac3aad1fb7ec919da6d4489b57c7/element/f.B55463C57E9AF0A410606F152102B326.d.7C133B2E48B59143D2ACB6775FF26AE0.e.2756/click - {}
RESULT: {}
COMMAND: GET /session/ddd4ac3aad1fb7ec919da6d4489b57c7/screenshot - {}
RESULT: {}
COMMAND: POST /session/ddd4ac3aad1fb7ec919da6d4489b57c7/elements - {"using":"xpath","value":"//span[text()='Error']"}
RESULT: {"using":"xpath","value":"//span[text()='Error']"}
RESULT: undefined
COMMAND: POST /session/ddd4ac3aad1fb7ec919da6d4489b57c7/element - {"using":"xpath","value":"//*[@id=\"__tile99\"]"}
RESULT: {"using":"xpath","value":"//*[@id=\"__tile99\"]"}
COMMAND: POST /session/ddd4ac3aad1fb7ec919da6d4489b57c7/element/f.B55463C57E9AF0A410606F152102B326.d.7C133B2E48B59143D2ACB6775FF26AE0.e.2756/click - {}
RESULT: undefined
COMMAND: POST /session/ddd4ac3aad1fb7ec919da6d4489b57c7/element - {"using":"xpath","value":"//*[@id=\"__tile99\"]"}
RESULT: {"using":"xpath","value":"//*[@id=\"__tile99\"]"}
COMMAND: POST /session/ddd4ac3aad1fb7ec919da6d4489b57c7/element/f.B55463C57E9AF0A410606F152102B326.d.7C133B2E48B59143D2ACB6775FF26AE0.e.2756/click - {}
RESULT: undefined
COMMAND: POST /session/ddd4ac3aad1fb7ec919da6d4489b57c7/execute/async - {"script":"<script> [6424 bytes]","args":[{"element-6066-11e4-a52e-4f735466cecf":"f.B55463C57E9AF0A410606F152102B326.d.7C133B2E48B59143D2ACB6775FF26AE0.e.218"},"getTitle",[]]}
COMMAND: POST /session/ddd4ac3aad1fb7ec919da6d4489b57c7/execute/async - {"script":"<script> [1562 bytes]","args":[{"selector":{"id":"shellAppTitle"},"wdio_ui5_key":"shellAppTitle"}]}
RESULT: {"script":"<script> [1562 bytes]","args":[{"selector":{"id":"shellAppTitle"},"wdio_ui5_key":"shellAppTitle"}]}
COMMAND: POST /session/ddd4ac3aad1fb7ec919da6d4489b57c7/execute/async - {"script":"<script> [6424 bytes]","args":[{"element-6066-11e4-a52e-4f735466cecf":"f.B55463C57E9AF0A410606F152102B326.d.7C133B2E48B59143D2ACB6775FF26AE0.e.2946"},"getTitle",[]]}
RESULT: {"script":"<script> [6424 bytes]","args":[{"element-6066-11e4-a52e-4f735466cecf":"f.B55463C57E9AF0A410606F152102B326.d.7C133B2E48B59143D2ACB6775FF26AE0.e.2946"},"getTitle",[]]}
RESULT: undefined
COMMAND: POST /session/ddd4ac3aad1fb7ec919da6d4489b57c7/element/f.B55463C57E9AF0A410606F152102B326.d.7C133B2E48B59143D2ACB6775FF26AE0.e.2719/click - {}
COMMAND: POST /session/ddd4ac3aad1fb7ec919da6d4489b57c7/element - {"using":"xpath","value":"//*[@id=\"backBtn\"]"}
RESULT: {"using":"xpath","value":"//*[@id=\"backBtn\"]"}
COMMAND: POST /session/ddd4ac3aad1fb7ec919da6d4489b57c7/element/f.B55463C57E9AF0A410606F152102B326.d.7C133B2E48B59143D2ACB6775FF26AE0.e.2719/click - {}
COMMAND: POST /session/ddd4ac3aad1fb7ec919da6d4489b57c7/element - {"using":"xpath","value":"//*[@id=\"backBtn\"]"}
RESULT: {"using":"xpath","value":"//*[@id=\"backBtn\"]"}
COMMAND: POST /session/ddd4ac3aad1fb7ec919da6d4489b57c7/element/f.B55463C57E9AF0A410606F152102B326.d.7C133B2E48B59143D2ACB6775FF26AE0.e.2947/click - {}
RESULT: {}
COMMAND: GET /session/ddd4ac3aad1fb7ec919da6d4489b57c7/screenshot - {}
RESULT: {}
]]></system-out>
    </testcase>
    <testcase classname="chrome.136_0_7103_49.windows.Sanity_Tests_US104253" name="Should open Contracts Dashboard page" time="40.829">
      <system-out><![CDATA[
COMMAND: POST /session/ddd4ac3aad1fb7ec919da6d4489b57c7/execute/async - {"script":"<script> [1562 bytes]","args":[{"selector":{"controlType":"sap.m.GenericTile","properties":{"header":"Contracts Dashboard"}},"wdio_ui5_key":"sapm.GenericTile{\"header\":\"Contracts Dashboard\"}"}]}
RESULT: {"script":"<script> [1562 bytes]","args":[{"selector":{"controlType":"sap.m.GenericTile","properties":{"header":"Contracts Dashboard"}},"wdio_ui5_key":"sapm.GenericTile{\"header\":\"Contracts Dashboard\"}"}]}
RESULT: undefined
COMMAND: POST /session/ddd4ac3aad1fb7ec919da6d4489b57c7/element - {"using":"xpath","value":"//*[@id=\"__tile97\"]"}
RESULT: {"using":"xpath","value":"//*[@id=\"__tile97\"]"}
COMMAND: POST /session/ddd4ac3aad1fb7ec919da6d4489b57c7/element/f.B55463C57E9AF0A410606F152102B326.d.7C133B2E48B59143D2ACB6775FF26AE0.e.2949/click - {}
RESULT: {}
COMMAND: GET /session/ddd4ac3aad1fb7ec919da6d4489b57c7/screenshot - {}
RESULT: {}
COMMAND: POST /session/ddd4ac3aad1fb7ec919da6d4489b57c7/elements - {"using":"xpath","value":"//span[text()='Error']"}
RESULT: {"using":"xpath","value":"//span[text()='Error']"}
RESULT: undefined
COMMAND: POST /session/ddd4ac3aad1fb7ec919da6d4489b57c7/element - {"using":"xpath","value":"//*[@id=\"__tile97\"]"}
RESULT: {"using":"xpath","value":"//*[@id=\"__tile97\"]"}
COMMAND: POST /session/ddd4ac3aad1fb7ec919da6d4489b57c7/element/f.B55463C57E9AF0A410606F152102B326.d.7C133B2E48B59143D2ACB6775FF26AE0.e.2949/click - {}
RESULT: undefined
COMMAND: POST /session/ddd4ac3aad1fb7ec919da6d4489b57c7/element - {"using":"xpath","value":"//*[@id=\"__tile97\"]"}
RESULT: {"using":"xpath","value":"//*[@id=\"__tile97\"]"}
COMMAND: POST /session/ddd4ac3aad1fb7ec919da6d4489b57c7/element/f.B55463C57E9AF0A410606F152102B326.d.7C133B2E48B59143D2ACB6775FF26AE0.e.2949/click - {}
RESULT: undefined
COMMAND: POST /session/ddd4ac3aad1fb7ec919da6d4489b57c7/execute/async - {"script":"<script> [6424 bytes]","args":[{"element-6066-11e4-a52e-4f735466cecf":"f.B55463C57E9AF0A410606F152102B326.d.7C133B2E48B59143D2ACB6775FF26AE0.e.218"},"getTitle",[]]}
COMMAND: POST /session/ddd4ac3aad1fb7ec919da6d4489b57c7/execute/async - {"script":"<script> [1562 bytes]","args":[{"selector":{"id":"shellAppTitle"},"wdio_ui5_key":"shellAppTitle"}]}
RESULT: {"script":"<script> [1562 bytes]","args":[{"selector":{"id":"shellAppTitle"},"wdio_ui5_key":"shellAppTitle"}]}
COMMAND: POST /session/ddd4ac3aad1fb7ec919da6d4489b57c7/execute/async - {"script":"<script> [6424 bytes]","args":[{"element-6066-11e4-a52e-4f735466cecf":"f.B55463C57E9AF0A410606F152102B326.d.7C133B2E48B59143D2ACB6775FF26AE0.e.2970"},"getTitle",[]]}
RESULT: {"script":"<script> [6424 bytes]","args":[{"element-6066-11e4-a52e-4f735466cecf":"f.B55463C57E9AF0A410606F152102B326.d.7C133B2E48B59143D2ACB6775FF26AE0.e.2970"},"getTitle",[]]}
RESULT: undefined
COMMAND: POST /session/ddd4ac3aad1fb7ec919da6d4489b57c7/element/f.B55463C57E9AF0A410606F152102B326.d.7C133B2E48B59143D2ACB6775FF26AE0.e.2947/click - {}
RESULT: {}
COMMAND: GET /session/ddd4ac3aad1fb7ec919da6d4489b57c7/screenshot - {}
RESULT: {}
]]></system-out>
    </testcase>
    <testcase classname="chrome.136_0_7103_49.windows.Sanity_Tests_US104253" name="Should open Bin Status Report page" time="43.944">
      <system-out><![CDATA[
COMMAND: POST /session/ddd4ac3aad1fb7ec919da6d4489b57c7/execute/async - {"script":"<script> [1562 bytes]","args":[{"selector":{"controlType":"sap.m.GenericTile","properties":{"header":"Bin Status Report"}},"wdio_ui5_key":"sapm.GenericTile{\"header\":\"Bin Status Report\"}"}]}
RESULT: {"script":"<script> [1562 bytes]","args":[{"selector":{"controlType":"sap.m.GenericTile","properties":{"header":"Bin Status Report"}},"wdio_ui5_key":"sapm.GenericTile{\"header\":\"Bin Status Report\"}"}]}
RESULT: undefined
COMMAND: POST /session/ddd4ac3aad1fb7ec919da6d4489b57c7/element - {"using":"xpath","value":"//*[@id=\"__tile104\"]"}
RESULT: {"using":"xpath","value":"//*[@id=\"__tile104\"]"}
COMMAND: POST /session/ddd4ac3aad1fb7ec919da6d4489b57c7/element/f.B55463C57E9AF0A410606F152102B326.d.7C133B2E48B59143D2ACB6775FF26AE0.e.2972/click - {}
RESULT: {}
COMMAND: GET /session/ddd4ac3aad1fb7ec919da6d4489b57c7/screenshot - {}
RESULT: {}
COMMAND: POST /session/ddd4ac3aad1fb7ec919da6d4489b57c7/elements - {"using":"xpath","value":"//span[text()='Error']"}
RESULT: {"using":"xpath","value":"//span[text()='Error']"}
RESULT: undefined
COMMAND: POST /session/ddd4ac3aad1fb7ec919da6d4489b57c7/element - {"using":"xpath","value":"//*[@id=\"__tile104\"]"}
RESULT: {"using":"xpath","value":"//*[@id=\"__tile104\"]"}
COMMAND: POST /session/ddd4ac3aad1fb7ec919da6d4489b57c7/element/f.B55463C57E9AF0A410606F152102B326.d.7C133B2E48B59143D2ACB6775FF26AE0.e.2972/click - {}
RESULT: undefined
COMMAND: POST /session/ddd4ac3aad1fb7ec919da6d4489b57c7/element - {"using":"xpath","value":"//*[@id=\"__tile104\"]"}
RESULT: {"using":"xpath","value":"//*[@id=\"__tile104\"]"}
COMMAND: POST /session/ddd4ac3aad1fb7ec919da6d4489b57c7/element/f.B55463C57E9AF0A410606F152102B326.d.7C133B2E48B59143D2ACB6775FF26AE0.e.2972/click - {}
RESULT: undefined
COMMAND: POST /session/ddd4ac3aad1fb7ec919da6d4489b57c7/execute/async - {"script":"<script> [6424 bytes]","args":[{"element-6066-11e4-a52e-4f735466cecf":"f.B55463C57E9AF0A410606F152102B326.d.7C133B2E48B59143D2ACB6775FF26AE0.e.218"},"getTitle",[]]}
COMMAND: POST /session/ddd4ac3aad1fb7ec919da6d4489b57c7/execute/async - {"script":"<script> [1562 bytes]","args":[{"selector":{"id":"shellAppTitle"},"wdio_ui5_key":"shellAppTitle"}]}
RESULT: {"script":"<script> [1562 bytes]","args":[{"selector":{"id":"shellAppTitle"},"wdio_ui5_key":"shellAppTitle"}]}
COMMAND: POST /session/ddd4ac3aad1fb7ec919da6d4489b57c7/execute/async - {"script":"<script> [6424 bytes]","args":[{"element-6066-11e4-a52e-4f735466cecf":"f.B55463C57E9AF0A410606F152102B326.d.7C133B2E48B59143D2ACB6775FF26AE0.e.3064"},"getTitle",[]]}
RESULT: {"script":"<script> [6424 bytes]","args":[{"element-6066-11e4-a52e-4f735466cecf":"f.B55463C57E9AF0A410606F152102B326.d.7C133B2E48B59143D2ACB6775FF26AE0.e.3064"},"getTitle",[]]}
RESULT: undefined
COMMAND: POST /session/ddd4ac3aad1fb7ec919da6d4489b57c7/element/f.B55463C57E9AF0A410606F152102B326.d.7C133B2E48B59143D2ACB6775FF26AE0.e.2947/click - {}
COMMAND: POST /session/ddd4ac3aad1fb7ec919da6d4489b57c7/element - {"using":"xpath","value":"//*[@id=\"backBtn\"]"}
RESULT: {"using":"xpath","value":"//*[@id=\"backBtn\"]"}
COMMAND: POST /session/ddd4ac3aad1fb7ec919da6d4489b57c7/element/f.B55463C57E9AF0A410606F152102B326.d.7C133B2E48B59143D2ACB6775FF26AE0.e.2947/click - {}
COMMAND: POST /session/ddd4ac3aad1fb7ec919da6d4489b57c7/element - {"using":"xpath","value":"//*[@id=\"backBtn\"]"}
RESULT: {"using":"xpath","value":"//*[@id=\"backBtn\"]"}
COMMAND: POST /session/ddd4ac3aad1fb7ec919da6d4489b57c7/element/f.B55463C57E9AF0A410606F152102B326.d.7C133B2E48B59143D2ACB6775FF26AE0.e.3065/click - {}
RESULT: {}
COMMAND: GET /session/ddd4ac3aad1fb7ec919da6d4489b57c7/screenshot - {}
RESULT: {}
]]></system-out>
    </testcase>
    <testcase classname="chrome.136_0_7103_49.windows.Sanity_Tests_US104253" name="Should open Manage Warehouse Movements page" time="37.597">
      <system-out><![CDATA[
COMMAND: POST /session/ddd4ac3aad1fb7ec919da6d4489b57c7/execute/async - {"script":"<script> [1562 bytes]","args":[{"selector":{"controlType":"sap.m.GenericTile","properties":{"header":"Manage Warehouse Movements"}},"wdio_ui5_key":"sapm.GenericTile{\"header\":\"Manage Warehouse Movements\"}"}]}
RESULT: {"script":"<script> [1562 bytes]","args":[{"selector":{"controlType":"sap.m.GenericTile","properties":{"header":"Manage Warehouse Movements"}},"wdio_ui5_key":"sapm.GenericTile{\"header\":\"Manage Warehouse Movements\"}"}]}
RESULT: undefined
COMMAND: POST /session/ddd4ac3aad1fb7ec919da6d4489b57c7/element - {"using":"xpath","value":"//*[@id=\"__tile105\"]"}
RESULT: {"using":"xpath","value":"//*[@id=\"__tile105\"]"}
COMMAND: POST /session/ddd4ac3aad1fb7ec919da6d4489b57c7/element/f.B55463C57E9AF0A410606F152102B326.d.7C133B2E48B59143D2ACB6775FF26AE0.e.3069/click - {}
RESULT: {}
COMMAND: GET /session/ddd4ac3aad1fb7ec919da6d4489b57c7/screenshot - {}
RESULT: {}
COMMAND: POST /session/ddd4ac3aad1fb7ec919da6d4489b57c7/elements - {"using":"xpath","value":"//span[text()='Error']"}
RESULT: {"using":"xpath","value":"//span[text()='Error']"}
RESULT: undefined
COMMAND: POST /session/ddd4ac3aad1fb7ec919da6d4489b57c7/element - {"using":"xpath","value":"//*[@id=\"__tile105\"]"}
RESULT: {"using":"xpath","value":"//*[@id=\"__tile105\"]"}
COMMAND: POST /session/ddd4ac3aad1fb7ec919da6d4489b57c7/element/f.B55463C57E9AF0A410606F152102B326.d.7C133B2E48B59143D2ACB6775FF26AE0.e.3069/click - {}
RESULT: undefined
COMMAND: POST /session/ddd4ac3aad1fb7ec919da6d4489b57c7/element - {"using":"xpath","value":"//*[@id=\"__tile105\"]"}
RESULT: {"using":"xpath","value":"//*[@id=\"__tile105\"]"}
COMMAND: POST /session/ddd4ac3aad1fb7ec919da6d4489b57c7/element/f.B55463C57E9AF0A410606F152102B326.d.7C133B2E48B59143D2ACB6775FF26AE0.e.3069/click - {}
RESULT: undefined
COMMAND: POST /session/ddd4ac3aad1fb7ec919da6d4489b57c7/execute/async - {"script":"<script> [6424 bytes]","args":[{"element-6066-11e4-a52e-4f735466cecf":"f.B55463C57E9AF0A410606F152102B326.d.7C133B2E48B59143D2ACB6775FF26AE0.e.218"},"getTitle",[]]}
COMMAND: POST /session/ddd4ac3aad1fb7ec919da6d4489b57c7/execute/async - {"script":"<script> [1562 bytes]","args":[{"selector":{"id":"shellAppTitle"},"wdio_ui5_key":"shellAppTitle"}]}
RESULT: {"script":"<script> [1562 bytes]","args":[{"selector":{"id":"shellAppTitle"},"wdio_ui5_key":"shellAppTitle"}]}
COMMAND: POST /session/ddd4ac3aad1fb7ec919da6d4489b57c7/execute/async - {"script":"<script> [6424 bytes]","args":[{"element-6066-11e4-a52e-4f735466cecf":"f.B55463C57E9AF0A410606F152102B326.d.7C133B2E48B59143D2ACB6775FF26AE0.e.3163"},"getTitle",[]]}
RESULT: {"script":"<script> [6424 bytes]","args":[{"element-6066-11e4-a52e-4f735466cecf":"f.B55463C57E9AF0A410606F152102B326.d.7C133B2E48B59143D2ACB6775FF26AE0.e.3163"},"getTitle",[]]}
RESULT: undefined
COMMAND: POST /session/ddd4ac3aad1fb7ec919da6d4489b57c7/element/f.B55463C57E9AF0A410606F152102B326.d.7C133B2E48B59143D2ACB6775FF26AE0.e.3065/click - {}
RESULT: {}
COMMAND: GET /session/ddd4ac3aad1fb7ec919da6d4489b57c7/screenshot - {}
RESULT: {}
]]></system-out>
    </testcase>
    <testcase classname="chrome.136_0_7103_49.windows.Sanity_Tests_US104253" name="Should open Bin Inventory List page" time="38.691">
      <system-out><![CDATA[
COMMAND: POST /session/ddd4ac3aad1fb7ec919da6d4489b57c7/execute/async - {"script":"<script> [1562 bytes]","args":[{"selector":{"controlType":"sap.m.GenericTile","properties":{"header":"Bin Inventory List"}},"wdio_ui5_key":"sapm.GenericTile{\"header\":\"Bin Inventory List\"}"}]}
RESULT: {"script":"<script> [1562 bytes]","args":[{"selector":{"controlType":"sap.m.GenericTile","properties":{"header":"Bin Inventory List"}},"wdio_ui5_key":"sapm.GenericTile{\"header\":\"Bin Inventory List\"}"}]}
RESULT: undefined
COMMAND: POST /session/ddd4ac3aad1fb7ec919da6d4489b57c7/element - {"using":"xpath","value":"//*[@id=\"__tile103\"]"}
RESULT: {"using":"xpath","value":"//*[@id=\"__tile103\"]"}
COMMAND: POST /session/ddd4ac3aad1fb7ec919da6d4489b57c7/element/f.B55463C57E9AF0A410606F152102B326.d.7C133B2E48B59143D2ACB6775FF26AE0.e.3165/click - {}
RESULT: {}
COMMAND: GET /session/ddd4ac3aad1fb7ec919da6d4489b57c7/screenshot - {}
RESULT: {}
COMMAND: POST /session/ddd4ac3aad1fb7ec919da6d4489b57c7/elements - {"using":"xpath","value":"//span[text()='Error']"}
RESULT: {"using":"xpath","value":"//span[text()='Error']"}
RESULT: undefined
COMMAND: POST /session/ddd4ac3aad1fb7ec919da6d4489b57c7/element - {"using":"xpath","value":"//*[@id=\"__tile103\"]"}
RESULT: {"using":"xpath","value":"//*[@id=\"__tile103\"]"}
COMMAND: POST /session/ddd4ac3aad1fb7ec919da6d4489b57c7/element/f.B55463C57E9AF0A410606F152102B326.d.7C133B2E48B59143D2ACB6775FF26AE0.e.3165/click - {}
RESULT: undefined
COMMAND: POST /session/ddd4ac3aad1fb7ec919da6d4489b57c7/element - {"using":"xpath","value":"//*[@id=\"__tile103\"]"}
RESULT: {"using":"xpath","value":"//*[@id=\"__tile103\"]"}
COMMAND: POST /session/ddd4ac3aad1fb7ec919da6d4489b57c7/element/f.B55463C57E9AF0A410606F152102B326.d.7C133B2E48B59143D2ACB6775FF26AE0.e.3165/click - {}
RESULT: undefined
COMMAND: POST /session/ddd4ac3aad1fb7ec919da6d4489b57c7/execute/async - {"script":"<script> [6424 bytes]","args":[{"element-6066-11e4-a52e-4f735466cecf":"f.B55463C57E9AF0A410606F152102B326.d.7C133B2E48B59143D2ACB6775FF26AE0.e.218"},"getTitle",[]]}
COMMAND: POST /session/ddd4ac3aad1fb7ec919da6d4489b57c7/execute/async - {"script":"<script> [1562 bytes]","args":[{"selector":{"id":"shellAppTitle"},"wdio_ui5_key":"shellAppTitle"}]}
RESULT: {"script":"<script> [1562 bytes]","args":[{"selector":{"id":"shellAppTitle"},"wdio_ui5_key":"shellAppTitle"}]}
COMMAND: POST /session/ddd4ac3aad1fb7ec919da6d4489b57c7/execute/async - {"script":"<script> [6424 bytes]","args":[{"element-6066-11e4-a52e-4f735466cecf":"f.B55463C57E9AF0A410606F152102B326.d.7C133B2E48B59143D2ACB6775FF26AE0.e.3265"},"getTitle",[]]}
RESULT: {"script":"<script> [6424 bytes]","args":[{"element-6066-11e4-a52e-4f735466cecf":"f.B55463C57E9AF0A410606F152102B326.d.7C133B2E48B59143D2ACB6775FF26AE0.e.3265"},"getTitle",[]]}
RESULT: undefined
COMMAND: POST /session/ddd4ac3aad1fb7ec919da6d4489b57c7/element/f.B55463C57E9AF0A410606F152102B326.d.7C133B2E48B59143D2ACB6775FF26AE0.e.3065/click - {}
COMMAND: POST /session/ddd4ac3aad1fb7ec919da6d4489b57c7/element - {"using":"xpath","value":"//*[@id=\"backBtn\"]"}
RESULT: {"using":"xpath","value":"//*[@id=\"backBtn\"]"}
COMMAND: POST /session/ddd4ac3aad1fb7ec919da6d4489b57c7/element/f.B55463C57E9AF0A410606F152102B326.d.7C133B2E48B59143D2ACB6775FF26AE0.e.3065/click - {}
COMMAND: POST /session/ddd4ac3aad1fb7ec919da6d4489b57c7/element - {"using":"xpath","value":"//*[@id=\"backBtn\"]"}
RESULT: {"using":"xpath","value":"//*[@id=\"backBtn\"]"}
COMMAND: POST /session/ddd4ac3aad1fb7ec919da6d4489b57c7/element/f.B55463C57E9AF0A410606F152102B326.d.7C133B2E48B59143D2ACB6775FF26AE0.e.3266/click - {}
RESULT: {}
COMMAND: GET /session/ddd4ac3aad1fb7ec919da6d4489b57c7/screenshot - {}
RESULT: {}
]]></system-out>
    </testcase>
    <testcase classname="chrome.136_0_7103_49.windows.Sanity_Tests_US104253" name="Should open ISC Templates page" time="37.712">
      <system-out><![CDATA[
COMMAND: POST /session/ddd4ac3aad1fb7ec919da6d4489b57c7/execute/async - {"script":"<script> [1562 bytes]","args":[{"selector":{"controlType":"sap.m.GenericTile","properties":{"header":"ISC Templates"}},"wdio_ui5_key":"sapm.GenericTile{\"header\":\"ISC Templates\"}"}]}
RESULT: {"script":"<script> [1562 bytes]","args":[{"selector":{"controlType":"sap.m.GenericTile","properties":{"header":"ISC Templates"}},"wdio_ui5_key":"sapm.GenericTile{\"header\":\"ISC Templates\"}"}]}
RESULT: undefined
COMMAND: POST /session/ddd4ac3aad1fb7ec919da6d4489b57c7/element - {"using":"xpath","value":"//*[@id=\"__tile111\"]"}
RESULT: {"using":"xpath","value":"//*[@id=\"__tile111\"]"}
COMMAND: POST /session/ddd4ac3aad1fb7ec919da6d4489b57c7/element/f.B55463C57E9AF0A410606F152102B326.d.7C133B2E48B59143D2ACB6775FF26AE0.e.3268/click - {}
RESULT: {}
COMMAND: GET /session/ddd4ac3aad1fb7ec919da6d4489b57c7/screenshot - {}
RESULT: {}
COMMAND: POST /session/ddd4ac3aad1fb7ec919da6d4489b57c7/elements - {"using":"xpath","value":"//span[text()='Error']"}
RESULT: {"using":"xpath","value":"//span[text()='Error']"}
RESULT: undefined
COMMAND: POST /session/ddd4ac3aad1fb7ec919da6d4489b57c7/element - {"using":"xpath","value":"//*[@id=\"__tile111\"]"}
RESULT: {"using":"xpath","value":"//*[@id=\"__tile111\"]"}
COMMAND: POST /session/ddd4ac3aad1fb7ec919da6d4489b57c7/element/f.B55463C57E9AF0A410606F152102B326.d.7C133B2E48B59143D2ACB6775FF26AE0.e.3268/click - {}
RESULT: undefined
COMMAND: POST /session/ddd4ac3aad1fb7ec919da6d4489b57c7/element - {"using":"xpath","value":"//*[@id=\"__tile111\"]"}
RESULT: {"using":"xpath","value":"//*[@id=\"__tile111\"]"}
COMMAND: POST /session/ddd4ac3aad1fb7ec919da6d4489b57c7/element/f.B55463C57E9AF0A410606F152102B326.d.7C133B2E48B59143D2ACB6775FF26AE0.e.3268/click - {}
RESULT: undefined
COMMAND: POST /session/ddd4ac3aad1fb7ec919da6d4489b57c7/execute/async - {"script":"<script> [6424 bytes]","args":[{"element-6066-11e4-a52e-4f735466cecf":"f.B55463C57E9AF0A410606F152102B326.d.7C133B2E48B59143D2ACB6775FF26AE0.e.218"},"getTitle",[]]}
COMMAND: POST /session/ddd4ac3aad1fb7ec919da6d4489b57c7/execute/async - {"script":"<script> [1562 bytes]","args":[{"selector":{"id":"shellAppTitle"},"wdio_ui5_key":"shellAppTitle"}]}
RESULT: {"script":"<script> [1562 bytes]","args":[{"selector":{"id":"shellAppTitle"},"wdio_ui5_key":"shellAppTitle"}]}
COMMAND: POST /session/ddd4ac3aad1fb7ec919da6d4489b57c7/execute/async - {"script":"<script> [6424 bytes]","args":[{"element-6066-11e4-a52e-4f735466cecf":"f.B55463C57E9AF0A410606F152102B326.d.7C133B2E48B59143D2ACB6775FF26AE0.e.3337"},"getTitle",[]]}
RESULT: {"script":"<script> [6424 bytes]","args":[{"element-6066-11e4-a52e-4f735466cecf":"f.B55463C57E9AF0A410606F152102B326.d.7C133B2E48B59143D2ACB6775FF26AE0.e.3337"},"getTitle",[]]}
RESULT: undefined
COMMAND: POST /session/ddd4ac3aad1fb7ec919da6d4489b57c7/element/f.B55463C57E9AF0A410606F152102B326.d.7C133B2E48B59143D2ACB6775FF26AE0.e.3266/click - {}
RESULT: {}
COMMAND: GET /session/ddd4ac3aad1fb7ec919da6d4489b57c7/screenshot - {}
RESULT: {}
]]></system-out>
    </testcase>
    <testcase classname="chrome.136_0_7103_49.windows.Sanity_Tests_US104253" name="Should open ISC Schedules page" time="37.244">
      <system-out><![CDATA[
COMMAND: POST /session/ddd4ac3aad1fb7ec919da6d4489b57c7/execute/async - {"script":"<script> [1562 bytes]","args":[{"selector":{"controlType":"sap.m.GenericTile","properties":{"header":"ISC Schedules"}},"wdio_ui5_key":"sapm.GenericTile{\"header\":\"ISC Schedules\"}"}]}
RESULT: {"script":"<script> [1562 bytes]","args":[{"selector":{"controlType":"sap.m.GenericTile","properties":{"header":"ISC Schedules"}},"wdio_ui5_key":"sapm.GenericTile{\"header\":\"ISC Schedules\"}"}]}
RESULT: undefined
COMMAND: POST /session/ddd4ac3aad1fb7ec919da6d4489b57c7/element - {"using":"xpath","value":"//*[@id=\"__tile109\"]"}
RESULT: {"using":"xpath","value":"//*[@id=\"__tile109\"]"}
COMMAND: POST /session/ddd4ac3aad1fb7ec919da6d4489b57c7/element/f.B55463C57E9AF0A410606F152102B326.d.7C133B2E48B59143D2ACB6775FF26AE0.e.3340/click - {}
RESULT: {}
COMMAND: GET /session/ddd4ac3aad1fb7ec919da6d4489b57c7/screenshot - {}
RESULT: {}
COMMAND: POST /session/ddd4ac3aad1fb7ec919da6d4489b57c7/elements - {"using":"xpath","value":"//span[text()='Error']"}
RESULT: {"using":"xpath","value":"//span[text()='Error']"}
RESULT: undefined
COMMAND: POST /session/ddd4ac3aad1fb7ec919da6d4489b57c7/element - {"using":"xpath","value":"//*[@id=\"__tile109\"]"}
RESULT: {"using":"xpath","value":"//*[@id=\"__tile109\"]"}
COMMAND: POST /session/ddd4ac3aad1fb7ec919da6d4489b57c7/element/f.B55463C57E9AF0A410606F152102B326.d.7C133B2E48B59143D2ACB6775FF26AE0.e.3340/click - {}
RESULT: undefined
COMMAND: POST /session/ddd4ac3aad1fb7ec919da6d4489b57c7/element - {"using":"xpath","value":"//*[@id=\"__tile109\"]"}
RESULT: {"using":"xpath","value":"//*[@id=\"__tile109\"]"}
COMMAND: POST /session/ddd4ac3aad1fb7ec919da6d4489b57c7/element/f.B55463C57E9AF0A410606F152102B326.d.7C133B2E48B59143D2ACB6775FF26AE0.e.3340/click - {}
RESULT: undefined
COMMAND: POST /session/ddd4ac3aad1fb7ec919da6d4489b57c7/execute/async - {"script":"<script> [6424 bytes]","args":[{"element-6066-11e4-a52e-4f735466cecf":"f.B55463C57E9AF0A410606F152102B326.d.7C133B2E48B59143D2ACB6775FF26AE0.e.218"},"getTitle",[]]}
COMMAND: POST /session/ddd4ac3aad1fb7ec919da6d4489b57c7/execute/async - {"script":"<script> [1562 bytes]","args":[{"selector":{"id":"shellAppTitle"},"wdio_ui5_key":"shellAppTitle"}]}
RESULT: {"script":"<script> [1562 bytes]","args":[{"selector":{"id":"shellAppTitle"},"wdio_ui5_key":"shellAppTitle"}]}
COMMAND: POST /session/ddd4ac3aad1fb7ec919da6d4489b57c7/execute/async - {"script":"<script> [6424 bytes]","args":[{"element-6066-11e4-a52e-4f735466cecf":"f.B55463C57E9AF0A410606F152102B326.d.7C133B2E48B59143D2ACB6775FF26AE0.e.3412"},"getTitle",[]]}
RESULT: {"script":"<script> [6424 bytes]","args":[{"element-6066-11e4-a52e-4f735466cecf":"f.B55463C57E9AF0A410606F152102B326.d.7C133B2E48B59143D2ACB6775FF26AE0.e.3412"},"getTitle",[]]}
RESULT: undefined
COMMAND: POST /session/ddd4ac3aad1fb7ec919da6d4489b57c7/element/f.B55463C57E9AF0A410606F152102B326.d.7C133B2E48B59143D2ACB6775FF26AE0.e.3266/click - {}
COMMAND: POST /session/ddd4ac3aad1fb7ec919da6d4489b57c7/element - {"using":"xpath","value":"//*[@id=\"backBtn\"]"}
RESULT: {"using":"xpath","value":"//*[@id=\"backBtn\"]"}
COMMAND: POST /session/ddd4ac3aad1fb7ec919da6d4489b57c7/element/f.B55463C57E9AF0A410606F152102B326.d.7C133B2E48B59143D2ACB6775FF26AE0.e.3266/click - {}
COMMAND: POST /session/ddd4ac3aad1fb7ec919da6d4489b57c7/element - {"using":"xpath","value":"//*[@id=\"backBtn\"]"}
RESULT: {"using":"xpath","value":"//*[@id=\"backBtn\"]"}
COMMAND: POST /session/ddd4ac3aad1fb7ec919da6d4489b57c7/element/f.B55463C57E9AF0A410606F152102B326.d.7C133B2E48B59143D2ACB6775FF26AE0.e.3413/click - {}
RESULT: {}
COMMAND: GET /session/ddd4ac3aad1fb7ec919da6d4489b57c7/screenshot - {}
RESULT: {}
]]></system-out>
    </testcase>
    <testcase classname="chrome.136_0_7103_49.windows.Sanity_Tests_US104253" name="Should open ISC Dashboard page" time="37.455">
      <system-out><![CDATA[
COMMAND: POST /session/ddd4ac3aad1fb7ec919da6d4489b57c7/execute/async - {"script":"<script> [1562 bytes]","args":[{"selector":{"controlType":"sap.m.GenericTile","properties":{"header":"ISC Dashboard"}},"wdio_ui5_key":"sapm.GenericTile{\"header\":\"ISC Dashboard\"}"}]}
RESULT: {"script":"<script> [1562 bytes]","args":[{"selector":{"controlType":"sap.m.GenericTile","properties":{"header":"ISC Dashboard"}},"wdio_ui5_key":"sapm.GenericTile{\"header\":\"ISC Dashboard\"}"}]}
RESULT: undefined
COMMAND: POST /session/ddd4ac3aad1fb7ec919da6d4489b57c7/element - {"using":"xpath","value":"//*[@id=\"__tile106\"]"}
RESULT: {"using":"xpath","value":"//*[@id=\"__tile106\"]"}
COMMAND: POST /session/ddd4ac3aad1fb7ec919da6d4489b57c7/element/f.B55463C57E9AF0A410606F152102B326.d.7C133B2E48B59143D2ACB6775FF26AE0.e.3415/click - {}
RESULT: {}
COMMAND: GET /session/ddd4ac3aad1fb7ec919da6d4489b57c7/screenshot - {}
RESULT: {}
COMMAND: POST /session/ddd4ac3aad1fb7ec919da6d4489b57c7/elements - {"using":"xpath","value":"//span[text()='Error']"}
RESULT: {"using":"xpath","value":"//span[text()='Error']"}
RESULT: undefined
COMMAND: POST /session/ddd4ac3aad1fb7ec919da6d4489b57c7/element - {"using":"xpath","value":"//*[@id=\"__tile106\"]"}
RESULT: {"using":"xpath","value":"//*[@id=\"__tile106\"]"}
COMMAND: POST /session/ddd4ac3aad1fb7ec919da6d4489b57c7/element/f.B55463C57E9AF0A410606F152102B326.d.7C133B2E48B59143D2ACB6775FF26AE0.e.3415/click - {}
RESULT: undefined
COMMAND: POST /session/ddd4ac3aad1fb7ec919da6d4489b57c7/element - {"using":"xpath","value":"//*[@id=\"__tile106\"]"}
RESULT: {"using":"xpath","value":"//*[@id=\"__tile106\"]"}
COMMAND: POST /session/ddd4ac3aad1fb7ec919da6d4489b57c7/element/f.B55463C57E9AF0A410606F152102B326.d.7C133B2E48B59143D2ACB6775FF26AE0.e.3415/click - {}
RESULT: undefined
COMMAND: POST /session/ddd4ac3aad1fb7ec919da6d4489b57c7/execute/async - {"script":"<script> [6424 bytes]","args":[{"element-6066-11e4-a52e-4f735466cecf":"f.B55463C57E9AF0A410606F152102B326.d.7C133B2E48B59143D2ACB6775FF26AE0.e.218"},"getTitle",[]]}
COMMAND: POST /session/ddd4ac3aad1fb7ec919da6d4489b57c7/execute/async - {"script":"<script> [1562 bytes]","args":[{"selector":{"id":"shellAppTitle"},"wdio_ui5_key":"shellAppTitle"}]}
RESULT: {"script":"<script> [1562 bytes]","args":[{"selector":{"id":"shellAppTitle"},"wdio_ui5_key":"shellAppTitle"}]}
COMMAND: POST /session/ddd4ac3aad1fb7ec919da6d4489b57c7/execute/async - {"script":"<script> [6424 bytes]","args":[{"element-6066-11e4-a52e-4f735466cecf":"f.B55463C57E9AF0A410606F152102B326.d.7C133B2E48B59143D2ACB6775FF26AE0.e.3536"},"getTitle",[]]}
RESULT: {"script":"<script> [6424 bytes]","args":[{"element-6066-11e4-a52e-4f735466cecf":"f.B55463C57E9AF0A410606F152102B326.d.7C133B2E48B59143D2ACB6775FF26AE0.e.3536"},"getTitle",[]]}
RESULT: undefined
COMMAND: POST /session/ddd4ac3aad1fb7ec919da6d4489b57c7/element/f.B55463C57E9AF0A410606F152102B326.d.7C133B2E48B59143D2ACB6775FF26AE0.e.3413/click - {}
RESULT: {}
COMMAND: GET /session/ddd4ac3aad1fb7ec919da6d4489b57c7/screenshot - {}
RESULT: {}
]]></system-out>
    </testcase>
    <testcase classname="chrome.136_0_7103_49.windows.Sanity_Tests_US104253" name="Should open ISC Orders page" time="38.145">
      <system-out><![CDATA[
COMMAND: POST /session/ddd4ac3aad1fb7ec919da6d4489b57c7/execute/async - {"script":"<script> [1562 bytes]","args":[{"selector":{"controlType":"sap.m.GenericTile","properties":{"header":"ISC Orders"}},"wdio_ui5_key":"sapm.GenericTile{\"header\":\"ISC Orders\"}"}]}
RESULT: {"script":"<script> [1562 bytes]","args":[{"selector":{"controlType":"sap.m.GenericTile","properties":{"header":"ISC Orders"}},"wdio_ui5_key":"sapm.GenericTile{\"header\":\"ISC Orders\"}"}]}
RESULT: undefined
COMMAND: POST /session/ddd4ac3aad1fb7ec919da6d4489b57c7/element - {"using":"xpath","value":"//*[@id=\"__tile108\"]"}
RESULT: {"using":"xpath","value":"//*[@id=\"__tile108\"]"}
COMMAND: POST /session/ddd4ac3aad1fb7ec919da6d4489b57c7/element/f.B55463C57E9AF0A410606F152102B326.d.7C133B2E48B59143D2ACB6775FF26AE0.e.3538/click - {}
RESULT: {}
COMMAND: GET /session/ddd4ac3aad1fb7ec919da6d4489b57c7/screenshot - {}
RESULT: {}
COMMAND: POST /session/ddd4ac3aad1fb7ec919da6d4489b57c7/elements - {"using":"xpath","value":"//span[text()='Error']"}
RESULT: {"using":"xpath","value":"//span[text()='Error']"}
RESULT: undefined
COMMAND: POST /session/ddd4ac3aad1fb7ec919da6d4489b57c7/element - {"using":"xpath","value":"//*[@id=\"__tile108\"]"}
RESULT: {"using":"xpath","value":"//*[@id=\"__tile108\"]"}
COMMAND: POST /session/ddd4ac3aad1fb7ec919da6d4489b57c7/element/f.B55463C57E9AF0A410606F152102B326.d.7C133B2E48B59143D2ACB6775FF26AE0.e.3538/click - {}
RESULT: undefined
COMMAND: POST /session/ddd4ac3aad1fb7ec919da6d4489b57c7/element - {"using":"xpath","value":"//*[@id=\"__tile108\"]"}
RESULT: {"using":"xpath","value":"//*[@id=\"__tile108\"]"}
COMMAND: POST /session/ddd4ac3aad1fb7ec919da6d4489b57c7/element/f.B55463C57E9AF0A410606F152102B326.d.7C133B2E48B59143D2ACB6775FF26AE0.e.3538/click - {}
RESULT: undefined
COMMAND: POST /session/ddd4ac3aad1fb7ec919da6d4489b57c7/execute/async - {"script":"<script> [6424 bytes]","args":[{"element-6066-11e4-a52e-4f735466cecf":"f.B55463C57E9AF0A410606F152102B326.d.7C133B2E48B59143D2ACB6775FF26AE0.e.218"},"getTitle",[]]}
COMMAND: POST /session/ddd4ac3aad1fb7ec919da6d4489b57c7/execute/async - {"script":"<script> [1562 bytes]","args":[{"selector":{"id":"shellAppTitle"},"wdio_ui5_key":"shellAppTitle"}]}
RESULT: {"script":"<script> [1562 bytes]","args":[{"selector":{"id":"shellAppTitle"},"wdio_ui5_key":"shellAppTitle"}]}
COMMAND: POST /session/ddd4ac3aad1fb7ec919da6d4489b57c7/execute/async - {"script":"<script> [6424 bytes]","args":[{"element-6066-11e4-a52e-4f735466cecf":"f.B55463C57E9AF0A410606F152102B326.d.7C133B2E48B59143D2ACB6775FF26AE0.e.3645"},"getTitle",[]]}
RESULT: {"script":"<script> [6424 bytes]","args":[{"element-6066-11e4-a52e-4f735466cecf":"f.B55463C57E9AF0A410606F152102B326.d.7C133B2E48B59143D2ACB6775FF26AE0.e.3645"},"getTitle",[]]}
RESULT: undefined
COMMAND: POST /session/ddd4ac3aad1fb7ec919da6d4489b57c7/element/f.B55463C57E9AF0A410606F152102B326.d.7C133B2E48B59143D2ACB6775FF26AE0.e.3413/click - {}
COMMAND: POST /session/ddd4ac3aad1fb7ec919da6d4489b57c7/element - {"using":"xpath","value":"//*[@id=\"backBtn\"]"}
RESULT: {"using":"xpath","value":"//*[@id=\"backBtn\"]"}
COMMAND: POST /session/ddd4ac3aad1fb7ec919da6d4489b57c7/element/f.B55463C57E9AF0A410606F152102B326.d.7C133B2E48B59143D2ACB6775FF26AE0.e.3413/click - {}
COMMAND: POST /session/ddd4ac3aad1fb7ec919da6d4489b57c7/element - {"using":"xpath","value":"//*[@id=\"backBtn\"]"}
RESULT: {"using":"xpath","value":"//*[@id=\"backBtn\"]"}
COMMAND: POST /session/ddd4ac3aad1fb7ec919da6d4489b57c7/element/f.B55463C57E9AF0A410606F152102B326.d.7C133B2E48B59143D2ACB6775FF26AE0.e.3646/click - {}
RESULT: {}
COMMAND: GET /session/ddd4ac3aad1fb7ec919da6d4489b57c7/screenshot - {}
RESULT: {}
]]></system-out>
    </testcase>
    <testcase classname="chrome.136_0_7103_49.windows.Sanity_Tests_US104253" name="Should open ISC Tasks page" time="36.348">
      <system-out><![CDATA[
COMMAND: POST /session/ddd4ac3aad1fb7ec919da6d4489b57c7/execute/async - {"script":"<script> [1562 bytes]","args":[{"selector":{"controlType":"sap.m.GenericTile","properties":{"header":"ISC Tasks"}},"wdio_ui5_key":"sapm.GenericTile{\"header\":\"ISC Tasks\"}"}]}
RESULT: {"script":"<script> [1562 bytes]","args":[{"selector":{"controlType":"sap.m.GenericTile","properties":{"header":"ISC Tasks"}},"wdio_ui5_key":"sapm.GenericTile{\"header\":\"ISC Tasks\"}"}]}
RESULT: undefined
COMMAND: POST /session/ddd4ac3aad1fb7ec919da6d4489b57c7/element - {"using":"xpath","value":"//*[@id=\"__tile110\"]"}
RESULT: {"using":"xpath","value":"//*[@id=\"__tile110\"]"}
COMMAND: POST /session/ddd4ac3aad1fb7ec919da6d4489b57c7/element/f.B55463C57E9AF0A410606F152102B326.d.7C133B2E48B59143D2ACB6775FF26AE0.e.3648/click - {}
RESULT: {}
COMMAND: GET /session/ddd4ac3aad1fb7ec919da6d4489b57c7/screenshot - {}
RESULT: {}
COMMAND: POST /session/ddd4ac3aad1fb7ec919da6d4489b57c7/elements - {"using":"xpath","value":"//span[text()='Error']"}
RESULT: {"using":"xpath","value":"//span[text()='Error']"}
RESULT: undefined
COMMAND: POST /session/ddd4ac3aad1fb7ec919da6d4489b57c7/element - {"using":"xpath","value":"//*[@id=\"__tile110\"]"}
RESULT: {"using":"xpath","value":"//*[@id=\"__tile110\"]"}
COMMAND: POST /session/ddd4ac3aad1fb7ec919da6d4489b57c7/element/f.B55463C57E9AF0A410606F152102B326.d.7C133B2E48B59143D2ACB6775FF26AE0.e.3648/click - {}
RESULT: undefined
COMMAND: POST /session/ddd4ac3aad1fb7ec919da6d4489b57c7/element - {"using":"xpath","value":"//*[@id=\"__tile110\"]"}
RESULT: {"using":"xpath","value":"//*[@id=\"__tile110\"]"}
COMMAND: POST /session/ddd4ac3aad1fb7ec919da6d4489b57c7/element/f.B55463C57E9AF0A410606F152102B326.d.7C133B2E48B59143D2ACB6775FF26AE0.e.3648/click - {}
RESULT: undefined
COMMAND: POST /session/ddd4ac3aad1fb7ec919da6d4489b57c7/execute/async - {"script":"<script> [6424 bytes]","args":[{"element-6066-11e4-a52e-4f735466cecf":"f.B55463C57E9AF0A410606F152102B326.d.7C133B2E48B59143D2ACB6775FF26AE0.e.218"},"getTitle",[]]}
COMMAND: POST /session/ddd4ac3aad1fb7ec919da6d4489b57c7/execute/async - {"script":"<script> [1562 bytes]","args":[{"selector":{"id":"shellAppTitle"},"wdio_ui5_key":"shellAppTitle"}]}
RESULT: {"script":"<script> [1562 bytes]","args":[{"selector":{"id":"shellAppTitle"},"wdio_ui5_key":"shellAppTitle"}]}
COMMAND: POST /session/ddd4ac3aad1fb7ec919da6d4489b57c7/execute/async - {"script":"<script> [6424 bytes]","args":[{"element-6066-11e4-a52e-4f735466cecf":"f.B55463C57E9AF0A410606F152102B326.d.7C133B2E48B59143D2ACB6775FF26AE0.e.3744"},"getTitle",[]]}
RESULT: {"script":"<script> [6424 bytes]","args":[{"element-6066-11e4-a52e-4f735466cecf":"f.B55463C57E9AF0A410606F152102B326.d.7C133B2E48B59143D2ACB6775FF26AE0.e.3744"},"getTitle",[]]}
RESULT: undefined
COMMAND: POST /session/ddd4ac3aad1fb7ec919da6d4489b57c7/element/f.B55463C57E9AF0A410606F152102B326.d.7C133B2E48B59143D2ACB6775FF26AE0.e.3646/click - {}
RESULT: {}
COMMAND: GET /session/ddd4ac3aad1fb7ec919da6d4489b57c7/screenshot - {}
RESULT: {}
]]></system-out>
    </testcase>
    <testcase classname="chrome.136_0_7103_49.windows.Sanity_Tests_US104253" name="Should open Manage Resource Logbook page" time="35.945">
      <system-out><![CDATA[
COMMAND: POST /session/ddd4ac3aad1fb7ec919da6d4489b57c7/execute/async - {"script":"<script> [1562 bytes]","args":[{"selector":{"controlType":"sap.m.GenericTile","properties":{"header":"Manage Resource Logbook"}},"wdio_ui5_key":"sapm.GenericTile{\"header\":\"Manage Resource Logbook\"}"}]}
RESULT: {"script":"<script> [1562 bytes]","args":[{"selector":{"controlType":"sap.m.GenericTile","properties":{"header":"Manage Resource Logbook"}},"wdio_ui5_key":"sapm.GenericTile{\"header\":\"Manage Resource Logbook\"}"}]}
RESULT: undefined
COMMAND: POST /session/ddd4ac3aad1fb7ec919da6d4489b57c7/element - {"using":"xpath","value":"//*[@id=\"__tile113\"]"}
RESULT: {"using":"xpath","value":"//*[@id=\"__tile113\"]"}
COMMAND: POST /session/ddd4ac3aad1fb7ec919da6d4489b57c7/element/f.B55463C57E9AF0A410606F152102B326.d.7C133B2E48B59143D2ACB6775FF26AE0.e.3746/click - {}
RESULT: {}
COMMAND: GET /session/ddd4ac3aad1fb7ec919da6d4489b57c7/screenshot - {}
RESULT: {}
COMMAND: POST /session/ddd4ac3aad1fb7ec919da6d4489b57c7/elements - {"using":"xpath","value":"//span[text()='Error']"}
RESULT: {"using":"xpath","value":"//span[text()='Error']"}
RESULT: undefined
COMMAND: POST /session/ddd4ac3aad1fb7ec919da6d4489b57c7/element - {"using":"xpath","value":"//*[@id=\"__tile113\"]"}
RESULT: {"using":"xpath","value":"//*[@id=\"__tile113\"]"}
COMMAND: POST /session/ddd4ac3aad1fb7ec919da6d4489b57c7/element/f.B55463C57E9AF0A410606F152102B326.d.7C133B2E48B59143D2ACB6775FF26AE0.e.3746/click - {}
RESULT: undefined
COMMAND: POST /session/ddd4ac3aad1fb7ec919da6d4489b57c7/element - {"using":"xpath","value":"//*[@id=\"__tile113\"]"}
RESULT: {"using":"xpath","value":"//*[@id=\"__tile113\"]"}
COMMAND: POST /session/ddd4ac3aad1fb7ec919da6d4489b57c7/element/f.B55463C57E9AF0A410606F152102B326.d.7C133B2E48B59143D2ACB6775FF26AE0.e.3746/click - {}
RESULT: undefined
COMMAND: POST /session/ddd4ac3aad1fb7ec919da6d4489b57c7/execute/async - {"script":"<script> [6424 bytes]","args":[{"element-6066-11e4-a52e-4f735466cecf":"f.B55463C57E9AF0A410606F152102B326.d.7C133B2E48B59143D2ACB6775FF26AE0.e.218"},"getTitle",[]]}
COMMAND: POST /session/ddd4ac3aad1fb7ec919da6d4489b57c7/execute/async - {"script":"<script> [1562 bytes]","args":[{"selector":{"id":"shellAppTitle"},"wdio_ui5_key":"shellAppTitle"}]}
RESULT: {"script":"<script> [1562 bytes]","args":[{"selector":{"id":"shellAppTitle"},"wdio_ui5_key":"shellAppTitle"}]}
COMMAND: POST /session/ddd4ac3aad1fb7ec919da6d4489b57c7/execute/async - {"script":"<script> [6424 bytes]","args":[{"element-6066-11e4-a52e-4f735466cecf":"f.B55463C57E9AF0A410606F152102B326.d.7C133B2E48B59143D2ACB6775FF26AE0.e.4116"},"getTitle",[]]}
RESULT: {"script":"<script> [6424 bytes]","args":[{"element-6066-11e4-a52e-4f735466cecf":"f.B55463C57E9AF0A410606F152102B326.d.7C133B2E48B59143D2ACB6775FF26AE0.e.4116"},"getTitle",[]]}
RESULT: undefined
COMMAND: POST /session/ddd4ac3aad1fb7ec919da6d4489b57c7/element/f.B55463C57E9AF0A410606F152102B326.d.7C133B2E48B59143D2ACB6775FF26AE0.e.3646/click - {}
COMMAND: POST /session/ddd4ac3aad1fb7ec919da6d4489b57c7/element - {"using":"xpath","value":"//*[@id=\"backBtn\"]"}
RESULT: {"using":"xpath","value":"//*[@id=\"backBtn\"]"}
COMMAND: POST /session/ddd4ac3aad1fb7ec919da6d4489b57c7/element/f.B55463C57E9AF0A410606F152102B326.d.7C133B2E48B59143D2ACB6775FF26AE0.e.3646/click - {}
COMMAND: POST /session/ddd4ac3aad1fb7ec919da6d4489b57c7/element - {"using":"xpath","value":"//*[@id=\"backBtn\"]"}
RESULT: {"using":"xpath","value":"//*[@id=\"backBtn\"]"}
COMMAND: POST /session/ddd4ac3aad1fb7ec919da6d4489b57c7/element/f.B55463C57E9AF0A410606F152102B326.d.7C133B2E48B59143D2ACB6775FF26AE0.e.4117/click - {}
RESULT: {}
COMMAND: GET /session/ddd4ac3aad1fb7ec919da6d4489b57c7/screenshot - {}
RESULT: {}
]]></system-out>
    </testcase>
    <testcase classname="chrome.136_0_7103_49.windows.Sanity_Tests_US104253" name="Should open Manage Logbook page" time="36.875">
      <system-out><![CDATA[
COMMAND: POST /session/ddd4ac3aad1fb7ec919da6d4489b57c7/execute/async - {"script":"<script> [1562 bytes]","args":[{"selector":{"controlType":"sap.m.GenericTile","properties":{"header":"Manage Logbook"}},"wdio_ui5_key":"sapm.GenericTile{\"header\":\"Manage Logbook\"}"}]}
RESULT: {"script":"<script> [1562 bytes]","args":[{"selector":{"controlType":"sap.m.GenericTile","properties":{"header":"Manage Logbook"}},"wdio_ui5_key":"sapm.GenericTile{\"header\":\"Manage Logbook\"}"}]}
RESULT: undefined
COMMAND: POST /session/ddd4ac3aad1fb7ec919da6d4489b57c7/element - {"using":"xpath","value":"//*[@id=\"__tile112\"]"}
RESULT: {"using":"xpath","value":"//*[@id=\"__tile112\"]"}
COMMAND: POST /session/ddd4ac3aad1fb7ec919da6d4489b57c7/element/f.B55463C57E9AF0A410606F152102B326.d.7C133B2E48B59143D2ACB6775FF26AE0.e.4119/click - {}
RESULT: {}
COMMAND: GET /session/ddd4ac3aad1fb7ec919da6d4489b57c7/screenshot - {}
RESULT: {}
COMMAND: POST /session/ddd4ac3aad1fb7ec919da6d4489b57c7/elements - {"using":"xpath","value":"//span[text()='Error']"}
RESULT: {"using":"xpath","value":"//span[text()='Error']"}
RESULT: undefined
COMMAND: POST /session/ddd4ac3aad1fb7ec919da6d4489b57c7/element - {"using":"xpath","value":"//*[@id=\"__tile112\"]"}
RESULT: {"using":"xpath","value":"//*[@id=\"__tile112\"]"}
COMMAND: POST /session/ddd4ac3aad1fb7ec919da6d4489b57c7/element/f.B55463C57E9AF0A410606F152102B326.d.7C133B2E48B59143D2ACB6775FF26AE0.e.4119/click - {}
RESULT: undefined
COMMAND: POST /session/ddd4ac3aad1fb7ec919da6d4489b57c7/element - {"using":"xpath","value":"//*[@id=\"__tile112\"]"}
RESULT: {"using":"xpath","value":"//*[@id=\"__tile112\"]"}
COMMAND: POST /session/ddd4ac3aad1fb7ec919da6d4489b57c7/element/f.B55463C57E9AF0A410606F152102B326.d.7C133B2E48B59143D2ACB6775FF26AE0.e.4119/click - {}
RESULT: undefined
COMMAND: POST /session/ddd4ac3aad1fb7ec919da6d4489b57c7/execute/async - {"script":"<script> [6424 bytes]","args":[{"element-6066-11e4-a52e-4f735466cecf":"f.B55463C57E9AF0A410606F152102B326.d.7C133B2E48B59143D2ACB6775FF26AE0.e.218"},"getTitle",[]]}
COMMAND: POST /session/ddd4ac3aad1fb7ec919da6d4489b57c7/execute/async - {"script":"<script> [1562 bytes]","args":[{"selector":{"id":"shellAppTitle"},"wdio_ui5_key":"shellAppTitle"}]}
RESULT: {"script":"<script> [1562 bytes]","args":[{"selector":{"id":"shellAppTitle"},"wdio_ui5_key":"shellAppTitle"}]}
COMMAND: POST /session/ddd4ac3aad1fb7ec919da6d4489b57c7/execute/async - {"script":"<script> [6424 bytes]","args":[{"element-6066-11e4-a52e-4f735466cecf":"f.B55463C57E9AF0A410606F152102B326.d.7C133B2E48B59143D2ACB6775FF26AE0.e.4204"},"getTitle",[]]}
RESULT: {"script":"<script> [6424 bytes]","args":[{"element-6066-11e4-a52e-4f735466cecf":"f.B55463C57E9AF0A410606F152102B326.d.7C133B2E48B59143D2ACB6775FF26AE0.e.4204"},"getTitle",[]]}
RESULT: undefined
COMMAND: POST /session/ddd4ac3aad1fb7ec919da6d4489b57c7/element/f.B55463C57E9AF0A410606F152102B326.d.7C133B2E48B59143D2ACB6775FF26AE0.e.4117/click - {}
RESULT: {}
COMMAND: GET /session/ddd4ac3aad1fb7ec919da6d4489b57c7/screenshot - {}
RESULT: {}
]]></system-out>
    </testcase>
    <testcase classname="chrome.136_0_7103_49.windows.Sanity_Tests_US104253" name="Should open ISC Orders Calendar page" time="37.229">
      <system-out><![CDATA[
COMMAND: POST /session/ddd4ac3aad1fb7ec919da6d4489b57c7/execute/async - {"script":"<script> [1562 bytes]","args":[{"selector":{"controlType":"sap.m.GenericTile","properties":{"header":"ISC Orders Calendar"}},"wdio_ui5_key":"sapm.GenericTile{\"header\":\"ISC Orders Calendar\"}"}]}
RESULT: {"script":"<script> [1562 bytes]","args":[{"selector":{"controlType":"sap.m.GenericTile","properties":{"header":"ISC Orders Calendar"}},"wdio_ui5_key":"sapm.GenericTile{\"header\":\"ISC Orders Calendar\"}"}]}
RESULT: undefined
COMMAND: POST /session/ddd4ac3aad1fb7ec919da6d4489b57c7/element - {"using":"xpath","value":"//*[@id=\"__tile107\"]"}
RESULT: {"using":"xpath","value":"//*[@id=\"__tile107\"]"}
COMMAND: POST /session/ddd4ac3aad1fb7ec919da6d4489b57c7/element/f.B55463C57E9AF0A410606F152102B326.d.7C133B2E48B59143D2ACB6775FF26AE0.e.4206/click - {}
RESULT: {}
COMMAND: GET /session/ddd4ac3aad1fb7ec919da6d4489b57c7/screenshot - {}
RESULT: {}
COMMAND: POST /session/ddd4ac3aad1fb7ec919da6d4489b57c7/elements - {"using":"xpath","value":"//span[text()='Error']"}
RESULT: {"using":"xpath","value":"//span[text()='Error']"}
RESULT: undefined
COMMAND: POST /session/ddd4ac3aad1fb7ec919da6d4489b57c7/element - {"using":"xpath","value":"//*[@id=\"__tile107\"]"}
RESULT: {"using":"xpath","value":"//*[@id=\"__tile107\"]"}
COMMAND: POST /session/ddd4ac3aad1fb7ec919da6d4489b57c7/element/f.B55463C57E9AF0A410606F152102B326.d.7C133B2E48B59143D2ACB6775FF26AE0.e.4206/click - {}
RESULT: undefined
COMMAND: POST /session/ddd4ac3aad1fb7ec919da6d4489b57c7/element - {"using":"xpath","value":"//*[@id=\"__tile107\"]"}
RESULT: {"using":"xpath","value":"//*[@id=\"__tile107\"]"}
COMMAND: POST /session/ddd4ac3aad1fb7ec919da6d4489b57c7/element/f.B55463C57E9AF0A410606F152102B326.d.7C133B2E48B59143D2ACB6775FF26AE0.e.4206/click - {}
RESULT: undefined
COMMAND: POST /session/ddd4ac3aad1fb7ec919da6d4489b57c7/execute/async - {"script":"<script> [6424 bytes]","args":[{"element-6066-11e4-a52e-4f735466cecf":"f.B55463C57E9AF0A410606F152102B326.d.7C133B2E48B59143D2ACB6775FF26AE0.e.218"},"getTitle",[]]}
COMMAND: POST /session/ddd4ac3aad1fb7ec919da6d4489b57c7/execute/async - {"script":"<script> [1562 bytes]","args":[{"selector":{"id":"shellAppTitle"},"wdio_ui5_key":"shellAppTitle"}]}
RESULT: {"script":"<script> [1562 bytes]","args":[{"selector":{"id":"shellAppTitle"},"wdio_ui5_key":"shellAppTitle"}]}
COMMAND: POST /session/ddd4ac3aad1fb7ec919da6d4489b57c7/execute/async - {"script":"<script> [6424 bytes]","args":[{"element-6066-11e4-a52e-4f735466cecf":"f.B55463C57E9AF0A410606F152102B326.d.7C133B2E48B59143D2ACB6775FF26AE0.e.4415"},"getTitle",[]]}
RESULT: {"script":"<script> [6424 bytes]","args":[{"element-6066-11e4-a52e-4f735466cecf":"f.B55463C57E9AF0A410606F152102B326.d.7C133B2E48B59143D2ACB6775FF26AE0.e.4415"},"getTitle",[]]}
RESULT: undefined
COMMAND: POST /session/ddd4ac3aad1fb7ec919da6d4489b57c7/element/f.B55463C57E9AF0A410606F152102B326.d.7C133B2E48B59143D2ACB6775FF26AE0.e.4117/click - {}
COMMAND: POST /session/ddd4ac3aad1fb7ec919da6d4489b57c7/element - {"using":"xpath","value":"//*[@id=\"backBtn\"]"}
RESULT: {"using":"xpath","value":"//*[@id=\"backBtn\"]"}
COMMAND: POST /session/ddd4ac3aad1fb7ec919da6d4489b57c7/element/f.B55463C57E9AF0A410606F152102B326.d.7C133B2E48B59143D2ACB6775FF26AE0.e.4117/click - {}
COMMAND: POST /session/ddd4ac3aad1fb7ec919da6d4489b57c7/element - {"using":"xpath","value":"//*[@id=\"backBtn\"]"}
RESULT: {"using":"xpath","value":"//*[@id=\"backBtn\"]"}
COMMAND: POST /session/ddd4ac3aad1fb7ec919da6d4489b57c7/element/f.B55463C57E9AF0A410606F152102B326.d.7C133B2E48B59143D2ACB6775FF26AE0.e.4416/click - {}
RESULT: {}
COMMAND: GET /session/ddd4ac3aad1fb7ec919da6d4489b57c7/screenshot - {}
RESULT: {}
]]></system-out>
    </testcase>
    <testcase classname="chrome.136_0_7103_49.windows.Sanity_Tests_US104253" name="Should open Configure System page" time="36.048">
      <system-out><![CDATA[
COMMAND: POST /session/ddd4ac3aad1fb7ec919da6d4489b57c7/execute/async - {"script":"<script> [1562 bytes]","args":[{"selector":{"controlType":"sap.m.GenericTile","properties":{"header":"Configure System"}},"wdio_ui5_key":"sapm.GenericTile{\"header\":\"Configure System\"}"}]}
RESULT: {"script":"<script> [1562 bytes]","args":[{"selector":{"controlType":"sap.m.GenericTile","properties":{"header":"Configure System"}},"wdio_ui5_key":"sapm.GenericTile{\"header\":\"Configure System\"}"}]}
RESULT: undefined
COMMAND: POST /session/ddd4ac3aad1fb7ec919da6d4489b57c7/element - {"using":"xpath","value":"//*[@id=\"__tile114\"]"}
RESULT: {"using":"xpath","value":"//*[@id=\"__tile114\"]"}
COMMAND: POST /session/ddd4ac3aad1fb7ec919da6d4489b57c7/element/f.B55463C57E9AF0A410606F152102B326.d.7C133B2E48B59143D2ACB6775FF26AE0.e.4418/click - {}
RESULT: {}
COMMAND: GET /session/ddd4ac3aad1fb7ec919da6d4489b57c7/screenshot - {}
RESULT: {}
COMMAND: POST /session/ddd4ac3aad1fb7ec919da6d4489b57c7/elements - {"using":"xpath","value":"//span[text()='Error']"}
RESULT: {"using":"xpath","value":"//span[text()='Error']"}
RESULT: undefined
COMMAND: POST /session/ddd4ac3aad1fb7ec919da6d4489b57c7/element - {"using":"xpath","value":"//*[@id=\"__tile114\"]"}
RESULT: {"using":"xpath","value":"//*[@id=\"__tile114\"]"}
COMMAND: POST /session/ddd4ac3aad1fb7ec919da6d4489b57c7/element/f.B55463C57E9AF0A410606F152102B326.d.7C133B2E48B59143D2ACB6775FF26AE0.e.4418/click - {}
RESULT: undefined
COMMAND: POST /session/ddd4ac3aad1fb7ec919da6d4489b57c7/element - {"using":"xpath","value":"//*[@id=\"__tile114\"]"}
RESULT: {"using":"xpath","value":"//*[@id=\"__tile114\"]"}
COMMAND: POST /session/ddd4ac3aad1fb7ec919da6d4489b57c7/element/f.B55463C57E9AF0A410606F152102B326.d.7C133B2E48B59143D2ACB6775FF26AE0.e.4418/click - {}
RESULT: undefined
COMMAND: POST /session/ddd4ac3aad1fb7ec919da6d4489b57c7/execute/async - {"script":"<script> [6424 bytes]","args":[{"element-6066-11e4-a52e-4f735466cecf":"f.B55463C57E9AF0A410606F152102B326.d.7C133B2E48B59143D2ACB6775FF26AE0.e.218"},"getTitle",[]]}
COMMAND: POST /session/ddd4ac3aad1fb7ec919da6d4489b57c7/execute/async - {"script":"<script> [1562 bytes]","args":[{"selector":{"id":"shellAppTitle"},"wdio_ui5_key":"shellAppTitle"}]}
RESULT: {"script":"<script> [1562 bytes]","args":[{"selector":{"id":"shellAppTitle"},"wdio_ui5_key":"shellAppTitle"}]}
COMMAND: POST /session/ddd4ac3aad1fb7ec919da6d4489b57c7/execute/async - {"script":"<script> [6424 bytes]","args":[{"element-6066-11e4-a52e-4f735466cecf":"f.B55463C57E9AF0A410606F152102B326.d.7C133B2E48B59143D2ACB6775FF26AE0.e.4459"},"getTitle",[]]}
RESULT: {"script":"<script> [6424 bytes]","args":[{"element-6066-11e4-a52e-4f735466cecf":"f.B55463C57E9AF0A410606F152102B326.d.7C133B2E48B59143D2ACB6775FF26AE0.e.4459"},"getTitle",[]]}
RESULT: undefined
COMMAND: POST /session/ddd4ac3aad1fb7ec919da6d4489b57c7/element/f.B55463C57E9AF0A410606F152102B326.d.7C133B2E48B59143D2ACB6775FF26AE0.e.4416/click - {}
RESULT: {}
COMMAND: GET /session/ddd4ac3aad1fb7ec919da6d4489b57c7/screenshot - {}
RESULT: {}
]]></system-out>
    </testcase>
    <testcase classname="chrome.136_0_7103_49.windows.Sanity_Tests_US104253" name="Should open Manage Classifications page" time="39.059">
      <system-out><![CDATA[
COMMAND: POST /session/ddd4ac3aad1fb7ec919da6d4489b57c7/execute/async - {"script":"<script> [1562 bytes]","args":[{"selector":{"controlType":"sap.m.GenericTile","properties":{"header":"Manage Classifications"}},"wdio_ui5_key":"sapm.GenericTile{\"header\":\"Manage Classifications\"}"}]}
RESULT: {"script":"<script> [1562 bytes]","args":[{"selector":{"controlType":"sap.m.GenericTile","properties":{"header":"Manage Classifications"}},"wdio_ui5_key":"sapm.GenericTile{\"header\":\"Manage Classifications\"}"}]}
RESULT: undefined
COMMAND: POST /session/ddd4ac3aad1fb7ec919da6d4489b57c7/element - {"using":"xpath","value":"//*[@id=\"__tile115\"]"}
RESULT: {"using":"xpath","value":"//*[@id=\"__tile115\"]"}
COMMAND: POST /session/ddd4ac3aad1fb7ec919da6d4489b57c7/element/f.B55463C57E9AF0A410606F152102B326.d.7C133B2E48B59143D2ACB6775FF26AE0.e.4463/click - {}
RESULT: {}
COMMAND: GET /session/ddd4ac3aad1fb7ec919da6d4489b57c7/screenshot - {}
RESULT: {}
COMMAND: POST /session/ddd4ac3aad1fb7ec919da6d4489b57c7/elements - {"using":"xpath","value":"//span[text()='Error']"}
RESULT: {"using":"xpath","value":"//span[text()='Error']"}
RESULT: undefined
COMMAND: POST /session/ddd4ac3aad1fb7ec919da6d4489b57c7/element - {"using":"xpath","value":"//*[@id=\"__tile115\"]"}
RESULT: {"using":"xpath","value":"//*[@id=\"__tile115\"]"}
COMMAND: POST /session/ddd4ac3aad1fb7ec919da6d4489b57c7/element/f.B55463C57E9AF0A410606F152102B326.d.7C133B2E48B59143D2ACB6775FF26AE0.e.4463/click - {}
RESULT: undefined
COMMAND: POST /session/ddd4ac3aad1fb7ec919da6d4489b57c7/element - {"using":"xpath","value":"//*[@id=\"__tile115\"]"}
RESULT: {"using":"xpath","value":"//*[@id=\"__tile115\"]"}
COMMAND: POST /session/ddd4ac3aad1fb7ec919da6d4489b57c7/element/f.B55463C57E9AF0A410606F152102B326.d.7C133B2E48B59143D2ACB6775FF26AE0.e.4463/click - {}
RESULT: undefined
COMMAND: POST /session/ddd4ac3aad1fb7ec919da6d4489b57c7/execute/async - {"script":"<script> [6424 bytes]","args":[{"element-6066-11e4-a52e-4f735466cecf":"f.B55463C57E9AF0A410606F152102B326.d.7C133B2E48B59143D2ACB6775FF26AE0.e.218"},"getTitle",[]]}
COMMAND: POST /session/ddd4ac3aad1fb7ec919da6d4489b57c7/execute/async - {"script":"<script> [1562 bytes]","args":[{"selector":{"id":"shellAppTitle"},"wdio_ui5_key":"shellAppTitle"}]}
RESULT: {"script":"<script> [1562 bytes]","args":[{"selector":{"id":"shellAppTitle"},"wdio_ui5_key":"shellAppTitle"}]}
COMMAND: POST /session/ddd4ac3aad1fb7ec919da6d4489b57c7/execute/async - {"script":"<script> [6424 bytes]","args":[{"element-6066-11e4-a52e-4f735466cecf":"f.B55463C57E9AF0A410606F152102B326.d.7C133B2E48B59143D2ACB6775FF26AE0.e.4554"},"getTitle",[]]}
RESULT: {"script":"<script> [6424 bytes]","args":[{"element-6066-11e4-a52e-4f735466cecf":"f.B55463C57E9AF0A410606F152102B326.d.7C133B2E48B59143D2ACB6775FF26AE0.e.4554"},"getTitle",[]]}
RESULT: undefined
COMMAND: POST /session/ddd4ac3aad1fb7ec919da6d4489b57c7/element/f.B55463C57E9AF0A410606F152102B326.d.7C133B2E48B59143D2ACB6775FF26AE0.e.4416/click - {}
COMMAND: POST /session/ddd4ac3aad1fb7ec919da6d4489b57c7/element - {"using":"xpath","value":"//*[@id=\"backBtn\"]"}
RESULT: {"using":"xpath","value":"//*[@id=\"backBtn\"]"}
COMMAND: POST /session/ddd4ac3aad1fb7ec919da6d4489b57c7/element/f.B55463C57E9AF0A410606F152102B326.d.7C133B2E48B59143D2ACB6775FF26AE0.e.4416/click - {}
COMMAND: POST /session/ddd4ac3aad1fb7ec919da6d4489b57c7/element - {"using":"xpath","value":"//*[@id=\"backBtn\"]"}
RESULT: {"using":"xpath","value":"//*[@id=\"backBtn\"]"}
COMMAND: POST /session/ddd4ac3aad1fb7ec919da6d4489b57c7/element/f.B55463C57E9AF0A410606F152102B326.d.7C133B2E48B59143D2ACB6775FF26AE0.e.4555/click - {}
RESULT: {}
COMMAND: GET /session/ddd4ac3aad1fb7ec919da6d4489b57c7/screenshot - {}
RESULT: {}
]]></system-out>
    </testcase>
    <testcase classname="chrome.136_0_7103_49.windows.Sanity_Tests_US104253" name="Should open Data Explorer page" time="36.523">
      <system-out><![CDATA[
COMMAND: POST /session/ddd4ac3aad1fb7ec919da6d4489b57c7/execute/async - {"script":"<script> [1562 bytes]","args":[{"selector":{"controlType":"sap.m.GenericTile","properties":{"header":"Data Explorer"}},"wdio_ui5_key":"sapm.GenericTile{\"header\":\"Data Explorer\"}"}]}
RESULT: {"script":"<script> [1562 bytes]","args":[{"selector":{"controlType":"sap.m.GenericTile","properties":{"header":"Data Explorer"}},"wdio_ui5_key":"sapm.GenericTile{\"header\":\"Data Explorer\"}"}]}
RESULT: undefined
COMMAND: POST /session/ddd4ac3aad1fb7ec919da6d4489b57c7/element - {"using":"xpath","value":"//*[@id=\"__tile117\"]"}
RESULT: {"using":"xpath","value":"//*[@id=\"__tile117\"]"}
COMMAND: POST /session/ddd4ac3aad1fb7ec919da6d4489b57c7/element/f.B55463C57E9AF0A410606F152102B326.d.7C133B2E48B59143D2ACB6775FF26AE0.e.4557/click - {}
RESULT: {}
COMMAND: GET /session/ddd4ac3aad1fb7ec919da6d4489b57c7/screenshot - {}
RESULT: {}
COMMAND: POST /session/ddd4ac3aad1fb7ec919da6d4489b57c7/elements - {"using":"xpath","value":"//span[text()='Error']"}
RESULT: {"using":"xpath","value":"//span[text()='Error']"}
RESULT: undefined
COMMAND: POST /session/ddd4ac3aad1fb7ec919da6d4489b57c7/element - {"using":"xpath","value":"//*[@id=\"__tile117\"]"}
RESULT: {"using":"xpath","value":"//*[@id=\"__tile117\"]"}
COMMAND: POST /session/ddd4ac3aad1fb7ec919da6d4489b57c7/element/f.B55463C57E9AF0A410606F152102B326.d.7C133B2E48B59143D2ACB6775FF26AE0.e.4557/click - {}
RESULT: undefined
COMMAND: POST /session/ddd4ac3aad1fb7ec919da6d4489b57c7/element - {"using":"xpath","value":"//*[@id=\"__tile117\"]"}
RESULT: {"using":"xpath","value":"//*[@id=\"__tile117\"]"}
COMMAND: POST /session/ddd4ac3aad1fb7ec919da6d4489b57c7/element/f.B55463C57E9AF0A410606F152102B326.d.7C133B2E48B59143D2ACB6775FF26AE0.e.4557/click - {}
RESULT: undefined
COMMAND: POST /session/ddd4ac3aad1fb7ec919da6d4489b57c7/execute/async - {"script":"<script> [6424 bytes]","args":[{"element-6066-11e4-a52e-4f735466cecf":"f.B55463C57E9AF0A410606F152102B326.d.7C133B2E48B59143D2ACB6775FF26AE0.e.218"},"getTitle",[]]}
COMMAND: POST /session/ddd4ac3aad1fb7ec919da6d4489b57c7/execute/async - {"script":"<script> [1562 bytes]","args":[{"selector":{"id":"shellAppTitle"},"wdio_ui5_key":"shellAppTitle"}]}
RESULT: {"script":"<script> [1562 bytes]","args":[{"selector":{"id":"shellAppTitle"},"wdio_ui5_key":"shellAppTitle"}]}
COMMAND: POST /session/ddd4ac3aad1fb7ec919da6d4489b57c7/execute/async - {"script":"<script> [6424 bytes]","args":[{"element-6066-11e4-a52e-4f735466cecf":"f.B55463C57E9AF0A410606F152102B326.d.7C133B2E48B59143D2ACB6775FF26AE0.e.4896"},"getTitle",[]]}
RESULT: {"script":"<script> [6424 bytes]","args":[{"element-6066-11e4-a52e-4f735466cecf":"f.B55463C57E9AF0A410606F152102B326.d.7C133B2E48B59143D2ACB6775FF26AE0.e.4896"},"getTitle",[]]}
RESULT: undefined
COMMAND: POST /session/ddd4ac3aad1fb7ec919da6d4489b57c7/element/f.B55463C57E9AF0A410606F152102B326.d.7C133B2E48B59143D2ACB6775FF26AE0.e.4555/click - {}
RESULT: {}
COMMAND: GET /session/ddd4ac3aad1fb7ec919da6d4489b57c7/screenshot - {}
RESULT: {}
]]></system-out>
    </testcase>
    <testcase classname="chrome.136_0_7103_49.windows.Sanity_Tests_US104253" name="Should open Performance Monitor page" time="37.008">
      <system-out><![CDATA[
COMMAND: POST /session/ddd4ac3aad1fb7ec919da6d4489b57c7/execute/async - {"script":"<script> [1562 bytes]","args":[{"selector":{"controlType":"sap.m.GenericTile","properties":{"header":"Performance Monitor"}},"wdio_ui5_key":"sapm.GenericTile{\"header\":\"Performance Monitor\"}"}]}
RESULT: {"script":"<script> [1562 bytes]","args":[{"selector":{"controlType":"sap.m.GenericTile","properties":{"header":"Performance Monitor"}},"wdio_ui5_key":"sapm.GenericTile{\"header\":\"Performance Monitor\"}"}]}
RESULT: undefined
COMMAND: POST /session/ddd4ac3aad1fb7ec919da6d4489b57c7/element - {"using":"xpath","value":"//*[@id=\"__tile116\"]"}
RESULT: {"using":"xpath","value":"//*[@id=\"__tile116\"]"}
COMMAND: POST /session/ddd4ac3aad1fb7ec919da6d4489b57c7/element/f.B55463C57E9AF0A410606F152102B326.d.7C133B2E48B59143D2ACB6775FF26AE0.e.4898/click - {}
RESULT: {}
COMMAND: GET /session/ddd4ac3aad1fb7ec919da6d4489b57c7/screenshot - {}
RESULT: {}
COMMAND: POST /session/ddd4ac3aad1fb7ec919da6d4489b57c7/elements - {"using":"xpath","value":"//span[text()='Error']"}
RESULT: {"using":"xpath","value":"//span[text()='Error']"}
RESULT: undefined
COMMAND: POST /session/ddd4ac3aad1fb7ec919da6d4489b57c7/element - {"using":"xpath","value":"//*[@id=\"__tile116\"]"}
RESULT: {"using":"xpath","value":"//*[@id=\"__tile116\"]"}
COMMAND: POST /session/ddd4ac3aad1fb7ec919da6d4489b57c7/element/f.B55463C57E9AF0A410606F152102B326.d.7C133B2E48B59143D2ACB6775FF26AE0.e.4898/click - {}
RESULT: undefined
COMMAND: POST /session/ddd4ac3aad1fb7ec919da6d4489b57c7/element - {"using":"xpath","value":"//*[@id=\"__tile116\"]"}
RESULT: {"using":"xpath","value":"//*[@id=\"__tile116\"]"}
COMMAND: POST /session/ddd4ac3aad1fb7ec919da6d4489b57c7/element/f.B55463C57E9AF0A410606F152102B326.d.7C133B2E48B59143D2ACB6775FF26AE0.e.4898/click - {}
RESULT: undefined
COMMAND: POST /session/ddd4ac3aad1fb7ec919da6d4489b57c7/execute/async - {"script":"<script> [6424 bytes]","args":[{"element-6066-11e4-a52e-4f735466cecf":"f.B55463C57E9AF0A410606F152102B326.d.7C133B2E48B59143D2ACB6775FF26AE0.e.218"},"getTitle",[]]}
COMMAND: POST /session/ddd4ac3aad1fb7ec919da6d4489b57c7/execute/async - {"script":"<script> [1562 bytes]","args":[{"selector":{"id":"shellAppTitle"},"wdio_ui5_key":"shellAppTitle"}]}
RESULT: {"script":"<script> [1562 bytes]","args":[{"selector":{"id":"shellAppTitle"},"wdio_ui5_key":"shellAppTitle"}]}
COMMAND: POST /session/ddd4ac3aad1fb7ec919da6d4489b57c7/execute/async - {"script":"<script> [6424 bytes]","args":[{"element-6066-11e4-a52e-4f735466cecf":"f.B55463C57E9AF0A410606F152102B326.d.7C133B2E48B59143D2ACB6775FF26AE0.e.4938"},"getTitle",[]]}
RESULT: {"script":"<script> [6424 bytes]","args":[{"element-6066-11e4-a52e-4f735466cecf":"f.B55463C57E9AF0A410606F152102B326.d.7C133B2E48B59143D2ACB6775FF26AE0.e.4938"},"getTitle",[]]}
RESULT: undefined
COMMAND: POST /session/ddd4ac3aad1fb7ec919da6d4489b57c7/element/f.B55463C57E9AF0A410606F152102B326.d.7C133B2E48B59143D2ACB6775FF26AE0.e.4555/click - {}
COMMAND: POST /session/ddd4ac3aad1fb7ec919da6d4489b57c7/element - {"using":"xpath","value":"//*[@id=\"backBtn\"]"}
RESULT: {"using":"xpath","value":"//*[@id=\"backBtn\"]"}
COMMAND: POST /session/ddd4ac3aad1fb7ec919da6d4489b57c7/element/f.B55463C57E9AF0A410606F152102B326.d.7C133B2E48B59143D2ACB6775FF26AE0.e.4555/click - {}
COMMAND: POST /session/ddd4ac3aad1fb7ec919da6d4489b57c7/element - {"using":"xpath","value":"//*[@id=\"backBtn\"]"}
RESULT: {"using":"xpath","value":"//*[@id=\"backBtn\"]"}
COMMAND: POST /session/ddd4ac3aad1fb7ec919da6d4489b57c7/element/f.B55463C57E9AF0A410606F152102B326.d.7C133B2E48B59143D2ACB6775FF26AE0.e.4939/click - {}
RESULT: {}
COMMAND: GET /session/ddd4ac3aad1fb7ec919da6d4489b57c7/screenshot - {}
RESULT: {}
]]></system-out>
    </testcase>
    <testcase classname="chrome.136_0_7103_49.windows.Sanity_Tests_US104253" name="Should open Organizational Model page" time="36.919">
      <system-out><![CDATA[
COMMAND: POST /session/ddd4ac3aad1fb7ec919da6d4489b57c7/execute/async - {"script":"<script> [1562 bytes]","args":[{"selector":{"controlType":"sap.m.GenericTile","properties":{"header":"Organizational Model"}},"wdio_ui5_key":"sapm.GenericTile{\"header\":\"Organizational Model\"}"}]}
RESULT: {"script":"<script> [1562 bytes]","args":[{"selector":{"controlType":"sap.m.GenericTile","properties":{"header":"Organizational Model"}},"wdio_ui5_key":"sapm.GenericTile{\"header\":\"Organizational Model\"}"}]}
RESULT: undefined
COMMAND: POST /session/ddd4ac3aad1fb7ec919da6d4489b57c7/element - {"using":"xpath","value":"//*[@id=\"__tile120\"]"}
RESULT: {"using":"xpath","value":"//*[@id=\"__tile120\"]"}
COMMAND: POST /session/ddd4ac3aad1fb7ec919da6d4489b57c7/element/f.B55463C57E9AF0A410606F152102B326.d.7C133B2E48B59143D2ACB6775FF26AE0.e.4942/click - {}
RESULT: {}
COMMAND: GET /session/ddd4ac3aad1fb7ec919da6d4489b57c7/screenshot - {}
RESULT: {}
COMMAND: POST /session/ddd4ac3aad1fb7ec919da6d4489b57c7/elements - {"using":"xpath","value":"//span[text()='Error']"}
RESULT: {"using":"xpath","value":"//span[text()='Error']"}
RESULT: undefined
COMMAND: POST /session/ddd4ac3aad1fb7ec919da6d4489b57c7/element - {"using":"xpath","value":"//*[@id=\"__tile120\"]"}
RESULT: {"using":"xpath","value":"//*[@id=\"__tile120\"]"}
COMMAND: POST /session/ddd4ac3aad1fb7ec919da6d4489b57c7/element/f.B55463C57E9AF0A410606F152102B326.d.7C133B2E48B59143D2ACB6775FF26AE0.e.4942/click - {}
RESULT: undefined
COMMAND: POST /session/ddd4ac3aad1fb7ec919da6d4489b57c7/element - {"using":"xpath","value":"//*[@id=\"__tile120\"]"}
RESULT: {"using":"xpath","value":"//*[@id=\"__tile120\"]"}
COMMAND: POST /session/ddd4ac3aad1fb7ec919da6d4489b57c7/element/f.B55463C57E9AF0A410606F152102B326.d.7C133B2E48B59143D2ACB6775FF26AE0.e.4942/click - {}
RESULT: undefined
COMMAND: POST /session/ddd4ac3aad1fb7ec919da6d4489b57c7/execute/async - {"script":"<script> [6424 bytes]","args":[{"element-6066-11e4-a52e-4f735466cecf":"f.B55463C57E9AF0A410606F152102B326.d.7C133B2E48B59143D2ACB6775FF26AE0.e.218"},"getTitle",[]]}
COMMAND: POST /session/ddd4ac3aad1fb7ec919da6d4489b57c7/execute/async - {"script":"<script> [1562 bytes]","args":[{"selector":{"id":"shellAppTitle"},"wdio_ui5_key":"shellAppTitle"}]}
RESULT: {"script":"<script> [1562 bytes]","args":[{"selector":{"id":"shellAppTitle"},"wdio_ui5_key":"shellAppTitle"}]}
COMMAND: POST /session/ddd4ac3aad1fb7ec919da6d4489b57c7/execute/async - {"script":"<script> [6424 bytes]","args":[{"element-6066-11e4-a52e-4f735466cecf":"f.B55463C57E9AF0A410606F152102B326.d.7C133B2E48B59143D2ACB6775FF26AE0.e.4960"},"getTitle",[]]}
RESULT: {"script":"<script> [6424 bytes]","args":[{"element-6066-11e4-a52e-4f735466cecf":"f.B55463C57E9AF0A410606F152102B326.d.7C133B2E48B59143D2ACB6775FF26AE0.e.4960"},"getTitle",[]]}
RESULT: undefined
COMMAND: POST /session/ddd4ac3aad1fb7ec919da6d4489b57c7/element/f.B55463C57E9AF0A410606F152102B326.d.7C133B2E48B59143D2ACB6775FF26AE0.e.4939/click - {}
RESULT: {}
COMMAND: GET /session/ddd4ac3aad1fb7ec919da6d4489b57c7/screenshot - {}
RESULT: {}
]]></system-out>
    </testcase>
    <testcase classname="chrome.136_0_7103_49.windows.Sanity_Tests_US104253" name="Should open Manage Roles page" time="37.659">
      <system-out><![CDATA[
COMMAND: POST /session/ddd4ac3aad1fb7ec919da6d4489b57c7/execute/async - {"script":"<script> [1562 bytes]","args":[{"selector":{"controlType":"sap.m.GenericTile","properties":{"header":"Manage Roles"}},"wdio_ui5_key":"sapm.GenericTile{\"header\":\"Manage Roles\"}"}]}
RESULT: {"script":"<script> [1562 bytes]","args":[{"selector":{"controlType":"sap.m.GenericTile","properties":{"header":"Manage Roles"}},"wdio_ui5_key":"sapm.GenericTile{\"header\":\"Manage Roles\"}"}]}
RESULT: undefined
COMMAND: POST /session/ddd4ac3aad1fb7ec919da6d4489b57c7/element - {"using":"xpath","value":"//*[@id=\"__tile119\"]"}
RESULT: {"using":"xpath","value":"//*[@id=\"__tile119\"]"}
COMMAND: POST /session/ddd4ac3aad1fb7ec919da6d4489b57c7/element/f.B55463C57E9AF0A410606F152102B326.d.7C133B2E48B59143D2ACB6775FF26AE0.e.4964/click - {}
RESULT: {}
COMMAND: GET /session/ddd4ac3aad1fb7ec919da6d4489b57c7/screenshot - {}
RESULT: {}
COMMAND: POST /session/ddd4ac3aad1fb7ec919da6d4489b57c7/elements - {"using":"xpath","value":"//span[text()='Error']"}
RESULT: {"using":"xpath","value":"//span[text()='Error']"}
RESULT: undefined
COMMAND: POST /session/ddd4ac3aad1fb7ec919da6d4489b57c7/element - {"using":"xpath","value":"//*[@id=\"__tile119\"]"}
RESULT: {"using":"xpath","value":"//*[@id=\"__tile119\"]"}
COMMAND: POST /session/ddd4ac3aad1fb7ec919da6d4489b57c7/element/f.B55463C57E9AF0A410606F152102B326.d.7C133B2E48B59143D2ACB6775FF26AE0.e.4964/click - {}
RESULT: undefined
COMMAND: POST /session/ddd4ac3aad1fb7ec919da6d4489b57c7/element - {"using":"xpath","value":"//*[@id=\"__tile119\"]"}
RESULT: {"using":"xpath","value":"//*[@id=\"__tile119\"]"}
COMMAND: POST /session/ddd4ac3aad1fb7ec919da6d4489b57c7/element/f.B55463C57E9AF0A410606F152102B326.d.7C133B2E48B59143D2ACB6775FF26AE0.e.4964/click - {}
RESULT: undefined
COMMAND: POST /session/ddd4ac3aad1fb7ec919da6d4489b57c7/execute/async - {"script":"<script> [6424 bytes]","args":[{"element-6066-11e4-a52e-4f735466cecf":"f.B55463C57E9AF0A410606F152102B326.d.7C133B2E48B59143D2ACB6775FF26AE0.e.218"},"getTitle",[]]}
COMMAND: POST /session/ddd4ac3aad1fb7ec919da6d4489b57c7/execute/async - {"script":"<script> [1562 bytes]","args":[{"selector":{"id":"shellAppTitle"},"wdio_ui5_key":"shellAppTitle"}]}
RESULT: {"script":"<script> [1562 bytes]","args":[{"selector":{"id":"shellAppTitle"},"wdio_ui5_key":"shellAppTitle"}]}
COMMAND: POST /session/ddd4ac3aad1fb7ec919da6d4489b57c7/execute/async - {"script":"<script> [6424 bytes]","args":[{"element-6066-11e4-a52e-4f735466cecf":"f.B55463C57E9AF0A410606F152102B326.d.7C133B2E48B59143D2ACB6775FF26AE0.e.5063"},"getTitle",[]]}
RESULT: {"script":"<script> [6424 bytes]","args":[{"element-6066-11e4-a52e-4f735466cecf":"f.B55463C57E9AF0A410606F152102B326.d.7C133B2E48B59143D2ACB6775FF26AE0.e.5063"},"getTitle",[]]}
RESULT: undefined
COMMAND: POST /session/ddd4ac3aad1fb7ec919da6d4489b57c7/element/f.B55463C57E9AF0A410606F152102B326.d.7C133B2E48B59143D2ACB6775FF26AE0.e.4939/click - {}
COMMAND: POST /session/ddd4ac3aad1fb7ec919da6d4489b57c7/element - {"using":"xpath","value":"//*[@id=\"backBtn\"]"}
RESULT: {"using":"xpath","value":"//*[@id=\"backBtn\"]"}
COMMAND: POST /session/ddd4ac3aad1fb7ec919da6d4489b57c7/element/f.B55463C57E9AF0A410606F152102B326.d.7C133B2E48B59143D2ACB6775FF26AE0.e.4939/click - {}
COMMAND: POST /session/ddd4ac3aad1fb7ec919da6d4489b57c7/element - {"using":"xpath","value":"//*[@id=\"backBtn\"]"}
RESULT: {"using":"xpath","value":"//*[@id=\"backBtn\"]"}
COMMAND: POST /session/ddd4ac3aad1fb7ec919da6d4489b57c7/element/f.B55463C57E9AF0A410606F152102B326.d.7C133B2E48B59143D2ACB6775FF26AE0.e.5064/click - {}
RESULT: {}
COMMAND: GET /session/ddd4ac3aad1fb7ec919da6d4489b57c7/screenshot - {}
RESULT: {}
]]></system-out>
    </testcase>
    <testcase classname="chrome.136_0_7103_49.windows.Sanity_Tests_US104253" name="Should open Authorization Tables page" time="36.153">
      <system-out><![CDATA[
COMMAND: POST /session/ddd4ac3aad1fb7ec919da6d4489b57c7/execute/async - {"script":"<script> [1562 bytes]","args":[{"selector":{"controlType":"sap.m.GenericTile","properties":{"header":"Authorization Tables"}},"wdio_ui5_key":"sapm.GenericTile{\"header\":\"Authorization Tables\"}"}]}
RESULT: {"script":"<script> [1562 bytes]","args":[{"selector":{"controlType":"sap.m.GenericTile","properties":{"header":"Authorization Tables"}},"wdio_ui5_key":"sapm.GenericTile{\"header\":\"Authorization Tables\"}"}]}
RESULT: undefined
COMMAND: POST /session/ddd4ac3aad1fb7ec919da6d4489b57c7/element - {"using":"xpath","value":"//*[@id=\"__tile118\"]"}
RESULT: {"using":"xpath","value":"//*[@id=\"__tile118\"]"}
COMMAND: POST /session/ddd4ac3aad1fb7ec919da6d4489b57c7/element/f.B55463C57E9AF0A410606F152102B326.d.7C133B2E48B59143D2ACB6775FF26AE0.e.5066/click - {}
RESULT: {}
COMMAND: GET /session/ddd4ac3aad1fb7ec919da6d4489b57c7/screenshot - {}
RESULT: {}
COMMAND: POST /session/ddd4ac3aad1fb7ec919da6d4489b57c7/elements - {"using":"xpath","value":"//span[text()='Error']"}
RESULT: {"using":"xpath","value":"//span[text()='Error']"}
RESULT: undefined
COMMAND: POST /session/ddd4ac3aad1fb7ec919da6d4489b57c7/element - {"using":"xpath","value":"//*[@id=\"__tile118\"]"}
RESULT: {"using":"xpath","value":"//*[@id=\"__tile118\"]"}
COMMAND: POST /session/ddd4ac3aad1fb7ec919da6d4489b57c7/element/f.B55463C57E9AF0A410606F152102B326.d.7C133B2E48B59143D2ACB6775FF26AE0.e.5066/click - {}
RESULT: undefined
COMMAND: POST /session/ddd4ac3aad1fb7ec919da6d4489b57c7/element - {"using":"xpath","value":"//*[@id=\"__tile118\"]"}
RESULT: {"using":"xpath","value":"//*[@id=\"__tile118\"]"}
COMMAND: POST /session/ddd4ac3aad1fb7ec919da6d4489b57c7/element/f.B55463C57E9AF0A410606F152102B326.d.7C133B2E48B59143D2ACB6775FF26AE0.e.5066/click - {}
RESULT: undefined
COMMAND: POST /session/ddd4ac3aad1fb7ec919da6d4489b57c7/execute/async - {"script":"<script> [6424 bytes]","args":[{"element-6066-11e4-a52e-4f735466cecf":"f.B55463C57E9AF0A410606F152102B326.d.7C133B2E48B59143D2ACB6775FF26AE0.e.218"},"getTitle",[]]}
COMMAND: POST /session/ddd4ac3aad1fb7ec919da6d4489b57c7/execute/async - {"script":"<script> [1562 bytes]","args":[{"selector":{"id":"shellAppTitle"},"wdio_ui5_key":"shellAppTitle"}]}
RESULT: {"script":"<script> [1562 bytes]","args":[{"selector":{"id":"shellAppTitle"},"wdio_ui5_key":"shellAppTitle"}]}
COMMAND: POST /session/ddd4ac3aad1fb7ec919da6d4489b57c7/execute/async - {"script":"<script> [6424 bytes]","args":[{"element-6066-11e4-a52e-4f735466cecf":"f.B55463C57E9AF0A410606F152102B326.d.7C133B2E48B59143D2ACB6775FF26AE0.e.5160"},"getTitle",[]]}
RESULT: {"script":"<script> [6424 bytes]","args":[{"element-6066-11e4-a52e-4f735466cecf":"f.B55463C57E9AF0A410606F152102B326.d.7C133B2E48B59143D2ACB6775FF26AE0.e.5160"},"getTitle",[]]}
RESULT: undefined
COMMAND: POST /session/ddd4ac3aad1fb7ec919da6d4489b57c7/element/f.B55463C57E9AF0A410606F152102B326.d.7C133B2E48B59143D2ACB6775FF26AE0.e.5064/click - {}
RESULT: {}
COMMAND: GET /session/ddd4ac3aad1fb7ec919da6d4489b57c7/screenshot - {}
RESULT: {}
]]></system-out>
    </testcase>
    <testcase classname="chrome.136_0_7103_49.windows.Sanity_Tests_US104253" name="Should open User Maintenance page" time="37.025">
      <system-out><![CDATA[
COMMAND: POST /session/ddd4ac3aad1fb7ec919da6d4489b57c7/execute/async - {"script":"<script> [1562 bytes]","args":[{"selector":{"controlType":"sap.m.GenericTile","properties":{"header":"User Maintenance"}},"wdio_ui5_key":"sapm.GenericTile{\"header\":\"User Maintenance\"}"}]}
RESULT: {"script":"<script> [1562 bytes]","args":[{"selector":{"controlType":"sap.m.GenericTile","properties":{"header":"User Maintenance"}},"wdio_ui5_key":"sapm.GenericTile{\"header\":\"User Maintenance\"}"}]}
RESULT: undefined
COMMAND: POST /session/ddd4ac3aad1fb7ec919da6d4489b57c7/element - {"using":"xpath","value":"//*[@id=\"__tile121\"]"}
RESULT: {"using":"xpath","value":"//*[@id=\"__tile121\"]"}
COMMAND: POST /session/ddd4ac3aad1fb7ec919da6d4489b57c7/element/f.B55463C57E9AF0A410606F152102B326.d.7C133B2E48B59143D2ACB6775FF26AE0.e.5162/click - {}
RESULT: {}
COMMAND: GET /session/ddd4ac3aad1fb7ec919da6d4489b57c7/screenshot - {}
RESULT: {}
COMMAND: POST /session/ddd4ac3aad1fb7ec919da6d4489b57c7/elements - {"using":"xpath","value":"//span[text()='Error']"}
RESULT: {"using":"xpath","value":"//span[text()='Error']"}
RESULT: undefined
COMMAND: POST /session/ddd4ac3aad1fb7ec919da6d4489b57c7/element - {"using":"xpath","value":"//*[@id=\"__tile121\"]"}
RESULT: {"using":"xpath","value":"//*[@id=\"__tile121\"]"}
COMMAND: POST /session/ddd4ac3aad1fb7ec919da6d4489b57c7/element/f.B55463C57E9AF0A410606F152102B326.d.7C133B2E48B59143D2ACB6775FF26AE0.e.5162/click - {}
RESULT: undefined
COMMAND: POST /session/ddd4ac3aad1fb7ec919da6d4489b57c7/element - {"using":"xpath","value":"//*[@id=\"__tile121\"]"}
RESULT: {"using":"xpath","value":"//*[@id=\"__tile121\"]"}
COMMAND: POST /session/ddd4ac3aad1fb7ec919da6d4489b57c7/element/f.B55463C57E9AF0A410606F152102B326.d.7C133B2E48B59143D2ACB6775FF26AE0.e.5162/click - {}
RESULT: undefined
COMMAND: POST /session/ddd4ac3aad1fb7ec919da6d4489b57c7/execute/async - {"script":"<script> [6424 bytes]","args":[{"element-6066-11e4-a52e-4f735466cecf":"f.B55463C57E9AF0A410606F152102B326.d.7C133B2E48B59143D2ACB6775FF26AE0.e.218"},"getTitle",[]]}
COMMAND: POST /session/ddd4ac3aad1fb7ec919da6d4489b57c7/execute/async - {"script":"<script> [1562 bytes]","args":[{"selector":{"id":"shellAppTitle"},"wdio_ui5_key":"shellAppTitle"}]}
RESULT: {"script":"<script> [1562 bytes]","args":[{"selector":{"id":"shellAppTitle"},"wdio_ui5_key":"shellAppTitle"}]}
COMMAND: POST /session/ddd4ac3aad1fb7ec919da6d4489b57c7/execute/async - {"script":"<script> [6424 bytes]","args":[{"element-6066-11e4-a52e-4f735466cecf":"f.B55463C57E9AF0A410606F152102B326.d.7C133B2E48B59143D2ACB6775FF26AE0.e.5250"},"getTitle",[]]}
RESULT: {"script":"<script> [6424 bytes]","args":[{"element-6066-11e4-a52e-4f735466cecf":"f.B55463C57E9AF0A410606F152102B326.d.7C133B2E48B59143D2ACB6775FF26AE0.e.5250"},"getTitle",[]]}
RESULT: undefined
COMMAND: POST /session/ddd4ac3aad1fb7ec919da6d4489b57c7/element/f.B55463C57E9AF0A410606F152102B326.d.7C133B2E48B59143D2ACB6775FF26AE0.e.5064/click - {}
COMMAND: POST /session/ddd4ac3aad1fb7ec919da6d4489b57c7/element - {"using":"xpath","value":"//*[@id=\"backBtn\"]"}
RESULT: {"using":"xpath","value":"//*[@id=\"backBtn\"]"}
COMMAND: POST /session/ddd4ac3aad1fb7ec919da6d4489b57c7/element/f.B55463C57E9AF0A410606F152102B326.d.7C133B2E48B59143D2ACB6775FF26AE0.e.5064/click - {}
COMMAND: POST /session/ddd4ac3aad1fb7ec919da6d4489b57c7/element - {"using":"xpath","value":"//*[@id=\"backBtn\"]"}
RESULT: {"using":"xpath","value":"//*[@id=\"backBtn\"]"}
COMMAND: POST /session/ddd4ac3aad1fb7ec919da6d4489b57c7/element/f.B55463C57E9AF0A410606F152102B326.d.7C133B2E48B59143D2ACB6775FF26AE0.e.5251/click - {}
RESULT: {}
COMMAND: GET /session/ddd4ac3aad1fb7ec919da6d4489b57c7/screenshot - {}
RESULT: {}
]]></system-out>
    </testcase>
    <testcase classname="chrome.136_0_7103_49.windows.Sanity_Tests_US104253" name="Should open Schedule Jobs page" time="36.893">
      <system-out><![CDATA[
COMMAND: POST /session/ddd4ac3aad1fb7ec919da6d4489b57c7/execute/async - {"script":"<script> [1562 bytes]","args":[{"selector":{"controlType":"sap.m.GenericTile","properties":{"header":"Schedule Jobs"}},"wdio_ui5_key":"sapm.GenericTile{\"header\":\"Schedule Jobs\"}"}]}
RESULT: {"script":"<script> [1562 bytes]","args":[{"selector":{"controlType":"sap.m.GenericTile","properties":{"header":"Schedule Jobs"}},"wdio_ui5_key":"sapm.GenericTile{\"header\":\"Schedule Jobs\"}"}]}
RESULT: undefined
COMMAND: POST /session/ddd4ac3aad1fb7ec919da6d4489b57c7/element - {"using":"xpath","value":"//*[@id=\"__tile127\"]"}
RESULT: {"using":"xpath","value":"//*[@id=\"__tile127\"]"}
COMMAND: POST /session/ddd4ac3aad1fb7ec919da6d4489b57c7/element/f.B55463C57E9AF0A410606F152102B326.d.7C133B2E48B59143D2ACB6775FF26AE0.e.5254/click - {}
RESULT: {}
COMMAND: GET /session/ddd4ac3aad1fb7ec919da6d4489b57c7/screenshot - {}
RESULT: {}
COMMAND: POST /session/ddd4ac3aad1fb7ec919da6d4489b57c7/elements - {"using":"xpath","value":"//span[text()='Error']"}
RESULT: {"using":"xpath","value":"//span[text()='Error']"}
RESULT: undefined
COMMAND: POST /session/ddd4ac3aad1fb7ec919da6d4489b57c7/element - {"using":"xpath","value":"//*[@id=\"__tile127\"]"}
RESULT: {"using":"xpath","value":"//*[@id=\"__tile127\"]"}
COMMAND: POST /session/ddd4ac3aad1fb7ec919da6d4489b57c7/element/f.B55463C57E9AF0A410606F152102B326.d.7C133B2E48B59143D2ACB6775FF26AE0.e.5254/click - {}
RESULT: undefined
COMMAND: POST /session/ddd4ac3aad1fb7ec919da6d4489b57c7/element - {"using":"xpath","value":"//*[@id=\"__tile127\"]"}
RESULT: {"using":"xpath","value":"//*[@id=\"__tile127\"]"}
COMMAND: POST /session/ddd4ac3aad1fb7ec919da6d4489b57c7/element/f.B55463C57E9AF0A410606F152102B326.d.7C133B2E48B59143D2ACB6775FF26AE0.e.5254/click - {}
RESULT: undefined
COMMAND: POST /session/ddd4ac3aad1fb7ec919da6d4489b57c7/execute/async - {"script":"<script> [6424 bytes]","args":[{"element-6066-11e4-a52e-4f735466cecf":"f.B55463C57E9AF0A410606F152102B326.d.7C133B2E48B59143D2ACB6775FF26AE0.e.218"},"getTitle",[]]}
COMMAND: POST /session/ddd4ac3aad1fb7ec919da6d4489b57c7/execute/async - {"script":"<script> [1562 bytes]","args":[{"selector":{"id":"shellAppTitle"},"wdio_ui5_key":"shellAppTitle"}]}
RESULT: {"script":"<script> [1562 bytes]","args":[{"selector":{"id":"shellAppTitle"},"wdio_ui5_key":"shellAppTitle"}]}
COMMAND: POST /session/ddd4ac3aad1fb7ec919da6d4489b57c7/execute/async - {"script":"<script> [6424 bytes]","args":[{"element-6066-11e4-a52e-4f735466cecf":"f.B55463C57E9AF0A410606F152102B326.d.7C133B2E48B59143D2ACB6775FF26AE0.e.5298"},"getTitle",[]]}
RESULT: {"script":"<script> [6424 bytes]","args":[{"element-6066-11e4-a52e-4f735466cecf":"f.B55463C57E9AF0A410606F152102B326.d.7C133B2E48B59143D2ACB6775FF26AE0.e.5298"},"getTitle",[]]}
RESULT: undefined
COMMAND: POST /session/ddd4ac3aad1fb7ec919da6d4489b57c7/element/f.B55463C57E9AF0A410606F152102B326.d.7C133B2E48B59143D2ACB6775FF26AE0.e.5251/click - {}
COMMAND: POST /session/ddd4ac3aad1fb7ec919da6d4489b57c7/element/f.B55463C57E9AF0A410606F152102B326.d.7C133B2E48B59143D2ACB6775FF26AE0.e.5251/click - {}
RESULT: {}
COMMAND: GET /session/ddd4ac3aad1fb7ec919da6d4489b57c7/screenshot - {}
COMMAND: POST /session/ddd4ac3aad1fb7ec919da6d4489b57c7/element - {"using":"xpath","value":"//*[@id=\"backBtn\"]"}
RESULT: {}
RESULT: {"using":"xpath","value":"//*[@id=\"backBtn\"]"}
COMMAND: POST /session/ddd4ac3aad1fb7ec919da6d4489b57c7/elements - {"using":"xpath","value":"//*[@id=\"backBtn\"]"}
RESULT: {"using":"xpath","value":"//*[@id=\"backBtn\"]"}
COMMAND: POST /session/ddd4ac3aad1fb7ec919da6d4489b57c7/elements - {"using":"xpath","value":"//*[@id=\"backBtn\"]"}
RESULT: {"using":"xpath","value":"//*[@id=\"backBtn\"]"}
COMMAND: POST /session/ddd4ac3aad1fb7ec919da6d4489b57c7/elements - {"using":"xpath","value":"//*[@id=\"backBtn\"]"}
RESULT: {"using":"xpath","value":"//*[@id=\"backBtn\"]"}
COMMAND: POST /session/ddd4ac3aad1fb7ec919da6d4489b57c7/elements - {"using":"xpath","value":"//*[@id=\"backBtn\"]"}
RESULT: {"using":"xpath","value":"//*[@id=\"backBtn\"]"}
COMMAND: POST /session/ddd4ac3aad1fb7ec919da6d4489b57c7/elements - {"using":"xpath","value":"//*[@id=\"backBtn\"]"}
RESULT: {"using":"xpath","value":"//*[@id=\"backBtn\"]"}
COMMAND: POST /session/ddd4ac3aad1fb7ec919da6d4489b57c7/elements - {"using":"xpath","value":"//*[@id=\"backBtn\"]"}
RESULT: {"using":"xpath","value":"//*[@id=\"backBtn\"]"}
COMMAND: POST /session/ddd4ac3aad1fb7ec919da6d4489b57c7/elements - {"using":"xpath","value":"//*[@id=\"backBtn\"]"}
RESULT: {"using":"xpath","value":"//*[@id=\"backBtn\"]"}
COMMAND: POST /session/ddd4ac3aad1fb7ec919da6d4489b57c7/elements - {"using":"xpath","value":"//*[@id=\"backBtn\"]"}
RESULT: {"using":"xpath","value":"//*[@id=\"backBtn\"]"}
COMMAND: POST /session/ddd4ac3aad1fb7ec919da6d4489b57c7/elements - {"using":"xpath","value":"//*[@id=\"backBtn\"]"}
RESULT: {"using":"xpath","value":"//*[@id=\"backBtn\"]"}
COMMAND: POST /session/ddd4ac3aad1fb7ec919da6d4489b57c7/elements - {"using":"xpath","value":"//*[@id=\"backBtn\"]"}
RESULT: {"using":"xpath","value":"//*[@id=\"backBtn\"]"}
COMMAND: POST /session/ddd4ac3aad1fb7ec919da6d4489b57c7/elements - {"using":"xpath","value":"//*[@id=\"backBtn\"]"}
RESULT: {"using":"xpath","value":"//*[@id=\"backBtn\"]"}
COMMAND: POST /session/ddd4ac3aad1fb7ec919da6d4489b57c7/elements - {"using":"xpath","value":"//*[@id=\"backBtn\"]"}
RESULT: {"using":"xpath","value":"//*[@id=\"backBtn\"]"}
COMMAND: POST /session/ddd4ac3aad1fb7ec919da6d4489b57c7/elements - {"using":"xpath","value":"//*[@id=\"backBtn\"]"}
RESULT: {"using":"xpath","value":"//*[@id=\"backBtn\"]"}
COMMAND: POST /session/ddd4ac3aad1fb7ec919da6d4489b57c7/elements - {"using":"xpath","value":"//*[@id=\"backBtn\"]"}
RESULT: {"using":"xpath","value":"//*[@id=\"backBtn\"]"}
COMMAND: POST /session/ddd4ac3aad1fb7ec919da6d4489b57c7/elements - {"using":"xpath","value":"//*[@id=\"backBtn\"]"}
RESULT: {"using":"xpath","value":"//*[@id=\"backBtn\"]"}
COMMAND: POST /session/ddd4ac3aad1fb7ec919da6d4489b57c7/elements - {"using":"xpath","value":"//*[@id=\"backBtn\"]"}
RESULT: {"using":"xpath","value":"//*[@id=\"backBtn\"]"}
COMMAND: POST /session/ddd4ac3aad1fb7ec919da6d4489b57c7/elements - {"using":"xpath","value":"//*[@id=\"backBtn\"]"}
RESULT: {"using":"xpath","value":"//*[@id=\"backBtn\"]"}
COMMAND: POST /session/ddd4ac3aad1fb7ec919da6d4489b57c7/elements - {"using":"xpath","value":"//*[@id=\"backBtn\"]"}
RESULT: {"using":"xpath","value":"//*[@id=\"backBtn\"]"}
COMMAND: POST /session/ddd4ac3aad1fb7ec919da6d4489b57c7/elements - {"using":"xpath","value":"//*[@id=\"backBtn\"]"}
RESULT: {"using":"xpath","value":"//*[@id=\"backBtn\"]"}
]]></system-out>
    </testcase>
    <testcase classname="chrome.136_0_7103_49.windows.Sanity_Tests_US104253" name="Should open Jobs Setup page" time="36.025">
      <system-out><![CDATA[
COMMAND: POST /session/ddd4ac3aad1fb7ec919da6d4489b57c7/execute/async - {"script":"<script> [1562 bytes]","args":[{"selector":{"controlType":"sap.m.GenericTile","properties":{"header":"Jobs Setup"}},"wdio_ui5_key":"sapm.GenericTile{\"header\":\"Jobs Setup\"}"}]}
COMMAND: POST /session/ddd4ac3aad1fb7ec919da6d4489b57c7/elements - {"using":"xpath","value":"//*[@id=\"backBtn\"]"}
RESULT: {"script":"<script> [1562 bytes]","args":[{"selector":{"controlType":"sap.m.GenericTile","properties":{"header":"Jobs Setup"}},"wdio_ui5_key":"sapm.GenericTile{\"header\":\"Jobs Setup\"}"}]}
RESULT: undefined
COMMAND: POST /session/ddd4ac3aad1fb7ec919da6d4489b57c7/element - {"using":"xpath","value":"//*[@id=\"__tile128\"]"}
RESULT: {"using":"xpath","value":"//*[@id=\"backBtn\"]"}
RESULT: {"using":"xpath","value":"//*[@id=\"__tile128\"]"}
COMMAND: POST /session/ddd4ac3aad1fb7ec919da6d4489b57c7/element/f.B55463C57E9AF0A410606F152102B326.d.7C133B2E48B59143D2ACB6775FF26AE0.e.5300/click - {}
COMMAND: POST /session/ddd4ac3aad1fb7ec919da6d4489b57c7/elements - {"using":"xpath","value":"//*[@id=\"backBtn\"]"}
RESULT: {}
COMMAND: GET /session/ddd4ac3aad1fb7ec919da6d4489b57c7/screenshot - {}
RESULT: {"using":"xpath","value":"//*[@id=\"backBtn\"]"}
RESULT: {}
COMMAND: POST /session/ddd4ac3aad1fb7ec919da6d4489b57c7/elements - {"using":"xpath","value":"//*[@id=\"backBtn\"]"}
RESULT: {"using":"xpath","value":"//*[@id=\"backBtn\"]"}
COMMAND: POST /session/ddd4ac3aad1fb7ec919da6d4489b57c7/element - {"using":"xpath","value":"//*[@id=\"backBtn\"]"}
RESULT: {"using":"xpath","value":"//*[@id=\"backBtn\"]"}
COMMAND: POST /session/ddd4ac3aad1fb7ec919da6d4489b57c7/element/f.B55463C57E9AF0A410606F152102B326.d.7C133B2E48B59143D2ACB6775FF26AE0.e.5251/click - {}
COMMAND: POST /session/ddd4ac3aad1fb7ec919da6d4489b57c7/element - {"using":"xpath","value":"//*[@id=\"backBtn\"]"}
RESULT: {"using":"xpath","value":"//*[@id=\"backBtn\"]"}
COMMAND: POST /session/ddd4ac3aad1fb7ec919da6d4489b57c7/element/f.B55463C57E9AF0A410606F152102B326.d.7C133B2E48B59143D2ACB6775FF26AE0.e.5360/click - {}
RESULT: {}
COMMAND: GET /session/ddd4ac3aad1fb7ec919da6d4489b57c7/screenshot - {}
RESULT: {}
COMMAND: POST /session/ddd4ac3aad1fb7ec919da6d4489b57c7/elements - {"using":"xpath","value":"//span[text()='Error']"}
RESULT: {"using":"xpath","value":"//span[text()='Error']"}
RESULT: undefined
COMMAND: POST /session/ddd4ac3aad1fb7ec919da6d4489b57c7/element - {"using":"xpath","value":"//*[@id=\"__tile128\"]"}
RESULT: {"using":"xpath","value":"//*[@id=\"__tile128\"]"}
COMMAND: POST /session/ddd4ac3aad1fb7ec919da6d4489b57c7/element/f.B55463C57E9AF0A410606F152102B326.d.7C133B2E48B59143D2ACB6775FF26AE0.e.5300/click - {}
RESULT: undefined
COMMAND: POST /session/ddd4ac3aad1fb7ec919da6d4489b57c7/element - {"using":"xpath","value":"//*[@id=\"__tile128\"]"}
RESULT: {"using":"xpath","value":"//*[@id=\"__tile128\"]"}
COMMAND: POST /session/ddd4ac3aad1fb7ec919da6d4489b57c7/element/f.B55463C57E9AF0A410606F152102B326.d.7C133B2E48B59143D2ACB6775FF26AE0.e.5300/click - {}
RESULT: undefined
COMMAND: POST /session/ddd4ac3aad1fb7ec919da6d4489b57c7/execute/async - {"script":"<script> [6424 bytes]","args":[{"element-6066-11e4-a52e-4f735466cecf":"f.B55463C57E9AF0A410606F152102B326.d.7C133B2E48B59143D2ACB6775FF26AE0.e.218"},"getTitle",[]]}
COMMAND: POST /session/ddd4ac3aad1fb7ec919da6d4489b57c7/execute/async - {"script":"<script> [1562 bytes]","args":[{"selector":{"id":"shellAppTitle"},"wdio_ui5_key":"shellAppTitle"}]}
RESULT: {"script":"<script> [1562 bytes]","args":[{"selector":{"id":"shellAppTitle"},"wdio_ui5_key":"shellAppTitle"}]}
COMMAND: POST /session/ddd4ac3aad1fb7ec919da6d4489b57c7/execute/async - {"script":"<script> [6424 bytes]","args":[{"element-6066-11e4-a52e-4f735466cecf":"f.B55463C57E9AF0A410606F152102B326.d.7C133B2E48B59143D2ACB6775FF26AE0.e.5385"},"getTitle",[]]}
RESULT: {"script":"<script> [6424 bytes]","args":[{"element-6066-11e4-a52e-4f735466cecf":"f.B55463C57E9AF0A410606F152102B326.d.7C133B2E48B59143D2ACB6775FF26AE0.e.5385"},"getTitle",[]]}
RESULT: undefined
COMMAND: POST /session/ddd4ac3aad1fb7ec919da6d4489b57c7/element/f.B55463C57E9AF0A410606F152102B326.d.7C133B2E48B59143D2ACB6775FF26AE0.e.5360/click - {}
COMMAND: POST /session/ddd4ac3aad1fb7ec919da6d4489b57c7/element/f.B55463C57E9AF0A410606F152102B326.d.7C133B2E48B59143D2ACB6775FF26AE0.e.5360/click - {}
RESULT: {}
COMMAND: GET /session/ddd4ac3aad1fb7ec919da6d4489b57c7/screenshot - {}
RESULT: {}
COMMAND: GET /session/ddd4ac3aad1fb7ec919da6d4489b57c7/screenshot - {}
RESULT: {}
RESULT: {}
]]></system-out>
    </testcase>
    <testcase classname="chrome.136_0_7103_49.windows.Sanity_Tests_US104253" name="Should open Target Systems Configuration page" time="35.991">
      <system-out><![CDATA[
COMMAND: POST /session/ddd4ac3aad1fb7ec919da6d4489b57c7/execute/async - {"script":"<script> [1562 bytes]","args":[{"selector":{"controlType":"sap.m.GenericTile","properties":{"header":"Target Systems Configuration"}},"wdio_ui5_key":"sapm.GenericTile{\"header\":\"Target Systems Configuration\"}"}]}
RESULT: {"script":"<script> [1562 bytes]","args":[{"selector":{"controlType":"sap.m.GenericTile","properties":{"header":"Target Systems Configuration"}},"wdio_ui5_key":"sapm.GenericTile{\"header\":\"Target Systems Configuration\"}"}]}
RESULT: undefined
COMMAND: POST /session/ddd4ac3aad1fb7ec919da6d4489b57c7/element - {"using":"xpath","value":"//*[@id=\"__tile129\"]"}
RESULT: {"using":"xpath","value":"//*[@id=\"__tile129\"]"}
COMMAND: POST /session/ddd4ac3aad1fb7ec919da6d4489b57c7/element/f.B55463C57E9AF0A410606F152102B326.d.7C133B2E48B59143D2ACB6775FF26AE0.e.5389/click - {}
RESULT: {}
COMMAND: GET /session/ddd4ac3aad1fb7ec919da6d4489b57c7/screenshot - {}
RESULT: {}
COMMAND: POST /session/ddd4ac3aad1fb7ec919da6d4489b57c7/elements - {"using":"xpath","value":"//span[text()='Error']"}
RESULT: {"using":"xpath","value":"//span[text()='Error']"}
RESULT: undefined
COMMAND: POST /session/ddd4ac3aad1fb7ec919da6d4489b57c7/element - {"using":"xpath","value":"//*[@id=\"__tile129\"]"}
RESULT: {"using":"xpath","value":"//*[@id=\"__tile129\"]"}
COMMAND: POST /session/ddd4ac3aad1fb7ec919da6d4489b57c7/element/f.B55463C57E9AF0A410606F152102B326.d.7C133B2E48B59143D2ACB6775FF26AE0.e.5389/click - {}
RESULT: undefined
COMMAND: POST /session/ddd4ac3aad1fb7ec919da6d4489b57c7/element - {"using":"xpath","value":"//*[@id=\"__tile129\"]"}
RESULT: {"using":"xpath","value":"//*[@id=\"__tile129\"]"}
COMMAND: POST /session/ddd4ac3aad1fb7ec919da6d4489b57c7/element/f.B55463C57E9AF0A410606F152102B326.d.7C133B2E48B59143D2ACB6775FF26AE0.e.5389/click - {}
RESULT: undefined
COMMAND: POST /session/ddd4ac3aad1fb7ec919da6d4489b57c7/execute/async - {"script":"<script> [6424 bytes]","args":[{"element-6066-11e4-a52e-4f735466cecf":"f.B55463C57E9AF0A410606F152102B326.d.7C133B2E48B59143D2ACB6775FF26AE0.e.218"},"getTitle",[]]}
COMMAND: POST /session/ddd4ac3aad1fb7ec919da6d4489b57c7/execute/async - {"script":"<script> [1562 bytes]","args":[{"selector":{"id":"shellAppTitle"},"wdio_ui5_key":"shellAppTitle"}]}
RESULT: {"script":"<script> [1562 bytes]","args":[{"selector":{"id":"shellAppTitle"},"wdio_ui5_key":"shellAppTitle"}]}
COMMAND: POST /session/ddd4ac3aad1fb7ec919da6d4489b57c7/execute/async - {"script":"<script> [6424 bytes]","args":[{"element-6066-11e4-a52e-4f735466cecf":"f.B55463C57E9AF0A410606F152102B326.d.7C133B2E48B59143D2ACB6775FF26AE0.e.5441"},"getTitle",[]]}
RESULT: {"script":"<script> [6424 bytes]","args":[{"element-6066-11e4-a52e-4f735466cecf":"f.B55463C57E9AF0A410606F152102B326.d.7C133B2E48B59143D2ACB6775FF26AE0.e.5441"},"getTitle",[]]}
RESULT: undefined
COMMAND: POST /session/ddd4ac3aad1fb7ec919da6d4489b57c7/element/f.B55463C57E9AF0A410606F152102B326.d.7C133B2E48B59143D2ACB6775FF26AE0.e.5360/click - {}
COMMAND: POST /session/ddd4ac3aad1fb7ec919da6d4489b57c7/element/f.B55463C57E9AF0A410606F152102B326.d.7C133B2E48B59143D2ACB6775FF26AE0.e.5360/click - {}
RESULT: {}
COMMAND: GET /session/ddd4ac3aad1fb7ec919da6d4489b57c7/screenshot - {}
COMMAND: POST /session/ddd4ac3aad1fb7ec919da6d4489b57c7/element - {"using":"xpath","value":"//*[@id=\"backBtn\"]"}
RESULT: {}
RESULT: {"using":"xpath","value":"//*[@id=\"backBtn\"]"}
COMMAND: POST /session/ddd4ac3aad1fb7ec919da6d4489b57c7/elements - {"using":"xpath","value":"//*[@id=\"backBtn\"]"}
RESULT: {"using":"xpath","value":"//*[@id=\"backBtn\"]"}
COMMAND: POST /session/ddd4ac3aad1fb7ec919da6d4489b57c7/elements - {"using":"xpath","value":"//*[@id=\"backBtn\"]"}
RESULT: {"using":"xpath","value":"//*[@id=\"backBtn\"]"}
COMMAND: POST /session/ddd4ac3aad1fb7ec919da6d4489b57c7/elements - {"using":"xpath","value":"//*[@id=\"backBtn\"]"}
RESULT: {"using":"xpath","value":"//*[@id=\"backBtn\"]"}
COMMAND: POST /session/ddd4ac3aad1fb7ec919da6d4489b57c7/elements - {"using":"xpath","value":"//*[@id=\"backBtn\"]"}
RESULT: {"using":"xpath","value":"//*[@id=\"backBtn\"]"}
COMMAND: POST /session/ddd4ac3aad1fb7ec919da6d4489b57c7/elements - {"using":"xpath","value":"//*[@id=\"backBtn\"]"}
RESULT: {"using":"xpath","value":"//*[@id=\"backBtn\"]"}
COMMAND: POST /session/ddd4ac3aad1fb7ec919da6d4489b57c7/elements - {"using":"xpath","value":"//*[@id=\"backBtn\"]"}
RESULT: {"using":"xpath","value":"//*[@id=\"backBtn\"]"}
COMMAND: POST /session/ddd4ac3aad1fb7ec919da6d4489b57c7/elements - {"using":"xpath","value":"//*[@id=\"backBtn\"]"}
RESULT: {"using":"xpath","value":"//*[@id=\"backBtn\"]"}
COMMAND: POST /session/ddd4ac3aad1fb7ec919da6d4489b57c7/elements - {"using":"xpath","value":"//*[@id=\"backBtn\"]"}
RESULT: {"using":"xpath","value":"//*[@id=\"backBtn\"]"}
COMMAND: POST /session/ddd4ac3aad1fb7ec919da6d4489b57c7/elements - {"using":"xpath","value":"//*[@id=\"backBtn\"]"}
RESULT: {"using":"xpath","value":"//*[@id=\"backBtn\"]"}
COMMAND: POST /session/ddd4ac3aad1fb7ec919da6d4489b57c7/elements - {"using":"xpath","value":"//*[@id=\"backBtn\"]"}
RESULT: {"using":"xpath","value":"//*[@id=\"backBtn\"]"}
COMMAND: POST /session/ddd4ac3aad1fb7ec919da6d4489b57c7/elements - {"using":"xpath","value":"//*[@id=\"backBtn\"]"}
RESULT: {"using":"xpath","value":"//*[@id=\"backBtn\"]"}
COMMAND: POST /session/ddd4ac3aad1fb7ec919da6d4489b57c7/elements - {"using":"xpath","value":"//*[@id=\"backBtn\"]"}
RESULT: {"using":"xpath","value":"//*[@id=\"backBtn\"]"}
COMMAND: POST /session/ddd4ac3aad1fb7ec919da6d4489b57c7/elements - {"using":"xpath","value":"//*[@id=\"backBtn\"]"}
RESULT: {"using":"xpath","value":"//*[@id=\"backBtn\"]"}
COMMAND: POST /session/ddd4ac3aad1fb7ec919da6d4489b57c7/elements - {"using":"xpath","value":"//*[@id=\"backBtn\"]"}
RESULT: {"using":"xpath","value":"//*[@id=\"backBtn\"]"}
COMMAND: POST /session/ddd4ac3aad1fb7ec919da6d4489b57c7/elements - {"using":"xpath","value":"//*[@id=\"backBtn\"]"}
RESULT: {"using":"xpath","value":"//*[@id=\"backBtn\"]"}
COMMAND: POST /session/ddd4ac3aad1fb7ec919da6d4489b57c7/elements - {"using":"xpath","value":"//*[@id=\"backBtn\"]"}
RESULT: {"using":"xpath","value":"//*[@id=\"backBtn\"]"}
COMMAND: POST /session/ddd4ac3aad1fb7ec919da6d4489b57c7/elements - {"using":"xpath","value":"//*[@id=\"backBtn\"]"}
RESULT: {"using":"xpath","value":"//*[@id=\"backBtn\"]"}
COMMAND: POST /session/ddd4ac3aad1fb7ec919da6d4489b57c7/elements - {"using":"xpath","value":"//*[@id=\"backBtn\"]"}
RESULT: {"using":"xpath","value":"//*[@id=\"backBtn\"]"}
COMMAND: POST /session/ddd4ac3aad1fb7ec919da6d4489b57c7/elements - {"using":"xpath","value":"//*[@id=\"backBtn\"]"}
RESULT: {"using":"xpath","value":"//*[@id=\"backBtn\"]"}
COMMAND: GET /session/ddd4ac3aad1fb7ec919da6d4489b57c7/screenshot - {}
COMMAND: POST /session/ddd4ac3aad1fb7ec919da6d4489b57c7/elements - {"using":"xpath","value":"//*[@id=\"backBtn\"]"}
RESULT: {}
RESULT: {"using":"xpath","value":"//*[@id=\"backBtn\"]"}
COMMAND: POST /session/ddd4ac3aad1fb7ec919da6d4489b57c7/elements - {"using":"xpath","value":"//*[@id=\"backBtn\"]"}
RESULT: {"using":"xpath","value":"//*[@id=\"backBtn\"]"}
COMMAND: POST /session/ddd4ac3aad1fb7ec919da6d4489b57c7/elements - {"using":"xpath","value":"//*[@id=\"backBtn\"]"}
RESULT: {"using":"xpath","value":"//*[@id=\"backBtn\"]"}
COMMAND: POST /session/ddd4ac3aad1fb7ec919da6d4489b57c7/elements - {"using":"xpath","value":"//*[@id=\"backBtn\"]"}
RESULT: {"using":"xpath","value":"//*[@id=\"backBtn\"]"}
COMMAND: POST /session/ddd4ac3aad1fb7ec919da6d4489b57c7/elements - {"using":"xpath","value":"//*[@id=\"backBtn\"]"}
RESULT: {"using":"xpath","value":"//*[@id=\"backBtn\"]"}
COMMAND: POST /session/ddd4ac3aad1fb7ec919da6d4489b57c7/elements - {"using":"xpath","value":"//*[@id=\"backBtn\"]"}
RESULT: {"using":"xpath","value":"//*[@id=\"backBtn\"]"}
COMMAND: POST /session/ddd4ac3aad1fb7ec919da6d4489b57c7/elements - {"using":"xpath","value":"//*[@id=\"backBtn\"]"}
RESULT: {"using":"xpath","value":"//*[@id=\"backBtn\"]"}
COMMAND: POST /session/ddd4ac3aad1fb7ec919da6d4489b57c7/elements - {"using":"xpath","value":"//*[@id=\"backBtn\"]"}
RESULT: {"using":"xpath","value":"//*[@id=\"backBtn\"]"}
COMMAND: POST /session/ddd4ac3aad1fb7ec919da6d4489b57c7/elements - {"using":"xpath","value":"//*[@id=\"backBtn\"]"}
RESULT: {"using":"xpath","value":"//*[@id=\"backBtn\"]"}
COMMAND: POST /session/ddd4ac3aad1fb7ec919da6d4489b57c7/elements - {"using":"xpath","value":"//*[@id=\"backBtn\"]"}
RESULT: {"using":"xpath","value":"//*[@id=\"backBtn\"]"}
COMMAND: POST /session/ddd4ac3aad1fb7ec919da6d4489b57c7/elements - {"using":"xpath","value":"//*[@id=\"backBtn\"]"}
RESULT: {"using":"xpath","value":"//*[@id=\"backBtn\"]"}
COMMAND: POST /session/ddd4ac3aad1fb7ec919da6d4489b57c7/elements - {"using":"xpath","value":"//*[@id=\"backBtn\"]"}
RESULT: {"using":"xpath","value":"//*[@id=\"backBtn\"]"}
COMMAND: POST /session/ddd4ac3aad1fb7ec919da6d4489b57c7/elements - {"using":"xpath","value":"//*[@id=\"backBtn\"]"}
RESULT: {"using":"xpath","value":"//*[@id=\"backBtn\"]"}
COMMAND: POST /session/ddd4ac3aad1fb7ec919da6d4489b57c7/elements - {"using":"xpath","value":"//*[@id=\"backBtn\"]"}
RESULT: {"using":"xpath","value":"//*[@id=\"backBtn\"]"}
COMMAND: POST /session/ddd4ac3aad1fb7ec919da6d4489b57c7/elements - {"using":"xpath","value":"//*[@id=\"backBtn\"]"}
RESULT: {"using":"xpath","value":"//*[@id=\"backBtn\"]"}
COMMAND: POST /session/ddd4ac3aad1fb7ec919da6d4489b57c7/elements - {"using":"xpath","value":"//*[@id=\"backBtn\"]"}
RESULT: {"using":"xpath","value":"//*[@id=\"backBtn\"]"}
COMMAND: POST /session/ddd4ac3aad1fb7ec919da6d4489b57c7/elements - {"using":"xpath","value":"//*[@id=\"backBtn\"]"}
RESULT: {"using":"xpath","value":"//*[@id=\"backBtn\"]"}
COMMAND: POST /session/ddd4ac3aad1fb7ec919da6d4489b57c7/elements - {"using":"xpath","value":"//*[@id=\"backBtn\"]"}
RESULT: {"using":"xpath","value":"//*[@id=\"backBtn\"]"}
COMMAND: POST /session/ddd4ac3aad1fb7ec919da6d4489b57c7/elements - {"using":"xpath","value":"//*[@id=\"backBtn\"]"}
RESULT: {"using":"xpath","value":"//*[@id=\"backBtn\"]"}
COMMAND: POST /session/ddd4ac3aad1fb7ec919da6d4489b57c7/elements - {"using":"xpath","value":"//*[@id=\"backBtn\"]"}
RESULT: {"using":"xpath","value":"//*[@id=\"backBtn\"]"}
COMMAND: POST /session/ddd4ac3aad1fb7ec919da6d4489b57c7/elements - {"using":"xpath","value":"//*[@id=\"backBtn\"]"}
RESULT: {"using":"xpath","value":"//*[@id=\"backBtn\"]"}
COMMAND: POST /session/ddd4ac3aad1fb7ec919da6d4489b57c7/elements - {"using":"xpath","value":"//*[@id=\"backBtn\"]"}
RESULT: {"using":"xpath","value":"//*[@id=\"backBtn\"]"}
COMMAND: POST /session/ddd4ac3aad1fb7ec919da6d4489b57c7/elements - {"using":"xpath","value":"//*[@id=\"backBtn\"]"}
RESULT: {"using":"xpath","value":"//*[@id=\"backBtn\"]"}
COMMAND: POST /session/ddd4ac3aad1fb7ec919da6d4489b57c7/elements - {"using":"xpath","value":"//*[@id=\"backBtn\"]"}
RESULT: {"using":"xpath","value":"//*[@id=\"backBtn\"]"}
COMMAND: POST /session/ddd4ac3aad1fb7ec919da6d4489b57c7/elements - {"using":"xpath","value":"//*[@id=\"backBtn\"]"}
RESULT: {"using":"xpath","value":"//*[@id=\"backBtn\"]"}
COMMAND: POST /session/ddd4ac3aad1fb7ec919da6d4489b57c7/elements - {"using":"xpath","value":"//*[@id=\"backBtn\"]"}
RESULT: {"using":"xpath","value":"//*[@id=\"backBtn\"]"}
COMMAND: POST /session/ddd4ac3aad1fb7ec919da6d4489b57c7/elements - {"using":"xpath","value":"//*[@id=\"backBtn\"]"}
RESULT: {"using":"xpath","value":"//*[@id=\"backBtn\"]"}
COMMAND: POST /session/ddd4ac3aad1fb7ec919da6d4489b57c7/elements - {"using":"xpath","value":"//*[@id=\"backBtn\"]"}
RESULT: {"using":"xpath","value":"//*[@id=\"backBtn\"]"}
COMMAND: POST /session/ddd4ac3aad1fb7ec919da6d4489b57c7/elements - {"using":"xpath","value":"//*[@id=\"backBtn\"]"}
RESULT: {"using":"xpath","value":"//*[@id=\"backBtn\"]"}
COMMAND: POST /session/ddd4ac3aad1fb7ec919da6d4489b57c7/elements - {"using":"xpath","value":"//*[@id=\"backBtn\"]"}
RESULT: {"using":"xpath","value":"//*[@id=\"backBtn\"]"}
COMMAND: POST /session/ddd4ac3aad1fb7ec919da6d4489b57c7/elements - {"using":"xpath","value":"//*[@id=\"backBtn\"]"}
RESULT: {"using":"xpath","value":"//*[@id=\"backBtn\"]"}
COMMAND: POST /session/ddd4ac3aad1fb7ec919da6d4489b57c7/elements - {"using":"xpath","value":"//*[@id=\"backBtn\"]"}
RESULT: {"using":"xpath","value":"//*[@id=\"backBtn\"]"}
COMMAND: POST /session/ddd4ac3aad1fb7ec919da6d4489b57c7/elements - {"using":"xpath","value":"//*[@id=\"backBtn\"]"}
RESULT: {"using":"xpath","value":"//*[@id=\"backBtn\"]"}
COMMAND: POST /session/ddd4ac3aad1fb7ec919da6d4489b57c7/elements - {"using":"xpath","value":"//*[@id=\"backBtn\"]"}
RESULT: {"using":"xpath","value":"//*[@id=\"backBtn\"]"}
COMMAND: POST /session/ddd4ac3aad1fb7ec919da6d4489b57c7/elements - {"using":"xpath","value":"//*[@id=\"backBtn\"]"}
RESULT: {"using":"xpath","value":"//*[@id=\"backBtn\"]"}
COMMAND: POST /session/ddd4ac3aad1fb7ec919da6d4489b57c7/elements - {"using":"xpath","value":"//*[@id=\"backBtn\"]"}
RESULT: {"using":"xpath","value":"//*[@id=\"backBtn\"]"}
COMMAND: POST /session/ddd4ac3aad1fb7ec919da6d4489b57c7/elements - {"using":"xpath","value":"//*[@id=\"backBtn\"]"}
RESULT: {"using":"xpath","value":"//*[@id=\"backBtn\"]"}
COMMAND: POST /session/ddd4ac3aad1fb7ec919da6d4489b57c7/elements - {"using":"xpath","value":"//*[@id=\"backBtn\"]"}
RESULT: {"using":"xpath","value":"//*[@id=\"backBtn\"]"}
COMMAND: POST /session/ddd4ac3aad1fb7ec919da6d4489b57c7/elements - {"using":"xpath","value":"//*[@id=\"backBtn\"]"}
RESULT: {"using":"xpath","value":"//*[@id=\"backBtn\"]"}
COMMAND: POST /session/ddd4ac3aad1fb7ec919da6d4489b57c7/elements - {"using":"xpath","value":"//*[@id=\"backBtn\"]"}
RESULT: {"using":"xpath","value":"//*[@id=\"backBtn\"]"}
COMMAND: POST /session/ddd4ac3aad1fb7ec919da6d4489b57c7/elements - {"using":"xpath","value":"//*[@id=\"backBtn\"]"}
RESULT: {"using":"xpath","value":"//*[@id=\"backBtn\"]"}
COMMAND: POST /session/ddd4ac3aad1fb7ec919da6d4489b57c7/elements - {"using":"xpath","value":"//*[@id=\"backBtn\"]"}
RESULT: {"using":"xpath","value":"//*[@id=\"backBtn\"]"}
COMMAND: POST /session/ddd4ac3aad1fb7ec919da6d4489b57c7/elements - {"using":"xpath","value":"//*[@id=\"backBtn\"]"}
RESULT: {"using":"xpath","value":"//*[@id=\"backBtn\"]"}
COMMAND: POST /session/ddd4ac3aad1fb7ec919da6d4489b57c7/elements - {"using":"xpath","value":"//*[@id=\"backBtn\"]"}
RESULT: {"using":"xpath","value":"//*[@id=\"backBtn\"]"}
COMMAND: POST /session/ddd4ac3aad1fb7ec919da6d4489b57c7/elements - {"using":"xpath","value":"//*[@id=\"backBtn\"]"}
RESULT: {"using":"xpath","value":"//*[@id=\"backBtn\"]"}
COMMAND: POST /session/ddd4ac3aad1fb7ec919da6d4489b57c7/elements - {"using":"xpath","value":"//*[@id=\"backBtn\"]"}
RESULT: {"using":"xpath","value":"//*[@id=\"backBtn\"]"}
COMMAND: POST /session/ddd4ac3aad1fb7ec919da6d4489b57c7/elements - {"using":"xpath","value":"//*[@id=\"backBtn\"]"}
RESULT: {"using":"xpath","value":"//*[@id=\"backBtn\"]"}
COMMAND: POST /session/ddd4ac3aad1fb7ec919da6d4489b57c7/elements - {"using":"xpath","value":"//*[@id=\"backBtn\"]"}
RESULT: {"using":"xpath","value":"//*[@id=\"backBtn\"]"}
COMMAND: POST /session/ddd4ac3aad1fb7ec919da6d4489b57c7/elements - {"using":"xpath","value":"//*[@id=\"backBtn\"]"}
RESULT: {"using":"xpath","value":"//*[@id=\"backBtn\"]"}
COMMAND: POST /session/ddd4ac3aad1fb7ec919da6d4489b57c7/elements - {"using":"xpath","value":"//*[@id=\"backBtn\"]"}
RESULT: {"using":"xpath","value":"//*[@id=\"backBtn\"]"}
COMMAND: POST /session/ddd4ac3aad1fb7ec919da6d4489b57c7/elements - {"using":"xpath","value":"//*[@id=\"backBtn\"]"}
RESULT: {"using":"xpath","value":"//*[@id=\"backBtn\"]"}
COMMAND: POST /session/ddd4ac3aad1fb7ec919da6d4489b57c7/elements - {"using":"xpath","value":"//*[@id=\"backBtn\"]"}
RESULT: {"using":"xpath","value":"//*[@id=\"backBtn\"]"}
COMMAND: POST /session/ddd4ac3aad1fb7ec919da6d4489b57c7/elements - {"using":"xpath","value":"//*[@id=\"backBtn\"]"}
RESULT: {"using":"xpath","value":"//*[@id=\"backBtn\"]"}
COMMAND: POST /session/ddd4ac3aad1fb7ec919da6d4489b57c7/elements - {"using":"xpath","value":"//*[@id=\"backBtn\"]"}
RESULT: {"using":"xpath","value":"//*[@id=\"backBtn\"]"}
COMMAND: POST /session/ddd4ac3aad1fb7ec919da6d4489b57c7/elements - {"using":"xpath","value":"//*[@id=\"backBtn\"]"}
RESULT: {"using":"xpath","value":"//*[@id=\"backBtn\"]"}
COMMAND: POST /session/ddd4ac3aad1fb7ec919da6d4489b57c7/elements - {"using":"xpath","value":"//*[@id=\"backBtn\"]"}
RESULT: {"using":"xpath","value":"//*[@id=\"backBtn\"]"}
COMMAND: POST /session/ddd4ac3aad1fb7ec919da6d4489b57c7/elements - {"using":"xpath","value":"//*[@id=\"backBtn\"]"}
RESULT: {"using":"xpath","value":"//*[@id=\"backBtn\"]"}
COMMAND: POST /session/ddd4ac3aad1fb7ec919da6d4489b57c7/elements - {"using":"xpath","value":"//*[@id=\"backBtn\"]"}
RESULT: {"using":"xpath","value":"//*[@id=\"backBtn\"]"}
COMMAND: POST /session/ddd4ac3aad1fb7ec919da6d4489b57c7/elements - {"using":"xpath","value":"//*[@id=\"backBtn\"]"}
RESULT: {"using":"xpath","value":"//*[@id=\"backBtn\"]"}
COMMAND: POST /session/ddd4ac3aad1fb7ec919da6d4489b57c7/elements - {"using":"xpath","value":"//*[@id=\"backBtn\"]"}
RESULT: {"using":"xpath","value":"//*[@id=\"backBtn\"]"}
COMMAND: POST /session/ddd4ac3aad1fb7ec919da6d4489b57c7/elements - {"using":"xpath","value":"//*[@id=\"backBtn\"]"}
RESULT: {"using":"xpath","value":"//*[@id=\"backBtn\"]"}
COMMAND: POST /session/ddd4ac3aad1fb7ec919da6d4489b57c7/elements - {"using":"xpath","value":"//*[@id=\"backBtn\"]"}
RESULT: {"using":"xpath","value":"//*[@id=\"backBtn\"]"}
COMMAND: POST /session/ddd4ac3aad1fb7ec919da6d4489b57c7/elements - {"using":"xpath","value":"//*[@id=\"backBtn\"]"}
RESULT: {"using":"xpath","value":"//*[@id=\"backBtn\"]"}
COMMAND: POST /session/ddd4ac3aad1fb7ec919da6d4489b57c7/elements - {"using":"xpath","value":"//*[@id=\"backBtn\"]"}
RESULT: {"using":"xpath","value":"//*[@id=\"backBtn\"]"}
COMMAND: POST /session/ddd4ac3aad1fb7ec919da6d4489b57c7/elements - {"using":"xpath","value":"//*[@id=\"backBtn\"]"}
RESULT: {"using":"xpath","value":"//*[@id=\"backBtn\"]"}
COMMAND: POST /session/ddd4ac3aad1fb7ec919da6d4489b57c7/elements - {"using":"xpath","value":"//*[@id=\"backBtn\"]"}
RESULT: {"using":"xpath","value":"//*[@id=\"backBtn\"]"}
COMMAND: POST /session/ddd4ac3aad1fb7ec919da6d4489b57c7/elements - {"using":"xpath","value":"//*[@id=\"backBtn\"]"}
RESULT: {"using":"xpath","value":"//*[@id=\"backBtn\"]"}
COMMAND: POST /session/ddd4ac3aad1fb7ec919da6d4489b57c7/elements - {"using":"xpath","value":"//*[@id=\"backBtn\"]"}
RESULT: {"using":"xpath","value":"//*[@id=\"backBtn\"]"}
COMMAND: POST /session/ddd4ac3aad1fb7ec919da6d4489b57c7/elements - {"using":"xpath","value":"//*[@id=\"backBtn\"]"}
RESULT: {"using":"xpath","value":"//*[@id=\"backBtn\"]"}
COMMAND: POST /session/ddd4ac3aad1fb7ec919da6d4489b57c7/elements - {"using":"xpath","value":"//*[@id=\"backBtn\"]"}
RESULT: {"using":"xpath","value":"//*[@id=\"backBtn\"]"}
COMMAND: POST /session/ddd4ac3aad1fb7ec919da6d4489b57c7/elements - {"using":"xpath","value":"//*[@id=\"backBtn\"]"}
RESULT: {"using":"xpath","value":"//*[@id=\"backBtn\"]"}
COMMAND: POST /session/ddd4ac3aad1fb7ec919da6d4489b57c7/elements - {"using":"xpath","value":"//*[@id=\"backBtn\"]"}
RESULT: {"using":"xpath","value":"//*[@id=\"backBtn\"]"}
COMMAND: POST /session/ddd4ac3aad1fb7ec919da6d4489b57c7/elements - {"using":"xpath","value":"//*[@id=\"backBtn\"]"}
RESULT: {"using":"xpath","value":"//*[@id=\"backBtn\"]"}
COMMAND: POST /session/ddd4ac3aad1fb7ec919da6d4489b57c7/elements - {"using":"xpath","value":"//*[@id=\"backBtn\"]"}
RESULT: {"using":"xpath","value":"//*[@id=\"backBtn\"]"}
COMMAND: POST /session/ddd4ac3aad1fb7ec919da6d4489b57c7/elements - {"using":"xpath","value":"//*[@id=\"backBtn\"]"}
RESULT: {"using":"xpath","value":"//*[@id=\"backBtn\"]"}
COMMAND: POST /session/ddd4ac3aad1fb7ec919da6d4489b57c7/elements - {"using":"xpath","value":"//*[@id=\"backBtn\"]"}
RESULT: {"using":"xpath","value":"//*[@id=\"backBtn\"]"}
COMMAND: POST /session/ddd4ac3aad1fb7ec919da6d4489b57c7/elements - {"using":"xpath","value":"//*[@id=\"backBtn\"]"}
RESULT: {"using":"xpath","value":"//*[@id=\"backBtn\"]"}
COMMAND: POST /session/ddd4ac3aad1fb7ec919da6d4489b57c7/elements - {"using":"xpath","value":"//*[@id=\"backBtn\"]"}
RESULT: {"using":"xpath","value":"//*[@id=\"backBtn\"]"}
COMMAND: POST /session/ddd4ac3aad1fb7ec919da6d4489b57c7/elements - {"using":"xpath","value":"//*[@id=\"backBtn\"]"}
RESULT: {"using":"xpath","value":"//*[@id=\"backBtn\"]"}
COMMAND: POST /session/ddd4ac3aad1fb7ec919da6d4489b57c7/elements - {"using":"xpath","value":"//*[@id=\"backBtn\"]"}
RESULT: {"using":"xpath","value":"//*[@id=\"backBtn\"]"}
COMMAND: POST /session/ddd4ac3aad1fb7ec919da6d4489b57c7/elements - {"using":"xpath","value":"//*[@id=\"backBtn\"]"}
RESULT: {"using":"xpath","value":"//*[@id=\"backBtn\"]"}
COMMAND: POST /session/ddd4ac3aad1fb7ec919da6d4489b57c7/elements - {"using":"xpath","value":"//*[@id=\"backBtn\"]"}
RESULT: {"using":"xpath","value":"//*[@id=\"backBtn\"]"}
COMMAND: POST /session/ddd4ac3aad1fb7ec919da6d4489b57c7/elements - {"using":"xpath","value":"//*[@id=\"backBtn\"]"}
RESULT: {"using":"xpath","value":"//*[@id=\"backBtn\"]"}
COMMAND: POST /session/ddd4ac3aad1fb7ec919da6d4489b57c7/elements - {"using":"xpath","value":"//*[@id=\"backBtn\"]"}
RESULT: {"using":"xpath","value":"//*[@id=\"backBtn\"]"}
COMMAND: POST /session/ddd4ac3aad1fb7ec919da6d4489b57c7/elements - {"using":"xpath","value":"//*[@id=\"backBtn\"]"}
RESULT: {"using":"xpath","value":"//*[@id=\"backBtn\"]"}
COMMAND: POST /session/ddd4ac3aad1fb7ec919da6d4489b57c7/elements - {"using":"xpath","value":"//*[@id=\"backBtn\"]"}
RESULT: {"using":"xpath","value":"//*[@id=\"backBtn\"]"}
COMMAND: POST /session/ddd4ac3aad1fb7ec919da6d4489b57c7/elements - {"using":"xpath","value":"//*[@id=\"backBtn\"]"}
RESULT: {"using":"xpath","value":"//*[@id=\"backBtn\"]"}
COMMAND: POST /session/ddd4ac3aad1fb7ec919da6d4489b57c7/elements - {"using":"xpath","value":"//*[@id=\"backBtn\"]"}
RESULT: {"using":"xpath","value":"//*[@id=\"backBtn\"]"}
COMMAND: POST /session/ddd4ac3aad1fb7ec919da6d4489b57c7/elements - {"using":"xpath","value":"//*[@id=\"backBtn\"]"}
RESULT: {"using":"xpath","value":"//*[@id=\"backBtn\"]"}
COMMAND: POST /session/ddd4ac3aad1fb7ec919da6d4489b57c7/elements - {"using":"xpath","value":"//*[@id=\"backBtn\"]"}
RESULT: {"using":"xpath","value":"//*[@id=\"backBtn\"]"}
COMMAND: DELETE /session/ddd4ac3aad1fb7ec919da6d4489b57c7 - {}
COMMAND: POST /session/ddd4ac3aad1fb7ec919da6d4489b57c7/elements - {"using":"xpath","value":"//*[@id=\"backBtn\"]"}
RESULT: {}
]]></system-out>
    </testcase>
  </testsuite>
</testsuites>