<?xml version="1.0" encoding="UTF-8"?>
<testsuites tests="21" failures="0" errors="0" skipped="0">
  <testsuite timestamp="2025-05-28T16:57:23" time="421.786" tests="3" failures="0" errors="0" skipped="0">
    <properties>
      <property name="specId" value="0"/>
      <property name="suiteName" value="Create condition pricing US117289 US134625"/>
      <property name="capabilities" value="chrome.136_0_7103_93.windows"/>
      <property name="file" value="file:///D:/a/1/s/test/specs/BTS/create-condition-pricing.spec.js"/>
    </properties>
    <testcase classname="chrome.136_0_7103_93.windows.Create_condition_pricing_US117289_US134625" name="Should create a new yard used for all following tests" time="127.697">
      <system-out><![CDATA[
COMMAND: POST /session/f292156acc1b273c5de2837bdf35b9d0/window/fullscreen - {}
RESULT: {}
COMMAND: POST /session/f292156acc1b273c5de2837bdf35b9d0/execute/async - {"script":"<script> [1562 bytes]","args":[{"selector":{"controlType":"sap.m.GenericTile","properties":{"header":"Manage Yards"}},"wdio_ui5_key":"sapm.GenericTile{\"header\":\"Manage Yards\"}"}]}
RESULT: {"script":"<script> [1562 bytes]","args":[{"selector":{"controlType":"sap.m.GenericTile","properties":{"header":"Manage Yards"}},"wdio_ui5_key":"sapm.GenericTile{\"header\":\"Manage Yards\"}"}]}
RESULT: undefined
COMMAND: POST /session/f292156acc1b273c5de2837bdf35b9d0/element - {"using":"xpath","value":"//*[@id=\"__tile41\"]"}
RESULT: {"using":"xpath","value":"//*[@id=\"__tile41\"]"}
COMMAND: POST /session/f292156acc1b273c5de2837bdf35b9d0/element/f.2505593A71F6743E8AE774F812430ADA.d.838B573A04F1B61131B4136D5C355F52.e.160/click - {}
RESULT: {}
COMMAND: GET /session/f292156acc1b273c5de2837bdf35b9d0/screenshot - {}
RESULT: {}
COMMAND: POST /session/f292156acc1b273c5de2837bdf35b9d0/elements - {"using":"xpath","value":"//span[text()='Error']"}
RESULT: {"using":"xpath","value":"//span[text()='Error']"}
COMMAND: POST /session/f292156acc1b273c5de2837bdf35b9d0/element - {"using":"xpath","value":"//button[@data-kt=\"addNewYardOverflowToolbarButton\"]"}
RESULT: {"using":"xpath","value":"//button[@data-kt=\"addNewYardOverflowToolbarButton\"]"}
COMMAND: POST /session/f292156acc1b273c5de2837bdf35b9d0/elements - {"using":"xpath","value":"//button[@data-kt=\"addNewYardOverflowToolbarButton\"]"}
RESULT: {"using":"xpath","value":"//button[@data-kt=\"addNewYardOverflowToolbarButton\"]"}
COMMAND: POST /session/f292156acc1b273c5de2837bdf35b9d0/elements - {"using":"xpath","value":"//button[@data-kt=\"addNewYardOverflowToolbarButton\"]"}
RESULT: {"using":"xpath","value":"//button[@data-kt=\"addNewYardOverflowToolbarButton\"]"}
COMMAND: POST /session/f292156acc1b273c5de2837bdf35b9d0/elements - {"using":"xpath","value":"//button[@data-kt=\"addNewYardOverflowToolbarButton\"]"}
RESULT: {"using":"xpath","value":"//button[@data-kt=\"addNewYardOverflowToolbarButton\"]"}
COMMAND: POST /session/f292156acc1b273c5de2837bdf35b9d0/elements - {"using":"xpath","value":"//button[@data-kt=\"addNewYardOverflowToolbarButton\"]"}
RESULT: {"using":"xpath","value":"//button[@data-kt=\"addNewYardOverflowToolbarButton\"]"}
COMMAND: POST /session/f292156acc1b273c5de2837bdf35b9d0/elements - {"using":"xpath","value":"//button[@data-kt=\"addNewYardOverflowToolbarButton\"]"}
RESULT: {"using":"xpath","value":"//button[@data-kt=\"addNewYardOverflowToolbarButton\"]"}
COMMAND: POST /session/f292156acc1b273c5de2837bdf35b9d0/elements - {"using":"xpath","value":"//button[@data-kt=\"addNewYardOverflowToolbarButton\"]"}
RESULT: {"using":"xpath","value":"//button[@data-kt=\"addNewYardOverflowToolbarButton\"]"}
COMMAND: POST /session/f292156acc1b273c5de2837bdf35b9d0/elements - {"using":"xpath","value":"//button[@data-kt=\"addNewYardOverflowToolbarButton\"]"}
RESULT: {"using":"xpath","value":"//button[@data-kt=\"addNewYardOverflowToolbarButton\"]"}
COMMAND: POST /session/f292156acc1b273c5de2837bdf35b9d0/elements - {"using":"xpath","value":"//button[@data-kt=\"addNewYardOverflowToolbarButton\"]"}
RESULT: {"using":"xpath","value":"//button[@data-kt=\"addNewYardOverflowToolbarButton\"]"}
COMMAND: POST /session/f292156acc1b273c5de2837bdf35b9d0/elements - {"using":"xpath","value":"//button[@data-kt=\"addNewYardOverflowToolbarButton\"]"}
RESULT: {"using":"xpath","value":"//button[@data-kt=\"addNewYardOverflowToolbarButton\"]"}
COMMAND: POST /session/f292156acc1b273c5de2837bdf35b9d0/element - {"using":"xpath","value":"//button[@data-kt=\"addNewYardOverflowToolbarButton\"]"}
RESULT: {"using":"xpath","value":"//button[@data-kt=\"addNewYardOverflowToolbarButton\"]"}
COMMAND: POST /session/f292156acc1b273c5de2837bdf35b9d0/execute/sync - {"script":"<script> [8489 bytes]","args":[{"element-6066-11e4-a52e-4f735466cecf":"f.2505593A71F6743E8AE774F812430ADA.d.838B573A04F1B61131B4136D5C355F52.e.295","ELEMENT":"f.2505593A71F6743E8AE774F812430ADA.d.838B573A04F1B61131B4136D5C355F52.e.295"}]}
RESULT: {"script":"<script> [8489 bytes]","args":[{"element-6066-11e4-a52e-4f735466cecf":"f.2505593A71F6743E8AE774F812430ADA.d.838B573A04F1B61131B4136D5C355F52.e.295","ELEMENT":"f.2505593A71F6743E8AE774F812430ADA.d.838B573A04F1B61131B4136D5C355F52.e.295"}]}
COMMAND: GET /session/f292156acc1b273c5de2837bdf35b9d0/element/f.2505593A71F6743E8AE774F812430ADA.d.838B573A04F1B61131B4136D5C355F52.e.295/enabled - {}
COMMAND: GET /session/f292156acc1b273c5de2837bdf35b9d0/screenshot - {}
RESULT: {}
COMMAND: POST /session/f292156acc1b273c5de2837bdf35b9d0/execute/sync - {"script":"<script> [8489 bytes]","args":[{"element-6066-11e4-a52e-4f735466cecf":"f.2505593A71F6743E8AE774F812430ADA.d.838B573A04F1B61131B4136D5C355F52.e.295","ELEMENT":"f.2505593A71F6743E8AE774F812430ADA.d.838B573A04F1B61131B4136D5C355F52.e.295"}]}
COMMAND: GET /session/f292156acc1b273c5de2837bdf35b9d0/screenshot - {}
RESULT: {}
RESULT: {"script":"<script> [8489 bytes]","args":[{"element-6066-11e4-a52e-4f735466cecf":"f.2505593A71F6743E8AE774F812430ADA.d.838B573A04F1B61131B4136D5C355F52.e.295","ELEMENT":"f.2505593A71F6743E8AE774F812430ADA.d.838B573A04F1B61131B4136D5C355F52.e.295"}]}
COMMAND: POST /session/f292156acc1b273c5de2837bdf35b9d0/execute/sync - {"script":"<script> [5351 bytes]","args":[{"element-6066-11e4-a52e-4f735466cecf":"f.2505593A71F6743E8AE774F812430ADA.d.838B573A04F1B61131B4136D5C355F52.e.295","ELEMENT":"f.2505593A71F6743E8AE774F812430ADA.d.838B573A04F1B61131B4136D5C355F52.e.295"}]}
COMMAND: GET /session/f292156acc1b273c5de2837bdf35b9d0/screenshot - {}
RESULT: {}
RESULT: {"script":"<script> [5351 bytes]","args":[{"element-6066-11e4-a52e-4f735466cecf":"f.2505593A71F6743E8AE774F812430ADA.d.838B573A04F1B61131B4136D5C355F52.e.295","ELEMENT":"f.2505593A71F6743E8AE774F812430ADA.d.838B573A04F1B61131B4136D5C355F52.e.295"}]}
COMMAND: POST /session/f292156acc1b273c5de2837bdf35b9d0/element/f.2505593A71F6743E8AE774F812430ADA.d.838B573A04F1B61131B4136D5C355F52.e.295/click - {}
COMMAND: GET /session/f292156acc1b273c5de2837bdf35b9d0/screenshot - {}
RESULT: {}
RESULT: {}
COMMAND: GET /session/f292156acc1b273c5de2837bdf35b9d0/screenshot - {}
COMMAND: POST /session/f292156acc1b273c5de2837bdf35b9d0/element - {"using":"xpath","value":"//input[@id=\"application-manageyards-display-component---NewYard--yardId-inner\"]"}
RESULT: {}
RESULT: {}
RESULT: {"using":"xpath","value":"//input[@id=\"application-manageyards-display-component---NewYard--yardId-inner\"]"}
COMMAND: POST /session/f292156acc1b273c5de2837bdf35b9d0/element - {"using":"xpath","value":"//input[@id=\"application-manageyards-display-component---NewYard--yardId-inner\"]"}
RESULT: {"using":"xpath","value":"//input[@id=\"application-manageyards-display-component---NewYard--yardId-inner\"]"}
COMMAND: POST /session/f292156acc1b273c5de2837bdf35b9d0/execute/async - {"script":"<script> [1562 bytes]","args":[{"selector":{"id":"application-manageyards-display-component---NewYard--addressDetailDetailsName1","interaction":{"idSuffix":"inner"}},"wdio_ui5_key":"applicationmanageyards-display-component---NewYard--addressDetailDetailsName1"}]}
RESULT: {"script":"<script> [1562 bytes]","args":[{"selector":{"id":"application-manageyards-display-component---NewYard--addressDetailDetailsName1","interaction":{"idSuffix":"inner"}},"wdio_ui5_key":"applicationmanageyards-display-component---NewYard--addressDetailDetailsName1"}]}
RESULT: undefined
COMMAND: POST /session/f292156acc1b273c5de2837bdf35b9d0/execute/async - {"script":"<script> [776 bytes]","args":[{"enterText":"DailyPrice WDIO","selector":{"id":"application-manageyards-display-component---NewYard--addressDetailDetailsName1","interaction":{"idSuffix":"inner"}},"clearTextFirst":true,"interactionType":"ENTER_TEXT"}]}
RESULT: {"script":"<script> [776 bytes]","args":[{"enterText":"DailyPrice WDIO","selector":{"id":"application-manageyards-display-component---NewYard--addressDetailDetailsName1","interaction":{"idSuffix":"inner"}},"clearTextFirst":true,"interactionType":"ENTER_TEXT"}]}
COMMAND: POST /session/f292156acc1b273c5de2837bdf35b9d0/execute/async - {"script":"<script> [1562 bytes]","args":[{"selector":{"id":"application-manageyards-display-component---NewYard--addressDetailDetailsLanguage-arrow"},"wdio_ui5_key":"applicationmanageyards-display-component---NewYard--addressDetailDetailsLanguage-arrow"}]}
RESULT: {"script":"<script> [1562 bytes]","args":[{"selector":{"id":"application-manageyards-display-component---NewYard--addressDetailDetailsLanguage-arrow"},"wdio_ui5_key":"applicationmanageyards-display-component---NewYard--addressDetailDetailsLanguage-arrow"}]}
RESULT: undefined
COMMAND: POST /session/f292156acc1b273c5de2837bdf35b9d0/element - {"using":"xpath","value":"//*[@id=\"application-manageyards-display-component---NewYard--addressDetailDetailsLanguage-arrow\"]"}
RESULT: {"using":"xpath","value":"//*[@id=\"application-manageyards-display-component---NewYard--addressDetailDetailsLanguage-arrow\"]"}
COMMAND: POST /session/f292156acc1b273c5de2837bdf35b9d0/element/f.2505593A71F6743E8AE774F812430ADA.d.838B573A04F1B61131B4136D5C355F52.e.723/click - {}
RESULT: {}
COMMAND: POST /session/f292156acc1b273c5de2837bdf35b9d0/element - {"using":"xpath","value":"//span[contains(text(), \"English\")]"}
COMMAND: GET /session/f292156acc1b273c5de2837bdf35b9d0/screenshot - {}
RESULT: {"using":"xpath","value":"//span[contains(text(), \"English\")]"}
COMMAND: POST /session/f292156acc1b273c5de2837bdf35b9d0/element/f.2505593A71F6743E8AE774F812430ADA.d.838B573A04F1B61131B4136D5C355F52.e.724/click - {}
RESULT: {}
RESULT: {}
COMMAND: POST /session/f292156acc1b273c5de2837bdf35b9d0/execute/async - {"script":"<script> [1562 bytes]","args":[{"selector":{"id":"application-manageyards-display-component---NewYard--addressDetailDetailsCity1","interaction":{"idSuffix":"inner"}},"wdio_ui5_key":"applicationmanageyards-display-component---NewYard--addressDetailDetailsCity1"}]}
COMMAND: GET /session/f292156acc1b273c5de2837bdf35b9d0/screenshot - {}
RESULT: {"script":"<script> [1562 bytes]","args":[{"selector":{"id":"application-manageyards-display-component---NewYard--addressDetailDetailsCity1","interaction":{"idSuffix":"inner"}},"wdio_ui5_key":"applicationmanageyards-display-component---NewYard--addressDetailDetailsCity1"}]}
RESULT: undefined
COMMAND: POST /session/f292156acc1b273c5de2837bdf35b9d0/execute/async - {"script":"<script> [776 bytes]","args":[{"enterText":"Rosario","selector":{"id":"application-manageyards-display-component---NewYard--addressDetailDetailsCity1","interaction":{"idSuffix":"inner"}},"clearTextFirst":true,"interactionType":"ENTER_TEXT"}]}
RESULT: {}
RESULT: {"script":"<script> [776 bytes]","args":[{"enterText":"Rosario","selector":{"id":"application-manageyards-display-component---NewYard--addressDetailDetailsCity1","interaction":{"idSuffix":"inner"}},"clearTextFirst":true,"interactionType":"ENTER_TEXT"}]}
COMMAND: POST /session/f292156acc1b273c5de2837bdf35b9d0/execute/async - {"script":"<script> [1562 bytes]","args":[{"selector":{"id":"application-manageyards-display-component---NewYard--addressDetailDetailsCountry-arrow"},"wdio_ui5_key":"applicationmanageyards-display-component---NewYard--addressDetailDetailsCountry-arrow"}]}
RESULT: {"script":"<script> [1562 bytes]","args":[{"selector":{"id":"application-manageyards-display-component---NewYard--addressDetailDetailsCountry-arrow"},"wdio_ui5_key":"applicationmanageyards-display-component---NewYard--addressDetailDetailsCountry-arrow"}]}
RESULT: undefined
COMMAND: POST /session/f292156acc1b273c5de2837bdf35b9d0/element - {"using":"xpath","value":"//*[@id=\"application-manageyards-display-component---NewYard--addressDetailDetailsCountry-arrow\"]"}
RESULT: {"using":"xpath","value":"//*[@id=\"application-manageyards-display-component---NewYard--addressDetailDetailsCountry-arrow\"]"}
COMMAND: POST /session/f292156acc1b273c5de2837bdf35b9d0/element/f.2505593A71F6743E8AE774F812430ADA.d.838B573A04F1B61131B4136D5C355F52.e.726/click - {}
RESULT: {}
COMMAND: POST /session/f292156acc1b273c5de2837bdf35b9d0/element - {"using":"xpath","value":"//span[contains(text(), \"Argentina\")]"}
COMMAND: GET /session/f292156acc1b273c5de2837bdf35b9d0/screenshot - {}
RESULT: {"using":"xpath","value":"//span[contains(text(), \"Argentina\")]"}
COMMAND: POST /session/f292156acc1b273c5de2837bdf35b9d0/element/f.2505593A71F6743E8AE774F812430ADA.d.838B573A04F1B61131B4136D5C355F52.e.728/click - {}
RESULT: {}
RESULT: {}
COMMAND: POST /session/f292156acc1b273c5de2837bdf35b9d0/execute/async - {"script":"<script> [1562 bytes]","args":[{"selector":{"id":"application-manageyards-display-component---NewYard--addressEditDetailsCostObjectCstType-arrow"},"wdio_ui5_key":"applicationmanageyards-display-component---NewYard--addressEditDetailsCostObjectCstType-arrow"}]}
COMMAND: GET /session/f292156acc1b273c5de2837bdf35b9d0/screenshot - {}
RESULT: {"script":"<script> [1562 bytes]","args":[{"selector":{"id":"application-manageyards-display-component---NewYard--addressEditDetailsCostObjectCstType-arrow"},"wdio_ui5_key":"applicationmanageyards-display-component---NewYard--addressEditDetailsCostObjectCstType-arrow"}]}
RESULT: undefined
COMMAND: POST /session/f292156acc1b273c5de2837bdf35b9d0/element - {"using":"xpath","value":"//*[@id=\"application-manageyards-display-component---NewYard--addressEditDetailsCostObjectCstType-arrow\"]"}
RESULT: {}
RESULT: {"using":"xpath","value":"//*[@id=\"application-manageyards-display-component---NewYard--addressEditDetailsCostObjectCstType-arrow\"]"}
COMMAND: POST /session/f292156acc1b273c5de2837bdf35b9d0/element/f.2505593A71F6743E8AE774F812430ADA.d.838B573A04F1B61131B4136D5C355F52.e.729/click - {}
RESULT: {}
COMMAND: POST /session/f292156acc1b273c5de2837bdf35b9d0/element - {"using":"xpath","value":"//span[contains(text(), \"Cost Center\")]"}
COMMAND: GET /session/f292156acc1b273c5de2837bdf35b9d0/screenshot - {}
RESULT: {"using":"xpath","value":"//span[contains(text(), \"Cost Center\")]"}
COMMAND: POST /session/f292156acc1b273c5de2837bdf35b9d0/element/f.2505593A71F6743E8AE774F812430ADA.d.838B573A04F1B61131B4136D5C355F52.e.730/click - {}
RESULT: {}
RESULT: {}
COMMAND: GET /session/f292156acc1b273c5de2837bdf35b9d0/screenshot - {}
RESULT: {}
COMMAND: POST /session/f292156acc1b273c5de2837bdf35b9d0/element - {"using":"xpath","value":"//span[@id=\"application-manageyards-display-component---NewYard--addressNewCostObjectCstID-vhi\"]"}
RESULT: {"using":"xpath","value":"//span[@id=\"application-manageyards-display-component---NewYard--addressNewCostObjectCstID-vhi\"]"}
COMMAND: POST /session/f292156acc1b273c5de2837bdf35b9d0/execute/sync - {"script":"<script> [8489 bytes]","args":[{"element-6066-11e4-a52e-4f735466cecf":"f.2505593A71F6743E8AE774F812430ADA.d.838B573A04F1B61131B4136D5C355F52.e.734","ELEMENT":"f.2505593A71F6743E8AE774F812430ADA.d.838B573A04F1B61131B4136D5C355F52.e.734"}]}
RESULT: {"script":"<script> [8489 bytes]","args":[{"element-6066-11e4-a52e-4f735466cecf":"f.2505593A71F6743E8AE774F812430ADA.d.838B573A04F1B61131B4136D5C355F52.e.734","ELEMENT":"f.2505593A71F6743E8AE774F812430ADA.d.838B573A04F1B61131B4136D5C355F52.e.734"}]}
COMMAND: POST /session/f292156acc1b273c5de2837bdf35b9d0/execute/async - {"script":"<script> [1562 bytes]","args":[{"selector":{"id":"application-manageyards-display-component---NewYard--addressNewCostObjectCstID-vhi"},"wdio_ui5_key":"applicationmanageyards-display-component---NewYard--addressNewCostObjectCstID-vhi"}]}
COMMAND: GET /session/f292156acc1b273c5de2837bdf35b9d0/screenshot - {}
RESULT: {"script":"<script> [1562 bytes]","args":[{"selector":{"id":"application-manageyards-display-component---NewYard--addressNewCostObjectCstID-vhi"},"wdio_ui5_key":"applicationmanageyards-display-component---NewYard--addressNewCostObjectCstID-vhi"}]}
RESULT: undefined
COMMAND: POST /session/f292156acc1b273c5de2837bdf35b9d0/element - {"using":"xpath","value":"//*[@id=\"application-manageyards-display-component---NewYard--addressNewCostObjectCstID-vhi\"]"}
RESULT: {}
RESULT: {"using":"xpath","value":"//*[@id=\"application-manageyards-display-component---NewYard--addressNewCostObjectCstID-vhi\"]"}
COMMAND: POST /session/f292156acc1b273c5de2837bdf35b9d0/element/f.2505593A71F6743E8AE774F812430ADA.d.838B573A04F1B61131B4136D5C355F52.e.734/click - {}
RESULT: {}
COMMAND: GET /session/f292156acc1b273c5de2837bdf35b9d0/screenshot - {}
RESULT: {}
COMMAND: POST /session/f292156acc1b273c5de2837bdf35b9d0/execute/async - {"script":"<script> [1562 bytes]","args":[{"selector":{"controlType":"sap.m.SearchField","properties":{"placeholder":"Search"},"searchOpenDialogs":true,"interaction":{"idSuffix":"I"}},"wdio_ui5_key":"sapm.SearchField{\"placeholder\":\"Search\"}"}]}
RESULT: {"script":"<script> [1562 bytes]","args":[{"selector":{"controlType":"sap.m.SearchField","properties":{"placeholder":"Search"},"searchOpenDialogs":true,"interaction":{"idSuffix":"I"}},"wdio_ui5_key":"sapm.SearchField{\"placeholder\":\"Search\"}"}]}
RESULT: undefined
COMMAND: POST /session/f292156acc1b273c5de2837bdf35b9d0/execute/async - {"script":"<script> [776 bytes]","args":[{"enterText":"bauh_b","selector":{"controlType":"sap.m.SearchField","properties":{"placeholder":"Search"},"searchOpenDialogs":true,"interaction":{"idSuffix":"I"}},"clearTextFirst":true,"interactionType":"ENTER_TEXT"}]}
RESULT: {"script":"<script> [776 bytes]","args":[{"enterText":"bauh_b","selector":{"controlType":"sap.m.SearchField","properties":{"placeholder":"Search"},"searchOpenDialogs":true,"interaction":{"idSuffix":"I"}},"clearTextFirst":true,"interactionType":"ENTER_TEXT"}]}
COMMAND: POST /session/f292156acc1b273c5de2837bdf35b9d0/actions - {"actions":[{"id":"action1","type":"key","parameters":{},"actions":[{"type":"keyDown","value":""},{"type":"pause","duration":10},{"type":"keyUp","value":""}]}]}
RESULT: {"actions":[{"id":"action1","type":"key","parameters":{},"actions":[{"type":"keyDown","value":""},{"type":"pause","duration":10},{"type":"keyUp","value":""}]}]}
COMMAND: GET /session/f292156acc1b273c5de2837bdf35b9d0/screenshot - {}
RESULT: {}
COMMAND: POST /session/f292156acc1b273c5de2837bdf35b9d0/element - {"using":"xpath","value":"//span[contains(text(), \"Demo Yard\")]"}
RESULT: {"using":"xpath","value":"//span[contains(text(), \"Demo Yard\")]"}
COMMAND: POST /session/f292156acc1b273c5de2837bdf35b9d0/element/f.2505593A71F6743E8AE774F812430ADA.d.838B573A04F1B61131B4136D5C355F52.e.775/click - {}
RESULT: {}
COMMAND: GET /session/f292156acc1b273c5de2837bdf35b9d0/screenshot - {}
RESULT: {}
COMMAND: POST /session/f292156acc1b273c5de2837bdf35b9d0/element - {"using":"xpath","value":"//bdi[contains(text(), \"OK\")]"}
RESULT: {"using":"xpath","value":"//bdi[contains(text(), \"OK\")]"}
COMMAND: POST /session/f292156acc1b273c5de2837bdf35b9d0/element/f.2505593A71F6743E8AE774F812430ADA.d.838B573A04F1B61131B4136D5C355F52.e.776/click - {}
RESULT: {}
COMMAND: GET /session/f292156acc1b273c5de2837bdf35b9d0/screenshot - {}
RESULT: {}
COMMAND: POST /session/f292156acc1b273c5de2837bdf35b9d0/execute/async - {"script":"<script> [1562 bytes]","args":[{"selector":{"id":"application-manageyards-display-component---NewYard--addressEditDetailsCurrency-arrow"},"wdio_ui5_key":"applicationmanageyards-display-component---NewYard--addressEditDetailsCurrency-arrow"}]}
RESULT: {"script":"<script> [1562 bytes]","args":[{"selector":{"id":"application-manageyards-display-component---NewYard--addressEditDetailsCurrency-arrow"},"wdio_ui5_key":"applicationmanageyards-display-component---NewYard--addressEditDetailsCurrency-arrow"}]}
RESULT: undefined
COMMAND: POST /session/f292156acc1b273c5de2837bdf35b9d0/element - {"using":"xpath","value":"//*[@id=\"application-manageyards-display-component---NewYard--addressEditDetailsCurrency-arrow\"]"}
RESULT: {"using":"xpath","value":"//*[@id=\"application-manageyards-display-component---NewYard--addressEditDetailsCurrency-arrow\"]"}
COMMAND: POST /session/f292156acc1b273c5de2837bdf35b9d0/element/f.2505593A71F6743E8AE774F812430ADA.d.838B573A04F1B61131B4136D5C355F52.e.779/click - {}
RESULT: {}
COMMAND: POST /session/f292156acc1b273c5de2837bdf35b9d0/element - {"using":"xpath","value":"//span[contains(text(), \"Euro\")]"}
COMMAND: GET /session/f292156acc1b273c5de2837bdf35b9d0/screenshot - {}
RESULT: {"using":"xpath","value":"//span[contains(text(), \"Euro\")]"}
COMMAND: POST /session/f292156acc1b273c5de2837bdf35b9d0/element/f.2505593A71F6743E8AE774F812430ADA.d.838B573A04F1B61131B4136D5C355F52.e.780/click - {}
RESULT: {}
RESULT: {}
COMMAND: POST /session/f292156acc1b273c5de2837bdf35b9d0/execute/async - {"script":"<script> [1562 bytes]","args":[{"selector":{"controlType":"sap.m.Input","viewName":"etm.portal.ui.manageyards.view.New","viewId":"application-manageyards-display-component---NewYard","bindingPath":{"path":"","propertyPath":"/CONTROLLING_AREA","modelName":"NewYardModel"},"interaction":{"idSuffix":"inner"}},"wdio_ui5_key":"etmportal.ui.manageyards.view.Newsap.m.Input{\"path\":\"\",\"propertyPath\":\"/CONTROLLING_AREA\",\"modelName\":\"NewYardModel\"}"}]}
COMMAND: GET /session/f292156acc1b273c5de2837bdf35b9d0/screenshot - {}
RESULT: {"script":"<script> [1562 bytes]","args":[{"selector":{"controlType":"sap.m.Input","viewName":"etm.portal.ui.manageyards.view.New","viewId":"application-manageyards-display-component---NewYard","bindingPath":{"path":"","propertyPath":"/CONTROLLING_AREA","modelName":"NewYardModel"},"interaction":{"idSuffix":"inner"}},"wdio_ui5_key":"etmportal.ui.manageyards.view.Newsap.m.Input{\"path\":\"\",\"propertyPath\":\"/CONTROLLING_AREA\",\"modelName\":\"NewYardModel\"}"}]}
RESULT: undefined
COMMAND: POST /session/f292156acc1b273c5de2837bdf35b9d0/execute/async - {"script":"<script> [776 bytes]","args":[{"enterText":"Z001","selector":{"controlType":"sap.m.Input","viewName":"etm.portal.ui.manageyards.view.New","viewId":"application-manageyards-display-component---NewYard","bindingPath":{"path":"","propertyPath":"/CONTROLLING_AREA","modelName":"NewYardModel"},"interaction":{"idSuffix":"inner"}},"clearTextFirst":true,"interactionType":"ENTER_TEXT"}]}
RESULT: {}
RESULT: {"script":"<script> [776 bytes]","args":[{"enterText":"Z001","selector":{"controlType":"sap.m.Input","viewName":"etm.portal.ui.manageyards.view.New","viewId":"application-manageyards-display-component---NewYard","bindingPath":{"path":"","propertyPath":"/CONTROLLING_AREA","modelName":"NewYardModel"},"interaction":{"idSuffix":"inner"}},"clearTextFirst":true,"interactionType":"ENTER_TEXT"}]}
COMMAND: POST /session/f292156acc1b273c5de2837bdf35b9d0/execute/async - {"script":"<script> [1562 bytes]","args":[{"selector":{"id":"application-manageyards-display-component---NewYard--companyCodeComboBox","interaction":{"idSuffix":"inner"}},"wdio_ui5_key":"applicationmanageyards-display-component---NewYard--companyCodeComboBox"}]}
RESULT: {"script":"<script> [1562 bytes]","args":[{"selector":{"id":"application-manageyards-display-component---NewYard--companyCodeComboBox","interaction":{"idSuffix":"inner"}},"wdio_ui5_key":"applicationmanageyards-display-component---NewYard--companyCodeComboBox"}]}
RESULT: undefined
COMMAND: POST /session/f292156acc1b273c5de2837bdf35b9d0/execute/async - {"script":"<script> [776 bytes]","args":[{"enterText":"1000","selector":{"id":"application-manageyards-display-component---NewYard--companyCodeComboBox","interaction":{"idSuffix":"inner"}},"clearTextFirst":true,"interactionType":"ENTER_TEXT"}]}
RESULT: {"script":"<script> [776 bytes]","args":[{"enterText":"1000","selector":{"id":"application-manageyards-display-component---NewYard--companyCodeComboBox","interaction":{"idSuffix":"inner"}},"clearTextFirst":true,"interactionType":"ENTER_TEXT"}]}
COMMAND: POST /session/f292156acc1b273c5de2837bdf35b9d0/execute/async - {"script":"<script> [1562 bytes]","args":[{"selector":{"controlType":"sap.m.Input","viewName":"etm.portal.ui.manageyards.view.New","viewId":"application-manageyards-display-component---NewYard","bindingPath":{"path":"","propertyPath":"/PLANT","modelName":"NewYardModel"},"interaction":{"idSuffix":"inner"}},"wdio_ui5_key":"etmportal.ui.manageyards.view.Newsap.m.Input{\"path\":\"\",\"propertyPath\":\"/PLANT\",\"modelName\":\"NewYardModel\"}"}]}
RESULT: {"script":"<script> [1562 bytes]","args":[{"selector":{"controlType":"sap.m.Input","viewName":"etm.portal.ui.manageyards.view.New","viewId":"application-manageyards-display-component---NewYard","bindingPath":{"path":"","propertyPath":"/PLANT","modelName":"NewYardModel"},"interaction":{"idSuffix":"inner"}},"wdio_ui5_key":"etmportal.ui.manageyards.view.Newsap.m.Input{\"path\":\"\",\"propertyPath\":\"/PLANT\",\"modelName\":\"NewYardModel\"}"}]}
RESULT: undefined
COMMAND: POST /session/f292156acc1b273c5de2837bdf35b9d0/execute/async - {"script":"<script> [776 bytes]","args":[{"enterText":"1001","selector":{"controlType":"sap.m.Input","viewName":"etm.portal.ui.manageyards.view.New","viewId":"application-manageyards-display-component---NewYard","bindingPath":{"path":"","propertyPath":"/PLANT","modelName":"NewYardModel"},"interaction":{"idSuffix":"inner"}},"clearTextFirst":true,"interactionType":"ENTER_TEXT"}]}
RESULT: {"script":"<script> [776 bytes]","args":[{"enterText":"1001","selector":{"controlType":"sap.m.Input","viewName":"etm.portal.ui.manageyards.view.New","viewId":"application-manageyards-display-component---NewYard","bindingPath":{"path":"","propertyPath":"/PLANT","modelName":"NewYardModel"},"interaction":{"idSuffix":"inner"}},"clearTextFirst":true,"interactionType":"ENTER_TEXT"}]}
COMMAND: POST /session/f292156acc1b273c5de2837bdf35b9d0/execute/async - {"script":"<script> [1562 bytes]","args":[{"selector":{"controlType":"sap.m.Input","viewName":"etm.portal.ui.manageyards.view.New","viewId":"application-manageyards-display-component---NewYard","bindingPath":{"path":"","propertyPath":"/SALES_AREA_VKORG","modelName":"NewYardModel"},"interaction":{"idSuffix":"inner"}},"wdio_ui5_key":"etmportal.ui.manageyards.view.Newsap.m.Input{\"path\":\"\",\"propertyPath\":\"/SALES_AREA_VKORG\",\"modelName\":\"NewYardModel\"}"}]}
RESULT: {"script":"<script> [1562 bytes]","args":[{"selector":{"controlType":"sap.m.Input","viewName":"etm.portal.ui.manageyards.view.New","viewId":"application-manageyards-display-component---NewYard","bindingPath":{"path":"","propertyPath":"/SALES_AREA_VKORG","modelName":"NewYardModel"},"interaction":{"idSuffix":"inner"}},"wdio_ui5_key":"etmportal.ui.manageyards.view.Newsap.m.Input{\"path\":\"\",\"propertyPath\":\"/SALES_AREA_VKORG\",\"modelName\":\"NewYardModel\"}"}]}
RESULT: undefined
COMMAND: POST /session/f292156acc1b273c5de2837bdf35b9d0/execute/async - {"script":"<script> [776 bytes]","args":[{"enterText":"C002","selector":{"controlType":"sap.m.Input","viewName":"etm.portal.ui.manageyards.view.New","viewId":"application-manageyards-display-component---NewYard","bindingPath":{"path":"","propertyPath":"/SALES_AREA_VKORG","modelName":"NewYardModel"},"interaction":{"idSuffix":"inner"}},"clearTextFirst":true,"interactionType":"ENTER_TEXT"}]}
RESULT: {"script":"<script> [776 bytes]","args":[{"enterText":"C002","selector":{"controlType":"sap.m.Input","viewName":"etm.portal.ui.manageyards.view.New","viewId":"application-manageyards-display-component---NewYard","bindingPath":{"path":"","propertyPath":"/SALES_AREA_VKORG","modelName":"NewYardModel"},"interaction":{"idSuffix":"inner"}},"clearTextFirst":true,"interactionType":"ENTER_TEXT"}]}
COMMAND: POST /session/f292156acc1b273c5de2837bdf35b9d0/execute/async - {"script":"<script> [1562 bytes]","args":[{"selector":{"controlType":"sap.m.Input","viewName":"etm.portal.ui.manageyards.view.New","viewId":"application-manageyards-display-component---NewYard","bindingPath":{"path":"","propertyPath":"/SALES_AREA_VTWEG","modelName":"NewYardModel"},"interaction":{"idSuffix":"inner"}},"wdio_ui5_key":"etmportal.ui.manageyards.view.Newsap.m.Input{\"path\":\"\",\"propertyPath\":\"/SALES_AREA_VTWEG\",\"modelName\":\"NewYardModel\"}"}]}
RESULT: {"script":"<script> [1562 bytes]","args":[{"selector":{"controlType":"sap.m.Input","viewName":"etm.portal.ui.manageyards.view.New","viewId":"application-manageyards-display-component---NewYard","bindingPath":{"path":"","propertyPath":"/SALES_AREA_VTWEG","modelName":"NewYardModel"},"interaction":{"idSuffix":"inner"}},"wdio_ui5_key":"etmportal.ui.manageyards.view.Newsap.m.Input{\"path\":\"\",\"propertyPath\":\"/SALES_AREA_VTWEG\",\"modelName\":\"NewYardModel\"}"}]}
RESULT: undefined
COMMAND: POST /session/f292156acc1b273c5de2837bdf35b9d0/execute/async - {"script":"<script> [776 bytes]","args":[{"enterText":"C2","selector":{"controlType":"sap.m.Input","viewName":"etm.portal.ui.manageyards.view.New","viewId":"application-manageyards-display-component---NewYard","bindingPath":{"path":"","propertyPath":"/SALES_AREA_VTWEG","modelName":"NewYardModel"},"interaction":{"idSuffix":"inner"}},"clearTextFirst":true,"interactionType":"ENTER_TEXT"}]}
RESULT: {"script":"<script> [776 bytes]","args":[{"enterText":"C2","selector":{"controlType":"sap.m.Input","viewName":"etm.portal.ui.manageyards.view.New","viewId":"application-manageyards-display-component---NewYard","bindingPath":{"path":"","propertyPath":"/SALES_AREA_VTWEG","modelName":"NewYardModel"},"interaction":{"idSuffix":"inner"}},"clearTextFirst":true,"interactionType":"ENTER_TEXT"}]}
COMMAND: POST /session/f292156acc1b273c5de2837bdf35b9d0/execute/async - {"script":"<script> [1562 bytes]","args":[{"selector":{"controlType":"sap.m.Input","viewName":"etm.portal.ui.manageyards.view.New","viewId":"application-manageyards-display-component---NewYard","bindingPath":{"path":"","propertyPath":"/SALES_AREA_SPART","modelName":"NewYardModel"},"interaction":{"idSuffix":"inner"}},"wdio_ui5_key":"etmportal.ui.manageyards.view.Newsap.m.Input{\"path\":\"\",\"propertyPath\":\"/SALES_AREA_SPART\",\"modelName\":\"NewYardModel\"}"}]}
RESULT: {"script":"<script> [1562 bytes]","args":[{"selector":{"controlType":"sap.m.Input","viewName":"etm.portal.ui.manageyards.view.New","viewId":"application-manageyards-display-component---NewYard","bindingPath":{"path":"","propertyPath":"/SALES_AREA_SPART","modelName":"NewYardModel"},"interaction":{"idSuffix":"inner"}},"wdio_ui5_key":"etmportal.ui.manageyards.view.Newsap.m.Input{\"path\":\"\",\"propertyPath\":\"/SALES_AREA_SPART\",\"modelName\":\"NewYardModel\"}"}]}
RESULT: undefined
COMMAND: POST /session/f292156acc1b273c5de2837bdf35b9d0/execute/async - {"script":"<script> [776 bytes]","args":[{"enterText":"C2","selector":{"controlType":"sap.m.Input","viewName":"etm.portal.ui.manageyards.view.New","viewId":"application-manageyards-display-component---NewYard","bindingPath":{"path":"","propertyPath":"/SALES_AREA_SPART","modelName":"NewYardModel"},"interaction":{"idSuffix":"inner"}},"clearTextFirst":true,"interactionType":"ENTER_TEXT"}]}
RESULT: {"script":"<script> [776 bytes]","args":[{"enterText":"C2","selector":{"controlType":"sap.m.Input","viewName":"etm.portal.ui.manageyards.view.New","viewId":"application-manageyards-display-component---NewYard","bindingPath":{"path":"","propertyPath":"/SALES_AREA_SPART","modelName":"NewYardModel"},"interaction":{"idSuffix":"inner"}},"clearTextFirst":true,"interactionType":"ENTER_TEXT"}]}
COMMAND: POST /session/f292156acc1b273c5de2837bdf35b9d0/execute/async - {"script":"<script> [1562 bytes]","args":[{"selector":{"controlType":"sap.m.Input","viewName":"etm.portal.ui.manageyards.view.New","viewId":"application-manageyards-display-component---NewYard","bindingPath":{"path":"","propertyPath":"/SHIP_POINT","modelName":"NewYardModel"},"interaction":{"idSuffix":"inner"}},"wdio_ui5_key":"etmportal.ui.manageyards.view.Newsap.m.Input{\"path\":\"\",\"propertyPath\":\"/SHIP_POINT\",\"modelName\":\"NewYardModel\"}"}]}
RESULT: {"script":"<script> [1562 bytes]","args":[{"selector":{"controlType":"sap.m.Input","viewName":"etm.portal.ui.manageyards.view.New","viewId":"application-manageyards-display-component---NewYard","bindingPath":{"path":"","propertyPath":"/SHIP_POINT","modelName":"NewYardModel"},"interaction":{"idSuffix":"inner"}},"wdio_ui5_key":"etmportal.ui.manageyards.view.Newsap.m.Input{\"path\":\"\",\"propertyPath\":\"/SHIP_POINT\",\"modelName\":\"NewYardModel\"}"}]}
RESULT: undefined
COMMAND: POST /session/f292156acc1b273c5de2837bdf35b9d0/execute/async - {"script":"<script> [776 bytes]","args":[{"enterText":"1710","selector":{"controlType":"sap.m.Input","viewName":"etm.portal.ui.manageyards.view.New","viewId":"application-manageyards-display-component---NewYard","bindingPath":{"path":"","propertyPath":"/SHIP_POINT","modelName":"NewYardModel"},"interaction":{"idSuffix":"inner"}},"clearTextFirst":true,"interactionType":"ENTER_TEXT"}]}
RESULT: {"script":"<script> [776 bytes]","args":[{"enterText":"1710","selector":{"controlType":"sap.m.Input","viewName":"etm.portal.ui.manageyards.view.New","viewId":"application-manageyards-display-component---NewYard","bindingPath":{"path":"","propertyPath":"/SHIP_POINT","modelName":"NewYardModel"},"interaction":{"idSuffix":"inner"}},"clearTextFirst":true,"interactionType":"ENTER_TEXT"}]}
COMMAND: POST /session/f292156acc1b273c5de2837bdf35b9d0/execute/async - {"script":"<script> [1562 bytes]","args":[{"selector":{"controlType":"sap.m.Input","viewName":"etm.portal.ui.manageyards.view.New","viewId":"application-manageyards-display-component---NewYard","bindingPath":{"path":"","propertyPath":"/DELIVERY_TYPE","modelName":"NewYardModel"},"interaction":{"idSuffix":"inner"}},"wdio_ui5_key":"etmportal.ui.manageyards.view.Newsap.m.Input{\"path\":\"\",\"propertyPath\":\"/DELIVERY_TYPE\",\"modelName\":\"NewYardModel\"}"}]}
RESULT: {"script":"<script> [1562 bytes]","args":[{"selector":{"controlType":"sap.m.Input","viewName":"etm.portal.ui.manageyards.view.New","viewId":"application-manageyards-display-component---NewYard","bindingPath":{"path":"","propertyPath":"/DELIVERY_TYPE","modelName":"NewYardModel"},"interaction":{"idSuffix":"inner"}},"wdio_ui5_key":"etmportal.ui.manageyards.view.Newsap.m.Input{\"path\":\"\",\"propertyPath\":\"/DELIVERY_TYPE\",\"modelName\":\"NewYardModel\"}"}]}
RESULT: undefined
COMMAND: POST /session/f292156acc1b273c5de2837bdf35b9d0/execute/async - {"script":"<script> [776 bytes]","args":[{"enterText":"ZL01","selector":{"controlType":"sap.m.Input","viewName":"etm.portal.ui.manageyards.view.New","viewId":"application-manageyards-display-component---NewYard","bindingPath":{"path":"","propertyPath":"/DELIVERY_TYPE","modelName":"NewYardModel"},"interaction":{"idSuffix":"inner"}},"clearTextFirst":true,"interactionType":"ENTER_TEXT"}]}
RESULT: {"script":"<script> [776 bytes]","args":[{"enterText":"ZL01","selector":{"controlType":"sap.m.Input","viewName":"etm.portal.ui.manageyards.view.New","viewId":"application-manageyards-display-component---NewYard","bindingPath":{"path":"","propertyPath":"/DELIVERY_TYPE","modelName":"NewYardModel"},"interaction":{"idSuffix":"inner"}},"clearTextFirst":true,"interactionType":"ENTER_TEXT"}]}
COMMAND: POST /session/f292156acc1b273c5de2837bdf35b9d0/execute/async - {"script":"<script> [1562 bytes]","args":[{"selector":{"controlType":"sap.m.Input","viewName":"etm.portal.ui.manageyards.view.New","viewId":"application-manageyards-display-component---NewYard","bindingPath":{"path":"","propertyPath":"/AUART","modelName":"NewYardModel"},"interaction":{"idSuffix":"inner"}},"wdio_ui5_key":"etmportal.ui.manageyards.view.Newsap.m.Input{\"path\":\"\",\"propertyPath\":\"/AUART\",\"modelName\":\"NewYardModel\"}"}]}
RESULT: {"script":"<script> [1562 bytes]","args":[{"selector":{"controlType":"sap.m.Input","viewName":"etm.portal.ui.manageyards.view.New","viewId":"application-manageyards-display-component---NewYard","bindingPath":{"path":"","propertyPath":"/AUART","modelName":"NewYardModel"},"interaction":{"idSuffix":"inner"}},"wdio_ui5_key":"etmportal.ui.manageyards.view.Newsap.m.Input{\"path\":\"\",\"propertyPath\":\"/AUART\",\"modelName\":\"NewYardModel\"}"}]}
RESULT: undefined
COMMAND: POST /session/f292156acc1b273c5de2837bdf35b9d0/execute/async - {"script":"<script> [776 bytes]","args":[{"enterText":"TA","selector":{"controlType":"sap.m.Input","viewName":"etm.portal.ui.manageyards.view.New","viewId":"application-manageyards-display-component---NewYard","bindingPath":{"path":"","propertyPath":"/AUART","modelName":"NewYardModel"},"interaction":{"idSuffix":"inner"}},"clearTextFirst":true,"interactionType":"ENTER_TEXT"}]}
RESULT: {"script":"<script> [776 bytes]","args":[{"enterText":"TA","selector":{"controlType":"sap.m.Input","viewName":"etm.portal.ui.manageyards.view.New","viewId":"application-manageyards-display-component---NewYard","bindingPath":{"path":"","propertyPath":"/AUART","modelName":"NewYardModel"},"interaction":{"idSuffix":"inner"}},"clearTextFirst":true,"interactionType":"ENTER_TEXT"}]}
COMMAND: POST /session/f292156acc1b273c5de2837bdf35b9d0/element - {"using":"xpath","value":"//button[@data-kt=\"newYardSaveButton\"]"}
RESULT: {"using":"xpath","value":"//button[@data-kt=\"newYardSaveButton\"]"}
COMMAND: POST /session/f292156acc1b273c5de2837bdf35b9d0/element/f.2505593A71F6743E8AE774F812430ADA.d.838B573A04F1B61131B4136D5C355F52.e.708/click - {}
RESULT: {}
COMMAND: GET /session/f292156acc1b273c5de2837bdf35b9d0/screenshot - {}
RESULT: {}
COMMAND: POST /session/f292156acc1b273c5de2837bdf35b9d0/element - {"using":"xpath","value":"//header[contains(@id, 'ObjectPageLayout-headerTitle')]/div[1]/div[2]/div[1]/span[1]"}
RESULT: {"using":"xpath","value":"//header[contains(@id, 'ObjectPageLayout-headerTitle')]/div[1]/div[2]/div[1]/span[1]"}
COMMAND: POST /session/f292156acc1b273c5de2837bdf35b9d0/elements - {"using":"xpath","value":"//header[contains(@id, 'ObjectPageLayout-headerTitle')]/div[1]/div[2]/div[1]/span[1]"}
RESULT: {"using":"xpath","value":"//header[contains(@id, 'ObjectPageLayout-headerTitle')]/div[1]/div[2]/div[1]/span[1]"}
COMMAND: POST /session/f292156acc1b273c5de2837bdf35b9d0/execute/sync - {"script":"<script> [56 bytes]","args":[{"element-6066-11e4-a52e-4f735466cecf":"f.2505593A71F6743E8AE774F812430ADA.d.838B573A04F1B61131B4136D5C355F52.e.1000","ELEMENT":"f.2505593A71F6743E8AE774F812430ADA.d.838B573A04F1B61131B4136D5C355F52.e.1000"}]}
RESULT: {"script":"<script> [56 bytes]","args":[{"element-6066-11e4-a52e-4f735466cecf":"f.2505593A71F6743E8AE774F812430ADA.d.838B573A04F1B61131B4136D5C355F52.e.1000","ELEMENT":"f.2505593A71F6743E8AE774F812430ADA.d.838B573A04F1B61131B4136D5C355F52.e.1000"}]}
COMMAND: GET /session/f292156acc1b273c5de2837bdf35b9d0/screenshot - {}
RESULT: {}
COMMAND: POST /session/f292156acc1b273c5de2837bdf35b9d0/element - {"using":"css selector","value":"#shell-header-logo"}
RESULT: {"using":"css selector","value":"#shell-header-logo"}
COMMAND: POST /session/f292156acc1b273c5de2837bdf35b9d0/element/f.2505593A71F6743E8AE774F812430ADA.d.838B573A04F1B61131B4136D5C355F52.e.264/click - {}
RESULT: {}
COMMAND: GET /session/f292156acc1b273c5de2837bdf35b9d0/screenshot - {}
RESULT: {}
COMMAND: POST /session/f292156acc1b273c5de2837bdf35b9d0/execute/sync - {"script":"<script> [299 bytes]","args":[["getModel","getResource"]]}
RESULT: {"script":"<script> [299 bytes]","args":[["getModel","getResource"]]}
COMMAND: GET /session/f292156acc1b273c5de2837bdf35b9d0/screenshot - {}
]]></system-out>
    </testcase>
    <testcase classname="chrome.136_0_7103_93.windows.Create_condition_pricing_US117289_US134625" name="Should create a new equipment used for all following tests" time="151.963">
      <system-out><![CDATA[
COMMAND: POST /session/f292156acc1b273c5de2837bdf35b9d0/execute/async - {"script":"<script> [1562 bytes]","args":[{"selector":{"controlType":"sap.m.GenericTile","properties":{"header":"Manage Resources"}},"wdio_ui5_key":"sapm.GenericTile{\"header\":\"Manage Resources\"}"}]}
RESULT: {}
RESULT: {"script":"<script> [1562 bytes]","args":[{"selector":{"controlType":"sap.m.GenericTile","properties":{"header":"Manage Resources"}},"wdio_ui5_key":"sapm.GenericTile{\"header\":\"Manage Resources\"}"}]}
RESULT: undefined
COMMAND: POST /session/f292156acc1b273c5de2837bdf35b9d0/element - {"using":"xpath","value":"//*[@id=\"__tile39\"]"}
RESULT: {"using":"xpath","value":"//*[@id=\"__tile39\"]"}
COMMAND: POST /session/f292156acc1b273c5de2837bdf35b9d0/element/f.2505593A71F6743E8AE774F812430ADA.d.838B573A04F1B61131B4136D5C355F52.e.154/click - {}
RESULT: {}
COMMAND: GET /session/f292156acc1b273c5de2837bdf35b9d0/screenshot - {}
RESULT: {}
COMMAND: POST /session/f292156acc1b273c5de2837bdf35b9d0/elements - {"using":"xpath","value":"//span[text()='Error']"}
RESULT: {"using":"xpath","value":"//span[text()='Error']"}
COMMAND: POST /session/f292156acc1b273c5de2837bdf35b9d0/element - {"using":"xpath","value":"//button[@data-kt=\"addNewRUOverflowToolbarButton\"]"}
RESULT: {"using":"xpath","value":"//button[@data-kt=\"addNewRUOverflowToolbarButton\"]"}
COMMAND: POST /session/f292156acc1b273c5de2837bdf35b9d0/elements - {"using":"xpath","value":"//button[@data-kt=\"addNewRUOverflowToolbarButton\"]"}
RESULT: {"using":"xpath","value":"//button[@data-kt=\"addNewRUOverflowToolbarButton\"]"}
COMMAND: POST /session/f292156acc1b273c5de2837bdf35b9d0/elements - {"using":"xpath","value":"//button[@data-kt=\"addNewRUOverflowToolbarButton\"]"}
RESULT: {"using":"xpath","value":"//button[@data-kt=\"addNewRUOverflowToolbarButton\"]"}
COMMAND: POST /session/f292156acc1b273c5de2837bdf35b9d0/elements - {"using":"xpath","value":"//button[@data-kt=\"addNewRUOverflowToolbarButton\"]"}
RESULT: {"using":"xpath","value":"//button[@data-kt=\"addNewRUOverflowToolbarButton\"]"}
COMMAND: POST /session/f292156acc1b273c5de2837bdf35b9d0/element - {"using":"xpath","value":"//button[@data-kt=\"addNewRUOverflowToolbarButton\"]"}
RESULT: {"using":"xpath","value":"//button[@data-kt=\"addNewRUOverflowToolbarButton\"]"}
COMMAND: POST /session/f292156acc1b273c5de2837bdf35b9d0/execute/sync - {"script":"<script> [8489 bytes]","args":[{"element-6066-11e4-a52e-4f735466cecf":"f.2505593A71F6743E8AE774F812430ADA.d.838B573A04F1B61131B4136D5C355F52.e.1044","ELEMENT":"f.2505593A71F6743E8AE774F812430ADA.d.838B573A04F1B61131B4136D5C355F52.e.1044"}]}
RESULT: {"script":"<script> [8489 bytes]","args":[{"element-6066-11e4-a52e-4f735466cecf":"f.2505593A71F6743E8AE774F812430ADA.d.838B573A04F1B61131B4136D5C355F52.e.1044","ELEMENT":"f.2505593A71F6743E8AE774F812430ADA.d.838B573A04F1B61131B4136D5C355F52.e.1044"}]}
COMMAND: GET /session/f292156acc1b273c5de2837bdf35b9d0/element/f.2505593A71F6743E8AE774F812430ADA.d.838B573A04F1B61131B4136D5C355F52.e.1044/enabled - {}
COMMAND: GET /session/f292156acc1b273c5de2837bdf35b9d0/screenshot - {}
RESULT: {}
COMMAND: POST /session/f292156acc1b273c5de2837bdf35b9d0/execute/sync - {"script":"<script> [8489 bytes]","args":[{"element-6066-11e4-a52e-4f735466cecf":"f.2505593A71F6743E8AE774F812430ADA.d.838B573A04F1B61131B4136D5C355F52.e.1044","ELEMENT":"f.2505593A71F6743E8AE774F812430ADA.d.838B573A04F1B61131B4136D5C355F52.e.1044"}]}
COMMAND: GET /session/f292156acc1b273c5de2837bdf35b9d0/screenshot - {}
RESULT: {}
RESULT: {"script":"<script> [8489 bytes]","args":[{"element-6066-11e4-a52e-4f735466cecf":"f.2505593A71F6743E8AE774F812430ADA.d.838B573A04F1B61131B4136D5C355F52.e.1044","ELEMENT":"f.2505593A71F6743E8AE774F812430ADA.d.838B573A04F1B61131B4136D5C355F52.e.1044"}]}
COMMAND: POST /session/f292156acc1b273c5de2837bdf35b9d0/execute/sync - {"script":"<script> [5351 bytes]","args":[{"element-6066-11e4-a52e-4f735466cecf":"f.2505593A71F6743E8AE774F812430ADA.d.838B573A04F1B61131B4136D5C355F52.e.1044","ELEMENT":"f.2505593A71F6743E8AE774F812430ADA.d.838B573A04F1B61131B4136D5C355F52.e.1044"}]}
COMMAND: GET /session/f292156acc1b273c5de2837bdf35b9d0/screenshot - {}
RESULT: {}
RESULT: {"script":"<script> [5351 bytes]","args":[{"element-6066-11e4-a52e-4f735466cecf":"f.2505593A71F6743E8AE774F812430ADA.d.838B573A04F1B61131B4136D5C355F52.e.1044","ELEMENT":"f.2505593A71F6743E8AE774F812430ADA.d.838B573A04F1B61131B4136D5C355F52.e.1044"}]}
COMMAND: POST /session/f292156acc1b273c5de2837bdf35b9d0/element/f.2505593A71F6743E8AE774F812430ADA.d.838B573A04F1B61131B4136D5C355F52.e.1044/click - {}
COMMAND: GET /session/f292156acc1b273c5de2837bdf35b9d0/screenshot - {}
RESULT: {}
RESULT: {}
COMMAND: GET /session/f292156acc1b273c5de2837bdf35b9d0/screenshot - {}
COMMAND: POST /session/f292156acc1b273c5de2837bdf35b9d0/execute/async - {"script":"<script> [1562 bytes]","args":[{"selector":{"id":"application-manageresources-display-component---newResourceUnit--TYPE-arrow"},"wdio_ui5_key":"applicationmanageresources-display-component---newResourceUnit--TYPE-arrow"}]}
RESULT: {}
RESULT: {}
RESULT: {"script":"<script> [1562 bytes]","args":[{"selector":{"id":"application-manageresources-display-component---newResourceUnit--TYPE-arrow"},"wdio_ui5_key":"applicationmanageresources-display-component---newResourceUnit--TYPE-arrow"}]}
RESULT: undefined
COMMAND: POST /session/f292156acc1b273c5de2837bdf35b9d0/element - {"using":"xpath","value":"//*[@id=\"application-manageresources-display-component---newResourceUnit--TYPE-arrow\"]"}
RESULT: {"using":"xpath","value":"//*[@id=\"application-manageresources-display-component---newResourceUnit--TYPE-arrow\"]"}
COMMAND: POST /session/f292156acc1b273c5de2837bdf35b9d0/element/f.2505593A71F6743E8AE774F812430ADA.d.838B573A04F1B61131B4136D5C355F52.e.1386/click - {}
RESULT: {}
COMMAND: POST /session/f292156acc1b273c5de2837bdf35b9d0/element - {"using":"xpath","value":"//input[@id=\"application-manageresources-display-component---newResourceUnit--TYPE-inner\"]"}
COMMAND: GET /session/f292156acc1b273c5de2837bdf35b9d0/screenshot - {}
RESULT: {"using":"xpath","value":"//input[@id=\"application-manageresources-display-component---newResourceUnit--TYPE-inner\"]"}
COMMAND: POST /session/f292156acc1b273c5de2837bdf35b9d0/element/f.2505593A71F6743E8AE774F812430ADA.d.838B573A04F1B61131B4136D5C355F52.e.1383/clear - {}
RESULT: {}
RESULT: {}
COMMAND: POST /session/f292156acc1b273c5de2837bdf35b9d0/element/f.2505593A71F6743E8AE774F812430ADA.d.838B573A04F1B61131B4136D5C355F52.e.1383/value - {"text":"Equipment"}
COMMAND: GET /session/f292156acc1b273c5de2837bdf35b9d0/screenshot - {}
RESULT: {"text":"Equipment"}
COMMAND: GET /session/f292156acc1b273c5de2837bdf35b9d0/screenshot - {}
RESULT: {}
RESULT: {}
COMMAND: POST /session/f292156acc1b273c5de2837bdf35b9d0/actions - {"actions":[{"id":"action2","type":"key","parameters":{},"actions":[{"type":"keyDown","value":""},{"type":"pause","duration":10},{"type":"keyUp","value":""}]}]}
RESULT: {"actions":[{"id":"action2","type":"key","parameters":{},"actions":[{"type":"keyDown","value":""},{"type":"pause","duration":10},{"type":"keyUp","value":""}]}]}
COMMAND: POST /session/f292156acc1b273c5de2837bdf35b9d0/execute/async - {"script":"<script> [1562 bytes]","args":[{"selector":{"id":"application-manageresources-display-component---newResourceUnit--resourceId","interaction":{"idSuffix":"inner"}},"wdio_ui5_key":"applicationmanageresources-display-component---newResourceUnit--resourceId"}]}
COMMAND: GET /session/f292156acc1b273c5de2837bdf35b9d0/screenshot - {}
RESULT: {"script":"<script> [1562 bytes]","args":[{"selector":{"id":"application-manageresources-display-component---newResourceUnit--resourceId","interaction":{"idSuffix":"inner"}},"wdio_ui5_key":"applicationmanageresources-display-component---newResourceUnit--resourceId"}]}
RESULT: undefined
COMMAND: POST /session/f292156acc1b273c5de2837bdf35b9d0/execute/async - {"script":"<script> [776 bytes]","args":[{"enterText":"2S7GM7oYvA","selector":{"id":"application-manageresources-display-component---newResourceUnit--resourceId","interaction":{"idSuffix":"inner"}},"clearTextFirst":true,"interactionType":"ENTER_TEXT"}]}
RESULT: {}
RESULT: {"script":"<script> [776 bytes]","args":[{"enterText":"2S7GM7oYvA","selector":{"id":"application-manageresources-display-component---newResourceUnit--resourceId","interaction":{"idSuffix":"inner"}},"clearTextFirst":true,"interactionType":"ENTER_TEXT"}]}
COMMAND: POST /session/f292156acc1b273c5de2837bdf35b9d0/execute/async - {"script":"<script> [1562 bytes]","args":[{"selector":{"id":"application-manageresources-display-component---newResourceUnit--SHORT_TEXT","interaction":{"idSuffix":"inner"}},"wdio_ui5_key":"applicationmanageresources-display-component---newResourceUnit--SHORT_TEXT"}]}
RESULT: {"script":"<script> [1562 bytes]","args":[{"selector":{"id":"application-manageresources-display-component---newResourceUnit--SHORT_TEXT","interaction":{"idSuffix":"inner"}},"wdio_ui5_key":"applicationmanageresources-display-component---newResourceUnit--SHORT_TEXT"}]}
RESULT: undefined
COMMAND: POST /session/f292156acc1b273c5de2837bdf35b9d0/execute/async - {"script":"<script> [776 bytes]","args":[{"enterText":"Intercompany Equipment WDIO","selector":{"id":"application-manageresources-display-component---newResourceUnit--SHORT_TEXT","interaction":{"idSuffix":"inner"}},"clearTextFirst":true,"interactionType":"ENTER_TEXT"}]}
RESULT: {"script":"<script> [776 bytes]","args":[{"enterText":"Intercompany Equipment WDIO","selector":{"id":"application-manageresources-display-component---newResourceUnit--SHORT_TEXT","interaction":{"idSuffix":"inner"}},"clearTextFirst":true,"interactionType":"ENTER_TEXT"}]}
COMMAND: POST /session/f292156acc1b273c5de2837bdf35b9d0/execute/async - {"script":"<script> [1562 bytes]","args":[{"selector":{"id":"application-manageresources-display-component---newResourceUnit--BASE_UNIT_OF_MEASURE","interaction":{"idSuffix":"inner"}},"wdio_ui5_key":"applicationmanageresources-display-component---newResourceUnit--BASE_UNIT_OF_MEASURE"}]}
RESULT: {"script":"<script> [1562 bytes]","args":[{"selector":{"id":"application-manageresources-display-component---newResourceUnit--BASE_UNIT_OF_MEASURE","interaction":{"idSuffix":"inner"}},"wdio_ui5_key":"applicationmanageresources-display-component---newResourceUnit--BASE_UNIT_OF_MEASURE"}]}
RESULT: undefined
COMMAND: POST /session/f292156acc1b273c5de2837bdf35b9d0/execute/async - {"script":"<script> [776 bytes]","args":[{"enterText":"Piece","selector":{"id":"application-manageresources-display-component---newResourceUnit--BASE_UNIT_OF_MEASURE","interaction":{"idSuffix":"inner"}},"clearTextFirst":true,"interactionType":"ENTER_TEXT"}]}
RESULT: {"script":"<script> [776 bytes]","args":[{"enterText":"Piece","selector":{"id":"application-manageresources-display-component---newResourceUnit--BASE_UNIT_OF_MEASURE","interaction":{"idSuffix":"inner"}},"clearTextFirst":true,"interactionType":"ENTER_TEXT"}]}
COMMAND: POST /session/f292156acc1b273c5de2837bdf35b9d0/execute/async - {"script":"<script> [1562 bytes]","args":[{"selector":{"id":"application-manageresources-display-component---newResourceUnit--WEIGHT_UNIT","interaction":{"idSuffix":"inner"}},"wdio_ui5_key":"applicationmanageresources-display-component---newResourceUnit--WEIGHT_UNIT"}]}
RESULT: {"script":"<script> [1562 bytes]","args":[{"selector":{"id":"application-manageresources-display-component---newResourceUnit--WEIGHT_UNIT","interaction":{"idSuffix":"inner"}},"wdio_ui5_key":"applicationmanageresources-display-component---newResourceUnit--WEIGHT_UNIT"}]}
RESULT: undefined
COMMAND: POST /session/f292156acc1b273c5de2837bdf35b9d0/execute/async - {"script":"<script> [776 bytes]","args":[{"enterText":"Gram","selector":{"id":"application-manageresources-display-component---newResourceUnit--WEIGHT_UNIT","interaction":{"idSuffix":"inner"}},"clearTextFirst":true,"interactionType":"ENTER_TEXT"}]}
RESULT: {"script":"<script> [776 bytes]","args":[{"enterText":"Gram","selector":{"id":"application-manageresources-display-component---newResourceUnit--WEIGHT_UNIT","interaction":{"idSuffix":"inner"}},"clearTextFirst":true,"interactionType":"ENTER_TEXT"}]}
COMMAND: POST /session/f292156acc1b273c5de2837bdf35b9d0/execute/async - {"script":"<script> [1562 bytes]","args":[{"selector":{"id":"application-manageresources-display-component---newResourceUnit--DIMENSION_UNIT","interaction":{"idSuffix":"inner"}},"wdio_ui5_key":"applicationmanageresources-display-component---newResourceUnit--DIMENSION_UNIT"}]}
RESULT: {"script":"<script> [1562 bytes]","args":[{"selector":{"id":"application-manageresources-display-component---newResourceUnit--DIMENSION_UNIT","interaction":{"idSuffix":"inner"}},"wdio_ui5_key":"applicationmanageresources-display-component---newResourceUnit--DIMENSION_UNIT"}]}
RESULT: undefined
COMMAND: POST /session/f292156acc1b273c5de2837bdf35b9d0/execute/async - {"script":"<script> [776 bytes]","args":[{"enterText":"Meter","selector":{"id":"application-manageresources-display-component---newResourceUnit--DIMENSION_UNIT","interaction":{"idSuffix":"inner"}},"clearTextFirst":true,"interactionType":"ENTER_TEXT"}]}
RESULT: {"script":"<script> [776 bytes]","args":[{"enterText":"Meter","selector":{"id":"application-manageresources-display-component---newResourceUnit--DIMENSION_UNIT","interaction":{"idSuffix":"inner"}},"clearTextFirst":true,"interactionType":"ENTER_TEXT"}]}
COMMAND: POST /session/f292156acc1b273c5de2837bdf35b9d0/execute/async - {"script":"<script> [1562 bytes]","args":[{"selector":{"id":"application-manageresources-display-component---newResourceUnit--newRRUPage-anchBar-application-manageresources-display-component---newResourceUnit--control-anchor","interaction":{"idSuffix":"BDI-content"}},"wdio_ui5_key":"applicationmanageresources-display-component---newResourceUnit--newRRUPage-anchBar-application-manageresources-display-component---newResourceUnit--control-anchor"}]}
RESULT: {"script":"<script> [1562 bytes]","args":[{"selector":{"id":"application-manageresources-display-component---newResourceUnit--newRRUPage-anchBar-application-manageresources-display-component---newResourceUnit--control-anchor","interaction":{"idSuffix":"BDI-content"}},"wdio_ui5_key":"applicationmanageresources-display-component---newResourceUnit--newRRUPage-anchBar-application-manageresources-display-component---newResourceUnit--control-anchor"}]}
RESULT: undefined
COMMAND: POST /session/f292156acc1b273c5de2837bdf35b9d0/element - {"using":"xpath","value":"//*[@id=\"application-manageresources-display-component---newResourceUnit--newRRUPage-anchBar-application-manageresources-display-component---newResourceUnit--control-anchor\"]"}
RESULT: {"using":"xpath","value":"//*[@id=\"application-manageresources-display-component---newResourceUnit--newRRUPage-anchBar-application-manageresources-display-component---newResourceUnit--control-anchor\"]"}
COMMAND: POST /session/f292156acc1b273c5de2837bdf35b9d0/element/f.2505593A71F6743E8AE774F812430ADA.d.838B573A04F1B61131B4136D5C355F52.e.1544/click - {}
RESULT: {}
COMMAND: POST /session/f292156acc1b273c5de2837bdf35b9d0/execute/async - {"script":"<script> [1562 bytes]","args":[{"selector":{"id":"application-manageresources-display-component---newResourceUnit--PLANNING_GROUP","interaction":{"idSuffix":"inner"}},"wdio_ui5_key":"applicationmanageresources-display-component---newResourceUnit--PLANNING_GROUP"}]}
COMMAND: GET /session/f292156acc1b273c5de2837bdf35b9d0/screenshot - {}
RESULT: {"script":"<script> [1562 bytes]","args":[{"selector":{"id":"application-manageresources-display-component---newResourceUnit--PLANNING_GROUP","interaction":{"idSuffix":"inner"}},"wdio_ui5_key":"applicationmanageresources-display-component---newResourceUnit--PLANNING_GROUP"}]}
RESULT: undefined
COMMAND: POST /session/f292156acc1b273c5de2837bdf35b9d0/execute/async - {"script":"<script> [776 bytes]","args":[{"enterText":"Heavy Equi","selector":{"id":"application-manageresources-display-component---newResourceUnit--PLANNING_GROUP","interaction":{"idSuffix":"inner"}},"clearTextFirst":true,"interactionType":"ENTER_TEXT"}]}
RESULT: {}
RESULT: {"script":"<script> [776 bytes]","args":[{"enterText":"Heavy Equi","selector":{"id":"application-manageresources-display-component---newResourceUnit--PLANNING_GROUP","interaction":{"idSuffix":"inner"}},"clearTextFirst":true,"interactionType":"ENTER_TEXT"}]}
COMMAND: POST /session/f292156acc1b273c5de2837bdf35b9d0/execute/async - {"script":"<script> [1562 bytes]","args":[{"selector":{"id":"application-manageresources-display-component---newResourceUnit--ITEM_TYPE-arrow"},"wdio_ui5_key":"applicationmanageresources-display-component---newResourceUnit--ITEM_TYPE-arrow"}]}
RESULT: {"script":"<script> [1562 bytes]","args":[{"selector":{"id":"application-manageresources-display-component---newResourceUnit--ITEM_TYPE-arrow"},"wdio_ui5_key":"applicationmanageresources-display-component---newResourceUnit--ITEM_TYPE-arrow"}]}
RESULT: undefined
COMMAND: POST /session/f292156acc1b273c5de2837bdf35b9d0/element - {"using":"xpath","value":"//*[@id=\"application-manageresources-display-component---newResourceUnit--ITEM_TYPE-arrow\"]"}
RESULT: {"using":"xpath","value":"//*[@id=\"application-manageresources-display-component---newResourceUnit--ITEM_TYPE-arrow\"]"}
COMMAND: POST /session/f292156acc1b273c5de2837bdf35b9d0/element/f.2505593A71F6743E8AE774F812430ADA.d.838B573A04F1B61131B4136D5C355F52.e.1551/click - {}
RESULT: {}
COMMAND: POST /session/f292156acc1b273c5de2837bdf35b9d0/element - {"using":"xpath","value":"(//span[contains(text(), \"Resource Unit\")])[2]"}
COMMAND: GET /session/f292156acc1b273c5de2837bdf35b9d0/screenshot - {}
RESULT: {"using":"xpath","value":"(//span[contains(text(), \"Resource Unit\")])[2]"}
COMMAND: POST /session/f292156acc1b273c5de2837bdf35b9d0/element/f.2505593A71F6743E8AE774F812430ADA.d.838B573A04F1B61131B4136D5C355F52.e.1552/click - {}
RESULT: {}
RESULT: {}
COMMAND: GET /session/f292156acc1b273c5de2837bdf35b9d0/screenshot - {}
RESULT: {}
COMMAND: POST /session/f292156acc1b273c5de2837bdf35b9d0/element - {"using":"css selector","value":"#application-manageresources-display-component---newResourceUnit--btnAddTimeSegment"}
RESULT: {"using":"css selector","value":"#application-manageresources-display-component---newResourceUnit--btnAddTimeSegment"}
COMMAND: GET /session/f292156acc1b273c5de2837bdf35b9d0/element/f.2505593A71F6743E8AE774F812430ADA.d.838B573A04F1B61131B4136D5C355F52.e.1559/rect - {}
RESULT: {}
COMMAND: GET /session/f292156acc1b273c5de2837bdf35b9d0/window/rect - {}
RESULT: {}
COMMAND: POST /session/f292156acc1b273c5de2837bdf35b9d0/execute/sync - {"script":"<script> [92 bytes]","args":[]}
RESULT: {"script":"<script> [92 bytes]","args":[]}
COMMAND: POST /session/f292156acc1b273c5de2837bdf35b9d0/actions - {"actions":[{"id":"action3","type":"wheel","parameters":{},"actions":[{"type":"scroll","x":-1888,"y":-32,"deltaX":0,"deltaY":0,"duration":0,"origin":{"element-6066-11e4-a52e-4f735466cecf":"f.2505593A71F6743E8AE774F812430ADA.d.838B573A04F1B61131B4136D5C355F52.e.1559"}}]}]}
COMMAND: GET /session/f292156acc1b273c5de2837bdf35b9d0/screenshot - {}
RESULT: {}
COMMAND: POST /session/f292156acc1b273c5de2837bdf35b9d0/execute/sync - {"script":"<script> [79 bytes]","args":[{"element-6066-11e4-a52e-4f735466cecf":"f.2505593A71F6743E8AE774F812430ADA.d.838B573A04F1B61131B4136D5C355F52.e.1559","ELEMENT":"f.2505593A71F6743E8AE774F812430ADA.d.838B573A04F1B61131B4136D5C355F52.e.1559"},{"block":"start","inline":"nearest"}]}
RESULT: {"script":"<script> [79 bytes]","args":[{"element-6066-11e4-a52e-4f735466cecf":"f.2505593A71F6743E8AE774F812430ADA.d.838B573A04F1B61131B4136D5C355F52.e.1559","ELEMENT":"f.2505593A71F6743E8AE774F812430ADA.d.838B573A04F1B61131B4136D5C355F52.e.1559"},{"block":"start","inline":"nearest"}]}
COMMAND: POST /session/f292156acc1b273c5de2837bdf35b9d0/execute/async - {"script":"<script> [1562 bytes]","args":[{"selector":{"id":"application-manageresources-display-component---newResourceUnit--btnAddTimeSegment","interaction":{"idSuffix":"inner"}},"wdio_ui5_key":"applicationmanageresources-display-component---newResourceUnit--btnAddTimeSegment"}]}
COMMAND: GET /session/f292156acc1b273c5de2837bdf35b9d0/screenshot - {}
RESULT: {"script":"<script> [1562 bytes]","args":[{"selector":{"id":"application-manageresources-display-component---newResourceUnit--btnAddTimeSegment","interaction":{"idSuffix":"inner"}},"wdio_ui5_key":"applicationmanageresources-display-component---newResourceUnit--btnAddTimeSegment"}]}
RESULT: undefined
COMMAND: POST /session/f292156acc1b273c5de2837bdf35b9d0/element - {"using":"xpath","value":"//*[@id=\"application-manageresources-display-component---newResourceUnit--btnAddTimeSegment\"]"}
RESULT: {}
RESULT: {"using":"xpath","value":"//*[@id=\"application-manageresources-display-component---newResourceUnit--btnAddTimeSegment\"]"}
COMMAND: POST /session/f292156acc1b273c5de2837bdf35b9d0/element/f.2505593A71F6743E8AE774F812430ADA.d.838B573A04F1B61131B4136D5C355F52.e.1559/click - {}
RESULT: {}
COMMAND: GET /session/f292156acc1b273c5de2837bdf35b9d0/screenshot - {}
RESULT: {}
COMMAND: POST /session/f292156acc1b273c5de2837bdf35b9d0/element - {"using":"xpath","value":"//input[@id=\"application-manageresources-display-component---newResourceUnit--idRuTSAdmin-application-manageresources-display-component---newResourceUnit--RUTimeSegment-0-inner\"]"}
RESULT: {"using":"xpath","value":"//input[@id=\"application-manageresources-display-component---newResourceUnit--idRuTSAdmin-application-manageresources-display-component---newResourceUnit--RUTimeSegment-0-inner\"]"}
COMMAND: POST /session/f292156acc1b273c5de2837bdf35b9d0/element/f.2505593A71F6743E8AE774F812430ADA.d.838B573A04F1B61131B4136D5C355F52.e.1565/clear - {}
RESULT: {}
COMMAND: POST /session/f292156acc1b273c5de2837bdf35b9d0/element/f.2505593A71F6743E8AE774F812430ADA.d.838B573A04F1B61131B4136D5C355F52.e.1565/value - {"text":"428"}
COMMAND: GET /session/f292156acc1b273c5de2837bdf35b9d0/screenshot - {}
RESULT: {"text":"428"}
COMMAND: GET /session/f292156acc1b273c5de2837bdf35b9d0/screenshot - {}
RESULT: {}
RESULT: {}
COMMAND: POST /session/f292156acc1b273c5de2837bdf35b9d0/element - {"using":"xpath","value":"//li[.//span[text()='428']]"}
RESULT: {"using":"xpath","value":"//li[.//span[text()='428']]"}
COMMAND: POST /session/f292156acc1b273c5de2837bdf35b9d0/element/f.2505593A71F6743E8AE774F812430ADA.d.838B573A04F1B61131B4136D5C355F52.e.1577/click - {}
RESULT: {}
COMMAND: GET /session/f292156acc1b273c5de2837bdf35b9d0/screenshot - {}
RESULT: {}
COMMAND: POST /session/f292156acc1b273c5de2837bdf35b9d0/element - {"using":"xpath","value":"(//span[contains(@id, \"-application-manageresources-display-component---newResourceUnit--RUTimeSegment-0-arrow\")])[6]"}
RESULT: {"using":"xpath","value":"(//span[contains(@id, \"-application-manageresources-display-component---newResourceUnit--RUTimeSegment-0-arrow\")])[6]"}
COMMAND: POST /session/f292156acc1b273c5de2837bdf35b9d0/element/f.2505593A71F6743E8AE774F812430ADA.d.838B573A04F1B61131B4136D5C355F52.e.1578/click - {}
RESULT: {}
COMMAND: GET /session/f292156acc1b273c5de2837bdf35b9d0/screenshot - {}
RESULT: {}
COMMAND: POST /session/f292156acc1b273c5de2837bdf35b9d0/element - {"using":"xpath","value":"//span[contains(text(), \"PM Order\")]"}
RESULT: {"using":"xpath","value":"//span[contains(text(), \"PM Order\")]"}
COMMAND: POST /session/f292156acc1b273c5de2837bdf35b9d0/element/f.2505593A71F6743E8AE774F812430ADA.d.838B573A04F1B61131B4136D5C355F52.e.1581/click - {}
RESULT: {}
COMMAND: GET /session/f292156acc1b273c5de2837bdf35b9d0/screenshot - {}
RESULT: {}
COMMAND: POST /session/f292156acc1b273c5de2837bdf35b9d0/element - {"using":"xpath","value":"(//span[contains(@id ,\"manageresources-display-component---newResourceUnit--RUTimeSegment-0-vhi\")])[1]"}
RESULT: {"using":"xpath","value":"(//span[contains(@id ,\"manageresources-display-component---newResourceUnit--RUTimeSegment-0-vhi\")])[1]"}
COMMAND: GET /session/f292156acc1b273c5de2837bdf35b9d0/element/f.2505593A71F6743E8AE774F812430ADA.d.838B573A04F1B61131B4136D5C355F52.e.1585/rect - {}
RESULT: {}
COMMAND: GET /session/f292156acc1b273c5de2837bdf35b9d0/window/rect - {}
RESULT: {}
COMMAND: POST /session/f292156acc1b273c5de2837bdf35b9d0/execute/sync - {"script":"<script> [92 bytes]","args":[]}
RESULT: {"script":"<script> [92 bytes]","args":[]}
COMMAND: POST /session/f292156acc1b273c5de2837bdf35b9d0/actions - {"actions":[{"id":"action4","type":"wheel","parameters":{},"actions":[{"type":"scroll","x":-869,"y":-24,"deltaX":0,"deltaY":0,"duration":0,"origin":{"element-6066-11e4-a52e-4f735466cecf":"f.2505593A71F6743E8AE774F812430ADA.d.838B573A04F1B61131B4136D5C355F52.e.1585"}}]}]}
COMMAND: GET /session/f292156acc1b273c5de2837bdf35b9d0/screenshot - {}
RESULT: {"actions":[{"id":"action4","type":"wheel","parameters":{},"actions":[{"type":"scroll","x":-869,"y":-24,"deltaX":0,"deltaY":0,"duration":0,"origin":{"element-6066-11e4-a52e-4f735466cecf":"f.2505593A71F6743E8AE774F812430ADA.d.838B573A04F1B61131B4136D5C355F52.e.1585"}}]}]}
COMMAND: DELETE /session/f292156acc1b273c5de2837bdf35b9d0/actions - {}
COMMAND: GET /session/f292156acc1b273c5de2837bdf35b9d0/screenshot - {}
RESULT: {}
RESULT: {}
COMMAND: GET /session/f292156acc1b273c5de2837bdf35b9d0/screenshot - {}
RESULT: {}
RESULT: {}
COMMAND: POST /session/f292156acc1b273c5de2837bdf35b9d0/element/f.2505593A71F6743E8AE774F812430ADA.d.838B573A04F1B61131B4136D5C355F52.e.1585/click - {}
RESULT: {}
COMMAND: GET /session/f292156acc1b273c5de2837bdf35b9d0/screenshot - {}
RESULT: {}
RESULT: undefined
COMMAND: POST /session/f292156acc1b273c5de2837bdf35b9d0/execute/async - {"script":"<script> [776 bytes]","args":[{"enterText":"4000360","selector":{"controlType":"sap.m.SearchField","properties":{"placeholder":"Search"},"searchOpenDialogs":true,"interaction":{"idSuffix":"I"}},"clearTextFirst":true,"interactionType":"ENTER_TEXT"}]}
RESULT: {"script":"<script> [776 bytes]","args":[{"enterText":"4000360","selector":{"controlType":"sap.m.SearchField","properties":{"placeholder":"Search"},"searchOpenDialogs":true,"interaction":{"idSuffix":"I"}},"clearTextFirst":true,"interactionType":"ENTER_TEXT"}]}
COMMAND: POST /session/f292156acc1b273c5de2837bdf35b9d0/actions - {"actions":[{"id":"action5","type":"key","parameters":{},"actions":[{"type":"keyDown","value":""},{"type":"pause","duration":10},{"type":"keyUp","value":""}]}]}
RESULT: {"actions":[{"id":"action5","type":"key","parameters":{},"actions":[{"type":"keyDown","value":""},{"type":"pause","duration":10},{"type":"keyUp","value":""}]}]}
COMMAND: GET /session/f292156acc1b273c5de2837bdf35b9d0/screenshot - {}
RESULT: {}
COMMAND: POST /session/f292156acc1b273c5de2837bdf35b9d0/element - {"using":"xpath","value":"//td/div/span[contains(text(), \"BGL Vehicles\")]"}
RESULT: {"using":"xpath","value":"//td/div/span[contains(text(), \"BGL Vehicles\")]"}
COMMAND: POST /session/f292156acc1b273c5de2837bdf35b9d0/element/f.2505593A71F6743E8AE774F812430ADA.d.838B573A04F1B61131B4136D5C355F52.e.1606/click - {}
RESULT: {}
COMMAND: GET /session/f292156acc1b273c5de2837bdf35b9d0/screenshot - {}
RESULT: {}
COMMAND: POST /session/f292156acc1b273c5de2837bdf35b9d0/element - {"using":"xpath","value":"//bdi[contains(text(), \"OK\")]"}
RESULT: {"using":"xpath","value":"//bdi[contains(text(), \"OK\")]"}
COMMAND: POST /session/f292156acc1b273c5de2837bdf35b9d0/element/f.2505593A71F6743E8AE774F812430ADA.d.838B573A04F1B61131B4136D5C355F52.e.1607/click - {}
RESULT: {}
COMMAND: GET /session/f292156acc1b273c5de2837bdf35b9d0/screenshot - {}
RESULT: {}
COMMAND: POST /session/f292156acc1b273c5de2837bdf35b9d0/execute/async - {"script":"<script> [1562 bytes]","args":[{"selector":{"id":"application-manageresources-display-component---newResourceUnit--newRRUPage-anchBar-application-manageresources-display-component---newResourceUnit--resource-anchor","interaction":{"idSuffix":"BDI-content"}},"wdio_ui5_key":"applicationmanageresources-display-component---newResourceUnit--newRRUPage-anchBar-application-manageresources-display-component---newResourceUnit--resource-anchor"}]}
RESULT: {"script":"<script> [1562 bytes]","args":[{"selector":{"id":"application-manageresources-display-component---newResourceUnit--newRRUPage-anchBar-application-manageresources-display-component---newResourceUnit--resource-anchor","interaction":{"idSuffix":"BDI-content"}},"wdio_ui5_key":"applicationmanageresources-display-component---newResourceUnit--newRRUPage-anchBar-application-manageresources-display-component---newResourceUnit--resource-anchor"}]}
RESULT: undefined
COMMAND: POST /session/f292156acc1b273c5de2837bdf35b9d0/element - {"using":"xpath","value":"//*[@id=\"application-manageresources-display-component---newResourceUnit--newRRUPage-anchBar-application-manageresources-display-component---newResourceUnit--resource-anchor\"]"}
RESULT: {"using":"xpath","value":"//*[@id=\"application-manageresources-display-component---newResourceUnit--newRRUPage-anchBar-application-manageresources-display-component---newResourceUnit--resource-anchor\"]"}
COMMAND: POST /session/f292156acc1b273c5de2837bdf35b9d0/element/f.2505593A71F6743E8AE774F812430ADA.d.838B573A04F1B61131B4136D5C355F52.e.1611/click - {}
RESULT: {}
COMMAND: POST /session/f292156acc1b273c5de2837bdf35b9d0/execute/async - {"script":"<script> [1562 bytes]","args":[{"selector":{"id":"application-manageresources-display-component---newResourceUnit--PLANNED_DELIVERY_DATE","interaction":{"idSuffix":"inner"}},"wdio_ui5_key":"applicationmanageresources-display-component---newResourceUnit--PLANNED_DELIVERY_DATE"}]}
COMMAND: GET /session/f292156acc1b273c5de2837bdf35b9d0/screenshot - {}
RESULT: {"script":"<script> [1562 bytes]","args":[{"selector":{"id":"application-manageresources-display-component---newResourceUnit--PLANNED_DELIVERY_DATE","interaction":{"idSuffix":"inner"}},"wdio_ui5_key":"applicationmanageresources-display-component---newResourceUnit--PLANNED_DELIVERY_DATE"}]}
RESULT: undefined
COMMAND: POST /session/f292156acc1b273c5de2837bdf35b9d0/execute/async - {"script":"<script> [6424 bytes]","args":[{"element-6066-11e4-a52e-4f735466cecf":"f.2505593A71F6743E8AE774F812430ADA.d.838B573A04F1B61131B4136D5C355F52.e.1443"},"setValue",["5/28/25"]]}
RESULT: {}
RESULT: {"script":"<script> [6424 bytes]","args":[{"element-6066-11e4-a52e-4f735466cecf":"f.2505593A71F6743E8AE774F812430ADA.d.838B573A04F1B61131B4136D5C355F52.e.1443"},"setValue",["5/28/25"]]}
COMMAND: POST /session/f292156acc1b273c5de2837bdf35b9d0/element - {"using":"xpath","value":"//label[contains(@class, 'sapMLabelRequired') and .//bdi[contains(text(), 'Planned Retirement')]]"}
RESULT: {"using":"xpath","value":"//label[contains(@class, 'sapMLabelRequired') and .//bdi[contains(text(), 'Planned Retirement')]]"}
COMMAND: POST /session/f292156acc1b273c5de2837bdf35b9d0/elements - {"using":"xpath","value":"//label[contains(@class, 'sapMLabelRequired') and .//bdi[contains(text(), 'Planned Retirement')]]"}
RESULT: {"using":"xpath","value":"//label[contains(@class, 'sapMLabelRequired') and .//bdi[contains(text(), 'Planned Retirement')]]"}
COMMAND: POST /session/f292156acc1b273c5de2837bdf35b9d0/element - {"using":"xpath","value":"//button[@data-kt=\"resourceUnitSaveButton\"]"}
RESULT: {"using":"xpath","value":"//button[@data-kt=\"resourceUnitSaveButton\"]"}
COMMAND: POST /session/f292156acc1b273c5de2837bdf35b9d0/element/f.2505593A71F6743E8AE774F812430ADA.d.838B573A04F1B61131B4136D5C355F52.e.1403/click - {}
RESULT: {}
COMMAND: GET /session/f292156acc1b273c5de2837bdf35b9d0/screenshot - {}
RESULT: {}
COMMAND: POST /session/f292156acc1b273c5de2837bdf35b9d0/element - {"using":"xpath","value":"//bdi[contains(text(), \"Close\")]"}
RESULT: {"using":"xpath","value":"//bdi[contains(text(), \"Close\")]"}
COMMAND: POST /session/f292156acc1b273c5de2837bdf35b9d0/element/f.2505593A71F6743E8AE774F812430ADA.d.838B573A04F1B61131B4136D5C355F52.e.1620/click - {}
RESULT: {}
COMMAND: GET /session/f292156acc1b273c5de2837bdf35b9d0/screenshot - {}
RESULT: {}
COMMAND: POST /session/f292156acc1b273c5de2837bdf35b9d0/element - {"using":"xpath","value":"(//button[contains(@id ,\"actionsToolbar-overflowButton\")])[1]"}
RESULT: {"using":"xpath","value":"(//button[contains(@id ,\"actionsToolbar-overflowButton\")])[1]"}
COMMAND: POST /session/f292156acc1b273c5de2837bdf35b9d0/element/f.2505593A71F6743E8AE774F812430ADA.d.838B573A04F1B61131B4136D5C355F52.e.1676/click - {}
RESULT: {}
COMMAND: GET /session/f292156acc1b273c5de2837bdf35b9d0/screenshot - {}
RESULT: {}
COMMAND: POST /session/f292156acc1b273c5de2837bdf35b9d0/element - {"using":"xpath","value":"//button[@data-kt=\"priceInfoButton\"]"}
RESULT: {"using":"xpath","value":"//button[@data-kt=\"priceInfoButton\"]"}
COMMAND: POST /session/f292156acc1b273c5de2837bdf35b9d0/element/f.2505593A71F6743E8AE774F812430ADA.d.838B573A04F1B61131B4136D5C355F52.e.1678/click - {}
RESULT: {}
COMMAND: GET /session/f292156acc1b273c5de2837bdf35b9d0/screenshot - {}
RESULT: {}
COMMAND: POST /session/f292156acc1b273c5de2837bdf35b9d0/element - {"using":"css selector","value":"#shell-header-logo"}
RESULT: {"using":"css selector","value":"#shell-header-logo"}
COMMAND: POST /session/f292156acc1b273c5de2837bdf35b9d0/element/f.2505593A71F6743E8AE774F812430ADA.d.838B573A04F1B61131B4136D5C355F52.e.1004/click - {}
RESULT: {}
]]></system-out>
    </testcase>
    <testcase classname="chrome.136_0_7103_93.windows.Create_condition_pricing_US117289_US134625" name="Should create new condition" time="84.006">
      <system-out><![CDATA[
COMMAND: POST /session/f292156acc1b273c5de2837bdf35b9d0/execute/async - {"script":"<script> [1562 bytes]","args":[{"selector":{"controlType":"sap.m.GenericTile","properties":{"header":"Manage Conditions & Prices"}},"wdio_ui5_key":"sapm.GenericTile{\"header\":\"Manage Conditions & Prices\"}"}]}
COMMAND: GET /session/f292156acc1b273c5de2837bdf35b9d0/screenshot - {}
RESULT: {"script":"<script> [1562 bytes]","args":[{"selector":{"controlType":"sap.m.GenericTile","properties":{"header":"Manage Conditions & Prices"}},"wdio_ui5_key":"sapm.GenericTile{\"header\":\"Manage Conditions & Prices\"}"}]}
RESULT: undefined
COMMAND: POST /session/f292156acc1b273c5de2837bdf35b9d0/element - {"using":"xpath","value":"//*[@id=\"__tile53\"]"}
RESULT: {}
RESULT: {"using":"xpath","value":"//*[@id=\"__tile53\"]"}
COMMAND: POST /session/f292156acc1b273c5de2837bdf35b9d0/element/f.2505593A71F6743E8AE774F812430ADA.d.838B573A04F1B61131B4136D5C355F52.e.201/click - {}
RESULT: {}
COMMAND: GET /session/f292156acc1b273c5de2837bdf35b9d0/screenshot - {}
RESULT: {}
COMMAND: POST /session/f292156acc1b273c5de2837bdf35b9d0/elements - {"using":"xpath","value":"//span[text()='Error']"}
RESULT: {"using":"xpath","value":"//span[text()='Error']"}
COMMAND: POST /session/f292156acc1b273c5de2837bdf35b9d0/element - {"using":"xpath","value":"//button[@aria-label=\"Create\"]"}
RESULT: {"using":"xpath","value":"//button[@aria-label=\"Create\"]"}
COMMAND: POST /session/f292156acc1b273c5de2837bdf35b9d0/elements - {"using":"xpath","value":"//button[@aria-label=\"Create\"]"}
RESULT: {"using":"xpath","value":"//button[@aria-label=\"Create\"]"}
COMMAND: POST /session/f292156acc1b273c5de2837bdf35b9d0/execute/sync - {"script":"<script> [8489 bytes]","args":[{"element-6066-11e4-a52e-4f735466cecf":"f.2505593A71F6743E8AE774F812430ADA.d.838B573A04F1B61131B4136D5C355F52.e.1754","ELEMENT":"f.2505593A71F6743E8AE774F812430ADA.d.838B573A04F1B61131B4136D5C355F52.e.1754"}]}
RESULT: {"script":"<script> [8489 bytes]","args":[{"element-6066-11e4-a52e-4f735466cecf":"f.2505593A71F6743E8AE774F812430ADA.d.838B573A04F1B61131B4136D5C355F52.e.1754","ELEMENT":"f.2505593A71F6743E8AE774F812430ADA.d.838B573A04F1B61131B4136D5C355F52.e.1754"}]}
COMMAND: GET /session/f292156acc1b273c5de2837bdf35b9d0/element/f.2505593A71F6743E8AE774F812430ADA.d.838B573A04F1B61131B4136D5C355F52.e.1754/enabled - {}
COMMAND: GET /session/f292156acc1b273c5de2837bdf35b9d0/screenshot - {}
RESULT: {}
COMMAND: POST /session/f292156acc1b273c5de2837bdf35b9d0/execute/sync - {"script":"<script> [8489 bytes]","args":[{"element-6066-11e4-a52e-4f735466cecf":"f.2505593A71F6743E8AE774F812430ADA.d.838B573A04F1B61131B4136D5C355F52.e.1754","ELEMENT":"f.2505593A71F6743E8AE774F812430ADA.d.838B573A04F1B61131B4136D5C355F52.e.1754"}]}
COMMAND: GET /session/f292156acc1b273c5de2837bdf35b9d0/screenshot - {}
RESULT: {}
RESULT: {"script":"<script> [8489 bytes]","args":[{"element-6066-11e4-a52e-4f735466cecf":"f.2505593A71F6743E8AE774F812430ADA.d.838B573A04F1B61131B4136D5C355F52.e.1754","ELEMENT":"f.2505593A71F6743E8AE774F812430ADA.d.838B573A04F1B61131B4136D5C355F52.e.1754"}]}
COMMAND: POST /session/f292156acc1b273c5de2837bdf35b9d0/execute/sync - {"script":"<script> [5351 bytes]","args":[{"element-6066-11e4-a52e-4f735466cecf":"f.2505593A71F6743E8AE774F812430ADA.d.838B573A04F1B61131B4136D5C355F52.e.1754","ELEMENT":"f.2505593A71F6743E8AE774F812430ADA.d.838B573A04F1B61131B4136D5C355F52.e.1754"}]}
COMMAND: GET /session/f292156acc1b273c5de2837bdf35b9d0/screenshot - {}
RESULT: {}
RESULT: {"script":"<script> [5351 bytes]","args":[{"element-6066-11e4-a52e-4f735466cecf":"f.2505593A71F6743E8AE774F812430ADA.d.838B573A04F1B61131B4136D5C355F52.e.1754","ELEMENT":"f.2505593A71F6743E8AE774F812430ADA.d.838B573A04F1B61131B4136D5C355F52.e.1754"}]}
COMMAND: POST /session/f292156acc1b273c5de2837bdf35b9d0/element/f.2505593A71F6743E8AE774F812430ADA.d.838B573A04F1B61131B4136D5C355F52.e.1754/click - {}
COMMAND: GET /session/f292156acc1b273c5de2837bdf35b9d0/screenshot - {}
RESULT: {}
RESULT: {}
RESULT: {}
COMMAND: GET /session/f292156acc1b273c5de2837bdf35b9d0/screenshot - {}
RESULT: {}
COMMAND: POST /session/f292156acc1b273c5de2837bdf35b9d0/actions - {"actions":[{"id":"action6","type":"key","parameters":{},"actions":[{"type":"keyDown","value":""},{"type":"pause","duration":10},{"type":"keyUp","value":""}]}]}
RESULT: {"actions":[{"id":"action6","type":"key","parameters":{},"actions":[{"type":"keyDown","value":""},{"type":"pause","duration":10},{"type":"keyUp","value":""}]}]}
COMMAND: GET /session/f292156acc1b273c5de2837bdf35b9d0/screenshot - {}
RESULT: {}
COMMAND: POST /session/f292156acc1b273c5de2837bdf35b9d0/execute/async - {"script":"<script> [1562 bytes]","args":[{"selector":{"id":"application-manageconditionprice-display-component---newCondition--condBillCond-arrow"},"wdio_ui5_key":"applicationmanageconditionprice-display-component---newCondition--condBillCond-arrow"}]}
RESULT: {"script":"<script> [1562 bytes]","args":[{"selector":{"id":"application-manageconditionprice-display-component---newCondition--condBillCond-arrow"},"wdio_ui5_key":"applicationmanageconditionprice-display-component---newCondition--condBillCond-arrow"}]}
RESULT: undefined
COMMAND: POST /session/f292156acc1b273c5de2837bdf35b9d0/element - {"using":"xpath","value":"//*[@id=\"application-manageconditionprice-display-component---newCondition--condBillCond-arrow\"]"}
RESULT: {"using":"xpath","value":"//*[@id=\"application-manageconditionprice-display-component---newCondition--condBillCond-arrow\"]"}
COMMAND: POST /session/f292156acc1b273c5de2837bdf35b9d0/element/f.2505593A71F6743E8AE774F812430ADA.d.838B573A04F1B61131B4136D5C355F52.e.1966/click - {}
RESULT: {}
COMMAND: GET /session/f292156acc1b273c5de2837bdf35b9d0/screenshot - {}
RESULT: {}
COMMAND: POST /session/f292156acc1b273c5de2837bdf35b9d0/element - {"using":"xpath","value":"//li[.//span[contains(text(), \"SAPR - Sales price\")]]"}
RESULT: {"using":"xpath","value":"//li[.//span[contains(text(), \"SAPR - Sales price\")]]"}
COMMAND: POST /session/f292156acc1b273c5de2837bdf35b9d0/element/f.2505593A71F6743E8AE774F812430ADA.d.838B573A04F1B61131B4136D5C355F52.e.1969/click - {}
RESULT: {}
COMMAND: GET /session/f292156acc1b273c5de2837bdf35b9d0/screenshot - {}
RESULT: {}
COMMAND: POST /session/f292156acc1b273c5de2837bdf35b9d0/execute/async - {"script":"<script> [1562 bytes]","args":[{"selector":{"id":"application-manageconditionprice-display-component---newCondition--condValidTo","interaction":{"idSuffix":"inner"}},"wdio_ui5_key":"applicationmanageconditionprice-display-component---newCondition--condValidTo"}]}
RESULT: {"script":"<script> [1562 bytes]","args":[{"selector":{"id":"application-manageconditionprice-display-component---newCondition--condValidTo","interaction":{"idSuffix":"inner"}},"wdio_ui5_key":"applicationmanageconditionprice-display-component---newCondition--condValidTo"}]}
RESULT: undefined
COMMAND: POST /session/f292156acc1b273c5de2837bdf35b9d0/execute/async - {"script":"<script> [776 bytes]","args":[{"enterText":"1/28/26","selector":{"id":"application-manageconditionprice-display-component---newCondition--condValidTo","interaction":{"idSuffix":"inner"}},"clearTextFirst":true,"interactionType":"ENTER_TEXT"}]}
RESULT: {"script":"<script> [776 bytes]","args":[{"enterText":"1/28/26","selector":{"id":"application-manageconditionprice-display-component---newCondition--condValidTo","interaction":{"idSuffix":"inner"}},"clearTextFirst":true,"interactionType":"ENTER_TEXT"}]}
COMMAND: POST /session/f292156acc1b273c5de2837bdf35b9d0/element - {"using":"xpath","value":"//input[@id=\"application-manageconditionprice-display-component---newCondition--condRU-inner\"]"}
RESULT: {"using":"xpath","value":"//input[@id=\"application-manageconditionprice-display-component---newCondition--condRU-inner\"]"}
COMMAND: POST /session/f292156acc1b273c5de2837bdf35b9d0/element/f.2505593A71F6743E8AE774F812430ADA.d.838B573A04F1B61131B4136D5C355F52.e.1831/clear - {}
RESULT: {}
COMMAND: POST /session/f292156acc1b273c5de2837bdf35b9d0/element/f.2505593A71F6743E8AE774F812430ADA.d.838B573A04F1B61131B4136D5C355F52.e.1831/value - {"text":"2S7GM7oYvA"}
COMMAND: GET /session/f292156acc1b273c5de2837bdf35b9d0/screenshot - {}
RESULT: {"text":"2S7GM7oYvA"}
COMMAND: GET /session/f292156acc1b273c5de2837bdf35b9d0/screenshot - {}
RESULT: {}
RESULT: {}
COMMAND: POST /session/f292156acc1b273c5de2837bdf35b9d0/actions - {"actions":[{"id":"action7","type":"key","parameters":{},"actions":[{"type":"keyDown","value":""},{"type":"pause","duration":10},{"type":"keyUp","value":""}]}]}
RESULT: {"actions":[{"id":"action7","type":"key","parameters":{},"actions":[{"type":"keyDown","value":""},{"type":"pause","duration":10},{"type":"keyUp","value":""}]}]}
COMMAND: POST /session/f292156acc1b273c5de2837bdf35b9d0/execute/async - {"script":"<script> [1562 bytes]","args":[{"selector":{"id":"application-manageconditionprice-display-component---newCondition--condBaseQty","interaction":{"idSuffix":"inner"}},"wdio_ui5_key":"applicationmanageconditionprice-display-component---newCondition--condBaseQty"}]}
COMMAND: GET /session/f292156acc1b273c5de2837bdf35b9d0/screenshot - {}
RESULT: {"script":"<script> [1562 bytes]","args":[{"selector":{"id":"application-manageconditionprice-display-component---newCondition--condBaseQty","interaction":{"idSuffix":"inner"}},"wdio_ui5_key":"applicationmanageconditionprice-display-component---newCondition--condBaseQty"}]}
RESULT: undefined
COMMAND: POST /session/f292156acc1b273c5de2837bdf35b9d0/execute/async - {"script":"<script> [776 bytes]","args":[{"enterText":"1","selector":{"id":"application-manageconditionprice-display-component---newCondition--condBaseQty","interaction":{"idSuffix":"inner"}},"clearTextFirst":true,"interactionType":"ENTER_TEXT"}]}
RESULT: {}
RESULT: {"script":"<script> [776 bytes]","args":[{"enterText":"1","selector":{"id":"application-manageconditionprice-display-component---newCondition--condBaseQty","interaction":{"idSuffix":"inner"}},"clearTextFirst":true,"interactionType":"ENTER_TEXT"}]}
COMMAND: POST /session/f292156acc1b273c5de2837bdf35b9d0/execute/async - {"script":"<script> [1562 bytes]","args":[{"selector":{"id":"application-manageconditionprice-display-component---newCondition--condValue","interaction":{"idSuffix":"inner"}},"wdio_ui5_key":"applicationmanageconditionprice-display-component---newCondition--condValue"}]}
RESULT: {"script":"<script> [1562 bytes]","args":[{"selector":{"id":"application-manageconditionprice-display-component---newCondition--condValue","interaction":{"idSuffix":"inner"}},"wdio_ui5_key":"applicationmanageconditionprice-display-component---newCondition--condValue"}]}
RESULT: undefined
COMMAND: POST /session/f292156acc1b273c5de2837bdf35b9d0/execute/async - {"script":"<script> [776 bytes]","args":[{"enterText":"200","selector":{"id":"application-manageconditionprice-display-component---newCondition--condValue","interaction":{"idSuffix":"inner"}},"clearTextFirst":true,"interactionType":"ENTER_TEXT"}]}
RESULT: {"script":"<script> [776 bytes]","args":[{"enterText":"200","selector":{"id":"application-manageconditionprice-display-component---newCondition--condValue","interaction":{"idSuffix":"inner"}},"clearTextFirst":true,"interactionType":"ENTER_TEXT"}]}
COMMAND: POST /session/f292156acc1b273c5de2837bdf35b9d0/execute/async - {"script":"<script> [1562 bytes]","args":[{"selector":{"id":"application-manageconditionprice-display-component---newCondition--condCurr-arrow"},"wdio_ui5_key":"applicationmanageconditionprice-display-component---newCondition--condCurr-arrow"}]}
RESULT: {"script":"<script> [1562 bytes]","args":[{"selector":{"id":"application-manageconditionprice-display-component---newCondition--condCurr-arrow"},"wdio_ui5_key":"applicationmanageconditionprice-display-component---newCondition--condCurr-arrow"}]}
RESULT: undefined
COMMAND: POST /session/f292156acc1b273c5de2837bdf35b9d0/element - {"using":"xpath","value":"//*[@id=\"application-manageconditionprice-display-component---newCondition--condCurr-arrow\"]"}
RESULT: {"using":"xpath","value":"//*[@id=\"application-manageconditionprice-display-component---newCondition--condCurr-arrow\"]"}
COMMAND: POST /session/f292156acc1b273c5de2837bdf35b9d0/element/f.2505593A71F6743E8AE774F812430ADA.d.838B573A04F1B61131B4136D5C355F52.e.1930/click - {}
RESULT: {}
COMMAND: POST /session/f292156acc1b273c5de2837bdf35b9d0/element - {"using":"xpath","value":"//span[contains(text(), \"Euro\")]"}
COMMAND: GET /session/f292156acc1b273c5de2837bdf35b9d0/screenshot - {}
RESULT: {}
RESULT: {"using":"xpath","value":"//span[contains(text(), \"Euro\")]"}
COMMAND: POST /session/f292156acc1b273c5de2837bdf35b9d0/element/f.2505593A71F6743E8AE774F812430ADA.d.838B573A04F1B61131B4136D5C355F52.e.2009/click - {}
RESULT: {}
COMMAND: POST /session/f292156acc1b273c5de2837bdf35b9d0/element - {"using":"xpath","value":"//button[@data-kt=\"saveButton\"]"}
COMMAND: GET /session/f292156acc1b273c5de2837bdf35b9d0/screenshot - {}
RESULT: {"using":"xpath","value":"//button[@data-kt=\"saveButton\"]"}
COMMAND: POST /session/f292156acc1b273c5de2837bdf35b9d0/element/f.2505593A71F6743E8AE774F812430ADA.d.838B573A04F1B61131B4136D5C355F52.e.1931/click - {}
RESULT: {}
RESULT: {}
COMMAND: GET /session/f292156acc1b273c5de2837bdf35b9d0/screenshot - {}
RESULT: {}
COMMAND: POST /session/f292156acc1b273c5de2837bdf35b9d0/execute/async - {"script":"<script> [1562 bytes]","args":[{"selector":{"id":"application-manageconditionprice-display-component---conditions--smartFilterBar-btnBasicSearch","interaction":{"idSuffix":"I"}},"wdio_ui5_key":"applicationmanageconditionprice-display-component---conditions--smartFilterBar-btnBasicSearch"}]}
RESULT: {"script":"<script> [1562 bytes]","args":[{"selector":{"id":"application-manageconditionprice-display-component---conditions--smartFilterBar-btnBasicSearch","interaction":{"idSuffix":"I"}},"wdio_ui5_key":"applicationmanageconditionprice-display-component---conditions--smartFilterBar-btnBasicSearch"}]}
RESULT: undefined
COMMAND: POST /session/f292156acc1b273c5de2837bdf35b9d0/execute/async - {"script":"<script> [776 bytes]","args":[{"enterText":"2S7GM7oYvA","selector":{"id":"application-manageconditionprice-display-component---conditions--smartFilterBar-btnBasicSearch","interaction":{"idSuffix":"I"}},"clearTextFirst":true,"interactionType":"ENTER_TEXT"}]}
RESULT: {"script":"<script> [776 bytes]","args":[{"enterText":"2S7GM7oYvA","selector":{"id":"application-manageconditionprice-display-component---conditions--smartFilterBar-btnBasicSearch","interaction":{"idSuffix":"I"}},"clearTextFirst":true,"interactionType":"ENTER_TEXT"}]}
COMMAND: POST /session/f292156acc1b273c5de2837bdf35b9d0/actions - {"actions":[{"id":"action8","type":"key","parameters":{},"actions":[{"type":"keyDown","value":""},{"type":"pause","duration":10},{"type":"keyUp","value":""}]}]}
RESULT: {"actions":[{"id":"action8","type":"key","parameters":{},"actions":[{"type":"keyDown","value":""},{"type":"pause","duration":10},{"type":"keyUp","value":""}]}]}
COMMAND: GET /session/f292156acc1b273c5de2837bdf35b9d0/screenshot - {}
RESULT: {}
COMMAND: POST /session/f292156acc1b273c5de2837bdf35b9d0/execute/async - {"script":"<script> [1562 bytes]","args":[{"selector":{"id":"application-manageconditionprice-display-component---conditions--smartFilterBar-filterItemControl_BASIC-BILL_TYPES-vhi"},"wdio_ui5_key":"applicationmanageconditionprice-display-component---conditions--smartFilterBar-filterItemControl_BASIC-BILL_TYPES-vhi"}]}
RESULT: {"script":"<script> [1562 bytes]","args":[{"selector":{"id":"application-manageconditionprice-display-component---conditions--smartFilterBar-filterItemControl_BASIC-BILL_TYPES-vhi"},"wdio_ui5_key":"applicationmanageconditionprice-display-component---conditions--smartFilterBar-filterItemControl_BASIC-BILL_TYPES-vhi"}]}
RESULT: undefined
COMMAND: POST /session/f292156acc1b273c5de2837bdf35b9d0/element - {"using":"xpath","value":"//*[@id=\"application-manageconditionprice-display-component---conditions--smartFilterBar-filterItemControl_BASIC-BILL_TYPES-vhi\"]"}
RESULT: {"using":"xpath","value":"//*[@id=\"application-manageconditionprice-display-component---conditions--smartFilterBar-filterItemControl_BASIC-BILL_TYPES-vhi\"]"}
COMMAND: POST /session/f292156acc1b273c5de2837bdf35b9d0/element/f.2505593A71F6743E8AE774F812430ADA.d.838B573A04F1B61131B4136D5C355F52.e.2116/click - {}
RESULT: {}
COMMAND: POST /session/f292156acc1b273c5de2837bdf35b9d0/execute/async - {"script":"<script> [1562 bytes]","args":[{"selector":{"id":"application-manageconditionprice-display-component---conditions--smartFilterBar-filterItemControl_BASIC-BILL_TYPES-valueHelpDialog-smartFilterBar-btnBasicSearch","searchOpenDialogs":true,"interaction":{"idSuffix":"I"}},"wdio_ui5_key":"applicationmanageconditionprice-display-component---conditions--smartFilterBar-filterItemControl_BASIC-BILL_TYPES-valueHelpDialog-smartFilterBar-btnBasicSearch"}]}
COMMAND: GET /session/f292156acc1b273c5de2837bdf35b9d0/screenshot - {}
RESULT: {"script":"<script> [1562 bytes]","args":[{"selector":{"id":"application-manageconditionprice-display-component---conditions--smartFilterBar-filterItemControl_BASIC-BILL_TYPES-valueHelpDialog-smartFilterBar-btnBasicSearch","searchOpenDialogs":true,"interaction":{"idSuffix":"I"}},"wdio_ui5_key":"applicationmanageconditionprice-display-component---conditions--smartFilterBar-filterItemControl_BASIC-BILL_TYPES-valueHelpDialog-smartFilterBar-btnBasicSearch"}]}
RESULT: undefined
COMMAND: POST /session/f292156acc1b273c5de2837bdf35b9d0/execute/async - {"script":"<script> [776 bytes]","args":[{"enterText":"one","selector":{"id":"application-manageconditionprice-display-component---conditions--smartFilterBar-filterItemControl_BASIC-BILL_TYPES-valueHelpDialog-smartFilterBar-btnBasicSearch","searchOpenDialogs":true,"interaction":{"idSuffix":"I"}},"clearTextFirst":true,"interactionType":"ENTER_TEXT"}]}
RESULT: {}
RESULT: {"script":"<script> [776 bytes]","args":[{"enterText":"one","selector":{"id":"application-manageconditionprice-display-component---conditions--smartFilterBar-filterItemControl_BASIC-BILL_TYPES-valueHelpDialog-smartFilterBar-btnBasicSearch","searchOpenDialogs":true,"interaction":{"idSuffix":"I"}},"clearTextFirst":true,"interactionType":"ENTER_TEXT"}]}
COMMAND: POST /session/f292156acc1b273c5de2837bdf35b9d0/actions - {"actions":[{"id":"action9","type":"key","parameters":{},"actions":[{"type":"keyDown","value":""},{"type":"pause","duration":10},{"type":"keyUp","value":""}]}]}
RESULT: {"actions":[{"id":"action9","type":"key","parameters":{},"actions":[{"type":"keyDown","value":""},{"type":"pause","duration":10},{"type":"keyUp","value":""}]}]}
COMMAND: GET /session/f292156acc1b273c5de2837bdf35b9d0/screenshot - {}
RESULT: {}
COMMAND: POST /session/f292156acc1b273c5de2837bdf35b9d0/element - {"using":"xpath","value":"//div[contains(@id, 'application-manageconditionprice-display-component---conditions--smartFilterBar-filterItemControl_BASIC-BILL_TYPES-valueHelpDialog-table-rowsel0')]"}
RESULT: {"using":"xpath","value":"//div[contains(@id, 'application-manageconditionprice-display-component---conditions--smartFilterBar-filterItemControl_BASIC-BILL_TYPES-valueHelpDialog-table-rowsel0')]"}
COMMAND: POST /session/f292156acc1b273c5de2837bdf35b9d0/element/f.2505593A71F6743E8AE774F812430ADA.d.838B573A04F1B61131B4136D5C355F52.e.2125/click - {}
RESULT: {}
COMMAND: GET /session/f292156acc1b273c5de2837bdf35b9d0/screenshot - {}
RESULT: {}
COMMAND: POST /session/f292156acc1b273c5de2837bdf35b9d0/element - {"using":"xpath","value":"//bdi[contains(text(), \"OK\")]"}
RESULT: {"using":"xpath","value":"//bdi[contains(text(), \"OK\")]"}
COMMAND: POST /session/f292156acc1b273c5de2837bdf35b9d0/element/f.2505593A71F6743E8AE774F812430ADA.d.838B573A04F1B61131B4136D5C355F52.e.2127/click - {}
RESULT: {}
COMMAND: GET /session/f292156acc1b273c5de2837bdf35b9d0/screenshot - {}
RESULT: {}
COMMAND: POST /session/f292156acc1b273c5de2837bdf35b9d0/element - {"using":"xpath","value":"//span[@id=\"application-manageconditionprice-display-component---conditions--smartTable-header-inner\"]"}
RESULT: {"using":"xpath","value":"//span[@id=\"application-manageconditionprice-display-component---conditions--smartTable-header-inner\"]"}
COMMAND: POST /session/f292156acc1b273c5de2837bdf35b9d0/elements - {"using":"xpath","value":"//span[@id=\"application-manageconditionprice-display-component---conditions--smartTable-header-inner\"]"}
RESULT: {"using":"xpath","value":"//span[@id=\"application-manageconditionprice-display-component---conditions--smartTable-header-inner\"]"}
COMMAND: POST /session/f292156acc1b273c5de2837bdf35b9d0/execute/sync - {"script":"<script> [56 bytes]","args":[{"element-6066-11e4-a52e-4f735466cecf":"f.2505593A71F6743E8AE774F812430ADA.d.838B573A04F1B61131B4136D5C355F52.e.2130","ELEMENT":"f.2505593A71F6743E8AE774F812430ADA.d.838B573A04F1B61131B4136D5C355F52.e.2130"}]}
RESULT: {"script":"<script> [56 bytes]","args":[{"element-6066-11e4-a52e-4f735466cecf":"f.2505593A71F6743E8AE774F812430ADA.d.838B573A04F1B61131B4136D5C355F52.e.2130","ELEMENT":"f.2505593A71F6743E8AE774F812430ADA.d.838B573A04F1B61131B4136D5C355F52.e.2130"}]}
COMMAND: POST /session/f292156acc1b273c5de2837bdf35b9d0/element - {"using":"css selector","value":"#shell-header-logo"}
COMMAND: GET /session/f292156acc1b273c5de2837bdf35b9d0/screenshot - {}
RESULT: {"using":"css selector","value":"#shell-header-logo"}
COMMAND: POST /session/f292156acc1b273c5de2837bdf35b9d0/element/f.2505593A71F6743E8AE774F812430ADA.d.838B573A04F1B61131B4136D5C355F52.e.1717/click - {}
RESULT: {}
RESULT: {}
COMMAND: GET /session/f292156acc1b273c5de2837bdf35b9d0/screenshot - {}
RESULT: {}
COMMAND: POST /session/f292156acc1b273c5de2837bdf35b9d0/element - {"using":"css selector","value":"#j_username"}
COMMAND: POST /session/f292156acc1b273c5de2837bdf35b9d0/url - {"url":"https://qa-testing-00-live-etm-ui.cfapps.eu10-004.hana.ondemand.com/"}
RESULT: {"using":"css selector","value":"#j_username"}
COMMAND: POST /session/f292156acc1b273c5de2837bdf35b9d0/element - {"using":"css selector","value":"#j_username"}
RESULT: {"url":"https://qa-testing-00-live-etm-ui.cfapps.eu10-004.hana.ondemand.com/"}
RESULT: undefined
COMMAND: GET /session/f292156acc1b273c5de2837bdf35b9d0/screenshot - {}
RESULT: {"using":"css selector","value":"#j_username"}
COMMAND: POST /session/f292156acc1b273c5de2837bdf35b9d0/element - {"using":"css selector","value":"#shell-header-logo"}
RESULT: {}
RESULT: {"using":"css selector","value":"#shell-header-logo"}
COMMAND: POST /session/f292156acc1b273c5de2837bdf35b9d0/execute/sync - {"script":"<script> [8489 bytes]","args":[{"element-6066-11e4-a52e-4f735466cecf":"f.2505593A71F6743E8AE774F812430ADA.d.70146E5F1E4E52C065C335BF590D7DA6.e.2146","ELEMENT":"f.2505593A71F6743E8AE774F812430ADA.d.70146E5F1E4E52C065C335BF590D7DA6.e.2146"}]}
RESULT: {"script":"<script> [8489 bytes]","args":[{"element-6066-11e4-a52e-4f735466cecf":"f.2505593A71F6743E8AE774F812430ADA.d.70146E5F1E4E52C065C335BF590D7DA6.e.2146","ELEMENT":"f.2505593A71F6743E8AE774F812430ADA.d.70146E5F1E4E52C065C335BF590D7DA6.e.2146"}]}
COMMAND: POST /session/f292156acc1b273c5de2837bdf35b9d0/element - {"using":"css selector","value":"#shell-header-logo"}
COMMAND: GET /session/f292156acc1b273c5de2837bdf35b9d0/screenshot - {}
RESULT: {"using":"css selector","value":"#shell-header-logo"}
COMMAND: POST /session/f292156acc1b273c5de2837bdf35b9d0/execute/sync - {"script":"<script> [8489 bytes]","args":[{"element-6066-11e4-a52e-4f735466cecf":"f.2505593A71F6743E8AE774F812430ADA.d.70146E5F1E4E52C065C335BF590D7DA6.e.2146","ELEMENT":"f.2505593A71F6743E8AE774F812430ADA.d.70146E5F1E4E52C065C335BF590D7DA6.e.2146"}]}
RESULT: {}
RESULT: {"script":"<script> [8489 bytes]","args":[{"element-6066-11e4-a52e-4f735466cecf":"f.2505593A71F6743E8AE774F812430ADA.d.70146E5F1E4E52C065C335BF590D7DA6.e.2146","ELEMENT":"f.2505593A71F6743E8AE774F812430ADA.d.70146E5F1E4E52C065C335BF590D7DA6.e.2146"}]}
COMMAND: POST /session/f292156acc1b273c5de2837bdf35b9d0/execute/sync - {"script":"<script> [5351 bytes]","args":[{"element-6066-11e4-a52e-4f735466cecf":"f.2505593A71F6743E8AE774F812430ADA.d.70146E5F1E4E52C065C335BF590D7DA6.e.2146","ELEMENT":"f.2505593A71F6743E8AE774F812430ADA.d.70146E5F1E4E52C065C335BF590D7DA6.e.2146"}]}
COMMAND: GET /session/f292156acc1b273c5de2837bdf35b9d0/screenshot - {}
RESULT: {"script":"<script> [5351 bytes]","args":[{"element-6066-11e4-a52e-4f735466cecf":"f.2505593A71F6743E8AE774F812430ADA.d.70146E5F1E4E52C065C335BF590D7DA6.e.2146","ELEMENT":"f.2505593A71F6743E8AE774F812430ADA.d.70146E5F1E4E52C065C335BF590D7DA6.e.2146"}]}
COMMAND: POST /session/f292156acc1b273c5de2837bdf35b9d0/element - {"using":"css selector","value":"#shell-header-logo"}
COMMAND: GET /session/f292156acc1b273c5de2837bdf35b9d0/screenshot - {}
RESULT: {}
RESULT: {"using":"css selector","value":"#shell-header-logo"}
COMMAND: POST /session/f292156acc1b273c5de2837bdf35b9d0/element/f.2505593A71F6743E8AE774F812430ADA.d.70146E5F1E4E52C065C335BF590D7DA6.e.2146/click - {}
RESULT: {}
RESULT: {}
COMMAND: GET /session/f292156acc1b273c5de2837bdf35b9d0/screenshot - {}
RESULT: {}
COMMAND: POST /session/f292156acc1b273c5de2837bdf35b9d0/execute/async - {"script":"<script> [189 bytes]","args":[]}
RESULT: {"script":"<script> [189 bytes]","args":[]}
COMMAND: POST /session/f292156acc1b273c5de2837bdf35b9d0/execute/async - {"script":"<script> [123 bytes]","args":[]}
RESULT: {"script":"<script> [123 bytes]","args":[]}
COMMAND: POST /session/f292156acc1b273c5de2837bdf35b9d0/timeouts - {"script":"<number>"}
RESULT: {"script":"<number>"}
COMMAND: GET /session/f292156acc1b273c5de2837bdf35b9d0/timeouts - {}
RESULT: {}
RESULT: undefined
COMMAND: POST /session/f292156acc1b273c5de2837bdf35b9d0/execute/async - {"script":"<script> [2676 bytes]","args":[]}
RESULT: {"script":"<script> [2676 bytes]","args":[]}
COMMAND: POST /session/f292156acc1b273c5de2837bdf35b9d0/execute/async - {"script":"<script> [2342 bytes]","args":[{"protocol":"http","hostname":"0.0.0.0","path":"/","capabilities":{"browserName":"chrome","goog:chromeOptions":{"binary":"C:\\Program Files\\Google\\Chrome\\Application\\chrome.exe","args":["--start-maximized"]}},"logLevel":"warn","connectionRetryTimeout":120000,"connectionRetryCount":3,"logLevels":{},"enableDirectConnect":true,"strictSSL":true,"_":"65 more keys: [\"cacheDir\",\"port\",\"requestedCapabilities\",\"automationProtocol\",\"baseUrl\",\"waitforInterval\",\"waitforTimeout\",\"onReload\",\"beforeCommand\",\"afterCommand\",\"rootDir\",\"specs\",\"suites\",\"exclude\",\"groupLogsByTestSpec\",\"excludeDriverLogs\",\"bail\",\"framework\",\"reporters\",\"services\",\"maxInstances\",\"maxInstancesPerCapability\",\"injectGlobals\",\"filesToWatch\",\"execArgv\",\"runnerEnv\",\"runner\",\"shard\",\"specFileRetries\",\"specFileRetriesDelay\",\"specFileRetriesDeferred\",\"reporterSyncInterval\",\"reporterSyncTimeout\",\"cucumberFeaturesWithLineNumbers\",\"autoCompileOpts\",\"mochaOpts\",\"jasmineOpts\",\"cucumberOpts\",\"onPrepare\",\"onWorkerStart\",\"onWorkerEnd\",\"before\",\"beforeSession\",\"beforeSuite\",\"beforeHook\",\"beforeTest\",\"afterTest\",\"afterHook\",\"afterSuite\",\"afterSession\",\"after\",\"onComplete\",\"beforeAssertion\",\"afterAssertion\",\"beforeFeature\",\"beforeScenario\",\"beforeStep\",\"afterStep\",\"afterScenario\",\"afterFeature\",\"_\",\"suite\",\"$0\",\"ignoredWorkerServices\",\"wdi5\"]"}]}
RESULT: {"script":"<script> [2342 bytes]","args":[{"protocol":"http","hostname":"0.0.0.0","path":"/","capabilities":{"browserName":"chrome","goog:chromeOptions":{"binary":"C:\\Program Files\\Google\\Chrome\\Application\\chrome.exe","args":["--start-maximized"]}},"logLevel":"warn","connectionRetryTimeout":120000,"connectionRetryCount":3,"logLevels":{},"enableDirectConnect":true,"strictSSL":true,"_":"65 more keys: [\"cacheDir\",\"port\",\"requestedCapabilities\",\"automationProtocol\",\"baseUrl\",\"waitforInterval\",\"waitforTimeout\",\"onReload\",\"beforeCommand\",\"afterCommand\",\"rootDir\",\"specs\",\"suites\",\"exclude\",\"groupLogsByTestSpec\",\"excludeDriverLogs\",\"bail\",\"framework\",\"reporters\",\"services\",\"maxInstances\",\"maxInstancesPerCapability\",\"injectGlobals\",\"filesToWatch\",\"execArgv\",\"runnerEnv\",\"runner\",\"shard\",\"specFileRetries\",\"specFileRetriesDelay\",\"specFileRetriesDeferred\",\"reporterSyncInterval\",\"reporterSyncTimeout\",\"cucumberFeaturesWithLineNumbers\",\"autoCompileOpts\",\"mochaOpts\",\"jasmineOpts\",\"cucumberOpts\",\"onPrepare\",\"onWorkerStart\",\"onWorkerEnd\",\"before\",\"beforeSession\",\"beforeSuite\",\"beforeHook\",\"beforeTest\",\"afterTest\",\"afterHook\",\"afterSuite\",\"afterSession\",\"after\",\"onComplete\",\"beforeAssertion\",\"afterAssertion\",\"beforeFeature\",\"beforeScenario\",\"beforeStep\",\"afterStep\",\"afterScenario\",\"afterFeature\",\"_\",\"suite\",\"$0\",\"ignoredWorkerServices\",\"wdi5\"]"}]}
COMMAND: POST /session/f292156acc1b273c5de2837bdf35b9d0/execute/async - {"script":"<script> [21126 bytes]","args":[35000]}
RESULT: {"script":"<script> [21126 bytes]","args":[35000]}
COMMAND: POST /session/f292156acc1b273c5de2837bdf35b9d0/window/maximize - {}
RESULT: {}
COMMAND: POST /session/f292156acc1b273c5de2837bdf35b9d0/execute/async - {"script":"<script> [1562 bytes]","args":[{"selector":{"id":"shell-header","interaction":{"idSuffix":"icon"}},"wdio_ui5_key":"shellheader"}]}
COMMAND: GET /session/f292156acc1b273c5de2837bdf35b9d0/screenshot - {}
RESULT: {"script":"<script> [1562 bytes]","args":[{"selector":{"id":"shell-header","interaction":{"idSuffix":"icon"}},"wdio_ui5_key":"shellheader"}]}
RESULT: undefined
COMMAND: POST /session/f292156acc1b273c5de2837bdf35b9d0/refresh - {}
RESULT: {}
RESULT: {}
COMMAND: GET /session/f292156acc1b273c5de2837bdf35b9d0/screenshot - {}
RESULT: {}
COMMAND: POST /session/f292156acc1b273c5de2837bdf35b9d0/refresh - {}
RESULT: {}
COMMAND: GET /session/f292156acc1b273c5de2837bdf35b9d0/screenshot - {}
RESULT: {}
COMMAND: POST /session/f292156acc1b273c5de2837bdf35b9d0/window/fullscreen - {}
RESULT: {}
COMMAND: POST /session/f292156acc1b273c5de2837bdf35b9d0/execute/async - {"script":"<script> [189 bytes]","args":[]}
RESULT: {"script":"<script> [189 bytes]","args":[]}
COMMAND: POST /session/f292156acc1b273c5de2837bdf35b9d0/execute/async - {"script":"<script> [123 bytes]","args":[]}
RESULT: {"script":"<script> [123 bytes]","args":[]}
COMMAND: POST /session/f292156acc1b273c5de2837bdf35b9d0/timeouts - {"script":"<number>"}
RESULT: {"script":"<number>"}
COMMAND: GET /session/f292156acc1b273c5de2837bdf35b9d0/timeouts - {}
RESULT: {}
RESULT: undefined
COMMAND: POST /session/f292156acc1b273c5de2837bdf35b9d0/execute/async - {"script":"<script> [2676 bytes]","args":[]}
RESULT: {"script":"<script> [2676 bytes]","args":[]}
COMMAND: POST /session/f292156acc1b273c5de2837bdf35b9d0/execute/async - {"script":"<script> [2342 bytes]","args":[{"protocol":"http","hostname":"0.0.0.0","path":"/","capabilities":{"browserName":"chrome","goog:chromeOptions":{"binary":"C:\\Program Files\\Google\\Chrome\\Application\\chrome.exe","args":["--start-maximized"]}},"logLevel":"warn","connectionRetryTimeout":120000,"connectionRetryCount":3,"logLevels":{},"enableDirectConnect":true,"strictSSL":true,"_":"65 more keys: [\"cacheDir\",\"port\",\"requestedCapabilities\",\"automationProtocol\",\"baseUrl\",\"waitforInterval\",\"waitforTimeout\",\"onReload\",\"beforeCommand\",\"afterCommand\",\"rootDir\",\"specs\",\"suites\",\"exclude\",\"groupLogsByTestSpec\",\"excludeDriverLogs\",\"bail\",\"framework\",\"reporters\",\"services\",\"maxInstances\",\"maxInstancesPerCapability\",\"injectGlobals\",\"filesToWatch\",\"execArgv\",\"runnerEnv\",\"runner\",\"shard\",\"specFileRetries\",\"specFileRetriesDelay\",\"specFileRetriesDeferred\",\"reporterSyncInterval\",\"reporterSyncTimeout\",\"cucumberFeaturesWithLineNumbers\",\"autoCompileOpts\",\"mochaOpts\",\"jasmineOpts\",\"cucumberOpts\",\"onPrepare\",\"onWorkerStart\",\"onWorkerEnd\",\"before\",\"beforeSession\",\"beforeSuite\",\"beforeHook\",\"beforeTest\",\"afterTest\",\"afterHook\",\"afterSuite\",\"afterSession\",\"after\",\"onComplete\",\"beforeAssertion\",\"afterAssertion\",\"beforeFeature\",\"beforeScenario\",\"beforeStep\",\"afterStep\",\"afterScenario\",\"afterFeature\",\"_\",\"suite\",\"$0\",\"ignoredWorkerServices\",\"wdi5\"]"}]}
RESULT: {"script":"<script> [2342 bytes]","args":[{"protocol":"http","hostname":"0.0.0.0","path":"/","capabilities":{"browserName":"chrome","goog:chromeOptions":{"binary":"C:\\Program Files\\Google\\Chrome\\Application\\chrome.exe","args":["--start-maximized"]}},"logLevel":"warn","connectionRetryTimeout":120000,"connectionRetryCount":3,"logLevels":{},"enableDirectConnect":true,"strictSSL":true,"_":"65 more keys: [\"cacheDir\",\"port\",\"requestedCapabilities\",\"automationProtocol\",\"baseUrl\",\"waitforInterval\",\"waitforTimeout\",\"onReload\",\"beforeCommand\",\"afterCommand\",\"rootDir\",\"specs\",\"suites\",\"exclude\",\"groupLogsByTestSpec\",\"excludeDriverLogs\",\"bail\",\"framework\",\"reporters\",\"services\",\"maxInstances\",\"maxInstancesPerCapability\",\"injectGlobals\",\"filesToWatch\",\"execArgv\",\"runnerEnv\",\"runner\",\"shard\",\"specFileRetries\",\"specFileRetriesDelay\",\"specFileRetriesDeferred\",\"reporterSyncInterval\",\"reporterSyncTimeout\",\"cucumberFeaturesWithLineNumbers\",\"autoCompileOpts\",\"mochaOpts\",\"jasmineOpts\",\"cucumberOpts\",\"onPrepare\",\"onWorkerStart\",\"onWorkerEnd\",\"before\",\"beforeSession\",\"beforeSuite\",\"beforeHook\",\"beforeTest\",\"afterTest\",\"afterHook\",\"afterSuite\",\"afterSession\",\"after\",\"onComplete\",\"beforeAssertion\",\"afterAssertion\",\"beforeFeature\",\"beforeScenario\",\"beforeStep\",\"afterStep\",\"afterScenario\",\"afterFeature\",\"_\",\"suite\",\"$0\",\"ignoredWorkerServices\",\"wdi5\"]"}]}
COMMAND: POST /session/f292156acc1b273c5de2837bdf35b9d0/execute/async - {"script":"<script> [21126 bytes]","args":[35000]}
RESULT: {"script":"<script> [21126 bytes]","args":[35000]}
]]></system-out>
    </testcase>
  </testsuite>
  <testsuite timestamp="2025-05-28T17:04:25" time="136.068" tests="3" failures="0" errors="0" skipped="0">
    <properties>
      <property name="specId" value="0"/>
      <property name="suiteName" value="Set up pricing rule(OT) 104624"/>
      <property name="capabilities" value="chrome.136_0_7103_93.windows"/>
      <property name="file" value="file:///D:/a/1/s/test/specs/BTS/create-pricing-rule.spec.js"/>
    </properties>
    <testcase classname="chrome.136_0_7103_93.windows.Set_up_pricing_rule(OT)_104624" name="Should create a new yard used for all following tests" time="0.035">
      <system-out><![CDATA[
COMMAND: POST /session/f292156acc1b273c5de2837bdf35b9d0/window/fullscreen - {}
RESULT: {}
]]></system-out>
    </testcase>
    <testcase classname="chrome.136_0_7103_93.windows.Set_up_pricing_rule(OT)_104624" name="Should create a new equipment used for all following tests" time="0.004"/>
    <testcase classname="chrome.136_0_7103_93.windows.Set_up_pricing_rule(OT)_104624" name="Should create new pricing rule on the created resource from earlier module or above" time="86.199">
      <system-out><![CDATA[
COMMAND: POST /session/f292156acc1b273c5de2837bdf35b9d0/execute/async - {"script":"<script> [1562 bytes]","args":[{"selector":{"controlType":"sap.m.GenericTile","properties":{"header":"Manage Pricing Rules"}},"wdio_ui5_key":"sapm.GenericTile{\"header\":\"Manage Pricing Rules\"}"}]}
RESULT: {"script":"<script> [1562 bytes]","args":[{"selector":{"controlType":"sap.m.GenericTile","properties":{"header":"Manage Pricing Rules"}},"wdio_ui5_key":"sapm.GenericTile{\"header\":\"Manage Pricing Rules\"}"}]}
RESULT: undefined
COMMAND: POST /session/f292156acc1b273c5de2837bdf35b9d0/element - {"using":"xpath","value":"//*[@id=\"__tile55\"]"}
RESULT: {"using":"xpath","value":"//*[@id=\"__tile55\"]"}
COMMAND: POST /session/f292156acc1b273c5de2837bdf35b9d0/element/f.2505593A71F6743E8AE774F812430ADA.d.93ABFDE8B0211E3AA6C05AEA59B425C2.e.2401/click - {}
RESULT: {}
COMMAND: GET /session/f292156acc1b273c5de2837bdf35b9d0/screenshot - {}
RESULT: {}
COMMAND: POST /session/f292156acc1b273c5de2837bdf35b9d0/elements - {"using":"xpath","value":"//span[text()='Error']"}
RESULT: {"using":"xpath","value":"//span[text()='Error']"}
COMMAND: POST /session/f292156acc1b273c5de2837bdf35b9d0/execute/async - {"script":"<script> [1562 bytes]","args":[{"selector":{"controlType":"sap.ui.core.Icon","viewName":"etm.portal.ui.managepricingrules.view.MasterHeader","viewId":"application-managepricingrules-display-component---priceInfoHeader","properties":{"src":{"regex":{"source":"activity\\-items"}}}},"wdio_ui5_key":"etmportal.ui.managepricingrules.view.MasterHeadersap.ui.core.Icon{\"src\":{\"regex\":{\"source\":\"activity\\\\-items\"}}}"}]}
RESULT: {"script":"<script> [1562 bytes]","args":[{"selector":{"controlType":"sap.ui.core.Icon","viewName":"etm.portal.ui.managepricingrules.view.MasterHeader","viewId":"application-managepricingrules-display-component---priceInfoHeader","properties":{"src":{"regex":{"source":"activity\\-items"}}}},"wdio_ui5_key":"etmportal.ui.managepricingrules.view.MasterHeadersap.ui.core.Icon{\"src\":{\"regex\":{\"source\":\"activity\\\\-items\"}}}"}]}
RESULT: undefined
COMMAND: POST /session/f292156acc1b273c5de2837bdf35b9d0/element - {"using":"xpath","value":"//*[@id=\"__filter1-icon\"]"}
RESULT: {"using":"xpath","value":"//*[@id=\"__filter1-icon\"]"}
COMMAND: POST /session/f292156acc1b273c5de2837bdf35b9d0/element/f.2505593A71F6743E8AE774F812430ADA.d.93ABFDE8B0211E3AA6C05AEA59B425C2.e.2457/click - {}
RESULT: {}
COMMAND: GET /session/f292156acc1b273c5de2837bdf35b9d0/screenshot - {}
RESULT: {}
COMMAND: POST /session/f292156acc1b273c5de2837bdf35b9d0/element - {"using":"xpath","value":"//button[@data-kt=\"addButton\"]"}
RESULT: {"using":"xpath","value":"//button[@data-kt=\"addButton\"]"}
COMMAND: POST /session/f292156acc1b273c5de2837bdf35b9d0/elements - {"using":"xpath","value":"//button[@data-kt=\"addButton\"]"}
RESULT: {"using":"xpath","value":"//button[@data-kt=\"addButton\"]"}
COMMAND: POST /session/f292156acc1b273c5de2837bdf35b9d0/execute/sync - {"script":"<script> [8489 bytes]","args":[{"element-6066-11e4-a52e-4f735466cecf":"f.2505593A71F6743E8AE774F812430ADA.d.93ABFDE8B0211E3AA6C05AEA59B425C2.e.2507","ELEMENT":"f.2505593A71F6743E8AE774F812430ADA.d.93ABFDE8B0211E3AA6C05AEA59B425C2.e.2507"}]}
RESULT: {"script":"<script> [8489 bytes]","args":[{"element-6066-11e4-a52e-4f735466cecf":"f.2505593A71F6743E8AE774F812430ADA.d.93ABFDE8B0211E3AA6C05AEA59B425C2.e.2507","ELEMENT":"f.2505593A71F6743E8AE774F812430ADA.d.93ABFDE8B0211E3AA6C05AEA59B425C2.e.2507"}]}
COMMAND: GET /session/f292156acc1b273c5de2837bdf35b9d0/element/f.2505593A71F6743E8AE774F812430ADA.d.93ABFDE8B0211E3AA6C05AEA59B425C2.e.2507/enabled - {}
COMMAND: GET /session/f292156acc1b273c5de2837bdf35b9d0/screenshot - {}
RESULT: {}
COMMAND: POST /session/f292156acc1b273c5de2837bdf35b9d0/execute/sync - {"script":"<script> [8489 bytes]","args":[{"element-6066-11e4-a52e-4f735466cecf":"f.2505593A71F6743E8AE774F812430ADA.d.93ABFDE8B0211E3AA6C05AEA59B425C2.e.2507","ELEMENT":"f.2505593A71F6743E8AE774F812430ADA.d.93ABFDE8B0211E3AA6C05AEA59B425C2.e.2507"}]}
COMMAND: GET /session/f292156acc1b273c5de2837bdf35b9d0/screenshot - {}
RESULT: {}
RESULT: {"script":"<script> [8489 bytes]","args":[{"element-6066-11e4-a52e-4f735466cecf":"f.2505593A71F6743E8AE774F812430ADA.d.93ABFDE8B0211E3AA6C05AEA59B425C2.e.2507","ELEMENT":"f.2505593A71F6743E8AE774F812430ADA.d.93ABFDE8B0211E3AA6C05AEA59B425C2.e.2507"}]}
COMMAND: POST /session/f292156acc1b273c5de2837bdf35b9d0/execute/sync - {"script":"<script> [5351 bytes]","args":[{"element-6066-11e4-a52e-4f735466cecf":"f.2505593A71F6743E8AE774F812430ADA.d.93ABFDE8B0211E3AA6C05AEA59B425C2.e.2507","ELEMENT":"f.2505593A71F6743E8AE774F812430ADA.d.93ABFDE8B0211E3AA6C05AEA59B425C2.e.2507"}]}
COMMAND: GET /session/f292156acc1b273c5de2837bdf35b9d0/screenshot - {}
RESULT: {}
RESULT: {"script":"<script> [5351 bytes]","args":[{"element-6066-11e4-a52e-4f735466cecf":"f.2505593A71F6743E8AE774F812430ADA.d.93ABFDE8B0211E3AA6C05AEA59B425C2.e.2507","ELEMENT":"f.2505593A71F6743E8AE774F812430ADA.d.93ABFDE8B0211E3AA6C05AEA59B425C2.e.2507"}]}
COMMAND: POST /session/f292156acc1b273c5de2837bdf35b9d0/element/f.2505593A71F6743E8AE774F812430ADA.d.93ABFDE8B0211E3AA6C05AEA59B425C2.e.2507/click - {}
COMMAND: GET /session/f292156acc1b273c5de2837bdf35b9d0/screenshot - {}
RESULT: {}
RESULT: {}
COMMAND: GET /session/f292156acc1b273c5de2837bdf35b9d0/screenshot - {}
RESULT: {}
RESULT: {}
COMMAND: POST /session/f292156acc1b273c5de2837bdf35b9d0/execute/async - {"script":"<script> [1562 bytes]","args":[{"selector":{"controlType":"sap.m.Title","viewName":"etm.portal.ui.managepricingrules.view.NewItem","viewId":"application-managepricingrules-display-component---newInfoPriceItem","properties":{"text":"New Pricing Rules - Item Level"}},"wdio_ui5_key":"etmportal.ui.managepricingrules.view.NewItemsap.m.Title{\"text\":\"New Pricing Rules - Item Level\"}"}]}
RESULT: {"script":"<script> [1562 bytes]","args":[{"selector":{"controlType":"sap.m.Title","viewName":"etm.portal.ui.managepricingrules.view.NewItem","viewId":"application-managepricingrules-display-component---newInfoPriceItem","properties":{"text":"New Pricing Rules - Item Level"}},"wdio_ui5_key":"etmportal.ui.managepricingrules.view.NewItemsap.m.Title{\"text\":\"New Pricing Rules - Item Level\"}"}]}
RESULT: undefined
COMMAND: POST /session/f292156acc1b273c5de2837bdf35b9d0/execute/async - {"script":"<script> [6424 bytes]","args":[{"element-6066-11e4-a52e-4f735466cecf":"f.2505593A71F6743E8AE774F812430ADA.d.93ABFDE8B0211E3AA6C05AEA59B425C2.e.2791"},"getText",[]]}
RESULT: {"script":"<script> [6424 bytes]","args":[{"element-6066-11e4-a52e-4f735466cecf":"f.2505593A71F6743E8AE774F812430ADA.d.93ABFDE8B0211E3AA6C05AEA59B425C2.e.2791"},"getText",[]]}
COMMAND: POST /session/f292156acc1b273c5de2837bdf35b9d0/execute/async - {"script":"<script> [1562 bytes]","args":[{"selector":{"id":"application-managepricingrules-display-component---newInfoPriceItem--condValidTo","interaction":{"idSuffix":"inner"}},"wdio_ui5_key":"applicationmanagepricingrules-display-component---newInfoPriceItem--condValidTo"}]}
RESULT: {"script":"<script> [1562 bytes]","args":[{"selector":{"id":"application-managepricingrules-display-component---newInfoPriceItem--condValidTo","interaction":{"idSuffix":"inner"}},"wdio_ui5_key":"applicationmanagepricingrules-display-component---newInfoPriceItem--condValidTo"}]}
RESULT: undefined
COMMAND: POST /session/f292156acc1b273c5de2837bdf35b9d0/execute/async - {"script":"<script> [776 bytes]","args":[{"enterText":"1/28/26","selector":{"id":"application-managepricingrules-display-component---newInfoPriceItem--condValidTo","interaction":{"idSuffix":"inner"}},"clearTextFirst":true,"interactionType":"ENTER_TEXT"}]}
RESULT: {"script":"<script> [776 bytes]","args":[{"enterText":"1/28/26","selector":{"id":"application-managepricingrules-display-component---newInfoPriceItem--condValidTo","interaction":{"idSuffix":"inner"}},"clearTextFirst":true,"interactionType":"ENTER_TEXT"}]}
COMMAND: POST /session/f292156acc1b273c5de2837bdf35b9d0/element - {"using":"xpath","value":"//input[@id=\"application-managepricingrules-display-component---newInfoPriceItem--condRU-inner\"]"}
RESULT: {"using":"xpath","value":"//input[@id=\"application-managepricingrules-display-component---newInfoPriceItem--condRU-inner\"]"}
COMMAND: POST /session/f292156acc1b273c5de2837bdf35b9d0/element/f.2505593A71F6743E8AE774F812430ADA.d.93ABFDE8B0211E3AA6C05AEA59B425C2.e.2760/clear - {}
RESULT: {}
COMMAND: POST /session/f292156acc1b273c5de2837bdf35b9d0/element/f.2505593A71F6743E8AE774F812430ADA.d.93ABFDE8B0211E3AA6C05AEA59B425C2.e.2760/value - {"text":"2S7GM7oYvA"}
COMMAND: GET /session/f292156acc1b273c5de2837bdf35b9d0/screenshot - {}
RESULT: {"text":"2S7GM7oYvA"}
COMMAND: GET /session/f292156acc1b273c5de2837bdf35b9d0/screenshot - {}
RESULT: {}
RESULT: {}
COMMAND: POST /session/f292156acc1b273c5de2837bdf35b9d0/execute/async - {"script":"<script> [1562 bytes]","args":[{"selector":{"id":"application-managepricingrules-display-component---newInfoPriceItem--billType-arrow"},"wdio_ui5_key":"applicationmanagepricingrules-display-component---newInfoPriceItem--billType-arrow"}]}
RESULT: {"script":"<script> [1562 bytes]","args":[{"selector":{"id":"application-managepricingrules-display-component---newInfoPriceItem--billType-arrow"},"wdio_ui5_key":"applicationmanagepricingrules-display-component---newInfoPriceItem--billType-arrow"}]}
RESULT: undefined
COMMAND: POST /session/f292156acc1b273c5de2837bdf35b9d0/element - {"using":"xpath","value":"//*[@id=\"application-managepricingrules-display-component---newInfoPriceItem--billType-arrow\"]"}
RESULT: {"using":"xpath","value":"//*[@id=\"application-managepricingrules-display-component---newInfoPriceItem--billType-arrow\"]"}
COMMAND: POST /session/f292156acc1b273c5de2837bdf35b9d0/element/f.2505593A71F6743E8AE774F812430ADA.d.93ABFDE8B0211E3AA6C05AEA59B425C2.e.2852/click - {}
RESULT: {}
COMMAND: POST /session/f292156acc1b273c5de2837bdf35b9d0/element - {"using":"xpath","value":"//span[contains(text(), \"OT - Sales (one-time)\")]"}
COMMAND: GET /session/f292156acc1b273c5de2837bdf35b9d0/screenshot - {}
RESULT: {"using":"xpath","value":"//span[contains(text(), \"OT - Sales (one-time)\")]"}
COMMAND: POST /session/f292156acc1b273c5de2837bdf35b9d0/element/f.2505593A71F6743E8AE774F812430ADA.d.93ABFDE8B0211E3AA6C05AEA59B425C2.e.2893/click - {}
RESULT: {}
RESULT: {}
COMMAND: POST /session/f292156acc1b273c5de2837bdf35b9d0/execute/async - {"script":"<script> [1562 bytes]","args":[{"selector":{"id":"application-managepricingrules-display-component---newInfoPriceItem--priceProc-arrow"},"wdio_ui5_key":"applicationmanagepricingrules-display-component---newInfoPriceItem--priceProc-arrow"}]}
COMMAND: GET /session/f292156acc1b273c5de2837bdf35b9d0/screenshot - {}
RESULT: {"script":"<script> [1562 bytes]","args":[{"selector":{"id":"application-managepricingrules-display-component---newInfoPriceItem--priceProc-arrow"},"wdio_ui5_key":"applicationmanagepricingrules-display-component---newInfoPriceItem--priceProc-arrow"}]}
RESULT: undefined
COMMAND: POST /session/f292156acc1b273c5de2837bdf35b9d0/element - {"using":"xpath","value":"//*[@id=\"application-managepricingrules-display-component---newInfoPriceItem--priceProc-arrow\"]"}
RESULT: {}
RESULT: {"using":"xpath","value":"//*[@id=\"application-managepricingrules-display-component---newInfoPriceItem--priceProc-arrow\"]"}
COMMAND: POST /session/f292156acc1b273c5de2837bdf35b9d0/element/f.2505593A71F6743E8AE774F812430ADA.d.93ABFDE8B0211E3AA6C05AEA59B425C2.e.2859/click - {}
RESULT: {}
COMMAND: POST /session/f292156acc1b273c5de2837bdf35b9d0/element - {"using":"xpath","value":"//span[contains(text(), \"MAT - Material\")]"}
COMMAND: GET /session/f292156acc1b273c5de2837bdf35b9d0/screenshot - {}
RESULT: {"using":"xpath","value":"//span[contains(text(), \"MAT - Material\")]"}
COMMAND: POST /session/f292156acc1b273c5de2837bdf35b9d0/element/f.2505593A71F6743E8AE774F812430ADA.d.93ABFDE8B0211E3AA6C05AEA59B425C2.e.2894/click - {}
RESULT: {}
RESULT: {}
COMMAND: POST /session/f292156acc1b273c5de2837bdf35b9d0/execute/async - {"script":"<script> [1562 bytes]","args":[{"selector":{"id":"application-managepricingrules-display-component---newInfoPriceItem--calcBase-arrow"},"wdio_ui5_key":"applicationmanagepricingrules-display-component---newInfoPriceItem--calcBase-arrow"}]}
COMMAND: GET /session/f292156acc1b273c5de2837bdf35b9d0/screenshot - {}
RESULT: {"script":"<script> [1562 bytes]","args":[{"selector":{"id":"application-managepricingrules-display-component---newInfoPriceItem--calcBase-arrow"},"wdio_ui5_key":"applicationmanagepricingrules-display-component---newInfoPriceItem--calcBase-arrow"}]}
RESULT: undefined
COMMAND: POST /session/f292156acc1b273c5de2837bdf35b9d0/element - {"using":"xpath","value":"//*[@id=\"application-managepricingrules-display-component---newInfoPriceItem--calcBase-arrow\"]"}
RESULT: {}
RESULT: {"using":"xpath","value":"//*[@id=\"application-managepricingrules-display-component---newInfoPriceItem--calcBase-arrow\"]"}
COMMAND: POST /session/f292156acc1b273c5de2837bdf35b9d0/element/f.2505593A71F6743E8AE774F812430ADA.d.93ABFDE8B0211E3AA6C05AEA59B425C2.e.2866/click - {}
RESULT: {}
COMMAND: GET /session/f292156acc1b273c5de2837bdf35b9d0/screenshot - {}
RESULT: {}
COMMAND: POST /session/f292156acc1b273c5de2837bdf35b9d0/element - {"using":"xpath","value":"//span[contains(text(), \"0001 - TB(exact month + cal_days)\")]"}
RESULT: {"using":"xpath","value":"//span[contains(text(), \"0001 - TB(exact month + cal_days)\")]"}
COMMAND: POST /session/f292156acc1b273c5de2837bdf35b9d0/element/f.2505593A71F6743E8AE774F812430ADA.d.93ABFDE8B0211E3AA6C05AEA59B425C2.e.2895/click - {}
RESULT: {}
COMMAND: GET /session/f292156acc1b273c5de2837bdf35b9d0/screenshot - {}
RESULT: {}
COMMAND: POST /session/f292156acc1b273c5de2837bdf35b9d0/element - {"using":"xpath","value":"//button[@data-kt=\"saveNewRuleButton\"]"}
RESULT: {"using":"xpath","value":"//button[@data-kt=\"saveNewRuleButton\"]"}
COMMAND: POST /session/f292156acc1b273c5de2837bdf35b9d0/element/f.2505593A71F6743E8AE774F812430ADA.d.93ABFDE8B0211E3AA6C05AEA59B425C2.e.2886/click - {}
RESULT: {}
COMMAND: GET /session/f292156acc1b273c5de2837bdf35b9d0/screenshot - {}
RESULT: {}
COMMAND: POST /session/f292156acc1b273c5de2837bdf35b9d0/execute/async - {"script":"<script> [1562 bytes]","args":[{"selector":{"id":"application-managepricingrules-display-component---priceInfoItem--smartFilterBar-btnBasicSearch","interaction":{"idSuffix":"I"}},"wdio_ui5_key":"applicationmanagepricingrules-display-component---priceInfoItem--smartFilterBar-btnBasicSearch"}]}
RESULT: {"script":"<script> [1562 bytes]","args":[{"selector":{"id":"application-managepricingrules-display-component---priceInfoItem--smartFilterBar-btnBasicSearch","interaction":{"idSuffix":"I"}},"wdio_ui5_key":"applicationmanagepricingrules-display-component---priceInfoItem--smartFilterBar-btnBasicSearch"}]}
RESULT: undefined
COMMAND: POST /session/f292156acc1b273c5de2837bdf35b9d0/execute/async - {"script":"<script> [776 bytes]","args":[{"enterText":"2S7GM7oYvA","selector":{"id":"application-managepricingrules-display-component---priceInfoItem--smartFilterBar-btnBasicSearch","interaction":{"idSuffix":"I"}},"clearTextFirst":true,"interactionType":"ENTER_TEXT"}]}
RESULT: {"script":"<script> [776 bytes]","args":[{"enterText":"2S7GM7oYvA","selector":{"id":"application-managepricingrules-display-component---priceInfoItem--smartFilterBar-btnBasicSearch","interaction":{"idSuffix":"I"}},"clearTextFirst":true,"interactionType":"ENTER_TEXT"}]}
COMMAND: POST /session/f292156acc1b273c5de2837bdf35b9d0/actions - {"actions":[{"id":"action10","type":"key","parameters":{},"actions":[{"type":"keyDown","value":""},{"type":"pause","duration":10},{"type":"keyUp","value":""}]}]}
RESULT: {"actions":[{"id":"action10","type":"key","parameters":{},"actions":[{"type":"keyDown","value":""},{"type":"pause","duration":10},{"type":"keyUp","value":""}]}]}
COMMAND: GET /session/f292156acc1b273c5de2837bdf35b9d0/screenshot - {}
RESULT: {}
COMMAND: POST /session/f292156acc1b273c5de2837bdf35b9d0/element - {"using":"xpath","value":"//span[@id=\"application-managepricingrules-display-component---priceInfoItem--smartTable-header-inner\"]"}
RESULT: {"using":"xpath","value":"//span[@id=\"application-managepricingrules-display-component---priceInfoItem--smartTable-header-inner\"]"}
COMMAND: POST /session/f292156acc1b273c5de2837bdf35b9d0/elements - {"using":"xpath","value":"//span[@id=\"application-managepricingrules-display-component---priceInfoItem--smartTable-header-inner\"]"}
RESULT: {"using":"xpath","value":"//span[@id=\"application-managepricingrules-display-component---priceInfoItem--smartTable-header-inner\"]"}
COMMAND: POST /session/f292156acc1b273c5de2837bdf35b9d0/execute/sync - {"script":"<script> [56 bytes]","args":[{"element-6066-11e4-a52e-4f735466cecf":"f.2505593A71F6743E8AE774F812430ADA.d.93ABFDE8B0211E3AA6C05AEA59B425C2.e.2925","ELEMENT":"f.2505593A71F6743E8AE774F812430ADA.d.93ABFDE8B0211E3AA6C05AEA59B425C2.e.2925"}]}
RESULT: {"script":"<script> [56 bytes]","args":[{"element-6066-11e4-a52e-4f735466cecf":"f.2505593A71F6743E8AE774F812430ADA.d.93ABFDE8B0211E3AA6C05AEA59B425C2.e.2925","ELEMENT":"f.2505593A71F6743E8AE774F812430ADA.d.93ABFDE8B0211E3AA6C05AEA59B425C2.e.2925"}]}
COMMAND: POST /session/f292156acc1b273c5de2837bdf35b9d0/element - {"using":"css selector","value":"#shell-header-logo"}
COMMAND: GET /session/f292156acc1b273c5de2837bdf35b9d0/screenshot - {}
RESULT: {"using":"css selector","value":"#shell-header-logo"}
COMMAND: POST /session/f292156acc1b273c5de2837bdf35b9d0/element/f.2505593A71F6743E8AE774F812430ADA.d.93ABFDE8B0211E3AA6C05AEA59B425C2.e.2410/click - {}
RESULT: {}
RESULT: {}
COMMAND: GET /session/f292156acc1b273c5de2837bdf35b9d0/screenshot - {}
RESULT: {}
COMMAND: POST /session/f292156acc1b273c5de2837bdf35b9d0/element - {"using":"css selector","value":"#j_username"}
COMMAND: POST /session/f292156acc1b273c5de2837bdf35b9d0/url - {"url":"https://qa-testing-00-live-etm-ui.cfapps.eu10-004.hana.ondemand.com/"}
RESULT: {"using":"css selector","value":"#j_username"}
COMMAND: POST /session/f292156acc1b273c5de2837bdf35b9d0/element - {"using":"css selector","value":"#j_username"}
RESULT: {"url":"https://qa-testing-00-live-etm-ui.cfapps.eu10-004.hana.ondemand.com/"}
RESULT: undefined
COMMAND: GET /session/f292156acc1b273c5de2837bdf35b9d0/screenshot - {}
RESULT: {"using":"css selector","value":"#j_username"}
COMMAND: POST /session/f292156acc1b273c5de2837bdf35b9d0/element - {"using":"css selector","value":"#shell-header-logo"}
RESULT: {}
RESULT: {"using":"css selector","value":"#shell-header-logo"}
COMMAND: POST /session/f292156acc1b273c5de2837bdf35b9d0/execute/sync - {"script":"<script> [8489 bytes]","args":[{"element-6066-11e4-a52e-4f735466cecf":"f.2505593A71F6743E8AE774F812430ADA.d.5DE0B51C50111A361F9C4833D921861D.e.2944","ELEMENT":"f.2505593A71F6743E8AE774F812430ADA.d.5DE0B51C50111A361F9C4833D921861D.e.2944"}]}
RESULT: {"script":"<script> [8489 bytes]","args":[{"element-6066-11e4-a52e-4f735466cecf":"f.2505593A71F6743E8AE774F812430ADA.d.5DE0B51C50111A361F9C4833D921861D.e.2944","ELEMENT":"f.2505593A71F6743E8AE774F812430ADA.d.5DE0B51C50111A361F9C4833D921861D.e.2944"}]}
COMMAND: POST /session/f292156acc1b273c5de2837bdf35b9d0/element - {"using":"css selector","value":"#shell-header-logo"}
COMMAND: GET /session/f292156acc1b273c5de2837bdf35b9d0/screenshot - {}
RESULT: {"using":"css selector","value":"#shell-header-logo"}
COMMAND: POST /session/f292156acc1b273c5de2837bdf35b9d0/execute/sync - {"script":"<script> [8489 bytes]","args":[{"element-6066-11e4-a52e-4f735466cecf":"f.2505593A71F6743E8AE774F812430ADA.d.5DE0B51C50111A361F9C4833D921861D.e.2944","ELEMENT":"f.2505593A71F6743E8AE774F812430ADA.d.5DE0B51C50111A361F9C4833D921861D.e.2944"}]}
RESULT: {}
RESULT: {"script":"<script> [8489 bytes]","args":[{"element-6066-11e4-a52e-4f735466cecf":"f.2505593A71F6743E8AE774F812430ADA.d.5DE0B51C50111A361F9C4833D921861D.e.2944","ELEMENT":"f.2505593A71F6743E8AE774F812430ADA.d.5DE0B51C50111A361F9C4833D921861D.e.2944"}]}
COMMAND: POST /session/f292156acc1b273c5de2837bdf35b9d0/execute/sync - {"script":"<script> [5351 bytes]","args":[{"element-6066-11e4-a52e-4f735466cecf":"f.2505593A71F6743E8AE774F812430ADA.d.5DE0B51C50111A361F9C4833D921861D.e.2944","ELEMENT":"f.2505593A71F6743E8AE774F812430ADA.d.5DE0B51C50111A361F9C4833D921861D.e.2944"}]}
COMMAND: GET /session/f292156acc1b273c5de2837bdf35b9d0/screenshot - {}
RESULT: {"script":"<script> [5351 bytes]","args":[{"element-6066-11e4-a52e-4f735466cecf":"f.2505593A71F6743E8AE774F812430ADA.d.5DE0B51C50111A361F9C4833D921861D.e.2944","ELEMENT":"f.2505593A71F6743E8AE774F812430ADA.d.5DE0B51C50111A361F9C4833D921861D.e.2944"}]}
COMMAND: POST /session/f292156acc1b273c5de2837bdf35b9d0/element - {"using":"css selector","value":"#shell-header-logo"}
COMMAND: GET /session/f292156acc1b273c5de2837bdf35b9d0/screenshot - {}
RESULT: {}
RESULT: {"using":"css selector","value":"#shell-header-logo"}
COMMAND: POST /session/f292156acc1b273c5de2837bdf35b9d0/element/f.2505593A71F6743E8AE774F812430ADA.d.5DE0B51C50111A361F9C4833D921861D.e.2944/click - {}
RESULT: {}
RESULT: {}
COMMAND: GET /session/f292156acc1b273c5de2837bdf35b9d0/screenshot - {}
RESULT: {}
COMMAND: POST /session/f292156acc1b273c5de2837bdf35b9d0/execute/async - {"script":"<script> [189 bytes]","args":[]}
RESULT: {"script":"<script> [189 bytes]","args":[]}
COMMAND: POST /session/f292156acc1b273c5de2837bdf35b9d0/execute/async - {"script":"<script> [123 bytes]","args":[]}
RESULT: {"script":"<script> [123 bytes]","args":[]}
COMMAND: POST /session/f292156acc1b273c5de2837bdf35b9d0/timeouts - {"script":"<number>"}
RESULT: {"script":"<number>"}
COMMAND: GET /session/f292156acc1b273c5de2837bdf35b9d0/timeouts - {}
RESULT: {}
RESULT: undefined
COMMAND: POST /session/f292156acc1b273c5de2837bdf35b9d0/execute/async - {"script":"<script> [2676 bytes]","args":[]}
RESULT: {"script":"<script> [2676 bytes]","args":[]}
COMMAND: POST /session/f292156acc1b273c5de2837bdf35b9d0/execute/async - {"script":"<script> [2342 bytes]","args":[{"protocol":"http","hostname":"0.0.0.0","path":"/","capabilities":{"browserName":"chrome","goog:chromeOptions":{"binary":"C:\\Program Files\\Google\\Chrome\\Application\\chrome.exe","args":["--start-maximized"]}},"logLevel":"warn","connectionRetryTimeout":120000,"connectionRetryCount":3,"logLevels":{},"enableDirectConnect":true,"strictSSL":true,"_":"65 more keys: [\"cacheDir\",\"port\",\"requestedCapabilities\",\"automationProtocol\",\"baseUrl\",\"waitforInterval\",\"waitforTimeout\",\"onReload\",\"beforeCommand\",\"afterCommand\",\"rootDir\",\"specs\",\"suites\",\"exclude\",\"groupLogsByTestSpec\",\"excludeDriverLogs\",\"bail\",\"framework\",\"reporters\",\"services\",\"maxInstances\",\"maxInstancesPerCapability\",\"injectGlobals\",\"filesToWatch\",\"execArgv\",\"runnerEnv\",\"runner\",\"shard\",\"specFileRetries\",\"specFileRetriesDelay\",\"specFileRetriesDeferred\",\"reporterSyncInterval\",\"reporterSyncTimeout\",\"cucumberFeaturesWithLineNumbers\",\"autoCompileOpts\",\"mochaOpts\",\"jasmineOpts\",\"cucumberOpts\",\"onPrepare\",\"onWorkerStart\",\"onWorkerEnd\",\"before\",\"beforeSession\",\"beforeSuite\",\"beforeHook\",\"beforeTest\",\"afterTest\",\"afterHook\",\"afterSuite\",\"afterSession\",\"after\",\"onComplete\",\"beforeAssertion\",\"afterAssertion\",\"beforeFeature\",\"beforeScenario\",\"beforeStep\",\"afterStep\",\"afterScenario\",\"afterFeature\",\"_\",\"suite\",\"$0\",\"ignoredWorkerServices\",\"wdi5\"]"}]}
RESULT: {"script":"<script> [2342 bytes]","args":[{"protocol":"http","hostname":"0.0.0.0","path":"/","capabilities":{"browserName":"chrome","goog:chromeOptions":{"binary":"C:\\Program Files\\Google\\Chrome\\Application\\chrome.exe","args":["--start-maximized"]}},"logLevel":"warn","connectionRetryTimeout":120000,"connectionRetryCount":3,"logLevels":{},"enableDirectConnect":true,"strictSSL":true,"_":"65 more keys: [\"cacheDir\",\"port\",\"requestedCapabilities\",\"automationProtocol\",\"baseUrl\",\"waitforInterval\",\"waitforTimeout\",\"onReload\",\"beforeCommand\",\"afterCommand\",\"rootDir\",\"specs\",\"suites\",\"exclude\",\"groupLogsByTestSpec\",\"excludeDriverLogs\",\"bail\",\"framework\",\"reporters\",\"services\",\"maxInstances\",\"maxInstancesPerCapability\",\"injectGlobals\",\"filesToWatch\",\"execArgv\",\"runnerEnv\",\"runner\",\"shard\",\"specFileRetries\",\"specFileRetriesDelay\",\"specFileRetriesDeferred\",\"reporterSyncInterval\",\"reporterSyncTimeout\",\"cucumberFeaturesWithLineNumbers\",\"autoCompileOpts\",\"mochaOpts\",\"jasmineOpts\",\"cucumberOpts\",\"onPrepare\",\"onWorkerStart\",\"onWorkerEnd\",\"before\",\"beforeSession\",\"beforeSuite\",\"beforeHook\",\"beforeTest\",\"afterTest\",\"afterHook\",\"afterSuite\",\"afterSession\",\"after\",\"onComplete\",\"beforeAssertion\",\"afterAssertion\",\"beforeFeature\",\"beforeScenario\",\"beforeStep\",\"afterStep\",\"afterScenario\",\"afterFeature\",\"_\",\"suite\",\"$0\",\"ignoredWorkerServices\",\"wdi5\"]"}]}
COMMAND: POST /session/f292156acc1b273c5de2837bdf35b9d0/execute/async - {"script":"<script> [21126 bytes]","args":[35000]}
RESULT: {"script":"<script> [21126 bytes]","args":[35000]}
COMMAND: POST /session/f292156acc1b273c5de2837bdf35b9d0/window/maximize - {}
RESULT: {}
COMMAND: POST /session/f292156acc1b273c5de2837bdf35b9d0/execute/async - {"script":"<script> [1562 bytes]","args":[{"selector":{"id":"shell-header","interaction":{"idSuffix":"icon"}},"wdio_ui5_key":"shellheader"}]}
COMMAND: GET /session/f292156acc1b273c5de2837bdf35b9d0/screenshot - {}
RESULT: {"script":"<script> [1562 bytes]","args":[{"selector":{"id":"shell-header","interaction":{"idSuffix":"icon"}},"wdio_ui5_key":"shellheader"}]}
RESULT: undefined
COMMAND: POST /session/f292156acc1b273c5de2837bdf35b9d0/refresh - {}
RESULT: {}
RESULT: {}
COMMAND: GET /session/f292156acc1b273c5de2837bdf35b9d0/screenshot - {}
RESULT: {}
COMMAND: POST /session/f292156acc1b273c5de2837bdf35b9d0/refresh - {}
RESULT: {}
COMMAND: GET /session/f292156acc1b273c5de2837bdf35b9d0/screenshot - {}
RESULT: {}
COMMAND: POST /session/f292156acc1b273c5de2837bdf35b9d0/window/fullscreen - {}
RESULT: {}
COMMAND: POST /session/f292156acc1b273c5de2837bdf35b9d0/execute/async - {"script":"<script> [189 bytes]","args":[]}
RESULT: {"script":"<script> [189 bytes]","args":[]}
COMMAND: POST /session/f292156acc1b273c5de2837bdf35b9d0/execute/async - {"script":"<script> [123 bytes]","args":[]}
RESULT: {"script":"<script> [123 bytes]","args":[]}
COMMAND: POST /session/f292156acc1b273c5de2837bdf35b9d0/timeouts - {"script":"<number>"}
RESULT: {"script":"<number>"}
COMMAND: GET /session/f292156acc1b273c5de2837bdf35b9d0/timeouts - {}
RESULT: {}
RESULT: undefined
COMMAND: POST /session/f292156acc1b273c5de2837bdf35b9d0/execute/async - {"script":"<script> [2676 bytes]","args":[]}
RESULT: {"script":"<script> [2676 bytes]","args":[]}
COMMAND: POST /session/f292156acc1b273c5de2837bdf35b9d0/execute/async - {"script":"<script> [2342 bytes]","args":[{"protocol":"http","hostname":"0.0.0.0","path":"/","capabilities":{"browserName":"chrome","goog:chromeOptions":{"binary":"C:\\Program Files\\Google\\Chrome\\Application\\chrome.exe","args":["--start-maximized"]}},"logLevel":"warn","connectionRetryTimeout":120000,"connectionRetryCount":3,"logLevels":{},"enableDirectConnect":true,"strictSSL":true,"_":"65 more keys: [\"cacheDir\",\"port\",\"requestedCapabilities\",\"automationProtocol\",\"baseUrl\",\"waitforInterval\",\"waitforTimeout\",\"onReload\",\"beforeCommand\",\"afterCommand\",\"rootDir\",\"specs\",\"suites\",\"exclude\",\"groupLogsByTestSpec\",\"excludeDriverLogs\",\"bail\",\"framework\",\"reporters\",\"services\",\"maxInstances\",\"maxInstancesPerCapability\",\"injectGlobals\",\"filesToWatch\",\"execArgv\",\"runnerEnv\",\"runner\",\"shard\",\"specFileRetries\",\"specFileRetriesDelay\",\"specFileRetriesDeferred\",\"reporterSyncInterval\",\"reporterSyncTimeout\",\"cucumberFeaturesWithLineNumbers\",\"autoCompileOpts\",\"mochaOpts\",\"jasmineOpts\",\"cucumberOpts\",\"onPrepare\",\"onWorkerStart\",\"onWorkerEnd\",\"before\",\"beforeSession\",\"beforeSuite\",\"beforeHook\",\"beforeTest\",\"afterTest\",\"afterHook\",\"afterSuite\",\"afterSession\",\"after\",\"onComplete\",\"beforeAssertion\",\"afterAssertion\",\"beforeFeature\",\"beforeScenario\",\"beforeStep\",\"afterStep\",\"afterScenario\",\"afterFeature\",\"_\",\"suite\",\"$0\",\"ignoredWorkerServices\",\"wdi5\"]"}]}
RESULT: {"script":"<script> [2342 bytes]","args":[{"protocol":"http","hostname":"0.0.0.0","path":"/","capabilities":{"browserName":"chrome","goog:chromeOptions":{"binary":"C:\\Program Files\\Google\\Chrome\\Application\\chrome.exe","args":["--start-maximized"]}},"logLevel":"warn","connectionRetryTimeout":120000,"connectionRetryCount":3,"logLevels":{},"enableDirectConnect":true,"strictSSL":true,"_":"65 more keys: [\"cacheDir\",\"port\",\"requestedCapabilities\",\"automationProtocol\",\"baseUrl\",\"waitforInterval\",\"waitforTimeout\",\"onReload\",\"beforeCommand\",\"afterCommand\",\"rootDir\",\"specs\",\"suites\",\"exclude\",\"groupLogsByTestSpec\",\"excludeDriverLogs\",\"bail\",\"framework\",\"reporters\",\"services\",\"maxInstances\",\"maxInstancesPerCapability\",\"injectGlobals\",\"filesToWatch\",\"execArgv\",\"runnerEnv\",\"runner\",\"shard\",\"specFileRetries\",\"specFileRetriesDelay\",\"specFileRetriesDeferred\",\"reporterSyncInterval\",\"reporterSyncTimeout\",\"cucumberFeaturesWithLineNumbers\",\"autoCompileOpts\",\"mochaOpts\",\"jasmineOpts\",\"cucumberOpts\",\"onPrepare\",\"onWorkerStart\",\"onWorkerEnd\",\"before\",\"beforeSession\",\"beforeSuite\",\"beforeHook\",\"beforeTest\",\"afterTest\",\"afterHook\",\"afterSuite\",\"afterSession\",\"after\",\"onComplete\",\"beforeAssertion\",\"afterAssertion\",\"beforeFeature\",\"beforeScenario\",\"beforeStep\",\"afterStep\",\"afterScenario\",\"afterFeature\",\"_\",\"suite\",\"$0\",\"ignoredWorkerServices\",\"wdi5\"]"}]}
COMMAND: POST /session/f292156acc1b273c5de2837bdf35b9d0/execute/async - {"script":"<script> [21126 bytes]","args":[35000]}
RESULT: {"script":"<script> [21126 bytes]","args":[35000]}
]]></system-out>
    </testcase>
  </testsuite>
  <testsuite timestamp="2025-05-28T17:06:41" time="481.328" tests="6" failures="0" errors="0" skipped="0">
    <properties>
      <property name="specId" value="0"/>
      <property name="suiteName" value="Edit and delete daily price US134629 US134627"/>
      <property name="capabilities" value="chrome.136_0_7103_93.windows"/>
      <property name="file" value="file:///D:/a/1/s/test/specs/BTS/conditions-prices-daily-price.spec.js"/>
    </properties>
    <testcase classname="chrome.136_0_7103_93.windows.Edit_and_delete_daily_price_US134629_US134627" name="Should create a new yard used for all following tests" time="0.021">
      <system-out><![CDATA[
COMMAND: POST /session/f292156acc1b273c5de2837bdf35b9d0/window/fullscreen - {}
RESULT: {}
]]></system-out>
    </testcase>
    <testcase classname="chrome.136_0_7103_93.windows.Edit_and_delete_daily_price_US134629_US134627" name="Should create a new partner" time="154.502">
      <system-out><![CDATA[
COMMAND: POST /session/f292156acc1b273c5de2837bdf35b9d0/window/fullscreen - {}
RESULT: {}
COMMAND: POST /session/f292156acc1b273c5de2837bdf35b9d0/execute/async - {"script":"<script> [1562 bytes]","args":[{"selector":{"controlType":"sap.m.GenericTile","properties":{"header":"Manage Partners"}},"wdio_ui5_key":"sapm.GenericTile{\"header\":\"Manage Partners\"}"}]}
RESULT: {"script":"<script> [1562 bytes]","args":[{"selector":{"controlType":"sap.m.GenericTile","properties":{"header":"Manage Partners"}},"wdio_ui5_key":"sapm.GenericTile{\"header\":\"Manage Partners\"}"}]}
RESULT: undefined
COMMAND: POST /session/f292156acc1b273c5de2837bdf35b9d0/element - {"using":"xpath","value":"//*[@id=\"__tile38\"]"}
RESULT: {"using":"xpath","value":"//*[@id=\"__tile38\"]"}
COMMAND: POST /session/f292156acc1b273c5de2837bdf35b9d0/element/f.2505593A71F6743E8AE774F812430ADA.d.B172455888A07D550736C66016D09D6A.e.3098/click - {}
RESULT: {}
COMMAND: GET /session/f292156acc1b273c5de2837bdf35b9d0/screenshot - {}
RESULT: {}
COMMAND: POST /session/f292156acc1b273c5de2837bdf35b9d0/elements - {"using":"xpath","value":"//span[text()='Error']"}
RESULT: {"using":"xpath","value":"//span[text()='Error']"}
COMMAND: POST /session/f292156acc1b273c5de2837bdf35b9d0/element - {"using":"xpath","value":"//button[@data-kt=\"addButton\"]"}
RESULT: {"using":"xpath","value":"//button[@data-kt=\"addButton\"]"}
COMMAND: POST /session/f292156acc1b273c5de2837bdf35b9d0/elements - {"using":"xpath","value":"//button[@data-kt=\"addButton\"]"}
RESULT: {"using":"xpath","value":"//button[@data-kt=\"addButton\"]"}
COMMAND: POST /session/f292156acc1b273c5de2837bdf35b9d0/elements - {"using":"xpath","value":"//button[@data-kt=\"addButton\"]"}
RESULT: {"using":"xpath","value":"//button[@data-kt=\"addButton\"]"}
COMMAND: POST /session/f292156acc1b273c5de2837bdf35b9d0/element - {"using":"xpath","value":"//button[@data-kt=\"addButton\"]"}
RESULT: {"using":"xpath","value":"//button[@data-kt=\"addButton\"]"}
COMMAND: POST /session/f292156acc1b273c5de2837bdf35b9d0/execute/sync - {"script":"<script> [8489 bytes]","args":[{"element-6066-11e4-a52e-4f735466cecf":"f.2505593A71F6743E8AE774F812430ADA.d.B172455888A07D550736C66016D09D6A.e.3248","ELEMENT":"f.2505593A71F6743E8AE774F812430ADA.d.B172455888A07D550736C66016D09D6A.e.3248"}]}
RESULT: {"script":"<script> [8489 bytes]","args":[{"element-6066-11e4-a52e-4f735466cecf":"f.2505593A71F6743E8AE774F812430ADA.d.B172455888A07D550736C66016D09D6A.e.3248","ELEMENT":"f.2505593A71F6743E8AE774F812430ADA.d.B172455888A07D550736C66016D09D6A.e.3248"}]}
COMMAND: GET /session/f292156acc1b273c5de2837bdf35b9d0/element/f.2505593A71F6743E8AE774F812430ADA.d.B172455888A07D550736C66016D09D6A.e.3248/enabled - {}
COMMAND: GET /session/f292156acc1b273c5de2837bdf35b9d0/screenshot - {}
RESULT: {}
COMMAND: POST /session/f292156acc1b273c5de2837bdf35b9d0/execute/sync - {"script":"<script> [8489 bytes]","args":[{"element-6066-11e4-a52e-4f735466cecf":"f.2505593A71F6743E8AE774F812430ADA.d.B172455888A07D550736C66016D09D6A.e.3248","ELEMENT":"f.2505593A71F6743E8AE774F812430ADA.d.B172455888A07D550736C66016D09D6A.e.3248"}]}
COMMAND: GET /session/f292156acc1b273c5de2837bdf35b9d0/screenshot - {}
RESULT: {}
RESULT: {"script":"<script> [8489 bytes]","args":[{"element-6066-11e4-a52e-4f735466cecf":"f.2505593A71F6743E8AE774F812430ADA.d.B172455888A07D550736C66016D09D6A.e.3248","ELEMENT":"f.2505593A71F6743E8AE774F812430ADA.d.B172455888A07D550736C66016D09D6A.e.3248"}]}
COMMAND: POST /session/f292156acc1b273c5de2837bdf35b9d0/execute/sync - {"script":"<script> [5351 bytes]","args":[{"element-6066-11e4-a52e-4f735466cecf":"f.2505593A71F6743E8AE774F812430ADA.d.B172455888A07D550736C66016D09D6A.e.3248","ELEMENT":"f.2505593A71F6743E8AE774F812430ADA.d.B172455888A07D550736C66016D09D6A.e.3248"}]}
COMMAND: GET /session/f292156acc1b273c5de2837bdf35b9d0/screenshot - {}
RESULT: {}
RESULT: {"script":"<script> [5351 bytes]","args":[{"element-6066-11e4-a52e-4f735466cecf":"f.2505593A71F6743E8AE774F812430ADA.d.B172455888A07D550736C66016D09D6A.e.3248","ELEMENT":"f.2505593A71F6743E8AE774F812430ADA.d.B172455888A07D550736C66016D09D6A.e.3248"}]}
COMMAND: POST /session/f292156acc1b273c5de2837bdf35b9d0/element/f.2505593A71F6743E8AE774F812430ADA.d.B172455888A07D550736C66016D09D6A.e.3248/click - {}
COMMAND: GET /session/f292156acc1b273c5de2837bdf35b9d0/screenshot - {}
RESULT: {}
RESULT: {}
COMMAND: GET /session/f292156acc1b273c5de2837bdf35b9d0/screenshot - {}
RESULT: {}
RESULT: {}
COMMAND: POST /session/f292156acc1b273c5de2837bdf35b9d0/execute/async - {"script":"<script> [1562 bytes]","args":[{"selector":{"id":"application-managepartners-display-component---NewPartner--addressDetailDetailsName1","interaction":{"idSuffix":"inner"}},"wdio_ui5_key":"applicationmanagepartners-display-component---NewPartner--addressDetailDetailsName1"}]}
RESULT: {"script":"<script> [1562 bytes]","args":[{"selector":{"id":"application-managepartners-display-component---NewPartner--addressDetailDetailsName1","interaction":{"idSuffix":"inner"}},"wdio_ui5_key":"applicationmanagepartners-display-component---NewPartner--addressDetailDetailsName1"}]}
RESULT: undefined
COMMAND: POST /session/f292156acc1b273c5de2837bdf35b9d0/execute/async - {"script":"<script> [776 bytes]","args":[{"enterText":"DailyPrice Partner WDIO","selector":{"id":"application-managepartners-display-component---NewPartner--addressDetailDetailsName1","interaction":{"idSuffix":"inner"}},"clearTextFirst":true,"interactionType":"ENTER_TEXT"}]}
RESULT: {"script":"<script> [776 bytes]","args":[{"enterText":"DailyPrice Partner WDIO","selector":{"id":"application-managepartners-display-component---NewPartner--addressDetailDetailsName1","interaction":{"idSuffix":"inner"}},"clearTextFirst":true,"interactionType":"ENTER_TEXT"}]}
COMMAND: POST /session/f292156acc1b273c5de2837bdf35b9d0/execute/async - {"script":"<script> [1562 bytes]","args":[{"selector":{"id":"application-managepartners-display-component---NewPartner--addressDetailDetailsLanguage-arrow"},"wdio_ui5_key":"applicationmanagepartners-display-component---NewPartner--addressDetailDetailsLanguage-arrow"}]}
RESULT: {"script":"<script> [1562 bytes]","args":[{"selector":{"id":"application-managepartners-display-component---NewPartner--addressDetailDetailsLanguage-arrow"},"wdio_ui5_key":"applicationmanagepartners-display-component---NewPartner--addressDetailDetailsLanguage-arrow"}]}
RESULT: undefined
COMMAND: POST /session/f292156acc1b273c5de2837bdf35b9d0/element - {"using":"xpath","value":"//*[@id=\"application-managepartners-display-component---NewPartner--addressDetailDetailsLanguage-arrow\"]"}
RESULT: {"using":"xpath","value":"//*[@id=\"application-managepartners-display-component---NewPartner--addressDetailDetailsLanguage-arrow\"]"}
COMMAND: POST /session/f292156acc1b273c5de2837bdf35b9d0/element/f.2505593A71F6743E8AE774F812430ADA.d.B172455888A07D550736C66016D09D6A.e.3695/click - {}
RESULT: {}
COMMAND: POST /session/f292156acc1b273c5de2837bdf35b9d0/element - {"using":"xpath","value":"//span[contains(text(), \"English\")]"}
COMMAND: GET /session/f292156acc1b273c5de2837bdf35b9d0/screenshot - {}
RESULT: {"using":"xpath","value":"//span[contains(text(), \"English\")]"}
COMMAND: POST /session/f292156acc1b273c5de2837bdf35b9d0/element/f.2505593A71F6743E8AE774F812430ADA.d.B172455888A07D550736C66016D09D6A.e.3696/click - {}
RESULT: {}
RESULT: {}
COMMAND: GET /session/f292156acc1b273c5de2837bdf35b9d0/screenshot - {}
RESULT: {}
COMMAND: POST /session/f292156acc1b273c5de2837bdf35b9d0/execute/async - {"script":"<script> [1562 bytes]","args":[{"selector":{"id":"application-managepartners-display-component---NewPartner--addressDetailDetailsCity1","interaction":{"idSuffix":"inner"}},"wdio_ui5_key":"applicationmanagepartners-display-component---NewPartner--addressDetailDetailsCity1"}]}
RESULT: {"script":"<script> [1562 bytes]","args":[{"selector":{"id":"application-managepartners-display-component---NewPartner--addressDetailDetailsCity1","interaction":{"idSuffix":"inner"}},"wdio_ui5_key":"applicationmanagepartners-display-component---NewPartner--addressDetailDetailsCity1"}]}
RESULT: undefined
COMMAND: POST /session/f292156acc1b273c5de2837bdf35b9d0/execute/async - {"script":"<script> [776 bytes]","args":[{"enterText":"Rosario","selector":{"id":"application-managepartners-display-component---NewPartner--addressDetailDetailsCity1","interaction":{"idSuffix":"inner"}},"clearTextFirst":true,"interactionType":"ENTER_TEXT"}]}
RESULT: {"script":"<script> [776 bytes]","args":[{"enterText":"Rosario","selector":{"id":"application-managepartners-display-component---NewPartner--addressDetailDetailsCity1","interaction":{"idSuffix":"inner"}},"clearTextFirst":true,"interactionType":"ENTER_TEXT"}]}
COMMAND: POST /session/f292156acc1b273c5de2837bdf35b9d0/execute/async - {"script":"<script> [1562 bytes]","args":[{"selector":{"id":"application-managepartners-display-component---NewPartner--addressDetailDetailsCountry-arrow"},"wdio_ui5_key":"applicationmanagepartners-display-component---NewPartner--addressDetailDetailsCountry-arrow"}]}
RESULT: {"script":"<script> [1562 bytes]","args":[{"selector":{"id":"application-managepartners-display-component---NewPartner--addressDetailDetailsCountry-arrow"},"wdio_ui5_key":"applicationmanagepartners-display-component---NewPartner--addressDetailDetailsCountry-arrow"}]}
RESULT: undefined
COMMAND: POST /session/f292156acc1b273c5de2837bdf35b9d0/element - {"using":"xpath","value":"//*[@id=\"application-managepartners-display-component---NewPartner--addressDetailDetailsCountry-arrow\"]"}
RESULT: {"using":"xpath","value":"//*[@id=\"application-managepartners-display-component---NewPartner--addressDetailDetailsCountry-arrow\"]"}
COMMAND: POST /session/f292156acc1b273c5de2837bdf35b9d0/element/f.2505593A71F6743E8AE774F812430ADA.d.B172455888A07D550736C66016D09D6A.e.3652/click - {}
RESULT: {}
COMMAND: POST /session/f292156acc1b273c5de2837bdf35b9d0/element - {"using":"xpath","value":"//span[contains(text(), \"Argentina\")]"}
COMMAND: GET /session/f292156acc1b273c5de2837bdf35b9d0/screenshot - {}
RESULT: {"using":"xpath","value":"//span[contains(text(), \"Argentina\")]"}
COMMAND: POST /session/f292156acc1b273c5de2837bdf35b9d0/element/f.2505593A71F6743E8AE774F812430ADA.d.B172455888A07D550736C66016D09D6A.e.3698/click - {}
RESULT: {}
RESULT: {}
COMMAND: GET /session/f292156acc1b273c5de2837bdf35b9d0/screenshot - {}
RESULT: {}
COMMAND: POST /session/f292156acc1b273c5de2837bdf35b9d0/element - {"using":"xpath","value":"//bdi[contains(text(), \"Commercial\")]"}
RESULT: {"using":"xpath","value":"//bdi[contains(text(), \"Commercial\")]"}
COMMAND: POST /session/f292156acc1b273c5de2837bdf35b9d0/element/f.2505593A71F6743E8AE774F812430ADA.d.B172455888A07D550736C66016D09D6A.e.3699/click - {}
RESULT: {}
COMMAND: GET /session/f292156acc1b273c5de2837bdf35b9d0/screenshot - {}
RESULT: {}
COMMAND: POST /session/f292156acc1b273c5de2837bdf35b9d0/execute/async - {"script":"<script> [1562 bytes]","args":[{"selector":{"id":"application-managepartners-display-component---NewPartner--partnerDetailInternal-arrow"},"wdio_ui5_key":"applicationmanagepartners-display-component---NewPartner--partnerDetailInternal-arrow"}]}
RESULT: {"script":"<script> [1562 bytes]","args":[{"selector":{"id":"application-managepartners-display-component---NewPartner--partnerDetailInternal-arrow"},"wdio_ui5_key":"applicationmanagepartners-display-component---NewPartner--partnerDetailInternal-arrow"}]}
RESULT: undefined
COMMAND: POST /session/f292156acc1b273c5de2837bdf35b9d0/element - {"using":"xpath","value":"//*[@id=\"application-managepartners-display-component---NewPartner--partnerDetailInternal-arrow\"]"}
RESULT: {"using":"xpath","value":"//*[@id=\"application-managepartners-display-component---NewPartner--partnerDetailInternal-arrow\"]"}
COMMAND: POST /session/f292156acc1b273c5de2837bdf35b9d0/element/f.2505593A71F6743E8AE774F812430ADA.d.B172455888A07D550736C66016D09D6A.e.3705/click - {}
RESULT: {}
COMMAND: POST /session/f292156acc1b273c5de2837bdf35b9d0/element - {"using":"xpath","value":"//span[contains(text(), \"Affiliated company\")]"}
COMMAND: GET /session/f292156acc1b273c5de2837bdf35b9d0/screenshot - {}
RESULT: {"using":"xpath","value":"//span[contains(text(), \"Affiliated company\")]"}
COMMAND: POST /session/f292156acc1b273c5de2837bdf35b9d0/element/f.2505593A71F6743E8AE774F812430ADA.d.B172455888A07D550736C66016D09D6A.e.3706/click - {}
RESULT: {}
RESULT: {}
COMMAND: POST /session/f292156acc1b273c5de2837bdf35b9d0/execute/async - {"script":"<script> [1562 bytes]","args":[{"selector":{"id":"application-managepartners-display-component---NewPartner--partnerDetailsCurrency-arrow"},"wdio_ui5_key":"applicationmanagepartners-display-component---NewPartner--partnerDetailsCurrency-arrow"}]}
COMMAND: GET /session/f292156acc1b273c5de2837bdf35b9d0/screenshot - {}
RESULT: {"script":"<script> [1562 bytes]","args":[{"selector":{"id":"application-managepartners-display-component---NewPartner--partnerDetailsCurrency-arrow"},"wdio_ui5_key":"applicationmanagepartners-display-component---NewPartner--partnerDetailsCurrency-arrow"}]}
RESULT: undefined
COMMAND: POST /session/f292156acc1b273c5de2837bdf35b9d0/element - {"using":"xpath","value":"//*[@id=\"application-managepartners-display-component---NewPartner--partnerDetailsCurrency-arrow\"]"}
RESULT: {}
RESULT: {"using":"xpath","value":"//*[@id=\"application-managepartners-display-component---NewPartner--partnerDetailsCurrency-arrow\"]"}
COMMAND: POST /session/f292156acc1b273c5de2837bdf35b9d0/element/f.2505593A71F6743E8AE774F812430ADA.d.B172455888A07D550736C66016D09D6A.e.3713/click - {}
RESULT: {}
COMMAND: POST /session/f292156acc1b273c5de2837bdf35b9d0/element - {"using":"xpath","value":"//span[contains(text(), \"Euro\")]"}
COMMAND: GET /session/f292156acc1b273c5de2837bdf35b9d0/screenshot - {}
RESULT: {"using":"xpath","value":"//span[contains(text(), \"Euro\")]"}
COMMAND: POST /session/f292156acc1b273c5de2837bdf35b9d0/element/f.2505593A71F6743E8AE774F812430ADA.d.B172455888A07D550736C66016D09D6A.e.3714/click - {}
RESULT: {}
RESULT: {}
COMMAND: POST /session/f292156acc1b273c5de2837bdf35b9d0/execute/async - {"script":"<script> [1562 bytes]","args":[{"selector":{"id":"application-managepartners-display-component---NewPartner--addressEditDetailsCostObjectCstType-arrow"},"wdio_ui5_key":"applicationmanagepartners-display-component---NewPartner--addressEditDetailsCostObjectCstType-arrow"}]}
COMMAND: GET /session/f292156acc1b273c5de2837bdf35b9d0/screenshot - {}
RESULT: {"script":"<script> [1562 bytes]","args":[{"selector":{"id":"application-managepartners-display-component---NewPartner--addressEditDetailsCostObjectCstType-arrow"},"wdio_ui5_key":"applicationmanagepartners-display-component---NewPartner--addressEditDetailsCostObjectCstType-arrow"}]}
RESULT: undefined
COMMAND: POST /session/f292156acc1b273c5de2837bdf35b9d0/element - {"using":"xpath","value":"//*[@id=\"application-managepartners-display-component---NewPartner--addressEditDetailsCostObjectCstType-arrow\"]"}
RESULT: {}
RESULT: {"using":"xpath","value":"//*[@id=\"application-managepartners-display-component---NewPartner--addressEditDetailsCostObjectCstType-arrow\"]"}
COMMAND: POST /session/f292156acc1b273c5de2837bdf35b9d0/element/f.2505593A71F6743E8AE774F812430ADA.d.B172455888A07D550736C66016D09D6A.e.3715/click - {}
RESULT: {}
COMMAND: POST /session/f292156acc1b273c5de2837bdf35b9d0/element - {"using":"xpath","value":"//span[contains(text(), \"Cost Center\")]"}
COMMAND: GET /session/f292156acc1b273c5de2837bdf35b9d0/screenshot - {}
RESULT: {"using":"xpath","value":"//span[contains(text(), \"Cost Center\")]"}
COMMAND: POST /session/f292156acc1b273c5de2837bdf35b9d0/element/f.2505593A71F6743E8AE774F812430ADA.d.B172455888A07D550736C66016D09D6A.e.3716/click - {}
RESULT: {}
RESULT: {}
COMMAND: GET /session/f292156acc1b273c5de2837bdf35b9d0/screenshot - {}
RESULT: {}
COMMAND: POST /session/f292156acc1b273c5de2837bdf35b9d0/element - {"using":"xpath","value":"//span[@id=\"application-managepartners-display-component---NewPartner--addressNewCostObjectCstID-vhi\"]"}
RESULT: {"using":"xpath","value":"//span[@id=\"application-managepartners-display-component---NewPartner--addressNewCostObjectCstID-vhi\"]"}
COMMAND: POST /session/f292156acc1b273c5de2837bdf35b9d0/execute/sync - {"script":"<script> [8489 bytes]","args":[{"element-6066-11e4-a52e-4f735466cecf":"f.2505593A71F6743E8AE774F812430ADA.d.B172455888A07D550736C66016D09D6A.e.3720","ELEMENT":"f.2505593A71F6743E8AE774F812430ADA.d.B172455888A07D550736C66016D09D6A.e.3720"}]}
RESULT: {"script":"<script> [8489 bytes]","args":[{"element-6066-11e4-a52e-4f735466cecf":"f.2505593A71F6743E8AE774F812430ADA.d.B172455888A07D550736C66016D09D6A.e.3720","ELEMENT":"f.2505593A71F6743E8AE774F812430ADA.d.B172455888A07D550736C66016D09D6A.e.3720"}]}
COMMAND: POST /session/f292156acc1b273c5de2837bdf35b9d0/execute/async - {"script":"<script> [1562 bytes]","args":[{"selector":{"id":"application-managepartners-display-component---NewPartner--addressNewCostObjectCstID-vhi"},"wdio_ui5_key":"applicationmanagepartners-display-component---NewPartner--addressNewCostObjectCstID-vhi"}]}
COMMAND: GET /session/f292156acc1b273c5de2837bdf35b9d0/screenshot - {}
RESULT: {"script":"<script> [1562 bytes]","args":[{"selector":{"id":"application-managepartners-display-component---NewPartner--addressNewCostObjectCstID-vhi"},"wdio_ui5_key":"applicationmanagepartners-display-component---NewPartner--addressNewCostObjectCstID-vhi"}]}
RESULT: undefined
COMMAND: POST /session/f292156acc1b273c5de2837bdf35b9d0/element - {"using":"xpath","value":"//*[@id=\"application-managepartners-display-component---NewPartner--addressNewCostObjectCstID-vhi\"]"}
RESULT: {}
RESULT: {"using":"xpath","value":"//*[@id=\"application-managepartners-display-component---NewPartner--addressNewCostObjectCstID-vhi\"]"}
COMMAND: POST /session/f292156acc1b273c5de2837bdf35b9d0/element/f.2505593A71F6743E8AE774F812430ADA.d.B172455888A07D550736C66016D09D6A.e.3720/click - {}
RESULT: {}
COMMAND: GET /session/f292156acc1b273c5de2837bdf35b9d0/screenshot - {}
RESULT: {}
COMMAND: POST /session/f292156acc1b273c5de2837bdf35b9d0/execute/async - {"script":"<script> [1562 bytes]","args":[{"selector":{"controlType":"sap.m.SearchField","properties":{"placeholder":"Search"},"searchOpenDialogs":true,"interaction":{"idSuffix":"I"}},"wdio_ui5_key":"sapm.SearchField{\"placeholder\":\"Search\"}"}]}
RESULT: {"script":"<script> [1562 bytes]","args":[{"selector":{"controlType":"sap.m.SearchField","properties":{"placeholder":"Search"},"searchOpenDialogs":true,"interaction":{"idSuffix":"I"}},"wdio_ui5_key":"sapm.SearchField{\"placeholder\":\"Search\"}"}]}
RESULT: undefined
COMMAND: POST /session/f292156acc1b273c5de2837bdf35b9d0/execute/async - {"script":"<script> [776 bytes]","args":[{"enterText":"10001013","selector":{"controlType":"sap.m.SearchField","properties":{"placeholder":"Search"},"searchOpenDialogs":true,"interaction":{"idSuffix":"I"}},"clearTextFirst":true,"interactionType":"ENTER_TEXT"}]}
RESULT: {"script":"<script> [776 bytes]","args":[{"enterText":"10001013","selector":{"controlType":"sap.m.SearchField","properties":{"placeholder":"Search"},"searchOpenDialogs":true,"interaction":{"idSuffix":"I"}},"clearTextFirst":true,"interactionType":"ENTER_TEXT"}]}
COMMAND: POST /session/f292156acc1b273c5de2837bdf35b9d0/actions - {"actions":[{"id":"action11","type":"key","parameters":{},"actions":[{"type":"keyDown","value":""},{"type":"pause","duration":10},{"type":"keyUp","value":""}]}]}
RESULT: {"actions":[{"id":"action11","type":"key","parameters":{},"actions":[{"type":"keyDown","value":""},{"type":"pause","duration":10},{"type":"keyUp","value":""}]}]}
COMMAND: GET /session/f292156acc1b273c5de2837bdf35b9d0/screenshot - {}
RESULT: {}
COMMAND: POST /session/f292156acc1b273c5de2837bdf35b9d0/element - {"using":"xpath","value":"//span[contains(text(), \"General Management\")]"}
RESULT: {"using":"xpath","value":"//span[contains(text(), \"General Management\")]"}
COMMAND: POST /session/f292156acc1b273c5de2837bdf35b9d0/element/f.2505593A71F6743E8AE774F812430ADA.d.B172455888A07D550736C66016D09D6A.e.3762/click - {}
RESULT: {}
COMMAND: GET /session/f292156acc1b273c5de2837bdf35b9d0/screenshot - {}
RESULT: {}
COMMAND: POST /session/f292156acc1b273c5de2837bdf35b9d0/element - {"using":"xpath","value":"//bdi[contains(text(), \"OK\")]"}
RESULT: {"using":"xpath","value":"//bdi[contains(text(), \"OK\")]"}
COMMAND: POST /session/f292156acc1b273c5de2837bdf35b9d0/element/f.2505593A71F6743E8AE774F812430ADA.d.B172455888A07D550736C66016D09D6A.e.3763/click - {}
RESULT: {}
COMMAND: GET /session/f292156acc1b273c5de2837bdf35b9d0/screenshot - {}
RESULT: {}
COMMAND: POST /session/f292156acc1b273c5de2837bdf35b9d0/element - {"using":"xpath","value":"//input[@id=\"application-managepartners-display-component---NewPartner--companyCodeComboBox-inner\"]"}
RESULT: {"using":"xpath","value":"//input[@id=\"application-managepartners-display-component---NewPartner--companyCodeComboBox-inner\"]"}
COMMAND: POST /session/f292156acc1b273c5de2837bdf35b9d0/element/f.2505593A71F6743E8AE774F812430ADA.d.B172455888A07D550736C66016D09D6A.e.3647/clear - {}
RESULT: {}
COMMAND: POST /session/f292156acc1b273c5de2837bdf35b9d0/element/f.2505593A71F6743E8AE774F812430ADA.d.B172455888A07D550736C66016D09D6A.e.3647/value - {"text":"C002"}
COMMAND: GET /session/f292156acc1b273c5de2837bdf35b9d0/screenshot - {}
RESULT: {"text":"C002"}
COMMAND: GET /session/f292156acc1b273c5de2837bdf35b9d0/screenshot - {}
RESULT: {}
RESULT: {}
COMMAND: POST /session/f292156acc1b273c5de2837bdf35b9d0/element - {"using":"xpath","value":"//li[.//span[text()= \"C002\"]]"}
RESULT: {"using":"xpath","value":"//li[.//span[text()= \"C002\"]]"}
COMMAND: POST /session/f292156acc1b273c5de2837bdf35b9d0/element/f.2505593A71F6743E8AE774F812430ADA.d.B172455888A07D550736C66016D09D6A.e.3769/click - {}
RESULT: {}
COMMAND: GET /session/f292156acc1b273c5de2837bdf35b9d0/screenshot - {}
RESULT: {}
COMMAND: POST /session/f292156acc1b273c5de2837bdf35b9d0/execute/async - {"script":"<script> [1562 bytes]","args":[{"selector":{"id":"application-managepartners-display-component---NewPartner--btnAddTableRow-img"},"wdio_ui5_key":"applicationmanagepartners-display-component---NewPartner--btnAddTableRow-img"}]}
RESULT: {"script":"<script> [1562 bytes]","args":[{"selector":{"id":"application-managepartners-display-component---NewPartner--btnAddTableRow-img"},"wdio_ui5_key":"applicationmanagepartners-display-component---NewPartner--btnAddTableRow-img"}]}
RESULT: undefined
COMMAND: POST /session/f292156acc1b273c5de2837bdf35b9d0/element - {"using":"xpath","value":"//*[@id=\"application-managepartners-display-component---NewPartner--btnAddTableRow-img\"]"}
RESULT: {"using":"xpath","value":"//*[@id=\"application-managepartners-display-component---NewPartner--btnAddTableRow-img\"]"}
COMMAND: POST /session/f292156acc1b273c5de2837bdf35b9d0/element/f.2505593A71F6743E8AE774F812430ADA.d.B172455888A07D550736C66016D09D6A.e.3770/click - {}
RESULT: {}
COMMAND: GET /session/f292156acc1b273c5de2837bdf35b9d0/screenshot - {}
RESULT: {}
COMMAND: POST /session/f292156acc1b273c5de2837bdf35b9d0/element - {"using":"xpath","value":"//input[@id=\"application-managepartners-display-component---NewPartner--assignmentYard-application-managepartners-display-component---NewPartner--assignmentsTable-0-inner\"]"}
RESULT: {"using":"xpath","value":"//input[@id=\"application-managepartners-display-component---NewPartner--assignmentYard-application-managepartners-display-component---NewPartner--assignmentsTable-0-inner\"]"}
COMMAND: POST /session/f292156acc1b273c5de2837bdf35b9d0/element/f.2505593A71F6743E8AE774F812430ADA.d.B172455888A07D550736C66016D09D6A.e.3773/clear - {}
RESULT: {}
COMMAND: POST /session/f292156acc1b273c5de2837bdf35b9d0/element/f.2505593A71F6743E8AE774F812430ADA.d.B172455888A07D550736C66016D09D6A.e.3773/value - {"text":"428"}
COMMAND: GET /session/f292156acc1b273c5de2837bdf35b9d0/screenshot - {}
RESULT: {"text":"428"}
COMMAND: GET /session/f292156acc1b273c5de2837bdf35b9d0/screenshot - {}
RESULT: {}
RESULT: {}
COMMAND: POST /session/f292156acc1b273c5de2837bdf35b9d0/element - {"using":"xpath","value":"//li[.//span[text()='428']]"}
RESULT: {"using":"xpath","value":"//li[.//span[text()='428']]"}
COMMAND: POST /session/f292156acc1b273c5de2837bdf35b9d0/element/f.2505593A71F6743E8AE774F812430ADA.d.B172455888A07D550736C66016D09D6A.e.3782/click - {}
RESULT: {}
COMMAND: GET /session/f292156acc1b273c5de2837bdf35b9d0/screenshot - {}
RESULT: {}
COMMAND: POST /session/f292156acc1b273c5de2837bdf35b9d0/actions - {"actions":[{"id":"action12","type":"key","parameters":{},"actions":[{"type":"keyDown","value":""},{"type":"pause","duration":10},{"type":"keyUp","value":""}]}]}
RESULT: {"actions":[{"id":"action12","type":"key","parameters":{},"actions":[{"type":"keyDown","value":""},{"type":"pause","duration":10},{"type":"keyUp","value":""}]}]}
COMMAND: POST /session/f292156acc1b273c5de2837bdf35b9d0/execute/async - {"script":"<script> [1562 bytes]","args":[{"selector":{"id":"application-managepartners-display-component---NewPartner--externalCustomerComboBox-application-managepartners-display-component---NewPartner--assignmentsTable-0-vhi"},"wdio_ui5_key":"applicationmanagepartners-display-component---NewPartner--externalCustomerComboBox-application-managepartners-display-component---NewPartner--assignmentsTable-0-vhi"}]}
COMMAND: GET /session/f292156acc1b273c5de2837bdf35b9d0/screenshot - {}
RESULT: {"script":"<script> [1562 bytes]","args":[{"selector":{"id":"application-managepartners-display-component---NewPartner--externalCustomerComboBox-application-managepartners-display-component---NewPartner--assignmentsTable-0-vhi"},"wdio_ui5_key":"applicationmanagepartners-display-component---NewPartner--externalCustomerComboBox-application-managepartners-display-component---NewPartner--assignmentsTable-0-vhi"}]}
RESULT: undefined
COMMAND: POST /session/f292156acc1b273c5de2837bdf35b9d0/element - {"using":"xpath","value":"//*[@id=\"application-managepartners-display-component---NewPartner--externalCustomerComboBox-application-managepartners-display-component---NewPartner--assignmentsTable-0-vhi\"]"}
RESULT: {}
RESULT: {"using":"xpath","value":"//*[@id=\"application-managepartners-display-component---NewPartner--externalCustomerComboBox-application-managepartners-display-component---NewPartner--assignmentsTable-0-vhi\"]"}
COMMAND: POST /session/f292156acc1b273c5de2837bdf35b9d0/element/f.2505593A71F6743E8AE774F812430ADA.d.B172455888A07D550736C66016D09D6A.e.3786/click - {}
RESULT: {}
RESULT: undefined
COMMAND: POST /session/f292156acc1b273c5de2837bdf35b9d0/execute/async - {"script":"<script> [776 bytes]","args":[{"enterText":"300003","selector":{"controlType":"sap.m.SearchField","properties":{"placeholder":"Search"},"searchOpenDialogs":true,"interaction":{"idSuffix":"I"}},"clearTextFirst":true,"interactionType":"ENTER_TEXT"}]}
COMMAND: GET /session/f292156acc1b273c5de2837bdf35b9d0/screenshot - {}
RESULT: {"script":"<script> [776 bytes]","args":[{"enterText":"300003","selector":{"controlType":"sap.m.SearchField","properties":{"placeholder":"Search"},"searchOpenDialogs":true,"interaction":{"idSuffix":"I"}},"clearTextFirst":true,"interactionType":"ENTER_TEXT"}]}
COMMAND: POST /session/f292156acc1b273c5de2837bdf35b9d0/actions - {"actions":[{"id":"action13","type":"key","parameters":{},"actions":[{"type":"keyDown","value":""},{"type":"pause","duration":10},{"type":"keyUp","value":""}]}]}
RESULT: {}
RESULT: {"actions":[{"id":"action13","type":"key","parameters":{},"actions":[{"type":"keyDown","value":""},{"type":"pause","duration":10},{"type":"keyUp","value":""}]}]}
COMMAND: GET /session/f292156acc1b273c5de2837bdf35b9d0/screenshot - {}
RESULT: {}
COMMAND: POST /session/f292156acc1b273c5de2837bdf35b9d0/element - {"using":"xpath","value":"//span[contains(text(), \"300003\")]"}
RESULT: {"using":"xpath","value":"//span[contains(text(), \"300003\")]"}
COMMAND: POST /session/f292156acc1b273c5de2837bdf35b9d0/element/f.2505593A71F6743E8AE774F812430ADA.d.B172455888A07D550736C66016D09D6A.e.3805/click - {}
RESULT: {}
COMMAND: GET /session/f292156acc1b273c5de2837bdf35b9d0/screenshot - {}
RESULT: {}
COMMAND: POST /session/f292156acc1b273c5de2837bdf35b9d0/element - {"using":"xpath","value":"//bdi[contains(text(), \"OK\")]"}
RESULT: {"using":"xpath","value":"//bdi[contains(text(), \"OK\")]"}
COMMAND: POST /session/f292156acc1b273c5de2837bdf35b9d0/element/f.2505593A71F6743E8AE774F812430ADA.d.B172455888A07D550736C66016D09D6A.e.3807/click - {}
RESULT: {}
COMMAND: GET /session/f292156acc1b273c5de2837bdf35b9d0/screenshot - {}
RESULT: {}
COMMAND: POST /session/f292156acc1b273c5de2837bdf35b9d0/execute/async - {"script":"<script> [1562 bytes]","args":[{"selector":{"id":"application-managepartners-display-component---NewPartner--intercompVendorComboBox-application-managepartners-display-component---NewPartner--assignmentsTable-0-vhi"},"wdio_ui5_key":"applicationmanagepartners-display-component---NewPartner--intercompVendorComboBox-application-managepartners-display-component---NewPartner--assignmentsTable-0-vhi"}]}
RESULT: {"script":"<script> [1562 bytes]","args":[{"selector":{"id":"application-managepartners-display-component---NewPartner--intercompVendorComboBox-application-managepartners-display-component---NewPartner--assignmentsTable-0-vhi"},"wdio_ui5_key":"applicationmanagepartners-display-component---NewPartner--intercompVendorComboBox-application-managepartners-display-component---NewPartner--assignmentsTable-0-vhi"}]}
RESULT: undefined
COMMAND: POST /session/f292156acc1b273c5de2837bdf35b9d0/element - {"using":"xpath","value":"//*[@id=\"application-managepartners-display-component---NewPartner--intercompVendorComboBox-application-managepartners-display-component---NewPartner--assignmentsTable-0-vhi\"]"}
RESULT: {"using":"xpath","value":"//*[@id=\"application-managepartners-display-component---NewPartner--intercompVendorComboBox-application-managepartners-display-component---NewPartner--assignmentsTable-0-vhi\"]"}
COMMAND: POST /session/f292156acc1b273c5de2837bdf35b9d0/element/f.2505593A71F6743E8AE774F812430ADA.d.B172455888A07D550736C66016D09D6A.e.3810/click - {}
RESULT: {}
RESULT: undefined
COMMAND: POST /session/f292156acc1b273c5de2837bdf35b9d0/execute/async - {"script":"<script> [776 bytes]","args":[{"enterText":"100005","selector":{"controlType":"sap.m.SearchField","properties":{"placeholder":"Search"},"searchOpenDialogs":true,"interaction":{"idSuffix":"I"}},"clearTextFirst":true,"interactionType":"ENTER_TEXT"}]}
COMMAND: GET /session/f292156acc1b273c5de2837bdf35b9d0/screenshot - {}
RESULT: {"script":"<script> [776 bytes]","args":[{"enterText":"100005","selector":{"controlType":"sap.m.SearchField","properties":{"placeholder":"Search"},"searchOpenDialogs":true,"interaction":{"idSuffix":"I"}},"clearTextFirst":true,"interactionType":"ENTER_TEXT"}]}
COMMAND: POST /session/f292156acc1b273c5de2837bdf35b9d0/actions - {"actions":[{"id":"action14","type":"key","parameters":{},"actions":[{"type":"keyDown","value":""},{"type":"pause","duration":10},{"type":"keyUp","value":""}]}]}
RESULT: {}
RESULT: {"actions":[{"id":"action14","type":"key","parameters":{},"actions":[{"type":"keyDown","value":""},{"type":"pause","duration":10},{"type":"keyUp","value":""}]}]}
COMMAND: GET /session/f292156acc1b273c5de2837bdf35b9d0/screenshot - {}
RESULT: {}
COMMAND: POST /session/f292156acc1b273c5de2837bdf35b9d0/element - {"using":"xpath","value":"//span[contains(text(), \"Penguins - Field/12345 Berlin\")]"}
RESULT: {"using":"xpath","value":"//span[contains(text(), \"Penguins - Field/12345 Berlin\")]"}
COMMAND: POST /session/f292156acc1b273c5de2837bdf35b9d0/element/f.2505593A71F6743E8AE774F812430ADA.d.B172455888A07D550736C66016D09D6A.e.3828/click - {}
RESULT: {}
COMMAND: GET /session/f292156acc1b273c5de2837bdf35b9d0/screenshot - {}
RESULT: {}
COMMAND: POST /session/f292156acc1b273c5de2837bdf35b9d0/element - {"using":"xpath","value":"//bdi[contains(text(), \"OK\")]"}
RESULT: {"using":"xpath","value":"//bdi[contains(text(), \"OK\")]"}
COMMAND: POST /session/f292156acc1b273c5de2837bdf35b9d0/element/f.2505593A71F6743E8AE774F812430ADA.d.B172455888A07D550736C66016D09D6A.e.3829/click - {}
RESULT: {}
COMMAND: GET /session/f292156acc1b273c5de2837bdf35b9d0/screenshot - {}
RESULT: {}
COMMAND: POST /session/f292156acc1b273c5de2837bdf35b9d0/element - {"using":"xpath","value":"//button[@data-kt=\"saveButton\"]"}
RESULT: {"using":"xpath","value":"//button[@data-kt=\"saveButton\"]"}
COMMAND: POST /session/f292156acc1b273c5de2837bdf35b9d0/element/f.2505593A71F6743E8AE774F812430ADA.d.B172455888A07D550736C66016D09D6A.e.3673/click - {}
RESULT: {}
COMMAND: GET /session/f292156acc1b273c5de2837bdf35b9d0/screenshot - {}
RESULT: {}
COMMAND: POST /session/f292156acc1b273c5de2837bdf35b9d0/element - {"using":"xpath","value":"//header[contains(@id, 'ObjectPageLayout-headerTitle')]/div[1]/div[2]/div[2]/span[1]"}
RESULT: {"using":"xpath","value":"//header[contains(@id, 'ObjectPageLayout-headerTitle')]/div[1]/div[2]/div[2]/span[1]"}
COMMAND: POST /session/f292156acc1b273c5de2837bdf35b9d0/elements - {"using":"xpath","value":"//header[contains(@id, 'ObjectPageLayout-headerTitle')]/div[1]/div[2]/div[2]/span[1]"}
RESULT: {"using":"xpath","value":"//header[contains(@id, 'ObjectPageLayout-headerTitle')]/div[1]/div[2]/div[2]/span[1]"}
COMMAND: POST /session/f292156acc1b273c5de2837bdf35b9d0/execute/sync - {"script":"<script> [56 bytes]","args":[{"element-6066-11e4-a52e-4f735466cecf":"f.2505593A71F6743E8AE774F812430ADA.d.B172455888A07D550736C66016D09D6A.e.3994","ELEMENT":"f.2505593A71F6743E8AE774F812430ADA.d.B172455888A07D550736C66016D09D6A.e.3994"}]}
RESULT: {"script":"<script> [56 bytes]","args":[{"element-6066-11e4-a52e-4f735466cecf":"f.2505593A71F6743E8AE774F812430ADA.d.B172455888A07D550736C66016D09D6A.e.3994","ELEMENT":"f.2505593A71F6743E8AE774F812430ADA.d.B172455888A07D550736C66016D09D6A.e.3994"}]}
COMMAND: POST /session/f292156acc1b273c5de2837bdf35b9d0/element - {"using":"css selector","value":"#shell-header-logo"}
COMMAND: GET /session/f292156acc1b273c5de2837bdf35b9d0/screenshot - {}
RESULT: {"using":"css selector","value":"#shell-header-logo"}
COMMAND: POST /session/f292156acc1b273c5de2837bdf35b9d0/element/f.2505593A71F6743E8AE774F812430ADA.d.B172455888A07D550736C66016D09D6A.e.3213/click - {}
RESULT: {}
RESULT: {}
COMMAND: GET /session/f292156acc1b273c5de2837bdf35b9d0/screenshot - {}
RESULT: {}
COMMAND: POST /session/f292156acc1b273c5de2837bdf35b9d0/execute/sync - {"script":"<script> [299 bytes]","args":[["getModel","getResource"]]}
RESULT: {"script":"<script> [299 bytes]","args":[["getModel","getResource"]]}
]]></system-out>
    </testcase>
    <testcase classname="chrome.136_0_7103_93.windows.Edit_and_delete_daily_price_US134629_US134627" name="Should create a new site used for following tests" time="120.005">
      <system-out><![CDATA[
COMMAND: POST /session/f292156acc1b273c5de2837bdf35b9d0/execute/async - {"script":"<script> [1562 bytes]","args":[{"selector":{"controlType":"sap.m.GenericTile","properties":{"header":"Manage Sites"}},"wdio_ui5_key":"sapm.GenericTile{\"header\":\"Manage Sites\"}"}]}
COMMAND: GET /session/f292156acc1b273c5de2837bdf35b9d0/screenshot - {}
RESULT: {"script":"<script> [1562 bytes]","args":[{"selector":{"controlType":"sap.m.GenericTile","properties":{"header":"Manage Sites"}},"wdio_ui5_key":"sapm.GenericTile{\"header\":\"Manage Sites\"}"}]}
RESULT: undefined
COMMAND: POST /session/f292156acc1b273c5de2837bdf35b9d0/element - {"using":"xpath","value":"//*[@id=\"__tile40\"]"}
RESULT: {}
RESULT: {"using":"xpath","value":"//*[@id=\"__tile40\"]"}
COMMAND: POST /session/f292156acc1b273c5de2837bdf35b9d0/element/f.2505593A71F6743E8AE774F812430ADA.d.B172455888A07D550736C66016D09D6A.e.3104/click - {}
RESULT: {}
COMMAND: GET /session/f292156acc1b273c5de2837bdf35b9d0/screenshot - {}
RESULT: {}
COMMAND: POST /session/f292156acc1b273c5de2837bdf35b9d0/elements - {"using":"xpath","value":"//span[text()='Error']"}
RESULT: {"using":"xpath","value":"//span[text()='Error']"}
COMMAND: POST /session/f292156acc1b273c5de2837bdf35b9d0/element - {"using":"xpath","value":"//button[@data-kt=\"addOverflowToolbarButton\"]"}
RESULT: {"using":"xpath","value":"//button[@data-kt=\"addOverflowToolbarButton\"]"}
COMMAND: POST /session/f292156acc1b273c5de2837bdf35b9d0/elements - {"using":"xpath","value":"//button[@data-kt=\"addOverflowToolbarButton\"]"}
RESULT: {"using":"xpath","value":"//button[@data-kt=\"addOverflowToolbarButton\"]"}
COMMAND: POST /session/f292156acc1b273c5de2837bdf35b9d0/execute/sync - {"script":"<script> [8489 bytes]","args":[{"element-6066-11e4-a52e-4f735466cecf":"f.2505593A71F6743E8AE774F812430ADA.d.B172455888A07D550736C66016D09D6A.e.4041","ELEMENT":"f.2505593A71F6743E8AE774F812430ADA.d.B172455888A07D550736C66016D09D6A.e.4041"}]}
RESULT: {"script":"<script> [8489 bytes]","args":[{"element-6066-11e4-a52e-4f735466cecf":"f.2505593A71F6743E8AE774F812430ADA.d.B172455888A07D550736C66016D09D6A.e.4041","ELEMENT":"f.2505593A71F6743E8AE774F812430ADA.d.B172455888A07D550736C66016D09D6A.e.4041"}]}
COMMAND: GET /session/f292156acc1b273c5de2837bdf35b9d0/element/f.2505593A71F6743E8AE774F812430ADA.d.B172455888A07D550736C66016D09D6A.e.4041/enabled - {}
COMMAND: GET /session/f292156acc1b273c5de2837bdf35b9d0/screenshot - {}
RESULT: {}
COMMAND: POST /session/f292156acc1b273c5de2837bdf35b9d0/execute/sync - {"script":"<script> [8489 bytes]","args":[{"element-6066-11e4-a52e-4f735466cecf":"f.2505593A71F6743E8AE774F812430ADA.d.B172455888A07D550736C66016D09D6A.e.4041","ELEMENT":"f.2505593A71F6743E8AE774F812430ADA.d.B172455888A07D550736C66016D09D6A.e.4041"}]}
COMMAND: GET /session/f292156acc1b273c5de2837bdf35b9d0/screenshot - {}
RESULT: {}
RESULT: {"script":"<script> [8489 bytes]","args":[{"element-6066-11e4-a52e-4f735466cecf":"f.2505593A71F6743E8AE774F812430ADA.d.B172455888A07D550736C66016D09D6A.e.4041","ELEMENT":"f.2505593A71F6743E8AE774F812430ADA.d.B172455888A07D550736C66016D09D6A.e.4041"}]}
COMMAND: POST /session/f292156acc1b273c5de2837bdf35b9d0/execute/sync - {"script":"<script> [5351 bytes]","args":[{"element-6066-11e4-a52e-4f735466cecf":"f.2505593A71F6743E8AE774F812430ADA.d.B172455888A07D550736C66016D09D6A.e.4041","ELEMENT":"f.2505593A71F6743E8AE774F812430ADA.d.B172455888A07D550736C66016D09D6A.e.4041"}]}
COMMAND: GET /session/f292156acc1b273c5de2837bdf35b9d0/screenshot - {}
RESULT: {}
RESULT: {"script":"<script> [5351 bytes]","args":[{"element-6066-11e4-a52e-4f735466cecf":"f.2505593A71F6743E8AE774F812430ADA.d.B172455888A07D550736C66016D09D6A.e.4041","ELEMENT":"f.2505593A71F6743E8AE774F812430ADA.d.B172455888A07D550736C66016D09D6A.e.4041"}]}
COMMAND: POST /session/f292156acc1b273c5de2837bdf35b9d0/element/f.2505593A71F6743E8AE774F812430ADA.d.B172455888A07D550736C66016D09D6A.e.4041/click - {}
COMMAND: GET /session/f292156acc1b273c5de2837bdf35b9d0/screenshot - {}
RESULT: {}
RESULT: {}
COMMAND: GET /session/f292156acc1b273c5de2837bdf35b9d0/screenshot - {}
COMMAND: POST /session/f292156acc1b273c5de2837bdf35b9d0/element - {"using":"xpath","value":"//input[@id=\"application-managesites-display-component---NewSite--siteId-inner\"]"}
RESULT: {}
RESULT: {}
RESULT: {"using":"xpath","value":"//input[@id=\"application-managesites-display-component---NewSite--siteId-inner\"]"}
COMMAND: POST /session/f292156acc1b273c5de2837bdf35b9d0/element - {"using":"xpath","value":"//input[@id=\"application-managesites-display-component---NewSite--siteId-inner\"]"}
RESULT: {"using":"xpath","value":"//input[@id=\"application-managesites-display-component---NewSite--siteId-inner\"]"}
COMMAND: POST /session/f292156acc1b273c5de2837bdf35b9d0/execute/async - {"script":"<script> [1562 bytes]","args":[{"selector":{"id":"application-managesites-display-component---NewSite--addressDetailDetailsName1","interaction":{"idSuffix":"inner"}},"wdio_ui5_key":"applicationmanagesites-display-component---NewSite--addressDetailDetailsName1"}]}
RESULT: {"script":"<script> [1562 bytes]","args":[{"selector":{"id":"application-managesites-display-component---NewSite--addressDetailDetailsName1","interaction":{"idSuffix":"inner"}},"wdio_ui5_key":"applicationmanagesites-display-component---NewSite--addressDetailDetailsName1"}]}
RESULT: undefined
COMMAND: POST /session/f292156acc1b273c5de2837bdf35b9d0/execute/async - {"script":"<script> [776 bytes]","args":[{"enterText":"DailyPrice WDIO","selector":{"id":"application-managesites-display-component---NewSite--addressDetailDetailsName1","interaction":{"idSuffix":"inner"}},"clearTextFirst":true,"interactionType":"ENTER_TEXT"}]}
RESULT: {"script":"<script> [776 bytes]","args":[{"enterText":"DailyPrice WDIO","selector":{"id":"application-managesites-display-component---NewSite--addressDetailDetailsName1","interaction":{"idSuffix":"inner"}},"clearTextFirst":true,"interactionType":"ENTER_TEXT"}]}
COMMAND: POST /session/f292156acc1b273c5de2837bdf35b9d0/execute/async - {"script":"<script> [1562 bytes]","args":[{"selector":{"id":"application-managesites-display-component---NewSite--addressDetailDetailsLanguage-arrow"},"wdio_ui5_key":"applicationmanagesites-display-component---NewSite--addressDetailDetailsLanguage-arrow"}]}
RESULT: {"script":"<script> [1562 bytes]","args":[{"selector":{"id":"application-managesites-display-component---NewSite--addressDetailDetailsLanguage-arrow"},"wdio_ui5_key":"applicationmanagesites-display-component---NewSite--addressDetailDetailsLanguage-arrow"}]}
RESULT: undefined
COMMAND: POST /session/f292156acc1b273c5de2837bdf35b9d0/element - {"using":"xpath","value":"//*[@id=\"application-managesites-display-component---NewSite--addressDetailDetailsLanguage-arrow\"]"}
RESULT: {"using":"xpath","value":"//*[@id=\"application-managesites-display-component---NewSite--addressDetailDetailsLanguage-arrow\"]"}
COMMAND: POST /session/f292156acc1b273c5de2837bdf35b9d0/element/f.2505593A71F6743E8AE774F812430ADA.d.B172455888A07D550736C66016D09D6A.e.4446/click - {}
RESULT: {}
COMMAND: POST /session/f292156acc1b273c5de2837bdf35b9d0/element - {"using":"xpath","value":"//span[contains(text(), \"English\")]"}
COMMAND: GET /session/f292156acc1b273c5de2837bdf35b9d0/screenshot - {}
RESULT: {"using":"xpath","value":"//span[contains(text(), \"English\")]"}
COMMAND: POST /session/f292156acc1b273c5de2837bdf35b9d0/element/f.2505593A71F6743E8AE774F812430ADA.d.B172455888A07D550736C66016D09D6A.e.4447/click - {}
RESULT: {}
RESULT: {}
COMMAND: POST /session/f292156acc1b273c5de2837bdf35b9d0/execute/async - {"script":"<script> [1562 bytes]","args":[{"selector":{"id":"application-managesites-display-component---NewSite--addressDetailDetailsCity1","interaction":{"idSuffix":"inner"}},"wdio_ui5_key":"applicationmanagesites-display-component---NewSite--addressDetailDetailsCity1"}]}
COMMAND: GET /session/f292156acc1b273c5de2837bdf35b9d0/screenshot - {}
RESULT: {"script":"<script> [1562 bytes]","args":[{"selector":{"id":"application-managesites-display-component---NewSite--addressDetailDetailsCity1","interaction":{"idSuffix":"inner"}},"wdio_ui5_key":"applicationmanagesites-display-component---NewSite--addressDetailDetailsCity1"}]}
RESULT: undefined
COMMAND: POST /session/f292156acc1b273c5de2837bdf35b9d0/execute/async - {"script":"<script> [776 bytes]","args":[{"enterText":"Rosario","selector":{"id":"application-managesites-display-component---NewSite--addressDetailDetailsCity1","interaction":{"idSuffix":"inner"}},"clearTextFirst":true,"interactionType":"ENTER_TEXT"}]}
RESULT: {}
RESULT: {"script":"<script> [776 bytes]","args":[{"enterText":"Rosario","selector":{"id":"application-managesites-display-component---NewSite--addressDetailDetailsCity1","interaction":{"idSuffix":"inner"}},"clearTextFirst":true,"interactionType":"ENTER_TEXT"}]}
COMMAND: POST /session/f292156acc1b273c5de2837bdf35b9d0/execute/async - {"script":"<script> [1562 bytes]","args":[{"selector":{"id":"application-managesites-display-component---NewSite--addressDetailDetailsCountry-arrow"},"wdio_ui5_key":"applicationmanagesites-display-component---NewSite--addressDetailDetailsCountry-arrow"}]}
RESULT: {"script":"<script> [1562 bytes]","args":[{"selector":{"id":"application-managesites-display-component---NewSite--addressDetailDetailsCountry-arrow"},"wdio_ui5_key":"applicationmanagesites-display-component---NewSite--addressDetailDetailsCountry-arrow"}]}
RESULT: undefined
COMMAND: POST /session/f292156acc1b273c5de2837bdf35b9d0/element - {"using":"xpath","value":"//*[@id=\"application-managesites-display-component---NewSite--addressDetailDetailsCountry-arrow\"]"}
RESULT: {"using":"xpath","value":"//*[@id=\"application-managesites-display-component---NewSite--addressDetailDetailsCountry-arrow\"]"}
COMMAND: POST /session/f292156acc1b273c5de2837bdf35b9d0/element/f.2505593A71F6743E8AE774F812430ADA.d.B172455888A07D550736C66016D09D6A.e.4449/click - {}
RESULT: {}
COMMAND: POST /session/f292156acc1b273c5de2837bdf35b9d0/element - {"using":"xpath","value":"//span[contains(text(), \"Argentina\")]"}
COMMAND: GET /session/f292156acc1b273c5de2837bdf35b9d0/screenshot - {}
RESULT: {"using":"xpath","value":"//span[contains(text(), \"Argentina\")]"}
COMMAND: POST /session/f292156acc1b273c5de2837bdf35b9d0/element/f.2505593A71F6743E8AE774F812430ADA.d.B172455888A07D550736C66016D09D6A.e.4451/click - {}
RESULT: {}
RESULT: {}
COMMAND: GET /session/f292156acc1b273c5de2837bdf35b9d0/screenshot - {}
RESULT: {}
COMMAND: POST /session/f292156acc1b273c5de2837bdf35b9d0/execute/async - {"script":"<script> [1562 bytes]","args":[{"selector":{"id":"application-managesites-display-component---NewSite--addressEditDetailsCostObjectCstType-arrow"},"wdio_ui5_key":"applicationmanagesites-display-component---NewSite--addressEditDetailsCostObjectCstType-arrow"}]}
RESULT: {"script":"<script> [1562 bytes]","args":[{"selector":{"id":"application-managesites-display-component---NewSite--addressEditDetailsCostObjectCstType-arrow"},"wdio_ui5_key":"applicationmanagesites-display-component---NewSite--addressEditDetailsCostObjectCstType-arrow"}]}
RESULT: undefined
COMMAND: POST /session/f292156acc1b273c5de2837bdf35b9d0/element - {"using":"xpath","value":"//*[@id=\"application-managesites-display-component---NewSite--addressEditDetailsCostObjectCstType-arrow\"]"}
RESULT: {"using":"xpath","value":"//*[@id=\"application-managesites-display-component---NewSite--addressEditDetailsCostObjectCstType-arrow\"]"}
COMMAND: POST /session/f292156acc1b273c5de2837bdf35b9d0/element/f.2505593A71F6743E8AE774F812430ADA.d.B172455888A07D550736C66016D09D6A.e.4452/click - {}
RESULT: {}
COMMAND: POST /session/f292156acc1b273c5de2837bdf35b9d0/element - {"using":"xpath","value":"//span[contains(text(), \"Cost Center\")]"}
COMMAND: GET /session/f292156acc1b273c5de2837bdf35b9d0/screenshot - {}
RESULT: {"using":"xpath","value":"//span[contains(text(), \"Cost Center\")]"}
COMMAND: POST /session/f292156acc1b273c5de2837bdf35b9d0/element/f.2505593A71F6743E8AE774F812430ADA.d.B172455888A07D550736C66016D09D6A.e.4453/click - {}
RESULT: {}
RESULT: {}
COMMAND: GET /session/f292156acc1b273c5de2837bdf35b9d0/screenshot - {}
RESULT: {}
COMMAND: POST /session/f292156acc1b273c5de2837bdf35b9d0/element - {"using":"xpath","value":"//span[@id=\"application-managesites-display-component---NewSite--addressNewCostObjectCstID-vhi\"]"}
RESULT: {"using":"xpath","value":"//span[@id=\"application-managesites-display-component---NewSite--addressNewCostObjectCstID-vhi\"]"}
COMMAND: POST /session/f292156acc1b273c5de2837bdf35b9d0/execute/sync - {"script":"<script> [8489 bytes]","args":[{"element-6066-11e4-a52e-4f735466cecf":"f.2505593A71F6743E8AE774F812430ADA.d.B172455888A07D550736C66016D09D6A.e.4457","ELEMENT":"f.2505593A71F6743E8AE774F812430ADA.d.B172455888A07D550736C66016D09D6A.e.4457"}]}
RESULT: {"script":"<script> [8489 bytes]","args":[{"element-6066-11e4-a52e-4f735466cecf":"f.2505593A71F6743E8AE774F812430ADA.d.B172455888A07D550736C66016D09D6A.e.4457","ELEMENT":"f.2505593A71F6743E8AE774F812430ADA.d.B172455888A07D550736C66016D09D6A.e.4457"}]}
COMMAND: POST /session/f292156acc1b273c5de2837bdf35b9d0/execute/async - {"script":"<script> [1562 bytes]","args":[{"selector":{"id":"application-managesites-display-component---NewSite--addressNewCostObjectCstID-vhi"},"wdio_ui5_key":"applicationmanagesites-display-component---NewSite--addressNewCostObjectCstID-vhi"}]}
COMMAND: GET /session/f292156acc1b273c5de2837bdf35b9d0/screenshot - {}
RESULT: {"script":"<script> [1562 bytes]","args":[{"selector":{"id":"application-managesites-display-component---NewSite--addressNewCostObjectCstID-vhi"},"wdio_ui5_key":"applicationmanagesites-display-component---NewSite--addressNewCostObjectCstID-vhi"}]}
RESULT: undefined
COMMAND: POST /session/f292156acc1b273c5de2837bdf35b9d0/element - {"using":"xpath","value":"//*[@id=\"application-managesites-display-component---NewSite--addressNewCostObjectCstID-vhi\"]"}
RESULT: {}
RESULT: {"using":"xpath","value":"//*[@id=\"application-managesites-display-component---NewSite--addressNewCostObjectCstID-vhi\"]"}
COMMAND: POST /session/f292156acc1b273c5de2837bdf35b9d0/element/f.2505593A71F6743E8AE774F812430ADA.d.B172455888A07D550736C66016D09D6A.e.4457/click - {}
RESULT: {}
COMMAND: GET /session/f292156acc1b273c5de2837bdf35b9d0/screenshot - {}
RESULT: {}
RESULT: undefined
COMMAND: POST /session/f292156acc1b273c5de2837bdf35b9d0/execute/async - {"script":"<script> [776 bytes]","args":[{"enterText":"10001013","selector":{"controlType":"sap.m.SearchField","properties":{"placeholder":"Search"},"searchOpenDialogs":true,"interaction":{"idSuffix":"I"}},"clearTextFirst":true,"interactionType":"ENTER_TEXT"}]}
RESULT: {"script":"<script> [776 bytes]","args":[{"enterText":"10001013","selector":{"controlType":"sap.m.SearchField","properties":{"placeholder":"Search"},"searchOpenDialogs":true,"interaction":{"idSuffix":"I"}},"clearTextFirst":true,"interactionType":"ENTER_TEXT"}]}
COMMAND: POST /session/f292156acc1b273c5de2837bdf35b9d0/actions - {"actions":[{"id":"action15","type":"key","parameters":{},"actions":[{"type":"keyDown","value":""},{"type":"pause","duration":10},{"type":"keyUp","value":""}]}]}
RESULT: {"actions":[{"id":"action15","type":"key","parameters":{},"actions":[{"type":"keyDown","value":""},{"type":"pause","duration":10},{"type":"keyUp","value":""}]}]}
COMMAND: GET /session/f292156acc1b273c5de2837bdf35b9d0/screenshot - {}
RESULT: {}
COMMAND: POST /session/f292156acc1b273c5de2837bdf35b9d0/element - {"using":"xpath","value":"//span[contains(text(), \"General Management\")]"}
RESULT: {"using":"xpath","value":"//span[contains(text(), \"General Management\")]"}
COMMAND: POST /session/f292156acc1b273c5de2837bdf35b9d0/element/f.2505593A71F6743E8AE774F812430ADA.d.B172455888A07D550736C66016D09D6A.e.4496/click - {}
RESULT: {}
COMMAND: GET /session/f292156acc1b273c5de2837bdf35b9d0/screenshot - {}
RESULT: {}
COMMAND: POST /session/f292156acc1b273c5de2837bdf35b9d0/element - {"using":"xpath","value":"//bdi[contains(text(), \"OK\")]"}
RESULT: {"using":"xpath","value":"//bdi[contains(text(), \"OK\")]"}
COMMAND: POST /session/f292156acc1b273c5de2837bdf35b9d0/element/f.2505593A71F6743E8AE774F812430ADA.d.B172455888A07D550736C66016D09D6A.e.4497/click - {}
RESULT: {}
COMMAND: GET /session/f292156acc1b273c5de2837bdf35b9d0/screenshot - {}
RESULT: {}
COMMAND: POST /session/f292156acc1b273c5de2837bdf35b9d0/element - {"using":"xpath","value":"//input[@id=\"application-managesites-display-component---NewSite--addressDetailDetailsCalendar-inner\"]"}
RESULT: {"using":"xpath","value":"//input[@id=\"application-managesites-display-component---NewSite--addressDetailDetailsCalendar-inner\"]"}
COMMAND: POST /session/f292156acc1b273c5de2837bdf35b9d0/element/f.2505593A71F6743E8AE774F812430ADA.d.B172455888A07D550736C66016D09D6A.e.4243/clear - {}
RESULT: {}
COMMAND: POST /session/f292156acc1b273c5de2837bdf35b9d0/element/f.2505593A71F6743E8AE774F812430ADA.d.B172455888A07D550736C66016D09D6A.e.4243/value - {"text":"Unit"}
COMMAND: GET /session/f292156acc1b273c5de2837bdf35b9d0/screenshot - {}
RESULT: {"text":"Unit"}
COMMAND: GET /session/f292156acc1b273c5de2837bdf35b9d0/screenshot - {}
RESULT: {}
RESULT: {}
COMMAND: POST /session/f292156acc1b273c5de2837bdf35b9d0/actions - {"actions":[{"id":"action16","type":"key","parameters":{},"actions":[{"type":"keyDown","value":""},{"type":"pause","duration":10},{"type":"keyUp","value":""}]}]}
RESULT: {"actions":[{"id":"action16","type":"key","parameters":{},"actions":[{"type":"keyDown","value":""},{"type":"pause","duration":10},{"type":"keyUp","value":""}]}]}
COMMAND: POST /session/f292156acc1b273c5de2837bdf35b9d0/element - {"using":"xpath","value":"//input[@id=\"application-managesites-display-component---NewSite--addressDetailDetailsYard-inner\"]"}
COMMAND: GET /session/f292156acc1b273c5de2837bdf35b9d0/screenshot - {}
RESULT: {"using":"xpath","value":"//input[@id=\"application-managesites-display-component---NewSite--addressDetailDetailsYard-inner\"]"}
COMMAND: POST /session/f292156acc1b273c5de2837bdf35b9d0/element/f.2505593A71F6743E8AE774F812430ADA.d.B172455888A07D550736C66016D09D6A.e.4244/clear - {}
RESULT: {}
RESULT: {}
COMMAND: POST /session/f292156acc1b273c5de2837bdf35b9d0/element/f.2505593A71F6743E8AE774F812430ADA.d.B172455888A07D550736C66016D09D6A.e.4244/value - {"text":"428"}
COMMAND: GET /session/f292156acc1b273c5de2837bdf35b9d0/screenshot - {}
RESULT: {"text":"428"}
COMMAND: GET /session/f292156acc1b273c5de2837bdf35b9d0/screenshot - {}
RESULT: {}
RESULT: {}
COMMAND: POST /session/f292156acc1b273c5de2837bdf35b9d0/element - {"using":"xpath","value":"//li[.//span[text()='428']]"}
RESULT: {"using":"xpath","value":"//li[.//span[text()='428']]"}
COMMAND: POST /session/f292156acc1b273c5de2837bdf35b9d0/element/f.2505593A71F6743E8AE774F812430ADA.d.B172455888A07D550736C66016D09D6A.e.4519/click - {}
RESULT: {}
COMMAND: GET /session/f292156acc1b273c5de2837bdf35b9d0/screenshot - {}
RESULT: {}
COMMAND: POST /session/f292156acc1b273c5de2837bdf35b9d0/element - {"using":"xpath","value":"//input[@id=\"application-managesites-display-component---NewSite--addressDetailDetailsPartner-inner\"]"}
RESULT: {"using":"xpath","value":"//input[@id=\"application-managesites-display-component---NewSite--addressDetailDetailsPartner-inner\"]"}
COMMAND: POST /session/f292156acc1b273c5de2837bdf35b9d0/element - {"using":"xpath","value":"//input[@id=\"application-managesites-display-component---NewSite--addressDetailDetailsPartner-inner\"]"}
RESULT: {"using":"xpath","value":"//input[@id=\"application-managesites-display-component---NewSite--addressDetailDetailsPartner-inner\"]"}
COMMAND: POST /session/f292156acc1b273c5de2837bdf35b9d0/element - {"using":"xpath","value":"//button[@data-kt=\"saveButton\"]"}
RESULT: {"using":"xpath","value":"//button[@data-kt=\"saveButton\"]"}
COMMAND: POST /session/f292156acc1b273c5de2837bdf35b9d0/element/f.2505593A71F6743E8AE774F812430ADA.d.B172455888A07D550736C66016D09D6A.e.4440/click - {}
RESULT: {}
COMMAND: GET /session/f292156acc1b273c5de2837bdf35b9d0/screenshot - {}
RESULT: {}
COMMAND: POST /session/f292156acc1b273c5de2837bdf35b9d0/element - {"using":"xpath","value":"//header[contains(@id, 'ObjectPageLayout-headerTitle')]/div[1]/div[2]/div[2]/span[1]"}
RESULT: {"using":"xpath","value":"//header[contains(@id, 'ObjectPageLayout-headerTitle')]/div[1]/div[2]/div[2]/span[1]"}
COMMAND: POST /session/f292156acc1b273c5de2837bdf35b9d0/elements - {"using":"xpath","value":"//header[contains(@id, 'ObjectPageLayout-headerTitle')]/div[1]/div[2]/div[2]/span[1]"}
RESULT: {"using":"xpath","value":"//header[contains(@id, 'ObjectPageLayout-headerTitle')]/div[1]/div[2]/div[2]/span[1]"}
COMMAND: POST /session/f292156acc1b273c5de2837bdf35b9d0/execute/sync - {"script":"<script> [56 bytes]","args":[{"element-6066-11e4-a52e-4f735466cecf":"f.2505593A71F6743E8AE774F812430ADA.d.B172455888A07D550736C66016D09D6A.e.4725","ELEMENT":"f.2505593A71F6743E8AE774F812430ADA.d.B172455888A07D550736C66016D09D6A.e.4725"}]}
RESULT: {"script":"<script> [56 bytes]","args":[{"element-6066-11e4-a52e-4f735466cecf":"f.2505593A71F6743E8AE774F812430ADA.d.B172455888A07D550736C66016D09D6A.e.4725","ELEMENT":"f.2505593A71F6743E8AE774F812430ADA.d.B172455888A07D550736C66016D09D6A.e.4725"}]}
COMMAND: POST /session/f292156acc1b273c5de2837bdf35b9d0/element - {"using":"css selector","value":"#shell-header-logo"}
COMMAND: GET /session/f292156acc1b273c5de2837bdf35b9d0/screenshot - {}
RESULT: {"using":"css selector","value":"#shell-header-logo"}
COMMAND: POST /session/f292156acc1b273c5de2837bdf35b9d0/element/f.2505593A71F6743E8AE774F812430ADA.d.B172455888A07D550736C66016D09D6A.e.3999/click - {}
RESULT: {}
RESULT: {}
COMMAND: GET /session/f292156acc1b273c5de2837bdf35b9d0/screenshot - {}
RESULT: {}
COMMAND: POST /session/f292156acc1b273c5de2837bdf35b9d0/execute/sync - {"script":"<script> [299 bytes]","args":[["getModel","getResource"]]}
RESULT: {"script":"<script> [299 bytes]","args":[["getModel","getResource"]]}
COMMAND: GET /session/f292156acc1b273c5de2837bdf35b9d0/screenshot - {}
]]></system-out>
    </testcase>
    <testcase classname="chrome.136_0_7103_93.windows.Edit_and_delete_daily_price_US134629_US134627" name="Should go to Manage Conditions Daily Price and add the 2 rows one with yard site and one with yard" time="99.402">
      <system-out><![CDATA[
COMMAND: POST /session/f292156acc1b273c5de2837bdf35b9d0/execute/async - {"script":"<script> [1562 bytes]","args":[{"selector":{"controlType":"sap.m.GenericTile","properties":{"header":"Manage Conditions & Prices"}},"wdio_ui5_key":"sapm.GenericTile{\"header\":\"Manage Conditions & Prices\"}"}]}
RESULT: {}
RESULT: {"script":"<script> [1562 bytes]","args":[{"selector":{"controlType":"sap.m.GenericTile","properties":{"header":"Manage Conditions & Prices"}},"wdio_ui5_key":"sapm.GenericTile{\"header\":\"Manage Conditions & Prices\"}"}]}
RESULT: undefined
COMMAND: POST /session/f292156acc1b273c5de2837bdf35b9d0/element - {"using":"xpath","value":"//*[@id=\"__tile53\"]"}
RESULT: {"using":"xpath","value":"//*[@id=\"__tile53\"]"}
COMMAND: POST /session/f292156acc1b273c5de2837bdf35b9d0/element/f.2505593A71F6743E8AE774F812430ADA.d.B172455888A07D550736C66016D09D6A.e.3148/click - {}
RESULT: {}
COMMAND: GET /session/f292156acc1b273c5de2837bdf35b9d0/screenshot - {}
RESULT: {}
COMMAND: POST /session/f292156acc1b273c5de2837bdf35b9d0/elements - {"using":"xpath","value":"//span[text()='Error']"}
RESULT: {"using":"xpath","value":"//span[text()='Error']"}
COMMAND: POST /session/f292156acc1b273c5de2837bdf35b9d0/element - {"using":"xpath","value":"//button[@aria-label=\"Create\"]"}
RESULT: {"using":"xpath","value":"//button[@aria-label=\"Create\"]"}
COMMAND: POST /session/f292156acc1b273c5de2837bdf35b9d0/elements - {"using":"xpath","value":"//button[@aria-label=\"Create\"]"}
RESULT: {"using":"xpath","value":"//button[@aria-label=\"Create\"]"}
COMMAND: POST /session/f292156acc1b273c5de2837bdf35b9d0/elements - {"using":"xpath","value":"//button[@aria-label=\"Create\"]"}
RESULT: {"using":"xpath","value":"//button[@aria-label=\"Create\"]"}
COMMAND: POST /session/f292156acc1b273c5de2837bdf35b9d0/elements - {"using":"xpath","value":"//button[@aria-label=\"Create\"]"}
RESULT: {"using":"xpath","value":"//button[@aria-label=\"Create\"]"}
COMMAND: POST /session/f292156acc1b273c5de2837bdf35b9d0/elements - {"using":"xpath","value":"//button[@aria-label=\"Create\"]"}
RESULT: {"using":"xpath","value":"//button[@aria-label=\"Create\"]"}
COMMAND: POST /session/f292156acc1b273c5de2837bdf35b9d0/elements - {"using":"xpath","value":"//button[@aria-label=\"Create\"]"}
RESULT: {"using":"xpath","value":"//button[@aria-label=\"Create\"]"}
COMMAND: POST /session/f292156acc1b273c5de2837bdf35b9d0/elements - {"using":"xpath","value":"//button[@aria-label=\"Create\"]"}
RESULT: {"using":"xpath","value":"//button[@aria-label=\"Create\"]"}
COMMAND: POST /session/f292156acc1b273c5de2837bdf35b9d0/elements - {"using":"xpath","value":"//button[@aria-label=\"Create\"]"}
RESULT: {"using":"xpath","value":"//button[@aria-label=\"Create\"]"}
COMMAND: POST /session/f292156acc1b273c5de2837bdf35b9d0/element - {"using":"xpath","value":"//button[@aria-label=\"Create\"]"}
RESULT: {"using":"xpath","value":"//button[@aria-label=\"Create\"]"}
COMMAND: POST /session/f292156acc1b273c5de2837bdf35b9d0/element/f.2505593A71F6743E8AE774F812430ADA.d.B172455888A07D550736C66016D09D6A.e.4757/click - {}
RESULT: {}
COMMAND: GET /session/f292156acc1b273c5de2837bdf35b9d0/screenshot - {}
RESULT: {}
COMMAND: POST /session/f292156acc1b273c5de2837bdf35b9d0/actions - {"actions":[{"id":"action17","type":"key","parameters":{},"actions":[{"type":"keyDown","value":""},{"type":"pause","duration":10},{"type":"keyUp","value":""}]}]}
RESULT: {"actions":[{"id":"action17","type":"key","parameters":{},"actions":[{"type":"keyDown","value":""},{"type":"pause","duration":10},{"type":"keyUp","value":""}]}]}
COMMAND: POST /session/f292156acc1b273c5de2837bdf35b9d0/actions - {"actions":[{"id":"action18","type":"key","parameters":{},"actions":[{"type":"keyDown","value":""},{"type":"pause","duration":10},{"type":"keyUp","value":""}]}]}
COMMAND: GET /session/f292156acc1b273c5de2837bdf35b9d0/screenshot - {}
RESULT: {"actions":[{"id":"action18","type":"key","parameters":{},"actions":[{"type":"keyDown","value":""},{"type":"pause","duration":10},{"type":"keyUp","value":""}]}]}
COMMAND: POST /session/f292156acc1b273c5de2837bdf35b9d0/execute/async - {"script":"<script> [1562 bytes]","args":[{"selector":{"controlType":"sap.m.Title","viewName":"etm.portal.ui.manageconditionprice.view.DailyPrices","viewId":"application-manageconditionprice-display-component---dailyPrices","i18NText":{"propertyName":"text","key":"dailyPrices"}},"wdio_ui5_key":"etmportal.ui.manageconditionprice.view.DailyPricessap.m.Title{\"propertyName\":\"text\",\"key\":\"dailyPrices\"}"}]}
COMMAND: GET /session/f292156acc1b273c5de2837bdf35b9d0/screenshot - {}
RESULT: {}
RESULT: {"script":"<script> [1562 bytes]","args":[{"selector":{"controlType":"sap.m.Title","viewName":"etm.portal.ui.manageconditionprice.view.DailyPrices","viewId":"application-manageconditionprice-display-component---dailyPrices","i18NText":{"propertyName":"text","key":"dailyPrices"}},"wdio_ui5_key":"etmportal.ui.manageconditionprice.view.DailyPricessap.m.Title{\"propertyName\":\"text\",\"key\":\"dailyPrices\"}"}]}
RESULT: undefined
COMMAND: POST /session/f292156acc1b273c5de2837bdf35b9d0/execute/async - {"script":"<script> [6424 bytes]","args":[{"element-6066-11e4-a52e-4f735466cecf":"f.2505593A71F6743E8AE774F812430ADA.d.B172455888A07D550736C66016D09D6A.e.5137"},"getText",[]]}
RESULT: {}
RESULT: {"script":"<script> [6424 bytes]","args":[{"element-6066-11e4-a52e-4f735466cecf":"f.2505593A71F6743E8AE774F812430ADA.d.B172455888A07D550736C66016D09D6A.e.5137"},"getText",[]]}
COMMAND: POST /session/f292156acc1b273c5de2837bdf35b9d0/execute/async - {"script":"<script> [1562 bytes]","args":[{"selector":{"id":"application-manageconditionprice-display-component---dailyPrices--condBillCond","interaction":{"idSuffix":"inner"}},"wdio_ui5_key":"applicationmanageconditionprice-display-component---dailyPrices--condBillCond"}]}
RESULT: {"script":"<script> [1562 bytes]","args":[{"selector":{"id":"application-manageconditionprice-display-component---dailyPrices--condBillCond","interaction":{"idSuffix":"inner"}},"wdio_ui5_key":"applicationmanageconditionprice-display-component---dailyPrices--condBillCond"}]}
RESULT: undefined
COMMAND: POST /session/f292156acc1b273c5de2837bdf35b9d0/execute/async - {"script":"<script> [776 bytes]","args":[{"enterText":"Residual Value %","selector":{"id":"application-manageconditionprice-display-component---dailyPrices--condBillCond","interaction":{"idSuffix":"inner"}},"clearTextFirst":true,"interactionType":"ENTER_TEXT"}]}
RESULT: {"script":"<script> [776 bytes]","args":[{"enterText":"Residual Value %","selector":{"id":"application-manageconditionprice-display-component---dailyPrices--condBillCond","interaction":{"idSuffix":"inner"}},"clearTextFirst":true,"interactionType":"ENTER_TEXT"}]}
COMMAND: POST /session/f292156acc1b273c5de2837bdf35b9d0/execute/async - {"script":"<script> [1562 bytes]","args":[{"selector":{"controlType":"sap.m.StandardListItem","viewName":"etm.portal.ui.manageconditionprice.view.DailyPrices","viewId":"application-manageconditionprice-display-component---dailyPrices","properties":{"type":"Active"},"searchOpenDialogs":true,"interaction":{"idSuffix":"titleText"}},"wdio_ui5_key":"etmportal.ui.manageconditionprice.view.DailyPricessap.m.StandardListItem{\"type\":\"Active\"}"}]}
RESULT: {"script":"<script> [1562 bytes]","args":[{"selector":{"controlType":"sap.m.StandardListItem","viewName":"etm.portal.ui.manageconditionprice.view.DailyPrices","viewId":"application-manageconditionprice-display-component---dailyPrices","properties":{"type":"Active"},"searchOpenDialogs":true,"interaction":{"idSuffix":"titleText"}},"wdio_ui5_key":"etmportal.ui.manageconditionprice.view.DailyPricessap.m.StandardListItem{\"type\":\"Active\"}"}]}
RESULT: undefined
COMMAND: POST /session/f292156acc1b273c5de2837bdf35b9d0/element - {"using":"xpath","value":"//*[@id=\"__item1244\"]"}
RESULT: {"using":"xpath","value":"//*[@id=\"__item1244\"]"}
COMMAND: POST /session/f292156acc1b273c5de2837bdf35b9d0/element/f.2505593A71F6743E8AE774F812430ADA.d.B172455888A07D550736C66016D09D6A.e.5141/click - {}
RESULT: {}
COMMAND: POST /session/f292156acc1b273c5de2837bdf35b9d0/execute/async - {"script":"<script> [1562 bytes]","args":[{"selector":{"id":"application-manageconditionprice-display-component---dailyPrices--editBtn","interaction":{"idSuffix":"BDI-content"}},"wdio_ui5_key":"applicationmanageconditionprice-display-component---dailyPrices--editBtn"}]}
COMMAND: GET /session/f292156acc1b273c5de2837bdf35b9d0/screenshot - {}
RESULT: {"script":"<script> [1562 bytes]","args":[{"selector":{"id":"application-manageconditionprice-display-component---dailyPrices--editBtn","interaction":{"idSuffix":"BDI-content"}},"wdio_ui5_key":"applicationmanageconditionprice-display-component---dailyPrices--editBtn"}]}
RESULT: undefined
COMMAND: POST /session/f292156acc1b273c5de2837bdf35b9d0/element - {"using":"xpath","value":"//*[@id=\"application-manageconditionprice-display-component---dailyPrices--editBtn\"]"}
RESULT: {}
RESULT: {"using":"xpath","value":"//*[@id=\"application-manageconditionprice-display-component---dailyPrices--editBtn\"]"}
COMMAND: POST /session/f292156acc1b273c5de2837bdf35b9d0/element/f.2505593A71F6743E8AE774F812430ADA.d.B172455888A07D550736C66016D09D6A.e.5139/click - {}
RESULT: {}
COMMAND: POST /session/f292156acc1b273c5de2837bdf35b9d0/execute/async - {"script":"<script> [1562 bytes]","args":[{"selector":{"controlType":"sap.m.Button","viewName":"etm.portal.ui.manageconditionprice.view.DailyPrices","viewId":"application-manageconditionprice-display-component---dailyPrices","i18NText":{"propertyName":"text","key":"add"},"interaction":{"idSuffix":"BDI-content"}},"wdio_ui5_key":"etmportal.ui.manageconditionprice.view.DailyPricessap.m.Button{\"propertyName\":\"text\",\"key\":\"add\"}"}]}
COMMAND: GET /session/f292156acc1b273c5de2837bdf35b9d0/screenshot - {}
RESULT: {"script":"<script> [1562 bytes]","args":[{"selector":{"controlType":"sap.m.Button","viewName":"etm.portal.ui.manageconditionprice.view.DailyPrices","viewId":"application-manageconditionprice-display-component---dailyPrices","i18NText":{"propertyName":"text","key":"add"},"interaction":{"idSuffix":"BDI-content"}},"wdio_ui5_key":"etmportal.ui.manageconditionprice.view.DailyPricessap.m.Button{\"propertyName\":\"text\",\"key\":\"add\"}"}]}
RESULT: undefined
COMMAND: POST /session/f292156acc1b273c5de2837bdf35b9d0/element - {"using":"xpath","value":"//*[@id=\"__button113\"]"}
RESULT: {}
RESULT: {"using":"xpath","value":"//*[@id=\"__button113\"]"}
COMMAND: POST /session/f292156acc1b273c5de2837bdf35b9d0/element/f.2505593A71F6743E8AE774F812430ADA.d.B172455888A07D550736C66016D09D6A.e.5149/click - {}
RESULT: {}
COMMAND: POST /session/f292156acc1b273c5de2837bdf35b9d0/elements - {"using":"css selector","value":"table tr"}
COMMAND: GET /session/f292156acc1b273c5de2837bdf35b9d0/screenshot - {}
RESULT: {"using":"css selector","value":"table tr"}
COMMAND: POST /session/f292156acc1b273c5de2837bdf35b9d0/element/f.2505593A71F6743E8AE774F812430ADA.d.B172455888A07D550736C66016D09D6A.e.5354/elements - {"using":"css selector","value":"input"}
RESULT: {}
RESULT: {"using":"css selector","value":"input"}
COMMAND: POST /session/f292156acc1b273c5de2837bdf35b9d0/element/f.2505593A71F6743E8AE774F812430ADA.d.B172455888A07D550736C66016D09D6A.e.5153/clear - {}
COMMAND: POST /session/f292156acc1b273c5de2837bdf35b9d0/element/f.2505593A71F6743E8AE774F812430ADA.d.B172455888A07D550736C66016D09D6A.e.5151/clear - {}
COMMAND: POST /session/f292156acc1b273c5de2837bdf35b9d0/element/f.2505593A71F6743E8AE774F812430ADA.d.B172455888A07D550736C66016D09D6A.e.5154/clear - {}
COMMAND: POST /session/f292156acc1b273c5de2837bdf35b9d0/element/f.2505593A71F6743E8AE774F812430ADA.d.B172455888A07D550736C66016D09D6A.e.5152/clear - {}
COMMAND: POST /session/f292156acc1b273c5de2837bdf35b9d0/element/f.2505593A71F6743E8AE774F812430ADA.d.B172455888A07D550736C66016D09D6A.e.5354/elements - {"using":"css selector","value":"td"}
RESULT: {}
COMMAND: POST /session/f292156acc1b273c5de2837bdf35b9d0/element/f.2505593A71F6743E8AE774F812430ADA.d.B172455888A07D550736C66016D09D6A.e.5153/value - {"text":"705.60"}
RESULT: {"text":"705.60"}
COMMAND: GET /session/f292156acc1b273c5de2837bdf35b9d0/screenshot - {}
COMMAND: GET /session/f292156acc1b273c5de2837bdf35b9d0/screenshot - {}
RESULT: {}
COMMAND: POST /session/f292156acc1b273c5de2837bdf35b9d0/element/f.2505593A71F6743E8AE774F812430ADA.d.B172455888A07D550736C66016D09D6A.e.5154/value - {"text":"Euro"}
RESULT: {}
COMMAND: POST /session/f292156acc1b273c5de2837bdf35b9d0/element/f.2505593A71F6743E8AE774F812430ADA.d.B172455888A07D550736C66016D09D6A.e.5151/value - {"text":"05/28/25"}
RESULT: {"text":"Euro"}
COMMAND: GET /session/f292156acc1b273c5de2837bdf35b9d0/screenshot - {}
COMMAND: GET /session/f292156acc1b273c5de2837bdf35b9d0/screenshot - {}
COMMAND: GET /session/f292156acc1b273c5de2837bdf35b9d0/screenshot - {}
RESULT: {}
RESULT: {"text":"05/28/25"}
COMMAND: GET /session/f292156acc1b273c5de2837bdf35b9d0/screenshot - {}
RESULT: {}
COMMAND: POST /session/f292156acc1b273c5de2837bdf35b9d0/element/f.2505593A71F6743E8AE774F812430ADA.d.B172455888A07D550736C66016D09D6A.e.5152/value - {"text":"10/28/25"}
COMMAND: GET /session/f292156acc1b273c5de2837bdf35b9d0/screenshot - {}
RESULT: {"using":"css selector","value":"td"}
COMMAND: POST /session/f292156acc1b273c5de2837bdf35b9d0/element - {"using":"xpath","value":".//li[contains(., \"2208\") and not(.//li)]"}
COMMAND: POST /session/f292156acc1b273c5de2837bdf35b9d0/element/f.2505593A71F6743E8AE774F812430ADA.d.B172455888A07D550736C66016D09D6A.e.5369/element - {"using":"css selector","value":"input"}
COMMAND: POST /session/f292156acc1b273c5de2837bdf35b9d0/element/f.2505593A71F6743E8AE774F812430ADA.d.B172455888A07D550736C66016D09D6A.e.5369/element - {"using":"css selector","value":"input"}
RESULT: {}
RESULT: {}
RESULT: {}
RESULT: {}
RESULT: {}
RESULT: {"text":"10/28/25"}
COMMAND: GET /session/f292156acc1b273c5de2837bdf35b9d0/screenshot - {}
RESULT: {}
RESULT: {"using":"xpath","value":".//li[contains(., \"2208\") and not(.//li)]"}
RESULT: {"using":"css selector","value":"input"}
COMMAND: POST /session/f292156acc1b273c5de2837bdf35b9d0/element/f.2505593A71F6743E8AE774F812430ADA.d.B172455888A07D550736C66016D09D6A.e.5155/click - {}
RESULT: {"using":"css selector","value":"input"}
COMMAND: POST /session/f292156acc1b273c5de2837bdf35b9d0/element/f.2505593A71F6743E8AE774F812430ADA.d.B172455888A07D550736C66016D09D6A.e.5155/clear - {}
RESULT: {}
RESULT: {}
COMMAND: GET /session/f292156acc1b273c5de2837bdf35b9d0/screenshot - {}
RESULT: {}
COMMAND: POST /session/f292156acc1b273c5de2837bdf35b9d0/element/f.2505593A71F6743E8AE774F812430ADA.d.B172455888A07D550736C66016D09D6A.e.5155/value - {"text":"2208"}
COMMAND: GET /session/f292156acc1b273c5de2837bdf35b9d0/screenshot - {}
RESULT: {}
COMMAND: POST /session/f292156acc1b273c5de2837bdf35b9d0/elements - {"using":"xpath","value":".//li[contains(., \"2208\") and not(.//li)]"}
RESULT: {"text":"2208"}
COMMAND: GET /session/f292156acc1b273c5de2837bdf35b9d0/screenshot - {}
RESULT: {}
RESULT: {"using":"xpath","value":".//li[contains(., \"2208\") and not(.//li)]"}
COMMAND: POST /session/f292156acc1b273c5de2837bdf35b9d0/element - {"using":"xpath","value":".//li[contains(., \"2208\") and not(.//li)]"}
RESULT: {}
RESULT: {"using":"xpath","value":".//li[contains(., \"2208\") and not(.//li)]"}
COMMAND: POST /session/f292156acc1b273c5de2837bdf35b9d0/element/f.2505593A71F6743E8AE774F812430ADA.d.B172455888A07D550736C66016D09D6A.e.5376/click - {}
RESULT: {}
COMMAND: POST /session/f292156acc1b273c5de2837bdf35b9d0/element/f.2505593A71F6743E8AE774F812430ADA.d.B172455888A07D550736C66016D09D6A.e.5370/element - {"using":"css selector","value":"input"}
COMMAND: GET /session/f292156acc1b273c5de2837bdf35b9d0/screenshot - {}
RESULT: {"using":"css selector","value":"input"}
COMMAND: POST /session/f292156acc1b273c5de2837bdf35b9d0/element/f.2505593A71F6743E8AE774F812430ADA.d.B172455888A07D550736C66016D09D6A.e.5156/click - {}
RESULT: {}
RESULT: {}
COMMAND: GET /session/f292156acc1b273c5de2837bdf35b9d0/screenshot - {}
RESULT: {}
COMMAND: POST /session/f292156acc1b273c5de2837bdf35b9d0/element/f.2505593A71F6743E8AE774F812430ADA.d.B172455888A07D550736C66016D09D6A.e.5370/element - {"using":"css selector","value":"input"}
RESULT: {"using":"css selector","value":"input"}
COMMAND: POST /session/f292156acc1b273c5de2837bdf35b9d0/element/f.2505593A71F6743E8AE774F812430ADA.d.B172455888A07D550736C66016D09D6A.e.5156/clear - {}
RESULT: {}
COMMAND: POST /session/f292156acc1b273c5de2837bdf35b9d0/element/f.2505593A71F6743E8AE774F812430ADA.d.B172455888A07D550736C66016D09D6A.e.5156/value - {"text":"428"}
COMMAND: GET /session/f292156acc1b273c5de2837bdf35b9d0/screenshot - {}
RESULT: {"text":"428"}
COMMAND: GET /session/f292156acc1b273c5de2837bdf35b9d0/screenshot - {}
RESULT: {}
RESULT: {}
COMMAND: POST /session/f292156acc1b273c5de2837bdf35b9d0/element - {"using":"xpath","value":".//li[contains(., \"428\") and not(.//li)]"}
RESULT: {"using":"xpath","value":".//li[contains(., \"428\") and not(.//li)]"}
COMMAND: POST /session/f292156acc1b273c5de2837bdf35b9d0/element/f.2505593A71F6743E8AE774F812430ADA.d.B172455888A07D550736C66016D09D6A.e.5377/click - {}
RESULT: {}
RESULT: undefined
COMMAND: POST /session/f292156acc1b273c5de2837bdf35b9d0/element - {"using":"xpath","value":"//*[@id=\"__button113\"]"}
COMMAND: GET /session/f292156acc1b273c5de2837bdf35b9d0/screenshot - {}
RESULT: {"using":"xpath","value":"//*[@id=\"__button113\"]"}
COMMAND: POST /session/f292156acc1b273c5de2837bdf35b9d0/element/f.2505593A71F6743E8AE774F812430ADA.d.B172455888A07D550736C66016D09D6A.e.5149/click - {}
RESULT: {}
RESULT: {}
COMMAND: POST /session/f292156acc1b273c5de2837bdf35b9d0/elements - {"using":"css selector","value":"table tr"}
COMMAND: GET /session/f292156acc1b273c5de2837bdf35b9d0/screenshot - {}
RESULT: {"using":"css selector","value":"table tr"}
COMMAND: POST /session/f292156acc1b273c5de2837bdf35b9d0/element/f.2505593A71F6743E8AE774F812430ADA.d.B172455888A07D550736C66016D09D6A.e.5379/elements - {"using":"css selector","value":"input"}
RESULT: {}
RESULT: {"using":"css selector","value":"input"}
COMMAND: POST /session/f292156acc1b273c5de2837bdf35b9d0/element/f.2505593A71F6743E8AE774F812430ADA.d.B172455888A07D550736C66016D09D6A.e.5382/clear - {}
COMMAND: POST /session/f292156acc1b273c5de2837bdf35b9d0/element/f.2505593A71F6743E8AE774F812430ADA.d.B172455888A07D550736C66016D09D6A.e.5380/clear - {}
COMMAND: POST /session/f292156acc1b273c5de2837bdf35b9d0/element/f.2505593A71F6743E8AE774F812430ADA.d.B172455888A07D550736C66016D09D6A.e.5383/clear - {}
COMMAND: POST /session/f292156acc1b273c5de2837bdf35b9d0/element/f.2505593A71F6743E8AE774F812430ADA.d.B172455888A07D550736C66016D09D6A.e.5381/clear - {}
RESULT: {}
COMMAND: POST /session/f292156acc1b273c5de2837bdf35b9d0/element/f.2505593A71F6743E8AE774F812430ADA.d.B172455888A07D550736C66016D09D6A.e.5381/value - {"text":"10/28/25"}
COMMAND: GET /session/f292156acc1b273c5de2837bdf35b9d0/screenshot - {}
RESULT: {}
COMMAND: POST /session/f292156acc1b273c5de2837bdf35b9d0/element/f.2505593A71F6743E8AE774F812430ADA.d.B172455888A07D550736C66016D09D6A.e.5383/value - {"text":"US Dollar"}
COMMAND: GET /session/f292156acc1b273c5de2837bdf35b9d0/screenshot - {}
RESULT: {}
COMMAND: POST /session/f292156acc1b273c5de2837bdf35b9d0/element/f.2505593A71F6743E8AE774F812430ADA.d.B172455888A07D550736C66016D09D6A.e.5380/value - {"text":"05/28/25"}
COMMAND: GET /session/f292156acc1b273c5de2837bdf35b9d0/screenshot - {}
RESULT: {}
COMMAND: POST /session/f292156acc1b273c5de2837bdf35b9d0/element/f.2505593A71F6743E8AE774F812430ADA.d.B172455888A07D550736C66016D09D6A.e.5382/value - {"text":"99.5"}
COMMAND: GET /session/f292156acc1b273c5de2837bdf35b9d0/screenshot - {}
RESULT: {"text":"10/28/25"}
COMMAND: GET /session/f292156acc1b273c5de2837bdf35b9d0/screenshot - {}
RESULT: {}
COMMAND: POST /session/f292156acc1b273c5de2837bdf35b9d0/element/f.2505593A71F6743E8AE774F812430ADA.d.B172455888A07D550736C66016D09D6A.e.5379/elements - {"using":"css selector","value":"td"}
RESULT: {"text":"US Dollar"}
COMMAND: GET /session/f292156acc1b273c5de2837bdf35b9d0/screenshot - {}
RESULT: {}
RESULT: {"text":"05/28/25"}
COMMAND: GET /session/f292156acc1b273c5de2837bdf35b9d0/screenshot - {}
RESULT: {}
RESULT: {"text":"99.5"}
COMMAND: GET /session/f292156acc1b273c5de2837bdf35b9d0/screenshot - {}
RESULT: {}
RESULT: {}
RESULT: {"using":"css selector","value":"td"}
COMMAND: POST /session/f292156acc1b273c5de2837bdf35b9d0/element/f.2505593A71F6743E8AE774F812430ADA.d.B172455888A07D550736C66016D09D6A.e.5401/element - {"using":"css selector","value":"input"}
RESULT: {}
RESULT: {}
RESULT: {}
RESULT: {"using":"css selector","value":"input"}
COMMAND: POST /session/f292156acc1b273c5de2837bdf35b9d0/element/f.2505593A71F6743E8AE774F812430ADA.d.B172455888A07D550736C66016D09D6A.e.5384/click - {}
RESULT: {}
COMMAND: GET /session/f292156acc1b273c5de2837bdf35b9d0/screenshot - {}
RESULT: {}
COMMAND: POST /session/f292156acc1b273c5de2837bdf35b9d0/element/f.2505593A71F6743E8AE774F812430ADA.d.B172455888A07D550736C66016D09D6A.e.5401/element - {"using":"css selector","value":"input"}
RESULT: {"using":"css selector","value":"input"}
COMMAND: POST /session/f292156acc1b273c5de2837bdf35b9d0/element/f.2505593A71F6743E8AE774F812430ADA.d.B172455888A07D550736C66016D09D6A.e.5384/clear - {}
RESULT: {}
COMMAND: POST /session/f292156acc1b273c5de2837bdf35b9d0/element/f.2505593A71F6743E8AE774F812430ADA.d.B172455888A07D550736C66016D09D6A.e.5384/value - {"text":"2208"}
COMMAND: GET /session/f292156acc1b273c5de2837bdf35b9d0/screenshot - {}
RESULT: {"text":"2208"}
COMMAND: GET /session/f292156acc1b273c5de2837bdf35b9d0/screenshot - {}
RESULT: {}
RESULT: {}
COMMAND: POST /session/f292156acc1b273c5de2837bdf35b9d0/element - {"using":"xpath","value":"(//li[div//span[contains(text(), '2208')]])[2]"}
RESULT: {"using":"xpath","value":"(//li[div//span[contains(text(), '2208')]])[2]"}
COMMAND: POST /session/f292156acc1b273c5de2837bdf35b9d0/element/f.2505593A71F6743E8AE774F812430ADA.d.B172455888A07D550736C66016D09D6A.e.5407/click - {}
RESULT: {}
COMMAND: POST /session/f292156acc1b273c5de2837bdf35b9d0/execute/async - {"script":"<script> [1562 bytes]","args":[{"selector":{"controlType":"sap.m.Button","viewName":"etm.portal.ui.manageconditionprice.view.DailyPrices","viewId":"application-manageconditionprice-display-component---dailyPrices","i18NText":{"propertyName":"tooltip","key":"save"},"interaction":{"idSuffix":"BDI-content"}},"wdio_ui5_key":"etmportal.ui.manageconditionprice.view.DailyPricessap.m.Button{\"propertyName\":\"tooltip\",\"key\":\"save\"}"}]}
COMMAND: GET /session/f292156acc1b273c5de2837bdf35b9d0/screenshot - {}
RESULT: {"script":"<script> [1562 bytes]","args":[{"selector":{"controlType":"sap.m.Button","viewName":"etm.portal.ui.manageconditionprice.view.DailyPrices","viewId":"application-manageconditionprice-display-component---dailyPrices","i18NText":{"propertyName":"tooltip","key":"save"},"interaction":{"idSuffix":"BDI-content"}},"wdio_ui5_key":"etmportal.ui.manageconditionprice.view.DailyPricessap.m.Button{\"propertyName\":\"tooltip\",\"key\":\"save\"}"}]}
RESULT: undefined
COMMAND: POST /session/f292156acc1b273c5de2837bdf35b9d0/element - {"using":"xpath","value":"//*[@id=\"__button115\"]"}
RESULT: {}
RESULT: {"using":"xpath","value":"//*[@id=\"__button115\"]"}
COMMAND: POST /session/f292156acc1b273c5de2837bdf35b9d0/element/f.2505593A71F6743E8AE774F812430ADA.d.B172455888A07D550736C66016D09D6A.e.5143/click - {}
RESULT: {}
COMMAND: GET /session/f292156acc1b273c5de2837bdf35b9d0/screenshot - {}
RESULT: {}
]]></system-out>
    </testcase>
    <testcase classname="chrome.136_0_7103_93.windows.Edit_and_delete_daily_price_US134629_US134627" name="Should check whether the 2 rows have been added then edit one of the rows s currency and value and save and check the edited values" time="13.137">
      <system-out><![CDATA[
COMMAND: POST /session/f292156acc1b273c5de2837bdf35b9d0/elements - {"using":"css selector","value":"table tr"}
RESULT: {"using":"css selector","value":"table tr"}
COMMAND: POST /session/f292156acc1b273c5de2837bdf35b9d0/element/f.2505593A71F6743E8AE774F812430ADA.d.B172455888A07D550736C66016D09D6A.e.5379/elements - {"using":"css selector","value":"td"}
RESULT: {"using":"css selector","value":"td"}
COMMAND: POST /session/f292156acc1b273c5de2837bdf35b9d0/element/f.2505593A71F6743E8AE774F812430ADA.d.B172455888A07D550736C66016D09D6A.e.5354/elements - {"using":"css selector","value":"td"}
RESULT: {"using":"css selector","value":"td"}
COMMAND: POST /session/f292156acc1b273c5de2837bdf35b9d0/element/f.2505593A71F6743E8AE774F812430ADA.d.B172455888A07D550736C66016D09D6A.e.5410/element - {"using":"css selector","value":".sapMObjectNumberText"}
RESULT: {"using":"css selector","value":".sapMObjectNumberText"}
COMMAND: GET /session/f292156acc1b273c5de2837bdf35b9d0/element/f.2505593A71F6743E8AE774F812430ADA.d.B172455888A07D550736C66016D09D6A.e.5412/text - {}
RESULT: {}
COMMAND: POST /session/f292156acc1b273c5de2837bdf35b9d0/element/f.2505593A71F6743E8AE774F812430ADA.d.B172455888A07D550736C66016D09D6A.e.5411/element - {"using":"css selector","value":".sapMObjectNumberText"}
RESULT: {"using":"css selector","value":".sapMObjectNumberText"}
COMMAND: GET /session/f292156acc1b273c5de2837bdf35b9d0/element/f.2505593A71F6743E8AE774F812430ADA.d.B172455888A07D550736C66016D09D6A.e.5413/text - {}
RESULT: {}
RESULT: undefined
COMMAND: POST /session/f292156acc1b273c5de2837bdf35b9d0/element - {"using":"xpath","value":"//*[@id=\"application-manageconditionprice-display-component---dailyPrices--editBtn\"]"}
RESULT: {"using":"xpath","value":"//*[@id=\"application-manageconditionprice-display-component---dailyPrices--editBtn\"]"}
COMMAND: POST /session/f292156acc1b273c5de2837bdf35b9d0/element/f.2505593A71F6743E8AE774F812430ADA.d.B172455888A07D550736C66016D09D6A.e.5409/click - {}
RESULT: {}
COMMAND: POST /session/f292156acc1b273c5de2837bdf35b9d0/elements - {"using":"css selector","value":"table tr"}
COMMAND: GET /session/f292156acc1b273c5de2837bdf35b9d0/screenshot - {}
RESULT: {"using":"css selector","value":"table tr"}
COMMAND: POST /session/f292156acc1b273c5de2837bdf35b9d0/element/f.2505593A71F6743E8AE774F812430ADA.d.B172455888A07D550736C66016D09D6A.e.5379/elements - {"using":"css selector","value":"input"}
RESULT: {}
RESULT: {"using":"css selector","value":"input"}
COMMAND: POST /session/f292156acc1b273c5de2837bdf35b9d0/element/f.2505593A71F6743E8AE774F812430ADA.d.B172455888A07D550736C66016D09D6A.e.5428/clear - {}
COMMAND: POST /session/f292156acc1b273c5de2837bdf35b9d0/element/f.2505593A71F6743E8AE774F812430ADA.d.B172455888A07D550736C66016D09D6A.e.5429/clear - {}
RESULT: {}
COMMAND: POST /session/f292156acc1b273c5de2837bdf35b9d0/element/f.2505593A71F6743E8AE774F812430ADA.d.B172455888A07D550736C66016D09D6A.e.5428/value - {"text":"566.1"}
COMMAND: GET /session/f292156acc1b273c5de2837bdf35b9d0/screenshot - {}
RESULT: {}
COMMAND: POST /session/f292156acc1b273c5de2837bdf35b9d0/element/f.2505593A71F6743E8AE774F812430ADA.d.B172455888A07D550736C66016D09D6A.e.5429/value - {"text":"US Dollar"}
COMMAND: GET /session/f292156acc1b273c5de2837bdf35b9d0/screenshot - {}
RESULT: {"text":"566.1"}
COMMAND: GET /session/f292156acc1b273c5de2837bdf35b9d0/screenshot - {}
RESULT: {}
RESULT: {"text":"US Dollar"}
COMMAND: GET /session/f292156acc1b273c5de2837bdf35b9d0/screenshot - {}
RESULT: undefined
COMMAND: POST /session/f292156acc1b273c5de2837bdf35b9d0/element - {"using":"xpath","value":"//*[@id=\"__button115\"]"}
RESULT: {}
RESULT: {}
RESULT: {}
RESULT: {"using":"xpath","value":"//*[@id=\"__button115\"]"}
COMMAND: POST /session/f292156acc1b273c5de2837bdf35b9d0/element/f.2505593A71F6743E8AE774F812430ADA.d.B172455888A07D550736C66016D09D6A.e.5414/click - {}
RESULT: {}
COMMAND: GET /session/f292156acc1b273c5de2837bdf35b9d0/screenshot - {}
RESULT: {}
COMMAND: POST /session/f292156acc1b273c5de2837bdf35b9d0/elements - {"using":"css selector","value":"table tr"}
RESULT: {"using":"css selector","value":"table tr"}
COMMAND: POST /session/f292156acc1b273c5de2837bdf35b9d0/element/f.2505593A71F6743E8AE774F812430ADA.d.B172455888A07D550736C66016D09D6A.e.5379/elements - {"using":"css selector","value":"td"}
RESULT: {"using":"css selector","value":"td"}
COMMAND: POST /session/f292156acc1b273c5de2837bdf35b9d0/element/f.2505593A71F6743E8AE774F812430ADA.d.B172455888A07D550736C66016D09D6A.e.5433/element - {"using":"css selector","value":".sapMObjectNumberText"}
RESULT: {"using":"css selector","value":".sapMObjectNumberText"}
COMMAND: GET /session/f292156acc1b273c5de2837bdf35b9d0/element/f.2505593A71F6743E8AE774F812430ADA.d.B172455888A07D550736C66016D09D6A.e.5435/text - {}
RESULT: {}
]]></system-out>
    </testcase>
    <testcase classname="chrome.136_0_7103_93.windows.Edit_and_delete_daily_price_US134629_US134627" name="Should go into edit and delete all the rows that match the yard we have created for this scenario check if all rows deleted" time="33.62">
      <system-out><![CDATA[
RESULT: undefined
COMMAND: POST /session/f292156acc1b273c5de2837bdf35b9d0/element - {"using":"xpath","value":"//*[@id=\"application-manageconditionprice-display-component---dailyPrices--editBtn\"]"}
RESULT: {"using":"xpath","value":"//*[@id=\"application-manageconditionprice-display-component---dailyPrices--editBtn\"]"}
COMMAND: POST /session/f292156acc1b273c5de2837bdf35b9d0/element/f.2505593A71F6743E8AE774F812430ADA.d.B172455888A07D550736C66016D09D6A.e.5432/click - {}
RESULT: {}
COMMAND: GET /session/f292156acc1b273c5de2837bdf35b9d0/screenshot - {}
RESULT: {}
COMMAND: POST /session/f292156acc1b273c5de2837bdf35b9d0/elements - {"using":"css selector","value":"table tr"}
RESULT: {"using":"css selector","value":"table tr"}
COMMAND: POST /session/f292156acc1b273c5de2837bdf35b9d0/element/f.2505593A71F6743E8AE774F812430ADA.d.B172455888A07D550736C66016D09D6A.e.5158/elements - {"using":"css selector","value":"td"}
RESULT: {"using":"css selector","value":"td"}
COMMAND: POST /session/f292156acc1b273c5de2837bdf35b9d0/element/f.2505593A71F6743E8AE774F812430ADA.d.B172455888A07D550736C66016D09D6A.e.5159/elements - {"using":"css selector","value":"td"}
RESULT: {"using":"css selector","value":"td"}
COMMAND: POST /session/f292156acc1b273c5de2837bdf35b9d0/element/f.2505593A71F6743E8AE774F812430ADA.d.B172455888A07D550736C66016D09D6A.e.5160/elements - {"using":"css selector","value":"td"}
RESULT: {"using":"css selector","value":"td"}
COMMAND: POST /session/f292156acc1b273c5de2837bdf35b9d0/element/f.2505593A71F6743E8AE774F812430ADA.d.B172455888A07D550736C66016D09D6A.e.5049/elements - {"using":"css selector","value":"td"}
RESULT: {"using":"css selector","value":"td"}
COMMAND: POST /session/f292156acc1b273c5de2837bdf35b9d0/element/f.2505593A71F6743E8AE774F812430ADA.d.B172455888A07D550736C66016D09D6A.e.5050/elements - {"using":"css selector","value":"td"}
RESULT: {"using":"css selector","value":"td"}
COMMAND: POST /session/f292156acc1b273c5de2837bdf35b9d0/element/f.2505593A71F6743E8AE774F812430ADA.d.B172455888A07D550736C66016D09D6A.e.5059/elements - {"using":"css selector","value":"td"}
RESULT: {"using":"css selector","value":"td"}
COMMAND: POST /session/f292156acc1b273c5de2837bdf35b9d0/element/f.2505593A71F6743E8AE774F812430ADA.d.B172455888A07D550736C66016D09D6A.e.5060/elements - {"using":"css selector","value":"td"}
RESULT: {"using":"css selector","value":"td"}
COMMAND: POST /session/f292156acc1b273c5de2837bdf35b9d0/element/f.2505593A71F6743E8AE774F812430ADA.d.B172455888A07D550736C66016D09D6A.e.5069/elements - {"using":"css selector","value":"td"}
RESULT: {"using":"css selector","value":"td"}
COMMAND: POST /session/f292156acc1b273c5de2837bdf35b9d0/element/f.2505593A71F6743E8AE774F812430ADA.d.B172455888A07D550736C66016D09D6A.e.5070/elements - {"using":"css selector","value":"td"}
RESULT: {"using":"css selector","value":"td"}
COMMAND: POST /session/f292156acc1b273c5de2837bdf35b9d0/element/f.2505593A71F6743E8AE774F812430ADA.d.B172455888A07D550736C66016D09D6A.e.5075/elements - {"using":"css selector","value":"td"}
RESULT: {"using":"css selector","value":"td"}
COMMAND: POST /session/f292156acc1b273c5de2837bdf35b9d0/element/f.2505593A71F6743E8AE774F812430ADA.d.B172455888A07D550736C66016D09D6A.e.5161/elements - {"using":"css selector","value":"td"}
RESULT: {"using":"css selector","value":"td"}
COMMAND: POST /session/f292156acc1b273c5de2837bdf35b9d0/element/f.2505593A71F6743E8AE774F812430ADA.d.B172455888A07D550736C66016D09D6A.e.5162/elements - {"using":"css selector","value":"td"}
RESULT: {"using":"css selector","value":"td"}
COMMAND: POST /session/f292156acc1b273c5de2837bdf35b9d0/element/f.2505593A71F6743E8AE774F812430ADA.d.B172455888A07D550736C66016D09D6A.e.5163/elements - {"using":"css selector","value":"td"}
RESULT: {"using":"css selector","value":"td"}
COMMAND: POST /session/f292156acc1b273c5de2837bdf35b9d0/element/f.2505593A71F6743E8AE774F812430ADA.d.B172455888A07D550736C66016D09D6A.e.5164/elements - {"using":"css selector","value":"td"}
RESULT: {"using":"css selector","value":"td"}
COMMAND: POST /session/f292156acc1b273c5de2837bdf35b9d0/element/f.2505593A71F6743E8AE774F812430ADA.d.B172455888A07D550736C66016D09D6A.e.5165/elements - {"using":"css selector","value":"td"}
RESULT: {"using":"css selector","value":"td"}
COMMAND: POST /session/f292156acc1b273c5de2837bdf35b9d0/element/f.2505593A71F6743E8AE774F812430ADA.d.B172455888A07D550736C66016D09D6A.e.5166/elements - {"using":"css selector","value":"td"}
RESULT: {"using":"css selector","value":"td"}
COMMAND: POST /session/f292156acc1b273c5de2837bdf35b9d0/element/f.2505593A71F6743E8AE774F812430ADA.d.B172455888A07D550736C66016D09D6A.e.5167/elements - {"using":"css selector","value":"td"}
RESULT: {"using":"css selector","value":"td"}
COMMAND: POST /session/f292156acc1b273c5de2837bdf35b9d0/element/f.2505593A71F6743E8AE774F812430ADA.d.B172455888A07D550736C66016D09D6A.e.5168/elements - {"using":"css selector","value":"td"}
RESULT: {"using":"css selector","value":"td"}
COMMAND: POST /session/f292156acc1b273c5de2837bdf35b9d0/element/f.2505593A71F6743E8AE774F812430ADA.d.B172455888A07D550736C66016D09D6A.e.5169/elements - {"using":"css selector","value":"td"}
RESULT: {"using":"css selector","value":"td"}
COMMAND: POST /session/f292156acc1b273c5de2837bdf35b9d0/element/f.2505593A71F6743E8AE774F812430ADA.d.B172455888A07D550736C66016D09D6A.e.5170/elements - {"using":"css selector","value":"td"}
RESULT: {"using":"css selector","value":"td"}
COMMAND: POST /session/f292156acc1b273c5de2837bdf35b9d0/element/f.2505593A71F6743E8AE774F812430ADA.d.B172455888A07D550736C66016D09D6A.e.5171/elements - {"using":"css selector","value":"td"}
RESULT: {"using":"css selector","value":"td"}
COMMAND: POST /session/f292156acc1b273c5de2837bdf35b9d0/element/f.2505593A71F6743E8AE774F812430ADA.d.B172455888A07D550736C66016D09D6A.e.5172/elements - {"using":"css selector","value":"td"}
RESULT: {"using":"css selector","value":"td"}
COMMAND: POST /session/f292156acc1b273c5de2837bdf35b9d0/element/f.2505593A71F6743E8AE774F812430ADA.d.B172455888A07D550736C66016D09D6A.e.5173/elements - {"using":"css selector","value":"td"}
RESULT: {"using":"css selector","value":"td"}
COMMAND: POST /session/f292156acc1b273c5de2837bdf35b9d0/element/f.2505593A71F6743E8AE774F812430ADA.d.B172455888A07D550736C66016D09D6A.e.5174/elements - {"using":"css selector","value":"td"}
RESULT: {"using":"css selector","value":"td"}
COMMAND: POST /session/f292156acc1b273c5de2837bdf35b9d0/element/f.2505593A71F6743E8AE774F812430ADA.d.B172455888A07D550736C66016D09D6A.e.5175/elements - {"using":"css selector","value":"td"}
RESULT: {"using":"css selector","value":"td"}
COMMAND: POST /session/f292156acc1b273c5de2837bdf35b9d0/element/f.2505593A71F6743E8AE774F812430ADA.d.B172455888A07D550736C66016D09D6A.e.5176/elements - {"using":"css selector","value":"td"}
RESULT: {"using":"css selector","value":"td"}
COMMAND: POST /session/f292156acc1b273c5de2837bdf35b9d0/element/f.2505593A71F6743E8AE774F812430ADA.d.B172455888A07D550736C66016D09D6A.e.5177/elements - {"using":"css selector","value":"td"}
RESULT: {"using":"css selector","value":"td"}
COMMAND: POST /session/f292156acc1b273c5de2837bdf35b9d0/element/f.2505593A71F6743E8AE774F812430ADA.d.B172455888A07D550736C66016D09D6A.e.5178/elements - {"using":"css selector","value":"td"}
RESULT: {"using":"css selector","value":"td"}
COMMAND: POST /session/f292156acc1b273c5de2837bdf35b9d0/element/f.2505593A71F6743E8AE774F812430ADA.d.B172455888A07D550736C66016D09D6A.e.5179/elements - {"using":"css selector","value":"td"}
RESULT: {"using":"css selector","value":"td"}
COMMAND: POST /session/f292156acc1b273c5de2837bdf35b9d0/element/f.2505593A71F6743E8AE774F812430ADA.d.B172455888A07D550736C66016D09D6A.e.5180/elements - {"using":"css selector","value":"td"}
RESULT: {"using":"css selector","value":"td"}
COMMAND: POST /session/f292156acc1b273c5de2837bdf35b9d0/element/f.2505593A71F6743E8AE774F812430ADA.d.B172455888A07D550736C66016D09D6A.e.5181/elements - {"using":"css selector","value":"td"}
RESULT: {"using":"css selector","value":"td"}
COMMAND: POST /session/f292156acc1b273c5de2837bdf35b9d0/element/f.2505593A71F6743E8AE774F812430ADA.d.B172455888A07D550736C66016D09D6A.e.5182/elements - {"using":"css selector","value":"td"}
RESULT: {"using":"css selector","value":"td"}
COMMAND: POST /session/f292156acc1b273c5de2837bdf35b9d0/element/f.2505593A71F6743E8AE774F812430ADA.d.B172455888A07D550736C66016D09D6A.e.5183/elements - {"using":"css selector","value":"td"}
RESULT: {"using":"css selector","value":"td"}
COMMAND: POST /session/f292156acc1b273c5de2837bdf35b9d0/element/f.2505593A71F6743E8AE774F812430ADA.d.B172455888A07D550736C66016D09D6A.e.5184/elements - {"using":"css selector","value":"td"}
RESULT: {"using":"css selector","value":"td"}
COMMAND: POST /session/f292156acc1b273c5de2837bdf35b9d0/element/f.2505593A71F6743E8AE774F812430ADA.d.B172455888A07D550736C66016D09D6A.e.5185/elements - {"using":"css selector","value":"td"}
RESULT: {"using":"css selector","value":"td"}
COMMAND: POST /session/f292156acc1b273c5de2837bdf35b9d0/element/f.2505593A71F6743E8AE774F812430ADA.d.B172455888A07D550736C66016D09D6A.e.5186/elements - {"using":"css selector","value":"td"}
RESULT: {"using":"css selector","value":"td"}
COMMAND: POST /session/f292156acc1b273c5de2837bdf35b9d0/element/f.2505593A71F6743E8AE774F812430ADA.d.B172455888A07D550736C66016D09D6A.e.5187/elements - {"using":"css selector","value":"td"}
RESULT: {"using":"css selector","value":"td"}
COMMAND: POST /session/f292156acc1b273c5de2837bdf35b9d0/element/f.2505593A71F6743E8AE774F812430ADA.d.B172455888A07D550736C66016D09D6A.e.5188/elements - {"using":"css selector","value":"td"}
RESULT: {"using":"css selector","value":"td"}
COMMAND: POST /session/f292156acc1b273c5de2837bdf35b9d0/element/f.2505593A71F6743E8AE774F812430ADA.d.B172455888A07D550736C66016D09D6A.e.5189/elements - {"using":"css selector","value":"td"}
RESULT: {"using":"css selector","value":"td"}
COMMAND: POST /session/f292156acc1b273c5de2837bdf35b9d0/element/f.2505593A71F6743E8AE774F812430ADA.d.B172455888A07D550736C66016D09D6A.e.5190/elements - {"using":"css selector","value":"td"}
RESULT: {"using":"css selector","value":"td"}
COMMAND: POST /session/f292156acc1b273c5de2837bdf35b9d0/element/f.2505593A71F6743E8AE774F812430ADA.d.B172455888A07D550736C66016D09D6A.e.5191/elements - {"using":"css selector","value":"td"}
RESULT: {"using":"css selector","value":"td"}
COMMAND: POST /session/f292156acc1b273c5de2837bdf35b9d0/element/f.2505593A71F6743E8AE774F812430ADA.d.B172455888A07D550736C66016D09D6A.e.5192/elements - {"using":"css selector","value":"td"}
RESULT: {"using":"css selector","value":"td"}
COMMAND: POST /session/f292156acc1b273c5de2837bdf35b9d0/element/f.2505593A71F6743E8AE774F812430ADA.d.B172455888A07D550736C66016D09D6A.e.5193/elements - {"using":"css selector","value":"td"}
RESULT: {"using":"css selector","value":"td"}
COMMAND: POST /session/f292156acc1b273c5de2837bdf35b9d0/element/f.2505593A71F6743E8AE774F812430ADA.d.B172455888A07D550736C66016D09D6A.e.5194/elements - {"using":"css selector","value":"td"}
RESULT: {"using":"css selector","value":"td"}
COMMAND: POST /session/f292156acc1b273c5de2837bdf35b9d0/element/f.2505593A71F6743E8AE774F812430ADA.d.B172455888A07D550736C66016D09D6A.e.5195/elements - {"using":"css selector","value":"td"}
RESULT: {"using":"css selector","value":"td"}
COMMAND: POST /session/f292156acc1b273c5de2837bdf35b9d0/element/f.2505593A71F6743E8AE774F812430ADA.d.B172455888A07D550736C66016D09D6A.e.5196/elements - {"using":"css selector","value":"td"}
RESULT: {"using":"css selector","value":"td"}
COMMAND: POST /session/f292156acc1b273c5de2837bdf35b9d0/element/f.2505593A71F6743E8AE774F812430ADA.d.B172455888A07D550736C66016D09D6A.e.5197/elements - {"using":"css selector","value":"td"}
RESULT: {"using":"css selector","value":"td"}
COMMAND: POST /session/f292156acc1b273c5de2837bdf35b9d0/element/f.2505593A71F6743E8AE774F812430ADA.d.B172455888A07D550736C66016D09D6A.e.5198/elements - {"using":"css selector","value":"td"}
RESULT: {"using":"css selector","value":"td"}
COMMAND: POST /session/f292156acc1b273c5de2837bdf35b9d0/element/f.2505593A71F6743E8AE774F812430ADA.d.B172455888A07D550736C66016D09D6A.e.5199/elements - {"using":"css selector","value":"td"}
RESULT: {"using":"css selector","value":"td"}
COMMAND: POST /session/f292156acc1b273c5de2837bdf35b9d0/element/f.2505593A71F6743E8AE774F812430ADA.d.B172455888A07D550736C66016D09D6A.e.5200/elements - {"using":"css selector","value":"td"}
RESULT: {"using":"css selector","value":"td"}
COMMAND: POST /session/f292156acc1b273c5de2837bdf35b9d0/element/f.2505593A71F6743E8AE774F812430ADA.d.B172455888A07D550736C66016D09D6A.e.5201/elements - {"using":"css selector","value":"td"}
RESULT: {"using":"css selector","value":"td"}
COMMAND: POST /session/f292156acc1b273c5de2837bdf35b9d0/element/f.2505593A71F6743E8AE774F812430ADA.d.B172455888A07D550736C66016D09D6A.e.5202/elements - {"using":"css selector","value":"td"}
RESULT: {"using":"css selector","value":"td"}
COMMAND: POST /session/f292156acc1b273c5de2837bdf35b9d0/element/f.2505593A71F6743E8AE774F812430ADA.d.B172455888A07D550736C66016D09D6A.e.5203/elements - {"using":"css selector","value":"td"}
RESULT: {"using":"css selector","value":"td"}
COMMAND: POST /session/f292156acc1b273c5de2837bdf35b9d0/element/f.2505593A71F6743E8AE774F812430ADA.d.B172455888A07D550736C66016D09D6A.e.5204/elements - {"using":"css selector","value":"td"}
RESULT: {"using":"css selector","value":"td"}
COMMAND: POST /session/f292156acc1b273c5de2837bdf35b9d0/element/f.2505593A71F6743E8AE774F812430ADA.d.B172455888A07D550736C66016D09D6A.e.5205/elements - {"using":"css selector","value":"td"}
RESULT: {"using":"css selector","value":"td"}
COMMAND: POST /session/f292156acc1b273c5de2837bdf35b9d0/element/f.2505593A71F6743E8AE774F812430ADA.d.B172455888A07D550736C66016D09D6A.e.5206/elements - {"using":"css selector","value":"td"}
RESULT: {"using":"css selector","value":"td"}
COMMAND: POST /session/f292156acc1b273c5de2837bdf35b9d0/element/f.2505593A71F6743E8AE774F812430ADA.d.B172455888A07D550736C66016D09D6A.e.5207/elements - {"using":"css selector","value":"td"}
RESULT: {"using":"css selector","value":"td"}
COMMAND: POST /session/f292156acc1b273c5de2837bdf35b9d0/element/f.2505593A71F6743E8AE774F812430ADA.d.B172455888A07D550736C66016D09D6A.e.5208/elements - {"using":"css selector","value":"td"}
RESULT: {"using":"css selector","value":"td"}
COMMAND: POST /session/f292156acc1b273c5de2837bdf35b9d0/element/f.2505593A71F6743E8AE774F812430ADA.d.B172455888A07D550736C66016D09D6A.e.5209/elements - {"using":"css selector","value":"td"}
RESULT: {"using":"css selector","value":"td"}
COMMAND: POST /session/f292156acc1b273c5de2837bdf35b9d0/element/f.2505593A71F6743E8AE774F812430ADA.d.B172455888A07D550736C66016D09D6A.e.5210/elements - {"using":"css selector","value":"td"}
RESULT: {"using":"css selector","value":"td"}
COMMAND: POST /session/f292156acc1b273c5de2837bdf35b9d0/element/f.2505593A71F6743E8AE774F812430ADA.d.B172455888A07D550736C66016D09D6A.e.5211/elements - {"using":"css selector","value":"td"}
RESULT: {"using":"css selector","value":"td"}
COMMAND: POST /session/f292156acc1b273c5de2837bdf35b9d0/element/f.2505593A71F6743E8AE774F812430ADA.d.B172455888A07D550736C66016D09D6A.e.5212/elements - {"using":"css selector","value":"td"}
RESULT: {"using":"css selector","value":"td"}
COMMAND: POST /session/f292156acc1b273c5de2837bdf35b9d0/element/f.2505593A71F6743E8AE774F812430ADA.d.B172455888A07D550736C66016D09D6A.e.5213/elements - {"using":"css selector","value":"td"}
RESULT: {"using":"css selector","value":"td"}
COMMAND: POST /session/f292156acc1b273c5de2837bdf35b9d0/element/f.2505593A71F6743E8AE774F812430ADA.d.B172455888A07D550736C66016D09D6A.e.5214/elements - {"using":"css selector","value":"td"}
RESULT: {"using":"css selector","value":"td"}
COMMAND: POST /session/f292156acc1b273c5de2837bdf35b9d0/element/f.2505593A71F6743E8AE774F812430ADA.d.B172455888A07D550736C66016D09D6A.e.5215/elements - {"using":"css selector","value":"td"}
RESULT: {"using":"css selector","value":"td"}
COMMAND: POST /session/f292156acc1b273c5de2837bdf35b9d0/element/f.2505593A71F6743E8AE774F812430ADA.d.B172455888A07D550736C66016D09D6A.e.5216/elements - {"using":"css selector","value":"td"}
RESULT: {"using":"css selector","value":"td"}
COMMAND: POST /session/f292156acc1b273c5de2837bdf35b9d0/element/f.2505593A71F6743E8AE774F812430ADA.d.B172455888A07D550736C66016D09D6A.e.5217/elements - {"using":"css selector","value":"td"}
RESULT: {"using":"css selector","value":"td"}
COMMAND: POST /session/f292156acc1b273c5de2837bdf35b9d0/element/f.2505593A71F6743E8AE774F812430ADA.d.B172455888A07D550736C66016D09D6A.e.5218/elements - {"using":"css selector","value":"td"}
RESULT: {"using":"css selector","value":"td"}
COMMAND: POST /session/f292156acc1b273c5de2837bdf35b9d0/element/f.2505593A71F6743E8AE774F812430ADA.d.B172455888A07D550736C66016D09D6A.e.5219/elements - {"using":"css selector","value":"td"}
RESULT: {"using":"css selector","value":"td"}
COMMAND: POST /session/f292156acc1b273c5de2837bdf35b9d0/element/f.2505593A71F6743E8AE774F812430ADA.d.B172455888A07D550736C66016D09D6A.e.5220/elements - {"using":"css selector","value":"td"}
RESULT: {"using":"css selector","value":"td"}
COMMAND: POST /session/f292156acc1b273c5de2837bdf35b9d0/element/f.2505593A71F6743E8AE774F812430ADA.d.B172455888A07D550736C66016D09D6A.e.5221/elements - {"using":"css selector","value":"td"}
RESULT: {"using":"css selector","value":"td"}
COMMAND: POST /session/f292156acc1b273c5de2837bdf35b9d0/element/f.2505593A71F6743E8AE774F812430ADA.d.B172455888A07D550736C66016D09D6A.e.5222/elements - {"using":"css selector","value":"td"}
RESULT: {"using":"css selector","value":"td"}
COMMAND: POST /session/f292156acc1b273c5de2837bdf35b9d0/element/f.2505593A71F6743E8AE774F812430ADA.d.B172455888A07D550736C66016D09D6A.e.5223/elements - {"using":"css selector","value":"td"}
RESULT: {"using":"css selector","value":"td"}
COMMAND: POST /session/f292156acc1b273c5de2837bdf35b9d0/element/f.2505593A71F6743E8AE774F812430ADA.d.B172455888A07D550736C66016D09D6A.e.5224/elements - {"using":"css selector","value":"td"}
RESULT: {"using":"css selector","value":"td"}
COMMAND: POST /session/f292156acc1b273c5de2837bdf35b9d0/element/f.2505593A71F6743E8AE774F812430ADA.d.B172455888A07D550736C66016D09D6A.e.5225/elements - {"using":"css selector","value":"td"}
RESULT: {"using":"css selector","value":"td"}
COMMAND: POST /session/f292156acc1b273c5de2837bdf35b9d0/element/f.2505593A71F6743E8AE774F812430ADA.d.B172455888A07D550736C66016D09D6A.e.5226/elements - {"using":"css selector","value":"td"}
RESULT: {"using":"css selector","value":"td"}
COMMAND: POST /session/f292156acc1b273c5de2837bdf35b9d0/element/f.2505593A71F6743E8AE774F812430ADA.d.B172455888A07D550736C66016D09D6A.e.5227/elements - {"using":"css selector","value":"td"}
RESULT: {"using":"css selector","value":"td"}
COMMAND: POST /session/f292156acc1b273c5de2837bdf35b9d0/element/f.2505593A71F6743E8AE774F812430ADA.d.B172455888A07D550736C66016D09D6A.e.5228/elements - {"using":"css selector","value":"td"}
RESULT: {"using":"css selector","value":"td"}
COMMAND: POST /session/f292156acc1b273c5de2837bdf35b9d0/element/f.2505593A71F6743E8AE774F812430ADA.d.B172455888A07D550736C66016D09D6A.e.5229/elements - {"using":"css selector","value":"td"}
RESULT: {"using":"css selector","value":"td"}
COMMAND: POST /session/f292156acc1b273c5de2837bdf35b9d0/element/f.2505593A71F6743E8AE774F812430ADA.d.B172455888A07D550736C66016D09D6A.e.5230/elements - {"using":"css selector","value":"td"}
RESULT: {"using":"css selector","value":"td"}
COMMAND: POST /session/f292156acc1b273c5de2837bdf35b9d0/element/f.2505593A71F6743E8AE774F812430ADA.d.B172455888A07D550736C66016D09D6A.e.5231/elements - {"using":"css selector","value":"td"}
RESULT: {"using":"css selector","value":"td"}
COMMAND: POST /session/f292156acc1b273c5de2837bdf35b9d0/element/f.2505593A71F6743E8AE774F812430ADA.d.B172455888A07D550736C66016D09D6A.e.5232/elements - {"using":"css selector","value":"td"}
RESULT: {"using":"css selector","value":"td"}
COMMAND: POST /session/f292156acc1b273c5de2837bdf35b9d0/element/f.2505593A71F6743E8AE774F812430ADA.d.B172455888A07D550736C66016D09D6A.e.5233/elements - {"using":"css selector","value":"td"}
RESULT: {"using":"css selector","value":"td"}
COMMAND: POST /session/f292156acc1b273c5de2837bdf35b9d0/element/f.2505593A71F6743E8AE774F812430ADA.d.B172455888A07D550736C66016D09D6A.e.5234/elements - {"using":"css selector","value":"td"}
RESULT: {"using":"css selector","value":"td"}
COMMAND: POST /session/f292156acc1b273c5de2837bdf35b9d0/element/f.2505593A71F6743E8AE774F812430ADA.d.B172455888A07D550736C66016D09D6A.e.5235/elements - {"using":"css selector","value":"td"}
RESULT: {"using":"css selector","value":"td"}
COMMAND: POST /session/f292156acc1b273c5de2837bdf35b9d0/element/f.2505593A71F6743E8AE774F812430ADA.d.B172455888A07D550736C66016D09D6A.e.5236/elements - {"using":"css selector","value":"td"}
RESULT: {"using":"css selector","value":"td"}
COMMAND: POST /session/f292156acc1b273c5de2837bdf35b9d0/element/f.2505593A71F6743E8AE774F812430ADA.d.B172455888A07D550736C66016D09D6A.e.5237/elements - {"using":"css selector","value":"td"}
RESULT: {"using":"css selector","value":"td"}
COMMAND: POST /session/f292156acc1b273c5de2837bdf35b9d0/element/f.2505593A71F6743E8AE774F812430ADA.d.B172455888A07D550736C66016D09D6A.e.5238/elements - {"using":"css selector","value":"td"}
RESULT: {"using":"css selector","value":"td"}
COMMAND: POST /session/f292156acc1b273c5de2837bdf35b9d0/element/f.2505593A71F6743E8AE774F812430ADA.d.B172455888A07D550736C66016D09D6A.e.5239/elements - {"using":"css selector","value":"td"}
RESULT: {"using":"css selector","value":"td"}
COMMAND: POST /session/f292156acc1b273c5de2837bdf35b9d0/element/f.2505593A71F6743E8AE774F812430ADA.d.B172455888A07D550736C66016D09D6A.e.5240/elements - {"using":"css selector","value":"td"}
RESULT: {"using":"css selector","value":"td"}
COMMAND: POST /session/f292156acc1b273c5de2837bdf35b9d0/element/f.2505593A71F6743E8AE774F812430ADA.d.B172455888A07D550736C66016D09D6A.e.5241/elements - {"using":"css selector","value":"td"}
RESULT: {"using":"css selector","value":"td"}
COMMAND: POST /session/f292156acc1b273c5de2837bdf35b9d0/element/f.2505593A71F6743E8AE774F812430ADA.d.B172455888A07D550736C66016D09D6A.e.5242/elements - {"using":"css selector","value":"td"}
RESULT: {"using":"css selector","value":"td"}
COMMAND: POST /session/f292156acc1b273c5de2837bdf35b9d0/element/f.2505593A71F6743E8AE774F812430ADA.d.B172455888A07D550736C66016D09D6A.e.5243/elements - {"using":"css selector","value":"td"}
RESULT: {"using":"css selector","value":"td"}
COMMAND: POST /session/f292156acc1b273c5de2837bdf35b9d0/element/f.2505593A71F6743E8AE774F812430ADA.d.B172455888A07D550736C66016D09D6A.e.5244/elements - {"using":"css selector","value":"td"}
RESULT: {"using":"css selector","value":"td"}
COMMAND: POST /session/f292156acc1b273c5de2837bdf35b9d0/element/f.2505593A71F6743E8AE774F812430ADA.d.B172455888A07D550736C66016D09D6A.e.5245/elements - {"using":"css selector","value":"td"}
RESULT: {"using":"css selector","value":"td"}
COMMAND: POST /session/f292156acc1b273c5de2837bdf35b9d0/element/f.2505593A71F6743E8AE774F812430ADA.d.B172455888A07D550736C66016D09D6A.e.5246/elements - {"using":"css selector","value":"td"}
RESULT: {"using":"css selector","value":"td"}
COMMAND: POST /session/f292156acc1b273c5de2837bdf35b9d0/element/f.2505593A71F6743E8AE774F812430ADA.d.B172455888A07D550736C66016D09D6A.e.5247/elements - {"using":"css selector","value":"td"}
RESULT: {"using":"css selector","value":"td"}
COMMAND: POST /session/f292156acc1b273c5de2837bdf35b9d0/element/f.2505593A71F6743E8AE774F812430ADA.d.B172455888A07D550736C66016D09D6A.e.5248/elements - {"using":"css selector","value":"td"}
RESULT: {"using":"css selector","value":"td"}
COMMAND: POST /session/f292156acc1b273c5de2837bdf35b9d0/element/f.2505593A71F6743E8AE774F812430ADA.d.B172455888A07D550736C66016D09D6A.e.5249/elements - {"using":"css selector","value":"td"}
RESULT: {"using":"css selector","value":"td"}
COMMAND: POST /session/f292156acc1b273c5de2837bdf35b9d0/element/f.2505593A71F6743E8AE774F812430ADA.d.B172455888A07D550736C66016D09D6A.e.5250/elements - {"using":"css selector","value":"td"}
RESULT: {"using":"css selector","value":"td"}
COMMAND: POST /session/f292156acc1b273c5de2837bdf35b9d0/element/f.2505593A71F6743E8AE774F812430ADA.d.B172455888A07D550736C66016D09D6A.e.5251/elements - {"using":"css selector","value":"td"}
RESULT: {"using":"css selector","value":"td"}
COMMAND: POST /session/f292156acc1b273c5de2837bdf35b9d0/element/f.2505593A71F6743E8AE774F812430ADA.d.B172455888A07D550736C66016D09D6A.e.5252/elements - {"using":"css selector","value":"td"}
RESULT: {"using":"css selector","value":"td"}
COMMAND: POST /session/f292156acc1b273c5de2837bdf35b9d0/element/f.2505593A71F6743E8AE774F812430ADA.d.B172455888A07D550736C66016D09D6A.e.5253/elements - {"using":"css selector","value":"td"}
RESULT: {"using":"css selector","value":"td"}
COMMAND: POST /session/f292156acc1b273c5de2837bdf35b9d0/element/f.2505593A71F6743E8AE774F812430ADA.d.B172455888A07D550736C66016D09D6A.e.5254/elements - {"using":"css selector","value":"td"}
RESULT: {"using":"css selector","value":"td"}
COMMAND: POST /session/f292156acc1b273c5de2837bdf35b9d0/element/f.2505593A71F6743E8AE774F812430ADA.d.B172455888A07D550736C66016D09D6A.e.5255/elements - {"using":"css selector","value":"td"}
RESULT: {"using":"css selector","value":"td"}
COMMAND: POST /session/f292156acc1b273c5de2837bdf35b9d0/element/f.2505593A71F6743E8AE774F812430ADA.d.B172455888A07D550736C66016D09D6A.e.5256/elements - {"using":"css selector","value":"td"}
RESULT: {"using":"css selector","value":"td"}
COMMAND: POST /session/f292156acc1b273c5de2837bdf35b9d0/element/f.2505593A71F6743E8AE774F812430ADA.d.B172455888A07D550736C66016D09D6A.e.5257/elements - {"using":"css selector","value":"td"}
RESULT: {"using":"css selector","value":"td"}
COMMAND: POST /session/f292156acc1b273c5de2837bdf35b9d0/element/f.2505593A71F6743E8AE774F812430ADA.d.B172455888A07D550736C66016D09D6A.e.5258/elements - {"using":"css selector","value":"td"}
RESULT: {"using":"css selector","value":"td"}
COMMAND: POST /session/f292156acc1b273c5de2837bdf35b9d0/element/f.2505593A71F6743E8AE774F812430ADA.d.B172455888A07D550736C66016D09D6A.e.5259/elements - {"using":"css selector","value":"td"}
RESULT: {"using":"css selector","value":"td"}
COMMAND: POST /session/f292156acc1b273c5de2837bdf35b9d0/element/f.2505593A71F6743E8AE774F812430ADA.d.B172455888A07D550736C66016D09D6A.e.5260/elements - {"using":"css selector","value":"td"}
RESULT: {"using":"css selector","value":"td"}
COMMAND: POST /session/f292156acc1b273c5de2837bdf35b9d0/element/f.2505593A71F6743E8AE774F812430ADA.d.B172455888A07D550736C66016D09D6A.e.5261/elements - {"using":"css selector","value":"td"}
RESULT: {"using":"css selector","value":"td"}
COMMAND: POST /session/f292156acc1b273c5de2837bdf35b9d0/element/f.2505593A71F6743E8AE774F812430ADA.d.B172455888A07D550736C66016D09D6A.e.5262/elements - {"using":"css selector","value":"td"}
RESULT: {"using":"css selector","value":"td"}
COMMAND: POST /session/f292156acc1b273c5de2837bdf35b9d0/element/f.2505593A71F6743E8AE774F812430ADA.d.B172455888A07D550736C66016D09D6A.e.5263/elements - {"using":"css selector","value":"td"}
RESULT: {"using":"css selector","value":"td"}
COMMAND: POST /session/f292156acc1b273c5de2837bdf35b9d0/element/f.2505593A71F6743E8AE774F812430ADA.d.B172455888A07D550736C66016D09D6A.e.5264/elements - {"using":"css selector","value":"td"}
RESULT: {"using":"css selector","value":"td"}
COMMAND: POST /session/f292156acc1b273c5de2837bdf35b9d0/element/f.2505593A71F6743E8AE774F812430ADA.d.B172455888A07D550736C66016D09D6A.e.5265/elements - {"using":"css selector","value":"td"}
RESULT: {"using":"css selector","value":"td"}
COMMAND: POST /session/f292156acc1b273c5de2837bdf35b9d0/element/f.2505593A71F6743E8AE774F812430ADA.d.B172455888A07D550736C66016D09D6A.e.5266/elements - {"using":"css selector","value":"td"}
RESULT: {"using":"css selector","value":"td"}
COMMAND: POST /session/f292156acc1b273c5de2837bdf35b9d0/element/f.2505593A71F6743E8AE774F812430ADA.d.B172455888A07D550736C66016D09D6A.e.5267/elements - {"using":"css selector","value":"td"}
RESULT: {"using":"css selector","value":"td"}
COMMAND: POST /session/f292156acc1b273c5de2837bdf35b9d0/element/f.2505593A71F6743E8AE774F812430ADA.d.B172455888A07D550736C66016D09D6A.e.5268/elements - {"using":"css selector","value":"td"}
RESULT: {"using":"css selector","value":"td"}
COMMAND: POST /session/f292156acc1b273c5de2837bdf35b9d0/element/f.2505593A71F6743E8AE774F812430ADA.d.B172455888A07D550736C66016D09D6A.e.5269/elements - {"using":"css selector","value":"td"}
RESULT: {"using":"css selector","value":"td"}
COMMAND: POST /session/f292156acc1b273c5de2837bdf35b9d0/element/f.2505593A71F6743E8AE774F812430ADA.d.B172455888A07D550736C66016D09D6A.e.5270/elements - {"using":"css selector","value":"td"}
RESULT: {"using":"css selector","value":"td"}
COMMAND: POST /session/f292156acc1b273c5de2837bdf35b9d0/element/f.2505593A71F6743E8AE774F812430ADA.d.B172455888A07D550736C66016D09D6A.e.5271/elements - {"using":"css selector","value":"td"}
RESULT: {"using":"css selector","value":"td"}
COMMAND: POST /session/f292156acc1b273c5de2837bdf35b9d0/element/f.2505593A71F6743E8AE774F812430ADA.d.B172455888A07D550736C66016D09D6A.e.5272/elements - {"using":"css selector","value":"td"}
RESULT: {"using":"css selector","value":"td"}
COMMAND: POST /session/f292156acc1b273c5de2837bdf35b9d0/element/f.2505593A71F6743E8AE774F812430ADA.d.B172455888A07D550736C66016D09D6A.e.5273/elements - {"using":"css selector","value":"td"}
RESULT: {"using":"css selector","value":"td"}
COMMAND: POST /session/f292156acc1b273c5de2837bdf35b9d0/element/f.2505593A71F6743E8AE774F812430ADA.d.B172455888A07D550736C66016D09D6A.e.5274/elements - {"using":"css selector","value":"td"}
RESULT: {"using":"css selector","value":"td"}
COMMAND: POST /session/f292156acc1b273c5de2837bdf35b9d0/element/f.2505593A71F6743E8AE774F812430ADA.d.B172455888A07D550736C66016D09D6A.e.5275/elements - {"using":"css selector","value":"td"}
RESULT: {"using":"css selector","value":"td"}
COMMAND: POST /session/f292156acc1b273c5de2837bdf35b9d0/element/f.2505593A71F6743E8AE774F812430ADA.d.B172455888A07D550736C66016D09D6A.e.5276/elements - {"using":"css selector","value":"td"}
RESULT: {"using":"css selector","value":"td"}
COMMAND: POST /session/f292156acc1b273c5de2837bdf35b9d0/element/f.2505593A71F6743E8AE774F812430ADA.d.B172455888A07D550736C66016D09D6A.e.5277/elements - {"using":"css selector","value":"td"}
RESULT: {"using":"css selector","value":"td"}
COMMAND: POST /session/f292156acc1b273c5de2837bdf35b9d0/element/f.2505593A71F6743E8AE774F812430ADA.d.B172455888A07D550736C66016D09D6A.e.5278/elements - {"using":"css selector","value":"td"}
RESULT: {"using":"css selector","value":"td"}
COMMAND: POST /session/f292156acc1b273c5de2837bdf35b9d0/element/f.2505593A71F6743E8AE774F812430ADA.d.B172455888A07D550736C66016D09D6A.e.5279/elements - {"using":"css selector","value":"td"}
RESULT: {"using":"css selector","value":"td"}
COMMAND: POST /session/f292156acc1b273c5de2837bdf35b9d0/element/f.2505593A71F6743E8AE774F812430ADA.d.B172455888A07D550736C66016D09D6A.e.5280/elements - {"using":"css selector","value":"td"}
RESULT: {"using":"css selector","value":"td"}
COMMAND: POST /session/f292156acc1b273c5de2837bdf35b9d0/element/f.2505593A71F6743E8AE774F812430ADA.d.B172455888A07D550736C66016D09D6A.e.5281/elements - {"using":"css selector","value":"td"}
RESULT: {"using":"css selector","value":"td"}
COMMAND: POST /session/f292156acc1b273c5de2837bdf35b9d0/element/f.2505593A71F6743E8AE774F812430ADA.d.B172455888A07D550736C66016D09D6A.e.5282/elements - {"using":"css selector","value":"td"}
RESULT: {"using":"css selector","value":"td"}
COMMAND: POST /session/f292156acc1b273c5de2837bdf35b9d0/element/f.2505593A71F6743E8AE774F812430ADA.d.B172455888A07D550736C66016D09D6A.e.5283/elements - {"using":"css selector","value":"td"}
RESULT: {"using":"css selector","value":"td"}
COMMAND: POST /session/f292156acc1b273c5de2837bdf35b9d0/element/f.2505593A71F6743E8AE774F812430ADA.d.B172455888A07D550736C66016D09D6A.e.5284/elements - {"using":"css selector","value":"td"}
RESULT: {"using":"css selector","value":"td"}
COMMAND: POST /session/f292156acc1b273c5de2837bdf35b9d0/element/f.2505593A71F6743E8AE774F812430ADA.d.B172455888A07D550736C66016D09D6A.e.5285/elements - {"using":"css selector","value":"td"}
RESULT: {"using":"css selector","value":"td"}
COMMAND: POST /session/f292156acc1b273c5de2837bdf35b9d0/element/f.2505593A71F6743E8AE774F812430ADA.d.B172455888A07D550736C66016D09D6A.e.5286/elements - {"using":"css selector","value":"td"}
RESULT: {"using":"css selector","value":"td"}
COMMAND: POST /session/f292156acc1b273c5de2837bdf35b9d0/element/f.2505593A71F6743E8AE774F812430ADA.d.B172455888A07D550736C66016D09D6A.e.5287/elements - {"using":"css selector","value":"td"}
RESULT: {"using":"css selector","value":"td"}
COMMAND: POST /session/f292156acc1b273c5de2837bdf35b9d0/element/f.2505593A71F6743E8AE774F812430ADA.d.B172455888A07D550736C66016D09D6A.e.5288/elements - {"using":"css selector","value":"td"}
RESULT: {"using":"css selector","value":"td"}
COMMAND: POST /session/f292156acc1b273c5de2837bdf35b9d0/element/f.2505593A71F6743E8AE774F812430ADA.d.B172455888A07D550736C66016D09D6A.e.5289/elements - {"using":"css selector","value":"td"}
RESULT: {"using":"css selector","value":"td"}
COMMAND: POST /session/f292156acc1b273c5de2837bdf35b9d0/element/f.2505593A71F6743E8AE774F812430ADA.d.B172455888A07D550736C66016D09D6A.e.5290/elements - {"using":"css selector","value":"td"}
RESULT: {"using":"css selector","value":"td"}
COMMAND: POST /session/f292156acc1b273c5de2837bdf35b9d0/element/f.2505593A71F6743E8AE774F812430ADA.d.B172455888A07D550736C66016D09D6A.e.5291/elements - {"using":"css selector","value":"td"}
RESULT: {"using":"css selector","value":"td"}
COMMAND: POST /session/f292156acc1b273c5de2837bdf35b9d0/element/f.2505593A71F6743E8AE774F812430ADA.d.B172455888A07D550736C66016D09D6A.e.5292/elements - {"using":"css selector","value":"td"}
RESULT: {"using":"css selector","value":"td"}
COMMAND: POST /session/f292156acc1b273c5de2837bdf35b9d0/element/f.2505593A71F6743E8AE774F812430ADA.d.B172455888A07D550736C66016D09D6A.e.5293/elements - {"using":"css selector","value":"td"}
RESULT: {"using":"css selector","value":"td"}
COMMAND: POST /session/f292156acc1b273c5de2837bdf35b9d0/element/f.2505593A71F6743E8AE774F812430ADA.d.B172455888A07D550736C66016D09D6A.e.5294/elements - {"using":"css selector","value":"td"}
RESULT: {"using":"css selector","value":"td"}
COMMAND: POST /session/f292156acc1b273c5de2837bdf35b9d0/element/f.2505593A71F6743E8AE774F812430ADA.d.B172455888A07D550736C66016D09D6A.e.5295/elements - {"using":"css selector","value":"td"}
RESULT: {"using":"css selector","value":"td"}
COMMAND: POST /session/f292156acc1b273c5de2837bdf35b9d0/element/f.2505593A71F6743E8AE774F812430ADA.d.B172455888A07D550736C66016D09D6A.e.5296/elements - {"using":"css selector","value":"td"}
RESULT: {"using":"css selector","value":"td"}
COMMAND: POST /session/f292156acc1b273c5de2837bdf35b9d0/element/f.2505593A71F6743E8AE774F812430ADA.d.B172455888A07D550736C66016D09D6A.e.5297/elements - {"using":"css selector","value":"td"}
RESULT: {"using":"css selector","value":"td"}
COMMAND: POST /session/f292156acc1b273c5de2837bdf35b9d0/element/f.2505593A71F6743E8AE774F812430ADA.d.B172455888A07D550736C66016D09D6A.e.5298/elements - {"using":"css selector","value":"td"}
RESULT: {"using":"css selector","value":"td"}
COMMAND: POST /session/f292156acc1b273c5de2837bdf35b9d0/element/f.2505593A71F6743E8AE774F812430ADA.d.B172455888A07D550736C66016D09D6A.e.5299/elements - {"using":"css selector","value":"td"}
RESULT: {"using":"css selector","value":"td"}
COMMAND: POST /session/f292156acc1b273c5de2837bdf35b9d0/element/f.2505593A71F6743E8AE774F812430ADA.d.B172455888A07D550736C66016D09D6A.e.5300/elements - {"using":"css selector","value":"td"}
RESULT: {"using":"css selector","value":"td"}
COMMAND: POST /session/f292156acc1b273c5de2837bdf35b9d0/element/f.2505593A71F6743E8AE774F812430ADA.d.B172455888A07D550736C66016D09D6A.e.5301/elements - {"using":"css selector","value":"td"}
RESULT: {"using":"css selector","value":"td"}
COMMAND: POST /session/f292156acc1b273c5de2837bdf35b9d0/element/f.2505593A71F6743E8AE774F812430ADA.d.B172455888A07D550736C66016D09D6A.e.5302/elements - {"using":"css selector","value":"td"}
RESULT: {"using":"css selector","value":"td"}
COMMAND: POST /session/f292156acc1b273c5de2837bdf35b9d0/element/f.2505593A71F6743E8AE774F812430ADA.d.B172455888A07D550736C66016D09D6A.e.5303/elements - {"using":"css selector","value":"td"}
RESULT: {"using":"css selector","value":"td"}
COMMAND: POST /session/f292156acc1b273c5de2837bdf35b9d0/element/f.2505593A71F6743E8AE774F812430ADA.d.B172455888A07D550736C66016D09D6A.e.5304/elements - {"using":"css selector","value":"td"}
RESULT: {"using":"css selector","value":"td"}
COMMAND: POST /session/f292156acc1b273c5de2837bdf35b9d0/element/f.2505593A71F6743E8AE774F812430ADA.d.B172455888A07D550736C66016D09D6A.e.5305/elements - {"using":"css selector","value":"td"}
RESULT: {"using":"css selector","value":"td"}
COMMAND: POST /session/f292156acc1b273c5de2837bdf35b9d0/element/f.2505593A71F6743E8AE774F812430ADA.d.B172455888A07D550736C66016D09D6A.e.5306/elements - {"using":"css selector","value":"td"}
RESULT: {"using":"css selector","value":"td"}
COMMAND: POST /session/f292156acc1b273c5de2837bdf35b9d0/element/f.2505593A71F6743E8AE774F812430ADA.d.B172455888A07D550736C66016D09D6A.e.5307/elements - {"using":"css selector","value":"td"}
RESULT: {"using":"css selector","value":"td"}
COMMAND: POST /session/f292156acc1b273c5de2837bdf35b9d0/element/f.2505593A71F6743E8AE774F812430ADA.d.B172455888A07D550736C66016D09D6A.e.5308/elements - {"using":"css selector","value":"td"}
RESULT: {"using":"css selector","value":"td"}
COMMAND: POST /session/f292156acc1b273c5de2837bdf35b9d0/element/f.2505593A71F6743E8AE774F812430ADA.d.B172455888A07D550736C66016D09D6A.e.5309/elements - {"using":"css selector","value":"td"}
RESULT: {"using":"css selector","value":"td"}
COMMAND: POST /session/f292156acc1b273c5de2837bdf35b9d0/element/f.2505593A71F6743E8AE774F812430ADA.d.B172455888A07D550736C66016D09D6A.e.5310/elements - {"using":"css selector","value":"td"}
RESULT: {"using":"css selector","value":"td"}
COMMAND: POST /session/f292156acc1b273c5de2837bdf35b9d0/element/f.2505593A71F6743E8AE774F812430ADA.d.B172455888A07D550736C66016D09D6A.e.5311/elements - {"using":"css selector","value":"td"}
RESULT: {"using":"css selector","value":"td"}
COMMAND: POST /session/f292156acc1b273c5de2837bdf35b9d0/element/f.2505593A71F6743E8AE774F812430ADA.d.B172455888A07D550736C66016D09D6A.e.5312/elements - {"using":"css selector","value":"td"}
RESULT: {"using":"css selector","value":"td"}
COMMAND: POST /session/f292156acc1b273c5de2837bdf35b9d0/element/f.2505593A71F6743E8AE774F812430ADA.d.B172455888A07D550736C66016D09D6A.e.5313/elements - {"using":"css selector","value":"td"}
RESULT: {"using":"css selector","value":"td"}
COMMAND: POST /session/f292156acc1b273c5de2837bdf35b9d0/element/f.2505593A71F6743E8AE774F812430ADA.d.B172455888A07D550736C66016D09D6A.e.5314/elements - {"using":"css selector","value":"td"}
RESULT: {"using":"css selector","value":"td"}
COMMAND: POST /session/f292156acc1b273c5de2837bdf35b9d0/element/f.2505593A71F6743E8AE774F812430ADA.d.B172455888A07D550736C66016D09D6A.e.5315/elements - {"using":"css selector","value":"td"}
RESULT: {"using":"css selector","value":"td"}
COMMAND: POST /session/f292156acc1b273c5de2837bdf35b9d0/element/f.2505593A71F6743E8AE774F812430ADA.d.B172455888A07D550736C66016D09D6A.e.5316/elements - {"using":"css selector","value":"td"}
RESULT: {"using":"css selector","value":"td"}
COMMAND: POST /session/f292156acc1b273c5de2837bdf35b9d0/element/f.2505593A71F6743E8AE774F812430ADA.d.B172455888A07D550736C66016D09D6A.e.5317/elements - {"using":"css selector","value":"td"}
RESULT: {"using":"css selector","value":"td"}
COMMAND: POST /session/f292156acc1b273c5de2837bdf35b9d0/element/f.2505593A71F6743E8AE774F812430ADA.d.B172455888A07D550736C66016D09D6A.e.5318/elements - {"using":"css selector","value":"td"}
RESULT: {"using":"css selector","value":"td"}
COMMAND: POST /session/f292156acc1b273c5de2837bdf35b9d0/element/f.2505593A71F6743E8AE774F812430ADA.d.B172455888A07D550736C66016D09D6A.e.5319/elements - {"using":"css selector","value":"td"}
RESULT: {"using":"css selector","value":"td"}
COMMAND: POST /session/f292156acc1b273c5de2837bdf35b9d0/element/f.2505593A71F6743E8AE774F812430ADA.d.B172455888A07D550736C66016D09D6A.e.5320/elements - {"using":"css selector","value":"td"}
RESULT: {"using":"css selector","value":"td"}
COMMAND: POST /session/f292156acc1b273c5de2837bdf35b9d0/element/f.2505593A71F6743E8AE774F812430ADA.d.B172455888A07D550736C66016D09D6A.e.5321/elements - {"using":"css selector","value":"td"}
RESULT: {"using":"css selector","value":"td"}
COMMAND: POST /session/f292156acc1b273c5de2837bdf35b9d0/element/f.2505593A71F6743E8AE774F812430ADA.d.B172455888A07D550736C66016D09D6A.e.5322/elements - {"using":"css selector","value":"td"}
RESULT: {"using":"css selector","value":"td"}
COMMAND: POST /session/f292156acc1b273c5de2837bdf35b9d0/element/f.2505593A71F6743E8AE774F812430ADA.d.B172455888A07D550736C66016D09D6A.e.5323/elements - {"using":"css selector","value":"td"}
RESULT: {"using":"css selector","value":"td"}
COMMAND: POST /session/f292156acc1b273c5de2837bdf35b9d0/element/f.2505593A71F6743E8AE774F812430ADA.d.B172455888A07D550736C66016D09D6A.e.5324/elements - {"using":"css selector","value":"td"}
RESULT: {"using":"css selector","value":"td"}
COMMAND: POST /session/f292156acc1b273c5de2837bdf35b9d0/element/f.2505593A71F6743E8AE774F812430ADA.d.B172455888A07D550736C66016D09D6A.e.5325/elements - {"using":"css selector","value":"td"}
RESULT: {"using":"css selector","value":"td"}
COMMAND: POST /session/f292156acc1b273c5de2837bdf35b9d0/element/f.2505593A71F6743E8AE774F812430ADA.d.B172455888A07D550736C66016D09D6A.e.5326/elements - {"using":"css selector","value":"td"}
RESULT: {"using":"css selector","value":"td"}
COMMAND: POST /session/f292156acc1b273c5de2837bdf35b9d0/element/f.2505593A71F6743E8AE774F812430ADA.d.B172455888A07D550736C66016D09D6A.e.5327/elements - {"using":"css selector","value":"td"}
RESULT: {"using":"css selector","value":"td"}
COMMAND: POST /session/f292156acc1b273c5de2837bdf35b9d0/element/f.2505593A71F6743E8AE774F812430ADA.d.B172455888A07D550736C66016D09D6A.e.5328/elements - {"using":"css selector","value":"td"}
RESULT: {"using":"css selector","value":"td"}
COMMAND: POST /session/f292156acc1b273c5de2837bdf35b9d0/element/f.2505593A71F6743E8AE774F812430ADA.d.B172455888A07D550736C66016D09D6A.e.5329/elements - {"using":"css selector","value":"td"}
RESULT: {"using":"css selector","value":"td"}
COMMAND: POST /session/f292156acc1b273c5de2837bdf35b9d0/element/f.2505593A71F6743E8AE774F812430ADA.d.B172455888A07D550736C66016D09D6A.e.5330/elements - {"using":"css selector","value":"td"}
RESULT: {"using":"css selector","value":"td"}
COMMAND: POST /session/f292156acc1b273c5de2837bdf35b9d0/element/f.2505593A71F6743E8AE774F812430ADA.d.B172455888A07D550736C66016D09D6A.e.5331/elements - {"using":"css selector","value":"td"}
RESULT: {"using":"css selector","value":"td"}
COMMAND: POST /session/f292156acc1b273c5de2837bdf35b9d0/element/f.2505593A71F6743E8AE774F812430ADA.d.B172455888A07D550736C66016D09D6A.e.5332/elements - {"using":"css selector","value":"td"}
RESULT: {"using":"css selector","value":"td"}
COMMAND: POST /session/f292156acc1b273c5de2837bdf35b9d0/element/f.2505593A71F6743E8AE774F812430ADA.d.B172455888A07D550736C66016D09D6A.e.5333/elements - {"using":"css selector","value":"td"}
RESULT: {"using":"css selector","value":"td"}
COMMAND: POST /session/f292156acc1b273c5de2837bdf35b9d0/element/f.2505593A71F6743E8AE774F812430ADA.d.B172455888A07D550736C66016D09D6A.e.5334/elements - {"using":"css selector","value":"td"}
RESULT: {"using":"css selector","value":"td"}
COMMAND: POST /session/f292156acc1b273c5de2837bdf35b9d0/element/f.2505593A71F6743E8AE774F812430ADA.d.B172455888A07D550736C66016D09D6A.e.5335/elements - {"using":"css selector","value":"td"}
RESULT: {"using":"css selector","value":"td"}
COMMAND: POST /session/f292156acc1b273c5de2837bdf35b9d0/element/f.2505593A71F6743E8AE774F812430ADA.d.B172455888A07D550736C66016D09D6A.e.5336/elements - {"using":"css selector","value":"td"}
RESULT: {"using":"css selector","value":"td"}
COMMAND: POST /session/f292156acc1b273c5de2837bdf35b9d0/element/f.2505593A71F6743E8AE774F812430ADA.d.B172455888A07D550736C66016D09D6A.e.5337/elements - {"using":"css selector","value":"td"}
RESULT: {"using":"css selector","value":"td"}
COMMAND: POST /session/f292156acc1b273c5de2837bdf35b9d0/element/f.2505593A71F6743E8AE774F812430ADA.d.B172455888A07D550736C66016D09D6A.e.5338/elements - {"using":"css selector","value":"td"}
RESULT: {"using":"css selector","value":"td"}
COMMAND: POST /session/f292156acc1b273c5de2837bdf35b9d0/element/f.2505593A71F6743E8AE774F812430ADA.d.B172455888A07D550736C66016D09D6A.e.5339/elements - {"using":"css selector","value":"td"}
RESULT: {"using":"css selector","value":"td"}
COMMAND: POST /session/f292156acc1b273c5de2837bdf35b9d0/element/f.2505593A71F6743E8AE774F812430ADA.d.B172455888A07D550736C66016D09D6A.e.5340/elements - {"using":"css selector","value":"td"}
RESULT: {"using":"css selector","value":"td"}
COMMAND: POST /session/f292156acc1b273c5de2837bdf35b9d0/element/f.2505593A71F6743E8AE774F812430ADA.d.B172455888A07D550736C66016D09D6A.e.5341/elements - {"using":"css selector","value":"td"}
RESULT: {"using":"css selector","value":"td"}
COMMAND: POST /session/f292156acc1b273c5de2837bdf35b9d0/element/f.2505593A71F6743E8AE774F812430ADA.d.B172455888A07D550736C66016D09D6A.e.5342/elements - {"using":"css selector","value":"td"}
RESULT: {"using":"css selector","value":"td"}
COMMAND: POST /session/f292156acc1b273c5de2837bdf35b9d0/element/f.2505593A71F6743E8AE774F812430ADA.d.B172455888A07D550736C66016D09D6A.e.5343/elements - {"using":"css selector","value":"td"}
RESULT: {"using":"css selector","value":"td"}
COMMAND: POST /session/f292156acc1b273c5de2837bdf35b9d0/element/f.2505593A71F6743E8AE774F812430ADA.d.B172455888A07D550736C66016D09D6A.e.5344/elements - {"using":"css selector","value":"td"}
RESULT: {"using":"css selector","value":"td"}
COMMAND: POST /session/f292156acc1b273c5de2837bdf35b9d0/element/f.2505593A71F6743E8AE774F812430ADA.d.B172455888A07D550736C66016D09D6A.e.5345/elements - {"using":"css selector","value":"td"}
RESULT: {"using":"css selector","value":"td"}
COMMAND: POST /session/f292156acc1b273c5de2837bdf35b9d0/element/f.2505593A71F6743E8AE774F812430ADA.d.B172455888A07D550736C66016D09D6A.e.5346/elements - {"using":"css selector","value":"td"}
RESULT: {"using":"css selector","value":"td"}
COMMAND: POST /session/f292156acc1b273c5de2837bdf35b9d0/element/f.2505593A71F6743E8AE774F812430ADA.d.B172455888A07D550736C66016D09D6A.e.5347/elements - {"using":"css selector","value":"td"}
RESULT: {"using":"css selector","value":"td"}
COMMAND: POST /session/f292156acc1b273c5de2837bdf35b9d0/element/f.2505593A71F6743E8AE774F812430ADA.d.B172455888A07D550736C66016D09D6A.e.5348/elements - {"using":"css selector","value":"td"}
RESULT: {"using":"css selector","value":"td"}
COMMAND: POST /session/f292156acc1b273c5de2837bdf35b9d0/element/f.2505593A71F6743E8AE774F812430ADA.d.B172455888A07D550736C66016D09D6A.e.5349/elements - {"using":"css selector","value":"td"}
RESULT: {"using":"css selector","value":"td"}
COMMAND: POST /session/f292156acc1b273c5de2837bdf35b9d0/element/f.2505593A71F6743E8AE774F812430ADA.d.B172455888A07D550736C66016D09D6A.e.5350/elements - {"using":"css selector","value":"td"}
RESULT: {"using":"css selector","value":"td"}
COMMAND: POST /session/f292156acc1b273c5de2837bdf35b9d0/element/f.2505593A71F6743E8AE774F812430ADA.d.B172455888A07D550736C66016D09D6A.e.5351/elements - {"using":"css selector","value":"td"}
RESULT: {"using":"css selector","value":"td"}
COMMAND: POST /session/f292156acc1b273c5de2837bdf35b9d0/element/f.2505593A71F6743E8AE774F812430ADA.d.B172455888A07D550736C66016D09D6A.e.5352/elements - {"using":"css selector","value":"td"}
RESULT: {"using":"css selector","value":"td"}
COMMAND: POST /session/f292156acc1b273c5de2837bdf35b9d0/element/f.2505593A71F6743E8AE774F812430ADA.d.B172455888A07D550736C66016D09D6A.e.5353/elements - {"using":"css selector","value":"td"}
RESULT: {"using":"css selector","value":"td"}
COMMAND: POST /session/f292156acc1b273c5de2837bdf35b9d0/element/f.2505593A71F6743E8AE774F812430ADA.d.B172455888A07D550736C66016D09D6A.e.5354/elements - {"using":"css selector","value":"td"}
RESULT: {"using":"css selector","value":"td"}
COMMAND: POST /session/f292156acc1b273c5de2837bdf35b9d0/element/f.2505593A71F6743E8AE774F812430ADA.d.B172455888A07D550736C66016D09D6A.e.5369/element - {"using":"css selector","value":"input"}
RESULT: {"using":"css selector","value":"input"}
COMMAND: GET /session/f292156acc1b273c5de2837bdf35b9d0/element/f.2505593A71F6743E8AE774F812430ADA.d.B172455888A07D550736C66016D09D6A.e.5155/property/value - {}
RESULT: {}
COMMAND: POST /session/f292156acc1b273c5de2837bdf35b9d0/element/f.2505593A71F6743E8AE774F812430ADA.d.B172455888A07D550736C66016D09D6A.e.5354/element - {"using":"css selector","value":".sapMCbBg"}
COMMAND: GET /session/f292156acc1b273c5de2837bdf35b9d0/screenshot - {}
RESULT: {"using":"css selector","value":".sapMCbBg"}
COMMAND: GET /session/f292156acc1b273c5de2837bdf35b9d0/element/f.2505593A71F6743E8AE774F812430ADA.d.B172455888A07D550736C66016D09D6A.e.6241/selected - {}
RESULT: {}
RESULT: {}
COMMAND: POST /session/f292156acc1b273c5de2837bdf35b9d0/element/f.2505593A71F6743E8AE774F812430ADA.d.B172455888A07D550736C66016D09D6A.e.6241/click - {}
COMMAND: GET /session/f292156acc1b273c5de2837bdf35b9d0/screenshot - {}
RESULT: {}
COMMAND: POST /session/f292156acc1b273c5de2837bdf35b9d0/element/f.2505593A71F6743E8AE774F812430ADA.d.B172455888A07D550736C66016D09D6A.e.5379/elements - {"using":"css selector","value":"td"}
COMMAND: GET /session/f292156acc1b273c5de2837bdf35b9d0/screenshot - {}
RESULT: {}
RESULT: {}
RESULT: {"using":"css selector","value":"td"}
COMMAND: POST /session/f292156acc1b273c5de2837bdf35b9d0/element/f.2505593A71F6743E8AE774F812430ADA.d.B172455888A07D550736C66016D09D6A.e.5401/element - {"using":"css selector","value":"input"}
RESULT: {"using":"css selector","value":"input"}
COMMAND: GET /session/f292156acc1b273c5de2837bdf35b9d0/element/f.2505593A71F6743E8AE774F812430ADA.d.B172455888A07D550736C66016D09D6A.e.5384/property/value - {}
RESULT: {}
COMMAND: POST /session/f292156acc1b273c5de2837bdf35b9d0/element/f.2505593A71F6743E8AE774F812430ADA.d.B172455888A07D550736C66016D09D6A.e.5379/element - {"using":"css selector","value":".sapMCbBg"}
COMMAND: GET /session/f292156acc1b273c5de2837bdf35b9d0/screenshot - {}
RESULT: {"using":"css selector","value":".sapMCbBg"}
COMMAND: GET /session/f292156acc1b273c5de2837bdf35b9d0/element/f.2505593A71F6743E8AE774F812430ADA.d.B172455888A07D550736C66016D09D6A.e.6245/selected - {}
RESULT: {}
RESULT: {}
COMMAND: POST /session/f292156acc1b273c5de2837bdf35b9d0/element/f.2505593A71F6743E8AE774F812430ADA.d.B172455888A07D550736C66016D09D6A.e.6245/click - {}
COMMAND: GET /session/f292156acc1b273c5de2837bdf35b9d0/screenshot - {}
RESULT: {}
COMMAND: GET /session/f292156acc1b273c5de2837bdf35b9d0/screenshot - {}
RESULT: {}
RESULT: {}
COMMAND: POST /session/f292156acc1b273c5de2837bdf35b9d0/execute/async - {"script":"<script> [1562 bytes]","args":[{"selector":{"id":"application-manageconditionprice-display-component---dailyPrices--deleteBtn","interaction":{"idSuffix":"content"}},"wdio_ui5_key":"applicationmanageconditionprice-display-component---dailyPrices--deleteBtn"}]}
RESULT: {"script":"<script> [1562 bytes]","args":[{"selector":{"id":"application-manageconditionprice-display-component---dailyPrices--deleteBtn","interaction":{"idSuffix":"content"}},"wdio_ui5_key":"applicationmanageconditionprice-display-component---dailyPrices--deleteBtn"}]}
RESULT: undefined
COMMAND: POST /session/f292156acc1b273c5de2837bdf35b9d0/element - {"using":"xpath","value":"//*[@id=\"application-manageconditionprice-display-component---dailyPrices--deleteBtn\"]"}
RESULT: {"using":"xpath","value":"//*[@id=\"application-manageconditionprice-display-component---dailyPrices--deleteBtn\"]"}
COMMAND: POST /session/f292156acc1b273c5de2837bdf35b9d0/element/f.2505593A71F6743E8AE774F812430ADA.d.B172455888A07D550736C66016D09D6A.e.6247/click - {}
RESULT: {}
COMMAND: POST /session/f292156acc1b273c5de2837bdf35b9d0/execute/async - {"script":"<script> [1562 bytes]","args":[{"selector":{"controlType":"sap.m.Button","properties":{"text":"OK"},"searchOpenDialogs":true,"interaction":{"idSuffix":"BDI-content"}},"wdio_ui5_key":"sapm.Button{\"text\":\"OK\"}"}]}
COMMAND: GET /session/f292156acc1b273c5de2837bdf35b9d0/screenshot - {}
RESULT: {"script":"<script> [1562 bytes]","args":[{"selector":{"controlType":"sap.m.Button","properties":{"text":"OK"},"searchOpenDialogs":true,"interaction":{"idSuffix":"BDI-content"}},"wdio_ui5_key":"sapm.Button{\"text\":\"OK\"}"}]}
RESULT: undefined
COMMAND: POST /session/f292156acc1b273c5de2837bdf35b9d0/element - {"using":"xpath","value":"//*[@id=\"__mbox-btn-0\"]"}
RESULT: {}
RESULT: {"using":"xpath","value":"//*[@id=\"__mbox-btn-0\"]"}
COMMAND: POST /session/f292156acc1b273c5de2837bdf35b9d0/element/f.2505593A71F6743E8AE774F812430ADA.d.B172455888A07D550736C66016D09D6A.e.6248/click - {}
RESULT: {}
COMMAND: GET /session/f292156acc1b273c5de2837bdf35b9d0/screenshot - {}
RESULT: {}
RESULT: undefined
COMMAND: POST /session/f292156acc1b273c5de2837bdf35b9d0/element - {"using":"xpath","value":"//*[@id=\"__button115\"]"}
RESULT: {"using":"xpath","value":"//*[@id=\"__button115\"]"}
COMMAND: POST /session/f292156acc1b273c5de2837bdf35b9d0/element/f.2505593A71F6743E8AE774F812430ADA.d.B172455888A07D550736C66016D09D6A.e.5436/click - {}
RESULT: {}
COMMAND: GET /session/f292156acc1b273c5de2837bdf35b9d0/screenshot - {}
RESULT: {}
COMMAND: POST /session/f292156acc1b273c5de2837bdf35b9d0/elements - {"using":"css selector","value":"table tr"}
RESULT: {"using":"css selector","value":"table tr"}
COMMAND: POST /session/f292156acc1b273c5de2837bdf35b9d0/element/f.2505593A71F6743E8AE774F812430ADA.d.B172455888A07D550736C66016D09D6A.e.5158/elements - {"using":"css selector","value":"td"}
RESULT: {"using":"css selector","value":"td"}
COMMAND: POST /session/f292156acc1b273c5de2837bdf35b9d0/element/f.2505593A71F6743E8AE774F812430ADA.d.B172455888A07D550736C66016D09D6A.e.5159/elements - {"using":"css selector","value":"td"}
RESULT: {"using":"css selector","value":"td"}
COMMAND: POST /session/f292156acc1b273c5de2837bdf35b9d0/element/f.2505593A71F6743E8AE774F812430ADA.d.B172455888A07D550736C66016D09D6A.e.5160/elements - {"using":"css selector","value":"td"}
RESULT: {"using":"css selector","value":"td"}
COMMAND: POST /session/f292156acc1b273c5de2837bdf35b9d0/element/f.2505593A71F6743E8AE774F812430ADA.d.B172455888A07D550736C66016D09D6A.e.5049/elements - {"using":"css selector","value":"td"}
RESULT: {"using":"css selector","value":"td"}
COMMAND: POST /session/f292156acc1b273c5de2837bdf35b9d0/element/f.2505593A71F6743E8AE774F812430ADA.d.B172455888A07D550736C66016D09D6A.e.5050/elements - {"using":"css selector","value":"td"}
RESULT: {"using":"css selector","value":"td"}
COMMAND: POST /session/f292156acc1b273c5de2837bdf35b9d0/element/f.2505593A71F6743E8AE774F812430ADA.d.B172455888A07D550736C66016D09D6A.e.5059/elements - {"using":"css selector","value":"td"}
RESULT: {"using":"css selector","value":"td"}
COMMAND: POST /session/f292156acc1b273c5de2837bdf35b9d0/element/f.2505593A71F6743E8AE774F812430ADA.d.B172455888A07D550736C66016D09D6A.e.5060/elements - {"using":"css selector","value":"td"}
RESULT: {"using":"css selector","value":"td"}
COMMAND: POST /session/f292156acc1b273c5de2837bdf35b9d0/element/f.2505593A71F6743E8AE774F812430ADA.d.B172455888A07D550736C66016D09D6A.e.5069/elements - {"using":"css selector","value":"td"}
RESULT: {"using":"css selector","value":"td"}
COMMAND: POST /session/f292156acc1b273c5de2837bdf35b9d0/element/f.2505593A71F6743E8AE774F812430ADA.d.B172455888A07D550736C66016D09D6A.e.5070/elements - {"using":"css selector","value":"td"}
RESULT: {"using":"css selector","value":"td"}
COMMAND: POST /session/f292156acc1b273c5de2837bdf35b9d0/element/f.2505593A71F6743E8AE774F812430ADA.d.B172455888A07D550736C66016D09D6A.e.5075/elements - {"using":"css selector","value":"td"}
RESULT: {"using":"css selector","value":"td"}
COMMAND: POST /session/f292156acc1b273c5de2837bdf35b9d0/element/f.2505593A71F6743E8AE774F812430ADA.d.B172455888A07D550736C66016D09D6A.e.5161/elements - {"using":"css selector","value":"td"}
RESULT: {"using":"css selector","value":"td"}
COMMAND: POST /session/f292156acc1b273c5de2837bdf35b9d0/element/f.2505593A71F6743E8AE774F812430ADA.d.B172455888A07D550736C66016D09D6A.e.5162/elements - {"using":"css selector","value":"td"}
RESULT: {"using":"css selector","value":"td"}
COMMAND: POST /session/f292156acc1b273c5de2837bdf35b9d0/element/f.2505593A71F6743E8AE774F812430ADA.d.B172455888A07D550736C66016D09D6A.e.5163/elements - {"using":"css selector","value":"td"}
RESULT: {"using":"css selector","value":"td"}
COMMAND: POST /session/f292156acc1b273c5de2837bdf35b9d0/element/f.2505593A71F6743E8AE774F812430ADA.d.B172455888A07D550736C66016D09D6A.e.5164/elements - {"using":"css selector","value":"td"}
RESULT: {"using":"css selector","value":"td"}
COMMAND: POST /session/f292156acc1b273c5de2837bdf35b9d0/element/f.2505593A71F6743E8AE774F812430ADA.d.B172455888A07D550736C66016D09D6A.e.5165/elements - {"using":"css selector","value":"td"}
RESULT: {"using":"css selector","value":"td"}
COMMAND: POST /session/f292156acc1b273c5de2837bdf35b9d0/element/f.2505593A71F6743E8AE774F812430ADA.d.B172455888A07D550736C66016D09D6A.e.5166/elements - {"using":"css selector","value":"td"}
RESULT: {"using":"css selector","value":"td"}
COMMAND: POST /session/f292156acc1b273c5de2837bdf35b9d0/element/f.2505593A71F6743E8AE774F812430ADA.d.B172455888A07D550736C66016D09D6A.e.5167/elements - {"using":"css selector","value":"td"}
RESULT: {"using":"css selector","value":"td"}
COMMAND: POST /session/f292156acc1b273c5de2837bdf35b9d0/element/f.2505593A71F6743E8AE774F812430ADA.d.B172455888A07D550736C66016D09D6A.e.5168/elements - {"using":"css selector","value":"td"}
RESULT: {"using":"css selector","value":"td"}
COMMAND: POST /session/f292156acc1b273c5de2837bdf35b9d0/element/f.2505593A71F6743E8AE774F812430ADA.d.B172455888A07D550736C66016D09D6A.e.5169/elements - {"using":"css selector","value":"td"}
RESULT: {"using":"css selector","value":"td"}
COMMAND: POST /session/f292156acc1b273c5de2837bdf35b9d0/element/f.2505593A71F6743E8AE774F812430ADA.d.B172455888A07D550736C66016D09D6A.e.5170/elements - {"using":"css selector","value":"td"}
RESULT: {"using":"css selector","value":"td"}
COMMAND: POST /session/f292156acc1b273c5de2837bdf35b9d0/element/f.2505593A71F6743E8AE774F812430ADA.d.B172455888A07D550736C66016D09D6A.e.5171/elements - {"using":"css selector","value":"td"}
RESULT: {"using":"css selector","value":"td"}
COMMAND: POST /session/f292156acc1b273c5de2837bdf35b9d0/element/f.2505593A71F6743E8AE774F812430ADA.d.B172455888A07D550736C66016D09D6A.e.5172/elements - {"using":"css selector","value":"td"}
RESULT: {"using":"css selector","value":"td"}
COMMAND: POST /session/f292156acc1b273c5de2837bdf35b9d0/element/f.2505593A71F6743E8AE774F812430ADA.d.B172455888A07D550736C66016D09D6A.e.5173/elements - {"using":"css selector","value":"td"}
RESULT: {"using":"css selector","value":"td"}
COMMAND: POST /session/f292156acc1b273c5de2837bdf35b9d0/element/f.2505593A71F6743E8AE774F812430ADA.d.B172455888A07D550736C66016D09D6A.e.5174/elements - {"using":"css selector","value":"td"}
RESULT: {"using":"css selector","value":"td"}
COMMAND: POST /session/f292156acc1b273c5de2837bdf35b9d0/element/f.2505593A71F6743E8AE774F812430ADA.d.B172455888A07D550736C66016D09D6A.e.5175/elements - {"using":"css selector","value":"td"}
RESULT: {"using":"css selector","value":"td"}
COMMAND: POST /session/f292156acc1b273c5de2837bdf35b9d0/element/f.2505593A71F6743E8AE774F812430ADA.d.B172455888A07D550736C66016D09D6A.e.5176/elements - {"using":"css selector","value":"td"}
RESULT: {"using":"css selector","value":"td"}
COMMAND: POST /session/f292156acc1b273c5de2837bdf35b9d0/element/f.2505593A71F6743E8AE774F812430ADA.d.B172455888A07D550736C66016D09D6A.e.5177/elements - {"using":"css selector","value":"td"}
RESULT: {"using":"css selector","value":"td"}
COMMAND: POST /session/f292156acc1b273c5de2837bdf35b9d0/element/f.2505593A71F6743E8AE774F812430ADA.d.B172455888A07D550736C66016D09D6A.e.5178/elements - {"using":"css selector","value":"td"}
RESULT: {"using":"css selector","value":"td"}
COMMAND: POST /session/f292156acc1b273c5de2837bdf35b9d0/element/f.2505593A71F6743E8AE774F812430ADA.d.B172455888A07D550736C66016D09D6A.e.5179/elements - {"using":"css selector","value":"td"}
RESULT: {"using":"css selector","value":"td"}
COMMAND: POST /session/f292156acc1b273c5de2837bdf35b9d0/element/f.2505593A71F6743E8AE774F812430ADA.d.B172455888A07D550736C66016D09D6A.e.5180/elements - {"using":"css selector","value":"td"}
RESULT: {"using":"css selector","value":"td"}
COMMAND: POST /session/f292156acc1b273c5de2837bdf35b9d0/element/f.2505593A71F6743E8AE774F812430ADA.d.B172455888A07D550736C66016D09D6A.e.5181/elements - {"using":"css selector","value":"td"}
RESULT: {"using":"css selector","value":"td"}
COMMAND: POST /session/f292156acc1b273c5de2837bdf35b9d0/element/f.2505593A71F6743E8AE774F812430ADA.d.B172455888A07D550736C66016D09D6A.e.5182/elements - {"using":"css selector","value":"td"}
RESULT: {"using":"css selector","value":"td"}
COMMAND: POST /session/f292156acc1b273c5de2837bdf35b9d0/element/f.2505593A71F6743E8AE774F812430ADA.d.B172455888A07D550736C66016D09D6A.e.5183/elements - {"using":"css selector","value":"td"}
RESULT: {"using":"css selector","value":"td"}
COMMAND: POST /session/f292156acc1b273c5de2837bdf35b9d0/element/f.2505593A71F6743E8AE774F812430ADA.d.B172455888A07D550736C66016D09D6A.e.5184/elements - {"using":"css selector","value":"td"}
RESULT: {"using":"css selector","value":"td"}
COMMAND: POST /session/f292156acc1b273c5de2837bdf35b9d0/element/f.2505593A71F6743E8AE774F812430ADA.d.B172455888A07D550736C66016D09D6A.e.5185/elements - {"using":"css selector","value":"td"}
RESULT: {"using":"css selector","value":"td"}
COMMAND: POST /session/f292156acc1b273c5de2837bdf35b9d0/element/f.2505593A71F6743E8AE774F812430ADA.d.B172455888A07D550736C66016D09D6A.e.5186/elements - {"using":"css selector","value":"td"}
RESULT: {"using":"css selector","value":"td"}
COMMAND: POST /session/f292156acc1b273c5de2837bdf35b9d0/element/f.2505593A71F6743E8AE774F812430ADA.d.B172455888A07D550736C66016D09D6A.e.5187/elements - {"using":"css selector","value":"td"}
RESULT: {"using":"css selector","value":"td"}
COMMAND: POST /session/f292156acc1b273c5de2837bdf35b9d0/element/f.2505593A71F6743E8AE774F812430ADA.d.B172455888A07D550736C66016D09D6A.e.5188/elements - {"using":"css selector","value":"td"}
RESULT: {"using":"css selector","value":"td"}
COMMAND: POST /session/f292156acc1b273c5de2837bdf35b9d0/element/f.2505593A71F6743E8AE774F812430ADA.d.B172455888A07D550736C66016D09D6A.e.5189/elements - {"using":"css selector","value":"td"}
RESULT: {"using":"css selector","value":"td"}
COMMAND: POST /session/f292156acc1b273c5de2837bdf35b9d0/element/f.2505593A71F6743E8AE774F812430ADA.d.B172455888A07D550736C66016D09D6A.e.5190/elements - {"using":"css selector","value":"td"}
RESULT: {"using":"css selector","value":"td"}
COMMAND: POST /session/f292156acc1b273c5de2837bdf35b9d0/element/f.2505593A71F6743E8AE774F812430ADA.d.B172455888A07D550736C66016D09D6A.e.5191/elements - {"using":"css selector","value":"td"}
RESULT: {"using":"css selector","value":"td"}
COMMAND: POST /session/f292156acc1b273c5de2837bdf35b9d0/element/f.2505593A71F6743E8AE774F812430ADA.d.B172455888A07D550736C66016D09D6A.e.5192/elements - {"using":"css selector","value":"td"}
RESULT: {"using":"css selector","value":"td"}
COMMAND: POST /session/f292156acc1b273c5de2837bdf35b9d0/element/f.2505593A71F6743E8AE774F812430ADA.d.B172455888A07D550736C66016D09D6A.e.5193/elements - {"using":"css selector","value":"td"}
RESULT: {"using":"css selector","value":"td"}
COMMAND: POST /session/f292156acc1b273c5de2837bdf35b9d0/element/f.2505593A71F6743E8AE774F812430ADA.d.B172455888A07D550736C66016D09D6A.e.5194/elements - {"using":"css selector","value":"td"}
RESULT: {"using":"css selector","value":"td"}
COMMAND: POST /session/f292156acc1b273c5de2837bdf35b9d0/element/f.2505593A71F6743E8AE774F812430ADA.d.B172455888A07D550736C66016D09D6A.e.5195/elements - {"using":"css selector","value":"td"}
RESULT: {"using":"css selector","value":"td"}
COMMAND: POST /session/f292156acc1b273c5de2837bdf35b9d0/element/f.2505593A71F6743E8AE774F812430ADA.d.B172455888A07D550736C66016D09D6A.e.5196/elements - {"using":"css selector","value":"td"}
RESULT: {"using":"css selector","value":"td"}
COMMAND: POST /session/f292156acc1b273c5de2837bdf35b9d0/element/f.2505593A71F6743E8AE774F812430ADA.d.B172455888A07D550736C66016D09D6A.e.5197/elements - {"using":"css selector","value":"td"}
RESULT: {"using":"css selector","value":"td"}
COMMAND: POST /session/f292156acc1b273c5de2837bdf35b9d0/element/f.2505593A71F6743E8AE774F812430ADA.d.B172455888A07D550736C66016D09D6A.e.5198/elements - {"using":"css selector","value":"td"}
RESULT: {"using":"css selector","value":"td"}
COMMAND: POST /session/f292156acc1b273c5de2837bdf35b9d0/element/f.2505593A71F6743E8AE774F812430ADA.d.B172455888A07D550736C66016D09D6A.e.5199/elements - {"using":"css selector","value":"td"}
RESULT: {"using":"css selector","value":"td"}
COMMAND: POST /session/f292156acc1b273c5de2837bdf35b9d0/element/f.2505593A71F6743E8AE774F812430ADA.d.B172455888A07D550736C66016D09D6A.e.5200/elements - {"using":"css selector","value":"td"}
RESULT: {"using":"css selector","value":"td"}
COMMAND: POST /session/f292156acc1b273c5de2837bdf35b9d0/element/f.2505593A71F6743E8AE774F812430ADA.d.B172455888A07D550736C66016D09D6A.e.5201/elements - {"using":"css selector","value":"td"}
RESULT: {"using":"css selector","value":"td"}
COMMAND: POST /session/f292156acc1b273c5de2837bdf35b9d0/element/f.2505593A71F6743E8AE774F812430ADA.d.B172455888A07D550736C66016D09D6A.e.5202/elements - {"using":"css selector","value":"td"}
RESULT: {"using":"css selector","value":"td"}
COMMAND: POST /session/f292156acc1b273c5de2837bdf35b9d0/element/f.2505593A71F6743E8AE774F812430ADA.d.B172455888A07D550736C66016D09D6A.e.5203/elements - {"using":"css selector","value":"td"}
RESULT: {"using":"css selector","value":"td"}
COMMAND: POST /session/f292156acc1b273c5de2837bdf35b9d0/element/f.2505593A71F6743E8AE774F812430ADA.d.B172455888A07D550736C66016D09D6A.e.5204/elements - {"using":"css selector","value":"td"}
RESULT: {"using":"css selector","value":"td"}
COMMAND: POST /session/f292156acc1b273c5de2837bdf35b9d0/element/f.2505593A71F6743E8AE774F812430ADA.d.B172455888A07D550736C66016D09D6A.e.5205/elements - {"using":"css selector","value":"td"}
RESULT: {"using":"css selector","value":"td"}
COMMAND: POST /session/f292156acc1b273c5de2837bdf35b9d0/element/f.2505593A71F6743E8AE774F812430ADA.d.B172455888A07D550736C66016D09D6A.e.5206/elements - {"using":"css selector","value":"td"}
RESULT: {"using":"css selector","value":"td"}
COMMAND: POST /session/f292156acc1b273c5de2837bdf35b9d0/element/f.2505593A71F6743E8AE774F812430ADA.d.B172455888A07D550736C66016D09D6A.e.5207/elements - {"using":"css selector","value":"td"}
RESULT: {"using":"css selector","value":"td"}
COMMAND: POST /session/f292156acc1b273c5de2837bdf35b9d0/element/f.2505593A71F6743E8AE774F812430ADA.d.B172455888A07D550736C66016D09D6A.e.5208/elements - {"using":"css selector","value":"td"}
RESULT: {"using":"css selector","value":"td"}
COMMAND: POST /session/f292156acc1b273c5de2837bdf35b9d0/element/f.2505593A71F6743E8AE774F812430ADA.d.B172455888A07D550736C66016D09D6A.e.5209/elements - {"using":"css selector","value":"td"}
RESULT: {"using":"css selector","value":"td"}
COMMAND: POST /session/f292156acc1b273c5de2837bdf35b9d0/element/f.2505593A71F6743E8AE774F812430ADA.d.B172455888A07D550736C66016D09D6A.e.5210/elements - {"using":"css selector","value":"td"}
RESULT: {"using":"css selector","value":"td"}
COMMAND: POST /session/f292156acc1b273c5de2837bdf35b9d0/element/f.2505593A71F6743E8AE774F812430ADA.d.B172455888A07D550736C66016D09D6A.e.5211/elements - {"using":"css selector","value":"td"}
RESULT: {"using":"css selector","value":"td"}
COMMAND: POST /session/f292156acc1b273c5de2837bdf35b9d0/element/f.2505593A71F6743E8AE774F812430ADA.d.B172455888A07D550736C66016D09D6A.e.5212/elements - {"using":"css selector","value":"td"}
RESULT: {"using":"css selector","value":"td"}
COMMAND: POST /session/f292156acc1b273c5de2837bdf35b9d0/element/f.2505593A71F6743E8AE774F812430ADA.d.B172455888A07D550736C66016D09D6A.e.5213/elements - {"using":"css selector","value":"td"}
RESULT: {"using":"css selector","value":"td"}
COMMAND: POST /session/f292156acc1b273c5de2837bdf35b9d0/element/f.2505593A71F6743E8AE774F812430ADA.d.B172455888A07D550736C66016D09D6A.e.5214/elements - {"using":"css selector","value":"td"}
RESULT: {"using":"css selector","value":"td"}
COMMAND: POST /session/f292156acc1b273c5de2837bdf35b9d0/element/f.2505593A71F6743E8AE774F812430ADA.d.B172455888A07D550736C66016D09D6A.e.5215/elements - {"using":"css selector","value":"td"}
RESULT: {"using":"css selector","value":"td"}
COMMAND: POST /session/f292156acc1b273c5de2837bdf35b9d0/element/f.2505593A71F6743E8AE774F812430ADA.d.B172455888A07D550736C66016D09D6A.e.5216/elements - {"using":"css selector","value":"td"}
RESULT: {"using":"css selector","value":"td"}
COMMAND: POST /session/f292156acc1b273c5de2837bdf35b9d0/element/f.2505593A71F6743E8AE774F812430ADA.d.B172455888A07D550736C66016D09D6A.e.5217/elements - {"using":"css selector","value":"td"}
RESULT: {"using":"css selector","value":"td"}
COMMAND: POST /session/f292156acc1b273c5de2837bdf35b9d0/element/f.2505593A71F6743E8AE774F812430ADA.d.B172455888A07D550736C66016D09D6A.e.5218/elements - {"using":"css selector","value":"td"}
RESULT: {"using":"css selector","value":"td"}
COMMAND: POST /session/f292156acc1b273c5de2837bdf35b9d0/element/f.2505593A71F6743E8AE774F812430ADA.d.B172455888A07D550736C66016D09D6A.e.5219/elements - {"using":"css selector","value":"td"}
RESULT: {"using":"css selector","value":"td"}
COMMAND: POST /session/f292156acc1b273c5de2837bdf35b9d0/element/f.2505593A71F6743E8AE774F812430ADA.d.B172455888A07D550736C66016D09D6A.e.5220/elements - {"using":"css selector","value":"td"}
RESULT: {"using":"css selector","value":"td"}
COMMAND: POST /session/f292156acc1b273c5de2837bdf35b9d0/element/f.2505593A71F6743E8AE774F812430ADA.d.B172455888A07D550736C66016D09D6A.e.5221/elements - {"using":"css selector","value":"td"}
RESULT: {"using":"css selector","value":"td"}
COMMAND: POST /session/f292156acc1b273c5de2837bdf35b9d0/element/f.2505593A71F6743E8AE774F812430ADA.d.B172455888A07D550736C66016D09D6A.e.5222/elements - {"using":"css selector","value":"td"}
RESULT: {"using":"css selector","value":"td"}
COMMAND: POST /session/f292156acc1b273c5de2837bdf35b9d0/element/f.2505593A71F6743E8AE774F812430ADA.d.B172455888A07D550736C66016D09D6A.e.5223/elements - {"using":"css selector","value":"td"}
RESULT: {"using":"css selector","value":"td"}
COMMAND: POST /session/f292156acc1b273c5de2837bdf35b9d0/element/f.2505593A71F6743E8AE774F812430ADA.d.B172455888A07D550736C66016D09D6A.e.5224/elements - {"using":"css selector","value":"td"}
RESULT: {"using":"css selector","value":"td"}
COMMAND: POST /session/f292156acc1b273c5de2837bdf35b9d0/element/f.2505593A71F6743E8AE774F812430ADA.d.B172455888A07D550736C66016D09D6A.e.5225/elements - {"using":"css selector","value":"td"}
RESULT: {"using":"css selector","value":"td"}
COMMAND: POST /session/f292156acc1b273c5de2837bdf35b9d0/element/f.2505593A71F6743E8AE774F812430ADA.d.B172455888A07D550736C66016D09D6A.e.5226/elements - {"using":"css selector","value":"td"}
RESULT: {"using":"css selector","value":"td"}
COMMAND: POST /session/f292156acc1b273c5de2837bdf35b9d0/element/f.2505593A71F6743E8AE774F812430ADA.d.B172455888A07D550736C66016D09D6A.e.5227/elements - {"using":"css selector","value":"td"}
RESULT: {"using":"css selector","value":"td"}
COMMAND: POST /session/f292156acc1b273c5de2837bdf35b9d0/element/f.2505593A71F6743E8AE774F812430ADA.d.B172455888A07D550736C66016D09D6A.e.5228/elements - {"using":"css selector","value":"td"}
RESULT: {"using":"css selector","value":"td"}
COMMAND: POST /session/f292156acc1b273c5de2837bdf35b9d0/element/f.2505593A71F6743E8AE774F812430ADA.d.B172455888A07D550736C66016D09D6A.e.5229/elements - {"using":"css selector","value":"td"}
RESULT: {"using":"css selector","value":"td"}
COMMAND: POST /session/f292156acc1b273c5de2837bdf35b9d0/element/f.2505593A71F6743E8AE774F812430ADA.d.B172455888A07D550736C66016D09D6A.e.5230/elements - {"using":"css selector","value":"td"}
RESULT: {"using":"css selector","value":"td"}
COMMAND: POST /session/f292156acc1b273c5de2837bdf35b9d0/element/f.2505593A71F6743E8AE774F812430ADA.d.B172455888A07D550736C66016D09D6A.e.5231/elements - {"using":"css selector","value":"td"}
RESULT: {"using":"css selector","value":"td"}
COMMAND: POST /session/f292156acc1b273c5de2837bdf35b9d0/element/f.2505593A71F6743E8AE774F812430ADA.d.B172455888A07D550736C66016D09D6A.e.5232/elements - {"using":"css selector","value":"td"}
RESULT: {"using":"css selector","value":"td"}
COMMAND: POST /session/f292156acc1b273c5de2837bdf35b9d0/element/f.2505593A71F6743E8AE774F812430ADA.d.B172455888A07D550736C66016D09D6A.e.5233/elements - {"using":"css selector","value":"td"}
RESULT: {"using":"css selector","value":"td"}
COMMAND: POST /session/f292156acc1b273c5de2837bdf35b9d0/element/f.2505593A71F6743E8AE774F812430ADA.d.B172455888A07D550736C66016D09D6A.e.5234/elements - {"using":"css selector","value":"td"}
RESULT: {"using":"css selector","value":"td"}
COMMAND: POST /session/f292156acc1b273c5de2837bdf35b9d0/element/f.2505593A71F6743E8AE774F812430ADA.d.B172455888A07D550736C66016D09D6A.e.5235/elements - {"using":"css selector","value":"td"}
RESULT: {"using":"css selector","value":"td"}
COMMAND: POST /session/f292156acc1b273c5de2837bdf35b9d0/element/f.2505593A71F6743E8AE774F812430ADA.d.B172455888A07D550736C66016D09D6A.e.5236/elements - {"using":"css selector","value":"td"}
RESULT: {"using":"css selector","value":"td"}
COMMAND: POST /session/f292156acc1b273c5de2837bdf35b9d0/element/f.2505593A71F6743E8AE774F812430ADA.d.B172455888A07D550736C66016D09D6A.e.5237/elements - {"using":"css selector","value":"td"}
RESULT: {"using":"css selector","value":"td"}
COMMAND: POST /session/f292156acc1b273c5de2837bdf35b9d0/element/f.2505593A71F6743E8AE774F812430ADA.d.B172455888A07D550736C66016D09D6A.e.5238/elements - {"using":"css selector","value":"td"}
RESULT: {"using":"css selector","value":"td"}
COMMAND: POST /session/f292156acc1b273c5de2837bdf35b9d0/element/f.2505593A71F6743E8AE774F812430ADA.d.B172455888A07D550736C66016D09D6A.e.5239/elements - {"using":"css selector","value":"td"}
RESULT: {"using":"css selector","value":"td"}
COMMAND: POST /session/f292156acc1b273c5de2837bdf35b9d0/element/f.2505593A71F6743E8AE774F812430ADA.d.B172455888A07D550736C66016D09D6A.e.5240/elements - {"using":"css selector","value":"td"}
RESULT: {"using":"css selector","value":"td"}
COMMAND: POST /session/f292156acc1b273c5de2837bdf35b9d0/element/f.2505593A71F6743E8AE774F812430ADA.d.B172455888A07D550736C66016D09D6A.e.5241/elements - {"using":"css selector","value":"td"}
RESULT: {"using":"css selector","value":"td"}
COMMAND: POST /session/f292156acc1b273c5de2837bdf35b9d0/element/f.2505593A71F6743E8AE774F812430ADA.d.B172455888A07D550736C66016D09D6A.e.5242/elements - {"using":"css selector","value":"td"}
RESULT: {"using":"css selector","value":"td"}
COMMAND: POST /session/f292156acc1b273c5de2837bdf35b9d0/element/f.2505593A71F6743E8AE774F812430ADA.d.B172455888A07D550736C66016D09D6A.e.5243/elements - {"using":"css selector","value":"td"}
RESULT: {"using":"css selector","value":"td"}
COMMAND: POST /session/f292156acc1b273c5de2837bdf35b9d0/element/f.2505593A71F6743E8AE774F812430ADA.d.B172455888A07D550736C66016D09D6A.e.5244/elements - {"using":"css selector","value":"td"}
RESULT: {"using":"css selector","value":"td"}
COMMAND: POST /session/f292156acc1b273c5de2837bdf35b9d0/element/f.2505593A71F6743E8AE774F812430ADA.d.B172455888A07D550736C66016D09D6A.e.5245/elements - {"using":"css selector","value":"td"}
RESULT: {"using":"css selector","value":"td"}
COMMAND: POST /session/f292156acc1b273c5de2837bdf35b9d0/element/f.2505593A71F6743E8AE774F812430ADA.d.B172455888A07D550736C66016D09D6A.e.5246/elements - {"using":"css selector","value":"td"}
RESULT: {"using":"css selector","value":"td"}
COMMAND: POST /session/f292156acc1b273c5de2837bdf35b9d0/element/f.2505593A71F6743E8AE774F812430ADA.d.B172455888A07D550736C66016D09D6A.e.5247/elements - {"using":"css selector","value":"td"}
RESULT: {"using":"css selector","value":"td"}
COMMAND: POST /session/f292156acc1b273c5de2837bdf35b9d0/element/f.2505593A71F6743E8AE774F812430ADA.d.B172455888A07D550736C66016D09D6A.e.5248/elements - {"using":"css selector","value":"td"}
RESULT: {"using":"css selector","value":"td"}
COMMAND: POST /session/f292156acc1b273c5de2837bdf35b9d0/element/f.2505593A71F6743E8AE774F812430ADA.d.B172455888A07D550736C66016D09D6A.e.5249/elements - {"using":"css selector","value":"td"}
RESULT: {"using":"css selector","value":"td"}
COMMAND: POST /session/f292156acc1b273c5de2837bdf35b9d0/element/f.2505593A71F6743E8AE774F812430ADA.d.B172455888A07D550736C66016D09D6A.e.5250/elements - {"using":"css selector","value":"td"}
RESULT: {"using":"css selector","value":"td"}
COMMAND: POST /session/f292156acc1b273c5de2837bdf35b9d0/element/f.2505593A71F6743E8AE774F812430ADA.d.B172455888A07D550736C66016D09D6A.e.5251/elements - {"using":"css selector","value":"td"}
RESULT: {"using":"css selector","value":"td"}
COMMAND: POST /session/f292156acc1b273c5de2837bdf35b9d0/element/f.2505593A71F6743E8AE774F812430ADA.d.B172455888A07D550736C66016D09D6A.e.5252/elements - {"using":"css selector","value":"td"}
RESULT: {"using":"css selector","value":"td"}
COMMAND: POST /session/f292156acc1b273c5de2837bdf35b9d0/element/f.2505593A71F6743E8AE774F812430ADA.d.B172455888A07D550736C66016D09D6A.e.5253/elements - {"using":"css selector","value":"td"}
RESULT: {"using":"css selector","value":"td"}
COMMAND: POST /session/f292156acc1b273c5de2837bdf35b9d0/element/f.2505593A71F6743E8AE774F812430ADA.d.B172455888A07D550736C66016D09D6A.e.5254/elements - {"using":"css selector","value":"td"}
RESULT: {"using":"css selector","value":"td"}
COMMAND: POST /session/f292156acc1b273c5de2837bdf35b9d0/element/f.2505593A71F6743E8AE774F812430ADA.d.B172455888A07D550736C66016D09D6A.e.5255/elements - {"using":"css selector","value":"td"}
RESULT: {"using":"css selector","value":"td"}
COMMAND: POST /session/f292156acc1b273c5de2837bdf35b9d0/element/f.2505593A71F6743E8AE774F812430ADA.d.B172455888A07D550736C66016D09D6A.e.5256/elements - {"using":"css selector","value":"td"}
RESULT: {"using":"css selector","value":"td"}
COMMAND: POST /session/f292156acc1b273c5de2837bdf35b9d0/element/f.2505593A71F6743E8AE774F812430ADA.d.B172455888A07D550736C66016D09D6A.e.5257/elements - {"using":"css selector","value":"td"}
RESULT: {"using":"css selector","value":"td"}
COMMAND: POST /session/f292156acc1b273c5de2837bdf35b9d0/element/f.2505593A71F6743E8AE774F812430ADA.d.B172455888A07D550736C66016D09D6A.e.5258/elements - {"using":"css selector","value":"td"}
RESULT: {"using":"css selector","value":"td"}
COMMAND: POST /session/f292156acc1b273c5de2837bdf35b9d0/element/f.2505593A71F6743E8AE774F812430ADA.d.B172455888A07D550736C66016D09D6A.e.5259/elements - {"using":"css selector","value":"td"}
RESULT: {"using":"css selector","value":"td"}
COMMAND: POST /session/f292156acc1b273c5de2837bdf35b9d0/element/f.2505593A71F6743E8AE774F812430ADA.d.B172455888A07D550736C66016D09D6A.e.5260/elements - {"using":"css selector","value":"td"}
RESULT: {"using":"css selector","value":"td"}
COMMAND: POST /session/f292156acc1b273c5de2837bdf35b9d0/element/f.2505593A71F6743E8AE774F812430ADA.d.B172455888A07D550736C66016D09D6A.e.5261/elements - {"using":"css selector","value":"td"}
RESULT: {"using":"css selector","value":"td"}
COMMAND: POST /session/f292156acc1b273c5de2837bdf35b9d0/element/f.2505593A71F6743E8AE774F812430ADA.d.B172455888A07D550736C66016D09D6A.e.5262/elements - {"using":"css selector","value":"td"}
RESULT: {"using":"css selector","value":"td"}
COMMAND: POST /session/f292156acc1b273c5de2837bdf35b9d0/element/f.2505593A71F6743E8AE774F812430ADA.d.B172455888A07D550736C66016D09D6A.e.5263/elements - {"using":"css selector","value":"td"}
RESULT: {"using":"css selector","value":"td"}
COMMAND: POST /session/f292156acc1b273c5de2837bdf35b9d0/element/f.2505593A71F6743E8AE774F812430ADA.d.B172455888A07D550736C66016D09D6A.e.5264/elements - {"using":"css selector","value":"td"}
RESULT: {"using":"css selector","value":"td"}
COMMAND: POST /session/f292156acc1b273c5de2837bdf35b9d0/element/f.2505593A71F6743E8AE774F812430ADA.d.B172455888A07D550736C66016D09D6A.e.5265/elements - {"using":"css selector","value":"td"}
RESULT: {"using":"css selector","value":"td"}
COMMAND: POST /session/f292156acc1b273c5de2837bdf35b9d0/element/f.2505593A71F6743E8AE774F812430ADA.d.B172455888A07D550736C66016D09D6A.e.5266/elements - {"using":"css selector","value":"td"}
RESULT: {"using":"css selector","value":"td"}
COMMAND: POST /session/f292156acc1b273c5de2837bdf35b9d0/element/f.2505593A71F6743E8AE774F812430ADA.d.B172455888A07D550736C66016D09D6A.e.5267/elements - {"using":"css selector","value":"td"}
RESULT: {"using":"css selector","value":"td"}
COMMAND: POST /session/f292156acc1b273c5de2837bdf35b9d0/element/f.2505593A71F6743E8AE774F812430ADA.d.B172455888A07D550736C66016D09D6A.e.5268/elements - {"using":"css selector","value":"td"}
RESULT: {"using":"css selector","value":"td"}
COMMAND: POST /session/f292156acc1b273c5de2837bdf35b9d0/element/f.2505593A71F6743E8AE774F812430ADA.d.B172455888A07D550736C66016D09D6A.e.5269/elements - {"using":"css selector","value":"td"}
RESULT: {"using":"css selector","value":"td"}
COMMAND: POST /session/f292156acc1b273c5de2837bdf35b9d0/element/f.2505593A71F6743E8AE774F812430ADA.d.B172455888A07D550736C66016D09D6A.e.5270/elements - {"using":"css selector","value":"td"}
RESULT: {"using":"css selector","value":"td"}
COMMAND: POST /session/f292156acc1b273c5de2837bdf35b9d0/element/f.2505593A71F6743E8AE774F812430ADA.d.B172455888A07D550736C66016D09D6A.e.5271/elements - {"using":"css selector","value":"td"}
RESULT: {"using":"css selector","value":"td"}
COMMAND: POST /session/f292156acc1b273c5de2837bdf35b9d0/element/f.2505593A71F6743E8AE774F812430ADA.d.B172455888A07D550736C66016D09D6A.e.5272/elements - {"using":"css selector","value":"td"}
RESULT: {"using":"css selector","value":"td"}
COMMAND: POST /session/f292156acc1b273c5de2837bdf35b9d0/element/f.2505593A71F6743E8AE774F812430ADA.d.B172455888A07D550736C66016D09D6A.e.5273/elements - {"using":"css selector","value":"td"}
RESULT: {"using":"css selector","value":"td"}
COMMAND: POST /session/f292156acc1b273c5de2837bdf35b9d0/element/f.2505593A71F6743E8AE774F812430ADA.d.B172455888A07D550736C66016D09D6A.e.5274/elements - {"using":"css selector","value":"td"}
RESULT: {"using":"css selector","value":"td"}
COMMAND: POST /session/f292156acc1b273c5de2837bdf35b9d0/element/f.2505593A71F6743E8AE774F812430ADA.d.B172455888A07D550736C66016D09D6A.e.5275/elements - {"using":"css selector","value":"td"}
RESULT: {"using":"css selector","value":"td"}
COMMAND: POST /session/f292156acc1b273c5de2837bdf35b9d0/element/f.2505593A71F6743E8AE774F812430ADA.d.B172455888A07D550736C66016D09D6A.e.5276/elements - {"using":"css selector","value":"td"}
RESULT: {"using":"css selector","value":"td"}
COMMAND: POST /session/f292156acc1b273c5de2837bdf35b9d0/element/f.2505593A71F6743E8AE774F812430ADA.d.B172455888A07D550736C66016D09D6A.e.5277/elements - {"using":"css selector","value":"td"}
RESULT: {"using":"css selector","value":"td"}
COMMAND: POST /session/f292156acc1b273c5de2837bdf35b9d0/element/f.2505593A71F6743E8AE774F812430ADA.d.B172455888A07D550736C66016D09D6A.e.5278/elements - {"using":"css selector","value":"td"}
RESULT: {"using":"css selector","value":"td"}
COMMAND: POST /session/f292156acc1b273c5de2837bdf35b9d0/element/f.2505593A71F6743E8AE774F812430ADA.d.B172455888A07D550736C66016D09D6A.e.5279/elements - {"using":"css selector","value":"td"}
RESULT: {"using":"css selector","value":"td"}
COMMAND: POST /session/f292156acc1b273c5de2837bdf35b9d0/element/f.2505593A71F6743E8AE774F812430ADA.d.B172455888A07D550736C66016D09D6A.e.5280/elements - {"using":"css selector","value":"td"}
RESULT: {"using":"css selector","value":"td"}
COMMAND: POST /session/f292156acc1b273c5de2837bdf35b9d0/element/f.2505593A71F6743E8AE774F812430ADA.d.B172455888A07D550736C66016D09D6A.e.5281/elements - {"using":"css selector","value":"td"}
RESULT: {"using":"css selector","value":"td"}
COMMAND: POST /session/f292156acc1b273c5de2837bdf35b9d0/element/f.2505593A71F6743E8AE774F812430ADA.d.B172455888A07D550736C66016D09D6A.e.5282/elements - {"using":"css selector","value":"td"}
RESULT: {"using":"css selector","value":"td"}
COMMAND: POST /session/f292156acc1b273c5de2837bdf35b9d0/element/f.2505593A71F6743E8AE774F812430ADA.d.B172455888A07D550736C66016D09D6A.e.5283/elements - {"using":"css selector","value":"td"}
RESULT: {"using":"css selector","value":"td"}
COMMAND: POST /session/f292156acc1b273c5de2837bdf35b9d0/element/f.2505593A71F6743E8AE774F812430ADA.d.B172455888A07D550736C66016D09D6A.e.5284/elements - {"using":"css selector","value":"td"}
RESULT: {"using":"css selector","value":"td"}
COMMAND: POST /session/f292156acc1b273c5de2837bdf35b9d0/element/f.2505593A71F6743E8AE774F812430ADA.d.B172455888A07D550736C66016D09D6A.e.5285/elements - {"using":"css selector","value":"td"}
RESULT: {"using":"css selector","value":"td"}
COMMAND: POST /session/f292156acc1b273c5de2837bdf35b9d0/element/f.2505593A71F6743E8AE774F812430ADA.d.B172455888A07D550736C66016D09D6A.e.5286/elements - {"using":"css selector","value":"td"}
RESULT: {"using":"css selector","value":"td"}
COMMAND: POST /session/f292156acc1b273c5de2837bdf35b9d0/element/f.2505593A71F6743E8AE774F812430ADA.d.B172455888A07D550736C66016D09D6A.e.5287/elements - {"using":"css selector","value":"td"}
RESULT: {"using":"css selector","value":"td"}
COMMAND: POST /session/f292156acc1b273c5de2837bdf35b9d0/element/f.2505593A71F6743E8AE774F812430ADA.d.B172455888A07D550736C66016D09D6A.e.5288/elements - {"using":"css selector","value":"td"}
RESULT: {"using":"css selector","value":"td"}
COMMAND: POST /session/f292156acc1b273c5de2837bdf35b9d0/element/f.2505593A71F6743E8AE774F812430ADA.d.B172455888A07D550736C66016D09D6A.e.5289/elements - {"using":"css selector","value":"td"}
RESULT: {"using":"css selector","value":"td"}
COMMAND: POST /session/f292156acc1b273c5de2837bdf35b9d0/element/f.2505593A71F6743E8AE774F812430ADA.d.B172455888A07D550736C66016D09D6A.e.5290/elements - {"using":"css selector","value":"td"}
RESULT: {"using":"css selector","value":"td"}
COMMAND: POST /session/f292156acc1b273c5de2837bdf35b9d0/element/f.2505593A71F6743E8AE774F812430ADA.d.B172455888A07D550736C66016D09D6A.e.5291/elements - {"using":"css selector","value":"td"}
RESULT: {"using":"css selector","value":"td"}
COMMAND: POST /session/f292156acc1b273c5de2837bdf35b9d0/element/f.2505593A71F6743E8AE774F812430ADA.d.B172455888A07D550736C66016D09D6A.e.5292/elements - {"using":"css selector","value":"td"}
RESULT: {"using":"css selector","value":"td"}
COMMAND: POST /session/f292156acc1b273c5de2837bdf35b9d0/element/f.2505593A71F6743E8AE774F812430ADA.d.B172455888A07D550736C66016D09D6A.e.5293/elements - {"using":"css selector","value":"td"}
RESULT: {"using":"css selector","value":"td"}
COMMAND: POST /session/f292156acc1b273c5de2837bdf35b9d0/element/f.2505593A71F6743E8AE774F812430ADA.d.B172455888A07D550736C66016D09D6A.e.5294/elements - {"using":"css selector","value":"td"}
RESULT: {"using":"css selector","value":"td"}
COMMAND: POST /session/f292156acc1b273c5de2837bdf35b9d0/element/f.2505593A71F6743E8AE774F812430ADA.d.B172455888A07D550736C66016D09D6A.e.5295/elements - {"using":"css selector","value":"td"}
RESULT: {"using":"css selector","value":"td"}
COMMAND: POST /session/f292156acc1b273c5de2837bdf35b9d0/element/f.2505593A71F6743E8AE774F812430ADA.d.B172455888A07D550736C66016D09D6A.e.5296/elements - {"using":"css selector","value":"td"}
RESULT: {"using":"css selector","value":"td"}
COMMAND: POST /session/f292156acc1b273c5de2837bdf35b9d0/element/f.2505593A71F6743E8AE774F812430ADA.d.B172455888A07D550736C66016D09D6A.e.5297/elements - {"using":"css selector","value":"td"}
RESULT: {"using":"css selector","value":"td"}
COMMAND: POST /session/f292156acc1b273c5de2837bdf35b9d0/element/f.2505593A71F6743E8AE774F812430ADA.d.B172455888A07D550736C66016D09D6A.e.5298/elements - {"using":"css selector","value":"td"}
RESULT: {"using":"css selector","value":"td"}
COMMAND: POST /session/f292156acc1b273c5de2837bdf35b9d0/element/f.2505593A71F6743E8AE774F812430ADA.d.B172455888A07D550736C66016D09D6A.e.5299/elements - {"using":"css selector","value":"td"}
RESULT: {"using":"css selector","value":"td"}
COMMAND: POST /session/f292156acc1b273c5de2837bdf35b9d0/element/f.2505593A71F6743E8AE774F812430ADA.d.B172455888A07D550736C66016D09D6A.e.5300/elements - {"using":"css selector","value":"td"}
RESULT: {"using":"css selector","value":"td"}
COMMAND: POST /session/f292156acc1b273c5de2837bdf35b9d0/element/f.2505593A71F6743E8AE774F812430ADA.d.B172455888A07D550736C66016D09D6A.e.5301/elements - {"using":"css selector","value":"td"}
RESULT: {"using":"css selector","value":"td"}
COMMAND: POST /session/f292156acc1b273c5de2837bdf35b9d0/element/f.2505593A71F6743E8AE774F812430ADA.d.B172455888A07D550736C66016D09D6A.e.5302/elements - {"using":"css selector","value":"td"}
RESULT: {"using":"css selector","value":"td"}
COMMAND: POST /session/f292156acc1b273c5de2837bdf35b9d0/element/f.2505593A71F6743E8AE774F812430ADA.d.B172455888A07D550736C66016D09D6A.e.5303/elements - {"using":"css selector","value":"td"}
RESULT: {"using":"css selector","value":"td"}
COMMAND: POST /session/f292156acc1b273c5de2837bdf35b9d0/element/f.2505593A71F6743E8AE774F812430ADA.d.B172455888A07D550736C66016D09D6A.e.5304/elements - {"using":"css selector","value":"td"}
RESULT: {"using":"css selector","value":"td"}
COMMAND: POST /session/f292156acc1b273c5de2837bdf35b9d0/element/f.2505593A71F6743E8AE774F812430ADA.d.B172455888A07D550736C66016D09D6A.e.5305/elements - {"using":"css selector","value":"td"}
RESULT: {"using":"css selector","value":"td"}
COMMAND: POST /session/f292156acc1b273c5de2837bdf35b9d0/element/f.2505593A71F6743E8AE774F812430ADA.d.B172455888A07D550736C66016D09D6A.e.5306/elements - {"using":"css selector","value":"td"}
RESULT: {"using":"css selector","value":"td"}
COMMAND: POST /session/f292156acc1b273c5de2837bdf35b9d0/element/f.2505593A71F6743E8AE774F812430ADA.d.B172455888A07D550736C66016D09D6A.e.5307/elements - {"using":"css selector","value":"td"}
RESULT: {"using":"css selector","value":"td"}
COMMAND: POST /session/f292156acc1b273c5de2837bdf35b9d0/element/f.2505593A71F6743E8AE774F812430ADA.d.B172455888A07D550736C66016D09D6A.e.5308/elements - {"using":"css selector","value":"td"}
RESULT: {"using":"css selector","value":"td"}
COMMAND: POST /session/f292156acc1b273c5de2837bdf35b9d0/element/f.2505593A71F6743E8AE774F812430ADA.d.B172455888A07D550736C66016D09D6A.e.5309/elements - {"using":"css selector","value":"td"}
RESULT: {"using":"css selector","value":"td"}
COMMAND: POST /session/f292156acc1b273c5de2837bdf35b9d0/element/f.2505593A71F6743E8AE774F812430ADA.d.B172455888A07D550736C66016D09D6A.e.5310/elements - {"using":"css selector","value":"td"}
RESULT: {"using":"css selector","value":"td"}
COMMAND: POST /session/f292156acc1b273c5de2837bdf35b9d0/element/f.2505593A71F6743E8AE774F812430ADA.d.B172455888A07D550736C66016D09D6A.e.5311/elements - {"using":"css selector","value":"td"}
RESULT: {"using":"css selector","value":"td"}
COMMAND: POST /session/f292156acc1b273c5de2837bdf35b9d0/element/f.2505593A71F6743E8AE774F812430ADA.d.B172455888A07D550736C66016D09D6A.e.5312/elements - {"using":"css selector","value":"td"}
RESULT: {"using":"css selector","value":"td"}
COMMAND: POST /session/f292156acc1b273c5de2837bdf35b9d0/element/f.2505593A71F6743E8AE774F812430ADA.d.B172455888A07D550736C66016D09D6A.e.5313/elements - {"using":"css selector","value":"td"}
RESULT: {"using":"css selector","value":"td"}
COMMAND: POST /session/f292156acc1b273c5de2837bdf35b9d0/element/f.2505593A71F6743E8AE774F812430ADA.d.B172455888A07D550736C66016D09D6A.e.5314/elements - {"using":"css selector","value":"td"}
RESULT: {"using":"css selector","value":"td"}
COMMAND: POST /session/f292156acc1b273c5de2837bdf35b9d0/element/f.2505593A71F6743E8AE774F812430ADA.d.B172455888A07D550736C66016D09D6A.e.5315/elements - {"using":"css selector","value":"td"}
RESULT: {"using":"css selector","value":"td"}
COMMAND: POST /session/f292156acc1b273c5de2837bdf35b9d0/element/f.2505593A71F6743E8AE774F812430ADA.d.B172455888A07D550736C66016D09D6A.e.5316/elements - {"using":"css selector","value":"td"}
RESULT: {"using":"css selector","value":"td"}
COMMAND: POST /session/f292156acc1b273c5de2837bdf35b9d0/element/f.2505593A71F6743E8AE774F812430ADA.d.B172455888A07D550736C66016D09D6A.e.5317/elements - {"using":"css selector","value":"td"}
RESULT: {"using":"css selector","value":"td"}
COMMAND: POST /session/f292156acc1b273c5de2837bdf35b9d0/element/f.2505593A71F6743E8AE774F812430ADA.d.B172455888A07D550736C66016D09D6A.e.5318/elements - {"using":"css selector","value":"td"}
RESULT: {"using":"css selector","value":"td"}
COMMAND: POST /session/f292156acc1b273c5de2837bdf35b9d0/element/f.2505593A71F6743E8AE774F812430ADA.d.B172455888A07D550736C66016D09D6A.e.5319/elements - {"using":"css selector","value":"td"}
RESULT: {"using":"css selector","value":"td"}
COMMAND: POST /session/f292156acc1b273c5de2837bdf35b9d0/element/f.2505593A71F6743E8AE774F812430ADA.d.B172455888A07D550736C66016D09D6A.e.5320/elements - {"using":"css selector","value":"td"}
RESULT: {"using":"css selector","value":"td"}
COMMAND: POST /session/f292156acc1b273c5de2837bdf35b9d0/element/f.2505593A71F6743E8AE774F812430ADA.d.B172455888A07D550736C66016D09D6A.e.5321/elements - {"using":"css selector","value":"td"}
RESULT: {"using":"css selector","value":"td"}
COMMAND: POST /session/f292156acc1b273c5de2837bdf35b9d0/element/f.2505593A71F6743E8AE774F812430ADA.d.B172455888A07D550736C66016D09D6A.e.5322/elements - {"using":"css selector","value":"td"}
RESULT: {"using":"css selector","value":"td"}
COMMAND: POST /session/f292156acc1b273c5de2837bdf35b9d0/element/f.2505593A71F6743E8AE774F812430ADA.d.B172455888A07D550736C66016D09D6A.e.5323/elements - {"using":"css selector","value":"td"}
RESULT: {"using":"css selector","value":"td"}
COMMAND: POST /session/f292156acc1b273c5de2837bdf35b9d0/element/f.2505593A71F6743E8AE774F812430ADA.d.B172455888A07D550736C66016D09D6A.e.5324/elements - {"using":"css selector","value":"td"}
RESULT: {"using":"css selector","value":"td"}
COMMAND: POST /session/f292156acc1b273c5de2837bdf35b9d0/element/f.2505593A71F6743E8AE774F812430ADA.d.B172455888A07D550736C66016D09D6A.e.5325/elements - {"using":"css selector","value":"td"}
RESULT: {"using":"css selector","value":"td"}
COMMAND: POST /session/f292156acc1b273c5de2837bdf35b9d0/element/f.2505593A71F6743E8AE774F812430ADA.d.B172455888A07D550736C66016D09D6A.e.5326/elements - {"using":"css selector","value":"td"}
RESULT: {"using":"css selector","value":"td"}
COMMAND: POST /session/f292156acc1b273c5de2837bdf35b9d0/element/f.2505593A71F6743E8AE774F812430ADA.d.B172455888A07D550736C66016D09D6A.e.5327/elements - {"using":"css selector","value":"td"}
RESULT: {"using":"css selector","value":"td"}
COMMAND: POST /session/f292156acc1b273c5de2837bdf35b9d0/element/f.2505593A71F6743E8AE774F812430ADA.d.B172455888A07D550736C66016D09D6A.e.5328/elements - {"using":"css selector","value":"td"}
RESULT: {"using":"css selector","value":"td"}
COMMAND: POST /session/f292156acc1b273c5de2837bdf35b9d0/element/f.2505593A71F6743E8AE774F812430ADA.d.B172455888A07D550736C66016D09D6A.e.5329/elements - {"using":"css selector","value":"td"}
RESULT: {"using":"css selector","value":"td"}
COMMAND: POST /session/f292156acc1b273c5de2837bdf35b9d0/element/f.2505593A71F6743E8AE774F812430ADA.d.B172455888A07D550736C66016D09D6A.e.5330/elements - {"using":"css selector","value":"td"}
RESULT: {"using":"css selector","value":"td"}
COMMAND: POST /session/f292156acc1b273c5de2837bdf35b9d0/element/f.2505593A71F6743E8AE774F812430ADA.d.B172455888A07D550736C66016D09D6A.e.5331/elements - {"using":"css selector","value":"td"}
RESULT: {"using":"css selector","value":"td"}
COMMAND: POST /session/f292156acc1b273c5de2837bdf35b9d0/element/f.2505593A71F6743E8AE774F812430ADA.d.B172455888A07D550736C66016D09D6A.e.5332/elements - {"using":"css selector","value":"td"}
RESULT: {"using":"css selector","value":"td"}
COMMAND: POST /session/f292156acc1b273c5de2837bdf35b9d0/element/f.2505593A71F6743E8AE774F812430ADA.d.B172455888A07D550736C66016D09D6A.e.5333/elements - {"using":"css selector","value":"td"}
RESULT: {"using":"css selector","value":"td"}
COMMAND: POST /session/f292156acc1b273c5de2837bdf35b9d0/element/f.2505593A71F6743E8AE774F812430ADA.d.B172455888A07D550736C66016D09D6A.e.5334/elements - {"using":"css selector","value":"td"}
RESULT: {"using":"css selector","value":"td"}
COMMAND: POST /session/f292156acc1b273c5de2837bdf35b9d0/element/f.2505593A71F6743E8AE774F812430ADA.d.B172455888A07D550736C66016D09D6A.e.5335/elements - {"using":"css selector","value":"td"}
RESULT: {"using":"css selector","value":"td"}
COMMAND: POST /session/f292156acc1b273c5de2837bdf35b9d0/element/f.2505593A71F6743E8AE774F812430ADA.d.B172455888A07D550736C66016D09D6A.e.5336/elements - {"using":"css selector","value":"td"}
RESULT: {"using":"css selector","value":"td"}
COMMAND: POST /session/f292156acc1b273c5de2837bdf35b9d0/element/f.2505593A71F6743E8AE774F812430ADA.d.B172455888A07D550736C66016D09D6A.e.5337/elements - {"using":"css selector","value":"td"}
RESULT: {"using":"css selector","value":"td"}
COMMAND: POST /session/f292156acc1b273c5de2837bdf35b9d0/element/f.2505593A71F6743E8AE774F812430ADA.d.B172455888A07D550736C66016D09D6A.e.5338/elements - {"using":"css selector","value":"td"}
RESULT: {"using":"css selector","value":"td"}
COMMAND: POST /session/f292156acc1b273c5de2837bdf35b9d0/element/f.2505593A71F6743E8AE774F812430ADA.d.B172455888A07D550736C66016D09D6A.e.5339/elements - {"using":"css selector","value":"td"}
RESULT: {"using":"css selector","value":"td"}
COMMAND: POST /session/f292156acc1b273c5de2837bdf35b9d0/element/f.2505593A71F6743E8AE774F812430ADA.d.B172455888A07D550736C66016D09D6A.e.5340/elements - {"using":"css selector","value":"td"}
RESULT: {"using":"css selector","value":"td"}
COMMAND: POST /session/f292156acc1b273c5de2837bdf35b9d0/element/f.2505593A71F6743E8AE774F812430ADA.d.B172455888A07D550736C66016D09D6A.e.5341/elements - {"using":"css selector","value":"td"}
RESULT: {"using":"css selector","value":"td"}
COMMAND: POST /session/f292156acc1b273c5de2837bdf35b9d0/element/f.2505593A71F6743E8AE774F812430ADA.d.B172455888A07D550736C66016D09D6A.e.5342/elements - {"using":"css selector","value":"td"}
RESULT: {"using":"css selector","value":"td"}
COMMAND: POST /session/f292156acc1b273c5de2837bdf35b9d0/element/f.2505593A71F6743E8AE774F812430ADA.d.B172455888A07D550736C66016D09D6A.e.5343/elements - {"using":"css selector","value":"td"}
RESULT: {"using":"css selector","value":"td"}
COMMAND: POST /session/f292156acc1b273c5de2837bdf35b9d0/element/f.2505593A71F6743E8AE774F812430ADA.d.B172455888A07D550736C66016D09D6A.e.5344/elements - {"using":"css selector","value":"td"}
RESULT: {"using":"css selector","value":"td"}
COMMAND: POST /session/f292156acc1b273c5de2837bdf35b9d0/element/f.2505593A71F6743E8AE774F812430ADA.d.B172455888A07D550736C66016D09D6A.e.5345/elements - {"using":"css selector","value":"td"}
RESULT: {"using":"css selector","value":"td"}
COMMAND: POST /session/f292156acc1b273c5de2837bdf35b9d0/element/f.2505593A71F6743E8AE774F812430ADA.d.B172455888A07D550736C66016D09D6A.e.5346/elements - {"using":"css selector","value":"td"}
RESULT: {"using":"css selector","value":"td"}
COMMAND: POST /session/f292156acc1b273c5de2837bdf35b9d0/element/f.2505593A71F6743E8AE774F812430ADA.d.B172455888A07D550736C66016D09D6A.e.5347/elements - {"using":"css selector","value":"td"}
RESULT: {"using":"css selector","value":"td"}
COMMAND: POST /session/f292156acc1b273c5de2837bdf35b9d0/element/f.2505593A71F6743E8AE774F812430ADA.d.B172455888A07D550736C66016D09D6A.e.5348/elements - {"using":"css selector","value":"td"}
RESULT: {"using":"css selector","value":"td"}
COMMAND: POST /session/f292156acc1b273c5de2837bdf35b9d0/element/f.2505593A71F6743E8AE774F812430ADA.d.B172455888A07D550736C66016D09D6A.e.5349/elements - {"using":"css selector","value":"td"}
RESULT: {"using":"css selector","value":"td"}
COMMAND: POST /session/f292156acc1b273c5de2837bdf35b9d0/element/f.2505593A71F6743E8AE774F812430ADA.d.B172455888A07D550736C66016D09D6A.e.5350/elements - {"using":"css selector","value":"td"}
RESULT: {"using":"css selector","value":"td"}
COMMAND: POST /session/f292156acc1b273c5de2837bdf35b9d0/element/f.2505593A71F6743E8AE774F812430ADA.d.B172455888A07D550736C66016D09D6A.e.5351/elements - {"using":"css selector","value":"td"}
RESULT: {"using":"css selector","value":"td"}
COMMAND: POST /session/f292156acc1b273c5de2837bdf35b9d0/element/f.2505593A71F6743E8AE774F812430ADA.d.B172455888A07D550736C66016D09D6A.e.5352/elements - {"using":"css selector","value":"td"}
RESULT: {"using":"css selector","value":"td"}
COMMAND: POST /session/f292156acc1b273c5de2837bdf35b9d0/element/f.2505593A71F6743E8AE774F812430ADA.d.B172455888A07D550736C66016D09D6A.e.5353/elements - {"using":"css selector","value":"td"}
RESULT: {"using":"css selector","value":"td"}
COMMAND: POST /session/f292156acc1b273c5de2837bdf35b9d0/element/f.2505593A71F6743E8AE774F812430ADA.d.B172455888A07D550736C66016D09D6A.e.6253/elements - {"using":"css selector","value":"td"}
RESULT: {"using":"css selector","value":"td"}
COMMAND: POST /session/f292156acc1b273c5de2837bdf35b9d0/element - {"using":"css selector","value":"#j_username"}
COMMAND: POST /session/f292156acc1b273c5de2837bdf35b9d0/url - {"url":"https://qa-testing-00-live-etm-ui.cfapps.eu10-004.hana.ondemand.com/"}
RESULT: {"using":"css selector","value":"#j_username"}
COMMAND: POST /session/f292156acc1b273c5de2837bdf35b9d0/element - {"using":"css selector","value":"#j_username"}
RESULT: {"url":"https://qa-testing-00-live-etm-ui.cfapps.eu10-004.hana.ondemand.com/"}
RESULT: undefined
COMMAND: GET /session/f292156acc1b273c5de2837bdf35b9d0/screenshot - {}
RESULT: {"using":"css selector","value":"#j_username"}
COMMAND: POST /session/f292156acc1b273c5de2837bdf35b9d0/element - {"using":"css selector","value":"#shell-header-logo"}
RESULT: {}
RESULT: {"using":"css selector","value":"#shell-header-logo"}
COMMAND: POST /session/f292156acc1b273c5de2837bdf35b9d0/execute/sync - {"script":"<script> [8489 bytes]","args":[{"element-6066-11e4-a52e-4f735466cecf":"f.2505593A71F6743E8AE774F812430ADA.d.32D4226BEA14345FCFBB39DD4AB32F6E.e.6265","ELEMENT":"f.2505593A71F6743E8AE774F812430ADA.d.32D4226BEA14345FCFBB39DD4AB32F6E.e.6265"}]}
RESULT: {"script":"<script> [8489 bytes]","args":[{"element-6066-11e4-a52e-4f735466cecf":"f.2505593A71F6743E8AE774F812430ADA.d.32D4226BEA14345FCFBB39DD4AB32F6E.e.6265","ELEMENT":"f.2505593A71F6743E8AE774F812430ADA.d.32D4226BEA14345FCFBB39DD4AB32F6E.e.6265"}]}
COMMAND: POST /session/f292156acc1b273c5de2837bdf35b9d0/element - {"using":"css selector","value":"#shell-header-logo"}
COMMAND: GET /session/f292156acc1b273c5de2837bdf35b9d0/screenshot - {}
RESULT: {"using":"css selector","value":"#shell-header-logo"}
COMMAND: POST /session/f292156acc1b273c5de2837bdf35b9d0/execute/sync - {"script":"<script> [8489 bytes]","args":[{"element-6066-11e4-a52e-4f735466cecf":"f.2505593A71F6743E8AE774F812430ADA.d.32D4226BEA14345FCFBB39DD4AB32F6E.e.6265","ELEMENT":"f.2505593A71F6743E8AE774F812430ADA.d.32D4226BEA14345FCFBB39DD4AB32F6E.e.6265"}]}
RESULT: {}
RESULT: {"script":"<script> [8489 bytes]","args":[{"element-6066-11e4-a52e-4f735466cecf":"f.2505593A71F6743E8AE774F812430ADA.d.32D4226BEA14345FCFBB39DD4AB32F6E.e.6265","ELEMENT":"f.2505593A71F6743E8AE774F812430ADA.d.32D4226BEA14345FCFBB39DD4AB32F6E.e.6265"}]}
COMMAND: POST /session/f292156acc1b273c5de2837bdf35b9d0/execute/sync - {"script":"<script> [5351 bytes]","args":[{"element-6066-11e4-a52e-4f735466cecf":"f.2505593A71F6743E8AE774F812430ADA.d.32D4226BEA14345FCFBB39DD4AB32F6E.e.6265","ELEMENT":"f.2505593A71F6743E8AE774F812430ADA.d.32D4226BEA14345FCFBB39DD4AB32F6E.e.6265"}]}
COMMAND: GET /session/f292156acc1b273c5de2837bdf35b9d0/screenshot - {}
RESULT: {"script":"<script> [5351 bytes]","args":[{"element-6066-11e4-a52e-4f735466cecf":"f.2505593A71F6743E8AE774F812430ADA.d.32D4226BEA14345FCFBB39DD4AB32F6E.e.6265","ELEMENT":"f.2505593A71F6743E8AE774F812430ADA.d.32D4226BEA14345FCFBB39DD4AB32F6E.e.6265"}]}
COMMAND: POST /session/f292156acc1b273c5de2837bdf35b9d0/element - {"using":"css selector","value":"#shell-header-logo"}
COMMAND: GET /session/f292156acc1b273c5de2837bdf35b9d0/screenshot - {}
RESULT: {}
RESULT: {"using":"css selector","value":"#shell-header-logo"}
COMMAND: POST /session/f292156acc1b273c5de2837bdf35b9d0/element/f.2505593A71F6743E8AE774F812430ADA.d.32D4226BEA14345FCFBB39DD4AB32F6E.e.6265/click - {}
RESULT: {}
RESULT: {}
COMMAND: GET /session/f292156acc1b273c5de2837bdf35b9d0/screenshot - {}
RESULT: {}
COMMAND: POST /session/f292156acc1b273c5de2837bdf35b9d0/execute/async - {"script":"<script> [189 bytes]","args":[]}
RESULT: {"script":"<script> [189 bytes]","args":[]}
COMMAND: POST /session/f292156acc1b273c5de2837bdf35b9d0/execute/async - {"script":"<script> [123 bytes]","args":[]}
RESULT: {"script":"<script> [123 bytes]","args":[]}
COMMAND: POST /session/f292156acc1b273c5de2837bdf35b9d0/timeouts - {"script":"<number>"}
RESULT: {"script":"<number>"}
COMMAND: GET /session/f292156acc1b273c5de2837bdf35b9d0/timeouts - {}
RESULT: {}
RESULT: undefined
COMMAND: POST /session/f292156acc1b273c5de2837bdf35b9d0/execute/async - {"script":"<script> [2676 bytes]","args":[]}
RESULT: {"script":"<script> [2676 bytes]","args":[]}
COMMAND: POST /session/f292156acc1b273c5de2837bdf35b9d0/execute/async - {"script":"<script> [2342 bytes]","args":[{"protocol":"http","hostname":"0.0.0.0","path":"/","capabilities":{"browserName":"chrome","goog:chromeOptions":{"binary":"C:\\Program Files\\Google\\Chrome\\Application\\chrome.exe","args":["--start-maximized"]}},"logLevel":"warn","connectionRetryTimeout":120000,"connectionRetryCount":3,"logLevels":{},"enableDirectConnect":true,"strictSSL":true,"_":"65 more keys: [\"cacheDir\",\"port\",\"requestedCapabilities\",\"automationProtocol\",\"baseUrl\",\"waitforInterval\",\"waitforTimeout\",\"onReload\",\"beforeCommand\",\"afterCommand\",\"rootDir\",\"specs\",\"suites\",\"exclude\",\"groupLogsByTestSpec\",\"excludeDriverLogs\",\"bail\",\"framework\",\"reporters\",\"services\",\"maxInstances\",\"maxInstancesPerCapability\",\"injectGlobals\",\"filesToWatch\",\"execArgv\",\"runnerEnv\",\"runner\",\"shard\",\"specFileRetries\",\"specFileRetriesDelay\",\"specFileRetriesDeferred\",\"reporterSyncInterval\",\"reporterSyncTimeout\",\"cucumberFeaturesWithLineNumbers\",\"autoCompileOpts\",\"mochaOpts\",\"jasmineOpts\",\"cucumberOpts\",\"onPrepare\",\"onWorkerStart\",\"onWorkerEnd\",\"before\",\"beforeSession\",\"beforeSuite\",\"beforeHook\",\"beforeTest\",\"afterTest\",\"afterHook\",\"afterSuite\",\"afterSession\",\"after\",\"onComplete\",\"beforeAssertion\",\"afterAssertion\",\"beforeFeature\",\"beforeScenario\",\"beforeStep\",\"afterStep\",\"afterScenario\",\"afterFeature\",\"_\",\"suite\",\"$0\",\"ignoredWorkerServices\",\"wdi5\"]"}]}
RESULT: {"script":"<script> [2342 bytes]","args":[{"protocol":"http","hostname":"0.0.0.0","path":"/","capabilities":{"browserName":"chrome","goog:chromeOptions":{"binary":"C:\\Program Files\\Google\\Chrome\\Application\\chrome.exe","args":["--start-maximized"]}},"logLevel":"warn","connectionRetryTimeout":120000,"connectionRetryCount":3,"logLevels":{},"enableDirectConnect":true,"strictSSL":true,"_":"65 more keys: [\"cacheDir\",\"port\",\"requestedCapabilities\",\"automationProtocol\",\"baseUrl\",\"waitforInterval\",\"waitforTimeout\",\"onReload\",\"beforeCommand\",\"afterCommand\",\"rootDir\",\"specs\",\"suites\",\"exclude\",\"groupLogsByTestSpec\",\"excludeDriverLogs\",\"bail\",\"framework\",\"reporters\",\"services\",\"maxInstances\",\"maxInstancesPerCapability\",\"injectGlobals\",\"filesToWatch\",\"execArgv\",\"runnerEnv\",\"runner\",\"shard\",\"specFileRetries\",\"specFileRetriesDelay\",\"specFileRetriesDeferred\",\"reporterSyncInterval\",\"reporterSyncTimeout\",\"cucumberFeaturesWithLineNumbers\",\"autoCompileOpts\",\"mochaOpts\",\"jasmineOpts\",\"cucumberOpts\",\"onPrepare\",\"onWorkerStart\",\"onWorkerEnd\",\"before\",\"beforeSession\",\"beforeSuite\",\"beforeHook\",\"beforeTest\",\"afterTest\",\"afterHook\",\"afterSuite\",\"afterSession\",\"after\",\"onComplete\",\"beforeAssertion\",\"afterAssertion\",\"beforeFeature\",\"beforeScenario\",\"beforeStep\",\"afterStep\",\"afterScenario\",\"afterFeature\",\"_\",\"suite\",\"$0\",\"ignoredWorkerServices\",\"wdi5\"]"}]}
COMMAND: POST /session/f292156acc1b273c5de2837bdf35b9d0/execute/async - {"script":"<script> [21126 bytes]","args":[35000]}
RESULT: {"script":"<script> [21126 bytes]","args":[35000]}
COMMAND: POST /session/f292156acc1b273c5de2837bdf35b9d0/window/maximize - {}
RESULT: {}
COMMAND: POST /session/f292156acc1b273c5de2837bdf35b9d0/execute/async - {"script":"<script> [1562 bytes]","args":[{"selector":{"id":"shell-header","interaction":{"idSuffix":"icon"}},"wdio_ui5_key":"shellheader"}]}
COMMAND: GET /session/f292156acc1b273c5de2837bdf35b9d0/screenshot - {}
RESULT: {"script":"<script> [1562 bytes]","args":[{"selector":{"id":"shell-header","interaction":{"idSuffix":"icon"}},"wdio_ui5_key":"shellheader"}]}
RESULT: undefined
COMMAND: POST /session/f292156acc1b273c5de2837bdf35b9d0/refresh - {}
RESULT: {}
RESULT: {}
COMMAND: GET /session/f292156acc1b273c5de2837bdf35b9d0/screenshot - {}
RESULT: {}
COMMAND: POST /session/f292156acc1b273c5de2837bdf35b9d0/refresh - {}
RESULT: {}
COMMAND: GET /session/f292156acc1b273c5de2837bdf35b9d0/screenshot - {}
RESULT: {}
COMMAND: POST /session/f292156acc1b273c5de2837bdf35b9d0/window/fullscreen - {}
RESULT: {}
COMMAND: POST /session/f292156acc1b273c5de2837bdf35b9d0/execute/async - {"script":"<script> [189 bytes]","args":[]}
RESULT: {"script":"<script> [189 bytes]","args":[]}
COMMAND: POST /session/f292156acc1b273c5de2837bdf35b9d0/execute/async - {"script":"<script> [123 bytes]","args":[]}
RESULT: {"script":"<script> [123 bytes]","args":[]}
COMMAND: POST /session/f292156acc1b273c5de2837bdf35b9d0/timeouts - {"script":"<number>"}
RESULT: {"script":"<number>"}
COMMAND: GET /session/f292156acc1b273c5de2837bdf35b9d0/timeouts - {}
RESULT: {}
RESULT: undefined
COMMAND: POST /session/f292156acc1b273c5de2837bdf35b9d0/execute/async - {"script":"<script> [2676 bytes]","args":[]}
RESULT: {"script":"<script> [2676 bytes]","args":[]}
COMMAND: POST /session/f292156acc1b273c5de2837bdf35b9d0/execute/async - {"script":"<script> [2342 bytes]","args":[{"protocol":"http","hostname":"0.0.0.0","path":"/","capabilities":{"browserName":"chrome","goog:chromeOptions":{"binary":"C:\\Program Files\\Google\\Chrome\\Application\\chrome.exe","args":["--start-maximized"]}},"logLevel":"warn","connectionRetryTimeout":120000,"connectionRetryCount":3,"logLevels":{},"enableDirectConnect":true,"strictSSL":true,"_":"65 more keys: [\"cacheDir\",\"port\",\"requestedCapabilities\",\"automationProtocol\",\"baseUrl\",\"waitforInterval\",\"waitforTimeout\",\"onReload\",\"beforeCommand\",\"afterCommand\",\"rootDir\",\"specs\",\"suites\",\"exclude\",\"groupLogsByTestSpec\",\"excludeDriverLogs\",\"bail\",\"framework\",\"reporters\",\"services\",\"maxInstances\",\"maxInstancesPerCapability\",\"injectGlobals\",\"filesToWatch\",\"execArgv\",\"runnerEnv\",\"runner\",\"shard\",\"specFileRetries\",\"specFileRetriesDelay\",\"specFileRetriesDeferred\",\"reporterSyncInterval\",\"reporterSyncTimeout\",\"cucumberFeaturesWithLineNumbers\",\"autoCompileOpts\",\"mochaOpts\",\"jasmineOpts\",\"cucumberOpts\",\"onPrepare\",\"onWorkerStart\",\"onWorkerEnd\",\"before\",\"beforeSession\",\"beforeSuite\",\"beforeHook\",\"beforeTest\",\"afterTest\",\"afterHook\",\"afterSuite\",\"afterSession\",\"after\",\"onComplete\",\"beforeAssertion\",\"afterAssertion\",\"beforeFeature\",\"beforeScenario\",\"beforeStep\",\"afterStep\",\"afterScenario\",\"afterFeature\",\"_\",\"suite\",\"$0\",\"ignoredWorkerServices\",\"wdi5\"]"}]}
RESULT: {"script":"<script> [2342 bytes]","args":[{"protocol":"http","hostname":"0.0.0.0","path":"/","capabilities":{"browserName":"chrome","goog:chromeOptions":{"binary":"C:\\Program Files\\Google\\Chrome\\Application\\chrome.exe","args":["--start-maximized"]}},"logLevel":"warn","connectionRetryTimeout":120000,"connectionRetryCount":3,"logLevels":{},"enableDirectConnect":true,"strictSSL":true,"_":"65 more keys: [\"cacheDir\",\"port\",\"requestedCapabilities\",\"automationProtocol\",\"baseUrl\",\"waitforInterval\",\"waitforTimeout\",\"onReload\",\"beforeCommand\",\"afterCommand\",\"rootDir\",\"specs\",\"suites\",\"exclude\",\"groupLogsByTestSpec\",\"excludeDriverLogs\",\"bail\",\"framework\",\"reporters\",\"services\",\"maxInstances\",\"maxInstancesPerCapability\",\"injectGlobals\",\"filesToWatch\",\"execArgv\",\"runnerEnv\",\"runner\",\"shard\",\"specFileRetries\",\"specFileRetriesDelay\",\"specFileRetriesDeferred\",\"reporterSyncInterval\",\"reporterSyncTimeout\",\"cucumberFeaturesWithLineNumbers\",\"autoCompileOpts\",\"mochaOpts\",\"jasmineOpts\",\"cucumberOpts\",\"onPrepare\",\"onWorkerStart\",\"onWorkerEnd\",\"before\",\"beforeSession\",\"beforeSuite\",\"beforeHook\",\"beforeTest\",\"afterTest\",\"afterHook\",\"afterSuite\",\"afterSession\",\"after\",\"onComplete\",\"beforeAssertion\",\"afterAssertion\",\"beforeFeature\",\"beforeScenario\",\"beforeStep\",\"afterStep\",\"afterScenario\",\"afterFeature\",\"_\",\"suite\",\"$0\",\"ignoredWorkerServices\",\"wdi5\"]"}]}
COMMAND: POST /session/f292156acc1b273c5de2837bdf35b9d0/execute/async - {"script":"<script> [21126 bytes]","args":[35000]}
RESULT: {"script":"<script> [21126 bytes]","args":[35000]}
]]></system-out>
    </testcase>
  </testsuite>
  <testsuite timestamp="2025-05-28T17:14:42" time="480.164" tests="9" failures="0" errors="0" skipped="0">
    <properties>
      <property name="specId" value="0"/>
      <property name="suiteName" value="US134625 Set up price condition - one time"/>
      <property name="capabilities" value="chrome.136_0_7103_93.windows"/>
      <property name="file" value="file:///D:/a/1/s/test/specs/BTS/set-up-price-condition-one-time.spec.js"/>
    </properties>
    <testcase classname="chrome.136_0_7103_93.windows.US134625_Set_up_price_condition_-_one_time" name="Should create a new yard used for all following tests" time="7.438">
      <system-out><![CDATA[
COMMAND: POST /session/f292156acc1b273c5de2837bdf35b9d0/window/fullscreen - {}
RESULT: {}
]]></system-out>
    </testcase>
    <testcase classname="chrome.136_0_7103_93.windows.US134625_Set_up_price_condition_-_one_time" name="Should create a new partner" time="0.004"/>
    <testcase classname="chrome.136_0_7103_93.windows.US134625_Set_up_price_condition_-_one_time" name="Should create a new site used for following tests" time="0.004"/>
    <testcase classname="chrome.136_0_7103_93.windows.US134625_Set_up_price_condition_-_one_time" name="Should create a new material for billing type one time" time="131.374">
      <system-out><![CDATA[
COMMAND: POST /session/f292156acc1b273c5de2837bdf35b9d0/execute/async - {"script":"<script> [1562 bytes]","args":[{"selector":{"controlType":"sap.m.GenericTile","properties":{"header":"Manage Resources"}},"wdio_ui5_key":"sapm.GenericTile{\"header\":\"Manage Resources\"}"}]}
RESULT: {"script":"<script> [1562 bytes]","args":[{"selector":{"controlType":"sap.m.GenericTile","properties":{"header":"Manage Resources"}},"wdio_ui5_key":"sapm.GenericTile{\"header\":\"Manage Resources\"}"}]}
RESULT: undefined
COMMAND: POST /session/f292156acc1b273c5de2837bdf35b9d0/element - {"using":"xpath","value":"//*[@id=\"__tile39\"]"}
RESULT: {"using":"xpath","value":"//*[@id=\"__tile39\"]"}
COMMAND: POST /session/f292156acc1b273c5de2837bdf35b9d0/element/f.2505593A71F6743E8AE774F812430ADA.d.0155CAFE7B4B86AE43E76A64BD6A6ED6.e.6419/click - {}
RESULT: {}
COMMAND: GET /session/f292156acc1b273c5de2837bdf35b9d0/screenshot - {}
RESULT: {}
COMMAND: POST /session/f292156acc1b273c5de2837bdf35b9d0/elements - {"using":"xpath","value":"//span[text()='Error']"}
RESULT: {"using":"xpath","value":"//span[text()='Error']"}
COMMAND: POST /session/f292156acc1b273c5de2837bdf35b9d0/element - {"using":"xpath","value":"//button[@data-kt=\"addNewRUOverflowToolbarButton\"]"}
RESULT: {"using":"xpath","value":"//button[@data-kt=\"addNewRUOverflowToolbarButton\"]"}
COMMAND: POST /session/f292156acc1b273c5de2837bdf35b9d0/elements - {"using":"xpath","value":"//button[@data-kt=\"addNewRUOverflowToolbarButton\"]"}
RESULT: {"using":"xpath","value":"//button[@data-kt=\"addNewRUOverflowToolbarButton\"]"}
COMMAND: POST /session/f292156acc1b273c5de2837bdf35b9d0/elements - {"using":"xpath","value":"//button[@data-kt=\"addNewRUOverflowToolbarButton\"]"}
RESULT: {"using":"xpath","value":"//button[@data-kt=\"addNewRUOverflowToolbarButton\"]"}
COMMAND: POST /session/f292156acc1b273c5de2837bdf35b9d0/elements - {"using":"xpath","value":"//button[@data-kt=\"addNewRUOverflowToolbarButton\"]"}
RESULT: {"using":"xpath","value":"//button[@data-kt=\"addNewRUOverflowToolbarButton\"]"}
COMMAND: POST /session/f292156acc1b273c5de2837bdf35b9d0/elements - {"using":"xpath","value":"//button[@data-kt=\"addNewRUOverflowToolbarButton\"]"}
RESULT: {"using":"xpath","value":"//button[@data-kt=\"addNewRUOverflowToolbarButton\"]"}
COMMAND: POST /session/f292156acc1b273c5de2837bdf35b9d0/elements - {"using":"xpath","value":"//button[@data-kt=\"addNewRUOverflowToolbarButton\"]"}
RESULT: {"using":"xpath","value":"//button[@data-kt=\"addNewRUOverflowToolbarButton\"]"}
COMMAND: POST /session/f292156acc1b273c5de2837bdf35b9d0/elements - {"using":"xpath","value":"//button[@data-kt=\"addNewRUOverflowToolbarButton\"]"}
RESULT: {"using":"xpath","value":"//button[@data-kt=\"addNewRUOverflowToolbarButton\"]"}
COMMAND: POST /session/f292156acc1b273c5de2837bdf35b9d0/elements - {"using":"xpath","value":"//button[@data-kt=\"addNewRUOverflowToolbarButton\"]"}
RESULT: {"using":"xpath","value":"//button[@data-kt=\"addNewRUOverflowToolbarButton\"]"}
COMMAND: POST /session/f292156acc1b273c5de2837bdf35b9d0/elements - {"using":"xpath","value":"//button[@data-kt=\"addNewRUOverflowToolbarButton\"]"}
RESULT: {"using":"xpath","value":"//button[@data-kt=\"addNewRUOverflowToolbarButton\"]"}
COMMAND: POST /session/f292156acc1b273c5de2837bdf35b9d0/elements - {"using":"xpath","value":"//button[@data-kt=\"addNewRUOverflowToolbarButton\"]"}
RESULT: {"using":"xpath","value":"//button[@data-kt=\"addNewRUOverflowToolbarButton\"]"}
COMMAND: POST /session/f292156acc1b273c5de2837bdf35b9d0/elements - {"using":"xpath","value":"//button[@data-kt=\"addNewRUOverflowToolbarButton\"]"}
RESULT: {"using":"xpath","value":"//button[@data-kt=\"addNewRUOverflowToolbarButton\"]"}
COMMAND: POST /session/f292156acc1b273c5de2837bdf35b9d0/elements - {"using":"xpath","value":"//button[@data-kt=\"addNewRUOverflowToolbarButton\"]"}
RESULT: {"using":"xpath","value":"//button[@data-kt=\"addNewRUOverflowToolbarButton\"]"}
COMMAND: POST /session/f292156acc1b273c5de2837bdf35b9d0/elements - {"using":"xpath","value":"//button[@data-kt=\"addNewRUOverflowToolbarButton\"]"}
RESULT: {"using":"xpath","value":"//button[@data-kt=\"addNewRUOverflowToolbarButton\"]"}
COMMAND: POST /session/f292156acc1b273c5de2837bdf35b9d0/elements - {"using":"xpath","value":"//button[@data-kt=\"addNewRUOverflowToolbarButton\"]"}
RESULT: {"using":"xpath","value":"//button[@data-kt=\"addNewRUOverflowToolbarButton\"]"}
COMMAND: POST /session/f292156acc1b273c5de2837bdf35b9d0/elements - {"using":"xpath","value":"//button[@data-kt=\"addNewRUOverflowToolbarButton\"]"}
RESULT: {"using":"xpath","value":"//button[@data-kt=\"addNewRUOverflowToolbarButton\"]"}
COMMAND: POST /session/f292156acc1b273c5de2837bdf35b9d0/elements - {"using":"xpath","value":"//button[@data-kt=\"addNewRUOverflowToolbarButton\"]"}
RESULT: {"using":"xpath","value":"//button[@data-kt=\"addNewRUOverflowToolbarButton\"]"}
COMMAND: POST /session/f292156acc1b273c5de2837bdf35b9d0/elements - {"using":"xpath","value":"//button[@data-kt=\"addNewRUOverflowToolbarButton\"]"}
RESULT: {"using":"xpath","value":"//button[@data-kt=\"addNewRUOverflowToolbarButton\"]"}
COMMAND: POST /session/f292156acc1b273c5de2837bdf35b9d0/elements - {"using":"xpath","value":"//button[@data-kt=\"addNewRUOverflowToolbarButton\"]"}
RESULT: {"using":"xpath","value":"//button[@data-kt=\"addNewRUOverflowToolbarButton\"]"}
COMMAND: POST /session/f292156acc1b273c5de2837bdf35b9d0/elements - {"using":"xpath","value":"//button[@data-kt=\"addNewRUOverflowToolbarButton\"]"}
RESULT: {"using":"xpath","value":"//button[@data-kt=\"addNewRUOverflowToolbarButton\"]"}
COMMAND: POST /session/f292156acc1b273c5de2837bdf35b9d0/elements - {"using":"xpath","value":"//button[@data-kt=\"addNewRUOverflowToolbarButton\"]"}
RESULT: {"using":"xpath","value":"//button[@data-kt=\"addNewRUOverflowToolbarButton\"]"}
COMMAND: POST /session/f292156acc1b273c5de2837bdf35b9d0/elements - {"using":"xpath","value":"//button[@data-kt=\"addNewRUOverflowToolbarButton\"]"}
RESULT: {"using":"xpath","value":"//button[@data-kt=\"addNewRUOverflowToolbarButton\"]"}
COMMAND: POST /session/f292156acc1b273c5de2837bdf35b9d0/elements - {"using":"xpath","value":"//button[@data-kt=\"addNewRUOverflowToolbarButton\"]"}
RESULT: {"using":"xpath","value":"//button[@data-kt=\"addNewRUOverflowToolbarButton\"]"}
COMMAND: POST /session/f292156acc1b273c5de2837bdf35b9d0/elements - {"using":"xpath","value":"//button[@data-kt=\"addNewRUOverflowToolbarButton\"]"}
RESULT: {"using":"xpath","value":"//button[@data-kt=\"addNewRUOverflowToolbarButton\"]"}
COMMAND: POST /session/f292156acc1b273c5de2837bdf35b9d0/element - {"using":"xpath","value":"//button[@data-kt=\"addNewRUOverflowToolbarButton\"]"}
RESULT: {"using":"xpath","value":"//button[@data-kt=\"addNewRUOverflowToolbarButton\"]"}
COMMAND: POST /session/f292156acc1b273c5de2837bdf35b9d0/execute/sync - {"script":"<script> [8489 bytes]","args":[{"element-6066-11e4-a52e-4f735466cecf":"f.2505593A71F6743E8AE774F812430ADA.d.0155CAFE7B4B86AE43E76A64BD6A6ED6.e.6574","ELEMENT":"f.2505593A71F6743E8AE774F812430ADA.d.0155CAFE7B4B86AE43E76A64BD6A6ED6.e.6574"}]}
RESULT: {"script":"<script> [8489 bytes]","args":[{"element-6066-11e4-a52e-4f735466cecf":"f.2505593A71F6743E8AE774F812430ADA.d.0155CAFE7B4B86AE43E76A64BD6A6ED6.e.6574","ELEMENT":"f.2505593A71F6743E8AE774F812430ADA.d.0155CAFE7B4B86AE43E76A64BD6A6ED6.e.6574"}]}
COMMAND: GET /session/f292156acc1b273c5de2837bdf35b9d0/element/f.2505593A71F6743E8AE774F812430ADA.d.0155CAFE7B4B86AE43E76A64BD6A6ED6.e.6574/enabled - {}
COMMAND: GET /session/f292156acc1b273c5de2837bdf35b9d0/screenshot - {}
RESULT: {}
COMMAND: POST /session/f292156acc1b273c5de2837bdf35b9d0/execute/sync - {"script":"<script> [8489 bytes]","args":[{"element-6066-11e4-a52e-4f735466cecf":"f.2505593A71F6743E8AE774F812430ADA.d.0155CAFE7B4B86AE43E76A64BD6A6ED6.e.6574","ELEMENT":"f.2505593A71F6743E8AE774F812430ADA.d.0155CAFE7B4B86AE43E76A64BD6A6ED6.e.6574"}]}
COMMAND: GET /session/f292156acc1b273c5de2837bdf35b9d0/screenshot - {}
RESULT: {}
RESULT: {"script":"<script> [8489 bytes]","args":[{"element-6066-11e4-a52e-4f735466cecf":"f.2505593A71F6743E8AE774F812430ADA.d.0155CAFE7B4B86AE43E76A64BD6A6ED6.e.6574","ELEMENT":"f.2505593A71F6743E8AE774F812430ADA.d.0155CAFE7B4B86AE43E76A64BD6A6ED6.e.6574"}]}
COMMAND: POST /session/f292156acc1b273c5de2837bdf35b9d0/execute/sync - {"script":"<script> [5351 bytes]","args":[{"element-6066-11e4-a52e-4f735466cecf":"f.2505593A71F6743E8AE774F812430ADA.d.0155CAFE7B4B86AE43E76A64BD6A6ED6.e.6574","ELEMENT":"f.2505593A71F6743E8AE774F812430ADA.d.0155CAFE7B4B86AE43E76A64BD6A6ED6.e.6574"}]}
COMMAND: GET /session/f292156acc1b273c5de2837bdf35b9d0/screenshot - {}
RESULT: {}
RESULT: {"script":"<script> [5351 bytes]","args":[{"element-6066-11e4-a52e-4f735466cecf":"f.2505593A71F6743E8AE774F812430ADA.d.0155CAFE7B4B86AE43E76A64BD6A6ED6.e.6574","ELEMENT":"f.2505593A71F6743E8AE774F812430ADA.d.0155CAFE7B4B86AE43E76A64BD6A6ED6.e.6574"}]}
COMMAND: POST /session/f292156acc1b273c5de2837bdf35b9d0/element/f.2505593A71F6743E8AE774F812430ADA.d.0155CAFE7B4B86AE43E76A64BD6A6ED6.e.6574/click - {}
COMMAND: GET /session/f292156acc1b273c5de2837bdf35b9d0/screenshot - {}
RESULT: {}
RESULT: {}
COMMAND: GET /session/f292156acc1b273c5de2837bdf35b9d0/screenshot - {}
COMMAND: POST /session/f292156acc1b273c5de2837bdf35b9d0/execute/async - {"script":"<script> [1562 bytes]","args":[{"selector":{"id":"application-manageresources-display-component---newResourceUnit--TYPE-arrow"},"wdio_ui5_key":"applicationmanageresources-display-component---newResourceUnit--TYPE-arrow"}]}
RESULT: {}
RESULT: {}
RESULT: {"script":"<script> [1562 bytes]","args":[{"selector":{"id":"application-manageresources-display-component---newResourceUnit--TYPE-arrow"},"wdio_ui5_key":"applicationmanageresources-display-component---newResourceUnit--TYPE-arrow"}]}
RESULT: undefined
COMMAND: POST /session/f292156acc1b273c5de2837bdf35b9d0/element - {"using":"xpath","value":"//*[@id=\"application-manageresources-display-component---newResourceUnit--TYPE-arrow\"]"}
RESULT: {"using":"xpath","value":"//*[@id=\"application-manageresources-display-component---newResourceUnit--TYPE-arrow\"]"}
COMMAND: POST /session/f292156acc1b273c5de2837bdf35b9d0/element/f.2505593A71F6743E8AE774F812430ADA.d.0155CAFE7B4B86AE43E76A64BD6A6ED6.e.6918/click - {}
RESULT: {}
COMMAND: POST /session/f292156acc1b273c5de2837bdf35b9d0/element - {"using":"xpath","value":"//input[@id=\"application-manageresources-display-component---newResourceUnit--TYPE-inner\"]"}
COMMAND: GET /session/f292156acc1b273c5de2837bdf35b9d0/screenshot - {}
RESULT: {"using":"xpath","value":"//input[@id=\"application-manageresources-display-component---newResourceUnit--TYPE-inner\"]"}
COMMAND: POST /session/f292156acc1b273c5de2837bdf35b9d0/element/f.2505593A71F6743E8AE774F812430ADA.d.0155CAFE7B4B86AE43E76A64BD6A6ED6.e.6914/clear - {}
RESULT: {}
RESULT: {}
COMMAND: POST /session/f292156acc1b273c5de2837bdf35b9d0/element/f.2505593A71F6743E8AE774F812430ADA.d.0155CAFE7B4B86AE43E76A64BD6A6ED6.e.6914/value - {"text":"Material"}
COMMAND: GET /session/f292156acc1b273c5de2837bdf35b9d0/screenshot - {}
RESULT: {"text":"Material"}
COMMAND: GET /session/f292156acc1b273c5de2837bdf35b9d0/screenshot - {}
RESULT: {}
RESULT: {}
COMMAND: POST /session/f292156acc1b273c5de2837bdf35b9d0/actions - {"actions":[{"id":"action19","type":"key","parameters":{},"actions":[{"type":"keyDown","value":""},{"type":"pause","duration":10},{"type":"keyUp","value":""}]}]}
RESULT: {"actions":[{"id":"action19","type":"key","parameters":{},"actions":[{"type":"keyDown","value":""},{"type":"pause","duration":10},{"type":"keyUp","value":""}]}]}
COMMAND: POST /session/f292156acc1b273c5de2837bdf35b9d0/execute/async - {"script":"<script> [1562 bytes]","args":[{"selector":{"id":"application-manageresources-display-component---newResourceUnit--SHORT_TEXT","interaction":{"idSuffix":"inner"}},"wdio_ui5_key":"applicationmanageresources-display-component---newResourceUnit--SHORT_TEXT"}]}
COMMAND: GET /session/f292156acc1b273c5de2837bdf35b9d0/screenshot - {}
RESULT: {"script":"<script> [1562 bytes]","args":[{"selector":{"id":"application-manageresources-display-component---newResourceUnit--SHORT_TEXT","interaction":{"idSuffix":"inner"}},"wdio_ui5_key":"applicationmanageresources-display-component---newResourceUnit--SHORT_TEXT"}]}
RESULT: undefined
COMMAND: POST /session/f292156acc1b273c5de2837bdf35b9d0/execute/async - {"script":"<script> [776 bytes]","args":[{"enterText":"Cement WDIO","selector":{"id":"application-manageresources-display-component---newResourceUnit--SHORT_TEXT","interaction":{"idSuffix":"inner"}},"clearTextFirst":true,"interactionType":"ENTER_TEXT"}]}
RESULT: {}
RESULT: {"script":"<script> [776 bytes]","args":[{"enterText":"Cement WDIO","selector":{"id":"application-manageresources-display-component---newResourceUnit--SHORT_TEXT","interaction":{"idSuffix":"inner"}},"clearTextFirst":true,"interactionType":"ENTER_TEXT"}]}
COMMAND: POST /session/f292156acc1b273c5de2837bdf35b9d0/execute/async - {"script":"<script> [1562 bytes]","args":[{"selector":{"id":"application-manageresources-display-component---newResourceUnit--BASE_UNIT_OF_MEASURE","interaction":{"idSuffix":"inner"}},"wdio_ui5_key":"applicationmanageresources-display-component---newResourceUnit--BASE_UNIT_OF_MEASURE"}]}
RESULT: {"script":"<script> [1562 bytes]","args":[{"selector":{"id":"application-manageresources-display-component---newResourceUnit--BASE_UNIT_OF_MEASURE","interaction":{"idSuffix":"inner"}},"wdio_ui5_key":"applicationmanageresources-display-component---newResourceUnit--BASE_UNIT_OF_MEASURE"}]}
RESULT: undefined
COMMAND: POST /session/f292156acc1b273c5de2837bdf35b9d0/execute/async - {"script":"<script> [776 bytes]","args":[{"enterText":"Piece","selector":{"id":"application-manageresources-display-component---newResourceUnit--BASE_UNIT_OF_MEASURE","interaction":{"idSuffix":"inner"}},"clearTextFirst":true,"interactionType":"ENTER_TEXT"}]}
RESULT: {"script":"<script> [776 bytes]","args":[{"enterText":"Piece","selector":{"id":"application-manageresources-display-component---newResourceUnit--BASE_UNIT_OF_MEASURE","interaction":{"idSuffix":"inner"}},"clearTextFirst":true,"interactionType":"ENTER_TEXT"}]}
COMMAND: POST /session/f292156acc1b273c5de2837bdf35b9d0/execute/async - {"script":"<script> [1562 bytes]","args":[{"selector":{"id":"application-manageresources-display-component---newResourceUnit--WEIGHT_UNIT","interaction":{"idSuffix":"inner"}},"wdio_ui5_key":"applicationmanageresources-display-component---newResourceUnit--WEIGHT_UNIT"}]}
RESULT: {"script":"<script> [1562 bytes]","args":[{"selector":{"id":"application-manageresources-display-component---newResourceUnit--WEIGHT_UNIT","interaction":{"idSuffix":"inner"}},"wdio_ui5_key":"applicationmanageresources-display-component---newResourceUnit--WEIGHT_UNIT"}]}
RESULT: undefined
COMMAND: POST /session/f292156acc1b273c5de2837bdf35b9d0/execute/async - {"script":"<script> [776 bytes]","args":[{"enterText":"Gram","selector":{"id":"application-manageresources-display-component---newResourceUnit--WEIGHT_UNIT","interaction":{"idSuffix":"inner"}},"clearTextFirst":true,"interactionType":"ENTER_TEXT"}]}
RESULT: {"script":"<script> [776 bytes]","args":[{"enterText":"Gram","selector":{"id":"application-manageresources-display-component---newResourceUnit--WEIGHT_UNIT","interaction":{"idSuffix":"inner"}},"clearTextFirst":true,"interactionType":"ENTER_TEXT"}]}
COMMAND: POST /session/f292156acc1b273c5de2837bdf35b9d0/execute/async - {"script":"<script> [1562 bytes]","args":[{"selector":{"id":"application-manageresources-display-component---newResourceUnit--DIMENSION_UNIT","interaction":{"idSuffix":"inner"}},"wdio_ui5_key":"applicationmanageresources-display-component---newResourceUnit--DIMENSION_UNIT"}]}
RESULT: {"script":"<script> [1562 bytes]","args":[{"selector":{"id":"application-manageresources-display-component---newResourceUnit--DIMENSION_UNIT","interaction":{"idSuffix":"inner"}},"wdio_ui5_key":"applicationmanageresources-display-component---newResourceUnit--DIMENSION_UNIT"}]}
RESULT: undefined
COMMAND: POST /session/f292156acc1b273c5de2837bdf35b9d0/execute/async - {"script":"<script> [776 bytes]","args":[{"enterText":"Meter","selector":{"id":"application-manageresources-display-component---newResourceUnit--DIMENSION_UNIT","interaction":{"idSuffix":"inner"}},"clearTextFirst":true,"interactionType":"ENTER_TEXT"}]}
RESULT: {"script":"<script> [776 bytes]","args":[{"enterText":"Meter","selector":{"id":"application-manageresources-display-component---newResourceUnit--DIMENSION_UNIT","interaction":{"idSuffix":"inner"}},"clearTextFirst":true,"interactionType":"ENTER_TEXT"}]}
COMMAND: POST /session/f292156acc1b273c5de2837bdf35b9d0/execute/async - {"script":"<script> [1562 bytes]","args":[{"selector":{"id":"application-manageresources-display-component---newResourceUnit--newRRUPage-anchBar-application-manageresources-display-component---newResourceUnit--control-anchor","interaction":{"idSuffix":"BDI-content"}},"wdio_ui5_key":"applicationmanageresources-display-component---newResourceUnit--newRRUPage-anchBar-application-manageresources-display-component---newResourceUnit--control-anchor"}]}
RESULT: {"script":"<script> [1562 bytes]","args":[{"selector":{"id":"application-manageresources-display-component---newResourceUnit--newRRUPage-anchBar-application-manageresources-display-component---newResourceUnit--control-anchor","interaction":{"idSuffix":"BDI-content"}},"wdio_ui5_key":"applicationmanageresources-display-component---newResourceUnit--newRRUPage-anchBar-application-manageresources-display-component---newResourceUnit--control-anchor"}]}
RESULT: undefined
COMMAND: POST /session/f292156acc1b273c5de2837bdf35b9d0/element - {"using":"xpath","value":"//*[@id=\"application-manageresources-display-component---newResourceUnit--newRRUPage-anchBar-application-manageresources-display-component---newResourceUnit--control-anchor\"]"}
RESULT: {"using":"xpath","value":"//*[@id=\"application-manageresources-display-component---newResourceUnit--newRRUPage-anchBar-application-manageresources-display-component---newResourceUnit--control-anchor\"]"}
COMMAND: POST /session/f292156acc1b273c5de2837bdf35b9d0/element/f.2505593A71F6743E8AE774F812430ADA.d.0155CAFE7B4B86AE43E76A64BD6A6ED6.e.7050/click - {}
RESULT: {}
COMMAND: POST /session/f292156acc1b273c5de2837bdf35b9d0/execute/async - {"script":"<script> [1562 bytes]","args":[{"selector":{"id":"application-manageresources-display-component---newResourceUnit--PLANNING_GROUP","interaction":{"idSuffix":"inner"}},"wdio_ui5_key":"applicationmanageresources-display-component---newResourceUnit--PLANNING_GROUP"}]}
COMMAND: GET /session/f292156acc1b273c5de2837bdf35b9d0/screenshot - {}
RESULT: {"script":"<script> [1562 bytes]","args":[{"selector":{"id":"application-manageresources-display-component---newResourceUnit--PLANNING_GROUP","interaction":{"idSuffix":"inner"}},"wdio_ui5_key":"applicationmanageresources-display-component---newResourceUnit--PLANNING_GROUP"}]}
RESULT: undefined
COMMAND: POST /session/f292156acc1b273c5de2837bdf35b9d0/execute/async - {"script":"<script> [776 bytes]","args":[{"enterText":"Material","selector":{"id":"application-manageresources-display-component---newResourceUnit--PLANNING_GROUP","interaction":{"idSuffix":"inner"}},"clearTextFirst":true,"interactionType":"ENTER_TEXT"}]}
RESULT: {}
RESULT: {"script":"<script> [776 bytes]","args":[{"enterText":"Material","selector":{"id":"application-manageresources-display-component---newResourceUnit--PLANNING_GROUP","interaction":{"idSuffix":"inner"}},"clearTextFirst":true,"interactionType":"ENTER_TEXT"}]}
COMMAND: POST /session/f292156acc1b273c5de2837bdf35b9d0/execute/async - {"script":"<script> [1562 bytes]","args":[{"selector":{"id":"application-manageresources-display-component---newResourceUnit--PLANNING_INDICATOR","interaction":{"idSuffix":"inner"}},"wdio_ui5_key":"applicationmanageresources-display-component---newResourceUnit--PLANNING_INDICATOR"}]}
RESULT: {"script":"<script> [1562 bytes]","args":[{"selector":{"id":"application-manageresources-display-component---newResourceUnit--PLANNING_INDICATOR","interaction":{"idSuffix":"inner"}},"wdio_ui5_key":"applicationmanageresources-display-component---newResourceUnit--PLANNING_INDICATOR"}]}
RESULT: undefined
COMMAND: POST /session/f292156acc1b273c5de2837bdf35b9d0/execute/async - {"script":"<script> [776 bytes]","args":[{"enterText":"10 - infinite","selector":{"id":"application-manageresources-display-component---newResourceUnit--PLANNING_INDICATOR","interaction":{"idSuffix":"inner"}},"clearTextFirst":true,"interactionType":"ENTER_TEXT"}]}
RESULT: {"script":"<script> [776 bytes]","args":[{"enterText":"10 - infinite","selector":{"id":"application-manageresources-display-component---newResourceUnit--PLANNING_INDICATOR","interaction":{"idSuffix":"inner"}},"clearTextFirst":true,"interactionType":"ENTER_TEXT"}]}
COMMAND: POST /session/f292156acc1b273c5de2837bdf35b9d0/element - {"using":"css selector","value":"#application-manageresources-display-component---newResourceUnit--btnAddTimeSegment"}
RESULT: {"using":"css selector","value":"#application-manageresources-display-component---newResourceUnit--btnAddTimeSegment"}
COMMAND: GET /session/f292156acc1b273c5de2837bdf35b9d0/element/f.2505593A71F6743E8AE774F812430ADA.d.0155CAFE7B4B86AE43E76A64BD6A6ED6.e.7060/rect - {}
RESULT: {}
COMMAND: GET /session/f292156acc1b273c5de2837bdf35b9d0/window/rect - {}
RESULT: {}
COMMAND: POST /session/f292156acc1b273c5de2837bdf35b9d0/execute/sync - {"script":"<script> [92 bytes]","args":[]}
RESULT: {"script":"<script> [92 bytes]","args":[]}
COMMAND: POST /session/f292156acc1b273c5de2837bdf35b9d0/actions - {"actions":[{"id":"action20","type":"wheel","parameters":{},"actions":[{"type":"scroll","x":-1888,"y":-32,"deltaX":0,"deltaY":0,"duration":0,"origin":{"element-6066-11e4-a52e-4f735466cecf":"f.2505593A71F6743E8AE774F812430ADA.d.0155CAFE7B4B86AE43E76A64BD6A6ED6.e.7060"}}]}]}
COMMAND: GET /session/f292156acc1b273c5de2837bdf35b9d0/screenshot - {}
RESULT: {}
COMMAND: POST /session/f292156acc1b273c5de2837bdf35b9d0/execute/sync - {"script":"<script> [79 bytes]","args":[{"element-6066-11e4-a52e-4f735466cecf":"f.2505593A71F6743E8AE774F812430ADA.d.0155CAFE7B4B86AE43E76A64BD6A6ED6.e.7060","ELEMENT":"f.2505593A71F6743E8AE774F812430ADA.d.0155CAFE7B4B86AE43E76A64BD6A6ED6.e.7060"},{"block":"start","inline":"nearest"}]}
RESULT: {"script":"<script> [79 bytes]","args":[{"element-6066-11e4-a52e-4f735466cecf":"f.2505593A71F6743E8AE774F812430ADA.d.0155CAFE7B4B86AE43E76A64BD6A6ED6.e.7060","ELEMENT":"f.2505593A71F6743E8AE774F812430ADA.d.0155CAFE7B4B86AE43E76A64BD6A6ED6.e.7060"},{"block":"start","inline":"nearest"}]}
COMMAND: POST /session/f292156acc1b273c5de2837bdf35b9d0/execute/async - {"script":"<script> [1562 bytes]","args":[{"selector":{"id":"application-manageresources-display-component---newResourceUnit--btnAddTimeSegment","interaction":{"idSuffix":"inner"}},"wdio_ui5_key":"applicationmanageresources-display-component---newResourceUnit--btnAddTimeSegment"}]}
COMMAND: GET /session/f292156acc1b273c5de2837bdf35b9d0/screenshot - {}
RESULT: {"script":"<script> [1562 bytes]","args":[{"selector":{"id":"application-manageresources-display-component---newResourceUnit--btnAddTimeSegment","interaction":{"idSuffix":"inner"}},"wdio_ui5_key":"applicationmanageresources-display-component---newResourceUnit--btnAddTimeSegment"}]}
RESULT: undefined
COMMAND: POST /session/f292156acc1b273c5de2837bdf35b9d0/element - {"using":"xpath","value":"//*[@id=\"application-manageresources-display-component---newResourceUnit--btnAddTimeSegment\"]"}
RESULT: {}
RESULT: {"using":"xpath","value":"//*[@id=\"application-manageresources-display-component---newResourceUnit--btnAddTimeSegment\"]"}
COMMAND: POST /session/f292156acc1b273c5de2837bdf35b9d0/element/f.2505593A71F6743E8AE774F812430ADA.d.0155CAFE7B4B86AE43E76A64BD6A6ED6.e.7060/click - {}
RESULT: {}
COMMAND: GET /session/f292156acc1b273c5de2837bdf35b9d0/screenshot - {}
RESULT: {}
COMMAND: POST /session/f292156acc1b273c5de2837bdf35b9d0/element - {"using":"xpath","value":"//input[@id=\"application-manageresources-display-component---newResourceUnit--idRuTSAdmin-application-manageresources-display-component---newResourceUnit--RUTimeSegment-0-inner\"]"}
RESULT: {"using":"xpath","value":"//input[@id=\"application-manageresources-display-component---newResourceUnit--idRuTSAdmin-application-manageresources-display-component---newResourceUnit--RUTimeSegment-0-inner\"]"}
COMMAND: POST /session/f292156acc1b273c5de2837bdf35b9d0/element/f.2505593A71F6743E8AE774F812430ADA.d.0155CAFE7B4B86AE43E76A64BD6A6ED6.e.7065/clear - {}
RESULT: {}
COMMAND: POST /session/f292156acc1b273c5de2837bdf35b9d0/element/f.2505593A71F6743E8AE774F812430ADA.d.0155CAFE7B4B86AE43E76A64BD6A6ED6.e.7065/value - {"text":"428"}
COMMAND: GET /session/f292156acc1b273c5de2837bdf35b9d0/screenshot - {}
RESULT: {"text":"428"}
COMMAND: GET /session/f292156acc1b273c5de2837bdf35b9d0/screenshot - {}
RESULT: {}
RESULT: {}
COMMAND: POST /session/f292156acc1b273c5de2837bdf35b9d0/element - {"using":"xpath","value":"//li[.//span[text()='428']]"}
RESULT: {"using":"xpath","value":"//li[.//span[text()='428']]"}
COMMAND: POST /session/f292156acc1b273c5de2837bdf35b9d0/element/f.2505593A71F6743E8AE774F812430ADA.d.0155CAFE7B4B86AE43E76A64BD6A6ED6.e.7074/click - {}
RESULT: {}
COMMAND: GET /session/f292156acc1b273c5de2837bdf35b9d0/screenshot - {}
RESULT: {}
COMMAND: POST /session/f292156acc1b273c5de2837bdf35b9d0/element - {"using":"xpath","value":"(//span[contains(@id, \"-application-manageresources-display-component---newResourceUnit--RUTimeSegment-0-arrow\")])[2]"}
RESULT: {"using":"xpath","value":"(//span[contains(@id, \"-application-manageresources-display-component---newResourceUnit--RUTimeSegment-0-arrow\")])[2]"}
COMMAND: POST /session/f292156acc1b273c5de2837bdf35b9d0/element/f.2505593A71F6743E8AE774F812430ADA.d.0155CAFE7B4B86AE43E76A64BD6A6ED6.e.7075/click - {}
RESULT: {}
COMMAND: POST /session/f292156acc1b273c5de2837bdf35b9d0/element - {"using":"xpath","value":"//span[contains(text(), \"PM Order\")]"}
COMMAND: GET /session/f292156acc1b273c5de2837bdf35b9d0/screenshot - {}
RESULT: {"using":"xpath","value":"//span[contains(text(), \"PM Order\")]"}
COMMAND: POST /session/f292156acc1b273c5de2837bdf35b9d0/element/f.2505593A71F6743E8AE774F812430ADA.d.0155CAFE7B4B86AE43E76A64BD6A6ED6.e.7076/click - {}
RESULT: {}
RESULT: {}
COMMAND: GET /session/f292156acc1b273c5de2837bdf35b9d0/screenshot - {}
RESULT: {}
COMMAND: POST /session/f292156acc1b273c5de2837bdf35b9d0/element - {"using":"xpath","value":"//td/div/div/div/span[contains(@id, \"newResourceUnit--RUTimeSegment-0-vhi\")][1]"}
RESULT: {"using":"xpath","value":"//td/div/div/div/span[contains(@id, \"newResourceUnit--RUTimeSegment-0-vhi\")][1]"}
COMMAND: GET /session/f292156acc1b273c5de2837bdf35b9d0/element/f.2505593A71F6743E8AE774F812430ADA.d.0155CAFE7B4B86AE43E76A64BD6A6ED6.e.7080/rect - {}
RESULT: {}
COMMAND: GET /session/f292156acc1b273c5de2837bdf35b9d0/window/rect - {}
RESULT: {}
COMMAND: POST /session/f292156acc1b273c5de2837bdf35b9d0/execute/sync - {"script":"<script> [92 bytes]","args":[]}
RESULT: {"script":"<script> [92 bytes]","args":[]}
COMMAND: POST /session/f292156acc1b273c5de2837bdf35b9d0/actions - {"actions":[{"id":"action21","type":"wheel","parameters":{},"actions":[{"type":"scroll","x":-1888,"y":-24,"deltaX":0,"deltaY":0,"duration":0,"origin":{"element-6066-11e4-a52e-4f735466cecf":"f.2505593A71F6743E8AE774F812430ADA.d.0155CAFE7B4B86AE43E76A64BD6A6ED6.e.7080"}}]}]}
COMMAND: GET /session/f292156acc1b273c5de2837bdf35b9d0/screenshot - {}
RESULT: {}
COMMAND: POST /session/f292156acc1b273c5de2837bdf35b9d0/execute/sync - {"script":"<script> [79 bytes]","args":[{"element-6066-11e4-a52e-4f735466cecf":"f.2505593A71F6743E8AE774F812430ADA.d.0155CAFE7B4B86AE43E76A64BD6A6ED6.e.7080","ELEMENT":"f.2505593A71F6743E8AE774F812430ADA.d.0155CAFE7B4B86AE43E76A64BD6A6ED6.e.7080"},{"block":"start","inline":"nearest"}]}
RESULT: {"script":"<script> [79 bytes]","args":[{"element-6066-11e4-a52e-4f735466cecf":"f.2505593A71F6743E8AE774F812430ADA.d.0155CAFE7B4B86AE43E76A64BD6A6ED6.e.7080","ELEMENT":"f.2505593A71F6743E8AE774F812430ADA.d.0155CAFE7B4B86AE43E76A64BD6A6ED6.e.7080"},{"block":"start","inline":"nearest"}]}
COMMAND: GET /session/f292156acc1b273c5de2837bdf35b9d0/screenshot - {}
RESULT: {}
COMMAND: POST /session/f292156acc1b273c5de2837bdf35b9d0/element/f.2505593A71F6743E8AE774F812430ADA.d.0155CAFE7B4B86AE43E76A64BD6A6ED6.e.7080/click - {}
RESULT: {}
COMMAND: GET /session/f292156acc1b273c5de2837bdf35b9d0/screenshot - {}
RESULT: {}
COMMAND: POST /session/f292156acc1b273c5de2837bdf35b9d0/execute/async - {"script":"<script> [1562 bytes]","args":[{"selector":{"controlType":"sap.m.SearchField","properties":{"placeholder":"Search"},"searchOpenDialogs":true,"interaction":{"idSuffix":"I"}},"wdio_ui5_key":"sapm.SearchField{\"placeholder\":\"Search\"}"}]}
RESULT: {"script":"<script> [1562 bytes]","args":[{"selector":{"controlType":"sap.m.SearchField","properties":{"placeholder":"Search"},"searchOpenDialogs":true,"interaction":{"idSuffix":"I"}},"wdio_ui5_key":"sapm.SearchField{\"placeholder\":\"Search\"}"}]}
RESULT: undefined
COMMAND: POST /session/f292156acc1b273c5de2837bdf35b9d0/execute/async - {"script":"<script> [776 bytes]","args":[{"enterText":"4000360","selector":{"controlType":"sap.m.SearchField","properties":{"placeholder":"Search"},"searchOpenDialogs":true,"interaction":{"idSuffix":"I"}},"clearTextFirst":true,"interactionType":"ENTER_TEXT"}]}
RESULT: {"script":"<script> [776 bytes]","args":[{"enterText":"4000360","selector":{"controlType":"sap.m.SearchField","properties":{"placeholder":"Search"},"searchOpenDialogs":true,"interaction":{"idSuffix":"I"}},"clearTextFirst":true,"interactionType":"ENTER_TEXT"}]}
COMMAND: POST /session/f292156acc1b273c5de2837bdf35b9d0/actions - {"actions":[{"id":"action22","type":"key","parameters":{},"actions":[{"type":"keyDown","value":""},{"type":"pause","duration":10},{"type":"keyUp","value":""}]}]}
RESULT: {"actions":[{"id":"action22","type":"key","parameters":{},"actions":[{"type":"keyDown","value":""},{"type":"pause","duration":10},{"type":"keyUp","value":""}]}]}
COMMAND: GET /session/f292156acc1b273c5de2837bdf35b9d0/screenshot - {}
RESULT: {}
COMMAND: POST /session/f292156acc1b273c5de2837bdf35b9d0/element - {"using":"xpath","value":"//td/div/span[contains(text(), \"BGL Vehicles\")]"}
RESULT: {"using":"xpath","value":"//td/div/span[contains(text(), \"BGL Vehicles\")]"}
COMMAND: POST /session/f292156acc1b273c5de2837bdf35b9d0/element/f.2505593A71F6743E8AE774F812430ADA.d.0155CAFE7B4B86AE43E76A64BD6A6ED6.e.7103/click - {}
RESULT: {}
COMMAND: GET /session/f292156acc1b273c5de2837bdf35b9d0/screenshot - {}
RESULT: {}
COMMAND: POST /session/f292156acc1b273c5de2837bdf35b9d0/element - {"using":"xpath","value":"//bdi[contains(text(), \"OK\")]"}
RESULT: {"using":"xpath","value":"//bdi[contains(text(), \"OK\")]"}
COMMAND: POST /session/f292156acc1b273c5de2837bdf35b9d0/element/f.2505593A71F6743E8AE774F812430ADA.d.0155CAFE7B4B86AE43E76A64BD6A6ED6.e.7104/click - {}
RESULT: {}
COMMAND: GET /session/f292156acc1b273c5de2837bdf35b9d0/screenshot - {}
RESULT: {}
COMMAND: POST /session/f292156acc1b273c5de2837bdf35b9d0/element - {"using":"xpath","value":"//label[contains(@class, 'sapMLabelRequired') and .//bdi[contains(text(), 'Planned Retirement')]]"}
RESULT: {"using":"xpath","value":"//label[contains(@class, 'sapMLabelRequired') and .//bdi[contains(text(), 'Planned Retirement')]]"}
COMMAND: POST /session/f292156acc1b273c5de2837bdf35b9d0/elements - {"using":"xpath","value":"//label[contains(@class, 'sapMLabelRequired') and .//bdi[contains(text(), 'Planned Retirement')]]"}
RESULT: {"using":"xpath","value":"//label[contains(@class, 'sapMLabelRequired') and .//bdi[contains(text(), 'Planned Retirement')]]"}
COMMAND: POST /session/f292156acc1b273c5de2837bdf35b9d0/element - {"using":"xpath","value":"//button[@data-kt=\"resourceUnitSaveButton\"]"}
RESULT: {"using":"xpath","value":"//button[@data-kt=\"resourceUnitSaveButton\"]"}
COMMAND: POST /session/f292156acc1b273c5de2837bdf35b9d0/element/f.2505593A71F6743E8AE774F812430ADA.d.0155CAFE7B4B86AE43E76A64BD6A6ED6.e.6936/click - {}
RESULT: {}
COMMAND: GET /session/f292156acc1b273c5de2837bdf35b9d0/screenshot - {}
RESULT: {}
COMMAND: POST /session/f292156acc1b273c5de2837bdf35b9d0/element - {"using":"xpath","value":"//bdi[contains(text(), \"Close\")]"}
RESULT: {"using":"xpath","value":"//bdi[contains(text(), \"Close\")]"}
COMMAND: POST /session/f292156acc1b273c5de2837bdf35b9d0/element/f.2505593A71F6743E8AE774F812430ADA.d.0155CAFE7B4B86AE43E76A64BD6A6ED6.e.7110/click - {}
RESULT: {}
COMMAND: GET /session/f292156acc1b273c5de2837bdf35b9d0/screenshot - {}
RESULT: {}
COMMAND: POST /session/f292156acc1b273c5de2837bdf35b9d0/element - {"using":"xpath","value":"//header[contains(@id, 'detailRruPage-headerTitle')]/div[1]/div[2]/div[2]/span[1]"}
RESULT: {"using":"xpath","value":"//header[contains(@id, 'detailRruPage-headerTitle')]/div[1]/div[2]/div[2]/span[1]"}
COMMAND: POST /session/f292156acc1b273c5de2837bdf35b9d0/elements - {"using":"xpath","value":"//header[contains(@id, 'detailRruPage-headerTitle')]/div[1]/div[2]/div[2]/span[1]"}
RESULT: {"using":"xpath","value":"//header[contains(@id, 'detailRruPage-headerTitle')]/div[1]/div[2]/div[2]/span[1]"}
COMMAND: POST /session/f292156acc1b273c5de2837bdf35b9d0/execute/sync - {"script":"<script> [56 bytes]","args":[{"element-6066-11e4-a52e-4f735466cecf":"f.2505593A71F6743E8AE774F812430ADA.d.0155CAFE7B4B86AE43E76A64BD6A6ED6.e.7145","ELEMENT":"f.2505593A71F6743E8AE774F812430ADA.d.0155CAFE7B4B86AE43E76A64BD6A6ED6.e.7145"}]}
RESULT: {"script":"<script> [56 bytes]","args":[{"element-6066-11e4-a52e-4f735466cecf":"f.2505593A71F6743E8AE774F812430ADA.d.0155CAFE7B4B86AE43E76A64BD6A6ED6.e.7145","ELEMENT":"f.2505593A71F6743E8AE774F812430ADA.d.0155CAFE7B4B86AE43E76A64BD6A6ED6.e.7145"}]}
]]></system-out>
    </testcase>
    <testcase classname="chrome.136_0_7103_93.windows.US134625_Set_up_price_condition_-_one_time" name="Should create new pricing rule one time" time="65.693">
      <system-out><![CDATA[
COMMAND: GET /session/f292156acc1b273c5de2837bdf35b9d0/screenshot - {}
COMMAND: POST /session/f292156acc1b273c5de2837bdf35b9d0/element - {"using":"xpath","value":"(//button[contains(@id ,\"actionsToolbar-overflowButton\")])[1]"}
RESULT: {}
RESULT: {"using":"xpath","value":"(//button[contains(@id ,\"actionsToolbar-overflowButton\")])[1]"}
COMMAND: POST /session/f292156acc1b273c5de2837bdf35b9d0/element/f.2505593A71F6743E8AE774F812430ADA.d.0155CAFE7B4B86AE43E76A64BD6A6ED6.e.7146/click - {}
RESULT: {}
COMMAND: GET /session/f292156acc1b273c5de2837bdf35b9d0/screenshot - {}
RESULT: {}
COMMAND: POST /session/f292156acc1b273c5de2837bdf35b9d0/element - {"using":"xpath","value":"//button[@data-kt=\"priceInfoButton\"]"}
RESULT: {"using":"xpath","value":"//button[@data-kt=\"priceInfoButton\"]"}
COMMAND: POST /session/f292156acc1b273c5de2837bdf35b9d0/element/f.2505593A71F6743E8AE774F812430ADA.d.0155CAFE7B4B86AE43E76A64BD6A6ED6.e.7148/click - {}
RESULT: {}
COMMAND: GET /session/f292156acc1b273c5de2837bdf35b9d0/screenshot - {}
COMMAND: POST /session/f292156acc1b273c5de2837bdf35b9d0/element - {"using":"xpath","value":"//button[@data-kt=\"addButton\"]"}
RESULT: {}
RESULT: {"using":"xpath","value":"//button[@data-kt=\"addButton\"]"}
COMMAND: POST /session/f292156acc1b273c5de2837bdf35b9d0/elements - {"using":"xpath","value":"//button[@data-kt=\"addButton\"]"}
RESULT: {"using":"xpath","value":"//button[@data-kt=\"addButton\"]"}
COMMAND: POST /session/f292156acc1b273c5de2837bdf35b9d0/execute/sync - {"script":"<script> [8489 bytes]","args":[{"element-6066-11e4-a52e-4f735466cecf":"f.2505593A71F6743E8AE774F812430ADA.d.0155CAFE7B4B86AE43E76A64BD6A6ED6.e.7186","ELEMENT":"f.2505593A71F6743E8AE774F812430ADA.d.0155CAFE7B4B86AE43E76A64BD6A6ED6.e.7186"}]}
RESULT: {"script":"<script> [8489 bytes]","args":[{"element-6066-11e4-a52e-4f735466cecf":"f.2505593A71F6743E8AE774F812430ADA.d.0155CAFE7B4B86AE43E76A64BD6A6ED6.e.7186","ELEMENT":"f.2505593A71F6743E8AE774F812430ADA.d.0155CAFE7B4B86AE43E76A64BD6A6ED6.e.7186"}]}
COMMAND: GET /session/f292156acc1b273c5de2837bdf35b9d0/element/f.2505593A71F6743E8AE774F812430ADA.d.0155CAFE7B4B86AE43E76A64BD6A6ED6.e.7186/enabled - {}
COMMAND: GET /session/f292156acc1b273c5de2837bdf35b9d0/screenshot - {}
RESULT: {}
COMMAND: POST /session/f292156acc1b273c5de2837bdf35b9d0/execute/sync - {"script":"<script> [8489 bytes]","args":[{"element-6066-11e4-a52e-4f735466cecf":"f.2505593A71F6743E8AE774F812430ADA.d.0155CAFE7B4B86AE43E76A64BD6A6ED6.e.7186","ELEMENT":"f.2505593A71F6743E8AE774F812430ADA.d.0155CAFE7B4B86AE43E76A64BD6A6ED6.e.7186"}]}
COMMAND: GET /session/f292156acc1b273c5de2837bdf35b9d0/screenshot - {}
RESULT: {}
RESULT: {"script":"<script> [8489 bytes]","args":[{"element-6066-11e4-a52e-4f735466cecf":"f.2505593A71F6743E8AE774F812430ADA.d.0155CAFE7B4B86AE43E76A64BD6A6ED6.e.7186","ELEMENT":"f.2505593A71F6743E8AE774F812430ADA.d.0155CAFE7B4B86AE43E76A64BD6A6ED6.e.7186"}]}
COMMAND: POST /session/f292156acc1b273c5de2837bdf35b9d0/execute/sync - {"script":"<script> [5351 bytes]","args":[{"element-6066-11e4-a52e-4f735466cecf":"f.2505593A71F6743E8AE774F812430ADA.d.0155CAFE7B4B86AE43E76A64BD6A6ED6.e.7186","ELEMENT":"f.2505593A71F6743E8AE774F812430ADA.d.0155CAFE7B4B86AE43E76A64BD6A6ED6.e.7186"}]}
COMMAND: GET /session/f292156acc1b273c5de2837bdf35b9d0/screenshot - {}
RESULT: {}
RESULT: {"script":"<script> [5351 bytes]","args":[{"element-6066-11e4-a52e-4f735466cecf":"f.2505593A71F6743E8AE774F812430ADA.d.0155CAFE7B4B86AE43E76A64BD6A6ED6.e.7186","ELEMENT":"f.2505593A71F6743E8AE774F812430ADA.d.0155CAFE7B4B86AE43E76A64BD6A6ED6.e.7186"}]}
COMMAND: POST /session/f292156acc1b273c5de2837bdf35b9d0/element/f.2505593A71F6743E8AE774F812430ADA.d.0155CAFE7B4B86AE43E76A64BD6A6ED6.e.7186/click - {}
COMMAND: GET /session/f292156acc1b273c5de2837bdf35b9d0/screenshot - {}
RESULT: {}
RESULT: {}
RESULT: {}
COMMAND: GET /session/f292156acc1b273c5de2837bdf35b9d0/screenshot - {}
RESULT: {}
COMMAND: POST /session/f292156acc1b273c5de2837bdf35b9d0/execute/async - {"script":"<script> [1562 bytes]","args":[{"selector":{"controlType":"sap.m.Title","viewName":"etm.portal.ui.managepricingrules.view.NewItem","viewId":"application-managepricingrules-display-component---newInfoPriceItem","properties":{"text":"New Pricing Rules - Item Level"}},"wdio_ui5_key":"etmportal.ui.managepricingrules.view.NewItemsap.m.Title{\"text\":\"New Pricing Rules - Item Level\"}"}]}
RESULT: {"script":"<script> [1562 bytes]","args":[{"selector":{"controlType":"sap.m.Title","viewName":"etm.portal.ui.managepricingrules.view.NewItem","viewId":"application-managepricingrules-display-component---newInfoPriceItem","properties":{"text":"New Pricing Rules - Item Level"}},"wdio_ui5_key":"etmportal.ui.managepricingrules.view.NewItemsap.m.Title{\"text\":\"New Pricing Rules - Item Level\"}"}]}
RESULT: undefined
COMMAND: POST /session/f292156acc1b273c5de2837bdf35b9d0/execute/async - {"script":"<script> [6424 bytes]","args":[{"element-6066-11e4-a52e-4f735466cecf":"f.2505593A71F6743E8AE774F812430ADA.d.0155CAFE7B4B86AE43E76A64BD6A6ED6.e.7346"},"getText",[]]}
RESULT: {"script":"<script> [6424 bytes]","args":[{"element-6066-11e4-a52e-4f735466cecf":"f.2505593A71F6743E8AE774F812430ADA.d.0155CAFE7B4B86AE43E76A64BD6A6ED6.e.7346"},"getText",[]]}
COMMAND: POST /session/f292156acc1b273c5de2837bdf35b9d0/execute/async - {"script":"<script> [1562 bytes]","args":[{"selector":{"id":"application-managepricingrules-display-component---newInfoPriceItem--condValidTo","interaction":{"idSuffix":"inner"}},"wdio_ui5_key":"applicationmanagepricingrules-display-component---newInfoPriceItem--condValidTo"}]}
RESULT: {"script":"<script> [1562 bytes]","args":[{"selector":{"id":"application-managepricingrules-display-component---newInfoPriceItem--condValidTo","interaction":{"idSuffix":"inner"}},"wdio_ui5_key":"applicationmanagepricingrules-display-component---newInfoPriceItem--condValidTo"}]}
RESULT: undefined
COMMAND: POST /session/f292156acc1b273c5de2837bdf35b9d0/execute/async - {"script":"<script> [776 bytes]","args":[{"enterText":"1/28/26","selector":{"id":"application-managepricingrules-display-component---newInfoPriceItem--condValidTo","interaction":{"idSuffix":"inner"}},"clearTextFirst":true,"interactionType":"ENTER_TEXT"}]}
RESULT: {"script":"<script> [776 bytes]","args":[{"enterText":"1/28/26","selector":{"id":"application-managepricingrules-display-component---newInfoPriceItem--condValidTo","interaction":{"idSuffix":"inner"}},"clearTextFirst":true,"interactionType":"ENTER_TEXT"}]}
COMMAND: POST /session/f292156acc1b273c5de2837bdf35b9d0/execute/async - {"script":"<script> [1562 bytes]","args":[{"selector":{"id":"application-managepricingrules-display-component---newInfoPriceItem--billType-arrow"},"wdio_ui5_key":"applicationmanagepricingrules-display-component---newInfoPriceItem--billType-arrow"}]}
RESULT: {"script":"<script> [1562 bytes]","args":[{"selector":{"id":"application-managepricingrules-display-component---newInfoPriceItem--billType-arrow"},"wdio_ui5_key":"applicationmanagepricingrules-display-component---newInfoPriceItem--billType-arrow"}]}
RESULT: undefined
COMMAND: POST /session/f292156acc1b273c5de2837bdf35b9d0/element - {"using":"xpath","value":"//*[@id=\"application-managepricingrules-display-component---newInfoPriceItem--billType-arrow\"]"}
RESULT: {"using":"xpath","value":"//*[@id=\"application-managepricingrules-display-component---newInfoPriceItem--billType-arrow\"]"}
COMMAND: POST /session/f292156acc1b273c5de2837bdf35b9d0/element/f.2505593A71F6743E8AE774F812430ADA.d.0155CAFE7B4B86AE43E76A64BD6A6ED6.e.7348/click - {}
RESULT: {}
COMMAND: POST /session/f292156acc1b273c5de2837bdf35b9d0/element - {"using":"xpath","value":"//span[contains(text(), \"OT - Sales (one-time)\")]"}
COMMAND: GET /session/f292156acc1b273c5de2837bdf35b9d0/screenshot - {}
RESULT: {"using":"xpath","value":"//span[contains(text(), \"OT - Sales (one-time)\")]"}
COMMAND: POST /session/f292156acc1b273c5de2837bdf35b9d0/element/f.2505593A71F6743E8AE774F812430ADA.d.0155CAFE7B4B86AE43E76A64BD6A6ED6.e.7349/click - {}
RESULT: {}
RESULT: {}
COMMAND: POST /session/f292156acc1b273c5de2837bdf35b9d0/execute/async - {"script":"<script> [1562 bytes]","args":[{"selector":{"id":"application-managepricingrules-display-component---newInfoPriceItem--priceProc-arrow"},"wdio_ui5_key":"applicationmanagepricingrules-display-component---newInfoPriceItem--priceProc-arrow"}]}
COMMAND: GET /session/f292156acc1b273c5de2837bdf35b9d0/screenshot - {}
RESULT: {"script":"<script> [1562 bytes]","args":[{"selector":{"id":"application-managepricingrules-display-component---newInfoPriceItem--priceProc-arrow"},"wdio_ui5_key":"applicationmanagepricingrules-display-component---newInfoPriceItem--priceProc-arrow"}]}
RESULT: undefined
COMMAND: POST /session/f292156acc1b273c5de2837bdf35b9d0/element - {"using":"xpath","value":"//*[@id=\"application-managepricingrules-display-component---newInfoPriceItem--priceProc-arrow\"]"}
RESULT: {}
RESULT: {"using":"xpath","value":"//*[@id=\"application-managepricingrules-display-component---newInfoPriceItem--priceProc-arrow\"]"}
COMMAND: POST /session/f292156acc1b273c5de2837bdf35b9d0/element/f.2505593A71F6743E8AE774F812430ADA.d.0155CAFE7B4B86AE43E76A64BD6A6ED6.e.7312/click - {}
RESULT: {}
COMMAND: POST /session/f292156acc1b273c5de2837bdf35b9d0/element - {"using":"xpath","value":"//span[contains(text(), \"MAT - Material\")]"}
COMMAND: GET /session/f292156acc1b273c5de2837bdf35b9d0/screenshot - {}
RESULT: {"using":"xpath","value":"//span[contains(text(), \"MAT - Material\")]"}
COMMAND: POST /session/f292156acc1b273c5de2837bdf35b9d0/element/f.2505593A71F6743E8AE774F812430ADA.d.0155CAFE7B4B86AE43E76A64BD6A6ED6.e.7350/click - {}
RESULT: {}
RESULT: {}
COMMAND: POST /session/f292156acc1b273c5de2837bdf35b9d0/execute/async - {"script":"<script> [1562 bytes]","args":[{"selector":{"id":"application-managepricingrules-display-component---newInfoPriceItem--calcBase-arrow"},"wdio_ui5_key":"applicationmanagepricingrules-display-component---newInfoPriceItem--calcBase-arrow"}]}
COMMAND: GET /session/f292156acc1b273c5de2837bdf35b9d0/screenshot - {}
RESULT: {"script":"<script> [1562 bytes]","args":[{"selector":{"id":"application-managepricingrules-display-component---newInfoPriceItem--calcBase-arrow"},"wdio_ui5_key":"applicationmanagepricingrules-display-component---newInfoPriceItem--calcBase-arrow"}]}
RESULT: undefined
COMMAND: POST /session/f292156acc1b273c5de2837bdf35b9d0/element - {"using":"xpath","value":"//*[@id=\"application-managepricingrules-display-component---newInfoPriceItem--calcBase-arrow\"]"}
RESULT: {}
RESULT: {"using":"xpath","value":"//*[@id=\"application-managepricingrules-display-component---newInfoPriceItem--calcBase-arrow\"]"}
COMMAND: POST /session/f292156acc1b273c5de2837bdf35b9d0/element/f.2505593A71F6743E8AE774F812430ADA.d.0155CAFE7B4B86AE43E76A64BD6A6ED6.e.7319/click - {}
RESULT: {}
COMMAND: GET /session/f292156acc1b273c5de2837bdf35b9d0/screenshot - {}
RESULT: {}
COMMAND: POST /session/f292156acc1b273c5de2837bdf35b9d0/element - {"using":"xpath","value":"//span[contains(text(), \"0001 - TB(exact month + cal_days)\")]"}
RESULT: {"using":"xpath","value":"//span[contains(text(), \"0001 - TB(exact month + cal_days)\")]"}
COMMAND: POST /session/f292156acc1b273c5de2837bdf35b9d0/element/f.2505593A71F6743E8AE774F812430ADA.d.0155CAFE7B4B86AE43E76A64BD6A6ED6.e.7351/click - {}
RESULT: {}
COMMAND: GET /session/f292156acc1b273c5de2837bdf35b9d0/screenshot - {}
RESULT: {}
COMMAND: POST /session/f292156acc1b273c5de2837bdf35b9d0/element - {"using":"xpath","value":"//button[@data-kt=\"saveNewRuleButton\"]"}
RESULT: {"using":"xpath","value":"//button[@data-kt=\"saveNewRuleButton\"]"}
COMMAND: POST /session/f292156acc1b273c5de2837bdf35b9d0/element/f.2505593A71F6743E8AE774F812430ADA.d.0155CAFE7B4B86AE43E76A64BD6A6ED6.e.7336/click - {}
RESULT: {}
COMMAND: GET /session/f292156acc1b273c5de2837bdf35b9d0/screenshot - {}
RESULT: {}
COMMAND: POST /session/f292156acc1b273c5de2837bdf35b9d0/execute/async - {"script":"<script> [1562 bytes]","args":[{"selector":{"id":"application-managepricingrules-display-component---priceInfoItem--smartFilterBar-btnBasicSearch","interaction":{"idSuffix":"I"}},"wdio_ui5_key":"applicationmanagepricingrules-display-component---priceInfoItem--smartFilterBar-btnBasicSearch"}]}
RESULT: {"script":"<script> [1562 bytes]","args":[{"selector":{"id":"application-managepricingrules-display-component---priceInfoItem--smartFilterBar-btnBasicSearch","interaction":{"idSuffix":"I"}},"wdio_ui5_key":"applicationmanagepricingrules-display-component---priceInfoItem--smartFilterBar-btnBasicSearch"}]}
RESULT: undefined
COMMAND: POST /session/f292156acc1b273c5de2837bdf35b9d0/execute/async - {"script":"<script> [776 bytes]","args":[{"enterText":"200242","selector":{"id":"application-managepricingrules-display-component---priceInfoItem--smartFilterBar-btnBasicSearch","interaction":{"idSuffix":"I"}},"clearTextFirst":true,"interactionType":"ENTER_TEXT"}]}
RESULT: {"script":"<script> [776 bytes]","args":[{"enterText":"200242","selector":{"id":"application-managepricingrules-display-component---priceInfoItem--smartFilterBar-btnBasicSearch","interaction":{"idSuffix":"I"}},"clearTextFirst":true,"interactionType":"ENTER_TEXT"}]}
COMMAND: POST /session/f292156acc1b273c5de2837bdf35b9d0/actions - {"actions":[{"id":"action23","type":"key","parameters":{},"actions":[{"type":"keyDown","value":""},{"type":"pause","duration":10},{"type":"keyUp","value":""}]}]}
RESULT: {"actions":[{"id":"action23","type":"key","parameters":{},"actions":[{"type":"keyDown","value":""},{"type":"pause","duration":10},{"type":"keyUp","value":""}]}]}
COMMAND: GET /session/f292156acc1b273c5de2837bdf35b9d0/screenshot - {}
RESULT: {}
COMMAND: POST /session/f292156acc1b273c5de2837bdf35b9d0/element - {"using":"xpath","value":"//span[@id=\"application-managepricingrules-display-component---priceInfoItem--smartTable-header-inner\"]"}
RESULT: {"using":"xpath","value":"//span[@id=\"application-managepricingrules-display-component---priceInfoItem--smartTable-header-inner\"]"}
COMMAND: POST /session/f292156acc1b273c5de2837bdf35b9d0/elements - {"using":"xpath","value":"//span[@id=\"application-managepricingrules-display-component---priceInfoItem--smartTable-header-inner\"]"}
RESULT: {"using":"xpath","value":"//span[@id=\"application-managepricingrules-display-component---priceInfoItem--smartTable-header-inner\"]"}
COMMAND: POST /session/f292156acc1b273c5de2837bdf35b9d0/execute/sync - {"script":"<script> [56 bytes]","args":[{"element-6066-11e4-a52e-4f735466cecf":"f.2505593A71F6743E8AE774F812430ADA.d.0155CAFE7B4B86AE43E76A64BD6A6ED6.e.7365","ELEMENT":"f.2505593A71F6743E8AE774F812430ADA.d.0155CAFE7B4B86AE43E76A64BD6A6ED6.e.7365"}]}
RESULT: {"script":"<script> [56 bytes]","args":[{"element-6066-11e4-a52e-4f735466cecf":"f.2505593A71F6743E8AE774F812430ADA.d.0155CAFE7B4B86AE43E76A64BD6A6ED6.e.7365","ELEMENT":"f.2505593A71F6743E8AE774F812430ADA.d.0155CAFE7B4B86AE43E76A64BD6A6ED6.e.7365"}]}
COMMAND: POST /session/f292156acc1b273c5de2837bdf35b9d0/element - {"using":"css selector","value":"#shell-header-logo"}
RESULT: {"using":"css selector","value":"#shell-header-logo"}
COMMAND: POST /session/f292156acc1b273c5de2837bdf35b9d0/element/f.2505593A71F6743E8AE774F812430ADA.d.0155CAFE7B4B86AE43E76A64BD6A6ED6.e.6531/click - {}
COMMAND: GET /session/f292156acc1b273c5de2837bdf35b9d0/screenshot - {}
RESULT: {}
COMMAND: GET /session/f292156acc1b273c5de2837bdf35b9d0/screenshot - {}
RESULT: {}
RESULT: {}
]]></system-out>
    </testcase>
    <testcase classname="chrome.136_0_7103_93.windows.US134625_Set_up_price_condition_-_one_time" name="Should create new condition one time" time="70.562">
      <system-out><![CDATA[
COMMAND: POST /session/f292156acc1b273c5de2837bdf35b9d0/execute/async - {"script":"<script> [1562 bytes]","args":[{"selector":{"controlType":"sap.m.GenericTile","properties":{"header":"Manage Conditions & Prices"}},"wdio_ui5_key":"sapm.GenericTile{\"header\":\"Manage Conditions & Prices\"}"}]}
RESULT: {"script":"<script> [1562 bytes]","args":[{"selector":{"controlType":"sap.m.GenericTile","properties":{"header":"Manage Conditions & Prices"}},"wdio_ui5_key":"sapm.GenericTile{\"header\":\"Manage Conditions & Prices\"}"}]}
RESULT: undefined
COMMAND: POST /session/f292156acc1b273c5de2837bdf35b9d0/element - {"using":"xpath","value":"//*[@id=\"__tile53\"]"}
RESULT: {"using":"xpath","value":"//*[@id=\"__tile53\"]"}
COMMAND: POST /session/f292156acc1b273c5de2837bdf35b9d0/element/f.2505593A71F6743E8AE774F812430ADA.d.0155CAFE7B4B86AE43E76A64BD6A6ED6.e.6466/click - {}
RESULT: {}
COMMAND: GET /session/f292156acc1b273c5de2837bdf35b9d0/screenshot - {}
RESULT: {}
COMMAND: POST /session/f292156acc1b273c5de2837bdf35b9d0/elements - {"using":"xpath","value":"//span[text()='Error']"}
RESULT: {"using":"xpath","value":"//span[text()='Error']"}
COMMAND: POST /session/f292156acc1b273c5de2837bdf35b9d0/element - {"using":"xpath","value":"//button[@aria-label=\"Create\"]"}
RESULT: {"using":"xpath","value":"//button[@aria-label=\"Create\"]"}
COMMAND: POST /session/f292156acc1b273c5de2837bdf35b9d0/elements - {"using":"xpath","value":"//button[@aria-label=\"Create\"]"}
RESULT: {"using":"xpath","value":"//button[@aria-label=\"Create\"]"}
COMMAND: POST /session/f292156acc1b273c5de2837bdf35b9d0/execute/sync - {"script":"<script> [8489 bytes]","args":[{"element-6066-11e4-a52e-4f735466cecf":"f.2505593A71F6743E8AE774F812430ADA.d.0155CAFE7B4B86AE43E76A64BD6A6ED6.e.7400","ELEMENT":"f.2505593A71F6743E8AE774F812430ADA.d.0155CAFE7B4B86AE43E76A64BD6A6ED6.e.7400"}]}
RESULT: {"script":"<script> [8489 bytes]","args":[{"element-6066-11e4-a52e-4f735466cecf":"f.2505593A71F6743E8AE774F812430ADA.d.0155CAFE7B4B86AE43E76A64BD6A6ED6.e.7400","ELEMENT":"f.2505593A71F6743E8AE774F812430ADA.d.0155CAFE7B4B86AE43E76A64BD6A6ED6.e.7400"}]}
COMMAND: GET /session/f292156acc1b273c5de2837bdf35b9d0/element/f.2505593A71F6743E8AE774F812430ADA.d.0155CAFE7B4B86AE43E76A64BD6A6ED6.e.7400/enabled - {}
COMMAND: GET /session/f292156acc1b273c5de2837bdf35b9d0/screenshot - {}
RESULT: {}
COMMAND: POST /session/f292156acc1b273c5de2837bdf35b9d0/execute/sync - {"script":"<script> [8489 bytes]","args":[{"element-6066-11e4-a52e-4f735466cecf":"f.2505593A71F6743E8AE774F812430ADA.d.0155CAFE7B4B86AE43E76A64BD6A6ED6.e.7400","ELEMENT":"f.2505593A71F6743E8AE774F812430ADA.d.0155CAFE7B4B86AE43E76A64BD6A6ED6.e.7400"}]}
COMMAND: GET /session/f292156acc1b273c5de2837bdf35b9d0/screenshot - {}
RESULT: {}
RESULT: {"script":"<script> [8489 bytes]","args":[{"element-6066-11e4-a52e-4f735466cecf":"f.2505593A71F6743E8AE774F812430ADA.d.0155CAFE7B4B86AE43E76A64BD6A6ED6.e.7400","ELEMENT":"f.2505593A71F6743E8AE774F812430ADA.d.0155CAFE7B4B86AE43E76A64BD6A6ED6.e.7400"}]}
COMMAND: POST /session/f292156acc1b273c5de2837bdf35b9d0/execute/sync - {"script":"<script> [5351 bytes]","args":[{"element-6066-11e4-a52e-4f735466cecf":"f.2505593A71F6743E8AE774F812430ADA.d.0155CAFE7B4B86AE43E76A64BD6A6ED6.e.7400","ELEMENT":"f.2505593A71F6743E8AE774F812430ADA.d.0155CAFE7B4B86AE43E76A64BD6A6ED6.e.7400"}]}
COMMAND: GET /session/f292156acc1b273c5de2837bdf35b9d0/screenshot - {}
RESULT: {}
RESULT: {"script":"<script> [5351 bytes]","args":[{"element-6066-11e4-a52e-4f735466cecf":"f.2505593A71F6743E8AE774F812430ADA.d.0155CAFE7B4B86AE43E76A64BD6A6ED6.e.7400","ELEMENT":"f.2505593A71F6743E8AE774F812430ADA.d.0155CAFE7B4B86AE43E76A64BD6A6ED6.e.7400"}]}
COMMAND: POST /session/f292156acc1b273c5de2837bdf35b9d0/element/f.2505593A71F6743E8AE774F812430ADA.d.0155CAFE7B4B86AE43E76A64BD6A6ED6.e.7400/click - {}
COMMAND: GET /session/f292156acc1b273c5de2837bdf35b9d0/screenshot - {}
RESULT: {}
RESULT: {}
COMMAND: GET /session/f292156acc1b273c5de2837bdf35b9d0/screenshot - {}
RESULT: {}
RESULT: {}
COMMAND: POST /session/f292156acc1b273c5de2837bdf35b9d0/actions - {"actions":[{"id":"action24","type":"key","parameters":{},"actions":[{"type":"keyDown","value":""},{"type":"pause","duration":10},{"type":"keyUp","value":""}]}]}
RESULT: {"actions":[{"id":"action24","type":"key","parameters":{},"actions":[{"type":"keyDown","value":""},{"type":"pause","duration":10},{"type":"keyUp","value":""}]}]}
COMMAND: GET /session/f292156acc1b273c5de2837bdf35b9d0/screenshot - {}
RESULT: {}
COMMAND: POST /session/f292156acc1b273c5de2837bdf35b9d0/execute/async - {"script":"<script> [1562 bytes]","args":[{"selector":{"id":"application-manageconditionprice-display-component---newCondition--condBillCond-arrow"},"wdio_ui5_key":"applicationmanageconditionprice-display-component---newCondition--condBillCond-arrow"}]}
RESULT: {"script":"<script> [1562 bytes]","args":[{"selector":{"id":"application-manageconditionprice-display-component---newCondition--condBillCond-arrow"},"wdio_ui5_key":"applicationmanageconditionprice-display-component---newCondition--condBillCond-arrow"}]}
RESULT: undefined
COMMAND: POST /session/f292156acc1b273c5de2837bdf35b9d0/element - {"using":"xpath","value":"//*[@id=\"application-manageconditionprice-display-component---newCondition--condBillCond-arrow\"]"}
RESULT: {"using":"xpath","value":"//*[@id=\"application-manageconditionprice-display-component---newCondition--condBillCond-arrow\"]"}
COMMAND: POST /session/f292156acc1b273c5de2837bdf35b9d0/element/f.2505593A71F6743E8AE774F812430ADA.d.0155CAFE7B4B86AE43E76A64BD6A6ED6.e.7580/click - {}
RESULT: {}
COMMAND: GET /session/f292156acc1b273c5de2837bdf35b9d0/screenshot - {}
RESULT: {}
COMMAND: POST /session/f292156acc1b273c5de2837bdf35b9d0/element - {"using":"xpath","value":"//li[.//span[contains(text(), \"SAPR - Sales price\")]]"}
RESULT: {"using":"xpath","value":"//li[.//span[contains(text(), \"SAPR - Sales price\")]]"}
COMMAND: POST /session/f292156acc1b273c5de2837bdf35b9d0/element/f.2505593A71F6743E8AE774F812430ADA.d.0155CAFE7B4B86AE43E76A64BD6A6ED6.e.7583/click - {}
RESULT: {}
COMMAND: GET /session/f292156acc1b273c5de2837bdf35b9d0/screenshot - {}
RESULT: {}
COMMAND: POST /session/f292156acc1b273c5de2837bdf35b9d0/execute/async - {"script":"<script> [1562 bytes]","args":[{"selector":{"id":"application-manageconditionprice-display-component---newCondition--condValidTo","interaction":{"idSuffix":"inner"}},"wdio_ui5_key":"applicationmanageconditionprice-display-component---newCondition--condValidTo"}]}
RESULT: {"script":"<script> [1562 bytes]","args":[{"selector":{"id":"application-manageconditionprice-display-component---newCondition--condValidTo","interaction":{"idSuffix":"inner"}},"wdio_ui5_key":"applicationmanageconditionprice-display-component---newCondition--condValidTo"}]}
RESULT: undefined
COMMAND: POST /session/f292156acc1b273c5de2837bdf35b9d0/execute/async - {"script":"<script> [776 bytes]","args":[{"enterText":"1/28/26","selector":{"id":"application-manageconditionprice-display-component---newCondition--condValidTo","interaction":{"idSuffix":"inner"}},"clearTextFirst":true,"interactionType":"ENTER_TEXT"}]}
RESULT: {"script":"<script> [776 bytes]","args":[{"enterText":"1/28/26","selector":{"id":"application-manageconditionprice-display-component---newCondition--condValidTo","interaction":{"idSuffix":"inner"}},"clearTextFirst":true,"interactionType":"ENTER_TEXT"}]}
COMMAND: POST /session/f292156acc1b273c5de2837bdf35b9d0/element - {"using":"xpath","value":"//input[@id=\"application-manageconditionprice-display-component---newCondition--condRU-inner\"]"}
RESULT: {"using":"xpath","value":"//input[@id=\"application-manageconditionprice-display-component---newCondition--condRU-inner\"]"}
COMMAND: POST /session/f292156acc1b273c5de2837bdf35b9d0/element/f.2505593A71F6743E8AE774F812430ADA.d.0155CAFE7B4B86AE43E76A64BD6A6ED6.e.7446/clear - {}
RESULT: {}
COMMAND: POST /session/f292156acc1b273c5de2837bdf35b9d0/element/f.2505593A71F6743E8AE774F812430ADA.d.0155CAFE7B4B86AE43E76A64BD6A6ED6.e.7446/value - {"text":"200242"}
COMMAND: GET /session/f292156acc1b273c5de2837bdf35b9d0/screenshot - {}
RESULT: {"text":"200242"}
COMMAND: GET /session/f292156acc1b273c5de2837bdf35b9d0/screenshot - {}
RESULT: {}
RESULT: {}
COMMAND: POST /session/f292156acc1b273c5de2837bdf35b9d0/actions - {"actions":[{"id":"action25","type":"key","parameters":{},"actions":[{"type":"keyDown","value":""},{"type":"pause","duration":10},{"type":"keyUp","value":""}]}]}
RESULT: {"actions":[{"id":"action25","type":"key","parameters":{},"actions":[{"type":"keyDown","value":""},{"type":"pause","duration":10},{"type":"keyUp","value":""}]}]}
COMMAND: POST /session/f292156acc1b273c5de2837bdf35b9d0/execute/async - {"script":"<script> [1562 bytes]","args":[{"selector":{"id":"application-manageconditionprice-display-component---newCondition--condBaseQty","interaction":{"idSuffix":"inner"}},"wdio_ui5_key":"applicationmanageconditionprice-display-component---newCondition--condBaseQty"}]}
COMMAND: GET /session/f292156acc1b273c5de2837bdf35b9d0/screenshot - {}
RESULT: {"script":"<script> [1562 bytes]","args":[{"selector":{"id":"application-manageconditionprice-display-component---newCondition--condBaseQty","interaction":{"idSuffix":"inner"}},"wdio_ui5_key":"applicationmanageconditionprice-display-component---newCondition--condBaseQty"}]}
RESULT: undefined
COMMAND: POST /session/f292156acc1b273c5de2837bdf35b9d0/execute/async - {"script":"<script> [776 bytes]","args":[{"enterText":"1","selector":{"id":"application-manageconditionprice-display-component---newCondition--condBaseQty","interaction":{"idSuffix":"inner"}},"clearTextFirst":true,"interactionType":"ENTER_TEXT"}]}
RESULT: {}
RESULT: {"script":"<script> [776 bytes]","args":[{"enterText":"1","selector":{"id":"application-manageconditionprice-display-component---newCondition--condBaseQty","interaction":{"idSuffix":"inner"}},"clearTextFirst":true,"interactionType":"ENTER_TEXT"}]}
COMMAND: POST /session/f292156acc1b273c5de2837bdf35b9d0/execute/async - {"script":"<script> [1562 bytes]","args":[{"selector":{"id":"application-manageconditionprice-display-component---newCondition--condValue","interaction":{"idSuffix":"inner"}},"wdio_ui5_key":"applicationmanageconditionprice-display-component---newCondition--condValue"}]}
RESULT: {"script":"<script> [1562 bytes]","args":[{"selector":{"id":"application-manageconditionprice-display-component---newCondition--condValue","interaction":{"idSuffix":"inner"}},"wdio_ui5_key":"applicationmanageconditionprice-display-component---newCondition--condValue"}]}
RESULT: undefined
COMMAND: POST /session/f292156acc1b273c5de2837bdf35b9d0/execute/async - {"script":"<script> [776 bytes]","args":[{"enterText":"100.00","selector":{"id":"application-manageconditionprice-display-component---newCondition--condValue","interaction":{"idSuffix":"inner"}},"clearTextFirst":true,"interactionType":"ENTER_TEXT"}]}
RESULT: {"script":"<script> [776 bytes]","args":[{"enterText":"100.00","selector":{"id":"application-manageconditionprice-display-component---newCondition--condValue","interaction":{"idSuffix":"inner"}},"clearTextFirst":true,"interactionType":"ENTER_TEXT"}]}
COMMAND: POST /session/f292156acc1b273c5de2837bdf35b9d0/execute/async - {"script":"<script> [1562 bytes]","args":[{"selector":{"id":"application-manageconditionprice-display-component---newCondition--condCurr-arrow"},"wdio_ui5_key":"applicationmanageconditionprice-display-component---newCondition--condCurr-arrow"}]}
RESULT: {"script":"<script> [1562 bytes]","args":[{"selector":{"id":"application-manageconditionprice-display-component---newCondition--condCurr-arrow"},"wdio_ui5_key":"applicationmanageconditionprice-display-component---newCondition--condCurr-arrow"}]}
RESULT: undefined
COMMAND: POST /session/f292156acc1b273c5de2837bdf35b9d0/element - {"using":"xpath","value":"//*[@id=\"application-manageconditionprice-display-component---newCondition--condCurr-arrow\"]"}
RESULT: {"using":"xpath","value":"//*[@id=\"application-manageconditionprice-display-component---newCondition--condCurr-arrow\"]"}
COMMAND: POST /session/f292156acc1b273c5de2837bdf35b9d0/element/f.2505593A71F6743E8AE774F812430ADA.d.0155CAFE7B4B86AE43E76A64BD6A6ED6.e.7548/click - {}
RESULT: {}
COMMAND: POST /session/f292156acc1b273c5de2837bdf35b9d0/element - {"using":"xpath","value":"//span[contains(text(), \"Euro\")]"}
COMMAND: GET /session/f292156acc1b273c5de2837bdf35b9d0/screenshot - {}
RESULT: {"using":"xpath","value":"//span[contains(text(), \"Euro\")]"}
COMMAND: POST /session/f292156acc1b273c5de2837bdf35b9d0/element/f.2505593A71F6743E8AE774F812430ADA.d.0155CAFE7B4B86AE43E76A64BD6A6ED6.e.7619/click - {}
RESULT: {}
RESULT: {}
COMMAND: POST /session/f292156acc1b273c5de2837bdf35b9d0/element - {"using":"xpath","value":"//button[@data-kt=\"saveButton\"]"}
COMMAND: GET /session/f292156acc1b273c5de2837bdf35b9d0/screenshot - {}
RESULT: {"using":"xpath","value":"//button[@data-kt=\"saveButton\"]"}
COMMAND: POST /session/f292156acc1b273c5de2837bdf35b9d0/element/f.2505593A71F6743E8AE774F812430ADA.d.0155CAFE7B4B86AE43E76A64BD6A6ED6.e.7549/click - {}
RESULT: {}
RESULT: {}
COMMAND: GET /session/f292156acc1b273c5de2837bdf35b9d0/screenshot - {}
RESULT: {}
COMMAND: POST /session/f292156acc1b273c5de2837bdf35b9d0/execute/async - {"script":"<script> [1562 bytes]","args":[{"selector":{"id":"application-manageconditionprice-display-component---conditions--smartFilterBar-btnBasicSearch","interaction":{"idSuffix":"I"}},"wdio_ui5_key":"applicationmanageconditionprice-display-component---conditions--smartFilterBar-btnBasicSearch"}]}
RESULT: {"script":"<script> [1562 bytes]","args":[{"selector":{"id":"application-manageconditionprice-display-component---conditions--smartFilterBar-btnBasicSearch","interaction":{"idSuffix":"I"}},"wdio_ui5_key":"applicationmanageconditionprice-display-component---conditions--smartFilterBar-btnBasicSearch"}]}
RESULT: undefined
COMMAND: POST /session/f292156acc1b273c5de2837bdf35b9d0/execute/async - {"script":"<script> [776 bytes]","args":[{"enterText":"200242","selector":{"id":"application-manageconditionprice-display-component---conditions--smartFilterBar-btnBasicSearch","interaction":{"idSuffix":"I"}},"clearTextFirst":true,"interactionType":"ENTER_TEXT"}]}
RESULT: {"script":"<script> [776 bytes]","args":[{"enterText":"200242","selector":{"id":"application-manageconditionprice-display-component---conditions--smartFilterBar-btnBasicSearch","interaction":{"idSuffix":"I"}},"clearTextFirst":true,"interactionType":"ENTER_TEXT"}]}
COMMAND: POST /session/f292156acc1b273c5de2837bdf35b9d0/actions - {"actions":[{"id":"action26","type":"key","parameters":{},"actions":[{"type":"keyDown","value":""},{"type":"pause","duration":10},{"type":"keyUp","value":""}]}]}
RESULT: {"actions":[{"id":"action26","type":"key","parameters":{},"actions":[{"type":"keyDown","value":""},{"type":"pause","duration":10},{"type":"keyUp","value":""}]}]}
COMMAND: GET /session/f292156acc1b273c5de2837bdf35b9d0/screenshot - {}
RESULT: {}
COMMAND: POST /session/f292156acc1b273c5de2837bdf35b9d0/execute/async - {"script":"<script> [1562 bytes]","args":[{"selector":{"id":"application-manageconditionprice-display-component---conditions--smartFilterBar-filterItemControl_BASIC-BILL_TYPES-vhi"},"wdio_ui5_key":"applicationmanageconditionprice-display-component---conditions--smartFilterBar-filterItemControl_BASIC-BILL_TYPES-vhi"}]}
RESULT: {"script":"<script> [1562 bytes]","args":[{"selector":{"id":"application-manageconditionprice-display-component---conditions--smartFilterBar-filterItemControl_BASIC-BILL_TYPES-vhi"},"wdio_ui5_key":"applicationmanageconditionprice-display-component---conditions--smartFilterBar-filterItemControl_BASIC-BILL_TYPES-vhi"}]}
RESULT: undefined
COMMAND: POST /session/f292156acc1b273c5de2837bdf35b9d0/element - {"using":"xpath","value":"//*[@id=\"application-manageconditionprice-display-component---conditions--smartFilterBar-filterItemControl_BASIC-BILL_TYPES-vhi\"]"}
RESULT: {"using":"xpath","value":"//*[@id=\"application-manageconditionprice-display-component---conditions--smartFilterBar-filterItemControl_BASIC-BILL_TYPES-vhi\"]"}
COMMAND: POST /session/f292156acc1b273c5de2837bdf35b9d0/element/f.2505593A71F6743E8AE774F812430ADA.d.0155CAFE7B4B86AE43E76A64BD6A6ED6.e.7726/click - {}
RESULT: {}
COMMAND: POST /session/f292156acc1b273c5de2837bdf35b9d0/execute/async - {"script":"<script> [1562 bytes]","args":[{"selector":{"id":"application-manageconditionprice-display-component---conditions--smartFilterBar-filterItemControl_BASIC-BILL_TYPES-valueHelpDialog-smartFilterBar-btnBasicSearch","searchOpenDialogs":true,"interaction":{"idSuffix":"I"}},"wdio_ui5_key":"applicationmanageconditionprice-display-component---conditions--smartFilterBar-filterItemControl_BASIC-BILL_TYPES-valueHelpDialog-smartFilterBar-btnBasicSearch"}]}
COMMAND: GET /session/f292156acc1b273c5de2837bdf35b9d0/screenshot - {}
RESULT: {"script":"<script> [1562 bytes]","args":[{"selector":{"id":"application-manageconditionprice-display-component---conditions--smartFilterBar-filterItemControl_BASIC-BILL_TYPES-valueHelpDialog-smartFilterBar-btnBasicSearch","searchOpenDialogs":true,"interaction":{"idSuffix":"I"}},"wdio_ui5_key":"applicationmanageconditionprice-display-component---conditions--smartFilterBar-filterItemControl_BASIC-BILL_TYPES-valueHelpDialog-smartFilterBar-btnBasicSearch"}]}
RESULT: undefined
COMMAND: POST /session/f292156acc1b273c5de2837bdf35b9d0/execute/async - {"script":"<script> [776 bytes]","args":[{"enterText":"one","selector":{"id":"application-manageconditionprice-display-component---conditions--smartFilterBar-filterItemControl_BASIC-BILL_TYPES-valueHelpDialog-smartFilterBar-btnBasicSearch","searchOpenDialogs":true,"interaction":{"idSuffix":"I"}},"clearTextFirst":true,"interactionType":"ENTER_TEXT"}]}
RESULT: {}
RESULT: {"script":"<script> [776 bytes]","args":[{"enterText":"one","selector":{"id":"application-manageconditionprice-display-component---conditions--smartFilterBar-filterItemControl_BASIC-BILL_TYPES-valueHelpDialog-smartFilterBar-btnBasicSearch","searchOpenDialogs":true,"interaction":{"idSuffix":"I"}},"clearTextFirst":true,"interactionType":"ENTER_TEXT"}]}
COMMAND: POST /session/f292156acc1b273c5de2837bdf35b9d0/actions - {"actions":[{"id":"action27","type":"key","parameters":{},"actions":[{"type":"keyDown","value":""},{"type":"pause","duration":10},{"type":"keyUp","value":""}]}]}
RESULT: {"actions":[{"id":"action27","type":"key","parameters":{},"actions":[{"type":"keyDown","value":""},{"type":"pause","duration":10},{"type":"keyUp","value":""}]}]}
COMMAND: GET /session/f292156acc1b273c5de2837bdf35b9d0/screenshot - {}
RESULT: {}
COMMAND: POST /session/f292156acc1b273c5de2837bdf35b9d0/element - {"using":"xpath","value":"//div[contains(@id, 'application-manageconditionprice-display-component---conditions--smartFilterBar-filterItemControl_BASIC-BILL_TYPES-valueHelpDialog-table-rowsel0')]"}
RESULT: {"using":"xpath","value":"//div[contains(@id, 'application-manageconditionprice-display-component---conditions--smartFilterBar-filterItemControl_BASIC-BILL_TYPES-valueHelpDialog-table-rowsel0')]"}
COMMAND: POST /session/f292156acc1b273c5de2837bdf35b9d0/element/f.2505593A71F6743E8AE774F812430ADA.d.0155CAFE7B4B86AE43E76A64BD6A6ED6.e.7735/click - {}
RESULT: {}
COMMAND: GET /session/f292156acc1b273c5de2837bdf35b9d0/screenshot - {}
RESULT: {}
COMMAND: POST /session/f292156acc1b273c5de2837bdf35b9d0/element - {"using":"xpath","value":"//bdi[contains(text(), \"OK\")]"}
RESULT: {"using":"xpath","value":"//bdi[contains(text(), \"OK\")]"}
COMMAND: POST /session/f292156acc1b273c5de2837bdf35b9d0/element/f.2505593A71F6743E8AE774F812430ADA.d.0155CAFE7B4B86AE43E76A64BD6A6ED6.e.7737/click - {}
RESULT: {}
COMMAND: GET /session/f292156acc1b273c5de2837bdf35b9d0/screenshot - {}
RESULT: {}
COMMAND: POST /session/f292156acc1b273c5de2837bdf35b9d0/element - {"using":"xpath","value":"//span[@id=\"application-manageconditionprice-display-component---conditions--smartTable-header-inner\"]"}
RESULT: {"using":"xpath","value":"//span[@id=\"application-manageconditionprice-display-component---conditions--smartTable-header-inner\"]"}
COMMAND: POST /session/f292156acc1b273c5de2837bdf35b9d0/elements - {"using":"xpath","value":"//span[@id=\"application-manageconditionprice-display-component---conditions--smartTable-header-inner\"]"}
RESULT: {"using":"xpath","value":"//span[@id=\"application-manageconditionprice-display-component---conditions--smartTable-header-inner\"]"}
COMMAND: POST /session/f292156acc1b273c5de2837bdf35b9d0/execute/sync - {"script":"<script> [56 bytes]","args":[{"element-6066-11e4-a52e-4f735466cecf":"f.2505593A71F6743E8AE774F812430ADA.d.0155CAFE7B4B86AE43E76A64BD6A6ED6.e.7740","ELEMENT":"f.2505593A71F6743E8AE774F812430ADA.d.0155CAFE7B4B86AE43E76A64BD6A6ED6.e.7740"}]}
RESULT: {"script":"<script> [56 bytes]","args":[{"element-6066-11e4-a52e-4f735466cecf":"f.2505593A71F6743E8AE774F812430ADA.d.0155CAFE7B4B86AE43E76A64BD6A6ED6.e.7740","ELEMENT":"f.2505593A71F6743E8AE774F812430ADA.d.0155CAFE7B4B86AE43E76A64BD6A6ED6.e.7740"}]}
COMMAND: POST /session/f292156acc1b273c5de2837bdf35b9d0/element - {"using":"css selector","value":"#shell-header-logo"}
COMMAND: GET /session/f292156acc1b273c5de2837bdf35b9d0/screenshot - {}
RESULT: {"using":"css selector","value":"#shell-header-logo"}
COMMAND: POST /session/f292156acc1b273c5de2837bdf35b9d0/element/f.2505593A71F6743E8AE774F812430ADA.d.0155CAFE7B4B86AE43E76A64BD6A6ED6.e.7368/click - {}
RESULT: {}
RESULT: {}
COMMAND: GET /session/f292156acc1b273c5de2837bdf35b9d0/screenshot - {}
RESULT: {}
]]></system-out>
    </testcase>
    <testcase classname="chrome.136_0_7103_93.windows.US134625_Set_up_price_condition_-_one_time" name="Should create a new contract" time="76.676">
      <system-out><![CDATA[
COMMAND: POST /session/f292156acc1b273c5de2837bdf35b9d0/execute/async - {"script":"<script> [1562 bytes]","args":[{"selector":{"controlType":"sap.m.GenericTile","properties":{"header":"Manage Contracts"}},"wdio_ui5_key":"sapm.GenericTile{\"header\":\"Manage Contracts\"}"}]}
RESULT: {"script":"<script> [1562 bytes]","args":[{"selector":{"controlType":"sap.m.GenericTile","properties":{"header":"Manage Contracts"}},"wdio_ui5_key":"sapm.GenericTile{\"header\":\"Manage Contracts\"}"}]}
RESULT: undefined
COMMAND: POST /session/f292156acc1b273c5de2837bdf35b9d0/element - {"using":"xpath","value":"//*[@id=\"__tile130\"]"}
RESULT: {"using":"xpath","value":"//*[@id=\"__tile130\"]"}
COMMAND: POST /session/f292156acc1b273c5de2837bdf35b9d0/element/f.2505593A71F6743E8AE774F812430ADA.d.0155CAFE7B4B86AE43E76A64BD6A6ED6.e.6435/click - {}
RESULT: {}
COMMAND: GET /session/f292156acc1b273c5de2837bdf35b9d0/screenshot - {}
RESULT: {}
COMMAND: POST /session/f292156acc1b273c5de2837bdf35b9d0/elements - {"using":"xpath","value":"//span[text()='Error']"}
RESULT: {"using":"xpath","value":"//span[text()='Error']"}
COMMAND: POST /session/f292156acc1b273c5de2837bdf35b9d0/element - {"using":"xpath","value":"//button[@data-kt=\"addButton\"]"}
RESULT: {"using":"xpath","value":"//button[@data-kt=\"addButton\"]"}
COMMAND: POST /session/f292156acc1b273c5de2837bdf35b9d0/elements - {"using":"xpath","value":"//button[@data-kt=\"addButton\"]"}
RESULT: {"using":"xpath","value":"//button[@data-kt=\"addButton\"]"}
COMMAND: POST /session/f292156acc1b273c5de2837bdf35b9d0/elements - {"using":"xpath","value":"//button[@data-kt=\"addButton\"]"}
RESULT: {"using":"xpath","value":"//button[@data-kt=\"addButton\"]"}
COMMAND: POST /session/f292156acc1b273c5de2837bdf35b9d0/element - {"using":"xpath","value":"//button[@data-kt=\"addButton\"]"}
RESULT: {"using":"xpath","value":"//button[@data-kt=\"addButton\"]"}
COMMAND: POST /session/f292156acc1b273c5de2837bdf35b9d0/execute/sync - {"script":"<script> [8489 bytes]","args":[{"element-6066-11e4-a52e-4f735466cecf":"f.2505593A71F6743E8AE774F812430ADA.d.0155CAFE7B4B86AE43E76A64BD6A6ED6.e.7797","ELEMENT":"f.2505593A71F6743E8AE774F812430ADA.d.0155CAFE7B4B86AE43E76A64BD6A6ED6.e.7797"}]}
RESULT: {"script":"<script> [8489 bytes]","args":[{"element-6066-11e4-a52e-4f735466cecf":"f.2505593A71F6743E8AE774F812430ADA.d.0155CAFE7B4B86AE43E76A64BD6A6ED6.e.7797","ELEMENT":"f.2505593A71F6743E8AE774F812430ADA.d.0155CAFE7B4B86AE43E76A64BD6A6ED6.e.7797"}]}
COMMAND: GET /session/f292156acc1b273c5de2837bdf35b9d0/element/f.2505593A71F6743E8AE774F812430ADA.d.0155CAFE7B4B86AE43E76A64BD6A6ED6.e.7797/enabled - {}
COMMAND: GET /session/f292156acc1b273c5de2837bdf35b9d0/screenshot - {}
RESULT: {}
COMMAND: POST /session/f292156acc1b273c5de2837bdf35b9d0/execute/sync - {"script":"<script> [8489 bytes]","args":[{"element-6066-11e4-a52e-4f735466cecf":"f.2505593A71F6743E8AE774F812430ADA.d.0155CAFE7B4B86AE43E76A64BD6A6ED6.e.7797","ELEMENT":"f.2505593A71F6743E8AE774F812430ADA.d.0155CAFE7B4B86AE43E76A64BD6A6ED6.e.7797"}]}
COMMAND: GET /session/f292156acc1b273c5de2837bdf35b9d0/screenshot - {}
RESULT: {}
RESULT: {"script":"<script> [8489 bytes]","args":[{"element-6066-11e4-a52e-4f735466cecf":"f.2505593A71F6743E8AE774F812430ADA.d.0155CAFE7B4B86AE43E76A64BD6A6ED6.e.7797","ELEMENT":"f.2505593A71F6743E8AE774F812430ADA.d.0155CAFE7B4B86AE43E76A64BD6A6ED6.e.7797"}]}
COMMAND: POST /session/f292156acc1b273c5de2837bdf35b9d0/execute/sync - {"script":"<script> [5351 bytes]","args":[{"element-6066-11e4-a52e-4f735466cecf":"f.2505593A71F6743E8AE774F812430ADA.d.0155CAFE7B4B86AE43E76A64BD6A6ED6.e.7797","ELEMENT":"f.2505593A71F6743E8AE774F812430ADA.d.0155CAFE7B4B86AE43E76A64BD6A6ED6.e.7797"}]}
COMMAND: GET /session/f292156acc1b273c5de2837bdf35b9d0/screenshot - {}
RESULT: {}
RESULT: {"script":"<script> [5351 bytes]","args":[{"element-6066-11e4-a52e-4f735466cecf":"f.2505593A71F6743E8AE774F812430ADA.d.0155CAFE7B4B86AE43E76A64BD6A6ED6.e.7797","ELEMENT":"f.2505593A71F6743E8AE774F812430ADA.d.0155CAFE7B4B86AE43E76A64BD6A6ED6.e.7797"}]}
COMMAND: GET /session/f292156acc1b273c5de2837bdf35b9d0/screenshot - {}
RESULT: {}
RESULT: {}
COMMAND: POST /session/f292156acc1b273c5de2837bdf35b9d0/element/f.2505593A71F6743E8AE774F812430ADA.d.0155CAFE7B4B86AE43E76A64BD6A6ED6.e.7797/click - {}
RESULT: {}
COMMAND: GET /session/f292156acc1b273c5de2837bdf35b9d0/screenshot - {}
COMMAND: POST /session/f292156acc1b273c5de2837bdf35b9d0/execute/async - {"script":"<script> [1562 bytes]","args":[{"selector":{"id":"application-managecontracts-display-component---AddNewContract--projectDescription","interaction":{"idSuffix":"inner"}},"wdio_ui5_key":"applicationmanagecontracts-display-component---AddNewContract--projectDescription"}]}
RESULT: {}
RESULT: {"script":"<script> [1562 bytes]","args":[{"selector":{"id":"application-managecontracts-display-component---AddNewContract--projectDescription","interaction":{"idSuffix":"inner"}},"wdio_ui5_key":"applicationmanagecontracts-display-component---AddNewContract--projectDescription"}]}
RESULT: undefined
COMMAND: POST /session/f292156acc1b273c5de2837bdf35b9d0/execute/async - {"script":"<script> [776 bytes]","args":[{"enterText":"Intercompany Contract WDIO","selector":{"id":"application-managecontracts-display-component---AddNewContract--projectDescription","interaction":{"idSuffix":"inner"}},"clearTextFirst":true,"interactionType":"ENTER_TEXT"}]}
RESULT: {"script":"<script> [776 bytes]","args":[{"enterText":"Intercompany Contract WDIO","selector":{"id":"application-managecontracts-display-component---AddNewContract--projectDescription","interaction":{"idSuffix":"inner"}},"clearTextFirst":true,"interactionType":"ENTER_TEXT"}]}
COMMAND: POST /session/f292156acc1b273c5de2837bdf35b9d0/element - {"using":"xpath","value":"//input[@id=\"application-managecontracts-display-component---AddNewContract--site-inner\"]"}
RESULT: {"using":"xpath","value":"//input[@id=\"application-managecontracts-display-component---AddNewContract--site-inner\"]"}
COMMAND: POST /session/f292156acc1b273c5de2837bdf35b9d0/element/f.2505593A71F6743E8AE774F812430ADA.d.0155CAFE7B4B86AE43E76A64BD6A6ED6.e.8116/clear - {}
RESULT: {}
COMMAND: POST /session/f292156acc1b273c5de2837bdf35b9d0/element/f.2505593A71F6743E8AE774F812430ADA.d.0155CAFE7B4B86AE43E76A64BD6A6ED6.e.8116/value - {"text":"2208"}
COMMAND: GET /session/f292156acc1b273c5de2837bdf35b9d0/screenshot - {}
RESULT: {"text":"2208"}
COMMAND: GET /session/f292156acc1b273c5de2837bdf35b9d0/screenshot - {}
RESULT: {}
RESULT: {}
COMMAND: POST /session/f292156acc1b273c5de2837bdf35b9d0/element - {"using":"xpath","value":"//li[.//span[text()='2208']]"}
RESULT: {"using":"xpath","value":"//li[.//span[text()='2208']]"}
COMMAND: POST /session/f292156acc1b273c5de2837bdf35b9d0/element/f.2505593A71F6743E8AE774F812430ADA.d.0155CAFE7B4B86AE43E76A64BD6A6ED6.e.8198/click - {}
RESULT: {}
COMMAND: GET /session/f292156acc1b273c5de2837bdf35b9d0/screenshot - {}
RESULT: {}
COMMAND: POST /session/f292156acc1b273c5de2837bdf35b9d0/element - {"using":"xpath","value":"//input[@id=\"application-managecontracts-display-component---AddNewContract--yardId-inner\"]"}
RESULT: {"using":"xpath","value":"//input[@id=\"application-managecontracts-display-component---AddNewContract--yardId-inner\"]"}
COMMAND: GET /session/f292156acc1b273c5de2837bdf35b9d0/element/f.2505593A71F6743E8AE774F812430ADA.d.0155CAFE7B4B86AE43E76A64BD6A6ED6.e.8117/property/value - {}
RESULT: {}
COMMAND: POST /session/f292156acc1b273c5de2837bdf35b9d0/element - {"using":"xpath","value":"//input[@id=\"application-managecontracts-display-component---AddNewContract--customerSelect-inner\"]"}
COMMAND: GET /session/f292156acc1b273c5de2837bdf35b9d0/screenshot - {}
RESULT: {"using":"xpath","value":"//input[@id=\"application-managecontracts-display-component---AddNewContract--customerSelect-inner\"]"}
COMMAND: POST /session/f292156acc1b273c5de2837bdf35b9d0/element/f.2505593A71F6743E8AE774F812430ADA.d.0155CAFE7B4B86AE43E76A64BD6A6ED6.e.8115/clear - {}
RESULT: {}
RESULT: {}
COMMAND: POST /session/f292156acc1b273c5de2837bdf35b9d0/element/f.2505593A71F6743E8AE774F812430ADA.d.0155CAFE7B4B86AE43E76A64BD6A6ED6.e.8115/value - {"text":"1239"}
COMMAND: GET /session/f292156acc1b273c5de2837bdf35b9d0/screenshot - {}
RESULT: {"text":"1239"}
COMMAND: GET /session/f292156acc1b273c5de2837bdf35b9d0/screenshot - {}
RESULT: {}
RESULT: {}
COMMAND: POST /session/f292156acc1b273c5de2837bdf35b9d0/element - {"using":"xpath","value":"//li[.//span[text()='1239']]"}
RESULT: {"using":"xpath","value":"//li[.//span[text()='1239']]"}
COMMAND: POST /session/f292156acc1b273c5de2837bdf35b9d0/element/f.2505593A71F6743E8AE774F812430ADA.d.0155CAFE7B4B86AE43E76A64BD6A6ED6.e.8201/click - {}
RESULT: {}
COMMAND: GET /session/f292156acc1b273c5de2837bdf35b9d0/screenshot - {}
RESULT: {}
COMMAND: POST /session/f292156acc1b273c5de2837bdf35b9d0/element - {"using":"xpath","value":"//button[@data-kt=\"saveButton\"]"}
RESULT: {"using":"xpath","value":"//button[@data-kt=\"saveButton\"]"}
COMMAND: POST /session/f292156acc1b273c5de2837bdf35b9d0/element/f.2505593A71F6743E8AE774F812430ADA.d.0155CAFE7B4B86AE43E76A64BD6A6ED6.e.8190/click - {}
RESULT: {}
COMMAND: GET /session/f292156acc1b273c5de2837bdf35b9d0/screenshot - {}
RESULT: {}
COMMAND: POST /session/f292156acc1b273c5de2837bdf35b9d0/element - {"using":"xpath","value":"//span[contains(@id ,\"contractDetailTitleNoExpanded\")]"}
RESULT: {"using":"xpath","value":"//span[contains(@id ,\"contractDetailTitleNoExpanded\")]"}
COMMAND: POST /session/f292156acc1b273c5de2837bdf35b9d0/elements - {"using":"xpath","value":"//span[contains(@id ,\"contractDetailTitleNoExpanded\")]"}
RESULT: {"using":"xpath","value":"//span[contains(@id ,\"contractDetailTitleNoExpanded\")]"}
COMMAND: POST /session/f292156acc1b273c5de2837bdf35b9d0/execute/sync - {"script":"<script> [56 bytes]","args":[{"element-6066-11e4-a52e-4f735466cecf":"f.2505593A71F6743E8AE774F812430ADA.d.0155CAFE7B4B86AE43E76A64BD6A6ED6.e.8212","ELEMENT":"f.2505593A71F6743E8AE774F812430ADA.d.0155CAFE7B4B86AE43E76A64BD6A6ED6.e.8212"}]}
RESULT: {"script":"<script> [56 bytes]","args":[{"element-6066-11e4-a52e-4f735466cecf":"f.2505593A71F6743E8AE774F812430ADA.d.0155CAFE7B4B86AE43E76A64BD6A6ED6.e.8212","ELEMENT":"f.2505593A71F6743E8AE774F812430ADA.d.0155CAFE7B4B86AE43E76A64BD6A6ED6.e.8212"}]}
COMMAND: GET /session/f292156acc1b273c5de2837bdf35b9d0/screenshot - {}
RESULT: {}
]]></system-out>
    </testcase>
    <testcase classname="chrome.136_0_7103_93.windows.US134625_Set_up_price_condition_-_one_time" name="Should add the material to the contract" time="58.769">
      <system-out><![CDATA[
COMMAND: POST /session/f292156acc1b273c5de2837bdf35b9d0/element - {"using":"xpath","value":"//button[@data-kt=\"contractDetailEditBtnButton\"]"}
RESULT: {"using":"xpath","value":"//button[@data-kt=\"contractDetailEditBtnButton\"]"}
COMMAND: POST /session/f292156acc1b273c5de2837bdf35b9d0/element/f.2505593A71F6743E8AE774F812430ADA.d.0155CAFE7B4B86AE43E76A64BD6A6ED6.e.8213/click - {}
RESULT: {}
COMMAND: GET /session/f292156acc1b273c5de2837bdf35b9d0/screenshot - {}
RESULT: {}
COMMAND: POST /session/f292156acc1b273c5de2837bdf35b9d0/element - {"using":"xpath","value":"(//span[contains(text(), \"Additional Addresses\")])[2]"}
RESULT: {"using":"xpath","value":"(//span[contains(text(), \"Additional Addresses\")])[2]"}
COMMAND: POST /session/f292156acc1b273c5de2837bdf35b9d0/element/f.2505593A71F6743E8AE774F812430ADA.d.0155CAFE7B4B86AE43E76A64BD6A6ED6.e.8270/click - {}
RESULT: {}
COMMAND: GET /session/f292156acc1b273c5de2837bdf35b9d0/screenshot - {}
RESULT: {}
COMMAND: POST /session/f292156acc1b273c5de2837bdf35b9d0/element - {"using":"xpath","value":"//button[@data-kt=\"btnAddTableRowOverflowToolbarButton\"]"}
RESULT: {"using":"xpath","value":"//button[@data-kt=\"btnAddTableRowOverflowToolbarButton\"]"}
COMMAND: POST /session/f292156acc1b273c5de2837bdf35b9d0/element/f.2505593A71F6743E8AE774F812430ADA.d.0155CAFE7B4B86AE43E76A64BD6A6ED6.e.8272/click - {}
RESULT: {}
COMMAND: GET /session/f292156acc1b273c5de2837bdf35b9d0/screenshot - {}
RESULT: {}
COMMAND: POST /session/f292156acc1b273c5de2837bdf35b9d0/element - {"using":"xpath","value":"//div[(text() = 'Standard Entry' or . = 'Standard Entry')]"}
RESULT: {"using":"xpath","value":"//div[(text() = 'Standard Entry' or . = 'Standard Entry')]"}
COMMAND: POST /session/f292156acc1b273c5de2837bdf35b9d0/element/f.2505593A71F6743E8AE774F812430ADA.d.0155CAFE7B4B86AE43E76A64BD6A6ED6.e.8274/click - {}
RESULT: {}
COMMAND: GET /session/f292156acc1b273c5de2837bdf35b9d0/screenshot - {}
RESULT: {}
COMMAND: POST /session/f292156acc1b273c5de2837bdf35b9d0/element - {"using":"xpath","value":"//td[6]/div/div/div/span"}
RESULT: {"using":"xpath","value":"//td[6]/div/div/div/span"}
COMMAND: POST /session/f292156acc1b273c5de2837bdf35b9d0/element/f.2505593A71F6743E8AE774F812430ADA.d.0155CAFE7B4B86AE43E76A64BD6A6ED6.e.8286/click - {}
RESULT: {}
COMMAND: GET /session/f292156acc1b273c5de2837bdf35b9d0/screenshot - {}
RESULT: {}
COMMAND: POST /session/f292156acc1b273c5de2837bdf35b9d0/element - {"using":"xpath","value":"(//span[contains(text(), \"Material\")])"}
RESULT: {"using":"xpath","value":"(//span[contains(text(), \"Material\")])"}
COMMAND: POST /session/f292156acc1b273c5de2837bdf35b9d0/element/f.2505593A71F6743E8AE774F812430ADA.d.0155CAFE7B4B86AE43E76A64BD6A6ED6.e.8287/click - {}
RESULT: {}
COMMAND: GET /session/f292156acc1b273c5de2837bdf35b9d0/screenshot - {}
RESULT: {}
COMMAND: POST /session/f292156acc1b273c5de2837bdf35b9d0/element - {"using":"xpath","value":"//td[7]/div/div/input"}
RESULT: {"using":"xpath","value":"//td[7]/div/div/input"}
COMMAND: POST /session/f292156acc1b273c5de2837bdf35b9d0/element/f.2505593A71F6743E8AE774F812430ADA.d.0155CAFE7B4B86AE43E76A64BD6A6ED6.e.8291/clear - {}
RESULT: {}
COMMAND: POST /session/f292156acc1b273c5de2837bdf35b9d0/element/f.2505593A71F6743E8AE774F812430ADA.d.0155CAFE7B4B86AE43E76A64BD6A6ED6.e.8291/value - {"text":"200242"}
COMMAND: GET /session/f292156acc1b273c5de2837bdf35b9d0/screenshot - {}
RESULT: {"text":"200242"}
COMMAND: GET /session/f292156acc1b273c5de2837bdf35b9d0/screenshot - {}
RESULT: {}
RESULT: {}
COMMAND: POST /session/f292156acc1b273c5de2837bdf35b9d0/actions - {"actions":[{"id":"action28","type":"key","parameters":{},"actions":[{"type":"keyDown","value":""},{"type":"pause","duration":10},{"type":"keyUp","value":""}]}]}
RESULT: {"actions":[{"id":"action28","type":"key","parameters":{},"actions":[{"type":"keyDown","value":""},{"type":"pause","duration":10},{"type":"keyUp","value":""}]}]}
COMMAND: GET /session/f292156acc1b273c5de2837bdf35b9d0/screenshot - {}
RESULT: {}
COMMAND: POST /session/f292156acc1b273c5de2837bdf35b9d0/execute/sync - {"script":"<script> [276 bytes]","args":["No pricing information was found"]}
RESULT: {"script":"<script> [276 bytes]","args":["No pricing information was found"]}
COMMAND: POST /session/f292156acc1b273c5de2837bdf35b9d0/element - {"using":"xpath","value":"(//button[@data-kt=\"saveButton\"])[2]"}
COMMAND: GET /session/f292156acc1b273c5de2837bdf35b9d0/screenshot - {}
RESULT: {"using":"xpath","value":"(//button[@data-kt=\"saveButton\"])[2]"}
COMMAND: POST /session/f292156acc1b273c5de2837bdf35b9d0/element/f.2505593A71F6743E8AE774F812430ADA.d.0155CAFE7B4B86AE43E76A64BD6A6ED6.e.8314/click - {}
RESULT: {}
RESULT: {}
COMMAND: GET /session/f292156acc1b273c5de2837bdf35b9d0/screenshot - {}
RESULT: {}
COMMAND: POST /session/f292156acc1b273c5de2837bdf35b9d0/execute/sync - {"script":"<script> [276 bytes]","args":["Some contract items are having rental validity exceeding header rental validity"]}
RESULT: {"script":"<script> [276 bytes]","args":["Some contract items are having rental validity exceeding header rental validity"]}
COMMAND: GET /session/f292156acc1b273c5de2837bdf35b9d0/screenshot - {}
RESULT: {}
COMMAND: POST /session/f292156acc1b273c5de2837bdf35b9d0/element - {"using":"xpath","value":"//span[contains(@id ,\"contractItemsSmartTable-header-inner\")]"}
RESULT: {"using":"xpath","value":"//span[contains(@id ,\"contractItemsSmartTable-header-inner\")]"}
COMMAND: POST /session/f292156acc1b273c5de2837bdf35b9d0/elements - {"using":"xpath","value":"//span[contains(@id ,\"contractItemsSmartTable-header-inner\")]"}
RESULT: {"using":"xpath","value":"//span[contains(@id ,\"contractItemsSmartTable-header-inner\")]"}
COMMAND: POST /session/f292156acc1b273c5de2837bdf35b9d0/execute/sync - {"script":"<script> [56 bytes]","args":[{"element-6066-11e4-a52e-4f735466cecf":"f.2505593A71F6743E8AE774F812430ADA.d.0155CAFE7B4B86AE43E76A64BD6A6ED6.e.8324","ELEMENT":"f.2505593A71F6743E8AE774F812430ADA.d.0155CAFE7B4B86AE43E76A64BD6A6ED6.e.8324"}]}
RESULT: {"script":"<script> [56 bytes]","args":[{"element-6066-11e4-a52e-4f735466cecf":"f.2505593A71F6743E8AE774F812430ADA.d.0155CAFE7B4B86AE43E76A64BD6A6ED6.e.8324","ELEMENT":"f.2505593A71F6743E8AE774F812430ADA.d.0155CAFE7B4B86AE43E76A64BD6A6ED6.e.8324"}]}
COMMAND: GET /session/f292156acc1b273c5de2837bdf35b9d0/screenshot - {}
]]></system-out>
    </testcase>
    <testcase classname="chrome.136_0_7103_93.windows.US134625_Set_up_price_condition_-_one_time" name="Should verify the bill item creation and pricing condition" time="12.142">
      <system-out><![CDATA[
COMMAND: POST /session/f292156acc1b273c5de2837bdf35b9d0/execute/async - {"script":"<script> [1562 bytes]","args":[{"selector":{"controlType":"sap.ui.core.Icon","viewName":"etm.portal.ui.managecontracts.view.Detail","properties":{"src":{"regex":{"source":"slim\\-arrow\\-right"}}}},"wdio_ui5_key":"etmportal.ui.managecontracts.view.Detailsap.ui.core.Icon{\"src\":{\"regex\":{\"source\":\"slim\\\\-arrow\\\\-right\"}}}"}]}
RESULT: {}
RESULT: {"script":"<script> [1562 bytes]","args":[{"selector":{"controlType":"sap.ui.core.Icon","viewName":"etm.portal.ui.managecontracts.view.Detail","properties":{"src":{"regex":{"source":"slim\\-arrow\\-right"}}}},"wdio_ui5_key":"etmportal.ui.managecontracts.view.Detailsap.ui.core.Icon{\"src\":{\"regex\":{\"source\":\"slim\\\\-arrow\\\\-right\"}}}"}]}
RESULT: undefined
COMMAND: POST /session/f292156acc1b273c5de2837bdf35b9d0/element - {"using":"xpath","value":"//*[@id=\"__item1456-__clone3134-imgNav\"]"}
RESULT: {"using":"xpath","value":"//*[@id=\"__item1456-__clone3134-imgNav\"]"}
COMMAND: POST /session/f292156acc1b273c5de2837bdf35b9d0/element/f.2505593A71F6743E8AE774F812430ADA.d.0155CAFE7B4B86AE43E76A64BD6A6ED6.e.8325/click - {}
RESULT: {}
COMMAND: GET /session/f292156acc1b273c5de2837bdf35b9d0/screenshot - {}
COMMAND: POST /session/f292156acc1b273c5de2837bdf35b9d0/execute/async - {"script":"<script> [1562 bytes]","args":[{"selector":{"controlType":"sap.m.Text","viewName":"etm.portal.ui.managecontracts.view.BillingItem","viewId":"application-managecontracts-display-component---BillingItem","bindingPath":{"propertyPath":"LINK_TO_C_BILL_TYPES/DESCRIPTION"}},"wdio_ui5_key":"etmportal.ui.managecontracts.view.BillingItemsap.m.Text{\"propertyPath\":\"LINK_TO_C_BILL_TYPES/DESCRIPTION\"}"}]}
RESULT: {}
RESULT: {"script":"<script> [1562 bytes]","args":[{"selector":{"controlType":"sap.m.Text","viewName":"etm.portal.ui.managecontracts.view.BillingItem","viewId":"application-managecontracts-display-component---BillingItem","bindingPath":{"propertyPath":"LINK_TO_C_BILL_TYPES/DESCRIPTION"}},"wdio_ui5_key":"etmportal.ui.managecontracts.view.BillingItemsap.m.Text{\"propertyPath\":\"LINK_TO_C_BILL_TYPES/DESCRIPTION\"}"}]}
RESULT: undefined
COMMAND: POST /session/f292156acc1b273c5de2837bdf35b9d0/execute/async - {"script":"<script> [6424 bytes]","args":[{"element-6066-11e4-a52e-4f735466cecf":"f.2505593A71F6743E8AE774F812430ADA.d.0155CAFE7B4B86AE43E76A64BD6A6ED6.e.8340"},"getText",[]]}
RESULT: {"script":"<script> [6424 bytes]","args":[{"element-6066-11e4-a52e-4f735466cecf":"f.2505593A71F6743E8AE774F812430ADA.d.0155CAFE7B4B86AE43E76A64BD6A6ED6.e.8340"},"getText",[]]}
COMMAND: POST /session/f292156acc1b273c5de2837bdf35b9d0/execute/async - {"script":"<script> [1562 bytes]","args":[{"selector":{"controlType":"sap.m.ObjectNumber","viewName":"etm.portal.ui.managecontracts.view.BillingItem","viewId":"application-managecontracts-display-component---BillingItem","bindingPath":{"propertyPath":"BASE_PRICE"}},"wdio_ui5_key":"etmportal.ui.managecontracts.view.BillingItemsap.m.ObjectNumber{\"propertyPath\":\"BASE_PRICE\"}"}]}
RESULT: {"script":"<script> [1562 bytes]","args":[{"selector":{"controlType":"sap.m.ObjectNumber","viewName":"etm.portal.ui.managecontracts.view.BillingItem","viewId":"application-managecontracts-display-component---BillingItem","bindingPath":{"propertyPath":"BASE_PRICE"}},"wdio_ui5_key":"etmportal.ui.managecontracts.view.BillingItemsap.m.ObjectNumber{\"propertyPath\":\"BASE_PRICE\"}"}]}
RESULT: undefined
COMMAND: POST /session/f292156acc1b273c5de2837bdf35b9d0/execute/async - {"script":"<script> [6424 bytes]","args":[{"element-6066-11e4-a52e-4f735466cecf":"f.2505593A71F6743E8AE774F812430ADA.d.0155CAFE7B4B86AE43E76A64BD6A6ED6.e.8341"},"getNumber",[]]}
RESULT: {"script":"<script> [6424 bytes]","args":[{"element-6066-11e4-a52e-4f735466cecf":"f.2505593A71F6743E8AE774F812430ADA.d.0155CAFE7B4B86AE43E76A64BD6A6ED6.e.8341"},"getNumber",[]]}
COMMAND: POST /session/f292156acc1b273c5de2837bdf35b9d0/execute/async - {"script":"<script> [1562 bytes]","args":[{"selector":{"controlType":"sap.m.ObjectNumber","viewName":"etm.portal.ui.managecontracts.view.BillingItem","viewId":"application-managecontracts-display-component---BillingItem","bindingPath":{"propertyPath":"BASE_QUANTITY"}},"wdio_ui5_key":"etmportal.ui.managecontracts.view.BillingItemsap.m.ObjectNumber{\"propertyPath\":\"BASE_QUANTITY\"}"}]}
RESULT: {"script":"<script> [1562 bytes]","args":[{"selector":{"controlType":"sap.m.ObjectNumber","viewName":"etm.portal.ui.managecontracts.view.BillingItem","viewId":"application-managecontracts-display-component---BillingItem","bindingPath":{"propertyPath":"BASE_QUANTITY"}},"wdio_ui5_key":"etmportal.ui.managecontracts.view.BillingItemsap.m.ObjectNumber{\"propertyPath\":\"BASE_QUANTITY\"}"}]}
RESULT: undefined
COMMAND: POST /session/f292156acc1b273c5de2837bdf35b9d0/execute/async - {"script":"<script> [6424 bytes]","args":[{"element-6066-11e4-a52e-4f735466cecf":"f.2505593A71F6743E8AE774F812430ADA.d.0155CAFE7B4B86AE43E76A64BD6A6ED6.e.8342"},"getNumber",[]]}
RESULT: {"script":"<script> [6424 bytes]","args":[{"element-6066-11e4-a52e-4f735466cecf":"f.2505593A71F6743E8AE774F812430ADA.d.0155CAFE7B4B86AE43E76A64BD6A6ED6.e.8342"},"getNumber",[]]}
COMMAND: DELETE /session/f292156acc1b273c5de2837bdf35b9d0 - {}
RESULT: {}
]]></system-out>
    </testcase>
  </testsuite>
</testsuites>