<?xml version="1.0" encoding="UTF-8"?>
<testsuites tests="49" failures="0" errors="0" skipped="0">
  <testsuite timestamp="2025-05-22T15:08:34" time="1941.186" tests="49" failures="0" errors="0" skipped="0">
    <properties>
      <property name="specId" value="0"/>
      <property name="suiteName" value="Sanity Tests US104253"/>
      <property name="capabilities" value="chrome.136_0_7103_93.windows"/>
      <property name="file" value="file:///D:/a/1/s/test/specs/General/sanity.spec.js"/>
    </properties>
    <testcase classname="chrome.136_0_7103_93.windows.Sanity_Tests_US104253" name="Should open Manage Partners page" time="41.032">
      <system-out><![CDATA[
COMMAND: POST /session/20485257cd2cf638b78b11c842821675/execute/async - {"script":"<script> [1562 bytes]","args":[{"selector":{"controlType":"sap.m.GenericTile","properties":{"header":"Manage Partners"}},"wdio_ui5_key":"sapm.GenericTile{\"header\":\"Manage Partners\"}"}]}
RESULT: {"script":"<script> [1562 bytes]","args":[{"selector":{"controlType":"sap.m.GenericTile","properties":{"header":"Manage Partners"}},"wdio_ui5_key":"sapm.GenericTile{\"header\":\"Manage Partners\"}"}]}
RESULT: undefined
COMMAND: POST /session/20485257cd2cf638b78b11c842821675/element - {"using":"xpath","value":"//*[@id=\"__tile38\"]"}
RESULT: {"using":"xpath","value":"//*[@id=\"__tile38\"]"}
COMMAND: POST /session/20485257cd2cf638b78b11c842821675/element/f.0907B7B6EEA7590679BE63135B2EE279.d.1A6FE19012F8AB5C9F538ADBA7CCACD1.e.116/click - {}
RESULT: {}
COMMAND: GET /session/20485257cd2cf638b78b11c842821675/screenshot - {}
RESULT: {}
COMMAND: POST /session/20485257cd2cf638b78b11c842821675/elements - {"using":"xpath","value":"//span[text()='Error']"}
RESULT: {"using":"xpath","value":"//span[text()='Error']"}
RESULT: undefined
COMMAND: POST /session/20485257cd2cf638b78b11c842821675/element - {"using":"xpath","value":"//*[@id=\"__tile38\"]"}
RESULT: {"using":"xpath","value":"//*[@id=\"__tile38\"]"}
COMMAND: POST /session/20485257cd2cf638b78b11c842821675/element/f.0907B7B6EEA7590679BE63135B2EE279.d.1A6FE19012F8AB5C9F538ADBA7CCACD1.e.116/click - {}
RESULT: undefined
COMMAND: POST /session/20485257cd2cf638b78b11c842821675/element - {"using":"xpath","value":"//*[@id=\"__tile38\"]"}
RESULT: {"using":"xpath","value":"//*[@id=\"__tile38\"]"}
COMMAND: POST /session/20485257cd2cf638b78b11c842821675/element/f.0907B7B6EEA7590679BE63135B2EE279.d.1A6FE19012F8AB5C9F538ADBA7CCACD1.e.116/click - {}
COMMAND: POST /session/20485257cd2cf638b78b11c842821675/execute/async - {"script":"<script> [1562 bytes]","args":[{"selector":{"id":"shellAppTitle"},"wdio_ui5_key":"shellAppTitle"}]}
RESULT: {"script":"<script> [1562 bytes]","args":[{"selector":{"id":"shellAppTitle"},"wdio_ui5_key":"shellAppTitle"}]}
RESULT: undefined
COMMAND: POST /session/20485257cd2cf638b78b11c842821675/execute/async - {"script":"<script> [6424 bytes]","args":[{"element-6066-11e4-a52e-4f735466cecf":"f.0907B7B6EEA7590679BE63135B2EE279.d.1A6FE19012F8AB5C9F538ADBA7CCACD1.e.289"},"getTitle",[]]}
RESULT: {"script":"<script> [6424 bytes]","args":[{"element-6066-11e4-a52e-4f735466cecf":"f.0907B7B6EEA7590679BE63135B2EE279.d.1A6FE19012F8AB5C9F538ADBA7CCACD1.e.289"},"getTitle",[]]}
COMMAND: POST /session/20485257cd2cf638b78b11c842821675/execute/async - {"script":"<script> [1562 bytes]","args":[{"selector":{"id":"backBtn"},"wdio_ui5_key":"backBtn"}]}
RESULT: {"script":"<script> [1562 bytes]","args":[{"selector":{"id":"backBtn"},"wdio_ui5_key":"backBtn"}]}
RESULT: undefined
COMMAND: POST /session/20485257cd2cf638b78b11c842821675/element - {"using":"xpath","value":"//*[@id=\"backBtn\"]"}
RESULT: {"using":"xpath","value":"//*[@id=\"backBtn\"]"}
COMMAND: POST /session/20485257cd2cf638b78b11c842821675/element/f.0907B7B6EEA7590679BE63135B2EE279.d.1A6FE19012F8AB5C9F538ADBA7CCACD1.e.290/click - {}
RESULT: {}
COMMAND: GET /session/20485257cd2cf638b78b11c842821675/screenshot - {}
RESULT: {}
]]></system-out>
    </testcase>
    <testcase classname="chrome.136_0_7103_93.windows.Sanity_Tests_US104253" name="Should open Manage Sites page" time="39.41">
      <system-out><![CDATA[
COMMAND: POST /session/20485257cd2cf638b78b11c842821675/execute/async - {"script":"<script> [1562 bytes]","args":[{"selector":{"controlType":"sap.m.GenericTile","properties":{"header":"Manage Sites"}},"wdio_ui5_key":"sapm.GenericTile{\"header\":\"Manage Sites\"}"}]}
RESULT: {"script":"<script> [1562 bytes]","args":[{"selector":{"controlType":"sap.m.GenericTile","properties":{"header":"Manage Sites"}},"wdio_ui5_key":"sapm.GenericTile{\"header\":\"Manage Sites\"}"}]}
RESULT: undefined
COMMAND: POST /session/20485257cd2cf638b78b11c842821675/element - {"using":"xpath","value":"//*[@id=\"__tile40\"]"}
RESULT: {"using":"xpath","value":"//*[@id=\"__tile40\"]"}
COMMAND: POST /session/20485257cd2cf638b78b11c842821675/element/f.0907B7B6EEA7590679BE63135B2EE279.d.1A6FE19012F8AB5C9F538ADBA7CCACD1.e.292/click - {}
RESULT: {}
COMMAND: GET /session/20485257cd2cf638b78b11c842821675/screenshot - {}
RESULT: {}
COMMAND: POST /session/20485257cd2cf638b78b11c842821675/elements - {"using":"xpath","value":"//span[text()='Error']"}
RESULT: {"using":"xpath","value":"//span[text()='Error']"}
RESULT: undefined
COMMAND: POST /session/20485257cd2cf638b78b11c842821675/element - {"using":"xpath","value":"//*[@id=\"__tile40\"]"}
RESULT: {"using":"xpath","value":"//*[@id=\"__tile40\"]"}
COMMAND: POST /session/20485257cd2cf638b78b11c842821675/element/f.0907B7B6EEA7590679BE63135B2EE279.d.1A6FE19012F8AB5C9F538ADBA7CCACD1.e.292/click - {}
RESULT: undefined
COMMAND: POST /session/20485257cd2cf638b78b11c842821675/element - {"using":"xpath","value":"//*[@id=\"__tile40\"]"}
RESULT: {"using":"xpath","value":"//*[@id=\"__tile40\"]"}
COMMAND: POST /session/20485257cd2cf638b78b11c842821675/element/f.0907B7B6EEA7590679BE63135B2EE279.d.1A6FE19012F8AB5C9F538ADBA7CCACD1.e.292/click - {}
RESULT: undefined
COMMAND: POST /session/20485257cd2cf638b78b11c842821675/execute/async - {"script":"<script> [6424 bytes]","args":[{"element-6066-11e4-a52e-4f735466cecf":"f.0907B7B6EEA7590679BE63135B2EE279.d.1A6FE19012F8AB5C9F538ADBA7CCACD1.e.289"},"getTitle",[]]}
COMMAND: POST /session/20485257cd2cf638b78b11c842821675/execute/async - {"script":"<script> [1562 bytes]","args":[{"selector":{"id":"shellAppTitle"},"wdio_ui5_key":"shellAppTitle"}]}
RESULT: {"script":"<script> [1562 bytes]","args":[{"selector":{"id":"shellAppTitle"},"wdio_ui5_key":"shellAppTitle"}]}
COMMAND: POST /session/20485257cd2cf638b78b11c842821675/execute/async - {"script":"<script> [6424 bytes]","args":[{"element-6066-11e4-a52e-4f735466cecf":"f.0907B7B6EEA7590679BE63135B2EE279.d.1A6FE19012F8AB5C9F538ADBA7CCACD1.e.479"},"getTitle",[]]}
RESULT: {"script":"<script> [6424 bytes]","args":[{"element-6066-11e4-a52e-4f735466cecf":"f.0907B7B6EEA7590679BE63135B2EE279.d.1A6FE19012F8AB5C9F538ADBA7CCACD1.e.479"},"getTitle",[]]}
RESULT: undefined
COMMAND: POST /session/20485257cd2cf638b78b11c842821675/element/f.0907B7B6EEA7590679BE63135B2EE279.d.1A6FE19012F8AB5C9F538ADBA7CCACD1.e.290/click - {}
RESULT: {}
COMMAND: GET /session/20485257cd2cf638b78b11c842821675/screenshot - {}
RESULT: {}
]]></system-out>
    </testcase>
    <testcase classname="chrome.136_0_7103_93.windows.Sanity_Tests_US104253" name="Should open Manage Resources page" time="38.383">
      <system-out><![CDATA[
COMMAND: POST /session/20485257cd2cf638b78b11c842821675/execute/async - {"script":"<script> [1562 bytes]","args":[{"selector":{"controlType":"sap.m.GenericTile","properties":{"header":"Manage Resources"}},"wdio_ui5_key":"sapm.GenericTile{\"header\":\"Manage Resources\"}"}]}
RESULT: {"script":"<script> [1562 bytes]","args":[{"selector":{"controlType":"sap.m.GenericTile","properties":{"header":"Manage Resources"}},"wdio_ui5_key":"sapm.GenericTile{\"header\":\"Manage Resources\"}"}]}
RESULT: undefined
COMMAND: POST /session/20485257cd2cf638b78b11c842821675/element - {"using":"xpath","value":"//*[@id=\"__tile39\"]"}
RESULT: {"using":"xpath","value":"//*[@id=\"__tile39\"]"}
COMMAND: POST /session/20485257cd2cf638b78b11c842821675/element/f.0907B7B6EEA7590679BE63135B2EE279.d.1A6FE19012F8AB5C9F538ADBA7CCACD1.e.481/click - {}
RESULT: {}
COMMAND: GET /session/20485257cd2cf638b78b11c842821675/screenshot - {}
RESULT: {}
COMMAND: POST /session/20485257cd2cf638b78b11c842821675/elements - {"using":"xpath","value":"//span[text()='Error']"}
RESULT: {"using":"xpath","value":"//span[text()='Error']"}
RESULT: undefined
COMMAND: POST /session/20485257cd2cf638b78b11c842821675/element - {"using":"xpath","value":"//*[@id=\"__tile39\"]"}
RESULT: {"using":"xpath","value":"//*[@id=\"__tile39\"]"}
COMMAND: POST /session/20485257cd2cf638b78b11c842821675/element/f.0907B7B6EEA7590679BE63135B2EE279.d.1A6FE19012F8AB5C9F538ADBA7CCACD1.e.481/click - {}
RESULT: undefined
COMMAND: POST /session/20485257cd2cf638b78b11c842821675/element - {"using":"xpath","value":"//*[@id=\"__tile39\"]"}
RESULT: {"using":"xpath","value":"//*[@id=\"__tile39\"]"}
COMMAND: POST /session/20485257cd2cf638b78b11c842821675/element/f.0907B7B6EEA7590679BE63135B2EE279.d.1A6FE19012F8AB5C9F538ADBA7CCACD1.e.481/click - {}
RESULT: undefined
COMMAND: POST /session/20485257cd2cf638b78b11c842821675/execute/async - {"script":"<script> [6424 bytes]","args":[{"element-6066-11e4-a52e-4f735466cecf":"f.0907B7B6EEA7590679BE63135B2EE279.d.1A6FE19012F8AB5C9F538ADBA7CCACD1.e.289"},"getTitle",[]]}
COMMAND: POST /session/20485257cd2cf638b78b11c842821675/execute/async - {"script":"<script> [1562 bytes]","args":[{"selector":{"id":"shellAppTitle"},"wdio_ui5_key":"shellAppTitle"}]}
RESULT: {"script":"<script> [1562 bytes]","args":[{"selector":{"id":"shellAppTitle"},"wdio_ui5_key":"shellAppTitle"}]}
COMMAND: POST /session/20485257cd2cf638b78b11c842821675/execute/async - {"script":"<script> [6424 bytes]","args":[{"element-6066-11e4-a52e-4f735466cecf":"f.0907B7B6EEA7590679BE63135B2EE279.d.1A6FE19012F8AB5C9F538ADBA7CCACD1.e.887"},"getTitle",[]]}
RESULT: {"script":"<script> [6424 bytes]","args":[{"element-6066-11e4-a52e-4f735466cecf":"f.0907B7B6EEA7590679BE63135B2EE279.d.1A6FE19012F8AB5C9F538ADBA7CCACD1.e.887"},"getTitle",[]]}
RESULT: undefined
COMMAND: POST /session/20485257cd2cf638b78b11c842821675/element/f.0907B7B6EEA7590679BE63135B2EE279.d.1A6FE19012F8AB5C9F538ADBA7CCACD1.e.290/click - {}
COMMAND: POST /session/20485257cd2cf638b78b11c842821675/element - {"using":"xpath","value":"//*[@id=\"backBtn\"]"}
RESULT: {"using":"xpath","value":"//*[@id=\"backBtn\"]"}
COMMAND: POST /session/20485257cd2cf638b78b11c842821675/element/f.0907B7B6EEA7590679BE63135B2EE279.d.1A6FE19012F8AB5C9F538ADBA7CCACD1.e.290/click - {}
COMMAND: POST /session/20485257cd2cf638b78b11c842821675/element - {"using":"xpath","value":"//*[@id=\"backBtn\"]"}
RESULT: {"using":"xpath","value":"//*[@id=\"backBtn\"]"}
COMMAND: POST /session/20485257cd2cf638b78b11c842821675/element/f.0907B7B6EEA7590679BE63135B2EE279.d.1A6FE19012F8AB5C9F538ADBA7CCACD1.e.888/click - {}
RESULT: {}
COMMAND: GET /session/20485257cd2cf638b78b11c842821675/screenshot - {}
RESULT: {}
]]></system-out>
    </testcase>
    <testcase classname="chrome.136_0_7103_93.windows.Sanity_Tests_US104253" name="Should open Manage Catalogs page" time="36.02">
      <system-out><![CDATA[
COMMAND: POST /session/20485257cd2cf638b78b11c842821675/execute/async - {"script":"<script> [1562 bytes]","args":[{"selector":{"controlType":"sap.m.GenericTile","properties":{"header":"Manage Catalogs"}},"wdio_ui5_key":"sapm.GenericTile{\"header\":\"Manage Catalogs\"}"}]}
RESULT: {"script":"<script> [1562 bytes]","args":[{"selector":{"controlType":"sap.m.GenericTile","properties":{"header":"Manage Catalogs"}},"wdio_ui5_key":"sapm.GenericTile{\"header\":\"Manage Catalogs\"}"}]}
RESULT: undefined
COMMAND: POST /session/20485257cd2cf638b78b11c842821675/element - {"using":"xpath","value":"//*[@id=\"__tile37\"]"}
RESULT: {"using":"xpath","value":"//*[@id=\"__tile37\"]"}
COMMAND: POST /session/20485257cd2cf638b78b11c842821675/element/f.0907B7B6EEA7590679BE63135B2EE279.d.1A6FE19012F8AB5C9F538ADBA7CCACD1.e.890/click - {}
RESULT: {}
COMMAND: GET /session/20485257cd2cf638b78b11c842821675/screenshot - {}
RESULT: {}
COMMAND: POST /session/20485257cd2cf638b78b11c842821675/elements - {"using":"xpath","value":"//span[text()='Error']"}
RESULT: {"using":"xpath","value":"//span[text()='Error']"}
RESULT: undefined
COMMAND: POST /session/20485257cd2cf638b78b11c842821675/element - {"using":"xpath","value":"//*[@id=\"__tile37\"]"}
RESULT: {"using":"xpath","value":"//*[@id=\"__tile37\"]"}
COMMAND: POST /session/20485257cd2cf638b78b11c842821675/element/f.0907B7B6EEA7590679BE63135B2EE279.d.1A6FE19012F8AB5C9F538ADBA7CCACD1.e.890/click - {}
RESULT: undefined
COMMAND: POST /session/20485257cd2cf638b78b11c842821675/element - {"using":"xpath","value":"//*[@id=\"__tile37\"]"}
RESULT: {"using":"xpath","value":"//*[@id=\"__tile37\"]"}
COMMAND: POST /session/20485257cd2cf638b78b11c842821675/element/f.0907B7B6EEA7590679BE63135B2EE279.d.1A6FE19012F8AB5C9F538ADBA7CCACD1.e.890/click - {}
RESULT: undefined
COMMAND: POST /session/20485257cd2cf638b78b11c842821675/execute/async - {"script":"<script> [6424 bytes]","args":[{"element-6066-11e4-a52e-4f735466cecf":"f.0907B7B6EEA7590679BE63135B2EE279.d.1A6FE19012F8AB5C9F538ADBA7CCACD1.e.289"},"getTitle",[]]}
COMMAND: POST /session/20485257cd2cf638b78b11c842821675/execute/async - {"script":"<script> [1562 bytes]","args":[{"selector":{"id":"shellAppTitle"},"wdio_ui5_key":"shellAppTitle"}]}
RESULT: {"script":"<script> [1562 bytes]","args":[{"selector":{"id":"shellAppTitle"},"wdio_ui5_key":"shellAppTitle"}]}
COMMAND: POST /session/20485257cd2cf638b78b11c842821675/execute/async - {"script":"<script> [6424 bytes]","args":[{"element-6066-11e4-a52e-4f735466cecf":"f.0907B7B6EEA7590679BE63135B2EE279.d.1A6FE19012F8AB5C9F538ADBA7CCACD1.e.1004"},"getTitle",[]]}
RESULT: {"script":"<script> [6424 bytes]","args":[{"element-6066-11e4-a52e-4f735466cecf":"f.0907B7B6EEA7590679BE63135B2EE279.d.1A6FE19012F8AB5C9F538ADBA7CCACD1.e.1004"},"getTitle",[]]}
RESULT: undefined
COMMAND: POST /session/20485257cd2cf638b78b11c842821675/element/f.0907B7B6EEA7590679BE63135B2EE279.d.1A6FE19012F8AB5C9F538ADBA7CCACD1.e.888/click - {}
RESULT: {}
COMMAND: GET /session/20485257cd2cf638b78b11c842821675/screenshot - {}
RESULT: {}
]]></system-out>
    </testcase>
    <testcase classname="chrome.136_0_7103_93.windows.Sanity_Tests_US104253" name="Should open Manage Calendars page" time="36.053">
      <system-out><![CDATA[
COMMAND: POST /session/20485257cd2cf638b78b11c842821675/execute/async - {"script":"<script> [1562 bytes]","args":[{"selector":{"controlType":"sap.m.GenericTile","properties":{"header":"Manage Calendars"}},"wdio_ui5_key":"sapm.GenericTile{\"header\":\"Manage Calendars\"}"}]}
RESULT: {"script":"<script> [1562 bytes]","args":[{"selector":{"controlType":"sap.m.GenericTile","properties":{"header":"Manage Calendars"}},"wdio_ui5_key":"sapm.GenericTile{\"header\":\"Manage Calendars\"}"}]}
RESULT: undefined
COMMAND: POST /session/20485257cd2cf638b78b11c842821675/element - {"using":"xpath","value":"//*[@id=\"__tile36\"]"}
RESULT: {"using":"xpath","value":"//*[@id=\"__tile36\"]"}
COMMAND: POST /session/20485257cd2cf638b78b11c842821675/element/f.0907B7B6EEA7590679BE63135B2EE279.d.1A6FE19012F8AB5C9F538ADBA7CCACD1.e.1006/click - {}
RESULT: {}
COMMAND: GET /session/20485257cd2cf638b78b11c842821675/screenshot - {}
RESULT: {}
COMMAND: POST /session/20485257cd2cf638b78b11c842821675/elements - {"using":"xpath","value":"//span[text()='Error']"}
RESULT: {"using":"xpath","value":"//span[text()='Error']"}
RESULT: undefined
COMMAND: POST /session/20485257cd2cf638b78b11c842821675/element - {"using":"xpath","value":"//*[@id=\"__tile36\"]"}
RESULT: {"using":"xpath","value":"//*[@id=\"__tile36\"]"}
COMMAND: POST /session/20485257cd2cf638b78b11c842821675/element/f.0907B7B6EEA7590679BE63135B2EE279.d.1A6FE19012F8AB5C9F538ADBA7CCACD1.e.1006/click - {}
RESULT: undefined
COMMAND: POST /session/20485257cd2cf638b78b11c842821675/element - {"using":"xpath","value":"//*[@id=\"__tile36\"]"}
RESULT: {"using":"xpath","value":"//*[@id=\"__tile36\"]"}
COMMAND: POST /session/20485257cd2cf638b78b11c842821675/element/f.0907B7B6EEA7590679BE63135B2EE279.d.1A6FE19012F8AB5C9F538ADBA7CCACD1.e.1006/click - {}
RESULT: undefined
COMMAND: POST /session/20485257cd2cf638b78b11c842821675/execute/async - {"script":"<script> [6424 bytes]","args":[{"element-6066-11e4-a52e-4f735466cecf":"f.0907B7B6EEA7590679BE63135B2EE279.d.1A6FE19012F8AB5C9F538ADBA7CCACD1.e.289"},"getTitle",[]]}
COMMAND: POST /session/20485257cd2cf638b78b11c842821675/execute/async - {"script":"<script> [1562 bytes]","args":[{"selector":{"id":"shellAppTitle"},"wdio_ui5_key":"shellAppTitle"}]}
RESULT: {"script":"<script> [1562 bytes]","args":[{"selector":{"id":"shellAppTitle"},"wdio_ui5_key":"shellAppTitle"}]}
COMMAND: POST /session/20485257cd2cf638b78b11c842821675/execute/async - {"script":"<script> [6424 bytes]","args":[{"element-6066-11e4-a52e-4f735466cecf":"f.0907B7B6EEA7590679BE63135B2EE279.d.1A6FE19012F8AB5C9F538ADBA7CCACD1.e.1172"},"getTitle",[]]}
RESULT: {"script":"<script> [6424 bytes]","args":[{"element-6066-11e4-a52e-4f735466cecf":"f.0907B7B6EEA7590679BE63135B2EE279.d.1A6FE19012F8AB5C9F538ADBA7CCACD1.e.1172"},"getTitle",[]]}
RESULT: undefined
COMMAND: POST /session/20485257cd2cf638b78b11c842821675/element/f.0907B7B6EEA7590679BE63135B2EE279.d.1A6FE19012F8AB5C9F538ADBA7CCACD1.e.888/click - {}
COMMAND: POST /session/20485257cd2cf638b78b11c842821675/element - {"using":"xpath","value":"//*[@id=\"backBtn\"]"}
RESULT: {"using":"xpath","value":"//*[@id=\"backBtn\"]"}
COMMAND: POST /session/20485257cd2cf638b78b11c842821675/element/f.0907B7B6EEA7590679BE63135B2EE279.d.1A6FE19012F8AB5C9F538ADBA7CCACD1.e.888/click - {}
COMMAND: POST /session/20485257cd2cf638b78b11c842821675/element - {"using":"xpath","value":"//*[@id=\"backBtn\"]"}
RESULT: {"using":"xpath","value":"//*[@id=\"backBtn\"]"}
COMMAND: POST /session/20485257cd2cf638b78b11c842821675/element/f.0907B7B6EEA7590679BE63135B2EE279.d.1A6FE19012F8AB5C9F538ADBA7CCACD1.e.1173/click - {}
RESULT: {}
COMMAND: GET /session/20485257cd2cf638b78b11c842821675/screenshot - {}
RESULT: {}
]]></system-out>
    </testcase>
    <testcase classname="chrome.136_0_7103_93.windows.Sanity_Tests_US104253" name="Should open Address Management page" time="37.923">
      <system-out><![CDATA[
COMMAND: POST /session/20485257cd2cf638b78b11c842821675/execute/async - {"script":"<script> [1562 bytes]","args":[{"selector":{"controlType":"sap.m.GenericTile","properties":{"header":"Address Management"}},"wdio_ui5_key":"sapm.GenericTile{\"header\":\"Address Management\"}"}]}
RESULT: {"script":"<script> [1562 bytes]","args":[{"selector":{"controlType":"sap.m.GenericTile","properties":{"header":"Address Management"}},"wdio_ui5_key":"sapm.GenericTile{\"header\":\"Address Management\"}"}]}
RESULT: undefined
COMMAND: POST /session/20485257cd2cf638b78b11c842821675/element - {"using":"xpath","value":"//*[@id=\"__tile33\"]"}
RESULT: {"using":"xpath","value":"//*[@id=\"__tile33\"]"}
COMMAND: POST /session/20485257cd2cf638b78b11c842821675/element/f.0907B7B6EEA7590679BE63135B2EE279.d.1A6FE19012F8AB5C9F538ADBA7CCACD1.e.1175/click - {}
RESULT: {}
COMMAND: GET /session/20485257cd2cf638b78b11c842821675/screenshot - {}
RESULT: {}
COMMAND: POST /session/20485257cd2cf638b78b11c842821675/elements - {"using":"xpath","value":"//span[text()='Error']"}
RESULT: {"using":"xpath","value":"//span[text()='Error']"}
RESULT: undefined
COMMAND: POST /session/20485257cd2cf638b78b11c842821675/element - {"using":"xpath","value":"//*[@id=\"__tile33\"]"}
RESULT: {"using":"xpath","value":"//*[@id=\"__tile33\"]"}
COMMAND: POST /session/20485257cd2cf638b78b11c842821675/element/f.0907B7B6EEA7590679BE63135B2EE279.d.1A6FE19012F8AB5C9F538ADBA7CCACD1.e.1175/click - {}
RESULT: undefined
COMMAND: POST /session/20485257cd2cf638b78b11c842821675/element - {"using":"xpath","value":"//*[@id=\"__tile33\"]"}
RESULT: {"using":"xpath","value":"//*[@id=\"__tile33\"]"}
COMMAND: POST /session/20485257cd2cf638b78b11c842821675/element/f.0907B7B6EEA7590679BE63135B2EE279.d.1A6FE19012F8AB5C9F538ADBA7CCACD1.e.1175/click - {}
RESULT: undefined
COMMAND: POST /session/20485257cd2cf638b78b11c842821675/execute/async - {"script":"<script> [6424 bytes]","args":[{"element-6066-11e4-a52e-4f735466cecf":"f.0907B7B6EEA7590679BE63135B2EE279.d.1A6FE19012F8AB5C9F538ADBA7CCACD1.e.289"},"getTitle",[]]}
COMMAND: POST /session/20485257cd2cf638b78b11c842821675/execute/async - {"script":"<script> [1562 bytes]","args":[{"selector":{"id":"shellAppTitle"},"wdio_ui5_key":"shellAppTitle"}]}
RESULT: {"script":"<script> [1562 bytes]","args":[{"selector":{"id":"shellAppTitle"},"wdio_ui5_key":"shellAppTitle"}]}
COMMAND: POST /session/20485257cd2cf638b78b11c842821675/execute/async - {"script":"<script> [6424 bytes]","args":[{"element-6066-11e4-a52e-4f735466cecf":"f.0907B7B6EEA7590679BE63135B2EE279.d.1A6FE19012F8AB5C9F538ADBA7CCACD1.e.1369"},"getTitle",[]]}
RESULT: {"script":"<script> [6424 bytes]","args":[{"element-6066-11e4-a52e-4f735466cecf":"f.0907B7B6EEA7590679BE63135B2EE279.d.1A6FE19012F8AB5C9F538ADBA7CCACD1.e.1369"},"getTitle",[]]}
RESULT: undefined
COMMAND: POST /session/20485257cd2cf638b78b11c842821675/element/f.0907B7B6EEA7590679BE63135B2EE279.d.1A6FE19012F8AB5C9F538ADBA7CCACD1.e.1173/click - {}
RESULT: {}
COMMAND: GET /session/20485257cd2cf638b78b11c842821675/screenshot - {}
RESULT: {}
]]></system-out>
    </testcase>
    <testcase classname="chrome.136_0_7103_93.windows.Sanity_Tests_US104253" name="Should open Bill Of Resources page" time="39.774">
      <system-out><![CDATA[
COMMAND: POST /session/20485257cd2cf638b78b11c842821675/execute/async - {"script":"<script> [1562 bytes]","args":[{"selector":{"controlType":"sap.m.GenericTile","properties":{"header":"Bill Of Resources"}},"wdio_ui5_key":"sapm.GenericTile{\"header\":\"Bill Of Resources\"}"}]}
RESULT: {"script":"<script> [1562 bytes]","args":[{"selector":{"controlType":"sap.m.GenericTile","properties":{"header":"Bill Of Resources"}},"wdio_ui5_key":"sapm.GenericTile{\"header\":\"Bill Of Resources\"}"}]}
RESULT: undefined
COMMAND: POST /session/20485257cd2cf638b78b11c842821675/element - {"using":"xpath","value":"//*[@id=\"__tile34\"]"}
RESULT: {"using":"xpath","value":"//*[@id=\"__tile34\"]"}
COMMAND: POST /session/20485257cd2cf638b78b11c842821675/element/f.0907B7B6EEA7590679BE63135B2EE279.d.1A6FE19012F8AB5C9F538ADBA7CCACD1.e.1371/click - {}
RESULT: {}
COMMAND: GET /session/20485257cd2cf638b78b11c842821675/screenshot - {}
RESULT: {}
COMMAND: POST /session/20485257cd2cf638b78b11c842821675/elements - {"using":"xpath","value":"//span[text()='Error']"}
RESULT: {"using":"xpath","value":"//span[text()='Error']"}
RESULT: undefined
COMMAND: POST /session/20485257cd2cf638b78b11c842821675/element - {"using":"xpath","value":"//*[@id=\"__tile34\"]"}
RESULT: {"using":"xpath","value":"//*[@id=\"__tile34\"]"}
COMMAND: POST /session/20485257cd2cf638b78b11c842821675/element/f.0907B7B6EEA7590679BE63135B2EE279.d.1A6FE19012F8AB5C9F538ADBA7CCACD1.e.1371/click - {}
RESULT: undefined
COMMAND: POST /session/20485257cd2cf638b78b11c842821675/element - {"using":"xpath","value":"//*[@id=\"__tile34\"]"}
RESULT: {"using":"xpath","value":"//*[@id=\"__tile34\"]"}
COMMAND: POST /session/20485257cd2cf638b78b11c842821675/element/f.0907B7B6EEA7590679BE63135B2EE279.d.1A6FE19012F8AB5C9F538ADBA7CCACD1.e.1371/click - {}
RESULT: undefined
COMMAND: POST /session/20485257cd2cf638b78b11c842821675/execute/async - {"script":"<script> [6424 bytes]","args":[{"element-6066-11e4-a52e-4f735466cecf":"f.0907B7B6EEA7590679BE63135B2EE279.d.1A6FE19012F8AB5C9F538ADBA7CCACD1.e.289"},"getTitle",[]]}
COMMAND: POST /session/20485257cd2cf638b78b11c842821675/execute/async - {"script":"<script> [1562 bytes]","args":[{"selector":{"id":"shellAppTitle"},"wdio_ui5_key":"shellAppTitle"}]}
RESULT: {"script":"<script> [1562 bytes]","args":[{"selector":{"id":"shellAppTitle"},"wdio_ui5_key":"shellAppTitle"}]}
COMMAND: POST /session/20485257cd2cf638b78b11c842821675/execute/async - {"script":"<script> [6424 bytes]","args":[{"element-6066-11e4-a52e-4f735466cecf":"f.0907B7B6EEA7590679BE63135B2EE279.d.1A6FE19012F8AB5C9F538ADBA7CCACD1.e.1470"},"getTitle",[]]}
RESULT: {"script":"<script> [6424 bytes]","args":[{"element-6066-11e4-a52e-4f735466cecf":"f.0907B7B6EEA7590679BE63135B2EE279.d.1A6FE19012F8AB5C9F538ADBA7CCACD1.e.1470"},"getTitle",[]]}
RESULT: undefined
COMMAND: POST /session/20485257cd2cf638b78b11c842821675/element/f.0907B7B6EEA7590679BE63135B2EE279.d.1A6FE19012F8AB5C9F538ADBA7CCACD1.e.1173/click - {}
COMMAND: POST /session/20485257cd2cf638b78b11c842821675/element - {"using":"xpath","value":"//*[@id=\"backBtn\"]"}
RESULT: {"using":"xpath","value":"//*[@id=\"backBtn\"]"}
COMMAND: POST /session/20485257cd2cf638b78b11c842821675/element/f.0907B7B6EEA7590679BE63135B2EE279.d.1A6FE19012F8AB5C9F538ADBA7CCACD1.e.1173/click - {}
COMMAND: POST /session/20485257cd2cf638b78b11c842821675/element - {"using":"xpath","value":"//*[@id=\"backBtn\"]"}
RESULT: {"using":"xpath","value":"//*[@id=\"backBtn\"]"}
COMMAND: POST /session/20485257cd2cf638b78b11c842821675/element/f.0907B7B6EEA7590679BE63135B2EE279.d.1A6FE19012F8AB5C9F538ADBA7CCACD1.e.1471/click - {}
RESULT: {}
COMMAND: GET /session/20485257cd2cf638b78b11c842821675/screenshot - {}
RESULT: {}
]]></system-out>
    </testcase>
    <testcase classname="chrome.136_0_7103_93.windows.Sanity_Tests_US104253" name="Should open Manage Yards page" time="36.386">
      <system-out><![CDATA[
COMMAND: POST /session/20485257cd2cf638b78b11c842821675/execute/async - {"script":"<script> [1562 bytes]","args":[{"selector":{"controlType":"sap.m.GenericTile","properties":{"header":"Manage Yards"}},"wdio_ui5_key":"sapm.GenericTile{\"header\":\"Manage Yards\"}"}]}
RESULT: {"script":"<script> [1562 bytes]","args":[{"selector":{"controlType":"sap.m.GenericTile","properties":{"header":"Manage Yards"}},"wdio_ui5_key":"sapm.GenericTile{\"header\":\"Manage Yards\"}"}]}
RESULT: undefined
COMMAND: POST /session/20485257cd2cf638b78b11c842821675/element - {"using":"xpath","value":"//*[@id=\"__tile41\"]"}
RESULT: {"using":"xpath","value":"//*[@id=\"__tile41\"]"}
COMMAND: POST /session/20485257cd2cf638b78b11c842821675/element/f.0907B7B6EEA7590679BE63135B2EE279.d.1A6FE19012F8AB5C9F538ADBA7CCACD1.e.1473/click - {}
RESULT: {}
COMMAND: GET /session/20485257cd2cf638b78b11c842821675/screenshot - {}
RESULT: {}
COMMAND: POST /session/20485257cd2cf638b78b11c842821675/elements - {"using":"xpath","value":"//span[text()='Error']"}
RESULT: {"using":"xpath","value":"//span[text()='Error']"}
RESULT: undefined
COMMAND: POST /session/20485257cd2cf638b78b11c842821675/element - {"using":"xpath","value":"//*[@id=\"__tile41\"]"}
RESULT: {"using":"xpath","value":"//*[@id=\"__tile41\"]"}
COMMAND: POST /session/20485257cd2cf638b78b11c842821675/element/f.0907B7B6EEA7590679BE63135B2EE279.d.1A6FE19012F8AB5C9F538ADBA7CCACD1.e.1473/click - {}
RESULT: undefined
COMMAND: POST /session/20485257cd2cf638b78b11c842821675/element - {"using":"xpath","value":"//*[@id=\"__tile41\"]"}
RESULT: {"using":"xpath","value":"//*[@id=\"__tile41\"]"}
COMMAND: POST /session/20485257cd2cf638b78b11c842821675/element/f.0907B7B6EEA7590679BE63135B2EE279.d.1A6FE19012F8AB5C9F538ADBA7CCACD1.e.1473/click - {}
RESULT: undefined
COMMAND: POST /session/20485257cd2cf638b78b11c842821675/execute/async - {"script":"<script> [6424 bytes]","args":[{"element-6066-11e4-a52e-4f735466cecf":"f.0907B7B6EEA7590679BE63135B2EE279.d.1A6FE19012F8AB5C9F538ADBA7CCACD1.e.289"},"getTitle",[]]}
COMMAND: POST /session/20485257cd2cf638b78b11c842821675/execute/async - {"script":"<script> [1562 bytes]","args":[{"selector":{"id":"shellAppTitle"},"wdio_ui5_key":"shellAppTitle"}]}
RESULT: {"script":"<script> [1562 bytes]","args":[{"selector":{"id":"shellAppTitle"},"wdio_ui5_key":"shellAppTitle"}]}
COMMAND: POST /session/20485257cd2cf638b78b11c842821675/execute/async - {"script":"<script> [6424 bytes]","args":[{"element-6066-11e4-a52e-4f735466cecf":"f.0907B7B6EEA7590679BE63135B2EE279.d.1A6FE19012F8AB5C9F538ADBA7CCACD1.e.1653"},"getTitle",[]]}
RESULT: {"script":"<script> [6424 bytes]","args":[{"element-6066-11e4-a52e-4f735466cecf":"f.0907B7B6EEA7590679BE63135B2EE279.d.1A6FE19012F8AB5C9F538ADBA7CCACD1.e.1653"},"getTitle",[]]}
RESULT: undefined
COMMAND: POST /session/20485257cd2cf638b78b11c842821675/element/f.0907B7B6EEA7590679BE63135B2EE279.d.1A6FE19012F8AB5C9F538ADBA7CCACD1.e.1471/click - {}
RESULT: {}
COMMAND: GET /session/20485257cd2cf638b78b11c842821675/screenshot - {}
RESULT: {}
]]></system-out>
    </testcase>
    <testcase classname="chrome.136_0_7103_93.windows.Sanity_Tests_US104253" name="Should open Manage Requests page" time="37.258">
      <system-out><![CDATA[
COMMAND: POST /session/20485257cd2cf638b78b11c842821675/execute/async - {"script":"<script> [1562 bytes]","args":[{"selector":{"controlType":"sap.m.GenericTile","properties":{"header":"Manage Requests"}},"wdio_ui5_key":"sapm.GenericTile{\"header\":\"Manage Requests\"}"}]}
RESULT: {"script":"<script> [1562 bytes]","args":[{"selector":{"controlType":"sap.m.GenericTile","properties":{"header":"Manage Requests"}},"wdio_ui5_key":"sapm.GenericTile{\"header\":\"Manage Requests\"}"}]}
RESULT: undefined
COMMAND: POST /session/20485257cd2cf638b78b11c842821675/element - {"using":"xpath","value":"//*[@id=\"__tile47\"]"}
RESULT: {"using":"xpath","value":"//*[@id=\"__tile47\"]"}
COMMAND: POST /session/20485257cd2cf638b78b11c842821675/element/f.0907B7B6EEA7590679BE63135B2EE279.d.1A6FE19012F8AB5C9F538ADBA7CCACD1.e.1655/click - {}
RESULT: {}
COMMAND: GET /session/20485257cd2cf638b78b11c842821675/screenshot - {}
RESULT: {}
COMMAND: POST /session/20485257cd2cf638b78b11c842821675/elements - {"using":"xpath","value":"//span[text()='Error']"}
RESULT: {"using":"xpath","value":"//span[text()='Error']"}
RESULT: undefined
COMMAND: POST /session/20485257cd2cf638b78b11c842821675/element - {"using":"xpath","value":"//*[@id=\"__tile47\"]"}
RESULT: {"using":"xpath","value":"//*[@id=\"__tile47\"]"}
COMMAND: POST /session/20485257cd2cf638b78b11c842821675/element/f.0907B7B6EEA7590679BE63135B2EE279.d.1A6FE19012F8AB5C9F538ADBA7CCACD1.e.1655/click - {}
RESULT: undefined
COMMAND: POST /session/20485257cd2cf638b78b11c842821675/element - {"using":"xpath","value":"//*[@id=\"__tile47\"]"}
RESULT: {"using":"xpath","value":"//*[@id=\"__tile47\"]"}
COMMAND: POST /session/20485257cd2cf638b78b11c842821675/element/f.0907B7B6EEA7590679BE63135B2EE279.d.1A6FE19012F8AB5C9F538ADBA7CCACD1.e.1655/click - {}
RESULT: undefined
COMMAND: POST /session/20485257cd2cf638b78b11c842821675/execute/async - {"script":"<script> [6424 bytes]","args":[{"element-6066-11e4-a52e-4f735466cecf":"f.0907B7B6EEA7590679BE63135B2EE279.d.1A6FE19012F8AB5C9F538ADBA7CCACD1.e.289"},"getTitle",[]]}
COMMAND: POST /session/20485257cd2cf638b78b11c842821675/execute/async - {"script":"<script> [1562 bytes]","args":[{"selector":{"id":"shellAppTitle"},"wdio_ui5_key":"shellAppTitle"}]}
RESULT: {"script":"<script> [1562 bytes]","args":[{"selector":{"id":"shellAppTitle"},"wdio_ui5_key":"shellAppTitle"}]}
COMMAND: POST /session/20485257cd2cf638b78b11c842821675/execute/async - {"script":"<script> [6424 bytes]","args":[{"element-6066-11e4-a52e-4f735466cecf":"f.0907B7B6EEA7590679BE63135B2EE279.d.1A6FE19012F8AB5C9F538ADBA7CCACD1.e.1750"},"getTitle",[]]}
RESULT: {"script":"<script> [6424 bytes]","args":[{"element-6066-11e4-a52e-4f735466cecf":"f.0907B7B6EEA7590679BE63135B2EE279.d.1A6FE19012F8AB5C9F538ADBA7CCACD1.e.1750"},"getTitle",[]]}
RESULT: undefined
COMMAND: POST /session/20485257cd2cf638b78b11c842821675/element/f.0907B7B6EEA7590679BE63135B2EE279.d.1A6FE19012F8AB5C9F538ADBA7CCACD1.e.1471/click - {}
COMMAND: POST /session/20485257cd2cf638b78b11c842821675/element - {"using":"xpath","value":"//*[@id=\"backBtn\"]"}
RESULT: {"using":"xpath","value":"//*[@id=\"backBtn\"]"}
COMMAND: POST /session/20485257cd2cf638b78b11c842821675/element/f.0907B7B6EEA7590679BE63135B2EE279.d.1A6FE19012F8AB5C9F538ADBA7CCACD1.e.1471/click - {}
COMMAND: POST /session/20485257cd2cf638b78b11c842821675/element - {"using":"xpath","value":"//*[@id=\"backBtn\"]"}
RESULT: {"using":"xpath","value":"//*[@id=\"backBtn\"]"}
COMMAND: POST /session/20485257cd2cf638b78b11c842821675/element/f.0907B7B6EEA7590679BE63135B2EE279.d.1A6FE19012F8AB5C9F538ADBA7CCACD1.e.1751/click - {}
RESULT: {}
COMMAND: GET /session/20485257cd2cf638b78b11c842821675/screenshot - {}
RESULT: {}
]]></system-out>
    </testcase>
    <testcase classname="chrome.136_0_7103_93.windows.Sanity_Tests_US104253" name="Should open Manage Purchasing page" time="38.525">
      <system-out><![CDATA[
COMMAND: POST /session/20485257cd2cf638b78b11c842821675/execute/async - {"script":"<script> [1562 bytes]","args":[{"selector":{"controlType":"sap.m.GenericTile","properties":{"header":"Manage Purchasing"}},"wdio_ui5_key":"sapm.GenericTile{\"header\":\"Manage Purchasing\"}"}]}
RESULT: {"script":"<script> [1562 bytes]","args":[{"selector":{"controlType":"sap.m.GenericTile","properties":{"header":"Manage Purchasing"}},"wdio_ui5_key":"sapm.GenericTile{\"header\":\"Manage Purchasing\"}"}]}
RESULT: undefined
COMMAND: POST /session/20485257cd2cf638b78b11c842821675/element - {"using":"xpath","value":"//*[@id=\"__tile46\"]"}
RESULT: {"using":"xpath","value":"//*[@id=\"__tile46\"]"}
COMMAND: POST /session/20485257cd2cf638b78b11c842821675/element/f.0907B7B6EEA7590679BE63135B2EE279.d.1A6FE19012F8AB5C9F538ADBA7CCACD1.e.1754/click - {}
RESULT: {}
COMMAND: GET /session/20485257cd2cf638b78b11c842821675/screenshot - {}
RESULT: {}
COMMAND: POST /session/20485257cd2cf638b78b11c842821675/elements - {"using":"xpath","value":"//span[text()='Error']"}
RESULT: {"using":"xpath","value":"//span[text()='Error']"}
RESULT: undefined
COMMAND: POST /session/20485257cd2cf638b78b11c842821675/element - {"using":"xpath","value":"//*[@id=\"__tile46\"]"}
RESULT: {"using":"xpath","value":"//*[@id=\"__tile46\"]"}
COMMAND: POST /session/20485257cd2cf638b78b11c842821675/element/f.0907B7B6EEA7590679BE63135B2EE279.d.1A6FE19012F8AB5C9F538ADBA7CCACD1.e.1754/click - {}
RESULT: undefined
COMMAND: POST /session/20485257cd2cf638b78b11c842821675/element - {"using":"xpath","value":"//*[@id=\"__tile46\"]"}
RESULT: {"using":"xpath","value":"//*[@id=\"__tile46\"]"}
COMMAND: POST /session/20485257cd2cf638b78b11c842821675/element/f.0907B7B6EEA7590679BE63135B2EE279.d.1A6FE19012F8AB5C9F538ADBA7CCACD1.e.1754/click - {}
RESULT: undefined
COMMAND: POST /session/20485257cd2cf638b78b11c842821675/execute/async - {"script":"<script> [6424 bytes]","args":[{"element-6066-11e4-a52e-4f735466cecf":"f.0907B7B6EEA7590679BE63135B2EE279.d.1A6FE19012F8AB5C9F538ADBA7CCACD1.e.289"},"getTitle",[]]}
COMMAND: POST /session/20485257cd2cf638b78b11c842821675/execute/async - {"script":"<script> [1562 bytes]","args":[{"selector":{"id":"shellAppTitle"},"wdio_ui5_key":"shellAppTitle"}]}
RESULT: {"script":"<script> [1562 bytes]","args":[{"selector":{"id":"shellAppTitle"},"wdio_ui5_key":"shellAppTitle"}]}
COMMAND: POST /session/20485257cd2cf638b78b11c842821675/execute/async - {"script":"<script> [6424 bytes]","args":[{"element-6066-11e4-a52e-4f735466cecf":"f.0907B7B6EEA7590679BE63135B2EE279.d.1A6FE19012F8AB5C9F538ADBA7CCACD1.e.1835"},"getTitle",[]]}
RESULT: {"script":"<script> [6424 bytes]","args":[{"element-6066-11e4-a52e-4f735466cecf":"f.0907B7B6EEA7590679BE63135B2EE279.d.1A6FE19012F8AB5C9F538ADBA7CCACD1.e.1835"},"getTitle",[]]}
RESULT: undefined
COMMAND: POST /session/20485257cd2cf638b78b11c842821675/element/f.0907B7B6EEA7590679BE63135B2EE279.d.1A6FE19012F8AB5C9F538ADBA7CCACD1.e.1751/click - {}
RESULT: {}
COMMAND: GET /session/20485257cd2cf638b78b11c842821675/screenshot - {}
RESULT: {}
]]></system-out>
    </testcase>
    <testcase classname="chrome.136_0_7103_93.windows.Sanity_Tests_US104253" name="Should open Planning Board page" time="37.517">
      <system-out><![CDATA[
COMMAND: POST /session/20485257cd2cf638b78b11c842821675/execute/async - {"script":"<script> [1562 bytes]","args":[{"selector":{"controlType":"sap.m.GenericTile","properties":{"header":"Planning Board"}},"wdio_ui5_key":"sapm.GenericTile{\"header\":\"Planning Board\"}"}]}
RESULT: {"script":"<script> [1562 bytes]","args":[{"selector":{"controlType":"sap.m.GenericTile","properties":{"header":"Planning Board"}},"wdio_ui5_key":"sapm.GenericTile{\"header\":\"Planning Board\"}"}]}
RESULT: undefined
COMMAND: POST /session/20485257cd2cf638b78b11c842821675/element - {"using":"xpath","value":"//*[@id=\"__tile133\"]"}
RESULT: {"using":"xpath","value":"//*[@id=\"__tile133\"]"}
COMMAND: POST /session/20485257cd2cf638b78b11c842821675/element/f.0907B7B6EEA7590679BE63135B2EE279.d.1A6FE19012F8AB5C9F538ADBA7CCACD1.e.1837/click - {}
RESULT: {}
COMMAND: GET /session/20485257cd2cf638b78b11c842821675/screenshot - {}
RESULT: {}
COMMAND: POST /session/20485257cd2cf638b78b11c842821675/elements - {"using":"xpath","value":"//span[text()='Error']"}
RESULT: {"using":"xpath","value":"//span[text()='Error']"}
RESULT: undefined
COMMAND: POST /session/20485257cd2cf638b78b11c842821675/element - {"using":"xpath","value":"//*[@id=\"__tile133\"]"}
RESULT: {"using":"xpath","value":"//*[@id=\"__tile133\"]"}
COMMAND: POST /session/20485257cd2cf638b78b11c842821675/element/f.0907B7B6EEA7590679BE63135B2EE279.d.1A6FE19012F8AB5C9F538ADBA7CCACD1.e.1837/click - {}
RESULT: undefined
COMMAND: POST /session/20485257cd2cf638b78b11c842821675/element - {"using":"xpath","value":"//*[@id=\"__tile133\"]"}
RESULT: {"using":"xpath","value":"//*[@id=\"__tile133\"]"}
COMMAND: POST /session/20485257cd2cf638b78b11c842821675/element/f.0907B7B6EEA7590679BE63135B2EE279.d.1A6FE19012F8AB5C9F538ADBA7CCACD1.e.1837/click - {}
RESULT: undefined
COMMAND: POST /session/20485257cd2cf638b78b11c842821675/execute/async - {"script":"<script> [6424 bytes]","args":[{"element-6066-11e4-a52e-4f735466cecf":"f.0907B7B6EEA7590679BE63135B2EE279.d.1A6FE19012F8AB5C9F538ADBA7CCACD1.e.289"},"getTitle",[]]}
COMMAND: POST /session/20485257cd2cf638b78b11c842821675/execute/async - {"script":"<script> [1562 bytes]","args":[{"selector":{"id":"shellAppTitle"},"wdio_ui5_key":"shellAppTitle"}]}
RESULT: {"script":"<script> [1562 bytes]","args":[{"selector":{"id":"shellAppTitle"},"wdio_ui5_key":"shellAppTitle"}]}
COMMAND: POST /session/20485257cd2cf638b78b11c842821675/execute/async - {"script":"<script> [6424 bytes]","args":[{"element-6066-11e4-a52e-4f735466cecf":"f.0907B7B6EEA7590679BE63135B2EE279.d.1A6FE19012F8AB5C9F538ADBA7CCACD1.e.1885"},"getTitle",[]]}
RESULT: {"script":"<script> [6424 bytes]","args":[{"element-6066-11e4-a52e-4f735466cecf":"f.0907B7B6EEA7590679BE63135B2EE279.d.1A6FE19012F8AB5C9F538ADBA7CCACD1.e.1885"},"getTitle",[]]}
RESULT: undefined
COMMAND: POST /session/20485257cd2cf638b78b11c842821675/element/f.0907B7B6EEA7590679BE63135B2EE279.d.1A6FE19012F8AB5C9F538ADBA7CCACD1.e.1751/click - {}
COMMAND: POST /session/20485257cd2cf638b78b11c842821675/element/f.0907B7B6EEA7590679BE63135B2EE279.d.1A6FE19012F8AB5C9F538ADBA7CCACD1.e.1751/click - {}
COMMAND: POST /session/20485257cd2cf638b78b11c842821675/element - {"using":"xpath","value":"//*[@id=\"backBtn\"]"}
COMMAND: POST /session/20485257cd2cf638b78b11c842821675/element - {"using":"xpath","value":"//*[@id=\"backBtn\"]"}
RESULT: {"using":"xpath","value":"//*[@id=\"backBtn\"]"}
COMMAND: POST /session/20485257cd2cf638b78b11c842821675/element/f.0907B7B6EEA7590679BE63135B2EE279.d.1A6FE19012F8AB5C9F538ADBA7CCACD1.e.1751/click - {}
RESULT: {"using":"xpath","value":"//*[@id=\"backBtn\"]"}
COMMAND: POST /session/20485257cd2cf638b78b11c842821675/element/f.0907B7B6EEA7590679BE63135B2EE279.d.1A6FE19012F8AB5C9F538ADBA7CCACD1.e.1751/click - {}
COMMAND: POST /session/20485257cd2cf638b78b11c842821675/element - {"using":"xpath","value":"//*[@id=\"backBtn\"]"}
COMMAND: POST /session/20485257cd2cf638b78b11c842821675/element - {"using":"xpath","value":"//*[@id=\"backBtn\"]"}
RESULT: {"using":"xpath","value":"//*[@id=\"backBtn\"]"}
COMMAND: POST /session/20485257cd2cf638b78b11c842821675/element/f.0907B7B6EEA7590679BE63135B2EE279.d.1A6FE19012F8AB5C9F538ADBA7CCACD1.e.1886/click - {}
RESULT: {"using":"xpath","value":"//*[@id=\"backBtn\"]"}
COMMAND: POST /session/20485257cd2cf638b78b11c842821675/element/f.0907B7B6EEA7590679BE63135B2EE279.d.1A6FE19012F8AB5C9F538ADBA7CCACD1.e.1886/click - {}
RESULT: {}
COMMAND: GET /session/20485257cd2cf638b78b11c842821675/screenshot - {}
RESULT: {}
COMMAND: GET /session/20485257cd2cf638b78b11c842821675/screenshot - {}
RESULT: {}
RESULT: {}
]]></system-out>
    </testcase>
    <testcase classname="chrome.136_0_7103_93.windows.Sanity_Tests_US104253" name="Should open Manage Contracts page" time="37.048">
      <system-out><![CDATA[
COMMAND: POST /session/20485257cd2cf638b78b11c842821675/execute/async - {"script":"<script> [1562 bytes]","args":[{"selector":{"controlType":"sap.m.GenericTile","properties":{"header":"Manage Contracts"}},"wdio_ui5_key":"sapm.GenericTile{\"header\":\"Manage Contracts\"}"}]}
RESULT: {"script":"<script> [1562 bytes]","args":[{"selector":{"controlType":"sap.m.GenericTile","properties":{"header":"Manage Contracts"}},"wdio_ui5_key":"sapm.GenericTile{\"header\":\"Manage Contracts\"}"}]}
RESULT: undefined
COMMAND: POST /session/20485257cd2cf638b78b11c842821675/element - {"using":"xpath","value":"//*[@id=\"__tile131\"]"}
RESULT: {"using":"xpath","value":"//*[@id=\"__tile131\"]"}
COMMAND: POST /session/20485257cd2cf638b78b11c842821675/element/f.0907B7B6EEA7590679BE63135B2EE279.d.1A6FE19012F8AB5C9F538ADBA7CCACD1.e.1888/click - {}
RESULT: {}
COMMAND: GET /session/20485257cd2cf638b78b11c842821675/screenshot - {}
RESULT: {}
COMMAND: POST /session/20485257cd2cf638b78b11c842821675/elements - {"using":"xpath","value":"//span[text()='Error']"}
RESULT: {"using":"xpath","value":"//span[text()='Error']"}
RESULT: undefined
COMMAND: POST /session/20485257cd2cf638b78b11c842821675/element - {"using":"xpath","value":"//*[@id=\"__tile131\"]"}
RESULT: {"using":"xpath","value":"//*[@id=\"__tile131\"]"}
COMMAND: POST /session/20485257cd2cf638b78b11c842821675/element/f.0907B7B6EEA7590679BE63135B2EE279.d.1A6FE19012F8AB5C9F538ADBA7CCACD1.e.1888/click - {}
RESULT: undefined
COMMAND: POST /session/20485257cd2cf638b78b11c842821675/element - {"using":"xpath","value":"//*[@id=\"__tile131\"]"}
RESULT: {"using":"xpath","value":"//*[@id=\"__tile131\"]"}
COMMAND: POST /session/20485257cd2cf638b78b11c842821675/element/f.0907B7B6EEA7590679BE63135B2EE279.d.1A6FE19012F8AB5C9F538ADBA7CCACD1.e.1888/click - {}
RESULT: undefined
COMMAND: POST /session/20485257cd2cf638b78b11c842821675/execute/async - {"script":"<script> [6424 bytes]","args":[{"element-6066-11e4-a52e-4f735466cecf":"f.0907B7B6EEA7590679BE63135B2EE279.d.1A6FE19012F8AB5C9F538ADBA7CCACD1.e.289"},"getTitle",[]]}
COMMAND: POST /session/20485257cd2cf638b78b11c842821675/execute/async - {"script":"<script> [1562 bytes]","args":[{"selector":{"id":"shellAppTitle"},"wdio_ui5_key":"shellAppTitle"}]}
RESULT: {"script":"<script> [1562 bytes]","args":[{"selector":{"id":"shellAppTitle"},"wdio_ui5_key":"shellAppTitle"}]}
COMMAND: POST /session/20485257cd2cf638b78b11c842821675/execute/async - {"script":"<script> [6424 bytes]","args":[{"element-6066-11e4-a52e-4f735466cecf":"f.0907B7B6EEA7590679BE63135B2EE279.d.1A6FE19012F8AB5C9F538ADBA7CCACD1.e.1952"},"getTitle",[]]}
RESULT: {"script":"<script> [6424 bytes]","args":[{"element-6066-11e4-a52e-4f735466cecf":"f.0907B7B6EEA7590679BE63135B2EE279.d.1A6FE19012F8AB5C9F538ADBA7CCACD1.e.1952"},"getTitle",[]]}
RESULT: undefined
COMMAND: POST /session/20485257cd2cf638b78b11c842821675/element/f.0907B7B6EEA7590679BE63135B2EE279.d.1A6FE19012F8AB5C9F538ADBA7CCACD1.e.1886/click - {}
RESULT: {}
COMMAND: GET /session/20485257cd2cf638b78b11c842821675/screenshot - {}
RESULT: {}
]]></system-out>
    </testcase>
    <testcase classname="chrome.136_0_7103_93.windows.Sanity_Tests_US104253" name="Should open Manage Quotations page" time="36.235">
      <system-out><![CDATA[
COMMAND: POST /session/20485257cd2cf638b78b11c842821675/execute/async - {"script":"<script> [1562 bytes]","args":[{"selector":{"controlType":"sap.m.GenericTile","properties":{"header":"Manage Quotations"}},"wdio_ui5_key":"sapm.GenericTile{\"header\":\"Manage Quotations\"}"}]}
RESULT: {"script":"<script> [1562 bytes]","args":[{"selector":{"controlType":"sap.m.GenericTile","properties":{"header":"Manage Quotations"}},"wdio_ui5_key":"sapm.GenericTile{\"header\":\"Manage Quotations\"}"}]}
RESULT: undefined
COMMAND: POST /session/20485257cd2cf638b78b11c842821675/element - {"using":"xpath","value":"//*[@id=\"__tile132\"]"}
RESULT: {"using":"xpath","value":"//*[@id=\"__tile132\"]"}
COMMAND: POST /session/20485257cd2cf638b78b11c842821675/element/f.0907B7B6EEA7590679BE63135B2EE279.d.1A6FE19012F8AB5C9F538ADBA7CCACD1.e.1954/click - {}
RESULT: {}
COMMAND: GET /session/20485257cd2cf638b78b11c842821675/screenshot - {}
RESULT: {}
COMMAND: POST /session/20485257cd2cf638b78b11c842821675/elements - {"using":"xpath","value":"//span[text()='Error']"}
RESULT: {"using":"xpath","value":"//span[text()='Error']"}
RESULT: undefined
COMMAND: POST /session/20485257cd2cf638b78b11c842821675/element - {"using":"xpath","value":"//*[@id=\"__tile132\"]"}
RESULT: {"using":"xpath","value":"//*[@id=\"__tile132\"]"}
COMMAND: POST /session/20485257cd2cf638b78b11c842821675/element/f.0907B7B6EEA7590679BE63135B2EE279.d.1A6FE19012F8AB5C9F538ADBA7CCACD1.e.1954/click - {}
RESULT: undefined
COMMAND: POST /session/20485257cd2cf638b78b11c842821675/element - {"using":"xpath","value":"//*[@id=\"__tile132\"]"}
RESULT: {"using":"xpath","value":"//*[@id=\"__tile132\"]"}
COMMAND: POST /session/20485257cd2cf638b78b11c842821675/element/f.0907B7B6EEA7590679BE63135B2EE279.d.1A6FE19012F8AB5C9F538ADBA7CCACD1.e.1954/click - {}
RESULT: undefined
COMMAND: POST /session/20485257cd2cf638b78b11c842821675/execute/async - {"script":"<script> [6424 bytes]","args":[{"element-6066-11e4-a52e-4f735466cecf":"f.0907B7B6EEA7590679BE63135B2EE279.d.1A6FE19012F8AB5C9F538ADBA7CCACD1.e.289"},"getTitle",[]]}
COMMAND: POST /session/20485257cd2cf638b78b11c842821675/execute/async - {"script":"<script> [1562 bytes]","args":[{"selector":{"id":"shellAppTitle"},"wdio_ui5_key":"shellAppTitle"}]}
RESULT: {"script":"<script> [1562 bytes]","args":[{"selector":{"id":"shellAppTitle"},"wdio_ui5_key":"shellAppTitle"}]}
COMMAND: POST /session/20485257cd2cf638b78b11c842821675/execute/async - {"script":"<script> [6424 bytes]","args":[{"element-6066-11e4-a52e-4f735466cecf":"f.0907B7B6EEA7590679BE63135B2EE279.d.1A6FE19012F8AB5C9F538ADBA7CCACD1.e.2031"},"getTitle",[]]}
RESULT: {"script":"<script> [6424 bytes]","args":[{"element-6066-11e4-a52e-4f735466cecf":"f.0907B7B6EEA7590679BE63135B2EE279.d.1A6FE19012F8AB5C9F538ADBA7CCACD1.e.2031"},"getTitle",[]]}
RESULT: undefined
COMMAND: POST /session/20485257cd2cf638b78b11c842821675/element/f.0907B7B6EEA7590679BE63135B2EE279.d.1A6FE19012F8AB5C9F538ADBA7CCACD1.e.1886/click - {}
COMMAND: POST /session/20485257cd2cf638b78b11c842821675/element - {"using":"xpath","value":"//*[@id=\"backBtn\"]"}
RESULT: {"using":"xpath","value":"//*[@id=\"backBtn\"]"}
COMMAND: POST /session/20485257cd2cf638b78b11c842821675/element/f.0907B7B6EEA7590679BE63135B2EE279.d.1A6FE19012F8AB5C9F538ADBA7CCACD1.e.1886/click - {}
COMMAND: POST /session/20485257cd2cf638b78b11c842821675/element - {"using":"xpath","value":"//*[@id=\"backBtn\"]"}
RESULT: {"using":"xpath","value":"//*[@id=\"backBtn\"]"}
COMMAND: POST /session/20485257cd2cf638b78b11c842821675/element/f.0907B7B6EEA7590679BE63135B2EE279.d.1A6FE19012F8AB5C9F538ADBA7CCACD1.e.2032/click - {}
RESULT: {}
COMMAND: GET /session/20485257cd2cf638b78b11c842821675/screenshot - {}
RESULT: {}
]]></system-out>
    </testcase>
    <testcase classname="chrome.136_0_7103_93.windows.Sanity_Tests_US104253" name="Should open Manage Handovers page" time="37.849">
      <system-out><![CDATA[
COMMAND: POST /session/20485257cd2cf638b78b11c842821675/execute/async - {"script":"<script> [1562 bytes]","args":[{"selector":{"controlType":"sap.m.GenericTile","properties":{"header":"Manage Handovers"}},"wdio_ui5_key":"sapm.GenericTile{\"header\":\"Manage Handovers\"}"}]}
RESULT: {"script":"<script> [1562 bytes]","args":[{"selector":{"controlType":"sap.m.GenericTile","properties":{"header":"Manage Handovers"}},"wdio_ui5_key":"sapm.GenericTile{\"header\":\"Manage Handovers\"}"}]}
RESULT: undefined
COMMAND: POST /session/20485257cd2cf638b78b11c842821675/element - {"using":"xpath","value":"//*[@id=\"__tile130\"]"}
RESULT: {"using":"xpath","value":"//*[@id=\"__tile130\"]"}
COMMAND: POST /session/20485257cd2cf638b78b11c842821675/element/f.0907B7B6EEA7590679BE63135B2EE279.d.1A6FE19012F8AB5C9F538ADBA7CCACD1.e.2034/click - {}
RESULT: {}
COMMAND: GET /session/20485257cd2cf638b78b11c842821675/screenshot - {}
RESULT: {}
COMMAND: POST /session/20485257cd2cf638b78b11c842821675/elements - {"using":"xpath","value":"//span[text()='Error']"}
RESULT: {"using":"xpath","value":"//span[text()='Error']"}
RESULT: undefined
COMMAND: POST /session/20485257cd2cf638b78b11c842821675/element - {"using":"xpath","value":"//*[@id=\"__tile130\"]"}
RESULT: {"using":"xpath","value":"//*[@id=\"__tile130\"]"}
COMMAND: POST /session/20485257cd2cf638b78b11c842821675/element/f.0907B7B6EEA7590679BE63135B2EE279.d.1A6FE19012F8AB5C9F538ADBA7CCACD1.e.2034/click - {}
RESULT: undefined
COMMAND: POST /session/20485257cd2cf638b78b11c842821675/element - {"using":"xpath","value":"//*[@id=\"__tile130\"]"}
RESULT: {"using":"xpath","value":"//*[@id=\"__tile130\"]"}
COMMAND: POST /session/20485257cd2cf638b78b11c842821675/element/f.0907B7B6EEA7590679BE63135B2EE279.d.1A6FE19012F8AB5C9F538ADBA7CCACD1.e.2034/click - {}
RESULT: undefined
COMMAND: POST /session/20485257cd2cf638b78b11c842821675/execute/async - {"script":"<script> [6424 bytes]","args":[{"element-6066-11e4-a52e-4f735466cecf":"f.0907B7B6EEA7590679BE63135B2EE279.d.1A6FE19012F8AB5C9F538ADBA7CCACD1.e.289"},"getTitle",[]]}
COMMAND: POST /session/20485257cd2cf638b78b11c842821675/execute/async - {"script":"<script> [1562 bytes]","args":[{"selector":{"id":"shellAppTitle"},"wdio_ui5_key":"shellAppTitle"}]}
RESULT: {"script":"<script> [1562 bytes]","args":[{"selector":{"id":"shellAppTitle"},"wdio_ui5_key":"shellAppTitle"}]}
COMMAND: POST /session/20485257cd2cf638b78b11c842821675/execute/async - {"script":"<script> [6424 bytes]","args":[{"element-6066-11e4-a52e-4f735466cecf":"f.0907B7B6EEA7590679BE63135B2EE279.d.1A6FE19012F8AB5C9F538ADBA7CCACD1.e.2140"},"getTitle",[]]}
RESULT: {"script":"<script> [6424 bytes]","args":[{"element-6066-11e4-a52e-4f735466cecf":"f.0907B7B6EEA7590679BE63135B2EE279.d.1A6FE19012F8AB5C9F538ADBA7CCACD1.e.2140"},"getTitle",[]]}
RESULT: undefined
COMMAND: POST /session/20485257cd2cf638b78b11c842821675/element/f.0907B7B6EEA7590679BE63135B2EE279.d.1A6FE19012F8AB5C9F538ADBA7CCACD1.e.2032/click - {}
RESULT: {}
COMMAND: GET /session/20485257cd2cf638b78b11c842821675/screenshot - {}
RESULT: {}
]]></system-out>
    </testcase>
    <testcase classname="chrome.136_0_7103_93.windows.Sanity_Tests_US104253" name="Should open Delivery Monitor page" time="37.146">
      <system-out><![CDATA[
COMMAND: POST /session/20485257cd2cf638b78b11c842821675/execute/async - {"script":"<script> [1562 bytes]","args":[{"selector":{"controlType":"sap.m.GenericTile","properties":{"header":"Delivery Monitor"}},"wdio_ui5_key":"sapm.GenericTile{\"header\":\"Delivery Monitor\"}"}]}
RESULT: {"script":"<script> [1562 bytes]","args":[{"selector":{"controlType":"sap.m.GenericTile","properties":{"header":"Delivery Monitor"}},"wdio_ui5_key":"sapm.GenericTile{\"header\":\"Delivery Monitor\"}"}]}
RESULT: undefined
COMMAND: POST /session/20485257cd2cf638b78b11c842821675/element - {"using":"xpath","value":"//*[@id=\"__tile43\"]"}
RESULT: {"using":"xpath","value":"//*[@id=\"__tile43\"]"}
COMMAND: POST /session/20485257cd2cf638b78b11c842821675/element/f.0907B7B6EEA7590679BE63135B2EE279.d.1A6FE19012F8AB5C9F538ADBA7CCACD1.e.2142/click - {}
RESULT: {}
COMMAND: GET /session/20485257cd2cf638b78b11c842821675/screenshot - {}
RESULT: {}
COMMAND: POST /session/20485257cd2cf638b78b11c842821675/elements - {"using":"xpath","value":"//span[text()='Error']"}
RESULT: {"using":"xpath","value":"//span[text()='Error']"}
RESULT: undefined
COMMAND: POST /session/20485257cd2cf638b78b11c842821675/element - {"using":"xpath","value":"//*[@id=\"__tile43\"]"}
RESULT: {"using":"xpath","value":"//*[@id=\"__tile43\"]"}
COMMAND: POST /session/20485257cd2cf638b78b11c842821675/element/f.0907B7B6EEA7590679BE63135B2EE279.d.1A6FE19012F8AB5C9F538ADBA7CCACD1.e.2142/click - {}
RESULT: undefined
COMMAND: POST /session/20485257cd2cf638b78b11c842821675/element - {"using":"xpath","value":"//*[@id=\"__tile43\"]"}
RESULT: {"using":"xpath","value":"//*[@id=\"__tile43\"]"}
COMMAND: POST /session/20485257cd2cf638b78b11c842821675/element/f.0907B7B6EEA7590679BE63135B2EE279.d.1A6FE19012F8AB5C9F538ADBA7CCACD1.e.2142/click - {}
RESULT: undefined
COMMAND: POST /session/20485257cd2cf638b78b11c842821675/execute/async - {"script":"<script> [6424 bytes]","args":[{"element-6066-11e4-a52e-4f735466cecf":"f.0907B7B6EEA7590679BE63135B2EE279.d.1A6FE19012F8AB5C9F538ADBA7CCACD1.e.289"},"getTitle",[]]}
COMMAND: POST /session/20485257cd2cf638b78b11c842821675/execute/async - {"script":"<script> [1562 bytes]","args":[{"selector":{"id":"shellAppTitle"},"wdio_ui5_key":"shellAppTitle"}]}
RESULT: {"script":"<script> [1562 bytes]","args":[{"selector":{"id":"shellAppTitle"},"wdio_ui5_key":"shellAppTitle"}]}
COMMAND: POST /session/20485257cd2cf638b78b11c842821675/execute/async - {"script":"<script> [6424 bytes]","args":[{"element-6066-11e4-a52e-4f735466cecf":"f.0907B7B6EEA7590679BE63135B2EE279.d.1A6FE19012F8AB5C9F538ADBA7CCACD1.e.2246"},"getTitle",[]]}
RESULT: {"script":"<script> [6424 bytes]","args":[{"element-6066-11e4-a52e-4f735466cecf":"f.0907B7B6EEA7590679BE63135B2EE279.d.1A6FE19012F8AB5C9F538ADBA7CCACD1.e.2246"},"getTitle",[]]}
RESULT: undefined
COMMAND: POST /session/20485257cd2cf638b78b11c842821675/element/f.0907B7B6EEA7590679BE63135B2EE279.d.1A6FE19012F8AB5C9F538ADBA7CCACD1.e.2032/click - {}
COMMAND: POST /session/20485257cd2cf638b78b11c842821675/element - {"using":"xpath","value":"//*[@id=\"backBtn\"]"}
RESULT: {"using":"xpath","value":"//*[@id=\"backBtn\"]"}
COMMAND: POST /session/20485257cd2cf638b78b11c842821675/element/f.0907B7B6EEA7590679BE63135B2EE279.d.1A6FE19012F8AB5C9F538ADBA7CCACD1.e.2032/click - {}
COMMAND: POST /session/20485257cd2cf638b78b11c842821675/element - {"using":"xpath","value":"//*[@id=\"backBtn\"]"}
RESULT: {"using":"xpath","value":"//*[@id=\"backBtn\"]"}
COMMAND: POST /session/20485257cd2cf638b78b11c842821675/element/f.0907B7B6EEA7590679BE63135B2EE279.d.1A6FE19012F8AB5C9F538ADBA7CCACD1.e.2247/click - {}
RESULT: {}
COMMAND: GET /session/20485257cd2cf638b78b11c842821675/screenshot - {}
RESULT: {}
]]></system-out>
    </testcase>
    <testcase classname="chrome.136_0_7103_93.windows.Sanity_Tests_US104253" name="Should open Manage Calendar Exceptions page" time="36.896">
      <system-out><![CDATA[
COMMAND: POST /session/20485257cd2cf638b78b11c842821675/execute/async - {"script":"<script> [1562 bytes]","args":[{"selector":{"controlType":"sap.m.GenericTile","properties":{"header":"Manage Calendar Exceptions"}},"wdio_ui5_key":"sapm.GenericTile{\"header\":\"Manage Calendar Exceptions\"}"}]}
RESULT: {"script":"<script> [1562 bytes]","args":[{"selector":{"controlType":"sap.m.GenericTile","properties":{"header":"Manage Calendar Exceptions"}},"wdio_ui5_key":"sapm.GenericTile{\"header\":\"Manage Calendar Exceptions\"}"}]}
RESULT: undefined
COMMAND: POST /session/20485257cd2cf638b78b11c842821675/element - {"using":"xpath","value":"//*[@id=\"__tile52\"]"}
RESULT: {"using":"xpath","value":"//*[@id=\"__tile52\"]"}
COMMAND: POST /session/20485257cd2cf638b78b11c842821675/element/f.0907B7B6EEA7590679BE63135B2EE279.d.1A6FE19012F8AB5C9F538ADBA7CCACD1.e.2249/click - {}
RESULT: {}
COMMAND: GET /session/20485257cd2cf638b78b11c842821675/screenshot - {}
RESULT: {}
COMMAND: POST /session/20485257cd2cf638b78b11c842821675/elements - {"using":"xpath","value":"//span[text()='Error']"}
RESULT: {"using":"xpath","value":"//span[text()='Error']"}
RESULT: undefined
COMMAND: POST /session/20485257cd2cf638b78b11c842821675/element - {"using":"xpath","value":"//*[@id=\"__tile52\"]"}
RESULT: {"using":"xpath","value":"//*[@id=\"__tile52\"]"}
COMMAND: POST /session/20485257cd2cf638b78b11c842821675/element/f.0907B7B6EEA7590679BE63135B2EE279.d.1A6FE19012F8AB5C9F538ADBA7CCACD1.e.2249/click - {}
RESULT: undefined
COMMAND: POST /session/20485257cd2cf638b78b11c842821675/element - {"using":"xpath","value":"//*[@id=\"__tile52\"]"}
RESULT: {"using":"xpath","value":"//*[@id=\"__tile52\"]"}
COMMAND: POST /session/20485257cd2cf638b78b11c842821675/element/f.0907B7B6EEA7590679BE63135B2EE279.d.1A6FE19012F8AB5C9F538ADBA7CCACD1.e.2249/click - {}
RESULT: undefined
COMMAND: POST /session/20485257cd2cf638b78b11c842821675/execute/async - {"script":"<script> [6424 bytes]","args":[{"element-6066-11e4-a52e-4f735466cecf":"f.0907B7B6EEA7590679BE63135B2EE279.d.1A6FE19012F8AB5C9F538ADBA7CCACD1.e.289"},"getTitle",[]]}
COMMAND: POST /session/20485257cd2cf638b78b11c842821675/execute/async - {"script":"<script> [1562 bytes]","args":[{"selector":{"id":"shellAppTitle"},"wdio_ui5_key":"shellAppTitle"}]}
RESULT: {"script":"<script> [1562 bytes]","args":[{"selector":{"id":"shellAppTitle"},"wdio_ui5_key":"shellAppTitle"}]}
COMMAND: POST /session/20485257cd2cf638b78b11c842821675/execute/async - {"script":"<script> [6424 bytes]","args":[{"element-6066-11e4-a52e-4f735466cecf":"f.0907B7B6EEA7590679BE63135B2EE279.d.1A6FE19012F8AB5C9F538ADBA7CCACD1.e.2311"},"getTitle",[]]}
RESULT: {"script":"<script> [6424 bytes]","args":[{"element-6066-11e4-a52e-4f735466cecf":"f.0907B7B6EEA7590679BE63135B2EE279.d.1A6FE19012F8AB5C9F538ADBA7CCACD1.e.2311"},"getTitle",[]]}
RESULT: undefined
COMMAND: POST /session/20485257cd2cf638b78b11c842821675/element/f.0907B7B6EEA7590679BE63135B2EE279.d.1A6FE19012F8AB5C9F538ADBA7CCACD1.e.2247/click - {}
RESULT: {}
COMMAND: GET /session/20485257cd2cf638b78b11c842821675/screenshot - {}
RESULT: {}
]]></system-out>
    </testcase>
    <testcase classname="chrome.136_0_7103_93.windows.Sanity_Tests_US104253" name="Should open Manage States Performance page" time="37.087">
      <system-out><![CDATA[
COMMAND: POST /session/20485257cd2cf638b78b11c842821675/execute/async - {"script":"<script> [1562 bytes]","args":[{"selector":{"controlType":"sap.m.GenericTile","properties":{"header":"Manage States & Performance"}},"wdio_ui5_key":"sapm.GenericTile{\"header\":\"Manage States & Performance\"}"}]}
RESULT: {"script":"<script> [1562 bytes]","args":[{"selector":{"controlType":"sap.m.GenericTile","properties":{"header":"Manage States & Performance"}},"wdio_ui5_key":"sapm.GenericTile{\"header\":\"Manage States & Performance\"}"}]}
RESULT: undefined
COMMAND: POST /session/20485257cd2cf638b78b11c842821675/element - {"using":"xpath","value":"//*[@id=\"__tile56\"]"}
RESULT: {"using":"xpath","value":"//*[@id=\"__tile56\"]"}
COMMAND: POST /session/20485257cd2cf638b78b11c842821675/element/f.0907B7B6EEA7590679BE63135B2EE279.d.1A6FE19012F8AB5C9F538ADBA7CCACD1.e.2315/click - {}
RESULT: {}
COMMAND: GET /session/20485257cd2cf638b78b11c842821675/screenshot - {}
RESULT: {}
COMMAND: POST /session/20485257cd2cf638b78b11c842821675/elements - {"using":"xpath","value":"//span[text()='Error']"}
RESULT: {"using":"xpath","value":"//span[text()='Error']"}
RESULT: undefined
COMMAND: POST /session/20485257cd2cf638b78b11c842821675/element - {"using":"xpath","value":"//*[@id=\"__tile56\"]"}
RESULT: {"using":"xpath","value":"//*[@id=\"__tile56\"]"}
COMMAND: POST /session/20485257cd2cf638b78b11c842821675/element/f.0907B7B6EEA7590679BE63135B2EE279.d.1A6FE19012F8AB5C9F538ADBA7CCACD1.e.2315/click - {}
RESULT: undefined
COMMAND: POST /session/20485257cd2cf638b78b11c842821675/element - {"using":"xpath","value":"//*[@id=\"__tile56\"]"}
RESULT: {"using":"xpath","value":"//*[@id=\"__tile56\"]"}
COMMAND: POST /session/20485257cd2cf638b78b11c842821675/element/f.0907B7B6EEA7590679BE63135B2EE279.d.1A6FE19012F8AB5C9F538ADBA7CCACD1.e.2315/click - {}
RESULT: undefined
COMMAND: POST /session/20485257cd2cf638b78b11c842821675/execute/async - {"script":"<script> [6424 bytes]","args":[{"element-6066-11e4-a52e-4f735466cecf":"f.0907B7B6EEA7590679BE63135B2EE279.d.1A6FE19012F8AB5C9F538ADBA7CCACD1.e.289"},"getTitle",[]]}
COMMAND: POST /session/20485257cd2cf638b78b11c842821675/execute/async - {"script":"<script> [1562 bytes]","args":[{"selector":{"id":"shellAppTitle"},"wdio_ui5_key":"shellAppTitle"}]}
RESULT: {"script":"<script> [1562 bytes]","args":[{"selector":{"id":"shellAppTitle"},"wdio_ui5_key":"shellAppTitle"}]}
COMMAND: POST /session/20485257cd2cf638b78b11c842821675/execute/async - {"script":"<script> [6424 bytes]","args":[{"element-6066-11e4-a52e-4f735466cecf":"f.0907B7B6EEA7590679BE63135B2EE279.d.1A6FE19012F8AB5C9F538ADBA7CCACD1.e.2415"},"getTitle",[]]}
RESULT: {"script":"<script> [6424 bytes]","args":[{"element-6066-11e4-a52e-4f735466cecf":"f.0907B7B6EEA7590679BE63135B2EE279.d.1A6FE19012F8AB5C9F538ADBA7CCACD1.e.2415"},"getTitle",[]]}
RESULT: undefined
COMMAND: POST /session/20485257cd2cf638b78b11c842821675/element/f.0907B7B6EEA7590679BE63135B2EE279.d.1A6FE19012F8AB5C9F538ADBA7CCACD1.e.2247/click - {}
COMMAND: POST /session/20485257cd2cf638b78b11c842821675/element - {"using":"xpath","value":"//*[@id=\"backBtn\"]"}
RESULT: {"using":"xpath","value":"//*[@id=\"backBtn\"]"}
COMMAND: POST /session/20485257cd2cf638b78b11c842821675/element/f.0907B7B6EEA7590679BE63135B2EE279.d.1A6FE19012F8AB5C9F538ADBA7CCACD1.e.2247/click - {}
COMMAND: POST /session/20485257cd2cf638b78b11c842821675/element - {"using":"xpath","value":"//*[@id=\"backBtn\"]"}
RESULT: {"using":"xpath","value":"//*[@id=\"backBtn\"]"}
COMMAND: POST /session/20485257cd2cf638b78b11c842821675/element/f.0907B7B6EEA7590679BE63135B2EE279.d.1A6FE19012F8AB5C9F538ADBA7CCACD1.e.2416/click - {}
RESULT: {}
COMMAND: GET /session/20485257cd2cf638b78b11c842821675/screenshot - {}
RESULT: {}
]]></system-out>
    </testcase>
    <testcase classname="chrome.136_0_7103_93.windows.Sanity_Tests_US104253" name="Should open Manage Billings page" time="38.09">
      <system-out><![CDATA[
COMMAND: POST /session/20485257cd2cf638b78b11c842821675/execute/async - {"script":"<script> [1562 bytes]","args":[{"selector":{"controlType":"sap.m.GenericTile","properties":{"header":"Manage Billings"}},"wdio_ui5_key":"sapm.GenericTile{\"header\":\"Manage Billings\"}"}]}
RESULT: {"script":"<script> [1562 bytes]","args":[{"selector":{"controlType":"sap.m.GenericTile","properties":{"header":"Manage Billings"}},"wdio_ui5_key":"sapm.GenericTile{\"header\":\"Manage Billings\"}"}]}
RESULT: undefined
COMMAND: POST /session/20485257cd2cf638b78b11c842821675/element - {"using":"xpath","value":"//*[@id=\"__tile51\"]"}
RESULT: {"using":"xpath","value":"//*[@id=\"__tile51\"]"}
COMMAND: POST /session/20485257cd2cf638b78b11c842821675/element/f.0907B7B6EEA7590679BE63135B2EE279.d.1A6FE19012F8AB5C9F538ADBA7CCACD1.e.2418/click - {}
RESULT: {}
COMMAND: GET /session/20485257cd2cf638b78b11c842821675/screenshot - {}
RESULT: {}
COMMAND: POST /session/20485257cd2cf638b78b11c842821675/elements - {"using":"xpath","value":"//span[text()='Error']"}
RESULT: {"using":"xpath","value":"//span[text()='Error']"}
RESULT: undefined
COMMAND: POST /session/20485257cd2cf638b78b11c842821675/element - {"using":"xpath","value":"//*[@id=\"__tile51\"]"}
RESULT: {"using":"xpath","value":"//*[@id=\"__tile51\"]"}
COMMAND: POST /session/20485257cd2cf638b78b11c842821675/element/f.0907B7B6EEA7590679BE63135B2EE279.d.1A6FE19012F8AB5C9F538ADBA7CCACD1.e.2418/click - {}
RESULT: undefined
COMMAND: POST /session/20485257cd2cf638b78b11c842821675/element - {"using":"xpath","value":"//*[@id=\"__tile51\"]"}
RESULT: {"using":"xpath","value":"//*[@id=\"__tile51\"]"}
COMMAND: POST /session/20485257cd2cf638b78b11c842821675/element/f.0907B7B6EEA7590679BE63135B2EE279.d.1A6FE19012F8AB5C9F538ADBA7CCACD1.e.2418/click - {}
RESULT: undefined
COMMAND: POST /session/20485257cd2cf638b78b11c842821675/execute/async - {"script":"<script> [6424 bytes]","args":[{"element-6066-11e4-a52e-4f735466cecf":"f.0907B7B6EEA7590679BE63135B2EE279.d.1A6FE19012F8AB5C9F538ADBA7CCACD1.e.289"},"getTitle",[]]}
COMMAND: POST /session/20485257cd2cf638b78b11c842821675/execute/async - {"script":"<script> [1562 bytes]","args":[{"selector":{"id":"shellAppTitle"},"wdio_ui5_key":"shellAppTitle"}]}
RESULT: {"script":"<script> [1562 bytes]","args":[{"selector":{"id":"shellAppTitle"},"wdio_ui5_key":"shellAppTitle"}]}
COMMAND: POST /session/20485257cd2cf638b78b11c842821675/execute/async - {"script":"<script> [6424 bytes]","args":[{"element-6066-11e4-a52e-4f735466cecf":"f.0907B7B6EEA7590679BE63135B2EE279.d.1A6FE19012F8AB5C9F538ADBA7CCACD1.e.2631"},"getTitle",[]]}
RESULT: {"script":"<script> [6424 bytes]","args":[{"element-6066-11e4-a52e-4f735466cecf":"f.0907B7B6EEA7590679BE63135B2EE279.d.1A6FE19012F8AB5C9F538ADBA7CCACD1.e.2631"},"getTitle",[]]}
RESULT: undefined
COMMAND: POST /session/20485257cd2cf638b78b11c842821675/element/f.0907B7B6EEA7590679BE63135B2EE279.d.1A6FE19012F8AB5C9F538ADBA7CCACD1.e.2416/click - {}
COMMAND: POST /session/20485257cd2cf638b78b11c842821675/element/f.0907B7B6EEA7590679BE63135B2EE279.d.1A6FE19012F8AB5C9F538ADBA7CCACD1.e.2416/click - {}
RESULT: {}
COMMAND: GET /session/20485257cd2cf638b78b11c842821675/screenshot - {}
COMMAND: POST /session/20485257cd2cf638b78b11c842821675/element - {"using":"xpath","value":"//*[@id=\"backBtn\"]"}
RESULT: {}
RESULT: {"using":"xpath","value":"//*[@id=\"backBtn\"]"}
COMMAND: POST /session/20485257cd2cf638b78b11c842821675/elements - {"using":"xpath","value":"//*[@id=\"backBtn\"]"}
RESULT: {"using":"xpath","value":"//*[@id=\"backBtn\"]"}
COMMAND: POST /session/20485257cd2cf638b78b11c842821675/elements - {"using":"xpath","value":"//*[@id=\"backBtn\"]"}
RESULT: {"using":"xpath","value":"//*[@id=\"backBtn\"]"}
COMMAND: POST /session/20485257cd2cf638b78b11c842821675/elements - {"using":"xpath","value":"//*[@id=\"backBtn\"]"}
RESULT: {"using":"xpath","value":"//*[@id=\"backBtn\"]"}
COMMAND: POST /session/20485257cd2cf638b78b11c842821675/elements - {"using":"xpath","value":"//*[@id=\"backBtn\"]"}
RESULT: {"using":"xpath","value":"//*[@id=\"backBtn\"]"}
COMMAND: POST /session/20485257cd2cf638b78b11c842821675/elements - {"using":"xpath","value":"//*[@id=\"backBtn\"]"}
RESULT: {"using":"xpath","value":"//*[@id=\"backBtn\"]"}
COMMAND: POST /session/20485257cd2cf638b78b11c842821675/elements - {"using":"xpath","value":"//*[@id=\"backBtn\"]"}
RESULT: {"using":"xpath","value":"//*[@id=\"backBtn\"]"}
COMMAND: POST /session/20485257cd2cf638b78b11c842821675/elements - {"using":"xpath","value":"//*[@id=\"backBtn\"]"}
RESULT: {"using":"xpath","value":"//*[@id=\"backBtn\"]"}
COMMAND: POST /session/20485257cd2cf638b78b11c842821675/elements - {"using":"xpath","value":"//*[@id=\"backBtn\"]"}
RESULT: {"using":"xpath","value":"//*[@id=\"backBtn\"]"}
COMMAND: POST /session/20485257cd2cf638b78b11c842821675/elements - {"using":"xpath","value":"//*[@id=\"backBtn\"]"}
RESULT: {"using":"xpath","value":"//*[@id=\"backBtn\"]"}
COMMAND: POST /session/20485257cd2cf638b78b11c842821675/elements - {"using":"xpath","value":"//*[@id=\"backBtn\"]"}
RESULT: {"using":"xpath","value":"//*[@id=\"backBtn\"]"}
COMMAND: POST /session/20485257cd2cf638b78b11c842821675/elements - {"using":"xpath","value":"//*[@id=\"backBtn\"]"}
RESULT: {"using":"xpath","value":"//*[@id=\"backBtn\"]"}
COMMAND: POST /session/20485257cd2cf638b78b11c842821675/elements - {"using":"xpath","value":"//*[@id=\"backBtn\"]"}
RESULT: {"using":"xpath","value":"//*[@id=\"backBtn\"]"}
COMMAND: POST /session/20485257cd2cf638b78b11c842821675/elements - {"using":"xpath","value":"//*[@id=\"backBtn\"]"}
RESULT: {"using":"xpath","value":"//*[@id=\"backBtn\"]"}
COMMAND: POST /session/20485257cd2cf638b78b11c842821675/elements - {"using":"xpath","value":"//*[@id=\"backBtn\"]"}
RESULT: {"using":"xpath","value":"//*[@id=\"backBtn\"]"}
COMMAND: POST /session/20485257cd2cf638b78b11c842821675/elements - {"using":"xpath","value":"//*[@id=\"backBtn\"]"}
RESULT: {"using":"xpath","value":"//*[@id=\"backBtn\"]"}
COMMAND: POST /session/20485257cd2cf638b78b11c842821675/elements - {"using":"xpath","value":"//*[@id=\"backBtn\"]"}
RESULT: {"using":"xpath","value":"//*[@id=\"backBtn\"]"}
]]></system-out>
    </testcase>
    <testcase classname="chrome.136_0_7103_93.windows.Sanity_Tests_US104253" name="Should open Manage Conditions Prices page" time="50.759">
      <system-out><![CDATA[
COMMAND: POST /session/20485257cd2cf638b78b11c842821675/elements - {"using":"xpath","value":"//*[@id=\"backBtn\"]"}
COMMAND: POST /session/20485257cd2cf638b78b11c842821675/execute/async - {"script":"<script> [1562 bytes]","args":[{"selector":{"controlType":"sap.m.GenericTile","properties":{"header":"Manage Conditions & Prices"}},"wdio_ui5_key":"sapm.GenericTile{\"header\":\"Manage Conditions & Prices\"}"}]}
RESULT: {"using":"xpath","value":"//*[@id=\"backBtn\"]"}
COMMAND: POST /session/20485257cd2cf638b78b11c842821675/elements - {"using":"xpath","value":"//*[@id=\"backBtn\"]"}
RESULT: {"script":"<script> [1562 bytes]","args":[{"selector":{"controlType":"sap.m.GenericTile","properties":{"header":"Manage Conditions & Prices"}},"wdio_ui5_key":"sapm.GenericTile{\"header\":\"Manage Conditions & Prices\"}"}]}
RESULT: undefined
COMMAND: POST /session/20485257cd2cf638b78b11c842821675/element - {"using":"xpath","value":"//*[@id=\"__tile53\"]"}
RESULT: {"using":"xpath","value":"//*[@id=\"backBtn\"]"}
RESULT: {"using":"xpath","value":"//*[@id=\"__tile53\"]"}
COMMAND: POST /session/20485257cd2cf638b78b11c842821675/element/f.0907B7B6EEA7590679BE63135B2EE279.d.1A6FE19012F8AB5C9F538ADBA7CCACD1.e.2633/click - {}
RESULT: {}
COMMAND: GET /session/20485257cd2cf638b78b11c842821675/screenshot - {}
COMMAND: POST /session/20485257cd2cf638b78b11c842821675/elements - {"using":"xpath","value":"//*[@id=\"backBtn\"]"}
RESULT: {}
RESULT: {"using":"xpath","value":"//*[@id=\"backBtn\"]"}
COMMAND: POST /session/20485257cd2cf638b78b11c842821675/elements - {"using":"xpath","value":"//*[@id=\"backBtn\"]"}
RESULT: {"using":"xpath","value":"//*[@id=\"backBtn\"]"}
COMMAND: POST /session/20485257cd2cf638b78b11c842821675/elements - {"using":"xpath","value":"//*[@id=\"backBtn\"]"}
RESULT: {"using":"xpath","value":"//*[@id=\"backBtn\"]"}
COMMAND: POST /session/20485257cd2cf638b78b11c842821675/elements - {"using":"xpath","value":"//*[@id=\"backBtn\"]"}
COMMAND: POST /session/20485257cd2cf638b78b11c842821675/elements - {"using":"xpath","value":"//span[text()='Error']"}
RESULT: {"using":"xpath","value":"//*[@id=\"backBtn\"]"}
COMMAND: POST /session/20485257cd2cf638b78b11c842821675/element - {"using":"xpath","value":"//*[@id=\"backBtn\"]"}
RESULT: {"using":"xpath","value":"//span[text()='Error']"}
RESULT: {"using":"xpath","value":"//*[@id=\"backBtn\"]"}
COMMAND: POST /session/20485257cd2cf638b78b11c842821675/element/f.0907B7B6EEA7590679BE63135B2EE279.d.1A6FE19012F8AB5C9F538ADBA7CCACD1.e.2416/click - {}
COMMAND: POST /session/20485257cd2cf638b78b11c842821675/element - {"using":"xpath","value":"//*[@id=\"backBtn\"]"}
RESULT: {"using":"xpath","value":"//*[@id=\"backBtn\"]"}
COMMAND: POST /session/20485257cd2cf638b78b11c842821675/element/f.0907B7B6EEA7590679BE63135B2EE279.d.1A6FE19012F8AB5C9F538ADBA7CCACD1.e.2706/click - {}
RESULT: {}
COMMAND: GET /session/20485257cd2cf638b78b11c842821675/screenshot - {}
RESULT: {}
RESULT: undefined
COMMAND: POST /session/20485257cd2cf638b78b11c842821675/element - {"using":"xpath","value":"//*[@id=\"__tile53\"]"}
RESULT: {"using":"xpath","value":"//*[@id=\"__tile53\"]"}
COMMAND: POST /session/20485257cd2cf638b78b11c842821675/element/f.0907B7B6EEA7590679BE63135B2EE279.d.1A6FE19012F8AB5C9F538ADBA7CCACD1.e.2633/click - {}
RESULT: {}
RESULT: undefined
COMMAND: POST /session/20485257cd2cf638b78b11c842821675/element - {"using":"xpath","value":"//*[@id=\"__tile53\"]"}
COMMAND: GET /session/20485257cd2cf638b78b11c842821675/screenshot - {}
RESULT: {"using":"xpath","value":"//*[@id=\"__tile53\"]"}
COMMAND: POST /session/20485257cd2cf638b78b11c842821675/element/f.0907B7B6EEA7590679BE63135B2EE279.d.1A6FE19012F8AB5C9F538ADBA7CCACD1.e.2633/click - {}
RESULT: {}
RESULT: undefined
COMMAND: POST /session/20485257cd2cf638b78b11c842821675/execute/async - {"script":"<script> [6424 bytes]","args":[{"element-6066-11e4-a52e-4f735466cecf":"f.0907B7B6EEA7590679BE63135B2EE279.d.1A6FE19012F8AB5C9F538ADBA7CCACD1.e.289"},"getTitle",[]]}
COMMAND: POST /session/20485257cd2cf638b78b11c842821675/execute/async - {"script":"<script> [1562 bytes]","args":[{"selector":{"id":"shellAppTitle"},"wdio_ui5_key":"shellAppTitle"}]}
RESULT: {"script":"<script> [1562 bytes]","args":[{"selector":{"id":"shellAppTitle"},"wdio_ui5_key":"shellAppTitle"}]}
COMMAND: POST /session/20485257cd2cf638b78b11c842821675/execute/async - {"script":"<script> [6424 bytes]","args":[{"element-6066-11e4-a52e-4f735466cecf":"f.0907B7B6EEA7590679BE63135B2EE279.d.1A6FE19012F8AB5C9F538ADBA7CCACD1.e.2890"},"getTitle",[]]}
RESULT: {"script":"<script> [6424 bytes]","args":[{"element-6066-11e4-a52e-4f735466cecf":"f.0907B7B6EEA7590679BE63135B2EE279.d.1A6FE19012F8AB5C9F538ADBA7CCACD1.e.2890"},"getTitle",[]]}
RESULT: undefined
COMMAND: POST /session/20485257cd2cf638b78b11c842821675/element/f.0907B7B6EEA7590679BE63135B2EE279.d.1A6FE19012F8AB5C9F538ADBA7CCACD1.e.2706/click - {}
RESULT: {}
COMMAND: GET /session/20485257cd2cf638b78b11c842821675/screenshot - {}
RESULT: {}
]]></system-out>
    </testcase>
    <testcase classname="chrome.136_0_7103_93.windows.Sanity_Tests_US104253" name="Should open Billing Transfer page" time="39.503">
      <system-out><![CDATA[
COMMAND: POST /session/20485257cd2cf638b78b11c842821675/execute/async - {"script":"<script> [1562 bytes]","args":[{"selector":{"controlType":"sap.m.GenericTile","properties":{"header":"Billing Transfer"}},"wdio_ui5_key":"sapm.GenericTile{\"header\":\"Billing Transfer\"}"}]}
RESULT: {"script":"<script> [1562 bytes]","args":[{"selector":{"controlType":"sap.m.GenericTile","properties":{"header":"Billing Transfer"}},"wdio_ui5_key":"sapm.GenericTile{\"header\":\"Billing Transfer\"}"}]}
RESULT: undefined
COMMAND: POST /session/20485257cd2cf638b78b11c842821675/element - {"using":"xpath","value":"//*[@id=\"__tile50\"]"}
RESULT: {"using":"xpath","value":"//*[@id=\"__tile50\"]"}
COMMAND: POST /session/20485257cd2cf638b78b11c842821675/element/f.0907B7B6EEA7590679BE63135B2EE279.d.1A6FE19012F8AB5C9F538ADBA7CCACD1.e.2892/click - {}
RESULT: {}
COMMAND: GET /session/20485257cd2cf638b78b11c842821675/screenshot - {}
RESULT: {}
COMMAND: POST /session/20485257cd2cf638b78b11c842821675/elements - {"using":"xpath","value":"//span[text()='Error']"}
RESULT: {"using":"xpath","value":"//span[text()='Error']"}
RESULT: undefined
COMMAND: POST /session/20485257cd2cf638b78b11c842821675/element - {"using":"xpath","value":"//*[@id=\"__tile50\"]"}
RESULT: {"using":"xpath","value":"//*[@id=\"__tile50\"]"}
COMMAND: POST /session/20485257cd2cf638b78b11c842821675/element/f.0907B7B6EEA7590679BE63135B2EE279.d.1A6FE19012F8AB5C9F538ADBA7CCACD1.e.2892/click - {}
RESULT: undefined
COMMAND: POST /session/20485257cd2cf638b78b11c842821675/element - {"using":"xpath","value":"//*[@id=\"__tile50\"]"}
RESULT: {"using":"xpath","value":"//*[@id=\"__tile50\"]"}
COMMAND: POST /session/20485257cd2cf638b78b11c842821675/element/f.0907B7B6EEA7590679BE63135B2EE279.d.1A6FE19012F8AB5C9F538ADBA7CCACD1.e.2892/click - {}
RESULT: undefined
COMMAND: POST /session/20485257cd2cf638b78b11c842821675/execute/async - {"script":"<script> [6424 bytes]","args":[{"element-6066-11e4-a52e-4f735466cecf":"f.0907B7B6EEA7590679BE63135B2EE279.d.1A6FE19012F8AB5C9F538ADBA7CCACD1.e.289"},"getTitle",[]]}
COMMAND: POST /session/20485257cd2cf638b78b11c842821675/execute/async - {"script":"<script> [1562 bytes]","args":[{"selector":{"id":"shellAppTitle"},"wdio_ui5_key":"shellAppTitle"}]}
RESULT: {"script":"<script> [1562 bytes]","args":[{"selector":{"id":"shellAppTitle"},"wdio_ui5_key":"shellAppTitle"}]}
COMMAND: POST /session/20485257cd2cf638b78b11c842821675/execute/async - {"script":"<script> [6424 bytes]","args":[{"element-6066-11e4-a52e-4f735466cecf":"f.0907B7B6EEA7590679BE63135B2EE279.d.1A6FE19012F8AB5C9F538ADBA7CCACD1.e.3024"},"getTitle",[]]}
RESULT: {"script":"<script> [6424 bytes]","args":[{"element-6066-11e4-a52e-4f735466cecf":"f.0907B7B6EEA7590679BE63135B2EE279.d.1A6FE19012F8AB5C9F538ADBA7CCACD1.e.3024"},"getTitle",[]]}
RESULT: undefined
COMMAND: POST /session/20485257cd2cf638b78b11c842821675/element/f.0907B7B6EEA7590679BE63135B2EE279.d.1A6FE19012F8AB5C9F538ADBA7CCACD1.e.2706/click - {}
COMMAND: POST /session/20485257cd2cf638b78b11c842821675/element - {"using":"xpath","value":"//*[@id=\"backBtn\"]"}
RESULT: {"using":"xpath","value":"//*[@id=\"backBtn\"]"}
COMMAND: POST /session/20485257cd2cf638b78b11c842821675/element/f.0907B7B6EEA7590679BE63135B2EE279.d.1A6FE19012F8AB5C9F538ADBA7CCACD1.e.2706/click - {}
COMMAND: POST /session/20485257cd2cf638b78b11c842821675/element - {"using":"xpath","value":"//*[@id=\"backBtn\"]"}
RESULT: {"using":"xpath","value":"//*[@id=\"backBtn\"]"}
COMMAND: POST /session/20485257cd2cf638b78b11c842821675/element/f.0907B7B6EEA7590679BE63135B2EE279.d.1A6FE19012F8AB5C9F538ADBA7CCACD1.e.3025/click - {}
RESULT: {}
COMMAND: GET /session/20485257cd2cf638b78b11c842821675/screenshot - {}
RESULT: {}
]]></system-out>
    </testcase>
    <testcase classname="chrome.136_0_7103_93.windows.Sanity_Tests_US104253" name="Should open Manage Pricing Rules page" time="37.637">
      <system-out><![CDATA[
COMMAND: POST /session/20485257cd2cf638b78b11c842821675/execute/async - {"script":"<script> [1562 bytes]","args":[{"selector":{"controlType":"sap.m.GenericTile","properties":{"header":"Manage Pricing Rules"}},"wdio_ui5_key":"sapm.GenericTile{\"header\":\"Manage Pricing Rules\"}"}]}
RESULT: {"script":"<script> [1562 bytes]","args":[{"selector":{"controlType":"sap.m.GenericTile","properties":{"header":"Manage Pricing Rules"}},"wdio_ui5_key":"sapm.GenericTile{\"header\":\"Manage Pricing Rules\"}"}]}
RESULT: undefined
COMMAND: POST /session/20485257cd2cf638b78b11c842821675/element - {"using":"xpath","value":"//*[@id=\"__tile55\"]"}
RESULT: {"using":"xpath","value":"//*[@id=\"__tile55\"]"}
COMMAND: POST /session/20485257cd2cf638b78b11c842821675/element/f.0907B7B6EEA7590679BE63135B2EE279.d.1A6FE19012F8AB5C9F538ADBA7CCACD1.e.3027/click - {}
RESULT: {}
COMMAND: GET /session/20485257cd2cf638b78b11c842821675/screenshot - {}
RESULT: {}
COMMAND: POST /session/20485257cd2cf638b78b11c842821675/elements - {"using":"xpath","value":"//span[text()='Error']"}
RESULT: {"using":"xpath","value":"//span[text()='Error']"}
RESULT: undefined
COMMAND: POST /session/20485257cd2cf638b78b11c842821675/element - {"using":"xpath","value":"//*[@id=\"__tile55\"]"}
RESULT: {"using":"xpath","value":"//*[@id=\"__tile55\"]"}
COMMAND: POST /session/20485257cd2cf638b78b11c842821675/element/f.0907B7B6EEA7590679BE63135B2EE279.d.1A6FE19012F8AB5C9F538ADBA7CCACD1.e.3027/click - {}
RESULT: undefined
COMMAND: POST /session/20485257cd2cf638b78b11c842821675/element - {"using":"xpath","value":"//*[@id=\"__tile55\"]"}
RESULT: {"using":"xpath","value":"//*[@id=\"__tile55\"]"}
COMMAND: POST /session/20485257cd2cf638b78b11c842821675/element/f.0907B7B6EEA7590679BE63135B2EE279.d.1A6FE19012F8AB5C9F538ADBA7CCACD1.e.3027/click - {}
RESULT: undefined
COMMAND: POST /session/20485257cd2cf638b78b11c842821675/execute/async - {"script":"<script> [6424 bytes]","args":[{"element-6066-11e4-a52e-4f735466cecf":"f.0907B7B6EEA7590679BE63135B2EE279.d.1A6FE19012F8AB5C9F538ADBA7CCACD1.e.289"},"getTitle",[]]}
COMMAND: POST /session/20485257cd2cf638b78b11c842821675/execute/async - {"script":"<script> [1562 bytes]","args":[{"selector":{"id":"shellAppTitle"},"wdio_ui5_key":"shellAppTitle"}]}
RESULT: {"script":"<script> [1562 bytes]","args":[{"selector":{"id":"shellAppTitle"},"wdio_ui5_key":"shellAppTitle"}]}
COMMAND: POST /session/20485257cd2cf638b78b11c842821675/execute/async - {"script":"<script> [6424 bytes]","args":[{"element-6066-11e4-a52e-4f735466cecf":"f.0907B7B6EEA7590679BE63135B2EE279.d.1A6FE19012F8AB5C9F538ADBA7CCACD1.e.3111"},"getTitle",[]]}
RESULT: {"script":"<script> [6424 bytes]","args":[{"element-6066-11e4-a52e-4f735466cecf":"f.0907B7B6EEA7590679BE63135B2EE279.d.1A6FE19012F8AB5C9F538ADBA7CCACD1.e.3111"},"getTitle",[]]}
RESULT: undefined
COMMAND: POST /session/20485257cd2cf638b78b11c842821675/element/f.0907B7B6EEA7590679BE63135B2EE279.d.1A6FE19012F8AB5C9F538ADBA7CCACD1.e.3025/click - {}
RESULT: {}
COMMAND: GET /session/20485257cd2cf638b78b11c842821675/screenshot - {}
RESULT: {}
]]></system-out>
    </testcase>
    <testcase classname="chrome.136_0_7103_93.windows.Sanity_Tests_US104253" name="Should open Manage Price Determination Matrices page" time="36.094">
      <system-out><![CDATA[
COMMAND: POST /session/20485257cd2cf638b78b11c842821675/execute/async - {"script":"<script> [1562 bytes]","args":[{"selector":{"controlType":"sap.m.GenericTile","properties":{"header":"Manage Price Determination Matrices"}},"wdio_ui5_key":"sapm.GenericTile{\"header\":\"Manage Price Determination Matrices\"}"}]}
RESULT: {"script":"<script> [1562 bytes]","args":[{"selector":{"controlType":"sap.m.GenericTile","properties":{"header":"Manage Price Determination Matrices"}},"wdio_ui5_key":"sapm.GenericTile{\"header\":\"Manage Price Determination Matrices\"}"}]}
RESULT: undefined
COMMAND: POST /session/20485257cd2cf638b78b11c842821675/element - {"using":"xpath","value":"//*[@id=\"__tile54\"]"}
RESULT: {"using":"xpath","value":"//*[@id=\"__tile54\"]"}
COMMAND: POST /session/20485257cd2cf638b78b11c842821675/element/f.0907B7B6EEA7590679BE63135B2EE279.d.1A6FE19012F8AB5C9F538ADBA7CCACD1.e.3113/click - {}
RESULT: {}
COMMAND: GET /session/20485257cd2cf638b78b11c842821675/screenshot - {}
RESULT: {}
COMMAND: POST /session/20485257cd2cf638b78b11c842821675/elements - {"using":"xpath","value":"//span[text()='Error']"}
RESULT: {"using":"xpath","value":"//span[text()='Error']"}
RESULT: undefined
COMMAND: POST /session/20485257cd2cf638b78b11c842821675/element - {"using":"xpath","value":"//*[@id=\"__tile54\"]"}
RESULT: {"using":"xpath","value":"//*[@id=\"__tile54\"]"}
COMMAND: POST /session/20485257cd2cf638b78b11c842821675/element/f.0907B7B6EEA7590679BE63135B2EE279.d.1A6FE19012F8AB5C9F538ADBA7CCACD1.e.3113/click - {}
RESULT: undefined
COMMAND: POST /session/20485257cd2cf638b78b11c842821675/element - {"using":"xpath","value":"//*[@id=\"__tile54\"]"}
RESULT: {"using":"xpath","value":"//*[@id=\"__tile54\"]"}
COMMAND: POST /session/20485257cd2cf638b78b11c842821675/element/f.0907B7B6EEA7590679BE63135B2EE279.d.1A6FE19012F8AB5C9F538ADBA7CCACD1.e.3113/click - {}
RESULT: undefined
COMMAND: POST /session/20485257cd2cf638b78b11c842821675/execute/async - {"script":"<script> [6424 bytes]","args":[{"element-6066-11e4-a52e-4f735466cecf":"f.0907B7B6EEA7590679BE63135B2EE279.d.1A6FE19012F8AB5C9F538ADBA7CCACD1.e.289"},"getTitle",[]]}
COMMAND: POST /session/20485257cd2cf638b78b11c842821675/execute/async - {"script":"<script> [1562 bytes]","args":[{"selector":{"id":"shellAppTitle"},"wdio_ui5_key":"shellAppTitle"}]}
RESULT: {"script":"<script> [1562 bytes]","args":[{"selector":{"id":"shellAppTitle"},"wdio_ui5_key":"shellAppTitle"}]}
COMMAND: POST /session/20485257cd2cf638b78b11c842821675/execute/async - {"script":"<script> [6424 bytes]","args":[{"element-6066-11e4-a52e-4f735466cecf":"f.0907B7B6EEA7590679BE63135B2EE279.d.1A6FE19012F8AB5C9F538ADBA7CCACD1.e.3214"},"getTitle",[]]}
RESULT: {"script":"<script> [6424 bytes]","args":[{"element-6066-11e4-a52e-4f735466cecf":"f.0907B7B6EEA7590679BE63135B2EE279.d.1A6FE19012F8AB5C9F538ADBA7CCACD1.e.3214"},"getTitle",[]]}
RESULT: undefined
COMMAND: POST /session/20485257cd2cf638b78b11c842821675/element/f.0907B7B6EEA7590679BE63135B2EE279.d.1A6FE19012F8AB5C9F538ADBA7CCACD1.e.3025/click - {}
COMMAND: POST /session/20485257cd2cf638b78b11c842821675/element - {"using":"xpath","value":"//*[@id=\"backBtn\"]"}
RESULT: {"using":"xpath","value":"//*[@id=\"backBtn\"]"}
COMMAND: POST /session/20485257cd2cf638b78b11c842821675/element/f.0907B7B6EEA7590679BE63135B2EE279.d.1A6FE19012F8AB5C9F538ADBA7CCACD1.e.3025/click - {}
COMMAND: POST /session/20485257cd2cf638b78b11c842821675/element - {"using":"xpath","value":"//*[@id=\"backBtn\"]"}
RESULT: {"using":"xpath","value":"//*[@id=\"backBtn\"]"}
COMMAND: POST /session/20485257cd2cf638b78b11c842821675/element/f.0907B7B6EEA7590679BE63135B2EE279.d.1A6FE19012F8AB5C9F538ADBA7CCACD1.e.3215/click - {}
RESULT: {}
COMMAND: GET /session/20485257cd2cf638b78b11c842821675/screenshot - {}
RESULT: {}
]]></system-out>
    </testcase>
    <testcase classname="chrome.136_0_7103_93.windows.Sanity_Tests_US104253" name="Should open Yard Overview page" time="38.479">
      <system-out><![CDATA[
COMMAND: POST /session/20485257cd2cf638b78b11c842821675/execute/async - {"script":"<script> [1562 bytes]","args":[{"selector":{"controlType":"sap.m.GenericTile","properties":{"header":"Yard Overview"}},"wdio_ui5_key":"sapm.GenericTile{\"header\":\"Yard Overview\"}"}]}
RESULT: {"script":"<script> [1562 bytes]","args":[{"selector":{"controlType":"sap.m.GenericTile","properties":{"header":"Yard Overview"}},"wdio_ui5_key":"sapm.GenericTile{\"header\":\"Yard Overview\"}"}]}
RESULT: undefined
COMMAND: POST /session/20485257cd2cf638b78b11c842821675/element - {"using":"xpath","value":"//*[@id=\"__tile102\"]"}
RESULT: {"using":"xpath","value":"//*[@id=\"__tile102\"]"}
COMMAND: POST /session/20485257cd2cf638b78b11c842821675/element/f.0907B7B6EEA7590679BE63135B2EE279.d.1A6FE19012F8AB5C9F538ADBA7CCACD1.e.3217/click - {}
RESULT: {}
COMMAND: GET /session/20485257cd2cf638b78b11c842821675/screenshot - {}
RESULT: {}
COMMAND: POST /session/20485257cd2cf638b78b11c842821675/elements - {"using":"xpath","value":"//span[text()='Error']"}
RESULT: {"using":"xpath","value":"//span[text()='Error']"}
RESULT: undefined
COMMAND: POST /session/20485257cd2cf638b78b11c842821675/element - {"using":"xpath","value":"//*[@id=\"__tile102\"]"}
RESULT: {"using":"xpath","value":"//*[@id=\"__tile102\"]"}
COMMAND: POST /session/20485257cd2cf638b78b11c842821675/element/f.0907B7B6EEA7590679BE63135B2EE279.d.1A6FE19012F8AB5C9F538ADBA7CCACD1.e.3217/click - {}
RESULT: undefined
COMMAND: POST /session/20485257cd2cf638b78b11c842821675/element - {"using":"xpath","value":"//*[@id=\"__tile102\"]"}
RESULT: {"using":"xpath","value":"//*[@id=\"__tile102\"]"}
COMMAND: POST /session/20485257cd2cf638b78b11c842821675/element/f.0907B7B6EEA7590679BE63135B2EE279.d.1A6FE19012F8AB5C9F538ADBA7CCACD1.e.3217/click - {}
RESULT: undefined
COMMAND: POST /session/20485257cd2cf638b78b11c842821675/execute/async - {"script":"<script> [6424 bytes]","args":[{"element-6066-11e4-a52e-4f735466cecf":"f.0907B7B6EEA7590679BE63135B2EE279.d.1A6FE19012F8AB5C9F538ADBA7CCACD1.e.289"},"getTitle",[]]}
COMMAND: POST /session/20485257cd2cf638b78b11c842821675/execute/async - {"script":"<script> [1562 bytes]","args":[{"selector":{"id":"shellAppTitle"},"wdio_ui5_key":"shellAppTitle"}]}
RESULT: {"script":"<script> [1562 bytes]","args":[{"selector":{"id":"shellAppTitle"},"wdio_ui5_key":"shellAppTitle"}]}
COMMAND: POST /session/20485257cd2cf638b78b11c842821675/execute/async - {"script":"<script> [6424 bytes]","args":[{"element-6066-11e4-a52e-4f735466cecf":"f.0907B7B6EEA7590679BE63135B2EE279.d.1A6FE19012F8AB5C9F538ADBA7CCACD1.e.3278"},"getTitle",[]]}
RESULT: {"script":"<script> [6424 bytes]","args":[{"element-6066-11e4-a52e-4f735466cecf":"f.0907B7B6EEA7590679BE63135B2EE279.d.1A6FE19012F8AB5C9F538ADBA7CCACD1.e.3278"},"getTitle",[]]}
RESULT: undefined
COMMAND: POST /session/20485257cd2cf638b78b11c842821675/element/f.0907B7B6EEA7590679BE63135B2EE279.d.1A6FE19012F8AB5C9F538ADBA7CCACD1.e.3215/click - {}
RESULT: {}
COMMAND: GET /session/20485257cd2cf638b78b11c842821675/screenshot - {}
RESULT: {}
]]></system-out>
    </testcase>
    <testcase classname="chrome.136_0_7103_93.windows.Sanity_Tests_US104253" name="Should open Site Overview page" time="40.034">
      <system-out><![CDATA[
COMMAND: POST /session/20485257cd2cf638b78b11c842821675/execute/async - {"script":"<script> [1562 bytes]","args":[{"selector":{"controlType":"sap.m.GenericTile","properties":{"header":"Site Overview"}},"wdio_ui5_key":"sapm.GenericTile{\"header\":\"Site Overview\"}"}]}
RESULT: {"script":"<script> [1562 bytes]","args":[{"selector":{"controlType":"sap.m.GenericTile","properties":{"header":"Site Overview"}},"wdio_ui5_key":"sapm.GenericTile{\"header\":\"Site Overview\"}"}]}
RESULT: undefined
COMMAND: POST /session/20485257cd2cf638b78b11c842821675/element - {"using":"xpath","value":"//*[@id=\"__tile100\"]"}
RESULT: {"using":"xpath","value":"//*[@id=\"__tile100\"]"}
COMMAND: POST /session/20485257cd2cf638b78b11c842821675/element/f.0907B7B6EEA7590679BE63135B2EE279.d.1A6FE19012F8AB5C9F538ADBA7CCACD1.e.3281/click - {}
RESULT: {}
COMMAND: GET /session/20485257cd2cf638b78b11c842821675/screenshot - {}
RESULT: {}
COMMAND: POST /session/20485257cd2cf638b78b11c842821675/elements - {"using":"xpath","value":"//span[text()='Error']"}
RESULT: {"using":"xpath","value":"//span[text()='Error']"}
RESULT: undefined
COMMAND: POST /session/20485257cd2cf638b78b11c842821675/element - {"using":"xpath","value":"//*[@id=\"__tile100\"]"}
RESULT: {"using":"xpath","value":"//*[@id=\"__tile100\"]"}
COMMAND: POST /session/20485257cd2cf638b78b11c842821675/element/f.0907B7B6EEA7590679BE63135B2EE279.d.1A6FE19012F8AB5C9F538ADBA7CCACD1.e.3281/click - {}
RESULT: undefined
COMMAND: POST /session/20485257cd2cf638b78b11c842821675/element - {"using":"xpath","value":"//*[@id=\"__tile100\"]"}
RESULT: {"using":"xpath","value":"//*[@id=\"__tile100\"]"}
COMMAND: POST /session/20485257cd2cf638b78b11c842821675/element/f.0907B7B6EEA7590679BE63135B2EE279.d.1A6FE19012F8AB5C9F538ADBA7CCACD1.e.3281/click - {}
RESULT: undefined
COMMAND: POST /session/20485257cd2cf638b78b11c842821675/execute/async - {"script":"<script> [6424 bytes]","args":[{"element-6066-11e4-a52e-4f735466cecf":"f.0907B7B6EEA7590679BE63135B2EE279.d.1A6FE19012F8AB5C9F538ADBA7CCACD1.e.289"},"getTitle",[]]}
COMMAND: POST /session/20485257cd2cf638b78b11c842821675/execute/async - {"script":"<script> [1562 bytes]","args":[{"selector":{"id":"shellAppTitle"},"wdio_ui5_key":"shellAppTitle"}]}
RESULT: {"script":"<script> [1562 bytes]","args":[{"selector":{"id":"shellAppTitle"},"wdio_ui5_key":"shellAppTitle"}]}
COMMAND: POST /session/20485257cd2cf638b78b11c842821675/execute/async - {"script":"<script> [6424 bytes]","args":[{"element-6066-11e4-a52e-4f735466cecf":"f.0907B7B6EEA7590679BE63135B2EE279.d.1A6FE19012F8AB5C9F538ADBA7CCACD1.e.3394"},"getTitle",[]]}
RESULT: {"script":"<script> [6424 bytes]","args":[{"element-6066-11e4-a52e-4f735466cecf":"f.0907B7B6EEA7590679BE63135B2EE279.d.1A6FE19012F8AB5C9F538ADBA7CCACD1.e.3394"},"getTitle",[]]}
RESULT: undefined
COMMAND: POST /session/20485257cd2cf638b78b11c842821675/element/f.0907B7B6EEA7590679BE63135B2EE279.d.1A6FE19012F8AB5C9F538ADBA7CCACD1.e.3215/click - {}
COMMAND: POST /session/20485257cd2cf638b78b11c842821675/element - {"using":"xpath","value":"//*[@id=\"backBtn\"]"}
RESULT: {"using":"xpath","value":"//*[@id=\"backBtn\"]"}
COMMAND: POST /session/20485257cd2cf638b78b11c842821675/element/f.0907B7B6EEA7590679BE63135B2EE279.d.1A6FE19012F8AB5C9F538ADBA7CCACD1.e.3215/click - {}
COMMAND: POST /session/20485257cd2cf638b78b11c842821675/element - {"using":"xpath","value":"//*[@id=\"backBtn\"]"}
RESULT: {"using":"xpath","value":"//*[@id=\"backBtn\"]"}
COMMAND: POST /session/20485257cd2cf638b78b11c842821675/element/f.0907B7B6EEA7590679BE63135B2EE279.d.1A6FE19012F8AB5C9F538ADBA7CCACD1.e.3395/click - {}
RESULT: {}
COMMAND: GET /session/20485257cd2cf638b78b11c842821675/screenshot - {}
RESULT: {}
]]></system-out>
    </testcase>
    <testcase classname="chrome.136_0_7103_93.windows.Sanity_Tests_US104253" name="Should open Trace Track Resources page" time="36.736">
      <system-out><![CDATA[
COMMAND: POST /session/20485257cd2cf638b78b11c842821675/execute/async - {"script":"<script> [1562 bytes]","args":[{"selector":{"controlType":"sap.m.GenericTile","properties":{"header":"Trace & Track Resources"}},"wdio_ui5_key":"sapm.GenericTile{\"header\":\"Trace & Track Resources\"}"}]}
RESULT: {"script":"<script> [1562 bytes]","args":[{"selector":{"controlType":"sap.m.GenericTile","properties":{"header":"Trace & Track Resources"}},"wdio_ui5_key":"sapm.GenericTile{\"header\":\"Trace & Track Resources\"}"}]}
RESULT: undefined
COMMAND: POST /session/20485257cd2cf638b78b11c842821675/element - {"using":"xpath","value":"//*[@id=\"__tile101\"]"}
RESULT: {"using":"xpath","value":"//*[@id=\"__tile101\"]"}
COMMAND: POST /session/20485257cd2cf638b78b11c842821675/element/f.0907B7B6EEA7590679BE63135B2EE279.d.1A6FE19012F8AB5C9F538ADBA7CCACD1.e.3397/click - {}
RESULT: {}
COMMAND: GET /session/20485257cd2cf638b78b11c842821675/screenshot - {}
RESULT: {}
COMMAND: POST /session/20485257cd2cf638b78b11c842821675/elements - {"using":"xpath","value":"//span[text()='Error']"}
RESULT: {"using":"xpath","value":"//span[text()='Error']"}
RESULT: undefined
COMMAND: POST /session/20485257cd2cf638b78b11c842821675/element - {"using":"xpath","value":"//*[@id=\"__tile101\"]"}
RESULT: {"using":"xpath","value":"//*[@id=\"__tile101\"]"}
COMMAND: POST /session/20485257cd2cf638b78b11c842821675/element/f.0907B7B6EEA7590679BE63135B2EE279.d.1A6FE19012F8AB5C9F538ADBA7CCACD1.e.3397/click - {}
RESULT: undefined
COMMAND: POST /session/20485257cd2cf638b78b11c842821675/element - {"using":"xpath","value":"//*[@id=\"__tile101\"]"}
RESULT: {"using":"xpath","value":"//*[@id=\"__tile101\"]"}
COMMAND: POST /session/20485257cd2cf638b78b11c842821675/element/f.0907B7B6EEA7590679BE63135B2EE279.d.1A6FE19012F8AB5C9F538ADBA7CCACD1.e.3397/click - {}
RESULT: undefined
COMMAND: POST /session/20485257cd2cf638b78b11c842821675/execute/async - {"script":"<script> [6424 bytes]","args":[{"element-6066-11e4-a52e-4f735466cecf":"f.0907B7B6EEA7590679BE63135B2EE279.d.1A6FE19012F8AB5C9F538ADBA7CCACD1.e.289"},"getTitle",[]]}
COMMAND: POST /session/20485257cd2cf638b78b11c842821675/execute/async - {"script":"<script> [1562 bytes]","args":[{"selector":{"id":"shellAppTitle"},"wdio_ui5_key":"shellAppTitle"}]}
RESULT: {"script":"<script> [1562 bytes]","args":[{"selector":{"id":"shellAppTitle"},"wdio_ui5_key":"shellAppTitle"}]}
COMMAND: POST /session/20485257cd2cf638b78b11c842821675/execute/async - {"script":"<script> [6424 bytes]","args":[{"element-6066-11e4-a52e-4f735466cecf":"f.0907B7B6EEA7590679BE63135B2EE279.d.1A6FE19012F8AB5C9F538ADBA7CCACD1.e.3435"},"getTitle",[]]}
RESULT: {"script":"<script> [6424 bytes]","args":[{"element-6066-11e4-a52e-4f735466cecf":"f.0907B7B6EEA7590679BE63135B2EE279.d.1A6FE19012F8AB5C9F538ADBA7CCACD1.e.3435"},"getTitle",[]]}
RESULT: undefined
COMMAND: POST /session/20485257cd2cf638b78b11c842821675/element/f.0907B7B6EEA7590679BE63135B2EE279.d.1A6FE19012F8AB5C9F538ADBA7CCACD1.e.3395/click - {}
RESULT: {}
COMMAND: GET /session/20485257cd2cf638b78b11c842821675/screenshot - {}
RESULT: {}
]]></system-out>
    </testcase>
    <testcase classname="chrome.136_0_7103_93.windows.Sanity_Tests_US104253" name="Should open RU Inventory List page" time="42.18">
      <system-out><![CDATA[
COMMAND: POST /session/20485257cd2cf638b78b11c842821675/execute/async - {"script":"<script> [1562 bytes]","args":[{"selector":{"controlType":"sap.m.GenericTile","properties":{"header":"RU Inventory List"}},"wdio_ui5_key":"sapm.GenericTile{\"header\":\"RU Inventory List\"}"}]}
RESULT: {"script":"<script> [1562 bytes]","args":[{"selector":{"controlType":"sap.m.GenericTile","properties":{"header":"RU Inventory List"}},"wdio_ui5_key":"sapm.GenericTile{\"header\":\"RU Inventory List\"}"}]}
RESULT: undefined
COMMAND: POST /session/20485257cd2cf638b78b11c842821675/element - {"using":"xpath","value":"//*[@id=\"__tile99\"]"}
RESULT: {"using":"xpath","value":"//*[@id=\"__tile99\"]"}
COMMAND: POST /session/20485257cd2cf638b78b11c842821675/element/f.0907B7B6EEA7590679BE63135B2EE279.d.1A6FE19012F8AB5C9F538ADBA7CCACD1.e.3437/click - {}
RESULT: {}
COMMAND: GET /session/20485257cd2cf638b78b11c842821675/screenshot - {}
RESULT: {}
COMMAND: POST /session/20485257cd2cf638b78b11c842821675/elements - {"using":"xpath","value":"//span[text()='Error']"}
RESULT: {"using":"xpath","value":"//span[text()='Error']"}
RESULT: undefined
COMMAND: POST /session/20485257cd2cf638b78b11c842821675/element - {"using":"xpath","value":"//*[@id=\"__tile99\"]"}
RESULT: {"using":"xpath","value":"//*[@id=\"__tile99\"]"}
COMMAND: POST /session/20485257cd2cf638b78b11c842821675/element/f.0907B7B6EEA7590679BE63135B2EE279.d.1A6FE19012F8AB5C9F538ADBA7CCACD1.e.3437/click - {}
RESULT: undefined
COMMAND: POST /session/20485257cd2cf638b78b11c842821675/element - {"using":"xpath","value":"//*[@id=\"__tile99\"]"}
RESULT: {"using":"xpath","value":"//*[@id=\"__tile99\"]"}
COMMAND: POST /session/20485257cd2cf638b78b11c842821675/element/f.0907B7B6EEA7590679BE63135B2EE279.d.1A6FE19012F8AB5C9F538ADBA7CCACD1.e.3437/click - {}
RESULT: undefined
COMMAND: POST /session/20485257cd2cf638b78b11c842821675/execute/async - {"script":"<script> [6424 bytes]","args":[{"element-6066-11e4-a52e-4f735466cecf":"f.0907B7B6EEA7590679BE63135B2EE279.d.1A6FE19012F8AB5C9F538ADBA7CCACD1.e.289"},"getTitle",[]]}
COMMAND: POST /session/20485257cd2cf638b78b11c842821675/execute/async - {"script":"<script> [1562 bytes]","args":[{"selector":{"id":"shellAppTitle"},"wdio_ui5_key":"shellAppTitle"}]}
RESULT: {"script":"<script> [1562 bytes]","args":[{"selector":{"id":"shellAppTitle"},"wdio_ui5_key":"shellAppTitle"}]}
COMMAND: POST /session/20485257cd2cf638b78b11c842821675/execute/async - {"script":"<script> [6424 bytes]","args":[{"element-6066-11e4-a52e-4f735466cecf":"f.0907B7B6EEA7590679BE63135B2EE279.d.1A6FE19012F8AB5C9F538ADBA7CCACD1.e.3642"},"getTitle",[]]}
RESULT: {"script":"<script> [6424 bytes]","args":[{"element-6066-11e4-a52e-4f735466cecf":"f.0907B7B6EEA7590679BE63135B2EE279.d.1A6FE19012F8AB5C9F538ADBA7CCACD1.e.3642"},"getTitle",[]]}
RESULT: undefined
COMMAND: POST /session/20485257cd2cf638b78b11c842821675/element/f.0907B7B6EEA7590679BE63135B2EE279.d.1A6FE19012F8AB5C9F538ADBA7CCACD1.e.3395/click - {}
COMMAND: POST /session/20485257cd2cf638b78b11c842821675/element - {"using":"xpath","value":"//*[@id=\"backBtn\"]"}
RESULT: {"using":"xpath","value":"//*[@id=\"backBtn\"]"}
COMMAND: POST /session/20485257cd2cf638b78b11c842821675/element/f.0907B7B6EEA7590679BE63135B2EE279.d.1A6FE19012F8AB5C9F538ADBA7CCACD1.e.3395/click - {}
COMMAND: POST /session/20485257cd2cf638b78b11c842821675/element - {"using":"xpath","value":"//*[@id=\"backBtn\"]"}
RESULT: {"using":"xpath","value":"//*[@id=\"backBtn\"]"}
COMMAND: POST /session/20485257cd2cf638b78b11c842821675/element/f.0907B7B6EEA7590679BE63135B2EE279.d.1A6FE19012F8AB5C9F538ADBA7CCACD1.e.3643/click - {}
RESULT: {}
COMMAND: GET /session/20485257cd2cf638b78b11c842821675/screenshot - {}
RESULT: {}
]]></system-out>
    </testcase>
    <testcase classname="chrome.136_0_7103_93.windows.Sanity_Tests_US104253" name="Should open Contracts Dashboard page" time="39.42">
      <system-out><![CDATA[
COMMAND: POST /session/20485257cd2cf638b78b11c842821675/execute/async - {"script":"<script> [1562 bytes]","args":[{"selector":{"controlType":"sap.m.GenericTile","properties":{"header":"Contracts Dashboard"}},"wdio_ui5_key":"sapm.GenericTile{\"header\":\"Contracts Dashboard\"}"}]}
RESULT: {"script":"<script> [1562 bytes]","args":[{"selector":{"controlType":"sap.m.GenericTile","properties":{"header":"Contracts Dashboard"}},"wdio_ui5_key":"sapm.GenericTile{\"header\":\"Contracts Dashboard\"}"}]}
RESULT: undefined
COMMAND: POST /session/20485257cd2cf638b78b11c842821675/element - {"using":"xpath","value":"//*[@id=\"__tile97\"]"}
RESULT: {"using":"xpath","value":"//*[@id=\"__tile97\"]"}
COMMAND: POST /session/20485257cd2cf638b78b11c842821675/element/f.0907B7B6EEA7590679BE63135B2EE279.d.1A6FE19012F8AB5C9F538ADBA7CCACD1.e.3645/click - {}
RESULT: {}
COMMAND: GET /session/20485257cd2cf638b78b11c842821675/screenshot - {}
RESULT: {}
COMMAND: POST /session/20485257cd2cf638b78b11c842821675/elements - {"using":"xpath","value":"//span[text()='Error']"}
RESULT: {"using":"xpath","value":"//span[text()='Error']"}
RESULT: undefined
COMMAND: POST /session/20485257cd2cf638b78b11c842821675/element - {"using":"xpath","value":"//*[@id=\"__tile97\"]"}
RESULT: {"using":"xpath","value":"//*[@id=\"__tile97\"]"}
COMMAND: POST /session/20485257cd2cf638b78b11c842821675/element/f.0907B7B6EEA7590679BE63135B2EE279.d.1A6FE19012F8AB5C9F538ADBA7CCACD1.e.3645/click - {}
RESULT: undefined
COMMAND: POST /session/20485257cd2cf638b78b11c842821675/element - {"using":"xpath","value":"//*[@id=\"__tile97\"]"}
RESULT: {"using":"xpath","value":"//*[@id=\"__tile97\"]"}
COMMAND: POST /session/20485257cd2cf638b78b11c842821675/element/f.0907B7B6EEA7590679BE63135B2EE279.d.1A6FE19012F8AB5C9F538ADBA7CCACD1.e.3645/click - {}
RESULT: undefined
COMMAND: POST /session/20485257cd2cf638b78b11c842821675/execute/async - {"script":"<script> [6424 bytes]","args":[{"element-6066-11e4-a52e-4f735466cecf":"f.0907B7B6EEA7590679BE63135B2EE279.d.1A6FE19012F8AB5C9F538ADBA7CCACD1.e.289"},"getTitle",[]]}
COMMAND: POST /session/20485257cd2cf638b78b11c842821675/execute/async - {"script":"<script> [1562 bytes]","args":[{"selector":{"id":"shellAppTitle"},"wdio_ui5_key":"shellAppTitle"}]}
RESULT: {"script":"<script> [1562 bytes]","args":[{"selector":{"id":"shellAppTitle"},"wdio_ui5_key":"shellAppTitle"}]}
COMMAND: POST /session/20485257cd2cf638b78b11c842821675/execute/async - {"script":"<script> [6424 bytes]","args":[{"element-6066-11e4-a52e-4f735466cecf":"f.0907B7B6EEA7590679BE63135B2EE279.d.1A6FE19012F8AB5C9F538ADBA7CCACD1.e.3664"},"getTitle",[]]}
RESULT: {"script":"<script> [6424 bytes]","args":[{"element-6066-11e4-a52e-4f735466cecf":"f.0907B7B6EEA7590679BE63135B2EE279.d.1A6FE19012F8AB5C9F538ADBA7CCACD1.e.3664"},"getTitle",[]]}
RESULT: undefined
COMMAND: POST /session/20485257cd2cf638b78b11c842821675/element/f.0907B7B6EEA7590679BE63135B2EE279.d.1A6FE19012F8AB5C9F538ADBA7CCACD1.e.3643/click - {}
RESULT: {}
COMMAND: GET /session/20485257cd2cf638b78b11c842821675/screenshot - {}
RESULT: {}
]]></system-out>
    </testcase>
    <testcase classname="chrome.136_0_7103_93.windows.Sanity_Tests_US104253" name="Should open Bin Status Report page" time="44.844">
      <system-out><![CDATA[
COMMAND: POST /session/20485257cd2cf638b78b11c842821675/execute/async - {"script":"<script> [1562 bytes]","args":[{"selector":{"controlType":"sap.m.GenericTile","properties":{"header":"Bin Status Report"}},"wdio_ui5_key":"sapm.GenericTile{\"header\":\"Bin Status Report\"}"}]}
RESULT: {"script":"<script> [1562 bytes]","args":[{"selector":{"controlType":"sap.m.GenericTile","properties":{"header":"Bin Status Report"}},"wdio_ui5_key":"sapm.GenericTile{\"header\":\"Bin Status Report\"}"}]}
RESULT: undefined
COMMAND: POST /session/20485257cd2cf638b78b11c842821675/element - {"using":"xpath","value":"//*[@id=\"__tile104\"]"}
RESULT: {"using":"xpath","value":"//*[@id=\"__tile104\"]"}
COMMAND: POST /session/20485257cd2cf638b78b11c842821675/element/f.0907B7B6EEA7590679BE63135B2EE279.d.1A6FE19012F8AB5C9F538ADBA7CCACD1.e.3666/click - {}
RESULT: {}
COMMAND: GET /session/20485257cd2cf638b78b11c842821675/screenshot - {}
RESULT: {}
COMMAND: POST /session/20485257cd2cf638b78b11c842821675/elements - {"using":"xpath","value":"//span[text()='Error']"}
RESULT: {"using":"xpath","value":"//span[text()='Error']"}
RESULT: undefined
COMMAND: POST /session/20485257cd2cf638b78b11c842821675/element - {"using":"xpath","value":"//*[@id=\"__tile104\"]"}
RESULT: {"using":"xpath","value":"//*[@id=\"__tile104\"]"}
COMMAND: POST /session/20485257cd2cf638b78b11c842821675/element/f.0907B7B6EEA7590679BE63135B2EE279.d.1A6FE19012F8AB5C9F538ADBA7CCACD1.e.3666/click - {}
RESULT: undefined
COMMAND: POST /session/20485257cd2cf638b78b11c842821675/element - {"using":"xpath","value":"//*[@id=\"__tile104\"]"}
RESULT: {"using":"xpath","value":"//*[@id=\"__tile104\"]"}
COMMAND: POST /session/20485257cd2cf638b78b11c842821675/element/f.0907B7B6EEA7590679BE63135B2EE279.d.1A6FE19012F8AB5C9F538ADBA7CCACD1.e.3666/click - {}
RESULT: undefined
COMMAND: POST /session/20485257cd2cf638b78b11c842821675/execute/async - {"script":"<script> [6424 bytes]","args":[{"element-6066-11e4-a52e-4f735466cecf":"f.0907B7B6EEA7590679BE63135B2EE279.d.1A6FE19012F8AB5C9F538ADBA7CCACD1.e.289"},"getTitle",[]]}
COMMAND: POST /session/20485257cd2cf638b78b11c842821675/execute/async - {"script":"<script> [1562 bytes]","args":[{"selector":{"id":"shellAppTitle"},"wdio_ui5_key":"shellAppTitle"}]}
RESULT: {"script":"<script> [1562 bytes]","args":[{"selector":{"id":"shellAppTitle"},"wdio_ui5_key":"shellAppTitle"}]}
COMMAND: POST /session/20485257cd2cf638b78b11c842821675/execute/async - {"script":"<script> [6424 bytes]","args":[{"element-6066-11e4-a52e-4f735466cecf":"f.0907B7B6EEA7590679BE63135B2EE279.d.1A6FE19012F8AB5C9F538ADBA7CCACD1.e.3744"},"getTitle",[]]}
RESULT: {"script":"<script> [6424 bytes]","args":[{"element-6066-11e4-a52e-4f735466cecf":"f.0907B7B6EEA7590679BE63135B2EE279.d.1A6FE19012F8AB5C9F538ADBA7CCACD1.e.3744"},"getTitle",[]]}
RESULT: undefined
COMMAND: POST /session/20485257cd2cf638b78b11c842821675/element/f.0907B7B6EEA7590679BE63135B2EE279.d.1A6FE19012F8AB5C9F538ADBA7CCACD1.e.3643/click - {}
COMMAND: POST /session/20485257cd2cf638b78b11c842821675/element - {"using":"xpath","value":"//*[@id=\"backBtn\"]"}
RESULT: {"using":"xpath","value":"//*[@id=\"backBtn\"]"}
COMMAND: POST /session/20485257cd2cf638b78b11c842821675/element/f.0907B7B6EEA7590679BE63135B2EE279.d.1A6FE19012F8AB5C9F538ADBA7CCACD1.e.3643/click - {}
COMMAND: POST /session/20485257cd2cf638b78b11c842821675/element - {"using":"xpath","value":"//*[@id=\"backBtn\"]"}
RESULT: {"using":"xpath","value":"//*[@id=\"backBtn\"]"}
COMMAND: POST /session/20485257cd2cf638b78b11c842821675/element/f.0907B7B6EEA7590679BE63135B2EE279.d.1A6FE19012F8AB5C9F538ADBA7CCACD1.e.3745/click - {}
RESULT: {}
COMMAND: GET /session/20485257cd2cf638b78b11c842821675/screenshot - {}
RESULT: {}
]]></system-out>
    </testcase>
    <testcase classname="chrome.136_0_7103_93.windows.Sanity_Tests_US104253" name="Should open Manage Warehouse Movements page" time="38.39">
      <system-out><![CDATA[
COMMAND: POST /session/20485257cd2cf638b78b11c842821675/execute/async - {"script":"<script> [1562 bytes]","args":[{"selector":{"controlType":"sap.m.GenericTile","properties":{"header":"Manage Warehouse Movements"}},"wdio_ui5_key":"sapm.GenericTile{\"header\":\"Manage Warehouse Movements\"}"}]}
RESULT: {"script":"<script> [1562 bytes]","args":[{"selector":{"controlType":"sap.m.GenericTile","properties":{"header":"Manage Warehouse Movements"}},"wdio_ui5_key":"sapm.GenericTile{\"header\":\"Manage Warehouse Movements\"}"}]}
RESULT: undefined
COMMAND: POST /session/20485257cd2cf638b78b11c842821675/element - {"using":"xpath","value":"//*[@id=\"__tile105\"]"}
RESULT: {"using":"xpath","value":"//*[@id=\"__tile105\"]"}
COMMAND: POST /session/20485257cd2cf638b78b11c842821675/element/f.0907B7B6EEA7590679BE63135B2EE279.d.1A6FE19012F8AB5C9F538ADBA7CCACD1.e.3749/click - {}
RESULT: {}
COMMAND: GET /session/20485257cd2cf638b78b11c842821675/screenshot - {}
RESULT: {}
COMMAND: POST /session/20485257cd2cf638b78b11c842821675/elements - {"using":"xpath","value":"//span[text()='Error']"}
RESULT: {"using":"xpath","value":"//span[text()='Error']"}
RESULT: undefined
COMMAND: POST /session/20485257cd2cf638b78b11c842821675/element - {"using":"xpath","value":"//*[@id=\"__tile105\"]"}
RESULT: {"using":"xpath","value":"//*[@id=\"__tile105\"]"}
COMMAND: POST /session/20485257cd2cf638b78b11c842821675/element/f.0907B7B6EEA7590679BE63135B2EE279.d.1A6FE19012F8AB5C9F538ADBA7CCACD1.e.3749/click - {}
RESULT: undefined
COMMAND: POST /session/20485257cd2cf638b78b11c842821675/element - {"using":"xpath","value":"//*[@id=\"__tile105\"]"}
RESULT: {"using":"xpath","value":"//*[@id=\"__tile105\"]"}
COMMAND: POST /session/20485257cd2cf638b78b11c842821675/element/f.0907B7B6EEA7590679BE63135B2EE279.d.1A6FE19012F8AB5C9F538ADBA7CCACD1.e.3749/click - {}
RESULT: undefined
COMMAND: POST /session/20485257cd2cf638b78b11c842821675/execute/async - {"script":"<script> [6424 bytes]","args":[{"element-6066-11e4-a52e-4f735466cecf":"f.0907B7B6EEA7590679BE63135B2EE279.d.1A6FE19012F8AB5C9F538ADBA7CCACD1.e.289"},"getTitle",[]]}
COMMAND: POST /session/20485257cd2cf638b78b11c842821675/execute/async - {"script":"<script> [1562 bytes]","args":[{"selector":{"id":"shellAppTitle"},"wdio_ui5_key":"shellAppTitle"}]}
RESULT: {"script":"<script> [1562 bytes]","args":[{"selector":{"id":"shellAppTitle"},"wdio_ui5_key":"shellAppTitle"}]}
COMMAND: POST /session/20485257cd2cf638b78b11c842821675/execute/async - {"script":"<script> [6424 bytes]","args":[{"element-6066-11e4-a52e-4f735466cecf":"f.0907B7B6EEA7590679BE63135B2EE279.d.1A6FE19012F8AB5C9F538ADBA7CCACD1.e.3828"},"getTitle",[]]}
RESULT: {"script":"<script> [6424 bytes]","args":[{"element-6066-11e4-a52e-4f735466cecf":"f.0907B7B6EEA7590679BE63135B2EE279.d.1A6FE19012F8AB5C9F538ADBA7CCACD1.e.3828"},"getTitle",[]]}
RESULT: undefined
COMMAND: POST /session/20485257cd2cf638b78b11c842821675/element/f.0907B7B6EEA7590679BE63135B2EE279.d.1A6FE19012F8AB5C9F538ADBA7CCACD1.e.3745/click - {}
RESULT: {}
COMMAND: GET /session/20485257cd2cf638b78b11c842821675/screenshot - {}
RESULT: {}
]]></system-out>
    </testcase>
    <testcase classname="chrome.136_0_7103_93.windows.Sanity_Tests_US104253" name="Should open Bin Inventory List page" time="37.426">
      <system-out><![CDATA[
COMMAND: POST /session/20485257cd2cf638b78b11c842821675/execute/async - {"script":"<script> [1562 bytes]","args":[{"selector":{"controlType":"sap.m.GenericTile","properties":{"header":"Bin Inventory List"}},"wdio_ui5_key":"sapm.GenericTile{\"header\":\"Bin Inventory List\"}"}]}
RESULT: {"script":"<script> [1562 bytes]","args":[{"selector":{"controlType":"sap.m.GenericTile","properties":{"header":"Bin Inventory List"}},"wdio_ui5_key":"sapm.GenericTile{\"header\":\"Bin Inventory List\"}"}]}
RESULT: undefined
COMMAND: POST /session/20485257cd2cf638b78b11c842821675/element - {"using":"xpath","value":"//*[@id=\"__tile103\"]"}
RESULT: {"using":"xpath","value":"//*[@id=\"__tile103\"]"}
COMMAND: POST /session/20485257cd2cf638b78b11c842821675/element/f.0907B7B6EEA7590679BE63135B2EE279.d.1A6FE19012F8AB5C9F538ADBA7CCACD1.e.3830/click - {}
RESULT: {}
COMMAND: GET /session/20485257cd2cf638b78b11c842821675/screenshot - {}
RESULT: {}
COMMAND: POST /session/20485257cd2cf638b78b11c842821675/elements - {"using":"xpath","value":"//span[text()='Error']"}
RESULT: {"using":"xpath","value":"//span[text()='Error']"}
RESULT: undefined
COMMAND: POST /session/20485257cd2cf638b78b11c842821675/element - {"using":"xpath","value":"//*[@id=\"__tile103\"]"}
RESULT: {"using":"xpath","value":"//*[@id=\"__tile103\"]"}
COMMAND: POST /session/20485257cd2cf638b78b11c842821675/element/f.0907B7B6EEA7590679BE63135B2EE279.d.1A6FE19012F8AB5C9F538ADBA7CCACD1.e.3830/click - {}
RESULT: undefined
COMMAND: POST /session/20485257cd2cf638b78b11c842821675/element - {"using":"xpath","value":"//*[@id=\"__tile103\"]"}
RESULT: {"using":"xpath","value":"//*[@id=\"__tile103\"]"}
COMMAND: POST /session/20485257cd2cf638b78b11c842821675/element/f.0907B7B6EEA7590679BE63135B2EE279.d.1A6FE19012F8AB5C9F538ADBA7CCACD1.e.3830/click - {}
RESULT: undefined
COMMAND: POST /session/20485257cd2cf638b78b11c842821675/execute/async - {"script":"<script> [6424 bytes]","args":[{"element-6066-11e4-a52e-4f735466cecf":"f.0907B7B6EEA7590679BE63135B2EE279.d.1A6FE19012F8AB5C9F538ADBA7CCACD1.e.289"},"getTitle",[]]}
COMMAND: POST /session/20485257cd2cf638b78b11c842821675/execute/async - {"script":"<script> [1562 bytes]","args":[{"selector":{"id":"shellAppTitle"},"wdio_ui5_key":"shellAppTitle"}]}
RESULT: {"script":"<script> [1562 bytes]","args":[{"selector":{"id":"shellAppTitle"},"wdio_ui5_key":"shellAppTitle"}]}
COMMAND: POST /session/20485257cd2cf638b78b11c842821675/execute/async - {"script":"<script> [6424 bytes]","args":[{"element-6066-11e4-a52e-4f735466cecf":"f.0907B7B6EEA7590679BE63135B2EE279.d.1A6FE19012F8AB5C9F538ADBA7CCACD1.e.3927"},"getTitle",[]]}
RESULT: {"script":"<script> [6424 bytes]","args":[{"element-6066-11e4-a52e-4f735466cecf":"f.0907B7B6EEA7590679BE63135B2EE279.d.1A6FE19012F8AB5C9F538ADBA7CCACD1.e.3927"},"getTitle",[]]}
RESULT: undefined
COMMAND: POST /session/20485257cd2cf638b78b11c842821675/element/f.0907B7B6EEA7590679BE63135B2EE279.d.1A6FE19012F8AB5C9F538ADBA7CCACD1.e.3745/click - {}
COMMAND: POST /session/20485257cd2cf638b78b11c842821675/element - {"using":"xpath","value":"//*[@id=\"backBtn\"]"}
RESULT: {"using":"xpath","value":"//*[@id=\"backBtn\"]"}
COMMAND: POST /session/20485257cd2cf638b78b11c842821675/element/f.0907B7B6EEA7590679BE63135B2EE279.d.1A6FE19012F8AB5C9F538ADBA7CCACD1.e.3745/click - {}
COMMAND: POST /session/20485257cd2cf638b78b11c842821675/element - {"using":"xpath","value":"//*[@id=\"backBtn\"]"}
RESULT: {"using":"xpath","value":"//*[@id=\"backBtn\"]"}
COMMAND: POST /session/20485257cd2cf638b78b11c842821675/element/f.0907B7B6EEA7590679BE63135B2EE279.d.1A6FE19012F8AB5C9F538ADBA7CCACD1.e.3928/click - {}
RESULT: {}
COMMAND: GET /session/20485257cd2cf638b78b11c842821675/screenshot - {}
RESULT: {}
]]></system-out>
    </testcase>
    <testcase classname="chrome.136_0_7103_93.windows.Sanity_Tests_US104253" name="Should open ISC Templates page" time="36.275">
      <system-out><![CDATA[
COMMAND: POST /session/20485257cd2cf638b78b11c842821675/execute/async - {"script":"<script> [1562 bytes]","args":[{"selector":{"controlType":"sap.m.GenericTile","properties":{"header":"ISC Templates"}},"wdio_ui5_key":"sapm.GenericTile{\"header\":\"ISC Templates\"}"}]}
RESULT: {"script":"<script> [1562 bytes]","args":[{"selector":{"controlType":"sap.m.GenericTile","properties":{"header":"ISC Templates"}},"wdio_ui5_key":"sapm.GenericTile{\"header\":\"ISC Templates\"}"}]}
RESULT: undefined
COMMAND: POST /session/20485257cd2cf638b78b11c842821675/element - {"using":"xpath","value":"//*[@id=\"__tile111\"]"}
RESULT: {"using":"xpath","value":"//*[@id=\"__tile111\"]"}
COMMAND: POST /session/20485257cd2cf638b78b11c842821675/element/f.0907B7B6EEA7590679BE63135B2EE279.d.1A6FE19012F8AB5C9F538ADBA7CCACD1.e.3930/click - {}
RESULT: {}
COMMAND: GET /session/20485257cd2cf638b78b11c842821675/screenshot - {}
RESULT: {}
COMMAND: POST /session/20485257cd2cf638b78b11c842821675/elements - {"using":"xpath","value":"//span[text()='Error']"}
RESULT: {"using":"xpath","value":"//span[text()='Error']"}
RESULT: undefined
COMMAND: POST /session/20485257cd2cf638b78b11c842821675/element - {"using":"xpath","value":"//*[@id=\"__tile111\"]"}
RESULT: {"using":"xpath","value":"//*[@id=\"__tile111\"]"}
COMMAND: POST /session/20485257cd2cf638b78b11c842821675/element/f.0907B7B6EEA7590679BE63135B2EE279.d.1A6FE19012F8AB5C9F538ADBA7CCACD1.e.3930/click - {}
RESULT: undefined
COMMAND: POST /session/20485257cd2cf638b78b11c842821675/element - {"using":"xpath","value":"//*[@id=\"__tile111\"]"}
RESULT: {"using":"xpath","value":"//*[@id=\"__tile111\"]"}
COMMAND: POST /session/20485257cd2cf638b78b11c842821675/element/f.0907B7B6EEA7590679BE63135B2EE279.d.1A6FE19012F8AB5C9F538ADBA7CCACD1.e.3930/click - {}
RESULT: undefined
COMMAND: POST /session/20485257cd2cf638b78b11c842821675/execute/async - {"script":"<script> [6424 bytes]","args":[{"element-6066-11e4-a52e-4f735466cecf":"f.0907B7B6EEA7590679BE63135B2EE279.d.1A6FE19012F8AB5C9F538ADBA7CCACD1.e.289"},"getTitle",[]]}
COMMAND: POST /session/20485257cd2cf638b78b11c842821675/execute/async - {"script":"<script> [1562 bytes]","args":[{"selector":{"id":"shellAppTitle"},"wdio_ui5_key":"shellAppTitle"}]}
RESULT: {"script":"<script> [1562 bytes]","args":[{"selector":{"id":"shellAppTitle"},"wdio_ui5_key":"shellAppTitle"}]}
COMMAND: POST /session/20485257cd2cf638b78b11c842821675/execute/async - {"script":"<script> [6424 bytes]","args":[{"element-6066-11e4-a52e-4f735466cecf":"f.0907B7B6EEA7590679BE63135B2EE279.d.1A6FE19012F8AB5C9F538ADBA7CCACD1.e.4003"},"getTitle",[]]}
RESULT: {"script":"<script> [6424 bytes]","args":[{"element-6066-11e4-a52e-4f735466cecf":"f.0907B7B6EEA7590679BE63135B2EE279.d.1A6FE19012F8AB5C9F538ADBA7CCACD1.e.4003"},"getTitle",[]]}
RESULT: undefined
COMMAND: POST /session/20485257cd2cf638b78b11c842821675/element/f.0907B7B6EEA7590679BE63135B2EE279.d.1A6FE19012F8AB5C9F538ADBA7CCACD1.e.3928/click - {}
RESULT: {}
COMMAND: GET /session/20485257cd2cf638b78b11c842821675/screenshot - {}
RESULT: {}
]]></system-out>
    </testcase>
    <testcase classname="chrome.136_0_7103_93.windows.Sanity_Tests_US104253" name="Should open ISC Schedules page" time="38.372">
      <system-out><![CDATA[
COMMAND: POST /session/20485257cd2cf638b78b11c842821675/execute/async - {"script":"<script> [1562 bytes]","args":[{"selector":{"controlType":"sap.m.GenericTile","properties":{"header":"ISC Schedules"}},"wdio_ui5_key":"sapm.GenericTile{\"header\":\"ISC Schedules\"}"}]}
RESULT: {"script":"<script> [1562 bytes]","args":[{"selector":{"controlType":"sap.m.GenericTile","properties":{"header":"ISC Schedules"}},"wdio_ui5_key":"sapm.GenericTile{\"header\":\"ISC Schedules\"}"}]}
RESULT: undefined
COMMAND: POST /session/20485257cd2cf638b78b11c842821675/element - {"using":"xpath","value":"//*[@id=\"__tile109\"]"}
RESULT: {"using":"xpath","value":"//*[@id=\"__tile109\"]"}
COMMAND: POST /session/20485257cd2cf638b78b11c842821675/element/f.0907B7B6EEA7590679BE63135B2EE279.d.1A6FE19012F8AB5C9F538ADBA7CCACD1.e.4006/click - {}
RESULT: {}
COMMAND: GET /session/20485257cd2cf638b78b11c842821675/screenshot - {}
RESULT: {}
COMMAND: POST /session/20485257cd2cf638b78b11c842821675/elements - {"using":"xpath","value":"//span[text()='Error']"}
RESULT: {"using":"xpath","value":"//span[text()='Error']"}
RESULT: undefined
COMMAND: POST /session/20485257cd2cf638b78b11c842821675/element - {"using":"xpath","value":"//*[@id=\"__tile109\"]"}
RESULT: {"using":"xpath","value":"//*[@id=\"__tile109\"]"}
COMMAND: POST /session/20485257cd2cf638b78b11c842821675/element/f.0907B7B6EEA7590679BE63135B2EE279.d.1A6FE19012F8AB5C9F538ADBA7CCACD1.e.4006/click - {}
RESULT: undefined
COMMAND: POST /session/20485257cd2cf638b78b11c842821675/element - {"using":"xpath","value":"//*[@id=\"__tile109\"]"}
RESULT: {"using":"xpath","value":"//*[@id=\"__tile109\"]"}
COMMAND: POST /session/20485257cd2cf638b78b11c842821675/element/f.0907B7B6EEA7590679BE63135B2EE279.d.1A6FE19012F8AB5C9F538ADBA7CCACD1.e.4006/click - {}
RESULT: undefined
COMMAND: POST /session/20485257cd2cf638b78b11c842821675/execute/async - {"script":"<script> [6424 bytes]","args":[{"element-6066-11e4-a52e-4f735466cecf":"f.0907B7B6EEA7590679BE63135B2EE279.d.1A6FE19012F8AB5C9F538ADBA7CCACD1.e.289"},"getTitle",[]]}
COMMAND: POST /session/20485257cd2cf638b78b11c842821675/execute/async - {"script":"<script> [1562 bytes]","args":[{"selector":{"id":"shellAppTitle"},"wdio_ui5_key":"shellAppTitle"}]}
RESULT: {"script":"<script> [1562 bytes]","args":[{"selector":{"id":"shellAppTitle"},"wdio_ui5_key":"shellAppTitle"}]}
COMMAND: POST /session/20485257cd2cf638b78b11c842821675/execute/async - {"script":"<script> [6424 bytes]","args":[{"element-6066-11e4-a52e-4f735466cecf":"f.0907B7B6EEA7590679BE63135B2EE279.d.1A6FE19012F8AB5C9F538ADBA7CCACD1.e.4204"},"getTitle",[]]}
RESULT: {"script":"<script> [6424 bytes]","args":[{"element-6066-11e4-a52e-4f735466cecf":"f.0907B7B6EEA7590679BE63135B2EE279.d.1A6FE19012F8AB5C9F538ADBA7CCACD1.e.4204"},"getTitle",[]]}
RESULT: undefined
COMMAND: POST /session/20485257cd2cf638b78b11c842821675/element/f.0907B7B6EEA7590679BE63135B2EE279.d.1A6FE19012F8AB5C9F538ADBA7CCACD1.e.3928/click - {}
COMMAND: POST /session/20485257cd2cf638b78b11c842821675/element - {"using":"xpath","value":"//*[@id=\"backBtn\"]"}
RESULT: {"using":"xpath","value":"//*[@id=\"backBtn\"]"}
COMMAND: POST /session/20485257cd2cf638b78b11c842821675/element/f.0907B7B6EEA7590679BE63135B2EE279.d.1A6FE19012F8AB5C9F538ADBA7CCACD1.e.3928/click - {}
COMMAND: POST /session/20485257cd2cf638b78b11c842821675/element - {"using":"xpath","value":"//*[@id=\"backBtn\"]"}
RESULT: {"using":"xpath","value":"//*[@id=\"backBtn\"]"}
COMMAND: POST /session/20485257cd2cf638b78b11c842821675/element/f.0907B7B6EEA7590679BE63135B2EE279.d.1A6FE19012F8AB5C9F538ADBA7CCACD1.e.4205/click - {}
RESULT: {}
COMMAND: GET /session/20485257cd2cf638b78b11c842821675/screenshot - {}
RESULT: {}
]]></system-out>
    </testcase>
    <testcase classname="chrome.136_0_7103_93.windows.Sanity_Tests_US104253" name="Should open ISC Dashboard page" time="38.469">
      <system-out><![CDATA[
COMMAND: POST /session/20485257cd2cf638b78b11c842821675/execute/async - {"script":"<script> [1562 bytes]","args":[{"selector":{"controlType":"sap.m.GenericTile","properties":{"header":"ISC Dashboard"}},"wdio_ui5_key":"sapm.GenericTile{\"header\":\"ISC Dashboard\"}"}]}
RESULT: {"script":"<script> [1562 bytes]","args":[{"selector":{"controlType":"sap.m.GenericTile","properties":{"header":"ISC Dashboard"}},"wdio_ui5_key":"sapm.GenericTile{\"header\":\"ISC Dashboard\"}"}]}
RESULT: undefined
COMMAND: POST /session/20485257cd2cf638b78b11c842821675/element - {"using":"xpath","value":"//*[@id=\"__tile106\"]"}
RESULT: {"using":"xpath","value":"//*[@id=\"__tile106\"]"}
COMMAND: POST /session/20485257cd2cf638b78b11c842821675/element/f.0907B7B6EEA7590679BE63135B2EE279.d.1A6FE19012F8AB5C9F538ADBA7CCACD1.e.4207/click - {}
RESULT: {}
COMMAND: GET /session/20485257cd2cf638b78b11c842821675/screenshot - {}
RESULT: {}
COMMAND: POST /session/20485257cd2cf638b78b11c842821675/elements - {"using":"xpath","value":"//span[text()='Error']"}
RESULT: {"using":"xpath","value":"//span[text()='Error']"}
RESULT: undefined
COMMAND: POST /session/20485257cd2cf638b78b11c842821675/element - {"using":"xpath","value":"//*[@id=\"__tile106\"]"}
RESULT: {"using":"xpath","value":"//*[@id=\"__tile106\"]"}
COMMAND: POST /session/20485257cd2cf638b78b11c842821675/element/f.0907B7B6EEA7590679BE63135B2EE279.d.1A6FE19012F8AB5C9F538ADBA7CCACD1.e.4207/click - {}
RESULT: undefined
COMMAND: POST /session/20485257cd2cf638b78b11c842821675/element - {"using":"xpath","value":"//*[@id=\"__tile106\"]"}
RESULT: {"using":"xpath","value":"//*[@id=\"__tile106\"]"}
COMMAND: POST /session/20485257cd2cf638b78b11c842821675/element/f.0907B7B6EEA7590679BE63135B2EE279.d.1A6FE19012F8AB5C9F538ADBA7CCACD1.e.4207/click - {}
RESULT: undefined
COMMAND: POST /session/20485257cd2cf638b78b11c842821675/execute/async - {"script":"<script> [6424 bytes]","args":[{"element-6066-11e4-a52e-4f735466cecf":"f.0907B7B6EEA7590679BE63135B2EE279.d.1A6FE19012F8AB5C9F538ADBA7CCACD1.e.289"},"getTitle",[]]}
COMMAND: POST /session/20485257cd2cf638b78b11c842821675/execute/async - {"script":"<script> [1562 bytes]","args":[{"selector":{"id":"shellAppTitle"},"wdio_ui5_key":"shellAppTitle"}]}
RESULT: {"script":"<script> [1562 bytes]","args":[{"selector":{"id":"shellAppTitle"},"wdio_ui5_key":"shellAppTitle"}]}
COMMAND: POST /session/20485257cd2cf638b78b11c842821675/execute/async - {"script":"<script> [6424 bytes]","args":[{"element-6066-11e4-a52e-4f735466cecf":"f.0907B7B6EEA7590679BE63135B2EE279.d.1A6FE19012F8AB5C9F538ADBA7CCACD1.e.4335"},"getTitle",[]]}
RESULT: {"script":"<script> [6424 bytes]","args":[{"element-6066-11e4-a52e-4f735466cecf":"f.0907B7B6EEA7590679BE63135B2EE279.d.1A6FE19012F8AB5C9F538ADBA7CCACD1.e.4335"},"getTitle",[]]}
RESULT: undefined
COMMAND: POST /session/20485257cd2cf638b78b11c842821675/element/f.0907B7B6EEA7590679BE63135B2EE279.d.1A6FE19012F8AB5C9F538ADBA7CCACD1.e.4205/click - {}
RESULT: {}
COMMAND: GET /session/20485257cd2cf638b78b11c842821675/screenshot - {}
RESULT: {}
]]></system-out>
    </testcase>
    <testcase classname="chrome.136_0_7103_93.windows.Sanity_Tests_US104253" name="Should open ISC Orders page" time="53.563">
      <system-out><![CDATA[
COMMAND: POST /session/20485257cd2cf638b78b11c842821675/execute/async - {"script":"<script> [1562 bytes]","args":[{"selector":{"controlType":"sap.m.GenericTile","properties":{"header":"ISC Orders"}},"wdio_ui5_key":"sapm.GenericTile{\"header\":\"ISC Orders\"}"}]}
RESULT: {"script":"<script> [1562 bytes]","args":[{"selector":{"controlType":"sap.m.GenericTile","properties":{"header":"ISC Orders"}},"wdio_ui5_key":"sapm.GenericTile{\"header\":\"ISC Orders\"}"}]}
RESULT: undefined
COMMAND: POST /session/20485257cd2cf638b78b11c842821675/element - {"using":"xpath","value":"//*[@id=\"__tile108\"]"}
RESULT: {"using":"xpath","value":"//*[@id=\"__tile108\"]"}
COMMAND: POST /session/20485257cd2cf638b78b11c842821675/element/f.0907B7B6EEA7590679BE63135B2EE279.d.1A6FE19012F8AB5C9F538ADBA7CCACD1.e.4337/click - {}
RESULT: {}
COMMAND: GET /session/20485257cd2cf638b78b11c842821675/screenshot - {}
RESULT: {}
COMMAND: POST /session/20485257cd2cf638b78b11c842821675/elements - {"using":"xpath","value":"//span[text()='Error']"}
RESULT: {"using":"xpath","value":"//span[text()='Error']"}
RESULT: undefined
COMMAND: POST /session/20485257cd2cf638b78b11c842821675/element - {"using":"xpath","value":"//*[@id=\"__tile108\"]"}
RESULT: {"using":"xpath","value":"//*[@id=\"__tile108\"]"}
COMMAND: POST /session/20485257cd2cf638b78b11c842821675/element/f.0907B7B6EEA7590679BE63135B2EE279.d.1A6FE19012F8AB5C9F538ADBA7CCACD1.e.4337/click - {}
RESULT: undefined
COMMAND: POST /session/20485257cd2cf638b78b11c842821675/element - {"using":"xpath","value":"//*[@id=\"__tile108\"]"}
RESULT: {"using":"xpath","value":"//*[@id=\"__tile108\"]"}
COMMAND: POST /session/20485257cd2cf638b78b11c842821675/element/f.0907B7B6EEA7590679BE63135B2EE279.d.1A6FE19012F8AB5C9F538ADBA7CCACD1.e.4337/click - {}
RESULT: undefined
COMMAND: POST /session/20485257cd2cf638b78b11c842821675/execute/async - {"script":"<script> [6424 bytes]","args":[{"element-6066-11e4-a52e-4f735466cecf":"f.0907B7B6EEA7590679BE63135B2EE279.d.1A6FE19012F8AB5C9F538ADBA7CCACD1.e.289"},"getTitle",[]]}
COMMAND: POST /session/20485257cd2cf638b78b11c842821675/execute/async - {"script":"<script> [1562 bytes]","args":[{"selector":{"id":"shellAppTitle"},"wdio_ui5_key":"shellAppTitle"}]}
RESULT: {"script":"<script> [1562 bytes]","args":[{"selector":{"id":"shellAppTitle"},"wdio_ui5_key":"shellAppTitle"}]}
COMMAND: POST /session/20485257cd2cf638b78b11c842821675/execute/async - {"script":"<script> [6424 bytes]","args":[{"element-6066-11e4-a52e-4f735466cecf":"f.0907B7B6EEA7590679BE63135B2EE279.d.1A6FE19012F8AB5C9F538ADBA7CCACD1.e.4453"},"getTitle",[]]}
RESULT: {"script":"<script> [6424 bytes]","args":[{"element-6066-11e4-a52e-4f735466cecf":"f.0907B7B6EEA7590679BE63135B2EE279.d.1A6FE19012F8AB5C9F538ADBA7CCACD1.e.4453"},"getTitle",[]]}
RESULT: undefined
COMMAND: POST /session/20485257cd2cf638b78b11c842821675/element/f.0907B7B6EEA7590679BE63135B2EE279.d.1A6FE19012F8AB5C9F538ADBA7CCACD1.e.4205/click - {}
COMMAND: POST /session/20485257cd2cf638b78b11c842821675/element - {"using":"xpath","value":"//*[@id=\"backBtn\"]"}
RESULT: {"using":"xpath","value":"//*[@id=\"backBtn\"]"}
COMMAND: POST /session/20485257cd2cf638b78b11c842821675/element/f.0907B7B6EEA7590679BE63135B2EE279.d.1A6FE19012F8AB5C9F538ADBA7CCACD1.e.4205/click - {}
COMMAND: POST /session/20485257cd2cf638b78b11c842821675/element - {"using":"xpath","value":"//*[@id=\"backBtn\"]"}
RESULT: {"using":"xpath","value":"//*[@id=\"backBtn\"]"}
COMMAND: POST /session/20485257cd2cf638b78b11c842821675/element/f.0907B7B6EEA7590679BE63135B2EE279.d.1A6FE19012F8AB5C9F538ADBA7CCACD1.e.4454/click - {}
RESULT: {}
COMMAND: GET /session/20485257cd2cf638b78b11c842821675/screenshot - {}
RESULT: {}
]]></system-out>
    </testcase>
    <testcase classname="chrome.136_0_7103_93.windows.Sanity_Tests_US104253" name="Should open ISC Tasks page" time="37.841">
      <system-out><![CDATA[
COMMAND: POST /session/20485257cd2cf638b78b11c842821675/execute/async - {"script":"<script> [1562 bytes]","args":[{"selector":{"controlType":"sap.m.GenericTile","properties":{"header":"ISC Tasks"}},"wdio_ui5_key":"sapm.GenericTile{\"header\":\"ISC Tasks\"}"}]}
RESULT: {"script":"<script> [1562 bytes]","args":[{"selector":{"controlType":"sap.m.GenericTile","properties":{"header":"ISC Tasks"}},"wdio_ui5_key":"sapm.GenericTile{\"header\":\"ISC Tasks\"}"}]}
RESULT: undefined
COMMAND: POST /session/20485257cd2cf638b78b11c842821675/element - {"using":"xpath","value":"//*[@id=\"__tile110\"]"}
RESULT: {"using":"xpath","value":"//*[@id=\"__tile110\"]"}
COMMAND: POST /session/20485257cd2cf638b78b11c842821675/element/f.0907B7B6EEA7590679BE63135B2EE279.d.1A6FE19012F8AB5C9F538ADBA7CCACD1.e.4456/click - {}
RESULT: {}
COMMAND: GET /session/20485257cd2cf638b78b11c842821675/screenshot - {}
RESULT: {}
COMMAND: POST /session/20485257cd2cf638b78b11c842821675/elements - {"using":"xpath","value":"//span[text()='Error']"}
RESULT: {"using":"xpath","value":"//span[text()='Error']"}
RESULT: undefined
COMMAND: POST /session/20485257cd2cf638b78b11c842821675/element - {"using":"xpath","value":"//*[@id=\"__tile110\"]"}
RESULT: {"using":"xpath","value":"//*[@id=\"__tile110\"]"}
COMMAND: POST /session/20485257cd2cf638b78b11c842821675/element/f.0907B7B6EEA7590679BE63135B2EE279.d.1A6FE19012F8AB5C9F538ADBA7CCACD1.e.4456/click - {}
RESULT: undefined
COMMAND: POST /session/20485257cd2cf638b78b11c842821675/element - {"using":"xpath","value":"//*[@id=\"__tile110\"]"}
RESULT: {"using":"xpath","value":"//*[@id=\"__tile110\"]"}
COMMAND: POST /session/20485257cd2cf638b78b11c842821675/element/f.0907B7B6EEA7590679BE63135B2EE279.d.1A6FE19012F8AB5C9F538ADBA7CCACD1.e.4456/click - {}
RESULT: undefined
COMMAND: POST /session/20485257cd2cf638b78b11c842821675/execute/async - {"script":"<script> [6424 bytes]","args":[{"element-6066-11e4-a52e-4f735466cecf":"f.0907B7B6EEA7590679BE63135B2EE279.d.1A6FE19012F8AB5C9F538ADBA7CCACD1.e.289"},"getTitle",[]]}
COMMAND: POST /session/20485257cd2cf638b78b11c842821675/execute/async - {"script":"<script> [1562 bytes]","args":[{"selector":{"id":"shellAppTitle"},"wdio_ui5_key":"shellAppTitle"}]}
RESULT: {"script":"<script> [1562 bytes]","args":[{"selector":{"id":"shellAppTitle"},"wdio_ui5_key":"shellAppTitle"}]}
COMMAND: POST /session/20485257cd2cf638b78b11c842821675/execute/async - {"script":"<script> [6424 bytes]","args":[{"element-6066-11e4-a52e-4f735466cecf":"f.0907B7B6EEA7590679BE63135B2EE279.d.1A6FE19012F8AB5C9F538ADBA7CCACD1.e.4538"},"getTitle",[]]}
RESULT: {"script":"<script> [6424 bytes]","args":[{"element-6066-11e4-a52e-4f735466cecf":"f.0907B7B6EEA7590679BE63135B2EE279.d.1A6FE19012F8AB5C9F538ADBA7CCACD1.e.4538"},"getTitle",[]]}
RESULT: undefined
COMMAND: POST /session/20485257cd2cf638b78b11c842821675/element/f.0907B7B6EEA7590679BE63135B2EE279.d.1A6FE19012F8AB5C9F538ADBA7CCACD1.e.4454/click - {}
RESULT: {}
COMMAND: GET /session/20485257cd2cf638b78b11c842821675/screenshot - {}
RESULT: {}
]]></system-out>
    </testcase>
    <testcase classname="chrome.136_0_7103_93.windows.Sanity_Tests_US104253" name="Should open Manage Resource Logbook page" time="36.71">
      <system-out><![CDATA[
COMMAND: POST /session/20485257cd2cf638b78b11c842821675/execute/async - {"script":"<script> [1562 bytes]","args":[{"selector":{"controlType":"sap.m.GenericTile","properties":{"header":"Manage Resource Logbook"}},"wdio_ui5_key":"sapm.GenericTile{\"header\":\"Manage Resource Logbook\"}"}]}
RESULT: {"script":"<script> [1562 bytes]","args":[{"selector":{"controlType":"sap.m.GenericTile","properties":{"header":"Manage Resource Logbook"}},"wdio_ui5_key":"sapm.GenericTile{\"header\":\"Manage Resource Logbook\"}"}]}
RESULT: undefined
COMMAND: POST /session/20485257cd2cf638b78b11c842821675/element - {"using":"xpath","value":"//*[@id=\"__tile113\"]"}
RESULT: {"using":"xpath","value":"//*[@id=\"__tile113\"]"}
COMMAND: POST /session/20485257cd2cf638b78b11c842821675/element/f.0907B7B6EEA7590679BE63135B2EE279.d.1A6FE19012F8AB5C9F538ADBA7CCACD1.e.4540/click - {}
RESULT: {}
COMMAND: GET /session/20485257cd2cf638b78b11c842821675/screenshot - {}
RESULT: {}
COMMAND: POST /session/20485257cd2cf638b78b11c842821675/elements - {"using":"xpath","value":"//span[text()='Error']"}
RESULT: {"using":"xpath","value":"//span[text()='Error']"}
RESULT: undefined
COMMAND: POST /session/20485257cd2cf638b78b11c842821675/element - {"using":"xpath","value":"//*[@id=\"__tile113\"]"}
RESULT: {"using":"xpath","value":"//*[@id=\"__tile113\"]"}
COMMAND: POST /session/20485257cd2cf638b78b11c842821675/element/f.0907B7B6EEA7590679BE63135B2EE279.d.1A6FE19012F8AB5C9F538ADBA7CCACD1.e.4540/click - {}
RESULT: undefined
COMMAND: POST /session/20485257cd2cf638b78b11c842821675/element - {"using":"xpath","value":"//*[@id=\"__tile113\"]"}
RESULT: {"using":"xpath","value":"//*[@id=\"__tile113\"]"}
COMMAND: POST /session/20485257cd2cf638b78b11c842821675/element/f.0907B7B6EEA7590679BE63135B2EE279.d.1A6FE19012F8AB5C9F538ADBA7CCACD1.e.4540/click - {}
RESULT: undefined
COMMAND: POST /session/20485257cd2cf638b78b11c842821675/execute/async - {"script":"<script> [6424 bytes]","args":[{"element-6066-11e4-a52e-4f735466cecf":"f.0907B7B6EEA7590679BE63135B2EE279.d.1A6FE19012F8AB5C9F538ADBA7CCACD1.e.289"},"getTitle",[]]}
COMMAND: POST /session/20485257cd2cf638b78b11c842821675/execute/async - {"script":"<script> [1562 bytes]","args":[{"selector":{"id":"shellAppTitle"},"wdio_ui5_key":"shellAppTitle"}]}
RESULT: {"script":"<script> [1562 bytes]","args":[{"selector":{"id":"shellAppTitle"},"wdio_ui5_key":"shellAppTitle"}]}
COMMAND: POST /session/20485257cd2cf638b78b11c842821675/execute/async - {"script":"<script> [6424 bytes]","args":[{"element-6066-11e4-a52e-4f735466cecf":"f.0907B7B6EEA7590679BE63135B2EE279.d.1A6FE19012F8AB5C9F538ADBA7CCACD1.e.4646"},"getTitle",[]]}
RESULT: {"script":"<script> [6424 bytes]","args":[{"element-6066-11e4-a52e-4f735466cecf":"f.0907B7B6EEA7590679BE63135B2EE279.d.1A6FE19012F8AB5C9F538ADBA7CCACD1.e.4646"},"getTitle",[]]}
RESULT: undefined
COMMAND: POST /session/20485257cd2cf638b78b11c842821675/element/f.0907B7B6EEA7590679BE63135B2EE279.d.1A6FE19012F8AB5C9F538ADBA7CCACD1.e.4454/click - {}
COMMAND: POST /session/20485257cd2cf638b78b11c842821675/element - {"using":"xpath","value":"//*[@id=\"backBtn\"]"}
RESULT: {"using":"xpath","value":"//*[@id=\"backBtn\"]"}
COMMAND: POST /session/20485257cd2cf638b78b11c842821675/element/f.0907B7B6EEA7590679BE63135B2EE279.d.1A6FE19012F8AB5C9F538ADBA7CCACD1.e.4454/click - {}
COMMAND: POST /session/20485257cd2cf638b78b11c842821675/element - {"using":"xpath","value":"//*[@id=\"backBtn\"]"}
RESULT: {"using":"xpath","value":"//*[@id=\"backBtn\"]"}
COMMAND: POST /session/20485257cd2cf638b78b11c842821675/element/f.0907B7B6EEA7590679BE63135B2EE279.d.1A6FE19012F8AB5C9F538ADBA7CCACD1.e.4647/click - {}
RESULT: {}
COMMAND: GET /session/20485257cd2cf638b78b11c842821675/screenshot - {}
RESULT: {}
]]></system-out>
    </testcase>
    <testcase classname="chrome.136_0_7103_93.windows.Sanity_Tests_US104253" name="Should open Manage Logbook page" time="36.25">
      <system-out><![CDATA[
COMMAND: POST /session/20485257cd2cf638b78b11c842821675/execute/async - {"script":"<script> [1562 bytes]","args":[{"selector":{"controlType":"sap.m.GenericTile","properties":{"header":"Manage Logbook"}},"wdio_ui5_key":"sapm.GenericTile{\"header\":\"Manage Logbook\"}"}]}
RESULT: {"script":"<script> [1562 bytes]","args":[{"selector":{"controlType":"sap.m.GenericTile","properties":{"header":"Manage Logbook"}},"wdio_ui5_key":"sapm.GenericTile{\"header\":\"Manage Logbook\"}"}]}
RESULT: undefined
COMMAND: POST /session/20485257cd2cf638b78b11c842821675/element - {"using":"xpath","value":"//*[@id=\"__tile112\"]"}
RESULT: {"using":"xpath","value":"//*[@id=\"__tile112\"]"}
COMMAND: POST /session/20485257cd2cf638b78b11c842821675/element/f.0907B7B6EEA7590679BE63135B2EE279.d.1A6FE19012F8AB5C9F538ADBA7CCACD1.e.4649/click - {}
RESULT: {}
COMMAND: GET /session/20485257cd2cf638b78b11c842821675/screenshot - {}
RESULT: {}
COMMAND: POST /session/20485257cd2cf638b78b11c842821675/elements - {"using":"xpath","value":"//span[text()='Error']"}
RESULT: {"using":"xpath","value":"//span[text()='Error']"}
RESULT: undefined
COMMAND: POST /session/20485257cd2cf638b78b11c842821675/element - {"using":"xpath","value":"//*[@id=\"__tile112\"]"}
RESULT: {"using":"xpath","value":"//*[@id=\"__tile112\"]"}
COMMAND: POST /session/20485257cd2cf638b78b11c842821675/element/f.0907B7B6EEA7590679BE63135B2EE279.d.1A6FE19012F8AB5C9F538ADBA7CCACD1.e.4649/click - {}
RESULT: undefined
COMMAND: POST /session/20485257cd2cf638b78b11c842821675/element - {"using":"xpath","value":"//*[@id=\"__tile112\"]"}
RESULT: {"using":"xpath","value":"//*[@id=\"__tile112\"]"}
COMMAND: POST /session/20485257cd2cf638b78b11c842821675/element/f.0907B7B6EEA7590679BE63135B2EE279.d.1A6FE19012F8AB5C9F538ADBA7CCACD1.e.4649/click - {}
RESULT: undefined
COMMAND: POST /session/20485257cd2cf638b78b11c842821675/execute/async - {"script":"<script> [6424 bytes]","args":[{"element-6066-11e4-a52e-4f735466cecf":"f.0907B7B6EEA7590679BE63135B2EE279.d.1A6FE19012F8AB5C9F538ADBA7CCACD1.e.289"},"getTitle",[]]}
COMMAND: POST /session/20485257cd2cf638b78b11c842821675/execute/async - {"script":"<script> [1562 bytes]","args":[{"selector":{"id":"shellAppTitle"},"wdio_ui5_key":"shellAppTitle"}]}
RESULT: {"script":"<script> [1562 bytes]","args":[{"selector":{"id":"shellAppTitle"},"wdio_ui5_key":"shellAppTitle"}]}
COMMAND: POST /session/20485257cd2cf638b78b11c842821675/execute/async - {"script":"<script> [6424 bytes]","args":[{"element-6066-11e4-a52e-4f735466cecf":"f.0907B7B6EEA7590679BE63135B2EE279.d.1A6FE19012F8AB5C9F538ADBA7CCACD1.e.4944"},"getTitle",[]]}
RESULT: {"script":"<script> [6424 bytes]","args":[{"element-6066-11e4-a52e-4f735466cecf":"f.0907B7B6EEA7590679BE63135B2EE279.d.1A6FE19012F8AB5C9F538ADBA7CCACD1.e.4944"},"getTitle",[]]}
RESULT: undefined
COMMAND: POST /session/20485257cd2cf638b78b11c842821675/element/f.0907B7B6EEA7590679BE63135B2EE279.d.1A6FE19012F8AB5C9F538ADBA7CCACD1.e.4647/click - {}
RESULT: {}
COMMAND: GET /session/20485257cd2cf638b78b11c842821675/screenshot - {}
RESULT: {}
]]></system-out>
    </testcase>
    <testcase classname="chrome.136_0_7103_93.windows.Sanity_Tests_US104253" name="Should open ISC Orders Calendar page" time="41.211">
      <system-out><![CDATA[
COMMAND: POST /session/20485257cd2cf638b78b11c842821675/execute/async - {"script":"<script> [1562 bytes]","args":[{"selector":{"controlType":"sap.m.GenericTile","properties":{"header":"ISC Orders Calendar"}},"wdio_ui5_key":"sapm.GenericTile{\"header\":\"ISC Orders Calendar\"}"}]}
RESULT: {"script":"<script> [1562 bytes]","args":[{"selector":{"controlType":"sap.m.GenericTile","properties":{"header":"ISC Orders Calendar"}},"wdio_ui5_key":"sapm.GenericTile{\"header\":\"ISC Orders Calendar\"}"}]}
RESULT: undefined
COMMAND: POST /session/20485257cd2cf638b78b11c842821675/element - {"using":"xpath","value":"//*[@id=\"__tile107\"]"}
RESULT: {"using":"xpath","value":"//*[@id=\"__tile107\"]"}
COMMAND: POST /session/20485257cd2cf638b78b11c842821675/element/f.0907B7B6EEA7590679BE63135B2EE279.d.1A6FE19012F8AB5C9F538ADBA7CCACD1.e.4946/click - {}
RESULT: {}
COMMAND: GET /session/20485257cd2cf638b78b11c842821675/screenshot - {}
RESULT: {}
COMMAND: POST /session/20485257cd2cf638b78b11c842821675/elements - {"using":"xpath","value":"//span[text()='Error']"}
RESULT: {"using":"xpath","value":"//span[text()='Error']"}
RESULT: undefined
COMMAND: POST /session/20485257cd2cf638b78b11c842821675/element - {"using":"xpath","value":"//*[@id=\"__tile107\"]"}
RESULT: {"using":"xpath","value":"//*[@id=\"__tile107\"]"}
COMMAND: POST /session/20485257cd2cf638b78b11c842821675/element/f.0907B7B6EEA7590679BE63135B2EE279.d.1A6FE19012F8AB5C9F538ADBA7CCACD1.e.4946/click - {}
RESULT: undefined
COMMAND: POST /session/20485257cd2cf638b78b11c842821675/element - {"using":"xpath","value":"//*[@id=\"__tile107\"]"}
RESULT: {"using":"xpath","value":"//*[@id=\"__tile107\"]"}
COMMAND: POST /session/20485257cd2cf638b78b11c842821675/element/f.0907B7B6EEA7590679BE63135B2EE279.d.1A6FE19012F8AB5C9F538ADBA7CCACD1.e.4946/click - {}
RESULT: undefined
COMMAND: POST /session/20485257cd2cf638b78b11c842821675/execute/async - {"script":"<script> [6424 bytes]","args":[{"element-6066-11e4-a52e-4f735466cecf":"f.0907B7B6EEA7590679BE63135B2EE279.d.1A6FE19012F8AB5C9F538ADBA7CCACD1.e.289"},"getTitle",[]]}
COMMAND: POST /session/20485257cd2cf638b78b11c842821675/execute/async - {"script":"<script> [1562 bytes]","args":[{"selector":{"id":"shellAppTitle"},"wdio_ui5_key":"shellAppTitle"}]}
RESULT: {"script":"<script> [1562 bytes]","args":[{"selector":{"id":"shellAppTitle"},"wdio_ui5_key":"shellAppTitle"}]}
COMMAND: POST /session/20485257cd2cf638b78b11c842821675/execute/async - {"script":"<script> [6424 bytes]","args":[{"element-6066-11e4-a52e-4f735466cecf":"f.0907B7B6EEA7590679BE63135B2EE279.d.1A6FE19012F8AB5C9F538ADBA7CCACD1.e.5148"},"getTitle",[]]}
RESULT: {"script":"<script> [6424 bytes]","args":[{"element-6066-11e4-a52e-4f735466cecf":"f.0907B7B6EEA7590679BE63135B2EE279.d.1A6FE19012F8AB5C9F538ADBA7CCACD1.e.5148"},"getTitle",[]]}
RESULT: undefined
COMMAND: POST /session/20485257cd2cf638b78b11c842821675/element/f.0907B7B6EEA7590679BE63135B2EE279.d.1A6FE19012F8AB5C9F538ADBA7CCACD1.e.4647/click - {}
COMMAND: POST /session/20485257cd2cf638b78b11c842821675/element - {"using":"xpath","value":"//*[@id=\"backBtn\"]"}
RESULT: {"using":"xpath","value":"//*[@id=\"backBtn\"]"}
COMMAND: POST /session/20485257cd2cf638b78b11c842821675/element/f.0907B7B6EEA7590679BE63135B2EE279.d.1A6FE19012F8AB5C9F538ADBA7CCACD1.e.4647/click - {}
COMMAND: POST /session/20485257cd2cf638b78b11c842821675/element - {"using":"xpath","value":"//*[@id=\"backBtn\"]"}
RESULT: {"using":"xpath","value":"//*[@id=\"backBtn\"]"}
COMMAND: POST /session/20485257cd2cf638b78b11c842821675/element/f.0907B7B6EEA7590679BE63135B2EE279.d.1A6FE19012F8AB5C9F538ADBA7CCACD1.e.5149/click - {}
RESULT: {}
COMMAND: GET /session/20485257cd2cf638b78b11c842821675/screenshot - {}
RESULT: {}
]]></system-out>
    </testcase>
    <testcase classname="chrome.136_0_7103_93.windows.Sanity_Tests_US104253" name="Should open Configure System page" time="40.773">
      <system-out><![CDATA[
COMMAND: POST /session/20485257cd2cf638b78b11c842821675/execute/async - {"script":"<script> [1562 bytes]","args":[{"selector":{"controlType":"sap.m.GenericTile","properties":{"header":"Configure System"}},"wdio_ui5_key":"sapm.GenericTile{\"header\":\"Configure System\"}"}]}
RESULT: {"script":"<script> [1562 bytes]","args":[{"selector":{"controlType":"sap.m.GenericTile","properties":{"header":"Configure System"}},"wdio_ui5_key":"sapm.GenericTile{\"header\":\"Configure System\"}"}]}
RESULT: undefined
COMMAND: POST /session/20485257cd2cf638b78b11c842821675/element - {"using":"xpath","value":"//*[@id=\"__tile114\"]"}
RESULT: {"using":"xpath","value":"//*[@id=\"__tile114\"]"}
COMMAND: POST /session/20485257cd2cf638b78b11c842821675/element/f.0907B7B6EEA7590679BE63135B2EE279.d.1A6FE19012F8AB5C9F538ADBA7CCACD1.e.5151/click - {}
RESULT: {}
COMMAND: GET /session/20485257cd2cf638b78b11c842821675/screenshot - {}
RESULT: {}
COMMAND: POST /session/20485257cd2cf638b78b11c842821675/elements - {"using":"xpath","value":"//span[text()='Error']"}
RESULT: {"using":"xpath","value":"//span[text()='Error']"}
RESULT: undefined
COMMAND: POST /session/20485257cd2cf638b78b11c842821675/element - {"using":"xpath","value":"//*[@id=\"__tile114\"]"}
RESULT: {"using":"xpath","value":"//*[@id=\"__tile114\"]"}
COMMAND: POST /session/20485257cd2cf638b78b11c842821675/element/f.0907B7B6EEA7590679BE63135B2EE279.d.1A6FE19012F8AB5C9F538ADBA7CCACD1.e.5151/click - {}
RESULT: undefined
COMMAND: POST /session/20485257cd2cf638b78b11c842821675/element - {"using":"xpath","value":"//*[@id=\"__tile114\"]"}
RESULT: {"using":"xpath","value":"//*[@id=\"__tile114\"]"}
COMMAND: POST /session/20485257cd2cf638b78b11c842821675/element/f.0907B7B6EEA7590679BE63135B2EE279.d.1A6FE19012F8AB5C9F538ADBA7CCACD1.e.5151/click - {}
RESULT: undefined
COMMAND: POST /session/20485257cd2cf638b78b11c842821675/execute/async - {"script":"<script> [6424 bytes]","args":[{"element-6066-11e4-a52e-4f735466cecf":"f.0907B7B6EEA7590679BE63135B2EE279.d.1A6FE19012F8AB5C9F538ADBA7CCACD1.e.289"},"getTitle",[]]}
COMMAND: POST /session/20485257cd2cf638b78b11c842821675/execute/async - {"script":"<script> [1562 bytes]","args":[{"selector":{"id":"shellAppTitle"},"wdio_ui5_key":"shellAppTitle"}]}
RESULT: {"script":"<script> [1562 bytes]","args":[{"selector":{"id":"shellAppTitle"},"wdio_ui5_key":"shellAppTitle"}]}
COMMAND: POST /session/20485257cd2cf638b78b11c842821675/execute/async - {"script":"<script> [6424 bytes]","args":[{"element-6066-11e4-a52e-4f735466cecf":"f.0907B7B6EEA7590679BE63135B2EE279.d.1A6FE19012F8AB5C9F538ADBA7CCACD1.e.5193"},"getTitle",[]]}
RESULT: {"script":"<script> [6424 bytes]","args":[{"element-6066-11e4-a52e-4f735466cecf":"f.0907B7B6EEA7590679BE63135B2EE279.d.1A6FE19012F8AB5C9F538ADBA7CCACD1.e.5193"},"getTitle",[]]}
RESULT: undefined
COMMAND: POST /session/20485257cd2cf638b78b11c842821675/element/f.0907B7B6EEA7590679BE63135B2EE279.d.1A6FE19012F8AB5C9F538ADBA7CCACD1.e.5149/click - {}
RESULT: {}
COMMAND: GET /session/20485257cd2cf638b78b11c842821675/screenshot - {}
RESULT: {}
]]></system-out>
    </testcase>
    <testcase classname="chrome.136_0_7103_93.windows.Sanity_Tests_US104253" name="Should open Manage Classifications page" time="37.262">
      <system-out><![CDATA[
COMMAND: POST /session/20485257cd2cf638b78b11c842821675/execute/async - {"script":"<script> [1562 bytes]","args":[{"selector":{"controlType":"sap.m.GenericTile","properties":{"header":"Manage Classifications"}},"wdio_ui5_key":"sapm.GenericTile{\"header\":\"Manage Classifications\"}"}]}
RESULT: {"script":"<script> [1562 bytes]","args":[{"selector":{"controlType":"sap.m.GenericTile","properties":{"header":"Manage Classifications"}},"wdio_ui5_key":"sapm.GenericTile{\"header\":\"Manage Classifications\"}"}]}
RESULT: undefined
COMMAND: POST /session/20485257cd2cf638b78b11c842821675/element - {"using":"xpath","value":"//*[@id=\"__tile115\"]"}
RESULT: {"using":"xpath","value":"//*[@id=\"__tile115\"]"}
COMMAND: POST /session/20485257cd2cf638b78b11c842821675/element/f.0907B7B6EEA7590679BE63135B2EE279.d.1A6FE19012F8AB5C9F538ADBA7CCACD1.e.5196/click - {}
RESULT: {}
COMMAND: GET /session/20485257cd2cf638b78b11c842821675/screenshot - {}
RESULT: {}
COMMAND: POST /session/20485257cd2cf638b78b11c842821675/elements - {"using":"xpath","value":"//span[text()='Error']"}
RESULT: {"using":"xpath","value":"//span[text()='Error']"}
RESULT: undefined
COMMAND: POST /session/20485257cd2cf638b78b11c842821675/element - {"using":"xpath","value":"//*[@id=\"__tile115\"]"}
RESULT: {"using":"xpath","value":"//*[@id=\"__tile115\"]"}
COMMAND: POST /session/20485257cd2cf638b78b11c842821675/element/f.0907B7B6EEA7590679BE63135B2EE279.d.1A6FE19012F8AB5C9F538ADBA7CCACD1.e.5196/click - {}
RESULT: undefined
COMMAND: POST /session/20485257cd2cf638b78b11c842821675/element - {"using":"xpath","value":"//*[@id=\"__tile115\"]"}
RESULT: {"using":"xpath","value":"//*[@id=\"__tile115\"]"}
COMMAND: POST /session/20485257cd2cf638b78b11c842821675/element/f.0907B7B6EEA7590679BE63135B2EE279.d.1A6FE19012F8AB5C9F538ADBA7CCACD1.e.5196/click - {}
RESULT: undefined
COMMAND: POST /session/20485257cd2cf638b78b11c842821675/execute/async - {"script":"<script> [6424 bytes]","args":[{"element-6066-11e4-a52e-4f735466cecf":"f.0907B7B6EEA7590679BE63135B2EE279.d.1A6FE19012F8AB5C9F538ADBA7CCACD1.e.289"},"getTitle",[]]}
COMMAND: POST /session/20485257cd2cf638b78b11c842821675/execute/async - {"script":"<script> [1562 bytes]","args":[{"selector":{"id":"shellAppTitle"},"wdio_ui5_key":"shellAppTitle"}]}
RESULT: {"script":"<script> [1562 bytes]","args":[{"selector":{"id":"shellAppTitle"},"wdio_ui5_key":"shellAppTitle"}]}
COMMAND: POST /session/20485257cd2cf638b78b11c842821675/execute/async - {"script":"<script> [6424 bytes]","args":[{"element-6066-11e4-a52e-4f735466cecf":"f.0907B7B6EEA7590679BE63135B2EE279.d.1A6FE19012F8AB5C9F538ADBA7CCACD1.e.5462"},"getTitle",[]]}
RESULT: {"script":"<script> [6424 bytes]","args":[{"element-6066-11e4-a52e-4f735466cecf":"f.0907B7B6EEA7590679BE63135B2EE279.d.1A6FE19012F8AB5C9F538ADBA7CCACD1.e.5462"},"getTitle",[]]}
RESULT: undefined
COMMAND: POST /session/20485257cd2cf638b78b11c842821675/element/f.0907B7B6EEA7590679BE63135B2EE279.d.1A6FE19012F8AB5C9F538ADBA7CCACD1.e.5149/click - {}
COMMAND: POST /session/20485257cd2cf638b78b11c842821675/element - {"using":"xpath","value":"//*[@id=\"backBtn\"]"}
RESULT: {"using":"xpath","value":"//*[@id=\"backBtn\"]"}
COMMAND: POST /session/20485257cd2cf638b78b11c842821675/element/f.0907B7B6EEA7590679BE63135B2EE279.d.1A6FE19012F8AB5C9F538ADBA7CCACD1.e.5149/click - {}
COMMAND: POST /session/20485257cd2cf638b78b11c842821675/element - {"using":"xpath","value":"//*[@id=\"backBtn\"]"}
RESULT: {"using":"xpath","value":"//*[@id=\"backBtn\"]"}
COMMAND: POST /session/20485257cd2cf638b78b11c842821675/element/f.0907B7B6EEA7590679BE63135B2EE279.d.1A6FE19012F8AB5C9F538ADBA7CCACD1.e.5463/click - {}
RESULT: {}
COMMAND: GET /session/20485257cd2cf638b78b11c842821675/screenshot - {}
RESULT: {}
]]></system-out>
    </testcase>
    <testcase classname="chrome.136_0_7103_93.windows.Sanity_Tests_US104253" name="Should open Data Explorer page" time="37.405">
      <system-out><![CDATA[
COMMAND: POST /session/20485257cd2cf638b78b11c842821675/execute/async - {"script":"<script> [1562 bytes]","args":[{"selector":{"controlType":"sap.m.GenericTile","properties":{"header":"Data Explorer"}},"wdio_ui5_key":"sapm.GenericTile{\"header\":\"Data Explorer\"}"}]}
RESULT: {"script":"<script> [1562 bytes]","args":[{"selector":{"controlType":"sap.m.GenericTile","properties":{"header":"Data Explorer"}},"wdio_ui5_key":"sapm.GenericTile{\"header\":\"Data Explorer\"}"}]}
RESULT: undefined
COMMAND: POST /session/20485257cd2cf638b78b11c842821675/element - {"using":"xpath","value":"//*[@id=\"__tile117\"]"}
RESULT: {"using":"xpath","value":"//*[@id=\"__tile117\"]"}
COMMAND: POST /session/20485257cd2cf638b78b11c842821675/element/f.0907B7B6EEA7590679BE63135B2EE279.d.1A6FE19012F8AB5C9F538ADBA7CCACD1.e.5465/click - {}
RESULT: {}
COMMAND: GET /session/20485257cd2cf638b78b11c842821675/screenshot - {}
RESULT: {}
COMMAND: POST /session/20485257cd2cf638b78b11c842821675/elements - {"using":"xpath","value":"//span[text()='Error']"}
RESULT: {"using":"xpath","value":"//span[text()='Error']"}
RESULT: undefined
COMMAND: POST /session/20485257cd2cf638b78b11c842821675/element - {"using":"xpath","value":"//*[@id=\"__tile117\"]"}
RESULT: {"using":"xpath","value":"//*[@id=\"__tile117\"]"}
COMMAND: POST /session/20485257cd2cf638b78b11c842821675/element/f.0907B7B6EEA7590679BE63135B2EE279.d.1A6FE19012F8AB5C9F538ADBA7CCACD1.e.5465/click - {}
RESULT: undefined
COMMAND: POST /session/20485257cd2cf638b78b11c842821675/element - {"using":"xpath","value":"//*[@id=\"__tile117\"]"}
RESULT: {"using":"xpath","value":"//*[@id=\"__tile117\"]"}
COMMAND: POST /session/20485257cd2cf638b78b11c842821675/element/f.0907B7B6EEA7590679BE63135B2EE279.d.1A6FE19012F8AB5C9F538ADBA7CCACD1.e.5465/click - {}
RESULT: undefined
COMMAND: POST /session/20485257cd2cf638b78b11c842821675/execute/async - {"script":"<script> [6424 bytes]","args":[{"element-6066-11e4-a52e-4f735466cecf":"f.0907B7B6EEA7590679BE63135B2EE279.d.1A6FE19012F8AB5C9F538ADBA7CCACD1.e.289"},"getTitle",[]]}
COMMAND: POST /session/20485257cd2cf638b78b11c842821675/execute/async - {"script":"<script> [1562 bytes]","args":[{"selector":{"id":"shellAppTitle"},"wdio_ui5_key":"shellAppTitle"}]}
RESULT: {"script":"<script> [1562 bytes]","args":[{"selector":{"id":"shellAppTitle"},"wdio_ui5_key":"shellAppTitle"}]}
COMMAND: POST /session/20485257cd2cf638b78b11c842821675/execute/async - {"script":"<script> [6424 bytes]","args":[{"element-6066-11e4-a52e-4f735466cecf":"f.0907B7B6EEA7590679BE63135B2EE279.d.1A6FE19012F8AB5C9F538ADBA7CCACD1.e.5647"},"getTitle",[]]}
RESULT: {"script":"<script> [6424 bytes]","args":[{"element-6066-11e4-a52e-4f735466cecf":"f.0907B7B6EEA7590679BE63135B2EE279.d.1A6FE19012F8AB5C9F538ADBA7CCACD1.e.5647"},"getTitle",[]]}
RESULT: undefined
COMMAND: POST /session/20485257cd2cf638b78b11c842821675/element/f.0907B7B6EEA7590679BE63135B2EE279.d.1A6FE19012F8AB5C9F538ADBA7CCACD1.e.5463/click - {}
RESULT: {}
COMMAND: GET /session/20485257cd2cf638b78b11c842821675/screenshot - {}
RESULT: {}
]]></system-out>
    </testcase>
    <testcase classname="chrome.136_0_7103_93.windows.Sanity_Tests_US104253" name="Should open Performance Monitor page" time="43.768">
      <system-out><![CDATA[
COMMAND: POST /session/20485257cd2cf638b78b11c842821675/execute/async - {"script":"<script> [1562 bytes]","args":[{"selector":{"controlType":"sap.m.GenericTile","properties":{"header":"Performance Monitor"}},"wdio_ui5_key":"sapm.GenericTile{\"header\":\"Performance Monitor\"}"}]}
RESULT: {"script":"<script> [1562 bytes]","args":[{"selector":{"controlType":"sap.m.GenericTile","properties":{"header":"Performance Monitor"}},"wdio_ui5_key":"sapm.GenericTile{\"header\":\"Performance Monitor\"}"}]}
RESULT: undefined
COMMAND: POST /session/20485257cd2cf638b78b11c842821675/element - {"using":"xpath","value":"//*[@id=\"__tile116\"]"}
RESULT: {"using":"xpath","value":"//*[@id=\"__tile116\"]"}
COMMAND: POST /session/20485257cd2cf638b78b11c842821675/element/f.0907B7B6EEA7590679BE63135B2EE279.d.1A6FE19012F8AB5C9F538ADBA7CCACD1.e.5649/click - {}
RESULT: {}
COMMAND: GET /session/20485257cd2cf638b78b11c842821675/screenshot - {}
RESULT: {}
COMMAND: POST /session/20485257cd2cf638b78b11c842821675/elements - {"using":"xpath","value":"//span[text()='Error']"}
RESULT: {"using":"xpath","value":"//span[text()='Error']"}
RESULT: undefined
COMMAND: POST /session/20485257cd2cf638b78b11c842821675/element - {"using":"xpath","value":"//*[@id=\"__tile116\"]"}
RESULT: {"using":"xpath","value":"//*[@id=\"__tile116\"]"}
COMMAND: POST /session/20485257cd2cf638b78b11c842821675/element/f.0907B7B6EEA7590679BE63135B2EE279.d.1A6FE19012F8AB5C9F538ADBA7CCACD1.e.5649/click - {}
RESULT: undefined
COMMAND: POST /session/20485257cd2cf638b78b11c842821675/element - {"using":"xpath","value":"//*[@id=\"__tile116\"]"}
RESULT: {"using":"xpath","value":"//*[@id=\"__tile116\"]"}
COMMAND: POST /session/20485257cd2cf638b78b11c842821675/element/f.0907B7B6EEA7590679BE63135B2EE279.d.1A6FE19012F8AB5C9F538ADBA7CCACD1.e.5649/click - {}
RESULT: undefined
COMMAND: POST /session/20485257cd2cf638b78b11c842821675/execute/async - {"script":"<script> [6424 bytes]","args":[{"element-6066-11e4-a52e-4f735466cecf":"f.0907B7B6EEA7590679BE63135B2EE279.d.1A6FE19012F8AB5C9F538ADBA7CCACD1.e.289"},"getTitle",[]]}
COMMAND: POST /session/20485257cd2cf638b78b11c842821675/execute/async - {"script":"<script> [1562 bytes]","args":[{"selector":{"id":"shellAppTitle"},"wdio_ui5_key":"shellAppTitle"}]}
RESULT: {"script":"<script> [1562 bytes]","args":[{"selector":{"id":"shellAppTitle"},"wdio_ui5_key":"shellAppTitle"}]}
COMMAND: POST /session/20485257cd2cf638b78b11c842821675/execute/async - {"script":"<script> [6424 bytes]","args":[{"element-6066-11e4-a52e-4f735466cecf":"f.0907B7B6EEA7590679BE63135B2EE279.d.1A6FE19012F8AB5C9F538ADBA7CCACD1.e.5690"},"getTitle",[]]}
RESULT: {"script":"<script> [6424 bytes]","args":[{"element-6066-11e4-a52e-4f735466cecf":"f.0907B7B6EEA7590679BE63135B2EE279.d.1A6FE19012F8AB5C9F538ADBA7CCACD1.e.5690"},"getTitle",[]]}
RESULT: undefined
COMMAND: POST /session/20485257cd2cf638b78b11c842821675/element/f.0907B7B6EEA7590679BE63135B2EE279.d.1A6FE19012F8AB5C9F538ADBA7CCACD1.e.5463/click - {}
COMMAND: POST /session/20485257cd2cf638b78b11c842821675/element - {"using":"xpath","value":"//*[@id=\"backBtn\"]"}
RESULT: {"using":"xpath","value":"//*[@id=\"backBtn\"]"}
COMMAND: POST /session/20485257cd2cf638b78b11c842821675/element/f.0907B7B6EEA7590679BE63135B2EE279.d.1A6FE19012F8AB5C9F538ADBA7CCACD1.e.5463/click - {}
COMMAND: POST /session/20485257cd2cf638b78b11c842821675/element - {"using":"xpath","value":"//*[@id=\"backBtn\"]"}
RESULT: {"using":"xpath","value":"//*[@id=\"backBtn\"]"}
COMMAND: POST /session/20485257cd2cf638b78b11c842821675/element/f.0907B7B6EEA7590679BE63135B2EE279.d.1A6FE19012F8AB5C9F538ADBA7CCACD1.e.5691/click - {}
RESULT: {}
COMMAND: GET /session/20485257cd2cf638b78b11c842821675/screenshot - {}
RESULT: {}
]]></system-out>
    </testcase>
    <testcase classname="chrome.136_0_7103_93.windows.Sanity_Tests_US104253" name="Should open Organizational Model page" time="36.554">
      <system-out><![CDATA[
COMMAND: POST /session/20485257cd2cf638b78b11c842821675/execute/async - {"script":"<script> [1562 bytes]","args":[{"selector":{"controlType":"sap.m.GenericTile","properties":{"header":"Organizational Model"}},"wdio_ui5_key":"sapm.GenericTile{\"header\":\"Organizational Model\"}"}]}
RESULT: {"script":"<script> [1562 bytes]","args":[{"selector":{"controlType":"sap.m.GenericTile","properties":{"header":"Organizational Model"}},"wdio_ui5_key":"sapm.GenericTile{\"header\":\"Organizational Model\"}"}]}
RESULT: undefined
COMMAND: POST /session/20485257cd2cf638b78b11c842821675/element - {"using":"xpath","value":"//*[@id=\"__tile120\"]"}
RESULT: {"using":"xpath","value":"//*[@id=\"__tile120\"]"}
COMMAND: POST /session/20485257cd2cf638b78b11c842821675/element/f.0907B7B6EEA7590679BE63135B2EE279.d.1A6FE19012F8AB5C9F538ADBA7CCACD1.e.5694/click - {}
RESULT: {}
COMMAND: GET /session/20485257cd2cf638b78b11c842821675/screenshot - {}
RESULT: {}
COMMAND: POST /session/20485257cd2cf638b78b11c842821675/elements - {"using":"xpath","value":"//span[text()='Error']"}
RESULT: {"using":"xpath","value":"//span[text()='Error']"}
RESULT: undefined
COMMAND: POST /session/20485257cd2cf638b78b11c842821675/element - {"using":"xpath","value":"//*[@id=\"__tile120\"]"}
RESULT: {"using":"xpath","value":"//*[@id=\"__tile120\"]"}
COMMAND: POST /session/20485257cd2cf638b78b11c842821675/element/f.0907B7B6EEA7590679BE63135B2EE279.d.1A6FE19012F8AB5C9F538ADBA7CCACD1.e.5694/click - {}
RESULT: undefined
COMMAND: POST /session/20485257cd2cf638b78b11c842821675/element - {"using":"xpath","value":"//*[@id=\"__tile120\"]"}
RESULT: {"using":"xpath","value":"//*[@id=\"__tile120\"]"}
COMMAND: POST /session/20485257cd2cf638b78b11c842821675/element/f.0907B7B6EEA7590679BE63135B2EE279.d.1A6FE19012F8AB5C9F538ADBA7CCACD1.e.5694/click - {}
RESULT: undefined
COMMAND: POST /session/20485257cd2cf638b78b11c842821675/execute/async - {"script":"<script> [6424 bytes]","args":[{"element-6066-11e4-a52e-4f735466cecf":"f.0907B7B6EEA7590679BE63135B2EE279.d.1A6FE19012F8AB5C9F538ADBA7CCACD1.e.289"},"getTitle",[]]}
COMMAND: POST /session/20485257cd2cf638b78b11c842821675/execute/async - {"script":"<script> [1562 bytes]","args":[{"selector":{"id":"shellAppTitle"},"wdio_ui5_key":"shellAppTitle"}]}
RESULT: {"script":"<script> [1562 bytes]","args":[{"selector":{"id":"shellAppTitle"},"wdio_ui5_key":"shellAppTitle"}]}
COMMAND: POST /session/20485257cd2cf638b78b11c842821675/execute/async - {"script":"<script> [6424 bytes]","args":[{"element-6066-11e4-a52e-4f735466cecf":"f.0907B7B6EEA7590679BE63135B2EE279.d.1A6FE19012F8AB5C9F538ADBA7CCACD1.e.5711"},"getTitle",[]]}
RESULT: {"script":"<script> [6424 bytes]","args":[{"element-6066-11e4-a52e-4f735466cecf":"f.0907B7B6EEA7590679BE63135B2EE279.d.1A6FE19012F8AB5C9F538ADBA7CCACD1.e.5711"},"getTitle",[]]}
RESULT: undefined
COMMAND: POST /session/20485257cd2cf638b78b11c842821675/element/f.0907B7B6EEA7590679BE63135B2EE279.d.1A6FE19012F8AB5C9F538ADBA7CCACD1.e.5691/click - {}
RESULT: {}
COMMAND: GET /session/20485257cd2cf638b78b11c842821675/screenshot - {}
RESULT: {}
]]></system-out>
    </testcase>
    <testcase classname="chrome.136_0_7103_93.windows.Sanity_Tests_US104253" name="Should open Manage Roles page" time="36.401">
      <system-out><![CDATA[
COMMAND: POST /session/20485257cd2cf638b78b11c842821675/execute/async - {"script":"<script> [1562 bytes]","args":[{"selector":{"controlType":"sap.m.GenericTile","properties":{"header":"Manage Roles"}},"wdio_ui5_key":"sapm.GenericTile{\"header\":\"Manage Roles\"}"}]}
RESULT: {"script":"<script> [1562 bytes]","args":[{"selector":{"controlType":"sap.m.GenericTile","properties":{"header":"Manage Roles"}},"wdio_ui5_key":"sapm.GenericTile{\"header\":\"Manage Roles\"}"}]}
RESULT: undefined
COMMAND: POST /session/20485257cd2cf638b78b11c842821675/element - {"using":"xpath","value":"//*[@id=\"__tile119\"]"}
RESULT: {"using":"xpath","value":"//*[@id=\"__tile119\"]"}
COMMAND: POST /session/20485257cd2cf638b78b11c842821675/element/f.0907B7B6EEA7590679BE63135B2EE279.d.1A6FE19012F8AB5C9F538ADBA7CCACD1.e.5715/click - {}
RESULT: {}
COMMAND: GET /session/20485257cd2cf638b78b11c842821675/screenshot - {}
RESULT: {}
COMMAND: POST /session/20485257cd2cf638b78b11c842821675/elements - {"using":"xpath","value":"//span[text()='Error']"}
RESULT: {"using":"xpath","value":"//span[text()='Error']"}
RESULT: undefined
COMMAND: POST /session/20485257cd2cf638b78b11c842821675/element - {"using":"xpath","value":"//*[@id=\"__tile119\"]"}
RESULT: {"using":"xpath","value":"//*[@id=\"__tile119\"]"}
COMMAND: POST /session/20485257cd2cf638b78b11c842821675/element/f.0907B7B6EEA7590679BE63135B2EE279.d.1A6FE19012F8AB5C9F538ADBA7CCACD1.e.5715/click - {}
RESULT: undefined
COMMAND: POST /session/20485257cd2cf638b78b11c842821675/element - {"using":"xpath","value":"//*[@id=\"__tile119\"]"}
RESULT: {"using":"xpath","value":"//*[@id=\"__tile119\"]"}
COMMAND: POST /session/20485257cd2cf638b78b11c842821675/element/f.0907B7B6EEA7590679BE63135B2EE279.d.1A6FE19012F8AB5C9F538ADBA7CCACD1.e.5715/click - {}
RESULT: undefined
COMMAND: POST /session/20485257cd2cf638b78b11c842821675/execute/async - {"script":"<script> [6424 bytes]","args":[{"element-6066-11e4-a52e-4f735466cecf":"f.0907B7B6EEA7590679BE63135B2EE279.d.1A6FE19012F8AB5C9F538ADBA7CCACD1.e.289"},"getTitle",[]]}
COMMAND: POST /session/20485257cd2cf638b78b11c842821675/execute/async - {"script":"<script> [1562 bytes]","args":[{"selector":{"id":"shellAppTitle"},"wdio_ui5_key":"shellAppTitle"}]}
RESULT: {"script":"<script> [1562 bytes]","args":[{"selector":{"id":"shellAppTitle"},"wdio_ui5_key":"shellAppTitle"}]}
COMMAND: POST /session/20485257cd2cf638b78b11c842821675/execute/async - {"script":"<script> [6424 bytes]","args":[{"element-6066-11e4-a52e-4f735466cecf":"f.0907B7B6EEA7590679BE63135B2EE279.d.1A6FE19012F8AB5C9F538ADBA7CCACD1.e.5760"},"getTitle",[]]}
RESULT: {"script":"<script> [6424 bytes]","args":[{"element-6066-11e4-a52e-4f735466cecf":"f.0907B7B6EEA7590679BE63135B2EE279.d.1A6FE19012F8AB5C9F538ADBA7CCACD1.e.5760"},"getTitle",[]]}
RESULT: undefined
COMMAND: POST /session/20485257cd2cf638b78b11c842821675/element/f.0907B7B6EEA7590679BE63135B2EE279.d.1A6FE19012F8AB5C9F538ADBA7CCACD1.e.5691/click - {}
COMMAND: POST /session/20485257cd2cf638b78b11c842821675/element - {"using":"xpath","value":"//*[@id=\"backBtn\"]"}
RESULT: {"using":"xpath","value":"//*[@id=\"backBtn\"]"}
COMMAND: POST /session/20485257cd2cf638b78b11c842821675/element/f.0907B7B6EEA7590679BE63135B2EE279.d.1A6FE19012F8AB5C9F538ADBA7CCACD1.e.5691/click - {}
COMMAND: POST /session/20485257cd2cf638b78b11c842821675/element - {"using":"xpath","value":"//*[@id=\"backBtn\"]"}
RESULT: {"using":"xpath","value":"//*[@id=\"backBtn\"]"}
COMMAND: POST /session/20485257cd2cf638b78b11c842821675/element/f.0907B7B6EEA7590679BE63135B2EE279.d.1A6FE19012F8AB5C9F538ADBA7CCACD1.e.5761/click - {}
RESULT: {}
COMMAND: GET /session/20485257cd2cf638b78b11c842821675/screenshot - {}
RESULT: {}
]]></system-out>
    </testcase>
    <testcase classname="chrome.136_0_7103_93.windows.Sanity_Tests_US104253" name="Should open Authorization Tables page" time="38.695">
      <system-out><![CDATA[
COMMAND: POST /session/20485257cd2cf638b78b11c842821675/execute/async - {"script":"<script> [1562 bytes]","args":[{"selector":{"controlType":"sap.m.GenericTile","properties":{"header":"Authorization Tables"}},"wdio_ui5_key":"sapm.GenericTile{\"header\":\"Authorization Tables\"}"}]}
RESULT: {"script":"<script> [1562 bytes]","args":[{"selector":{"controlType":"sap.m.GenericTile","properties":{"header":"Authorization Tables"}},"wdio_ui5_key":"sapm.GenericTile{\"header\":\"Authorization Tables\"}"}]}
RESULT: undefined
COMMAND: POST /session/20485257cd2cf638b78b11c842821675/element - {"using":"xpath","value":"//*[@id=\"__tile118\"]"}
RESULT: {"using":"xpath","value":"//*[@id=\"__tile118\"]"}
COMMAND: POST /session/20485257cd2cf638b78b11c842821675/element/f.0907B7B6EEA7590679BE63135B2EE279.d.1A6FE19012F8AB5C9F538ADBA7CCACD1.e.5763/click - {}
RESULT: {}
COMMAND: GET /session/20485257cd2cf638b78b11c842821675/screenshot - {}
RESULT: {}
COMMAND: POST /session/20485257cd2cf638b78b11c842821675/elements - {"using":"xpath","value":"//span[text()='Error']"}
RESULT: {"using":"xpath","value":"//span[text()='Error']"}
RESULT: undefined
COMMAND: POST /session/20485257cd2cf638b78b11c842821675/element - {"using":"xpath","value":"//*[@id=\"__tile118\"]"}
RESULT: {"using":"xpath","value":"//*[@id=\"__tile118\"]"}
COMMAND: POST /session/20485257cd2cf638b78b11c842821675/element/f.0907B7B6EEA7590679BE63135B2EE279.d.1A6FE19012F8AB5C9F538ADBA7CCACD1.e.5763/click - {}
RESULT: undefined
COMMAND: POST /session/20485257cd2cf638b78b11c842821675/element - {"using":"xpath","value":"//*[@id=\"__tile118\"]"}
RESULT: {"using":"xpath","value":"//*[@id=\"__tile118\"]"}
COMMAND: POST /session/20485257cd2cf638b78b11c842821675/element/f.0907B7B6EEA7590679BE63135B2EE279.d.1A6FE19012F8AB5C9F538ADBA7CCACD1.e.5763/click - {}
RESULT: undefined
COMMAND: POST /session/20485257cd2cf638b78b11c842821675/execute/async - {"script":"<script> [6424 bytes]","args":[{"element-6066-11e4-a52e-4f735466cecf":"f.0907B7B6EEA7590679BE63135B2EE279.d.1A6FE19012F8AB5C9F538ADBA7CCACD1.e.289"},"getTitle",[]]}
COMMAND: POST /session/20485257cd2cf638b78b11c842821675/execute/async - {"script":"<script> [1562 bytes]","args":[{"selector":{"id":"shellAppTitle"},"wdio_ui5_key":"shellAppTitle"}]}
RESULT: {"script":"<script> [1562 bytes]","args":[{"selector":{"id":"shellAppTitle"},"wdio_ui5_key":"shellAppTitle"}]}
COMMAND: POST /session/20485257cd2cf638b78b11c842821675/execute/async - {"script":"<script> [6424 bytes]","args":[{"element-6066-11e4-a52e-4f735466cecf":"f.0907B7B6EEA7590679BE63135B2EE279.d.1A6FE19012F8AB5C9F538ADBA7CCACD1.e.5847"},"getTitle",[]]}
RESULT: {"script":"<script> [6424 bytes]","args":[{"element-6066-11e4-a52e-4f735466cecf":"f.0907B7B6EEA7590679BE63135B2EE279.d.1A6FE19012F8AB5C9F538ADBA7CCACD1.e.5847"},"getTitle",[]]}
RESULT: undefined
COMMAND: POST /session/20485257cd2cf638b78b11c842821675/element/f.0907B7B6EEA7590679BE63135B2EE279.d.1A6FE19012F8AB5C9F538ADBA7CCACD1.e.5761/click - {}
RESULT: {}
COMMAND: GET /session/20485257cd2cf638b78b11c842821675/screenshot - {}
RESULT: {}
]]></system-out>
    </testcase>
    <testcase classname="chrome.136_0_7103_93.windows.Sanity_Tests_US104253" name="Should open User Maintenance page" time="43.698">
      <system-out><![CDATA[
COMMAND: POST /session/20485257cd2cf638b78b11c842821675/execute/async - {"script":"<script> [1562 bytes]","args":[{"selector":{"controlType":"sap.m.GenericTile","properties":{"header":"User Maintenance"}},"wdio_ui5_key":"sapm.GenericTile{\"header\":\"User Maintenance\"}"}]}
RESULT: {"script":"<script> [1562 bytes]","args":[{"selector":{"controlType":"sap.m.GenericTile","properties":{"header":"User Maintenance"}},"wdio_ui5_key":"sapm.GenericTile{\"header\":\"User Maintenance\"}"}]}
RESULT: undefined
COMMAND: POST /session/20485257cd2cf638b78b11c842821675/element - {"using":"xpath","value":"//*[@id=\"__tile121\"]"}
RESULT: {"using":"xpath","value":"//*[@id=\"__tile121\"]"}
COMMAND: POST /session/20485257cd2cf638b78b11c842821675/element/f.0907B7B6EEA7590679BE63135B2EE279.d.1A6FE19012F8AB5C9F538ADBA7CCACD1.e.5849/click - {}
RESULT: {}
COMMAND: GET /session/20485257cd2cf638b78b11c842821675/screenshot - {}
RESULT: {}
COMMAND: POST /session/20485257cd2cf638b78b11c842821675/elements - {"using":"xpath","value":"//span[text()='Error']"}
RESULT: {"using":"xpath","value":"//span[text()='Error']"}
RESULT: undefined
COMMAND: POST /session/20485257cd2cf638b78b11c842821675/element - {"using":"xpath","value":"//*[@id=\"__tile121\"]"}
RESULT: {"using":"xpath","value":"//*[@id=\"__tile121\"]"}
COMMAND: POST /session/20485257cd2cf638b78b11c842821675/element/f.0907B7B6EEA7590679BE63135B2EE279.d.1A6FE19012F8AB5C9F538ADBA7CCACD1.e.5849/click - {}
RESULT: undefined
COMMAND: POST /session/20485257cd2cf638b78b11c842821675/element - {"using":"xpath","value":"//*[@id=\"__tile121\"]"}
RESULT: {"using":"xpath","value":"//*[@id=\"__tile121\"]"}
COMMAND: POST /session/20485257cd2cf638b78b11c842821675/element/f.0907B7B6EEA7590679BE63135B2EE279.d.1A6FE19012F8AB5C9F538ADBA7CCACD1.e.5849/click - {}
RESULT: undefined
COMMAND: POST /session/20485257cd2cf638b78b11c842821675/execute/async - {"script":"<script> [6424 bytes]","args":[{"element-6066-11e4-a52e-4f735466cecf":"f.0907B7B6EEA7590679BE63135B2EE279.d.1A6FE19012F8AB5C9F538ADBA7CCACD1.e.289"},"getTitle",[]]}
COMMAND: POST /session/20485257cd2cf638b78b11c842821675/execute/async - {"script":"<script> [1562 bytes]","args":[{"selector":{"id":"shellAppTitle"},"wdio_ui5_key":"shellAppTitle"}]}
RESULT: {"script":"<script> [1562 bytes]","args":[{"selector":{"id":"shellAppTitle"},"wdio_ui5_key":"shellAppTitle"}]}
COMMAND: POST /session/20485257cd2cf638b78b11c842821675/execute/async - {"script":"<script> [6424 bytes]","args":[{"element-6066-11e4-a52e-4f735466cecf":"f.0907B7B6EEA7590679BE63135B2EE279.d.1A6FE19012F8AB5C9F538ADBA7CCACD1.e.5937"},"getTitle",[]]}
RESULT: {"script":"<script> [6424 bytes]","args":[{"element-6066-11e4-a52e-4f735466cecf":"f.0907B7B6EEA7590679BE63135B2EE279.d.1A6FE19012F8AB5C9F538ADBA7CCACD1.e.5937"},"getTitle",[]]}
RESULT: undefined
COMMAND: POST /session/20485257cd2cf638b78b11c842821675/element/f.0907B7B6EEA7590679BE63135B2EE279.d.1A6FE19012F8AB5C9F538ADBA7CCACD1.e.5761/click - {}
COMMAND: POST /session/20485257cd2cf638b78b11c842821675/element - {"using":"xpath","value":"//*[@id=\"backBtn\"]"}
RESULT: {"using":"xpath","value":"//*[@id=\"backBtn\"]"}
COMMAND: POST /session/20485257cd2cf638b78b11c842821675/element/f.0907B7B6EEA7590679BE63135B2EE279.d.1A6FE19012F8AB5C9F538ADBA7CCACD1.e.5761/click - {}
COMMAND: POST /session/20485257cd2cf638b78b11c842821675/element - {"using":"xpath","value":"//*[@id=\"backBtn\"]"}
RESULT: {"using":"xpath","value":"//*[@id=\"backBtn\"]"}
COMMAND: POST /session/20485257cd2cf638b78b11c842821675/element/f.0907B7B6EEA7590679BE63135B2EE279.d.1A6FE19012F8AB5C9F538ADBA7CCACD1.e.5938/click - {}
RESULT: {}
COMMAND: GET /session/20485257cd2cf638b78b11c842821675/screenshot - {}
RESULT: {}
]]></system-out>
    </testcase>
    <testcase classname="chrome.136_0_7103_93.windows.Sanity_Tests_US104253" name="Should open Schedule Jobs page" time="37.304">
      <system-out><![CDATA[
COMMAND: POST /session/20485257cd2cf638b78b11c842821675/execute/async - {"script":"<script> [1562 bytes]","args":[{"selector":{"controlType":"sap.m.GenericTile","properties":{"header":"Schedule Jobs"}},"wdio_ui5_key":"sapm.GenericTile{\"header\":\"Schedule Jobs\"}"}]}
RESULT: {"script":"<script> [1562 bytes]","args":[{"selector":{"controlType":"sap.m.GenericTile","properties":{"header":"Schedule Jobs"}},"wdio_ui5_key":"sapm.GenericTile{\"header\":\"Schedule Jobs\"}"}]}
RESULT: undefined
COMMAND: POST /session/20485257cd2cf638b78b11c842821675/element - {"using":"xpath","value":"//*[@id=\"__tile127\"]"}
RESULT: {"using":"xpath","value":"//*[@id=\"__tile127\"]"}
COMMAND: POST /session/20485257cd2cf638b78b11c842821675/element/f.0907B7B6EEA7590679BE63135B2EE279.d.1A6FE19012F8AB5C9F538ADBA7CCACD1.e.5940/click - {}
RESULT: {}
COMMAND: GET /session/20485257cd2cf638b78b11c842821675/screenshot - {}
RESULT: {}
COMMAND: POST /session/20485257cd2cf638b78b11c842821675/elements - {"using":"xpath","value":"//span[text()='Error']"}
RESULT: {"using":"xpath","value":"//span[text()='Error']"}
RESULT: undefined
COMMAND: POST /session/20485257cd2cf638b78b11c842821675/element - {"using":"xpath","value":"//*[@id=\"__tile127\"]"}
RESULT: {"using":"xpath","value":"//*[@id=\"__tile127\"]"}
COMMAND: POST /session/20485257cd2cf638b78b11c842821675/element/f.0907B7B6EEA7590679BE63135B2EE279.d.1A6FE19012F8AB5C9F538ADBA7CCACD1.e.5940/click - {}
RESULT: undefined
COMMAND: POST /session/20485257cd2cf638b78b11c842821675/element - {"using":"xpath","value":"//*[@id=\"__tile127\"]"}
RESULT: {"using":"xpath","value":"//*[@id=\"__tile127\"]"}
COMMAND: POST /session/20485257cd2cf638b78b11c842821675/element/f.0907B7B6EEA7590679BE63135B2EE279.d.1A6FE19012F8AB5C9F538ADBA7CCACD1.e.5940/click - {}
RESULT: undefined
COMMAND: POST /session/20485257cd2cf638b78b11c842821675/execute/async - {"script":"<script> [6424 bytes]","args":[{"element-6066-11e4-a52e-4f735466cecf":"f.0907B7B6EEA7590679BE63135B2EE279.d.1A6FE19012F8AB5C9F538ADBA7CCACD1.e.289"},"getTitle",[]]}
COMMAND: POST /session/20485257cd2cf638b78b11c842821675/execute/async - {"script":"<script> [1562 bytes]","args":[{"selector":{"id":"shellAppTitle"},"wdio_ui5_key":"shellAppTitle"}]}
RESULT: {"script":"<script> [1562 bytes]","args":[{"selector":{"id":"shellAppTitle"},"wdio_ui5_key":"shellAppTitle"}]}
COMMAND: POST /session/20485257cd2cf638b78b11c842821675/execute/async - {"script":"<script> [6424 bytes]","args":[{"element-6066-11e4-a52e-4f735466cecf":"f.0907B7B6EEA7590679BE63135B2EE279.d.1A6FE19012F8AB5C9F538ADBA7CCACD1.e.5985"},"getTitle",[]]}
RESULT: {"script":"<script> [6424 bytes]","args":[{"element-6066-11e4-a52e-4f735466cecf":"f.0907B7B6EEA7590679BE63135B2EE279.d.1A6FE19012F8AB5C9F538ADBA7CCACD1.e.5985"},"getTitle",[]]}
RESULT: undefined
COMMAND: POST /session/20485257cd2cf638b78b11c842821675/element/f.0907B7B6EEA7590679BE63135B2EE279.d.1A6FE19012F8AB5C9F538ADBA7CCACD1.e.5938/click - {}
COMMAND: POST /session/20485257cd2cf638b78b11c842821675/element/f.0907B7B6EEA7590679BE63135B2EE279.d.1A6FE19012F8AB5C9F538ADBA7CCACD1.e.5938/click - {}
RESULT: {}
COMMAND: GET /session/20485257cd2cf638b78b11c842821675/screenshot - {}
COMMAND: POST /session/20485257cd2cf638b78b11c842821675/element - {"using":"xpath","value":"//*[@id=\"backBtn\"]"}
RESULT: {}
RESULT: {"using":"xpath","value":"//*[@id=\"backBtn\"]"}
COMMAND: POST /session/20485257cd2cf638b78b11c842821675/elements - {"using":"xpath","value":"//*[@id=\"backBtn\"]"}
RESULT: {"using":"xpath","value":"//*[@id=\"backBtn\"]"}
COMMAND: POST /session/20485257cd2cf638b78b11c842821675/elements - {"using":"xpath","value":"//*[@id=\"backBtn\"]"}
RESULT: {"using":"xpath","value":"//*[@id=\"backBtn\"]"}
COMMAND: POST /session/20485257cd2cf638b78b11c842821675/elements - {"using":"xpath","value":"//*[@id=\"backBtn\"]"}
RESULT: {"using":"xpath","value":"//*[@id=\"backBtn\"]"}
COMMAND: POST /session/20485257cd2cf638b78b11c842821675/elements - {"using":"xpath","value":"//*[@id=\"backBtn\"]"}
RESULT: {"using":"xpath","value":"//*[@id=\"backBtn\"]"}
COMMAND: POST /session/20485257cd2cf638b78b11c842821675/elements - {"using":"xpath","value":"//*[@id=\"backBtn\"]"}
RESULT: {"using":"xpath","value":"//*[@id=\"backBtn\"]"}
COMMAND: POST /session/20485257cd2cf638b78b11c842821675/elements - {"using":"xpath","value":"//*[@id=\"backBtn\"]"}
RESULT: {"using":"xpath","value":"//*[@id=\"backBtn\"]"}
COMMAND: POST /session/20485257cd2cf638b78b11c842821675/elements - {"using":"xpath","value":"//*[@id=\"backBtn\"]"}
RESULT: {"using":"xpath","value":"//*[@id=\"backBtn\"]"}
COMMAND: POST /session/20485257cd2cf638b78b11c842821675/elements - {"using":"xpath","value":"//*[@id=\"backBtn\"]"}
RESULT: {"using":"xpath","value":"//*[@id=\"backBtn\"]"}
COMMAND: POST /session/20485257cd2cf638b78b11c842821675/elements - {"using":"xpath","value":"//*[@id=\"backBtn\"]"}
RESULT: {"using":"xpath","value":"//*[@id=\"backBtn\"]"}
COMMAND: POST /session/20485257cd2cf638b78b11c842821675/elements - {"using":"xpath","value":"//*[@id=\"backBtn\"]"}
RESULT: {"using":"xpath","value":"//*[@id=\"backBtn\"]"}
COMMAND: POST /session/20485257cd2cf638b78b11c842821675/elements - {"using":"xpath","value":"//*[@id=\"backBtn\"]"}
RESULT: {"using":"xpath","value":"//*[@id=\"backBtn\"]"}
COMMAND: POST /session/20485257cd2cf638b78b11c842821675/elements - {"using":"xpath","value":"//*[@id=\"backBtn\"]"}
RESULT: {"using":"xpath","value":"//*[@id=\"backBtn\"]"}
COMMAND: POST /session/20485257cd2cf638b78b11c842821675/elements - {"using":"xpath","value":"//*[@id=\"backBtn\"]"}
RESULT: {"using":"xpath","value":"//*[@id=\"backBtn\"]"}
COMMAND: POST /session/20485257cd2cf638b78b11c842821675/elements - {"using":"xpath","value":"//*[@id=\"backBtn\"]"}
RESULT: {"using":"xpath","value":"//*[@id=\"backBtn\"]"}
COMMAND: POST /session/20485257cd2cf638b78b11c842821675/elements - {"using":"xpath","value":"//*[@id=\"backBtn\"]"}
RESULT: {"using":"xpath","value":"//*[@id=\"backBtn\"]"}
COMMAND: POST /session/20485257cd2cf638b78b11c842821675/elements - {"using":"xpath","value":"//*[@id=\"backBtn\"]"}
RESULT: {"using":"xpath","value":"//*[@id=\"backBtn\"]"}
COMMAND: POST /session/20485257cd2cf638b78b11c842821675/elements - {"using":"xpath","value":"//*[@id=\"backBtn\"]"}
RESULT: {"using":"xpath","value":"//*[@id=\"backBtn\"]"}
COMMAND: POST /session/20485257cd2cf638b78b11c842821675/elements - {"using":"xpath","value":"//*[@id=\"backBtn\"]"}
RESULT: {"using":"xpath","value":"//*[@id=\"backBtn\"]"}
COMMAND: POST /session/20485257cd2cf638b78b11c842821675/elements - {"using":"xpath","value":"//*[@id=\"backBtn\"]"}
RESULT: {"using":"xpath","value":"//*[@id=\"backBtn\"]"}
]]></system-out>
    </testcase>
    <testcase classname="chrome.136_0_7103_93.windows.Sanity_Tests_US104253" name="Should open Jobs Setup page" time="37.273">
      <system-out><![CDATA[
COMMAND: POST /session/20485257cd2cf638b78b11c842821675/execute/async - {"script":"<script> [1562 bytes]","args":[{"selector":{"controlType":"sap.m.GenericTile","properties":{"header":"Jobs Setup"}},"wdio_ui5_key":"sapm.GenericTile{\"header\":\"Jobs Setup\"}"}]}
COMMAND: POST /session/20485257cd2cf638b78b11c842821675/elements - {"using":"xpath","value":"//*[@id=\"backBtn\"]"}
RESULT: {"script":"<script> [1562 bytes]","args":[{"selector":{"controlType":"sap.m.GenericTile","properties":{"header":"Jobs Setup"}},"wdio_ui5_key":"sapm.GenericTile{\"header\":\"Jobs Setup\"}"}]}
RESULT: undefined
COMMAND: POST /session/20485257cd2cf638b78b11c842821675/element - {"using":"xpath","value":"//*[@id=\"__tile128\"]"}
RESULT: {"using":"xpath","value":"//*[@id=\"backBtn\"]"}
RESULT: {"using":"xpath","value":"//*[@id=\"__tile128\"]"}
COMMAND: POST /session/20485257cd2cf638b78b11c842821675/element/f.0907B7B6EEA7590679BE63135B2EE279.d.1A6FE19012F8AB5C9F538ADBA7CCACD1.e.5987/click - {}
COMMAND: POST /session/20485257cd2cf638b78b11c842821675/elements - {"using":"xpath","value":"//*[@id=\"backBtn\"]"}
RESULT: {}
COMMAND: GET /session/20485257cd2cf638b78b11c842821675/screenshot - {}
RESULT: {"using":"xpath","value":"//*[@id=\"backBtn\"]"}
RESULT: {}
COMMAND: POST /session/20485257cd2cf638b78b11c842821675/elements - {"using":"xpath","value":"//*[@id=\"backBtn\"]"}
RESULT: {"using":"xpath","value":"//*[@id=\"backBtn\"]"}
COMMAND: POST /session/20485257cd2cf638b78b11c842821675/element - {"using":"xpath","value":"//*[@id=\"backBtn\"]"}
RESULT: {"using":"xpath","value":"//*[@id=\"backBtn\"]"}
COMMAND: POST /session/20485257cd2cf638b78b11c842821675/element/f.0907B7B6EEA7590679BE63135B2EE279.d.1A6FE19012F8AB5C9F538ADBA7CCACD1.e.5938/click - {}
COMMAND: POST /session/20485257cd2cf638b78b11c842821675/element - {"using":"xpath","value":"//*[@id=\"backBtn\"]"}
RESULT: {"using":"xpath","value":"//*[@id=\"backBtn\"]"}
COMMAND: POST /session/20485257cd2cf638b78b11c842821675/element/f.0907B7B6EEA7590679BE63135B2EE279.d.1A6FE19012F8AB5C9F538ADBA7CCACD1.e.6043/click - {}
RESULT: {}
COMMAND: GET /session/20485257cd2cf638b78b11c842821675/screenshot - {}
RESULT: {}
COMMAND: POST /session/20485257cd2cf638b78b11c842821675/elements - {"using":"xpath","value":"//span[text()='Error']"}
RESULT: {"using":"xpath","value":"//span[text()='Error']"}
RESULT: undefined
COMMAND: POST /session/20485257cd2cf638b78b11c842821675/element - {"using":"xpath","value":"//*[@id=\"__tile128\"]"}
RESULT: {"using":"xpath","value":"//*[@id=\"__tile128\"]"}
COMMAND: POST /session/20485257cd2cf638b78b11c842821675/element/f.0907B7B6EEA7590679BE63135B2EE279.d.1A6FE19012F8AB5C9F538ADBA7CCACD1.e.5987/click - {}
RESULT: undefined
COMMAND: POST /session/20485257cd2cf638b78b11c842821675/element - {"using":"xpath","value":"//*[@id=\"__tile128\"]"}
RESULT: {"using":"xpath","value":"//*[@id=\"__tile128\"]"}
COMMAND: POST /session/20485257cd2cf638b78b11c842821675/element/f.0907B7B6EEA7590679BE63135B2EE279.d.1A6FE19012F8AB5C9F538ADBA7CCACD1.e.5987/click - {}
RESULT: undefined
COMMAND: POST /session/20485257cd2cf638b78b11c842821675/execute/async - {"script":"<script> [6424 bytes]","args":[{"element-6066-11e4-a52e-4f735466cecf":"f.0907B7B6EEA7590679BE63135B2EE279.d.1A6FE19012F8AB5C9F538ADBA7CCACD1.e.289"},"getTitle",[]]}
COMMAND: POST /session/20485257cd2cf638b78b11c842821675/execute/async - {"script":"<script> [1562 bytes]","args":[{"selector":{"id":"shellAppTitle"},"wdio_ui5_key":"shellAppTitle"}]}
RESULT: {"script":"<script> [1562 bytes]","args":[{"selector":{"id":"shellAppTitle"},"wdio_ui5_key":"shellAppTitle"}]}
COMMAND: POST /session/20485257cd2cf638b78b11c842821675/execute/async - {"script":"<script> [6424 bytes]","args":[{"element-6066-11e4-a52e-4f735466cecf":"f.0907B7B6EEA7590679BE63135B2EE279.d.1A6FE19012F8AB5C9F538ADBA7CCACD1.e.6172"},"getTitle",[]]}
RESULT: {"script":"<script> [6424 bytes]","args":[{"element-6066-11e4-a52e-4f735466cecf":"f.0907B7B6EEA7590679BE63135B2EE279.d.1A6FE19012F8AB5C9F538ADBA7CCACD1.e.6172"},"getTitle",[]]}
RESULT: undefined
COMMAND: POST /session/20485257cd2cf638b78b11c842821675/element/f.0907B7B6EEA7590679BE63135B2EE279.d.1A6FE19012F8AB5C9F538ADBA7CCACD1.e.6043/click - {}
COMMAND: POST /session/20485257cd2cf638b78b11c842821675/element/f.0907B7B6EEA7590679BE63135B2EE279.d.1A6FE19012F8AB5C9F538ADBA7CCACD1.e.6043/click - {}
RESULT: {}
COMMAND: GET /session/20485257cd2cf638b78b11c842821675/screenshot - {}
RESULT: {}
COMMAND: GET /session/20485257cd2cf638b78b11c842821675/screenshot - {}
RESULT: {}
RESULT: {}
]]></system-out>
    </testcase>
    <testcase classname="chrome.136_0_7103_93.windows.Sanity_Tests_US104253" name="Should open Target Systems Configuration page" time="37.084">
      <system-out><![CDATA[
COMMAND: POST /session/20485257cd2cf638b78b11c842821675/execute/async - {"script":"<script> [1562 bytes]","args":[{"selector":{"controlType":"sap.m.GenericTile","properties":{"header":"Target Systems Configuration"}},"wdio_ui5_key":"sapm.GenericTile{\"header\":\"Target Systems Configuration\"}"}]}
RESULT: {"script":"<script> [1562 bytes]","args":[{"selector":{"controlType":"sap.m.GenericTile","properties":{"header":"Target Systems Configuration"}},"wdio_ui5_key":"sapm.GenericTile{\"header\":\"Target Systems Configuration\"}"}]}
RESULT: undefined
COMMAND: POST /session/20485257cd2cf638b78b11c842821675/element - {"using":"xpath","value":"//*[@id=\"__tile129\"]"}
RESULT: {"using":"xpath","value":"//*[@id=\"__tile129\"]"}
COMMAND: POST /session/20485257cd2cf638b78b11c842821675/element/f.0907B7B6EEA7590679BE63135B2EE279.d.1A6FE19012F8AB5C9F538ADBA7CCACD1.e.6174/click - {}
RESULT: {}
COMMAND: GET /session/20485257cd2cf638b78b11c842821675/screenshot - {}
RESULT: {}
COMMAND: POST /session/20485257cd2cf638b78b11c842821675/elements - {"using":"xpath","value":"//span[text()='Error']"}
RESULT: {"using":"xpath","value":"//span[text()='Error']"}
RESULT: undefined
COMMAND: POST /session/20485257cd2cf638b78b11c842821675/element - {"using":"xpath","value":"//*[@id=\"__tile129\"]"}
RESULT: {"using":"xpath","value":"//*[@id=\"__tile129\"]"}
COMMAND: POST /session/20485257cd2cf638b78b11c842821675/element/f.0907B7B6EEA7590679BE63135B2EE279.d.1A6FE19012F8AB5C9F538ADBA7CCACD1.e.6174/click - {}
RESULT: undefined
COMMAND: POST /session/20485257cd2cf638b78b11c842821675/element - {"using":"xpath","value":"//*[@id=\"__tile129\"]"}
RESULT: {"using":"xpath","value":"//*[@id=\"__tile129\"]"}
COMMAND: POST /session/20485257cd2cf638b78b11c842821675/element/f.0907B7B6EEA7590679BE63135B2EE279.d.1A6FE19012F8AB5C9F538ADBA7CCACD1.e.6174/click - {}
RESULT: undefined
COMMAND: POST /session/20485257cd2cf638b78b11c842821675/execute/async - {"script":"<script> [6424 bytes]","args":[{"element-6066-11e4-a52e-4f735466cecf":"f.0907B7B6EEA7590679BE63135B2EE279.d.1A6FE19012F8AB5C9F538ADBA7CCACD1.e.289"},"getTitle",[]]}
COMMAND: POST /session/20485257cd2cf638b78b11c842821675/execute/async - {"script":"<script> [1562 bytes]","args":[{"selector":{"id":"shellAppTitle"},"wdio_ui5_key":"shellAppTitle"}]}
RESULT: {"script":"<script> [1562 bytes]","args":[{"selector":{"id":"shellAppTitle"},"wdio_ui5_key":"shellAppTitle"}]}
COMMAND: POST /session/20485257cd2cf638b78b11c842821675/execute/async - {"script":"<script> [6424 bytes]","args":[{"element-6066-11e4-a52e-4f735466cecf":"f.0907B7B6EEA7590679BE63135B2EE279.d.1A6FE19012F8AB5C9F538ADBA7CCACD1.e.6243"},"getTitle",[]]}
RESULT: {"script":"<script> [6424 bytes]","args":[{"element-6066-11e4-a52e-4f735466cecf":"f.0907B7B6EEA7590679BE63135B2EE279.d.1A6FE19012F8AB5C9F538ADBA7CCACD1.e.6243"},"getTitle",[]]}
RESULT: undefined
COMMAND: POST /session/20485257cd2cf638b78b11c842821675/element/f.0907B7B6EEA7590679BE63135B2EE279.d.1A6FE19012F8AB5C9F538ADBA7CCACD1.e.6043/click - {}
COMMAND: POST /session/20485257cd2cf638b78b11c842821675/element/f.0907B7B6EEA7590679BE63135B2EE279.d.1A6FE19012F8AB5C9F538ADBA7CCACD1.e.6043/click - {}
RESULT: {}
COMMAND: GET /session/20485257cd2cf638b78b11c842821675/screenshot - {}
COMMAND: POST /session/20485257cd2cf638b78b11c842821675/element - {"using":"xpath","value":"//*[@id=\"backBtn\"]"}
RESULT: {}
RESULT: {"using":"xpath","value":"//*[@id=\"backBtn\"]"}
COMMAND: POST /session/20485257cd2cf638b78b11c842821675/elements - {"using":"xpath","value":"//*[@id=\"backBtn\"]"}
RESULT: {"using":"xpath","value":"//*[@id=\"backBtn\"]"}
COMMAND: POST /session/20485257cd2cf638b78b11c842821675/elements - {"using":"xpath","value":"//*[@id=\"backBtn\"]"}
RESULT: {"using":"xpath","value":"//*[@id=\"backBtn\"]"}
COMMAND: POST /session/20485257cd2cf638b78b11c842821675/elements - {"using":"xpath","value":"//*[@id=\"backBtn\"]"}
RESULT: {"using":"xpath","value":"//*[@id=\"backBtn\"]"}
COMMAND: POST /session/20485257cd2cf638b78b11c842821675/elements - {"using":"xpath","value":"//*[@id=\"backBtn\"]"}
RESULT: {"using":"xpath","value":"//*[@id=\"backBtn\"]"}
COMMAND: POST /session/20485257cd2cf638b78b11c842821675/elements - {"using":"xpath","value":"//*[@id=\"backBtn\"]"}
RESULT: {"using":"xpath","value":"//*[@id=\"backBtn\"]"}
COMMAND: POST /session/20485257cd2cf638b78b11c842821675/elements - {"using":"xpath","value":"//*[@id=\"backBtn\"]"}
RESULT: {"using":"xpath","value":"//*[@id=\"backBtn\"]"}
COMMAND: POST /session/20485257cd2cf638b78b11c842821675/elements - {"using":"xpath","value":"//*[@id=\"backBtn\"]"}
RESULT: {"using":"xpath","value":"//*[@id=\"backBtn\"]"}
COMMAND: POST /session/20485257cd2cf638b78b11c842821675/elements - {"using":"xpath","value":"//*[@id=\"backBtn\"]"}
RESULT: {"using":"xpath","value":"//*[@id=\"backBtn\"]"}
COMMAND: POST /session/20485257cd2cf638b78b11c842821675/elements - {"using":"xpath","value":"//*[@id=\"backBtn\"]"}
RESULT: {"using":"xpath","value":"//*[@id=\"backBtn\"]"}
COMMAND: POST /session/20485257cd2cf638b78b11c842821675/elements - {"using":"xpath","value":"//*[@id=\"backBtn\"]"}
RESULT: {"using":"xpath","value":"//*[@id=\"backBtn\"]"}
COMMAND: POST /session/20485257cd2cf638b78b11c842821675/elements - {"using":"xpath","value":"//*[@id=\"backBtn\"]"}
RESULT: {"using":"xpath","value":"//*[@id=\"backBtn\"]"}
COMMAND: POST /session/20485257cd2cf638b78b11c842821675/elements - {"using":"xpath","value":"//*[@id=\"backBtn\"]"}
RESULT: {"using":"xpath","value":"//*[@id=\"backBtn\"]"}
COMMAND: POST /session/20485257cd2cf638b78b11c842821675/elements - {"using":"xpath","value":"//*[@id=\"backBtn\"]"}
RESULT: {"using":"xpath","value":"//*[@id=\"backBtn\"]"}
COMMAND: POST /session/20485257cd2cf638b78b11c842821675/elements - {"using":"xpath","value":"//*[@id=\"backBtn\"]"}
RESULT: {"using":"xpath","value":"//*[@id=\"backBtn\"]"}
COMMAND: POST /session/20485257cd2cf638b78b11c842821675/elements - {"using":"xpath","value":"//*[@id=\"backBtn\"]"}
RESULT: {"using":"xpath","value":"//*[@id=\"backBtn\"]"}
COMMAND: POST /session/20485257cd2cf638b78b11c842821675/elements - {"using":"xpath","value":"//*[@id=\"backBtn\"]"}
RESULT: {"using":"xpath","value":"//*[@id=\"backBtn\"]"}
COMMAND: POST /session/20485257cd2cf638b78b11c842821675/elements - {"using":"xpath","value":"//*[@id=\"backBtn\"]"}
RESULT: {"using":"xpath","value":"//*[@id=\"backBtn\"]"}
COMMAND: POST /session/20485257cd2cf638b78b11c842821675/elements - {"using":"xpath","value":"//*[@id=\"backBtn\"]"}
RESULT: {"using":"xpath","value":"//*[@id=\"backBtn\"]"}
COMMAND: POST /session/20485257cd2cf638b78b11c842821675/elements - {"using":"xpath","value":"//*[@id=\"backBtn\"]"}
RESULT: {"using":"xpath","value":"//*[@id=\"backBtn\"]"}
COMMAND: POST /session/20485257cd2cf638b78b11c842821675/elements - {"using":"xpath","value":"//*[@id=\"backBtn\"]"}
RESULT: {"using":"xpath","value":"//*[@id=\"backBtn\"]"}
COMMAND: POST /session/20485257cd2cf638b78b11c842821675/elements - {"using":"xpath","value":"//*[@id=\"backBtn\"]"}
RESULT: {"using":"xpath","value":"//*[@id=\"backBtn\"]"}
COMMAND: POST /session/20485257cd2cf638b78b11c842821675/elements - {"using":"xpath","value":"//*[@id=\"backBtn\"]"}
RESULT: {"using":"xpath","value":"//*[@id=\"backBtn\"]"}
COMMAND: POST /session/20485257cd2cf638b78b11c842821675/elements - {"using":"xpath","value":"//*[@id=\"backBtn\"]"}
RESULT: {"using":"xpath","value":"//*[@id=\"backBtn\"]"}
COMMAND: POST /session/20485257cd2cf638b78b11c842821675/elements - {"using":"xpath","value":"//*[@id=\"backBtn\"]"}
RESULT: {"using":"xpath","value":"//*[@id=\"backBtn\"]"}
COMMAND: POST /session/20485257cd2cf638b78b11c842821675/elements - {"using":"xpath","value":"//*[@id=\"backBtn\"]"}
RESULT: {"using":"xpath","value":"//*[@id=\"backBtn\"]"}
COMMAND: POST /session/20485257cd2cf638b78b11c842821675/elements - {"using":"xpath","value":"//*[@id=\"backBtn\"]"}
RESULT: {"using":"xpath","value":"//*[@id=\"backBtn\"]"}
COMMAND: POST /session/20485257cd2cf638b78b11c842821675/elements - {"using":"xpath","value":"//*[@id=\"backBtn\"]"}
RESULT: {"using":"xpath","value":"//*[@id=\"backBtn\"]"}
COMMAND: POST /session/20485257cd2cf638b78b11c842821675/elements - {"using":"xpath","value":"//*[@id=\"backBtn\"]"}
RESULT: {"using":"xpath","value":"//*[@id=\"backBtn\"]"}
COMMAND: POST /session/20485257cd2cf638b78b11c842821675/elements - {"using":"xpath","value":"//*[@id=\"backBtn\"]"}
RESULT: {"using":"xpath","value":"//*[@id=\"backBtn\"]"}
COMMAND: POST /session/20485257cd2cf638b78b11c842821675/elements - {"using":"xpath","value":"//*[@id=\"backBtn\"]"}
RESULT: {"using":"xpath","value":"//*[@id=\"backBtn\"]"}
COMMAND: POST /session/20485257cd2cf638b78b11c842821675/elements - {"using":"xpath","value":"//*[@id=\"backBtn\"]"}
RESULT: {"using":"xpath","value":"//*[@id=\"backBtn\"]"}
COMMAND: POST /session/20485257cd2cf638b78b11c842821675/elements - {"using":"xpath","value":"//*[@id=\"backBtn\"]"}
RESULT: {"using":"xpath","value":"//*[@id=\"backBtn\"]"}
COMMAND: POST /session/20485257cd2cf638b78b11c842821675/elements - {"using":"xpath","value":"//*[@id=\"backBtn\"]"}
RESULT: {"using":"xpath","value":"//*[@id=\"backBtn\"]"}
COMMAND: POST /session/20485257cd2cf638b78b11c842821675/elements - {"using":"xpath","value":"//*[@id=\"backBtn\"]"}
RESULT: {"using":"xpath","value":"//*[@id=\"backBtn\"]"}
COMMAND: POST /session/20485257cd2cf638b78b11c842821675/elements - {"using":"xpath","value":"//*[@id=\"backBtn\"]"}
RESULT: {"using":"xpath","value":"//*[@id=\"backBtn\"]"}
COMMAND: POST /session/20485257cd2cf638b78b11c842821675/elements - {"using":"xpath","value":"//*[@id=\"backBtn\"]"}
RESULT: {"using":"xpath","value":"//*[@id=\"backBtn\"]"}
COMMAND: POST /session/20485257cd2cf638b78b11c842821675/elements - {"using":"xpath","value":"//*[@id=\"backBtn\"]"}
RESULT: {"using":"xpath","value":"//*[@id=\"backBtn\"]"}
COMMAND: POST /session/20485257cd2cf638b78b11c842821675/elements - {"using":"xpath","value":"//*[@id=\"backBtn\"]"}
RESULT: {"using":"xpath","value":"//*[@id=\"backBtn\"]"}
COMMAND: POST /session/20485257cd2cf638b78b11c842821675/elements - {"using":"xpath","value":"//*[@id=\"backBtn\"]"}
RESULT: {"using":"xpath","value":"//*[@id=\"backBtn\"]"}
COMMAND: DELETE /session/20485257cd2cf638b78b11c842821675 - {}
RESULT: {}
]]></system-out>
    </testcase>
  </testsuite>
</testsuites>