<?xml version="1.0" encoding="UTF-8"?>
<testsuites tests="48" failures="0" errors="0" skipped="0">
  <testsuite timestamp="2025-04-17T05:42:11" time="1108.377" tests="12" failures="0" errors="0" skipped="0">
    <properties>
      <property name="specId" value="0"/>
      <property name="suiteName" value="Billing Transfer - Master data &amp; Intercompany US127250"/>
      <property name="capabilities" value="chrome.135_0_7049_42.windows"/>
      <property name="file" value="file:///D:/a/1/s/test/specs/BTS/billing-transfer-intercompany.spec.js"/>
    </properties>
    <testcase classname="chrome.135_0_7049_42.windows.Billing_Transfer_-_Master_data_&amp;_Intercompany_US127250" name="Should create a new yard" time="123.267">
      <system-out><![CDATA[
COMMAND: POST /session/3fbb5aa961da27feb6cf7ecb004886db/window/fullscreen - {}
RESULT: {}
COMMAND: POST /session/3fbb5aa961da27feb6cf7ecb004886db/execute/async - {"script":"<script> [1562 bytes]","args":[{"selector":{"controlType":"sap.m.GenericTile","properties":{"header":"Manage Yards"}},"wdio_ui5_key":"sapm.GenericTile{\"header\":\"Manage Yards\"}"}]}
RESULT: {"script":"<script> [1562 bytes]","args":[{"selector":{"controlType":"sap.m.GenericTile","properties":{"header":"Manage Yards"}},"wdio_ui5_key":"sapm.GenericTile{\"header\":\"Manage Yards\"}"}]}
RESULT: undefined
COMMAND: POST /session/3fbb5aa961da27feb6cf7ecb004886db/element - {"using":"xpath","value":"//*[@id=\"__tile41\"]"}
RESULT: {"using":"xpath","value":"//*[@id=\"__tile41\"]"}
COMMAND: POST /session/3fbb5aa961da27feb6cf7ecb004886db/element/f.0763987BF21D2E15D38664A642A1837D.d.95616E5FC6268B1899C8461B4B0781AB.e.158/click - {}
RESULT: {}
COMMAND: POST /session/3fbb5aa961da27feb6cf7ecb004886db/element - {"using":"xpath","value":"//button[@data-kt=\"addNewYardOverflowToolbarButton\"]"}
COMMAND: GET /session/3fbb5aa961da27feb6cf7ecb004886db/screenshot - {}
RESULT: {"using":"xpath","value":"//button[@data-kt=\"addNewYardOverflowToolbarButton\"]"}
COMMAND: POST /session/3fbb5aa961da27feb6cf7ecb004886db/elements - {"using":"xpath","value":"//button[@data-kt=\"addNewYardOverflowToolbarButton\"]"}
RESULT: {}
RESULT: {"using":"xpath","value":"//button[@data-kt=\"addNewYardOverflowToolbarButton\"]"}
COMMAND: POST /session/3fbb5aa961da27feb6cf7ecb004886db/elements - {"using":"xpath","value":"//button[@data-kt=\"addNewYardOverflowToolbarButton\"]"}
RESULT: {"using":"xpath","value":"//button[@data-kt=\"addNewYardOverflowToolbarButton\"]"}
COMMAND: POST /session/3fbb5aa961da27feb6cf7ecb004886db/elements - {"using":"xpath","value":"//button[@data-kt=\"addNewYardOverflowToolbarButton\"]"}
RESULT: {"using":"xpath","value":"//button[@data-kt=\"addNewYardOverflowToolbarButton\"]"}
COMMAND: POST /session/3fbb5aa961da27feb6cf7ecb004886db/elements - {"using":"xpath","value":"//button[@data-kt=\"addNewYardOverflowToolbarButton\"]"}
RESULT: {"using":"xpath","value":"//button[@data-kt=\"addNewYardOverflowToolbarButton\"]"}
COMMAND: POST /session/3fbb5aa961da27feb6cf7ecb004886db/elements - {"using":"xpath","value":"//button[@data-kt=\"addNewYardOverflowToolbarButton\"]"}
RESULT: {"using":"xpath","value":"//button[@data-kt=\"addNewYardOverflowToolbarButton\"]"}
COMMAND: POST /session/3fbb5aa961da27feb6cf7ecb004886db/elements - {"using":"xpath","value":"//button[@data-kt=\"addNewYardOverflowToolbarButton\"]"}
RESULT: {"using":"xpath","value":"//button[@data-kt=\"addNewYardOverflowToolbarButton\"]"}
COMMAND: POST /session/3fbb5aa961da27feb6cf7ecb004886db/elements - {"using":"xpath","value":"//button[@data-kt=\"addNewYardOverflowToolbarButton\"]"}
RESULT: {"using":"xpath","value":"//button[@data-kt=\"addNewYardOverflowToolbarButton\"]"}
COMMAND: POST /session/3fbb5aa961da27feb6cf7ecb004886db/elements - {"using":"xpath","value":"//button[@data-kt=\"addNewYardOverflowToolbarButton\"]"}
RESULT: {"using":"xpath","value":"//button[@data-kt=\"addNewYardOverflowToolbarButton\"]"}
COMMAND: POST /session/3fbb5aa961da27feb6cf7ecb004886db/elements - {"using":"xpath","value":"//button[@data-kt=\"addNewYardOverflowToolbarButton\"]"}
RESULT: {"using":"xpath","value":"//button[@data-kt=\"addNewYardOverflowToolbarButton\"]"}
COMMAND: POST /session/3fbb5aa961da27feb6cf7ecb004886db/elements - {"using":"xpath","value":"//button[@data-kt=\"addNewYardOverflowToolbarButton\"]"}
RESULT: {"using":"xpath","value":"//button[@data-kt=\"addNewYardOverflowToolbarButton\"]"}
COMMAND: POST /session/3fbb5aa961da27feb6cf7ecb004886db/elements - {"using":"xpath","value":"//button[@data-kt=\"addNewYardOverflowToolbarButton\"]"}
RESULT: {"using":"xpath","value":"//button[@data-kt=\"addNewYardOverflowToolbarButton\"]"}
COMMAND: POST /session/3fbb5aa961da27feb6cf7ecb004886db/elements - {"using":"xpath","value":"//button[@data-kt=\"addNewYardOverflowToolbarButton\"]"}
RESULT: {"using":"xpath","value":"//button[@data-kt=\"addNewYardOverflowToolbarButton\"]"}
COMMAND: POST /session/3fbb5aa961da27feb6cf7ecb004886db/elements - {"using":"xpath","value":"//button[@data-kt=\"addNewYardOverflowToolbarButton\"]"}
RESULT: {"using":"xpath","value":"//button[@data-kt=\"addNewYardOverflowToolbarButton\"]"}
COMMAND: POST /session/3fbb5aa961da27feb6cf7ecb004886db/elements - {"using":"xpath","value":"//button[@data-kt=\"addNewYardOverflowToolbarButton\"]"}
RESULT: {"using":"xpath","value":"//button[@data-kt=\"addNewYardOverflowToolbarButton\"]"}
COMMAND: POST /session/3fbb5aa961da27feb6cf7ecb004886db/elements - {"using":"xpath","value":"//button[@data-kt=\"addNewYardOverflowToolbarButton\"]"}
RESULT: {"using":"xpath","value":"//button[@data-kt=\"addNewYardOverflowToolbarButton\"]"}
COMMAND: POST /session/3fbb5aa961da27feb6cf7ecb004886db/elements - {"using":"xpath","value":"//button[@data-kt=\"addNewYardOverflowToolbarButton\"]"}
RESULT: {"using":"xpath","value":"//button[@data-kt=\"addNewYardOverflowToolbarButton\"]"}
COMMAND: POST /session/3fbb5aa961da27feb6cf7ecb004886db/elements - {"using":"xpath","value":"//button[@data-kt=\"addNewYardOverflowToolbarButton\"]"}
RESULT: {"using":"xpath","value":"//button[@data-kt=\"addNewYardOverflowToolbarButton\"]"}
COMMAND: POST /session/3fbb5aa961da27feb6cf7ecb004886db/elements - {"using":"xpath","value":"//button[@data-kt=\"addNewYardOverflowToolbarButton\"]"}
RESULT: {"using":"xpath","value":"//button[@data-kt=\"addNewYardOverflowToolbarButton\"]"}
COMMAND: POST /session/3fbb5aa961da27feb6cf7ecb004886db/elements - {"using":"xpath","value":"//button[@data-kt=\"addNewYardOverflowToolbarButton\"]"}
RESULT: {"using":"xpath","value":"//button[@data-kt=\"addNewYardOverflowToolbarButton\"]"}
COMMAND: POST /session/3fbb5aa961da27feb6cf7ecb004886db/elements - {"using":"xpath","value":"//button[@data-kt=\"addNewYardOverflowToolbarButton\"]"}
RESULT: {"using":"xpath","value":"//button[@data-kt=\"addNewYardOverflowToolbarButton\"]"}
COMMAND: POST /session/3fbb5aa961da27feb6cf7ecb004886db/elements - {"using":"xpath","value":"//button[@data-kt=\"addNewYardOverflowToolbarButton\"]"}
RESULT: {"using":"xpath","value":"//button[@data-kt=\"addNewYardOverflowToolbarButton\"]"}
COMMAND: POST /session/3fbb5aa961da27feb6cf7ecb004886db/elements - {"using":"xpath","value":"//button[@data-kt=\"addNewYardOverflowToolbarButton\"]"}
RESULT: {"using":"xpath","value":"//button[@data-kt=\"addNewYardOverflowToolbarButton\"]"}
COMMAND: POST /session/3fbb5aa961da27feb6cf7ecb004886db/elements - {"using":"xpath","value":"//button[@data-kt=\"addNewYardOverflowToolbarButton\"]"}
RESULT: {"using":"xpath","value":"//button[@data-kt=\"addNewYardOverflowToolbarButton\"]"}
COMMAND: POST /session/3fbb5aa961da27feb6cf7ecb004886db/elements - {"using":"xpath","value":"//button[@data-kt=\"addNewYardOverflowToolbarButton\"]"}
RESULT: {"using":"xpath","value":"//button[@data-kt=\"addNewYardOverflowToolbarButton\"]"}
COMMAND: POST /session/3fbb5aa961da27feb6cf7ecb004886db/elements - {"using":"xpath","value":"//button[@data-kt=\"addNewYardOverflowToolbarButton\"]"}
RESULT: {"using":"xpath","value":"//button[@data-kt=\"addNewYardOverflowToolbarButton\"]"}
COMMAND: POST /session/3fbb5aa961da27feb6cf7ecb004886db/elements - {"using":"xpath","value":"//button[@data-kt=\"addNewYardOverflowToolbarButton\"]"}
RESULT: {"using":"xpath","value":"//button[@data-kt=\"addNewYardOverflowToolbarButton\"]"}
COMMAND: POST /session/3fbb5aa961da27feb6cf7ecb004886db/elements - {"using":"xpath","value":"//button[@data-kt=\"addNewYardOverflowToolbarButton\"]"}
RESULT: {"using":"xpath","value":"//button[@data-kt=\"addNewYardOverflowToolbarButton\"]"}
COMMAND: POST /session/3fbb5aa961da27feb6cf7ecb004886db/elements - {"using":"xpath","value":"//button[@data-kt=\"addNewYardOverflowToolbarButton\"]"}
RESULT: {"using":"xpath","value":"//button[@data-kt=\"addNewYardOverflowToolbarButton\"]"}
COMMAND: POST /session/3fbb5aa961da27feb6cf7ecb004886db/elements - {"using":"xpath","value":"//button[@data-kt=\"addNewYardOverflowToolbarButton\"]"}
RESULT: {"using":"xpath","value":"//button[@data-kt=\"addNewYardOverflowToolbarButton\"]"}
COMMAND: POST /session/3fbb5aa961da27feb6cf7ecb004886db/elements - {"using":"xpath","value":"//button[@data-kt=\"addNewYardOverflowToolbarButton\"]"}
RESULT: {"using":"xpath","value":"//button[@data-kt=\"addNewYardOverflowToolbarButton\"]"}
COMMAND: POST /session/3fbb5aa961da27feb6cf7ecb004886db/elements - {"using":"xpath","value":"//button[@data-kt=\"addNewYardOverflowToolbarButton\"]"}
RESULT: {"using":"xpath","value":"//button[@data-kt=\"addNewYardOverflowToolbarButton\"]"}
COMMAND: POST /session/3fbb5aa961da27feb6cf7ecb004886db/elements - {"using":"xpath","value":"//button[@data-kt=\"addNewYardOverflowToolbarButton\"]"}
RESULT: {"using":"xpath","value":"//button[@data-kt=\"addNewYardOverflowToolbarButton\"]"}
COMMAND: POST /session/3fbb5aa961da27feb6cf7ecb004886db/elements - {"using":"xpath","value":"//button[@data-kt=\"addNewYardOverflowToolbarButton\"]"}
RESULT: {"using":"xpath","value":"//button[@data-kt=\"addNewYardOverflowToolbarButton\"]"}
COMMAND: POST /session/3fbb5aa961da27feb6cf7ecb004886db/elements - {"using":"xpath","value":"//button[@data-kt=\"addNewYardOverflowToolbarButton\"]"}
RESULT: {"using":"xpath","value":"//button[@data-kt=\"addNewYardOverflowToolbarButton\"]"}
COMMAND: POST /session/3fbb5aa961da27feb6cf7ecb004886db/elements - {"using":"xpath","value":"//button[@data-kt=\"addNewYardOverflowToolbarButton\"]"}
RESULT: {"using":"xpath","value":"//button[@data-kt=\"addNewYardOverflowToolbarButton\"]"}
COMMAND: POST /session/3fbb5aa961da27feb6cf7ecb004886db/elements - {"using":"xpath","value":"//button[@data-kt=\"addNewYardOverflowToolbarButton\"]"}
RESULT: {"using":"xpath","value":"//button[@data-kt=\"addNewYardOverflowToolbarButton\"]"}
COMMAND: POST /session/3fbb5aa961da27feb6cf7ecb004886db/elements - {"using":"xpath","value":"//button[@data-kt=\"addNewYardOverflowToolbarButton\"]"}
RESULT: {"using":"xpath","value":"//button[@data-kt=\"addNewYardOverflowToolbarButton\"]"}
COMMAND: POST /session/3fbb5aa961da27feb6cf7ecb004886db/elements - {"using":"xpath","value":"//button[@data-kt=\"addNewYardOverflowToolbarButton\"]"}
RESULT: {"using":"xpath","value":"//button[@data-kt=\"addNewYardOverflowToolbarButton\"]"}
COMMAND: POST /session/3fbb5aa961da27feb6cf7ecb004886db/elements - {"using":"xpath","value":"//button[@data-kt=\"addNewYardOverflowToolbarButton\"]"}
RESULT: {"using":"xpath","value":"//button[@data-kt=\"addNewYardOverflowToolbarButton\"]"}
COMMAND: POST /session/3fbb5aa961da27feb6cf7ecb004886db/elements - {"using":"xpath","value":"//button[@data-kt=\"addNewYardOverflowToolbarButton\"]"}
RESULT: {"using":"xpath","value":"//button[@data-kt=\"addNewYardOverflowToolbarButton\"]"}
COMMAND: POST /session/3fbb5aa961da27feb6cf7ecb004886db/element - {"using":"xpath","value":"//button[@data-kt=\"addNewYardOverflowToolbarButton\"]"}
RESULT: {"using":"xpath","value":"//button[@data-kt=\"addNewYardOverflowToolbarButton\"]"}
COMMAND: POST /session/3fbb5aa961da27feb6cf7ecb004886db/execute/sync - {"script":"<script> [8489 bytes]","args":[{"element-6066-11e4-a52e-4f735466cecf":"f.0763987BF21D2E15D38664A642A1837D.d.95616E5FC6268B1899C8461B4B0781AB.e.294","ELEMENT":"f.0763987BF21D2E15D38664A642A1837D.d.95616E5FC6268B1899C8461B4B0781AB.e.294"}]}
RESULT: {"script":"<script> [8489 bytes]","args":[{"element-6066-11e4-a52e-4f735466cecf":"f.0763987BF21D2E15D38664A642A1837D.d.95616E5FC6268B1899C8461B4B0781AB.e.294","ELEMENT":"f.0763987BF21D2E15D38664A642A1837D.d.95616E5FC6268B1899C8461B4B0781AB.e.294"}]}
COMMAND: GET /session/3fbb5aa961da27feb6cf7ecb004886db/element/f.0763987BF21D2E15D38664A642A1837D.d.95616E5FC6268B1899C8461B4B0781AB.e.294/enabled - {}
COMMAND: GET /session/3fbb5aa961da27feb6cf7ecb004886db/screenshot - {}
RESULT: {}
COMMAND: POST /session/3fbb5aa961da27feb6cf7ecb004886db/execute/sync - {"script":"<script> [8489 bytes]","args":[{"element-6066-11e4-a52e-4f735466cecf":"f.0763987BF21D2E15D38664A642A1837D.d.95616E5FC6268B1899C8461B4B0781AB.e.294","ELEMENT":"f.0763987BF21D2E15D38664A642A1837D.d.95616E5FC6268B1899C8461B4B0781AB.e.294"}]}
COMMAND: GET /session/3fbb5aa961da27feb6cf7ecb004886db/screenshot - {}
RESULT: {}
RESULT: {"script":"<script> [8489 bytes]","args":[{"element-6066-11e4-a52e-4f735466cecf":"f.0763987BF21D2E15D38664A642A1837D.d.95616E5FC6268B1899C8461B4B0781AB.e.294","ELEMENT":"f.0763987BF21D2E15D38664A642A1837D.d.95616E5FC6268B1899C8461B4B0781AB.e.294"}]}
COMMAND: POST /session/3fbb5aa961da27feb6cf7ecb004886db/execute/sync - {"script":"<script> [5351 bytes]","args":[{"element-6066-11e4-a52e-4f735466cecf":"f.0763987BF21D2E15D38664A642A1837D.d.95616E5FC6268B1899C8461B4B0781AB.e.294","ELEMENT":"f.0763987BF21D2E15D38664A642A1837D.d.95616E5FC6268B1899C8461B4B0781AB.e.294"}]}
COMMAND: GET /session/3fbb5aa961da27feb6cf7ecb004886db/screenshot - {}
RESULT: {}
RESULT: {"script":"<script> [5351 bytes]","args":[{"element-6066-11e4-a52e-4f735466cecf":"f.0763987BF21D2E15D38664A642A1837D.d.95616E5FC6268B1899C8461B4B0781AB.e.294","ELEMENT":"f.0763987BF21D2E15D38664A642A1837D.d.95616E5FC6268B1899C8461B4B0781AB.e.294"}]}
COMMAND: POST /session/3fbb5aa961da27feb6cf7ecb004886db/element/f.0763987BF21D2E15D38664A642A1837D.d.95616E5FC6268B1899C8461B4B0781AB.e.294/click - {}
COMMAND: GET /session/3fbb5aa961da27feb6cf7ecb004886db/screenshot - {}
RESULT: {}
RESULT: {}
COMMAND: GET /session/3fbb5aa961da27feb6cf7ecb004886db/screenshot - {}
COMMAND: POST /session/3fbb5aa961da27feb6cf7ecb004886db/element - {"using":"xpath","value":"//input[@id=\"application-manageyards-display-component---NewYard--yardId-inner\"]"}
RESULT: {}
RESULT: {}
RESULT: {"using":"xpath","value":"//input[@id=\"application-manageyards-display-component---NewYard--yardId-inner\"]"}
COMMAND: POST /session/3fbb5aa961da27feb6cf7ecb004886db/element - {"using":"xpath","value":"//input[@id=\"application-manageyards-display-component---NewYard--yardId-inner\"]"}
RESULT: {"using":"xpath","value":"//input[@id=\"application-manageyards-display-component---NewYard--yardId-inner\"]"}
COMMAND: POST /session/3fbb5aa961da27feb6cf7ecb004886db/execute/async - {"script":"<script> [1562 bytes]","args":[{"selector":{"id":"application-manageyards-display-component---NewYard--addressDetailDetailsName1","interaction":{"idSuffix":"inner"}},"wdio_ui5_key":"applicationmanageyards-display-component---NewYard--addressDetailDetailsName1"}]}
RESULT: {"script":"<script> [1562 bytes]","args":[{"selector":{"id":"application-manageyards-display-component---NewYard--addressDetailDetailsName1","interaction":{"idSuffix":"inner"}},"wdio_ui5_key":"applicationmanageyards-display-component---NewYard--addressDetailDetailsName1"}]}
RESULT: undefined
COMMAND: POST /session/3fbb5aa961da27feb6cf7ecb004886db/execute/async - {"script":"<script> [776 bytes]","args":[{"enterText":"Intercompany Yard wdIO","selector":{"id":"application-manageyards-display-component---NewYard--addressDetailDetailsName1","interaction":{"idSuffix":"inner"}},"clearTextFirst":true,"interactionType":"ENTER_TEXT"}]}
RESULT: {"script":"<script> [776 bytes]","args":[{"enterText":"Intercompany Yard wdIO","selector":{"id":"application-manageyards-display-component---NewYard--addressDetailDetailsName1","interaction":{"idSuffix":"inner"}},"clearTextFirst":true,"interactionType":"ENTER_TEXT"}]}
COMMAND: POST /session/3fbb5aa961da27feb6cf7ecb004886db/execute/async - {"script":"<script> [1562 bytes]","args":[{"selector":{"id":"application-manageyards-display-component---NewYard--addressDetailDetailsLanguage-arrow"},"wdio_ui5_key":"applicationmanageyards-display-component---NewYard--addressDetailDetailsLanguage-arrow"}]}
RESULT: {"script":"<script> [1562 bytes]","args":[{"selector":{"id":"application-manageyards-display-component---NewYard--addressDetailDetailsLanguage-arrow"},"wdio_ui5_key":"applicationmanageyards-display-component---NewYard--addressDetailDetailsLanguage-arrow"}]}
RESULT: undefined
COMMAND: POST /session/3fbb5aa961da27feb6cf7ecb004886db/element - {"using":"xpath","value":"//*[@id=\"application-manageyards-display-component---NewYard--addressDetailDetailsLanguage-arrow\"]"}
RESULT: {"using":"xpath","value":"//*[@id=\"application-manageyards-display-component---NewYard--addressDetailDetailsLanguage-arrow\"]"}
COMMAND: POST /session/3fbb5aa961da27feb6cf7ecb004886db/element/f.0763987BF21D2E15D38664A642A1837D.d.95616E5FC6268B1899C8461B4B0781AB.e.725/click - {}
RESULT: {}
COMMAND: POST /session/3fbb5aa961da27feb6cf7ecb004886db/element - {"using":"xpath","value":"//span[contains(text(), \"English\")]"}
COMMAND: GET /session/3fbb5aa961da27feb6cf7ecb004886db/screenshot - {}
RESULT: {"using":"xpath","value":"//span[contains(text(), \"English\")]"}
COMMAND: POST /session/3fbb5aa961da27feb6cf7ecb004886db/element/f.0763987BF21D2E15D38664A642A1837D.d.95616E5FC6268B1899C8461B4B0781AB.e.726/click - {}
RESULT: {}
RESULT: {}
COMMAND: POST /session/3fbb5aa961da27feb6cf7ecb004886db/execute/async - {"script":"<script> [1562 bytes]","args":[{"selector":{"id":"application-manageyards-display-component---NewYard--addressDetailDetailsCity1","interaction":{"idSuffix":"inner"}},"wdio_ui5_key":"applicationmanageyards-display-component---NewYard--addressDetailDetailsCity1"}]}
COMMAND: GET /session/3fbb5aa961da27feb6cf7ecb004886db/screenshot - {}
RESULT: {"script":"<script> [1562 bytes]","args":[{"selector":{"id":"application-manageyards-display-component---NewYard--addressDetailDetailsCity1","interaction":{"idSuffix":"inner"}},"wdio_ui5_key":"applicationmanageyards-display-component---NewYard--addressDetailDetailsCity1"}]}
RESULT: undefined
COMMAND: POST /session/3fbb5aa961da27feb6cf7ecb004886db/execute/async - {"script":"<script> [776 bytes]","args":[{"enterText":"Rosario","selector":{"id":"application-manageyards-display-component---NewYard--addressDetailDetailsCity1","interaction":{"idSuffix":"inner"}},"clearTextFirst":true,"interactionType":"ENTER_TEXT"}]}
RESULT: {}
RESULT: {"script":"<script> [776 bytes]","args":[{"enterText":"Rosario","selector":{"id":"application-manageyards-display-component---NewYard--addressDetailDetailsCity1","interaction":{"idSuffix":"inner"}},"clearTextFirst":true,"interactionType":"ENTER_TEXT"}]}
COMMAND: POST /session/3fbb5aa961da27feb6cf7ecb004886db/execute/async - {"script":"<script> [1562 bytes]","args":[{"selector":{"id":"application-manageyards-display-component---NewYard--addressDetailDetailsCountry-arrow"},"wdio_ui5_key":"applicationmanageyards-display-component---NewYard--addressDetailDetailsCountry-arrow"}]}
RESULT: {"script":"<script> [1562 bytes]","args":[{"selector":{"id":"application-manageyards-display-component---NewYard--addressDetailDetailsCountry-arrow"},"wdio_ui5_key":"applicationmanageyards-display-component---NewYard--addressDetailDetailsCountry-arrow"}]}
RESULT: undefined
COMMAND: POST /session/3fbb5aa961da27feb6cf7ecb004886db/element - {"using":"xpath","value":"//*[@id=\"application-manageyards-display-component---NewYard--addressDetailDetailsCountry-arrow\"]"}
RESULT: {"using":"xpath","value":"//*[@id=\"application-manageyards-display-component---NewYard--addressDetailDetailsCountry-arrow\"]"}
COMMAND: POST /session/3fbb5aa961da27feb6cf7ecb004886db/element/f.0763987BF21D2E15D38664A642A1837D.d.95616E5FC6268B1899C8461B4B0781AB.e.728/click - {}
RESULT: {}
COMMAND: POST /session/3fbb5aa961da27feb6cf7ecb004886db/element - {"using":"xpath","value":"//span[contains(text(), \"Argentina\")]"}
COMMAND: GET /session/3fbb5aa961da27feb6cf7ecb004886db/screenshot - {}
RESULT: {"using":"xpath","value":"//span[contains(text(), \"Argentina\")]"}
COMMAND: POST /session/3fbb5aa961da27feb6cf7ecb004886db/element/f.0763987BF21D2E15D38664A642A1837D.d.95616E5FC6268B1899C8461B4B0781AB.e.729/click - {}
RESULT: {}
RESULT: {}
COMMAND: POST /session/3fbb5aa961da27feb6cf7ecb004886db/execute/async - {"script":"<script> [1562 bytes]","args":[{"selector":{"id":"application-manageyards-display-component---NewYard--addressEditDetailsCostObjectCstType-arrow"},"wdio_ui5_key":"applicationmanageyards-display-component---NewYard--addressEditDetailsCostObjectCstType-arrow"}]}
COMMAND: GET /session/3fbb5aa961da27feb6cf7ecb004886db/screenshot - {}
RESULT: {"script":"<script> [1562 bytes]","args":[{"selector":{"id":"application-manageyards-display-component---NewYard--addressEditDetailsCostObjectCstType-arrow"},"wdio_ui5_key":"applicationmanageyards-display-component---NewYard--addressEditDetailsCostObjectCstType-arrow"}]}
RESULT: undefined
COMMAND: POST /session/3fbb5aa961da27feb6cf7ecb004886db/element - {"using":"xpath","value":"//*[@id=\"application-manageyards-display-component---NewYard--addressEditDetailsCostObjectCstType-arrow\"]"}
RESULT: {}
RESULT: {"using":"xpath","value":"//*[@id=\"application-manageyards-display-component---NewYard--addressEditDetailsCostObjectCstType-arrow\"]"}
COMMAND: POST /session/3fbb5aa961da27feb6cf7ecb004886db/element/f.0763987BF21D2E15D38664A642A1837D.d.95616E5FC6268B1899C8461B4B0781AB.e.731/click - {}
RESULT: {}
COMMAND: POST /session/3fbb5aa961da27feb6cf7ecb004886db/element - {"using":"xpath","value":"//span[contains(text(), \"Cost Center\")]"}
COMMAND: GET /session/3fbb5aa961da27feb6cf7ecb004886db/screenshot - {}
RESULT: {"using":"xpath","value":"//span[contains(text(), \"Cost Center\")]"}
COMMAND: POST /session/3fbb5aa961da27feb6cf7ecb004886db/element/f.0763987BF21D2E15D38664A642A1837D.d.95616E5FC6268B1899C8461B4B0781AB.e.732/click - {}
RESULT: {}
RESULT: {}
COMMAND: GET /session/3fbb5aa961da27feb6cf7ecb004886db/screenshot - {}
RESULT: {}
COMMAND: POST /session/3fbb5aa961da27feb6cf7ecb004886db/element - {"using":"xpath","value":"//span[@id=\"application-manageyards-display-component---NewYard--addressNewCostObjectCstID-vhi\"]"}
RESULT: {"using":"xpath","value":"//span[@id=\"application-manageyards-display-component---NewYard--addressNewCostObjectCstID-vhi\"]"}
COMMAND: POST /session/3fbb5aa961da27feb6cf7ecb004886db/execute/sync - {"script":"<script> [8489 bytes]","args":[{"element-6066-11e4-a52e-4f735466cecf":"f.0763987BF21D2E15D38664A642A1837D.d.95616E5FC6268B1899C8461B4B0781AB.e.735","ELEMENT":"f.0763987BF21D2E15D38664A642A1837D.d.95616E5FC6268B1899C8461B4B0781AB.e.735"}]}
RESULT: {"script":"<script> [8489 bytes]","args":[{"element-6066-11e4-a52e-4f735466cecf":"f.0763987BF21D2E15D38664A642A1837D.d.95616E5FC6268B1899C8461B4B0781AB.e.735","ELEMENT":"f.0763987BF21D2E15D38664A642A1837D.d.95616E5FC6268B1899C8461B4B0781AB.e.735"}]}
COMMAND: POST /session/3fbb5aa961da27feb6cf7ecb004886db/execute/async - {"script":"<script> [1562 bytes]","args":[{"selector":{"id":"application-manageyards-display-component---NewYard--addressNewCostObjectCstID-vhi"},"wdio_ui5_key":"applicationmanageyards-display-component---NewYard--addressNewCostObjectCstID-vhi"}]}
COMMAND: GET /session/3fbb5aa961da27feb6cf7ecb004886db/screenshot - {}
RESULT: {"script":"<script> [1562 bytes]","args":[{"selector":{"id":"application-manageyards-display-component---NewYard--addressNewCostObjectCstID-vhi"},"wdio_ui5_key":"applicationmanageyards-display-component---NewYard--addressNewCostObjectCstID-vhi"}]}
RESULT: undefined
COMMAND: POST /session/3fbb5aa961da27feb6cf7ecb004886db/element - {"using":"xpath","value":"//*[@id=\"application-manageyards-display-component---NewYard--addressNewCostObjectCstID-vhi\"]"}
RESULT: {}
RESULT: {"using":"xpath","value":"//*[@id=\"application-manageyards-display-component---NewYard--addressNewCostObjectCstID-vhi\"]"}
COMMAND: POST /session/3fbb5aa961da27feb6cf7ecb004886db/element/f.0763987BF21D2E15D38664A642A1837D.d.95616E5FC6268B1899C8461B4B0781AB.e.735/click - {}
RESULT: {}
COMMAND: GET /session/3fbb5aa961da27feb6cf7ecb004886db/screenshot - {}
RESULT: {}
COMMAND: POST /session/3fbb5aa961da27feb6cf7ecb004886db/execute/async - {"script":"<script> [1562 bytes]","args":[{"selector":{"controlType":"sap.m.SearchField","properties":{"placeholder":"Search"},"searchOpenDialogs":true,"interaction":{"idSuffix":"I"}},"wdio_ui5_key":"sapm.SearchField{\"placeholder\":\"Search\"}"}]}
RESULT: {"script":"<script> [1562 bytes]","args":[{"selector":{"controlType":"sap.m.SearchField","properties":{"placeholder":"Search"},"searchOpenDialogs":true,"interaction":{"idSuffix":"I"}},"wdio_ui5_key":"sapm.SearchField{\"placeholder\":\"Search\"}"}]}
RESULT: undefined
COMMAND: POST /session/3fbb5aa961da27feb6cf7ecb004886db/execute/async - {"script":"<script> [776 bytes]","args":[{"enterText":"10001013","selector":{"controlType":"sap.m.SearchField","properties":{"placeholder":"Search"},"searchOpenDialogs":true,"interaction":{"idSuffix":"I"}},"clearTextFirst":true,"interactionType":"ENTER_TEXT"}]}
RESULT: {"script":"<script> [776 bytes]","args":[{"enterText":"10001013","selector":{"controlType":"sap.m.SearchField","properties":{"placeholder":"Search"},"searchOpenDialogs":true,"interaction":{"idSuffix":"I"}},"clearTextFirst":true,"interactionType":"ENTER_TEXT"}]}
COMMAND: POST /session/3fbb5aa961da27feb6cf7ecb004886db/actions - {"actions":[{"id":"action1","type":"key","parameters":{},"actions":[{"type":"keyDown","value":""},{"type":"pause","duration":10},{"type":"keyUp","value":""}]}]}
RESULT: {"actions":[{"id":"action1","type":"key","parameters":{},"actions":[{"type":"keyDown","value":""},{"type":"pause","duration":10},{"type":"keyUp","value":""}]}]}
COMMAND: GET /session/3fbb5aa961da27feb6cf7ecb004886db/screenshot - {}
RESULT: {}
COMMAND: POST /session/3fbb5aa961da27feb6cf7ecb004886db/element - {"using":"xpath","value":"//span[contains(text(), \"General Management\")]"}
RESULT: {"using":"xpath","value":"//span[contains(text(), \"General Management\")]"}
COMMAND: POST /session/3fbb5aa961da27feb6cf7ecb004886db/element/f.0763987BF21D2E15D38664A642A1837D.d.95616E5FC6268B1899C8461B4B0781AB.e.745/click - {}
RESULT: {}
COMMAND: GET /session/3fbb5aa961da27feb6cf7ecb004886db/screenshot - {}
RESULT: {}
COMMAND: POST /session/3fbb5aa961da27feb6cf7ecb004886db/element - {"using":"xpath","value":"//bdi[contains(text(), \"OK\")]"}
RESULT: {"using":"xpath","value":"//bdi[contains(text(), \"OK\")]"}
COMMAND: POST /session/3fbb5aa961da27feb6cf7ecb004886db/element/f.0763987BF21D2E15D38664A642A1837D.d.95616E5FC6268B1899C8461B4B0781AB.e.747/click - {}
RESULT: {}
COMMAND: GET /session/3fbb5aa961da27feb6cf7ecb004886db/screenshot - {}
RESULT: {}
COMMAND: POST /session/3fbb5aa961da27feb6cf7ecb004886db/execute/async - {"script":"<script> [1562 bytes]","args":[{"selector":{"id":"application-manageyards-display-component---NewYard--addressEditDetailsCurrency-arrow"},"wdio_ui5_key":"applicationmanageyards-display-component---NewYard--addressEditDetailsCurrency-arrow"}]}
RESULT: {"script":"<script> [1562 bytes]","args":[{"selector":{"id":"application-manageyards-display-component---NewYard--addressEditDetailsCurrency-arrow"},"wdio_ui5_key":"applicationmanageyards-display-component---NewYard--addressEditDetailsCurrency-arrow"}]}
RESULT: undefined
COMMAND: POST /session/3fbb5aa961da27feb6cf7ecb004886db/element - {"using":"xpath","value":"//*[@id=\"application-manageyards-display-component---NewYard--addressEditDetailsCurrency-arrow\"]"}
RESULT: {"using":"xpath","value":"//*[@id=\"application-manageyards-display-component---NewYard--addressEditDetailsCurrency-arrow\"]"}
COMMAND: POST /session/3fbb5aa961da27feb6cf7ecb004886db/element/f.0763987BF21D2E15D38664A642A1837D.d.95616E5FC6268B1899C8461B4B0781AB.e.750/click - {}
RESULT: {}
COMMAND: POST /session/3fbb5aa961da27feb6cf7ecb004886db/element - {"using":"xpath","value":"//span[contains(text(), \"Euro\")]"}
COMMAND: GET /session/3fbb5aa961da27feb6cf7ecb004886db/screenshot - {}
RESULT: {"using":"xpath","value":"//span[contains(text(), \"Euro\")]"}
COMMAND: POST /session/3fbb5aa961da27feb6cf7ecb004886db/element/f.0763987BF21D2E15D38664A642A1837D.d.95616E5FC6268B1899C8461B4B0781AB.e.751/click - {}
RESULT: {}
RESULT: {}
COMMAND: POST /session/3fbb5aa961da27feb6cf7ecb004886db/execute/async - {"script":"<script> [1562 bytes]","args":[{"selector":{"controlType":"sap.m.Input","viewName":"etm.portal.ui.manageyards.view.New","viewId":"application-manageyards-display-component---NewYard","bindingPath":{"path":"","propertyPath":"/CONTROLLING_AREA","modelName":"NewYardModel"},"interaction":{"idSuffix":"inner"}},"wdio_ui5_key":"etmportal.ui.manageyards.view.Newsap.m.Input{\"path\":\"\",\"propertyPath\":\"/CONTROLLING_AREA\",\"modelName\":\"NewYardModel\"}"}]}
COMMAND: GET /session/3fbb5aa961da27feb6cf7ecb004886db/screenshot - {}
RESULT: {"script":"<script> [1562 bytes]","args":[{"selector":{"controlType":"sap.m.Input","viewName":"etm.portal.ui.manageyards.view.New","viewId":"application-manageyards-display-component---NewYard","bindingPath":{"path":"","propertyPath":"/CONTROLLING_AREA","modelName":"NewYardModel"},"interaction":{"idSuffix":"inner"}},"wdio_ui5_key":"etmportal.ui.manageyards.view.Newsap.m.Input{\"path\":\"\",\"propertyPath\":\"/CONTROLLING_AREA\",\"modelName\":\"NewYardModel\"}"}]}
RESULT: undefined
COMMAND: POST /session/3fbb5aa961da27feb6cf7ecb004886db/execute/async - {"script":"<script> [776 bytes]","args":[{"enterText":"Z001","selector":{"controlType":"sap.m.Input","viewName":"etm.portal.ui.manageyards.view.New","viewId":"application-manageyards-display-component---NewYard","bindingPath":{"path":"","propertyPath":"/CONTROLLING_AREA","modelName":"NewYardModel"},"interaction":{"idSuffix":"inner"}},"clearTextFirst":true,"interactionType":"ENTER_TEXT"}]}
RESULT: {}
RESULT: {"script":"<script> [776 bytes]","args":[{"enterText":"Z001","selector":{"controlType":"sap.m.Input","viewName":"etm.portal.ui.manageyards.view.New","viewId":"application-manageyards-display-component---NewYard","bindingPath":{"path":"","propertyPath":"/CONTROLLING_AREA","modelName":"NewYardModel"},"interaction":{"idSuffix":"inner"}},"clearTextFirst":true,"interactionType":"ENTER_TEXT"}]}
COMMAND: POST /session/3fbb5aa961da27feb6cf7ecb004886db/execute/async - {"script":"<script> [1562 bytes]","args":[{"selector":{"id":"application-manageyards-display-component---NewYard--companyCodeComboBox","interaction":{"idSuffix":"inner"}},"wdio_ui5_key":"applicationmanageyards-display-component---NewYard--companyCodeComboBox"}]}
RESULT: {"script":"<script> [1562 bytes]","args":[{"selector":{"id":"application-manageyards-display-component---NewYard--companyCodeComboBox","interaction":{"idSuffix":"inner"}},"wdio_ui5_key":"applicationmanageyards-display-component---NewYard--companyCodeComboBox"}]}
RESULT: undefined
COMMAND: POST /session/3fbb5aa961da27feb6cf7ecb004886db/execute/async - {"script":"<script> [776 bytes]","args":[{"enterText":"1000","selector":{"id":"application-manageyards-display-component---NewYard--companyCodeComboBox","interaction":{"idSuffix":"inner"}},"clearTextFirst":true,"interactionType":"ENTER_TEXT"}]}
RESULT: {"script":"<script> [776 bytes]","args":[{"enterText":"1000","selector":{"id":"application-manageyards-display-component---NewYard--companyCodeComboBox","interaction":{"idSuffix":"inner"}},"clearTextFirst":true,"interactionType":"ENTER_TEXT"}]}
COMMAND: POST /session/3fbb5aa961da27feb6cf7ecb004886db/execute/async - {"script":"<script> [1562 bytes]","args":[{"selector":{"controlType":"sap.m.Input","viewName":"etm.portal.ui.manageyards.view.New","viewId":"application-manageyards-display-component---NewYard","bindingPath":{"path":"","propertyPath":"/PLANT","modelName":"NewYardModel"},"interaction":{"idSuffix":"inner"}},"wdio_ui5_key":"etmportal.ui.manageyards.view.Newsap.m.Input{\"path\":\"\",\"propertyPath\":\"/PLANT\",\"modelName\":\"NewYardModel\"}"}]}
RESULT: {"script":"<script> [1562 bytes]","args":[{"selector":{"controlType":"sap.m.Input","viewName":"etm.portal.ui.manageyards.view.New","viewId":"application-manageyards-display-component---NewYard","bindingPath":{"path":"","propertyPath":"/PLANT","modelName":"NewYardModel"},"interaction":{"idSuffix":"inner"}},"wdio_ui5_key":"etmportal.ui.manageyards.view.Newsap.m.Input{\"path\":\"\",\"propertyPath\":\"/PLANT\",\"modelName\":\"NewYardModel\"}"}]}
RESULT: undefined
COMMAND: POST /session/3fbb5aa961da27feb6cf7ecb004886db/execute/async - {"script":"<script> [776 bytes]","args":[{"enterText":"1001","selector":{"controlType":"sap.m.Input","viewName":"etm.portal.ui.manageyards.view.New","viewId":"application-manageyards-display-component---NewYard","bindingPath":{"path":"","propertyPath":"/PLANT","modelName":"NewYardModel"},"interaction":{"idSuffix":"inner"}},"clearTextFirst":true,"interactionType":"ENTER_TEXT"}]}
RESULT: {"script":"<script> [776 bytes]","args":[{"enterText":"1001","selector":{"controlType":"sap.m.Input","viewName":"etm.portal.ui.manageyards.view.New","viewId":"application-manageyards-display-component---NewYard","bindingPath":{"path":"","propertyPath":"/PLANT","modelName":"NewYardModel"},"interaction":{"idSuffix":"inner"}},"clearTextFirst":true,"interactionType":"ENTER_TEXT"}]}
COMMAND: POST /session/3fbb5aa961da27feb6cf7ecb004886db/execute/async - {"script":"<script> [1562 bytes]","args":[{"selector":{"controlType":"sap.m.Input","viewName":"etm.portal.ui.manageyards.view.New","viewId":"application-manageyards-display-component---NewYard","bindingPath":{"path":"","propertyPath":"/SALES_AREA_VKORG","modelName":"NewYardModel"},"interaction":{"idSuffix":"inner"}},"wdio_ui5_key":"etmportal.ui.manageyards.view.Newsap.m.Input{\"path\":\"\",\"propertyPath\":\"/SALES_AREA_VKORG\",\"modelName\":\"NewYardModel\"}"}]}
RESULT: {"script":"<script> [1562 bytes]","args":[{"selector":{"controlType":"sap.m.Input","viewName":"etm.portal.ui.manageyards.view.New","viewId":"application-manageyards-display-component---NewYard","bindingPath":{"path":"","propertyPath":"/SALES_AREA_VKORG","modelName":"NewYardModel"},"interaction":{"idSuffix":"inner"}},"wdio_ui5_key":"etmportal.ui.manageyards.view.Newsap.m.Input{\"path\":\"\",\"propertyPath\":\"/SALES_AREA_VKORG\",\"modelName\":\"NewYardModel\"}"}]}
RESULT: undefined
COMMAND: POST /session/3fbb5aa961da27feb6cf7ecb004886db/execute/async - {"script":"<script> [776 bytes]","args":[{"enterText":"C002","selector":{"controlType":"sap.m.Input","viewName":"etm.portal.ui.manageyards.view.New","viewId":"application-manageyards-display-component---NewYard","bindingPath":{"path":"","propertyPath":"/SALES_AREA_VKORG","modelName":"NewYardModel"},"interaction":{"idSuffix":"inner"}},"clearTextFirst":true,"interactionType":"ENTER_TEXT"}]}
RESULT: {"script":"<script> [776 bytes]","args":[{"enterText":"C002","selector":{"controlType":"sap.m.Input","viewName":"etm.portal.ui.manageyards.view.New","viewId":"application-manageyards-display-component---NewYard","bindingPath":{"path":"","propertyPath":"/SALES_AREA_VKORG","modelName":"NewYardModel"},"interaction":{"idSuffix":"inner"}},"clearTextFirst":true,"interactionType":"ENTER_TEXT"}]}
COMMAND: POST /session/3fbb5aa961da27feb6cf7ecb004886db/execute/async - {"script":"<script> [1562 bytes]","args":[{"selector":{"controlType":"sap.m.Input","viewName":"etm.portal.ui.manageyards.view.New","viewId":"application-manageyards-display-component---NewYard","bindingPath":{"path":"","propertyPath":"/SALES_AREA_VTWEG","modelName":"NewYardModel"},"interaction":{"idSuffix":"inner"}},"wdio_ui5_key":"etmportal.ui.manageyards.view.Newsap.m.Input{\"path\":\"\",\"propertyPath\":\"/SALES_AREA_VTWEG\",\"modelName\":\"NewYardModel\"}"}]}
RESULT: {"script":"<script> [1562 bytes]","args":[{"selector":{"controlType":"sap.m.Input","viewName":"etm.portal.ui.manageyards.view.New","viewId":"application-manageyards-display-component---NewYard","bindingPath":{"path":"","propertyPath":"/SALES_AREA_VTWEG","modelName":"NewYardModel"},"interaction":{"idSuffix":"inner"}},"wdio_ui5_key":"etmportal.ui.manageyards.view.Newsap.m.Input{\"path\":\"\",\"propertyPath\":\"/SALES_AREA_VTWEG\",\"modelName\":\"NewYardModel\"}"}]}
RESULT: undefined
COMMAND: POST /session/3fbb5aa961da27feb6cf7ecb004886db/execute/async - {"script":"<script> [776 bytes]","args":[{"enterText":"C2","selector":{"controlType":"sap.m.Input","viewName":"etm.portal.ui.manageyards.view.New","viewId":"application-manageyards-display-component---NewYard","bindingPath":{"path":"","propertyPath":"/SALES_AREA_VTWEG","modelName":"NewYardModel"},"interaction":{"idSuffix":"inner"}},"clearTextFirst":true,"interactionType":"ENTER_TEXT"}]}
RESULT: {"script":"<script> [776 bytes]","args":[{"enterText":"C2","selector":{"controlType":"sap.m.Input","viewName":"etm.portal.ui.manageyards.view.New","viewId":"application-manageyards-display-component---NewYard","bindingPath":{"path":"","propertyPath":"/SALES_AREA_VTWEG","modelName":"NewYardModel"},"interaction":{"idSuffix":"inner"}},"clearTextFirst":true,"interactionType":"ENTER_TEXT"}]}
COMMAND: POST /session/3fbb5aa961da27feb6cf7ecb004886db/execute/async - {"script":"<script> [1562 bytes]","args":[{"selector":{"controlType":"sap.m.Input","viewName":"etm.portal.ui.manageyards.view.New","viewId":"application-manageyards-display-component---NewYard","bindingPath":{"path":"","propertyPath":"/SALES_AREA_SPART","modelName":"NewYardModel"},"interaction":{"idSuffix":"inner"}},"wdio_ui5_key":"etmportal.ui.manageyards.view.Newsap.m.Input{\"path\":\"\",\"propertyPath\":\"/SALES_AREA_SPART\",\"modelName\":\"NewYardModel\"}"}]}
RESULT: {"script":"<script> [1562 bytes]","args":[{"selector":{"controlType":"sap.m.Input","viewName":"etm.portal.ui.manageyards.view.New","viewId":"application-manageyards-display-component---NewYard","bindingPath":{"path":"","propertyPath":"/SALES_AREA_SPART","modelName":"NewYardModel"},"interaction":{"idSuffix":"inner"}},"wdio_ui5_key":"etmportal.ui.manageyards.view.Newsap.m.Input{\"path\":\"\",\"propertyPath\":\"/SALES_AREA_SPART\",\"modelName\":\"NewYardModel\"}"}]}
RESULT: undefined
COMMAND: POST /session/3fbb5aa961da27feb6cf7ecb004886db/execute/async - {"script":"<script> [776 bytes]","args":[{"enterText":"C2","selector":{"controlType":"sap.m.Input","viewName":"etm.portal.ui.manageyards.view.New","viewId":"application-manageyards-display-component---NewYard","bindingPath":{"path":"","propertyPath":"/SALES_AREA_SPART","modelName":"NewYardModel"},"interaction":{"idSuffix":"inner"}},"clearTextFirst":true,"interactionType":"ENTER_TEXT"}]}
RESULT: {"script":"<script> [776 bytes]","args":[{"enterText":"C2","selector":{"controlType":"sap.m.Input","viewName":"etm.portal.ui.manageyards.view.New","viewId":"application-manageyards-display-component---NewYard","bindingPath":{"path":"","propertyPath":"/SALES_AREA_SPART","modelName":"NewYardModel"},"interaction":{"idSuffix":"inner"}},"clearTextFirst":true,"interactionType":"ENTER_TEXT"}]}
COMMAND: POST /session/3fbb5aa961da27feb6cf7ecb004886db/execute/async - {"script":"<script> [1562 bytes]","args":[{"selector":{"controlType":"sap.m.Input","viewName":"etm.portal.ui.manageyards.view.New","viewId":"application-manageyards-display-component---NewYard","bindingPath":{"path":"","propertyPath":"/SHIP_POINT","modelName":"NewYardModel"},"interaction":{"idSuffix":"inner"}},"wdio_ui5_key":"etmportal.ui.manageyards.view.Newsap.m.Input{\"path\":\"\",\"propertyPath\":\"/SHIP_POINT\",\"modelName\":\"NewYardModel\"}"}]}
RESULT: {"script":"<script> [1562 bytes]","args":[{"selector":{"controlType":"sap.m.Input","viewName":"etm.portal.ui.manageyards.view.New","viewId":"application-manageyards-display-component---NewYard","bindingPath":{"path":"","propertyPath":"/SHIP_POINT","modelName":"NewYardModel"},"interaction":{"idSuffix":"inner"}},"wdio_ui5_key":"etmportal.ui.manageyards.view.Newsap.m.Input{\"path\":\"\",\"propertyPath\":\"/SHIP_POINT\",\"modelName\":\"NewYardModel\"}"}]}
RESULT: undefined
COMMAND: POST /session/3fbb5aa961da27feb6cf7ecb004886db/execute/async - {"script":"<script> [776 bytes]","args":[{"enterText":"1710","selector":{"controlType":"sap.m.Input","viewName":"etm.portal.ui.manageyards.view.New","viewId":"application-manageyards-display-component---NewYard","bindingPath":{"path":"","propertyPath":"/SHIP_POINT","modelName":"NewYardModel"},"interaction":{"idSuffix":"inner"}},"clearTextFirst":true,"interactionType":"ENTER_TEXT"}]}
RESULT: {"script":"<script> [776 bytes]","args":[{"enterText":"1710","selector":{"controlType":"sap.m.Input","viewName":"etm.portal.ui.manageyards.view.New","viewId":"application-manageyards-display-component---NewYard","bindingPath":{"path":"","propertyPath":"/SHIP_POINT","modelName":"NewYardModel"},"interaction":{"idSuffix":"inner"}},"clearTextFirst":true,"interactionType":"ENTER_TEXT"}]}
COMMAND: POST /session/3fbb5aa961da27feb6cf7ecb004886db/execute/async - {"script":"<script> [1562 bytes]","args":[{"selector":{"controlType":"sap.m.Input","viewName":"etm.portal.ui.manageyards.view.New","viewId":"application-manageyards-display-component---NewYard","bindingPath":{"path":"","propertyPath":"/DELIVERY_TYPE","modelName":"NewYardModel"},"interaction":{"idSuffix":"inner"}},"wdio_ui5_key":"etmportal.ui.manageyards.view.Newsap.m.Input{\"path\":\"\",\"propertyPath\":\"/DELIVERY_TYPE\",\"modelName\":\"NewYardModel\"}"}]}
RESULT: {"script":"<script> [1562 bytes]","args":[{"selector":{"controlType":"sap.m.Input","viewName":"etm.portal.ui.manageyards.view.New","viewId":"application-manageyards-display-component---NewYard","bindingPath":{"path":"","propertyPath":"/DELIVERY_TYPE","modelName":"NewYardModel"},"interaction":{"idSuffix":"inner"}},"wdio_ui5_key":"etmportal.ui.manageyards.view.Newsap.m.Input{\"path\":\"\",\"propertyPath\":\"/DELIVERY_TYPE\",\"modelName\":\"NewYardModel\"}"}]}
RESULT: undefined
COMMAND: POST /session/3fbb5aa961da27feb6cf7ecb004886db/execute/async - {"script":"<script> [776 bytes]","args":[{"enterText":"ZL01","selector":{"controlType":"sap.m.Input","viewName":"etm.portal.ui.manageyards.view.New","viewId":"application-manageyards-display-component---NewYard","bindingPath":{"path":"","propertyPath":"/DELIVERY_TYPE","modelName":"NewYardModel"},"interaction":{"idSuffix":"inner"}},"clearTextFirst":true,"interactionType":"ENTER_TEXT"}]}
RESULT: {"script":"<script> [776 bytes]","args":[{"enterText":"ZL01","selector":{"controlType":"sap.m.Input","viewName":"etm.portal.ui.manageyards.view.New","viewId":"application-manageyards-display-component---NewYard","bindingPath":{"path":"","propertyPath":"/DELIVERY_TYPE","modelName":"NewYardModel"},"interaction":{"idSuffix":"inner"}},"clearTextFirst":true,"interactionType":"ENTER_TEXT"}]}
COMMAND: POST /session/3fbb5aa961da27feb6cf7ecb004886db/execute/async - {"script":"<script> [1562 bytes]","args":[{"selector":{"controlType":"sap.m.Input","viewName":"etm.portal.ui.manageyards.view.New","viewId":"application-manageyards-display-component---NewYard","bindingPath":{"path":"","propertyPath":"/AUART","modelName":"NewYardModel"},"interaction":{"idSuffix":"inner"}},"wdio_ui5_key":"etmportal.ui.manageyards.view.Newsap.m.Input{\"path\":\"\",\"propertyPath\":\"/AUART\",\"modelName\":\"NewYardModel\"}"}]}
RESULT: {"script":"<script> [1562 bytes]","args":[{"selector":{"controlType":"sap.m.Input","viewName":"etm.portal.ui.manageyards.view.New","viewId":"application-manageyards-display-component---NewYard","bindingPath":{"path":"","propertyPath":"/AUART","modelName":"NewYardModel"},"interaction":{"idSuffix":"inner"}},"wdio_ui5_key":"etmportal.ui.manageyards.view.Newsap.m.Input{\"path\":\"\",\"propertyPath\":\"/AUART\",\"modelName\":\"NewYardModel\"}"}]}
RESULT: undefined
COMMAND: POST /session/3fbb5aa961da27feb6cf7ecb004886db/execute/async - {"script":"<script> [776 bytes]","args":[{"enterText":"TA","selector":{"controlType":"sap.m.Input","viewName":"etm.portal.ui.manageyards.view.New","viewId":"application-manageyards-display-component---NewYard","bindingPath":{"path":"","propertyPath":"/AUART","modelName":"NewYardModel"},"interaction":{"idSuffix":"inner"}},"clearTextFirst":true,"interactionType":"ENTER_TEXT"}]}
RESULT: {"script":"<script> [776 bytes]","args":[{"enterText":"TA","selector":{"controlType":"sap.m.Input","viewName":"etm.portal.ui.manageyards.view.New","viewId":"application-manageyards-display-component---NewYard","bindingPath":{"path":"","propertyPath":"/AUART","modelName":"NewYardModel"},"interaction":{"idSuffix":"inner"}},"clearTextFirst":true,"interactionType":"ENTER_TEXT"}]}
COMMAND: POST /session/3fbb5aa961da27feb6cf7ecb004886db/element - {"using":"xpath","value":"//button[@data-kt=\"newYardSaveButton\"]"}
RESULT: {"using":"xpath","value":"//button[@data-kt=\"newYardSaveButton\"]"}
COMMAND: POST /session/3fbb5aa961da27feb6cf7ecb004886db/element/f.0763987BF21D2E15D38664A642A1837D.d.95616E5FC6268B1899C8461B4B0781AB.e.718/click - {}
RESULT: {}
COMMAND: GET /session/3fbb5aa961da27feb6cf7ecb004886db/screenshot - {}
RESULT: {}
COMMAND: POST /session/3fbb5aa961da27feb6cf7ecb004886db/element - {"using":"xpath","value":"//header[contains(@id, 'ObjectPageLayout-headerTitle')]/div[1]/div[2]/div[1]/span[1]"}
RESULT: {"using":"xpath","value":"//header[contains(@id, 'ObjectPageLayout-headerTitle')]/div[1]/div[2]/div[1]/span[1]"}
COMMAND: POST /session/3fbb5aa961da27feb6cf7ecb004886db/elements - {"using":"xpath","value":"//header[contains(@id, 'ObjectPageLayout-headerTitle')]/div[1]/div[2]/div[1]/span[1]"}
RESULT: {"using":"xpath","value":"//header[contains(@id, 'ObjectPageLayout-headerTitle')]/div[1]/div[2]/div[1]/span[1]"}
COMMAND: POST /session/3fbb5aa961da27feb6cf7ecb004886db/execute/sync - {"script":"<script> [56 bytes]","args":[{"element-6066-11e4-a52e-4f735466cecf":"f.0763987BF21D2E15D38664A642A1837D.d.95616E5FC6268B1899C8461B4B0781AB.e.982","ELEMENT":"f.0763987BF21D2E15D38664A642A1837D.d.95616E5FC6268B1899C8461B4B0781AB.e.982"}]}
RESULT: {"script":"<script> [56 bytes]","args":[{"element-6066-11e4-a52e-4f735466cecf":"f.0763987BF21D2E15D38664A642A1837D.d.95616E5FC6268B1899C8461B4B0781AB.e.982","ELEMENT":"f.0763987BF21D2E15D38664A642A1837D.d.95616E5FC6268B1899C8461B4B0781AB.e.982"}]}
COMMAND: GET /session/3fbb5aa961da27feb6cf7ecb004886db/screenshot - {}
RESULT: {}
COMMAND: POST /session/3fbb5aa961da27feb6cf7ecb004886db/element - {"using":"css selector","value":"#shell-header-logo"}
RESULT: {"using":"css selector","value":"#shell-header-logo"}
COMMAND: POST /session/3fbb5aa961da27feb6cf7ecb004886db/element/f.0763987BF21D2E15D38664A642A1837D.d.95616E5FC6268B1899C8461B4B0781AB.e.263/click - {}
RESULT: {}
COMMAND: GET /session/3fbb5aa961da27feb6cf7ecb004886db/screenshot - {}
RESULT: {}
COMMAND: POST /session/3fbb5aa961da27feb6cf7ecb004886db/execute/sync - {"script":"<script> [299 bytes]","args":[["getModel","getResource"]]}
RESULT: {"script":"<script> [299 bytes]","args":[["getModel","getResource"]]}
]]></system-out>
    </testcase>
    <testcase classname="chrome.135_0_7049_42.windows.Billing_Transfer_-_Master_data_&amp;_Intercompany_US127250" name="Should create a new partner" time="131.762">
      <system-out><![CDATA[
COMMAND: GET /session/3fbb5aa961da27feb6cf7ecb004886db/screenshot - {}
COMMAND: POST /session/3fbb5aa961da27feb6cf7ecb004886db/window/fullscreen - {}
RESULT: {}
COMMAND: POST /session/3fbb5aa961da27feb6cf7ecb004886db/execute/async - {"script":"<script> [1562 bytes]","args":[{"selector":{"controlType":"sap.m.GenericTile","properties":{"header":"Manage Partners"}},"wdio_ui5_key":"sapm.GenericTile{\"header\":\"Manage Partners\"}"}]}
RESULT: {}
RESULT: {"script":"<script> [1562 bytes]","args":[{"selector":{"controlType":"sap.m.GenericTile","properties":{"header":"Manage Partners"}},"wdio_ui5_key":"sapm.GenericTile{\"header\":\"Manage Partners\"}"}]}
RESULT: undefined
COMMAND: POST /session/3fbb5aa961da27feb6cf7ecb004886db/element - {"using":"xpath","value":"//*[@id=\"__tile38\"]"}
RESULT: {"using":"xpath","value":"//*[@id=\"__tile38\"]"}
COMMAND: POST /session/3fbb5aa961da27feb6cf7ecb004886db/element/f.0763987BF21D2E15D38664A642A1837D.d.95616E5FC6268B1899C8461B4B0781AB.e.149/click - {}
RESULT: {}
COMMAND: POST /session/3fbb5aa961da27feb6cf7ecb004886db/element - {"using":"xpath","value":"//button[@data-kt=\"addButton\"]"}
COMMAND: GET /session/3fbb5aa961da27feb6cf7ecb004886db/screenshot - {}
RESULT: {"using":"xpath","value":"//button[@data-kt=\"addButton\"]"}
COMMAND: POST /session/3fbb5aa961da27feb6cf7ecb004886db/elements - {"using":"xpath","value":"//button[@data-kt=\"addButton\"]"}
RESULT: {}
RESULT: {"using":"xpath","value":"//button[@data-kt=\"addButton\"]"}
COMMAND: POST /session/3fbb5aa961da27feb6cf7ecb004886db/elements - {"using":"xpath","value":"//button[@data-kt=\"addButton\"]"}
RESULT: {"using":"xpath","value":"//button[@data-kt=\"addButton\"]"}
COMMAND: POST /session/3fbb5aa961da27feb6cf7ecb004886db/elements - {"using":"xpath","value":"//button[@data-kt=\"addButton\"]"}
RESULT: {"using":"xpath","value":"//button[@data-kt=\"addButton\"]"}
COMMAND: POST /session/3fbb5aa961da27feb6cf7ecb004886db/elements - {"using":"xpath","value":"//button[@data-kt=\"addButton\"]"}
RESULT: {"using":"xpath","value":"//button[@data-kt=\"addButton\"]"}
COMMAND: POST /session/3fbb5aa961da27feb6cf7ecb004886db/elements - {"using":"xpath","value":"//button[@data-kt=\"addButton\"]"}
RESULT: {"using":"xpath","value":"//button[@data-kt=\"addButton\"]"}
COMMAND: POST /session/3fbb5aa961da27feb6cf7ecb004886db/elements - {"using":"xpath","value":"//button[@data-kt=\"addButton\"]"}
RESULT: {"using":"xpath","value":"//button[@data-kt=\"addButton\"]"}
COMMAND: POST /session/3fbb5aa961da27feb6cf7ecb004886db/elements - {"using":"xpath","value":"//button[@data-kt=\"addButton\"]"}
RESULT: {"using":"xpath","value":"//button[@data-kt=\"addButton\"]"}
COMMAND: POST /session/3fbb5aa961da27feb6cf7ecb004886db/elements - {"using":"xpath","value":"//button[@data-kt=\"addButton\"]"}
RESULT: {"using":"xpath","value":"//button[@data-kt=\"addButton\"]"}
COMMAND: POST /session/3fbb5aa961da27feb6cf7ecb004886db/elements - {"using":"xpath","value":"//button[@data-kt=\"addButton\"]"}
RESULT: {"using":"xpath","value":"//button[@data-kt=\"addButton\"]"}
COMMAND: POST /session/3fbb5aa961da27feb6cf7ecb004886db/elements - {"using":"xpath","value":"//button[@data-kt=\"addButton\"]"}
RESULT: {"using":"xpath","value":"//button[@data-kt=\"addButton\"]"}
COMMAND: POST /session/3fbb5aa961da27feb6cf7ecb004886db/elements - {"using":"xpath","value":"//button[@data-kt=\"addButton\"]"}
RESULT: {"using":"xpath","value":"//button[@data-kt=\"addButton\"]"}
COMMAND: POST /session/3fbb5aa961da27feb6cf7ecb004886db/elements - {"using":"xpath","value":"//button[@data-kt=\"addButton\"]"}
RESULT: {"using":"xpath","value":"//button[@data-kt=\"addButton\"]"}
COMMAND: POST /session/3fbb5aa961da27feb6cf7ecb004886db/elements - {"using":"xpath","value":"//button[@data-kt=\"addButton\"]"}
RESULT: {"using":"xpath","value":"//button[@data-kt=\"addButton\"]"}
COMMAND: POST /session/3fbb5aa961da27feb6cf7ecb004886db/elements - {"using":"xpath","value":"//button[@data-kt=\"addButton\"]"}
RESULT: {"using":"xpath","value":"//button[@data-kt=\"addButton\"]"}
COMMAND: POST /session/3fbb5aa961da27feb6cf7ecb004886db/elements - {"using":"xpath","value":"//button[@data-kt=\"addButton\"]"}
RESULT: {"using":"xpath","value":"//button[@data-kt=\"addButton\"]"}
COMMAND: POST /session/3fbb5aa961da27feb6cf7ecb004886db/elements - {"using":"xpath","value":"//button[@data-kt=\"addButton\"]"}
RESULT: {"using":"xpath","value":"//button[@data-kt=\"addButton\"]"}
COMMAND: POST /session/3fbb5aa961da27feb6cf7ecb004886db/elements - {"using":"xpath","value":"//button[@data-kt=\"addButton\"]"}
RESULT: {"using":"xpath","value":"//button[@data-kt=\"addButton\"]"}
COMMAND: POST /session/3fbb5aa961da27feb6cf7ecb004886db/element - {"using":"xpath","value":"//button[@data-kt=\"addButton\"]"}
RESULT: {"using":"xpath","value":"//button[@data-kt=\"addButton\"]"}
COMMAND: POST /session/3fbb5aa961da27feb6cf7ecb004886db/execute/sync - {"script":"<script> [8489 bytes]","args":[{"element-6066-11e4-a52e-4f735466cecf":"f.0763987BF21D2E15D38664A642A1837D.d.95616E5FC6268B1899C8461B4B0781AB.e.1030","ELEMENT":"f.0763987BF21D2E15D38664A642A1837D.d.95616E5FC6268B1899C8461B4B0781AB.e.1030"}]}
RESULT: {"script":"<script> [8489 bytes]","args":[{"element-6066-11e4-a52e-4f735466cecf":"f.0763987BF21D2E15D38664A642A1837D.d.95616E5FC6268B1899C8461B4B0781AB.e.1030","ELEMENT":"f.0763987BF21D2E15D38664A642A1837D.d.95616E5FC6268B1899C8461B4B0781AB.e.1030"}]}
COMMAND: GET /session/3fbb5aa961da27feb6cf7ecb004886db/element/f.0763987BF21D2E15D38664A642A1837D.d.95616E5FC6268B1899C8461B4B0781AB.e.1030/enabled - {}
COMMAND: GET /session/3fbb5aa961da27feb6cf7ecb004886db/screenshot - {}
RESULT: {}
COMMAND: POST /session/3fbb5aa961da27feb6cf7ecb004886db/execute/sync - {"script":"<script> [8489 bytes]","args":[{"element-6066-11e4-a52e-4f735466cecf":"f.0763987BF21D2E15D38664A642A1837D.d.95616E5FC6268B1899C8461B4B0781AB.e.1030","ELEMENT":"f.0763987BF21D2E15D38664A642A1837D.d.95616E5FC6268B1899C8461B4B0781AB.e.1030"}]}
COMMAND: GET /session/3fbb5aa961da27feb6cf7ecb004886db/screenshot - {}
RESULT: {}
RESULT: {"script":"<script> [8489 bytes]","args":[{"element-6066-11e4-a52e-4f735466cecf":"f.0763987BF21D2E15D38664A642A1837D.d.95616E5FC6268B1899C8461B4B0781AB.e.1030","ELEMENT":"f.0763987BF21D2E15D38664A642A1837D.d.95616E5FC6268B1899C8461B4B0781AB.e.1030"}]}
COMMAND: POST /session/3fbb5aa961da27feb6cf7ecb004886db/execute/sync - {"script":"<script> [5351 bytes]","args":[{"element-6066-11e4-a52e-4f735466cecf":"f.0763987BF21D2E15D38664A642A1837D.d.95616E5FC6268B1899C8461B4B0781AB.e.1030","ELEMENT":"f.0763987BF21D2E15D38664A642A1837D.d.95616E5FC6268B1899C8461B4B0781AB.e.1030"}]}
COMMAND: GET /session/3fbb5aa961da27feb6cf7ecb004886db/screenshot - {}
RESULT: {}
RESULT: {"script":"<script> [5351 bytes]","args":[{"element-6066-11e4-a52e-4f735466cecf":"f.0763987BF21D2E15D38664A642A1837D.d.95616E5FC6268B1899C8461B4B0781AB.e.1030","ELEMENT":"f.0763987BF21D2E15D38664A642A1837D.d.95616E5FC6268B1899C8461B4B0781AB.e.1030"}]}
COMMAND: POST /session/3fbb5aa961da27feb6cf7ecb004886db/element/f.0763987BF21D2E15D38664A642A1837D.d.95616E5FC6268B1899C8461B4B0781AB.e.1030/click - {}
COMMAND: GET /session/3fbb5aa961da27feb6cf7ecb004886db/screenshot - {}
RESULT: {}
RESULT: {}
COMMAND: GET /session/3fbb5aa961da27feb6cf7ecb004886db/screenshot - {}
RESULT: {}
RESULT: {}
COMMAND: POST /session/3fbb5aa961da27feb6cf7ecb004886db/execute/async - {"script":"<script> [1562 bytes]","args":[{"selector":{"id":"application-managepartners-display-component---NewPartner--addressDetailDetailsName1","interaction":{"idSuffix":"inner"}},"wdio_ui5_key":"applicationmanagepartners-display-component---NewPartner--addressDetailDetailsName1"}]}
RESULT: {"script":"<script> [1562 bytes]","args":[{"selector":{"id":"application-managepartners-display-component---NewPartner--addressDetailDetailsName1","interaction":{"idSuffix":"inner"}},"wdio_ui5_key":"applicationmanagepartners-display-component---NewPartner--addressDetailDetailsName1"}]}
RESULT: undefined
COMMAND: POST /session/3fbb5aa961da27feb6cf7ecb004886db/execute/async - {"script":"<script> [776 bytes]","args":[{"enterText":"Intercompany Partner WDIO","selector":{"id":"application-managepartners-display-component---NewPartner--addressDetailDetailsName1","interaction":{"idSuffix":"inner"}},"clearTextFirst":true,"interactionType":"ENTER_TEXT"}]}
RESULT: {"script":"<script> [776 bytes]","args":[{"enterText":"Intercompany Partner WDIO","selector":{"id":"application-managepartners-display-component---NewPartner--addressDetailDetailsName1","interaction":{"idSuffix":"inner"}},"clearTextFirst":true,"interactionType":"ENTER_TEXT"}]}
COMMAND: POST /session/3fbb5aa961da27feb6cf7ecb004886db/execute/async - {"script":"<script> [1562 bytes]","args":[{"selector":{"id":"application-managepartners-display-component---NewPartner--addressDetailDetailsLanguage-arrow"},"wdio_ui5_key":"applicationmanagepartners-display-component---NewPartner--addressDetailDetailsLanguage-arrow"}]}
RESULT: {"script":"<script> [1562 bytes]","args":[{"selector":{"id":"application-managepartners-display-component---NewPartner--addressDetailDetailsLanguage-arrow"},"wdio_ui5_key":"applicationmanagepartners-display-component---NewPartner--addressDetailDetailsLanguage-arrow"}]}
RESULT: undefined
COMMAND: POST /session/3fbb5aa961da27feb6cf7ecb004886db/element - {"using":"xpath","value":"//*[@id=\"application-managepartners-display-component---NewPartner--addressDetailDetailsLanguage-arrow\"]"}
RESULT: {"using":"xpath","value":"//*[@id=\"application-managepartners-display-component---NewPartner--addressDetailDetailsLanguage-arrow\"]"}
COMMAND: POST /session/3fbb5aa961da27feb6cf7ecb004886db/element/f.0763987BF21D2E15D38664A642A1837D.d.95616E5FC6268B1899C8461B4B0781AB.e.1474/click - {}
RESULT: {}
COMMAND: POST /session/3fbb5aa961da27feb6cf7ecb004886db/element - {"using":"xpath","value":"//span[contains(text(), \"English\")]"}
COMMAND: GET /session/3fbb5aa961da27feb6cf7ecb004886db/screenshot - {}
RESULT: {"using":"xpath","value":"//span[contains(text(), \"English\")]"}
COMMAND: POST /session/3fbb5aa961da27feb6cf7ecb004886db/element/f.0763987BF21D2E15D38664A642A1837D.d.95616E5FC6268B1899C8461B4B0781AB.e.1475/click - {}
RESULT: {}
RESULT: {}
COMMAND: GET /session/3fbb5aa961da27feb6cf7ecb004886db/screenshot - {}
RESULT: {}
COMMAND: POST /session/3fbb5aa961da27feb6cf7ecb004886db/execute/async - {"script":"<script> [1562 bytes]","args":[{"selector":{"id":"application-managepartners-display-component---NewPartner--addressDetailDetailsCity1","interaction":{"idSuffix":"inner"}},"wdio_ui5_key":"applicationmanagepartners-display-component---NewPartner--addressDetailDetailsCity1"}]}
RESULT: {"script":"<script> [1562 bytes]","args":[{"selector":{"id":"application-managepartners-display-component---NewPartner--addressDetailDetailsCity1","interaction":{"idSuffix":"inner"}},"wdio_ui5_key":"applicationmanagepartners-display-component---NewPartner--addressDetailDetailsCity1"}]}
RESULT: undefined
COMMAND: POST /session/3fbb5aa961da27feb6cf7ecb004886db/execute/async - {"script":"<script> [776 bytes]","args":[{"enterText":"Rosario","selector":{"id":"application-managepartners-display-component---NewPartner--addressDetailDetailsCity1","interaction":{"idSuffix":"inner"}},"clearTextFirst":true,"interactionType":"ENTER_TEXT"}]}
RESULT: {"script":"<script> [776 bytes]","args":[{"enterText":"Rosario","selector":{"id":"application-managepartners-display-component---NewPartner--addressDetailDetailsCity1","interaction":{"idSuffix":"inner"}},"clearTextFirst":true,"interactionType":"ENTER_TEXT"}]}
COMMAND: POST /session/3fbb5aa961da27feb6cf7ecb004886db/execute/async - {"script":"<script> [1562 bytes]","args":[{"selector":{"id":"application-managepartners-display-component---NewPartner--addressDetailDetailsCountry-arrow"},"wdio_ui5_key":"applicationmanagepartners-display-component---NewPartner--addressDetailDetailsCountry-arrow"}]}
RESULT: {"script":"<script> [1562 bytes]","args":[{"selector":{"id":"application-managepartners-display-component---NewPartner--addressDetailDetailsCountry-arrow"},"wdio_ui5_key":"applicationmanagepartners-display-component---NewPartner--addressDetailDetailsCountry-arrow"}]}
RESULT: undefined
COMMAND: POST /session/3fbb5aa961da27feb6cf7ecb004886db/element - {"using":"xpath","value":"//*[@id=\"application-managepartners-display-component---NewPartner--addressDetailDetailsCountry-arrow\"]"}
RESULT: {"using":"xpath","value":"//*[@id=\"application-managepartners-display-component---NewPartner--addressDetailDetailsCountry-arrow\"]"}
COMMAND: POST /session/3fbb5aa961da27feb6cf7ecb004886db/element/f.0763987BF21D2E15D38664A642A1837D.d.95616E5FC6268B1899C8461B4B0781AB.e.1438/click - {}
RESULT: {}
COMMAND: POST /session/3fbb5aa961da27feb6cf7ecb004886db/element - {"using":"xpath","value":"//span[contains(text(), \"Argentina\")]"}
COMMAND: GET /session/3fbb5aa961da27feb6cf7ecb004886db/screenshot - {}
RESULT: {"using":"xpath","value":"//span[contains(text(), \"Argentina\")]"}
COMMAND: POST /session/3fbb5aa961da27feb6cf7ecb004886db/element/f.0763987BF21D2E15D38664A642A1837D.d.95616E5FC6268B1899C8461B4B0781AB.e.1477/click - {}
RESULT: {}
RESULT: {}
COMMAND: GET /session/3fbb5aa961da27feb6cf7ecb004886db/screenshot - {}
RESULT: {}
COMMAND: POST /session/3fbb5aa961da27feb6cf7ecb004886db/element - {"using":"xpath","value":"//bdi[contains(text(), \"Commercial\")]"}
RESULT: {"using":"xpath","value":"//bdi[contains(text(), \"Commercial\")]"}
COMMAND: POST /session/3fbb5aa961da27feb6cf7ecb004886db/element/f.0763987BF21D2E15D38664A642A1837D.d.95616E5FC6268B1899C8461B4B0781AB.e.1478/click - {}
RESULT: {}
COMMAND: GET /session/3fbb5aa961da27feb6cf7ecb004886db/screenshot - {}
RESULT: {}
COMMAND: POST /session/3fbb5aa961da27feb6cf7ecb004886db/execute/async - {"script":"<script> [1562 bytes]","args":[{"selector":{"id":"application-managepartners-display-component---NewPartner--partnerDetailInternal-arrow"},"wdio_ui5_key":"applicationmanagepartners-display-component---NewPartner--partnerDetailInternal-arrow"}]}
RESULT: {"script":"<script> [1562 bytes]","args":[{"selector":{"id":"application-managepartners-display-component---NewPartner--partnerDetailInternal-arrow"},"wdio_ui5_key":"applicationmanagepartners-display-component---NewPartner--partnerDetailInternal-arrow"}]}
RESULT: undefined
COMMAND: POST /session/3fbb5aa961da27feb6cf7ecb004886db/element - {"using":"xpath","value":"//*[@id=\"application-managepartners-display-component---NewPartner--partnerDetailInternal-arrow\"]"}
RESULT: {"using":"xpath","value":"//*[@id=\"application-managepartners-display-component---NewPartner--partnerDetailInternal-arrow\"]"}
COMMAND: POST /session/3fbb5aa961da27feb6cf7ecb004886db/element/f.0763987BF21D2E15D38664A642A1837D.d.95616E5FC6268B1899C8461B4B0781AB.e.1484/click - {}
RESULT: {}
COMMAND: POST /session/3fbb5aa961da27feb6cf7ecb004886db/element - {"using":"xpath","value":"//span[contains(text(), \"Affiliated company\")]"}
COMMAND: GET /session/3fbb5aa961da27feb6cf7ecb004886db/screenshot - {}
RESULT: {"using":"xpath","value":"//span[contains(text(), \"Affiliated company\")]"}
COMMAND: POST /session/3fbb5aa961da27feb6cf7ecb004886db/element/f.0763987BF21D2E15D38664A642A1837D.d.95616E5FC6268B1899C8461B4B0781AB.e.1485/click - {}
RESULT: {}
RESULT: {}
COMMAND: POST /session/3fbb5aa961da27feb6cf7ecb004886db/execute/async - {"script":"<script> [1562 bytes]","args":[{"selector":{"id":"application-managepartners-display-component---NewPartner--partnerDetailsCurrency-arrow"},"wdio_ui5_key":"applicationmanagepartners-display-component---NewPartner--partnerDetailsCurrency-arrow"}]}
COMMAND: GET /session/3fbb5aa961da27feb6cf7ecb004886db/screenshot - {}
RESULT: {"script":"<script> [1562 bytes]","args":[{"selector":{"id":"application-managepartners-display-component---NewPartner--partnerDetailsCurrency-arrow"},"wdio_ui5_key":"applicationmanagepartners-display-component---NewPartner--partnerDetailsCurrency-arrow"}]}
RESULT: undefined
COMMAND: POST /session/3fbb5aa961da27feb6cf7ecb004886db/element - {"using":"xpath","value":"//*[@id=\"application-managepartners-display-component---NewPartner--partnerDetailsCurrency-arrow\"]"}
RESULT: {}
RESULT: {"using":"xpath","value":"//*[@id=\"application-managepartners-display-component---NewPartner--partnerDetailsCurrency-arrow\"]"}
COMMAND: POST /session/3fbb5aa961da27feb6cf7ecb004886db/element/f.0763987BF21D2E15D38664A642A1837D.d.95616E5FC6268B1899C8461B4B0781AB.e.1492/click - {}
RESULT: {}
COMMAND: POST /session/3fbb5aa961da27feb6cf7ecb004886db/element - {"using":"xpath","value":"//span[contains(text(), \"Euro\")]"}
COMMAND: GET /session/3fbb5aa961da27feb6cf7ecb004886db/screenshot - {}
RESULT: {"using":"xpath","value":"//span[contains(text(), \"Euro\")]"}
COMMAND: POST /session/3fbb5aa961da27feb6cf7ecb004886db/element/f.0763987BF21D2E15D38664A642A1837D.d.95616E5FC6268B1899C8461B4B0781AB.e.1493/click - {}
RESULT: {}
RESULT: {}
COMMAND: POST /session/3fbb5aa961da27feb6cf7ecb004886db/execute/async - {"script":"<script> [1562 bytes]","args":[{"selector":{"id":"application-managepartners-display-component---NewPartner--addressEditDetailsCostObjectCstType-arrow"},"wdio_ui5_key":"applicationmanagepartners-display-component---NewPartner--addressEditDetailsCostObjectCstType-arrow"}]}
COMMAND: GET /session/3fbb5aa961da27feb6cf7ecb004886db/screenshot - {}
RESULT: {"script":"<script> [1562 bytes]","args":[{"selector":{"id":"application-managepartners-display-component---NewPartner--addressEditDetailsCostObjectCstType-arrow"},"wdio_ui5_key":"applicationmanagepartners-display-component---NewPartner--addressEditDetailsCostObjectCstType-arrow"}]}
RESULT: undefined
COMMAND: POST /session/3fbb5aa961da27feb6cf7ecb004886db/element - {"using":"xpath","value":"//*[@id=\"application-managepartners-display-component---NewPartner--addressEditDetailsCostObjectCstType-arrow\"]"}
RESULT: {}
RESULT: {"using":"xpath","value":"//*[@id=\"application-managepartners-display-component---NewPartner--addressEditDetailsCostObjectCstType-arrow\"]"}
COMMAND: POST /session/3fbb5aa961da27feb6cf7ecb004886db/element/f.0763987BF21D2E15D38664A642A1837D.d.95616E5FC6268B1899C8461B4B0781AB.e.1494/click - {}
RESULT: {}
COMMAND: POST /session/3fbb5aa961da27feb6cf7ecb004886db/element - {"using":"xpath","value":"//span[contains(text(), \"Cost Center\")]"}
COMMAND: GET /session/3fbb5aa961da27feb6cf7ecb004886db/screenshot - {}
RESULT: {"using":"xpath","value":"//span[contains(text(), \"Cost Center\")]"}
COMMAND: POST /session/3fbb5aa961da27feb6cf7ecb004886db/element/f.0763987BF21D2E15D38664A642A1837D.d.95616E5FC6268B1899C8461B4B0781AB.e.1495/click - {}
RESULT: {}
RESULT: {}
COMMAND: GET /session/3fbb5aa961da27feb6cf7ecb004886db/screenshot - {}
RESULT: {}
COMMAND: POST /session/3fbb5aa961da27feb6cf7ecb004886db/element - {"using":"xpath","value":"//span[@id=\"application-managepartners-display-component---NewPartner--addressNewCostObjectCstID-vhi\"]"}
RESULT: {"using":"xpath","value":"//span[@id=\"application-managepartners-display-component---NewPartner--addressNewCostObjectCstID-vhi\"]"}
COMMAND: POST /session/3fbb5aa961da27feb6cf7ecb004886db/execute/sync - {"script":"<script> [8489 bytes]","args":[{"element-6066-11e4-a52e-4f735466cecf":"f.0763987BF21D2E15D38664A642A1837D.d.95616E5FC6268B1899C8461B4B0781AB.e.1498","ELEMENT":"f.0763987BF21D2E15D38664A642A1837D.d.95616E5FC6268B1899C8461B4B0781AB.e.1498"}]}
RESULT: {"script":"<script> [8489 bytes]","args":[{"element-6066-11e4-a52e-4f735466cecf":"f.0763987BF21D2E15D38664A642A1837D.d.95616E5FC6268B1899C8461B4B0781AB.e.1498","ELEMENT":"f.0763987BF21D2E15D38664A642A1837D.d.95616E5FC6268B1899C8461B4B0781AB.e.1498"}]}
COMMAND: POST /session/3fbb5aa961da27feb6cf7ecb004886db/execute/async - {"script":"<script> [1562 bytes]","args":[{"selector":{"id":"application-managepartners-display-component---NewPartner--addressNewCostObjectCstID-vhi"},"wdio_ui5_key":"applicationmanagepartners-display-component---NewPartner--addressNewCostObjectCstID-vhi"}]}
COMMAND: GET /session/3fbb5aa961da27feb6cf7ecb004886db/screenshot - {}
RESULT: {}
RESULT: {"script":"<script> [1562 bytes]","args":[{"selector":{"id":"application-managepartners-display-component---NewPartner--addressNewCostObjectCstID-vhi"},"wdio_ui5_key":"applicationmanagepartners-display-component---NewPartner--addressNewCostObjectCstID-vhi"}]}
RESULT: undefined
COMMAND: POST /session/3fbb5aa961da27feb6cf7ecb004886db/element - {"using":"xpath","value":"//*[@id=\"application-managepartners-display-component---NewPartner--addressNewCostObjectCstID-vhi\"]"}
RESULT: {"using":"xpath","value":"//*[@id=\"application-managepartners-display-component---NewPartner--addressNewCostObjectCstID-vhi\"]"}
COMMAND: POST /session/3fbb5aa961da27feb6cf7ecb004886db/element/f.0763987BF21D2E15D38664A642A1837D.d.95616E5FC6268B1899C8461B4B0781AB.e.1498/click - {}
RESULT: {}
COMMAND: GET /session/3fbb5aa961da27feb6cf7ecb004886db/screenshot - {}
RESULT: {}
RESULT: undefined
COMMAND: POST /session/3fbb5aa961da27feb6cf7ecb004886db/execute/async - {"script":"<script> [776 bytes]","args":[{"enterText":"10001013","selector":{"controlType":"sap.m.SearchField","properties":{"placeholder":"Search"},"searchOpenDialogs":true,"interaction":{"idSuffix":"I"}},"clearTextFirst":true,"interactionType":"ENTER_TEXT"}]}
RESULT: {"script":"<script> [776 bytes]","args":[{"enterText":"10001013","selector":{"controlType":"sap.m.SearchField","properties":{"placeholder":"Search"},"searchOpenDialogs":true,"interaction":{"idSuffix":"I"}},"clearTextFirst":true,"interactionType":"ENTER_TEXT"}]}
COMMAND: POST /session/3fbb5aa961da27feb6cf7ecb004886db/actions - {"actions":[{"id":"action2","type":"key","parameters":{},"actions":[{"type":"keyDown","value":""},{"type":"pause","duration":10},{"type":"keyUp","value":""}]}]}
RESULT: {"actions":[{"id":"action2","type":"key","parameters":{},"actions":[{"type":"keyDown","value":""},{"type":"pause","duration":10},{"type":"keyUp","value":""}]}]}
COMMAND: GET /session/3fbb5aa961da27feb6cf7ecb004886db/screenshot - {}
RESULT: {}
COMMAND: POST /session/3fbb5aa961da27feb6cf7ecb004886db/element - {"using":"xpath","value":"//span[contains(text(), \"General Management\")]"}
RESULT: {"using":"xpath","value":"//span[contains(text(), \"General Management\")]"}
COMMAND: POST /session/3fbb5aa961da27feb6cf7ecb004886db/element/f.0763987BF21D2E15D38664A642A1837D.d.95616E5FC6268B1899C8461B4B0781AB.e.1537/click - {}
RESULT: {}
COMMAND: GET /session/3fbb5aa961da27feb6cf7ecb004886db/screenshot - {}
RESULT: {}
COMMAND: POST /session/3fbb5aa961da27feb6cf7ecb004886db/element - {"using":"xpath","value":"//bdi[contains(text(), \"OK\")]"}
RESULT: {"using":"xpath","value":"//bdi[contains(text(), \"OK\")]"}
COMMAND: POST /session/3fbb5aa961da27feb6cf7ecb004886db/element/f.0763987BF21D2E15D38664A642A1837D.d.95616E5FC6268B1899C8461B4B0781AB.e.1538/click - {}
RESULT: {}
COMMAND: GET /session/3fbb5aa961da27feb6cf7ecb004886db/screenshot - {}
RESULT: {}
COMMAND: POST /session/3fbb5aa961da27feb6cf7ecb004886db/element - {"using":"xpath","value":"//input[@id=\"application-managepartners-display-component---NewPartner--companyCodeComboBox-inner\"]"}
RESULT: {"using":"xpath","value":"//input[@id=\"application-managepartners-display-component---NewPartner--companyCodeComboBox-inner\"]"}
COMMAND: POST /session/3fbb5aa961da27feb6cf7ecb004886db/element/f.0763987BF21D2E15D38664A642A1837D.d.95616E5FC6268B1899C8461B4B0781AB.e.1433/clear - {}
RESULT: {}
COMMAND: POST /session/3fbb5aa961da27feb6cf7ecb004886db/element/f.0763987BF21D2E15D38664A642A1837D.d.95616E5FC6268B1899C8461B4B0781AB.e.1433/value - {"text":"C002"}
COMMAND: GET /session/3fbb5aa961da27feb6cf7ecb004886db/screenshot - {}
RESULT: {"text":"C002"}
COMMAND: GET /session/3fbb5aa961da27feb6cf7ecb004886db/screenshot - {}
RESULT: {}
RESULT: {}
COMMAND: POST /session/3fbb5aa961da27feb6cf7ecb004886db/element - {"using":"xpath","value":"//span[contains(text(), \"C002\")]"}
RESULT: {"using":"xpath","value":"//span[contains(text(), \"C002\")]"}
COMMAND: POST /session/3fbb5aa961da27feb6cf7ecb004886db/element/f.0763987BF21D2E15D38664A642A1837D.d.95616E5FC6268B1899C8461B4B0781AB.e.1544/click - {}
RESULT: {}
COMMAND: GET /session/3fbb5aa961da27feb6cf7ecb004886db/screenshot - {}
RESULT: {}
COMMAND: POST /session/3fbb5aa961da27feb6cf7ecb004886db/execute/async - {"script":"<script> [1562 bytes]","args":[{"selector":{"id":"application-managepartners-display-component---NewPartner--btnAddTableRow-img"},"wdio_ui5_key":"applicationmanagepartners-display-component---NewPartner--btnAddTableRow-img"}]}
RESULT: {"script":"<script> [1562 bytes]","args":[{"selector":{"id":"application-managepartners-display-component---NewPartner--btnAddTableRow-img"},"wdio_ui5_key":"applicationmanagepartners-display-component---NewPartner--btnAddTableRow-img"}]}
RESULT: undefined
COMMAND: POST /session/3fbb5aa961da27feb6cf7ecb004886db/element - {"using":"xpath","value":"//*[@id=\"application-managepartners-display-component---NewPartner--btnAddTableRow-img\"]"}
RESULT: {"using":"xpath","value":"//*[@id=\"application-managepartners-display-component---NewPartner--btnAddTableRow-img\"]"}
COMMAND: POST /session/3fbb5aa961da27feb6cf7ecb004886db/element/f.0763987BF21D2E15D38664A642A1837D.d.95616E5FC6268B1899C8461B4B0781AB.e.1545/click - {}
RESULT: {}
COMMAND: GET /session/3fbb5aa961da27feb6cf7ecb004886db/screenshot - {}
RESULT: {}
COMMAND: POST /session/3fbb5aa961da27feb6cf7ecb004886db/element - {"using":"xpath","value":"//input[@id=\"application-managepartners-display-component---NewPartner--assignmentYard-application-managepartners-display-component---NewPartner--assignmentsTable-0-inner\"]"}
RESULT: {"using":"xpath","value":"//input[@id=\"application-managepartners-display-component---NewPartner--assignmentYard-application-managepartners-display-component---NewPartner--assignmentsTable-0-inner\"]"}
COMMAND: POST /session/3fbb5aa961da27feb6cf7ecb004886db/element/f.0763987BF21D2E15D38664A642A1837D.d.95616E5FC6268B1899C8461B4B0781AB.e.1548/clear - {}
RESULT: {}
COMMAND: POST /session/3fbb5aa961da27feb6cf7ecb004886db/element/f.0763987BF21D2E15D38664A642A1837D.d.95616E5FC6268B1899C8461B4B0781AB.e.1548/value - {"text":"468"}
COMMAND: GET /session/3fbb5aa961da27feb6cf7ecb004886db/screenshot - {}
RESULT: {}
RESULT: {"text":"468"}
COMMAND: GET /session/3fbb5aa961da27feb6cf7ecb004886db/screenshot - {}
RESULT: {}
COMMAND: POST /session/3fbb5aa961da27feb6cf7ecb004886db/element - {"using":"xpath","value":"//li[.//span[text()='468']]"}
RESULT: {"using":"xpath","value":"//li[.//span[text()='468']]"}
COMMAND: POST /session/3fbb5aa961da27feb6cf7ecb004886db/element/f.0763987BF21D2E15D38664A642A1837D.d.95616E5FC6268B1899C8461B4B0781AB.e.1557/click - {}
RESULT: {}
COMMAND: GET /session/3fbb5aa961da27feb6cf7ecb004886db/screenshot - {}
RESULT: {}
COMMAND: POST /session/3fbb5aa961da27feb6cf7ecb004886db/actions - {"actions":[{"id":"action3","type":"key","parameters":{},"actions":[{"type":"keyDown","value":""},{"type":"pause","duration":10},{"type":"keyUp","value":""}]}]}
RESULT: {"actions":[{"id":"action3","type":"key","parameters":{},"actions":[{"type":"keyDown","value":""},{"type":"pause","duration":10},{"type":"keyUp","value":""}]}]}
COMMAND: POST /session/3fbb5aa961da27feb6cf7ecb004886db/execute/async - {"script":"<script> [1562 bytes]","args":[{"selector":{"id":"application-managepartners-display-component---NewPartner--externalCustomerComboBox-application-managepartners-display-component---NewPartner--assignmentsTable-0-vhi"},"wdio_ui5_key":"applicationmanagepartners-display-component---NewPartner--externalCustomerComboBox-application-managepartners-display-component---NewPartner--assignmentsTable-0-vhi"}]}
COMMAND: GET /session/3fbb5aa961da27feb6cf7ecb004886db/screenshot - {}
RESULT: {"script":"<script> [1562 bytes]","args":[{"selector":{"id":"application-managepartners-display-component---NewPartner--externalCustomerComboBox-application-managepartners-display-component---NewPartner--assignmentsTable-0-vhi"},"wdio_ui5_key":"applicationmanagepartners-display-component---NewPartner--externalCustomerComboBox-application-managepartners-display-component---NewPartner--assignmentsTable-0-vhi"}]}
RESULT: undefined
COMMAND: POST /session/3fbb5aa961da27feb6cf7ecb004886db/element - {"using":"xpath","value":"//*[@id=\"application-managepartners-display-component---NewPartner--externalCustomerComboBox-application-managepartners-display-component---NewPartner--assignmentsTable-0-vhi\"]"}
RESULT: {}
RESULT: {"using":"xpath","value":"//*[@id=\"application-managepartners-display-component---NewPartner--externalCustomerComboBox-application-managepartners-display-component---NewPartner--assignmentsTable-0-vhi\"]"}
COMMAND: POST /session/3fbb5aa961da27feb6cf7ecb004886db/element/f.0763987BF21D2E15D38664A642A1837D.d.95616E5FC6268B1899C8461B4B0781AB.e.1561/click - {}
RESULT: {}
RESULT: undefined
COMMAND: POST /session/3fbb5aa961da27feb6cf7ecb004886db/execute/async - {"script":"<script> [776 bytes]","args":[{"enterText":"300003","selector":{"controlType":"sap.m.SearchField","properties":{"placeholder":"Search"},"searchOpenDialogs":true,"interaction":{"idSuffix":"I"}},"clearTextFirst":true,"interactionType":"ENTER_TEXT"}]}
COMMAND: GET /session/3fbb5aa961da27feb6cf7ecb004886db/screenshot - {}
RESULT: {"script":"<script> [776 bytes]","args":[{"enterText":"300003","selector":{"controlType":"sap.m.SearchField","properties":{"placeholder":"Search"},"searchOpenDialogs":true,"interaction":{"idSuffix":"I"}},"clearTextFirst":true,"interactionType":"ENTER_TEXT"}]}
COMMAND: POST /session/3fbb5aa961da27feb6cf7ecb004886db/actions - {"actions":[{"id":"action4","type":"key","parameters":{},"actions":[{"type":"keyDown","value":""},{"type":"pause","duration":10},{"type":"keyUp","value":""}]}]}
RESULT: {}
RESULT: {"actions":[{"id":"action4","type":"key","parameters":{},"actions":[{"type":"keyDown","value":""},{"type":"pause","duration":10},{"type":"keyUp","value":""}]}]}
COMMAND: GET /session/3fbb5aa961da27feb6cf7ecb004886db/screenshot - {}
RESULT: {}
COMMAND: POST /session/3fbb5aa961da27feb6cf7ecb004886db/element - {"using":"xpath","value":"//span[contains(text(), \"300003\")]"}
RESULT: {"using":"xpath","value":"//span[contains(text(), \"300003\")]"}
COMMAND: POST /session/3fbb5aa961da27feb6cf7ecb004886db/element/f.0763987BF21D2E15D38664A642A1837D.d.95616E5FC6268B1899C8461B4B0781AB.e.1579/click - {}
RESULT: {}
COMMAND: GET /session/3fbb5aa961da27feb6cf7ecb004886db/screenshot - {}
RESULT: {}
COMMAND: POST /session/3fbb5aa961da27feb6cf7ecb004886db/element - {"using":"xpath","value":"//bdi[contains(text(), \"OK\")]"}
RESULT: {"using":"xpath","value":"//bdi[contains(text(), \"OK\")]"}
COMMAND: POST /session/3fbb5aa961da27feb6cf7ecb004886db/element/f.0763987BF21D2E15D38664A642A1837D.d.95616E5FC6268B1899C8461B4B0781AB.e.1581/click - {}
RESULT: {}
COMMAND: GET /session/3fbb5aa961da27feb6cf7ecb004886db/screenshot - {}
RESULT: {}
COMMAND: POST /session/3fbb5aa961da27feb6cf7ecb004886db/execute/async - {"script":"<script> [1562 bytes]","args":[{"selector":{"id":"application-managepartners-display-component---NewPartner--intercompVendorComboBox-application-managepartners-display-component---NewPartner--assignmentsTable-0-vhi"},"wdio_ui5_key":"applicationmanagepartners-display-component---NewPartner--intercompVendorComboBox-application-managepartners-display-component---NewPartner--assignmentsTable-0-vhi"}]}
RESULT: {"script":"<script> [1562 bytes]","args":[{"selector":{"id":"application-managepartners-display-component---NewPartner--intercompVendorComboBox-application-managepartners-display-component---NewPartner--assignmentsTable-0-vhi"},"wdio_ui5_key":"applicationmanagepartners-display-component---NewPartner--intercompVendorComboBox-application-managepartners-display-component---NewPartner--assignmentsTable-0-vhi"}]}
RESULT: undefined
COMMAND: POST /session/3fbb5aa961da27feb6cf7ecb004886db/element - {"using":"xpath","value":"//*[@id=\"application-managepartners-display-component---NewPartner--intercompVendorComboBox-application-managepartners-display-component---NewPartner--assignmentsTable-0-vhi\"]"}
RESULT: {"using":"xpath","value":"//*[@id=\"application-managepartners-display-component---NewPartner--intercompVendorComboBox-application-managepartners-display-component---NewPartner--assignmentsTable-0-vhi\"]"}
COMMAND: POST /session/3fbb5aa961da27feb6cf7ecb004886db/element/f.0763987BF21D2E15D38664A642A1837D.d.95616E5FC6268B1899C8461B4B0781AB.e.1584/click - {}
RESULT: {}
RESULT: undefined
COMMAND: POST /session/3fbb5aa961da27feb6cf7ecb004886db/execute/async - {"script":"<script> [776 bytes]","args":[{"enterText":"100005","selector":{"controlType":"sap.m.SearchField","properties":{"placeholder":"Search"},"searchOpenDialogs":true,"interaction":{"idSuffix":"I"}},"clearTextFirst":true,"interactionType":"ENTER_TEXT"}]}
COMMAND: GET /session/3fbb5aa961da27feb6cf7ecb004886db/screenshot - {}
RESULT: {"script":"<script> [776 bytes]","args":[{"enterText":"100005","selector":{"controlType":"sap.m.SearchField","properties":{"placeholder":"Search"},"searchOpenDialogs":true,"interaction":{"idSuffix":"I"}},"clearTextFirst":true,"interactionType":"ENTER_TEXT"}]}
COMMAND: POST /session/3fbb5aa961da27feb6cf7ecb004886db/actions - {"actions":[{"id":"action5","type":"key","parameters":{},"actions":[{"type":"keyDown","value":""},{"type":"pause","duration":10},{"type":"keyUp","value":""}]}]}
RESULT: {}
RESULT: {"actions":[{"id":"action5","type":"key","parameters":{},"actions":[{"type":"keyDown","value":""},{"type":"pause","duration":10},{"type":"keyUp","value":""}]}]}
COMMAND: GET /session/3fbb5aa961da27feb6cf7ecb004886db/screenshot - {}
RESULT: {}
COMMAND: POST /session/3fbb5aa961da27feb6cf7ecb004886db/element - {"using":"xpath","value":"//span[contains(text(), \"Penguins - Field/12345 Berlin\")]"}
RESULT: {"using":"xpath","value":"//span[contains(text(), \"Penguins - Field/12345 Berlin\")]"}
COMMAND: POST /session/3fbb5aa961da27feb6cf7ecb004886db/element/f.0763987BF21D2E15D38664A642A1837D.d.95616E5FC6268B1899C8461B4B0781AB.e.1603/click - {}
RESULT: {}
COMMAND: GET /session/3fbb5aa961da27feb6cf7ecb004886db/screenshot - {}
RESULT: {}
COMMAND: POST /session/3fbb5aa961da27feb6cf7ecb004886db/element - {"using":"xpath","value":"//bdi[contains(text(), \"OK\")]"}
RESULT: {"using":"xpath","value":"//bdi[contains(text(), \"OK\")]"}
COMMAND: POST /session/3fbb5aa961da27feb6cf7ecb004886db/element/f.0763987BF21D2E15D38664A642A1837D.d.95616E5FC6268B1899C8461B4B0781AB.e.1604/click - {}
RESULT: {}
COMMAND: GET /session/3fbb5aa961da27feb6cf7ecb004886db/screenshot - {}
RESULT: {}
COMMAND: POST /session/3fbb5aa961da27feb6cf7ecb004886db/element - {"using":"xpath","value":"//button[@data-kt=\"saveButton\"]"}
RESULT: {"using":"xpath","value":"//button[@data-kt=\"saveButton\"]"}
COMMAND: POST /session/3fbb5aa961da27feb6cf7ecb004886db/element/f.0763987BF21D2E15D38664A642A1837D.d.95616E5FC6268B1899C8461B4B0781AB.e.1459/click - {}
RESULT: {}
COMMAND: GET /session/3fbb5aa961da27feb6cf7ecb004886db/screenshot - {}
RESULT: {}
COMMAND: POST /session/3fbb5aa961da27feb6cf7ecb004886db/element - {"using":"xpath","value":"//header[contains(@id, 'ObjectPageLayout-headerTitle')]/div[1]/div[2]/div[2]/span[1]"}
RESULT: {"using":"xpath","value":"//header[contains(@id, 'ObjectPageLayout-headerTitle')]/div[1]/div[2]/div[2]/span[1]"}
COMMAND: POST /session/3fbb5aa961da27feb6cf7ecb004886db/elements - {"using":"xpath","value":"//header[contains(@id, 'ObjectPageLayout-headerTitle')]/div[1]/div[2]/div[2]/span[1]"}
RESULT: {"using":"xpath","value":"//header[contains(@id, 'ObjectPageLayout-headerTitle')]/div[1]/div[2]/div[2]/span[1]"}
COMMAND: POST /session/3fbb5aa961da27feb6cf7ecb004886db/execute/sync - {"script":"<script> [56 bytes]","args":[{"element-6066-11e4-a52e-4f735466cecf":"f.0763987BF21D2E15D38664A642A1837D.d.95616E5FC6268B1899C8461B4B0781AB.e.1770","ELEMENT":"f.0763987BF21D2E15D38664A642A1837D.d.95616E5FC6268B1899C8461B4B0781AB.e.1770"}]}
RESULT: {"script":"<script> [56 bytes]","args":[{"element-6066-11e4-a52e-4f735466cecf":"f.0763987BF21D2E15D38664A642A1837D.d.95616E5FC6268B1899C8461B4B0781AB.e.1770","ELEMENT":"f.0763987BF21D2E15D38664A642A1837D.d.95616E5FC6268B1899C8461B4B0781AB.e.1770"}]}
COMMAND: POST /session/3fbb5aa961da27feb6cf7ecb004886db/element - {"using":"css selector","value":"#shell-header-logo"}
COMMAND: GET /session/3fbb5aa961da27feb6cf7ecb004886db/screenshot - {}
RESULT: {"using":"css selector","value":"#shell-header-logo"}
COMMAND: POST /session/3fbb5aa961da27feb6cf7ecb004886db/element/f.0763987BF21D2E15D38664A642A1837D.d.95616E5FC6268B1899C8461B4B0781AB.e.985/click - {}
RESULT: {}
RESULT: {}
COMMAND: GET /session/3fbb5aa961da27feb6cf7ecb004886db/screenshot - {}
RESULT: {}
COMMAND: POST /session/3fbb5aa961da27feb6cf7ecb004886db/execute/sync - {"script":"<script> [299 bytes]","args":[["getModel","getResource"]]}
RESULT: {"script":"<script> [299 bytes]","args":[["getModel","getResource"]]}
COMMAND: GET /session/3fbb5aa961da27feb6cf7ecb004886db/screenshot - {}
]]></system-out>
    </testcase>
    <testcase classname="chrome.135_0_7049_42.windows.Billing_Transfer_-_Master_data_&amp;_Intercompany_US127250" name="Should create a new site" time="100.303">
      <system-out><![CDATA[
COMMAND: POST /session/3fbb5aa961da27feb6cf7ecb004886db/execute/async - {"script":"<script> [1562 bytes]","args":[{"selector":{"controlType":"sap.m.TileContent","bindingPath":{"path":"","propertyPath":"/properties/info"},"ancestor":{"controlType":"sap.m.GenericTile","properties":{"header":"Manage Sites"}}},"wdio_ui5_key":"sapm.TileContent{\"path\":\"\",\"propertyPath\":\"/properties/info\"}{\"controlType\":\"sap.m.GenericTile\",\"properties\":{\"header\":\"Manage Sites\"}}"}]}
RESULT: {}
RESULT: {"script":"<script> [1562 bytes]","args":[{"selector":{"controlType":"sap.m.TileContent","bindingPath":{"path":"","propertyPath":"/properties/info"},"ancestor":{"controlType":"sap.m.GenericTile","properties":{"header":"Manage Sites"}}},"wdio_ui5_key":"sapm.TileContent{\"path\":\"\",\"propertyPath\":\"/properties/info\"}{\"controlType\":\"sap.m.GenericTile\",\"properties\":{\"header\":\"Manage Sites\"}}"}]}
RESULT: undefined
COMMAND: POST /session/3fbb5aa961da27feb6cf7ecb004886db/element - {"using":"xpath","value":"//*[@id=\"__xmlview7--numericTileContent\"]"}
RESULT: {"using":"xpath","value":"//*[@id=\"__xmlview7--numericTileContent\"]"}
COMMAND: POST /session/3fbb5aa961da27feb6cf7ecb004886db/element/f.0763987BF21D2E15D38664A642A1837D.d.95616E5FC6268B1899C8461B4B0781AB.e.1772/click - {}
RESULT: {}
COMMAND: POST /session/3fbb5aa961da27feb6cf7ecb004886db/element - {"using":"xpath","value":"//button[@data-kt=\"addOverflowToolbarButton\"]"}
COMMAND: GET /session/3fbb5aa961da27feb6cf7ecb004886db/screenshot - {}
RESULT: {"using":"xpath","value":"//button[@data-kt=\"addOverflowToolbarButton\"]"}
COMMAND: POST /session/3fbb5aa961da27feb6cf7ecb004886db/elements - {"using":"xpath","value":"//button[@data-kt=\"addOverflowToolbarButton\"]"}
RESULT: {}
RESULT: {"using":"xpath","value":"//button[@data-kt=\"addOverflowToolbarButton\"]"}
COMMAND: POST /session/3fbb5aa961da27feb6cf7ecb004886db/elements - {"using":"xpath","value":"//button[@data-kt=\"addOverflowToolbarButton\"]"}
RESULT: {"using":"xpath","value":"//button[@data-kt=\"addOverflowToolbarButton\"]"}
COMMAND: POST /session/3fbb5aa961da27feb6cf7ecb004886db/elements - {"using":"xpath","value":"//button[@data-kt=\"addOverflowToolbarButton\"]"}
RESULT: {"using":"xpath","value":"//button[@data-kt=\"addOverflowToolbarButton\"]"}
COMMAND: POST /session/3fbb5aa961da27feb6cf7ecb004886db/elements - {"using":"xpath","value":"//button[@data-kt=\"addOverflowToolbarButton\"]"}
RESULT: {"using":"xpath","value":"//button[@data-kt=\"addOverflowToolbarButton\"]"}
COMMAND: POST /session/3fbb5aa961da27feb6cf7ecb004886db/element - {"using":"xpath","value":"//button[@data-kt=\"addOverflowToolbarButton\"]"}
RESULT: {"using":"xpath","value":"//button[@data-kt=\"addOverflowToolbarButton\"]"}
COMMAND: POST /session/3fbb5aa961da27feb6cf7ecb004886db/execute/sync - {"script":"<script> [8489 bytes]","args":[{"element-6066-11e4-a52e-4f735466cecf":"f.0763987BF21D2E15D38664A642A1837D.d.95616E5FC6268B1899C8461B4B0781AB.e.1818","ELEMENT":"f.0763987BF21D2E15D38664A642A1837D.d.95616E5FC6268B1899C8461B4B0781AB.e.1818"}]}
RESULT: {"script":"<script> [8489 bytes]","args":[{"element-6066-11e4-a52e-4f735466cecf":"f.0763987BF21D2E15D38664A642A1837D.d.95616E5FC6268B1899C8461B4B0781AB.e.1818","ELEMENT":"f.0763987BF21D2E15D38664A642A1837D.d.95616E5FC6268B1899C8461B4B0781AB.e.1818"}]}
COMMAND: GET /session/3fbb5aa961da27feb6cf7ecb004886db/element/f.0763987BF21D2E15D38664A642A1837D.d.95616E5FC6268B1899C8461B4B0781AB.e.1818/enabled - {}
COMMAND: GET /session/3fbb5aa961da27feb6cf7ecb004886db/screenshot - {}
RESULT: {}
COMMAND: POST /session/3fbb5aa961da27feb6cf7ecb004886db/execute/sync - {"script":"<script> [8489 bytes]","args":[{"element-6066-11e4-a52e-4f735466cecf":"f.0763987BF21D2E15D38664A642A1837D.d.95616E5FC6268B1899C8461B4B0781AB.e.1818","ELEMENT":"f.0763987BF21D2E15D38664A642A1837D.d.95616E5FC6268B1899C8461B4B0781AB.e.1818"}]}
COMMAND: GET /session/3fbb5aa961da27feb6cf7ecb004886db/screenshot - {}
RESULT: {}
RESULT: {"script":"<script> [8489 bytes]","args":[{"element-6066-11e4-a52e-4f735466cecf":"f.0763987BF21D2E15D38664A642A1837D.d.95616E5FC6268B1899C8461B4B0781AB.e.1818","ELEMENT":"f.0763987BF21D2E15D38664A642A1837D.d.95616E5FC6268B1899C8461B4B0781AB.e.1818"}]}
COMMAND: POST /session/3fbb5aa961da27feb6cf7ecb004886db/execute/sync - {"script":"<script> [5351 bytes]","args":[{"element-6066-11e4-a52e-4f735466cecf":"f.0763987BF21D2E15D38664A642A1837D.d.95616E5FC6268B1899C8461B4B0781AB.e.1818","ELEMENT":"f.0763987BF21D2E15D38664A642A1837D.d.95616E5FC6268B1899C8461B4B0781AB.e.1818"}]}
COMMAND: GET /session/3fbb5aa961da27feb6cf7ecb004886db/screenshot - {}
RESULT: {}
RESULT: {"script":"<script> [5351 bytes]","args":[{"element-6066-11e4-a52e-4f735466cecf":"f.0763987BF21D2E15D38664A642A1837D.d.95616E5FC6268B1899C8461B4B0781AB.e.1818","ELEMENT":"f.0763987BF21D2E15D38664A642A1837D.d.95616E5FC6268B1899C8461B4B0781AB.e.1818"}]}
COMMAND: POST /session/3fbb5aa961da27feb6cf7ecb004886db/element/f.0763987BF21D2E15D38664A642A1837D.d.95616E5FC6268B1899C8461B4B0781AB.e.1818/click - {}
COMMAND: GET /session/3fbb5aa961da27feb6cf7ecb004886db/screenshot - {}
RESULT: {}
RESULT: {}
COMMAND: GET /session/3fbb5aa961da27feb6cf7ecb004886db/screenshot - {}
COMMAND: POST /session/3fbb5aa961da27feb6cf7ecb004886db/execute/async - {"script":"<script> [1562 bytes]","args":[{"selector":{"id":"application-managesites-display-component---NewSite--addressDetailDetailsName1","interaction":{"idSuffix":"inner"}},"wdio_ui5_key":"applicationmanagesites-display-component---NewSite--addressDetailDetailsName1"}]}
RESULT: {}
RESULT: {}
RESULT: {"script":"<script> [1562 bytes]","args":[{"selector":{"id":"application-managesites-display-component---NewSite--addressDetailDetailsName1","interaction":{"idSuffix":"inner"}},"wdio_ui5_key":"applicationmanagesites-display-component---NewSite--addressDetailDetailsName1"}]}
RESULT: undefined
COMMAND: POST /session/3fbb5aa961da27feb6cf7ecb004886db/execute/async - {"script":"<script> [776 bytes]","args":[{"enterText":"Intercompany Site wdIO","selector":{"id":"application-managesites-display-component---NewSite--addressDetailDetailsName1","interaction":{"idSuffix":"inner"}},"clearTextFirst":true,"interactionType":"ENTER_TEXT"}]}
RESULT: {"script":"<script> [776 bytes]","args":[{"enterText":"Intercompany Site wdIO","selector":{"id":"application-managesites-display-component---NewSite--addressDetailDetailsName1","interaction":{"idSuffix":"inner"}},"clearTextFirst":true,"interactionType":"ENTER_TEXT"}]}
COMMAND: POST /session/3fbb5aa961da27feb6cf7ecb004886db/execute/async - {"script":"<script> [1562 bytes]","args":[{"selector":{"id":"application-managesites-display-component---NewSite--addressDetailDetailsLanguage-arrow"},"wdio_ui5_key":"applicationmanagesites-display-component---NewSite--addressDetailDetailsLanguage-arrow"}]}
RESULT: {"script":"<script> [1562 bytes]","args":[{"selector":{"id":"application-managesites-display-component---NewSite--addressDetailDetailsLanguage-arrow"},"wdio_ui5_key":"applicationmanagesites-display-component---NewSite--addressDetailDetailsLanguage-arrow"}]}
RESULT: undefined
COMMAND: POST /session/3fbb5aa961da27feb6cf7ecb004886db/element - {"using":"xpath","value":"//*[@id=\"application-managesites-display-component---NewSite--addressDetailDetailsLanguage-arrow\"]"}
RESULT: {"using":"xpath","value":"//*[@id=\"application-managesites-display-component---NewSite--addressDetailDetailsLanguage-arrow\"]"}
COMMAND: POST /session/3fbb5aa961da27feb6cf7ecb004886db/element/f.0763987BF21D2E15D38664A642A1837D.d.95616E5FC6268B1899C8461B4B0781AB.e.2215/click - {}
RESULT: {}
COMMAND: POST /session/3fbb5aa961da27feb6cf7ecb004886db/element - {"using":"xpath","value":"//span[contains(text(), \"English\")]"}
COMMAND: GET /session/3fbb5aa961da27feb6cf7ecb004886db/screenshot - {}
RESULT: {"using":"xpath","value":"//span[contains(text(), \"English\")]"}
COMMAND: POST /session/3fbb5aa961da27feb6cf7ecb004886db/element/f.0763987BF21D2E15D38664A642A1837D.d.95616E5FC6268B1899C8461B4B0781AB.e.2216/click - {}
RESULT: {}
RESULT: {}
COMMAND: POST /session/3fbb5aa961da27feb6cf7ecb004886db/execute/async - {"script":"<script> [1562 bytes]","args":[{"selector":{"id":"application-managesites-display-component---NewSite--addressDetailDetailsCity1","interaction":{"idSuffix":"inner"}},"wdio_ui5_key":"applicationmanagesites-display-component---NewSite--addressDetailDetailsCity1"}]}
COMMAND: GET /session/3fbb5aa961da27feb6cf7ecb004886db/screenshot - {}
RESULT: {"script":"<script> [1562 bytes]","args":[{"selector":{"id":"application-managesites-display-component---NewSite--addressDetailDetailsCity1","interaction":{"idSuffix":"inner"}},"wdio_ui5_key":"applicationmanagesites-display-component---NewSite--addressDetailDetailsCity1"}]}
RESULT: undefined
COMMAND: POST /session/3fbb5aa961da27feb6cf7ecb004886db/execute/async - {"script":"<script> [776 bytes]","args":[{"enterText":"Rosario","selector":{"id":"application-managesites-display-component---NewSite--addressDetailDetailsCity1","interaction":{"idSuffix":"inner"}},"clearTextFirst":true,"interactionType":"ENTER_TEXT"}]}
RESULT: {}
RESULT: {"script":"<script> [776 bytes]","args":[{"enterText":"Rosario","selector":{"id":"application-managesites-display-component---NewSite--addressDetailDetailsCity1","interaction":{"idSuffix":"inner"}},"clearTextFirst":true,"interactionType":"ENTER_TEXT"}]}
COMMAND: POST /session/3fbb5aa961da27feb6cf7ecb004886db/execute/async - {"script":"<script> [1562 bytes]","args":[{"selector":{"id":"application-managesites-display-component---NewSite--addressDetailDetailsCountry-arrow"},"wdio_ui5_key":"applicationmanagesites-display-component---NewSite--addressDetailDetailsCountry-arrow"}]}
RESULT: {"script":"<script> [1562 bytes]","args":[{"selector":{"id":"application-managesites-display-component---NewSite--addressDetailDetailsCountry-arrow"},"wdio_ui5_key":"applicationmanagesites-display-component---NewSite--addressDetailDetailsCountry-arrow"}]}
RESULT: undefined
COMMAND: POST /session/3fbb5aa961da27feb6cf7ecb004886db/element - {"using":"xpath","value":"//*[@id=\"application-managesites-display-component---NewSite--addressDetailDetailsCountry-arrow\"]"}
RESULT: {"using":"xpath","value":"//*[@id=\"application-managesites-display-component---NewSite--addressDetailDetailsCountry-arrow\"]"}
COMMAND: POST /session/3fbb5aa961da27feb6cf7ecb004886db/element/f.0763987BF21D2E15D38664A642A1837D.d.95616E5FC6268B1899C8461B4B0781AB.e.2218/click - {}
RESULT: {}
COMMAND: POST /session/3fbb5aa961da27feb6cf7ecb004886db/element - {"using":"xpath","value":"//span[contains(text(), \"Argentina\")]"}
COMMAND: GET /session/3fbb5aa961da27feb6cf7ecb004886db/screenshot - {}
RESULT: {"using":"xpath","value":"//span[contains(text(), \"Argentina\")]"}
COMMAND: POST /session/3fbb5aa961da27feb6cf7ecb004886db/element/f.0763987BF21D2E15D38664A642A1837D.d.95616E5FC6268B1899C8461B4B0781AB.e.2219/click - {}
RESULT: {}
RESULT: {}
COMMAND: GET /session/3fbb5aa961da27feb6cf7ecb004886db/screenshot - {}
RESULT: {}
COMMAND: POST /session/3fbb5aa961da27feb6cf7ecb004886db/execute/async - {"script":"<script> [1562 bytes]","args":[{"selector":{"id":"application-managesites-display-component---NewSite--addressEditDetailsCostObjectCstType-arrow"},"wdio_ui5_key":"applicationmanagesites-display-component---NewSite--addressEditDetailsCostObjectCstType-arrow"}]}
RESULT: {"script":"<script> [1562 bytes]","args":[{"selector":{"id":"application-managesites-display-component---NewSite--addressEditDetailsCostObjectCstType-arrow"},"wdio_ui5_key":"applicationmanagesites-display-component---NewSite--addressEditDetailsCostObjectCstType-arrow"}]}
RESULT: undefined
COMMAND: POST /session/3fbb5aa961da27feb6cf7ecb004886db/element - {"using":"xpath","value":"//*[@id=\"application-managesites-display-component---NewSite--addressEditDetailsCostObjectCstType-arrow\"]"}
RESULT: {"using":"xpath","value":"//*[@id=\"application-managesites-display-component---NewSite--addressEditDetailsCostObjectCstType-arrow\"]"}
COMMAND: POST /session/3fbb5aa961da27feb6cf7ecb004886db/element/f.0763987BF21D2E15D38664A642A1837D.d.95616E5FC6268B1899C8461B4B0781AB.e.2221/click - {}
RESULT: {}
COMMAND: POST /session/3fbb5aa961da27feb6cf7ecb004886db/element - {"using":"xpath","value":"//span[contains(text(), \"Cost Center\")]"}
COMMAND: GET /session/3fbb5aa961da27feb6cf7ecb004886db/screenshot - {}
RESULT: {"using":"xpath","value":"//span[contains(text(), \"Cost Center\")]"}
COMMAND: POST /session/3fbb5aa961da27feb6cf7ecb004886db/element/f.0763987BF21D2E15D38664A642A1837D.d.95616E5FC6268B1899C8461B4B0781AB.e.2222/click - {}
RESULT: {}
RESULT: {}
COMMAND: GET /session/3fbb5aa961da27feb6cf7ecb004886db/screenshot - {}
RESULT: {}
COMMAND: POST /session/3fbb5aa961da27feb6cf7ecb004886db/element - {"using":"xpath","value":"//span[@id=\"application-managesites-display-component---NewSite--addressNewCostObjectCstID-vhi\"]"}
RESULT: {"using":"xpath","value":"//span[@id=\"application-managesites-display-component---NewSite--addressNewCostObjectCstID-vhi\"]"}
COMMAND: POST /session/3fbb5aa961da27feb6cf7ecb004886db/execute/sync - {"script":"<script> [8489 bytes]","args":[{"element-6066-11e4-a52e-4f735466cecf":"f.0763987BF21D2E15D38664A642A1837D.d.95616E5FC6268B1899C8461B4B0781AB.e.2226","ELEMENT":"f.0763987BF21D2E15D38664A642A1837D.d.95616E5FC6268B1899C8461B4B0781AB.e.2226"}]}
RESULT: {"script":"<script> [8489 bytes]","args":[{"element-6066-11e4-a52e-4f735466cecf":"f.0763987BF21D2E15D38664A642A1837D.d.95616E5FC6268B1899C8461B4B0781AB.e.2226","ELEMENT":"f.0763987BF21D2E15D38664A642A1837D.d.95616E5FC6268B1899C8461B4B0781AB.e.2226"}]}
COMMAND: POST /session/3fbb5aa961da27feb6cf7ecb004886db/execute/async - {"script":"<script> [1562 bytes]","args":[{"selector":{"id":"application-managesites-display-component---NewSite--addressNewCostObjectCstID-vhi"},"wdio_ui5_key":"applicationmanagesites-display-component---NewSite--addressNewCostObjectCstID-vhi"}]}
COMMAND: GET /session/3fbb5aa961da27feb6cf7ecb004886db/screenshot - {}
RESULT: {"script":"<script> [1562 bytes]","args":[{"selector":{"id":"application-managesites-display-component---NewSite--addressNewCostObjectCstID-vhi"},"wdio_ui5_key":"applicationmanagesites-display-component---NewSite--addressNewCostObjectCstID-vhi"}]}
RESULT: undefined
COMMAND: POST /session/3fbb5aa961da27feb6cf7ecb004886db/element - {"using":"xpath","value":"//*[@id=\"application-managesites-display-component---NewSite--addressNewCostObjectCstID-vhi\"]"}
RESULT: {}
RESULT: {"using":"xpath","value":"//*[@id=\"application-managesites-display-component---NewSite--addressNewCostObjectCstID-vhi\"]"}
COMMAND: POST /session/3fbb5aa961da27feb6cf7ecb004886db/element/f.0763987BF21D2E15D38664A642A1837D.d.95616E5FC6268B1899C8461B4B0781AB.e.2226/click - {}
RESULT: {}
COMMAND: GET /session/3fbb5aa961da27feb6cf7ecb004886db/screenshot - {}
RESULT: {}
RESULT: undefined
COMMAND: POST /session/3fbb5aa961da27feb6cf7ecb004886db/execute/async - {"script":"<script> [776 bytes]","args":[{"enterText":"10001013","selector":{"controlType":"sap.m.SearchField","properties":{"placeholder":"Search"},"searchOpenDialogs":true,"interaction":{"idSuffix":"I"}},"clearTextFirst":true,"interactionType":"ENTER_TEXT"}]}
RESULT: {"script":"<script> [776 bytes]","args":[{"enterText":"10001013","selector":{"controlType":"sap.m.SearchField","properties":{"placeholder":"Search"},"searchOpenDialogs":true,"interaction":{"idSuffix":"I"}},"clearTextFirst":true,"interactionType":"ENTER_TEXT"}]}
COMMAND: POST /session/3fbb5aa961da27feb6cf7ecb004886db/actions - {"actions":[{"id":"action6","type":"key","parameters":{},"actions":[{"type":"keyDown","value":""},{"type":"pause","duration":10},{"type":"keyUp","value":""}]}]}
RESULT: {"actions":[{"id":"action6","type":"key","parameters":{},"actions":[{"type":"keyDown","value":""},{"type":"pause","duration":10},{"type":"keyUp","value":""}]}]}
COMMAND: GET /session/3fbb5aa961da27feb6cf7ecb004886db/screenshot - {}
RESULT: {}
COMMAND: POST /session/3fbb5aa961da27feb6cf7ecb004886db/element - {"using":"xpath","value":"//span[contains(text(), \"General Management\")]"}
RESULT: {"using":"xpath","value":"//span[contains(text(), \"General Management\")]"}
COMMAND: POST /session/3fbb5aa961da27feb6cf7ecb004886db/element/f.0763987BF21D2E15D38664A642A1837D.d.95616E5FC6268B1899C8461B4B0781AB.e.2234/click - {}
RESULT: {}
COMMAND: GET /session/3fbb5aa961da27feb6cf7ecb004886db/screenshot - {}
RESULT: {}
COMMAND: POST /session/3fbb5aa961da27feb6cf7ecb004886db/element - {"using":"xpath","value":"//bdi[contains(text(), \"OK\")]"}
RESULT: {"using":"xpath","value":"//bdi[contains(text(), \"OK\")]"}
COMMAND: POST /session/3fbb5aa961da27feb6cf7ecb004886db/element/f.0763987BF21D2E15D38664A642A1837D.d.95616E5FC6268B1899C8461B4B0781AB.e.2236/click - {}
RESULT: {}
COMMAND: GET /session/3fbb5aa961da27feb6cf7ecb004886db/screenshot - {}
RESULT: {}
COMMAND: POST /session/3fbb5aa961da27feb6cf7ecb004886db/element - {"using":"xpath","value":"//input[@id=\"application-managesites-display-component---NewSite--addressDetailDetailsCalendar-inner\"]"}
RESULT: {"using":"xpath","value":"//input[@id=\"application-managesites-display-component---NewSite--addressDetailDetailsCalendar-inner\"]"}
COMMAND: POST /session/3fbb5aa961da27feb6cf7ecb004886db/element/f.0763987BF21D2E15D38664A642A1837D.d.95616E5FC6268B1899C8461B4B0781AB.e.2013/clear - {}
RESULT: {}
COMMAND: POST /session/3fbb5aa961da27feb6cf7ecb004886db/element/f.0763987BF21D2E15D38664A642A1837D.d.95616E5FC6268B1899C8461B4B0781AB.e.2013/value - {"text":"Unit"}
COMMAND: GET /session/3fbb5aa961da27feb6cf7ecb004886db/screenshot - {}
RESULT: {}
RESULT: {"text":"Unit"}
COMMAND: GET /session/3fbb5aa961da27feb6cf7ecb004886db/screenshot - {}
RESULT: {}
COMMAND: POST /session/3fbb5aa961da27feb6cf7ecb004886db/actions - {"actions":[{"id":"action7","type":"key","parameters":{},"actions":[{"type":"keyDown","value":""},{"type":"pause","duration":10},{"type":"keyUp","value":""}]}]}
RESULT: {"actions":[{"id":"action7","type":"key","parameters":{},"actions":[{"type":"keyDown","value":""},{"type":"pause","duration":10},{"type":"keyUp","value":""}]}]}
COMMAND: POST /session/3fbb5aa961da27feb6cf7ecb004886db/element - {"using":"xpath","value":"//input[@id=\"application-managesites-display-component---NewSite--addressDetailDetailsYard-inner\"]"}
COMMAND: GET /session/3fbb5aa961da27feb6cf7ecb004886db/screenshot - {}
RESULT: {"using":"xpath","value":"//input[@id=\"application-managesites-display-component---NewSite--addressDetailDetailsYard-inner\"]"}
COMMAND: POST /session/3fbb5aa961da27feb6cf7ecb004886db/element/f.0763987BF21D2E15D38664A642A1837D.d.95616E5FC6268B1899C8461B4B0781AB.e.2014/clear - {}
RESULT: {}
RESULT: {}
COMMAND: POST /session/3fbb5aa961da27feb6cf7ecb004886db/element/f.0763987BF21D2E15D38664A642A1837D.d.95616E5FC6268B1899C8461B4B0781AB.e.2014/value - {"text":"468"}
COMMAND: GET /session/3fbb5aa961da27feb6cf7ecb004886db/screenshot - {}
RESULT: {"text":"468"}
COMMAND: GET /session/3fbb5aa961da27feb6cf7ecb004886db/screenshot - {}
RESULT: {}
COMMAND: POST /session/3fbb5aa961da27feb6cf7ecb004886db/element - {"using":"xpath","value":"//li[.//span[text()='468']]"}
RESULT: {}
RESULT: {"using":"xpath","value":"//li[.//span[text()='468']]"}
COMMAND: POST /session/3fbb5aa961da27feb6cf7ecb004886db/element/f.0763987BF21D2E15D38664A642A1837D.d.95616E5FC6268B1899C8461B4B0781AB.e.2258/click - {}
RESULT: {}
COMMAND: GET /session/3fbb5aa961da27feb6cf7ecb004886db/screenshot - {}
RESULT: {}
COMMAND: POST /session/3fbb5aa961da27feb6cf7ecb004886db/element - {"using":"xpath","value":"//input[@id=\"application-managesites-display-component---NewSite--addressDetailDetailsPartner-inner\"]"}
RESULT: {"using":"xpath","value":"//input[@id=\"application-managesites-display-component---NewSite--addressDetailDetailsPartner-inner\"]"}
COMMAND: POST /session/3fbb5aa961da27feb6cf7ecb004886db/element - {"using":"xpath","value":"//input[@id=\"application-managesites-display-component---NewSite--addressDetailDetailsPartner-inner\"]"}
RESULT: {"using":"xpath","value":"//input[@id=\"application-managesites-display-component---NewSite--addressDetailDetailsPartner-inner\"]"}
COMMAND: POST /session/3fbb5aa961da27feb6cf7ecb004886db/element - {"using":"xpath","value":"//button[@data-kt=\"saveButton\"]"}
RESULT: {"using":"xpath","value":"//button[@data-kt=\"saveButton\"]"}
COMMAND: POST /session/3fbb5aa961da27feb6cf7ecb004886db/element/f.0763987BF21D2E15D38664A642A1837D.d.95616E5FC6268B1899C8461B4B0781AB.e.2208/click - {}
RESULT: {}
COMMAND: GET /session/3fbb5aa961da27feb6cf7ecb004886db/screenshot - {}
RESULT: {}
COMMAND: POST /session/3fbb5aa961da27feb6cf7ecb004886db/element - {"using":"xpath","value":"//header[contains(@id, 'ObjectPageLayout-headerTitle')]/div[1]/div[2]/div[2]/span[1]"}
RESULT: {"using":"xpath","value":"//header[contains(@id, 'ObjectPageLayout-headerTitle')]/div[1]/div[2]/div[2]/span[1]"}
COMMAND: POST /session/3fbb5aa961da27feb6cf7ecb004886db/elements - {"using":"xpath","value":"//header[contains(@id, 'ObjectPageLayout-headerTitle')]/div[1]/div[2]/div[2]/span[1]"}
RESULT: {"using":"xpath","value":"//header[contains(@id, 'ObjectPageLayout-headerTitle')]/div[1]/div[2]/div[2]/span[1]"}
COMMAND: POST /session/3fbb5aa961da27feb6cf7ecb004886db/execute/sync - {"script":"<script> [56 bytes]","args":[{"element-6066-11e4-a52e-4f735466cecf":"f.0763987BF21D2E15D38664A642A1837D.d.95616E5FC6268B1899C8461B4B0781AB.e.2460","ELEMENT":"f.0763987BF21D2E15D38664A642A1837D.d.95616E5FC6268B1899C8461B4B0781AB.e.2460"}]}
RESULT: {"script":"<script> [56 bytes]","args":[{"element-6066-11e4-a52e-4f735466cecf":"f.0763987BF21D2E15D38664A642A1837D.d.95616E5FC6268B1899C8461B4B0781AB.e.2460","ELEMENT":"f.0763987BF21D2E15D38664A642A1837D.d.95616E5FC6268B1899C8461B4B0781AB.e.2460"}]}
COMMAND: POST /session/3fbb5aa961da27feb6cf7ecb004886db/element - {"using":"css selector","value":"#shell-header-logo"}
COMMAND: GET /session/3fbb5aa961da27feb6cf7ecb004886db/screenshot - {}
RESULT: {"using":"css selector","value":"#shell-header-logo"}
COMMAND: POST /session/3fbb5aa961da27feb6cf7ecb004886db/element/f.0763987BF21D2E15D38664A642A1837D.d.95616E5FC6268B1899C8461B4B0781AB.e.1776/click - {}
RESULT: {}
RESULT: {}
COMMAND: GET /session/3fbb5aa961da27feb6cf7ecb004886db/screenshot - {}
RESULT: {}
COMMAND: POST /session/3fbb5aa961da27feb6cf7ecb004886db/execute/sync - {"script":"<script> [299 bytes]","args":[["getModel","getResource"]]}
RESULT: {"script":"<script> [299 bytes]","args":[["getModel","getResource"]]}
COMMAND: GET /session/3fbb5aa961da27feb6cf7ecb004886db/screenshot - {}
]]></system-out>
    </testcase>
    <testcase classname="chrome.135_0_7049_42.windows.Billing_Transfer_-_Master_data_&amp;_Intercompany_US127250" name="Should create a new equipment" time="135.382">
      <system-out><![CDATA[
COMMAND: POST /session/3fbb5aa961da27feb6cf7ecb004886db/execute/async - {"script":"<script> [1562 bytes]","args":[{"selector":{"controlType":"sap.m.GenericTile","properties":{"header":"Manage Resources"}},"wdio_ui5_key":"sapm.GenericTile{\"header\":\"Manage Resources\"}"}]}
RESULT: {}
RESULT: {"script":"<script> [1562 bytes]","args":[{"selector":{"controlType":"sap.m.GenericTile","properties":{"header":"Manage Resources"}},"wdio_ui5_key":"sapm.GenericTile{\"header\":\"Manage Resources\"}"}]}
RESULT: undefined
COMMAND: POST /session/3fbb5aa961da27feb6cf7ecb004886db/element - {"using":"xpath","value":"//*[@id=\"__tile39\"]"}
RESULT: {"using":"xpath","value":"//*[@id=\"__tile39\"]"}
COMMAND: POST /session/3fbb5aa961da27feb6cf7ecb004886db/element/f.0763987BF21D2E15D38664A642A1837D.d.95616E5FC6268B1899C8461B4B0781AB.e.152/click - {}
RESULT: {}
COMMAND: POST /session/3fbb5aa961da27feb6cf7ecb004886db/element - {"using":"xpath","value":"//button[@data-kt=\"addNewRUOverflowToolbarButton\"]"}
COMMAND: GET /session/3fbb5aa961da27feb6cf7ecb004886db/screenshot - {}
RESULT: {"using":"xpath","value":"//button[@data-kt=\"addNewRUOverflowToolbarButton\"]"}
COMMAND: POST /session/3fbb5aa961da27feb6cf7ecb004886db/elements - {"using":"xpath","value":"//button[@data-kt=\"addNewRUOverflowToolbarButton\"]"}
RESULT: {}
RESULT: {"using":"xpath","value":"//button[@data-kt=\"addNewRUOverflowToolbarButton\"]"}
COMMAND: POST /session/3fbb5aa961da27feb6cf7ecb004886db/elements - {"using":"xpath","value":"//button[@data-kt=\"addNewRUOverflowToolbarButton\"]"}
RESULT: {"using":"xpath","value":"//button[@data-kt=\"addNewRUOverflowToolbarButton\"]"}
COMMAND: POST /session/3fbb5aa961da27feb6cf7ecb004886db/elements - {"using":"xpath","value":"//button[@data-kt=\"addNewRUOverflowToolbarButton\"]"}
RESULT: {"using":"xpath","value":"//button[@data-kt=\"addNewRUOverflowToolbarButton\"]"}
COMMAND: POST /session/3fbb5aa961da27feb6cf7ecb004886db/elements - {"using":"xpath","value":"//button[@data-kt=\"addNewRUOverflowToolbarButton\"]"}
RESULT: {"using":"xpath","value":"//button[@data-kt=\"addNewRUOverflowToolbarButton\"]"}
COMMAND: POST /session/3fbb5aa961da27feb6cf7ecb004886db/elements - {"using":"xpath","value":"//button[@data-kt=\"addNewRUOverflowToolbarButton\"]"}
RESULT: {"using":"xpath","value":"//button[@data-kt=\"addNewRUOverflowToolbarButton\"]"}
COMMAND: POST /session/3fbb5aa961da27feb6cf7ecb004886db/elements - {"using":"xpath","value":"//button[@data-kt=\"addNewRUOverflowToolbarButton\"]"}
RESULT: {"using":"xpath","value":"//button[@data-kt=\"addNewRUOverflowToolbarButton\"]"}
COMMAND: POST /session/3fbb5aa961da27feb6cf7ecb004886db/elements - {"using":"xpath","value":"//button[@data-kt=\"addNewRUOverflowToolbarButton\"]"}
RESULT: {"using":"xpath","value":"//button[@data-kt=\"addNewRUOverflowToolbarButton\"]"}
COMMAND: POST /session/3fbb5aa961da27feb6cf7ecb004886db/elements - {"using":"xpath","value":"//button[@data-kt=\"addNewRUOverflowToolbarButton\"]"}
RESULT: {"using":"xpath","value":"//button[@data-kt=\"addNewRUOverflowToolbarButton\"]"}
COMMAND: POST /session/3fbb5aa961da27feb6cf7ecb004886db/elements - {"using":"xpath","value":"//button[@data-kt=\"addNewRUOverflowToolbarButton\"]"}
RESULT: {"using":"xpath","value":"//button[@data-kt=\"addNewRUOverflowToolbarButton\"]"}
COMMAND: POST /session/3fbb5aa961da27feb6cf7ecb004886db/elements - {"using":"xpath","value":"//button[@data-kt=\"addNewRUOverflowToolbarButton\"]"}
RESULT: {"using":"xpath","value":"//button[@data-kt=\"addNewRUOverflowToolbarButton\"]"}
COMMAND: POST /session/3fbb5aa961da27feb6cf7ecb004886db/elements - {"using":"xpath","value":"//button[@data-kt=\"addNewRUOverflowToolbarButton\"]"}
RESULT: {"using":"xpath","value":"//button[@data-kt=\"addNewRUOverflowToolbarButton\"]"}
COMMAND: POST /session/3fbb5aa961da27feb6cf7ecb004886db/elements - {"using":"xpath","value":"//button[@data-kt=\"addNewRUOverflowToolbarButton\"]"}
RESULT: {"using":"xpath","value":"//button[@data-kt=\"addNewRUOverflowToolbarButton\"]"}
COMMAND: POST /session/3fbb5aa961da27feb6cf7ecb004886db/elements - {"using":"xpath","value":"//button[@data-kt=\"addNewRUOverflowToolbarButton\"]"}
RESULT: {"using":"xpath","value":"//button[@data-kt=\"addNewRUOverflowToolbarButton\"]"}
COMMAND: POST /session/3fbb5aa961da27feb6cf7ecb004886db/elements - {"using":"xpath","value":"//button[@data-kt=\"addNewRUOverflowToolbarButton\"]"}
RESULT: {"using":"xpath","value":"//button[@data-kt=\"addNewRUOverflowToolbarButton\"]"}
COMMAND: POST /session/3fbb5aa961da27feb6cf7ecb004886db/elements - {"using":"xpath","value":"//button[@data-kt=\"addNewRUOverflowToolbarButton\"]"}
RESULT: {"using":"xpath","value":"//button[@data-kt=\"addNewRUOverflowToolbarButton\"]"}
COMMAND: POST /session/3fbb5aa961da27feb6cf7ecb004886db/elements - {"using":"xpath","value":"//button[@data-kt=\"addNewRUOverflowToolbarButton\"]"}
RESULT: {"using":"xpath","value":"//button[@data-kt=\"addNewRUOverflowToolbarButton\"]"}
COMMAND: POST /session/3fbb5aa961da27feb6cf7ecb004886db/elements - {"using":"xpath","value":"//button[@data-kt=\"addNewRUOverflowToolbarButton\"]"}
RESULT: {"using":"xpath","value":"//button[@data-kt=\"addNewRUOverflowToolbarButton\"]"}
COMMAND: POST /session/3fbb5aa961da27feb6cf7ecb004886db/elements - {"using":"xpath","value":"//button[@data-kt=\"addNewRUOverflowToolbarButton\"]"}
RESULT: {"using":"xpath","value":"//button[@data-kt=\"addNewRUOverflowToolbarButton\"]"}
COMMAND: POST /session/3fbb5aa961da27feb6cf7ecb004886db/elements - {"using":"xpath","value":"//button[@data-kt=\"addNewRUOverflowToolbarButton\"]"}
RESULT: {"using":"xpath","value":"//button[@data-kt=\"addNewRUOverflowToolbarButton\"]"}
COMMAND: POST /session/3fbb5aa961da27feb6cf7ecb004886db/elements - {"using":"xpath","value":"//button[@data-kt=\"addNewRUOverflowToolbarButton\"]"}
RESULT: {"using":"xpath","value":"//button[@data-kt=\"addNewRUOverflowToolbarButton\"]"}
COMMAND: POST /session/3fbb5aa961da27feb6cf7ecb004886db/elements - {"using":"xpath","value":"//button[@data-kt=\"addNewRUOverflowToolbarButton\"]"}
RESULT: {"using":"xpath","value":"//button[@data-kt=\"addNewRUOverflowToolbarButton\"]"}
COMMAND: POST /session/3fbb5aa961da27feb6cf7ecb004886db/elements - {"using":"xpath","value":"//button[@data-kt=\"addNewRUOverflowToolbarButton\"]"}
RESULT: {"using":"xpath","value":"//button[@data-kt=\"addNewRUOverflowToolbarButton\"]"}
COMMAND: POST /session/3fbb5aa961da27feb6cf7ecb004886db/elements - {"using":"xpath","value":"//button[@data-kt=\"addNewRUOverflowToolbarButton\"]"}
RESULT: {"using":"xpath","value":"//button[@data-kt=\"addNewRUOverflowToolbarButton\"]"}
COMMAND: POST /session/3fbb5aa961da27feb6cf7ecb004886db/elements - {"using":"xpath","value":"//button[@data-kt=\"addNewRUOverflowToolbarButton\"]"}
RESULT: {"using":"xpath","value":"//button[@data-kt=\"addNewRUOverflowToolbarButton\"]"}
COMMAND: POST /session/3fbb5aa961da27feb6cf7ecb004886db/elements - {"using":"xpath","value":"//button[@data-kt=\"addNewRUOverflowToolbarButton\"]"}
RESULT: {"using":"xpath","value":"//button[@data-kt=\"addNewRUOverflowToolbarButton\"]"}
COMMAND: POST /session/3fbb5aa961da27feb6cf7ecb004886db/elements - {"using":"xpath","value":"//button[@data-kt=\"addNewRUOverflowToolbarButton\"]"}
RESULT: {"using":"xpath","value":"//button[@data-kt=\"addNewRUOverflowToolbarButton\"]"}
COMMAND: POST /session/3fbb5aa961da27feb6cf7ecb004886db/elements - {"using":"xpath","value":"//button[@data-kt=\"addNewRUOverflowToolbarButton\"]"}
RESULT: {"using":"xpath","value":"//button[@data-kt=\"addNewRUOverflowToolbarButton\"]"}
COMMAND: POST /session/3fbb5aa961da27feb6cf7ecb004886db/elements - {"using":"xpath","value":"//button[@data-kt=\"addNewRUOverflowToolbarButton\"]"}
RESULT: {"using":"xpath","value":"//button[@data-kt=\"addNewRUOverflowToolbarButton\"]"}
COMMAND: POST /session/3fbb5aa961da27feb6cf7ecb004886db/elements - {"using":"xpath","value":"//button[@data-kt=\"addNewRUOverflowToolbarButton\"]"}
RESULT: {"using":"xpath","value":"//button[@data-kt=\"addNewRUOverflowToolbarButton\"]"}
COMMAND: POST /session/3fbb5aa961da27feb6cf7ecb004886db/elements - {"using":"xpath","value":"//button[@data-kt=\"addNewRUOverflowToolbarButton\"]"}
RESULT: {"using":"xpath","value":"//button[@data-kt=\"addNewRUOverflowToolbarButton\"]"}
COMMAND: POST /session/3fbb5aa961da27feb6cf7ecb004886db/elements - {"using":"xpath","value":"//button[@data-kt=\"addNewRUOverflowToolbarButton\"]"}
RESULT: {"using":"xpath","value":"//button[@data-kt=\"addNewRUOverflowToolbarButton\"]"}
COMMAND: POST /session/3fbb5aa961da27feb6cf7ecb004886db/elements - {"using":"xpath","value":"//button[@data-kt=\"addNewRUOverflowToolbarButton\"]"}
RESULT: {"using":"xpath","value":"//button[@data-kt=\"addNewRUOverflowToolbarButton\"]"}
RESULT: undefined
COMMAND: POST /session/3fbb5aa961da27feb6cf7ecb004886db/elements - {"using":"xpath","value":"//button[@data-kt=\"addNewRUOverflowToolbarButton\"]"}
RESULT: undefined
RESULT: {"using":"xpath","value":"//button[@data-kt=\"addNewRUOverflowToolbarButton\"]"}
COMMAND: POST /session/3fbb5aa961da27feb6cf7ecb004886db/element - {"using":"xpath","value":"//button[@data-kt=\"addNewRUOverflowToolbarButton\"]"}
RESULT: {"using":"xpath","value":"//button[@data-kt=\"addNewRUOverflowToolbarButton\"]"}
COMMAND: POST /session/3fbb5aa961da27feb6cf7ecb004886db/execute/sync - {"script":"<script> [8489 bytes]","args":[{"element-6066-11e4-a52e-4f735466cecf":"f.0763987BF21D2E15D38664A642A1837D.d.95616E5FC6268B1899C8461B4B0781AB.e.2491","ELEMENT":"f.0763987BF21D2E15D38664A642A1837D.d.95616E5FC6268B1899C8461B4B0781AB.e.2491"}]}
RESULT: {"script":"<script> [8489 bytes]","args":[{"element-6066-11e4-a52e-4f735466cecf":"f.0763987BF21D2E15D38664A642A1837D.d.95616E5FC6268B1899C8461B4B0781AB.e.2491","ELEMENT":"f.0763987BF21D2E15D38664A642A1837D.d.95616E5FC6268B1899C8461B4B0781AB.e.2491"}]}
COMMAND: GET /session/3fbb5aa961da27feb6cf7ecb004886db/element/f.0763987BF21D2E15D38664A642A1837D.d.95616E5FC6268B1899C8461B4B0781AB.e.2491/enabled - {}
COMMAND: GET /session/3fbb5aa961da27feb6cf7ecb004886db/screenshot - {}
RESULT: {}
COMMAND: POST /session/3fbb5aa961da27feb6cf7ecb004886db/execute/sync - {"script":"<script> [8489 bytes]","args":[{"element-6066-11e4-a52e-4f735466cecf":"f.0763987BF21D2E15D38664A642A1837D.d.95616E5FC6268B1899C8461B4B0781AB.e.2491","ELEMENT":"f.0763987BF21D2E15D38664A642A1837D.d.95616E5FC6268B1899C8461B4B0781AB.e.2491"}]}
COMMAND: GET /session/3fbb5aa961da27feb6cf7ecb004886db/screenshot - {}
RESULT: {}
RESULT: {"script":"<script> [8489 bytes]","args":[{"element-6066-11e4-a52e-4f735466cecf":"f.0763987BF21D2E15D38664A642A1837D.d.95616E5FC6268B1899C8461B4B0781AB.e.2491","ELEMENT":"f.0763987BF21D2E15D38664A642A1837D.d.95616E5FC6268B1899C8461B4B0781AB.e.2491"}]}
COMMAND: POST /session/3fbb5aa961da27feb6cf7ecb004886db/execute/sync - {"script":"<script> [5351 bytes]","args":[{"element-6066-11e4-a52e-4f735466cecf":"f.0763987BF21D2E15D38664A642A1837D.d.95616E5FC6268B1899C8461B4B0781AB.e.2491","ELEMENT":"f.0763987BF21D2E15D38664A642A1837D.d.95616E5FC6268B1899C8461B4B0781AB.e.2491"}]}
COMMAND: GET /session/3fbb5aa961da27feb6cf7ecb004886db/screenshot - {}
RESULT: {}
RESULT: {"script":"<script> [5351 bytes]","args":[{"element-6066-11e4-a52e-4f735466cecf":"f.0763987BF21D2E15D38664A642A1837D.d.95616E5FC6268B1899C8461B4B0781AB.e.2491","ELEMENT":"f.0763987BF21D2E15D38664A642A1837D.d.95616E5FC6268B1899C8461B4B0781AB.e.2491"}]}
COMMAND: POST /session/3fbb5aa961da27feb6cf7ecb004886db/element/f.0763987BF21D2E15D38664A642A1837D.d.95616E5FC6268B1899C8461B4B0781AB.e.2491/click - {}
COMMAND: GET /session/3fbb5aa961da27feb6cf7ecb004886db/screenshot - {}
RESULT: {}
RESULT: {}
COMMAND: GET /session/3fbb5aa961da27feb6cf7ecb004886db/screenshot - {}
RESULT: {}
RESULT: {}
COMMAND: POST /session/3fbb5aa961da27feb6cf7ecb004886db/execute/async - {"script":"<script> [1562 bytes]","args":[{"selector":{"id":"application-manageresources-display-component---newResourceUnit--TYPE-arrow"},"wdio_ui5_key":"applicationmanageresources-display-component---newResourceUnit--TYPE-arrow"}]}
RESULT: {"script":"<script> [1562 bytes]","args":[{"selector":{"id":"application-manageresources-display-component---newResourceUnit--TYPE-arrow"},"wdio_ui5_key":"applicationmanageresources-display-component---newResourceUnit--TYPE-arrow"}]}
RESULT: undefined
COMMAND: POST /session/3fbb5aa961da27feb6cf7ecb004886db/element - {"using":"xpath","value":"//*[@id=\"application-manageresources-display-component---newResourceUnit--TYPE-arrow\"]"}
RESULT: {"using":"xpath","value":"//*[@id=\"application-manageresources-display-component---newResourceUnit--TYPE-arrow\"]"}
COMMAND: POST /session/3fbb5aa961da27feb6cf7ecb004886db/element/f.0763987BF21D2E15D38664A642A1837D.d.95616E5FC6268B1899C8461B4B0781AB.e.2850/click - {}
RESULT: {}
COMMAND: POST /session/3fbb5aa961da27feb6cf7ecb004886db/element - {"using":"xpath","value":"//input[@id=\"application-manageresources-display-component---newResourceUnit--TYPE-inner\"]"}
COMMAND: GET /session/3fbb5aa961da27feb6cf7ecb004886db/screenshot - {}
RESULT: {"using":"xpath","value":"//input[@id=\"application-manageresources-display-component---newResourceUnit--TYPE-inner\"]"}
COMMAND: POST /session/3fbb5aa961da27feb6cf7ecb004886db/element/f.0763987BF21D2E15D38664A642A1837D.d.95616E5FC6268B1899C8461B4B0781AB.e.2846/clear - {}
RESULT: {}
RESULT: {}
COMMAND: POST /session/3fbb5aa961da27feb6cf7ecb004886db/element/f.0763987BF21D2E15D38664A642A1837D.d.95616E5FC6268B1899C8461B4B0781AB.e.2846/value - {"text":"Equipment"}
COMMAND: GET /session/3fbb5aa961da27feb6cf7ecb004886db/screenshot - {}
RESULT: {"text":"Equipment"}
COMMAND: GET /session/3fbb5aa961da27feb6cf7ecb004886db/screenshot - {}
RESULT: {}
RESULT: {}
COMMAND: POST /session/3fbb5aa961da27feb6cf7ecb004886db/actions - {"actions":[{"id":"action8","type":"key","parameters":{},"actions":[{"type":"keyDown","value":""},{"type":"pause","duration":10},{"type":"keyUp","value":""}]}]}
RESULT: {"actions":[{"id":"action8","type":"key","parameters":{},"actions":[{"type":"keyDown","value":""},{"type":"pause","duration":10},{"type":"keyUp","value":""}]}]}
COMMAND: POST /session/3fbb5aa961da27feb6cf7ecb004886db/execute/async - {"script":"<script> [1562 bytes]","args":[{"selector":{"id":"application-manageresources-display-component---newResourceUnit--resourceId","interaction":{"idSuffix":"inner"}},"wdio_ui5_key":"applicationmanageresources-display-component---newResourceUnit--resourceId"}]}
COMMAND: GET /session/3fbb5aa961da27feb6cf7ecb004886db/screenshot - {}
RESULT: {"script":"<script> [1562 bytes]","args":[{"selector":{"id":"application-manageresources-display-component---newResourceUnit--resourceId","interaction":{"idSuffix":"inner"}},"wdio_ui5_key":"applicationmanageresources-display-component---newResourceUnit--resourceId"}]}
RESULT: undefined
COMMAND: POST /session/3fbb5aa961da27feb6cf7ecb004886db/execute/async - {"script":"<script> [776 bytes]","args":[{"enterText":"4p32nUuW7q","selector":{"id":"application-manageresources-display-component---newResourceUnit--resourceId","interaction":{"idSuffix":"inner"}},"clearTextFirst":true,"interactionType":"ENTER_TEXT"}]}
RESULT: {}
RESULT: {"script":"<script> [776 bytes]","args":[{"enterText":"4p32nUuW7q","selector":{"id":"application-manageresources-display-component---newResourceUnit--resourceId","interaction":{"idSuffix":"inner"}},"clearTextFirst":true,"interactionType":"ENTER_TEXT"}]}
COMMAND: POST /session/3fbb5aa961da27feb6cf7ecb004886db/execute/async - {"script":"<script> [1562 bytes]","args":[{"selector":{"id":"application-manageresources-display-component---newResourceUnit--SHORT_TEXT","interaction":{"idSuffix":"inner"}},"wdio_ui5_key":"applicationmanageresources-display-component---newResourceUnit--SHORT_TEXT"}]}
RESULT: {"script":"<script> [1562 bytes]","args":[{"selector":{"id":"application-manageresources-display-component---newResourceUnit--SHORT_TEXT","interaction":{"idSuffix":"inner"}},"wdio_ui5_key":"applicationmanageresources-display-component---newResourceUnit--SHORT_TEXT"}]}
RESULT: undefined
COMMAND: POST /session/3fbb5aa961da27feb6cf7ecb004886db/execute/async - {"script":"<script> [776 bytes]","args":[{"enterText":"Intercompany Equipment WDIO","selector":{"id":"application-manageresources-display-component---newResourceUnit--SHORT_TEXT","interaction":{"idSuffix":"inner"}},"clearTextFirst":true,"interactionType":"ENTER_TEXT"}]}
RESULT: {"script":"<script> [776 bytes]","args":[{"enterText":"Intercompany Equipment WDIO","selector":{"id":"application-manageresources-display-component---newResourceUnit--SHORT_TEXT","interaction":{"idSuffix":"inner"}},"clearTextFirst":true,"interactionType":"ENTER_TEXT"}]}
COMMAND: POST /session/3fbb5aa961da27feb6cf7ecb004886db/execute/async - {"script":"<script> [1562 bytes]","args":[{"selector":{"id":"application-manageresources-display-component---newResourceUnit--BASE_UNIT_OF_MEASURE","interaction":{"idSuffix":"inner"}},"wdio_ui5_key":"applicationmanageresources-display-component---newResourceUnit--BASE_UNIT_OF_MEASURE"}]}
RESULT: {"script":"<script> [1562 bytes]","args":[{"selector":{"id":"application-manageresources-display-component---newResourceUnit--BASE_UNIT_OF_MEASURE","interaction":{"idSuffix":"inner"}},"wdio_ui5_key":"applicationmanageresources-display-component---newResourceUnit--BASE_UNIT_OF_MEASURE"}]}
RESULT: undefined
COMMAND: POST /session/3fbb5aa961da27feb6cf7ecb004886db/execute/async - {"script":"<script> [776 bytes]","args":[{"enterText":"Piece","selector":{"id":"application-manageresources-display-component---newResourceUnit--BASE_UNIT_OF_MEASURE","interaction":{"idSuffix":"inner"}},"clearTextFirst":true,"interactionType":"ENTER_TEXT"}]}
RESULT: {"script":"<script> [776 bytes]","args":[{"enterText":"Piece","selector":{"id":"application-manageresources-display-component---newResourceUnit--BASE_UNIT_OF_MEASURE","interaction":{"idSuffix":"inner"}},"clearTextFirst":true,"interactionType":"ENTER_TEXT"}]}
COMMAND: POST /session/3fbb5aa961da27feb6cf7ecb004886db/execute/async - {"script":"<script> [1562 bytes]","args":[{"selector":{"id":"application-manageresources-display-component---newResourceUnit--WEIGHT_UNIT","interaction":{"idSuffix":"inner"}},"wdio_ui5_key":"applicationmanageresources-display-component---newResourceUnit--WEIGHT_UNIT"}]}
RESULT: {"script":"<script> [1562 bytes]","args":[{"selector":{"id":"application-manageresources-display-component---newResourceUnit--WEIGHT_UNIT","interaction":{"idSuffix":"inner"}},"wdio_ui5_key":"applicationmanageresources-display-component---newResourceUnit--WEIGHT_UNIT"}]}
RESULT: undefined
COMMAND: POST /session/3fbb5aa961da27feb6cf7ecb004886db/execute/async - {"script":"<script> [776 bytes]","args":[{"enterText":"Gram","selector":{"id":"application-manageresources-display-component---newResourceUnit--WEIGHT_UNIT","interaction":{"idSuffix":"inner"}},"clearTextFirst":true,"interactionType":"ENTER_TEXT"}]}
RESULT: {"script":"<script> [776 bytes]","args":[{"enterText":"Gram","selector":{"id":"application-manageresources-display-component---newResourceUnit--WEIGHT_UNIT","interaction":{"idSuffix":"inner"}},"clearTextFirst":true,"interactionType":"ENTER_TEXT"}]}
COMMAND: POST /session/3fbb5aa961da27feb6cf7ecb004886db/execute/async - {"script":"<script> [1562 bytes]","args":[{"selector":{"id":"application-manageresources-display-component---newResourceUnit--DIMENSION_UNIT","interaction":{"idSuffix":"inner"}},"wdio_ui5_key":"applicationmanageresources-display-component---newResourceUnit--DIMENSION_UNIT"}]}
RESULT: {"script":"<script> [1562 bytes]","args":[{"selector":{"id":"application-manageresources-display-component---newResourceUnit--DIMENSION_UNIT","interaction":{"idSuffix":"inner"}},"wdio_ui5_key":"applicationmanageresources-display-component---newResourceUnit--DIMENSION_UNIT"}]}
RESULT: undefined
COMMAND: POST /session/3fbb5aa961da27feb6cf7ecb004886db/execute/async - {"script":"<script> [776 bytes]","args":[{"enterText":"Meter","selector":{"id":"application-manageresources-display-component---newResourceUnit--DIMENSION_UNIT","interaction":{"idSuffix":"inner"}},"clearTextFirst":true,"interactionType":"ENTER_TEXT"}]}
RESULT: {"script":"<script> [776 bytes]","args":[{"enterText":"Meter","selector":{"id":"application-manageresources-display-component---newResourceUnit--DIMENSION_UNIT","interaction":{"idSuffix":"inner"}},"clearTextFirst":true,"interactionType":"ENTER_TEXT"}]}
COMMAND: POST /session/3fbb5aa961da27feb6cf7ecb004886db/execute/async - {"script":"<script> [1562 bytes]","args":[{"selector":{"id":"application-manageresources-display-component---newResourceUnit--newRRUPage-anchBar-application-manageresources-display-component---newResourceUnit--control-anchor","interaction":{"idSuffix":"BDI-content"}},"wdio_ui5_key":"applicationmanageresources-display-component---newResourceUnit--newRRUPage-anchBar-application-manageresources-display-component---newResourceUnit--control-anchor"}]}
RESULT: {"script":"<script> [1562 bytes]","args":[{"selector":{"id":"application-manageresources-display-component---newResourceUnit--newRRUPage-anchBar-application-manageresources-display-component---newResourceUnit--control-anchor","interaction":{"idSuffix":"BDI-content"}},"wdio_ui5_key":"applicationmanageresources-display-component---newResourceUnit--newRRUPage-anchBar-application-manageresources-display-component---newResourceUnit--control-anchor"}]}
RESULT: undefined
COMMAND: POST /session/3fbb5aa961da27feb6cf7ecb004886db/element - {"using":"xpath","value":"//*[@id=\"application-manageresources-display-component---newResourceUnit--newRRUPage-anchBar-application-manageresources-display-component---newResourceUnit--control-anchor\"]"}
RESULT: {"using":"xpath","value":"//*[@id=\"application-manageresources-display-component---newResourceUnit--newRRUPage-anchBar-application-manageresources-display-component---newResourceUnit--control-anchor\"]"}
COMMAND: POST /session/3fbb5aa961da27feb6cf7ecb004886db/element/f.0763987BF21D2E15D38664A642A1837D.d.95616E5FC6268B1899C8461B4B0781AB.e.2982/click - {}
RESULT: {}
COMMAND: POST /session/3fbb5aa961da27feb6cf7ecb004886db/execute/async - {"script":"<script> [1562 bytes]","args":[{"selector":{"id":"application-manageresources-display-component---newResourceUnit--PLANNING_GROUP","interaction":{"idSuffix":"inner"}},"wdio_ui5_key":"applicationmanageresources-display-component---newResourceUnit--PLANNING_GROUP"}]}
COMMAND: GET /session/3fbb5aa961da27feb6cf7ecb004886db/screenshot - {}
RESULT: {"script":"<script> [1562 bytes]","args":[{"selector":{"id":"application-manageresources-display-component---newResourceUnit--PLANNING_GROUP","interaction":{"idSuffix":"inner"}},"wdio_ui5_key":"applicationmanageresources-display-component---newResourceUnit--PLANNING_GROUP"}]}
RESULT: undefined
COMMAND: POST /session/3fbb5aa961da27feb6cf7ecb004886db/execute/async - {"script":"<script> [776 bytes]","args":[{"enterText":"Heavy Equi","selector":{"id":"application-manageresources-display-component---newResourceUnit--PLANNING_GROUP","interaction":{"idSuffix":"inner"}},"clearTextFirst":true,"interactionType":"ENTER_TEXT"}]}
RESULT: {}
RESULT: {"script":"<script> [776 bytes]","args":[{"enterText":"Heavy Equi","selector":{"id":"application-manageresources-display-component---newResourceUnit--PLANNING_GROUP","interaction":{"idSuffix":"inner"}},"clearTextFirst":true,"interactionType":"ENTER_TEXT"}]}
COMMAND: POST /session/3fbb5aa961da27feb6cf7ecb004886db/execute/async - {"script":"<script> [1562 bytes]","args":[{"selector":{"id":"application-manageresources-display-component---newResourceUnit--ITEM_TYPE-arrow"},"wdio_ui5_key":"applicationmanageresources-display-component---newResourceUnit--ITEM_TYPE-arrow"}]}
RESULT: {"script":"<script> [1562 bytes]","args":[{"selector":{"id":"application-manageresources-display-component---newResourceUnit--ITEM_TYPE-arrow"},"wdio_ui5_key":"applicationmanageresources-display-component---newResourceUnit--ITEM_TYPE-arrow"}]}
RESULT: undefined
COMMAND: POST /session/3fbb5aa961da27feb6cf7ecb004886db/element - {"using":"xpath","value":"//*[@id=\"application-manageresources-display-component---newResourceUnit--ITEM_TYPE-arrow\"]"}
RESULT: {"using":"xpath","value":"//*[@id=\"application-manageresources-display-component---newResourceUnit--ITEM_TYPE-arrow\"]"}
COMMAND: POST /session/3fbb5aa961da27feb6cf7ecb004886db/element/f.0763987BF21D2E15D38664A642A1837D.d.95616E5FC6268B1899C8461B4B0781AB.e.2991/click - {}
RESULT: {}
COMMAND: POST /session/3fbb5aa961da27feb6cf7ecb004886db/element - {"using":"xpath","value":"(//span[contains(text(), \"Resource Unit\")])[2]"}
COMMAND: GET /session/3fbb5aa961da27feb6cf7ecb004886db/screenshot - {}
RESULT: {"using":"xpath","value":"(//span[contains(text(), \"Resource Unit\")])[2]"}
COMMAND: POST /session/3fbb5aa961da27feb6cf7ecb004886db/element/f.0763987BF21D2E15D38664A642A1837D.d.95616E5FC6268B1899C8461B4B0781AB.e.2992/click - {}
RESULT: {}
RESULT: {}
COMMAND: GET /session/3fbb5aa961da27feb6cf7ecb004886db/screenshot - {}
RESULT: {}
COMMAND: POST /session/3fbb5aa961da27feb6cf7ecb004886db/element - {"using":"css selector","value":"#application-manageresources-display-component---newResourceUnit--btnAddTimeSegment"}
RESULT: {"using":"css selector","value":"#application-manageresources-display-component---newResourceUnit--btnAddTimeSegment"}
COMMAND: GET /session/3fbb5aa961da27feb6cf7ecb004886db/element/f.0763987BF21D2E15D38664A642A1837D.d.95616E5FC6268B1899C8461B4B0781AB.e.2993/rect - {}
RESULT: {}
COMMAND: GET /session/3fbb5aa961da27feb6cf7ecb004886db/window/rect - {}
RESULT: {}
COMMAND: POST /session/3fbb5aa961da27feb6cf7ecb004886db/execute/sync - {"script":"<script> [92 bytes]","args":[]}
RESULT: {"script":"<script> [92 bytes]","args":[]}
COMMAND: POST /session/3fbb5aa961da27feb6cf7ecb004886db/actions - {"actions":[{"id":"action9","type":"wheel","parameters":{},"actions":[{"type":"scroll","x":-1888,"y":-32,"deltaX":0,"deltaY":0,"duration":0,"origin":{"element-6066-11e4-a52e-4f735466cecf":"f.0763987BF21D2E15D38664A642A1837D.d.95616E5FC6268B1899C8461B4B0781AB.e.2993"}}]}]}
COMMAND: GET /session/3fbb5aa961da27feb6cf7ecb004886db/screenshot - {}
RESULT: {}
COMMAND: POST /session/3fbb5aa961da27feb6cf7ecb004886db/execute/sync - {"script":"<script> [79 bytes]","args":[{"element-6066-11e4-a52e-4f735466cecf":"f.0763987BF21D2E15D38664A642A1837D.d.95616E5FC6268B1899C8461B4B0781AB.e.2993","ELEMENT":"f.0763987BF21D2E15D38664A642A1837D.d.95616E5FC6268B1899C8461B4B0781AB.e.2993"},{"block":"start","inline":"nearest"}]}
RESULT: {"script":"<script> [79 bytes]","args":[{"element-6066-11e4-a52e-4f735466cecf":"f.0763987BF21D2E15D38664A642A1837D.d.95616E5FC6268B1899C8461B4B0781AB.e.2993","ELEMENT":"f.0763987BF21D2E15D38664A642A1837D.d.95616E5FC6268B1899C8461B4B0781AB.e.2993"},{"block":"start","inline":"nearest"}]}
COMMAND: POST /session/3fbb5aa961da27feb6cf7ecb004886db/execute/async - {"script":"<script> [1562 bytes]","args":[{"selector":{"id":"application-manageresources-display-component---newResourceUnit--btnAddTimeSegment","interaction":{"idSuffix":"inner"}},"wdio_ui5_key":"applicationmanageresources-display-component---newResourceUnit--btnAddTimeSegment"}]}
COMMAND: GET /session/3fbb5aa961da27feb6cf7ecb004886db/screenshot - {}
RESULT: {"script":"<script> [1562 bytes]","args":[{"selector":{"id":"application-manageresources-display-component---newResourceUnit--btnAddTimeSegment","interaction":{"idSuffix":"inner"}},"wdio_ui5_key":"applicationmanageresources-display-component---newResourceUnit--btnAddTimeSegment"}]}
RESULT: undefined
COMMAND: POST /session/3fbb5aa961da27feb6cf7ecb004886db/element - {"using":"xpath","value":"//*[@id=\"application-manageresources-display-component---newResourceUnit--btnAddTimeSegment\"]"}
RESULT: {}
RESULT: {"using":"xpath","value":"//*[@id=\"application-manageresources-display-component---newResourceUnit--btnAddTimeSegment\"]"}
COMMAND: POST /session/3fbb5aa961da27feb6cf7ecb004886db/element/f.0763987BF21D2E15D38664A642A1837D.d.95616E5FC6268B1899C8461B4B0781AB.e.2993/click - {}
RESULT: {}
COMMAND: GET /session/3fbb5aa961da27feb6cf7ecb004886db/screenshot - {}
RESULT: {}
COMMAND: POST /session/3fbb5aa961da27feb6cf7ecb004886db/element - {"using":"xpath","value":"//input[@id=\"application-manageresources-display-component---newResourceUnit--idRuTSAdmin-application-manageresources-display-component---newResourceUnit--RUTimeSegment-0-inner\"]"}
RESULT: {"using":"xpath","value":"//input[@id=\"application-manageresources-display-component---newResourceUnit--idRuTSAdmin-application-manageresources-display-component---newResourceUnit--RUTimeSegment-0-inner\"]"}
COMMAND: POST /session/3fbb5aa961da27feb6cf7ecb004886db/element/f.0763987BF21D2E15D38664A642A1837D.d.95616E5FC6268B1899C8461B4B0781AB.e.2999/clear - {}
RESULT: {}
COMMAND: POST /session/3fbb5aa961da27feb6cf7ecb004886db/element/f.0763987BF21D2E15D38664A642A1837D.d.95616E5FC6268B1899C8461B4B0781AB.e.2999/value - {"text":"468"}
COMMAND: GET /session/3fbb5aa961da27feb6cf7ecb004886db/screenshot - {}
RESULT: {"text":"468"}
COMMAND: GET /session/3fbb5aa961da27feb6cf7ecb004886db/screenshot - {}
RESULT: {}
RESULT: {}
COMMAND: POST /session/3fbb5aa961da27feb6cf7ecb004886db/element - {"using":"xpath","value":"//li[.//span[text()='468']]"}
RESULT: {"using":"xpath","value":"//li[.//span[text()='468']]"}
COMMAND: POST /session/3fbb5aa961da27feb6cf7ecb004886db/element/f.0763987BF21D2E15D38664A642A1837D.d.95616E5FC6268B1899C8461B4B0781AB.e.3012/click - {}
RESULT: {}
COMMAND: GET /session/3fbb5aa961da27feb6cf7ecb004886db/screenshot - {}
RESULT: {}
COMMAND: POST /session/3fbb5aa961da27feb6cf7ecb004886db/element - {"using":"xpath","value":"(//span[contains(@id, \"-application-manageresources-display-component---newResourceUnit--RUTimeSegment-0-arrow\")])[6]"}
RESULT: {"using":"xpath","value":"(//span[contains(@id, \"-application-manageresources-display-component---newResourceUnit--RUTimeSegment-0-arrow\")])[6]"}
COMMAND: POST /session/3fbb5aa961da27feb6cf7ecb004886db/element/f.0763987BF21D2E15D38664A642A1837D.d.95616E5FC6268B1899C8461B4B0781AB.e.3013/click - {}
RESULT: {}
COMMAND: POST /session/3fbb5aa961da27feb6cf7ecb004886db/element - {"using":"xpath","value":"//span[contains(text(), \"PM Order\")]"}
COMMAND: GET /session/3fbb5aa961da27feb6cf7ecb004886db/screenshot - {}
RESULT: {"using":"xpath","value":"//span[contains(text(), \"PM Order\")]"}
COMMAND: POST /session/3fbb5aa961da27feb6cf7ecb004886db/element/f.0763987BF21D2E15D38664A642A1837D.d.95616E5FC6268B1899C8461B4B0781AB.e.3016/click - {}
RESULT: {}
RESULT: {}
COMMAND: GET /session/3fbb5aa961da27feb6cf7ecb004886db/screenshot - {}
RESULT: {}
COMMAND: POST /session/3fbb5aa961da27feb6cf7ecb004886db/element - {"using":"xpath","value":"(//span[contains(@id ,\"manageresources-display-component---newResourceUnit--RUTimeSegment-0-vhi\")])[2]"}
RESULT: {"using":"xpath","value":"(//span[contains(@id ,\"manageresources-display-component---newResourceUnit--RUTimeSegment-0-vhi\")])[2]"}
COMMAND: POST /session/3fbb5aa961da27feb6cf7ecb004886db/element/f.0763987BF21D2E15D38664A642A1837D.d.95616E5FC6268B1899C8461B4B0781AB.e.3019/click - {}
RESULT: {}
COMMAND: GET /session/3fbb5aa961da27feb6cf7ecb004886db/screenshot - {}
RESULT: {}
RESULT: undefined
COMMAND: POST /session/3fbb5aa961da27feb6cf7ecb004886db/execute/async - {"script":"<script> [776 bytes]","args":[{"enterText":"4000360","selector":{"controlType":"sap.m.SearchField","properties":{"placeholder":"Search"},"searchOpenDialogs":true,"interaction":{"idSuffix":"I"}},"clearTextFirst":true,"interactionType":"ENTER_TEXT"}]}
RESULT: {"script":"<script> [776 bytes]","args":[{"enterText":"4000360","selector":{"controlType":"sap.m.SearchField","properties":{"placeholder":"Search"},"searchOpenDialogs":true,"interaction":{"idSuffix":"I"}},"clearTextFirst":true,"interactionType":"ENTER_TEXT"}]}
COMMAND: POST /session/3fbb5aa961da27feb6cf7ecb004886db/actions - {"actions":[{"id":"action10","type":"key","parameters":{},"actions":[{"type":"keyDown","value":""},{"type":"pause","duration":10},{"type":"keyUp","value":""}]}]}
RESULT: {"actions":[{"id":"action10","type":"key","parameters":{},"actions":[{"type":"keyDown","value":""},{"type":"pause","duration":10},{"type":"keyUp","value":""}]}]}
COMMAND: GET /session/3fbb5aa961da27feb6cf7ecb004886db/screenshot - {}
RESULT: {}
COMMAND: POST /session/3fbb5aa961da27feb6cf7ecb004886db/element - {"using":"xpath","value":"//td/div/span[contains(text(), \"BGL Vehicles\")]"}
RESULT: {"using":"xpath","value":"//td/div/span[contains(text(), \"BGL Vehicles\")]"}
COMMAND: POST /session/3fbb5aa961da27feb6cf7ecb004886db/element/f.0763987BF21D2E15D38664A642A1837D.d.95616E5FC6268B1899C8461B4B0781AB.e.3037/click - {}
RESULT: {}
COMMAND: GET /session/3fbb5aa961da27feb6cf7ecb004886db/screenshot - {}
RESULT: {}
COMMAND: POST /session/3fbb5aa961da27feb6cf7ecb004886db/element - {"using":"xpath","value":"//bdi[contains(text(), \"OK\")]"}
RESULT: {"using":"xpath","value":"//bdi[contains(text(), \"OK\")]"}
COMMAND: POST /session/3fbb5aa961da27feb6cf7ecb004886db/element/f.0763987BF21D2E15D38664A642A1837D.d.95616E5FC6268B1899C8461B4B0781AB.e.3038/click - {}
RESULT: {}
COMMAND: GET /session/3fbb5aa961da27feb6cf7ecb004886db/screenshot - {}
RESULT: {}
COMMAND: POST /session/3fbb5aa961da27feb6cf7ecb004886db/execute/async - {"script":"<script> [1562 bytes]","args":[{"selector":{"id":"application-manageresources-display-component---newResourceUnit--newRRUPage-anchBar-application-manageresources-display-component---newResourceUnit--resource-anchor","interaction":{"idSuffix":"BDI-content"}},"wdio_ui5_key":"applicationmanageresources-display-component---newResourceUnit--newRRUPage-anchBar-application-manageresources-display-component---newResourceUnit--resource-anchor"}]}
RESULT: {"script":"<script> [1562 bytes]","args":[{"selector":{"id":"application-manageresources-display-component---newResourceUnit--newRRUPage-anchBar-application-manageresources-display-component---newResourceUnit--resource-anchor","interaction":{"idSuffix":"BDI-content"}},"wdio_ui5_key":"applicationmanageresources-display-component---newResourceUnit--newRRUPage-anchBar-application-manageresources-display-component---newResourceUnit--resource-anchor"}]}
RESULT: undefined
COMMAND: POST /session/3fbb5aa961da27feb6cf7ecb004886db/element - {"using":"xpath","value":"//*[@id=\"application-manageresources-display-component---newResourceUnit--newRRUPage-anchBar-application-manageresources-display-component---newResourceUnit--resource-anchor\"]"}
RESULT: {"using":"xpath","value":"//*[@id=\"application-manageresources-display-component---newResourceUnit--newRRUPage-anchBar-application-manageresources-display-component---newResourceUnit--resource-anchor\"]"}
COMMAND: POST /session/3fbb5aa961da27feb6cf7ecb004886db/element/f.0763987BF21D2E15D38664A642A1837D.d.95616E5FC6268B1899C8461B4B0781AB.e.3042/click - {}
RESULT: {}
COMMAND: POST /session/3fbb5aa961da27feb6cf7ecb004886db/execute/async - {"script":"<script> [1562 bytes]","args":[{"selector":{"id":"application-manageresources-display-component---newResourceUnit--PLANNED_DELIVERY_DATE","interaction":{"idSuffix":"inner"}},"wdio_ui5_key":"applicationmanageresources-display-component---newResourceUnit--PLANNED_DELIVERY_DATE"}]}
COMMAND: GET /session/3fbb5aa961da27feb6cf7ecb004886db/screenshot - {}
RESULT: {"script":"<script> [1562 bytes]","args":[{"selector":{"id":"application-manageresources-display-component---newResourceUnit--PLANNED_DELIVERY_DATE","interaction":{"idSuffix":"inner"}},"wdio_ui5_key":"applicationmanageresources-display-component---newResourceUnit--PLANNED_DELIVERY_DATE"}]}
RESULT: undefined
COMMAND: POST /session/3fbb5aa961da27feb6cf7ecb004886db/execute/async - {"script":"<script> [6424 bytes]","args":[{"element-6066-11e4-a52e-4f735466cecf":"f.0763987BF21D2E15D38664A642A1837D.d.95616E5FC6268B1899C8461B4B0781AB.e.2905"},"setValue",["4/17/25"]]}
RESULT: {}
RESULT: {"script":"<script> [6424 bytes]","args":[{"element-6066-11e4-a52e-4f735466cecf":"f.0763987BF21D2E15D38664A642A1837D.d.95616E5FC6268B1899C8461B4B0781AB.e.2905"},"setValue",["4/17/25"]]}
COMMAND: POST /session/3fbb5aa961da27feb6cf7ecb004886db/element - {"using":"xpath","value":"//button[@data-kt=\"resourceUnitSaveButton\"]"}
RESULT: {"using":"xpath","value":"//button[@data-kt=\"resourceUnitSaveButton\"]"}
COMMAND: POST /session/3fbb5aa961da27feb6cf7ecb004886db/element/f.0763987BF21D2E15D38664A642A1837D.d.95616E5FC6268B1899C8461B4B0781AB.e.2866/click - {}
RESULT: {}
COMMAND: GET /session/3fbb5aa961da27feb6cf7ecb004886db/screenshot - {}
RESULT: {}
COMMAND: POST /session/3fbb5aa961da27feb6cf7ecb004886db/element - {"using":"xpath","value":"//bdi[contains(text(), \"Close\")]"}
RESULT: {"using":"xpath","value":"//bdi[contains(text(), \"Close\")]"}
COMMAND: POST /session/3fbb5aa961da27feb6cf7ecb004886db/element/f.0763987BF21D2E15D38664A642A1837D.d.95616E5FC6268B1899C8461B4B0781AB.e.3050/click - {}
RESULT: {}
COMMAND: GET /session/3fbb5aa961da27feb6cf7ecb004886db/screenshot - {}
COMMAND: POST /session/3fbb5aa961da27feb6cf7ecb004886db/element - {"using":"xpath","value":"(//button[contains(@id ,\"actionsToolbar-overflowButton\")])[1]"}
RESULT: {}
RESULT: {"using":"xpath","value":"(//button[contains(@id ,\"actionsToolbar-overflowButton\")])[1]"}
COMMAND: POST /session/3fbb5aa961da27feb6cf7ecb004886db/element/f.0763987BF21D2E15D38664A642A1837D.d.95616E5FC6268B1899C8461B4B0781AB.e.3082/click - {}
RESULT: {}
COMMAND: GET /session/3fbb5aa961da27feb6cf7ecb004886db/screenshot - {}
RESULT: {}
COMMAND: POST /session/3fbb5aa961da27feb6cf7ecb004886db/element - {"using":"xpath","value":"//button[@data-kt=\"priceInfoButton\"]"}
RESULT: {"using":"xpath","value":"//button[@data-kt=\"priceInfoButton\"]"}
COMMAND: POST /session/3fbb5aa961da27feb6cf7ecb004886db/element/f.0763987BF21D2E15D38664A642A1837D.d.95616E5FC6268B1899C8461B4B0781AB.e.3084/click - {}
RESULT: {}
COMMAND: GET /session/3fbb5aa961da27feb6cf7ecb004886db/screenshot - {}
RESULT: {}
]]></system-out>
    </testcase>
    <testcase classname="chrome.135_0_7049_42.windows.Billing_Transfer_-_Master_data_&amp;_Intercompany_US127250" name="Should create new pricing rule TB on the equipment TB" time="60.199">
      <system-out><![CDATA[
COMMAND: POST /session/3fbb5aa961da27feb6cf7ecb004886db/element - {"using":"xpath","value":"//button[@data-kt=\"addButton\"]"}
RESULT: {"using":"xpath","value":"//button[@data-kt=\"addButton\"]"}
COMMAND: POST /session/3fbb5aa961da27feb6cf7ecb004886db/elements - {"using":"xpath","value":"//button[@data-kt=\"addButton\"]"}
RESULT: {"using":"xpath","value":"//button[@data-kt=\"addButton\"]"}
COMMAND: POST /session/3fbb5aa961da27feb6cf7ecb004886db/execute/sync - {"script":"<script> [8489 bytes]","args":[{"element-6066-11e4-a52e-4f735466cecf":"f.0763987BF21D2E15D38664A642A1837D.d.95616E5FC6268B1899C8461B4B0781AB.e.3121","ELEMENT":"f.0763987BF21D2E15D38664A642A1837D.d.95616E5FC6268B1899C8461B4B0781AB.e.3121"}]}
RESULT: {"script":"<script> [8489 bytes]","args":[{"element-6066-11e4-a52e-4f735466cecf":"f.0763987BF21D2E15D38664A642A1837D.d.95616E5FC6268B1899C8461B4B0781AB.e.3121","ELEMENT":"f.0763987BF21D2E15D38664A642A1837D.d.95616E5FC6268B1899C8461B4B0781AB.e.3121"}]}
COMMAND: GET /session/3fbb5aa961da27feb6cf7ecb004886db/element/f.0763987BF21D2E15D38664A642A1837D.d.95616E5FC6268B1899C8461B4B0781AB.e.3121/enabled - {}
COMMAND: GET /session/3fbb5aa961da27feb6cf7ecb004886db/screenshot - {}
RESULT: {}
COMMAND: POST /session/3fbb5aa961da27feb6cf7ecb004886db/execute/sync - {"script":"<script> [8489 bytes]","args":[{"element-6066-11e4-a52e-4f735466cecf":"f.0763987BF21D2E15D38664A642A1837D.d.95616E5FC6268B1899C8461B4B0781AB.e.3121","ELEMENT":"f.0763987BF21D2E15D38664A642A1837D.d.95616E5FC6268B1899C8461B4B0781AB.e.3121"}]}
COMMAND: GET /session/3fbb5aa961da27feb6cf7ecb004886db/screenshot - {}
RESULT: {}
RESULT: {"script":"<script> [8489 bytes]","args":[{"element-6066-11e4-a52e-4f735466cecf":"f.0763987BF21D2E15D38664A642A1837D.d.95616E5FC6268B1899C8461B4B0781AB.e.3121","ELEMENT":"f.0763987BF21D2E15D38664A642A1837D.d.95616E5FC6268B1899C8461B4B0781AB.e.3121"}]}
COMMAND: POST /session/3fbb5aa961da27feb6cf7ecb004886db/execute/sync - {"script":"<script> [5351 bytes]","args":[{"element-6066-11e4-a52e-4f735466cecf":"f.0763987BF21D2E15D38664A642A1837D.d.95616E5FC6268B1899C8461B4B0781AB.e.3121","ELEMENT":"f.0763987BF21D2E15D38664A642A1837D.d.95616E5FC6268B1899C8461B4B0781AB.e.3121"}]}
COMMAND: GET /session/3fbb5aa961da27feb6cf7ecb004886db/screenshot - {}
RESULT: {}
RESULT: {"script":"<script> [5351 bytes]","args":[{"element-6066-11e4-a52e-4f735466cecf":"f.0763987BF21D2E15D38664A642A1837D.d.95616E5FC6268B1899C8461B4B0781AB.e.3121","ELEMENT":"f.0763987BF21D2E15D38664A642A1837D.d.95616E5FC6268B1899C8461B4B0781AB.e.3121"}]}
COMMAND: POST /session/3fbb5aa961da27feb6cf7ecb004886db/element/f.0763987BF21D2E15D38664A642A1837D.d.95616E5FC6268B1899C8461B4B0781AB.e.3121/click - {}
COMMAND: GET /session/3fbb5aa961da27feb6cf7ecb004886db/screenshot - {}
RESULT: {}
RESULT: {}
COMMAND: GET /session/3fbb5aa961da27feb6cf7ecb004886db/screenshot - {}
COMMAND: POST /session/3fbb5aa961da27feb6cf7ecb004886db/execute/async - {"script":"<script> [1562 bytes]","args":[{"selector":{"controlType":"sap.m.Title","viewName":"etm.portal.ui.managepricingrules.view.NewItem","viewId":"application-managepricingrules-display-component---newInfoPriceItem","properties":{"text":"New Pricing Rules - Item Level"}},"wdio_ui5_key":"etmportal.ui.managepricingrules.view.NewItemsap.m.Title{\"text\":\"New Pricing Rules - Item Level\"}"}]}
RESULT: {}
RESULT: {}
RESULT: {"script":"<script> [1562 bytes]","args":[{"selector":{"controlType":"sap.m.Title","viewName":"etm.portal.ui.managepricingrules.view.NewItem","viewId":"application-managepricingrules-display-component---newInfoPriceItem","properties":{"text":"New Pricing Rules - Item Level"}},"wdio_ui5_key":"etmportal.ui.managepricingrules.view.NewItemsap.m.Title{\"text\":\"New Pricing Rules - Item Level\"}"}]}
RESULT: undefined
COMMAND: POST /session/3fbb5aa961da27feb6cf7ecb004886db/execute/async - {"script":"<script> [6424 bytes]","args":[{"element-6066-11e4-a52e-4f735466cecf":"f.0763987BF21D2E15D38664A642A1837D.d.95616E5FC6268B1899C8461B4B0781AB.e.3281"},"getText",[]]}
RESULT: {"script":"<script> [6424 bytes]","args":[{"element-6066-11e4-a52e-4f735466cecf":"f.0763987BF21D2E15D38664A642A1837D.d.95616E5FC6268B1899C8461B4B0781AB.e.3281"},"getText",[]]}
COMMAND: POST /session/3fbb5aa961da27feb6cf7ecb004886db/execute/async - {"script":"<script> [1562 bytes]","args":[{"selector":{"id":"application-managepricingrules-display-component---newInfoPriceItem--condValidTo","interaction":{"idSuffix":"inner"}},"wdio_ui5_key":"applicationmanagepricingrules-display-component---newInfoPriceItem--condValidTo"}]}
RESULT: {"script":"<script> [1562 bytes]","args":[{"selector":{"id":"application-managepricingrules-display-component---newInfoPriceItem--condValidTo","interaction":{"idSuffix":"inner"}},"wdio_ui5_key":"applicationmanagepricingrules-display-component---newInfoPriceItem--condValidTo"}]}
RESULT: undefined
COMMAND: POST /session/3fbb5aa961da27feb6cf7ecb004886db/execute/async - {"script":"<script> [776 bytes]","args":[{"enterText":"12/17/25","selector":{"id":"application-managepricingrules-display-component---newInfoPriceItem--condValidTo","interaction":{"idSuffix":"inner"}},"clearTextFirst":true,"interactionType":"ENTER_TEXT"}]}
RESULT: {"script":"<script> [776 bytes]","args":[{"enterText":"12/17/25","selector":{"id":"application-managepricingrules-display-component---newInfoPriceItem--condValidTo","interaction":{"idSuffix":"inner"}},"clearTextFirst":true,"interactionType":"ENTER_TEXT"}]}
COMMAND: POST /session/3fbb5aa961da27feb6cf7ecb004886db/execute/async - {"script":"<script> [1562 bytes]","args":[{"selector":{"id":"application-managepricingrules-display-component---newInfoPriceItem--billType-arrow"},"wdio_ui5_key":"applicationmanagepricingrules-display-component---newInfoPriceItem--billType-arrow"}]}
RESULT: {"script":"<script> [1562 bytes]","args":[{"selector":{"id":"application-managepricingrules-display-component---newInfoPriceItem--billType-arrow"},"wdio_ui5_key":"applicationmanagepricingrules-display-component---newInfoPriceItem--billType-arrow"}]}
RESULT: undefined
COMMAND: POST /session/3fbb5aa961da27feb6cf7ecb004886db/element - {"using":"xpath","value":"//*[@id=\"application-managepricingrules-display-component---newInfoPriceItem--billType-arrow\"]"}
RESULT: {"using":"xpath","value":"//*[@id=\"application-managepricingrules-display-component---newInfoPriceItem--billType-arrow\"]"}
COMMAND: POST /session/3fbb5aa961da27feb6cf7ecb004886db/element/f.0763987BF21D2E15D38664A642A1837D.d.95616E5FC6268B1899C8461B4B0781AB.e.3283/click - {}
RESULT: {}
COMMAND: POST /session/3fbb5aa961da27feb6cf7ecb004886db/element - {"using":"xpath","value":"//span[contains(text(), \"TB - Time based\")]"}
COMMAND: GET /session/3fbb5aa961da27feb6cf7ecb004886db/screenshot - {}
RESULT: {"using":"xpath","value":"//span[contains(text(), \"TB - Time based\")]"}
COMMAND: POST /session/3fbb5aa961da27feb6cf7ecb004886db/element/f.0763987BF21D2E15D38664A642A1837D.d.95616E5FC6268B1899C8461B4B0781AB.e.3284/click - {}
RESULT: {}
RESULT: {}
COMMAND: POST /session/3fbb5aa961da27feb6cf7ecb004886db/execute/async - {"script":"<script> [1562 bytes]","args":[{"selector":{"id":"application-managepricingrules-display-component---newInfoPriceItem--priceProc-arrow"},"wdio_ui5_key":"applicationmanagepricingrules-display-component---newInfoPriceItem--priceProc-arrow"}]}
COMMAND: GET /session/3fbb5aa961da27feb6cf7ecb004886db/screenshot - {}
RESULT: {"script":"<script> [1562 bytes]","args":[{"selector":{"id":"application-managepricingrules-display-component---newInfoPriceItem--priceProc-arrow"},"wdio_ui5_key":"applicationmanagepricingrules-display-component---newInfoPriceItem--priceProc-arrow"}]}
RESULT: undefined
COMMAND: POST /session/3fbb5aa961da27feb6cf7ecb004886db/element - {"using":"xpath","value":"//*[@id=\"application-managepricingrules-display-component---newInfoPriceItem--priceProc-arrow\"]"}
RESULT: {}
RESULT: {"using":"xpath","value":"//*[@id=\"application-managepricingrules-display-component---newInfoPriceItem--priceProc-arrow\"]"}
COMMAND: POST /session/3fbb5aa961da27feb6cf7ecb004886db/element/f.0763987BF21D2E15D38664A642A1837D.d.95616E5FC6268B1899C8461B4B0781AB.e.3247/click - {}
RESULT: {}
COMMAND: POST /session/3fbb5aa961da27feb6cf7ecb004886db/element - {"using":"xpath","value":"//span[contains(text(), \"TBS - Time based standard\")]"}
COMMAND: GET /session/3fbb5aa961da27feb6cf7ecb004886db/screenshot - {}
RESULT: {"using":"xpath","value":"//span[contains(text(), \"TBS - Time based standard\")]"}
COMMAND: POST /session/3fbb5aa961da27feb6cf7ecb004886db/element/f.0763987BF21D2E15D38664A642A1837D.d.95616E5FC6268B1899C8461B4B0781AB.e.3285/click - {}
RESULT: {}
RESULT: {}
COMMAND: POST /session/3fbb5aa961da27feb6cf7ecb004886db/execute/async - {"script":"<script> [1562 bytes]","args":[{"selector":{"id":"application-managepricingrules-display-component---newInfoPriceItem--calcBase-arrow"},"wdio_ui5_key":"applicationmanagepricingrules-display-component---newInfoPriceItem--calcBase-arrow"}]}
COMMAND: GET /session/3fbb5aa961da27feb6cf7ecb004886db/screenshot - {}
RESULT: {"script":"<script> [1562 bytes]","args":[{"selector":{"id":"application-managepricingrules-display-component---newInfoPriceItem--calcBase-arrow"},"wdio_ui5_key":"applicationmanagepricingrules-display-component---newInfoPriceItem--calcBase-arrow"}]}
RESULT: undefined
COMMAND: POST /session/3fbb5aa961da27feb6cf7ecb004886db/element - {"using":"xpath","value":"//*[@id=\"application-managepricingrules-display-component---newInfoPriceItem--calcBase-arrow\"]"}
RESULT: {}
RESULT: {"using":"xpath","value":"//*[@id=\"application-managepricingrules-display-component---newInfoPriceItem--calcBase-arrow\"]"}
COMMAND: POST /session/3fbb5aa961da27feb6cf7ecb004886db/element/f.0763987BF21D2E15D38664A642A1837D.d.95616E5FC6268B1899C8461B4B0781AB.e.3254/click - {}
RESULT: {}
COMMAND: GET /session/3fbb5aa961da27feb6cf7ecb004886db/screenshot - {}
RESULT: {}
COMMAND: POST /session/3fbb5aa961da27feb6cf7ecb004886db/element - {"using":"xpath","value":"//span[contains(text(), \"0006 - TB(calendar days)\")]"}
RESULT: {"using":"xpath","value":"//span[contains(text(), \"0006 - TB(calendar days)\")]"}
COMMAND: POST /session/3fbb5aa961da27feb6cf7ecb004886db/element/f.0763987BF21D2E15D38664A642A1837D.d.95616E5FC6268B1899C8461B4B0781AB.e.3286/click - {}
RESULT: {}
COMMAND: GET /session/3fbb5aa961da27feb6cf7ecb004886db/screenshot - {}
RESULT: {}
COMMAND: POST /session/3fbb5aa961da27feb6cf7ecb004886db/execute/async - {"script":"<script> [1562 bytes]","args":[{"selector":{"id":"application-managepricingrules-display-component---newInfoPriceItem--daysMonth","interaction":{"idSuffix":"inner"}},"wdio_ui5_key":"applicationmanagepricingrules-display-component---newInfoPriceItem--daysMonth"}]}
RESULT: {"script":"<script> [1562 bytes]","args":[{"selector":{"id":"application-managepricingrules-display-component---newInfoPriceItem--daysMonth","interaction":{"idSuffix":"inner"}},"wdio_ui5_key":"applicationmanagepricingrules-display-component---newInfoPriceItem--daysMonth"}]}
RESULT: undefined
COMMAND: POST /session/3fbb5aa961da27feb6cf7ecb004886db/execute/async - {"script":"<script> [776 bytes]","args":[{"enterText":"30","selector":{"id":"application-managepricingrules-display-component---newInfoPriceItem--daysMonth","interaction":{"idSuffix":"inner"}},"clearTextFirst":true,"interactionType":"ENTER_TEXT"}]}
RESULT: {"script":"<script> [776 bytes]","args":[{"enterText":"30","selector":{"id":"application-managepricingrules-display-component---newInfoPriceItem--daysMonth","interaction":{"idSuffix":"inner"}},"clearTextFirst":true,"interactionType":"ENTER_TEXT"}]}
COMMAND: POST /session/3fbb5aa961da27feb6cf7ecb004886db/element - {"using":"xpath","value":"//button[@data-kt=\"saveNewRuleButton\"]"}
RESULT: {"using":"xpath","value":"//button[@data-kt=\"saveNewRuleButton\"]"}
COMMAND: POST /session/3fbb5aa961da27feb6cf7ecb004886db/element/f.0763987BF21D2E15D38664A642A1837D.d.95616E5FC6268B1899C8461B4B0781AB.e.3271/click - {}
RESULT: {}
COMMAND: GET /session/3fbb5aa961da27feb6cf7ecb004886db/screenshot - {}
RESULT: {}
COMMAND: POST /session/3fbb5aa961da27feb6cf7ecb004886db/execute/async - {"script":"<script> [1562 bytes]","args":[{"selector":{"id":"application-managepricingrules-display-component---priceInfoItem--smartFilterBar-btnBasicSearch","interaction":{"idSuffix":"I"}},"wdio_ui5_key":"applicationmanagepricingrules-display-component---priceInfoItem--smartFilterBar-btnBasicSearch"}]}
RESULT: {"script":"<script> [1562 bytes]","args":[{"selector":{"id":"application-managepricingrules-display-component---priceInfoItem--smartFilterBar-btnBasicSearch","interaction":{"idSuffix":"I"}},"wdio_ui5_key":"applicationmanagepricingrules-display-component---priceInfoItem--smartFilterBar-btnBasicSearch"}]}
RESULT: undefined
COMMAND: POST /session/3fbb5aa961da27feb6cf7ecb004886db/execute/async - {"script":"<script> [776 bytes]","args":[{"enterText":"4p32nUuW7q","selector":{"id":"application-managepricingrules-display-component---priceInfoItem--smartFilterBar-btnBasicSearch","interaction":{"idSuffix":"I"}},"clearTextFirst":true,"interactionType":"ENTER_TEXT"}]}
RESULT: {"script":"<script> [776 bytes]","args":[{"enterText":"4p32nUuW7q","selector":{"id":"application-managepricingrules-display-component---priceInfoItem--smartFilterBar-btnBasicSearch","interaction":{"idSuffix":"I"}},"clearTextFirst":true,"interactionType":"ENTER_TEXT"}]}
COMMAND: POST /session/3fbb5aa961da27feb6cf7ecb004886db/actions - {"actions":[{"id":"action11","type":"key","parameters":{},"actions":[{"type":"keyDown","value":""},{"type":"pause","duration":10},{"type":"keyUp","value":""}]}]}
RESULT: {"actions":[{"id":"action11","type":"key","parameters":{},"actions":[{"type":"keyDown","value":""},{"type":"pause","duration":10},{"type":"keyUp","value":""}]}]}
COMMAND: GET /session/3fbb5aa961da27feb6cf7ecb004886db/screenshot - {}
RESULT: {}
COMMAND: POST /session/3fbb5aa961da27feb6cf7ecb004886db/element - {"using":"xpath","value":"//span[@id=\"application-managepricingrules-display-component---priceInfoItem--smartTable-header-inner\"]"}
RESULT: {"using":"xpath","value":"//span[@id=\"application-managepricingrules-display-component---priceInfoItem--smartTable-header-inner\"]"}
COMMAND: POST /session/3fbb5aa961da27feb6cf7ecb004886db/elements - {"using":"xpath","value":"//span[@id=\"application-managepricingrules-display-component---priceInfoItem--smartTable-header-inner\"]"}
RESULT: {"using":"xpath","value":"//span[@id=\"application-managepricingrules-display-component---priceInfoItem--smartTable-header-inner\"]"}
COMMAND: POST /session/3fbb5aa961da27feb6cf7ecb004886db/execute/sync - {"script":"<script> [56 bytes]","args":[{"element-6066-11e4-a52e-4f735466cecf":"f.0763987BF21D2E15D38664A642A1837D.d.95616E5FC6268B1899C8461B4B0781AB.e.3311","ELEMENT":"f.0763987BF21D2E15D38664A642A1837D.d.95616E5FC6268B1899C8461B4B0781AB.e.3311"}]}
RESULT: {"script":"<script> [56 bytes]","args":[{"element-6066-11e4-a52e-4f735466cecf":"f.0763987BF21D2E15D38664A642A1837D.d.95616E5FC6268B1899C8461B4B0781AB.e.3311","ELEMENT":"f.0763987BF21D2E15D38664A642A1837D.d.95616E5FC6268B1899C8461B4B0781AB.e.3311"}]}
COMMAND: POST /session/3fbb5aa961da27feb6cf7ecb004886db/element - {"using":"css selector","value":"#shell-header-logo"}
COMMAND: GET /session/3fbb5aa961da27feb6cf7ecb004886db/screenshot - {}
RESULT: {"using":"css selector","value":"#shell-header-logo"}
COMMAND: POST /session/3fbb5aa961da27feb6cf7ecb004886db/element/f.0763987BF21D2E15D38664A642A1837D.d.95616E5FC6268B1899C8461B4B0781AB.e.2463/click - {}
RESULT: {}
RESULT: {}
COMMAND: GET /session/3fbb5aa961da27feb6cf7ecb004886db/screenshot - {}
RESULT: {}
]]></system-out>
    </testcase>
    <testcase classname="chrome.135_0_7049_42.windows.Billing_Transfer_-_Master_data_&amp;_Intercompany_US127250" name="Should create new condition for equipment TB" time="74.045">
      <system-out><![CDATA[
COMMAND: POST /session/3fbb5aa961da27feb6cf7ecb004886db/execute/async - {"script":"<script> [1562 bytes]","args":[{"selector":{"controlType":"sap.m.Text","properties":{"text":"Manage Conditions & Prices"},"interaction":{"idSuffix":"inner"}},"wdio_ui5_key":"sapm.Text{\"text\":\"Manage Conditions & Prices\"}"}]}
RESULT: {"script":"<script> [1562 bytes]","args":[{"selector":{"controlType":"sap.m.Text","properties":{"text":"Manage Conditions & Prices"},"interaction":{"idSuffix":"inner"}},"wdio_ui5_key":"sapm.Text{\"text\":\"Manage Conditions & Prices\"}"}]}
RESULT: undefined
COMMAND: POST /session/3fbb5aa961da27feb6cf7ecb004886db/element - {"using":"xpath","value":"//*[@id=\"__tile53-title\"]"}
RESULT: {"using":"xpath","value":"//*[@id=\"__tile53-title\"]"}
COMMAND: POST /session/3fbb5aa961da27feb6cf7ecb004886db/element/f.0763987BF21D2E15D38664A642A1837D.d.95616E5FC6268B1899C8461B4B0781AB.e.3314/click - {}
RESULT: {}
COMMAND: POST /session/3fbb5aa961da27feb6cf7ecb004886db/element - {"using":"xpath","value":"//button[@aria-label=\"Create\"]"}
COMMAND: GET /session/3fbb5aa961da27feb6cf7ecb004886db/screenshot - {}
RESULT: {"using":"xpath","value":"//button[@aria-label=\"Create\"]"}
COMMAND: POST /session/3fbb5aa961da27feb6cf7ecb004886db/elements - {"using":"xpath","value":"//button[@aria-label=\"Create\"]"}
RESULT: {}
RESULT: {"using":"xpath","value":"//button[@aria-label=\"Create\"]"}
COMMAND: POST /session/3fbb5aa961da27feb6cf7ecb004886db/elements - {"using":"xpath","value":"//button[@aria-label=\"Create\"]"}
RESULT: {"using":"xpath","value":"//button[@aria-label=\"Create\"]"}
COMMAND: POST /session/3fbb5aa961da27feb6cf7ecb004886db/elements - {"using":"xpath","value":"//button[@aria-label=\"Create\"]"}
RESULT: {"using":"xpath","value":"//button[@aria-label=\"Create\"]"}
COMMAND: POST /session/3fbb5aa961da27feb6cf7ecb004886db/elements - {"using":"xpath","value":"//button[@aria-label=\"Create\"]"}
RESULT: {"using":"xpath","value":"//button[@aria-label=\"Create\"]"}
COMMAND: POST /session/3fbb5aa961da27feb6cf7ecb004886db/elements - {"using":"xpath","value":"//button[@aria-label=\"Create\"]"}
RESULT: {"using":"xpath","value":"//button[@aria-label=\"Create\"]"}
COMMAND: POST /session/3fbb5aa961da27feb6cf7ecb004886db/element - {"using":"xpath","value":"//button[@aria-label=\"Create\"]"}
RESULT: {"using":"xpath","value":"//button[@aria-label=\"Create\"]"}
COMMAND: POST /session/3fbb5aa961da27feb6cf7ecb004886db/execute/sync - {"script":"<script> [8489 bytes]","args":[{"element-6066-11e4-a52e-4f735466cecf":"f.0763987BF21D2E15D38664A642A1837D.d.95616E5FC6268B1899C8461B4B0781AB.e.3350","ELEMENT":"f.0763987BF21D2E15D38664A642A1837D.d.95616E5FC6268B1899C8461B4B0781AB.e.3350"}]}
RESULT: {"script":"<script> [8489 bytes]","args":[{"element-6066-11e4-a52e-4f735466cecf":"f.0763987BF21D2E15D38664A642A1837D.d.95616E5FC6268B1899C8461B4B0781AB.e.3350","ELEMENT":"f.0763987BF21D2E15D38664A642A1837D.d.95616E5FC6268B1899C8461B4B0781AB.e.3350"}]}
COMMAND: GET /session/3fbb5aa961da27feb6cf7ecb004886db/element/f.0763987BF21D2E15D38664A642A1837D.d.95616E5FC6268B1899C8461B4B0781AB.e.3350/enabled - {}
COMMAND: GET /session/3fbb5aa961da27feb6cf7ecb004886db/screenshot - {}
RESULT: {}
COMMAND: POST /session/3fbb5aa961da27feb6cf7ecb004886db/execute/sync - {"script":"<script> [8489 bytes]","args":[{"element-6066-11e4-a52e-4f735466cecf":"f.0763987BF21D2E15D38664A642A1837D.d.95616E5FC6268B1899C8461B4B0781AB.e.3350","ELEMENT":"f.0763987BF21D2E15D38664A642A1837D.d.95616E5FC6268B1899C8461B4B0781AB.e.3350"}]}
COMMAND: GET /session/3fbb5aa961da27feb6cf7ecb004886db/screenshot - {}
RESULT: {}
RESULT: {"script":"<script> [8489 bytes]","args":[{"element-6066-11e4-a52e-4f735466cecf":"f.0763987BF21D2E15D38664A642A1837D.d.95616E5FC6268B1899C8461B4B0781AB.e.3350","ELEMENT":"f.0763987BF21D2E15D38664A642A1837D.d.95616E5FC6268B1899C8461B4B0781AB.e.3350"}]}
COMMAND: POST /session/3fbb5aa961da27feb6cf7ecb004886db/execute/sync - {"script":"<script> [5351 bytes]","args":[{"element-6066-11e4-a52e-4f735466cecf":"f.0763987BF21D2E15D38664A642A1837D.d.95616E5FC6268B1899C8461B4B0781AB.e.3350","ELEMENT":"f.0763987BF21D2E15D38664A642A1837D.d.95616E5FC6268B1899C8461B4B0781AB.e.3350"}]}
COMMAND: GET /session/3fbb5aa961da27feb6cf7ecb004886db/screenshot - {}
RESULT: {}
RESULT: {"script":"<script> [5351 bytes]","args":[{"element-6066-11e4-a52e-4f735466cecf":"f.0763987BF21D2E15D38664A642A1837D.d.95616E5FC6268B1899C8461B4B0781AB.e.3350","ELEMENT":"f.0763987BF21D2E15D38664A642A1837D.d.95616E5FC6268B1899C8461B4B0781AB.e.3350"}]}
COMMAND: POST /session/3fbb5aa961da27feb6cf7ecb004886db/element/f.0763987BF21D2E15D38664A642A1837D.d.95616E5FC6268B1899C8461B4B0781AB.e.3350/click - {}
COMMAND: GET /session/3fbb5aa961da27feb6cf7ecb004886db/screenshot - {}
RESULT: {}
RESULT: {}
COMMAND: GET /session/3fbb5aa961da27feb6cf7ecb004886db/screenshot - {}
RESULT: {}
RESULT: {}
COMMAND: POST /session/3fbb5aa961da27feb6cf7ecb004886db/actions - {"actions":[{"id":"action12","type":"key","parameters":{},"actions":[{"type":"keyDown","value":""},{"type":"pause","duration":10},{"type":"keyUp","value":""}]}]}
RESULT: {"actions":[{"id":"action12","type":"key","parameters":{},"actions":[{"type":"keyDown","value":""},{"type":"pause","duration":10},{"type":"keyUp","value":""}]}]}
COMMAND: GET /session/3fbb5aa961da27feb6cf7ecb004886db/screenshot - {}
RESULT: {}
COMMAND: POST /session/3fbb5aa961da27feb6cf7ecb004886db/execute/async - {"script":"<script> [1562 bytes]","args":[{"selector":{"id":"application-manageconditionprice-display-component---newCondition--condBillCond-arrow"},"wdio_ui5_key":"applicationmanageconditionprice-display-component---newCondition--condBillCond-arrow"}]}
RESULT: {"script":"<script> [1562 bytes]","args":[{"selector":{"id":"application-manageconditionprice-display-component---newCondition--condBillCond-arrow"},"wdio_ui5_key":"applicationmanageconditionprice-display-component---newCondition--condBillCond-arrow"}]}
RESULT: undefined
COMMAND: POST /session/3fbb5aa961da27feb6cf7ecb004886db/element - {"using":"xpath","value":"//*[@id=\"application-manageconditionprice-display-component---newCondition--condBillCond-arrow\"]"}
RESULT: {"using":"xpath","value":"//*[@id=\"application-manageconditionprice-display-component---newCondition--condBillCond-arrow\"]"}
COMMAND: POST /session/3fbb5aa961da27feb6cf7ecb004886db/element/f.0763987BF21D2E15D38664A642A1837D.d.95616E5FC6268B1899C8461B4B0781AB.e.3530/click - {}
RESULT: {}
COMMAND: GET /session/3fbb5aa961da27feb6cf7ecb004886db/screenshot - {}
RESULT: {}
COMMAND: POST /session/3fbb5aa961da27feb6cf7ecb004886db/element - {"using":"xpath","value":"//li[.//span[contains(text(), \"DISP - D&I special price\")]]"}
RESULT: {"using":"xpath","value":"//li[.//span[contains(text(), \"DISP - D&I special price\")]]"}
COMMAND: POST /session/3fbb5aa961da27feb6cf7ecb004886db/element/f.0763987BF21D2E15D38664A642A1837D.d.95616E5FC6268B1899C8461B4B0781AB.e.3533/click - {}
RESULT: {}
COMMAND: GET /session/3fbb5aa961da27feb6cf7ecb004886db/screenshot - {}
RESULT: {}
COMMAND: POST /session/3fbb5aa961da27feb6cf7ecb004886db/execute/async - {"script":"<script> [1562 bytes]","args":[{"selector":{"id":"application-manageconditionprice-display-component---newCondition--condValidTo","interaction":{"idSuffix":"inner"}},"wdio_ui5_key":"applicationmanageconditionprice-display-component---newCondition--condValidTo"}]}
RESULT: {"script":"<script> [1562 bytes]","args":[{"selector":{"id":"application-manageconditionprice-display-component---newCondition--condValidTo","interaction":{"idSuffix":"inner"}},"wdio_ui5_key":"applicationmanageconditionprice-display-component---newCondition--condValidTo"}]}
RESULT: undefined
COMMAND: POST /session/3fbb5aa961da27feb6cf7ecb004886db/execute/async - {"script":"<script> [776 bytes]","args":[{"enterText":"12/17/25","selector":{"id":"application-manageconditionprice-display-component---newCondition--condValidTo","interaction":{"idSuffix":"inner"}},"clearTextFirst":true,"interactionType":"ENTER_TEXT"}]}
RESULT: {"script":"<script> [776 bytes]","args":[{"enterText":"12/17/25","selector":{"id":"application-manageconditionprice-display-component---newCondition--condValidTo","interaction":{"idSuffix":"inner"}},"clearTextFirst":true,"interactionType":"ENTER_TEXT"}]}
COMMAND: POST /session/3fbb5aa961da27feb6cf7ecb004886db/element - {"using":"xpath","value":"//input[@id=\"application-manageconditionprice-display-component---newCondition--condRU-inner\"]"}
RESULT: {"using":"xpath","value":"//input[@id=\"application-manageconditionprice-display-component---newCondition--condRU-inner\"]"}
COMMAND: POST /session/3fbb5aa961da27feb6cf7ecb004886db/element/f.0763987BF21D2E15D38664A642A1837D.d.95616E5FC6268B1899C8461B4B0781AB.e.3394/clear - {}
RESULT: {}
COMMAND: POST /session/3fbb5aa961da27feb6cf7ecb004886db/element/f.0763987BF21D2E15D38664A642A1837D.d.95616E5FC6268B1899C8461B4B0781AB.e.3394/value - {"text":"4p32nUuW7q"}
COMMAND: GET /session/3fbb5aa961da27feb6cf7ecb004886db/screenshot - {}
RESULT: {"text":"4p32nUuW7q"}
COMMAND: GET /session/3fbb5aa961da27feb6cf7ecb004886db/screenshot - {}
RESULT: {}
RESULT: {}
COMMAND: POST /session/3fbb5aa961da27feb6cf7ecb004886db/actions - {"actions":[{"id":"action13","type":"key","parameters":{},"actions":[{"type":"keyDown","value":""},{"type":"pause","duration":10},{"type":"keyUp","value":""}]}]}
RESULT: {"actions":[{"id":"action13","type":"key","parameters":{},"actions":[{"type":"keyDown","value":""},{"type":"pause","duration":10},{"type":"keyUp","value":""}]}]}
COMMAND: POST /session/3fbb5aa961da27feb6cf7ecb004886db/execute/async - {"script":"<script> [1562 bytes]","args":[{"selector":{"id":"application-manageconditionprice-display-component---newCondition--condBaseQty","interaction":{"idSuffix":"inner"}},"wdio_ui5_key":"applicationmanageconditionprice-display-component---newCondition--condBaseQty"}]}
COMMAND: GET /session/3fbb5aa961da27feb6cf7ecb004886db/screenshot - {}
RESULT: {"script":"<script> [1562 bytes]","args":[{"selector":{"id":"application-manageconditionprice-display-component---newCondition--condBaseQty","interaction":{"idSuffix":"inner"}},"wdio_ui5_key":"applicationmanageconditionprice-display-component---newCondition--condBaseQty"}]}
RESULT: undefined
COMMAND: POST /session/3fbb5aa961da27feb6cf7ecb004886db/execute/async - {"script":"<script> [776 bytes]","args":[{"enterText":"1","selector":{"id":"application-manageconditionprice-display-component---newCondition--condBaseQty","interaction":{"idSuffix":"inner"}},"clearTextFirst":true,"interactionType":"ENTER_TEXT"}]}
RESULT: {}
RESULT: {"script":"<script> [776 bytes]","args":[{"enterText":"1","selector":{"id":"application-manageconditionprice-display-component---newCondition--condBaseQty","interaction":{"idSuffix":"inner"}},"clearTextFirst":true,"interactionType":"ENTER_TEXT"}]}
COMMAND: POST /session/3fbb5aa961da27feb6cf7ecb004886db/execute/async - {"script":"<script> [1562 bytes]","args":[{"selector":{"id":"application-manageconditionprice-display-component---newCondition--condValue","interaction":{"idSuffix":"inner"}},"wdio_ui5_key":"applicationmanageconditionprice-display-component---newCondition--condValue"}]}
RESULT: {"script":"<script> [1562 bytes]","args":[{"selector":{"id":"application-manageconditionprice-display-component---newCondition--condValue","interaction":{"idSuffix":"inner"}},"wdio_ui5_key":"applicationmanageconditionprice-display-component---newCondition--condValue"}]}
RESULT: undefined
COMMAND: POST /session/3fbb5aa961da27feb6cf7ecb004886db/execute/async - {"script":"<script> [776 bytes]","args":[{"enterText":"100","selector":{"id":"application-manageconditionprice-display-component---newCondition--condValue","interaction":{"idSuffix":"inner"}},"clearTextFirst":true,"interactionType":"ENTER_TEXT"}]}
RESULT: {"script":"<script> [776 bytes]","args":[{"enterText":"100","selector":{"id":"application-manageconditionprice-display-component---newCondition--condValue","interaction":{"idSuffix":"inner"}},"clearTextFirst":true,"interactionType":"ENTER_TEXT"}]}
COMMAND: POST /session/3fbb5aa961da27feb6cf7ecb004886db/execute/async - {"script":"<script> [1562 bytes]","args":[{"selector":{"id":"application-manageconditionprice-display-component---newCondition--condCurr-arrow"},"wdio_ui5_key":"applicationmanageconditionprice-display-component---newCondition--condCurr-arrow"}]}
RESULT: {"script":"<script> [1562 bytes]","args":[{"selector":{"id":"application-manageconditionprice-display-component---newCondition--condCurr-arrow"},"wdio_ui5_key":"applicationmanageconditionprice-display-component---newCondition--condCurr-arrow"}]}
RESULT: undefined
COMMAND: POST /session/3fbb5aa961da27feb6cf7ecb004886db/element - {"using":"xpath","value":"//*[@id=\"application-manageconditionprice-display-component---newCondition--condCurr-arrow\"]"}
RESULT: {"using":"xpath","value":"//*[@id=\"application-manageconditionprice-display-component---newCondition--condCurr-arrow\"]"}
COMMAND: POST /session/3fbb5aa961da27feb6cf7ecb004886db/element/f.0763987BF21D2E15D38664A642A1837D.d.95616E5FC6268B1899C8461B4B0781AB.e.3495/click - {}
RESULT: {}
COMMAND: POST /session/3fbb5aa961da27feb6cf7ecb004886db/element - {"using":"xpath","value":"//span[contains(text(), \"Euro\")]"}
COMMAND: GET /session/3fbb5aa961da27feb6cf7ecb004886db/screenshot - {}
RESULT: {"using":"xpath","value":"//span[contains(text(), \"Euro\")]"}
COMMAND: POST /session/3fbb5aa961da27feb6cf7ecb004886db/element/f.0763987BF21D2E15D38664A642A1837D.d.95616E5FC6268B1899C8461B4B0781AB.e.3570/click - {}
RESULT: {}
RESULT: {}
COMMAND: POST /session/3fbb5aa961da27feb6cf7ecb004886db/element - {"using":"xpath","value":"//button[@data-kt=\"saveButton\"]"}
COMMAND: GET /session/3fbb5aa961da27feb6cf7ecb004886db/screenshot - {}
RESULT: {"using":"xpath","value":"//button[@data-kt=\"saveButton\"]"}
COMMAND: POST /session/3fbb5aa961da27feb6cf7ecb004886db/element/f.0763987BF21D2E15D38664A642A1837D.d.95616E5FC6268B1899C8461B4B0781AB.e.3496/click - {}
RESULT: {}
RESULT: {}
COMMAND: GET /session/3fbb5aa961da27feb6cf7ecb004886db/screenshot - {}
RESULT: {}
COMMAND: POST /session/3fbb5aa961da27feb6cf7ecb004886db/execute/async - {"script":"<script> [1562 bytes]","args":[{"selector":{"id":"application-manageconditionprice-display-component---conditions--smartFilterBar-btnBasicSearch","interaction":{"idSuffix":"I"}},"wdio_ui5_key":"applicationmanageconditionprice-display-component---conditions--smartFilterBar-btnBasicSearch"}]}
RESULT: {"script":"<script> [1562 bytes]","args":[{"selector":{"id":"application-manageconditionprice-display-component---conditions--smartFilterBar-btnBasicSearch","interaction":{"idSuffix":"I"}},"wdio_ui5_key":"applicationmanageconditionprice-display-component---conditions--smartFilterBar-btnBasicSearch"}]}
RESULT: undefined
COMMAND: POST /session/3fbb5aa961da27feb6cf7ecb004886db/execute/async - {"script":"<script> [776 bytes]","args":[{"enterText":"4p32nUuW7q","selector":{"id":"application-manageconditionprice-display-component---conditions--smartFilterBar-btnBasicSearch","interaction":{"idSuffix":"I"}},"clearTextFirst":true,"interactionType":"ENTER_TEXT"}]}
RESULT: {"script":"<script> [776 bytes]","args":[{"enterText":"4p32nUuW7q","selector":{"id":"application-manageconditionprice-display-component---conditions--smartFilterBar-btnBasicSearch","interaction":{"idSuffix":"I"}},"clearTextFirst":true,"interactionType":"ENTER_TEXT"}]}
COMMAND: POST /session/3fbb5aa961da27feb6cf7ecb004886db/actions - {"actions":[{"id":"action14","type":"key","parameters":{},"actions":[{"type":"keyDown","value":""},{"type":"pause","duration":10},{"type":"keyUp","value":""}]}]}
RESULT: {"actions":[{"id":"action14","type":"key","parameters":{},"actions":[{"type":"keyDown","value":""},{"type":"pause","duration":10},{"type":"keyUp","value":""}]}]}
COMMAND: GET /session/3fbb5aa961da27feb6cf7ecb004886db/screenshot - {}
RESULT: {}
COMMAND: POST /session/3fbb5aa961da27feb6cf7ecb004886db/execute/async - {"script":"<script> [1562 bytes]","args":[{"selector":{"id":"application-manageconditionprice-display-component---conditions--smartFilterBar-filterItemControl_BASIC-BILL_TYPES-vhi"},"wdio_ui5_key":"applicationmanageconditionprice-display-component---conditions--smartFilterBar-filterItemControl_BASIC-BILL_TYPES-vhi"}]}
RESULT: {"script":"<script> [1562 bytes]","args":[{"selector":{"id":"application-manageconditionprice-display-component---conditions--smartFilterBar-filterItemControl_BASIC-BILL_TYPES-vhi"},"wdio_ui5_key":"applicationmanageconditionprice-display-component---conditions--smartFilterBar-filterItemControl_BASIC-BILL_TYPES-vhi"}]}
RESULT: undefined
COMMAND: POST /session/3fbb5aa961da27feb6cf7ecb004886db/element - {"using":"xpath","value":"//*[@id=\"application-manageconditionprice-display-component---conditions--smartFilterBar-filterItemControl_BASIC-BILL_TYPES-vhi\"]"}
RESULT: {"using":"xpath","value":"//*[@id=\"application-manageconditionprice-display-component---conditions--smartFilterBar-filterItemControl_BASIC-BILL_TYPES-vhi\"]"}
COMMAND: POST /session/3fbb5aa961da27feb6cf7ecb004886db/element/f.0763987BF21D2E15D38664A642A1837D.d.95616E5FC6268B1899C8461B4B0781AB.e.3676/click - {}
RESULT: {}
COMMAND: POST /session/3fbb5aa961da27feb6cf7ecb004886db/execute/async - {"script":"<script> [1562 bytes]","args":[{"selector":{"id":"application-manageconditionprice-display-component---conditions--smartFilterBar-filterItemControl_BASIC-BILL_TYPES-valueHelpDialog-smartFilterBar-btnBasicSearch","searchOpenDialogs":true,"interaction":{"idSuffix":"I"}},"wdio_ui5_key":"applicationmanageconditionprice-display-component---conditions--smartFilterBar-filterItemControl_BASIC-BILL_TYPES-valueHelpDialog-smartFilterBar-btnBasicSearch"}]}
COMMAND: GET /session/3fbb5aa961da27feb6cf7ecb004886db/screenshot - {}
RESULT: {"script":"<script> [1562 bytes]","args":[{"selector":{"id":"application-manageconditionprice-display-component---conditions--smartFilterBar-filterItemControl_BASIC-BILL_TYPES-valueHelpDialog-smartFilterBar-btnBasicSearch","searchOpenDialogs":true,"interaction":{"idSuffix":"I"}},"wdio_ui5_key":"applicationmanageconditionprice-display-component---conditions--smartFilterBar-filterItemControl_BASIC-BILL_TYPES-valueHelpDialog-smartFilterBar-btnBasicSearch"}]}
RESULT: undefined
COMMAND: POST /session/3fbb5aa961da27feb6cf7ecb004886db/execute/async - {"script":"<script> [776 bytes]","args":[{"enterText":"TB","selector":{"id":"application-manageconditionprice-display-component---conditions--smartFilterBar-filterItemControl_BASIC-BILL_TYPES-valueHelpDialog-smartFilterBar-btnBasicSearch","searchOpenDialogs":true,"interaction":{"idSuffix":"I"}},"clearTextFirst":true,"interactionType":"ENTER_TEXT"}]}
RESULT: {}
RESULT: {"script":"<script> [776 bytes]","args":[{"enterText":"TB","selector":{"id":"application-manageconditionprice-display-component---conditions--smartFilterBar-filterItemControl_BASIC-BILL_TYPES-valueHelpDialog-smartFilterBar-btnBasicSearch","searchOpenDialogs":true,"interaction":{"idSuffix":"I"}},"clearTextFirst":true,"interactionType":"ENTER_TEXT"}]}
COMMAND: POST /session/3fbb5aa961da27feb6cf7ecb004886db/actions - {"actions":[{"id":"action15","type":"key","parameters":{},"actions":[{"type":"keyDown","value":""},{"type":"pause","duration":10},{"type":"keyUp","value":""}]}]}
RESULT: {"actions":[{"id":"action15","type":"key","parameters":{},"actions":[{"type":"keyDown","value":""},{"type":"pause","duration":10},{"type":"keyUp","value":""}]}]}
COMMAND: GET /session/3fbb5aa961da27feb6cf7ecb004886db/screenshot - {}
RESULT: {}
COMMAND: POST /session/3fbb5aa961da27feb6cf7ecb004886db/element - {"using":"xpath","value":"//div[contains(@id, 'application-manageconditionprice-display-component---conditions--smartFilterBar-filterItemControl_BASIC-BILL_TYPES-valueHelpDialog-table-rowsel0')]"}
RESULT: {"using":"xpath","value":"//div[contains(@id, 'application-manageconditionprice-display-component---conditions--smartFilterBar-filterItemControl_BASIC-BILL_TYPES-valueHelpDialog-table-rowsel0')]"}
COMMAND: POST /session/3fbb5aa961da27feb6cf7ecb004886db/element/f.0763987BF21D2E15D38664A642A1837D.d.95616E5FC6268B1899C8461B4B0781AB.e.3685/click - {}
RESULT: {}
COMMAND: GET /session/3fbb5aa961da27feb6cf7ecb004886db/screenshot - {}
RESULT: {}
COMMAND: POST /session/3fbb5aa961da27feb6cf7ecb004886db/element - {"using":"xpath","value":"//bdi[contains(text(), \"OK\")]"}
RESULT: {"using":"xpath","value":"//bdi[contains(text(), \"OK\")]"}
COMMAND: POST /session/3fbb5aa961da27feb6cf7ecb004886db/element/f.0763987BF21D2E15D38664A642A1837D.d.95616E5FC6268B1899C8461B4B0781AB.e.3687/click - {}
RESULT: {}
COMMAND: GET /session/3fbb5aa961da27feb6cf7ecb004886db/screenshot - {}
RESULT: {}
COMMAND: POST /session/3fbb5aa961da27feb6cf7ecb004886db/element - {"using":"xpath","value":"//span[@id=\"application-manageconditionprice-display-component---conditions--smartTable-header-inner\"]"}
RESULT: {"using":"xpath","value":"//span[@id=\"application-manageconditionprice-display-component---conditions--smartTable-header-inner\"]"}
COMMAND: POST /session/3fbb5aa961da27feb6cf7ecb004886db/elements - {"using":"xpath","value":"//span[@id=\"application-manageconditionprice-display-component---conditions--smartTable-header-inner\"]"}
RESULT: {"using":"xpath","value":"//span[@id=\"application-manageconditionprice-display-component---conditions--smartTable-header-inner\"]"}
COMMAND: POST /session/3fbb5aa961da27feb6cf7ecb004886db/execute/sync - {"script":"<script> [56 bytes]","args":[{"element-6066-11e4-a52e-4f735466cecf":"f.0763987BF21D2E15D38664A642A1837D.d.95616E5FC6268B1899C8461B4B0781AB.e.3690","ELEMENT":"f.0763987BF21D2E15D38664A642A1837D.d.95616E5FC6268B1899C8461B4B0781AB.e.3690"}]}
RESULT: {"script":"<script> [56 bytes]","args":[{"element-6066-11e4-a52e-4f735466cecf":"f.0763987BF21D2E15D38664A642A1837D.d.95616E5FC6268B1899C8461B4B0781AB.e.3690","ELEMENT":"f.0763987BF21D2E15D38664A642A1837D.d.95616E5FC6268B1899C8461B4B0781AB.e.3690"}]}
COMMAND: POST /session/3fbb5aa961da27feb6cf7ecb004886db/element - {"using":"css selector","value":"#shell-header-logo"}
COMMAND: GET /session/3fbb5aa961da27feb6cf7ecb004886db/screenshot - {}
RESULT: {"using":"css selector","value":"#shell-header-logo"}
COMMAND: POST /session/3fbb5aa961da27feb6cf7ecb004886db/element/f.0763987BF21D2E15D38664A642A1837D.d.95616E5FC6268B1899C8461B4B0781AB.e.3317/click - {}
RESULT: {}
RESULT: {}
COMMAND: GET /session/3fbb5aa961da27feb6cf7ecb004886db/screenshot - {}
RESULT: {}
]]></system-out>
    </testcase>
    <testcase classname="chrome.135_0_7049_42.windows.Billing_Transfer_-_Master_data_&amp;_Intercompany_US127250" name="Should do a stock increase" time="93.778">
      <system-out><![CDATA[
COMMAND: POST /session/3fbb5aa961da27feb6cf7ecb004886db/execute/async - {"script":"<script> [1562 bytes]","args":[{"selector":{"controlType":"sap.m.Text","viewName":"etm.portal.ui.managehandoverstile.view.Master","properties":{"text":"Manage Handovers"},"interaction":{"idSuffix":"inner"}},"wdio_ui5_key":"etmportal.ui.managehandoverstile.view.Mastersap.m.Text{\"text\":\"Manage Handovers\"}"}]}
RESULT: {"script":"<script> [1562 bytes]","args":[{"selector":{"controlType":"sap.m.Text","viewName":"etm.portal.ui.managehandoverstile.view.Master","properties":{"text":"Manage Handovers"},"interaction":{"idSuffix":"inner"}},"wdio_ui5_key":"etmportal.ui.managehandoverstile.view.Mastersap.m.Text{\"text\":\"Manage Handovers\"}"}]}
RESULT: undefined
COMMAND: POST /session/3fbb5aa961da27feb6cf7ecb004886db/element - {"using":"xpath","value":"//*[@id=\"__tile133-title\"]"}
RESULT: {"using":"xpath","value":"//*[@id=\"__tile133-title\"]"}
COMMAND: POST /session/3fbb5aa961da27feb6cf7ecb004886db/element/f.0763987BF21D2E15D38664A642A1837D.d.95616E5FC6268B1899C8461B4B0781AB.e.3695/click - {}
RESULT: {}
COMMAND: POST /session/3fbb5aa961da27feb6cf7ecb004886db/element - {"using":"xpath","value":"//button[@data-kt=\"masterHOAddButton\"]"}
COMMAND: GET /session/3fbb5aa961da27feb6cf7ecb004886db/screenshot - {}
RESULT: {"using":"xpath","value":"//button[@data-kt=\"masterHOAddButton\"]"}
COMMAND: POST /session/3fbb5aa961da27feb6cf7ecb004886db/elements - {"using":"xpath","value":"//button[@data-kt=\"masterHOAddButton\"]"}
RESULT: {}
RESULT: {"using":"xpath","value":"//button[@data-kt=\"masterHOAddButton\"]"}
COMMAND: POST /session/3fbb5aa961da27feb6cf7ecb004886db/elements - {"using":"xpath","value":"//button[@data-kt=\"masterHOAddButton\"]"}
RESULT: {"using":"xpath","value":"//button[@data-kt=\"masterHOAddButton\"]"}
COMMAND: POST /session/3fbb5aa961da27feb6cf7ecb004886db/element - {"using":"xpath","value":"//button[@data-kt=\"masterHOAddButton\"]"}
RESULT: {"using":"xpath","value":"//button[@data-kt=\"masterHOAddButton\"]"}
COMMAND: POST /session/3fbb5aa961da27feb6cf7ecb004886db/execute/sync - {"script":"<script> [8489 bytes]","args":[{"element-6066-11e4-a52e-4f735466cecf":"f.0763987BF21D2E15D38664A642A1837D.d.95616E5FC6268B1899C8461B4B0781AB.e.3729","ELEMENT":"f.0763987BF21D2E15D38664A642A1837D.d.95616E5FC6268B1899C8461B4B0781AB.e.3729"}]}
RESULT: {"script":"<script> [8489 bytes]","args":[{"element-6066-11e4-a52e-4f735466cecf":"f.0763987BF21D2E15D38664A642A1837D.d.95616E5FC6268B1899C8461B4B0781AB.e.3729","ELEMENT":"f.0763987BF21D2E15D38664A642A1837D.d.95616E5FC6268B1899C8461B4B0781AB.e.3729"}]}
COMMAND: GET /session/3fbb5aa961da27feb6cf7ecb004886db/element/f.0763987BF21D2E15D38664A642A1837D.d.95616E5FC6268B1899C8461B4B0781AB.e.3729/enabled - {}
COMMAND: GET /session/3fbb5aa961da27feb6cf7ecb004886db/screenshot - {}
RESULT: {}
COMMAND: POST /session/3fbb5aa961da27feb6cf7ecb004886db/execute/sync - {"script":"<script> [8489 bytes]","args":[{"element-6066-11e4-a52e-4f735466cecf":"f.0763987BF21D2E15D38664A642A1837D.d.95616E5FC6268B1899C8461B4B0781AB.e.3729","ELEMENT":"f.0763987BF21D2E15D38664A642A1837D.d.95616E5FC6268B1899C8461B4B0781AB.e.3729"}]}
COMMAND: GET /session/3fbb5aa961da27feb6cf7ecb004886db/screenshot - {}
RESULT: {}
RESULT: {"script":"<script> [8489 bytes]","args":[{"element-6066-11e4-a52e-4f735466cecf":"f.0763987BF21D2E15D38664A642A1837D.d.95616E5FC6268B1899C8461B4B0781AB.e.3729","ELEMENT":"f.0763987BF21D2E15D38664A642A1837D.d.95616E5FC6268B1899C8461B4B0781AB.e.3729"}]}
COMMAND: POST /session/3fbb5aa961da27feb6cf7ecb004886db/execute/sync - {"script":"<script> [5351 bytes]","args":[{"element-6066-11e4-a52e-4f735466cecf":"f.0763987BF21D2E15D38664A642A1837D.d.95616E5FC6268B1899C8461B4B0781AB.e.3729","ELEMENT":"f.0763987BF21D2E15D38664A642A1837D.d.95616E5FC6268B1899C8461B4B0781AB.e.3729"}]}
COMMAND: GET /session/3fbb5aa961da27feb6cf7ecb004886db/screenshot - {}
RESULT: {}
RESULT: {"script":"<script> [5351 bytes]","args":[{"element-6066-11e4-a52e-4f735466cecf":"f.0763987BF21D2E15D38664A642A1837D.d.95616E5FC6268B1899C8461B4B0781AB.e.3729","ELEMENT":"f.0763987BF21D2E15D38664A642A1837D.d.95616E5FC6268B1899C8461B4B0781AB.e.3729"}]}
COMMAND: POST /session/3fbb5aa961da27feb6cf7ecb004886db/element/f.0763987BF21D2E15D38664A642A1837D.d.95616E5FC6268B1899C8461B4B0781AB.e.3729/click - {}
COMMAND: GET /session/3fbb5aa961da27feb6cf7ecb004886db/screenshot - {}
RESULT: {}
RESULT: {}
COMMAND: GET /session/3fbb5aa961da27feb6cf7ecb004886db/screenshot - {}
COMMAND: POST /session/3fbb5aa961da27feb6cf7ecb004886db/element - {"using":"xpath","value":"//span[contains(@id ,\"AddNewHO--typeSelect-arrow\")]"}
RESULT: {}
RESULT: {}
RESULT: {"using":"xpath","value":"//span[contains(@id ,\"AddNewHO--typeSelect-arrow\")]"}
COMMAND: POST /session/3fbb5aa961da27feb6cf7ecb004886db/element/f.0763987BF21D2E15D38664A642A1837D.d.95616E5FC6268B1899C8461B4B0781AB.e.4069/click - {}
RESULT: {}
COMMAND: GET /session/3fbb5aa961da27feb6cf7ecb004886db/screenshot - {}
RESULT: {}
COMMAND: POST /session/3fbb5aa961da27feb6cf7ecb004886db/element - {"using":"xpath","value":"(//li[contains(text(), \"stock increase yard\")])[1]"}
RESULT: {"using":"xpath","value":"(//li[contains(text(), \"stock increase yard\")])[1]"}
COMMAND: POST /session/3fbb5aa961da27feb6cf7ecb004886db/element/f.0763987BF21D2E15D38664A642A1837D.d.95616E5FC6268B1899C8461B4B0781AB.e.4070/click - {}
RESULT: {}
COMMAND: GET /session/3fbb5aa961da27feb6cf7ecb004886db/screenshot - {}
RESULT: {}
COMMAND: POST /session/3fbb5aa961da27feb6cf7ecb004886db/execute/async - {"script":"<script> [1562 bytes]","args":[{"selector":{"id":"application-managehandovers-display-component---AddNewHO--dueDate","interaction":{"idSuffix":"inner"}},"wdio_ui5_key":"applicationmanagehandovers-display-component---AddNewHO--dueDate"}]}
RESULT: {"script":"<script> [1562 bytes]","args":[{"selector":{"id":"application-managehandovers-display-component---AddNewHO--dueDate","interaction":{"idSuffix":"inner"}},"wdio_ui5_key":"applicationmanagehandovers-display-component---AddNewHO--dueDate"}]}
RESULT: undefined
COMMAND: POST /session/3fbb5aa961da27feb6cf7ecb004886db/execute/async - {"script":"<script> [6424 bytes]","args":[{"element-6066-11e4-a52e-4f735466cecf":"f.0763987BF21D2E15D38664A642A1837D.d.95616E5FC6268B1899C8461B4B0781AB.e.4074"},"setValue",["04/17/2025"]]}
RESULT: {"script":"<script> [6424 bytes]","args":[{"element-6066-11e4-a52e-4f735466cecf":"f.0763987BF21D2E15D38664A642A1837D.d.95616E5FC6268B1899C8461B4B0781AB.e.4074"},"setValue",["04/17/2025"]]}
COMMAND: POST /session/3fbb5aa961da27feb6cf7ecb004886db/element - {"using":"xpath","value":"//input[@id=\"generalSectionFrg--receiveYard-inner\"]"}
RESULT: {"using":"xpath","value":"//input[@id=\"generalSectionFrg--receiveYard-inner\"]"}
COMMAND: POST /session/3fbb5aa961da27feb6cf7ecb004886db/element/f.0763987BF21D2E15D38664A642A1837D.d.95616E5FC6268B1899C8461B4B0781AB.e.4080/clear - {}
RESULT: {}
COMMAND: POST /session/3fbb5aa961da27feb6cf7ecb004886db/element/f.0763987BF21D2E15D38664A642A1837D.d.95616E5FC6268B1899C8461B4B0781AB.e.4080/value - {"text":"468"}
COMMAND: GET /session/3fbb5aa961da27feb6cf7ecb004886db/screenshot - {}
RESULT: {"text":"468"}
COMMAND: GET /session/3fbb5aa961da27feb6cf7ecb004886db/screenshot - {}
RESULT: {}
RESULT: {}
COMMAND: POST /session/3fbb5aa961da27feb6cf7ecb004886db/element - {"using":"xpath","value":"//li[.//span[text()='468']]"}
RESULT: {"using":"xpath","value":"//li[.//span[text()='468']]"}
COMMAND: POST /session/3fbb5aa961da27feb6cf7ecb004886db/element/f.0763987BF21D2E15D38664A642A1837D.d.95616E5FC6268B1899C8461B4B0781AB.e.4095/click - {}
RESULT: {}
COMMAND: GET /session/3fbb5aa961da27feb6cf7ecb004886db/screenshot - {}
RESULT: {}
COMMAND: POST /session/3fbb5aa961da27feb6cf7ecb004886db/execute/async - {"script":"<script> [1562 bytes]","args":[{"selector":{"id":"application-managehandovers-display-component---AddNewHO--ObjectPageLayout-anchBar-application-managehandovers-display-component---AddNewHO--section4-anchor","interaction":{"idSuffix":"BDI-content"}},"wdio_ui5_key":"applicationmanagehandovers-display-component---AddNewHO--ObjectPageLayout-anchBar-application-managehandovers-display-component---AddNewHO--section4-anchor"}]}
RESULT: {"script":"<script> [1562 bytes]","args":[{"selector":{"id":"application-managehandovers-display-component---AddNewHO--ObjectPageLayout-anchBar-application-managehandovers-display-component---AddNewHO--section4-anchor","interaction":{"idSuffix":"BDI-content"}},"wdio_ui5_key":"applicationmanagehandovers-display-component---AddNewHO--ObjectPageLayout-anchBar-application-managehandovers-display-component---AddNewHO--section4-anchor"}]}
RESULT: undefined
COMMAND: POST /session/3fbb5aa961da27feb6cf7ecb004886db/element - {"using":"xpath","value":"//*[@id=\"application-managehandovers-display-component---AddNewHO--ObjectPageLayout-anchBar-application-managehandovers-display-component---AddNewHO--section4-anchor\"]"}
RESULT: {"using":"xpath","value":"//*[@id=\"application-managehandovers-display-component---AddNewHO--ObjectPageLayout-anchBar-application-managehandovers-display-component---AddNewHO--section4-anchor\"]"}
COMMAND: POST /session/3fbb5aa961da27feb6cf7ecb004886db/element/f.0763987BF21D2E15D38664A642A1837D.d.95616E5FC6268B1899C8461B4B0781AB.e.4097/click - {}
RESULT: {}
COMMAND: POST /session/3fbb5aa961da27feb6cf7ecb004886db/element - {"using":"xpath","value":"//button[@aria-label=\"Add\"]"}
COMMAND: GET /session/3fbb5aa961da27feb6cf7ecb004886db/screenshot - {}
RESULT: {"using":"xpath","value":"//button[@aria-label=\"Add\"]"}
COMMAND: POST /session/3fbb5aa961da27feb6cf7ecb004886db/element/f.0763987BF21D2E15D38664A642A1837D.d.95616E5FC6268B1899C8461B4B0781AB.e.4101/click - {}
RESULT: {}
RESULT: {}
COMMAND: GET /session/3fbb5aa961da27feb6cf7ecb004886db/screenshot - {}
RESULT: {}
COMMAND: POST /session/3fbb5aa961da27feb6cf7ecb004886db/execute/async - {"script":"<script> [1562 bytes]","args":[{"selector":{"id":"application-managehandovers-display-component---AddNewHO--smartFilterBar-btnBasicSearch","searchOpenDialogs":true,"interaction":{"idSuffix":"I"}},"wdio_ui5_key":"applicationmanagehandovers-display-component---AddNewHO--smartFilterBar-btnBasicSearch"}]}
RESULT: {"script":"<script> [1562 bytes]","args":[{"selector":{"id":"application-managehandovers-display-component---AddNewHO--smartFilterBar-btnBasicSearch","searchOpenDialogs":true,"interaction":{"idSuffix":"I"}},"wdio_ui5_key":"applicationmanagehandovers-display-component---AddNewHO--smartFilterBar-btnBasicSearch"}]}
RESULT: undefined
COMMAND: POST /session/3fbb5aa961da27feb6cf7ecb004886db/execute/async - {"script":"<script> [776 bytes]","args":[{"enterText":"4p32nUuW7q","selector":{"id":"application-managehandovers-display-component---AddNewHO--smartFilterBar-btnBasicSearch","searchOpenDialogs":true,"interaction":{"idSuffix":"I"}},"clearTextFirst":true,"interactionType":"ENTER_TEXT"}]}
RESULT: {"script":"<script> [776 bytes]","args":[{"enterText":"4p32nUuW7q","selector":{"id":"application-managehandovers-display-component---AddNewHO--smartFilterBar-btnBasicSearch","searchOpenDialogs":true,"interaction":{"idSuffix":"I"}},"clearTextFirst":true,"interactionType":"ENTER_TEXT"}]}
COMMAND: POST /session/3fbb5aa961da27feb6cf7ecb004886db/actions - {"actions":[{"id":"action16","type":"key","parameters":{},"actions":[{"type":"keyDown","value":""},{"type":"pause","duration":10},{"type":"keyUp","value":""}]}]}
RESULT: {"actions":[{"id":"action16","type":"key","parameters":{},"actions":[{"type":"keyDown","value":""},{"type":"pause","duration":10},{"type":"keyUp","value":""}]}]}
COMMAND: GET /session/3fbb5aa961da27feb6cf7ecb004886db/screenshot - {}
RESULT: {}
COMMAND: POST /session/3fbb5aa961da27feb6cf7ecb004886db/execute/async - {"script":"<script> [1562 bytes]","args":[{"selector":{"id":"application-managehandovers-display-component---AddNewHO--popup-sa","searchOpenDialogs":true,"interaction":{"idSuffix":"CbBg"}},"wdio_ui5_key":"applicationmanagehandovers-display-component---AddNewHO--popup-sa"}]}
RESULT: {"script":"<script> [1562 bytes]","args":[{"selector":{"id":"application-managehandovers-display-component---AddNewHO--popup-sa","searchOpenDialogs":true,"interaction":{"idSuffix":"CbBg"}},"wdio_ui5_key":"applicationmanagehandovers-display-component---AddNewHO--popup-sa"}]}
RESULT: undefined
COMMAND: POST /session/3fbb5aa961da27feb6cf7ecb004886db/element - {"using":"xpath","value":"//*[@id=\"application-managehandovers-display-component---AddNewHO--popup-sa\"]"}
RESULT: {"using":"xpath","value":"//*[@id=\"application-managehandovers-display-component---AddNewHO--popup-sa\"]"}
COMMAND: POST /session/3fbb5aa961da27feb6cf7ecb004886db/element/f.0763987BF21D2E15D38664A642A1837D.d.95616E5FC6268B1899C8461B4B0781AB.e.4252/click - {}
RESULT: {}
COMMAND: GET /session/3fbb5aa961da27feb6cf7ecb004886db/screenshot - {}
RESULT: {}
COMMAND: POST /session/3fbb5aa961da27feb6cf7ecb004886db/element - {"using":"xpath","value":"//bdi[contains(text(), \"Select\")]"}
RESULT: {"using":"xpath","value":"//bdi[contains(text(), \"Select\")]"}
COMMAND: POST /session/3fbb5aa961da27feb6cf7ecb004886db/element/f.0763987BF21D2E15D38664A642A1837D.d.95616E5FC6268B1899C8461B4B0781AB.e.4253/click - {}
RESULT: {}
COMMAND: GET /session/3fbb5aa961da27feb6cf7ecb004886db/screenshot - {}
RESULT: {}
COMMAND: POST /session/3fbb5aa961da27feb6cf7ecb004886db/element - {"using":"xpath","value":"//button[@data-kt=\"AddNewHOSaveButton\"]"}
RESULT: {"using":"xpath","value":"//button[@data-kt=\"AddNewHOSaveButton\"]"}
COMMAND: POST /session/3fbb5aa961da27feb6cf7ecb004886db/element/f.0763987BF21D2E15D38664A642A1837D.d.95616E5FC6268B1899C8461B4B0781AB.e.4257/click - {}
RESULT: {}
COMMAND: GET /session/3fbb5aa961da27feb6cf7ecb004886db/screenshot - {}
RESULT: {}
COMMAND: POST /session/3fbb5aa961da27feb6cf7ecb004886db/execute/async - {"script":"<script> [1562 bytes]","args":[{"selector":{"id":"receiptDatePicker","viewName":"etm.portal.ui.managehandovers.view.DetailExecuteHO","interaction":{"idSuffix":"inner"}},"wdio_ui5_key":"receiptDatePickeretmportal.ui.managehandovers.view.DetailExecuteHO"}]}
RESULT: {"script":"<script> [1562 bytes]","args":[{"selector":{"id":"receiptDatePicker","viewName":"etm.portal.ui.managehandovers.view.DetailExecuteHO","interaction":{"idSuffix":"inner"}},"wdio_ui5_key":"receiptDatePickeretmportal.ui.managehandovers.view.DetailExecuteHO"}]}
RESULT: undefined
COMMAND: POST /session/3fbb5aa961da27feb6cf7ecb004886db/execute/async - {"script":"<script> [6424 bytes]","args":[{"element-6066-11e4-a52e-4f735466cecf":"f.0763987BF21D2E15D38664A642A1837D.d.95616E5FC6268B1899C8461B4B0781AB.e.4286"},"setValue",["04/17/2025"]]}
RESULT: {"script":"<script> [6424 bytes]","args":[{"element-6066-11e4-a52e-4f735466cecf":"f.0763987BF21D2E15D38664A642A1837D.d.95616E5FC6268B1899C8461B4B0781AB.e.4286"},"setValue",["04/17/2025"]]}
COMMAND: POST /session/3fbb5aa961da27feb6cf7ecb004886db/element - {"using":"xpath","value":"//button[@data-kt=\"PickingTableConfirmAllButton\"]"}
RESULT: {"using":"xpath","value":"//button[@data-kt=\"PickingTableConfirmAllButton\"]"}
COMMAND: POST /session/3fbb5aa961da27feb6cf7ecb004886db/element/f.0763987BF21D2E15D38664A642A1837D.d.95616E5FC6268B1899C8461B4B0781AB.e.4301/click - {}
RESULT: {}
COMMAND: GET /session/3fbb5aa961da27feb6cf7ecb004886db/screenshot - {}
RESULT: {}
COMMAND: POST /session/3fbb5aa961da27feb6cf7ecb004886db/element - {"using":"xpath","value":"//bdi[contains(text(), \"OK\")]"}
RESULT: {"using":"xpath","value":"//bdi[contains(text(), \"OK\")]"}
COMMAND: POST /session/3fbb5aa961da27feb6cf7ecb004886db/element/f.0763987BF21D2E15D38664A642A1837D.d.95616E5FC6268B1899C8461B4B0781AB.e.4303/click - {}
RESULT: {}
COMMAND: GET /session/3fbb5aa961da27feb6cf7ecb004886db/screenshot - {}
RESULT: {}
COMMAND: POST /session/3fbb5aa961da27feb6cf7ecb004886db/element - {"using":"xpath","value":"(//bdi[contains(text(), \"Receive\")])[2]"}
RESULT: {"using":"xpath","value":"(//bdi[contains(text(), \"Receive\")])[2]"}
COMMAND: POST /session/3fbb5aa961da27feb6cf7ecb004886db/element/f.0763987BF21D2E15D38664A642A1837D.d.95616E5FC6268B1899C8461B4B0781AB.e.4305/click - {}
RESULT: {}
COMMAND: GET /session/3fbb5aa961da27feb6cf7ecb004886db/screenshot - {}
RESULT: {}
COMMAND: POST /session/3fbb5aa961da27feb6cf7ecb004886db/element - {"using":"css selector","value":"#shell-header-logo"}
RESULT: {"using":"css selector","value":"#shell-header-logo"}
COMMAND: POST /session/3fbb5aa961da27feb6cf7ecb004886db/element/f.0763987BF21D2E15D38664A642A1837D.d.95616E5FC6268B1899C8461B4B0781AB.e.3697/click - {}
RESULT: {}
COMMAND: GET /session/3fbb5aa961da27feb6cf7ecb004886db/screenshot - {}
RESULT: {}
]]></system-out>
    </testcase>
    <testcase classname="chrome.135_0_7049_42.windows.Billing_Transfer_-_Master_data_&amp;_Intercompany_US127250" name="Should create a new contract" time="64.401">
      <system-out><![CDATA[
COMMAND: POST /session/3fbb5aa961da27feb6cf7ecb004886db/execute/async - {"script":"<script> [1562 bytes]","args":[{"selector":{"controlType":"sap.m.Text","viewName":"etm.portal.ui.managecontractstile.view.Master","properties":{"text":"Manage Contracts"},"interaction":{"idSuffix":"inner"}},"wdio_ui5_key":"etmportal.ui.managecontractstile.view.Mastersap.m.Text{\"text\":\"Manage Contracts\"}"}]}
RESULT: {"script":"<script> [1562 bytes]","args":[{"selector":{"controlType":"sap.m.Text","viewName":"etm.portal.ui.managecontractstile.view.Master","properties":{"text":"Manage Contracts"},"interaction":{"idSuffix":"inner"}},"wdio_ui5_key":"etmportal.ui.managecontractstile.view.Mastersap.m.Text{\"text\":\"Manage Contracts\"}"}]}
RESULT: undefined
COMMAND: POST /session/3fbb5aa961da27feb6cf7ecb004886db/element - {"using":"xpath","value":"//*[@id=\"__tile130-title\"]"}
RESULT: {"using":"xpath","value":"//*[@id=\"__tile130-title\"]"}
COMMAND: POST /session/3fbb5aa961da27feb6cf7ecb004886db/element/f.0763987BF21D2E15D38664A642A1837D.d.95616E5FC6268B1899C8461B4B0781AB.e.4474/click - {}
RESULT: {}
COMMAND: GET /session/3fbb5aa961da27feb6cf7ecb004886db/screenshot - {}
RESULT: {}
COMMAND: POST /session/3fbb5aa961da27feb6cf7ecb004886db/element - {"using":"xpath","value":"//button[@data-kt=\"addButton\"]"}
RESULT: {"using":"xpath","value":"//button[@data-kt=\"addButton\"]"}
COMMAND: POST /session/3fbb5aa961da27feb6cf7ecb004886db/elements - {"using":"xpath","value":"//button[@data-kt=\"addButton\"]"}
RESULT: {"using":"xpath","value":"//button[@data-kt=\"addButton\"]"}
COMMAND: POST /session/3fbb5aa961da27feb6cf7ecb004886db/elements - {"using":"xpath","value":"//button[@data-kt=\"addButton\"]"}
RESULT: undefined
RESULT: undefined
RESULT: {"using":"xpath","value":"//button[@data-kt=\"addButton\"]"}
COMMAND: POST /session/3fbb5aa961da27feb6cf7ecb004886db/elements - {"using":"xpath","value":"//button[@data-kt=\"addButton\"]"}
RESULT: {"using":"xpath","value":"//button[@data-kt=\"addButton\"]"}
COMMAND: POST /session/3fbb5aa961da27feb6cf7ecb004886db/element - {"using":"xpath","value":"//button[@data-kt=\"addButton\"]"}
RESULT: {"using":"xpath","value":"//button[@data-kt=\"addButton\"]"}
COMMAND: POST /session/3fbb5aa961da27feb6cf7ecb004886db/execute/sync - {"script":"<script> [8489 bytes]","args":[{"element-6066-11e4-a52e-4f735466cecf":"f.0763987BF21D2E15D38664A642A1837D.d.95616E5FC6268B1899C8461B4B0781AB.e.4543","ELEMENT":"f.0763987BF21D2E15D38664A642A1837D.d.95616E5FC6268B1899C8461B4B0781AB.e.4543"}]}
RESULT: {"script":"<script> [8489 bytes]","args":[{"element-6066-11e4-a52e-4f735466cecf":"f.0763987BF21D2E15D38664A642A1837D.d.95616E5FC6268B1899C8461B4B0781AB.e.4543","ELEMENT":"f.0763987BF21D2E15D38664A642A1837D.d.95616E5FC6268B1899C8461B4B0781AB.e.4543"}]}
COMMAND: GET /session/3fbb5aa961da27feb6cf7ecb004886db/element/f.0763987BF21D2E15D38664A642A1837D.d.95616E5FC6268B1899C8461B4B0781AB.e.4543/enabled - {}
COMMAND: GET /session/3fbb5aa961da27feb6cf7ecb004886db/screenshot - {}
RESULT: {}
COMMAND: POST /session/3fbb5aa961da27feb6cf7ecb004886db/execute/sync - {"script":"<script> [8489 bytes]","args":[{"element-6066-11e4-a52e-4f735466cecf":"f.0763987BF21D2E15D38664A642A1837D.d.95616E5FC6268B1899C8461B4B0781AB.e.4543","ELEMENT":"f.0763987BF21D2E15D38664A642A1837D.d.95616E5FC6268B1899C8461B4B0781AB.e.4543"}]}
COMMAND: GET /session/3fbb5aa961da27feb6cf7ecb004886db/screenshot - {}
RESULT: {}
RESULT: {"script":"<script> [8489 bytes]","args":[{"element-6066-11e4-a52e-4f735466cecf":"f.0763987BF21D2E15D38664A642A1837D.d.95616E5FC6268B1899C8461B4B0781AB.e.4543","ELEMENT":"f.0763987BF21D2E15D38664A642A1837D.d.95616E5FC6268B1899C8461B4B0781AB.e.4543"}]}
COMMAND: POST /session/3fbb5aa961da27feb6cf7ecb004886db/execute/sync - {"script":"<script> [5351 bytes]","args":[{"element-6066-11e4-a52e-4f735466cecf":"f.0763987BF21D2E15D38664A642A1837D.d.95616E5FC6268B1899C8461B4B0781AB.e.4543","ELEMENT":"f.0763987BF21D2E15D38664A642A1837D.d.95616E5FC6268B1899C8461B4B0781AB.e.4543"}]}
COMMAND: GET /session/3fbb5aa961da27feb6cf7ecb004886db/screenshot - {}
RESULT: {}
RESULT: {"script":"<script> [5351 bytes]","args":[{"element-6066-11e4-a52e-4f735466cecf":"f.0763987BF21D2E15D38664A642A1837D.d.95616E5FC6268B1899C8461B4B0781AB.e.4543","ELEMENT":"f.0763987BF21D2E15D38664A642A1837D.d.95616E5FC6268B1899C8461B4B0781AB.e.4543"}]}
COMMAND: GET /session/3fbb5aa961da27feb6cf7ecb004886db/screenshot - {}
RESULT: {}
RESULT: {}
COMMAND: POST /session/3fbb5aa961da27feb6cf7ecb004886db/element/f.0763987BF21D2E15D38664A642A1837D.d.95616E5FC6268B1899C8461B4B0781AB.e.4543/click - {}
RESULT: {}
COMMAND: GET /session/3fbb5aa961da27feb6cf7ecb004886db/screenshot - {}
COMMAND: POST /session/3fbb5aa961da27feb6cf7ecb004886db/execute/async - {"script":"<script> [1562 bytes]","args":[{"selector":{"id":"application-managecontracts-display-component---AddNewContract--projectDescription","interaction":{"idSuffix":"inner"}},"wdio_ui5_key":"applicationmanagecontracts-display-component---AddNewContract--projectDescription"}]}
RESULT: {}
RESULT: {"script":"<script> [1562 bytes]","args":[{"selector":{"id":"application-managecontracts-display-component---AddNewContract--projectDescription","interaction":{"idSuffix":"inner"}},"wdio_ui5_key":"applicationmanagecontracts-display-component---AddNewContract--projectDescription"}]}
RESULT: undefined
COMMAND: POST /session/3fbb5aa961da27feb6cf7ecb004886db/execute/async - {"script":"<script> [776 bytes]","args":[{"enterText":"Intercompany Contract WDIO","selector":{"id":"application-managecontracts-display-component---AddNewContract--projectDescription","interaction":{"idSuffix":"inner"}},"clearTextFirst":true,"interactionType":"ENTER_TEXT"}]}
RESULT: {"script":"<script> [776 bytes]","args":[{"enterText":"Intercompany Contract WDIO","selector":{"id":"application-managecontracts-display-component---AddNewContract--projectDescription","interaction":{"idSuffix":"inner"}},"clearTextFirst":true,"interactionType":"ENTER_TEXT"}]}
COMMAND: POST /session/3fbb5aa961da27feb6cf7ecb004886db/element - {"using":"xpath","value":"//input[@id=\"application-managecontracts-display-component---AddNewContract--site-inner\"]"}
RESULT: {"using":"xpath","value":"//input[@id=\"application-managecontracts-display-component---AddNewContract--site-inner\"]"}
COMMAND: POST /session/3fbb5aa961da27feb6cf7ecb004886db/element/f.0763987BF21D2E15D38664A642A1837D.d.95616E5FC6268B1899C8461B4B0781AB.e.4872/clear - {}
RESULT: {}
COMMAND: POST /session/3fbb5aa961da27feb6cf7ecb004886db/element/f.0763987BF21D2E15D38664A642A1837D.d.95616E5FC6268B1899C8461B4B0781AB.e.4872/value - {"text":"2286"}
COMMAND: GET /session/3fbb5aa961da27feb6cf7ecb004886db/screenshot - {}
RESULT: {"text":"2286"}
COMMAND: GET /session/3fbb5aa961da27feb6cf7ecb004886db/screenshot - {}
RESULT: {}
RESULT: {}
COMMAND: POST /session/3fbb5aa961da27feb6cf7ecb004886db/element - {"using":"xpath","value":"//li[.//span[text()='2286']]"}
RESULT: {"using":"xpath","value":"//li[.//span[text()='2286']]"}
COMMAND: POST /session/3fbb5aa961da27feb6cf7ecb004886db/element/f.0763987BF21D2E15D38664A642A1837D.d.95616E5FC6268B1899C8461B4B0781AB.e.4894/click - {}
RESULT: {}
COMMAND: GET /session/3fbb5aa961da27feb6cf7ecb004886db/screenshot - {}
RESULT: {}
COMMAND: POST /session/3fbb5aa961da27feb6cf7ecb004886db/element - {"using":"xpath","value":"//input[@id=\"application-managecontracts-display-component---AddNewContract--yardId-inner\"]"}
RESULT: {"using":"xpath","value":"//input[@id=\"application-managecontracts-display-component---AddNewContract--yardId-inner\"]"}
COMMAND: GET /session/3fbb5aa961da27feb6cf7ecb004886db/element/f.0763987BF21D2E15D38664A642A1837D.d.95616E5FC6268B1899C8461B4B0781AB.e.4873/property/value - {}
RESULT: {}
COMMAND: POST /session/3fbb5aa961da27feb6cf7ecb004886db/element - {"using":"xpath","value":"//input[@id=\"application-managecontracts-display-component---AddNewContract--customerSelect-inner\"]"}
COMMAND: GET /session/3fbb5aa961da27feb6cf7ecb004886db/screenshot - {}
RESULT: {"using":"xpath","value":"//input[@id=\"application-managecontracts-display-component---AddNewContract--customerSelect-inner\"]"}
COMMAND: POST /session/3fbb5aa961da27feb6cf7ecb004886db/element/f.0763987BF21D2E15D38664A642A1837D.d.95616E5FC6268B1899C8461B4B0781AB.e.4871/clear - {}
RESULT: {}
RESULT: {}
COMMAND: POST /session/3fbb5aa961da27feb6cf7ecb004886db/element/f.0763987BF21D2E15D38664A642A1837D.d.95616E5FC6268B1899C8461B4B0781AB.e.4871/value - {"text":"1325"}
COMMAND: GET /session/3fbb5aa961da27feb6cf7ecb004886db/screenshot - {}
RESULT: {"text":"1325"}
COMMAND: GET /session/3fbb5aa961da27feb6cf7ecb004886db/screenshot - {}
RESULT: {}
RESULT: {}
COMMAND: POST /session/3fbb5aa961da27feb6cf7ecb004886db/element - {"using":"xpath","value":"//li[.//span[text()='1325']]"}
RESULT: {"using":"xpath","value":"//li[.//span[text()='1325']]"}
COMMAND: POST /session/3fbb5aa961da27feb6cf7ecb004886db/element/f.0763987BF21D2E15D38664A642A1837D.d.95616E5FC6268B1899C8461B4B0781AB.e.4897/click - {}
RESULT: {}
COMMAND: GET /session/3fbb5aa961da27feb6cf7ecb004886db/screenshot - {}
RESULT: {}
COMMAND: POST /session/3fbb5aa961da27feb6cf7ecb004886db/element - {"using":"xpath","value":"//button[@data-kt=\"saveButton\"]"}
RESULT: {"using":"xpath","value":"//button[@data-kt=\"saveButton\"]"}
COMMAND: POST /session/3fbb5aa961da27feb6cf7ecb004886db/element/f.0763987BF21D2E15D38664A642A1837D.d.95616E5FC6268B1899C8461B4B0781AB.e.4887/click - {}
RESULT: {}
COMMAND: GET /session/3fbb5aa961da27feb6cf7ecb004886db/screenshot - {}
RESULT: {}
COMMAND: POST /session/3fbb5aa961da27feb6cf7ecb004886db/element - {"using":"xpath","value":"//span[contains(@id ,\"contractDetailTitleNoExpanded\")]"}
RESULT: {"using":"xpath","value":"//span[contains(@id ,\"contractDetailTitleNoExpanded\")]"}
COMMAND: POST /session/3fbb5aa961da27feb6cf7ecb004886db/elements - {"using":"xpath","value":"//span[contains(@id ,\"contractDetailTitleNoExpanded\")]"}
RESULT: {"using":"xpath","value":"//span[contains(@id ,\"contractDetailTitleNoExpanded\")]"}
COMMAND: POST /session/3fbb5aa961da27feb6cf7ecb004886db/execute/sync - {"script":"<script> [56 bytes]","args":[{"element-6066-11e4-a52e-4f735466cecf":"f.0763987BF21D2E15D38664A642A1837D.d.95616E5FC6268B1899C8461B4B0781AB.e.4907","ELEMENT":"f.0763987BF21D2E15D38664A642A1837D.d.95616E5FC6268B1899C8461B4B0781AB.e.4907"}]}
RESULT: {"script":"<script> [56 bytes]","args":[{"element-6066-11e4-a52e-4f735466cecf":"f.0763987BF21D2E15D38664A642A1837D.d.95616E5FC6268B1899C8461B4B0781AB.e.4907","ELEMENT":"f.0763987BF21D2E15D38664A642A1837D.d.95616E5FC6268B1899C8461B4B0781AB.e.4907"}]}
COMMAND: GET /session/3fbb5aa961da27feb6cf7ecb004886db/screenshot - {}
RESULT: {}
]]></system-out>
    </testcase>
    <testcase classname="chrome.135_0_7049_42.windows.Billing_Transfer_-_Master_data_&amp;_Intercompany_US127250" name="Should add equipment to the contract" time="44.301">
      <system-out><![CDATA[
COMMAND: POST /session/3fbb5aa961da27feb6cf7ecb004886db/element - {"using":"xpath","value":"//button[@data-kt=\"contractDetailEditBtnButton\"]"}
RESULT: {"using":"xpath","value":"//button[@data-kt=\"contractDetailEditBtnButton\"]"}
COMMAND: POST /session/3fbb5aa961da27feb6cf7ecb004886db/element/f.0763987BF21D2E15D38664A642A1837D.d.95616E5FC6268B1899C8461B4B0781AB.e.4909/click - {}
RESULT: {}
COMMAND: GET /session/3fbb5aa961da27feb6cf7ecb004886db/screenshot - {}
RESULT: {}
COMMAND: POST /session/3fbb5aa961da27feb6cf7ecb004886db/element - {"using":"xpath","value":"(//span[contains(text(), \"Additional Addresses\")])[2]"}
RESULT: {"using":"xpath","value":"(//span[contains(text(), \"Additional Addresses\")])[2]"}
COMMAND: POST /session/3fbb5aa961da27feb6cf7ecb004886db/element/f.0763987BF21D2E15D38664A642A1837D.d.95616E5FC6268B1899C8461B4B0781AB.e.4965/click - {}
RESULT: {}
COMMAND: GET /session/3fbb5aa961da27feb6cf7ecb004886db/screenshot - {}
RESULT: {}
COMMAND: POST /session/3fbb5aa961da27feb6cf7ecb004886db/element - {"using":"xpath","value":"//button[@data-kt=\"btnAddTableRowOverflowToolbarButton\"]"}
RESULT: {"using":"xpath","value":"//button[@data-kt=\"btnAddTableRowOverflowToolbarButton\"]"}
COMMAND: POST /session/3fbb5aa961da27feb6cf7ecb004886db/element/f.0763987BF21D2E15D38664A642A1837D.d.95616E5FC6268B1899C8461B4B0781AB.e.4968/click - {}
RESULT: {}
COMMAND: GET /session/3fbb5aa961da27feb6cf7ecb004886db/screenshot - {}
RESULT: {}
COMMAND: POST /session/3fbb5aa961da27feb6cf7ecb004886db/element - {"using":"xpath","value":"//div[(text() = 'Standard Entry' or . = 'Standard Entry')]"}
RESULT: {"using":"xpath","value":"//div[(text() = 'Standard Entry' or . = 'Standard Entry')]"}
COMMAND: POST /session/3fbb5aa961da27feb6cf7ecb004886db/element/f.0763987BF21D2E15D38664A642A1837D.d.95616E5FC6268B1899C8461B4B0781AB.e.4970/click - {}
RESULT: {}
COMMAND: GET /session/3fbb5aa961da27feb6cf7ecb004886db/screenshot - {}
RESULT: {}
COMMAND: POST /session/3fbb5aa961da27feb6cf7ecb004886db/element - {"using":"xpath","value":"//td[7]/div/div/input"}
RESULT: {"using":"xpath","value":"//td[7]/div/div/input"}
COMMAND: POST /session/3fbb5aa961da27feb6cf7ecb004886db/element/f.0763987BF21D2E15D38664A642A1837D.d.95616E5FC6268B1899C8461B4B0781AB.e.4979/clear - {}
RESULT: {}
COMMAND: POST /session/3fbb5aa961da27feb6cf7ecb004886db/element/f.0763987BF21D2E15D38664A642A1837D.d.95616E5FC6268B1899C8461B4B0781AB.e.4979/value - {"text":"4p32nUuW7q"}
COMMAND: GET /session/3fbb5aa961da27feb6cf7ecb004886db/screenshot - {}
RESULT: {"text":"4p32nUuW7q"}
COMMAND: GET /session/3fbb5aa961da27feb6cf7ecb004886db/screenshot - {}
RESULT: {}
RESULT: {}
COMMAND: POST /session/3fbb5aa961da27feb6cf7ecb004886db/actions - {"actions":[{"id":"action17","type":"key","parameters":{},"actions":[{"type":"keyDown","value":""},{"type":"pause","duration":10},{"type":"keyUp","value":""}]}]}
RESULT: {"actions":[{"id":"action17","type":"key","parameters":{},"actions":[{"type":"keyDown","value":""},{"type":"pause","duration":10},{"type":"keyUp","value":""}]}]}
COMMAND: GET /session/3fbb5aa961da27feb6cf7ecb004886db/screenshot - {}
RESULT: {}
COMMAND: POST /session/3fbb5aa961da27feb6cf7ecb004886db/element - {"using":"xpath","value":"(//button[@data-kt=\"saveButton\"])[2]"}
RESULT: {"using":"xpath","value":"(//button[@data-kt=\"saveButton\"])[2]"}
COMMAND: POST /session/3fbb5aa961da27feb6cf7ecb004886db/element/f.0763987BF21D2E15D38664A642A1837D.d.95616E5FC6268B1899C8461B4B0781AB.e.4994/click - {}
RESULT: {}
COMMAND: GET /session/3fbb5aa961da27feb6cf7ecb004886db/screenshot - {}
RESULT: {}
COMMAND: POST /session/3fbb5aa961da27feb6cf7ecb004886db/element - {"using":"xpath","value":"//span[contains(@id ,\"contractItemsSmartTable-header-inner\")]"}
RESULT: {"using":"xpath","value":"//span[contains(@id ,\"contractItemsSmartTable-header-inner\")]"}
COMMAND: POST /session/3fbb5aa961da27feb6cf7ecb004886db/elements - {"using":"xpath","value":"//span[contains(@id ,\"contractItemsSmartTable-header-inner\")]"}
RESULT: {"using":"xpath","value":"//span[contains(@id ,\"contractItemsSmartTable-header-inner\")]"}
COMMAND: POST /session/3fbb5aa961da27feb6cf7ecb004886db/execute/sync - {"script":"<script> [56 bytes]","args":[{"element-6066-11e4-a52e-4f735466cecf":"f.0763987BF21D2E15D38664A642A1837D.d.95616E5FC6268B1899C8461B4B0781AB.e.5000","ELEMENT":"f.0763987BF21D2E15D38664A642A1837D.d.95616E5FC6268B1899C8461B4B0781AB.e.5000"}]}
RESULT: {"script":"<script> [56 bytes]","args":[{"element-6066-11e4-a52e-4f735466cecf":"f.0763987BF21D2E15D38664A642A1837D.d.95616E5FC6268B1899C8461B4B0781AB.e.5000","ELEMENT":"f.0763987BF21D2E15D38664A642A1837D.d.95616E5FC6268B1899C8461B4B0781AB.e.5000"}]}
]]></system-out>
    </testcase>
    <testcase classname="chrome.135_0_7049_42.windows.Billing_Transfer_-_Master_data_&amp;_Intercompany_US127250" name="Should do a provide to site handover" time="64.125">
      <system-out><![CDATA[
COMMAND: POST /session/3fbb5aa961da27feb6cf7ecb004886db/element - {"using":"xpath","value":"//button[@data-kt=\"provideButton\"]"}
COMMAND: GET /session/3fbb5aa961da27feb6cf7ecb004886db/screenshot - {}
RESULT: {"using":"xpath","value":"//button[@data-kt=\"provideButton\"]"}
COMMAND: POST /session/3fbb5aa961da27feb6cf7ecb004886db/element/f.0763987BF21D2E15D38664A642A1837D.d.95616E5FC6268B1899C8461B4B0781AB.e.5001/click - {}
RESULT: {}
RESULT: {}
COMMAND: GET /session/3fbb5aa961da27feb6cf7ecb004886db/screenshot - {}
RESULT: undefined
COMMAND: POST /session/3fbb5aa961da27feb6cf7ecb004886db/execute/async - {"script":"<script> [6424 bytes]","args":[{"element-6066-11e4-a52e-4f735466cecf":"f.0763987BF21D2E15D38664A642A1837D.d.95616E5FC6268B1899C8461B4B0781AB.e.4074"},"setValue",["04/17/2025"]]}
RESULT: {}
COMMAND: POST /session/3fbb5aa961da27feb6cf7ecb004886db/execute/async - {"script":"<script> [1562 bytes]","args":[{"selector":{"id":"application-managehandovers-display-component---AddNewHO--dueDate","interaction":{"idSuffix":"inner"}},"wdio_ui5_key":"applicationmanagehandovers-display-component---AddNewHO--dueDate"}]}
RESULT: {"script":"<script> [1562 bytes]","args":[{"selector":{"id":"application-managehandovers-display-component---AddNewHO--dueDate","interaction":{"idSuffix":"inner"}},"wdio_ui5_key":"applicationmanagehandovers-display-component---AddNewHO--dueDate"}]}
COMMAND: POST /session/3fbb5aa961da27feb6cf7ecb004886db/execute/async - {"script":"<script> [6424 bytes]","args":[{"element-6066-11e4-a52e-4f735466cecf":"f.0763987BF21D2E15D38664A642A1837D.d.95616E5FC6268B1899C8461B4B0781AB.e.5073"},"setValue",["04/17/2025"]]}
RESULT: {"script":"<script> [6424 bytes]","args":[{"element-6066-11e4-a52e-4f735466cecf":"f.0763987BF21D2E15D38664A642A1837D.d.95616E5FC6268B1899C8461B4B0781AB.e.5073"},"setValue",["04/17/2025"]]}
COMMAND: POST /session/3fbb5aa961da27feb6cf7ecb004886db/element - {"using":"xpath","value":"//bdi[contains(text(), \"Instructions\")]"}
RESULT: {"using":"xpath","value":"//bdi[contains(text(), \"Instructions\")]"}
COMMAND: POST /session/3fbb5aa961da27feb6cf7ecb004886db/element/f.0763987BF21D2E15D38664A642A1837D.d.95616E5FC6268B1899C8461B4B0781AB.e.5337/click - {}
RESULT: {}
COMMAND: GET /session/3fbb5aa961da27feb6cf7ecb004886db/screenshot - {}
RESULT: {}
COMMAND: POST /session/3fbb5aa961da27feb6cf7ecb004886db/element - {"using":"xpath","value":"//button[@data-kt=\"AddNewHOProvideAddItemsButton\"]"}
RESULT: {"using":"xpath","value":"//button[@data-kt=\"AddNewHOProvideAddItemsButton\"]"}
COMMAND: POST /session/3fbb5aa961da27feb6cf7ecb004886db/element/f.0763987BF21D2E15D38664A642A1837D.d.95616E5FC6268B1899C8461B4B0781AB.e.5341/click - {}
RESULT: {}
COMMAND: GET /session/3fbb5aa961da27feb6cf7ecb004886db/screenshot - {}
RESULT: {}
RESULT: undefined
COMMAND: POST /session/3fbb5aa961da27feb6cf7ecb004886db/element - {"using":"xpath","value":"//*[@id=\"application-managehandovers-display-component---AddNewHO--popup-sa\"]"}
RESULT: {"using":"xpath","value":"//*[@id=\"application-managehandovers-display-component---AddNewHO--popup-sa\"]"}
COMMAND: POST /session/3fbb5aa961da27feb6cf7ecb004886db/element/f.0763987BF21D2E15D38664A642A1837D.d.95616E5FC6268B1899C8461B4B0781AB.e.5351/click - {}
RESULT: {}
COMMAND: GET /session/3fbb5aa961da27feb6cf7ecb004886db/screenshot - {}
RESULT: {}
COMMAND: POST /session/3fbb5aa961da27feb6cf7ecb004886db/element - {"using":"xpath","value":"//*[contains(@id ,\"BDI-content\")][contains(text(), \"Select\")]"}
RESULT: {"using":"xpath","value":"//*[contains(@id ,\"BDI-content\")][contains(text(), \"Select\")]"}
COMMAND: POST /session/3fbb5aa961da27feb6cf7ecb004886db/element/f.0763987BF21D2E15D38664A642A1837D.d.95616E5FC6268B1899C8461B4B0781AB.e.5352/click - {}
RESULT: {}
COMMAND: GET /session/3fbb5aa961da27feb6cf7ecb004886db/screenshot - {}
RESULT: {}
COMMAND: POST /session/3fbb5aa961da27feb6cf7ecb004886db/execute/async - {"script":"<script> [1562 bytes]","args":[{"selector":{"id":"application-managehandovers-display-component---AddNewHO--confirmCreationButton","interaction":{"idSuffix":"BDI-content"}},"wdio_ui5_key":"applicationmanagehandovers-display-component---AddNewHO--confirmCreationButton"}]}
RESULT: {"script":"<script> [1562 bytes]","args":[{"selector":{"id":"application-managehandovers-display-component---AddNewHO--confirmCreationButton","interaction":{"idSuffix":"BDI-content"}},"wdio_ui5_key":"applicationmanagehandovers-display-component---AddNewHO--confirmCreationButton"}]}
RESULT: undefined
COMMAND: POST /session/3fbb5aa961da27feb6cf7ecb004886db/element - {"using":"xpath","value":"//*[@id=\"application-managehandovers-display-component---AddNewHO--confirmCreationButton\"]"}
RESULT: {"using":"xpath","value":"//*[@id=\"application-managehandovers-display-component---AddNewHO--confirmCreationButton\"]"}
COMMAND: POST /session/3fbb5aa961da27feb6cf7ecb004886db/element/f.0763987BF21D2E15D38664A642A1837D.d.95616E5FC6268B1899C8461B4B0781AB.e.5119/click - {}
RESULT: {}
COMMAND: GET /session/3fbb5aa961da27feb6cf7ecb004886db/screenshot - {}
RESULT: {}
COMMAND: POST /session/3fbb5aa961da27feb6cf7ecb004886db/element - {"using":"xpath","value":"//button[@data-kt=\"PickingTableConfirmAllButton\"]"}
RESULT: {"using":"xpath","value":"//button[@data-kt=\"PickingTableConfirmAllButton\"]"}
COMMAND: POST /session/3fbb5aa961da27feb6cf7ecb004886db/elements - {"using":"xpath","value":"//button[@data-kt=\"PickingTableConfirmAllButton\"]"}
RESULT: {"using":"xpath","value":"//button[@data-kt=\"PickingTableConfirmAllButton\"]"}
COMMAND: POST /session/3fbb5aa961da27feb6cf7ecb004886db/elements - {"using":"xpath","value":"//button[@data-kt=\"PickingTableConfirmAllButton\"]"}
RESULT: {"using":"xpath","value":"//button[@data-kt=\"PickingTableConfirmAllButton\"]"}
COMMAND: POST /session/3fbb5aa961da27feb6cf7ecb004886db/element - {"using":"xpath","value":"//button[@data-kt=\"PickingTableConfirmAllButton\"]"}
RESULT: {"using":"xpath","value":"//button[@data-kt=\"PickingTableConfirmAllButton\"]"}
COMMAND: POST /session/3fbb5aa961da27feb6cf7ecb004886db/element/f.0763987BF21D2E15D38664A642A1837D.d.95616E5FC6268B1899C8461B4B0781AB.e.5390/click - {}
COMMAND: POST /session/3fbb5aa961da27feb6cf7ecb004886db/element - {"using":"xpath","value":"//button[@data-kt=\"PickingTableConfirmAllButton\"]"}
RESULT: {"using":"xpath","value":"//button[@data-kt=\"PickingTableConfirmAllButton\"]"}
COMMAND: POST /session/3fbb5aa961da27feb6cf7ecb004886db/element/f.0763987BF21D2E15D38664A642A1837D.d.95616E5FC6268B1899C8461B4B0781AB.e.5390/click - {}
COMMAND: POST /session/3fbb5aa961da27feb6cf7ecb004886db/element - {"using":"xpath","value":"//button[@data-kt=\"PickingTableConfirmAllButton\"]"}
RESULT: {"using":"xpath","value":"//button[@data-kt=\"PickingTableConfirmAllButton\"]"}
COMMAND: POST /session/3fbb5aa961da27feb6cf7ecb004886db/element/f.0763987BF21D2E15D38664A642A1837D.d.95616E5FC6268B1899C8461B4B0781AB.e.5414/click - {}
RESULT: {}
COMMAND: GET /session/3fbb5aa961da27feb6cf7ecb004886db/screenshot - {}
RESULT: {}
COMMAND: POST /session/3fbb5aa961da27feb6cf7ecb004886db/element - {"using":"xpath","value":"//bdi[contains(text(), \"OK\")]"}
RESULT: {"using":"xpath","value":"//bdi[contains(text(), \"OK\")]"}
COMMAND: POST /session/3fbb5aa961da27feb6cf7ecb004886db/element/f.0763987BF21D2E15D38664A642A1837D.d.95616E5FC6268B1899C8461B4B0781AB.e.5417/click - {}
RESULT: {}
COMMAND: GET /session/3fbb5aa961da27feb6cf7ecb004886db/screenshot - {}
RESULT: {}
COMMAND: POST /session/3fbb5aa961da27feb6cf7ecb004886db/element - {"using":"xpath","value":"//bdi[contains(text(), \"Issue\")]"}
RESULT: {"using":"xpath","value":"//bdi[contains(text(), \"Issue\")]"}
COMMAND: POST /session/3fbb5aa961da27feb6cf7ecb004886db/element/f.0763987BF21D2E15D38664A642A1837D.d.95616E5FC6268B1899C8461B4B0781AB.e.5418/click - {}
RESULT: {}
COMMAND: GET /session/3fbb5aa961da27feb6cf7ecb004886db/screenshot - {}
RESULT: {}
COMMAND: POST /session/3fbb5aa961da27feb6cf7ecb004886db/element - {"using":"css selector","value":"#shell-header-logo"}
RESULT: {"using":"css selector","value":"#shell-header-logo"}
COMMAND: POST /session/3fbb5aa961da27feb6cf7ecb004886db/element/f.0763987BF21D2E15D38664A642A1837D.d.95616E5FC6268B1899C8461B4B0781AB.e.4478/click - {}
RESULT: {}
COMMAND: GET /session/3fbb5aa961da27feb6cf7ecb004886db/screenshot - {}
RESULT: {}
]]></system-out>
    </testcase>
    <testcase classname="chrome.135_0_7049_42.windows.Billing_Transfer_-_Master_data_&amp;_Intercompany_US127250" name="Should go navigate to Manage Billings and trigger contract calculation check result" time="71.865">
      <system-out><![CDATA[
COMMAND: POST /session/3fbb5aa961da27feb6cf7ecb004886db/execute/async - {"script":"<script> [1562 bytes]","args":[{"selector":{"controlType":"sap.m.GenericTile","properties":{"header":"Manage Billings"}},"wdio_ui5_key":"sapm.GenericTile{\"header\":\"Manage Billings\"}"}]}
RESULT: {"script":"<script> [1562 bytes]","args":[{"selector":{"controlType":"sap.m.GenericTile","properties":{"header":"Manage Billings"}},"wdio_ui5_key":"sapm.GenericTile{\"header\":\"Manage Billings\"}"}]}
RESULT: undefined
COMMAND: POST /session/3fbb5aa961da27feb6cf7ecb004886db/element - {"using":"xpath","value":"//*[@id=\"__tile51\"]"}
RESULT: {"using":"xpath","value":"//*[@id=\"__tile51\"]"}
COMMAND: POST /session/3fbb5aa961da27feb6cf7ecb004886db/element/f.0763987BF21D2E15D38664A642A1837D.d.95616E5FC6268B1899C8461B4B0781AB.e.195/click - {}
RESULT: {}
COMMAND: GET /session/3fbb5aa961da27feb6cf7ecb004886db/screenshot - {}
RESULT: {}
COMMAND: POST /session/3fbb5aa961da27feb6cf7ecb004886db/execute/async - {"script":"<script> [1562 bytes]","args":[{"selector":{"id":"application-managebillings-display-component---billRunCalcResult--smartFilterBar-btnBasicSearch","interaction":{"idSuffix":"I"}},"wdio_ui5_key":"applicationmanagebillings-display-component---billRunCalcResult--smartFilterBar-btnBasicSearch"}]}
RESULT: {"script":"<script> [1562 bytes]","args":[{"selector":{"id":"application-managebillings-display-component---billRunCalcResult--smartFilterBar-btnBasicSearch","interaction":{"idSuffix":"I"}},"wdio_ui5_key":"applicationmanagebillings-display-component---billRunCalcResult--smartFilterBar-btnBasicSearch"}]}
RESULT: undefined
COMMAND: POST /session/3fbb5aa961da27feb6cf7ecb004886db/execute/async - {"script":"<script> [776 bytes]","args":[{"enterText":"10381","selector":{"id":"application-managebillings-display-component---billRunCalcResult--smartFilterBar-btnBasicSearch","interaction":{"idSuffix":"I"}},"clearTextFirst":true,"interactionType":"ENTER_TEXT"}]}
RESULT: {"script":"<script> [776 bytes]","args":[{"enterText":"10381","selector":{"id":"application-managebillings-display-component---billRunCalcResult--smartFilterBar-btnBasicSearch","interaction":{"idSuffix":"I"}},"clearTextFirst":true,"interactionType":"ENTER_TEXT"}]}
COMMAND: POST /session/3fbb5aa961da27feb6cf7ecb004886db/actions - {"actions":[{"id":"action18","type":"key","parameters":{},"actions":[{"type":"keyDown","value":""},{"type":"pause","duration":10},{"type":"keyUp","value":""}]}]}
RESULT: {"actions":[{"id":"action18","type":"key","parameters":{},"actions":[{"type":"keyDown","value":""},{"type":"pause","duration":10},{"type":"keyUp","value":""}]}]}
COMMAND: GET /session/3fbb5aa961da27feb6cf7ecb004886db/screenshot - {}
RESULT: {}
COMMAND: POST /session/3fbb5aa961da27feb6cf7ecb004886db/element - {"using":"xpath","value":"//td[@aria-colindex=\"1\"]/div/div[contains(@class, \"sapMCbBg\")]"}
RESULT: {"using":"xpath","value":"//td[@aria-colindex=\"1\"]/div/div[contains(@class, \"sapMCbBg\")]"}
COMMAND: POST /session/3fbb5aa961da27feb6cf7ecb004886db/element/f.0763987BF21D2E15D38664A642A1837D.d.95616E5FC6268B1899C8461B4B0781AB.e.5810/click - {}
RESULT: {}
COMMAND: GET /session/3fbb5aa961da27feb6cf7ecb004886db/screenshot - {}
RESULT: {}
COMMAND: POST /session/3fbb5aa961da27feb6cf7ecb004886db/execute/async - {"script":"<script> [1562 bytes]","args":[{"selector":{"id":"application-managebillings-display-component---billRunCalcResult--contractBillRunDate","interaction":{"idSuffix":"inner"}},"wdio_ui5_key":"applicationmanagebillings-display-component---billRunCalcResult--contractBillRunDate"}]}
RESULT: {"script":"<script> [1562 bytes]","args":[{"selector":{"id":"application-managebillings-display-component---billRunCalcResult--contractBillRunDate","interaction":{"idSuffix":"inner"}},"wdio_ui5_key":"applicationmanagebillings-display-component---billRunCalcResult--contractBillRunDate"}]}
RESULT: undefined
COMMAND: POST /session/3fbb5aa961da27feb6cf7ecb004886db/execute/async - {"script":"<script> [776 bytes]","args":[{"enterText":"05/17/25","selector":{"id":"application-managebillings-display-component---billRunCalcResult--contractBillRunDate","interaction":{"idSuffix":"inner"}},"clearTextFirst":true,"interactionType":"ENTER_TEXT"}]}
RESULT: {"script":"<script> [776 bytes]","args":[{"enterText":"05/17/25","selector":{"id":"application-managebillings-display-component---billRunCalcResult--contractBillRunDate","interaction":{"idSuffix":"inner"}},"clearTextFirst":true,"interactionType":"ENTER_TEXT"}]}
COMMAND: POST /session/3fbb5aa961da27feb6cf7ecb004886db/element - {"using":"xpath","value":"//bdi[contains(text(), \"Trigger Calculation\")]"}
RESULT: {"using":"xpath","value":"//bdi[contains(text(), \"Trigger Calculation\")]"}
COMMAND: POST /session/3fbb5aa961da27feb6cf7ecb004886db/element/f.0763987BF21D2E15D38664A642A1837D.d.95616E5FC6268B1899C8461B4B0781AB.e.5860/click - {}
RESULT: {}
COMMAND: GET /session/3fbb5aa961da27feb6cf7ecb004886db/screenshot - {}
RESULT: {}
COMMAND: POST /session/3fbb5aa961da27feb6cf7ecb004886db/element - {"using":"xpath","value":"(//span[contains(@id, \"imgNav\")])[1]"}
RESULT: {"using":"xpath","value":"(//span[contains(@id, \"imgNav\")])[1]"}
COMMAND: POST /session/3fbb5aa961da27feb6cf7ecb004886db/element/f.0763987BF21D2E15D38664A642A1837D.d.95616E5FC6268B1899C8461B4B0781AB.e.5811/click - {}
RESULT: {}
COMMAND: GET /session/3fbb5aa961da27feb6cf7ecb004886db/screenshot - {}
RESULT: {}
COMMAND: POST /session/3fbb5aa961da27feb6cf7ecb004886db/element - {"using":"xpath","value":"//tr/td[6]/div[1]/span[1]/span[1]"}
RESULT: {"using":"xpath","value":"//tr/td[6]/div[1]/span[1]/span[1]"}
COMMAND: GET /session/3fbb5aa961da27feb6cf7ecb004886db/element/f.0763987BF21D2E15D38664A642A1837D.d.95616E5FC6268B1899C8461B4B0781AB.e.5865/text - {}
RESULT: {}
COMMAND: POST /session/3fbb5aa961da27feb6cf7ecb004886db/element - {"using":"xpath","value":"(//span[contains(@id, \"imgNav\")])[2]"}
RESULT: {"using":"xpath","value":"(//span[contains(@id, \"imgNav\")])[2]"}
COMMAND: POST /session/3fbb5aa961da27feb6cf7ecb004886db/element/f.0763987BF21D2E15D38664A642A1837D.d.95616E5FC6268B1899C8461B4B0781AB.e.5866/click - {}
RESULT: {}
COMMAND: POST /session/3fbb5aa961da27feb6cf7ecb004886db/element - {"using":"xpath","value":"//bdi[contains(text(), \"Business Confirm\")]"}
COMMAND: GET /session/3fbb5aa961da27feb6cf7ecb004886db/screenshot - {}
RESULT: {"using":"xpath","value":"//bdi[contains(text(), \"Business Confirm\")]"}
COMMAND: POST /session/3fbb5aa961da27feb6cf7ecb004886db/elements - {"using":"xpath","value":"//bdi[contains(text(), \"Business Confirm\")]"}
RESULT: {}
RESULT: {"using":"xpath","value":"//bdi[contains(text(), \"Business Confirm\")]"}
COMMAND: POST /session/3fbb5aa961da27feb6cf7ecb004886db/element - {"using":"xpath","value":"//bdi[contains(text(), \"Business Confirm\")]"}
RESULT: {"using":"xpath","value":"//bdi[contains(text(), \"Business Confirm\")]"}
COMMAND: POST /session/3fbb5aa961da27feb6cf7ecb004886db/element/f.0763987BF21D2E15D38664A642A1837D.d.95616E5FC6268B1899C8461B4B0781AB.e.5931/click - {}
RESULT: {}
COMMAND: POST /session/3fbb5aa961da27feb6cf7ecb004886db/element - {"using":"css selector","value":"#shell-header-logo"}
COMMAND: GET /session/3fbb5aa961da27feb6cf7ecb004886db/screenshot - {}
RESULT: {"using":"css selector","value":"#shell-header-logo"}
COMMAND: POST /session/3fbb5aa961da27feb6cf7ecb004886db/element/f.0763987BF21D2E15D38664A642A1837D.d.95616E5FC6268B1899C8461B4B0781AB.e.5600/click - {}
RESULT: {}
RESULT: {}
COMMAND: GET /session/3fbb5aa961da27feb6cf7ecb004886db/screenshot - {}
RESULT: {}
]]></system-out>
    </testcase>
    <testcase classname="chrome.135_0_7049_42.windows.Billing_Transfer_-_Master_data_&amp;_Intercompany_US127250" name="Should do Billing Transfer all the way into invoice open for intercompany case" time="90.773">
      <system-out><![CDATA[
COMMAND: POST /session/3fbb5aa961da27feb6cf7ecb004886db/execute/async - {"script":"<script> [1562 bytes]","args":[{"selector":{"controlType":"sap.m.GenericTile","properties":{"header":"Billing Transfer"}},"wdio_ui5_key":"sapm.GenericTile{\"header\":\"Billing Transfer\"}"}]}
RESULT: {"script":"<script> [1562 bytes]","args":[{"selector":{"controlType":"sap.m.GenericTile","properties":{"header":"Billing Transfer"}},"wdio_ui5_key":"sapm.GenericTile{\"header\":\"Billing Transfer\"}"}]}
RESULT: undefined
COMMAND: POST /session/3fbb5aa961da27feb6cf7ecb004886db/element - {"using":"xpath","value":"//*[@id=\"__tile50\"]"}
RESULT: {"using":"xpath","value":"//*[@id=\"__tile50\"]"}
COMMAND: POST /session/3fbb5aa961da27feb6cf7ecb004886db/element/f.0763987BF21D2E15D38664A642A1837D.d.95616E5FC6268B1899C8461B4B0781AB.e.193/click - {}
RESULT: {}
COMMAND: POST /session/3fbb5aa961da27feb6cf7ecb004886db/element - {"using":"xpath","value":"//input[contains(@id ,\"application-billingtransfer-display-component---billingWorkbench--smartFilterBar-btnBasicSearch\")]"}
COMMAND: GET /session/3fbb5aa961da27feb6cf7ecb004886db/screenshot - {}
RESULT: {"using":"xpath","value":"//input[contains(@id ,\"application-billingtransfer-display-component---billingWorkbench--smartFilterBar-btnBasicSearch\")]"}
COMMAND: POST /session/3fbb5aa961da27feb6cf7ecb004886db/elements - {"using":"xpath","value":"//input[contains(@id ,\"application-billingtransfer-display-component---billingWorkbench--smartFilterBar-btnBasicSearch\")]"}
RESULT: {}
RESULT: {"using":"xpath","value":"//input[contains(@id ,\"application-billingtransfer-display-component---billingWorkbench--smartFilterBar-btnBasicSearch\")]"}
COMMAND: POST /session/3fbb5aa961da27feb6cf7ecb004886db/elements - {"using":"xpath","value":"//input[contains(@id ,\"application-billingtransfer-display-component---billingWorkbench--smartFilterBar-btnBasicSearch\")]"}
RESULT: {"using":"xpath","value":"//input[contains(@id ,\"application-billingtransfer-display-component---billingWorkbench--smartFilterBar-btnBasicSearch\")]"}
COMMAND: POST /session/3fbb5aa961da27feb6cf7ecb004886db/elements - {"using":"xpath","value":"//input[contains(@id ,\"application-billingtransfer-display-component---billingWorkbench--smartFilterBar-btnBasicSearch\")]"}
RESULT: {"using":"xpath","value":"//input[contains(@id ,\"application-billingtransfer-display-component---billingWorkbench--smartFilterBar-btnBasicSearch\")]"}
COMMAND: POST /session/3fbb5aa961da27feb6cf7ecb004886db/element - {"using":"xpath","value":"//input[contains(@id ,\"application-billingtransfer-display-component---billingWorkbench--smartFilterBar-btnBasicSearch\")]"}
RESULT: {"using":"xpath","value":"//input[contains(@id ,\"application-billingtransfer-display-component---billingWorkbench--smartFilterBar-btnBasicSearch\")]"}
COMMAND: POST /session/3fbb5aa961da27feb6cf7ecb004886db/execute/sync - {"script":"<script> [8489 bytes]","args":[{"element-6066-11e4-a52e-4f735466cecf":"f.0763987BF21D2E15D38664A642A1837D.d.95616E5FC6268B1899C8461B4B0781AB.e.5944","ELEMENT":"f.0763987BF21D2E15D38664A642A1837D.d.95616E5FC6268B1899C8461B4B0781AB.e.5944"}]}
RESULT: {"script":"<script> [8489 bytes]","args":[{"element-6066-11e4-a52e-4f735466cecf":"f.0763987BF21D2E15D38664A642A1837D.d.95616E5FC6268B1899C8461B4B0781AB.e.5944","ELEMENT":"f.0763987BF21D2E15D38664A642A1837D.d.95616E5FC6268B1899C8461B4B0781AB.e.5944"}]}
COMMAND: GET /session/3fbb5aa961da27feb6cf7ecb004886db/element/f.0763987BF21D2E15D38664A642A1837D.d.95616E5FC6268B1899C8461B4B0781AB.e.5944/enabled - {}
COMMAND: GET /session/3fbb5aa961da27feb6cf7ecb004886db/screenshot - {}
RESULT: {}
COMMAND: POST /session/3fbb5aa961da27feb6cf7ecb004886db/element/f.0763987BF21D2E15D38664A642A1837D.d.95616E5FC6268B1899C8461B4B0781AB.e.5944/click - {}
COMMAND: GET /session/3fbb5aa961da27feb6cf7ecb004886db/screenshot - {}
RESULT: {}
RESULT: {}
COMMAND: GET /session/3fbb5aa961da27feb6cf7ecb004886db/screenshot - {}
RESULT: {}
RESULT: {}
COMMAND: POST /session/3fbb5aa961da27feb6cf7ecb004886db/element/f.0763987BF21D2E15D38664A642A1837D.d.95616E5FC6268B1899C8461B4B0781AB.e.5944/clear - {}
RESULT: {}
COMMAND: POST /session/3fbb5aa961da27feb6cf7ecb004886db/element/f.0763987BF21D2E15D38664A642A1837D.d.95616E5FC6268B1899C8461B4B0781AB.e.5944/value - {"text":"10381"}
COMMAND: GET /session/3fbb5aa961da27feb6cf7ecb004886db/screenshot - {}
RESULT: {"text":"10381"}
COMMAND: POST /session/3fbb5aa961da27feb6cf7ecb004886db/actions - {"actions":[{"id":"action19","type":"key","parameters":{},"actions":[{"type":"keyDown","value":""},{"type":"pause","duration":10},{"type":"keyUp","value":""}]}]}
COMMAND: GET /session/3fbb5aa961da27feb6cf7ecb004886db/screenshot - {}
RESULT: {}
RESULT: {"actions":[{"id":"action19","type":"key","parameters":{},"actions":[{"type":"keyDown","value":""},{"type":"pause","duration":10},{"type":"keyUp","value":""}]}]}
COMMAND: GET /session/3fbb5aa961da27feb6cf7ecb004886db/screenshot - {}
RESULT: {}
RESULT: {}
COMMAND: POST /session/3fbb5aa961da27feb6cf7ecb004886db/element - {"using":"xpath","value":"//span[contains(@id ,\"application-billingtransfer-display-component---billingWorkbench--smartTableBillingRuns-header-inner\")]"}
RESULT: {"using":"xpath","value":"//span[contains(@id ,\"application-billingtransfer-display-component---billingWorkbench--smartTableBillingRuns-header-inner\")]"}
COMMAND: POST /session/3fbb5aa961da27feb6cf7ecb004886db/elements - {"using":"xpath","value":"//span[contains(@id ,\"application-billingtransfer-display-component---billingWorkbench--smartTableBillingRuns-header-inner\")]"}
RESULT: {"using":"xpath","value":"//span[contains(@id ,\"application-billingtransfer-display-component---billingWorkbench--smartTableBillingRuns-header-inner\")]"}
COMMAND: POST /session/3fbb5aa961da27feb6cf7ecb004886db/execute/sync - {"script":"<script> [56 bytes]","args":[{"element-6066-11e4-a52e-4f735466cecf":"f.0763987BF21D2E15D38664A642A1837D.d.95616E5FC6268B1899C8461B4B0781AB.e.6092","ELEMENT":"f.0763987BF21D2E15D38664A642A1837D.d.95616E5FC6268B1899C8461B4B0781AB.e.6092"}]}
RESULT: {"script":"<script> [56 bytes]","args":[{"element-6066-11e4-a52e-4f735466cecf":"f.0763987BF21D2E15D38664A642A1837D.d.95616E5FC6268B1899C8461B4B0781AB.e.6092","ELEMENT":"f.0763987BF21D2E15D38664A642A1837D.d.95616E5FC6268B1899C8461B4B0781AB.e.6092"}]}
COMMAND: POST /session/3fbb5aa961da27feb6cf7ecb004886db/element - {"using":"xpath","value":"//td[@aria-colindex=\"1\"]/div/div[contains(@class, \"sapMCbBg\")]"}
COMMAND: GET /session/3fbb5aa961da27feb6cf7ecb004886db/screenshot - {}
RESULT: {"using":"xpath","value":"//td[@aria-colindex=\"1\"]/div/div[contains(@class, \"sapMCbBg\")]"}
COMMAND: POST /session/3fbb5aa961da27feb6cf7ecb004886db/element/f.0763987BF21D2E15D38664A642A1837D.d.95616E5FC6268B1899C8461B4B0781AB.e.6056/click - {}
RESULT: {}
RESULT: {}
COMMAND: GET /session/3fbb5aa961da27feb6cf7ecb004886db/screenshot - {}
RESULT: {}
COMMAND: POST /session/3fbb5aa961da27feb6cf7ecb004886db/element - {"using":"xpath","value":"//bdi[contains(text(), \"Check\")]"}
RESULT: {"using":"xpath","value":"//bdi[contains(text(), \"Check\")]"}
COMMAND: POST /session/3fbb5aa961da27feb6cf7ecb004886db/element/f.0763987BF21D2E15D38664A642A1837D.d.95616E5FC6268B1899C8461B4B0781AB.e.6093/click - {}
RESULT: {}
COMMAND: GET /session/3fbb5aa961da27feb6cf7ecb004886db/screenshot - {}
RESULT: {}
COMMAND: POST /session/3fbb5aa961da27feb6cf7ecb004886db/element - {"using":"xpath","value":"//bdi[contains(text(), \"OK\")]"}
RESULT: {"using":"xpath","value":"//bdi[contains(text(), \"OK\")]"}
COMMAND: POST /session/3fbb5aa961da27feb6cf7ecb004886db/element/f.0763987BF21D2E15D38664A642A1837D.d.95616E5FC6268B1899C8461B4B0781AB.e.6096/click - {}
RESULT: {}
COMMAND: GET /session/3fbb5aa961da27feb6cf7ecb004886db/screenshot - {}
RESULT: {}
COMMAND: POST /session/3fbb5aa961da27feb6cf7ecb004886db/element - {"using":"xpath","value":"(//span[contains(text(), \"CO/SD checked\")]/parent::div/preceding-sibling::div/span)[1]"}
RESULT: {"using":"xpath","value":"(//span[contains(text(), \"CO/SD checked\")]/parent::div/preceding-sibling::div/span)[1]"}
COMMAND: POST /session/3fbb5aa961da27feb6cf7ecb004886db/element/f.0763987BF21D2E15D38664A642A1837D.d.95616E5FC6268B1899C8461B4B0781AB.e.6106/click - {}
RESULT: {}
COMMAND: GET /session/3fbb5aa961da27feb6cf7ecb004886db/screenshot - {}
RESULT: {}
COMMAND: POST /session/3fbb5aa961da27feb6cf7ecb004886db/element - {"using":"xpath","value":"//input[contains(@id ,\"application-billingtransfer-display-component---billingWorkbench--smartFilterBar-btnBasicSearch\")]"}
RESULT: {"using":"xpath","value":"//input[contains(@id ,\"application-billingtransfer-display-component---billingWorkbench--smartFilterBar-btnBasicSearch\")]"}
COMMAND: POST /session/3fbb5aa961da27feb6cf7ecb004886db/elements - {"using":"xpath","value":"//input[contains(@id ,\"application-billingtransfer-display-component---billingWorkbench--smartFilterBar-btnBasicSearch\")]"}
RESULT: {"using":"xpath","value":"//input[contains(@id ,\"application-billingtransfer-display-component---billingWorkbench--smartFilterBar-btnBasicSearch\")]"}
COMMAND: POST /session/3fbb5aa961da27feb6cf7ecb004886db/execute/sync - {"script":"<script> [8489 bytes]","args":[{"element-6066-11e4-a52e-4f735466cecf":"f.0763987BF21D2E15D38664A642A1837D.d.95616E5FC6268B1899C8461B4B0781AB.e.5944","ELEMENT":"f.0763987BF21D2E15D38664A642A1837D.d.95616E5FC6268B1899C8461B4B0781AB.e.5944"}]}
RESULT: {"script":"<script> [8489 bytes]","args":[{"element-6066-11e4-a52e-4f735466cecf":"f.0763987BF21D2E15D38664A642A1837D.d.95616E5FC6268B1899C8461B4B0781AB.e.5944","ELEMENT":"f.0763987BF21D2E15D38664A642A1837D.d.95616E5FC6268B1899C8461B4B0781AB.e.5944"}]}
COMMAND: GET /session/3fbb5aa961da27feb6cf7ecb004886db/element/f.0763987BF21D2E15D38664A642A1837D.d.95616E5FC6268B1899C8461B4B0781AB.e.5944/enabled - {}
COMMAND: GET /session/3fbb5aa961da27feb6cf7ecb004886db/screenshot - {}
RESULT: {}
COMMAND: POST /session/3fbb5aa961da27feb6cf7ecb004886db/element/f.0763987BF21D2E15D38664A642A1837D.d.95616E5FC6268B1899C8461B4B0781AB.e.5944/click - {}
COMMAND: GET /session/3fbb5aa961da27feb6cf7ecb004886db/screenshot - {}
RESULT: {}
RESULT: {}
COMMAND: GET /session/3fbb5aa961da27feb6cf7ecb004886db/screenshot - {}
RESULT: {}
RESULT: {}
COMMAND: POST /session/3fbb5aa961da27feb6cf7ecb004886db/element/f.0763987BF21D2E15D38664A642A1837D.d.95616E5FC6268B1899C8461B4B0781AB.e.5944/clear - {}
RESULT: {}
COMMAND: POST /session/3fbb5aa961da27feb6cf7ecb004886db/element/f.0763987BF21D2E15D38664A642A1837D.d.95616E5FC6268B1899C8461B4B0781AB.e.5944/value - {"text":"10381"}
COMMAND: GET /session/3fbb5aa961da27feb6cf7ecb004886db/screenshot - {}
RESULT: {"text":"10381"}
COMMAND: POST /session/3fbb5aa961da27feb6cf7ecb004886db/actions - {"actions":[{"id":"action20","type":"key","parameters":{},"actions":[{"type":"keyDown","value":""},{"type":"pause","duration":10},{"type":"keyUp","value":""}]}]}
COMMAND: GET /session/3fbb5aa961da27feb6cf7ecb004886db/screenshot - {}
RESULT: {}
RESULT: {"actions":[{"id":"action20","type":"key","parameters":{},"actions":[{"type":"keyDown","value":""},{"type":"pause","duration":10},{"type":"keyUp","value":""}]}]}
COMMAND: GET /session/3fbb5aa961da27feb6cf7ecb004886db/screenshot - {}
RESULT: {}
RESULT: {}
COMMAND: POST /session/3fbb5aa961da27feb6cf7ecb004886db/element - {"using":"xpath","value":"//span[contains(@id ,\"application-billingtransfer-display-component---billingWorkbench--smartTableBillingRuns-header-inner\")]"}
RESULT: {"using":"xpath","value":"//span[contains(@id ,\"application-billingtransfer-display-component---billingWorkbench--smartTableBillingRuns-header-inner\")]"}
COMMAND: POST /session/3fbb5aa961da27feb6cf7ecb004886db/elements - {"using":"xpath","value":"//span[contains(@id ,\"application-billingtransfer-display-component---billingWorkbench--smartTableBillingRuns-header-inner\")]"}
RESULT: {"using":"xpath","value":"//span[contains(@id ,\"application-billingtransfer-display-component---billingWorkbench--smartTableBillingRuns-header-inner\")]"}
COMMAND: POST /session/3fbb5aa961da27feb6cf7ecb004886db/execute/sync - {"script":"<script> [56 bytes]","args":[{"element-6066-11e4-a52e-4f735466cecf":"f.0763987BF21D2E15D38664A642A1837D.d.95616E5FC6268B1899C8461B4B0781AB.e.6092","ELEMENT":"f.0763987BF21D2E15D38664A642A1837D.d.95616E5FC6268B1899C8461B4B0781AB.e.6092"}]}
RESULT: {"script":"<script> [56 bytes]","args":[{"element-6066-11e4-a52e-4f735466cecf":"f.0763987BF21D2E15D38664A642A1837D.d.95616E5FC6268B1899C8461B4B0781AB.e.6092","ELEMENT":"f.0763987BF21D2E15D38664A642A1837D.d.95616E5FC6268B1899C8461B4B0781AB.e.6092"}]}
COMMAND: POST /session/3fbb5aa961da27feb6cf7ecb004886db/element - {"using":"xpath","value":"//td[@aria-colindex=\"1\"]/div/div[contains(@class, \"sapMCbBg\")]"}
COMMAND: GET /session/3fbb5aa961da27feb6cf7ecb004886db/screenshot - {}
RESULT: {"using":"xpath","value":"//td[@aria-colindex=\"1\"]/div/div[contains(@class, \"sapMCbBg\")]"}
COMMAND: POST /session/3fbb5aa961da27feb6cf7ecb004886db/element/f.0763987BF21D2E15D38664A642A1837D.d.95616E5FC6268B1899C8461B4B0781AB.e.6110/click - {}
RESULT: {}
RESULT: {}
COMMAND: GET /session/3fbb5aa961da27feb6cf7ecb004886db/screenshot - {}
RESULT: {}
COMMAND: POST /session/3fbb5aa961da27feb6cf7ecb004886db/element - {"using":"xpath","value":"//bdi[text()=\"Transfer\"]"}
RESULT: {"using":"xpath","value":"//bdi[text()=\"Transfer\"]"}
COMMAND: POST /session/3fbb5aa961da27feb6cf7ecb004886db/element/f.0763987BF21D2E15D38664A642A1837D.d.95616E5FC6268B1899C8461B4B0781AB.e.6111/click - {}
RESULT: {}
COMMAND: GET /session/3fbb5aa961da27feb6cf7ecb004886db/screenshot - {}
RESULT: {}
COMMAND: POST /session/3fbb5aa961da27feb6cf7ecb004886db/element - {"using":"xpath","value":"//bdi[contains(text(), \"OK\")]"}
RESULT: {"using":"xpath","value":"//bdi[contains(text(), \"OK\")]"}
COMMAND: POST /session/3fbb5aa961da27feb6cf7ecb004886db/element/f.0763987BF21D2E15D38664A642A1837D.d.95616E5FC6268B1899C8461B4B0781AB.e.6114/click - {}
RESULT: {}
COMMAND: GET /session/3fbb5aa961da27feb6cf7ecb004886db/screenshot - {}
RESULT: {}
COMMAND: POST /session/3fbb5aa961da27feb6cf7ecb004886db/element - {"using":"xpath","value":"(//span[contains(text(), \"Invoice open\")]/parent::div/preceding-sibling::div/span)[1]"}
RESULT: {"using":"xpath","value":"(//span[contains(text(), \"Invoice open\")]/parent::div/preceding-sibling::div/span)[1]"}
COMMAND: POST /session/3fbb5aa961da27feb6cf7ecb004886db/element/f.0763987BF21D2E15D38664A642A1837D.d.95616E5FC6268B1899C8461B4B0781AB.e.6123/click - {}
RESULT: {}
COMMAND: GET /session/3fbb5aa961da27feb6cf7ecb004886db/screenshot - {}
RESULT: {}
COMMAND: POST /session/3fbb5aa961da27feb6cf7ecb004886db/element - {"using":"xpath","value":"//input[contains(@id ,\"application-billingtransfer-display-component---billingWorkbench--smartFilterBar-btnBasicSearch\")]"}
RESULT: {"using":"xpath","value":"//input[contains(@id ,\"application-billingtransfer-display-component---billingWorkbench--smartFilterBar-btnBasicSearch\")]"}
COMMAND: POST /session/3fbb5aa961da27feb6cf7ecb004886db/elements - {"using":"xpath","value":"//input[contains(@id ,\"application-billingtransfer-display-component---billingWorkbench--smartFilterBar-btnBasicSearch\")]"}
RESULT: {"using":"xpath","value":"//input[contains(@id ,\"application-billingtransfer-display-component---billingWorkbench--smartFilterBar-btnBasicSearch\")]"}
COMMAND: POST /session/3fbb5aa961da27feb6cf7ecb004886db/execute/sync - {"script":"<script> [8489 bytes]","args":[{"element-6066-11e4-a52e-4f735466cecf":"f.0763987BF21D2E15D38664A642A1837D.d.95616E5FC6268B1899C8461B4B0781AB.e.5944","ELEMENT":"f.0763987BF21D2E15D38664A642A1837D.d.95616E5FC6268B1899C8461B4B0781AB.e.5944"}]}
RESULT: {"script":"<script> [8489 bytes]","args":[{"element-6066-11e4-a52e-4f735466cecf":"f.0763987BF21D2E15D38664A642A1837D.d.95616E5FC6268B1899C8461B4B0781AB.e.5944","ELEMENT":"f.0763987BF21D2E15D38664A642A1837D.d.95616E5FC6268B1899C8461B4B0781AB.e.5944"}]}
COMMAND: GET /session/3fbb5aa961da27feb6cf7ecb004886db/element/f.0763987BF21D2E15D38664A642A1837D.d.95616E5FC6268B1899C8461B4B0781AB.e.5944/enabled - {}
COMMAND: GET /session/3fbb5aa961da27feb6cf7ecb004886db/screenshot - {}
RESULT: {}
COMMAND: POST /session/3fbb5aa961da27feb6cf7ecb004886db/element/f.0763987BF21D2E15D38664A642A1837D.d.95616E5FC6268B1899C8461B4B0781AB.e.5944/click - {}
COMMAND: GET /session/3fbb5aa961da27feb6cf7ecb004886db/screenshot - {}
RESULT: {}
RESULT: {}
COMMAND: GET /session/3fbb5aa961da27feb6cf7ecb004886db/screenshot - {}
RESULT: {}
RESULT: {}
COMMAND: POST /session/3fbb5aa961da27feb6cf7ecb004886db/element/f.0763987BF21D2E15D38664A642A1837D.d.95616E5FC6268B1899C8461B4B0781AB.e.5944/clear - {}
RESULT: {}
COMMAND: POST /session/3fbb5aa961da27feb6cf7ecb004886db/element/f.0763987BF21D2E15D38664A642A1837D.d.95616E5FC6268B1899C8461B4B0781AB.e.5944/value - {"text":"10381"}
COMMAND: GET /session/3fbb5aa961da27feb6cf7ecb004886db/screenshot - {}
RESULT: {"text":"10381"}
COMMAND: POST /session/3fbb5aa961da27feb6cf7ecb004886db/actions - {"actions":[{"id":"action21","type":"key","parameters":{},"actions":[{"type":"keyDown","value":""},{"type":"pause","duration":10},{"type":"keyUp","value":""}]}]}
COMMAND: GET /session/3fbb5aa961da27feb6cf7ecb004886db/screenshot - {}
RESULT: {}
RESULT: {"actions":[{"id":"action21","type":"key","parameters":{},"actions":[{"type":"keyDown","value":""},{"type":"pause","duration":10},{"type":"keyUp","value":""}]}]}
COMMAND: GET /session/3fbb5aa961da27feb6cf7ecb004886db/screenshot - {}
RESULT: {}
RESULT: {}
COMMAND: POST /session/3fbb5aa961da27feb6cf7ecb004886db/element - {"using":"xpath","value":"//span[contains(@id ,\"application-billingtransfer-display-component---billingWorkbench--smartTableBillingRuns-header-inner\")]"}
RESULT: {"using":"xpath","value":"//span[contains(@id ,\"application-billingtransfer-display-component---billingWorkbench--smartTableBillingRuns-header-inner\")]"}
COMMAND: POST /session/3fbb5aa961da27feb6cf7ecb004886db/elements - {"using":"xpath","value":"//span[contains(@id ,\"application-billingtransfer-display-component---billingWorkbench--smartTableBillingRuns-header-inner\")]"}
RESULT: {"using":"xpath","value":"//span[contains(@id ,\"application-billingtransfer-display-component---billingWorkbench--smartTableBillingRuns-header-inner\")]"}
COMMAND: POST /session/3fbb5aa961da27feb6cf7ecb004886db/execute/sync - {"script":"<script> [56 bytes]","args":[{"element-6066-11e4-a52e-4f735466cecf":"f.0763987BF21D2E15D38664A642A1837D.d.95616E5FC6268B1899C8461B4B0781AB.e.6092","ELEMENT":"f.0763987BF21D2E15D38664A642A1837D.d.95616E5FC6268B1899C8461B4B0781AB.e.6092"}]}
RESULT: {"script":"<script> [56 bytes]","args":[{"element-6066-11e4-a52e-4f735466cecf":"f.0763987BF21D2E15D38664A642A1837D.d.95616E5FC6268B1899C8461B4B0781AB.e.6092","ELEMENT":"f.0763987BF21D2E15D38664A642A1837D.d.95616E5FC6268B1899C8461B4B0781AB.e.6092"}]}
COMMAND: POST /session/3fbb5aa961da27feb6cf7ecb004886db/element - {"using":"css selector","value":"#shell-header-logo"}
COMMAND: GET /session/3fbb5aa961da27feb6cf7ecb004886db/screenshot - {}
RESULT: {"using":"css selector","value":"#shell-header-logo"}
COMMAND: POST /session/3fbb5aa961da27feb6cf7ecb004886db/element/f.0763987BF21D2E15D38664A642A1837D.d.95616E5FC6268B1899C8461B4B0781AB.e.5941/click - {}
RESULT: {}
RESULT: {}
COMMAND: GET /session/3fbb5aa961da27feb6cf7ecb004886db/screenshot - {}
RESULT: {}
COMMAND: POST /session/3fbb5aa961da27feb6cf7ecb004886db/element - {"using":"css selector","value":"#j_username"}
COMMAND: POST /session/3fbb5aa961da27feb6cf7ecb004886db/url - {"url":"https://qa-testing-00-live-etm-ui.cfapps.eu10-004.hana.ondemand.com/"}
RESULT: {"using":"css selector","value":"#j_username"}
COMMAND: POST /session/3fbb5aa961da27feb6cf7ecb004886db/element - {"using":"css selector","value":"#j_username"}
RESULT: {"url":"https://qa-testing-00-live-etm-ui.cfapps.eu10-004.hana.ondemand.com/"}
RESULT: undefined
COMMAND: GET /session/3fbb5aa961da27feb6cf7ecb004886db/screenshot - {}
RESULT: {"using":"css selector","value":"#j_username"}
COMMAND: POST /session/3fbb5aa961da27feb6cf7ecb004886db/element - {"using":"css selector","value":"#shell-header-logo"}
RESULT: {}
RESULT: {"using":"css selector","value":"#shell-header-logo"}
COMMAND: POST /session/3fbb5aa961da27feb6cf7ecb004886db/execute/sync - {"script":"<script> [8489 bytes]","args":[{"element-6066-11e4-a52e-4f735466cecf":"f.0763987BF21D2E15D38664A642A1837D.d.A735EFDF6B83D1AA54E453385CA01311.e.6220","ELEMENT":"f.0763987BF21D2E15D38664A642A1837D.d.A735EFDF6B83D1AA54E453385CA01311.e.6220"}]}
RESULT: {"script":"<script> [8489 bytes]","args":[{"element-6066-11e4-a52e-4f735466cecf":"f.0763987BF21D2E15D38664A642A1837D.d.A735EFDF6B83D1AA54E453385CA01311.e.6220","ELEMENT":"f.0763987BF21D2E15D38664A642A1837D.d.A735EFDF6B83D1AA54E453385CA01311.e.6220"}]}
COMMAND: POST /session/3fbb5aa961da27feb6cf7ecb004886db/element - {"using":"css selector","value":"#shell-header-logo"}
COMMAND: GET /session/3fbb5aa961da27feb6cf7ecb004886db/screenshot - {}
RESULT: {"using":"css selector","value":"#shell-header-logo"}
COMMAND: POST /session/3fbb5aa961da27feb6cf7ecb004886db/execute/sync - {"script":"<script> [8489 bytes]","args":[{"element-6066-11e4-a52e-4f735466cecf":"f.0763987BF21D2E15D38664A642A1837D.d.A735EFDF6B83D1AA54E453385CA01311.e.6220","ELEMENT":"f.0763987BF21D2E15D38664A642A1837D.d.A735EFDF6B83D1AA54E453385CA01311.e.6220"}]}
RESULT: {}
RESULT: {"script":"<script> [8489 bytes]","args":[{"element-6066-11e4-a52e-4f735466cecf":"f.0763987BF21D2E15D38664A642A1837D.d.A735EFDF6B83D1AA54E453385CA01311.e.6220","ELEMENT":"f.0763987BF21D2E15D38664A642A1837D.d.A735EFDF6B83D1AA54E453385CA01311.e.6220"}]}
COMMAND: POST /session/3fbb5aa961da27feb6cf7ecb004886db/execute/sync - {"script":"<script> [5351 bytes]","args":[{"element-6066-11e4-a52e-4f735466cecf":"f.0763987BF21D2E15D38664A642A1837D.d.A735EFDF6B83D1AA54E453385CA01311.e.6220","ELEMENT":"f.0763987BF21D2E15D38664A642A1837D.d.A735EFDF6B83D1AA54E453385CA01311.e.6220"}]}
COMMAND: GET /session/3fbb5aa961da27feb6cf7ecb004886db/screenshot - {}
RESULT: {"script":"<script> [5351 bytes]","args":[{"element-6066-11e4-a52e-4f735466cecf":"f.0763987BF21D2E15D38664A642A1837D.d.A735EFDF6B83D1AA54E453385CA01311.e.6220","ELEMENT":"f.0763987BF21D2E15D38664A642A1837D.d.A735EFDF6B83D1AA54E453385CA01311.e.6220"}]}
COMMAND: POST /session/3fbb5aa961da27feb6cf7ecb004886db/element - {"using":"css selector","value":"#shell-header-logo"}
COMMAND: GET /session/3fbb5aa961da27feb6cf7ecb004886db/screenshot - {}
RESULT: {}
RESULT: {"using":"css selector","value":"#shell-header-logo"}
COMMAND: POST /session/3fbb5aa961da27feb6cf7ecb004886db/element/f.0763987BF21D2E15D38664A642A1837D.d.A735EFDF6B83D1AA54E453385CA01311.e.6220/click - {}
RESULT: {}
RESULT: {}
COMMAND: GET /session/3fbb5aa961da27feb6cf7ecb004886db/screenshot - {}
RESULT: {}
COMMAND: POST /session/3fbb5aa961da27feb6cf7ecb004886db/execute/async - {"script":"<script> [189 bytes]","args":[]}
RESULT: {"script":"<script> [189 bytes]","args":[]}
COMMAND: POST /session/3fbb5aa961da27feb6cf7ecb004886db/execute/async - {"script":"<script> [123 bytes]","args":[]}
RESULT: {"script":"<script> [123 bytes]","args":[]}
COMMAND: POST /session/3fbb5aa961da27feb6cf7ecb004886db/timeouts - {"script":"<number>"}
RESULT: {"script":"<number>"}
COMMAND: GET /session/3fbb5aa961da27feb6cf7ecb004886db/timeouts - {}
RESULT: {}
RESULT: undefined
COMMAND: POST /session/3fbb5aa961da27feb6cf7ecb004886db/execute/async - {"script":"<script> [2676 bytes]","args":[]}
RESULT: {"script":"<script> [2676 bytes]","args":[]}
COMMAND: POST /session/3fbb5aa961da27feb6cf7ecb004886db/execute/async - {"script":"<script> [2342 bytes]","args":[{"protocol":"http","hostname":"0.0.0.0","path":"/","capabilities":{"browserName":"chrome","goog:chromeOptions":{"binary":"C:\\Program Files\\Google\\Chrome\\Application\\chrome.exe","args":["--start-maximized"]}},"logLevel":"warn","connectionRetryTimeout":120000,"connectionRetryCount":3,"logLevels":{},"enableDirectConnect":true,"strictSSL":true,"_":"65 more keys: [\"cacheDir\",\"port\",\"requestedCapabilities\",\"automationProtocol\",\"baseUrl\",\"waitforInterval\",\"waitforTimeout\",\"onReload\",\"beforeCommand\",\"afterCommand\",\"rootDir\",\"specs\",\"suites\",\"exclude\",\"groupLogsByTestSpec\",\"excludeDriverLogs\",\"bail\",\"framework\",\"reporters\",\"services\",\"maxInstances\",\"maxInstancesPerCapability\",\"injectGlobals\",\"filesToWatch\",\"execArgv\",\"runnerEnv\",\"runner\",\"shard\",\"specFileRetries\",\"specFileRetriesDelay\",\"specFileRetriesDeferred\",\"reporterSyncInterval\",\"reporterSyncTimeout\",\"cucumberFeaturesWithLineNumbers\",\"autoCompileOpts\",\"mochaOpts\",\"jasmineOpts\",\"cucumberOpts\",\"onPrepare\",\"onWorkerStart\",\"onWorkerEnd\",\"before\",\"beforeSession\",\"beforeSuite\",\"beforeHook\",\"beforeTest\",\"afterTest\",\"afterHook\",\"afterSuite\",\"afterSession\",\"after\",\"onComplete\",\"beforeAssertion\",\"afterAssertion\",\"beforeFeature\",\"beforeScenario\",\"beforeStep\",\"afterStep\",\"afterScenario\",\"afterFeature\",\"_\",\"suite\",\"$0\",\"ignoredWorkerServices\",\"wdi5\"]"}]}
RESULT: {"script":"<script> [2342 bytes]","args":[{"protocol":"http","hostname":"0.0.0.0","path":"/","capabilities":{"browserName":"chrome","goog:chromeOptions":{"binary":"C:\\Program Files\\Google\\Chrome\\Application\\chrome.exe","args":["--start-maximized"]}},"logLevel":"warn","connectionRetryTimeout":120000,"connectionRetryCount":3,"logLevels":{},"enableDirectConnect":true,"strictSSL":true,"_":"65 more keys: [\"cacheDir\",\"port\",\"requestedCapabilities\",\"automationProtocol\",\"baseUrl\",\"waitforInterval\",\"waitforTimeout\",\"onReload\",\"beforeCommand\",\"afterCommand\",\"rootDir\",\"specs\",\"suites\",\"exclude\",\"groupLogsByTestSpec\",\"excludeDriverLogs\",\"bail\",\"framework\",\"reporters\",\"services\",\"maxInstances\",\"maxInstancesPerCapability\",\"injectGlobals\",\"filesToWatch\",\"execArgv\",\"runnerEnv\",\"runner\",\"shard\",\"specFileRetries\",\"specFileRetriesDelay\",\"specFileRetriesDeferred\",\"reporterSyncInterval\",\"reporterSyncTimeout\",\"cucumberFeaturesWithLineNumbers\",\"autoCompileOpts\",\"mochaOpts\",\"jasmineOpts\",\"cucumberOpts\",\"onPrepare\",\"onWorkerStart\",\"onWorkerEnd\",\"before\",\"beforeSession\",\"beforeSuite\",\"beforeHook\",\"beforeTest\",\"afterTest\",\"afterHook\",\"afterSuite\",\"afterSession\",\"after\",\"onComplete\",\"beforeAssertion\",\"afterAssertion\",\"beforeFeature\",\"beforeScenario\",\"beforeStep\",\"afterStep\",\"afterScenario\",\"afterFeature\",\"_\",\"suite\",\"$0\",\"ignoredWorkerServices\",\"wdi5\"]"}]}
COMMAND: POST /session/3fbb5aa961da27feb6cf7ecb004886db/execute/async - {"script":"<script> [21126 bytes]","args":[35000]}
RESULT: {"script":"<script> [21126 bytes]","args":[35000]}
COMMAND: POST /session/3fbb5aa961da27feb6cf7ecb004886db/window/maximize - {}
RESULT: {}
COMMAND: POST /session/3fbb5aa961da27feb6cf7ecb004886db/execute/async - {"script":"<script> [1562 bytes]","args":[{"selector":{"id":"shell-header","interaction":{"idSuffix":"icon"}},"wdio_ui5_key":"shellheader"}]}
COMMAND: GET /session/3fbb5aa961da27feb6cf7ecb004886db/screenshot - {}
RESULT: {"script":"<script> [1562 bytes]","args":[{"selector":{"id":"shell-header","interaction":{"idSuffix":"icon"}},"wdio_ui5_key":"shellheader"}]}
RESULT: undefined
COMMAND: POST /session/3fbb5aa961da27feb6cf7ecb004886db/refresh - {}
RESULT: {}
RESULT: {}
COMMAND: GET /session/3fbb5aa961da27feb6cf7ecb004886db/screenshot - {}
RESULT: {}
COMMAND: POST /session/3fbb5aa961da27feb6cf7ecb004886db/refresh - {}
RESULT: {}
COMMAND: GET /session/3fbb5aa961da27feb6cf7ecb004886db/screenshot - {}
RESULT: {}
COMMAND: POST /session/3fbb5aa961da27feb6cf7ecb004886db/execute/async - {"script":"<script> [189 bytes]","args":[]}
RESULT: {"script":"<script> [189 bytes]","args":[]}
COMMAND: POST /session/3fbb5aa961da27feb6cf7ecb004886db/execute/async - {"script":"<script> [123 bytes]","args":[]}
RESULT: {"script":"<script> [123 bytes]","args":[]}
COMMAND: POST /session/3fbb5aa961da27feb6cf7ecb004886db/timeouts - {"script":"<number>"}
RESULT: {"script":"<number>"}
COMMAND: GET /session/3fbb5aa961da27feb6cf7ecb004886db/timeouts - {}
RESULT: {}
RESULT: undefined
COMMAND: POST /session/3fbb5aa961da27feb6cf7ecb004886db/execute/async - {"script":"<script> [2676 bytes]","args":[]}
RESULT: {"script":"<script> [2676 bytes]","args":[]}
COMMAND: POST /session/3fbb5aa961da27feb6cf7ecb004886db/execute/async - {"script":"<script> [2342 bytes]","args":[{"protocol":"http","hostname":"0.0.0.0","path":"/","capabilities":{"browserName":"chrome","goog:chromeOptions":{"binary":"C:\\Program Files\\Google\\Chrome\\Application\\chrome.exe","args":["--start-maximized"]}},"logLevel":"warn","connectionRetryTimeout":120000,"connectionRetryCount":3,"logLevels":{},"enableDirectConnect":true,"strictSSL":true,"_":"65 more keys: [\"cacheDir\",\"port\",\"requestedCapabilities\",\"automationProtocol\",\"baseUrl\",\"waitforInterval\",\"waitforTimeout\",\"onReload\",\"beforeCommand\",\"afterCommand\",\"rootDir\",\"specs\",\"suites\",\"exclude\",\"groupLogsByTestSpec\",\"excludeDriverLogs\",\"bail\",\"framework\",\"reporters\",\"services\",\"maxInstances\",\"maxInstancesPerCapability\",\"injectGlobals\",\"filesToWatch\",\"execArgv\",\"runnerEnv\",\"runner\",\"shard\",\"specFileRetries\",\"specFileRetriesDelay\",\"specFileRetriesDeferred\",\"reporterSyncInterval\",\"reporterSyncTimeout\",\"cucumberFeaturesWithLineNumbers\",\"autoCompileOpts\",\"mochaOpts\",\"jasmineOpts\",\"cucumberOpts\",\"onPrepare\",\"onWorkerStart\",\"onWorkerEnd\",\"before\",\"beforeSession\",\"beforeSuite\",\"beforeHook\",\"beforeTest\",\"afterTest\",\"afterHook\",\"afterSuite\",\"afterSession\",\"after\",\"onComplete\",\"beforeAssertion\",\"afterAssertion\",\"beforeFeature\",\"beforeScenario\",\"beforeStep\",\"afterStep\",\"afterScenario\",\"afterFeature\",\"_\",\"suite\",\"$0\",\"ignoredWorkerServices\",\"wdi5\"]"}]}
RESULT: {"script":"<script> [2342 bytes]","args":[{"protocol":"http","hostname":"0.0.0.0","path":"/","capabilities":{"browserName":"chrome","goog:chromeOptions":{"binary":"C:\\Program Files\\Google\\Chrome\\Application\\chrome.exe","args":["--start-maximized"]}},"logLevel":"warn","connectionRetryTimeout":120000,"connectionRetryCount":3,"logLevels":{},"enableDirectConnect":true,"strictSSL":true,"_":"65 more keys: [\"cacheDir\",\"port\",\"requestedCapabilities\",\"automationProtocol\",\"baseUrl\",\"waitforInterval\",\"waitforTimeout\",\"onReload\",\"beforeCommand\",\"afterCommand\",\"rootDir\",\"specs\",\"suites\",\"exclude\",\"groupLogsByTestSpec\",\"excludeDriverLogs\",\"bail\",\"framework\",\"reporters\",\"services\",\"maxInstances\",\"maxInstancesPerCapability\",\"injectGlobals\",\"filesToWatch\",\"execArgv\",\"runnerEnv\",\"runner\",\"shard\",\"specFileRetries\",\"specFileRetriesDelay\",\"specFileRetriesDeferred\",\"reporterSyncInterval\",\"reporterSyncTimeout\",\"cucumberFeaturesWithLineNumbers\",\"autoCompileOpts\",\"mochaOpts\",\"jasmineOpts\",\"cucumberOpts\",\"onPrepare\",\"onWorkerStart\",\"onWorkerEnd\",\"before\",\"beforeSession\",\"beforeSuite\",\"beforeHook\",\"beforeTest\",\"afterTest\",\"afterHook\",\"afterSuite\",\"afterSession\",\"after\",\"onComplete\",\"beforeAssertion\",\"afterAssertion\",\"beforeFeature\",\"beforeScenario\",\"beforeStep\",\"afterStep\",\"afterScenario\",\"afterFeature\",\"_\",\"suite\",\"$0\",\"ignoredWorkerServices\",\"wdi5\"]"}]}
COMMAND: POST /session/3fbb5aa961da27feb6cf7ecb004886db/execute/async - {"script":"<script> [21126 bytes]","args":[35000]}
RESULT: {"script":"<script> [21126 bytes]","args":[35000]}
]]></system-out>
    </testcase>
  </testsuite>
  <testsuite timestamp="2025-04-17T06:00:39" time="1172.708" tests="12" failures="0" errors="0" skipped="0">
    <properties>
      <property name="specId" value="0"/>
      <property name="suiteName" value="Billing Transfer - Intracompany US127249"/>
      <property name="capabilities" value="chrome.135_0_7049_42.windows"/>
      <property name="file" value="file:///D:/a/1/s/test/specs/BTS/billing-transfer-intracompany.spec.js"/>
    </properties>
    <testcase classname="chrome.135_0_7049_42.windows.Billing_Transfer_-_Intracompany_US127249" name="Should create a new yard" time="132.313">
      <system-out><![CDATA[
COMMAND: POST /session/3fbb5aa961da27feb6cf7ecb004886db/window/fullscreen - {}
RESULT: {}
COMMAND: POST /session/3fbb5aa961da27feb6cf7ecb004886db/execute/async - {"script":"<script> [1562 bytes]","args":[{"selector":{"controlType":"sap.m.GenericTile","properties":{"header":"Manage Yards"}},"wdio_ui5_key":"sapm.GenericTile{\"header\":\"Manage Yards\"}"}]}
RESULT: {"script":"<script> [1562 bytes]","args":[{"selector":{"controlType":"sap.m.GenericTile","properties":{"header":"Manage Yards"}},"wdio_ui5_key":"sapm.GenericTile{\"header\":\"Manage Yards\"}"}]}
RESULT: undefined
COMMAND: POST /session/3fbb5aa961da27feb6cf7ecb004886db/element - {"using":"xpath","value":"//*[@id=\"__tile41\"]"}
RESULT: {"using":"xpath","value":"//*[@id=\"__tile41\"]"}
COMMAND: POST /session/3fbb5aa961da27feb6cf7ecb004886db/element/f.0763987BF21D2E15D38664A642A1837D.d.E84700C78DD531462CE50041AD314797.e.6354/click - {}
RESULT: {}
COMMAND: POST /session/3fbb5aa961da27feb6cf7ecb004886db/element - {"using":"xpath","value":"//button[@data-kt=\"addNewYardOverflowToolbarButton\"]"}
COMMAND: GET /session/3fbb5aa961da27feb6cf7ecb004886db/screenshot - {}
RESULT: {"using":"xpath","value":"//button[@data-kt=\"addNewYardOverflowToolbarButton\"]"}
COMMAND: POST /session/3fbb5aa961da27feb6cf7ecb004886db/elements - {"using":"xpath","value":"//button[@data-kt=\"addNewYardOverflowToolbarButton\"]"}
RESULT: {}
RESULT: {"using":"xpath","value":"//button[@data-kt=\"addNewYardOverflowToolbarButton\"]"}
COMMAND: POST /session/3fbb5aa961da27feb6cf7ecb004886db/elements - {"using":"xpath","value":"//button[@data-kt=\"addNewYardOverflowToolbarButton\"]"}
RESULT: {"using":"xpath","value":"//button[@data-kt=\"addNewYardOverflowToolbarButton\"]"}
COMMAND: POST /session/3fbb5aa961da27feb6cf7ecb004886db/elements - {"using":"xpath","value":"//button[@data-kt=\"addNewYardOverflowToolbarButton\"]"}
RESULT: {"using":"xpath","value":"//button[@data-kt=\"addNewYardOverflowToolbarButton\"]"}
COMMAND: POST /session/3fbb5aa961da27feb6cf7ecb004886db/elements - {"using":"xpath","value":"//button[@data-kt=\"addNewYardOverflowToolbarButton\"]"}
RESULT: {"using":"xpath","value":"//button[@data-kt=\"addNewYardOverflowToolbarButton\"]"}
COMMAND: POST /session/3fbb5aa961da27feb6cf7ecb004886db/elements - {"using":"xpath","value":"//button[@data-kt=\"addNewYardOverflowToolbarButton\"]"}
RESULT: {"using":"xpath","value":"//button[@data-kt=\"addNewYardOverflowToolbarButton\"]"}
COMMAND: POST /session/3fbb5aa961da27feb6cf7ecb004886db/elements - {"using":"xpath","value":"//button[@data-kt=\"addNewYardOverflowToolbarButton\"]"}
RESULT: {"using":"xpath","value":"//button[@data-kt=\"addNewYardOverflowToolbarButton\"]"}
COMMAND: POST /session/3fbb5aa961da27feb6cf7ecb004886db/elements - {"using":"xpath","value":"//button[@data-kt=\"addNewYardOverflowToolbarButton\"]"}
RESULT: {"using":"xpath","value":"//button[@data-kt=\"addNewYardOverflowToolbarButton\"]"}
COMMAND: POST /session/3fbb5aa961da27feb6cf7ecb004886db/elements - {"using":"xpath","value":"//button[@data-kt=\"addNewYardOverflowToolbarButton\"]"}
RESULT: {"using":"xpath","value":"//button[@data-kt=\"addNewYardOverflowToolbarButton\"]"}
COMMAND: POST /session/3fbb5aa961da27feb6cf7ecb004886db/elements - {"using":"xpath","value":"//button[@data-kt=\"addNewYardOverflowToolbarButton\"]"}
RESULT: {"using":"xpath","value":"//button[@data-kt=\"addNewYardOverflowToolbarButton\"]"}
COMMAND: POST /session/3fbb5aa961da27feb6cf7ecb004886db/elements - {"using":"xpath","value":"//button[@data-kt=\"addNewYardOverflowToolbarButton\"]"}
RESULT: {"using":"xpath","value":"//button[@data-kt=\"addNewYardOverflowToolbarButton\"]"}
COMMAND: POST /session/3fbb5aa961da27feb6cf7ecb004886db/elements - {"using":"xpath","value":"//button[@data-kt=\"addNewYardOverflowToolbarButton\"]"}
RESULT: {"using":"xpath","value":"//button[@data-kt=\"addNewYardOverflowToolbarButton\"]"}
COMMAND: POST /session/3fbb5aa961da27feb6cf7ecb004886db/elements - {"using":"xpath","value":"//button[@data-kt=\"addNewYardOverflowToolbarButton\"]"}
RESULT: {"using":"xpath","value":"//button[@data-kt=\"addNewYardOverflowToolbarButton\"]"}
COMMAND: POST /session/3fbb5aa961da27feb6cf7ecb004886db/elements - {"using":"xpath","value":"//button[@data-kt=\"addNewYardOverflowToolbarButton\"]"}
RESULT: {"using":"xpath","value":"//button[@data-kt=\"addNewYardOverflowToolbarButton\"]"}
COMMAND: POST /session/3fbb5aa961da27feb6cf7ecb004886db/elements - {"using":"xpath","value":"//button[@data-kt=\"addNewYardOverflowToolbarButton\"]"}
RESULT: {"using":"xpath","value":"//button[@data-kt=\"addNewYardOverflowToolbarButton\"]"}
COMMAND: POST /session/3fbb5aa961da27feb6cf7ecb004886db/elements - {"using":"xpath","value":"//button[@data-kt=\"addNewYardOverflowToolbarButton\"]"}
RESULT: {"using":"xpath","value":"//button[@data-kt=\"addNewYardOverflowToolbarButton\"]"}
COMMAND: POST /session/3fbb5aa961da27feb6cf7ecb004886db/elements - {"using":"xpath","value":"//button[@data-kt=\"addNewYardOverflowToolbarButton\"]"}
RESULT: {"using":"xpath","value":"//button[@data-kt=\"addNewYardOverflowToolbarButton\"]"}
COMMAND: POST /session/3fbb5aa961da27feb6cf7ecb004886db/elements - {"using":"xpath","value":"//button[@data-kt=\"addNewYardOverflowToolbarButton\"]"}
RESULT: {"using":"xpath","value":"//button[@data-kt=\"addNewYardOverflowToolbarButton\"]"}
COMMAND: POST /session/3fbb5aa961da27feb6cf7ecb004886db/elements - {"using":"xpath","value":"//button[@data-kt=\"addNewYardOverflowToolbarButton\"]"}
RESULT: {"using":"xpath","value":"//button[@data-kt=\"addNewYardOverflowToolbarButton\"]"}
COMMAND: POST /session/3fbb5aa961da27feb6cf7ecb004886db/elements - {"using":"xpath","value":"//button[@data-kt=\"addNewYardOverflowToolbarButton\"]"}
RESULT: {"using":"xpath","value":"//button[@data-kt=\"addNewYardOverflowToolbarButton\"]"}
COMMAND: POST /session/3fbb5aa961da27feb6cf7ecb004886db/elements - {"using":"xpath","value":"//button[@data-kt=\"addNewYardOverflowToolbarButton\"]"}
RESULT: {"using":"xpath","value":"//button[@data-kt=\"addNewYardOverflowToolbarButton\"]"}
COMMAND: POST /session/3fbb5aa961da27feb6cf7ecb004886db/elements - {"using":"xpath","value":"//button[@data-kt=\"addNewYardOverflowToolbarButton\"]"}
RESULT: {"using":"xpath","value":"//button[@data-kt=\"addNewYardOverflowToolbarButton\"]"}
COMMAND: POST /session/3fbb5aa961da27feb6cf7ecb004886db/elements - {"using":"xpath","value":"//button[@data-kt=\"addNewYardOverflowToolbarButton\"]"}
RESULT: {"using":"xpath","value":"//button[@data-kt=\"addNewYardOverflowToolbarButton\"]"}
COMMAND: POST /session/3fbb5aa961da27feb6cf7ecb004886db/elements - {"using":"xpath","value":"//button[@data-kt=\"addNewYardOverflowToolbarButton\"]"}
RESULT: {"using":"xpath","value":"//button[@data-kt=\"addNewYardOverflowToolbarButton\"]"}
COMMAND: POST /session/3fbb5aa961da27feb6cf7ecb004886db/elements - {"using":"xpath","value":"//button[@data-kt=\"addNewYardOverflowToolbarButton\"]"}
RESULT: {"using":"xpath","value":"//button[@data-kt=\"addNewYardOverflowToolbarButton\"]"}
COMMAND: POST /session/3fbb5aa961da27feb6cf7ecb004886db/elements - {"using":"xpath","value":"//button[@data-kt=\"addNewYardOverflowToolbarButton\"]"}
RESULT: {"using":"xpath","value":"//button[@data-kt=\"addNewYardOverflowToolbarButton\"]"}
COMMAND: POST /session/3fbb5aa961da27feb6cf7ecb004886db/elements - {"using":"xpath","value":"//button[@data-kt=\"addNewYardOverflowToolbarButton\"]"}
RESULT: {"using":"xpath","value":"//button[@data-kt=\"addNewYardOverflowToolbarButton\"]"}
COMMAND: POST /session/3fbb5aa961da27feb6cf7ecb004886db/elements - {"using":"xpath","value":"//button[@data-kt=\"addNewYardOverflowToolbarButton\"]"}
RESULT: {"using":"xpath","value":"//button[@data-kt=\"addNewYardOverflowToolbarButton\"]"}
COMMAND: POST /session/3fbb5aa961da27feb6cf7ecb004886db/elements - {"using":"xpath","value":"//button[@data-kt=\"addNewYardOverflowToolbarButton\"]"}
RESULT: {"using":"xpath","value":"//button[@data-kt=\"addNewYardOverflowToolbarButton\"]"}
COMMAND: POST /session/3fbb5aa961da27feb6cf7ecb004886db/elements - {"using":"xpath","value":"//button[@data-kt=\"addNewYardOverflowToolbarButton\"]"}
RESULT: {"using":"xpath","value":"//button[@data-kt=\"addNewYardOverflowToolbarButton\"]"}
COMMAND: POST /session/3fbb5aa961da27feb6cf7ecb004886db/elements - {"using":"xpath","value":"//button[@data-kt=\"addNewYardOverflowToolbarButton\"]"}
RESULT: {"using":"xpath","value":"//button[@data-kt=\"addNewYardOverflowToolbarButton\"]"}
COMMAND: POST /session/3fbb5aa961da27feb6cf7ecb004886db/elements - {"using":"xpath","value":"//button[@data-kt=\"addNewYardOverflowToolbarButton\"]"}
RESULT: {"using":"xpath","value":"//button[@data-kt=\"addNewYardOverflowToolbarButton\"]"}
COMMAND: POST /session/3fbb5aa961da27feb6cf7ecb004886db/elements - {"using":"xpath","value":"//button[@data-kt=\"addNewYardOverflowToolbarButton\"]"}
RESULT: {"using":"xpath","value":"//button[@data-kt=\"addNewYardOverflowToolbarButton\"]"}
COMMAND: POST /session/3fbb5aa961da27feb6cf7ecb004886db/elements - {"using":"xpath","value":"//button[@data-kt=\"addNewYardOverflowToolbarButton\"]"}
RESULT: {"using":"xpath","value":"//button[@data-kt=\"addNewYardOverflowToolbarButton\"]"}
COMMAND: POST /session/3fbb5aa961da27feb6cf7ecb004886db/elements - {"using":"xpath","value":"//button[@data-kt=\"addNewYardOverflowToolbarButton\"]"}
RESULT: {"using":"xpath","value":"//button[@data-kt=\"addNewYardOverflowToolbarButton\"]"}
COMMAND: POST /session/3fbb5aa961da27feb6cf7ecb004886db/elements - {"using":"xpath","value":"//button[@data-kt=\"addNewYardOverflowToolbarButton\"]"}
RESULT: {"using":"xpath","value":"//button[@data-kt=\"addNewYardOverflowToolbarButton\"]"}
COMMAND: POST /session/3fbb5aa961da27feb6cf7ecb004886db/element - {"using":"xpath","value":"//button[@data-kt=\"addNewYardOverflowToolbarButton\"]"}
RESULT: {"using":"xpath","value":"//button[@data-kt=\"addNewYardOverflowToolbarButton\"]"}
COMMAND: POST /session/3fbb5aa961da27feb6cf7ecb004886db/execute/sync - {"script":"<script> [8489 bytes]","args":[{"element-6066-11e4-a52e-4f735466cecf":"f.0763987BF21D2E15D38664A642A1837D.d.E84700C78DD531462CE50041AD314797.e.6501","ELEMENT":"f.0763987BF21D2E15D38664A642A1837D.d.E84700C78DD531462CE50041AD314797.e.6501"}]}
RESULT: {"script":"<script> [8489 bytes]","args":[{"element-6066-11e4-a52e-4f735466cecf":"f.0763987BF21D2E15D38664A642A1837D.d.E84700C78DD531462CE50041AD314797.e.6501","ELEMENT":"f.0763987BF21D2E15D38664A642A1837D.d.E84700C78DD531462CE50041AD314797.e.6501"}]}
COMMAND: GET /session/3fbb5aa961da27feb6cf7ecb004886db/element/f.0763987BF21D2E15D38664A642A1837D.d.E84700C78DD531462CE50041AD314797.e.6501/enabled - {}
COMMAND: GET /session/3fbb5aa961da27feb6cf7ecb004886db/screenshot - {}
RESULT: {}
COMMAND: POST /session/3fbb5aa961da27feb6cf7ecb004886db/execute/sync - {"script":"<script> [8489 bytes]","args":[{"element-6066-11e4-a52e-4f735466cecf":"f.0763987BF21D2E15D38664A642A1837D.d.E84700C78DD531462CE50041AD314797.e.6501","ELEMENT":"f.0763987BF21D2E15D38664A642A1837D.d.E84700C78DD531462CE50041AD314797.e.6501"}]}
COMMAND: GET /session/3fbb5aa961da27feb6cf7ecb004886db/screenshot - {}
RESULT: {}
RESULT: {"script":"<script> [8489 bytes]","args":[{"element-6066-11e4-a52e-4f735466cecf":"f.0763987BF21D2E15D38664A642A1837D.d.E84700C78DD531462CE50041AD314797.e.6501","ELEMENT":"f.0763987BF21D2E15D38664A642A1837D.d.E84700C78DD531462CE50041AD314797.e.6501"}]}
COMMAND: POST /session/3fbb5aa961da27feb6cf7ecb004886db/execute/sync - {"script":"<script> [5351 bytes]","args":[{"element-6066-11e4-a52e-4f735466cecf":"f.0763987BF21D2E15D38664A642A1837D.d.E84700C78DD531462CE50041AD314797.e.6501","ELEMENT":"f.0763987BF21D2E15D38664A642A1837D.d.E84700C78DD531462CE50041AD314797.e.6501"}]}
COMMAND: GET /session/3fbb5aa961da27feb6cf7ecb004886db/screenshot - {}
RESULT: {}
RESULT: {"script":"<script> [5351 bytes]","args":[{"element-6066-11e4-a52e-4f735466cecf":"f.0763987BF21D2E15D38664A642A1837D.d.E84700C78DD531462CE50041AD314797.e.6501","ELEMENT":"f.0763987BF21D2E15D38664A642A1837D.d.E84700C78DD531462CE50041AD314797.e.6501"}]}
COMMAND: POST /session/3fbb5aa961da27feb6cf7ecb004886db/element/f.0763987BF21D2E15D38664A642A1837D.d.E84700C78DD531462CE50041AD314797.e.6501/click - {}
COMMAND: GET /session/3fbb5aa961da27feb6cf7ecb004886db/screenshot - {}
RESULT: {}
RESULT: {}
COMMAND: GET /session/3fbb5aa961da27feb6cf7ecb004886db/screenshot - {}
COMMAND: POST /session/3fbb5aa961da27feb6cf7ecb004886db/element - {"using":"xpath","value":"//input[@id=\"application-manageyards-display-component---NewYard--yardId-inner\"]"}
RESULT: {}
RESULT: {}
RESULT: {"using":"xpath","value":"//input[@id=\"application-manageyards-display-component---NewYard--yardId-inner\"]"}
COMMAND: POST /session/3fbb5aa961da27feb6cf7ecb004886db/element - {"using":"xpath","value":"//input[@id=\"application-manageyards-display-component---NewYard--yardId-inner\"]"}
RESULT: {"using":"xpath","value":"//input[@id=\"application-manageyards-display-component---NewYard--yardId-inner\"]"}
COMMAND: POST /session/3fbb5aa961da27feb6cf7ecb004886db/execute/async - {"script":"<script> [1562 bytes]","args":[{"selector":{"id":"application-manageyards-display-component---NewYard--addressDetailDetailsName1","interaction":{"idSuffix":"inner"}},"wdio_ui5_key":"applicationmanageyards-display-component---NewYard--addressDetailDetailsName1"}]}
RESULT: {"script":"<script> [1562 bytes]","args":[{"selector":{"id":"application-manageyards-display-component---NewYard--addressDetailDetailsName1","interaction":{"idSuffix":"inner"}},"wdio_ui5_key":"applicationmanageyards-display-component---NewYard--addressDetailDetailsName1"}]}
RESULT: undefined
COMMAND: POST /session/3fbb5aa961da27feb6cf7ecb004886db/execute/async - {"script":"<script> [776 bytes]","args":[{"enterText":"Intracompany Yard wdIO","selector":{"id":"application-manageyards-display-component---NewYard--addressDetailDetailsName1","interaction":{"idSuffix":"inner"}},"clearTextFirst":true,"interactionType":"ENTER_TEXT"}]}
RESULT: {"script":"<script> [776 bytes]","args":[{"enterText":"Intracompany Yard wdIO","selector":{"id":"application-manageyards-display-component---NewYard--addressDetailDetailsName1","interaction":{"idSuffix":"inner"}},"clearTextFirst":true,"interactionType":"ENTER_TEXT"}]}
COMMAND: POST /session/3fbb5aa961da27feb6cf7ecb004886db/execute/async - {"script":"<script> [1562 bytes]","args":[{"selector":{"id":"application-manageyards-display-component---NewYard--addressDetailDetailsLanguage-arrow"},"wdio_ui5_key":"applicationmanageyards-display-component---NewYard--addressDetailDetailsLanguage-arrow"}]}
RESULT: {"script":"<script> [1562 bytes]","args":[{"selector":{"id":"application-manageyards-display-component---NewYard--addressDetailDetailsLanguage-arrow"},"wdio_ui5_key":"applicationmanageyards-display-component---NewYard--addressDetailDetailsLanguage-arrow"}]}
RESULT: undefined
COMMAND: POST /session/3fbb5aa961da27feb6cf7ecb004886db/element - {"using":"xpath","value":"//*[@id=\"application-manageyards-display-component---NewYard--addressDetailDetailsLanguage-arrow\"]"}
RESULT: {"using":"xpath","value":"//*[@id=\"application-manageyards-display-component---NewYard--addressDetailDetailsLanguage-arrow\"]"}
COMMAND: POST /session/3fbb5aa961da27feb6cf7ecb004886db/element/f.0763987BF21D2E15D38664A642A1837D.d.E84700C78DD531462CE50041AD314797.e.6914/click - {}
RESULT: {}
COMMAND: POST /session/3fbb5aa961da27feb6cf7ecb004886db/element - {"using":"xpath","value":"//span[contains(text(), \"English\")]"}
COMMAND: GET /session/3fbb5aa961da27feb6cf7ecb004886db/screenshot - {}
RESULT: {"using":"xpath","value":"//span[contains(text(), \"English\")]"}
COMMAND: POST /session/3fbb5aa961da27feb6cf7ecb004886db/element/f.0763987BF21D2E15D38664A642A1837D.d.E84700C78DD531462CE50041AD314797.e.6915/click - {}
RESULT: {}
RESULT: {}
COMMAND: POST /session/3fbb5aa961da27feb6cf7ecb004886db/execute/async - {"script":"<script> [1562 bytes]","args":[{"selector":{"id":"application-manageyards-display-component---NewYard--addressDetailDetailsCity1","interaction":{"idSuffix":"inner"}},"wdio_ui5_key":"applicationmanageyards-display-component---NewYard--addressDetailDetailsCity1"}]}
COMMAND: GET /session/3fbb5aa961da27feb6cf7ecb004886db/screenshot - {}
RESULT: {"script":"<script> [1562 bytes]","args":[{"selector":{"id":"application-manageyards-display-component---NewYard--addressDetailDetailsCity1","interaction":{"idSuffix":"inner"}},"wdio_ui5_key":"applicationmanageyards-display-component---NewYard--addressDetailDetailsCity1"}]}
RESULT: undefined
COMMAND: POST /session/3fbb5aa961da27feb6cf7ecb004886db/execute/async - {"script":"<script> [776 bytes]","args":[{"enterText":"Rosario","selector":{"id":"application-manageyards-display-component---NewYard--addressDetailDetailsCity1","interaction":{"idSuffix":"inner"}},"clearTextFirst":true,"interactionType":"ENTER_TEXT"}]}
RESULT: {}
RESULT: {"script":"<script> [776 bytes]","args":[{"enterText":"Rosario","selector":{"id":"application-manageyards-display-component---NewYard--addressDetailDetailsCity1","interaction":{"idSuffix":"inner"}},"clearTextFirst":true,"interactionType":"ENTER_TEXT"}]}
COMMAND: POST /session/3fbb5aa961da27feb6cf7ecb004886db/execute/async - {"script":"<script> [1562 bytes]","args":[{"selector":{"id":"application-manageyards-display-component---NewYard--addressDetailDetailsCountry-arrow"},"wdio_ui5_key":"applicationmanageyards-display-component---NewYard--addressDetailDetailsCountry-arrow"}]}
RESULT: {"script":"<script> [1562 bytes]","args":[{"selector":{"id":"application-manageyards-display-component---NewYard--addressDetailDetailsCountry-arrow"},"wdio_ui5_key":"applicationmanageyards-display-component---NewYard--addressDetailDetailsCountry-arrow"}]}
RESULT: undefined
COMMAND: POST /session/3fbb5aa961da27feb6cf7ecb004886db/element - {"using":"xpath","value":"//*[@id=\"application-manageyards-display-component---NewYard--addressDetailDetailsCountry-arrow\"]"}
RESULT: {"using":"xpath","value":"//*[@id=\"application-manageyards-display-component---NewYard--addressDetailDetailsCountry-arrow\"]"}
COMMAND: POST /session/3fbb5aa961da27feb6cf7ecb004886db/element/f.0763987BF21D2E15D38664A642A1837D.d.E84700C78DD531462CE50041AD314797.e.6917/click - {}
RESULT: {}
COMMAND: POST /session/3fbb5aa961da27feb6cf7ecb004886db/element - {"using":"xpath","value":"//span[contains(text(), \"Argentina\")]"}
COMMAND: GET /session/3fbb5aa961da27feb6cf7ecb004886db/screenshot - {}
RESULT: {"using":"xpath","value":"//span[contains(text(), \"Argentina\")]"}
COMMAND: POST /session/3fbb5aa961da27feb6cf7ecb004886db/element/f.0763987BF21D2E15D38664A642A1837D.d.E84700C78DD531462CE50041AD314797.e.6919/click - {}
RESULT: {}
RESULT: {}
COMMAND: POST /session/3fbb5aa961da27feb6cf7ecb004886db/execute/async - {"script":"<script> [1562 bytes]","args":[{"selector":{"id":"application-manageyards-display-component---NewYard--addressEditDetailsCostObjectCstType-arrow"},"wdio_ui5_key":"applicationmanageyards-display-component---NewYard--addressEditDetailsCostObjectCstType-arrow"}]}
COMMAND: GET /session/3fbb5aa961da27feb6cf7ecb004886db/screenshot - {}
RESULT: {"script":"<script> [1562 bytes]","args":[{"selector":{"id":"application-manageyards-display-component---NewYard--addressEditDetailsCostObjectCstType-arrow"},"wdio_ui5_key":"applicationmanageyards-display-component---NewYard--addressEditDetailsCostObjectCstType-arrow"}]}
RESULT: undefined
COMMAND: POST /session/3fbb5aa961da27feb6cf7ecb004886db/element - {"using":"xpath","value":"//*[@id=\"application-manageyards-display-component---NewYard--addressEditDetailsCostObjectCstType-arrow\"]"}
RESULT: {}
RESULT: {"using":"xpath","value":"//*[@id=\"application-manageyards-display-component---NewYard--addressEditDetailsCostObjectCstType-arrow\"]"}
COMMAND: POST /session/3fbb5aa961da27feb6cf7ecb004886db/element/f.0763987BF21D2E15D38664A642A1837D.d.E84700C78DD531462CE50041AD314797.e.6920/click - {}
RESULT: {}
COMMAND: POST /session/3fbb5aa961da27feb6cf7ecb004886db/element - {"using":"xpath","value":"//span[contains(text(), \"Cost Center\")]"}
COMMAND: GET /session/3fbb5aa961da27feb6cf7ecb004886db/screenshot - {}
RESULT: {"using":"xpath","value":"//span[contains(text(), \"Cost Center\")]"}
COMMAND: POST /session/3fbb5aa961da27feb6cf7ecb004886db/element/f.0763987BF21D2E15D38664A642A1837D.d.E84700C78DD531462CE50041AD314797.e.6921/click - {}
RESULT: {}
RESULT: {}
COMMAND: GET /session/3fbb5aa961da27feb6cf7ecb004886db/screenshot - {}
RESULT: {}
COMMAND: POST /session/3fbb5aa961da27feb6cf7ecb004886db/element - {"using":"xpath","value":"//span[@id=\"application-manageyards-display-component---NewYard--addressNewCostObjectCstID-vhi\"]"}
RESULT: {"using":"xpath","value":"//span[@id=\"application-manageyards-display-component---NewYard--addressNewCostObjectCstID-vhi\"]"}
COMMAND: POST /session/3fbb5aa961da27feb6cf7ecb004886db/execute/sync - {"script":"<script> [8489 bytes]","args":[{"element-6066-11e4-a52e-4f735466cecf":"f.0763987BF21D2E15D38664A642A1837D.d.E84700C78DD531462CE50041AD314797.e.6924","ELEMENT":"f.0763987BF21D2E15D38664A642A1837D.d.E84700C78DD531462CE50041AD314797.e.6924"}]}
RESULT: {"script":"<script> [8489 bytes]","args":[{"element-6066-11e4-a52e-4f735466cecf":"f.0763987BF21D2E15D38664A642A1837D.d.E84700C78DD531462CE50041AD314797.e.6924","ELEMENT":"f.0763987BF21D2E15D38664A642A1837D.d.E84700C78DD531462CE50041AD314797.e.6924"}]}
COMMAND: POST /session/3fbb5aa961da27feb6cf7ecb004886db/execute/async - {"script":"<script> [1562 bytes]","args":[{"selector":{"id":"application-manageyards-display-component---NewYard--addressNewCostObjectCstID-vhi"},"wdio_ui5_key":"applicationmanageyards-display-component---NewYard--addressNewCostObjectCstID-vhi"}]}
COMMAND: GET /session/3fbb5aa961da27feb6cf7ecb004886db/screenshot - {}
RESULT: {"script":"<script> [1562 bytes]","args":[{"selector":{"id":"application-manageyards-display-component---NewYard--addressNewCostObjectCstID-vhi"},"wdio_ui5_key":"applicationmanageyards-display-component---NewYard--addressNewCostObjectCstID-vhi"}]}
RESULT: undefined
COMMAND: POST /session/3fbb5aa961da27feb6cf7ecb004886db/element - {"using":"xpath","value":"//*[@id=\"application-manageyards-display-component---NewYard--addressNewCostObjectCstID-vhi\"]"}
RESULT: {}
RESULT: {"using":"xpath","value":"//*[@id=\"application-manageyards-display-component---NewYard--addressNewCostObjectCstID-vhi\"]"}
COMMAND: POST /session/3fbb5aa961da27feb6cf7ecb004886db/element/f.0763987BF21D2E15D38664A642A1837D.d.E84700C78DD531462CE50041AD314797.e.6924/click - {}
RESULT: {}
COMMAND: GET /session/3fbb5aa961da27feb6cf7ecb004886db/screenshot - {}
RESULT: {}
COMMAND: POST /session/3fbb5aa961da27feb6cf7ecb004886db/execute/async - {"script":"<script> [1562 bytes]","args":[{"selector":{"controlType":"sap.m.SearchField","properties":{"placeholder":"Search"},"searchOpenDialogs":true,"interaction":{"idSuffix":"I"}},"wdio_ui5_key":"sapm.SearchField{\"placeholder\":\"Search\"}"}]}
RESULT: {"script":"<script> [1562 bytes]","args":[{"selector":{"controlType":"sap.m.SearchField","properties":{"placeholder":"Search"},"searchOpenDialogs":true,"interaction":{"idSuffix":"I"}},"wdio_ui5_key":"sapm.SearchField{\"placeholder\":\"Search\"}"}]}
RESULT: undefined
COMMAND: POST /session/3fbb5aa961da27feb6cf7ecb004886db/execute/async - {"script":"<script> [776 bytes]","args":[{"enterText":"10001013","selector":{"controlType":"sap.m.SearchField","properties":{"placeholder":"Search"},"searchOpenDialogs":true,"interaction":{"idSuffix":"I"}},"clearTextFirst":true,"interactionType":"ENTER_TEXT"}]}
RESULT: {"script":"<script> [776 bytes]","args":[{"enterText":"10001013","selector":{"controlType":"sap.m.SearchField","properties":{"placeholder":"Search"},"searchOpenDialogs":true,"interaction":{"idSuffix":"I"}},"clearTextFirst":true,"interactionType":"ENTER_TEXT"}]}
COMMAND: POST /session/3fbb5aa961da27feb6cf7ecb004886db/actions - {"actions":[{"id":"action22","type":"key","parameters":{},"actions":[{"type":"keyDown","value":""},{"type":"pause","duration":10},{"type":"keyUp","value":""}]}]}
RESULT: {"actions":[{"id":"action22","type":"key","parameters":{},"actions":[{"type":"keyDown","value":""},{"type":"pause","duration":10},{"type":"keyUp","value":""}]}]}
COMMAND: GET /session/3fbb5aa961da27feb6cf7ecb004886db/screenshot - {}
RESULT: {}
COMMAND: POST /session/3fbb5aa961da27feb6cf7ecb004886db/element - {"using":"xpath","value":"//span[contains(text(), \"General Management\")]"}
RESULT: {"using":"xpath","value":"//span[contains(text(), \"General Management\")]"}
COMMAND: POST /session/3fbb5aa961da27feb6cf7ecb004886db/element/f.0763987BF21D2E15D38664A642A1837D.d.E84700C78DD531462CE50041AD314797.e.6962/click - {}
RESULT: {}
COMMAND: GET /session/3fbb5aa961da27feb6cf7ecb004886db/screenshot - {}
RESULT: {}
COMMAND: POST /session/3fbb5aa961da27feb6cf7ecb004886db/element - {"using":"xpath","value":"//bdi[contains(text(), \"OK\")]"}
RESULT: {"using":"xpath","value":"//bdi[contains(text(), \"OK\")]"}
COMMAND: POST /session/3fbb5aa961da27feb6cf7ecb004886db/element/f.0763987BF21D2E15D38664A642A1837D.d.E84700C78DD531462CE50041AD314797.e.6963/click - {}
RESULT: {}
COMMAND: GET /session/3fbb5aa961da27feb6cf7ecb004886db/screenshot - {}
RESULT: {}
COMMAND: POST /session/3fbb5aa961da27feb6cf7ecb004886db/execute/async - {"script":"<script> [1562 bytes]","args":[{"selector":{"id":"application-manageyards-display-component---NewYard--addressEditDetailsCurrency-arrow"},"wdio_ui5_key":"applicationmanageyards-display-component---NewYard--addressEditDetailsCurrency-arrow"}]}
RESULT: {"script":"<script> [1562 bytes]","args":[{"selector":{"id":"application-manageyards-display-component---NewYard--addressEditDetailsCurrency-arrow"},"wdio_ui5_key":"applicationmanageyards-display-component---NewYard--addressEditDetailsCurrency-arrow"}]}
RESULT: undefined
COMMAND: POST /session/3fbb5aa961da27feb6cf7ecb004886db/element - {"using":"xpath","value":"//*[@id=\"application-manageyards-display-component---NewYard--addressEditDetailsCurrency-arrow\"]"}
RESULT: {"using":"xpath","value":"//*[@id=\"application-manageyards-display-component---NewYard--addressEditDetailsCurrency-arrow\"]"}
COMMAND: POST /session/3fbb5aa961da27feb6cf7ecb004886db/element/f.0763987BF21D2E15D38664A642A1837D.d.E84700C78DD531462CE50041AD314797.e.6966/click - {}
RESULT: {}
COMMAND: POST /session/3fbb5aa961da27feb6cf7ecb004886db/element - {"using":"xpath","value":"//span[contains(text(), \"Euro\")]"}
COMMAND: GET /session/3fbb5aa961da27feb6cf7ecb004886db/screenshot - {}
RESULT: {"using":"xpath","value":"//span[contains(text(), \"Euro\")]"}
COMMAND: POST /session/3fbb5aa961da27feb6cf7ecb004886db/element/f.0763987BF21D2E15D38664A642A1837D.d.E84700C78DD531462CE50041AD314797.e.6967/click - {}
RESULT: {}
RESULT: {}
COMMAND: POST /session/3fbb5aa961da27feb6cf7ecb004886db/execute/async - {"script":"<script> [1562 bytes]","args":[{"selector":{"controlType":"sap.m.Input","viewName":"etm.portal.ui.manageyards.view.New","viewId":"application-manageyards-display-component---NewYard","bindingPath":{"path":"","propertyPath":"/CONTROLLING_AREA","modelName":"NewYardModel"},"interaction":{"idSuffix":"inner"}},"wdio_ui5_key":"etmportal.ui.manageyards.view.Newsap.m.Input{\"path\":\"\",\"propertyPath\":\"/CONTROLLING_AREA\",\"modelName\":\"NewYardModel\"}"}]}
COMMAND: GET /session/3fbb5aa961da27feb6cf7ecb004886db/screenshot - {}
RESULT: {"script":"<script> [1562 bytes]","args":[{"selector":{"controlType":"sap.m.Input","viewName":"etm.portal.ui.manageyards.view.New","viewId":"application-manageyards-display-component---NewYard","bindingPath":{"path":"","propertyPath":"/CONTROLLING_AREA","modelName":"NewYardModel"},"interaction":{"idSuffix":"inner"}},"wdio_ui5_key":"etmportal.ui.manageyards.view.Newsap.m.Input{\"path\":\"\",\"propertyPath\":\"/CONTROLLING_AREA\",\"modelName\":\"NewYardModel\"}"}]}
RESULT: undefined
COMMAND: POST /session/3fbb5aa961da27feb6cf7ecb004886db/execute/async - {"script":"<script> [776 bytes]","args":[{"enterText":"Z001","selector":{"controlType":"sap.m.Input","viewName":"etm.portal.ui.manageyards.view.New","viewId":"application-manageyards-display-component---NewYard","bindingPath":{"path":"","propertyPath":"/CONTROLLING_AREA","modelName":"NewYardModel"},"interaction":{"idSuffix":"inner"}},"clearTextFirst":true,"interactionType":"ENTER_TEXT"}]}
RESULT: {}
RESULT: {"script":"<script> [776 bytes]","args":[{"enterText":"Z001","selector":{"controlType":"sap.m.Input","viewName":"etm.portal.ui.manageyards.view.New","viewId":"application-manageyards-display-component---NewYard","bindingPath":{"path":"","propertyPath":"/CONTROLLING_AREA","modelName":"NewYardModel"},"interaction":{"idSuffix":"inner"}},"clearTextFirst":true,"interactionType":"ENTER_TEXT"}]}
COMMAND: POST /session/3fbb5aa961da27feb6cf7ecb004886db/execute/async - {"script":"<script> [1562 bytes]","args":[{"selector":{"id":"application-manageyards-display-component---NewYard--companyCodeComboBox","interaction":{"idSuffix":"inner"}},"wdio_ui5_key":"applicationmanageyards-display-component---NewYard--companyCodeComboBox"}]}
RESULT: {"script":"<script> [1562 bytes]","args":[{"selector":{"id":"application-manageyards-display-component---NewYard--companyCodeComboBox","interaction":{"idSuffix":"inner"}},"wdio_ui5_key":"applicationmanageyards-display-component---NewYard--companyCodeComboBox"}]}
RESULT: undefined
COMMAND: POST /session/3fbb5aa961da27feb6cf7ecb004886db/execute/async - {"script":"<script> [776 bytes]","args":[{"enterText":"1000","selector":{"id":"application-manageyards-display-component---NewYard--companyCodeComboBox","interaction":{"idSuffix":"inner"}},"clearTextFirst":true,"interactionType":"ENTER_TEXT"}]}
RESULT: {"script":"<script> [776 bytes]","args":[{"enterText":"1000","selector":{"id":"application-manageyards-display-component---NewYard--companyCodeComboBox","interaction":{"idSuffix":"inner"}},"clearTextFirst":true,"interactionType":"ENTER_TEXT"}]}
COMMAND: POST /session/3fbb5aa961da27feb6cf7ecb004886db/execute/async - {"script":"<script> [1562 bytes]","args":[{"selector":{"controlType":"sap.m.Input","viewName":"etm.portal.ui.manageyards.view.New","viewId":"application-manageyards-display-component---NewYard","bindingPath":{"path":"","propertyPath":"/PLANT","modelName":"NewYardModel"},"interaction":{"idSuffix":"inner"}},"wdio_ui5_key":"etmportal.ui.manageyards.view.Newsap.m.Input{\"path\":\"\",\"propertyPath\":\"/PLANT\",\"modelName\":\"NewYardModel\"}"}]}
RESULT: {"script":"<script> [1562 bytes]","args":[{"selector":{"controlType":"sap.m.Input","viewName":"etm.portal.ui.manageyards.view.New","viewId":"application-manageyards-display-component---NewYard","bindingPath":{"path":"","propertyPath":"/PLANT","modelName":"NewYardModel"},"interaction":{"idSuffix":"inner"}},"wdio_ui5_key":"etmportal.ui.manageyards.view.Newsap.m.Input{\"path\":\"\",\"propertyPath\":\"/PLANT\",\"modelName\":\"NewYardModel\"}"}]}
RESULT: undefined
COMMAND: POST /session/3fbb5aa961da27feb6cf7ecb004886db/execute/async - {"script":"<script> [776 bytes]","args":[{"enterText":"1001","selector":{"controlType":"sap.m.Input","viewName":"etm.portal.ui.manageyards.view.New","viewId":"application-manageyards-display-component---NewYard","bindingPath":{"path":"","propertyPath":"/PLANT","modelName":"NewYardModel"},"interaction":{"idSuffix":"inner"}},"clearTextFirst":true,"interactionType":"ENTER_TEXT"}]}
RESULT: {"script":"<script> [776 bytes]","args":[{"enterText":"1001","selector":{"controlType":"sap.m.Input","viewName":"etm.portal.ui.manageyards.view.New","viewId":"application-manageyards-display-component---NewYard","bindingPath":{"path":"","propertyPath":"/PLANT","modelName":"NewYardModel"},"interaction":{"idSuffix":"inner"}},"clearTextFirst":true,"interactionType":"ENTER_TEXT"}]}
COMMAND: POST /session/3fbb5aa961da27feb6cf7ecb004886db/execute/async - {"script":"<script> [1562 bytes]","args":[{"selector":{"controlType":"sap.m.Input","viewName":"etm.portal.ui.manageyards.view.New","viewId":"application-manageyards-display-component---NewYard","bindingPath":{"path":"","propertyPath":"/SALES_AREA_VKORG","modelName":"NewYardModel"},"interaction":{"idSuffix":"inner"}},"wdio_ui5_key":"etmportal.ui.manageyards.view.Newsap.m.Input{\"path\":\"\",\"propertyPath\":\"/SALES_AREA_VKORG\",\"modelName\":\"NewYardModel\"}"}]}
RESULT: {"script":"<script> [1562 bytes]","args":[{"selector":{"controlType":"sap.m.Input","viewName":"etm.portal.ui.manageyards.view.New","viewId":"application-manageyards-display-component---NewYard","bindingPath":{"path":"","propertyPath":"/SALES_AREA_VKORG","modelName":"NewYardModel"},"interaction":{"idSuffix":"inner"}},"wdio_ui5_key":"etmportal.ui.manageyards.view.Newsap.m.Input{\"path\":\"\",\"propertyPath\":\"/SALES_AREA_VKORG\",\"modelName\":\"NewYardModel\"}"}]}
RESULT: undefined
COMMAND: POST /session/3fbb5aa961da27feb6cf7ecb004886db/execute/async - {"script":"<script> [776 bytes]","args":[{"enterText":"C002","selector":{"controlType":"sap.m.Input","viewName":"etm.portal.ui.manageyards.view.New","viewId":"application-manageyards-display-component---NewYard","bindingPath":{"path":"","propertyPath":"/SALES_AREA_VKORG","modelName":"NewYardModel"},"interaction":{"idSuffix":"inner"}},"clearTextFirst":true,"interactionType":"ENTER_TEXT"}]}
RESULT: {"script":"<script> [776 bytes]","args":[{"enterText":"C002","selector":{"controlType":"sap.m.Input","viewName":"etm.portal.ui.manageyards.view.New","viewId":"application-manageyards-display-component---NewYard","bindingPath":{"path":"","propertyPath":"/SALES_AREA_VKORG","modelName":"NewYardModel"},"interaction":{"idSuffix":"inner"}},"clearTextFirst":true,"interactionType":"ENTER_TEXT"}]}
COMMAND: POST /session/3fbb5aa961da27feb6cf7ecb004886db/execute/async - {"script":"<script> [1562 bytes]","args":[{"selector":{"controlType":"sap.m.Input","viewName":"etm.portal.ui.manageyards.view.New","viewId":"application-manageyards-display-component---NewYard","bindingPath":{"path":"","propertyPath":"/SALES_AREA_VTWEG","modelName":"NewYardModel"},"interaction":{"idSuffix":"inner"}},"wdio_ui5_key":"etmportal.ui.manageyards.view.Newsap.m.Input{\"path\":\"\",\"propertyPath\":\"/SALES_AREA_VTWEG\",\"modelName\":\"NewYardModel\"}"}]}
RESULT: {"script":"<script> [1562 bytes]","args":[{"selector":{"controlType":"sap.m.Input","viewName":"etm.portal.ui.manageyards.view.New","viewId":"application-manageyards-display-component---NewYard","bindingPath":{"path":"","propertyPath":"/SALES_AREA_VTWEG","modelName":"NewYardModel"},"interaction":{"idSuffix":"inner"}},"wdio_ui5_key":"etmportal.ui.manageyards.view.Newsap.m.Input{\"path\":\"\",\"propertyPath\":\"/SALES_AREA_VTWEG\",\"modelName\":\"NewYardModel\"}"}]}
RESULT: undefined
COMMAND: POST /session/3fbb5aa961da27feb6cf7ecb004886db/execute/async - {"script":"<script> [776 bytes]","args":[{"enterText":"C2","selector":{"controlType":"sap.m.Input","viewName":"etm.portal.ui.manageyards.view.New","viewId":"application-manageyards-display-component---NewYard","bindingPath":{"path":"","propertyPath":"/SALES_AREA_VTWEG","modelName":"NewYardModel"},"interaction":{"idSuffix":"inner"}},"clearTextFirst":true,"interactionType":"ENTER_TEXT"}]}
RESULT: {"script":"<script> [776 bytes]","args":[{"enterText":"C2","selector":{"controlType":"sap.m.Input","viewName":"etm.portal.ui.manageyards.view.New","viewId":"application-manageyards-display-component---NewYard","bindingPath":{"path":"","propertyPath":"/SALES_AREA_VTWEG","modelName":"NewYardModel"},"interaction":{"idSuffix":"inner"}},"clearTextFirst":true,"interactionType":"ENTER_TEXT"}]}
COMMAND: POST /session/3fbb5aa961da27feb6cf7ecb004886db/execute/async - {"script":"<script> [1562 bytes]","args":[{"selector":{"controlType":"sap.m.Input","viewName":"etm.portal.ui.manageyards.view.New","viewId":"application-manageyards-display-component---NewYard","bindingPath":{"path":"","propertyPath":"/SALES_AREA_SPART","modelName":"NewYardModel"},"interaction":{"idSuffix":"inner"}},"wdio_ui5_key":"etmportal.ui.manageyards.view.Newsap.m.Input{\"path\":\"\",\"propertyPath\":\"/SALES_AREA_SPART\",\"modelName\":\"NewYardModel\"}"}]}
RESULT: {"script":"<script> [1562 bytes]","args":[{"selector":{"controlType":"sap.m.Input","viewName":"etm.portal.ui.manageyards.view.New","viewId":"application-manageyards-display-component---NewYard","bindingPath":{"path":"","propertyPath":"/SALES_AREA_SPART","modelName":"NewYardModel"},"interaction":{"idSuffix":"inner"}},"wdio_ui5_key":"etmportal.ui.manageyards.view.Newsap.m.Input{\"path\":\"\",\"propertyPath\":\"/SALES_AREA_SPART\",\"modelName\":\"NewYardModel\"}"}]}
RESULT: undefined
COMMAND: POST /session/3fbb5aa961da27feb6cf7ecb004886db/execute/async - {"script":"<script> [776 bytes]","args":[{"enterText":"C2","selector":{"controlType":"sap.m.Input","viewName":"etm.portal.ui.manageyards.view.New","viewId":"application-manageyards-display-component---NewYard","bindingPath":{"path":"","propertyPath":"/SALES_AREA_SPART","modelName":"NewYardModel"},"interaction":{"idSuffix":"inner"}},"clearTextFirst":true,"interactionType":"ENTER_TEXT"}]}
RESULT: {"script":"<script> [776 bytes]","args":[{"enterText":"C2","selector":{"controlType":"sap.m.Input","viewName":"etm.portal.ui.manageyards.view.New","viewId":"application-manageyards-display-component---NewYard","bindingPath":{"path":"","propertyPath":"/SALES_AREA_SPART","modelName":"NewYardModel"},"interaction":{"idSuffix":"inner"}},"clearTextFirst":true,"interactionType":"ENTER_TEXT"}]}
COMMAND: POST /session/3fbb5aa961da27feb6cf7ecb004886db/execute/async - {"script":"<script> [1562 bytes]","args":[{"selector":{"controlType":"sap.m.Input","viewName":"etm.portal.ui.manageyards.view.New","viewId":"application-manageyards-display-component---NewYard","bindingPath":{"path":"","propertyPath":"/SHIP_POINT","modelName":"NewYardModel"},"interaction":{"idSuffix":"inner"}},"wdio_ui5_key":"etmportal.ui.manageyards.view.Newsap.m.Input{\"path\":\"\",\"propertyPath\":\"/SHIP_POINT\",\"modelName\":\"NewYardModel\"}"}]}
RESULT: {"script":"<script> [1562 bytes]","args":[{"selector":{"controlType":"sap.m.Input","viewName":"etm.portal.ui.manageyards.view.New","viewId":"application-manageyards-display-component---NewYard","bindingPath":{"path":"","propertyPath":"/SHIP_POINT","modelName":"NewYardModel"},"interaction":{"idSuffix":"inner"}},"wdio_ui5_key":"etmportal.ui.manageyards.view.Newsap.m.Input{\"path\":\"\",\"propertyPath\":\"/SHIP_POINT\",\"modelName\":\"NewYardModel\"}"}]}
RESULT: undefined
COMMAND: POST /session/3fbb5aa961da27feb6cf7ecb004886db/execute/async - {"script":"<script> [776 bytes]","args":[{"enterText":"1710","selector":{"controlType":"sap.m.Input","viewName":"etm.portal.ui.manageyards.view.New","viewId":"application-manageyards-display-component---NewYard","bindingPath":{"path":"","propertyPath":"/SHIP_POINT","modelName":"NewYardModel"},"interaction":{"idSuffix":"inner"}},"clearTextFirst":true,"interactionType":"ENTER_TEXT"}]}
RESULT: {"script":"<script> [776 bytes]","args":[{"enterText":"1710","selector":{"controlType":"sap.m.Input","viewName":"etm.portal.ui.manageyards.view.New","viewId":"application-manageyards-display-component---NewYard","bindingPath":{"path":"","propertyPath":"/SHIP_POINT","modelName":"NewYardModel"},"interaction":{"idSuffix":"inner"}},"clearTextFirst":true,"interactionType":"ENTER_TEXT"}]}
COMMAND: POST /session/3fbb5aa961da27feb6cf7ecb004886db/execute/async - {"script":"<script> [1562 bytes]","args":[{"selector":{"controlType":"sap.m.Input","viewName":"etm.portal.ui.manageyards.view.New","viewId":"application-manageyards-display-component---NewYard","bindingPath":{"path":"","propertyPath":"/DELIVERY_TYPE","modelName":"NewYardModel"},"interaction":{"idSuffix":"inner"}},"wdio_ui5_key":"etmportal.ui.manageyards.view.Newsap.m.Input{\"path\":\"\",\"propertyPath\":\"/DELIVERY_TYPE\",\"modelName\":\"NewYardModel\"}"}]}
RESULT: {"script":"<script> [1562 bytes]","args":[{"selector":{"controlType":"sap.m.Input","viewName":"etm.portal.ui.manageyards.view.New","viewId":"application-manageyards-display-component---NewYard","bindingPath":{"path":"","propertyPath":"/DELIVERY_TYPE","modelName":"NewYardModel"},"interaction":{"idSuffix":"inner"}},"wdio_ui5_key":"etmportal.ui.manageyards.view.Newsap.m.Input{\"path\":\"\",\"propertyPath\":\"/DELIVERY_TYPE\",\"modelName\":\"NewYardModel\"}"}]}
RESULT: undefined
COMMAND: POST /session/3fbb5aa961da27feb6cf7ecb004886db/execute/async - {"script":"<script> [776 bytes]","args":[{"enterText":"ZL01","selector":{"controlType":"sap.m.Input","viewName":"etm.portal.ui.manageyards.view.New","viewId":"application-manageyards-display-component---NewYard","bindingPath":{"path":"","propertyPath":"/DELIVERY_TYPE","modelName":"NewYardModel"},"interaction":{"idSuffix":"inner"}},"clearTextFirst":true,"interactionType":"ENTER_TEXT"}]}
RESULT: {"script":"<script> [776 bytes]","args":[{"enterText":"ZL01","selector":{"controlType":"sap.m.Input","viewName":"etm.portal.ui.manageyards.view.New","viewId":"application-manageyards-display-component---NewYard","bindingPath":{"path":"","propertyPath":"/DELIVERY_TYPE","modelName":"NewYardModel"},"interaction":{"idSuffix":"inner"}},"clearTextFirst":true,"interactionType":"ENTER_TEXT"}]}
COMMAND: POST /session/3fbb5aa961da27feb6cf7ecb004886db/execute/async - {"script":"<script> [1562 bytes]","args":[{"selector":{"controlType":"sap.m.Input","viewName":"etm.portal.ui.manageyards.view.New","viewId":"application-manageyards-display-component---NewYard","bindingPath":{"path":"","propertyPath":"/AUART","modelName":"NewYardModel"},"interaction":{"idSuffix":"inner"}},"wdio_ui5_key":"etmportal.ui.manageyards.view.Newsap.m.Input{\"path\":\"\",\"propertyPath\":\"/AUART\",\"modelName\":\"NewYardModel\"}"}]}
RESULT: {"script":"<script> [1562 bytes]","args":[{"selector":{"controlType":"sap.m.Input","viewName":"etm.portal.ui.manageyards.view.New","viewId":"application-manageyards-display-component---NewYard","bindingPath":{"path":"","propertyPath":"/AUART","modelName":"NewYardModel"},"interaction":{"idSuffix":"inner"}},"wdio_ui5_key":"etmportal.ui.manageyards.view.Newsap.m.Input{\"path\":\"\",\"propertyPath\":\"/AUART\",\"modelName\":\"NewYardModel\"}"}]}
RESULT: undefined
COMMAND: POST /session/3fbb5aa961da27feb6cf7ecb004886db/execute/async - {"script":"<script> [776 bytes]","args":[{"enterText":"TA","selector":{"controlType":"sap.m.Input","viewName":"etm.portal.ui.manageyards.view.New","viewId":"application-manageyards-display-component---NewYard","bindingPath":{"path":"","propertyPath":"/AUART","modelName":"NewYardModel"},"interaction":{"idSuffix":"inner"}},"clearTextFirst":true,"interactionType":"ENTER_TEXT"}]}
RESULT: {"script":"<script> [776 bytes]","args":[{"enterText":"TA","selector":{"controlType":"sap.m.Input","viewName":"etm.portal.ui.manageyards.view.New","viewId":"application-manageyards-display-component---NewYard","bindingPath":{"path":"","propertyPath":"/AUART","modelName":"NewYardModel"},"interaction":{"idSuffix":"inner"}},"clearTextFirst":true,"interactionType":"ENTER_TEXT"}]}
COMMAND: POST /session/3fbb5aa961da27feb6cf7ecb004886db/element - {"using":"xpath","value":"//button[@data-kt=\"newYardSaveButton\"]"}
RESULT: {"using":"xpath","value":"//button[@data-kt=\"newYardSaveButton\"]"}
COMMAND: POST /session/3fbb5aa961da27feb6cf7ecb004886db/element/f.0763987BF21D2E15D38664A642A1837D.d.E84700C78DD531462CE50041AD314797.e.6897/click - {}
RESULT: {}
COMMAND: GET /session/3fbb5aa961da27feb6cf7ecb004886db/screenshot - {}
RESULT: {}
COMMAND: POST /session/3fbb5aa961da27feb6cf7ecb004886db/element - {"using":"xpath","value":"//header[contains(@id, 'ObjectPageLayout-headerTitle')]/div[1]/div[2]/div[1]/span[1]"}
RESULT: {"using":"xpath","value":"//header[contains(@id, 'ObjectPageLayout-headerTitle')]/div[1]/div[2]/div[1]/span[1]"}
COMMAND: POST /session/3fbb5aa961da27feb6cf7ecb004886db/elements - {"using":"xpath","value":"//header[contains(@id, 'ObjectPageLayout-headerTitle')]/div[1]/div[2]/div[1]/span[1]"}
RESULT: {"using":"xpath","value":"//header[contains(@id, 'ObjectPageLayout-headerTitle')]/div[1]/div[2]/div[1]/span[1]"}
COMMAND: POST /session/3fbb5aa961da27feb6cf7ecb004886db/execute/sync - {"script":"<script> [56 bytes]","args":[{"element-6066-11e4-a52e-4f735466cecf":"f.0763987BF21D2E15D38664A642A1837D.d.E84700C78DD531462CE50041AD314797.e.7191","ELEMENT":"f.0763987BF21D2E15D38664A642A1837D.d.E84700C78DD531462CE50041AD314797.e.7191"}]}
RESULT: {"script":"<script> [56 bytes]","args":[{"element-6066-11e4-a52e-4f735466cecf":"f.0763987BF21D2E15D38664A642A1837D.d.E84700C78DD531462CE50041AD314797.e.7191","ELEMENT":"f.0763987BF21D2E15D38664A642A1837D.d.E84700C78DD531462CE50041AD314797.e.7191"}]}
COMMAND: GET /session/3fbb5aa961da27feb6cf7ecb004886db/screenshot - {}
RESULT: {}
COMMAND: POST /session/3fbb5aa961da27feb6cf7ecb004886db/element - {"using":"css selector","value":"#shell-header-logo"}
RESULT: {"using":"css selector","value":"#shell-header-logo"}
COMMAND: POST /session/3fbb5aa961da27feb6cf7ecb004886db/element/f.0763987BF21D2E15D38664A642A1837D.d.E84700C78DD531462CE50041AD314797.e.6457/click - {}
RESULT: {}
COMMAND: GET /session/3fbb5aa961da27feb6cf7ecb004886db/screenshot - {}
RESULT: {}
COMMAND: POST /session/3fbb5aa961da27feb6cf7ecb004886db/execute/sync - {"script":"<script> [299 bytes]","args":[["getModel","getResource"]]}
RESULT: {"script":"<script> [299 bytes]","args":[["getModel","getResource"]]}
]]></system-out>
    </testcase>
    <testcase classname="chrome.135_0_7049_42.windows.Billing_Transfer_-_Intracompany_US127249" name="Should create a new partner" time="135.221">
      <system-out><![CDATA[
COMMAND: GET /session/3fbb5aa961da27feb6cf7ecb004886db/screenshot - {}
COMMAND: POST /session/3fbb5aa961da27feb6cf7ecb004886db/window/fullscreen - {}
RESULT: {}
RESULT: {}
COMMAND: POST /session/3fbb5aa961da27feb6cf7ecb004886db/execute/async - {"script":"<script> [1562 bytes]","args":[{"selector":{"controlType":"sap.m.GenericTile","properties":{"header":"Manage Partners"}},"wdio_ui5_key":"sapm.GenericTile{\"header\":\"Manage Partners\"}"}]}
RESULT: {"script":"<script> [1562 bytes]","args":[{"selector":{"controlType":"sap.m.GenericTile","properties":{"header":"Manage Partners"}},"wdio_ui5_key":"sapm.GenericTile{\"header\":\"Manage Partners\"}"}]}
RESULT: undefined
COMMAND: POST /session/3fbb5aa961da27feb6cf7ecb004886db/element - {"using":"xpath","value":"//*[@id=\"__tile38\"]"}
RESULT: {"using":"xpath","value":"//*[@id=\"__tile38\"]"}
COMMAND: POST /session/3fbb5aa961da27feb6cf7ecb004886db/element/f.0763987BF21D2E15D38664A642A1837D.d.E84700C78DD531462CE50041AD314797.e.6345/click - {}
RESULT: {}
COMMAND: POST /session/3fbb5aa961da27feb6cf7ecb004886db/element - {"using":"xpath","value":"//button[@data-kt=\"addButton\"]"}
COMMAND: GET /session/3fbb5aa961da27feb6cf7ecb004886db/screenshot - {}
RESULT: {"using":"xpath","value":"//button[@data-kt=\"addButton\"]"}
COMMAND: POST /session/3fbb5aa961da27feb6cf7ecb004886db/elements - {"using":"xpath","value":"//button[@data-kt=\"addButton\"]"}
RESULT: {}
RESULT: {"using":"xpath","value":"//button[@data-kt=\"addButton\"]"}
COMMAND: POST /session/3fbb5aa961da27feb6cf7ecb004886db/elements - {"using":"xpath","value":"//button[@data-kt=\"addButton\"]"}
RESULT: {"using":"xpath","value":"//button[@data-kt=\"addButton\"]"}
COMMAND: POST /session/3fbb5aa961da27feb6cf7ecb004886db/elements - {"using":"xpath","value":"//button[@data-kt=\"addButton\"]"}
RESULT: {"using":"xpath","value":"//button[@data-kt=\"addButton\"]"}
COMMAND: POST /session/3fbb5aa961da27feb6cf7ecb004886db/elements - {"using":"xpath","value":"//button[@data-kt=\"addButton\"]"}
RESULT: {"using":"xpath","value":"//button[@data-kt=\"addButton\"]"}
COMMAND: POST /session/3fbb5aa961da27feb6cf7ecb004886db/elements - {"using":"xpath","value":"//button[@data-kt=\"addButton\"]"}
RESULT: {"using":"xpath","value":"//button[@data-kt=\"addButton\"]"}
COMMAND: POST /session/3fbb5aa961da27feb6cf7ecb004886db/elements - {"using":"xpath","value":"//button[@data-kt=\"addButton\"]"}
RESULT: {"using":"xpath","value":"//button[@data-kt=\"addButton\"]"}
COMMAND: POST /session/3fbb5aa961da27feb6cf7ecb004886db/elements - {"using":"xpath","value":"//button[@data-kt=\"addButton\"]"}
RESULT: {"using":"xpath","value":"//button[@data-kt=\"addButton\"]"}
COMMAND: POST /session/3fbb5aa961da27feb6cf7ecb004886db/elements - {"using":"xpath","value":"//button[@data-kt=\"addButton\"]"}
RESULT: {"using":"xpath","value":"//button[@data-kt=\"addButton\"]"}
COMMAND: POST /session/3fbb5aa961da27feb6cf7ecb004886db/elements - {"using":"xpath","value":"//button[@data-kt=\"addButton\"]"}
RESULT: {"using":"xpath","value":"//button[@data-kt=\"addButton\"]"}
COMMAND: POST /session/3fbb5aa961da27feb6cf7ecb004886db/elements - {"using":"xpath","value":"//button[@data-kt=\"addButton\"]"}
RESULT: {"using":"xpath","value":"//button[@data-kt=\"addButton\"]"}
COMMAND: POST /session/3fbb5aa961da27feb6cf7ecb004886db/elements - {"using":"xpath","value":"//button[@data-kt=\"addButton\"]"}
RESULT: {"using":"xpath","value":"//button[@data-kt=\"addButton\"]"}
COMMAND: POST /session/3fbb5aa961da27feb6cf7ecb004886db/elements - {"using":"xpath","value":"//button[@data-kt=\"addButton\"]"}
RESULT: {"using":"xpath","value":"//button[@data-kt=\"addButton\"]"}
COMMAND: POST /session/3fbb5aa961da27feb6cf7ecb004886db/element - {"using":"xpath","value":"//button[@data-kt=\"addButton\"]"}
RESULT: {"using":"xpath","value":"//button[@data-kt=\"addButton\"]"}
COMMAND: POST /session/3fbb5aa961da27feb6cf7ecb004886db/execute/sync - {"script":"<script> [8489 bytes]","args":[{"element-6066-11e4-a52e-4f735466cecf":"f.0763987BF21D2E15D38664A642A1837D.d.E84700C78DD531462CE50041AD314797.e.7238","ELEMENT":"f.0763987BF21D2E15D38664A642A1837D.d.E84700C78DD531462CE50041AD314797.e.7238"}]}
RESULT: {"script":"<script> [8489 bytes]","args":[{"element-6066-11e4-a52e-4f735466cecf":"f.0763987BF21D2E15D38664A642A1837D.d.E84700C78DD531462CE50041AD314797.e.7238","ELEMENT":"f.0763987BF21D2E15D38664A642A1837D.d.E84700C78DD531462CE50041AD314797.e.7238"}]}
COMMAND: GET /session/3fbb5aa961da27feb6cf7ecb004886db/element/f.0763987BF21D2E15D38664A642A1837D.d.E84700C78DD531462CE50041AD314797.e.7238/enabled - {}
COMMAND: GET /session/3fbb5aa961da27feb6cf7ecb004886db/screenshot - {}
RESULT: {}
COMMAND: POST /session/3fbb5aa961da27feb6cf7ecb004886db/execute/sync - {"script":"<script> [8489 bytes]","args":[{"element-6066-11e4-a52e-4f735466cecf":"f.0763987BF21D2E15D38664A642A1837D.d.E84700C78DD531462CE50041AD314797.e.7238","ELEMENT":"f.0763987BF21D2E15D38664A642A1837D.d.E84700C78DD531462CE50041AD314797.e.7238"}]}
COMMAND: GET /session/3fbb5aa961da27feb6cf7ecb004886db/screenshot - {}
RESULT: {}
RESULT: {"script":"<script> [8489 bytes]","args":[{"element-6066-11e4-a52e-4f735466cecf":"f.0763987BF21D2E15D38664A642A1837D.d.E84700C78DD531462CE50041AD314797.e.7238","ELEMENT":"f.0763987BF21D2E15D38664A642A1837D.d.E84700C78DD531462CE50041AD314797.e.7238"}]}
COMMAND: POST /session/3fbb5aa961da27feb6cf7ecb004886db/execute/sync - {"script":"<script> [5351 bytes]","args":[{"element-6066-11e4-a52e-4f735466cecf":"f.0763987BF21D2E15D38664A642A1837D.d.E84700C78DD531462CE50041AD314797.e.7238","ELEMENT":"f.0763987BF21D2E15D38664A642A1837D.d.E84700C78DD531462CE50041AD314797.e.7238"}]}
COMMAND: GET /session/3fbb5aa961da27feb6cf7ecb004886db/screenshot - {}
RESULT: {}
RESULT: {"script":"<script> [5351 bytes]","args":[{"element-6066-11e4-a52e-4f735466cecf":"f.0763987BF21D2E15D38664A642A1837D.d.E84700C78DD531462CE50041AD314797.e.7238","ELEMENT":"f.0763987BF21D2E15D38664A642A1837D.d.E84700C78DD531462CE50041AD314797.e.7238"}]}
COMMAND: POST /session/3fbb5aa961da27feb6cf7ecb004886db/element/f.0763987BF21D2E15D38664A642A1837D.d.E84700C78DD531462CE50041AD314797.e.7238/click - {}
COMMAND: GET /session/3fbb5aa961da27feb6cf7ecb004886db/screenshot - {}
RESULT: {}
RESULT: {}
COMMAND: GET /session/3fbb5aa961da27feb6cf7ecb004886db/screenshot - {}
COMMAND: POST /session/3fbb5aa961da27feb6cf7ecb004886db/execute/async - {"script":"<script> [1562 bytes]","args":[{"selector":{"id":"application-managepartners-display-component---NewPartner--addressDetailDetailsName1","interaction":{"idSuffix":"inner"}},"wdio_ui5_key":"applicationmanagepartners-display-component---NewPartner--addressDetailDetailsName1"}]}
RESULT: {}
RESULT: {}
RESULT: {"script":"<script> [1562 bytes]","args":[{"selector":{"id":"application-managepartners-display-component---NewPartner--addressDetailDetailsName1","interaction":{"idSuffix":"inner"}},"wdio_ui5_key":"applicationmanagepartners-display-component---NewPartner--addressDetailDetailsName1"}]}
RESULT: undefined
COMMAND: POST /session/3fbb5aa961da27feb6cf7ecb004886db/execute/async - {"script":"<script> [776 bytes]","args":[{"enterText":"Intracompany Partner WDIO","selector":{"id":"application-managepartners-display-component---NewPartner--addressDetailDetailsName1","interaction":{"idSuffix":"inner"}},"clearTextFirst":true,"interactionType":"ENTER_TEXT"}]}
RESULT: {"script":"<script> [776 bytes]","args":[{"enterText":"Intracompany Partner WDIO","selector":{"id":"application-managepartners-display-component---NewPartner--addressDetailDetailsName1","interaction":{"idSuffix":"inner"}},"clearTextFirst":true,"interactionType":"ENTER_TEXT"}]}
COMMAND: POST /session/3fbb5aa961da27feb6cf7ecb004886db/execute/async - {"script":"<script> [1562 bytes]","args":[{"selector":{"id":"application-managepartners-display-component---NewPartner--addressDetailDetailsLanguage-arrow"},"wdio_ui5_key":"applicationmanagepartners-display-component---NewPartner--addressDetailDetailsLanguage-arrow"}]}
RESULT: {"script":"<script> [1562 bytes]","args":[{"selector":{"id":"application-managepartners-display-component---NewPartner--addressDetailDetailsLanguage-arrow"},"wdio_ui5_key":"applicationmanagepartners-display-component---NewPartner--addressDetailDetailsLanguage-arrow"}]}
RESULT: undefined
COMMAND: POST /session/3fbb5aa961da27feb6cf7ecb004886db/element - {"using":"xpath","value":"//*[@id=\"application-managepartners-display-component---NewPartner--addressDetailDetailsLanguage-arrow\"]"}
RESULT: {"using":"xpath","value":"//*[@id=\"application-managepartners-display-component---NewPartner--addressDetailDetailsLanguage-arrow\"]"}
COMMAND: POST /session/3fbb5aa961da27feb6cf7ecb004886db/element/f.0763987BF21D2E15D38664A642A1837D.d.E84700C78DD531462CE50041AD314797.e.7650/click - {}
RESULT: {}
COMMAND: POST /session/3fbb5aa961da27feb6cf7ecb004886db/element - {"using":"xpath","value":"//span[contains(text(), \"English\")]"}
COMMAND: GET /session/3fbb5aa961da27feb6cf7ecb004886db/screenshot - {}
RESULT: {"using":"xpath","value":"//span[contains(text(), \"English\")]"}
COMMAND: POST /session/3fbb5aa961da27feb6cf7ecb004886db/element/f.0763987BF21D2E15D38664A642A1837D.d.E84700C78DD531462CE50041AD314797.e.7651/click - {}
RESULT: {}
RESULT: {}
COMMAND: GET /session/3fbb5aa961da27feb6cf7ecb004886db/screenshot - {}
RESULT: {}
COMMAND: POST /session/3fbb5aa961da27feb6cf7ecb004886db/execute/async - {"script":"<script> [1562 bytes]","args":[{"selector":{"id":"application-managepartners-display-component---NewPartner--addressDetailDetailsCity1","interaction":{"idSuffix":"inner"}},"wdio_ui5_key":"applicationmanagepartners-display-component---NewPartner--addressDetailDetailsCity1"}]}
RESULT: {"script":"<script> [1562 bytes]","args":[{"selector":{"id":"application-managepartners-display-component---NewPartner--addressDetailDetailsCity1","interaction":{"idSuffix":"inner"}},"wdio_ui5_key":"applicationmanagepartners-display-component---NewPartner--addressDetailDetailsCity1"}]}
RESULT: undefined
COMMAND: POST /session/3fbb5aa961da27feb6cf7ecb004886db/execute/async - {"script":"<script> [776 bytes]","args":[{"enterText":"Rosario","selector":{"id":"application-managepartners-display-component---NewPartner--addressDetailDetailsCity1","interaction":{"idSuffix":"inner"}},"clearTextFirst":true,"interactionType":"ENTER_TEXT"}]}
RESULT: {"script":"<script> [776 bytes]","args":[{"enterText":"Rosario","selector":{"id":"application-managepartners-display-component---NewPartner--addressDetailDetailsCity1","interaction":{"idSuffix":"inner"}},"clearTextFirst":true,"interactionType":"ENTER_TEXT"}]}
COMMAND: POST /session/3fbb5aa961da27feb6cf7ecb004886db/execute/async - {"script":"<script> [1562 bytes]","args":[{"selector":{"id":"application-managepartners-display-component---NewPartner--addressDetailDetailsCountry-arrow"},"wdio_ui5_key":"applicationmanagepartners-display-component---NewPartner--addressDetailDetailsCountry-arrow"}]}
RESULT: {"script":"<script> [1562 bytes]","args":[{"selector":{"id":"application-managepartners-display-component---NewPartner--addressDetailDetailsCountry-arrow"},"wdio_ui5_key":"applicationmanagepartners-display-component---NewPartner--addressDetailDetailsCountry-arrow"}]}
RESULT: undefined
COMMAND: POST /session/3fbb5aa961da27feb6cf7ecb004886db/element - {"using":"xpath","value":"//*[@id=\"application-managepartners-display-component---NewPartner--addressDetailDetailsCountry-arrow\"]"}
RESULT: {"using":"xpath","value":"//*[@id=\"application-managepartners-display-component---NewPartner--addressDetailDetailsCountry-arrow\"]"}
COMMAND: POST /session/3fbb5aa961da27feb6cf7ecb004886db/element/f.0763987BF21D2E15D38664A642A1837D.d.E84700C78DD531462CE50041AD314797.e.7448/click - {}
RESULT: {}
COMMAND: POST /session/3fbb5aa961da27feb6cf7ecb004886db/element - {"using":"xpath","value":"//span[contains(text(), \"Argentina\")]"}
COMMAND: GET /session/3fbb5aa961da27feb6cf7ecb004886db/screenshot - {}
RESULT: {"using":"xpath","value":"//span[contains(text(), \"Argentina\")]"}
COMMAND: POST /session/3fbb5aa961da27feb6cf7ecb004886db/element/f.0763987BF21D2E15D38664A642A1837D.d.E84700C78DD531462CE50041AD314797.e.7653/click - {}
RESULT: {}
RESULT: {}
COMMAND: GET /session/3fbb5aa961da27feb6cf7ecb004886db/screenshot - {}
RESULT: {}
COMMAND: POST /session/3fbb5aa961da27feb6cf7ecb004886db/element - {"using":"xpath","value":"//bdi[contains(text(), \"Commercial\")]"}
RESULT: {"using":"xpath","value":"//bdi[contains(text(), \"Commercial\")]"}
COMMAND: POST /session/3fbb5aa961da27feb6cf7ecb004886db/element/f.0763987BF21D2E15D38664A642A1837D.d.E84700C78DD531462CE50041AD314797.e.7654/click - {}
RESULT: {}
COMMAND: GET /session/3fbb5aa961da27feb6cf7ecb004886db/screenshot - {}
RESULT: {}
COMMAND: POST /session/3fbb5aa961da27feb6cf7ecb004886db/execute/async - {"script":"<script> [1562 bytes]","args":[{"selector":{"id":"application-managepartners-display-component---NewPartner--partnerDetailInternal-arrow"},"wdio_ui5_key":"applicationmanagepartners-display-component---NewPartner--partnerDetailInternal-arrow"}]}
RESULT: {"script":"<script> [1562 bytes]","args":[{"selector":{"id":"application-managepartners-display-component---NewPartner--partnerDetailInternal-arrow"},"wdio_ui5_key":"applicationmanagepartners-display-component---NewPartner--partnerDetailInternal-arrow"}]}
RESULT: undefined
COMMAND: POST /session/3fbb5aa961da27feb6cf7ecb004886db/element - {"using":"xpath","value":"//*[@id=\"application-managepartners-display-component---NewPartner--partnerDetailInternal-arrow\"]"}
RESULT: {"using":"xpath","value":"//*[@id=\"application-managepartners-display-component---NewPartner--partnerDetailInternal-arrow\"]"}
COMMAND: POST /session/3fbb5aa961da27feb6cf7ecb004886db/element/f.0763987BF21D2E15D38664A642A1837D.d.E84700C78DD531462CE50041AD314797.e.7660/click - {}
RESULT: {}
COMMAND: POST /session/3fbb5aa961da27feb6cf7ecb004886db/element - {"using":"xpath","value":"//span[contains(text(), \"Affiliated company\")]"}
COMMAND: GET /session/3fbb5aa961da27feb6cf7ecb004886db/screenshot - {}
RESULT: {"using":"xpath","value":"//span[contains(text(), \"Affiliated company\")]"}
COMMAND: POST /session/3fbb5aa961da27feb6cf7ecb004886db/element/f.0763987BF21D2E15D38664A642A1837D.d.E84700C78DD531462CE50041AD314797.e.7661/click - {}
RESULT: {}
RESULT: {}
COMMAND: POST /session/3fbb5aa961da27feb6cf7ecb004886db/execute/async - {"script":"<script> [1562 bytes]","args":[{"selector":{"id":"application-managepartners-display-component---NewPartner--partnerDetailsCurrency-arrow"},"wdio_ui5_key":"applicationmanagepartners-display-component---NewPartner--partnerDetailsCurrency-arrow"}]}
COMMAND: GET /session/3fbb5aa961da27feb6cf7ecb004886db/screenshot - {}
RESULT: {"script":"<script> [1562 bytes]","args":[{"selector":{"id":"application-managepartners-display-component---NewPartner--partnerDetailsCurrency-arrow"},"wdio_ui5_key":"applicationmanagepartners-display-component---NewPartner--partnerDetailsCurrency-arrow"}]}
RESULT: undefined
COMMAND: POST /session/3fbb5aa961da27feb6cf7ecb004886db/element - {"using":"xpath","value":"//*[@id=\"application-managepartners-display-component---NewPartner--partnerDetailsCurrency-arrow\"]"}
RESULT: {}
RESULT: {"using":"xpath","value":"//*[@id=\"application-managepartners-display-component---NewPartner--partnerDetailsCurrency-arrow\"]"}
COMMAND: POST /session/3fbb5aa961da27feb6cf7ecb004886db/element/f.0763987BF21D2E15D38664A642A1837D.d.E84700C78DD531462CE50041AD314797.e.7668/click - {}
RESULT: {}
COMMAND: POST /session/3fbb5aa961da27feb6cf7ecb004886db/element - {"using":"xpath","value":"//span[contains(text(), \"Euro\")]"}
COMMAND: GET /session/3fbb5aa961da27feb6cf7ecb004886db/screenshot - {}
RESULT: {"using":"xpath","value":"//span[contains(text(), \"Euro\")]"}
COMMAND: POST /session/3fbb5aa961da27feb6cf7ecb004886db/element/f.0763987BF21D2E15D38664A642A1837D.d.E84700C78DD531462CE50041AD314797.e.7669/click - {}
RESULT: {}
RESULT: {}
COMMAND: POST /session/3fbb5aa961da27feb6cf7ecb004886db/execute/async - {"script":"<script> [1562 bytes]","args":[{"selector":{"id":"application-managepartners-display-component---NewPartner--addressEditDetailsCostObjectCstType-arrow"},"wdio_ui5_key":"applicationmanagepartners-display-component---NewPartner--addressEditDetailsCostObjectCstType-arrow"}]}
COMMAND: GET /session/3fbb5aa961da27feb6cf7ecb004886db/screenshot - {}
RESULT: {"script":"<script> [1562 bytes]","args":[{"selector":{"id":"application-managepartners-display-component---NewPartner--addressEditDetailsCostObjectCstType-arrow"},"wdio_ui5_key":"applicationmanagepartners-display-component---NewPartner--addressEditDetailsCostObjectCstType-arrow"}]}
RESULT: undefined
COMMAND: POST /session/3fbb5aa961da27feb6cf7ecb004886db/element - {"using":"xpath","value":"//*[@id=\"application-managepartners-display-component---NewPartner--addressEditDetailsCostObjectCstType-arrow\"]"}
RESULT: {}
RESULT: {"using":"xpath","value":"//*[@id=\"application-managepartners-display-component---NewPartner--addressEditDetailsCostObjectCstType-arrow\"]"}
COMMAND: POST /session/3fbb5aa961da27feb6cf7ecb004886db/element/f.0763987BF21D2E15D38664A642A1837D.d.E84700C78DD531462CE50041AD314797.e.7670/click - {}
RESULT: {}
COMMAND: POST /session/3fbb5aa961da27feb6cf7ecb004886db/element - {"using":"xpath","value":"//span[contains(text(), \"Cost Center\")]"}
COMMAND: GET /session/3fbb5aa961da27feb6cf7ecb004886db/screenshot - {}
RESULT: {"using":"xpath","value":"//span[contains(text(), \"Cost Center\")]"}
COMMAND: POST /session/3fbb5aa961da27feb6cf7ecb004886db/element/f.0763987BF21D2E15D38664A642A1837D.d.E84700C78DD531462CE50041AD314797.e.7671/click - {}
RESULT: {}
RESULT: {}
COMMAND: GET /session/3fbb5aa961da27feb6cf7ecb004886db/screenshot - {}
RESULT: {}
COMMAND: POST /session/3fbb5aa961da27feb6cf7ecb004886db/element - {"using":"xpath","value":"//span[@id=\"application-managepartners-display-component---NewPartner--addressNewCostObjectCstID-vhi\"]"}
RESULT: {"using":"xpath","value":"//span[@id=\"application-managepartners-display-component---NewPartner--addressNewCostObjectCstID-vhi\"]"}
COMMAND: POST /session/3fbb5aa961da27feb6cf7ecb004886db/execute/sync - {"script":"<script> [8489 bytes]","args":[{"element-6066-11e4-a52e-4f735466cecf":"f.0763987BF21D2E15D38664A642A1837D.d.E84700C78DD531462CE50041AD314797.e.7674","ELEMENT":"f.0763987BF21D2E15D38664A642A1837D.d.E84700C78DD531462CE50041AD314797.e.7674"}]}
RESULT: {"script":"<script> [8489 bytes]","args":[{"element-6066-11e4-a52e-4f735466cecf":"f.0763987BF21D2E15D38664A642A1837D.d.E84700C78DD531462CE50041AD314797.e.7674","ELEMENT":"f.0763987BF21D2E15D38664A642A1837D.d.E84700C78DD531462CE50041AD314797.e.7674"}]}
COMMAND: POST /session/3fbb5aa961da27feb6cf7ecb004886db/execute/async - {"script":"<script> [1562 bytes]","args":[{"selector":{"id":"application-managepartners-display-component---NewPartner--addressNewCostObjectCstID-vhi"},"wdio_ui5_key":"applicationmanagepartners-display-component---NewPartner--addressNewCostObjectCstID-vhi"}]}
COMMAND: GET /session/3fbb5aa961da27feb6cf7ecb004886db/screenshot - {}
RESULT: {"script":"<script> [1562 bytes]","args":[{"selector":{"id":"application-managepartners-display-component---NewPartner--addressNewCostObjectCstID-vhi"},"wdio_ui5_key":"applicationmanagepartners-display-component---NewPartner--addressNewCostObjectCstID-vhi"}]}
RESULT: undefined
COMMAND: POST /session/3fbb5aa961da27feb6cf7ecb004886db/element - {"using":"xpath","value":"//*[@id=\"application-managepartners-display-component---NewPartner--addressNewCostObjectCstID-vhi\"]"}
RESULT: {}
RESULT: {"using":"xpath","value":"//*[@id=\"application-managepartners-display-component---NewPartner--addressNewCostObjectCstID-vhi\"]"}
COMMAND: POST /session/3fbb5aa961da27feb6cf7ecb004886db/element/f.0763987BF21D2E15D38664A642A1837D.d.E84700C78DD531462CE50041AD314797.e.7674/click - {}
RESULT: {}
COMMAND: GET /session/3fbb5aa961da27feb6cf7ecb004886db/screenshot - {}
RESULT: undefined
COMMAND: POST /session/3fbb5aa961da27feb6cf7ecb004886db/execute/async - {"script":"<script> [776 bytes]","args":[{"enterText":"10001013","selector":{"controlType":"sap.m.SearchField","properties":{"placeholder":"Search"},"searchOpenDialogs":true,"interaction":{"idSuffix":"I"}},"clearTextFirst":true,"interactionType":"ENTER_TEXT"}]}
RESULT: {}
RESULT: {"script":"<script> [776 bytes]","args":[{"enterText":"10001013","selector":{"controlType":"sap.m.SearchField","properties":{"placeholder":"Search"},"searchOpenDialogs":true,"interaction":{"idSuffix":"I"}},"clearTextFirst":true,"interactionType":"ENTER_TEXT"}]}
COMMAND: POST /session/3fbb5aa961da27feb6cf7ecb004886db/actions - {"actions":[{"id":"action23","type":"key","parameters":{},"actions":[{"type":"keyDown","value":""},{"type":"pause","duration":10},{"type":"keyUp","value":""}]}]}
RESULT: {"actions":[{"id":"action23","type":"key","parameters":{},"actions":[{"type":"keyDown","value":""},{"type":"pause","duration":10},{"type":"keyUp","value":""}]}]}
COMMAND: GET /session/3fbb5aa961da27feb6cf7ecb004886db/screenshot - {}
RESULT: {}
COMMAND: POST /session/3fbb5aa961da27feb6cf7ecb004886db/element - {"using":"xpath","value":"//span[contains(text(), \"General Management\")]"}
RESULT: {"using":"xpath","value":"//span[contains(text(), \"General Management\")]"}
COMMAND: POST /session/3fbb5aa961da27feb6cf7ecb004886db/element/f.0763987BF21D2E15D38664A642A1837D.d.E84700C78DD531462CE50041AD314797.e.7681/click - {}
RESULT: {}
COMMAND: GET /session/3fbb5aa961da27feb6cf7ecb004886db/screenshot - {}
RESULT: {}
COMMAND: POST /session/3fbb5aa961da27feb6cf7ecb004886db/element - {"using":"xpath","value":"//bdi[contains(text(), \"OK\")]"}
RESULT: {"using":"xpath","value":"//bdi[contains(text(), \"OK\")]"}
COMMAND: POST /session/3fbb5aa961da27feb6cf7ecb004886db/element/f.0763987BF21D2E15D38664A642A1837D.d.E84700C78DD531462CE50041AD314797.e.7683/click - {}
RESULT: {}
COMMAND: GET /session/3fbb5aa961da27feb6cf7ecb004886db/screenshot - {}
RESULT: {}
COMMAND: POST /session/3fbb5aa961da27feb6cf7ecb004886db/element - {"using":"xpath","value":"//input[@id=\"application-managepartners-display-component---NewPartner--companyCodeComboBox-inner\"]"}
RESULT: {"using":"xpath","value":"//input[@id=\"application-managepartners-display-component---NewPartner--companyCodeComboBox-inner\"]"}
COMMAND: POST /session/3fbb5aa961da27feb6cf7ecb004886db/element/f.0763987BF21D2E15D38664A642A1837D.d.E84700C78DD531462CE50041AD314797.e.7585/clear - {}
RESULT: {}
COMMAND: POST /session/3fbb5aa961da27feb6cf7ecb004886db/element/f.0763987BF21D2E15D38664A642A1837D.d.E84700C78DD531462CE50041AD314797.e.7585/value - {"text":"1000"}
COMMAND: GET /session/3fbb5aa961da27feb6cf7ecb004886db/screenshot - {}
RESULT: {"text":"1000"}
COMMAND: GET /session/3fbb5aa961da27feb6cf7ecb004886db/screenshot - {}
RESULT: {}
RESULT: {}
COMMAND: POST /session/3fbb5aa961da27feb6cf7ecb004886db/element - {"using":"xpath","value":"//span[contains(text(), \"1000\")]"}
RESULT: {"using":"xpath","value":"//span[contains(text(), \"1000\")]"}
COMMAND: POST /session/3fbb5aa961da27feb6cf7ecb004886db/element/f.0763987BF21D2E15D38664A642A1837D.d.E84700C78DD531462CE50041AD314797.e.7689/click - {}
RESULT: {}
COMMAND: GET /session/3fbb5aa961da27feb6cf7ecb004886db/screenshot - {}
RESULT: {}
COMMAND: POST /session/3fbb5aa961da27feb6cf7ecb004886db/execute/async - {"script":"<script> [1562 bytes]","args":[{"selector":{"id":"application-managepartners-display-component---NewPartner--btnAddTableRow-img"},"wdio_ui5_key":"applicationmanagepartners-display-component---NewPartner--btnAddTableRow-img"}]}
RESULT: {"script":"<script> [1562 bytes]","args":[{"selector":{"id":"application-managepartners-display-component---NewPartner--btnAddTableRow-img"},"wdio_ui5_key":"applicationmanagepartners-display-component---NewPartner--btnAddTableRow-img"}]}
RESULT: undefined
COMMAND: POST /session/3fbb5aa961da27feb6cf7ecb004886db/element - {"using":"xpath","value":"//*[@id=\"application-managepartners-display-component---NewPartner--btnAddTableRow-img\"]"}
RESULT: {"using":"xpath","value":"//*[@id=\"application-managepartners-display-component---NewPartner--btnAddTableRow-img\"]"}
COMMAND: POST /session/3fbb5aa961da27feb6cf7ecb004886db/element/f.0763987BF21D2E15D38664A642A1837D.d.E84700C78DD531462CE50041AD314797.e.7690/click - {}
RESULT: {}
COMMAND: GET /session/3fbb5aa961da27feb6cf7ecb004886db/screenshot - {}
RESULT: {}
COMMAND: POST /session/3fbb5aa961da27feb6cf7ecb004886db/element - {"using":"xpath","value":"//input[@id=\"application-managepartners-display-component---NewPartner--assignmentYard-application-managepartners-display-component---NewPartner--assignmentsTable-0-inner\"]"}
RESULT: {"using":"xpath","value":"//input[@id=\"application-managepartners-display-component---NewPartner--assignmentYard-application-managepartners-display-component---NewPartner--assignmentsTable-0-inner\"]"}
COMMAND: POST /session/3fbb5aa961da27feb6cf7ecb004886db/element/f.0763987BF21D2E15D38664A642A1837D.d.E84700C78DD531462CE50041AD314797.e.7693/clear - {}
RESULT: {}
COMMAND: POST /session/3fbb5aa961da27feb6cf7ecb004886db/element/f.0763987BF21D2E15D38664A642A1837D.d.E84700C78DD531462CE50041AD314797.e.7693/value - {"text":"478"}
COMMAND: GET /session/3fbb5aa961da27feb6cf7ecb004886db/screenshot - {}
RESULT: {"text":"478"}
COMMAND: GET /session/3fbb5aa961da27feb6cf7ecb004886db/screenshot - {}
RESULT: {}
RESULT: {}
COMMAND: POST /session/3fbb5aa961da27feb6cf7ecb004886db/element - {"using":"xpath","value":"//li[.//span[text()='478']]"}
RESULT: {"using":"xpath","value":"//li[.//span[text()='478']]"}
COMMAND: POST /session/3fbb5aa961da27feb6cf7ecb004886db/element/f.0763987BF21D2E15D38664A642A1837D.d.E84700C78DD531462CE50041AD314797.e.7702/click - {}
RESULT: {}
COMMAND: GET /session/3fbb5aa961da27feb6cf7ecb004886db/screenshot - {}
RESULT: {}
COMMAND: POST /session/3fbb5aa961da27feb6cf7ecb004886db/actions - {"actions":[{"id":"action24","type":"key","parameters":{},"actions":[{"type":"keyDown","value":""},{"type":"pause","duration":10},{"type":"keyUp","value":""}]}]}
RESULT: {"actions":[{"id":"action24","type":"key","parameters":{},"actions":[{"type":"keyDown","value":""},{"type":"pause","duration":10},{"type":"keyUp","value":""}]}]}
COMMAND: POST /session/3fbb5aa961da27feb6cf7ecb004886db/execute/async - {"script":"<script> [1562 bytes]","args":[{"selector":{"id":"application-managepartners-display-component---NewPartner--externalCustomerComboBox-application-managepartners-display-component---NewPartner--assignmentsTable-0-vhi"},"wdio_ui5_key":"applicationmanagepartners-display-component---NewPartner--externalCustomerComboBox-application-managepartners-display-component---NewPartner--assignmentsTable-0-vhi"}]}
COMMAND: GET /session/3fbb5aa961da27feb6cf7ecb004886db/screenshot - {}
RESULT: {"script":"<script> [1562 bytes]","args":[{"selector":{"id":"application-managepartners-display-component---NewPartner--externalCustomerComboBox-application-managepartners-display-component---NewPartner--assignmentsTable-0-vhi"},"wdio_ui5_key":"applicationmanagepartners-display-component---NewPartner--externalCustomerComboBox-application-managepartners-display-component---NewPartner--assignmentsTable-0-vhi"}]}
RESULT: undefined
COMMAND: POST /session/3fbb5aa961da27feb6cf7ecb004886db/element - {"using":"xpath","value":"//*[@id=\"application-managepartners-display-component---NewPartner--externalCustomerComboBox-application-managepartners-display-component---NewPartner--assignmentsTable-0-vhi\"]"}
RESULT: {}
RESULT: {"using":"xpath","value":"//*[@id=\"application-managepartners-display-component---NewPartner--externalCustomerComboBox-application-managepartners-display-component---NewPartner--assignmentsTable-0-vhi\"]"}
COMMAND: POST /session/3fbb5aa961da27feb6cf7ecb004886db/element/f.0763987BF21D2E15D38664A642A1837D.d.E84700C78DD531462CE50041AD314797.e.7706/click - {}
RESULT: {}
RESULT: undefined
COMMAND: POST /session/3fbb5aa961da27feb6cf7ecb004886db/execute/async - {"script":"<script> [776 bytes]","args":[{"enterText":"300003","selector":{"controlType":"sap.m.SearchField","properties":{"placeholder":"Search"},"searchOpenDialogs":true,"interaction":{"idSuffix":"I"}},"clearTextFirst":true,"interactionType":"ENTER_TEXT"}]}
COMMAND: GET /session/3fbb5aa961da27feb6cf7ecb004886db/screenshot - {}
RESULT: {"script":"<script> [776 bytes]","args":[{"enterText":"300003","selector":{"controlType":"sap.m.SearchField","properties":{"placeholder":"Search"},"searchOpenDialogs":true,"interaction":{"idSuffix":"I"}},"clearTextFirst":true,"interactionType":"ENTER_TEXT"}]}
COMMAND: POST /session/3fbb5aa961da27feb6cf7ecb004886db/actions - {"actions":[{"id":"action25","type":"key","parameters":{},"actions":[{"type":"keyDown","value":""},{"type":"pause","duration":10},{"type":"keyUp","value":""}]}]}
RESULT: {}
RESULT: {"actions":[{"id":"action25","type":"key","parameters":{},"actions":[{"type":"keyDown","value":""},{"type":"pause","duration":10},{"type":"keyUp","value":""}]}]}
COMMAND: GET /session/3fbb5aa961da27feb6cf7ecb004886db/screenshot - {}
RESULT: {}
COMMAND: POST /session/3fbb5aa961da27feb6cf7ecb004886db/element - {"using":"xpath","value":"//span[contains(text(), \"300003\")]"}
RESULT: {"using":"xpath","value":"//span[contains(text(), \"300003\")]"}
COMMAND: POST /session/3fbb5aa961da27feb6cf7ecb004886db/element/f.0763987BF21D2E15D38664A642A1837D.d.E84700C78DD531462CE50041AD314797.e.7725/click - {}
RESULT: {}
COMMAND: GET /session/3fbb5aa961da27feb6cf7ecb004886db/screenshot - {}
RESULT: {}
COMMAND: POST /session/3fbb5aa961da27feb6cf7ecb004886db/element - {"using":"xpath","value":"//bdi[contains(text(), \"OK\")]"}
RESULT: {"using":"xpath","value":"//bdi[contains(text(), \"OK\")]"}
COMMAND: POST /session/3fbb5aa961da27feb6cf7ecb004886db/element/f.0763987BF21D2E15D38664A642A1837D.d.E84700C78DD531462CE50041AD314797.e.7727/click - {}
RESULT: {}
COMMAND: GET /session/3fbb5aa961da27feb6cf7ecb004886db/screenshot - {}
RESULT: {}
COMMAND: POST /session/3fbb5aa961da27feb6cf7ecb004886db/execute/async - {"script":"<script> [1562 bytes]","args":[{"selector":{"id":"application-managepartners-display-component---NewPartner--intercompVendorComboBox-application-managepartners-display-component---NewPartner--assignmentsTable-0-vhi"},"wdio_ui5_key":"applicationmanagepartners-display-component---NewPartner--intercompVendorComboBox-application-managepartners-display-component---NewPartner--assignmentsTable-0-vhi"}]}
RESULT: {"script":"<script> [1562 bytes]","args":[{"selector":{"id":"application-managepartners-display-component---NewPartner--intercompVendorComboBox-application-managepartners-display-component---NewPartner--assignmentsTable-0-vhi"},"wdio_ui5_key":"applicationmanagepartners-display-component---NewPartner--intercompVendorComboBox-application-managepartners-display-component---NewPartner--assignmentsTable-0-vhi"}]}
RESULT: undefined
COMMAND: POST /session/3fbb5aa961da27feb6cf7ecb004886db/element - {"using":"xpath","value":"//*[@id=\"application-managepartners-display-component---NewPartner--intercompVendorComboBox-application-managepartners-display-component---NewPartner--assignmentsTable-0-vhi\"]"}
RESULT: {"using":"xpath","value":"//*[@id=\"application-managepartners-display-component---NewPartner--intercompVendorComboBox-application-managepartners-display-component---NewPartner--assignmentsTable-0-vhi\"]"}
COMMAND: POST /session/3fbb5aa961da27feb6cf7ecb004886db/element/f.0763987BF21D2E15D38664A642A1837D.d.E84700C78DD531462CE50041AD314797.e.7730/click - {}
RESULT: {}
RESULT: undefined
COMMAND: POST /session/3fbb5aa961da27feb6cf7ecb004886db/execute/async - {"script":"<script> [776 bytes]","args":[{"enterText":"100005","selector":{"controlType":"sap.m.SearchField","properties":{"placeholder":"Search"},"searchOpenDialogs":true,"interaction":{"idSuffix":"I"}},"clearTextFirst":true,"interactionType":"ENTER_TEXT"}]}
COMMAND: GET /session/3fbb5aa961da27feb6cf7ecb004886db/screenshot - {}
RESULT: {"script":"<script> [776 bytes]","args":[{"enterText":"100005","selector":{"controlType":"sap.m.SearchField","properties":{"placeholder":"Search"},"searchOpenDialogs":true,"interaction":{"idSuffix":"I"}},"clearTextFirst":true,"interactionType":"ENTER_TEXT"}]}
COMMAND: POST /session/3fbb5aa961da27feb6cf7ecb004886db/actions - {"actions":[{"id":"action26","type":"key","parameters":{},"actions":[{"type":"keyDown","value":""},{"type":"pause","duration":10},{"type":"keyUp","value":""}]}]}
RESULT: {}
RESULT: {"actions":[{"id":"action26","type":"key","parameters":{},"actions":[{"type":"keyDown","value":""},{"type":"pause","duration":10},{"type":"keyUp","value":""}]}]}
COMMAND: GET /session/3fbb5aa961da27feb6cf7ecb004886db/screenshot - {}
RESULT: {}
COMMAND: POST /session/3fbb5aa961da27feb6cf7ecb004886db/element - {"using":"xpath","value":"//span[contains(text(), \"Penguins - Field/12345 Berlin\")]"}
RESULT: {"using":"xpath","value":"//span[contains(text(), \"Penguins - Field/12345 Berlin\")]"}
COMMAND: POST /session/3fbb5aa961da27feb6cf7ecb004886db/element/f.0763987BF21D2E15D38664A642A1837D.d.E84700C78DD531462CE50041AD314797.e.7749/click - {}
RESULT: {}
COMMAND: GET /session/3fbb5aa961da27feb6cf7ecb004886db/screenshot - {}
RESULT: {}
COMMAND: POST /session/3fbb5aa961da27feb6cf7ecb004886db/element - {"using":"xpath","value":"//bdi[contains(text(), \"OK\")]"}
RESULT: {"using":"xpath","value":"//bdi[contains(text(), \"OK\")]"}
COMMAND: POST /session/3fbb5aa961da27feb6cf7ecb004886db/element/f.0763987BF21D2E15D38664A642A1837D.d.E84700C78DD531462CE50041AD314797.e.7750/click - {}
RESULT: {}
COMMAND: GET /session/3fbb5aa961da27feb6cf7ecb004886db/screenshot - {}
RESULT: {}
COMMAND: POST /session/3fbb5aa961da27feb6cf7ecb004886db/element - {"using":"xpath","value":"//button[@data-kt=\"saveButton\"]"}
RESULT: {"using":"xpath","value":"//button[@data-kt=\"saveButton\"]"}
COMMAND: POST /session/3fbb5aa961da27feb6cf7ecb004886db/element/f.0763987BF21D2E15D38664A642A1837D.d.E84700C78DD531462CE50041AD314797.e.7628/click - {}
RESULT: {}
COMMAND: GET /session/3fbb5aa961da27feb6cf7ecb004886db/screenshot - {}
RESULT: {}
COMMAND: POST /session/3fbb5aa961da27feb6cf7ecb004886db/element - {"using":"xpath","value":"//header[contains(@id, 'ObjectPageLayout-headerTitle')]/div[1]/div[2]/div[2]/span[1]"}
RESULT: {"using":"xpath","value":"//header[contains(@id, 'ObjectPageLayout-headerTitle')]/div[1]/div[2]/div[2]/span[1]"}
COMMAND: POST /session/3fbb5aa961da27feb6cf7ecb004886db/elements - {"using":"xpath","value":"//header[contains(@id, 'ObjectPageLayout-headerTitle')]/div[1]/div[2]/div[2]/span[1]"}
RESULT: {"using":"xpath","value":"//header[contains(@id, 'ObjectPageLayout-headerTitle')]/div[1]/div[2]/div[2]/span[1]"}
COMMAND: POST /session/3fbb5aa961da27feb6cf7ecb004886db/execute/sync - {"script":"<script> [56 bytes]","args":[{"element-6066-11e4-a52e-4f735466cecf":"f.0763987BF21D2E15D38664A642A1837D.d.E84700C78DD531462CE50041AD314797.e.7914","ELEMENT":"f.0763987BF21D2E15D38664A642A1837D.d.E84700C78DD531462CE50041AD314797.e.7914"}]}
RESULT: {"script":"<script> [56 bytes]","args":[{"element-6066-11e4-a52e-4f735466cecf":"f.0763987BF21D2E15D38664A642A1837D.d.E84700C78DD531462CE50041AD314797.e.7914","ELEMENT":"f.0763987BF21D2E15D38664A642A1837D.d.E84700C78DD531462CE50041AD314797.e.7914"}]}
COMMAND: POST /session/3fbb5aa961da27feb6cf7ecb004886db/element - {"using":"css selector","value":"#shell-header-logo"}
COMMAND: GET /session/3fbb5aa961da27feb6cf7ecb004886db/screenshot - {}
RESULT: {"using":"css selector","value":"#shell-header-logo"}
COMMAND: POST /session/3fbb5aa961da27feb6cf7ecb004886db/element/f.0763987BF21D2E15D38664A642A1837D.d.E84700C78DD531462CE50041AD314797.e.7194/click - {}
RESULT: {}
RESULT: {}
COMMAND: GET /session/3fbb5aa961da27feb6cf7ecb004886db/screenshot - {}
RESULT: {}
COMMAND: POST /session/3fbb5aa961da27feb6cf7ecb004886db/execute/sync - {"script":"<script> [299 bytes]","args":[["getModel","getResource"]]}
RESULT: {"script":"<script> [299 bytes]","args":[["getModel","getResource"]]}
]]></system-out>
    </testcase>
    <testcase classname="chrome.135_0_7049_42.windows.Billing_Transfer_-_Intracompany_US127249" name="Should create a new site" time="135.857">
      <system-out><![CDATA[
COMMAND: GET /session/3fbb5aa961da27feb6cf7ecb004886db/screenshot - {}
COMMAND: POST /session/3fbb5aa961da27feb6cf7ecb004886db/execute/async - {"script":"<script> [1562 bytes]","args":[{"selector":{"controlType":"sap.m.TileContent","bindingPath":{"path":"","propertyPath":"/properties/info"},"ancestor":{"controlType":"sap.m.GenericTile","properties":{"header":"Manage Sites"}}},"wdio_ui5_key":"sapm.TileContent{\"path\":\"\",\"propertyPath\":\"/properties/info\"}{\"controlType\":\"sap.m.GenericTile\",\"properties\":{\"header\":\"Manage Sites\"}}"}]}
RESULT: {}
RESULT: {"script":"<script> [1562 bytes]","args":[{"selector":{"controlType":"sap.m.TileContent","bindingPath":{"path":"","propertyPath":"/properties/info"},"ancestor":{"controlType":"sap.m.GenericTile","properties":{"header":"Manage Sites"}}},"wdio_ui5_key":"sapm.TileContent{\"path\":\"\",\"propertyPath\":\"/properties/info\"}{\"controlType\":\"sap.m.GenericTile\",\"properties\":{\"header\":\"Manage Sites\"}}"}]}
RESULT: undefined
COMMAND: POST /session/3fbb5aa961da27feb6cf7ecb004886db/element - {"using":"xpath","value":"//*[@id=\"__xmlview7--numericTileContent\"]"}
RESULT: {"using":"xpath","value":"//*[@id=\"__xmlview7--numericTileContent\"]"}
COMMAND: POST /session/3fbb5aa961da27feb6cf7ecb004886db/element/f.0763987BF21D2E15D38664A642A1837D.d.E84700C78DD531462CE50041AD314797.e.7916/click - {}
RESULT: {}
COMMAND: POST /session/3fbb5aa961da27feb6cf7ecb004886db/element - {"using":"xpath","value":"//button[@data-kt=\"addOverflowToolbarButton\"]"}
COMMAND: GET /session/3fbb5aa961da27feb6cf7ecb004886db/screenshot - {}
RESULT: {"using":"xpath","value":"//button[@data-kt=\"addOverflowToolbarButton\"]"}
COMMAND: POST /session/3fbb5aa961da27feb6cf7ecb004886db/elements - {"using":"xpath","value":"//button[@data-kt=\"addOverflowToolbarButton\"]"}
RESULT: {}
RESULT: {"using":"xpath","value":"//button[@data-kt=\"addOverflowToolbarButton\"]"}
COMMAND: POST /session/3fbb5aa961da27feb6cf7ecb004886db/elements - {"using":"xpath","value":"//button[@data-kt=\"addOverflowToolbarButton\"]"}
RESULT: {"using":"xpath","value":"//button[@data-kt=\"addOverflowToolbarButton\"]"}
COMMAND: POST /session/3fbb5aa961da27feb6cf7ecb004886db/element - {"using":"xpath","value":"//button[@data-kt=\"addOverflowToolbarButton\"]"}
RESULT: {"using":"xpath","value":"//button[@data-kt=\"addOverflowToolbarButton\"]"}
COMMAND: POST /session/3fbb5aa961da27feb6cf7ecb004886db/execute/sync - {"script":"<script> [8489 bytes]","args":[{"element-6066-11e4-a52e-4f735466cecf":"f.0763987BF21D2E15D38664A642A1837D.d.E84700C78DD531462CE50041AD314797.e.7962","ELEMENT":"f.0763987BF21D2E15D38664A642A1837D.d.E84700C78DD531462CE50041AD314797.e.7962"}]}
RESULT: {"script":"<script> [8489 bytes]","args":[{"element-6066-11e4-a52e-4f735466cecf":"f.0763987BF21D2E15D38664A642A1837D.d.E84700C78DD531462CE50041AD314797.e.7962","ELEMENT":"f.0763987BF21D2E15D38664A642A1837D.d.E84700C78DD531462CE50041AD314797.e.7962"}]}
COMMAND: GET /session/3fbb5aa961da27feb6cf7ecb004886db/element/f.0763987BF21D2E15D38664A642A1837D.d.E84700C78DD531462CE50041AD314797.e.7962/enabled - {}
COMMAND: GET /session/3fbb5aa961da27feb6cf7ecb004886db/screenshot - {}
RESULT: {}
COMMAND: POST /session/3fbb5aa961da27feb6cf7ecb004886db/execute/sync - {"script":"<script> [8489 bytes]","args":[{"element-6066-11e4-a52e-4f735466cecf":"f.0763987BF21D2E15D38664A642A1837D.d.E84700C78DD531462CE50041AD314797.e.7962","ELEMENT":"f.0763987BF21D2E15D38664A642A1837D.d.E84700C78DD531462CE50041AD314797.e.7962"}]}
COMMAND: GET /session/3fbb5aa961da27feb6cf7ecb004886db/screenshot - {}
RESULT: {}
RESULT: {"script":"<script> [8489 bytes]","args":[{"element-6066-11e4-a52e-4f735466cecf":"f.0763987BF21D2E15D38664A642A1837D.d.E84700C78DD531462CE50041AD314797.e.7962","ELEMENT":"f.0763987BF21D2E15D38664A642A1837D.d.E84700C78DD531462CE50041AD314797.e.7962"}]}
COMMAND: POST /session/3fbb5aa961da27feb6cf7ecb004886db/execute/sync - {"script":"<script> [5351 bytes]","args":[{"element-6066-11e4-a52e-4f735466cecf":"f.0763987BF21D2E15D38664A642A1837D.d.E84700C78DD531462CE50041AD314797.e.7962","ELEMENT":"f.0763987BF21D2E15D38664A642A1837D.d.E84700C78DD531462CE50041AD314797.e.7962"}]}
COMMAND: GET /session/3fbb5aa961da27feb6cf7ecb004886db/screenshot - {}
RESULT: {}
RESULT: {"script":"<script> [5351 bytes]","args":[{"element-6066-11e4-a52e-4f735466cecf":"f.0763987BF21D2E15D38664A642A1837D.d.E84700C78DD531462CE50041AD314797.e.7962","ELEMENT":"f.0763987BF21D2E15D38664A642A1837D.d.E84700C78DD531462CE50041AD314797.e.7962"}]}
COMMAND: POST /session/3fbb5aa961da27feb6cf7ecb004886db/element/f.0763987BF21D2E15D38664A642A1837D.d.E84700C78DD531462CE50041AD314797.e.7962/click - {}
COMMAND: GET /session/3fbb5aa961da27feb6cf7ecb004886db/screenshot - {}
RESULT: {}
RESULT: {}
COMMAND: GET /session/3fbb5aa961da27feb6cf7ecb004886db/screenshot - {}
COMMAND: POST /session/3fbb5aa961da27feb6cf7ecb004886db/execute/async - {"script":"<script> [1562 bytes]","args":[{"selector":{"id":"application-managesites-display-component---NewSite--addressDetailDetailsName1","interaction":{"idSuffix":"inner"}},"wdio_ui5_key":"applicationmanagesites-display-component---NewSite--addressDetailDetailsName1"}]}
RESULT: {}
RESULT: {}
RESULT: {"script":"<script> [1562 bytes]","args":[{"selector":{"id":"application-managesites-display-component---NewSite--addressDetailDetailsName1","interaction":{"idSuffix":"inner"}},"wdio_ui5_key":"applicationmanagesites-display-component---NewSite--addressDetailDetailsName1"}]}
RESULT: undefined
COMMAND: POST /session/3fbb5aa961da27feb6cf7ecb004886db/execute/async - {"script":"<script> [776 bytes]","args":[{"enterText":"Intracompany Site wdIO","selector":{"id":"application-managesites-display-component---NewSite--addressDetailDetailsName1","interaction":{"idSuffix":"inner"}},"clearTextFirst":true,"interactionType":"ENTER_TEXT"}]}
RESULT: {"script":"<script> [776 bytes]","args":[{"enterText":"Intracompany Site wdIO","selector":{"id":"application-managesites-display-component---NewSite--addressDetailDetailsName1","interaction":{"idSuffix":"inner"}},"clearTextFirst":true,"interactionType":"ENTER_TEXT"}]}
COMMAND: POST /session/3fbb5aa961da27feb6cf7ecb004886db/execute/async - {"script":"<script> [1562 bytes]","args":[{"selector":{"id":"application-managesites-display-component---NewSite--addressDetailDetailsLanguage-arrow"},"wdio_ui5_key":"applicationmanagesites-display-component---NewSite--addressDetailDetailsLanguage-arrow"}]}
RESULT: {"script":"<script> [1562 bytes]","args":[{"selector":{"id":"application-managesites-display-component---NewSite--addressDetailDetailsLanguage-arrow"},"wdio_ui5_key":"applicationmanagesites-display-component---NewSite--addressDetailDetailsLanguage-arrow"}]}
RESULT: undefined
COMMAND: POST /session/3fbb5aa961da27feb6cf7ecb004886db/element - {"using":"xpath","value":"//*[@id=\"application-managesites-display-component---NewSite--addressDetailDetailsLanguage-arrow\"]"}
RESULT: {"using":"xpath","value":"//*[@id=\"application-managesites-display-component---NewSite--addressDetailDetailsLanguage-arrow\"]"}
COMMAND: POST /session/3fbb5aa961da27feb6cf7ecb004886db/element/f.0763987BF21D2E15D38664A642A1837D.d.E84700C78DD531462CE50041AD314797.e.8344/click - {}
RESULT: {}
COMMAND: POST /session/3fbb5aa961da27feb6cf7ecb004886db/element - {"using":"xpath","value":"//span[contains(text(), \"English\")]"}
COMMAND: GET /session/3fbb5aa961da27feb6cf7ecb004886db/screenshot - {}
RESULT: {"using":"xpath","value":"//span[contains(text(), \"English\")]"}
COMMAND: POST /session/3fbb5aa961da27feb6cf7ecb004886db/element/f.0763987BF21D2E15D38664A642A1837D.d.E84700C78DD531462CE50041AD314797.e.8345/click - {}
RESULT: {}
RESULT: {}
COMMAND: POST /session/3fbb5aa961da27feb6cf7ecb004886db/execute/async - {"script":"<script> [1562 bytes]","args":[{"selector":{"id":"application-managesites-display-component---NewSite--addressDetailDetailsCity1","interaction":{"idSuffix":"inner"}},"wdio_ui5_key":"applicationmanagesites-display-component---NewSite--addressDetailDetailsCity1"}]}
COMMAND: GET /session/3fbb5aa961da27feb6cf7ecb004886db/screenshot - {}
RESULT: {"script":"<script> [1562 bytes]","args":[{"selector":{"id":"application-managesites-display-component---NewSite--addressDetailDetailsCity1","interaction":{"idSuffix":"inner"}},"wdio_ui5_key":"applicationmanagesites-display-component---NewSite--addressDetailDetailsCity1"}]}
RESULT: undefined
COMMAND: POST /session/3fbb5aa961da27feb6cf7ecb004886db/execute/async - {"script":"<script> [776 bytes]","args":[{"enterText":"Rosario","selector":{"id":"application-managesites-display-component---NewSite--addressDetailDetailsCity1","interaction":{"idSuffix":"inner"}},"clearTextFirst":true,"interactionType":"ENTER_TEXT"}]}
RESULT: {}
RESULT: {"script":"<script> [776 bytes]","args":[{"enterText":"Rosario","selector":{"id":"application-managesites-display-component---NewSite--addressDetailDetailsCity1","interaction":{"idSuffix":"inner"}},"clearTextFirst":true,"interactionType":"ENTER_TEXT"}]}
COMMAND: POST /session/3fbb5aa961da27feb6cf7ecb004886db/execute/async - {"script":"<script> [1562 bytes]","args":[{"selector":{"id":"application-managesites-display-component---NewSite--addressDetailDetailsCountry-arrow"},"wdio_ui5_key":"applicationmanagesites-display-component---NewSite--addressDetailDetailsCountry-arrow"}]}
RESULT: {"script":"<script> [1562 bytes]","args":[{"selector":{"id":"application-managesites-display-component---NewSite--addressDetailDetailsCountry-arrow"},"wdio_ui5_key":"applicationmanagesites-display-component---NewSite--addressDetailDetailsCountry-arrow"}]}
RESULT: undefined
COMMAND: POST /session/3fbb5aa961da27feb6cf7ecb004886db/element - {"using":"xpath","value":"//*[@id=\"application-managesites-display-component---NewSite--addressDetailDetailsCountry-arrow\"]"}
RESULT: {"using":"xpath","value":"//*[@id=\"application-managesites-display-component---NewSite--addressDetailDetailsCountry-arrow\"]"}
COMMAND: POST /session/3fbb5aa961da27feb6cf7ecb004886db/element/f.0763987BF21D2E15D38664A642A1837D.d.E84700C78DD531462CE50041AD314797.e.8347/click - {}
RESULT: {}
COMMAND: POST /session/3fbb5aa961da27feb6cf7ecb004886db/element - {"using":"xpath","value":"//span[contains(text(), \"Argentina\")]"}
COMMAND: GET /session/3fbb5aa961da27feb6cf7ecb004886db/screenshot - {}
RESULT: {"using":"xpath","value":"//span[contains(text(), \"Argentina\")]"}
COMMAND: POST /session/3fbb5aa961da27feb6cf7ecb004886db/element/f.0763987BF21D2E15D38664A642A1837D.d.E84700C78DD531462CE50041AD314797.e.8348/click - {}
RESULT: {}
RESULT: {}
COMMAND: GET /session/3fbb5aa961da27feb6cf7ecb004886db/screenshot - {}
RESULT: {}
COMMAND: POST /session/3fbb5aa961da27feb6cf7ecb004886db/execute/async - {"script":"<script> [1562 bytes]","args":[{"selector":{"id":"application-managesites-display-component---NewSite--addressEditDetailsCostObjectCstType-arrow"},"wdio_ui5_key":"applicationmanagesites-display-component---NewSite--addressEditDetailsCostObjectCstType-arrow"}]}
RESULT: {"script":"<script> [1562 bytes]","args":[{"selector":{"id":"application-managesites-display-component---NewSite--addressEditDetailsCostObjectCstType-arrow"},"wdio_ui5_key":"applicationmanagesites-display-component---NewSite--addressEditDetailsCostObjectCstType-arrow"}]}
RESULT: undefined
COMMAND: POST /session/3fbb5aa961da27feb6cf7ecb004886db/element - {"using":"xpath","value":"//*[@id=\"application-managesites-display-component---NewSite--addressEditDetailsCostObjectCstType-arrow\"]"}
RESULT: {"using":"xpath","value":"//*[@id=\"application-managesites-display-component---NewSite--addressEditDetailsCostObjectCstType-arrow\"]"}
COMMAND: POST /session/3fbb5aa961da27feb6cf7ecb004886db/element/f.0763987BF21D2E15D38664A642A1837D.d.E84700C78DD531462CE50041AD314797.e.8350/click - {}
RESULT: {}
COMMAND: POST /session/3fbb5aa961da27feb6cf7ecb004886db/element - {"using":"xpath","value":"//span[contains(text(), \"Cost Center\")]"}
COMMAND: GET /session/3fbb5aa961da27feb6cf7ecb004886db/screenshot - {}
RESULT: {"using":"xpath","value":"//span[contains(text(), \"Cost Center\")]"}
COMMAND: POST /session/3fbb5aa961da27feb6cf7ecb004886db/element/f.0763987BF21D2E15D38664A642A1837D.d.E84700C78DD531462CE50041AD314797.e.8351/click - {}
RESULT: {}
RESULT: {}
COMMAND: GET /session/3fbb5aa961da27feb6cf7ecb004886db/screenshot - {}
RESULT: {}
COMMAND: POST /session/3fbb5aa961da27feb6cf7ecb004886db/element - {"using":"xpath","value":"//span[@id=\"application-managesites-display-component---NewSite--addressNewCostObjectCstID-vhi\"]"}
RESULT: {"using":"xpath","value":"//span[@id=\"application-managesites-display-component---NewSite--addressNewCostObjectCstID-vhi\"]"}
COMMAND: POST /session/3fbb5aa961da27feb6cf7ecb004886db/execute/sync - {"script":"<script> [8489 bytes]","args":[{"element-6066-11e4-a52e-4f735466cecf":"f.0763987BF21D2E15D38664A642A1837D.d.E84700C78DD531462CE50041AD314797.e.8355","ELEMENT":"f.0763987BF21D2E15D38664A642A1837D.d.E84700C78DD531462CE50041AD314797.e.8355"}]}
RESULT: {"script":"<script> [8489 bytes]","args":[{"element-6066-11e4-a52e-4f735466cecf":"f.0763987BF21D2E15D38664A642A1837D.d.E84700C78DD531462CE50041AD314797.e.8355","ELEMENT":"f.0763987BF21D2E15D38664A642A1837D.d.E84700C78DD531462CE50041AD314797.e.8355"}]}
COMMAND: POST /session/3fbb5aa961da27feb6cf7ecb004886db/execute/async - {"script":"<script> [1562 bytes]","args":[{"selector":{"id":"application-managesites-display-component---NewSite--addressNewCostObjectCstID-vhi"},"wdio_ui5_key":"applicationmanagesites-display-component---NewSite--addressNewCostObjectCstID-vhi"}]}
COMMAND: GET /session/3fbb5aa961da27feb6cf7ecb004886db/screenshot - {}
RESULT: {"script":"<script> [1562 bytes]","args":[{"selector":{"id":"application-managesites-display-component---NewSite--addressNewCostObjectCstID-vhi"},"wdio_ui5_key":"applicationmanagesites-display-component---NewSite--addressNewCostObjectCstID-vhi"}]}
RESULT: undefined
COMMAND: POST /session/3fbb5aa961da27feb6cf7ecb004886db/element - {"using":"xpath","value":"//*[@id=\"application-managesites-display-component---NewSite--addressNewCostObjectCstID-vhi\"]"}
RESULT: {}
RESULT: {"using":"xpath","value":"//*[@id=\"application-managesites-display-component---NewSite--addressNewCostObjectCstID-vhi\"]"}
COMMAND: POST /session/3fbb5aa961da27feb6cf7ecb004886db/element/f.0763987BF21D2E15D38664A642A1837D.d.E84700C78DD531462CE50041AD314797.e.8355/click - {}
RESULT: {}
COMMAND: GET /session/3fbb5aa961da27feb6cf7ecb004886db/screenshot - {}
RESULT: {}
RESULT: undefined
COMMAND: POST /session/3fbb5aa961da27feb6cf7ecb004886db/execute/async - {"script":"<script> [776 bytes]","args":[{"enterText":"10001013","selector":{"controlType":"sap.m.SearchField","properties":{"placeholder":"Search"},"searchOpenDialogs":true,"interaction":{"idSuffix":"I"}},"clearTextFirst":true,"interactionType":"ENTER_TEXT"}]}
RESULT: {"script":"<script> [776 bytes]","args":[{"enterText":"10001013","selector":{"controlType":"sap.m.SearchField","properties":{"placeholder":"Search"},"searchOpenDialogs":true,"interaction":{"idSuffix":"I"}},"clearTextFirst":true,"interactionType":"ENTER_TEXT"}]}
COMMAND: POST /session/3fbb5aa961da27feb6cf7ecb004886db/actions - {"actions":[{"id":"action27","type":"key","parameters":{},"actions":[{"type":"keyDown","value":""},{"type":"pause","duration":10},{"type":"keyUp","value":""}]}]}
RESULT: {"actions":[{"id":"action27","type":"key","parameters":{},"actions":[{"type":"keyDown","value":""},{"type":"pause","duration":10},{"type":"keyUp","value":""}]}]}
COMMAND: GET /session/3fbb5aa961da27feb6cf7ecb004886db/screenshot - {}
RESULT: {}
COMMAND: POST /session/3fbb5aa961da27feb6cf7ecb004886db/element - {"using":"xpath","value":"//span[contains(text(), \"General Management\")]"}
RESULT: {"using":"xpath","value":"//span[contains(text(), \"General Management\")]"}
COMMAND: POST /session/3fbb5aa961da27feb6cf7ecb004886db/element/f.0763987BF21D2E15D38664A642A1837D.d.E84700C78DD531462CE50041AD314797.e.8394/click - {}
RESULT: {}
COMMAND: GET /session/3fbb5aa961da27feb6cf7ecb004886db/screenshot - {}
RESULT: {}
COMMAND: POST /session/3fbb5aa961da27feb6cf7ecb004886db/element - {"using":"xpath","value":"//bdi[contains(text(), \"OK\")]"}
RESULT: {"using":"xpath","value":"//bdi[contains(text(), \"OK\")]"}
COMMAND: POST /session/3fbb5aa961da27feb6cf7ecb004886db/element/f.0763987BF21D2E15D38664A642A1837D.d.E84700C78DD531462CE50041AD314797.e.8395/click - {}
RESULT: {}
COMMAND: GET /session/3fbb5aa961da27feb6cf7ecb004886db/screenshot - {}
RESULT: {}
COMMAND: POST /session/3fbb5aa961da27feb6cf7ecb004886db/element - {"using":"xpath","value":"//input[@id=\"application-managesites-display-component---NewSite--addressDetailDetailsCalendar-inner\"]"}
RESULT: {"using":"xpath","value":"//input[@id=\"application-managesites-display-component---NewSite--addressDetailDetailsCalendar-inner\"]"}
COMMAND: POST /session/3fbb5aa961da27feb6cf7ecb004886db/element/f.0763987BF21D2E15D38664A642A1837D.d.E84700C78DD531462CE50041AD314797.e.8184/clear - {}
RESULT: {}
COMMAND: POST /session/3fbb5aa961da27feb6cf7ecb004886db/element/f.0763987BF21D2E15D38664A642A1837D.d.E84700C78DD531462CE50041AD314797.e.8184/value - {"text":"Unit"}
COMMAND: GET /session/3fbb5aa961da27feb6cf7ecb004886db/screenshot - {}
RESULT: {"text":"Unit"}
COMMAND: GET /session/3fbb5aa961da27feb6cf7ecb004886db/screenshot - {}
RESULT: {}
RESULT: {}
COMMAND: POST /session/3fbb5aa961da27feb6cf7ecb004886db/actions - {"actions":[{"id":"action28","type":"key","parameters":{},"actions":[{"type":"keyDown","value":""},{"type":"pause","duration":10},{"type":"keyUp","value":""}]}]}
RESULT: {"actions":[{"id":"action28","type":"key","parameters":{},"actions":[{"type":"keyDown","value":""},{"type":"pause","duration":10},{"type":"keyUp","value":""}]}]}
COMMAND: POST /session/3fbb5aa961da27feb6cf7ecb004886db/element - {"using":"xpath","value":"//input[@id=\"application-managesites-display-component---NewSite--addressDetailDetailsYard-inner\"]"}
COMMAND: GET /session/3fbb5aa961da27feb6cf7ecb004886db/screenshot - {}
RESULT: {"using":"xpath","value":"//input[@id=\"application-managesites-display-component---NewSite--addressDetailDetailsYard-inner\"]"}
COMMAND: POST /session/3fbb5aa961da27feb6cf7ecb004886db/element/f.0763987BF21D2E15D38664A642A1837D.d.E84700C78DD531462CE50041AD314797.e.8185/clear - {}
RESULT: {}
RESULT: {}
COMMAND: POST /session/3fbb5aa961da27feb6cf7ecb004886db/element/f.0763987BF21D2E15D38664A642A1837D.d.E84700C78DD531462CE50041AD314797.e.8185/value - {"text":"478"}
COMMAND: GET /session/3fbb5aa961da27feb6cf7ecb004886db/screenshot - {}
RESULT: {"text":"478"}
COMMAND: GET /session/3fbb5aa961da27feb6cf7ecb004886db/screenshot - {}
RESULT: {}
RESULT: {}
COMMAND: POST /session/3fbb5aa961da27feb6cf7ecb004886db/element - {"using":"xpath","value":"//li[.//span[text()='478']]"}
RESULT: {"using":"xpath","value":"//li[.//span[text()='478']]"}
COMMAND: POST /session/3fbb5aa961da27feb6cf7ecb004886db/element/f.0763987BF21D2E15D38664A642A1837D.d.E84700C78DD531462CE50041AD314797.e.8403/click - {}
RESULT: {}
COMMAND: GET /session/3fbb5aa961da27feb6cf7ecb004886db/screenshot - {}
RESULT: {}
COMMAND: POST /session/3fbb5aa961da27feb6cf7ecb004886db/element - {"using":"xpath","value":"//input[@id=\"application-managesites-display-component---NewSite--addressDetailDetailsPartner-inner\"]"}
RESULT: {"using":"xpath","value":"//input[@id=\"application-managesites-display-component---NewSite--addressDetailDetailsPartner-inner\"]"}
COMMAND: POST /session/3fbb5aa961da27feb6cf7ecb004886db/element - {"using":"xpath","value":"//input[@id=\"application-managesites-display-component---NewSite--addressDetailDetailsPartner-inner\"]"}
RESULT: {"using":"xpath","value":"//input[@id=\"application-managesites-display-component---NewSite--addressDetailDetailsPartner-inner\"]"}
COMMAND: POST /session/3fbb5aa961da27feb6cf7ecb004886db/element - {"using":"xpath","value":"//button[@data-kt=\"saveButton\"]"}
RESULT: {"using":"xpath","value":"//button[@data-kt=\"saveButton\"]"}
COMMAND: POST /session/3fbb5aa961da27feb6cf7ecb004886db/element/f.0763987BF21D2E15D38664A642A1837D.d.E84700C78DD531462CE50041AD314797.e.8337/click - {}
RESULT: {}
COMMAND: GET /session/3fbb5aa961da27feb6cf7ecb004886db/screenshot - {}
RESULT: {}
COMMAND: POST /session/3fbb5aa961da27feb6cf7ecb004886db/element - {"using":"xpath","value":"//header[contains(@id, 'ObjectPageLayout-headerTitle')]/div[1]/div[2]/div[2]/span[1]"}
RESULT: {"using":"xpath","value":"//header[contains(@id, 'ObjectPageLayout-headerTitle')]/div[1]/div[2]/div[2]/span[1]"}
COMMAND: POST /session/3fbb5aa961da27feb6cf7ecb004886db/elements - {"using":"xpath","value":"//header[contains(@id, 'ObjectPageLayout-headerTitle')]/div[1]/div[2]/div[2]/span[1]"}
RESULT: {"using":"xpath","value":"//header[contains(@id, 'ObjectPageLayout-headerTitle')]/div[1]/div[2]/div[2]/span[1]"}
COMMAND: POST /session/3fbb5aa961da27feb6cf7ecb004886db/execute/sync - {"script":"<script> [56 bytes]","args":[{"element-6066-11e4-a52e-4f735466cecf":"f.0763987BF21D2E15D38664A642A1837D.d.E84700C78DD531462CE50041AD314797.e.8605","ELEMENT":"f.0763987BF21D2E15D38664A642A1837D.d.E84700C78DD531462CE50041AD314797.e.8605"}]}
RESULT: {"script":"<script> [56 bytes]","args":[{"element-6066-11e4-a52e-4f735466cecf":"f.0763987BF21D2E15D38664A642A1837D.d.E84700C78DD531462CE50041AD314797.e.8605","ELEMENT":"f.0763987BF21D2E15D38664A642A1837D.d.E84700C78DD531462CE50041AD314797.e.8605"}]}
COMMAND: POST /session/3fbb5aa961da27feb6cf7ecb004886db/element - {"using":"css selector","value":"#shell-header-logo"}
COMMAND: GET /session/3fbb5aa961da27feb6cf7ecb004886db/screenshot - {}
RESULT: {"using":"css selector","value":"#shell-header-logo"}
COMMAND: POST /session/3fbb5aa961da27feb6cf7ecb004886db/element/f.0763987BF21D2E15D38664A642A1837D.d.E84700C78DD531462CE50041AD314797.e.7920/click - {}
RESULT: {}
RESULT: {}
COMMAND: GET /session/3fbb5aa961da27feb6cf7ecb004886db/screenshot - {}
RESULT: {}
COMMAND: POST /session/3fbb5aa961da27feb6cf7ecb004886db/execute/sync - {"script":"<script> [299 bytes]","args":[["getModel","getResource"]]}
RESULT: {"script":"<script> [299 bytes]","args":[["getModel","getResource"]]}
COMMAND: POST /session/3fbb5aa961da27feb6cf7ecb004886db/element - {"using":"xpath","value":"//button[.//bdi[contains(text(), \"Close\")]]"}
COMMAND: GET /session/3fbb5aa961da27feb6cf7ecb004886db/screenshot - {}
RESULT: {"using":"xpath","value":"//button[.//bdi[contains(text(), \"Close\")]]"}
COMMAND: POST /session/3fbb5aa961da27feb6cf7ecb004886db/element/f.0763987BF21D2E15D38664A642A1837D.d.E84700C78DD531462CE50041AD314797.e.8607/click - {}
RESULT: {}
RESULT: {}
COMMAND: GET /session/3fbb5aa961da27feb6cf7ecb004886db/screenshot - {}
RESULT: {}
COMMAND: POST /session/3fbb5aa961da27feb6cf7ecb004886db/refresh - {}
RESULT: {}
COMMAND: GET /session/3fbb5aa961da27feb6cf7ecb004886db/screenshot - {}
RESULT: {}
COMMAND: POST /session/3fbb5aa961da27feb6cf7ecb004886db/refresh - {}
RESULT: {}
COMMAND: GET /session/3fbb5aa961da27feb6cf7ecb004886db/screenshot - {}
RESULT: {}
COMMAND: POST /session/3fbb5aa961da27feb6cf7ecb004886db/execute/async - {"script":"<script> [189 bytes]","args":[]}
RESULT: {"script":"<script> [189 bytes]","args":[]}
COMMAND: POST /session/3fbb5aa961da27feb6cf7ecb004886db/execute/async - {"script":"<script> [123 bytes]","args":[]}
RESULT: {"script":"<script> [123 bytes]","args":[]}
COMMAND: POST /session/3fbb5aa961da27feb6cf7ecb004886db/timeouts - {"script":"<number>"}
RESULT: {"script":"<number>"}
COMMAND: GET /session/3fbb5aa961da27feb6cf7ecb004886db/timeouts - {}
RESULT: {}
RESULT: undefined
COMMAND: POST /session/3fbb5aa961da27feb6cf7ecb004886db/execute/async - {"script":"<script> [2676 bytes]","args":[]}
RESULT: {"script":"<script> [2676 bytes]","args":[]}
COMMAND: POST /session/3fbb5aa961da27feb6cf7ecb004886db/execute/async - {"script":"<script> [2342 bytes]","args":[{"protocol":"http","hostname":"0.0.0.0","path":"/","capabilities":{"browserName":"chrome","goog:chromeOptions":{"binary":"C:\\Program Files\\Google\\Chrome\\Application\\chrome.exe","args":["--start-maximized"]}},"logLevel":"warn","connectionRetryTimeout":120000,"connectionRetryCount":3,"logLevels":{},"enableDirectConnect":true,"strictSSL":true,"_":"65 more keys: [\"cacheDir\",\"port\",\"requestedCapabilities\",\"automationProtocol\",\"baseUrl\",\"waitforInterval\",\"waitforTimeout\",\"onReload\",\"beforeCommand\",\"afterCommand\",\"rootDir\",\"specs\",\"suites\",\"exclude\",\"groupLogsByTestSpec\",\"excludeDriverLogs\",\"bail\",\"framework\",\"reporters\",\"services\",\"maxInstances\",\"maxInstancesPerCapability\",\"injectGlobals\",\"filesToWatch\",\"execArgv\",\"runnerEnv\",\"runner\",\"shard\",\"specFileRetries\",\"specFileRetriesDelay\",\"specFileRetriesDeferred\",\"reporterSyncInterval\",\"reporterSyncTimeout\",\"cucumberFeaturesWithLineNumbers\",\"autoCompileOpts\",\"mochaOpts\",\"jasmineOpts\",\"cucumberOpts\",\"onPrepare\",\"onWorkerStart\",\"onWorkerEnd\",\"before\",\"beforeSession\",\"beforeSuite\",\"beforeHook\",\"beforeTest\",\"afterTest\",\"afterHook\",\"afterSuite\",\"afterSession\",\"after\",\"onComplete\",\"beforeAssertion\",\"afterAssertion\",\"beforeFeature\",\"beforeScenario\",\"beforeStep\",\"afterStep\",\"afterScenario\",\"afterFeature\",\"_\",\"suite\",\"$0\",\"ignoredWorkerServices\",\"wdi5\"]"}]}
RESULT: {"script":"<script> [2342 bytes]","args":[{"protocol":"http","hostname":"0.0.0.0","path":"/","capabilities":{"browserName":"chrome","goog:chromeOptions":{"binary":"C:\\Program Files\\Google\\Chrome\\Application\\chrome.exe","args":["--start-maximized"]}},"logLevel":"warn","connectionRetryTimeout":120000,"connectionRetryCount":3,"logLevels":{},"enableDirectConnect":true,"strictSSL":true,"_":"65 more keys: [\"cacheDir\",\"port\",\"requestedCapabilities\",\"automationProtocol\",\"baseUrl\",\"waitforInterval\",\"waitforTimeout\",\"onReload\",\"beforeCommand\",\"afterCommand\",\"rootDir\",\"specs\",\"suites\",\"exclude\",\"groupLogsByTestSpec\",\"excludeDriverLogs\",\"bail\",\"framework\",\"reporters\",\"services\",\"maxInstances\",\"maxInstancesPerCapability\",\"injectGlobals\",\"filesToWatch\",\"execArgv\",\"runnerEnv\",\"runner\",\"shard\",\"specFileRetries\",\"specFileRetriesDelay\",\"specFileRetriesDeferred\",\"reporterSyncInterval\",\"reporterSyncTimeout\",\"cucumberFeaturesWithLineNumbers\",\"autoCompileOpts\",\"mochaOpts\",\"jasmineOpts\",\"cucumberOpts\",\"onPrepare\",\"onWorkerStart\",\"onWorkerEnd\",\"before\",\"beforeSession\",\"beforeSuite\",\"beforeHook\",\"beforeTest\",\"afterTest\",\"afterHook\",\"afterSuite\",\"afterSession\",\"after\",\"onComplete\",\"beforeAssertion\",\"afterAssertion\",\"beforeFeature\",\"beforeScenario\",\"beforeStep\",\"afterStep\",\"afterScenario\",\"afterFeature\",\"_\",\"suite\",\"$0\",\"ignoredWorkerServices\",\"wdi5\"]"}]}
COMMAND: POST /session/3fbb5aa961da27feb6cf7ecb004886db/execute/async - {"script":"<script> [21126 bytes]","args":[35000]}
RESULT: {"script":"<script> [21126 bytes]","args":[35000]}
COMMAND: POST /session/3fbb5aa961da27feb6cf7ecb004886db/window/fullscreen - {}
RESULT: {}
]]></system-out>
    </testcase>
    <testcase classname="chrome.135_0_7049_42.windows.Billing_Transfer_-_Intracompany_US127249" name="Should create a new equipment" time="140.654">
      <system-out><![CDATA[
COMMAND: POST /session/3fbb5aa961da27feb6cf7ecb004886db/execute/async - {"script":"<script> [1562 bytes]","args":[{"selector":{"controlType":"sap.m.GenericTile","properties":{"header":"Manage Resources"}},"wdio_ui5_key":"sapm.GenericTile{\"header\":\"Manage Resources\"}"}]}
RESULT: {"script":"<script> [1562 bytes]","args":[{"selector":{"controlType":"sap.m.GenericTile","properties":{"header":"Manage Resources"}},"wdio_ui5_key":"sapm.GenericTile{\"header\":\"Manage Resources\"}"}]}
RESULT: undefined
COMMAND: POST /session/3fbb5aa961da27feb6cf7ecb004886db/element - {"using":"xpath","value":"//*[@id=\"__tile31\"]"}
RESULT: {"using":"xpath","value":"//*[@id=\"__tile31\"]"}
COMMAND: POST /session/3fbb5aa961da27feb6cf7ecb004886db/element/f.0763987BF21D2E15D38664A642A1837D.d.A11D6AFCE78588BDC0F4FBE0B59B4541.e.8681/click - {}
RESULT: {}
COMMAND: POST /session/3fbb5aa961da27feb6cf7ecb004886db/element - {"using":"xpath","value":"//button[@data-kt=\"addNewRUOverflowToolbarButton\"]"}
COMMAND: GET /session/3fbb5aa961da27feb6cf7ecb004886db/screenshot - {}
RESULT: {"using":"xpath","value":"//button[@data-kt=\"addNewRUOverflowToolbarButton\"]"}
COMMAND: POST /session/3fbb5aa961da27feb6cf7ecb004886db/elements - {"using":"xpath","value":"//button[@data-kt=\"addNewRUOverflowToolbarButton\"]"}
RESULT: {}
RESULT: {"using":"xpath","value":"//button[@data-kt=\"addNewRUOverflowToolbarButton\"]"}
COMMAND: POST /session/3fbb5aa961da27feb6cf7ecb004886db/elements - {"using":"xpath","value":"//button[@data-kt=\"addNewRUOverflowToolbarButton\"]"}
RESULT: {"using":"xpath","value":"//button[@data-kt=\"addNewRUOverflowToolbarButton\"]"}
COMMAND: POST /session/3fbb5aa961da27feb6cf7ecb004886db/elements - {"using":"xpath","value":"//button[@data-kt=\"addNewRUOverflowToolbarButton\"]"}
RESULT: {"using":"xpath","value":"//button[@data-kt=\"addNewRUOverflowToolbarButton\"]"}
RESULT: undefined
COMMAND: POST /session/3fbb5aa961da27feb6cf7ecb004886db/elements - {"using":"xpath","value":"//button[@data-kt=\"addNewRUOverflowToolbarButton\"]"}
RESULT: {"using":"xpath","value":"//button[@data-kt=\"addNewRUOverflowToolbarButton\"]"}
COMMAND: POST /session/3fbb5aa961da27feb6cf7ecb004886db/elements - {"using":"xpath","value":"//button[@data-kt=\"addNewRUOverflowToolbarButton\"]"}
RESULT: {"using":"xpath","value":"//button[@data-kt=\"addNewRUOverflowToolbarButton\"]"}
COMMAND: POST /session/3fbb5aa961da27feb6cf7ecb004886db/elements - {"using":"xpath","value":"//button[@data-kt=\"addNewRUOverflowToolbarButton\"]"}
RESULT: {"using":"xpath","value":"//button[@data-kt=\"addNewRUOverflowToolbarButton\"]"}
COMMAND: POST /session/3fbb5aa961da27feb6cf7ecb004886db/elements - {"using":"xpath","value":"//button[@data-kt=\"addNewRUOverflowToolbarButton\"]"}
RESULT: {"using":"xpath","value":"//button[@data-kt=\"addNewRUOverflowToolbarButton\"]"}
COMMAND: POST /session/3fbb5aa961da27feb6cf7ecb004886db/elements - {"using":"xpath","value":"//button[@data-kt=\"addNewRUOverflowToolbarButton\"]"}
RESULT: {"using":"xpath","value":"//button[@data-kt=\"addNewRUOverflowToolbarButton\"]"}
COMMAND: POST /session/3fbb5aa961da27feb6cf7ecb004886db/elements - {"using":"xpath","value":"//button[@data-kt=\"addNewRUOverflowToolbarButton\"]"}
RESULT: {"using":"xpath","value":"//button[@data-kt=\"addNewRUOverflowToolbarButton\"]"}
COMMAND: POST /session/3fbb5aa961da27feb6cf7ecb004886db/elements - {"using":"xpath","value":"//button[@data-kt=\"addNewRUOverflowToolbarButton\"]"}
RESULT: {"using":"xpath","value":"//button[@data-kt=\"addNewRUOverflowToolbarButton\"]"}
COMMAND: POST /session/3fbb5aa961da27feb6cf7ecb004886db/elements - {"using":"xpath","value":"//button[@data-kt=\"addNewRUOverflowToolbarButton\"]"}
RESULT: {"using":"xpath","value":"//button[@data-kt=\"addNewRUOverflowToolbarButton\"]"}
COMMAND: POST /session/3fbb5aa961da27feb6cf7ecb004886db/elements - {"using":"xpath","value":"//button[@data-kt=\"addNewRUOverflowToolbarButton\"]"}
RESULT: {"using":"xpath","value":"//button[@data-kt=\"addNewRUOverflowToolbarButton\"]"}
COMMAND: POST /session/3fbb5aa961da27feb6cf7ecb004886db/elements - {"using":"xpath","value":"//button[@data-kt=\"addNewRUOverflowToolbarButton\"]"}
RESULT: {"using":"xpath","value":"//button[@data-kt=\"addNewRUOverflowToolbarButton\"]"}
COMMAND: POST /session/3fbb5aa961da27feb6cf7ecb004886db/elements - {"using":"xpath","value":"//button[@data-kt=\"addNewRUOverflowToolbarButton\"]"}
RESULT: {"using":"xpath","value":"//button[@data-kt=\"addNewRUOverflowToolbarButton\"]"}
COMMAND: POST /session/3fbb5aa961da27feb6cf7ecb004886db/elements - {"using":"xpath","value":"//button[@data-kt=\"addNewRUOverflowToolbarButton\"]"}
RESULT: {"using":"xpath","value":"//button[@data-kt=\"addNewRUOverflowToolbarButton\"]"}
COMMAND: POST /session/3fbb5aa961da27feb6cf7ecb004886db/elements - {"using":"xpath","value":"//button[@data-kt=\"addNewRUOverflowToolbarButton\"]"}
RESULT: {"using":"xpath","value":"//button[@data-kt=\"addNewRUOverflowToolbarButton\"]"}
COMMAND: POST /session/3fbb5aa961da27feb6cf7ecb004886db/elements - {"using":"xpath","value":"//button[@data-kt=\"addNewRUOverflowToolbarButton\"]"}
RESULT: {"using":"xpath","value":"//button[@data-kt=\"addNewRUOverflowToolbarButton\"]"}
COMMAND: POST /session/3fbb5aa961da27feb6cf7ecb004886db/elements - {"using":"xpath","value":"//button[@data-kt=\"addNewRUOverflowToolbarButton\"]"}
RESULT: {"using":"xpath","value":"//button[@data-kt=\"addNewRUOverflowToolbarButton\"]"}
COMMAND: POST /session/3fbb5aa961da27feb6cf7ecb004886db/elements - {"using":"xpath","value":"//button[@data-kt=\"addNewRUOverflowToolbarButton\"]"}
RESULT: {"using":"xpath","value":"//button[@data-kt=\"addNewRUOverflowToolbarButton\"]"}
COMMAND: POST /session/3fbb5aa961da27feb6cf7ecb004886db/elements - {"using":"xpath","value":"//button[@data-kt=\"addNewRUOverflowToolbarButton\"]"}
RESULT: {"using":"xpath","value":"//button[@data-kt=\"addNewRUOverflowToolbarButton\"]"}
COMMAND: POST /session/3fbb5aa961da27feb6cf7ecb004886db/elements - {"using":"xpath","value":"//button[@data-kt=\"addNewRUOverflowToolbarButton\"]"}
RESULT: {"using":"xpath","value":"//button[@data-kt=\"addNewRUOverflowToolbarButton\"]"}
COMMAND: POST /session/3fbb5aa961da27feb6cf7ecb004886db/elements - {"using":"xpath","value":"//button[@data-kt=\"addNewRUOverflowToolbarButton\"]"}
RESULT: {"using":"xpath","value":"//button[@data-kt=\"addNewRUOverflowToolbarButton\"]"}
COMMAND: POST /session/3fbb5aa961da27feb6cf7ecb004886db/elements - {"using":"xpath","value":"//button[@data-kt=\"addNewRUOverflowToolbarButton\"]"}
RESULT: {"using":"xpath","value":"//button[@data-kt=\"addNewRUOverflowToolbarButton\"]"}
COMMAND: POST /session/3fbb5aa961da27feb6cf7ecb004886db/elements - {"using":"xpath","value":"//button[@data-kt=\"addNewRUOverflowToolbarButton\"]"}
RESULT: {"using":"xpath","value":"//button[@data-kt=\"addNewRUOverflowToolbarButton\"]"}
COMMAND: POST /session/3fbb5aa961da27feb6cf7ecb004886db/elements - {"using":"xpath","value":"//button[@data-kt=\"addNewRUOverflowToolbarButton\"]"}
RESULT: {"using":"xpath","value":"//button[@data-kt=\"addNewRUOverflowToolbarButton\"]"}
COMMAND: POST /session/3fbb5aa961da27feb6cf7ecb004886db/elements - {"using":"xpath","value":"//button[@data-kt=\"addNewRUOverflowToolbarButton\"]"}
RESULT: {"using":"xpath","value":"//button[@data-kt=\"addNewRUOverflowToolbarButton\"]"}
COMMAND: POST /session/3fbb5aa961da27feb6cf7ecb004886db/elements - {"using":"xpath","value":"//button[@data-kt=\"addNewRUOverflowToolbarButton\"]"}
RESULT: {"using":"xpath","value":"//button[@data-kt=\"addNewRUOverflowToolbarButton\"]"}
COMMAND: POST /session/3fbb5aa961da27feb6cf7ecb004886db/elements - {"using":"xpath","value":"//button[@data-kt=\"addNewRUOverflowToolbarButton\"]"}
RESULT: {"using":"xpath","value":"//button[@data-kt=\"addNewRUOverflowToolbarButton\"]"}
COMMAND: POST /session/3fbb5aa961da27feb6cf7ecb004886db/elements - {"using":"xpath","value":"//button[@data-kt=\"addNewRUOverflowToolbarButton\"]"}
RESULT: {"using":"xpath","value":"//button[@data-kt=\"addNewRUOverflowToolbarButton\"]"}
COMMAND: POST /session/3fbb5aa961da27feb6cf7ecb004886db/elements - {"using":"xpath","value":"//button[@data-kt=\"addNewRUOverflowToolbarButton\"]"}
RESULT: {"using":"xpath","value":"//button[@data-kt=\"addNewRUOverflowToolbarButton\"]"}
COMMAND: POST /session/3fbb5aa961da27feb6cf7ecb004886db/elements - {"using":"xpath","value":"//button[@data-kt=\"addNewRUOverflowToolbarButton\"]"}
RESULT: {"using":"xpath","value":"//button[@data-kt=\"addNewRUOverflowToolbarButton\"]"}
COMMAND: POST /session/3fbb5aa961da27feb6cf7ecb004886db/elements - {"using":"xpath","value":"//button[@data-kt=\"addNewRUOverflowToolbarButton\"]"}
RESULT: {"using":"xpath","value":"//button[@data-kt=\"addNewRUOverflowToolbarButton\"]"}
COMMAND: POST /session/3fbb5aa961da27feb6cf7ecb004886db/elements - {"using":"xpath","value":"//button[@data-kt=\"addNewRUOverflowToolbarButton\"]"}
RESULT: {"using":"xpath","value":"//button[@data-kt=\"addNewRUOverflowToolbarButton\"]"}
COMMAND: POST /session/3fbb5aa961da27feb6cf7ecb004886db/elements - {"using":"xpath","value":"//button[@data-kt=\"addNewRUOverflowToolbarButton\"]"}
RESULT: {"using":"xpath","value":"//button[@data-kt=\"addNewRUOverflowToolbarButton\"]"}
COMMAND: POST /session/3fbb5aa961da27feb6cf7ecb004886db/elements - {"using":"xpath","value":"//button[@data-kt=\"addNewRUOverflowToolbarButton\"]"}
RESULT: {"using":"xpath","value":"//button[@data-kt=\"addNewRUOverflowToolbarButton\"]"}
COMMAND: POST /session/3fbb5aa961da27feb6cf7ecb004886db/elements - {"using":"xpath","value":"//button[@data-kt=\"addNewRUOverflowToolbarButton\"]"}
RESULT: {"using":"xpath","value":"//button[@data-kt=\"addNewRUOverflowToolbarButton\"]"}
COMMAND: POST /session/3fbb5aa961da27feb6cf7ecb004886db/elements - {"using":"xpath","value":"//button[@data-kt=\"addNewRUOverflowToolbarButton\"]"}
RESULT: {"using":"xpath","value":"//button[@data-kt=\"addNewRUOverflowToolbarButton\"]"}
COMMAND: POST /session/3fbb5aa961da27feb6cf7ecb004886db/elements - {"using":"xpath","value":"//button[@data-kt=\"addNewRUOverflowToolbarButton\"]"}
RESULT: {"using":"xpath","value":"//button[@data-kt=\"addNewRUOverflowToolbarButton\"]"}
COMMAND: POST /session/3fbb5aa961da27feb6cf7ecb004886db/elements - {"using":"xpath","value":"//button[@data-kt=\"addNewRUOverflowToolbarButton\"]"}
RESULT: {"using":"xpath","value":"//button[@data-kt=\"addNewRUOverflowToolbarButton\"]"}
COMMAND: POST /session/3fbb5aa961da27feb6cf7ecb004886db/elements - {"using":"xpath","value":"//button[@data-kt=\"addNewRUOverflowToolbarButton\"]"}
RESULT: {"using":"xpath","value":"//button[@data-kt=\"addNewRUOverflowToolbarButton\"]"}
COMMAND: POST /session/3fbb5aa961da27feb6cf7ecb004886db/elements - {"using":"xpath","value":"//button[@data-kt=\"addNewRUOverflowToolbarButton\"]"}
RESULT: {"using":"xpath","value":"//button[@data-kt=\"addNewRUOverflowToolbarButton\"]"}
COMMAND: POST /session/3fbb5aa961da27feb6cf7ecb004886db/elements - {"using":"xpath","value":"//button[@data-kt=\"addNewRUOverflowToolbarButton\"]"}
RESULT: {"using":"xpath","value":"//button[@data-kt=\"addNewRUOverflowToolbarButton\"]"}
COMMAND: POST /session/3fbb5aa961da27feb6cf7ecb004886db/elements - {"using":"xpath","value":"//button[@data-kt=\"addNewRUOverflowToolbarButton\"]"}
RESULT: {"using":"xpath","value":"//button[@data-kt=\"addNewRUOverflowToolbarButton\"]"}
COMMAND: POST /session/3fbb5aa961da27feb6cf7ecb004886db/element - {"using":"xpath","value":"//button[@data-kt=\"addNewRUOverflowToolbarButton\"]"}
RESULT: {"using":"xpath","value":"//button[@data-kt=\"addNewRUOverflowToolbarButton\"]"}
COMMAND: POST /session/3fbb5aa961da27feb6cf7ecb004886db/execute/sync - {"script":"<script> [8489 bytes]","args":[{"element-6066-11e4-a52e-4f735466cecf":"f.0763987BF21D2E15D38664A642A1837D.d.A11D6AFCE78588BDC0F4FBE0B59B4541.e.8903","ELEMENT":"f.0763987BF21D2E15D38664A642A1837D.d.A11D6AFCE78588BDC0F4FBE0B59B4541.e.8903"}]}
RESULT: {"script":"<script> [8489 bytes]","args":[{"element-6066-11e4-a52e-4f735466cecf":"f.0763987BF21D2E15D38664A642A1837D.d.A11D6AFCE78588BDC0F4FBE0B59B4541.e.8903","ELEMENT":"f.0763987BF21D2E15D38664A642A1837D.d.A11D6AFCE78588BDC0F4FBE0B59B4541.e.8903"}]}
COMMAND: GET /session/3fbb5aa961da27feb6cf7ecb004886db/element/f.0763987BF21D2E15D38664A642A1837D.d.A11D6AFCE78588BDC0F4FBE0B59B4541.e.8903/enabled - {}
COMMAND: GET /session/3fbb5aa961da27feb6cf7ecb004886db/screenshot - {}
RESULT: {}
COMMAND: POST /session/3fbb5aa961da27feb6cf7ecb004886db/execute/sync - {"script":"<script> [8489 bytes]","args":[{"element-6066-11e4-a52e-4f735466cecf":"f.0763987BF21D2E15D38664A642A1837D.d.A11D6AFCE78588BDC0F4FBE0B59B4541.e.8903","ELEMENT":"f.0763987BF21D2E15D38664A642A1837D.d.A11D6AFCE78588BDC0F4FBE0B59B4541.e.8903"}]}
COMMAND: GET /session/3fbb5aa961da27feb6cf7ecb004886db/screenshot - {}
RESULT: {}
RESULT: {"script":"<script> [8489 bytes]","args":[{"element-6066-11e4-a52e-4f735466cecf":"f.0763987BF21D2E15D38664A642A1837D.d.A11D6AFCE78588BDC0F4FBE0B59B4541.e.8903","ELEMENT":"f.0763987BF21D2E15D38664A642A1837D.d.A11D6AFCE78588BDC0F4FBE0B59B4541.e.8903"}]}
COMMAND: POST /session/3fbb5aa961da27feb6cf7ecb004886db/execute/sync - {"script":"<script> [5351 bytes]","args":[{"element-6066-11e4-a52e-4f735466cecf":"f.0763987BF21D2E15D38664A642A1837D.d.A11D6AFCE78588BDC0F4FBE0B59B4541.e.8903","ELEMENT":"f.0763987BF21D2E15D38664A642A1837D.d.A11D6AFCE78588BDC0F4FBE0B59B4541.e.8903"}]}
COMMAND: GET /session/3fbb5aa961da27feb6cf7ecb004886db/screenshot - {}
RESULT: {}
RESULT: {"script":"<script> [5351 bytes]","args":[{"element-6066-11e4-a52e-4f735466cecf":"f.0763987BF21D2E15D38664A642A1837D.d.A11D6AFCE78588BDC0F4FBE0B59B4541.e.8903","ELEMENT":"f.0763987BF21D2E15D38664A642A1837D.d.A11D6AFCE78588BDC0F4FBE0B59B4541.e.8903"}]}
COMMAND: POST /session/3fbb5aa961da27feb6cf7ecb004886db/element/f.0763987BF21D2E15D38664A642A1837D.d.A11D6AFCE78588BDC0F4FBE0B59B4541.e.8903/click - {}
COMMAND: GET /session/3fbb5aa961da27feb6cf7ecb004886db/screenshot - {}
RESULT: {}
RESULT: {}
COMMAND: GET /session/3fbb5aa961da27feb6cf7ecb004886db/screenshot - {}
COMMAND: POST /session/3fbb5aa961da27feb6cf7ecb004886db/execute/async - {"script":"<script> [1562 bytes]","args":[{"selector":{"id":"application-manageresources-display-component---newResourceUnit--TYPE-arrow"},"wdio_ui5_key":"applicationmanageresources-display-component---newResourceUnit--TYPE-arrow"}]}
RESULT: {}
RESULT: {}
RESULT: {"script":"<script> [1562 bytes]","args":[{"selector":{"id":"application-manageresources-display-component---newResourceUnit--TYPE-arrow"},"wdio_ui5_key":"applicationmanageresources-display-component---newResourceUnit--TYPE-arrow"}]}
RESULT: undefined
COMMAND: POST /session/3fbb5aa961da27feb6cf7ecb004886db/element - {"using":"xpath","value":"//*[@id=\"application-manageresources-display-component---newResourceUnit--TYPE-arrow\"]"}
RESULT: {"using":"xpath","value":"//*[@id=\"application-manageresources-display-component---newResourceUnit--TYPE-arrow\"]"}
COMMAND: POST /session/3fbb5aa961da27feb6cf7ecb004886db/element/f.0763987BF21D2E15D38664A642A1837D.d.A11D6AFCE78588BDC0F4FBE0B59B4541.e.9146/click - {}
RESULT: {}
COMMAND: POST /session/3fbb5aa961da27feb6cf7ecb004886db/element - {"using":"xpath","value":"//input[@id=\"application-manageresources-display-component---newResourceUnit--TYPE-inner\"]"}
COMMAND: GET /session/3fbb5aa961da27feb6cf7ecb004886db/screenshot - {}
RESULT: {"using":"xpath","value":"//input[@id=\"application-manageresources-display-component---newResourceUnit--TYPE-inner\"]"}
COMMAND: POST /session/3fbb5aa961da27feb6cf7ecb004886db/element/f.0763987BF21D2E15D38664A642A1837D.d.A11D6AFCE78588BDC0F4FBE0B59B4541.e.9143/clear - {}
RESULT: {}
RESULT: {}
COMMAND: POST /session/3fbb5aa961da27feb6cf7ecb004886db/element/f.0763987BF21D2E15D38664A642A1837D.d.A11D6AFCE78588BDC0F4FBE0B59B4541.e.9143/value - {"text":"Equipment"}
COMMAND: GET /session/3fbb5aa961da27feb6cf7ecb004886db/screenshot - {}
RESULT: {"text":"Equipment"}
COMMAND: GET /session/3fbb5aa961da27feb6cf7ecb004886db/screenshot - {}
RESULT: {}
RESULT: {}
COMMAND: POST /session/3fbb5aa961da27feb6cf7ecb004886db/actions - {"actions":[{"id":"action29","type":"key","parameters":{},"actions":[{"type":"keyDown","value":""},{"type":"pause","duration":10},{"type":"keyUp","value":""}]}]}
RESULT: {"actions":[{"id":"action29","type":"key","parameters":{},"actions":[{"type":"keyDown","value":""},{"type":"pause","duration":10},{"type":"keyUp","value":""}]}]}
COMMAND: POST /session/3fbb5aa961da27feb6cf7ecb004886db/execute/async - {"script":"<script> [1562 bytes]","args":[{"selector":{"id":"application-manageresources-display-component---newResourceUnit--resourceId","interaction":{"idSuffix":"inner"}},"wdio_ui5_key":"applicationmanageresources-display-component---newResourceUnit--resourceId"}]}
COMMAND: GET /session/3fbb5aa961da27feb6cf7ecb004886db/screenshot - {}
RESULT: {"script":"<script> [1562 bytes]","args":[{"selector":{"id":"application-manageresources-display-component---newResourceUnit--resourceId","interaction":{"idSuffix":"inner"}},"wdio_ui5_key":"applicationmanageresources-display-component---newResourceUnit--resourceId"}]}
RESULT: undefined
COMMAND: POST /session/3fbb5aa961da27feb6cf7ecb004886db/execute/async - {"script":"<script> [776 bytes]","args":[{"enterText":"6YfXoZcBLO","selector":{"id":"application-manageresources-display-component---newResourceUnit--resourceId","interaction":{"idSuffix":"inner"}},"clearTextFirst":true,"interactionType":"ENTER_TEXT"}]}
RESULT: {}
RESULT: {"script":"<script> [776 bytes]","args":[{"enterText":"6YfXoZcBLO","selector":{"id":"application-manageresources-display-component---newResourceUnit--resourceId","interaction":{"idSuffix":"inner"}},"clearTextFirst":true,"interactionType":"ENTER_TEXT"}]}
COMMAND: POST /session/3fbb5aa961da27feb6cf7ecb004886db/execute/async - {"script":"<script> [1562 bytes]","args":[{"selector":{"id":"application-manageresources-display-component---newResourceUnit--SHORT_TEXT","interaction":{"idSuffix":"inner"}},"wdio_ui5_key":"applicationmanageresources-display-component---newResourceUnit--SHORT_TEXT"}]}
RESULT: {"script":"<script> [1562 bytes]","args":[{"selector":{"id":"application-manageresources-display-component---newResourceUnit--SHORT_TEXT","interaction":{"idSuffix":"inner"}},"wdio_ui5_key":"applicationmanageresources-display-component---newResourceUnit--SHORT_TEXT"}]}
RESULT: undefined
COMMAND: POST /session/3fbb5aa961da27feb6cf7ecb004886db/execute/async - {"script":"<script> [776 bytes]","args":[{"enterText":"Intercompany Equipment WDIO","selector":{"id":"application-manageresources-display-component---newResourceUnit--SHORT_TEXT","interaction":{"idSuffix":"inner"}},"clearTextFirst":true,"interactionType":"ENTER_TEXT"}]}
RESULT: {"script":"<script> [776 bytes]","args":[{"enterText":"Intercompany Equipment WDIO","selector":{"id":"application-manageresources-display-component---newResourceUnit--SHORT_TEXT","interaction":{"idSuffix":"inner"}},"clearTextFirst":true,"interactionType":"ENTER_TEXT"}]}
COMMAND: POST /session/3fbb5aa961da27feb6cf7ecb004886db/execute/async - {"script":"<script> [1562 bytes]","args":[{"selector":{"id":"application-manageresources-display-component---newResourceUnit--BASE_UNIT_OF_MEASURE","interaction":{"idSuffix":"inner"}},"wdio_ui5_key":"applicationmanageresources-display-component---newResourceUnit--BASE_UNIT_OF_MEASURE"}]}
RESULT: {"script":"<script> [1562 bytes]","args":[{"selector":{"id":"application-manageresources-display-component---newResourceUnit--BASE_UNIT_OF_MEASURE","interaction":{"idSuffix":"inner"}},"wdio_ui5_key":"applicationmanageresources-display-component---newResourceUnit--BASE_UNIT_OF_MEASURE"}]}
RESULT: undefined
COMMAND: POST /session/3fbb5aa961da27feb6cf7ecb004886db/execute/async - {"script":"<script> [776 bytes]","args":[{"enterText":"Piece","selector":{"id":"application-manageresources-display-component---newResourceUnit--BASE_UNIT_OF_MEASURE","interaction":{"idSuffix":"inner"}},"clearTextFirst":true,"interactionType":"ENTER_TEXT"}]}
RESULT: {"script":"<script> [776 bytes]","args":[{"enterText":"Piece","selector":{"id":"application-manageresources-display-component---newResourceUnit--BASE_UNIT_OF_MEASURE","interaction":{"idSuffix":"inner"}},"clearTextFirst":true,"interactionType":"ENTER_TEXT"}]}
COMMAND: POST /session/3fbb5aa961da27feb6cf7ecb004886db/execute/async - {"script":"<script> [1562 bytes]","args":[{"selector":{"id":"application-manageresources-display-component---newResourceUnit--WEIGHT_UNIT","interaction":{"idSuffix":"inner"}},"wdio_ui5_key":"applicationmanageresources-display-component---newResourceUnit--WEIGHT_UNIT"}]}
RESULT: {"script":"<script> [1562 bytes]","args":[{"selector":{"id":"application-manageresources-display-component---newResourceUnit--WEIGHT_UNIT","interaction":{"idSuffix":"inner"}},"wdio_ui5_key":"applicationmanageresources-display-component---newResourceUnit--WEIGHT_UNIT"}]}
RESULT: undefined
COMMAND: POST /session/3fbb5aa961da27feb6cf7ecb004886db/execute/async - {"script":"<script> [776 bytes]","args":[{"enterText":"Gram","selector":{"id":"application-manageresources-display-component---newResourceUnit--WEIGHT_UNIT","interaction":{"idSuffix":"inner"}},"clearTextFirst":true,"interactionType":"ENTER_TEXT"}]}
RESULT: {"script":"<script> [776 bytes]","args":[{"enterText":"Gram","selector":{"id":"application-manageresources-display-component---newResourceUnit--WEIGHT_UNIT","interaction":{"idSuffix":"inner"}},"clearTextFirst":true,"interactionType":"ENTER_TEXT"}]}
COMMAND: POST /session/3fbb5aa961da27feb6cf7ecb004886db/execute/async - {"script":"<script> [1562 bytes]","args":[{"selector":{"id":"application-manageresources-display-component---newResourceUnit--DIMENSION_UNIT","interaction":{"idSuffix":"inner"}},"wdio_ui5_key":"applicationmanageresources-display-component---newResourceUnit--DIMENSION_UNIT"}]}
RESULT: {"script":"<script> [1562 bytes]","args":[{"selector":{"id":"application-manageresources-display-component---newResourceUnit--DIMENSION_UNIT","interaction":{"idSuffix":"inner"}},"wdio_ui5_key":"applicationmanageresources-display-component---newResourceUnit--DIMENSION_UNIT"}]}
RESULT: undefined
COMMAND: POST /session/3fbb5aa961da27feb6cf7ecb004886db/execute/async - {"script":"<script> [776 bytes]","args":[{"enterText":"Meter","selector":{"id":"application-manageresources-display-component---newResourceUnit--DIMENSION_UNIT","interaction":{"idSuffix":"inner"}},"clearTextFirst":true,"interactionType":"ENTER_TEXT"}]}
RESULT: {"script":"<script> [776 bytes]","args":[{"enterText":"Meter","selector":{"id":"application-manageresources-display-component---newResourceUnit--DIMENSION_UNIT","interaction":{"idSuffix":"inner"}},"clearTextFirst":true,"interactionType":"ENTER_TEXT"}]}
COMMAND: POST /session/3fbb5aa961da27feb6cf7ecb004886db/execute/async - {"script":"<script> [1562 bytes]","args":[{"selector":{"id":"application-manageresources-display-component---newResourceUnit--newRRUPage-anchBar-application-manageresources-display-component---newResourceUnit--control-anchor","interaction":{"idSuffix":"BDI-content"}},"wdio_ui5_key":"applicationmanageresources-display-component---newResourceUnit--newRRUPage-anchBar-application-manageresources-display-component---newResourceUnit--control-anchor"}]}
RESULT: {"script":"<script> [1562 bytes]","args":[{"selector":{"id":"application-manageresources-display-component---newResourceUnit--newRRUPage-anchBar-application-manageresources-display-component---newResourceUnit--control-anchor","interaction":{"idSuffix":"BDI-content"}},"wdio_ui5_key":"applicationmanageresources-display-component---newResourceUnit--newRRUPage-anchBar-application-manageresources-display-component---newResourceUnit--control-anchor"}]}
RESULT: undefined
COMMAND: POST /session/3fbb5aa961da27feb6cf7ecb004886db/element - {"using":"xpath","value":"//*[@id=\"application-manageresources-display-component---newResourceUnit--newRRUPage-anchBar-application-manageresources-display-component---newResourceUnit--control-anchor\"]"}
RESULT: {"using":"xpath","value":"//*[@id=\"application-manageresources-display-component---newResourceUnit--newRRUPage-anchBar-application-manageresources-display-component---newResourceUnit--control-anchor\"]"}
COMMAND: POST /session/3fbb5aa961da27feb6cf7ecb004886db/element/f.0763987BF21D2E15D38664A642A1837D.d.A11D6AFCE78588BDC0F4FBE0B59B4541.e.9280/click - {}
RESULT: {}
COMMAND: POST /session/3fbb5aa961da27feb6cf7ecb004886db/execute/async - {"script":"<script> [1562 bytes]","args":[{"selector":{"id":"application-manageresources-display-component---newResourceUnit--PLANNING_GROUP","interaction":{"idSuffix":"inner"}},"wdio_ui5_key":"applicationmanageresources-display-component---newResourceUnit--PLANNING_GROUP"}]}
COMMAND: GET /session/3fbb5aa961da27feb6cf7ecb004886db/screenshot - {}
RESULT: {"script":"<script> [1562 bytes]","args":[{"selector":{"id":"application-manageresources-display-component---newResourceUnit--PLANNING_GROUP","interaction":{"idSuffix":"inner"}},"wdio_ui5_key":"applicationmanageresources-display-component---newResourceUnit--PLANNING_GROUP"}]}
RESULT: undefined
COMMAND: POST /session/3fbb5aa961da27feb6cf7ecb004886db/execute/async - {"script":"<script> [776 bytes]","args":[{"enterText":"Heavy Equi","selector":{"id":"application-manageresources-display-component---newResourceUnit--PLANNING_GROUP","interaction":{"idSuffix":"inner"}},"clearTextFirst":true,"interactionType":"ENTER_TEXT"}]}
RESULT: {}
RESULT: {"script":"<script> [776 bytes]","args":[{"enterText":"Heavy Equi","selector":{"id":"application-manageresources-display-component---newResourceUnit--PLANNING_GROUP","interaction":{"idSuffix":"inner"}},"clearTextFirst":true,"interactionType":"ENTER_TEXT"}]}
COMMAND: POST /session/3fbb5aa961da27feb6cf7ecb004886db/execute/async - {"script":"<script> [1562 bytes]","args":[{"selector":{"id":"application-manageresources-display-component---newResourceUnit--ITEM_TYPE-arrow"},"wdio_ui5_key":"applicationmanageresources-display-component---newResourceUnit--ITEM_TYPE-arrow"}]}
RESULT: {"script":"<script> [1562 bytes]","args":[{"selector":{"id":"application-manageresources-display-component---newResourceUnit--ITEM_TYPE-arrow"},"wdio_ui5_key":"applicationmanageresources-display-component---newResourceUnit--ITEM_TYPE-arrow"}]}
RESULT: undefined
COMMAND: POST /session/3fbb5aa961da27feb6cf7ecb004886db/element - {"using":"xpath","value":"//*[@id=\"application-manageresources-display-component---newResourceUnit--ITEM_TYPE-arrow\"]"}
RESULT: {"using":"xpath","value":"//*[@id=\"application-manageresources-display-component---newResourceUnit--ITEM_TYPE-arrow\"]"}
COMMAND: POST /session/3fbb5aa961da27feb6cf7ecb004886db/element/f.0763987BF21D2E15D38664A642A1837D.d.A11D6AFCE78588BDC0F4FBE0B59B4541.e.9287/click - {}
RESULT: {}
COMMAND: POST /session/3fbb5aa961da27feb6cf7ecb004886db/element - {"using":"xpath","value":"(//span[contains(text(), \"Resource Unit\")])[2]"}
COMMAND: GET /session/3fbb5aa961da27feb6cf7ecb004886db/screenshot - {}
RESULT: {"using":"xpath","value":"(//span[contains(text(), \"Resource Unit\")])[2]"}
COMMAND: POST /session/3fbb5aa961da27feb6cf7ecb004886db/element/f.0763987BF21D2E15D38664A642A1837D.d.A11D6AFCE78588BDC0F4FBE0B59B4541.e.9288/click - {}
RESULT: {}
RESULT: {}
COMMAND: GET /session/3fbb5aa961da27feb6cf7ecb004886db/screenshot - {}
RESULT: {}
COMMAND: POST /session/3fbb5aa961da27feb6cf7ecb004886db/element - {"using":"css selector","value":"#application-manageresources-display-component---newResourceUnit--btnAddTimeSegment"}
RESULT: {"using":"css selector","value":"#application-manageresources-display-component---newResourceUnit--btnAddTimeSegment"}
COMMAND: GET /session/3fbb5aa961da27feb6cf7ecb004886db/element/f.0763987BF21D2E15D38664A642A1837D.d.A11D6AFCE78588BDC0F4FBE0B59B4541.e.9289/rect - {}
RESULT: {}
COMMAND: GET /session/3fbb5aa961da27feb6cf7ecb004886db/window/rect - {}
RESULT: {}
COMMAND: POST /session/3fbb5aa961da27feb6cf7ecb004886db/execute/sync - {"script":"<script> [92 bytes]","args":[]}
RESULT: {"script":"<script> [92 bytes]","args":[]}
COMMAND: POST /session/3fbb5aa961da27feb6cf7ecb004886db/actions - {"actions":[{"id":"action30","type":"wheel","parameters":{},"actions":[{"type":"scroll","x":-1888,"y":-32,"deltaX":0,"deltaY":0,"duration":0,"origin":{"element-6066-11e4-a52e-4f735466cecf":"f.0763987BF21D2E15D38664A642A1837D.d.A11D6AFCE78588BDC0F4FBE0B59B4541.e.9289"}}]}]}
COMMAND: GET /session/3fbb5aa961da27feb6cf7ecb004886db/screenshot - {}
RESULT: {}
COMMAND: POST /session/3fbb5aa961da27feb6cf7ecb004886db/execute/sync - {"script":"<script> [79 bytes]","args":[{"element-6066-11e4-a52e-4f735466cecf":"f.0763987BF21D2E15D38664A642A1837D.d.A11D6AFCE78588BDC0F4FBE0B59B4541.e.9289","ELEMENT":"f.0763987BF21D2E15D38664A642A1837D.d.A11D6AFCE78588BDC0F4FBE0B59B4541.e.9289"},{"block":"start","inline":"nearest"}]}
RESULT: {"script":"<script> [79 bytes]","args":[{"element-6066-11e4-a52e-4f735466cecf":"f.0763987BF21D2E15D38664A642A1837D.d.A11D6AFCE78588BDC0F4FBE0B59B4541.e.9289","ELEMENT":"f.0763987BF21D2E15D38664A642A1837D.d.A11D6AFCE78588BDC0F4FBE0B59B4541.e.9289"},{"block":"start","inline":"nearest"}]}
COMMAND: POST /session/3fbb5aa961da27feb6cf7ecb004886db/execute/async - {"script":"<script> [1562 bytes]","args":[{"selector":{"id":"application-manageresources-display-component---newResourceUnit--btnAddTimeSegment","interaction":{"idSuffix":"inner"}},"wdio_ui5_key":"applicationmanageresources-display-component---newResourceUnit--btnAddTimeSegment"}]}
COMMAND: GET /session/3fbb5aa961da27feb6cf7ecb004886db/screenshot - {}
RESULT: {"script":"<script> [1562 bytes]","args":[{"selector":{"id":"application-manageresources-display-component---newResourceUnit--btnAddTimeSegment","interaction":{"idSuffix":"inner"}},"wdio_ui5_key":"applicationmanageresources-display-component---newResourceUnit--btnAddTimeSegment"}]}
RESULT: undefined
COMMAND: POST /session/3fbb5aa961da27feb6cf7ecb004886db/element - {"using":"xpath","value":"//*[@id=\"application-manageresources-display-component---newResourceUnit--btnAddTimeSegment\"]"}
RESULT: {}
RESULT: {"using":"xpath","value":"//*[@id=\"application-manageresources-display-component---newResourceUnit--btnAddTimeSegment\"]"}
COMMAND: POST /session/3fbb5aa961da27feb6cf7ecb004886db/element/f.0763987BF21D2E15D38664A642A1837D.d.A11D6AFCE78588BDC0F4FBE0B59B4541.e.9289/click - {}
RESULT: {}
COMMAND: GET /session/3fbb5aa961da27feb6cf7ecb004886db/screenshot - {}
RESULT: {}
COMMAND: POST /session/3fbb5aa961da27feb6cf7ecb004886db/element - {"using":"xpath","value":"//input[@id=\"application-manageresources-display-component---newResourceUnit--idRuTSAdmin-application-manageresources-display-component---newResourceUnit--RUTimeSegment-0-inner\"]"}
RESULT: {"using":"xpath","value":"//input[@id=\"application-manageresources-display-component---newResourceUnit--idRuTSAdmin-application-manageresources-display-component---newResourceUnit--RUTimeSegment-0-inner\"]"}
COMMAND: POST /session/3fbb5aa961da27feb6cf7ecb004886db/element/f.0763987BF21D2E15D38664A642A1837D.d.A11D6AFCE78588BDC0F4FBE0B59B4541.e.9295/clear - {}
RESULT: {}
COMMAND: POST /session/3fbb5aa961da27feb6cf7ecb004886db/element/f.0763987BF21D2E15D38664A642A1837D.d.A11D6AFCE78588BDC0F4FBE0B59B4541.e.9295/value - {"text":"478"}
COMMAND: GET /session/3fbb5aa961da27feb6cf7ecb004886db/screenshot - {}
RESULT: {"text":"478"}
COMMAND: GET /session/3fbb5aa961da27feb6cf7ecb004886db/screenshot - {}
RESULT: {}
RESULT: {}
COMMAND: POST /session/3fbb5aa961da27feb6cf7ecb004886db/element - {"using":"xpath","value":"//li[.//span[text()='478']]"}
RESULT: {"using":"xpath","value":"//li[.//span[text()='478']]"}
COMMAND: POST /session/3fbb5aa961da27feb6cf7ecb004886db/element/f.0763987BF21D2E15D38664A642A1837D.d.A11D6AFCE78588BDC0F4FBE0B59B4541.e.9307/click - {}
RESULT: {}
COMMAND: GET /session/3fbb5aa961da27feb6cf7ecb004886db/screenshot - {}
RESULT: {}
COMMAND: POST /session/3fbb5aa961da27feb6cf7ecb004886db/element - {"using":"xpath","value":"(//span[contains(@id, \"-application-manageresources-display-component---newResourceUnit--RUTimeSegment-0-arrow\")])[6]"}
RESULT: {"using":"xpath","value":"(//span[contains(@id, \"-application-manageresources-display-component---newResourceUnit--RUTimeSegment-0-arrow\")])[6]"}
COMMAND: POST /session/3fbb5aa961da27feb6cf7ecb004886db/element/f.0763987BF21D2E15D38664A642A1837D.d.A11D6AFCE78588BDC0F4FBE0B59B4541.e.9308/click - {}
RESULT: {}
COMMAND: POST /session/3fbb5aa961da27feb6cf7ecb004886db/element - {"using":"xpath","value":"//span[contains(text(), \"PM Order\")]"}
COMMAND: GET /session/3fbb5aa961da27feb6cf7ecb004886db/screenshot - {}
RESULT: {"using":"xpath","value":"//span[contains(text(), \"PM Order\")]"}
COMMAND: POST /session/3fbb5aa961da27feb6cf7ecb004886db/element/f.0763987BF21D2E15D38664A642A1837D.d.A11D6AFCE78588BDC0F4FBE0B59B4541.e.9311/click - {}
RESULT: {}
RESULT: {}
COMMAND: GET /session/3fbb5aa961da27feb6cf7ecb004886db/screenshot - {}
RESULT: {}
COMMAND: POST /session/3fbb5aa961da27feb6cf7ecb004886db/element - {"using":"xpath","value":"(//span[contains(@id ,\"manageresources-display-component---newResourceUnit--RUTimeSegment-0-vhi\")])[2]"}
RESULT: {"using":"xpath","value":"(//span[contains(@id ,\"manageresources-display-component---newResourceUnit--RUTimeSegment-0-vhi\")])[2]"}
COMMAND: POST /session/3fbb5aa961da27feb6cf7ecb004886db/element/f.0763987BF21D2E15D38664A642A1837D.d.A11D6AFCE78588BDC0F4FBE0B59B4541.e.9314/click - {}
RESULT: {}
COMMAND: GET /session/3fbb5aa961da27feb6cf7ecb004886db/screenshot - {}
RESULT: {}
COMMAND: POST /session/3fbb5aa961da27feb6cf7ecb004886db/execute/async - {"script":"<script> [1562 bytes]","args":[{"selector":{"controlType":"sap.m.SearchField","properties":{"placeholder":"Search"},"searchOpenDialogs":true,"interaction":{"idSuffix":"I"}},"wdio_ui5_key":"sapm.SearchField{\"placeholder\":\"Search\"}"}]}
RESULT: {"script":"<script> [1562 bytes]","args":[{"selector":{"controlType":"sap.m.SearchField","properties":{"placeholder":"Search"},"searchOpenDialogs":true,"interaction":{"idSuffix":"I"}},"wdio_ui5_key":"sapm.SearchField{\"placeholder\":\"Search\"}"}]}
RESULT: undefined
COMMAND: POST /session/3fbb5aa961da27feb6cf7ecb004886db/execute/async - {"script":"<script> [776 bytes]","args":[{"enterText":"4000360","selector":{"controlType":"sap.m.SearchField","properties":{"placeholder":"Search"},"searchOpenDialogs":true,"interaction":{"idSuffix":"I"}},"clearTextFirst":true,"interactionType":"ENTER_TEXT"}]}
RESULT: {"script":"<script> [776 bytes]","args":[{"enterText":"4000360","selector":{"controlType":"sap.m.SearchField","properties":{"placeholder":"Search"},"searchOpenDialogs":true,"interaction":{"idSuffix":"I"}},"clearTextFirst":true,"interactionType":"ENTER_TEXT"}]}
COMMAND: POST /session/3fbb5aa961da27feb6cf7ecb004886db/actions - {"actions":[{"id":"action31","type":"key","parameters":{},"actions":[{"type":"keyDown","value":""},{"type":"pause","duration":10},{"type":"keyUp","value":""}]}]}
RESULT: {"actions":[{"id":"action31","type":"key","parameters":{},"actions":[{"type":"keyDown","value":""},{"type":"pause","duration":10},{"type":"keyUp","value":""}]}]}
COMMAND: GET /session/3fbb5aa961da27feb6cf7ecb004886db/screenshot - {}
RESULT: {}
COMMAND: POST /session/3fbb5aa961da27feb6cf7ecb004886db/element - {"using":"xpath","value":"//td/div/span[contains(text(), \"BGL Vehicles\")]"}
RESULT: {"using":"xpath","value":"//td/div/span[contains(text(), \"BGL Vehicles\")]"}
COMMAND: POST /session/3fbb5aa961da27feb6cf7ecb004886db/element/f.0763987BF21D2E15D38664A642A1837D.d.A11D6AFCE78588BDC0F4FBE0B59B4541.e.9334/click - {}
RESULT: {}
COMMAND: GET /session/3fbb5aa961da27feb6cf7ecb004886db/screenshot - {}
RESULT: {}
COMMAND: POST /session/3fbb5aa961da27feb6cf7ecb004886db/element - {"using":"xpath","value":"//bdi[contains(text(), \"OK\")]"}
RESULT: {"using":"xpath","value":"//bdi[contains(text(), \"OK\")]"}
COMMAND: POST /session/3fbb5aa961da27feb6cf7ecb004886db/element/f.0763987BF21D2E15D38664A642A1837D.d.A11D6AFCE78588BDC0F4FBE0B59B4541.e.9335/click - {}
RESULT: {}
COMMAND: GET /session/3fbb5aa961da27feb6cf7ecb004886db/screenshot - {}
RESULT: {}
COMMAND: POST /session/3fbb5aa961da27feb6cf7ecb004886db/execute/async - {"script":"<script> [1562 bytes]","args":[{"selector":{"id":"application-manageresources-display-component---newResourceUnit--newRRUPage-anchBar-application-manageresources-display-component---newResourceUnit--resource-anchor","interaction":{"idSuffix":"BDI-content"}},"wdio_ui5_key":"applicationmanageresources-display-component---newResourceUnit--newRRUPage-anchBar-application-manageresources-display-component---newResourceUnit--resource-anchor"}]}
RESULT: {"script":"<script> [1562 bytes]","args":[{"selector":{"id":"application-manageresources-display-component---newResourceUnit--newRRUPage-anchBar-application-manageresources-display-component---newResourceUnit--resource-anchor","interaction":{"idSuffix":"BDI-content"}},"wdio_ui5_key":"applicationmanageresources-display-component---newResourceUnit--newRRUPage-anchBar-application-manageresources-display-component---newResourceUnit--resource-anchor"}]}
RESULT: undefined
COMMAND: POST /session/3fbb5aa961da27feb6cf7ecb004886db/element - {"using":"xpath","value":"//*[@id=\"application-manageresources-display-component---newResourceUnit--newRRUPage-anchBar-application-manageresources-display-component---newResourceUnit--resource-anchor\"]"}
RESULT: {"using":"xpath","value":"//*[@id=\"application-manageresources-display-component---newResourceUnit--newRRUPage-anchBar-application-manageresources-display-component---newResourceUnit--resource-anchor\"]"}
COMMAND: POST /session/3fbb5aa961da27feb6cf7ecb004886db/element/f.0763987BF21D2E15D38664A642A1837D.d.A11D6AFCE78588BDC0F4FBE0B59B4541.e.9339/click - {}
RESULT: {}
COMMAND: POST /session/3fbb5aa961da27feb6cf7ecb004886db/execute/async - {"script":"<script> [1562 bytes]","args":[{"selector":{"id":"application-manageresources-display-component---newResourceUnit--PLANNED_DELIVERY_DATE","interaction":{"idSuffix":"inner"}},"wdio_ui5_key":"applicationmanageresources-display-component---newResourceUnit--PLANNED_DELIVERY_DATE"}]}
COMMAND: GET /session/3fbb5aa961da27feb6cf7ecb004886db/screenshot - {}
RESULT: {"script":"<script> [1562 bytes]","args":[{"selector":{"id":"application-manageresources-display-component---newResourceUnit--PLANNED_DELIVERY_DATE","interaction":{"idSuffix":"inner"}},"wdio_ui5_key":"applicationmanageresources-display-component---newResourceUnit--PLANNED_DELIVERY_DATE"}]}
RESULT: undefined
COMMAND: POST /session/3fbb5aa961da27feb6cf7ecb004886db/execute/async - {"script":"<script> [6424 bytes]","args":[{"element-6066-11e4-a52e-4f735466cecf":"f.0763987BF21D2E15D38664A642A1837D.d.A11D6AFCE78588BDC0F4FBE0B59B4541.e.9203"},"setValue",["4/17/25"]]}
RESULT: {}
RESULT: {"script":"<script> [6424 bytes]","args":[{"element-6066-11e4-a52e-4f735466cecf":"f.0763987BF21D2E15D38664A642A1837D.d.A11D6AFCE78588BDC0F4FBE0B59B4541.e.9203"},"setValue",["4/17/25"]]}
COMMAND: POST /session/3fbb5aa961da27feb6cf7ecb004886db/element - {"using":"xpath","value":"//button[@data-kt=\"resourceUnitSaveButton\"]"}
RESULT: {"using":"xpath","value":"//button[@data-kt=\"resourceUnitSaveButton\"]"}
COMMAND: POST /session/3fbb5aa961da27feb6cf7ecb004886db/element/f.0763987BF21D2E15D38664A642A1837D.d.A11D6AFCE78588BDC0F4FBE0B59B4541.e.9163/click - {}
RESULT: {}
COMMAND: GET /session/3fbb5aa961da27feb6cf7ecb004886db/screenshot - {}
RESULT: {}
COMMAND: POST /session/3fbb5aa961da27feb6cf7ecb004886db/element - {"using":"xpath","value":"//bdi[contains(text(), \"Close\")]"}
RESULT: {"using":"xpath","value":"//bdi[contains(text(), \"Close\")]"}
COMMAND: POST /session/3fbb5aa961da27feb6cf7ecb004886db/element/f.0763987BF21D2E15D38664A642A1837D.d.A11D6AFCE78588BDC0F4FBE0B59B4541.e.9349/click - {}
RESULT: {}
COMMAND: GET /session/3fbb5aa961da27feb6cf7ecb004886db/screenshot - {}
RESULT: {}
COMMAND: POST /session/3fbb5aa961da27feb6cf7ecb004886db/element - {"using":"xpath","value":"(//button[contains(@id ,\"actionsToolbar-overflowButton\")])[1]"}
RESULT: {"using":"xpath","value":"(//button[contains(@id ,\"actionsToolbar-overflowButton\")])[1]"}
COMMAND: POST /session/3fbb5aa961da27feb6cf7ecb004886db/element/f.0763987BF21D2E15D38664A642A1837D.d.A11D6AFCE78588BDC0F4FBE0B59B4541.e.9404/click - {}
RESULT: {}
COMMAND: GET /session/3fbb5aa961da27feb6cf7ecb004886db/screenshot - {}
RESULT: {}
COMMAND: POST /session/3fbb5aa961da27feb6cf7ecb004886db/element - {"using":"xpath","value":"//button[@data-kt=\"priceInfoButton\"]"}
RESULT: {"using":"xpath","value":"//button[@data-kt=\"priceInfoButton\"]"}
COMMAND: POST /session/3fbb5aa961da27feb6cf7ecb004886db/element/f.0763987BF21D2E15D38664A642A1837D.d.A11D6AFCE78588BDC0F4FBE0B59B4541.e.9406/click - {}
RESULT: {}
COMMAND: GET /session/3fbb5aa961da27feb6cf7ecb004886db/screenshot - {}
]]></system-out>
    </testcase>
    <testcase classname="chrome.135_0_7049_42.windows.Billing_Transfer_-_Intracompany_US127249" name="Should create a pricing procedure" time="60.656">
      <system-out><![CDATA[
COMMAND: POST /session/3fbb5aa961da27feb6cf7ecb004886db/element - {"using":"xpath","value":"//button[@data-kt=\"addButton\"]"}
RESULT: {}
RESULT: {"using":"xpath","value":"//button[@data-kt=\"addButton\"]"}
COMMAND: POST /session/3fbb5aa961da27feb6cf7ecb004886db/elements - {"using":"xpath","value":"//button[@data-kt=\"addButton\"]"}
RESULT: {"using":"xpath","value":"//button[@data-kt=\"addButton\"]"}
COMMAND: POST /session/3fbb5aa961da27feb6cf7ecb004886db/execute/sync - {"script":"<script> [8489 bytes]","args":[{"element-6066-11e4-a52e-4f735466cecf":"f.0763987BF21D2E15D38664A642A1837D.d.A11D6AFCE78588BDC0F4FBE0B59B4541.e.9443","ELEMENT":"f.0763987BF21D2E15D38664A642A1837D.d.A11D6AFCE78588BDC0F4FBE0B59B4541.e.9443"}]}
RESULT: {"script":"<script> [8489 bytes]","args":[{"element-6066-11e4-a52e-4f735466cecf":"f.0763987BF21D2E15D38664A642A1837D.d.A11D6AFCE78588BDC0F4FBE0B59B4541.e.9443","ELEMENT":"f.0763987BF21D2E15D38664A642A1837D.d.A11D6AFCE78588BDC0F4FBE0B59B4541.e.9443"}]}
COMMAND: GET /session/3fbb5aa961da27feb6cf7ecb004886db/element/f.0763987BF21D2E15D38664A642A1837D.d.A11D6AFCE78588BDC0F4FBE0B59B4541.e.9443/enabled - {}
COMMAND: GET /session/3fbb5aa961da27feb6cf7ecb004886db/screenshot - {}
RESULT: {}
COMMAND: POST /session/3fbb5aa961da27feb6cf7ecb004886db/execute/sync - {"script":"<script> [8489 bytes]","args":[{"element-6066-11e4-a52e-4f735466cecf":"f.0763987BF21D2E15D38664A642A1837D.d.A11D6AFCE78588BDC0F4FBE0B59B4541.e.9443","ELEMENT":"f.0763987BF21D2E15D38664A642A1837D.d.A11D6AFCE78588BDC0F4FBE0B59B4541.e.9443"}]}
COMMAND: GET /session/3fbb5aa961da27feb6cf7ecb004886db/screenshot - {}
RESULT: {}
RESULT: {"script":"<script> [8489 bytes]","args":[{"element-6066-11e4-a52e-4f735466cecf":"f.0763987BF21D2E15D38664A642A1837D.d.A11D6AFCE78588BDC0F4FBE0B59B4541.e.9443","ELEMENT":"f.0763987BF21D2E15D38664A642A1837D.d.A11D6AFCE78588BDC0F4FBE0B59B4541.e.9443"}]}
COMMAND: POST /session/3fbb5aa961da27feb6cf7ecb004886db/execute/sync - {"script":"<script> [5351 bytes]","args":[{"element-6066-11e4-a52e-4f735466cecf":"f.0763987BF21D2E15D38664A642A1837D.d.A11D6AFCE78588BDC0F4FBE0B59B4541.e.9443","ELEMENT":"f.0763987BF21D2E15D38664A642A1837D.d.A11D6AFCE78588BDC0F4FBE0B59B4541.e.9443"}]}
COMMAND: GET /session/3fbb5aa961da27feb6cf7ecb004886db/screenshot - {}
RESULT: {}
RESULT: {"script":"<script> [5351 bytes]","args":[{"element-6066-11e4-a52e-4f735466cecf":"f.0763987BF21D2E15D38664A642A1837D.d.A11D6AFCE78588BDC0F4FBE0B59B4541.e.9443","ELEMENT":"f.0763987BF21D2E15D38664A642A1837D.d.A11D6AFCE78588BDC0F4FBE0B59B4541.e.9443"}]}
COMMAND: POST /session/3fbb5aa961da27feb6cf7ecb004886db/element/f.0763987BF21D2E15D38664A642A1837D.d.A11D6AFCE78588BDC0F4FBE0B59B4541.e.9443/click - {}
COMMAND: GET /session/3fbb5aa961da27feb6cf7ecb004886db/screenshot - {}
RESULT: {}
RESULT: {}
RESULT: {}
COMMAND: GET /session/3fbb5aa961da27feb6cf7ecb004886db/screenshot - {}
RESULT: {}
COMMAND: POST /session/3fbb5aa961da27feb6cf7ecb004886db/execute/async - {"script":"<script> [1562 bytes]","args":[{"selector":{"controlType":"sap.m.Title","viewName":"etm.portal.ui.managepricingrules.view.NewItem","viewId":"application-managepricingrules-display-component---newInfoPriceItem","properties":{"text":"New Pricing Rules - Item Level"}},"wdio_ui5_key":"etmportal.ui.managepricingrules.view.NewItemsap.m.Title{\"text\":\"New Pricing Rules - Item Level\"}"}]}
RESULT: {"script":"<script> [1562 bytes]","args":[{"selector":{"controlType":"sap.m.Title","viewName":"etm.portal.ui.managepricingrules.view.NewItem","viewId":"application-managepricingrules-display-component---newInfoPriceItem","properties":{"text":"New Pricing Rules - Item Level"}},"wdio_ui5_key":"etmportal.ui.managepricingrules.view.NewItemsap.m.Title{\"text\":\"New Pricing Rules - Item Level\"}"}]}
RESULT: undefined
COMMAND: POST /session/3fbb5aa961da27feb6cf7ecb004886db/execute/async - {"script":"<script> [6424 bytes]","args":[{"element-6066-11e4-a52e-4f735466cecf":"f.0763987BF21D2E15D38664A642A1837D.d.A11D6AFCE78588BDC0F4FBE0B59B4541.e.9517"},"getText",[]]}
RESULT: {"script":"<script> [6424 bytes]","args":[{"element-6066-11e4-a52e-4f735466cecf":"f.0763987BF21D2E15D38664A642A1837D.d.A11D6AFCE78588BDC0F4FBE0B59B4541.e.9517"},"getText",[]]}
COMMAND: POST /session/3fbb5aa961da27feb6cf7ecb004886db/execute/async - {"script":"<script> [1562 bytes]","args":[{"selector":{"id":"application-managepricingrules-display-component---newInfoPriceItem--condValidTo","interaction":{"idSuffix":"inner"}},"wdio_ui5_key":"applicationmanagepricingrules-display-component---newInfoPriceItem--condValidTo"}]}
RESULT: {"script":"<script> [1562 bytes]","args":[{"selector":{"id":"application-managepricingrules-display-component---newInfoPriceItem--condValidTo","interaction":{"idSuffix":"inner"}},"wdio_ui5_key":"applicationmanagepricingrules-display-component---newInfoPriceItem--condValidTo"}]}
RESULT: undefined
COMMAND: POST /session/3fbb5aa961da27feb6cf7ecb004886db/execute/async - {"script":"<script> [776 bytes]","args":[{"enterText":"12/17/25","selector":{"id":"application-managepricingrules-display-component---newInfoPriceItem--condValidTo","interaction":{"idSuffix":"inner"}},"clearTextFirst":true,"interactionType":"ENTER_TEXT"}]}
RESULT: {"script":"<script> [776 bytes]","args":[{"enterText":"12/17/25","selector":{"id":"application-managepricingrules-display-component---newInfoPriceItem--condValidTo","interaction":{"idSuffix":"inner"}},"clearTextFirst":true,"interactionType":"ENTER_TEXT"}]}
COMMAND: POST /session/3fbb5aa961da27feb6cf7ecb004886db/execute/async - {"script":"<script> [1562 bytes]","args":[{"selector":{"id":"application-managepricingrules-display-component---newInfoPriceItem--billType-arrow"},"wdio_ui5_key":"applicationmanagepricingrules-display-component---newInfoPriceItem--billType-arrow"}]}
RESULT: {"script":"<script> [1562 bytes]","args":[{"selector":{"id":"application-managepricingrules-display-component---newInfoPriceItem--billType-arrow"},"wdio_ui5_key":"applicationmanagepricingrules-display-component---newInfoPriceItem--billType-arrow"}]}
RESULT: undefined
COMMAND: POST /session/3fbb5aa961da27feb6cf7ecb004886db/element - {"using":"xpath","value":"//*[@id=\"application-managepricingrules-display-component---newInfoPriceItem--billType-arrow\"]"}
RESULT: {"using":"xpath","value":"//*[@id=\"application-managepricingrules-display-component---newInfoPriceItem--billType-arrow\"]"}
COMMAND: POST /session/3fbb5aa961da27feb6cf7ecb004886db/element/f.0763987BF21D2E15D38664A642A1837D.d.A11D6AFCE78588BDC0F4FBE0B59B4541.e.9574/click - {}
RESULT: {}
COMMAND: POST /session/3fbb5aa961da27feb6cf7ecb004886db/element - {"using":"xpath","value":"//span[contains(text(), \"TB - Time based\")]"}
COMMAND: GET /session/3fbb5aa961da27feb6cf7ecb004886db/screenshot - {}
RESULT: {"using":"xpath","value":"//span[contains(text(), \"TB - Time based\")]"}
COMMAND: POST /session/3fbb5aa961da27feb6cf7ecb004886db/element/f.0763987BF21D2E15D38664A642A1837D.d.A11D6AFCE78588BDC0F4FBE0B59B4541.e.9616/click - {}
RESULT: {}
RESULT: {}
COMMAND: POST /session/3fbb5aa961da27feb6cf7ecb004886db/execute/async - {"script":"<script> [1562 bytes]","args":[{"selector":{"id":"application-managepricingrules-display-component---newInfoPriceItem--priceProc-arrow"},"wdio_ui5_key":"applicationmanagepricingrules-display-component---newInfoPriceItem--priceProc-arrow"}]}
COMMAND: GET /session/3fbb5aa961da27feb6cf7ecb004886db/screenshot - {}
RESULT: {"script":"<script> [1562 bytes]","args":[{"selector":{"id":"application-managepricingrules-display-component---newInfoPriceItem--priceProc-arrow"},"wdio_ui5_key":"applicationmanagepricingrules-display-component---newInfoPriceItem--priceProc-arrow"}]}
RESULT: undefined
COMMAND: POST /session/3fbb5aa961da27feb6cf7ecb004886db/element - {"using":"xpath","value":"//*[@id=\"application-managepricingrules-display-component---newInfoPriceItem--priceProc-arrow\"]"}
RESULT: {}
RESULT: {"using":"xpath","value":"//*[@id=\"application-managepricingrules-display-component---newInfoPriceItem--priceProc-arrow\"]"}
COMMAND: POST /session/3fbb5aa961da27feb6cf7ecb004886db/element/f.0763987BF21D2E15D38664A642A1837D.d.A11D6AFCE78588BDC0F4FBE0B59B4541.e.9581/click - {}
RESULT: {}
COMMAND: POST /session/3fbb5aa961da27feb6cf7ecb004886db/element - {"using":"xpath","value":"//span[contains(text(), \"TBS - Time based standard\")]"}
COMMAND: GET /session/3fbb5aa961da27feb6cf7ecb004886db/screenshot - {}
RESULT: {"using":"xpath","value":"//span[contains(text(), \"TBS - Time based standard\")]"}
COMMAND: POST /session/3fbb5aa961da27feb6cf7ecb004886db/element/f.0763987BF21D2E15D38664A642A1837D.d.A11D6AFCE78588BDC0F4FBE0B59B4541.e.9617/click - {}
RESULT: {}
RESULT: {}
COMMAND: POST /session/3fbb5aa961da27feb6cf7ecb004886db/execute/async - {"script":"<script> [1562 bytes]","args":[{"selector":{"id":"application-managepricingrules-display-component---newInfoPriceItem--calcBase-arrow"},"wdio_ui5_key":"applicationmanagepricingrules-display-component---newInfoPriceItem--calcBase-arrow"}]}
COMMAND: GET /session/3fbb5aa961da27feb6cf7ecb004886db/screenshot - {}
RESULT: {"script":"<script> [1562 bytes]","args":[{"selector":{"id":"application-managepricingrules-display-component---newInfoPriceItem--calcBase-arrow"},"wdio_ui5_key":"applicationmanagepricingrules-display-component---newInfoPriceItem--calcBase-arrow"}]}
RESULT: undefined
COMMAND: POST /session/3fbb5aa961da27feb6cf7ecb004886db/element - {"using":"xpath","value":"//*[@id=\"application-managepricingrules-display-component---newInfoPriceItem--calcBase-arrow\"]"}
RESULT: {}
RESULT: {"using":"xpath","value":"//*[@id=\"application-managepricingrules-display-component---newInfoPriceItem--calcBase-arrow\"]"}
COMMAND: POST /session/3fbb5aa961da27feb6cf7ecb004886db/element/f.0763987BF21D2E15D38664A642A1837D.d.A11D6AFCE78588BDC0F4FBE0B59B4541.e.9588/click - {}
RESULT: {}
COMMAND: GET /session/3fbb5aa961da27feb6cf7ecb004886db/screenshot - {}
RESULT: {}
COMMAND: POST /session/3fbb5aa961da27feb6cf7ecb004886db/element - {"using":"xpath","value":"//span[contains(text(), \"0006 - TB(calendar days)\")]"}
RESULT: {"using":"xpath","value":"//span[contains(text(), \"0006 - TB(calendar days)\")]"}
COMMAND: POST /session/3fbb5aa961da27feb6cf7ecb004886db/element/f.0763987BF21D2E15D38664A642A1837D.d.A11D6AFCE78588BDC0F4FBE0B59B4541.e.9618/click - {}
RESULT: {}
COMMAND: GET /session/3fbb5aa961da27feb6cf7ecb004886db/screenshot - {}
RESULT: {}
COMMAND: POST /session/3fbb5aa961da27feb6cf7ecb004886db/execute/async - {"script":"<script> [1562 bytes]","args":[{"selector":{"id":"application-managepricingrules-display-component---newInfoPriceItem--daysMonth","interaction":{"idSuffix":"inner"}},"wdio_ui5_key":"applicationmanagepricingrules-display-component---newInfoPriceItem--daysMonth"}]}
RESULT: {"script":"<script> [1562 bytes]","args":[{"selector":{"id":"application-managepricingrules-display-component---newInfoPriceItem--daysMonth","interaction":{"idSuffix":"inner"}},"wdio_ui5_key":"applicationmanagepricingrules-display-component---newInfoPriceItem--daysMonth"}]}
RESULT: undefined
COMMAND: POST /session/3fbb5aa961da27feb6cf7ecb004886db/execute/async - {"script":"<script> [776 bytes]","args":[{"enterText":"30","selector":{"id":"application-managepricingrules-display-component---newInfoPriceItem--daysMonth","interaction":{"idSuffix":"inner"}},"clearTextFirst":true,"interactionType":"ENTER_TEXT"}]}
RESULT: {"script":"<script> [776 bytes]","args":[{"enterText":"30","selector":{"id":"application-managepricingrules-display-component---newInfoPriceItem--daysMonth","interaction":{"idSuffix":"inner"}},"clearTextFirst":true,"interactionType":"ENTER_TEXT"}]}
COMMAND: POST /session/3fbb5aa961da27feb6cf7ecb004886db/element - {"using":"xpath","value":"//button[@data-kt=\"saveNewRuleButton\"]"}
RESULT: {"using":"xpath","value":"//button[@data-kt=\"saveNewRuleButton\"]"}
COMMAND: POST /session/3fbb5aa961da27feb6cf7ecb004886db/element/f.0763987BF21D2E15D38664A642A1837D.d.A11D6AFCE78588BDC0F4FBE0B59B4541.e.9609/click - {}
RESULT: {}
COMMAND: GET /session/3fbb5aa961da27feb6cf7ecb004886db/screenshot - {}
RESULT: {}
COMMAND: POST /session/3fbb5aa961da27feb6cf7ecb004886db/execute/async - {"script":"<script> [1562 bytes]","args":[{"selector":{"id":"application-managepricingrules-display-component---priceInfoItem--smartFilterBar-btnBasicSearch","interaction":{"idSuffix":"I"}},"wdio_ui5_key":"applicationmanagepricingrules-display-component---priceInfoItem--smartFilterBar-btnBasicSearch"}]}
RESULT: {"script":"<script> [1562 bytes]","args":[{"selector":{"id":"application-managepricingrules-display-component---priceInfoItem--smartFilterBar-btnBasicSearch","interaction":{"idSuffix":"I"}},"wdio_ui5_key":"applicationmanagepricingrules-display-component---priceInfoItem--smartFilterBar-btnBasicSearch"}]}
RESULT: undefined
COMMAND: POST /session/3fbb5aa961da27feb6cf7ecb004886db/execute/async - {"script":"<script> [776 bytes]","args":[{"enterText":"6YfXoZcBLO","selector":{"id":"application-managepricingrules-display-component---priceInfoItem--smartFilterBar-btnBasicSearch","interaction":{"idSuffix":"I"}},"clearTextFirst":true,"interactionType":"ENTER_TEXT"}]}
RESULT: {"script":"<script> [776 bytes]","args":[{"enterText":"6YfXoZcBLO","selector":{"id":"application-managepricingrules-display-component---priceInfoItem--smartFilterBar-btnBasicSearch","interaction":{"idSuffix":"I"}},"clearTextFirst":true,"interactionType":"ENTER_TEXT"}]}
COMMAND: POST /session/3fbb5aa961da27feb6cf7ecb004886db/actions - {"actions":[{"id":"action32","type":"key","parameters":{},"actions":[{"type":"keyDown","value":""},{"type":"pause","duration":10},{"type":"keyUp","value":""}]}]}
RESULT: {"actions":[{"id":"action32","type":"key","parameters":{},"actions":[{"type":"keyDown","value":""},{"type":"pause","duration":10},{"type":"keyUp","value":""}]}]}
COMMAND: GET /session/3fbb5aa961da27feb6cf7ecb004886db/screenshot - {}
RESULT: {}
COMMAND: POST /session/3fbb5aa961da27feb6cf7ecb004886db/element - {"using":"xpath","value":"//span[@id=\"application-managepricingrules-display-component---priceInfoItem--smartTable-header-inner\"]"}
RESULT: {"using":"xpath","value":"//span[@id=\"application-managepricingrules-display-component---priceInfoItem--smartTable-header-inner\"]"}
COMMAND: POST /session/3fbb5aa961da27feb6cf7ecb004886db/elements - {"using":"xpath","value":"//span[@id=\"application-managepricingrules-display-component---priceInfoItem--smartTable-header-inner\"]"}
RESULT: {"using":"xpath","value":"//span[@id=\"application-managepricingrules-display-component---priceInfoItem--smartTable-header-inner\"]"}
COMMAND: POST /session/3fbb5aa961da27feb6cf7ecb004886db/execute/sync - {"script":"<script> [56 bytes]","args":[{"element-6066-11e4-a52e-4f735466cecf":"f.0763987BF21D2E15D38664A642A1837D.d.A11D6AFCE78588BDC0F4FBE0B59B4541.e.9643","ELEMENT":"f.0763987BF21D2E15D38664A642A1837D.d.A11D6AFCE78588BDC0F4FBE0B59B4541.e.9643"}]}
RESULT: {"script":"<script> [56 bytes]","args":[{"element-6066-11e4-a52e-4f735466cecf":"f.0763987BF21D2E15D38664A642A1837D.d.A11D6AFCE78588BDC0F4FBE0B59B4541.e.9643","ELEMENT":"f.0763987BF21D2E15D38664A642A1837D.d.A11D6AFCE78588BDC0F4FBE0B59B4541.e.9643"}]}
COMMAND: POST /session/3fbb5aa961da27feb6cf7ecb004886db/element - {"using":"css selector","value":"#shell-header-logo"}
COMMAND: GET /session/3fbb5aa961da27feb6cf7ecb004886db/screenshot - {}
RESULT: {}
RESULT: {"using":"css selector","value":"#shell-header-logo"}
COMMAND: POST /session/3fbb5aa961da27feb6cf7ecb004886db/element/f.0763987BF21D2E15D38664A642A1837D.d.A11D6AFCE78588BDC0F4FBE0B59B4541.e.8759/click - {}
RESULT: {}
COMMAND: GET /session/3fbb5aa961da27feb6cf7ecb004886db/screenshot - {}
RESULT: {}
]]></system-out>
    </testcase>
    <testcase classname="chrome.135_0_7049_42.windows.Billing_Transfer_-_Intracompany_US127249" name="Should manage conditions" time="76.908">
      <system-out><![CDATA[
COMMAND: POST /session/3fbb5aa961da27feb6cf7ecb004886db/execute/async - {"script":"<script> [1562 bytes]","args":[{"selector":{"controlType":"sap.m.Text","properties":{"text":"Manage Conditions & Prices"},"interaction":{"idSuffix":"inner"}},"wdio_ui5_key":"sapm.Text{\"text\":\"Manage Conditions & Prices\"}"}]}
RESULT: {"script":"<script> [1562 bytes]","args":[{"selector":{"controlType":"sap.m.Text","properties":{"text":"Manage Conditions & Prices"},"interaction":{"idSuffix":"inner"}},"wdio_ui5_key":"sapm.Text{\"text\":\"Manage Conditions & Prices\"}"}]}
RESULT: undefined
COMMAND: POST /session/3fbb5aa961da27feb6cf7ecb004886db/element - {"using":"xpath","value":"//*[@id=\"__tile93-title\"]"}
RESULT: {"using":"xpath","value":"//*[@id=\"__tile93-title\"]"}
COMMAND: POST /session/3fbb5aa961da27feb6cf7ecb004886db/element/f.0763987BF21D2E15D38664A642A1837D.d.A11D6AFCE78588BDC0F4FBE0B59B4541.e.9646/click - {}
RESULT: {}
COMMAND: POST /session/3fbb5aa961da27feb6cf7ecb004886db/element - {"using":"xpath","value":"//button[@aria-label=\"Create\"]"}
COMMAND: GET /session/3fbb5aa961da27feb6cf7ecb004886db/screenshot - {}
RESULT: {"using":"xpath","value":"//button[@aria-label=\"Create\"]"}
COMMAND: POST /session/3fbb5aa961da27feb6cf7ecb004886db/elements - {"using":"xpath","value":"//button[@aria-label=\"Create\"]"}
RESULT: {}
RESULT: {"using":"xpath","value":"//button[@aria-label=\"Create\"]"}
COMMAND: POST /session/3fbb5aa961da27feb6cf7ecb004886db/element - {"using":"xpath","value":"//button[@aria-label=\"Create\"]"}
RESULT: {"using":"xpath","value":"//button[@aria-label=\"Create\"]"}
COMMAND: POST /session/3fbb5aa961da27feb6cf7ecb004886db/execute/sync - {"script":"<script> [8489 bytes]","args":[{"element-6066-11e4-a52e-4f735466cecf":"f.0763987BF21D2E15D38664A642A1837D.d.A11D6AFCE78588BDC0F4FBE0B59B4541.e.9680","ELEMENT":"f.0763987BF21D2E15D38664A642A1837D.d.A11D6AFCE78588BDC0F4FBE0B59B4541.e.9680"}]}
RESULT: {"script":"<script> [8489 bytes]","args":[{"element-6066-11e4-a52e-4f735466cecf":"f.0763987BF21D2E15D38664A642A1837D.d.A11D6AFCE78588BDC0F4FBE0B59B4541.e.9680","ELEMENT":"f.0763987BF21D2E15D38664A642A1837D.d.A11D6AFCE78588BDC0F4FBE0B59B4541.e.9680"}]}
COMMAND: GET /session/3fbb5aa961da27feb6cf7ecb004886db/element/f.0763987BF21D2E15D38664A642A1837D.d.A11D6AFCE78588BDC0F4FBE0B59B4541.e.9680/enabled - {}
COMMAND: GET /session/3fbb5aa961da27feb6cf7ecb004886db/screenshot - {}
RESULT: {}
COMMAND: POST /session/3fbb5aa961da27feb6cf7ecb004886db/execute/sync - {"script":"<script> [8489 bytes]","args":[{"element-6066-11e4-a52e-4f735466cecf":"f.0763987BF21D2E15D38664A642A1837D.d.A11D6AFCE78588BDC0F4FBE0B59B4541.e.9680","ELEMENT":"f.0763987BF21D2E15D38664A642A1837D.d.A11D6AFCE78588BDC0F4FBE0B59B4541.e.9680"}]}
COMMAND: GET /session/3fbb5aa961da27feb6cf7ecb004886db/screenshot - {}
RESULT: {}
RESULT: {"script":"<script> [8489 bytes]","args":[{"element-6066-11e4-a52e-4f735466cecf":"f.0763987BF21D2E15D38664A642A1837D.d.A11D6AFCE78588BDC0F4FBE0B59B4541.e.9680","ELEMENT":"f.0763987BF21D2E15D38664A642A1837D.d.A11D6AFCE78588BDC0F4FBE0B59B4541.e.9680"}]}
COMMAND: POST /session/3fbb5aa961da27feb6cf7ecb004886db/execute/sync - {"script":"<script> [5351 bytes]","args":[{"element-6066-11e4-a52e-4f735466cecf":"f.0763987BF21D2E15D38664A642A1837D.d.A11D6AFCE78588BDC0F4FBE0B59B4541.e.9680","ELEMENT":"f.0763987BF21D2E15D38664A642A1837D.d.A11D6AFCE78588BDC0F4FBE0B59B4541.e.9680"}]}
COMMAND: GET /session/3fbb5aa961da27feb6cf7ecb004886db/screenshot - {}
RESULT: {}
RESULT: {"script":"<script> [5351 bytes]","args":[{"element-6066-11e4-a52e-4f735466cecf":"f.0763987BF21D2E15D38664A642A1837D.d.A11D6AFCE78588BDC0F4FBE0B59B4541.e.9680","ELEMENT":"f.0763987BF21D2E15D38664A642A1837D.d.A11D6AFCE78588BDC0F4FBE0B59B4541.e.9680"}]}
COMMAND: POST /session/3fbb5aa961da27feb6cf7ecb004886db/element/f.0763987BF21D2E15D38664A642A1837D.d.A11D6AFCE78588BDC0F4FBE0B59B4541.e.9680/click - {}
COMMAND: GET /session/3fbb5aa961da27feb6cf7ecb004886db/screenshot - {}
RESULT: {}
RESULT: {}
COMMAND: GET /session/3fbb5aa961da27feb6cf7ecb004886db/screenshot - {}
RESULT: {}
RESULT: {}
COMMAND: POST /session/3fbb5aa961da27feb6cf7ecb004886db/actions - {"actions":[{"id":"action33","type":"key","parameters":{},"actions":[{"type":"keyDown","value":""},{"type":"pause","duration":10},{"type":"keyUp","value":""}]}]}
RESULT: {"actions":[{"id":"action33","type":"key","parameters":{},"actions":[{"type":"keyDown","value":""},{"type":"pause","duration":10},{"type":"keyUp","value":""}]}]}
COMMAND: GET /session/3fbb5aa961da27feb6cf7ecb004886db/screenshot - {}
COMMAND: POST /session/3fbb5aa961da27feb6cf7ecb004886db/execute/async - {"script":"<script> [1562 bytes]","args":[{"selector":{"id":"application-manageconditionprice-display-component---newCondition--condBillCond-arrow"},"wdio_ui5_key":"applicationmanageconditionprice-display-component---newCondition--condBillCond-arrow"}]}
RESULT: {}
RESULT: {"script":"<script> [1562 bytes]","args":[{"selector":{"id":"application-manageconditionprice-display-component---newCondition--condBillCond-arrow"},"wdio_ui5_key":"applicationmanageconditionprice-display-component---newCondition--condBillCond-arrow"}]}
RESULT: undefined
COMMAND: POST /session/3fbb5aa961da27feb6cf7ecb004886db/element - {"using":"xpath","value":"//*[@id=\"application-manageconditionprice-display-component---newCondition--condBillCond-arrow\"]"}
RESULT: {"using":"xpath","value":"//*[@id=\"application-manageconditionprice-display-component---newCondition--condBillCond-arrow\"]"}
COMMAND: POST /session/3fbb5aa961da27feb6cf7ecb004886db/element/f.0763987BF21D2E15D38664A642A1837D.d.A11D6AFCE78588BDC0F4FBE0B59B4541.e.9860/click - {}
RESULT: {}
COMMAND: GET /session/3fbb5aa961da27feb6cf7ecb004886db/screenshot - {}
RESULT: {}
COMMAND: POST /session/3fbb5aa961da27feb6cf7ecb004886db/element - {"using":"xpath","value":"//li[.//span[contains(text(), \"DISP - D&I special price\")]]"}
RESULT: {"using":"xpath","value":"//li[.//span[contains(text(), \"DISP - D&I special price\")]]"}
COMMAND: POST /session/3fbb5aa961da27feb6cf7ecb004886db/element/f.0763987BF21D2E15D38664A642A1837D.d.A11D6AFCE78588BDC0F4FBE0B59B4541.e.9863/click - {}
RESULT: {}
COMMAND: GET /session/3fbb5aa961da27feb6cf7ecb004886db/screenshot - {}
RESULT: {}
COMMAND: POST /session/3fbb5aa961da27feb6cf7ecb004886db/execute/async - {"script":"<script> [1562 bytes]","args":[{"selector":{"id":"application-manageconditionprice-display-component---newCondition--condValidTo","interaction":{"idSuffix":"inner"}},"wdio_ui5_key":"applicationmanageconditionprice-display-component---newCondition--condValidTo"}]}
RESULT: {"script":"<script> [1562 bytes]","args":[{"selector":{"id":"application-manageconditionprice-display-component---newCondition--condValidTo","interaction":{"idSuffix":"inner"}},"wdio_ui5_key":"applicationmanageconditionprice-display-component---newCondition--condValidTo"}]}
RESULT: undefined
COMMAND: POST /session/3fbb5aa961da27feb6cf7ecb004886db/execute/async - {"script":"<script> [776 bytes]","args":[{"enterText":"12/17/25","selector":{"id":"application-manageconditionprice-display-component---newCondition--condValidTo","interaction":{"idSuffix":"inner"}},"clearTextFirst":true,"interactionType":"ENTER_TEXT"}]}
RESULT: {"script":"<script> [776 bytes]","args":[{"enterText":"12/17/25","selector":{"id":"application-manageconditionprice-display-component---newCondition--condValidTo","interaction":{"idSuffix":"inner"}},"clearTextFirst":true,"interactionType":"ENTER_TEXT"}]}
COMMAND: POST /session/3fbb5aa961da27feb6cf7ecb004886db/element - {"using":"xpath","value":"//input[@id=\"application-manageconditionprice-display-component---newCondition--condRU-inner\"]"}
RESULT: {"using":"xpath","value":"//input[@id=\"application-manageconditionprice-display-component---newCondition--condRU-inner\"]"}
COMMAND: POST /session/3fbb5aa961da27feb6cf7ecb004886db/element/f.0763987BF21D2E15D38664A642A1837D.d.A11D6AFCE78588BDC0F4FBE0B59B4541.e.9724/clear - {}
RESULT: {}
COMMAND: POST /session/3fbb5aa961da27feb6cf7ecb004886db/element/f.0763987BF21D2E15D38664A642A1837D.d.A11D6AFCE78588BDC0F4FBE0B59B4541.e.9724/value - {"text":"6YfXoZcBLO"}
COMMAND: GET /session/3fbb5aa961da27feb6cf7ecb004886db/screenshot - {}
RESULT: {"text":"6YfXoZcBLO"}
COMMAND: GET /session/3fbb5aa961da27feb6cf7ecb004886db/screenshot - {}
RESULT: {}
RESULT: {}
COMMAND: POST /session/3fbb5aa961da27feb6cf7ecb004886db/actions - {"actions":[{"id":"action34","type":"key","parameters":{},"actions":[{"type":"keyDown","value":""},{"type":"pause","duration":10},{"type":"keyUp","value":""}]}]}
RESULT: {"actions":[{"id":"action34","type":"key","parameters":{},"actions":[{"type":"keyDown","value":""},{"type":"pause","duration":10},{"type":"keyUp","value":""}]}]}
COMMAND: POST /session/3fbb5aa961da27feb6cf7ecb004886db/execute/async - {"script":"<script> [1562 bytes]","args":[{"selector":{"id":"application-manageconditionprice-display-component---newCondition--condBaseQty","interaction":{"idSuffix":"inner"}},"wdio_ui5_key":"applicationmanageconditionprice-display-component---newCondition--condBaseQty"}]}
COMMAND: GET /session/3fbb5aa961da27feb6cf7ecb004886db/screenshot - {}
RESULT: {"script":"<script> [1562 bytes]","args":[{"selector":{"id":"application-manageconditionprice-display-component---newCondition--condBaseQty","interaction":{"idSuffix":"inner"}},"wdio_ui5_key":"applicationmanageconditionprice-display-component---newCondition--condBaseQty"}]}
RESULT: undefined
COMMAND: POST /session/3fbb5aa961da27feb6cf7ecb004886db/execute/async - {"script":"<script> [776 bytes]","args":[{"enterText":"1","selector":{"id":"application-manageconditionprice-display-component---newCondition--condBaseQty","interaction":{"idSuffix":"inner"}},"clearTextFirst":true,"interactionType":"ENTER_TEXT"}]}
RESULT: {}
RESULT: {"script":"<script> [776 bytes]","args":[{"enterText":"1","selector":{"id":"application-manageconditionprice-display-component---newCondition--condBaseQty","interaction":{"idSuffix":"inner"}},"clearTextFirst":true,"interactionType":"ENTER_TEXT"}]}
COMMAND: POST /session/3fbb5aa961da27feb6cf7ecb004886db/execute/async - {"script":"<script> [1562 bytes]","args":[{"selector":{"id":"application-manageconditionprice-display-component---newCondition--condValue","interaction":{"idSuffix":"inner"}},"wdio_ui5_key":"applicationmanageconditionprice-display-component---newCondition--condValue"}]}
RESULT: {"script":"<script> [1562 bytes]","args":[{"selector":{"id":"application-manageconditionprice-display-component---newCondition--condValue","interaction":{"idSuffix":"inner"}},"wdio_ui5_key":"applicationmanageconditionprice-display-component---newCondition--condValue"}]}
RESULT: undefined
COMMAND: POST /session/3fbb5aa961da27feb6cf7ecb004886db/execute/async - {"script":"<script> [776 bytes]","args":[{"enterText":"200","selector":{"id":"application-manageconditionprice-display-component---newCondition--condValue","interaction":{"idSuffix":"inner"}},"clearTextFirst":true,"interactionType":"ENTER_TEXT"}]}
RESULT: {"script":"<script> [776 bytes]","args":[{"enterText":"200","selector":{"id":"application-manageconditionprice-display-component---newCondition--condValue","interaction":{"idSuffix":"inner"}},"clearTextFirst":true,"interactionType":"ENTER_TEXT"}]}
COMMAND: POST /session/3fbb5aa961da27feb6cf7ecb004886db/execute/async - {"script":"<script> [1562 bytes]","args":[{"selector":{"id":"application-manageconditionprice-display-component---newCondition--condCurr-arrow"},"wdio_ui5_key":"applicationmanageconditionprice-display-component---newCondition--condCurr-arrow"}]}
RESULT: {"script":"<script> [1562 bytes]","args":[{"selector":{"id":"application-manageconditionprice-display-component---newCondition--condCurr-arrow"},"wdio_ui5_key":"applicationmanageconditionprice-display-component---newCondition--condCurr-arrow"}]}
RESULT: undefined
COMMAND: POST /session/3fbb5aa961da27feb6cf7ecb004886db/element - {"using":"xpath","value":"//*[@id=\"application-manageconditionprice-display-component---newCondition--condCurr-arrow\"]"}
RESULT: {"using":"xpath","value":"//*[@id=\"application-manageconditionprice-display-component---newCondition--condCurr-arrow\"]"}
COMMAND: POST /session/3fbb5aa961da27feb6cf7ecb004886db/element/f.0763987BF21D2E15D38664A642A1837D.d.A11D6AFCE78588BDC0F4FBE0B59B4541.e.9841/click - {}
RESULT: {}
COMMAND: POST /session/3fbb5aa961da27feb6cf7ecb004886db/element - {"using":"xpath","value":"//span[contains(text(), \"Euro\")]"}
COMMAND: GET /session/3fbb5aa961da27feb6cf7ecb004886db/screenshot - {}
RESULT: {"using":"xpath","value":"//span[contains(text(), \"Euro\")]"}
COMMAND: POST /session/3fbb5aa961da27feb6cf7ecb004886db/element/f.0763987BF21D2E15D38664A642A1837D.d.A11D6AFCE78588BDC0F4FBE0B59B4541.e.9900/click - {}
RESULT: {}
RESULT: {}
COMMAND: POST /session/3fbb5aa961da27feb6cf7ecb004886db/element - {"using":"xpath","value":"//button[@data-kt=\"saveButton\"]"}
COMMAND: GET /session/3fbb5aa961da27feb6cf7ecb004886db/screenshot - {}
RESULT: {"using":"xpath","value":"//button[@data-kt=\"saveButton\"]"}
COMMAND: POST /session/3fbb5aa961da27feb6cf7ecb004886db/element/f.0763987BF21D2E15D38664A642A1837D.d.A11D6AFCE78588BDC0F4FBE0B59B4541.e.9842/click - {}
RESULT: {}
RESULT: {}
COMMAND: GET /session/3fbb5aa961da27feb6cf7ecb004886db/screenshot - {}
RESULT: {}
COMMAND: POST /session/3fbb5aa961da27feb6cf7ecb004886db/execute/async - {"script":"<script> [1562 bytes]","args":[{"selector":{"id":"application-manageconditionprice-display-component---conditions--smartFilterBar-btnBasicSearch","interaction":{"idSuffix":"I"}},"wdio_ui5_key":"applicationmanageconditionprice-display-component---conditions--smartFilterBar-btnBasicSearch"}]}
RESULT: {"script":"<script> [1562 bytes]","args":[{"selector":{"id":"application-manageconditionprice-display-component---conditions--smartFilterBar-btnBasicSearch","interaction":{"idSuffix":"I"}},"wdio_ui5_key":"applicationmanageconditionprice-display-component---conditions--smartFilterBar-btnBasicSearch"}]}
RESULT: undefined
COMMAND: POST /session/3fbb5aa961da27feb6cf7ecb004886db/execute/async - {"script":"<script> [776 bytes]","args":[{"enterText":"6YfXoZcBLO","selector":{"id":"application-manageconditionprice-display-component---conditions--smartFilterBar-btnBasicSearch","interaction":{"idSuffix":"I"}},"clearTextFirst":true,"interactionType":"ENTER_TEXT"}]}
RESULT: {"script":"<script> [776 bytes]","args":[{"enterText":"6YfXoZcBLO","selector":{"id":"application-manageconditionprice-display-component---conditions--smartFilterBar-btnBasicSearch","interaction":{"idSuffix":"I"}},"clearTextFirst":true,"interactionType":"ENTER_TEXT"}]}
COMMAND: POST /session/3fbb5aa961da27feb6cf7ecb004886db/actions - {"actions":[{"id":"action35","type":"key","parameters":{},"actions":[{"type":"keyDown","value":""},{"type":"pause","duration":10},{"type":"keyUp","value":""}]}]}
RESULT: {"actions":[{"id":"action35","type":"key","parameters":{},"actions":[{"type":"keyDown","value":""},{"type":"pause","duration":10},{"type":"keyUp","value":""}]}]}
COMMAND: GET /session/3fbb5aa961da27feb6cf7ecb004886db/screenshot - {}
RESULT: {}
COMMAND: POST /session/3fbb5aa961da27feb6cf7ecb004886db/execute/async - {"script":"<script> [1562 bytes]","args":[{"selector":{"id":"application-manageconditionprice-display-component---conditions--smartFilterBar-filterItemControl_BASIC-BILL_TYPES-vhi"},"wdio_ui5_key":"applicationmanageconditionprice-display-component---conditions--smartFilterBar-filterItemControl_BASIC-BILL_TYPES-vhi"}]}
RESULT: {"script":"<script> [1562 bytes]","args":[{"selector":{"id":"application-manageconditionprice-display-component---conditions--smartFilterBar-filterItemControl_BASIC-BILL_TYPES-vhi"},"wdio_ui5_key":"applicationmanageconditionprice-display-component---conditions--smartFilterBar-filterItemControl_BASIC-BILL_TYPES-vhi"}]}
RESULT: undefined
COMMAND: POST /session/3fbb5aa961da27feb6cf7ecb004886db/element - {"using":"xpath","value":"//*[@id=\"application-manageconditionprice-display-component---conditions--smartFilterBar-filterItemControl_BASIC-BILL_TYPES-vhi\"]"}
RESULT: {"using":"xpath","value":"//*[@id=\"application-manageconditionprice-display-component---conditions--smartFilterBar-filterItemControl_BASIC-BILL_TYPES-vhi\"]"}
COMMAND: POST /session/3fbb5aa961da27feb6cf7ecb004886db/element/f.0763987BF21D2E15D38664A642A1837D.d.A11D6AFCE78588BDC0F4FBE0B59B4541.e.9916/click - {}
RESULT: {}
COMMAND: POST /session/3fbb5aa961da27feb6cf7ecb004886db/execute/async - {"script":"<script> [1562 bytes]","args":[{"selector":{"id":"application-manageconditionprice-display-component---conditions--smartFilterBar-filterItemControl_BASIC-BILL_TYPES-valueHelpDialog-smartFilterBar-btnBasicSearch","searchOpenDialogs":true,"interaction":{"idSuffix":"I"}},"wdio_ui5_key":"applicationmanageconditionprice-display-component---conditions--smartFilterBar-filterItemControl_BASIC-BILL_TYPES-valueHelpDialog-smartFilterBar-btnBasicSearch"}]}
COMMAND: GET /session/3fbb5aa961da27feb6cf7ecb004886db/screenshot - {}
RESULT: {"script":"<script> [1562 bytes]","args":[{"selector":{"id":"application-manageconditionprice-display-component---conditions--smartFilterBar-filterItemControl_BASIC-BILL_TYPES-valueHelpDialog-smartFilterBar-btnBasicSearch","searchOpenDialogs":true,"interaction":{"idSuffix":"I"}},"wdio_ui5_key":"applicationmanageconditionprice-display-component---conditions--smartFilterBar-filterItemControl_BASIC-BILL_TYPES-valueHelpDialog-smartFilterBar-btnBasicSearch"}]}
RESULT: undefined
COMMAND: POST /session/3fbb5aa961da27feb6cf7ecb004886db/execute/async - {"script":"<script> [776 bytes]","args":[{"enterText":"TB","selector":{"id":"application-manageconditionprice-display-component---conditions--smartFilterBar-filterItemControl_BASIC-BILL_TYPES-valueHelpDialog-smartFilterBar-btnBasicSearch","searchOpenDialogs":true,"interaction":{"idSuffix":"I"}},"clearTextFirst":true,"interactionType":"ENTER_TEXT"}]}
RESULT: {}
RESULT: {"script":"<script> [776 bytes]","args":[{"enterText":"TB","selector":{"id":"application-manageconditionprice-display-component---conditions--smartFilterBar-filterItemControl_BASIC-BILL_TYPES-valueHelpDialog-smartFilterBar-btnBasicSearch","searchOpenDialogs":true,"interaction":{"idSuffix":"I"}},"clearTextFirst":true,"interactionType":"ENTER_TEXT"}]}
COMMAND: POST /session/3fbb5aa961da27feb6cf7ecb004886db/actions - {"actions":[{"id":"action36","type":"key","parameters":{},"actions":[{"type":"keyDown","value":""},{"type":"pause","duration":10},{"type":"keyUp","value":""}]}]}
RESULT: {"actions":[{"id":"action36","type":"key","parameters":{},"actions":[{"type":"keyDown","value":""},{"type":"pause","duration":10},{"type":"keyUp","value":""}]}]}
COMMAND: GET /session/3fbb5aa961da27feb6cf7ecb004886db/screenshot - {}
RESULT: {}
COMMAND: POST /session/3fbb5aa961da27feb6cf7ecb004886db/element - {"using":"xpath","value":"//div[contains(@id, 'application-manageconditionprice-display-component---conditions--smartFilterBar-filterItemControl_BASIC-BILL_TYPES-valueHelpDialog-table-rowsel0')]"}
RESULT: {"using":"xpath","value":"//div[contains(@id, 'application-manageconditionprice-display-component---conditions--smartFilterBar-filterItemControl_BASIC-BILL_TYPES-valueHelpDialog-table-rowsel0')]"}
COMMAND: POST /session/3fbb5aa961da27feb6cf7ecb004886db/element/f.0763987BF21D2E15D38664A642A1837D.d.A11D6AFCE78588BDC0F4FBE0B59B4541.e.9926/click - {}
RESULT: {}
COMMAND: GET /session/3fbb5aa961da27feb6cf7ecb004886db/screenshot - {}
RESULT: {}
COMMAND: POST /session/3fbb5aa961da27feb6cf7ecb004886db/element - {"using":"xpath","value":"//bdi[contains(text(), \"OK\")]"}
RESULT: {"using":"xpath","value":"//bdi[contains(text(), \"OK\")]"}
COMMAND: POST /session/3fbb5aa961da27feb6cf7ecb004886db/element/f.0763987BF21D2E15D38664A642A1837D.d.A11D6AFCE78588BDC0F4FBE0B59B4541.e.9928/click - {}
RESULT: {}
COMMAND: GET /session/3fbb5aa961da27feb6cf7ecb004886db/screenshot - {}
RESULT: {}
COMMAND: POST /session/3fbb5aa961da27feb6cf7ecb004886db/element - {"using":"xpath","value":"//span[@id=\"application-manageconditionprice-display-component---conditions--smartTable-header-inner\"]"}
RESULT: {"using":"xpath","value":"//span[@id=\"application-manageconditionprice-display-component---conditions--smartTable-header-inner\"]"}
COMMAND: POST /session/3fbb5aa961da27feb6cf7ecb004886db/elements - {"using":"xpath","value":"//span[@id=\"application-manageconditionprice-display-component---conditions--smartTable-header-inner\"]"}
RESULT: {"using":"xpath","value":"//span[@id=\"application-manageconditionprice-display-component---conditions--smartTable-header-inner\"]"}
COMMAND: POST /session/3fbb5aa961da27feb6cf7ecb004886db/execute/sync - {"script":"<script> [56 bytes]","args":[{"element-6066-11e4-a52e-4f735466cecf":"f.0763987BF21D2E15D38664A642A1837D.d.A11D6AFCE78588BDC0F4FBE0B59B4541.e.9931","ELEMENT":"f.0763987BF21D2E15D38664A642A1837D.d.A11D6AFCE78588BDC0F4FBE0B59B4541.e.9931"}]}
RESULT: {"script":"<script> [56 bytes]","args":[{"element-6066-11e4-a52e-4f735466cecf":"f.0763987BF21D2E15D38664A642A1837D.d.A11D6AFCE78588BDC0F4FBE0B59B4541.e.9931","ELEMENT":"f.0763987BF21D2E15D38664A642A1837D.d.A11D6AFCE78588BDC0F4FBE0B59B4541.e.9931"}]}
COMMAND: POST /session/3fbb5aa961da27feb6cf7ecb004886db/element - {"using":"css selector","value":"#shell-header-logo"}
COMMAND: GET /session/3fbb5aa961da27feb6cf7ecb004886db/screenshot - {}
RESULT: {"using":"css selector","value":"#shell-header-logo"}
COMMAND: POST /session/3fbb5aa961da27feb6cf7ecb004886db/element/f.0763987BF21D2E15D38664A642A1837D.d.A11D6AFCE78588BDC0F4FBE0B59B4541.e.9648/click - {}
RESULT: {}
RESULT: {}
COMMAND: GET /session/3fbb5aa961da27feb6cf7ecb004886db/screenshot - {}
RESULT: {}
]]></system-out>
    </testcase>
    <testcase classname="chrome.135_0_7049_42.windows.Billing_Transfer_-_Intracompany_US127249" name="Should do a stock increase handover" time="96.092">
      <system-out><![CDATA[
COMMAND: POST /session/3fbb5aa961da27feb6cf7ecb004886db/execute/async - {"script":"<script> [1562 bytes]","args":[{"selector":{"controlType":"sap.m.Text","viewName":"etm.portal.ui.managehandoverstile.view.Master","properties":{"text":"Manage Handovers"},"interaction":{"idSuffix":"inner"}},"wdio_ui5_key":"etmportal.ui.managehandoverstile.view.Mastersap.m.Text{\"text\":\"Manage Handovers\"}"}]}
RESULT: {"script":"<script> [1562 bytes]","args":[{"selector":{"controlType":"sap.m.Text","viewName":"etm.portal.ui.managehandoverstile.view.Master","properties":{"text":"Manage Handovers"},"interaction":{"idSuffix":"inner"}},"wdio_ui5_key":"etmportal.ui.managehandoverstile.view.Mastersap.m.Text{\"text\":\"Manage Handovers\"}"}]}
RESULT: undefined
COMMAND: POST /session/3fbb5aa961da27feb6cf7ecb004886db/element - {"using":"xpath","value":"//*[@id=\"__tile132-title\"]"}
RESULT: {"using":"xpath","value":"//*[@id=\"__tile132-title\"]"}
COMMAND: POST /session/3fbb5aa961da27feb6cf7ecb004886db/element/f.0763987BF21D2E15D38664A642A1837D.d.A11D6AFCE78588BDC0F4FBE0B59B4541.e.9936/click - {}
RESULT: {}
COMMAND: POST /session/3fbb5aa961da27feb6cf7ecb004886db/element - {"using":"xpath","value":"//button[@data-kt=\"masterHOAddButton\"]"}
COMMAND: GET /session/3fbb5aa961da27feb6cf7ecb004886db/screenshot - {}
RESULT: {"using":"xpath","value":"//button[@data-kt=\"masterHOAddButton\"]"}
COMMAND: POST /session/3fbb5aa961da27feb6cf7ecb004886db/elements - {"using":"xpath","value":"//button[@data-kt=\"masterHOAddButton\"]"}
RESULT: {}
RESULT: {"using":"xpath","value":"//button[@data-kt=\"masterHOAddButton\"]"}
COMMAND: POST /session/3fbb5aa961da27feb6cf7ecb004886db/elements - {"using":"xpath","value":"//button[@data-kt=\"masterHOAddButton\"]"}
RESULT: {"using":"xpath","value":"//button[@data-kt=\"masterHOAddButton\"]"}
COMMAND: POST /session/3fbb5aa961da27feb6cf7ecb004886db/elements - {"using":"xpath","value":"//button[@data-kt=\"masterHOAddButton\"]"}
RESULT: {"using":"xpath","value":"//button[@data-kt=\"masterHOAddButton\"]"}
COMMAND: POST /session/3fbb5aa961da27feb6cf7ecb004886db/elements - {"using":"xpath","value":"//button[@data-kt=\"masterHOAddButton\"]"}
RESULT: {"using":"xpath","value":"//button[@data-kt=\"masterHOAddButton\"]"}
COMMAND: POST /session/3fbb5aa961da27feb6cf7ecb004886db/elements - {"using":"xpath","value":"//button[@data-kt=\"masterHOAddButton\"]"}
RESULT: {"using":"xpath","value":"//button[@data-kt=\"masterHOAddButton\"]"}
COMMAND: POST /session/3fbb5aa961da27feb6cf7ecb004886db/elements - {"using":"xpath","value":"//button[@data-kt=\"masterHOAddButton\"]"}
RESULT: {"using":"xpath","value":"//button[@data-kt=\"masterHOAddButton\"]"}
COMMAND: POST /session/3fbb5aa961da27feb6cf7ecb004886db/elements - {"using":"xpath","value":"//button[@data-kt=\"masterHOAddButton\"]"}
RESULT: {"using":"xpath","value":"//button[@data-kt=\"masterHOAddButton\"]"}
COMMAND: POST /session/3fbb5aa961da27feb6cf7ecb004886db/element - {"using":"xpath","value":"//button[@data-kt=\"masterHOAddButton\"]"}
RESULT: {"using":"xpath","value":"//button[@data-kt=\"masterHOAddButton\"]"}
COMMAND: POST /session/3fbb5aa961da27feb6cf7ecb004886db/execute/sync - {"script":"<script> [8489 bytes]","args":[{"element-6066-11e4-a52e-4f735466cecf":"f.0763987BF21D2E15D38664A642A1837D.d.A11D6AFCE78588BDC0F4FBE0B59B4541.e.9967","ELEMENT":"f.0763987BF21D2E15D38664A642A1837D.d.A11D6AFCE78588BDC0F4FBE0B59B4541.e.9967"}]}
RESULT: {"script":"<script> [8489 bytes]","args":[{"element-6066-11e4-a52e-4f735466cecf":"f.0763987BF21D2E15D38664A642A1837D.d.A11D6AFCE78588BDC0F4FBE0B59B4541.e.9967","ELEMENT":"f.0763987BF21D2E15D38664A642A1837D.d.A11D6AFCE78588BDC0F4FBE0B59B4541.e.9967"}]}
COMMAND: GET /session/3fbb5aa961da27feb6cf7ecb004886db/element/f.0763987BF21D2E15D38664A642A1837D.d.A11D6AFCE78588BDC0F4FBE0B59B4541.e.9967/enabled - {}
COMMAND: GET /session/3fbb5aa961da27feb6cf7ecb004886db/screenshot - {}
RESULT: {}
COMMAND: POST /session/3fbb5aa961da27feb6cf7ecb004886db/execute/sync - {"script":"<script> [8489 bytes]","args":[{"element-6066-11e4-a52e-4f735466cecf":"f.0763987BF21D2E15D38664A642A1837D.d.A11D6AFCE78588BDC0F4FBE0B59B4541.e.9967","ELEMENT":"f.0763987BF21D2E15D38664A642A1837D.d.A11D6AFCE78588BDC0F4FBE0B59B4541.e.9967"}]}
COMMAND: GET /session/3fbb5aa961da27feb6cf7ecb004886db/screenshot - {}
RESULT: {}
RESULT: {"script":"<script> [8489 bytes]","args":[{"element-6066-11e4-a52e-4f735466cecf":"f.0763987BF21D2E15D38664A642A1837D.d.A11D6AFCE78588BDC0F4FBE0B59B4541.e.9967","ELEMENT":"f.0763987BF21D2E15D38664A642A1837D.d.A11D6AFCE78588BDC0F4FBE0B59B4541.e.9967"}]}
COMMAND: POST /session/3fbb5aa961da27feb6cf7ecb004886db/execute/sync - {"script":"<script> [5351 bytes]","args":[{"element-6066-11e4-a52e-4f735466cecf":"f.0763987BF21D2E15D38664A642A1837D.d.A11D6AFCE78588BDC0F4FBE0B59B4541.e.9967","ELEMENT":"f.0763987BF21D2E15D38664A642A1837D.d.A11D6AFCE78588BDC0F4FBE0B59B4541.e.9967"}]}
COMMAND: GET /session/3fbb5aa961da27feb6cf7ecb004886db/screenshot - {}
RESULT: {}
RESULT: {"script":"<script> [5351 bytes]","args":[{"element-6066-11e4-a52e-4f735466cecf":"f.0763987BF21D2E15D38664A642A1837D.d.A11D6AFCE78588BDC0F4FBE0B59B4541.e.9967","ELEMENT":"f.0763987BF21D2E15D38664A642A1837D.d.A11D6AFCE78588BDC0F4FBE0B59B4541.e.9967"}]}
COMMAND: POST /session/3fbb5aa961da27feb6cf7ecb004886db/element/f.0763987BF21D2E15D38664A642A1837D.d.A11D6AFCE78588BDC0F4FBE0B59B4541.e.9967/click - {}
COMMAND: GET /session/3fbb5aa961da27feb6cf7ecb004886db/screenshot - {}
RESULT: {}
RESULT: {}
COMMAND: GET /session/3fbb5aa961da27feb6cf7ecb004886db/screenshot - {}
COMMAND: POST /session/3fbb5aa961da27feb6cf7ecb004886db/element - {"using":"xpath","value":"//span[contains(@id ,\"AddNewHO--typeSelect-arrow\")]"}
RESULT: {}
RESULT: {}
RESULT: {"using":"xpath","value":"//span[contains(@id ,\"AddNewHO--typeSelect-arrow\")]"}
COMMAND: POST /session/3fbb5aa961da27feb6cf7ecb004886db/element/f.0763987BF21D2E15D38664A642A1837D.d.A11D6AFCE78588BDC0F4FBE0B59B4541.e.10309/click - {}
RESULT: {}
COMMAND: GET /session/3fbb5aa961da27feb6cf7ecb004886db/screenshot - {}
RESULT: {}
COMMAND: POST /session/3fbb5aa961da27feb6cf7ecb004886db/element - {"using":"xpath","value":"(//li[contains(text(), \"stock increase yard\")])[1]"}
RESULT: {"using":"xpath","value":"(//li[contains(text(), \"stock increase yard\")])[1]"}
COMMAND: POST /session/3fbb5aa961da27feb6cf7ecb004886db/element/f.0763987BF21D2E15D38664A642A1837D.d.A11D6AFCE78588BDC0F4FBE0B59B4541.e.10310/click - {}
RESULT: {}
COMMAND: GET /session/3fbb5aa961da27feb6cf7ecb004886db/screenshot - {}
RESULT: {}
COMMAND: POST /session/3fbb5aa961da27feb6cf7ecb004886db/execute/async - {"script":"<script> [1562 bytes]","args":[{"selector":{"id":"application-managehandovers-display-component---AddNewHO--dueDate","interaction":{"idSuffix":"inner"}},"wdio_ui5_key":"applicationmanagehandovers-display-component---AddNewHO--dueDate"}]}
RESULT: {"script":"<script> [1562 bytes]","args":[{"selector":{"id":"application-managehandovers-display-component---AddNewHO--dueDate","interaction":{"idSuffix":"inner"}},"wdio_ui5_key":"applicationmanagehandovers-display-component---AddNewHO--dueDate"}]}
RESULT: undefined
COMMAND: POST /session/3fbb5aa961da27feb6cf7ecb004886db/execute/async - {"script":"<script> [6424 bytes]","args":[{"element-6066-11e4-a52e-4f735466cecf":"f.0763987BF21D2E15D38664A642A1837D.d.A11D6AFCE78588BDC0F4FBE0B59B4541.e.10314"},"setValue",["04/17/2025"]]}
RESULT: {"script":"<script> [6424 bytes]","args":[{"element-6066-11e4-a52e-4f735466cecf":"f.0763987BF21D2E15D38664A642A1837D.d.A11D6AFCE78588BDC0F4FBE0B59B4541.e.10314"},"setValue",["04/17/2025"]]}
COMMAND: POST /session/3fbb5aa961da27feb6cf7ecb004886db/element - {"using":"xpath","value":"//input[@id=\"generalSectionFrg--receiveYard-inner\"]"}
RESULT: {"using":"xpath","value":"//input[@id=\"generalSectionFrg--receiveYard-inner\"]"}
COMMAND: POST /session/3fbb5aa961da27feb6cf7ecb004886db/element/f.0763987BF21D2E15D38664A642A1837D.d.A11D6AFCE78588BDC0F4FBE0B59B4541.e.10320/clear - {}
RESULT: {}
COMMAND: POST /session/3fbb5aa961da27feb6cf7ecb004886db/element/f.0763987BF21D2E15D38664A642A1837D.d.A11D6AFCE78588BDC0F4FBE0B59B4541.e.10320/value - {"text":"478"}
COMMAND: GET /session/3fbb5aa961da27feb6cf7ecb004886db/screenshot - {}
RESULT: {"text":"478"}
COMMAND: GET /session/3fbb5aa961da27feb6cf7ecb004886db/screenshot - {}
RESULT: {}
RESULT: {}
COMMAND: POST /session/3fbb5aa961da27feb6cf7ecb004886db/element - {"using":"xpath","value":"//li[.//span[text()='478']]"}
RESULT: {"using":"xpath","value":"//li[.//span[text()='478']]"}
COMMAND: POST /session/3fbb5aa961da27feb6cf7ecb004886db/element/f.0763987BF21D2E15D38664A642A1837D.d.A11D6AFCE78588BDC0F4FBE0B59B4541.e.10333/click - {}
RESULT: {}
COMMAND: GET /session/3fbb5aa961da27feb6cf7ecb004886db/screenshot - {}
RESULT: {}
COMMAND: POST /session/3fbb5aa961da27feb6cf7ecb004886db/execute/async - {"script":"<script> [1562 bytes]","args":[{"selector":{"id":"application-managehandovers-display-component---AddNewHO--ObjectPageLayout-anchBar-application-managehandovers-display-component---AddNewHO--section4-anchor","interaction":{"idSuffix":"BDI-content"}},"wdio_ui5_key":"applicationmanagehandovers-display-component---AddNewHO--ObjectPageLayout-anchBar-application-managehandovers-display-component---AddNewHO--section4-anchor"}]}
RESULT: {"script":"<script> [1562 bytes]","args":[{"selector":{"id":"application-managehandovers-display-component---AddNewHO--ObjectPageLayout-anchBar-application-managehandovers-display-component---AddNewHO--section4-anchor","interaction":{"idSuffix":"BDI-content"}},"wdio_ui5_key":"applicationmanagehandovers-display-component---AddNewHO--ObjectPageLayout-anchBar-application-managehandovers-display-component---AddNewHO--section4-anchor"}]}
RESULT: undefined
COMMAND: POST /session/3fbb5aa961da27feb6cf7ecb004886db/element - {"using":"xpath","value":"//*[@id=\"application-managehandovers-display-component---AddNewHO--ObjectPageLayout-anchBar-application-managehandovers-display-component---AddNewHO--section4-anchor\"]"}
RESULT: {"using":"xpath","value":"//*[@id=\"application-managehandovers-display-component---AddNewHO--ObjectPageLayout-anchBar-application-managehandovers-display-component---AddNewHO--section4-anchor\"]"}
COMMAND: POST /session/3fbb5aa961da27feb6cf7ecb004886db/element/f.0763987BF21D2E15D38664A642A1837D.d.A11D6AFCE78588BDC0F4FBE0B59B4541.e.10335/click - {}
RESULT: {}
COMMAND: POST /session/3fbb5aa961da27feb6cf7ecb004886db/element - {"using":"xpath","value":"//button[@aria-label=\"Add\"]"}
COMMAND: GET /session/3fbb5aa961da27feb6cf7ecb004886db/screenshot - {}
RESULT: {"using":"xpath","value":"//button[@aria-label=\"Add\"]"}
COMMAND: POST /session/3fbb5aa961da27feb6cf7ecb004886db/element/f.0763987BF21D2E15D38664A642A1837D.d.A11D6AFCE78588BDC0F4FBE0B59B4541.e.10337/click - {}
RESULT: {}
RESULT: {}
COMMAND: GET /session/3fbb5aa961da27feb6cf7ecb004886db/screenshot - {}
RESULT: {}
COMMAND: POST /session/3fbb5aa961da27feb6cf7ecb004886db/execute/async - {"script":"<script> [1562 bytes]","args":[{"selector":{"id":"application-managehandovers-display-component---AddNewHO--smartFilterBar-btnBasicSearch","searchOpenDialogs":true,"interaction":{"idSuffix":"I"}},"wdio_ui5_key":"applicationmanagehandovers-display-component---AddNewHO--smartFilterBar-btnBasicSearch"}]}
RESULT: {"script":"<script> [1562 bytes]","args":[{"selector":{"id":"application-managehandovers-display-component---AddNewHO--smartFilterBar-btnBasicSearch","searchOpenDialogs":true,"interaction":{"idSuffix":"I"}},"wdio_ui5_key":"applicationmanagehandovers-display-component---AddNewHO--smartFilterBar-btnBasicSearch"}]}
RESULT: undefined
COMMAND: POST /session/3fbb5aa961da27feb6cf7ecb004886db/execute/async - {"script":"<script> [776 bytes]","args":[{"enterText":"6YfXoZcBLO","selector":{"id":"application-managehandovers-display-component---AddNewHO--smartFilterBar-btnBasicSearch","searchOpenDialogs":true,"interaction":{"idSuffix":"I"}},"clearTextFirst":true,"interactionType":"ENTER_TEXT"}]}
RESULT: {"script":"<script> [776 bytes]","args":[{"enterText":"6YfXoZcBLO","selector":{"id":"application-managehandovers-display-component---AddNewHO--smartFilterBar-btnBasicSearch","searchOpenDialogs":true,"interaction":{"idSuffix":"I"}},"clearTextFirst":true,"interactionType":"ENTER_TEXT"}]}
COMMAND: POST /session/3fbb5aa961da27feb6cf7ecb004886db/actions - {"actions":[{"id":"action37","type":"key","parameters":{},"actions":[{"type":"keyDown","value":""},{"type":"pause","duration":10},{"type":"keyUp","value":""}]}]}
RESULT: {"actions":[{"id":"action37","type":"key","parameters":{},"actions":[{"type":"keyDown","value":""},{"type":"pause","duration":10},{"type":"keyUp","value":""}]}]}
COMMAND: GET /session/3fbb5aa961da27feb6cf7ecb004886db/screenshot - {}
RESULT: {}
COMMAND: POST /session/3fbb5aa961da27feb6cf7ecb004886db/execute/async - {"script":"<script> [1562 bytes]","args":[{"selector":{"id":"application-managehandovers-display-component---AddNewHO--popup-sa","searchOpenDialogs":true,"interaction":{"idSuffix":"CbBg"}},"wdio_ui5_key":"applicationmanagehandovers-display-component---AddNewHO--popup-sa"}]}
RESULT: {"script":"<script> [1562 bytes]","args":[{"selector":{"id":"application-managehandovers-display-component---AddNewHO--popup-sa","searchOpenDialogs":true,"interaction":{"idSuffix":"CbBg"}},"wdio_ui5_key":"applicationmanagehandovers-display-component---AddNewHO--popup-sa"}]}
RESULT: undefined
COMMAND: POST /session/3fbb5aa961da27feb6cf7ecb004886db/element - {"using":"xpath","value":"//*[@id=\"application-managehandovers-display-component---AddNewHO--popup-sa\"]"}
RESULT: {"using":"xpath","value":"//*[@id=\"application-managehandovers-display-component---AddNewHO--popup-sa\"]"}
COMMAND: POST /session/3fbb5aa961da27feb6cf7ecb004886db/element/f.0763987BF21D2E15D38664A642A1837D.d.A11D6AFCE78588BDC0F4FBE0B59B4541.e.10490/click - {}
RESULT: {}
COMMAND: GET /session/3fbb5aa961da27feb6cf7ecb004886db/screenshot - {}
RESULT: {}
COMMAND: POST /session/3fbb5aa961da27feb6cf7ecb004886db/element - {"using":"xpath","value":"//bdi[contains(text(), \"Select\")]"}
RESULT: {"using":"xpath","value":"//bdi[contains(text(), \"Select\")]"}
COMMAND: POST /session/3fbb5aa961da27feb6cf7ecb004886db/element/f.0763987BF21D2E15D38664A642A1837D.d.A11D6AFCE78588BDC0F4FBE0B59B4541.e.10491/click - {}
RESULT: {}
COMMAND: GET /session/3fbb5aa961da27feb6cf7ecb004886db/screenshot - {}
RESULT: {}
COMMAND: POST /session/3fbb5aa961da27feb6cf7ecb004886db/element - {"using":"xpath","value":"//button[@data-kt=\"AddNewHOSaveButton\"]"}
RESULT: {"using":"xpath","value":"//button[@data-kt=\"AddNewHOSaveButton\"]"}
COMMAND: POST /session/3fbb5aa961da27feb6cf7ecb004886db/element/f.0763987BF21D2E15D38664A642A1837D.d.A11D6AFCE78588BDC0F4FBE0B59B4541.e.10495/click - {}
RESULT: {}
COMMAND: GET /session/3fbb5aa961da27feb6cf7ecb004886db/screenshot - {}
RESULT: {}
COMMAND: POST /session/3fbb5aa961da27feb6cf7ecb004886db/execute/async - {"script":"<script> [1562 bytes]","args":[{"selector":{"id":"receiptDatePicker","viewName":"etm.portal.ui.managehandovers.view.DetailExecuteHO","interaction":{"idSuffix":"inner"}},"wdio_ui5_key":"receiptDatePickeretmportal.ui.managehandovers.view.DetailExecuteHO"}]}
RESULT: {"script":"<script> [1562 bytes]","args":[{"selector":{"id":"receiptDatePicker","viewName":"etm.portal.ui.managehandovers.view.DetailExecuteHO","interaction":{"idSuffix":"inner"}},"wdio_ui5_key":"receiptDatePickeretmportal.ui.managehandovers.view.DetailExecuteHO"}]}
RESULT: undefined
COMMAND: POST /session/3fbb5aa961da27feb6cf7ecb004886db/execute/async - {"script":"<script> [6424 bytes]","args":[{"element-6066-11e4-a52e-4f735466cecf":"f.0763987BF21D2E15D38664A642A1837D.d.A11D6AFCE78588BDC0F4FBE0B59B4541.e.10525"},"setValue",["04/17/2025"]]}
RESULT: {"script":"<script> [6424 bytes]","args":[{"element-6066-11e4-a52e-4f735466cecf":"f.0763987BF21D2E15D38664A642A1837D.d.A11D6AFCE78588BDC0F4FBE0B59B4541.e.10525"},"setValue",["04/17/2025"]]}
COMMAND: POST /session/3fbb5aa961da27feb6cf7ecb004886db/element - {"using":"xpath","value":"//button[@data-kt=\"PickingTableConfirmAllButton\"]"}
RESULT: {"using":"xpath","value":"//button[@data-kt=\"PickingTableConfirmAllButton\"]"}
COMMAND: POST /session/3fbb5aa961da27feb6cf7ecb004886db/element/f.0763987BF21D2E15D38664A642A1837D.d.A11D6AFCE78588BDC0F4FBE0B59B4541.e.10539/click - {}
RESULT: {}
COMMAND: GET /session/3fbb5aa961da27feb6cf7ecb004886db/screenshot - {}
RESULT: {}
COMMAND: POST /session/3fbb5aa961da27feb6cf7ecb004886db/element - {"using":"xpath","value":"//bdi[contains(text(), \"OK\")]"}
RESULT: {"using":"xpath","value":"//bdi[contains(text(), \"OK\")]"}
COMMAND: POST /session/3fbb5aa961da27feb6cf7ecb004886db/element/f.0763987BF21D2E15D38664A642A1837D.d.A11D6AFCE78588BDC0F4FBE0B59B4541.e.10541/click - {}
RESULT: {}
COMMAND: GET /session/3fbb5aa961da27feb6cf7ecb004886db/screenshot - {}
RESULT: {}
COMMAND: POST /session/3fbb5aa961da27feb6cf7ecb004886db/element - {"using":"xpath","value":"(//bdi[contains(text(), \"Receive\")])[2]"}
RESULT: {"using":"xpath","value":"(//bdi[contains(text(), \"Receive\")])[2]"}
COMMAND: POST /session/3fbb5aa961da27feb6cf7ecb004886db/element/f.0763987BF21D2E15D38664A642A1837D.d.A11D6AFCE78588BDC0F4FBE0B59B4541.e.10543/click - {}
RESULT: {}
COMMAND: GET /session/3fbb5aa961da27feb6cf7ecb004886db/screenshot - {}
RESULT: {}
COMMAND: POST /session/3fbb5aa961da27feb6cf7ecb004886db/element - {"using":"css selector","value":"#shell-header-logo"}
RESULT: {"using":"css selector","value":"#shell-header-logo"}
COMMAND: POST /session/3fbb5aa961da27feb6cf7ecb004886db/element/f.0763987BF21D2E15D38664A642A1837D.d.A11D6AFCE78588BDC0F4FBE0B59B4541.e.9938/click - {}
RESULT: {}
COMMAND: GET /session/3fbb5aa961da27feb6cf7ecb004886db/screenshot - {}
RESULT: {}
]]></system-out>
    </testcase>
    <testcase classname="chrome.135_0_7049_42.windows.Billing_Transfer_-_Intracompany_US127249" name="Should create a new contract" time="62.55">
      <system-out><![CDATA[
COMMAND: POST /session/3fbb5aa961da27feb6cf7ecb004886db/execute/async - {"script":"<script> [1562 bytes]","args":[{"selector":{"controlType":"sap.m.Text","viewName":"etm.portal.ui.managecontractstile.view.Master","properties":{"text":"Manage Contracts"},"interaction":{"idSuffix":"inner"}},"wdio_ui5_key":"etmportal.ui.managecontractstile.view.Mastersap.m.Text{\"text\":\"Manage Contracts\"}"}]}
RESULT: {"script":"<script> [1562 bytes]","args":[{"selector":{"controlType":"sap.m.Text","viewName":"etm.portal.ui.managecontractstile.view.Master","properties":{"text":"Manage Contracts"},"interaction":{"idSuffix":"inner"}},"wdio_ui5_key":"etmportal.ui.managecontractstile.view.Mastersap.m.Text{\"text\":\"Manage Contracts\"}"}]}
RESULT: undefined
COMMAND: POST /session/3fbb5aa961da27feb6cf7ecb004886db/element - {"using":"xpath","value":"//*[@id=\"__tile130-title\"]"}
RESULT: {"using":"xpath","value":"//*[@id=\"__tile130-title\"]"}
COMMAND: POST /session/3fbb5aa961da27feb6cf7ecb004886db/element/f.0763987BF21D2E15D38664A642A1837D.d.A11D6AFCE78588BDC0F4FBE0B59B4541.e.10711/click - {}
RESULT: undefined
RESULT: {}
COMMAND: GET /session/3fbb5aa961da27feb6cf7ecb004886db/screenshot - {}
RESULT: undefined
RESULT: {}
COMMAND: POST /session/3fbb5aa961da27feb6cf7ecb004886db/element - {"using":"xpath","value":"//button[@data-kt=\"addButton\"]"}
RESULT: {"using":"xpath","value":"//button[@data-kt=\"addButton\"]"}
COMMAND: POST /session/3fbb5aa961da27feb6cf7ecb004886db/elements - {"using":"xpath","value":"//button[@data-kt=\"addButton\"]"}
RESULT: {"using":"xpath","value":"//button[@data-kt=\"addButton\"]"}
COMMAND: POST /session/3fbb5aa961da27feb6cf7ecb004886db/execute/sync - {"script":"<script> [8489 bytes]","args":[{"element-6066-11e4-a52e-4f735466cecf":"f.0763987BF21D2E15D38664A642A1837D.d.A11D6AFCE78588BDC0F4FBE0B59B4541.e.10781","ELEMENT":"f.0763987BF21D2E15D38664A642A1837D.d.A11D6AFCE78588BDC0F4FBE0B59B4541.e.10781"}]}
RESULT: {"script":"<script> [8489 bytes]","args":[{"element-6066-11e4-a52e-4f735466cecf":"f.0763987BF21D2E15D38664A642A1837D.d.A11D6AFCE78588BDC0F4FBE0B59B4541.e.10781","ELEMENT":"f.0763987BF21D2E15D38664A642A1837D.d.A11D6AFCE78588BDC0F4FBE0B59B4541.e.10781"}]}
COMMAND: GET /session/3fbb5aa961da27feb6cf7ecb004886db/element/f.0763987BF21D2E15D38664A642A1837D.d.A11D6AFCE78588BDC0F4FBE0B59B4541.e.10781/enabled - {}
COMMAND: GET /session/3fbb5aa961da27feb6cf7ecb004886db/screenshot - {}
RESULT: {}
COMMAND: POST /session/3fbb5aa961da27feb6cf7ecb004886db/execute/sync - {"script":"<script> [8489 bytes]","args":[{"element-6066-11e4-a52e-4f735466cecf":"f.0763987BF21D2E15D38664A642A1837D.d.A11D6AFCE78588BDC0F4FBE0B59B4541.e.10781","ELEMENT":"f.0763987BF21D2E15D38664A642A1837D.d.A11D6AFCE78588BDC0F4FBE0B59B4541.e.10781"}]}
COMMAND: GET /session/3fbb5aa961da27feb6cf7ecb004886db/screenshot - {}
RESULT: {}
RESULT: {"script":"<script> [8489 bytes]","args":[{"element-6066-11e4-a52e-4f735466cecf":"f.0763987BF21D2E15D38664A642A1837D.d.A11D6AFCE78588BDC0F4FBE0B59B4541.e.10781","ELEMENT":"f.0763987BF21D2E15D38664A642A1837D.d.A11D6AFCE78588BDC0F4FBE0B59B4541.e.10781"}]}
COMMAND: POST /session/3fbb5aa961da27feb6cf7ecb004886db/execute/sync - {"script":"<script> [5351 bytes]","args":[{"element-6066-11e4-a52e-4f735466cecf":"f.0763987BF21D2E15D38664A642A1837D.d.A11D6AFCE78588BDC0F4FBE0B59B4541.e.10781","ELEMENT":"f.0763987BF21D2E15D38664A642A1837D.d.A11D6AFCE78588BDC0F4FBE0B59B4541.e.10781"}]}
COMMAND: GET /session/3fbb5aa961da27feb6cf7ecb004886db/screenshot - {}
RESULT: {}
RESULT: {"script":"<script> [5351 bytes]","args":[{"element-6066-11e4-a52e-4f735466cecf":"f.0763987BF21D2E15D38664A642A1837D.d.A11D6AFCE78588BDC0F4FBE0B59B4541.e.10781","ELEMENT":"f.0763987BF21D2E15D38664A642A1837D.d.A11D6AFCE78588BDC0F4FBE0B59B4541.e.10781"}]}
COMMAND: GET /session/3fbb5aa961da27feb6cf7ecb004886db/screenshot - {}
RESULT: {}
RESULT: {}
COMMAND: POST /session/3fbb5aa961da27feb6cf7ecb004886db/element/f.0763987BF21D2E15D38664A642A1837D.d.A11D6AFCE78588BDC0F4FBE0B59B4541.e.10781/click - {}
RESULT: {}
COMMAND: GET /session/3fbb5aa961da27feb6cf7ecb004886db/screenshot - {}
COMMAND: POST /session/3fbb5aa961da27feb6cf7ecb004886db/execute/async - {"script":"<script> [1562 bytes]","args":[{"selector":{"id":"application-managecontracts-display-component---AddNewContract--projectDescription","interaction":{"idSuffix":"inner"}},"wdio_ui5_key":"applicationmanagecontracts-display-component---AddNewContract--projectDescription"}]}
RESULT: {}
RESULT: {"script":"<script> [1562 bytes]","args":[{"selector":{"id":"application-managecontracts-display-component---AddNewContract--projectDescription","interaction":{"idSuffix":"inner"}},"wdio_ui5_key":"applicationmanagecontracts-display-component---AddNewContract--projectDescription"}]}
RESULT: undefined
COMMAND: POST /session/3fbb5aa961da27feb6cf7ecb004886db/execute/async - {"script":"<script> [776 bytes]","args":[{"enterText":"Contract WDIO","selector":{"id":"application-managecontracts-display-component---AddNewContract--projectDescription","interaction":{"idSuffix":"inner"}},"clearTextFirst":true,"interactionType":"ENTER_TEXT"}]}
RESULT: {"script":"<script> [776 bytes]","args":[{"enterText":"Contract WDIO","selector":{"id":"application-managecontracts-display-component---AddNewContract--projectDescription","interaction":{"idSuffix":"inner"}},"clearTextFirst":true,"interactionType":"ENTER_TEXT"}]}
COMMAND: POST /session/3fbb5aa961da27feb6cf7ecb004886db/element - {"using":"xpath","value":"//input[@id=\"application-managecontracts-display-component---AddNewContract--site-inner\"]"}
RESULT: {"using":"xpath","value":"//input[@id=\"application-managecontracts-display-component---AddNewContract--site-inner\"]"}
COMMAND: POST /session/3fbb5aa961da27feb6cf7ecb004886db/element/f.0763987BF21D2E15D38664A642A1837D.d.A11D6AFCE78588BDC0F4FBE0B59B4541.e.11110/clear - {}
RESULT: {}
COMMAND: POST /session/3fbb5aa961da27feb6cf7ecb004886db/element/f.0763987BF21D2E15D38664A642A1837D.d.A11D6AFCE78588BDC0F4FBE0B59B4541.e.11110/value - {"text":"2295"}
COMMAND: GET /session/3fbb5aa961da27feb6cf7ecb004886db/screenshot - {}
RESULT: {"text":"2295"}
COMMAND: GET /session/3fbb5aa961da27feb6cf7ecb004886db/screenshot - {}
RESULT: {}
RESULT: {}
COMMAND: POST /session/3fbb5aa961da27feb6cf7ecb004886db/element - {"using":"xpath","value":"//li[.//span[text()='2295']]"}
RESULT: {"using":"xpath","value":"//li[.//span[text()='2295']]"}
COMMAND: POST /session/3fbb5aa961da27feb6cf7ecb004886db/element/f.0763987BF21D2E15D38664A642A1837D.d.A11D6AFCE78588BDC0F4FBE0B59B4541.e.11133/click - {}
RESULT: {}
COMMAND: GET /session/3fbb5aa961da27feb6cf7ecb004886db/screenshot - {}
RESULT: {}
COMMAND: POST /session/3fbb5aa961da27feb6cf7ecb004886db/element - {"using":"xpath","value":"//input[@id=\"application-managecontracts-display-component---AddNewContract--yardId-inner\"]"}
RESULT: {"using":"xpath","value":"//input[@id=\"application-managecontracts-display-component---AddNewContract--yardId-inner\"]"}
COMMAND: GET /session/3fbb5aa961da27feb6cf7ecb004886db/element/f.0763987BF21D2E15D38664A642A1837D.d.A11D6AFCE78588BDC0F4FBE0B59B4541.e.11111/property/value - {}
RESULT: {}
COMMAND: POST /session/3fbb5aa961da27feb6cf7ecb004886db/element - {"using":"xpath","value":"//input[@id=\"application-managecontracts-display-component---AddNewContract--customerSelect-inner\"]"}
COMMAND: GET /session/3fbb5aa961da27feb6cf7ecb004886db/screenshot - {}
RESULT: {"using":"xpath","value":"//input[@id=\"application-managecontracts-display-component---AddNewContract--customerSelect-inner\"]"}
COMMAND: POST /session/3fbb5aa961da27feb6cf7ecb004886db/element/f.0763987BF21D2E15D38664A642A1837D.d.A11D6AFCE78588BDC0F4FBE0B59B4541.e.11109/clear - {}
RESULT: {}
RESULT: {}
COMMAND: POST /session/3fbb5aa961da27feb6cf7ecb004886db/element/f.0763987BF21D2E15D38664A642A1837D.d.A11D6AFCE78588BDC0F4FBE0B59B4541.e.11109/value - {"text":"1334"}
COMMAND: GET /session/3fbb5aa961da27feb6cf7ecb004886db/screenshot - {}
RESULT: {"text":"1334"}
COMMAND: GET /session/3fbb5aa961da27feb6cf7ecb004886db/screenshot - {}
RESULT: {}
RESULT: {}
COMMAND: POST /session/3fbb5aa961da27feb6cf7ecb004886db/element - {"using":"xpath","value":"//li[.//span[text()='1334']]"}
RESULT: {"using":"xpath","value":"//li[.//span[text()='1334']]"}
COMMAND: POST /session/3fbb5aa961da27feb6cf7ecb004886db/element/f.0763987BF21D2E15D38664A642A1837D.d.A11D6AFCE78588BDC0F4FBE0B59B4541.e.11136/click - {}
RESULT: {}
COMMAND: GET /session/3fbb5aa961da27feb6cf7ecb004886db/screenshot - {}
RESULT: {}
COMMAND: POST /session/3fbb5aa961da27feb6cf7ecb004886db/element - {"using":"xpath","value":"//button[@data-kt=\"saveButton\"]"}
RESULT: {"using":"xpath","value":"//button[@data-kt=\"saveButton\"]"}
COMMAND: POST /session/3fbb5aa961da27feb6cf7ecb004886db/element/f.0763987BF21D2E15D38664A642A1837D.d.A11D6AFCE78588BDC0F4FBE0B59B4541.e.11126/click - {}
RESULT: {}
COMMAND: GET /session/3fbb5aa961da27feb6cf7ecb004886db/screenshot - {}
RESULT: {}
COMMAND: POST /session/3fbb5aa961da27feb6cf7ecb004886db/element - {"using":"xpath","value":"//span[contains(@id ,\"contractDetailTitleNoExpanded\")]"}
RESULT: {"using":"xpath","value":"//span[contains(@id ,\"contractDetailTitleNoExpanded\")]"}
COMMAND: POST /session/3fbb5aa961da27feb6cf7ecb004886db/elements - {"using":"xpath","value":"//span[contains(@id ,\"contractDetailTitleNoExpanded\")]"}
RESULT: {"using":"xpath","value":"//span[contains(@id ,\"contractDetailTitleNoExpanded\")]"}
COMMAND: POST /session/3fbb5aa961da27feb6cf7ecb004886db/execute/sync - {"script":"<script> [56 bytes]","args":[{"element-6066-11e4-a52e-4f735466cecf":"f.0763987BF21D2E15D38664A642A1837D.d.A11D6AFCE78588BDC0F4FBE0B59B4541.e.11207","ELEMENT":"f.0763987BF21D2E15D38664A642A1837D.d.A11D6AFCE78588BDC0F4FBE0B59B4541.e.11207"}]}
RESULT: {"script":"<script> [56 bytes]","args":[{"element-6066-11e4-a52e-4f735466cecf":"f.0763987BF21D2E15D38664A642A1837D.d.A11D6AFCE78588BDC0F4FBE0B59B4541.e.11207","ELEMENT":"f.0763987BF21D2E15D38664A642A1837D.d.A11D6AFCE78588BDC0F4FBE0B59B4541.e.11207"}]}
COMMAND: GET /session/3fbb5aa961da27feb6cf7ecb004886db/screenshot - {}
RESULT: {}
]]></system-out>
    </testcase>
    <testcase classname="chrome.135_0_7049_42.windows.Billing_Transfer_-_Intracompany_US127249" name="Should add equipment to the contract" time="53.564">
      <system-out><![CDATA[
COMMAND: POST /session/3fbb5aa961da27feb6cf7ecb004886db/element - {"using":"xpath","value":"//button[@data-kt=\"contractDetailEditBtnButton\"]"}
RESULT: {"using":"xpath","value":"//button[@data-kt=\"contractDetailEditBtnButton\"]"}
COMMAND: POST /session/3fbb5aa961da27feb6cf7ecb004886db/element/f.0763987BF21D2E15D38664A642A1837D.d.A11D6AFCE78588BDC0F4FBE0B59B4541.e.11209/click - {}
RESULT: {}
COMMAND: GET /session/3fbb5aa961da27feb6cf7ecb004886db/screenshot - {}
RESULT: {}
COMMAND: POST /session/3fbb5aa961da27feb6cf7ecb004886db/element - {"using":"xpath","value":"(//span[contains(text(), \"Additional Addresses\")])[2]"}
RESULT: {"using":"xpath","value":"(//span[contains(text(), \"Additional Addresses\")])[2]"}
COMMAND: POST /session/3fbb5aa961da27feb6cf7ecb004886db/element/f.0763987BF21D2E15D38664A642A1837D.d.A11D6AFCE78588BDC0F4FBE0B59B4541.e.11266/click - {}
RESULT: {}
COMMAND: GET /session/3fbb5aa961da27feb6cf7ecb004886db/screenshot - {}
RESULT: {}
COMMAND: POST /session/3fbb5aa961da27feb6cf7ecb004886db/element - {"using":"xpath","value":"//button[@data-kt=\"btnAddTableRowOverflowToolbarButton\"]"}
RESULT: {"using":"xpath","value":"//button[@data-kt=\"btnAddTableRowOverflowToolbarButton\"]"}
COMMAND: POST /session/3fbb5aa961da27feb6cf7ecb004886db/element/f.0763987BF21D2E15D38664A642A1837D.d.A11D6AFCE78588BDC0F4FBE0B59B4541.e.11269/click - {}
RESULT: {}
COMMAND: GET /session/3fbb5aa961da27feb6cf7ecb004886db/screenshot - {}
RESULT: {}
COMMAND: POST /session/3fbb5aa961da27feb6cf7ecb004886db/element - {"using":"xpath","value":"//div[(text() = 'Standard Entry' or . = 'Standard Entry')]"}
RESULT: {"using":"xpath","value":"//div[(text() = 'Standard Entry' or . = 'Standard Entry')]"}
COMMAND: POST /session/3fbb5aa961da27feb6cf7ecb004886db/element/f.0763987BF21D2E15D38664A642A1837D.d.A11D6AFCE78588BDC0F4FBE0B59B4541.e.11271/click - {}
RESULT: {}
COMMAND: GET /session/3fbb5aa961da27feb6cf7ecb004886db/screenshot - {}
RESULT: {}
COMMAND: POST /session/3fbb5aa961da27feb6cf7ecb004886db/element - {"using":"xpath","value":"//td[7]/div/div/input"}
RESULT: {"using":"xpath","value":"//td[7]/div/div/input"}
COMMAND: POST /session/3fbb5aa961da27feb6cf7ecb004886db/element/f.0763987BF21D2E15D38664A642A1837D.d.A11D6AFCE78588BDC0F4FBE0B59B4541.e.11280/clear - {}
RESULT: {}
COMMAND: POST /session/3fbb5aa961da27feb6cf7ecb004886db/element/f.0763987BF21D2E15D38664A642A1837D.d.A11D6AFCE78588BDC0F4FBE0B59B4541.e.11280/value - {"text":"6YfXoZcBLO"}
COMMAND: GET /session/3fbb5aa961da27feb6cf7ecb004886db/screenshot - {}
RESULT: {"text":"6YfXoZcBLO"}
COMMAND: GET /session/3fbb5aa961da27feb6cf7ecb004886db/screenshot - {}
RESULT: {}
RESULT: {}
COMMAND: POST /session/3fbb5aa961da27feb6cf7ecb004886db/actions - {"actions":[{"id":"action38","type":"key","parameters":{},"actions":[{"type":"keyDown","value":""},{"type":"pause","duration":10},{"type":"keyUp","value":""}]}]}
RESULT: {"actions":[{"id":"action38","type":"key","parameters":{},"actions":[{"type":"keyDown","value":""},{"type":"pause","duration":10},{"type":"keyUp","value":""}]}]}
COMMAND: GET /session/3fbb5aa961da27feb6cf7ecb004886db/screenshot - {}
RESULT: {}
COMMAND: POST /session/3fbb5aa961da27feb6cf7ecb004886db/element - {"using":"xpath","value":"(//button[@data-kt=\"saveButton\"])[2]"}
RESULT: {"using":"xpath","value":"(//button[@data-kt=\"saveButton\"])[2]"}
COMMAND: POST /session/3fbb5aa961da27feb6cf7ecb004886db/element/f.0763987BF21D2E15D38664A642A1837D.d.A11D6AFCE78588BDC0F4FBE0B59B4541.e.11295/click - {}
RESULT: {}
COMMAND: GET /session/3fbb5aa961da27feb6cf7ecb004886db/screenshot - {}
RESULT: {}
COMMAND: POST /session/3fbb5aa961da27feb6cf7ecb004886db/element - {"using":"xpath","value":"//span[contains(@id ,\"contractItemsSmartTable-header-inner\")]"}
RESULT: {"using":"xpath","value":"//span[contains(@id ,\"contractItemsSmartTable-header-inner\")]"}
COMMAND: POST /session/3fbb5aa961da27feb6cf7ecb004886db/elements - {"using":"xpath","value":"//span[contains(@id ,\"contractItemsSmartTable-header-inner\")]"}
RESULT: {"using":"xpath","value":"//span[contains(@id ,\"contractItemsSmartTable-header-inner\")]"}
COMMAND: POST /session/3fbb5aa961da27feb6cf7ecb004886db/execute/sync - {"script":"<script> [56 bytes]","args":[{"element-6066-11e4-a52e-4f735466cecf":"f.0763987BF21D2E15D38664A642A1837D.d.A11D6AFCE78588BDC0F4FBE0B59B4541.e.11300","ELEMENT":"f.0763987BF21D2E15D38664A642A1837D.d.A11D6AFCE78588BDC0F4FBE0B59B4541.e.11300"}]}
RESULT: {"script":"<script> [56 bytes]","args":[{"element-6066-11e4-a52e-4f735466cecf":"f.0763987BF21D2E15D38664A642A1837D.d.A11D6AFCE78588BDC0F4FBE0B59B4541.e.11300","ELEMENT":"f.0763987BF21D2E15D38664A642A1837D.d.A11D6AFCE78588BDC0F4FBE0B59B4541.e.11300"}]}
]]></system-out>
    </testcase>
    <testcase classname="chrome.135_0_7049_42.windows.Billing_Transfer_-_Intracompany_US127249" name="Should do a provide to site handover" time="68.181">
      <system-out><![CDATA[
COMMAND: POST /session/3fbb5aa961da27feb6cf7ecb004886db/element - {"using":"xpath","value":"//button[@data-kt=\"provideButton\"]"}
COMMAND: GET /session/3fbb5aa961da27feb6cf7ecb004886db/screenshot - {}
RESULT: {"using":"xpath","value":"//button[@data-kt=\"provideButton\"]"}
COMMAND: POST /session/3fbb5aa961da27feb6cf7ecb004886db/element/f.0763987BF21D2E15D38664A642A1837D.d.A11D6AFCE78588BDC0F4FBE0B59B4541.e.11301/click - {}
RESULT: {}
RESULT: {}
COMMAND: GET /session/3fbb5aa961da27feb6cf7ecb004886db/screenshot - {}
RESULT: undefined
COMMAND: POST /session/3fbb5aa961da27feb6cf7ecb004886db/execute/async - {"script":"<script> [6424 bytes]","args":[{"element-6066-11e4-a52e-4f735466cecf":"f.0763987BF21D2E15D38664A642A1837D.d.A11D6AFCE78588BDC0F4FBE0B59B4541.e.10314"},"setValue",["04/17/2025"]]}
RESULT: {}
COMMAND: POST /session/3fbb5aa961da27feb6cf7ecb004886db/execute/async - {"script":"<script> [1562 bytes]","args":[{"selector":{"id":"application-managehandovers-display-component---AddNewHO--dueDate","interaction":{"idSuffix":"inner"}},"wdio_ui5_key":"applicationmanagehandovers-display-component---AddNewHO--dueDate"}]}
RESULT: {"script":"<script> [1562 bytes]","args":[{"selector":{"id":"application-managehandovers-display-component---AddNewHO--dueDate","interaction":{"idSuffix":"inner"}},"wdio_ui5_key":"applicationmanagehandovers-display-component---AddNewHO--dueDate"}]}
COMMAND: POST /session/3fbb5aa961da27feb6cf7ecb004886db/execute/async - {"script":"<script> [6424 bytes]","args":[{"element-6066-11e4-a52e-4f735466cecf":"f.0763987BF21D2E15D38664A642A1837D.d.A11D6AFCE78588BDC0F4FBE0B59B4541.e.11354"},"setValue",["04/17/2025"]]}
RESULT: {"script":"<script> [6424 bytes]","args":[{"element-6066-11e4-a52e-4f735466cecf":"f.0763987BF21D2E15D38664A642A1837D.d.A11D6AFCE78588BDC0F4FBE0B59B4541.e.11354"},"setValue",["04/17/2025"]]}
COMMAND: POST /session/3fbb5aa961da27feb6cf7ecb004886db/element - {"using":"xpath","value":"//bdi[contains(text(), \"Instructions\")]"}
RESULT: {"using":"xpath","value":"//bdi[contains(text(), \"Instructions\")]"}
COMMAND: POST /session/3fbb5aa961da27feb6cf7ecb004886db/element/f.0763987BF21D2E15D38664A642A1837D.d.A11D6AFCE78588BDC0F4FBE0B59B4541.e.11483/click - {}
RESULT: {}
COMMAND: GET /session/3fbb5aa961da27feb6cf7ecb004886db/screenshot - {}
RESULT: {}
COMMAND: POST /session/3fbb5aa961da27feb6cf7ecb004886db/element - {"using":"xpath","value":"//button[@data-kt=\"AddNewHOProvideAddItemsButton\"]"}
RESULT: {"using":"xpath","value":"//button[@data-kt=\"AddNewHOProvideAddItemsButton\"]"}
COMMAND: POST /session/3fbb5aa961da27feb6cf7ecb004886db/element/f.0763987BF21D2E15D38664A642A1837D.d.A11D6AFCE78588BDC0F4FBE0B59B4541.e.11487/click - {}
RESULT: {}
COMMAND: GET /session/3fbb5aa961da27feb6cf7ecb004886db/screenshot - {}
RESULT: {}
RESULT: undefined
COMMAND: POST /session/3fbb5aa961da27feb6cf7ecb004886db/element - {"using":"xpath","value":"//*[@id=\"application-managehandovers-display-component---AddNewHO--popup-sa\"]"}
RESULT: {"using":"xpath","value":"//*[@id=\"application-managehandovers-display-component---AddNewHO--popup-sa\"]"}
COMMAND: POST /session/3fbb5aa961da27feb6cf7ecb004886db/element/f.0763987BF21D2E15D38664A642A1837D.d.A11D6AFCE78588BDC0F4FBE0B59B4541.e.11495/click - {}
RESULT: {}
COMMAND: GET /session/3fbb5aa961da27feb6cf7ecb004886db/screenshot - {}
RESULT: {}
COMMAND: POST /session/3fbb5aa961da27feb6cf7ecb004886db/element - {"using":"xpath","value":"//*[contains(@id ,\"BDI-content\")][contains(text(), \"Select\")]"}
RESULT: {"using":"xpath","value":"//*[contains(@id ,\"BDI-content\")][contains(text(), \"Select\")]"}
COMMAND: POST /session/3fbb5aa961da27feb6cf7ecb004886db/element/f.0763987BF21D2E15D38664A642A1837D.d.A11D6AFCE78588BDC0F4FBE0B59B4541.e.11496/click - {}
RESULT: {}
COMMAND: GET /session/3fbb5aa961da27feb6cf7ecb004886db/screenshot - {}
RESULT: {}
COMMAND: POST /session/3fbb5aa961da27feb6cf7ecb004886db/execute/async - {"script":"<script> [1562 bytes]","args":[{"selector":{"id":"application-managehandovers-display-component---AddNewHO--confirmCreationButton","interaction":{"idSuffix":"BDI-content"}},"wdio_ui5_key":"applicationmanagehandovers-display-component---AddNewHO--confirmCreationButton"}]}
RESULT: {"script":"<script> [1562 bytes]","args":[{"selector":{"id":"application-managehandovers-display-component---AddNewHO--confirmCreationButton","interaction":{"idSuffix":"BDI-content"}},"wdio_ui5_key":"applicationmanagehandovers-display-component---AddNewHO--confirmCreationButton"}]}
RESULT: undefined
COMMAND: POST /session/3fbb5aa961da27feb6cf7ecb004886db/element - {"using":"xpath","value":"//*[@id=\"application-managehandovers-display-component---AddNewHO--confirmCreationButton\"]"}
RESULT: {"using":"xpath","value":"//*[@id=\"application-managehandovers-display-component---AddNewHO--confirmCreationButton\"]"}
COMMAND: POST /session/3fbb5aa961da27feb6cf7ecb004886db/element/f.0763987BF21D2E15D38664A642A1837D.d.A11D6AFCE78588BDC0F4FBE0B59B4541.e.11425/click - {}
RESULT: {}
COMMAND: GET /session/3fbb5aa961da27feb6cf7ecb004886db/screenshot - {}
RESULT: {}
COMMAND: POST /session/3fbb5aa961da27feb6cf7ecb004886db/element - {"using":"xpath","value":"//button[@data-kt=\"PickingTableConfirmAllButton\"]"}
RESULT: {"using":"xpath","value":"//button[@data-kt=\"PickingTableConfirmAllButton\"]"}
COMMAND: POST /session/3fbb5aa961da27feb6cf7ecb004886db/element/f.0763987BF21D2E15D38664A642A1837D.d.A11D6AFCE78588BDC0F4FBE0B59B4541.e.11555/click - {}
RESULT: {}
COMMAND: GET /session/3fbb5aa961da27feb6cf7ecb004886db/screenshot - {}
RESULT: {}
COMMAND: POST /session/3fbb5aa961da27feb6cf7ecb004886db/element - {"using":"xpath","value":"//bdi[contains(text(), \"OK\")]"}
RESULT: {"using":"xpath","value":"//bdi[contains(text(), \"OK\")]"}
COMMAND: POST /session/3fbb5aa961da27feb6cf7ecb004886db/element/f.0763987BF21D2E15D38664A642A1837D.d.A11D6AFCE78588BDC0F4FBE0B59B4541.e.11557/click - {}
RESULT: {}
COMMAND: GET /session/3fbb5aa961da27feb6cf7ecb004886db/screenshot - {}
RESULT: {}
COMMAND: POST /session/3fbb5aa961da27feb6cf7ecb004886db/element - {"using":"xpath","value":"//bdi[contains(text(), \"Issue\")]"}
RESULT: {"using":"xpath","value":"//bdi[contains(text(), \"Issue\")]"}
COMMAND: POST /session/3fbb5aa961da27feb6cf7ecb004886db/element/f.0763987BF21D2E15D38664A642A1837D.d.A11D6AFCE78588BDC0F4FBE0B59B4541.e.11559/click - {}
RESULT: {}
COMMAND: GET /session/3fbb5aa961da27feb6cf7ecb004886db/screenshot - {}
RESULT: {}
COMMAND: POST /session/3fbb5aa961da27feb6cf7ecb004886db/element - {"using":"css selector","value":"#shell-header-logo"}
RESULT: {"using":"css selector","value":"#shell-header-logo"}
COMMAND: POST /session/3fbb5aa961da27feb6cf7ecb004886db/element/f.0763987BF21D2E15D38664A642A1837D.d.A11D6AFCE78588BDC0F4FBE0B59B4541.e.10714/click - {}
RESULT: {}
COMMAND: GET /session/3fbb5aa961da27feb6cf7ecb004886db/screenshot - {}
RESULT: {}
]]></system-out>
    </testcase>
    <testcase classname="chrome.135_0_7049_42.windows.Billing_Transfer_-_Intracompany_US127249" name="Should go navigate to Manage Billings and trigger contract calculation check result" time="73.693">
      <system-out><![CDATA[
COMMAND: POST /session/3fbb5aa961da27feb6cf7ecb004886db/execute/async - {"script":"<script> [1562 bytes]","args":[{"selector":{"controlType":"sap.m.GenericTile","properties":{"header":"Manage Billings"}},"wdio_ui5_key":"sapm.GenericTile{\"header\":\"Manage Billings\"}"}]}
RESULT: {"script":"<script> [1562 bytes]","args":[{"selector":{"controlType":"sap.m.GenericTile","properties":{"header":"Manage Billings"}},"wdio_ui5_key":"sapm.GenericTile{\"header\":\"Manage Billings\"}"}]}
RESULT: undefined
COMMAND: POST /session/3fbb5aa961da27feb6cf7ecb004886db/element - {"using":"xpath","value":"//*[@id=\"__tile91\"]"}
RESULT: {"using":"xpath","value":"//*[@id=\"__tile91\"]"}
COMMAND: POST /session/3fbb5aa961da27feb6cf7ecb004886db/element/f.0763987BF21D2E15D38664A642A1837D.d.A11D6AFCE78588BDC0F4FBE0B59B4541.e.8738/click - {}
RESULT: {}
COMMAND: GET /session/3fbb5aa961da27feb6cf7ecb004886db/screenshot - {}
COMMAND: POST /session/3fbb5aa961da27feb6cf7ecb004886db/execute/async - {"script":"<script> [1562 bytes]","args":[{"selector":{"id":"application-managebillings-display-component---billRunCalcResult--smartFilterBar-btnBasicSearch","interaction":{"idSuffix":"I"}},"wdio_ui5_key":"applicationmanagebillings-display-component---billRunCalcResult--smartFilterBar-btnBasicSearch"}]}
RESULT: {}
RESULT: {"script":"<script> [1562 bytes]","args":[{"selector":{"id":"application-managebillings-display-component---billRunCalcResult--smartFilterBar-btnBasicSearch","interaction":{"idSuffix":"I"}},"wdio_ui5_key":"applicationmanagebillings-display-component---billRunCalcResult--smartFilterBar-btnBasicSearch"}]}
RESULT: undefined
COMMAND: POST /session/3fbb5aa961da27feb6cf7ecb004886db/execute/async - {"script":"<script> [776 bytes]","args":[{"enterText":"10386","selector":{"id":"application-managebillings-display-component---billRunCalcResult--smartFilterBar-btnBasicSearch","interaction":{"idSuffix":"I"}},"clearTextFirst":true,"interactionType":"ENTER_TEXT"}]}
RESULT: {"script":"<script> [776 bytes]","args":[{"enterText":"10386","selector":{"id":"application-managebillings-display-component---billRunCalcResult--smartFilterBar-btnBasicSearch","interaction":{"idSuffix":"I"}},"clearTextFirst":true,"interactionType":"ENTER_TEXT"}]}
COMMAND: POST /session/3fbb5aa961da27feb6cf7ecb004886db/actions - {"actions":[{"id":"action39","type":"key","parameters":{},"actions":[{"type":"keyDown","value":""},{"type":"pause","duration":10},{"type":"keyUp","value":""}]}]}
RESULT: {"actions":[{"id":"action39","type":"key","parameters":{},"actions":[{"type":"keyDown","value":""},{"type":"pause","duration":10},{"type":"keyUp","value":""}]}]}
COMMAND: GET /session/3fbb5aa961da27feb6cf7ecb004886db/screenshot - {}
RESULT: {}
COMMAND: POST /session/3fbb5aa961da27feb6cf7ecb004886db/element - {"using":"xpath","value":"//td[@aria-colindex=\"1\"]/div/div[contains(@class, \"sapMCbBg\")]"}
RESULT: {"using":"xpath","value":"//td[@aria-colindex=\"1\"]/div/div[contains(@class, \"sapMCbBg\")]"}
COMMAND: POST /session/3fbb5aa961da27feb6cf7ecb004886db/element/f.0763987BF21D2E15D38664A642A1837D.d.A11D6AFCE78588BDC0F4FBE0B59B4541.e.12078/click - {}
RESULT: {}
COMMAND: GET /session/3fbb5aa961da27feb6cf7ecb004886db/screenshot - {}
RESULT: {}
COMMAND: POST /session/3fbb5aa961da27feb6cf7ecb004886db/execute/async - {"script":"<script> [1562 bytes]","args":[{"selector":{"id":"application-managebillings-display-component---billRunCalcResult--contractBillRunDate","interaction":{"idSuffix":"inner"}},"wdio_ui5_key":"applicationmanagebillings-display-component---billRunCalcResult--contractBillRunDate"}]}
RESULT: {"script":"<script> [1562 bytes]","args":[{"selector":{"id":"application-managebillings-display-component---billRunCalcResult--contractBillRunDate","interaction":{"idSuffix":"inner"}},"wdio_ui5_key":"applicationmanagebillings-display-component---billRunCalcResult--contractBillRunDate"}]}
RESULT: undefined
COMMAND: POST /session/3fbb5aa961da27feb6cf7ecb004886db/execute/async - {"script":"<script> [776 bytes]","args":[{"enterText":"04/17/25","selector":{"id":"application-managebillings-display-component---billRunCalcResult--contractBillRunDate","interaction":{"idSuffix":"inner"}},"clearTextFirst":true,"interactionType":"ENTER_TEXT"}]}
RESULT: {"script":"<script> [776 bytes]","args":[{"enterText":"04/17/25","selector":{"id":"application-managebillings-display-component---billRunCalcResult--contractBillRunDate","interaction":{"idSuffix":"inner"}},"clearTextFirst":true,"interactionType":"ENTER_TEXT"}]}
COMMAND: POST /session/3fbb5aa961da27feb6cf7ecb004886db/element - {"using":"xpath","value":"//bdi[contains(text(), \"Trigger Calculation\")]"}
RESULT: {"using":"xpath","value":"//bdi[contains(text(), \"Trigger Calculation\")]"}
COMMAND: POST /session/3fbb5aa961da27feb6cf7ecb004886db/element/f.0763987BF21D2E15D38664A642A1837D.d.A11D6AFCE78588BDC0F4FBE0B59B4541.e.12130/click - {}
RESULT: {}
COMMAND: GET /session/3fbb5aa961da27feb6cf7ecb004886db/screenshot - {}
RESULT: {}
COMMAND: POST /session/3fbb5aa961da27feb6cf7ecb004886db/element - {"using":"xpath","value":"(//span[contains(@id, \"imgNav\")])[1]"}
RESULT: {"using":"xpath","value":"(//span[contains(@id, \"imgNav\")])[1]"}
COMMAND: POST /session/3fbb5aa961da27feb6cf7ecb004886db/element/f.0763987BF21D2E15D38664A642A1837D.d.A11D6AFCE78588BDC0F4FBE0B59B4541.e.12079/click - {}
RESULT: {}
COMMAND: GET /session/3fbb5aa961da27feb6cf7ecb004886db/screenshot - {}
RESULT: {}
COMMAND: POST /session/3fbb5aa961da27feb6cf7ecb004886db/element - {"using":"xpath","value":"//tr/td[6]/div[1]/span[1]/span[1]"}
RESULT: {"using":"xpath","value":"//tr/td[6]/div[1]/span[1]/span[1]"}
COMMAND: GET /session/3fbb5aa961da27feb6cf7ecb004886db/element/f.0763987BF21D2E15D38664A642A1837D.d.A11D6AFCE78588BDC0F4FBE0B59B4541.e.12135/text - {}
RESULT: {}
COMMAND: POST /session/3fbb5aa961da27feb6cf7ecb004886db/element - {"using":"xpath","value":"(//span[contains(@id, \"imgNav\")])[2]"}
RESULT: {"using":"xpath","value":"(//span[contains(@id, \"imgNav\")])[2]"}
COMMAND: POST /session/3fbb5aa961da27feb6cf7ecb004886db/element/f.0763987BF21D2E15D38664A642A1837D.d.A11D6AFCE78588BDC0F4FBE0B59B4541.e.12136/click - {}
RESULT: {}
COMMAND: POST /session/3fbb5aa961da27feb6cf7ecb004886db/element - {"using":"xpath","value":"//bdi[contains(text(), \"Business Confirm\")]"}
COMMAND: GET /session/3fbb5aa961da27feb6cf7ecb004886db/screenshot - {}
RESULT: {"using":"xpath","value":"//bdi[contains(text(), \"Business Confirm\")]"}
COMMAND: POST /session/3fbb5aa961da27feb6cf7ecb004886db/elements - {"using":"xpath","value":"//bdi[contains(text(), \"Business Confirm\")]"}
RESULT: {}
RESULT: {"using":"xpath","value":"//bdi[contains(text(), \"Business Confirm\")]"}
COMMAND: POST /session/3fbb5aa961da27feb6cf7ecb004886db/elements - {"using":"xpath","value":"//bdi[contains(text(), \"Business Confirm\")]"}
RESULT: {"using":"xpath","value":"//bdi[contains(text(), \"Business Confirm\")]"}
COMMAND: POST /session/3fbb5aa961da27feb6cf7ecb004886db/elements - {"using":"xpath","value":"//bdi[contains(text(), \"Business Confirm\")]"}
RESULT: {"using":"xpath","value":"//bdi[contains(text(), \"Business Confirm\")]"}
COMMAND: POST /session/3fbb5aa961da27feb6cf7ecb004886db/element - {"using":"xpath","value":"//bdi[contains(text(), \"Business Confirm\")]"}
RESULT: {"using":"xpath","value":"//bdi[contains(text(), \"Business Confirm\")]"}
COMMAND: POST /session/3fbb5aa961da27feb6cf7ecb004886db/element/f.0763987BF21D2E15D38664A642A1837D.d.A11D6AFCE78588BDC0F4FBE0B59B4541.e.12184/click - {}
RESULT: {}
COMMAND: POST /session/3fbb5aa961da27feb6cf7ecb004886db/element - {"using":"css selector","value":"#shell-header-logo"}
COMMAND: GET /session/3fbb5aa961da27feb6cf7ecb004886db/screenshot - {}
RESULT: {}
RESULT: {"using":"css selector","value":"#shell-header-logo"}
COMMAND: POST /session/3fbb5aa961da27feb6cf7ecb004886db/element/f.0763987BF21D2E15D38664A642A1837D.d.A11D6AFCE78588BDC0F4FBE0B59B4541.e.11870/click - {}
RESULT: {}
COMMAND: GET /session/3fbb5aa961da27feb6cf7ecb004886db/screenshot - {}
RESULT: {}
]]></system-out>
    </testcase>
    <testcase classname="chrome.135_0_7049_42.windows.Billing_Transfer_-_Intracompany_US127249" name="Should navigate to billing transfer and invoice the contract" time="78.664">
      <system-out><![CDATA[
COMMAND: POST /session/3fbb5aa961da27feb6cf7ecb004886db/execute/async - {"script":"<script> [1562 bytes]","args":[{"selector":{"controlType":"sap.m.GenericTile","properties":{"header":"Billing Transfer"}},"wdio_ui5_key":"sapm.GenericTile{\"header\":\"Billing Transfer\"}"}]}
RESULT: {"script":"<script> [1562 bytes]","args":[{"selector":{"controlType":"sap.m.GenericTile","properties":{"header":"Billing Transfer"}},"wdio_ui5_key":"sapm.GenericTile{\"header\":\"Billing Transfer\"}"}]}
RESULT: undefined
COMMAND: POST /session/3fbb5aa961da27feb6cf7ecb004886db/element - {"using":"xpath","value":"//*[@id=\"__tile90\"]"}
RESULT: {"using":"xpath","value":"//*[@id=\"__tile90\"]"}
COMMAND: POST /session/3fbb5aa961da27feb6cf7ecb004886db/element/f.0763987BF21D2E15D38664A642A1837D.d.A11D6AFCE78588BDC0F4FBE0B59B4541.e.8735/click - {}
RESULT: {}
COMMAND: POST /session/3fbb5aa961da27feb6cf7ecb004886db/element - {"using":"xpath","value":"//input[contains(@id ,\"application-billingtransfer-display-component---billingWorkbench--smartFilterBar-btnBasicSearch\")]"}
COMMAND: GET /session/3fbb5aa961da27feb6cf7ecb004886db/screenshot - {}
RESULT: {"using":"xpath","value":"//input[contains(@id ,\"application-billingtransfer-display-component---billingWorkbench--smartFilterBar-btnBasicSearch\")]"}
COMMAND: POST /session/3fbb5aa961da27feb6cf7ecb004886db/elements - {"using":"xpath","value":"//input[contains(@id ,\"application-billingtransfer-display-component---billingWorkbench--smartFilterBar-btnBasicSearch\")]"}
RESULT: {}
RESULT: {"using":"xpath","value":"//input[contains(@id ,\"application-billingtransfer-display-component---billingWorkbench--smartFilterBar-btnBasicSearch\")]"}
COMMAND: POST /session/3fbb5aa961da27feb6cf7ecb004886db/element - {"using":"xpath","value":"//input[contains(@id ,\"application-billingtransfer-display-component---billingWorkbench--smartFilterBar-btnBasicSearch\")]"}
RESULT: {"using":"xpath","value":"//input[contains(@id ,\"application-billingtransfer-display-component---billingWorkbench--smartFilterBar-btnBasicSearch\")]"}
COMMAND: POST /session/3fbb5aa961da27feb6cf7ecb004886db/execute/sync - {"script":"<script> [8489 bytes]","args":[{"element-6066-11e4-a52e-4f735466cecf":"f.0763987BF21D2E15D38664A642A1837D.d.A11D6AFCE78588BDC0F4FBE0B59B4541.e.12213","ELEMENT":"f.0763987BF21D2E15D38664A642A1837D.d.A11D6AFCE78588BDC0F4FBE0B59B4541.e.12213"}]}
RESULT: {"script":"<script> [8489 bytes]","args":[{"element-6066-11e4-a52e-4f735466cecf":"f.0763987BF21D2E15D38664A642A1837D.d.A11D6AFCE78588BDC0F4FBE0B59B4541.e.12213","ELEMENT":"f.0763987BF21D2E15D38664A642A1837D.d.A11D6AFCE78588BDC0F4FBE0B59B4541.e.12213"}]}
COMMAND: GET /session/3fbb5aa961da27feb6cf7ecb004886db/element/f.0763987BF21D2E15D38664A642A1837D.d.A11D6AFCE78588BDC0F4FBE0B59B4541.e.12213/enabled - {}
COMMAND: GET /session/3fbb5aa961da27feb6cf7ecb004886db/screenshot - {}
RESULT: {}
COMMAND: POST /session/3fbb5aa961da27feb6cf7ecb004886db/element/f.0763987BF21D2E15D38664A642A1837D.d.A11D6AFCE78588BDC0F4FBE0B59B4541.e.12213/click - {}
COMMAND: GET /session/3fbb5aa961da27feb6cf7ecb004886db/screenshot - {}
RESULT: {}
RESULT: {}
COMMAND: GET /session/3fbb5aa961da27feb6cf7ecb004886db/screenshot - {}
RESULT: {}
RESULT: {}
COMMAND: POST /session/3fbb5aa961da27feb6cf7ecb004886db/element/f.0763987BF21D2E15D38664A642A1837D.d.A11D6AFCE78588BDC0F4FBE0B59B4541.e.12213/clear - {}
RESULT: {}
COMMAND: POST /session/3fbb5aa961da27feb6cf7ecb004886db/element/f.0763987BF21D2E15D38664A642A1837D.d.A11D6AFCE78588BDC0F4FBE0B59B4541.e.12213/value - {"text":"10386"}
COMMAND: GET /session/3fbb5aa961da27feb6cf7ecb004886db/screenshot - {}
RESULT: {"text":"10386"}
COMMAND: POST /session/3fbb5aa961da27feb6cf7ecb004886db/actions - {"actions":[{"id":"action40","type":"key","parameters":{},"actions":[{"type":"keyDown","value":""},{"type":"pause","duration":10},{"type":"keyUp","value":""}]}]}
COMMAND: GET /session/3fbb5aa961da27feb6cf7ecb004886db/screenshot - {}
RESULT: {}
RESULT: {"actions":[{"id":"action40","type":"key","parameters":{},"actions":[{"type":"keyDown","value":""},{"type":"pause","duration":10},{"type":"keyUp","value":""}]}]}
COMMAND: GET /session/3fbb5aa961da27feb6cf7ecb004886db/screenshot - {}
RESULT: {}
RESULT: {}
COMMAND: POST /session/3fbb5aa961da27feb6cf7ecb004886db/element - {"using":"xpath","value":"//span[contains(@id ,\"application-billingtransfer-display-component---billingWorkbench--smartTableBillingRuns-header-inner\")]"}
RESULT: {"using":"xpath","value":"//span[contains(@id ,\"application-billingtransfer-display-component---billingWorkbench--smartTableBillingRuns-header-inner\")]"}
COMMAND: POST /session/3fbb5aa961da27feb6cf7ecb004886db/elements - {"using":"xpath","value":"//span[contains(@id ,\"application-billingtransfer-display-component---billingWorkbench--smartTableBillingRuns-header-inner\")]"}
RESULT: {"using":"xpath","value":"//span[contains(@id ,\"application-billingtransfer-display-component---billingWorkbench--smartTableBillingRuns-header-inner\")]"}
COMMAND: POST /session/3fbb5aa961da27feb6cf7ecb004886db/execute/sync - {"script":"<script> [56 bytes]","args":[{"element-6066-11e4-a52e-4f735466cecf":"f.0763987BF21D2E15D38664A642A1837D.d.A11D6AFCE78588BDC0F4FBE0B59B4541.e.12363","ELEMENT":"f.0763987BF21D2E15D38664A642A1837D.d.A11D6AFCE78588BDC0F4FBE0B59B4541.e.12363"}]}
RESULT: {"script":"<script> [56 bytes]","args":[{"element-6066-11e4-a52e-4f735466cecf":"f.0763987BF21D2E15D38664A642A1837D.d.A11D6AFCE78588BDC0F4FBE0B59B4541.e.12363","ELEMENT":"f.0763987BF21D2E15D38664A642A1837D.d.A11D6AFCE78588BDC0F4FBE0B59B4541.e.12363"}]}
COMMAND: POST /session/3fbb5aa961da27feb6cf7ecb004886db/element - {"using":"xpath","value":"//td[@aria-colindex=\"1\"]/div/div[contains(@class, \"sapMCbBg\")]"}
COMMAND: GET /session/3fbb5aa961da27feb6cf7ecb004886db/screenshot - {}
RESULT: {"using":"xpath","value":"//td[@aria-colindex=\"1\"]/div/div[contains(@class, \"sapMCbBg\")]"}
COMMAND: POST /session/3fbb5aa961da27feb6cf7ecb004886db/element/f.0763987BF21D2E15D38664A642A1837D.d.A11D6AFCE78588BDC0F4FBE0B59B4541.e.12356/click - {}
RESULT: {}
RESULT: {}
COMMAND: GET /session/3fbb5aa961da27feb6cf7ecb004886db/screenshot - {}
RESULT: {}
COMMAND: POST /session/3fbb5aa961da27feb6cf7ecb004886db/element - {"using":"xpath","value":"//bdi[contains(text(), \"Check\")]"}
RESULT: {"using":"xpath","value":"//bdi[contains(text(), \"Check\")]"}
COMMAND: POST /session/3fbb5aa961da27feb6cf7ecb004886db/element/f.0763987BF21D2E15D38664A642A1837D.d.A11D6AFCE78588BDC0F4FBE0B59B4541.e.12364/click - {}
RESULT: {}
COMMAND: GET /session/3fbb5aa961da27feb6cf7ecb004886db/screenshot - {}
RESULT: {}
COMMAND: POST /session/3fbb5aa961da27feb6cf7ecb004886db/element - {"using":"xpath","value":"//bdi[contains(text(), \"OK\")]"}
RESULT: {"using":"xpath","value":"//bdi[contains(text(), \"OK\")]"}
COMMAND: POST /session/3fbb5aa961da27feb6cf7ecb004886db/element/f.0763987BF21D2E15D38664A642A1837D.d.A11D6AFCE78588BDC0F4FBE0B59B4541.e.12367/click - {}
RESULT: {}
COMMAND: GET /session/3fbb5aa961da27feb6cf7ecb004886db/screenshot - {}
RESULT: {}
COMMAND: POST /session/3fbb5aa961da27feb6cf7ecb004886db/element - {"using":"xpath","value":"(//span[contains(text(), \"CO/SD checked\")]/parent::div/preceding-sibling::div/span)[1]"}
RESULT: {"using":"xpath","value":"(//span[contains(text(), \"CO/SD checked\")]/parent::div/preceding-sibling::div/span)[1]"}
COMMAND: POST /session/3fbb5aa961da27feb6cf7ecb004886db/element/f.0763987BF21D2E15D38664A642A1837D.d.A11D6AFCE78588BDC0F4FBE0B59B4541.e.12368/click - {}
RESULT: {}
COMMAND: GET /session/3fbb5aa961da27feb6cf7ecb004886db/screenshot - {}
RESULT: {}
COMMAND: POST /session/3fbb5aa961da27feb6cf7ecb004886db/element - {"using":"xpath","value":"//input[contains(@id ,\"application-billingtransfer-display-component---billingWorkbench--smartFilterBar-btnBasicSearch\")]"}
RESULT: {"using":"xpath","value":"//input[contains(@id ,\"application-billingtransfer-display-component---billingWorkbench--smartFilterBar-btnBasicSearch\")]"}
COMMAND: POST /session/3fbb5aa961da27feb6cf7ecb004886db/elements - {"using":"xpath","value":"//input[contains(@id ,\"application-billingtransfer-display-component---billingWorkbench--smartFilterBar-btnBasicSearch\")]"}
RESULT: {"using":"xpath","value":"//input[contains(@id ,\"application-billingtransfer-display-component---billingWorkbench--smartFilterBar-btnBasicSearch\")]"}
COMMAND: POST /session/3fbb5aa961da27feb6cf7ecb004886db/execute/sync - {"script":"<script> [8489 bytes]","args":[{"element-6066-11e4-a52e-4f735466cecf":"f.0763987BF21D2E15D38664A642A1837D.d.A11D6AFCE78588BDC0F4FBE0B59B4541.e.12213","ELEMENT":"f.0763987BF21D2E15D38664A642A1837D.d.A11D6AFCE78588BDC0F4FBE0B59B4541.e.12213"}]}
RESULT: {"script":"<script> [8489 bytes]","args":[{"element-6066-11e4-a52e-4f735466cecf":"f.0763987BF21D2E15D38664A642A1837D.d.A11D6AFCE78588BDC0F4FBE0B59B4541.e.12213","ELEMENT":"f.0763987BF21D2E15D38664A642A1837D.d.A11D6AFCE78588BDC0F4FBE0B59B4541.e.12213"}]}
COMMAND: GET /session/3fbb5aa961da27feb6cf7ecb004886db/element/f.0763987BF21D2E15D38664A642A1837D.d.A11D6AFCE78588BDC0F4FBE0B59B4541.e.12213/enabled - {}
COMMAND: GET /session/3fbb5aa961da27feb6cf7ecb004886db/screenshot - {}
RESULT: {}
COMMAND: POST /session/3fbb5aa961da27feb6cf7ecb004886db/element/f.0763987BF21D2E15D38664A642A1837D.d.A11D6AFCE78588BDC0F4FBE0B59B4541.e.12213/click - {}
COMMAND: GET /session/3fbb5aa961da27feb6cf7ecb004886db/screenshot - {}
RESULT: {}
RESULT: {}
COMMAND: GET /session/3fbb5aa961da27feb6cf7ecb004886db/screenshot - {}
RESULT: {}
RESULT: {}
COMMAND: POST /session/3fbb5aa961da27feb6cf7ecb004886db/element/f.0763987BF21D2E15D38664A642A1837D.d.A11D6AFCE78588BDC0F4FBE0B59B4541.e.12213/clear - {}
RESULT: {}
COMMAND: POST /session/3fbb5aa961da27feb6cf7ecb004886db/element/f.0763987BF21D2E15D38664A642A1837D.d.A11D6AFCE78588BDC0F4FBE0B59B4541.e.12213/value - {"text":"10386"}
COMMAND: GET /session/3fbb5aa961da27feb6cf7ecb004886db/screenshot - {}
RESULT: {"text":"10386"}
COMMAND: POST /session/3fbb5aa961da27feb6cf7ecb004886db/actions - {"actions":[{"id":"action41","type":"key","parameters":{},"actions":[{"type":"keyDown","value":""},{"type":"pause","duration":10},{"type":"keyUp","value":""}]}]}
COMMAND: GET /session/3fbb5aa961da27feb6cf7ecb004886db/screenshot - {}
RESULT: {}
RESULT: {"actions":[{"id":"action41","type":"key","parameters":{},"actions":[{"type":"keyDown","value":""},{"type":"pause","duration":10},{"type":"keyUp","value":""}]}]}
COMMAND: GET /session/3fbb5aa961da27feb6cf7ecb004886db/screenshot - {}
RESULT: {}
RESULT: {}
COMMAND: POST /session/3fbb5aa961da27feb6cf7ecb004886db/element - {"using":"xpath","value":"//span[contains(@id ,\"application-billingtransfer-display-component---billingWorkbench--smartTableBillingRuns-header-inner\")]"}
RESULT: {"using":"xpath","value":"//span[contains(@id ,\"application-billingtransfer-display-component---billingWorkbench--smartTableBillingRuns-header-inner\")]"}
COMMAND: POST /session/3fbb5aa961da27feb6cf7ecb004886db/elements - {"using":"xpath","value":"//span[contains(@id ,\"application-billingtransfer-display-component---billingWorkbench--smartTableBillingRuns-header-inner\")]"}
RESULT: {"using":"xpath","value":"//span[contains(@id ,\"application-billingtransfer-display-component---billingWorkbench--smartTableBillingRuns-header-inner\")]"}
COMMAND: POST /session/3fbb5aa961da27feb6cf7ecb004886db/execute/sync - {"script":"<script> [56 bytes]","args":[{"element-6066-11e4-a52e-4f735466cecf":"f.0763987BF21D2E15D38664A642A1837D.d.A11D6AFCE78588BDC0F4FBE0B59B4541.e.12363","ELEMENT":"f.0763987BF21D2E15D38664A642A1837D.d.A11D6AFCE78588BDC0F4FBE0B59B4541.e.12363"}]}
RESULT: {"script":"<script> [56 bytes]","args":[{"element-6066-11e4-a52e-4f735466cecf":"f.0763987BF21D2E15D38664A642A1837D.d.A11D6AFCE78588BDC0F4FBE0B59B4541.e.12363","ELEMENT":"f.0763987BF21D2E15D38664A642A1837D.d.A11D6AFCE78588BDC0F4FBE0B59B4541.e.12363"}]}
COMMAND: POST /session/3fbb5aa961da27feb6cf7ecb004886db/element - {"using":"xpath","value":"//td[@aria-colindex=\"1\"]/div/div[contains(@class, \"sapMCbBg\")]"}
COMMAND: GET /session/3fbb5aa961da27feb6cf7ecb004886db/screenshot - {}
RESULT: {"using":"xpath","value":"//td[@aria-colindex=\"1\"]/div/div[contains(@class, \"sapMCbBg\")]"}
COMMAND: POST /session/3fbb5aa961da27feb6cf7ecb004886db/element/f.0763987BF21D2E15D38664A642A1837D.d.A11D6AFCE78588BDC0F4FBE0B59B4541.e.12372/click - {}
RESULT: {}
RESULT: {}
COMMAND: GET /session/3fbb5aa961da27feb6cf7ecb004886db/screenshot - {}
RESULT: {}
COMMAND: POST /session/3fbb5aa961da27feb6cf7ecb004886db/element - {"using":"xpath","value":"//bdi[text()=\"Transfer\"]"}
RESULT: {"using":"xpath","value":"//bdi[text()=\"Transfer\"]"}
COMMAND: POST /session/3fbb5aa961da27feb6cf7ecb004886db/element/f.0763987BF21D2E15D38664A642A1837D.d.A11D6AFCE78588BDC0F4FBE0B59B4541.e.12373/click - {}
RESULT: {}
COMMAND: GET /session/3fbb5aa961da27feb6cf7ecb004886db/screenshot - {}
RESULT: {}
COMMAND: POST /session/3fbb5aa961da27feb6cf7ecb004886db/element - {"using":"xpath","value":"//bdi[contains(text(), \"OK\")]"}
RESULT: {"using":"xpath","value":"//bdi[contains(text(), \"OK\")]"}
COMMAND: POST /session/3fbb5aa961da27feb6cf7ecb004886db/element/f.0763987BF21D2E15D38664A642A1837D.d.A11D6AFCE78588BDC0F4FBE0B59B4541.e.12376/click - {}
RESULT: {}
COMMAND: GET /session/3fbb5aa961da27feb6cf7ecb004886db/screenshot - {}
RESULT: {}
COMMAND: POST /session/3fbb5aa961da27feb6cf7ecb004886db/element - {"using":"xpath","value":"(//span[contains(text(), \"Completed\")]/parent::div/preceding-sibling::div/span)[1]"}
RESULT: {"using":"xpath","value":"(//span[contains(text(), \"Completed\")]/parent::div/preceding-sibling::div/span)[1]"}
COMMAND: POST /session/3fbb5aa961da27feb6cf7ecb004886db/element/f.0763987BF21D2E15D38664A642A1837D.d.A11D6AFCE78588BDC0F4FBE0B59B4541.e.12390/click - {}
RESULT: {}
COMMAND: POST /session/3fbb5aa961da27feb6cf7ecb004886db/element - {"using":"xpath","value":"//input[contains(@id ,\"application-billingtransfer-display-component---billingWorkbench--smartFilterBar-btnBasicSearch\")]"}
COMMAND: GET /session/3fbb5aa961da27feb6cf7ecb004886db/screenshot - {}
RESULT: {"using":"xpath","value":"//input[contains(@id ,\"application-billingtransfer-display-component---billingWorkbench--smartFilterBar-btnBasicSearch\")]"}
COMMAND: POST /session/3fbb5aa961da27feb6cf7ecb004886db/elements - {"using":"xpath","value":"//input[contains(@id ,\"application-billingtransfer-display-component---billingWorkbench--smartFilterBar-btnBasicSearch\")]"}
RESULT: {}
RESULT: {"using":"xpath","value":"//input[contains(@id ,\"application-billingtransfer-display-component---billingWorkbench--smartFilterBar-btnBasicSearch\")]"}
COMMAND: POST /session/3fbb5aa961da27feb6cf7ecb004886db/execute/sync - {"script":"<script> [8489 bytes]","args":[{"element-6066-11e4-a52e-4f735466cecf":"f.0763987BF21D2E15D38664A642A1837D.d.A11D6AFCE78588BDC0F4FBE0B59B4541.e.12213","ELEMENT":"f.0763987BF21D2E15D38664A642A1837D.d.A11D6AFCE78588BDC0F4FBE0B59B4541.e.12213"}]}
RESULT: {"script":"<script> [8489 bytes]","args":[{"element-6066-11e4-a52e-4f735466cecf":"f.0763987BF21D2E15D38664A642A1837D.d.A11D6AFCE78588BDC0F4FBE0B59B4541.e.12213","ELEMENT":"f.0763987BF21D2E15D38664A642A1837D.d.A11D6AFCE78588BDC0F4FBE0B59B4541.e.12213"}]}
COMMAND: GET /session/3fbb5aa961da27feb6cf7ecb004886db/element/f.0763987BF21D2E15D38664A642A1837D.d.A11D6AFCE78588BDC0F4FBE0B59B4541.e.12213/enabled - {}
COMMAND: GET /session/3fbb5aa961da27feb6cf7ecb004886db/screenshot - {}
RESULT: {}
COMMAND: POST /session/3fbb5aa961da27feb6cf7ecb004886db/element/f.0763987BF21D2E15D38664A642A1837D.d.A11D6AFCE78588BDC0F4FBE0B59B4541.e.12213/click - {}
COMMAND: GET /session/3fbb5aa961da27feb6cf7ecb004886db/screenshot - {}
RESULT: {}
RESULT: {}
COMMAND: GET /session/3fbb5aa961da27feb6cf7ecb004886db/screenshot - {}
RESULT: {}
RESULT: {}
COMMAND: POST /session/3fbb5aa961da27feb6cf7ecb004886db/element/f.0763987BF21D2E15D38664A642A1837D.d.A11D6AFCE78588BDC0F4FBE0B59B4541.e.12213/clear - {}
RESULT: {}
COMMAND: POST /session/3fbb5aa961da27feb6cf7ecb004886db/element/f.0763987BF21D2E15D38664A642A1837D.d.A11D6AFCE78588BDC0F4FBE0B59B4541.e.12213/value - {"text":"10386"}
COMMAND: GET /session/3fbb5aa961da27feb6cf7ecb004886db/screenshot - {}
RESULT: {"text":"10386"}
COMMAND: POST /session/3fbb5aa961da27feb6cf7ecb004886db/actions - {"actions":[{"id":"action42","type":"key","parameters":{},"actions":[{"type":"keyDown","value":""},{"type":"pause","duration":10},{"type":"keyUp","value":""}]}]}
COMMAND: GET /session/3fbb5aa961da27feb6cf7ecb004886db/screenshot - {}
RESULT: {}
RESULT: {}
RESULT: {"actions":[{"id":"action42","type":"key","parameters":{},"actions":[{"type":"keyDown","value":""},{"type":"pause","duration":10},{"type":"keyUp","value":""}]}]}
COMMAND: GET /session/3fbb5aa961da27feb6cf7ecb004886db/screenshot - {}
RESULT: {}
COMMAND: POST /session/3fbb5aa961da27feb6cf7ecb004886db/element - {"using":"xpath","value":"//span[contains(@id ,\"application-billingtransfer-display-component---billingWorkbench--smartTableBillingRuns-header-inner\")]"}
RESULT: {"using":"xpath","value":"//span[contains(@id ,\"application-billingtransfer-display-component---billingWorkbench--smartTableBillingRuns-header-inner\")]"}
COMMAND: POST /session/3fbb5aa961da27feb6cf7ecb004886db/elements - {"using":"xpath","value":"//span[contains(@id ,\"application-billingtransfer-display-component---billingWorkbench--smartTableBillingRuns-header-inner\")]"}
RESULT: {"using":"xpath","value":"//span[contains(@id ,\"application-billingtransfer-display-component---billingWorkbench--smartTableBillingRuns-header-inner\")]"}
COMMAND: POST /session/3fbb5aa961da27feb6cf7ecb004886db/execute/sync - {"script":"<script> [56 bytes]","args":[{"element-6066-11e4-a52e-4f735466cecf":"f.0763987BF21D2E15D38664A642A1837D.d.A11D6AFCE78588BDC0F4FBE0B59B4541.e.12363","ELEMENT":"f.0763987BF21D2E15D38664A642A1837D.d.A11D6AFCE78588BDC0F4FBE0B59B4541.e.12363"}]}
RESULT: {"script":"<script> [56 bytes]","args":[{"element-6066-11e4-a52e-4f735466cecf":"f.0763987BF21D2E15D38664A642A1837D.d.A11D6AFCE78588BDC0F4FBE0B59B4541.e.12363","ELEMENT":"f.0763987BF21D2E15D38664A642A1837D.d.A11D6AFCE78588BDC0F4FBE0B59B4541.e.12363"}]}
COMMAND: POST /session/3fbb5aa961da27feb6cf7ecb004886db/element - {"using":"css selector","value":"#shell-header-logo"}
COMMAND: GET /session/3fbb5aa961da27feb6cf7ecb004886db/screenshot - {}
RESULT: {"using":"css selector","value":"#shell-header-logo"}
COMMAND: POST /session/3fbb5aa961da27feb6cf7ecb004886db/element/f.0763987BF21D2E15D38664A642A1837D.d.A11D6AFCE78588BDC0F4FBE0B59B4541.e.12211/click - {}
RESULT: {}
RESULT: {}
COMMAND: GET /session/3fbb5aa961da27feb6cf7ecb004886db/screenshot - {}
RESULT: {}
COMMAND: POST /session/3fbb5aa961da27feb6cf7ecb004886db/element - {"using":"css selector","value":"#j_username"}
COMMAND: POST /session/3fbb5aa961da27feb6cf7ecb004886db/url - {"url":"https://qa-testing-00-live-etm-ui.cfapps.eu10-004.hana.ondemand.com/"}
RESULT: {"using":"css selector","value":"#j_username"}
COMMAND: POST /session/3fbb5aa961da27feb6cf7ecb004886db/element - {"using":"css selector","value":"#j_username"}
RESULT: {"url":"https://qa-testing-00-live-etm-ui.cfapps.eu10-004.hana.ondemand.com/"}
RESULT: undefined
COMMAND: GET /session/3fbb5aa961da27feb6cf7ecb004886db/screenshot - {}
RESULT: {"using":"css selector","value":"#j_username"}
COMMAND: POST /session/3fbb5aa961da27feb6cf7ecb004886db/element - {"using":"css selector","value":"#shell-header-logo"}
RESULT: {}
RESULT: {"using":"css selector","value":"#shell-header-logo"}
COMMAND: POST /session/3fbb5aa961da27feb6cf7ecb004886db/execute/sync - {"script":"<script> [8489 bytes]","args":[{"element-6066-11e4-a52e-4f735466cecf":"f.0763987BF21D2E15D38664A642A1837D.d.CC09B7CA70026C771038684AACFD3CC5.e.12407","ELEMENT":"f.0763987BF21D2E15D38664A642A1837D.d.CC09B7CA70026C771038684AACFD3CC5.e.12407"}]}
RESULT: {"script":"<script> [8489 bytes]","args":[{"element-6066-11e4-a52e-4f735466cecf":"f.0763987BF21D2E15D38664A642A1837D.d.CC09B7CA70026C771038684AACFD3CC5.e.12407","ELEMENT":"f.0763987BF21D2E15D38664A642A1837D.d.CC09B7CA70026C771038684AACFD3CC5.e.12407"}]}
COMMAND: POST /session/3fbb5aa961da27feb6cf7ecb004886db/element - {"using":"css selector","value":"#shell-header-logo"}
COMMAND: GET /session/3fbb5aa961da27feb6cf7ecb004886db/screenshot - {}
RESULT: {"using":"css selector","value":"#shell-header-logo"}
COMMAND: POST /session/3fbb5aa961da27feb6cf7ecb004886db/execute/sync - {"script":"<script> [8489 bytes]","args":[{"element-6066-11e4-a52e-4f735466cecf":"f.0763987BF21D2E15D38664A642A1837D.d.CC09B7CA70026C771038684AACFD3CC5.e.12407","ELEMENT":"f.0763987BF21D2E15D38664A642A1837D.d.CC09B7CA70026C771038684AACFD3CC5.e.12407"}]}
RESULT: {}
RESULT: {"script":"<script> [8489 bytes]","args":[{"element-6066-11e4-a52e-4f735466cecf":"f.0763987BF21D2E15D38664A642A1837D.d.CC09B7CA70026C771038684AACFD3CC5.e.12407","ELEMENT":"f.0763987BF21D2E15D38664A642A1837D.d.CC09B7CA70026C771038684AACFD3CC5.e.12407"}]}
COMMAND: POST /session/3fbb5aa961da27feb6cf7ecb004886db/execute/sync - {"script":"<script> [5351 bytes]","args":[{"element-6066-11e4-a52e-4f735466cecf":"f.0763987BF21D2E15D38664A642A1837D.d.CC09B7CA70026C771038684AACFD3CC5.e.12407","ELEMENT":"f.0763987BF21D2E15D38664A642A1837D.d.CC09B7CA70026C771038684AACFD3CC5.e.12407"}]}
COMMAND: GET /session/3fbb5aa961da27feb6cf7ecb004886db/screenshot - {}
RESULT: {"script":"<script> [5351 bytes]","args":[{"element-6066-11e4-a52e-4f735466cecf":"f.0763987BF21D2E15D38664A642A1837D.d.CC09B7CA70026C771038684AACFD3CC5.e.12407","ELEMENT":"f.0763987BF21D2E15D38664A642A1837D.d.CC09B7CA70026C771038684AACFD3CC5.e.12407"}]}
COMMAND: POST /session/3fbb5aa961da27feb6cf7ecb004886db/element - {"using":"css selector","value":"#shell-header-logo"}
COMMAND: GET /session/3fbb5aa961da27feb6cf7ecb004886db/screenshot - {}
RESULT: {}
RESULT: {"using":"css selector","value":"#shell-header-logo"}
COMMAND: POST /session/3fbb5aa961da27feb6cf7ecb004886db/element/f.0763987BF21D2E15D38664A642A1837D.d.CC09B7CA70026C771038684AACFD3CC5.e.12407/click - {}
RESULT: {}
RESULT: {}
COMMAND: GET /session/3fbb5aa961da27feb6cf7ecb004886db/screenshot - {}
RESULT: {}
COMMAND: POST /session/3fbb5aa961da27feb6cf7ecb004886db/execute/async - {"script":"<script> [189 bytes]","args":[]}
RESULT: {"script":"<script> [189 bytes]","args":[]}
COMMAND: POST /session/3fbb5aa961da27feb6cf7ecb004886db/execute/async - {"script":"<script> [123 bytes]","args":[]}
RESULT: {"script":"<script> [123 bytes]","args":[]}
COMMAND: POST /session/3fbb5aa961da27feb6cf7ecb004886db/timeouts - {"script":"<number>"}
RESULT: {"script":"<number>"}
COMMAND: GET /session/3fbb5aa961da27feb6cf7ecb004886db/timeouts - {}
RESULT: {}
RESULT: undefined
COMMAND: POST /session/3fbb5aa961da27feb6cf7ecb004886db/execute/async - {"script":"<script> [2676 bytes]","args":[]}
RESULT: {"script":"<script> [2676 bytes]","args":[]}
COMMAND: POST /session/3fbb5aa961da27feb6cf7ecb004886db/execute/async - {"script":"<script> [2342 bytes]","args":[{"protocol":"http","hostname":"0.0.0.0","path":"/","capabilities":{"browserName":"chrome","goog:chromeOptions":{"binary":"C:\\Program Files\\Google\\Chrome\\Application\\chrome.exe","args":["--start-maximized"]}},"logLevel":"warn","connectionRetryTimeout":120000,"connectionRetryCount":3,"logLevels":{},"enableDirectConnect":true,"strictSSL":true,"_":"65 more keys: [\"cacheDir\",\"port\",\"requestedCapabilities\",\"automationProtocol\",\"baseUrl\",\"waitforInterval\",\"waitforTimeout\",\"onReload\",\"beforeCommand\",\"afterCommand\",\"rootDir\",\"specs\",\"suites\",\"exclude\",\"groupLogsByTestSpec\",\"excludeDriverLogs\",\"bail\",\"framework\",\"reporters\",\"services\",\"maxInstances\",\"maxInstancesPerCapability\",\"injectGlobals\",\"filesToWatch\",\"execArgv\",\"runnerEnv\",\"runner\",\"shard\",\"specFileRetries\",\"specFileRetriesDelay\",\"specFileRetriesDeferred\",\"reporterSyncInterval\",\"reporterSyncTimeout\",\"cucumberFeaturesWithLineNumbers\",\"autoCompileOpts\",\"mochaOpts\",\"jasmineOpts\",\"cucumberOpts\",\"onPrepare\",\"onWorkerStart\",\"onWorkerEnd\",\"before\",\"beforeSession\",\"beforeSuite\",\"beforeHook\",\"beforeTest\",\"afterTest\",\"afterHook\",\"afterSuite\",\"afterSession\",\"after\",\"onComplete\",\"beforeAssertion\",\"afterAssertion\",\"beforeFeature\",\"beforeScenario\",\"beforeStep\",\"afterStep\",\"afterScenario\",\"afterFeature\",\"_\",\"suite\",\"$0\",\"ignoredWorkerServices\",\"wdi5\"]"}]}
RESULT: {"script":"<script> [2342 bytes]","args":[{"protocol":"http","hostname":"0.0.0.0","path":"/","capabilities":{"browserName":"chrome","goog:chromeOptions":{"binary":"C:\\Program Files\\Google\\Chrome\\Application\\chrome.exe","args":["--start-maximized"]}},"logLevel":"warn","connectionRetryTimeout":120000,"connectionRetryCount":3,"logLevels":{},"enableDirectConnect":true,"strictSSL":true,"_":"65 more keys: [\"cacheDir\",\"port\",\"requestedCapabilities\",\"automationProtocol\",\"baseUrl\",\"waitforInterval\",\"waitforTimeout\",\"onReload\",\"beforeCommand\",\"afterCommand\",\"rootDir\",\"specs\",\"suites\",\"exclude\",\"groupLogsByTestSpec\",\"excludeDriverLogs\",\"bail\",\"framework\",\"reporters\",\"services\",\"maxInstances\",\"maxInstancesPerCapability\",\"injectGlobals\",\"filesToWatch\",\"execArgv\",\"runnerEnv\",\"runner\",\"shard\",\"specFileRetries\",\"specFileRetriesDelay\",\"specFileRetriesDeferred\",\"reporterSyncInterval\",\"reporterSyncTimeout\",\"cucumberFeaturesWithLineNumbers\",\"autoCompileOpts\",\"mochaOpts\",\"jasmineOpts\",\"cucumberOpts\",\"onPrepare\",\"onWorkerStart\",\"onWorkerEnd\",\"before\",\"beforeSession\",\"beforeSuite\",\"beforeHook\",\"beforeTest\",\"afterTest\",\"afterHook\",\"afterSuite\",\"afterSession\",\"after\",\"onComplete\",\"beforeAssertion\",\"afterAssertion\",\"beforeFeature\",\"beforeScenario\",\"beforeStep\",\"afterStep\",\"afterScenario\",\"afterFeature\",\"_\",\"suite\",\"$0\",\"ignoredWorkerServices\",\"wdi5\"]"}]}
COMMAND: POST /session/3fbb5aa961da27feb6cf7ecb004886db/execute/async - {"script":"<script> [21126 bytes]","args":[35000]}
RESULT: {"script":"<script> [21126 bytes]","args":[35000]}
COMMAND: POST /session/3fbb5aa961da27feb6cf7ecb004886db/window/maximize - {}
RESULT: {}
COMMAND: POST /session/3fbb5aa961da27feb6cf7ecb004886db/execute/async - {"script":"<script> [1562 bytes]","args":[{"selector":{"id":"shell-header","interaction":{"idSuffix":"icon"}},"wdio_ui5_key":"shellheader"}]}
COMMAND: GET /session/3fbb5aa961da27feb6cf7ecb004886db/screenshot - {}
RESULT: {"script":"<script> [1562 bytes]","args":[{"selector":{"id":"shell-header","interaction":{"idSuffix":"icon"}},"wdio_ui5_key":"shellheader"}]}
RESULT: undefined
COMMAND: POST /session/3fbb5aa961da27feb6cf7ecb004886db/refresh - {}
RESULT: {}
RESULT: {}
COMMAND: GET /session/3fbb5aa961da27feb6cf7ecb004886db/screenshot - {}
RESULT: {}
COMMAND: POST /session/3fbb5aa961da27feb6cf7ecb004886db/refresh - {}
RESULT: {}
COMMAND: GET /session/3fbb5aa961da27feb6cf7ecb004886db/screenshot - {}
RESULT: {}
COMMAND: POST /session/3fbb5aa961da27feb6cf7ecb004886db/execute/async - {"script":"<script> [189 bytes]","args":[]}
RESULT: {"script":"<script> [189 bytes]","args":[]}
COMMAND: POST /session/3fbb5aa961da27feb6cf7ecb004886db/execute/async - {"script":"<script> [123 bytes]","args":[]}
RESULT: {"script":"<script> [123 bytes]","args":[]}
COMMAND: POST /session/3fbb5aa961da27feb6cf7ecb004886db/timeouts - {"script":"<number>"}
RESULT: {"script":"<number>"}
COMMAND: GET /session/3fbb5aa961da27feb6cf7ecb004886db/timeouts - {}
RESULT: {}
RESULT: undefined
COMMAND: POST /session/3fbb5aa961da27feb6cf7ecb004886db/execute/async - {"script":"<script> [2676 bytes]","args":[]}
RESULT: {"script":"<script> [2676 bytes]","args":[]}
COMMAND: POST /session/3fbb5aa961da27feb6cf7ecb004886db/execute/async - {"script":"<script> [2342 bytes]","args":[{"protocol":"http","hostname":"0.0.0.0","path":"/","capabilities":{"browserName":"chrome","goog:chromeOptions":{"binary":"C:\\Program Files\\Google\\Chrome\\Application\\chrome.exe","args":["--start-maximized"]}},"logLevel":"warn","connectionRetryTimeout":120000,"connectionRetryCount":3,"logLevels":{},"enableDirectConnect":true,"strictSSL":true,"_":"65 more keys: [\"cacheDir\",\"port\",\"requestedCapabilities\",\"automationProtocol\",\"baseUrl\",\"waitforInterval\",\"waitforTimeout\",\"onReload\",\"beforeCommand\",\"afterCommand\",\"rootDir\",\"specs\",\"suites\",\"exclude\",\"groupLogsByTestSpec\",\"excludeDriverLogs\",\"bail\",\"framework\",\"reporters\",\"services\",\"maxInstances\",\"maxInstancesPerCapability\",\"injectGlobals\",\"filesToWatch\",\"execArgv\",\"runnerEnv\",\"runner\",\"shard\",\"specFileRetries\",\"specFileRetriesDelay\",\"specFileRetriesDeferred\",\"reporterSyncInterval\",\"reporterSyncTimeout\",\"cucumberFeaturesWithLineNumbers\",\"autoCompileOpts\",\"mochaOpts\",\"jasmineOpts\",\"cucumberOpts\",\"onPrepare\",\"onWorkerStart\",\"onWorkerEnd\",\"before\",\"beforeSession\",\"beforeSuite\",\"beforeHook\",\"beforeTest\",\"afterTest\",\"afterHook\",\"afterSuite\",\"afterSession\",\"after\",\"onComplete\",\"beforeAssertion\",\"afterAssertion\",\"beforeFeature\",\"beforeScenario\",\"beforeStep\",\"afterStep\",\"afterScenario\",\"afterFeature\",\"_\",\"suite\",\"$0\",\"ignoredWorkerServices\",\"wdi5\"]"}]}
RESULT: {"script":"<script> [2342 bytes]","args":[{"protocol":"http","hostname":"0.0.0.0","path":"/","capabilities":{"browserName":"chrome","goog:chromeOptions":{"binary":"C:\\Program Files\\Google\\Chrome\\Application\\chrome.exe","args":["--start-maximized"]}},"logLevel":"warn","connectionRetryTimeout":120000,"connectionRetryCount":3,"logLevels":{},"enableDirectConnect":true,"strictSSL":true,"_":"65 more keys: [\"cacheDir\",\"port\",\"requestedCapabilities\",\"automationProtocol\",\"baseUrl\",\"waitforInterval\",\"waitforTimeout\",\"onReload\",\"beforeCommand\",\"afterCommand\",\"rootDir\",\"specs\",\"suites\",\"exclude\",\"groupLogsByTestSpec\",\"excludeDriverLogs\",\"bail\",\"framework\",\"reporters\",\"services\",\"maxInstances\",\"maxInstancesPerCapability\",\"injectGlobals\",\"filesToWatch\",\"execArgv\",\"runnerEnv\",\"runner\",\"shard\",\"specFileRetries\",\"specFileRetriesDelay\",\"specFileRetriesDeferred\",\"reporterSyncInterval\",\"reporterSyncTimeout\",\"cucumberFeaturesWithLineNumbers\",\"autoCompileOpts\",\"mochaOpts\",\"jasmineOpts\",\"cucumberOpts\",\"onPrepare\",\"onWorkerStart\",\"onWorkerEnd\",\"before\",\"beforeSession\",\"beforeSuite\",\"beforeHook\",\"beforeTest\",\"afterTest\",\"afterHook\",\"afterSuite\",\"afterSession\",\"after\",\"onComplete\",\"beforeAssertion\",\"afterAssertion\",\"beforeFeature\",\"beforeScenario\",\"beforeStep\",\"afterStep\",\"afterScenario\",\"afterFeature\",\"_\",\"suite\",\"$0\",\"ignoredWorkerServices\",\"wdi5\"]"}]}
COMMAND: POST /session/3fbb5aa961da27feb6cf7ecb004886db/execute/async - {"script":"<script> [21126 bytes]","args":[35000]}
RESULT: {"script":"<script> [21126 bytes]","args":[35000]}
]]></system-out>
    </testcase>
  </testsuite>
  <testsuite timestamp="2025-04-17T06:20:12" time="746.08" tests="12" failures="0" errors="0" skipped="0">
    <properties>
      <property name="specId" value="0"/>
      <property name="suiteName" value="Billing transfer US117289"/>
      <property name="capabilities" value="chrome.135_0_7049_42.windows"/>
      <property name="file" value="file:///D:/a/1/s/test/specs/BTS/billing-transfer.spec.js"/>
    </properties>
    <testcase classname="chrome.135_0_7049_42.windows.Billing_transfer_US117289" name="Should create a new yard" time="0.968">
      <system-out><![CDATA[
COMMAND: POST /session/3fbb5aa961da27feb6cf7ecb004886db/window/fullscreen - {}
RESULT: {}
]]></system-out>
    </testcase>
    <testcase classname="chrome.135_0_7049_42.windows.Billing_transfer_US117289" name="Should create a new partner" time="0.004"/>
    <testcase classname="chrome.135_0_7049_42.windows.Billing_transfer_US117289" name="Should create a new site" time="0.005"/>
    <testcase classname="chrome.135_0_7049_42.windows.Billing_transfer_US117289" name="Should create a new equipment" time="143.262">
      <system-out><![CDATA[
COMMAND: POST /session/3fbb5aa961da27feb6cf7ecb004886db/execute/async - {"script":"<script> [1562 bytes]","args":[{"selector":{"controlType":"sap.m.GenericTile","properties":{"header":"Manage Resources"}},"wdio_ui5_key":"sapm.GenericTile{\"header\":\"Manage Resources\"}"}]}
RESULT: {"script":"<script> [1562 bytes]","args":[{"selector":{"controlType":"sap.m.GenericTile","properties":{"header":"Manage Resources"}},"wdio_ui5_key":"sapm.GenericTile{\"header\":\"Manage Resources\"}"}]}
RESULT: undefined
COMMAND: POST /session/3fbb5aa961da27feb6cf7ecb004886db/element - {"using":"xpath","value":"//*[@id=\"__tile39\"]"}
RESULT: {"using":"xpath","value":"//*[@id=\"__tile39\"]"}
COMMAND: POST /session/3fbb5aa961da27feb6cf7ecb004886db/element/f.0763987BF21D2E15D38664A642A1837D.d.247016B051F107FE54680E279F398579.e.12556/click - {}
RESULT: {}
COMMAND: POST /session/3fbb5aa961da27feb6cf7ecb004886db/element - {"using":"xpath","value":"//button[@data-kt=\"addNewRUOverflowToolbarButton\"]"}
COMMAND: GET /session/3fbb5aa961da27feb6cf7ecb004886db/screenshot - {}
RESULT: {"using":"xpath","value":"//button[@data-kt=\"addNewRUOverflowToolbarButton\"]"}
COMMAND: POST /session/3fbb5aa961da27feb6cf7ecb004886db/elements - {"using":"xpath","value":"//button[@data-kt=\"addNewRUOverflowToolbarButton\"]"}
RESULT: {}
RESULT: {"using":"xpath","value":"//button[@data-kt=\"addNewRUOverflowToolbarButton\"]"}
COMMAND: POST /session/3fbb5aa961da27feb6cf7ecb004886db/elements - {"using":"xpath","value":"//button[@data-kt=\"addNewRUOverflowToolbarButton\"]"}
RESULT: {"using":"xpath","value":"//button[@data-kt=\"addNewRUOverflowToolbarButton\"]"}
RESULT: undefined
COMMAND: POST /session/3fbb5aa961da27feb6cf7ecb004886db/elements - {"using":"xpath","value":"//button[@data-kt=\"addNewRUOverflowToolbarButton\"]"}
RESULT: {"using":"xpath","value":"//button[@data-kt=\"addNewRUOverflowToolbarButton\"]"}
COMMAND: POST /session/3fbb5aa961da27feb6cf7ecb004886db/elements - {"using":"xpath","value":"//button[@data-kt=\"addNewRUOverflowToolbarButton\"]"}
RESULT: {"using":"xpath","value":"//button[@data-kt=\"addNewRUOverflowToolbarButton\"]"}
COMMAND: POST /session/3fbb5aa961da27feb6cf7ecb004886db/elements - {"using":"xpath","value":"//button[@data-kt=\"addNewRUOverflowToolbarButton\"]"}
RESULT: {"using":"xpath","value":"//button[@data-kt=\"addNewRUOverflowToolbarButton\"]"}
COMMAND: POST /session/3fbb5aa961da27feb6cf7ecb004886db/elements - {"using":"xpath","value":"//button[@data-kt=\"addNewRUOverflowToolbarButton\"]"}
RESULT: {"using":"xpath","value":"//button[@data-kt=\"addNewRUOverflowToolbarButton\"]"}
COMMAND: POST /session/3fbb5aa961da27feb6cf7ecb004886db/element - {"using":"xpath","value":"//button[@data-kt=\"addNewRUOverflowToolbarButton\"]"}
RESULT: {"using":"xpath","value":"//button[@data-kt=\"addNewRUOverflowToolbarButton\"]"}
COMMAND: POST /session/3fbb5aa961da27feb6cf7ecb004886db/execute/sync - {"script":"<script> [8489 bytes]","args":[{"element-6066-11e4-a52e-4f735466cecf":"f.0763987BF21D2E15D38664A642A1837D.d.247016B051F107FE54680E279F398579.e.12711","ELEMENT":"f.0763987BF21D2E15D38664A642A1837D.d.247016B051F107FE54680E279F398579.e.12711"}]}
RESULT: {"script":"<script> [8489 bytes]","args":[{"element-6066-11e4-a52e-4f735466cecf":"f.0763987BF21D2E15D38664A642A1837D.d.247016B051F107FE54680E279F398579.e.12711","ELEMENT":"f.0763987BF21D2E15D38664A642A1837D.d.247016B051F107FE54680E279F398579.e.12711"}]}
COMMAND: GET /session/3fbb5aa961da27feb6cf7ecb004886db/element/f.0763987BF21D2E15D38664A642A1837D.d.247016B051F107FE54680E279F398579.e.12711/enabled - {}
COMMAND: GET /session/3fbb5aa961da27feb6cf7ecb004886db/screenshot - {}
RESULT: {}
COMMAND: POST /session/3fbb5aa961da27feb6cf7ecb004886db/execute/sync - {"script":"<script> [8489 bytes]","args":[{"element-6066-11e4-a52e-4f735466cecf":"f.0763987BF21D2E15D38664A642A1837D.d.247016B051F107FE54680E279F398579.e.12711","ELEMENT":"f.0763987BF21D2E15D38664A642A1837D.d.247016B051F107FE54680E279F398579.e.12711"}]}
COMMAND: GET /session/3fbb5aa961da27feb6cf7ecb004886db/screenshot - {}
RESULT: {}
RESULT: {"script":"<script> [8489 bytes]","args":[{"element-6066-11e4-a52e-4f735466cecf":"f.0763987BF21D2E15D38664A642A1837D.d.247016B051F107FE54680E279F398579.e.12711","ELEMENT":"f.0763987BF21D2E15D38664A642A1837D.d.247016B051F107FE54680E279F398579.e.12711"}]}
COMMAND: POST /session/3fbb5aa961da27feb6cf7ecb004886db/execute/sync - {"script":"<script> [5351 bytes]","args":[{"element-6066-11e4-a52e-4f735466cecf":"f.0763987BF21D2E15D38664A642A1837D.d.247016B051F107FE54680E279F398579.e.12711","ELEMENT":"f.0763987BF21D2E15D38664A642A1837D.d.247016B051F107FE54680E279F398579.e.12711"}]}
COMMAND: GET /session/3fbb5aa961da27feb6cf7ecb004886db/screenshot - {}
RESULT: {}
RESULT: {"script":"<script> [5351 bytes]","args":[{"element-6066-11e4-a52e-4f735466cecf":"f.0763987BF21D2E15D38664A642A1837D.d.247016B051F107FE54680E279F398579.e.12711","ELEMENT":"f.0763987BF21D2E15D38664A642A1837D.d.247016B051F107FE54680E279F398579.e.12711"}]}
COMMAND: POST /session/3fbb5aa961da27feb6cf7ecb004886db/element/f.0763987BF21D2E15D38664A642A1837D.d.247016B051F107FE54680E279F398579.e.12711/click - {}
COMMAND: GET /session/3fbb5aa961da27feb6cf7ecb004886db/screenshot - {}
RESULT: {}
RESULT: {}
COMMAND: GET /session/3fbb5aa961da27feb6cf7ecb004886db/screenshot - {}
COMMAND: POST /session/3fbb5aa961da27feb6cf7ecb004886db/execute/async - {"script":"<script> [1562 bytes]","args":[{"selector":{"id":"application-manageresources-display-component---newResourceUnit--TYPE-arrow"},"wdio_ui5_key":"applicationmanageresources-display-component---newResourceUnit--TYPE-arrow"}]}
RESULT: {}
RESULT: {}
RESULT: {"script":"<script> [1562 bytes]","args":[{"selector":{"id":"application-manageresources-display-component---newResourceUnit--TYPE-arrow"},"wdio_ui5_key":"applicationmanageresources-display-component---newResourceUnit--TYPE-arrow"}]}
RESULT: undefined
COMMAND: POST /session/3fbb5aa961da27feb6cf7ecb004886db/element - {"using":"xpath","value":"//*[@id=\"application-manageresources-display-component---newResourceUnit--TYPE-arrow\"]"}
RESULT: {"using":"xpath","value":"//*[@id=\"application-manageresources-display-component---newResourceUnit--TYPE-arrow\"]"}
COMMAND: POST /session/3fbb5aa961da27feb6cf7ecb004886db/element/f.0763987BF21D2E15D38664A642A1837D.d.247016B051F107FE54680E279F398579.e.13058/click - {}
RESULT: {}
COMMAND: POST /session/3fbb5aa961da27feb6cf7ecb004886db/element - {"using":"xpath","value":"//input[@id=\"application-manageresources-display-component---newResourceUnit--TYPE-inner\"]"}
COMMAND: GET /session/3fbb5aa961da27feb6cf7ecb004886db/screenshot - {}
RESULT: {"using":"xpath","value":"//input[@id=\"application-manageresources-display-component---newResourceUnit--TYPE-inner\"]"}
COMMAND: POST /session/3fbb5aa961da27feb6cf7ecb004886db/element/f.0763987BF21D2E15D38664A642A1837D.d.247016B051F107FE54680E279F398579.e.13055/clear - {}
RESULT: {}
RESULT: {}
COMMAND: POST /session/3fbb5aa961da27feb6cf7ecb004886db/element/f.0763987BF21D2E15D38664A642A1837D.d.247016B051F107FE54680E279F398579.e.13055/value - {"text":"Equipment"}
COMMAND: GET /session/3fbb5aa961da27feb6cf7ecb004886db/screenshot - {}
RESULT: {"text":"Equipment"}
COMMAND: GET /session/3fbb5aa961da27feb6cf7ecb004886db/screenshot - {}
RESULT: {}
RESULT: {}
COMMAND: POST /session/3fbb5aa961da27feb6cf7ecb004886db/actions - {"actions":[{"id":"action43","type":"key","parameters":{},"actions":[{"type":"keyDown","value":""},{"type":"pause","duration":10},{"type":"keyUp","value":""}]}]}
RESULT: {"actions":[{"id":"action43","type":"key","parameters":{},"actions":[{"type":"keyDown","value":""},{"type":"pause","duration":10},{"type":"keyUp","value":""}]}]}
COMMAND: POST /session/3fbb5aa961da27feb6cf7ecb004886db/execute/async - {"script":"<script> [1562 bytes]","args":[{"selector":{"id":"application-manageresources-display-component---newResourceUnit--resourceId","interaction":{"idSuffix":"inner"}},"wdio_ui5_key":"applicationmanageresources-display-component---newResourceUnit--resourceId"}]}
COMMAND: GET /session/3fbb5aa961da27feb6cf7ecb004886db/screenshot - {}
RESULT: {"script":"<script> [1562 bytes]","args":[{"selector":{"id":"application-manageresources-display-component---newResourceUnit--resourceId","interaction":{"idSuffix":"inner"}},"wdio_ui5_key":"applicationmanageresources-display-component---newResourceUnit--resourceId"}]}
RESULT: undefined
COMMAND: POST /session/3fbb5aa961da27feb6cf7ecb004886db/execute/async - {"script":"<script> [776 bytes]","args":[{"enterText":"EMSou6ZXVJ","selector":{"id":"application-manageresources-display-component---newResourceUnit--resourceId","interaction":{"idSuffix":"inner"}},"clearTextFirst":true,"interactionType":"ENTER_TEXT"}]}
RESULT: {}
RESULT: {"script":"<script> [776 bytes]","args":[{"enterText":"EMSou6ZXVJ","selector":{"id":"application-manageresources-display-component---newResourceUnit--resourceId","interaction":{"idSuffix":"inner"}},"clearTextFirst":true,"interactionType":"ENTER_TEXT"}]}
COMMAND: POST /session/3fbb5aa961da27feb6cf7ecb004886db/execute/async - {"script":"<script> [1562 bytes]","args":[{"selector":{"id":"application-manageresources-display-component---newResourceUnit--SHORT_TEXT","interaction":{"idSuffix":"inner"}},"wdio_ui5_key":"applicationmanageresources-display-component---newResourceUnit--SHORT_TEXT"}]}
RESULT: {"script":"<script> [1562 bytes]","args":[{"selector":{"id":"application-manageresources-display-component---newResourceUnit--SHORT_TEXT","interaction":{"idSuffix":"inner"}},"wdio_ui5_key":"applicationmanageresources-display-component---newResourceUnit--SHORT_TEXT"}]}
RESULT: undefined
COMMAND: POST /session/3fbb5aa961da27feb6cf7ecb004886db/execute/async - {"script":"<script> [776 bytes]","args":[{"enterText":"Intercompany Equipment WDIO","selector":{"id":"application-manageresources-display-component---newResourceUnit--SHORT_TEXT","interaction":{"idSuffix":"inner"}},"clearTextFirst":true,"interactionType":"ENTER_TEXT"}]}
RESULT: {"script":"<script> [776 bytes]","args":[{"enterText":"Intercompany Equipment WDIO","selector":{"id":"application-manageresources-display-component---newResourceUnit--SHORT_TEXT","interaction":{"idSuffix":"inner"}},"clearTextFirst":true,"interactionType":"ENTER_TEXT"}]}
COMMAND: POST /session/3fbb5aa961da27feb6cf7ecb004886db/execute/async - {"script":"<script> [1562 bytes]","args":[{"selector":{"id":"application-manageresources-display-component---newResourceUnit--BASE_UNIT_OF_MEASURE","interaction":{"idSuffix":"inner"}},"wdio_ui5_key":"applicationmanageresources-display-component---newResourceUnit--BASE_UNIT_OF_MEASURE"}]}
RESULT: {"script":"<script> [1562 bytes]","args":[{"selector":{"id":"application-manageresources-display-component---newResourceUnit--BASE_UNIT_OF_MEASURE","interaction":{"idSuffix":"inner"}},"wdio_ui5_key":"applicationmanageresources-display-component---newResourceUnit--BASE_UNIT_OF_MEASURE"}]}
RESULT: undefined
COMMAND: POST /session/3fbb5aa961da27feb6cf7ecb004886db/execute/async - {"script":"<script> [776 bytes]","args":[{"enterText":"Piece","selector":{"id":"application-manageresources-display-component---newResourceUnit--BASE_UNIT_OF_MEASURE","interaction":{"idSuffix":"inner"}},"clearTextFirst":true,"interactionType":"ENTER_TEXT"}]}
RESULT: {"script":"<script> [776 bytes]","args":[{"enterText":"Piece","selector":{"id":"application-manageresources-display-component---newResourceUnit--BASE_UNIT_OF_MEASURE","interaction":{"idSuffix":"inner"}},"clearTextFirst":true,"interactionType":"ENTER_TEXT"}]}
COMMAND: POST /session/3fbb5aa961da27feb6cf7ecb004886db/execute/async - {"script":"<script> [1562 bytes]","args":[{"selector":{"id":"application-manageresources-display-component---newResourceUnit--WEIGHT_UNIT","interaction":{"idSuffix":"inner"}},"wdio_ui5_key":"applicationmanageresources-display-component---newResourceUnit--WEIGHT_UNIT"}]}
RESULT: {"script":"<script> [1562 bytes]","args":[{"selector":{"id":"application-manageresources-display-component---newResourceUnit--WEIGHT_UNIT","interaction":{"idSuffix":"inner"}},"wdio_ui5_key":"applicationmanageresources-display-component---newResourceUnit--WEIGHT_UNIT"}]}
RESULT: undefined
COMMAND: POST /session/3fbb5aa961da27feb6cf7ecb004886db/execute/async - {"script":"<script> [776 bytes]","args":[{"enterText":"Gram","selector":{"id":"application-manageresources-display-component---newResourceUnit--WEIGHT_UNIT","interaction":{"idSuffix":"inner"}},"clearTextFirst":true,"interactionType":"ENTER_TEXT"}]}
RESULT: {"script":"<script> [776 bytes]","args":[{"enterText":"Gram","selector":{"id":"application-manageresources-display-component---newResourceUnit--WEIGHT_UNIT","interaction":{"idSuffix":"inner"}},"clearTextFirst":true,"interactionType":"ENTER_TEXT"}]}
COMMAND: POST /session/3fbb5aa961da27feb6cf7ecb004886db/execute/async - {"script":"<script> [1562 bytes]","args":[{"selector":{"id":"application-manageresources-display-component---newResourceUnit--DIMENSION_UNIT","interaction":{"idSuffix":"inner"}},"wdio_ui5_key":"applicationmanageresources-display-component---newResourceUnit--DIMENSION_UNIT"}]}
RESULT: {"script":"<script> [1562 bytes]","args":[{"selector":{"id":"application-manageresources-display-component---newResourceUnit--DIMENSION_UNIT","interaction":{"idSuffix":"inner"}},"wdio_ui5_key":"applicationmanageresources-display-component---newResourceUnit--DIMENSION_UNIT"}]}
RESULT: undefined
COMMAND: POST /session/3fbb5aa961da27feb6cf7ecb004886db/execute/async - {"script":"<script> [776 bytes]","args":[{"enterText":"Meter","selector":{"id":"application-manageresources-display-component---newResourceUnit--DIMENSION_UNIT","interaction":{"idSuffix":"inner"}},"clearTextFirst":true,"interactionType":"ENTER_TEXT"}]}
RESULT: {"script":"<script> [776 bytes]","args":[{"enterText":"Meter","selector":{"id":"application-manageresources-display-component---newResourceUnit--DIMENSION_UNIT","interaction":{"idSuffix":"inner"}},"clearTextFirst":true,"interactionType":"ENTER_TEXT"}]}
COMMAND: POST /session/3fbb5aa961da27feb6cf7ecb004886db/execute/async - {"script":"<script> [1562 bytes]","args":[{"selector":{"id":"application-manageresources-display-component---newResourceUnit--newRRUPage-anchBar-application-manageresources-display-component---newResourceUnit--control-anchor","interaction":{"idSuffix":"BDI-content"}},"wdio_ui5_key":"applicationmanageresources-display-component---newResourceUnit--newRRUPage-anchBar-application-manageresources-display-component---newResourceUnit--control-anchor"}]}
RESULT: {"script":"<script> [1562 bytes]","args":[{"selector":{"id":"application-manageresources-display-component---newResourceUnit--newRRUPage-anchBar-application-manageresources-display-component---newResourceUnit--control-anchor","interaction":{"idSuffix":"BDI-content"}},"wdio_ui5_key":"applicationmanageresources-display-component---newResourceUnit--newRRUPage-anchBar-application-manageresources-display-component---newResourceUnit--control-anchor"}]}
RESULT: undefined
COMMAND: POST /session/3fbb5aa961da27feb6cf7ecb004886db/element - {"using":"xpath","value":"//*[@id=\"application-manageresources-display-component---newResourceUnit--newRRUPage-anchBar-application-manageresources-display-component---newResourceUnit--control-anchor\"]"}
RESULT: {"using":"xpath","value":"//*[@id=\"application-manageresources-display-component---newResourceUnit--newRRUPage-anchBar-application-manageresources-display-component---newResourceUnit--control-anchor\"]"}
COMMAND: POST /session/3fbb5aa961da27feb6cf7ecb004886db/element/f.0763987BF21D2E15D38664A642A1837D.d.247016B051F107FE54680E279F398579.e.13192/click - {}
RESULT: {}
COMMAND: POST /session/3fbb5aa961da27feb6cf7ecb004886db/execute/async - {"script":"<script> [1562 bytes]","args":[{"selector":{"id":"application-manageresources-display-component---newResourceUnit--PLANNING_GROUP","interaction":{"idSuffix":"inner"}},"wdio_ui5_key":"applicationmanageresources-display-component---newResourceUnit--PLANNING_GROUP"}]}
COMMAND: GET /session/3fbb5aa961da27feb6cf7ecb004886db/screenshot - {}
RESULT: {"script":"<script> [1562 bytes]","args":[{"selector":{"id":"application-manageresources-display-component---newResourceUnit--PLANNING_GROUP","interaction":{"idSuffix":"inner"}},"wdio_ui5_key":"applicationmanageresources-display-component---newResourceUnit--PLANNING_GROUP"}]}
RESULT: undefined
COMMAND: POST /session/3fbb5aa961da27feb6cf7ecb004886db/execute/async - {"script":"<script> [776 bytes]","args":[{"enterText":"Heavy Equi","selector":{"id":"application-manageresources-display-component---newResourceUnit--PLANNING_GROUP","interaction":{"idSuffix":"inner"}},"clearTextFirst":true,"interactionType":"ENTER_TEXT"}]}
RESULT: {}
RESULT: {"script":"<script> [776 bytes]","args":[{"enterText":"Heavy Equi","selector":{"id":"application-manageresources-display-component---newResourceUnit--PLANNING_GROUP","interaction":{"idSuffix":"inner"}},"clearTextFirst":true,"interactionType":"ENTER_TEXT"}]}
COMMAND: POST /session/3fbb5aa961da27feb6cf7ecb004886db/execute/async - {"script":"<script> [1562 bytes]","args":[{"selector":{"id":"application-manageresources-display-component---newResourceUnit--ITEM_TYPE-arrow"},"wdio_ui5_key":"applicationmanageresources-display-component---newResourceUnit--ITEM_TYPE-arrow"}]}
RESULT: {"script":"<script> [1562 bytes]","args":[{"selector":{"id":"application-manageresources-display-component---newResourceUnit--ITEM_TYPE-arrow"},"wdio_ui5_key":"applicationmanageresources-display-component---newResourceUnit--ITEM_TYPE-arrow"}]}
RESULT: undefined
COMMAND: POST /session/3fbb5aa961da27feb6cf7ecb004886db/element - {"using":"xpath","value":"//*[@id=\"application-manageresources-display-component---newResourceUnit--ITEM_TYPE-arrow\"]"}
RESULT: {"using":"xpath","value":"//*[@id=\"application-manageresources-display-component---newResourceUnit--ITEM_TYPE-arrow\"]"}
COMMAND: POST /session/3fbb5aa961da27feb6cf7ecb004886db/element/f.0763987BF21D2E15D38664A642A1837D.d.247016B051F107FE54680E279F398579.e.13201/click - {}
RESULT: {}
COMMAND: POST /session/3fbb5aa961da27feb6cf7ecb004886db/element - {"using":"xpath","value":"(//span[contains(text(), \"Resource Unit\")])[2]"}
COMMAND: GET /session/3fbb5aa961da27feb6cf7ecb004886db/screenshot - {}
RESULT: {"using":"xpath","value":"(//span[contains(text(), \"Resource Unit\")])[2]"}
COMMAND: POST /session/3fbb5aa961da27feb6cf7ecb004886db/element/f.0763987BF21D2E15D38664A642A1837D.d.247016B051F107FE54680E279F398579.e.13202/click - {}
RESULT: {}
RESULT: {}
COMMAND: GET /session/3fbb5aa961da27feb6cf7ecb004886db/screenshot - {}
RESULT: {}
COMMAND: POST /session/3fbb5aa961da27feb6cf7ecb004886db/element - {"using":"css selector","value":"#application-manageresources-display-component---newResourceUnit--btnAddTimeSegment"}
RESULT: {"using":"css selector","value":"#application-manageresources-display-component---newResourceUnit--btnAddTimeSegment"}
COMMAND: GET /session/3fbb5aa961da27feb6cf7ecb004886db/element/f.0763987BF21D2E15D38664A642A1837D.d.247016B051F107FE54680E279F398579.e.13203/rect - {}
RESULT: {}
COMMAND: GET /session/3fbb5aa961da27feb6cf7ecb004886db/window/rect - {}
RESULT: {}
COMMAND: POST /session/3fbb5aa961da27feb6cf7ecb004886db/execute/sync - {"script":"<script> [92 bytes]","args":[]}
RESULT: {"script":"<script> [92 bytes]","args":[]}
COMMAND: POST /session/3fbb5aa961da27feb6cf7ecb004886db/actions - {"actions":[{"id":"action44","type":"wheel","parameters":{},"actions":[{"type":"scroll","x":-1888,"y":-32,"deltaX":0,"deltaY":0,"duration":0,"origin":{"element-6066-11e4-a52e-4f735466cecf":"f.0763987BF21D2E15D38664A642A1837D.d.247016B051F107FE54680E279F398579.e.13203"}}]}]}
COMMAND: GET /session/3fbb5aa961da27feb6cf7ecb004886db/screenshot - {}
RESULT: {}
COMMAND: POST /session/3fbb5aa961da27feb6cf7ecb004886db/execute/sync - {"script":"<script> [79 bytes]","args":[{"element-6066-11e4-a52e-4f735466cecf":"f.0763987BF21D2E15D38664A642A1837D.d.247016B051F107FE54680E279F398579.e.13203","ELEMENT":"f.0763987BF21D2E15D38664A642A1837D.d.247016B051F107FE54680E279F398579.e.13203"},{"block":"start","inline":"nearest"}]}
RESULT: {"script":"<script> [79 bytes]","args":[{"element-6066-11e4-a52e-4f735466cecf":"f.0763987BF21D2E15D38664A642A1837D.d.247016B051F107FE54680E279F398579.e.13203","ELEMENT":"f.0763987BF21D2E15D38664A642A1837D.d.247016B051F107FE54680E279F398579.e.13203"},{"block":"start","inline":"nearest"}]}
COMMAND: POST /session/3fbb5aa961da27feb6cf7ecb004886db/execute/async - {"script":"<script> [1562 bytes]","args":[{"selector":{"id":"application-manageresources-display-component---newResourceUnit--btnAddTimeSegment","interaction":{"idSuffix":"inner"}},"wdio_ui5_key":"applicationmanageresources-display-component---newResourceUnit--btnAddTimeSegment"}]}
COMMAND: GET /session/3fbb5aa961da27feb6cf7ecb004886db/screenshot - {}
RESULT: {"script":"<script> [1562 bytes]","args":[{"selector":{"id":"application-manageresources-display-component---newResourceUnit--btnAddTimeSegment","interaction":{"idSuffix":"inner"}},"wdio_ui5_key":"applicationmanageresources-display-component---newResourceUnit--btnAddTimeSegment"}]}
RESULT: undefined
COMMAND: POST /session/3fbb5aa961da27feb6cf7ecb004886db/element - {"using":"xpath","value":"//*[@id=\"application-manageresources-display-component---newResourceUnit--btnAddTimeSegment\"]"}
RESULT: {}
RESULT: {"using":"xpath","value":"//*[@id=\"application-manageresources-display-component---newResourceUnit--btnAddTimeSegment\"]"}
COMMAND: POST /session/3fbb5aa961da27feb6cf7ecb004886db/element/f.0763987BF21D2E15D38664A642A1837D.d.247016B051F107FE54680E279F398579.e.13203/click - {}
RESULT: {}
COMMAND: GET /session/3fbb5aa961da27feb6cf7ecb004886db/screenshot - {}
RESULT: {}
COMMAND: POST /session/3fbb5aa961da27feb6cf7ecb004886db/element - {"using":"xpath","value":"//input[@id=\"application-manageresources-display-component---newResourceUnit--idRuTSAdmin-application-manageresources-display-component---newResourceUnit--RUTimeSegment-0-inner\"]"}
RESULT: {"using":"xpath","value":"//input[@id=\"application-manageresources-display-component---newResourceUnit--idRuTSAdmin-application-manageresources-display-component---newResourceUnit--RUTimeSegment-0-inner\"]"}
COMMAND: POST /session/3fbb5aa961da27feb6cf7ecb004886db/element/f.0763987BF21D2E15D38664A642A1837D.d.247016B051F107FE54680E279F398579.e.13209/clear - {}
RESULT: {}
COMMAND: POST /session/3fbb5aa961da27feb6cf7ecb004886db/element/f.0763987BF21D2E15D38664A642A1837D.d.247016B051F107FE54680E279F398579.e.13209/value - {"text":"478"}
COMMAND: GET /session/3fbb5aa961da27feb6cf7ecb004886db/screenshot - {}
RESULT: {"text":"478"}
COMMAND: GET /session/3fbb5aa961da27feb6cf7ecb004886db/screenshot - {}
RESULT: {}
RESULT: {}
COMMAND: POST /session/3fbb5aa961da27feb6cf7ecb004886db/element - {"using":"xpath","value":"//li[.//span[text()='478']]"}
RESULT: {"using":"xpath","value":"//li[.//span[text()='478']]"}
COMMAND: POST /session/3fbb5aa961da27feb6cf7ecb004886db/element/f.0763987BF21D2E15D38664A642A1837D.d.247016B051F107FE54680E279F398579.e.13222/click - {}
RESULT: {}
COMMAND: GET /session/3fbb5aa961da27feb6cf7ecb004886db/screenshot - {}
RESULT: {}
COMMAND: POST /session/3fbb5aa961da27feb6cf7ecb004886db/element - {"using":"xpath","value":"(//span[contains(@id, \"-application-manageresources-display-component---newResourceUnit--RUTimeSegment-0-arrow\")])[6]"}
RESULT: {"using":"xpath","value":"(//span[contains(@id, \"-application-manageresources-display-component---newResourceUnit--RUTimeSegment-0-arrow\")])[6]"}
COMMAND: POST /session/3fbb5aa961da27feb6cf7ecb004886db/element/f.0763987BF21D2E15D38664A642A1837D.d.247016B051F107FE54680E279F398579.e.13223/click - {}
RESULT: {}
COMMAND: POST /session/3fbb5aa961da27feb6cf7ecb004886db/element - {"using":"xpath","value":"//span[contains(text(), \"PM Order\")]"}
COMMAND: GET /session/3fbb5aa961da27feb6cf7ecb004886db/screenshot - {}
RESULT: {"using":"xpath","value":"//span[contains(text(), \"PM Order\")]"}
COMMAND: POST /session/3fbb5aa961da27feb6cf7ecb004886db/element/f.0763987BF21D2E15D38664A642A1837D.d.247016B051F107FE54680E279F398579.e.13226/click - {}
RESULT: {}
RESULT: {}
COMMAND: GET /session/3fbb5aa961da27feb6cf7ecb004886db/screenshot - {}
RESULT: {}
COMMAND: POST /session/3fbb5aa961da27feb6cf7ecb004886db/element - {"using":"xpath","value":"(//span[contains(@id ,\"manageresources-display-component---newResourceUnit--RUTimeSegment-0-vhi\")])[2]"}
RESULT: {"using":"xpath","value":"(//span[contains(@id ,\"manageresources-display-component---newResourceUnit--RUTimeSegment-0-vhi\")])[2]"}
COMMAND: POST /session/3fbb5aa961da27feb6cf7ecb004886db/element/f.0763987BF21D2E15D38664A642A1837D.d.247016B051F107FE54680E279F398579.e.13229/click - {}
RESULT: {}
COMMAND: GET /session/3fbb5aa961da27feb6cf7ecb004886db/screenshot - {}
RESULT: {}
COMMAND: POST /session/3fbb5aa961da27feb6cf7ecb004886db/execute/async - {"script":"<script> [1562 bytes]","args":[{"selector":{"controlType":"sap.m.SearchField","properties":{"placeholder":"Search"},"searchOpenDialogs":true,"interaction":{"idSuffix":"I"}},"wdio_ui5_key":"sapm.SearchField{\"placeholder\":\"Search\"}"}]}
RESULT: {"script":"<script> [1562 bytes]","args":[{"selector":{"controlType":"sap.m.SearchField","properties":{"placeholder":"Search"},"searchOpenDialogs":true,"interaction":{"idSuffix":"I"}},"wdio_ui5_key":"sapm.SearchField{\"placeholder\":\"Search\"}"}]}
RESULT: undefined
COMMAND: POST /session/3fbb5aa961da27feb6cf7ecb004886db/execute/async - {"script":"<script> [776 bytes]","args":[{"enterText":"4000360","selector":{"controlType":"sap.m.SearchField","properties":{"placeholder":"Search"},"searchOpenDialogs":true,"interaction":{"idSuffix":"I"}},"clearTextFirst":true,"interactionType":"ENTER_TEXT"}]}
RESULT: {"script":"<script> [776 bytes]","args":[{"enterText":"4000360","selector":{"controlType":"sap.m.SearchField","properties":{"placeholder":"Search"},"searchOpenDialogs":true,"interaction":{"idSuffix":"I"}},"clearTextFirst":true,"interactionType":"ENTER_TEXT"}]}
COMMAND: POST /session/3fbb5aa961da27feb6cf7ecb004886db/actions - {"actions":[{"id":"action45","type":"key","parameters":{},"actions":[{"type":"keyDown","value":""},{"type":"pause","duration":10},{"type":"keyUp","value":""}]}]}
RESULT: {"actions":[{"id":"action45","type":"key","parameters":{},"actions":[{"type":"keyDown","value":""},{"type":"pause","duration":10},{"type":"keyUp","value":""}]}]}
COMMAND: GET /session/3fbb5aa961da27feb6cf7ecb004886db/screenshot - {}
RESULT: {}
COMMAND: POST /session/3fbb5aa961da27feb6cf7ecb004886db/element - {"using":"xpath","value":"//td/div/span[contains(text(), \"BGL Vehicles\")]"}
RESULT: {"using":"xpath","value":"//td/div/span[contains(text(), \"BGL Vehicles\")]"}
COMMAND: POST /session/3fbb5aa961da27feb6cf7ecb004886db/element/f.0763987BF21D2E15D38664A642A1837D.d.247016B051F107FE54680E279F398579.e.13247/click - {}
RESULT: {}
COMMAND: GET /session/3fbb5aa961da27feb6cf7ecb004886db/screenshot - {}
RESULT: {}
COMMAND: POST /session/3fbb5aa961da27feb6cf7ecb004886db/element - {"using":"xpath","value":"//bdi[contains(text(), \"OK\")]"}
RESULT: {"using":"xpath","value":"//bdi[contains(text(), \"OK\")]"}
COMMAND: POST /session/3fbb5aa961da27feb6cf7ecb004886db/element/f.0763987BF21D2E15D38664A642A1837D.d.247016B051F107FE54680E279F398579.e.13248/click - {}
RESULT: {}
COMMAND: GET /session/3fbb5aa961da27feb6cf7ecb004886db/screenshot - {}
RESULT: {}
COMMAND: POST /session/3fbb5aa961da27feb6cf7ecb004886db/execute/async - {"script":"<script> [1562 bytes]","args":[{"selector":{"id":"application-manageresources-display-component---newResourceUnit--newRRUPage-anchBar-application-manageresources-display-component---newResourceUnit--resource-anchor","interaction":{"idSuffix":"BDI-content"}},"wdio_ui5_key":"applicationmanageresources-display-component---newResourceUnit--newRRUPage-anchBar-application-manageresources-display-component---newResourceUnit--resource-anchor"}]}
RESULT: {"script":"<script> [1562 bytes]","args":[{"selector":{"id":"application-manageresources-display-component---newResourceUnit--newRRUPage-anchBar-application-manageresources-display-component---newResourceUnit--resource-anchor","interaction":{"idSuffix":"BDI-content"}},"wdio_ui5_key":"applicationmanageresources-display-component---newResourceUnit--newRRUPage-anchBar-application-manageresources-display-component---newResourceUnit--resource-anchor"}]}
RESULT: undefined
COMMAND: POST /session/3fbb5aa961da27feb6cf7ecb004886db/element - {"using":"xpath","value":"//*[@id=\"application-manageresources-display-component---newResourceUnit--newRRUPage-anchBar-application-manageresources-display-component---newResourceUnit--resource-anchor\"]"}
RESULT: {"using":"xpath","value":"//*[@id=\"application-manageresources-display-component---newResourceUnit--newRRUPage-anchBar-application-manageresources-display-component---newResourceUnit--resource-anchor\"]"}
COMMAND: POST /session/3fbb5aa961da27feb6cf7ecb004886db/element/f.0763987BF21D2E15D38664A642A1837D.d.247016B051F107FE54680E279F398579.e.13252/click - {}
RESULT: {}
COMMAND: POST /session/3fbb5aa961da27feb6cf7ecb004886db/execute/async - {"script":"<script> [1562 bytes]","args":[{"selector":{"id":"application-manageresources-display-component---newResourceUnit--PLANNED_DELIVERY_DATE","interaction":{"idSuffix":"inner"}},"wdio_ui5_key":"applicationmanageresources-display-component---newResourceUnit--PLANNED_DELIVERY_DATE"}]}
COMMAND: GET /session/3fbb5aa961da27feb6cf7ecb004886db/screenshot - {}
RESULT: {"script":"<script> [1562 bytes]","args":[{"selector":{"id":"application-manageresources-display-component---newResourceUnit--PLANNED_DELIVERY_DATE","interaction":{"idSuffix":"inner"}},"wdio_ui5_key":"applicationmanageresources-display-component---newResourceUnit--PLANNED_DELIVERY_DATE"}]}
RESULT: undefined
COMMAND: POST /session/3fbb5aa961da27feb6cf7ecb004886db/execute/async - {"script":"<script> [6424 bytes]","args":[{"element-6066-11e4-a52e-4f735466cecf":"f.0763987BF21D2E15D38664A642A1837D.d.247016B051F107FE54680E279F398579.e.13115"},"setValue",["4/17/25"]]}
RESULT: {}
RESULT: {"script":"<script> [6424 bytes]","args":[{"element-6066-11e4-a52e-4f735466cecf":"f.0763987BF21D2E15D38664A642A1837D.d.247016B051F107FE54680E279F398579.e.13115"},"setValue",["4/17/25"]]}
COMMAND: POST /session/3fbb5aa961da27feb6cf7ecb004886db/element - {"using":"xpath","value":"//button[@data-kt=\"resourceUnitSaveButton\"]"}
RESULT: {"using":"xpath","value":"//button[@data-kt=\"resourceUnitSaveButton\"]"}
COMMAND: POST /session/3fbb5aa961da27feb6cf7ecb004886db/element/f.0763987BF21D2E15D38664A642A1837D.d.247016B051F107FE54680E279F398579.e.13075/click - {}
RESULT: {}
COMMAND: GET /session/3fbb5aa961da27feb6cf7ecb004886db/screenshot - {}
RESULT: {}
COMMAND: POST /session/3fbb5aa961da27feb6cf7ecb004886db/element - {"using":"xpath","value":"//bdi[contains(text(), \"Close\")]"}
RESULT: {"using":"xpath","value":"//bdi[contains(text(), \"Close\")]"}
COMMAND: POST /session/3fbb5aa961da27feb6cf7ecb004886db/element/f.0763987BF21D2E15D38664A642A1837D.d.247016B051F107FE54680E279F398579.e.13260/click - {}
RESULT: {}
COMMAND: GET /session/3fbb5aa961da27feb6cf7ecb004886db/screenshot - {}
COMMAND: POST /session/3fbb5aa961da27feb6cf7ecb004886db/element - {"using":"xpath","value":"(//button[contains(@id ,\"actionsToolbar-overflowButton\")])[1]"}
RESULT: {}
RESULT: {"using":"xpath","value":"(//button[contains(@id ,\"actionsToolbar-overflowButton\")])[1]"}
COMMAND: POST /session/3fbb5aa961da27feb6cf7ecb004886db/element/f.0763987BF21D2E15D38664A642A1837D.d.247016B051F107FE54680E279F398579.e.13290/click - {}
RESULT: {}
COMMAND: GET /session/3fbb5aa961da27feb6cf7ecb004886db/screenshot - {}
RESULT: {}
COMMAND: POST /session/3fbb5aa961da27feb6cf7ecb004886db/element - {"using":"xpath","value":"//button[@data-kt=\"priceInfoButton\"]"}
RESULT: {"using":"xpath","value":"//button[@data-kt=\"priceInfoButton\"]"}
COMMAND: POST /session/3fbb5aa961da27feb6cf7ecb004886db/element/f.0763987BF21D2E15D38664A642A1837D.d.247016B051F107FE54680E279F398579.e.13292/click - {}
RESULT: {}
COMMAND: GET /session/3fbb5aa961da27feb6cf7ecb004886db/screenshot - {}
]]></system-out>
    </testcase>
    <testcase classname="chrome.135_0_7049_42.windows.Billing_transfer_US117289" name="Should create new pricing rule" time="61.874">
      <system-out><![CDATA[
COMMAND: POST /session/3fbb5aa961da27feb6cf7ecb004886db/element - {"using":"xpath","value":"//button[@data-kt=\"addButton\"]"}
RESULT: {}
RESULT: {"using":"xpath","value":"//button[@data-kt=\"addButton\"]"}
COMMAND: POST /session/3fbb5aa961da27feb6cf7ecb004886db/elements - {"using":"xpath","value":"//button[@data-kt=\"addButton\"]"}
RESULT: {"using":"xpath","value":"//button[@data-kt=\"addButton\"]"}
COMMAND: POST /session/3fbb5aa961da27feb6cf7ecb004886db/element - {"using":"xpath","value":"//button[@data-kt=\"addButton\"]"}
RESULT: {"using":"xpath","value":"//button[@data-kt=\"addButton\"]"}
COMMAND: POST /session/3fbb5aa961da27feb6cf7ecb004886db/execute/sync - {"script":"<script> [8489 bytes]","args":[{"element-6066-11e4-a52e-4f735466cecf":"f.0763987BF21D2E15D38664A642A1837D.d.247016B051F107FE54680E279F398579.e.13329","ELEMENT":"f.0763987BF21D2E15D38664A642A1837D.d.247016B051F107FE54680E279F398579.e.13329"}]}
RESULT: {"script":"<script> [8489 bytes]","args":[{"element-6066-11e4-a52e-4f735466cecf":"f.0763987BF21D2E15D38664A642A1837D.d.247016B051F107FE54680E279F398579.e.13329","ELEMENT":"f.0763987BF21D2E15D38664A642A1837D.d.247016B051F107FE54680E279F398579.e.13329"}]}
COMMAND: GET /session/3fbb5aa961da27feb6cf7ecb004886db/element/f.0763987BF21D2E15D38664A642A1837D.d.247016B051F107FE54680E279F398579.e.13329/enabled - {}
COMMAND: GET /session/3fbb5aa961da27feb6cf7ecb004886db/screenshot - {}
RESULT: {}
COMMAND: POST /session/3fbb5aa961da27feb6cf7ecb004886db/execute/sync - {"script":"<script> [8489 bytes]","args":[{"element-6066-11e4-a52e-4f735466cecf":"f.0763987BF21D2E15D38664A642A1837D.d.247016B051F107FE54680E279F398579.e.13329","ELEMENT":"f.0763987BF21D2E15D38664A642A1837D.d.247016B051F107FE54680E279F398579.e.13329"}]}
COMMAND: GET /session/3fbb5aa961da27feb6cf7ecb004886db/screenshot - {}
RESULT: {}
RESULT: {"script":"<script> [8489 bytes]","args":[{"element-6066-11e4-a52e-4f735466cecf":"f.0763987BF21D2E15D38664A642A1837D.d.247016B051F107FE54680E279F398579.e.13329","ELEMENT":"f.0763987BF21D2E15D38664A642A1837D.d.247016B051F107FE54680E279F398579.e.13329"}]}
COMMAND: POST /session/3fbb5aa961da27feb6cf7ecb004886db/execute/sync - {"script":"<script> [5351 bytes]","args":[{"element-6066-11e4-a52e-4f735466cecf":"f.0763987BF21D2E15D38664A642A1837D.d.247016B051F107FE54680E279F398579.e.13329","ELEMENT":"f.0763987BF21D2E15D38664A642A1837D.d.247016B051F107FE54680E279F398579.e.13329"}]}
COMMAND: GET /session/3fbb5aa961da27feb6cf7ecb004886db/screenshot - {}
RESULT: {}
RESULT: {"script":"<script> [5351 bytes]","args":[{"element-6066-11e4-a52e-4f735466cecf":"f.0763987BF21D2E15D38664A642A1837D.d.247016B051F107FE54680E279F398579.e.13329","ELEMENT":"f.0763987BF21D2E15D38664A642A1837D.d.247016B051F107FE54680E279F398579.e.13329"}]}
COMMAND: POST /session/3fbb5aa961da27feb6cf7ecb004886db/element/f.0763987BF21D2E15D38664A642A1837D.d.247016B051F107FE54680E279F398579.e.13329/click - {}
COMMAND: GET /session/3fbb5aa961da27feb6cf7ecb004886db/screenshot - {}
RESULT: {}
RESULT: {}
COMMAND: GET /session/3fbb5aa961da27feb6cf7ecb004886db/screenshot - {}
RESULT: {}
RESULT: {}
COMMAND: POST /session/3fbb5aa961da27feb6cf7ecb004886db/execute/async - {"script":"<script> [1562 bytes]","args":[{"selector":{"controlType":"sap.m.Title","viewName":"etm.portal.ui.managepricingrules.view.NewItem","viewId":"application-managepricingrules-display-component---newInfoPriceItem","properties":{"text":"New Pricing Rules - Item Level"}},"wdio_ui5_key":"etmportal.ui.managepricingrules.view.NewItemsap.m.Title{\"text\":\"New Pricing Rules - Item Level\"}"}]}
RESULT: {"script":"<script> [1562 bytes]","args":[{"selector":{"controlType":"sap.m.Title","viewName":"etm.portal.ui.managepricingrules.view.NewItem","viewId":"application-managepricingrules-display-component---newInfoPriceItem","properties":{"text":"New Pricing Rules - Item Level"}},"wdio_ui5_key":"etmportal.ui.managepricingrules.view.NewItemsap.m.Title{\"text\":\"New Pricing Rules - Item Level\"}"}]}
RESULT: undefined
COMMAND: POST /session/3fbb5aa961da27feb6cf7ecb004886db/execute/async - {"script":"<script> [6424 bytes]","args":[{"element-6066-11e4-a52e-4f735466cecf":"f.0763987BF21D2E15D38664A642A1837D.d.247016B051F107FE54680E279F398579.e.13413"},"getText",[]]}
RESULT: {"script":"<script> [6424 bytes]","args":[{"element-6066-11e4-a52e-4f735466cecf":"f.0763987BF21D2E15D38664A642A1837D.d.247016B051F107FE54680E279F398579.e.13413"},"getText",[]]}
COMMAND: POST /session/3fbb5aa961da27feb6cf7ecb004886db/execute/async - {"script":"<script> [1562 bytes]","args":[{"selector":{"id":"application-managepricingrules-display-component---newInfoPriceItem--condValidTo","interaction":{"idSuffix":"inner"}},"wdio_ui5_key":"applicationmanagepricingrules-display-component---newInfoPriceItem--condValidTo"}]}
RESULT: {"script":"<script> [1562 bytes]","args":[{"selector":{"id":"application-managepricingrules-display-component---newInfoPriceItem--condValidTo","interaction":{"idSuffix":"inner"}},"wdio_ui5_key":"applicationmanagepricingrules-display-component---newInfoPriceItem--condValidTo"}]}
RESULT: undefined
COMMAND: POST /session/3fbb5aa961da27feb6cf7ecb004886db/execute/async - {"script":"<script> [776 bytes]","args":[{"enterText":"12/17/25","selector":{"id":"application-managepricingrules-display-component---newInfoPriceItem--condValidTo","interaction":{"idSuffix":"inner"}},"clearTextFirst":true,"interactionType":"ENTER_TEXT"}]}
RESULT: {"script":"<script> [776 bytes]","args":[{"enterText":"12/17/25","selector":{"id":"application-managepricingrules-display-component---newInfoPriceItem--condValidTo","interaction":{"idSuffix":"inner"}},"clearTextFirst":true,"interactionType":"ENTER_TEXT"}]}
COMMAND: POST /session/3fbb5aa961da27feb6cf7ecb004886db/execute/async - {"script":"<script> [1562 bytes]","args":[{"selector":{"id":"application-managepricingrules-display-component---newInfoPriceItem--billType-arrow"},"wdio_ui5_key":"applicationmanagepricingrules-display-component---newInfoPriceItem--billType-arrow"}]}
RESULT: {"script":"<script> [1562 bytes]","args":[{"selector":{"id":"application-managepricingrules-display-component---newInfoPriceItem--billType-arrow"},"wdio_ui5_key":"applicationmanagepricingrules-display-component---newInfoPriceItem--billType-arrow"}]}
RESULT: undefined
COMMAND: POST /session/3fbb5aa961da27feb6cf7ecb004886db/element - {"using":"xpath","value":"//*[@id=\"application-managepricingrules-display-component---newInfoPriceItem--billType-arrow\"]"}
RESULT: {"using":"xpath","value":"//*[@id=\"application-managepricingrules-display-component---newInfoPriceItem--billType-arrow\"]"}
COMMAND: POST /session/3fbb5aa961da27feb6cf7ecb004886db/element/f.0763987BF21D2E15D38664A642A1837D.d.247016B051F107FE54680E279F398579.e.13415/click - {}
RESULT: {}
COMMAND: POST /session/3fbb5aa961da27feb6cf7ecb004886db/element - {"using":"xpath","value":"//span[contains(text(), \"TB - Time based\")]"}
COMMAND: GET /session/3fbb5aa961da27feb6cf7ecb004886db/screenshot - {}
RESULT: {"using":"xpath","value":"//span[contains(text(), \"TB - Time based\")]"}
COMMAND: POST /session/3fbb5aa961da27feb6cf7ecb004886db/element/f.0763987BF21D2E15D38664A642A1837D.d.247016B051F107FE54680E279F398579.e.13416/click - {}
RESULT: {}
RESULT: {}
COMMAND: POST /session/3fbb5aa961da27feb6cf7ecb004886db/execute/async - {"script":"<script> [1562 bytes]","args":[{"selector":{"id":"application-managepricingrules-display-component---newInfoPriceItem--priceProc-arrow"},"wdio_ui5_key":"applicationmanagepricingrules-display-component---newInfoPriceItem--priceProc-arrow"}]}
COMMAND: GET /session/3fbb5aa961da27feb6cf7ecb004886db/screenshot - {}
RESULT: {"script":"<script> [1562 bytes]","args":[{"selector":{"id":"application-managepricingrules-display-component---newInfoPriceItem--priceProc-arrow"},"wdio_ui5_key":"applicationmanagepricingrules-display-component---newInfoPriceItem--priceProc-arrow"}]}
RESULT: undefined
COMMAND: POST /session/3fbb5aa961da27feb6cf7ecb004886db/element - {"using":"xpath","value":"//*[@id=\"application-managepricingrules-display-component---newInfoPriceItem--priceProc-arrow\"]"}
RESULT: {}
RESULT: {"using":"xpath","value":"//*[@id=\"application-managepricingrules-display-component---newInfoPriceItem--priceProc-arrow\"]"}
COMMAND: POST /session/3fbb5aa961da27feb6cf7ecb004886db/element/f.0763987BF21D2E15D38664A642A1837D.d.247016B051F107FE54680E279F398579.e.13417/click - {}
RESULT: {}
COMMAND: POST /session/3fbb5aa961da27feb6cf7ecb004886db/element - {"using":"xpath","value":"//span[contains(text(), \"TBS - Time based standard\")]"}
COMMAND: GET /session/3fbb5aa961da27feb6cf7ecb004886db/screenshot - {}
RESULT: {"using":"xpath","value":"//span[contains(text(), \"TBS - Time based standard\")]"}
COMMAND: POST /session/3fbb5aa961da27feb6cf7ecb004886db/element/f.0763987BF21D2E15D38664A642A1837D.d.247016B051F107FE54680E279F398579.e.13418/click - {}
RESULT: {}
RESULT: {}
COMMAND: POST /session/3fbb5aa961da27feb6cf7ecb004886db/execute/async - {"script":"<script> [1562 bytes]","args":[{"selector":{"id":"application-managepricingrules-display-component---newInfoPriceItem--calcBase-arrow"},"wdio_ui5_key":"applicationmanagepricingrules-display-component---newInfoPriceItem--calcBase-arrow"}]}
COMMAND: GET /session/3fbb5aa961da27feb6cf7ecb004886db/screenshot - {}
RESULT: {"script":"<script> [1562 bytes]","args":[{"selector":{"id":"application-managepricingrules-display-component---newInfoPriceItem--calcBase-arrow"},"wdio_ui5_key":"applicationmanagepricingrules-display-component---newInfoPriceItem--calcBase-arrow"}]}
RESULT: undefined
COMMAND: POST /session/3fbb5aa961da27feb6cf7ecb004886db/element - {"using":"xpath","value":"//*[@id=\"application-managepricingrules-display-component---newInfoPriceItem--calcBase-arrow\"]"}
RESULT: {}
RESULT: {"using":"xpath","value":"//*[@id=\"application-managepricingrules-display-component---newInfoPriceItem--calcBase-arrow\"]"}
COMMAND: POST /session/3fbb5aa961da27feb6cf7ecb004886db/element/f.0763987BF21D2E15D38664A642A1837D.d.247016B051F107FE54680E279F398579.e.13419/click - {}
RESULT: {}
COMMAND: GET /session/3fbb5aa961da27feb6cf7ecb004886db/screenshot - {}
RESULT: {}
COMMAND: POST /session/3fbb5aa961da27feb6cf7ecb004886db/element - {"using":"xpath","value":"//span[contains(text(), \"0006 - TB(calendar days)\")]"}
RESULT: {"using":"xpath","value":"//span[contains(text(), \"0006 - TB(calendar days)\")]"}
COMMAND: POST /session/3fbb5aa961da27feb6cf7ecb004886db/element/f.0763987BF21D2E15D38664A642A1837D.d.247016B051F107FE54680E279F398579.e.13420/click - {}
RESULT: {}
COMMAND: GET /session/3fbb5aa961da27feb6cf7ecb004886db/screenshot - {}
RESULT: {}
COMMAND: POST /session/3fbb5aa961da27feb6cf7ecb004886db/execute/async - {"script":"<script> [1562 bytes]","args":[{"selector":{"id":"application-managepricingrules-display-component---newInfoPriceItem--daysMonth","interaction":{"idSuffix":"inner"}},"wdio_ui5_key":"applicationmanagepricingrules-display-component---newInfoPriceItem--daysMonth"}]}
RESULT: {"script":"<script> [1562 bytes]","args":[{"selector":{"id":"application-managepricingrules-display-component---newInfoPriceItem--daysMonth","interaction":{"idSuffix":"inner"}},"wdio_ui5_key":"applicationmanagepricingrules-display-component---newInfoPriceItem--daysMonth"}]}
RESULT: undefined
COMMAND: POST /session/3fbb5aa961da27feb6cf7ecb004886db/execute/async - {"script":"<script> [776 bytes]","args":[{"enterText":"30","selector":{"id":"application-managepricingrules-display-component---newInfoPriceItem--daysMonth","interaction":{"idSuffix":"inner"}},"clearTextFirst":true,"interactionType":"ENTER_TEXT"}]}
RESULT: {"script":"<script> [776 bytes]","args":[{"enterText":"30","selector":{"id":"application-managepricingrules-display-component---newInfoPriceItem--daysMonth","interaction":{"idSuffix":"inner"}},"clearTextFirst":true,"interactionType":"ENTER_TEXT"}]}
COMMAND: POST /session/3fbb5aa961da27feb6cf7ecb004886db/element - {"using":"xpath","value":"//button[@data-kt=\"saveNewRuleButton\"]"}
RESULT: {"using":"xpath","value":"//button[@data-kt=\"saveNewRuleButton\"]"}
COMMAND: POST /session/3fbb5aa961da27feb6cf7ecb004886db/element/f.0763987BF21D2E15D38664A642A1837D.d.247016B051F107FE54680E279F398579.e.13422/click - {}
RESULT: {}
COMMAND: GET /session/3fbb5aa961da27feb6cf7ecb004886db/screenshot - {}
RESULT: {}
COMMAND: POST /session/3fbb5aa961da27feb6cf7ecb004886db/execute/async - {"script":"<script> [1562 bytes]","args":[{"selector":{"id":"application-managepricingrules-display-component---priceInfoItem--smartFilterBar-btnBasicSearch","interaction":{"idSuffix":"I"}},"wdio_ui5_key":"applicationmanagepricingrules-display-component---priceInfoItem--smartFilterBar-btnBasicSearch"}]}
RESULT: {"script":"<script> [1562 bytes]","args":[{"selector":{"id":"application-managepricingrules-display-component---priceInfoItem--smartFilterBar-btnBasicSearch","interaction":{"idSuffix":"I"}},"wdio_ui5_key":"applicationmanagepricingrules-display-component---priceInfoItem--smartFilterBar-btnBasicSearch"}]}
RESULT: undefined
COMMAND: POST /session/3fbb5aa961da27feb6cf7ecb004886db/execute/async - {"script":"<script> [776 bytes]","args":[{"enterText":"EMSou6ZXVJ","selector":{"id":"application-managepricingrules-display-component---priceInfoItem--smartFilterBar-btnBasicSearch","interaction":{"idSuffix":"I"}},"clearTextFirst":true,"interactionType":"ENTER_TEXT"}]}
RESULT: {"script":"<script> [776 bytes]","args":[{"enterText":"EMSou6ZXVJ","selector":{"id":"application-managepricingrules-display-component---priceInfoItem--smartFilterBar-btnBasicSearch","interaction":{"idSuffix":"I"}},"clearTextFirst":true,"interactionType":"ENTER_TEXT"}]}
COMMAND: POST /session/3fbb5aa961da27feb6cf7ecb004886db/actions - {"actions":[{"id":"action46","type":"key","parameters":{},"actions":[{"type":"keyDown","value":""},{"type":"pause","duration":10},{"type":"keyUp","value":""}]}]}
RESULT: {"actions":[{"id":"action46","type":"key","parameters":{},"actions":[{"type":"keyDown","value":""},{"type":"pause","duration":10},{"type":"keyUp","value":""}]}]}
COMMAND: GET /session/3fbb5aa961da27feb6cf7ecb004886db/screenshot - {}
RESULT: {}
COMMAND: POST /session/3fbb5aa961da27feb6cf7ecb004886db/element - {"using":"xpath","value":"//span[@id=\"application-managepricingrules-display-component---priceInfoItem--smartTable-header-inner\"]"}
RESULT: {"using":"xpath","value":"//span[@id=\"application-managepricingrules-display-component---priceInfoItem--smartTable-header-inner\"]"}
COMMAND: POST /session/3fbb5aa961da27feb6cf7ecb004886db/elements - {"using":"xpath","value":"//span[@id=\"application-managepricingrules-display-component---priceInfoItem--smartTable-header-inner\"]"}
RESULT: {"using":"xpath","value":"//span[@id=\"application-managepricingrules-display-component---priceInfoItem--smartTable-header-inner\"]"}
COMMAND: POST /session/3fbb5aa961da27feb6cf7ecb004886db/execute/sync - {"script":"<script> [56 bytes]","args":[{"element-6066-11e4-a52e-4f735466cecf":"f.0763987BF21D2E15D38664A642A1837D.d.247016B051F107FE54680E279F398579.e.13445","ELEMENT":"f.0763987BF21D2E15D38664A642A1837D.d.247016B051F107FE54680E279F398579.e.13445"}]}
RESULT: {"script":"<script> [56 bytes]","args":[{"element-6066-11e4-a52e-4f735466cecf":"f.0763987BF21D2E15D38664A642A1837D.d.247016B051F107FE54680E279F398579.e.13445","ELEMENT":"f.0763987BF21D2E15D38664A642A1837D.d.247016B051F107FE54680E279F398579.e.13445"}]}
COMMAND: POST /session/3fbb5aa961da27feb6cf7ecb004886db/element - {"using":"css selector","value":"#shell-header-logo"}
COMMAND: GET /session/3fbb5aa961da27feb6cf7ecb004886db/screenshot - {}
RESULT: {"using":"css selector","value":"#shell-header-logo"}
COMMAND: POST /session/3fbb5aa961da27feb6cf7ecb004886db/element/f.0763987BF21D2E15D38664A642A1837D.d.247016B051F107FE54680E279F398579.e.12669/click - {}
RESULT: {}
RESULT: {}
COMMAND: GET /session/3fbb5aa961da27feb6cf7ecb004886db/screenshot - {}
RESULT: {}
]]></system-out>
    </testcase>
    <testcase classname="chrome.135_0_7049_42.windows.Billing_transfer_US117289" name="Should create new condition for equipment" time="72.302">
      <system-out><![CDATA[
COMMAND: POST /session/3fbb5aa961da27feb6cf7ecb004886db/execute/async - {"script":"<script> [1562 bytes]","args":[{"selector":{"controlType":"sap.m.Text","properties":{"text":"Manage Conditions & Prices"},"interaction":{"idSuffix":"inner"}},"wdio_ui5_key":"sapm.Text{\"text\":\"Manage Conditions & Prices\"}"}]}
RESULT: {"script":"<script> [1562 bytes]","args":[{"selector":{"controlType":"sap.m.Text","properties":{"text":"Manage Conditions & Prices"},"interaction":{"idSuffix":"inner"}},"wdio_ui5_key":"sapm.Text{\"text\":\"Manage Conditions & Prices\"}"}]}
RESULT: undefined
COMMAND: POST /session/3fbb5aa961da27feb6cf7ecb004886db/element - {"using":"xpath","value":"//*[@id=\"__tile53-title\"]"}
RESULT: {"using":"xpath","value":"//*[@id=\"__tile53-title\"]"}
COMMAND: POST /session/3fbb5aa961da27feb6cf7ecb004886db/element/f.0763987BF21D2E15D38664A642A1837D.d.247016B051F107FE54680E279F398579.e.13448/click - {}
RESULT: {}
COMMAND: POST /session/3fbb5aa961da27feb6cf7ecb004886db/element - {"using":"xpath","value":"//button[@aria-label=\"Create\"]"}
COMMAND: GET /session/3fbb5aa961da27feb6cf7ecb004886db/screenshot - {}
RESULT: {"using":"xpath","value":"//button[@aria-label=\"Create\"]"}
COMMAND: POST /session/3fbb5aa961da27feb6cf7ecb004886db/elements - {"using":"xpath","value":"//button[@aria-label=\"Create\"]"}
RESULT: {}
RESULT: {"using":"xpath","value":"//button[@aria-label=\"Create\"]"}
COMMAND: POST /session/3fbb5aa961da27feb6cf7ecb004886db/element - {"using":"xpath","value":"//button[@aria-label=\"Create\"]"}
RESULT: {"using":"xpath","value":"//button[@aria-label=\"Create\"]"}
COMMAND: POST /session/3fbb5aa961da27feb6cf7ecb004886db/execute/sync - {"script":"<script> [8489 bytes]","args":[{"element-6066-11e4-a52e-4f735466cecf":"f.0763987BF21D2E15D38664A642A1837D.d.247016B051F107FE54680E279F398579.e.13483","ELEMENT":"f.0763987BF21D2E15D38664A642A1837D.d.247016B051F107FE54680E279F398579.e.13483"}]}
RESULT: {"script":"<script> [8489 bytes]","args":[{"element-6066-11e4-a52e-4f735466cecf":"f.0763987BF21D2E15D38664A642A1837D.d.247016B051F107FE54680E279F398579.e.13483","ELEMENT":"f.0763987BF21D2E15D38664A642A1837D.d.247016B051F107FE54680E279F398579.e.13483"}]}
COMMAND: GET /session/3fbb5aa961da27feb6cf7ecb004886db/element/f.0763987BF21D2E15D38664A642A1837D.d.247016B051F107FE54680E279F398579.e.13483/enabled - {}
COMMAND: GET /session/3fbb5aa961da27feb6cf7ecb004886db/screenshot - {}
RESULT: {}
COMMAND: POST /session/3fbb5aa961da27feb6cf7ecb004886db/execute/sync - {"script":"<script> [8489 bytes]","args":[{"element-6066-11e4-a52e-4f735466cecf":"f.0763987BF21D2E15D38664A642A1837D.d.247016B051F107FE54680E279F398579.e.13483","ELEMENT":"f.0763987BF21D2E15D38664A642A1837D.d.247016B051F107FE54680E279F398579.e.13483"}]}
COMMAND: GET /session/3fbb5aa961da27feb6cf7ecb004886db/screenshot - {}
RESULT: {}
RESULT: {"script":"<script> [8489 bytes]","args":[{"element-6066-11e4-a52e-4f735466cecf":"f.0763987BF21D2E15D38664A642A1837D.d.247016B051F107FE54680E279F398579.e.13483","ELEMENT":"f.0763987BF21D2E15D38664A642A1837D.d.247016B051F107FE54680E279F398579.e.13483"}]}
COMMAND: POST /session/3fbb5aa961da27feb6cf7ecb004886db/execute/sync - {"script":"<script> [5351 bytes]","args":[{"element-6066-11e4-a52e-4f735466cecf":"f.0763987BF21D2E15D38664A642A1837D.d.247016B051F107FE54680E279F398579.e.13483","ELEMENT":"f.0763987BF21D2E15D38664A642A1837D.d.247016B051F107FE54680E279F398579.e.13483"}]}
COMMAND: GET /session/3fbb5aa961da27feb6cf7ecb004886db/screenshot - {}
RESULT: {}
RESULT: {}
RESULT: {"script":"<script> [5351 bytes]","args":[{"element-6066-11e4-a52e-4f735466cecf":"f.0763987BF21D2E15D38664A642A1837D.d.247016B051F107FE54680E279F398579.e.13483","ELEMENT":"f.0763987BF21D2E15D38664A642A1837D.d.247016B051F107FE54680E279F398579.e.13483"}]}
COMMAND: POST /session/3fbb5aa961da27feb6cf7ecb004886db/element/f.0763987BF21D2E15D38664A642A1837D.d.247016B051F107FE54680E279F398579.e.13483/click - {}
COMMAND: GET /session/3fbb5aa961da27feb6cf7ecb004886db/screenshot - {}
RESULT: {}
COMMAND: GET /session/3fbb5aa961da27feb6cf7ecb004886db/screenshot - {}
RESULT: {}
RESULT: {}
COMMAND: POST /session/3fbb5aa961da27feb6cf7ecb004886db/actions - {"actions":[{"id":"action47","type":"key","parameters":{},"actions":[{"type":"keyDown","value":""},{"type":"pause","duration":10},{"type":"keyUp","value":""}]}]}
RESULT: {"actions":[{"id":"action47","type":"key","parameters":{},"actions":[{"type":"keyDown","value":""},{"type":"pause","duration":10},{"type":"keyUp","value":""}]}]}
COMMAND: GET /session/3fbb5aa961da27feb6cf7ecb004886db/screenshot - {}
RESULT: {}
COMMAND: POST /session/3fbb5aa961da27feb6cf7ecb004886db/execute/async - {"script":"<script> [1562 bytes]","args":[{"selector":{"id":"application-manageconditionprice-display-component---newCondition--condBillCond-arrow"},"wdio_ui5_key":"applicationmanageconditionprice-display-component---newCondition--condBillCond-arrow"}]}
RESULT: {"script":"<script> [1562 bytes]","args":[{"selector":{"id":"application-manageconditionprice-display-component---newCondition--condBillCond-arrow"},"wdio_ui5_key":"applicationmanageconditionprice-display-component---newCondition--condBillCond-arrow"}]}
RESULT: undefined
COMMAND: POST /session/3fbb5aa961da27feb6cf7ecb004886db/element - {"using":"xpath","value":"//*[@id=\"application-manageconditionprice-display-component---newCondition--condBillCond-arrow\"]"}
RESULT: {"using":"xpath","value":"//*[@id=\"application-manageconditionprice-display-component---newCondition--condBillCond-arrow\"]"}
COMMAND: POST /session/3fbb5aa961da27feb6cf7ecb004886db/element/f.0763987BF21D2E15D38664A642A1837D.d.247016B051F107FE54680E279F398579.e.13663/click - {}
RESULT: {}
COMMAND: GET /session/3fbb5aa961da27feb6cf7ecb004886db/screenshot - {}
RESULT: {}
COMMAND: POST /session/3fbb5aa961da27feb6cf7ecb004886db/element - {"using":"xpath","value":"//li[.//span[contains(text(), \"DISP - D&I special price\")]]"}
RESULT: {"using":"xpath","value":"//li[.//span[contains(text(), \"DISP - D&I special price\")]]"}
COMMAND: POST /session/3fbb5aa961da27feb6cf7ecb004886db/element/f.0763987BF21D2E15D38664A642A1837D.d.247016B051F107FE54680E279F398579.e.13666/click - {}
RESULT: {}
COMMAND: GET /session/3fbb5aa961da27feb6cf7ecb004886db/screenshot - {}
RESULT: {}
COMMAND: POST /session/3fbb5aa961da27feb6cf7ecb004886db/execute/async - {"script":"<script> [1562 bytes]","args":[{"selector":{"id":"application-manageconditionprice-display-component---newCondition--condValidTo","interaction":{"idSuffix":"inner"}},"wdio_ui5_key":"applicationmanageconditionprice-display-component---newCondition--condValidTo"}]}
RESULT: {"script":"<script> [1562 bytes]","args":[{"selector":{"id":"application-manageconditionprice-display-component---newCondition--condValidTo","interaction":{"idSuffix":"inner"}},"wdio_ui5_key":"applicationmanageconditionprice-display-component---newCondition--condValidTo"}]}
RESULT: undefined
COMMAND: POST /session/3fbb5aa961da27feb6cf7ecb004886db/execute/async - {"script":"<script> [776 bytes]","args":[{"enterText":"12/17/25","selector":{"id":"application-manageconditionprice-display-component---newCondition--condValidTo","interaction":{"idSuffix":"inner"}},"clearTextFirst":true,"interactionType":"ENTER_TEXT"}]}
RESULT: {"script":"<script> [776 bytes]","args":[{"enterText":"12/17/25","selector":{"id":"application-manageconditionprice-display-component---newCondition--condValidTo","interaction":{"idSuffix":"inner"}},"clearTextFirst":true,"interactionType":"ENTER_TEXT"}]}
COMMAND: POST /session/3fbb5aa961da27feb6cf7ecb004886db/element - {"using":"xpath","value":"//input[@id=\"application-manageconditionprice-display-component---newCondition--condRU-inner\"]"}
RESULT: {"using":"xpath","value":"//input[@id=\"application-manageconditionprice-display-component---newCondition--condRU-inner\"]"}
COMMAND: POST /session/3fbb5aa961da27feb6cf7ecb004886db/element/f.0763987BF21D2E15D38664A642A1837D.d.247016B051F107FE54680E279F398579.e.13527/clear - {}
RESULT: {}
COMMAND: POST /session/3fbb5aa961da27feb6cf7ecb004886db/element/f.0763987BF21D2E15D38664A642A1837D.d.247016B051F107FE54680E279F398579.e.13527/value - {"text":"EMSou6ZXVJ"}
COMMAND: GET /session/3fbb5aa961da27feb6cf7ecb004886db/screenshot - {}
RESULT: {"text":"EMSou6ZXVJ"}
COMMAND: GET /session/3fbb5aa961da27feb6cf7ecb004886db/screenshot - {}
RESULT: {}
RESULT: {}
COMMAND: POST /session/3fbb5aa961da27feb6cf7ecb004886db/actions - {"actions":[{"id":"action48","type":"key","parameters":{},"actions":[{"type":"keyDown","value":""},{"type":"pause","duration":10},{"type":"keyUp","value":""}]}]}
RESULT: {"actions":[{"id":"action48","type":"key","parameters":{},"actions":[{"type":"keyDown","value":""},{"type":"pause","duration":10},{"type":"keyUp","value":""}]}]}
COMMAND: POST /session/3fbb5aa961da27feb6cf7ecb004886db/execute/async - {"script":"<script> [1562 bytes]","args":[{"selector":{"id":"application-manageconditionprice-display-component---newCondition--condBaseQty","interaction":{"idSuffix":"inner"}},"wdio_ui5_key":"applicationmanageconditionprice-display-component---newCondition--condBaseQty"}]}
COMMAND: GET /session/3fbb5aa961da27feb6cf7ecb004886db/screenshot - {}
RESULT: {"script":"<script> [1562 bytes]","args":[{"selector":{"id":"application-manageconditionprice-display-component---newCondition--condBaseQty","interaction":{"idSuffix":"inner"}},"wdio_ui5_key":"applicationmanageconditionprice-display-component---newCondition--condBaseQty"}]}
RESULT: undefined
COMMAND: POST /session/3fbb5aa961da27feb6cf7ecb004886db/execute/async - {"script":"<script> [776 bytes]","args":[{"enterText":"1","selector":{"id":"application-manageconditionprice-display-component---newCondition--condBaseQty","interaction":{"idSuffix":"inner"}},"clearTextFirst":true,"interactionType":"ENTER_TEXT"}]}
RESULT: {}
RESULT: {"script":"<script> [776 bytes]","args":[{"enterText":"1","selector":{"id":"application-manageconditionprice-display-component---newCondition--condBaseQty","interaction":{"idSuffix":"inner"}},"clearTextFirst":true,"interactionType":"ENTER_TEXT"}]}
COMMAND: POST /session/3fbb5aa961da27feb6cf7ecb004886db/execute/async - {"script":"<script> [1562 bytes]","args":[{"selector":{"id":"application-manageconditionprice-display-component---newCondition--condValue","interaction":{"idSuffix":"inner"}},"wdio_ui5_key":"applicationmanageconditionprice-display-component---newCondition--condValue"}]}
RESULT: {"script":"<script> [1562 bytes]","args":[{"selector":{"id":"application-manageconditionprice-display-component---newCondition--condValue","interaction":{"idSuffix":"inner"}},"wdio_ui5_key":"applicationmanageconditionprice-display-component---newCondition--condValue"}]}
RESULT: undefined
COMMAND: POST /session/3fbb5aa961da27feb6cf7ecb004886db/execute/async - {"script":"<script> [776 bytes]","args":[{"enterText":"100","selector":{"id":"application-manageconditionprice-display-component---newCondition--condValue","interaction":{"idSuffix":"inner"}},"clearTextFirst":true,"interactionType":"ENTER_TEXT"}]}
RESULT: {"script":"<script> [776 bytes]","args":[{"enterText":"100","selector":{"id":"application-manageconditionprice-display-component---newCondition--condValue","interaction":{"idSuffix":"inner"}},"clearTextFirst":true,"interactionType":"ENTER_TEXT"}]}
COMMAND: POST /session/3fbb5aa961da27feb6cf7ecb004886db/execute/async - {"script":"<script> [1562 bytes]","args":[{"selector":{"id":"application-manageconditionprice-display-component---newCondition--condCurr-arrow"},"wdio_ui5_key":"applicationmanageconditionprice-display-component---newCondition--condCurr-arrow"}]}
RESULT: {"script":"<script> [1562 bytes]","args":[{"selector":{"id":"application-manageconditionprice-display-component---newCondition--condCurr-arrow"},"wdio_ui5_key":"applicationmanageconditionprice-display-component---newCondition--condCurr-arrow"}]}
RESULT: undefined
COMMAND: POST /session/3fbb5aa961da27feb6cf7ecb004886db/element - {"using":"xpath","value":"//*[@id=\"application-manageconditionprice-display-component---newCondition--condCurr-arrow\"]"}
RESULT: {"using":"xpath","value":"//*[@id=\"application-manageconditionprice-display-component---newCondition--condCurr-arrow\"]"}
COMMAND: POST /session/3fbb5aa961da27feb6cf7ecb004886db/element/f.0763987BF21D2E15D38664A642A1837D.d.247016B051F107FE54680E279F398579.e.13631/click - {}
RESULT: {}
COMMAND: POST /session/3fbb5aa961da27feb6cf7ecb004886db/element - {"using":"xpath","value":"//span[contains(text(), \"Euro\")]"}
COMMAND: GET /session/3fbb5aa961da27feb6cf7ecb004886db/screenshot - {}
RESULT: {"using":"xpath","value":"//span[contains(text(), \"Euro\")]"}
COMMAND: POST /session/3fbb5aa961da27feb6cf7ecb004886db/element/f.0763987BF21D2E15D38664A642A1837D.d.247016B051F107FE54680E279F398579.e.13703/click - {}
RESULT: {}
RESULT: {}
COMMAND: POST /session/3fbb5aa961da27feb6cf7ecb004886db/element - {"using":"xpath","value":"//button[@data-kt=\"saveButton\"]"}
COMMAND: GET /session/3fbb5aa961da27feb6cf7ecb004886db/screenshot - {}
RESULT: {"using":"xpath","value":"//button[@data-kt=\"saveButton\"]"}
COMMAND: POST /session/3fbb5aa961da27feb6cf7ecb004886db/element/f.0763987BF21D2E15D38664A642A1837D.d.247016B051F107FE54680E279F398579.e.13632/click - {}
RESULT: {}
RESULT: {}
COMMAND: GET /session/3fbb5aa961da27feb6cf7ecb004886db/screenshot - {}
RESULT: {}
COMMAND: POST /session/3fbb5aa961da27feb6cf7ecb004886db/execute/async - {"script":"<script> [1562 bytes]","args":[{"selector":{"id":"application-manageconditionprice-display-component---conditions--smartFilterBar-btnBasicSearch","interaction":{"idSuffix":"I"}},"wdio_ui5_key":"applicationmanageconditionprice-display-component---conditions--smartFilterBar-btnBasicSearch"}]}
RESULT: {"script":"<script> [1562 bytes]","args":[{"selector":{"id":"application-manageconditionprice-display-component---conditions--smartFilterBar-btnBasicSearch","interaction":{"idSuffix":"I"}},"wdio_ui5_key":"applicationmanageconditionprice-display-component---conditions--smartFilterBar-btnBasicSearch"}]}
RESULT: undefined
COMMAND: POST /session/3fbb5aa961da27feb6cf7ecb004886db/execute/async - {"script":"<script> [776 bytes]","args":[{"enterText":"EMSou6ZXVJ","selector":{"id":"application-manageconditionprice-display-component---conditions--smartFilterBar-btnBasicSearch","interaction":{"idSuffix":"I"}},"clearTextFirst":true,"interactionType":"ENTER_TEXT"}]}
RESULT: {"script":"<script> [776 bytes]","args":[{"enterText":"EMSou6ZXVJ","selector":{"id":"application-manageconditionprice-display-component---conditions--smartFilterBar-btnBasicSearch","interaction":{"idSuffix":"I"}},"clearTextFirst":true,"interactionType":"ENTER_TEXT"}]}
COMMAND: POST /session/3fbb5aa961da27feb6cf7ecb004886db/actions - {"actions":[{"id":"action49","type":"key","parameters":{},"actions":[{"type":"keyDown","value":""},{"type":"pause","duration":10},{"type":"keyUp","value":""}]}]}
RESULT: {"actions":[{"id":"action49","type":"key","parameters":{},"actions":[{"type":"keyDown","value":""},{"type":"pause","duration":10},{"type":"keyUp","value":""}]}]}
COMMAND: GET /session/3fbb5aa961da27feb6cf7ecb004886db/screenshot - {}
RESULT: {}
COMMAND: POST /session/3fbb5aa961da27feb6cf7ecb004886db/execute/async - {"script":"<script> [1562 bytes]","args":[{"selector":{"id":"application-manageconditionprice-display-component---conditions--smartFilterBar-filterItemControl_BASIC-BILL_TYPES-vhi"},"wdio_ui5_key":"applicationmanageconditionprice-display-component---conditions--smartFilterBar-filterItemControl_BASIC-BILL_TYPES-vhi"}]}
RESULT: {"script":"<script> [1562 bytes]","args":[{"selector":{"id":"application-manageconditionprice-display-component---conditions--smartFilterBar-filterItemControl_BASIC-BILL_TYPES-vhi"},"wdio_ui5_key":"applicationmanageconditionprice-display-component---conditions--smartFilterBar-filterItemControl_BASIC-BILL_TYPES-vhi"}]}
RESULT: undefined
COMMAND: POST /session/3fbb5aa961da27feb6cf7ecb004886db/element - {"using":"xpath","value":"//*[@id=\"application-manageconditionprice-display-component---conditions--smartFilterBar-filterItemControl_BASIC-BILL_TYPES-vhi\"]"}
RESULT: {"using":"xpath","value":"//*[@id=\"application-manageconditionprice-display-component---conditions--smartFilterBar-filterItemControl_BASIC-BILL_TYPES-vhi\"]"}
COMMAND: POST /session/3fbb5aa961da27feb6cf7ecb004886db/element/f.0763987BF21D2E15D38664A642A1837D.d.247016B051F107FE54680E279F398579.e.13809/click - {}
RESULT: {}
COMMAND: POST /session/3fbb5aa961da27feb6cf7ecb004886db/execute/async - {"script":"<script> [1562 bytes]","args":[{"selector":{"id":"application-manageconditionprice-display-component---conditions--smartFilterBar-filterItemControl_BASIC-BILL_TYPES-valueHelpDialog-smartFilterBar-btnBasicSearch","searchOpenDialogs":true,"interaction":{"idSuffix":"I"}},"wdio_ui5_key":"applicationmanageconditionprice-display-component---conditions--smartFilterBar-filterItemControl_BASIC-BILL_TYPES-valueHelpDialog-smartFilterBar-btnBasicSearch"}]}
COMMAND: GET /session/3fbb5aa961da27feb6cf7ecb004886db/screenshot - {}
RESULT: {"script":"<script> [1562 bytes]","args":[{"selector":{"id":"application-manageconditionprice-display-component---conditions--smartFilterBar-filterItemControl_BASIC-BILL_TYPES-valueHelpDialog-smartFilterBar-btnBasicSearch","searchOpenDialogs":true,"interaction":{"idSuffix":"I"}},"wdio_ui5_key":"applicationmanageconditionprice-display-component---conditions--smartFilterBar-filterItemControl_BASIC-BILL_TYPES-valueHelpDialog-smartFilterBar-btnBasicSearch"}]}
RESULT: undefined
COMMAND: POST /session/3fbb5aa961da27feb6cf7ecb004886db/execute/async - {"script":"<script> [776 bytes]","args":[{"enterText":"TB","selector":{"id":"application-manageconditionprice-display-component---conditions--smartFilterBar-filterItemControl_BASIC-BILL_TYPES-valueHelpDialog-smartFilterBar-btnBasicSearch","searchOpenDialogs":true,"interaction":{"idSuffix":"I"}},"clearTextFirst":true,"interactionType":"ENTER_TEXT"}]}
RESULT: {}
RESULT: {"script":"<script> [776 bytes]","args":[{"enterText":"TB","selector":{"id":"application-manageconditionprice-display-component---conditions--smartFilterBar-filterItemControl_BASIC-BILL_TYPES-valueHelpDialog-smartFilterBar-btnBasicSearch","searchOpenDialogs":true,"interaction":{"idSuffix":"I"}},"clearTextFirst":true,"interactionType":"ENTER_TEXT"}]}
COMMAND: POST /session/3fbb5aa961da27feb6cf7ecb004886db/actions - {"actions":[{"id":"action50","type":"key","parameters":{},"actions":[{"type":"keyDown","value":""},{"type":"pause","duration":10},{"type":"keyUp","value":""}]}]}
RESULT: {"actions":[{"id":"action50","type":"key","parameters":{},"actions":[{"type":"keyDown","value":""},{"type":"pause","duration":10},{"type":"keyUp","value":""}]}]}
COMMAND: GET /session/3fbb5aa961da27feb6cf7ecb004886db/screenshot - {}
RESULT: {}
COMMAND: POST /session/3fbb5aa961da27feb6cf7ecb004886db/element - {"using":"xpath","value":"//div[contains(@id, 'application-manageconditionprice-display-component---conditions--smartFilterBar-filterItemControl_BASIC-BILL_TYPES-valueHelpDialog-table-rowsel0')]"}
RESULT: {"using":"xpath","value":"//div[contains(@id, 'application-manageconditionprice-display-component---conditions--smartFilterBar-filterItemControl_BASIC-BILL_TYPES-valueHelpDialog-table-rowsel0')]"}
COMMAND: POST /session/3fbb5aa961da27feb6cf7ecb004886db/element/f.0763987BF21D2E15D38664A642A1837D.d.247016B051F107FE54680E279F398579.e.13819/click - {}
RESULT: {}
COMMAND: GET /session/3fbb5aa961da27feb6cf7ecb004886db/screenshot - {}
RESULT: {}
COMMAND: POST /session/3fbb5aa961da27feb6cf7ecb004886db/element - {"using":"xpath","value":"//bdi[contains(text(), \"OK\")]"}
RESULT: {"using":"xpath","value":"//bdi[contains(text(), \"OK\")]"}
COMMAND: POST /session/3fbb5aa961da27feb6cf7ecb004886db/element/f.0763987BF21D2E15D38664A642A1837D.d.247016B051F107FE54680E279F398579.e.13821/click - {}
RESULT: {}
COMMAND: GET /session/3fbb5aa961da27feb6cf7ecb004886db/screenshot - {}
RESULT: {}
COMMAND: POST /session/3fbb5aa961da27feb6cf7ecb004886db/element - {"using":"xpath","value":"//span[@id=\"application-manageconditionprice-display-component---conditions--smartTable-header-inner\"]"}
RESULT: {"using":"xpath","value":"//span[@id=\"application-manageconditionprice-display-component---conditions--smartTable-header-inner\"]"}
COMMAND: POST /session/3fbb5aa961da27feb6cf7ecb004886db/elements - {"using":"xpath","value":"//span[@id=\"application-manageconditionprice-display-component---conditions--smartTable-header-inner\"]"}
RESULT: {"using":"xpath","value":"//span[@id=\"application-manageconditionprice-display-component---conditions--smartTable-header-inner\"]"}
COMMAND: POST /session/3fbb5aa961da27feb6cf7ecb004886db/execute/sync - {"script":"<script> [56 bytes]","args":[{"element-6066-11e4-a52e-4f735466cecf":"f.0763987BF21D2E15D38664A642A1837D.d.247016B051F107FE54680E279F398579.e.13824","ELEMENT":"f.0763987BF21D2E15D38664A642A1837D.d.247016B051F107FE54680E279F398579.e.13824"}]}
RESULT: {"script":"<script> [56 bytes]","args":[{"element-6066-11e4-a52e-4f735466cecf":"f.0763987BF21D2E15D38664A642A1837D.d.247016B051F107FE54680E279F398579.e.13824","ELEMENT":"f.0763987BF21D2E15D38664A642A1837D.d.247016B051F107FE54680E279F398579.e.13824"}]}
COMMAND: POST /session/3fbb5aa961da27feb6cf7ecb004886db/element - {"using":"css selector","value":"#shell-header-logo"}
COMMAND: GET /session/3fbb5aa961da27feb6cf7ecb004886db/screenshot - {}
RESULT: {"using":"css selector","value":"#shell-header-logo"}
COMMAND: POST /session/3fbb5aa961da27feb6cf7ecb004886db/element/f.0763987BF21D2E15D38664A642A1837D.d.247016B051F107FE54680E279F398579.e.13450/click - {}
RESULT: {}
RESULT: {}
COMMAND: GET /session/3fbb5aa961da27feb6cf7ecb004886db/screenshot - {}
RESULT: {}
]]></system-out>
    </testcase>
    <testcase classname="chrome.135_0_7049_42.windows.Billing_transfer_US117289" name="Should do a stock increase" time="92.115">
      <system-out><![CDATA[
COMMAND: POST /session/3fbb5aa961da27feb6cf7ecb004886db/execute/async - {"script":"<script> [1562 bytes]","args":[{"selector":{"controlType":"sap.m.Text","viewName":"etm.portal.ui.managehandoverstile.view.Master","properties":{"text":"Manage Handovers"},"interaction":{"idSuffix":"inner"}},"wdio_ui5_key":"etmportal.ui.managehandoverstile.view.Mastersap.m.Text{\"text\":\"Manage Handovers\"}"}]}
RESULT: {"script":"<script> [1562 bytes]","args":[{"selector":{"controlType":"sap.m.Text","viewName":"etm.portal.ui.managehandoverstile.view.Master","properties":{"text":"Manage Handovers"},"interaction":{"idSuffix":"inner"}},"wdio_ui5_key":"etmportal.ui.managehandoverstile.view.Mastersap.m.Text{\"text\":\"Manage Handovers\"}"}]}
RESULT: undefined
COMMAND: POST /session/3fbb5aa961da27feb6cf7ecb004886db/element - {"using":"xpath","value":"//*[@id=\"__tile133-title\"]"}
RESULT: {"using":"xpath","value":"//*[@id=\"__tile133-title\"]"}
COMMAND: POST /session/3fbb5aa961da27feb6cf7ecb004886db/element/f.0763987BF21D2E15D38664A642A1837D.d.247016B051F107FE54680E279F398579.e.13829/click - {}
RESULT: {}
COMMAND: POST /session/3fbb5aa961da27feb6cf7ecb004886db/element - {"using":"xpath","value":"//button[@data-kt=\"masterHOAddButton\"]"}
COMMAND: GET /session/3fbb5aa961da27feb6cf7ecb004886db/screenshot - {}
RESULT: {"using":"xpath","value":"//button[@data-kt=\"masterHOAddButton\"]"}
COMMAND: POST /session/3fbb5aa961da27feb6cf7ecb004886db/elements - {"using":"xpath","value":"//button[@data-kt=\"masterHOAddButton\"]"}
RESULT: {}
RESULT: {"using":"xpath","value":"//button[@data-kt=\"masterHOAddButton\"]"}
COMMAND: POST /session/3fbb5aa961da27feb6cf7ecb004886db/elements - {"using":"xpath","value":"//button[@data-kt=\"masterHOAddButton\"]"}
RESULT: {"using":"xpath","value":"//button[@data-kt=\"masterHOAddButton\"]"}
COMMAND: POST /session/3fbb5aa961da27feb6cf7ecb004886db/elements - {"using":"xpath","value":"//button[@data-kt=\"masterHOAddButton\"]"}
RESULT: {"using":"xpath","value":"//button[@data-kt=\"masterHOAddButton\"]"}
COMMAND: POST /session/3fbb5aa961da27feb6cf7ecb004886db/elements - {"using":"xpath","value":"//button[@data-kt=\"masterHOAddButton\"]"}
RESULT: {"using":"xpath","value":"//button[@data-kt=\"masterHOAddButton\"]"}
COMMAND: POST /session/3fbb5aa961da27feb6cf7ecb004886db/elements - {"using":"xpath","value":"//button[@data-kt=\"masterHOAddButton\"]"}
RESULT: {"using":"xpath","value":"//button[@data-kt=\"masterHOAddButton\"]"}
COMMAND: POST /session/3fbb5aa961da27feb6cf7ecb004886db/elements - {"using":"xpath","value":"//button[@data-kt=\"masterHOAddButton\"]"}
RESULT: {"using":"xpath","value":"//button[@data-kt=\"masterHOAddButton\"]"}
COMMAND: POST /session/3fbb5aa961da27feb6cf7ecb004886db/elements - {"using":"xpath","value":"//button[@data-kt=\"masterHOAddButton\"]"}
RESULT: {"using":"xpath","value":"//button[@data-kt=\"masterHOAddButton\"]"}
COMMAND: POST /session/3fbb5aa961da27feb6cf7ecb004886db/elements - {"using":"xpath","value":"//button[@data-kt=\"masterHOAddButton\"]"}
RESULT: {"using":"xpath","value":"//button[@data-kt=\"masterHOAddButton\"]"}
COMMAND: POST /session/3fbb5aa961da27feb6cf7ecb004886db/element - {"using":"xpath","value":"//button[@data-kt=\"masterHOAddButton\"]"}
RESULT: {"using":"xpath","value":"//button[@data-kt=\"masterHOAddButton\"]"}
COMMAND: POST /session/3fbb5aa961da27feb6cf7ecb004886db/execute/sync - {"script":"<script> [8489 bytes]","args":[{"element-6066-11e4-a52e-4f735466cecf":"f.0763987BF21D2E15D38664A642A1837D.d.247016B051F107FE54680E279F398579.e.13867","ELEMENT":"f.0763987BF21D2E15D38664A642A1837D.d.247016B051F107FE54680E279F398579.e.13867"}]}
RESULT: {"script":"<script> [8489 bytes]","args":[{"element-6066-11e4-a52e-4f735466cecf":"f.0763987BF21D2E15D38664A642A1837D.d.247016B051F107FE54680E279F398579.e.13867","ELEMENT":"f.0763987BF21D2E15D38664A642A1837D.d.247016B051F107FE54680E279F398579.e.13867"}]}
COMMAND: GET /session/3fbb5aa961da27feb6cf7ecb004886db/element/f.0763987BF21D2E15D38664A642A1837D.d.247016B051F107FE54680E279F398579.e.13867/enabled - {}
COMMAND: GET /session/3fbb5aa961da27feb6cf7ecb004886db/screenshot - {}
RESULT: {}
COMMAND: POST /session/3fbb5aa961da27feb6cf7ecb004886db/execute/sync - {"script":"<script> [8489 bytes]","args":[{"element-6066-11e4-a52e-4f735466cecf":"f.0763987BF21D2E15D38664A642A1837D.d.247016B051F107FE54680E279F398579.e.13867","ELEMENT":"f.0763987BF21D2E15D38664A642A1837D.d.247016B051F107FE54680E279F398579.e.13867"}]}
COMMAND: GET /session/3fbb5aa961da27feb6cf7ecb004886db/screenshot - {}
RESULT: {}
RESULT: {"script":"<script> [8489 bytes]","args":[{"element-6066-11e4-a52e-4f735466cecf":"f.0763987BF21D2E15D38664A642A1837D.d.247016B051F107FE54680E279F398579.e.13867","ELEMENT":"f.0763987BF21D2E15D38664A642A1837D.d.247016B051F107FE54680E279F398579.e.13867"}]}
COMMAND: POST /session/3fbb5aa961da27feb6cf7ecb004886db/execute/sync - {"script":"<script> [5351 bytes]","args":[{"element-6066-11e4-a52e-4f735466cecf":"f.0763987BF21D2E15D38664A642A1837D.d.247016B051F107FE54680E279F398579.e.13867","ELEMENT":"f.0763987BF21D2E15D38664A642A1837D.d.247016B051F107FE54680E279F398579.e.13867"}]}
COMMAND: GET /session/3fbb5aa961da27feb6cf7ecb004886db/screenshot - {}
RESULT: {}
RESULT: {"script":"<script> [5351 bytes]","args":[{"element-6066-11e4-a52e-4f735466cecf":"f.0763987BF21D2E15D38664A642A1837D.d.247016B051F107FE54680E279F398579.e.13867","ELEMENT":"f.0763987BF21D2E15D38664A642A1837D.d.247016B051F107FE54680E279F398579.e.13867"}]}
COMMAND: POST /session/3fbb5aa961da27feb6cf7ecb004886db/element/f.0763987BF21D2E15D38664A642A1837D.d.247016B051F107FE54680E279F398579.e.13867/click - {}
COMMAND: GET /session/3fbb5aa961da27feb6cf7ecb004886db/screenshot - {}
RESULT: {}
RESULT: {}
COMMAND: GET /session/3fbb5aa961da27feb6cf7ecb004886db/screenshot - {}
COMMAND: POST /session/3fbb5aa961da27feb6cf7ecb004886db/element - {"using":"xpath","value":"//span[contains(@id ,\"AddNewHO--typeSelect-arrow\")]"}
RESULT: {}
RESULT: {}
RESULT: {"using":"xpath","value":"//span[contains(@id ,\"AddNewHO--typeSelect-arrow\")]"}
COMMAND: POST /session/3fbb5aa961da27feb6cf7ecb004886db/element/f.0763987BF21D2E15D38664A642A1837D.d.247016B051F107FE54680E279F398579.e.14162/click - {}
RESULT: {}
COMMAND: GET /session/3fbb5aa961da27feb6cf7ecb004886db/screenshot - {}
RESULT: {}
COMMAND: POST /session/3fbb5aa961da27feb6cf7ecb004886db/element - {"using":"xpath","value":"(//li[contains(text(), \"stock increase yard\")])[1]"}
RESULT: {"using":"xpath","value":"(//li[contains(text(), \"stock increase yard\")])[1]"}
COMMAND: POST /session/3fbb5aa961da27feb6cf7ecb004886db/element/f.0763987BF21D2E15D38664A642A1837D.d.247016B051F107FE54680E279F398579.e.14163/click - {}
RESULT: {}
COMMAND: GET /session/3fbb5aa961da27feb6cf7ecb004886db/screenshot - {}
RESULT: {}
COMMAND: POST /session/3fbb5aa961da27feb6cf7ecb004886db/execute/async - {"script":"<script> [1562 bytes]","args":[{"selector":{"id":"application-managehandovers-display-component---AddNewHO--dueDate","interaction":{"idSuffix":"inner"}},"wdio_ui5_key":"applicationmanagehandovers-display-component---AddNewHO--dueDate"}]}
RESULT: {"script":"<script> [1562 bytes]","args":[{"selector":{"id":"application-managehandovers-display-component---AddNewHO--dueDate","interaction":{"idSuffix":"inner"}},"wdio_ui5_key":"applicationmanagehandovers-display-component---AddNewHO--dueDate"}]}
RESULT: undefined
COMMAND: POST /session/3fbb5aa961da27feb6cf7ecb004886db/execute/async - {"script":"<script> [6424 bytes]","args":[{"element-6066-11e4-a52e-4f735466cecf":"f.0763987BF21D2E15D38664A642A1837D.d.247016B051F107FE54680E279F398579.e.14167"},"setValue",["04/17/2025"]]}
RESULT: {"script":"<script> [6424 bytes]","args":[{"element-6066-11e4-a52e-4f735466cecf":"f.0763987BF21D2E15D38664A642A1837D.d.247016B051F107FE54680E279F398579.e.14167"},"setValue",["04/17/2025"]]}
COMMAND: POST /session/3fbb5aa961da27feb6cf7ecb004886db/element - {"using":"xpath","value":"//input[@id=\"generalSectionFrg--receiveYard-inner\"]"}
RESULT: {"using":"xpath","value":"//input[@id=\"generalSectionFrg--receiveYard-inner\"]"}
COMMAND: POST /session/3fbb5aa961da27feb6cf7ecb004886db/element/f.0763987BF21D2E15D38664A642A1837D.d.247016B051F107FE54680E279F398579.e.14173/clear - {}
RESULT: {}
COMMAND: POST /session/3fbb5aa961da27feb6cf7ecb004886db/element/f.0763987BF21D2E15D38664A642A1837D.d.247016B051F107FE54680E279F398579.e.14173/value - {"text":"478"}
COMMAND: GET /session/3fbb5aa961da27feb6cf7ecb004886db/screenshot - {}
RESULT: {"text":"478"}
COMMAND: GET /session/3fbb5aa961da27feb6cf7ecb004886db/screenshot - {}
RESULT: {}
RESULT: {}
COMMAND: POST /session/3fbb5aa961da27feb6cf7ecb004886db/element - {"using":"xpath","value":"//li[.//span[text()='478']]"}
RESULT: {"using":"xpath","value":"//li[.//span[text()='478']]"}
COMMAND: POST /session/3fbb5aa961da27feb6cf7ecb004886db/element/f.0763987BF21D2E15D38664A642A1837D.d.247016B051F107FE54680E279F398579.e.14188/click - {}
RESULT: {}
COMMAND: GET /session/3fbb5aa961da27feb6cf7ecb004886db/screenshot - {}
RESULT: {}
COMMAND: POST /session/3fbb5aa961da27feb6cf7ecb004886db/execute/async - {"script":"<script> [1562 bytes]","args":[{"selector":{"id":"application-managehandovers-display-component---AddNewHO--ObjectPageLayout-anchBar-application-managehandovers-display-component---AddNewHO--section4-anchor","interaction":{"idSuffix":"BDI-content"}},"wdio_ui5_key":"applicationmanagehandovers-display-component---AddNewHO--ObjectPageLayout-anchBar-application-managehandovers-display-component---AddNewHO--section4-anchor"}]}
RESULT: {"script":"<script> [1562 bytes]","args":[{"selector":{"id":"application-managehandovers-display-component---AddNewHO--ObjectPageLayout-anchBar-application-managehandovers-display-component---AddNewHO--section4-anchor","interaction":{"idSuffix":"BDI-content"}},"wdio_ui5_key":"applicationmanagehandovers-display-component---AddNewHO--ObjectPageLayout-anchBar-application-managehandovers-display-component---AddNewHO--section4-anchor"}]}
RESULT: undefined
COMMAND: POST /session/3fbb5aa961da27feb6cf7ecb004886db/element - {"using":"xpath","value":"//*[@id=\"application-managehandovers-display-component---AddNewHO--ObjectPageLayout-anchBar-application-managehandovers-display-component---AddNewHO--section4-anchor\"]"}
RESULT: {"using":"xpath","value":"//*[@id=\"application-managehandovers-display-component---AddNewHO--ObjectPageLayout-anchBar-application-managehandovers-display-component---AddNewHO--section4-anchor\"]"}
COMMAND: POST /session/3fbb5aa961da27feb6cf7ecb004886db/element/f.0763987BF21D2E15D38664A642A1837D.d.247016B051F107FE54680E279F398579.e.14190/click - {}
RESULT: {}
COMMAND: POST /session/3fbb5aa961da27feb6cf7ecb004886db/element - {"using":"xpath","value":"//button[@aria-label=\"Add\"]"}
COMMAND: GET /session/3fbb5aa961da27feb6cf7ecb004886db/screenshot - {}
RESULT: {"using":"xpath","value":"//button[@aria-label=\"Add\"]"}
COMMAND: POST /session/3fbb5aa961da27feb6cf7ecb004886db/element/f.0763987BF21D2E15D38664A642A1837D.d.247016B051F107FE54680E279F398579.e.14192/click - {}
RESULT: {}
RESULT: {}
COMMAND: GET /session/3fbb5aa961da27feb6cf7ecb004886db/screenshot - {}
RESULT: {}
COMMAND: POST /session/3fbb5aa961da27feb6cf7ecb004886db/execute/async - {"script":"<script> [1562 bytes]","args":[{"selector":{"id":"application-managehandovers-display-component---AddNewHO--smartFilterBar-btnBasicSearch","searchOpenDialogs":true,"interaction":{"idSuffix":"I"}},"wdio_ui5_key":"applicationmanagehandovers-display-component---AddNewHO--smartFilterBar-btnBasicSearch"}]}
RESULT: {"script":"<script> [1562 bytes]","args":[{"selector":{"id":"application-managehandovers-display-component---AddNewHO--smartFilterBar-btnBasicSearch","searchOpenDialogs":true,"interaction":{"idSuffix":"I"}},"wdio_ui5_key":"applicationmanagehandovers-display-component---AddNewHO--smartFilterBar-btnBasicSearch"}]}
RESULT: undefined
COMMAND: POST /session/3fbb5aa961da27feb6cf7ecb004886db/execute/async - {"script":"<script> [776 bytes]","args":[{"enterText":"EMSou6ZXVJ","selector":{"id":"application-managehandovers-display-component---AddNewHO--smartFilterBar-btnBasicSearch","searchOpenDialogs":true,"interaction":{"idSuffix":"I"}},"clearTextFirst":true,"interactionType":"ENTER_TEXT"}]}
RESULT: {"script":"<script> [776 bytes]","args":[{"enterText":"EMSou6ZXVJ","selector":{"id":"application-managehandovers-display-component---AddNewHO--smartFilterBar-btnBasicSearch","searchOpenDialogs":true,"interaction":{"idSuffix":"I"}},"clearTextFirst":true,"interactionType":"ENTER_TEXT"}]}
COMMAND: POST /session/3fbb5aa961da27feb6cf7ecb004886db/actions - {"actions":[{"id":"action51","type":"key","parameters":{},"actions":[{"type":"keyDown","value":""},{"type":"pause","duration":10},{"type":"keyUp","value":""}]}]}
RESULT: {"actions":[{"id":"action51","type":"key","parameters":{},"actions":[{"type":"keyDown","value":""},{"type":"pause","duration":10},{"type":"keyUp","value":""}]}]}
COMMAND: GET /session/3fbb5aa961da27feb6cf7ecb004886db/screenshot - {}
RESULT: {}
COMMAND: POST /session/3fbb5aa961da27feb6cf7ecb004886db/execute/async - {"script":"<script> [1562 bytes]","args":[{"selector":{"id":"application-managehandovers-display-component---AddNewHO--popup-sa","searchOpenDialogs":true,"interaction":{"idSuffix":"CbBg"}},"wdio_ui5_key":"applicationmanagehandovers-display-component---AddNewHO--popup-sa"}]}
RESULT: {"script":"<script> [1562 bytes]","args":[{"selector":{"id":"application-managehandovers-display-component---AddNewHO--popup-sa","searchOpenDialogs":true,"interaction":{"idSuffix":"CbBg"}},"wdio_ui5_key":"applicationmanagehandovers-display-component---AddNewHO--popup-sa"}]}
RESULT: undefined
COMMAND: POST /session/3fbb5aa961da27feb6cf7ecb004886db/element - {"using":"xpath","value":"//*[@id=\"application-managehandovers-display-component---AddNewHO--popup-sa\"]"}
RESULT: {"using":"xpath","value":"//*[@id=\"application-managehandovers-display-component---AddNewHO--popup-sa\"]"}
COMMAND: POST /session/3fbb5aa961da27feb6cf7ecb004886db/element/f.0763987BF21D2E15D38664A642A1837D.d.247016B051F107FE54680E279F398579.e.14345/click - {}
RESULT: {}
COMMAND: GET /session/3fbb5aa961da27feb6cf7ecb004886db/screenshot - {}
RESULT: {}
COMMAND: POST /session/3fbb5aa961da27feb6cf7ecb004886db/element - {"using":"xpath","value":"//bdi[contains(text(), \"Select\")]"}
RESULT: {"using":"xpath","value":"//bdi[contains(text(), \"Select\")]"}
COMMAND: POST /session/3fbb5aa961da27feb6cf7ecb004886db/element/f.0763987BF21D2E15D38664A642A1837D.d.247016B051F107FE54680E279F398579.e.14346/click - {}
RESULT: {}
COMMAND: GET /session/3fbb5aa961da27feb6cf7ecb004886db/screenshot - {}
RESULT: {}
COMMAND: POST /session/3fbb5aa961da27feb6cf7ecb004886db/element - {"using":"xpath","value":"//button[@data-kt=\"AddNewHOSaveButton\"]"}
RESULT: {"using":"xpath","value":"//button[@data-kt=\"AddNewHOSaveButton\"]"}
COMMAND: POST /session/3fbb5aa961da27feb6cf7ecb004886db/element/f.0763987BF21D2E15D38664A642A1837D.d.247016B051F107FE54680E279F398579.e.14350/click - {}
RESULT: {}
COMMAND: GET /session/3fbb5aa961da27feb6cf7ecb004886db/screenshot - {}
RESULT: {}
COMMAND: POST /session/3fbb5aa961da27feb6cf7ecb004886db/execute/async - {"script":"<script> [1562 bytes]","args":[{"selector":{"id":"receiptDatePicker","viewName":"etm.portal.ui.managehandovers.view.DetailExecuteHO","interaction":{"idSuffix":"inner"}},"wdio_ui5_key":"receiptDatePickeretmportal.ui.managehandovers.view.DetailExecuteHO"}]}
RESULT: {"script":"<script> [1562 bytes]","args":[{"selector":{"id":"receiptDatePicker","viewName":"etm.portal.ui.managehandovers.view.DetailExecuteHO","interaction":{"idSuffix":"inner"}},"wdio_ui5_key":"receiptDatePickeretmportal.ui.managehandovers.view.DetailExecuteHO"}]}
RESULT: undefined
COMMAND: POST /session/3fbb5aa961da27feb6cf7ecb004886db/execute/async - {"script":"<script> [6424 bytes]","args":[{"element-6066-11e4-a52e-4f735466cecf":"f.0763987BF21D2E15D38664A642A1837D.d.247016B051F107FE54680E279F398579.e.14380"},"setValue",["04/17/2025"]]}
RESULT: {"script":"<script> [6424 bytes]","args":[{"element-6066-11e4-a52e-4f735466cecf":"f.0763987BF21D2E15D38664A642A1837D.d.247016B051F107FE54680E279F398579.e.14380"},"setValue",["04/17/2025"]]}
COMMAND: POST /session/3fbb5aa961da27feb6cf7ecb004886db/element - {"using":"xpath","value":"//button[@data-kt=\"PickingTableConfirmAllButton\"]"}
RESULT: {"using":"xpath","value":"//button[@data-kt=\"PickingTableConfirmAllButton\"]"}
COMMAND: POST /session/3fbb5aa961da27feb6cf7ecb004886db/element/f.0763987BF21D2E15D38664A642A1837D.d.247016B051F107FE54680E279F398579.e.14396/click - {}
RESULT: {}
COMMAND: GET /session/3fbb5aa961da27feb6cf7ecb004886db/screenshot - {}
RESULT: {}
COMMAND: POST /session/3fbb5aa961da27feb6cf7ecb004886db/element - {"using":"xpath","value":"//bdi[contains(text(), \"OK\")]"}
RESULT: {"using":"xpath","value":"//bdi[contains(text(), \"OK\")]"}
COMMAND: POST /session/3fbb5aa961da27feb6cf7ecb004886db/element/f.0763987BF21D2E15D38664A642A1837D.d.247016B051F107FE54680E279F398579.e.14398/click - {}
RESULT: {}
COMMAND: GET /session/3fbb5aa961da27feb6cf7ecb004886db/screenshot - {}
RESULT: {}
COMMAND: POST /session/3fbb5aa961da27feb6cf7ecb004886db/element - {"using":"xpath","value":"(//bdi[contains(text(), \"Receive\")])[2]"}
RESULT: {"using":"xpath","value":"(//bdi[contains(text(), \"Receive\")])[2]"}
COMMAND: POST /session/3fbb5aa961da27feb6cf7ecb004886db/element/f.0763987BF21D2E15D38664A642A1837D.d.247016B051F107FE54680E279F398579.e.14400/click - {}
RESULT: {}
COMMAND: GET /session/3fbb5aa961da27feb6cf7ecb004886db/screenshot - {}
RESULT: {}
COMMAND: POST /session/3fbb5aa961da27feb6cf7ecb004886db/element - {"using":"css selector","value":"#shell-header-logo"}
RESULT: {"using":"css selector","value":"#shell-header-logo"}
COMMAND: POST /session/3fbb5aa961da27feb6cf7ecb004886db/element/f.0763987BF21D2E15D38664A642A1837D.d.247016B051F107FE54680E279F398579.e.13831/click - {}
RESULT: {}
COMMAND: GET /session/3fbb5aa961da27feb6cf7ecb004886db/screenshot - {}
RESULT: {}
]]></system-out>
    </testcase>
    <testcase classname="chrome.135_0_7049_42.windows.Billing_transfer_US117289" name="Should create a new contract" time="70.884">
      <system-out><![CDATA[
COMMAND: POST /session/3fbb5aa961da27feb6cf7ecb004886db/execute/async - {"script":"<script> [1562 bytes]","args":[{"selector":{"controlType":"sap.m.Text","viewName":"etm.portal.ui.managecontractstile.view.Master","properties":{"text":"Manage Contracts"},"interaction":{"idSuffix":"inner"}},"wdio_ui5_key":"etmportal.ui.managecontractstile.view.Mastersap.m.Text{\"text\":\"Manage Contracts\"}"}]}
RESULT: {"script":"<script> [1562 bytes]","args":[{"selector":{"controlType":"sap.m.Text","viewName":"etm.portal.ui.managecontractstile.view.Master","properties":{"text":"Manage Contracts"},"interaction":{"idSuffix":"inner"}},"wdio_ui5_key":"etmportal.ui.managecontractstile.view.Mastersap.m.Text{\"text\":\"Manage Contracts\"}"}]}
RESULT: undefined
COMMAND: POST /session/3fbb5aa961da27feb6cf7ecb004886db/element - {"using":"xpath","value":"//*[@id=\"__tile132-title\"]"}
RESULT: {"using":"xpath","value":"//*[@id=\"__tile132-title\"]"}
COMMAND: POST /session/3fbb5aa961da27feb6cf7ecb004886db/element/f.0763987BF21D2E15D38664A642A1837D.d.247016B051F107FE54680E279F398579.e.14573/click - {}
RESULT: {}
COMMAND: GET /session/3fbb5aa961da27feb6cf7ecb004886db/screenshot - {}
COMMAND: POST /session/3fbb5aa961da27feb6cf7ecb004886db/element - {"using":"xpath","value":"//button[@data-kt=\"addButton\"]"}
RESULT: undefined
RESULT: undefined
RESULT: {}
RESULT: {"using":"xpath","value":"//button[@data-kt=\"addButton\"]"}
COMMAND: POST /session/3fbb5aa961da27feb6cf7ecb004886db/elements - {"using":"xpath","value":"//button[@data-kt=\"addButton\"]"}
RESULT: {"using":"xpath","value":"//button[@data-kt=\"addButton\"]"}
COMMAND: POST /session/3fbb5aa961da27feb6cf7ecb004886db/execute/sync - {"script":"<script> [8489 bytes]","args":[{"element-6066-11e4-a52e-4f735466cecf":"f.0763987BF21D2E15D38664A642A1837D.d.247016B051F107FE54680E279F398579.e.14642","ELEMENT":"f.0763987BF21D2E15D38664A642A1837D.d.247016B051F107FE54680E279F398579.e.14642"}]}
RESULT: {"script":"<script> [8489 bytes]","args":[{"element-6066-11e4-a52e-4f735466cecf":"f.0763987BF21D2E15D38664A642A1837D.d.247016B051F107FE54680E279F398579.e.14642","ELEMENT":"f.0763987BF21D2E15D38664A642A1837D.d.247016B051F107FE54680E279F398579.e.14642"}]}
COMMAND: GET /session/3fbb5aa961da27feb6cf7ecb004886db/element/f.0763987BF21D2E15D38664A642A1837D.d.247016B051F107FE54680E279F398579.e.14642/enabled - {}
COMMAND: GET /session/3fbb5aa961da27feb6cf7ecb004886db/screenshot - {}
RESULT: {}
COMMAND: POST /session/3fbb5aa961da27feb6cf7ecb004886db/execute/sync - {"script":"<script> [8489 bytes]","args":[{"element-6066-11e4-a52e-4f735466cecf":"f.0763987BF21D2E15D38664A642A1837D.d.247016B051F107FE54680E279F398579.e.14642","ELEMENT":"f.0763987BF21D2E15D38664A642A1837D.d.247016B051F107FE54680E279F398579.e.14642"}]}
COMMAND: GET /session/3fbb5aa961da27feb6cf7ecb004886db/screenshot - {}
RESULT: {}
RESULT: {"script":"<script> [8489 bytes]","args":[{"element-6066-11e4-a52e-4f735466cecf":"f.0763987BF21D2E15D38664A642A1837D.d.247016B051F107FE54680E279F398579.e.14642","ELEMENT":"f.0763987BF21D2E15D38664A642A1837D.d.247016B051F107FE54680E279F398579.e.14642"}]}
COMMAND: POST /session/3fbb5aa961da27feb6cf7ecb004886db/execute/sync - {"script":"<script> [5351 bytes]","args":[{"element-6066-11e4-a52e-4f735466cecf":"f.0763987BF21D2E15D38664A642A1837D.d.247016B051F107FE54680E279F398579.e.14642","ELEMENT":"f.0763987BF21D2E15D38664A642A1837D.d.247016B051F107FE54680E279F398579.e.14642"}]}
COMMAND: GET /session/3fbb5aa961da27feb6cf7ecb004886db/screenshot - {}
RESULT: {}
RESULT: {"script":"<script> [5351 bytes]","args":[{"element-6066-11e4-a52e-4f735466cecf":"f.0763987BF21D2E15D38664A642A1837D.d.247016B051F107FE54680E279F398579.e.14642","ELEMENT":"f.0763987BF21D2E15D38664A642A1837D.d.247016B051F107FE54680E279F398579.e.14642"}]}
COMMAND: GET /session/3fbb5aa961da27feb6cf7ecb004886db/screenshot - {}
RESULT: {}
RESULT: {}
COMMAND: POST /session/3fbb5aa961da27feb6cf7ecb004886db/element/f.0763987BF21D2E15D38664A642A1837D.d.247016B051F107FE54680E279F398579.e.14642/click - {}
RESULT: {}
COMMAND: GET /session/3fbb5aa961da27feb6cf7ecb004886db/screenshot - {}
COMMAND: POST /session/3fbb5aa961da27feb6cf7ecb004886db/execute/async - {"script":"<script> [1562 bytes]","args":[{"selector":{"id":"application-managecontracts-display-component---AddNewContract--projectDescription","interaction":{"idSuffix":"inner"}},"wdio_ui5_key":"applicationmanagecontracts-display-component---AddNewContract--projectDescription"}]}
RESULT: {}
RESULT: {"script":"<script> [1562 bytes]","args":[{"selector":{"id":"application-managecontracts-display-component---AddNewContract--projectDescription","interaction":{"idSuffix":"inner"}},"wdio_ui5_key":"applicationmanagecontracts-display-component---AddNewContract--projectDescription"}]}
RESULT: undefined
COMMAND: POST /session/3fbb5aa961da27feb6cf7ecb004886db/execute/async - {"script":"<script> [776 bytes]","args":[{"enterText":"Contract WDIO","selector":{"id":"application-managecontracts-display-component---AddNewContract--projectDescription","interaction":{"idSuffix":"inner"}},"clearTextFirst":true,"interactionType":"ENTER_TEXT"}]}
RESULT: {"script":"<script> [776 bytes]","args":[{"enterText":"Contract WDIO","selector":{"id":"application-managecontracts-display-component---AddNewContract--projectDescription","interaction":{"idSuffix":"inner"}},"clearTextFirst":true,"interactionType":"ENTER_TEXT"}]}
COMMAND: POST /session/3fbb5aa961da27feb6cf7ecb004886db/element - {"using":"xpath","value":"//input[@id=\"application-managecontracts-display-component---AddNewContract--site-inner\"]"}
RESULT: {"using":"xpath","value":"//input[@id=\"application-managecontracts-display-component---AddNewContract--site-inner\"]"}
COMMAND: POST /session/3fbb5aa961da27feb6cf7ecb004886db/element/f.0763987BF21D2E15D38664A642A1837D.d.247016B051F107FE54680E279F398579.e.14971/clear - {}
RESULT: {}
COMMAND: POST /session/3fbb5aa961da27feb6cf7ecb004886db/element/f.0763987BF21D2E15D38664A642A1837D.d.247016B051F107FE54680E279F398579.e.14971/value - {"text":"2295"}
COMMAND: GET /session/3fbb5aa961da27feb6cf7ecb004886db/screenshot - {}
RESULT: {"text":"2295"}
COMMAND: GET /session/3fbb5aa961da27feb6cf7ecb004886db/screenshot - {}
RESULT: {}
RESULT: {}
COMMAND: POST /session/3fbb5aa961da27feb6cf7ecb004886db/element - {"using":"xpath","value":"//li[.//span[text()='2295']]"}
RESULT: {"using":"xpath","value":"//li[.//span[text()='2295']]"}
COMMAND: POST /session/3fbb5aa961da27feb6cf7ecb004886db/element/f.0763987BF21D2E15D38664A642A1837D.d.247016B051F107FE54680E279F398579.e.14993/click - {}
RESULT: {}
COMMAND: GET /session/3fbb5aa961da27feb6cf7ecb004886db/screenshot - {}
RESULT: {}
COMMAND: POST /session/3fbb5aa961da27feb6cf7ecb004886db/element - {"using":"xpath","value":"//input[@id=\"application-managecontracts-display-component---AddNewContract--yardId-inner\"]"}
RESULT: {"using":"xpath","value":"//input[@id=\"application-managecontracts-display-component---AddNewContract--yardId-inner\"]"}
COMMAND: GET /session/3fbb5aa961da27feb6cf7ecb004886db/element/f.0763987BF21D2E15D38664A642A1837D.d.247016B051F107FE54680E279F398579.e.14972/property/value - {}
RESULT: {}
COMMAND: POST /session/3fbb5aa961da27feb6cf7ecb004886db/element - {"using":"xpath","value":"//input[@id=\"application-managecontracts-display-component---AddNewContract--customerSelect-inner\"]"}
COMMAND: GET /session/3fbb5aa961da27feb6cf7ecb004886db/screenshot - {}
RESULT: {"using":"xpath","value":"//input[@id=\"application-managecontracts-display-component---AddNewContract--customerSelect-inner\"]"}
COMMAND: POST /session/3fbb5aa961da27feb6cf7ecb004886db/element/f.0763987BF21D2E15D38664A642A1837D.d.247016B051F107FE54680E279F398579.e.14970/clear - {}
RESULT: {}
RESULT: {}
COMMAND: POST /session/3fbb5aa961da27feb6cf7ecb004886db/element/f.0763987BF21D2E15D38664A642A1837D.d.247016B051F107FE54680E279F398579.e.14970/value - {"text":"1334"}
COMMAND: GET /session/3fbb5aa961da27feb6cf7ecb004886db/screenshot - {}
RESULT: {"text":"1334"}
COMMAND: GET /session/3fbb5aa961da27feb6cf7ecb004886db/screenshot - {}
RESULT: {}
RESULT: {}
COMMAND: POST /session/3fbb5aa961da27feb6cf7ecb004886db/element - {"using":"xpath","value":"//li[.//span[text()='1334']]"}
RESULT: {"using":"xpath","value":"//li[.//span[text()='1334']]"}
COMMAND: POST /session/3fbb5aa961da27feb6cf7ecb004886db/element/f.0763987BF21D2E15D38664A642A1837D.d.247016B051F107FE54680E279F398579.e.14996/click - {}
RESULT: {}
COMMAND: GET /session/3fbb5aa961da27feb6cf7ecb004886db/screenshot - {}
RESULT: {}
COMMAND: POST /session/3fbb5aa961da27feb6cf7ecb004886db/element - {"using":"xpath","value":"//button[@data-kt=\"saveButton\"]"}
RESULT: {"using":"xpath","value":"//button[@data-kt=\"saveButton\"]"}
COMMAND: POST /session/3fbb5aa961da27feb6cf7ecb004886db/element/f.0763987BF21D2E15D38664A642A1837D.d.247016B051F107FE54680E279F398579.e.14986/click - {}
RESULT: {}
COMMAND: GET /session/3fbb5aa961da27feb6cf7ecb004886db/screenshot - {}
RESULT: {}
COMMAND: POST /session/3fbb5aa961da27feb6cf7ecb004886db/element - {"using":"xpath","value":"//span[contains(@id ,\"contractDetailTitleNoExpanded\")]"}
RESULT: {"using":"xpath","value":"//span[contains(@id ,\"contractDetailTitleNoExpanded\")]"}
COMMAND: POST /session/3fbb5aa961da27feb6cf7ecb004886db/elements - {"using":"xpath","value":"//span[contains(@id ,\"contractDetailTitleNoExpanded\")]"}
RESULT: {"using":"xpath","value":"//span[contains(@id ,\"contractDetailTitleNoExpanded\")]"}
COMMAND: POST /session/3fbb5aa961da27feb6cf7ecb004886db/execute/sync - {"script":"<script> [56 bytes]","args":[{"element-6066-11e4-a52e-4f735466cecf":"f.0763987BF21D2E15D38664A642A1837D.d.247016B051F107FE54680E279F398579.e.15012","ELEMENT":"f.0763987BF21D2E15D38664A642A1837D.d.247016B051F107FE54680E279F398579.e.15012"}]}
RESULT: {"script":"<script> [56 bytes]","args":[{"element-6066-11e4-a52e-4f735466cecf":"f.0763987BF21D2E15D38664A642A1837D.d.247016B051F107FE54680E279F398579.e.15012","ELEMENT":"f.0763987BF21D2E15D38664A642A1837D.d.247016B051F107FE54680E279F398579.e.15012"}]}
COMMAND: GET /session/3fbb5aa961da27feb6cf7ecb004886db/screenshot - {}
RESULT: {}
]]></system-out>
    </testcase>
    <testcase classname="chrome.135_0_7049_42.windows.Billing_transfer_US117289" name="Should add created equipment to contract" time="40.875">
      <system-out><![CDATA[
COMMAND: POST /session/3fbb5aa961da27feb6cf7ecb004886db/element - {"using":"xpath","value":"//button[@data-kt=\"contractDetailEditBtnButton\"]"}
RESULT: {"using":"xpath","value":"//button[@data-kt=\"contractDetailEditBtnButton\"]"}
COMMAND: POST /session/3fbb5aa961da27feb6cf7ecb004886db/element/f.0763987BF21D2E15D38664A642A1837D.d.247016B051F107FE54680E279F398579.e.15014/click - {}
RESULT: {}
COMMAND: GET /session/3fbb5aa961da27feb6cf7ecb004886db/screenshot - {}
RESULT: {}
COMMAND: POST /session/3fbb5aa961da27feb6cf7ecb004886db/element - {"using":"xpath","value":"(//span[contains(text(), \"Additional Addresses\")])[2]"}
RESULT: {"using":"xpath","value":"(//span[contains(text(), \"Additional Addresses\")])[2]"}
COMMAND: POST /session/3fbb5aa961da27feb6cf7ecb004886db/element/f.0763987BF21D2E15D38664A642A1837D.d.247016B051F107FE54680E279F398579.e.15070/click - {}
RESULT: {}
COMMAND: GET /session/3fbb5aa961da27feb6cf7ecb004886db/screenshot - {}
RESULT: {}
COMMAND: POST /session/3fbb5aa961da27feb6cf7ecb004886db/element - {"using":"xpath","value":"//button[@data-kt=\"btnAddTableRowOverflowToolbarButton\"]"}
RESULT: {"using":"xpath","value":"//button[@data-kt=\"btnAddTableRowOverflowToolbarButton\"]"}
COMMAND: POST /session/3fbb5aa961da27feb6cf7ecb004886db/element/f.0763987BF21D2E15D38664A642A1837D.d.247016B051F107FE54680E279F398579.e.15072/click - {}
RESULT: {}
COMMAND: GET /session/3fbb5aa961da27feb6cf7ecb004886db/screenshot - {}
RESULT: {}
COMMAND: POST /session/3fbb5aa961da27feb6cf7ecb004886db/element - {"using":"xpath","value":"//div[(text() = 'Standard Entry' or . = 'Standard Entry')]"}
RESULT: {"using":"xpath","value":"//div[(text() = 'Standard Entry' or . = 'Standard Entry')]"}
COMMAND: POST /session/3fbb5aa961da27feb6cf7ecb004886db/element/f.0763987BF21D2E15D38664A642A1837D.d.247016B051F107FE54680E279F398579.e.15074/click - {}
RESULT: {}
COMMAND: GET /session/3fbb5aa961da27feb6cf7ecb004886db/screenshot - {}
RESULT: {}
COMMAND: POST /session/3fbb5aa961da27feb6cf7ecb004886db/element - {"using":"xpath","value":"//td[7]/div/div/input"}
RESULT: {"using":"xpath","value":"//td[7]/div/div/input"}
COMMAND: POST /session/3fbb5aa961da27feb6cf7ecb004886db/element/f.0763987BF21D2E15D38664A642A1837D.d.247016B051F107FE54680E279F398579.e.15083/clear - {}
RESULT: {}
COMMAND: POST /session/3fbb5aa961da27feb6cf7ecb004886db/element/f.0763987BF21D2E15D38664A642A1837D.d.247016B051F107FE54680E279F398579.e.15083/value - {"text":"EMSou6ZXVJ"}
COMMAND: GET /session/3fbb5aa961da27feb6cf7ecb004886db/screenshot - {}
RESULT: {"text":"EMSou6ZXVJ"}
COMMAND: GET /session/3fbb5aa961da27feb6cf7ecb004886db/screenshot - {}
RESULT: {}
RESULT: {}
COMMAND: POST /session/3fbb5aa961da27feb6cf7ecb004886db/actions - {"actions":[{"id":"action52","type":"key","parameters":{},"actions":[{"type":"keyDown","value":""},{"type":"pause","duration":10},{"type":"keyUp","value":""}]}]}
RESULT: {"actions":[{"id":"action52","type":"key","parameters":{},"actions":[{"type":"keyDown","value":""},{"type":"pause","duration":10},{"type":"keyUp","value":""}]}]}
COMMAND: GET /session/3fbb5aa961da27feb6cf7ecb004886db/screenshot - {}
RESULT: {}
COMMAND: POST /session/3fbb5aa961da27feb6cf7ecb004886db/element - {"using":"xpath","value":"(//button[@data-kt=\"saveButton\"])[2]"}
RESULT: {"using":"xpath","value":"(//button[@data-kt=\"saveButton\"])[2]"}
COMMAND: POST /session/3fbb5aa961da27feb6cf7ecb004886db/element/f.0763987BF21D2E15D38664A642A1837D.d.247016B051F107FE54680E279F398579.e.15098/click - {}
RESULT: {}
COMMAND: GET /session/3fbb5aa961da27feb6cf7ecb004886db/screenshot - {}
RESULT: {}
COMMAND: POST /session/3fbb5aa961da27feb6cf7ecb004886db/element - {"using":"xpath","value":"//span[contains(@id ,\"contractItemsSmartTable-header-inner\")]"}
RESULT: {"using":"xpath","value":"//span[contains(@id ,\"contractItemsSmartTable-header-inner\")]"}
COMMAND: POST /session/3fbb5aa961da27feb6cf7ecb004886db/elements - {"using":"xpath","value":"//span[contains(@id ,\"contractItemsSmartTable-header-inner\")]"}
RESULT: {"using":"xpath","value":"//span[contains(@id ,\"contractItemsSmartTable-header-inner\")]"}
COMMAND: POST /session/3fbb5aa961da27feb6cf7ecb004886db/execute/sync - {"script":"<script> [56 bytes]","args":[{"element-6066-11e4-a52e-4f735466cecf":"f.0763987BF21D2E15D38664A642A1837D.d.247016B051F107FE54680E279F398579.e.15103","ELEMENT":"f.0763987BF21D2E15D38664A642A1837D.d.247016B051F107FE54680E279F398579.e.15103"}]}
RESULT: {"script":"<script> [56 bytes]","args":[{"element-6066-11e4-a52e-4f735466cecf":"f.0763987BF21D2E15D38664A642A1837D.d.247016B051F107FE54680E279F398579.e.15103","ELEMENT":"f.0763987BF21D2E15D38664A642A1837D.d.247016B051F107FE54680E279F398579.e.15103"}]}
COMMAND: GET /session/3fbb5aa961da27feb6cf7ecb004886db/screenshot - {}
]]></system-out>
    </testcase>
    <testcase classname="chrome.135_0_7049_42.windows.Billing_transfer_US117289" name="Should do a provide to site handover" time="70.236">
      <system-out><![CDATA[
COMMAND: POST /session/3fbb5aa961da27feb6cf7ecb004886db/element - {"using":"xpath","value":"//button[@data-kt=\"provideButton\"]"}
RESULT: {}
RESULT: {"using":"xpath","value":"//button[@data-kt=\"provideButton\"]"}
COMMAND: POST /session/3fbb5aa961da27feb6cf7ecb004886db/element/f.0763987BF21D2E15D38664A642A1837D.d.247016B051F107FE54680E279F398579.e.15105/click - {}
RESULT: {}
COMMAND: GET /session/3fbb5aa961da27feb6cf7ecb004886db/screenshot - {}
RESULT: {}
RESULT: undefined
COMMAND: POST /session/3fbb5aa961da27feb6cf7ecb004886db/execute/async - {"script":"<script> [6424 bytes]","args":[{"element-6066-11e4-a52e-4f735466cecf":"f.0763987BF21D2E15D38664A642A1837D.d.247016B051F107FE54680E279F398579.e.14167"},"setValue",["04/17/2025"]]}
COMMAND: POST /session/3fbb5aa961da27feb6cf7ecb004886db/execute/async - {"script":"<script> [1562 bytes]","args":[{"selector":{"id":"application-managehandovers-display-component---AddNewHO--dueDate","interaction":{"idSuffix":"inner"}},"wdio_ui5_key":"applicationmanagehandovers-display-component---AddNewHO--dueDate"}]}
RESULT: {"script":"<script> [1562 bytes]","args":[{"selector":{"id":"application-managehandovers-display-component---AddNewHO--dueDate","interaction":{"idSuffix":"inner"}},"wdio_ui5_key":"applicationmanagehandovers-display-component---AddNewHO--dueDate"}]}
COMMAND: POST /session/3fbb5aa961da27feb6cf7ecb004886db/execute/async - {"script":"<script> [6424 bytes]","args":[{"element-6066-11e4-a52e-4f735466cecf":"f.0763987BF21D2E15D38664A642A1837D.d.247016B051F107FE54680E279F398579.e.15177"},"setValue",["04/17/2025"]]}
RESULT: {"script":"<script> [6424 bytes]","args":[{"element-6066-11e4-a52e-4f735466cecf":"f.0763987BF21D2E15D38664A642A1837D.d.247016B051F107FE54680E279F398579.e.15177"},"setValue",["04/17/2025"]]}
COMMAND: POST /session/3fbb5aa961da27feb6cf7ecb004886db/element - {"using":"xpath","value":"//bdi[contains(text(), \"Instructions\")]"}
RESULT: {"using":"xpath","value":"//bdi[contains(text(), \"Instructions\")]"}
COMMAND: POST /session/3fbb5aa961da27feb6cf7ecb004886db/element/f.0763987BF21D2E15D38664A642A1837D.d.247016B051F107FE54680E279F398579.e.15413/click - {}
RESULT: {}
COMMAND: GET /session/3fbb5aa961da27feb6cf7ecb004886db/screenshot - {}
RESULT: {}
COMMAND: POST /session/3fbb5aa961da27feb6cf7ecb004886db/element - {"using":"xpath","value":"//button[@data-kt=\"AddNewHOProvideAddItemsButton\"]"}
RESULT: {"using":"xpath","value":"//button[@data-kt=\"AddNewHOProvideAddItemsButton\"]"}
COMMAND: POST /session/3fbb5aa961da27feb6cf7ecb004886db/element/f.0763987BF21D2E15D38664A642A1837D.d.247016B051F107FE54680E279F398579.e.15417/click - {}
RESULT: {}
COMMAND: GET /session/3fbb5aa961da27feb6cf7ecb004886db/screenshot - {}
RESULT: {}
RESULT: undefined
COMMAND: POST /session/3fbb5aa961da27feb6cf7ecb004886db/element - {"using":"xpath","value":"//*[@id=\"application-managehandovers-display-component---AddNewHO--popup-sa\"]"}
RESULT: {"using":"xpath","value":"//*[@id=\"application-managehandovers-display-component---AddNewHO--popup-sa\"]"}
COMMAND: POST /session/3fbb5aa961da27feb6cf7ecb004886db/element/f.0763987BF21D2E15D38664A642A1837D.d.247016B051F107FE54680E279F398579.e.15427/click - {}
RESULT: {}
COMMAND: GET /session/3fbb5aa961da27feb6cf7ecb004886db/screenshot - {}
RESULT: {}
COMMAND: POST /session/3fbb5aa961da27feb6cf7ecb004886db/element - {"using":"xpath","value":"//*[contains(@id ,\"BDI-content\")][contains(text(), \"Select\")]"}
RESULT: {"using":"xpath","value":"//*[contains(@id ,\"BDI-content\")][contains(text(), \"Select\")]"}
COMMAND: POST /session/3fbb5aa961da27feb6cf7ecb004886db/element/f.0763987BF21D2E15D38664A642A1837D.d.247016B051F107FE54680E279F398579.e.15428/click - {}
RESULT: {}
COMMAND: GET /session/3fbb5aa961da27feb6cf7ecb004886db/screenshot - {}
RESULT: {}
COMMAND: POST /session/3fbb5aa961da27feb6cf7ecb004886db/execute/async - {"script":"<script> [1562 bytes]","args":[{"selector":{"id":"application-managehandovers-display-component---AddNewHO--confirmCreationButton","interaction":{"idSuffix":"BDI-content"}},"wdio_ui5_key":"applicationmanagehandovers-display-component---AddNewHO--confirmCreationButton"}]}
RESULT: {"script":"<script> [1562 bytes]","args":[{"selector":{"id":"application-managehandovers-display-component---AddNewHO--confirmCreationButton","interaction":{"idSuffix":"BDI-content"}},"wdio_ui5_key":"applicationmanagehandovers-display-component---AddNewHO--confirmCreationButton"}]}
RESULT: undefined
COMMAND: POST /session/3fbb5aa961da27feb6cf7ecb004886db/element - {"using":"xpath","value":"//*[@id=\"application-managehandovers-display-component---AddNewHO--confirmCreationButton\"]"}
RESULT: {"using":"xpath","value":"//*[@id=\"application-managehandovers-display-component---AddNewHO--confirmCreationButton\"]"}
COMMAND: POST /session/3fbb5aa961da27feb6cf7ecb004886db/element/f.0763987BF21D2E15D38664A642A1837D.d.247016B051F107FE54680E279F398579.e.15223/click - {}
RESULT: {}
COMMAND: GET /session/3fbb5aa961da27feb6cf7ecb004886db/screenshot - {}
COMMAND: POST /session/3fbb5aa961da27feb6cf7ecb004886db/element - {"using":"xpath","value":"//button[@data-kt=\"PickingTableConfirmAllButton\"]"}
RESULT: {}
RESULT: {"using":"xpath","value":"//button[@data-kt=\"PickingTableConfirmAllButton\"]"}
COMMAND: POST /session/3fbb5aa961da27feb6cf7ecb004886db/elements - {"using":"xpath","value":"//button[@data-kt=\"PickingTableConfirmAllButton\"]"}
RESULT: {"using":"xpath","value":"//button[@data-kt=\"PickingTableConfirmAllButton\"]"}
COMMAND: POST /session/3fbb5aa961da27feb6cf7ecb004886db/elements - {"using":"xpath","value":"//button[@data-kt=\"PickingTableConfirmAllButton\"]"}
RESULT: {"using":"xpath","value":"//button[@data-kt=\"PickingTableConfirmAllButton\"]"}
COMMAND: POST /session/3fbb5aa961da27feb6cf7ecb004886db/element - {"using":"xpath","value":"//button[@data-kt=\"PickingTableConfirmAllButton\"]"}
RESULT: {"using":"xpath","value":"//button[@data-kt=\"PickingTableConfirmAllButton\"]"}
COMMAND: POST /session/3fbb5aa961da27feb6cf7ecb004886db/element/f.0763987BF21D2E15D38664A642A1837D.d.247016B051F107FE54680E279F398579.e.15485/click - {}
RESULT: {}
COMMAND: GET /session/3fbb5aa961da27feb6cf7ecb004886db/screenshot - {}
RESULT: {}
COMMAND: POST /session/3fbb5aa961da27feb6cf7ecb004886db/element - {"using":"xpath","value":"//bdi[contains(text(), \"OK\")]"}
RESULT: {"using":"xpath","value":"//bdi[contains(text(), \"OK\")]"}
COMMAND: POST /session/3fbb5aa961da27feb6cf7ecb004886db/element/f.0763987BF21D2E15D38664A642A1837D.d.247016B051F107FE54680E279F398579.e.15488/click - {}
RESULT: {}
COMMAND: GET /session/3fbb5aa961da27feb6cf7ecb004886db/screenshot - {}
RESULT: {}
COMMAND: POST /session/3fbb5aa961da27feb6cf7ecb004886db/element - {"using":"xpath","value":"//bdi[contains(text(), \"Issue\")]"}
RESULT: {"using":"xpath","value":"//bdi[contains(text(), \"Issue\")]"}
COMMAND: POST /session/3fbb5aa961da27feb6cf7ecb004886db/element/f.0763987BF21D2E15D38664A642A1837D.d.247016B051F107FE54680E279F398579.e.15489/click - {}
RESULT: {}
COMMAND: GET /session/3fbb5aa961da27feb6cf7ecb004886db/screenshot - {}
RESULT: {}
COMMAND: POST /session/3fbb5aa961da27feb6cf7ecb004886db/element - {"using":"css selector","value":"#shell-header-logo"}
RESULT: {"using":"css selector","value":"#shell-header-logo"}
COMMAND: POST /session/3fbb5aa961da27feb6cf7ecb004886db/element/f.0763987BF21D2E15D38664A642A1837D.d.247016B051F107FE54680E279F398579.e.14576/click - {}
RESULT: {}
COMMAND: GET /session/3fbb5aa961da27feb6cf7ecb004886db/screenshot - {}
RESULT: {}
]]></system-out>
    </testcase>
    <testcase classname="chrome.135_0_7049_42.windows.Billing_transfer_US117289" name="Should navigate to Manage Billings and trigger contract calculation business confirm it" time="59.483">
      <system-out><![CDATA[
COMMAND: POST /session/3fbb5aa961da27feb6cf7ecb004886db/execute/async - {"script":"<script> [1562 bytes]","args":[{"selector":{"controlType":"sap.m.GenericTile","properties":{"header":"Manage Billings"}},"wdio_ui5_key":"sapm.GenericTile{\"header\":\"Manage Billings\"}"}]}
RESULT: {"script":"<script> [1562 bytes]","args":[{"selector":{"controlType":"sap.m.GenericTile","properties":{"header":"Manage Billings"}},"wdio_ui5_key":"sapm.GenericTile{\"header\":\"Manage Billings\"}"}]}
RESULT: undefined
COMMAND: POST /session/3fbb5aa961da27feb6cf7ecb004886db/element - {"using":"xpath","value":"//*[@id=\"__tile51\"]"}
RESULT: {"using":"xpath","value":"//*[@id=\"__tile51\"]"}
COMMAND: POST /session/3fbb5aa961da27feb6cf7ecb004886db/element/f.0763987BF21D2E15D38664A642A1837D.d.247016B051F107FE54680E279F398579.e.12599/click - {}
RESULT: {}
COMMAND: GET /session/3fbb5aa961da27feb6cf7ecb004886db/screenshot - {}
COMMAND: POST /session/3fbb5aa961da27feb6cf7ecb004886db/execute/async - {"script":"<script> [1562 bytes]","args":[{"selector":{"id":"application-managebillings-display-component---billRunCalcResult--smartFilterBar-btnBasicSearch","interaction":{"idSuffix":"I"}},"wdio_ui5_key":"applicationmanagebillings-display-component---billRunCalcResult--smartFilterBar-btnBasicSearch"}]}
RESULT: {}
RESULT: {"script":"<script> [1562 bytes]","args":[{"selector":{"id":"application-managebillings-display-component---billRunCalcResult--smartFilterBar-btnBasicSearch","interaction":{"idSuffix":"I"}},"wdio_ui5_key":"applicationmanagebillings-display-component---billRunCalcResult--smartFilterBar-btnBasicSearch"}]}
RESULT: undefined
COMMAND: POST /session/3fbb5aa961da27feb6cf7ecb004886db/execute/async - {"script":"<script> [776 bytes]","args":[{"enterText":"10390","selector":{"id":"application-managebillings-display-component---billRunCalcResult--smartFilterBar-btnBasicSearch","interaction":{"idSuffix":"I"}},"clearTextFirst":true,"interactionType":"ENTER_TEXT"}]}
RESULT: {"script":"<script> [776 bytes]","args":[{"enterText":"10390","selector":{"id":"application-managebillings-display-component---billRunCalcResult--smartFilterBar-btnBasicSearch","interaction":{"idSuffix":"I"}},"clearTextFirst":true,"interactionType":"ENTER_TEXT"}]}
COMMAND: POST /session/3fbb5aa961da27feb6cf7ecb004886db/actions - {"actions":[{"id":"action53","type":"key","parameters":{},"actions":[{"type":"keyDown","value":""},{"type":"pause","duration":10},{"type":"keyUp","value":""}]}]}
RESULT: {"actions":[{"id":"action53","type":"key","parameters":{},"actions":[{"type":"keyDown","value":""},{"type":"pause","duration":10},{"type":"keyUp","value":""}]}]}
COMMAND: GET /session/3fbb5aa961da27feb6cf7ecb004886db/screenshot - {}
RESULT: {}
COMMAND: POST /session/3fbb5aa961da27feb6cf7ecb004886db/element - {"using":"xpath","value":"//td[@aria-colindex=\"1\"]/div/div[contains(@class, \"sapMCbBg\")]"}
RESULT: {"using":"xpath","value":"//td[@aria-colindex=\"1\"]/div/div[contains(@class, \"sapMCbBg\")]"}
COMMAND: POST /session/3fbb5aa961da27feb6cf7ecb004886db/element/f.0763987BF21D2E15D38664A642A1837D.d.247016B051F107FE54680E279F398579.e.15880/click - {}
RESULT: {}
COMMAND: GET /session/3fbb5aa961da27feb6cf7ecb004886db/screenshot - {}
RESULT: {}
COMMAND: POST /session/3fbb5aa961da27feb6cf7ecb004886db/execute/async - {"script":"<script> [1562 bytes]","args":[{"selector":{"id":"application-managebillings-display-component---billRunCalcResult--contractBillRunDate","interaction":{"idSuffix":"inner"}},"wdio_ui5_key":"applicationmanagebillings-display-component---billRunCalcResult--contractBillRunDate"}]}
RESULT: {"script":"<script> [1562 bytes]","args":[{"selector":{"id":"application-managebillings-display-component---billRunCalcResult--contractBillRunDate","interaction":{"idSuffix":"inner"}},"wdio_ui5_key":"applicationmanagebillings-display-component---billRunCalcResult--contractBillRunDate"}]}
RESULT: undefined
COMMAND: POST /session/3fbb5aa961da27feb6cf7ecb004886db/execute/async - {"script":"<script> [776 bytes]","args":[{"enterText":"05/17/25","selector":{"id":"application-managebillings-display-component---billRunCalcResult--contractBillRunDate","interaction":{"idSuffix":"inner"}},"clearTextFirst":true,"interactionType":"ENTER_TEXT"}]}
RESULT: {"script":"<script> [776 bytes]","args":[{"enterText":"05/17/25","selector":{"id":"application-managebillings-display-component---billRunCalcResult--contractBillRunDate","interaction":{"idSuffix":"inner"}},"clearTextFirst":true,"interactionType":"ENTER_TEXT"}]}
COMMAND: POST /session/3fbb5aa961da27feb6cf7ecb004886db/element - {"using":"xpath","value":"//bdi[contains(text(), \"Trigger Calculation\")]"}
RESULT: {"using":"xpath","value":"//bdi[contains(text(), \"Trigger Calculation\")]"}
COMMAND: POST /session/3fbb5aa961da27feb6cf7ecb004886db/element/f.0763987BF21D2E15D38664A642A1837D.d.247016B051F107FE54680E279F398579.e.15931/click - {}
RESULT: {}
COMMAND: GET /session/3fbb5aa961da27feb6cf7ecb004886db/screenshot - {}
RESULT: {}
COMMAND: POST /session/3fbb5aa961da27feb6cf7ecb004886db/element - {"using":"xpath","value":"(//span[contains(@id, \"imgNav\")])[1]"}
RESULT: {"using":"xpath","value":"(//span[contains(@id, \"imgNav\")])[1]"}
COMMAND: POST /session/3fbb5aa961da27feb6cf7ecb004886db/element/f.0763987BF21D2E15D38664A642A1837D.d.247016B051F107FE54680E279F398579.e.15881/click - {}
RESULT: {}
COMMAND: GET /session/3fbb5aa961da27feb6cf7ecb004886db/screenshot - {}
RESULT: {}
COMMAND: POST /session/3fbb5aa961da27feb6cf7ecb004886db/execute/async - {"script":"<script> [1562 bytes]","args":[{"selector":{"controlType":"sap.ui.core.Icon","viewName":"etm.portal.ui.managebillings.view.Master","viewId":"application-managebillings-display-component---billRunCalcResult","properties":{"src":{"regex":{"source":"slim\\-arrow\\-right"}}}},"wdio_ui5_key":"etmportal.ui.managebillings.view.Mastersap.ui.core.Icon{\"src\":{\"regex\":{\"source\":\"slim\\\\-arrow\\\\-right\"}}}"}]}
RESULT: {"script":"<script> [1562 bytes]","args":[{"selector":{"controlType":"sap.ui.core.Icon","viewName":"etm.portal.ui.managebillings.view.Master","viewId":"application-managebillings-display-component---billRunCalcResult","properties":{"src":{"regex":{"source":"slim\\-arrow\\-right"}}}},"wdio_ui5_key":"etmportal.ui.managebillings.view.Mastersap.ui.core.Icon{\"src\":{\"regex\":{\"source\":\"slim\\\\-arrow\\\\-right\"}}}"}]}
RESULT: undefined
COMMAND: POST /session/3fbb5aa961da27feb6cf7ecb004886db/element - {"using":"xpath","value":"//*[@id=\"__item2410-application-managebillings-display-component---billRunCalcResult--billingRunsTable-0-imgNav\"]"}
RESULT: {"using":"xpath","value":"//*[@id=\"__item2410-application-managebillings-display-component---billRunCalcResult--billingRunsTable-0-imgNav\"]"}
COMMAND: POST /session/3fbb5aa961da27feb6cf7ecb004886db/element/f.0763987BF21D2E15D38664A642A1837D.d.247016B051F107FE54680E279F398579.e.15936/click - {}
RESULT: {}
COMMAND: POST /session/3fbb5aa961da27feb6cf7ecb004886db/execute/async - {"script":"<script> [1562 bytes]","args":[{"selector":{"id":"application-managebillings-display-component---billRunCalcResult--btnConf","interaction":{"idSuffix":"BDI-content"}},"wdio_ui5_key":"applicationmanagebillings-display-component---billRunCalcResult--btnConf"}]}
COMMAND: GET /session/3fbb5aa961da27feb6cf7ecb004886db/screenshot - {}
RESULT: {"script":"<script> [1562 bytes]","args":[{"selector":{"id":"application-managebillings-display-component---billRunCalcResult--btnConf","interaction":{"idSuffix":"BDI-content"}},"wdio_ui5_key":"applicationmanagebillings-display-component---billRunCalcResult--btnConf"}]}
RESULT: undefined
COMMAND: POST /session/3fbb5aa961da27feb6cf7ecb004886db/element - {"using":"xpath","value":"//*[@id=\"application-managebillings-display-component---billRunCalcResult--btnConf\"]"}
RESULT: {}
RESULT: {"using":"xpath","value":"//*[@id=\"application-managebillings-display-component---billRunCalcResult--btnConf\"]"}
COMMAND: POST /session/3fbb5aa961da27feb6cf7ecb004886db/element/f.0763987BF21D2E15D38664A642A1837D.d.247016B051F107FE54680E279F398579.e.15973/click - {}
RESULT: {}
COMMAND: POST /session/3fbb5aa961da27feb6cf7ecb004886db/element - {"using":"css selector","value":"#shell-header-logo"}
COMMAND: GET /session/3fbb5aa961da27feb6cf7ecb004886db/screenshot - {}
RESULT: {"using":"css selector","value":"#shell-header-logo"}
COMMAND: POST /session/3fbb5aa961da27feb6cf7ecb004886db/element/f.0763987BF21D2E15D38664A642A1837D.d.247016B051F107FE54680E279F398579.e.15674/click - {}
RESULT: {}
RESULT: {}
COMMAND: GET /session/3fbb5aa961da27feb6cf7ecb004886db/screenshot - {}
RESULT: {}
]]></system-out>
    </testcase>
    <testcase classname="chrome.135_0_7049_42.windows.Billing_transfer_US117289" name="Should trigger Billing Transfer process all the way to completion" time="84.105">
      <system-out><![CDATA[
COMMAND: POST /session/3fbb5aa961da27feb6cf7ecb004886db/execute/async - {"script":"<script> [1562 bytes]","args":[{"selector":{"controlType":"sap.m.GenericTile","properties":{"header":"Billing Transfer"}},"wdio_ui5_key":"sapm.GenericTile{\"header\":\"Billing Transfer\"}"}]}
RESULT: {"script":"<script> [1562 bytes]","args":[{"selector":{"controlType":"sap.m.GenericTile","properties":{"header":"Billing Transfer"}},"wdio_ui5_key":"sapm.GenericTile{\"header\":\"Billing Transfer\"}"}]}
RESULT: undefined
COMMAND: POST /session/3fbb5aa961da27feb6cf7ecb004886db/element - {"using":"xpath","value":"//*[@id=\"__tile50\"]"}
RESULT: {"using":"xpath","value":"//*[@id=\"__tile50\"]"}
COMMAND: POST /session/3fbb5aa961da27feb6cf7ecb004886db/element/f.0763987BF21D2E15D38664A642A1837D.d.247016B051F107FE54680E279F398579.e.12597/click - {}
RESULT: {}
COMMAND: POST /session/3fbb5aa961da27feb6cf7ecb004886db/element - {"using":"xpath","value":"//input[contains(@id ,\"application-billingtransfer-display-component---billingWorkbench--smartFilterBar-btnBasicSearch\")]"}
COMMAND: GET /session/3fbb5aa961da27feb6cf7ecb004886db/screenshot - {}
RESULT: {"using":"xpath","value":"//input[contains(@id ,\"application-billingtransfer-display-component---billingWorkbench--smartFilterBar-btnBasicSearch\")]"}
COMMAND: POST /session/3fbb5aa961da27feb6cf7ecb004886db/elements - {"using":"xpath","value":"//input[contains(@id ,\"application-billingtransfer-display-component---billingWorkbench--smartFilterBar-btnBasicSearch\")]"}
RESULT: {}
RESULT: {"using":"xpath","value":"//input[contains(@id ,\"application-billingtransfer-display-component---billingWorkbench--smartFilterBar-btnBasicSearch\")]"}
COMMAND: POST /session/3fbb5aa961da27feb6cf7ecb004886db/element - {"using":"xpath","value":"//input[contains(@id ,\"application-billingtransfer-display-component---billingWorkbench--smartFilterBar-btnBasicSearch\")]"}
RESULT: {"using":"xpath","value":"//input[contains(@id ,\"application-billingtransfer-display-component---billingWorkbench--smartFilterBar-btnBasicSearch\")]"}
COMMAND: POST /session/3fbb5aa961da27feb6cf7ecb004886db/execute/sync - {"script":"<script> [8489 bytes]","args":[{"element-6066-11e4-a52e-4f735466cecf":"f.0763987BF21D2E15D38664A642A1837D.d.247016B051F107FE54680E279F398579.e.16019","ELEMENT":"f.0763987BF21D2E15D38664A642A1837D.d.247016B051F107FE54680E279F398579.e.16019"}]}
RESULT: {"script":"<script> [8489 bytes]","args":[{"element-6066-11e4-a52e-4f735466cecf":"f.0763987BF21D2E15D38664A642A1837D.d.247016B051F107FE54680E279F398579.e.16019","ELEMENT":"f.0763987BF21D2E15D38664A642A1837D.d.247016B051F107FE54680E279F398579.e.16019"}]}
COMMAND: GET /session/3fbb5aa961da27feb6cf7ecb004886db/element/f.0763987BF21D2E15D38664A642A1837D.d.247016B051F107FE54680E279F398579.e.16019/enabled - {}
COMMAND: GET /session/3fbb5aa961da27feb6cf7ecb004886db/screenshot - {}
RESULT: {}
COMMAND: POST /session/3fbb5aa961da27feb6cf7ecb004886db/element/f.0763987BF21D2E15D38664A642A1837D.d.247016B051F107FE54680E279F398579.e.16019/click - {}
COMMAND: GET /session/3fbb5aa961da27feb6cf7ecb004886db/screenshot - {}
RESULT: {}
RESULT: {}
COMMAND: GET /session/3fbb5aa961da27feb6cf7ecb004886db/screenshot - {}
RESULT: {}
RESULT: {}
COMMAND: POST /session/3fbb5aa961da27feb6cf7ecb004886db/element/f.0763987BF21D2E15D38664A642A1837D.d.247016B051F107FE54680E279F398579.e.16019/clear - {}
RESULT: {}
COMMAND: POST /session/3fbb5aa961da27feb6cf7ecb004886db/element/f.0763987BF21D2E15D38664A642A1837D.d.247016B051F107FE54680E279F398579.e.16019/value - {"text":"10390"}
COMMAND: GET /session/3fbb5aa961da27feb6cf7ecb004886db/screenshot - {}
RESULT: {"text":"10390"}
COMMAND: POST /session/3fbb5aa961da27feb6cf7ecb004886db/actions - {"actions":[{"id":"action54","type":"key","parameters":{},"actions":[{"type":"keyDown","value":""},{"type":"pause","duration":10},{"type":"keyUp","value":""}]}]}
COMMAND: GET /session/3fbb5aa961da27feb6cf7ecb004886db/screenshot - {}
RESULT: {}
RESULT: {"actions":[{"id":"action54","type":"key","parameters":{},"actions":[{"type":"keyDown","value":""},{"type":"pause","duration":10},{"type":"keyUp","value":""}]}]}
COMMAND: GET /session/3fbb5aa961da27feb6cf7ecb004886db/screenshot - {}
RESULT: {}
RESULT: {}
COMMAND: POST /session/3fbb5aa961da27feb6cf7ecb004886db/element - {"using":"xpath","value":"//span[contains(@id ,\"application-billingtransfer-display-component---billingWorkbench--smartTableBillingRuns-header-inner\")]"}
RESULT: {"using":"xpath","value":"//span[contains(@id ,\"application-billingtransfer-display-component---billingWorkbench--smartTableBillingRuns-header-inner\")]"}
COMMAND: POST /session/3fbb5aa961da27feb6cf7ecb004886db/elements - {"using":"xpath","value":"//span[contains(@id ,\"application-billingtransfer-display-component---billingWorkbench--smartTableBillingRuns-header-inner\")]"}
RESULT: {"using":"xpath","value":"//span[contains(@id ,\"application-billingtransfer-display-component---billingWorkbench--smartTableBillingRuns-header-inner\")]"}
COMMAND: POST /session/3fbb5aa961da27feb6cf7ecb004886db/execute/sync - {"script":"<script> [56 bytes]","args":[{"element-6066-11e4-a52e-4f735466cecf":"f.0763987BF21D2E15D38664A642A1837D.d.247016B051F107FE54680E279F398579.e.16165","ELEMENT":"f.0763987BF21D2E15D38664A642A1837D.d.247016B051F107FE54680E279F398579.e.16165"}]}
RESULT: {"script":"<script> [56 bytes]","args":[{"element-6066-11e4-a52e-4f735466cecf":"f.0763987BF21D2E15D38664A642A1837D.d.247016B051F107FE54680E279F398579.e.16165","ELEMENT":"f.0763987BF21D2E15D38664A642A1837D.d.247016B051F107FE54680E279F398579.e.16165"}]}
COMMAND: POST /session/3fbb5aa961da27feb6cf7ecb004886db/element - {"using":"xpath","value":"//td[@aria-colindex=\"1\"]/div/div[contains(@class, \"sapMCbBg\")]"}
COMMAND: GET /session/3fbb5aa961da27feb6cf7ecb004886db/screenshot - {}
RESULT: {"using":"xpath","value":"//td[@aria-colindex=\"1\"]/div/div[contains(@class, \"sapMCbBg\")]"}
COMMAND: POST /session/3fbb5aa961da27feb6cf7ecb004886db/element/f.0763987BF21D2E15D38664A642A1837D.d.247016B051F107FE54680E279F398579.e.16150/click - {}
RESULT: {}
RESULT: {}
COMMAND: GET /session/3fbb5aa961da27feb6cf7ecb004886db/screenshot - {}
RESULT: {}
COMMAND: POST /session/3fbb5aa961da27feb6cf7ecb004886db/element - {"using":"xpath","value":"//bdi[contains(text(), \"Check\")]"}
RESULT: {"using":"xpath","value":"//bdi[contains(text(), \"Check\")]"}
COMMAND: POST /session/3fbb5aa961da27feb6cf7ecb004886db/element/f.0763987BF21D2E15D38664A642A1837D.d.247016B051F107FE54680E279F398579.e.16166/click - {}
RESULT: {}
COMMAND: GET /session/3fbb5aa961da27feb6cf7ecb004886db/screenshot - {}
RESULT: {}
COMMAND: POST /session/3fbb5aa961da27feb6cf7ecb004886db/element - {"using":"xpath","value":"//bdi[contains(text(), \"OK\")]"}
RESULT: {"using":"xpath","value":"//bdi[contains(text(), \"OK\")]"}
COMMAND: POST /session/3fbb5aa961da27feb6cf7ecb004886db/element/f.0763987BF21D2E15D38664A642A1837D.d.247016B051F107FE54680E279F398579.e.16169/click - {}
RESULT: {}
COMMAND: GET /session/3fbb5aa961da27feb6cf7ecb004886db/screenshot - {}
RESULT: {}
COMMAND: POST /session/3fbb5aa961da27feb6cf7ecb004886db/element - {"using":"xpath","value":"(//span[contains(text(), \"CO/SD checked\")]/parent::div/preceding-sibling::div/span)[1]"}
RESULT: {"using":"xpath","value":"(//span[contains(text(), \"CO/SD checked\")]/parent::div/preceding-sibling::div/span)[1]"}
COMMAND: POST /session/3fbb5aa961da27feb6cf7ecb004886db/element/f.0763987BF21D2E15D38664A642A1837D.d.247016B051F107FE54680E279F398579.e.16179/click - {}
RESULT: {}
COMMAND: GET /session/3fbb5aa961da27feb6cf7ecb004886db/screenshot - {}
RESULT: {}
COMMAND: POST /session/3fbb5aa961da27feb6cf7ecb004886db/element - {"using":"xpath","value":"//input[contains(@id ,\"application-billingtransfer-display-component---billingWorkbench--smartFilterBar-btnBasicSearch\")]"}
RESULT: {"using":"xpath","value":"//input[contains(@id ,\"application-billingtransfer-display-component---billingWorkbench--smartFilterBar-btnBasicSearch\")]"}
COMMAND: POST /session/3fbb5aa961da27feb6cf7ecb004886db/elements - {"using":"xpath","value":"//input[contains(@id ,\"application-billingtransfer-display-component---billingWorkbench--smartFilterBar-btnBasicSearch\")]"}
RESULT: {"using":"xpath","value":"//input[contains(@id ,\"application-billingtransfer-display-component---billingWorkbench--smartFilterBar-btnBasicSearch\")]"}
COMMAND: POST /session/3fbb5aa961da27feb6cf7ecb004886db/execute/sync - {"script":"<script> [8489 bytes]","args":[{"element-6066-11e4-a52e-4f735466cecf":"f.0763987BF21D2E15D38664A642A1837D.d.247016B051F107FE54680E279F398579.e.16019","ELEMENT":"f.0763987BF21D2E15D38664A642A1837D.d.247016B051F107FE54680E279F398579.e.16019"}]}
RESULT: {"script":"<script> [8489 bytes]","args":[{"element-6066-11e4-a52e-4f735466cecf":"f.0763987BF21D2E15D38664A642A1837D.d.247016B051F107FE54680E279F398579.e.16019","ELEMENT":"f.0763987BF21D2E15D38664A642A1837D.d.247016B051F107FE54680E279F398579.e.16019"}]}
COMMAND: GET /session/3fbb5aa961da27feb6cf7ecb004886db/element/f.0763987BF21D2E15D38664A642A1837D.d.247016B051F107FE54680E279F398579.e.16019/enabled - {}
COMMAND: GET /session/3fbb5aa961da27feb6cf7ecb004886db/screenshot - {}
RESULT: {}
COMMAND: POST /session/3fbb5aa961da27feb6cf7ecb004886db/element/f.0763987BF21D2E15D38664A642A1837D.d.247016B051F107FE54680E279F398579.e.16019/click - {}
COMMAND: GET /session/3fbb5aa961da27feb6cf7ecb004886db/screenshot - {}
RESULT: {}
RESULT: {}
COMMAND: GET /session/3fbb5aa961da27feb6cf7ecb004886db/screenshot - {}
RESULT: {}
RESULT: {}
COMMAND: POST /session/3fbb5aa961da27feb6cf7ecb004886db/element/f.0763987BF21D2E15D38664A642A1837D.d.247016B051F107FE54680E279F398579.e.16019/clear - {}
RESULT: {}
COMMAND: POST /session/3fbb5aa961da27feb6cf7ecb004886db/element/f.0763987BF21D2E15D38664A642A1837D.d.247016B051F107FE54680E279F398579.e.16019/value - {"text":"10390"}
COMMAND: GET /session/3fbb5aa961da27feb6cf7ecb004886db/screenshot - {}
RESULT: {"text":"10390"}
COMMAND: POST /session/3fbb5aa961da27feb6cf7ecb004886db/actions - {"actions":[{"id":"action55","type":"key","parameters":{},"actions":[{"type":"keyDown","value":""},{"type":"pause","duration":10},{"type":"keyUp","value":""}]}]}
COMMAND: GET /session/3fbb5aa961da27feb6cf7ecb004886db/screenshot - {}
RESULT: {}
RESULT: {"actions":[{"id":"action55","type":"key","parameters":{},"actions":[{"type":"keyDown","value":""},{"type":"pause","duration":10},{"type":"keyUp","value":""}]}]}
COMMAND: GET /session/3fbb5aa961da27feb6cf7ecb004886db/screenshot - {}
RESULT: {}
RESULT: {}
COMMAND: POST /session/3fbb5aa961da27feb6cf7ecb004886db/element - {"using":"xpath","value":"//span[contains(@id ,\"application-billingtransfer-display-component---billingWorkbench--smartTableBillingRuns-header-inner\")]"}
RESULT: {"using":"xpath","value":"//span[contains(@id ,\"application-billingtransfer-display-component---billingWorkbench--smartTableBillingRuns-header-inner\")]"}
COMMAND: POST /session/3fbb5aa961da27feb6cf7ecb004886db/elements - {"using":"xpath","value":"//span[contains(@id ,\"application-billingtransfer-display-component---billingWorkbench--smartTableBillingRuns-header-inner\")]"}
RESULT: {"using":"xpath","value":"//span[contains(@id ,\"application-billingtransfer-display-component---billingWorkbench--smartTableBillingRuns-header-inner\")]"}
COMMAND: POST /session/3fbb5aa961da27feb6cf7ecb004886db/execute/sync - {"script":"<script> [56 bytes]","args":[{"element-6066-11e4-a52e-4f735466cecf":"f.0763987BF21D2E15D38664A642A1837D.d.247016B051F107FE54680E279F398579.e.16165","ELEMENT":"f.0763987BF21D2E15D38664A642A1837D.d.247016B051F107FE54680E279F398579.e.16165"}]}
RESULT: {"script":"<script> [56 bytes]","args":[{"element-6066-11e4-a52e-4f735466cecf":"f.0763987BF21D2E15D38664A642A1837D.d.247016B051F107FE54680E279F398579.e.16165","ELEMENT":"f.0763987BF21D2E15D38664A642A1837D.d.247016B051F107FE54680E279F398579.e.16165"}]}
COMMAND: POST /session/3fbb5aa961da27feb6cf7ecb004886db/element - {"using":"xpath","value":"//td[@aria-colindex=\"1\"]/div/div[contains(@class, \"sapMCbBg\")]"}
COMMAND: GET /session/3fbb5aa961da27feb6cf7ecb004886db/screenshot - {}
RESULT: {"using":"xpath","value":"//td[@aria-colindex=\"1\"]/div/div[contains(@class, \"sapMCbBg\")]"}
COMMAND: POST /session/3fbb5aa961da27feb6cf7ecb004886db/element/f.0763987BF21D2E15D38664A642A1837D.d.247016B051F107FE54680E279F398579.e.16183/click - {}
RESULT: {}
RESULT: {}
COMMAND: GET /session/3fbb5aa961da27feb6cf7ecb004886db/screenshot - {}
RESULT: {}
COMMAND: POST /session/3fbb5aa961da27feb6cf7ecb004886db/element - {"using":"xpath","value":"//bdi[text()=\"Transfer\"]"}
RESULT: {"using":"xpath","value":"//bdi[text()=\"Transfer\"]"}
COMMAND: POST /session/3fbb5aa961da27feb6cf7ecb004886db/element/f.0763987BF21D2E15D38664A642A1837D.d.247016B051F107FE54680E279F398579.e.16184/click - {}
RESULT: {}
COMMAND: GET /session/3fbb5aa961da27feb6cf7ecb004886db/screenshot - {}
RESULT: {}
COMMAND: POST /session/3fbb5aa961da27feb6cf7ecb004886db/element - {"using":"xpath","value":"//bdi[contains(text(), \"OK\")]"}
RESULT: {"using":"xpath","value":"//bdi[contains(text(), \"OK\")]"}
COMMAND: POST /session/3fbb5aa961da27feb6cf7ecb004886db/element/f.0763987BF21D2E15D38664A642A1837D.d.247016B051F107FE54680E279F398579.e.16187/click - {}
RESULT: {}
COMMAND: GET /session/3fbb5aa961da27feb6cf7ecb004886db/screenshot - {}
RESULT: {}
COMMAND: POST /session/3fbb5aa961da27feb6cf7ecb004886db/element - {"using":"xpath","value":"(//span[contains(text(), \"Completed\")]/parent::div/preceding-sibling::div/span)[1]"}
RESULT: {"using":"xpath","value":"(//span[contains(text(), \"Completed\")]/parent::div/preceding-sibling::div/span)[1]"}
COMMAND: POST /session/3fbb5aa961da27feb6cf7ecb004886db/element/f.0763987BF21D2E15D38664A642A1837D.d.247016B051F107FE54680E279F398579.e.16195/click - {}
RESULT: {}
COMMAND: POST /session/3fbb5aa961da27feb6cf7ecb004886db/element - {"using":"xpath","value":"//input[contains(@id ,\"application-billingtransfer-display-component---billingWorkbench--smartFilterBar-btnBasicSearch\")]"}
COMMAND: GET /session/3fbb5aa961da27feb6cf7ecb004886db/screenshot - {}
RESULT: {"using":"xpath","value":"//input[contains(@id ,\"application-billingtransfer-display-component---billingWorkbench--smartFilterBar-btnBasicSearch\")]"}
COMMAND: POST /session/3fbb5aa961da27feb6cf7ecb004886db/elements - {"using":"xpath","value":"//input[contains(@id ,\"application-billingtransfer-display-component---billingWorkbench--smartFilterBar-btnBasicSearch\")]"}
RESULT: {}
RESULT: {"using":"xpath","value":"//input[contains(@id ,\"application-billingtransfer-display-component---billingWorkbench--smartFilterBar-btnBasicSearch\")]"}
COMMAND: POST /session/3fbb5aa961da27feb6cf7ecb004886db/execute/sync - {"script":"<script> [8489 bytes]","args":[{"element-6066-11e4-a52e-4f735466cecf":"f.0763987BF21D2E15D38664A642A1837D.d.247016B051F107FE54680E279F398579.e.16019","ELEMENT":"f.0763987BF21D2E15D38664A642A1837D.d.247016B051F107FE54680E279F398579.e.16019"}]}
RESULT: {"script":"<script> [8489 bytes]","args":[{"element-6066-11e4-a52e-4f735466cecf":"f.0763987BF21D2E15D38664A642A1837D.d.247016B051F107FE54680E279F398579.e.16019","ELEMENT":"f.0763987BF21D2E15D38664A642A1837D.d.247016B051F107FE54680E279F398579.e.16019"}]}
COMMAND: GET /session/3fbb5aa961da27feb6cf7ecb004886db/element/f.0763987BF21D2E15D38664A642A1837D.d.247016B051F107FE54680E279F398579.e.16019/enabled - {}
COMMAND: GET /session/3fbb5aa961da27feb6cf7ecb004886db/screenshot - {}
RESULT: {}
COMMAND: POST /session/3fbb5aa961da27feb6cf7ecb004886db/element/f.0763987BF21D2E15D38664A642A1837D.d.247016B051F107FE54680E279F398579.e.16019/click - {}
COMMAND: GET /session/3fbb5aa961da27feb6cf7ecb004886db/screenshot - {}
RESULT: {}
RESULT: {}
COMMAND: GET /session/3fbb5aa961da27feb6cf7ecb004886db/screenshot - {}
RESULT: {}
RESULT: {}
COMMAND: POST /session/3fbb5aa961da27feb6cf7ecb004886db/element/f.0763987BF21D2E15D38664A642A1837D.d.247016B051F107FE54680E279F398579.e.16019/clear - {}
RESULT: {}
COMMAND: POST /session/3fbb5aa961da27feb6cf7ecb004886db/element/f.0763987BF21D2E15D38664A642A1837D.d.247016B051F107FE54680E279F398579.e.16019/value - {"text":"10390"}
COMMAND: GET /session/3fbb5aa961da27feb6cf7ecb004886db/screenshot - {}
RESULT: {"text":"10390"}
COMMAND: POST /session/3fbb5aa961da27feb6cf7ecb004886db/actions - {"actions":[{"id":"action56","type":"key","parameters":{},"actions":[{"type":"keyDown","value":""},{"type":"pause","duration":10},{"type":"keyUp","value":""}]}]}
COMMAND: GET /session/3fbb5aa961da27feb6cf7ecb004886db/screenshot - {}
RESULT: {}
RESULT: {"actions":[{"id":"action56","type":"key","parameters":{},"actions":[{"type":"keyDown","value":""},{"type":"pause","duration":10},{"type":"keyUp","value":""}]}]}
COMMAND: GET /session/3fbb5aa961da27feb6cf7ecb004886db/screenshot - {}
RESULT: {}
RESULT: {}
COMMAND: POST /session/3fbb5aa961da27feb6cf7ecb004886db/element - {"using":"xpath","value":"//span[contains(@id ,\"application-billingtransfer-display-component---billingWorkbench--smartTableBillingRuns-header-inner\")]"}
RESULT: {"using":"xpath","value":"//span[contains(@id ,\"application-billingtransfer-display-component---billingWorkbench--smartTableBillingRuns-header-inner\")]"}
COMMAND: POST /session/3fbb5aa961da27feb6cf7ecb004886db/elements - {"using":"xpath","value":"//span[contains(@id ,\"application-billingtransfer-display-component---billingWorkbench--smartTableBillingRuns-header-inner\")]"}
RESULT: {"using":"xpath","value":"//span[contains(@id ,\"application-billingtransfer-display-component---billingWorkbench--smartTableBillingRuns-header-inner\")]"}
COMMAND: POST /session/3fbb5aa961da27feb6cf7ecb004886db/execute/sync - {"script":"<script> [56 bytes]","args":[{"element-6066-11e4-a52e-4f735466cecf":"f.0763987BF21D2E15D38664A642A1837D.d.247016B051F107FE54680E279F398579.e.16165","ELEMENT":"f.0763987BF21D2E15D38664A642A1837D.d.247016B051F107FE54680E279F398579.e.16165"}]}
RESULT: {"script":"<script> [56 bytes]","args":[{"element-6066-11e4-a52e-4f735466cecf":"f.0763987BF21D2E15D38664A642A1837D.d.247016B051F107FE54680E279F398579.e.16165","ELEMENT":"f.0763987BF21D2E15D38664A642A1837D.d.247016B051F107FE54680E279F398579.e.16165"}]}
COMMAND: POST /session/3fbb5aa961da27feb6cf7ecb004886db/element - {"using":"css selector","value":"#shell-header-logo"}
COMMAND: GET /session/3fbb5aa961da27feb6cf7ecb004886db/screenshot - {}
RESULT: {"using":"css selector","value":"#shell-header-logo"}
COMMAND: POST /session/3fbb5aa961da27feb6cf7ecb004886db/element/f.0763987BF21D2E15D38664A642A1837D.d.247016B051F107FE54680E279F398579.e.16016/click - {}
RESULT: {}
RESULT: {}
COMMAND: GET /session/3fbb5aa961da27feb6cf7ecb004886db/screenshot - {}
RESULT: {}
COMMAND: POST /session/3fbb5aa961da27feb6cf7ecb004886db/element - {"using":"css selector","value":"#j_username"}
COMMAND: POST /session/3fbb5aa961da27feb6cf7ecb004886db/url - {"url":"https://qa-testing-00-live-etm-ui.cfapps.eu10-004.hana.ondemand.com/"}
RESULT: {"using":"css selector","value":"#j_username"}
COMMAND: POST /session/3fbb5aa961da27feb6cf7ecb004886db/element - {"using":"css selector","value":"#j_username"}
RESULT: {"url":"https://qa-testing-00-live-etm-ui.cfapps.eu10-004.hana.ondemand.com/"}
RESULT: undefined
COMMAND: GET /session/3fbb5aa961da27feb6cf7ecb004886db/screenshot - {}
RESULT: {"using":"css selector","value":"#j_username"}
COMMAND: POST /session/3fbb5aa961da27feb6cf7ecb004886db/element - {"using":"css selector","value":"#shell-header-logo"}
RESULT: {}
RESULT: {"using":"css selector","value":"#shell-header-logo"}
COMMAND: POST /session/3fbb5aa961da27feb6cf7ecb004886db/execute/sync - {"script":"<script> [8489 bytes]","args":[{"element-6066-11e4-a52e-4f735466cecf":"f.0763987BF21D2E15D38664A642A1837D.d.7789C9EF920540201330E8F6BFB97430.e.16210","ELEMENT":"f.0763987BF21D2E15D38664A642A1837D.d.7789C9EF920540201330E8F6BFB97430.e.16210"}]}
RESULT: {"script":"<script> [8489 bytes]","args":[{"element-6066-11e4-a52e-4f735466cecf":"f.0763987BF21D2E15D38664A642A1837D.d.7789C9EF920540201330E8F6BFB97430.e.16210","ELEMENT":"f.0763987BF21D2E15D38664A642A1837D.d.7789C9EF920540201330E8F6BFB97430.e.16210"}]}
COMMAND: POST /session/3fbb5aa961da27feb6cf7ecb004886db/element - {"using":"css selector","value":"#shell-header-logo"}
COMMAND: GET /session/3fbb5aa961da27feb6cf7ecb004886db/screenshot - {}
RESULT: {"using":"css selector","value":"#shell-header-logo"}
COMMAND: POST /session/3fbb5aa961da27feb6cf7ecb004886db/execute/sync - {"script":"<script> [8489 bytes]","args":[{"element-6066-11e4-a52e-4f735466cecf":"f.0763987BF21D2E15D38664A642A1837D.d.7789C9EF920540201330E8F6BFB97430.e.16210","ELEMENT":"f.0763987BF21D2E15D38664A642A1837D.d.7789C9EF920540201330E8F6BFB97430.e.16210"}]}
RESULT: {}
RESULT: {"script":"<script> [8489 bytes]","args":[{"element-6066-11e4-a52e-4f735466cecf":"f.0763987BF21D2E15D38664A642A1837D.d.7789C9EF920540201330E8F6BFB97430.e.16210","ELEMENT":"f.0763987BF21D2E15D38664A642A1837D.d.7789C9EF920540201330E8F6BFB97430.e.16210"}]}
COMMAND: POST /session/3fbb5aa961da27feb6cf7ecb004886db/execute/sync - {"script":"<script> [5351 bytes]","args":[{"element-6066-11e4-a52e-4f735466cecf":"f.0763987BF21D2E15D38664A642A1837D.d.7789C9EF920540201330E8F6BFB97430.e.16210","ELEMENT":"f.0763987BF21D2E15D38664A642A1837D.d.7789C9EF920540201330E8F6BFB97430.e.16210"}]}
COMMAND: GET /session/3fbb5aa961da27feb6cf7ecb004886db/screenshot - {}
RESULT: {"script":"<script> [5351 bytes]","args":[{"element-6066-11e4-a52e-4f735466cecf":"f.0763987BF21D2E15D38664A642A1837D.d.7789C9EF920540201330E8F6BFB97430.e.16210","ELEMENT":"f.0763987BF21D2E15D38664A642A1837D.d.7789C9EF920540201330E8F6BFB97430.e.16210"}]}
COMMAND: POST /session/3fbb5aa961da27feb6cf7ecb004886db/element - {"using":"css selector","value":"#shell-header-logo"}
COMMAND: GET /session/3fbb5aa961da27feb6cf7ecb004886db/screenshot - {}
RESULT: {}
RESULT: {"using":"css selector","value":"#shell-header-logo"}
COMMAND: POST /session/3fbb5aa961da27feb6cf7ecb004886db/element/f.0763987BF21D2E15D38664A642A1837D.d.7789C9EF920540201330E8F6BFB97430.e.16210/click - {}
RESULT: {}
RESULT: {}
COMMAND: GET /session/3fbb5aa961da27feb6cf7ecb004886db/screenshot - {}
RESULT: {}
COMMAND: POST /session/3fbb5aa961da27feb6cf7ecb004886db/execute/async - {"script":"<script> [189 bytes]","args":[]}
RESULT: {"script":"<script> [189 bytes]","args":[]}
COMMAND: POST /session/3fbb5aa961da27feb6cf7ecb004886db/execute/async - {"script":"<script> [123 bytes]","args":[]}
RESULT: {"script":"<script> [123 bytes]","args":[]}
COMMAND: POST /session/3fbb5aa961da27feb6cf7ecb004886db/timeouts - {"script":"<number>"}
RESULT: {"script":"<number>"}
COMMAND: GET /session/3fbb5aa961da27feb6cf7ecb004886db/timeouts - {}
RESULT: {}
RESULT: undefined
COMMAND: POST /session/3fbb5aa961da27feb6cf7ecb004886db/execute/async - {"script":"<script> [2676 bytes]","args":[]}
RESULT: {"script":"<script> [2676 bytes]","args":[]}
COMMAND: POST /session/3fbb5aa961da27feb6cf7ecb004886db/execute/async - {"script":"<script> [2342 bytes]","args":[{"protocol":"http","hostname":"0.0.0.0","path":"/","capabilities":{"browserName":"chrome","goog:chromeOptions":{"binary":"C:\\Program Files\\Google\\Chrome\\Application\\chrome.exe","args":["--start-maximized"]}},"logLevel":"warn","connectionRetryTimeout":120000,"connectionRetryCount":3,"logLevels":{},"enableDirectConnect":true,"strictSSL":true,"_":"65 more keys: [\"cacheDir\",\"port\",\"requestedCapabilities\",\"automationProtocol\",\"baseUrl\",\"waitforInterval\",\"waitforTimeout\",\"onReload\",\"beforeCommand\",\"afterCommand\",\"rootDir\",\"specs\",\"suites\",\"exclude\",\"groupLogsByTestSpec\",\"excludeDriverLogs\",\"bail\",\"framework\",\"reporters\",\"services\",\"maxInstances\",\"maxInstancesPerCapability\",\"injectGlobals\",\"filesToWatch\",\"execArgv\",\"runnerEnv\",\"runner\",\"shard\",\"specFileRetries\",\"specFileRetriesDelay\",\"specFileRetriesDeferred\",\"reporterSyncInterval\",\"reporterSyncTimeout\",\"cucumberFeaturesWithLineNumbers\",\"autoCompileOpts\",\"mochaOpts\",\"jasmineOpts\",\"cucumberOpts\",\"onPrepare\",\"onWorkerStart\",\"onWorkerEnd\",\"before\",\"beforeSession\",\"beforeSuite\",\"beforeHook\",\"beforeTest\",\"afterTest\",\"afterHook\",\"afterSuite\",\"afterSession\",\"after\",\"onComplete\",\"beforeAssertion\",\"afterAssertion\",\"beforeFeature\",\"beforeScenario\",\"beforeStep\",\"afterStep\",\"afterScenario\",\"afterFeature\",\"_\",\"suite\",\"$0\",\"ignoredWorkerServices\",\"wdi5\"]"}]}
RESULT: {"script":"<script> [2342 bytes]","args":[{"protocol":"http","hostname":"0.0.0.0","path":"/","capabilities":{"browserName":"chrome","goog:chromeOptions":{"binary":"C:\\Program Files\\Google\\Chrome\\Application\\chrome.exe","args":["--start-maximized"]}},"logLevel":"warn","connectionRetryTimeout":120000,"connectionRetryCount":3,"logLevels":{},"enableDirectConnect":true,"strictSSL":true,"_":"65 more keys: [\"cacheDir\",\"port\",\"requestedCapabilities\",\"automationProtocol\",\"baseUrl\",\"waitforInterval\",\"waitforTimeout\",\"onReload\",\"beforeCommand\",\"afterCommand\",\"rootDir\",\"specs\",\"suites\",\"exclude\",\"groupLogsByTestSpec\",\"excludeDriverLogs\",\"bail\",\"framework\",\"reporters\",\"services\",\"maxInstances\",\"maxInstancesPerCapability\",\"injectGlobals\",\"filesToWatch\",\"execArgv\",\"runnerEnv\",\"runner\",\"shard\",\"specFileRetries\",\"specFileRetriesDelay\",\"specFileRetriesDeferred\",\"reporterSyncInterval\",\"reporterSyncTimeout\",\"cucumberFeaturesWithLineNumbers\",\"autoCompileOpts\",\"mochaOpts\",\"jasmineOpts\",\"cucumberOpts\",\"onPrepare\",\"onWorkerStart\",\"onWorkerEnd\",\"before\",\"beforeSession\",\"beforeSuite\",\"beforeHook\",\"beforeTest\",\"afterTest\",\"afterHook\",\"afterSuite\",\"afterSession\",\"after\",\"onComplete\",\"beforeAssertion\",\"afterAssertion\",\"beforeFeature\",\"beforeScenario\",\"beforeStep\",\"afterStep\",\"afterScenario\",\"afterFeature\",\"_\",\"suite\",\"$0\",\"ignoredWorkerServices\",\"wdi5\"]"}]}
COMMAND: POST /session/3fbb5aa961da27feb6cf7ecb004886db/execute/async - {"script":"<script> [21126 bytes]","args":[35000]}
RESULT: {"script":"<script> [21126 bytes]","args":[35000]}
COMMAND: POST /session/3fbb5aa961da27feb6cf7ecb004886db/window/maximize - {}
RESULT: {}
COMMAND: POST /session/3fbb5aa961da27feb6cf7ecb004886db/execute/async - {"script":"<script> [1562 bytes]","args":[{"selector":{"id":"shell-header","interaction":{"idSuffix":"icon"}},"wdio_ui5_key":"shellheader"}]}
COMMAND: GET /session/3fbb5aa961da27feb6cf7ecb004886db/screenshot - {}
RESULT: {"script":"<script> [1562 bytes]","args":[{"selector":{"id":"shell-header","interaction":{"idSuffix":"icon"}},"wdio_ui5_key":"shellheader"}]}
RESULT: undefined
COMMAND: POST /session/3fbb5aa961da27feb6cf7ecb004886db/refresh - {}
RESULT: {}
RESULT: {}
COMMAND: GET /session/3fbb5aa961da27feb6cf7ecb004886db/screenshot - {}
RESULT: {}
COMMAND: POST /session/3fbb5aa961da27feb6cf7ecb004886db/refresh - {}
RESULT: {}
COMMAND: GET /session/3fbb5aa961da27feb6cf7ecb004886db/screenshot - {}
RESULT: {}
COMMAND: POST /session/3fbb5aa961da27feb6cf7ecb004886db/execute/async - {"script":"<script> [189 bytes]","args":[]}
RESULT: {"script":"<script> [189 bytes]","args":[]}
COMMAND: POST /session/3fbb5aa961da27feb6cf7ecb004886db/execute/async - {"script":"<script> [123 bytes]","args":[]}
RESULT: {"script":"<script> [123 bytes]","args":[]}
COMMAND: POST /session/3fbb5aa961da27feb6cf7ecb004886db/timeouts - {"script":"<number>"}
RESULT: {"script":"<number>"}
COMMAND: GET /session/3fbb5aa961da27feb6cf7ecb004886db/timeouts - {}
RESULT: {}
RESULT: undefined
COMMAND: POST /session/3fbb5aa961da27feb6cf7ecb004886db/execute/async - {"script":"<script> [2676 bytes]","args":[]}
RESULT: {"script":"<script> [2676 bytes]","args":[]}
COMMAND: POST /session/3fbb5aa961da27feb6cf7ecb004886db/execute/async - {"script":"<script> [2342 bytes]","args":[{"protocol":"http","hostname":"0.0.0.0","path":"/","capabilities":{"browserName":"chrome","goog:chromeOptions":{"binary":"C:\\Program Files\\Google\\Chrome\\Application\\chrome.exe","args":["--start-maximized"]}},"logLevel":"warn","connectionRetryTimeout":120000,"connectionRetryCount":3,"logLevels":{},"enableDirectConnect":true,"strictSSL":true,"_":"65 more keys: [\"cacheDir\",\"port\",\"requestedCapabilities\",\"automationProtocol\",\"baseUrl\",\"waitforInterval\",\"waitforTimeout\",\"onReload\",\"beforeCommand\",\"afterCommand\",\"rootDir\",\"specs\",\"suites\",\"exclude\",\"groupLogsByTestSpec\",\"excludeDriverLogs\",\"bail\",\"framework\",\"reporters\",\"services\",\"maxInstances\",\"maxInstancesPerCapability\",\"injectGlobals\",\"filesToWatch\",\"execArgv\",\"runnerEnv\",\"runner\",\"shard\",\"specFileRetries\",\"specFileRetriesDelay\",\"specFileRetriesDeferred\",\"reporterSyncInterval\",\"reporterSyncTimeout\",\"cucumberFeaturesWithLineNumbers\",\"autoCompileOpts\",\"mochaOpts\",\"jasmineOpts\",\"cucumberOpts\",\"onPrepare\",\"onWorkerStart\",\"onWorkerEnd\",\"before\",\"beforeSession\",\"beforeSuite\",\"beforeHook\",\"beforeTest\",\"afterTest\",\"afterHook\",\"afterSuite\",\"afterSession\",\"after\",\"onComplete\",\"beforeAssertion\",\"afterAssertion\",\"beforeFeature\",\"beforeScenario\",\"beforeStep\",\"afterStep\",\"afterScenario\",\"afterFeature\",\"_\",\"suite\",\"$0\",\"ignoredWorkerServices\",\"wdi5\"]"}]}
RESULT: {"script":"<script> [2342 bytes]","args":[{"protocol":"http","hostname":"0.0.0.0","path":"/","capabilities":{"browserName":"chrome","goog:chromeOptions":{"binary":"C:\\Program Files\\Google\\Chrome\\Application\\chrome.exe","args":["--start-maximized"]}},"logLevel":"warn","connectionRetryTimeout":120000,"connectionRetryCount":3,"logLevels":{},"enableDirectConnect":true,"strictSSL":true,"_":"65 more keys: [\"cacheDir\",\"port\",\"requestedCapabilities\",\"automationProtocol\",\"baseUrl\",\"waitforInterval\",\"waitforTimeout\",\"onReload\",\"beforeCommand\",\"afterCommand\",\"rootDir\",\"specs\",\"suites\",\"exclude\",\"groupLogsByTestSpec\",\"excludeDriverLogs\",\"bail\",\"framework\",\"reporters\",\"services\",\"maxInstances\",\"maxInstancesPerCapability\",\"injectGlobals\",\"filesToWatch\",\"execArgv\",\"runnerEnv\",\"runner\",\"shard\",\"specFileRetries\",\"specFileRetriesDelay\",\"specFileRetriesDeferred\",\"reporterSyncInterval\",\"reporterSyncTimeout\",\"cucumberFeaturesWithLineNumbers\",\"autoCompileOpts\",\"mochaOpts\",\"jasmineOpts\",\"cucumberOpts\",\"onPrepare\",\"onWorkerStart\",\"onWorkerEnd\",\"before\",\"beforeSession\",\"beforeSuite\",\"beforeHook\",\"beforeTest\",\"afterTest\",\"afterHook\",\"afterSuite\",\"afterSession\",\"after\",\"onComplete\",\"beforeAssertion\",\"afterAssertion\",\"beforeFeature\",\"beforeScenario\",\"beforeStep\",\"afterStep\",\"afterScenario\",\"afterFeature\",\"_\",\"suite\",\"$0\",\"ignoredWorkerServices\",\"wdi5\"]"}]}
COMMAND: POST /session/3fbb5aa961da27feb6cf7ecb004886db/execute/async - {"script":"<script> [21126 bytes]","args":[35000]}
RESULT: {"script":"<script> [21126 bytes]","args":[35000]}
]]></system-out>
    </testcase>
  </testsuite>
  <testsuite timestamp="2025-04-17T06:32:38" time="729.749" tests="12" failures="0" errors="0" skipped="0">
    <properties>
      <property name="specId" value="0"/>
      <property name="suiteName" value="Create Reverse Billing US127248"/>
      <property name="capabilities" value="chrome.135_0_7049_42.windows"/>
      <property name="file" value="file:///D:/a/1/s/test/specs/BTS/reverse-billing.spec.js"/>
    </properties>
    <testcase classname="chrome.135_0_7049_42.windows.Create_Reverse_Billing_US127248" name="Should create a new yard" time="1.016">
      <system-out><![CDATA[
COMMAND: POST /session/3fbb5aa961da27feb6cf7ecb004886db/window/fullscreen - {}
RESULT: {}
]]></system-out>
    </testcase>
    <testcase classname="chrome.135_0_7049_42.windows.Create_Reverse_Billing_US127248" name="Should create a new partner" time="0.005"/>
    <testcase classname="chrome.135_0_7049_42.windows.Create_Reverse_Billing_US127248" name="Should create a new site" time="0.004"/>
    <testcase classname="chrome.135_0_7049_42.windows.Create_Reverse_Billing_US127248" name="Should create a resource" time="143.553">
      <system-out><![CDATA[
COMMAND: POST /session/3fbb5aa961da27feb6cf7ecb004886db/execute/async - {"script":"<script> [1562 bytes]","args":[{"selector":{"controlType":"sap.m.GenericTile","properties":{"header":"Manage Resources"}},"wdio_ui5_key":"sapm.GenericTile{\"header\":\"Manage Resources\"}"}]}
RESULT: {"script":"<script> [1562 bytes]","args":[{"selector":{"controlType":"sap.m.GenericTile","properties":{"header":"Manage Resources"}},"wdio_ui5_key":"sapm.GenericTile{\"header\":\"Manage Resources\"}"}]}
RESULT: undefined
COMMAND: POST /session/3fbb5aa961da27feb6cf7ecb004886db/element - {"using":"xpath","value":"//*[@id=\"__tile39\"]"}
RESULT: {"using":"xpath","value":"//*[@id=\"__tile39\"]"}
COMMAND: POST /session/3fbb5aa961da27feb6cf7ecb004886db/element/f.0763987BF21D2E15D38664A642A1837D.d.24B5514E17D8FACEF340F74FD30D15D1.e.16365/click - {}
RESULT: {}
COMMAND: POST /session/3fbb5aa961da27feb6cf7ecb004886db/element - {"using":"xpath","value":"//button[@data-kt=\"addNewRUOverflowToolbarButton\"]"}
COMMAND: GET /session/3fbb5aa961da27feb6cf7ecb004886db/screenshot - {}
RESULT: {"using":"xpath","value":"//button[@data-kt=\"addNewRUOverflowToolbarButton\"]"}
COMMAND: POST /session/3fbb5aa961da27feb6cf7ecb004886db/elements - {"using":"xpath","value":"//button[@data-kt=\"addNewRUOverflowToolbarButton\"]"}
RESULT: {}
RESULT: {"using":"xpath","value":"//button[@data-kt=\"addNewRUOverflowToolbarButton\"]"}
COMMAND: POST /session/3fbb5aa961da27feb6cf7ecb004886db/elements - {"using":"xpath","value":"//button[@data-kt=\"addNewRUOverflowToolbarButton\"]"}
RESULT: {"using":"xpath","value":"//button[@data-kt=\"addNewRUOverflowToolbarButton\"]"}
COMMAND: POST /session/3fbb5aa961da27feb6cf7ecb004886db/elements - {"using":"xpath","value":"//button[@data-kt=\"addNewRUOverflowToolbarButton\"]"}
RESULT: {"using":"xpath","value":"//button[@data-kt=\"addNewRUOverflowToolbarButton\"]"}
RESULT: undefined
COMMAND: POST /session/3fbb5aa961da27feb6cf7ecb004886db/elements - {"using":"xpath","value":"//button[@data-kt=\"addNewRUOverflowToolbarButton\"]"}
RESULT: {"using":"xpath","value":"//button[@data-kt=\"addNewRUOverflowToolbarButton\"]"}
COMMAND: POST /session/3fbb5aa961da27feb6cf7ecb004886db/elements - {"using":"xpath","value":"//button[@data-kt=\"addNewRUOverflowToolbarButton\"]"}
RESULT: {"using":"xpath","value":"//button[@data-kt=\"addNewRUOverflowToolbarButton\"]"}
COMMAND: POST /session/3fbb5aa961da27feb6cf7ecb004886db/elements - {"using":"xpath","value":"//button[@data-kt=\"addNewRUOverflowToolbarButton\"]"}
RESULT: {"using":"xpath","value":"//button[@data-kt=\"addNewRUOverflowToolbarButton\"]"}
COMMAND: POST /session/3fbb5aa961da27feb6cf7ecb004886db/elements - {"using":"xpath","value":"//button[@data-kt=\"addNewRUOverflowToolbarButton\"]"}
RESULT: {"using":"xpath","value":"//button[@data-kt=\"addNewRUOverflowToolbarButton\"]"}
COMMAND: POST /session/3fbb5aa961da27feb6cf7ecb004886db/elements - {"using":"xpath","value":"//button[@data-kt=\"addNewRUOverflowToolbarButton\"]"}
RESULT: {"using":"xpath","value":"//button[@data-kt=\"addNewRUOverflowToolbarButton\"]"}
COMMAND: POST /session/3fbb5aa961da27feb6cf7ecb004886db/elements - {"using":"xpath","value":"//button[@data-kt=\"addNewRUOverflowToolbarButton\"]"}
RESULT: {"using":"xpath","value":"//button[@data-kt=\"addNewRUOverflowToolbarButton\"]"}
COMMAND: POST /session/3fbb5aa961da27feb6cf7ecb004886db/elements - {"using":"xpath","value":"//button[@data-kt=\"addNewRUOverflowToolbarButton\"]"}
RESULT: {"using":"xpath","value":"//button[@data-kt=\"addNewRUOverflowToolbarButton\"]"}
COMMAND: POST /session/3fbb5aa961da27feb6cf7ecb004886db/elements - {"using":"xpath","value":"//button[@data-kt=\"addNewRUOverflowToolbarButton\"]"}
RESULT: {"using":"xpath","value":"//button[@data-kt=\"addNewRUOverflowToolbarButton\"]"}
COMMAND: POST /session/3fbb5aa961da27feb6cf7ecb004886db/elements - {"using":"xpath","value":"//button[@data-kt=\"addNewRUOverflowToolbarButton\"]"}
RESULT: {"using":"xpath","value":"//button[@data-kt=\"addNewRUOverflowToolbarButton\"]"}
COMMAND: POST /session/3fbb5aa961da27feb6cf7ecb004886db/elements - {"using":"xpath","value":"//button[@data-kt=\"addNewRUOverflowToolbarButton\"]"}
RESULT: {"using":"xpath","value":"//button[@data-kt=\"addNewRUOverflowToolbarButton\"]"}
COMMAND: POST /session/3fbb5aa961da27feb6cf7ecb004886db/elements - {"using":"xpath","value":"//button[@data-kt=\"addNewRUOverflowToolbarButton\"]"}
RESULT: {"using":"xpath","value":"//button[@data-kt=\"addNewRUOverflowToolbarButton\"]"}
COMMAND: POST /session/3fbb5aa961da27feb6cf7ecb004886db/elements - {"using":"xpath","value":"//button[@data-kt=\"addNewRUOverflowToolbarButton\"]"}
RESULT: {"using":"xpath","value":"//button[@data-kt=\"addNewRUOverflowToolbarButton\"]"}
COMMAND: POST /session/3fbb5aa961da27feb6cf7ecb004886db/element - {"using":"xpath","value":"//button[@data-kt=\"addNewRUOverflowToolbarButton\"]"}
RESULT: {"using":"xpath","value":"//button[@data-kt=\"addNewRUOverflowToolbarButton\"]"}
COMMAND: POST /session/3fbb5aa961da27feb6cf7ecb004886db/execute/sync - {"script":"<script> [8489 bytes]","args":[{"element-6066-11e4-a52e-4f735466cecf":"f.0763987BF21D2E15D38664A642A1837D.d.24B5514E17D8FACEF340F74FD30D15D1.e.16500","ELEMENT":"f.0763987BF21D2E15D38664A642A1837D.d.24B5514E17D8FACEF340F74FD30D15D1.e.16500"}]}
RESULT: {"script":"<script> [8489 bytes]","args":[{"element-6066-11e4-a52e-4f735466cecf":"f.0763987BF21D2E15D38664A642A1837D.d.24B5514E17D8FACEF340F74FD30D15D1.e.16500","ELEMENT":"f.0763987BF21D2E15D38664A642A1837D.d.24B5514E17D8FACEF340F74FD30D15D1.e.16500"}]}
COMMAND: GET /session/3fbb5aa961da27feb6cf7ecb004886db/element/f.0763987BF21D2E15D38664A642A1837D.d.24B5514E17D8FACEF340F74FD30D15D1.e.16500/enabled - {}
COMMAND: GET /session/3fbb5aa961da27feb6cf7ecb004886db/screenshot - {}
RESULT: {}
COMMAND: POST /session/3fbb5aa961da27feb6cf7ecb004886db/execute/sync - {"script":"<script> [8489 bytes]","args":[{"element-6066-11e4-a52e-4f735466cecf":"f.0763987BF21D2E15D38664A642A1837D.d.24B5514E17D8FACEF340F74FD30D15D1.e.16500","ELEMENT":"f.0763987BF21D2E15D38664A642A1837D.d.24B5514E17D8FACEF340F74FD30D15D1.e.16500"}]}
COMMAND: GET /session/3fbb5aa961da27feb6cf7ecb004886db/screenshot - {}
RESULT: {}
RESULT: {"script":"<script> [8489 bytes]","args":[{"element-6066-11e4-a52e-4f735466cecf":"f.0763987BF21D2E15D38664A642A1837D.d.24B5514E17D8FACEF340F74FD30D15D1.e.16500","ELEMENT":"f.0763987BF21D2E15D38664A642A1837D.d.24B5514E17D8FACEF340F74FD30D15D1.e.16500"}]}
COMMAND: POST /session/3fbb5aa961da27feb6cf7ecb004886db/execute/sync - {"script":"<script> [5351 bytes]","args":[{"element-6066-11e4-a52e-4f735466cecf":"f.0763987BF21D2E15D38664A642A1837D.d.24B5514E17D8FACEF340F74FD30D15D1.e.16500","ELEMENT":"f.0763987BF21D2E15D38664A642A1837D.d.24B5514E17D8FACEF340F74FD30D15D1.e.16500"}]}
COMMAND: GET /session/3fbb5aa961da27feb6cf7ecb004886db/screenshot - {}
RESULT: {}
RESULT: {"script":"<script> [5351 bytes]","args":[{"element-6066-11e4-a52e-4f735466cecf":"f.0763987BF21D2E15D38664A642A1837D.d.24B5514E17D8FACEF340F74FD30D15D1.e.16500","ELEMENT":"f.0763987BF21D2E15D38664A642A1837D.d.24B5514E17D8FACEF340F74FD30D15D1.e.16500"}]}
COMMAND: POST /session/3fbb5aa961da27feb6cf7ecb004886db/element/f.0763987BF21D2E15D38664A642A1837D.d.24B5514E17D8FACEF340F74FD30D15D1.e.16500/click - {}
COMMAND: GET /session/3fbb5aa961da27feb6cf7ecb004886db/screenshot - {}
RESULT: {}
RESULT: {}
COMMAND: GET /session/3fbb5aa961da27feb6cf7ecb004886db/screenshot - {}
COMMAND: POST /session/3fbb5aa961da27feb6cf7ecb004886db/execute/async - {"script":"<script> [1562 bytes]","args":[{"selector":{"id":"application-manageresources-display-component---newResourceUnit--TYPE-arrow"},"wdio_ui5_key":"applicationmanageresources-display-component---newResourceUnit--TYPE-arrow"}]}
RESULT: {}
RESULT: {}
RESULT: {"script":"<script> [1562 bytes]","args":[{"selector":{"id":"application-manageresources-display-component---newResourceUnit--TYPE-arrow"},"wdio_ui5_key":"applicationmanageresources-display-component---newResourceUnit--TYPE-arrow"}]}
RESULT: undefined
COMMAND: POST /session/3fbb5aa961da27feb6cf7ecb004886db/element - {"using":"xpath","value":"//*[@id=\"application-manageresources-display-component---newResourceUnit--TYPE-arrow\"]"}
RESULT: {"using":"xpath","value":"//*[@id=\"application-manageresources-display-component---newResourceUnit--TYPE-arrow\"]"}
COMMAND: POST /session/3fbb5aa961da27feb6cf7ecb004886db/element/f.0763987BF21D2E15D38664A642A1837D.d.24B5514E17D8FACEF340F74FD30D15D1.e.16910/click - {}
RESULT: {}
COMMAND: POST /session/3fbb5aa961da27feb6cf7ecb004886db/element - {"using":"xpath","value":"//input[@id=\"application-manageresources-display-component---newResourceUnit--TYPE-inner\"]"}
COMMAND: GET /session/3fbb5aa961da27feb6cf7ecb004886db/screenshot - {}
RESULT: {"using":"xpath","value":"//input[@id=\"application-manageresources-display-component---newResourceUnit--TYPE-inner\"]"}
COMMAND: POST /session/3fbb5aa961da27feb6cf7ecb004886db/element/f.0763987BF21D2E15D38664A642A1837D.d.24B5514E17D8FACEF340F74FD30D15D1.e.16646/clear - {}
RESULT: {}
RESULT: {}
COMMAND: POST /session/3fbb5aa961da27feb6cf7ecb004886db/element/f.0763987BF21D2E15D38664A642A1837D.d.24B5514E17D8FACEF340F74FD30D15D1.e.16646/value - {"text":"Equipment"}
COMMAND: GET /session/3fbb5aa961da27feb6cf7ecb004886db/screenshot - {}
RESULT: {"text":"Equipment"}
COMMAND: GET /session/3fbb5aa961da27feb6cf7ecb004886db/screenshot - {}
RESULT: {}
RESULT: {}
COMMAND: POST /session/3fbb5aa961da27feb6cf7ecb004886db/actions - {"actions":[{"id":"action57","type":"key","parameters":{},"actions":[{"type":"keyDown","value":""},{"type":"pause","duration":10},{"type":"keyUp","value":""}]}]}
RESULT: {"actions":[{"id":"action57","type":"key","parameters":{},"actions":[{"type":"keyDown","value":""},{"type":"pause","duration":10},{"type":"keyUp","value":""}]}]}
COMMAND: POST /session/3fbb5aa961da27feb6cf7ecb004886db/execute/async - {"script":"<script> [1562 bytes]","args":[{"selector":{"id":"application-manageresources-display-component---newResourceUnit--resourceId","interaction":{"idSuffix":"inner"}},"wdio_ui5_key":"applicationmanageresources-display-component---newResourceUnit--resourceId"}]}
COMMAND: GET /session/3fbb5aa961da27feb6cf7ecb004886db/screenshot - {}
RESULT: {"script":"<script> [1562 bytes]","args":[{"selector":{"id":"application-manageresources-display-component---newResourceUnit--resourceId","interaction":{"idSuffix":"inner"}},"wdio_ui5_key":"applicationmanageresources-display-component---newResourceUnit--resourceId"}]}
RESULT: undefined
COMMAND: POST /session/3fbb5aa961da27feb6cf7ecb004886db/execute/async - {"script":"<script> [776 bytes]","args":[{"enterText":"KXUMReOD3n","selector":{"id":"application-manageresources-display-component---newResourceUnit--resourceId","interaction":{"idSuffix":"inner"}},"clearTextFirst":true,"interactionType":"ENTER_TEXT"}]}
RESULT: {}
RESULT: {"script":"<script> [776 bytes]","args":[{"enterText":"KXUMReOD3n","selector":{"id":"application-manageresources-display-component---newResourceUnit--resourceId","interaction":{"idSuffix":"inner"}},"clearTextFirst":true,"interactionType":"ENTER_TEXT"}]}
COMMAND: POST /session/3fbb5aa961da27feb6cf7ecb004886db/execute/async - {"script":"<script> [1562 bytes]","args":[{"selector":{"id":"application-manageresources-display-component---newResourceUnit--SHORT_TEXT","interaction":{"idSuffix":"inner"}},"wdio_ui5_key":"applicationmanageresources-display-component---newResourceUnit--SHORT_TEXT"}]}
RESULT: {"script":"<script> [1562 bytes]","args":[{"selector":{"id":"application-manageresources-display-component---newResourceUnit--SHORT_TEXT","interaction":{"idSuffix":"inner"}},"wdio_ui5_key":"applicationmanageresources-display-component---newResourceUnit--SHORT_TEXT"}]}
RESULT: undefined
COMMAND: POST /session/3fbb5aa961da27feb6cf7ecb004886db/execute/async - {"script":"<script> [776 bytes]","args":[{"enterText":"Intercompany Equipment WDIO","selector":{"id":"application-manageresources-display-component---newResourceUnit--SHORT_TEXT","interaction":{"idSuffix":"inner"}},"clearTextFirst":true,"interactionType":"ENTER_TEXT"}]}
RESULT: {"script":"<script> [776 bytes]","args":[{"enterText":"Intercompany Equipment WDIO","selector":{"id":"application-manageresources-display-component---newResourceUnit--SHORT_TEXT","interaction":{"idSuffix":"inner"}},"clearTextFirst":true,"interactionType":"ENTER_TEXT"}]}
COMMAND: POST /session/3fbb5aa961da27feb6cf7ecb004886db/execute/async - {"script":"<script> [1562 bytes]","args":[{"selector":{"id":"application-manageresources-display-component---newResourceUnit--BASE_UNIT_OF_MEASURE","interaction":{"idSuffix":"inner"}},"wdio_ui5_key":"applicationmanageresources-display-component---newResourceUnit--BASE_UNIT_OF_MEASURE"}]}
RESULT: {"script":"<script> [1562 bytes]","args":[{"selector":{"id":"application-manageresources-display-component---newResourceUnit--BASE_UNIT_OF_MEASURE","interaction":{"idSuffix":"inner"}},"wdio_ui5_key":"applicationmanageresources-display-component---newResourceUnit--BASE_UNIT_OF_MEASURE"}]}
RESULT: undefined
COMMAND: POST /session/3fbb5aa961da27feb6cf7ecb004886db/execute/async - {"script":"<script> [776 bytes]","args":[{"enterText":"Piece","selector":{"id":"application-manageresources-display-component---newResourceUnit--BASE_UNIT_OF_MEASURE","interaction":{"idSuffix":"inner"}},"clearTextFirst":true,"interactionType":"ENTER_TEXT"}]}
RESULT: {"script":"<script> [776 bytes]","args":[{"enterText":"Piece","selector":{"id":"application-manageresources-display-component---newResourceUnit--BASE_UNIT_OF_MEASURE","interaction":{"idSuffix":"inner"}},"clearTextFirst":true,"interactionType":"ENTER_TEXT"}]}
COMMAND: POST /session/3fbb5aa961da27feb6cf7ecb004886db/execute/async - {"script":"<script> [1562 bytes]","args":[{"selector":{"id":"application-manageresources-display-component---newResourceUnit--WEIGHT_UNIT","interaction":{"idSuffix":"inner"}},"wdio_ui5_key":"applicationmanageresources-display-component---newResourceUnit--WEIGHT_UNIT"}]}
RESULT: {"script":"<script> [1562 bytes]","args":[{"selector":{"id":"application-manageresources-display-component---newResourceUnit--WEIGHT_UNIT","interaction":{"idSuffix":"inner"}},"wdio_ui5_key":"applicationmanageresources-display-component---newResourceUnit--WEIGHT_UNIT"}]}
RESULT: undefined
COMMAND: POST /session/3fbb5aa961da27feb6cf7ecb004886db/execute/async - {"script":"<script> [776 bytes]","args":[{"enterText":"Gram","selector":{"id":"application-manageresources-display-component---newResourceUnit--WEIGHT_UNIT","interaction":{"idSuffix":"inner"}},"clearTextFirst":true,"interactionType":"ENTER_TEXT"}]}
RESULT: {"script":"<script> [776 bytes]","args":[{"enterText":"Gram","selector":{"id":"application-manageresources-display-component---newResourceUnit--WEIGHT_UNIT","interaction":{"idSuffix":"inner"}},"clearTextFirst":true,"interactionType":"ENTER_TEXT"}]}
COMMAND: POST /session/3fbb5aa961da27feb6cf7ecb004886db/execute/async - {"script":"<script> [1562 bytes]","args":[{"selector":{"id":"application-manageresources-display-component---newResourceUnit--DIMENSION_UNIT","interaction":{"idSuffix":"inner"}},"wdio_ui5_key":"applicationmanageresources-display-component---newResourceUnit--DIMENSION_UNIT"}]}
RESULT: {"script":"<script> [1562 bytes]","args":[{"selector":{"id":"application-manageresources-display-component---newResourceUnit--DIMENSION_UNIT","interaction":{"idSuffix":"inner"}},"wdio_ui5_key":"applicationmanageresources-display-component---newResourceUnit--DIMENSION_UNIT"}]}
RESULT: undefined
COMMAND: POST /session/3fbb5aa961da27feb6cf7ecb004886db/execute/async - {"script":"<script> [776 bytes]","args":[{"enterText":"Meter","selector":{"id":"application-manageresources-display-component---newResourceUnit--DIMENSION_UNIT","interaction":{"idSuffix":"inner"}},"clearTextFirst":true,"interactionType":"ENTER_TEXT"}]}
RESULT: {"script":"<script> [776 bytes]","args":[{"enterText":"Meter","selector":{"id":"application-manageresources-display-component---newResourceUnit--DIMENSION_UNIT","interaction":{"idSuffix":"inner"}},"clearTextFirst":true,"interactionType":"ENTER_TEXT"}]}
COMMAND: POST /session/3fbb5aa961da27feb6cf7ecb004886db/execute/async - {"script":"<script> [1562 bytes]","args":[{"selector":{"id":"application-manageresources-display-component---newResourceUnit--newRRUPage-anchBar-application-manageresources-display-component---newResourceUnit--control-anchor","interaction":{"idSuffix":"BDI-content"}},"wdio_ui5_key":"applicationmanageresources-display-component---newResourceUnit--newRRUPage-anchBar-application-manageresources-display-component---newResourceUnit--control-anchor"}]}
RESULT: {"script":"<script> [1562 bytes]","args":[{"selector":{"id":"application-manageresources-display-component---newResourceUnit--newRRUPage-anchBar-application-manageresources-display-component---newResourceUnit--control-anchor","interaction":{"idSuffix":"BDI-content"}},"wdio_ui5_key":"applicationmanageresources-display-component---newResourceUnit--newRRUPage-anchBar-application-manageresources-display-component---newResourceUnit--control-anchor"}]}
RESULT: undefined
COMMAND: POST /session/3fbb5aa961da27feb6cf7ecb004886db/element - {"using":"xpath","value":"//*[@id=\"application-manageresources-display-component---newResourceUnit--newRRUPage-anchBar-application-manageresources-display-component---newResourceUnit--control-anchor\"]"}
RESULT: {"using":"xpath","value":"//*[@id=\"application-manageresources-display-component---newResourceUnit--newRRUPage-anchBar-application-manageresources-display-component---newResourceUnit--control-anchor\"]"}
COMMAND: POST /session/3fbb5aa961da27feb6cf7ecb004886db/element/f.0763987BF21D2E15D38664A642A1837D.d.24B5514E17D8FACEF340F74FD30D15D1.e.17044/click - {}
RESULT: {}
COMMAND: POST /session/3fbb5aa961da27feb6cf7ecb004886db/execute/async - {"script":"<script> [1562 bytes]","args":[{"selector":{"id":"application-manageresources-display-component---newResourceUnit--PLANNING_GROUP","interaction":{"idSuffix":"inner"}},"wdio_ui5_key":"applicationmanageresources-display-component---newResourceUnit--PLANNING_GROUP"}]}
COMMAND: GET /session/3fbb5aa961da27feb6cf7ecb004886db/screenshot - {}
RESULT: {"script":"<script> [1562 bytes]","args":[{"selector":{"id":"application-manageresources-display-component---newResourceUnit--PLANNING_GROUP","interaction":{"idSuffix":"inner"}},"wdio_ui5_key":"applicationmanageresources-display-component---newResourceUnit--PLANNING_GROUP"}]}
RESULT: undefined
COMMAND: POST /session/3fbb5aa961da27feb6cf7ecb004886db/execute/async - {"script":"<script> [776 bytes]","args":[{"enterText":"Heavy Equi","selector":{"id":"application-manageresources-display-component---newResourceUnit--PLANNING_GROUP","interaction":{"idSuffix":"inner"}},"clearTextFirst":true,"interactionType":"ENTER_TEXT"}]}
RESULT: {}
RESULT: {"script":"<script> [776 bytes]","args":[{"enterText":"Heavy Equi","selector":{"id":"application-manageresources-display-component---newResourceUnit--PLANNING_GROUP","interaction":{"idSuffix":"inner"}},"clearTextFirst":true,"interactionType":"ENTER_TEXT"}]}
COMMAND: POST /session/3fbb5aa961da27feb6cf7ecb004886db/execute/async - {"script":"<script> [1562 bytes]","args":[{"selector":{"id":"application-manageresources-display-component---newResourceUnit--ITEM_TYPE-arrow"},"wdio_ui5_key":"applicationmanageresources-display-component---newResourceUnit--ITEM_TYPE-arrow"}]}
RESULT: {"script":"<script> [1562 bytes]","args":[{"selector":{"id":"application-manageresources-display-component---newResourceUnit--ITEM_TYPE-arrow"},"wdio_ui5_key":"applicationmanageresources-display-component---newResourceUnit--ITEM_TYPE-arrow"}]}
RESULT: undefined
COMMAND: POST /session/3fbb5aa961da27feb6cf7ecb004886db/element - {"using":"xpath","value":"//*[@id=\"application-manageresources-display-component---newResourceUnit--ITEM_TYPE-arrow\"]"}
RESULT: {"using":"xpath","value":"//*[@id=\"application-manageresources-display-component---newResourceUnit--ITEM_TYPE-arrow\"]"}
COMMAND: POST /session/3fbb5aa961da27feb6cf7ecb004886db/element/f.0763987BF21D2E15D38664A642A1837D.d.24B5514E17D8FACEF340F74FD30D15D1.e.17053/click - {}
RESULT: {}
COMMAND: POST /session/3fbb5aa961da27feb6cf7ecb004886db/element - {"using":"xpath","value":"(//span[contains(text(), \"Resource Unit\")])[2]"}
COMMAND: GET /session/3fbb5aa961da27feb6cf7ecb004886db/screenshot - {}
RESULT: {"using":"xpath","value":"(//span[contains(text(), \"Resource Unit\")])[2]"}
COMMAND: POST /session/3fbb5aa961da27feb6cf7ecb004886db/element/f.0763987BF21D2E15D38664A642A1837D.d.24B5514E17D8FACEF340F74FD30D15D1.e.17054/click - {}
RESULT: {}
RESULT: {}
COMMAND: GET /session/3fbb5aa961da27feb6cf7ecb004886db/screenshot - {}
RESULT: {}
COMMAND: POST /session/3fbb5aa961da27feb6cf7ecb004886db/element - {"using":"css selector","value":"#application-manageresources-display-component---newResourceUnit--btnAddTimeSegment"}
RESULT: {"using":"css selector","value":"#application-manageresources-display-component---newResourceUnit--btnAddTimeSegment"}
COMMAND: GET /session/3fbb5aa961da27feb6cf7ecb004886db/element/f.0763987BF21D2E15D38664A642A1837D.d.24B5514E17D8FACEF340F74FD30D15D1.e.17055/rect - {}
RESULT: {}
COMMAND: GET /session/3fbb5aa961da27feb6cf7ecb004886db/window/rect - {}
RESULT: {}
COMMAND: POST /session/3fbb5aa961da27feb6cf7ecb004886db/execute/sync - {"script":"<script> [92 bytes]","args":[]}
RESULT: {"script":"<script> [92 bytes]","args":[]}
COMMAND: POST /session/3fbb5aa961da27feb6cf7ecb004886db/actions - {"actions":[{"id":"action58","type":"wheel","parameters":{},"actions":[{"type":"scroll","x":-1888,"y":-32,"deltaX":0,"deltaY":0,"duration":0,"origin":{"element-6066-11e4-a52e-4f735466cecf":"f.0763987BF21D2E15D38664A642A1837D.d.24B5514E17D8FACEF340F74FD30D15D1.e.17055"}}]}]}
COMMAND: GET /session/3fbb5aa961da27feb6cf7ecb004886db/screenshot - {}
RESULT: {}
COMMAND: POST /session/3fbb5aa961da27feb6cf7ecb004886db/execute/sync - {"script":"<script> [79 bytes]","args":[{"element-6066-11e4-a52e-4f735466cecf":"f.0763987BF21D2E15D38664A642A1837D.d.24B5514E17D8FACEF340F74FD30D15D1.e.17055","ELEMENT":"f.0763987BF21D2E15D38664A642A1837D.d.24B5514E17D8FACEF340F74FD30D15D1.e.17055"},{"block":"start","inline":"nearest"}]}
RESULT: {"script":"<script> [79 bytes]","args":[{"element-6066-11e4-a52e-4f735466cecf":"f.0763987BF21D2E15D38664A642A1837D.d.24B5514E17D8FACEF340F74FD30D15D1.e.17055","ELEMENT":"f.0763987BF21D2E15D38664A642A1837D.d.24B5514E17D8FACEF340F74FD30D15D1.e.17055"},{"block":"start","inline":"nearest"}]}
COMMAND: POST /session/3fbb5aa961da27feb6cf7ecb004886db/execute/async - {"script":"<script> [1562 bytes]","args":[{"selector":{"id":"application-manageresources-display-component---newResourceUnit--btnAddTimeSegment","interaction":{"idSuffix":"inner"}},"wdio_ui5_key":"applicationmanageresources-display-component---newResourceUnit--btnAddTimeSegment"}]}
COMMAND: GET /session/3fbb5aa961da27feb6cf7ecb004886db/screenshot - {}
RESULT: {"script":"<script> [1562 bytes]","args":[{"selector":{"id":"application-manageresources-display-component---newResourceUnit--btnAddTimeSegment","interaction":{"idSuffix":"inner"}},"wdio_ui5_key":"applicationmanageresources-display-component---newResourceUnit--btnAddTimeSegment"}]}
RESULT: undefined
COMMAND: POST /session/3fbb5aa961da27feb6cf7ecb004886db/element - {"using":"xpath","value":"//*[@id=\"application-manageresources-display-component---newResourceUnit--btnAddTimeSegment\"]"}
RESULT: {}
RESULT: {"using":"xpath","value":"//*[@id=\"application-manageresources-display-component---newResourceUnit--btnAddTimeSegment\"]"}
COMMAND: POST /session/3fbb5aa961da27feb6cf7ecb004886db/element/f.0763987BF21D2E15D38664A642A1837D.d.24B5514E17D8FACEF340F74FD30D15D1.e.17055/click - {}
RESULT: {}
COMMAND: GET /session/3fbb5aa961da27feb6cf7ecb004886db/screenshot - {}
RESULT: {}
COMMAND: POST /session/3fbb5aa961da27feb6cf7ecb004886db/element - {"using":"xpath","value":"//input[@id=\"application-manageresources-display-component---newResourceUnit--idRuTSAdmin-application-manageresources-display-component---newResourceUnit--RUTimeSegment-0-inner\"]"}
RESULT: {"using":"xpath","value":"//input[@id=\"application-manageresources-display-component---newResourceUnit--idRuTSAdmin-application-manageresources-display-component---newResourceUnit--RUTimeSegment-0-inner\"]"}
COMMAND: POST /session/3fbb5aa961da27feb6cf7ecb004886db/element/f.0763987BF21D2E15D38664A642A1837D.d.24B5514E17D8FACEF340F74FD30D15D1.e.17061/clear - {}
RESULT: {}
COMMAND: POST /session/3fbb5aa961da27feb6cf7ecb004886db/element/f.0763987BF21D2E15D38664A642A1837D.d.24B5514E17D8FACEF340F74FD30D15D1.e.17061/value - {"text":"478"}
COMMAND: GET /session/3fbb5aa961da27feb6cf7ecb004886db/screenshot - {}
RESULT: {"text":"478"}
COMMAND: GET /session/3fbb5aa961da27feb6cf7ecb004886db/screenshot - {}
RESULT: {}
RESULT: {}
COMMAND: POST /session/3fbb5aa961da27feb6cf7ecb004886db/element - {"using":"xpath","value":"//li[.//span[text()='478']]"}
RESULT: {"using":"xpath","value":"//li[.//span[text()='478']]"}
COMMAND: POST /session/3fbb5aa961da27feb6cf7ecb004886db/element/f.0763987BF21D2E15D38664A642A1837D.d.24B5514E17D8FACEF340F74FD30D15D1.e.17075/click - {}
RESULT: {}
COMMAND: GET /session/3fbb5aa961da27feb6cf7ecb004886db/screenshot - {}
RESULT: {}
COMMAND: POST /session/3fbb5aa961da27feb6cf7ecb004886db/element - {"using":"xpath","value":"(//span[contains(@id, \"-application-manageresources-display-component---newResourceUnit--RUTimeSegment-0-arrow\")])[6]"}
RESULT: {"using":"xpath","value":"(//span[contains(@id, \"-application-manageresources-display-component---newResourceUnit--RUTimeSegment-0-arrow\")])[6]"}
COMMAND: POST /session/3fbb5aa961da27feb6cf7ecb004886db/element/f.0763987BF21D2E15D38664A642A1837D.d.24B5514E17D8FACEF340F74FD30D15D1.e.17076/click - {}
RESULT: {}
COMMAND: POST /session/3fbb5aa961da27feb6cf7ecb004886db/element - {"using":"xpath","value":"//span[contains(text(), \"PM Order\")]"}
COMMAND: GET /session/3fbb5aa961da27feb6cf7ecb004886db/screenshot - {}
RESULT: {"using":"xpath","value":"//span[contains(text(), \"PM Order\")]"}
COMMAND: POST /session/3fbb5aa961da27feb6cf7ecb004886db/element/f.0763987BF21D2E15D38664A642A1837D.d.24B5514E17D8FACEF340F74FD30D15D1.e.17079/click - {}
RESULT: {}
RESULT: {}
COMMAND: GET /session/3fbb5aa961da27feb6cf7ecb004886db/screenshot - {}
RESULT: {}
COMMAND: POST /session/3fbb5aa961da27feb6cf7ecb004886db/element - {"using":"xpath","value":"(//span[contains(@id ,\"manageresources-display-component---newResourceUnit--RUTimeSegment-0-vhi\")])[2]"}
RESULT: {"using":"xpath","value":"(//span[contains(@id ,\"manageresources-display-component---newResourceUnit--RUTimeSegment-0-vhi\")])[2]"}
COMMAND: POST /session/3fbb5aa961da27feb6cf7ecb004886db/element/f.0763987BF21D2E15D38664A642A1837D.d.24B5514E17D8FACEF340F74FD30D15D1.e.17082/click - {}
RESULT: {}
COMMAND: GET /session/3fbb5aa961da27feb6cf7ecb004886db/screenshot - {}
RESULT: {}
COMMAND: POST /session/3fbb5aa961da27feb6cf7ecb004886db/execute/async - {"script":"<script> [1562 bytes]","args":[{"selector":{"controlType":"sap.m.SearchField","properties":{"placeholder":"Search"},"searchOpenDialogs":true,"interaction":{"idSuffix":"I"}},"wdio_ui5_key":"sapm.SearchField{\"placeholder\":\"Search\"}"}]}
RESULT: {"script":"<script> [1562 bytes]","args":[{"selector":{"controlType":"sap.m.SearchField","properties":{"placeholder":"Search"},"searchOpenDialogs":true,"interaction":{"idSuffix":"I"}},"wdio_ui5_key":"sapm.SearchField{\"placeholder\":\"Search\"}"}]}
RESULT: undefined
COMMAND: POST /session/3fbb5aa961da27feb6cf7ecb004886db/execute/async - {"script":"<script> [776 bytes]","args":[{"enterText":"4000360","selector":{"controlType":"sap.m.SearchField","properties":{"placeholder":"Search"},"searchOpenDialogs":true,"interaction":{"idSuffix":"I"}},"clearTextFirst":true,"interactionType":"ENTER_TEXT"}]}
RESULT: {"script":"<script> [776 bytes]","args":[{"enterText":"4000360","selector":{"controlType":"sap.m.SearchField","properties":{"placeholder":"Search"},"searchOpenDialogs":true,"interaction":{"idSuffix":"I"}},"clearTextFirst":true,"interactionType":"ENTER_TEXT"}]}
COMMAND: POST /session/3fbb5aa961da27feb6cf7ecb004886db/actions - {"actions":[{"id":"action59","type":"key","parameters":{},"actions":[{"type":"keyDown","value":""},{"type":"pause","duration":10},{"type":"keyUp","value":""}]}]}
RESULT: {"actions":[{"id":"action59","type":"key","parameters":{},"actions":[{"type":"keyDown","value":""},{"type":"pause","duration":10},{"type":"keyUp","value":""}]}]}
COMMAND: GET /session/3fbb5aa961da27feb6cf7ecb004886db/screenshot - {}
RESULT: {}
COMMAND: POST /session/3fbb5aa961da27feb6cf7ecb004886db/element - {"using":"xpath","value":"//td/div/span[contains(text(), \"BGL Vehicles\")]"}
RESULT: {"using":"xpath","value":"//td/div/span[contains(text(), \"BGL Vehicles\")]"}
COMMAND: POST /session/3fbb5aa961da27feb6cf7ecb004886db/element/f.0763987BF21D2E15D38664A642A1837D.d.24B5514E17D8FACEF340F74FD30D15D1.e.17101/click - {}
RESULT: {}
COMMAND: GET /session/3fbb5aa961da27feb6cf7ecb004886db/screenshot - {}
RESULT: {}
COMMAND: POST /session/3fbb5aa961da27feb6cf7ecb004886db/element - {"using":"xpath","value":"//bdi[contains(text(), \"OK\")]"}
RESULT: {"using":"xpath","value":"//bdi[contains(text(), \"OK\")]"}
COMMAND: POST /session/3fbb5aa961da27feb6cf7ecb004886db/element/f.0763987BF21D2E15D38664A642A1837D.d.24B5514E17D8FACEF340F74FD30D15D1.e.17102/click - {}
RESULT: {}
COMMAND: GET /session/3fbb5aa961da27feb6cf7ecb004886db/screenshot - {}
RESULT: {}
COMMAND: POST /session/3fbb5aa961da27feb6cf7ecb004886db/execute/async - {"script":"<script> [1562 bytes]","args":[{"selector":{"id":"application-manageresources-display-component---newResourceUnit--newRRUPage-anchBar-application-manageresources-display-component---newResourceUnit--resource-anchor","interaction":{"idSuffix":"BDI-content"}},"wdio_ui5_key":"applicationmanageresources-display-component---newResourceUnit--newRRUPage-anchBar-application-manageresources-display-component---newResourceUnit--resource-anchor"}]}
RESULT: {"script":"<script> [1562 bytes]","args":[{"selector":{"id":"application-manageresources-display-component---newResourceUnit--newRRUPage-anchBar-application-manageresources-display-component---newResourceUnit--resource-anchor","interaction":{"idSuffix":"BDI-content"}},"wdio_ui5_key":"applicationmanageresources-display-component---newResourceUnit--newRRUPage-anchBar-application-manageresources-display-component---newResourceUnit--resource-anchor"}]}
RESULT: undefined
COMMAND: POST /session/3fbb5aa961da27feb6cf7ecb004886db/element - {"using":"xpath","value":"//*[@id=\"application-manageresources-display-component---newResourceUnit--newRRUPage-anchBar-application-manageresources-display-component---newResourceUnit--resource-anchor\"]"}
RESULT: {"using":"xpath","value":"//*[@id=\"application-manageresources-display-component---newResourceUnit--newRRUPage-anchBar-application-manageresources-display-component---newResourceUnit--resource-anchor\"]"}
COMMAND: POST /session/3fbb5aa961da27feb6cf7ecb004886db/element/f.0763987BF21D2E15D38664A642A1837D.d.24B5514E17D8FACEF340F74FD30D15D1.e.17106/click - {}
RESULT: {}
COMMAND: POST /session/3fbb5aa961da27feb6cf7ecb004886db/execute/async - {"script":"<script> [1562 bytes]","args":[{"selector":{"id":"application-manageresources-display-component---newResourceUnit--PLANNED_DELIVERY_DATE","interaction":{"idSuffix":"inner"}},"wdio_ui5_key":"applicationmanageresources-display-component---newResourceUnit--PLANNED_DELIVERY_DATE"}]}
COMMAND: GET /session/3fbb5aa961da27feb6cf7ecb004886db/screenshot - {}
RESULT: {"script":"<script> [1562 bytes]","args":[{"selector":{"id":"application-manageresources-display-component---newResourceUnit--PLANNED_DELIVERY_DATE","interaction":{"idSuffix":"inner"}},"wdio_ui5_key":"applicationmanageresources-display-component---newResourceUnit--PLANNED_DELIVERY_DATE"}]}
RESULT: undefined
COMMAND: POST /session/3fbb5aa961da27feb6cf7ecb004886db/execute/async - {"script":"<script> [6424 bytes]","args":[{"element-6066-11e4-a52e-4f735466cecf":"f.0763987BF21D2E15D38664A642A1837D.d.24B5514E17D8FACEF340F74FD30D15D1.e.16967"},"setValue",["4/17/25"]]}
RESULT: {}
RESULT: {"script":"<script> [6424 bytes]","args":[{"element-6066-11e4-a52e-4f735466cecf":"f.0763987BF21D2E15D38664A642A1837D.d.24B5514E17D8FACEF340F74FD30D15D1.e.16967"},"setValue",["4/17/25"]]}
COMMAND: POST /session/3fbb5aa961da27feb6cf7ecb004886db/element - {"using":"xpath","value":"//button[@data-kt=\"resourceUnitSaveButton\"]"}
RESULT: {"using":"xpath","value":"//button[@data-kt=\"resourceUnitSaveButton\"]"}
COMMAND: POST /session/3fbb5aa961da27feb6cf7ecb004886db/element/f.0763987BF21D2E15D38664A642A1837D.d.24B5514E17D8FACEF340F74FD30D15D1.e.16927/click - {}
RESULT: {}
COMMAND: GET /session/3fbb5aa961da27feb6cf7ecb004886db/screenshot - {}
RESULT: {}
COMMAND: POST /session/3fbb5aa961da27feb6cf7ecb004886db/element - {"using":"xpath","value":"//bdi[contains(text(), \"Close\")]"}
RESULT: {"using":"xpath","value":"//bdi[contains(text(), \"Close\")]"}
COMMAND: POST /session/3fbb5aa961da27feb6cf7ecb004886db/element/f.0763987BF21D2E15D38664A642A1837D.d.24B5514E17D8FACEF340F74FD30D15D1.e.17114/click - {}
RESULT: {}
COMMAND: GET /session/3fbb5aa961da27feb6cf7ecb004886db/screenshot - {}
COMMAND: POST /session/3fbb5aa961da27feb6cf7ecb004886db/element - {"using":"xpath","value":"(//button[contains(@id ,\"actionsToolbar-overflowButton\")])[1]"}
RESULT: {}
RESULT: {"using":"xpath","value":"(//button[contains(@id ,\"actionsToolbar-overflowButton\")])[1]"}
COMMAND: POST /session/3fbb5aa961da27feb6cf7ecb004886db/element/f.0763987BF21D2E15D38664A642A1837D.d.24B5514E17D8FACEF340F74FD30D15D1.e.17165/click - {}
RESULT: {}
COMMAND: GET /session/3fbb5aa961da27feb6cf7ecb004886db/screenshot - {}
RESULT: {}
COMMAND: POST /session/3fbb5aa961da27feb6cf7ecb004886db/element - {"using":"xpath","value":"//button[@data-kt=\"priceInfoButton\"]"}
RESULT: {"using":"xpath","value":"//button[@data-kt=\"priceInfoButton\"]"}
COMMAND: POST /session/3fbb5aa961da27feb6cf7ecb004886db/element/f.0763987BF21D2E15D38664A642A1837D.d.24B5514E17D8FACEF340F74FD30D15D1.e.17171/click - {}
RESULT: {}
COMMAND: GET /session/3fbb5aa961da27feb6cf7ecb004886db/screenshot - {}
]]></system-out>
    </testcase>
    <testcase classname="chrome.135_0_7049_42.windows.Create_Reverse_Billing_US127248" name="Should create a pricing procedure" time="59.538">
      <system-out><![CDATA[
COMMAND: POST /session/3fbb5aa961da27feb6cf7ecb004886db/element - {"using":"xpath","value":"//button[@data-kt=\"addButton\"]"}
RESULT: {}
RESULT: {"using":"xpath","value":"//button[@data-kt=\"addButton\"]"}
COMMAND: POST /session/3fbb5aa961da27feb6cf7ecb004886db/elements - {"using":"xpath","value":"//button[@data-kt=\"addButton\"]"}
RESULT: {"using":"xpath","value":"//button[@data-kt=\"addButton\"]"}
COMMAND: POST /session/3fbb5aa961da27feb6cf7ecb004886db/execute/sync - {"script":"<script> [8489 bytes]","args":[{"element-6066-11e4-a52e-4f735466cecf":"f.0763987BF21D2E15D38664A642A1837D.d.24B5514E17D8FACEF340F74FD30D15D1.e.17207","ELEMENT":"f.0763987BF21D2E15D38664A642A1837D.d.24B5514E17D8FACEF340F74FD30D15D1.e.17207"}]}
RESULT: {"script":"<script> [8489 bytes]","args":[{"element-6066-11e4-a52e-4f735466cecf":"f.0763987BF21D2E15D38664A642A1837D.d.24B5514E17D8FACEF340F74FD30D15D1.e.17207","ELEMENT":"f.0763987BF21D2E15D38664A642A1837D.d.24B5514E17D8FACEF340F74FD30D15D1.e.17207"}]}
COMMAND: GET /session/3fbb5aa961da27feb6cf7ecb004886db/element/f.0763987BF21D2E15D38664A642A1837D.d.24B5514E17D8FACEF340F74FD30D15D1.e.17207/enabled - {}
COMMAND: GET /session/3fbb5aa961da27feb6cf7ecb004886db/screenshot - {}
RESULT: {}
COMMAND: POST /session/3fbb5aa961da27feb6cf7ecb004886db/execute/sync - {"script":"<script> [8489 bytes]","args":[{"element-6066-11e4-a52e-4f735466cecf":"f.0763987BF21D2E15D38664A642A1837D.d.24B5514E17D8FACEF340F74FD30D15D1.e.17207","ELEMENT":"f.0763987BF21D2E15D38664A642A1837D.d.24B5514E17D8FACEF340F74FD30D15D1.e.17207"}]}
COMMAND: GET /session/3fbb5aa961da27feb6cf7ecb004886db/screenshot - {}
RESULT: {}
RESULT: {"script":"<script> [8489 bytes]","args":[{"element-6066-11e4-a52e-4f735466cecf":"f.0763987BF21D2E15D38664A642A1837D.d.24B5514E17D8FACEF340F74FD30D15D1.e.17207","ELEMENT":"f.0763987BF21D2E15D38664A642A1837D.d.24B5514E17D8FACEF340F74FD30D15D1.e.17207"}]}
COMMAND: POST /session/3fbb5aa961da27feb6cf7ecb004886db/execute/sync - {"script":"<script> [5351 bytes]","args":[{"element-6066-11e4-a52e-4f735466cecf":"f.0763987BF21D2E15D38664A642A1837D.d.24B5514E17D8FACEF340F74FD30D15D1.e.17207","ELEMENT":"f.0763987BF21D2E15D38664A642A1837D.d.24B5514E17D8FACEF340F74FD30D15D1.e.17207"}]}
COMMAND: GET /session/3fbb5aa961da27feb6cf7ecb004886db/screenshot - {}
RESULT: {}
RESULT: {"script":"<script> [5351 bytes]","args":[{"element-6066-11e4-a52e-4f735466cecf":"f.0763987BF21D2E15D38664A642A1837D.d.24B5514E17D8FACEF340F74FD30D15D1.e.17207","ELEMENT":"f.0763987BF21D2E15D38664A642A1837D.d.24B5514E17D8FACEF340F74FD30D15D1.e.17207"}]}
COMMAND: POST /session/3fbb5aa961da27feb6cf7ecb004886db/element/f.0763987BF21D2E15D38664A642A1837D.d.24B5514E17D8FACEF340F74FD30D15D1.e.17207/click - {}
COMMAND: GET /session/3fbb5aa961da27feb6cf7ecb004886db/screenshot - {}
RESULT: {}
RESULT: {}
COMMAND: GET /session/3fbb5aa961da27feb6cf7ecb004886db/screenshot - {}
RESULT: {}
RESULT: {}
COMMAND: POST /session/3fbb5aa961da27feb6cf7ecb004886db/execute/async - {"script":"<script> [1562 bytes]","args":[{"selector":{"controlType":"sap.m.Title","viewName":"etm.portal.ui.managepricingrules.view.NewItem","viewId":"application-managepricingrules-display-component---newInfoPriceItem","properties":{"text":"New Pricing Rules - Item Level"}},"wdio_ui5_key":"etmportal.ui.managepricingrules.view.NewItemsap.m.Title{\"text\":\"New Pricing Rules - Item Level\"}"}]}
RESULT: {"script":"<script> [1562 bytes]","args":[{"selector":{"controlType":"sap.m.Title","viewName":"etm.portal.ui.managepricingrules.view.NewItem","viewId":"application-managepricingrules-display-component---newInfoPriceItem","properties":{"text":"New Pricing Rules - Item Level"}},"wdio_ui5_key":"etmportal.ui.managepricingrules.view.NewItemsap.m.Title{\"text\":\"New Pricing Rules - Item Level\"}"}]}
RESULT: undefined
COMMAND: POST /session/3fbb5aa961da27feb6cf7ecb004886db/execute/async - {"script":"<script> [6424 bytes]","args":[{"element-6066-11e4-a52e-4f735466cecf":"f.0763987BF21D2E15D38664A642A1837D.d.24B5514E17D8FACEF340F74FD30D15D1.e.17291"},"getText",[]]}
RESULT: {"script":"<script> [6424 bytes]","args":[{"element-6066-11e4-a52e-4f735466cecf":"f.0763987BF21D2E15D38664A642A1837D.d.24B5514E17D8FACEF340F74FD30D15D1.e.17291"},"getText",[]]}
COMMAND: POST /session/3fbb5aa961da27feb6cf7ecb004886db/execute/async - {"script":"<script> [1562 bytes]","args":[{"selector":{"id":"application-managepricingrules-display-component---newInfoPriceItem--condValidTo","interaction":{"idSuffix":"inner"}},"wdio_ui5_key":"applicationmanagepricingrules-display-component---newInfoPriceItem--condValidTo"}]}
RESULT: {"script":"<script> [1562 bytes]","args":[{"selector":{"id":"application-managepricingrules-display-component---newInfoPriceItem--condValidTo","interaction":{"idSuffix":"inner"}},"wdio_ui5_key":"applicationmanagepricingrules-display-component---newInfoPriceItem--condValidTo"}]}
RESULT: undefined
COMMAND: POST /session/3fbb5aa961da27feb6cf7ecb004886db/execute/async - {"script":"<script> [776 bytes]","args":[{"enterText":"12/17/25","selector":{"id":"application-managepricingrules-display-component---newInfoPriceItem--condValidTo","interaction":{"idSuffix":"inner"}},"clearTextFirst":true,"interactionType":"ENTER_TEXT"}]}
RESULT: {"script":"<script> [776 bytes]","args":[{"enterText":"12/17/25","selector":{"id":"application-managepricingrules-display-component---newInfoPriceItem--condValidTo","interaction":{"idSuffix":"inner"}},"clearTextFirst":true,"interactionType":"ENTER_TEXT"}]}
COMMAND: POST /session/3fbb5aa961da27feb6cf7ecb004886db/execute/async - {"script":"<script> [1562 bytes]","args":[{"selector":{"id":"application-managepricingrules-display-component---newInfoPriceItem--billType-arrow"},"wdio_ui5_key":"applicationmanagepricingrules-display-component---newInfoPriceItem--billType-arrow"}]}
RESULT: {"script":"<script> [1562 bytes]","args":[{"selector":{"id":"application-managepricingrules-display-component---newInfoPriceItem--billType-arrow"},"wdio_ui5_key":"applicationmanagepricingrules-display-component---newInfoPriceItem--billType-arrow"}]}
RESULT: undefined
COMMAND: POST /session/3fbb5aa961da27feb6cf7ecb004886db/element - {"using":"xpath","value":"//*[@id=\"application-managepricingrules-display-component---newInfoPriceItem--billType-arrow\"]"}
RESULT: {"using":"xpath","value":"//*[@id=\"application-managepricingrules-display-component---newInfoPriceItem--billType-arrow\"]"}
COMMAND: POST /session/3fbb5aa961da27feb6cf7ecb004886db/element/f.0763987BF21D2E15D38664A642A1837D.d.24B5514E17D8FACEF340F74FD30D15D1.e.17293/click - {}
RESULT: {}
COMMAND: POST /session/3fbb5aa961da27feb6cf7ecb004886db/element - {"using":"xpath","value":"//span[contains(text(), \"TB - Time based\")]"}
COMMAND: GET /session/3fbb5aa961da27feb6cf7ecb004886db/screenshot - {}
RESULT: {"using":"xpath","value":"//span[contains(text(), \"TB - Time based\")]"}
COMMAND: POST /session/3fbb5aa961da27feb6cf7ecb004886db/element/f.0763987BF21D2E15D38664A642A1837D.d.24B5514E17D8FACEF340F74FD30D15D1.e.17294/click - {}
RESULT: {}
RESULT: {}
COMMAND: POST /session/3fbb5aa961da27feb6cf7ecb004886db/execute/async - {"script":"<script> [1562 bytes]","args":[{"selector":{"id":"application-managepricingrules-display-component---newInfoPriceItem--priceProc-arrow"},"wdio_ui5_key":"applicationmanagepricingrules-display-component---newInfoPriceItem--priceProc-arrow"}]}
COMMAND: GET /session/3fbb5aa961da27feb6cf7ecb004886db/screenshot - {}
RESULT: {"script":"<script> [1562 bytes]","args":[{"selector":{"id":"application-managepricingrules-display-component---newInfoPriceItem--priceProc-arrow"},"wdio_ui5_key":"applicationmanagepricingrules-display-component---newInfoPriceItem--priceProc-arrow"}]}
RESULT: undefined
COMMAND: POST /session/3fbb5aa961da27feb6cf7ecb004886db/element - {"using":"xpath","value":"//*[@id=\"application-managepricingrules-display-component---newInfoPriceItem--priceProc-arrow\"]"}
RESULT: {}
RESULT: {"using":"xpath","value":"//*[@id=\"application-managepricingrules-display-component---newInfoPriceItem--priceProc-arrow\"]"}
COMMAND: POST /session/3fbb5aa961da27feb6cf7ecb004886db/element/f.0763987BF21D2E15D38664A642A1837D.d.24B5514E17D8FACEF340F74FD30D15D1.e.17295/click - {}
RESULT: {}
COMMAND: POST /session/3fbb5aa961da27feb6cf7ecb004886db/element - {"using":"xpath","value":"//span[contains(text(), \"TBS - Time based standard\")]"}
COMMAND: GET /session/3fbb5aa961da27feb6cf7ecb004886db/screenshot - {}
RESULT: {"using":"xpath","value":"//span[contains(text(), \"TBS - Time based standard\")]"}
COMMAND: POST /session/3fbb5aa961da27feb6cf7ecb004886db/element/f.0763987BF21D2E15D38664A642A1837D.d.24B5514E17D8FACEF340F74FD30D15D1.e.17296/click - {}
RESULT: {}
RESULT: {}
COMMAND: POST /session/3fbb5aa961da27feb6cf7ecb004886db/execute/async - {"script":"<script> [1562 bytes]","args":[{"selector":{"id":"application-managepricingrules-display-component---newInfoPriceItem--calcBase-arrow"},"wdio_ui5_key":"applicationmanagepricingrules-display-component---newInfoPriceItem--calcBase-arrow"}]}
COMMAND: GET /session/3fbb5aa961da27feb6cf7ecb004886db/screenshot - {}
RESULT: {"script":"<script> [1562 bytes]","args":[{"selector":{"id":"application-managepricingrules-display-component---newInfoPriceItem--calcBase-arrow"},"wdio_ui5_key":"applicationmanagepricingrules-display-component---newInfoPriceItem--calcBase-arrow"}]}
RESULT: undefined
COMMAND: POST /session/3fbb5aa961da27feb6cf7ecb004886db/element - {"using":"xpath","value":"//*[@id=\"application-managepricingrules-display-component---newInfoPriceItem--calcBase-arrow\"]"}
RESULT: {}
RESULT: {"using":"xpath","value":"//*[@id=\"application-managepricingrules-display-component---newInfoPriceItem--calcBase-arrow\"]"}
COMMAND: POST /session/3fbb5aa961da27feb6cf7ecb004886db/element/f.0763987BF21D2E15D38664A642A1837D.d.24B5514E17D8FACEF340F74FD30D15D1.e.17297/click - {}
RESULT: {}
COMMAND: GET /session/3fbb5aa961da27feb6cf7ecb004886db/screenshot - {}
RESULT: {}
COMMAND: POST /session/3fbb5aa961da27feb6cf7ecb004886db/element - {"using":"xpath","value":"//span[contains(text(), \"0006 - TB(calendar days)\")]"}
RESULT: {"using":"xpath","value":"//span[contains(text(), \"0006 - TB(calendar days)\")]"}
COMMAND: POST /session/3fbb5aa961da27feb6cf7ecb004886db/element/f.0763987BF21D2E15D38664A642A1837D.d.24B5514E17D8FACEF340F74FD30D15D1.e.17298/click - {}
RESULT: {}
COMMAND: GET /session/3fbb5aa961da27feb6cf7ecb004886db/screenshot - {}
RESULT: {}
COMMAND: POST /session/3fbb5aa961da27feb6cf7ecb004886db/execute/async - {"script":"<script> [1562 bytes]","args":[{"selector":{"id":"application-managepricingrules-display-component---newInfoPriceItem--daysMonth","interaction":{"idSuffix":"inner"}},"wdio_ui5_key":"applicationmanagepricingrules-display-component---newInfoPriceItem--daysMonth"}]}
RESULT: {"script":"<script> [1562 bytes]","args":[{"selector":{"id":"application-managepricingrules-display-component---newInfoPriceItem--daysMonth","interaction":{"idSuffix":"inner"}},"wdio_ui5_key":"applicationmanagepricingrules-display-component---newInfoPriceItem--daysMonth"}]}
RESULT: undefined
COMMAND: POST /session/3fbb5aa961da27feb6cf7ecb004886db/execute/async - {"script":"<script> [776 bytes]","args":[{"enterText":"30","selector":{"id":"application-managepricingrules-display-component---newInfoPriceItem--daysMonth","interaction":{"idSuffix":"inner"}},"clearTextFirst":true,"interactionType":"ENTER_TEXT"}]}
RESULT: {"script":"<script> [776 bytes]","args":[{"enterText":"30","selector":{"id":"application-managepricingrules-display-component---newInfoPriceItem--daysMonth","interaction":{"idSuffix":"inner"}},"clearTextFirst":true,"interactionType":"ENTER_TEXT"}]}
COMMAND: POST /session/3fbb5aa961da27feb6cf7ecb004886db/element - {"using":"xpath","value":"//button[@data-kt=\"saveNewRuleButton\"]"}
RESULT: {"using":"xpath","value":"//button[@data-kt=\"saveNewRuleButton\"]"}
COMMAND: POST /session/3fbb5aa961da27feb6cf7ecb004886db/element/f.0763987BF21D2E15D38664A642A1837D.d.24B5514E17D8FACEF340F74FD30D15D1.e.17300/click - {}
RESULT: {}
COMMAND: GET /session/3fbb5aa961da27feb6cf7ecb004886db/screenshot - {}
RESULT: {}
COMMAND: POST /session/3fbb5aa961da27feb6cf7ecb004886db/execute/async - {"script":"<script> [1562 bytes]","args":[{"selector":{"id":"application-managepricingrules-display-component---priceInfoItem--smartFilterBar-btnBasicSearch","interaction":{"idSuffix":"I"}},"wdio_ui5_key":"applicationmanagepricingrules-display-component---priceInfoItem--smartFilterBar-btnBasicSearch"}]}
RESULT: {"script":"<script> [1562 bytes]","args":[{"selector":{"id":"application-managepricingrules-display-component---priceInfoItem--smartFilterBar-btnBasicSearch","interaction":{"idSuffix":"I"}},"wdio_ui5_key":"applicationmanagepricingrules-display-component---priceInfoItem--smartFilterBar-btnBasicSearch"}]}
RESULT: undefined
COMMAND: POST /session/3fbb5aa961da27feb6cf7ecb004886db/execute/async - {"script":"<script> [776 bytes]","args":[{"enterText":"KXUMReOD3n","selector":{"id":"application-managepricingrules-display-component---priceInfoItem--smartFilterBar-btnBasicSearch","interaction":{"idSuffix":"I"}},"clearTextFirst":true,"interactionType":"ENTER_TEXT"}]}
RESULT: {"script":"<script> [776 bytes]","args":[{"enterText":"KXUMReOD3n","selector":{"id":"application-managepricingrules-display-component---priceInfoItem--smartFilterBar-btnBasicSearch","interaction":{"idSuffix":"I"}},"clearTextFirst":true,"interactionType":"ENTER_TEXT"}]}
COMMAND: POST /session/3fbb5aa961da27feb6cf7ecb004886db/actions - {"actions":[{"id":"action60","type":"key","parameters":{},"actions":[{"type":"keyDown","value":""},{"type":"pause","duration":10},{"type":"keyUp","value":""}]}]}
RESULT: {"actions":[{"id":"action60","type":"key","parameters":{},"actions":[{"type":"keyDown","value":""},{"type":"pause","duration":10},{"type":"keyUp","value":""}]}]}
COMMAND: GET /session/3fbb5aa961da27feb6cf7ecb004886db/screenshot - {}
RESULT: {}
COMMAND: POST /session/3fbb5aa961da27feb6cf7ecb004886db/element - {"using":"xpath","value":"//span[@id=\"application-managepricingrules-display-component---priceInfoItem--smartTable-header-inner\"]"}
RESULT: {"using":"xpath","value":"//span[@id=\"application-managepricingrules-display-component---priceInfoItem--smartTable-header-inner\"]"}
COMMAND: POST /session/3fbb5aa961da27feb6cf7ecb004886db/elements - {"using":"xpath","value":"//span[@id=\"application-managepricingrules-display-component---priceInfoItem--smartTable-header-inner\"]"}
RESULT: {"using":"xpath","value":"//span[@id=\"application-managepricingrules-display-component---priceInfoItem--smartTable-header-inner\"]"}
COMMAND: POST /session/3fbb5aa961da27feb6cf7ecb004886db/execute/sync - {"script":"<script> [56 bytes]","args":[{"element-6066-11e4-a52e-4f735466cecf":"f.0763987BF21D2E15D38664A642A1837D.d.24B5514E17D8FACEF340F74FD30D15D1.e.17312","ELEMENT":"f.0763987BF21D2E15D38664A642A1837D.d.24B5514E17D8FACEF340F74FD30D15D1.e.17312"}]}
RESULT: {"script":"<script> [56 bytes]","args":[{"element-6066-11e4-a52e-4f735466cecf":"f.0763987BF21D2E15D38664A642A1837D.d.24B5514E17D8FACEF340F74FD30D15D1.e.17312","ELEMENT":"f.0763987BF21D2E15D38664A642A1837D.d.24B5514E17D8FACEF340F74FD30D15D1.e.17312"}]}
COMMAND: POST /session/3fbb5aa961da27feb6cf7ecb004886db/element - {"using":"css selector","value":"#shell-header-logo"}
COMMAND: GET /session/3fbb5aa961da27feb6cf7ecb004886db/screenshot - {}
RESULT: {"using":"css selector","value":"#shell-header-logo"}
COMMAND: POST /session/3fbb5aa961da27feb6cf7ecb004886db/element/f.0763987BF21D2E15D38664A642A1837D.d.24B5514E17D8FACEF340F74FD30D15D1.e.16474/click - {}
RESULT: {}
RESULT: {}
COMMAND: GET /session/3fbb5aa961da27feb6cf7ecb004886db/screenshot - {}
RESULT: {}
]]></system-out>
    </testcase>
    <testcase classname="chrome.135_0_7049_42.windows.Create_Reverse_Billing_US127248" name="Should manage conditions" time="79.518">
      <system-out><![CDATA[
COMMAND: POST /session/3fbb5aa961da27feb6cf7ecb004886db/execute/async - {"script":"<script> [1562 bytes]","args":[{"selector":{"controlType":"sap.m.Text","properties":{"text":"Manage Conditions & Prices"},"interaction":{"idSuffix":"inner"}},"wdio_ui5_key":"sapm.Text{\"text\":\"Manage Conditions & Prices\"}"}]}
RESULT: {"script":"<script> [1562 bytes]","args":[{"selector":{"controlType":"sap.m.Text","properties":{"text":"Manage Conditions & Prices"},"interaction":{"idSuffix":"inner"}},"wdio_ui5_key":"sapm.Text{\"text\":\"Manage Conditions & Prices\"}"}]}
RESULT: undefined
COMMAND: POST /session/3fbb5aa961da27feb6cf7ecb004886db/element - {"using":"xpath","value":"//*[@id=\"__tile53-title\"]"}
RESULT: {"using":"xpath","value":"//*[@id=\"__tile53-title\"]"}
COMMAND: POST /session/3fbb5aa961da27feb6cf7ecb004886db/element/f.0763987BF21D2E15D38664A642A1837D.d.24B5514E17D8FACEF340F74FD30D15D1.e.17315/click - {}
RESULT: {}
COMMAND: POST /session/3fbb5aa961da27feb6cf7ecb004886db/element - {"using":"xpath","value":"//button[@aria-label=\"Create\"]"}
COMMAND: GET /session/3fbb5aa961da27feb6cf7ecb004886db/screenshot - {}
RESULT: {"using":"xpath","value":"//button[@aria-label=\"Create\"]"}
COMMAND: POST /session/3fbb5aa961da27feb6cf7ecb004886db/elements - {"using":"xpath","value":"//button[@aria-label=\"Create\"]"}
RESULT: {}
RESULT: {"using":"xpath","value":"//button[@aria-label=\"Create\"]"}
COMMAND: POST /session/3fbb5aa961da27feb6cf7ecb004886db/element - {"using":"xpath","value":"//button[@aria-label=\"Create\"]"}
RESULT: {"using":"xpath","value":"//button[@aria-label=\"Create\"]"}
COMMAND: POST /session/3fbb5aa961da27feb6cf7ecb004886db/execute/sync - {"script":"<script> [8489 bytes]","args":[{"element-6066-11e4-a52e-4f735466cecf":"f.0763987BF21D2E15D38664A642A1837D.d.24B5514E17D8FACEF340F74FD30D15D1.e.17350","ELEMENT":"f.0763987BF21D2E15D38664A642A1837D.d.24B5514E17D8FACEF340F74FD30D15D1.e.17350"}]}
RESULT: {"script":"<script> [8489 bytes]","args":[{"element-6066-11e4-a52e-4f735466cecf":"f.0763987BF21D2E15D38664A642A1837D.d.24B5514E17D8FACEF340F74FD30D15D1.e.17350","ELEMENT":"f.0763987BF21D2E15D38664A642A1837D.d.24B5514E17D8FACEF340F74FD30D15D1.e.17350"}]}
COMMAND: GET /session/3fbb5aa961da27feb6cf7ecb004886db/element/f.0763987BF21D2E15D38664A642A1837D.d.24B5514E17D8FACEF340F74FD30D15D1.e.17350/enabled - {}
COMMAND: GET /session/3fbb5aa961da27feb6cf7ecb004886db/screenshot - {}
RESULT: {}
COMMAND: POST /session/3fbb5aa961da27feb6cf7ecb004886db/execute/sync - {"script":"<script> [8489 bytes]","args":[{"element-6066-11e4-a52e-4f735466cecf":"f.0763987BF21D2E15D38664A642A1837D.d.24B5514E17D8FACEF340F74FD30D15D1.e.17350","ELEMENT":"f.0763987BF21D2E15D38664A642A1837D.d.24B5514E17D8FACEF340F74FD30D15D1.e.17350"}]}
COMMAND: GET /session/3fbb5aa961da27feb6cf7ecb004886db/screenshot - {}
RESULT: {}
RESULT: {"script":"<script> [8489 bytes]","args":[{"element-6066-11e4-a52e-4f735466cecf":"f.0763987BF21D2E15D38664A642A1837D.d.24B5514E17D8FACEF340F74FD30D15D1.e.17350","ELEMENT":"f.0763987BF21D2E15D38664A642A1837D.d.24B5514E17D8FACEF340F74FD30D15D1.e.17350"}]}
COMMAND: POST /session/3fbb5aa961da27feb6cf7ecb004886db/execute/sync - {"script":"<script> [5351 bytes]","args":[{"element-6066-11e4-a52e-4f735466cecf":"f.0763987BF21D2E15D38664A642A1837D.d.24B5514E17D8FACEF340F74FD30D15D1.e.17350","ELEMENT":"f.0763987BF21D2E15D38664A642A1837D.d.24B5514E17D8FACEF340F74FD30D15D1.e.17350"}]}
COMMAND: GET /session/3fbb5aa961da27feb6cf7ecb004886db/screenshot - {}
RESULT: {}
RESULT: {"script":"<script> [5351 bytes]","args":[{"element-6066-11e4-a52e-4f735466cecf":"f.0763987BF21D2E15D38664A642A1837D.d.24B5514E17D8FACEF340F74FD30D15D1.e.17350","ELEMENT":"f.0763987BF21D2E15D38664A642A1837D.d.24B5514E17D8FACEF340F74FD30D15D1.e.17350"}]}
COMMAND: POST /session/3fbb5aa961da27feb6cf7ecb004886db/element/f.0763987BF21D2E15D38664A642A1837D.d.24B5514E17D8FACEF340F74FD30D15D1.e.17350/click - {}
RESULT: {}
COMMAND: GET /session/3fbb5aa961da27feb6cf7ecb004886db/screenshot - {}
RESULT: {}
COMMAND: GET /session/3fbb5aa961da27feb6cf7ecb004886db/screenshot - {}
RESULT: {}
RESULT: {}
COMMAND: POST /session/3fbb5aa961da27feb6cf7ecb004886db/actions - {"actions":[{"id":"action61","type":"key","parameters":{},"actions":[{"type":"keyDown","value":""},{"type":"pause","duration":10},{"type":"keyUp","value":""}]}]}
RESULT: {"actions":[{"id":"action61","type":"key","parameters":{},"actions":[{"type":"keyDown","value":""},{"type":"pause","duration":10},{"type":"keyUp","value":""}]}]}
COMMAND: GET /session/3fbb5aa961da27feb6cf7ecb004886db/screenshot - {}
RESULT: {}
COMMAND: POST /session/3fbb5aa961da27feb6cf7ecb004886db/execute/async - {"script":"<script> [1562 bytes]","args":[{"selector":{"id":"application-manageconditionprice-display-component---newCondition--condBillCond-arrow"},"wdio_ui5_key":"applicationmanageconditionprice-display-component---newCondition--condBillCond-arrow"}]}
RESULT: {"script":"<script> [1562 bytes]","args":[{"selector":{"id":"application-manageconditionprice-display-component---newCondition--condBillCond-arrow"},"wdio_ui5_key":"applicationmanageconditionprice-display-component---newCondition--condBillCond-arrow"}]}
RESULT: undefined
COMMAND: POST /session/3fbb5aa961da27feb6cf7ecb004886db/element - {"using":"xpath","value":"//*[@id=\"application-manageconditionprice-display-component---newCondition--condBillCond-arrow\"]"}
RESULT: {"using":"xpath","value":"//*[@id=\"application-manageconditionprice-display-component---newCondition--condBillCond-arrow\"]"}
COMMAND: POST /session/3fbb5aa961da27feb6cf7ecb004886db/element/f.0763987BF21D2E15D38664A642A1837D.d.24B5514E17D8FACEF340F74FD30D15D1.e.17530/click - {}
RESULT: {}
COMMAND: GET /session/3fbb5aa961da27feb6cf7ecb004886db/screenshot - {}
RESULT: {}
COMMAND: POST /session/3fbb5aa961da27feb6cf7ecb004886db/element - {"using":"xpath","value":"//li[.//span[contains(text(), \"DISP - D&I special price\")]]"}
RESULT: {"using":"xpath","value":"//li[.//span[contains(text(), \"DISP - D&I special price\")]]"}
COMMAND: POST /session/3fbb5aa961da27feb6cf7ecb004886db/element/f.0763987BF21D2E15D38664A642A1837D.d.24B5514E17D8FACEF340F74FD30D15D1.e.17533/click - {}
RESULT: {}
COMMAND: GET /session/3fbb5aa961da27feb6cf7ecb004886db/screenshot - {}
RESULT: {}
COMMAND: POST /session/3fbb5aa961da27feb6cf7ecb004886db/execute/async - {"script":"<script> [1562 bytes]","args":[{"selector":{"id":"application-manageconditionprice-display-component---newCondition--condValidTo","interaction":{"idSuffix":"inner"}},"wdio_ui5_key":"applicationmanageconditionprice-display-component---newCondition--condValidTo"}]}
RESULT: {"script":"<script> [1562 bytes]","args":[{"selector":{"id":"application-manageconditionprice-display-component---newCondition--condValidTo","interaction":{"idSuffix":"inner"}},"wdio_ui5_key":"applicationmanageconditionprice-display-component---newCondition--condValidTo"}]}
RESULT: undefined
COMMAND: POST /session/3fbb5aa961da27feb6cf7ecb004886db/execute/async - {"script":"<script> [776 bytes]","args":[{"enterText":"12/17/25","selector":{"id":"application-manageconditionprice-display-component---newCondition--condValidTo","interaction":{"idSuffix":"inner"}},"clearTextFirst":true,"interactionType":"ENTER_TEXT"}]}
RESULT: {"script":"<script> [776 bytes]","args":[{"enterText":"12/17/25","selector":{"id":"application-manageconditionprice-display-component---newCondition--condValidTo","interaction":{"idSuffix":"inner"}},"clearTextFirst":true,"interactionType":"ENTER_TEXT"}]}
COMMAND: POST /session/3fbb5aa961da27feb6cf7ecb004886db/element - {"using":"xpath","value":"//input[@id=\"application-manageconditionprice-display-component---newCondition--condRU-inner\"]"}
RESULT: {"using":"xpath","value":"//input[@id=\"application-manageconditionprice-display-component---newCondition--condRU-inner\"]"}
COMMAND: POST /session/3fbb5aa961da27feb6cf7ecb004886db/element/f.0763987BF21D2E15D38664A642A1837D.d.24B5514E17D8FACEF340F74FD30D15D1.e.17394/clear - {}
RESULT: {}
COMMAND: POST /session/3fbb5aa961da27feb6cf7ecb004886db/element/f.0763987BF21D2E15D38664A642A1837D.d.24B5514E17D8FACEF340F74FD30D15D1.e.17394/value - {"text":"KXUMReOD3n"}
COMMAND: GET /session/3fbb5aa961da27feb6cf7ecb004886db/screenshot - {}
RESULT: {"text":"KXUMReOD3n"}
COMMAND: GET /session/3fbb5aa961da27feb6cf7ecb004886db/screenshot - {}
RESULT: {}
RESULT: {}
COMMAND: POST /session/3fbb5aa961da27feb6cf7ecb004886db/actions - {"actions":[{"id":"action62","type":"key","parameters":{},"actions":[{"type":"keyDown","value":""},{"type":"pause","duration":10},{"type":"keyUp","value":""}]}]}
RESULT: {"actions":[{"id":"action62","type":"key","parameters":{},"actions":[{"type":"keyDown","value":""},{"type":"pause","duration":10},{"type":"keyUp","value":""}]}]}
COMMAND: POST /session/3fbb5aa961da27feb6cf7ecb004886db/execute/async - {"script":"<script> [1562 bytes]","args":[{"selector":{"id":"application-manageconditionprice-display-component---newCondition--condBaseQty","interaction":{"idSuffix":"inner"}},"wdio_ui5_key":"applicationmanageconditionprice-display-component---newCondition--condBaseQty"}]}
COMMAND: GET /session/3fbb5aa961da27feb6cf7ecb004886db/screenshot - {}
RESULT: {"script":"<script> [1562 bytes]","args":[{"selector":{"id":"application-manageconditionprice-display-component---newCondition--condBaseQty","interaction":{"idSuffix":"inner"}},"wdio_ui5_key":"applicationmanageconditionprice-display-component---newCondition--condBaseQty"}]}
RESULT: undefined
COMMAND: POST /session/3fbb5aa961da27feb6cf7ecb004886db/execute/async - {"script":"<script> [776 bytes]","args":[{"enterText":"1","selector":{"id":"application-manageconditionprice-display-component---newCondition--condBaseQty","interaction":{"idSuffix":"inner"}},"clearTextFirst":true,"interactionType":"ENTER_TEXT"}]}
RESULT: {}
RESULT: {"script":"<script> [776 bytes]","args":[{"enterText":"1","selector":{"id":"application-manageconditionprice-display-component---newCondition--condBaseQty","interaction":{"idSuffix":"inner"}},"clearTextFirst":true,"interactionType":"ENTER_TEXT"}]}
COMMAND: POST /session/3fbb5aa961da27feb6cf7ecb004886db/execute/async - {"script":"<script> [1562 bytes]","args":[{"selector":{"id":"application-manageconditionprice-display-component---newCondition--condValue","interaction":{"idSuffix":"inner"}},"wdio_ui5_key":"applicationmanageconditionprice-display-component---newCondition--condValue"}]}
RESULT: {"script":"<script> [1562 bytes]","args":[{"selector":{"id":"application-manageconditionprice-display-component---newCondition--condValue","interaction":{"idSuffix":"inner"}},"wdio_ui5_key":"applicationmanageconditionprice-display-component---newCondition--condValue"}]}
RESULT: undefined
COMMAND: POST /session/3fbb5aa961da27feb6cf7ecb004886db/execute/async - {"script":"<script> [776 bytes]","args":[{"enterText":"200","selector":{"id":"application-manageconditionprice-display-component---newCondition--condValue","interaction":{"idSuffix":"inner"}},"clearTextFirst":true,"interactionType":"ENTER_TEXT"}]}
RESULT: {"script":"<script> [776 bytes]","args":[{"enterText":"200","selector":{"id":"application-manageconditionprice-display-component---newCondition--condValue","interaction":{"idSuffix":"inner"}},"clearTextFirst":true,"interactionType":"ENTER_TEXT"}]}
COMMAND: POST /session/3fbb5aa961da27feb6cf7ecb004886db/execute/async - {"script":"<script> [1562 bytes]","args":[{"selector":{"id":"application-manageconditionprice-display-component---newCondition--condCurr-arrow"},"wdio_ui5_key":"applicationmanageconditionprice-display-component---newCondition--condCurr-arrow"}]}
RESULT: {"script":"<script> [1562 bytes]","args":[{"selector":{"id":"application-manageconditionprice-display-component---newCondition--condCurr-arrow"},"wdio_ui5_key":"applicationmanageconditionprice-display-component---newCondition--condCurr-arrow"}]}
RESULT: undefined
COMMAND: POST /session/3fbb5aa961da27feb6cf7ecb004886db/element - {"using":"xpath","value":"//*[@id=\"application-manageconditionprice-display-component---newCondition--condCurr-arrow\"]"}
RESULT: {"using":"xpath","value":"//*[@id=\"application-manageconditionprice-display-component---newCondition--condCurr-arrow\"]"}
COMMAND: POST /session/3fbb5aa961da27feb6cf7ecb004886db/element/f.0763987BF21D2E15D38664A642A1837D.d.24B5514E17D8FACEF340F74FD30D15D1.e.17486/click - {}
RESULT: {}
COMMAND: POST /session/3fbb5aa961da27feb6cf7ecb004886db/element - {"using":"xpath","value":"//span[contains(text(), \"Euro\")]"}
COMMAND: GET /session/3fbb5aa961da27feb6cf7ecb004886db/screenshot - {}
RESULT: {"using":"xpath","value":"//span[contains(text(), \"Euro\")]"}
COMMAND: POST /session/3fbb5aa961da27feb6cf7ecb004886db/element/f.0763987BF21D2E15D38664A642A1837D.d.24B5514E17D8FACEF340F74FD30D15D1.e.17569/click - {}
RESULT: {}
RESULT: {}
COMMAND: POST /session/3fbb5aa961da27feb6cf7ecb004886db/element - {"using":"xpath","value":"//button[@data-kt=\"saveButton\"]"}
COMMAND: GET /session/3fbb5aa961da27feb6cf7ecb004886db/screenshot - {}
RESULT: {"using":"xpath","value":"//button[@data-kt=\"saveButton\"]"}
COMMAND: POST /session/3fbb5aa961da27feb6cf7ecb004886db/element/f.0763987BF21D2E15D38664A642A1837D.d.24B5514E17D8FACEF340F74FD30D15D1.e.17487/click - {}
RESULT: {}
RESULT: {}
COMMAND: GET /session/3fbb5aa961da27feb6cf7ecb004886db/screenshot - {}
RESULT: {}
COMMAND: POST /session/3fbb5aa961da27feb6cf7ecb004886db/execute/async - {"script":"<script> [1562 bytes]","args":[{"selector":{"id":"application-manageconditionprice-display-component---conditions--smartFilterBar-btnBasicSearch","interaction":{"idSuffix":"I"}},"wdio_ui5_key":"applicationmanageconditionprice-display-component---conditions--smartFilterBar-btnBasicSearch"}]}
RESULT: {"script":"<script> [1562 bytes]","args":[{"selector":{"id":"application-manageconditionprice-display-component---conditions--smartFilterBar-btnBasicSearch","interaction":{"idSuffix":"I"}},"wdio_ui5_key":"applicationmanageconditionprice-display-component---conditions--smartFilterBar-btnBasicSearch"}]}
RESULT: undefined
COMMAND: POST /session/3fbb5aa961da27feb6cf7ecb004886db/execute/async - {"script":"<script> [776 bytes]","args":[{"enterText":"KXUMReOD3n","selector":{"id":"application-manageconditionprice-display-component---conditions--smartFilterBar-btnBasicSearch","interaction":{"idSuffix":"I"}},"clearTextFirst":true,"interactionType":"ENTER_TEXT"}]}
RESULT: {"script":"<script> [776 bytes]","args":[{"enterText":"KXUMReOD3n","selector":{"id":"application-manageconditionprice-display-component---conditions--smartFilterBar-btnBasicSearch","interaction":{"idSuffix":"I"}},"clearTextFirst":true,"interactionType":"ENTER_TEXT"}]}
COMMAND: POST /session/3fbb5aa961da27feb6cf7ecb004886db/actions - {"actions":[{"id":"action63","type":"key","parameters":{},"actions":[{"type":"keyDown","value":""},{"type":"pause","duration":10},{"type":"keyUp","value":""}]}]}
RESULT: {"actions":[{"id":"action63","type":"key","parameters":{},"actions":[{"type":"keyDown","value":""},{"type":"pause","duration":10},{"type":"keyUp","value":""}]}]}
COMMAND: GET /session/3fbb5aa961da27feb6cf7ecb004886db/screenshot - {}
RESULT: {}
COMMAND: POST /session/3fbb5aa961da27feb6cf7ecb004886db/execute/async - {"script":"<script> [1562 bytes]","args":[{"selector":{"id":"application-manageconditionprice-display-component---conditions--smartFilterBar-filterItemControl_BASIC-BILL_TYPES-vhi"},"wdio_ui5_key":"applicationmanageconditionprice-display-component---conditions--smartFilterBar-filterItemControl_BASIC-BILL_TYPES-vhi"}]}
RESULT: {"script":"<script> [1562 bytes]","args":[{"selector":{"id":"application-manageconditionprice-display-component---conditions--smartFilterBar-filterItemControl_BASIC-BILL_TYPES-vhi"},"wdio_ui5_key":"applicationmanageconditionprice-display-component---conditions--smartFilterBar-filterItemControl_BASIC-BILL_TYPES-vhi"}]}
RESULT: undefined
COMMAND: POST /session/3fbb5aa961da27feb6cf7ecb004886db/element - {"using":"xpath","value":"//*[@id=\"application-manageconditionprice-display-component---conditions--smartFilterBar-filterItemControl_BASIC-BILL_TYPES-vhi\"]"}
RESULT: {"using":"xpath","value":"//*[@id=\"application-manageconditionprice-display-component---conditions--smartFilterBar-filterItemControl_BASIC-BILL_TYPES-vhi\"]"}
COMMAND: POST /session/3fbb5aa961da27feb6cf7ecb004886db/element/f.0763987BF21D2E15D38664A642A1837D.d.24B5514E17D8FACEF340F74FD30D15D1.e.17585/click - {}
RESULT: {}
COMMAND: POST /session/3fbb5aa961da27feb6cf7ecb004886db/execute/async - {"script":"<script> [1562 bytes]","args":[{"selector":{"id":"application-manageconditionprice-display-component---conditions--smartFilterBar-filterItemControl_BASIC-BILL_TYPES-valueHelpDialog-smartFilterBar-btnBasicSearch","searchOpenDialogs":true,"interaction":{"idSuffix":"I"}},"wdio_ui5_key":"applicationmanageconditionprice-display-component---conditions--smartFilterBar-filterItemControl_BASIC-BILL_TYPES-valueHelpDialog-smartFilterBar-btnBasicSearch"}]}
COMMAND: GET /session/3fbb5aa961da27feb6cf7ecb004886db/screenshot - {}
RESULT: {"script":"<script> [1562 bytes]","args":[{"selector":{"id":"application-manageconditionprice-display-component---conditions--smartFilterBar-filterItemControl_BASIC-BILL_TYPES-valueHelpDialog-smartFilterBar-btnBasicSearch","searchOpenDialogs":true,"interaction":{"idSuffix":"I"}},"wdio_ui5_key":"applicationmanageconditionprice-display-component---conditions--smartFilterBar-filterItemControl_BASIC-BILL_TYPES-valueHelpDialog-smartFilterBar-btnBasicSearch"}]}
RESULT: undefined
COMMAND: POST /session/3fbb5aa961da27feb6cf7ecb004886db/execute/async - {"script":"<script> [776 bytes]","args":[{"enterText":"TB","selector":{"id":"application-manageconditionprice-display-component---conditions--smartFilterBar-filterItemControl_BASIC-BILL_TYPES-valueHelpDialog-smartFilterBar-btnBasicSearch","searchOpenDialogs":true,"interaction":{"idSuffix":"I"}},"clearTextFirst":true,"interactionType":"ENTER_TEXT"}]}
RESULT: {}
RESULT: {"script":"<script> [776 bytes]","args":[{"enterText":"TB","selector":{"id":"application-manageconditionprice-display-component---conditions--smartFilterBar-filterItemControl_BASIC-BILL_TYPES-valueHelpDialog-smartFilterBar-btnBasicSearch","searchOpenDialogs":true,"interaction":{"idSuffix":"I"}},"clearTextFirst":true,"interactionType":"ENTER_TEXT"}]}
COMMAND: POST /session/3fbb5aa961da27feb6cf7ecb004886db/actions - {"actions":[{"id":"action64","type":"key","parameters":{},"actions":[{"type":"keyDown","value":""},{"type":"pause","duration":10},{"type":"keyUp","value":""}]}]}
RESULT: {"actions":[{"id":"action64","type":"key","parameters":{},"actions":[{"type":"keyDown","value":""},{"type":"pause","duration":10},{"type":"keyUp","value":""}]}]}
COMMAND: GET /session/3fbb5aa961da27feb6cf7ecb004886db/screenshot - {}
RESULT: {}
COMMAND: POST /session/3fbb5aa961da27feb6cf7ecb004886db/element - {"using":"xpath","value":"//div[contains(@id, 'application-manageconditionprice-display-component---conditions--smartFilterBar-filterItemControl_BASIC-BILL_TYPES-valueHelpDialog-table-rowsel0')]"}
RESULT: {"using":"xpath","value":"//div[contains(@id, 'application-manageconditionprice-display-component---conditions--smartFilterBar-filterItemControl_BASIC-BILL_TYPES-valueHelpDialog-table-rowsel0')]"}
COMMAND: POST /session/3fbb5aa961da27feb6cf7ecb004886db/element/f.0763987BF21D2E15D38664A642A1837D.d.24B5514E17D8FACEF340F74FD30D15D1.e.17594/click - {}
RESULT: {}
COMMAND: GET /session/3fbb5aa961da27feb6cf7ecb004886db/screenshot - {}
RESULT: {}
COMMAND: POST /session/3fbb5aa961da27feb6cf7ecb004886db/element - {"using":"xpath","value":"//bdi[contains(text(), \"OK\")]"}
RESULT: {"using":"xpath","value":"//bdi[contains(text(), \"OK\")]"}
COMMAND: POST /session/3fbb5aa961da27feb6cf7ecb004886db/element/f.0763987BF21D2E15D38664A642A1837D.d.24B5514E17D8FACEF340F74FD30D15D1.e.17596/click - {}
RESULT: {}
COMMAND: GET /session/3fbb5aa961da27feb6cf7ecb004886db/screenshot - {}
RESULT: {}
COMMAND: POST /session/3fbb5aa961da27feb6cf7ecb004886db/element - {"using":"xpath","value":"//span[@id=\"application-manageconditionprice-display-component---conditions--smartTable-header-inner\"]"}
RESULT: {"using":"xpath","value":"//span[@id=\"application-manageconditionprice-display-component---conditions--smartTable-header-inner\"]"}
COMMAND: POST /session/3fbb5aa961da27feb6cf7ecb004886db/elements - {"using":"xpath","value":"//span[@id=\"application-manageconditionprice-display-component---conditions--smartTable-header-inner\"]"}
RESULT: {"using":"xpath","value":"//span[@id=\"application-manageconditionprice-display-component---conditions--smartTable-header-inner\"]"}
COMMAND: POST /session/3fbb5aa961da27feb6cf7ecb004886db/execute/sync - {"script":"<script> [56 bytes]","args":[{"element-6066-11e4-a52e-4f735466cecf":"f.0763987BF21D2E15D38664A642A1837D.d.24B5514E17D8FACEF340F74FD30D15D1.e.17599","ELEMENT":"f.0763987BF21D2E15D38664A642A1837D.d.24B5514E17D8FACEF340F74FD30D15D1.e.17599"}]}
RESULT: {"script":"<script> [56 bytes]","args":[{"element-6066-11e4-a52e-4f735466cecf":"f.0763987BF21D2E15D38664A642A1837D.d.24B5514E17D8FACEF340F74FD30D15D1.e.17599","ELEMENT":"f.0763987BF21D2E15D38664A642A1837D.d.24B5514E17D8FACEF340F74FD30D15D1.e.17599"}]}
COMMAND: POST /session/3fbb5aa961da27feb6cf7ecb004886db/element - {"using":"css selector","value":"#shell-header-logo"}
COMMAND: GET /session/3fbb5aa961da27feb6cf7ecb004886db/screenshot - {}
RESULT: {"using":"css selector","value":"#shell-header-logo"}
COMMAND: POST /session/3fbb5aa961da27feb6cf7ecb004886db/element/f.0763987BF21D2E15D38664A642A1837D.d.24B5514E17D8FACEF340F74FD30D15D1.e.17317/click - {}
RESULT: {}
RESULT: {}
COMMAND: GET /session/3fbb5aa961da27feb6cf7ecb004886db/screenshot - {}
RESULT: {}
]]></system-out>
    </testcase>
    <testcase classname="chrome.135_0_7049_42.windows.Create_Reverse_Billing_US127248" name="Should do a stock increase handover" time="101.125">
      <system-out><![CDATA[
COMMAND: POST /session/3fbb5aa961da27feb6cf7ecb004886db/execute/async - {"script":"<script> [1562 bytes]","args":[{"selector":{"controlType":"sap.m.Text","viewName":"etm.portal.ui.managehandoverstile.view.Master","properties":{"text":"Manage Handovers"},"interaction":{"idSuffix":"inner"}},"wdio_ui5_key":"etmportal.ui.managehandoverstile.view.Mastersap.m.Text{\"text\":\"Manage Handovers\"}"}]}
RESULT: {"script":"<script> [1562 bytes]","args":[{"selector":{"controlType":"sap.m.Text","viewName":"etm.portal.ui.managehandoverstile.view.Master","properties":{"text":"Manage Handovers"},"interaction":{"idSuffix":"inner"}},"wdio_ui5_key":"etmportal.ui.managehandoverstile.view.Mastersap.m.Text{\"text\":\"Manage Handovers\"}"}]}
RESULT: undefined
COMMAND: POST /session/3fbb5aa961da27feb6cf7ecb004886db/element - {"using":"xpath","value":"//*[@id=\"__tile133-title\"]"}
RESULT: {"using":"xpath","value":"//*[@id=\"__tile133-title\"]"}
COMMAND: POST /session/3fbb5aa961da27feb6cf7ecb004886db/element/f.0763987BF21D2E15D38664A642A1837D.d.24B5514E17D8FACEF340F74FD30D15D1.e.17604/click - {}
RESULT: {}
COMMAND: POST /session/3fbb5aa961da27feb6cf7ecb004886db/element - {"using":"xpath","value":"//button[@data-kt=\"masterHOAddButton\"]"}
COMMAND: GET /session/3fbb5aa961da27feb6cf7ecb004886db/screenshot - {}
RESULT: {"using":"xpath","value":"//button[@data-kt=\"masterHOAddButton\"]"}
COMMAND: POST /session/3fbb5aa961da27feb6cf7ecb004886db/elements - {"using":"xpath","value":"//button[@data-kt=\"masterHOAddButton\"]"}
RESULT: {}
RESULT: {"using":"xpath","value":"//button[@data-kt=\"masterHOAddButton\"]"}
COMMAND: POST /session/3fbb5aa961da27feb6cf7ecb004886db/elements - {"using":"xpath","value":"//button[@data-kt=\"masterHOAddButton\"]"}
RESULT: {"using":"xpath","value":"//button[@data-kt=\"masterHOAddButton\"]"}
COMMAND: POST /session/3fbb5aa961da27feb6cf7ecb004886db/elements - {"using":"xpath","value":"//button[@data-kt=\"masterHOAddButton\"]"}
RESULT: {"using":"xpath","value":"//button[@data-kt=\"masterHOAddButton\"]"}
COMMAND: POST /session/3fbb5aa961da27feb6cf7ecb004886db/elements - {"using":"xpath","value":"//button[@data-kt=\"masterHOAddButton\"]"}
RESULT: {"using":"xpath","value":"//button[@data-kt=\"masterHOAddButton\"]"}
COMMAND: POST /session/3fbb5aa961da27feb6cf7ecb004886db/elements - {"using":"xpath","value":"//button[@data-kt=\"masterHOAddButton\"]"}
RESULT: {"using":"xpath","value":"//button[@data-kt=\"masterHOAddButton\"]"}
COMMAND: POST /session/3fbb5aa961da27feb6cf7ecb004886db/elements - {"using":"xpath","value":"//button[@data-kt=\"masterHOAddButton\"]"}
RESULT: {"using":"xpath","value":"//button[@data-kt=\"masterHOAddButton\"]"}
COMMAND: POST /session/3fbb5aa961da27feb6cf7ecb004886db/elements - {"using":"xpath","value":"//button[@data-kt=\"masterHOAddButton\"]"}
RESULT: {"using":"xpath","value":"//button[@data-kt=\"masterHOAddButton\"]"}
COMMAND: POST /session/3fbb5aa961da27feb6cf7ecb004886db/elements - {"using":"xpath","value":"//button[@data-kt=\"masterHOAddButton\"]"}
RESULT: {"using":"xpath","value":"//button[@data-kt=\"masterHOAddButton\"]"}
COMMAND: POST /session/3fbb5aa961da27feb6cf7ecb004886db/elements - {"using":"xpath","value":"//button[@data-kt=\"masterHOAddButton\"]"}
RESULT: {"using":"xpath","value":"//button[@data-kt=\"masterHOAddButton\"]"}
COMMAND: POST /session/3fbb5aa961da27feb6cf7ecb004886db/elements - {"using":"xpath","value":"//button[@data-kt=\"masterHOAddButton\"]"}
RESULT: {"using":"xpath","value":"//button[@data-kt=\"masterHOAddButton\"]"}
COMMAND: POST /session/3fbb5aa961da27feb6cf7ecb004886db/elements - {"using":"xpath","value":"//button[@data-kt=\"masterHOAddButton\"]"}
RESULT: {"using":"xpath","value":"//button[@data-kt=\"masterHOAddButton\"]"}
COMMAND: POST /session/3fbb5aa961da27feb6cf7ecb004886db/elements - {"using":"xpath","value":"//button[@data-kt=\"masterHOAddButton\"]"}
RESULT: {"using":"xpath","value":"//button[@data-kt=\"masterHOAddButton\"]"}
COMMAND: POST /session/3fbb5aa961da27feb6cf7ecb004886db/element - {"using":"xpath","value":"//button[@data-kt=\"masterHOAddButton\"]"}
RESULT: {"using":"xpath","value":"//button[@data-kt=\"masterHOAddButton\"]"}
COMMAND: POST /session/3fbb5aa961da27feb6cf7ecb004886db/execute/sync - {"script":"<script> [8489 bytes]","args":[{"element-6066-11e4-a52e-4f735466cecf":"f.0763987BF21D2E15D38664A642A1837D.d.24B5514E17D8FACEF340F74FD30D15D1.e.17642","ELEMENT":"f.0763987BF21D2E15D38664A642A1837D.d.24B5514E17D8FACEF340F74FD30D15D1.e.17642"}]}
RESULT: {"script":"<script> [8489 bytes]","args":[{"element-6066-11e4-a52e-4f735466cecf":"f.0763987BF21D2E15D38664A642A1837D.d.24B5514E17D8FACEF340F74FD30D15D1.e.17642","ELEMENT":"f.0763987BF21D2E15D38664A642A1837D.d.24B5514E17D8FACEF340F74FD30D15D1.e.17642"}]}
COMMAND: GET /session/3fbb5aa961da27feb6cf7ecb004886db/element/f.0763987BF21D2E15D38664A642A1837D.d.24B5514E17D8FACEF340F74FD30D15D1.e.17642/enabled - {}
COMMAND: GET /session/3fbb5aa961da27feb6cf7ecb004886db/screenshot - {}
RESULT: {}
COMMAND: POST /session/3fbb5aa961da27feb6cf7ecb004886db/execute/sync - {"script":"<script> [8489 bytes]","args":[{"element-6066-11e4-a52e-4f735466cecf":"f.0763987BF21D2E15D38664A642A1837D.d.24B5514E17D8FACEF340F74FD30D15D1.e.17642","ELEMENT":"f.0763987BF21D2E15D38664A642A1837D.d.24B5514E17D8FACEF340F74FD30D15D1.e.17642"}]}
COMMAND: GET /session/3fbb5aa961da27feb6cf7ecb004886db/screenshot - {}
RESULT: {}
RESULT: {"script":"<script> [8489 bytes]","args":[{"element-6066-11e4-a52e-4f735466cecf":"f.0763987BF21D2E15D38664A642A1837D.d.24B5514E17D8FACEF340F74FD30D15D1.e.17642","ELEMENT":"f.0763987BF21D2E15D38664A642A1837D.d.24B5514E17D8FACEF340F74FD30D15D1.e.17642"}]}
COMMAND: POST /session/3fbb5aa961da27feb6cf7ecb004886db/execute/sync - {"script":"<script> [5351 bytes]","args":[{"element-6066-11e4-a52e-4f735466cecf":"f.0763987BF21D2E15D38664A642A1837D.d.24B5514E17D8FACEF340F74FD30D15D1.e.17642","ELEMENT":"f.0763987BF21D2E15D38664A642A1837D.d.24B5514E17D8FACEF340F74FD30D15D1.e.17642"}]}
COMMAND: GET /session/3fbb5aa961da27feb6cf7ecb004886db/screenshot - {}
RESULT: {}
RESULT: {"script":"<script> [5351 bytes]","args":[{"element-6066-11e4-a52e-4f735466cecf":"f.0763987BF21D2E15D38664A642A1837D.d.24B5514E17D8FACEF340F74FD30D15D1.e.17642","ELEMENT":"f.0763987BF21D2E15D38664A642A1837D.d.24B5514E17D8FACEF340F74FD30D15D1.e.17642"}]}
COMMAND: POST /session/3fbb5aa961da27feb6cf7ecb004886db/element/f.0763987BF21D2E15D38664A642A1837D.d.24B5514E17D8FACEF340F74FD30D15D1.e.17642/click - {}
COMMAND: GET /session/3fbb5aa961da27feb6cf7ecb004886db/screenshot - {}
RESULT: {}
RESULT: {}
COMMAND: GET /session/3fbb5aa961da27feb6cf7ecb004886db/screenshot - {}
RESULT: {}
RESULT: {}
COMMAND: POST /session/3fbb5aa961da27feb6cf7ecb004886db/element - {"using":"xpath","value":"//span[contains(@id ,\"AddNewHO--typeSelect-arrow\")]"}
RESULT: {"using":"xpath","value":"//span[contains(@id ,\"AddNewHO--typeSelect-arrow\")]"}
COMMAND: POST /session/3fbb5aa961da27feb6cf7ecb004886db/element/f.0763987BF21D2E15D38664A642A1837D.d.24B5514E17D8FACEF340F74FD30D15D1.e.17964/click - {}
RESULT: {}
COMMAND: GET /session/3fbb5aa961da27feb6cf7ecb004886db/screenshot - {}
RESULT: {}
COMMAND: POST /session/3fbb5aa961da27feb6cf7ecb004886db/element - {"using":"xpath","value":"(//li[contains(text(), \"stock increase yard\")])[1]"}
RESULT: {"using":"xpath","value":"(//li[contains(text(), \"stock increase yard\")])[1]"}
COMMAND: POST /session/3fbb5aa961da27feb6cf7ecb004886db/element/f.0763987BF21D2E15D38664A642A1837D.d.24B5514E17D8FACEF340F74FD30D15D1.e.17965/click - {}
RESULT: {}
COMMAND: GET /session/3fbb5aa961da27feb6cf7ecb004886db/screenshot - {}
RESULT: {}
COMMAND: POST /session/3fbb5aa961da27feb6cf7ecb004886db/execute/async - {"script":"<script> [1562 bytes]","args":[{"selector":{"id":"application-managehandovers-display-component---AddNewHO--dueDate","interaction":{"idSuffix":"inner"}},"wdio_ui5_key":"applicationmanagehandovers-display-component---AddNewHO--dueDate"}]}
RESULT: {"script":"<script> [1562 bytes]","args":[{"selector":{"id":"application-managehandovers-display-component---AddNewHO--dueDate","interaction":{"idSuffix":"inner"}},"wdio_ui5_key":"applicationmanagehandovers-display-component---AddNewHO--dueDate"}]}
RESULT: undefined
COMMAND: POST /session/3fbb5aa961da27feb6cf7ecb004886db/execute/async - {"script":"<script> [6424 bytes]","args":[{"element-6066-11e4-a52e-4f735466cecf":"f.0763987BF21D2E15D38664A642A1837D.d.24B5514E17D8FACEF340F74FD30D15D1.e.17969"},"setValue",["04/17/2025"]]}
RESULT: {"script":"<script> [6424 bytes]","args":[{"element-6066-11e4-a52e-4f735466cecf":"f.0763987BF21D2E15D38664A642A1837D.d.24B5514E17D8FACEF340F74FD30D15D1.e.17969"},"setValue",["04/17/2025"]]}
COMMAND: POST /session/3fbb5aa961da27feb6cf7ecb004886db/element - {"using":"xpath","value":"//input[@id=\"generalSectionFrg--receiveYard-inner\"]"}
RESULT: {"using":"xpath","value":"//input[@id=\"generalSectionFrg--receiveYard-inner\"]"}
COMMAND: POST /session/3fbb5aa961da27feb6cf7ecb004886db/element/f.0763987BF21D2E15D38664A642A1837D.d.24B5514E17D8FACEF340F74FD30D15D1.e.17975/clear - {}
RESULT: {}
COMMAND: POST /session/3fbb5aa961da27feb6cf7ecb004886db/element/f.0763987BF21D2E15D38664A642A1837D.d.24B5514E17D8FACEF340F74FD30D15D1.e.17975/value - {"text":"478"}
COMMAND: GET /session/3fbb5aa961da27feb6cf7ecb004886db/screenshot - {}
RESULT: {"text":"478"}
COMMAND: GET /session/3fbb5aa961da27feb6cf7ecb004886db/screenshot - {}
RESULT: {}
RESULT: {}
COMMAND: POST /session/3fbb5aa961da27feb6cf7ecb004886db/element - {"using":"xpath","value":"//li[.//span[text()='478']]"}
RESULT: {"using":"xpath","value":"//li[.//span[text()='478']]"}
COMMAND: POST /session/3fbb5aa961da27feb6cf7ecb004886db/element/f.0763987BF21D2E15D38664A642A1837D.d.24B5514E17D8FACEF340F74FD30D15D1.e.17990/click - {}
RESULT: {}
COMMAND: GET /session/3fbb5aa961da27feb6cf7ecb004886db/screenshot - {}
RESULT: {}
COMMAND: POST /session/3fbb5aa961da27feb6cf7ecb004886db/execute/async - {"script":"<script> [1562 bytes]","args":[{"selector":{"id":"application-managehandovers-display-component---AddNewHO--ObjectPageLayout-anchBar-application-managehandovers-display-component---AddNewHO--section4-anchor","interaction":{"idSuffix":"BDI-content"}},"wdio_ui5_key":"applicationmanagehandovers-display-component---AddNewHO--ObjectPageLayout-anchBar-application-managehandovers-display-component---AddNewHO--section4-anchor"}]}
RESULT: {"script":"<script> [1562 bytes]","args":[{"selector":{"id":"application-managehandovers-display-component---AddNewHO--ObjectPageLayout-anchBar-application-managehandovers-display-component---AddNewHO--section4-anchor","interaction":{"idSuffix":"BDI-content"}},"wdio_ui5_key":"applicationmanagehandovers-display-component---AddNewHO--ObjectPageLayout-anchBar-application-managehandovers-display-component---AddNewHO--section4-anchor"}]}
RESULT: undefined
COMMAND: POST /session/3fbb5aa961da27feb6cf7ecb004886db/element - {"using":"xpath","value":"//*[@id=\"application-managehandovers-display-component---AddNewHO--ObjectPageLayout-anchBar-application-managehandovers-display-component---AddNewHO--section4-anchor\"]"}
RESULT: {"using":"xpath","value":"//*[@id=\"application-managehandovers-display-component---AddNewHO--ObjectPageLayout-anchBar-application-managehandovers-display-component---AddNewHO--section4-anchor\"]"}
COMMAND: POST /session/3fbb5aa961da27feb6cf7ecb004886db/element/f.0763987BF21D2E15D38664A642A1837D.d.24B5514E17D8FACEF340F74FD30D15D1.e.17992/click - {}
RESULT: {}
COMMAND: POST /session/3fbb5aa961da27feb6cf7ecb004886db/element - {"using":"xpath","value":"//button[@aria-label=\"Add\"]"}
COMMAND: GET /session/3fbb5aa961da27feb6cf7ecb004886db/screenshot - {}
RESULT: {"using":"xpath","value":"//button[@aria-label=\"Add\"]"}
COMMAND: POST /session/3fbb5aa961da27feb6cf7ecb004886db/element/f.0763987BF21D2E15D38664A642A1837D.d.24B5514E17D8FACEF340F74FD30D15D1.e.17994/click - {}
RESULT: {}
RESULT: {}
COMMAND: GET /session/3fbb5aa961da27feb6cf7ecb004886db/screenshot - {}
RESULT: {}
COMMAND: POST /session/3fbb5aa961da27feb6cf7ecb004886db/execute/async - {"script":"<script> [1562 bytes]","args":[{"selector":{"id":"application-managehandovers-display-component---AddNewHO--smartFilterBar-btnBasicSearch","searchOpenDialogs":true,"interaction":{"idSuffix":"I"}},"wdio_ui5_key":"applicationmanagehandovers-display-component---AddNewHO--smartFilterBar-btnBasicSearch"}]}
RESULT: {"script":"<script> [1562 bytes]","args":[{"selector":{"id":"application-managehandovers-display-component---AddNewHO--smartFilterBar-btnBasicSearch","searchOpenDialogs":true,"interaction":{"idSuffix":"I"}},"wdio_ui5_key":"applicationmanagehandovers-display-component---AddNewHO--smartFilterBar-btnBasicSearch"}]}
RESULT: undefined
COMMAND: POST /session/3fbb5aa961da27feb6cf7ecb004886db/execute/async - {"script":"<script> [776 bytes]","args":[{"enterText":"KXUMReOD3n","selector":{"id":"application-managehandovers-display-component---AddNewHO--smartFilterBar-btnBasicSearch","searchOpenDialogs":true,"interaction":{"idSuffix":"I"}},"clearTextFirst":true,"interactionType":"ENTER_TEXT"}]}
RESULT: {"script":"<script> [776 bytes]","args":[{"enterText":"KXUMReOD3n","selector":{"id":"application-managehandovers-display-component---AddNewHO--smartFilterBar-btnBasicSearch","searchOpenDialogs":true,"interaction":{"idSuffix":"I"}},"clearTextFirst":true,"interactionType":"ENTER_TEXT"}]}
COMMAND: POST /session/3fbb5aa961da27feb6cf7ecb004886db/actions - {"actions":[{"id":"action65","type":"key","parameters":{},"actions":[{"type":"keyDown","value":""},{"type":"pause","duration":10},{"type":"keyUp","value":""}]}]}
RESULT: {"actions":[{"id":"action65","type":"key","parameters":{},"actions":[{"type":"keyDown","value":""},{"type":"pause","duration":10},{"type":"keyUp","value":""}]}]}
COMMAND: GET /session/3fbb5aa961da27feb6cf7ecb004886db/screenshot - {}
RESULT: {}
COMMAND: POST /session/3fbb5aa961da27feb6cf7ecb004886db/execute/async - {"script":"<script> [1562 bytes]","args":[{"selector":{"id":"application-managehandovers-display-component---AddNewHO--popup-sa","searchOpenDialogs":true,"interaction":{"idSuffix":"CbBg"}},"wdio_ui5_key":"applicationmanagehandovers-display-component---AddNewHO--popup-sa"}]}
RESULT: {"script":"<script> [1562 bytes]","args":[{"selector":{"id":"application-managehandovers-display-component---AddNewHO--popup-sa","searchOpenDialogs":true,"interaction":{"idSuffix":"CbBg"}},"wdio_ui5_key":"applicationmanagehandovers-display-component---AddNewHO--popup-sa"}]}
RESULT: undefined
COMMAND: POST /session/3fbb5aa961da27feb6cf7ecb004886db/element - {"using":"xpath","value":"//*[@id=\"application-managehandovers-display-component---AddNewHO--popup-sa\"]"}
RESULT: {"using":"xpath","value":"//*[@id=\"application-managehandovers-display-component---AddNewHO--popup-sa\"]"}
COMMAND: POST /session/3fbb5aa961da27feb6cf7ecb004886db/element/f.0763987BF21D2E15D38664A642A1837D.d.24B5514E17D8FACEF340F74FD30D15D1.e.18148/click - {}
RESULT: {}
COMMAND: GET /session/3fbb5aa961da27feb6cf7ecb004886db/screenshot - {}
RESULT: {}
COMMAND: POST /session/3fbb5aa961da27feb6cf7ecb004886db/element - {"using":"xpath","value":"//bdi[contains(text(), \"Select\")]"}
RESULT: {"using":"xpath","value":"//bdi[contains(text(), \"Select\")]"}
COMMAND: POST /session/3fbb5aa961da27feb6cf7ecb004886db/element/f.0763987BF21D2E15D38664A642A1837D.d.24B5514E17D8FACEF340F74FD30D15D1.e.18149/click - {}
RESULT: {}
COMMAND: GET /session/3fbb5aa961da27feb6cf7ecb004886db/screenshot - {}
RESULT: {}
COMMAND: POST /session/3fbb5aa961da27feb6cf7ecb004886db/element - {"using":"xpath","value":"//button[@data-kt=\"AddNewHOSaveButton\"]"}
RESULT: {"using":"xpath","value":"//button[@data-kt=\"AddNewHOSaveButton\"]"}
COMMAND: POST /session/3fbb5aa961da27feb6cf7ecb004886db/element/f.0763987BF21D2E15D38664A642A1837D.d.24B5514E17D8FACEF340F74FD30D15D1.e.18153/click - {}
RESULT: {}
COMMAND: GET /session/3fbb5aa961da27feb6cf7ecb004886db/screenshot - {}
COMMAND: POST /session/3fbb5aa961da27feb6cf7ecb004886db/execute/async - {"script":"<script> [1562 bytes]","args":[{"selector":{"id":"receiptDatePicker","viewName":"etm.portal.ui.managehandovers.view.DetailExecuteHO","interaction":{"idSuffix":"inner"}},"wdio_ui5_key":"receiptDatePickeretmportal.ui.managehandovers.view.DetailExecuteHO"}]}
RESULT: {}
RESULT: {"script":"<script> [1562 bytes]","args":[{"selector":{"id":"receiptDatePicker","viewName":"etm.portal.ui.managehandovers.view.DetailExecuteHO","interaction":{"idSuffix":"inner"}},"wdio_ui5_key":"receiptDatePickeretmportal.ui.managehandovers.view.DetailExecuteHO"}]}
RESULT: undefined
COMMAND: POST /session/3fbb5aa961da27feb6cf7ecb004886db/execute/async - {"script":"<script> [6424 bytes]","args":[{"element-6066-11e4-a52e-4f735466cecf":"f.0763987BF21D2E15D38664A642A1837D.d.24B5514E17D8FACEF340F74FD30D15D1.e.18183"},"setValue",["04/17/2025"]]}
RESULT: {"script":"<script> [6424 bytes]","args":[{"element-6066-11e4-a52e-4f735466cecf":"f.0763987BF21D2E15D38664A642A1837D.d.24B5514E17D8FACEF340F74FD30D15D1.e.18183"},"setValue",["04/17/2025"]]}
COMMAND: POST /session/3fbb5aa961da27feb6cf7ecb004886db/element - {"using":"xpath","value":"//button[@data-kt=\"PickingTableConfirmAllButton\"]"}
RESULT: {"using":"xpath","value":"//button[@data-kt=\"PickingTableConfirmAllButton\"]"}
COMMAND: POST /session/3fbb5aa961da27feb6cf7ecb004886db/element/f.0763987BF21D2E15D38664A642A1837D.d.24B5514E17D8FACEF340F74FD30D15D1.e.18198/click - {}
RESULT: {}
COMMAND: GET /session/3fbb5aa961da27feb6cf7ecb004886db/screenshot - {}
RESULT: {}
COMMAND: POST /session/3fbb5aa961da27feb6cf7ecb004886db/element - {"using":"xpath","value":"//bdi[contains(text(), \"OK\")]"}
RESULT: {"using":"xpath","value":"//bdi[contains(text(), \"OK\")]"}
COMMAND: POST /session/3fbb5aa961da27feb6cf7ecb004886db/element/f.0763987BF21D2E15D38664A642A1837D.d.24B5514E17D8FACEF340F74FD30D15D1.e.18200/click - {}
RESULT: {}
COMMAND: GET /session/3fbb5aa961da27feb6cf7ecb004886db/screenshot - {}
RESULT: {}
COMMAND: POST /session/3fbb5aa961da27feb6cf7ecb004886db/element - {"using":"xpath","value":"(//bdi[contains(text(), \"Receive\")])[2]"}
RESULT: {"using":"xpath","value":"(//bdi[contains(text(), \"Receive\")])[2]"}
COMMAND: POST /session/3fbb5aa961da27feb6cf7ecb004886db/element/f.0763987BF21D2E15D38664A642A1837D.d.24B5514E17D8FACEF340F74FD30D15D1.e.18202/click - {}
RESULT: {}
COMMAND: GET /session/3fbb5aa961da27feb6cf7ecb004886db/screenshot - {}
RESULT: {}
COMMAND: POST /session/3fbb5aa961da27feb6cf7ecb004886db/element - {"using":"css selector","value":"#shell-header-logo"}
RESULT: {"using":"css selector","value":"#shell-header-logo"}
COMMAND: POST /session/3fbb5aa961da27feb6cf7ecb004886db/element/f.0763987BF21D2E15D38664A642A1837D.d.24B5514E17D8FACEF340F74FD30D15D1.e.17607/click - {}
RESULT: {}
COMMAND: GET /session/3fbb5aa961da27feb6cf7ecb004886db/screenshot - {}
RESULT: {}
]]></system-out>
    </testcase>
    <testcase classname="chrome.135_0_7049_42.windows.Create_Reverse_Billing_US127248" name="Should create a new contract" time="60.915">
      <system-out><![CDATA[
COMMAND: POST /session/3fbb5aa961da27feb6cf7ecb004886db/execute/async - {"script":"<script> [1562 bytes]","args":[{"selector":{"controlType":"sap.m.Text","viewName":"etm.portal.ui.managecontractstile.view.Master","properties":{"text":"Manage Contracts"},"interaction":{"idSuffix":"inner"}},"wdio_ui5_key":"etmportal.ui.managecontractstile.view.Mastersap.m.Text{\"text\":\"Manage Contracts\"}"}]}
RESULT: {"script":"<script> [1562 bytes]","args":[{"selector":{"controlType":"sap.m.Text","viewName":"etm.portal.ui.managecontractstile.view.Master","properties":{"text":"Manage Contracts"},"interaction":{"idSuffix":"inner"}},"wdio_ui5_key":"etmportal.ui.managecontractstile.view.Mastersap.m.Text{\"text\":\"Manage Contracts\"}"}]}
RESULT: undefined
COMMAND: POST /session/3fbb5aa961da27feb6cf7ecb004886db/element - {"using":"xpath","value":"//*[@id=\"__tile130-title\"]"}
RESULT: {"using":"xpath","value":"//*[@id=\"__tile130-title\"]"}
COMMAND: POST /session/3fbb5aa961da27feb6cf7ecb004886db/element/f.0763987BF21D2E15D38664A642A1837D.d.24B5514E17D8FACEF340F74FD30D15D1.e.18379/click - {}
RESULT: {}
COMMAND: GET /session/3fbb5aa961da27feb6cf7ecb004886db/screenshot - {}
COMMAND: POST /session/3fbb5aa961da27feb6cf7ecb004886db/element - {"using":"xpath","value":"//button[@data-kt=\"addButton\"]"}
RESULT: undefined
RESULT: undefined
RESULT: {}
RESULT: {"using":"xpath","value":"//button[@data-kt=\"addButton\"]"}
COMMAND: POST /session/3fbb5aa961da27feb6cf7ecb004886db/elements - {"using":"xpath","value":"//button[@data-kt=\"addButton\"]"}
RESULT: {"using":"xpath","value":"//button[@data-kt=\"addButton\"]"}
COMMAND: POST /session/3fbb5aa961da27feb6cf7ecb004886db/execute/sync - {"script":"<script> [8489 bytes]","args":[{"element-6066-11e4-a52e-4f735466cecf":"f.0763987BF21D2E15D38664A642A1837D.d.24B5514E17D8FACEF340F74FD30D15D1.e.18449","ELEMENT":"f.0763987BF21D2E15D38664A642A1837D.d.24B5514E17D8FACEF340F74FD30D15D1.e.18449"}]}
RESULT: {"script":"<script> [8489 bytes]","args":[{"element-6066-11e4-a52e-4f735466cecf":"f.0763987BF21D2E15D38664A642A1837D.d.24B5514E17D8FACEF340F74FD30D15D1.e.18449","ELEMENT":"f.0763987BF21D2E15D38664A642A1837D.d.24B5514E17D8FACEF340F74FD30D15D1.e.18449"}]}
COMMAND: GET /session/3fbb5aa961da27feb6cf7ecb004886db/element/f.0763987BF21D2E15D38664A642A1837D.d.24B5514E17D8FACEF340F74FD30D15D1.e.18449/enabled - {}
COMMAND: GET /session/3fbb5aa961da27feb6cf7ecb004886db/screenshot - {}
RESULT: {}
COMMAND: POST /session/3fbb5aa961da27feb6cf7ecb004886db/execute/sync - {"script":"<script> [8489 bytes]","args":[{"element-6066-11e4-a52e-4f735466cecf":"f.0763987BF21D2E15D38664A642A1837D.d.24B5514E17D8FACEF340F74FD30D15D1.e.18449","ELEMENT":"f.0763987BF21D2E15D38664A642A1837D.d.24B5514E17D8FACEF340F74FD30D15D1.e.18449"}]}
COMMAND: GET /session/3fbb5aa961da27feb6cf7ecb004886db/screenshot - {}
RESULT: {}
RESULT: {"script":"<script> [8489 bytes]","args":[{"element-6066-11e4-a52e-4f735466cecf":"f.0763987BF21D2E15D38664A642A1837D.d.24B5514E17D8FACEF340F74FD30D15D1.e.18449","ELEMENT":"f.0763987BF21D2E15D38664A642A1837D.d.24B5514E17D8FACEF340F74FD30D15D1.e.18449"}]}
COMMAND: POST /session/3fbb5aa961da27feb6cf7ecb004886db/execute/sync - {"script":"<script> [5351 bytes]","args":[{"element-6066-11e4-a52e-4f735466cecf":"f.0763987BF21D2E15D38664A642A1837D.d.24B5514E17D8FACEF340F74FD30D15D1.e.18449","ELEMENT":"f.0763987BF21D2E15D38664A642A1837D.d.24B5514E17D8FACEF340F74FD30D15D1.e.18449"}]}
COMMAND: GET /session/3fbb5aa961da27feb6cf7ecb004886db/screenshot - {}
RESULT: {}
RESULT: {"script":"<script> [5351 bytes]","args":[{"element-6066-11e4-a52e-4f735466cecf":"f.0763987BF21D2E15D38664A642A1837D.d.24B5514E17D8FACEF340F74FD30D15D1.e.18449","ELEMENT":"f.0763987BF21D2E15D38664A642A1837D.d.24B5514E17D8FACEF340F74FD30D15D1.e.18449"}]}
COMMAND: GET /session/3fbb5aa961da27feb6cf7ecb004886db/screenshot - {}
RESULT: {}
RESULT: {}
COMMAND: POST /session/3fbb5aa961da27feb6cf7ecb004886db/element/f.0763987BF21D2E15D38664A642A1837D.d.24B5514E17D8FACEF340F74FD30D15D1.e.18449/click - {}
RESULT: {}
COMMAND: GET /session/3fbb5aa961da27feb6cf7ecb004886db/screenshot - {}
COMMAND: POST /session/3fbb5aa961da27feb6cf7ecb004886db/execute/async - {"script":"<script> [1562 bytes]","args":[{"selector":{"id":"application-managecontracts-display-component---AddNewContract--projectDescription","interaction":{"idSuffix":"inner"}},"wdio_ui5_key":"applicationmanagecontracts-display-component---AddNewContract--projectDescription"}]}
RESULT: {}
RESULT: {"script":"<script> [1562 bytes]","args":[{"selector":{"id":"application-managecontracts-display-component---AddNewContract--projectDescription","interaction":{"idSuffix":"inner"}},"wdio_ui5_key":"applicationmanagecontracts-display-component---AddNewContract--projectDescription"}]}
RESULT: undefined
COMMAND: POST /session/3fbb5aa961da27feb6cf7ecb004886db/execute/async - {"script":"<script> [776 bytes]","args":[{"enterText":"Contract WDIO","selector":{"id":"application-managecontracts-display-component---AddNewContract--projectDescription","interaction":{"idSuffix":"inner"}},"clearTextFirst":true,"interactionType":"ENTER_TEXT"}]}
RESULT: {"script":"<script> [776 bytes]","args":[{"enterText":"Contract WDIO","selector":{"id":"application-managecontracts-display-component---AddNewContract--projectDescription","interaction":{"idSuffix":"inner"}},"clearTextFirst":true,"interactionType":"ENTER_TEXT"}]}
COMMAND: POST /session/3fbb5aa961da27feb6cf7ecb004886db/element - {"using":"xpath","value":"//input[@id=\"application-managecontracts-display-component---AddNewContract--site-inner\"]"}
RESULT: {"using":"xpath","value":"//input[@id=\"application-managecontracts-display-component---AddNewContract--site-inner\"]"}
COMMAND: POST /session/3fbb5aa961da27feb6cf7ecb004886db/element/f.0763987BF21D2E15D38664A642A1837D.d.24B5514E17D8FACEF340F74FD30D15D1.e.18779/clear - {}
RESULT: {}
COMMAND: POST /session/3fbb5aa961da27feb6cf7ecb004886db/element/f.0763987BF21D2E15D38664A642A1837D.d.24B5514E17D8FACEF340F74FD30D15D1.e.18779/value - {"text":"2295"}
COMMAND: GET /session/3fbb5aa961da27feb6cf7ecb004886db/screenshot - {}
RESULT: {"text":"2295"}
COMMAND: GET /session/3fbb5aa961da27feb6cf7ecb004886db/screenshot - {}
RESULT: {}
COMMAND: POST /session/3fbb5aa961da27feb6cf7ecb004886db/element - {"using":"xpath","value":"//li[.//span[text()='2295']]"}
RESULT: {}
RESULT: {"using":"xpath","value":"//li[.//span[text()='2295']]"}
COMMAND: POST /session/3fbb5aa961da27feb6cf7ecb004886db/element/f.0763987BF21D2E15D38664A642A1837D.d.24B5514E17D8FACEF340F74FD30D15D1.e.18802/click - {}
RESULT: {}
COMMAND: GET /session/3fbb5aa961da27feb6cf7ecb004886db/screenshot - {}
RESULT: {}
COMMAND: POST /session/3fbb5aa961da27feb6cf7ecb004886db/element - {"using":"xpath","value":"//input[@id=\"application-managecontracts-display-component---AddNewContract--yardId-inner\"]"}
RESULT: {"using":"xpath","value":"//input[@id=\"application-managecontracts-display-component---AddNewContract--yardId-inner\"]"}
COMMAND: GET /session/3fbb5aa961da27feb6cf7ecb004886db/element/f.0763987BF21D2E15D38664A642A1837D.d.24B5514E17D8FACEF340F74FD30D15D1.e.18780/property/value - {}
RESULT: {}
COMMAND: POST /session/3fbb5aa961da27feb6cf7ecb004886db/element - {"using":"xpath","value":"//input[@id=\"application-managecontracts-display-component---AddNewContract--customerSelect-inner\"]"}
COMMAND: GET /session/3fbb5aa961da27feb6cf7ecb004886db/screenshot - {}
RESULT: {"using":"xpath","value":"//input[@id=\"application-managecontracts-display-component---AddNewContract--customerSelect-inner\"]"}
COMMAND: POST /session/3fbb5aa961da27feb6cf7ecb004886db/element/f.0763987BF21D2E15D38664A642A1837D.d.24B5514E17D8FACEF340F74FD30D15D1.e.18778/clear - {}
RESULT: {}
RESULT: {}
COMMAND: POST /session/3fbb5aa961da27feb6cf7ecb004886db/element/f.0763987BF21D2E15D38664A642A1837D.d.24B5514E17D8FACEF340F74FD30D15D1.e.18778/value - {"text":"1334"}
COMMAND: GET /session/3fbb5aa961da27feb6cf7ecb004886db/screenshot - {}
RESULT: {"text":"1334"}
COMMAND: GET /session/3fbb5aa961da27feb6cf7ecb004886db/screenshot - {}
RESULT: {}
RESULT: {}
COMMAND: POST /session/3fbb5aa961da27feb6cf7ecb004886db/element - {"using":"xpath","value":"//li[.//span[text()='1334']]"}
RESULT: {"using":"xpath","value":"//li[.//span[text()='1334']]"}
COMMAND: POST /session/3fbb5aa961da27feb6cf7ecb004886db/element/f.0763987BF21D2E15D38664A642A1837D.d.24B5514E17D8FACEF340F74FD30D15D1.e.18805/click - {}
RESULT: {}
COMMAND: GET /session/3fbb5aa961da27feb6cf7ecb004886db/screenshot - {}
RESULT: {}
COMMAND: POST /session/3fbb5aa961da27feb6cf7ecb004886db/element - {"using":"xpath","value":"//button[@data-kt=\"saveButton\"]"}
RESULT: {"using":"xpath","value":"//button[@data-kt=\"saveButton\"]"}
COMMAND: POST /session/3fbb5aa961da27feb6cf7ecb004886db/element/f.0763987BF21D2E15D38664A642A1837D.d.24B5514E17D8FACEF340F74FD30D15D1.e.18794/click - {}
RESULT: {}
COMMAND: GET /session/3fbb5aa961da27feb6cf7ecb004886db/screenshot - {}
RESULT: {}
COMMAND: POST /session/3fbb5aa961da27feb6cf7ecb004886db/element - {"using":"xpath","value":"//span[contains(@id ,\"contractDetailTitleNoExpanded\")]"}
RESULT: {"using":"xpath","value":"//span[contains(@id ,\"contractDetailTitleNoExpanded\")]"}
COMMAND: POST /session/3fbb5aa961da27feb6cf7ecb004886db/elements - {"using":"xpath","value":"//span[contains(@id ,\"contractDetailTitleNoExpanded\")]"}
RESULT: {"using":"xpath","value":"//span[contains(@id ,\"contractDetailTitleNoExpanded\")]"}
COMMAND: POST /session/3fbb5aa961da27feb6cf7ecb004886db/execute/sync - {"script":"<script> [56 bytes]","args":[{"element-6066-11e4-a52e-4f735466cecf":"f.0763987BF21D2E15D38664A642A1837D.d.24B5514E17D8FACEF340F74FD30D15D1.e.18815","ELEMENT":"f.0763987BF21D2E15D38664A642A1837D.d.24B5514E17D8FACEF340F74FD30D15D1.e.18815"}]}
RESULT: {"script":"<script> [56 bytes]","args":[{"element-6066-11e4-a52e-4f735466cecf":"f.0763987BF21D2E15D38664A642A1837D.d.24B5514E17D8FACEF340F74FD30D15D1.e.18815","ELEMENT":"f.0763987BF21D2E15D38664A642A1837D.d.24B5514E17D8FACEF340F74FD30D15D1.e.18815"}]}
COMMAND: GET /session/3fbb5aa961da27feb6cf7ecb004886db/screenshot - {}
RESULT: {}
]]></system-out>
    </testcase>
    <testcase classname="chrome.135_0_7049_42.windows.Create_Reverse_Billing_US127248" name="Should add equipment to the contract" time="42.783">
      <system-out><![CDATA[
COMMAND: POST /session/3fbb5aa961da27feb6cf7ecb004886db/element - {"using":"xpath","value":"//button[@data-kt=\"contractDetailEditBtnButton\"]"}
RESULT: {"using":"xpath","value":"//button[@data-kt=\"contractDetailEditBtnButton\"]"}
COMMAND: POST /session/3fbb5aa961da27feb6cf7ecb004886db/element/f.0763987BF21D2E15D38664A642A1837D.d.24B5514E17D8FACEF340F74FD30D15D1.e.18816/click - {}
RESULT: {}
COMMAND: GET /session/3fbb5aa961da27feb6cf7ecb004886db/screenshot - {}
RESULT: {}
COMMAND: POST /session/3fbb5aa961da27feb6cf7ecb004886db/element - {"using":"xpath","value":"(//span[contains(text(), \"Additional Addresses\")])[2]"}
RESULT: {"using":"xpath","value":"(//span[contains(text(), \"Additional Addresses\")])[2]"}
COMMAND: POST /session/3fbb5aa961da27feb6cf7ecb004886db/element/f.0763987BF21D2E15D38664A642A1837D.d.24B5514E17D8FACEF340F74FD30D15D1.e.18872/click - {}
RESULT: {}
COMMAND: GET /session/3fbb5aa961da27feb6cf7ecb004886db/screenshot - {}
RESULT: {}
COMMAND: POST /session/3fbb5aa961da27feb6cf7ecb004886db/element - {"using":"xpath","value":"//button[@data-kt=\"btnAddTableRowOverflowToolbarButton\"]"}
RESULT: {"using":"xpath","value":"//button[@data-kt=\"btnAddTableRowOverflowToolbarButton\"]"}
COMMAND: POST /session/3fbb5aa961da27feb6cf7ecb004886db/element/f.0763987BF21D2E15D38664A642A1837D.d.24B5514E17D8FACEF340F74FD30D15D1.e.18875/click - {}
RESULT: {}
COMMAND: GET /session/3fbb5aa961da27feb6cf7ecb004886db/screenshot - {}
RESULT: {}
COMMAND: POST /session/3fbb5aa961da27feb6cf7ecb004886db/element - {"using":"xpath","value":"//div[(text() = 'Standard Entry' or . = 'Standard Entry')]"}
RESULT: {"using":"xpath","value":"//div[(text() = 'Standard Entry' or . = 'Standard Entry')]"}
COMMAND: POST /session/3fbb5aa961da27feb6cf7ecb004886db/element/f.0763987BF21D2E15D38664A642A1837D.d.24B5514E17D8FACEF340F74FD30D15D1.e.18877/click - {}
RESULT: {}
COMMAND: GET /session/3fbb5aa961da27feb6cf7ecb004886db/screenshot - {}
RESULT: {}
COMMAND: POST /session/3fbb5aa961da27feb6cf7ecb004886db/element - {"using":"xpath","value":"//td[7]/div/div/input"}
RESULT: {"using":"xpath","value":"//td[7]/div/div/input"}
COMMAND: POST /session/3fbb5aa961da27feb6cf7ecb004886db/element/f.0763987BF21D2E15D38664A642A1837D.d.24B5514E17D8FACEF340F74FD30D15D1.e.18886/clear - {}
RESULT: {}
COMMAND: POST /session/3fbb5aa961da27feb6cf7ecb004886db/element/f.0763987BF21D2E15D38664A642A1837D.d.24B5514E17D8FACEF340F74FD30D15D1.e.18886/value - {"text":"KXUMReOD3n"}
COMMAND: GET /session/3fbb5aa961da27feb6cf7ecb004886db/screenshot - {}
RESULT: {"text":"KXUMReOD3n"}
COMMAND: GET /session/3fbb5aa961da27feb6cf7ecb004886db/screenshot - {}
RESULT: {}
RESULT: {}
COMMAND: POST /session/3fbb5aa961da27feb6cf7ecb004886db/actions - {"actions":[{"id":"action66","type":"key","parameters":{},"actions":[{"type":"keyDown","value":""},{"type":"pause","duration":10},{"type":"keyUp","value":""}]}]}
RESULT: {"actions":[{"id":"action66","type":"key","parameters":{},"actions":[{"type":"keyDown","value":""},{"type":"pause","duration":10},{"type":"keyUp","value":""}]}]}
COMMAND: GET /session/3fbb5aa961da27feb6cf7ecb004886db/screenshot - {}
RESULT: {}
COMMAND: POST /session/3fbb5aa961da27feb6cf7ecb004886db/element - {"using":"xpath","value":"(//button[@data-kt=\"saveButton\"])[2]"}
RESULT: {"using":"xpath","value":"(//button[@data-kt=\"saveButton\"])[2]"}
COMMAND: POST /session/3fbb5aa961da27feb6cf7ecb004886db/element/f.0763987BF21D2E15D38664A642A1837D.d.24B5514E17D8FACEF340F74FD30D15D1.e.18901/click - {}
RESULT: {}
COMMAND: GET /session/3fbb5aa961da27feb6cf7ecb004886db/screenshot - {}
RESULT: {}
COMMAND: POST /session/3fbb5aa961da27feb6cf7ecb004886db/element - {"using":"xpath","value":"//span[contains(@id ,\"contractItemsSmartTable-header-inner\")]"}
RESULT: {"using":"xpath","value":"//span[contains(@id ,\"contractItemsSmartTable-header-inner\")]"}
COMMAND: POST /session/3fbb5aa961da27feb6cf7ecb004886db/elements - {"using":"xpath","value":"//span[contains(@id ,\"contractItemsSmartTable-header-inner\")]"}
RESULT: {"using":"xpath","value":"//span[contains(@id ,\"contractItemsSmartTable-header-inner\")]"}
COMMAND: POST /session/3fbb5aa961da27feb6cf7ecb004886db/execute/sync - {"script":"<script> [56 bytes]","args":[{"element-6066-11e4-a52e-4f735466cecf":"f.0763987BF21D2E15D38664A642A1837D.d.24B5514E17D8FACEF340F74FD30D15D1.e.18906","ELEMENT":"f.0763987BF21D2E15D38664A642A1837D.d.24B5514E17D8FACEF340F74FD30D15D1.e.18906"}]}
RESULT: {"script":"<script> [56 bytes]","args":[{"element-6066-11e4-a52e-4f735466cecf":"f.0763987BF21D2E15D38664A642A1837D.d.24B5514E17D8FACEF340F74FD30D15D1.e.18906","ELEMENT":"f.0763987BF21D2E15D38664A642A1837D.d.24B5514E17D8FACEF340F74FD30D15D1.e.18906"}]}
COMMAND: GET /session/3fbb5aa961da27feb6cf7ecb004886db/screenshot - {}
]]></system-out>
    </testcase>
    <testcase classname="chrome.135_0_7049_42.windows.Create_Reverse_Billing_US127248" name="Should do a provide to site handover" time="65.253">
      <system-out><![CDATA[
COMMAND: POST /session/3fbb5aa961da27feb6cf7ecb004886db/element - {"using":"xpath","value":"//button[@data-kt=\"provideButton\"]"}
RESULT: {}
RESULT: {"using":"xpath","value":"//button[@data-kt=\"provideButton\"]"}
COMMAND: POST /session/3fbb5aa961da27feb6cf7ecb004886db/element/f.0763987BF21D2E15D38664A642A1837D.d.24B5514E17D8FACEF340F74FD30D15D1.e.18908/click - {}
RESULT: {}
COMMAND: GET /session/3fbb5aa961da27feb6cf7ecb004886db/screenshot - {}
RESULT: {}
RESULT: undefined
COMMAND: POST /session/3fbb5aa961da27feb6cf7ecb004886db/execute/async - {"script":"<script> [6424 bytes]","args":[{"element-6066-11e4-a52e-4f735466cecf":"f.0763987BF21D2E15D38664A642A1837D.d.24B5514E17D8FACEF340F74FD30D15D1.e.17969"},"setValue",["04/17/2025"]]}
COMMAND: POST /session/3fbb5aa961da27feb6cf7ecb004886db/execute/async - {"script":"<script> [1562 bytes]","args":[{"selector":{"id":"application-managehandovers-display-component---AddNewHO--dueDate","interaction":{"idSuffix":"inner"}},"wdio_ui5_key":"applicationmanagehandovers-display-component---AddNewHO--dueDate"}]}
RESULT: {"script":"<script> [1562 bytes]","args":[{"selector":{"id":"application-managehandovers-display-component---AddNewHO--dueDate","interaction":{"idSuffix":"inner"}},"wdio_ui5_key":"applicationmanagehandovers-display-component---AddNewHO--dueDate"}]}
COMMAND: POST /session/3fbb5aa961da27feb6cf7ecb004886db/execute/async - {"script":"<script> [6424 bytes]","args":[{"element-6066-11e4-a52e-4f735466cecf":"f.0763987BF21D2E15D38664A642A1837D.d.24B5514E17D8FACEF340F74FD30D15D1.e.18980"},"setValue",["04/17/2025"]]}
RESULT: {"script":"<script> [6424 bytes]","args":[{"element-6066-11e4-a52e-4f735466cecf":"f.0763987BF21D2E15D38664A642A1837D.d.24B5514E17D8FACEF340F74FD30D15D1.e.18980"},"setValue",["04/17/2025"]]}
COMMAND: POST /session/3fbb5aa961da27feb6cf7ecb004886db/element - {"using":"xpath","value":"//bdi[contains(text(), \"Instructions\")]"}
RESULT: {"using":"xpath","value":"//bdi[contains(text(), \"Instructions\")]"}
COMMAND: POST /session/3fbb5aa961da27feb6cf7ecb004886db/element/f.0763987BF21D2E15D38664A642A1837D.d.24B5514E17D8FACEF340F74FD30D15D1.e.19221/click - {}
RESULT: {}
COMMAND: GET /session/3fbb5aa961da27feb6cf7ecb004886db/screenshot - {}
RESULT: {}
COMMAND: POST /session/3fbb5aa961da27feb6cf7ecb004886db/element - {"using":"xpath","value":"//button[@data-kt=\"AddNewHOProvideAddItemsButton\"]"}
RESULT: {"using":"xpath","value":"//button[@data-kt=\"AddNewHOProvideAddItemsButton\"]"}
COMMAND: POST /session/3fbb5aa961da27feb6cf7ecb004886db/element/f.0763987BF21D2E15D38664A642A1837D.d.24B5514E17D8FACEF340F74FD30D15D1.e.19225/click - {}
RESULT: {}
COMMAND: GET /session/3fbb5aa961da27feb6cf7ecb004886db/screenshot - {}
RESULT: {}
RESULT: undefined
COMMAND: POST /session/3fbb5aa961da27feb6cf7ecb004886db/element - {"using":"xpath","value":"//*[@id=\"application-managehandovers-display-component---AddNewHO--popup-sa\"]"}
RESULT: {"using":"xpath","value":"//*[@id=\"application-managehandovers-display-component---AddNewHO--popup-sa\"]"}
COMMAND: POST /session/3fbb5aa961da27feb6cf7ecb004886db/element/f.0763987BF21D2E15D38664A642A1837D.d.24B5514E17D8FACEF340F74FD30D15D1.e.19235/click - {}
RESULT: {}
COMMAND: GET /session/3fbb5aa961da27feb6cf7ecb004886db/screenshot - {}
RESULT: {}
COMMAND: POST /session/3fbb5aa961da27feb6cf7ecb004886db/element - {"using":"xpath","value":"//*[contains(@id ,\"BDI-content\")][contains(text(), \"Select\")]"}
RESULT: {"using":"xpath","value":"//*[contains(@id ,\"BDI-content\")][contains(text(), \"Select\")]"}
COMMAND: POST /session/3fbb5aa961da27feb6cf7ecb004886db/element/f.0763987BF21D2E15D38664A642A1837D.d.24B5514E17D8FACEF340F74FD30D15D1.e.19236/click - {}
RESULT: {}
COMMAND: GET /session/3fbb5aa961da27feb6cf7ecb004886db/screenshot - {}
RESULT: {}
COMMAND: POST /session/3fbb5aa961da27feb6cf7ecb004886db/execute/async - {"script":"<script> [1562 bytes]","args":[{"selector":{"id":"application-managehandovers-display-component---AddNewHO--confirmCreationButton","interaction":{"idSuffix":"BDI-content"}},"wdio_ui5_key":"applicationmanagehandovers-display-component---AddNewHO--confirmCreationButton"}]}
RESULT: {"script":"<script> [1562 bytes]","args":[{"selector":{"id":"application-managehandovers-display-component---AddNewHO--confirmCreationButton","interaction":{"idSuffix":"BDI-content"}},"wdio_ui5_key":"applicationmanagehandovers-display-component---AddNewHO--confirmCreationButton"}]}
RESULT: undefined
COMMAND: POST /session/3fbb5aa961da27feb6cf7ecb004886db/element - {"using":"xpath","value":"//*[@id=\"application-managehandovers-display-component---AddNewHO--confirmCreationButton\"]"}
RESULT: {"using":"xpath","value":"//*[@id=\"application-managehandovers-display-component---AddNewHO--confirmCreationButton\"]"}
COMMAND: POST /session/3fbb5aa961da27feb6cf7ecb004886db/element/f.0763987BF21D2E15D38664A642A1837D.d.24B5514E17D8FACEF340F74FD30D15D1.e.19027/click - {}
RESULT: {}
COMMAND: GET /session/3fbb5aa961da27feb6cf7ecb004886db/screenshot - {}
COMMAND: POST /session/3fbb5aa961da27feb6cf7ecb004886db/element - {"using":"xpath","value":"//button[@data-kt=\"PickingTableConfirmAllButton\"]"}
RESULT: {}
RESULT: {"using":"xpath","value":"//button[@data-kt=\"PickingTableConfirmAllButton\"]"}
COMMAND: POST /session/3fbb5aa961da27feb6cf7ecb004886db/elements - {"using":"xpath","value":"//button[@data-kt=\"PickingTableConfirmAllButton\"]"}
RESULT: {"using":"xpath","value":"//button[@data-kt=\"PickingTableConfirmAllButton\"]"}
COMMAND: POST /session/3fbb5aa961da27feb6cf7ecb004886db/elements - {"using":"xpath","value":"//button[@data-kt=\"PickingTableConfirmAllButton\"]"}
RESULT: {"using":"xpath","value":"//button[@data-kt=\"PickingTableConfirmAllButton\"]"}
COMMAND: POST /session/3fbb5aa961da27feb6cf7ecb004886db/element - {"using":"xpath","value":"//button[@data-kt=\"PickingTableConfirmAllButton\"]"}
RESULT: {"using":"xpath","value":"//button[@data-kt=\"PickingTableConfirmAllButton\"]"}
COMMAND: POST /session/3fbb5aa961da27feb6cf7ecb004886db/element/f.0763987BF21D2E15D38664A642A1837D.d.24B5514E17D8FACEF340F74FD30D15D1.e.19277/click - {}
COMMAND: POST /session/3fbb5aa961da27feb6cf7ecb004886db/element - {"using":"xpath","value":"//button[@data-kt=\"PickingTableConfirmAllButton\"]"}
RESULT: {"using":"xpath","value":"//button[@data-kt=\"PickingTableConfirmAllButton\"]"}
COMMAND: POST /session/3fbb5aa961da27feb6cf7ecb004886db/element/f.0763987BF21D2E15D38664A642A1837D.d.24B5514E17D8FACEF340F74FD30D15D1.e.19277/click - {}
COMMAND: POST /session/3fbb5aa961da27feb6cf7ecb004886db/element - {"using":"xpath","value":"//button[@data-kt=\"PickingTableConfirmAllButton\"]"}
RESULT: {"using":"xpath","value":"//button[@data-kt=\"PickingTableConfirmAllButton\"]"}
COMMAND: POST /session/3fbb5aa961da27feb6cf7ecb004886db/element/f.0763987BF21D2E15D38664A642A1837D.d.24B5514E17D8FACEF340F74FD30D15D1.e.19298/click - {}
RESULT: {}
COMMAND: GET /session/3fbb5aa961da27feb6cf7ecb004886db/screenshot - {}
RESULT: {}
COMMAND: POST /session/3fbb5aa961da27feb6cf7ecb004886db/element - {"using":"xpath","value":"//bdi[contains(text(), \"OK\")]"}
RESULT: {"using":"xpath","value":"//bdi[contains(text(), \"OK\")]"}
COMMAND: POST /session/3fbb5aa961da27feb6cf7ecb004886db/element/f.0763987BF21D2E15D38664A642A1837D.d.24B5514E17D8FACEF340F74FD30D15D1.e.19302/click - {}
RESULT: {}
COMMAND: GET /session/3fbb5aa961da27feb6cf7ecb004886db/screenshot - {}
RESULT: {}
COMMAND: POST /session/3fbb5aa961da27feb6cf7ecb004886db/element - {"using":"xpath","value":"//bdi[contains(text(), \"Issue\")]"}
RESULT: {"using":"xpath","value":"//bdi[contains(text(), \"Issue\")]"}
COMMAND: POST /session/3fbb5aa961da27feb6cf7ecb004886db/element/f.0763987BF21D2E15D38664A642A1837D.d.24B5514E17D8FACEF340F74FD30D15D1.e.19304/click - {}
RESULT: {}
COMMAND: GET /session/3fbb5aa961da27feb6cf7ecb004886db/screenshot - {}
RESULT: {}
COMMAND: POST /session/3fbb5aa961da27feb6cf7ecb004886db/element - {"using":"css selector","value":"#shell-header-logo"}
RESULT: {"using":"css selector","value":"#shell-header-logo"}
COMMAND: POST /session/3fbb5aa961da27feb6cf7ecb004886db/element/f.0763987BF21D2E15D38664A642A1837D.d.24B5514E17D8FACEF340F74FD30D15D1.e.18383/click - {}
RESULT: {}
COMMAND: GET /session/3fbb5aa961da27feb6cf7ecb004886db/screenshot - {}
RESULT: {}
]]></system-out>
    </testcase>
    <testcase classname="chrome.135_0_7049_42.windows.Create_Reverse_Billing_US127248" name="Should go navigate to Manage Billings and trigger contract calculation check result" time="70.498">
      <system-out><![CDATA[
COMMAND: POST /session/3fbb5aa961da27feb6cf7ecb004886db/execute/async - {"script":"<script> [1562 bytes]","args":[{"selector":{"controlType":"sap.m.GenericTile","properties":{"header":"Manage Billings"}},"wdio_ui5_key":"sapm.GenericTile{\"header\":\"Manage Billings\"}"}]}
RESULT: {"script":"<script> [1562 bytes]","args":[{"selector":{"controlType":"sap.m.GenericTile","properties":{"header":"Manage Billings"}},"wdio_ui5_key":"sapm.GenericTile{\"header\":\"Manage Billings\"}"}]}
RESULT: undefined
COMMAND: POST /session/3fbb5aa961da27feb6cf7ecb004886db/element - {"using":"xpath","value":"//*[@id=\"__tile51\"]"}
RESULT: {"using":"xpath","value":"//*[@id=\"__tile51\"]"}
COMMAND: POST /session/3fbb5aa961da27feb6cf7ecb004886db/element/f.0763987BF21D2E15D38664A642A1837D.d.24B5514E17D8FACEF340F74FD30D15D1.e.16408/click - {}
RESULT: {}
COMMAND: GET /session/3fbb5aa961da27feb6cf7ecb004886db/screenshot - {}
COMMAND: POST /session/3fbb5aa961da27feb6cf7ecb004886db/execute/async - {"script":"<script> [1562 bytes]","args":[{"selector":{"id":"application-managebillings-display-component---billRunCalcResult--smartFilterBar-btnBasicSearch","interaction":{"idSuffix":"I"}},"wdio_ui5_key":"applicationmanagebillings-display-component---billRunCalcResult--smartFilterBar-btnBasicSearch"}]}
RESULT: {}
RESULT: {"script":"<script> [1562 bytes]","args":[{"selector":{"id":"application-managebillings-display-component---billRunCalcResult--smartFilterBar-btnBasicSearch","interaction":{"idSuffix":"I"}},"wdio_ui5_key":"applicationmanagebillings-display-component---billRunCalcResult--smartFilterBar-btnBasicSearch"}]}
RESULT: undefined
COMMAND: POST /session/3fbb5aa961da27feb6cf7ecb004886db/execute/async - {"script":"<script> [776 bytes]","args":[{"enterText":"10394","selector":{"id":"application-managebillings-display-component---billRunCalcResult--smartFilterBar-btnBasicSearch","interaction":{"idSuffix":"I"}},"clearTextFirst":true,"interactionType":"ENTER_TEXT"}]}
RESULT: {"script":"<script> [776 bytes]","args":[{"enterText":"10394","selector":{"id":"application-managebillings-display-component---billRunCalcResult--smartFilterBar-btnBasicSearch","interaction":{"idSuffix":"I"}},"clearTextFirst":true,"interactionType":"ENTER_TEXT"}]}
COMMAND: POST /session/3fbb5aa961da27feb6cf7ecb004886db/actions - {"actions":[{"id":"action67","type":"key","parameters":{},"actions":[{"type":"keyDown","value":""},{"type":"pause","duration":10},{"type":"keyUp","value":""}]}]}
RESULT: {"actions":[{"id":"action67","type":"key","parameters":{},"actions":[{"type":"keyDown","value":""},{"type":"pause","duration":10},{"type":"keyUp","value":""}]}]}
COMMAND: GET /session/3fbb5aa961da27feb6cf7ecb004886db/screenshot - {}
RESULT: {}
COMMAND: POST /session/3fbb5aa961da27feb6cf7ecb004886db/element - {"using":"xpath","value":"//td[@aria-colindex=\"1\"]/div/div[contains(@class, \"sapMCbBg\")]"}
RESULT: {"using":"xpath","value":"//td[@aria-colindex=\"1\"]/div/div[contains(@class, \"sapMCbBg\")]"}
COMMAND: POST /session/3fbb5aa961da27feb6cf7ecb004886db/element/f.0763987BF21D2E15D38664A642A1837D.d.24B5514E17D8FACEF340F74FD30D15D1.e.19695/click - {}
RESULT: {}
COMMAND: GET /session/3fbb5aa961da27feb6cf7ecb004886db/screenshot - {}
RESULT: {}
COMMAND: POST /session/3fbb5aa961da27feb6cf7ecb004886db/execute/async - {"script":"<script> [1562 bytes]","args":[{"selector":{"id":"application-managebillings-display-component---billRunCalcResult--contractBillRunDate","interaction":{"idSuffix":"inner"}},"wdio_ui5_key":"applicationmanagebillings-display-component---billRunCalcResult--contractBillRunDate"}]}
RESULT: {"script":"<script> [1562 bytes]","args":[{"selector":{"id":"application-managebillings-display-component---billRunCalcResult--contractBillRunDate","interaction":{"idSuffix":"inner"}},"wdio_ui5_key":"applicationmanagebillings-display-component---billRunCalcResult--contractBillRunDate"}]}
RESULT: undefined
COMMAND: POST /session/3fbb5aa961da27feb6cf7ecb004886db/execute/async - {"script":"<script> [776 bytes]","args":[{"enterText":"05/17/25","selector":{"id":"application-managebillings-display-component---billRunCalcResult--contractBillRunDate","interaction":{"idSuffix":"inner"}},"clearTextFirst":true,"interactionType":"ENTER_TEXT"}]}
RESULT: {"script":"<script> [776 bytes]","args":[{"enterText":"05/17/25","selector":{"id":"application-managebillings-display-component---billRunCalcResult--contractBillRunDate","interaction":{"idSuffix":"inner"}},"clearTextFirst":true,"interactionType":"ENTER_TEXT"}]}
COMMAND: POST /session/3fbb5aa961da27feb6cf7ecb004886db/element - {"using":"xpath","value":"//bdi[contains(text(), \"Trigger Calculation\")]"}
RESULT: {"using":"xpath","value":"//bdi[contains(text(), \"Trigger Calculation\")]"}
COMMAND: POST /session/3fbb5aa961da27feb6cf7ecb004886db/element/f.0763987BF21D2E15D38664A642A1837D.d.24B5514E17D8FACEF340F74FD30D15D1.e.19746/click - {}
RESULT: {}
COMMAND: GET /session/3fbb5aa961da27feb6cf7ecb004886db/screenshot - {}
RESULT: {}
COMMAND: POST /session/3fbb5aa961da27feb6cf7ecb004886db/element - {"using":"xpath","value":"(//span[contains(@id, \"imgNav\")])[1]"}
RESULT: {"using":"xpath","value":"(//span[contains(@id, \"imgNav\")])[1]"}
COMMAND: POST /session/3fbb5aa961da27feb6cf7ecb004886db/element/f.0763987BF21D2E15D38664A642A1837D.d.24B5514E17D8FACEF340F74FD30D15D1.e.19696/click - {}
RESULT: {}
COMMAND: GET /session/3fbb5aa961da27feb6cf7ecb004886db/screenshot - {}
RESULT: {}
COMMAND: POST /session/3fbb5aa961da27feb6cf7ecb004886db/element - {"using":"xpath","value":"//tr/td[6]/div[1]/span[1]/span[1]"}
RESULT: {"using":"xpath","value":"//tr/td[6]/div[1]/span[1]/span[1]"}
COMMAND: GET /session/3fbb5aa961da27feb6cf7ecb004886db/element/f.0763987BF21D2E15D38664A642A1837D.d.24B5514E17D8FACEF340F74FD30D15D1.e.19751/text - {}
RESULT: {}
COMMAND: POST /session/3fbb5aa961da27feb6cf7ecb004886db/element - {"using":"xpath","value":"(//span[contains(@id, \"imgNav\")])[2]"}
RESULT: {"using":"xpath","value":"(//span[contains(@id, \"imgNav\")])[2]"}
COMMAND: POST /session/3fbb5aa961da27feb6cf7ecb004886db/element/f.0763987BF21D2E15D38664A642A1837D.d.24B5514E17D8FACEF340F74FD30D15D1.e.19752/click - {}
RESULT: {}
COMMAND: POST /session/3fbb5aa961da27feb6cf7ecb004886db/element - {"using":"xpath","value":"//bdi[contains(text(), \"Business Confirm\")]"}
COMMAND: GET /session/3fbb5aa961da27feb6cf7ecb004886db/screenshot - {}
RESULT: {"using":"xpath","value":"//bdi[contains(text(), \"Business Confirm\")]"}
COMMAND: POST /session/3fbb5aa961da27feb6cf7ecb004886db/elements - {"using":"xpath","value":"//bdi[contains(text(), \"Business Confirm\")]"}
RESULT: {}
RESULT: {"using":"xpath","value":"//bdi[contains(text(), \"Business Confirm\")]"}
COMMAND: POST /session/3fbb5aa961da27feb6cf7ecb004886db/element - {"using":"xpath","value":"//bdi[contains(text(), \"Business Confirm\")]"}
RESULT: {"using":"xpath","value":"//bdi[contains(text(), \"Business Confirm\")]"}
COMMAND: POST /session/3fbb5aa961da27feb6cf7ecb004886db/element/f.0763987BF21D2E15D38664A642A1837D.d.24B5514E17D8FACEF340F74FD30D15D1.e.19783/click - {}
RESULT: {}
COMMAND: POST /session/3fbb5aa961da27feb6cf7ecb004886db/element - {"using":"css selector","value":"#shell-header-logo"}
COMMAND: GET /session/3fbb5aa961da27feb6cf7ecb004886db/screenshot - {}
RESULT: {"using":"css selector","value":"#shell-header-logo"}
COMMAND: POST /session/3fbb5aa961da27feb6cf7ecb004886db/element/f.0763987BF21D2E15D38664A642A1837D.d.24B5514E17D8FACEF340F74FD30D15D1.e.19485/click - {}
RESULT: {}
RESULT: {}
COMMAND: GET /session/3fbb5aa961da27feb6cf7ecb004886db/screenshot - {}
RESULT: {}
]]></system-out>
    </testcase>
    <testcase classname="chrome.135_0_7049_42.windows.Create_Reverse_Billing_US127248" name="Should go into Billing Transfer and reverse the billing" time="52.104">
      <system-out><![CDATA[
COMMAND: POST /session/3fbb5aa961da27feb6cf7ecb004886db/execute/async - {"script":"<script> [1562 bytes]","args":[{"selector":{"controlType":"sap.m.GenericTile","properties":{"header":"Billing Transfer"}},"wdio_ui5_key":"sapm.GenericTile{\"header\":\"Billing Transfer\"}"}]}
RESULT: {"script":"<script> [1562 bytes]","args":[{"selector":{"controlType":"sap.m.GenericTile","properties":{"header":"Billing Transfer"}},"wdio_ui5_key":"sapm.GenericTile{\"header\":\"Billing Transfer\"}"}]}
RESULT: undefined
COMMAND: POST /session/3fbb5aa961da27feb6cf7ecb004886db/element - {"using":"xpath","value":"//*[@id=\"__tile50\"]"}
RESULT: {"using":"xpath","value":"//*[@id=\"__tile50\"]"}
COMMAND: POST /session/3fbb5aa961da27feb6cf7ecb004886db/element/f.0763987BF21D2E15D38664A642A1837D.d.24B5514E17D8FACEF340F74FD30D15D1.e.16406/click - {}
RESULT: {}
COMMAND: POST /session/3fbb5aa961da27feb6cf7ecb004886db/element - {"using":"xpath","value":"//input[contains(@id ,\"application-billingtransfer-display-component---billingWorkbench--smartFilterBar-btnBasicSearch\")]"}
COMMAND: GET /session/3fbb5aa961da27feb6cf7ecb004886db/screenshot - {}
RESULT: {"using":"xpath","value":"//input[contains(@id ,\"application-billingtransfer-display-component---billingWorkbench--smartFilterBar-btnBasicSearch\")]"}
COMMAND: POST /session/3fbb5aa961da27feb6cf7ecb004886db/elements - {"using":"xpath","value":"//input[contains(@id ,\"application-billingtransfer-display-component---billingWorkbench--smartFilterBar-btnBasicSearch\")]"}
RESULT: {}
RESULT: {"using":"xpath","value":"//input[contains(@id ,\"application-billingtransfer-display-component---billingWorkbench--smartFilterBar-btnBasicSearch\")]"}
COMMAND: POST /session/3fbb5aa961da27feb6cf7ecb004886db/element - {"using":"xpath","value":"//input[contains(@id ,\"application-billingtransfer-display-component---billingWorkbench--smartFilterBar-btnBasicSearch\")]"}
RESULT: {"using":"xpath","value":"//input[contains(@id ,\"application-billingtransfer-display-component---billingWorkbench--smartFilterBar-btnBasicSearch\")]"}
COMMAND: POST /session/3fbb5aa961da27feb6cf7ecb004886db/execute/sync - {"script":"<script> [8489 bytes]","args":[{"element-6066-11e4-a52e-4f735466cecf":"f.0763987BF21D2E15D38664A642A1837D.d.24B5514E17D8FACEF340F74FD30D15D1.e.19811","ELEMENT":"f.0763987BF21D2E15D38664A642A1837D.d.24B5514E17D8FACEF340F74FD30D15D1.e.19811"}]}
RESULT: {"script":"<script> [8489 bytes]","args":[{"element-6066-11e4-a52e-4f735466cecf":"f.0763987BF21D2E15D38664A642A1837D.d.24B5514E17D8FACEF340F74FD30D15D1.e.19811","ELEMENT":"f.0763987BF21D2E15D38664A642A1837D.d.24B5514E17D8FACEF340F74FD30D15D1.e.19811"}]}
COMMAND: GET /session/3fbb5aa961da27feb6cf7ecb004886db/element/f.0763987BF21D2E15D38664A642A1837D.d.24B5514E17D8FACEF340F74FD30D15D1.e.19811/enabled - {}
COMMAND: GET /session/3fbb5aa961da27feb6cf7ecb004886db/screenshot - {}
RESULT: {}
COMMAND: POST /session/3fbb5aa961da27feb6cf7ecb004886db/element/f.0763987BF21D2E15D38664A642A1837D.d.24B5514E17D8FACEF340F74FD30D15D1.e.19811/click - {}
COMMAND: GET /session/3fbb5aa961da27feb6cf7ecb004886db/screenshot - {}
RESULT: {}
RESULT: {}
COMMAND: GET /session/3fbb5aa961da27feb6cf7ecb004886db/screenshot - {}
RESULT: {}
RESULT: {}
COMMAND: POST /session/3fbb5aa961da27feb6cf7ecb004886db/element/f.0763987BF21D2E15D38664A642A1837D.d.24B5514E17D8FACEF340F74FD30D15D1.e.19811/clear - {}
RESULT: {}
COMMAND: POST /session/3fbb5aa961da27feb6cf7ecb004886db/element/f.0763987BF21D2E15D38664A642A1837D.d.24B5514E17D8FACEF340F74FD30D15D1.e.19811/value - {"text":"10394"}
COMMAND: GET /session/3fbb5aa961da27feb6cf7ecb004886db/screenshot - {}
RESULT: {"text":"10394"}
COMMAND: POST /session/3fbb5aa961da27feb6cf7ecb004886db/actions - {"actions":[{"id":"action68","type":"key","parameters":{},"actions":[{"type":"keyDown","value":""},{"type":"pause","duration":10},{"type":"keyUp","value":""}]}]}
COMMAND: GET /session/3fbb5aa961da27feb6cf7ecb004886db/screenshot - {}
RESULT: {}
RESULT: {"actions":[{"id":"action68","type":"key","parameters":{},"actions":[{"type":"keyDown","value":""},{"type":"pause","duration":10},{"type":"keyUp","value":""}]}]}
COMMAND: GET /session/3fbb5aa961da27feb6cf7ecb004886db/screenshot - {}
RESULT: {}
RESULT: {}
COMMAND: POST /session/3fbb5aa961da27feb6cf7ecb004886db/element - {"using":"xpath","value":"//span[contains(@id ,\"application-billingtransfer-display-component---billingWorkbench--smartTableBillingRuns-header-inner\")]"}
RESULT: {"using":"xpath","value":"//span[contains(@id ,\"application-billingtransfer-display-component---billingWorkbench--smartTableBillingRuns-header-inner\")]"}
COMMAND: POST /session/3fbb5aa961da27feb6cf7ecb004886db/elements - {"using":"xpath","value":"//span[contains(@id ,\"application-billingtransfer-display-component---billingWorkbench--smartTableBillingRuns-header-inner\")]"}
RESULT: {"using":"xpath","value":"//span[contains(@id ,\"application-billingtransfer-display-component---billingWorkbench--smartTableBillingRuns-header-inner\")]"}
COMMAND: POST /session/3fbb5aa961da27feb6cf7ecb004886db/execute/sync - {"script":"<script> [56 bytes]","args":[{"element-6066-11e4-a52e-4f735466cecf":"f.0763987BF21D2E15D38664A642A1837D.d.24B5514E17D8FACEF340F74FD30D15D1.e.19957","ELEMENT":"f.0763987BF21D2E15D38664A642A1837D.d.24B5514E17D8FACEF340F74FD30D15D1.e.19957"}]}
RESULT: {"script":"<script> [56 bytes]","args":[{"element-6066-11e4-a52e-4f735466cecf":"f.0763987BF21D2E15D38664A642A1837D.d.24B5514E17D8FACEF340F74FD30D15D1.e.19957","ELEMENT":"f.0763987BF21D2E15D38664A642A1837D.d.24B5514E17D8FACEF340F74FD30D15D1.e.19957"}]}
COMMAND: POST /session/3fbb5aa961da27feb6cf7ecb004886db/element - {"using":"xpath","value":"//td[@aria-colindex=\"1\"]/div/div[contains(@class, \"sapMCbBg\")]"}
COMMAND: GET /session/3fbb5aa961da27feb6cf7ecb004886db/screenshot - {}
RESULT: {"using":"xpath","value":"//td[@aria-colindex=\"1\"]/div/div[contains(@class, \"sapMCbBg\")]"}
COMMAND: POST /session/3fbb5aa961da27feb6cf7ecb004886db/element/f.0763987BF21D2E15D38664A642A1837D.d.24B5514E17D8FACEF340F74FD30D15D1.e.19940/click - {}
RESULT: {}
RESULT: {}
COMMAND: GET /session/3fbb5aa961da27feb6cf7ecb004886db/screenshot - {}
RESULT: {}
COMMAND: POST /session/3fbb5aa961da27feb6cf7ecb004886db/element - {"using":"xpath","value":"//bdi[contains(text(), \"Reverse\")]"}
RESULT: {"using":"xpath","value":"//bdi[contains(text(), \"Reverse\")]"}
COMMAND: POST /session/3fbb5aa961da27feb6cf7ecb004886db/element/f.0763987BF21D2E15D38664A642A1837D.d.24B5514E17D8FACEF340F74FD30D15D1.e.19958/click - {}
RESULT: {}
COMMAND: GET /session/3fbb5aa961da27feb6cf7ecb004886db/screenshot - {}
RESULT: {}
COMMAND: POST /session/3fbb5aa961da27feb6cf7ecb004886db/element - {"using":"xpath","value":"//input[contains(@id ,\"application-billingtransfer-display-component---billingWorkbench--smartFilterBar-btnBasicSearch\")]"}
RESULT: {"using":"xpath","value":"//input[contains(@id ,\"application-billingtransfer-display-component---billingWorkbench--smartFilterBar-btnBasicSearch\")]"}
COMMAND: POST /session/3fbb5aa961da27feb6cf7ecb004886db/elements - {"using":"xpath","value":"//input[contains(@id ,\"application-billingtransfer-display-component---billingWorkbench--smartFilterBar-btnBasicSearch\")]"}
RESULT: {"using":"xpath","value":"//input[contains(@id ,\"application-billingtransfer-display-component---billingWorkbench--smartFilterBar-btnBasicSearch\")]"}
COMMAND: POST /session/3fbb5aa961da27feb6cf7ecb004886db/execute/sync - {"script":"<script> [8489 bytes]","args":[{"element-6066-11e4-a52e-4f735466cecf":"f.0763987BF21D2E15D38664A642A1837D.d.24B5514E17D8FACEF340F74FD30D15D1.e.19811","ELEMENT":"f.0763987BF21D2E15D38664A642A1837D.d.24B5514E17D8FACEF340F74FD30D15D1.e.19811"}]}
RESULT: {"script":"<script> [8489 bytes]","args":[{"element-6066-11e4-a52e-4f735466cecf":"f.0763987BF21D2E15D38664A642A1837D.d.24B5514E17D8FACEF340F74FD30D15D1.e.19811","ELEMENT":"f.0763987BF21D2E15D38664A642A1837D.d.24B5514E17D8FACEF340F74FD30D15D1.e.19811"}]}
COMMAND: GET /session/3fbb5aa961da27feb6cf7ecb004886db/element/f.0763987BF21D2E15D38664A642A1837D.d.24B5514E17D8FACEF340F74FD30D15D1.e.19811/enabled - {}
COMMAND: GET /session/3fbb5aa961da27feb6cf7ecb004886db/screenshot - {}
RESULT: {}
COMMAND: POST /session/3fbb5aa961da27feb6cf7ecb004886db/element/f.0763987BF21D2E15D38664A642A1837D.d.24B5514E17D8FACEF340F74FD30D15D1.e.19811/click - {}
COMMAND: GET /session/3fbb5aa961da27feb6cf7ecb004886db/screenshot - {}
RESULT: {}
RESULT: {}
COMMAND: GET /session/3fbb5aa961da27feb6cf7ecb004886db/screenshot - {}
RESULT: {}
RESULT: {}
COMMAND: POST /session/3fbb5aa961da27feb6cf7ecb004886db/element/f.0763987BF21D2E15D38664A642A1837D.d.24B5514E17D8FACEF340F74FD30D15D1.e.19811/clear - {}
RESULT: {}
COMMAND: POST /session/3fbb5aa961da27feb6cf7ecb004886db/element/f.0763987BF21D2E15D38664A642A1837D.d.24B5514E17D8FACEF340F74FD30D15D1.e.19811/value - {"text":"10394"}
COMMAND: GET /session/3fbb5aa961da27feb6cf7ecb004886db/screenshot - {}
RESULT: {"text":"10394"}
COMMAND: POST /session/3fbb5aa961da27feb6cf7ecb004886db/actions - {"actions":[{"id":"action69","type":"key","parameters":{},"actions":[{"type":"keyDown","value":""},{"type":"pause","duration":10},{"type":"keyUp","value":""}]}]}
COMMAND: GET /session/3fbb5aa961da27feb6cf7ecb004886db/screenshot - {}
RESULT: {}
RESULT: {"actions":[{"id":"action69","type":"key","parameters":{},"actions":[{"type":"keyDown","value":""},{"type":"pause","duration":10},{"type":"keyUp","value":""}]}]}
COMMAND: GET /session/3fbb5aa961da27feb6cf7ecb004886db/screenshot - {}
RESULT: {}
RESULT: {}
COMMAND: POST /session/3fbb5aa961da27feb6cf7ecb004886db/element - {"using":"xpath","value":"//span[contains(@id ,\"application-billingtransfer-display-component---billingWorkbench--smartTableBillingRuns-header-inner\")]"}
RESULT: {"using":"xpath","value":"//span[contains(@id ,\"application-billingtransfer-display-component---billingWorkbench--smartTableBillingRuns-header-inner\")]"}
COMMAND: POST /session/3fbb5aa961da27feb6cf7ecb004886db/elements - {"using":"xpath","value":"//span[contains(@id ,\"application-billingtransfer-display-component---billingWorkbench--smartTableBillingRuns-header-inner\")]"}
RESULT: {"using":"xpath","value":"//span[contains(@id ,\"application-billingtransfer-display-component---billingWorkbench--smartTableBillingRuns-header-inner\")]"}
COMMAND: POST /session/3fbb5aa961da27feb6cf7ecb004886db/execute/sync - {"script":"<script> [56 bytes]","args":[{"element-6066-11e4-a52e-4f735466cecf":"f.0763987BF21D2E15D38664A642A1837D.d.24B5514E17D8FACEF340F74FD30D15D1.e.19957","ELEMENT":"f.0763987BF21D2E15D38664A642A1837D.d.24B5514E17D8FACEF340F74FD30D15D1.e.19957"}]}
RESULT: {"script":"<script> [56 bytes]","args":[{"element-6066-11e4-a52e-4f735466cecf":"f.0763987BF21D2E15D38664A642A1837D.d.24B5514E17D8FACEF340F74FD30D15D1.e.19957","ELEMENT":"f.0763987BF21D2E15D38664A642A1837D.d.24B5514E17D8FACEF340F74FD30D15D1.e.19957"}]}
COMMAND: POST /session/3fbb5aa961da27feb6cf7ecb004886db/element - {"using":"css selector","value":"#shell-header-logo"}
COMMAND: GET /session/3fbb5aa961da27feb6cf7ecb004886db/screenshot - {}
RESULT: {"using":"css selector","value":"#shell-header-logo"}
COMMAND: POST /session/3fbb5aa961da27feb6cf7ecb004886db/element/f.0763987BF21D2E15D38664A642A1837D.d.24B5514E17D8FACEF340F74FD30D15D1.e.19808/click - {}
RESULT: {}
RESULT: {}
COMMAND: GET /session/3fbb5aa961da27feb6cf7ecb004886db/screenshot - {}
RESULT: {}
COMMAND: DELETE /session/3fbb5aa961da27feb6cf7ecb004886db - {}
RESULT: {}
]]></system-out>
    </testcase>
  </testsuite>
</testsuites>