<?xml version="1.0" encoding="UTF-8"?>
<testsuites tests="24" failures="1" errors="1" skipped="0">
  <testsuite timestamp="2025-05-07T15:41:01" time="665.064" tests="5" failures="0" errors="0" skipped="0">
    <properties>
      <property name="specId" value="0" />
      <property name="suiteName" value="Manage Requests Tags Tests US120163" />
      <property name="capabilities" value="chrome.136_0_7103_49.windows" />
      <property name="file" value="file:///D:/a/1/s/test/specs/R2C/create-request-Tags.spec.js" />
    </properties>
    <testcase classname="chrome.136_0_7103_49.windows.Manage_Requests_Tags_Tests_US120163" name="Should create a new yard" time="139.545">
      <system-out><![CDATA[
COMMAND: POST /session/004e8781a420927acb4284c1134f8905/execute/async - {"script":"<script> [1562 bytes]","args":[{"selector":{"controlType":"sap.m.GenericTile","properties":{"header":"Manage Yards"}},"wdio_ui5_key":"sapm.GenericTile{\"header\":\"Manage Yards\"}"}]}
RESULT: {"script":"<script> [1562 bytes]","args":[{"selector":{"controlType":"sap.m.GenericTile","properties":{"header":"Manage Yards"}},"wdio_ui5_key":"sapm.GenericTile{\"header\":\"Manage Yards\"}"}]}
RESULT: undefined
COMMAND: POST /session/004e8781a420927acb4284c1134f8905/element - {"using":"xpath","value":"//*[@id=\"__tile41\"]"}
RESULT: {"using":"xpath","value":"//*[@id=\"__tile41\"]"}
COMMAND: POST /session/004e8781a420927acb4284c1134f8905/element/f.B6308163BD667941B2C0E4D2A3AC438F.d.66229313C1378E308F64301989946239.e.125/click - {}
RESULT: {}
COMMAND: GET /session/004e8781a420927acb4284c1134f8905/screenshot - {}
RESULT: {}
COMMAND: POST /session/004e8781a420927acb4284c1134f8905/execute/async - {"script":"<script> [1562 bytes]","args":[{"selector":{"controlType":"sap.ui.core.Icon","viewName":"etm.portal.ui.manageyards.view.Master","viewId":"application-manageyards-display-component---masterYard","properties":{"src":{"regex":{"source":"add"}}}},"wdio_ui5_key":"etmportal.ui.manageyards.view.Mastersap.ui.core.Icon{\"src\":{\"regex\":{\"source\":\"add\"}}}"}]}
RESULT: {"script":"<script> [1562 bytes]","args":[{"selector":{"controlType":"sap.ui.core.Icon","viewName":"etm.portal.ui.manageyards.view.Master","viewId":"application-manageyards-display-component---masterYard","properties":{"src":{"regex":{"source":"add"}}}},"wdio_ui5_key":"etmportal.ui.manageyards.view.Mastersap.ui.core.Icon{\"src\":{\"regex\":{\"source\":\"add\"}}}"}]}
RESULT: undefined
COMMAND: POST /session/004e8781a420927acb4284c1134f8905/element - {"using":"xpath","value":"//*[@id=\"__button4-img\"]"}
RESULT: {"using":"xpath","value":"//*[@id=\"__button4-img\"]"}
COMMAND: POST /session/004e8781a420927acb4284c1134f8905/element/f.B6308163BD667941B2C0E4D2A3AC438F.d.66229313C1378E308F64301989946239.e.172/click - {}
RESULT: {}
COMMAND: GET /session/004e8781a420927acb4284c1134f8905/screenshot - {}
RESULT: {}
COMMAND: POST /session/004e8781a420927acb4284c1134f8905/execute/async - {"script":"<script> [1562 bytes]","args":[{"selector":{"id":"application-manageyards-display-component---NewYard--yardId","interaction":{"idSuffix":"inner"}},"wdio_ui5_key":"applicationmanageyards-display-component---NewYard--yardId"}]}
RESULT: {"script":"<script> [1562 bytes]","args":[{"selector":{"id":"application-manageyards-display-component---NewYard--yardId","interaction":{"idSuffix":"inner"}},"wdio_ui5_key":"applicationmanageyards-display-component---NewYard--yardId"}]}
RESULT: undefined
COMMAND: POST /session/004e8781a420927acb4284c1134f8905/element - {"using":"xpath","value":"//*[@id=\"application-manageyards-display-component---NewYard--addressDetailDetailsName1-inner\"]"}
RESULT: {"using":"xpath","value":"//*[@id=\"application-manageyards-display-component---NewYard--addressDetailDetailsName1-inner\"]"}
COMMAND: POST /session/004e8781a420927acb4284c1134f8905/element/f.B6308163BD667941B2C0E4D2A3AC438F.d.66229313C1378E308F64301989946239.e.386/clear - {}
RESULT: {}
COMMAND: POST /session/004e8781a420927acb4284c1134f8905/element/f.B6308163BD667941B2C0E4D2A3AC438F.d.66229313C1378E308F64301989946239.e.386/value - {"text":"WebdriverYardnhqhyk"}
COMMAND: GET /session/004e8781a420927acb4284c1134f8905/screenshot - {}
RESULT: {"text":"WebdriverYardnhqhyk"}
COMMAND: POST /session/004e8781a420927acb4284c1134f8905/element - {"using":"xpath","value":"//*[@id=\"application-manageyards-display-component---NewYard--addressDetailDetailsLanguage-inner\"]"}
COMMAND: GET /session/004e8781a420927acb4284c1134f8905/screenshot - {}
RESULT: {}
RESULT: {"using":"xpath","value":"//*[@id=\"application-manageyards-display-component---NewYard--addressDetailDetailsLanguage-inner\"]"}
COMMAND: POST /session/004e8781a420927acb4284c1134f8905/element/f.B6308163BD667941B2C0E4D2A3AC438F.d.66229313C1378E308F64301989946239.e.387/clear - {}
RESULT: {}
RESULT: {}
COMMAND: POST /session/004e8781a420927acb4284c1134f8905/element/f.B6308163BD667941B2C0E4D2A3AC438F.d.66229313C1378E308F64301989946239.e.387/value - {"text":"Romanian"}
COMMAND: GET /session/004e8781a420927acb4284c1134f8905/screenshot - {}
RESULT: {"text":"Romanian"}
COMMAND: POST /session/004e8781a420927acb4284c1134f8905/element - {"using":"xpath","value":"//input[contains(@id ,\"application-manageyards-display-component---NewYard--addressDetailDetailsName1-inner\")]"}
COMMAND: GET /session/004e8781a420927acb4284c1134f8905/screenshot - {}
RESULT: {}
RESULT: {"using":"xpath","value":"//input[contains(@id ,\"application-manageyards-display-component---NewYard--addressDetailDetailsName1-inner\")]"}
COMMAND: GET /session/004e8781a420927acb4284c1134f8905/element/f.B6308163BD667941B2C0E4D2A3AC438F.d.66229313C1378E308F64301989946239.e.386/property/value - {}
RESULT: {}
RESULT: {}
COMMAND: GET /session/004e8781a420927acb4284c1134f8905/screenshot - {}
RESULT: {}
COMMAND: POST /session/004e8781a420927acb4284c1134f8905/element - {"using":"xpath","value":"//*[@id=\"application-manageyards-display-component---NewYard--addressDetailDetailsCity1-inner\"]"}
RESULT: {"using":"xpath","value":"//*[@id=\"application-manageyards-display-component---NewYard--addressDetailDetailsCity1-inner\"]"}
COMMAND: POST /session/004e8781a420927acb4284c1134f8905/element/f.B6308163BD667941B2C0E4D2A3AC438F.d.66229313C1378E308F64301989946239.e.389/clear - {}
RESULT: {}
COMMAND: POST /session/004e8781a420927acb4284c1134f8905/element/f.B6308163BD667941B2C0E4D2A3AC438F.d.66229313C1378E308F64301989946239.e.389/value - {"text":"Bucuresti"}
COMMAND: GET /session/004e8781a420927acb4284c1134f8905/screenshot - {}
RESULT: {"text":"Bucuresti"}
COMMAND: GET /session/004e8781a420927acb4284c1134f8905/screenshot - {}
RESULT: {}
RESULT: {}
COMMAND: POST /session/004e8781a420927acb4284c1134f8905/element - {"using":"xpath","value":"//*[@id=\"application-manageyards-display-component---NewYard--addressDetailDetailsCountry-inner\"]"}
RESULT: {"using":"xpath","value":"//*[@id=\"application-manageyards-display-component---NewYard--addressDetailDetailsCountry-inner\"]"}
COMMAND: POST /session/004e8781a420927acb4284c1134f8905/element/f.B6308163BD667941B2C0E4D2A3AC438F.d.66229313C1378E308F64301989946239.e.393/clear - {}
RESULT: {}
COMMAND: POST /session/004e8781a420927acb4284c1134f8905/element/f.B6308163BD667941B2C0E4D2A3AC438F.d.66229313C1378E308F64301989946239.e.393/value - {"text":"Romania"}
COMMAND: GET /session/004e8781a420927acb4284c1134f8905/screenshot - {}
RESULT: {"text":"Romania"}
COMMAND: GET /session/004e8781a420927acb4284c1134f8905/screenshot - {}
RESULT: {}
RESULT: {}
COMMAND: POST /session/004e8781a420927acb4284c1134f8905/element - {"using":"xpath","value":"//div[contains(text(), \"Commercial\")]"}
RESULT: {"using":"xpath","value":"//div[contains(text(), \"Commercial\")]"}
COMMAND: GET /session/004e8781a420927acb4284c1134f8905/element/f.B6308163BD667941B2C0E4D2A3AC438F.d.66229313C1378E308F64301989946239.e.581/rect - {}
RESULT: {}
COMMAND: GET /session/004e8781a420927acb4284c1134f8905/window/rect - {}
RESULT: {}
COMMAND: POST /session/004e8781a420927acb4284c1134f8905/execute/sync - {"script":"<script> [92 bytes]","args":[]}
RESULT: {"script":"<script> [92 bytes]","args":[]}
COMMAND: POST /session/004e8781a420927acb4284c1134f8905/actions - {"actions":[{"id":"action1","type":"wheel","parameters":{},"actions":[{"type":"scroll","x":-1841,"y":-44,"deltaX":0,"deltaY":0,"duration":0,"origin":{"element-6066-11e4-a52e-4f735466cecf":"f.B6308163BD667941B2C0E4D2A3AC438F.d.66229313C1378E308F64301989946239.e.581"}}]}]}
COMMAND: GET /session/004e8781a420927acb4284c1134f8905/screenshot - {}
RESULT: {}
COMMAND: POST /session/004e8781a420927acb4284c1134f8905/execute/sync - {"script":"<script> [79 bytes]","args":[{"element-6066-11e4-a52e-4f735466cecf":"f.B6308163BD667941B2C0E4D2A3AC438F.d.66229313C1378E308F64301989946239.e.581","ELEMENT":"f.B6308163BD667941B2C0E4D2A3AC438F.d.66229313C1378E308F64301989946239.e.581"},{"block":"start","inline":"nearest"}]}
RESULT: {"script":"<script> [79 bytes]","args":[{"element-6066-11e4-a52e-4f735466cecf":"f.B6308163BD667941B2C0E4D2A3AC438F.d.66229313C1378E308F64301989946239.e.581","ELEMENT":"f.B6308163BD667941B2C0E4D2A3AC438F.d.66229313C1378E308F64301989946239.e.581"},{"block":"start","inline":"nearest"}]}
COMMAND: GET /session/004e8781a420927acb4284c1134f8905/screenshot - {}
RESULT: {}
COMMAND: POST /session/004e8781a420927acb4284c1134f8905/execute/async - {"script":"<script> [1562 bytes]","args":[{"selector":{"id":"application-manageyards-display-component---NewYard--addressEditDetailsCostObjectCstType-arrow"},"wdio_ui5_key":"applicationmanageyards-display-component---NewYard--addressEditDetailsCostObjectCstType-arrow"}]}
RESULT: {"script":"<script> [1562 bytes]","args":[{"selector":{"id":"application-manageyards-display-component---NewYard--addressEditDetailsCostObjectCstType-arrow"},"wdio_ui5_key":"applicationmanageyards-display-component---NewYard--addressEditDetailsCostObjectCstType-arrow"}]}
RESULT: undefined
COMMAND: POST /session/004e8781a420927acb4284c1134f8905/element - {"using":"xpath","value":"//*[@id=\"application-manageyards-display-component---NewYard--addressEditDetailsCostObjectCstType-arrow\"]"}
RESULT: {"using":"xpath","value":"//*[@id=\"application-manageyards-display-component---NewYard--addressEditDetailsCostObjectCstType-arrow\"]"}
COMMAND: POST /session/004e8781a420927acb4284c1134f8905/element/f.B6308163BD667941B2C0E4D2A3AC438F.d.66229313C1378E308F64301989946239.e.589/click - {}
RESULT: {}
COMMAND: POST /session/004e8781a420927acb4284c1134f8905/element - {"using":"xpath","value":"//span[contains(text(), \"Cost Center\")]"}
COMMAND: GET /session/004e8781a420927acb4284c1134f8905/screenshot - {}
RESULT: {"using":"xpath","value":"//span[contains(text(), \"Cost Center\")]"}
COMMAND: POST /session/004e8781a420927acb4284c1134f8905/element/f.B6308163BD667941B2C0E4D2A3AC438F.d.66229313C1378E308F64301989946239.e.590/click - {}
RESULT: {}
RESULT: {}
COMMAND: GET /session/004e8781a420927acb4284c1134f8905/screenshot - {}
RESULT: {}
COMMAND: POST /session/004e8781a420927acb4284c1134f8905/execute/async - {"script":"<script> [1562 bytes]","args":[{"selector":{"id":"application-manageyards-display-component---NewYard--addressNewCostObjectCstID-vhi"},"wdio_ui5_key":"applicationmanageyards-display-component---NewYard--addressNewCostObjectCstID-vhi"}]}
RESULT: {"script":"<script> [1562 bytes]","args":[{"selector":{"id":"application-manageyards-display-component---NewYard--addressNewCostObjectCstID-vhi"},"wdio_ui5_key":"applicationmanageyards-display-component---NewYard--addressNewCostObjectCstID-vhi"}]}
RESULT: undefined
COMMAND: POST /session/004e8781a420927acb4284c1134f8905/element - {"using":"xpath","value":"//*[@id=\"application-manageyards-display-component---NewYard--addressNewCostObjectCstID-vhi\"]"}
RESULT: {"using":"xpath","value":"//*[@id=\"application-manageyards-display-component---NewYard--addressNewCostObjectCstID-vhi\"]"}
COMMAND: POST /session/004e8781a420927acb4284c1134f8905/element/f.B6308163BD667941B2C0E4D2A3AC438F.d.66229313C1378E308F64301989946239.e.594/click - {}
RESULT: {}
COMMAND: GET /session/004e8781a420927acb4284c1134f8905/screenshot - {}
RESULT: {}
COMMAND: POST /session/004e8781a420927acb4284c1134f8905/execute/async - {"script":"<script> [1562 bytes]","args":[{"selector":{"controlType":"sap.m.SearchField","properties":{"placeholder":"Search"},"searchOpenDialogs":true,"interaction":{"idSuffix":"I"}},"wdio_ui5_key":"sapm.SearchField{\"placeholder\":\"Search\"}"}]}
RESULT: {"script":"<script> [1562 bytes]","args":[{"selector":{"controlType":"sap.m.SearchField","properties":{"placeholder":"Search"},"searchOpenDialogs":true,"interaction":{"idSuffix":"I"}},"wdio_ui5_key":"sapm.SearchField{\"placeholder\":\"Search\"}"}]}
RESULT: undefined
COMMAND: POST /session/004e8781a420927acb4284c1134f8905/execute/async - {"script":"<script> [776 bytes]","args":[{"enterText":"10001013","selector":{"controlType":"sap.m.SearchField","properties":{"placeholder":"Search"},"searchOpenDialogs":true,"interaction":{"idSuffix":"I"}},"clearTextFirst":true,"interactionType":"ENTER_TEXT"}]}
RESULT: {"script":"<script> [776 bytes]","args":[{"enterText":"10001013","selector":{"controlType":"sap.m.SearchField","properties":{"placeholder":"Search"},"searchOpenDialogs":true,"interaction":{"idSuffix":"I"}},"clearTextFirst":true,"interactionType":"ENTER_TEXT"}]}
COMMAND: POST /session/004e8781a420927acb4284c1134f8905/actions - {"actions":[{"id":"action2","type":"key","parameters":{},"actions":[{"type":"keyDown","value":"î€‡"},{"type":"pause","duration":10},{"type":"keyUp","value":"î€‡"}]}]}
RESULT: {"actions":[{"id":"action2","type":"key","parameters":{},"actions":[{"type":"keyDown","value":"î€‡"},{"type":"pause","duration":10},{"type":"keyUp","value":"î€‡"}]}]}
COMMAND: GET /session/004e8781a420927acb4284c1134f8905/screenshot - {}
RESULT: {}
COMMAND: POST /session/004e8781a420927acb4284c1134f8905/element - {"using":"xpath","value":"//span[contains(text(), \"General Management\")]"}
RESULT: {"using":"xpath","value":"//span[contains(text(), \"General Management\")]"}
COMMAND: POST /session/004e8781a420927acb4284c1134f8905/element/f.B6308163BD667941B2C0E4D2A3AC438F.d.66229313C1378E308F64301989946239.e.636/click - {}
RESULT: {}
COMMAND: GET /session/004e8781a420927acb4284c1134f8905/screenshot - {}
RESULT: {}
COMMAND: POST /session/004e8781a420927acb4284c1134f8905/element - {"using":"xpath","value":"//bdi[contains(text(), \"OK\")]"}
RESULT: {"using":"xpath","value":"//bdi[contains(text(), \"OK\")]"}
COMMAND: POST /session/004e8781a420927acb4284c1134f8905/element/f.B6308163BD667941B2C0E4D2A3AC438F.d.66229313C1378E308F64301989946239.e.637/click - {}
RESULT: {}
COMMAND: GET /session/004e8781a420927acb4284c1134f8905/screenshot - {}
RESULT: {}
COMMAND: POST /session/004e8781a420927acb4284c1134f8905/execute/async - {"script":"<script> [1562 bytes]","args":[{"selector":{"controlType":"sap.m.Button","viewName":"etm.portal.ui.manageyards.view.New","viewId":"application-manageyards-display-component---NewYard","i18NText":{"propertyName":"text","key":"save"},"interaction":{"idSuffix":"inner"}},"wdio_ui5_key":"etmportal.ui.manageyards.view.Newsap.m.Button{\"propertyName\":\"text\",\"key\":\"save\"}"}]}
RESULT: {"script":"<script> [1562 bytes]","args":[{"selector":{"controlType":"sap.m.Button","viewName":"etm.portal.ui.manageyards.view.New","viewId":"application-manageyards-display-component---NewYard","i18NText":{"propertyName":"text","key":"save"},"interaction":{"idSuffix":"inner"}},"wdio_ui5_key":"etmportal.ui.manageyards.view.Newsap.m.Button{\"propertyName\":\"text\",\"key\":\"save\"}"}]}
RESULT: undefined
COMMAND: POST /session/004e8781a420927acb4284c1134f8905/element - {"using":"xpath","value":"//*[@id=\"__button18\"]"}
RESULT: {"using":"xpath","value":"//*[@id=\"__button18\"]"}
COMMAND: POST /session/004e8781a420927acb4284c1134f8905/element/f.B6308163BD667941B2C0E4D2A3AC438F.d.66229313C1378E308F64301989946239.e.561/click - {}
RESULT: {}
COMMAND: GET /session/004e8781a420927acb4284c1134f8905/screenshot - {}
RESULT: {}
COMMAND: POST /session/004e8781a420927acb4284c1134f8905/element - {"using":"xpath","value":"//header/div/div[2]/div[2]/span"}
RESULT: {"using":"xpath","value":"//header/div/div[2]/div[2]/span"}
COMMAND: GET /session/004e8781a420927acb4284c1134f8905/element/f.B6308163BD667941B2C0E4D2A3AC438F.d.66229313C1378E308F64301989946239.e.837/text - {}
RESULT: {}
COMMAND: POST /session/004e8781a420927acb4284c1134f8905/execute/async - {"script":"<script> [1562 bytes]","args":[{"selector":{"controlType":"sap.m.OverflowToolbarButton","viewName":"etm.portal.ui.manageyards.view.Detail","viewId":"application-manageyards-display-component---detailYard","i18NText":{"propertyName":"tooltip","key":"closeColumn"},"interaction":{"idSuffix":"inner"}},"wdio_ui5_key":"etmportal.ui.manageyards.view.Detailsap.m.OverflowToolbarButton{\"propertyName\":\"tooltip\",\"key\":\"closeColumn\"}"}]}
RESULT: {"script":"<script> [1562 bytes]","args":[{"selector":{"controlType":"sap.m.OverflowToolbarButton","viewName":"etm.portal.ui.manageyards.view.Detail","viewId":"application-manageyards-display-component---detailYard","i18NText":{"propertyName":"tooltip","key":"closeColumn"},"interaction":{"idSuffix":"inner"}},"wdio_ui5_key":"etmportal.ui.manageyards.view.Detailsap.m.OverflowToolbarButton{\"propertyName\":\"tooltip\",\"key\":\"closeColumn\"}"}]}
RESULT: undefined
COMMAND: POST /session/004e8781a420927acb4284c1134f8905/element - {"using":"xpath","value":"//*[@id=\"__button42\"]"}
RESULT: {"using":"xpath","value":"//*[@id=\"__button42\"]"}
COMMAND: POST /session/004e8781a420927acb4284c1134f8905/element/f.B6308163BD667941B2C0E4D2A3AC438F.d.66229313C1378E308F64301989946239.e.839/click - {}
RESULT: {}
COMMAND: GET /session/004e8781a420927acb4284c1134f8905/screenshot - {}
RESULT: {}
COMMAND: POST /session/004e8781a420927acb4284c1134f8905/element - {"using":"css selector","value":"#shell-header-logo"}
RESULT: {"using":"css selector","value":"#shell-header-logo"}
COMMAND: POST /session/004e8781a420927acb4284c1134f8905/element/f.B6308163BD667941B2C0E4D2A3AC438F.d.66229313C1378E308F64301989946239.e.127/click - {}
RESULT: {}
COMMAND: GET /session/004e8781a420927acb4284c1134f8905/screenshot - {}
RESULT: {}
COMMAND: POST /session/004e8781a420927acb4284c1134f8905/refresh - {}
RESULT: {}
COMMAND: GET /session/004e8781a420927acb4284c1134f8905/screenshot - {}
RESULT: {}
COMMAND: POST /session/004e8781a420927acb4284c1134f8905/execute/async - {"script":"<script> [189 bytes]","args":[]}
RESULT: {"script":"<script> [189 bytes]","args":[]}
COMMAND: POST /session/004e8781a420927acb4284c1134f8905/execute/async - {"script":"<script> [123 bytes]","args":[]}
RESULT: {"script":"<script> [123 bytes]","args":[]}
COMMAND: POST /session/004e8781a420927acb4284c1134f8905/timeouts - {"script":"<number>"}
RESULT: {"script":"<number>"}
COMMAND: GET /session/004e8781a420927acb4284c1134f8905/timeouts - {}
RESULT: {}
RESULT: undefined
COMMAND: POST /session/004e8781a420927acb4284c1134f8905/execute/async - {"script":"<script> [2676 bytes]","args":[]}
RESULT: {"script":"<script> [2676 bytes]","args":[]}
COMMAND: POST /session/004e8781a420927acb4284c1134f8905/execute/async - {"script":"<script> [2342 bytes]","args":[{"protocol":"http","hostname":"0.0.0.0","path":"/","capabilities":{"browserName":"chrome","goog:chromeOptions":{"binary":"C:\\Program Files\\Google\\Chrome\\Application\\chrome.exe","args":["--start-maximized"]}},"logLevel":"warn","connectionRetryTimeout":120000,"connectionRetryCount":3,"logLevels":{},"enableDirectConnect":true,"strictSSL":true,"_":"65 more keys: [\"cacheDir\",\"port\",\"requestedCapabilities\",\"automationProtocol\",\"baseUrl\",\"waitforInterval\",\"waitforTimeout\",\"onReload\",\"beforeCommand\",\"afterCommand\",\"rootDir\",\"specs\",\"suites\",\"exclude\",\"groupLogsByTestSpec\",\"excludeDriverLogs\",\"bail\",\"framework\",\"reporters\",\"services\",\"maxInstances\",\"maxInstancesPerCapability\",\"injectGlobals\",\"filesToWatch\",\"execArgv\",\"runnerEnv\",\"runner\",\"shard\",\"specFileRetries\",\"specFileRetriesDelay\",\"specFileRetriesDeferred\",\"reporterSyncInterval\",\"reporterSyncTimeout\",\"cucumberFeaturesWithLineNumbers\",\"autoCompileOpts\",\"mochaOpts\",\"jasmineOpts\",\"cucumberOpts\",\"onPrepare\",\"onWorkerStart\",\"onWorkerEnd\",\"before\",\"beforeSession\",\"beforeSuite\",\"beforeHook\",\"beforeTest\",\"afterTest\",\"afterHook\",\"afterSuite\",\"afterSession\",\"after\",\"onComplete\",\"beforeAssertion\",\"afterAssertion\",\"beforeFeature\",\"beforeScenario\",\"beforeStep\",\"afterStep\",\"afterScenario\",\"afterFeature\",\"_\",\"suite\",\"$0\",\"ignoredWorkerServices\",\"wdi5\"]"}]}
RESULT: {"script":"<script> [2342 bytes]","args":[{"protocol":"http","hostname":"0.0.0.0","path":"/","capabilities":{"browserName":"chrome","goog:chromeOptions":{"binary":"C:\\Program Files\\Google\\Chrome\\Application\\chrome.exe","args":["--start-maximized"]}},"logLevel":"warn","connectionRetryTimeout":120000,"connectionRetryCount":3,"logLevels":{},"enableDirectConnect":true,"strictSSL":true,"_":"65 more keys: [\"cacheDir\",\"port\",\"requestedCapabilities\",\"automationProtocol\",\"baseUrl\",\"waitforInterval\",\"waitforTimeout\",\"onReload\",\"beforeCommand\",\"afterCommand\",\"rootDir\",\"specs\",\"suites\",\"exclude\",\"groupLogsByTestSpec\",\"excludeDriverLogs\",\"bail\",\"framework\",\"reporters\",\"services\",\"maxInstances\",\"maxInstancesPerCapability\",\"injectGlobals\",\"filesToWatch\",\"execArgv\",\"runnerEnv\",\"runner\",\"shard\",\"specFileRetries\",\"specFileRetriesDelay\",\"specFileRetriesDeferred\",\"reporterSyncInterval\",\"reporterSyncTimeout\",\"cucumberFeaturesWithLineNumbers\",\"autoCompileOpts\",\"mochaOpts\",\"jasmineOpts\",\"cucumberOpts\",\"onPrepare\",\"onWorkerStart\",\"onWorkerEnd\",\"before\",\"beforeSession\",\"beforeSuite\",\"beforeHook\",\"beforeTest\",\"afterTest\",\"afterHook\",\"afterSuite\",\"afterSession\",\"after\",\"onComplete\",\"beforeAssertion\",\"afterAssertion\",\"beforeFeature\",\"beforeScenario\",\"beforeStep\",\"afterStep\",\"afterScenario\",\"afterFeature\",\"_\",\"suite\",\"$0\",\"ignoredWorkerServices\",\"wdi5\"]"}]}
COMMAND: POST /session/004e8781a420927acb4284c1134f8905/execute/async - {"script":"<script> [21126 bytes]","args":[35000]}
RESULT: {"script":"<script> [21126 bytes]","args":[35000]}
]]></system-out>
    </testcase>
    <testcase classname="chrome.136_0_7103_49.windows.Manage_Requests_Tags_Tests_US120163" name="Should create a new partner" time="86.158">
      <system-out><![CDATA[
COMMAND: POST /session/004e8781a420927acb4284c1134f8905/execute/async - {"script":"<script> [1562 bytes]","args":[{"selector":{"controlType":"sap.m.GenericTile","properties":{"header":"Manage Partners"}},"wdio_ui5_key":"sapm.GenericTile{\"header\":\"Manage Partners\"}"}]}
RESULT: {"script":"<script> [1562 bytes]","args":[{"selector":{"controlType":"sap.m.GenericTile","properties":{"header":"Manage Partners"}},"wdio_ui5_key":"sapm.GenericTile{\"header\":\"Manage Partners\"}"}]}
RESULT: undefined
COMMAND: POST /session/004e8781a420927acb4284c1134f8905/element - {"using":"xpath","value":"//*[@id=\"__tile38\"]"}
RESULT: {"using":"xpath","value":"//*[@id=\"__tile38\"]"}
COMMAND: POST /session/004e8781a420927acb4284c1134f8905/element/f.B6308163BD667941B2C0E4D2A3AC438F.d.AAE2BDF2540E2CB09E5CEC3A1A237B3F.e.1190/click - {}
RESULT: {}
COMMAND: GET /session/004e8781a420927acb4284c1134f8905/screenshot - {}
RESULT: {}
COMMAND: POST /session/004e8781a420927acb4284c1134f8905/execute/async - {"script":"<script> [1562 bytes]","args":[{"selector":{"controlType":"sap.ui.core.Icon","viewName":"etm.portal.ui.managepartners.view.Master","viewId":"application-managepartners-display-component---masterPtm","properties":{"src":{"regex":{"source":"add"}}}},"wdio_ui5_key":"etmportal.ui.managepartners.view.Mastersap.ui.core.Icon{\"src\":{\"regex\":{\"source\":\"add\"}}}"}]}
RESULT: {"script":"<script> [1562 bytes]","args":[{"selector":{"controlType":"sap.ui.core.Icon","viewName":"etm.portal.ui.managepartners.view.Master","viewId":"application-managepartners-display-component---masterPtm","properties":{"src":{"regex":{"source":"add"}}}},"wdio_ui5_key":"etmportal.ui.managepartners.view.Mastersap.ui.core.Icon{\"src\":{\"regex\":{\"source\":\"add\"}}}"}]}
RESULT: undefined
COMMAND: POST /session/004e8781a420927acb4284c1134f8905/element - {"using":"xpath","value":"//*[@id=\"__button4-img\"]"}
RESULT: {"using":"xpath","value":"//*[@id=\"__button4-img\"]"}
COMMAND: POST /session/004e8781a420927acb4284c1134f8905/element/f.B6308163BD667941B2C0E4D2A3AC438F.d.AAE2BDF2540E2CB09E5CEC3A1A237B3F.e.1339/click - {}
RESULT: {}
COMMAND: GET /session/004e8781a420927acb4284c1134f8905/screenshot - {}
RESULT: {}
COMMAND: POST /session/004e8781a420927acb4284c1134f8905/execute/async - {"script":"<script> [1562 bytes]","args":[{"selector":{"id":"application-managepartners-display-component---NewPartner--partnerId","interaction":{"idSuffix":"inner"}},"wdio_ui5_key":"applicationmanagepartners-display-component---NewPartner--partnerId"}]}
RESULT: {"script":"<script> [1562 bytes]","args":[{"selector":{"id":"application-managepartners-display-component---NewPartner--partnerId","interaction":{"idSuffix":"inner"}},"wdio_ui5_key":"applicationmanagepartners-display-component---NewPartner--partnerId"}]}
RESULT: undefined
COMMAND: POST /session/004e8781a420927acb4284c1134f8905/execute/async - {"script":"<script> [1562 bytes]","args":[{"selector":{"id":"application-managepartners-display-component---NewPartner--addressDetailDetailsName1","interaction":{"idSuffix":"inner"}},"wdio_ui5_key":"applicationmanagepartners-display-component---NewPartner--addressDetailDetailsName1"}]}
RESULT: {"script":"<script> [1562 bytes]","args":[{"selector":{"id":"application-managepartners-display-component---NewPartner--addressDetailDetailsName1","interaction":{"idSuffix":"inner"}},"wdio_ui5_key":"applicationmanagepartners-display-component---NewPartner--addressDetailDetailsName1"}]}
RESULT: undefined
COMMAND: POST /session/004e8781a420927acb4284c1134f8905/execute/async - {"script":"<script> [776 bytes]","args":[{"enterText":"WebdriverPartnere8pc8","selector":{"id":"application-managepartners-display-component---NewPartner--addressDetailDetailsName1","interaction":{"idSuffix":"inner"}},"clearTextFirst":true,"interactionType":"ENTER_TEXT"}]}
RESULT: {"script":"<script> [776 bytes]","args":[{"enterText":"WebdriverPartnere8pc8","selector":{"id":"application-managepartners-display-component---NewPartner--addressDetailDetailsName1","interaction":{"idSuffix":"inner"}},"clearTextFirst":true,"interactionType":"ENTER_TEXT"}]}
COMMAND: POST /session/004e8781a420927acb4284c1134f8905/execute/async - {"script":"<script> [1562 bytes]","args":[{"selector":{"id":"application-managepartners-display-component---NewPartner--addressDetailDetailsLanguage","interaction":{"idSuffix":"inner"}},"wdio_ui5_key":"applicationmanagepartners-display-component---NewPartner--addressDetailDetailsLanguage"}]}
RESULT: {"script":"<script> [1562 bytes]","args":[{"selector":{"id":"application-managepartners-display-component---NewPartner--addressDetailDetailsLanguage","interaction":{"idSuffix":"inner"}},"wdio_ui5_key":"applicationmanagepartners-display-component---NewPartner--addressDetailDetailsLanguage"}]}
RESULT: undefined
COMMAND: POST /session/004e8781a420927acb4284c1134f8905/execute/async - {"script":"<script> [776 bytes]","args":[{"enterText":"Romanian","selector":{"id":"application-managepartners-display-component---NewPartner--addressDetailDetailsLanguage","interaction":{"idSuffix":"inner"}},"clearTextFirst":true,"interactionType":"ENTER_TEXT"}]}
RESULT: {"script":"<script> [776 bytes]","args":[{"enterText":"Romanian","selector":{"id":"application-managepartners-display-component---NewPartner--addressDetailDetailsLanguage","interaction":{"idSuffix":"inner"}},"clearTextFirst":true,"interactionType":"ENTER_TEXT"}]}
COMMAND: POST /session/004e8781a420927acb4284c1134f8905/element - {"using":"xpath","value":"//input[contains(@id ,\"application-managepartners-display-component---NewPartner--addressDetailDetailsName1-inner\")]"}
RESULT: {"using":"xpath","value":"//input[contains(@id ,\"application-managepartners-display-component---NewPartner--addressDetailDetailsName1-inner\")]"}
COMMAND: GET /session/004e8781a420927acb4284c1134f8905/element/f.B6308163BD667941B2C0E4D2A3AC438F.d.AAE2BDF2540E2CB09E5CEC3A1A237B3F.e.1453/property/value - {}
RESULT: {}
COMMAND: POST /session/004e8781a420927acb4284c1134f8905/execute/async - {"script":"<script> [1562 bytes]","args":[{"selector":{"id":"application-managepartners-display-component---NewPartner--addressDetailDetailsCity1","interaction":{"idSuffix":"inner"}},"wdio_ui5_key":"applicationmanagepartners-display-component---NewPartner--addressDetailDetailsCity1"}]}
COMMAND: GET /session/004e8781a420927acb4284c1134f8905/screenshot - {}
RESULT: {"script":"<script> [1562 bytes]","args":[{"selector":{"id":"application-managepartners-display-component---NewPartner--addressDetailDetailsCity1","interaction":{"idSuffix":"inner"}},"wdio_ui5_key":"applicationmanagepartners-display-component---NewPartner--addressDetailDetailsCity1"}]}
RESULT: undefined
COMMAND: POST /session/004e8781a420927acb4284c1134f8905/execute/async - {"script":"<script> [776 bytes]","args":[{"enterText":"Bucharest","selector":{"id":"application-managepartners-display-component---NewPartner--addressDetailDetailsCity1","interaction":{"idSuffix":"inner"}},"clearTextFirst":true,"interactionType":"ENTER_TEXT"}]}
RESULT: {}
RESULT: {"script":"<script> [776 bytes]","args":[{"enterText":"Bucharest","selector":{"id":"application-managepartners-display-component---NewPartner--addressDetailDetailsCity1","interaction":{"idSuffix":"inner"}},"clearTextFirst":true,"interactionType":"ENTER_TEXT"}]}
COMMAND: POST /session/004e8781a420927acb4284c1134f8905/execute/async - {"script":"<script> [1562 bytes]","args":[{"selector":{"id":"application-managepartners-display-component---NewPartner--addressDetailDetailsCountry","interaction":{"idSuffix":"inner"}},"wdio_ui5_key":"applicationmanagepartners-display-component---NewPartner--addressDetailDetailsCountry"}]}
RESULT: {"script":"<script> [1562 bytes]","args":[{"selector":{"id":"application-managepartners-display-component---NewPartner--addressDetailDetailsCountry","interaction":{"idSuffix":"inner"}},"wdio_ui5_key":"applicationmanagepartners-display-component---NewPartner--addressDetailDetailsCountry"}]}
RESULT: undefined
COMMAND: POST /session/004e8781a420927acb4284c1134f8905/execute/async - {"script":"<script> [6424 bytes]","args":[{"element-6066-11e4-a52e-4f735466cecf":"f.B6308163BD667941B2C0E4D2A3AC438F.d.AAE2BDF2540E2CB09E5CEC3A1A237B3F.e.1460"},"setValue",["Romania"]]}
RESULT: {"script":"<script> [6424 bytes]","args":[{"element-6066-11e4-a52e-4f735466cecf":"f.B6308163BD667941B2C0E4D2A3AC438F.d.AAE2BDF2540E2CB09E5CEC3A1A237B3F.e.1460"},"setValue",["Romania"]]}
COMMAND: POST /session/004e8781a420927acb4284c1134f8905/execute/async - {"script":"<script> [1562 bytes]","args":[{"selector":{"id":"application-managepartners-display-component---NewPartner--partnerDetailInternal","interaction":{"idSuffix":"inner"}},"wdio_ui5_key":"applicationmanagepartners-display-component---NewPartner--partnerDetailInternal"}]}
RESULT: {"script":"<script> [1562 bytes]","args":[{"selector":{"id":"application-managepartners-display-component---NewPartner--partnerDetailInternal","interaction":{"idSuffix":"inner"}},"wdio_ui5_key":"applicationmanagepartners-display-component---NewPartner--partnerDetailInternal"}]}
RESULT: undefined
COMMAND: POST /session/004e8781a420927acb4284c1134f8905/execute/async - {"script":"<script> [776 bytes]","args":[{"enterText":"External partner","selector":{"id":"application-managepartners-display-component---NewPartner--partnerDetailInternal","interaction":{"idSuffix":"inner"}},"clearTextFirst":true,"interactionType":"ENTER_TEXT"}]}
RESULT: {"script":"<script> [776 bytes]","args":[{"enterText":"External partner","selector":{"id":"application-managepartners-display-component---NewPartner--partnerDetailInternal","interaction":{"idSuffix":"inner"}},"clearTextFirst":true,"interactionType":"ENTER_TEXT"}]}
COMMAND: POST /session/004e8781a420927acb4284c1134f8905/execute/async - {"script":"<script> [1562 bytes]","args":[{"selector":{"id":"application-managepartners-display-component---NewPartner--partnerDetailsCurrency","interaction":{"idSuffix":"inner"}},"wdio_ui5_key":"applicationmanagepartners-display-component---NewPartner--partnerDetailsCurrency"}]}
RESULT: {"script":"<script> [1562 bytes]","args":[{"selector":{"id":"application-managepartners-display-component---NewPartner--partnerDetailsCurrency","interaction":{"idSuffix":"inner"}},"wdio_ui5_key":"applicationmanagepartners-display-component---NewPartner--partnerDetailsCurrency"}]}
RESULT: undefined
COMMAND: POST /session/004e8781a420927acb4284c1134f8905/execute/async - {"script":"<script> [776 bytes]","args":[{"enterText":"Euro","selector":{"id":"application-managepartners-display-component---NewPartner--partnerDetailsCurrency","interaction":{"idSuffix":"inner"}},"clearTextFirst":true,"interactionType":"ENTER_TEXT"}]}
RESULT: {"script":"<script> [776 bytes]","args":[{"enterText":"Euro","selector":{"id":"application-managepartners-display-component---NewPartner--partnerDetailsCurrency","interaction":{"idSuffix":"inner"}},"clearTextFirst":true,"interactionType":"ENTER_TEXT"}]}
COMMAND: POST /session/004e8781a420927acb4284c1134f8905/execute/async - {"script":"<script> [1562 bytes]","args":[{"selector":{"controlType":"sap.m.Button","viewName":"etm.portal.ui.managepartners.view.NewPartner","viewId":"application-managepartners-display-component---NewPartner","properties":{"text":"Commercial"},"interaction":{"idSuffix":"BDI-content"}},"wdio_ui5_key":"etmportal.ui.managepartners.view.NewPartnersap.m.Button{\"text\":\"Commercial\"}"}]}
RESULT: {"script":"<script> [1562 bytes]","args":[{"selector":{"controlType":"sap.m.Button","viewName":"etm.portal.ui.managepartners.view.NewPartner","viewId":"application-managepartners-display-component---NewPartner","properties":{"text":"Commercial"},"interaction":{"idSuffix":"BDI-content"}},"wdio_ui5_key":"etmportal.ui.managepartners.view.NewPartnersap.m.Button{\"text\":\"Commercial\"}"}]}
RESULT: undefined
COMMAND: POST /session/004e8781a420927acb4284c1134f8905/element - {"using":"xpath","value":"//*[@id=\"application-managepartners-display-component---NewPartner--ObjectPageLayout-anchBar-__section5-anchor\"]"}
RESULT: {"using":"xpath","value":"//*[@id=\"application-managepartners-display-component---NewPartner--ObjectPageLayout-anchBar-__section5-anchor\"]"}
COMMAND: POST /session/004e8781a420927acb4284c1134f8905/element/f.B6308163BD667941B2C0E4D2A3AC438F.d.AAE2BDF2540E2CB09E5CEC3A1A237B3F.e.1657/click - {}
RESULT: {}
COMMAND: GET /session/004e8781a420927acb4284c1134f8905/screenshot - {}
RESULT: {}
COMMAND: POST /session/004e8781a420927acb4284c1134f8905/execute/async - {"script":"<script> [1562 bytes]","args":[{"selector":{"id":"application-managepartners-display-component---NewPartner--btnAddTableRow-img"},"wdio_ui5_key":"applicationmanagepartners-display-component---NewPartner--btnAddTableRow-img"}]}
RESULT: {"script":"<script> [1562 bytes]","args":[{"selector":{"id":"application-managepartners-display-component---NewPartner--btnAddTableRow-img"},"wdio_ui5_key":"applicationmanagepartners-display-component---NewPartner--btnAddTableRow-img"}]}
RESULT: undefined
COMMAND: POST /session/004e8781a420927acb4284c1134f8905/element - {"using":"xpath","value":"//*[@id=\"application-managepartners-display-component---NewPartner--btnAddTableRow-img\"]"}
RESULT: {"using":"xpath","value":"//*[@id=\"application-managepartners-display-component---NewPartner--btnAddTableRow-img\"]"}
COMMAND: POST /session/004e8781a420927acb4284c1134f8905/element/f.B6308163BD667941B2C0E4D2A3AC438F.d.AAE2BDF2540E2CB09E5CEC3A1A237B3F.e.1663/click - {}
RESULT: {}
COMMAND: POST /session/004e8781a420927acb4284c1134f8905/element - {"using":"xpath","value":"//input[contains(@id ,\"application-managepartners-display-component---NewPartner--assignmentYard-application-managepartners-display-component---NewPartner\")]"}
COMMAND: GET /session/004e8781a420927acb4284c1134f8905/screenshot - {}
RESULT: {"using":"xpath","value":"//input[contains(@id ,\"application-managepartners-display-component---NewPartner--assignmentYard-application-managepartners-display-component---NewPartner\")]"}
COMMAND: POST /session/004e8781a420927acb4284c1134f8905/element/f.B6308163BD667941B2C0E4D2A3AC438F.d.AAE2BDF2540E2CB09E5CEC3A1A237B3F.e.1666/clear - {}
RESULT: {}
RESULT: {}
COMMAND: POST /session/004e8781a420927acb4284c1134f8905/element/f.B6308163BD667941B2C0E4D2A3AC438F.d.AAE2BDF2540E2CB09E5CEC3A1A237B3F.e.1666/value - {"text":"659"}
COMMAND: GET /session/004e8781a420927acb4284c1134f8905/screenshot - {}
RESULT: {"text":"659"}
COMMAND: GET /session/004e8781a420927acb4284c1134f8905/screenshot - {}
RESULT: {}
RESULT: {}
COMMAND: POST /session/004e8781a420927acb4284c1134f8905/execute/async - {"script":"<script> [1562 bytes]","args":[{"selector":{"controlType":"sap.m.Button","viewName":"etm.portal.ui.managepartners.view.NewPartner","viewId":"application-managepartners-display-component---NewPartner","i18NText":{"propertyName":"text","key":"save"},"interaction":{"idSuffix":"BDI-content"}},"wdio_ui5_key":"etmportal.ui.managepartners.view.NewPartnersap.m.Button{\"propertyName\":\"text\",\"key\":\"save\"}"}]}
RESULT: {"script":"<script> [1562 bytes]","args":[{"selector":{"controlType":"sap.m.Button","viewName":"etm.portal.ui.managepartners.view.NewPartner","viewId":"application-managepartners-display-component---NewPartner","i18NText":{"propertyName":"text","key":"save"},"interaction":{"idSuffix":"BDI-content"}},"wdio_ui5_key":"etmportal.ui.managepartners.view.NewPartnersap.m.Button{\"propertyName\":\"text\",\"key\":\"save\"}"}]}
RESULT: undefined
COMMAND: POST /session/004e8781a420927acb4284c1134f8905/element - {"using":"xpath","value":"//*[@id=\"__button12\"]"}
RESULT: {"using":"xpath","value":"//*[@id=\"__button12\"]"}
COMMAND: POST /session/004e8781a420927acb4284c1134f8905/element/f.B6308163BD667941B2C0E4D2A3AC438F.d.AAE2BDF2540E2CB09E5CEC3A1A237B3F.e.1630/click - {}
RESULT: {}
COMMAND: GET /session/004e8781a420927acb4284c1134f8905/screenshot - {}
RESULT: {}
COMMAND: POST /session/004e8781a420927acb4284c1134f8905/element - {"using":"xpath","value":"//header/div/div[2]/div[2]/span"}
RESULT: {"using":"xpath","value":"//header/div/div[2]/div[2]/span"}
COMMAND: GET /session/004e8781a420927acb4284c1134f8905/element/f.B6308163BD667941B2C0E4D2A3AC438F.d.AAE2BDF2540E2CB09E5CEC3A1A237B3F.e.1836/text - {}
RESULT: {}
COMMAND: POST /session/004e8781a420927acb4284c1134f8905/element - {"using":"xpath","value":"//header/div/div/div/div/div/div[2]/div/span"}
RESULT: {"using":"xpath","value":"//header/div/div/div/div/div/div[2]/div/span"}
COMMAND: GET /session/004e8781a420927acb4284c1134f8905/element/f.B6308163BD667941B2C0E4D2A3AC438F.d.AAE2BDF2540E2CB09E5CEC3A1A237B3F.e.1837/text - {}
RESULT: {}
COMMAND: POST /session/004e8781a420927acb4284c1134f8905/execute/async - {"script":"<script> [1562 bytes]","args":[{"selector":{"id":"application-managepartners-display-component---detailPtm--partnerType"},"wdio_ui5_key":"applicationmanagepartners-display-component---detailPtm--partnerType"}]}
RESULT: {"script":"<script> [1562 bytes]","args":[{"selector":{"id":"application-managepartners-display-component---detailPtm--partnerType"},"wdio_ui5_key":"applicationmanagepartners-display-component---detailPtm--partnerType"}]}
RESULT: undefined
COMMAND: POST /session/004e8781a420927acb4284c1134f8905/execute/async - {"script":"<script> [6424 bytes]","args":[{"element-6066-11e4-a52e-4f735466cecf":"f.B6308163BD667941B2C0E4D2A3AC438F.d.AAE2BDF2540E2CB09E5CEC3A1A237B3F.e.1838"},"getText",[]]}
RESULT: {"script":"<script> [6424 bytes]","args":[{"element-6066-11e4-a52e-4f735466cecf":"f.B6308163BD667941B2C0E4D2A3AC438F.d.AAE2BDF2540E2CB09E5CEC3A1A237B3F.e.1838"},"getText",[]]}
COMMAND: POST /session/004e8781a420927acb4284c1134f8905/element - {"using":"css selector","value":"#shell-header-logo"}
RESULT: {"using":"css selector","value":"#shell-header-logo"}
COMMAND: POST /session/004e8781a420927acb4284c1134f8905/element/f.B6308163BD667941B2C0E4D2A3AC438F.d.AAE2BDF2540E2CB09E5CEC3A1A237B3F.e.1192/click - {}
RESULT: {}
COMMAND: GET /session/004e8781a420927acb4284c1134f8905/screenshot - {}
RESULT: {}
]]></system-out>
    </testcase>
    <testcase classname="chrome.136_0_7103_49.windows.Manage_Requests_Tags_Tests_US120163" name="Should create a new site" time="90.363">
      <system-out><![CDATA[
COMMAND: POST /session/004e8781a420927acb4284c1134f8905/execute/async - {"script":"<script> [1562 bytes]","args":[{"selector":{"controlType":"sap.m.GenericTile","properties":{"header":"Manage Sites"}},"wdio_ui5_key":"sapm.GenericTile{\"header\":\"Manage Sites\"}"}]}
RESULT: {"script":"<script> [1562 bytes]","args":[{"selector":{"controlType":"sap.m.GenericTile","properties":{"header":"Manage Sites"}},"wdio_ui5_key":"sapm.GenericTile{\"header\":\"Manage Sites\"}"}]}
RESULT: undefined
COMMAND: POST /session/004e8781a420927acb4284c1134f8905/element - {"using":"xpath","value":"//*[@id=\"__tile40\"]"}
RESULT: {"using":"xpath","value":"//*[@id=\"__tile40\"]"}
COMMAND: POST /session/004e8781a420927acb4284c1134f8905/element/f.B6308163BD667941B2C0E4D2A3AC438F.d.AAE2BDF2540E2CB09E5CEC3A1A237B3F.e.1840/click - {}
RESULT: {}
COMMAND: GET /session/004e8781a420927acb4284c1134f8905/screenshot - {}
RESULT: {}
COMMAND: POST /session/004e8781a420927acb4284c1134f8905/execute/async - {"script":"<script> [1562 bytes]","args":[{"selector":{"controlType":"sap.ui.core.Icon","viewName":"etm.portal.ui.managesites.view.Master","viewId":"application-managesites-display-component---masterSite","properties":{"src":{"regex":{"source":"add"}}}},"wdio_ui5_key":"etmportal.ui.managesites.view.Mastersap.ui.core.Icon{\"src\":{\"regex\":{\"source\":\"add\"}}}"}]}
RESULT: {"script":"<script> [1562 bytes]","args":[{"selector":{"controlType":"sap.ui.core.Icon","viewName":"etm.portal.ui.managesites.view.Master","viewId":"application-managesites-display-component---masterSite","properties":{"src":{"regex":{"source":"add"}}}},"wdio_ui5_key":"etmportal.ui.managesites.view.Mastersap.ui.core.Icon{\"src\":{\"regex\":{\"source\":\"add\"}}}"}]}
RESULT: undefined
COMMAND: POST /session/004e8781a420927acb4284c1134f8905/element - {"using":"xpath","value":"//*[@id=\"__button52-img\"]"}
RESULT: {"using":"xpath","value":"//*[@id=\"__button52-img\"]"}
COMMAND: POST /session/004e8781a420927acb4284c1134f8905/element/f.B6308163BD667941B2C0E4D2A3AC438F.d.AAE2BDF2540E2CB09E5CEC3A1A237B3F.e.1891/click - {}
RESULT: {}
COMMAND: POST /session/004e8781a420927acb4284c1134f8905/execute/async - {"script":"<script> [1562 bytes]","args":[{"selector":{"id":"application-managesites-display-component---NewSite--siteId","interaction":{"idSuffix":"inner"}},"wdio_ui5_key":"applicationmanagesites-display-component---NewSite--siteId"}]}
COMMAND: GET /session/004e8781a420927acb4284c1134f8905/screenshot - {}
RESULT: {"script":"<script> [1562 bytes]","args":[{"selector":{"id":"application-managesites-display-component---NewSite--siteId","interaction":{"idSuffix":"inner"}},"wdio_ui5_key":"applicationmanagesites-display-component---NewSite--siteId"}]}
RESULT: undefined
COMMAND: POST /session/004e8781a420927acb4284c1134f8905/execute/async - {"script":"<script> [1562 bytes]","args":[{"selector":{"id":"application-managesites-display-component---NewSite--addressDetailDetailsName1","interaction":{"idSuffix":"inner"}},"wdio_ui5_key":"applicationmanagesites-display-component---NewSite--addressDetailDetailsName1"}]}
RESULT: {}
RESULT: {"script":"<script> [1562 bytes]","args":[{"selector":{"id":"application-managesites-display-component---NewSite--addressDetailDetailsName1","interaction":{"idSuffix":"inner"}},"wdio_ui5_key":"applicationmanagesites-display-component---NewSite--addressDetailDetailsName1"}]}
RESULT: undefined
COMMAND: POST /session/004e8781a420927acb4284c1134f8905/execute/async - {"script":"<script> [776 bytes]","args":[{"enterText":"WebdriverSite2h8xt","selector":{"id":"application-managesites-display-component---NewSite--addressDetailDetailsName1","interaction":{"idSuffix":"inner"}},"clearTextFirst":true,"interactionType":"ENTER_TEXT"}]}
RESULT: {"script":"<script> [776 bytes]","args":[{"enterText":"WebdriverSite2h8xt","selector":{"id":"application-managesites-display-component---NewSite--addressDetailDetailsName1","interaction":{"idSuffix":"inner"}},"clearTextFirst":true,"interactionType":"ENTER_TEXT"}]}
COMMAND: POST /session/004e8781a420927acb4284c1134f8905/execute/async - {"script":"<script> [1562 bytes]","args":[{"selector":{"id":"application-managesites-display-component---NewSite--addressDetailDetailsLanguage","interaction":{"idSuffix":"inner"}},"wdio_ui5_key":"applicationmanagesites-display-component---NewSite--addressDetailDetailsLanguage"}]}
RESULT: {"script":"<script> [1562 bytes]","args":[{"selector":{"id":"application-managesites-display-component---NewSite--addressDetailDetailsLanguage","interaction":{"idSuffix":"inner"}},"wdio_ui5_key":"applicationmanagesites-display-component---NewSite--addressDetailDetailsLanguage"}]}
RESULT: undefined
COMMAND: POST /session/004e8781a420927acb4284c1134f8905/execute/async - {"script":"<script> [776 bytes]","args":[{"enterText":"Romanian","selector":{"id":"application-managesites-display-component---NewSite--addressDetailDetailsLanguage","interaction":{"idSuffix":"inner"}},"clearTextFirst":true,"interactionType":"ENTER_TEXT"}]}
RESULT: {"script":"<script> [776 bytes]","args":[{"enterText":"Romanian","selector":{"id":"application-managesites-display-component---NewSite--addressDetailDetailsLanguage","interaction":{"idSuffix":"inner"}},"clearTextFirst":true,"interactionType":"ENTER_TEXT"}]}
COMMAND: POST /session/004e8781a420927acb4284c1134f8905/execute/async - {"script":"<script> [1562 bytes]","args":[{"selector":{"id":"application-managesites-display-component---NewSite--addressDetailDetailsCity1","interaction":{"idSuffix":"inner"}},"wdio_ui5_key":"applicationmanagesites-display-component---NewSite--addressDetailDetailsCity1"}]}
RESULT: {"script":"<script> [1562 bytes]","args":[{"selector":{"id":"application-managesites-display-component---NewSite--addressDetailDetailsCity1","interaction":{"idSuffix":"inner"}},"wdio_ui5_key":"applicationmanagesites-display-component---NewSite--addressDetailDetailsCity1"}]}
RESULT: undefined
COMMAND: POST /session/004e8781a420927acb4284c1134f8905/execute/async - {"script":"<script> [776 bytes]","args":[{"enterText":"Bucharest","selector":{"id":"application-managesites-display-component---NewSite--addressDetailDetailsCity1","interaction":{"idSuffix":"inner"}},"clearTextFirst":true,"interactionType":"ENTER_TEXT"}]}
RESULT: {"script":"<script> [776 bytes]","args":[{"enterText":"Bucharest","selector":{"id":"application-managesites-display-component---NewSite--addressDetailDetailsCity1","interaction":{"idSuffix":"inner"}},"clearTextFirst":true,"interactionType":"ENTER_TEXT"}]}
COMMAND: POST /session/004e8781a420927acb4284c1134f8905/execute/async - {"script":"<script> [1562 bytes]","args":[{"selector":{"id":"application-managesites-display-component---NewSite--addressDetailDetailsCountry","interaction":{"idSuffix":"inner"}},"wdio_ui5_key":"applicationmanagesites-display-component---NewSite--addressDetailDetailsCountry"}]}
RESULT: {"script":"<script> [1562 bytes]","args":[{"selector":{"id":"application-managesites-display-component---NewSite--addressDetailDetailsCountry","interaction":{"idSuffix":"inner"}},"wdio_ui5_key":"applicationmanagesites-display-component---NewSite--addressDetailDetailsCountry"}]}
RESULT: undefined
COMMAND: POST /session/004e8781a420927acb4284c1134f8905/execute/async - {"script":"<script> [776 bytes]","args":[{"enterText":"Romania","selector":{"id":"application-managesites-display-component---NewSite--addressDetailDetailsCountry","interaction":{"idSuffix":"inner"}},"clearTextFirst":true,"interactionType":"ENTER_TEXT"}]}
RESULT: {"script":"<script> [776 bytes]","args":[{"enterText":"Romania","selector":{"id":"application-managesites-display-component---NewSite--addressDetailDetailsCountry","interaction":{"idSuffix":"inner"}},"clearTextFirst":true,"interactionType":"ENTER_TEXT"}]}
COMMAND: POST /session/004e8781a420927acb4284c1134f8905/element - {"using":"css selector","value":"#application-managesites-display-component---NewSite--addressDetailDetailsCalendar-inner"}
RESULT: {"using":"css selector","value":"#application-managesites-display-component---NewSite--addressDetailDetailsCalendar-inner"}
COMMAND: POST /session/004e8781a420927acb4284c1134f8905/element/f.B6308163BD667941B2C0E4D2A3AC438F.d.AAE2BDF2540E2CB09E5CEC3A1A237B3F.e.2128/clear - {}
RESULT: {}
COMMAND: POST /session/004e8781a420927acb4284c1134f8905/element/f.B6308163BD667941B2C0E4D2A3AC438F.d.AAE2BDF2540E2CB09E5CEC3A1A237B3F.e.2128/value - {"text":"Germany"}
COMMAND: GET /session/004e8781a420927acb4284c1134f8905/screenshot - {}
RESULT: {"text":"Germany"}
COMMAND: POST /session/004e8781a420927acb4284c1134f8905/execute/async - {"script":"<script> [1562 bytes]","args":[{"selector":{"id":"application-managesites-display-component---NewSite--addressEditDetailsCostObjectCstType-arrow"},"wdio_ui5_key":"applicationmanagesites-display-component---NewSite--addressEditDetailsCostObjectCstType-arrow"}]}
COMMAND: GET /session/004e8781a420927acb4284c1134f8905/screenshot - {}
RESULT: {}
RESULT: {"script":"<script> [1562 bytes]","args":[{"selector":{"id":"application-managesites-display-component---NewSite--addressEditDetailsCostObjectCstType-arrow"},"wdio_ui5_key":"applicationmanagesites-display-component---NewSite--addressEditDetailsCostObjectCstType-arrow"}]}
RESULT: undefined
COMMAND: POST /session/004e8781a420927acb4284c1134f8905/element - {"using":"xpath","value":"//*[@id=\"application-managesites-display-component---NewSite--addressEditDetailsCostObjectCstType-arrow\"]"}
RESULT: {}
RESULT: {"using":"xpath","value":"//*[@id=\"application-managesites-display-component---NewSite--addressEditDetailsCostObjectCstType-arrow\"]"}
COMMAND: POST /session/004e8781a420927acb4284c1134f8905/element/f.B6308163BD667941B2C0E4D2A3AC438F.d.AAE2BDF2540E2CB09E5CEC3A1A237B3F.e.2290/click - {}
RESULT: {}
COMMAND: POST /session/004e8781a420927acb4284c1134f8905/element - {"using":"xpath","value":"//span[contains(text(), \"Work Breakdown Structure\")]"}
COMMAND: GET /session/004e8781a420927acb4284c1134f8905/screenshot - {}
RESULT: {"using":"xpath","value":"//span[contains(text(), \"Work Breakdown Structure\")]"}
COMMAND: POST /session/004e8781a420927acb4284c1134f8905/element/f.B6308163BD667941B2C0E4D2A3AC438F.d.AAE2BDF2540E2CB09E5CEC3A1A237B3F.e.2292/click - {}
RESULT: {}
RESULT: {}
COMMAND: GET /session/004e8781a420927acb4284c1134f8905/screenshot - {}
RESULT: {}
COMMAND: POST /session/004e8781a420927acb4284c1134f8905/execute/async - {"script":"<script> [1562 bytes]","args":[{"selector":{"id":"application-managesites-display-component---NewSite--addressNewCostObjectCstID-vhi"},"wdio_ui5_key":"applicationmanagesites-display-component---NewSite--addressNewCostObjectCstID-vhi"}]}
RESULT: {"script":"<script> [1562 bytes]","args":[{"selector":{"id":"application-managesites-display-component---NewSite--addressNewCostObjectCstID-vhi"},"wdio_ui5_key":"applicationmanagesites-display-component---NewSite--addressNewCostObjectCstID-vhi"}]}
RESULT: undefined
COMMAND: POST /session/004e8781a420927acb4284c1134f8905/element - {"using":"xpath","value":"//*[@id=\"application-managesites-display-component---NewSite--addressNewCostObjectCstID-vhi\"]"}
RESULT: {"using":"xpath","value":"//*[@id=\"application-managesites-display-component---NewSite--addressNewCostObjectCstID-vhi\"]"}
COMMAND: POST /session/004e8781a420927acb4284c1134f8905/element/f.B6308163BD667941B2C0E4D2A3AC438F.d.AAE2BDF2540E2CB09E5CEC3A1A237B3F.e.2296/click - {}
RESULT: {}
COMMAND: GET /session/004e8781a420927acb4284c1134f8905/screenshot - {}
RESULT: {}
COMMAND: POST /session/004e8781a420927acb4284c1134f8905/execute/async - {"script":"<script> [1562 bytes]","args":[{"selector":{"controlType":"sap.m.SearchField","properties":{"placeholder":"Search"},"searchOpenDialogs":true,"interaction":{"idSuffix":"I"}},"wdio_ui5_key":"sapm.SearchField{\"placeholder\":\"Search\"}"}]}
RESULT: {"script":"<script> [1562 bytes]","args":[{"selector":{"controlType":"sap.m.SearchField","properties":{"placeholder":"Search"},"searchOpenDialogs":true,"interaction":{"idSuffix":"I"}},"wdio_ui5_key":"sapm.SearchField{\"placeholder\":\"Search\"}"}]}
RESULT: undefined
COMMAND: POST /session/004e8781a420927acb4284c1134f8905/execute/async - {"script":"<script> [776 bytes]","args":[{"enterText":"A1-000100-01","selector":{"controlType":"sap.m.SearchField","properties":{"placeholder":"Search"},"searchOpenDialogs":true,"interaction":{"idSuffix":"I"}},"clearTextFirst":true,"interactionType":"ENTER_TEXT"}]}
RESULT: {"script":"<script> [776 bytes]","args":[{"enterText":"A1-000100-01","selector":{"controlType":"sap.m.SearchField","properties":{"placeholder":"Search"},"searchOpenDialogs":true,"interaction":{"idSuffix":"I"}},"clearTextFirst":true,"interactionType":"ENTER_TEXT"}]}
COMMAND: POST /session/004e8781a420927acb4284c1134f8905/actions - {"actions":[{"id":"action3","type":"key","parameters":{},"actions":[{"type":"keyDown","value":"î€‡"},{"type":"pause","duration":10},{"type":"keyUp","value":"î€‡"}]}]}
RESULT: {"actions":[{"id":"action3","type":"key","parameters":{},"actions":[{"type":"keyDown","value":"î€‡"},{"type":"pause","duration":10},{"type":"keyUp","value":"î€‡"}]}]}
COMMAND: GET /session/004e8781a420927acb4284c1134f8905/screenshot - {}
RESULT: {}
COMMAND: POST /session/004e8781a420927acb4284c1134f8905/element - {"using":"xpath","value":"//span[contains(text(), \"Template for ETO-Process\")]"}
RESULT: {"using":"xpath","value":"//span[contains(text(), \"Template for ETO-Process\")]"}
COMMAND: POST /session/004e8781a420927acb4284c1134f8905/element/f.B6308163BD667941B2C0E4D2A3AC438F.d.AAE2BDF2540E2CB09E5CEC3A1A237B3F.e.2315/click - {}
RESULT: {}
COMMAND: GET /session/004e8781a420927acb4284c1134f8905/screenshot - {}
RESULT: {}
COMMAND: POST /session/004e8781a420927acb4284c1134f8905/element - {"using":"xpath","value":"//bdi[contains(text(), \"OK\")]"}
RESULT: {"using":"xpath","value":"//bdi[contains(text(), \"OK\")]"}
COMMAND: POST /session/004e8781a420927acb4284c1134f8905/element/f.B6308163BD667941B2C0E4D2A3AC438F.d.AAE2BDF2540E2CB09E5CEC3A1A237B3F.e.2316/click - {}
RESULT: {}
COMMAND: GET /session/004e8781a420927acb4284c1134f8905/screenshot - {}
RESULT: {}
COMMAND: POST /session/004e8781a420927acb4284c1134f8905/element - {"using":"xpath","value":"//input[@id=\"application-managesites-display-component---NewSite--addressDetailDetailsYard-inner\"]"}
RESULT: {"using":"xpath","value":"//input[@id=\"application-managesites-display-component---NewSite--addressDetailDetailsYard-inner\"]"}
COMMAND: POST /session/004e8781a420927acb4284c1134f8905/element/f.B6308163BD667941B2C0E4D2A3AC438F.d.AAE2BDF2540E2CB09E5CEC3A1A237B3F.e.2129/value - {"text":"659"}
RESULT: {"text":"659"}
COMMAND: GET /session/004e8781a420927acb4284c1134f8905/screenshot - {}
RESULT: {}
COMMAND: POST /session/004e8781a420927acb4284c1134f8905/actions - {"actions":[{"id":"action4","type":"key","parameters":{},"actions":[{"type":"keyDown","value":"î€‡"},{"type":"pause","duration":10},{"type":"keyUp","value":"î€‡"}]}]}
RESULT: {"actions":[{"id":"action4","type":"key","parameters":{},"actions":[{"type":"keyDown","value":"î€‡"},{"type":"pause","duration":10},{"type":"keyUp","value":"î€‡"}]}]}
COMMAND: GET /session/004e8781a420927acb4284c1134f8905/screenshot - {}
RESULT: {}
COMMAND: POST /session/004e8781a420927acb4284c1134f8905/element - {"using":"xpath","value":"//input[@id=\"application-managesites-display-component---NewSite--addressDetailDetailsPartner-inner\"]"}
RESULT: {"using":"xpath","value":"//input[@id=\"application-managesites-display-component---NewSite--addressDetailDetailsPartner-inner\"]"}
COMMAND: POST /session/004e8781a420927acb4284c1134f8905/elements - {"using":"xpath","value":"//input[@id=\"application-managesites-display-component---NewSite--addressDetailDetailsPartner-inner\"]"}
RESULT: {"using":"xpath","value":"//input[@id=\"application-managesites-display-component---NewSite--addressDetailDetailsPartner-inner\"]"}
COMMAND: POST /session/004e8781a420927acb4284c1134f8905/execute/async - {"script":"<script> [1562 bytes]","args":[{"selector":{"controlType":"sap.m.Button","viewName":"etm.portal.ui.managesites.view.NewSmartSite","viewId":"application-managesites-display-component---NewSite","properties":{"text":"Commercial"},"interaction":{"idSuffix":"BDI-content"}},"wdio_ui5_key":"etmportal.ui.managesites.view.NewSmartSitesap.m.Button{\"text\":\"Commercial\"}"}]}
RESULT: {"script":"<script> [1562 bytes]","args":[{"selector":{"controlType":"sap.m.Button","viewName":"etm.portal.ui.managesites.view.NewSmartSite","viewId":"application-managesites-display-component---NewSite","properties":{"text":"Commercial"},"interaction":{"idSuffix":"BDI-content"}},"wdio_ui5_key":"etmportal.ui.managesites.view.NewSmartSitesap.m.Button{\"text\":\"Commercial\"}"}]}
RESULT: undefined
COMMAND: POST /session/004e8781a420927acb4284c1134f8905/element - {"using":"xpath","value":"//*[@id=\"application-managesites-display-component---NewSite--ObjectPageLayout-anchBar-__section31-anchor\"]"}
RESULT: {"using":"xpath","value":"//*[@id=\"application-managesites-display-component---NewSite--ObjectPageLayout-anchBar-__section31-anchor\"]"}
COMMAND: POST /session/004e8781a420927acb4284c1134f8905/element/f.B6308163BD667941B2C0E4D2A3AC438F.d.AAE2BDF2540E2CB09E5CEC3A1A237B3F.e.2323/click - {}
RESULT: {}
COMMAND: POST /session/004e8781a420927acb4284c1134f8905/execute/async - {"script":"<script> [1562 bytes]","args":[{"selector":{"controlType":"sap.m.Button","viewName":"etm.portal.ui.managesites.view.NewSmartSite","viewId":"application-managesites-display-component---NewSite","i18NText":{"propertyName":"text","key":"save"},"interaction":{"idSuffix":"BDI-content"}},"wdio_ui5_key":"etmportal.ui.managesites.view.NewSmartSitesap.m.Button{\"propertyName\":\"text\",\"key\":\"save\"}"}]}
COMMAND: GET /session/004e8781a420927acb4284c1134f8905/screenshot - {}
RESULT: {"script":"<script> [1562 bytes]","args":[{"selector":{"controlType":"sap.m.Button","viewName":"etm.portal.ui.managesites.view.NewSmartSite","viewId":"application-managesites-display-component---NewSite","i18NText":{"propertyName":"text","key":"save"},"interaction":{"idSuffix":"BDI-content"}},"wdio_ui5_key":"etmportal.ui.managesites.view.NewSmartSitesap.m.Button{\"propertyName\":\"text\",\"key\":\"save\"}"}]}
RESULT: undefined
COMMAND: POST /session/004e8781a420927acb4284c1134f8905/element - {"using":"xpath","value":"//*[@id=\"__button64\"]"}
RESULT: {}
RESULT: {"using":"xpath","value":"//*[@id=\"__button64\"]"}
COMMAND: POST /session/004e8781a420927acb4284c1134f8905/element/f.B6308163BD667941B2C0E4D2A3AC438F.d.AAE2BDF2540E2CB09E5CEC3A1A237B3F.e.2260/click - {}
RESULT: {}
COMMAND: GET /session/004e8781a420927acb4284c1134f8905/screenshot - {}
RESULT: {}
COMMAND: POST /session/004e8781a420927acb4284c1134f8905/execute/async - {"script":"<script> [1562 bytes]","args":[{"selector":{"id":"application-managesites-display-component---detailSite--addressDetailDetailsYardText"},"wdio_ui5_key":"applicationmanagesites-display-component---detailSite--addressDetailDetailsYardText"}]}
RESULT: {"script":"<script> [1562 bytes]","args":[{"selector":{"id":"application-managesites-display-component---detailSite--addressDetailDetailsYardText"},"wdio_ui5_key":"applicationmanagesites-display-component---detailSite--addressDetailDetailsYardText"}]}
RESULT: undefined
COMMAND: POST /session/004e8781a420927acb4284c1134f8905/element - {"using":"xpath","value":"//header/div/div[2]/div[2]/span"}
RESULT: {"using":"xpath","value":"//header/div/div[2]/div[2]/span"}
COMMAND: GET /session/004e8781a420927acb4284c1134f8905/element/f.B6308163BD667941B2C0E4D2A3AC438F.d.AAE2BDF2540E2CB09E5CEC3A1A237B3F.e.2544/text - {}
RESULT: {}
COMMAND: POST /session/004e8781a420927acb4284c1134f8905/element - {"using":"xpath","value":"//header/div/div/div/div/div/div[2]/div/span"}
RESULT: {"using":"xpath","value":"//header/div/div/div/div/div/div[2]/div/span"}
COMMAND: GET /session/004e8781a420927acb4284c1134f8905/element/f.B6308163BD667941B2C0E4D2A3AC438F.d.AAE2BDF2540E2CB09E5CEC3A1A237B3F.e.2545/text - {}
RESULT: {}
COMMAND: POST /session/004e8781a420927acb4284c1134f8905/element - {"using":"css selector","value":"#shell-header-logo"}
RESULT: {"using":"css selector","value":"#shell-header-logo"}
COMMAND: POST /session/004e8781a420927acb4284c1134f8905/element/f.B6308163BD667941B2C0E4D2A3AC438F.d.AAE2BDF2540E2CB09E5CEC3A1A237B3F.e.1845/click - {}
RESULT: {}
COMMAND: GET /session/004e8781a420927acb4284c1134f8905/screenshot - {}
RESULT: {}
]]></system-out>
    </testcase>
    <testcase classname="chrome.136_0_7103_49.windows.Manage_Requests_Tags_Tests_US120163" name="Should Create New Request Tags" time="199.054">
      <system-out><![CDATA[
COMMAND: POST /session/004e8781a420927acb4284c1134f8905/execute/async - {"script":"<script> [1562 bytes]","args":[{"selector":{"controlType":"sap.m.GenericTile","properties":{"header":"Manage Requests"}},"wdio_ui5_key":"sapm.GenericTile{\"header\":\"Manage Requests\"}"}]}
RESULT: {"script":"<script> [1562 bytes]","args":[{"selector":{"controlType":"sap.m.GenericTile","properties":{"header":"Manage Requests"}},"wdio_ui5_key":"sapm.GenericTile{\"header\":\"Manage Requests\"}"}]}
RESULT: undefined
COMMAND: POST /session/004e8781a420927acb4284c1134f8905/element - {"using":"xpath","value":"//*[@id=\"__tile47\"]"}
RESULT: {"using":"xpath","value":"//*[@id=\"__tile47\"]"}
COMMAND: POST /session/004e8781a420927acb4284c1134f8905/element/f.B6308163BD667941B2C0E4D2A3AC438F.d.AAE2BDF2540E2CB09E5CEC3A1A237B3F.e.2547/click - {}
RESULT: {}
COMMAND: GET /session/004e8781a420927acb4284c1134f8905/screenshot - {}
RESULT: {}
COMMAND: POST /session/004e8781a420927acb4284c1134f8905/element - {"using":"xpath","value":"//button[contains(@data-kt ,\"btnCreateNewOverflowToolbarButton\")]"}
COMMAND: POST /session/004e8781a420927acb4284c1134f8905/element - {"using":"xpath","value":"(//span[contains(@class ,\"sapMObjStatusText\")])[1]"}
RESULT: {"using":"xpath","value":"//button[contains(@data-kt ,\"btnCreateNewOverflowToolbarButton\")]"}
COMMAND: POST /session/004e8781a420927acb4284c1134f8905/element/f.B6308163BD667941B2C0E4D2A3AC438F.d.AAE2BDF2540E2CB09E5CEC3A1A237B3F.e.2604/click - {}
RESULT: {"using":"xpath","value":"(//span[contains(@class ,\"sapMObjStatusText\")])[1]"}
COMMAND: POST /session/004e8781a420927acb4284c1134f8905/execute/sync - {"script":"<script> [8489 bytes]","args":[{"element-6066-11e4-a52e-4f735466cecf":"f.B6308163BD667941B2C0E4D2A3AC438F.d.AAE2BDF2540E2CB09E5CEC3A1A237B3F.e.2643","ELEMENT":"f.B6308163BD667941B2C0E4D2A3AC438F.d.AAE2BDF2540E2CB09E5CEC3A1A237B3F.e.2643"}]}
RESULT: {}
COMMAND: GET /session/004e8781a420927acb4284c1134f8905/screenshot - {}
RESULT: {"script":"<script> [8489 bytes]","args":[{"element-6066-11e4-a52e-4f735466cecf":"f.B6308163BD667941B2C0E4D2A3AC438F.d.AAE2BDF2540E2CB09E5CEC3A1A237B3F.e.2643","ELEMENT":"f.B6308163BD667941B2C0E4D2A3AC438F.d.AAE2BDF2540E2CB09E5CEC3A1A237B3F.e.2643"}]}
COMMAND: GET /session/004e8781a420927acb4284c1134f8905/screenshot - {}
RESULT: {}
RESULT: {}
COMMAND: POST /session/004e8781a420927acb4284c1134f8905/element - {"using":"xpath","value":"//input[contains(@id ,\"yardId-inner\")]"}
RESULT: {"using":"xpath","value":"//input[contains(@id ,\"yardId-inner\")]"}
COMMAND: POST /session/004e8781a420927acb4284c1134f8905/execute/sync - {"script":"<script> [8489 bytes]","args":[{"element-6066-11e4-a52e-4f735466cecf":"f.B6308163BD667941B2C0E4D2A3AC438F.d.AAE2BDF2540E2CB09E5CEC3A1A237B3F.e.2859","ELEMENT":"f.B6308163BD667941B2C0E4D2A3AC438F.d.AAE2BDF2540E2CB09E5CEC3A1A237B3F.e.2859"}]}
RESULT: {"script":"<script> [8489 bytes]","args":[{"element-6066-11e4-a52e-4f735466cecf":"f.B6308163BD667941B2C0E4D2A3AC438F.d.AAE2BDF2540E2CB09E5CEC3A1A237B3F.e.2859","ELEMENT":"f.B6308163BD667941B2C0E4D2A3AC438F.d.AAE2BDF2540E2CB09E5CEC3A1A237B3F.e.2859"}]}
COMMAND: POST /session/004e8781a420927acb4284c1134f8905/element - {"using":"xpath","value":"//input[contains(@id ,\"yardId-inner\")]"}
COMMAND: GET /session/004e8781a420927acb4284c1134f8905/screenshot - {}
RESULT: {"using":"xpath","value":"//input[contains(@id ,\"yardId-inner\")]"}
COMMAND: GET /session/004e8781a420927acb4284c1134f8905/element/f.B6308163BD667941B2C0E4D2A3AC438F.d.AAE2BDF2540E2CB09E5CEC3A1A237B3F.e.2859/enabled - {}
RESULT: {}
RESULT: {}
COMMAND: POST /session/004e8781a420927acb4284c1134f8905/element/f.B6308163BD667941B2C0E4D2A3AC438F.d.AAE2BDF2540E2CB09E5CEC3A1A237B3F.e.2859/clear - {}
COMMAND: GET /session/004e8781a420927acb4284c1134f8905/screenshot - {}
RESULT: {}
COMMAND: POST /session/004e8781a420927acb4284c1134f8905/element/f.B6308163BD667941B2C0E4D2A3AC438F.d.AAE2BDF2540E2CB09E5CEC3A1A237B3F.e.2859/value - {"text":"WebdriverYardnhqhyk"}
COMMAND: GET /session/004e8781a420927acb4284c1134f8905/screenshot - {}
RESULT: {}
RESULT: {"text":"WebdriverYardnhqhyk"}
COMMAND: GET /session/004e8781a420927acb4284c1134f8905/screenshot - {}
RESULT: {}
RESULT: {}
COMMAND: POST /session/004e8781a420927acb4284c1134f8905/element - {"using":"xpath","value":"//input[contains(@id ,\"customerNumber-inner\")]"}
RESULT: {"using":"xpath","value":"//input[contains(@id ,\"customerNumber-inner\")]"}
COMMAND: POST /session/004e8781a420927acb4284c1134f8905/element/f.B6308163BD667941B2C0E4D2A3AC438F.d.AAE2BDF2540E2CB09E5CEC3A1A237B3F.e.2853/value - {"text":"WebdriverPartnere8pc8"}
COMMAND: POST /session/004e8781a420927acb4284c1134f8905/actions - {"actions":[{"id":"action5","type":"key","parameters":{},"actions":[{"type":"keyDown","value":"î€‡"},{"type":"pause","duration":10},{"type":"keyUp","value":"î€‡"}]}]}
RESULT: {"text":"WebdriverPartnere8pc8"}
COMMAND: GET /session/004e8781a420927acb4284c1134f8905/screenshot - {}
RESULT: {"actions":[{"id":"action5","type":"key","parameters":{},"actions":[{"type":"keyDown","value":"î€‡"},{"type":"pause","duration":10},{"type":"keyUp","value":"î€‡"}]}]}
COMMAND: GET /session/004e8781a420927acb4284c1134f8905/screenshot - {}
RESULT: {}
RESULT: {}
COMMAND: POST /session/004e8781a420927acb4284c1134f8905/element/f.B6308163BD667941B2C0E4D2A3AC438F.d.AAE2BDF2540E2CB09E5CEC3A1A237B3F.e.2859/clear - {}
RESULT: {}
COMMAND: POST /session/004e8781a420927acb4284c1134f8905/element/f.B6308163BD667941B2C0E4D2A3AC438F.d.AAE2BDF2540E2CB09E5CEC3A1A237B3F.e.2859/clear - {}
COMMAND: GET /session/004e8781a420927acb4284c1134f8905/screenshot - {}
RESULT: {}
COMMAND: POST /session/004e8781a420927acb4284c1134f8905/element/f.B6308163BD667941B2C0E4D2A3AC438F.d.AAE2BDF2540E2CB09E5CEC3A1A237B3F.e.2859/value - {"text":"WebdriverYardnhqhyk"}
COMMAND: GET /session/004e8781a420927acb4284c1134f8905/screenshot - {}
RESULT: {}
RESULT: {"text":"WebdriverYardnhqhyk"}
COMMAND: GET /session/004e8781a420927acb4284c1134f8905/screenshot - {}
RESULT: {}
RESULT: {}
COMMAND: POST /session/004e8781a420927acb4284c1134f8905/actions - {"actions":[{"id":"action6","type":"key","parameters":{},"actions":[{"type":"keyDown","value":"î€‡"},{"type":"pause","duration":10},{"type":"keyUp","value":"î€‡"}]}]}
RESULT: {"actions":[{"id":"action6","type":"key","parameters":{},"actions":[{"type":"keyDown","value":"î€‡"},{"type":"pause","duration":10},{"type":"keyUp","value":"î€‡"}]}]}
COMMAND: GET /session/004e8781a420927acb4284c1134f8905/screenshot - {}
RESULT: {}
COMMAND: GET /session/004e8781a420927acb4284c1134f8905/element/f.B6308163BD667941B2C0E4D2A3AC438F.d.AAE2BDF2540E2CB09E5CEC3A1A237B3F.e.2853/property/value - {}
RESULT: {}
COMMAND: GET /session/004e8781a420927acb4284c1134f8905/screenshot - {}
RESULT: {}
COMMAND: POST /session/004e8781a420927acb4284c1134f8905/actions - {"actions":[{"id":"action7","type":"key","parameters":{},"actions":[{"type":"keyDown","value":"î€‡"},{"type":"pause","duration":10},{"type":"keyUp","value":"î€‡"}]}]}
RESULT: {"actions":[{"id":"action7","type":"key","parameters":{},"actions":[{"type":"keyDown","value":"î€‡"},{"type":"pause","duration":10},{"type":"keyUp","value":"î€‡"}]}]}
COMMAND: GET /session/004e8781a420927acb4284c1134f8905/screenshot - {}
RESULT: {}
COMMAND: POST /session/004e8781a420927acb4284c1134f8905/element - {"using":"xpath","value":"//input[contains(@id ,\"requestSiteId-inner\")]"}
RESULT: {"using":"xpath","value":"//input[contains(@id ,\"requestSiteId-inner\")]"}
COMMAND: POST /session/004e8781a420927acb4284c1134f8905/element/f.B6308163BD667941B2C0E4D2A3AC438F.d.AAE2BDF2540E2CB09E5CEC3A1A237B3F.e.2852/value - {"text":"WebdriverSite2h8xt"}
RESULT: {"text":"WebdriverSite2h8xt"}
COMMAND: GET /session/004e8781a420927acb4284c1134f8905/screenshot - {}
RESULT: {}
COMMAND: POST /session/004e8781a420927acb4284c1134f8905/actions - {"actions":[{"id":"action8","type":"key","parameters":{},"actions":[{"type":"keyDown","value":"î€‡"},{"type":"pause","duration":10},{"type":"keyUp","value":"î€‡"}]}]}
RESULT: {"actions":[{"id":"action8","type":"key","parameters":{},"actions":[{"type":"keyDown","value":"î€‡"},{"type":"pause","duration":10},{"type":"keyUp","value":"î€‡"}]}]}
COMMAND: GET /session/004e8781a420927acb4284c1134f8905/screenshot - {}
RESULT: {}
COMMAND: POST /session/004e8781a420927acb4284c1134f8905/execute/async - {"script":"<script> [1562 bytes]","args":[{"selector":{"controlType":"sap.m.Input","viewName":"etm.portal.ui.managerequests.view.NewRequest","bindingPath":{"path":"","propertyPath":"/DESCRIPTION","modelName":"oNewRequestModel"},"interaction":{"idSuffix":"inner"}},"wdio_ui5_key":"etmportal.ui.managerequests.view.NewRequestsap.m.Input{\"path\":\"\",\"propertyPath\":\"/DESCRIPTION\",\"modelName\":\"oNewRequestModel\"}"}]}
RESULT: {"script":"<script> [1562 bytes]","args":[{"selector":{"controlType":"sap.m.Input","viewName":"etm.portal.ui.managerequests.view.NewRequest","bindingPath":{"path":"","propertyPath":"/DESCRIPTION","modelName":"oNewRequestModel"},"interaction":{"idSuffix":"inner"}},"wdio_ui5_key":"etmportal.ui.managerequests.view.NewRequestsap.m.Input{\"path\":\"\",\"propertyPath\":\"/DESCRIPTION\",\"modelName\":\"oNewRequestModel\"}"}]}
RESULT: undefined
COMMAND: POST /session/004e8781a420927acb4284c1134f8905/execute/async - {"script":"<script> [776 bytes]","args":[{"enterText":"Wdi5 Tags Test","selector":{"controlType":"sap.m.Input","viewName":"etm.portal.ui.managerequests.view.NewRequest","bindingPath":{"path":"","propertyPath":"/DESCRIPTION","modelName":"oNewRequestModel"},"interaction":{"idSuffix":"inner"}},"clearTextFirst":true,"interactionType":"ENTER_TEXT"}]}
RESULT: {"script":"<script> [776 bytes]","args":[{"enterText":"Wdi5 Tags Test","selector":{"controlType":"sap.m.Input","viewName":"etm.portal.ui.managerequests.view.NewRequest","bindingPath":{"path":"","propertyPath":"/DESCRIPTION","modelName":"oNewRequestModel"},"interaction":{"idSuffix":"inner"}},"clearTextFirst":true,"interactionType":"ENTER_TEXT"}]}
COMMAND: POST /session/004e8781a420927acb4284c1134f8905/execute/async - {"script":"<script> [1562 bytes]","args":[{"selector":{"id":"tagInputAdd","viewName":"etm.portal.ui.managerequests.view.NewRequest","interaction":{"idSuffix":"inner"}},"wdio_ui5_key":"tagInputAddetmportal.ui.managerequests.view.NewRequest"}]}
RESULT: {"script":"<script> [1562 bytes]","args":[{"selector":{"id":"tagInputAdd","viewName":"etm.portal.ui.managerequests.view.NewRequest","interaction":{"idSuffix":"inner"}},"wdio_ui5_key":"tagInputAddetmportal.ui.managerequests.view.NewRequest"}]}
RESULT: undefined
COMMAND: POST /session/004e8781a420927acb4284c1134f8905/execute/async - {"script":"<script> [776 bytes]","args":[{"enterText":"RefTag","selector":{"id":"tagInputAdd","viewName":"etm.portal.ui.managerequests.view.NewRequest","interaction":{"idSuffix":"inner"}},"clearTextFirst":true,"interactionType":"ENTER_TEXT"}]}
RESULT: {"script":"<script> [776 bytes]","args":[{"enterText":"RefTag","selector":{"id":"tagInputAdd","viewName":"etm.portal.ui.managerequests.view.NewRequest","interaction":{"idSuffix":"inner"}},"clearTextFirst":true,"interactionType":"ENTER_TEXT"}]}
COMMAND: POST /session/004e8781a420927acb4284c1134f8905/actions - {"actions":[{"id":"action9","type":"key","parameters":{},"actions":[{"type":"keyDown","value":"î€‡"},{"type":"pause","duration":10},{"type":"keyUp","value":"î€‡"}]}]}
RESULT: {"actions":[{"id":"action9","type":"key","parameters":{},"actions":[{"type":"keyDown","value":"î€‡"},{"type":"pause","duration":10},{"type":"keyUp","value":"î€‡"}]}]}
COMMAND: GET /session/004e8781a420927acb4284c1134f8905/screenshot - {}
RESULT: {}
RESULT: undefined
COMMAND: POST /session/004e8781a420927acb4284c1134f8905/execute/async - {"script":"<script> [776 bytes]","args":[{"enterText":"tag-header","selector":{"id":"tagInputAdd","viewName":"etm.portal.ui.managerequests.view.NewRequest","interaction":{"idSuffix":"inner"}},"clearTextFirst":true,"interactionType":"ENTER_TEXT"}]}
RESULT: {"script":"<script> [776 bytes]","args":[{"enterText":"tag-header","selector":{"id":"tagInputAdd","viewName":"etm.portal.ui.managerequests.view.NewRequest","interaction":{"idSuffix":"inner"}},"clearTextFirst":true,"interactionType":"ENTER_TEXT"}]}
COMMAND: POST /session/004e8781a420927acb4284c1134f8905/actions - {"actions":[{"id":"action10","type":"key","parameters":{},"actions":[{"type":"keyDown","value":"î€‡"},{"type":"pause","duration":10},{"type":"keyUp","value":"î€‡"}]}]}
RESULT: {"actions":[{"id":"action10","type":"key","parameters":{},"actions":[{"type":"keyDown","value":"î€‡"},{"type":"pause","duration":10},{"type":"keyUp","value":"î€‡"}]}]}
COMMAND: GET /session/004e8781a420927acb4284c1134f8905/screenshot - {}
RESULT: {}
RESULT: undefined
COMMAND: POST /session/004e8781a420927acb4284c1134f8905/execute/async - {"script":"<script> [776 bytes]","args":[{"enterText":"tag-duplicate","selector":{"id":"tagInputAdd","viewName":"etm.portal.ui.managerequests.view.NewRequest","interaction":{"idSuffix":"inner"}},"clearTextFirst":true,"interactionType":"ENTER_TEXT"}]}
RESULT: {"script":"<script> [776 bytes]","args":[{"enterText":"tag-duplicate","selector":{"id":"tagInputAdd","viewName":"etm.portal.ui.managerequests.view.NewRequest","interaction":{"idSuffix":"inner"}},"clearTextFirst":true,"interactionType":"ENTER_TEXT"}]}
COMMAND: POST /session/004e8781a420927acb4284c1134f8905/actions - {"actions":[{"id":"action11","type":"key","parameters":{},"actions":[{"type":"keyDown","value":"î€‡"},{"type":"pause","duration":10},{"type":"keyUp","value":"î€‡"}]}]}
RESULT: {"actions":[{"id":"action11","type":"key","parameters":{},"actions":[{"type":"keyDown","value":"î€‡"},{"type":"pause","duration":10},{"type":"keyUp","value":"î€‡"}]}]}
COMMAND: GET /session/004e8781a420927acb4284c1134f8905/screenshot - {}
RESULT: {}
COMMAND: POST /session/004e8781a420927acb4284c1134f8905/execute/async - {"script":"<script> [1562 bytes]","args":[{"selector":{"id":"tagsLayoutAdd","viewName":"etm.portal.ui.managerequests.view.NewRequest"},"wdio_ui5_key":"tagsLayoutAddetmportal.ui.managerequests.view.NewRequest"}]}
RESULT: {"script":"<script> [1562 bytes]","args":[{"selector":{"id":"tagsLayoutAdd","viewName":"etm.portal.ui.managerequests.view.NewRequest"},"wdio_ui5_key":"tagsLayoutAddetmportal.ui.managerequests.view.NewRequest"}]}
RESULT: undefined
COMMAND: POST /session/004e8781a420927acb4284c1134f8905/execute/async - {"script":"<script> [6424 bytes]","args":[{"element-6066-11e4-a52e-4f735466cecf":"f.B6308163BD667941B2C0E4D2A3AC438F.d.AAE2BDF2540E2CB09E5CEC3A1A237B3F.e.2949"},"getTokens",[]]}
RESULT: {"script":"<script> [6424 bytes]","args":[{"element-6066-11e4-a52e-4f735466cecf":"f.B6308163BD667941B2C0E4D2A3AC438F.d.AAE2BDF2540E2CB09E5CEC3A1A237B3F.e.2949"},"getTokens",[]]}
COMMAND: POST /session/004e8781a420927acb4284c1134f8905/execute/async - {"script":"<script> [1562 bytes]","args":[{"wdio_ui5_key":"__token9","selector":{"id":"__token9"}}]}
COMMAND: POST /session/004e8781a420927acb4284c1134f8905/execute/async - {"script":"<script> [1562 bytes]","args":[{"wdio_ui5_key":"__token10","selector":{"id":"__token10"}}]}
COMMAND: POST /session/004e8781a420927acb4284c1134f8905/execute/async - {"script":"<script> [1562 bytes]","args":[{"wdio_ui5_key":"__token8","selector":{"id":"__token8"}}]}
RESULT: {"script":"<script> [1562 bytes]","args":[{"wdio_ui5_key":"__token9","selector":{"id":"__token9"}}]}
RESULT: undefined
RESULT: {"script":"<script> [1562 bytes]","args":[{"wdio_ui5_key":"__token10","selector":{"id":"__token10"}}]}
RESULT: undefined
RESULT: {"script":"<script> [1562 bytes]","args":[{"wdio_ui5_key":"__token8","selector":{"id":"__token8"}}]}
RESULT: undefined
COMMAND: POST /session/004e8781a420927acb4284c1134f8905/execute/async - {"script":"<script> [1562 bytes]","args":[{"selector":{"controlType":"sap.ui.core.Icon","viewName":"etm.portal.ui.managerequests.view.NewRequest","properties":{"src":{"regex":{"source":"decline"}}},"ancestor":{"controlType":"sap.m.Token","viewName":"etm.portal.ui.managerequests.view.NewRequest","properties":{"text":"tag-duplicate"}}},"wdio_ui5_key":"etmportal.ui.managerequests.view.NewRequestsap.ui.core.Icon{\"src\":{\"regex\":{\"source\":\"decline\"}}}{\"controlType\":\"sap.m.Token\",\"viewName\":\"etm.portal.ui.managerequests.view.NewRequest\",\"properties\":{\"text\":\"tag-duplicate\"}}"}]}
RESULT: {"script":"<script> [1562 bytes]","args":[{"selector":{"controlType":"sap.ui.core.Icon","viewName":"etm.portal.ui.managerequests.view.NewRequest","properties":{"src":{"regex":{"source":"decline"}}},"ancestor":{"controlType":"sap.m.Token","viewName":"etm.portal.ui.managerequests.view.NewRequest","properties":{"text":"tag-duplicate"}}},"wdio_ui5_key":"etmportal.ui.managerequests.view.NewRequestsap.ui.core.Icon{\"src\":{\"regex\":{\"source\":\"decline\"}}}{\"controlType\":\"sap.m.Token\",\"viewName\":\"etm.portal.ui.managerequests.view.NewRequest\",\"properties\":{\"text\":\"tag-duplicate\"}}"}]}
RESULT: undefined
COMMAND: POST /session/004e8781a420927acb4284c1134f8905/element - {"using":"xpath","value":"//*[@id=\"__token10-icon\"]"}
RESULT: {"using":"xpath","value":"//*[@id=\"__token10-icon\"]"}
COMMAND: POST /session/004e8781a420927acb4284c1134f8905/element/f.B6308163BD667941B2C0E4D2A3AC438F.d.AAE2BDF2540E2CB09E5CEC3A1A237B3F.e.2996/click - {}
RESULT: {}
COMMAND: POST /session/004e8781a420927acb4284c1134f8905/execute/async - {"script":"<script> [1562 bytes]","args":[{"selector":{"controlType":"sap.ui.core.Icon","viewName":"etm.portal.ui.managerequests.view.NewRequest","properties":{"src":{"regex":{"source":"decline"}}},"ancestor":{"controlType":"sap.m.Token","viewName":"etm.portal.ui.managerequests.view.NewRequest","properties":{"text":"tag1"}}},"wdio_ui5_key":"etmportal.ui.managerequests.view.NewRequestsap.ui.core.Icon{\"src\":{\"regex\":{\"source\":\"decline\"}}}{\"controlType\":\"sap.m.Token\",\"viewName\":\"etm.portal.ui.managerequests.view.NewRequest\",\"properties\":{\"text\":\"tag1\"}}"}]}
COMMAND: GET /session/004e8781a420927acb4284c1134f8905/screenshot - {}
RESULT: {"script":"<script> [1562 bytes]","args":[{"selector":{"controlType":"sap.ui.core.Icon","viewName":"etm.portal.ui.managerequests.view.NewRequest","properties":{"src":{"regex":{"source":"decline"}}},"ancestor":{"controlType":"sap.m.Token","viewName":"etm.portal.ui.managerequests.view.NewRequest","properties":{"text":"tag1"}}},"wdio_ui5_key":"etmportal.ui.managerequests.view.NewRequestsap.ui.core.Icon{\"src\":{\"regex\":{\"source\":\"decline\"}}}{\"controlType\":\"sap.m.Token\",\"viewName\":\"etm.portal.ui.managerequests.view.NewRequest\",\"properties\":{\"text\":\"tag1\"}}"}]}
RESULT: undefined
RESULT: {}
COMMAND: POST /session/004e8781a420927acb4284c1134f8905/actions - {"actions":[{"id":"action12","type":"key","parameters":{},"actions":[{"type":"keyDown","value":"î€Œ"},{"type":"pause","duration":10},{"type":"keyUp","value":"î€Œ"}]}]}
RESULT: {"actions":[{"id":"action12","type":"key","parameters":{},"actions":[{"type":"keyDown","value":"î€Œ"},{"type":"pause","duration":10},{"type":"keyUp","value":"î€Œ"}]}]}
COMMAND: GET /session/004e8781a420927acb4284c1134f8905/screenshot - {}
RESULT: {}
RESULT: undefined
COMMAND: POST /session/004e8781a420927acb4284c1134f8905/execute/async - {"script":"<script> [6424 bytes]","args":[{"element-6066-11e4-a52e-4f735466cecf":"f.B6308163BD667941B2C0E4D2A3AC438F.d.AAE2BDF2540E2CB09E5CEC3A1A237B3F.e.2949"},"getTokens",[]]}
RESULT: {"script":"<script> [6424 bytes]","args":[{"element-6066-11e4-a52e-4f735466cecf":"f.B6308163BD667941B2C0E4D2A3AC438F.d.AAE2BDF2540E2CB09E5CEC3A1A237B3F.e.2949"},"getTokens",[]]}
RESULT: undefined
RESULT: undefined
COMMAND: POST /session/004e8781a420927acb4284c1134f8905/execute/async - {"script":"<script> [1562 bytes]","args":[{"selector":{"controlType":"sap.m.Button","viewName":"etm.portal.ui.managerequests.view.NewRequest","properties":{"text":"Items"},"interaction":{"idSuffix":"BDI-content"}},"wdio_ui5_key":"etmportal.ui.managerequests.view.NewRequestsap.m.Button{\"text\":\"Items\"}"}]}
RESULT: {"script":"<script> [1562 bytes]","args":[{"selector":{"controlType":"sap.m.Button","viewName":"etm.portal.ui.managerequests.view.NewRequest","properties":{"text":"Items"},"interaction":{"idSuffix":"BDI-content"}},"wdio_ui5_key":"etmportal.ui.managerequests.view.NewRequestsap.m.Button{\"text\":\"Items\"}"}]}
RESULT: undefined
COMMAND: POST /session/004e8781a420927acb4284c1134f8905/element - {"using":"xpath","value":"//*[@id=\"__xmlview59--newRequestPage-anchBar-__xmlview59--requestItemsSection-anchor\"]"}
RESULT: {"using":"xpath","value":"//*[@id=\"__xmlview59--newRequestPage-anchBar-__xmlview59--requestItemsSection-anchor\"]"}
COMMAND: POST /session/004e8781a420927acb4284c1134f8905/element/f.B6308163BD667941B2C0E4D2A3AC438F.d.AAE2BDF2540E2CB09E5CEC3A1A237B3F.e.3003/click - {}
RESULT: {}
COMMAND: GET /session/004e8781a420927acb4284c1134f8905/screenshot - {}
RESULT: {}
COMMAND: POST /session/004e8781a420927acb4284c1134f8905/execute/async - {"script":"<script> [1562 bytes]","args":[{"selector":{"controlType":"sap.ui.core.Icon","viewName":"etm.portal.ui.managerequests.view.NewRequest","properties":{"src":{"regex":{"source":"inspect"}}}},"wdio_ui5_key":"etmportal.ui.managerequests.view.NewRequestsap.ui.core.Icon{\"src\":{\"regex\":{\"source\":\"inspect\"}}}"}]}
RESULT: {"script":"<script> [1562 bytes]","args":[{"selector":{"controlType":"sap.ui.core.Icon","viewName":"etm.portal.ui.managerequests.view.NewRequest","properties":{"src":{"regex":{"source":"inspect"}}}},"wdio_ui5_key":"etmportal.ui.managerequests.view.NewRequestsap.ui.core.Icon{\"src\":{\"regex\":{\"source\":\"inspect\"}}}"}]}
RESULT: undefined
COMMAND: POST /session/004e8781a420927acb4284c1134f8905/element - {"using":"xpath","value":"//*[@id=\"__button114-img\"]"}
RESULT: {"using":"xpath","value":"//*[@id=\"__button114-img\"]"}
COMMAND: POST /session/004e8781a420927acb4284c1134f8905/element/f.B6308163BD667941B2C0E4D2A3AC438F.d.AAE2BDF2540E2CB09E5CEC3A1A237B3F.e.3008/click - {}
RESULT: {}
COMMAND: GET /session/004e8781a420927acb4284c1134f8905/screenshot - {}
RESULT: {}
COMMAND: POST /session/004e8781a420927acb4284c1134f8905/execute/async - {"script":"<script> [1562 bytes]","args":[{"selector":{"controlType":"sap.ui.core.Icon","viewName":"etm.portal.ui.managerequests.view.NewRequest","properties":{"src":{"regex":{"source":"add"}}}},"wdio_ui5_key":"etmportal.ui.managerequests.view.NewRequestsap.ui.core.Icon{\"src\":{\"regex\":{\"source\":\"add\"}}}"}]}
RESULT: {"script":"<script> [1562 bytes]","args":[{"selector":{"controlType":"sap.ui.core.Icon","viewName":"etm.portal.ui.managerequests.view.NewRequest","properties":{"src":{"regex":{"source":"add"}}}},"wdio_ui5_key":"etmportal.ui.managerequests.view.NewRequestsap.ui.core.Icon{\"src\":{\"regex\":{\"source\":\"add\"}}}"}]}
RESULT: undefined
COMMAND: POST /session/004e8781a420927acb4284c1134f8905/element - {"using":"xpath","value":"//*[@id=\"__xmlview59--btnAddTableRow-img\"]"}
RESULT: {"using":"xpath","value":"//*[@id=\"__xmlview59--btnAddTableRow-img\"]"}
COMMAND: POST /session/004e8781a420927acb4284c1134f8905/element/f.B6308163BD667941B2C0E4D2A3AC438F.d.AAE2BDF2540E2CB09E5CEC3A1A237B3F.e.2833/click - {}
RESULT: {}
COMMAND: GET /session/004e8781a420927acb4284c1134f8905/screenshot - {}
RESULT: {}
COMMAND: POST /session/004e8781a420927acb4284c1134f8905/execute/async - {"script":"<script> [1562 bytes]","args":[{"selector":{"controlType":"sap.ui.unified.MenuItem","viewName":"etm.portal.ui.managerequests.view.NewRequest","i18NText":{"propertyName":"text","key":"standardEntry"},"searchOpenDialogs":true,"interaction":{"idSuffix":"txt"}},"wdio_ui5_key":"etmportal.ui.managerequests.view.NewRequestsap.ui.unified.MenuItem{\"propertyName\":\"text\",\"key\":\"standardEntry\"}"}]}
RESULT: {"script":"<script> [1562 bytes]","args":[{"selector":{"controlType":"sap.ui.unified.MenuItem","viewName":"etm.portal.ui.managerequests.view.NewRequest","i18NText":{"propertyName":"text","key":"standardEntry"},"searchOpenDialogs":true,"interaction":{"idSuffix":"txt"}},"wdio_ui5_key":"etmportal.ui.managerequests.view.NewRequestsap.ui.unified.MenuItem{\"propertyName\":\"text\",\"key\":\"standardEntry\"}"}]}
RESULT: undefined
COMMAND: POST /session/004e8781a420927acb4284c1134f8905/element - {"using":"xpath","value":"//*[@id=\"__item1833\"]"}
RESULT: {"using":"xpath","value":"//*[@id=\"__item1833\"]"}
COMMAND: POST /session/004e8781a420927acb4284c1134f8905/element/f.B6308163BD667941B2C0E4D2A3AC438F.d.AAE2BDF2540E2CB09E5CEC3A1A237B3F.e.3016/click - {}
RESULT: {}
COMMAND: GET /session/004e8781a420927acb4284c1134f8905/screenshot - {}
RESULT: {}
RESULT: undefined
COMMAND: POST /session/004e8781a420927acb4284c1134f8905/element - {"using":"xpath","value":"//*[@id=\"__xmlview59--btnAddTableRow-img\"]"}
RESULT: {"using":"xpath","value":"//*[@id=\"__xmlview59--btnAddTableRow-img\"]"}
COMMAND: POST /session/004e8781a420927acb4284c1134f8905/element/f.B6308163BD667941B2C0E4D2A3AC438F.d.AAE2BDF2540E2CB09E5CEC3A1A237B3F.e.2833/click - {}
RESULT: {}
COMMAND: GET /session/004e8781a420927acb4284c1134f8905/screenshot - {}
RESULT: {}
RESULT: undefined
COMMAND: POST /session/004e8781a420927acb4284c1134f8905/element - {"using":"xpath","value":"//*[@id=\"__item1833\"]"}
RESULT: {"using":"xpath","value":"//*[@id=\"__item1833\"]"}
COMMAND: POST /session/004e8781a420927acb4284c1134f8905/element/f.B6308163BD667941B2C0E4D2A3AC438F.d.AAE2BDF2540E2CB09E5CEC3A1A237B3F.e.3037/click - {}
RESULT: {}
COMMAND: GET /session/004e8781a420927acb4284c1134f8905/screenshot - {}
RESULT: {}
COMMAND: POST /session/004e8781a420927acb4284c1134f8905/element - {"using":"xpath","value":"(//input[contains(@id ,\"requestItemsTable-0-inner\")])[5]"}
RESULT: {"using":"xpath","value":"(//input[contains(@id ,\"requestItemsTable-0-inner\")])[5]"}
COMMAND: POST /session/004e8781a420927acb4284c1134f8905/element/f.B6308163BD667941B2C0E4D2A3AC438F.d.AAE2BDF2540E2CB09E5CEC3A1A237B3F.e.3028/clear - {}
RESULT: {}
COMMAND: POST /session/004e8781a420927acb4284c1134f8905/element/f.B6308163BD667941B2C0E4D2A3AC438F.d.AAE2BDF2540E2CB09E5CEC3A1A237B3F.e.3028/value - {"text":"1000001"}
COMMAND: GET /session/004e8781a420927acb4284c1134f8905/screenshot - {}
RESULT: {"text":"1000001"}
COMMAND: GET /session/004e8781a420927acb4284c1134f8905/screenshot - {}
RESULT: {}
RESULT: {}
COMMAND: POST /session/004e8781a420927acb4284c1134f8905/actions - {"actions":[{"id":"action13","type":"key","parameters":{},"actions":[{"type":"keyDown","value":"î€‡"},{"type":"pause","duration":10},{"type":"keyUp","value":"î€‡"}]}]}
RESULT: {"actions":[{"id":"action13","type":"key","parameters":{},"actions":[{"type":"keyDown","value":"î€‡"},{"type":"pause","duration":10},{"type":"keyUp","value":"î€‡"}]}]}
COMMAND: POST /session/004e8781a420927acb4284c1134f8905/element - {"using":"xpath","value":"(//input[contains(@id ,\"requestItemsTable-1-inner\")])[5]"}
COMMAND: GET /session/004e8781a420927acb4284c1134f8905/screenshot - {}
RESULT: {"using":"xpath","value":"(//input[contains(@id ,\"requestItemsTable-1-inner\")])[5]"}
COMMAND: POST /session/004e8781a420927acb4284c1134f8905/element/f.B6308163BD667941B2C0E4D2A3AC438F.d.AAE2BDF2540E2CB09E5CEC3A1A237B3F.e.3043/clear - {}
RESULT: {}
RESULT: {}
COMMAND: POST /session/004e8781a420927acb4284c1134f8905/element/f.B6308163BD667941B2C0E4D2A3AC438F.d.AAE2BDF2540E2CB09E5CEC3A1A237B3F.e.3043/value - {"text":"1000002"}
COMMAND: GET /session/004e8781a420927acb4284c1134f8905/screenshot - {}
RESULT: {"text":"1000002"}
COMMAND: GET /session/004e8781a420927acb4284c1134f8905/screenshot - {}
RESULT: {}
RESULT: {}
COMMAND: POST /session/004e8781a420927acb4284c1134f8905/actions - {"actions":[{"id":"action14","type":"key","parameters":{},"actions":[{"type":"keyDown","value":"î€‡"},{"type":"pause","duration":10},{"type":"keyUp","value":"î€‡"}]}]}
RESULT: {"actions":[{"id":"action14","type":"key","parameters":{},"actions":[{"type":"keyDown","value":"î€‡"},{"type":"pause","duration":10},{"type":"keyUp","value":"î€‡"}]}]}
COMMAND: POST /session/004e8781a420927acb4284c1134f8905/execute/async - {"script":"<script> [1562 bytes]","args":[{"selector":{"controlType":"sap.m.Input","viewName":"etm.portal.ui.managerequests.view.NewRequest","bindingPath":{"path":"","propertyPath":"/Tags","modelName":"catalogModel"},"ancestor":{"controlType":"sap.m.ColumnListItem","viewName":"etm.portal.ui.managerequests.view.NewRequest","bindingPath":{"modelName":"newRequestItems","path":"/RequestItems/0"},"ancestor":{"id":"requestItemsTable","viewName":"etm.portal.ui.managerequests.view.NewRequest"}},"interaction":{"idSuffix":"inner"}},"wdio_ui5_key":"etmportal.ui.managerequests.view.NewRequestsap.m.Input{\"path\":\"\",\"propertyPath\":\"/Tags\",\"modelName\":\"catalogModel\"}{\"controlType\":\"sap.m.ColumnListItem\",\"viewName\":\"etm.portal.ui.managerequests.view.NewRequest\",\"bindingPath\":{\"modelName\":\"newRequestItems\",\"path\":\"/RequestItems/0\"},\"ancestor\":{\"id\":\"requestItemsTable\",\"viewName\":\"etm.portal.ui.managerequests.view.NewRequest\"}}"}]}
COMMAND: GET /session/004e8781a420927acb4284c1134f8905/screenshot - {}
RESULT: {"script":"<script> [1562 bytes]","args":[{"selector":{"controlType":"sap.m.Input","viewName":"etm.portal.ui.managerequests.view.NewRequest","bindingPath":{"path":"","propertyPath":"/Tags","modelName":"catalogModel"},"ancestor":{"controlType":"sap.m.ColumnListItem","viewName":"etm.portal.ui.managerequests.view.NewRequest","bindingPath":{"modelName":"newRequestItems","path":"/RequestItems/0"},"ancestor":{"id":"requestItemsTable","viewName":"etm.portal.ui.managerequests.view.NewRequest"}},"interaction":{"idSuffix":"inner"}},"wdio_ui5_key":"etmportal.ui.managerequests.view.NewRequestsap.m.Input{\"path\":\"\",\"propertyPath\":\"/Tags\",\"modelName\":\"catalogModel\"}{\"controlType\":\"sap.m.ColumnListItem\",\"viewName\":\"etm.portal.ui.managerequests.view.NewRequest\",\"bindingPath\":{\"modelName\":\"newRequestItems\",\"path\":\"/RequestItems/0\"},\"ancestor\":{\"id\":\"requestItemsTable\",\"viewName\":\"etm.portal.ui.managerequests.view.NewRequest\"}}"}]}
RESULT: undefined
COMMAND: POST /session/004e8781a420927acb4284c1134f8905/execute/async - {"script":"<script> [776 bytes]","args":[{"enterText":"tag1","selector":{"controlType":"sap.m.Input","viewName":"etm.portal.ui.managerequests.view.NewRequest","bindingPath":{"path":"","propertyPath":"/Tags","modelName":"catalogModel"},"ancestor":{"controlType":"sap.m.ColumnListItem","viewName":"etm.portal.ui.managerequests.view.NewRequest","bindingPath":{"modelName":"newRequestItems","path":"/RequestItems/0"},"ancestor":{"id":"requestItemsTable","viewName":"etm.portal.ui.managerequests.view.NewRequest"}},"interaction":{"idSuffix":"inner"}},"clearTextFirst":true,"interactionType":"ENTER_TEXT"}]}
RESULT: {}
RESULT: {"script":"<script> [776 bytes]","args":[{"enterText":"tag1","selector":{"controlType":"sap.m.Input","viewName":"etm.portal.ui.managerequests.view.NewRequest","bindingPath":{"path":"","propertyPath":"/Tags","modelName":"catalogModel"},"ancestor":{"controlType":"sap.m.ColumnListItem","viewName":"etm.portal.ui.managerequests.view.NewRequest","bindingPath":{"modelName":"newRequestItems","path":"/RequestItems/0"},"ancestor":{"id":"requestItemsTable","viewName":"etm.portal.ui.managerequests.view.NewRequest"}},"interaction":{"idSuffix":"inner"}},"clearTextFirst":true,"interactionType":"ENTER_TEXT"}]}
COMMAND: POST /session/004e8781a420927acb4284c1134f8905/actions - {"actions":[{"id":"action15","type":"key","parameters":{},"actions":[{"type":"keyDown","value":"î€‡"},{"type":"pause","duration":10},{"type":"keyUp","value":"î€‡"}]}]}
RESULT: {"actions":[{"id":"action15","type":"key","parameters":{},"actions":[{"type":"keyDown","value":"î€‡"},{"type":"pause","duration":10},{"type":"keyUp","value":"î€‡"}]}]}
RESULT: undefined
COMMAND: POST /session/004e8781a420927acb4284c1134f8905/execute/async - {"script":"<script> [776 bytes]","args":[{"enterText":"tag-duplicate","selector":{"controlType":"sap.m.Input","viewName":"etm.portal.ui.managerequests.view.NewRequest","bindingPath":{"path":"","propertyPath":"/Tags","modelName":"catalogModel"},"ancestor":{"controlType":"sap.m.ColumnListItem","viewName":"etm.portal.ui.managerequests.view.NewRequest","bindingPath":{"modelName":"newRequestItems","path":"/RequestItems/0"},"ancestor":{"id":"requestItemsTable","viewName":"etm.portal.ui.managerequests.view.NewRequest"}},"interaction":{"idSuffix":"inner"}},"clearTextFirst":true,"interactionType":"ENTER_TEXT"}]}
COMMAND: GET /session/004e8781a420927acb4284c1134f8905/screenshot - {}
RESULT: {"script":"<script> [776 bytes]","args":[{"enterText":"tag-duplicate","selector":{"controlType":"sap.m.Input","viewName":"etm.portal.ui.managerequests.view.NewRequest","bindingPath":{"path":"","propertyPath":"/Tags","modelName":"catalogModel"},"ancestor":{"controlType":"sap.m.ColumnListItem","viewName":"etm.portal.ui.managerequests.view.NewRequest","bindingPath":{"modelName":"newRequestItems","path":"/RequestItems/0"},"ancestor":{"id":"requestItemsTable","viewName":"etm.portal.ui.managerequests.view.NewRequest"}},"interaction":{"idSuffix":"inner"}},"clearTextFirst":true,"interactionType":"ENTER_TEXT"}]}
RESULT: {}
COMMAND: POST /session/004e8781a420927acb4284c1134f8905/actions - {"actions":[{"id":"action16","type":"key","parameters":{},"actions":[{"type":"keyDown","value":"î€‡"},{"type":"pause","duration":10},{"type":"keyUp","value":"î€‡"}]}]}
RESULT: {"actions":[{"id":"action16","type":"key","parameters":{},"actions":[{"type":"keyDown","value":"î€‡"},{"type":"pause","duration":10},{"type":"keyUp","value":"î€‡"}]}]}
COMMAND: GET /session/004e8781a420927acb4284c1134f8905/screenshot - {}
RESULT: {}
COMMAND: POST /session/004e8781a420927acb4284c1134f8905/execute/async - {"script":"<script> [1562 bytes]","args":[{"selector":{"controlType":"sap.m.Input","viewName":"etm.portal.ui.managerequests.view.NewRequest","bindingPath":{"path":"","propertyPath":"/Tags","modelName":"catalogModel"},"ancestor":{"controlType":"sap.m.ColumnListItem","viewName":"etm.portal.ui.managerequests.view.NewRequest","bindingPath":{"modelName":"newRequestItems","path":"/RequestItems/1"},"ancestor":{"id":"requestItemsTable","viewName":"etm.portal.ui.managerequests.view.NewRequest"}},"interaction":{"idSuffix":"inner"}},"wdio_ui5_key":"etmportal.ui.managerequests.view.NewRequestsap.m.Input{\"path\":\"\",\"propertyPath\":\"/Tags\",\"modelName\":\"catalogModel\"}{\"controlType\":\"sap.m.ColumnListItem\",\"viewName\":\"etm.portal.ui.managerequests.view.NewRequest\",\"bindingPath\":{\"modelName\":\"newRequestItems\",\"path\":\"/RequestItems/1\"},\"ancestor\":{\"id\":\"requestItemsTable\",\"viewName\":\"etm.portal.ui.managerequests.view.NewRequest\"}}"}]}
RESULT: {"script":"<script> [1562 bytes]","args":[{"selector":{"controlType":"sap.m.Input","viewName":"etm.portal.ui.managerequests.view.NewRequest","bindingPath":{"path":"","propertyPath":"/Tags","modelName":"catalogModel"},"ancestor":{"controlType":"sap.m.ColumnListItem","viewName":"etm.portal.ui.managerequests.view.NewRequest","bindingPath":{"modelName":"newRequestItems","path":"/RequestItems/1"},"ancestor":{"id":"requestItemsTable","viewName":"etm.portal.ui.managerequests.view.NewRequest"}},"interaction":{"idSuffix":"inner"}},"wdio_ui5_key":"etmportal.ui.managerequests.view.NewRequestsap.m.Input{\"path\":\"\",\"propertyPath\":\"/Tags\",\"modelName\":\"catalogModel\"}{\"controlType\":\"sap.m.ColumnListItem\",\"viewName\":\"etm.portal.ui.managerequests.view.NewRequest\",\"bindingPath\":{\"modelName\":\"newRequestItems\",\"path\":\"/RequestItems/1\"},\"ancestor\":{\"id\":\"requestItemsTable\",\"viewName\":\"etm.portal.ui.managerequests.view.NewRequest\"}}"}]}
RESULT: undefined
COMMAND: POST /session/004e8781a420927acb4284c1134f8905/execute/async - {"script":"<script> [776 bytes]","args":[{"enterText":"tag1","selector":{"controlType":"sap.m.Input","viewName":"etm.portal.ui.managerequests.view.NewRequest","bindingPath":{"path":"","propertyPath":"/Tags","modelName":"catalogModel"},"ancestor":{"controlType":"sap.m.ColumnListItem","viewName":"etm.portal.ui.managerequests.view.NewRequest","bindingPath":{"modelName":"newRequestItems","path":"/RequestItems/1"},"ancestor":{"id":"requestItemsTable","viewName":"etm.portal.ui.managerequests.view.NewRequest"}},"interaction":{"idSuffix":"inner"}},"clearTextFirst":true,"interactionType":"ENTER_TEXT"}]}
RESULT: {"script":"<script> [776 bytes]","args":[{"enterText":"tag1","selector":{"controlType":"sap.m.Input","viewName":"etm.portal.ui.managerequests.view.NewRequest","bindingPath":{"path":"","propertyPath":"/Tags","modelName":"catalogModel"},"ancestor":{"controlType":"sap.m.ColumnListItem","viewName":"etm.portal.ui.managerequests.view.NewRequest","bindingPath":{"modelName":"newRequestItems","path":"/RequestItems/1"},"ancestor":{"id":"requestItemsTable","viewName":"etm.portal.ui.managerequests.view.NewRequest"}},"interaction":{"idSuffix":"inner"}},"clearTextFirst":true,"interactionType":"ENTER_TEXT"}]}
COMMAND: POST /session/004e8781a420927acb4284c1134f8905/actions - {"actions":[{"id":"action17","type":"key","parameters":{},"actions":[{"type":"keyDown","value":"î€‡"},{"type":"pause","duration":10},{"type":"keyUp","value":"î€‡"}]}]}
RESULT: {"actions":[{"id":"action17","type":"key","parameters":{},"actions":[{"type":"keyDown","value":"î€‡"},{"type":"pause","duration":10},{"type":"keyUp","value":"î€‡"}]}]}
RESULT: undefined
COMMAND: POST /session/004e8781a420927acb4284c1134f8905/execute/async - {"script":"<script> [776 bytes]","args":[{"enterText":"tag-duplicate","selector":{"controlType":"sap.m.Input","viewName":"etm.portal.ui.managerequests.view.NewRequest","bindingPath":{"path":"","propertyPath":"/Tags","modelName":"catalogModel"},"ancestor":{"controlType":"sap.m.ColumnListItem","viewName":"etm.portal.ui.managerequests.view.NewRequest","bindingPath":{"modelName":"newRequestItems","path":"/RequestItems/1"},"ancestor":{"id":"requestItemsTable","viewName":"etm.portal.ui.managerequests.view.NewRequest"}},"interaction":{"idSuffix":"inner"}},"clearTextFirst":true,"interactionType":"ENTER_TEXT"}]}
COMMAND: GET /session/004e8781a420927acb4284c1134f8905/screenshot - {}
RESULT: {"script":"<script> [776 bytes]","args":[{"enterText":"tag-duplicate","selector":{"controlType":"sap.m.Input","viewName":"etm.portal.ui.managerequests.view.NewRequest","bindingPath":{"path":"","propertyPath":"/Tags","modelName":"catalogModel"},"ancestor":{"controlType":"sap.m.ColumnListItem","viewName":"etm.portal.ui.managerequests.view.NewRequest","bindingPath":{"modelName":"newRequestItems","path":"/RequestItems/1"},"ancestor":{"id":"requestItemsTable","viewName":"etm.portal.ui.managerequests.view.NewRequest"}},"interaction":{"idSuffix":"inner"}},"clearTextFirst":true,"interactionType":"ENTER_TEXT"}]}
RESULT: {}
COMMAND: POST /session/004e8781a420927acb4284c1134f8905/actions - {"actions":[{"id":"action18","type":"key","parameters":{},"actions":[{"type":"keyDown","value":"î€‡"},{"type":"pause","duration":10},{"type":"keyUp","value":"î€‡"}]}]}
RESULT: {"actions":[{"id":"action18","type":"key","parameters":{},"actions":[{"type":"keyDown","value":"î€‡"},{"type":"pause","duration":10},{"type":"keyUp","value":"î€‡"}]}]}
COMMAND: GET /session/004e8781a420927acb4284c1134f8905/screenshot - {}
RESULT: {}
COMMAND: POST /session/004e8781a420927acb4284c1134f8905/execute/async - {"script":"<script> [1562 bytes]","args":[{"selector":{"controlType":"sap.ui.core.Icon","viewName":"etm.portal.ui.managerequests.view.NewRequest","properties":{"src":{"regex":{"source":"slim\\-arrow\\-down"}}},"ancestor":{"controlType":"sap.m.Button","viewName":"etm.portal.ui.managerequests.view.NewRequest","properties":{"icon":"sap-icon://slim-arrow-down"}}},"wdio_ui5_key":"etmportal.ui.managerequests.view.NewRequestsap.ui.core.Icon{\"src\":{\"regex\":{\"source\":\"slim\\\\-arrow\\\\-down\"}}}{\"controlType\":\"sap.m.Button\",\"viewName\":\"etm.portal.ui.managerequests.view.NewRequest\",\"properties\":{\"icon\":\"sap-icon://slim-arrow-down\"}}"}]}
RESULT: {"script":"<script> [1562 bytes]","args":[{"selector":{"controlType":"sap.ui.core.Icon","viewName":"etm.portal.ui.managerequests.view.NewRequest","properties":{"src":{"regex":{"source":"slim\\-arrow\\-down"}}},"ancestor":{"controlType":"sap.m.Button","viewName":"etm.portal.ui.managerequests.view.NewRequest","properties":{"icon":"sap-icon://slim-arrow-down"}}},"wdio_ui5_key":"etmportal.ui.managerequests.view.NewRequestsap.ui.core.Icon{\"src\":{\"regex\":{\"source\":\"slim\\\\-arrow\\\\-down\"}}}{\"controlType\":\"sap.m.Button\",\"viewName\":\"etm.portal.ui.managerequests.view.NewRequest\",\"properties\":{\"icon\":\"sap-icon://slim-arrow-down\"}}"}]}
RESULT: undefined
COMMAND: POST /session/004e8781a420927acb4284c1134f8905/element - {"using":"xpath","value":"//*[@id=\"__title25-expandBtn-img\"]"}
RESULT: {"using":"xpath","value":"//*[@id=\"__title25-expandBtn-img\"]"}
COMMAND: POST /session/004e8781a420927acb4284c1134f8905/element/f.B6308163BD667941B2C0E4D2A3AC438F.d.AAE2BDF2540E2CB09E5CEC3A1A237B3F.e.3088/click - {}
RESULT: {}
COMMAND: GET /session/004e8781a420927acb4284c1134f8905/screenshot - {}
RESULT: {}
COMMAND: POST /session/004e8781a420927acb4284c1134f8905/element - {"using":"xpath","value":"//div[contains(@data-kt ,\"splitAllocationObjectStatus\")]"}
RESULT: {"using":"xpath","value":"//div[contains(@data-kt ,\"splitAllocationObjectStatus\")]"}
COMMAND: POST /session/004e8781a420927acb4284c1134f8905/elements - {"using":"xpath","value":"//div[contains(@data-kt ,\"splitAllocationObjectStatus\")]"}
RESULT: {"using":"xpath","value":"//div[contains(@data-kt ,\"splitAllocationObjectStatus\")]"}
COMMAND: POST /session/004e8781a420927acb4284c1134f8905/execute/async - {"script":"<script> [1562 bytes]","args":[{"selector":{"controlType":"sap.ui.core.Icon","viewName":"etm.portal.ui.managerequests.view.NewRequest","properties":{"src":{"regex":{"source":"message\\-error"}}},"ancestor":{"controlType":"sap.m.ColumnListItem","viewName":"etm.portal.ui.managerequests.view.NewRequest","bindingPath":{"modelName":"newRequestItems","path":"/RequestItems/0"},"ancestor":{"id":"requestItemsTable","viewName":"etm.portal.ui.managerequests.view.NewRequest"}}},"wdio_ui5_key":"etmportal.ui.managerequests.view.NewRequestsap.ui.core.Icon{\"src\":{\"regex\":{\"source\":\"message\\\\-error\"}}}{\"controlType\":\"sap.m.ColumnListItem\",\"viewName\":\"etm.portal.ui.managerequests.view.NewRequest\",\"bindingPath\":{\"modelName\":\"newRequestItems\",\"path\":\"/RequestItems/0\"},\"ancestor\":{\"id\":\"requestItemsTable\",\"viewName\":\"etm.portal.ui.managerequests.view.NewRequest\"}}"}]}
RESULT: {"script":"<script> [1562 bytes]","args":[{"selector":{"controlType":"sap.ui.core.Icon","viewName":"etm.portal.ui.managerequests.view.NewRequest","properties":{"src":{"regex":{"source":"message\\-error"}}},"ancestor":{"controlType":"sap.m.ColumnListItem","viewName":"etm.portal.ui.managerequests.view.NewRequest","bindingPath":{"modelName":"newRequestItems","path":"/RequestItems/0"},"ancestor":{"id":"requestItemsTable","viewName":"etm.portal.ui.managerequests.view.NewRequest"}}},"wdio_ui5_key":"etmportal.ui.managerequests.view.NewRequestsap.ui.core.Icon{\"src\":{\"regex\":{\"source\":\"message\\\\-error\"}}}{\"controlType\":\"sap.m.ColumnListItem\",\"viewName\":\"etm.portal.ui.managerequests.view.NewRequest\",\"bindingPath\":{\"modelName\":\"newRequestItems\",\"path\":\"/RequestItems/0\"},\"ancestor\":{\"id\":\"requestItemsTable\",\"viewName\":\"etm.portal.ui.managerequests.view.NewRequest\"}}"}]}
RESULT: undefined
COMMAND: POST /session/004e8781a420927acb4284c1134f8905/element - {"using":"xpath","value":"//*[@id=\"__status6-__xmlview59--requestItemsTable-0-icon\"]"}
RESULT: {"using":"xpath","value":"//*[@id=\"__status6-__xmlview59--requestItemsTable-0-icon\"]"}
COMMAND: POST /session/004e8781a420927acb4284c1134f8905/element/f.B6308163BD667941B2C0E4D2A3AC438F.d.AAE2BDF2540E2CB09E5CEC3A1A237B3F.e.3069/click - {}
RESULT: {}
COMMAND: GET /session/004e8781a420927acb4284c1134f8905/screenshot - {}
RESULT: {}
COMMAND: POST /session/004e8781a420927acb4284c1134f8905/execute/async - {"script":"<script> [1562 bytes]","args":[{"selector":{"id":"costObjectAdminTypeComboBox","viewName":"etm.portal.ui.managerequests.view.NewRequest","searchOpenDialogs":true,"interaction":{"idSuffix":"inner"}},"wdio_ui5_key":"costObjectAdminTypeComboBoxetmportal.ui.managerequests.view.NewRequest"}]}
RESULT: {"script":"<script> [1562 bytes]","args":[{"selector":{"id":"costObjectAdminTypeComboBox","viewName":"etm.portal.ui.managerequests.view.NewRequest","searchOpenDialogs":true,"interaction":{"idSuffix":"inner"}},"wdio_ui5_key":"costObjectAdminTypeComboBoxetmportal.ui.managerequests.view.NewRequest"}]}
RESULT: undefined
COMMAND: POST /session/004e8781a420927acb4284c1134f8905/execute/async - {"script":"<script> [776 bytes]","args":[{"enterText":"Cost Center","selector":{"id":"costObjectAdminTypeComboBox","viewName":"etm.portal.ui.managerequests.view.NewRequest","searchOpenDialogs":true,"interaction":{"idSuffix":"inner"}},"clearTextFirst":true,"interactionType":"ENTER_TEXT"}]}
RESULT: {"script":"<script> [776 bytes]","args":[{"enterText":"Cost Center","selector":{"id":"costObjectAdminTypeComboBox","viewName":"etm.portal.ui.managerequests.view.NewRequest","searchOpenDialogs":true,"interaction":{"idSuffix":"inner"}},"clearTextFirst":true,"interactionType":"ENTER_TEXT"}]}
COMMAND: POST /session/004e8781a420927acb4284c1134f8905/actions - {"actions":[{"id":"action19","type":"key","parameters":{},"actions":[{"type":"keyDown","value":"î€‡"},{"type":"pause","duration":10},{"type":"keyUp","value":"î€‡"}]}]}
RESULT: {"actions":[{"id":"action19","type":"key","parameters":{},"actions":[{"type":"keyDown","value":"î€‡"},{"type":"pause","duration":10},{"type":"keyUp","value":"î€‡"}]}]}
COMMAND: GET /session/004e8781a420927acb4284c1134f8905/screenshot - {}
RESULT: {}
COMMAND: POST /session/004e8781a420927acb4284c1134f8905/execute/async - {"script":"<script> [1562 bytes]","args":[{"selector":{"id":"costObjectIdComboBox","viewName":"etm.portal.ui.managerequests.view.NewRequest","searchOpenDialogs":true,"interaction":{"idSuffix":"inner"}},"wdio_ui5_key":"costObjectIdComboBoxetmportal.ui.managerequests.view.NewRequest"}]}
RESULT: {"script":"<script> [1562 bytes]","args":[{"selector":{"id":"costObjectIdComboBox","viewName":"etm.portal.ui.managerequests.view.NewRequest","searchOpenDialogs":true,"interaction":{"idSuffix":"inner"}},"wdio_ui5_key":"costObjectIdComboBoxetmportal.ui.managerequests.view.NewRequest"}]}
RESULT: undefined
COMMAND: POST /session/004e8781a420927acb4284c1134f8905/execute/async - {"script":"<script> [776 bytes]","args":[{"enterText":"1001 - 1001","selector":{"id":"costObjectIdComboBox","viewName":"etm.portal.ui.managerequests.view.NewRequest","searchOpenDialogs":true,"interaction":{"idSuffix":"inner"}},"clearTextFirst":true,"interactionType":"ENTER_TEXT"}]}
RESULT: {"script":"<script> [776 bytes]","args":[{"enterText":"1001 - 1001","selector":{"id":"costObjectIdComboBox","viewName":"etm.portal.ui.managerequests.view.NewRequest","searchOpenDialogs":true,"interaction":{"idSuffix":"inner"}},"clearTextFirst":true,"interactionType":"ENTER_TEXT"}]}
COMMAND: POST /session/004e8781a420927acb4284c1134f8905/actions - {"actions":[{"id":"action20","type":"key","parameters":{},"actions":[{"type":"keyDown","value":"î€‡"},{"type":"pause","duration":10},{"type":"keyUp","value":"î€‡"}]}]}
RESULT: {"actions":[{"id":"action20","type":"key","parameters":{},"actions":[{"type":"keyDown","value":"î€‡"},{"type":"pause","duration":10},{"type":"keyUp","value":"î€‡"}]}]}
COMMAND: GET /session/004e8781a420927acb4284c1134f8905/screenshot - {}
RESULT: {}
COMMAND: POST /session/004e8781a420927acb4284c1134f8905/element - {"using":"xpath","value":"(//bdi[(text() = 'Save' or . = 'Save')])[1]"}
RESULT: {"using":"xpath","value":"(//bdi[(text() = 'Save' or . = 'Save')])[1]"}
COMMAND: POST /session/004e8781a420927acb4284c1134f8905/element/f.B6308163BD667941B2C0E4D2A3AC438F.d.AAE2BDF2540E2CB09E5CEC3A1A237B3F.e.3108/click - {}
RESULT: {}
COMMAND: POST /session/004e8781a420927acb4284c1134f8905/execute/async - {"script":"<script> [1562 bytes]","args":[{"selector":{"controlType":"sap.ui.core.Icon","viewName":"etm.portal.ui.managerequests.view.NewRequest","properties":{"src":{"regex":{"source":"message\\-error"}}},"ancestor":{"controlType":"sap.m.ColumnListItem","viewName":"etm.portal.ui.managerequests.view.NewRequest","bindingPath":{"modelName":"newRequestItems","path":"/RequestItems/1"},"ancestor":{"id":"requestItemsTable","viewName":"etm.portal.ui.managerequests.view.NewRequest"}}},"wdio_ui5_key":"etmportal.ui.managerequests.view.NewRequestsap.ui.core.Icon{\"src\":{\"regex\":{\"source\":\"message\\\\-error\"}}}{\"controlType\":\"sap.m.ColumnListItem\",\"viewName\":\"etm.portal.ui.managerequests.view.NewRequest\",\"bindingPath\":{\"modelName\":\"newRequestItems\",\"path\":\"/RequestItems/1\"},\"ancestor\":{\"id\":\"requestItemsTable\",\"viewName\":\"etm.portal.ui.managerequests.view.NewRequest\"}}"}]}
COMMAND: GET /session/004e8781a420927acb4284c1134f8905/screenshot - {}
RESULT: {"script":"<script> [1562 bytes]","args":[{"selector":{"controlType":"sap.ui.core.Icon","viewName":"etm.portal.ui.managerequests.view.NewRequest","properties":{"src":{"regex":{"source":"message\\-error"}}},"ancestor":{"controlType":"sap.m.ColumnListItem","viewName":"etm.portal.ui.managerequests.view.NewRequest","bindingPath":{"modelName":"newRequestItems","path":"/RequestItems/1"},"ancestor":{"id":"requestItemsTable","viewName":"etm.portal.ui.managerequests.view.NewRequest"}}},"wdio_ui5_key":"etmportal.ui.managerequests.view.NewRequestsap.ui.core.Icon{\"src\":{\"regex\":{\"source\":\"message\\\\-error\"}}}{\"controlType\":\"sap.m.ColumnListItem\",\"viewName\":\"etm.portal.ui.managerequests.view.NewRequest\",\"bindingPath\":{\"modelName\":\"newRequestItems\",\"path\":\"/RequestItems/1\"},\"ancestor\":{\"id\":\"requestItemsTable\",\"viewName\":\"etm.portal.ui.managerequests.view.NewRequest\"}}"}]}
RESULT: undefined
COMMAND: POST /session/004e8781a420927acb4284c1134f8905/element - {"using":"xpath","value":"//*[@id=\"__status6-__xmlview59--requestItemsTable-1-icon\"]"}
RESULT: {}
RESULT: {"using":"xpath","value":"//*[@id=\"__status6-__xmlview59--requestItemsTable-1-icon\"]"}
COMMAND: POST /session/004e8781a420927acb4284c1134f8905/element/f.B6308163BD667941B2C0E4D2A3AC438F.d.AAE2BDF2540E2CB09E5CEC3A1A237B3F.e.3086/click - {}
RESULT: {}
COMMAND: GET /session/004e8781a420927acb4284c1134f8905/screenshot - {}
RESULT: {}
RESULT: undefined
COMMAND: POST /session/004e8781a420927acb4284c1134f8905/execute/async - {"script":"<script> [776 bytes]","args":[{"enterText":"Cost Center","selector":{"id":"costObjectAdminTypeComboBox","viewName":"etm.portal.ui.managerequests.view.NewRequest","searchOpenDialogs":true,"interaction":{"idSuffix":"inner"}},"clearTextFirst":true,"interactionType":"ENTER_TEXT"}]}
RESULT: {"script":"<script> [776 bytes]","args":[{"enterText":"Cost Center","selector":{"id":"costObjectAdminTypeComboBox","viewName":"etm.portal.ui.managerequests.view.NewRequest","searchOpenDialogs":true,"interaction":{"idSuffix":"inner"}},"clearTextFirst":true,"interactionType":"ENTER_TEXT"}]}
COMMAND: POST /session/004e8781a420927acb4284c1134f8905/actions - {"actions":[{"id":"action21","type":"key","parameters":{},"actions":[{"type":"keyDown","value":"î€‡"},{"type":"pause","duration":10},{"type":"keyUp","value":"î€‡"}]}]}
RESULT: {"actions":[{"id":"action21","type":"key","parameters":{},"actions":[{"type":"keyDown","value":"î€‡"},{"type":"pause","duration":10},{"type":"keyUp","value":"î€‡"}]}]}
COMMAND: GET /session/004e8781a420927acb4284c1134f8905/screenshot - {}
RESULT: {}
RESULT: undefined
COMMAND: POST /session/004e8781a420927acb4284c1134f8905/execute/async - {"script":"<script> [776 bytes]","args":[{"enterText":"1001 - 1001","selector":{"id":"costObjectIdComboBox","viewName":"etm.portal.ui.managerequests.view.NewRequest","searchOpenDialogs":true,"interaction":{"idSuffix":"inner"}},"clearTextFirst":true,"interactionType":"ENTER_TEXT"}]}
RESULT: {"script":"<script> [776 bytes]","args":[{"enterText":"1001 - 1001","selector":{"id":"costObjectIdComboBox","viewName":"etm.portal.ui.managerequests.view.NewRequest","searchOpenDialogs":true,"interaction":{"idSuffix":"inner"}},"clearTextFirst":true,"interactionType":"ENTER_TEXT"}]}
COMMAND: POST /session/004e8781a420927acb4284c1134f8905/actions - {"actions":[{"id":"action22","type":"key","parameters":{},"actions":[{"type":"keyDown","value":"î€‡"},{"type":"pause","duration":10},{"type":"keyUp","value":"î€‡"}]}]}
RESULT: {"actions":[{"id":"action22","type":"key","parameters":{},"actions":[{"type":"keyDown","value":"î€‡"},{"type":"pause","duration":10},{"type":"keyUp","value":"î€‡"}]}]}
COMMAND: GET /session/004e8781a420927acb4284c1134f8905/screenshot - {}
RESULT: {}
COMMAND: POST /session/004e8781a420927acb4284c1134f8905/element - {"using":"xpath","value":"(//bdi[(text() = 'Save' or . = 'Save')])[1]"}
RESULT: {"using":"xpath","value":"(//bdi[(text() = 'Save' or . = 'Save')])[1]"}
COMMAND: POST /session/004e8781a420927acb4284c1134f8905/element/f.B6308163BD667941B2C0E4D2A3AC438F.d.AAE2BDF2540E2CB09E5CEC3A1A237B3F.e.3122/click - {}
RESULT: {}
COMMAND: POST /session/004e8781a420927acb4284c1134f8905/execute/async - {"script":"<script> [1562 bytes]","args":[{"selector":{"controlType":"sap.ui.core.Icon","viewName":"etm.portal.ui.managerequests.view.NewRequest","properties":{"src":{"regex":{"source":"decline"}}},"ancestor":{"controlType":"sap.m.Token","viewName":"etm.portal.ui.managerequests.view.NewRequest","bindingPath":{"path":"/RequestItems/0/TOKENS/0","propertyPath":"TAG","modelName":"newRequestItems"}}},"wdio_ui5_key":"etmportal.ui.managerequests.view.NewRequestsap.ui.core.Icon{\"src\":{\"regex\":{\"source\":\"decline\"}}}{\"controlType\":\"sap.m.Token\",\"viewName\":\"etm.portal.ui.managerequests.view.NewRequest\",\"bindingPath\":{\"path\":\"/RequestItems/0/TOKENS/0\",\"propertyPath\":\"TAG\",\"modelName\":\"newRequestItems\"}}"}]}
COMMAND: GET /session/004e8781a420927acb4284c1134f8905/screenshot - {}
RESULT: {"script":"<script> [1562 bytes]","args":[{"selector":{"controlType":"sap.ui.core.Icon","viewName":"etm.portal.ui.managerequests.view.NewRequest","properties":{"src":{"regex":{"source":"decline"}}},"ancestor":{"controlType":"sap.m.Token","viewName":"etm.portal.ui.managerequests.view.NewRequest","bindingPath":{"path":"/RequestItems/0/TOKENS/0","propertyPath":"TAG","modelName":"newRequestItems"}}},"wdio_ui5_key":"etmportal.ui.managerequests.view.NewRequestsap.ui.core.Icon{\"src\":{\"regex\":{\"source\":\"decline\"}}}{\"controlType\":\"sap.m.Token\",\"viewName\":\"etm.portal.ui.managerequests.view.NewRequest\",\"bindingPath\":{\"path\":\"/RequestItems/0/TOKENS/0\",\"propertyPath\":\"TAG\",\"modelName\":\"newRequestItems\"}}"}]}
RESULT: undefined
COMMAND: POST /session/004e8781a420927acb4284c1134f8905/element - {"using":"xpath","value":"//*[@id=\"__token7-__tokenizer62-__xmlview59--requestItemsTable-0-0-icon\"]"}
RESULT: {}
RESULT: {"using":"xpath","value":"//*[@id=\"__token7-__tokenizer62-__xmlview59--requestItemsTable-0-0-icon\"]"}
COMMAND: POST /session/004e8781a420927acb4284c1134f8905/element/f.B6308163BD667941B2C0E4D2A3AC438F.d.AAE2BDF2540E2CB09E5CEC3A1A237B3F.e.3124/click - {}
RESULT: {}
COMMAND: GET /session/004e8781a420927acb4284c1134f8905/screenshot - {}
RESULT: {}
COMMAND: POST /session/004e8781a420927acb4284c1134f8905/actions - {"actions":[{"id":"action23","type":"key","parameters":{},"actions":[{"type":"keyDown","value":"î€Œ"},{"type":"pause","duration":10},{"type":"keyUp","value":"î€Œ"}]}]}
RESULT: {"actions":[{"id":"action23","type":"key","parameters":{},"actions":[{"type":"keyDown","value":"î€Œ"},{"type":"pause","duration":10},{"type":"keyUp","value":"î€Œ"}]}]}
COMMAND: GET /session/004e8781a420927acb4284c1134f8905/screenshot - {}
RESULT: {}
COMMAND: POST /session/004e8781a420927acb4284c1134f8905/execute/async - {"script":"<script> [1562 bytes]","args":[{"selector":{"controlType":"sap.m.Tokenizer","viewName":"etm.portal.ui.managerequests.view.NewRequest","bindingPath":{"path":"/RequestItems/0","propertyPath":"TOKENS","modelName":"newRequestItems"}},"wdio_ui5_key":"etmportal.ui.managerequests.view.NewRequestsap.m.Tokenizer{\"path\":\"/RequestItems/0\",\"propertyPath\":\"TOKENS\",\"modelName\":\"newRequestItems\"}"}]}
RESULT: {"script":"<script> [1562 bytes]","args":[{"selector":{"controlType":"sap.m.Tokenizer","viewName":"etm.portal.ui.managerequests.view.NewRequest","bindingPath":{"path":"/RequestItems/0","propertyPath":"TOKENS","modelName":"newRequestItems"}},"wdio_ui5_key":"etmportal.ui.managerequests.view.NewRequestsap.m.Tokenizer{\"path\":\"/RequestItems/0\",\"propertyPath\":\"TOKENS\",\"modelName\":\"newRequestItems\"}"}]}
RESULT: undefined
COMMAND: POST /session/004e8781a420927acb4284c1134f8905/execute/async - {"script":"<script> [6424 bytes]","args":[{"element-6066-11e4-a52e-4f735466cecf":"f.B6308163BD667941B2C0E4D2A3AC438F.d.AAE2BDF2540E2CB09E5CEC3A1A237B3F.e.3130"},"getTokens",[]]}
RESULT: {"script":"<script> [6424 bytes]","args":[{"element-6066-11e4-a52e-4f735466cecf":"f.B6308163BD667941B2C0E4D2A3AC438F.d.AAE2BDF2540E2CB09E5CEC3A1A237B3F.e.3130"},"getTokens",[]]}
COMMAND: POST /session/004e8781a420927acb4284c1134f8905/execute/async - {"script":"<script> [1562 bytes]","args":[{"wdio_ui5_key":"__token7-__tokenizer62-__xmlview59--requestItemsTable-0-0","selector":{"id":"__token7-__tokenizer62-__xmlview59--requestItemsTable-0-0"}}]}
RESULT: {"script":"<script> [1562 bytes]","args":[{"wdio_ui5_key":"__token7-__tokenizer62-__xmlview59--requestItemsTable-0-0","selector":{"id":"__token7-__tokenizer62-__xmlview59--requestItemsTable-0-0"}}]}
RESULT: undefined
RESULT: undefined
COMMAND: POST /session/004e8781a420927acb4284c1134f8905/execute/async - {"script":"<script> [776 bytes]","args":[{"enterText":"tagRequest1","selector":{"controlType":"sap.m.Input","viewName":"etm.portal.ui.managerequests.view.NewRequest","bindingPath":{"path":"","propertyPath":"/Tags","modelName":"catalogModel"},"ancestor":{"controlType":"sap.m.ColumnListItem","viewName":"etm.portal.ui.managerequests.view.NewRequest","bindingPath":{"modelName":"newRequestItems","path":"/RequestItems/0"},"ancestor":{"id":"requestItemsTable","viewName":"etm.portal.ui.managerequests.view.NewRequest"}},"interaction":{"idSuffix":"inner"}},"clearTextFirst":true,"interactionType":"ENTER_TEXT"}]}
RESULT: {"script":"<script> [776 bytes]","args":[{"enterText":"tagRequest1","selector":{"controlType":"sap.m.Input","viewName":"etm.portal.ui.managerequests.view.NewRequest","bindingPath":{"path":"","propertyPath":"/Tags","modelName":"catalogModel"},"ancestor":{"controlType":"sap.m.ColumnListItem","viewName":"etm.portal.ui.managerequests.view.NewRequest","bindingPath":{"modelName":"newRequestItems","path":"/RequestItems/0"},"ancestor":{"id":"requestItemsTable","viewName":"etm.portal.ui.managerequests.view.NewRequest"}},"interaction":{"idSuffix":"inner"}},"clearTextFirst":true,"interactionType":"ENTER_TEXT"}]}
COMMAND: POST /session/004e8781a420927acb4284c1134f8905/actions - {"actions":[{"id":"action24","type":"key","parameters":{},"actions":[{"type":"keyDown","value":"î€‡"},{"type":"pause","duration":10},{"type":"keyUp","value":"î€‡"}]}]}
RESULT: {"actions":[{"id":"action24","type":"key","parameters":{},"actions":[{"type":"keyDown","value":"î€‡"},{"type":"pause","duration":10},{"type":"keyUp","value":"î€‡"}]}]}
COMMAND: GET /session/004e8781a420927acb4284c1134f8905/screenshot - {}
RESULT: {}
RESULT: undefined
COMMAND: POST /session/004e8781a420927acb4284c1134f8905/execute/async - {"script":"<script> [6424 bytes]","args":[{"element-6066-11e4-a52e-4f735466cecf":"f.B6308163BD667941B2C0E4D2A3AC438F.d.AAE2BDF2540E2CB09E5CEC3A1A237B3F.e.3130"},"getTokens",[]]}
RESULT: {"script":"<script> [6424 bytes]","args":[{"element-6066-11e4-a52e-4f735466cecf":"f.B6308163BD667941B2C0E4D2A3AC438F.d.AAE2BDF2540E2CB09E5CEC3A1A237B3F.e.3130"},"getTokens",[]]}
COMMAND: POST /session/004e8781a420927acb4284c1134f8905/execute/async - {"script":"<script> [1562 bytes]","args":[{"wdio_ui5_key":"__token7-__tokenizer62-__xmlview59--requestItemsTable-0-1","selector":{"id":"__token7-__tokenizer62-__xmlview59--requestItemsTable-0-1"}}]}
RESULT: undefined
RESULT: {"script":"<script> [1562 bytes]","args":[{"wdio_ui5_key":"__token7-__tokenizer62-__xmlview59--requestItemsTable-0-1","selector":{"id":"__token7-__tokenizer62-__xmlview59--requestItemsTable-0-1"}}]}
RESULT: undefined
COMMAND: POST /session/004e8781a420927acb4284c1134f8905/execute/async - {"script":"<script> [1562 bytes]","args":[{"selector":{"controlType":"sap.ui.core.Icon","viewName":"etm.portal.ui.managerequests.view.NewRequest","properties":{"src":{"regex":{"source":"decline"}}},"ancestor":{"controlType":"sap.m.Token","viewName":"etm.portal.ui.managerequests.view.NewRequest","bindingPath":{"path":"/RequestItems/1/TOKENS/0","propertyPath":"TAG","modelName":"newRequestItems"}}},"wdio_ui5_key":"etmportal.ui.managerequests.view.NewRequestsap.ui.core.Icon{\"src\":{\"regex\":{\"source\":\"decline\"}}}{\"controlType\":\"sap.m.Token\",\"viewName\":\"etm.portal.ui.managerequests.view.NewRequest\",\"bindingPath\":{\"path\":\"/RequestItems/1/TOKENS/0\",\"propertyPath\":\"TAG\",\"modelName\":\"newRequestItems\"}}"}]}
RESULT: {"script":"<script> [1562 bytes]","args":[{"selector":{"controlType":"sap.ui.core.Icon","viewName":"etm.portal.ui.managerequests.view.NewRequest","properties":{"src":{"regex":{"source":"decline"}}},"ancestor":{"controlType":"sap.m.Token","viewName":"etm.portal.ui.managerequests.view.NewRequest","bindingPath":{"path":"/RequestItems/1/TOKENS/0","propertyPath":"TAG","modelName":"newRequestItems"}}},"wdio_ui5_key":"etmportal.ui.managerequests.view.NewRequestsap.ui.core.Icon{\"src\":{\"regex\":{\"source\":\"decline\"}}}{\"controlType\":\"sap.m.Token\",\"viewName\":\"etm.portal.ui.managerequests.view.NewRequest\",\"bindingPath\":{\"path\":\"/RequestItems/1/TOKENS/0\",\"propertyPath\":\"TAG\",\"modelName\":\"newRequestItems\"}}"}]}
RESULT: undefined
COMMAND: POST /session/004e8781a420927acb4284c1134f8905/element - {"using":"xpath","value":"//*[@id=\"__token7-__tokenizer62-__xmlview59--requestItemsTable-1-0-icon\"]"}
RESULT: {"using":"xpath","value":"//*[@id=\"__token7-__tokenizer62-__xmlview59--requestItemsTable-1-0-icon\"]"}
COMMAND: POST /session/004e8781a420927acb4284c1134f8905/element/f.B6308163BD667941B2C0E4D2A3AC438F.d.AAE2BDF2540E2CB09E5CEC3A1A237B3F.e.3132/click - {}
RESULT: {}
COMMAND: GET /session/004e8781a420927acb4284c1134f8905/screenshot - {}
COMMAND: POST /session/004e8781a420927acb4284c1134f8905/actions - {"actions":[{"id":"action25","type":"key","parameters":{},"actions":[{"type":"keyDown","value":"î€Œ"},{"type":"pause","duration":10},{"type":"keyUp","value":"î€Œ"}]}]}
RESULT: {}
RESULT: {"actions":[{"id":"action25","type":"key","parameters":{},"actions":[{"type":"keyDown","value":"î€Œ"},{"type":"pause","duration":10},{"type":"keyUp","value":"î€Œ"}]}]}
COMMAND: GET /session/004e8781a420927acb4284c1134f8905/screenshot - {}
RESULT: {}
COMMAND: POST /session/004e8781a420927acb4284c1134f8905/execute/async - {"script":"<script> [1562 bytes]","args":[{"selector":{"controlType":"sap.m.Tokenizer","viewName":"etm.portal.ui.managerequests.view.NewRequest","bindingPath":{"path":"/RequestItems/1","propertyPath":"TOKENS","modelName":"newRequestItems"}},"wdio_ui5_key":"etmportal.ui.managerequests.view.NewRequestsap.m.Tokenizer{\"path\":\"/RequestItems/1\",\"propertyPath\":\"TOKENS\",\"modelName\":\"newRequestItems\"}"}]}
RESULT: {"script":"<script> [1562 bytes]","args":[{"selector":{"controlType":"sap.m.Tokenizer","viewName":"etm.portal.ui.managerequests.view.NewRequest","bindingPath":{"path":"/RequestItems/1","propertyPath":"TOKENS","modelName":"newRequestItems"}},"wdio_ui5_key":"etmportal.ui.managerequests.view.NewRequestsap.m.Tokenizer{\"path\":\"/RequestItems/1\",\"propertyPath\":\"TOKENS\",\"modelName\":\"newRequestItems\"}"}]}
RESULT: undefined
COMMAND: POST /session/004e8781a420927acb4284c1134f8905/execute/async - {"script":"<script> [6424 bytes]","args":[{"element-6066-11e4-a52e-4f735466cecf":"f.B6308163BD667941B2C0E4D2A3AC438F.d.AAE2BDF2540E2CB09E5CEC3A1A237B3F.e.3138"},"getTokens",[]]}
RESULT: {"script":"<script> [6424 bytes]","args":[{"element-6066-11e4-a52e-4f735466cecf":"f.B6308163BD667941B2C0E4D2A3AC438F.d.AAE2BDF2540E2CB09E5CEC3A1A237B3F.e.3138"},"getTokens",[]]}
COMMAND: POST /session/004e8781a420927acb4284c1134f8905/execute/async - {"script":"<script> [1562 bytes]","args":[{"wdio_ui5_key":"__token7-__tokenizer62-__xmlview59--requestItemsTable-1-0","selector":{"id":"__token7-__tokenizer62-__xmlview59--requestItemsTable-1-0"}}]}
RESULT: {"script":"<script> [1562 bytes]","args":[{"wdio_ui5_key":"__token7-__tokenizer62-__xmlview59--requestItemsTable-1-0","selector":{"id":"__token7-__tokenizer62-__xmlview59--requestItemsTable-1-0"}}]}
RESULT: undefined
RESULT: undefined
COMMAND: POST /session/004e8781a420927acb4284c1134f8905/execute/async - {"script":"<script> [776 bytes]","args":[{"enterText":"tagRequest1","selector":{"controlType":"sap.m.Input","viewName":"etm.portal.ui.managerequests.view.NewRequest","bindingPath":{"path":"","propertyPath":"/Tags","modelName":"catalogModel"},"ancestor":{"controlType":"sap.m.ColumnListItem","viewName":"etm.portal.ui.managerequests.view.NewRequest","bindingPath":{"modelName":"newRequestItems","path":"/RequestItems/1"},"ancestor":{"id":"requestItemsTable","viewName":"etm.portal.ui.managerequests.view.NewRequest"}},"interaction":{"idSuffix":"inner"}},"clearTextFirst":true,"interactionType":"ENTER_TEXT"}]}
RESULT: {"script":"<script> [776 bytes]","args":[{"enterText":"tagRequest1","selector":{"controlType":"sap.m.Input","viewName":"etm.portal.ui.managerequests.view.NewRequest","bindingPath":{"path":"","propertyPath":"/Tags","modelName":"catalogModel"},"ancestor":{"controlType":"sap.m.ColumnListItem","viewName":"etm.portal.ui.managerequests.view.NewRequest","bindingPath":{"modelName":"newRequestItems","path":"/RequestItems/1"},"ancestor":{"id":"requestItemsTable","viewName":"etm.portal.ui.managerequests.view.NewRequest"}},"interaction":{"idSuffix":"inner"}},"clearTextFirst":true,"interactionType":"ENTER_TEXT"}]}
COMMAND: POST /session/004e8781a420927acb4284c1134f8905/actions - {"actions":[{"id":"action26","type":"key","parameters":{},"actions":[{"type":"keyDown","value":"î€‡"},{"type":"pause","duration":10},{"type":"keyUp","value":"î€‡"}]}]}
RESULT: {"actions":[{"id":"action26","type":"key","parameters":{},"actions":[{"type":"keyDown","value":"î€‡"},{"type":"pause","duration":10},{"type":"keyUp","value":"î€‡"}]}]}
COMMAND: GET /session/004e8781a420927acb4284c1134f8905/screenshot - {}
RESULT: {}
RESULT: undefined
COMMAND: POST /session/004e8781a420927acb4284c1134f8905/execute/async - {"script":"<script> [6424 bytes]","args":[{"element-6066-11e4-a52e-4f735466cecf":"f.B6308163BD667941B2C0E4D2A3AC438F.d.AAE2BDF2540E2CB09E5CEC3A1A237B3F.e.3138"},"getTokens",[]]}
RESULT: {"script":"<script> [6424 bytes]","args":[{"element-6066-11e4-a52e-4f735466cecf":"f.B6308163BD667941B2C0E4D2A3AC438F.d.AAE2BDF2540E2CB09E5CEC3A1A237B3F.e.3138"},"getTokens",[]]}
COMMAND: POST /session/004e8781a420927acb4284c1134f8905/execute/async - {"script":"<script> [1562 bytes]","args":[{"wdio_ui5_key":"__token7-__tokenizer62-__xmlview59--requestItemsTable-1-1","selector":{"id":"__token7-__tokenizer62-__xmlview59--requestItemsTable-1-1"}}]}
RESULT: undefined
RESULT: {"script":"<script> [1562 bytes]","args":[{"wdio_ui5_key":"__token7-__tokenizer62-__xmlview59--requestItemsTable-1-1","selector":{"id":"__token7-__tokenizer62-__xmlview59--requestItemsTable-1-1"}}]}
RESULT: undefined
COMMAND: POST /session/004e8781a420927acb4284c1134f8905/execute/async - {"script":"<script> [1562 bytes]","args":[{"selector":{"controlType":"sap.m.Button","viewName":"etm.portal.ui.managerequests.view.NewRequest","properties":{"text":"Save"},"i18NText":{"propertyName":"tooltip","key":"save"},"interaction":{"idSuffix":"BDI-content"}},"wdio_ui5_key":"etmportal.ui.managerequests.view.NewRequestsap.m.Button{\"propertyName\":\"tooltip\",\"key\":\"save\"}{\"text\":\"Save\"}"}]}
RESULT: {"script":"<script> [1562 bytes]","args":[{"selector":{"controlType":"sap.m.Button","viewName":"etm.portal.ui.managerequests.view.NewRequest","properties":{"text":"Save"},"i18NText":{"propertyName":"tooltip","key":"save"},"interaction":{"idSuffix":"BDI-content"}},"wdio_ui5_key":"etmportal.ui.managerequests.view.NewRequestsap.m.Button{\"propertyName\":\"tooltip\",\"key\":\"save\"}{\"text\":\"Save\"}"}]}
RESULT: undefined
COMMAND: POST /session/004e8781a420927acb4284c1134f8905/element - {"using":"xpath","value":"//*[@id=\"__button117\"]"}
RESULT: {"using":"xpath","value":"//*[@id=\"__button117\"]"}
COMMAND: POST /session/004e8781a420927acb4284c1134f8905/element/f.B6308163BD667941B2C0E4D2A3AC438F.d.AAE2BDF2540E2CB09E5CEC3A1A237B3F.e.2919/click - {}
RESULT: {}
COMMAND: GET /session/004e8781a420927acb4284c1134f8905/screenshot - {}
RESULT: {}
COMMAND: POST /session/004e8781a420927acb4284c1134f8905/element - {"using":"xpath","value":"//bdi[contains(@id ,\"BDI-content\")][contains(text(), \"Close\")]"}
RESULT: {"using":"xpath","value":"//bdi[contains(@id ,\"BDI-content\")][contains(text(), \"Close\")]"}
COMMAND: POST /session/004e8781a420927acb4284c1134f8905/element/f.B6308163BD667941B2C0E4D2A3AC438F.d.AAE2BDF2540E2CB09E5CEC3A1A237B3F.e.3147/click - {}
RESULT: {}
COMMAND: GET /session/004e8781a420927acb4284c1134f8905/screenshot - {}
RESULT: {}
]]></system-out>
    </testcase>
    <testcase classname="chrome.136_0_7103_49.windows.Manage_Requests_Tags_Tests_US120163" name="Should Edit Request Tags" time="109.232">
      <system-out><![CDATA[
COMMAND: POST /session/004e8781a420927acb4284c1134f8905/execute/async - {"script":"<script> [1562 bytes]","args":[{"selector":{"controlType":"sap.ui.core.Icon","viewName":"etm.portal.ui.managerequests.view.Detail","properties":{"src":{"regex":{"source":"overflow"}}}},"wdio_ui5_key":"etmportal.ui.managerequests.view.Detailsap.ui.core.Icon{\"src\":{\"regex\":{\"source\":\"overflow\"}}}"}]}
RESULT: {"script":"<script> [1562 bytes]","args":[{"selector":{"controlType":"sap.ui.core.Icon","viewName":"etm.portal.ui.managerequests.view.Detail","properties":{"src":{"regex":{"source":"overflow"}}}},"wdio_ui5_key":"etmportal.ui.managerequests.view.Detailsap.ui.core.Icon{\"src\":{\"regex\":{\"source\":\"overflow\"}}}"}]}
RESULT: undefined
COMMAND: POST /session/004e8781a420927acb4284c1134f8905/element - {"using":"xpath","value":"//*[@id=\"__xmlview60--detailHeaderTitle-_actionsToolbar-overflowButton-img\"]"}
RESULT: {"using":"xpath","value":"//*[@id=\"__xmlview60--detailHeaderTitle-_actionsToolbar-overflowButton-img\"]"}
COMMAND: POST /session/004e8781a420927acb4284c1134f8905/element/f.B6308163BD667941B2C0E4D2A3AC438F.d.AAE2BDF2540E2CB09E5CEC3A1A237B3F.e.3269/click - {}
RESULT: {}
COMMAND: GET /session/004e8781a420927acb4284c1134f8905/screenshot - {}
RESULT: {}
COMMAND: POST /session/004e8781a420927acb4284c1134f8905/execute/async - {"script":"<script> [1562 bytes]","args":[{"selector":{"controlType":"sap.uxap.ObjectPageHeaderActionButton","viewName":"etm.portal.ui.managerequests.view.Detail","i18NText":{"propertyName":"text","key":"edit"},"searchOpenDialogs":true,"interaction":{"idSuffix":"inner"}},"wdio_ui5_key":"etmportal.ui.managerequests.view.Detailsap.uxap.ObjectPageHeaderActionButton{\"propertyName\":\"text\",\"key\":\"edit\"}"}]}
RESULT: {"script":"<script> [1562 bytes]","args":[{"selector":{"controlType":"sap.uxap.ObjectPageHeaderActionButton","viewName":"etm.portal.ui.managerequests.view.Detail","i18NText":{"propertyName":"text","key":"edit"},"searchOpenDialogs":true,"interaction":{"idSuffix":"inner"}},"wdio_ui5_key":"etmportal.ui.managerequests.view.Detailsap.uxap.ObjectPageHeaderActionButton{\"propertyName\":\"text\",\"key\":\"edit\"}"}]}
RESULT: undefined
COMMAND: POST /session/004e8781a420927acb4284c1134f8905/element - {"using":"xpath","value":"//*[@id=\"__button138\"]"}
RESULT: {"using":"xpath","value":"//*[@id=\"__button138\"]"}
COMMAND: POST /session/004e8781a420927acb4284c1134f8905/element/f.B6308163BD667941B2C0E4D2A3AC438F.d.AAE2BDF2540E2CB09E5CEC3A1A237B3F.e.3273/click - {}
RESULT: {}
COMMAND: GET /session/004e8781a420927acb4284c1134f8905/screenshot - {}
RESULT: {}
COMMAND: POST /session/004e8781a420927acb4284c1134f8905/execute/async - {"script":"<script> [1562 bytes]","args":[{"selector":{"controlType":"sap.ui.core.Icon","viewName":"etm.portal.ui.managerequests.view.Edit","properties":{"src":{"regex":{"source":"decline"}}},"ancestor":{"controlType":"sap.m.Token","viewName":"etm.portal.ui.managerequests.view.Edit","bindingPath":{"propertyPath":"TAG","modelName":"catalogModel"},"properties":{"text":"RefTag"}}},"wdio_ui5_key":"etmportal.ui.managerequests.view.Editsap.ui.core.Icon{\"src\":{\"regex\":{\"source\":\"decline\"}}}{\"controlType\":\"sap.m.Token\",\"viewName\":\"etm.portal.ui.managerequests.view.Edit\",\"bindingPath\":{\"propertyPath\":\"TAG\",\"modelName\":\"catalogModel\"},\"properties\":{\"text\":\"RefTag\"}}"}]}
RESULT: {"script":"<script> [1562 bytes]","args":[{"selector":{"controlType":"sap.ui.core.Icon","viewName":"etm.portal.ui.managerequests.view.Edit","properties":{"src":{"regex":{"source":"decline"}}},"ancestor":{"controlType":"sap.m.Token","viewName":"etm.portal.ui.managerequests.view.Edit","bindingPath":{"propertyPath":"TAG","modelName":"catalogModel"},"properties":{"text":"RefTag"}}},"wdio_ui5_key":"etmportal.ui.managerequests.view.Editsap.ui.core.Icon{\"src\":{\"regex\":{\"source\":\"decline\"}}}{\"controlType\":\"sap.m.Token\",\"viewName\":\"etm.portal.ui.managerequests.view.Edit\",\"bindingPath\":{\"propertyPath\":\"TAG\",\"modelName\":\"catalogModel\"},\"properties\":{\"text\":\"RefTag\"}}"}]}
RESULT: undefined
COMMAND: POST /session/004e8781a420927acb4284c1134f8905/element - {"using":"xpath","value":"//*[@id=\"__token13-__tokenizer64-0-icon\"]"}
RESULT: {"using":"xpath","value":"//*[@id=\"__token13-__tokenizer64-0-icon\"]"}
COMMAND: POST /session/004e8781a420927acb4284c1134f8905/element/f.B6308163BD667941B2C0E4D2A3AC438F.d.AAE2BDF2540E2CB09E5CEC3A1A237B3F.e.3392/click - {}
RESULT: {}
COMMAND: POST /session/004e8781a420927acb4284c1134f8905/execute/async - {"script":"<script> [1562 bytes]","args":[{"selector":{"id":"tagMultiInputRequests","viewName":"etm.portal.ui.managerequests.view.Edit","interaction":{"idSuffix":"inner"}},"wdio_ui5_key":"tagMultiInputRequestsetmportal.ui.managerequests.view.Edit"}]}
COMMAND: GET /session/004e8781a420927acb4284c1134f8905/screenshot - {}
RESULT: {"script":"<script> [1562 bytes]","args":[{"selector":{"id":"tagMultiInputRequests","viewName":"etm.portal.ui.managerequests.view.Edit","interaction":{"idSuffix":"inner"}},"wdio_ui5_key":"tagMultiInputRequestsetmportal.ui.managerequests.view.Edit"}]}
RESULT: undefined
COMMAND: POST /session/004e8781a420927acb4284c1134f8905/execute/async - {"script":"<script> [6424 bytes]","args":[{"element-6066-11e4-a52e-4f735466cecf":"f.B6308163BD667941B2C0E4D2A3AC438F.d.AAE2BDF2540E2CB09E5CEC3A1A237B3F.e.3307"},"getTokens",[]]}
RESULT: {}
RESULT: {"script":"<script> [6424 bytes]","args":[{"element-6066-11e4-a52e-4f735466cecf":"f.B6308163BD667941B2C0E4D2A3AC438F.d.AAE2BDF2540E2CB09E5CEC3A1A237B3F.e.3307"},"getTokens",[]]}
COMMAND: POST /session/004e8781a420927acb4284c1134f8905/execute/async - {"script":"<script> [1562 bytes]","args":[{"wdio_ui5_key":"__token13-__tokenizer64-1","selector":{"id":"__token13-__tokenizer64-1"}}]}
RESULT: {"script":"<script> [1562 bytes]","args":[{"wdio_ui5_key":"__token13-__tokenizer64-1","selector":{"id":"__token13-__tokenizer64-1"}}]}
RESULT: undefined
RESULT: undefined
COMMAND: POST /session/004e8781a420927acb4284c1134f8905/execute/async - {"script":"<script> [776 bytes]","args":[{"enterText":"RefTag","selector":{"id":"tagMultiInputRequests","viewName":"etm.portal.ui.managerequests.view.Edit","interaction":{"idSuffix":"inner"}},"clearTextFirst":true,"interactionType":"ENTER_TEXT"}]}
RESULT: {"script":"<script> [776 bytes]","args":[{"enterText":"RefTag","selector":{"id":"tagMultiInputRequests","viewName":"etm.portal.ui.managerequests.view.Edit","interaction":{"idSuffix":"inner"}},"clearTextFirst":true,"interactionType":"ENTER_TEXT"}]}
COMMAND: POST /session/004e8781a420927acb4284c1134f8905/actions - {"actions":[{"id":"action27","type":"key","parameters":{},"actions":[{"type":"keyDown","value":"î€‡"},{"type":"pause","duration":10},{"type":"keyUp","value":"î€‡"}]}]}
RESULT: {"actions":[{"id":"action27","type":"key","parameters":{},"actions":[{"type":"keyDown","value":"î€‡"},{"type":"pause","duration":10},{"type":"keyUp","value":"î€‡"}]}]}
COMMAND: GET /session/004e8781a420927acb4284c1134f8905/screenshot - {}
RESULT: {}
RESULT: undefined
COMMAND: POST /session/004e8781a420927acb4284c1134f8905/execute/async - {"script":"<script> [6424 bytes]","args":[{"element-6066-11e4-a52e-4f735466cecf":"f.B6308163BD667941B2C0E4D2A3AC438F.d.AAE2BDF2540E2CB09E5CEC3A1A237B3F.e.3307"},"getTokens",[]]}
RESULT: {"script":"<script> [6424 bytes]","args":[{"element-6066-11e4-a52e-4f735466cecf":"f.B6308163BD667941B2C0E4D2A3AC438F.d.AAE2BDF2540E2CB09E5CEC3A1A237B3F.e.3307"},"getTokens",[]]}
COMMAND: POST /session/004e8781a420927acb4284c1134f8905/execute/async - {"script":"<script> [1562 bytes]","args":[{"wdio_ui5_key":"__token16","selector":{"id":"__token16"}}]}
RESULT: undefined
RESULT: {"script":"<script> [1562 bytes]","args":[{"wdio_ui5_key":"__token16","selector":{"id":"__token16"}}]}
RESULT: undefined
COMMAND: POST /session/004e8781a420927acb4284c1134f8905/execute/async - {"script":"<script> [1562 bytes]","args":[{"selector":{"controlType":"sap.m.Button","viewName":"etm.portal.ui.managerequests.view.Edit","properties":{"text":"Items (2)"},"interaction":{"idSuffix":"BDI-content"}},"wdio_ui5_key":"etmportal.ui.managerequests.view.Editsap.m.Button{\"text\":\"Items (2)\"}"}]}
RESULT: {"script":"<script> [1562 bytes]","args":[{"selector":{"controlType":"sap.m.Button","viewName":"etm.portal.ui.managerequests.view.Edit","properties":{"text":"Items (2)"},"interaction":{"idSuffix":"BDI-content"}},"wdio_ui5_key":"etmportal.ui.managerequests.view.Editsap.m.Button{\"text\":\"Items (2)\"}"}]}
RESULT: undefined
COMMAND: POST /session/004e8781a420927acb4284c1134f8905/element - {"using":"xpath","value":"//*[@id=\"__xmlview61--editRequestPage-anchBar-__xmlview61--requestItemsSection-anchor\"]"}
RESULT: {"using":"xpath","value":"//*[@id=\"__xmlview61--editRequestPage-anchBar-__xmlview61--requestItemsSection-anchor\"]"}
COMMAND: POST /session/004e8781a420927acb4284c1134f8905/element/f.B6308163BD667941B2C0E4D2A3AC438F.d.AAE2BDF2540E2CB09E5CEC3A1A237B3F.e.3397/click - {}
RESULT: {}
COMMAND: GET /session/004e8781a420927acb4284c1134f8905/screenshot - {}
RESULT: {}
COMMAND: POST /session/004e8781a420927acb4284c1134f8905/execute/async - {"script":"<script> [1562 bytes]","args":[{"selector":{"controlType":"sap.ui.core.Icon","viewName":"etm.portal.ui.managerequests.view.Edit","properties":{"src":{"regex":{"source":"inspect"}}}},"wdio_ui5_key":"etmportal.ui.managerequests.view.Editsap.ui.core.Icon{\"src\":{\"regex\":{\"source\":\"inspect\"}}}"}]}
RESULT: {"script":"<script> [1562 bytes]","args":[{"selector":{"controlType":"sap.ui.core.Icon","viewName":"etm.portal.ui.managerequests.view.Edit","properties":{"src":{"regex":{"source":"inspect"}}}},"wdio_ui5_key":"etmportal.ui.managerequests.view.Editsap.ui.core.Icon{\"src\":{\"regex\":{\"source\":\"inspect\"}}}"}]}
RESULT: undefined
COMMAND: POST /session/004e8781a420927acb4284c1134f8905/element - {"using":"xpath","value":"//*[@id=\"__button165-img\"]"}
RESULT: {"using":"xpath","value":"//*[@id=\"__button165-img\"]"}
COMMAND: POST /session/004e8781a420927acb4284c1134f8905/element/f.B6308163BD667941B2C0E4D2A3AC438F.d.AAE2BDF2540E2CB09E5CEC3A1A237B3F.e.3403/click - {}
RESULT: {}
COMMAND: GET /session/004e8781a420927acb4284c1134f8905/screenshot - {}
RESULT: {}
COMMAND: POST /session/004e8781a420927acb4284c1134f8905/execute/async - {"script":"<script> [1562 bytes]","args":[{"selector":{"controlType":"sap.m.Tokenizer","viewName":"etm.portal.ui.managerequests.view.Edit","bindingPath":{"path":"/RequestItems/0","propertyPath":"LINK_TO_TAGS","modelName":"RequestItemsModel"}},"wdio_ui5_key":"etmportal.ui.managerequests.view.Editsap.m.Tokenizer{\"path\":\"/RequestItems/0\",\"propertyPath\":\"LINK_TO_TAGS\",\"modelName\":\"RequestItemsModel\"}"}]}
RESULT: {"script":"<script> [1562 bytes]","args":[{"selector":{"controlType":"sap.m.Tokenizer","viewName":"etm.portal.ui.managerequests.view.Edit","bindingPath":{"path":"/RequestItems/0","propertyPath":"LINK_TO_TAGS","modelName":"RequestItemsModel"}},"wdio_ui5_key":"etmportal.ui.managerequests.view.Editsap.m.Tokenizer{\"path\":\"/RequestItems/0\",\"propertyPath\":\"LINK_TO_TAGS\",\"modelName\":\"RequestItemsModel\"}"}]}
RESULT: undefined
COMMAND: POST /session/004e8781a420927acb4284c1134f8905/element - {"using":"xpath","value":"//*[@id=\"__tokenizer66\"]"}
RESULT: {"using":"xpath","value":"//*[@id=\"__tokenizer66\"]"}
COMMAND: POST /session/004e8781a420927acb4284c1134f8905/element/f.B6308163BD667941B2C0E4D2A3AC438F.d.AAE2BDF2540E2CB09E5CEC3A1A237B3F.e.3405/click - {}
RESULT: {}
COMMAND: GET /session/004e8781a420927acb4284c1134f8905/screenshot - {}
RESULT: {}
COMMAND: POST /session/004e8781a420927acb4284c1134f8905/execute/async - {"script":"<script> [1562 bytes]","args":[{"selector":{"controlType":"sap.ui.core.Icon","viewName":"etm.portal.ui.managerequests.view.Edit","properties":{"src":{"regex":{"source":"decline"}}},"searchOpenDialogs":true,"ancestor":{"controlType":"sap.m.StandardListItem","viewName":"etm.portal.ui.managerequests.view.Edit","properties":{"title":"tag-duplicate"},"searchOpenDialogs":true}},"wdio_ui5_key":"etmportal.ui.managerequests.view.Editsap.ui.core.Icon{\"src\":{\"regex\":{\"source\":\"decline\"}}}{\"controlType\":\"sap.m.StandardListItem\",\"viewName\":\"etm.portal.ui.managerequests.view.Edit\",\"properties\":{\"title\":\"tag-duplicate\"},\"searchOpenDialogs\":true}"}]}
RESULT: {"script":"<script> [1562 bytes]","args":[{"selector":{"controlType":"sap.ui.core.Icon","viewName":"etm.portal.ui.managerequests.view.Edit","properties":{"src":{"regex":{"source":"decline"}}},"searchOpenDialogs":true,"ancestor":{"controlType":"sap.m.StandardListItem","viewName":"etm.portal.ui.managerequests.view.Edit","properties":{"title":"tag-duplicate"},"searchOpenDialogs":true}},"wdio_ui5_key":"etmportal.ui.managerequests.view.Editsap.ui.core.Icon{\"src\":{\"regex\":{\"source\":\"decline\"}}}{\"controlType\":\"sap.m.StandardListItem\",\"viewName\":\"etm.portal.ui.managerequests.view.Edit\",\"properties\":{\"title\":\"tag-duplicate\"},\"searchOpenDialogs\":true}"}]}
RESULT: undefined
COMMAND: POST /session/004e8781a420927acb4284c1134f8905/element - {"using":"xpath","value":"//*[@id=\"__item2176-imgDel-img\"]"}
RESULT: {"using":"xpath","value":"//*[@id=\"__item2176-imgDel-img\"]"}
COMMAND: POST /session/004e8781a420927acb4284c1134f8905/element/f.B6308163BD667941B2C0E4D2A3AC438F.d.AAE2BDF2540E2CB09E5CEC3A1A237B3F.e.3408/click - {}
RESULT: {}
COMMAND: GET /session/004e8781a420927acb4284c1134f8905/screenshot - {}
RESULT: {}
COMMAND: POST /session/004e8781a420927acb4284c1134f8905/actions - {"actions":[{"id":"action28","type":"key","parameters":{},"actions":[{"type":"keyDown","value":"î€Œ"},{"type":"pause","duration":10},{"type":"keyUp","value":"î€Œ"}]}]}
RESULT: {"actions":[{"id":"action28","type":"key","parameters":{},"actions":[{"type":"keyDown","value":"î€Œ"},{"type":"pause","duration":10},{"type":"keyUp","value":"î€Œ"}]}]}
COMMAND: POST /session/004e8781a420927acb4284c1134f8905/execute/async - {"script":"<script> [1562 bytes]","args":[{"selector":{"controlType":"sap.m.Tokenizer","viewName":"etm.portal.ui.managerequests.view.Edit","bindingPath":{"path":"/RequestItems/1","propertyPath":"LINK_TO_TAGS","modelName":"RequestItemsModel"}},"wdio_ui5_key":"etmportal.ui.managerequests.view.Editsap.m.Tokenizer{\"path\":\"/RequestItems/1\",\"propertyPath\":\"LINK_TO_TAGS\",\"modelName\":\"RequestItemsModel\"}"}]}
COMMAND: GET /session/004e8781a420927acb4284c1134f8905/screenshot - {}
RESULT: {"script":"<script> [1562 bytes]","args":[{"selector":{"controlType":"sap.m.Tokenizer","viewName":"etm.portal.ui.managerequests.view.Edit","bindingPath":{"path":"/RequestItems/1","propertyPath":"LINK_TO_TAGS","modelName":"RequestItemsModel"}},"wdio_ui5_key":"etmportal.ui.managerequests.view.Editsap.m.Tokenizer{\"path\":\"/RequestItems/1\",\"propertyPath\":\"LINK_TO_TAGS\",\"modelName\":\"RequestItemsModel\"}"}]}
RESULT: undefined
COMMAND: POST /session/004e8781a420927acb4284c1134f8905/element - {"using":"xpath","value":"//*[@id=\"__tokenizer67\"]"}
RESULT: {}
RESULT: {"using":"xpath","value":"//*[@id=\"__tokenizer67\"]"}
COMMAND: POST /session/004e8781a420927acb4284c1134f8905/element/f.B6308163BD667941B2C0E4D2A3AC438F.d.AAE2BDF2540E2CB09E5CEC3A1A237B3F.e.3411/click - {}
RESULT: {}
COMMAND: GET /session/004e8781a420927acb4284c1134f8905/screenshot - {}
RESULT: {}
COMMAND: POST /session/004e8781a420927acb4284c1134f8905/execute/async - {"script":"<script> [1562 bytes]","args":[{"selector":{"controlType":"sap.ui.core.Icon","viewName":"etm.portal.ui.managerequests.view.Edit","properties":{"src":{"regex":{"source":"decline"}}},"searchOpenDialogs":true,"ancestor":{"controlType":"sap.m.StandardListItem","viewName":"etm.portal.ui.managerequests.view.Edit","properties":{"title":"tagRequest1"},"searchOpenDialogs":true}},"wdio_ui5_key":"etmportal.ui.managerequests.view.Editsap.ui.core.Icon{\"src\":{\"regex\":{\"source\":\"decline\"}}}{\"controlType\":\"sap.m.StandardListItem\",\"viewName\":\"etm.portal.ui.managerequests.view.Edit\",\"properties\":{\"title\":\"tagRequest1\"},\"searchOpenDialogs\":true}"}]}
RESULT: {"script":"<script> [1562 bytes]","args":[{"selector":{"controlType":"sap.ui.core.Icon","viewName":"etm.portal.ui.managerequests.view.Edit","properties":{"src":{"regex":{"source":"decline"}}},"searchOpenDialogs":true,"ancestor":{"controlType":"sap.m.StandardListItem","viewName":"etm.portal.ui.managerequests.view.Edit","properties":{"title":"tagRequest1"},"searchOpenDialogs":true}},"wdio_ui5_key":"etmportal.ui.managerequests.view.Editsap.ui.core.Icon{\"src\":{\"regex\":{\"source\":\"decline\"}}}{\"controlType\":\"sap.m.StandardListItem\",\"viewName\":\"etm.portal.ui.managerequests.view.Edit\",\"properties\":{\"title\":\"tagRequest1\"},\"searchOpenDialogs\":true}"}]}
RESULT: undefined
COMMAND: POST /session/004e8781a420927acb4284c1134f8905/element - {"using":"xpath","value":"//*[@id=\"__item2184-imgDel-img\"]"}
RESULT: {"using":"xpath","value":"//*[@id=\"__item2184-imgDel-img\"]"}
COMMAND: POST /session/004e8781a420927acb4284c1134f8905/element/f.B6308163BD667941B2C0E4D2A3AC438F.d.AAE2BDF2540E2CB09E5CEC3A1A237B3F.e.3414/click - {}
RESULT: {}
COMMAND: GET /session/004e8781a420927acb4284c1134f8905/screenshot - {}
RESULT: {}
COMMAND: POST /session/004e8781a420927acb4284c1134f8905/execute/async - {"script":"<script> [1562 bytes]","args":[{"selector":{"controlType":"sap.ui.core.Icon","viewName":"etm.portal.ui.managerequests.view.Edit","properties":{"src":{"regex":{"source":"decline"}}},"searchOpenDialogs":true,"ancestor":{"controlType":"sap.m.StandardListItem","viewName":"etm.portal.ui.managerequests.view.Edit","properties":{"title":"RefTag"},"searchOpenDialogs":true}},"wdio_ui5_key":"etmportal.ui.managerequests.view.Editsap.ui.core.Icon{\"src\":{\"regex\":{\"source\":\"decline\"}}}{\"controlType\":\"sap.m.StandardListItem\",\"viewName\":\"etm.portal.ui.managerequests.view.Edit\",\"properties\":{\"title\":\"RefTag\"},\"searchOpenDialogs\":true}"}]}
RESULT: {"script":"<script> [1562 bytes]","args":[{"selector":{"controlType":"sap.ui.core.Icon","viewName":"etm.portal.ui.managerequests.view.Edit","properties":{"src":{"regex":{"source":"decline"}}},"searchOpenDialogs":true,"ancestor":{"controlType":"sap.m.StandardListItem","viewName":"etm.portal.ui.managerequests.view.Edit","properties":{"title":"RefTag"},"searchOpenDialogs":true}},"wdio_ui5_key":"etmportal.ui.managerequests.view.Editsap.ui.core.Icon{\"src\":{\"regex\":{\"source\":\"decline\"}}}{\"controlType\":\"sap.m.StandardListItem\",\"viewName\":\"etm.portal.ui.managerequests.view.Edit\",\"properties\":{\"title\":\"RefTag\"},\"searchOpenDialogs\":true}"}]}
RESULT: undefined
COMMAND: POST /session/004e8781a420927acb4284c1134f8905/element - {"using":"xpath","value":"//*[@id=\"__item2188-imgDel-img\"]"}
RESULT: {"using":"xpath","value":"//*[@id=\"__item2188-imgDel-img\"]"}
COMMAND: POST /session/004e8781a420927acb4284c1134f8905/element/f.B6308163BD667941B2C0E4D2A3AC438F.d.AAE2BDF2540E2CB09E5CEC3A1A237B3F.e.3417/click - {}
RESULT: {}
COMMAND: GET /session/004e8781a420927acb4284c1134f8905/screenshot - {}
RESULT: {}
COMMAND: POST /session/004e8781a420927acb4284c1134f8905/execute/async - {"script":"<script> [1562 bytes]","args":[{"selector":{"controlType":"sap.ui.core.Icon","viewName":"etm.portal.ui.managerequests.view.Edit","properties":{"src":{"regex":{"source":"decline"}}},"searchOpenDialogs":true,"ancestor":{"controlType":"sap.m.StandardListItem","viewName":"etm.portal.ui.managerequests.view.Edit","properties":{"title":"tag-header"},"searchOpenDialogs":true}},"wdio_ui5_key":"etmportal.ui.managerequests.view.Editsap.ui.core.Icon{\"src\":{\"regex\":{\"source\":\"decline\"}}}{\"controlType\":\"sap.m.StandardListItem\",\"viewName\":\"etm.portal.ui.managerequests.view.Edit\",\"properties\":{\"title\":\"tag-header\"},\"searchOpenDialogs\":true}"}]}
RESULT: {"script":"<script> [1562 bytes]","args":[{"selector":{"controlType":"sap.ui.core.Icon","viewName":"etm.portal.ui.managerequests.view.Edit","properties":{"src":{"regex":{"source":"decline"}}},"searchOpenDialogs":true,"ancestor":{"controlType":"sap.m.StandardListItem","viewName":"etm.portal.ui.managerequests.view.Edit","properties":{"title":"tag-header"},"searchOpenDialogs":true}},"wdio_ui5_key":"etmportal.ui.managerequests.view.Editsap.ui.core.Icon{\"src\":{\"regex\":{\"source\":\"decline\"}}}{\"controlType\":\"sap.m.StandardListItem\",\"viewName\":\"etm.portal.ui.managerequests.view.Edit\",\"properties\":{\"title\":\"tag-header\"},\"searchOpenDialogs\":true}"}]}
RESULT: undefined
COMMAND: POST /session/004e8781a420927acb4284c1134f8905/element - {"using":"xpath","value":"//*[@id=\"__item2191-imgDel-img\"]"}
RESULT: {"using":"xpath","value":"//*[@id=\"__item2191-imgDel-img\"]"}
COMMAND: POST /session/004e8781a420927acb4284c1134f8905/element/f.B6308163BD667941B2C0E4D2A3AC438F.d.AAE2BDF2540E2CB09E5CEC3A1A237B3F.e.3420/click - {}
RESULT: {}
COMMAND: GET /session/004e8781a420927acb4284c1134f8905/screenshot - {}
RESULT: {}
COMMAND: POST /session/004e8781a420927acb4284c1134f8905/actions - {"actions":[{"id":"action29","type":"key","parameters":{},"actions":[{"type":"keyDown","value":"î€ƒ"},{"type":"pause","duration":10},{"type":"keyUp","value":"î€ƒ"}]}]}
RESULT: {"actions":[{"id":"action29","type":"key","parameters":{},"actions":[{"type":"keyDown","value":"î€ƒ"},{"type":"pause","duration":10},{"type":"keyUp","value":"î€ƒ"}]}]}
COMMAND: POST /session/004e8781a420927acb4284c1134f8905/actions - {"actions":[{"id":"action30","type":"key","parameters":{},"actions":[{"type":"keyDown","value":"î€ƒ"},{"type":"pause","duration":10},{"type":"keyUp","value":"î€ƒ"}]}]}
COMMAND: GET /session/004e8781a420927acb4284c1134f8905/screenshot - {}
RESULT: {"actions":[{"id":"action30","type":"key","parameters":{},"actions":[{"type":"keyDown","value":"î€ƒ"},{"type":"pause","duration":10},{"type":"keyUp","value":"î€ƒ"}]}]}
COMMAND: GET /session/004e8781a420927acb4284c1134f8905/screenshot - {}
RESULT: {}
RESULT: {}
COMMAND: POST /session/004e8781a420927acb4284c1134f8905/execute/async - {"script":"<script> [1562 bytes]","args":[{"selector":{"controlType":"sap.m.Button","viewName":"etm.portal.ui.managerequests.view.Edit","i18NText":{"propertyName":"tooltip","key":"save"},"interaction":{"idSuffix":"BDI-content"}},"wdio_ui5_key":"etmportal.ui.managerequests.view.Editsap.m.Button{\"propertyName\":\"tooltip\",\"key\":\"save\"}"}]}
RESULT: {"script":"<script> [1562 bytes]","args":[{"selector":{"controlType":"sap.m.Button","viewName":"etm.portal.ui.managerequests.view.Edit","i18NText":{"propertyName":"tooltip","key":"save"},"interaction":{"idSuffix":"BDI-content"}},"wdio_ui5_key":"etmportal.ui.managerequests.view.Editsap.m.Button{\"propertyName\":\"tooltip\",\"key\":\"save\"}"}]}
RESULT: undefined
COMMAND: POST /session/004e8781a420927acb4284c1134f8905/element - {"using":"xpath","value":"//*[@id=\"__xmlview61--saveButtonId\"]"}
RESULT: {"using":"xpath","value":"//*[@id=\"__xmlview61--saveButtonId\"]"}
COMMAND: POST /session/004e8781a420927acb4284c1134f8905/element/f.B6308163BD667941B2C0E4D2A3AC438F.d.AAE2BDF2540E2CB09E5CEC3A1A237B3F.e.3315/click - {}
RESULT: {}
COMMAND: GET /session/004e8781a420927acb4284c1134f8905/screenshot - {}
RESULT: {}
COMMAND: POST /session/004e8781a420927acb4284c1134f8905/execute/async - {"script":"<script> [1562 bytes]","args":[{"selector":{"id":"tagsLayoutViewMode","viewName":"etm.portal.ui.managerequests.view.Detail"},"wdio_ui5_key":"tagsLayoutViewModeetmportal.ui.managerequests.view.Detail"}]}
RESULT: {"script":"<script> [1562 bytes]","args":[{"selector":{"id":"tagsLayoutViewMode","viewName":"etm.portal.ui.managerequests.view.Detail"},"wdio_ui5_key":"tagsLayoutViewModeetmportal.ui.managerequests.view.Detail"}]}
RESULT: undefined
COMMAND: POST /session/004e8781a420927acb4284c1134f8905/execute/async - {"script":"<script> [6424 bytes]","args":[{"element-6066-11e4-a52e-4f735466cecf":"f.B6308163BD667941B2C0E4D2A3AC438F.d.AAE2BDF2540E2CB09E5CEC3A1A237B3F.e.3551"},"getTokens",[]]}
RESULT: {"script":"<script> [6424 bytes]","args":[{"element-6066-11e4-a52e-4f735466cecf":"f.B6308163BD667941B2C0E4D2A3AC438F.d.AAE2BDF2540E2CB09E5CEC3A1A237B3F.e.3551"},"getTokens",[]]}
COMMAND: POST /session/004e8781a420927acb4284c1134f8905/execute/async - {"script":"<script> [1562 bytes]","args":[{"wdio_ui5_key":"__token11-__xmlview60--tagsLayoutViewMode-1","selector":{"id":"__token11-__xmlview60--tagsLayoutViewMode-1"}}]}
COMMAND: POST /session/004e8781a420927acb4284c1134f8905/execute/async - {"script":"<script> [1562 bytes]","args":[{"wdio_ui5_key":"__token11-__xmlview60--tagsLayoutViewMode-0","selector":{"id":"__token11-__xmlview60--tagsLayoutViewMode-0"}}]}
RESULT: {"script":"<script> [1562 bytes]","args":[{"wdio_ui5_key":"__token11-__xmlview60--tagsLayoutViewMode-0","selector":{"id":"__token11-__xmlview60--tagsLayoutViewMode-0"}}]}
RESULT: undefined
RESULT: {"script":"<script> [1562 bytes]","args":[{"wdio_ui5_key":"__token11-__xmlview60--tagsLayoutViewMode-1","selector":{"id":"__token11-__xmlview60--tagsLayoutViewMode-1"}}]}
RESULT: undefined
COMMAND: POST /session/004e8781a420927acb4284c1134f8905/execute/async - {"script":"<script> [1562 bytes]","args":[{"selector":{"controlType":"sap.m.OverflowToolbarButton","viewName":"etm.portal.ui.managerequests.view.Detail","properties":{"text":"Settings"},"interaction":{"idSuffix":"inner"}},"wdio_ui5_key":"etmportal.ui.managerequests.view.Detailsap.m.OverflowToolbarButton{\"text\":\"Settings\"}"}]}
RESULT: {"script":"<script> [1562 bytes]","args":[{"selector":{"controlType":"sap.m.OverflowToolbarButton","viewName":"etm.portal.ui.managerequests.view.Detail","properties":{"text":"Settings"},"interaction":{"idSuffix":"inner"}},"wdio_ui5_key":"etmportal.ui.managerequests.view.Detailsap.m.OverflowToolbarButton{\"text\":\"Settings\"}"}]}
RESULT: undefined
COMMAND: POST /session/004e8781a420927acb4284c1134f8905/element - {"using":"xpath","value":"//*[@id=\"__xmlview60--smartTableRequestItems-btnPersonalisation\"]"}
RESULT: {"using":"xpath","value":"//*[@id=\"__xmlview60--smartTableRequestItems-btnPersonalisation\"]"}
COMMAND: POST /session/004e8781a420927acb4284c1134f8905/element/f.B6308163BD667941B2C0E4D2A3AC438F.d.AAE2BDF2540E2CB09E5CEC3A1A237B3F.e.3555/click - {}
RESULT: {}
COMMAND: POST /session/004e8781a420927acb4284c1134f8905/execute/async - {"script":"<script> [1562 bytes]","args":[{"selector":{"controlType":"sap.m.SearchField","viewName":"etm.portal.ui.managerequests.view.Detail","searchOpenDialogs":true,"interaction":{"idSuffix":"I"}},"wdio_ui5_key":"etmportal.ui.managerequests.view.Detailsap.m.SearchField"}]}
COMMAND: GET /session/004e8781a420927acb4284c1134f8905/screenshot - {}
RESULT: {"script":"<script> [1562 bytes]","args":[{"selector":{"controlType":"sap.m.SearchField","viewName":"etm.portal.ui.managerequests.view.Detail","searchOpenDialogs":true,"interaction":{"idSuffix":"I"}},"wdio_ui5_key":"etmportal.ui.managerequests.view.Detailsap.m.SearchField"}]}
RESULT: undefined
COMMAND: POST /session/004e8781a420927acb4284c1134f8905/execute/async - {"script":"<script> [776 bytes]","args":[{"enterText":"tag","selector":{"controlType":"sap.m.SearchField","viewName":"etm.portal.ui.managerequests.view.Detail","searchOpenDialogs":true,"interaction":{"idSuffix":"I"}},"clearTextFirst":true,"interactionType":"ENTER_TEXT"}]}
RESULT: {}
RESULT: {"script":"<script> [776 bytes]","args":[{"enterText":"tag","selector":{"controlType":"sap.m.SearchField","viewName":"etm.portal.ui.managerequests.view.Detail","searchOpenDialogs":true,"interaction":{"idSuffix":"I"}},"clearTextFirst":true,"interactionType":"ENTER_TEXT"}]}
COMMAND: POST /session/004e8781a420927acb4284c1134f8905/element - {"using":"xpath","value":"//div[contains(@id ,\"innerSelectionPanelTable-0-selectMulti-CbBg\")]"}
RESULT: {"using":"xpath","value":"//div[contains(@id ,\"innerSelectionPanelTable-0-selectMulti-CbBg\")]"}
COMMAND: POST /session/004e8781a420927acb4284c1134f8905/element/f.B6308163BD667941B2C0E4D2A3AC438F.d.AAE2BDF2540E2CB09E5CEC3A1A237B3F.e.3590/click - {}
RESULT: {}
COMMAND: POST /session/004e8781a420927acb4284c1134f8905/execute/async - {"script":"<script> [1562 bytes]","args":[{"selector":{"controlType":"sap.m.Button","viewName":"etm.portal.ui.managerequests.view.Detail","properties":{"text":"OK"},"searchOpenDialogs":true,"interaction":{"idSuffix":"BDI-content"}},"wdio_ui5_key":"etmportal.ui.managerequests.view.Detailsap.m.Button{\"text\":\"OK\"}"}]}
COMMAND: GET /session/004e8781a420927acb4284c1134f8905/screenshot - {}
RESULT: {}
RESULT: {"script":"<script> [1562 bytes]","args":[{"selector":{"controlType":"sap.m.Button","viewName":"etm.portal.ui.managerequests.view.Detail","properties":{"text":"OK"},"searchOpenDialogs":true,"interaction":{"idSuffix":"BDI-content"}},"wdio_ui5_key":"etmportal.ui.managerequests.view.Detailsap.m.Button{\"text\":\"OK\"}"}]}
RESULT: undefined
COMMAND: POST /session/004e8781a420927acb4284c1134f8905/element - {"using":"xpath","value":"//*[@id=\"__popup377-confirmBtn\"]"}
RESULT: {"using":"xpath","value":"//*[@id=\"__popup377-confirmBtn\"]"}
COMMAND: POST /session/004e8781a420927acb4284c1134f8905/element/f.B6308163BD667941B2C0E4D2A3AC438F.d.AAE2BDF2540E2CB09E5CEC3A1A237B3F.e.3594/click - {}
RESULT: {}
COMMAND: GET /session/004e8781a420927acb4284c1134f8905/screenshot - {}
RESULT: {}
COMMAND: POST /session/004e8781a420927acb4284c1134f8905/execute/async - {"script":"<script> [1562 bytes]","args":[{"selector":{"controlType":"sap.m.Text","viewName":"etm.portal.ui.managerequests.view.Detail","bindingPath":{"propertyPath":"NO","modelName":"catalogModel"}},"wdio_ui5_key":"etmportal.ui.managerequests.view.Detailsap.m.Text{\"propertyPath\":\"NO\",\"modelName\":\"catalogModel\"}"}]}
RESULT: {"script":"<script> [1562 bytes]","args":[{"selector":{"controlType":"sap.m.Text","viewName":"etm.portal.ui.managerequests.view.Detail","bindingPath":{"propertyPath":"NO","modelName":"catalogModel"}},"wdio_ui5_key":"etmportal.ui.managerequests.view.Detailsap.m.Text{\"propertyPath\":\"NO\",\"modelName\":\"catalogModel\"}"}]}
RESULT: undefined
COMMAND: POST /session/004e8781a420927acb4284c1134f8905/execute/async - {"script":"<script> [6424 bytes]","args":[{"element-6066-11e4-a52e-4f735466cecf":"f.B6308163BD667941B2C0E4D2A3AC438F.d.AAE2BDF2540E2CB09E5CEC3A1A237B3F.e.3606"},"getText",[]]}
RESULT: {"script":"<script> [6424 bytes]","args":[{"element-6066-11e4-a52e-4f735466cecf":"f.B6308163BD667941B2C0E4D2A3AC438F.d.AAE2BDF2540E2CB09E5CEC3A1A237B3F.e.3606"},"getText",[]]}
COMMAND: POST /session/004e8781a420927acb4284c1134f8905/execute/async - {"script":"<script> [1562 bytes]","args":[{"selector":{"controlType":"sap.m.Tokenizer","viewName":"etm.portal.ui.managerequests.view.Detail","bindingPath":{"path":"/SmartRequestItemsPlanningBoard(ITEM=10m,REQUEST='20390')","propertyPath":"LINK_TO_TAGS"}},"wdio_ui5_key":"etmportal.ui.managerequests.view.Detailsap.m.Tokenizer{\"path\":\"/SmartRequestItemsPlanningBoard(ITEM=10m,REQUEST='20390')\",\"propertyPath\":\"LINK_TO_TAGS\"}"}]}
RESULT: {"script":"<script> [1562 bytes]","args":[{"selector":{"controlType":"sap.m.Tokenizer","viewName":"etm.portal.ui.managerequests.view.Detail","bindingPath":{"path":"/SmartRequestItemsPlanningBoard(ITEM=10m,REQUEST='20390')","propertyPath":"LINK_TO_TAGS"}},"wdio_ui5_key":"etmportal.ui.managerequests.view.Detailsap.m.Tokenizer{\"path\":\"/SmartRequestItemsPlanningBoard(ITEM=10m,REQUEST='20390')\",\"propertyPath\":\"LINK_TO_TAGS\"}"}]}
RESULT: undefined
COMMAND: POST /session/004e8781a420927acb4284c1134f8905/execute/async - {"script":"<script> [6424 bytes]","args":[{"element-6066-11e4-a52e-4f735466cecf":"f.B6308163BD667941B2C0E4D2A3AC438F.d.AAE2BDF2540E2CB09E5CEC3A1A237B3F.e.3607"},"getTokens",[]]}
RESULT: {"script":"<script> [6424 bytes]","args":[{"element-6066-11e4-a52e-4f735466cecf":"f.B6308163BD667941B2C0E4D2A3AC438F.d.AAE2BDF2540E2CB09E5CEC3A1A237B3F.e.3607"},"getTokens",[]]}
COMMAND: POST /session/004e8781a420927acb4284c1134f8905/execute/async - {"script":"<script> [1562 bytes]","args":[{"wdio_ui5_key":"__token12-__tokenizer63-__clone5131-1","selector":{"id":"__token12-__tokenizer63-__clone5131-1"}}]}
COMMAND: POST /session/004e8781a420927acb4284c1134f8905/execute/async - {"script":"<script> [1562 bytes]","args":[{"wdio_ui5_key":"__token12-__tokenizer63-__clone5131-2","selector":{"id":"__token12-__tokenizer63-__clone5131-2"}}]}
COMMAND: POST /session/004e8781a420927acb4284c1134f8905/execute/async - {"script":"<script> [1562 bytes]","args":[{"wdio_ui5_key":"__token12-__tokenizer63-__clone5131-0","selector":{"id":"__token12-__tokenizer63-__clone5131-0"}}]}
RESULT: {"script":"<script> [1562 bytes]","args":[{"wdio_ui5_key":"__token12-__tokenizer63-__clone5131-1","selector":{"id":"__token12-__tokenizer63-__clone5131-1"}}]}
RESULT: undefined
RESULT: {"script":"<script> [1562 bytes]","args":[{"wdio_ui5_key":"__token12-__tokenizer63-__clone5131-2","selector":{"id":"__token12-__tokenizer63-__clone5131-2"}}]}
RESULT: undefined
RESULT: {"script":"<script> [1562 bytes]","args":[{"wdio_ui5_key":"__token12-__tokenizer63-__clone5131-0","selector":{"id":"__token12-__tokenizer63-__clone5131-0"}}]}
RESULT: undefined
COMMAND: POST /session/004e8781a420927acb4284c1134f8905/element - {"using":"xpath","value":"(//span[contains(text(), \"tag-header\")])[2]"}
RESULT: {"using":"xpath","value":"(//span[contains(text(), \"tag-header\")])[2]"}
COMMAND: POST /session/004e8781a420927acb4284c1134f8905/elements - {"using":"xpath","value":"(//span[contains(text(), \"tag-header\")])[2]"}
RESULT: {"using":"xpath","value":"(//span[contains(text(), \"tag-header\")])[2]"}
COMMAND: POST /session/004e8781a420927acb4284c1134f8905/execute/async - {"script":"<script> [1562 bytes]","args":[{"selector":{"controlType":"sap.m.Tokenizer","viewName":"etm.portal.ui.managerequests.view.Detail","bindingPath":{"path":"/SmartRequestItemsPlanningBoard(ITEM=20m,REQUEST='20390')","propertyPath":"LINK_TO_TAGS"}},"wdio_ui5_key":"etmportal.ui.managerequests.view.Detailsap.m.Tokenizer{\"path\":\"/SmartRequestItemsPlanningBoard(ITEM=20m,REQUEST='20390')\",\"propertyPath\":\"LINK_TO_TAGS\"}"}]}
RESULT: {"script":"<script> [1562 bytes]","args":[{"selector":{"controlType":"sap.m.Tokenizer","viewName":"etm.portal.ui.managerequests.view.Detail","bindingPath":{"path":"/SmartRequestItemsPlanningBoard(ITEM=20m,REQUEST='20390')","propertyPath":"LINK_TO_TAGS"}},"wdio_ui5_key":"etmportal.ui.managerequests.view.Detailsap.m.Tokenizer{\"path\":\"/SmartRequestItemsPlanningBoard(ITEM=20m,REQUEST='20390')\",\"propertyPath\":\"LINK_TO_TAGS\"}"}]}
RESULT: undefined
COMMAND: POST /session/004e8781a420927acb4284c1134f8905/execute/async - {"script":"<script> [6424 bytes]","args":[{"element-6066-11e4-a52e-4f735466cecf":"f.B6308163BD667941B2C0E4D2A3AC438F.d.AAE2BDF2540E2CB09E5CEC3A1A237B3F.e.3612"},"getTokens",[]]}
RESULT: {"script":"<script> [6424 bytes]","args":[{"element-6066-11e4-a52e-4f735466cecf":"f.B6308163BD667941B2C0E4D2A3AC438F.d.AAE2BDF2540E2CB09E5CEC3A1A237B3F.e.3612"},"getTokens",[]]}
COMMAND: POST /session/004e8781a420927acb4284c1134f8905/element - {"using":"css selector","value":"#shell-header-logo"}
RESULT: {"using":"css selector","value":"#shell-header-logo"}
COMMAND: POST /session/004e8781a420927acb4284c1134f8905/element/f.B6308163BD667941B2C0E4D2A3AC438F.d.AAE2BDF2540E2CB09E5CEC3A1A237B3F.e.2550/click - {}
RESULT: {}
COMMAND: GET /session/004e8781a420927acb4284c1134f8905/screenshot - {}
RESULT: {}
]]></system-out>
    </testcase>
  </testsuite>
  <testsuite timestamp="2025-05-07T15:52:06" time="553.718" tests="4" failures="1" errors="1" skipped="0">
    <properties>
      <property name="specId" value="0" />
      <property name="suiteName" value="Manage request + Contract processing pick up option US120163 " />
      <property name="capabilities" value="chrome.136_0_7103_49.windows" />
      <property name="file" value="file:///D:/a/1/s/test/specs/R2C/create-request-Pickup.spec.js" />
    </properties>
    <testcase classname="chrome.136_0_7103_49.windows.Manage_request_+_Contract_processing_pick_up_option_US120163_" name="Should create a new contract" time="86.08">
      <system-out><![CDATA[
COMMAND: POST /session/004e8781a420927acb4284c1134f8905/execute/async - {"script":"<script> [1562 bytes]","args":[{"selector":{"controlType":"sap.m.Text","viewName":"etm.portal.ui.managecontractstile.view.Master","properties":{"text":"Manage Contracts"},"interaction":{"idSuffix":"inner"}},"wdio_ui5_key":"etmportal.ui.managecontractstile.view.Mastersap.m.Text{\"text\":\"Manage Contracts\"}"}]}
RESULT: {"script":"<script> [1562 bytes]","args":[{"selector":{"controlType":"sap.m.Text","viewName":"etm.portal.ui.managecontractstile.view.Master","properties":{"text":"Manage Contracts"},"interaction":{"idSuffix":"inner"}},"wdio_ui5_key":"etmportal.ui.managecontractstile.view.Mastersap.m.Text{\"text\":\"Manage Contracts\"}"}]}
RESULT: undefined
COMMAND: POST /session/004e8781a420927acb4284c1134f8905/element - {"using":"xpath","value":"//*[@id=\"__tile133-title\"]"}
RESULT: {"using":"xpath","value":"//*[@id=\"__tile133-title\"]"}
COMMAND: POST /session/004e8781a420927acb4284c1134f8905/element/f.B6308163BD667941B2C0E4D2A3AC438F.d.AAE2BDF2540E2CB09E5CEC3A1A237B3F.e.3616/click - {}
RESULT: {}
COMMAND: GET /session/004e8781a420927acb4284c1134f8905/screenshot - {}
RESULT: {}
COMMAND: POST /session/004e8781a420927acb4284c1134f8905/execute/async - {"script":"<script> [1562 bytes]","args":[{"selector":{"controlType":"sap.ui.core.Icon","viewName":"etm.portal.ui.managecontracts.view.Master","properties":{"src":{"regex":{"source":"add"}}}},"wdio_ui5_key":"etmportal.ui.managecontracts.view.Mastersap.ui.core.Icon{\"src\":{\"regex\":{\"source\":\"add\"}}}"}]}
RESULT: {"script":"<script> [1562 bytes]","args":[{"selector":{"controlType":"sap.ui.core.Icon","viewName":"etm.portal.ui.managecontracts.view.Master","properties":{"src":{"regex":{"source":"add"}}}},"wdio_ui5_key":"etmportal.ui.managecontracts.view.Mastersap.ui.core.Icon{\"src\":{\"regex\":{\"source\":\"add\"}}}"}]}
RESULT: undefined
COMMAND: POST /session/004e8781a420927acb4284c1134f8905/element - {"using":"xpath","value":"//*[@id=\"__button187-img\"]"}
RESULT: {"using":"xpath","value":"//*[@id=\"__button187-img\"]"}
COMMAND: POST /session/004e8781a420927acb4284c1134f8905/element/f.B6308163BD667941B2C0E4D2A3AC438F.d.AAE2BDF2540E2CB09E5CEC3A1A237B3F.e.3655/click - {}
RESULT: {}
COMMAND: POST /session/004e8781a420927acb4284c1134f8905/execute/async - {"script":"<script> [1562 bytes]","args":[{"selector":{"id":"application-managecontracts-display-component---AddNewContract--projectDescription","interaction":{"idSuffix":"inner"}},"wdio_ui5_key":"applicationmanagecontracts-display-component---AddNewContract--projectDescription"}]}
COMMAND: GET /session/004e8781a420927acb4284c1134f8905/screenshot - {}
RESULT: {"script":"<script> [1562 bytes]","args":[{"selector":{"id":"application-managecontracts-display-component---AddNewContract--projectDescription","interaction":{"idSuffix":"inner"}},"wdio_ui5_key":"applicationmanagecontracts-display-component---AddNewContract--projectDescription"}]}
RESULT: undefined
COMMAND: POST /session/004e8781a420927acb4284c1134f8905/execute/async - {"script":"<script> [776 bytes]","args":[{"enterText":"PickupContracth55i4","selector":{"id":"application-managecontracts-display-component---AddNewContract--projectDescription","interaction":{"idSuffix":"inner"}},"clearTextFirst":true,"interactionType":"ENTER_TEXT"}]}
RESULT: {}
RESULT: {"script":"<script> [776 bytes]","args":[{"enterText":"PickupContracth55i4","selector":{"id":"application-managecontracts-display-component---AddNewContract--projectDescription","interaction":{"idSuffix":"inner"}},"clearTextFirst":true,"interactionType":"ENTER_TEXT"}]}
COMMAND: POST /session/004e8781a420927acb4284c1134f8905/element - {"using":"xpath","value":"//input[contains(@id ,\"application-managecontracts-display-component---AddNewContract--yardId-inner\")]"}
RESULT: {"using":"xpath","value":"//input[contains(@id ,\"application-managecontracts-display-component---AddNewContract--yardId-inner\")]"}
COMMAND: POST /session/004e8781a420927acb4284c1134f8905/element/f.B6308163BD667941B2C0E4D2A3AC438F.d.AAE2BDF2540E2CB09E5CEC3A1A237B3F.e.3954/value - {"text":"WebdriverYardnhqhyk"}
RESULT: {"text":"WebdriverYardnhqhyk"}
COMMAND: GET /session/004e8781a420927acb4284c1134f8905/screenshot - {}
RESULT: {}
COMMAND: POST /session/004e8781a420927acb4284c1134f8905/actions - {"actions":[{"id":"action31","type":"key","parameters":{},"actions":[{"type":"keyDown","value":"î€‡"},{"type":"pause","duration":10},{"type":"keyUp","value":"î€‡"}]}]}
RESULT: {"actions":[{"id":"action31","type":"key","parameters":{},"actions":[{"type":"keyDown","value":"î€‡"},{"type":"pause","duration":10},{"type":"keyUp","value":"î€‡"}]}]}
COMMAND: GET /session/004e8781a420927acb4284c1134f8905/screenshot - {}
RESULT: {}
COMMAND: POST /session/004e8781a420927acb4284c1134f8905/element - {"using":"xpath","value":"//input[contains(@id ,\"application-managecontracts-display-component---AddNewContract--customerSelect-inner\")]"}
RESULT: {"using":"xpath","value":"//input[contains(@id ,\"application-managecontracts-display-component---AddNewContract--customerSelect-inner\")]"}
COMMAND: POST /session/004e8781a420927acb4284c1134f8905/element/f.B6308163BD667941B2C0E4D2A3AC438F.d.AAE2BDF2540E2CB09E5CEC3A1A237B3F.e.3952/value - {"text":"WebdriverPartnere8pc8"}
RESULT: {"text":"WebdriverPartnere8pc8"}
COMMAND: GET /session/004e8781a420927acb4284c1134f8905/screenshot - {}
RESULT: {}
COMMAND: POST /session/004e8781a420927acb4284c1134f8905/actions - {"actions":[{"id":"action32","type":"key","parameters":{},"actions":[{"type":"keyDown","value":"î€‡"},{"type":"pause","duration":10},{"type":"keyUp","value":"î€‡"}]}]}
RESULT: {"actions":[{"id":"action32","type":"key","parameters":{},"actions":[{"type":"keyDown","value":"î€‡"},{"type":"pause","duration":10},{"type":"keyUp","value":"î€‡"}]}]}
COMMAND: GET /session/004e8781a420927acb4284c1134f8905/screenshot - {}
RESULT: {}
COMMAND: POST /session/004e8781a420927acb4284c1134f8905/element - {"using":"xpath","value":"//input[contains(@id ,\"application-managecontracts-display-component---AddNewContract--site-inner\")]"}
RESULT: {"using":"xpath","value":"//input[contains(@id ,\"application-managecontracts-display-component---AddNewContract--site-inner\")]"}
COMMAND: POST /session/004e8781a420927acb4284c1134f8905/element/f.B6308163BD667941B2C0E4D2A3AC438F.d.AAE2BDF2540E2CB09E5CEC3A1A237B3F.e.3953/value - {"text":"WebdriverSite2h8xt"}
RESULT: {"text":"WebdriverSite2h8xt"}
COMMAND: GET /session/004e8781a420927acb4284c1134f8905/screenshot - {}
RESULT: {}
COMMAND: POST /session/004e8781a420927acb4284c1134f8905/actions - {"actions":[{"id":"action33","type":"key","parameters":{},"actions":[{"type":"keyDown","value":"î€‡"},{"type":"pause","duration":10},{"type":"keyUp","value":"î€‡"}]}]}
RESULT: {"actions":[{"id":"action33","type":"key","parameters":{},"actions":[{"type":"keyDown","value":"î€‡"},{"type":"pause","duration":10},{"type":"keyUp","value":"î€‡"}]}]}
COMMAND: GET /session/004e8781a420927acb4284c1134f8905/screenshot - {}
COMMAND: POST /session/004e8781a420927acb4284c1134f8905/execute/async - {"script":"<script> [1562 bytes]","args":[{"selector":{"id":"application-managecontracts-display-component---AddNewContract--saveBtn","interaction":{"idSuffix":"BDI-content"}},"wdio_ui5_key":"applicationmanagecontracts-display-component---AddNewContract--saveBtn"}]}
RESULT: {}
RESULT: {"script":"<script> [1562 bytes]","args":[{"selector":{"id":"application-managecontracts-display-component---AddNewContract--saveBtn","interaction":{"idSuffix":"BDI-content"}},"wdio_ui5_key":"applicationmanagecontracts-display-component---AddNewContract--saveBtn"}]}
RESULT: undefined
COMMAND: POST /session/004e8781a420927acb4284c1134f8905/element - {"using":"xpath","value":"//*[@id=\"application-managecontracts-display-component---AddNewContract--saveBtn\"]"}
RESULT: {"using":"xpath","value":"//*[@id=\"application-managecontracts-display-component---AddNewContract--saveBtn\"]"}
COMMAND: POST /session/004e8781a420927acb4284c1134f8905/element/f.B6308163BD667941B2C0E4D2A3AC438F.d.AAE2BDF2540E2CB09E5CEC3A1A237B3F.e.3967/click - {}
RESULT: {}
COMMAND: GET /session/004e8781a420927acb4284c1134f8905/screenshot - {}
RESULT: {}
COMMAND: POST /session/004e8781a420927acb4284c1134f8905/element - {"using":"xpath","value":"//span[contains(@id ,\"contractDetailTitleNoExpanded\")]"}
RESULT: {"using":"xpath","value":"//span[contains(@id ,\"contractDetailTitleNoExpanded\")]"}
COMMAND: GET /session/004e8781a420927acb4284c1134f8905/element/f.B6308163BD667941B2C0E4D2A3AC438F.d.AAE2BDF2540E2CB09E5CEC3A1A237B3F.e.4051/text - {}
RESULT: {}
COMMAND: POST /session/004e8781a420927acb4284c1134f8905/element - {"using":"css selector","value":"#shell-header-logo"}
RESULT: {"using":"css selector","value":"#shell-header-logo"}
COMMAND: POST /session/004e8781a420927acb4284c1134f8905/element/f.B6308163BD667941B2C0E4D2A3AC438F.d.AAE2BDF2540E2CB09E5CEC3A1A237B3F.e.3618/click - {}
RESULT: {}
COMMAND: GET /session/004e8781a420927acb4284c1134f8905/screenshot - {}
RESULT: {}
]]></system-out>
    </testcase>
    <testcase classname="chrome.136_0_7103_49.windows.Manage_request_+_Contract_processing_pick_up_option_US120163_" name="Should create a new material" time="141.402">
      <system-out><![CDATA[
COMMAND: POST /session/004e8781a420927acb4284c1134f8905/execute/async - {"script":"<script> [1562 bytes]","args":[{"selector":{"controlType":"sap.m.GenericTile","properties":{"header":"Manage Resources"}},"wdio_ui5_key":"sapm.GenericTile{\"header\":\"Manage Resources\"}"}]}
RESULT: {"script":"<script> [1562 bytes]","args":[{"selector":{"controlType":"sap.m.GenericTile","properties":{"header":"Manage Resources"}},"wdio_ui5_key":"sapm.GenericTile{\"header\":\"Manage Resources\"}"}]}
RESULT: undefined
COMMAND: POST /session/004e8781a420927acb4284c1134f8905/element - {"using":"xpath","value":"//*[@id=\"__tile39\"]"}
RESULT: {"using":"xpath","value":"//*[@id=\"__tile39\"]"}
COMMAND: POST /session/004e8781a420927acb4284c1134f8905/element/f.B6308163BD667941B2C0E4D2A3AC438F.d.AAE2BDF2540E2CB09E5CEC3A1A237B3F.e.4053/click - {}
RESULT: {}
COMMAND: GET /session/004e8781a420927acb4284c1134f8905/screenshot - {}
RESULT: {}
COMMAND: POST /session/004e8781a420927acb4284c1134f8905/element - {"using":"xpath","value":"//button[@data-kt=\"addNewRUOverflowToolbarButton\"]"}
RESULT: {"using":"xpath","value":"//button[@data-kt=\"addNewRUOverflowToolbarButton\"]"}
COMMAND: POST /session/004e8781a420927acb4284c1134f8905/element - {"using":"xpath","value":"//button[@data-kt=\"addNewRUOverflowToolbarButton\"]"}
RESULT: {"using":"xpath","value":"//button[@data-kt=\"addNewRUOverflowToolbarButton\"]"}
COMMAND: POST /session/004e8781a420927acb4284c1134f8905/element - {"using":"xpath","value":"//button[@data-kt=\"addNewRUOverflowToolbarButton\"]"}
RESULT: {"using":"xpath","value":"//button[@data-kt=\"addNewRUOverflowToolbarButton\"]"}
COMMAND: POST /session/004e8781a420927acb4284c1134f8905/execute/sync - {"script":"<script> [8489 bytes]","args":[{"element-6066-11e4-a52e-4f735466cecf":"f.B6308163BD667941B2C0E4D2A3AC438F.d.AAE2BDF2540E2CB09E5CEC3A1A237B3F.e.4083","ELEMENT":"f.B6308163BD667941B2C0E4D2A3AC438F.d.AAE2BDF2540E2CB09E5CEC3A1A237B3F.e.4083"}]}
RESULT: {"script":"<script> [8489 bytes]","args":[{"element-6066-11e4-a52e-4f735466cecf":"f.B6308163BD667941B2C0E4D2A3AC438F.d.AAE2BDF2540E2CB09E5CEC3A1A237B3F.e.4083","ELEMENT":"f.B6308163BD667941B2C0E4D2A3AC438F.d.AAE2BDF2540E2CB09E5CEC3A1A237B3F.e.4083"}]}
COMMAND: POST /session/004e8781a420927acb4284c1134f8905/element/f.B6308163BD667941B2C0E4D2A3AC438F.d.AAE2BDF2540E2CB09E5CEC3A1A237B3F.e.4083/click - {}
COMMAND: GET /session/004e8781a420927acb4284c1134f8905/screenshot - {}
RESULT: {}
COMMAND: POST /session/004e8781a420927acb4284c1134f8905/execute/async - {"script":"<script> [1562 bytes]","args":[{"selector":{"id":"application-manageresources-display-component---newResourceUnit--TYPE-arrow"},"wdio_ui5_key":"applicationmanageresources-display-component---newResourceUnit--TYPE-arrow"}]}
COMMAND: GET /session/004e8781a420927acb4284c1134f8905/screenshot - {}
RESULT: {}
RESULT: {"script":"<script> [1562 bytes]","args":[{"selector":{"id":"application-manageresources-display-component---newResourceUnit--TYPE-arrow"},"wdio_ui5_key":"applicationmanageresources-display-component---newResourceUnit--TYPE-arrow"}]}
RESULT: undefined
COMMAND: POST /session/004e8781a420927acb4284c1134f8905/element - {"using":"xpath","value":"//*[@id=\"application-manageresources-display-component---newResourceUnit--TYPE-arrow\"]"}
RESULT: {}
RESULT: {"using":"xpath","value":"//*[@id=\"application-manageresources-display-component---newResourceUnit--TYPE-arrow\"]"}
COMMAND: POST /session/004e8781a420927acb4284c1134f8905/element/f.B6308163BD667941B2C0E4D2A3AC438F.d.AAE2BDF2540E2CB09E5CEC3A1A237B3F.e.4253/click - {}
RESULT: {}
COMMAND: POST /session/004e8781a420927acb4284c1134f8905/execute/async - {"script":"<script> [1562 bytes]","args":[{"selector":{"controlType":"sap.m.StandardListItem","viewName":"reusables.view.manageresources.NewResourceUnit","viewId":"application-manageresources-display-component---newResourceUnit","properties":{"title":"Material"},"searchOpenDialogs":true,"interaction":{"idSuffix":"titleText"}},"wdio_ui5_key":"reusablesview.manageresources.NewResourceUnitsap.m.StandardListItem{\"title\":\"Material\"}"}]}
COMMAND: GET /session/004e8781a420927acb4284c1134f8905/screenshot - {}
RESULT: {"script":"<script> [1562 bytes]","args":[{"selector":{"controlType":"sap.m.StandardListItem","viewName":"reusables.view.manageresources.NewResourceUnit","viewId":"application-manageresources-display-component---newResourceUnit","properties":{"title":"Material"},"searchOpenDialogs":true,"interaction":{"idSuffix":"titleText"}},"wdio_ui5_key":"reusablesview.manageresources.NewResourceUnitsap.m.StandardListItem{\"title\":\"Material\"}"}]}
RESULT: undefined
COMMAND: POST /session/004e8781a420927acb4284c1134f8905/element - {"using":"xpath","value":"//*[@id=\"__item5299\"]"}
RESULT: {}
RESULT: {"using":"xpath","value":"//*[@id=\"__item5299\"]"}
COMMAND: POST /session/004e8781a420927acb4284c1134f8905/element/f.B6308163BD667941B2C0E4D2A3AC438F.d.AAE2BDF2540E2CB09E5CEC3A1A237B3F.e.4256/click - {}
RESULT: {}
COMMAND: POST /session/004e8781a420927acb4284c1134f8905/execute/async - {"script":"<script> [1562 bytes]","args":[{"selector":{"id":"application-manageresources-display-component---newResourceUnit--SHORT_TEXT","interaction":{"idSuffix":"inner"}},"wdio_ui5_key":"applicationmanageresources-display-component---newResourceUnit--SHORT_TEXT"}]}
COMMAND: GET /session/004e8781a420927acb4284c1134f8905/screenshot - {}
RESULT: {"script":"<script> [1562 bytes]","args":[{"selector":{"id":"application-manageresources-display-component---newResourceUnit--SHORT_TEXT","interaction":{"idSuffix":"inner"}},"wdio_ui5_key":"applicationmanageresources-display-component---newResourceUnit--SHORT_TEXT"}]}
RESULT: undefined
COMMAND: POST /session/004e8781a420927acb4284c1134f8905/execute/async - {"script":"<script> [776 bytes]","args":[{"enterText":"WebdriverRUR2Ctpkdqg","selector":{"id":"application-manageresources-display-component---newResourceUnit--SHORT_TEXT","interaction":{"idSuffix":"inner"}},"clearTextFirst":true,"interactionType":"ENTER_TEXT"}]}
RESULT: {}
RESULT: {"script":"<script> [776 bytes]","args":[{"enterText":"WebdriverRUR2Ctpkdqg","selector":{"id":"application-manageresources-display-component---newResourceUnit--SHORT_TEXT","interaction":{"idSuffix":"inner"}},"clearTextFirst":true,"interactionType":"ENTER_TEXT"}]}
COMMAND: POST /session/004e8781a420927acb4284c1134f8905/execute/async - {"script":"<script> [1562 bytes]","args":[{"selector":{"id":"application-manageresources-display-component---newResourceUnit--BASE_UNIT_OF_MEASURE-arrow"},"wdio_ui5_key":"applicationmanageresources-display-component---newResourceUnit--BASE_UNIT_OF_MEASURE-arrow"}]}
RESULT: {"script":"<script> [1562 bytes]","args":[{"selector":{"id":"application-manageresources-display-component---newResourceUnit--BASE_UNIT_OF_MEASURE-arrow"},"wdio_ui5_key":"applicationmanageresources-display-component---newResourceUnit--BASE_UNIT_OF_MEASURE-arrow"}]}
RESULT: undefined
COMMAND: POST /session/004e8781a420927acb4284c1134f8905/element - {"using":"xpath","value":"//*[@id=\"application-manageresources-display-component---newResourceUnit--BASE_UNIT_OF_MEASURE-arrow\"]"}
RESULT: {"using":"xpath","value":"//*[@id=\"application-manageresources-display-component---newResourceUnit--BASE_UNIT_OF_MEASURE-arrow\"]"}
COMMAND: POST /session/004e8781a420927acb4284c1134f8905/element/f.B6308163BD667941B2C0E4D2A3AC438F.d.AAE2BDF2540E2CB09E5CEC3A1A237B3F.e.4312/click - {}
RESULT: {}
COMMAND: POST /session/004e8781a420927acb4284c1134f8905/execute/async - {"script":"<script> [1562 bytes]","args":[{"selector":{"controlType":"sap.m.StandardListItem","viewName":"reusables.view.manageresources.NewResourceUnit","viewId":"application-manageresources-display-component---newResourceUnit","properties":{"title":"Piece"},"searchOpenDialogs":true,"interaction":{"idSuffix":"titleText"}},"wdio_ui5_key":"reusablesview.manageresources.NewResourceUnitsap.m.StandardListItem{\"title\":\"Piece\"}"}]}
COMMAND: GET /session/004e8781a420927acb4284c1134f8905/screenshot - {}
RESULT: {"script":"<script> [1562 bytes]","args":[{"selector":{"controlType":"sap.m.StandardListItem","viewName":"reusables.view.manageresources.NewResourceUnit","viewId":"application-manageresources-display-component---newResourceUnit","properties":{"title":"Piece"},"searchOpenDialogs":true,"interaction":{"idSuffix":"titleText"}},"wdio_ui5_key":"reusablesview.manageresources.NewResourceUnitsap.m.StandardListItem{\"title\":\"Piece\"}"}]}
RESULT: undefined
COMMAND: POST /session/004e8781a420927acb4284c1134f8905/element - {"using":"xpath","value":"//*[@id=\"__item5343\"]"}
RESULT: {}
RESULT: {"using":"xpath","value":"//*[@id=\"__item5343\"]"}
COMMAND: POST /session/004e8781a420927acb4284c1134f8905/element/f.B6308163BD667941B2C0E4D2A3AC438F.d.AAE2BDF2540E2CB09E5CEC3A1A237B3F.e.4314/click - {}
RESULT: {}
COMMAND: POST /session/004e8781a420927acb4284c1134f8905/element - {"using":"xpath","value":"//input[contains(@id ,\"application-manageresources-display-component---newResourceUnit--SHORT_TEXT-inner\")]"}
COMMAND: GET /session/004e8781a420927acb4284c1134f8905/screenshot - {}
RESULT: {"using":"xpath","value":"//input[contains(@id ,\"application-manageresources-display-component---newResourceUnit--SHORT_TEXT-inner\")]"}
COMMAND: GET /session/004e8781a420927acb4284c1134f8905/element/f.B6308163BD667941B2C0E4D2A3AC438F.d.AAE2BDF2540E2CB09E5CEC3A1A237B3F.e.4273/property/value - {}
RESULT: {}
RESULT: {}
COMMAND: POST /session/004e8781a420927acb4284c1134f8905/execute/async - {"script":"<script> [1562 bytes]","args":[{"selector":{"id":"application-manageresources-display-component---newResourceUnit--WEIGHT_UNIT-arrow"},"wdio_ui5_key":"applicationmanageresources-display-component---newResourceUnit--WEIGHT_UNIT-arrow"}]}
COMMAND: GET /session/004e8781a420927acb4284c1134f8905/screenshot - {}
RESULT: {"script":"<script> [1562 bytes]","args":[{"selector":{"id":"application-manageresources-display-component---newResourceUnit--WEIGHT_UNIT-arrow"},"wdio_ui5_key":"applicationmanageresources-display-component---newResourceUnit--WEIGHT_UNIT-arrow"}]}
RESULT: undefined
COMMAND: POST /session/004e8781a420927acb4284c1134f8905/element - {"using":"xpath","value":"//*[@id=\"application-manageresources-display-component---newResourceUnit--WEIGHT_UNIT-arrow\"]"}
RESULT: {}
RESULT: {"using":"xpath","value":"//*[@id=\"application-manageresources-display-component---newResourceUnit--WEIGHT_UNIT-arrow\"]"}
COMMAND: POST /session/004e8781a420927acb4284c1134f8905/element/f.B6308163BD667941B2C0E4D2A3AC438F.d.AAE2BDF2540E2CB09E5CEC3A1A237B3F.e.4315/click - {}
RESULT: {}
COMMAND: POST /session/004e8781a420927acb4284c1134f8905/execute/async - {"script":"<script> [1562 bytes]","args":[{"selector":{"controlType":"sap.m.StandardListItem","viewName":"reusables.view.manageresources.NewResourceUnit","viewId":"application-manageresources-display-component---newResourceUnit","properties":{"title":"Gram"},"searchOpenDialogs":true,"interaction":{"idSuffix":"content"}},"wdio_ui5_key":"reusablesview.manageresources.NewResourceUnitsap.m.StandardListItem{\"title\":\"Gram\"}"}]}
COMMAND: GET /session/004e8781a420927acb4284c1134f8905/screenshot - {}
RESULT: {"script":"<script> [1562 bytes]","args":[{"selector":{"controlType":"sap.m.StandardListItem","viewName":"reusables.view.manageresources.NewResourceUnit","viewId":"application-manageresources-display-component---newResourceUnit","properties":{"title":"Gram"},"searchOpenDialogs":true,"interaction":{"idSuffix":"content"}},"wdio_ui5_key":"reusablesview.manageresources.NewResourceUnitsap.m.StandardListItem{\"title\":\"Gram\"}"}]}
RESULT: undefined
COMMAND: POST /session/004e8781a420927acb4284c1134f8905/element - {"using":"xpath","value":"//*[@id=\"__item5408\"]"}
RESULT: {}
RESULT: {"using":"xpath","value":"//*[@id=\"__item5408\"]"}
COMMAND: POST /session/004e8781a420927acb4284c1134f8905/element/f.B6308163BD667941B2C0E4D2A3AC438F.d.AAE2BDF2540E2CB09E5CEC3A1A237B3F.e.4317/click - {}
RESULT: {}
COMMAND: POST /session/004e8781a420927acb4284c1134f8905/execute/async - {"script":"<script> [1562 bytes]","args":[{"selector":{"id":"application-manageresources-display-component---newResourceUnit--newRRUPage-OPHeaderContent-collapseBtn-img"},"wdio_ui5_key":"applicationmanageresources-display-component---newResourceUnit--newRRUPage-OPHeaderContent-collapseBtn-img"}]}
COMMAND: GET /session/004e8781a420927acb4284c1134f8905/screenshot - {}
RESULT: {"script":"<script> [1562 bytes]","args":[{"selector":{"id":"application-manageresources-display-component---newResourceUnit--newRRUPage-OPHeaderContent-collapseBtn-img"},"wdio_ui5_key":"applicationmanageresources-display-component---newResourceUnit--newRRUPage-OPHeaderContent-collapseBtn-img"}]}
RESULT: undefined
COMMAND: POST /session/004e8781a420927acb4284c1134f8905/element - {"using":"xpath","value":"//*[@id=\"application-manageresources-display-component---newResourceUnit--newRRUPage-OPHeaderContent-collapseBtn-img\"]"}
RESULT: {}
RESULT: {"using":"xpath","value":"//*[@id=\"application-manageresources-display-component---newResourceUnit--newRRUPage-OPHeaderContent-collapseBtn-img\"]"}
COMMAND: POST /session/004e8781a420927acb4284c1134f8905/element/f.B6308163BD667941B2C0E4D2A3AC438F.d.AAE2BDF2540E2CB09E5CEC3A1A237B3F.e.4263/click - {}
RESULT: {}
COMMAND: GET /session/004e8781a420927acb4284c1134f8905/screenshot - {}
RESULT: {}
COMMAND: POST /session/004e8781a420927acb4284c1134f8905/element - {"using":"xpath","value":"(//span[contains(@id ,\"application-manageresources-display-component---newResourceUnit--DIMENSION_UNIT-arrow\")])[1]"}
RESULT: {"using":"xpath","value":"(//span[contains(@id ,\"application-manageresources-display-component---newResourceUnit--DIMENSION_UNIT-arrow\")])[1]"}
COMMAND: POST /session/004e8781a420927acb4284c1134f8905/element/f.B6308163BD667941B2C0E4D2A3AC438F.d.AAE2BDF2540E2CB09E5CEC3A1A237B3F.e.4321/click - {}
RESULT: {}
COMMAND: GET /session/004e8781a420927acb4284c1134f8905/screenshot - {}
RESULT: {}
COMMAND: POST /session/004e8781a420927acb4284c1134f8905/execute/async - {"script":"<script> [1562 bytes]","args":[{"selector":{"controlType":"sap.m.StandardListItem","viewName":"reusables.view.manageresources.NewResourceUnit","viewId":"application-manageresources-display-component---newResourceUnit","properties":{"title":"Centimeter"},"searchOpenDialogs":true,"interaction":{"idSuffix":"titleText"}},"wdio_ui5_key":"reusablesview.manageresources.NewResourceUnitsap.m.StandardListItem{\"title\":\"Centimeter\"}"}]}
RESULT: {"script":"<script> [1562 bytes]","args":[{"selector":{"controlType":"sap.m.StandardListItem","viewName":"reusables.view.manageresources.NewResourceUnit","viewId":"application-manageresources-display-component---newResourceUnit","properties":{"title":"Centimeter"},"searchOpenDialogs":true,"interaction":{"idSuffix":"titleText"}},"wdio_ui5_key":"reusablesview.manageresources.NewResourceUnitsap.m.StandardListItem{\"title\":\"Centimeter\"}"}]}
RESULT: undefined
COMMAND: POST /session/004e8781a420927acb4284c1134f8905/element - {"using":"xpath","value":"//*[@id=\"__item5411\"]"}
RESULT: {"using":"xpath","value":"//*[@id=\"__item5411\"]"}
COMMAND: POST /session/004e8781a420927acb4284c1134f8905/element/f.B6308163BD667941B2C0E4D2A3AC438F.d.AAE2BDF2540E2CB09E5CEC3A1A237B3F.e.4325/click - {}
RESULT: {}
COMMAND: POST /session/004e8781a420927acb4284c1134f8905/execute/async - {"script":"<script> [1562 bytes]","args":[{"selector":{"id":"application-manageresources-display-component---newResourceUnit--newRRUPage-anchBar-application-manageresources-display-component---newResourceUnit--reference-anchor","interaction":{"idSuffix":"BDI-content"}},"wdio_ui5_key":"applicationmanageresources-display-component---newResourceUnit--newRRUPage-anchBar-application-manageresources-display-component---newResourceUnit--reference-anchor"}]}
COMMAND: GET /session/004e8781a420927acb4284c1134f8905/screenshot - {}
RESULT: {"script":"<script> [1562 bytes]","args":[{"selector":{"id":"application-manageresources-display-component---newResourceUnit--newRRUPage-anchBar-application-manageresources-display-component---newResourceUnit--reference-anchor","interaction":{"idSuffix":"BDI-content"}},"wdio_ui5_key":"applicationmanageresources-display-component---newResourceUnit--newRRUPage-anchBar-application-manageresources-display-component---newResourceUnit--reference-anchor"}]}
RESULT: undefined
COMMAND: POST /session/004e8781a420927acb4284c1134f8905/element - {"using":"xpath","value":"//*[@id=\"application-manageresources-display-component---newResourceUnit--newRRUPage-anchBar-application-manageresources-display-component---newResourceUnit--reference-anchor\"]"}
RESULT: {}
RESULT: {"using":"xpath","value":"//*[@id=\"application-manageresources-display-component---newResourceUnit--newRRUPage-anchBar-application-manageresources-display-component---newResourceUnit--reference-anchor\"]"}
COMMAND: POST /session/004e8781a420927acb4284c1134f8905/element/f.B6308163BD667941B2C0E4D2A3AC438F.d.AAE2BDF2540E2CB09E5CEC3A1A237B3F.e.4327/click - {}
RESULT: {}
COMMAND: POST /session/004e8781a420927acb4284c1134f8905/execute/async - {"script":"<script> [1562 bytes]","args":[{"selector":{"id":"application-manageresources-display-component---newResourceUnit--PLANNING_GROUP-arrow"},"wdio_ui5_key":"applicationmanageresources-display-component---newResourceUnit--PLANNING_GROUP-arrow"}]}
COMMAND: GET /session/004e8781a420927acb4284c1134f8905/screenshot - {}
RESULT: {"script":"<script> [1562 bytes]","args":[{"selector":{"id":"application-manageresources-display-component---newResourceUnit--PLANNING_GROUP-arrow"},"wdio_ui5_key":"applicationmanageresources-display-component---newResourceUnit--PLANNING_GROUP-arrow"}]}
RESULT: undefined
COMMAND: POST /session/004e8781a420927acb4284c1134f8905/element - {"using":"xpath","value":"//*[@id=\"application-manageresources-display-component---newResourceUnit--PLANNING_GROUP-arrow\"]"}
RESULT: {}
RESULT: {"using":"xpath","value":"//*[@id=\"application-manageresources-display-component---newResourceUnit--PLANNING_GROUP-arrow\"]"}
COMMAND: POST /session/004e8781a420927acb4284c1134f8905/element/f.B6308163BD667941B2C0E4D2A3AC438F.d.AAE2BDF2540E2CB09E5CEC3A1A237B3F.e.4331/click - {}
RESULT: {}
COMMAND: POST /session/004e8781a420927acb4284c1134f8905/execute/async - {"script":"<script> [1562 bytes]","args":[{"selector":{"controlType":"sap.m.StandardListItem","viewName":"reusables.view.manageresources.NewResourceUnit","viewId":"application-manageresources-display-component---newResourceUnit","properties":{"title":"Heavy Equi"},"searchOpenDialogs":true,"interaction":{"idSuffix":"content"}},"wdio_ui5_key":"reusablesview.manageresources.NewResourceUnitsap.m.StandardListItem{\"title\":\"Heavy Equi\"}"}]}
COMMAND: GET /session/004e8781a420927acb4284c1134f8905/screenshot - {}
RESULT: {"script":"<script> [1562 bytes]","args":[{"selector":{"controlType":"sap.m.StandardListItem","viewName":"reusables.view.manageresources.NewResourceUnit","viewId":"application-manageresources-display-component---newResourceUnit","properties":{"title":"Heavy Equi"},"searchOpenDialogs":true,"interaction":{"idSuffix":"content"}},"wdio_ui5_key":"reusablesview.manageresources.NewResourceUnitsap.m.StandardListItem{\"title\":\"Heavy Equi\"}"}]}
RESULT: undefined
COMMAND: POST /session/004e8781a420927acb4284c1134f8905/element - {"using":"xpath","value":"//*[@id=\"__item5419\"]"}
RESULT: {}
RESULT: {"using":"xpath","value":"//*[@id=\"__item5419\"]"}
COMMAND: POST /session/004e8781a420927acb4284c1134f8905/element/f.B6308163BD667941B2C0E4D2A3AC438F.d.AAE2BDF2540E2CB09E5CEC3A1A237B3F.e.4335/click - {}
RESULT: {}
COMMAND: GET /session/004e8781a420927acb4284c1134f8905/screenshot - {}
RESULT: {}
COMMAND: POST /session/004e8781a420927acb4284c1134f8905/execute/async - {"script":"<script> [1562 bytes]","args":[{"selector":{"id":"application-manageresources-display-component---newResourceUnit--PLANNING_INDICATOR-arrow"},"wdio_ui5_key":"applicationmanageresources-display-component---newResourceUnit--PLANNING_INDICATOR-arrow"}]}
RESULT: {"script":"<script> [1562 bytes]","args":[{"selector":{"id":"application-manageresources-display-component---newResourceUnit--PLANNING_INDICATOR-arrow"},"wdio_ui5_key":"applicationmanageresources-display-component---newResourceUnit--PLANNING_INDICATOR-arrow"}]}
RESULT: undefined
COMMAND: POST /session/004e8781a420927acb4284c1134f8905/element - {"using":"xpath","value":"//*[@id=\"application-manageresources-display-component---newResourceUnit--PLANNING_INDICATOR-arrow\"]"}
RESULT: {"using":"xpath","value":"//*[@id=\"application-manageresources-display-component---newResourceUnit--PLANNING_INDICATOR-arrow\"]"}
COMMAND: POST /session/004e8781a420927acb4284c1134f8905/element/f.B6308163BD667941B2C0E4D2A3AC438F.d.AAE2BDF2540E2CB09E5CEC3A1A237B3F.e.4336/click - {}
RESULT: {}
COMMAND: POST /session/004e8781a420927acb4284c1134f8905/execute/async - {"script":"<script> [1562 bytes]","args":[{"selector":{"controlType":"sap.m.StandardListItem","viewName":"reusables.view.manageresources.NewResourceUnit","viewId":"application-manageresources-display-component---newResourceUnit","properties":{"title":"10 - infinite"},"searchOpenDialogs":true,"interaction":{"idSuffix":"content"}},"wdio_ui5_key":"reusablesview.manageresources.NewResourceUnitsap.m.StandardListItem{\"title\":\"10 - infinite\"}"}]}
COMMAND: GET /session/004e8781a420927acb4284c1134f8905/screenshot - {}
RESULT: {"script":"<script> [1562 bytes]","args":[{"selector":{"controlType":"sap.m.StandardListItem","viewName":"reusables.view.manageresources.NewResourceUnit","viewId":"application-manageresources-display-component---newResourceUnit","properties":{"title":"10 - infinite"},"searchOpenDialogs":true,"interaction":{"idSuffix":"content"}},"wdio_ui5_key":"reusablesview.manageresources.NewResourceUnitsap.m.StandardListItem{\"title\":\"10 - infinite\"}"}]}
RESULT: undefined
COMMAND: POST /session/004e8781a420927acb4284c1134f8905/element - {"using":"xpath","value":"//*[@id=\"__item5429\"]"}
RESULT: {}
RESULT: {"using":"xpath","value":"//*[@id=\"__item5429\"]"}
COMMAND: POST /session/004e8781a420927acb4284c1134f8905/element/f.B6308163BD667941B2C0E4D2A3AC438F.d.AAE2BDF2540E2CB09E5CEC3A1A237B3F.e.4338/click - {}
RESULT: {}
COMMAND: GET /session/004e8781a420927acb4284c1134f8905/screenshot - {}
RESULT: {}
COMMAND: POST /session/004e8781a420927acb4284c1134f8905/element - {"using":"xpath","value":"//bdi[contains(text(), \"Time Segment\")]"}
RESULT: {"using":"xpath","value":"//bdi[contains(text(), \"Time Segment\")]"}
COMMAND: GET /session/004e8781a420927acb4284c1134f8905/element/f.B6308163BD667941B2C0E4D2A3AC438F.d.AAE2BDF2540E2CB09E5CEC3A1A237B3F.e.4339/rect - {}
RESULT: {}
COMMAND: GET /session/004e8781a420927acb4284c1134f8905/window/rect - {}
RESULT: {}
COMMAND: POST /session/004e8781a420927acb4284c1134f8905/execute/sync - {"script":"<script> [92 bytes]","args":[]}
RESULT: {"script":"<script> [92 bytes]","args":[]}
COMMAND: POST /session/004e8781a420927acb4284c1134f8905/actions - {"actions":[{"id":"action34","type":"wheel","parameters":{},"actions":[{"type":"scroll","x":-1820,"y":-21,"deltaX":0,"deltaY":0,"duration":0,"origin":{"element-6066-11e4-a52e-4f735466cecf":"f.B6308163BD667941B2C0E4D2A3AC438F.d.AAE2BDF2540E2CB09E5CEC3A1A237B3F.e.4339"}}]}]}
COMMAND: GET /session/004e8781a420927acb4284c1134f8905/screenshot - {}
RESULT: {}
COMMAND: POST /session/004e8781a420927acb4284c1134f8905/execute/sync - {"script":"<script> [79 bytes]","args":[{"element-6066-11e4-a52e-4f735466cecf":"f.B6308163BD667941B2C0E4D2A3AC438F.d.AAE2BDF2540E2CB09E5CEC3A1A237B3F.e.4339","ELEMENT":"f.B6308163BD667941B2C0E4D2A3AC438F.d.AAE2BDF2540E2CB09E5CEC3A1A237B3F.e.4339"},{"block":"start","inline":"nearest"}]}
RESULT: {"script":"<script> [79 bytes]","args":[{"element-6066-11e4-a52e-4f735466cecf":"f.B6308163BD667941B2C0E4D2A3AC438F.d.AAE2BDF2540E2CB09E5CEC3A1A237B3F.e.4339","ELEMENT":"f.B6308163BD667941B2C0E4D2A3AC438F.d.AAE2BDF2540E2CB09E5CEC3A1A237B3F.e.4339"},{"block":"start","inline":"nearest"}]}
COMMAND: GET /session/004e8781a420927acb4284c1134f8905/screenshot - {}
RESULT: {}
COMMAND: POST /session/004e8781a420927acb4284c1134f8905/element - {"using":"xpath","value":"//span[@id=\"application-manageresources-display-component---newResourceUnit--btnAddTimeSegment-img\"]"}
RESULT: {"using":"xpath","value":"//span[@id=\"application-manageresources-display-component---newResourceUnit--btnAddTimeSegment-img\"]"}
COMMAND: POST /session/004e8781a420927acb4284c1134f8905/execute/sync - {"script":"<script> [8489 bytes]","args":[{"element-6066-11e4-a52e-4f735466cecf":"f.B6308163BD667941B2C0E4D2A3AC438F.d.AAE2BDF2540E2CB09E5CEC3A1A237B3F.e.4342","ELEMENT":"f.B6308163BD667941B2C0E4D2A3AC438F.d.AAE2BDF2540E2CB09E5CEC3A1A237B3F.e.4342"}]}
RESULT: {"script":"<script> [8489 bytes]","args":[{"element-6066-11e4-a52e-4f735466cecf":"f.B6308163BD667941B2C0E4D2A3AC438F.d.AAE2BDF2540E2CB09E5CEC3A1A237B3F.e.4342","ELEMENT":"f.B6308163BD667941B2C0E4D2A3AC438F.d.AAE2BDF2540E2CB09E5CEC3A1A237B3F.e.4342"}]}
COMMAND: POST /session/004e8781a420927acb4284c1134f8905/element/f.B6308163BD667941B2C0E4D2A3AC438F.d.AAE2BDF2540E2CB09E5CEC3A1A237B3F.e.4342/click - {}
COMMAND: GET /session/004e8781a420927acb4284c1134f8905/screenshot - {}
RESULT: {}
COMMAND: GET /session/004e8781a420927acb4284c1134f8905/screenshot - {}
COMMAND: POST /session/004e8781a420927acb4284c1134f8905/element - {"using":"xpath","value":"//input[@id=\"application-manageresources-display-component---newResourceUnit--idRuTSAdmin-application-manageresources-display-component---newResourceUnit--RUTimeSegment-0-inner\"]"}
RESULT: {}
RESULT: {}
RESULT: {"using":"xpath","value":"//input[@id=\"application-manageresources-display-component---newResourceUnit--idRuTSAdmin-application-manageresources-display-component---newResourceUnit--RUTimeSegment-0-inner\"]"}
COMMAND: POST /session/004e8781a420927acb4284c1134f8905/element/f.B6308163BD667941B2C0E4D2A3AC438F.d.AAE2BDF2540E2CB09E5CEC3A1A237B3F.e.4345/clear - {}
RESULT: {}
COMMAND: POST /session/004e8781a420927acb4284c1134f8905/element/f.B6308163BD667941B2C0E4D2A3AC438F.d.AAE2BDF2540E2CB09E5CEC3A1A237B3F.e.4345/value - {"text":"WebdriverYardnhqhyk"}
COMMAND: GET /session/004e8781a420927acb4284c1134f8905/screenshot - {}
RESULT: {"text":"WebdriverYardnhqhyk"}
COMMAND: GET /session/004e8781a420927acb4284c1134f8905/screenshot - {}
RESULT: {}
RESULT: {}
COMMAND: POST /session/004e8781a420927acb4284c1134f8905/actions - {"actions":[{"id":"action35","type":"key","parameters":{},"actions":[{"type":"keyDown","value":"î€‡"},{"type":"pause","duration":10},{"type":"keyUp","value":"î€‡"}]}]}
RESULT: {"actions":[{"id":"action35","type":"key","parameters":{},"actions":[{"type":"keyDown","value":"î€‡"},{"type":"pause","duration":10},{"type":"keyUp","value":"î€‡"}]}]}
COMMAND: GET /session/004e8781a420927acb4284c1134f8905/screenshot - {}
RESULT: {}
COMMAND: POST /session/004e8781a420927acb4284c1134f8905/execute/async - {"script":"<script> [1562 bytes]","args":[{"selector":{"controlType":"sap.m.Button","viewName":"reusables.view.manageresources.NewResourceUnit","viewId":"application-manageresources-display-component---newResourceUnit","i18NText":{"propertyName":"tooltip","key":"save"},"interaction":{"idSuffix":"BDI-content"}},"wdio_ui5_key":"reusablesview.manageresources.NewResourceUnitsap.m.Button{\"propertyName\":\"tooltip\",\"key\":\"save\"}"}]}
RESULT: {"script":"<script> [1562 bytes]","args":[{"selector":{"controlType":"sap.m.Button","viewName":"reusables.view.manageresources.NewResourceUnit","viewId":"application-manageresources-display-component---newResourceUnit","i18NText":{"propertyName":"tooltip","key":"save"},"interaction":{"idSuffix":"BDI-content"}},"wdio_ui5_key":"reusablesview.manageresources.NewResourceUnitsap.m.Button{\"propertyName\":\"tooltip\",\"key\":\"save\"}"}]}
RESULT: undefined
COMMAND: POST /session/004e8781a420927acb4284c1134f8905/element - {"using":"xpath","value":"//*[@id=\"application-manageresources-display-component---newResourceUnit--createRuButton\"]"}
RESULT: {"using":"xpath","value":"//*[@id=\"application-manageresources-display-component---newResourceUnit--createRuButton\"]"}
COMMAND: POST /session/004e8781a420927acb4284c1134f8905/element/f.B6308163BD667941B2C0E4D2A3AC438F.d.AAE2BDF2540E2CB09E5CEC3A1A237B3F.e.4269/click - {}
RESULT: {}
COMMAND: GET /session/004e8781a420927acb4284c1134f8905/screenshot - {}
RESULT: {}
COMMAND: POST /session/004e8781a420927acb4284c1134f8905/execute/async - {"script":"<script> [1562 bytes]","args":[{"selector":{"controlType":"sap.m.Title","properties":{"text":"Success"},"searchOpenDialogs":true},"wdio_ui5_key":"sapm.Title{\"text\":\"Success\"}"}]}
RESULT: {"script":"<script> [1562 bytes]","args":[{"selector":{"controlType":"sap.m.Title","properties":{"text":"Success"},"searchOpenDialogs":true},"wdio_ui5_key":"sapm.Title{\"text\":\"Success\"}"}]}
RESULT: undefined
COMMAND: POST /session/004e8781a420927acb4284c1134f8905/execute/async - {"script":"<script> [6424 bytes]","args":[{"element-6066-11e4-a52e-4f735466cecf":"f.B6308163BD667941B2C0E4D2A3AC438F.d.AAE2BDF2540E2CB09E5CEC3A1A237B3F.e.4360"},"getText",[]]}
RESULT: {"script":"<script> [6424 bytes]","args":[{"element-6066-11e4-a52e-4f735466cecf":"f.B6308163BD667941B2C0E4D2A3AC438F.d.AAE2BDF2540E2CB09E5CEC3A1A237B3F.e.4360"},"getText",[]]}
COMMAND: POST /session/004e8781a420927acb4284c1134f8905/element - {"using":"xpath","value":"//*[contains(@id, '__text') and (contains(text(), 'successfully created') or contains(., 'successfully created'))]"}
RESULT: {"using":"xpath","value":"//*[contains(@id, '__text') and (contains(text(), 'successfully created') or contains(., 'successfully created'))]"}
COMMAND: GET /session/004e8781a420927acb4284c1134f8905/element/f.B6308163BD667941B2C0E4D2A3AC438F.d.AAE2BDF2540E2CB09E5CEC3A1A237B3F.e.4358/text - {}
RESULT: {}
COMMAND: POST /session/004e8781a420927acb4284c1134f8905/execute/async - {"script":"<script> [1562 bytes]","args":[{"selector":{"controlType":"sap.m.Button","properties":{"text":"Close"},"searchOpenDialogs":true,"interaction":{"idSuffix":"BDI-content"}},"wdio_ui5_key":"sapm.Button{\"text\":\"Close\"}"}]}
RESULT: {"script":"<script> [1562 bytes]","args":[{"selector":{"controlType":"sap.m.Button","properties":{"text":"Close"},"searchOpenDialogs":true,"interaction":{"idSuffix":"BDI-content"}},"wdio_ui5_key":"sapm.Button{\"text\":\"Close\"}"}]}
RESULT: undefined
COMMAND: POST /session/004e8781a420927acb4284c1134f8905/element - {"using":"xpath","value":"//*[@id=\"__mbox-btn-1\"]"}
RESULT: {"using":"xpath","value":"//*[@id=\"__mbox-btn-1\"]"}
COMMAND: POST /session/004e8781a420927acb4284c1134f8905/element/f.B6308163BD667941B2C0E4D2A3AC438F.d.AAE2BDF2540E2CB09E5CEC3A1A237B3F.e.4357/click - {}
RESULT: {}
COMMAND: GET /session/004e8781a420927acb4284c1134f8905/screenshot - {}
RESULT: {}
COMMAND: POST /session/004e8781a420927acb4284c1134f8905/execute/async - {"script":"<script> [1562 bytes]","args":[{"selector":{"controlType":"sap.ui.core.Icon","viewName":"etm.portal.ui.manageresources.view.Detail","viewId":"application-manageresources-display-component---detailRU","properties":{"src":{"regex":{"source":"overflow"}}}},"wdio_ui5_key":"etmportal.ui.manageresources.view.Detailsap.ui.core.Icon{\"src\":{\"regex\":{\"source\":\"overflow\"}}}"}]}
RESULT: {"script":"<script> [1562 bytes]","args":[{"selector":{"controlType":"sap.ui.core.Icon","viewName":"etm.portal.ui.manageresources.view.Detail","viewId":"application-manageresources-display-component---detailRU","properties":{"src":{"regex":{"source":"overflow"}}}},"wdio_ui5_key":"etmportal.ui.manageresources.view.Detailsap.ui.core.Icon{\"src\":{\"regex\":{\"source\":\"overflow\"}}}"}]}
RESULT: undefined
COMMAND: POST /session/004e8781a420927acb4284c1134f8905/element - {"using":"xpath","value":"//*[@id=\"__title82-_actionsToolbar-overflowButton-img\"]"}
RESULT: {"using":"xpath","value":"//*[@id=\"__title82-_actionsToolbar-overflowButton-img\"]"}
COMMAND: POST /session/004e8781a420927acb4284c1134f8905/element/f.B6308163BD667941B2C0E4D2A3AC438F.d.AAE2BDF2540E2CB09E5CEC3A1A237B3F.e.4395/click - {}
RESULT: {}
COMMAND: POST /session/004e8781a420927acb4284c1134f8905/execute/async - {"script":"<script> [1562 bytes]","args":[{"selector":{"controlType":"sap.m.Button","viewName":"etm.portal.ui.manageresources.view.Detail","viewId":"application-manageresources-display-component---detailRU","i18NText":{"propertyName":"tooltip","key":"closeColumn"},"searchOpenDialogs":true,"interaction":{"idSuffix":"inner"}},"wdio_ui5_key":"etmportal.ui.manageresources.view.Detailsap.m.Button{\"propertyName\":\"tooltip\",\"key\":\"closeColumn\"}"}]}
COMMAND: GET /session/004e8781a420927acb4284c1134f8905/screenshot - {}
RESULT: {"script":"<script> [1562 bytes]","args":[{"selector":{"controlType":"sap.m.Button","viewName":"etm.portal.ui.manageresources.view.Detail","viewId":"application-manageresources-display-component---detailRU","i18NText":{"propertyName":"tooltip","key":"closeColumn"},"searchOpenDialogs":true,"interaction":{"idSuffix":"inner"}},"wdio_ui5_key":"etmportal.ui.manageresources.view.Detailsap.m.Button{\"propertyName\":\"tooltip\",\"key\":\"closeColumn\"}"}]}
RESULT: undefined
COMMAND: POST /session/004e8781a420927acb4284c1134f8905/element - {"using":"xpath","value":"//*[@id=\"__button251\"]"}
RESULT: {}
RESULT: {"using":"xpath","value":"//*[@id=\"__button251\"]"}
COMMAND: POST /session/004e8781a420927acb4284c1134f8905/element/f.B6308163BD667941B2C0E4D2A3AC438F.d.AAE2BDF2540E2CB09E5CEC3A1A237B3F.e.4397/click - {}
RESULT: {}
COMMAND: GET /session/004e8781a420927acb4284c1134f8905/screenshot - {}
RESULT: {}
COMMAND: POST /session/004e8781a420927acb4284c1134f8905/refresh - {}
RESULT: {}
COMMAND: GET /session/004e8781a420927acb4284c1134f8905/screenshot - {}
RESULT: {}
COMMAND: POST /session/004e8781a420927acb4284c1134f8905/execute/async - {"script":"<script> [189 bytes]","args":[]}
RESULT: {"script":"<script> [189 bytes]","args":[]}
COMMAND: POST /session/004e8781a420927acb4284c1134f8905/execute/async - {"script":"<script> [123 bytes]","args":[]}
RESULT: {"script":"<script> [123 bytes]","args":[]}
COMMAND: POST /session/004e8781a420927acb4284c1134f8905/timeouts - {"script":"<number>"}
RESULT: {"script":"<number>"}
COMMAND: GET /session/004e8781a420927acb4284c1134f8905/timeouts - {}
RESULT: {}
RESULT: undefined
COMMAND: POST /session/004e8781a420927acb4284c1134f8905/execute/async - {"script":"<script> [2676 bytes]","args":[]}
RESULT: {"script":"<script> [2676 bytes]","args":[]}
COMMAND: POST /session/004e8781a420927acb4284c1134f8905/execute/async - {"script":"<script> [2342 bytes]","args":[{"protocol":"http","hostname":"0.0.0.0","path":"/","capabilities":{"browserName":"chrome","goog:chromeOptions":{"binary":"C:\\Program Files\\Google\\Chrome\\Application\\chrome.exe","args":["--start-maximized"]}},"logLevel":"warn","connectionRetryTimeout":120000,"connectionRetryCount":3,"logLevels":{},"enableDirectConnect":true,"strictSSL":true,"_":"65 more keys: [\"cacheDir\",\"port\",\"requestedCapabilities\",\"automationProtocol\",\"baseUrl\",\"waitforInterval\",\"waitforTimeout\",\"onReload\",\"beforeCommand\",\"afterCommand\",\"rootDir\",\"specs\",\"suites\",\"exclude\",\"groupLogsByTestSpec\",\"excludeDriverLogs\",\"bail\",\"framework\",\"reporters\",\"services\",\"maxInstances\",\"maxInstancesPerCapability\",\"injectGlobals\",\"filesToWatch\",\"execArgv\",\"runnerEnv\",\"runner\",\"shard\",\"specFileRetries\",\"specFileRetriesDelay\",\"specFileRetriesDeferred\",\"reporterSyncInterval\",\"reporterSyncTimeout\",\"cucumberFeaturesWithLineNumbers\",\"autoCompileOpts\",\"mochaOpts\",\"jasmineOpts\",\"cucumberOpts\",\"onPrepare\",\"onWorkerStart\",\"onWorkerEnd\",\"before\",\"beforeSession\",\"beforeSuite\",\"beforeHook\",\"beforeTest\",\"afterTest\",\"afterHook\",\"afterSuite\",\"afterSession\",\"after\",\"onComplete\",\"beforeAssertion\",\"afterAssertion\",\"beforeFeature\",\"beforeScenario\",\"beforeStep\",\"afterStep\",\"afterScenario\",\"afterFeature\",\"_\",\"suite\",\"$0\",\"ignoredWorkerServices\",\"wdi5\"]"}]}
RESULT: {"script":"<script> [2342 bytes]","args":[{"protocol":"http","hostname":"0.0.0.0","path":"/","capabilities":{"browserName":"chrome","goog:chromeOptions":{"binary":"C:\\Program Files\\Google\\Chrome\\Application\\chrome.exe","args":["--start-maximized"]}},"logLevel":"warn","connectionRetryTimeout":120000,"connectionRetryCount":3,"logLevels":{},"enableDirectConnect":true,"strictSSL":true,"_":"65 more keys: [\"cacheDir\",\"port\",\"requestedCapabilities\",\"automationProtocol\",\"baseUrl\",\"waitforInterval\",\"waitforTimeout\",\"onReload\",\"beforeCommand\",\"afterCommand\",\"rootDir\",\"specs\",\"suites\",\"exclude\",\"groupLogsByTestSpec\",\"excludeDriverLogs\",\"bail\",\"framework\",\"reporters\",\"services\",\"maxInstances\",\"maxInstancesPerCapability\",\"injectGlobals\",\"filesToWatch\",\"execArgv\",\"runnerEnv\",\"runner\",\"shard\",\"specFileRetries\",\"specFileRetriesDelay\",\"specFileRetriesDeferred\",\"reporterSyncInterval\",\"reporterSyncTimeout\",\"cucumberFeaturesWithLineNumbers\",\"autoCompileOpts\",\"mochaOpts\",\"jasmineOpts\",\"cucumberOpts\",\"onPrepare\",\"onWorkerStart\",\"onWorkerEnd\",\"before\",\"beforeSession\",\"beforeSuite\",\"beforeHook\",\"beforeTest\",\"afterTest\",\"afterHook\",\"afterSuite\",\"afterSession\",\"after\",\"onComplete\",\"beforeAssertion\",\"afterAssertion\",\"beforeFeature\",\"beforeScenario\",\"beforeStep\",\"afterStep\",\"afterScenario\",\"afterFeature\",\"_\",\"suite\",\"$0\",\"ignoredWorkerServices\",\"wdi5\"]"}]}
COMMAND: POST /session/004e8781a420927acb4284c1134f8905/execute/async - {"script":"<script> [21126 bytes]","args":[35000]}
RESULT: {"script":"<script> [21126 bytes]","args":[35000]}
COMMAND: POST /session/004e8781a420927acb4284c1134f8905/element - {"using":"css selector","value":"#shell-header-logo"}
RESULT: {"using":"css selector","value":"#shell-header-logo"}
COMMAND: POST /session/004e8781a420927acb4284c1134f8905/element/f.B6308163BD667941B2C0E4D2A3AC438F.d.E830BCC6402D62A71A03919A45B6BE65.e.4619/click - {}
RESULT: {}
COMMAND: GET /session/004e8781a420927acb4284c1134f8905/screenshot - {}
RESULT: {}
COMMAND: POST /session/004e8781a420927acb4284c1134f8905/element - {"using":"css selector","value":"#shell-header-logo"}
RESULT: {"using":"css selector","value":"#shell-header-logo"}
COMMAND: POST /session/004e8781a420927acb4284c1134f8905/element/f.B6308163BD667941B2C0E4D2A3AC438F.d.E830BCC6402D62A71A03919A45B6BE65.e.4795/click - {}
RESULT: {}
COMMAND: GET /session/004e8781a420927acb4284c1134f8905/screenshot - {}
RESULT: {}
]]></system-out>
    </testcase>
    <testcase classname="chrome.136_0_7103_49.windows.Manage_request_+_Contract_processing_pick_up_option_US120163_" name="Should Create New Request pick up option" time="194.363">
      <system-out><![CDATA[
COMMAND: POST /session/004e8781a420927acb4284c1134f8905/element - {"using":"css selector","value":"#shell-header-logo"}
RESULT: {"using":"css selector","value":"#shell-header-logo"}
COMMAND: POST /session/004e8781a420927acb4284c1134f8905/element/f.B6308163BD667941B2C0E4D2A3AC438F.d.E830BCC6402D62A71A03919A45B6BE65.e.4795/click - {}
RESULT: {}
COMMAND: GET /session/004e8781a420927acb4284c1134f8905/screenshot - {}
RESULT: {}
COMMAND: POST /session/004e8781a420927acb4284c1134f8905/execute/async - {"script":"<script> [1562 bytes]","args":[{"selector":{"controlType":"sap.m.GenericTile","properties":{"header":"Manage Requests"}},"wdio_ui5_key":"sapm.GenericTile{\"header\":\"Manage Requests\"}"}]}
RESULT: {"script":"<script> [1562 bytes]","args":[{"selector":{"controlType":"sap.m.GenericTile","properties":{"header":"Manage Requests"}},"wdio_ui5_key":"sapm.GenericTile{\"header\":\"Manage Requests\"}"}]}
RESULT: undefined
COMMAND: POST /session/004e8781a420927acb4284c1134f8905/element - {"using":"xpath","value":"//*[@id=\"__tile47\"]"}
RESULT: {"using":"xpath","value":"//*[@id=\"__tile47\"]"}
COMMAND: POST /session/004e8781a420927acb4284c1134f8905/element/f.B6308163BD667941B2C0E4D2A3AC438F.d.E830BCC6402D62A71A03919A45B6BE65.e.4804/click - {}
RESULT: {}
COMMAND: GET /session/004e8781a420927acb4284c1134f8905/screenshot - {}
RESULT: {}
COMMAND: POST /session/004e8781a420927acb4284c1134f8905/refresh - {}
RESULT: {}
COMMAND: GET /session/004e8781a420927acb4284c1134f8905/screenshot - {}
RESULT: {}
COMMAND: POST /session/004e8781a420927acb4284c1134f8905/execute/async - {"script":"<script> [189 bytes]","args":[]}
RESULT: {"script":"<script> [189 bytes]","args":[]}
COMMAND: POST /session/004e8781a420927acb4284c1134f8905/execute/async - {"script":"<script> [123 bytes]","args":[]}
RESULT: {"script":"<script> [123 bytes]","args":[]}
COMMAND: POST /session/004e8781a420927acb4284c1134f8905/timeouts - {"script":"<number>"}
RESULT: {"script":"<number>"}
COMMAND: GET /session/004e8781a420927acb4284c1134f8905/timeouts - {}
RESULT: {}
RESULT: undefined
COMMAND: POST /session/004e8781a420927acb4284c1134f8905/execute/async - {"script":"<script> [2676 bytes]","args":[]}
RESULT: {"script":"<script> [2676 bytes]","args":[]}
COMMAND: POST /session/004e8781a420927acb4284c1134f8905/execute/async - {"script":"<script> [2342 bytes]","args":[{"protocol":"http","hostname":"0.0.0.0","path":"/","capabilities":{"browserName":"chrome","goog:chromeOptions":{"binary":"C:\\Program Files\\Google\\Chrome\\Application\\chrome.exe","args":["--start-maximized"]}},"logLevel":"warn","connectionRetryTimeout":120000,"connectionRetryCount":3,"logLevels":{},"enableDirectConnect":true,"strictSSL":true,"_":"65 more keys: [\"cacheDir\",\"port\",\"requestedCapabilities\",\"automationProtocol\",\"baseUrl\",\"waitforInterval\",\"waitforTimeout\",\"onReload\",\"beforeCommand\",\"afterCommand\",\"rootDir\",\"specs\",\"suites\",\"exclude\",\"groupLogsByTestSpec\",\"excludeDriverLogs\",\"bail\",\"framework\",\"reporters\",\"services\",\"maxInstances\",\"maxInstancesPerCapability\",\"injectGlobals\",\"filesToWatch\",\"execArgv\",\"runnerEnv\",\"runner\",\"shard\",\"specFileRetries\",\"specFileRetriesDelay\",\"specFileRetriesDeferred\",\"reporterSyncInterval\",\"reporterSyncTimeout\",\"cucumberFeaturesWithLineNumbers\",\"autoCompileOpts\",\"mochaOpts\",\"jasmineOpts\",\"cucumberOpts\",\"onPrepare\",\"onWorkerStart\",\"onWorkerEnd\",\"before\",\"beforeSession\",\"beforeSuite\",\"beforeHook\",\"beforeTest\",\"afterTest\",\"afterHook\",\"afterSuite\",\"afterSession\",\"after\",\"onComplete\",\"beforeAssertion\",\"afterAssertion\",\"beforeFeature\",\"beforeScenario\",\"beforeStep\",\"afterStep\",\"afterScenario\",\"afterFeature\",\"_\",\"suite\",\"$0\",\"ignoredWorkerServices\",\"wdi5\"]"}]}
RESULT: {"script":"<script> [2342 bytes]","args":[{"protocol":"http","hostname":"0.0.0.0","path":"/","capabilities":{"browserName":"chrome","goog:chromeOptions":{"binary":"C:\\Program Files\\Google\\Chrome\\Application\\chrome.exe","args":["--start-maximized"]}},"logLevel":"warn","connectionRetryTimeout":120000,"connectionRetryCount":3,"logLevels":{},"enableDirectConnect":true,"strictSSL":true,"_":"65 more keys: [\"cacheDir\",\"port\",\"requestedCapabilities\",\"automationProtocol\",\"baseUrl\",\"waitforInterval\",\"waitforTimeout\",\"onReload\",\"beforeCommand\",\"afterCommand\",\"rootDir\",\"specs\",\"suites\",\"exclude\",\"groupLogsByTestSpec\",\"excludeDriverLogs\",\"bail\",\"framework\",\"reporters\",\"services\",\"maxInstances\",\"maxInstancesPerCapability\",\"injectGlobals\",\"filesToWatch\",\"execArgv\",\"runnerEnv\",\"runner\",\"shard\",\"specFileRetries\",\"specFileRetriesDelay\",\"specFileRetriesDeferred\",\"reporterSyncInterval\",\"reporterSyncTimeout\",\"cucumberFeaturesWithLineNumbers\",\"autoCompileOpts\",\"mochaOpts\",\"jasmineOpts\",\"cucumberOpts\",\"onPrepare\",\"onWorkerStart\",\"onWorkerEnd\",\"before\",\"beforeSession\",\"beforeSuite\",\"beforeHook\",\"beforeTest\",\"afterTest\",\"afterHook\",\"afterSuite\",\"afterSession\",\"after\",\"onComplete\",\"beforeAssertion\",\"afterAssertion\",\"beforeFeature\",\"beforeScenario\",\"beforeStep\",\"afterStep\",\"afterScenario\",\"afterFeature\",\"_\",\"suite\",\"$0\",\"ignoredWorkerServices\",\"wdi5\"]"}]}
COMMAND: POST /session/004e8781a420927acb4284c1134f8905/execute/async - {"script":"<script> [21126 bytes]","args":[35000]}
RESULT: {"script":"<script> [21126 bytes]","args":[35000]}
COMMAND: POST /session/004e8781a420927acb4284c1134f8905/element - {"using":"xpath","value":"//button[contains(@data-kt ,\"btnCreateNewOverflowToolbarButton\")]"}
COMMAND: POST /session/004e8781a420927acb4284c1134f8905/element - {"using":"xpath","value":"(//span[contains(@class ,\"sapMObjStatusText\")])[1]"}
RESULT: {"using":"xpath","value":"//button[contains(@data-kt ,\"btnCreateNewOverflowToolbarButton\")]"}
COMMAND: POST /session/004e8781a420927acb4284c1134f8905/element/f.B6308163BD667941B2C0E4D2A3AC438F.d.50AA99155D8697492C40188EFF67D432.e.4849/click - {}
RESULT: {"using":"xpath","value":"(//span[contains(@class ,\"sapMObjStatusText\")])[1]"}
COMMAND: POST /session/004e8781a420927acb4284c1134f8905/element - {"using":"xpath","value":"(//span[contains(@class ,\"sapMObjStatusText\")])[1]"}
RESULT: {}
RESULT: {"using":"xpath","value":"(//span[contains(@class ,\"sapMObjStatusText\")])[1]"}
COMMAND: POST /session/004e8781a420927acb4284c1134f8905/execute/sync - {"script":"<script> [8489 bytes]","args":[{"element-6066-11e4-a52e-4f735466cecf":"f.B6308163BD667941B2C0E4D2A3AC438F.d.50AA99155D8697492C40188EFF67D432.e.4908","ELEMENT":"f.B6308163BD667941B2C0E4D2A3AC438F.d.50AA99155D8697492C40188EFF67D432.e.4908"}]}
COMMAND: GET /session/004e8781a420927acb4284c1134f8905/screenshot - {}
RESULT: {"script":"<script> [8489 bytes]","args":[{"element-6066-11e4-a52e-4f735466cecf":"f.B6308163BD667941B2C0E4D2A3AC438F.d.50AA99155D8697492C40188EFF67D432.e.4908","ELEMENT":"f.B6308163BD667941B2C0E4D2A3AC438F.d.50AA99155D8697492C40188EFF67D432.e.4908"}]}
COMMAND: GET /session/004e8781a420927acb4284c1134f8905/screenshot - {}
RESULT: {}
RESULT: {}
COMMAND: POST /session/004e8781a420927acb4284c1134f8905/element - {"using":"xpath","value":"//input[contains(@id ,\"yardId-inner\")]"}
RESULT: {"using":"xpath","value":"//input[contains(@id ,\"yardId-inner\")]"}
COMMAND: POST /session/004e8781a420927acb4284c1134f8905/execute/sync - {"script":"<script> [8489 bytes]","args":[{"element-6066-11e4-a52e-4f735466cecf":"f.B6308163BD667941B2C0E4D2A3AC438F.d.50AA99155D8697492C40188EFF67D432.e.5124","ELEMENT":"f.B6308163BD667941B2C0E4D2A3AC438F.d.50AA99155D8697492C40188EFF67D432.e.5124"}]}
RESULT: {"script":"<script> [8489 bytes]","args":[{"element-6066-11e4-a52e-4f735466cecf":"f.B6308163BD667941B2C0E4D2A3AC438F.d.50AA99155D8697492C40188EFF67D432.e.5124","ELEMENT":"f.B6308163BD667941B2C0E4D2A3AC438F.d.50AA99155D8697492C40188EFF67D432.e.5124"}]}
COMMAND: POST /session/004e8781a420927acb4284c1134f8905/element - {"using":"xpath","value":"//input[contains(@id ,\"requestContractNo-inner\")]"}
COMMAND: POST /session/004e8781a420927acb4284c1134f8905/element - {"using":"xpath","value":"//input[contains(@id ,\"yardId-inner\")]"}
COMMAND: GET /session/004e8781a420927acb4284c1134f8905/screenshot - {}
RESULT: {"using":"xpath","value":"//input[contains(@id ,\"requestContractNo-inner\")]"}
COMMAND: POST /session/004e8781a420927acb4284c1134f8905/element/f.B6308163BD667941B2C0E4D2A3AC438F.d.50AA99155D8697492C40188EFF67D432.e.5119/value - {"text":"10610"}
RESULT: {"using":"xpath","value":"//input[contains(@id ,\"yardId-inner\")]"}
COMMAND: GET /session/004e8781a420927acb4284c1134f8905/element/f.B6308163BD667941B2C0E4D2A3AC438F.d.50AA99155D8697492C40188EFF67D432.e.5124/enabled - {}
RESULT: {}
RESULT: {"text":"10610"}
COMMAND: GET /session/004e8781a420927acb4284c1134f8905/screenshot - {}
RESULT: {}
COMMAND: GET /session/004e8781a420927acb4284c1134f8905/screenshot - {}
RESULT: {}
RESULT: {}
COMMAND: POST /session/004e8781a420927acb4284c1134f8905/actions - {"actions":[{"id":"action36","type":"key","parameters":{},"actions":[{"type":"keyDown","value":"î€‡"},{"type":"pause","duration":10},{"type":"keyUp","value":"î€‡"}]}]}
RESULT: {"actions":[{"id":"action36","type":"key","parameters":{},"actions":[{"type":"keyDown","value":"î€‡"},{"type":"pause","duration":10},{"type":"keyUp","value":"î€‡"}]}]}
COMMAND: GET /session/004e8781a420927acb4284c1134f8905/screenshot - {}
RESULT: {}
COMMAND: POST /session/004e8781a420927acb4284c1134f8905/execute/async - {"script":"<script> [1562 bytes]","args":[{"selector":{"controlType":"sap.m.Button","viewName":"etm.portal.ui.managerequests.view.NewRequest","properties":{"text":"Items"},"interaction":{"idSuffix":"BDI-content"}},"wdio_ui5_key":"etmportal.ui.managerequests.view.NewRequestsap.m.Button{\"text\":\"Items\"}"}]}
RESULT: {"script":"<script> [1562 bytes]","args":[{"selector":{"controlType":"sap.m.Button","viewName":"etm.portal.ui.managerequests.view.NewRequest","properties":{"text":"Items"},"interaction":{"idSuffix":"BDI-content"}},"wdio_ui5_key":"etmportal.ui.managerequests.view.NewRequestsap.m.Button{\"text\":\"Items\"}"}]}
RESULT: undefined
COMMAND: POST /session/004e8781a420927acb4284c1134f8905/element - {"using":"xpath","value":"//*[@id=\"__xmlview1--newRequestPage-anchBar-__xmlview1--requestItemsSection-anchor\"]"}
RESULT: {"using":"xpath","value":"//*[@id=\"__xmlview1--newRequestPage-anchBar-__xmlview1--requestItemsSection-anchor\"]"}
COMMAND: POST /session/004e8781a420927acb4284c1134f8905/element/f.B6308163BD667941B2C0E4D2A3AC438F.d.50AA99155D8697492C40188EFF67D432.e.5263/click - {}
RESULT: {}
COMMAND: GET /session/004e8781a420927acb4284c1134f8905/screenshot - {}
RESULT: {}
COMMAND: POST /session/004e8781a420927acb4284c1134f8905/execute/async - {"script":"<script> [1562 bytes]","args":[{"selector":{"controlType":"sap.ui.core.Icon","viewName":"etm.portal.ui.managerequests.view.NewRequest","properties":{"src":{"regex":{"source":"inspect"}}}},"wdio_ui5_key":"etmportal.ui.managerequests.view.NewRequestsap.ui.core.Icon{\"src\":{\"regex\":{\"source\":\"inspect\"}}}"}]}
RESULT: {"script":"<script> [1562 bytes]","args":[{"selector":{"controlType":"sap.ui.core.Icon","viewName":"etm.portal.ui.managerequests.view.NewRequest","properties":{"src":{"regex":{"source":"inspect"}}}},"wdio_ui5_key":"etmportal.ui.managerequests.view.NewRequestsap.ui.core.Icon{\"src\":{\"regex\":{\"source\":\"inspect\"}}}"}]}
RESULT: undefined
COMMAND: POST /session/004e8781a420927acb4284c1134f8905/element - {"using":"xpath","value":"//*[@id=\"__button8-img\"]"}
RESULT: {"using":"xpath","value":"//*[@id=\"__button8-img\"]"}
COMMAND: POST /session/004e8781a420927acb4284c1134f8905/element/f.B6308163BD667941B2C0E4D2A3AC438F.d.50AA99155D8697492C40188EFF67D432.e.5268/click - {}
RESULT: {}
COMMAND: GET /session/004e8781a420927acb4284c1134f8905/screenshot - {}
RESULT: {}
COMMAND: POST /session/004e8781a420927acb4284c1134f8905/execute/async - {"script":"<script> [1562 bytes]","args":[{"selector":{"controlType":"sap.ui.core.Icon","viewName":"etm.portal.ui.managerequests.view.NewRequest","properties":{"src":{"regex":{"source":"add"}}}},"wdio_ui5_key":"etmportal.ui.managerequests.view.NewRequestsap.ui.core.Icon{\"src\":{\"regex\":{\"source\":\"add\"}}}"}]}
RESULT: {"script":"<script> [1562 bytes]","args":[{"selector":{"controlType":"sap.ui.core.Icon","viewName":"etm.portal.ui.managerequests.view.NewRequest","properties":{"src":{"regex":{"source":"add"}}}},"wdio_ui5_key":"etmportal.ui.managerequests.view.NewRequestsap.ui.core.Icon{\"src\":{\"regex\":{\"source\":\"add\"}}}"}]}
RESULT: undefined
COMMAND: POST /session/004e8781a420927acb4284c1134f8905/element - {"using":"xpath","value":"//*[@id=\"__xmlview1--btnAddTableRow-img\"]"}
RESULT: {"using":"xpath","value":"//*[@id=\"__xmlview1--btnAddTableRow-img\"]"}
COMMAND: POST /session/004e8781a420927acb4284c1134f8905/element/f.B6308163BD667941B2C0E4D2A3AC438F.d.50AA99155D8697492C40188EFF67D432.e.5098/click - {}
RESULT: {}
COMMAND: GET /session/004e8781a420927acb4284c1134f8905/screenshot - {}
RESULT: {}
COMMAND: POST /session/004e8781a420927acb4284c1134f8905/execute/async - {"script":"<script> [1562 bytes]","args":[{"selector":{"controlType":"sap.ui.unified.MenuItem","viewName":"etm.portal.ui.managerequests.view.NewRequest","i18NText":{"propertyName":"text","key":"standardEntry"},"searchOpenDialogs":true,"interaction":{"idSuffix":"txt"}},"wdio_ui5_key":"etmportal.ui.managerequests.view.NewRequestsap.ui.unified.MenuItem{\"propertyName\":\"text\",\"key\":\"standardEntry\"}"}]}
RESULT: {"script":"<script> [1562 bytes]","args":[{"selector":{"controlType":"sap.ui.unified.MenuItem","viewName":"etm.portal.ui.managerequests.view.NewRequest","i18NText":{"propertyName":"text","key":"standardEntry"},"searchOpenDialogs":true,"interaction":{"idSuffix":"txt"}},"wdio_ui5_key":"etmportal.ui.managerequests.view.NewRequestsap.ui.unified.MenuItem{\"propertyName\":\"text\",\"key\":\"standardEntry\"}"}]}
RESULT: undefined
COMMAND: POST /session/004e8781a420927acb4284c1134f8905/element - {"using":"xpath","value":"//*[@id=\"__item178\"]"}
RESULT: {"using":"xpath","value":"//*[@id=\"__item178\"]"}
COMMAND: POST /session/004e8781a420927acb4284c1134f8905/element/f.B6308163BD667941B2C0E4D2A3AC438F.d.50AA99155D8697492C40188EFF67D432.e.5278/click - {}
RESULT: {}
COMMAND: GET /session/004e8781a420927acb4284c1134f8905/screenshot - {}
RESULT: undefined
COMMAND: POST /session/004e8781a420927acb4284c1134f8905/element - {"using":"xpath","value":"//*[@id=\"__xmlview1--btnAddTableRow-img\"]"}
RESULT: {}
RESULT: {"using":"xpath","value":"//*[@id=\"__xmlview1--btnAddTableRow-img\"]"}
COMMAND: POST /session/004e8781a420927acb4284c1134f8905/element/f.B6308163BD667941B2C0E4D2A3AC438F.d.50AA99155D8697492C40188EFF67D432.e.5098/click - {}
RESULT: {}
COMMAND: GET /session/004e8781a420927acb4284c1134f8905/screenshot - {}
RESULT: {}
RESULT: undefined
COMMAND: POST /session/004e8781a420927acb4284c1134f8905/element - {"using":"xpath","value":"//*[@id=\"__item178\"]"}
RESULT: {"using":"xpath","value":"//*[@id=\"__item178\"]"}
COMMAND: POST /session/004e8781a420927acb4284c1134f8905/element/f.B6308163BD667941B2C0E4D2A3AC438F.d.50AA99155D8697492C40188EFF67D432.e.5299/click - {}
RESULT: {}
COMMAND: GET /session/004e8781a420927acb4284c1134f8905/screenshot - {}
RESULT: {}
COMMAND: POST /session/004e8781a420927acb4284c1134f8905/element - {"using":"xpath","value":"(//input[contains(@id ,\"requestItemsTable-0-inner\")])[5]"}
RESULT: {"using":"xpath","value":"(//input[contains(@id ,\"requestItemsTable-0-inner\")])[5]"}
COMMAND: POST /session/004e8781a420927acb4284c1134f8905/element/f.B6308163BD667941B2C0E4D2A3AC438F.d.50AA99155D8697492C40188EFF67D432.e.5290/clear - {}
RESULT: {}
COMMAND: POST /session/004e8781a420927acb4284c1134f8905/element/f.B6308163BD667941B2C0E4D2A3AC438F.d.50AA99155D8697492C40188EFF67D432.e.5290/value - {"text":"1000001"}
COMMAND: GET /session/004e8781a420927acb4284c1134f8905/screenshot - {}
RESULT: {"text":"1000001"}
COMMAND: GET /session/004e8781a420927acb4284c1134f8905/screenshot - {}
RESULT: {}
RESULT: {}
COMMAND: POST /session/004e8781a420927acb4284c1134f8905/actions - {"actions":[{"id":"action37","type":"key","parameters":{},"actions":[{"type":"keyDown","value":"î€‡"},{"type":"pause","duration":10},{"type":"keyUp","value":"î€‡"}]}]}
RESULT: {"actions":[{"id":"action37","type":"key","parameters":{},"actions":[{"type":"keyDown","value":"î€‡"},{"type":"pause","duration":10},{"type":"keyUp","value":"î€‡"}]}]}
COMMAND: POST /session/004e8781a420927acb4284c1134f8905/element - {"using":"xpath","value":"(//input[contains(@id ,\"requestItemsTable-1-inner\")])[5]"}
COMMAND: GET /session/004e8781a420927acb4284c1134f8905/screenshot - {}
RESULT: {"using":"xpath","value":"(//input[contains(@id ,\"requestItemsTable-1-inner\")])[5]"}
COMMAND: POST /session/004e8781a420927acb4284c1134f8905/element/f.B6308163BD667941B2C0E4D2A3AC438F.d.50AA99155D8697492C40188EFF67D432.e.5305/clear - {}
RESULT: {}
RESULT: {}
COMMAND: POST /session/004e8781a420927acb4284c1134f8905/element/f.B6308163BD667941B2C0E4D2A3AC438F.d.50AA99155D8697492C40188EFF67D432.e.5305/value - {"text":"200365"}
COMMAND: GET /session/004e8781a420927acb4284c1134f8905/screenshot - {}
RESULT: {"text":"200365"}
COMMAND: GET /session/004e8781a420927acb4284c1134f8905/screenshot - {}
RESULT: {}
RESULT: {}
COMMAND: POST /session/004e8781a420927acb4284c1134f8905/actions - {"actions":[{"id":"action38","type":"key","parameters":{},"actions":[{"type":"keyDown","value":"î€‡"},{"type":"pause","duration":10},{"type":"keyUp","value":"î€‡"}]}]}
RESULT: {"actions":[{"id":"action38","type":"key","parameters":{},"actions":[{"type":"keyDown","value":"î€‡"},{"type":"pause","duration":10},{"type":"keyUp","value":"î€‡"}]}]}
COMMAND: POST /session/004e8781a420927acb4284c1134f8905/element - {"using":"xpath","value":"//div[contains(@data-kt ,\"splitAllocationObjectStatus\")]"}
COMMAND: GET /session/004e8781a420927acb4284c1134f8905/screenshot - {}
RESULT: {"using":"xpath","value":"//div[contains(@data-kt ,\"splitAllocationObjectStatus\")]"}
COMMAND: POST /session/004e8781a420927acb4284c1134f8905/elements - {"using":"xpath","value":"//div[contains(@data-kt ,\"splitAllocationObjectStatus\")]"}
RESULT: {}
RESULT: {"using":"xpath","value":"//div[contains(@data-kt ,\"splitAllocationObjectStatus\")]"}
COMMAND: POST /session/004e8781a420927acb4284c1134f8905/execute/async - {"script":"<script> [1562 bytes]","args":[{"selector":{"controlType":"sap.ui.core.Icon","viewName":"etm.portal.ui.managerequests.view.NewRequest","properties":{"src":{"regex":{"source":"message\\-error"}}},"ancestor":{"controlType":"sap.m.ColumnListItem","viewName":"etm.portal.ui.managerequests.view.NewRequest","bindingPath":{"modelName":"newRequestItems","path":"/RequestItems/0"},"ancestor":{"id":"requestItemsTable","viewName":"etm.portal.ui.managerequests.view.NewRequest"}}},"wdio_ui5_key":"etmportal.ui.managerequests.view.NewRequestsap.ui.core.Icon{\"src\":{\"regex\":{\"source\":\"message\\\\-error\"}}}{\"controlType\":\"sap.m.ColumnListItem\",\"viewName\":\"etm.portal.ui.managerequests.view.NewRequest\",\"bindingPath\":{\"modelName\":\"newRequestItems\",\"path\":\"/RequestItems/0\"},\"ancestor\":{\"id\":\"requestItemsTable\",\"viewName\":\"etm.portal.ui.managerequests.view.NewRequest\"}}"}]}
RESULT: {"script":"<script> [1562 bytes]","args":[{"selector":{"controlType":"sap.ui.core.Icon","viewName":"etm.portal.ui.managerequests.view.NewRequest","properties":{"src":{"regex":{"source":"message\\-error"}}},"ancestor":{"controlType":"sap.m.ColumnListItem","viewName":"etm.portal.ui.managerequests.view.NewRequest","bindingPath":{"modelName":"newRequestItems","path":"/RequestItems/0"},"ancestor":{"id":"requestItemsTable","viewName":"etm.portal.ui.managerequests.view.NewRequest"}}},"wdio_ui5_key":"etmportal.ui.managerequests.view.NewRequestsap.ui.core.Icon{\"src\":{\"regex\":{\"source\":\"message\\\\-error\"}}}{\"controlType\":\"sap.m.ColumnListItem\",\"viewName\":\"etm.portal.ui.managerequests.view.NewRequest\",\"bindingPath\":{\"modelName\":\"newRequestItems\",\"path\":\"/RequestItems/0\"},\"ancestor\":{\"id\":\"requestItemsTable\",\"viewName\":\"etm.portal.ui.managerequests.view.NewRequest\"}}"}]}
RESULT: undefined
COMMAND: POST /session/004e8781a420927acb4284c1134f8905/element - {"using":"xpath","value":"//*[@id=\"__status4-__xmlview1--requestItemsTable-0-icon\"]"}
RESULT: {"using":"xpath","value":"//*[@id=\"__status4-__xmlview1--requestItemsTable-0-icon\"]"}
COMMAND: POST /session/004e8781a420927acb4284c1134f8905/element/f.B6308163BD667941B2C0E4D2A3AC438F.d.50AA99155D8697492C40188EFF67D432.e.5316/click - {}
RESULT: {}
COMMAND: GET /session/004e8781a420927acb4284c1134f8905/screenshot - {}
RESULT: {}
COMMAND: POST /session/004e8781a420927acb4284c1134f8905/execute/async - {"script":"<script> [1562 bytes]","args":[{"selector":{"id":"costObjectAdminTypeComboBox","viewName":"etm.portal.ui.managerequests.view.NewRequest","searchOpenDialogs":true,"interaction":{"idSuffix":"inner"}},"wdio_ui5_key":"costObjectAdminTypeComboBoxetmportal.ui.managerequests.view.NewRequest"}]}
RESULT: {"script":"<script> [1562 bytes]","args":[{"selector":{"id":"costObjectAdminTypeComboBox","viewName":"etm.portal.ui.managerequests.view.NewRequest","searchOpenDialogs":true,"interaction":{"idSuffix":"inner"}},"wdio_ui5_key":"costObjectAdminTypeComboBoxetmportal.ui.managerequests.view.NewRequest"}]}
RESULT: undefined
COMMAND: POST /session/004e8781a420927acb4284c1134f8905/execute/async - {"script":"<script> [776 bytes]","args":[{"enterText":"Cost Center","selector":{"id":"costObjectAdminTypeComboBox","viewName":"etm.portal.ui.managerequests.view.NewRequest","searchOpenDialogs":true,"interaction":{"idSuffix":"inner"}},"clearTextFirst":true,"interactionType":"ENTER_TEXT"}]}
RESULT: {"script":"<script> [776 bytes]","args":[{"enterText":"Cost Center","selector":{"id":"costObjectAdminTypeComboBox","viewName":"etm.portal.ui.managerequests.view.NewRequest","searchOpenDialogs":true,"interaction":{"idSuffix":"inner"}},"clearTextFirst":true,"interactionType":"ENTER_TEXT"}]}
COMMAND: POST /session/004e8781a420927acb4284c1134f8905/actions - {"actions":[{"id":"action39","type":"key","parameters":{},"actions":[{"type":"keyDown","value":"î€‡"},{"type":"pause","duration":10},{"type":"keyUp","value":"î€‡"}]}]}
RESULT: {"actions":[{"id":"action39","type":"key","parameters":{},"actions":[{"type":"keyDown","value":"î€‡"},{"type":"pause","duration":10},{"type":"keyUp","value":"î€‡"}]}]}
COMMAND: GET /session/004e8781a420927acb4284c1134f8905/screenshot - {}
RESULT: {}
COMMAND: POST /session/004e8781a420927acb4284c1134f8905/execute/async - {"script":"<script> [1562 bytes]","args":[{"selector":{"id":"costObjectIdComboBox","viewName":"etm.portal.ui.managerequests.view.NewRequest","searchOpenDialogs":true,"interaction":{"idSuffix":"inner"}},"wdio_ui5_key":"costObjectIdComboBoxetmportal.ui.managerequests.view.NewRequest"}]}
RESULT: {"script":"<script> [1562 bytes]","args":[{"selector":{"id":"costObjectIdComboBox","viewName":"etm.portal.ui.managerequests.view.NewRequest","searchOpenDialogs":true,"interaction":{"idSuffix":"inner"}},"wdio_ui5_key":"costObjectIdComboBoxetmportal.ui.managerequests.view.NewRequest"}]}
RESULT: undefined
COMMAND: POST /session/004e8781a420927acb4284c1134f8905/execute/async - {"script":"<script> [776 bytes]","args":[{"enterText":"1001 - 1001","selector":{"id":"costObjectIdComboBox","viewName":"etm.portal.ui.managerequests.view.NewRequest","searchOpenDialogs":true,"interaction":{"idSuffix":"inner"}},"clearTextFirst":true,"interactionType":"ENTER_TEXT"}]}
RESULT: {"script":"<script> [776 bytes]","args":[{"enterText":"1001 - 1001","selector":{"id":"costObjectIdComboBox","viewName":"etm.portal.ui.managerequests.view.NewRequest","searchOpenDialogs":true,"interaction":{"idSuffix":"inner"}},"clearTextFirst":true,"interactionType":"ENTER_TEXT"}]}
COMMAND: POST /session/004e8781a420927acb4284c1134f8905/actions - {"actions":[{"id":"action40","type":"key","parameters":{},"actions":[{"type":"keyDown","value":"î€‡"},{"type":"pause","duration":10},{"type":"keyUp","value":"î€‡"}]}]}
RESULT: {"actions":[{"id":"action40","type":"key","parameters":{},"actions":[{"type":"keyDown","value":"î€‡"},{"type":"pause","duration":10},{"type":"keyUp","value":"î€‡"}]}]}
COMMAND: GET /session/004e8781a420927acb4284c1134f8905/screenshot - {}
RESULT: {}
COMMAND: POST /session/004e8781a420927acb4284c1134f8905/element - {"using":"xpath","value":"(//bdi[(text() = 'Save' or . = 'Save')])[1]"}
RESULT: {"using":"xpath","value":"(//bdi[(text() = 'Save' or . = 'Save')])[1]"}
COMMAND: POST /session/004e8781a420927acb4284c1134f8905/element/f.B6308163BD667941B2C0E4D2A3AC438F.d.50AA99155D8697492C40188EFF67D432.e.5331/click - {}
RESULT: {}
COMMAND: POST /session/004e8781a420927acb4284c1134f8905/execute/async - {"script":"<script> [1562 bytes]","args":[{"selector":{"controlType":"sap.ui.core.Icon","viewName":"etm.portal.ui.managerequests.view.NewRequest","properties":{"src":{"regex":{"source":"message\\-error"}}},"ancestor":{"controlType":"sap.m.ColumnListItem","viewName":"etm.portal.ui.managerequests.view.NewRequest","bindingPath":{"modelName":"newRequestItems","path":"/RequestItems/1"},"ancestor":{"id":"requestItemsTable","viewName":"etm.portal.ui.managerequests.view.NewRequest"}}},"wdio_ui5_key":"etmportal.ui.managerequests.view.NewRequestsap.ui.core.Icon{\"src\":{\"regex\":{\"source\":\"message\\\\-error\"}}}{\"controlType\":\"sap.m.ColumnListItem\",\"viewName\":\"etm.portal.ui.managerequests.view.NewRequest\",\"bindingPath\":{\"modelName\":\"newRequestItems\",\"path\":\"/RequestItems/1\"},\"ancestor\":{\"id\":\"requestItemsTable\",\"viewName\":\"etm.portal.ui.managerequests.view.NewRequest\"}}"}]}
COMMAND: GET /session/004e8781a420927acb4284c1134f8905/screenshot - {}
RESULT: {"script":"<script> [1562 bytes]","args":[{"selector":{"controlType":"sap.ui.core.Icon","viewName":"etm.portal.ui.managerequests.view.NewRequest","properties":{"src":{"regex":{"source":"message\\-error"}}},"ancestor":{"controlType":"sap.m.ColumnListItem","viewName":"etm.portal.ui.managerequests.view.NewRequest","bindingPath":{"modelName":"newRequestItems","path":"/RequestItems/1"},"ancestor":{"id":"requestItemsTable","viewName":"etm.portal.ui.managerequests.view.NewRequest"}}},"wdio_ui5_key":"etmportal.ui.managerequests.view.NewRequestsap.ui.core.Icon{\"src\":{\"regex\":{\"source\":\"message\\\\-error\"}}}{\"controlType\":\"sap.m.ColumnListItem\",\"viewName\":\"etm.portal.ui.managerequests.view.NewRequest\",\"bindingPath\":{\"modelName\":\"newRequestItems\",\"path\":\"/RequestItems/1\"},\"ancestor\":{\"id\":\"requestItemsTable\",\"viewName\":\"etm.portal.ui.managerequests.view.NewRequest\"}}"}]}
RESULT: undefined
COMMAND: POST /session/004e8781a420927acb4284c1134f8905/element - {"using":"xpath","value":"//*[@id=\"__status4-__xmlview1--requestItemsTable-1-icon\"]"}
RESULT: {}
RESULT: {"using":"xpath","value":"//*[@id=\"__status4-__xmlview1--requestItemsTable-1-icon\"]"}
COMMAND: POST /session/004e8781a420927acb4284c1134f8905/element/f.B6308163BD667941B2C0E4D2A3AC438F.d.50AA99155D8697492C40188EFF67D432.e.5334/click - {}
RESULT: {}
COMMAND: GET /session/004e8781a420927acb4284c1134f8905/screenshot - {}
RESULT: {}
RESULT: undefined
COMMAND: POST /session/004e8781a420927acb4284c1134f8905/execute/async - {"script":"<script> [776 bytes]","args":[{"enterText":"Cost Center","selector":{"id":"costObjectAdminTypeComboBox","viewName":"etm.portal.ui.managerequests.view.NewRequest","searchOpenDialogs":true,"interaction":{"idSuffix":"inner"}},"clearTextFirst":true,"interactionType":"ENTER_TEXT"}]}
RESULT: {"script":"<script> [776 bytes]","args":[{"enterText":"Cost Center","selector":{"id":"costObjectAdminTypeComboBox","viewName":"etm.portal.ui.managerequests.view.NewRequest","searchOpenDialogs":true,"interaction":{"idSuffix":"inner"}},"clearTextFirst":true,"interactionType":"ENTER_TEXT"}]}
COMMAND: POST /session/004e8781a420927acb4284c1134f8905/actions - {"actions":[{"id":"action41","type":"key","parameters":{},"actions":[{"type":"keyDown","value":"î€‡"},{"type":"pause","duration":10},{"type":"keyUp","value":"î€‡"}]}]}
RESULT: {"actions":[{"id":"action41","type":"key","parameters":{},"actions":[{"type":"keyDown","value":"î€‡"},{"type":"pause","duration":10},{"type":"keyUp","value":"î€‡"}]}]}
COMMAND: GET /session/004e8781a420927acb4284c1134f8905/screenshot - {}
RESULT: {}
RESULT: undefined
COMMAND: POST /session/004e8781a420927acb4284c1134f8905/execute/async - {"script":"<script> [776 bytes]","args":[{"enterText":"1001 - 1001","selector":{"id":"costObjectIdComboBox","viewName":"etm.portal.ui.managerequests.view.NewRequest","searchOpenDialogs":true,"interaction":{"idSuffix":"inner"}},"clearTextFirst":true,"interactionType":"ENTER_TEXT"}]}
RESULT: {"script":"<script> [776 bytes]","args":[{"enterText":"1001 - 1001","selector":{"id":"costObjectIdComboBox","viewName":"etm.portal.ui.managerequests.view.NewRequest","searchOpenDialogs":true,"interaction":{"idSuffix":"inner"}},"clearTextFirst":true,"interactionType":"ENTER_TEXT"}]}
COMMAND: POST /session/004e8781a420927acb4284c1134f8905/actions - {"actions":[{"id":"action42","type":"key","parameters":{},"actions":[{"type":"keyDown","value":"î€‡"},{"type":"pause","duration":10},{"type":"keyUp","value":"î€‡"}]}]}
RESULT: {"actions":[{"id":"action42","type":"key","parameters":{},"actions":[{"type":"keyDown","value":"î€‡"},{"type":"pause","duration":10},{"type":"keyUp","value":"î€‡"}]}]}
COMMAND: GET /session/004e8781a420927acb4284c1134f8905/screenshot - {}
RESULT: {}
COMMAND: POST /session/004e8781a420927acb4284c1134f8905/element - {"using":"xpath","value":"(//bdi[(text() = 'Save' or . = 'Save')])[1]"}
RESULT: {"using":"xpath","value":"(//bdi[(text() = 'Save' or . = 'Save')])[1]"}
COMMAND: POST /session/004e8781a420927acb4284c1134f8905/element/f.B6308163BD667941B2C0E4D2A3AC438F.d.50AA99155D8697492C40188EFF67D432.e.5346/click - {}
RESULT: {}
COMMAND: GET /session/004e8781a420927acb4284c1134f8905/screenshot - {}
RESULT: {}
COMMAND: POST /session/004e8781a420927acb4284c1134f8905/execute/async - {"script":"<script> [1562 bytes]","args":[{"selector":{"controlType":"sap.m.Button","viewName":"etm.portal.ui.managerequests.view.NewRequest","bindingPath":{"path":"/RequestItems/0","propertyPath":"PICK_UP","modelName":"newRequestItems"},"interaction":{"idSuffix":"BDI-content"}},"wdio_ui5_key":"etmportal.ui.managerequests.view.NewRequestsap.m.Button{\"path\":\"/RequestItems/0\",\"propertyPath\":\"PICK_UP\",\"modelName\":\"newRequestItems\"}"}]}
RESULT: {"script":"<script> [1562 bytes]","args":[{"selector":{"controlType":"sap.m.Button","viewName":"etm.portal.ui.managerequests.view.NewRequest","bindingPath":{"path":"/RequestItems/0","propertyPath":"PICK_UP","modelName":"newRequestItems"},"interaction":{"idSuffix":"BDI-content"}},"wdio_ui5_key":"etmportal.ui.managerequests.view.NewRequestsap.m.Button{\"path\":\"/RequestItems/0\",\"propertyPath\":\"PICK_UP\",\"modelName\":\"newRequestItems\"}"}]}
RESULT: undefined
COMMAND: POST /session/004e8781a420927acb4284c1134f8905/element - {"using":"xpath","value":"//*[@id=\"__xmlview1--pickUpItemButton-__xmlview1--requestItemsTable-0\"]"}
RESULT: {"using":"xpath","value":"//*[@id=\"__xmlview1--pickUpItemButton-__xmlview1--requestItemsTable-0\"]"}
COMMAND: POST /session/004e8781a420927acb4284c1134f8905/element/f.B6308163BD667941B2C0E4D2A3AC438F.d.50AA99155D8697492C40188EFF67D432.e.5350/click - {}
RESULT: {}
COMMAND: GET /session/004e8781a420927acb4284c1134f8905/screenshot - {}
RESULT: {}
COMMAND: POST /session/004e8781a420927acb4284c1134f8905/execute/async - {"script":"<script> [1562 bytes]","args":[{"selector":{"controlType":"sap.m.Button","viewName":"etm.portal.ui.managerequests.view.NewRequest","properties":{"text":"Save"},"i18NText":{"propertyName":"tooltip","key":"save"},"interaction":{"idSuffix":"BDI-content"}},"wdio_ui5_key":"etmportal.ui.managerequests.view.NewRequestsap.m.Button{\"propertyName\":\"tooltip\",\"key\":\"save\"}{\"text\":\"Save\"}"}]}
RESULT: {"script":"<script> [1562 bytes]","args":[{"selector":{"controlType":"sap.m.Button","viewName":"etm.portal.ui.managerequests.view.NewRequest","properties":{"text":"Save"},"i18NText":{"propertyName":"tooltip","key":"save"},"interaction":{"idSuffix":"BDI-content"}},"wdio_ui5_key":"etmportal.ui.managerequests.view.NewRequestsap.m.Button{\"propertyName\":\"tooltip\",\"key\":\"save\"}{\"text\":\"Save\"}"}]}
RESULT: undefined
COMMAND: POST /session/004e8781a420927acb4284c1134f8905/element - {"using":"xpath","value":"//*[@id=\"__button11\"]"}
RESULT: {"using":"xpath","value":"//*[@id=\"__button11\"]"}
COMMAND: POST /session/004e8781a420927acb4284c1134f8905/element/f.B6308163BD667941B2C0E4D2A3AC438F.d.50AA99155D8697492C40188EFF67D432.e.5207/click - {}
RESULT: {}
COMMAND: GET /session/004e8781a420927acb4284c1134f8905/screenshot - {}
RESULT: {}
COMMAND: POST /session/004e8781a420927acb4284c1134f8905/execute/async - {"script":"<script> [1562 bytes]","args":[{"selector":{"controlType":"sap.m.Text","searchOpenDialogs":true},"wdio_ui5_key":"sapm.Text"}]}
RESULT: {"script":"<script> [1562 bytes]","args":[{"selector":{"controlType":"sap.m.Text","searchOpenDialogs":true},"wdio_ui5_key":"sapm.Text"}]}
RESULT: undefined
COMMAND: POST /session/004e8781a420927acb4284c1134f8905/execute/async - {"script":"<script> [6424 bytes]","args":[{"element-6066-11e4-a52e-4f735466cecf":"f.B6308163BD667941B2C0E4D2A3AC438F.d.50AA99155D8697492C40188EFF67D432.e.5353"},"getText",[]]}
RESULT: {"script":"<script> [6424 bytes]","args":[{"element-6066-11e4-a52e-4f735466cecf":"f.B6308163BD667941B2C0E4D2A3AC438F.d.50AA99155D8697492C40188EFF67D432.e.5353"},"getText",[]]}
COMMAND: POST /session/004e8781a420927acb4284c1134f8905/execute/async - {"script":"<script> [1562 bytes]","args":[{"selector":{"controlType":"sap.m.Button","properties":{"text":"Close"},"searchOpenDialogs":true,"interaction":{"idSuffix":"BDI-content"}},"wdio_ui5_key":"sapm.Button{\"text\":\"Close\"}"}]}
RESULT: {"script":"<script> [1562 bytes]","args":[{"selector":{"controlType":"sap.m.Button","properties":{"text":"Close"},"searchOpenDialogs":true,"interaction":{"idSuffix":"BDI-content"}},"wdio_ui5_key":"sapm.Button{\"text\":\"Close\"}"}]}
RESULT: undefined
COMMAND: POST /session/004e8781a420927acb4284c1134f8905/element - {"using":"xpath","value":"//*[@id=\"__mbox-btn-0\"]"}
RESULT: {"using":"xpath","value":"//*[@id=\"__mbox-btn-0\"]"}
COMMAND: POST /session/004e8781a420927acb4284c1134f8905/element/f.B6308163BD667941B2C0E4D2A3AC438F.d.50AA99155D8697492C40188EFF67D432.e.5352/click - {}
RESULT: {}
COMMAND: GET /session/004e8781a420927acb4284c1134f8905/screenshot - {}
RESULT: {}
COMMAND: POST /session/004e8781a420927acb4284c1134f8905/execute/async - {"script":"<script> [1562 bytes]","args":[{"selector":{"controlType":"sap.m.Button","viewName":"etm.portal.ui.managerequests.view.Detail","bindingPath":{"path":"/SmartRequestItemsPlanningBoard(ITEM=10m,REQUEST='20392')","propertyPath":"PICK_UP"}},"wdio_ui5_key":"etmportal.ui.managerequests.view.Detailsap.m.Button{\"path\":\"/SmartRequestItemsPlanningBoard(ITEM=10m,REQUEST='20392')\",\"propertyPath\":\"PICK_UP\"}"}]}
RESULT: {"script":"<script> [1562 bytes]","args":[{"selector":{"controlType":"sap.m.Button","viewName":"etm.portal.ui.managerequests.view.Detail","bindingPath":{"path":"/SmartRequestItemsPlanningBoard(ITEM=10m,REQUEST='20392')","propertyPath":"PICK_UP"}},"wdio_ui5_key":"etmportal.ui.managerequests.view.Detailsap.m.Button{\"path\":\"/SmartRequestItemsPlanningBoard(ITEM=10m,REQUEST='20392')\",\"propertyPath\":\"PICK_UP\"}"}]}
RESULT: undefined
COMMAND: POST /session/004e8781a420927acb4284c1134f8905/execute/async - {"script":"<script> [6424 bytes]","args":[{"element-6066-11e4-a52e-4f735466cecf":"f.B6308163BD667941B2C0E4D2A3AC438F.d.50AA99155D8697492C40188EFF67D432.e.5459"},"getType",[]]}
RESULT: {"script":"<script> [6424 bytes]","args":[{"element-6066-11e4-a52e-4f735466cecf":"f.B6308163BD667941B2C0E4D2A3AC438F.d.50AA99155D8697492C40188EFF67D432.e.5459"},"getType",[]]}
COMMAND: POST /session/004e8781a420927acb4284c1134f8905/execute/async - {"script":"<script> [1562 bytes]","args":[{"selector":{"controlType":"sap.m.Button","viewName":"etm.portal.ui.managerequests.view.Detail","bindingPath":{"path":"/SmartRequestItemsPlanningBoard(ITEM=20m,REQUEST='20392')","propertyPath":"PICK_UP"}},"wdio_ui5_key":"etmportal.ui.managerequests.view.Detailsap.m.Button{\"path\":\"/SmartRequestItemsPlanningBoard(ITEM=20m,REQUEST='20392')\",\"propertyPath\":\"PICK_UP\"}"}]}
RESULT: {"script":"<script> [1562 bytes]","args":[{"selector":{"controlType":"sap.m.Button","viewName":"etm.portal.ui.managerequests.view.Detail","bindingPath":{"path":"/SmartRequestItemsPlanningBoard(ITEM=20m,REQUEST='20392')","propertyPath":"PICK_UP"}},"wdio_ui5_key":"etmportal.ui.managerequests.view.Detailsap.m.Button{\"path\":\"/SmartRequestItemsPlanningBoard(ITEM=20m,REQUEST='20392')\",\"propertyPath\":\"PICK_UP\"}"}]}
RESULT: undefined
COMMAND: POST /session/004e8781a420927acb4284c1134f8905/execute/async - {"script":"<script> [6424 bytes]","args":[{"element-6066-11e4-a52e-4f735466cecf":"f.B6308163BD667941B2C0E4D2A3AC438F.d.50AA99155D8697492C40188EFF67D432.e.5483"},"getType",[]]}
RESULT: {"script":"<script> [6424 bytes]","args":[{"element-6066-11e4-a52e-4f735466cecf":"f.B6308163BD667941B2C0E4D2A3AC438F.d.50AA99155D8697492C40188EFF67D432.e.5483"},"getType",[]]}
COMMAND: POST /session/004e8781a420927acb4284c1134f8905/execute/async - {"script":"<script> [1562 bytes]","args":[{"selector":{"id":"pickUpSwitchHeader","viewName":"etm.portal.ui.managerequests.view.Detail","interaction":{"idSuffix":"handle"}},"wdio_ui5_key":"pickUpSwitchHeaderetmportal.ui.managerequests.view.Detail"}]}
RESULT: {"script":"<script> [1562 bytes]","args":[{"selector":{"id":"pickUpSwitchHeader","viewName":"etm.portal.ui.managerequests.view.Detail","interaction":{"idSuffix":"handle"}},"wdio_ui5_key":"pickUpSwitchHeaderetmportal.ui.managerequests.view.Detail"}]}
RESULT: undefined
COMMAND: POST /session/004e8781a420927acb4284c1134f8905/element - {"using":"xpath","value":"//*[@id=\"__xmlview2--pickUpSwitchHeader\"]"}
RESULT: {"using":"xpath","value":"//*[@id=\"__xmlview2--pickUpSwitchHeader\"]"}
COMMAND: POST /session/004e8781a420927acb4284c1134f8905/element/f.B6308163BD667941B2C0E4D2A3AC438F.d.50AA99155D8697492C40188EFF67D432.e.5430/click - {}
RESULT: {}
COMMAND: POST /session/004e8781a420927acb4284c1134f8905/execute/async - {"script":"<script> [1562 bytes]","args":[{"selector":{"controlType":"sap.ui.core.Icon","viewName":"etm.portal.ui.managerequests.view.Detail","properties":{"src":{"regex":{"source":"pushpin\\-off"}}}},"wdio_ui5_key":"etmportal.ui.managerequests.view.Detailsap.ui.core.Icon{\"src\":{\"regex\":{\"source\":\"pushpin\\\\-off\"}}}"}]}
COMMAND: GET /session/004e8781a420927acb4284c1134f8905/screenshot - {}
RESULT: {"script":"<script> [1562 bytes]","args":[{"selector":{"controlType":"sap.ui.core.Icon","viewName":"etm.portal.ui.managerequests.view.Detail","properties":{"src":{"regex":{"source":"pushpin\\-off"}}}},"wdio_ui5_key":"etmportal.ui.managerequests.view.Detailsap.ui.core.Icon{\"src\":{\"regex\":{\"source\":\"pushpin\\\\-off\"}}}"}]}
RESULT: undefined
COMMAND: POST /session/004e8781a420927acb4284c1134f8905/element - {"using":"xpath","value":"//*[@id=\"__xmlview2--detailRequestPage-OPHeaderContent-pinBtn-img\"]"}
RESULT: {}
RESULT: {"using":"xpath","value":"//*[@id=\"__xmlview2--detailRequestPage-OPHeaderContent-pinBtn-img\"]"}
COMMAND: POST /session/004e8781a420927acb4284c1134f8905/element/f.B6308163BD667941B2C0E4D2A3AC438F.d.50AA99155D8697492C40188EFF67D432.e.5438/click - {}
RESULT: {}
RESULT: undefined
COMMAND: POST /session/004e8781a420927acb4284c1134f8905/execute/async - {"script":"<script> [6424 bytes]","args":[{"element-6066-11e4-a52e-4f735466cecf":"f.B6308163BD667941B2C0E4D2A3AC438F.d.50AA99155D8697492C40188EFF67D432.e.5459"},"getType",[]]}
COMMAND: GET /session/004e8781a420927acb4284c1134f8905/screenshot - {}
RESULT: {"script":"<script> [6424 bytes]","args":[{"element-6066-11e4-a52e-4f735466cecf":"f.B6308163BD667941B2C0E4D2A3AC438F.d.50AA99155D8697492C40188EFF67D432.e.5459"},"getType",[]]}
RESULT: undefined
COMMAND: POST /session/004e8781a420927acb4284c1134f8905/execute/async - {"script":"<script> [6424 bytes]","args":[{"element-6066-11e4-a52e-4f735466cecf":"f.B6308163BD667941B2C0E4D2A3AC438F.d.50AA99155D8697492C40188EFF67D432.e.5483"},"getType",[]]}
RESULT: {}
RESULT: {"script":"<script> [6424 bytes]","args":[{"element-6066-11e4-a52e-4f735466cecf":"f.B6308163BD667941B2C0E4D2A3AC438F.d.50AA99155D8697492C40188EFF67D432.e.5483"},"getType",[]]}
COMMAND: POST /session/004e8781a420927acb4284c1134f8905/execute/async - {"script":"<script> [1562 bytes]","args":[{"selector":{"controlType":"sap.ui.core.Icon","viewName":"etm.portal.ui.managerequests.view.Detail","properties":{"src":{"regex":{"source":"date\\-time"}}},"ancestor":{"controlType":"sap.m.ColumnListItem","viewName":"etm.portal.ui.managerequests.view.Detail","bindingPath":{"path":"/SmartRequestItemsPlanningBoard(ITEM=10m,REQUEST='20392')"},"ancestor":{"id":"requestItemsTable","viewName":"etm.portal.ui.managerequests.view.Detail"}}},"wdio_ui5_key":"etmportal.ui.managerequests.view.Detailsap.ui.core.Icon{\"src\":{\"regex\":{\"source\":\"date\\\\-time\"}}}{\"controlType\":\"sap.m.ColumnListItem\",\"viewName\":\"etm.portal.ui.managerequests.view.Detail\",\"bindingPath\":{\"path\":\"/SmartRequestItemsPlanningBoard(ITEM=10m,REQUEST='20392')\"},\"ancestor\":{\"id\":\"requestItemsTable\",\"viewName\":\"etm.portal.ui.managerequests.view.Detail\"}}"}]}
RESULT: {"script":"<script> [1562 bytes]","args":[{"selector":{"controlType":"sap.ui.core.Icon","viewName":"etm.portal.ui.managerequests.view.Detail","properties":{"src":{"regex":{"source":"date\\-time"}}},"ancestor":{"controlType":"sap.m.ColumnListItem","viewName":"etm.portal.ui.managerequests.view.Detail","bindingPath":{"path":"/SmartRequestItemsPlanningBoard(ITEM=10m,REQUEST='20392')"},"ancestor":{"id":"requestItemsTable","viewName":"etm.portal.ui.managerequests.view.Detail"}}},"wdio_ui5_key":"etmportal.ui.managerequests.view.Detailsap.ui.core.Icon{\"src\":{\"regex\":{\"source\":\"date\\\\-time\"}}}{\"controlType\":\"sap.m.ColumnListItem\",\"viewName\":\"etm.portal.ui.managerequests.view.Detail\",\"bindingPath\":{\"path\":\"/SmartRequestItemsPlanningBoard(ITEM=10m,REQUEST='20392')\"},\"ancestor\":{\"id\":\"requestItemsTable\",\"viewName\":\"etm.portal.ui.managerequests.view.Detail\"}}"}]}
RESULT: undefined
COMMAND: POST /session/004e8781a420927acb4284c1134f8905/element - {"using":"xpath","value":"//*[@id=\"__button39-__clone1825-img\"]"}
RESULT: {"using":"xpath","value":"//*[@id=\"__button39-__clone1825-img\"]"}
COMMAND: POST /session/004e8781a420927acb4284c1134f8905/element/f.B6308163BD667941B2C0E4D2A3AC438F.d.50AA99155D8697492C40188EFF67D432.e.5491/click - {}
RESULT: {}
COMMAND: POST /session/004e8781a420927acb4284c1134f8905/execute/async - {"script":"<script> [1562 bytes]","args":[{"selector":{"controlType":"sap.m.Button","viewName":"etm.portal.ui.managerequests.view.Detail","properties":{"text":"Close"},"searchOpenDialogs":true,"interaction":{"idSuffix":"inner"}},"wdio_ui5_key":"etmportal.ui.managerequests.view.Detailsap.m.Button{\"text\":\"Close\"}"}]}
COMMAND: GET /session/004e8781a420927acb4284c1134f8905/screenshot - {}
RESULT: {"script":"<script> [1562 bytes]","args":[{"selector":{"controlType":"sap.m.Button","viewName":"etm.portal.ui.managerequests.view.Detail","properties":{"text":"Close"},"searchOpenDialogs":true,"interaction":{"idSuffix":"inner"}},"wdio_ui5_key":"etmportal.ui.managerequests.view.Detailsap.m.Button{\"text\":\"Close\"}"}]}
RESULT: undefined
COMMAND: POST /session/004e8781a420927acb4284c1134f8905/element - {"using":"xpath","value":"//*[@id=\"__button49\"]"}
RESULT: {}
RESULT: {"using":"xpath","value":"//*[@id=\"__button49\"]"}
COMMAND: POST /session/004e8781a420927acb4284c1134f8905/element/f.B6308163BD667941B2C0E4D2A3AC438F.d.50AA99155D8697492C40188EFF67D432.e.5493/click - {}
RESULT: {}
COMMAND: POST /session/004e8781a420927acb4284c1134f8905/execute/async - {"script":"<script> [1562 bytes]","args":[{"selector":{"controlType":"sap.ui.core.Icon","viewName":"etm.portal.ui.managerequests.view.Detail","properties":{"src":{"regex":{"source":"date\\-time"}}},"ancestor":{"controlType":"sap.m.ColumnListItem","viewName":"etm.portal.ui.managerequests.view.Detail","bindingPath":{"path":"/SmartRequestItemsPlanningBoard(ITEM=20m,REQUEST='20392')"},"ancestor":{"id":"requestItemsTable","viewName":"etm.portal.ui.managerequests.view.Detail"}}},"wdio_ui5_key":"etmportal.ui.managerequests.view.Detailsap.ui.core.Icon{\"src\":{\"regex\":{\"source\":\"date\\\\-time\"}}}{\"controlType\":\"sap.m.ColumnListItem\",\"viewName\":\"etm.portal.ui.managerequests.view.Detail\",\"bindingPath\":{\"path\":\"/SmartRequestItemsPlanningBoard(ITEM=20m,REQUEST='20392')\"},\"ancestor\":{\"id\":\"requestItemsTable\",\"viewName\":\"etm.portal.ui.managerequests.view.Detail\"}}"}]}
COMMAND: GET /session/004e8781a420927acb4284c1134f8905/screenshot - {}
RESULT: {"script":"<script> [1562 bytes]","args":[{"selector":{"controlType":"sap.ui.core.Icon","viewName":"etm.portal.ui.managerequests.view.Detail","properties":{"src":{"regex":{"source":"date\\-time"}}},"ancestor":{"controlType":"sap.m.ColumnListItem","viewName":"etm.portal.ui.managerequests.view.Detail","bindingPath":{"path":"/SmartRequestItemsPlanningBoard(ITEM=20m,REQUEST='20392')"},"ancestor":{"id":"requestItemsTable","viewName":"etm.portal.ui.managerequests.view.Detail"}}},"wdio_ui5_key":"etmportal.ui.managerequests.view.Detailsap.ui.core.Icon{\"src\":{\"regex\":{\"source\":\"date\\\\-time\"}}}{\"controlType\":\"sap.m.ColumnListItem\",\"viewName\":\"etm.portal.ui.managerequests.view.Detail\",\"bindingPath\":{\"path\":\"/SmartRequestItemsPlanningBoard(ITEM=20m,REQUEST='20392')\"},\"ancestor\":{\"id\":\"requestItemsTable\",\"viewName\":\"etm.portal.ui.managerequests.view.Detail\"}}"}]}
RESULT: undefined
COMMAND: POST /session/004e8781a420927acb4284c1134f8905/element - {"using":"xpath","value":"//*[@id=\"__button39-__clone1826-img\"]"}
RESULT: {}
RESULT: {"using":"xpath","value":"//*[@id=\"__button39-__clone1826-img\"]"}
COMMAND: POST /session/004e8781a420927acb4284c1134f8905/element/f.B6308163BD667941B2C0E4D2A3AC438F.d.50AA99155D8697492C40188EFF67D432.e.5500/click - {}
RESULT: {}
RESULT: undefined
COMMAND: POST /session/004e8781a420927acb4284c1134f8905/element - {"using":"xpath","value":"//*[@id=\"__button49\"]"}
COMMAND: GET /session/004e8781a420927acb4284c1134f8905/screenshot - {}
RESULT: {"using":"xpath","value":"//*[@id=\"__button49\"]"}
COMMAND: POST /session/004e8781a420927acb4284c1134f8905/elements - {"using":"xpath","value":"//*[@id=\"__button49\"]"}
RESULT: {}
RESULT: {"using":"xpath","value":"//*[@id=\"__button49\"]"}
COMMAND: POST /session/004e8781a420927acb4284c1134f8905/element - {"using":"xpath","value":"//*[@id=\"__button49\"]"}
RESULT: {"using":"xpath","value":"//*[@id=\"__button49\"]"}
COMMAND: POST /session/004e8781a420927acb4284c1134f8905/element/f.B6308163BD667941B2C0E4D2A3AC438F.d.50AA99155D8697492C40188EFF67D432.e.5515/click - {}
RESULT: {}
COMMAND: POST /session/004e8781a420927acb4284c1134f8905/execute/async - {"script":"<script> [189 bytes]","args":[]}
COMMAND: GET /session/004e8781a420927acb4284c1134f8905/screenshot - {}
RESULT: {"script":"<script> [189 bytes]","args":[]}
COMMAND: POST /session/004e8781a420927acb4284c1134f8905/execute/async - {"script":"<script> [123 bytes]","args":[]}
RESULT: {}
RESULT: {"script":"<script> [123 bytes]","args":[]}
COMMAND: POST /session/004e8781a420927acb4284c1134f8905/timeouts - {"script":"<number>"}
RESULT: {"script":"<number>"}
COMMAND: GET /session/004e8781a420927acb4284c1134f8905/timeouts - {}
RESULT: {}
RESULT: undefined
COMMAND: POST /session/004e8781a420927acb4284c1134f8905/execute/async - {"script":"<script> [2676 bytes]","args":[]}
RESULT: {"script":"<script> [2676 bytes]","args":[]}
COMMAND: POST /session/004e8781a420927acb4284c1134f8905/execute/async - {"script":"<script> [2342 bytes]","args":[{"protocol":"http","hostname":"0.0.0.0","path":"/","capabilities":{"browserName":"chrome","goog:chromeOptions":{"binary":"C:\\Program Files\\Google\\Chrome\\Application\\chrome.exe","args":["--start-maximized"]}},"logLevel":"warn","connectionRetryTimeout":120000,"connectionRetryCount":3,"logLevels":{},"enableDirectConnect":true,"strictSSL":true,"_":"65 more keys: [\"cacheDir\",\"port\",\"requestedCapabilities\",\"automationProtocol\",\"baseUrl\",\"waitforInterval\",\"waitforTimeout\",\"onReload\",\"beforeCommand\",\"afterCommand\",\"rootDir\",\"specs\",\"suites\",\"exclude\",\"groupLogsByTestSpec\",\"excludeDriverLogs\",\"bail\",\"framework\",\"reporters\",\"services\",\"maxInstances\",\"maxInstancesPerCapability\",\"injectGlobals\",\"filesToWatch\",\"execArgv\",\"runnerEnv\",\"runner\",\"shard\",\"specFileRetries\",\"specFileRetriesDelay\",\"specFileRetriesDeferred\",\"reporterSyncInterval\",\"reporterSyncTimeout\",\"cucumberFeaturesWithLineNumbers\",\"autoCompileOpts\",\"mochaOpts\",\"jasmineOpts\",\"cucumberOpts\",\"onPrepare\",\"onWorkerStart\",\"onWorkerEnd\",\"before\",\"beforeSession\",\"beforeSuite\",\"beforeHook\",\"beforeTest\",\"afterTest\",\"afterHook\",\"afterSuite\",\"afterSession\",\"after\",\"onComplete\",\"beforeAssertion\",\"afterAssertion\",\"beforeFeature\",\"beforeScenario\",\"beforeStep\",\"afterStep\",\"afterScenario\",\"afterFeature\",\"_\",\"suite\",\"$0\",\"ignoredWorkerServices\",\"wdi5\"]"}]}
RESULT: {"script":"<script> [2342 bytes]","args":[{"protocol":"http","hostname":"0.0.0.0","path":"/","capabilities":{"browserName":"chrome","goog:chromeOptions":{"binary":"C:\\Program Files\\Google\\Chrome\\Application\\chrome.exe","args":["--start-maximized"]}},"logLevel":"warn","connectionRetryTimeout":120000,"connectionRetryCount":3,"logLevels":{},"enableDirectConnect":true,"strictSSL":true,"_":"65 more keys: [\"cacheDir\",\"port\",\"requestedCapabilities\",\"automationProtocol\",\"baseUrl\",\"waitforInterval\",\"waitforTimeout\",\"onReload\",\"beforeCommand\",\"afterCommand\",\"rootDir\",\"specs\",\"suites\",\"exclude\",\"groupLogsByTestSpec\",\"excludeDriverLogs\",\"bail\",\"framework\",\"reporters\",\"services\",\"maxInstances\",\"maxInstancesPerCapability\",\"injectGlobals\",\"filesToWatch\",\"execArgv\",\"runnerEnv\",\"runner\",\"shard\",\"specFileRetries\",\"specFileRetriesDelay\",\"specFileRetriesDeferred\",\"reporterSyncInterval\",\"reporterSyncTimeout\",\"cucumberFeaturesWithLineNumbers\",\"autoCompileOpts\",\"mochaOpts\",\"jasmineOpts\",\"cucumberOpts\",\"onPrepare\",\"onWorkerStart\",\"onWorkerEnd\",\"before\",\"beforeSession\",\"beforeSuite\",\"beforeHook\",\"beforeTest\",\"afterTest\",\"afterHook\",\"afterSuite\",\"afterSession\",\"after\",\"onComplete\",\"beforeAssertion\",\"afterAssertion\",\"beforeFeature\",\"beforeScenario\",\"beforeStep\",\"afterStep\",\"afterScenario\",\"afterFeature\",\"_\",\"suite\",\"$0\",\"ignoredWorkerServices\",\"wdi5\"]"}]}
COMMAND: POST /session/004e8781a420927acb4284c1134f8905/execute/async - {"script":"<script> [21126 bytes]","args":[35000]}
RESULT: {"script":"<script> [21126 bytes]","args":[35000]}
COMMAND: POST /session/004e8781a420927acb4284c1134f8905/execute/async - {"script":"<script> [1562 bytes]","args":[{"selector":{"controlType":"sap.m.Button","viewName":"etm.portal.ui.managerequests.view.Detail","bindingPath":{"path":"/SmartRequestItemsPlanningBoard(ITEM=10m,REQUEST='20392')","propertyPath":"PICK_UP"}},"wdio_ui5_key":"etmportal.ui.managerequests.view.Detailsap.m.Button{\"path\":\"/SmartRequestItemsPlanningBoard(ITEM=10m,REQUEST='20392')\",\"propertyPath\":\"PICK_UP\"}"}]}
RESULT: {"script":"<script> [1562 bytes]","args":[{"selector":{"controlType":"sap.m.Button","viewName":"etm.portal.ui.managerequests.view.Detail","bindingPath":{"path":"/SmartRequestItemsPlanningBoard(ITEM=10m,REQUEST='20392')","propertyPath":"PICK_UP"}},"wdio_ui5_key":"etmportal.ui.managerequests.view.Detailsap.m.Button{\"path\":\"/SmartRequestItemsPlanningBoard(ITEM=10m,REQUEST='20392')\",\"propertyPath\":\"PICK_UP\"}"}]}
RESULT: undefined
COMMAND: POST /session/004e8781a420927acb4284c1134f8905/execute/async - {"script":"<script> [6424 bytes]","args":[{"element-6066-11e4-a52e-4f735466cecf":"f.B6308163BD667941B2C0E4D2A3AC438F.d.50AA99155D8697492C40188EFF67D432.e.5459"},"getType",[]]}
RESULT: {"script":"<script> [6424 bytes]","args":[{"element-6066-11e4-a52e-4f735466cecf":"f.B6308163BD667941B2C0E4D2A3AC438F.d.50AA99155D8697492C40188EFF67D432.e.5459"},"getType",[]]}
COMMAND: POST /session/004e8781a420927acb4284c1134f8905/execute/async - {"script":"<script> [1562 bytes]","args":[{"selector":{"controlType":"sap.m.Button","viewName":"etm.portal.ui.managerequests.view.Detail","bindingPath":{"path":"/SmartRequestItemsPlanningBoard(ITEM=20m,REQUEST='20392')","propertyPath":"PICK_UP"}},"wdio_ui5_key":"etmportal.ui.managerequests.view.Detailsap.m.Button{\"path\":\"/SmartRequestItemsPlanningBoard(ITEM=20m,REQUEST='20392')\",\"propertyPath\":\"PICK_UP\"}"}]}
RESULT: {"script":"<script> [1562 bytes]","args":[{"selector":{"controlType":"sap.m.Button","viewName":"etm.portal.ui.managerequests.view.Detail","bindingPath":{"path":"/SmartRequestItemsPlanningBoard(ITEM=20m,REQUEST='20392')","propertyPath":"PICK_UP"}},"wdio_ui5_key":"etmportal.ui.managerequests.view.Detailsap.m.Button{\"path\":\"/SmartRequestItemsPlanningBoard(ITEM=20m,REQUEST='20392')\",\"propertyPath\":\"PICK_UP\"}"}]}
RESULT: undefined
COMMAND: POST /session/004e8781a420927acb4284c1134f8905/execute/async - {"script":"<script> [6424 bytes]","args":[{"element-6066-11e4-a52e-4f735466cecf":"f.B6308163BD667941B2C0E4D2A3AC438F.d.50AA99155D8697492C40188EFF67D432.e.5483"},"getType",[]]}
RESULT: {"script":"<script> [6424 bytes]","args":[{"element-6066-11e4-a52e-4f735466cecf":"f.B6308163BD667941B2C0E4D2A3AC438F.d.50AA99155D8697492C40188EFF67D432.e.5483"},"getType",[]]}
]]></system-out>
    </testcase>
  </testsuite>
  <testsuite timestamp="2025-05-07T16:01:20" time="406.92" tests="4" failures="0" errors="0" skipped="0">
    <properties>
      <property name="specId" value="0" />
      <property name="suiteName" value="Manage requests - requests specifications US141095" />
      <property name="capabilities" value="chrome.136_0_7103_49.windows" />
      <property name="file" value="file:///D:/a/1/s/test/specs/R2C/manage-requests-request-specifications.spec.js" />
    </properties>
    <testcase classname="chrome.136_0_7103_49.windows.Manage_requests_-_requests_specifications_US141095" name="Should create a new classification of type request item" time="58.941">
      <system-out><![CDATA[
COMMAND: POST /session/004e8781a420927acb4284c1134f8905/execute/async - {"script":"<script> [1562 bytes]","args":[{"selector":{"controlType":"sap.ui.core.Icon","viewName":"etm.portal.ui.manageclassifications.view.Master","viewId":"application-manageclassifications-display-component---classificationMaster","properties":{"src":{"regex":{"source":"add"}}}},"wdio_ui5_key":"etmportal.ui.manageclassifications.view.Mastersap.ui.core.Icon{\"src\":{\"regex\":{\"source\":\"add\"}}}"}]}
RESULT: {"script":"<script> [1562 bytes]","args":[{"selector":{"controlType":"sap.ui.core.Icon","viewName":"etm.portal.ui.manageclassifications.view.Master","viewId":"application-manageclassifications-display-component---classificationMaster","properties":{"src":{"regex":{"source":"add"}}}},"wdio_ui5_key":"etmportal.ui.manageclassifications.view.Mastersap.ui.core.Icon{\"src\":{\"regex\":{\"source\":\"add\"}}}"}]}
RESULT: undefined
COMMAND: POST /session/004e8781a420927acb4284c1134f8905/element - {"using":"xpath","value":"//*[@id=\"__button13-img\"]"}
RESULT: {"using":"xpath","value":"//*[@id=\"__button13-img\"]"}
COMMAND: POST /session/004e8781a420927acb4284c1134f8905/element/f.B6308163BD667941B2C0E4D2A3AC438F.d.6B5273CB55C1E3CC6E6A3AF4B2ED0C18.e.6366/click - {}
RESULT: {}
COMMAND: POST /session/004e8781a420927acb4284c1134f8905/execute/async - {"script":"<script> [1562 bytes]","args":[{"selector":{"id":"application-manageclassifications-display-component---classificationCreate--classHeaderName","interaction":{"idSuffix":"inner"}},"wdio_ui5_key":"applicationmanageclassifications-display-component---classificationCreate--classHeaderName"}]}
COMMAND: GET /session/004e8781a420927acb4284c1134f8905/screenshot - {}
RESULT: {"script":"<script> [1562 bytes]","args":[{"selector":{"id":"application-manageclassifications-display-component---classificationCreate--classHeaderName","interaction":{"idSuffix":"inner"}},"wdio_ui5_key":"applicationmanageclassifications-display-component---classificationCreate--classHeaderName"}]}
RESULT: undefined
COMMAND: POST /session/004e8781a420927acb4284c1134f8905/execute/async - {"script":"<script> [776 bytes]","args":[{"enterText":"WebdriverItemClasshr1pm","selector":{"id":"application-manageclassifications-display-component---classificationCreate--classHeaderName","interaction":{"idSuffix":"inner"}},"clearTextFirst":true,"interactionType":"ENTER_TEXT"}]}
RESULT: {}
RESULT: {"script":"<script> [776 bytes]","args":[{"enterText":"WebdriverItemClasshr1pm","selector":{"id":"application-manageclassifications-display-component---classificationCreate--classHeaderName","interaction":{"idSuffix":"inner"}},"clearTextFirst":true,"interactionType":"ENTER_TEXT"}]}
COMMAND: POST /session/004e8781a420927acb4284c1134f8905/execute/async - {"script":"<script> [1562 bytes]","args":[{"selector":{"controlType":"sap.ui.core.Icon","viewName":"etm.portal.ui.manageclassifications.view.Create","viewId":"application-manageclassifications-display-component---classificationCreate","properties":{"src":{"regex":{"source":"slim\\-arrow\\-down"}}}},"wdio_ui5_key":"etmportal.ui.manageclassifications.view.Createsap.ui.core.Icon{\"src\":{\"regex\":{\"source\":\"slim\\\\-arrow\\\\-down\"}}}"}]}
RESULT: {"script":"<script> [1562 bytes]","args":[{"selector":{"controlType":"sap.ui.core.Icon","viewName":"etm.portal.ui.manageclassifications.view.Create","viewId":"application-manageclassifications-display-component---classificationCreate","properties":{"src":{"regex":{"source":"slim\\-arrow\\-down"}}}},"wdio_ui5_key":"etmportal.ui.manageclassifications.view.Createsap.ui.core.Icon{\"src\":{\"regex\":{\"source\":\"slim\\\\-arrow\\\\-down\"}}}"}]}
RESULT: undefined
COMMAND: POST /session/004e8781a420927acb4284c1134f8905/element - {"using":"xpath","value":"//*[@id=\"__box9-arrow\"]"}
RESULT: {"using":"xpath","value":"//*[@id=\"__box9-arrow\"]"}
COMMAND: POST /session/004e8781a420927acb4284c1134f8905/element/f.B6308163BD667941B2C0E4D2A3AC438F.d.6B5273CB55C1E3CC6E6A3AF4B2ED0C18.e.6742/click - {}
RESULT: {}
COMMAND: POST /session/004e8781a420927acb4284c1134f8905/execute/async - {"script":"<script> [1562 bytes]","args":[{"selector":{"controlType":"sap.m.StandardListItem","viewName":"etm.portal.ui.manageclassifications.view.Create","viewId":"application-manageclassifications-display-component---classificationCreate","properties":{"title":"Request Item Specifications"},"searchOpenDialogs":true,"interaction":{"idSuffix":"titleText"}},"wdio_ui5_key":"etmportal.ui.manageclassifications.view.Createsap.m.StandardListItem{\"title\":\"Request Item Specifications\"}"}]}
COMMAND: GET /session/004e8781a420927acb4284c1134f8905/screenshot - {}
RESULT: {"script":"<script> [1562 bytes]","args":[{"selector":{"controlType":"sap.m.StandardListItem","viewName":"etm.portal.ui.manageclassifications.view.Create","viewId":"application-manageclassifications-display-component---classificationCreate","properties":{"title":"Request Item Specifications"},"searchOpenDialogs":true,"interaction":{"idSuffix":"titleText"}},"wdio_ui5_key":"etmportal.ui.manageclassifications.view.Createsap.m.StandardListItem{\"title\":\"Request Item Specifications\"}"}]}
RESULT: undefined
COMMAND: POST /session/004e8781a420927acb4284c1134f8905/element - {"using":"xpath","value":"//*[@id=\"__item73\"]"}
RESULT: {}
RESULT: {"using":"xpath","value":"//*[@id=\"__item73\"]"}
COMMAND: POST /session/004e8781a420927acb4284c1134f8905/element/f.B6308163BD667941B2C0E4D2A3AC438F.d.6B5273CB55C1E3CC6E6A3AF4B2ED0C18.e.6780/click - {}
RESULT: {}
COMMAND: POST /session/004e8781a420927acb4284c1134f8905/execute/async - {"script":"<script> [1562 bytes]","args":[{"selector":{"controlType":"sap.ui.core.Icon","viewName":"etm.portal.ui.manageclassifications.view.Create","viewId":"application-manageclassifications-display-component---classificationCreate","properties":{"src":{"regex":{"source":"add"}}}},"wdio_ui5_key":"etmportal.ui.manageclassifications.view.Createsap.ui.core.Icon{\"src\":{\"regex\":{\"source\":\"add\"}}}"}]}
COMMAND: GET /session/004e8781a420927acb4284c1134f8905/screenshot - {}
RESULT: {"script":"<script> [1562 bytes]","args":[{"selector":{"controlType":"sap.ui.core.Icon","viewName":"etm.portal.ui.manageclassifications.view.Create","viewId":"application-manageclassifications-display-component---classificationCreate","properties":{"src":{"regex":{"source":"add"}}}},"wdio_ui5_key":"etmportal.ui.manageclassifications.view.Createsap.ui.core.Icon{\"src\":{\"regex\":{\"source\":\"add\"}}}"}]}
RESULT: undefined
COMMAND: POST /session/004e8781a420927acb4284c1134f8905/element - {"using":"xpath","value":"//*[@id=\"__button18-img\"]"}
RESULT: {}
RESULT: {"using":"xpath","value":"//*[@id=\"__button18-img\"]"}
COMMAND: POST /session/004e8781a420927acb4284c1134f8905/element/f.B6308163BD667941B2C0E4D2A3AC438F.d.6B5273CB55C1E3CC6E6A3AF4B2ED0C18.e.6745/click - {}
RESULT: {}
COMMAND: POST /session/004e8781a420927acb4284c1134f8905/execute/async - {"script":"<script> [1562 bytes]","args":[{"selector":{"controlType":"sap.m.Input","viewName":"etm.portal.ui.manageclassifications.view.Create","viewId":"application-manageclassifications-display-component---classificationCreate","bindingPath":{"path":"/0","propertyPath":"PROPERTY","modelName":"newConfigModel"},"interaction":{"idSuffix":"inner"}},"wdio_ui5_key":"etmportal.ui.manageclassifications.view.Createsap.m.Input{\"path\":\"/0\",\"propertyPath\":\"PROPERTY\",\"modelName\":\"newConfigModel\"}"}]}
COMMAND: GET /session/004e8781a420927acb4284c1134f8905/screenshot - {}
RESULT: {"script":"<script> [1562 bytes]","args":[{"selector":{"controlType":"sap.m.Input","viewName":"etm.portal.ui.manageclassifications.view.Create","viewId":"application-manageclassifications-display-component---classificationCreate","bindingPath":{"path":"/0","propertyPath":"PROPERTY","modelName":"newConfigModel"},"interaction":{"idSuffix":"inner"}},"wdio_ui5_key":"etmportal.ui.manageclassifications.view.Createsap.m.Input{\"path\":\"/0\",\"propertyPath\":\"PROPERTY\",\"modelName\":\"newConfigModel\"}"}]}
RESULT: undefined
COMMAND: POST /session/004e8781a420927acb4284c1134f8905/execute/async - {"script":"<script> [776 bytes]","args":[{"enterText":"Color","selector":{"controlType":"sap.m.Input","viewName":"etm.portal.ui.manageclassifications.view.Create","viewId":"application-manageclassifications-display-component---classificationCreate","bindingPath":{"path":"/0","propertyPath":"PROPERTY","modelName":"newConfigModel"},"interaction":{"idSuffix":"inner"}},"clearTextFirst":true,"interactionType":"ENTER_TEXT"}]}
RESULT: {}
RESULT: {"script":"<script> [776 bytes]","args":[{"enterText":"Color","selector":{"controlType":"sap.m.Input","viewName":"etm.portal.ui.manageclassifications.view.Create","viewId":"application-manageclassifications-display-component---classificationCreate","bindingPath":{"path":"/0","propertyPath":"PROPERTY","modelName":"newConfigModel"},"interaction":{"idSuffix":"inner"}},"clearTextFirst":true,"interactionType":"ENTER_TEXT"}]}
COMMAND: POST /session/004e8781a420927acb4284c1134f8905/execute/async - {"script":"<script> [1562 bytes]","args":[{"selector":{"controlType":"sap.m.Input","viewName":"etm.portal.ui.manageclassifications.view.Create","viewId":"application-manageclassifications-display-component---classificationCreate","bindingPath":{"path":"/0","propertyPath":"DESCRIPTION","modelName":"newConfigModel"},"interaction":{"idSuffix":"inner"}},"wdio_ui5_key":"etmportal.ui.manageclassifications.view.Createsap.m.Input{\"path\":\"/0\",\"propertyPath\":\"DESCRIPTION\",\"modelName\":\"newConfigModel\"}"}]}
RESULT: {"script":"<script> [1562 bytes]","args":[{"selector":{"controlType":"sap.m.Input","viewName":"etm.portal.ui.manageclassifications.view.Create","viewId":"application-manageclassifications-display-component---classificationCreate","bindingPath":{"path":"/0","propertyPath":"DESCRIPTION","modelName":"newConfigModel"},"interaction":{"idSuffix":"inner"}},"wdio_ui5_key":"etmportal.ui.manageclassifications.view.Createsap.m.Input{\"path\":\"/0\",\"propertyPath\":\"DESCRIPTION\",\"modelName\":\"newConfigModel\"}"}]}
RESULT: undefined
COMMAND: POST /session/004e8781a420927acb4284c1134f8905/execute/async - {"script":"<script> [776 bytes]","args":[{"enterText":"Color","selector":{"controlType":"sap.m.Input","viewName":"etm.portal.ui.manageclassifications.view.Create","viewId":"application-manageclassifications-display-component---classificationCreate","bindingPath":{"path":"/0","propertyPath":"DESCRIPTION","modelName":"newConfigModel"},"interaction":{"idSuffix":"inner"}},"clearTextFirst":true,"interactionType":"ENTER_TEXT"}]}
RESULT: {"script":"<script> [776 bytes]","args":[{"enterText":"Color","selector":{"controlType":"sap.m.Input","viewName":"etm.portal.ui.manageclassifications.view.Create","viewId":"application-manageclassifications-display-component---classificationCreate","bindingPath":{"path":"/0","propertyPath":"DESCRIPTION","modelName":"newConfigModel"},"interaction":{"idSuffix":"inner"}},"clearTextFirst":true,"interactionType":"ENTER_TEXT"}]}
COMMAND: POST /session/004e8781a420927acb4284c1134f8905/execute/async - {"script":"<script> [1562 bytes]","args":[{"selector":{"controlType":"sap.ui.core.Icon","viewName":"etm.portal.ui.manageclassifications.view.Create","viewId":"application-manageclassifications-display-component---classificationCreate","properties":{"src":{"regex":{"source":"slim\\-arrow\\-down"}}},"ancestor":{"controlType":"sap.m.ComboBox","viewName":"etm.portal.ui.manageclassifications.view.Create","viewId":"application-manageclassifications-display-component---classificationCreate","bindingPath":{"path":"/0","propertyPath":"VALUE_TYPE","modelName":"newConfigModel"}}},"wdio_ui5_key":"etmportal.ui.manageclassifications.view.Createsap.ui.core.Icon{\"src\":{\"regex\":{\"source\":\"slim\\\\-arrow\\\\-down\"}}}{\"controlType\":\"sap.m.ComboBox\",\"viewName\":\"etm.portal.ui.manageclassifications.view.Create\",\"viewId\":\"application-manageclassifications-display-component---classificationCreate\",\"bindingPath\":{\"path\":\"/0\",\"propertyPath\":\"VALUE_TYPE\",\"modelName\":\"newConfigModel\"}}"}]}
RESULT: {"script":"<script> [1562 bytes]","args":[{"selector":{"controlType":"sap.ui.core.Icon","viewName":"etm.portal.ui.manageclassifications.view.Create","viewId":"application-manageclassifications-display-component---classificationCreate","properties":{"src":{"regex":{"source":"slim\\-arrow\\-down"}}},"ancestor":{"controlType":"sap.m.ComboBox","viewName":"etm.portal.ui.manageclassifications.view.Create","viewId":"application-manageclassifications-display-component---classificationCreate","bindingPath":{"path":"/0","propertyPath":"VALUE_TYPE","modelName":"newConfigModel"}}},"wdio_ui5_key":"etmportal.ui.manageclassifications.view.Createsap.ui.core.Icon{\"src\":{\"regex\":{\"source\":\"slim\\\\-arrow\\\\-down\"}}}{\"controlType\":\"sap.m.ComboBox\",\"viewName\":\"etm.portal.ui.manageclassifications.view.Create\",\"viewId\":\"application-manageclassifications-display-component---classificationCreate\",\"bindingPath\":{\"path\":\"/0\",\"propertyPath\":\"VALUE_TYPE\",\"modelName\":\"newConfigModel\"}}"}]}
RESULT: undefined
COMMAND: POST /session/004e8781a420927acb4284c1134f8905/element - {"using":"xpath","value":"//*[@id=\"__box10-application-manageclassifications-display-component---classificationCreate--configurationList-0-arrow\"]"}
RESULT: {"using":"xpath","value":"//*[@id=\"__box10-application-manageclassifications-display-component---classificationCreate--configurationList-0-arrow\"]"}
COMMAND: POST /session/004e8781a420927acb4284c1134f8905/element/f.B6308163BD667941B2C0E4D2A3AC438F.d.6B5273CB55C1E3CC6E6A3AF4B2ED0C18.e.6789/click - {}
RESULT: {}
COMMAND: POST /session/004e8781a420927acb4284c1134f8905/execute/async - {"script":"<script> [1562 bytes]","args":[{"selector":{"controlType":"sap.m.StandardListItem","viewName":"etm.portal.ui.manageclassifications.view.Create","viewId":"application-manageclassifications-display-component---classificationCreate","properties":{"title":"Dropdown"},"searchOpenDialogs":true,"interaction":{"idSuffix":"titleText"}},"wdio_ui5_key":"etmportal.ui.manageclassifications.view.Createsap.m.StandardListItem{\"title\":\"Dropdown\"}"}]}
COMMAND: GET /session/004e8781a420927acb4284c1134f8905/screenshot - {}
RESULT: {"script":"<script> [1562 bytes]","args":[{"selector":{"controlType":"sap.m.StandardListItem","viewName":"etm.portal.ui.manageclassifications.view.Create","viewId":"application-manageclassifications-display-component---classificationCreate","properties":{"title":"Dropdown"},"searchOpenDialogs":true,"interaction":{"idSuffix":"titleText"}},"wdio_ui5_key":"etmportal.ui.manageclassifications.view.Createsap.m.StandardListItem{\"title\":\"Dropdown\"}"}]}
RESULT: undefined
COMMAND: POST /session/004e8781a420927acb4284c1134f8905/element - {"using":"xpath","value":"//*[@id=\"__item81\"]"}
RESULT: {}
RESULT: {"using":"xpath","value":"//*[@id=\"__item81\"]"}
COMMAND: POST /session/004e8781a420927acb4284c1134f8905/element/f.B6308163BD667941B2C0E4D2A3AC438F.d.6B5273CB55C1E3CC6E6A3AF4B2ED0C18.e.6791/click - {}
RESULT: {}
COMMAND: POST /session/004e8781a420927acb4284c1134f8905/execute/async - {"script":"<script> [1562 bytes]","args":[{"selector":{"controlType":"sap.ui.core.Icon","viewName":"etm.portal.ui.manageclassifications.view.Create","viewId":"application-manageclassifications-display-component---classificationCreate","properties":{"src":{"regex":{"source":"crm\\-service\\-manager"}}}},"wdio_ui5_key":"etmportal.ui.manageclassifications.view.Createsap.ui.core.Icon{\"src\":{\"regex\":{\"source\":\"crm\\\\-service\\\\-manager\"}}}"}]}
COMMAND: GET /session/004e8781a420927acb4284c1134f8905/screenshot - {}
RESULT: {"script":"<script> [1562 bytes]","args":[{"selector":{"controlType":"sap.ui.core.Icon","viewName":"etm.portal.ui.manageclassifications.view.Create","viewId":"application-manageclassifications-display-component---classificationCreate","properties":{"src":{"regex":{"source":"crm\\-service\\-manager"}}}},"wdio_ui5_key":"etmportal.ui.manageclassifications.view.Createsap.ui.core.Icon{\"src\":{\"regex\":{\"source\":\"crm\\\\-service\\\\-manager\"}}}"}]}
RESULT: undefined
COMMAND: POST /session/004e8781a420927acb4284c1134f8905/element - {"using":"xpath","value":"//*[@id=\"__button20-application-manageclassifications-display-component---classificationCreate--configurationList-0-img\"]"}
RESULT: {}
RESULT: {"using":"xpath","value":"//*[@id=\"__button20-application-manageclassifications-display-component---classificationCreate--configurationList-0-img\"]"}
COMMAND: POST /session/004e8781a420927acb4284c1134f8905/element/f.B6308163BD667941B2C0E4D2A3AC438F.d.6B5273CB55C1E3CC6E6A3AF4B2ED0C18.e.6793/click - {}
RESULT: {}
COMMAND: POST /session/004e8781a420927acb4284c1134f8905/element - {"using":"xpath","value":"//button[@title=\"Add additional value\"]"}
COMMAND: GET /session/004e8781a420927acb4284c1134f8905/screenshot - {}
RESULT: {"using":"xpath","value":"//button[@title=\"Add additional value\"]"}
COMMAND: POST /session/004e8781a420927acb4284c1134f8905/element/f.B6308163BD667941B2C0E4D2A3AC438F.d.6B5273CB55C1E3CC6E6A3AF4B2ED0C18.e.6794/click - {}
RESULT: {}
RESULT: {}
COMMAND: POST /session/004e8781a420927acb4284c1134f8905/execute/async - {"script":"<script> [1562 bytes]","args":[{"selector":{"controlType":"sap.m.Input","viewName":"etm.portal.ui.manageclassifications.view.Create","viewId":"application-manageclassifications-display-component---classificationCreate","bindingPath":{"path":"/VALUES/0","propertyPath":"VALUE","modelName":"dropdownValuesModel"},"searchOpenDialogs":true,"interaction":{"idSuffix":"inner"}},"wdio_ui5_key":"etmportal.ui.manageclassifications.view.Createsap.m.Input{\"path\":\"/VALUES/0\",\"propertyPath\":\"VALUE\",\"modelName\":\"dropdownValuesModel\"}"}]}
COMMAND: GET /session/004e8781a420927acb4284c1134f8905/screenshot - {}
RESULT: {"script":"<script> [1562 bytes]","args":[{"selector":{"controlType":"sap.m.Input","viewName":"etm.portal.ui.manageclassifications.view.Create","viewId":"application-manageclassifications-display-component---classificationCreate","bindingPath":{"path":"/VALUES/0","propertyPath":"VALUE","modelName":"dropdownValuesModel"},"searchOpenDialogs":true,"interaction":{"idSuffix":"inner"}},"wdio_ui5_key":"etmportal.ui.manageclassifications.view.Createsap.m.Input{\"path\":\"/VALUES/0\",\"propertyPath\":\"VALUE\",\"modelName\":\"dropdownValuesModel\"}"}]}
RESULT: undefined
COMMAND: POST /session/004e8781a420927acb4284c1134f8905/execute/async - {"script":"<script> [776 bytes]","args":[{"enterText":"1","selector":{"controlType":"sap.m.Input","viewName":"etm.portal.ui.manageclassifications.view.Create","viewId":"application-manageclassifications-display-component---classificationCreate","bindingPath":{"path":"/VALUES/0","propertyPath":"VALUE","modelName":"dropdownValuesModel"},"searchOpenDialogs":true,"interaction":{"idSuffix":"inner"}},"clearTextFirst":true,"interactionType":"ENTER_TEXT"}]}
RESULT: {}
RESULT: {"script":"<script> [776 bytes]","args":[{"enterText":"1","selector":{"controlType":"sap.m.Input","viewName":"etm.portal.ui.manageclassifications.view.Create","viewId":"application-manageclassifications-display-component---classificationCreate","bindingPath":{"path":"/VALUES/0","propertyPath":"VALUE","modelName":"dropdownValuesModel"},"searchOpenDialogs":true,"interaction":{"idSuffix":"inner"}},"clearTextFirst":true,"interactionType":"ENTER_TEXT"}]}
COMMAND: POST /session/004e8781a420927acb4284c1134f8905/execute/async - {"script":"<script> [1562 bytes]","args":[{"selector":{"controlType":"sap.m.Input","viewName":"etm.portal.ui.manageclassifications.view.Create","viewId":"application-manageclassifications-display-component---classificationCreate","bindingPath":{"path":"/VALUES/0","propertyPath":"TEXT","modelName":"dropdownValuesModel"},"searchOpenDialogs":true,"interaction":{"idSuffix":"inner"}},"wdio_ui5_key":"etmportal.ui.manageclassifications.view.Createsap.m.Input{\"path\":\"/VALUES/0\",\"propertyPath\":\"TEXT\",\"modelName\":\"dropdownValuesModel\"}"}]}
RESULT: {"script":"<script> [1562 bytes]","args":[{"selector":{"controlType":"sap.m.Input","viewName":"etm.portal.ui.manageclassifications.view.Create","viewId":"application-manageclassifications-display-component---classificationCreate","bindingPath":{"path":"/VALUES/0","propertyPath":"TEXT","modelName":"dropdownValuesModel"},"searchOpenDialogs":true,"interaction":{"idSuffix":"inner"}},"wdio_ui5_key":"etmportal.ui.manageclassifications.view.Createsap.m.Input{\"path\":\"/VALUES/0\",\"propertyPath\":\"TEXT\",\"modelName\":\"dropdownValuesModel\"}"}]}
RESULT: undefined
COMMAND: POST /session/004e8781a420927acb4284c1134f8905/execute/async - {"script":"<script> [776 bytes]","args":[{"enterText":"blue","selector":{"controlType":"sap.m.Input","viewName":"etm.portal.ui.manageclassifications.view.Create","viewId":"application-manageclassifications-display-component---classificationCreate","bindingPath":{"path":"/VALUES/0","propertyPath":"TEXT","modelName":"dropdownValuesModel"},"searchOpenDialogs":true,"interaction":{"idSuffix":"inner"}},"clearTextFirst":true,"interactionType":"ENTER_TEXT"}]}
RESULT: {"script":"<script> [776 bytes]","args":[{"enterText":"blue","selector":{"controlType":"sap.m.Input","viewName":"etm.portal.ui.manageclassifications.view.Create","viewId":"application-manageclassifications-display-component---classificationCreate","bindingPath":{"path":"/VALUES/0","propertyPath":"TEXT","modelName":"dropdownValuesModel"},"searchOpenDialogs":true,"interaction":{"idSuffix":"inner"}},"clearTextFirst":true,"interactionType":"ENTER_TEXT"}]}
COMMAND: POST /session/004e8781a420927acb4284c1134f8905/element - {"using":"xpath","value":"//button[@title=\"Add additional value\"]"}
RESULT: {"using":"xpath","value":"//button[@title=\"Add additional value\"]"}
COMMAND: POST /session/004e8781a420927acb4284c1134f8905/element/f.B6308163BD667941B2C0E4D2A3AC438F.d.6B5273CB55C1E3CC6E6A3AF4B2ED0C18.e.6794/click - {}
RESULT: {}
COMMAND: POST /session/004e8781a420927acb4284c1134f8905/execute/async - {"script":"<script> [1562 bytes]","args":[{"selector":{"controlType":"sap.m.Input","viewName":"etm.portal.ui.manageclassifications.view.Create","viewId":"application-manageclassifications-display-component---classificationCreate","bindingPath":{"path":"/VALUES/1","propertyPath":"VALUE","modelName":"dropdownValuesModel"},"searchOpenDialogs":true,"interaction":{"idSuffix":"inner"}},"wdio_ui5_key":"etmportal.ui.manageclassifications.view.Createsap.m.Input{\"path\":\"/VALUES/1\",\"propertyPath\":\"VALUE\",\"modelName\":\"dropdownValuesModel\"}"}]}
COMMAND: GET /session/004e8781a420927acb4284c1134f8905/screenshot - {}
RESULT: {"script":"<script> [1562 bytes]","args":[{"selector":{"controlType":"sap.m.Input","viewName":"etm.portal.ui.manageclassifications.view.Create","viewId":"application-manageclassifications-display-component---classificationCreate","bindingPath":{"path":"/VALUES/1","propertyPath":"VALUE","modelName":"dropdownValuesModel"},"searchOpenDialogs":true,"interaction":{"idSuffix":"inner"}},"wdio_ui5_key":"etmportal.ui.manageclassifications.view.Createsap.m.Input{\"path\":\"/VALUES/1\",\"propertyPath\":\"VALUE\",\"modelName\":\"dropdownValuesModel\"}"}]}
RESULT: undefined
COMMAND: POST /session/004e8781a420927acb4284c1134f8905/execute/async - {"script":"<script> [776 bytes]","args":[{"enterText":"2","selector":{"controlType":"sap.m.Input","viewName":"etm.portal.ui.manageclassifications.view.Create","viewId":"application-manageclassifications-display-component---classificationCreate","bindingPath":{"path":"/VALUES/1","propertyPath":"VALUE","modelName":"dropdownValuesModel"},"searchOpenDialogs":true,"interaction":{"idSuffix":"inner"}},"clearTextFirst":true,"interactionType":"ENTER_TEXT"}]}
RESULT: {}
RESULT: {"script":"<script> [776 bytes]","args":[{"enterText":"2","selector":{"controlType":"sap.m.Input","viewName":"etm.portal.ui.manageclassifications.view.Create","viewId":"application-manageclassifications-display-component---classificationCreate","bindingPath":{"path":"/VALUES/1","propertyPath":"VALUE","modelName":"dropdownValuesModel"},"searchOpenDialogs":true,"interaction":{"idSuffix":"inner"}},"clearTextFirst":true,"interactionType":"ENTER_TEXT"}]}
COMMAND: POST /session/004e8781a420927acb4284c1134f8905/execute/async - {"script":"<script> [1562 bytes]","args":[{"selector":{"controlType":"sap.m.Input","viewName":"etm.portal.ui.manageclassifications.view.Create","viewId":"application-manageclassifications-display-component---classificationCreate","bindingPath":{"path":"/VALUES/1","propertyPath":"TEXT","modelName":"dropdownValuesModel"},"searchOpenDialogs":true,"interaction":{"idSuffix":"inner"}},"wdio_ui5_key":"etmportal.ui.manageclassifications.view.Createsap.m.Input{\"path\":\"/VALUES/1\",\"propertyPath\":\"TEXT\",\"modelName\":\"dropdownValuesModel\"}"}]}
RESULT: {"script":"<script> [1562 bytes]","args":[{"selector":{"controlType":"sap.m.Input","viewName":"etm.portal.ui.manageclassifications.view.Create","viewId":"application-manageclassifications-display-component---classificationCreate","bindingPath":{"path":"/VALUES/1","propertyPath":"TEXT","modelName":"dropdownValuesModel"},"searchOpenDialogs":true,"interaction":{"idSuffix":"inner"}},"wdio_ui5_key":"etmportal.ui.manageclassifications.view.Createsap.m.Input{\"path\":\"/VALUES/1\",\"propertyPath\":\"TEXT\",\"modelName\":\"dropdownValuesModel\"}"}]}
RESULT: undefined
COMMAND: POST /session/004e8781a420927acb4284c1134f8905/execute/async - {"script":"<script> [776 bytes]","args":[{"enterText":"red","selector":{"controlType":"sap.m.Input","viewName":"etm.portal.ui.manageclassifications.view.Create","viewId":"application-manageclassifications-display-component---classificationCreate","bindingPath":{"path":"/VALUES/1","propertyPath":"TEXT","modelName":"dropdownValuesModel"},"searchOpenDialogs":true,"interaction":{"idSuffix":"inner"}},"clearTextFirst":true,"interactionType":"ENTER_TEXT"}]}
RESULT: {"script":"<script> [776 bytes]","args":[{"enterText":"red","selector":{"controlType":"sap.m.Input","viewName":"etm.portal.ui.manageclassifications.view.Create","viewId":"application-manageclassifications-display-component---classificationCreate","bindingPath":{"path":"/VALUES/1","propertyPath":"TEXT","modelName":"dropdownValuesModel"},"searchOpenDialogs":true,"interaction":{"idSuffix":"inner"}},"clearTextFirst":true,"interactionType":"ENTER_TEXT"}]}
COMMAND: POST /session/004e8781a420927acb4284c1134f8905/execute/async - {"script":"<script> [1562 bytes]","args":[{"selector":{"controlType":"sap.m.Button","viewName":"etm.portal.ui.manageclassifications.view.Create","viewId":"application-manageclassifications-display-component---classificationCreate","i18NText":{"propertyName":"text","key":"save"},"searchOpenDialogs":true,"interaction":{"idSuffix":"BDI-content"}},"wdio_ui5_key":"etmportal.ui.manageclassifications.view.Createsap.m.Button{\"propertyName\":\"text\",\"key\":\"save\"}"}]}
RESULT: {"script":"<script> [1562 bytes]","args":[{"selector":{"controlType":"sap.m.Button","viewName":"etm.portal.ui.manageclassifications.view.Create","viewId":"application-manageclassifications-display-component---classificationCreate","i18NText":{"propertyName":"text","key":"save"},"searchOpenDialogs":true,"interaction":{"idSuffix":"BDI-content"}},"wdio_ui5_key":"etmportal.ui.manageclassifications.view.Createsap.m.Button{\"propertyName\":\"text\",\"key\":\"save\"}"}]}
RESULT: undefined
COMMAND: POST /session/004e8781a420927acb4284c1134f8905/element - {"using":"xpath","value":"//*[@id=\"__button30\"]"}
RESULT: {"using":"xpath","value":"//*[@id=\"__button30\"]"}
COMMAND: POST /session/004e8781a420927acb4284c1134f8905/element/f.B6308163BD667941B2C0E4D2A3AC438F.d.6B5273CB55C1E3CC6E6A3AF4B2ED0C18.e.6814/click - {}
RESULT: {}
COMMAND: GET /session/004e8781a420927acb4284c1134f8905/screenshot - {}
RESULT: {}
COMMAND: POST /session/004e8781a420927acb4284c1134f8905/element - {"using":"xpath","value":"//button[@title=\"Save\"]"}
RESULT: {"using":"xpath","value":"//button[@title=\"Save\"]"}
COMMAND: POST /session/004e8781a420927acb4284c1134f8905/element/f.B6308163BD667941B2C0E4D2A3AC438F.d.6B5273CB55C1E3CC6E6A3AF4B2ED0C18.e.6752/click - {}
RESULT: {}
COMMAND: GET /session/004e8781a420927acb4284c1134f8905/screenshot - {}
RESULT: {}
COMMAND: POST /session/004e8781a420927acb4284c1134f8905/execute/async - {"script":"<script> [1562 bytes]","args":[{"selector":{"id":"application-manageclassifications-display-component---classificationMaster--smartFilterBar-btnBasicSearch","interaction":{"idSuffix":"I"}},"wdio_ui5_key":"applicationmanageclassifications-display-component---classificationMaster--smartFilterBar-btnBasicSearch"}]}
RESULT: {"script":"<script> [1562 bytes]","args":[{"selector":{"id":"application-manageclassifications-display-component---classificationMaster--smartFilterBar-btnBasicSearch","interaction":{"idSuffix":"I"}},"wdio_ui5_key":"applicationmanageclassifications-display-component---classificationMaster--smartFilterBar-btnBasicSearch"}]}
RESULT: undefined
COMMAND: POST /session/004e8781a420927acb4284c1134f8905/execute/async - {"script":"<script> [776 bytes]","args":[{"enterText":"WebdriverItemClasshr1pm","selector":{"id":"application-manageclassifications-display-component---classificationMaster--smartFilterBar-btnBasicSearch","interaction":{"idSuffix":"I"}},"clearTextFirst":true,"interactionType":"ENTER_TEXT"}]}
RESULT: {"script":"<script> [776 bytes]","args":[{"enterText":"WebdriverItemClasshr1pm","selector":{"id":"application-manageclassifications-display-component---classificationMaster--smartFilterBar-btnBasicSearch","interaction":{"idSuffix":"I"}},"clearTextFirst":true,"interactionType":"ENTER_TEXT"}]}
COMMAND: POST /session/004e8781a420927acb4284c1134f8905/actions - {"actions":[{"id":"action44","type":"key","parameters":{},"actions":[{"type":"keyDown","value":"î€‡"},{"type":"pause","duration":10},{"type":"keyUp","value":"î€‡"}]}]}
RESULT: {"actions":[{"id":"action44","type":"key","parameters":{},"actions":[{"type":"keyDown","value":"î€‡"},{"type":"pause","duration":10},{"type":"keyUp","value":"î€‡"}]}]}
COMMAND: POST /session/004e8781a420927acb4284c1134f8905/execute/async - {"script":"<script> [1562 bytes]","args":[{"selector":{"id":"application-manageclassifications-display-component---classificationMaster--smartTable-header"},"wdio_ui5_key":"applicationmanageclassifications-display-component---classificationMaster--smartTable-header"}]}
COMMAND: GET /session/004e8781a420927acb4284c1134f8905/screenshot - {}
RESULT: {"script":"<script> [1562 bytes]","args":[{"selector":{"id":"application-manageclassifications-display-component---classificationMaster--smartTable-header"},"wdio_ui5_key":"applicationmanageclassifications-display-component---classificationMaster--smartTable-header"}]}
RESULT: undefined
COMMAND: POST /session/004e8781a420927acb4284c1134f8905/execute/async - {"script":"<script> [6424 bytes]","args":[{"element-6066-11e4-a52e-4f735466cecf":"f.B6308163BD667941B2C0E4D2A3AC438F.d.6B5273CB55C1E3CC6E6A3AF4B2ED0C18.e.7025"},"getText",[]]}
RESULT: {}
RESULT: {"script":"<script> [6424 bytes]","args":[{"element-6066-11e4-a52e-4f735466cecf":"f.B6308163BD667941B2C0E4D2A3AC438F.d.6B5273CB55C1E3CC6E6A3AF4B2ED0C18.e.7025"},"getText",[]]}
COMMAND: POST /session/004e8781a420927acb4284c1134f8905/element - {"using":"css selector","value":"#shell-header-logo"}
RESULT: {"using":"css selector","value":"#shell-header-logo"}
COMMAND: POST /session/004e8781a420927acb4284c1134f8905/element/f.B6308163BD667941B2C0E4D2A3AC438F.d.6B5273CB55C1E3CC6E6A3AF4B2ED0C18.e.6332/click - {}
RESULT: {}
COMMAND: GET /session/004e8781a420927acb4284c1134f8905/screenshot - {}
RESULT: {}
]]></system-out>
    </testcase>
    <testcase classname="chrome.136_0_7103_49.windows.Manage_requests_-_requests_specifications_US141095" name="Should create a new section and a catalog item" time="127.974">
      <system-out><![CDATA[
COMMAND: POST /session/004e8781a420927acb4284c1134f8905/execute/async - {"script":"<script> [1562 bytes]","args":[{"selector":{"controlType":"sap.m.GenericTile","properties":{"header":"Manage Catalogs"}},"wdio_ui5_key":"sapm.GenericTile{\"header\":\"Manage Catalogs\"}"}]}
RESULT: {"script":"<script> [1562 bytes]","args":[{"selector":{"controlType":"sap.m.GenericTile","properties":{"header":"Manage Catalogs"}},"wdio_ui5_key":"sapm.GenericTile{\"header\":\"Manage Catalogs\"}"}]}
RESULT: undefined
COMMAND: POST /session/004e8781a420927acb4284c1134f8905/element - {"using":"xpath","value":"//*[@id=\"__tile37\"]"}
RESULT: {"using":"xpath","value":"//*[@id=\"__tile37\"]"}
COMMAND: POST /session/004e8781a420927acb4284c1134f8905/element/f.B6308163BD667941B2C0E4D2A3AC438F.d.6B5273CB55C1E3CC6E6A3AF4B2ED0C18.e.7029/click - {}
RESULT: {}
COMMAND: GET /session/004e8781a420927acb4284c1134f8905/screenshot - {}
RESULT: {}
COMMAND: POST /session/004e8781a420927acb4284c1134f8905/execute/async - {"script":"<script> [1562 bytes]","args":[{"selector":{"controlType":"sap.m.Text","viewName":"etm.portal.ui.managecatalogs.view.MasterCatalogs","viewId":"application-managecatalogs-display-component---masterCatalogs","bindingPath":{"path":"/Catalogs('0D7502D073D53A0F1700BE067B89AFF9')","propertyPath":"DESCRIPTION","modelName":"catalogModel"}},"wdio_ui5_key":"etmportal.ui.managecatalogs.view.MasterCatalogssap.m.Text{\"path\":\"/Catalogs('0D7502D073D53A0F1700BE067B89AFF9')\",\"propertyPath\":\"DESCRIPTION\",\"modelName\":\"catalogModel\"}"}]}
RESULT: {"script":"<script> [1562 bytes]","args":[{"selector":{"controlType":"sap.m.Text","viewName":"etm.portal.ui.managecatalogs.view.MasterCatalogs","viewId":"application-managecatalogs-display-component---masterCatalogs","bindingPath":{"path":"/Catalogs('0D7502D073D53A0F1700BE067B89AFF9')","propertyPath":"DESCRIPTION","modelName":"catalogModel"}},"wdio_ui5_key":"etmportal.ui.managecatalogs.view.MasterCatalogssap.m.Text{\"path\":\"/Catalogs('0D7502D073D53A0F1700BE067B89AFF9')\",\"propertyPath\":\"DESCRIPTION\",\"modelName\":\"catalogModel\"}"}]}
RESULT: undefined
COMMAND: POST /session/004e8781a420927acb4284c1134f8905/element - {"using":"xpath","value":"//*[@id=\"__text431-application-managecatalogs-display-component---masterCatalogs--CatalogsTable-11\"]"}
RESULT: {"using":"xpath","value":"//*[@id=\"__text431-application-managecatalogs-display-component---masterCatalogs--CatalogsTable-11\"]"}
COMMAND: POST /session/004e8781a420927acb4284c1134f8905/element/f.B6308163BD667941B2C0E4D2A3AC438F.d.6B5273CB55C1E3CC6E6A3AF4B2ED0C18.e.7097/click - {}
RESULT: {}
COMMAND: POST /session/004e8781a420927acb4284c1134f8905/execute/async - {"script":"<script> [1562 bytes]","args":[{"selector":{"controlType":"sap.ui.layout.HorizontalLayout","viewName":"etm.portal.ui.managecatalogs.view.MasterItems","viewId":"application-managecatalogs-display-component---masterCatalogItems","ancestor":{"id":"application-managecatalogs-display-component---masterCatalogItems--idCatalogItemsTree-rows-row0"}},"wdio_ui5_key":"etmportal.ui.managecatalogs.view.MasterItemssap.ui.layout.HorizontalLayout{\"id\":\"application-managecatalogs-display-component---masterCatalogItems--idCatalogItemsTree-rows-row0\"}"}]}
COMMAND: GET /session/004e8781a420927acb4284c1134f8905/screenshot - {}
RESULT: {"script":"<script> [1562 bytes]","args":[{"selector":{"controlType":"sap.ui.layout.HorizontalLayout","viewName":"etm.portal.ui.managecatalogs.view.MasterItems","viewId":"application-managecatalogs-display-component---masterCatalogItems","ancestor":{"id":"application-managecatalogs-display-component---masterCatalogItems--idCatalogItemsTree-rows-row0"}},"wdio_ui5_key":"etmportal.ui.managecatalogs.view.MasterItemssap.ui.layout.HorizontalLayout{\"id\":\"application-managecatalogs-display-component---masterCatalogItems--idCatalogItemsTree-rows-row0\"}"}]}
RESULT: undefined
COMMAND: POST /session/004e8781a420927acb4284c1134f8905/element - {"using":"xpath","value":"//*[@id=\"__layout60-__clone510\"]"}
RESULT: {}
RESULT: {"using":"xpath","value":"//*[@id=\"__layout60-__clone510\"]"}
COMMAND: POST /session/004e8781a420927acb4284c1134f8905/element/f.B6308163BD667941B2C0E4D2A3AC438F.d.6B5273CB55C1E3CC6E6A3AF4B2ED0C18.e.7132/click - {}
RESULT: {}
COMMAND: GET /session/004e8781a420927acb4284c1134f8905/screenshot - {}
COMMAND: POST /session/004e8781a420927acb4284c1134f8905/execute/async - {"script":"<script> [1562 bytes]","args":[{"selector":{"controlType":"sap.m.Button","viewName":"etm.portal.ui.managecatalogs.view.Detail","viewId":"application-managecatalogs-display-component---detailCatalog","i18NText":{"propertyName":"text","key":"edit"},"interaction":{"idSuffix":"BDI-content"}},"wdio_ui5_key":"etmportal.ui.managecatalogs.view.Detailsap.m.Button{\"propertyName\":\"text\",\"key\":\"edit\"}"}]}
RESULT: {}
RESULT: {"script":"<script> [1562 bytes]","args":[{"selector":{"controlType":"sap.m.Button","viewName":"etm.portal.ui.managecatalogs.view.Detail","viewId":"application-managecatalogs-display-component---detailCatalog","i18NText":{"propertyName":"text","key":"edit"},"interaction":{"idSuffix":"BDI-content"}},"wdio_ui5_key":"etmportal.ui.managecatalogs.view.Detailsap.m.Button{\"propertyName\":\"text\",\"key\":\"edit\"}"}]}
RESULT: undefined
COMMAND: POST /session/004e8781a420927acb4284c1134f8905/element - {"using":"xpath","value":"//*[@id=\"__button74\"]"}
RESULT: {"using":"xpath","value":"//*[@id=\"__button74\"]"}
COMMAND: POST /session/004e8781a420927acb4284c1134f8905/element/f.B6308163BD667941B2C0E4D2A3AC438F.d.6B5273CB55C1E3CC6E6A3AF4B2ED0C18.e.7220/click - {}
RESULT: {}
COMMAND: GET /session/004e8781a420927acb4284c1134f8905/screenshot - {}
RESULT: {}
COMMAND: POST /session/004e8781a420927acb4284c1134f8905/element - {"using":"xpath","value":"//bdi[contains(text(), \"Unlock\")]"}
RESULT: {"using":"xpath","value":"//bdi[contains(text(), \"Unlock\")]"}
COMMAND: POST /session/004e8781a420927acb4284c1134f8905/elements - {"using":"xpath","value":"//bdi[contains(text(), \"Unlock\")]"}
RESULT: {"using":"xpath","value":"//bdi[contains(text(), \"Unlock\")]"}
COMMAND: POST /session/004e8781a420927acb4284c1134f8905/execute/async - {"script":"<script> [1562 bytes]","args":[{"selector":{"controlType":"sap.ui.core.Icon","viewName":"etm.portal.ui.managecatalogs.view.Detail","viewId":"application-managecatalogs-display-component---detailCatalog","properties":{"src":{"regex":{"source":"add\\-folder"}}}},"wdio_ui5_key":"etmportal.ui.managecatalogs.view.Detailsap.ui.core.Icon{\"src\":{\"regex\":{\"source\":\"add\\\\-folder\"}}}"}]}
RESULT: {"script":"<script> [1562 bytes]","args":[{"selector":{"controlType":"sap.ui.core.Icon","viewName":"etm.portal.ui.managecatalogs.view.Detail","viewId":"application-managecatalogs-display-component---detailCatalog","properties":{"src":{"regex":{"source":"add\\-folder"}}}},"wdio_ui5_key":"etmportal.ui.managecatalogs.view.Detailsap.ui.core.Icon{\"src\":{\"regex\":{\"source\":\"add\\\\-folder\"}}}"}]}
RESULT: undefined
COMMAND: POST /session/004e8781a420927acb4284c1134f8905/element - {"using":"xpath","value":"//*[@id=\"__button82-img\"]"}
RESULT: {"using":"xpath","value":"//*[@id=\"__button82-img\"]"}
COMMAND: POST /session/004e8781a420927acb4284c1134f8905/element/f.B6308163BD667941B2C0E4D2A3AC438F.d.6B5273CB55C1E3CC6E6A3AF4B2ED0C18.e.7229/click - {}
RESULT: {}
COMMAND: GET /session/004e8781a420927acb4284c1134f8905/screenshot - {}
RESULT: {}
COMMAND: POST /session/004e8781a420927acb4284c1134f8905/execute/async - {"script":"<script> [1562 bytes]","args":[{"selector":{"id":"application-managecatalogs-display-component---detailCatalog--numberInput","searchOpenDialogs":true,"interaction":{"idSuffix":"inner"}},"wdio_ui5_key":"applicationmanagecatalogs-display-component---detailCatalog--numberInput"}]}
RESULT: {"script":"<script> [1562 bytes]","args":[{"selector":{"id":"application-managecatalogs-display-component---detailCatalog--numberInput","searchOpenDialogs":true,"interaction":{"idSuffix":"inner"}},"wdio_ui5_key":"applicationmanagecatalogs-display-component---detailCatalog--numberInput"}]}
RESULT: undefined
COMMAND: POST /session/004e8781a420927acb4284c1134f8905/execute/async - {"script":"<script> [776 bytes]","args":[{"enterText":"Sectionbhnzbi","selector":{"id":"application-managecatalogs-display-component---detailCatalog--numberInput","searchOpenDialogs":true,"interaction":{"idSuffix":"inner"}},"clearTextFirst":true,"interactionType":"ENTER_TEXT"}]}
RESULT: {"script":"<script> [776 bytes]","args":[{"enterText":"Sectionbhnzbi","selector":{"id":"application-managecatalogs-display-component---detailCatalog--numberInput","searchOpenDialogs":true,"interaction":{"idSuffix":"inner"}},"clearTextFirst":true,"interactionType":"ENTER_TEXT"}]}
COMMAND: POST /session/004e8781a420927acb4284c1134f8905/element - {"using":"css selector","value":"#application-managecatalogs-display-component---detailCatalog--nameInput-inner"}
RESULT: {"using":"css selector","value":"#application-managecatalogs-display-component---detailCatalog--nameInput-inner"}
COMMAND: POST /session/004e8781a420927acb4284c1134f8905/elements - {"using":"css selector","value":"#application-managecatalogs-display-component---detailCatalog--nameInput-inner"}
RESULT: {"using":"css selector","value":"#application-managecatalogs-display-component---detailCatalog--nameInput-inner"}
COMMAND: POST /session/004e8781a420927acb4284c1134f8905/element/f.B6308163BD667941B2C0E4D2A3AC438F.d.6B5273CB55C1E3CC6E6A3AF4B2ED0C18.e.7233/clear - {}
RESULT: {}
COMMAND: POST /session/004e8781a420927acb4284c1134f8905/element/f.B6308163BD667941B2C0E4D2A3AC438F.d.6B5273CB55C1E3CC6E6A3AF4B2ED0C18.e.7233/value - {"text":"Webdriverw3kty"}
COMMAND: GET /session/004e8781a420927acb4284c1134f8905/screenshot - {}
RESULT: {"text":"Webdriverw3kty"}
COMMAND: POST /session/004e8781a420927acb4284c1134f8905/execute/async - {"script":"<script> [1562 bytes]","args":[{"selector":{"controlType":"sap.m.Button","viewName":"etm.portal.ui.managecatalogs.view.Detail","viewId":"application-managecatalogs-display-component---detailCatalog","i18NText":{"propertyName":"text","key":"create"},"searchOpenDialogs":true,"interaction":{"idSuffix":"BDI-content"}},"wdio_ui5_key":"etmportal.ui.managecatalogs.view.Detailsap.m.Button{\"propertyName\":\"text\",\"key\":\"create\"}"}]}
COMMAND: GET /session/004e8781a420927acb4284c1134f8905/screenshot - {}
RESULT: {}
RESULT: {"script":"<script> [1562 bytes]","args":[{"selector":{"controlType":"sap.m.Button","viewName":"etm.portal.ui.managecatalogs.view.Detail","viewId":"application-managecatalogs-display-component---detailCatalog","i18NText":{"propertyName":"text","key":"create"},"searchOpenDialogs":true,"interaction":{"idSuffix":"BDI-content"}},"wdio_ui5_key":"etmportal.ui.managecatalogs.view.Detailsap.m.Button{\"propertyName\":\"text\",\"key\":\"create\"}"}]}
RESULT: undefined
COMMAND: POST /session/004e8781a420927acb4284c1134f8905/element - {"using":"xpath","value":"//*[@id=\"__button52\"]"}
RESULT: {}
RESULT: {"using":"xpath","value":"//*[@id=\"__button52\"]"}
COMMAND: POST /session/004e8781a420927acb4284c1134f8905/element/f.B6308163BD667941B2C0E4D2A3AC438F.d.6B5273CB55C1E3CC6E6A3AF4B2ED0C18.e.7238/click - {}
RESULT: {}
COMMAND: GET /session/004e8781a420927acb4284c1134f8905/screenshot - {}
RESULT: {}
COMMAND: POST /session/004e8781a420927acb4284c1134f8905/element - {"using":"xpath","value":"//button[@title=\"Save\"]"}
RESULT: {"using":"xpath","value":"//button[@title=\"Save\"]"}
COMMAND: POST /session/004e8781a420927acb4284c1134f8905/element/f.B6308163BD667941B2C0E4D2A3AC438F.d.6B5273CB55C1E3CC6E6A3AF4B2ED0C18.e.7239/click - {}
RESULT: {}
COMMAND: POST /session/004e8781a420927acb4284c1134f8905/execute/async - {"script":"<script> [1562 bytes]","args":[{"selector":{"controlType":"sap.ui.core.Icon","viewName":"etm.portal.ui.managecatalogs.view.Detail","viewId":"application-managecatalogs-display-component---detailCatalog","properties":{"src":{"regex":{"source":"decline"}}}},"wdio_ui5_key":"etmportal.ui.managecatalogs.view.Detailsap.ui.core.Icon{\"src\":{\"regex\":{\"source\":\"decline\"}}}"}]}
COMMAND: GET /session/004e8781a420927acb4284c1134f8905/screenshot - {}
RESULT: {"script":"<script> [1562 bytes]","args":[{"selector":{"controlType":"sap.ui.core.Icon","viewName":"etm.portal.ui.managecatalogs.view.Detail","viewId":"application-managecatalogs-display-component---detailCatalog","properties":{"src":{"regex":{"source":"decline"}}}},"wdio_ui5_key":"etmportal.ui.managecatalogs.view.Detailsap.ui.core.Icon{\"src\":{\"regex\":{\"source\":\"decline\"}}}"}]}
RESULT: undefined
COMMAND: POST /session/004e8781a420927acb4284c1134f8905/element - {"using":"xpath","value":"//*[@id=\"__button77-img\"]"}
RESULT: {}
RESULT: {"using":"xpath","value":"//*[@id=\"__button77-img\"]"}
COMMAND: POST /session/004e8781a420927acb4284c1134f8905/element/f.B6308163BD667941B2C0E4D2A3AC438F.d.6B5273CB55C1E3CC6E6A3AF4B2ED0C18.e.7246/click - {}
RESULT: {}
COMMAND: GET /session/004e8781a420927acb4284c1134f8905/screenshot - {}
COMMAND: POST /session/004e8781a420927acb4284c1134f8905/execute/async - {"script":"<script> [1562 bytes]","args":[{"selector":{"controlType":"sap.ui.core.Icon","viewName":"etm.portal.ui.managecatalogs.view.MasterItems","viewId":"application-managecatalogs-display-component---masterCatalogItems","properties":{"src":{"regex":{"source":"refresh"}}}},"wdio_ui5_key":"etmportal.ui.managecatalogs.view.MasterItemssap.ui.core.Icon{\"src\":{\"regex\":{\"source\":\"refresh\"}}}"}]}
RESULT: {}
RESULT: {"script":"<script> [1562 bytes]","args":[{"selector":{"controlType":"sap.ui.core.Icon","viewName":"etm.portal.ui.managecatalogs.view.MasterItems","viewId":"application-managecatalogs-display-component---masterCatalogItems","properties":{"src":{"regex":{"source":"refresh"}}}},"wdio_ui5_key":"etmportal.ui.managecatalogs.view.MasterItemssap.ui.core.Icon{\"src\":{\"regex\":{\"source\":\"refresh\"}}}"}]}
RESULT: undefined
COMMAND: POST /session/004e8781a420927acb4284c1134f8905/element - {"using":"xpath","value":"//*[@id=\"__button50-img\"]"}
RESULT: {"using":"xpath","value":"//*[@id=\"__button50-img\"]"}
COMMAND: POST /session/004e8781a420927acb4284c1134f8905/element/f.B6308163BD667941B2C0E4D2A3AC438F.d.6B5273CB55C1E3CC6E6A3AF4B2ED0C18.e.7280/click - {}
RESULT: {}
COMMAND: POST /session/004e8781a420927acb4284c1134f8905/execute/async - {"script":"<script> [1562 bytes]","args":[{"selector":{"id":"application-managecatalogs-display-component---masterCatalogItems--searchItemsField","interaction":{"idSuffix":"I"}},"wdio_ui5_key":"applicationmanagecatalogs-display-component---masterCatalogItems--searchItemsField"}]}
COMMAND: GET /session/004e8781a420927acb4284c1134f8905/screenshot - {}
RESULT: {"script":"<script> [1562 bytes]","args":[{"selector":{"id":"application-managecatalogs-display-component---masterCatalogItems--searchItemsField","interaction":{"idSuffix":"I"}},"wdio_ui5_key":"applicationmanagecatalogs-display-component---masterCatalogItems--searchItemsField"}]}
RESULT: undefined
COMMAND: POST /session/004e8781a420927acb4284c1134f8905/execute/async - {"script":"<script> [776 bytes]","args":[{"enterText":"Webdriverw3kty","selector":{"id":"application-managecatalogs-display-component---masterCatalogItems--searchItemsField","interaction":{"idSuffix":"I"}},"clearTextFirst":true,"interactionType":"ENTER_TEXT"}]}
RESULT: {}
RESULT: {"script":"<script> [776 bytes]","args":[{"enterText":"Webdriverw3kty","selector":{"id":"application-managecatalogs-display-component---masterCatalogItems--searchItemsField","interaction":{"idSuffix":"I"}},"clearTextFirst":true,"interactionType":"ENTER_TEXT"}]}
COMMAND: POST /session/004e8781a420927acb4284c1134f8905/actions - {"actions":[{"id":"action45","type":"key","parameters":{},"actions":[{"type":"keyDown","value":"î€‡"},{"type":"pause","duration":10},{"type":"keyUp","value":"î€‡"}]}]}
RESULT: {"actions":[{"id":"action45","type":"key","parameters":{},"actions":[{"type":"keyDown","value":"î€‡"},{"type":"pause","duration":10},{"type":"keyUp","value":"î€‡"}]}]}
COMMAND: POST /session/004e8781a420927acb4284c1134f8905/element - {"using":"xpath","value":"(//span[contains(text(), \"Webdriverw3kty\")])[1]"}
COMMAND: GET /session/004e8781a420927acb4284c1134f8905/screenshot - {}
RESULT: {"using":"xpath","value":"(//span[contains(text(), \"Webdriverw3kty\")])[1]"}
COMMAND: POST /session/004e8781a420927acb4284c1134f8905/element/f.B6308163BD667941B2C0E4D2A3AC438F.d.6B5273CB55C1E3CC6E6A3AF4B2ED0C18.e.7283/click - {}
RESULT: {}
RESULT: {}
COMMAND: GET /session/004e8781a420927acb4284c1134f8905/screenshot - {}
RESULT: {}
RESULT: undefined
COMMAND: POST /session/004e8781a420927acb4284c1134f8905/element - {"using":"xpath","value":"//*[@id=\"__button74\"]"}
RESULT: {"using":"xpath","value":"//*[@id=\"__button74\"]"}
COMMAND: POST /session/004e8781a420927acb4284c1134f8905/element/f.B6308163BD667941B2C0E4D2A3AC438F.d.6B5273CB55C1E3CC6E6A3AF4B2ED0C18.e.7320/click - {}
RESULT: {}
COMMAND: GET /session/004e8781a420927acb4284c1134f8905/screenshot - {}
RESULT: {}
RESULT: undefined
COMMAND: POST /session/004e8781a420927acb4284c1134f8905/element - {"using":"xpath","value":"//*[@id=\"__button82-img\"]"}
RESULT: {"using":"xpath","value":"//*[@id=\"__button82-img\"]"}
COMMAND: POST /session/004e8781a420927acb4284c1134f8905/element/f.B6308163BD667941B2C0E4D2A3AC438F.d.6B5273CB55C1E3CC6E6A3AF4B2ED0C18.e.7370/click - {}
RESULT: {}
COMMAND: GET /session/004e8781a420927acb4284c1134f8905/screenshot - {}
RESULT: {}
RESULT: undefined
COMMAND: POST /session/004e8781a420927acb4284c1134f8905/execute/async - {"script":"<script> [776 bytes]","args":[{"enterText":"SecondSection8pzfe","selector":{"id":"application-managecatalogs-display-component---detailCatalog--numberInput","searchOpenDialogs":true,"interaction":{"idSuffix":"inner"}},"clearTextFirst":true,"interactionType":"ENTER_TEXT"}]}
RESULT: {"script":"<script> [776 bytes]","args":[{"enterText":"SecondSection8pzfe","selector":{"id":"application-managecatalogs-display-component---detailCatalog--numberInput","searchOpenDialogs":true,"interaction":{"idSuffix":"inner"}},"clearTextFirst":true,"interactionType":"ENTER_TEXT"}]}
COMMAND: POST /session/004e8781a420927acb4284c1134f8905/element - {"using":"xpath","value":"//input[contains(@id ,\"application-managecatalogs-display-component---detailCatalog--nameInput-inner\")]"}
RESULT: {"using":"xpath","value":"//input[contains(@id ,\"application-managecatalogs-display-component---detailCatalog--nameInput-inner\")]"}
COMMAND: POST /session/004e8781a420927acb4284c1134f8905/elements - {"using":"xpath","value":"//input[contains(@id ,\"application-managecatalogs-display-component---detailCatalog--nameInput-inner\")]"}
RESULT: {"using":"xpath","value":"//input[contains(@id ,\"application-managecatalogs-display-component---detailCatalog--nameInput-inner\")]"}
COMMAND: POST /session/004e8781a420927acb4284c1134f8905/element/f.B6308163BD667941B2C0E4D2A3AC438F.d.6B5273CB55C1E3CC6E6A3AF4B2ED0C18.e.7374/clear - {}
RESULT: {}
COMMAND: POST /session/004e8781a420927acb4284c1134f8905/element/f.B6308163BD667941B2C0E4D2A3AC438F.d.6B5273CB55C1E3CC6E6A3AF4B2ED0C18.e.7374/value - {"text":"webdriversecondouyvif"}
COMMAND: GET /session/004e8781a420927acb4284c1134f8905/screenshot - {}
RESULT: {"text":"webdriversecondouyvif"}
RESULT: undefined
COMMAND: POST /session/004e8781a420927acb4284c1134f8905/element - {"using":"xpath","value":"//*[@id=\"__button52\"]"}
COMMAND: GET /session/004e8781a420927acb4284c1134f8905/screenshot - {}
RESULT: {}
RESULT: {"using":"xpath","value":"//*[@id=\"__button52\"]"}
COMMAND: POST /session/004e8781a420927acb4284c1134f8905/element/f.B6308163BD667941B2C0E4D2A3AC438F.d.6B5273CB55C1E3CC6E6A3AF4B2ED0C18.e.7377/click - {}
RESULT: {}
RESULT: {}
COMMAND: GET /session/004e8781a420927acb4284c1134f8905/screenshot - {}
RESULT: {}
COMMAND: POST /session/004e8781a420927acb4284c1134f8905/element - {"using":"xpath","value":"//button[@title=\"Save\"]"}
RESULT: {"using":"xpath","value":"//button[@title=\"Save\"]"}
COMMAND: POST /session/004e8781a420927acb4284c1134f8905/element/f.B6308163BD667941B2C0E4D2A3AC438F.d.6B5273CB55C1E3CC6E6A3AF4B2ED0C18.e.7355/click - {}
RESULT: {}
COMMAND: GET /session/004e8781a420927acb4284c1134f8905/screenshot - {}
RESULT: {}
RESULT: undefined
COMMAND: POST /session/004e8781a420927acb4284c1134f8905/element - {"using":"xpath","value":"//*[@id=\"__button77-img\"]"}
RESULT: {"using":"xpath","value":"//*[@id=\"__button77-img\"]"}
COMMAND: POST /session/004e8781a420927acb4284c1134f8905/element/f.B6308163BD667941B2C0E4D2A3AC438F.d.6B5273CB55C1E3CC6E6A3AF4B2ED0C18.e.7327/click - {}
RESULT: {}
COMMAND: GET /session/004e8781a420927acb4284c1134f8905/screenshot - {}
RESULT: {}
RESULT: undefined
COMMAND: POST /session/004e8781a420927acb4284c1134f8905/element - {"using":"xpath","value":"//*[@id=\"__button50-img\"]"}
RESULT: {"using":"xpath","value":"//*[@id=\"__button50-img\"]"}
COMMAND: POST /session/004e8781a420927acb4284c1134f8905/element/f.B6308163BD667941B2C0E4D2A3AC438F.d.6B5273CB55C1E3CC6E6A3AF4B2ED0C18.e.7415/click - {}
RESULT: {}
COMMAND: GET /session/004e8781a420927acb4284c1134f8905/screenshot - {}
RESULT: {}
RESULT: undefined
COMMAND: POST /session/004e8781a420927acb4284c1134f8905/execute/async - {"script":"<script> [776 bytes]","args":[{"enterText":"SecondSection8pzfe","selector":{"id":"application-managecatalogs-display-component---masterCatalogItems--searchItemsField","interaction":{"idSuffix":"I"}},"clearTextFirst":true,"interactionType":"ENTER_TEXT"}]}
RESULT: {"script":"<script> [776 bytes]","args":[{"enterText":"SecondSection8pzfe","selector":{"id":"application-managecatalogs-display-component---masterCatalogItems--searchItemsField","interaction":{"idSuffix":"I"}},"clearTextFirst":true,"interactionType":"ENTER_TEXT"}]}
COMMAND: POST /session/004e8781a420927acb4284c1134f8905/actions - {"actions":[{"id":"action46","type":"key","parameters":{},"actions":[{"type":"keyDown","value":"î€‡"},{"type":"pause","duration":10},{"type":"keyUp","value":"î€‡"}]}]}
RESULT: {"actions":[{"id":"action46","type":"key","parameters":{},"actions":[{"type":"keyDown","value":"î€‡"},{"type":"pause","duration":10},{"type":"keyUp","value":"î€‡"}]}]}
COMMAND: POST /session/004e8781a420927acb4284c1134f8905/element - {"using":"xpath","value":"(//span[contains(text(), \"SecondSection8pzfe\")])[1]"}
COMMAND: GET /session/004e8781a420927acb4284c1134f8905/screenshot - {}
RESULT: {"using":"xpath","value":"(//span[contains(text(), \"SecondSection8pzfe\")])[1]"}
COMMAND: POST /session/004e8781a420927acb4284c1134f8905/element/f.B6308163BD667941B2C0E4D2A3AC438F.d.6B5273CB55C1E3CC6E6A3AF4B2ED0C18.e.7418/click - {}
RESULT: {}
RESULT: {}
COMMAND: POST /session/004e8781a420927acb4284c1134f8905/element - {"using":"xpath","value":"(//span[contains(text(), \"SecondSection8pzfe\")])[1]"}
COMMAND: GET /session/004e8781a420927acb4284c1134f8905/screenshot - {}
RESULT: {"using":"xpath","value":"(//span[contains(text(), \"SecondSection8pzfe\")])[1]"}
COMMAND: GET /session/004e8781a420927acb4284c1134f8905/element/f.B6308163BD667941B2C0E4D2A3AC438F.d.6B5273CB55C1E3CC6E6A3AF4B2ED0C18.e.7418/text - {}
RESULT: {}
COMMAND: POST /session/004e8781a420927acb4284c1134f8905/element - {"using":"xpath","value":"(//span[contains(text(), \"SecondSection8pzfe\")])[1]"}
RESULT: {"using":"xpath","value":"(//span[contains(text(), \"SecondSection8pzfe\")])[1]"}
COMMAND: GET /session/004e8781a420927acb4284c1134f8905/element/f.B6308163BD667941B2C0E4D2A3AC438F.d.6B5273CB55C1E3CC6E6A3AF4B2ED0C18.e.7418/text - {}
COMMAND: POST /session/004e8781a420927acb4284c1134f8905/element - {"using":"xpath","value":"(//span[contains(text(), \"SecondSection8pzfe\")])[1]"}
RESULT: {"using":"xpath","value":"(//span[contains(text(), \"SecondSection8pzfe\")])[1]"}
COMMAND: GET /session/004e8781a420927acb4284c1134f8905/element/f.B6308163BD667941B2C0E4D2A3AC438F.d.6B5273CB55C1E3CC6E6A3AF4B2ED0C18.e.7471/text - {}
RESULT: {}
COMMAND: POST /session/004e8781a420927acb4284c1134f8905/refresh - {}
RESULT: {}
COMMAND: GET /session/004e8781a420927acb4284c1134f8905/screenshot - {}
RESULT: {}
COMMAND: POST /session/004e8781a420927acb4284c1134f8905/execute/async - {"script":"<script> [189 bytes]","args":[]}
RESULT: {"script":"<script> [189 bytes]","args":[]}
COMMAND: POST /session/004e8781a420927acb4284c1134f8905/execute/async - {"script":"<script> [123 bytes]","args":[]}
RESULT: {"script":"<script> [123 bytes]","args":[]}
COMMAND: POST /session/004e8781a420927acb4284c1134f8905/timeouts - {"script":"<number>"}
RESULT: {"script":"<number>"}
COMMAND: GET /session/004e8781a420927acb4284c1134f8905/timeouts - {}
RESULT: {}
RESULT: undefined
COMMAND: POST /session/004e8781a420927acb4284c1134f8905/execute/async - {"script":"<script> [2676 bytes]","args":[]}
RESULT: {"script":"<script> [2676 bytes]","args":[]}
COMMAND: POST /session/004e8781a420927acb4284c1134f8905/execute/async - {"script":"<script> [2342 bytes]","args":[{"protocol":"http","hostname":"0.0.0.0","path":"/","capabilities":{"browserName":"chrome","goog:chromeOptions":{"binary":"C:\\Program Files\\Google\\Chrome\\Application\\chrome.exe","args":["--start-maximized"]}},"logLevel":"warn","connectionRetryTimeout":120000,"connectionRetryCount":3,"logLevels":{},"enableDirectConnect":true,"strictSSL":true,"_":"65 more keys: [\"cacheDir\",\"port\",\"requestedCapabilities\",\"automationProtocol\",\"baseUrl\",\"waitforInterval\",\"waitforTimeout\",\"onReload\",\"beforeCommand\",\"afterCommand\",\"rootDir\",\"specs\",\"suites\",\"exclude\",\"groupLogsByTestSpec\",\"excludeDriverLogs\",\"bail\",\"framework\",\"reporters\",\"services\",\"maxInstances\",\"maxInstancesPerCapability\",\"injectGlobals\",\"filesToWatch\",\"execArgv\",\"runnerEnv\",\"runner\",\"shard\",\"specFileRetries\",\"specFileRetriesDelay\",\"specFileRetriesDeferred\",\"reporterSyncInterval\",\"reporterSyncTimeout\",\"cucumberFeaturesWithLineNumbers\",\"autoCompileOpts\",\"mochaOpts\",\"jasmineOpts\",\"cucumberOpts\",\"onPrepare\",\"onWorkerStart\",\"onWorkerEnd\",\"before\",\"beforeSession\",\"beforeSuite\",\"beforeHook\",\"beforeTest\",\"afterTest\",\"afterHook\",\"afterSuite\",\"afterSession\",\"after\",\"onComplete\",\"beforeAssertion\",\"afterAssertion\",\"beforeFeature\",\"beforeScenario\",\"beforeStep\",\"afterStep\",\"afterScenario\",\"afterFeature\",\"_\",\"suite\",\"$0\",\"ignoredWorkerServices\",\"wdi5\"]"}]}
RESULT: {"script":"<script> [2342 bytes]","args":[{"protocol":"http","hostname":"0.0.0.0","path":"/","capabilities":{"browserName":"chrome","goog:chromeOptions":{"binary":"C:\\Program Files\\Google\\Chrome\\Application\\chrome.exe","args":["--start-maximized"]}},"logLevel":"warn","connectionRetryTimeout":120000,"connectionRetryCount":3,"logLevels":{},"enableDirectConnect":true,"strictSSL":true,"_":"65 more keys: [\"cacheDir\",\"port\",\"requestedCapabilities\",\"automationProtocol\",\"baseUrl\",\"waitforInterval\",\"waitforTimeout\",\"onReload\",\"beforeCommand\",\"afterCommand\",\"rootDir\",\"specs\",\"suites\",\"exclude\",\"groupLogsByTestSpec\",\"excludeDriverLogs\",\"bail\",\"framework\",\"reporters\",\"services\",\"maxInstances\",\"maxInstancesPerCapability\",\"injectGlobals\",\"filesToWatch\",\"execArgv\",\"runnerEnv\",\"runner\",\"shard\",\"specFileRetries\",\"specFileRetriesDelay\",\"specFileRetriesDeferred\",\"reporterSyncInterval\",\"reporterSyncTimeout\",\"cucumberFeaturesWithLineNumbers\",\"autoCompileOpts\",\"mochaOpts\",\"jasmineOpts\",\"cucumberOpts\",\"onPrepare\",\"onWorkerStart\",\"onWorkerEnd\",\"before\",\"beforeSession\",\"beforeSuite\",\"beforeHook\",\"beforeTest\",\"afterTest\",\"afterHook\",\"afterSuite\",\"afterSession\",\"after\",\"onComplete\",\"beforeAssertion\",\"afterAssertion\",\"beforeFeature\",\"beforeScenario\",\"beforeStep\",\"afterStep\",\"afterScenario\",\"afterFeature\",\"_\",\"suite\",\"$0\",\"ignoredWorkerServices\",\"wdi5\"]"}]}
COMMAND: POST /session/004e8781a420927acb4284c1134f8905/execute/async - {"script":"<script> [21126 bytes]","args":[35000]}
RESULT: {"script":"<script> [21126 bytes]","args":[35000]}
COMMAND: POST /session/004e8781a420927acb4284c1134f8905/execute/async - {"script":"<script> [1562 bytes]","args":[{"selector":{"controlType":"sap.m.Button","viewName":"etm.portal.ui.managecatalogs.view.Detail","viewId":"application-managecatalogs-display-component---detailCatalog","i18NText":{"propertyName":"text","key":"edit"},"interaction":{"idSuffix":"BDI-content"}},"wdio_ui5_key":"etmportal.ui.managecatalogs.view.Detailsap.m.Button{\"propertyName\":\"text\",\"key\":\"edit\"}"}]}
RESULT: {"script":"<script> [1562 bytes]","args":[{"selector":{"controlType":"sap.m.Button","viewName":"etm.portal.ui.managecatalogs.view.Detail","viewId":"application-managecatalogs-display-component---detailCatalog","i18NText":{"propertyName":"text","key":"edit"},"interaction":{"idSuffix":"BDI-content"}},"wdio_ui5_key":"etmportal.ui.managecatalogs.view.Detailsap.m.Button{\"propertyName\":\"text\",\"key\":\"edit\"}"}]}
RESULT: undefined
COMMAND: POST /session/004e8781a420927acb4284c1134f8905/element - {"using":"xpath","value":"//*[@id=\"__button25\"]"}
RESULT: {"using":"xpath","value":"//*[@id=\"__button25\"]"}
COMMAND: POST /session/004e8781a420927acb4284c1134f8905/element/f.B6308163BD667941B2C0E4D2A3AC438F.d.780055A0D171D9A09756F40124EB8A8D.e.7528/click - {}
RESULT: {}
COMMAND: POST /session/004e8781a420927acb4284c1134f8905/execute/async - {"script":"<script> [1562 bytes]","args":[{"selector":{"controlType":"sap.ui.core.Icon","viewName":"etm.portal.ui.managecatalogs.view.Detail","viewId":"application-managecatalogs-display-component---detailCatalog","properties":{"src":{"regex":{"source":"add\\-document"}}}},"wdio_ui5_key":"etmportal.ui.managecatalogs.view.Detailsap.ui.core.Icon{\"src\":{\"regex\":{\"source\":\"add\\\\-document\"}}}"}]}
COMMAND: GET /session/004e8781a420927acb4284c1134f8905/screenshot - {}
RESULT: {"script":"<script> [1562 bytes]","args":[{"selector":{"controlType":"sap.ui.core.Icon","viewName":"etm.portal.ui.managecatalogs.view.Detail","viewId":"application-managecatalogs-display-component---detailCatalog","properties":{"src":{"regex":{"source":"add\\-document"}}}},"wdio_ui5_key":"etmportal.ui.managecatalogs.view.Detailsap.ui.core.Icon{\"src\":{\"regex\":{\"source\":\"add\\\\-document\"}}}"}]}
RESULT: undefined
COMMAND: POST /session/004e8781a420927acb4284c1134f8905/element - {"using":"xpath","value":"//*[@id=\"__button34-img\"]"}
RESULT: {}
RESULT: {"using":"xpath","value":"//*[@id=\"__button34-img\"]"}
COMMAND: POST /session/004e8781a420927acb4284c1134f8905/element/f.B6308163BD667941B2C0E4D2A3AC438F.d.780055A0D171D9A09756F40124EB8A8D.e.7535/click - {}
RESULT: {}
COMMAND: POST /session/004e8781a420927acb4284c1134f8905/execute/async - {"script":"<script> [1562 bytes]","args":[{"selector":{"id":"application-managecatalogs-display-component---detailCatalog--newItemNumberInput","searchOpenDialogs":true,"interaction":{"idSuffix":"inner"}},"wdio_ui5_key":"applicationmanagecatalogs-display-component---detailCatalog--newItemNumberInput"}]}
COMMAND: GET /session/004e8781a420927acb4284c1134f8905/screenshot - {}
RESULT: {"script":"<script> [1562 bytes]","args":[{"selector":{"id":"application-managecatalogs-display-component---detailCatalog--newItemNumberInput","searchOpenDialogs":true,"interaction":{"idSuffix":"inner"}},"wdio_ui5_key":"applicationmanagecatalogs-display-component---detailCatalog--newItemNumberInput"}]}
RESULT: undefined
COMMAND: POST /session/004e8781a420927acb4284c1134f8905/execute/async - {"script":"<script> [776 bytes]","args":[{"enterText":"catalogItempranlf","selector":{"id":"application-managecatalogs-display-component---detailCatalog--newItemNumberInput","searchOpenDialogs":true,"interaction":{"idSuffix":"inner"}},"clearTextFirst":true,"interactionType":"ENTER_TEXT"}]}
RESULT: {}
RESULT: {"script":"<script> [776 bytes]","args":[{"enterText":"catalogItempranlf","selector":{"id":"application-managecatalogs-display-component---detailCatalog--newItemNumberInput","searchOpenDialogs":true,"interaction":{"idSuffix":"inner"}},"clearTextFirst":true,"interactionType":"ENTER_TEXT"}]}
COMMAND: POST /session/004e8781a420927acb4284c1134f8905/execute/async - {"script":"<script> [1562 bytes]","args":[{"selector":{"controlType":"sap.m.Input","viewName":"etm.portal.ui.managecatalogs.view.Detail","viewId":"application-managecatalogs-display-component---detailCatalog","bindingPath":{"path":"","propertyPath":"/DESCRIPTION"},"searchOpenDialogs":true,"interaction":{"idSuffix":"inner"}},"wdio_ui5_key":"etmportal.ui.managecatalogs.view.Detailsap.m.Input{\"path\":\"\",\"propertyPath\":\"/DESCRIPTION\"}"}]}
RESULT: {"script":"<script> [1562 bytes]","args":[{"selector":{"controlType":"sap.m.Input","viewName":"etm.portal.ui.managecatalogs.view.Detail","viewId":"application-managecatalogs-display-component---detailCatalog","bindingPath":{"path":"","propertyPath":"/DESCRIPTION"},"searchOpenDialogs":true,"interaction":{"idSuffix":"inner"}},"wdio_ui5_key":"etmportal.ui.managecatalogs.view.Detailsap.m.Input{\"path\":\"\",\"propertyPath\":\"/DESCRIPTION\"}"}]}
RESULT: undefined
COMMAND: POST /session/004e8781a420927acb4284c1134f8905/execute/async - {"script":"<script> [776 bytes]","args":[{"enterText":"catalogItemNamewulkg","selector":{"controlType":"sap.m.Input","viewName":"etm.portal.ui.managecatalogs.view.Detail","viewId":"application-managecatalogs-display-component---detailCatalog","bindingPath":{"path":"","propertyPath":"/DESCRIPTION"},"searchOpenDialogs":true,"interaction":{"idSuffix":"inner"}},"clearTextFirst":true,"interactionType":"ENTER_TEXT"}]}
RESULT: {"script":"<script> [776 bytes]","args":[{"enterText":"catalogItemNamewulkg","selector":{"controlType":"sap.m.Input","viewName":"etm.portal.ui.managecatalogs.view.Detail","viewId":"application-managecatalogs-display-component---detailCatalog","bindingPath":{"path":"","propertyPath":"/DESCRIPTION"},"searchOpenDialogs":true,"interaction":{"idSuffix":"inner"}},"clearTextFirst":true,"interactionType":"ENTER_TEXT"}]}
COMMAND: POST /session/004e8781a420927acb4284c1134f8905/execute/async - {"script":"<script> [1562 bytes]","args":[{"selector":{"controlType":"sap.m.Button","viewName":"etm.portal.ui.managecatalogs.view.Detail","viewId":"application-managecatalogs-display-component---detailCatalog","i18NText":{"propertyName":"text","key":"create"},"searchOpenDialogs":true,"interaction":{"idSuffix":"BDI-content"}},"wdio_ui5_key":"etmportal.ui.managecatalogs.view.Detailsap.m.Button{\"propertyName\":\"text\",\"key\":\"create\"}"}]}
RESULT: {"script":"<script> [1562 bytes]","args":[{"selector":{"controlType":"sap.m.Button","viewName":"etm.portal.ui.managecatalogs.view.Detail","viewId":"application-managecatalogs-display-component---detailCatalog","i18NText":{"propertyName":"text","key":"create"},"searchOpenDialogs":true,"interaction":{"idSuffix":"BDI-content"}},"wdio_ui5_key":"etmportal.ui.managecatalogs.view.Detailsap.m.Button{\"propertyName\":\"text\",\"key\":\"create\"}"}]}
RESULT: undefined
COMMAND: POST /session/004e8781a420927acb4284c1134f8905/element - {"using":"xpath","value":"//*[@id=\"__button9\"]"}
RESULT: {"using":"xpath","value":"//*[@id=\"__button9\"]"}
COMMAND: POST /session/004e8781a420927acb4284c1134f8905/element/f.B6308163BD667941B2C0E4D2A3AC438F.d.780055A0D171D9A09756F40124EB8A8D.e.7544/click - {}
RESULT: {}
COMMAND: GET /session/004e8781a420927acb4284c1134f8905/screenshot - {}
RESULT: {}
COMMAND: POST /session/004e8781a420927acb4284c1134f8905/element - {"using":"xpath","value":"//button[@title=\"Save\"]"}
RESULT: {"using":"xpath","value":"//button[@title=\"Save\"]"}
COMMAND: POST /session/004e8781a420927acb4284c1134f8905/element/f.B6308163BD667941B2C0E4D2A3AC438F.d.780055A0D171D9A09756F40124EB8A8D.e.7545/click - {}
RESULT: {}
COMMAND: GET /session/004e8781a420927acb4284c1134f8905/screenshot - {}
RESULT: {}
COMMAND: POST /session/004e8781a420927acb4284c1134f8905/execute/async - {"script":"<script> [1562 bytes]","args":[{"selector":{"controlType":"sap.ui.core.Icon","viewName":"etm.portal.ui.managecatalogs.view.Detail","viewId":"application-managecatalogs-display-component---detailCatalog","properties":{"src":{"regex":{"source":"decline"}}}},"wdio_ui5_key":"etmportal.ui.managecatalogs.view.Detailsap.ui.core.Icon{\"src\":{\"regex\":{\"source\":\"decline\"}}}"}]}
RESULT: {"script":"<script> [1562 bytes]","args":[{"selector":{"controlType":"sap.ui.core.Icon","viewName":"etm.portal.ui.managecatalogs.view.Detail","viewId":"application-managecatalogs-display-component---detailCatalog","properties":{"src":{"regex":{"source":"decline"}}}},"wdio_ui5_key":"etmportal.ui.managecatalogs.view.Detailsap.ui.core.Icon{\"src\":{\"regex\":{\"source\":\"decline\"}}}"}]}
RESULT: undefined
COMMAND: POST /session/004e8781a420927acb4284c1134f8905/element - {"using":"xpath","value":"//*[@id=\"__button28-img\"]"}
RESULT: {"using":"xpath","value":"//*[@id=\"__button28-img\"]"}
COMMAND: POST /session/004e8781a420927acb4284c1134f8905/element/f.B6308163BD667941B2C0E4D2A3AC438F.d.780055A0D171D9A09756F40124EB8A8D.e.7551/click - {}
RESULT: {}
COMMAND: GET /session/004e8781a420927acb4284c1134f8905/screenshot - {}
RESULT: {}
COMMAND: POST /session/004e8781a420927acb4284c1134f8905/execute/async - {"script":"<script> [1562 bytes]","args":[{"selector":{"controlType":"sap.ui.core.Icon","viewName":"etm.portal.ui.managecatalogs.view.MasterItems","viewId":"application-managecatalogs-display-component---masterCatalogItems","properties":{"src":{"regex":{"source":"refresh"}}}},"wdio_ui5_key":"etmportal.ui.managecatalogs.view.MasterItemssap.ui.core.Icon{\"src\":{\"regex\":{\"source\":\"refresh\"}}}"}]}
RESULT: {"script":"<script> [1562 bytes]","args":[{"selector":{"controlType":"sap.ui.core.Icon","viewName":"etm.portal.ui.managecatalogs.view.MasterItems","viewId":"application-managecatalogs-display-component---masterCatalogItems","properties":{"src":{"regex":{"source":"refresh"}}}},"wdio_ui5_key":"etmportal.ui.managecatalogs.view.MasterItemssap.ui.core.Icon{\"src\":{\"regex\":{\"source\":\"refresh\"}}}"}]}
RESULT: undefined
COMMAND: POST /session/004e8781a420927acb4284c1134f8905/element - {"using":"xpath","value":"//*[@id=\"__button1-img\"]"}
RESULT: {"using":"xpath","value":"//*[@id=\"__button1-img\"]"}
COMMAND: POST /session/004e8781a420927acb4284c1134f8905/element/f.B6308163BD667941B2C0E4D2A3AC438F.d.780055A0D171D9A09756F40124EB8A8D.e.7559/click - {}
RESULT: {}
COMMAND: GET /session/004e8781a420927acb4284c1134f8905/screenshot - {}
RESULT: {}
COMMAND: POST /session/004e8781a420927acb4284c1134f8905/execute/async - {"script":"<script> [1562 bytes]","args":[{"selector":{"id":"application-managecatalogs-display-component---masterCatalogItems--searchItemsField","interaction":{"idSuffix":"I"}},"wdio_ui5_key":"applicationmanagecatalogs-display-component---masterCatalogItems--searchItemsField"}]}
RESULT: {"script":"<script> [1562 bytes]","args":[{"selector":{"id":"application-managecatalogs-display-component---masterCatalogItems--searchItemsField","interaction":{"idSuffix":"I"}},"wdio_ui5_key":"applicationmanagecatalogs-display-component---masterCatalogItems--searchItemsField"}]}
RESULT: undefined
COMMAND: POST /session/004e8781a420927acb4284c1134f8905/execute/async - {"script":"<script> [776 bytes]","args":[{"enterText":"catalogItemNamewulkg","selector":{"id":"application-managecatalogs-display-component---masterCatalogItems--searchItemsField","interaction":{"idSuffix":"I"}},"clearTextFirst":true,"interactionType":"ENTER_TEXT"}]}
RESULT: {"script":"<script> [776 bytes]","args":[{"enterText":"catalogItemNamewulkg","selector":{"id":"application-managecatalogs-display-component---masterCatalogItems--searchItemsField","interaction":{"idSuffix":"I"}},"clearTextFirst":true,"interactionType":"ENTER_TEXT"}]}
COMMAND: POST /session/004e8781a420927acb4284c1134f8905/actions - {"actions":[{"id":"action47","type":"key","parameters":{},"actions":[{"type":"keyDown","value":"î€‡"},{"type":"pause","duration":10},{"type":"keyUp","value":"î€‡"}]}]}
RESULT: {"actions":[{"id":"action47","type":"key","parameters":{},"actions":[{"type":"keyDown","value":"î€‡"},{"type":"pause","duration":10},{"type":"keyUp","value":"î€‡"}]}]}
COMMAND: POST /session/004e8781a420927acb4284c1134f8905/element - {"using":"xpath","value":"(//span[contains(text(), \"catalogItemNamewulkg\")])[1]"}
COMMAND: GET /session/004e8781a420927acb4284c1134f8905/screenshot - {}
RESULT: {"using":"xpath","value":"(//span[contains(text(), \"catalogItemNamewulkg\")])[1]"}
COMMAND: POST /session/004e8781a420927acb4284c1134f8905/element/f.B6308163BD667941B2C0E4D2A3AC438F.d.780055A0D171D9A09756F40124EB8A8D.e.7596/click - {}
RESULT: {}
RESULT: {}
COMMAND: GET /session/004e8781a420927acb4284c1134f8905/screenshot - {}
RESULT: {}
COMMAND: POST /session/004e8781a420927acb4284c1134f8905/element - {"using":"xpath","value":"//span[contains(text(), \"catalogItempranlf\")]"}
RESULT: {"using":"xpath","value":"//span[contains(text(), \"catalogItempranlf\")]"}
COMMAND: GET /session/004e8781a420927acb4284c1134f8905/element/f.B6308163BD667941B2C0E4D2A3AC438F.d.780055A0D171D9A09756F40124EB8A8D.e.7648/text - {}
RESULT: {}
]]></system-out>
    </testcase>
    <testcase classname="chrome.136_0_7103_49.windows.Manage_requests_-_requests_specifications_US141095" name="Should add the classification to the catalog item" time="44.447">
      <system-out><![CDATA[
RESULT: undefined
COMMAND: POST /session/004e8781a420927acb4284c1134f8905/element - {"using":"xpath","value":"//*[@id=\"__button25\"]"}
RESULT: {"using":"xpath","value":"//*[@id=\"__button25\"]"}
COMMAND: POST /session/004e8781a420927acb4284c1134f8905/element/f.B6308163BD667941B2C0E4D2A3AC438F.d.780055A0D171D9A09756F40124EB8A8D.e.7656/click - {}
RESULT: {}
COMMAND: GET /session/004e8781a420927acb4284c1134f8905/screenshot - {}
RESULT: {}
COMMAND: POST /session/004e8781a420927acb4284c1134f8905/execute/async - {"script":"<script> [1562 bytes]","args":[{"selector":{"id":"application-managecatalogs-display-component---detailCatalog--BASE_UNIT_OF_MEASURE-arrow"},"wdio_ui5_key":"applicationmanagecatalogs-display-component---detailCatalog--BASE_UNIT_OF_MEASURE-arrow"}]}
RESULT: {"script":"<script> [1562 bytes]","args":[{"selector":{"id":"application-managecatalogs-display-component---detailCatalog--BASE_UNIT_OF_MEASURE-arrow"},"wdio_ui5_key":"applicationmanagecatalogs-display-component---detailCatalog--BASE_UNIT_OF_MEASURE-arrow"}]}
RESULT: undefined
COMMAND: POST /session/004e8781a420927acb4284c1134f8905/element - {"using":"xpath","value":"//*[@id=\"application-managecatalogs-display-component---detailCatalog--BASE_UNIT_OF_MEASURE-arrow\"]"}
RESULT: {"using":"xpath","value":"//*[@id=\"application-managecatalogs-display-component---detailCatalog--BASE_UNIT_OF_MEASURE-arrow\"]"}
COMMAND: POST /session/004e8781a420927acb4284c1134f8905/element/f.B6308163BD667941B2C0E4D2A3AC438F.d.780055A0D171D9A09756F40124EB8A8D.e.7686/click - {}
RESULT: {}
COMMAND: POST /session/004e8781a420927acb4284c1134f8905/execute/async - {"script":"<script> [1562 bytes]","args":[{"selector":{"controlType":"sap.m.StandardListItem","viewName":"etm.portal.ui.managecatalogs.view.Detail","viewId":"application-managecatalogs-display-component---detailCatalog","properties":{"title":"Piece"},"searchOpenDialogs":true,"interaction":{"idSuffix":"titleText"}},"wdio_ui5_key":"etmportal.ui.managecatalogs.view.Detailsap.m.StandardListItem{\"title\":\"Piece\"}"}]}
COMMAND: GET /session/004e8781a420927acb4284c1134f8905/screenshot - {}
RESULT: {"script":"<script> [1562 bytes]","args":[{"selector":{"controlType":"sap.m.StandardListItem","viewName":"etm.portal.ui.managecatalogs.view.Detail","viewId":"application-managecatalogs-display-component---detailCatalog","properties":{"title":"Piece"},"searchOpenDialogs":true,"interaction":{"idSuffix":"titleText"}},"wdio_ui5_key":"etmportal.ui.managecatalogs.view.Detailsap.m.StandardListItem{\"title\":\"Piece\"}"}]}
RESULT: undefined
COMMAND: POST /session/004e8781a420927acb4284c1134f8905/element - {"using":"xpath","value":"//*[@id=\"__item218\"]"}
RESULT: {}
RESULT: {"using":"xpath","value":"//*[@id=\"__item218\"]"}
COMMAND: POST /session/004e8781a420927acb4284c1134f8905/element/f.B6308163BD667941B2C0E4D2A3AC438F.d.780055A0D171D9A09756F40124EB8A8D.e.7690/click - {}
RESULT: {}
COMMAND: POST /session/004e8781a420927acb4284c1134f8905/element - {"using":"xpath","value":"//button[contains(@data-kt ,\"ClassificationAddClassButton\")]"}
COMMAND: GET /session/004e8781a420927acb4284c1134f8905/screenshot - {}
RESULT: {"using":"xpath","value":"//button[contains(@data-kt ,\"ClassificationAddClassButton\")]"}
COMMAND: POST /session/004e8781a420927acb4284c1134f8905/element/f.B6308163BD667941B2C0E4D2A3AC438F.d.780055A0D171D9A09756F40124EB8A8D.e.7691/click - {}
RESULT: {}
RESULT: {}
COMMAND: GET /session/004e8781a420927acb4284c1134f8905/screenshot - {}
RESULT: {}
COMMAND: POST /session/004e8781a420927acb4284c1134f8905/element - {"using":"xpath","value":"//input[contains(@id ,\"searchField-I\")]"}
RESULT: {"using":"xpath","value":"//input[contains(@id ,\"searchField-I\")]"}
COMMAND: POST /session/004e8781a420927acb4284c1134f8905/element/f.B6308163BD667941B2C0E4D2A3AC438F.d.780055A0D171D9A09756F40124EB8A8D.e.7694/value - {"text":"WebdriverItemClasshr1pm"}
RESULT: {"text":"WebdriverItemClasshr1pm"}
COMMAND: POST /session/004e8781a420927acb4284c1134f8905/actions - {"actions":[{"id":"action48","type":"key","parameters":{},"actions":[{"type":"keyDown","value":"î€‡"},{"type":"pause","duration":10},{"type":"keyUp","value":"î€‡"}]}]}
COMMAND: GET /session/004e8781a420927acb4284c1134f8905/screenshot - {}
RESULT: {"actions":[{"id":"action48","type":"key","parameters":{},"actions":[{"type":"keyDown","value":"î€‡"},{"type":"pause","duration":10},{"type":"keyUp","value":"î€‡"}]}]}
COMMAND: GET /session/004e8781a420927acb4284c1134f8905/screenshot - {}
RESULT: {}
RESULT: {}
COMMAND: POST /session/004e8781a420927acb4284c1134f8905/element - {"using":"xpath","value":"//span[contains(text(), \"WebdriverItemClasshr1pm\")]"}
RESULT: {"using":"xpath","value":"//span[contains(text(), \"WebdriverItemClasshr1pm\")]"}
COMMAND: POST /session/004e8781a420927acb4284c1134f8905/element/f.B6308163BD667941B2C0E4D2A3AC438F.d.780055A0D171D9A09756F40124EB8A8D.e.7713/click - {}
RESULT: {}
COMMAND: GET /session/004e8781a420927acb4284c1134f8905/screenshot - {}
RESULT: {}
COMMAND: POST /session/004e8781a420927acb4284c1134f8905/execute/async - {"script":"<script> [1562 bytes]","args":[{"selector":{"controlType":"sap.m.Button","viewName":"etm.portal.ui.managecatalogs.view.Detail","viewId":"application-managecatalogs-display-component---detailCatalog","properties":{"text":"Classification"},"interaction":{"idSuffix":"BDI-content"}},"wdio_ui5_key":"etmportal.ui.managecatalogs.view.Detailsap.m.Button{\"text\":\"Classification\"}"}]}
RESULT: {"script":"<script> [1562 bytes]","args":[{"selector":{"controlType":"sap.m.Button","viewName":"etm.portal.ui.managecatalogs.view.Detail","viewId":"application-managecatalogs-display-component---detailCatalog","properties":{"text":"Classification"},"interaction":{"idSuffix":"BDI-content"}},"wdio_ui5_key":"etmportal.ui.managecatalogs.view.Detailsap.m.Button{\"text\":\"Classification\"}"}]}
RESULT: undefined
COMMAND: POST /session/004e8781a420927acb4284c1134f8905/element - {"using":"xpath","value":"//*[@id=\"application-managecatalogs-display-component---detailCatalog--ObjectPageLayout-anchBar-__section3-anchor\"]"}
RESULT: {"using":"xpath","value":"//*[@id=\"application-managecatalogs-display-component---detailCatalog--ObjectPageLayout-anchBar-__section3-anchor\"]"}
COMMAND: POST /session/004e8781a420927acb4284c1134f8905/element/f.B6308163BD667941B2C0E4D2A3AC438F.d.780055A0D171D9A09756F40124EB8A8D.e.7718/click - {}
RESULT: {}
COMMAND: POST /session/004e8781a420927acb4284c1134f8905/execute/async - {"script":"<script> [1562 bytes]","args":[{"selector":{"controlType":"sap.ui.core.Icon","viewName":"etm.portal.ui.managecatalogs.view.Detail","viewId":"application-managecatalogs-display-component---detailCatalog","properties":{"src":{"regex":{"source":"slim\\-arrow\\-right"}}},"ancestor":{"controlType":"sap.m.Panel","viewName":"etm.portal.ui.managecatalogs.view.Detail","viewId":"application-managecatalogs-display-component---detailCatalog"}},"wdio_ui5_key":"etmportal.ui.managecatalogs.view.Detailsap.ui.core.Icon{\"src\":{\"regex\":{\"source\":\"slim\\\\-arrow\\\\-right\"}}}{\"controlType\":\"sap.m.Panel\",\"viewName\":\"etm.portal.ui.managecatalogs.view.Detail\",\"viewId\":\"application-managecatalogs-display-component---detailCatalog\"}"}]}
COMMAND: GET /session/004e8781a420927acb4284c1134f8905/screenshot - {}
RESULT: {"script":"<script> [1562 bytes]","args":[{"selector":{"controlType":"sap.ui.core.Icon","viewName":"etm.portal.ui.managecatalogs.view.Detail","viewId":"application-managecatalogs-display-component---detailCatalog","properties":{"src":{"regex":{"source":"slim\\-arrow\\-right"}}},"ancestor":{"controlType":"sap.m.Panel","viewName":"etm.portal.ui.managecatalogs.view.Detail","viewId":"application-managecatalogs-display-component---detailCatalog"}},"wdio_ui5_key":"etmportal.ui.managecatalogs.view.Detailsap.ui.core.Icon{\"src\":{\"regex\":{\"source\":\"slim\\\\-arrow\\\\-right\"}}}{\"controlType\":\"sap.m.Panel\",\"viewName\":\"etm.portal.ui.managecatalogs.view.Detail\",\"viewId\":\"application-managecatalogs-display-component---detailCatalog\"}"}]}
RESULT: undefined
COMMAND: POST /session/004e8781a420927acb4284c1134f8905/element - {"using":"xpath","value":"//*[@id=\"__panel0-__layout17-0-expandButton-img\"]"}
RESULT: {}
RESULT: {"using":"xpath","value":"//*[@id=\"__panel0-__layout17-0-expandButton-img\"]"}
COMMAND: POST /session/004e8781a420927acb4284c1134f8905/element/f.B6308163BD667941B2C0E4D2A3AC438F.d.780055A0D171D9A09756F40124EB8A8D.e.7724/click - {}
RESULT: {}
COMMAND: POST /session/004e8781a420927acb4284c1134f8905/execute/async - {"script":"<script> [1562 bytes]","args":[{"selector":{"controlType":"sap.ui.core.Icon","viewName":"etm.portal.ui.managecatalogs.view.Detail","viewId":"application-managecatalogs-display-component---detailCatalog","properties":{"src":{"regex":{"source":"slim\\-arrow\\-down"}}},"ancestor":{"controlType":"sap.m.ColumnListItem","viewName":"etm.portal.ui.managecatalogs.view.Detail","viewId":"application-managecatalogs-display-component---detailCatalog","bindingPath":{"modelName":"classModel","path":"/data/0/PROPERTIES/0"},"ancestor":{"controlType":"sap.m.Table","viewName":"etm.portal.ui.managecatalogs.view.Detail","viewId":"application-managecatalogs-display-component---detailCatalog","bindingPath":{"path":"/data/0","propertyPath":"PROPERTIES","modelName":"classModel"}}}},"wdio_ui5_key":"etmportal.ui.managecatalogs.view.Detailsap.ui.core.Icon{\"src\":{\"regex\":{\"source\":\"slim\\\\-arrow\\\\-down\"}}}{\"controlType\":\"sap.m.ColumnListItem\",\"viewName\":\"etm.portal.ui.managecatalogs.view.Detail\",\"viewId\":\"application-managecatalogs-display-component---detailCatalog\",\"bindingPath\":{\"modelName\":\"classModel\",\"path\":\"/data/0/PROPERTIES/0\"},\"ancestor\":{\"controlType\":\"sap.m.Table\",\"viewName\":\"etm.portal.ui.managecatalogs.view.Detail\",\"viewId\":\"application-managecatalogs-display-component---detailCatalog\",\"bindingPath\":{\"path\":\"/data/0\",\"propertyPath\":\"PROPERTIES\",\"modelName\":\"classModel\"}}}"}]}
COMMAND: GET /session/004e8781a420927acb4284c1134f8905/screenshot - {}
RESULT: {"script":"<script> [1562 bytes]","args":[{"selector":{"controlType":"sap.ui.core.Icon","viewName":"etm.portal.ui.managecatalogs.view.Detail","viewId":"application-managecatalogs-display-component---detailCatalog","properties":{"src":{"regex":{"source":"slim\\-arrow\\-down"}}},"ancestor":{"controlType":"sap.m.ColumnListItem","viewName":"etm.portal.ui.managecatalogs.view.Detail","viewId":"application-managecatalogs-display-component---detailCatalog","bindingPath":{"modelName":"classModel","path":"/data/0/PROPERTIES/0"},"ancestor":{"controlType":"sap.m.Table","viewName":"etm.portal.ui.managecatalogs.view.Detail","viewId":"application-managecatalogs-display-component---detailCatalog","bindingPath":{"path":"/data/0","propertyPath":"PROPERTIES","modelName":"classModel"}}}},"wdio_ui5_key":"etmportal.ui.managecatalogs.view.Detailsap.ui.core.Icon{\"src\":{\"regex\":{\"source\":\"slim\\\\-arrow\\\\-down\"}}}{\"controlType\":\"sap.m.ColumnListItem\",\"viewName\":\"etm.portal.ui.managecatalogs.view.Detail\",\"viewId\":\"application-managecatalogs-display-component---detailCatalog\",\"bindingPath\":{\"modelName\":\"classModel\",\"path\":\"/data/0/PROPERTIES/0\"},\"ancestor\":{\"controlType\":\"sap.m.Table\",\"viewName\":\"etm.portal.ui.managecatalogs.view.Detail\",\"viewId\":\"application-managecatalogs-display-component---detailCatalog\",\"bindingPath\":{\"path\":\"/data/0\",\"propertyPath\":\"PROPERTIES\",\"modelName\":\"classModel\"}}}"}]}
RESULT: undefined
COMMAND: POST /session/004e8781a420927acb4284c1134f8905/element - {"using":"xpath","value":"//*[@id=\"__box31-arrow\"]"}
RESULT: {}
RESULT: {"using":"xpath","value":"//*[@id=\"__box31-arrow\"]"}
COMMAND: POST /session/004e8781a420927acb4284c1134f8905/element/f.B6308163BD667941B2C0E4D2A3AC438F.d.780055A0D171D9A09756F40124EB8A8D.e.7737/click - {}
RESULT: {}
COMMAND: POST /session/004e8781a420927acb4284c1134f8905/execute/async - {"script":"<script> [1562 bytes]","args":[{"selector":{"controlType":"sap.m.StandardListItem","viewName":"etm.portal.ui.managecatalogs.view.Detail","viewId":"application-managecatalogs-display-component---detailCatalog","properties":{"title":"red"},"searchOpenDialogs":true,"interaction":{"idSuffix":"content"}},"wdio_ui5_key":"etmportal.ui.managecatalogs.view.Detailsap.m.StandardListItem{\"title\":\"red\"}"}]}
COMMAND: GET /session/004e8781a420927acb4284c1134f8905/screenshot - {}
RESULT: {"script":"<script> [1562 bytes]","args":[{"selector":{"controlType":"sap.m.StandardListItem","viewName":"etm.portal.ui.managecatalogs.view.Detail","viewId":"application-managecatalogs-display-component---detailCatalog","properties":{"title":"red"},"searchOpenDialogs":true,"interaction":{"idSuffix":"content"}},"wdio_ui5_key":"etmportal.ui.managecatalogs.view.Detailsap.m.StandardListItem{\"title\":\"red\"}"}]}
RESULT: undefined
COMMAND: POST /session/004e8781a420927acb4284c1134f8905/element - {"using":"xpath","value":"//*[@id=\"__item226\"]"}
RESULT: {}
RESULT: {"using":"xpath","value":"//*[@id=\"__item226\"]"}
COMMAND: POST /session/004e8781a420927acb4284c1134f8905/element/f.B6308163BD667941B2C0E4D2A3AC438F.d.780055A0D171D9A09756F40124EB8A8D.e.7740/click - {}
RESULT: {}
COMMAND: GET /session/004e8781a420927acb4284c1134f8905/screenshot - {}
RESULT: {}
COMMAND: POST /session/004e8781a420927acb4284c1134f8905/execute/async - {"script":"<script> [1562 bytes]","args":[{"selector":{"controlType":"sap.m.Button","viewName":"etm.portal.ui.managecatalogs.view.Detail","viewId":"application-managecatalogs-display-component---detailCatalog","i18NText":{"propertyName":"text","key":"save"},"interaction":{"idSuffix":"BDI-content"}},"wdio_ui5_key":"etmportal.ui.managecatalogs.view.Detailsap.m.Button{\"propertyName\":\"text\",\"key\":\"save\"}"}]}
RESULT: {"script":"<script> [1562 bytes]","args":[{"selector":{"controlType":"sap.m.Button","viewName":"etm.portal.ui.managecatalogs.view.Detail","viewId":"application-managecatalogs-display-component---detailCatalog","i18NText":{"propertyName":"text","key":"save"},"interaction":{"idSuffix":"BDI-content"}},"wdio_ui5_key":"etmportal.ui.managecatalogs.view.Detailsap.m.Button{\"propertyName\":\"text\",\"key\":\"save\"}"}]}
RESULT: undefined
COMMAND: POST /session/004e8781a420927acb4284c1134f8905/element - {"using":"xpath","value":"//*[@id=\"__button43\"]"}
RESULT: {"using":"xpath","value":"//*[@id=\"__button43\"]"}
COMMAND: POST /session/004e8781a420927acb4284c1134f8905/element/f.B6308163BD667941B2C0E4D2A3AC438F.d.780055A0D171D9A09756F40124EB8A8D.e.7660/click - {}
RESULT: {}
COMMAND: GET /session/004e8781a420927acb4284c1134f8905/screenshot - {}
RESULT: {}
COMMAND: POST /session/004e8781a420927acb4284c1134f8905/element - {"using":"css selector","value":"#shell-header-logo"}
RESULT: {"using":"css selector","value":"#shell-header-logo"}
COMMAND: POST /session/004e8781a420927acb4284c1134f8905/element/f.B6308163BD667941B2C0E4D2A3AC438F.d.780055A0D171D9A09756F40124EB8A8D.e.7493/click - {}
RESULT: {}
COMMAND: GET /session/004e8781a420927acb4284c1134f8905/screenshot - {}
RESULT: {}
]]></system-out>
    </testcase>
    <testcase classname="chrome.136_0_7103_49.windows.Manage_requests_-_requests_specifications_US141095" name="Should create a new request and add the catalog item with the specifications" time="154.568">
      <system-out><![CDATA[
COMMAND: POST /session/004e8781a420927acb4284c1134f8905/element - {"using":"xpath","value":"//*[contains(@href, 'etm.portal.ui.managerequests')]"}
RESULT: {"using":"xpath","value":"//*[contains(@href, 'etm.portal.ui.managerequests')]"}
COMMAND: POST /session/004e8781a420927acb4284c1134f8905/element/f.B6308163BD667941B2C0E4D2A3AC438F.d.780055A0D171D9A09756F40124EB8A8D.e.7762/click - {}
RESULT: {}
COMMAND: GET /session/004e8781a420927acb4284c1134f8905/screenshot - {}
RESULT: {}
COMMAND: POST /session/004e8781a420927acb4284c1134f8905/element - {"using":"xpath","value":"//button[contains(@data-kt ,\"btnCreateNewOverflowToolbarButton\")]"}
COMMAND: POST /session/004e8781a420927acb4284c1134f8905/element - {"using":"xpath","value":"(//span[contains(@class ,\"sapMObjStatusText\")])[1]"}
RESULT: {"using":"xpath","value":"//button[contains(@data-kt ,\"btnCreateNewOverflowToolbarButton\")]"}
COMMAND: POST /session/004e8781a420927acb4284c1134f8905/elements - {"using":"xpath","value":"//button[contains(@data-kt ,\"btnCreateNewOverflowToolbarButton\")]"}
RESULT: {"using":"xpath","value":"(//span[contains(@class ,\"sapMObjStatusText\")])[1]"}
COMMAND: POST /session/004e8781a420927acb4284c1134f8905/element - {"using":"xpath","value":"(//span[contains(@class ,\"sapMObjStatusText\")])[1]"}
RESULT: {"using":"xpath","value":"//button[contains(@data-kt ,\"btnCreateNewOverflowToolbarButton\")]"}
RESULT: {"using":"xpath","value":"(//span[contains(@class ,\"sapMObjStatusText\")])[1]"}
COMMAND: POST /session/004e8781a420927acb4284c1134f8905/elements - {"using":"xpath","value":"//button[contains(@data-kt ,\"btnCreateNewOverflowToolbarButton\")]"}
COMMAND: POST /session/004e8781a420927acb4284c1134f8905/element - {"using":"xpath","value":"(//span[contains(@class ,\"sapMObjStatusText\")])[1]"}
RESULT: {"using":"xpath","value":"//button[contains(@data-kt ,\"btnCreateNewOverflowToolbarButton\")]"}
RESULT: {"using":"xpath","value":"(//span[contains(@class ,\"sapMObjStatusText\")])[1]"}
COMMAND: POST /session/004e8781a420927acb4284c1134f8905/elements - {"using":"xpath","value":"//button[contains(@data-kt ,\"btnCreateNewOverflowToolbarButton\")]"}
COMMAND: POST /session/004e8781a420927acb4284c1134f8905/element - {"using":"xpath","value":"(//span[contains(@class ,\"sapMObjStatusText\")])[1]"}
RESULT: {"using":"xpath","value":"//button[contains(@data-kt ,\"btnCreateNewOverflowToolbarButton\")]"}
RESULT: {"using":"xpath","value":"(//span[contains(@class ,\"sapMObjStatusText\")])[1]"}
COMMAND: POST /session/004e8781a420927acb4284c1134f8905/elements - {"using":"xpath","value":"//button[contains(@data-kt ,\"btnCreateNewOverflowToolbarButton\")]"}
COMMAND: POST /session/004e8781a420927acb4284c1134f8905/element - {"using":"xpath","value":"(//span[contains(@class ,\"sapMObjStatusText\")])[1]"}
RESULT: {"using":"xpath","value":"//button[contains(@data-kt ,\"btnCreateNewOverflowToolbarButton\")]"}
COMMAND: POST /session/004e8781a420927acb4284c1134f8905/element - {"using":"xpath","value":"//button[contains(@data-kt ,\"btnCreateNewOverflowToolbarButton\")]"}
RESULT: {"using":"xpath","value":"(//span[contains(@class ,\"sapMObjStatusText\")])[1]"}
COMMAND: POST /session/004e8781a420927acb4284c1134f8905/element - {"using":"xpath","value":"(//span[contains(@class ,\"sapMObjStatusText\")])[1]"}
RESULT: {"using":"xpath","value":"//button[contains(@data-kt ,\"btnCreateNewOverflowToolbarButton\")]"}
COMMAND: POST /session/004e8781a420927acb4284c1134f8905/element/f.B6308163BD667941B2C0E4D2A3AC438F.d.780055A0D171D9A09756F40124EB8A8D.e.7809/click - {}
RESULT: {"using":"xpath","value":"(//span[contains(@class ,\"sapMObjStatusText\")])[1]"}
COMMAND: POST /session/004e8781a420927acb4284c1134f8905/element - {"using":"xpath","value":"(//span[contains(@class ,\"sapMObjStatusText\")])[1]"}
RESULT: {}
COMMAND: GET /session/004e8781a420927acb4284c1134f8905/screenshot - {}
RESULT: {"using":"xpath","value":"(//span[contains(@class ,\"sapMObjStatusText\")])[1]"}
COMMAND: POST /session/004e8781a420927acb4284c1134f8905/element - {"using":"xpath","value":"(//span[contains(@class ,\"sapMObjStatusText\")])[1]"}
RESULT: {}
RESULT: {"using":"xpath","value":"(//span[contains(@class ,\"sapMObjStatusText\")])[1]"}
COMMAND: POST /session/004e8781a420927acb4284c1134f8905/element - {"using":"xpath","value":"(//span[contains(@class ,\"sapMObjStatusText\")])[1]"}
RESULT: {"using":"xpath","value":"(//span[contains(@class ,\"sapMObjStatusText\")])[1]"}
COMMAND: POST /session/004e8781a420927acb4284c1134f8905/element - {"using":"xpath","value":"(//span[contains(@class ,\"sapMObjStatusText\")])[1]"}
RESULT: {"using":"xpath","value":"(//span[contains(@class ,\"sapMObjStatusText\")])[1]"}
COMMAND: POST /session/004e8781a420927acb4284c1134f8905/element - {"using":"xpath","value":"(//span[contains(@class ,\"sapMObjStatusText\")])[1]"}
RESULT: {"using":"xpath","value":"(//span[contains(@class ,\"sapMObjStatusText\")])[1]"}
COMMAND: POST /session/004e8781a420927acb4284c1134f8905/execute/sync - {"script":"<script> [8489 bytes]","args":[{"element-6066-11e4-a52e-4f735466cecf":"f.B6308163BD667941B2C0E4D2A3AC438F.d.780055A0D171D9A09756F40124EB8A8D.e.7867","ELEMENT":"f.B6308163BD667941B2C0E4D2A3AC438F.d.780055A0D171D9A09756F40124EB8A8D.e.7867"}]}
RESULT: {"script":"<script> [8489 bytes]","args":[{"element-6066-11e4-a52e-4f735466cecf":"f.B6308163BD667941B2C0E4D2A3AC438F.d.780055A0D171D9A09756F40124EB8A8D.e.7867","ELEMENT":"f.B6308163BD667941B2C0E4D2A3AC438F.d.780055A0D171D9A09756F40124EB8A8D.e.7867"}]}
COMMAND: GET /session/004e8781a420927acb4284c1134f8905/screenshot - {}
RESULT: {}
COMMAND: POST /session/004e8781a420927acb4284c1134f8905/element - {"using":"xpath","value":"//input[contains(@id ,\"yardId-inner\")]"}
RESULT: {"using":"xpath","value":"//input[contains(@id ,\"yardId-inner\")]"}
COMMAND: POST /session/004e8781a420927acb4284c1134f8905/element - {"using":"xpath","value":"//input[contains(@id ,\"yardId-inner\")]"}
RESULT: {"using":"xpath","value":"//input[contains(@id ,\"yardId-inner\")]"}
COMMAND: POST /session/004e8781a420927acb4284c1134f8905/element/f.B6308163BD667941B2C0E4D2A3AC438F.d.780055A0D171D9A09756F40124EB8A8D.e.7809/click - {}
RESULT: {}
COMMAND: GET /session/004e8781a420927acb4284c1134f8905/screenshot - {}
RESULT: {}
COMMAND: POST /session/004e8781a420927acb4284c1134f8905/element - {"using":"xpath","value":"//input[contains(@id ,\"yardId-inner\")]"}
RESULT: {"using":"xpath","value":"//input[contains(@id ,\"yardId-inner\")]"}
COMMAND: GET /session/004e8781a420927acb4284c1134f8905/element/f.B6308163BD667941B2C0E4D2A3AC438F.d.780055A0D171D9A09756F40124EB8A8D.e.8084/enabled - {}
RESULT: {}
COMMAND: POST /session/004e8781a420927acb4284c1134f8905/element/f.B6308163BD667941B2C0E4D2A3AC438F.d.780055A0D171D9A09756F40124EB8A8D.e.8084/clear - {}
COMMAND: GET /session/004e8781a420927acb4284c1134f8905/screenshot - {}
RESULT: {}
COMMAND: POST /session/004e8781a420927acb4284c1134f8905/element/f.B6308163BD667941B2C0E4D2A3AC438F.d.780055A0D171D9A09756F40124EB8A8D.e.8084/value - {"text":"WebdriverYardnhqhyk"}
COMMAND: GET /session/004e8781a420927acb4284c1134f8905/screenshot - {}
RESULT: {}
RESULT: {"text":"WebdriverYardnhqhyk"}
COMMAND: GET /session/004e8781a420927acb4284c1134f8905/screenshot - {}
RESULT: {}
RESULT: {}
COMMAND: POST /session/004e8781a420927acb4284c1134f8905/element - {"using":"xpath","value":"//input[contains(@id ,\"customerNumber-inner\")]"}
RESULT: {"using":"xpath","value":"//input[contains(@id ,\"customerNumber-inner\")]"}
COMMAND: POST /session/004e8781a420927acb4284c1134f8905/element/f.B6308163BD667941B2C0E4D2A3AC438F.d.780055A0D171D9A09756F40124EB8A8D.e.8078/value - {"text":"WebdriverPartnere8pc8"}
COMMAND: POST /session/004e8781a420927acb4284c1134f8905/actions - {"actions":[{"id":"action49","type":"key","parameters":{},"actions":[{"type":"keyDown","value":"î€‡"},{"type":"pause","duration":10},{"type":"keyUp","value":"î€‡"}]}]}
RESULT: {"actions":[{"id":"action49","type":"key","parameters":{},"actions":[{"type":"keyDown","value":"î€‡"},{"type":"pause","duration":10},{"type":"keyUp","value":"î€‡"}]}]}
RESULT: {"text":"WebdriverPartnere8pc8"}
COMMAND: GET /session/004e8781a420927acb4284c1134f8905/screenshot - {}
COMMAND: GET /session/004e8781a420927acb4284c1134f8905/screenshot - {}
RESULT: {}
RESULT: {}
COMMAND: POST /session/004e8781a420927acb4284c1134f8905/actions - {"actions":[{"id":"action50","type":"key","parameters":{},"actions":[{"type":"keyDown","value":"î€‡"},{"type":"pause","duration":10},{"type":"keyUp","value":"î€‡"}]}]}
RESULT: {"actions":[{"id":"action50","type":"key","parameters":{},"actions":[{"type":"keyDown","value":"î€‡"},{"type":"pause","duration":10},{"type":"keyUp","value":"î€‡"}]}]}
COMMAND: GET /session/004e8781a420927acb4284c1134f8905/screenshot - {}
RESULT: {}
COMMAND: POST /session/004e8781a420927acb4284c1134f8905/element - {"using":"xpath","value":"//input[contains(@id ,\"requestSiteId-inner\")]"}
RESULT: {"using":"xpath","value":"//input[contains(@id ,\"requestSiteId-inner\")]"}
COMMAND: POST /session/004e8781a420927acb4284c1134f8905/element/f.B6308163BD667941B2C0E4D2A3AC438F.d.780055A0D171D9A09756F40124EB8A8D.e.8077/value - {"text":"WebdriverSite2h8xt"}
RESULT: {"text":"WebdriverSite2h8xt"}
COMMAND: GET /session/004e8781a420927acb4284c1134f8905/screenshot - {}
RESULT: {}
COMMAND: POST /session/004e8781a420927acb4284c1134f8905/actions - {"actions":[{"id":"action51","type":"key","parameters":{},"actions":[{"type":"keyDown","value":"î€‡"},{"type":"pause","duration":10},{"type":"keyUp","value":"î€‡"}]}]}
RESULT: {"actions":[{"id":"action51","type":"key","parameters":{},"actions":[{"type":"keyDown","value":"î€‡"},{"type":"pause","duration":10},{"type":"keyUp","value":"î€‡"}]}]}
COMMAND: POST /session/004e8781a420927acb4284c1134f8905/execute/async - {"script":"<script> [1562 bytes]","args":[{"selector":{"controlType":"sap.ui.core.Icon","viewName":"etm.portal.ui.managerequests.view.NewRequest","properties":{"src":{"regex":{"source":"add"}}}},"wdio_ui5_key":"etmportal.ui.managerequests.view.NewRequestsap.ui.core.Icon{\"src\":{\"regex\":{\"source\":\"add\"}}}"}]}
COMMAND: GET /session/004e8781a420927acb4284c1134f8905/screenshot - {}
RESULT: {"script":"<script> [1562 bytes]","args":[{"selector":{"controlType":"sap.ui.core.Icon","viewName":"etm.portal.ui.managerequests.view.NewRequest","properties":{"src":{"regex":{"source":"add"}}}},"wdio_ui5_key":"etmportal.ui.managerequests.view.NewRequestsap.ui.core.Icon{\"src\":{\"regex\":{\"source\":\"add\"}}}"}]}
RESULT: undefined
COMMAND: POST /session/004e8781a420927acb4284c1134f8905/element - {"using":"xpath","value":"//*[@id=\"__xmlview59--btnAddTableRow-img\"]"}
RESULT: {}
RESULT: {"using":"xpath","value":"//*[@id=\"__xmlview59--btnAddTableRow-img\"]"}
COMMAND: POST /session/004e8781a420927acb4284c1134f8905/element/f.B6308163BD667941B2C0E4D2A3AC438F.d.780055A0D171D9A09756F40124EB8A8D.e.8058/click - {}
RESULT: {}
COMMAND: GET /session/004e8781a420927acb4284c1134f8905/screenshot - {}
RESULT: {}
COMMAND: POST /session/004e8781a420927acb4284c1134f8905/actions - {"actions":[{"id":"action52","type":"key","parameters":{},"actions":[{"type":"keyDown","value":"î€•"},{"type":"pause","duration":10},{"type":"keyUp","value":"î€•"}]}]}
RESULT: {"actions":[{"id":"action52","type":"key","parameters":{},"actions":[{"type":"keyDown","value":"î€•"},{"type":"pause","duration":10},{"type":"keyUp","value":"î€•"}]}]}
COMMAND: POST /session/004e8781a420927acb4284c1134f8905/actions - {"actions":[{"id":"action53","type":"key","parameters":{},"actions":[{"type":"keyDown","value":"î€‡"},{"type":"pause","duration":10},{"type":"keyUp","value":"î€‡"}]}]}
COMMAND: GET /session/004e8781a420927acb4284c1134f8905/screenshot - {}
RESULT: {"actions":[{"id":"action53","type":"key","parameters":{},"actions":[{"type":"keyDown","value":"î€‡"},{"type":"pause","duration":10},{"type":"keyUp","value":"î€‡"}]}]}
COMMAND: POST /session/004e8781a420927acb4284c1134f8905/element - {"using":"xpath","value":"(//input[contains(@id ,\"requestItemsTable-0-inner\")])[1]"}
COMMAND: GET /session/004e8781a420927acb4284c1134f8905/screenshot - {}
RESULT: {}
RESULT: {"using":"xpath","value":"(//input[contains(@id ,\"requestItemsTable-0-inner\")])[1]"}
COMMAND: POST /session/004e8781a420927acb4284c1134f8905/element/f.B6308163BD667941B2C0E4D2A3AC438F.d.780055A0D171D9A09756F40124EB8A8D.e.8223/clear - {}
RESULT: {}
RESULT: {}
COMMAND: POST /session/004e8781a420927acb4284c1134f8905/element/f.B6308163BD667941B2C0E4D2A3AC438F.d.780055A0D171D9A09756F40124EB8A8D.e.8223/value - {"text":"catalogItemNamewulkg"}
COMMAND: GET /session/004e8781a420927acb4284c1134f8905/screenshot - {}
RESULT: {"text":"catalogItemNamewulkg"}
COMMAND: GET /session/004e8781a420927acb4284c1134f8905/screenshot - {}
RESULT: {}
RESULT: {}
COMMAND: POST /session/004e8781a420927acb4284c1134f8905/actions - {"actions":[{"id":"action54","type":"key","parameters":{},"actions":[{"type":"keyDown","value":"î€‡"},{"type":"pause","duration":10},{"type":"keyUp","value":"î€‡"}]}]}
RESULT: {"actions":[{"id":"action54","type":"key","parameters":{},"actions":[{"type":"keyDown","value":"î€‡"},{"type":"pause","duration":10},{"type":"keyUp","value":"î€‡"}]}]}
COMMAND: GET /session/004e8781a420927acb4284c1134f8905/screenshot - {}
RESULT: {}
COMMAND: POST /session/004e8781a420927acb4284c1134f8905/execute/async - {"script":"<script> [1562 bytes]","args":[{"selector":{"controlType":"sap.m.Button","viewName":"etm.portal.ui.managerequests.view.NewRequest","i18NText":{"propertyName":"text","key":"requestSpecifications"},"interaction":{"idSuffix":"BDI-content"}},"wdio_ui5_key":"etmportal.ui.managerequests.view.NewRequestsap.m.Button{\"propertyName\":\"text\",\"key\":\"requestSpecifications\"}"}]}
RESULT: {"script":"<script> [1562 bytes]","args":[{"selector":{"controlType":"sap.m.Button","viewName":"etm.portal.ui.managerequests.view.NewRequest","i18NText":{"propertyName":"text","key":"requestSpecifications"},"interaction":{"idSuffix":"BDI-content"}},"wdio_ui5_key":"etmportal.ui.managerequests.view.NewRequestsap.m.Button{\"propertyName\":\"text\",\"key\":\"requestSpecifications\"}"}]}
RESULT: undefined
COMMAND: POST /session/004e8781a420927acb4284c1134f8905/element - {"using":"xpath","value":"//*[@id=\"__button78-__xmlview59--requestItemsTable-0\"]"}
RESULT: {"using":"xpath","value":"//*[@id=\"__button78-__xmlview59--requestItemsTable-0\"]"}
COMMAND: POST /session/004e8781a420927acb4284c1134f8905/element/f.B6308163BD667941B2C0E4D2A3AC438F.d.780055A0D171D9A09756F40124EB8A8D.e.8237/click - {}
RESULT: {}
COMMAND: GET /session/004e8781a420927acb4284c1134f8905/screenshot - {}
RESULT: {}
COMMAND: POST /session/004e8781a420927acb4284c1134f8905/element - {"using":"xpath","value":"//input[@value=\"red\"]"}
RESULT: {"using":"xpath","value":"//input[@value=\"red\"]"}
COMMAND: POST /session/004e8781a420927acb4284c1134f8905/elements - {"using":"xpath","value":"//input[@value=\"red\"]"}
RESULT: {"using":"xpath","value":"//input[@value=\"red\"]"}
COMMAND: POST /session/004e8781a420927acb4284c1134f8905/execute/async - {"script":"<script> [1562 bytes]","args":[{"selector":{"controlType":"sap.m.Text","viewName":"etm.portal.ui.managerequests.view.NewRequest","bindingPath":{"path":"/currentEntries/0/PROPERTIES/0","propertyPath":"DESCRIPTION","modelName":"techSpecsClassificationModel"},"searchOpenDialogs":true},"wdio_ui5_key":"etmportal.ui.managerequests.view.NewRequestsap.m.Text{\"path\":\"/currentEntries/0/PROPERTIES/0\",\"propertyPath\":\"DESCRIPTION\",\"modelName\":\"techSpecsClassificationModel\"}"}]}
RESULT: {"script":"<script> [1562 bytes]","args":[{"selector":{"controlType":"sap.m.Text","viewName":"etm.portal.ui.managerequests.view.NewRequest","bindingPath":{"path":"/currentEntries/0/PROPERTIES/0","propertyPath":"DESCRIPTION","modelName":"techSpecsClassificationModel"},"searchOpenDialogs":true},"wdio_ui5_key":"etmportal.ui.managerequests.view.NewRequestsap.m.Text{\"path\":\"/currentEntries/0/PROPERTIES/0\",\"propertyPath\":\"DESCRIPTION\",\"modelName\":\"techSpecsClassificationModel\"}"}]}
RESULT: undefined
COMMAND: POST /session/004e8781a420927acb4284c1134f8905/execute/async - {"script":"<script> [6424 bytes]","args":[{"element-6066-11e4-a52e-4f735466cecf":"f.B6308163BD667941B2C0E4D2A3AC438F.d.780055A0D171D9A09756F40124EB8A8D.e.8246"},"getText",[]]}
RESULT: {"script":"<script> [6424 bytes]","args":[{"element-6066-11e4-a52e-4f735466cecf":"f.B6308163BD667941B2C0E4D2A3AC438F.d.780055A0D171D9A09756F40124EB8A8D.e.8246"},"getText",[]]}
COMMAND: POST /session/004e8781a420927acb4284c1134f8905/execute/async - {"script":"<script> [1562 bytes]","args":[{"selector":{"controlType":"sap.ui.core.Icon","viewName":"etm.portal.ui.managerequests.view.NewRequest","properties":{"src":{"regex":{"source":"slim\\-arrow\\-down"}}},"searchOpenDialogs":true},"wdio_ui5_key":"etmportal.ui.managerequests.view.NewRequestsap.ui.core.Icon{\"src\":{\"regex\":{\"source\":\"slim\\\\-arrow\\\\-down\"}}}"}]}
RESULT: {"script":"<script> [1562 bytes]","args":[{"selector":{"controlType":"sap.ui.core.Icon","viewName":"etm.portal.ui.managerequests.view.NewRequest","properties":{"src":{"regex":{"source":"slim\\-arrow\\-down"}}},"searchOpenDialogs":true},"wdio_ui5_key":"etmportal.ui.managerequests.view.NewRequestsap.ui.core.Icon{\"src\":{\"regex\":{\"source\":\"slim\\\\-arrow\\\\-down\"}}}"}]}
RESULT: undefined
COMMAND: POST /session/004e8781a420927acb4284c1134f8905/element - {"using":"xpath","value":"//*[@id=\"__box58-arrow\"]"}
RESULT: {"using":"xpath","value":"//*[@id=\"__box58-arrow\"]"}
COMMAND: POST /session/004e8781a420927acb4284c1134f8905/element/f.B6308163BD667941B2C0E4D2A3AC438F.d.780055A0D171D9A09756F40124EB8A8D.e.8247/click - {}
RESULT: {}
COMMAND: POST /session/004e8781a420927acb4284c1134f8905/execute/async - {"script":"<script> [1562 bytes]","args":[{"selector":{"controlType":"sap.m.StandardListItem","viewName":"etm.portal.ui.managerequests.view.NewRequest","properties":{"title":"blue"},"searchOpenDialogs":true,"interaction":{"idSuffix":"content"}},"wdio_ui5_key":"etmportal.ui.managerequests.view.NewRequestsap.m.StandardListItem{\"title\":\"blue\"}"}]}
COMMAND: GET /session/004e8781a420927acb4284c1134f8905/screenshot - {}
RESULT: {}
RESULT: {"script":"<script> [1562 bytes]","args":[{"selector":{"controlType":"sap.m.StandardListItem","viewName":"etm.portal.ui.managerequests.view.NewRequest","properties":{"title":"blue"},"searchOpenDialogs":true,"interaction":{"idSuffix":"content"}},"wdio_ui5_key":"etmportal.ui.managerequests.view.NewRequestsap.m.StandardListItem{\"title\":\"blue\"}"}]}
RESULT: undefined
COMMAND: POST /session/004e8781a420927acb4284c1134f8905/element - {"using":"xpath","value":"//*[@id=\"__item1092\"]"}
RESULT: {"using":"xpath","value":"//*[@id=\"__item1092\"]"}
COMMAND: POST /session/004e8781a420927acb4284c1134f8905/element/f.B6308163BD667941B2C0E4D2A3AC438F.d.780055A0D171D9A09756F40124EB8A8D.e.8250/click - {}
RESULT: {}
COMMAND: GET /session/004e8781a420927acb4284c1134f8905/screenshot - {}
RESULT: {}
COMMAND: POST /session/004e8781a420927acb4284c1134f8905/execute/async - {"script":"<script> [1562 bytes]","args":[{"selector":{"id":"saveButton","viewName":"etm.portal.ui.managerequests.view.NewRequest","searchOpenDialogs":true,"interaction":{"idSuffix":"BDI-content"}},"wdio_ui5_key":"saveButtonetmportal.ui.managerequests.view.NewRequest"}]}
RESULT: {"script":"<script> [1562 bytes]","args":[{"selector":{"id":"saveButton","viewName":"etm.portal.ui.managerequests.view.NewRequest","searchOpenDialogs":true,"interaction":{"idSuffix":"BDI-content"}},"wdio_ui5_key":"saveButtonetmportal.ui.managerequests.view.NewRequest"}]}
RESULT: undefined
COMMAND: POST /session/004e8781a420927acb4284c1134f8905/element - {"using":"xpath","value":"//*[@id=\"__xmlview59--saveButton\"]"}
RESULT: {"using":"xpath","value":"//*[@id=\"__xmlview59--saveButton\"]"}
COMMAND: POST /session/004e8781a420927acb4284c1134f8905/element/f.B6308163BD667941B2C0E4D2A3AC438F.d.780055A0D171D9A09756F40124EB8A8D.e.8244/click - {}
RESULT: {}
COMMAND: POST /session/004e8781a420927acb4284c1134f8905/execute/async - {"script":"<script> [1562 bytes]","args":[{"selector":{"controlType":"sap.ui.core.Icon","viewName":"etm.portal.ui.managerequests.view.NewRequest","properties":{"src":{"regex":{"source":"slim\\-arrow\\-down"}}},"ancestor":{"controlType":"sap.m.Button","viewName":"etm.portal.ui.managerequests.view.NewRequest","properties":{"icon":"sap-icon://slim-arrow-down"}}},"wdio_ui5_key":"etmportal.ui.managerequests.view.NewRequestsap.ui.core.Icon{\"src\":{\"regex\":{\"source\":\"slim\\\\-arrow\\\\-down\"}}}{\"controlType\":\"sap.m.Button\",\"viewName\":\"etm.portal.ui.managerequests.view.NewRequest\",\"properties\":{\"icon\":\"sap-icon://slim-arrow-down\"}}"}]}
COMMAND: GET /session/004e8781a420927acb4284c1134f8905/screenshot - {}
RESULT: {"script":"<script> [1562 bytes]","args":[{"selector":{"controlType":"sap.ui.core.Icon","viewName":"etm.portal.ui.managerequests.view.NewRequest","properties":{"src":{"regex":{"source":"slim\\-arrow\\-down"}}},"ancestor":{"controlType":"sap.m.Button","viewName":"etm.portal.ui.managerequests.view.NewRequest","properties":{"icon":"sap-icon://slim-arrow-down"}}},"wdio_ui5_key":"etmportal.ui.managerequests.view.NewRequestsap.ui.core.Icon{\"src\":{\"regex\":{\"source\":\"slim\\\\-arrow\\\\-down\"}}}{\"controlType\":\"sap.m.Button\",\"viewName\":\"etm.portal.ui.managerequests.view.NewRequest\",\"properties\":{\"icon\":\"sap-icon://slim-arrow-down\"}}"}]}
RESULT: undefined
RESULT: {}
COMMAND: POST /session/004e8781a420927acb4284c1134f8905/element - {"using":"xpath","value":"//div[contains(@data-kt ,\"splitAllocationObjectStatus\")]"}
RESULT: {"using":"xpath","value":"//div[contains(@data-kt ,\"splitAllocationObjectStatus\")]"}
COMMAND: POST /session/004e8781a420927acb4284c1134f8905/elements - {"using":"xpath","value":"//div[contains(@data-kt ,\"splitAllocationObjectStatus\")]"}
RESULT: {"using":"xpath","value":"//div[contains(@data-kt ,\"splitAllocationObjectStatus\")]"}
COMMAND: POST /session/004e8781a420927acb4284c1134f8905/execute/async - {"script":"<script> [1562 bytes]","args":[{"selector":{"controlType":"sap.ui.core.Icon","viewName":"etm.portal.ui.managerequests.view.NewRequest","properties":{"src":{"regex":{"source":"message\\-error"}}}},"wdio_ui5_key":"etmportal.ui.managerequests.view.NewRequestsap.ui.core.Icon{\"src\":{\"regex\":{\"source\":\"message\\\\-error\"}}}"}]}
RESULT: {"script":"<script> [1562 bytes]","args":[{"selector":{"controlType":"sap.ui.core.Icon","viewName":"etm.portal.ui.managerequests.view.NewRequest","properties":{"src":{"regex":{"source":"message\\-error"}}}},"wdio_ui5_key":"etmportal.ui.managerequests.view.NewRequestsap.ui.core.Icon{\"src\":{\"regex\":{\"source\":\"message\\\\-error\"}}}"}]}
RESULT: undefined
COMMAND: POST /session/004e8781a420927acb4284c1134f8905/element - {"using":"xpath","value":"//*[@id=\"__status4-__xmlview59--requestItemsTable-0-icon\"]"}
RESULT: {"using":"xpath","value":"//*[@id=\"__status4-__xmlview59--requestItemsTable-0-icon\"]"}
COMMAND: POST /session/004e8781a420927acb4284c1134f8905/element/f.B6308163BD667941B2C0E4D2A3AC438F.d.780055A0D171D9A09756F40124EB8A8D.e.8253/click - {}
RESULT: {}
COMMAND: POST /session/004e8781a420927acb4284c1134f8905/execute/async - {"script":"<script> [1562 bytes]","args":[{"selector":{"controlType":"sap.ui.core.Icon","viewName":"etm.portal.ui.managerequests.view.NewRequest","properties":{"src":{"regex":{"source":"slim\\-arrow\\-down"}}},"searchOpenDialogs":true,"ancestor":{"id":"costObjectAdminTypeComboBox","viewName":"etm.portal.ui.managerequests.view.NewRequest","searchOpenDialogs":true}},"wdio_ui5_key":"etmportal.ui.managerequests.view.NewRequestsap.ui.core.Icon{\"src\":{\"regex\":{\"source\":\"slim\\\\-arrow\\\\-down\"}}}{\"id\":\"costObjectAdminTypeComboBox\",\"viewName\":\"etm.portal.ui.managerequests.view.NewRequest\",\"searchOpenDialogs\":true}"}]}
COMMAND: GET /session/004e8781a420927acb4284c1134f8905/screenshot - {}
RESULT: {"script":"<script> [1562 bytes]","args":[{"selector":{"controlType":"sap.ui.core.Icon","viewName":"etm.portal.ui.managerequests.view.NewRequest","properties":{"src":{"regex":{"source":"slim\\-arrow\\-down"}}},"searchOpenDialogs":true,"ancestor":{"id":"costObjectAdminTypeComboBox","viewName":"etm.portal.ui.managerequests.view.NewRequest","searchOpenDialogs":true}},"wdio_ui5_key":"etmportal.ui.managerequests.view.NewRequestsap.ui.core.Icon{\"src\":{\"regex\":{\"source\":\"slim\\\\-arrow\\\\-down\"}}}{\"id\":\"costObjectAdminTypeComboBox\",\"viewName\":\"etm.portal.ui.managerequests.view.NewRequest\",\"searchOpenDialogs\":true}"}]}
RESULT: undefined
COMMAND: POST /session/004e8781a420927acb4284c1134f8905/element - {"using":"xpath","value":"//*[@id=\"__xmlview59--costObjectAdminTypeComboBox-arrow\"]"}
RESULT: {}
RESULT: {"using":"xpath","value":"//*[@id=\"__xmlview59--costObjectAdminTypeComboBox-arrow\"]"}
COMMAND: POST /session/004e8781a420927acb4284c1134f8905/element/f.B6308163BD667941B2C0E4D2A3AC438F.d.780055A0D171D9A09756F40124EB8A8D.e.8257/click - {}
RESULT: {}
COMMAND: POST /session/004e8781a420927acb4284c1134f8905/execute/async - {"script":"<script> [1562 bytes]","args":[{"selector":{"controlType":"sap.m.StandardListItem","viewName":"etm.portal.ui.managerequests.view.NewRequest","properties":{"title":"Cost Center"},"searchOpenDialogs":true,"interaction":{"idSuffix":"titleText"}},"wdio_ui5_key":"etmportal.ui.managerequests.view.NewRequestsap.m.StandardListItem{\"title\":\"Cost Center\"}"}]}
COMMAND: GET /session/004e8781a420927acb4284c1134f8905/screenshot - {}
RESULT: {"script":"<script> [1562 bytes]","args":[{"selector":{"controlType":"sap.m.StandardListItem","viewName":"etm.portal.ui.managerequests.view.NewRequest","properties":{"title":"Cost Center"},"searchOpenDialogs":true,"interaction":{"idSuffix":"titleText"}},"wdio_ui5_key":"etmportal.ui.managerequests.view.NewRequestsap.m.StandardListItem{\"title\":\"Cost Center\"}"}]}
RESULT: undefined
COMMAND: POST /session/004e8781a420927acb4284c1134f8905/element - {"using":"xpath","value":"//*[@id=\"__item1095\"]"}
RESULT: {}
RESULT: {"using":"xpath","value":"//*[@id=\"__item1095\"]"}
COMMAND: POST /session/004e8781a420927acb4284c1134f8905/element/f.B6308163BD667941B2C0E4D2A3AC438F.d.780055A0D171D9A09756F40124EB8A8D.e.8260/click - {}
RESULT: {}
COMMAND: GET /session/004e8781a420927acb4284c1134f8905/screenshot - {}
RESULT: {}
COMMAND: POST /session/004e8781a420927acb4284c1134f8905/execute/async - {"script":"<script> [1562 bytes]","args":[{"selector":{"controlType":"sap.ui.core.Icon","viewName":"etm.portal.ui.managerequests.view.NewRequest","properties":{"src":{"regex":{"source":"value\\-help"}}},"searchOpenDialogs":true},"wdio_ui5_key":"etmportal.ui.managerequests.view.NewRequestsap.ui.core.Icon{\"src\":{\"regex\":{\"source\":\"value\\\\-help\"}}}"}]}
RESULT: {"script":"<script> [1562 bytes]","args":[{"selector":{"controlType":"sap.ui.core.Icon","viewName":"etm.portal.ui.managerequests.view.NewRequest","properties":{"src":{"regex":{"source":"value\\-help"}}},"searchOpenDialogs":true},"wdio_ui5_key":"etmportal.ui.managerequests.view.NewRequestsap.ui.core.Icon{\"src\":{\"regex\":{\"source\":\"value\\\\-help\"}}}"}]}
RESULT: undefined
COMMAND: POST /session/004e8781a420927acb4284c1134f8905/element - {"using":"xpath","value":"//*[@id=\"__xmlview59--costObjectIdComboBox-vhi\"]"}
RESULT: {"using":"xpath","value":"//*[@id=\"__xmlview59--costObjectIdComboBox-vhi\"]"}
COMMAND: POST /session/004e8781a420927acb4284c1134f8905/element/f.B6308163BD667941B2C0E4D2A3AC438F.d.780055A0D171D9A09756F40124EB8A8D.e.8267/click - {}
RESULT: {}
COMMAND: POST /session/004e8781a420927acb4284c1134f8905/execute/async - {"script":"<script> [1562 bytes]","args":[{"selector":{"controlType":"sap.m.SearchField","properties":{"placeholder":"Search"},"searchOpenDialogs":true,"interaction":{"idSuffix":"I"}},"wdio_ui5_key":"sapm.SearchField{\"placeholder\":\"Search\"}"}]}
COMMAND: GET /session/004e8781a420927acb4284c1134f8905/screenshot - {}
RESULT: {"script":"<script> [1562 bytes]","args":[{"selector":{"controlType":"sap.m.SearchField","properties":{"placeholder":"Search"},"searchOpenDialogs":true,"interaction":{"idSuffix":"I"}},"wdio_ui5_key":"sapm.SearchField{\"placeholder\":\"Search\"}"}]}
RESULT: undefined
COMMAND: POST /session/004e8781a420927acb4284c1134f8905/execute/async - {"script":"<script> [776 bytes]","args":[{"enterText":"10001010","selector":{"controlType":"sap.m.SearchField","properties":{"placeholder":"Search"},"searchOpenDialogs":true,"interaction":{"idSuffix":"I"}},"clearTextFirst":true,"interactionType":"ENTER_TEXT"}]}
RESULT: {}
RESULT: {"script":"<script> [776 bytes]","args":[{"enterText":"10001010","selector":{"controlType":"sap.m.SearchField","properties":{"placeholder":"Search"},"searchOpenDialogs":true,"interaction":{"idSuffix":"I"}},"clearTextFirst":true,"interactionType":"ENTER_TEXT"}]}
COMMAND: POST /session/004e8781a420927acb4284c1134f8905/actions - {"actions":[{"id":"action55","type":"key","parameters":{},"actions":[{"type":"keyDown","value":"î€‡"},{"type":"pause","duration":10},{"type":"keyUp","value":"î€‡"}]}]}
RESULT: {"actions":[{"id":"action55","type":"key","parameters":{},"actions":[{"type":"keyDown","value":"î€‡"},{"type":"pause","duration":10},{"type":"keyUp","value":"î€‡"}]}]}
COMMAND: GET /session/004e8781a420927acb4284c1134f8905/screenshot - {}
RESULT: {}
COMMAND: POST /session/004e8781a420927acb4284c1134f8905/execute/async - {"script":"<script> [1562 bytes]","args":[{"selector":{"controlType":"sap.m.Text","bindingPath":{"path":"/C_CostCtrValueHelp(CostCenter='10001010',ControllingArea='Z001')","propertyPath":"CostCenterName","modelName":"CostCenterModel"},"searchOpenDialogs":true},"wdio_ui5_key":"sapm.Text{\"path\":\"/C_CostCtrValueHelp(CostCenter='10001010',ControllingArea='Z001')\",\"propertyPath\":\"CostCenterName\",\"modelName\":\"CostCenterModel\"}"}]}
RESULT: {"script":"<script> [1562 bytes]","args":[{"selector":{"controlType":"sap.m.Text","bindingPath":{"path":"/C_CostCtrValueHelp(CostCenter='10001010',ControllingArea='Z001')","propertyPath":"CostCenterName","modelName":"CostCenterModel"},"searchOpenDialogs":true},"wdio_ui5_key":"sapm.Text{\"path\":\"/C_CostCtrValueHelp(CostCenter='10001010',ControllingArea='Z001')\",\"propertyPath\":\"CostCenterName\",\"modelName\":\"CostCenterModel\"}"}]}
RESULT: undefined
COMMAND: POST /session/004e8781a420927acb4284c1134f8905/element - {"using":"xpath","value":"//*[@id=\"__text550-__clone1307\"]"}
RESULT: {"using":"xpath","value":"//*[@id=\"__text550-__clone1307\"]"}
COMMAND: POST /session/004e8781a420927acb4284c1134f8905/element/f.B6308163BD667941B2C0E4D2A3AC438F.d.780055A0D171D9A09756F40124EB8A8D.e.8307/click - {}
RESULT: {}
COMMAND: POST /session/004e8781a420927acb4284c1134f8905/execute/async - {"script":"<script> [1562 bytes]","args":[{"selector":{"controlType":"sap.m.Button","properties":{"text":"OK"},"searchOpenDialogs":true,"interaction":{"idSuffix":"BDI-content"}},"wdio_ui5_key":"sapm.Button{\"text\":\"OK\"}"}]}
COMMAND: GET /session/004e8781a420927acb4284c1134f8905/screenshot - {}
RESULT: {"script":"<script> [1562 bytes]","args":[{"selector":{"controlType":"sap.m.Button","properties":{"text":"OK"},"searchOpenDialogs":true,"interaction":{"idSuffix":"BDI-content"}},"wdio_ui5_key":"sapm.Button{\"text\":\"OK\"}"}]}
RESULT: undefined
COMMAND: POST /session/004e8781a420927acb4284c1134f8905/element - {"using":"xpath","value":"//*[@id=\"__dialog2-ok\"]"}
RESULT: {}
RESULT: {"using":"xpath","value":"//*[@id=\"__dialog2-ok\"]"}
COMMAND: POST /session/004e8781a420927acb4284c1134f8905/element/f.B6308163BD667941B2C0E4D2A3AC438F.d.780055A0D171D9A09756F40124EB8A8D.e.8309/click - {}
RESULT: {}
COMMAND: GET /session/004e8781a420927acb4284c1134f8905/screenshot - {}
RESULT: {}
COMMAND: POST /session/004e8781a420927acb4284c1134f8905/execute/async - {"script":"<script> [1562 bytes]","args":[{"selector":{"controlType":"sap.m.Button","viewName":"etm.portal.ui.managerequests.view.NewRequest","i18NText":{"propertyName":"text","key":"save"},"searchOpenDialogs":true,"interaction":{"idSuffix":"BDI-content"}},"wdio_ui5_key":"etmportal.ui.managerequests.view.NewRequestsap.m.Button{\"propertyName\":\"text\",\"key\":\"save\"}"}]}
RESULT: {"script":"<script> [1562 bytes]","args":[{"selector":{"controlType":"sap.m.Button","viewName":"etm.portal.ui.managerequests.view.NewRequest","i18NText":{"propertyName":"text","key":"save"},"searchOpenDialogs":true,"interaction":{"idSuffix":"BDI-content"}},"wdio_ui5_key":"etmportal.ui.managerequests.view.NewRequestsap.m.Button{\"propertyName\":\"text\",\"key\":\"save\"}"}]}
RESULT: undefined
COMMAND: POST /session/004e8781a420927acb4284c1134f8905/element - {"using":"xpath","value":"//*[@id=\"__button91\"]"}
RESULT: {"using":"xpath","value":"//*[@id=\"__button91\"]"}
COMMAND: POST /session/004e8781a420927acb4284c1134f8905/element/f.B6308163BD667941B2C0E4D2A3AC438F.d.780055A0D171D9A09756F40124EB8A8D.e.8313/click - {}
RESULT: {}
COMMAND: GET /session/004e8781a420927acb4284c1134f8905/screenshot - {}
RESULT: {}
COMMAND: POST /session/004e8781a420927acb4284c1134f8905/execute/async - {"script":"<script> [1562 bytes]","args":[{"selector":{"controlType":"sap.m.Button","viewName":"etm.portal.ui.managerequests.view.NewRequest","i18NText":{"propertyName":"tooltip","key":"save"},"interaction":{"idSuffix":"content"}},"wdio_ui5_key":"etmportal.ui.managerequests.view.NewRequestsap.m.Button{\"propertyName\":\"tooltip\",\"key\":\"save\"}"}]}
RESULT: {"script":"<script> [1562 bytes]","args":[{"selector":{"controlType":"sap.m.Button","viewName":"etm.portal.ui.managerequests.view.NewRequest","i18NText":{"propertyName":"tooltip","key":"save"},"interaction":{"idSuffix":"content"}},"wdio_ui5_key":"etmportal.ui.managerequests.view.NewRequestsap.m.Button{\"propertyName\":\"tooltip\",\"key\":\"save\"}"}]}
RESULT: undefined
COMMAND: POST /session/004e8781a420927acb4284c1134f8905/element - {"using":"xpath","value":"//*[@id=\"__button80\"]"}
RESULT: {"using":"xpath","value":"//*[@id=\"__button80\"]"}
COMMAND: POST /session/004e8781a420927acb4284c1134f8905/element/f.B6308163BD667941B2C0E4D2A3AC438F.d.780055A0D171D9A09756F40124EB8A8D.e.8169/click - {}
RESULT: {}
COMMAND: GET /session/004e8781a420927acb4284c1134f8905/screenshot - {}
RESULT: {}
COMMAND: POST /session/004e8781a420927acb4284c1134f8905/execute/async - {"script":"<script> [1562 bytes]","args":[{"selector":{"controlType":"sap.m.Title","properties":{"text":"Success"},"searchOpenDialogs":true},"wdio_ui5_key":"sapm.Title{\"text\":\"Success\"}"}]}
RESULT: {"script":"<script> [1562 bytes]","args":[{"selector":{"controlType":"sap.m.Title","properties":{"text":"Success"},"searchOpenDialogs":true},"wdio_ui5_key":"sapm.Title{\"text\":\"Success\"}"}]}
RESULT: undefined
COMMAND: POST /session/004e8781a420927acb4284c1134f8905/execute/async - {"script":"<script> [6424 bytes]","args":[{"element-6066-11e4-a52e-4f735466cecf":"f.B6308163BD667941B2C0E4D2A3AC438F.d.780055A0D171D9A09756F40124EB8A8D.e.8318"},"getText",[]]}
RESULT: {"script":"<script> [6424 bytes]","args":[{"element-6066-11e4-a52e-4f735466cecf":"f.B6308163BD667941B2C0E4D2A3AC438F.d.780055A0D171D9A09756F40124EB8A8D.e.8318"},"getText",[]]}
COMMAND: POST /session/004e8781a420927acb4284c1134f8905/execute/async - {"script":"<script> [1562 bytes]","args":[{"selector":{"controlType":"sap.m.Button","properties":{"text":"Close"},"searchOpenDialogs":true,"interaction":{"idSuffix":"BDI-content"}},"wdio_ui5_key":"sapm.Button{\"text\":\"Close\"}"}]}
RESULT: {"script":"<script> [1562 bytes]","args":[{"selector":{"controlType":"sap.m.Button","properties":{"text":"Close"},"searchOpenDialogs":true,"interaction":{"idSuffix":"BDI-content"}},"wdio_ui5_key":"sapm.Button{\"text\":\"Close\"}"}]}
RESULT: undefined
COMMAND: POST /session/004e8781a420927acb4284c1134f8905/element - {"using":"xpath","value":"//*[@id=\"__mbox-btn-0\"]"}
RESULT: {"using":"xpath","value":"//*[@id=\"__mbox-btn-0\"]"}
COMMAND: POST /session/004e8781a420927acb4284c1134f8905/element/f.B6308163BD667941B2C0E4D2A3AC438F.d.780055A0D171D9A09756F40124EB8A8D.e.8317/click - {}
RESULT: {}
COMMAND: GET /session/004e8781a420927acb4284c1134f8905/screenshot - {}
RESULT: {}
COMMAND: POST /session/004e8781a420927acb4284c1134f8905/execute/async - {"script":"<script> [1562 bytes]","args":[{"selector":{"controlType":"sap.m.Button","viewName":"etm.portal.ui.managerequests.view.Detail","i18NText":{"propertyName":"text","key":"requestSpecifications"},"interaction":{"idSuffix":"BDI-content"}},"wdio_ui5_key":"etmportal.ui.managerequests.view.Detailsap.m.Button{\"propertyName\":\"text\",\"key\":\"requestSpecifications\"}"}]}
RESULT: {"script":"<script> [1562 bytes]","args":[{"selector":{"controlType":"sap.m.Button","viewName":"etm.portal.ui.managerequests.view.Detail","i18NText":{"propertyName":"text","key":"requestSpecifications"},"interaction":{"idSuffix":"BDI-content"}},"wdio_ui5_key":"etmportal.ui.managerequests.view.Detailsap.m.Button{\"propertyName\":\"text\",\"key\":\"requestSpecifications\"}"}]}
RESULT: undefined
COMMAND: POST /session/004e8781a420927acb4284c1134f8905/element - {"using":"xpath","value":"//*[@id=\"__button107-__clone1346\"]"}
RESULT: {"using":"xpath","value":"//*[@id=\"__button107-__clone1346\"]"}
COMMAND: POST /session/004e8781a420927acb4284c1134f8905/element/f.B6308163BD667941B2C0E4D2A3AC438F.d.780055A0D171D9A09756F40124EB8A8D.e.8433/click - {}
RESULT: {}
COMMAND: GET /session/004e8781a420927acb4284c1134f8905/screenshot - {}
RESULT: {}
COMMAND: POST /session/004e8781a420927acb4284c1134f8905/element - {"using":"xpath","value":"//input[@value=\"blue\"]"}
RESULT: {"using":"xpath","value":"//input[@value=\"blue\"]"}
COMMAND: POST /session/004e8781a420927acb4284c1134f8905/elements - {"using":"xpath","value":"//input[@value=\"blue\"]"}
RESULT: {"using":"xpath","value":"//input[@value=\"blue\"]"}
COMMAND: POST /session/004e8781a420927acb4284c1134f8905/execute/async - {"script":"<script> [1562 bytes]","args":[{"selector":{"id":"cancelRequestSpecificationsButton","viewName":"etm.portal.ui.managerequests.view.Detail","searchOpenDialogs":true,"interaction":{"idSuffix":"BDI-content"}},"wdio_ui5_key":"cancelRequestSpecificationsButtonetmportal.ui.managerequests.view.Detail"}]}
RESULT: {"script":"<script> [1562 bytes]","args":[{"selector":{"id":"cancelRequestSpecificationsButton","viewName":"etm.portal.ui.managerequests.view.Detail","searchOpenDialogs":true,"interaction":{"idSuffix":"BDI-content"}},"wdio_ui5_key":"cancelRequestSpecificationsButtonetmportal.ui.managerequests.view.Detail"}]}
RESULT: undefined
COMMAND: POST /session/004e8781a420927acb4284c1134f8905/element - {"using":"xpath","value":"//*[@id=\"__xmlview60--cancelRequestSpecificationsButton\"]"}
RESULT: {"using":"xpath","value":"//*[@id=\"__xmlview60--cancelRequestSpecificationsButton\"]"}
COMMAND: POST /session/004e8781a420927acb4284c1134f8905/element/f.B6308163BD667941B2C0E4D2A3AC438F.d.780055A0D171D9A09756F40124EB8A8D.e.8446/click - {}
RESULT: {}
COMMAND: POST /session/004e8781a420927acb4284c1134f8905/element - {"using":"css selector","value":"#shell-header-logo"}
COMMAND: GET /session/004e8781a420927acb4284c1134f8905/screenshot - {}
RESULT: {"using":"css selector","value":"#shell-header-logo"}
COMMAND: POST /session/004e8781a420927acb4284c1134f8905/element/f.B6308163BD667941B2C0E4D2A3AC438F.d.780055A0D171D9A09756F40124EB8A8D.e.7773/click - {}
RESULT: {}
RESULT: {}
COMMAND: GET /session/004e8781a420927acb4284c1134f8905/screenshot - {}
RESULT: {}
]]></system-out>
    </testcase>
  </testsuite>
  <testsuite timestamp="2025-05-07T16:08:07" time="349.601" tests="3" failures="0" errors="0" skipped="0">
    <properties>
      <property name="specId" value="0" />
      <property name="suiteName" value="Reserve/Unreserve request item via reserve option US139161" />
      <property name="capabilities" value="chrome.136_0_7103_49.windows" />
      <property name="file" value="file:///D:/a/1/s/test/specs/R2C/reserve-unreserve-request-item-via-reserve-option.spec.js" />
    </properties>
    <testcase classname="chrome.136_0_7103_49.windows.Reserve/Unreserve_request_item_via_reserve_option_US139161" name="Should add the material to the catalog item" time="76.992">
      <system-out><![CDATA[
COMMAND: POST /session/004e8781a420927acb4284c1134f8905/element - {"using":"xpath","value":"//*[contains(@href, 'etm.portal.ui.managecatalogs')]"}
RESULT: {"using":"xpath","value":"//*[contains(@href, 'etm.portal.ui.managecatalogs')]"}
COMMAND: POST /session/004e8781a420927acb4284c1134f8905/element/f.B6308163BD667941B2C0E4D2A3AC438F.d.780055A0D171D9A09756F40124EB8A8D.e.7761/click - {}
RESULT: {}
COMMAND: GET /session/004e8781a420927acb4284c1134f8905/screenshot - {}
RESULT: {}
COMMAND: POST /session/004e8781a420927acb4284c1134f8905/execute/async - {"script":"<script> [1562 bytes]","args":[{"selector":{"controlType":"sap.m.Text","viewName":"etm.portal.ui.managecatalogs.view.MasterCatalogs","viewId":"application-managecatalogs-display-component---masterCatalogs","bindingPath":{"path":"/Catalogs('0D7502D073D53A0F1700BE067B89AFF9')","propertyPath":"DESCRIPTION","modelName":"catalogModel"}},"wdio_ui5_key":"etmportal.ui.managecatalogs.view.MasterCatalogssap.m.Text{\"path\":\"/Catalogs('0D7502D073D53A0F1700BE067B89AFF9')\",\"propertyPath\":\"DESCRIPTION\",\"modelName\":\"catalogModel\"}"}]}
RESULT: {"script":"<script> [1562 bytes]","args":[{"selector":{"controlType":"sap.m.Text","viewName":"etm.portal.ui.managecatalogs.view.MasterCatalogs","viewId":"application-managecatalogs-display-component---masterCatalogs","bindingPath":{"path":"/Catalogs('0D7502D073D53A0F1700BE067B89AFF9')","propertyPath":"DESCRIPTION","modelName":"catalogModel"}},"wdio_ui5_key":"etmportal.ui.managecatalogs.view.MasterCatalogssap.m.Text{\"path\":\"/Catalogs('0D7502D073D53A0F1700BE067B89AFF9')\",\"propertyPath\":\"DESCRIPTION\",\"modelName\":\"catalogModel\"}"}]}
RESULT: undefined
COMMAND: POST /session/004e8781a420927acb4284c1134f8905/element - {"using":"xpath","value":"//*[@id=\"__text685-application-managecatalogs-display-component---masterCatalogs--CatalogsTable-11\"]"}
RESULT: {"using":"xpath","value":"//*[@id=\"__text685-application-managecatalogs-display-component---masterCatalogs--CatalogsTable-11\"]"}
COMMAND: POST /session/004e8781a420927acb4284c1134f8905/element/f.B6308163BD667941B2C0E4D2A3AC438F.d.780055A0D171D9A09756F40124EB8A8D.e.8521/click - {}
RESULT: {}
RESULT: undefined
COMMAND: POST /session/004e8781a420927acb4284c1134f8905/execute/async - {"script":"<script> [776 bytes]","args":[{"enterText":"catalogItempranlf","selector":{"id":"application-managecatalogs-display-component---masterCatalogItems--searchItemsField","interaction":{"idSuffix":"I"}},"clearTextFirst":true,"interactionType":"ENTER_TEXT"}]}
COMMAND: GET /session/004e8781a420927acb4284c1134f8905/screenshot - {}
RESULT: {"script":"<script> [776 bytes]","args":[{"enterText":"catalogItempranlf","selector":{"id":"application-managecatalogs-display-component---masterCatalogItems--searchItemsField","interaction":{"idSuffix":"I"}},"clearTextFirst":true,"interactionType":"ENTER_TEXT"}]}
COMMAND: POST /session/004e8781a420927acb4284c1134f8905/actions - {"actions":[{"id":"action56","type":"key","parameters":{},"actions":[{"type":"keyDown","value":"î€‡"},{"type":"pause","duration":10},{"type":"keyUp","value":"î€‡"}]}]}
RESULT: {}
RESULT: {"actions":[{"id":"action56","type":"key","parameters":{},"actions":[{"type":"keyDown","value":"î€‡"},{"type":"pause","duration":10},{"type":"keyUp","value":"î€‡"}]}]}
COMMAND: POST /session/004e8781a420927acb4284c1134f8905/element - {"using":"xpath","value":"(//span[contains(text(), \"catalogItempranlf\")])[1]"}
COMMAND: GET /session/004e8781a420927acb4284c1134f8905/screenshot - {}
RESULT: {"using":"xpath","value":"(//span[contains(text(), \"catalogItempranlf\")])[1]"}
COMMAND: POST /session/004e8781a420927acb4284c1134f8905/element/f.B6308163BD667941B2C0E4D2A3AC438F.d.780055A0D171D9A09756F40124EB8A8D.e.8560/click - {}
RESULT: {}
RESULT: {}
COMMAND: GET /session/004e8781a420927acb4284c1134f8905/screenshot - {}
RESULT: {}
COMMAND: POST /session/004e8781a420927acb4284c1134f8905/element - {"using":"xpath","value":"//*[contains(@id ,\"BDI-content\")][contains(text(), \"Edit\")]"}
RESULT: {"using":"xpath","value":"//*[contains(@id ,\"BDI-content\")][contains(text(), \"Edit\")]"}
COMMAND: POST /session/004e8781a420927acb4284c1134f8905/element/f.B6308163BD667941B2C0E4D2A3AC438F.d.780055A0D171D9A09756F40124EB8A8D.e.8642/click - {}
RESULT: {}
COMMAND: GET /session/004e8781a420927acb4284c1134f8905/screenshot - {}
RESULT: {}
COMMAND: POST /session/004e8781a420927acb4284c1134f8905/element - {"using":"xpath","value":"//bdi[contains(text(), \"Assigned Resources\")]"}
RESULT: {"using":"xpath","value":"//bdi[contains(text(), \"Assigned Resources\")]"}
COMMAND: POST /session/004e8781a420927acb4284c1134f8905/element/f.B6308163BD667941B2C0E4D2A3AC438F.d.780055A0D171D9A09756F40124EB8A8D.e.8667/click - {}
RESULT: {}
COMMAND: GET /session/004e8781a420927acb4284c1134f8905/screenshot - {}
RESULT: {}
COMMAND: POST /session/004e8781a420927acb4284c1134f8905/element - {"using":"xpath","value":"//button[contains(@data-kt ,\"catalogItemAssignRuButton\")]"}
RESULT: {"using":"xpath","value":"//button[contains(@data-kt ,\"catalogItemAssignRuButton\")]"}
COMMAND: POST /session/004e8781a420927acb4284c1134f8905/element/f.B6308163BD667941B2C0E4D2A3AC438F.d.780055A0D171D9A09756F40124EB8A8D.e.8673/click - {}
RESULT: {}
COMMAND: GET /session/004e8781a420927acb4284c1134f8905/screenshot - {}
RESULT: {}
COMMAND: POST /session/004e8781a420927acb4284c1134f8905/actions - {"actions":[{"id":"action57","type":"key","parameters":{},"actions":[{"type":"keyDown","value":"î€‡"},{"type":"pause","duration":10},{"type":"keyUp","value":"î€‡"}]}]}
RESULT: {"actions":[{"id":"action57","type":"key","parameters":{},"actions":[{"type":"keyDown","value":"î€‡"},{"type":"pause","duration":10},{"type":"keyUp","value":"î€‡"}]}]}
COMMAND: GET /session/004e8781a420927acb4284c1134f8905/screenshot - {}
RESULT: {}
COMMAND: POST /session/004e8781a420927acb4284c1134f8905/execute/async - {"script":"<script> [1562 bytes]","args":[{"selector":{"id":"application-managecatalogs-display-component---detailCatalog--assignRUSearchField-vhi","searchOpenDialogs":true},"wdio_ui5_key":"applicationmanagecatalogs-display-component---detailCatalog--assignRUSearchField-vhi"}]}
RESULT: {"script":"<script> [1562 bytes]","args":[{"selector":{"id":"application-managecatalogs-display-component---detailCatalog--assignRUSearchField-vhi","searchOpenDialogs":true},"wdio_ui5_key":"applicationmanagecatalogs-display-component---detailCatalog--assignRUSearchField-vhi"}]}
RESULT: undefined
COMMAND: POST /session/004e8781a420927acb4284c1134f8905/element - {"using":"xpath","value":"//*[@id=\"application-managecatalogs-display-component---detailCatalog--assignRUSearchField-vhi\"]"}
RESULT: {"using":"xpath","value":"//*[@id=\"application-managecatalogs-display-component---detailCatalog--assignRUSearchField-vhi\"]"}
COMMAND: POST /session/004e8781a420927acb4284c1134f8905/element/f.B6308163BD667941B2C0E4D2A3AC438F.d.780055A0D171D9A09756F40124EB8A8D.e.8691/click - {}
RESULT: {}
COMMAND: GET /session/004e8781a420927acb4284c1134f8905/screenshot - {}
RESULT: {}
COMMAND: POST /session/004e8781a420927acb4284c1134f8905/element - {"using":"xpath","value":"//input[contains(@id ,\"searchField-I\")]"}
RESULT: {"using":"xpath","value":"//input[contains(@id ,\"searchField-I\")]"}
COMMAND: POST /session/004e8781a420927acb4284c1134f8905/element/f.B6308163BD667941B2C0E4D2A3AC438F.d.780055A0D171D9A09756F40124EB8A8D.e.8693/clear - {}
RESULT: {}
COMMAND: POST /session/004e8781a420927acb4284c1134f8905/element/f.B6308163BD667941B2C0E4D2A3AC438F.d.780055A0D171D9A09756F40124EB8A8D.e.8693/value - {"text":"WebdriverRUR2Ctpkdqg"}
COMMAND: GET /session/004e8781a420927acb4284c1134f8905/screenshot - {}
RESULT: {"text":"WebdriverRUR2Ctpkdqg"}
COMMAND: GET /session/004e8781a420927acb4284c1134f8905/screenshot - {}
RESULT: {}
RESULT: {}
COMMAND: POST /session/004e8781a420927acb4284c1134f8905/actions - {"actions":[{"id":"action58","type":"key","parameters":{},"actions":[{"type":"keyDown","value":"î€‡"},{"type":"pause","duration":10},{"type":"keyUp","value":"î€‡"}]}]}
RESULT: {"actions":[{"id":"action58","type":"key","parameters":{},"actions":[{"type":"keyDown","value":"î€‡"},{"type":"pause","duration":10},{"type":"keyUp","value":"î€‡"}]}]}
COMMAND: GET /session/004e8781a420927acb4284c1134f8905/screenshot - {}
RESULT: {}
COMMAND: POST /session/004e8781a420927acb4284c1134f8905/actions - {"actions":[{"id":"action59","type":"key","parameters":{},"actions":[{"type":"keyDown","value":"î€„"},{"type":"pause","duration":10},{"type":"keyUp","value":"î€„"}]}]}
RESULT: {"actions":[{"id":"action59","type":"key","parameters":{},"actions":[{"type":"keyDown","value":"î€„"},{"type":"pause","duration":10},{"type":"keyUp","value":"î€„"}]}]}
COMMAND: GET /session/004e8781a420927acb4284c1134f8905/screenshot - {}
RESULT: {}
COMMAND: POST /session/004e8781a420927acb4284c1134f8905/actions - {"actions":[{"id":"action60","type":"key","parameters":{},"actions":[{"type":"keyDown","value":"î€‡"},{"type":"pause","duration":10},{"type":"keyUp","value":"î€‡"}]}]}
RESULT: {"actions":[{"id":"action60","type":"key","parameters":{},"actions":[{"type":"keyDown","value":"î€‡"},{"type":"pause","duration":10},{"type":"keyUp","value":"î€‡"}]}]}
COMMAND: GET /session/004e8781a420927acb4284c1134f8905/screenshot - {}
RESULT: {}
COMMAND: POST /session/004e8781a420927acb4284c1134f8905/element - {"using":"xpath","value":"//bdi[contains(@id ,\"application-managecatalogs-display-component---detailCatalog--RUAssignmentSaveButton-BDI-content\")]"}
RESULT: {"using":"xpath","value":"//bdi[contains(@id ,\"application-managecatalogs-display-component---detailCatalog--RUAssignmentSaveButton-BDI-content\")]"}
COMMAND: POST /session/004e8781a420927acb4284c1134f8905/element/f.B6308163BD667941B2C0E4D2A3AC438F.d.780055A0D171D9A09756F40124EB8A8D.e.8724/click - {}
RESULT: {}
COMMAND: GET /session/004e8781a420927acb4284c1134f8905/screenshot - {}
RESULT: {}
COMMAND: POST /session/004e8781a420927acb4284c1134f8905/element - {"using":"xpath","value":"//bdi[contains(text(), \"Save\")]"}
RESULT: {"using":"xpath","value":"//bdi[contains(text(), \"Save\")]"}
COMMAND: POST /session/004e8781a420927acb4284c1134f8905/element/f.B6308163BD667941B2C0E4D2A3AC438F.d.780055A0D171D9A09756F40124EB8A8D.e.8747/click - {}
RESULT: {}
COMMAND: GET /session/004e8781a420927acb4284c1134f8905/screenshot - {}
RESULT: {}
COMMAND: POST /session/004e8781a420927acb4284c1134f8905/element - {"using":"css selector","value":"#shell-header-logo"}
RESULT: {"using":"css selector","value":"#shell-header-logo"}
COMMAND: POST /session/004e8781a420927acb4284c1134f8905/element/f.B6308163BD667941B2C0E4D2A3AC438F.d.780055A0D171D9A09756F40124EB8A8D.e.8456/click - {}
RESULT: {}
COMMAND: GET /session/004e8781a420927acb4284c1134f8905/screenshot - {}
RESULT: {}
COMMAND: POST /session/004e8781a420927acb4284c1134f8905/refresh - {}
RESULT: {}
COMMAND: GET /session/004e8781a420927acb4284c1134f8905/screenshot - {}
RESULT: {}
COMMAND: POST /session/004e8781a420927acb4284c1134f8905/execute/async - {"script":"<script> [189 bytes]","args":[]}
RESULT: {"script":"<script> [189 bytes]","args":[]}
COMMAND: POST /session/004e8781a420927acb4284c1134f8905/execute/async - {"script":"<script> [123 bytes]","args":[]}
RESULT: {"script":"<script> [123 bytes]","args":[]}
COMMAND: POST /session/004e8781a420927acb4284c1134f8905/timeouts - {"script":"<number>"}
RESULT: {"script":"<number>"}
COMMAND: GET /session/004e8781a420927acb4284c1134f8905/timeouts - {}
RESULT: {}
RESULT: undefined
COMMAND: POST /session/004e8781a420927acb4284c1134f8905/execute/async - {"script":"<script> [2676 bytes]","args":[]}
RESULT: {"script":"<script> [2676 bytes]","args":[]}
COMMAND: POST /session/004e8781a420927acb4284c1134f8905/execute/async - {"script":"<script> [2342 bytes]","args":[{"protocol":"http","hostname":"0.0.0.0","path":"/","capabilities":{"browserName":"chrome","goog:chromeOptions":{"binary":"C:\\Program Files\\Google\\Chrome\\Application\\chrome.exe","args":["--start-maximized"]}},"logLevel":"warn","connectionRetryTimeout":120000,"connectionRetryCount":3,"logLevels":{},"enableDirectConnect":true,"strictSSL":true,"_":"65 more keys: [\"cacheDir\",\"port\",\"requestedCapabilities\",\"automationProtocol\",\"baseUrl\",\"waitforInterval\",\"waitforTimeout\",\"onReload\",\"beforeCommand\",\"afterCommand\",\"rootDir\",\"specs\",\"suites\",\"exclude\",\"groupLogsByTestSpec\",\"excludeDriverLogs\",\"bail\",\"framework\",\"reporters\",\"services\",\"maxInstances\",\"maxInstancesPerCapability\",\"injectGlobals\",\"filesToWatch\",\"execArgv\",\"runnerEnv\",\"runner\",\"shard\",\"specFileRetries\",\"specFileRetriesDelay\",\"specFileRetriesDeferred\",\"reporterSyncInterval\",\"reporterSyncTimeout\",\"cucumberFeaturesWithLineNumbers\",\"autoCompileOpts\",\"mochaOpts\",\"jasmineOpts\",\"cucumberOpts\",\"onPrepare\",\"onWorkerStart\",\"onWorkerEnd\",\"before\",\"beforeSession\",\"beforeSuite\",\"beforeHook\",\"beforeTest\",\"afterTest\",\"afterHook\",\"afterSuite\",\"afterSession\",\"after\",\"onComplete\",\"beforeAssertion\",\"afterAssertion\",\"beforeFeature\",\"beforeScenario\",\"beforeStep\",\"afterStep\",\"afterScenario\",\"afterFeature\",\"_\",\"suite\",\"$0\",\"ignoredWorkerServices\",\"wdi5\"]"}]}
RESULT: {"script":"<script> [2342 bytes]","args":[{"protocol":"http","hostname":"0.0.0.0","path":"/","capabilities":{"browserName":"chrome","goog:chromeOptions":{"binary":"C:\\Program Files\\Google\\Chrome\\Application\\chrome.exe","args":["--start-maximized"]}},"logLevel":"warn","connectionRetryTimeout":120000,"connectionRetryCount":3,"logLevels":{},"enableDirectConnect":true,"strictSSL":true,"_":"65 more keys: [\"cacheDir\",\"port\",\"requestedCapabilities\",\"automationProtocol\",\"baseUrl\",\"waitforInterval\",\"waitforTimeout\",\"onReload\",\"beforeCommand\",\"afterCommand\",\"rootDir\",\"specs\",\"suites\",\"exclude\",\"groupLogsByTestSpec\",\"excludeDriverLogs\",\"bail\",\"framework\",\"reporters\",\"services\",\"maxInstances\",\"maxInstancesPerCapability\",\"injectGlobals\",\"filesToWatch\",\"execArgv\",\"runnerEnv\",\"runner\",\"shard\",\"specFileRetries\",\"specFileRetriesDelay\",\"specFileRetriesDeferred\",\"reporterSyncInterval\",\"reporterSyncTimeout\",\"cucumberFeaturesWithLineNumbers\",\"autoCompileOpts\",\"mochaOpts\",\"jasmineOpts\",\"cucumberOpts\",\"onPrepare\",\"onWorkerStart\",\"onWorkerEnd\",\"before\",\"beforeSession\",\"beforeSuite\",\"beforeHook\",\"beforeTest\",\"afterTest\",\"afterHook\",\"afterSuite\",\"afterSession\",\"after\",\"onComplete\",\"beforeAssertion\",\"afterAssertion\",\"beforeFeature\",\"beforeScenario\",\"beforeStep\",\"afterStep\",\"afterScenario\",\"afterFeature\",\"_\",\"suite\",\"$0\",\"ignoredWorkerServices\",\"wdi5\"]"}]}
COMMAND: POST /session/004e8781a420927acb4284c1134f8905/execute/async - {"script":"<script> [21126 bytes]","args":[35000]}
RESULT: {"script":"<script> [21126 bytes]","args":[35000]}
]]></system-out>
    </testcase>
    <testcase classname="chrome.136_0_7103_49.windows.Reserve/Unreserve_request_item_via_reserve_option_US139161" name="Should create a new request with a catalog item that can be planned" time="158.361">
      <system-out><![CDATA[
COMMAND: POST /session/004e8781a420927acb4284c1134f8905/element - {"using":"xpath","value":"//*[contains(@href, 'etm.portal.ui.managerequests')]"}
RESULT: {"using":"xpath","value":"//*[contains(@href, 'etm.portal.ui.managerequests')]"}
COMMAND: POST /session/004e8781a420927acb4284c1134f8905/element/f.B6308163BD667941B2C0E4D2A3AC438F.d.E6EE9D7CD344AA86B26538F6A0E5F7E5.e.8788/click - {}
RESULT: {}
COMMAND: GET /session/004e8781a420927acb4284c1134f8905/screenshot - {}
RESULT: {}
COMMAND: POST /session/004e8781a420927acb4284c1134f8905/element - {"using":"xpath","value":"//button[contains(@data-kt ,\"btnCreateNewOverflowToolbarButton\")]"}
COMMAND: POST /session/004e8781a420927acb4284c1134f8905/element - {"using":"xpath","value":"(//span[contains(@class ,\"sapMObjStatusText\")])[1]"}
RESULT: {"using":"xpath","value":"//button[contains(@data-kt ,\"btnCreateNewOverflowToolbarButton\")]"}
COMMAND: POST /session/004e8781a420927acb4284c1134f8905/element/f.B6308163BD667941B2C0E4D2A3AC438F.d.E6EE9D7CD344AA86B26538F6A0E5F7E5.e.8845/click - {}
RESULT: {"using":"xpath","value":"(//span[contains(@class ,\"sapMObjStatusText\")])[1]"}
COMMAND: POST /session/004e8781a420927acb4284c1134f8905/execute/sync - {"script":"<script> [8489 bytes]","args":[{"element-6066-11e4-a52e-4f735466cecf":"f.B6308163BD667941B2C0E4D2A3AC438F.d.E6EE9D7CD344AA86B26538F6A0E5F7E5.e.8889","ELEMENT":"f.B6308163BD667941B2C0E4D2A3AC438F.d.E6EE9D7CD344AA86B26538F6A0E5F7E5.e.8889"}]}
RESULT: {}
COMMAND: GET /session/004e8781a420927acb4284c1134f8905/screenshot - {}
RESULT: {"script":"<script> [8489 bytes]","args":[{"element-6066-11e4-a52e-4f735466cecf":"f.B6308163BD667941B2C0E4D2A3AC438F.d.E6EE9D7CD344AA86B26538F6A0E5F7E5.e.8889","ELEMENT":"f.B6308163BD667941B2C0E4D2A3AC438F.d.E6EE9D7CD344AA86B26538F6A0E5F7E5.e.8889"}]}
COMMAND: GET /session/004e8781a420927acb4284c1134f8905/screenshot - {}
RESULT: {}
RESULT: {}
COMMAND: POST /session/004e8781a420927acb4284c1134f8905/element - {"using":"xpath","value":"//input[contains(@id ,\"yardId-inner\")]"}
RESULT: {"using":"xpath","value":"//input[contains(@id ,\"yardId-inner\")]"}
COMMAND: POST /session/004e8781a420927acb4284c1134f8905/execute/sync - {"script":"<script> [8489 bytes]","args":[{"element-6066-11e4-a52e-4f735466cecf":"f.B6308163BD667941B2C0E4D2A3AC438F.d.E6EE9D7CD344AA86B26538F6A0E5F7E5.e.9095","ELEMENT":"f.B6308163BD667941B2C0E4D2A3AC438F.d.E6EE9D7CD344AA86B26538F6A0E5F7E5.e.9095"}]}
RESULT: {"script":"<script> [8489 bytes]","args":[{"element-6066-11e4-a52e-4f735466cecf":"f.B6308163BD667941B2C0E4D2A3AC438F.d.E6EE9D7CD344AA86B26538F6A0E5F7E5.e.9095","ELEMENT":"f.B6308163BD667941B2C0E4D2A3AC438F.d.E6EE9D7CD344AA86B26538F6A0E5F7E5.e.9095"}]}
COMMAND: POST /session/004e8781a420927acb4284c1134f8905/element - {"using":"xpath","value":"//input[contains(@id ,\"yardId-inner\")]"}
COMMAND: GET /session/004e8781a420927acb4284c1134f8905/screenshot - {}
RESULT: {"using":"xpath","value":"//input[contains(@id ,\"yardId-inner\")]"}
COMMAND: GET /session/004e8781a420927acb4284c1134f8905/element/f.B6308163BD667941B2C0E4D2A3AC438F.d.E6EE9D7CD344AA86B26538F6A0E5F7E5.e.9095/enabled - {}
RESULT: {}
RESULT: {}
COMMAND: POST /session/004e8781a420927acb4284c1134f8905/element/f.B6308163BD667941B2C0E4D2A3AC438F.d.E6EE9D7CD344AA86B26538F6A0E5F7E5.e.9095/clear - {}
COMMAND: GET /session/004e8781a420927acb4284c1134f8905/screenshot - {}
RESULT: {}
COMMAND: POST /session/004e8781a420927acb4284c1134f8905/element/f.B6308163BD667941B2C0E4D2A3AC438F.d.E6EE9D7CD344AA86B26538F6A0E5F7E5.e.9095/value - {"text":"WebdriverYardnhqhyk"}
COMMAND: GET /session/004e8781a420927acb4284c1134f8905/screenshot - {}
RESULT: {}
RESULT: {"text":"WebdriverYardnhqhyk"}
COMMAND: GET /session/004e8781a420927acb4284c1134f8905/screenshot - {}
RESULT: {}
RESULT: {}
COMMAND: POST /session/004e8781a420927acb4284c1134f8905/element - {"using":"xpath","value":"//input[contains(@id ,\"customerNumber-inner\")]"}
RESULT: {"using":"xpath","value":"//input[contains(@id ,\"customerNumber-inner\")]"}
COMMAND: POST /session/004e8781a420927acb4284c1134f8905/element/f.B6308163BD667941B2C0E4D2A3AC438F.d.E6EE9D7CD344AA86B26538F6A0E5F7E5.e.9089/value - {"text":"WebdriverPartnere8pc8"}
COMMAND: POST /session/004e8781a420927acb4284c1134f8905/actions - {"actions":[{"id":"action61","type":"key","parameters":{},"actions":[{"type":"keyDown","value":"î€‡"},{"type":"pause","duration":10},{"type":"keyUp","value":"î€‡"}]}]}
RESULT: {"actions":[{"id":"action61","type":"key","parameters":{},"actions":[{"type":"keyDown","value":"î€‡"},{"type":"pause","duration":10},{"type":"keyUp","value":"î€‡"}]}]}
COMMAND: GET /session/004e8781a420927acb4284c1134f8905/screenshot - {}
RESULT: {"text":"WebdriverPartnere8pc8"}
COMMAND: GET /session/004e8781a420927acb4284c1134f8905/screenshot - {}
RESULT: {}
RESULT: {}
COMMAND: POST /session/004e8781a420927acb4284c1134f8905/actions - {"actions":[{"id":"action62","type":"key","parameters":{},"actions":[{"type":"keyDown","value":"î€‡"},{"type":"pause","duration":10},{"type":"keyUp","value":"î€‡"}]}]}
RESULT: {"actions":[{"id":"action62","type":"key","parameters":{},"actions":[{"type":"keyDown","value":"î€‡"},{"type":"pause","duration":10},{"type":"keyUp","value":"î€‡"}]}]}
COMMAND: GET /session/004e8781a420927acb4284c1134f8905/screenshot - {}
RESULT: {}
COMMAND: GET /session/004e8781a420927acb4284c1134f8905/element/f.B6308163BD667941B2C0E4D2A3AC438F.d.E6EE9D7CD344AA86B26538F6A0E5F7E5.e.9089/property/value - {}
RESULT: {}
COMMAND: GET /session/004e8781a420927acb4284c1134f8905/screenshot - {}
RESULT: {}
COMMAND: POST /session/004e8781a420927acb4284c1134f8905/element - {"using":"xpath","value":"//input[contains(@id ,\"requestSiteId-inner\")]"}
RESULT: {"using":"xpath","value":"//input[contains(@id ,\"requestSiteId-inner\")]"}
COMMAND: POST /session/004e8781a420927acb4284c1134f8905/element/f.B6308163BD667941B2C0E4D2A3AC438F.d.E6EE9D7CD344AA86B26538F6A0E5F7E5.e.9088/value - {"text":"WebdriverSite2h8xt"}
RESULT: {"text":"WebdriverSite2h8xt"}
COMMAND: GET /session/004e8781a420927acb4284c1134f8905/screenshot - {}
RESULT: {}
COMMAND: POST /session/004e8781a420927acb4284c1134f8905/actions - {"actions":[{"id":"action63","type":"key","parameters":{},"actions":[{"type":"keyDown","value":"î€‡"},{"type":"pause","duration":10},{"type":"keyUp","value":"î€‡"}]}]}
RESULT: {"actions":[{"id":"action63","type":"key","parameters":{},"actions":[{"type":"keyDown","value":"î€‡"},{"type":"pause","duration":10},{"type":"keyUp","value":"î€‡"}]}]}
COMMAND: GET /session/004e8781a420927acb4284c1134f8905/screenshot - {}
RESULT: {}
COMMAND: POST /session/004e8781a420927acb4284c1134f8905/element - {"using":"xpath","value":"//button[contains(@data-kt ,\"requestItemAddOverflowToolbarButton\")]"}
RESULT: {"using":"xpath","value":"//button[contains(@data-kt ,\"requestItemAddOverflowToolbarButton\")]"}
COMMAND: POST /session/004e8781a420927acb4284c1134f8905/element/f.B6308163BD667941B2C0E4D2A3AC438F.d.E6EE9D7CD344AA86B26538F6A0E5F7E5.e.9067/click - {}
RESULT: {}
COMMAND: GET /session/004e8781a420927acb4284c1134f8905/screenshot - {}
RESULT: {}
COMMAND: POST /session/004e8781a420927acb4284c1134f8905/actions - {"actions":[{"id":"action64","type":"key","parameters":{},"actions":[{"type":"keyDown","value":"î€•"},{"type":"pause","duration":10},{"type":"keyUp","value":"î€•"}]}]}
RESULT: {"actions":[{"id":"action64","type":"key","parameters":{},"actions":[{"type":"keyDown","value":"î€•"},{"type":"pause","duration":10},{"type":"keyUp","value":"î€•"}]}]}
COMMAND: POST /session/004e8781a420927acb4284c1134f8905/actions - {"actions":[{"id":"action65","type":"key","parameters":{},"actions":[{"type":"keyDown","value":"î€‡"},{"type":"pause","duration":10},{"type":"keyUp","value":"î€‡"}]}]}
COMMAND: GET /session/004e8781a420927acb4284c1134f8905/screenshot - {}
RESULT: {"actions":[{"id":"action65","type":"key","parameters":{},"actions":[{"type":"keyDown","value":"î€‡"},{"type":"pause","duration":10},{"type":"keyUp","value":"î€‡"}]}]}
COMMAND: POST /session/004e8781a420927acb4284c1134f8905/element - {"using":"xpath","value":"(//input[contains(@id ,\"requestItemsTable-0-inner\")])[1]"}
COMMAND: GET /session/004e8781a420927acb4284c1134f8905/screenshot - {}
RESULT: {}
RESULT: {"using":"xpath","value":"(//input[contains(@id ,\"requestItemsTable-0-inner\")])[1]"}
COMMAND: POST /session/004e8781a420927acb4284c1134f8905/element/f.B6308163BD667941B2C0E4D2A3AC438F.d.E6EE9D7CD344AA86B26538F6A0E5F7E5.e.9244/clear - {}
RESULT: {}
RESULT: {}
COMMAND: POST /session/004e8781a420927acb4284c1134f8905/element/f.B6308163BD667941B2C0E4D2A3AC438F.d.E6EE9D7CD344AA86B26538F6A0E5F7E5.e.9244/value - {"text":"catalogItempranlf"}
COMMAND: GET /session/004e8781a420927acb4284c1134f8905/screenshot - {}
RESULT: {"text":"catalogItempranlf"}
COMMAND: GET /session/004e8781a420927acb4284c1134f8905/screenshot - {}
RESULT: {}
RESULT: {}
COMMAND: POST /session/004e8781a420927acb4284c1134f8905/actions - {"actions":[{"id":"action66","type":"key","parameters":{},"actions":[{"type":"keyDown","value":"î€‡"},{"type":"pause","duration":10},{"type":"keyUp","value":"î€‡"}]}]}
RESULT: {"actions":[{"id":"action66","type":"key","parameters":{},"actions":[{"type":"keyDown","value":"î€‡"},{"type":"pause","duration":10},{"type":"keyUp","value":"î€‡"}]}]}
COMMAND: GET /session/004e8781a420927acb4284c1134f8905/screenshot - {}
RESULT: {}
COMMAND: POST /session/004e8781a420927acb4284c1134f8905/execute/async - {"script":"<script> [1562 bytes]","args":[{"selector":{"controlType":"sap.ui.core.Icon","viewName":"etm.portal.ui.managerequests.view.NewRequest","properties":{"src":{"regex":{"source":"slim\\-arrow\\-down"}}},"ancestor":{"controlType":"sap.m.Button","viewName":"etm.portal.ui.managerequests.view.NewRequest","properties":{"icon":"sap-icon://slim-arrow-down"}}},"wdio_ui5_key":"etmportal.ui.managerequests.view.NewRequestsap.ui.core.Icon{\"src\":{\"regex\":{\"source\":\"slim\\\\-arrow\\\\-down\"}}}{\"controlType\":\"sap.m.Button\",\"viewName\":\"etm.portal.ui.managerequests.view.NewRequest\",\"properties\":{\"icon\":\"sap-icon://slim-arrow-down\"}}"}]}
RESULT: {"script":"<script> [1562 bytes]","args":[{"selector":{"controlType":"sap.ui.core.Icon","viewName":"etm.portal.ui.managerequests.view.NewRequest","properties":{"src":{"regex":{"source":"slim\\-arrow\\-down"}}},"ancestor":{"controlType":"sap.m.Button","viewName":"etm.portal.ui.managerequests.view.NewRequest","properties":{"icon":"sap-icon://slim-arrow-down"}}},"wdio_ui5_key":"etmportal.ui.managerequests.view.NewRequestsap.ui.core.Icon{\"src\":{\"regex\":{\"source\":\"slim\\\\-arrow\\\\-down\"}}}{\"controlType\":\"sap.m.Button\",\"viewName\":\"etm.portal.ui.managerequests.view.NewRequest\",\"properties\":{\"icon\":\"sap-icon://slim-arrow-down\"}}"}]}
RESULT: undefined
COMMAND: POST /session/004e8781a420927acb4284c1134f8905/element - {"using":"xpath","value":"//div[contains(@data-kt ,\"splitAllocationObjectStatus\")]"}
RESULT: {"using":"xpath","value":"//div[contains(@data-kt ,\"splitAllocationObjectStatus\")]"}
COMMAND: POST /session/004e8781a420927acb4284c1134f8905/elements - {"using":"xpath","value":"//div[contains(@data-kt ,\"splitAllocationObjectStatus\")]"}
RESULT: {"using":"xpath","value":"//div[contains(@data-kt ,\"splitAllocationObjectStatus\")]"}
COMMAND: POST /session/004e8781a420927acb4284c1134f8905/execute/async - {"script":"<script> [1562 bytes]","args":[{"selector":{"controlType":"sap.ui.core.Icon","viewName":"etm.portal.ui.managerequests.view.NewRequest","properties":{"src":{"regex":{"source":"message\\-error"}}}},"wdio_ui5_key":"etmportal.ui.managerequests.view.NewRequestsap.ui.core.Icon{\"src\":{\"regex\":{\"source\":\"message\\\\-error\"}}}"}]}
RESULT: {"script":"<script> [1562 bytes]","args":[{"selector":{"controlType":"sap.ui.core.Icon","viewName":"etm.portal.ui.managerequests.view.NewRequest","properties":{"src":{"regex":{"source":"message\\-error"}}}},"wdio_ui5_key":"etmportal.ui.managerequests.view.NewRequestsap.ui.core.Icon{\"src\":{\"regex\":{\"source\":\"message\\\\-error\"}}}"}]}
RESULT: undefined
COMMAND: POST /session/004e8781a420927acb4284c1134f8905/element - {"using":"xpath","value":"//*[@id=\"__status4-__xmlview59--requestItemsTable-0-icon\"]"}
RESULT: {"using":"xpath","value":"//*[@id=\"__status4-__xmlview59--requestItemsTable-0-icon\"]"}
COMMAND: POST /session/004e8781a420927acb4284c1134f8905/element/f.B6308163BD667941B2C0E4D2A3AC438F.d.E6EE9D7CD344AA86B26538F6A0E5F7E5.e.9259/click - {}
RESULT: {}
COMMAND: POST /session/004e8781a420927acb4284c1134f8905/execute/async - {"script":"<script> [1562 bytes]","args":[{"selector":{"controlType":"sap.ui.core.Icon","viewName":"etm.portal.ui.managerequests.view.NewRequest","properties":{"src":{"regex":{"source":"slim\\-arrow\\-down"}}},"searchOpenDialogs":true,"ancestor":{"id":"costObjectAdminTypeComboBox","viewName":"etm.portal.ui.managerequests.view.NewRequest","searchOpenDialogs":true}},"wdio_ui5_key":"etmportal.ui.managerequests.view.NewRequestsap.ui.core.Icon{\"src\":{\"regex\":{\"source\":\"slim\\\\-arrow\\\\-down\"}}}{\"id\":\"costObjectAdminTypeComboBox\",\"viewName\":\"etm.portal.ui.managerequests.view.NewRequest\",\"searchOpenDialogs\":true}"}]}
COMMAND: GET /session/004e8781a420927acb4284c1134f8905/screenshot - {}
RESULT: {"script":"<script> [1562 bytes]","args":[{"selector":{"controlType":"sap.ui.core.Icon","viewName":"etm.portal.ui.managerequests.view.NewRequest","properties":{"src":{"regex":{"source":"slim\\-arrow\\-down"}}},"searchOpenDialogs":true,"ancestor":{"id":"costObjectAdminTypeComboBox","viewName":"etm.portal.ui.managerequests.view.NewRequest","searchOpenDialogs":true}},"wdio_ui5_key":"etmportal.ui.managerequests.view.NewRequestsap.ui.core.Icon{\"src\":{\"regex\":{\"source\":\"slim\\\\-arrow\\\\-down\"}}}{\"id\":\"costObjectAdminTypeComboBox\",\"viewName\":\"etm.portal.ui.managerequests.view.NewRequest\",\"searchOpenDialogs\":true}"}]}
RESULT: undefined
COMMAND: POST /session/004e8781a420927acb4284c1134f8905/element - {"using":"xpath","value":"//*[@id=\"__xmlview59--costObjectAdminTypeComboBox-arrow\"]"}
RESULT: {}
RESULT: {"using":"xpath","value":"//*[@id=\"__xmlview59--costObjectAdminTypeComboBox-arrow\"]"}
COMMAND: POST /session/004e8781a420927acb4284c1134f8905/element/f.B6308163BD667941B2C0E4D2A3AC438F.d.E6EE9D7CD344AA86B26538F6A0E5F7E5.e.9264/click - {}
RESULT: {}
COMMAND: POST /session/004e8781a420927acb4284c1134f8905/execute/async - {"script":"<script> [1562 bytes]","args":[{"selector":{"controlType":"sap.m.StandardListItem","viewName":"etm.portal.ui.managerequests.view.NewRequest","properties":{"title":"Cost Center"},"searchOpenDialogs":true,"interaction":{"idSuffix":"titleText"}},"wdio_ui5_key":"etmportal.ui.managerequests.view.NewRequestsap.m.StandardListItem{\"title\":\"Cost Center\"}"}]}
COMMAND: GET /session/004e8781a420927acb4284c1134f8905/screenshot - {}
RESULT: {"script":"<script> [1562 bytes]","args":[{"selector":{"controlType":"sap.m.StandardListItem","viewName":"etm.portal.ui.managerequests.view.NewRequest","properties":{"title":"Cost Center"},"searchOpenDialogs":true,"interaction":{"idSuffix":"titleText"}},"wdio_ui5_key":"etmportal.ui.managerequests.view.NewRequestsap.m.StandardListItem{\"title\":\"Cost Center\"}"}]}
RESULT: undefined
COMMAND: POST /session/004e8781a420927acb4284c1134f8905/element - {"using":"xpath","value":"//*[@id=\"__item841\"]"}
RESULT: {}
RESULT: {"using":"xpath","value":"//*[@id=\"__item841\"]"}
COMMAND: POST /session/004e8781a420927acb4284c1134f8905/element/f.B6308163BD667941B2C0E4D2A3AC438F.d.E6EE9D7CD344AA86B26538F6A0E5F7E5.e.9266/click - {}
RESULT: {}
COMMAND: GET /session/004e8781a420927acb4284c1134f8905/screenshot - {}
RESULT: {}
COMMAND: POST /session/004e8781a420927acb4284c1134f8905/execute/async - {"script":"<script> [1562 bytes]","args":[{"selector":{"controlType":"sap.ui.core.Icon","viewName":"etm.portal.ui.managerequests.view.NewRequest","properties":{"src":{"regex":{"source":"value\\-help"}}},"searchOpenDialogs":true},"wdio_ui5_key":"etmportal.ui.managerequests.view.NewRequestsap.ui.core.Icon{\"src\":{\"regex\":{\"source\":\"value\\\\-help\"}}}"}]}
RESULT: {"script":"<script> [1562 bytes]","args":[{"selector":{"controlType":"sap.ui.core.Icon","viewName":"etm.portal.ui.managerequests.view.NewRequest","properties":{"src":{"regex":{"source":"value\\-help"}}},"searchOpenDialogs":true},"wdio_ui5_key":"etmportal.ui.managerequests.view.NewRequestsap.ui.core.Icon{\"src\":{\"regex\":{\"source\":\"value\\\\-help\"}}}"}]}
RESULT: undefined
COMMAND: POST /session/004e8781a420927acb4284c1134f8905/element - {"using":"xpath","value":"//*[@id=\"__xmlview59--costObjectIdComboBox-vhi\"]"}
RESULT: {"using":"xpath","value":"//*[@id=\"__xmlview59--costObjectIdComboBox-vhi\"]"}
COMMAND: POST /session/004e8781a420927acb4284c1134f8905/element/f.B6308163BD667941B2C0E4D2A3AC438F.d.E6EE9D7CD344AA86B26538F6A0E5F7E5.e.9273/click - {}
RESULT: {}
COMMAND: POST /session/004e8781a420927acb4284c1134f8905/execute/async - {"script":"<script> [1562 bytes]","args":[{"selector":{"controlType":"sap.m.SearchField","properties":{"placeholder":"Search"},"searchOpenDialogs":true,"interaction":{"idSuffix":"I"}},"wdio_ui5_key":"sapm.SearchField{\"placeholder\":\"Search\"}"}]}
COMMAND: GET /session/004e8781a420927acb4284c1134f8905/screenshot - {}
RESULT: {"script":"<script> [1562 bytes]","args":[{"selector":{"controlType":"sap.m.SearchField","properties":{"placeholder":"Search"},"searchOpenDialogs":true,"interaction":{"idSuffix":"I"}},"wdio_ui5_key":"sapm.SearchField{\"placeholder\":\"Search\"}"}]}
RESULT: undefined
COMMAND: POST /session/004e8781a420927acb4284c1134f8905/execute/async - {"script":"<script> [776 bytes]","args":[{"enterText":"10001010","selector":{"controlType":"sap.m.SearchField","properties":{"placeholder":"Search"},"searchOpenDialogs":true,"interaction":{"idSuffix":"I"}},"clearTextFirst":true,"interactionType":"ENTER_TEXT"}]}
RESULT: {}
RESULT: {"script":"<script> [776 bytes]","args":[{"enterText":"10001010","selector":{"controlType":"sap.m.SearchField","properties":{"placeholder":"Search"},"searchOpenDialogs":true,"interaction":{"idSuffix":"I"}},"clearTextFirst":true,"interactionType":"ENTER_TEXT"}]}
COMMAND: POST /session/004e8781a420927acb4284c1134f8905/actions - {"actions":[{"id":"action67","type":"key","parameters":{},"actions":[{"type":"keyDown","value":"î€‡"},{"type":"pause","duration":10},{"type":"keyUp","value":"î€‡"}]}]}
RESULT: {"actions":[{"id":"action67","type":"key","parameters":{},"actions":[{"type":"keyDown","value":"î€‡"},{"type":"pause","duration":10},{"type":"keyUp","value":"î€‡"}]}]}
COMMAND: GET /session/004e8781a420927acb4284c1134f8905/screenshot - {}
RESULT: {}
COMMAND: POST /session/004e8781a420927acb4284c1134f8905/execute/async - {"script":"<script> [1562 bytes]","args":[{"selector":{"controlType":"sap.m.Text","bindingPath":{"path":"/C_CostCtrValueHelp(CostCenter='10001010',ControllingArea='Z001')","propertyPath":"CostCenterName","modelName":"CostCenterModel"},"searchOpenDialogs":true},"wdio_ui5_key":"sapm.Text{\"path\":\"/C_CostCtrValueHelp(CostCenter='10001010',ControllingArea='Z001')\",\"propertyPath\":\"CostCenterName\",\"modelName\":\"CostCenterModel\"}"}]}
RESULT: {"script":"<script> [1562 bytes]","args":[{"selector":{"controlType":"sap.m.Text","bindingPath":{"path":"/C_CostCtrValueHelp(CostCenter='10001010',ControllingArea='Z001')","propertyPath":"CostCenterName","modelName":"CostCenterModel"},"searchOpenDialogs":true},"wdio_ui5_key":"sapm.Text{\"path\":\"/C_CostCtrValueHelp(CostCenter='10001010',ControllingArea='Z001')\",\"propertyPath\":\"CostCenterName\",\"modelName\":\"CostCenterModel\"}"}]}
RESULT: undefined
COMMAND: POST /session/004e8781a420927acb4284c1134f8905/element - {"using":"xpath","value":"//*[@id=\"__text291-__clone979\"]"}
RESULT: {"using":"xpath","value":"//*[@id=\"__text291-__clone979\"]"}
COMMAND: POST /session/004e8781a420927acb4284c1134f8905/element/f.B6308163BD667941B2C0E4D2A3AC438F.d.E6EE9D7CD344AA86B26538F6A0E5F7E5.e.9313/click - {}
RESULT: {}
COMMAND: POST /session/004e8781a420927acb4284c1134f8905/execute/async - {"script":"<script> [1562 bytes]","args":[{"selector":{"controlType":"sap.m.Button","properties":{"text":"OK"},"searchOpenDialogs":true,"interaction":{"idSuffix":"BDI-content"}},"wdio_ui5_key":"sapm.Button{\"text\":\"OK\"}"}]}
COMMAND: GET /session/004e8781a420927acb4284c1134f8905/screenshot - {}
RESULT: {"script":"<script> [1562 bytes]","args":[{"selector":{"controlType":"sap.m.Button","properties":{"text":"OK"},"searchOpenDialogs":true,"interaction":{"idSuffix":"BDI-content"}},"wdio_ui5_key":"sapm.Button{\"text\":\"OK\"}"}]}
RESULT: undefined
COMMAND: POST /session/004e8781a420927acb4284c1134f8905/element - {"using":"xpath","value":"//*[@id=\"__dialog1-ok\"]"}
RESULT: {}
RESULT: {"using":"xpath","value":"//*[@id=\"__dialog1-ok\"]"}
COMMAND: POST /session/004e8781a420927acb4284c1134f8905/element/f.B6308163BD667941B2C0E4D2A3AC438F.d.E6EE9D7CD344AA86B26538F6A0E5F7E5.e.9315/click - {}
RESULT: {}
COMMAND: GET /session/004e8781a420927acb4284c1134f8905/screenshot - {}
RESULT: {}
COMMAND: POST /session/004e8781a420927acb4284c1134f8905/execute/async - {"script":"<script> [1562 bytes]","args":[{"selector":{"controlType":"sap.m.Button","viewName":"etm.portal.ui.managerequests.view.NewRequest","i18NText":{"propertyName":"text","key":"save"},"searchOpenDialogs":true,"interaction":{"idSuffix":"BDI-content"}},"wdio_ui5_key":"etmportal.ui.managerequests.view.NewRequestsap.m.Button{\"propertyName\":\"text\",\"key\":\"save\"}"}]}
RESULT: {"script":"<script> [1562 bytes]","args":[{"selector":{"controlType":"sap.m.Button","viewName":"etm.portal.ui.managerequests.view.NewRequest","i18NText":{"propertyName":"text","key":"save"},"searchOpenDialogs":true,"interaction":{"idSuffix":"BDI-content"}},"wdio_ui5_key":"etmportal.ui.managerequests.view.NewRequestsap.m.Button{\"propertyName\":\"text\",\"key\":\"save\"}"}]}
RESULT: undefined
COMMAND: POST /session/004e8781a420927acb4284c1134f8905/element - {"using":"xpath","value":"//*[@id=\"__button24\"]"}
RESULT: {"using":"xpath","value":"//*[@id=\"__button24\"]"}
COMMAND: POST /session/004e8781a420927acb4284c1134f8905/element/f.B6308163BD667941B2C0E4D2A3AC438F.d.E6EE9D7CD344AA86B26538F6A0E5F7E5.e.9319/click - {}
RESULT: {}
COMMAND: GET /session/004e8781a420927acb4284c1134f8905/screenshot - {}
RESULT: {}
COMMAND: POST /session/004e8781a420927acb4284c1134f8905/element - {"using":"xpath","value":"(//bdi[contains(text() ,\"Save\")])[1]"}
RESULT: {"using":"xpath","value":"(//bdi[contains(text() ,\"Save\")])[1]"}
COMMAND: POST /session/004e8781a420927acb4284c1134f8905/element/f.B6308163BD667941B2C0E4D2A3AC438F.d.E6EE9D7CD344AA86B26538F6A0E5F7E5.e.9321/click - {}
RESULT: {}
COMMAND: GET /session/004e8781a420927acb4284c1134f8905/screenshot - {}
RESULT: {}
COMMAND: POST /session/004e8781a420927acb4284c1134f8905/execute/async - {"script":"<script> [1562 bytes]","args":[{"selector":{"controlType":"sap.m.Title","properties":{"text":"Success"},"searchOpenDialogs":true},"wdio_ui5_key":"sapm.Title{\"text\":\"Success\"}"}]}
RESULT: {"script":"<script> [1562 bytes]","args":[{"selector":{"controlType":"sap.m.Title","properties":{"text":"Success"},"searchOpenDialogs":true},"wdio_ui5_key":"sapm.Title{\"text\":\"Success\"}"}]}
RESULT: undefined
COMMAND: POST /session/004e8781a420927acb4284c1134f8905/execute/async - {"script":"<script> [6424 bytes]","args":[{"element-6066-11e4-a52e-4f735466cecf":"f.B6308163BD667941B2C0E4D2A3AC438F.d.E6EE9D7CD344AA86B26538F6A0E5F7E5.e.9325"},"getText",[]]}
RESULT: {"script":"<script> [6424 bytes]","args":[{"element-6066-11e4-a52e-4f735466cecf":"f.B6308163BD667941B2C0E4D2A3AC438F.d.E6EE9D7CD344AA86B26538F6A0E5F7E5.e.9325"},"getText",[]]}
COMMAND: POST /session/004e8781a420927acb4284c1134f8905/execute/async - {"script":"<script> [1562 bytes]","args":[{"selector":{"controlType":"sap.m.Button","properties":{"text":"Close"},"searchOpenDialogs":true,"interaction":{"idSuffix":"BDI-content"}},"wdio_ui5_key":"sapm.Button{\"text\":\"Close\"}"}]}
RESULT: {"script":"<script> [1562 bytes]","args":[{"selector":{"controlType":"sap.m.Button","properties":{"text":"Close"},"searchOpenDialogs":true,"interaction":{"idSuffix":"BDI-content"}},"wdio_ui5_key":"sapm.Button{\"text\":\"Close\"}"}]}
RESULT: undefined
COMMAND: POST /session/004e8781a420927acb4284c1134f8905/element - {"using":"xpath","value":"//*[@id=\"__mbox-btn-0\"]"}
RESULT: {"using":"xpath","value":"//*[@id=\"__mbox-btn-0\"]"}
COMMAND: POST /session/004e8781a420927acb4284c1134f8905/element/f.B6308163BD667941B2C0E4D2A3AC438F.d.E6EE9D7CD344AA86B26538F6A0E5F7E5.e.9324/click - {}
RESULT: {}
COMMAND: GET /session/004e8781a420927acb4284c1134f8905/screenshot - {}
RESULT: {}
]]></system-out>
    </testcase>
    <testcase classname="chrome.136_0_7103_49.windows.Reserve/Unreserve_request_item_via_reserve_option_US139161" name="Should navigate to planning board and reserve the resource" time="109.49">
      <system-out><![CDATA[
COMMAND: POST /session/004e8781a420927acb4284c1134f8905/execute/async - {"script":"<script> [1562 bytes]","args":[{"selector":{"controlType":"sap.m.Button","viewName":"etm.portal.ui.managerequests.view.Detail","i18NText":{"propertyName":"text","key":"planningSituation"},"interaction":{"idSuffix":"BDI-content"}},"wdio_ui5_key":"etmportal.ui.managerequests.view.Detailsap.m.Button{\"propertyName\":\"text\",\"key\":\"planningSituation\"}"}]}
RESULT: {"script":"<script> [1562 bytes]","args":[{"selector":{"controlType":"sap.m.Button","viewName":"etm.portal.ui.managerequests.view.Detail","i18NText":{"propertyName":"text","key":"planningSituation"},"interaction":{"idSuffix":"BDI-content"}},"wdio_ui5_key":"etmportal.ui.managerequests.view.Detailsap.m.Button{\"propertyName\":\"text\",\"key\":\"planningSituation\"}"}]}
RESULT: undefined
COMMAND: POST /session/004e8781a420927acb4284c1134f8905/element - {"using":"xpath","value":"//*[@id=\"__button27\"]"}
RESULT: {"using":"xpath","value":"//*[@id=\"__button27\"]"}
COMMAND: POST /session/004e8781a420927acb4284c1134f8905/element/f.B6308163BD667941B2C0E4D2A3AC438F.d.E6EE9D7CD344AA86B26538F6A0E5F7E5.e.9344/click - {}
RESULT: {}
COMMAND: GET /session/004e8781a420927acb4284c1134f8905/screenshot - {}
RESULT: {}
COMMAND: POST /session/004e8781a420927acb4284c1134f8905/element - {"using":"xpath","value":"(//span[contains(@title ,\"WebdriverYardnhqhyk\")])[1]"}
RESULT: {"using":"xpath","value":"(//span[contains(@title ,\"WebdriverYardnhqhyk\")])[1]"}
COMMAND: POST /session/004e8781a420927acb4284c1134f8905/elements - {"using":"xpath","value":"(//span[contains(@title ,\"WebdriverYardnhqhyk\")])[1]"}
RESULT: {"using":"xpath","value":"(//span[contains(@title ,\"WebdriverYardnhqhyk\")])[1]"}
COMMAND: POST /session/004e8781a420927acb4284c1134f8905/elements - {"using":"xpath","value":"(//span[contains(@title ,\"WebdriverYardnhqhyk\")])[1]"}
RESULT: {"using":"xpath","value":"(//span[contains(@title ,\"WebdriverYardnhqhyk\")])[1]"}
COMMAND: POST /session/004e8781a420927acb4284c1134f8905/elements - {"using":"xpath","value":"(//span[contains(@title ,\"WebdriverYardnhqhyk\")])[1]"}
RESULT: {"using":"xpath","value":"(//span[contains(@title ,\"WebdriverYardnhqhyk\")])[1]"}
COMMAND: POST /session/004e8781a420927acb4284c1134f8905/elements - {"using":"xpath","value":"(//span[contains(@title ,\"WebdriverYardnhqhyk\")])[1]"}
RESULT: {"using":"xpath","value":"(//span[contains(@title ,\"WebdriverYardnhqhyk\")])[1]"}
COMMAND: POST /session/004e8781a420927acb4284c1134f8905/elements - {"using":"xpath","value":"(//span[contains(@title ,\"WebdriverYardnhqhyk\")])[1]"}
RESULT: {"using":"xpath","value":"(//span[contains(@title ,\"WebdriverYardnhqhyk\")])[1]"}
COMMAND: POST /session/004e8781a420927acb4284c1134f8905/elements - {"using":"xpath","value":"(//span[contains(@title ,\"WebdriverYardnhqhyk\")])[1]"}
RESULT: {"using":"xpath","value":"(//span[contains(@title ,\"WebdriverYardnhqhyk\")])[1]"}
COMMAND: POST /session/004e8781a420927acb4284c1134f8905/elements - {"using":"xpath","value":"(//span[contains(@title ,\"WebdriverYardnhqhyk\")])[1]"}
RESULT: {"using":"xpath","value":"(//span[contains(@title ,\"WebdriverYardnhqhyk\")])[1]"}
COMMAND: POST /session/004e8781a420927acb4284c1134f8905/elements - {"using":"xpath","value":"(//span[contains(@title ,\"WebdriverYardnhqhyk\")])[1]"}
RESULT: {"using":"xpath","value":"(//span[contains(@title ,\"WebdriverYardnhqhyk\")])[1]"}
COMMAND: POST /session/004e8781a420927acb4284c1134f8905/elements - {"using":"xpath","value":"(//span[contains(@title ,\"WebdriverYardnhqhyk\")])[1]"}
RESULT: {"using":"xpath","value":"(//span[contains(@title ,\"WebdriverYardnhqhyk\")])[1]"}
COMMAND: POST /session/004e8781a420927acb4284c1134f8905/elements - {"using":"xpath","value":"(//span[contains(@title ,\"WebdriverYardnhqhyk\")])[1]"}
RESULT: {"using":"xpath","value":"(//span[contains(@title ,\"WebdriverYardnhqhyk\")])[1]"}
COMMAND: POST /session/004e8781a420927acb4284c1134f8905/elements - {"using":"xpath","value":"(//span[contains(@title ,\"WebdriverYardnhqhyk\")])[1]"}
RESULT: {"using":"xpath","value":"(//span[contains(@title ,\"WebdriverYardnhqhyk\")])[1]"}
COMMAND: POST /session/004e8781a420927acb4284c1134f8905/elements - {"using":"xpath","value":"(//span[contains(@title ,\"WebdriverYardnhqhyk\")])[1]"}
RESULT: {"using":"xpath","value":"(//span[contains(@title ,\"WebdriverYardnhqhyk\")])[1]"}
COMMAND: POST /session/004e8781a420927acb4284c1134f8905/elements - {"using":"xpath","value":"(//span[contains(@title ,\"WebdriverYardnhqhyk\")])[1]"}
RESULT: {"using":"xpath","value":"(//span[contains(@title ,\"WebdriverYardnhqhyk\")])[1]"}
COMMAND: POST /session/004e8781a420927acb4284c1134f8905/elements - {"using":"xpath","value":"(//span[contains(@title ,\"WebdriverYardnhqhyk\")])[1]"}
RESULT: {"using":"xpath","value":"(//span[contains(@title ,\"WebdriverYardnhqhyk\")])[1]"}
COMMAND: POST /session/004e8781a420927acb4284c1134f8905/elements - {"using":"xpath","value":"(//span[contains(@title ,\"WebdriverYardnhqhyk\")])[1]"}
RESULT: {"using":"xpath","value":"(//span[contains(@title ,\"WebdriverYardnhqhyk\")])[1]"}
COMMAND: POST /session/004e8781a420927acb4284c1134f8905/elements - {"using":"xpath","value":"(//span[contains(@title ,\"WebdriverYardnhqhyk\")])[1]"}
RESULT: {"using":"xpath","value":"(//span[contains(@title ,\"WebdriverYardnhqhyk\")])[1]"}
COMMAND: POST /session/004e8781a420927acb4284c1134f8905/elements - {"using":"xpath","value":"(//span[contains(@title ,\"WebdriverYardnhqhyk\")])[1]"}
RESULT: {"using":"xpath","value":"(//span[contains(@title ,\"WebdriverYardnhqhyk\")])[1]"}
COMMAND: POST /session/004e8781a420927acb4284c1134f8905/elements - {"using":"xpath","value":"(//span[contains(@title ,\"WebdriverYardnhqhyk\")])[1]"}
RESULT: {"using":"xpath","value":"(//span[contains(@title ,\"WebdriverYardnhqhyk\")])[1]"}
COMMAND: POST /session/004e8781a420927acb4284c1134f8905/elements - {"using":"xpath","value":"(//span[contains(@title ,\"WebdriverYardnhqhyk\")])[1]"}
RESULT: {"using":"xpath","value":"(//span[contains(@title ,\"WebdriverYardnhqhyk\")])[1]"}
COMMAND: POST /session/004e8781a420927acb4284c1134f8905/elements - {"using":"xpath","value":"(//span[contains(@title ,\"WebdriverYardnhqhyk\")])[1]"}
RESULT: {"using":"xpath","value":"(//span[contains(@title ,\"WebdriverYardnhqhyk\")])[1]"}
COMMAND: POST /session/004e8781a420927acb4284c1134f8905/elements - {"using":"xpath","value":"(//span[contains(@title ,\"WebdriverYardnhqhyk\")])[1]"}
RESULT: {"using":"xpath","value":"(//span[contains(@title ,\"WebdriverYardnhqhyk\")])[1]"}
COMMAND: POST /session/004e8781a420927acb4284c1134f8905/elements - {"using":"xpath","value":"(//span[contains(@title ,\"WebdriverYardnhqhyk\")])[1]"}
RESULT: {"using":"xpath","value":"(//span[contains(@title ,\"WebdriverYardnhqhyk\")])[1]"}
COMMAND: POST /session/004e8781a420927acb4284c1134f8905/elements - {"using":"xpath","value":"(//span[contains(@title ,\"WebdriverYardnhqhyk\")])[1]"}
RESULT: {"using":"xpath","value":"(//span[contains(@title ,\"WebdriverYardnhqhyk\")])[1]"}
COMMAND: POST /session/004e8781a420927acb4284c1134f8905/elements - {"using":"xpath","value":"(//span[contains(@title ,\"WebdriverYardnhqhyk\")])[1]"}
RESULT: {"using":"xpath","value":"(//span[contains(@title ,\"WebdriverYardnhqhyk\")])[1]"}
COMMAND: POST /session/004e8781a420927acb4284c1134f8905/elements - {"using":"xpath","value":"(//span[contains(@title ,\"WebdriverYardnhqhyk\")])[1]"}
RESULT: {"using":"xpath","value":"(//span[contains(@title ,\"WebdriverYardnhqhyk\")])[1]"}
COMMAND: POST /session/004e8781a420927acb4284c1134f8905/elements - {"using":"xpath","value":"(//span[contains(@title ,\"WebdriverYardnhqhyk\")])[1]"}
RESULT: {"using":"xpath","value":"(//span[contains(@title ,\"WebdriverYardnhqhyk\")])[1]"}
COMMAND: POST /session/004e8781a420927acb4284c1134f8905/elements - {"using":"xpath","value":"(//span[contains(@title ,\"WebdriverYardnhqhyk\")])[1]"}
RESULT: {"using":"xpath","value":"(//span[contains(@title ,\"WebdriverYardnhqhyk\")])[1]"}
COMMAND: POST /session/004e8781a420927acb4284c1134f8905/elements - {"using":"xpath","value":"(//span[contains(@title ,\"WebdriverYardnhqhyk\")])[1]"}
RESULT: {"using":"xpath","value":"(//span[contains(@title ,\"WebdriverYardnhqhyk\")])[1]"}
COMMAND: POST /session/004e8781a420927acb4284c1134f8905/elements - {"using":"xpath","value":"(//span[contains(@title ,\"WebdriverYardnhqhyk\")])[1]"}
RESULT: {"using":"xpath","value":"(//span[contains(@title ,\"WebdriverYardnhqhyk\")])[1]"}
COMMAND: POST /session/004e8781a420927acb4284c1134f8905/elements - {"using":"xpath","value":"(//span[contains(@title ,\"WebdriverYardnhqhyk\")])[1]"}
RESULT: {"using":"xpath","value":"(//span[contains(@title ,\"WebdriverYardnhqhyk\")])[1]"}
COMMAND: POST /session/004e8781a420927acb4284c1134f8905/elements - {"using":"xpath","value":"(//span[contains(@title ,\"WebdriverYardnhqhyk\")])[1]"}
RESULT: {"using":"xpath","value":"(//span[contains(@title ,\"WebdriverYardnhqhyk\")])[1]"}
COMMAND: POST /session/004e8781a420927acb4284c1134f8905/elements - {"using":"xpath","value":"(//span[contains(@title ,\"WebdriverYardnhqhyk\")])[1]"}
RESULT: {"using":"xpath","value":"(//span[contains(@title ,\"WebdriverYardnhqhyk\")])[1]"}
COMMAND: POST /session/004e8781a420927acb4284c1134f8905/elements - {"using":"xpath","value":"(//span[contains(@title ,\"WebdriverYardnhqhyk\")])[1]"}
RESULT: {"using":"xpath","value":"(//span[contains(@title ,\"WebdriverYardnhqhyk\")])[1]"}
COMMAND: POST /session/004e8781a420927acb4284c1134f8905/elements - {"using":"xpath","value":"(//span[contains(@title ,\"WebdriverYardnhqhyk\")])[1]"}
RESULT: {"using":"xpath","value":"(//span[contains(@title ,\"WebdriverYardnhqhyk\")])[1]"}
COMMAND: POST /session/004e8781a420927acb4284c1134f8905/elements - {"using":"xpath","value":"(//span[contains(@title ,\"WebdriverYardnhqhyk\")])[1]"}
RESULT: {"using":"xpath","value":"(//span[contains(@title ,\"WebdriverYardnhqhyk\")])[1]"}
COMMAND: POST /session/004e8781a420927acb4284c1134f8905/element - {"using":"xpath","value":"(//span[contains(@title ,\"WebdriverYardnhqhyk\")])[1]"}
RESULT: {"using":"xpath","value":"(//span[contains(@title ,\"WebdriverYardnhqhyk\")])[1]"}
COMMAND: POST /session/004e8781a420927acb4284c1134f8905/execute/sync - {"script":"<script> [8489 bytes]","args":[{"element-6066-11e4-a52e-4f735466cecf":"f.B6308163BD667941B2C0E4D2A3AC438F.d.E6EE9D7CD344AA86B26538F6A0E5F7E5.e.9802","ELEMENT":"f.B6308163BD667941B2C0E4D2A3AC438F.d.E6EE9D7CD344AA86B26538F6A0E5F7E5.e.9802"}]}
RESULT: {"script":"<script> [8489 bytes]","args":[{"element-6066-11e4-a52e-4f735466cecf":"f.B6308163BD667941B2C0E4D2A3AC438F.d.E6EE9D7CD344AA86B26538F6A0E5F7E5.e.9802","ELEMENT":"f.B6308163BD667941B2C0E4D2A3AC438F.d.E6EE9D7CD344AA86B26538F6A0E5F7E5.e.9802"}]}
COMMAND: POST /session/004e8781a420927acb4284c1134f8905/element - {"using":"xpath","value":"(//span[contains(@title ,\"WebdriverYardnhqhyk\")])[1]"}
COMMAND: GET /session/004e8781a420927acb4284c1134f8905/screenshot - {}
RESULT: {"using":"xpath","value":"(//span[contains(@title ,\"WebdriverYardnhqhyk\")])[1]"}
COMMAND: POST /session/004e8781a420927acb4284c1134f8905/actions - {"actions":[{"id":"action68","type":"pointer","parameters":{"pointerType":"mouse"},"actions":[{"type":"pointerMove","button":0,"width":0,"height":0,"pressure":0,"tangentialPressure":0,"tiltX":0,"tiltY":0,"twist":0,"altitudeAngle":0,"_":"5 more keys: [\"azimuthAngle\",\"x\",\"y\",\"duration\",\"origin\"]"},{"type":"pointerDown","button":2,"width":0,"height":0,"pressure":0,"tangentialPressure":0,"tiltX":0,"tiltY":0,"twist":0,"altitudeAngle":0,"_":"1 more keys: [\"azimuthAngle\"]"},{"type":"pointerUp","button":2}]}]}
RESULT: {}
RESULT: {"actions":[{"id":"action68","type":"pointer","parameters":{"pointerType":"mouse"},"actions":[{"type":"pointerMove","button":0,"width":0,"height":0,"pressure":0,"tangentialPressure":0,"tiltX":0,"tiltY":0,"twist":0,"altitudeAngle":0,"_":"5 more keys: [\"azimuthAngle\",\"x\",\"y\",\"duration\",\"origin\"]"},{"type":"pointerDown","button":2,"width":0,"height":0,"pressure":0,"tangentialPressure":0,"tiltX":0,"tiltY":0,"twist":0,"altitudeAngle":0,"_":"1 more keys: [\"azimuthAngle\"]"},{"type":"pointerUp","button":2}]}]}
COMMAND: DELETE /session/004e8781a420927acb4284c1134f8905/actions - {}
COMMAND: GET /session/004e8781a420927acb4284c1134f8905/screenshot - {}
RESULT: {}
COMMAND: GET /session/004e8781a420927acb4284c1134f8905/screenshot - {}
RESULT: {}
RESULT: {}
COMMAND: POST /session/004e8781a420927acb4284c1134f8905/actions - {"actions":[{"id":"action69","type":"key","parameters":{},"actions":[{"type":"keyDown","value":"î€•"},{"type":"pause","duration":10},{"type":"keyUp","value":"î€•"}]}]}
RESULT: {"actions":[{"id":"action69","type":"key","parameters":{},"actions":[{"type":"keyDown","value":"î€•"},{"type":"pause","duration":10},{"type":"keyUp","value":"î€•"}]}]}
COMMAND: GET /session/004e8781a420927acb4284c1134f8905/screenshot - {}
RESULT: {}
COMMAND: POST /session/004e8781a420927acb4284c1134f8905/actions - {"actions":[{"id":"action70","type":"key","parameters":{},"actions":[{"type":"keyDown","value":"î€‡"},{"type":"pause","duration":10},{"type":"keyUp","value":"î€‡"}]}]}
RESULT: {"actions":[{"id":"action70","type":"key","parameters":{},"actions":[{"type":"keyDown","value":"î€‡"},{"type":"pause","duration":10},{"type":"keyUp","value":"î€‡"}]}]}
COMMAND: GET /session/004e8781a420927acb4284c1134f8905/screenshot - {}
RESULT: {}
COMMAND: POST /session/004e8781a420927acb4284c1134f8905/execute/async - {"script":"<script> [1562 bytes]","args":[{"selector":{"id":"application-planningboard-display-component---pB_RequestHeader--RUreservationComment","searchOpenDialogs":true,"interaction":{"idSuffix":"inner"}},"wdio_ui5_key":"applicationplanningboard-display-component---pB_RequestHeader--RUreservationComment"}]}
RESULT: {"script":"<script> [1562 bytes]","args":[{"selector":{"id":"application-planningboard-display-component---pB_RequestHeader--RUreservationComment","searchOpenDialogs":true,"interaction":{"idSuffix":"inner"}},"wdio_ui5_key":"applicationplanningboard-display-component---pB_RequestHeader--RUreservationComment"}]}
RESULT: undefined
COMMAND: POST /session/004e8781a420927acb4284c1134f8905/execute/async - {"script":"<script> [776 bytes]","args":[{"enterText":"WdIORes1tk4rc","selector":{"id":"application-planningboard-display-component---pB_RequestHeader--RUreservationComment","searchOpenDialogs":true,"interaction":{"idSuffix":"inner"}},"clearTextFirst":true,"interactionType":"ENTER_TEXT"}]}
RESULT: {"script":"<script> [776 bytes]","args":[{"enterText":"WdIORes1tk4rc","selector":{"id":"application-planningboard-display-component---pB_RequestHeader--RUreservationComment","searchOpenDialogs":true,"interaction":{"idSuffix":"inner"}},"clearTextFirst":true,"interactionType":"ENTER_TEXT"}]}
COMMAND: POST /session/004e8781a420927acb4284c1134f8905/execute/async - {"script":"<script> [1562 bytes]","args":[{"selector":{"controlType":"sap.m.Button","viewName":"etm.portal.ui.planningboard.view.detail.RequestHeader","viewId":"application-planningboard-display-component---pB_RequestHeader","properties":{"text":"Ok"},"searchOpenDialogs":true,"interaction":{"idSuffix":"BDI-content"}},"wdio_ui5_key":"etmportal.ui.planningboard.view.detail.RequestHeadersap.m.Button{\"text\":\"Ok\"}"}]}
RESULT: {"script":"<script> [1562 bytes]","args":[{"selector":{"controlType":"sap.m.Button","viewName":"etm.portal.ui.planningboard.view.detail.RequestHeader","viewId":"application-planningboard-display-component---pB_RequestHeader","properties":{"text":"Ok"},"searchOpenDialogs":true,"interaction":{"idSuffix":"BDI-content"}},"wdio_ui5_key":"etmportal.ui.planningboard.view.detail.RequestHeadersap.m.Button{\"text\":\"Ok\"}"}]}
RESULT: undefined
COMMAND: POST /session/004e8781a420927acb4284c1134f8905/element - {"using":"xpath","value":"//*[@id=\"__button192\"]"}
RESULT: {"using":"xpath","value":"//*[@id=\"__button192\"]"}
COMMAND: POST /session/004e8781a420927acb4284c1134f8905/element/f.B6308163BD667941B2C0E4D2A3AC438F.d.E6EE9D7CD344AA86B26538F6A0E5F7E5.e.9815/click - {}
RESULT: {}
COMMAND: GET /session/004e8781a420927acb4284c1134f8905/screenshot - {}
RESULT: {}
COMMAND: POST /session/004e8781a420927acb4284c1134f8905/element - {"using":"xpath","value":"//span[contains(@title ,\"WebdriverYardnhqhyk\")]"}
RESULT: {"using":"xpath","value":"//span[contains(@title ,\"WebdriverYardnhqhyk\")]"}
COMMAND: POST /session/004e8781a420927acb4284c1134f8905/actions - {"actions":[{"id":"action71","type":"pointer","parameters":{"pointerType":"mouse"},"actions":[{"type":"pointerMove","button":0,"width":0,"height":0,"pressure":0,"tangentialPressure":0,"tiltX":0,"tiltY":0,"twist":0,"altitudeAngle":0,"_":"5 more keys: [\"azimuthAngle\",\"x\",\"y\",\"duration\",\"origin\"]"},{"type":"pointerDown","button":2,"width":0,"height":0,"pressure":0,"tangentialPressure":0,"tiltX":0,"tiltY":0,"twist":0,"altitudeAngle":0,"_":"1 more keys: [\"azimuthAngle\"]"},{"type":"pointerUp","button":2}]}]}
RESULT: {"actions":[{"id":"action71","type":"pointer","parameters":{"pointerType":"mouse"},"actions":[{"type":"pointerMove","button":0,"width":0,"height":0,"pressure":0,"tangentialPressure":0,"tiltX":0,"tiltY":0,"twist":0,"altitudeAngle":0,"_":"5 more keys: [\"azimuthAngle\",\"x\",\"y\",\"duration\",\"origin\"]"},{"type":"pointerDown","button":2,"width":0,"height":0,"pressure":0,"tangentialPressure":0,"tiltX":0,"tiltY":0,"twist":0,"altitudeAngle":0,"_":"1 more keys: [\"azimuthAngle\"]"},{"type":"pointerUp","button":2}]}]}
COMMAND: DELETE /session/004e8781a420927acb4284c1134f8905/actions - {}
COMMAND: GET /session/004e8781a420927acb4284c1134f8905/screenshot - {}
RESULT: {}
COMMAND: GET /session/004e8781a420927acb4284c1134f8905/screenshot - {}
RESULT: {}
RESULT: {}
COMMAND: POST /session/004e8781a420927acb4284c1134f8905/actions - {"actions":[{"id":"action72","type":"key","parameters":{},"actions":[{"type":"keyDown","value":"î€•"},{"type":"pause","duration":10},{"type":"keyUp","value":"î€•"}]}]}
RESULT: {"actions":[{"id":"action72","type":"key","parameters":{},"actions":[{"type":"keyDown","value":"î€•"},{"type":"pause","duration":10},{"type":"keyUp","value":"î€•"}]}]}
COMMAND: GET /session/004e8781a420927acb4284c1134f8905/screenshot - {}
RESULT: {}
COMMAND: POST /session/004e8781a420927acb4284c1134f8905/actions - {"actions":[{"id":"action73","type":"key","parameters":{},"actions":[{"type":"keyDown","value":"î€‡"},{"type":"pause","duration":10},{"type":"keyUp","value":"î€‡"}]}]}
RESULT: {"actions":[{"id":"action73","type":"key","parameters":{},"actions":[{"type":"keyDown","value":"î€‡"},{"type":"pause","duration":10},{"type":"keyUp","value":"î€‡"}]}]}
COMMAND: GET /session/004e8781a420927acb4284c1134f8905/screenshot - {}
RESULT: {}
RESULT: undefined
COMMAND: POST /session/004e8781a420927acb4284c1134f8905/execute/async - {"script":"<script> [776 bytes]","args":[{"enterText":"WdIORes21lqzn","selector":{"id":"application-planningboard-display-component---pB_RequestHeader--RUreservationComment","searchOpenDialogs":true,"interaction":{"idSuffix":"inner"}},"clearTextFirst":true,"interactionType":"ENTER_TEXT"}]}
RESULT: {"script":"<script> [776 bytes]","args":[{"enterText":"WdIORes21lqzn","selector":{"id":"application-planningboard-display-component---pB_RequestHeader--RUreservationComment","searchOpenDialogs":true,"interaction":{"idSuffix":"inner"}},"clearTextFirst":true,"interactionType":"ENTER_TEXT"}]}
RESULT: undefined
COMMAND: POST /session/004e8781a420927acb4284c1134f8905/element - {"using":"xpath","value":"//*[@id=\"__button192\"]"}
RESULT: {"using":"xpath","value":"//*[@id=\"__button192\"]"}
COMMAND: POST /session/004e8781a420927acb4284c1134f8905/element/f.B6308163BD667941B2C0E4D2A3AC438F.d.E6EE9D7CD344AA86B26538F6A0E5F7E5.e.9892/click - {}
RESULT: {}
COMMAND: GET /session/004e8781a420927acb4284c1134f8905/screenshot - {}
RESULT: {}
COMMAND: POST /session/004e8781a420927acb4284c1134f8905/execute/async - {"script":"<script> [1562 bytes]","args":[{"selector":{"controlType":"sap.m.Button","viewName":"etm.portal.ui.planningboard.view.detail.RequestHeader","viewId":"application-planningboard-display-component---pB_RequestHeader","i18NText":{"propertyName":"text","key":"close"},"ancestor":{"id":"application-planningboard-display-component---pB_RequestHeader--requestItemDetails"},"interaction":{"idSuffix":"BDI-content"}},"wdio_ui5_key":"etmportal.ui.planningboard.view.detail.RequestHeadersap.m.Button{\"propertyName\":\"text\",\"key\":\"close\"}{\"id\":\"application-planningboard-display-component---pB_RequestHeader--requestItemDetails\"}"}]}
RESULT: {"script":"<script> [1562 bytes]","args":[{"selector":{"controlType":"sap.m.Button","viewName":"etm.portal.ui.planningboard.view.detail.RequestHeader","viewId":"application-planningboard-display-component---pB_RequestHeader","i18NText":{"propertyName":"text","key":"close"},"ancestor":{"id":"application-planningboard-display-component---pB_RequestHeader--requestItemDetails"},"interaction":{"idSuffix":"BDI-content"}},"wdio_ui5_key":"etmportal.ui.planningboard.view.detail.RequestHeadersap.m.Button{\"propertyName\":\"text\",\"key\":\"close\"}{\"id\":\"application-planningboard-display-component---pB_RequestHeader--requestItemDetails\"}"}]}
RESULT: undefined
COMMAND: POST /session/004e8781a420927acb4284c1134f8905/element - {"using":"xpath","value":"//*[@id=\"__button68\"]"}
RESULT: {"using":"xpath","value":"//*[@id=\"__button68\"]"}
COMMAND: POST /session/004e8781a420927acb4284c1134f8905/element/f.B6308163BD667941B2C0E4D2A3AC438F.d.E6EE9D7CD344AA86B26538F6A0E5F7E5.e.9683/click - {}
RESULT: {}
COMMAND: GET /session/004e8781a420927acb4284c1134f8905/screenshot - {}
RESULT: {}
COMMAND: POST /session/004e8781a420927acb4284c1134f8905/execute/async - {"script":"<script> [1562 bytes]","args":[{"selector":{"id":"application-planningboard-display-component---pB_Master--selectView","interaction":{"idSuffix":"arrow"}},"wdio_ui5_key":"applicationplanningboard-display-component---pB_Master--selectView"}]}
RESULT: {"script":"<script> [1562 bytes]","args":[{"selector":{"id":"application-planningboard-display-component---pB_Master--selectView","interaction":{"idSuffix":"arrow"}},"wdio_ui5_key":"applicationplanningboard-display-component---pB_Master--selectView"}]}
RESULT: undefined
COMMAND: POST /session/004e8781a420927acb4284c1134f8905/element - {"using":"xpath","value":"//*[@id=\"application-planningboard-display-component---pB_Master--selectView\"]"}
RESULT: {"using":"xpath","value":"//*[@id=\"application-planningboard-display-component---pB_Master--selectView\"]"}
COMMAND: POST /session/004e8781a420927acb4284c1134f8905/element/f.B6308163BD667941B2C0E4D2A3AC438F.d.E6EE9D7CD344AA86B26538F6A0E5F7E5.e.10106/click - {}
RESULT: {}
COMMAND: GET /session/004e8781a420927acb4284c1134f8905/screenshot - {}
RESULT: {}
COMMAND: POST /session/004e8781a420927acb4284c1134f8905/execute/async - {"script":"<script> [1562 bytes]","args":[{"selector":{"controlType":"sap.ui.core.Item","viewName":"etm.portal.ui.planningboard.view.Master","viewId":"application-planningboard-display-component---pB_Master","i18NText":{"propertyName":"text","key":"manageReservations"},"searchOpenDialogs":true},"wdio_ui5_key":"etmportal.ui.planningboard.view.Mastersap.ui.core.Item{\"propertyName\":\"text\",\"key\":\"manageReservations\"}"}]}
RESULT: {"script":"<script> [1562 bytes]","args":[{"selector":{"controlType":"sap.ui.core.Item","viewName":"etm.portal.ui.planningboard.view.Master","viewId":"application-planningboard-display-component---pB_Master","i18NText":{"propertyName":"text","key":"manageReservations"},"searchOpenDialogs":true},"wdio_ui5_key":"etmportal.ui.planningboard.view.Mastersap.ui.core.Item{\"propertyName\":\"text\",\"key\":\"manageReservations\"}"}]}
RESULT: undefined
COMMAND: POST /session/004e8781a420927acb4284c1134f8905/element - {"using":"xpath","value":"//*[@id=\"__item891\"]"}
RESULT: {"using":"xpath","value":"//*[@id=\"__item891\"]"}
COMMAND: POST /session/004e8781a420927acb4284c1134f8905/element/f.B6308163BD667941B2C0E4D2A3AC438F.d.E6EE9D7CD344AA86B26538F6A0E5F7E5.e.10107/click - {}
RESULT: {}
COMMAND: GET /session/004e8781a420927acb4284c1134f8905/screenshot - {}
RESULT: {}
COMMAND: POST /session/004e8781a420927acb4284c1134f8905/element - {"using":"xpath","value":"//span[contains(@id ,\"clone\")][contains(text(), \"WdIORes1tk4rc\")]"}
RESULT: {"using":"xpath","value":"//span[contains(@id ,\"clone\")][contains(text(), \"WdIORes1tk4rc\")]"}
COMMAND: GET /session/004e8781a420927acb4284c1134f8905/element/f.B6308163BD667941B2C0E4D2A3AC438F.d.E6EE9D7CD344AA86B26538F6A0E5F7E5.e.10123/text - {}
RESULT: {}
COMMAND: POST /session/004e8781a420927acb4284c1134f8905/element - {"using":"xpath","value":"//span[contains(@id ,\"clone\")][contains(text(), \"WdIORes21lqzn\")]"}
RESULT: {"using":"xpath","value":"//span[contains(@id ,\"clone\")][contains(text(), \"WdIORes21lqzn\")]"}
COMMAND: POST /session/004e8781a420927acb4284c1134f8905/element/f.B6308163BD667941B2C0E4D2A3AC438F.d.E6EE9D7CD344AA86B26538F6A0E5F7E5.e.10124/click - {}
RESULT: {}
COMMAND: GET /session/004e8781a420927acb4284c1134f8905/screenshot - {}
RESULT: {}
COMMAND: POST /session/004e8781a420927acb4284c1134f8905/actions - {"actions":[{"id":"action74","type":"key","parameters":{},"actions":[{"type":"keyDown","value":"î€‡"},{"type":"pause","duration":10},{"type":"keyUp","value":"î€‡"}]}]}
RESULT: {"actions":[{"id":"action74","type":"key","parameters":{},"actions":[{"type":"keyDown","value":"î€‡"},{"type":"pause","duration":10},{"type":"keyUp","value":"î€‡"}]}]}
COMMAND: GET /session/004e8781a420927acb4284c1134f8905/screenshot - {}
RESULT: {}
COMMAND: POST /session/004e8781a420927acb4284c1134f8905/execute/async - {"script":"<script> [1562 bytes]","args":[{"selector":{"controlType":"sap.m.Button","viewName":"etm.portal.ui.planningboard.view.detail.Planning","viewId":"application-planningboard-display-component---pB_Planning","i18NText":{"propertyName":"text","key":"unplan"},"interaction":{"idSuffix":"BDI-content"}},"wdio_ui5_key":"etmportal.ui.planningboard.view.detail.Planningsap.m.Button{\"propertyName\":\"text\",\"key\":\"unplan\"}"}]}
RESULT: {"script":"<script> [1562 bytes]","args":[{"selector":{"controlType":"sap.m.Button","viewName":"etm.portal.ui.planningboard.view.detail.Planning","viewId":"application-planningboard-display-component---pB_Planning","i18NText":{"propertyName":"text","key":"unplan"},"interaction":{"idSuffix":"BDI-content"}},"wdio_ui5_key":"etmportal.ui.planningboard.view.detail.Planningsap.m.Button{\"propertyName\":\"text\",\"key\":\"unplan\"}"}]}
RESULT: undefined
COMMAND: POST /session/004e8781a420927acb4284c1134f8905/element - {"using":"xpath","value":"//*[@id=\"__button258\"]"}
RESULT: {"using":"xpath","value":"//*[@id=\"__button258\"]"}
COMMAND: POST /session/004e8781a420927acb4284c1134f8905/element/f.B6308163BD667941B2C0E4D2A3AC438F.d.E6EE9D7CD344AA86B26538F6A0E5F7E5.e.10187/click - {}
RESULT: {}
COMMAND: GET /session/004e8781a420927acb4284c1134f8905/screenshot - {}
RESULT: {}
COMMAND: POST /session/004e8781a420927acb4284c1134f8905/element - {"using":"xpath","value":"//span[contains(@id ,\"clone\")][contains(text(), \"WdIORes21lqzn\")]"}
RESULT: {"using":"xpath","value":"//span[contains(@id ,\"clone\")][contains(text(), \"WdIORes21lqzn\")]"}
COMMAND: POST /session/004e8781a420927acb4284c1134f8905/element - {"using":"xpath","value":"//span[contains(@id ,\"clone\")][contains(text(), \"WdIORes21lqzn\")]"}
RESULT: {"using":"xpath","value":"//span[contains(@id ,\"clone\")][contains(text(), \"WdIORes21lqzn\")]"}
COMMAND: POST /session/004e8781a420927acb4284c1134f8905/element - {"using":"xpath","value":"//span[contains(@id ,\"clone\")][contains(text(), \"WdIORes1tk4rc\")]"}
RESULT: {"using":"xpath","value":"//span[contains(@id ,\"clone\")][contains(text(), \"WdIORes1tk4rc\")]"}
COMMAND: POST /session/004e8781a420927acb4284c1134f8905/element/f.B6308163BD667941B2C0E4D2A3AC438F.d.E6EE9D7CD344AA86B26538F6A0E5F7E5.e.10251/click - {}
RESULT: {}
COMMAND: GET /session/004e8781a420927acb4284c1134f8905/screenshot - {}
RESULT: {}
COMMAND: POST /session/004e8781a420927acb4284c1134f8905/actions - {"actions":[{"id":"action75","type":"key","parameters":{},"actions":[{"type":"keyDown","value":"î€‡"},{"type":"pause","duration":10},{"type":"keyUp","value":"î€‡"}]}]}
RESULT: {"actions":[{"id":"action75","type":"key","parameters":{},"actions":[{"type":"keyDown","value":"î€‡"},{"type":"pause","duration":10},{"type":"keyUp","value":"î€‡"}]}]}
COMMAND: GET /session/004e8781a420927acb4284c1134f8905/screenshot - {}
RESULT: {}
]]></system-out>
    </testcase>
  </testsuite>
  <testsuite timestamp="2025-05-07T16:13:56" time="31.335" tests="1" failures="0" errors="0" skipped="0">
    <properties>
      <property name="specId" value="0" />
      <property name="suiteName" value="Reserve/Unreserve request item via reserve option US139161" />
      <property name="capabilities" value="chrome.136_0_7103_49.windows" />
      <property name="file" value="file:///D:/a/1/s/test/specs/R2C/manage-reservations-view-planning-board.spec.js" />
    </properties>
    <testcase classname="chrome.136_0_7103_49.windows.Reserve/Unreserve_request_item_via_reserve_option_US139161" name="Should open a reservation to verify and edit the details" time="31.333">
      <system-out><![CDATA[
COMMAND: POST /session/004e8781a420927acb4284c1134f8905/element - {"using":"xpath","value":"//button[contains(@data-kt, \"editButton\")]"}
RESULT: {"using":"xpath","value":"//button[contains(@data-kt, \"editButton\")]"}
COMMAND: POST /session/004e8781a420927acb4284c1134f8905/execute/sync - {"script":"<script> [8489 bytes]","args":[{"element-6066-11e4-a52e-4f735466cecf":"f.B6308163BD667941B2C0E4D2A3AC438F.d.E6EE9D7CD344AA86B26538F6A0E5F7E5.e.10286","ELEMENT":"f.B6308163BD667941B2C0E4D2A3AC438F.d.E6EE9D7CD344AA86B26538F6A0E5F7E5.e.10286"}]}
RESULT: {"script":"<script> [8489 bytes]","args":[{"element-6066-11e4-a52e-4f735466cecf":"f.B6308163BD667941B2C0E4D2A3AC438F.d.E6EE9D7CD344AA86B26538F6A0E5F7E5.e.10286","ELEMENT":"f.B6308163BD667941B2C0E4D2A3AC438F.d.E6EE9D7CD344AA86B26538F6A0E5F7E5.e.10286"}]}
COMMAND: POST /session/004e8781a420927acb4284c1134f8905/element - {"using":"xpath","value":"//button[contains(@data-kt, \"unplanButton\")]"}
COMMAND: GET /session/004e8781a420927acb4284c1134f8905/screenshot - {}
RESULT: {"using":"xpath","value":"//button[contains(@data-kt, \"unplanButton\")]"}
COMMAND: POST /session/004e8781a420927acb4284c1134f8905/execute/sync - {"script":"<script> [8489 bytes]","args":[{"element-6066-11e4-a52e-4f735466cecf":"f.B6308163BD667941B2C0E4D2A3AC438F.d.E6EE9D7CD344AA86B26538F6A0E5F7E5.e.10304","ELEMENT":"f.B6308163BD667941B2C0E4D2A3AC438F.d.E6EE9D7CD344AA86B26538F6A0E5F7E5.e.10304"}]}
RESULT: {}
RESULT: {"script":"<script> [8489 bytes]","args":[{"element-6066-11e4-a52e-4f735466cecf":"f.B6308163BD667941B2C0E4D2A3AC438F.d.E6EE9D7CD344AA86B26538F6A0E5F7E5.e.10304","ELEMENT":"f.B6308163BD667941B2C0E4D2A3AC438F.d.E6EE9D7CD344AA86B26538F6A0E5F7E5.e.10304"}]}
COMMAND: POST /session/004e8781a420927acb4284c1134f8905/element - {"using":"xpath","value":"//button[contains(@data-kt, \"editButton\")]"}
COMMAND: GET /session/004e8781a420927acb4284c1134f8905/screenshot - {}
RESULT: {"using":"xpath","value":"//button[contains(@data-kt, \"editButton\")]"}
COMMAND: POST /session/004e8781a420927acb4284c1134f8905/element/f.B6308163BD667941B2C0E4D2A3AC438F.d.E6EE9D7CD344AA86B26538F6A0E5F7E5.e.10286/click - {}
RESULT: {}
RESULT: {}
COMMAND: POST /session/004e8781a420927acb4284c1134f8905/element - {"using":"xpath","value":"(//input[contains(@id ,\"picker\")][contains(@aria-roledescription ,\"Date Input\")])[4]"}
COMMAND: GET /session/004e8781a420927acb4284c1134f8905/screenshot - {}
RESULT: {"using":"xpath","value":"(//input[contains(@id ,\"picker\")][contains(@aria-roledescription ,\"Date Input\")])[4]"}
COMMAND: POST /session/004e8781a420927acb4284c1134f8905/element/f.B6308163BD667941B2C0E4D2A3AC438F.d.E6EE9D7CD344AA86B26538F6A0E5F7E5.e.10271/clear - {}
RESULT: {}
RESULT: {}
COMMAND: POST /session/004e8781a420927acb4284c1134f8905/element/f.B6308163BD667941B2C0E4D2A3AC438F.d.E6EE9D7CD344AA86B26538F6A0E5F7E5.e.10271/value - {"text":"5/9/25"}
COMMAND: GET /session/004e8781a420927acb4284c1134f8905/screenshot - {}
RESULT: {"text":"5/9/25"}
COMMAND: GET /session/004e8781a420927acb4284c1134f8905/screenshot - {}
RESULT: {}
RESULT: {}
COMMAND: POST /session/004e8781a420927acb4284c1134f8905/element - {"using":"xpath","value":"//bdi[contains(text(), \"Save\")]"}
RESULT: {"using":"xpath","value":"//bdi[contains(text(), \"Save\")]"}
COMMAND: POST /session/004e8781a420927acb4284c1134f8905/element/f.B6308163BD667941B2C0E4D2A3AC438F.d.E6EE9D7CD344AA86B26538F6A0E5F7E5.e.10327/click - {}
RESULT: {}
COMMAND: GET /session/004e8781a420927acb4284c1134f8905/screenshot - {}
RESULT: {}
COMMAND: POST /session/004e8781a420927acb4284c1134f8905/element - {"using":"xpath","value":"(//input[contains(@id ,\"picker\")][contains(@aria-roledescription ,\"Date Input\")])[4]"}
RESULT: {"using":"xpath","value":"(//input[contains(@id ,\"picker\")][contains(@aria-roledescription ,\"Date Input\")])[4]"}
COMMAND: GET /session/004e8781a420927acb4284c1134f8905/element/f.B6308163BD667941B2C0E4D2A3AC438F.d.E6EE9D7CD344AA86B26538F6A0E5F7E5.e.10271/property/value - {}
RESULT: {}
COMMAND: GET /session/004e8781a420927acb4284c1134f8905/screenshot - {}
RESULT: {}
COMMAND: POST /session/004e8781a420927acb4284c1134f8905/element - {"using":"xpath","value":"//bdi[contains(text(), \"Unplan\")]"}
RESULT: {"using":"xpath","value":"//bdi[contains(text(), \"Unplan\")]"}
COMMAND: POST /session/004e8781a420927acb4284c1134f8905/element/f.B6308163BD667941B2C0E4D2A3AC438F.d.E6EE9D7CD344AA86B26538F6A0E5F7E5.e.10339/click - {}
RESULT: {}
COMMAND: GET /session/004e8781a420927acb4284c1134f8905/screenshot - {}
RESULT: {}
COMMAND: POST /session/004e8781a420927acb4284c1134f8905/element - {"using":"css selector","value":"#shell-header-logo"}
RESULT: {"using":"css selector","value":"#shell-header-logo"}
COMMAND: POST /session/004e8781a420927acb4284c1134f8905/element/f.B6308163BD667941B2C0E4D2A3AC438F.d.E6EE9D7CD344AA86B26538F6A0E5F7E5.e.8789/click - {}
RESULT: {}
COMMAND: GET /session/004e8781a420927acb4284c1134f8905/screenshot - {}
RESULT: {}
COMMAND: POST /session/004e8781a420927acb4284c1134f8905/refresh - {}
RESULT: {}
COMMAND: GET /session/004e8781a420927acb4284c1134f8905/screenshot - {}
RESULT: {}
COMMAND: POST /session/004e8781a420927acb4284c1134f8905/execute/async - {"script":"<script> [189 bytes]","args":[]}
RESULT: {"script":"<script> [189 bytes]","args":[]}
COMMAND: POST /session/004e8781a420927acb4284c1134f8905/execute/async - {"script":"<script> [123 bytes]","args":[]}
RESULT: {"script":"<script> [123 bytes]","args":[]}
COMMAND: POST /session/004e8781a420927acb4284c1134f8905/timeouts - {"script":"<number>"}
RESULT: {"script":"<number>"}
COMMAND: GET /session/004e8781a420927acb4284c1134f8905/timeouts - {}
RESULT: {}
RESULT: undefined
COMMAND: POST /session/004e8781a420927acb4284c1134f8905/execute/async - {"script":"<script> [2676 bytes]","args":[]}
RESULT: {"script":"<script> [2676 bytes]","args":[]}
COMMAND: POST /session/004e8781a420927acb4284c1134f8905/execute/async - {"script":"<script> [2342 bytes]","args":[{"protocol":"http","hostname":"0.0.0.0","path":"/","capabilities":{"browserName":"chrome","goog:chromeOptions":{"binary":"C:\\Program Files\\Google\\Chrome\\Application\\chrome.exe","args":["--start-maximized"]}},"logLevel":"warn","connectionRetryTimeout":120000,"connectionRetryCount":3,"logLevels":{},"enableDirectConnect":true,"strictSSL":true,"_":"65 more keys: [\"cacheDir\",\"port\",\"requestedCapabilities\",\"automationProtocol\",\"baseUrl\",\"waitforInterval\",\"waitforTimeout\",\"onReload\",\"beforeCommand\",\"afterCommand\",\"rootDir\",\"specs\",\"suites\",\"exclude\",\"groupLogsByTestSpec\",\"excludeDriverLogs\",\"bail\",\"framework\",\"reporters\",\"services\",\"maxInstances\",\"maxInstancesPerCapability\",\"injectGlobals\",\"filesToWatch\",\"execArgv\",\"runnerEnv\",\"runner\",\"shard\",\"specFileRetries\",\"specFileRetriesDelay\",\"specFileRetriesDeferred\",\"reporterSyncInterval\",\"reporterSyncTimeout\",\"cucumberFeaturesWithLineNumbers\",\"autoCompileOpts\",\"mochaOpts\",\"jasmineOpts\",\"cucumberOpts\",\"onPrepare\",\"onWorkerStart\",\"onWorkerEnd\",\"before\",\"beforeSession\",\"beforeSuite\",\"beforeHook\",\"beforeTest\",\"afterTest\",\"afterHook\",\"afterSuite\",\"afterSession\",\"after\",\"onComplete\",\"beforeAssertion\",\"afterAssertion\",\"beforeFeature\",\"beforeScenario\",\"beforeStep\",\"afterStep\",\"afterScenario\",\"afterFeature\",\"_\",\"suite\",\"$0\",\"ignoredWorkerServices\",\"wdi5\"]"}]}
RESULT: {"script":"<script> [2342 bytes]","args":[{"protocol":"http","hostname":"0.0.0.0","path":"/","capabilities":{"browserName":"chrome","goog:chromeOptions":{"binary":"C:\\Program Files\\Google\\Chrome\\Application\\chrome.exe","args":["--start-maximized"]}},"logLevel":"warn","connectionRetryTimeout":120000,"connectionRetryCount":3,"logLevels":{},"enableDirectConnect":true,"strictSSL":true,"_":"65 more keys: [\"cacheDir\",\"port\",\"requestedCapabilities\",\"automationProtocol\",\"baseUrl\",\"waitforInterval\",\"waitforTimeout\",\"onReload\",\"beforeCommand\",\"afterCommand\",\"rootDir\",\"specs\",\"suites\",\"exclude\",\"groupLogsByTestSpec\",\"excludeDriverLogs\",\"bail\",\"framework\",\"reporters\",\"services\",\"maxInstances\",\"maxInstancesPerCapability\",\"injectGlobals\",\"filesToWatch\",\"execArgv\",\"runnerEnv\",\"runner\",\"shard\",\"specFileRetries\",\"specFileRetriesDelay\",\"specFileRetriesDeferred\",\"reporterSyncInterval\",\"reporterSyncTimeout\",\"cucumberFeaturesWithLineNumbers\",\"autoCompileOpts\",\"mochaOpts\",\"jasmineOpts\",\"cucumberOpts\",\"onPrepare\",\"onWorkerStart\",\"onWorkerEnd\",\"before\",\"beforeSession\",\"beforeSuite\",\"beforeHook\",\"beforeTest\",\"afterTest\",\"afterHook\",\"afterSuite\",\"afterSession\",\"after\",\"onComplete\",\"beforeAssertion\",\"afterAssertion\",\"beforeFeature\",\"beforeScenario\",\"beforeStep\",\"afterStep\",\"afterScenario\",\"afterFeature\",\"_\",\"suite\",\"$0\",\"ignoredWorkerServices\",\"wdi5\"]"}]}
COMMAND: POST /session/004e8781a420927acb4284c1134f8905/execute/async - {"script":"<script> [21126 bytes]","args":[35000]}
RESULT: {"script":"<script> [21126 bytes]","args":[35000]}
]]></system-out>
    </testcase>
  </testsuite>
  <testsuite timestamp="2025-05-07T16:14:28" time="330.621" tests="3" failures="0" errors="0" skipped="0">
    <properties>
      <property name="specId" value="0" />
      <property name="suiteName" value="Process request items into new quotation US120163" />
      <property name="capabilities" value="chrome.136_0_7103_49.windows" />
      <property name="file" value="file:///D:/a/1/s/test/specs/R2C/process-request-items-into-new-quotation.spec.js" />
    </properties>
    <testcase classname="chrome.136_0_7103_49.windows.Process_request_items_into_new_quotation_US120163" name="Should create a new request with catalog items and plan it" time="190.139">
      <system-out><![CDATA[
COMMAND: POST /session/004e8781a420927acb4284c1134f8905/element - {"using":"xpath","value":"//*[contains(@href, 'etm.portal.ui.managerequests')]"}
RESULT: {"using":"xpath","value":"//*[contains(@href, 'etm.portal.ui.managerequests')]"}
COMMAND: POST /session/004e8781a420927acb4284c1134f8905/element/f.B6308163BD667941B2C0E4D2A3AC438F.d.728B58765D79139D4D7B1B8E1B3D7D68.e.10409/click - {}
RESULT: {}
COMMAND: GET /session/004e8781a420927acb4284c1134f8905/screenshot - {}
RESULT: {}
COMMAND: POST /session/004e8781a420927acb4284c1134f8905/element - {"using":"xpath","value":"//button[contains(@data-kt ,\"btnCreateNewOverflowToolbarButton\")]"}
COMMAND: POST /session/004e8781a420927acb4284c1134f8905/element - {"using":"xpath","value":"(//span[contains(@class ,\"sapMObjStatusText\")])[1]"}
RESULT: {"using":"xpath","value":"//button[contains(@data-kt ,\"btnCreateNewOverflowToolbarButton\")]"}
COMMAND: POST /session/004e8781a420927acb4284c1134f8905/element/f.B6308163BD667941B2C0E4D2A3AC438F.d.728B58765D79139D4D7B1B8E1B3D7D68.e.10467/click - {}
RESULT: {"using":"xpath","value":"(//span[contains(@class ,\"sapMObjStatusText\")])[1]"}
COMMAND: POST /session/004e8781a420927acb4284c1134f8905/execute/sync - {"script":"<script> [8489 bytes]","args":[{"element-6066-11e4-a52e-4f735466cecf":"f.B6308163BD667941B2C0E4D2A3AC438F.d.728B58765D79139D4D7B1B8E1B3D7D68.e.10510","ELEMENT":"f.B6308163BD667941B2C0E4D2A3AC438F.d.728B58765D79139D4D7B1B8E1B3D7D68.e.10510"}]}
RESULT: {}
RESULT: {"script":"<script> [8489 bytes]","args":[{"element-6066-11e4-a52e-4f735466cecf":"f.B6308163BD667941B2C0E4D2A3AC438F.d.728B58765D79139D4D7B1B8E1B3D7D68.e.10510","ELEMENT":"f.B6308163BD667941B2C0E4D2A3AC438F.d.728B58765D79139D4D7B1B8E1B3D7D68.e.10510"}]}
COMMAND: GET /session/004e8781a420927acb4284c1134f8905/screenshot - {}
COMMAND: GET /session/004e8781a420927acb4284c1134f8905/screenshot - {}
RESULT: {}
RESULT: {}
COMMAND: POST /session/004e8781a420927acb4284c1134f8905/element - {"using":"xpath","value":"//input[contains(@id ,\"yardId-inner\")]"}
RESULT: {"using":"xpath","value":"//input[contains(@id ,\"yardId-inner\")]"}
COMMAND: POST /session/004e8781a420927acb4284c1134f8905/execute/sync - {"script":"<script> [8489 bytes]","args":[{"element-6066-11e4-a52e-4f735466cecf":"f.B6308163BD667941B2C0E4D2A3AC438F.d.728B58765D79139D4D7B1B8E1B3D7D68.e.10716","ELEMENT":"f.B6308163BD667941B2C0E4D2A3AC438F.d.728B58765D79139D4D7B1B8E1B3D7D68.e.10716"}]}
RESULT: {"script":"<script> [8489 bytes]","args":[{"element-6066-11e4-a52e-4f735466cecf":"f.B6308163BD667941B2C0E4D2A3AC438F.d.728B58765D79139D4D7B1B8E1B3D7D68.e.10716","ELEMENT":"f.B6308163BD667941B2C0E4D2A3AC438F.d.728B58765D79139D4D7B1B8E1B3D7D68.e.10716"}]}
COMMAND: POST /session/004e8781a420927acb4284c1134f8905/element - {"using":"xpath","value":"//input[contains(@id ,\"yardId-inner\")]"}
COMMAND: GET /session/004e8781a420927acb4284c1134f8905/screenshot - {}
RESULT: {"using":"xpath","value":"//input[contains(@id ,\"yardId-inner\")]"}
COMMAND: GET /session/004e8781a420927acb4284c1134f8905/element/f.B6308163BD667941B2C0E4D2A3AC438F.d.728B58765D79139D4D7B1B8E1B3D7D68.e.10716/enabled - {}
RESULT: {}
RESULT: {}
COMMAND: POST /session/004e8781a420927acb4284c1134f8905/element/f.B6308163BD667941B2C0E4D2A3AC438F.d.728B58765D79139D4D7B1B8E1B3D7D68.e.10716/clear - {}
COMMAND: GET /session/004e8781a420927acb4284c1134f8905/screenshot - {}
RESULT: {}
COMMAND: POST /session/004e8781a420927acb4284c1134f8905/element/f.B6308163BD667941B2C0E4D2A3AC438F.d.728B58765D79139D4D7B1B8E1B3D7D68.e.10716/value - {"text":"WebdriverYardnhqhyk"}
COMMAND: GET /session/004e8781a420927acb4284c1134f8905/screenshot - {}
RESULT: {}
RESULT: {"text":"WebdriverYardnhqhyk"}
COMMAND: GET /session/004e8781a420927acb4284c1134f8905/screenshot - {}
RESULT: {}
RESULT: {}
COMMAND: POST /session/004e8781a420927acb4284c1134f8905/element - {"using":"xpath","value":"//input[contains(@id ,\"customerNumber-inner\")]"}
RESULT: {"using":"xpath","value":"//input[contains(@id ,\"customerNumber-inner\")]"}
COMMAND: POST /session/004e8781a420927acb4284c1134f8905/element/f.B6308163BD667941B2C0E4D2A3AC438F.d.728B58765D79139D4D7B1B8E1B3D7D68.e.10710/value - {"text":"WebdriverPartnere8pc8"}
RESULT: {"text":"WebdriverPartnere8pc8"}
COMMAND: GET /session/004e8781a420927acb4284c1134f8905/screenshot - {}
RESULT: {}
COMMAND: POST /session/004e8781a420927acb4284c1134f8905/actions - {"actions":[{"id":"action76","type":"key","parameters":{},"actions":[{"type":"keyDown","value":"î€‡"},{"type":"pause","duration":10},{"type":"keyUp","value":"î€‡"}]}]}
RESULT: {"actions":[{"id":"action76","type":"key","parameters":{},"actions":[{"type":"keyDown","value":"î€‡"},{"type":"pause","duration":10},{"type":"keyUp","value":"î€‡"}]}]}
COMMAND: GET /session/004e8781a420927acb4284c1134f8905/screenshot - {}
RESULT: {}
COMMAND: POST /session/004e8781a420927acb4284c1134f8905/element/f.B6308163BD667941B2C0E4D2A3AC438F.d.728B58765D79139D4D7B1B8E1B3D7D68.e.10716/clear - {}
RESULT: {}
COMMAND: POST /session/004e8781a420927acb4284c1134f8905/element/f.B6308163BD667941B2C0E4D2A3AC438F.d.728B58765D79139D4D7B1B8E1B3D7D68.e.10716/clear - {}
COMMAND: GET /session/004e8781a420927acb4284c1134f8905/screenshot - {}
RESULT: {}
COMMAND: POST /session/004e8781a420927acb4284c1134f8905/element/f.B6308163BD667941B2C0E4D2A3AC438F.d.728B58765D79139D4D7B1B8E1B3D7D68.e.10716/value - {"text":"WebdriverYardnhqhyk"}
COMMAND: GET /session/004e8781a420927acb4284c1134f8905/screenshot - {}
RESULT: {}
RESULT: {"text":"WebdriverYardnhqhyk"}
COMMAND: GET /session/004e8781a420927acb4284c1134f8905/screenshot - {}
COMMAND: POST /session/004e8781a420927acb4284c1134f8905/actions - {"actions":[{"id":"action77","type":"key","parameters":{},"actions":[{"type":"keyDown","value":"î€‡"},{"type":"pause","duration":10},{"type":"keyUp","value":"î€‡"}]}]}
RESULT: {}
RESULT: {}
RESULT: {"actions":[{"id":"action77","type":"key","parameters":{},"actions":[{"type":"keyDown","value":"î€‡"},{"type":"pause","duration":10},{"type":"keyUp","value":"î€‡"}]}]}
COMMAND: GET /session/004e8781a420927acb4284c1134f8905/screenshot - {}
RESULT: {}
COMMAND: GET /session/004e8781a420927acb4284c1134f8905/element/f.B6308163BD667941B2C0E4D2A3AC438F.d.728B58765D79139D4D7B1B8E1B3D7D68.e.10710/property/value - {}
RESULT: {}
COMMAND: POST /session/004e8781a420927acb4284c1134f8905/element/f.B6308163BD667941B2C0E4D2A3AC438F.d.728B58765D79139D4D7B1B8E1B3D7D68.e.10710/value - {"text":"WebdriverPartnere8pc8"}
COMMAND: GET /session/004e8781a420927acb4284c1134f8905/screenshot - {}
COMMAND: POST /session/004e8781a420927acb4284c1134f8905/actions - {"actions":[{"id":"action78","type":"key","parameters":{},"actions":[{"type":"keyDown","value":"î€‡"},{"type":"pause","duration":10},{"type":"keyUp","value":"î€‡"}]}]}
RESULT: {"text":"WebdriverPartnere8pc8"}
COMMAND: GET /session/004e8781a420927acb4284c1134f8905/screenshot - {}
RESULT: {}
RESULT: {"actions":[{"id":"action78","type":"key","parameters":{},"actions":[{"type":"keyDown","value":"î€‡"},{"type":"pause","duration":10},{"type":"keyUp","value":"î€‡"}]}]}
COMMAND: GET /session/004e8781a420927acb4284c1134f8905/screenshot - {}
RESULT: {}
RESULT: {}
COMMAND: POST /session/004e8781a420927acb4284c1134f8905/actions - {"actions":[{"id":"action79","type":"key","parameters":{},"actions":[{"type":"keyDown","value":"î€‡"},{"type":"pause","duration":10},{"type":"keyUp","value":"î€‡"}]}]}
RESULT: {"actions":[{"id":"action79","type":"key","parameters":{},"actions":[{"type":"keyDown","value":"î€‡"},{"type":"pause","duration":10},{"type":"keyUp","value":"î€‡"}]}]}
COMMAND: GET /session/004e8781a420927acb4284c1134f8905/screenshot - {}
RESULT: {}
COMMAND: POST /session/004e8781a420927acb4284c1134f8905/element - {"using":"xpath","value":"//input[contains(@id ,\"requestSiteId-inner\")]"}
RESULT: {"using":"xpath","value":"//input[contains(@id ,\"requestSiteId-inner\")]"}
COMMAND: POST /session/004e8781a420927acb4284c1134f8905/element/f.B6308163BD667941B2C0E4D2A3AC438F.d.728B58765D79139D4D7B1B8E1B3D7D68.e.10709/value - {"text":"WebdriverSite2h8xt"}
RESULT: {"text":"WebdriverSite2h8xt"}
COMMAND: GET /session/004e8781a420927acb4284c1134f8905/screenshot - {}
RESULT: {}
COMMAND: POST /session/004e8781a420927acb4284c1134f8905/actions - {"actions":[{"id":"action80","type":"key","parameters":{},"actions":[{"type":"keyDown","value":"î€‡"},{"type":"pause","duration":10},{"type":"keyUp","value":"î€‡"}]}]}
RESULT: {"actions":[{"id":"action80","type":"key","parameters":{},"actions":[{"type":"keyDown","value":"î€‡"},{"type":"pause","duration":10},{"type":"keyUp","value":"î€‡"}]}]}
COMMAND: GET /session/004e8781a420927acb4284c1134f8905/screenshot - {}
RESULT: {}
COMMAND: POST /session/004e8781a420927acb4284c1134f8905/element - {"using":"xpath","value":"//button[contains(@data-kt ,\"requestItemAddOverflowToolbarButton\")]"}
RESULT: {"using":"xpath","value":"//button[contains(@data-kt ,\"requestItemAddOverflowToolbarButton\")]"}
COMMAND: POST /session/004e8781a420927acb4284c1134f8905/element/f.B6308163BD667941B2C0E4D2A3AC438F.d.728B58765D79139D4D7B1B8E1B3D7D68.e.10688/click - {}
RESULT: {}
COMMAND: GET /session/004e8781a420927acb4284c1134f8905/screenshot - {}
RESULT: {}
COMMAND: POST /session/004e8781a420927acb4284c1134f8905/actions - {"actions":[{"id":"action81","type":"key","parameters":{},"actions":[{"type":"keyDown","value":"î€•"},{"type":"pause","duration":10},{"type":"keyUp","value":"î€•"}]}]}
RESULT: {"actions":[{"id":"action81","type":"key","parameters":{},"actions":[{"type":"keyDown","value":"î€•"},{"type":"pause","duration":10},{"type":"keyUp","value":"î€•"}]}]}
COMMAND: POST /session/004e8781a420927acb4284c1134f8905/actions - {"actions":[{"id":"action82","type":"key","parameters":{},"actions":[{"type":"keyDown","value":"î€‡"},{"type":"pause","duration":10},{"type":"keyUp","value":"î€‡"}]}]}
COMMAND: GET /session/004e8781a420927acb4284c1134f8905/screenshot - {}
RESULT: {"actions":[{"id":"action82","type":"key","parameters":{},"actions":[{"type":"keyDown","value":"î€‡"},{"type":"pause","duration":10},{"type":"keyUp","value":"î€‡"}]}]}
COMMAND: GET /session/004e8781a420927acb4284c1134f8905/screenshot - {}
RESULT: {}
RESULT: {}
COMMAND: POST /session/004e8781a420927acb4284c1134f8905/element - {"using":"xpath","value":"(//input[contains(@id ,\"requestItemsTable-0-inner\")])[1]"}
RESULT: {"using":"xpath","value":"(//input[contains(@id ,\"requestItemsTable-0-inner\")])[1]"}
COMMAND: POST /session/004e8781a420927acb4284c1134f8905/element/f.B6308163BD667941B2C0E4D2A3AC438F.d.728B58765D79139D4D7B1B8E1B3D7D68.e.10867/clear - {}
RESULT: {}
COMMAND: POST /session/004e8781a420927acb4284c1134f8905/element/f.B6308163BD667941B2C0E4D2A3AC438F.d.728B58765D79139D4D7B1B8E1B3D7D68.e.10867/value - {"text":"catalogItempranlf"}
COMMAND: GET /session/004e8781a420927acb4284c1134f8905/screenshot - {}
RESULT: {"text":"catalogItempranlf"}
COMMAND: GET /session/004e8781a420927acb4284c1134f8905/screenshot - {}
RESULT: {}
RESULT: {}
COMMAND: POST /session/004e8781a420927acb4284c1134f8905/actions - {"actions":[{"id":"action83","type":"key","parameters":{},"actions":[{"type":"keyDown","value":"î€‡"},{"type":"pause","duration":10},{"type":"keyUp","value":"î€‡"}]}]}
RESULT: {"actions":[{"id":"action83","type":"key","parameters":{},"actions":[{"type":"keyDown","value":"î€‡"},{"type":"pause","duration":10},{"type":"keyUp","value":"î€‡"}]}]}
COMMAND: GET /session/004e8781a420927acb4284c1134f8905/screenshot - {}
RESULT: {}
COMMAND: POST /session/004e8781a420927acb4284c1134f8905/execute/async - {"script":"<script> [1562 bytes]","args":[{"selector":{"controlType":"sap.ui.core.Icon","viewName":"etm.portal.ui.managerequests.view.NewRequest","properties":{"src":{"regex":{"source":"slim\\-arrow\\-down"}}},"ancestor":{"controlType":"sap.m.Button","viewName":"etm.portal.ui.managerequests.view.NewRequest","properties":{"icon":"sap-icon://slim-arrow-down"}}},"wdio_ui5_key":"etmportal.ui.managerequests.view.NewRequestsap.ui.core.Icon{\"src\":{\"regex\":{\"source\":\"slim\\\\-arrow\\\\-down\"}}}{\"controlType\":\"sap.m.Button\",\"viewName\":\"etm.portal.ui.managerequests.view.NewRequest\",\"properties\":{\"icon\":\"sap-icon://slim-arrow-down\"}}"}]}
RESULT: {"script":"<script> [1562 bytes]","args":[{"selector":{"controlType":"sap.ui.core.Icon","viewName":"etm.portal.ui.managerequests.view.NewRequest","properties":{"src":{"regex":{"source":"slim\\-arrow\\-down"}}},"ancestor":{"controlType":"sap.m.Button","viewName":"etm.portal.ui.managerequests.view.NewRequest","properties":{"icon":"sap-icon://slim-arrow-down"}}},"wdio_ui5_key":"etmportal.ui.managerequests.view.NewRequestsap.ui.core.Icon{\"src\":{\"regex\":{\"source\":\"slim\\\\-arrow\\\\-down\"}}}{\"controlType\":\"sap.m.Button\",\"viewName\":\"etm.portal.ui.managerequests.view.NewRequest\",\"properties\":{\"icon\":\"sap-icon://slim-arrow-down\"}}"}]}
RESULT: undefined
COMMAND: POST /session/004e8781a420927acb4284c1134f8905/element - {"using":"xpath","value":"//div[contains(@data-kt ,\"splitAllocationObjectStatus\")]"}
RESULT: {"using":"xpath","value":"//div[contains(@data-kt ,\"splitAllocationObjectStatus\")]"}
COMMAND: POST /session/004e8781a420927acb4284c1134f8905/elements - {"using":"xpath","value":"//div[contains(@data-kt ,\"splitAllocationObjectStatus\")]"}
RESULT: {"using":"xpath","value":"//div[contains(@data-kt ,\"splitAllocationObjectStatus\")]"}
COMMAND: POST /session/004e8781a420927acb4284c1134f8905/execute/async - {"script":"<script> [1562 bytes]","args":[{"selector":{"controlType":"sap.ui.core.Icon","viewName":"etm.portal.ui.managerequests.view.NewRequest","properties":{"src":{"regex":{"source":"message\\-error"}}}},"wdio_ui5_key":"etmportal.ui.managerequests.view.NewRequestsap.ui.core.Icon{\"src\":{\"regex\":{\"source\":\"message\\\\-error\"}}}"}]}
RESULT: {"script":"<script> [1562 bytes]","args":[{"selector":{"controlType":"sap.ui.core.Icon","viewName":"etm.portal.ui.managerequests.view.NewRequest","properties":{"src":{"regex":{"source":"message\\-error"}}}},"wdio_ui5_key":"etmportal.ui.managerequests.view.NewRequestsap.ui.core.Icon{\"src\":{\"regex\":{\"source\":\"message\\\\-error\"}}}"}]}
RESULT: undefined
COMMAND: POST /session/004e8781a420927acb4284c1134f8905/element - {"using":"xpath","value":"//*[@id=\"__status4-__xmlview59--requestItemsTable-0-icon\"]"}
RESULT: {"using":"xpath","value":"//*[@id=\"__status4-__xmlview59--requestItemsTable-0-icon\"]"}
COMMAND: POST /session/004e8781a420927acb4284c1134f8905/element/f.B6308163BD667941B2C0E4D2A3AC438F.d.728B58765D79139D4D7B1B8E1B3D7D68.e.10882/click - {}
RESULT: {}
COMMAND: POST /session/004e8781a420927acb4284c1134f8905/execute/async - {"script":"<script> [1562 bytes]","args":[{"selector":{"controlType":"sap.ui.core.Icon","viewName":"etm.portal.ui.managerequests.view.NewRequest","properties":{"src":{"regex":{"source":"slim\\-arrow\\-down"}}},"searchOpenDialogs":true,"ancestor":{"id":"costObjectAdminTypeComboBox","viewName":"etm.portal.ui.managerequests.view.NewRequest","searchOpenDialogs":true}},"wdio_ui5_key":"etmportal.ui.managerequests.view.NewRequestsap.ui.core.Icon{\"src\":{\"regex\":{\"source\":\"slim\\\\-arrow\\\\-down\"}}}{\"id\":\"costObjectAdminTypeComboBox\",\"viewName\":\"etm.portal.ui.managerequests.view.NewRequest\",\"searchOpenDialogs\":true}"}]}
COMMAND: GET /session/004e8781a420927acb4284c1134f8905/screenshot - {}
RESULT: {"script":"<script> [1562 bytes]","args":[{"selector":{"controlType":"sap.ui.core.Icon","viewName":"etm.portal.ui.managerequests.view.NewRequest","properties":{"src":{"regex":{"source":"slim\\-arrow\\-down"}}},"searchOpenDialogs":true,"ancestor":{"id":"costObjectAdminTypeComboBox","viewName":"etm.portal.ui.managerequests.view.NewRequest","searchOpenDialogs":true}},"wdio_ui5_key":"etmportal.ui.managerequests.view.NewRequestsap.ui.core.Icon{\"src\":{\"regex\":{\"source\":\"slim\\\\-arrow\\\\-down\"}}}{\"id\":\"costObjectAdminTypeComboBox\",\"viewName\":\"etm.portal.ui.managerequests.view.NewRequest\",\"searchOpenDialogs\":true}"}]}
RESULT: undefined
COMMAND: POST /session/004e8781a420927acb4284c1134f8905/element - {"using":"xpath","value":"//*[@id=\"__xmlview59--costObjectAdminTypeComboBox-arrow\"]"}
RESULT: {}
RESULT: {"using":"xpath","value":"//*[@id=\"__xmlview59--costObjectAdminTypeComboBox-arrow\"]"}
COMMAND: POST /session/004e8781a420927acb4284c1134f8905/element/f.B6308163BD667941B2C0E4D2A3AC438F.d.728B58765D79139D4D7B1B8E1B3D7D68.e.10886/click - {}
RESULT: {}
COMMAND: POST /session/004e8781a420927acb4284c1134f8905/execute/async - {"script":"<script> [1562 bytes]","args":[{"selector":{"controlType":"sap.m.StandardListItem","viewName":"etm.portal.ui.managerequests.view.NewRequest","properties":{"title":"Cost Center"},"searchOpenDialogs":true,"interaction":{"idSuffix":"titleText"}},"wdio_ui5_key":"etmportal.ui.managerequests.view.NewRequestsap.m.StandardListItem{\"title\":\"Cost Center\"}"}]}
COMMAND: GET /session/004e8781a420927acb4284c1134f8905/screenshot - {}
RESULT: {"script":"<script> [1562 bytes]","args":[{"selector":{"controlType":"sap.m.StandardListItem","viewName":"etm.portal.ui.managerequests.view.NewRequest","properties":{"title":"Cost Center"},"searchOpenDialogs":true,"interaction":{"idSuffix":"titleText"}},"wdio_ui5_key":"etmportal.ui.managerequests.view.NewRequestsap.m.StandardListItem{\"title\":\"Cost Center\"}"}]}
RESULT: undefined
COMMAND: POST /session/004e8781a420927acb4284c1134f8905/element - {"using":"xpath","value":"//*[@id=\"__item842\"]"}
RESULT: {}
RESULT: {"using":"xpath","value":"//*[@id=\"__item842\"]"}
COMMAND: POST /session/004e8781a420927acb4284c1134f8905/element/f.B6308163BD667941B2C0E4D2A3AC438F.d.728B58765D79139D4D7B1B8E1B3D7D68.e.10889/click - {}
RESULT: {}
COMMAND: GET /session/004e8781a420927acb4284c1134f8905/screenshot - {}
RESULT: {}
COMMAND: POST /session/004e8781a420927acb4284c1134f8905/execute/async - {"script":"<script> [1562 bytes]","args":[{"selector":{"controlType":"sap.ui.core.Icon","viewName":"etm.portal.ui.managerequests.view.NewRequest","properties":{"src":{"regex":{"source":"value\\-help"}}},"searchOpenDialogs":true},"wdio_ui5_key":"etmportal.ui.managerequests.view.NewRequestsap.ui.core.Icon{\"src\":{\"regex\":{\"source\":\"value\\\\-help\"}}}"}]}
RESULT: {"script":"<script> [1562 bytes]","args":[{"selector":{"controlType":"sap.ui.core.Icon","viewName":"etm.portal.ui.managerequests.view.NewRequest","properties":{"src":{"regex":{"source":"value\\-help"}}},"searchOpenDialogs":true},"wdio_ui5_key":"etmportal.ui.managerequests.view.NewRequestsap.ui.core.Icon{\"src\":{\"regex\":{\"source\":\"value\\\\-help\"}}}"}]}
RESULT: undefined
COMMAND: POST /session/004e8781a420927acb4284c1134f8905/element - {"using":"xpath","value":"//*[@id=\"__xmlview59--costObjectIdComboBox-vhi\"]"}
RESULT: {"using":"xpath","value":"//*[@id=\"__xmlview59--costObjectIdComboBox-vhi\"]"}
COMMAND: POST /session/004e8781a420927acb4284c1134f8905/element/f.B6308163BD667941B2C0E4D2A3AC438F.d.728B58765D79139D4D7B1B8E1B3D7D68.e.10896/click - {}
RESULT: {}
COMMAND: POST /session/004e8781a420927acb4284c1134f8905/execute/async - {"script":"<script> [1562 bytes]","args":[{"selector":{"controlType":"sap.m.SearchField","properties":{"placeholder":"Search"},"searchOpenDialogs":true,"interaction":{"idSuffix":"I"}},"wdio_ui5_key":"sapm.SearchField{\"placeholder\":\"Search\"}"}]}
COMMAND: GET /session/004e8781a420927acb4284c1134f8905/screenshot - {}
RESULT: {"script":"<script> [1562 bytes]","args":[{"selector":{"controlType":"sap.m.SearchField","properties":{"placeholder":"Search"},"searchOpenDialogs":true,"interaction":{"idSuffix":"I"}},"wdio_ui5_key":"sapm.SearchField{\"placeholder\":\"Search\"}"}]}
RESULT: undefined
COMMAND: POST /session/004e8781a420927acb4284c1134f8905/execute/async - {"script":"<script> [776 bytes]","args":[{"enterText":"10001010","selector":{"controlType":"sap.m.SearchField","properties":{"placeholder":"Search"},"searchOpenDialogs":true,"interaction":{"idSuffix":"I"}},"clearTextFirst":true,"interactionType":"ENTER_TEXT"}]}
RESULT: {}
RESULT: {"script":"<script> [776 bytes]","args":[{"enterText":"10001010","selector":{"controlType":"sap.m.SearchField","properties":{"placeholder":"Search"},"searchOpenDialogs":true,"interaction":{"idSuffix":"I"}},"clearTextFirst":true,"interactionType":"ENTER_TEXT"}]}
COMMAND: POST /session/004e8781a420927acb4284c1134f8905/actions - {"actions":[{"id":"action84","type":"key","parameters":{},"actions":[{"type":"keyDown","value":"î€‡"},{"type":"pause","duration":10},{"type":"keyUp","value":"î€‡"}]}]}
RESULT: {"actions":[{"id":"action84","type":"key","parameters":{},"actions":[{"type":"keyDown","value":"î€‡"},{"type":"pause","duration":10},{"type":"keyUp","value":"î€‡"}]}]}
COMMAND: GET /session/004e8781a420927acb4284c1134f8905/screenshot - {}
RESULT: {}
COMMAND: POST /session/004e8781a420927acb4284c1134f8905/execute/async - {"script":"<script> [1562 bytes]","args":[{"selector":{"controlType":"sap.m.Text","bindingPath":{"path":"/C_CostCtrValueHelp(CostCenter='10001010',ControllingArea='Z001')","propertyPath":"CostCenterName","modelName":"CostCenterModel"},"searchOpenDialogs":true},"wdio_ui5_key":"sapm.Text{\"path\":\"/C_CostCtrValueHelp(CostCenter='10001010',ControllingArea='Z001')\",\"propertyPath\":\"CostCenterName\",\"modelName\":\"CostCenterModel\"}"}]}
RESULT: {"script":"<script> [1562 bytes]","args":[{"selector":{"controlType":"sap.m.Text","bindingPath":{"path":"/C_CostCtrValueHelp(CostCenter='10001010',ControllingArea='Z001')","propertyPath":"CostCenterName","modelName":"CostCenterModel"},"searchOpenDialogs":true},"wdio_ui5_key":"sapm.Text{\"path\":\"/C_CostCtrValueHelp(CostCenter='10001010',ControllingArea='Z001')\",\"propertyPath\":\"CostCenterName\",\"modelName\":\"CostCenterModel\"}"}]}
RESULT: undefined
COMMAND: POST /session/004e8781a420927acb4284c1134f8905/element - {"using":"xpath","value":"//*[@id=\"__text291-__clone980\"]"}
RESULT: {"using":"xpath","value":"//*[@id=\"__text291-__clone980\"]"}
COMMAND: POST /session/004e8781a420927acb4284c1134f8905/element/f.B6308163BD667941B2C0E4D2A3AC438F.d.728B58765D79139D4D7B1B8E1B3D7D68.e.10936/click - {}
RESULT: {}
COMMAND: POST /session/004e8781a420927acb4284c1134f8905/execute/async - {"script":"<script> [1562 bytes]","args":[{"selector":{"controlType":"sap.m.Button","properties":{"text":"OK"},"searchOpenDialogs":true,"interaction":{"idSuffix":"BDI-content"}},"wdio_ui5_key":"sapm.Button{\"text\":\"OK\"}"}]}
COMMAND: GET /session/004e8781a420927acb4284c1134f8905/screenshot - {}
RESULT: {"script":"<script> [1562 bytes]","args":[{"selector":{"controlType":"sap.m.Button","properties":{"text":"OK"},"searchOpenDialogs":true,"interaction":{"idSuffix":"BDI-content"}},"wdio_ui5_key":"sapm.Button{\"text\":\"OK\"}"}]}
RESULT: undefined
COMMAND: POST /session/004e8781a420927acb4284c1134f8905/element - {"using":"xpath","value":"//*[@id=\"__dialog1-ok\"]"}
RESULT: {}
RESULT: {"using":"xpath","value":"//*[@id=\"__dialog1-ok\"]"}
COMMAND: POST /session/004e8781a420927acb4284c1134f8905/element/f.B6308163BD667941B2C0E4D2A3AC438F.d.728B58765D79139D4D7B1B8E1B3D7D68.e.10938/click - {}
RESULT: {}
COMMAND: GET /session/004e8781a420927acb4284c1134f8905/screenshot - {}
RESULT: {}
COMMAND: POST /session/004e8781a420927acb4284c1134f8905/execute/async - {"script":"<script> [1562 bytes]","args":[{"selector":{"controlType":"sap.m.Button","viewName":"etm.portal.ui.managerequests.view.NewRequest","i18NText":{"propertyName":"text","key":"save"},"searchOpenDialogs":true,"interaction":{"idSuffix":"BDI-content"}},"wdio_ui5_key":"etmportal.ui.managerequests.view.NewRequestsap.m.Button{\"propertyName\":\"text\",\"key\":\"save\"}"}]}
RESULT: {"script":"<script> [1562 bytes]","args":[{"selector":{"controlType":"sap.m.Button","viewName":"etm.portal.ui.managerequests.view.NewRequest","i18NText":{"propertyName":"text","key":"save"},"searchOpenDialogs":true,"interaction":{"idSuffix":"BDI-content"}},"wdio_ui5_key":"etmportal.ui.managerequests.view.NewRequestsap.m.Button{\"propertyName\":\"text\",\"key\":\"save\"}"}]}
RESULT: undefined
COMMAND: POST /session/004e8781a420927acb4284c1134f8905/element - {"using":"xpath","value":"//*[@id=\"__button24\"]"}
RESULT: {"using":"xpath","value":"//*[@id=\"__button24\"]"}
COMMAND: POST /session/004e8781a420927acb4284c1134f8905/element/f.B6308163BD667941B2C0E4D2A3AC438F.d.728B58765D79139D4D7B1B8E1B3D7D68.e.10942/click - {}
RESULT: {}
COMMAND: GET /session/004e8781a420927acb4284c1134f8905/screenshot - {}
RESULT: {}
COMMAND: POST /session/004e8781a420927acb4284c1134f8905/element - {"using":"xpath","value":"(//bdi[contains(text() ,\"Save\")])[1]"}
RESULT: {"using":"xpath","value":"(//bdi[contains(text() ,\"Save\")])[1]"}
COMMAND: POST /session/004e8781a420927acb4284c1134f8905/element/f.B6308163BD667941B2C0E4D2A3AC438F.d.728B58765D79139D4D7B1B8E1B3D7D68.e.10944/click - {}
RESULT: {}
COMMAND: GET /session/004e8781a420927acb4284c1134f8905/screenshot - {}
RESULT: {}
COMMAND: POST /session/004e8781a420927acb4284c1134f8905/execute/async - {"script":"<script> [1562 bytes]","args":[{"selector":{"controlType":"sap.m.Title","properties":{"text":"Success"},"searchOpenDialogs":true},"wdio_ui5_key":"sapm.Title{\"text\":\"Success\"}"}]}
RESULT: {"script":"<script> [1562 bytes]","args":[{"selector":{"controlType":"sap.m.Title","properties":{"text":"Success"},"searchOpenDialogs":true},"wdio_ui5_key":"sapm.Title{\"text\":\"Success\"}"}]}
RESULT: undefined
COMMAND: POST /session/004e8781a420927acb4284c1134f8905/execute/async - {"script":"<script> [6424 bytes]","args":[{"element-6066-11e4-a52e-4f735466cecf":"f.B6308163BD667941B2C0E4D2A3AC438F.d.728B58765D79139D4D7B1B8E1B3D7D68.e.10948"},"getText",[]]}
RESULT: {"script":"<script> [6424 bytes]","args":[{"element-6066-11e4-a52e-4f735466cecf":"f.B6308163BD667941B2C0E4D2A3AC438F.d.728B58765D79139D4D7B1B8E1B3D7D68.e.10948"},"getText",[]]}
COMMAND: POST /session/004e8781a420927acb4284c1134f8905/execute/async - {"script":"<script> [1562 bytes]","args":[{"selector":{"controlType":"sap.m.Button","properties":{"text":"Close"},"searchOpenDialogs":true,"interaction":{"idSuffix":"BDI-content"}},"wdio_ui5_key":"sapm.Button{\"text\":\"Close\"}"}]}
RESULT: {"script":"<script> [1562 bytes]","args":[{"selector":{"controlType":"sap.m.Button","properties":{"text":"Close"},"searchOpenDialogs":true,"interaction":{"idSuffix":"BDI-content"}},"wdio_ui5_key":"sapm.Button{\"text\":\"Close\"}"}]}
RESULT: undefined
COMMAND: POST /session/004e8781a420927acb4284c1134f8905/element - {"using":"xpath","value":"//*[@id=\"__mbox-btn-0\"]"}
RESULT: {"using":"xpath","value":"//*[@id=\"__mbox-btn-0\"]"}
COMMAND: POST /session/004e8781a420927acb4284c1134f8905/element/f.B6308163BD667941B2C0E4D2A3AC438F.d.728B58765D79139D4D7B1B8E1B3D7D68.e.10947/click - {}
RESULT: {}
COMMAND: GET /session/004e8781a420927acb4284c1134f8905/screenshot - {}
RESULT: {}
COMMAND: POST /session/004e8781a420927acb4284c1134f8905/execute/async - {"script":"<script> [1562 bytes]","args":[{"selector":{"controlType":"sap.m.Text","viewName":"etm.portal.ui.managerequests.view.Detail","bindingPath":{"propertyPath":"NO","modelName":"catalogModel"}},"wdio_ui5_key":"etmportal.ui.managerequests.view.Detailsap.m.Text{\"propertyPath\":\"NO\",\"modelName\":\"catalogModel\"}"}]}
RESULT: {"script":"<script> [1562 bytes]","args":[{"selector":{"controlType":"sap.m.Text","viewName":"etm.portal.ui.managerequests.view.Detail","bindingPath":{"propertyPath":"NO","modelName":"catalogModel"}},"wdio_ui5_key":"etmportal.ui.managerequests.view.Detailsap.m.Text{\"propertyPath\":\"NO\",\"modelName\":\"catalogModel\"}"}]}
RESULT: undefined
COMMAND: POST /session/004e8781a420927acb4284c1134f8905/execute/async - {"script":"<script> [6424 bytes]","args":[{"element-6066-11e4-a52e-4f735466cecf":"f.B6308163BD667941B2C0E4D2A3AC438F.d.728B58765D79139D4D7B1B8E1B3D7D68.e.11074"},"getText",[]]}
RESULT: {"script":"<script> [6424 bytes]","args":[{"element-6066-11e4-a52e-4f735466cecf":"f.B6308163BD667941B2C0E4D2A3AC438F.d.728B58765D79139D4D7B1B8E1B3D7D68.e.11074"},"getText",[]]}
COMMAND: POST /session/004e8781a420927acb4284c1134f8905/execute/async - {"script":"<script> [1562 bytes]","args":[{"selector":{"controlType":"sap.ui.core.Icon","viewName":"etm.portal.ui.managerequests.view.Detail","properties":{"src":{"regex":{"source":"date\\-time"}}},"ancestor":{"controlType":"sap.m.ColumnListItem","viewName":"etm.portal.ui.managerequests.view.Detail","bindingPath":{"path":"/SmartRequestItemsPlanningBoard(ITEM=10m,REQUEST='20395')"},"ancestor":{"id":"requestItemsTable","viewName":"etm.portal.ui.managerequests.view.Detail"}}},"wdio_ui5_key":"etmportal.ui.managerequests.view.Detailsap.ui.core.Icon{\"src\":{\"regex\":{\"source\":\"date\\\\-time\"}}}{\"controlType\":\"sap.m.ColumnListItem\",\"viewName\":\"etm.portal.ui.managerequests.view.Detail\",\"bindingPath\":{\"path\":\"/SmartRequestItemsPlanningBoard(ITEM=10m,REQUEST='20395')\"},\"ancestor\":{\"id\":\"requestItemsTable\",\"viewName\":\"etm.portal.ui.managerequests.view.Detail\"}}"}]}
RESULT: {"script":"<script> [1562 bytes]","args":[{"selector":{"controlType":"sap.ui.core.Icon","viewName":"etm.portal.ui.managerequests.view.Detail","properties":{"src":{"regex":{"source":"date\\-time"}}},"ancestor":{"controlType":"sap.m.ColumnListItem","viewName":"etm.portal.ui.managerequests.view.Detail","bindingPath":{"path":"/SmartRequestItemsPlanningBoard(ITEM=10m,REQUEST='20395')"},"ancestor":{"id":"requestItemsTable","viewName":"etm.portal.ui.managerequests.view.Detail"}}},"wdio_ui5_key":"etmportal.ui.managerequests.view.Detailsap.ui.core.Icon{\"src\":{\"regex\":{\"source\":\"date\\\\-time\"}}}{\"controlType\":\"sap.m.ColumnListItem\",\"viewName\":\"etm.portal.ui.managerequests.view.Detail\",\"bindingPath\":{\"path\":\"/SmartRequestItemsPlanningBoard(ITEM=10m,REQUEST='20395')\"},\"ancestor\":{\"id\":\"requestItemsTable\",\"viewName\":\"etm.portal.ui.managerequests.view.Detail\"}}"}]}
RESULT: undefined
COMMAND: POST /session/004e8781a420927acb4284c1134f8905/element - {"using":"xpath","value":"//*[@id=\"__button39-__clone1019-img\"]"}
RESULT: {"using":"xpath","value":"//*[@id=\"__button39-__clone1019-img\"]"}
COMMAND: POST /session/004e8781a420927acb4284c1134f8905/element/f.B6308163BD667941B2C0E4D2A3AC438F.d.728B58765D79139D4D7B1B8E1B3D7D68.e.11075/click - {}
RESULT: {}
COMMAND: POST /session/004e8781a420927acb4284c1134f8905/execute/async - {"script":"<script> [1562 bytes]","args":[{"selector":{"controlType":"sap.m.Button","viewName":"etm.portal.ui.managerequests.view.Detail","properties":{"text":"Close"},"searchOpenDialogs":true,"interaction":{"idSuffix":"BDI-content"}},"wdio_ui5_key":"etmportal.ui.managerequests.view.Detailsap.m.Button{\"text\":\"Close\"}"}]}
COMMAND: GET /session/004e8781a420927acb4284c1134f8905/screenshot - {}
RESULT: {"script":"<script> [1562 bytes]","args":[{"selector":{"controlType":"sap.m.Button","viewName":"etm.portal.ui.managerequests.view.Detail","properties":{"text":"Close"},"searchOpenDialogs":true,"interaction":{"idSuffix":"BDI-content"}},"wdio_ui5_key":"etmportal.ui.managerequests.view.Detailsap.m.Button{\"text\":\"Close\"}"}]}
RESULT: undefined
COMMAND: POST /session/004e8781a420927acb4284c1134f8905/element - {"using":"xpath","value":"//*[@id=\"__button49\"]"}
RESULT: {}
RESULT: {"using":"xpath","value":"//*[@id=\"__button49\"]"}
COMMAND: POST /session/004e8781a420927acb4284c1134f8905/element/f.B6308163BD667941B2C0E4D2A3AC438F.d.728B58765D79139D4D7B1B8E1B3D7D68.e.11078/click - {}
RESULT: {}
COMMAND: POST /session/004e8781a420927acb4284c1134f8905/refresh - {}
COMMAND: GET /session/004e8781a420927acb4284c1134f8905/screenshot - {}
RESULT: {}
COMMAND: GET /session/004e8781a420927acb4284c1134f8905/screenshot - {}
RESULT: {}
RESULT: {}
COMMAND: POST /session/004e8781a420927acb4284c1134f8905/execute/async - {"script":"<script> [189 bytes]","args":[]}
RESULT: {"script":"<script> [189 bytes]","args":[]}
COMMAND: POST /session/004e8781a420927acb4284c1134f8905/execute/async - {"script":"<script> [123 bytes]","args":[]}
RESULT: {"script":"<script> [123 bytes]","args":[]}
COMMAND: POST /session/004e8781a420927acb4284c1134f8905/timeouts - {"script":"<number>"}
RESULT: {"script":"<number>"}
COMMAND: GET /session/004e8781a420927acb4284c1134f8905/timeouts - {}
RESULT: {}
RESULT: undefined
COMMAND: POST /session/004e8781a420927acb4284c1134f8905/execute/async - {"script":"<script> [2676 bytes]","args":[]}
RESULT: {"script":"<script> [2676 bytes]","args":[]}
COMMAND: POST /session/004e8781a420927acb4284c1134f8905/execute/async - {"script":"<script> [2342 bytes]","args":[{"protocol":"http","hostname":"0.0.0.0","path":"/","capabilities":{"browserName":"chrome","goog:chromeOptions":{"binary":"C:\\Program Files\\Google\\Chrome\\Application\\chrome.exe","args":["--start-maximized"]}},"logLevel":"warn","connectionRetryTimeout":120000,"connectionRetryCount":3,"logLevels":{},"enableDirectConnect":true,"strictSSL":true,"_":"65 more keys: [\"cacheDir\",\"port\",\"requestedCapabilities\",\"automationProtocol\",\"baseUrl\",\"waitforInterval\",\"waitforTimeout\",\"onReload\",\"beforeCommand\",\"afterCommand\",\"rootDir\",\"specs\",\"suites\",\"exclude\",\"groupLogsByTestSpec\",\"excludeDriverLogs\",\"bail\",\"framework\",\"reporters\",\"services\",\"maxInstances\",\"maxInstancesPerCapability\",\"injectGlobals\",\"filesToWatch\",\"execArgv\",\"runnerEnv\",\"runner\",\"shard\",\"specFileRetries\",\"specFileRetriesDelay\",\"specFileRetriesDeferred\",\"reporterSyncInterval\",\"reporterSyncTimeout\",\"cucumberFeaturesWithLineNumbers\",\"autoCompileOpts\",\"mochaOpts\",\"jasmineOpts\",\"cucumberOpts\",\"onPrepare\",\"onWorkerStart\",\"onWorkerEnd\",\"before\",\"beforeSession\",\"beforeSuite\",\"beforeHook\",\"beforeTest\",\"afterTest\",\"afterHook\",\"afterSuite\",\"afterSession\",\"after\",\"onComplete\",\"beforeAssertion\",\"afterAssertion\",\"beforeFeature\",\"beforeScenario\",\"beforeStep\",\"afterStep\",\"afterScenario\",\"afterFeature\",\"_\",\"suite\",\"$0\",\"ignoredWorkerServices\",\"wdi5\"]"}]}
RESULT: {"script":"<script> [2342 bytes]","args":[{"protocol":"http","hostname":"0.0.0.0","path":"/","capabilities":{"browserName":"chrome","goog:chromeOptions":{"binary":"C:\\Program Files\\Google\\Chrome\\Application\\chrome.exe","args":["--start-maximized"]}},"logLevel":"warn","connectionRetryTimeout":120000,"connectionRetryCount":3,"logLevels":{},"enableDirectConnect":true,"strictSSL":true,"_":"65 more keys: [\"cacheDir\",\"port\",\"requestedCapabilities\",\"automationProtocol\",\"baseUrl\",\"waitforInterval\",\"waitforTimeout\",\"onReload\",\"beforeCommand\",\"afterCommand\",\"rootDir\",\"specs\",\"suites\",\"exclude\",\"groupLogsByTestSpec\",\"excludeDriverLogs\",\"bail\",\"framework\",\"reporters\",\"services\",\"maxInstances\",\"maxInstancesPerCapability\",\"injectGlobals\",\"filesToWatch\",\"execArgv\",\"runnerEnv\",\"runner\",\"shard\",\"specFileRetries\",\"specFileRetriesDelay\",\"specFileRetriesDeferred\",\"reporterSyncInterval\",\"reporterSyncTimeout\",\"cucumberFeaturesWithLineNumbers\",\"autoCompileOpts\",\"mochaOpts\",\"jasmineOpts\",\"cucumberOpts\",\"onPrepare\",\"onWorkerStart\",\"onWorkerEnd\",\"before\",\"beforeSession\",\"beforeSuite\",\"beforeHook\",\"beforeTest\",\"afterTest\",\"afterHook\",\"afterSuite\",\"afterSession\",\"after\",\"onComplete\",\"beforeAssertion\",\"afterAssertion\",\"beforeFeature\",\"beforeScenario\",\"beforeStep\",\"afterStep\",\"afterScenario\",\"afterFeature\",\"_\",\"suite\",\"$0\",\"ignoredWorkerServices\",\"wdi5\"]"}]}
COMMAND: POST /session/004e8781a420927acb4284c1134f8905/execute/async - {"script":"<script> [21126 bytes]","args":[35000]}
RESULT: {"script":"<script> [21126 bytes]","args":[35000]}
]]></system-out>
    </testcase>
    <testcase classname="chrome.136_0_7103_49.windows.Process_request_items_into_new_quotation_US120163" name="Should process the request into a new quotation" time="62.7">
      <system-out><![CDATA[
COMMAND: GET /session/004e8781a420927acb4284c1134f8905/window - {}
RESULT: {}
COMMAND: POST /session/004e8781a420927acb4284c1134f8905/element - {"using":"xpath","value":"//span[contains(@id ,\"detailHeaderTitle-_actionsToolbar-overflowButton-img\")]"}
RESULT: {"using":"xpath","value":"//span[contains(@id ,\"detailHeaderTitle-_actionsToolbar-overflowButton-img\")]"}
COMMAND: POST /session/004e8781a420927acb4284c1134f8905/elements - {"using":"xpath","value":"//span[contains(@id ,\"detailHeaderTitle-_actionsToolbar-overflowButton-img\")]"}
RESULT: {"using":"xpath","value":"//span[contains(@id ,\"detailHeaderTitle-_actionsToolbar-overflowButton-img\")]"}
COMMAND: POST /session/004e8781a420927acb4284c1134f8905/elements - {"using":"xpath","value":"//span[contains(@id ,\"detailHeaderTitle-_actionsToolbar-overflowButton-img\")]"}
RESULT: {"using":"xpath","value":"//span[contains(@id ,\"detailHeaderTitle-_actionsToolbar-overflowButton-img\")]"}
COMMAND: POST /session/004e8781a420927acb4284c1134f8905/element - {"using":"xpath","value":"//span[contains(@id ,\"detailHeaderTitle-_actionsToolbar-overflowButton-img\")]"}
RESULT: {"using":"xpath","value":"//span[contains(@id ,\"detailHeaderTitle-_actionsToolbar-overflowButton-img\")]"}
COMMAND: POST /session/004e8781a420927acb4284c1134f8905/element/f.B6308163BD667941B2C0E4D2A3AC438F.d.E12FF3FFD64BD71BEFF39B0DAF3BF60D.e.11242/click - {}
COMMAND: POST /session/004e8781a420927acb4284c1134f8905/element - {"using":"xpath","value":"//span[contains(@id ,\"detailHeaderTitle-_actionsToolbar-overflowButton-img\")]"}
RESULT: {"using":"xpath","value":"//span[contains(@id ,\"detailHeaderTitle-_actionsToolbar-overflowButton-img\")]"}
COMMAND: POST /session/004e8781a420927acb4284c1134f8905/element/f.B6308163BD667941B2C0E4D2A3AC438F.d.E12FF3FFD64BD71BEFF39B0DAF3BF60D.e.11242/click - {}
COMMAND: POST /session/004e8781a420927acb4284c1134f8905/element - {"using":"xpath","value":"//span[contains(@id ,\"detailHeaderTitle-_actionsToolbar-overflowButton-img\")]"}
RESULT: {"using":"xpath","value":"//span[contains(@id ,\"detailHeaderTitle-_actionsToolbar-overflowButton-img\")]"}
COMMAND: POST /session/004e8781a420927acb4284c1134f8905/element/f.B6308163BD667941B2C0E4D2A3AC438F.d.E12FF3FFD64BD71BEFF39B0DAF3BF60D.e.11297/click - {}
RESULT: {}
COMMAND: GET /session/004e8781a420927acb4284c1134f8905/screenshot - {}
RESULT: {}
COMMAND: POST /session/004e8781a420927acb4284c1134f8905/element - {"using":"xpath","value":"//span[contains(@id ,\"actionsMenuButton-internalSplitBtn-arrowButton-img\")]"}
RESULT: {"using":"xpath","value":"//span[contains(@id ,\"actionsMenuButton-internalSplitBtn-arrowButton-img\")]"}
COMMAND: POST /session/004e8781a420927acb4284c1134f8905/element/f.B6308163BD667941B2C0E4D2A3AC438F.d.E12FF3FFD64BD71BEFF39B0DAF3BF60D.e.11302/click - {}
RESULT: {}
COMMAND: GET /session/004e8781a420927acb4284c1134f8905/screenshot - {}
RESULT: {}
COMMAND: POST /session/004e8781a420927acb4284c1134f8905/actions - {"actions":[{"id":"action85","type":"key","parameters":{},"actions":[{"type":"keyDown","value":"î€•"},{"type":"pause","duration":10},{"type":"keyUp","value":"î€•"}]}]}
RESULT: {"actions":[{"id":"action85","type":"key","parameters":{},"actions":[{"type":"keyDown","value":"î€•"},{"type":"pause","duration":10},{"type":"keyUp","value":"î€•"}]}]}
COMMAND: GET /session/004e8781a420927acb4284c1134f8905/screenshot - {}
RESULT: {}
COMMAND: POST /session/004e8781a420927acb4284c1134f8905/actions - {"actions":[{"id":"action86","type":"key","parameters":{},"actions":[{"type":"keyDown","value":"î€‡"},{"type":"pause","duration":10},{"type":"keyUp","value":"î€‡"}]}]}
RESULT: {"actions":[{"id":"action86","type":"key","parameters":{},"actions":[{"type":"keyDown","value":"î€‡"},{"type":"pause","duration":10},{"type":"keyUp","value":"î€‡"}]}]}
COMMAND: GET /session/004e8781a420927acb4284c1134f8905/screenshot - {}
RESULT: {}
COMMAND: POST /session/004e8781a420927acb4284c1134f8905/actions - {"actions":[{"id":"action87","type":"key","parameters":{},"actions":[{"type":"keyDown","value":"î€‡"},{"type":"pause","duration":10},{"type":"keyUp","value":"î€‡"}]}]}
RESULT: {"actions":[{"id":"action87","type":"key","parameters":{},"actions":[{"type":"keyDown","value":"î€‡"},{"type":"pause","duration":10},{"type":"keyUp","value":"î€‡"}]}]}
COMMAND: GET /session/004e8781a420927acb4284c1134f8905/screenshot - {}
RESULT: {}
COMMAND: POST /session/004e8781a420927acb4284c1134f8905/actions - {"actions":[{"id":"action88","type":"key","parameters":{},"actions":[{"type":"keyDown","value":"î€‡"},{"type":"pause","duration":10},{"type":"keyUp","value":"î€‡"}]}]}
RESULT: {"actions":[{"id":"action88","type":"key","parameters":{},"actions":[{"type":"keyDown","value":"î€‡"},{"type":"pause","duration":10},{"type":"keyUp","value":"î€‡"}]}]}
COMMAND: GET /session/004e8781a420927acb4284c1134f8905/screenshot - {}
RESULT: {}
COMMAND: POST /session/004e8781a420927acb4284c1134f8905/actions - {"actions":[{"id":"action89","type":"key","parameters":{},"actions":[{"type":"keyDown","value":"î€‡"},{"type":"pause","duration":10},{"type":"keyUp","value":"î€‡"}]}]}
RESULT: {"actions":[{"id":"action89","type":"key","parameters":{},"actions":[{"type":"keyDown","value":"î€‡"},{"type":"pause","duration":10},{"type":"keyUp","value":"î€‡"}]}]}
COMMAND: GET /session/004e8781a420927acb4284c1134f8905/screenshot - {}
RESULT: {}
COMMAND: GET /session/004e8781a420927acb4284c1134f8905/window/handles - {}
RESULT: {}
COMMAND: GET /session/004e8781a420927acb4284c1134f8905/window/handles - {}
RESULT: {}
COMMAND: POST /session/004e8781a420927acb4284c1134f8905/window - {"handle":"9A46693A5A41ECDFC90C8A5581980D96"}
RESULT: {"handle":"9A46693A5A41ECDFC90C8A5581980D96"}
COMMAND: GET /session/004e8781a420927acb4284c1134f8905/url - {}
RESULT: {}
COMMAND: GET /session/004e8781a420927acb4284c1134f8905/screenshot - {}
RESULT: {}
COMMAND: POST /session/004e8781a420927acb4284c1134f8905/element - {"using":"xpath","value":"//span[contains(text(), \"Header Billing Items\")]"}
RESULT: {"using":"xpath","value":"//span[contains(text(), \"Header Billing Items\")]"}
COMMAND: POST /session/004e8781a420927acb4284c1134f8905/element/f.9A46693A5A41ECDFC90C8A5581980D96.d.DDAA30DEC0332B8AB444F4B88B937E49.e.11502/click - {}
RESULT: {}
COMMAND: GET /session/004e8781a420927acb4284c1134f8905/screenshot - {}
RESULT: {}
COMMAND: POST /session/004e8781a420927acb4284c1134f8905/element - {"using":"xpath","value":"//span[contains(@id ,\"contractItemsSmartTable-header-inner\")]"}
RESULT: {"using":"xpath","value":"//span[contains(@id ,\"contractItemsSmartTable-header-inner\")]"}
COMMAND: GET /session/004e8781a420927acb4284c1134f8905/element/f.9A46693A5A41ECDFC90C8A5581980D96.d.DDAA30DEC0332B8AB444F4B88B937E49.e.11508/text - {}
RESULT: {}
COMMAND: POST /session/004e8781a420927acb4284c1134f8905/element - {"using":"xpath","value":"//span[@class=\"sapMObjStatusText\"][contains(text(), \"proposed\")]"}
RESULT: {"using":"xpath","value":"//span[@class=\"sapMObjStatusText\"][contains(text(), \"proposed\")]"}
COMMAND: GET /session/004e8781a420927acb4284c1134f8905/element/f.9A46693A5A41ECDFC90C8A5581980D96.d.DDAA30DEC0332B8AB444F4B88B937E49.e.11509/text - {}
RESULT: {}
COMMAND: DELETE /session/004e8781a420927acb4284c1134f8905/window - {}
RESULT: {}
COMMAND: POST /session/004e8781a420927acb4284c1134f8905/window - {"handle":"B6308163BD667941B2C0E4D2A3AC438F"}
RESULT: {"handle":"B6308163BD667941B2C0E4D2A3AC438F"}
COMMAND: GET /session/004e8781a420927acb4284c1134f8905/url - {}
RESULT: {}
COMMAND: GET /session/004e8781a420927acb4284c1134f8905/screenshot - {}
RESULT: {}
]]></system-out>
    </testcase>
    <testcase classname="chrome.136_0_7103_49.windows.Process_request_items_into_new_quotation_US120163" name="Should navigate back to the request and check the request and item statuses" time="46.483">
      <system-out><![CDATA[
COMMAND: POST /session/004e8781a420927acb4284c1134f8905/refresh - {}
RESULT: {}
COMMAND: GET /session/004e8781a420927acb4284c1134f8905/screenshot - {}
RESULT: {}
COMMAND: POST /session/004e8781a420927acb4284c1134f8905/execute/async - {"script":"<script> [189 bytes]","args":[]}
RESULT: {"script":"<script> [189 bytes]","args":[]}
COMMAND: POST /session/004e8781a420927acb4284c1134f8905/execute/async - {"script":"<script> [123 bytes]","args":[]}
RESULT: {"script":"<script> [123 bytes]","args":[]}
COMMAND: POST /session/004e8781a420927acb4284c1134f8905/timeouts - {"script":"<number>"}
RESULT: {"script":"<number>"}
COMMAND: GET /session/004e8781a420927acb4284c1134f8905/timeouts - {}
RESULT: {}
RESULT: undefined
COMMAND: POST /session/004e8781a420927acb4284c1134f8905/execute/async - {"script":"<script> [2676 bytes]","args":[]}
RESULT: {"script":"<script> [2676 bytes]","args":[]}
COMMAND: POST /session/004e8781a420927acb4284c1134f8905/execute/async - {"script":"<script> [2342 bytes]","args":[{"protocol":"http","hostname":"0.0.0.0","path":"/","capabilities":{"browserName":"chrome","goog:chromeOptions":{"binary":"C:\\Program Files\\Google\\Chrome\\Application\\chrome.exe","args":["--start-maximized"]}},"logLevel":"warn","connectionRetryTimeout":120000,"connectionRetryCount":3,"logLevels":{},"enableDirectConnect":true,"strictSSL":true,"_":"65 more keys: [\"cacheDir\",\"port\",\"requestedCapabilities\",\"automationProtocol\",\"baseUrl\",\"waitforInterval\",\"waitforTimeout\",\"onReload\",\"beforeCommand\",\"afterCommand\",\"rootDir\",\"specs\",\"suites\",\"exclude\",\"groupLogsByTestSpec\",\"excludeDriverLogs\",\"bail\",\"framework\",\"reporters\",\"services\",\"maxInstances\",\"maxInstancesPerCapability\",\"injectGlobals\",\"filesToWatch\",\"execArgv\",\"runnerEnv\",\"runner\",\"shard\",\"specFileRetries\",\"specFileRetriesDelay\",\"specFileRetriesDeferred\",\"reporterSyncInterval\",\"reporterSyncTimeout\",\"cucumberFeaturesWithLineNumbers\",\"autoCompileOpts\",\"mochaOpts\",\"jasmineOpts\",\"cucumberOpts\",\"onPrepare\",\"onWorkerStart\",\"onWorkerEnd\",\"before\",\"beforeSession\",\"beforeSuite\",\"beforeHook\",\"beforeTest\",\"afterTest\",\"afterHook\",\"afterSuite\",\"afterSession\",\"after\",\"onComplete\",\"beforeAssertion\",\"afterAssertion\",\"beforeFeature\",\"beforeScenario\",\"beforeStep\",\"afterStep\",\"afterScenario\",\"afterFeature\",\"_\",\"suite\",\"$0\",\"ignoredWorkerServices\",\"wdi5\"]"}]}
RESULT: {"script":"<script> [2342 bytes]","args":[{"protocol":"http","hostname":"0.0.0.0","path":"/","capabilities":{"browserName":"chrome","goog:chromeOptions":{"binary":"C:\\Program Files\\Google\\Chrome\\Application\\chrome.exe","args":["--start-maximized"]}},"logLevel":"warn","connectionRetryTimeout":120000,"connectionRetryCount":3,"logLevels":{},"enableDirectConnect":true,"strictSSL":true,"_":"65 more keys: [\"cacheDir\",\"port\",\"requestedCapabilities\",\"automationProtocol\",\"baseUrl\",\"waitforInterval\",\"waitforTimeout\",\"onReload\",\"beforeCommand\",\"afterCommand\",\"rootDir\",\"specs\",\"suites\",\"exclude\",\"groupLogsByTestSpec\",\"excludeDriverLogs\",\"bail\",\"framework\",\"reporters\",\"services\",\"maxInstances\",\"maxInstancesPerCapability\",\"injectGlobals\",\"filesToWatch\",\"execArgv\",\"runnerEnv\",\"runner\",\"shard\",\"specFileRetries\",\"specFileRetriesDelay\",\"specFileRetriesDeferred\",\"reporterSyncInterval\",\"reporterSyncTimeout\",\"cucumberFeaturesWithLineNumbers\",\"autoCompileOpts\",\"mochaOpts\",\"jasmineOpts\",\"cucumberOpts\",\"onPrepare\",\"onWorkerStart\",\"onWorkerEnd\",\"before\",\"beforeSession\",\"beforeSuite\",\"beforeHook\",\"beforeTest\",\"afterTest\",\"afterHook\",\"afterSuite\",\"afterSession\",\"after\",\"onComplete\",\"beforeAssertion\",\"afterAssertion\",\"beforeFeature\",\"beforeScenario\",\"beforeStep\",\"afterStep\",\"afterScenario\",\"afterFeature\",\"_\",\"suite\",\"$0\",\"ignoredWorkerServices\",\"wdi5\"]"}]}
COMMAND: POST /session/004e8781a420927acb4284c1134f8905/execute/async - {"script":"<script> [21126 bytes]","args":[35000]}
RESULT: {"script":"<script> [21126 bytes]","args":[35000]}
COMMAND: POST /session/004e8781a420927acb4284c1134f8905/execute/async - {"script":"<script> [1562 bytes]","args":[{"selector":{"controlType":"sap.m.Text","viewName":"etm.portal.ui.managerequests.view.Detail","bindingPath":{"path":"/SmartRequestItemsPlanningBoard(ITEM=10m,REQUEST='20395')","propertyPath":"STATUS_DESC"}},"wdio_ui5_key":"etmportal.ui.managerequests.view.Detailsap.m.Text{\"path\":\"/SmartRequestItemsPlanningBoard(ITEM=10m,REQUEST='20395')\",\"propertyPath\":\"STATUS_DESC\"}"}]}
RESULT: {"script":"<script> [1562 bytes]","args":[{"selector":{"controlType":"sap.m.Text","viewName":"etm.portal.ui.managerequests.view.Detail","bindingPath":{"path":"/SmartRequestItemsPlanningBoard(ITEM=10m,REQUEST='20395')","propertyPath":"STATUS_DESC"}},"wdio_ui5_key":"etmportal.ui.managerequests.view.Detailsap.m.Text{\"path\":\"/SmartRequestItemsPlanningBoard(ITEM=10m,REQUEST='20395')\",\"propertyPath\":\"STATUS_DESC\"}"}]}
RESULT: undefined
COMMAND: POST /session/004e8781a420927acb4284c1134f8905/execute/async - {"script":"<script> [6424 bytes]","args":[{"element-6066-11e4-a52e-4f735466cecf":"f.B6308163BD667941B2C0E4D2A3AC438F.d.9E7B096FE350FCA6350506B3A299AC44.e.11722"},"getText",[]]}
RESULT: {"script":"<script> [6424 bytes]","args":[{"element-6066-11e4-a52e-4f735466cecf":"f.B6308163BD667941B2C0E4D2A3AC438F.d.9E7B096FE350FCA6350506B3A299AC44.e.11722"},"getText",[]]}
COMMAND: POST /session/004e8781a420927acb4284c1134f8905/execute/async - {"script":"<script> [1562 bytes]","args":[{"selector":{"controlType":"sap.m.ObjectStatus","viewName":"etm.portal.ui.managerequests.view.Detail","bindingPath":{"path":"/RequestHeaders('20395')","propertyPath":"LINK_TO_STATUS/DESCRIPTION","modelName":"catalogModel"}},"wdio_ui5_key":"etmportal.ui.managerequests.view.Detailsap.m.ObjectStatus{\"path\":\"/RequestHeaders('20395')\",\"propertyPath\":\"LINK_TO_STATUS/DESCRIPTION\",\"modelName\":\"catalogModel\"}"}]}
RESULT: {"script":"<script> [1562 bytes]","args":[{"selector":{"controlType":"sap.m.ObjectStatus","viewName":"etm.portal.ui.managerequests.view.Detail","bindingPath":{"path":"/RequestHeaders('20395')","propertyPath":"LINK_TO_STATUS/DESCRIPTION","modelName":"catalogModel"}},"wdio_ui5_key":"etmportal.ui.managerequests.view.Detailsap.m.ObjectStatus{\"path\":\"/RequestHeaders('20395')\",\"propertyPath\":\"LINK_TO_STATUS/DESCRIPTION\",\"modelName\":\"catalogModel\"}"}]}
RESULT: undefined
COMMAND: POST /session/004e8781a420927acb4284c1134f8905/execute/async - {"script":"<script> [6424 bytes]","args":[{"element-6066-11e4-a52e-4f735466cecf":"f.B6308163BD667941B2C0E4D2A3AC438F.d.9E7B096FE350FCA6350506B3A299AC44.e.11723"},"getText",[]]}
RESULT: {"script":"<script> [6424 bytes]","args":[{"element-6066-11e4-a52e-4f735466cecf":"f.B6308163BD667941B2C0E4D2A3AC438F.d.9E7B096FE350FCA6350506B3A299AC44.e.11723"},"getText",[]]}
COMMAND: POST /session/004e8781a420927acb4284c1134f8905/element - {"using":"css selector","value":"#shell-header-logo"}
RESULT: {"using":"css selector","value":"#shell-header-logo"}
COMMAND: POST /session/004e8781a420927acb4284c1134f8905/element/f.B6308163BD667941B2C0E4D2A3AC438F.d.9E7B096FE350FCA6350506B3A299AC44.e.11517/click - {}
RESULT: {}
COMMAND: GET /session/004e8781a420927acb4284c1134f8905/screenshot - {}
]]></system-out>
    </testcase>
  </testsuite>
  <testsuite timestamp="2025-05-07T16:19:58" time="489.924" tests="4" failures="0" errors="0" skipped="0">
    <properties>
      <property name="specId" value="0" />
      <property name="suiteName" value="Process request items into an existing quotation US120163" />
      <property name="capabilities" value="chrome.136_0_7103_49.windows" />
      <property name="file" value="file:///D:/a/1/s/test/specs/R2C/process-request-items-into-existing-quotation.spec.js" />
    </properties>
    <testcase classname="chrome.136_0_7103_49.windows.Process_request_items_into_an_existing_quotation_US120163" name="Should create a new quotation" time="93.86">
      <system-out><![CDATA[
COMMAND: POST /session/004e8781a420927acb4284c1134f8905/execute/async - {"script":"<script> [1562 bytes]","args":[{"selector":{"controlType":"sap.m.GenericTile","properties":{"header":"Manage Quotations"}},"wdio_ui5_key":"sapm.GenericTile{\"header\":\"Manage Quotations\"}"}]}
RESULT: {}
RESULT: {"script":"<script> [1562 bytes]","args":[{"selector":{"controlType":"sap.m.GenericTile","properties":{"header":"Manage Quotations"}},"wdio_ui5_key":"sapm.GenericTile{\"header\":\"Manage Quotations\"}"}]}
RESULT: undefined
COMMAND: POST /session/004e8781a420927acb4284c1134f8905/element - {"using":"xpath","value":"//*[@id=\"__tile131\"]"}
RESULT: {"using":"xpath","value":"//*[@id=\"__tile131\"]"}
COMMAND: POST /session/004e8781a420927acb4284c1134f8905/element/f.B6308163BD667941B2C0E4D2A3AC438F.d.9E7B096FE350FCA6350506B3A299AC44.e.11744/click - {}
RESULT: {}
COMMAND: GET /session/004e8781a420927acb4284c1134f8905/screenshot - {}
RESULT: {}
COMMAND: POST /session/004e8781a420927acb4284c1134f8905/element - {"using":"xpath","value":"//button[contains(@title ,\"Add new contract\")]"}
RESULT: {"using":"xpath","value":"//button[contains(@title ,\"Add new contract\")]"}
COMMAND: POST /session/004e8781a420927acb4284c1134f8905/element/f.B6308163BD667941B2C0E4D2A3AC438F.d.9E7B096FE350FCA6350506B3A299AC44.e.11774/click - {}
RESULT: {}
COMMAND: GET /session/004e8781a420927acb4284c1134f8905/screenshot - {}
COMMAND: POST /session/004e8781a420927acb4284c1134f8905/element - {"using":"xpath","value":"//input[contains(@id ,\"application-managequotations-display-component---AddNewContract--projectDescription-inner\")]"}
RESULT: {}
RESULT: {"using":"xpath","value":"//input[contains(@id ,\"application-managequotations-display-component---AddNewContract--projectDescription-inner\")]"}
COMMAND: POST /session/004e8781a420927acb4284c1134f8905/element/f.B6308163BD667941B2C0E4D2A3AC438F.d.9E7B096FE350FCA6350506B3A299AC44.e.12034/value - {"text":"WdIOQuotationq3krn"}
RESULT: {"text":"WdIOQuotationq3krn"}
COMMAND: GET /session/004e8781a420927acb4284c1134f8905/screenshot - {}
RESULT: {}
COMMAND: POST /session/004e8781a420927acb4284c1134f8905/element - {"using":"xpath","value":"//input[contains(@id ,\"application-managequotations-display-component---AddNewContract--yardId-inner\")]"}
RESULT: {"using":"xpath","value":"//input[contains(@id ,\"application-managequotations-display-component---AddNewContract--yardId-inner\")]"}
COMMAND: POST /session/004e8781a420927acb4284c1134f8905/element/f.B6308163BD667941B2C0E4D2A3AC438F.d.9E7B096FE350FCA6350506B3A299AC44.e.12037/value - {"text":"WebdriverYardnhqhyk"}
RESULT: {"text":"WebdriverYardnhqhyk"}
COMMAND: GET /session/004e8781a420927acb4284c1134f8905/screenshot - {}
RESULT: {}
COMMAND: POST /session/004e8781a420927acb4284c1134f8905/actions - {"actions":[{"id":"action90","type":"key","parameters":{},"actions":[{"type":"keyDown","value":"î€‡"},{"type":"pause","duration":10},{"type":"keyUp","value":"î€‡"}]}]}
RESULT: {"actions":[{"id":"action90","type":"key","parameters":{},"actions":[{"type":"keyDown","value":"î€‡"},{"type":"pause","duration":10},{"type":"keyUp","value":"î€‡"}]}]}
COMMAND: GET /session/004e8781a420927acb4284c1134f8905/screenshot - {}
RESULT: {}
COMMAND: POST /session/004e8781a420927acb4284c1134f8905/element - {"using":"xpath","value":"//input[contains(@id ,\"application-managequotations-display-component---AddNewContract--customerSelect-inner\")]"}
RESULT: {"using":"xpath","value":"//input[contains(@id ,\"application-managequotations-display-component---AddNewContract--customerSelect-inner\")]"}
COMMAND: POST /session/004e8781a420927acb4284c1134f8905/element/f.B6308163BD667941B2C0E4D2A3AC438F.d.9E7B096FE350FCA6350506B3A299AC44.e.12035/value - {"text":"WebdriverPartnere8pc8"}
RESULT: {"text":"WebdriverPartnere8pc8"}
COMMAND: GET /session/004e8781a420927acb4284c1134f8905/screenshot - {}
RESULT: {}
COMMAND: POST /session/004e8781a420927acb4284c1134f8905/actions - {"actions":[{"id":"action91","type":"key","parameters":{},"actions":[{"type":"keyDown","value":"î€‡"},{"type":"pause","duration":10},{"type":"keyUp","value":"î€‡"}]}]}
RESULT: {"actions":[{"id":"action91","type":"key","parameters":{},"actions":[{"type":"keyDown","value":"î€‡"},{"type":"pause","duration":10},{"type":"keyUp","value":"î€‡"}]}]}
COMMAND: GET /session/004e8781a420927acb4284c1134f8905/screenshot - {}
RESULT: {}
COMMAND: POST /session/004e8781a420927acb4284c1134f8905/element - {"using":"xpath","value":"//input[contains(@id ,\"application-managequotations-display-component---AddNewContract--site-inner\")]"}
RESULT: {"using":"xpath","value":"//input[contains(@id ,\"application-managequotations-display-component---AddNewContract--site-inner\")]"}
COMMAND: POST /session/004e8781a420927acb4284c1134f8905/element/f.B6308163BD667941B2C0E4D2A3AC438F.d.9E7B096FE350FCA6350506B3A299AC44.e.12036/value - {"text":"WebdriverSite2h8xt"}
RESULT: {"text":"WebdriverSite2h8xt"}
COMMAND: GET /session/004e8781a420927acb4284c1134f8905/screenshot - {}
RESULT: {}
COMMAND: POST /session/004e8781a420927acb4284c1134f8905/actions - {"actions":[{"id":"action92","type":"key","parameters":{},"actions":[{"type":"keyDown","value":"î€‡"},{"type":"pause","duration":10},{"type":"keyUp","value":"î€‡"}]}]}
RESULT: {"actions":[{"id":"action92","type":"key","parameters":{},"actions":[{"type":"keyDown","value":"î€‡"},{"type":"pause","duration":10},{"type":"keyUp","value":"î€‡"}]}]}
COMMAND: GET /session/004e8781a420927acb4284c1134f8905/screenshot - {}
RESULT: {}
COMMAND: POST /session/004e8781a420927acb4284c1134f8905/element - {"using":"xpath","value":"//bdi[contains(text(), \"Save\")]"}
RESULT: {"using":"xpath","value":"//bdi[contains(text(), \"Save\")]"}
COMMAND: POST /session/004e8781a420927acb4284c1134f8905/element/f.B6308163BD667941B2C0E4D2A3AC438F.d.9E7B096FE350FCA6350506B3A299AC44.e.12062/click - {}
RESULT: {}
COMMAND: GET /session/004e8781a420927acb4284c1134f8905/screenshot - {}
RESULT: {}
COMMAND: POST /session/004e8781a420927acb4284c1134f8905/element - {"using":"css selector","value":"#shell-header-logo"}
RESULT: {"using":"css selector","value":"#shell-header-logo"}
COMMAND: POST /session/004e8781a420927acb4284c1134f8905/element/f.B6308163BD667941B2C0E4D2A3AC438F.d.9E7B096FE350FCA6350506B3A299AC44.e.11746/click - {}
RESULT: {}
COMMAND: GET /session/004e8781a420927acb4284c1134f8905/screenshot - {}
RESULT: {}
COMMAND: POST /session/004e8781a420927acb4284c1134f8905/refresh - {}
RESULT: {}
COMMAND: GET /session/004e8781a420927acb4284c1134f8905/screenshot - {}
RESULT: {}
COMMAND: POST /session/004e8781a420927acb4284c1134f8905/execute/async - {"script":"<script> [189 bytes]","args":[]}
RESULT: {"script":"<script> [189 bytes]","args":[]}
COMMAND: POST /session/004e8781a420927acb4284c1134f8905/execute/async - {"script":"<script> [123 bytes]","args":[]}
RESULT: {"script":"<script> [123 bytes]","args":[]}
COMMAND: POST /session/004e8781a420927acb4284c1134f8905/timeouts - {"script":"<number>"}
RESULT: {"script":"<number>"}
COMMAND: GET /session/004e8781a420927acb4284c1134f8905/timeouts - {}
RESULT: {}
RESULT: undefined
COMMAND: POST /session/004e8781a420927acb4284c1134f8905/execute/async - {"script":"<script> [2676 bytes]","args":[]}
RESULT: {"script":"<script> [2676 bytes]","args":[]}
COMMAND: POST /session/004e8781a420927acb4284c1134f8905/execute/async - {"script":"<script> [2342 bytes]","args":[{"protocol":"http","hostname":"0.0.0.0","path":"/","capabilities":{"browserName":"chrome","goog:chromeOptions":{"binary":"C:\\Program Files\\Google\\Chrome\\Application\\chrome.exe","args":["--start-maximized"]}},"logLevel":"warn","connectionRetryTimeout":120000,"connectionRetryCount":3,"logLevels":{},"enableDirectConnect":true,"strictSSL":true,"_":"65 more keys: [\"cacheDir\",\"port\",\"requestedCapabilities\",\"automationProtocol\",\"baseUrl\",\"waitforInterval\",\"waitforTimeout\",\"onReload\",\"beforeCommand\",\"afterCommand\",\"rootDir\",\"specs\",\"suites\",\"exclude\",\"groupLogsByTestSpec\",\"excludeDriverLogs\",\"bail\",\"framework\",\"reporters\",\"services\",\"maxInstances\",\"maxInstancesPerCapability\",\"injectGlobals\",\"filesToWatch\",\"execArgv\",\"runnerEnv\",\"runner\",\"shard\",\"specFileRetries\",\"specFileRetriesDelay\",\"specFileRetriesDeferred\",\"reporterSyncInterval\",\"reporterSyncTimeout\",\"cucumberFeaturesWithLineNumbers\",\"autoCompileOpts\",\"mochaOpts\",\"jasmineOpts\",\"cucumberOpts\",\"onPrepare\",\"onWorkerStart\",\"onWorkerEnd\",\"before\",\"beforeSession\",\"beforeSuite\",\"beforeHook\",\"beforeTest\",\"afterTest\",\"afterHook\",\"afterSuite\",\"afterSession\",\"after\",\"onComplete\",\"beforeAssertion\",\"afterAssertion\",\"beforeFeature\",\"beforeScenario\",\"beforeStep\",\"afterStep\",\"afterScenario\",\"afterFeature\",\"_\",\"suite\",\"$0\",\"ignoredWorkerServices\",\"wdi5\"]"}]}
RESULT: {"script":"<script> [2342 bytes]","args":[{"protocol":"http","hostname":"0.0.0.0","path":"/","capabilities":{"browserName":"chrome","goog:chromeOptions":{"binary":"C:\\Program Files\\Google\\Chrome\\Application\\chrome.exe","args":["--start-maximized"]}},"logLevel":"warn","connectionRetryTimeout":120000,"connectionRetryCount":3,"logLevels":{},"enableDirectConnect":true,"strictSSL":true,"_":"65 more keys: [\"cacheDir\",\"port\",\"requestedCapabilities\",\"automationProtocol\",\"baseUrl\",\"waitforInterval\",\"waitforTimeout\",\"onReload\",\"beforeCommand\",\"afterCommand\",\"rootDir\",\"specs\",\"suites\",\"exclude\",\"groupLogsByTestSpec\",\"excludeDriverLogs\",\"bail\",\"framework\",\"reporters\",\"services\",\"maxInstances\",\"maxInstancesPerCapability\",\"injectGlobals\",\"filesToWatch\",\"execArgv\",\"runnerEnv\",\"runner\",\"shard\",\"specFileRetries\",\"specFileRetriesDelay\",\"specFileRetriesDeferred\",\"reporterSyncInterval\",\"reporterSyncTimeout\",\"cucumberFeaturesWithLineNumbers\",\"autoCompileOpts\",\"mochaOpts\",\"jasmineOpts\",\"cucumberOpts\",\"onPrepare\",\"onWorkerStart\",\"onWorkerEnd\",\"before\",\"beforeSession\",\"beforeSuite\",\"beforeHook\",\"beforeTest\",\"afterTest\",\"afterHook\",\"afterSuite\",\"afterSession\",\"after\",\"onComplete\",\"beforeAssertion\",\"afterAssertion\",\"beforeFeature\",\"beforeScenario\",\"beforeStep\",\"afterStep\",\"afterScenario\",\"afterFeature\",\"_\",\"suite\",\"$0\",\"ignoredWorkerServices\",\"wdi5\"]"}]}
COMMAND: POST /session/004e8781a420927acb4284c1134f8905/execute/async - {"script":"<script> [21126 bytes]","args":[35000]}
RESULT: {"script":"<script> [21126 bytes]","args":[35000]}
]]></system-out>
    </testcase>
    <testcase classname="chrome.136_0_7103_49.windows.Process_request_items_into_an_existing_quotation_US120163" name="Should create a new request with catalog items and plan it" time="257.977">
      <system-out><![CDATA[
COMMAND: POST /session/004e8781a420927acb4284c1134f8905/element - {"using":"xpath","value":"//*[contains(@href, 'etm.portal.ui.managerequests')]"}
RESULT: {"using":"xpath","value":"//*[contains(@href, 'etm.portal.ui.managerequests')]"}
COMMAND: POST /session/004e8781a420927acb4284c1134f8905/element/f.B6308163BD667941B2C0E4D2A3AC438F.d.FAB74E4EDCEA17E77C98CF72A6A4E8EB.e.12092/click - {}
RESULT: {}
COMMAND: GET /session/004e8781a420927acb4284c1134f8905/screenshot - {}
RESULT: {}
COMMAND: POST /session/004e8781a420927acb4284c1134f8905/element - {"using":"xpath","value":"(//span[contains(@class ,\"sapMObjStatusText\")])[1]"}
RESULT: {"using":"xpath","value":"(//span[contains(@class ,\"sapMObjStatusText\")])[1]"}
COMMAND: POST /session/004e8781a420927acb4284c1134f8905/execute/sync - {"script":"<script> [8489 bytes]","args":[{"element-6066-11e4-a52e-4f735466cecf":"f.B6308163BD667941B2C0E4D2A3AC438F.d.FAB74E4EDCEA17E77C98CF72A6A4E8EB.e.12190","ELEMENT":"f.B6308163BD667941B2C0E4D2A3AC438F.d.FAB74E4EDCEA17E77C98CF72A6A4E8EB.e.12190"}]}
RESULT: {"script":"<script> [8489 bytes]","args":[{"element-6066-11e4-a52e-4f735466cecf":"f.B6308163BD667941B2C0E4D2A3AC438F.d.FAB74E4EDCEA17E77C98CF72A6A4E8EB.e.12190","ELEMENT":"f.B6308163BD667941B2C0E4D2A3AC438F.d.FAB74E4EDCEA17E77C98CF72A6A4E8EB.e.12190"}]}
COMMAND: POST /session/004e8781a420927acb4284c1134f8905/element - {"using":"xpath","value":"//button[contains(@data-kt ,\"btnCreateNewOverflowToolbarButton\")]"}
COMMAND: GET /session/004e8781a420927acb4284c1134f8905/screenshot - {}
RESULT: {"using":"xpath","value":"//button[contains(@data-kt ,\"btnCreateNewOverflowToolbarButton\")]"}
COMMAND: POST /session/004e8781a420927acb4284c1134f8905/element/f.B6308163BD667941B2C0E4D2A3AC438F.d.FAB74E4EDCEA17E77C98CF72A6A4E8EB.e.12149/click - {}
RESULT: {}
RESULT: {}
COMMAND: GET /session/004e8781a420927acb4284c1134f8905/screenshot - {}
RESULT: {}
COMMAND: POST /session/004e8781a420927acb4284c1134f8905/element - {"using":"xpath","value":"//input[contains(@id ,\"yardId-inner\")]"}
RESULT: {"using":"xpath","value":"//input[contains(@id ,\"yardId-inner\")]"}
COMMAND: POST /session/004e8781a420927acb4284c1134f8905/execute/sync - {"script":"<script> [8489 bytes]","args":[{"element-6066-11e4-a52e-4f735466cecf":"f.B6308163BD667941B2C0E4D2A3AC438F.d.FAB74E4EDCEA17E77C98CF72A6A4E8EB.e.12406","ELEMENT":"f.B6308163BD667941B2C0E4D2A3AC438F.d.FAB74E4EDCEA17E77C98CF72A6A4E8EB.e.12406"}]}
RESULT: {"script":"<script> [8489 bytes]","args":[{"element-6066-11e4-a52e-4f735466cecf":"f.B6308163BD667941B2C0E4D2A3AC438F.d.FAB74E4EDCEA17E77C98CF72A6A4E8EB.e.12406","ELEMENT":"f.B6308163BD667941B2C0E4D2A3AC438F.d.FAB74E4EDCEA17E77C98CF72A6A4E8EB.e.12406"}]}
COMMAND: POST /session/004e8781a420927acb4284c1134f8905/element - {"using":"xpath","value":"//input[contains(@id ,\"yardId-inner\")]"}
COMMAND: GET /session/004e8781a420927acb4284c1134f8905/screenshot - {}
RESULT: {"using":"xpath","value":"//input[contains(@id ,\"yardId-inner\")]"}
COMMAND: GET /session/004e8781a420927acb4284c1134f8905/element/f.B6308163BD667941B2C0E4D2A3AC438F.d.FAB74E4EDCEA17E77C98CF72A6A4E8EB.e.12406/enabled - {}
RESULT: {}
RESULT: {}
COMMAND: POST /session/004e8781a420927acb4284c1134f8905/element/f.B6308163BD667941B2C0E4D2A3AC438F.d.FAB74E4EDCEA17E77C98CF72A6A4E8EB.e.12406/clear - {}
COMMAND: GET /session/004e8781a420927acb4284c1134f8905/screenshot - {}
RESULT: {}
COMMAND: POST /session/004e8781a420927acb4284c1134f8905/element/f.B6308163BD667941B2C0E4D2A3AC438F.d.FAB74E4EDCEA17E77C98CF72A6A4E8EB.e.12406/value - {"text":"WebdriverYardnhqhyk"}
COMMAND: GET /session/004e8781a420927acb4284c1134f8905/screenshot - {}
RESULT: {}
RESULT: {"text":"WebdriverYardnhqhyk"}
COMMAND: GET /session/004e8781a420927acb4284c1134f8905/screenshot - {}
RESULT: {}
RESULT: {}
COMMAND: POST /session/004e8781a420927acb4284c1134f8905/actions - {"actions":[{"id":"action93","type":"key","parameters":{},"actions":[{"type":"keyDown","value":"î€‡"},{"type":"pause","duration":10},{"type":"keyUp","value":"î€‡"}]}]}
RESULT: {"actions":[{"id":"action93","type":"key","parameters":{},"actions":[{"type":"keyDown","value":"î€‡"},{"type":"pause","duration":10},{"type":"keyUp","value":"î€‡"}]}]}
COMMAND: GET /session/004e8781a420927acb4284c1134f8905/screenshot - {}
RESULT: {}
COMMAND: POST /session/004e8781a420927acb4284c1134f8905/element - {"using":"xpath","value":"//input[contains(@id ,\"customerNumber-inner\")]"}
RESULT: {"using":"xpath","value":"//input[contains(@id ,\"customerNumber-inner\")]"}
COMMAND: POST /session/004e8781a420927acb4284c1134f8905/element/f.B6308163BD667941B2C0E4D2A3AC438F.d.FAB74E4EDCEA17E77C98CF72A6A4E8EB.e.12400/value - {"text":"WebdriverPartnere8pc8"}
RESULT: {"text":"WebdriverPartnere8pc8"}
COMMAND: GET /session/004e8781a420927acb4284c1134f8905/screenshot - {}
RESULT: {}
COMMAND: POST /session/004e8781a420927acb4284c1134f8905/actions - {"actions":[{"id":"action94","type":"key","parameters":{},"actions":[{"type":"keyDown","value":"î€‡"},{"type":"pause","duration":10},{"type":"keyUp","value":"î€‡"}]}]}
RESULT: {"actions":[{"id":"action94","type":"key","parameters":{},"actions":[{"type":"keyDown","value":"î€‡"},{"type":"pause","duration":10},{"type":"keyUp","value":"î€‡"}]}]}
COMMAND: GET /session/004e8781a420927acb4284c1134f8905/screenshot - {}
RESULT: {}
COMMAND: GET /session/004e8781a420927acb4284c1134f8905/element/f.B6308163BD667941B2C0E4D2A3AC438F.d.FAB74E4EDCEA17E77C98CF72A6A4E8EB.e.12400/property/value - {}
RESULT: {}
COMMAND: POST /session/004e8781a420927acb4284c1134f8905/element/f.B6308163BD667941B2C0E4D2A3AC438F.d.FAB74E4EDCEA17E77C98CF72A6A4E8EB.e.12400/value - {"text":"WebdriverPartnere8pc8"}
COMMAND: GET /session/004e8781a420927acb4284c1134f8905/screenshot - {}
RESULT: {"text":"WebdriverPartnere8pc8"}
COMMAND: GET /session/004e8781a420927acb4284c1134f8905/screenshot - {}
RESULT: {}
RESULT: {}
COMMAND: POST /session/004e8781a420927acb4284c1134f8905/actions - {"actions":[{"id":"action95","type":"key","parameters":{},"actions":[{"type":"keyDown","value":"î€‡"},{"type":"pause","duration":10},{"type":"keyUp","value":"î€‡"}]}]}
RESULT: {"actions":[{"id":"action95","type":"key","parameters":{},"actions":[{"type":"keyDown","value":"î€‡"},{"type":"pause","duration":10},{"type":"keyUp","value":"î€‡"}]}]}
COMMAND: GET /session/004e8781a420927acb4284c1134f8905/screenshot - {}
RESULT: {}
COMMAND: POST /session/004e8781a420927acb4284c1134f8905/element - {"using":"xpath","value":"//input[contains(@id ,\"requestSiteId-inner\")]"}
RESULT: {"using":"xpath","value":"//input[contains(@id ,\"requestSiteId-inner\")]"}
COMMAND: POST /session/004e8781a420927acb4284c1134f8905/element/f.B6308163BD667941B2C0E4D2A3AC438F.d.FAB74E4EDCEA17E77C98CF72A6A4E8EB.e.12399/value - {"text":"WebdriverSite2h8xt"}
RESULT: {"text":"WebdriverSite2h8xt"}
COMMAND: GET /session/004e8781a420927acb4284c1134f8905/screenshot - {}
RESULT: {}
COMMAND: POST /session/004e8781a420927acb4284c1134f8905/actions - {"actions":[{"id":"action96","type":"key","parameters":{},"actions":[{"type":"keyDown","value":"î€‡"},{"type":"pause","duration":10},{"type":"keyUp","value":"î€‡"}]}]}
RESULT: {"actions":[{"id":"action96","type":"key","parameters":{},"actions":[{"type":"keyDown","value":"î€‡"},{"type":"pause","duration":10},{"type":"keyUp","value":"î€‡"}]}]}
COMMAND: GET /session/004e8781a420927acb4284c1134f8905/screenshot - {}
RESULT: {}
COMMAND: POST /session/004e8781a420927acb4284c1134f8905/element - {"using":"xpath","value":"//button[contains(@data-kt ,\"requestItemAddOverflowToolbarButton\")]"}
RESULT: {"using":"xpath","value":"//button[contains(@data-kt ,\"requestItemAddOverflowToolbarButton\")]"}
COMMAND: POST /session/004e8781a420927acb4284c1134f8905/element/f.B6308163BD667941B2C0E4D2A3AC438F.d.FAB74E4EDCEA17E77C98CF72A6A4E8EB.e.12378/click - {}
RESULT: {}
COMMAND: GET /session/004e8781a420927acb4284c1134f8905/screenshot - {}
RESULT: {}
COMMAND: POST /session/004e8781a420927acb4284c1134f8905/actions - {"actions":[{"id":"action97","type":"key","parameters":{},"actions":[{"type":"keyDown","value":"î€•"},{"type":"pause","duration":10},{"type":"keyUp","value":"î€•"}]}]}
RESULT: {"actions":[{"id":"action97","type":"key","parameters":{},"actions":[{"type":"keyDown","value":"î€•"},{"type":"pause","duration":10},{"type":"keyUp","value":"î€•"}]}]}
COMMAND: POST /session/004e8781a420927acb4284c1134f8905/actions - {"actions":[{"id":"action98","type":"key","parameters":{},"actions":[{"type":"keyDown","value":"î€‡"},{"type":"pause","duration":10},{"type":"keyUp","value":"î€‡"}]}]}
COMMAND: GET /session/004e8781a420927acb4284c1134f8905/screenshot - {}
RESULT: {"actions":[{"id":"action98","type":"key","parameters":{},"actions":[{"type":"keyDown","value":"î€‡"},{"type":"pause","duration":10},{"type":"keyUp","value":"î€‡"}]}]}
COMMAND: GET /session/004e8781a420927acb4284c1134f8905/screenshot - {}
RESULT: {}
RESULT: {}
COMMAND: POST /session/004e8781a420927acb4284c1134f8905/element - {"using":"xpath","value":"(//input[contains(@id ,\"requestItemsTable-0-inner\")])[1]"}
RESULT: {"using":"xpath","value":"(//input[contains(@id ,\"requestItemsTable-0-inner\")])[1]"}
COMMAND: POST /session/004e8781a420927acb4284c1134f8905/element/f.B6308163BD667941B2C0E4D2A3AC438F.d.FAB74E4EDCEA17E77C98CF72A6A4E8EB.e.12548/clear - {}
RESULT: {}
COMMAND: POST /session/004e8781a420927acb4284c1134f8905/element/f.B6308163BD667941B2C0E4D2A3AC438F.d.FAB74E4EDCEA17E77C98CF72A6A4E8EB.e.12548/value - {"text":"catalogItempranlf"}
COMMAND: GET /session/004e8781a420927acb4284c1134f8905/screenshot - {}
RESULT: {"text":"catalogItempranlf"}
COMMAND: GET /session/004e8781a420927acb4284c1134f8905/screenshot - {}
RESULT: {}
RESULT: {}
COMMAND: POST /session/004e8781a420927acb4284c1134f8905/actions - {"actions":[{"id":"action99","type":"key","parameters":{},"actions":[{"type":"keyDown","value":"î€‡"},{"type":"pause","duration":10},{"type":"keyUp","value":"î€‡"}]}]}
RESULT: {"actions":[{"id":"action99","type":"key","parameters":{},"actions":[{"type":"keyDown","value":"î€‡"},{"type":"pause","duration":10},{"type":"keyUp","value":"î€‡"}]}]}
COMMAND: GET /session/004e8781a420927acb4284c1134f8905/screenshot - {}
RESULT: {}
COMMAND: POST /session/004e8781a420927acb4284c1134f8905/execute/async - {"script":"<script> [1562 bytes]","args":[{"selector":{"controlType":"sap.ui.core.Icon","viewName":"etm.portal.ui.managerequests.view.NewRequest","properties":{"src":{"regex":{"source":"slim\\-arrow\\-down"}}},"ancestor":{"controlType":"sap.m.Button","viewName":"etm.portal.ui.managerequests.view.NewRequest","properties":{"icon":"sap-icon://slim-arrow-down"}}},"wdio_ui5_key":"etmportal.ui.managerequests.view.NewRequestsap.ui.core.Icon{\"src\":{\"regex\":{\"source\":\"slim\\\\-arrow\\\\-down\"}}}{\"controlType\":\"sap.m.Button\",\"viewName\":\"etm.portal.ui.managerequests.view.NewRequest\",\"properties\":{\"icon\":\"sap-icon://slim-arrow-down\"}}"}]}
RESULT: {"script":"<script> [1562 bytes]","args":[{"selector":{"controlType":"sap.ui.core.Icon","viewName":"etm.portal.ui.managerequests.view.NewRequest","properties":{"src":{"regex":{"source":"slim\\-arrow\\-down"}}},"ancestor":{"controlType":"sap.m.Button","viewName":"etm.portal.ui.managerequests.view.NewRequest","properties":{"icon":"sap-icon://slim-arrow-down"}}},"wdio_ui5_key":"etmportal.ui.managerequests.view.NewRequestsap.ui.core.Icon{\"src\":{\"regex\":{\"source\":\"slim\\\\-arrow\\\\-down\"}}}{\"controlType\":\"sap.m.Button\",\"viewName\":\"etm.portal.ui.managerequests.view.NewRequest\",\"properties\":{\"icon\":\"sap-icon://slim-arrow-down\"}}"}]}
RESULT: undefined
COMMAND: POST /session/004e8781a420927acb4284c1134f8905/element - {"using":"xpath","value":"//div[contains(@data-kt ,\"splitAllocationObjectStatus\")]"}
RESULT: {"using":"xpath","value":"//div[contains(@data-kt ,\"splitAllocationObjectStatus\")]"}
COMMAND: POST /session/004e8781a420927acb4284c1134f8905/elements - {"using":"xpath","value":"//div[contains(@data-kt ,\"splitAllocationObjectStatus\")]"}
RESULT: {"using":"xpath","value":"//div[contains(@data-kt ,\"splitAllocationObjectStatus\")]"}
COMMAND: POST /session/004e8781a420927acb4284c1134f8905/execute/async - {"script":"<script> [1562 bytes]","args":[{"selector":{"controlType":"sap.ui.core.Icon","viewName":"etm.portal.ui.managerequests.view.NewRequest","properties":{"src":{"regex":{"source":"message\\-error"}}}},"wdio_ui5_key":"etmportal.ui.managerequests.view.NewRequestsap.ui.core.Icon{\"src\":{\"regex\":{\"source\":\"message\\\\-error\"}}}"}]}
RESULT: {"script":"<script> [1562 bytes]","args":[{"selector":{"controlType":"sap.ui.core.Icon","viewName":"etm.portal.ui.managerequests.view.NewRequest","properties":{"src":{"regex":{"source":"message\\-error"}}}},"wdio_ui5_key":"etmportal.ui.managerequests.view.NewRequestsap.ui.core.Icon{\"src\":{\"regex\":{\"source\":\"message\\\\-error\"}}}"}]}
RESULT: undefined
COMMAND: POST /session/004e8781a420927acb4284c1134f8905/element - {"using":"xpath","value":"//*[@id=\"__status4-__xmlview59--requestItemsTable-0-icon\"]"}
RESULT: {"using":"xpath","value":"//*[@id=\"__status4-__xmlview59--requestItemsTable-0-icon\"]"}
COMMAND: POST /session/004e8781a420927acb4284c1134f8905/element/f.B6308163BD667941B2C0E4D2A3AC438F.d.FAB74E4EDCEA17E77C98CF72A6A4E8EB.e.12563/click - {}
RESULT: {}
COMMAND: POST /session/004e8781a420927acb4284c1134f8905/execute/async - {"script":"<script> [1562 bytes]","args":[{"selector":{"controlType":"sap.ui.core.Icon","viewName":"etm.portal.ui.managerequests.view.NewRequest","properties":{"src":{"regex":{"source":"slim\\-arrow\\-down"}}},"searchOpenDialogs":true,"ancestor":{"id":"costObjectAdminTypeComboBox","viewName":"etm.portal.ui.managerequests.view.NewRequest","searchOpenDialogs":true}},"wdio_ui5_key":"etmportal.ui.managerequests.view.NewRequestsap.ui.core.Icon{\"src\":{\"regex\":{\"source\":\"slim\\\\-arrow\\\\-down\"}}}{\"id\":\"costObjectAdminTypeComboBox\",\"viewName\":\"etm.portal.ui.managerequests.view.NewRequest\",\"searchOpenDialogs\":true}"}]}
COMMAND: GET /session/004e8781a420927acb4284c1134f8905/screenshot - {}
RESULT: {"script":"<script> [1562 bytes]","args":[{"selector":{"controlType":"sap.ui.core.Icon","viewName":"etm.portal.ui.managerequests.view.NewRequest","properties":{"src":{"regex":{"source":"slim\\-arrow\\-down"}}},"searchOpenDialogs":true,"ancestor":{"id":"costObjectAdminTypeComboBox","viewName":"etm.portal.ui.managerequests.view.NewRequest","searchOpenDialogs":true}},"wdio_ui5_key":"etmportal.ui.managerequests.view.NewRequestsap.ui.core.Icon{\"src\":{\"regex\":{\"source\":\"slim\\\\-arrow\\\\-down\"}}}{\"id\":\"costObjectAdminTypeComboBox\",\"viewName\":\"etm.portal.ui.managerequests.view.NewRequest\",\"searchOpenDialogs\":true}"}]}
RESULT: undefined
COMMAND: POST /session/004e8781a420927acb4284c1134f8905/element - {"using":"xpath","value":"//*[@id=\"__xmlview59--costObjectAdminTypeComboBox-arrow\"]"}
RESULT: {}
RESULT: {"using":"xpath","value":"//*[@id=\"__xmlview59--costObjectAdminTypeComboBox-arrow\"]"}
COMMAND: POST /session/004e8781a420927acb4284c1134f8905/element/f.B6308163BD667941B2C0E4D2A3AC438F.d.FAB74E4EDCEA17E77C98CF72A6A4E8EB.e.12568/click - {}
RESULT: {}
COMMAND: POST /session/004e8781a420927acb4284c1134f8905/execute/async - {"script":"<script> [1562 bytes]","args":[{"selector":{"controlType":"sap.m.StandardListItem","viewName":"etm.portal.ui.managerequests.view.NewRequest","properties":{"title":"Cost Center"},"searchOpenDialogs":true,"interaction":{"idSuffix":"titleText"}},"wdio_ui5_key":"etmportal.ui.managerequests.view.NewRequestsap.m.StandardListItem{\"title\":\"Cost Center\"}"}]}
COMMAND: GET /session/004e8781a420927acb4284c1134f8905/screenshot - {}
RESULT: {"script":"<script> [1562 bytes]","args":[{"selector":{"controlType":"sap.m.StandardListItem","viewName":"etm.portal.ui.managerequests.view.NewRequest","properties":{"title":"Cost Center"},"searchOpenDialogs":true,"interaction":{"idSuffix":"titleText"}},"wdio_ui5_key":"etmportal.ui.managerequests.view.NewRequestsap.m.StandardListItem{\"title\":\"Cost Center\"}"}]}
RESULT: undefined
COMMAND: POST /session/004e8781a420927acb4284c1134f8905/element - {"using":"xpath","value":"//*[@id=\"__item844\"]"}
RESULT: {}
RESULT: {"using":"xpath","value":"//*[@id=\"__item844\"]"}
COMMAND: POST /session/004e8781a420927acb4284c1134f8905/element/f.B6308163BD667941B2C0E4D2A3AC438F.d.FAB74E4EDCEA17E77C98CF72A6A4E8EB.e.12571/click - {}
RESULT: {}
COMMAND: GET /session/004e8781a420927acb4284c1134f8905/screenshot - {}
RESULT: {}
COMMAND: POST /session/004e8781a420927acb4284c1134f8905/execute/async - {"script":"<script> [1562 bytes]","args":[{"selector":{"controlType":"sap.ui.core.Icon","viewName":"etm.portal.ui.managerequests.view.NewRequest","properties":{"src":{"regex":{"source":"value\\-help"}}},"searchOpenDialogs":true},"wdio_ui5_key":"etmportal.ui.managerequests.view.NewRequestsap.ui.core.Icon{\"src\":{\"regex\":{\"source\":\"value\\\\-help\"}}}"}]}
RESULT: {"script":"<script> [1562 bytes]","args":[{"selector":{"controlType":"sap.ui.core.Icon","viewName":"etm.portal.ui.managerequests.view.NewRequest","properties":{"src":{"regex":{"source":"value\\-help"}}},"searchOpenDialogs":true},"wdio_ui5_key":"etmportal.ui.managerequests.view.NewRequestsap.ui.core.Icon{\"src\":{\"regex\":{\"source\":\"value\\\\-help\"}}}"}]}
RESULT: undefined
COMMAND: POST /session/004e8781a420927acb4284c1134f8905/element - {"using":"xpath","value":"//*[@id=\"__xmlview59--costObjectIdComboBox-vhi\"]"}
RESULT: {"using":"xpath","value":"//*[@id=\"__xmlview59--costObjectIdComboBox-vhi\"]"}
COMMAND: POST /session/004e8781a420927acb4284c1134f8905/element/f.B6308163BD667941B2C0E4D2A3AC438F.d.FAB74E4EDCEA17E77C98CF72A6A4E8EB.e.12578/click - {}
RESULT: {}
COMMAND: POST /session/004e8781a420927acb4284c1134f8905/execute/async - {"script":"<script> [1562 bytes]","args":[{"selector":{"controlType":"sap.m.SearchField","properties":{"placeholder":"Search"},"searchOpenDialogs":true,"interaction":{"idSuffix":"I"}},"wdio_ui5_key":"sapm.SearchField{\"placeholder\":\"Search\"}"}]}
COMMAND: GET /session/004e8781a420927acb4284c1134f8905/screenshot - {}
RESULT: {"script":"<script> [1562 bytes]","args":[{"selector":{"controlType":"sap.m.SearchField","properties":{"placeholder":"Search"},"searchOpenDialogs":true,"interaction":{"idSuffix":"I"}},"wdio_ui5_key":"sapm.SearchField{\"placeholder\":\"Search\"}"}]}
RESULT: undefined
COMMAND: POST /session/004e8781a420927acb4284c1134f8905/execute/async - {"script":"<script> [776 bytes]","args":[{"enterText":"10001010","selector":{"controlType":"sap.m.SearchField","properties":{"placeholder":"Search"},"searchOpenDialogs":true,"interaction":{"idSuffix":"I"}},"clearTextFirst":true,"interactionType":"ENTER_TEXT"}]}
RESULT: {}
RESULT: {"script":"<script> [776 bytes]","args":[{"enterText":"10001010","selector":{"controlType":"sap.m.SearchField","properties":{"placeholder":"Search"},"searchOpenDialogs":true,"interaction":{"idSuffix":"I"}},"clearTextFirst":true,"interactionType":"ENTER_TEXT"}]}
COMMAND: POST /session/004e8781a420927acb4284c1134f8905/actions - {"actions":[{"id":"action100","type":"key","parameters":{},"actions":[{"type":"keyDown","value":"î€‡"},{"type":"pause","duration":10},{"type":"keyUp","value":"î€‡"}]}]}
RESULT: {"actions":[{"id":"action100","type":"key","parameters":{},"actions":[{"type":"keyDown","value":"î€‡"},{"type":"pause","duration":10},{"type":"keyUp","value":"î€‡"}]}]}
COMMAND: GET /session/004e8781a420927acb4284c1134f8905/screenshot - {}
RESULT: {}
COMMAND: POST /session/004e8781a420927acb4284c1134f8905/execute/async - {"script":"<script> [1562 bytes]","args":[{"selector":{"controlType":"sap.m.Text","bindingPath":{"path":"/C_CostCtrValueHelp(CostCenter='10001010',ControllingArea='Z001')","propertyPath":"CostCenterName","modelName":"CostCenterModel"},"searchOpenDialogs":true},"wdio_ui5_key":"sapm.Text{\"path\":\"/C_CostCtrValueHelp(CostCenter='10001010',ControllingArea='Z001')\",\"propertyPath\":\"CostCenterName\",\"modelName\":\"CostCenterModel\"}"}]}
RESULT: {"script":"<script> [1562 bytes]","args":[{"selector":{"controlType":"sap.m.Text","bindingPath":{"path":"/C_CostCtrValueHelp(CostCenter='10001010',ControllingArea='Z001')","propertyPath":"CostCenterName","modelName":"CostCenterModel"},"searchOpenDialogs":true},"wdio_ui5_key":"sapm.Text{\"path\":\"/C_CostCtrValueHelp(CostCenter='10001010',ControllingArea='Z001')\",\"propertyPath\":\"CostCenterName\",\"modelName\":\"CostCenterModel\"}"}]}
RESULT: undefined
COMMAND: POST /session/004e8781a420927acb4284c1134f8905/element - {"using":"xpath","value":"//*[@id=\"__text291-__clone983\"]"}
RESULT: {"using":"xpath","value":"//*[@id=\"__text291-__clone983\"]"}
COMMAND: POST /session/004e8781a420927acb4284c1134f8905/element/f.B6308163BD667941B2C0E4D2A3AC438F.d.FAB74E4EDCEA17E77C98CF72A6A4E8EB.e.12617/click - {}
RESULT: {}
COMMAND: POST /session/004e8781a420927acb4284c1134f8905/execute/async - {"script":"<script> [1562 bytes]","args":[{"selector":{"controlType":"sap.m.Button","properties":{"text":"OK"},"searchOpenDialogs":true,"interaction":{"idSuffix":"BDI-content"}},"wdio_ui5_key":"sapm.Button{\"text\":\"OK\"}"}]}
COMMAND: GET /session/004e8781a420927acb4284c1134f8905/screenshot - {}
RESULT: {}
RESULT: {"script":"<script> [1562 bytes]","args":[{"selector":{"controlType":"sap.m.Button","properties":{"text":"OK"},"searchOpenDialogs":true,"interaction":{"idSuffix":"BDI-content"}},"wdio_ui5_key":"sapm.Button{\"text\":\"OK\"}"}]}
RESULT: undefined
COMMAND: POST /session/004e8781a420927acb4284c1134f8905/element - {"using":"xpath","value":"//*[@id=\"__dialog1-ok\"]"}
RESULT: {"using":"xpath","value":"//*[@id=\"__dialog1-ok\"]"}
COMMAND: POST /session/004e8781a420927acb4284c1134f8905/element/f.B6308163BD667941B2C0E4D2A3AC438F.d.FAB74E4EDCEA17E77C98CF72A6A4E8EB.e.12619/click - {}
RESULT: {}
COMMAND: GET /session/004e8781a420927acb4284c1134f8905/screenshot - {}
RESULT: {}
COMMAND: POST /session/004e8781a420927acb4284c1134f8905/execute/async - {"script":"<script> [1562 bytes]","args":[{"selector":{"controlType":"sap.m.Button","viewName":"etm.portal.ui.managerequests.view.NewRequest","i18NText":{"propertyName":"text","key":"save"},"searchOpenDialogs":true,"interaction":{"idSuffix":"BDI-content"}},"wdio_ui5_key":"etmportal.ui.managerequests.view.NewRequestsap.m.Button{\"propertyName\":\"text\",\"key\":\"save\"}"}]}
RESULT: {"script":"<script> [1562 bytes]","args":[{"selector":{"controlType":"sap.m.Button","viewName":"etm.portal.ui.managerequests.view.NewRequest","i18NText":{"propertyName":"text","key":"save"},"searchOpenDialogs":true,"interaction":{"idSuffix":"BDI-content"}},"wdio_ui5_key":"etmportal.ui.managerequests.view.NewRequestsap.m.Button{\"propertyName\":\"text\",\"key\":\"save\"}"}]}
RESULT: undefined
COMMAND: POST /session/004e8781a420927acb4284c1134f8905/element - {"using":"xpath","value":"//*[@id=\"__button24\"]"}
RESULT: {"using":"xpath","value":"//*[@id=\"__button24\"]"}
COMMAND: POST /session/004e8781a420927acb4284c1134f8905/element/f.B6308163BD667941B2C0E4D2A3AC438F.d.FAB74E4EDCEA17E77C98CF72A6A4E8EB.e.12623/click - {}
RESULT: {}
COMMAND: GET /session/004e8781a420927acb4284c1134f8905/screenshot - {}
RESULT: {}
COMMAND: POST /session/004e8781a420927acb4284c1134f8905/element - {"using":"xpath","value":"(//bdi[contains(text() ,\"Save\")])[1]"}
RESULT: {"using":"xpath","value":"(//bdi[contains(text() ,\"Save\")])[1]"}
COMMAND: POST /session/004e8781a420927acb4284c1134f8905/element/f.B6308163BD667941B2C0E4D2A3AC438F.d.FAB74E4EDCEA17E77C98CF72A6A4E8EB.e.12625/click - {}
RESULT: {}
COMMAND: GET /session/004e8781a420927acb4284c1134f8905/screenshot - {}
RESULT: {}
COMMAND: POST /session/004e8781a420927acb4284c1134f8905/execute/async - {"script":"<script> [1562 bytes]","args":[{"selector":{"controlType":"sap.m.Title","properties":{"text":"Success"},"searchOpenDialogs":true},"wdio_ui5_key":"sapm.Title{\"text\":\"Success\"}"}]}
RESULT: {"script":"<script> [1562 bytes]","args":[{"selector":{"controlType":"sap.m.Title","properties":{"text":"Success"},"searchOpenDialogs":true},"wdio_ui5_key":"sapm.Title{\"text\":\"Success\"}"}]}
RESULT: undefined
COMMAND: POST /session/004e8781a420927acb4284c1134f8905/execute/async - {"script":"<script> [6424 bytes]","args":[{"element-6066-11e4-a52e-4f735466cecf":"f.B6308163BD667941B2C0E4D2A3AC438F.d.FAB74E4EDCEA17E77C98CF72A6A4E8EB.e.12628"},"getText",[]]}
RESULT: {"script":"<script> [6424 bytes]","args":[{"element-6066-11e4-a52e-4f735466cecf":"f.B6308163BD667941B2C0E4D2A3AC438F.d.FAB74E4EDCEA17E77C98CF72A6A4E8EB.e.12628"},"getText",[]]}
COMMAND: POST /session/004e8781a420927acb4284c1134f8905/execute/async - {"script":"<script> [1562 bytes]","args":[{"selector":{"controlType":"sap.m.Button","properties":{"text":"Close"},"searchOpenDialogs":true,"interaction":{"idSuffix":"BDI-content"}},"wdio_ui5_key":"sapm.Button{\"text\":\"Close\"}"}]}
RESULT: {"script":"<script> [1562 bytes]","args":[{"selector":{"controlType":"sap.m.Button","properties":{"text":"Close"},"searchOpenDialogs":true,"interaction":{"idSuffix":"BDI-content"}},"wdio_ui5_key":"sapm.Button{\"text\":\"Close\"}"}]}
RESULT: undefined
COMMAND: POST /session/004e8781a420927acb4284c1134f8905/element - {"using":"xpath","value":"//*[@id=\"__mbox-btn-0\"]"}
RESULT: {"using":"xpath","value":"//*[@id=\"__mbox-btn-0\"]"}
COMMAND: POST /session/004e8781a420927acb4284c1134f8905/element/f.B6308163BD667941B2C0E4D2A3AC438F.d.FAB74E4EDCEA17E77C98CF72A6A4E8EB.e.12627/click - {}
RESULT: {}
COMMAND: GET /session/004e8781a420927acb4284c1134f8905/screenshot - {}
RESULT: {}
COMMAND: POST /session/004e8781a420927acb4284c1134f8905/execute/async - {"script":"<script> [1562 bytes]","args":[{"selector":{"controlType":"sap.m.Text","viewName":"etm.portal.ui.managerequests.view.Detail","bindingPath":{"propertyPath":"NO","modelName":"catalogModel"}},"wdio_ui5_key":"etmportal.ui.managerequests.view.Detailsap.m.Text{\"propertyPath\":\"NO\",\"modelName\":\"catalogModel\"}"}]}
RESULT: {"script":"<script> [1562 bytes]","args":[{"selector":{"controlType":"sap.m.Text","viewName":"etm.portal.ui.managerequests.view.Detail","bindingPath":{"propertyPath":"NO","modelName":"catalogModel"}},"wdio_ui5_key":"etmportal.ui.managerequests.view.Detailsap.m.Text{\"propertyPath\":\"NO\",\"modelName\":\"catalogModel\"}"}]}
RESULT: undefined
COMMAND: POST /session/004e8781a420927acb4284c1134f8905/execute/async - {"script":"<script> [6424 bytes]","args":[{"element-6066-11e4-a52e-4f735466cecf":"f.B6308163BD667941B2C0E4D2A3AC438F.d.FAB74E4EDCEA17E77C98CF72A6A4E8EB.e.12754"},"getText",[]]}
RESULT: {"script":"<script> [6424 bytes]","args":[{"element-6066-11e4-a52e-4f735466cecf":"f.B6308163BD667941B2C0E4D2A3AC438F.d.FAB74E4EDCEA17E77C98CF72A6A4E8EB.e.12754"},"getText",[]]}
COMMAND: POST /session/004e8781a420927acb4284c1134f8905/execute/async - {"script":"<script> [1562 bytes]","args":[{"selector":{"controlType":"sap.ui.core.Icon","viewName":"etm.portal.ui.managerequests.view.Detail","properties":{"src":{"regex":{"source":"date\\-time"}}},"ancestor":{"controlType":"sap.m.ColumnListItem","viewName":"etm.portal.ui.managerequests.view.Detail","bindingPath":{"path":"/SmartRequestItemsPlanningBoard(ITEM=10m,REQUEST='20397')"},"ancestor":{"id":"requestItemsTable","viewName":"etm.portal.ui.managerequests.view.Detail"}}},"wdio_ui5_key":"etmportal.ui.managerequests.view.Detailsap.ui.core.Icon{\"src\":{\"regex\":{\"source\":\"date\\\\-time\"}}}{\"controlType\":\"sap.m.ColumnListItem\",\"viewName\":\"etm.portal.ui.managerequests.view.Detail\",\"bindingPath\":{\"path\":\"/SmartRequestItemsPlanningBoard(ITEM=10m,REQUEST='20397')\"},\"ancestor\":{\"id\":\"requestItemsTable\",\"viewName\":\"etm.portal.ui.managerequests.view.Detail\"}}"}]}
RESULT: {"script":"<script> [1562 bytes]","args":[{"selector":{"controlType":"sap.ui.core.Icon","viewName":"etm.portal.ui.managerequests.view.Detail","properties":{"src":{"regex":{"source":"date\\-time"}}},"ancestor":{"controlType":"sap.m.ColumnListItem","viewName":"etm.portal.ui.managerequests.view.Detail","bindingPath":{"path":"/SmartRequestItemsPlanningBoard(ITEM=10m,REQUEST='20397')"},"ancestor":{"id":"requestItemsTable","viewName":"etm.portal.ui.managerequests.view.Detail"}}},"wdio_ui5_key":"etmportal.ui.managerequests.view.Detailsap.ui.core.Icon{\"src\":{\"regex\":{\"source\":\"date\\\\-time\"}}}{\"controlType\":\"sap.m.ColumnListItem\",\"viewName\":\"etm.portal.ui.managerequests.view.Detail\",\"bindingPath\":{\"path\":\"/SmartRequestItemsPlanningBoard(ITEM=10m,REQUEST='20397')\"},\"ancestor\":{\"id\":\"requestItemsTable\",\"viewName\":\"etm.portal.ui.managerequests.view.Detail\"}}"}]}
RESULT: undefined
COMMAND: POST /session/004e8781a420927acb4284c1134f8905/element - {"using":"xpath","value":"//*[@id=\"__button39-__clone1022-img\"]"}
RESULT: {"using":"xpath","value":"//*[@id=\"__button39-__clone1022-img\"]"}
COMMAND: POST /session/004e8781a420927acb4284c1134f8905/element/f.B6308163BD667941B2C0E4D2A3AC438F.d.FAB74E4EDCEA17E77C98CF72A6A4E8EB.e.12755/click - {}
RESULT: {}
COMMAND: POST /session/004e8781a420927acb4284c1134f8905/execute/async - {"script":"<script> [1562 bytes]","args":[{"selector":{"controlType":"sap.m.Button","viewName":"etm.portal.ui.managerequests.view.Detail","properties":{"text":"Close"},"searchOpenDialogs":true,"interaction":{"idSuffix":"BDI-content"}},"wdio_ui5_key":"etmportal.ui.managerequests.view.Detailsap.m.Button{\"text\":\"Close\"}"}]}
COMMAND: GET /session/004e8781a420927acb4284c1134f8905/screenshot - {}
RESULT: {"script":"<script> [1562 bytes]","args":[{"selector":{"controlType":"sap.m.Button","viewName":"etm.portal.ui.managerequests.view.Detail","properties":{"text":"Close"},"searchOpenDialogs":true,"interaction":{"idSuffix":"BDI-content"}},"wdio_ui5_key":"etmportal.ui.managerequests.view.Detailsap.m.Button{\"text\":\"Close\"}"}]}
RESULT: undefined
COMMAND: POST /session/004e8781a420927acb4284c1134f8905/element - {"using":"xpath","value":"//*[@id=\"__button49\"]"}
RESULT: {}
RESULT: {"using":"xpath","value":"//*[@id=\"__button49\"]"}
COMMAND: POST /session/004e8781a420927acb4284c1134f8905/element/f.B6308163BD667941B2C0E4D2A3AC438F.d.FAB74E4EDCEA17E77C98CF72A6A4E8EB.e.12758/click - {}
RESULT: {}
COMMAND: GET /session/004e8781a420927acb4284c1134f8905/screenshot - {}
RESULT: {}
COMMAND: POST /session/004e8781a420927acb4284c1134f8905/refresh - {}
RESULT: {}
COMMAND: GET /session/004e8781a420927acb4284c1134f8905/screenshot - {}
RESULT: {}
COMMAND: POST /session/004e8781a420927acb4284c1134f8905/execute/async - {"script":"<script> [189 bytes]","args":[]}
RESULT: {"script":"<script> [189 bytes]","args":[]}
COMMAND: POST /session/004e8781a420927acb4284c1134f8905/execute/async - {"script":"<script> [123 bytes]","args":[]}
RESULT: {"script":"<script> [123 bytes]","args":[]}
COMMAND: POST /session/004e8781a420927acb4284c1134f8905/timeouts - {"script":"<number>"}
RESULT: {"script":"<number>"}
COMMAND: GET /session/004e8781a420927acb4284c1134f8905/timeouts - {}
RESULT: {}
RESULT: undefined
COMMAND: POST /session/004e8781a420927acb4284c1134f8905/execute/async - {"script":"<script> [2676 bytes]","args":[]}
RESULT: {"script":"<script> [2676 bytes]","args":[]}
COMMAND: POST /session/004e8781a420927acb4284c1134f8905/execute/async - {"script":"<script> [2342 bytes]","args":[{"protocol":"http","hostname":"0.0.0.0","path":"/","capabilities":{"browserName":"chrome","goog:chromeOptions":{"binary":"C:\\Program Files\\Google\\Chrome\\Application\\chrome.exe","args":["--start-maximized"]}},"logLevel":"warn","connectionRetryTimeout":120000,"connectionRetryCount":3,"logLevels":{},"enableDirectConnect":true,"strictSSL":true,"_":"65 more keys: [\"cacheDir\",\"port\",\"requestedCapabilities\",\"automationProtocol\",\"baseUrl\",\"waitforInterval\",\"waitforTimeout\",\"onReload\",\"beforeCommand\",\"afterCommand\",\"rootDir\",\"specs\",\"suites\",\"exclude\",\"groupLogsByTestSpec\",\"excludeDriverLogs\",\"bail\",\"framework\",\"reporters\",\"services\",\"maxInstances\",\"maxInstancesPerCapability\",\"injectGlobals\",\"filesToWatch\",\"execArgv\",\"runnerEnv\",\"runner\",\"shard\",\"specFileRetries\",\"specFileRetriesDelay\",\"specFileRetriesDeferred\",\"reporterSyncInterval\",\"reporterSyncTimeout\",\"cucumberFeaturesWithLineNumbers\",\"autoCompileOpts\",\"mochaOpts\",\"jasmineOpts\",\"cucumberOpts\",\"onPrepare\",\"onWorkerStart\",\"onWorkerEnd\",\"before\",\"beforeSession\",\"beforeSuite\",\"beforeHook\",\"beforeTest\",\"afterTest\",\"afterHook\",\"afterSuite\",\"afterSession\",\"after\",\"onComplete\",\"beforeAssertion\",\"afterAssertion\",\"beforeFeature\",\"beforeScenario\",\"beforeStep\",\"afterStep\",\"afterScenario\",\"afterFeature\",\"_\",\"suite\",\"$0\",\"ignoredWorkerServices\",\"wdi5\"]"}]}
RESULT: {"script":"<script> [2342 bytes]","args":[{"protocol":"http","hostname":"0.0.0.0","path":"/","capabilities":{"browserName":"chrome","goog:chromeOptions":{"binary":"C:\\Program Files\\Google\\Chrome\\Application\\chrome.exe","args":["--start-maximized"]}},"logLevel":"warn","connectionRetryTimeout":120000,"connectionRetryCount":3,"logLevels":{},"enableDirectConnect":true,"strictSSL":true,"_":"65 more keys: [\"cacheDir\",\"port\",\"requestedCapabilities\",\"automationProtocol\",\"baseUrl\",\"waitforInterval\",\"waitforTimeout\",\"onReload\",\"beforeCommand\",\"afterCommand\",\"rootDir\",\"specs\",\"suites\",\"exclude\",\"groupLogsByTestSpec\",\"excludeDriverLogs\",\"bail\",\"framework\",\"reporters\",\"services\",\"maxInstances\",\"maxInstancesPerCapability\",\"injectGlobals\",\"filesToWatch\",\"execArgv\",\"runnerEnv\",\"runner\",\"shard\",\"specFileRetries\",\"specFileRetriesDelay\",\"specFileRetriesDeferred\",\"reporterSyncInterval\",\"reporterSyncTimeout\",\"cucumberFeaturesWithLineNumbers\",\"autoCompileOpts\",\"mochaOpts\",\"jasmineOpts\",\"cucumberOpts\",\"onPrepare\",\"onWorkerStart\",\"onWorkerEnd\",\"before\",\"beforeSession\",\"beforeSuite\",\"beforeHook\",\"beforeTest\",\"afterTest\",\"afterHook\",\"afterSuite\",\"afterSession\",\"after\",\"onComplete\",\"beforeAssertion\",\"afterAssertion\",\"beforeFeature\",\"beforeScenario\",\"beforeStep\",\"afterStep\",\"afterScenario\",\"afterFeature\",\"_\",\"suite\",\"$0\",\"ignoredWorkerServices\",\"wdi5\"]"}]}
COMMAND: POST /session/004e8781a420927acb4284c1134f8905/execute/async - {"script":"<script> [21126 bytes]","args":[35000]}
RESULT: {"script":"<script> [21126 bytes]","args":[35000]}
]]></system-out>
    </testcase>
    <testcase classname="chrome.136_0_7103_49.windows.Process_request_items_into_an_existing_quotation_US120163" name="Should process the request into an existing quotation" time="89.722">
      <system-out><![CDATA[
COMMAND: GET /session/004e8781a420927acb4284c1134f8905/window - {}
RESULT: {}
COMMAND: POST /session/004e8781a420927acb4284c1134f8905/element - {"using":"xpath","value":"//span[contains(@id ,\"detailHeaderTitle-_actionsToolbar-overflowButton-img\")]"}
RESULT: {"using":"xpath","value":"//span[contains(@id ,\"detailHeaderTitle-_actionsToolbar-overflowButton-img\")]"}
COMMAND: POST /session/004e8781a420927acb4284c1134f8905/element/f.B6308163BD667941B2C0E4D2A3AC438F.d.AF399930977FE1C2106FC495532D44BC.e.12979/click - {}
RESULT: {}
COMMAND: GET /session/004e8781a420927acb4284c1134f8905/screenshot - {}
RESULT: {}
COMMAND: POST /session/004e8781a420927acb4284c1134f8905/element - {"using":"xpath","value":"//span[contains(@id ,\"actionsMenuButton-internalSplitBtn-arrowButton-img\")]"}
RESULT: {"using":"xpath","value":"//span[contains(@id ,\"actionsMenuButton-internalSplitBtn-arrowButton-img\")]"}
COMMAND: POST /session/004e8781a420927acb4284c1134f8905/element/f.B6308163BD667941B2C0E4D2A3AC438F.d.AF399930977FE1C2106FC495532D44BC.e.12983/click - {}
RESULT: {}
COMMAND: GET /session/004e8781a420927acb4284c1134f8905/screenshot - {}
RESULT: {}
COMMAND: POST /session/004e8781a420927acb4284c1134f8905/actions - {"actions":[{"id":"action101","type":"key","parameters":{},"actions":[{"type":"keyDown","value":"î€•"},{"type":"pause","duration":10},{"type":"keyUp","value":"î€•"}]}]}
RESULT: {"actions":[{"id":"action101","type":"key","parameters":{},"actions":[{"type":"keyDown","value":"î€•"},{"type":"pause","duration":10},{"type":"keyUp","value":"î€•"}]}]}
COMMAND: GET /session/004e8781a420927acb4284c1134f8905/screenshot - {}
RESULT: {}
COMMAND: POST /session/004e8781a420927acb4284c1134f8905/actions - {"actions":[{"id":"action102","type":"key","parameters":{},"actions":[{"type":"keyDown","value":"î€‡"},{"type":"pause","duration":10},{"type":"keyUp","value":"î€‡"}]}]}
RESULT: {"actions":[{"id":"action102","type":"key","parameters":{},"actions":[{"type":"keyDown","value":"î€‡"},{"type":"pause","duration":10},{"type":"keyUp","value":"î€‡"}]}]}
COMMAND: GET /session/004e8781a420927acb4284c1134f8905/screenshot - {}
RESULT: {}
COMMAND: POST /session/004e8781a420927acb4284c1134f8905/actions - {"actions":[{"id":"action103","type":"key","parameters":{},"actions":[{"type":"keyDown","value":"î€•"},{"type":"pause","duration":10},{"type":"keyUp","value":"î€•"}]}]}
RESULT: {"actions":[{"id":"action103","type":"key","parameters":{},"actions":[{"type":"keyDown","value":"î€•"},{"type":"pause","duration":10},{"type":"keyUp","value":"î€•"}]}]}
COMMAND: GET /session/004e8781a420927acb4284c1134f8905/screenshot - {}
RESULT: {}
COMMAND: POST /session/004e8781a420927acb4284c1134f8905/actions - {"actions":[{"id":"action104","type":"key","parameters":{},"actions":[{"type":"keyDown","value":"î€‡"},{"type":"pause","duration":10},{"type":"keyUp","value":"î€‡"}]}]}
RESULT: {"actions":[{"id":"action104","type":"key","parameters":{},"actions":[{"type":"keyDown","value":"î€‡"},{"type":"pause","duration":10},{"type":"keyUp","value":"î€‡"}]}]}
COMMAND: GET /session/004e8781a420927acb4284c1134f8905/screenshot - {}
RESULT: {}
COMMAND: POST /session/004e8781a420927acb4284c1134f8905/element - {"using":"xpath","value":"//input[contains(@id ,\"quotationsSearchField-I\")]"}
RESULT: {"using":"xpath","value":"//input[contains(@id ,\"quotationsSearchField-I\")]"}
COMMAND: POST /session/004e8781a420927acb4284c1134f8905/element/f.B6308163BD667941B2C0E4D2A3AC438F.d.AF399930977FE1C2106FC495532D44BC.e.12986/clear - {}
RESULT: {}
COMMAND: POST /session/004e8781a420927acb4284c1134f8905/element/f.B6308163BD667941B2C0E4D2A3AC438F.d.AF399930977FE1C2106FC495532D44BC.e.12986/value - {"text":"WdIOQuotationq3krn"}
COMMAND: GET /session/004e8781a420927acb4284c1134f8905/screenshot - {}
RESULT: {"text":"WdIOQuotationq3krn"}
COMMAND: GET /session/004e8781a420927acb4284c1134f8905/screenshot - {}
RESULT: {}
RESULT: {}
COMMAND: POST /session/004e8781a420927acb4284c1134f8905/actions - {"actions":[{"id":"action105","type":"key","parameters":{},"actions":[{"type":"keyDown","value":"î€‡"},{"type":"pause","duration":10},{"type":"keyUp","value":"î€‡"}]}]}
RESULT: {"actions":[{"id":"action105","type":"key","parameters":{},"actions":[{"type":"keyDown","value":"î€‡"},{"type":"pause","duration":10},{"type":"keyUp","value":"î€‡"}]}]}
COMMAND: GET /session/004e8781a420927acb4284c1134f8905/screenshot - {}
RESULT: {}
COMMAND: POST /session/004e8781a420927acb4284c1134f8905/element - {"using":"xpath","value":"//div[contains(@id ,\"selectSingle\")]"}
RESULT: {"using":"xpath","value":"//div[contains(@id ,\"selectSingle\")]"}
COMMAND: POST /session/004e8781a420927acb4284c1134f8905/element/f.B6308163BD667941B2C0E4D2A3AC438F.d.AF399930977FE1C2106FC495532D44BC.e.12997/click - {}
RESULT: {}
COMMAND: GET /session/004e8781a420927acb4284c1134f8905/screenshot - {}
RESULT: {}
COMMAND: POST /session/004e8781a420927acb4284c1134f8905/element - {"using":"xpath","value":"//bdi[contains(text() ,\"Selection Done\")]"}
RESULT: {"using":"xpath","value":"//bdi[contains(text() ,\"Selection Done\")]"}
COMMAND: POST /session/004e8781a420927acb4284c1134f8905/element/f.B6308163BD667941B2C0E4D2A3AC438F.d.AF399930977FE1C2106FC495532D44BC.e.12998/click - {}
RESULT: {}
COMMAND: GET /session/004e8781a420927acb4284c1134f8905/screenshot - {}
RESULT: {}
COMMAND: POST /session/004e8781a420927acb4284c1134f8905/actions - {"actions":[{"id":"action106","type":"key","parameters":{},"actions":[{"type":"keyDown","value":"î€‡"},{"type":"pause","duration":10},{"type":"keyUp","value":"î€‡"}]}]}
RESULT: {"actions":[{"id":"action106","type":"key","parameters":{},"actions":[{"type":"keyDown","value":"î€‡"},{"type":"pause","duration":10},{"type":"keyUp","value":"î€‡"}]}]}
COMMAND: GET /session/004e8781a420927acb4284c1134f8905/screenshot - {}
RESULT: {}
COMMAND: POST /session/004e8781a420927acb4284c1134f8905/actions - {"actions":[{"id":"action107","type":"key","parameters":{},"actions":[{"type":"keyDown","value":"î€‡"},{"type":"pause","duration":10},{"type":"keyUp","value":"î€‡"}]}]}
RESULT: {"actions":[{"id":"action107","type":"key","parameters":{},"actions":[{"type":"keyDown","value":"î€‡"},{"type":"pause","duration":10},{"type":"keyUp","value":"î€‡"}]}]}
COMMAND: GET /session/004e8781a420927acb4284c1134f8905/screenshot - {}
RESULT: {}
COMMAND: GET /session/004e8781a420927acb4284c1134f8905/window/handles - {}
RESULT: {}
COMMAND: GET /session/004e8781a420927acb4284c1134f8905/window/handles - {}
RESULT: {}
COMMAND: POST /session/004e8781a420927acb4284c1134f8905/window - {"handle":"DE33381EC4A187232103AFCC936CC56B"}
RESULT: {"handle":"DE33381EC4A187232103AFCC936CC56B"}
COMMAND: GET /session/004e8781a420927acb4284c1134f8905/url - {}
RESULT: {}
COMMAND: GET /session/004e8781a420927acb4284c1134f8905/screenshot - {}
COMMAND: POST /session/004e8781a420927acb4284c1134f8905/element - {"using":"xpath","value":"//span[contains(text(), \"Header Billing Items\")]"}
RESULT: {}
RESULT: {"using":"xpath","value":"//span[contains(text(), \"Header Billing Items\")]"}
COMMAND: POST /session/004e8781a420927acb4284c1134f8905/element/f.DE33381EC4A187232103AFCC936CC56B.d.80BCA1EB21E4626F00910023EFEB9ECD.e.13133/click - {}
RESULT: {}
COMMAND: GET /session/004e8781a420927acb4284c1134f8905/screenshot - {}
COMMAND: POST /session/004e8781a420927acb4284c1134f8905/element - {"using":"xpath","value":"//span[contains(@id ,\"contractItemsSmartTable-header-inner\")]"}
RESULT: {}
RESULT: {"using":"xpath","value":"//span[contains(@id ,\"contractItemsSmartTable-header-inner\")]"}
COMMAND: GET /session/004e8781a420927acb4284c1134f8905/element/f.DE33381EC4A187232103AFCC936CC56B.d.80BCA1EB21E4626F00910023EFEB9ECD.e.13171/text - {}
RESULT: {}
COMMAND: POST /session/004e8781a420927acb4284c1134f8905/element - {"using":"xpath","value":"//span[@class=\"sapMObjStatusText\"][contains(text(), \"proposed\")]"}
RESULT: {"using":"xpath","value":"//span[@class=\"sapMObjStatusText\"][contains(text(), \"proposed\")]"}
COMMAND: GET /session/004e8781a420927acb4284c1134f8905/element/f.DE33381EC4A187232103AFCC936CC56B.d.80BCA1EB21E4626F00910023EFEB9ECD.e.13173/text - {}
RESULT: {}
COMMAND: DELETE /session/004e8781a420927acb4284c1134f8905/window - {}
RESULT: {}
COMMAND: POST /session/004e8781a420927acb4284c1134f8905/window - {"handle":"B6308163BD667941B2C0E4D2A3AC438F"}
RESULT: {"handle":"B6308163BD667941B2C0E4D2A3AC438F"}
COMMAND: GET /session/004e8781a420927acb4284c1134f8905/url - {}
RESULT: {}
COMMAND: GET /session/004e8781a420927acb4284c1134f8905/screenshot - {}
RESULT: {}
]]></system-out>
    </testcase>
    <testcase classname="chrome.136_0_7103_49.windows.Process_request_items_into_an_existing_quotation_US120163" name="Should navigate back to the request and check the request and item statuses" time="45.113">
      <system-out><![CDATA[
COMMAND: POST /session/004e8781a420927acb4284c1134f8905/refresh - {}
RESULT: {}
COMMAND: GET /session/004e8781a420927acb4284c1134f8905/screenshot - {}
RESULT: {}
COMMAND: POST /session/004e8781a420927acb4284c1134f8905/execute/async - {"script":"<script> [189 bytes]","args":[]}
RESULT: {"script":"<script> [189 bytes]","args":[]}
COMMAND: POST /session/004e8781a420927acb4284c1134f8905/execute/async - {"script":"<script> [123 bytes]","args":[]}
RESULT: {"script":"<script> [123 bytes]","args":[]}
COMMAND: POST /session/004e8781a420927acb4284c1134f8905/timeouts - {"script":"<number>"}
RESULT: {"script":"<number>"}
COMMAND: GET /session/004e8781a420927acb4284c1134f8905/timeouts - {}
RESULT: {}
RESULT: undefined
COMMAND: POST /session/004e8781a420927acb4284c1134f8905/execute/async - {"script":"<script> [2676 bytes]","args":[]}
RESULT: {"script":"<script> [2676 bytes]","args":[]}
COMMAND: POST /session/004e8781a420927acb4284c1134f8905/execute/async - {"script":"<script> [2342 bytes]","args":[{"protocol":"http","hostname":"0.0.0.0","path":"/","capabilities":{"browserName":"chrome","goog:chromeOptions":{"binary":"C:\\Program Files\\Google\\Chrome\\Application\\chrome.exe","args":["--start-maximized"]}},"logLevel":"warn","connectionRetryTimeout":120000,"connectionRetryCount":3,"logLevels":{},"enableDirectConnect":true,"strictSSL":true,"_":"65 more keys: [\"cacheDir\",\"port\",\"requestedCapabilities\",\"automationProtocol\",\"baseUrl\",\"waitforInterval\",\"waitforTimeout\",\"onReload\",\"beforeCommand\",\"afterCommand\",\"rootDir\",\"specs\",\"suites\",\"exclude\",\"groupLogsByTestSpec\",\"excludeDriverLogs\",\"bail\",\"framework\",\"reporters\",\"services\",\"maxInstances\",\"maxInstancesPerCapability\",\"injectGlobals\",\"filesToWatch\",\"execArgv\",\"runnerEnv\",\"runner\",\"shard\",\"specFileRetries\",\"specFileRetriesDelay\",\"specFileRetriesDeferred\",\"reporterSyncInterval\",\"reporterSyncTimeout\",\"cucumberFeaturesWithLineNumbers\",\"autoCompileOpts\",\"mochaOpts\",\"jasmineOpts\",\"cucumberOpts\",\"onPrepare\",\"onWorkerStart\",\"onWorkerEnd\",\"before\",\"beforeSession\",\"beforeSuite\",\"beforeHook\",\"beforeTest\",\"afterTest\",\"afterHook\",\"afterSuite\",\"afterSession\",\"after\",\"onComplete\",\"beforeAssertion\",\"afterAssertion\",\"beforeFeature\",\"beforeScenario\",\"beforeStep\",\"afterStep\",\"afterScenario\",\"afterFeature\",\"_\",\"suite\",\"$0\",\"ignoredWorkerServices\",\"wdi5\"]"}]}
RESULT: {"script":"<script> [2342 bytes]","args":[{"protocol":"http","hostname":"0.0.0.0","path":"/","capabilities":{"browserName":"chrome","goog:chromeOptions":{"binary":"C:\\Program Files\\Google\\Chrome\\Application\\chrome.exe","args":["--start-maximized"]}},"logLevel":"warn","connectionRetryTimeout":120000,"connectionRetryCount":3,"logLevels":{},"enableDirectConnect":true,"strictSSL":true,"_":"65 more keys: [\"cacheDir\",\"port\",\"requestedCapabilities\",\"automationProtocol\",\"baseUrl\",\"waitforInterval\",\"waitforTimeout\",\"onReload\",\"beforeCommand\",\"afterCommand\",\"rootDir\",\"specs\",\"suites\",\"exclude\",\"groupLogsByTestSpec\",\"excludeDriverLogs\",\"bail\",\"framework\",\"reporters\",\"services\",\"maxInstances\",\"maxInstancesPerCapability\",\"injectGlobals\",\"filesToWatch\",\"execArgv\",\"runnerEnv\",\"runner\",\"shard\",\"specFileRetries\",\"specFileRetriesDelay\",\"specFileRetriesDeferred\",\"reporterSyncInterval\",\"reporterSyncTimeout\",\"cucumberFeaturesWithLineNumbers\",\"autoCompileOpts\",\"mochaOpts\",\"jasmineOpts\",\"cucumberOpts\",\"onPrepare\",\"onWorkerStart\",\"onWorkerEnd\",\"before\",\"beforeSession\",\"beforeSuite\",\"beforeHook\",\"beforeTest\",\"afterTest\",\"afterHook\",\"afterSuite\",\"afterSession\",\"after\",\"onComplete\",\"beforeAssertion\",\"afterAssertion\",\"beforeFeature\",\"beforeScenario\",\"beforeStep\",\"afterStep\",\"afterScenario\",\"afterFeature\",\"_\",\"suite\",\"$0\",\"ignoredWorkerServices\",\"wdi5\"]"}]}
COMMAND: POST /session/004e8781a420927acb4284c1134f8905/execute/async - {"script":"<script> [21126 bytes]","args":[35000]}
RESULT: {"script":"<script> [21126 bytes]","args":[35000]}
COMMAND: POST /session/004e8781a420927acb4284c1134f8905/execute/async - {"script":"<script> [1562 bytes]","args":[{"selector":{"controlType":"sap.m.Text","viewName":"etm.portal.ui.managerequests.view.Detail","bindingPath":{"path":"/SmartRequestItemsPlanningBoard(ITEM=10m,REQUEST='20397')","propertyPath":"STATUS_DESC"}},"wdio_ui5_key":"etmportal.ui.managerequests.view.Detailsap.m.Text{\"path\":\"/SmartRequestItemsPlanningBoard(ITEM=10m,REQUEST='20397')\",\"propertyPath\":\"STATUS_DESC\"}"}]}
RESULT: {"script":"<script> [1562 bytes]","args":[{"selector":{"controlType":"sap.m.Text","viewName":"etm.portal.ui.managerequests.view.Detail","bindingPath":{"path":"/SmartRequestItemsPlanningBoard(ITEM=10m,REQUEST='20397')","propertyPath":"STATUS_DESC"}},"wdio_ui5_key":"etmportal.ui.managerequests.view.Detailsap.m.Text{\"path\":\"/SmartRequestItemsPlanningBoard(ITEM=10m,REQUEST='20397')\",\"propertyPath\":\"STATUS_DESC\"}"}]}
RESULT: undefined
COMMAND: POST /session/004e8781a420927acb4284c1134f8905/execute/async - {"script":"<script> [6424 bytes]","args":[{"element-6066-11e4-a52e-4f735466cecf":"f.B6308163BD667941B2C0E4D2A3AC438F.d.FEBD662888A6216558DA632BD896F8EE.e.13340"},"getText",[]]}
RESULT: {"script":"<script> [6424 bytes]","args":[{"element-6066-11e4-a52e-4f735466cecf":"f.B6308163BD667941B2C0E4D2A3AC438F.d.FEBD662888A6216558DA632BD896F8EE.e.13340"},"getText",[]]}
COMMAND: POST /session/004e8781a420927acb4284c1134f8905/execute/async - {"script":"<script> [1562 bytes]","args":[{"selector":{"controlType":"sap.m.ObjectStatus","viewName":"etm.portal.ui.managerequests.view.Detail","bindingPath":{"path":"/RequestHeaders('20397')","propertyPath":"LINK_TO_STATUS/DESCRIPTION","modelName":"catalogModel"}},"wdio_ui5_key":"etmportal.ui.managerequests.view.Detailsap.m.ObjectStatus{\"path\":\"/RequestHeaders('20397')\",\"propertyPath\":\"LINK_TO_STATUS/DESCRIPTION\",\"modelName\":\"catalogModel\"}"}]}
RESULT: {"script":"<script> [1562 bytes]","args":[{"selector":{"controlType":"sap.m.ObjectStatus","viewName":"etm.portal.ui.managerequests.view.Detail","bindingPath":{"path":"/RequestHeaders('20397')","propertyPath":"LINK_TO_STATUS/DESCRIPTION","modelName":"catalogModel"}},"wdio_ui5_key":"etmportal.ui.managerequests.view.Detailsap.m.ObjectStatus{\"path\":\"/RequestHeaders('20397')\",\"propertyPath\":\"LINK_TO_STATUS/DESCRIPTION\",\"modelName\":\"catalogModel\"}"}]}
RESULT: undefined
COMMAND: POST /session/004e8781a420927acb4284c1134f8905/execute/async - {"script":"<script> [6424 bytes]","args":[{"element-6066-11e4-a52e-4f735466cecf":"f.B6308163BD667941B2C0E4D2A3AC438F.d.FEBD662888A6216558DA632BD896F8EE.e.13341"},"getText",[]]}
RESULT: {"script":"<script> [6424 bytes]","args":[{"element-6066-11e4-a52e-4f735466cecf":"f.B6308163BD667941B2C0E4D2A3AC438F.d.FEBD662888A6216558DA632BD896F8EE.e.13341"},"getText",[]]}
COMMAND: DELETE /session/004e8781a420927acb4284c1134f8905 - {}
RESULT: {}
]]></system-out>
    </testcase>
  </testsuite>
</testsuites>