<?xml version="1.0" encoding="UTF-8"?>
<testsuites tests="10" failures="0" errors="0" skipped="0">
  <testsuite timestamp="2025-06-04T16:08:28" time="927.27" tests="4" failures="0" errors="0" skipped="0">
    <properties>
      <property name="specId" value="0" />
      <property name="suiteName" value="Webshop - Hyperlinks visible and working properly  US139085" />
      <property name="capabilities" value="chrome.137_0_7151_56.windows" />
      <property name="file" value="file:///D:/a/1/s/test/specs/R2C/webshop-hyperlinks-yard-site.spec.js" />
    </properties>
    <testcase classname="chrome.137_0_7151_56.windows.Webshop_-_Hyperlinks_visible_and_working_properly__US139085" name="Should create prerequisites for webshop suite" time="315.172">
      <system-out><![CDATA[
COMMAND: POST /session/c4faaf2c0768716850a26568dcbf970b/execute/async - {"script":"<script> [1562 bytes]","args":[{"selector":{"controlType":"sap.m.GenericTile","properties":{"header":"Manage Yards"}},"wdio_ui5_key":"sapm.GenericTile{\"header\":\"Manage Yards\"}"}]}
RESULT: {"script":"<script> [1562 bytes]","args":[{"selector":{"controlType":"sap.m.GenericTile","properties":{"header":"Manage Yards"}},"wdio_ui5_key":"sapm.GenericTile{\"header\":\"Manage Yards\"}"}]}
RESULT: undefined
COMMAND: POST /session/c4faaf2c0768716850a26568dcbf970b/element - {"using":"xpath","value":"//*[@id=\"__tile41\"]"}
RESULT: {"using":"xpath","value":"//*[@id=\"__tile41\"]"}
COMMAND: POST /session/c4faaf2c0768716850a26568dcbf970b/element/f.19DB9205A323DDBD447063DE6A5E99B9.d.704322AB4F1E91E3B4F4044220C86CAB.e.114/click - {}
RESULT: {}
COMMAND: GET /session/c4faaf2c0768716850a26568dcbf970b/screenshot - {}
RESULT: {}
COMMAND: POST /session/c4faaf2c0768716850a26568dcbf970b/elements - {"using":"xpath","value":"//span[text()='Error']"}
RESULT: {"using":"xpath","value":"//span[text()='Error']"}
COMMAND: POST /session/c4faaf2c0768716850a26568dcbf970b/execute/async - {"script":"<script> [1562 bytes]","args":[{"selector":{"controlType":"sap.ui.core.Icon","viewName":"etm.portal.ui.manageyards.view.Master","viewId":"application-manageyards-display-component---masterYard","properties":{"src":{"regex":{"source":"add"}}}},"wdio_ui5_key":"etmportal.ui.manageyards.view.Mastersap.ui.core.Icon{\"src\":{\"regex\":{\"source\":\"add\"}}}"}]}
RESULT: {"script":"<script> [1562 bytes]","args":[{"selector":{"controlType":"sap.ui.core.Icon","viewName":"etm.portal.ui.manageyards.view.Master","viewId":"application-manageyards-display-component---masterYard","properties":{"src":{"regex":{"source":"add"}}}},"wdio_ui5_key":"etmportal.ui.manageyards.view.Mastersap.ui.core.Icon{\"src\":{\"regex\":{\"source\":\"add\"}}}"}]}
RESULT: undefined
COMMAND: POST /session/c4faaf2c0768716850a26568dcbf970b/element - {"using":"xpath","value":"//*[@id=\"__button4-img\"]"}
RESULT: {"using":"xpath","value":"//*[@id=\"__button4-img\"]"}
COMMAND: POST /session/c4faaf2c0768716850a26568dcbf970b/element/f.19DB9205A323DDBD447063DE6A5E99B9.d.704322AB4F1E91E3B4F4044220C86CAB.e.160/click - {}
RESULT: {}
COMMAND: GET /session/c4faaf2c0768716850a26568dcbf970b/screenshot - {}
RESULT: {}
COMMAND: POST /session/c4faaf2c0768716850a26568dcbf970b/execute/async - {"script":"<script> [1562 bytes]","args":[{"selector":{"id":"application-manageyards-display-component---NewYard--yardId","interaction":{"idSuffix":"inner"}},"wdio_ui5_key":"applicationmanageyards-display-component---NewYard--yardId"}]}
RESULT: {"script":"<script> [1562 bytes]","args":[{"selector":{"id":"application-manageyards-display-component---NewYard--yardId","interaction":{"idSuffix":"inner"}},"wdio_ui5_key":"applicationmanageyards-display-component---NewYard--yardId"}]}
RESULT: undefined
COMMAND: POST /session/c4faaf2c0768716850a26568dcbf970b/element - {"using":"xpath","value":"//*[@id=\"application-manageyards-display-component---NewYard--addressDetailDetailsName1-inner\"]"}
RESULT: {"using":"xpath","value":"//*[@id=\"application-manageyards-display-component---NewYard--addressDetailDetailsName1-inner\"]"}
COMMAND: POST /session/c4faaf2c0768716850a26568dcbf970b/element/f.19DB9205A323DDBD447063DE6A5E99B9.d.704322AB4F1E91E3B4F4044220C86CAB.e.374/clear - {}
RESULT: {}
COMMAND: POST /session/c4faaf2c0768716850a26568dcbf970b/element/f.19DB9205A323DDBD447063DE6A5E99B9.d.704322AB4F1E91E3B4F4044220C86CAB.e.374/value - {"text":"WebdriverYardhb4xz"}
COMMAND: GET /session/c4faaf2c0768716850a26568dcbf970b/screenshot - {}
RESULT: {"text":"WebdriverYardhb4xz"}
COMMAND: POST /session/c4faaf2c0768716850a26568dcbf970b/element - {"using":"xpath","value":"//*[@id=\"application-manageyards-display-component---NewYard--addressDetailDetailsLanguage-inner\"]"}
COMMAND: GET /session/c4faaf2c0768716850a26568dcbf970b/screenshot - {}
RESULT: {}
RESULT: {"using":"xpath","value":"//*[@id=\"application-manageyards-display-component---NewYard--addressDetailDetailsLanguage-inner\"]"}
COMMAND: POST /session/c4faaf2c0768716850a26568dcbf970b/element/f.19DB9205A323DDBD447063DE6A5E99B9.d.704322AB4F1E91E3B4F4044220C86CAB.e.375/clear - {}
RESULT: {}
RESULT: {}
COMMAND: POST /session/c4faaf2c0768716850a26568dcbf970b/element/f.19DB9205A323DDBD447063DE6A5E99B9.d.704322AB4F1E91E3B4F4044220C86CAB.e.375/value - {"text":"Romanian"}
COMMAND: GET /session/c4faaf2c0768716850a26568dcbf970b/screenshot - {}
RESULT: {"text":"Romanian"}
COMMAND: POST /session/c4faaf2c0768716850a26568dcbf970b/element - {"using":"xpath","value":"//input[contains(@id ,\"application-manageyards-display-component---NewYard--addressDetailDetailsName1-inner\")]"}
COMMAND: GET /session/c4faaf2c0768716850a26568dcbf970b/screenshot - {}
RESULT: {}
RESULT: {"using":"xpath","value":"//input[contains(@id ,\"application-manageyards-display-component---NewYard--addressDetailDetailsName1-inner\")]"}
COMMAND: GET /session/c4faaf2c0768716850a26568dcbf970b/element/f.19DB9205A323DDBD447063DE6A5E99B9.d.704322AB4F1E91E3B4F4044220C86CAB.e.374/property/value - {}
RESULT: {}
RESULT: {}
COMMAND: GET /session/c4faaf2c0768716850a26568dcbf970b/screenshot - {}
RESULT: {}
COMMAND: POST /session/c4faaf2c0768716850a26568dcbf970b/element - {"using":"xpath","value":"//*[@id=\"application-manageyards-display-component---NewYard--addressDetailDetailsCity1-inner\"]"}
RESULT: {"using":"xpath","value":"//*[@id=\"application-manageyards-display-component---NewYard--addressDetailDetailsCity1-inner\"]"}
COMMAND: POST /session/c4faaf2c0768716850a26568dcbf970b/element/f.19DB9205A323DDBD447063DE6A5E99B9.d.704322AB4F1E91E3B4F4044220C86CAB.e.377/clear - {}
RESULT: {}
COMMAND: POST /session/c4faaf2c0768716850a26568dcbf970b/element/f.19DB9205A323DDBD447063DE6A5E99B9.d.704322AB4F1E91E3B4F4044220C86CAB.e.377/value - {"text":"Bucuresti"}
COMMAND: GET /session/c4faaf2c0768716850a26568dcbf970b/screenshot - {}
RESULT: {"text":"Bucuresti"}
COMMAND: GET /session/c4faaf2c0768716850a26568dcbf970b/screenshot - {}
RESULT: {}
RESULT: {}
COMMAND: POST /session/c4faaf2c0768716850a26568dcbf970b/element - {"using":"xpath","value":"//*[@id=\"application-manageyards-display-component---NewYard--addressDetailDetailsCountry-inner\"]"}
RESULT: {"using":"xpath","value":"//*[@id=\"application-manageyards-display-component---NewYard--addressDetailDetailsCountry-inner\"]"}
COMMAND: POST /session/c4faaf2c0768716850a26568dcbf970b/element/f.19DB9205A323DDBD447063DE6A5E99B9.d.704322AB4F1E91E3B4F4044220C86CAB.e.381/clear - {}
RESULT: {}
COMMAND: POST /session/c4faaf2c0768716850a26568dcbf970b/element/f.19DB9205A323DDBD447063DE6A5E99B9.d.704322AB4F1E91E3B4F4044220C86CAB.e.381/value - {"text":"Romania"}
COMMAND: GET /session/c4faaf2c0768716850a26568dcbf970b/screenshot - {}
RESULT: {"text":"Romania"}
COMMAND: GET /session/c4faaf2c0768716850a26568dcbf970b/screenshot - {}
RESULT: {}
RESULT: {}
COMMAND: POST /session/c4faaf2c0768716850a26568dcbf970b/element - {"using":"xpath","value":"//div[contains(text(), \"Commercial\")]"}
RESULT: {"using":"xpath","value":"//div[contains(text(), \"Commercial\")]"}
COMMAND: GET /session/c4faaf2c0768716850a26568dcbf970b/element/f.19DB9205A323DDBD447063DE6A5E99B9.d.704322AB4F1E91E3B4F4044220C86CAB.e.569/rect - {}
RESULT: {}
COMMAND: GET /session/c4faaf2c0768716850a26568dcbf970b/window/rect - {}
RESULT: {}
COMMAND: POST /session/c4faaf2c0768716850a26568dcbf970b/execute/sync - {"script":"<script> [92 bytes]","args":[]}
RESULT: {"script":"<script> [92 bytes]","args":[]}
COMMAND: POST /session/c4faaf2c0768716850a26568dcbf970b/actions - {"actions":[{"id":"action1","type":"wheel","parameters":{},"actions":[{"type":"scroll","x":-1841,"y":-44,"deltaX":0,"deltaY":0,"duration":0,"origin":{"element-6066-11e4-a52e-4f735466cecf":"f.19DB9205A323DDBD447063DE6A5E99B9.d.704322AB4F1E91E3B4F4044220C86CAB.e.569"}}]}]}
COMMAND: GET /session/c4faaf2c0768716850a26568dcbf970b/screenshot - {}
RESULT: {}
COMMAND: POST /session/c4faaf2c0768716850a26568dcbf970b/execute/sync - {"script":"<script> [79 bytes]","args":[{"element-6066-11e4-a52e-4f735466cecf":"f.19DB9205A323DDBD447063DE6A5E99B9.d.704322AB4F1E91E3B4F4044220C86CAB.e.569","ELEMENT":"f.19DB9205A323DDBD447063DE6A5E99B9.d.704322AB4F1E91E3B4F4044220C86CAB.e.569"},{"block":"start","inline":"nearest"}]}
RESULT: {"script":"<script> [79 bytes]","args":[{"element-6066-11e4-a52e-4f735466cecf":"f.19DB9205A323DDBD447063DE6A5E99B9.d.704322AB4F1E91E3B4F4044220C86CAB.e.569","ELEMENT":"f.19DB9205A323DDBD447063DE6A5E99B9.d.704322AB4F1E91E3B4F4044220C86CAB.e.569"},{"block":"start","inline":"nearest"}]}
COMMAND: GET /session/c4faaf2c0768716850a26568dcbf970b/screenshot - {}
RESULT: {}
COMMAND: POST /session/c4faaf2c0768716850a26568dcbf970b/execute/async - {"script":"<script> [1562 bytes]","args":[{"selector":{"id":"application-manageyards-display-component---NewYard--addressEditDetailsCostObjectCstType-arrow"},"wdio_ui5_key":"applicationmanageyards-display-component---NewYard--addressEditDetailsCostObjectCstType-arrow"}]}
RESULT: {"script":"<script> [1562 bytes]","args":[{"selector":{"id":"application-manageyards-display-component---NewYard--addressEditDetailsCostObjectCstType-arrow"},"wdio_ui5_key":"applicationmanageyards-display-component---NewYard--addressEditDetailsCostObjectCstType-arrow"}]}
RESULT: undefined
COMMAND: POST /session/c4faaf2c0768716850a26568dcbf970b/element - {"using":"xpath","value":"//*[@id=\"application-manageyards-display-component---NewYard--addressEditDetailsCostObjectCstType-arrow\"]"}
RESULT: {"using":"xpath","value":"//*[@id=\"application-manageyards-display-component---NewYard--addressEditDetailsCostObjectCstType-arrow\"]"}
COMMAND: POST /session/c4faaf2c0768716850a26568dcbf970b/element/f.19DB9205A323DDBD447063DE6A5E99B9.d.704322AB4F1E91E3B4F4044220C86CAB.e.577/click - {}
RESULT: {}
COMMAND: POST /session/c4faaf2c0768716850a26568dcbf970b/element - {"using":"xpath","value":"//span[contains(text(), \"Cost Center\")]"}
COMMAND: GET /session/c4faaf2c0768716850a26568dcbf970b/screenshot - {}
RESULT: {"using":"xpath","value":"//span[contains(text(), \"Cost Center\")]"}
COMMAND: POST /session/c4faaf2c0768716850a26568dcbf970b/element/f.19DB9205A323DDBD447063DE6A5E99B9.d.704322AB4F1E91E3B4F4044220C86CAB.e.589/click - {}
RESULT: {}
RESULT: {}
COMMAND: GET /session/c4faaf2c0768716850a26568dcbf970b/screenshot - {}
RESULT: {}
COMMAND: POST /session/c4faaf2c0768716850a26568dcbf970b/execute/async - {"script":"<script> [1562 bytes]","args":[{"selector":{"id":"application-manageyards-display-component---NewYard--addressNewCostObjectCstID-vhi"},"wdio_ui5_key":"applicationmanageyards-display-component---NewYard--addressNewCostObjectCstID-vhi"}]}
RESULT: {"script":"<script> [1562 bytes]","args":[{"selector":{"id":"application-manageyards-display-component---NewYard--addressNewCostObjectCstID-vhi"},"wdio_ui5_key":"applicationmanageyards-display-component---NewYard--addressNewCostObjectCstID-vhi"}]}
RESULT: undefined
COMMAND: POST /session/c4faaf2c0768716850a26568dcbf970b/element - {"using":"xpath","value":"//*[@id=\"application-manageyards-display-component---NewYard--addressNewCostObjectCstID-vhi\"]"}
RESULT: {"using":"xpath","value":"//*[@id=\"application-manageyards-display-component---NewYard--addressNewCostObjectCstID-vhi\"]"}
COMMAND: POST /session/c4faaf2c0768716850a26568dcbf970b/element/f.19DB9205A323DDBD447063DE6A5E99B9.d.704322AB4F1E91E3B4F4044220C86CAB.e.593/click - {}
RESULT: {}
COMMAND: GET /session/c4faaf2c0768716850a26568dcbf970b/screenshot - {}
RESULT: {}
COMMAND: POST /session/c4faaf2c0768716850a26568dcbf970b/execute/async - {"script":"<script> [1562 bytes]","args":[{"selector":{"controlType":"sap.m.SearchField","properties":{"placeholder":"Search"},"searchOpenDialogs":true,"interaction":{"idSuffix":"I"}},"wdio_ui5_key":"sapm.SearchField{\"placeholder\":\"Search\"}"}]}
RESULT: {"script":"<script> [1562 bytes]","args":[{"selector":{"controlType":"sap.m.SearchField","properties":{"placeholder":"Search"},"searchOpenDialogs":true,"interaction":{"idSuffix":"I"}},"wdio_ui5_key":"sapm.SearchField{\"placeholder\":\"Search\"}"}]}
RESULT: undefined
COMMAND: POST /session/c4faaf2c0768716850a26568dcbf970b/execute/async - {"script":"<script> [776 bytes]","args":[{"enterText":"10001013","selector":{"controlType":"sap.m.SearchField","properties":{"placeholder":"Search"},"searchOpenDialogs":true,"interaction":{"idSuffix":"I"}},"clearTextFirst":true,"interactionType":"ENTER_TEXT"}]}
RESULT: {"script":"<script> [776 bytes]","args":[{"enterText":"10001013","selector":{"controlType":"sap.m.SearchField","properties":{"placeholder":"Search"},"searchOpenDialogs":true,"interaction":{"idSuffix":"I"}},"clearTextFirst":true,"interactionType":"ENTER_TEXT"}]}
COMMAND: POST /session/c4faaf2c0768716850a26568dcbf970b/actions - {"actions":[{"id":"action2","type":"key","parameters":{},"actions":[{"type":"keyDown","value":"î€‡"},{"type":"pause","duration":10},{"type":"keyUp","value":"î€‡"}]}]}
RESULT: {"actions":[{"id":"action2","type":"key","parameters":{},"actions":[{"type":"keyDown","value":"î€‡"},{"type":"pause","duration":10},{"type":"keyUp","value":"î€‡"}]}]}
COMMAND: GET /session/c4faaf2c0768716850a26568dcbf970b/screenshot - {}
RESULT: {}
COMMAND: POST /session/c4faaf2c0768716850a26568dcbf970b/element - {"using":"xpath","value":"//span[contains(text(), \"General Management\")]"}
RESULT: {"using":"xpath","value":"//span[contains(text(), \"General Management\")]"}
COMMAND: POST /session/c4faaf2c0768716850a26568dcbf970b/element/f.19DB9205A323DDBD447063DE6A5E99B9.d.704322AB4F1E91E3B4F4044220C86CAB.e.634/click - {}
RESULT: {}
COMMAND: GET /session/c4faaf2c0768716850a26568dcbf970b/screenshot - {}
RESULT: {}
COMMAND: POST /session/c4faaf2c0768716850a26568dcbf970b/element - {"using":"xpath","value":"//bdi[contains(text(), \"OK\")]"}
RESULT: {"using":"xpath","value":"//bdi[contains(text(), \"OK\")]"}
COMMAND: POST /session/c4faaf2c0768716850a26568dcbf970b/element/f.19DB9205A323DDBD447063DE6A5E99B9.d.704322AB4F1E91E3B4F4044220C86CAB.e.635/click - {}
RESULT: {}
COMMAND: GET /session/c4faaf2c0768716850a26568dcbf970b/screenshot - {}
RESULT: {}
COMMAND: POST /session/c4faaf2c0768716850a26568dcbf970b/execute/async - {"script":"<script> [1562 bytes]","args":[{"selector":{"controlType":"sap.m.Button","viewName":"etm.portal.ui.manageyards.view.New","viewId":"application-manageyards-display-component---NewYard","i18NText":{"propertyName":"text","key":"save"},"interaction":{"idSuffix":"inner"}},"wdio_ui5_key":"etmportal.ui.manageyards.view.Newsap.m.Button{\"propertyName\":\"text\",\"key\":\"save\"}"}]}
RESULT: {"script":"<script> [1562 bytes]","args":[{"selector":{"controlType":"sap.m.Button","viewName":"etm.portal.ui.manageyards.view.New","viewId":"application-manageyards-display-component---NewYard","i18NText":{"propertyName":"text","key":"save"},"interaction":{"idSuffix":"inner"}},"wdio_ui5_key":"etmportal.ui.manageyards.view.Newsap.m.Button{\"propertyName\":\"text\",\"key\":\"save\"}"}]}
RESULT: undefined
COMMAND: POST /session/c4faaf2c0768716850a26568dcbf970b/element - {"using":"xpath","value":"//*[@id=\"__button18\"]"}
RESULT: {"using":"xpath","value":"//*[@id=\"__button18\"]"}
COMMAND: POST /session/c4faaf2c0768716850a26568dcbf970b/element/f.19DB9205A323DDBD447063DE6A5E99B9.d.704322AB4F1E91E3B4F4044220C86CAB.e.545/click - {}
RESULT: {}
COMMAND: GET /session/c4faaf2c0768716850a26568dcbf970b/screenshot - {}
RESULT: {}
COMMAND: POST /session/c4faaf2c0768716850a26568dcbf970b/element - {"using":"xpath","value":"//header/div/div[2]/div[2]/span"}
RESULT: {"using":"xpath","value":"//header/div/div[2]/div[2]/span"}
COMMAND: GET /session/c4faaf2c0768716850a26568dcbf970b/element/f.19DB9205A323DDBD447063DE6A5E99B9.d.704322AB4F1E91E3B4F4044220C86CAB.e.829/text - {}
RESULT: {}
COMMAND: POST /session/c4faaf2c0768716850a26568dcbf970b/execute/async - {"script":"<script> [1562 bytes]","args":[{"selector":{"controlType":"sap.m.OverflowToolbarButton","viewName":"etm.portal.ui.manageyards.view.Detail","viewId":"application-manageyards-display-component---detailYard","i18NText":{"propertyName":"tooltip","key":"closeColumn"},"interaction":{"idSuffix":"inner"}},"wdio_ui5_key":"etmportal.ui.manageyards.view.Detailsap.m.OverflowToolbarButton{\"propertyName\":\"tooltip\",\"key\":\"closeColumn\"}"}]}
RESULT: {"script":"<script> [1562 bytes]","args":[{"selector":{"controlType":"sap.m.OverflowToolbarButton","viewName":"etm.portal.ui.manageyards.view.Detail","viewId":"application-manageyards-display-component---detailYard","i18NText":{"propertyName":"tooltip","key":"closeColumn"},"interaction":{"idSuffix":"inner"}},"wdio_ui5_key":"etmportal.ui.manageyards.view.Detailsap.m.OverflowToolbarButton{\"propertyName\":\"tooltip\",\"key\":\"closeColumn\"}"}]}
RESULT: undefined
COMMAND: POST /session/c4faaf2c0768716850a26568dcbf970b/element - {"using":"xpath","value":"//*[@id=\"__button42\"]"}
RESULT: {"using":"xpath","value":"//*[@id=\"__button42\"]"}
COMMAND: POST /session/c4faaf2c0768716850a26568dcbf970b/element/f.19DB9205A323DDBD447063DE6A5E99B9.d.704322AB4F1E91E3B4F4044220C86CAB.e.831/click - {}
RESULT: {}
COMMAND: GET /session/c4faaf2c0768716850a26568dcbf970b/screenshot - {}
RESULT: {}
COMMAND: POST /session/c4faaf2c0768716850a26568dcbf970b/element - {"using":"css selector","value":"#shell-header-logo"}
RESULT: {"using":"css selector","value":"#shell-header-logo"}
COMMAND: POST /session/c4faaf2c0768716850a26568dcbf970b/element/f.19DB9205A323DDBD447063DE6A5E99B9.d.704322AB4F1E91E3B4F4044220C86CAB.e.116/click - {}
RESULT: {}
COMMAND: GET /session/c4faaf2c0768716850a26568dcbf970b/screenshot - {}
RESULT: {}
COMMAND: POST /session/c4faaf2c0768716850a26568dcbf970b/refresh - {}
RESULT: {}
COMMAND: GET /session/c4faaf2c0768716850a26568dcbf970b/screenshot - {}
RESULT: {}
COMMAND: POST /session/c4faaf2c0768716850a26568dcbf970b/execute/async - {"script":"<script> [189 bytes]","args":[]}
RESULT: {"script":"<script> [189 bytes]","args":[]}
COMMAND: POST /session/c4faaf2c0768716850a26568dcbf970b/execute/async - {"script":"<script> [123 bytes]","args":[]}
RESULT: {"script":"<script> [123 bytes]","args":[]}
COMMAND: POST /session/c4faaf2c0768716850a26568dcbf970b/timeouts - {"script":"<number>"}
RESULT: {"script":"<number>"}
COMMAND: GET /session/c4faaf2c0768716850a26568dcbf970b/timeouts - {}
RESULT: {}
RESULT: undefined
COMMAND: POST /session/c4faaf2c0768716850a26568dcbf970b/execute/async - {"script":"<script> [2676 bytes]","args":[]}
RESULT: {"script":"<script> [2676 bytes]","args":[]}
COMMAND: POST /session/c4faaf2c0768716850a26568dcbf970b/execute/async - {"script":"<script> [2342 bytes]","args":[{"protocol":"http","hostname":"0.0.0.0","path":"/","capabilities":{"browserName":"chrome","goog:chromeOptions":{"binary":"C:\\Program Files\\Google\\Chrome\\Application\\chrome.exe","args":["--start-maximized"]}},"logLevel":"warn","connectionRetryTimeout":120000,"connectionRetryCount":3,"logLevels":{},"enableDirectConnect":true,"strictSSL":true,"_":"65 more keys: [\"cacheDir\",\"port\",\"requestedCapabilities\",\"automationProtocol\",\"baseUrl\",\"waitforInterval\",\"waitforTimeout\",\"onReload\",\"beforeCommand\",\"afterCommand\",\"rootDir\",\"specs\",\"suites\",\"exclude\",\"groupLogsByTestSpec\",\"excludeDriverLogs\",\"bail\",\"framework\",\"reporters\",\"services\",\"maxInstances\",\"maxInstancesPerCapability\",\"injectGlobals\",\"filesToWatch\",\"execArgv\",\"runnerEnv\",\"runner\",\"shard\",\"specFileRetries\",\"specFileRetriesDelay\",\"specFileRetriesDeferred\",\"reporterSyncInterval\",\"reporterSyncTimeout\",\"cucumberFeaturesWithLineNumbers\",\"autoCompileOpts\",\"mochaOpts\",\"jasmineOpts\",\"cucumberOpts\",\"onPrepare\",\"onWorkerStart\",\"onWorkerEnd\",\"before\",\"beforeSession\",\"beforeSuite\",\"beforeHook\",\"beforeTest\",\"afterTest\",\"afterHook\",\"afterSuite\",\"afterSession\",\"after\",\"onComplete\",\"beforeAssertion\",\"afterAssertion\",\"beforeFeature\",\"beforeScenario\",\"beforeStep\",\"afterStep\",\"afterScenario\",\"afterFeature\",\"_\",\"suite\",\"$0\",\"ignoredWorkerServices\",\"wdi5\"]"}]}
RESULT: {"script":"<script> [2342 bytes]","args":[{"protocol":"http","hostname":"0.0.0.0","path":"/","capabilities":{"browserName":"chrome","goog:chromeOptions":{"binary":"C:\\Program Files\\Google\\Chrome\\Application\\chrome.exe","args":["--start-maximized"]}},"logLevel":"warn","connectionRetryTimeout":120000,"connectionRetryCount":3,"logLevels":{},"enableDirectConnect":true,"strictSSL":true,"_":"65 more keys: [\"cacheDir\",\"port\",\"requestedCapabilities\",\"automationProtocol\",\"baseUrl\",\"waitforInterval\",\"waitforTimeout\",\"onReload\",\"beforeCommand\",\"afterCommand\",\"rootDir\",\"specs\",\"suites\",\"exclude\",\"groupLogsByTestSpec\",\"excludeDriverLogs\",\"bail\",\"framework\",\"reporters\",\"services\",\"maxInstances\",\"maxInstancesPerCapability\",\"injectGlobals\",\"filesToWatch\",\"execArgv\",\"runnerEnv\",\"runner\",\"shard\",\"specFileRetries\",\"specFileRetriesDelay\",\"specFileRetriesDeferred\",\"reporterSyncInterval\",\"reporterSyncTimeout\",\"cucumberFeaturesWithLineNumbers\",\"autoCompileOpts\",\"mochaOpts\",\"jasmineOpts\",\"cucumberOpts\",\"onPrepare\",\"onWorkerStart\",\"onWorkerEnd\",\"before\",\"beforeSession\",\"beforeSuite\",\"beforeHook\",\"beforeTest\",\"afterTest\",\"afterHook\",\"afterSuite\",\"afterSession\",\"after\",\"onComplete\",\"beforeAssertion\",\"afterAssertion\",\"beforeFeature\",\"beforeScenario\",\"beforeStep\",\"afterStep\",\"afterScenario\",\"afterFeature\",\"_\",\"suite\",\"$0\",\"ignoredWorkerServices\",\"wdi5\"]"}]}
COMMAND: POST /session/c4faaf2c0768716850a26568dcbf970b/execute/async - {"script":"<script> [21126 bytes]","args":[35000]}
RESULT: {"script":"<script> [21126 bytes]","args":[35000]}
COMMAND: POST /session/c4faaf2c0768716850a26568dcbf970b/execute/async - {"script":"<script> [1562 bytes]","args":[{"selector":{"controlType":"sap.m.GenericTile","properties":{"header":"Manage Sites"}},"wdio_ui5_key":"sapm.GenericTile{\"header\":\"Manage Sites\"}"}]}
RESULT: {"script":"<script> [1562 bytes]","args":[{"selector":{"controlType":"sap.m.GenericTile","properties":{"header":"Manage Sites"}},"wdio_ui5_key":"sapm.GenericTile{\"header\":\"Manage Sites\"}"}]}
RESULT: undefined
COMMAND: POST /session/c4faaf2c0768716850a26568dcbf970b/element - {"using":"xpath","value":"//*[@id=\"__tile40\"]"}
RESULT: {"using":"xpath","value":"//*[@id=\"__tile40\"]"}
COMMAND: POST /session/c4faaf2c0768716850a26568dcbf970b/element/f.19DB9205A323DDBD447063DE6A5E99B9.d.30DD1E53418682F8488675C588F4CAD0.e.1183/click - {}
RESULT: {}
COMMAND: GET /session/c4faaf2c0768716850a26568dcbf970b/screenshot - {}
RESULT: {}
COMMAND: POST /session/c4faaf2c0768716850a26568dcbf970b/elements - {"using":"xpath","value":"//span[text()='Error']"}
RESULT: {"using":"xpath","value":"//span[text()='Error']"}
COMMAND: POST /session/c4faaf2c0768716850a26568dcbf970b/execute/async - {"script":"<script> [1562 bytes]","args":[{"selector":{"controlType":"sap.ui.core.Icon","viewName":"etm.portal.ui.managesites.view.Master","viewId":"application-managesites-display-component---masterSite","properties":{"src":{"regex":{"source":"add"}}}},"wdio_ui5_key":"etmportal.ui.managesites.view.Mastersap.ui.core.Icon{\"src\":{\"regex\":{\"source\":\"add\"}}}"}]}
RESULT: {"script":"<script> [1562 bytes]","args":[{"selector":{"controlType":"sap.ui.core.Icon","viewName":"etm.portal.ui.managesites.view.Master","viewId":"application-managesites-display-component---masterSite","properties":{"src":{"regex":{"source":"add"}}}},"wdio_ui5_key":"etmportal.ui.managesites.view.Mastersap.ui.core.Icon{\"src\":{\"regex\":{\"source\":\"add\"}}}"}]}
RESULT: undefined
COMMAND: POST /session/c4faaf2c0768716850a26568dcbf970b/element - {"using":"xpath","value":"//*[@id=\"__button4-img\"]"}
RESULT: {"using":"xpath","value":"//*[@id=\"__button4-img\"]"}
COMMAND: POST /session/c4faaf2c0768716850a26568dcbf970b/element/f.19DB9205A323DDBD447063DE6A5E99B9.d.30DD1E53418682F8488675C588F4CAD0.e.1232/click - {}
RESULT: {}
COMMAND: POST /session/c4faaf2c0768716850a26568dcbf970b/execute/async - {"script":"<script> [1562 bytes]","args":[{"selector":{"id":"application-managesites-display-component---NewSite--siteId","interaction":{"idSuffix":"inner"}},"wdio_ui5_key":"applicationmanagesites-display-component---NewSite--siteId"}]}
COMMAND: GET /session/c4faaf2c0768716850a26568dcbf970b/screenshot - {}
RESULT: {"script":"<script> [1562 bytes]","args":[{"selector":{"id":"application-managesites-display-component---NewSite--siteId","interaction":{"idSuffix":"inner"}},"wdio_ui5_key":"applicationmanagesites-display-component---NewSite--siteId"}]}
RESULT: undefined
COMMAND: POST /session/c4faaf2c0768716850a26568dcbf970b/execute/async - {"script":"<script> [1562 bytes]","args":[{"selector":{"id":"application-managesites-display-component---NewSite--addressDetailDetailsName1","interaction":{"idSuffix":"inner"}},"wdio_ui5_key":"applicationmanagesites-display-component---NewSite--addressDetailDetailsName1"}]}
RESULT: {}
RESULT: {"script":"<script> [1562 bytes]","args":[{"selector":{"id":"application-managesites-display-component---NewSite--addressDetailDetailsName1","interaction":{"idSuffix":"inner"}},"wdio_ui5_key":"applicationmanagesites-display-component---NewSite--addressDetailDetailsName1"}]}
RESULT: undefined
COMMAND: POST /session/c4faaf2c0768716850a26568dcbf970b/execute/async - {"script":"<script> [776 bytes]","args":[{"enterText":"WebdriverSitehwvto","selector":{"id":"application-managesites-display-component---NewSite--addressDetailDetailsName1","interaction":{"idSuffix":"inner"}},"clearTextFirst":true,"interactionType":"ENTER_TEXT"}]}
RESULT: {"script":"<script> [776 bytes]","args":[{"enterText":"WebdriverSitehwvto","selector":{"id":"application-managesites-display-component---NewSite--addressDetailDetailsName1","interaction":{"idSuffix":"inner"}},"clearTextFirst":true,"interactionType":"ENTER_TEXT"}]}
COMMAND: POST /session/c4faaf2c0768716850a26568dcbf970b/execute/async - {"script":"<script> [1562 bytes]","args":[{"selector":{"id":"application-managesites-display-component---NewSite--addressDetailDetailsLanguage","interaction":{"idSuffix":"inner"}},"wdio_ui5_key":"applicationmanagesites-display-component---NewSite--addressDetailDetailsLanguage"}]}
RESULT: {"script":"<script> [1562 bytes]","args":[{"selector":{"id":"application-managesites-display-component---NewSite--addressDetailDetailsLanguage","interaction":{"idSuffix":"inner"}},"wdio_ui5_key":"applicationmanagesites-display-component---NewSite--addressDetailDetailsLanguage"}]}
RESULT: undefined
COMMAND: POST /session/c4faaf2c0768716850a26568dcbf970b/execute/async - {"script":"<script> [776 bytes]","args":[{"enterText":"Romanian","selector":{"id":"application-managesites-display-component---NewSite--addressDetailDetailsLanguage","interaction":{"idSuffix":"inner"}},"clearTextFirst":true,"interactionType":"ENTER_TEXT"}]}
RESULT: {"script":"<script> [776 bytes]","args":[{"enterText":"Romanian","selector":{"id":"application-managesites-display-component---NewSite--addressDetailDetailsLanguage","interaction":{"idSuffix":"inner"}},"clearTextFirst":true,"interactionType":"ENTER_TEXT"}]}
COMMAND: POST /session/c4faaf2c0768716850a26568dcbf970b/execute/async - {"script":"<script> [1562 bytes]","args":[{"selector":{"id":"application-managesites-display-component---NewSite--addressDetailDetailsCity1","interaction":{"idSuffix":"inner"}},"wdio_ui5_key":"applicationmanagesites-display-component---NewSite--addressDetailDetailsCity1"}]}
RESULT: {"script":"<script> [1562 bytes]","args":[{"selector":{"id":"application-managesites-display-component---NewSite--addressDetailDetailsCity1","interaction":{"idSuffix":"inner"}},"wdio_ui5_key":"applicationmanagesites-display-component---NewSite--addressDetailDetailsCity1"}]}
RESULT: undefined
COMMAND: POST /session/c4faaf2c0768716850a26568dcbf970b/execute/async - {"script":"<script> [776 bytes]","args":[{"enterText":"Bucharest","selector":{"id":"application-managesites-display-component---NewSite--addressDetailDetailsCity1","interaction":{"idSuffix":"inner"}},"clearTextFirst":true,"interactionType":"ENTER_TEXT"}]}
RESULT: {"script":"<script> [776 bytes]","args":[{"enterText":"Bucharest","selector":{"id":"application-managesites-display-component---NewSite--addressDetailDetailsCity1","interaction":{"idSuffix":"inner"}},"clearTextFirst":true,"interactionType":"ENTER_TEXT"}]}
COMMAND: POST /session/c4faaf2c0768716850a26568dcbf970b/execute/async - {"script":"<script> [1562 bytes]","args":[{"selector":{"id":"application-managesites-display-component---NewSite--addressDetailDetailsCountry","interaction":{"idSuffix":"inner"}},"wdio_ui5_key":"applicationmanagesites-display-component---NewSite--addressDetailDetailsCountry"}]}
RESULT: {"script":"<script> [1562 bytes]","args":[{"selector":{"id":"application-managesites-display-component---NewSite--addressDetailDetailsCountry","interaction":{"idSuffix":"inner"}},"wdio_ui5_key":"applicationmanagesites-display-component---NewSite--addressDetailDetailsCountry"}]}
RESULT: undefined
COMMAND: POST /session/c4faaf2c0768716850a26568dcbf970b/execute/async - {"script":"<script> [776 bytes]","args":[{"enterText":"Romania","selector":{"id":"application-managesites-display-component---NewSite--addressDetailDetailsCountry","interaction":{"idSuffix":"inner"}},"clearTextFirst":true,"interactionType":"ENTER_TEXT"}]}
RESULT: {"script":"<script> [776 bytes]","args":[{"enterText":"Romania","selector":{"id":"application-managesites-display-component---NewSite--addressDetailDetailsCountry","interaction":{"idSuffix":"inner"}},"clearTextFirst":true,"interactionType":"ENTER_TEXT"}]}
COMMAND: POST /session/c4faaf2c0768716850a26568dcbf970b/element - {"using":"css selector","value":"#application-managesites-display-component---NewSite--addressDetailDetailsCalendar-inner"}
RESULT: {"using":"css selector","value":"#application-managesites-display-component---NewSite--addressDetailDetailsCalendar-inner"}
COMMAND: POST /session/c4faaf2c0768716850a26568dcbf970b/element/f.19DB9205A323DDBD447063DE6A5E99B9.d.30DD1E53418682F8488675C588F4CAD0.e.1412/clear - {}
RESULT: {}
COMMAND: POST /session/c4faaf2c0768716850a26568dcbf970b/element/f.19DB9205A323DDBD447063DE6A5E99B9.d.30DD1E53418682F8488675C588F4CAD0.e.1412/value - {"text":"Germany"}
COMMAND: GET /session/c4faaf2c0768716850a26568dcbf970b/screenshot - {}
RESULT: {"text":"Germany"}
COMMAND: POST /session/c4faaf2c0768716850a26568dcbf970b/execute/async - {"script":"<script> [1562 bytes]","args":[{"selector":{"id":"application-managesites-display-component---NewSite--addressEditDetailsCostObjectCstType-arrow"},"wdio_ui5_key":"applicationmanagesites-display-component---NewSite--addressEditDetailsCostObjectCstType-arrow"}]}
COMMAND: GET /session/c4faaf2c0768716850a26568dcbf970b/screenshot - {}
RESULT: {}
RESULT: {"script":"<script> [1562 bytes]","args":[{"selector":{"id":"application-managesites-display-component---NewSite--addressEditDetailsCostObjectCstType-arrow"},"wdio_ui5_key":"applicationmanagesites-display-component---NewSite--addressEditDetailsCostObjectCstType-arrow"}]}
RESULT: undefined
COMMAND: POST /session/c4faaf2c0768716850a26568dcbf970b/element - {"using":"xpath","value":"//*[@id=\"application-managesites-display-component---NewSite--addressEditDetailsCostObjectCstType-arrow\"]"}
RESULT: {}
RESULT: {"using":"xpath","value":"//*[@id=\"application-managesites-display-component---NewSite--addressEditDetailsCostObjectCstType-arrow\"]"}
COMMAND: POST /session/c4faaf2c0768716850a26568dcbf970b/element/f.19DB9205A323DDBD447063DE6A5E99B9.d.30DD1E53418682F8488675C588F4CAD0.e.1617/click - {}
RESULT: {}
COMMAND: POST /session/c4faaf2c0768716850a26568dcbf970b/element - {"using":"xpath","value":"//span[contains(text(), \"Work Breakdown Structure\")]"}
COMMAND: GET /session/c4faaf2c0768716850a26568dcbf970b/screenshot - {}
RESULT: {"using":"xpath","value":"//span[contains(text(), \"Work Breakdown Structure\")]"}
COMMAND: POST /session/c4faaf2c0768716850a26568dcbf970b/element/f.19DB9205A323DDBD447063DE6A5E99B9.d.30DD1E53418682F8488675C588F4CAD0.e.1618/click - {}
RESULT: {}
RESULT: {}
COMMAND: GET /session/c4faaf2c0768716850a26568dcbf970b/screenshot - {}
RESULT: {}
COMMAND: POST /session/c4faaf2c0768716850a26568dcbf970b/execute/async - {"script":"<script> [1562 bytes]","args":[{"selector":{"id":"application-managesites-display-component---NewSite--addressNewCostObjectCstID-vhi"},"wdio_ui5_key":"applicationmanagesites-display-component---NewSite--addressNewCostObjectCstID-vhi"}]}
RESULT: {"script":"<script> [1562 bytes]","args":[{"selector":{"id":"application-managesites-display-component---NewSite--addressNewCostObjectCstID-vhi"},"wdio_ui5_key":"applicationmanagesites-display-component---NewSite--addressNewCostObjectCstID-vhi"}]}
RESULT: undefined
COMMAND: POST /session/c4faaf2c0768716850a26568dcbf970b/element - {"using":"xpath","value":"//*[@id=\"application-managesites-display-component---NewSite--addressNewCostObjectCstID-vhi\"]"}
RESULT: {"using":"xpath","value":"//*[@id=\"application-managesites-display-component---NewSite--addressNewCostObjectCstID-vhi\"]"}
COMMAND: POST /session/c4faaf2c0768716850a26568dcbf970b/element/f.19DB9205A323DDBD447063DE6A5E99B9.d.30DD1E53418682F8488675C588F4CAD0.e.1622/click - {}
RESULT: {}
COMMAND: GET /session/c4faaf2c0768716850a26568dcbf970b/screenshot - {}
RESULT: {}
COMMAND: POST /session/c4faaf2c0768716850a26568dcbf970b/execute/async - {"script":"<script> [1562 bytes]","args":[{"selector":{"controlType":"sap.m.SearchField","properties":{"placeholder":"Search"},"searchOpenDialogs":true,"interaction":{"idSuffix":"I"}},"wdio_ui5_key":"sapm.SearchField{\"placeholder\":\"Search\"}"}]}
RESULT: {"script":"<script> [1562 bytes]","args":[{"selector":{"controlType":"sap.m.SearchField","properties":{"placeholder":"Search"},"searchOpenDialogs":true,"interaction":{"idSuffix":"I"}},"wdio_ui5_key":"sapm.SearchField{\"placeholder\":\"Search\"}"}]}
RESULT: undefined
COMMAND: POST /session/c4faaf2c0768716850a26568dcbf970b/execute/async - {"script":"<script> [776 bytes]","args":[{"enterText":"A1-000100-01","selector":{"controlType":"sap.m.SearchField","properties":{"placeholder":"Search"},"searchOpenDialogs":true,"interaction":{"idSuffix":"I"}},"clearTextFirst":true,"interactionType":"ENTER_TEXT"}]}
RESULT: {"script":"<script> [776 bytes]","args":[{"enterText":"A1-000100-01","selector":{"controlType":"sap.m.SearchField","properties":{"placeholder":"Search"},"searchOpenDialogs":true,"interaction":{"idSuffix":"I"}},"clearTextFirst":true,"interactionType":"ENTER_TEXT"}]}
COMMAND: POST /session/c4faaf2c0768716850a26568dcbf970b/actions - {"actions":[{"id":"action3","type":"key","parameters":{},"actions":[{"type":"keyDown","value":"î€‡"},{"type":"pause","duration":10},{"type":"keyUp","value":"î€‡"}]}]}
RESULT: {"actions":[{"id":"action3","type":"key","parameters":{},"actions":[{"type":"keyDown","value":"î€‡"},{"type":"pause","duration":10},{"type":"keyUp","value":"î€‡"}]}]}
COMMAND: GET /session/c4faaf2c0768716850a26568dcbf970b/screenshot - {}
RESULT: {}
COMMAND: POST /session/c4faaf2c0768716850a26568dcbf970b/element - {"using":"xpath","value":"//span[contains(text(), \"Template for ETO-Process\")]"}
RESULT: {"using":"xpath","value":"//span[contains(text(), \"Template for ETO-Process\")]"}
COMMAND: POST /session/c4faaf2c0768716850a26568dcbf970b/element/f.19DB9205A323DDBD447063DE6A5E99B9.d.30DD1E53418682F8488675C588F4CAD0.e.1642/click - {}
RESULT: {}
COMMAND: GET /session/c4faaf2c0768716850a26568dcbf970b/screenshot - {}
RESULT: {}
COMMAND: POST /session/c4faaf2c0768716850a26568dcbf970b/element - {"using":"xpath","value":"//bdi[contains(text(), \"OK\")]"}
RESULT: {"using":"xpath","value":"//bdi[contains(text(), \"OK\")]"}
COMMAND: POST /session/c4faaf2c0768716850a26568dcbf970b/element/f.19DB9205A323DDBD447063DE6A5E99B9.d.30DD1E53418682F8488675C588F4CAD0.e.1643/click - {}
RESULT: {}
COMMAND: GET /session/c4faaf2c0768716850a26568dcbf970b/screenshot - {}
RESULT: {}
COMMAND: POST /session/c4faaf2c0768716850a26568dcbf970b/element - {"using":"xpath","value":"//input[@id=\"application-managesites-display-component---NewSite--addressDetailDetailsYard-inner\"]"}
RESULT: {"using":"xpath","value":"//input[@id=\"application-managesites-display-component---NewSite--addressDetailDetailsYard-inner\"]"}
COMMAND: POST /session/c4faaf2c0768716850a26568dcbf970b/element/f.19DB9205A323DDBD447063DE6A5E99B9.d.30DD1E53418682F8488675C588F4CAD0.e.1413/value - {"text":"WebdriverYardhb4xz"}
RESULT: {"text":"WebdriverYardhb4xz"}
COMMAND: GET /session/c4faaf2c0768716850a26568dcbf970b/screenshot - {}
RESULT: {}
COMMAND: POST /session/c4faaf2c0768716850a26568dcbf970b/actions - {"actions":[{"id":"action4","type":"key","parameters":{},"actions":[{"type":"keyDown","value":"î€‡"},{"type":"pause","duration":10},{"type":"keyUp","value":"î€‡"}]}]}
RESULT: {"actions":[{"id":"action4","type":"key","parameters":{},"actions":[{"type":"keyDown","value":"î€‡"},{"type":"pause","duration":10},{"type":"keyUp","value":"î€‡"}]}]}
COMMAND: GET /session/c4faaf2c0768716850a26568dcbf970b/screenshot - {}
RESULT: {}
COMMAND: POST /session/c4faaf2c0768716850a26568dcbf970b/element - {"using":"xpath","value":"//input[@id=\"application-managesites-display-component---NewSite--addressDetailDetailsPartner-inner\"]"}
RESULT: {"using":"xpath","value":"//input[@id=\"application-managesites-display-component---NewSite--addressDetailDetailsPartner-inner\"]"}
COMMAND: POST /session/c4faaf2c0768716850a26568dcbf970b/elements - {"using":"xpath","value":"//input[@id=\"application-managesites-display-component---NewSite--addressDetailDetailsPartner-inner\"]"}
RESULT: {"using":"xpath","value":"//input[@id=\"application-managesites-display-component---NewSite--addressDetailDetailsPartner-inner\"]"}
COMMAND: POST /session/c4faaf2c0768716850a26568dcbf970b/execute/async - {"script":"<script> [1562 bytes]","args":[{"selector":{"controlType":"sap.m.Button","viewName":"etm.portal.ui.managesites.view.NewSmartSite","viewId":"application-managesites-display-component---NewSite","properties":{"text":"Commercial"},"interaction":{"idSuffix":"BDI-content"}},"wdio_ui5_key":"etmportal.ui.managesites.view.NewSmartSitesap.m.Button{\"text\":\"Commercial\"}"}]}
RESULT: {"script":"<script> [1562 bytes]","args":[{"selector":{"controlType":"sap.m.Button","viewName":"etm.portal.ui.managesites.view.NewSmartSite","viewId":"application-managesites-display-component---NewSite","properties":{"text":"Commercial"},"interaction":{"idSuffix":"BDI-content"}},"wdio_ui5_key":"etmportal.ui.managesites.view.NewSmartSitesap.m.Button{\"text\":\"Commercial\"}"}]}
RESULT: undefined
COMMAND: POST /session/c4faaf2c0768716850a26568dcbf970b/element - {"using":"xpath","value":"//*[@id=\"application-managesites-display-component---NewSite--ObjectPageLayout-anchBar-__section5-anchor\"]"}
RESULT: {"using":"xpath","value":"//*[@id=\"application-managesites-display-component---NewSite--ObjectPageLayout-anchBar-__section5-anchor\"]"}
COMMAND: POST /session/c4faaf2c0768716850a26568dcbf970b/element/f.19DB9205A323DDBD447063DE6A5E99B9.d.30DD1E53418682F8488675C588F4CAD0.e.1650/click - {}
RESULT: {}
COMMAND: POST /session/c4faaf2c0768716850a26568dcbf970b/execute/async - {"script":"<script> [1562 bytes]","args":[{"selector":{"controlType":"sap.m.Button","viewName":"etm.portal.ui.managesites.view.NewSmartSite","viewId":"application-managesites-display-component---NewSite","i18NText":{"propertyName":"text","key":"save"},"interaction":{"idSuffix":"BDI-content"}},"wdio_ui5_key":"etmportal.ui.managesites.view.NewSmartSitesap.m.Button{\"propertyName\":\"text\",\"key\":\"save\"}"}]}
COMMAND: GET /session/c4faaf2c0768716850a26568dcbf970b/screenshot - {}
RESULT: {"script":"<script> [1562 bytes]","args":[{"selector":{"controlType":"sap.m.Button","viewName":"etm.portal.ui.managesites.view.NewSmartSite","viewId":"application-managesites-display-component---NewSite","i18NText":{"propertyName":"text","key":"save"},"interaction":{"idSuffix":"BDI-content"}},"wdio_ui5_key":"etmportal.ui.managesites.view.NewSmartSitesap.m.Button{\"propertyName\":\"text\",\"key\":\"save\"}"}]}
RESULT: undefined
COMMAND: POST /session/c4faaf2c0768716850a26568dcbf970b/element - {"using":"xpath","value":"//*[@id=\"__button16\"]"}
RESULT: {}
RESULT: {"using":"xpath","value":"//*[@id=\"__button16\"]"}
COMMAND: POST /session/c4faaf2c0768716850a26568dcbf970b/element/f.19DB9205A323DDBD447063DE6A5E99B9.d.30DD1E53418682F8488675C588F4CAD0.e.1556/click - {}
RESULT: {}
COMMAND: GET /session/c4faaf2c0768716850a26568dcbf970b/screenshot - {}
RESULT: {}
COMMAND: POST /session/c4faaf2c0768716850a26568dcbf970b/execute/async - {"script":"<script> [1562 bytes]","args":[{"selector":{"id":"application-managesites-display-component---detailSite--addressDetailDetailsYardText"},"wdio_ui5_key":"applicationmanagesites-display-component---detailSite--addressDetailDetailsYardText"}]}
RESULT: {"script":"<script> [1562 bytes]","args":[{"selector":{"id":"application-managesites-display-component---detailSite--addressDetailDetailsYardText"},"wdio_ui5_key":"applicationmanagesites-display-component---detailSite--addressDetailDetailsYardText"}]}
RESULT: undefined
COMMAND: POST /session/c4faaf2c0768716850a26568dcbf970b/element - {"using":"xpath","value":"//header/div/div[2]/div[2]/span"}
RESULT: {"using":"xpath","value":"//header/div/div[2]/div[2]/span"}
COMMAND: GET /session/c4faaf2c0768716850a26568dcbf970b/element/f.19DB9205A323DDBD447063DE6A5E99B9.d.30DD1E53418682F8488675C588F4CAD0.e.1853/text - {}
RESULT: {}
COMMAND: POST /session/c4faaf2c0768716850a26568dcbf970b/element - {"using":"xpath","value":"//header/div/div/div/div/div/div[2]/div/span"}
RESULT: {"using":"xpath","value":"//header/div/div/div/div/div/div[2]/div/span"}
COMMAND: GET /session/c4faaf2c0768716850a26568dcbf970b/element/f.19DB9205A323DDBD447063DE6A5E99B9.d.30DD1E53418682F8488675C588F4CAD0.e.1854/text - {}
RESULT: {}
COMMAND: POST /session/c4faaf2c0768716850a26568dcbf970b/element - {"using":"css selector","value":"#shell-header-logo"}
RESULT: {"using":"css selector","value":"#shell-header-logo"}
COMMAND: POST /session/c4faaf2c0768716850a26568dcbf970b/element/f.19DB9205A323DDBD447063DE6A5E99B9.d.30DD1E53418682F8488675C588F4CAD0.e.1174/click - {}
RESULT: {}
COMMAND: GET /session/c4faaf2c0768716850a26568dcbf970b/screenshot - {}
RESULT: {}
COMMAND: POST /session/c4faaf2c0768716850a26568dcbf970b/execute/async - {"script":"<script> [1562 bytes]","args":[{"selector":{"controlType":"sap.m.GenericTile","properties":{"header":"Manage Partners"}},"wdio_ui5_key":"sapm.GenericTile{\"header\":\"Manage Partners\"}"}]}
RESULT: {"script":"<script> [1562 bytes]","args":[{"selector":{"controlType":"sap.m.GenericTile","properties":{"header":"Manage Partners"}},"wdio_ui5_key":"sapm.GenericTile{\"header\":\"Manage Partners\"}"}]}
RESULT: undefined
COMMAND: POST /session/c4faaf2c0768716850a26568dcbf970b/element - {"using":"xpath","value":"//*[@id=\"__tile38\"]"}
RESULT: {"using":"xpath","value":"//*[@id=\"__tile38\"]"}
COMMAND: POST /session/c4faaf2c0768716850a26568dcbf970b/element/f.19DB9205A323DDBD447063DE6A5E99B9.d.30DD1E53418682F8488675C588F4CAD0.e.1856/click - {}
RESULT: {}
COMMAND: GET /session/c4faaf2c0768716850a26568dcbf970b/screenshot - {}
RESULT: {}
COMMAND: POST /session/c4faaf2c0768716850a26568dcbf970b/elements - {"using":"xpath","value":"//span[text()='Error']"}
RESULT: {"using":"xpath","value":"//span[text()='Error']"}
COMMAND: POST /session/c4faaf2c0768716850a26568dcbf970b/execute/async - {"script":"<script> [1562 bytes]","args":[{"selector":{"controlType":"sap.ui.core.Icon","viewName":"etm.portal.ui.managepartners.view.Master","viewId":"application-managepartners-display-component---masterPtm","properties":{"src":{"regex":{"source":"add"}}}},"wdio_ui5_key":"etmportal.ui.managepartners.view.Mastersap.ui.core.Icon{\"src\":{\"regex\":{\"source\":\"add\"}}}"}]}
RESULT: {"script":"<script> [1562 bytes]","args":[{"selector":{"controlType":"sap.ui.core.Icon","viewName":"etm.portal.ui.managepartners.view.Master","viewId":"application-managepartners-display-component---masterPtm","properties":{"src":{"regex":{"source":"add"}}}},"wdio_ui5_key":"etmportal.ui.managepartners.view.Mastersap.ui.core.Icon{\"src\":{\"regex\":{\"source\":\"add\"}}}"}]}
RESULT: undefined
COMMAND: POST /session/c4faaf2c0768716850a26568dcbf970b/element - {"using":"xpath","value":"//*[@id=\"__button60-img\"]"}
RESULT: {"using":"xpath","value":"//*[@id=\"__button60-img\"]"}
COMMAND: POST /session/c4faaf2c0768716850a26568dcbf970b/element/f.19DB9205A323DDBD447063DE6A5E99B9.d.30DD1E53418682F8488675C588F4CAD0.e.1906/click - {}
RESULT: {}
COMMAND: GET /session/c4faaf2c0768716850a26568dcbf970b/screenshot - {}
RESULT: {}
COMMAND: POST /session/c4faaf2c0768716850a26568dcbf970b/execute/async - {"script":"<script> [1562 bytes]","args":[{"selector":{"id":"application-managepartners-display-component---NewPartner--partnerId","interaction":{"idSuffix":"inner"}},"wdio_ui5_key":"applicationmanagepartners-display-component---NewPartner--partnerId"}]}
RESULT: {"script":"<script> [1562 bytes]","args":[{"selector":{"id":"application-managepartners-display-component---NewPartner--partnerId","interaction":{"idSuffix":"inner"}},"wdio_ui5_key":"applicationmanagepartners-display-component---NewPartner--partnerId"}]}
RESULT: undefined
COMMAND: POST /session/c4faaf2c0768716850a26568dcbf970b/execute/async - {"script":"<script> [1562 bytes]","args":[{"selector":{"id":"application-managepartners-display-component---NewPartner--addressDetailDetailsName1","interaction":{"idSuffix":"inner"}},"wdio_ui5_key":"applicationmanagepartners-display-component---NewPartner--addressDetailDetailsName1"}]}
RESULT: {"script":"<script> [1562 bytes]","args":[{"selector":{"id":"application-managepartners-display-component---NewPartner--addressDetailDetailsName1","interaction":{"idSuffix":"inner"}},"wdio_ui5_key":"applicationmanagepartners-display-component---NewPartner--addressDetailDetailsName1"}]}
RESULT: undefined
COMMAND: POST /session/c4faaf2c0768716850a26568dcbf970b/execute/async - {"script":"<script> [776 bytes]","args":[{"enterText":"WebdriverPartner3jbqs","selector":{"id":"application-managepartners-display-component---NewPartner--addressDetailDetailsName1","interaction":{"idSuffix":"inner"}},"clearTextFirst":true,"interactionType":"ENTER_TEXT"}]}
RESULT: {"script":"<script> [776 bytes]","args":[{"enterText":"WebdriverPartner3jbqs","selector":{"id":"application-managepartners-display-component---NewPartner--addressDetailDetailsName1","interaction":{"idSuffix":"inner"}},"clearTextFirst":true,"interactionType":"ENTER_TEXT"}]}
COMMAND: POST /session/c4faaf2c0768716850a26568dcbf970b/execute/async - {"script":"<script> [1562 bytes]","args":[{"selector":{"id":"application-managepartners-display-component---NewPartner--addressDetailDetailsLanguage","interaction":{"idSuffix":"inner"}},"wdio_ui5_key":"applicationmanagepartners-display-component---NewPartner--addressDetailDetailsLanguage"}]}
RESULT: {"script":"<script> [1562 bytes]","args":[{"selector":{"id":"application-managepartners-display-component---NewPartner--addressDetailDetailsLanguage","interaction":{"idSuffix":"inner"}},"wdio_ui5_key":"applicationmanagepartners-display-component---NewPartner--addressDetailDetailsLanguage"}]}
RESULT: undefined
COMMAND: POST /session/c4faaf2c0768716850a26568dcbf970b/execute/async - {"script":"<script> [776 bytes]","args":[{"enterText":"Romanian","selector":{"id":"application-managepartners-display-component---NewPartner--addressDetailDetailsLanguage","interaction":{"idSuffix":"inner"}},"clearTextFirst":true,"interactionType":"ENTER_TEXT"}]}
RESULT: {"script":"<script> [776 bytes]","args":[{"enterText":"Romanian","selector":{"id":"application-managepartners-display-component---NewPartner--addressDetailDetailsLanguage","interaction":{"idSuffix":"inner"}},"clearTextFirst":true,"interactionType":"ENTER_TEXT"}]}
COMMAND: POST /session/c4faaf2c0768716850a26568dcbf970b/element - {"using":"xpath","value":"//input[contains(@id ,\"application-managepartners-display-component---NewPartner--addressDetailDetailsName1-inner\")]"}
RESULT: {"using":"xpath","value":"//input[contains(@id ,\"application-managepartners-display-component---NewPartner--addressDetailDetailsName1-inner\")]"}
COMMAND: GET /session/c4faaf2c0768716850a26568dcbf970b/element/f.19DB9205A323DDBD447063DE6A5E99B9.d.30DD1E53418682F8488675C588F4CAD0.e.2114/property/value - {}
RESULT: {}
COMMAND: POST /session/c4faaf2c0768716850a26568dcbf970b/execute/async - {"script":"<script> [1562 bytes]","args":[{"selector":{"id":"application-managepartners-display-component---NewPartner--addressDetailDetailsCity1","interaction":{"idSuffix":"inner"}},"wdio_ui5_key":"applicationmanagepartners-display-component---NewPartner--addressDetailDetailsCity1"}]}
COMMAND: GET /session/c4faaf2c0768716850a26568dcbf970b/screenshot - {}
RESULT: {"script":"<script> [1562 bytes]","args":[{"selector":{"id":"application-managepartners-display-component---NewPartner--addressDetailDetailsCity1","interaction":{"idSuffix":"inner"}},"wdio_ui5_key":"applicationmanagepartners-display-component---NewPartner--addressDetailDetailsCity1"}]}
RESULT: undefined
COMMAND: POST /session/c4faaf2c0768716850a26568dcbf970b/execute/async - {"script":"<script> [776 bytes]","args":[{"enterText":"Bucharest","selector":{"id":"application-managepartners-display-component---NewPartner--addressDetailDetailsCity1","interaction":{"idSuffix":"inner"}},"clearTextFirst":true,"interactionType":"ENTER_TEXT"}]}
RESULT: {}
RESULT: {"script":"<script> [776 bytes]","args":[{"enterText":"Bucharest","selector":{"id":"application-managepartners-display-component---NewPartner--addressDetailDetailsCity1","interaction":{"idSuffix":"inner"}},"clearTextFirst":true,"interactionType":"ENTER_TEXT"}]}
COMMAND: POST /session/c4faaf2c0768716850a26568dcbf970b/execute/async - {"script":"<script> [1562 bytes]","args":[{"selector":{"id":"application-managepartners-display-component---NewPartner--addressDetailDetailsCountry","interaction":{"idSuffix":"inner"}},"wdio_ui5_key":"applicationmanagepartners-display-component---NewPartner--addressDetailDetailsCountry"}]}
RESULT: {"script":"<script> [1562 bytes]","args":[{"selector":{"id":"application-managepartners-display-component---NewPartner--addressDetailDetailsCountry","interaction":{"idSuffix":"inner"}},"wdio_ui5_key":"applicationmanagepartners-display-component---NewPartner--addressDetailDetailsCountry"}]}
RESULT: undefined
COMMAND: POST /session/c4faaf2c0768716850a26568dcbf970b/execute/async - {"script":"<script> [6424 bytes]","args":[{"element-6066-11e4-a52e-4f735466cecf":"f.19DB9205A323DDBD447063DE6A5E99B9.d.30DD1E53418682F8488675C588F4CAD0.e.2121"},"setValue",["Romania"]]}
RESULT: {"script":"<script> [6424 bytes]","args":[{"element-6066-11e4-a52e-4f735466cecf":"f.19DB9205A323DDBD447063DE6A5E99B9.d.30DD1E53418682F8488675C588F4CAD0.e.2121"},"setValue",["Romania"]]}
COMMAND: POST /session/c4faaf2c0768716850a26568dcbf970b/execute/async - {"script":"<script> [1562 bytes]","args":[{"selector":{"id":"application-managepartners-display-component---NewPartner--partnerDetailInternal","interaction":{"idSuffix":"inner"}},"wdio_ui5_key":"applicationmanagepartners-display-component---NewPartner--partnerDetailInternal"}]}
RESULT: {"script":"<script> [1562 bytes]","args":[{"selector":{"id":"application-managepartners-display-component---NewPartner--partnerDetailInternal","interaction":{"idSuffix":"inner"}},"wdio_ui5_key":"applicationmanagepartners-display-component---NewPartner--partnerDetailInternal"}]}
RESULT: undefined
COMMAND: POST /session/c4faaf2c0768716850a26568dcbf970b/execute/async - {"script":"<script> [776 bytes]","args":[{"enterText":"External partner","selector":{"id":"application-managepartners-display-component---NewPartner--partnerDetailInternal","interaction":{"idSuffix":"inner"}},"clearTextFirst":true,"interactionType":"ENTER_TEXT"}]}
RESULT: {"script":"<script> [776 bytes]","args":[{"enterText":"External partner","selector":{"id":"application-managepartners-display-component---NewPartner--partnerDetailInternal","interaction":{"idSuffix":"inner"}},"clearTextFirst":true,"interactionType":"ENTER_TEXT"}]}
COMMAND: POST /session/c4faaf2c0768716850a26568dcbf970b/execute/async - {"script":"<script> [1562 bytes]","args":[{"selector":{"id":"application-managepartners-display-component---NewPartner--partnerDetailsCurrency","interaction":{"idSuffix":"inner"}},"wdio_ui5_key":"applicationmanagepartners-display-component---NewPartner--partnerDetailsCurrency"}]}
RESULT: {"script":"<script> [1562 bytes]","args":[{"selector":{"id":"application-managepartners-display-component---NewPartner--partnerDetailsCurrency","interaction":{"idSuffix":"inner"}},"wdio_ui5_key":"applicationmanagepartners-display-component---NewPartner--partnerDetailsCurrency"}]}
RESULT: undefined
COMMAND: POST /session/c4faaf2c0768716850a26568dcbf970b/execute/async - {"script":"<script> [776 bytes]","args":[{"enterText":"Euro","selector":{"id":"application-managepartners-display-component---NewPartner--partnerDetailsCurrency","interaction":{"idSuffix":"inner"}},"clearTextFirst":true,"interactionType":"ENTER_TEXT"}]}
RESULT: {"script":"<script> [776 bytes]","args":[{"enterText":"Euro","selector":{"id":"application-managepartners-display-component---NewPartner--partnerDetailsCurrency","interaction":{"idSuffix":"inner"}},"clearTextFirst":true,"interactionType":"ENTER_TEXT"}]}
COMMAND: POST /session/c4faaf2c0768716850a26568dcbf970b/execute/async - {"script":"<script> [1562 bytes]","args":[{"selector":{"controlType":"sap.m.Button","viewName":"etm.portal.ui.managepartners.view.NewPartner","viewId":"application-managepartners-display-component---NewPartner","properties":{"text":"Commercial"},"interaction":{"idSuffix":"BDI-content"}},"wdio_ui5_key":"etmportal.ui.managepartners.view.NewPartnersap.m.Button{\"text\":\"Commercial\"}"}]}
RESULT: {"script":"<script> [1562 bytes]","args":[{"selector":{"controlType":"sap.m.Button","viewName":"etm.portal.ui.managepartners.view.NewPartner","viewId":"application-managepartners-display-component---NewPartner","properties":{"text":"Commercial"},"interaction":{"idSuffix":"BDI-content"}},"wdio_ui5_key":"etmportal.ui.managepartners.view.NewPartnersap.m.Button{\"text\":\"Commercial\"}"}]}
RESULT: undefined
COMMAND: POST /session/c4faaf2c0768716850a26568dcbf970b/element - {"using":"xpath","value":"//*[@id=\"application-managepartners-display-component---NewPartner--ObjectPageLayout-anchBar-__section29-anchor\"]"}
RESULT: {"using":"xpath","value":"//*[@id=\"application-managepartners-display-component---NewPartner--ObjectPageLayout-anchBar-__section29-anchor\"]"}
COMMAND: POST /session/c4faaf2c0768716850a26568dcbf970b/element/f.19DB9205A323DDBD447063DE6A5E99B9.d.30DD1E53418682F8488675C588F4CAD0.e.2326/click - {}
RESULT: {}
COMMAND: GET /session/c4faaf2c0768716850a26568dcbf970b/screenshot - {}
RESULT: {}
COMMAND: POST /session/c4faaf2c0768716850a26568dcbf970b/execute/async - {"script":"<script> [1562 bytes]","args":[{"selector":{"id":"application-managepartners-display-component---NewPartner--btnAddTableRow-img"},"wdio_ui5_key":"applicationmanagepartners-display-component---NewPartner--btnAddTableRow-img"}]}
RESULT: {"script":"<script> [1562 bytes]","args":[{"selector":{"id":"application-managepartners-display-component---NewPartner--btnAddTableRow-img"},"wdio_ui5_key":"applicationmanagepartners-display-component---NewPartner--btnAddTableRow-img"}]}
RESULT: undefined
COMMAND: POST /session/c4faaf2c0768716850a26568dcbf970b/element - {"using":"xpath","value":"//*[@id=\"application-managepartners-display-component---NewPartner--btnAddTableRow-img\"]"}
RESULT: {"using":"xpath","value":"//*[@id=\"application-managepartners-display-component---NewPartner--btnAddTableRow-img\"]"}
COMMAND: POST /session/c4faaf2c0768716850a26568dcbf970b/element/f.19DB9205A323DDBD447063DE6A5E99B9.d.30DD1E53418682F8488675C588F4CAD0.e.2332/click - {}
RESULT: {}
COMMAND: POST /session/c4faaf2c0768716850a26568dcbf970b/element - {"using":"xpath","value":"//input[contains(@id ,\"application-managepartners-display-component---NewPartner--assignmentYard-application-managepartners-display-component---NewPartner\")]"}
COMMAND: GET /session/c4faaf2c0768716850a26568dcbf970b/screenshot - {}
RESULT: {"using":"xpath","value":"//input[contains(@id ,\"application-managepartners-display-component---NewPartner--assignmentYard-application-managepartners-display-component---NewPartner\")]"}
COMMAND: POST /session/c4faaf2c0768716850a26568dcbf970b/element/f.19DB9205A323DDBD447063DE6A5E99B9.d.30DD1E53418682F8488675C588F4CAD0.e.2337/clear - {}
RESULT: {}
RESULT: {}
COMMAND: POST /session/c4faaf2c0768716850a26568dcbf970b/element/f.19DB9205A323DDBD447063DE6A5E99B9.d.30DD1E53418682F8488675C588F4CAD0.e.2337/value - {"text":"WebdriverYardhb4xz"}
COMMAND: GET /session/c4faaf2c0768716850a26568dcbf970b/screenshot - {}
RESULT: {"text":"WebdriverYardhb4xz"}
COMMAND: GET /session/c4faaf2c0768716850a26568dcbf970b/screenshot - {}
RESULT: {}
RESULT: {}
COMMAND: POST /session/c4faaf2c0768716850a26568dcbf970b/execute/async - {"script":"<script> [1562 bytes]","args":[{"selector":{"controlType":"sap.m.Button","viewName":"etm.portal.ui.managepartners.view.NewPartner","viewId":"application-managepartners-display-component---NewPartner","i18NText":{"propertyName":"text","key":"save"},"interaction":{"idSuffix":"BDI-content"}},"wdio_ui5_key":"etmportal.ui.managepartners.view.NewPartnersap.m.Button{\"propertyName\":\"text\",\"key\":\"save\"}"}]}
RESULT: {"script":"<script> [1562 bytes]","args":[{"selector":{"controlType":"sap.m.Button","viewName":"etm.portal.ui.managepartners.view.NewPartner","viewId":"application-managepartners-display-component---NewPartner","i18NText":{"propertyName":"text","key":"save"},"interaction":{"idSuffix":"BDI-content"}},"wdio_ui5_key":"etmportal.ui.managepartners.view.NewPartnersap.m.Button{\"propertyName\":\"text\",\"key\":\"save\"}"}]}
RESULT: undefined
COMMAND: POST /session/c4faaf2c0768716850a26568dcbf970b/element - {"using":"xpath","value":"//*[@id=\"__button68\"]"}
RESULT: {"using":"xpath","value":"//*[@id=\"__button68\"]"}
COMMAND: POST /session/c4faaf2c0768716850a26568dcbf970b/element/f.19DB9205A323DDBD447063DE6A5E99B9.d.30DD1E53418682F8488675C588F4CAD0.e.2288/click - {}
RESULT: {}
COMMAND: GET /session/c4faaf2c0768716850a26568dcbf970b/screenshot - {}
RESULT: {}
COMMAND: POST /session/c4faaf2c0768716850a26568dcbf970b/element - {"using":"xpath","value":"//header/div/div[2]/div[2]/span"}
RESULT: {"using":"xpath","value":"//header/div/div[2]/div[2]/span"}
COMMAND: GET /session/c4faaf2c0768716850a26568dcbf970b/element/f.19DB9205A323DDBD447063DE6A5E99B9.d.30DD1E53418682F8488675C588F4CAD0.e.2507/text - {}
RESULT: {}
COMMAND: POST /session/c4faaf2c0768716850a26568dcbf970b/element - {"using":"xpath","value":"//header/div/div/div/div/div/div[2]/div/span"}
RESULT: {"using":"xpath","value":"//header/div/div/div/div/div/div[2]/div/span"}
COMMAND: GET /session/c4faaf2c0768716850a26568dcbf970b/element/f.19DB9205A323DDBD447063DE6A5E99B9.d.30DD1E53418682F8488675C588F4CAD0.e.2508/text - {}
RESULT: {}
COMMAND: POST /session/c4faaf2c0768716850a26568dcbf970b/execute/async - {"script":"<script> [1562 bytes]","args":[{"selector":{"id":"application-managepartners-display-component---detailPtm--partnerType"},"wdio_ui5_key":"applicationmanagepartners-display-component---detailPtm--partnerType"}]}
RESULT: {"script":"<script> [1562 bytes]","args":[{"selector":{"id":"application-managepartners-display-component---detailPtm--partnerType"},"wdio_ui5_key":"applicationmanagepartners-display-component---detailPtm--partnerType"}]}
RESULT: undefined
COMMAND: POST /session/c4faaf2c0768716850a26568dcbf970b/execute/async - {"script":"<script> [6424 bytes]","args":[{"element-6066-11e4-a52e-4f735466cecf":"f.19DB9205A323DDBD447063DE6A5E99B9.d.30DD1E53418682F8488675C588F4CAD0.e.2509"},"getText",[]]}
RESULT: {"script":"<script> [6424 bytes]","args":[{"element-6066-11e4-a52e-4f735466cecf":"f.19DB9205A323DDBD447063DE6A5E99B9.d.30DD1E53418682F8488675C588F4CAD0.e.2509"},"getText",[]]}
COMMAND: POST /session/c4faaf2c0768716850a26568dcbf970b/element - {"using":"css selector","value":"#shell-header-logo"}
RESULT: {"using":"css selector","value":"#shell-header-logo"}
COMMAND: POST /session/c4faaf2c0768716850a26568dcbf970b/element/f.19DB9205A323DDBD447063DE6A5E99B9.d.30DD1E53418682F8488675C588F4CAD0.e.1859/click - {}
RESULT: {}
COMMAND: GET /session/c4faaf2c0768716850a26568dcbf970b/screenshot - {}
RESULT: {}
]]></system-out>
    </testcase>
    <testcase classname="chrome.137_0_7151_56.windows.Webshop_-_Hyperlinks_visible_and_working_properly__US139085" name="Should create a new contract" time="119.076">
      <system-out><![CDATA[
COMMAND: POST /session/c4faaf2c0768716850a26568dcbf970b/execute/async - {"script":"<script> [1562 bytes]","args":[{"selector":{"controlType":"sap.m.GenericTile","properties":{"header":"Manage Contracts"}},"wdio_ui5_key":"sapm.GenericTile{\"header\":\"Manage Contracts\"}"}]}
RESULT: {"script":"<script> [1562 bytes]","args":[{"selector":{"controlType":"sap.m.GenericTile","properties":{"header":"Manage Contracts"}},"wdio_ui5_key":"sapm.GenericTile{\"header\":\"Manage Contracts\"}"}]}
RESULT: undefined
COMMAND: POST /session/c4faaf2c0768716850a26568dcbf970b/element - {"using":"xpath","value":"//*[@id=\"__tile130\"]"}
RESULT: {"using":"xpath","value":"//*[@id=\"__tile130\"]"}
COMMAND: POST /session/c4faaf2c0768716850a26568dcbf970b/element/f.19DB9205A323DDBD447063DE6A5E99B9.d.30DD1E53418682F8488675C588F4CAD0.e.2511/click - {}
RESULT: {}
COMMAND: GET /session/c4faaf2c0768716850a26568dcbf970b/screenshot - {}
RESULT: {}
COMMAND: POST /session/c4faaf2c0768716850a26568dcbf970b/elements - {"using":"xpath","value":"//span[text()='Error']"}
RESULT: {"using":"xpath","value":"//span[text()='Error']"}
COMMAND: POST /session/c4faaf2c0768716850a26568dcbf970b/element - {"using":"xpath","value":"//button[@data-kt=\"addButton\"]"}
RESULT: {"using":"xpath","value":"//button[@data-kt=\"addButton\"]"}
COMMAND: POST /session/c4faaf2c0768716850a26568dcbf970b/element/f.19DB9205A323DDBD447063DE6A5E99B9.d.30DD1E53418682F8488675C588F4CAD0.e.2562/click - {}
RESULT: {}
COMMAND: GET /session/c4faaf2c0768716850a26568dcbf970b/screenshot - {}
RESULT: {}
COMMAND: POST /session/c4faaf2c0768716850a26568dcbf970b/execute/async - {"script":"<script> [1562 bytes]","args":[{"selector":{"id":"application-managecontracts-display-component---AddNewContract--projectDescription","interaction":{"idSuffix":"inner"}},"wdio_ui5_key":"applicationmanagecontracts-display-component---AddNewContract--projectDescription"}]}
RESULT: {"script":"<script> [1562 bytes]","args":[{"selector":{"id":"application-managecontracts-display-component---AddNewContract--projectDescription","interaction":{"idSuffix":"inner"}},"wdio_ui5_key":"applicationmanagecontracts-display-component---AddNewContract--projectDescription"}]}
RESULT: undefined
COMMAND: POST /session/c4faaf2c0768716850a26568dcbf970b/execute/async - {"script":"<script> [776 bytes]","args":[{"enterText":"WdIOTestvhxkj","selector":{"id":"application-managecontracts-display-component---AddNewContract--projectDescription","interaction":{"idSuffix":"inner"}},"clearTextFirst":true,"interactionType":"ENTER_TEXT"}]}
RESULT: {"script":"<script> [776 bytes]","args":[{"enterText":"WdIOTestvhxkj","selector":{"id":"application-managecontracts-display-component---AddNewContract--projectDescription","interaction":{"idSuffix":"inner"}},"clearTextFirst":true,"interactionType":"ENTER_TEXT"}]}
COMMAND: POST /session/c4faaf2c0768716850a26568dcbf970b/element - {"using":"xpath","value":"//input[@id=\"application-managecontracts-display-component---AddNewContract--yardId-inner\"]"}
RESULT: {"using":"xpath","value":"//input[@id=\"application-managecontracts-display-component---AddNewContract--yardId-inner\"]"}
COMMAND: POST /session/c4faaf2c0768716850a26568dcbf970b/element/f.19DB9205A323DDBD447063DE6A5E99B9.d.30DD1E53418682F8488675C588F4CAD0.e.2825/clear - {}
RESULT: {}
COMMAND: POST /session/c4faaf2c0768716850a26568dcbf970b/element/f.19DB9205A323DDBD447063DE6A5E99B9.d.30DD1E53418682F8488675C588F4CAD0.e.2825/value - {"text":"WebdriverYardhb4xz"}
COMMAND: GET /session/c4faaf2c0768716850a26568dcbf970b/screenshot - {}
RESULT: {"text":"WebdriverYardhb4xz"}
COMMAND: GET /session/c4faaf2c0768716850a26568dcbf970b/screenshot - {}
RESULT: {}
RESULT: {}
COMMAND: POST /session/c4faaf2c0768716850a26568dcbf970b/actions - {"actions":[{"id":"action5","type":"key","parameters":{},"actions":[{"type":"keyDown","value":"î€‡"},{"type":"pause","duration":10},{"type":"keyUp","value":"î€‡"}]}]}
RESULT: {"actions":[{"id":"action5","type":"key","parameters":{},"actions":[{"type":"keyDown","value":"î€‡"},{"type":"pause","duration":10},{"type":"keyUp","value":"î€‡"}]}]}
COMMAND: GET /session/c4faaf2c0768716850a26568dcbf970b/screenshot - {}
RESULT: {}
COMMAND: POST /session/c4faaf2c0768716850a26568dcbf970b/element - {"using":"xpath","value":"//input[@id=\"application-managecontracts-display-component---AddNewContract--customerSelect-inner\"]"}
RESULT: {"using":"xpath","value":"//input[@id=\"application-managecontracts-display-component---AddNewContract--customerSelect-inner\"]"}
COMMAND: POST /session/c4faaf2c0768716850a26568dcbf970b/element/f.19DB9205A323DDBD447063DE6A5E99B9.d.30DD1E53418682F8488675C588F4CAD0.e.2823/clear - {}
RESULT: {}
COMMAND: POST /session/c4faaf2c0768716850a26568dcbf970b/element/f.19DB9205A323DDBD447063DE6A5E99B9.d.30DD1E53418682F8488675C588F4CAD0.e.2823/value - {"text":"WebdriverPartner3jbqs"}
COMMAND: GET /session/c4faaf2c0768716850a26568dcbf970b/screenshot - {}
RESULT: {"text":"WebdriverPartner3jbqs"}
COMMAND: GET /session/c4faaf2c0768716850a26568dcbf970b/screenshot - {}
RESULT: {}
RESULT: {}
COMMAND: POST /session/c4faaf2c0768716850a26568dcbf970b/actions - {"actions":[{"id":"action6","type":"key","parameters":{},"actions":[{"type":"keyDown","value":"î€‡"},{"type":"pause","duration":10},{"type":"keyUp","value":"î€‡"}]}]}
RESULT: {"actions":[{"id":"action6","type":"key","parameters":{},"actions":[{"type":"keyDown","value":"î€‡"},{"type":"pause","duration":10},{"type":"keyUp","value":"î€‡"}]}]}
COMMAND: GET /session/c4faaf2c0768716850a26568dcbf970b/screenshot - {}
RESULT: {}
COMMAND: POST /session/c4faaf2c0768716850a26568dcbf970b/element - {"using":"xpath","value":"//input[@id=\"application-managecontracts-display-component---AddNewContract--site-inner\"]"}
RESULT: {"using":"xpath","value":"//input[@id=\"application-managecontracts-display-component---AddNewContract--site-inner\"]"}
COMMAND: POST /session/c4faaf2c0768716850a26568dcbf970b/element/f.19DB9205A323DDBD447063DE6A5E99B9.d.30DD1E53418682F8488675C588F4CAD0.e.2824/clear - {}
RESULT: {}
COMMAND: POST /session/c4faaf2c0768716850a26568dcbf970b/element/f.19DB9205A323DDBD447063DE6A5E99B9.d.30DD1E53418682F8488675C588F4CAD0.e.2824/value - {"text":"WebdriverSitehwvto"}
COMMAND: GET /session/c4faaf2c0768716850a26568dcbf970b/screenshot - {}
RESULT: {"text":"WebdriverSitehwvto"}
COMMAND: GET /session/c4faaf2c0768716850a26568dcbf970b/screenshot - {}
RESULT: {}
RESULT: {}
COMMAND: POST /session/c4faaf2c0768716850a26568dcbf970b/actions - {"actions":[{"id":"action7","type":"key","parameters":{},"actions":[{"type":"keyDown","value":"î€‡"},{"type":"pause","duration":10},{"type":"keyUp","value":"î€‡"}]}]}
RESULT: {"actions":[{"id":"action7","type":"key","parameters":{},"actions":[{"type":"keyDown","value":"î€‡"},{"type":"pause","duration":10},{"type":"keyUp","value":"î€‡"}]}]}
COMMAND: GET /session/c4faaf2c0768716850a26568dcbf970b/screenshot - {}
COMMAND: POST /session/c4faaf2c0768716850a26568dcbf970b/element - {"using":"xpath","value":"//button[@data-kt=\"saveButton\"]"}
RESULT: {}
RESULT: {"using":"xpath","value":"//button[@data-kt=\"saveButton\"]"}
COMMAND: POST /session/c4faaf2c0768716850a26568dcbf970b/element/f.19DB9205A323DDBD447063DE6A5E99B9.d.30DD1E53418682F8488675C588F4CAD0.e.2898/click - {}
RESULT: {}
COMMAND: GET /session/c4faaf2c0768716850a26568dcbf970b/screenshot - {}
RESULT: {}
COMMAND: POST /session/c4faaf2c0768716850a26568dcbf970b/execute/async - {"script":"<script> [1562 bytes]","args":[{"selector":{"id":"contractDetailTitleNoExpanded","viewName":"etm.portal.ui.managecontracts.view.Detail"},"wdio_ui5_key":"contractDetailTitleNoExpandedetmportal.ui.managecontracts.view.Detail"}]}
RESULT: {"script":"<script> [1562 bytes]","args":[{"selector":{"id":"contractDetailTitleNoExpanded","viewName":"etm.portal.ui.managecontracts.view.Detail"},"wdio_ui5_key":"contractDetailTitleNoExpandedetmportal.ui.managecontracts.view.Detail"}]}
RESULT: undefined
COMMAND: POST /session/c4faaf2c0768716850a26568dcbf970b/execute/async - {"script":"<script> [6424 bytes]","args":[{"element-6066-11e4-a52e-4f735466cecf":"f.19DB9205A323DDBD447063DE6A5E99B9.d.30DD1E53418682F8488675C588F4CAD0.e.2979"},"getText",[]]}
RESULT: {"script":"<script> [6424 bytes]","args":[{"element-6066-11e4-a52e-4f735466cecf":"f.19DB9205A323DDBD447063DE6A5E99B9.d.30DD1E53418682F8488675C588F4CAD0.e.2979"},"getText",[]]}
COMMAND: POST /session/c4faaf2c0768716850a26568dcbf970b/element - {"using":"css selector","value":"#shell-header-logo"}
RESULT: {"using":"css selector","value":"#shell-header-logo"}
COMMAND: POST /session/c4faaf2c0768716850a26568dcbf970b/element/f.19DB9205A323DDBD447063DE6A5E99B9.d.30DD1E53418682F8488675C588F4CAD0.e.2514/click - {}
RESULT: {}
COMMAND: GET /session/c4faaf2c0768716850a26568dcbf970b/screenshot - {}
RESULT: {}
]]></system-out>
    </testcase>
    <testcase classname="chrome.137_0_7151_56.windows.Webshop_-_Hyperlinks_visible_and_working_properly__US139085" name="Should create a new webshop request and verify yard hyperlinks" time="245.185">
      <system-out><![CDATA[
COMMAND: POST /session/c4faaf2c0768716850a26568dcbf970b/execute/async - {"script":"<script> [1562 bytes]","args":[{"selector":{"controlType":"sap.m.GenericTile","properties":{"header":"Webshop"}},"wdio_ui5_key":"sapm.GenericTile{\"header\":\"Webshop\"}"}]}
RESULT: {"script":"<script> [1562 bytes]","args":[{"selector":{"controlType":"sap.m.GenericTile","properties":{"header":"Webshop"}},"wdio_ui5_key":"sapm.GenericTile{\"header\":\"Webshop\"}"}]}
RESULT: undefined
COMMAND: POST /session/c4faaf2c0768716850a26568dcbf970b/element - {"using":"xpath","value":"//*[@id=\"__tile49\"]"}
RESULT: {"using":"xpath","value":"//*[@id=\"__tile49\"]"}
COMMAND: POST /session/c4faaf2c0768716850a26568dcbf970b/element/f.19DB9205A323DDBD447063DE6A5E99B9.d.30DD1E53418682F8488675C588F4CAD0.e.2984/click - {}
RESULT: {}
COMMAND: GET /session/c4faaf2c0768716850a26568dcbf970b/screenshot - {}
RESULT: {}
COMMAND: POST /session/c4faaf2c0768716850a26568dcbf970b/elements - {"using":"xpath","value":"//span[text()='Error']"}
RESULT: {"using":"xpath","value":"//span[text()='Error']"}
COMMAND: POST /session/c4faaf2c0768716850a26568dcbf970b/element - {"using":"css selector","value":"#requestCreationDialog--createRequestPopUp-title-inner"}
RESULT: {"using":"css selector","value":"#requestCreationDialog--createRequestPopUp-title-inner"}
COMMAND: POST /session/c4faaf2c0768716850a26568dcbf970b/execute/sync - {"script":"<script> [8489 bytes]","args":[{"element-6066-11e4-a52e-4f735466cecf":"f.19DB9205A323DDBD447063DE6A5E99B9.d.30DD1E53418682F8488675C588F4CAD0.e.3012","ELEMENT":"f.19DB9205A323DDBD447063DE6A5E99B9.d.30DD1E53418682F8488675C588F4CAD0.e.3012"}]}
RESULT: {"script":"<script> [8489 bytes]","args":[{"element-6066-11e4-a52e-4f735466cecf":"f.19DB9205A323DDBD447063DE6A5E99B9.d.30DD1E53418682F8488675C588F4CAD0.e.3012","ELEMENT":"f.19DB9205A323DDBD447063DE6A5E99B9.d.30DD1E53418682F8488675C588F4CAD0.e.3012"}]}
COMMAND: GET /session/c4faaf2c0768716850a26568dcbf970b/element/f.19DB9205A323DDBD447063DE6A5E99B9.d.30DD1E53418682F8488675C588F4CAD0.e.3012/enabled - {}
COMMAND: GET /session/c4faaf2c0768716850a26568dcbf970b/screenshot - {}
RESULT: {}
COMMAND: POST /session/c4faaf2c0768716850a26568dcbf970b/execute/async - {"script":"<script> [1562 bytes]","args":[{"selector":{"id":"requestCreationDialog--requestName","searchOpenDialogs":true,"interaction":{"idSuffix":"inner"}},"wdio_ui5_key":"requestCreationDialogrequestName"}]}
COMMAND: GET /session/c4faaf2c0768716850a26568dcbf970b/screenshot - {}
RESULT: {}
RESULT: {"script":"<script> [1562 bytes]","args":[{"selector":{"id":"requestCreationDialog--requestName","searchOpenDialogs":true,"interaction":{"idSuffix":"inner"}},"wdio_ui5_key":"requestCreationDialogrequestName"}]}
RESULT: undefined
COMMAND: POST /session/c4faaf2c0768716850a26568dcbf970b/execute/async - {"script":"<script> [776 bytes]","args":[{"enterText":"WebdriverTest","selector":{"id":"requestCreationDialog--requestName","searchOpenDialogs":true,"interaction":{"idSuffix":"inner"}},"clearTextFirst":true,"interactionType":"ENTER_TEXT"}]}
RESULT: {}
RESULT: {"script":"<script> [776 bytes]","args":[{"enterText":"WebdriverTest","selector":{"id":"requestCreationDialog--requestName","searchOpenDialogs":true,"interaction":{"idSuffix":"inner"}},"clearTextFirst":true,"interactionType":"ENTER_TEXT"}]}
COMMAND: POST /session/c4faaf2c0768716850a26568dcbf970b/element - {"using":"xpath","value":"//input[contains(@id ,\"requestCreationDialog--contract-inner\")]"}
RESULT: {"using":"xpath","value":"//input[contains(@id ,\"requestCreationDialog--contract-inner\")]"}
COMMAND: POST /session/c4faaf2c0768716850a26568dcbf970b/element/f.19DB9205A323DDBD447063DE6A5E99B9.d.30DD1E53418682F8488675C588F4CAD0.e.2997/clear - {}
RESULT: {}
COMMAND: POST /session/c4faaf2c0768716850a26568dcbf970b/element/f.19DB9205A323DDBD447063DE6A5E99B9.d.30DD1E53418682F8488675C588F4CAD0.e.2997/value - {"text":"10453"}
COMMAND: GET /session/c4faaf2c0768716850a26568dcbf970b/screenshot - {}
RESULT: {"text":"10453"}
COMMAND: GET /session/c4faaf2c0768716850a26568dcbf970b/screenshot - {}
RESULT: {}
RESULT: {}
COMMAND: POST /session/c4faaf2c0768716850a26568dcbf970b/actions - {"actions":[{"id":"action8","type":"key","parameters":{},"actions":[{"type":"keyDown","value":"î€‡"},{"type":"pause","duration":10},{"type":"keyUp","value":"î€‡"}]}]}
RESULT: {"actions":[{"id":"action8","type":"key","parameters":{},"actions":[{"type":"keyDown","value":"î€‡"},{"type":"pause","duration":10},{"type":"keyUp","value":"î€‡"}]}]}
COMMAND: GET /session/c4faaf2c0768716850a26568dcbf970b/screenshot - {}
RESULT: {}
COMMAND: POST /session/c4faaf2c0768716850a26568dcbf970b/element - {"using":"xpath","value":"//input[contains(@id ,\"requestCreationDialog--contract-inner\")]"}
RESULT: {"using":"xpath","value":"//input[contains(@id ,\"requestCreationDialog--contract-inner\")]"}
COMMAND: GET /session/c4faaf2c0768716850a26568dcbf970b/element/f.19DB9205A323DDBD447063DE6A5E99B9.d.30DD1E53418682F8488675C588F4CAD0.e.2997/property/value - {}
RESULT: {}
COMMAND: POST /session/c4faaf2c0768716850a26568dcbf970b/element - {"using":"xpath","value":"//input[contains(@id ,\"requestCreationDialog--contract-inner\")]"}
COMMAND: GET /session/c4faaf2c0768716850a26568dcbf970b/screenshot - {}
RESULT: {"using":"xpath","value":"//input[contains(@id ,\"requestCreationDialog--contract-inner\")]"}
COMMAND: POST /session/c4faaf2c0768716850a26568dcbf970b/execute/async - {"script":"<script> [1562 bytes]","args":[{"selector":{"id":"requestCreationDialog--okButton","searchOpenDialogs":true,"interaction":{"idSuffix":"BDI-content"}},"wdio_ui5_key":"requestCreationDialogokButton"}]}
RESULT: {}
RESULT: {"script":"<script> [1562 bytes]","args":[{"selector":{"id":"requestCreationDialog--okButton","searchOpenDialogs":true,"interaction":{"idSuffix":"BDI-content"}},"wdio_ui5_key":"requestCreationDialogokButton"}]}
RESULT: undefined
COMMAND: POST /session/c4faaf2c0768716850a26568dcbf970b/element - {"using":"xpath","value":"//*[@id=\"requestCreationDialog--okButton\"]"}
RESULT: {"using":"xpath","value":"//*[@id=\"requestCreationDialog--okButton\"]"}
COMMAND: POST /session/c4faaf2c0768716850a26568dcbf970b/element/f.19DB9205A323DDBD447063DE6A5E99B9.d.30DD1E53418682F8488675C588F4CAD0.e.3022/click - {}
RESULT: {}
COMMAND: GET /session/c4faaf2c0768716850a26568dcbf970b/screenshot - {}
RESULT: {}
COMMAND: POST /session/c4faaf2c0768716850a26568dcbf970b/element - {"using":"xpath","value":"//input[contains(@id ,\"searchFiledId-I\")]"}
RESULT: {"using":"xpath","value":"//input[contains(@id ,\"searchFiledId-I\")]"}
COMMAND: POST /session/c4faaf2c0768716850a26568dcbf970b/element/f.19DB9205A323DDBD447063DE6A5E99B9.d.30DD1E53418682F8488675C588F4CAD0.e.2990/value - {"text":"Dri-Prime CD150M Diesel Pump"}
RESULT: {"text":"Dri-Prime CD150M Diesel Pump"}
COMMAND: POST /session/c4faaf2c0768716850a26568dcbf970b/actions - {"actions":[{"id":"action9","type":"key","parameters":{},"actions":[{"type":"keyDown","value":"î€‡"},{"type":"pause","duration":10},{"type":"keyUp","value":"î€‡"}]}]}
COMMAND: GET /session/c4faaf2c0768716850a26568dcbf970b/screenshot - {}
RESULT: {"actions":[{"id":"action9","type":"key","parameters":{},"actions":[{"type":"keyDown","value":"î€‡"},{"type":"pause","duration":10},{"type":"keyUp","value":"î€‡"}]}]}
COMMAND: GET /session/c4faaf2c0768716850a26568dcbf970b/screenshot - {}
RESULT: {}
RESULT: {}
COMMAND: POST /session/c4faaf2c0768716850a26568dcbf970b/element - {"using":"xpath","value":"//span[contains(@id ,\"subTitle\")][contains(text(), \"Dri-Prime CD150M Diesel Pump\")]"}
RESULT: {"using":"xpath","value":"//span[contains(@id ,\"subTitle\")][contains(text(), \"Dri-Prime CD150M Diesel Pump\")]"}
COMMAND: POST /session/c4faaf2c0768716850a26568dcbf970b/element/f.19DB9205A323DDBD447063DE6A5E99B9.d.30DD1E53418682F8488675C588F4CAD0.e.3029/click - {}
RESULT: {}
COMMAND: GET /session/c4faaf2c0768716850a26568dcbf970b/screenshot - {}
RESULT: {}
COMMAND: POST /session/c4faaf2c0768716850a26568dcbf970b/execute/async - {"script":"<script> [1562 bytes]","args":[{"selector":{"controlType":"sap.m.Button","viewName":"etm.portal.ui.webshop.view.Homepage","i18NText":{"propertyName":"text","key":"addToRequest"},"interaction":{"idSuffix":"BDI-content"}},"wdio_ui5_key":"etmportal.ui.webshop.view.Homepagesap.m.Button{\"propertyName\":\"text\",\"key\":\"addToRequest\"}"}]}
RESULT: {"script":"<script> [1562 bytes]","args":[{"selector":{"controlType":"sap.m.Button","viewName":"etm.portal.ui.webshop.view.Homepage","i18NText":{"propertyName":"text","key":"addToRequest"},"interaction":{"idSuffix":"BDI-content"}},"wdio_ui5_key":"etmportal.ui.webshop.view.Homepagesap.m.Button{\"propertyName\":\"text\",\"key\":\"addToRequest\"}"}]}
RESULT: undefined
COMMAND: POST /session/c4faaf2c0768716850a26568dcbf970b/element - {"using":"xpath","value":"//*[@id=\"__button134\"]"}
RESULT: {"using":"xpath","value":"//*[@id=\"__button134\"]"}
COMMAND: POST /session/c4faaf2c0768716850a26568dcbf970b/element/f.19DB9205A323DDBD447063DE6A5E99B9.d.30DD1E53418682F8488675C588F4CAD0.e.3042/click - {}
RESULT: {}
COMMAND: GET /session/c4faaf2c0768716850a26568dcbf970b/screenshot - {}
RESULT: {}
COMMAND: POST /session/c4faaf2c0768716850a26568dcbf970b/element - {"using":"xpath","value":"//*[contains(@id ,\"activeCartId-BDI-content\")]"}
RESULT: {"using":"xpath","value":"//*[contains(@id ,\"activeCartId-BDI-content\")]"}
COMMAND: POST /session/c4faaf2c0768716850a26568dcbf970b/element/f.19DB9205A323DDBD447063DE6A5E99B9.d.30DD1E53418682F8488675C588F4CAD0.e.3050/click - {}
RESULT: {}
COMMAND: GET /session/c4faaf2c0768716850a26568dcbf970b/screenshot - {}
RESULT: {}
COMMAND: POST /session/c4faaf2c0768716850a26568dcbf970b/element - {"using":"xpath","value":"//bdi[contains(text(), \"Check out my request\")]"}
RESULT: {"using":"xpath","value":"//bdi[contains(text(), \"Check out my request\")]"}
COMMAND: POST /session/c4faaf2c0768716850a26568dcbf970b/element/f.19DB9205A323DDBD447063DE6A5E99B9.d.30DD1E53418682F8488675C588F4CAD0.e.3052/click - {}
RESULT: {}
COMMAND: GET /session/c4faaf2c0768716850a26568dcbf970b/screenshot - {}
RESULT: {}
COMMAND: POST /session/c4faaf2c0768716850a26568dcbf970b/element - {"using":"xpath","value":"//*[contains(@data-kt ,\"webshopDetailYardLink\")]"}
RESULT: {"using":"xpath","value":"//*[contains(@data-kt ,\"webshopDetailYardLink\")]"}
COMMAND: POST /session/c4faaf2c0768716850a26568dcbf970b/element/f.19DB9205A323DDBD447063DE6A5E99B9.d.30DD1E53418682F8488675C588F4CAD0.e.3121/click - {}
RESULT: {}
COMMAND: POST /session/c4faaf2c0768716850a26568dcbf970b/element - {"using":"xpath","value":"//*[contains(@data-kt ,\"ContextMenuId2Link\")][contains(text(), \"Yard Overview\")]"}
COMMAND: GET /session/c4faaf2c0768716850a26568dcbf970b/screenshot - {}
RESULT: {"using":"xpath","value":"//*[contains(@data-kt ,\"ContextMenuId2Link\")][contains(text(), \"Yard Overview\")]"}
COMMAND: POST /session/c4faaf2c0768716850a26568dcbf970b/execute/sync - {"script":"<script> [8489 bytes]","args":[{"element-6066-11e4-a52e-4f735466cecf":"f.19DB9205A323DDBD447063DE6A5E99B9.d.30DD1E53418682F8488675C588F4CAD0.e.3123","ELEMENT":"f.19DB9205A323DDBD447063DE6A5E99B9.d.30DD1E53418682F8488675C588F4CAD0.e.3123"}]}
COMMAND: POST /session/c4faaf2c0768716850a26568dcbf970b/element - {"using":"xpath","value":"//*[contains(@data-kt ,\"ContextMenuId3Link\")][contains(text(), \"Yard Main Address\")]"}
RESULT: {}
RESULT: {"using":"xpath","value":"//*[contains(@data-kt ,\"ContextMenuId3Link\")][contains(text(), \"Yard Main Address\")]"}
COMMAND: POST /session/c4faaf2c0768716850a26568dcbf970b/execute/sync - {"script":"<script> [8489 bytes]","args":[{"element-6066-11e4-a52e-4f735466cecf":"f.19DB9205A323DDBD447063DE6A5E99B9.d.30DD1E53418682F8488675C588F4CAD0.e.3124","ELEMENT":"f.19DB9205A323DDBD447063DE6A5E99B9.d.30DD1E53418682F8488675C588F4CAD0.e.3124"}]}
COMMAND: POST /session/c4faaf2c0768716850a26568dcbf970b/element - {"using":"xpath","value":"//*[contains(@data-kt ,\"ContextMenuId2Link\")][contains(text(), \"Yard Overview\")]"}
RESULT: {"script":"<script> [8489 bytes]","args":[{"element-6066-11e4-a52e-4f735466cecf":"f.19DB9205A323DDBD447063DE6A5E99B9.d.30DD1E53418682F8488675C588F4CAD0.e.3123","ELEMENT":"f.19DB9205A323DDBD447063DE6A5E99B9.d.30DD1E53418682F8488675C588F4CAD0.e.3123"}]}
COMMAND: GET /session/c4faaf2c0768716850a26568dcbf970b/screenshot - {}
RESULT: {"script":"<script> [8489 bytes]","args":[{"element-6066-11e4-a52e-4f735466cecf":"f.19DB9205A323DDBD447063DE6A5E99B9.d.30DD1E53418682F8488675C588F4CAD0.e.3124","ELEMENT":"f.19DB9205A323DDBD447063DE6A5E99B9.d.30DD1E53418682F8488675C588F4CAD0.e.3124"}]}
COMMAND: GET /session/c4faaf2c0768716850a26568dcbf970b/screenshot - {}
RESULT: {"using":"xpath","value":"//*[contains(@data-kt ,\"ContextMenuId2Link\")][contains(text(), \"Yard Overview\")]"}
COMMAND: POST /session/c4faaf2c0768716850a26568dcbf970b/element/f.19DB9205A323DDBD447063DE6A5E99B9.d.30DD1E53418682F8488675C588F4CAD0.e.3123/click - {}
RESULT: {}
RESULT: {}
RESULT: {}
COMMAND: GET /session/c4faaf2c0768716850a26568dcbf970b/screenshot - {}
RESULT: {}
COMMAND: POST /session/c4faaf2c0768716850a26568dcbf970b/execute/async - {"script":"<script> [1562 bytes]","args":[{"selector":{"id":"shellAppTitle"},"wdio_ui5_key":"shellAppTitle"}]}
RESULT: {"script":"<script> [1562 bytes]","args":[{"selector":{"id":"shellAppTitle"},"wdio_ui5_key":"shellAppTitle"}]}
RESULT: undefined
COMMAND: POST /session/c4faaf2c0768716850a26568dcbf970b/execute/async - {"script":"<script> [6424 bytes]","args":[{"element-6066-11e4-a52e-4f735466cecf":"f.19DB9205A323DDBD447063DE6A5E99B9.d.30DD1E53418682F8488675C588F4CAD0.e.3242"},"getTitle",[]]}
RESULT: {"script":"<script> [6424 bytes]","args":[{"element-6066-11e4-a52e-4f735466cecf":"f.19DB9205A323DDBD447063DE6A5E99B9.d.30DD1E53418682F8488675C588F4CAD0.e.3242"},"getTitle",[]]}
COMMAND: POST /session/c4faaf2c0768716850a26568dcbf970b/element - {"using":"xpath","value":"//span[contains(@id ,\"title\")][contains(text(), \"WebdriverYardhb4xz\")]"}
RESULT: {"using":"xpath","value":"//span[contains(@id ,\"title\")][contains(text(), \"WebdriverYardhb4xz\")]"}
COMMAND: POST /session/c4faaf2c0768716850a26568dcbf970b/execute/sync - {"script":"<script> [8489 bytes]","args":[{"element-6066-11e4-a52e-4f735466cecf":"f.19DB9205A323DDBD447063DE6A5E99B9.d.30DD1E53418682F8488675C588F4CAD0.e.3243","ELEMENT":"f.19DB9205A323DDBD447063DE6A5E99B9.d.30DD1E53418682F8488675C588F4CAD0.e.3243"}]}
COMMAND: POST /session/c4faaf2c0768716850a26568dcbf970b/execute/async - {"script":"<script> [1562 bytes]","args":[{"selector":{"id":"backBtn"},"wdio_ui5_key":"backBtn"}]}
RESULT: {"script":"<script> [8489 bytes]","args":[{"element-6066-11e4-a52e-4f735466cecf":"f.19DB9205A323DDBD447063DE6A5E99B9.d.30DD1E53418682F8488675C588F4CAD0.e.3243","ELEMENT":"f.19DB9205A323DDBD447063DE6A5E99B9.d.30DD1E53418682F8488675C588F4CAD0.e.3243"}]}
COMMAND: GET /session/c4faaf2c0768716850a26568dcbf970b/screenshot - {}
RESULT: {"script":"<script> [1562 bytes]","args":[{"selector":{"id":"backBtn"},"wdio_ui5_key":"backBtn"}]}
RESULT: undefined
COMMAND: POST /session/c4faaf2c0768716850a26568dcbf970b/element - {"using":"xpath","value":"//*[@id=\"backBtn\"]"}
COMMAND: POST /session/c4faaf2c0768716850a26568dcbf970b/execute/sync - {"script":"<script> [8489 bytes]","args":[{"element-6066-11e4-a52e-4f735466cecf":"f.19DB9205A323DDBD447063DE6A5E99B9.d.30DD1E53418682F8488675C588F4CAD0.e.3243","ELEMENT":"f.19DB9205A323DDBD447063DE6A5E99B9.d.30DD1E53418682F8488675C588F4CAD0.e.3243"}]}
RESULT: {}
RESULT: {"using":"xpath","value":"//*[@id=\"backBtn\"]"}
COMMAND: POST /session/c4faaf2c0768716850a26568dcbf970b/element/f.19DB9205A323DDBD447063DE6A5E99B9.d.30DD1E53418682F8488675C588F4CAD0.e.3244/click - {}
RESULT: {"script":"<script> [8489 bytes]","args":[{"element-6066-11e4-a52e-4f735466cecf":"f.19DB9205A323DDBD447063DE6A5E99B9.d.30DD1E53418682F8488675C588F4CAD0.e.3243","ELEMENT":"f.19DB9205A323DDBD447063DE6A5E99B9.d.30DD1E53418682F8488675C588F4CAD0.e.3243"}]}
COMMAND: GET /session/c4faaf2c0768716850a26568dcbf970b/screenshot - {}
RESULT: {}
COMMAND: GET /session/c4faaf2c0768716850a26568dcbf970b/screenshot - {}
COMMAND: POST /session/c4faaf2c0768716850a26568dcbf970b/execute/sync - {"script":"<script> [8489 bytes]","args":[{"element-6066-11e4-a52e-4f735466cecf":"f.19DB9205A323DDBD447063DE6A5E99B9.d.30DD1E53418682F8488675C588F4CAD0.e.3243","ELEMENT":"f.19DB9205A323DDBD447063DE6A5E99B9.d.30DD1E53418682F8488675C588F4CAD0.e.3243"}]}
RESULT: {}
RESULT: {}
COMMAND: POST /session/c4faaf2c0768716850a26568dcbf970b/element - {"using":"xpath","value":"//span[contains(@id ,\"title\")][contains(text(), \"WebdriverYardhb4xz\")]"}
RESULT: {"using":"xpath","value":"//span[contains(@id ,\"title\")][contains(text(), \"WebdriverYardhb4xz\")]"}
COMMAND: POST /session/c4faaf2c0768716850a26568dcbf970b/element - {"using":"xpath","value":"//span[contains(@id ,\"title\")][contains(text(), \"WebdriverYardhb4xz\")]"}
RESULT: {"using":"xpath","value":"//span[contains(@id ,\"title\")][contains(text(), \"WebdriverYardhb4xz\")]"}
COMMAND: POST /session/c4faaf2c0768716850a26568dcbf970b/element - {"using":"xpath","value":"//span[contains(@id ,\"title\")][contains(text(), \"WebdriverYardhb4xz\")]"}
RESULT: {"using":"xpath","value":"//span[contains(@id ,\"title\")][contains(text(), \"WebdriverYardhb4xz\")]"}
COMMAND: POST /session/c4faaf2c0768716850a26568dcbf970b/element - {"using":"xpath","value":"//span[contains(@id ,\"title\")][contains(text(), \"WebdriverYardhb4xz\")]"}
RESULT: {"using":"xpath","value":"//span[contains(@id ,\"title\")][contains(text(), \"WebdriverYardhb4xz\")]"}
COMMAND: POST /session/c4faaf2c0768716850a26568dcbf970b/element - {"using":"xpath","value":"//span[contains(@id ,\"title\")][contains(text(), \"WebdriverYardhb4xz\")]"}
RESULT: {"using":"xpath","value":"//span[contains(@id ,\"title\")][contains(text(), \"WebdriverYardhb4xz\")]"}
COMMAND: POST /session/c4faaf2c0768716850a26568dcbf970b/element - {"using":"xpath","value":"//span[contains(@id ,\"title\")][contains(text(), \"WebdriverYardhb4xz\")]"}
RESULT: {"using":"xpath","value":"//span[contains(@id ,\"title\")][contains(text(), \"WebdriverYardhb4xz\")]"}
COMMAND: POST /session/c4faaf2c0768716850a26568dcbf970b/element - {"using":"xpath","value":"//span[contains(@id ,\"title\")][contains(text(), \"WebdriverYardhb4xz\")]"}
RESULT: {"using":"xpath","value":"//span[contains(@id ,\"title\")][contains(text(), \"WebdriverYardhb4xz\")]"}
COMMAND: POST /session/c4faaf2c0768716850a26568dcbf970b/element - {"using":"xpath","value":"//span[contains(@id ,\"title\")][contains(text(), \"WebdriverYardhb4xz\")]"}
RESULT: {"using":"xpath","value":"//span[contains(@id ,\"title\")][contains(text(), \"WebdriverYardhb4xz\")]"}
COMMAND: POST /session/c4faaf2c0768716850a26568dcbf970b/element - {"using":"xpath","value":"//span[contains(@id ,\"title\")][contains(text(), \"WebdriverYardhb4xz\")]"}
RESULT: {"using":"xpath","value":"//span[contains(@id ,\"title\")][contains(text(), \"WebdriverYardhb4xz\")]"}
COMMAND: POST /session/c4faaf2c0768716850a26568dcbf970b/element - {"using":"xpath","value":"//span[contains(@id ,\"title\")][contains(text(), \"WebdriverYardhb4xz\")]"}
RESULT: {"using":"xpath","value":"//span[contains(@id ,\"title\")][contains(text(), \"WebdriverYardhb4xz\")]"}
COMMAND: POST /session/c4faaf2c0768716850a26568dcbf970b/element - {"using":"xpath","value":"//span[contains(@id ,\"title\")][contains(text(), \"WebdriverYardhb4xz\")]"}
RESULT: {"using":"xpath","value":"//span[contains(@id ,\"title\")][contains(text(), \"WebdriverYardhb4xz\")]"}
COMMAND: POST /session/c4faaf2c0768716850a26568dcbf970b/element - {"using":"xpath","value":"//span[contains(@id ,\"title\")][contains(text(), \"WebdriverYardhb4xz\")]"}
RESULT: {"using":"xpath","value":"//span[contains(@id ,\"title\")][contains(text(), \"WebdriverYardhb4xz\")]"}
COMMAND: POST /session/c4faaf2c0768716850a26568dcbf970b/element - {"using":"xpath","value":"//span[contains(@id ,\"title\")][contains(text(), \"WebdriverYardhb4xz\")]"}
RESULT: {"using":"xpath","value":"//span[contains(@id ,\"title\")][contains(text(), \"WebdriverYardhb4xz\")]"}
COMMAND: POST /session/c4faaf2c0768716850a26568dcbf970b/element - {"using":"xpath","value":"//span[contains(@id ,\"title\")][contains(text(), \"WebdriverYardhb4xz\")]"}
RESULT: {"using":"xpath","value":"//span[contains(@id ,\"title\")][contains(text(), \"WebdriverYardhb4xz\")]"}
COMMAND: POST /session/c4faaf2c0768716850a26568dcbf970b/element - {"using":"xpath","value":"//*[contains(@data-kt ,\"webshopDetailYardLink\")]"}
RESULT: {"using":"xpath","value":"//*[contains(@data-kt ,\"webshopDetailYardLink\")]"}
COMMAND: POST /session/c4faaf2c0768716850a26568dcbf970b/execute/sync - {"script":"<script> [8489 bytes]","args":[{"element-6066-11e4-a52e-4f735466cecf":"f.19DB9205A323DDBD447063DE6A5E99B9.d.30DD1E53418682F8488675C588F4CAD0.e.3382","ELEMENT":"f.19DB9205A323DDBD447063DE6A5E99B9.d.30DD1E53418682F8488675C588F4CAD0.e.3382"}]}
RESULT: {"script":"<script> [8489 bytes]","args":[{"element-6066-11e4-a52e-4f735466cecf":"f.19DB9205A323DDBD447063DE6A5E99B9.d.30DD1E53418682F8488675C588F4CAD0.e.3382","ELEMENT":"f.19DB9205A323DDBD447063DE6A5E99B9.d.30DD1E53418682F8488675C588F4CAD0.e.3382"}]}
COMMAND: POST /session/c4faaf2c0768716850a26568dcbf970b/execute/sync - {"script":"<script> [5351 bytes]","args":[{"element-6066-11e4-a52e-4f735466cecf":"f.19DB9205A323DDBD447063DE6A5E99B9.d.30DD1E53418682F8488675C588F4CAD0.e.3382","ELEMENT":"f.19DB9205A323DDBD447063DE6A5E99B9.d.30DD1E53418682F8488675C588F4CAD0.e.3382"}]}
COMMAND: GET /session/c4faaf2c0768716850a26568dcbf970b/screenshot - {}
RESULT: {"script":"<script> [5351 bytes]","args":[{"element-6066-11e4-a52e-4f735466cecf":"f.19DB9205A323DDBD447063DE6A5E99B9.d.30DD1E53418682F8488675C588F4CAD0.e.3382","ELEMENT":"f.19DB9205A323DDBD447063DE6A5E99B9.d.30DD1E53418682F8488675C588F4CAD0.e.3382"}]}
COMMAND: POST /session/c4faaf2c0768716850a26568dcbf970b/element - {"using":"xpath","value":"//*[contains(@data-kt ,\"webshopDetailYardLink\")]"}
COMMAND: GET /session/c4faaf2c0768716850a26568dcbf970b/screenshot - {}
RESULT: {}
RESULT: {"using":"xpath","value":"//*[contains(@data-kt ,\"webshopDetailYardLink\")]"}
COMMAND: POST /session/c4faaf2c0768716850a26568dcbf970b/element/f.19DB9205A323DDBD447063DE6A5E99B9.d.30DD1E53418682F8488675C588F4CAD0.e.3382/click - {}
COMMAND: POST /session/c4faaf2c0768716850a26568dcbf970b/element - {"using":"xpath","value":"//span[contains(@id ,\"title\")][contains(text(), \"WebdriverYardhb4xz\")]"}
RESULT: {}
RESULT: {}
COMMAND: GET /session/c4faaf2c0768716850a26568dcbf970b/screenshot - {}
RESULT: {"using":"xpath","value":"//span[contains(@id ,\"title\")][contains(text(), \"WebdriverYardhb4xz\")]"}
COMMAND: POST /session/c4faaf2c0768716850a26568dcbf970b/execute/sync - {"script":"<script> [8489 bytes]","args":[{"element-6066-11e4-a52e-4f735466cecf":"f.19DB9205A323DDBD447063DE6A5E99B9.d.30DD1E53418682F8488675C588F4CAD0.e.3384","ELEMENT":"f.19DB9205A323DDBD447063DE6A5E99B9.d.30DD1E53418682F8488675C588F4CAD0.e.3384"}]}
RESULT: {}
RESULT: {"script":"<script> [8489 bytes]","args":[{"element-6066-11e4-a52e-4f735466cecf":"f.19DB9205A323DDBD447063DE6A5E99B9.d.30DD1E53418682F8488675C588F4CAD0.e.3384","ELEMENT":"f.19DB9205A323DDBD447063DE6A5E99B9.d.30DD1E53418682F8488675C588F4CAD0.e.3384"}]}
COMMAND: GET /session/c4faaf2c0768716850a26568dcbf970b/screenshot - {}
RESULT: {}
COMMAND: POST /session/c4faaf2c0768716850a26568dcbf970b/element - {"using":"xpath","value":"//*[contains(@data-kt ,\"ContextMenuId3Link\")][contains(text(), \"Yard Main Address\")]"}
RESULT: {"using":"xpath","value":"//*[contains(@data-kt ,\"ContextMenuId3Link\")][contains(text(), \"Yard Main Address\")]"}
COMMAND: POST /session/c4faaf2c0768716850a26568dcbf970b/element/f.19DB9205A323DDBD447063DE6A5E99B9.d.30DD1E53418682F8488675C588F4CAD0.e.3385/click - {}
RESULT: {}
COMMAND: GET /session/c4faaf2c0768716850a26568dcbf970b/screenshot - {}
RESULT: {}
COMMAND: POST /session/c4faaf2c0768716850a26568dcbf970b/execute/async - {"script":"<script> [1562 bytes]","args":[{"selector":{"id":"application-addressmanagement-display-component---masterAdm--title1"},"wdio_ui5_key":"applicationaddressmanagement-display-component---masterAdm--title1"}]}
RESULT: {"script":"<script> [1562 bytes]","args":[{"selector":{"id":"application-addressmanagement-display-component---masterAdm--title1"},"wdio_ui5_key":"applicationaddressmanagement-display-component---masterAdm--title1"}]}
RESULT: undefined
COMMAND: POST /session/c4faaf2c0768716850a26568dcbf970b/execute/async - {"script":"<script> [6424 bytes]","args":[{"element-6066-11e4-a52e-4f735466cecf":"f.19DB9205A323DDBD447063DE6A5E99B9.d.30DD1E53418682F8488675C588F4CAD0.e.3576"},"getText",[]]}
RESULT: {"script":"<script> [6424 bytes]","args":[{"element-6066-11e4-a52e-4f735466cecf":"f.19DB9205A323DDBD447063DE6A5E99B9.d.30DD1E53418682F8488675C588F4CAD0.e.3576"},"getText",[]]}
COMMAND: POST /session/c4faaf2c0768716850a26568dcbf970b/element - {"using":"xpath","value":"//span[contains(text(), \"WebdriverYardjjtihg\")][contains(@id ,\"application-addressmanagement-display-component---detailAdm--addressDetailDetailsName1\")]"}
RESULT: {"using":"xpath","value":"//span[contains(text(), \"WebdriverYardjjtihg\")][contains(@id ,\"application-addressmanagement-display-component---detailAdm--addressDetailDetailsName1\")]"}
COMMAND: POST /session/c4faaf2c0768716850a26568dcbf970b/element - {"using":"xpath","value":"//span[contains(text(), \"WebdriverYardjjtihg\")][contains(@id ,\"application-addressmanagement-display-component---detailAdm--addressDetailDetailsName1\")]"}
RESULT: undefined
COMMAND: POST /session/c4faaf2c0768716850a26568dcbf970b/element - {"using":"xpath","value":"//*[@id=\"backBtn\"]"}
RESULT: {"using":"xpath","value":"//span[contains(text(), \"WebdriverYardjjtihg\")][contains(@id ,\"application-addressmanagement-display-component---detailAdm--addressDetailDetailsName1\")]"}
RESULT: {"using":"xpath","value":"//*[@id=\"backBtn\"]"}
COMMAND: POST /session/c4faaf2c0768716850a26568dcbf970b/element/f.19DB9205A323DDBD447063DE6A5E99B9.d.30DD1E53418682F8488675C588F4CAD0.e.3244/click - {}
RESULT: {}
COMMAND: GET /session/c4faaf2c0768716850a26568dcbf970b/screenshot - {}
COMMAND: POST /session/c4faaf2c0768716850a26568dcbf970b/element - {"using":"xpath","value":"//span[contains(text(), \"WebdriverYardjjtihg\")][contains(@id ,\"application-addressmanagement-display-component---detailAdm--addressDetailDetailsName1\")]"}
RESULT: {}
RESULT: {"using":"xpath","value":"//span[contains(text(), \"WebdriverYardjjtihg\")][contains(@id ,\"application-addressmanagement-display-component---detailAdm--addressDetailDetailsName1\")]"}
COMMAND: POST /session/c4faaf2c0768716850a26568dcbf970b/element - {"using":"xpath","value":"//span[contains(text(), \"WebdriverYardjjtihg\")][contains(@id ,\"application-addressmanagement-display-component---detailAdm--addressDetailDetailsName1\")]"}
RESULT: {"using":"xpath","value":"//span[contains(text(), \"WebdriverYardjjtihg\")][contains(@id ,\"application-addressmanagement-display-component---detailAdm--addressDetailDetailsName1\")]"}
COMMAND: POST /session/c4faaf2c0768716850a26568dcbf970b/element - {"using":"xpath","value":"//span[contains(text(), \"WebdriverYardjjtihg\")][contains(@id ,\"application-addressmanagement-display-component---detailAdm--addressDetailDetailsName1\")]"}
RESULT: {"using":"xpath","value":"//span[contains(text(), \"WebdriverYardjjtihg\")][contains(@id ,\"application-addressmanagement-display-component---detailAdm--addressDetailDetailsName1\")]"}
COMMAND: POST /session/c4faaf2c0768716850a26568dcbf970b/element - {"using":"xpath","value":"//span[contains(text(), \"WebdriverYardjjtihg\")][contains(@id ,\"application-addressmanagement-display-component---detailAdm--addressDetailDetailsName1\")]"}
RESULT: {"using":"xpath","value":"//span[contains(text(), \"WebdriverYardjjtihg\")][contains(@id ,\"application-addressmanagement-display-component---detailAdm--addressDetailDetailsName1\")]"}
COMMAND: POST /session/c4faaf2c0768716850a26568dcbf970b/element - {"using":"xpath","value":"//span[contains(text(), \"WebdriverYardjjtihg\")][contains(@id ,\"application-addressmanagement-display-component---detailAdm--addressDetailDetailsName1\")]"}
RESULT: {"using":"xpath","value":"//span[contains(text(), \"WebdriverYardjjtihg\")][contains(@id ,\"application-addressmanagement-display-component---detailAdm--addressDetailDetailsName1\")]"}
COMMAND: POST /session/c4faaf2c0768716850a26568dcbf970b/element - {"using":"xpath","value":"//span[contains(text(), \"WebdriverYardjjtihg\")][contains(@id ,\"application-addressmanagement-display-component---detailAdm--addressDetailDetailsName1\")]"}
RESULT: {"using":"xpath","value":"//span[contains(text(), \"WebdriverYardjjtihg\")][contains(@id ,\"application-addressmanagement-display-component---detailAdm--addressDetailDetailsName1\")]"}
COMMAND: POST /session/c4faaf2c0768716850a26568dcbf970b/element - {"using":"xpath","value":"//span[contains(text(), \"WebdriverYardjjtihg\")][contains(@id ,\"application-addressmanagement-display-component---detailAdm--addressDetailDetailsName1\")]"}
RESULT: {"using":"xpath","value":"//span[contains(text(), \"WebdriverYardjjtihg\")][contains(@id ,\"application-addressmanagement-display-component---detailAdm--addressDetailDetailsName1\")]"}
COMMAND: POST /session/c4faaf2c0768716850a26568dcbf970b/element - {"using":"xpath","value":"//span[contains(text(), \"WebdriverYardjjtihg\")][contains(@id ,\"application-addressmanagement-display-component---detailAdm--addressDetailDetailsName1\")]"}
RESULT: {"using":"xpath","value":"//span[contains(text(), \"WebdriverYardjjtihg\")][contains(@id ,\"application-addressmanagement-display-component---detailAdm--addressDetailDetailsName1\")]"}
COMMAND: POST /session/c4faaf2c0768716850a26568dcbf970b/execute/sync - {"script":"<script> [8489 bytes]","args":[{"element-6066-11e4-a52e-4f735466cecf":"f.19DB9205A323DDBD447063DE6A5E99B9.d.30DD1E53418682F8488675C588F4CAD0.e.3382","ELEMENT":"f.19DB9205A323DDBD447063DE6A5E99B9.d.30DD1E53418682F8488675C588F4CAD0.e.3382"}]}
COMMAND: POST /session/c4faaf2c0768716850a26568dcbf970b/element - {"using":"xpath","value":"//*[contains(@data-kt ,\"webshopDetailYardLink\")]"}
RESULT: {"using":"xpath","value":"//*[contains(@data-kt ,\"webshopDetailYardLink\")]"}
COMMAND: POST /session/c4faaf2c0768716850a26568dcbf970b/execute/sync - {"script":"<script> [8489 bytes]","args":[{"element-6066-11e4-a52e-4f735466cecf":"f.19DB9205A323DDBD447063DE6A5E99B9.d.30DD1E53418682F8488675C588F4CAD0.e.3740","ELEMENT":"f.19DB9205A323DDBD447063DE6A5E99B9.d.30DD1E53418682F8488675C588F4CAD0.e.3740"}]}
RESULT: {"script":"<script> [8489 bytes]","args":[{"element-6066-11e4-a52e-4f735466cecf":"f.19DB9205A323DDBD447063DE6A5E99B9.d.30DD1E53418682F8488675C588F4CAD0.e.3740","ELEMENT":"f.19DB9205A323DDBD447063DE6A5E99B9.d.30DD1E53418682F8488675C588F4CAD0.e.3740"}]}
COMMAND: POST /session/c4faaf2c0768716850a26568dcbf970b/execute/sync - {"script":"<script> [5351 bytes]","args":[{"element-6066-11e4-a52e-4f735466cecf":"f.19DB9205A323DDBD447063DE6A5E99B9.d.30DD1E53418682F8488675C588F4CAD0.e.3740","ELEMENT":"f.19DB9205A323DDBD447063DE6A5E99B9.d.30DD1E53418682F8488675C588F4CAD0.e.3740"}]}
COMMAND: GET /session/c4faaf2c0768716850a26568dcbf970b/screenshot - {}
RESULT: {"script":"<script> [5351 bytes]","args":[{"element-6066-11e4-a52e-4f735466cecf":"f.19DB9205A323DDBD447063DE6A5E99B9.d.30DD1E53418682F8488675C588F4CAD0.e.3740","ELEMENT":"f.19DB9205A323DDBD447063DE6A5E99B9.d.30DD1E53418682F8488675C588F4CAD0.e.3740"}]}
COMMAND: POST /session/c4faaf2c0768716850a26568dcbf970b/element - {"using":"xpath","value":"//*[contains(@data-kt ,\"webshopDetailYardLink\")]"}
COMMAND: GET /session/c4faaf2c0768716850a26568dcbf970b/screenshot - {}
COMMAND: POST /session/c4faaf2c0768716850a26568dcbf970b/element - {"using":"xpath","value":"//span[contains(text(), \"WebdriverYardjjtihg\")][contains(@id ,\"application-addressmanagement-display-component---detailAdm--addressDetailDetailsName1\")]"}
RESULT: {}
RESULT: {"using":"xpath","value":"//*[contains(@data-kt ,\"webshopDetailYardLink\")]"}
COMMAND: POST /session/c4faaf2c0768716850a26568dcbf970b/element/f.19DB9205A323DDBD447063DE6A5E99B9.d.30DD1E53418682F8488675C588F4CAD0.e.3740/click - {}
RESULT: {}
RESULT: {"using":"xpath","value":"//span[contains(text(), \"WebdriverYardjjtihg\")][contains(@id ,\"application-addressmanagement-display-component---detailAdm--addressDetailDetailsName1\")]"}
RESULT: {}
COMMAND: GET /session/c4faaf2c0768716850a26568dcbf970b/screenshot - {}
RESULT: {}
COMMAND: POST /session/c4faaf2c0768716850a26568dcbf970b/element - {"using":"xpath","value":"//span[contains(text(), \"WebdriverYardjjtihg\")][contains(@id ,\"application-addressmanagement-display-component---detailAdm--addressDetailDetailsName1\")]"}
RESULT: {"using":"xpath","value":"//span[contains(text(), \"WebdriverYardjjtihg\")][contains(@id ,\"application-addressmanagement-display-component---detailAdm--addressDetailDetailsName1\")]"}
COMMAND: POST /session/c4faaf2c0768716850a26568dcbf970b/element - {"using":"xpath","value":"//span[contains(text(), \"WebdriverYardjjtihg\")][contains(@id ,\"application-addressmanagement-display-component---detailAdm--addressDetailDetailsName1\")]"}
RESULT: {"using":"xpath","value":"//span[contains(text(), \"WebdriverYardjjtihg\")][contains(@id ,\"application-addressmanagement-display-component---detailAdm--addressDetailDetailsName1\")]"}
COMMAND: POST /session/c4faaf2c0768716850a26568dcbf970b/element - {"using":"xpath","value":"//span[contains(text(), \"WebdriverYardjjtihg\")][contains(@id ,\"application-addressmanagement-display-component---detailAdm--addressDetailDetailsName1\")]"}
RESULT: {"using":"xpath","value":"//span[contains(text(), \"WebdriverYardjjtihg\")][contains(@id ,\"application-addressmanagement-display-component---detailAdm--addressDetailDetailsName1\")]"}
COMMAND: POST /session/c4faaf2c0768716850a26568dcbf970b/element - {"using":"xpath","value":"//span[contains(text(), \"WebdriverYardjjtihg\")][contains(@id ,\"application-addressmanagement-display-component---detailAdm--addressDetailDetailsName1\")]"}
COMMAND: POST /session/c4faaf2c0768716850a26568dcbf970b/element - {"using":"xpath","value":"//button[contains(@data-kt ,\"ContextMenuExternalId2Link\")]"}
RESULT: {"using":"xpath","value":"//span[contains(text(), \"WebdriverYardjjtihg\")][contains(@id ,\"application-addressmanagement-display-component---detailAdm--addressDetailDetailsName1\")]"}
RESULT: {"using":"xpath","value":"//button[contains(@data-kt ,\"ContextMenuExternalId2Link\")]"}
COMMAND: POST /session/c4faaf2c0768716850a26568dcbf970b/element/f.19DB9205A323DDBD447063DE6A5E99B9.d.30DD1E53418682F8488675C588F4CAD0.e.3741/click - {}
RESULT: {}
COMMAND: GET /session/c4faaf2c0768716850a26568dcbf970b/screenshot - {}
COMMAND: POST /session/c4faaf2c0768716850a26568dcbf970b/element - {"using":"xpath","value":"//span[contains(text(), \"WebdriverYardjjtihg\")][contains(@id ,\"application-addressmanagement-display-component---detailAdm--addressDetailDetailsName1\")]"}
RESULT: {}
RESULT: {"using":"xpath","value":"//span[contains(text(), \"WebdriverYardjjtihg\")][contains(@id ,\"application-addressmanagement-display-component---detailAdm--addressDetailDetailsName1\")]"}
COMMAND: POST /session/c4faaf2c0768716850a26568dcbf970b/element - {"using":"xpath","value":"//span[contains(text(), \"WebdriverYardjjtihg\")][contains(@id ,\"application-addressmanagement-display-component---detailAdm--addressDetailDetailsName1\")]"}
RESULT: {"using":"xpath","value":"//span[contains(text(), \"WebdriverYardjjtihg\")][contains(@id ,\"application-addressmanagement-display-component---detailAdm--addressDetailDetailsName1\")]"}
COMMAND: POST /session/c4faaf2c0768716850a26568dcbf970b/element - {"using":"xpath","value":"//span[contains(text(), \"WebdriverYardjjtihg\")][contains(@id ,\"application-addressmanagement-display-component---detailAdm--addressDetailDetailsName1\")]"}
RESULT: {"using":"xpath","value":"//span[contains(text(), \"WebdriverYardjjtihg\")][contains(@id ,\"application-addressmanagement-display-component---detailAdm--addressDetailDetailsName1\")]"}
COMMAND: POST /session/c4faaf2c0768716850a26568dcbf970b/element - {"using":"xpath","value":"//span[contains(text(), \"WebdriverYardjjtihg\")][contains(@id ,\"application-addressmanagement-display-component---detailAdm--addressDetailDetailsName1\")]"}
RESULT: {"using":"xpath","value":"//span[contains(text(), \"WebdriverYardjjtihg\")][contains(@id ,\"application-addressmanagement-display-component---detailAdm--addressDetailDetailsName1\")]"}
COMMAND: POST /session/c4faaf2c0768716850a26568dcbf970b/element - {"using":"xpath","value":"//span[contains(text(), \"WebdriverYardjjtihg\")][contains(@id ,\"application-addressmanagement-display-component---detailAdm--addressDetailDetailsName1\")]"}
RESULT: {"using":"xpath","value":"//span[contains(text(), \"WebdriverYardjjtihg\")][contains(@id ,\"application-addressmanagement-display-component---detailAdm--addressDetailDetailsName1\")]"}
COMMAND: POST /session/c4faaf2c0768716850a26568dcbf970b/element - {"using":"xpath","value":"//span[contains(text(), \"WebdriverYardjjtihg\")][contains(@id ,\"application-addressmanagement-display-component---detailAdm--addressDetailDetailsName1\")]"}
RESULT: {"using":"xpath","value":"//span[contains(text(), \"WebdriverYardjjtihg\")][contains(@id ,\"application-addressmanagement-display-component---detailAdm--addressDetailDetailsName1\")]"}
COMMAND: POST /session/c4faaf2c0768716850a26568dcbf970b/element - {"using":"xpath","value":"//span[contains(text(), \"WebdriverYardjjtihg\")][contains(@id ,\"application-addressmanagement-display-component---detailAdm--addressDetailDetailsName1\")]"}
RESULT: {"using":"xpath","value":"//span[contains(text(), \"WebdriverYardjjtihg\")][contains(@id ,\"application-addressmanagement-display-component---detailAdm--addressDetailDetailsName1\")]"}
COMMAND: POST /session/c4faaf2c0768716850a26568dcbf970b/element - {"using":"xpath","value":"//span[contains(text(), \"WebdriverYardjjtihg\")][contains(@id ,\"application-addressmanagement-display-component---detailAdm--addressDetailDetailsName1\")]"}
COMMAND: GET /session/c4faaf2c0768716850a26568dcbf970b/window/handles - {}
RESULT: {"using":"xpath","value":"//span[contains(text(), \"WebdriverYardjjtihg\")][contains(@id ,\"application-addressmanagement-display-component---detailAdm--addressDetailDetailsName1\")]"}
RESULT: {}
COMMAND: POST /session/c4faaf2c0768716850a26568dcbf970b/window - {"handle":"2BD4AE447B6FFCCD6D4172D27EEE6A09"}
RESULT: {"handle":"2BD4AE447B6FFCCD6D4172D27EEE6A09"}
COMMAND: GET /session/c4faaf2c0768716850a26568dcbf970b/url - {}
RESULT: {}
COMMAND: GET /session/c4faaf2c0768716850a26568dcbf970b/screenshot - {}
COMMAND: POST /session/c4faaf2c0768716850a26568dcbf970b/element - {"using":"xpath","value":"//span[contains(text(), \"WebdriverYardjjtihg\")][contains(@id ,\"application-addressmanagement-display-component---detailAdm--addressDetailDetailsName1\")]"}
RESULT: {}
RESULT: {"using":"xpath","value":"//span[contains(text(), \"WebdriverYardjjtihg\")][contains(@id ,\"application-addressmanagement-display-component---detailAdm--addressDetailDetailsName1\")]"}
COMMAND: POST /session/c4faaf2c0768716850a26568dcbf970b/element - {"using":"xpath","value":"//span[contains(text(), \"WebdriverYardjjtihg\")][contains(@id ,\"application-addressmanagement-display-component---detailAdm--addressDetailDetailsName1\")]"}
RESULT: {"using":"xpath","value":"//span[contains(text(), \"WebdriverYardjjtihg\")][contains(@id ,\"application-addressmanagement-display-component---detailAdm--addressDetailDetailsName1\")]"}
COMMAND: POST /session/c4faaf2c0768716850a26568dcbf970b/element - {"using":"xpath","value":"//span[contains(text(), \"WebdriverYardjjtihg\")][contains(@id ,\"application-addressmanagement-display-component---detailAdm--addressDetailDetailsName1\")]"}
RESULT: {"using":"xpath","value":"//span[contains(text(), \"WebdriverYardjjtihg\")][contains(@id ,\"application-addressmanagement-display-component---detailAdm--addressDetailDetailsName1\")]"}
COMMAND: POST /session/c4faaf2c0768716850a26568dcbf970b/element - {"using":"xpath","value":"//span[contains(text(), \"WebdriverYardjjtihg\")][contains(@id ,\"application-addressmanagement-display-component---detailAdm--addressDetailDetailsName1\")]"}
RESULT: {"using":"xpath","value":"//span[contains(text(), \"WebdriverYardjjtihg\")][contains(@id ,\"application-addressmanagement-display-component---detailAdm--addressDetailDetailsName1\")]"}
COMMAND: POST /session/c4faaf2c0768716850a26568dcbf970b/element - {"using":"xpath","value":"//span[contains(text(), \"WebdriverYardjjtihg\")][contains(@id ,\"application-addressmanagement-display-component---detailAdm--addressDetailDetailsName1\")]"}
RESULT: {"using":"xpath","value":"//span[contains(text(), \"WebdriverYardjjtihg\")][contains(@id ,\"application-addressmanagement-display-component---detailAdm--addressDetailDetailsName1\")]"}
COMMAND: POST /session/c4faaf2c0768716850a26568dcbf970b/element - {"using":"xpath","value":"//span[contains(text(), \"WebdriverYardjjtihg\")][contains(@id ,\"application-addressmanagement-display-component---detailAdm--addressDetailDetailsName1\")]"}
RESULT: {"using":"xpath","value":"//span[contains(text(), \"WebdriverYardjjtihg\")][contains(@id ,\"application-addressmanagement-display-component---detailAdm--addressDetailDetailsName1\")]"}
COMMAND: POST /session/c4faaf2c0768716850a26568dcbf970b/element - {"using":"xpath","value":"//span[contains(text(), \"WebdriverYardjjtihg\")][contains(@id ,\"application-addressmanagement-display-component---detailAdm--addressDetailDetailsName1\")]"}
RESULT: {"using":"xpath","value":"//span[contains(text(), \"WebdriverYardjjtihg\")][contains(@id ,\"application-addressmanagement-display-component---detailAdm--addressDetailDetailsName1\")]"}
COMMAND: POST /session/c4faaf2c0768716850a26568dcbf970b/element - {"using":"xpath","value":"//span[contains(text(), \"WebdriverYardjjtihg\")][contains(@id ,\"application-addressmanagement-display-component---detailAdm--addressDetailDetailsName1\")]"}
RESULT: {"using":"xpath","value":"//span[contains(text(), \"WebdriverYardjjtihg\")][contains(@id ,\"application-addressmanagement-display-component---detailAdm--addressDetailDetailsName1\")]"}
COMMAND: POST /session/c4faaf2c0768716850a26568dcbf970b/element - {"using":"xpath","value":"//span[contains(text(), \"WebdriverYardjjtihg\")][contains(@id ,\"application-addressmanagement-display-component---detailAdm--addressDetailDetailsName1\")]"}
RESULT: {"using":"xpath","value":"//span[contains(text(), \"WebdriverYardjjtihg\")][contains(@id ,\"application-addressmanagement-display-component---detailAdm--addressDetailDetailsName1\")]"}
COMMAND: POST /session/c4faaf2c0768716850a26568dcbf970b/element - {"using":"xpath","value":"//span[contains(text(), \"WebdriverYardjjtihg\")][contains(@id ,\"application-addressmanagement-display-component---detailAdm--addressDetailDetailsName1\")]"}
RESULT: {"using":"xpath","value":"//span[contains(text(), \"WebdriverYardjjtihg\")][contains(@id ,\"application-addressmanagement-display-component---detailAdm--addressDetailDetailsName1\")]"}
COMMAND: POST /session/c4faaf2c0768716850a26568dcbf970b/element - {"using":"xpath","value":"//span[contains(text(), \"WebdriverYardjjtihg\")][contains(@id ,\"application-addressmanagement-display-component---detailAdm--addressDetailDetailsName1\")]"}
RESULT: {"using":"xpath","value":"//span[contains(text(), \"WebdriverYardjjtihg\")][contains(@id ,\"application-addressmanagement-display-component---detailAdm--addressDetailDetailsName1\")]"}
COMMAND: POST /session/c4faaf2c0768716850a26568dcbf970b/element - {"using":"xpath","value":"//span[contains(text(), \"WebdriverYardjjtihg\")][contains(@id ,\"application-addressmanagement-display-component---detailAdm--addressDetailDetailsName1\")]"}
RESULT: {"using":"xpath","value":"//span[contains(text(), \"WebdriverYardjjtihg\")][contains(@id ,\"application-addressmanagement-display-component---detailAdm--addressDetailDetailsName1\")]"}
COMMAND: POST /session/c4faaf2c0768716850a26568dcbf970b/element - {"using":"xpath","value":"//span[contains(text(), \"WebdriverYardjjtihg\")][contains(@id ,\"application-addressmanagement-display-component---detailAdm--addressDetailDetailsName1\")]"}
RESULT: {"using":"xpath","value":"//span[contains(text(), \"WebdriverYardjjtihg\")][contains(@id ,\"application-addressmanagement-display-component---detailAdm--addressDetailDetailsName1\")]"}
COMMAND: POST /session/c4faaf2c0768716850a26568dcbf970b/execute/sync - {"script":"<script> [8489 bytes]","args":[{"element-6066-11e4-a52e-4f735466cecf":"f.19DB9205A323DDBD447063DE6A5E99B9.d.30DD1E53418682F8488675C588F4CAD0.e.3384","ELEMENT":"f.19DB9205A323DDBD447063DE6A5E99B9.d.30DD1E53418682F8488675C588F4CAD0.e.3384"}]}
COMMAND: DELETE /session/c4faaf2c0768716850a26568dcbf970b/window - {}
COMMAND: POST /session/c4faaf2c0768716850a26568dcbf970b/element - {"using":"xpath","value":"//span[contains(text(), \"WebdriverYardjjtihg\")][contains(@id ,\"application-addressmanagement-display-component---detailAdm--addressDetailDetailsName1\")]"}
RESULT: {}
COMMAND: POST /session/c4faaf2c0768716850a26568dcbf970b/window - {"handle":"19DB9205A323DDBD447063DE6A5E99B9"}
RESULT: {"handle":"19DB9205A323DDBD447063DE6A5E99B9"}
COMMAND: GET /session/c4faaf2c0768716850a26568dcbf970b/url - {}
COMMAND: POST /session/c4faaf2c0768716850a26568dcbf970b/element - {"using":"xpath","value":"//span[contains(@id ,\"title\")][contains(text(), \"WebdriverYardhb4xz\")]"}
RESULT: {"using":"xpath","value":"//span[contains(text(), \"WebdriverYardjjtihg\")][contains(@id ,\"application-addressmanagement-display-component---detailAdm--addressDetailDetailsName1\")]"}
RESULT: {}
COMMAND: GET /session/c4faaf2c0768716850a26568dcbf970b/screenshot - {}
RESULT: {"using":"xpath","value":"//span[contains(@id ,\"title\")][contains(text(), \"WebdriverYardhb4xz\")]"}
COMMAND: POST /session/c4faaf2c0768716850a26568dcbf970b/execute/sync - {"script":"<script> [8489 bytes]","args":[{"element-6066-11e4-a52e-4f735466cecf":"f.19DB9205A323DDBD447063DE6A5E99B9.d.30DD1E53418682F8488675C588F4CAD0.e.3771","ELEMENT":"f.19DB9205A323DDBD447063DE6A5E99B9.d.30DD1E53418682F8488675C588F4CAD0.e.3771"}]}
COMMAND: POST /session/c4faaf2c0768716850a26568dcbf970b/element - {"using":"xpath","value":"//span[contains(text(), \"WebdriverYardjjtihg\")][contains(@id ,\"application-addressmanagement-display-component---detailAdm--addressDetailDetailsName1\")]"}
RESULT: {}
RESULT: {"script":"<script> [8489 bytes]","args":[{"element-6066-11e4-a52e-4f735466cecf":"f.19DB9205A323DDBD447063DE6A5E99B9.d.30DD1E53418682F8488675C588F4CAD0.e.3771","ELEMENT":"f.19DB9205A323DDBD447063DE6A5E99B9.d.30DD1E53418682F8488675C588F4CAD0.e.3771"}]}
RESULT: {"using":"xpath","value":"//span[contains(text(), \"WebdriverYardjjtihg\")][contains(@id ,\"application-addressmanagement-display-component---detailAdm--addressDetailDetailsName1\")]"}
COMMAND: GET /session/c4faaf2c0768716850a26568dcbf970b/screenshot - {}
RESULT: {}
COMMAND: POST /session/c4faaf2c0768716850a26568dcbf970b/element - {"using":"xpath","value":"//span[contains(text(), \"WebdriverYardjjtihg\")][contains(@id ,\"application-addressmanagement-display-component---detailAdm--addressDetailDetailsName1\")]"}
RESULT: {"using":"xpath","value":"//span[contains(text(), \"WebdriverYardjjtihg\")][contains(@id ,\"application-addressmanagement-display-component---detailAdm--addressDetailDetailsName1\")]"}
COMMAND: POST /session/c4faaf2c0768716850a26568dcbf970b/element - {"using":"xpath","value":"//span[contains(text(), \"WebdriverYardjjtihg\")][contains(@id ,\"application-addressmanagement-display-component---detailAdm--addressDetailDetailsName1\")]"}
RESULT: {"using":"xpath","value":"//span[contains(text(), \"WebdriverYardjjtihg\")][contains(@id ,\"application-addressmanagement-display-component---detailAdm--addressDetailDetailsName1\")]"}
COMMAND: POST /session/c4faaf2c0768716850a26568dcbf970b/element - {"using":"xpath","value":"//span[contains(text(), \"WebdriverYardjjtihg\")][contains(@id ,\"application-addressmanagement-display-component---detailAdm--addressDetailDetailsName1\")]"}
RESULT: {"using":"xpath","value":"//span[contains(text(), \"WebdriverYardjjtihg\")][contains(@id ,\"application-addressmanagement-display-component---detailAdm--addressDetailDetailsName1\")]"}
COMMAND: POST /session/c4faaf2c0768716850a26568dcbf970b/element - {"using":"xpath","value":"//span[contains(text(), \"WebdriverYardjjtihg\")][contains(@id ,\"application-addressmanagement-display-component---detailAdm--addressDetailDetailsName1\")]"}
RESULT: {"using":"xpath","value":"//span[contains(text(), \"WebdriverYardjjtihg\")][contains(@id ,\"application-addressmanagement-display-component---detailAdm--addressDetailDetailsName1\")]"}
COMMAND: POST /session/c4faaf2c0768716850a26568dcbf970b/element - {"using":"xpath","value":"//span[contains(text(), \"WebdriverYardjjtihg\")][contains(@id ,\"application-addressmanagement-display-component---detailAdm--addressDetailDetailsName1\")]"}
RESULT: {"using":"xpath","value":"//span[contains(text(), \"WebdriverYardjjtihg\")][contains(@id ,\"application-addressmanagement-display-component---detailAdm--addressDetailDetailsName1\")]"}
COMMAND: POST /session/c4faaf2c0768716850a26568dcbf970b/element - {"using":"xpath","value":"//span[contains(text(), \"WebdriverYardjjtihg\")][contains(@id ,\"application-addressmanagement-display-component---detailAdm--addressDetailDetailsName1\")]"}
RESULT: {"using":"xpath","value":"//span[contains(text(), \"WebdriverYardjjtihg\")][contains(@id ,\"application-addressmanagement-display-component---detailAdm--addressDetailDetailsName1\")]"}
COMMAND: POST /session/c4faaf2c0768716850a26568dcbf970b/element - {"using":"xpath","value":"//span[contains(text(), \"WebdriverYardjjtihg\")][contains(@id ,\"application-addressmanagement-display-component---detailAdm--addressDetailDetailsName1\")]"}
COMMAND: POST /session/c4faaf2c0768716850a26568dcbf970b/element - {"using":"xpath","value":"//button[contains(@data-kt ,\"ContextMenuExternalId3Link\")]"}
RESULT: {"using":"xpath","value":"//span[contains(text(), \"WebdriverYardjjtihg\")][contains(@id ,\"application-addressmanagement-display-component---detailAdm--addressDetailDetailsName1\")]"}
RESULT: {"using":"xpath","value":"//button[contains(@data-kt ,\"ContextMenuExternalId3Link\")]"}
COMMAND: POST /session/c4faaf2c0768716850a26568dcbf970b/element/f.19DB9205A323DDBD447063DE6A5E99B9.d.30DD1E53418682F8488675C588F4CAD0.e.3772/click - {}
RESULT: {}
COMMAND: GET /session/c4faaf2c0768716850a26568dcbf970b/screenshot - {}
COMMAND: POST /session/c4faaf2c0768716850a26568dcbf970b/element - {"using":"xpath","value":"//span[contains(text(), \"WebdriverYardjjtihg\")][contains(@id ,\"application-addressmanagement-display-component---detailAdm--addressDetailDetailsName1\")]"}
RESULT: {}
RESULT: {"using":"xpath","value":"//span[contains(text(), \"WebdriverYardjjtihg\")][contains(@id ,\"application-addressmanagement-display-component---detailAdm--addressDetailDetailsName1\")]"}
COMMAND: POST /session/c4faaf2c0768716850a26568dcbf970b/element - {"using":"xpath","value":"//span[contains(text(), \"WebdriverYardjjtihg\")][contains(@id ,\"application-addressmanagement-display-component---detailAdm--addressDetailDetailsName1\")]"}
RESULT: {"using":"xpath","value":"//span[contains(text(), \"WebdriverYardjjtihg\")][contains(@id ,\"application-addressmanagement-display-component---detailAdm--addressDetailDetailsName1\")]"}
COMMAND: POST /session/c4faaf2c0768716850a26568dcbf970b/element - {"using":"xpath","value":"//span[contains(text(), \"WebdriverYardjjtihg\")][contains(@id ,\"application-addressmanagement-display-component---detailAdm--addressDetailDetailsName1\")]"}
RESULT: {"using":"xpath","value":"//span[contains(text(), \"WebdriverYardjjtihg\")][contains(@id ,\"application-addressmanagement-display-component---detailAdm--addressDetailDetailsName1\")]"}
COMMAND: POST /session/c4faaf2c0768716850a26568dcbf970b/element - {"using":"xpath","value":"//span[contains(text(), \"WebdriverYardjjtihg\")][contains(@id ,\"application-addressmanagement-display-component---detailAdm--addressDetailDetailsName1\")]"}
RESULT: {"using":"xpath","value":"//span[contains(text(), \"WebdriverYardjjtihg\")][contains(@id ,\"application-addressmanagement-display-component---detailAdm--addressDetailDetailsName1\")]"}
COMMAND: POST /session/c4faaf2c0768716850a26568dcbf970b/element - {"using":"xpath","value":"//span[contains(text(), \"WebdriverYardjjtihg\")][contains(@id ,\"application-addressmanagement-display-component---detailAdm--addressDetailDetailsName1\")]"}
RESULT: {"using":"xpath","value":"//span[contains(text(), \"WebdriverYardjjtihg\")][contains(@id ,\"application-addressmanagement-display-component---detailAdm--addressDetailDetailsName1\")]"}
COMMAND: POST /session/c4faaf2c0768716850a26568dcbf970b/element - {"using":"xpath","value":"//span[contains(text(), \"WebdriverYardjjtihg\")][contains(@id ,\"application-addressmanagement-display-component---detailAdm--addressDetailDetailsName1\")]"}
RESULT: {"using":"xpath","value":"//span[contains(text(), \"WebdriverYardjjtihg\")][contains(@id ,\"application-addressmanagement-display-component---detailAdm--addressDetailDetailsName1\")]"}
COMMAND: GET /session/c4faaf2c0768716850a26568dcbf970b/window/handles - {}
RESULT: {}
COMMAND: POST /session/c4faaf2c0768716850a26568dcbf970b/window - {"handle":"0383C773FA1D7D9F4A2FBB1B81E2F4E6"}
RESULT: {"handle":"0383C773FA1D7D9F4A2FBB1B81E2F4E6"}
COMMAND: GET /session/c4faaf2c0768716850a26568dcbf970b/url - {}
RESULT: {}
COMMAND: GET /session/c4faaf2c0768716850a26568dcbf970b/screenshot - {}
RESULT: {}
COMMAND: POST /session/c4faaf2c0768716850a26568dcbf970b/element - {"using":"xpath","value":"//span[contains(text(), \"WebdriverYardjjtihg\")][contains(@id ,\"application-addressmanagement-display-component---detailAdm--addressDetailDetailsName1\")]"}
COMMAND: DELETE /session/c4faaf2c0768716850a26568dcbf970b/window - {}
RESULT: {}
COMMAND: POST /session/c4faaf2c0768716850a26568dcbf970b/window - {"handle":"19DB9205A323DDBD447063DE6A5E99B9"}
RESULT: {"handle":"19DB9205A323DDBD447063DE6A5E99B9"}
COMMAND: GET /session/c4faaf2c0768716850a26568dcbf970b/url - {}
RESULT: {"using":"xpath","value":"//span[contains(text(), \"WebdriverYardjjtihg\")][contains(@id ,\"application-addressmanagement-display-component---detailAdm--addressDetailDetailsName1\")]"}
RESULT: {}
COMMAND: GET /session/c4faaf2c0768716850a26568dcbf970b/screenshot - {}
RESULT: {}
COMMAND: POST /session/c4faaf2c0768716850a26568dcbf970b/element - {"using":"xpath","value":"//span[contains(text(), \"WebdriverYardjjtihg\")][contains(@id ,\"application-addressmanagement-display-component---detailAdm--addressDetailDetailsName1\")]"}
RESULT: {"using":"xpath","value":"//span[contains(text(), \"WebdriverYardjjtihg\")][contains(@id ,\"application-addressmanagement-display-component---detailAdm--addressDetailDetailsName1\")]"}
COMMAND: POST /session/c4faaf2c0768716850a26568dcbf970b/element - {"using":"xpath","value":"//span[contains(text(), \"WebdriverYardjjtihg\")][contains(@id ,\"application-addressmanagement-display-component---detailAdm--addressDetailDetailsName1\")]"}
RESULT: {"using":"xpath","value":"//span[contains(text(), \"WebdriverYardjjtihg\")][contains(@id ,\"application-addressmanagement-display-component---detailAdm--addressDetailDetailsName1\")]"}
COMMAND: POST /session/c4faaf2c0768716850a26568dcbf970b/element - {"using":"xpath","value":"//span[contains(text(), \"WebdriverYardjjtihg\")][contains(@id ,\"application-addressmanagement-display-component---detailAdm--addressDetailDetailsName1\")]"}
RESULT: {"using":"xpath","value":"//span[contains(text(), \"WebdriverYardjjtihg\")][contains(@id ,\"application-addressmanagement-display-component---detailAdm--addressDetailDetailsName1\")]"}
COMMAND: POST /session/c4faaf2c0768716850a26568dcbf970b/element - {"using":"xpath","value":"//span[contains(text(), \"WebdriverYardjjtihg\")][contains(@id ,\"application-addressmanagement-display-component---detailAdm--addressDetailDetailsName1\")]"}
RESULT: {"using":"xpath","value":"//span[contains(text(), \"WebdriverYardjjtihg\")][contains(@id ,\"application-addressmanagement-display-component---detailAdm--addressDetailDetailsName1\")]"}
COMMAND: POST /session/c4faaf2c0768716850a26568dcbf970b/element - {"using":"xpath","value":"//span[contains(text(), \"WebdriverYardjjtihg\")][contains(@id ,\"application-addressmanagement-display-component---detailAdm--addressDetailDetailsName1\")]"}
RESULT: {"using":"xpath","value":"//span[contains(text(), \"WebdriverYardjjtihg\")][contains(@id ,\"application-addressmanagement-display-component---detailAdm--addressDetailDetailsName1\")]"}
COMMAND: POST /session/c4faaf2c0768716850a26568dcbf970b/element - {"using":"xpath","value":"//span[contains(text(), \"WebdriverYardjjtihg\")][contains(@id ,\"application-addressmanagement-display-component---detailAdm--addressDetailDetailsName1\")]"}
RESULT: {"using":"xpath","value":"//span[contains(text(), \"WebdriverYardjjtihg\")][contains(@id ,\"application-addressmanagement-display-component---detailAdm--addressDetailDetailsName1\")]"}
COMMAND: POST /session/c4faaf2c0768716850a26568dcbf970b/element - {"using":"xpath","value":"//span[contains(text(), \"WebdriverYardjjtihg\")][contains(@id ,\"application-addressmanagement-display-component---detailAdm--addressDetailDetailsName1\")]"}
RESULT: {"using":"xpath","value":"//span[contains(text(), \"WebdriverYardjjtihg\")][contains(@id ,\"application-addressmanagement-display-component---detailAdm--addressDetailDetailsName1\")]"}
COMMAND: POST /session/c4faaf2c0768716850a26568dcbf970b/element - {"using":"xpath","value":"//span[contains(text(), \"WebdriverYardjjtihg\")][contains(@id ,\"application-addressmanagement-display-component---detailAdm--addressDetailDetailsName1\")]"}
RESULT: {"using":"xpath","value":"//span[contains(text(), \"WebdriverYardjjtihg\")][contains(@id ,\"application-addressmanagement-display-component---detailAdm--addressDetailDetailsName1\")]"}
COMMAND: POST /session/c4faaf2c0768716850a26568dcbf970b/element - {"using":"xpath","value":"//span[contains(text(), \"WebdriverYardjjtihg\")][contains(@id ,\"application-addressmanagement-display-component---detailAdm--addressDetailDetailsName1\")]"}
RESULT: {"using":"xpath","value":"//span[contains(text(), \"WebdriverYardjjtihg\")][contains(@id ,\"application-addressmanagement-display-component---detailAdm--addressDetailDetailsName1\")]"}
]]></system-out>
    </testcase>
    <testcase classname="chrome.137_0_7151_56.windows.Webshop_-_Hyperlinks_visible_and_working_properly__US139085" name="Shpuld verify site hyperlinks" time="211.182">
      <system-out><![CDATA[
COMMAND: POST /session/c4faaf2c0768716850a26568dcbf970b/element - {"using":"xpath","value":"//*[contains(@data-kt ,\"webshopDetailSiteLink\")]"}
RESULT: {"using":"xpath","value":"//*[contains(@data-kt ,\"webshopDetailSiteLink\")]"}
COMMAND: POST /session/c4faaf2c0768716850a26568dcbf970b/execute/sync - {"script":"<script> [8489 bytes]","args":[{"element-6066-11e4-a52e-4f735466cecf":"f.19DB9205A323DDBD447063DE6A5E99B9.d.30DD1E53418682F8488675C588F4CAD0.e.3973","ELEMENT":"f.19DB9205A323DDBD447063DE6A5E99B9.d.30DD1E53418682F8488675C588F4CAD0.e.3973"}]}
RESULT: {"script":"<script> [8489 bytes]","args":[{"element-6066-11e4-a52e-4f735466cecf":"f.19DB9205A323DDBD447063DE6A5E99B9.d.30DD1E53418682F8488675C588F4CAD0.e.3973","ELEMENT":"f.19DB9205A323DDBD447063DE6A5E99B9.d.30DD1E53418682F8488675C588F4CAD0.e.3973"}]}
COMMAND: POST /session/c4faaf2c0768716850a26568dcbf970b/execute/sync - {"script":"<script> [5351 bytes]","args":[{"element-6066-11e4-a52e-4f735466cecf":"f.19DB9205A323DDBD447063DE6A5E99B9.d.30DD1E53418682F8488675C588F4CAD0.e.3973","ELEMENT":"f.19DB9205A323DDBD447063DE6A5E99B9.d.30DD1E53418682F8488675C588F4CAD0.e.3973"}]}
RESULT: {"script":"<script> [5351 bytes]","args":[{"element-6066-11e4-a52e-4f735466cecf":"f.19DB9205A323DDBD447063DE6A5E99B9.d.30DD1E53418682F8488675C588F4CAD0.e.3973","ELEMENT":"f.19DB9205A323DDBD447063DE6A5E99B9.d.30DD1E53418682F8488675C588F4CAD0.e.3973"}]}
COMMAND: POST /session/c4faaf2c0768716850a26568dcbf970b/element - {"using":"xpath","value":"//*[contains(@data-kt ,\"webshopDetailSiteLink\")]"}
RESULT: {"using":"xpath","value":"//*[contains(@data-kt ,\"webshopDetailSiteLink\")]"}
COMMAND: POST /session/c4faaf2c0768716850a26568dcbf970b/element/f.19DB9205A323DDBD447063DE6A5E99B9.d.30DD1E53418682F8488675C588F4CAD0.e.3973/click - {}
COMMAND: POST /session/c4faaf2c0768716850a26568dcbf970b/element - {"using":"xpath","value":"//span[contains(text(), \"WebdriverYardjjtihg\")][contains(@id ,\"application-addressmanagement-display-component---detailAdm--addressDetailDetailsName1\")]"}
COMMAND: GET /session/c4faaf2c0768716850a26568dcbf970b/screenshot - {}
COMMAND: GET /session/c4faaf2c0768716850a26568dcbf970b/screenshot - {}
RESULT: {}
COMMAND: GET /session/c4faaf2c0768716850a26568dcbf970b/screenshot - {}
RESULT: {"using":"xpath","value":"//span[contains(text(), \"WebdriverYardjjtihg\")][contains(@id ,\"application-addressmanagement-display-component---detailAdm--addressDetailDetailsName1\")]"}
RESULT: {}
COMMAND: POST /session/c4faaf2c0768716850a26568dcbf970b/element - {"using":"xpath","value":"//span[contains(text(), \"WebdriverYardjjtihg\")][contains(@id ,\"application-addressmanagement-display-component---detailAdm--addressDetailDetailsName1\")]"}
RESULT: {}
RESULT: {}
RESULT: {"using":"xpath","value":"//span[contains(text(), \"WebdriverYardjjtihg\")][contains(@id ,\"application-addressmanagement-display-component---detailAdm--addressDetailDetailsName1\")]"}
COMMAND: POST /session/c4faaf2c0768716850a26568dcbf970b/element - {"using":"xpath","value":"//span[contains(text(), \"WebdriverYardjjtihg\")][contains(@id ,\"application-addressmanagement-display-component---detailAdm--addressDetailDetailsName1\")]"}
RESULT: {"using":"xpath","value":"//span[contains(text(), \"WebdriverYardjjtihg\")][contains(@id ,\"application-addressmanagement-display-component---detailAdm--addressDetailDetailsName1\")]"}
COMMAND: POST /session/c4faaf2c0768716850a26568dcbf970b/element - {"using":"xpath","value":"//span[contains(text(), \"WebdriverYardjjtihg\")][contains(@id ,\"application-addressmanagement-display-component---detailAdm--addressDetailDetailsName1\")]"}
RESULT: {"using":"xpath","value":"//span[contains(text(), \"WebdriverYardjjtihg\")][contains(@id ,\"application-addressmanagement-display-component---detailAdm--addressDetailDetailsName1\")]"}
COMMAND: POST /session/c4faaf2c0768716850a26568dcbf970b/element - {"using":"xpath","value":"//*[contains(@data-kt ,\"ContextMenuIdLink\")][contains(text(), \"Manage Site\")]"}
RESULT: {"using":"xpath","value":"//*[contains(@data-kt ,\"ContextMenuIdLink\")][contains(text(), \"Manage Site\")]"}
COMMAND: POST /session/c4faaf2c0768716850a26568dcbf970b/execute/sync - {"script":"<script> [8489 bytes]","args":[{"element-6066-11e4-a52e-4f735466cecf":"f.19DB9205A323DDBD447063DE6A5E99B9.d.30DD1E53418682F8488675C588F4CAD0.e.3975","ELEMENT":"f.19DB9205A323DDBD447063DE6A5E99B9.d.30DD1E53418682F8488675C588F4CAD0.e.3975"}]}
COMMAND: POST /session/c4faaf2c0768716850a26568dcbf970b/element - {"using":"xpath","value":"//*[contains(@data-kt ,\"ContextMenuId2Link\")][contains(text(), \"Site Overview\")]"}
RESULT: {"using":"xpath","value":"//*[contains(@data-kt ,\"ContextMenuId2Link\")][contains(text(), \"Site Overview\")]"}
COMMAND: POST /session/c4faaf2c0768716850a26568dcbf970b/execute/sync - {"script":"<script> [8489 bytes]","args":[{"element-6066-11e4-a52e-4f735466cecf":"f.19DB9205A323DDBD447063DE6A5E99B9.d.30DD1E53418682F8488675C588F4CAD0.e.3976","ELEMENT":"f.19DB9205A323DDBD447063DE6A5E99B9.d.30DD1E53418682F8488675C588F4CAD0.e.3976"}]}
COMMAND: POST /session/c4faaf2c0768716850a26568dcbf970b/element - {"using":"xpath","value":"//*[contains(@data-kt ,\"ContextMenuId3Link\")][contains(text(), \"Site Main Address\")]"}
RESULT: {"script":"<script> [8489 bytes]","args":[{"element-6066-11e4-a52e-4f735466cecf":"f.19DB9205A323DDBD447063DE6A5E99B9.d.30DD1E53418682F8488675C588F4CAD0.e.3975","ELEMENT":"f.19DB9205A323DDBD447063DE6A5E99B9.d.30DD1E53418682F8488675C588F4CAD0.e.3975"}]}
COMMAND: GET /session/c4faaf2c0768716850a26568dcbf970b/screenshot - {}
RESULT: {"using":"xpath","value":"//*[contains(@data-kt ,\"ContextMenuId3Link\")][contains(text(), \"Site Main Address\")]"}
COMMAND: POST /session/c4faaf2c0768716850a26568dcbf970b/execute/sync - {"script":"<script> [8489 bytes]","args":[{"element-6066-11e4-a52e-4f735466cecf":"f.19DB9205A323DDBD447063DE6A5E99B9.d.30DD1E53418682F8488675C588F4CAD0.e.3977","ELEMENT":"f.19DB9205A323DDBD447063DE6A5E99B9.d.30DD1E53418682F8488675C588F4CAD0.e.3977"}]}
COMMAND: POST /session/c4faaf2c0768716850a26568dcbf970b/element/f.19DB9205A323DDBD447063DE6A5E99B9.d.30DD1E53418682F8488675C588F4CAD0.e.3975/click - {}
RESULT: {"script":"<script> [8489 bytes]","args":[{"element-6066-11e4-a52e-4f735466cecf":"f.19DB9205A323DDBD447063DE6A5E99B9.d.30DD1E53418682F8488675C588F4CAD0.e.3976","ELEMENT":"f.19DB9205A323DDBD447063DE6A5E99B9.d.30DD1E53418682F8488675C588F4CAD0.e.3976"}]}
COMMAND: GET /session/c4faaf2c0768716850a26568dcbf970b/screenshot - {}
RESULT: {}
RESULT: {"script":"<script> [8489 bytes]","args":[{"element-6066-11e4-a52e-4f735466cecf":"f.19DB9205A323DDBD447063DE6A5E99B9.d.30DD1E53418682F8488675C588F4CAD0.e.3977","ELEMENT":"f.19DB9205A323DDBD447063DE6A5E99B9.d.30DD1E53418682F8488675C588F4CAD0.e.3977"}]}
COMMAND: GET /session/c4faaf2c0768716850a26568dcbf970b/screenshot - {}
COMMAND: POST /session/c4faaf2c0768716850a26568dcbf970b/element - {"using":"xpath","value":"//span[contains(text(), \"WebdriverYardjjtihg\")][contains(@id ,\"application-addressmanagement-display-component---detailAdm--addressDetailDetailsName1\")]"}
RESULT: {}
COMMAND: GET /session/c4faaf2c0768716850a26568dcbf970b/screenshot - {}
RESULT: {}
RESULT: {}
RESULT: {"using":"xpath","value":"//span[contains(text(), \"WebdriverYardjjtihg\")][contains(@id ,\"application-addressmanagement-display-component---detailAdm--addressDetailDetailsName1\")]"}
COMMAND: POST /session/c4faaf2c0768716850a26568dcbf970b/element - {"using":"xpath","value":"//span[contains(text(), \"WebdriverYardjjtihg\")][contains(@id ,\"application-addressmanagement-display-component---detailAdm--addressDetailDetailsName1\")]"}
RESULT: {}
RESULT: {"using":"xpath","value":"//span[contains(text(), \"WebdriverYardjjtihg\")][contains(@id ,\"application-addressmanagement-display-component---detailAdm--addressDetailDetailsName1\")]"}
COMMAND: POST /session/c4faaf2c0768716850a26568dcbf970b/element - {"using":"xpath","value":"//span[contains(text(), \"WebdriverYardjjtihg\")][contains(@id ,\"application-addressmanagement-display-component---detailAdm--addressDetailDetailsName1\")]"}
COMMAND: POST /session/c4faaf2c0768716850a26568dcbf970b/execute/async - {"script":"<script> [1562 bytes]","args":[{"selector":{"controlType":"sap.m.Title","viewName":"etm.portal.ui.managesites.view.Master","viewId":"application-managesites-display-component---masterSite","i18NText":{"propertyName":"text","key":"sites"}},"wdio_ui5_key":"etmportal.ui.managesites.view.Mastersap.m.Title{\"propertyName\":\"text\",\"key\":\"sites\"}"}]}
RESULT: {"using":"xpath","value":"//span[contains(text(), \"WebdriverYardjjtihg\")][contains(@id ,\"application-addressmanagement-display-component---detailAdm--addressDetailDetailsName1\")]"}
RESULT: {"script":"<script> [1562 bytes]","args":[{"selector":{"controlType":"sap.m.Title","viewName":"etm.portal.ui.managesites.view.Master","viewId":"application-managesites-display-component---masterSite","i18NText":{"propertyName":"text","key":"sites"}},"wdio_ui5_key":"etmportal.ui.managesites.view.Mastersap.m.Title{\"propertyName\":\"text\",\"key\":\"sites\"}"}]}
RESULT: undefined
COMMAND: POST /session/c4faaf2c0768716850a26568dcbf970b/execute/async - {"script":"<script> [6424 bytes]","args":[{"element-6066-11e4-a52e-4f735466cecf":"f.19DB9205A323DDBD447063DE6A5E99B9.d.30DD1E53418682F8488675C588F4CAD0.e.4187"},"getText",[]]}
COMMAND: POST /session/c4faaf2c0768716850a26568dcbf970b/element - {"using":"xpath","value":"//span[contains(text(), \"WebdriverYardjjtihg\")][contains(@id ,\"application-addressmanagement-display-component---detailAdm--addressDetailDetailsName1\")]"}
RESULT: {"script":"<script> [6424 bytes]","args":[{"element-6066-11e4-a52e-4f735466cecf":"f.19DB9205A323DDBD447063DE6A5E99B9.d.30DD1E53418682F8488675C588F4CAD0.e.4187"},"getText",[]]}
COMMAND: POST /session/c4faaf2c0768716850a26568dcbf970b/execute/async - {"script":"<script> [1562 bytes]","args":[{"selector":{"id":"application-managesites-display-component---detailSite--addressDetailDetailsName1"},"wdio_ui5_key":"applicationmanagesites-display-component---detailSite--addressDetailDetailsName1"}]}
RESULT: {"using":"xpath","value":"//span[contains(text(), \"WebdriverYardjjtihg\")][contains(@id ,\"application-addressmanagement-display-component---detailAdm--addressDetailDetailsName1\")]"}
RESULT: {"script":"<script> [1562 bytes]","args":[{"selector":{"id":"application-managesites-display-component---detailSite--addressDetailDetailsName1"},"wdio_ui5_key":"applicationmanagesites-display-component---detailSite--addressDetailDetailsName1"}]}
RESULT: undefined
COMMAND: POST /session/c4faaf2c0768716850a26568dcbf970b/execute/async - {"script":"<script> [6424 bytes]","args":[{"element-6066-11e4-a52e-4f735466cecf":"f.19DB9205A323DDBD447063DE6A5E99B9.d.30DD1E53418682F8488675C588F4CAD0.e.4041"},"getValue",[]]}
COMMAND: POST /session/c4faaf2c0768716850a26568dcbf970b/element - {"using":"xpath","value":"//span[contains(text(), \"WebdriverYardjjtihg\")][contains(@id ,\"application-addressmanagement-display-component---detailAdm--addressDetailDetailsName1\")]"}
RESULT: {"script":"<script> [6424 bytes]","args":[{"element-6066-11e4-a52e-4f735466cecf":"f.19DB9205A323DDBD447063DE6A5E99B9.d.30DD1E53418682F8488675C588F4CAD0.e.4041"},"getValue",[]]}
RESULT: undefined
COMMAND: POST /session/c4faaf2c0768716850a26568dcbf970b/element - {"using":"xpath","value":"//*[@id=\"backBtn\"]"}
RESULT: {"using":"xpath","value":"//span[contains(text(), \"WebdriverYardjjtihg\")][contains(@id ,\"application-addressmanagement-display-component---detailAdm--addressDetailDetailsName1\")]"}
RESULT: {"using":"xpath","value":"//*[@id=\"backBtn\"]"}
COMMAND: POST /session/c4faaf2c0768716850a26568dcbf970b/element/f.19DB9205A323DDBD447063DE6A5E99B9.d.30DD1E53418682F8488675C588F4CAD0.e.3244/click - {}
RESULT: {}
COMMAND: GET /session/c4faaf2c0768716850a26568dcbf970b/screenshot - {}
COMMAND: POST /session/c4faaf2c0768716850a26568dcbf970b/element - {"using":"xpath","value":"//span[contains(text(), \"WebdriverYardjjtihg\")][contains(@id ,\"application-addressmanagement-display-component---detailAdm--addressDetailDetailsName1\")]"}
RESULT: {}
RESULT: {"using":"xpath","value":"//span[contains(text(), \"WebdriverYardjjtihg\")][contains(@id ,\"application-addressmanagement-display-component---detailAdm--addressDetailDetailsName1\")]"}
COMMAND: POST /session/c4faaf2c0768716850a26568dcbf970b/element - {"using":"xpath","value":"//span[contains(text(), \"WebdriverYardjjtihg\")][contains(@id ,\"application-addressmanagement-display-component---detailAdm--addressDetailDetailsName1\")]"}
RESULT: {"using":"xpath","value":"//span[contains(text(), \"WebdriverYardjjtihg\")][contains(@id ,\"application-addressmanagement-display-component---detailAdm--addressDetailDetailsName1\")]"}
COMMAND: POST /session/c4faaf2c0768716850a26568dcbf970b/element - {"using":"xpath","value":"//span[contains(text(), \"WebdriverYardjjtihg\")][contains(@id ,\"application-addressmanagement-display-component---detailAdm--addressDetailDetailsName1\")]"}
RESULT: {"using":"xpath","value":"//span[contains(text(), \"WebdriverYardjjtihg\")][contains(@id ,\"application-addressmanagement-display-component---detailAdm--addressDetailDetailsName1\")]"}
COMMAND: POST /session/c4faaf2c0768716850a26568dcbf970b/element - {"using":"xpath","value":"//span[contains(text(), \"WebdriverYardjjtihg\")][contains(@id ,\"application-addressmanagement-display-component---detailAdm--addressDetailDetailsName1\")]"}
RESULT: {"using":"xpath","value":"//span[contains(text(), \"WebdriverYardjjtihg\")][contains(@id ,\"application-addressmanagement-display-component---detailAdm--addressDetailDetailsName1\")]"}
COMMAND: POST /session/c4faaf2c0768716850a26568dcbf970b/element - {"using":"xpath","value":"//span[contains(text(), \"WebdriverYardjjtihg\")][contains(@id ,\"application-addressmanagement-display-component---detailAdm--addressDetailDetailsName1\")]"}
RESULT: {"using":"xpath","value":"//span[contains(text(), \"WebdriverYardjjtihg\")][contains(@id ,\"application-addressmanagement-display-component---detailAdm--addressDetailDetailsName1\")]"}
COMMAND: POST /session/c4faaf2c0768716850a26568dcbf970b/element - {"using":"xpath","value":"//span[contains(text(), \"WebdriverYardjjtihg\")][contains(@id ,\"application-addressmanagement-display-component---detailAdm--addressDetailDetailsName1\")]"}
RESULT: {"using":"xpath","value":"//span[contains(text(), \"WebdriverYardjjtihg\")][contains(@id ,\"application-addressmanagement-display-component---detailAdm--addressDetailDetailsName1\")]"}
COMMAND: POST /session/c4faaf2c0768716850a26568dcbf970b/element - {"using":"xpath","value":"//span[contains(text(), \"WebdriverYardjjtihg\")][contains(@id ,\"application-addressmanagement-display-component---detailAdm--addressDetailDetailsName1\")]"}
RESULT: {"using":"xpath","value":"//span[contains(text(), \"WebdriverYardjjtihg\")][contains(@id ,\"application-addressmanagement-display-component---detailAdm--addressDetailDetailsName1\")]"}
COMMAND: POST /session/c4faaf2c0768716850a26568dcbf970b/element - {"using":"xpath","value":"//span[contains(text(), \"WebdriverYardjjtihg\")][contains(@id ,\"application-addressmanagement-display-component---detailAdm--addressDetailDetailsName1\")]"}
RESULT: {"using":"xpath","value":"//span[contains(text(), \"WebdriverYardjjtihg\")][contains(@id ,\"application-addressmanagement-display-component---detailAdm--addressDetailDetailsName1\")]"}
COMMAND: POST /session/c4faaf2c0768716850a26568dcbf970b/element - {"using":"xpath","value":"//span[contains(text(), \"WebdriverYardjjtihg\")][contains(@id ,\"application-addressmanagement-display-component---detailAdm--addressDetailDetailsName1\")]"}
RESULT: {"using":"xpath","value":"//span[contains(text(), \"WebdriverYardjjtihg\")][contains(@id ,\"application-addressmanagement-display-component---detailAdm--addressDetailDetailsName1\")]"}
COMMAND: POST /session/c4faaf2c0768716850a26568dcbf970b/element - {"using":"xpath","value":"//span[contains(text(), \"WebdriverYardjjtihg\")][contains(@id ,\"application-addressmanagement-display-component---detailAdm--addressDetailDetailsName1\")]"}
RESULT: {"using":"xpath","value":"//span[contains(text(), \"WebdriverYardjjtihg\")][contains(@id ,\"application-addressmanagement-display-component---detailAdm--addressDetailDetailsName1\")]"}
COMMAND: POST /session/c4faaf2c0768716850a26568dcbf970b/element - {"using":"xpath","value":"//span[contains(text(), \"WebdriverYardjjtihg\")][contains(@id ,\"application-addressmanagement-display-component---detailAdm--addressDetailDetailsName1\")]"}
RESULT: {"using":"xpath","value":"//span[contains(text(), \"WebdriverYardjjtihg\")][contains(@id ,\"application-addressmanagement-display-component---detailAdm--addressDetailDetailsName1\")]"}
COMMAND: POST /session/c4faaf2c0768716850a26568dcbf970b/element - {"using":"xpath","value":"//span[contains(text(), \"WebdriverYardjjtihg\")][contains(@id ,\"application-addressmanagement-display-component---detailAdm--addressDetailDetailsName1\")]"}
RESULT: {"using":"xpath","value":"//span[contains(text(), \"WebdriverYardjjtihg\")][contains(@id ,\"application-addressmanagement-display-component---detailAdm--addressDetailDetailsName1\")]"}
COMMAND: POST /session/c4faaf2c0768716850a26568dcbf970b/execute/sync - {"script":"<script> [8489 bytes]","args":[{"element-6066-11e4-a52e-4f735466cecf":"f.19DB9205A323DDBD447063DE6A5E99B9.d.30DD1E53418682F8488675C588F4CAD0.e.3973","ELEMENT":"f.19DB9205A323DDBD447063DE6A5E99B9.d.30DD1E53418682F8488675C588F4CAD0.e.3973"}]}
COMMAND: POST /session/c4faaf2c0768716850a26568dcbf970b/element - {"using":"xpath","value":"//*[contains(@data-kt ,\"webshopDetailSiteLink\")]"}
RESULT: {"using":"xpath","value":"//*[contains(@data-kt ,\"webshopDetailSiteLink\")]"}
COMMAND: POST /session/c4faaf2c0768716850a26568dcbf970b/execute/sync - {"script":"<script> [8489 bytes]","args":[{"element-6066-11e4-a52e-4f735466cecf":"f.19DB9205A323DDBD447063DE6A5E99B9.d.30DD1E53418682F8488675C588F4CAD0.e.4319","ELEMENT":"f.19DB9205A323DDBD447063DE6A5E99B9.d.30DD1E53418682F8488675C588F4CAD0.e.4319"}]}
RESULT: {"script":"<script> [8489 bytes]","args":[{"element-6066-11e4-a52e-4f735466cecf":"f.19DB9205A323DDBD447063DE6A5E99B9.d.30DD1E53418682F8488675C588F4CAD0.e.4319","ELEMENT":"f.19DB9205A323DDBD447063DE6A5E99B9.d.30DD1E53418682F8488675C588F4CAD0.e.4319"}]}
COMMAND: POST /session/c4faaf2c0768716850a26568dcbf970b/execute/sync - {"script":"<script> [5351 bytes]","args":[{"element-6066-11e4-a52e-4f735466cecf":"f.19DB9205A323DDBD447063DE6A5E99B9.d.30DD1E53418682F8488675C588F4CAD0.e.4319","ELEMENT":"f.19DB9205A323DDBD447063DE6A5E99B9.d.30DD1E53418682F8488675C588F4CAD0.e.4319"}]}
COMMAND: GET /session/c4faaf2c0768716850a26568dcbf970b/screenshot - {}
RESULT: {"script":"<script> [5351 bytes]","args":[{"element-6066-11e4-a52e-4f735466cecf":"f.19DB9205A323DDBD447063DE6A5E99B9.d.30DD1E53418682F8488675C588F4CAD0.e.4319","ELEMENT":"f.19DB9205A323DDBD447063DE6A5E99B9.d.30DD1E53418682F8488675C588F4CAD0.e.4319"}]}
COMMAND: POST /session/c4faaf2c0768716850a26568dcbf970b/element - {"using":"xpath","value":"//*[contains(@data-kt ,\"webshopDetailSiteLink\")]"}
COMMAND: GET /session/c4faaf2c0768716850a26568dcbf970b/screenshot - {}
RESULT: {}
RESULT: {"using":"xpath","value":"//*[contains(@data-kt ,\"webshopDetailSiteLink\")]"}
COMMAND: POST /session/c4faaf2c0768716850a26568dcbf970b/element/f.19DB9205A323DDBD447063DE6A5E99B9.d.30DD1E53418682F8488675C588F4CAD0.e.4319/click - {}
COMMAND: POST /session/c4faaf2c0768716850a26568dcbf970b/element - {"using":"xpath","value":"//span[contains(text(), \"WebdriverYardjjtihg\")][contains(@id ,\"application-addressmanagement-display-component---detailAdm--addressDetailDetailsName1\")]"}
RESULT: {}
RESULT: {"using":"xpath","value":"//span[contains(text(), \"WebdriverYardjjtihg\")][contains(@id ,\"application-addressmanagement-display-component---detailAdm--addressDetailDetailsName1\")]"}
RESULT: {}
COMMAND: GET /session/c4faaf2c0768716850a26568dcbf970b/screenshot - {}
RESULT: {}
COMMAND: POST /session/c4faaf2c0768716850a26568dcbf970b/element - {"using":"xpath","value":"//span[contains(text(), \"WebdriverYardjjtihg\")][contains(@id ,\"application-addressmanagement-display-component---detailAdm--addressDetailDetailsName1\")]"}
RESULT: {"using":"xpath","value":"//span[contains(text(), \"WebdriverYardjjtihg\")][contains(@id ,\"application-addressmanagement-display-component---detailAdm--addressDetailDetailsName1\")]"}
COMMAND: POST /session/c4faaf2c0768716850a26568dcbf970b/element - {"using":"xpath","value":"//span[contains(text(), \"WebdriverYardjjtihg\")][contains(@id ,\"application-addressmanagement-display-component---detailAdm--addressDetailDetailsName1\")]"}
RESULT: {"using":"xpath","value":"//span[contains(text(), \"WebdriverYardjjtihg\")][contains(@id ,\"application-addressmanagement-display-component---detailAdm--addressDetailDetailsName1\")]"}
COMMAND: POST /session/c4faaf2c0768716850a26568dcbf970b/element - {"using":"xpath","value":"//span[contains(text(), \"WebdriverYardjjtihg\")][contains(@id ,\"application-addressmanagement-display-component---detailAdm--addressDetailDetailsName1\")]"}
RESULT: {"using":"xpath","value":"//span[contains(text(), \"WebdriverYardjjtihg\")][contains(@id ,\"application-addressmanagement-display-component---detailAdm--addressDetailDetailsName1\")]"}
COMMAND: POST /session/c4faaf2c0768716850a26568dcbf970b/element - {"using":"xpath","value":"//span[contains(text(), \"WebdriverYardjjtihg\")][contains(@id ,\"application-addressmanagement-display-component---detailAdm--addressDetailDetailsName1\")]"}
RESULT: {"using":"xpath","value":"//span[contains(text(), \"WebdriverYardjjtihg\")][contains(@id ,\"application-addressmanagement-display-component---detailAdm--addressDetailDetailsName1\")]"}
COMMAND: POST /session/c4faaf2c0768716850a26568dcbf970b/element/f.19DB9205A323DDBD447063DE6A5E99B9.d.30DD1E53418682F8488675C588F4CAD0.e.3976/click - {}
COMMAND: POST /session/c4faaf2c0768716850a26568dcbf970b/element - {"using":"xpath","value":"//*[contains(@data-kt ,\"ContextMenuId2Link\")][contains(text(), \"Site Overview\")]"}
RESULT: {"using":"xpath","value":"//*[contains(@data-kt ,\"ContextMenuId2Link\")][contains(text(), \"Site Overview\")]"}
COMMAND: POST /session/c4faaf2c0768716850a26568dcbf970b/element/f.19DB9205A323DDBD447063DE6A5E99B9.d.30DD1E53418682F8488675C588F4CAD0.e.3976/click - {}
COMMAND: POST /session/c4faaf2c0768716850a26568dcbf970b/element - {"using":"xpath","value":"//*[contains(@data-kt ,\"ContextMenuId2Link\")][contains(text(), \"Site Overview\")]"}
RESULT: {"using":"xpath","value":"//*[contains(@data-kt ,\"ContextMenuId2Link\")][contains(text(), \"Site Overview\")]"}
COMMAND: POST /session/c4faaf2c0768716850a26568dcbf970b/element/f.19DB9205A323DDBD447063DE6A5E99B9.d.30DD1E53418682F8488675C588F4CAD0.e.4321/click - {}
RESULT: {}
COMMAND: GET /session/c4faaf2c0768716850a26568dcbf970b/screenshot - {}
COMMAND: POST /session/c4faaf2c0768716850a26568dcbf970b/element - {"using":"xpath","value":"//span[contains(text(), \"WebdriverYardjjtihg\")][contains(@id ,\"application-addressmanagement-display-component---detailAdm--addressDetailDetailsName1\")]"}
RESULT: {}
RESULT: {"using":"xpath","value":"//span[contains(text(), \"WebdriverYardjjtihg\")][contains(@id ,\"application-addressmanagement-display-component---detailAdm--addressDetailDetailsName1\")]"}
COMMAND: POST /session/c4faaf2c0768716850a26568dcbf970b/element - {"using":"xpath","value":"//span[contains(text(), \"WebdriverYardjjtihg\")][contains(@id ,\"application-addressmanagement-display-component---detailAdm--addressDetailDetailsName1\")]"}
RESULT: {"using":"xpath","value":"//span[contains(text(), \"WebdriverYardjjtihg\")][contains(@id ,\"application-addressmanagement-display-component---detailAdm--addressDetailDetailsName1\")]"}
COMMAND: POST /session/c4faaf2c0768716850a26568dcbf970b/element - {"using":"xpath","value":"//span[contains(text(), \"WebdriverYardjjtihg\")][contains(@id ,\"application-addressmanagement-display-component---detailAdm--addressDetailDetailsName1\")]"}
RESULT: {"using":"xpath","value":"//span[contains(text(), \"WebdriverYardjjtihg\")][contains(@id ,\"application-addressmanagement-display-component---detailAdm--addressDetailDetailsName1\")]"}
COMMAND: POST /session/c4faaf2c0768716850a26568dcbf970b/element - {"using":"xpath","value":"//span[contains(text(), \"WebdriverYardjjtihg\")][contains(@id ,\"application-addressmanagement-display-component---detailAdm--addressDetailDetailsName1\")]"}
RESULT: {"using":"xpath","value":"//span[contains(text(), \"WebdriverYardjjtihg\")][contains(@id ,\"application-addressmanagement-display-component---detailAdm--addressDetailDetailsName1\")]"}
COMMAND: POST /session/c4faaf2c0768716850a26568dcbf970b/element - {"using":"xpath","value":"//span[contains(text(), \"WebdriverYardjjtihg\")][contains(@id ,\"application-addressmanagement-display-component---detailAdm--addressDetailDetailsName1\")]"}
RESULT: {"using":"xpath","value":"//span[contains(text(), \"WebdriverYardjjtihg\")][contains(@id ,\"application-addressmanagement-display-component---detailAdm--addressDetailDetailsName1\")]"}
COMMAND: POST /session/c4faaf2c0768716850a26568dcbf970b/element - {"using":"xpath","value":"//span[contains(text(), \"WebdriverYardjjtihg\")][contains(@id ,\"application-addressmanagement-display-component---detailAdm--addressDetailDetailsName1\")]"}
RESULT: {"using":"xpath","value":"//span[contains(text(), \"WebdriverYardjjtihg\")][contains(@id ,\"application-addressmanagement-display-component---detailAdm--addressDetailDetailsName1\")]"}
COMMAND: POST /session/c4faaf2c0768716850a26568dcbf970b/element - {"using":"xpath","value":"//span[contains(text(), \"WebdriverYardjjtihg\")][contains(@id ,\"application-addressmanagement-display-component---detailAdm--addressDetailDetailsName1\")]"}
RESULT: {"using":"xpath","value":"//span[contains(text(), \"WebdriverYardjjtihg\")][contains(@id ,\"application-addressmanagement-display-component---detailAdm--addressDetailDetailsName1\")]"}
RESULT: undefined
COMMAND: POST /session/c4faaf2c0768716850a26568dcbf970b/execute/async - {"script":"<script> [6424 bytes]","args":[{"element-6066-11e4-a52e-4f735466cecf":"f.19DB9205A323DDBD447063DE6A5E99B9.d.30DD1E53418682F8488675C588F4CAD0.e.3242"},"getTitle",[]]}
COMMAND: POST /session/c4faaf2c0768716850a26568dcbf970b/execute/async - {"script":"<script> [1562 bytes]","args":[{"selector":{"id":"shellAppTitle"},"wdio_ui5_key":"shellAppTitle"}]}
RESULT: {"script":"<script> [1562 bytes]","args":[{"selector":{"id":"shellAppTitle"},"wdio_ui5_key":"shellAppTitle"}]}
COMMAND: POST /session/c4faaf2c0768716850a26568dcbf970b/execute/async - {"script":"<script> [6424 bytes]","args":[{"element-6066-11e4-a52e-4f735466cecf":"f.19DB9205A323DDBD447063DE6A5E99B9.d.30DD1E53418682F8488675C588F4CAD0.e.4348"},"getTitle",[]]}
RESULT: {"script":"<script> [6424 bytes]","args":[{"element-6066-11e4-a52e-4f735466cecf":"f.19DB9205A323DDBD447063DE6A5E99B9.d.30DD1E53418682F8488675C588F4CAD0.e.4348"},"getTitle",[]]}
COMMAND: POST /session/c4faaf2c0768716850a26568dcbf970b/element - {"using":"xpath","value":"(//span[contains(text(), \"WebdriverSitehwvto\")])[2]"}
RESULT: {"using":"xpath","value":"(//span[contains(text(), \"WebdriverSitehwvto\")])[2]"}
COMMAND: POST /session/c4faaf2c0768716850a26568dcbf970b/execute/sync - {"script":"<script> [8489 bytes]","args":[{"element-6066-11e4-a52e-4f735466cecf":"f.19DB9205A323DDBD447063DE6A5E99B9.d.30DD1E53418682F8488675C588F4CAD0.e.4349","ELEMENT":"f.19DB9205A323DDBD447063DE6A5E99B9.d.30DD1E53418682F8488675C588F4CAD0.e.4349"}]}
RESULT: undefined
COMMAND: POST /session/c4faaf2c0768716850a26568dcbf970b/element - {"using":"xpath","value":"//*[@id=\"backBtn\"]"}
RESULT: {"using":"xpath","value":"//*[@id=\"backBtn\"]"}
COMMAND: POST /session/c4faaf2c0768716850a26568dcbf970b/element/f.19DB9205A323DDBD447063DE6A5E99B9.d.30DD1E53418682F8488675C588F4CAD0.e.3244/click - {}
RESULT: {"script":"<script> [8489 bytes]","args":[{"element-6066-11e4-a52e-4f735466cecf":"f.19DB9205A323DDBD447063DE6A5E99B9.d.30DD1E53418682F8488675C588F4CAD0.e.4349","ELEMENT":"f.19DB9205A323DDBD447063DE6A5E99B9.d.30DD1E53418682F8488675C588F4CAD0.e.4349"}]}
COMMAND: GET /session/c4faaf2c0768716850a26568dcbf970b/screenshot - {}
RESULT: {}
COMMAND: GET /session/c4faaf2c0768716850a26568dcbf970b/screenshot - {}
RESULT: {}
RESULT: {}
COMMAND: POST /session/c4faaf2c0768716850a26568dcbf970b/execute/sync - {"script":"<script> [8489 bytes]","args":[{"element-6066-11e4-a52e-4f735466cecf":"f.19DB9205A323DDBD447063DE6A5E99B9.d.30DD1E53418682F8488675C588F4CAD0.e.4319","ELEMENT":"f.19DB9205A323DDBD447063DE6A5E99B9.d.30DD1E53418682F8488675C588F4CAD0.e.4319"}]}
COMMAND: POST /session/c4faaf2c0768716850a26568dcbf970b/element - {"using":"xpath","value":"//*[contains(@data-kt ,\"webshopDetailSiteLink\")]"}
RESULT: {"using":"xpath","value":"//*[contains(@data-kt ,\"webshopDetailSiteLink\")]"}
COMMAND: POST /session/c4faaf2c0768716850a26568dcbf970b/execute/sync - {"script":"<script> [8489 bytes]","args":[{"element-6066-11e4-a52e-4f735466cecf":"f.19DB9205A323DDBD447063DE6A5E99B9.d.30DD1E53418682F8488675C588F4CAD0.e.4481","ELEMENT":"f.19DB9205A323DDBD447063DE6A5E99B9.d.30DD1E53418682F8488675C588F4CAD0.e.4481"}]}
RESULT: {"script":"<script> [8489 bytes]","args":[{"element-6066-11e4-a52e-4f735466cecf":"f.19DB9205A323DDBD447063DE6A5E99B9.d.30DD1E53418682F8488675C588F4CAD0.e.4481","ELEMENT":"f.19DB9205A323DDBD447063DE6A5E99B9.d.30DD1E53418682F8488675C588F4CAD0.e.4481"}]}
COMMAND: POST /session/c4faaf2c0768716850a26568dcbf970b/execute/sync - {"script":"<script> [5351 bytes]","args":[{"element-6066-11e4-a52e-4f735466cecf":"f.19DB9205A323DDBD447063DE6A5E99B9.d.30DD1E53418682F8488675C588F4CAD0.e.4481","ELEMENT":"f.19DB9205A323DDBD447063DE6A5E99B9.d.30DD1E53418682F8488675C588F4CAD0.e.4481"}]}
COMMAND: GET /session/c4faaf2c0768716850a26568dcbf970b/screenshot - {}
RESULT: {"script":"<script> [5351 bytes]","args":[{"element-6066-11e4-a52e-4f735466cecf":"f.19DB9205A323DDBD447063DE6A5E99B9.d.30DD1E53418682F8488675C588F4CAD0.e.4481","ELEMENT":"f.19DB9205A323DDBD447063DE6A5E99B9.d.30DD1E53418682F8488675C588F4CAD0.e.4481"}]}
COMMAND: POST /session/c4faaf2c0768716850a26568dcbf970b/element - {"using":"xpath","value":"//*[contains(@data-kt ,\"webshopDetailSiteLink\")]"}
COMMAND: GET /session/c4faaf2c0768716850a26568dcbf970b/screenshot - {}
RESULT: {}
RESULT: {"using":"xpath","value":"//*[contains(@data-kt ,\"webshopDetailSiteLink\")]"}
COMMAND: POST /session/c4faaf2c0768716850a26568dcbf970b/element/f.19DB9205A323DDBD447063DE6A5E99B9.d.30DD1E53418682F8488675C588F4CAD0.e.4481/click - {}
RESULT: {}
RESULT: {}
COMMAND: GET /session/c4faaf2c0768716850a26568dcbf970b/screenshot - {}
RESULT: {}
COMMAND: POST /session/c4faaf2c0768716850a26568dcbf970b/element/f.19DB9205A323DDBD447063DE6A5E99B9.d.30DD1E53418682F8488675C588F4CAD0.e.3977/click - {}
COMMAND: POST /session/c4faaf2c0768716850a26568dcbf970b/element - {"using":"xpath","value":"//*[contains(@data-kt ,\"ContextMenuId3Link\")][contains(text(), \"Site Main Address\")]"}
RESULT: {"using":"xpath","value":"//*[contains(@data-kt ,\"ContextMenuId3Link\")][contains(text(), \"Site Main Address\")]"}
COMMAND: POST /session/c4faaf2c0768716850a26568dcbf970b/element/f.19DB9205A323DDBD447063DE6A5E99B9.d.30DD1E53418682F8488675C588F4CAD0.e.3977/click - {}
COMMAND: POST /session/c4faaf2c0768716850a26568dcbf970b/element - {"using":"xpath","value":"//*[contains(@data-kt ,\"ContextMenuId3Link\")][contains(text(), \"Site Main Address\")]"}
RESULT: {"using":"xpath","value":"//*[contains(@data-kt ,\"ContextMenuId3Link\")][contains(text(), \"Site Main Address\")]"}
COMMAND: POST /session/c4faaf2c0768716850a26568dcbf970b/element/f.19DB9205A323DDBD447063DE6A5E99B9.d.30DD1E53418682F8488675C588F4CAD0.e.4483/click - {}
RESULT: {}
COMMAND: GET /session/c4faaf2c0768716850a26568dcbf970b/screenshot - {}
RESULT: {}
COMMAND: POST /session/c4faaf2c0768716850a26568dcbf970b/element - {"using":"xpath","value":"//span[contains(@id ,\"application-addressmanagement-display-component---masterAdm--title1-inner\")]"}
RESULT: {"using":"xpath","value":"//span[contains(@id ,\"application-addressmanagement-display-component---masterAdm--title1-inner\")]"}
COMMAND: GET /session/c4faaf2c0768716850a26568dcbf970b/element/f.19DB9205A323DDBD447063DE6A5E99B9.d.30DD1E53418682F8488675C588F4CAD0.e.4673/text - {}
RESULT: {}
COMMAND: POST /session/c4faaf2c0768716850a26568dcbf970b/element - {"using":"xpath","value":"//span[contains(@id ,\"application-addressmanagement-display-component---detailAdm--addressDetailDetailsName1\")][contains(text(), \"WebdriverSitehwvto\")]"}
RESULT: {"using":"xpath","value":"//span[contains(@id ,\"application-addressmanagement-display-component---detailAdm--addressDetailDetailsName1\")][contains(text(), \"WebdriverSitehwvto\")]"}
COMMAND: POST /session/c4faaf2c0768716850a26568dcbf970b/execute/sync - {"script":"<script> [8489 bytes]","args":[{"element-6066-11e4-a52e-4f735466cecf":"f.19DB9205A323DDBD447063DE6A5E99B9.d.30DD1E53418682F8488675C588F4CAD0.e.4674","ELEMENT":"f.19DB9205A323DDBD447063DE6A5E99B9.d.30DD1E53418682F8488675C588F4CAD0.e.4674"}]}
RESULT: undefined
COMMAND: POST /session/c4faaf2c0768716850a26568dcbf970b/element - {"using":"xpath","value":"//*[@id=\"backBtn\"]"}
RESULT: {"script":"<script> [8489 bytes]","args":[{"element-6066-11e4-a52e-4f735466cecf":"f.19DB9205A323DDBD447063DE6A5E99B9.d.30DD1E53418682F8488675C588F4CAD0.e.4674","ELEMENT":"f.19DB9205A323DDBD447063DE6A5E99B9.d.30DD1E53418682F8488675C588F4CAD0.e.4674"}]}
COMMAND: GET /session/c4faaf2c0768716850a26568dcbf970b/screenshot - {}
RESULT: {"using":"xpath","value":"//*[@id=\"backBtn\"]"}
COMMAND: POST /session/c4faaf2c0768716850a26568dcbf970b/element/f.19DB9205A323DDBD447063DE6A5E99B9.d.30DD1E53418682F8488675C588F4CAD0.e.3244/click - {}
RESULT: {}
RESULT: {}
COMMAND: GET /session/c4faaf2c0768716850a26568dcbf970b/screenshot - {}
RESULT: {}
COMMAND: POST /session/c4faaf2c0768716850a26568dcbf970b/execute/sync - {"script":"<script> [8489 bytes]","args":[{"element-6066-11e4-a52e-4f735466cecf":"f.19DB9205A323DDBD447063DE6A5E99B9.d.30DD1E53418682F8488675C588F4CAD0.e.4481","ELEMENT":"f.19DB9205A323DDBD447063DE6A5E99B9.d.30DD1E53418682F8488675C588F4CAD0.e.4481"}]}
COMMAND: POST /session/c4faaf2c0768716850a26568dcbf970b/element - {"using":"xpath","value":"//*[contains(@data-kt ,\"webshopDetailSiteLink\")]"}
RESULT: {"using":"xpath","value":"//*[contains(@data-kt ,\"webshopDetailSiteLink\")]"}
COMMAND: POST /session/c4faaf2c0768716850a26568dcbf970b/execute/sync - {"script":"<script> [8489 bytes]","args":[{"element-6066-11e4-a52e-4f735466cecf":"f.19DB9205A323DDBD447063DE6A5E99B9.d.30DD1E53418682F8488675C588F4CAD0.e.4842","ELEMENT":"f.19DB9205A323DDBD447063DE6A5E99B9.d.30DD1E53418682F8488675C588F4CAD0.e.4842"}]}
RESULT: {"script":"<script> [8489 bytes]","args":[{"element-6066-11e4-a52e-4f735466cecf":"f.19DB9205A323DDBD447063DE6A5E99B9.d.30DD1E53418682F8488675C588F4CAD0.e.4842","ELEMENT":"f.19DB9205A323DDBD447063DE6A5E99B9.d.30DD1E53418682F8488675C588F4CAD0.e.4842"}]}
COMMAND: POST /session/c4faaf2c0768716850a26568dcbf970b/execute/sync - {"script":"<script> [5351 bytes]","args":[{"element-6066-11e4-a52e-4f735466cecf":"f.19DB9205A323DDBD447063DE6A5E99B9.d.30DD1E53418682F8488675C588F4CAD0.e.4842","ELEMENT":"f.19DB9205A323DDBD447063DE6A5E99B9.d.30DD1E53418682F8488675C588F4CAD0.e.4842"}]}
COMMAND: GET /session/c4faaf2c0768716850a26568dcbf970b/screenshot - {}
RESULT: {"script":"<script> [5351 bytes]","args":[{"element-6066-11e4-a52e-4f735466cecf":"f.19DB9205A323DDBD447063DE6A5E99B9.d.30DD1E53418682F8488675C588F4CAD0.e.4842","ELEMENT":"f.19DB9205A323DDBD447063DE6A5E99B9.d.30DD1E53418682F8488675C588F4CAD0.e.4842"}]}
COMMAND: POST /session/c4faaf2c0768716850a26568dcbf970b/element - {"using":"xpath","value":"//*[contains(@data-kt ,\"webshopDetailSiteLink\")]"}
COMMAND: GET /session/c4faaf2c0768716850a26568dcbf970b/screenshot - {}
RESULT: {}
RESULT: {"using":"xpath","value":"//*[contains(@data-kt ,\"webshopDetailSiteLink\")]"}
COMMAND: POST /session/c4faaf2c0768716850a26568dcbf970b/element/f.19DB9205A323DDBD447063DE6A5E99B9.d.30DD1E53418682F8488675C588F4CAD0.e.4842/click - {}
RESULT: {}
RESULT: {}
COMMAND: GET /session/c4faaf2c0768716850a26568dcbf970b/screenshot - {}
RESULT: {}
COMMAND: POST /session/c4faaf2c0768716850a26568dcbf970b/element - {"using":"xpath","value":"//button[contains(@data-kt ,\"ContextMenuIdExternalLink\")]"}
RESULT: {"using":"xpath","value":"//button[contains(@data-kt ,\"ContextMenuIdExternalLink\")]"}
COMMAND: POST /session/c4faaf2c0768716850a26568dcbf970b/element/f.19DB9205A323DDBD447063DE6A5E99B9.d.30DD1E53418682F8488675C588F4CAD0.e.4844/click - {}
RESULT: {}
COMMAND: GET /session/c4faaf2c0768716850a26568dcbf970b/screenshot - {}
RESULT: {}
COMMAND: GET /session/c4faaf2c0768716850a26568dcbf970b/window/handles - {}
RESULT: {}
COMMAND: POST /session/c4faaf2c0768716850a26568dcbf970b/window - {"handle":"180CD0DA5DAEF7CFDF0210D0D74FC96E"}
RESULT: {"handle":"180CD0DA5DAEF7CFDF0210D0D74FC96E"}
COMMAND: GET /session/c4faaf2c0768716850a26568dcbf970b/url - {}
RESULT: {}
COMMAND: GET /session/c4faaf2c0768716850a26568dcbf970b/screenshot - {}
COMMAND: DELETE /session/c4faaf2c0768716850a26568dcbf970b/window - {}
RESULT: {}
RESULT: {}
COMMAND: POST /session/c4faaf2c0768716850a26568dcbf970b/window - {"handle":"19DB9205A323DDBD447063DE6A5E99B9"}
RESULT: {"handle":"19DB9205A323DDBD447063DE6A5E99B9"}
COMMAND: GET /session/c4faaf2c0768716850a26568dcbf970b/url - {}
RESULT: {}
COMMAND: GET /session/c4faaf2c0768716850a26568dcbf970b/screenshot - {}
RESULT: {}
COMMAND: POST /session/c4faaf2c0768716850a26568dcbf970b/element - {"using":"xpath","value":"//button[contains(@data-kt ,\"ContextMenuExternalId2Link\")]"}
RESULT: {"using":"xpath","value":"//button[contains(@data-kt ,\"ContextMenuExternalId2Link\")]"}
COMMAND: POST /session/c4faaf2c0768716850a26568dcbf970b/element/f.19DB9205A323DDBD447063DE6A5E99B9.d.30DD1E53418682F8488675C588F4CAD0.e.5108/click - {}
RESULT: {}
COMMAND: GET /session/c4faaf2c0768716850a26568dcbf970b/screenshot - {}
RESULT: {}
COMMAND: GET /session/c4faaf2c0768716850a26568dcbf970b/window/handles - {}
RESULT: {}
COMMAND: POST /session/c4faaf2c0768716850a26568dcbf970b/window - {"handle":"3F2CA47CBB2AED19252E71A410C7BA46"}
RESULT: {"handle":"3F2CA47CBB2AED19252E71A410C7BA46"}
COMMAND: GET /session/c4faaf2c0768716850a26568dcbf970b/url - {}
RESULT: {}
COMMAND: GET /session/c4faaf2c0768716850a26568dcbf970b/screenshot - {}
RESULT: {}
COMMAND: POST /session/c4faaf2c0768716850a26568dcbf970b/execute/sync - {"script":"<script> [8489 bytes]","args":[{"element-6066-11e4-a52e-4f735466cecf":"f.19DB9205A323DDBD447063DE6A5E99B9.d.30DD1E53418682F8488675C588F4CAD0.e.4349","ELEMENT":"f.19DB9205A323DDBD447063DE6A5E99B9.d.30DD1E53418682F8488675C588F4CAD0.e.4349"}]}
COMMAND: DELETE /session/c4faaf2c0768716850a26568dcbf970b/window - {}
RESULT: {}
COMMAND: POST /session/c4faaf2c0768716850a26568dcbf970b/window - {"handle":"19DB9205A323DDBD447063DE6A5E99B9"}
RESULT: {"handle":"19DB9205A323DDBD447063DE6A5E99B9"}
COMMAND: GET /session/c4faaf2c0768716850a26568dcbf970b/url - {}
COMMAND: POST /session/c4faaf2c0768716850a26568dcbf970b/element - {"using":"xpath","value":"(//span[contains(text(), \"WebdriverSitehwvto\")])[2]"}
RESULT: {}
COMMAND: GET /session/c4faaf2c0768716850a26568dcbf970b/screenshot - {}
RESULT: {"using":"xpath","value":"(//span[contains(text(), \"WebdriverSitehwvto\")])[2]"}
COMMAND: POST /session/c4faaf2c0768716850a26568dcbf970b/element - {"using":"xpath","value":"(//span[contains(text(), \"WebdriverSitehwvto\")])[2]"}
RESULT: {}
RESULT: {"using":"xpath","value":"(//span[contains(text(), \"WebdriverSitehwvto\")])[2]"}
COMMAND: POST /session/c4faaf2c0768716850a26568dcbf970b/element - {"using":"xpath","value":"(//span[contains(text(), \"WebdriverSitehwvto\")])[2]"}
RESULT: {"using":"xpath","value":"(//span[contains(text(), \"WebdriverSitehwvto\")])[2]"}
COMMAND: POST /session/c4faaf2c0768716850a26568dcbf970b/element - {"using":"xpath","value":"(//span[contains(text(), \"WebdriverSitehwvto\")])[2]"}
RESULT: {"using":"xpath","value":"(//span[contains(text(), \"WebdriverSitehwvto\")])[2]"}
COMMAND: POST /session/c4faaf2c0768716850a26568dcbf970b/element - {"using":"xpath","value":"(//span[contains(text(), \"WebdriverSitehwvto\")])[2]"}
RESULT: {"using":"xpath","value":"(//span[contains(text(), \"WebdriverSitehwvto\")])[2]"}
COMMAND: POST /session/c4faaf2c0768716850a26568dcbf970b/element - {"using":"xpath","value":"(//span[contains(text(), \"WebdriverSitehwvto\")])[2]"}
RESULT: {"using":"xpath","value":"(//span[contains(text(), \"WebdriverSitehwvto\")])[2]"}
COMMAND: POST /session/c4faaf2c0768716850a26568dcbf970b/element - {"using":"xpath","value":"(//span[contains(text(), \"WebdriverSitehwvto\")])[2]"}
RESULT: {"using":"xpath","value":"(//span[contains(text(), \"WebdriverSitehwvto\")])[2]"}
COMMAND: POST /session/c4faaf2c0768716850a26568dcbf970b/element - {"using":"xpath","value":"(//span[contains(text(), \"WebdriverSitehwvto\")])[2]"}
RESULT: {"using":"xpath","value":"(//span[contains(text(), \"WebdriverSitehwvto\")])[2]"}
COMMAND: POST /session/c4faaf2c0768716850a26568dcbf970b/element - {"using":"xpath","value":"(//span[contains(text(), \"WebdriverSitehwvto\")])[2]"}
RESULT: {"using":"xpath","value":"(//span[contains(text(), \"WebdriverSitehwvto\")])[2]"}
COMMAND: POST /session/c4faaf2c0768716850a26568dcbf970b/element - {"using":"xpath","value":"(//span[contains(text(), \"WebdriverSitehwvto\")])[2]"}
RESULT: {"using":"xpath","value":"(//span[contains(text(), \"WebdriverSitehwvto\")])[2]"}
COMMAND: POST /session/c4faaf2c0768716850a26568dcbf970b/execute/sync - {"script":"<script> [8489 bytes]","args":[{"element-6066-11e4-a52e-4f735466cecf":"f.19DB9205A323DDBD447063DE6A5E99B9.d.30DD1E53418682F8488675C588F4CAD0.e.4842","ELEMENT":"f.19DB9205A323DDBD447063DE6A5E99B9.d.30DD1E53418682F8488675C588F4CAD0.e.4842"}]}
RESULT: {"script":"<script> [8489 bytes]","args":[{"element-6066-11e4-a52e-4f735466cecf":"f.19DB9205A323DDBD447063DE6A5E99B9.d.30DD1E53418682F8488675C588F4CAD0.e.4842","ELEMENT":"f.19DB9205A323DDBD447063DE6A5E99B9.d.30DD1E53418682F8488675C588F4CAD0.e.4842"}]}
COMMAND: POST /session/c4faaf2c0768716850a26568dcbf970b/execute/sync - {"script":"<script> [5351 bytes]","args":[{"element-6066-11e4-a52e-4f735466cecf":"f.19DB9205A323DDBD447063DE6A5E99B9.d.30DD1E53418682F8488675C588F4CAD0.e.4842","ELEMENT":"f.19DB9205A323DDBD447063DE6A5E99B9.d.30DD1E53418682F8488675C588F4CAD0.e.4842"}]}
COMMAND: GET /session/c4faaf2c0768716850a26568dcbf970b/screenshot - {}
RESULT: {"script":"<script> [5351 bytes]","args":[{"element-6066-11e4-a52e-4f735466cecf":"f.19DB9205A323DDBD447063DE6A5E99B9.d.30DD1E53418682F8488675C588F4CAD0.e.4842","ELEMENT":"f.19DB9205A323DDBD447063DE6A5E99B9.d.30DD1E53418682F8488675C588F4CAD0.e.4842"}]}
COMMAND: POST /session/c4faaf2c0768716850a26568dcbf970b/element - {"using":"xpath","value":"//*[contains(@data-kt ,\"webshopDetailSiteLink\")]"}
COMMAND: GET /session/c4faaf2c0768716850a26568dcbf970b/screenshot - {}
COMMAND: POST /session/c4faaf2c0768716850a26568dcbf970b/element - {"using":"xpath","value":"(//span[contains(text(), \"WebdriverSitehwvto\")])[2]"}
RESULT: {}
RESULT: {"using":"xpath","value":"//*[contains(@data-kt ,\"webshopDetailSiteLink\")]"}
COMMAND: POST /session/c4faaf2c0768716850a26568dcbf970b/element/f.19DB9205A323DDBD447063DE6A5E99B9.d.30DD1E53418682F8488675C588F4CAD0.e.4842/click - {}
RESULT: {}
RESULT: {"using":"xpath","value":"(//span[contains(text(), \"WebdriverSitehwvto\")])[2]"}
RESULT: {}
COMMAND: GET /session/c4faaf2c0768716850a26568dcbf970b/screenshot - {}
RESULT: {}
COMMAND: POST /session/c4faaf2c0768716850a26568dcbf970b/element - {"using":"xpath","value":"(//span[contains(text(), \"WebdriverSitehwvto\")])[2]"}
RESULT: {"using":"xpath","value":"(//span[contains(text(), \"WebdriverSitehwvto\")])[2]"}
COMMAND: POST /session/c4faaf2c0768716850a26568dcbf970b/execute/sync - {"script":"<script> [8489 bytes]","args":[{"element-6066-11e4-a52e-4f735466cecf":"f.19DB9205A323DDBD447063DE6A5E99B9.d.30DD1E53418682F8488675C588F4CAD0.e.5123","ELEMENT":"f.19DB9205A323DDBD447063DE6A5E99B9.d.30DD1E53418682F8488675C588F4CAD0.e.5123"}]}
RESULT: {"script":"<script> [8489 bytes]","args":[{"element-6066-11e4-a52e-4f735466cecf":"f.19DB9205A323DDBD447063DE6A5E99B9.d.30DD1E53418682F8488675C588F4CAD0.e.5123","ELEMENT":"f.19DB9205A323DDBD447063DE6A5E99B9.d.30DD1E53418682F8488675C588F4CAD0.e.5123"}]}
COMMAND: GET /session/c4faaf2c0768716850a26568dcbf970b/screenshot - {}
RESULT: {}
COMMAND: POST /session/c4faaf2c0768716850a26568dcbf970b/element - {"using":"xpath","value":"(//button[contains(@data-kt ,\"ContextMenuExternalId3Link\")])[2]"}
RESULT: {"using":"xpath","value":"(//button[contains(@data-kt ,\"ContextMenuExternalId3Link\")])[2]"}
COMMAND: POST /session/c4faaf2c0768716850a26568dcbf970b/element/f.19DB9205A323DDBD447063DE6A5E99B9.d.30DD1E53418682F8488675C588F4CAD0.e.5124/click - {}
RESULT: {}
COMMAND: GET /session/c4faaf2c0768716850a26568dcbf970b/screenshot - {}
RESULT: {}
COMMAND: GET /session/c4faaf2c0768716850a26568dcbf970b/window/handles - {}
RESULT: {}
COMMAND: POST /session/c4faaf2c0768716850a26568dcbf970b/window - {"handle":"923D7D61A03E4551662C3B86580CEA9E"}
RESULT: {"handle":"923D7D61A03E4551662C3B86580CEA9E"}
COMMAND: GET /session/c4faaf2c0768716850a26568dcbf970b/url - {}
RESULT: {}
COMMAND: GET /session/c4faaf2c0768716850a26568dcbf970b/screenshot - {}
COMMAND: POST /session/c4faaf2c0768716850a26568dcbf970b/execute/sync - {"script":"<script> [8489 bytes]","args":[{"element-6066-11e4-a52e-4f735466cecf":"f.19DB9205A323DDBD447063DE6A5E99B9.d.30DD1E53418682F8488675C588F4CAD0.e.4674","ELEMENT":"f.19DB9205A323DDBD447063DE6A5E99B9.d.30DD1E53418682F8488675C588F4CAD0.e.4674"}]}
RESULT: {}
RESULT: {"script":"<script> [8489 bytes]","args":[{"element-6066-11e4-a52e-4f735466cecf":"f.19DB9205A323DDBD447063DE6A5E99B9.d.30DD1E53418682F8488675C588F4CAD0.e.4674","ELEMENT":"f.19DB9205A323DDBD447063DE6A5E99B9.d.30DD1E53418682F8488675C588F4CAD0.e.4674"}]}
COMMAND: GET /session/c4faaf2c0768716850a26568dcbf970b/screenshot - {}
RESULT: {}
COMMAND: POST /session/c4faaf2c0768716850a26568dcbf970b/execute/sync - {"script":"<script> [8489 bytes]","args":[{"element-6066-11e4-a52e-4f735466cecf":"f.19DB9205A323DDBD447063DE6A5E99B9.d.30DD1E53418682F8488675C588F4CAD0.e.4674","ELEMENT":"f.19DB9205A323DDBD447063DE6A5E99B9.d.30DD1E53418682F8488675C588F4CAD0.e.4674"}]}
RESULT: {"script":"<script> [8489 bytes]","args":[{"element-6066-11e4-a52e-4f735466cecf":"f.19DB9205A323DDBD447063DE6A5E99B9.d.30DD1E53418682F8488675C588F4CAD0.e.4674","ELEMENT":"f.19DB9205A323DDBD447063DE6A5E99B9.d.30DD1E53418682F8488675C588F4CAD0.e.4674"}]}
COMMAND: GET /session/c4faaf2c0768716850a26568dcbf970b/screenshot - {}
RESULT: {}
COMMAND: POST /session/c4faaf2c0768716850a26568dcbf970b/execute/sync - {"script":"<script> [8489 bytes]","args":[{"element-6066-11e4-a52e-4f735466cecf":"f.19DB9205A323DDBD447063DE6A5E99B9.d.30DD1E53418682F8488675C588F4CAD0.e.4674","ELEMENT":"f.19DB9205A323DDBD447063DE6A5E99B9.d.30DD1E53418682F8488675C588F4CAD0.e.4674"}]}
RESULT: {"script":"<script> [8489 bytes]","args":[{"element-6066-11e4-a52e-4f735466cecf":"f.19DB9205A323DDBD447063DE6A5E99B9.d.30DD1E53418682F8488675C588F4CAD0.e.4674","ELEMENT":"f.19DB9205A323DDBD447063DE6A5E99B9.d.30DD1E53418682F8488675C588F4CAD0.e.4674"}]}
COMMAND: GET /session/c4faaf2c0768716850a26568dcbf970b/screenshot - {}
RESULT: {}
COMMAND: POST /session/c4faaf2c0768716850a26568dcbf970b/execute/sync - {"script":"<script> [8489 bytes]","args":[{"element-6066-11e4-a52e-4f735466cecf":"f.19DB9205A323DDBD447063DE6A5E99B9.d.30DD1E53418682F8488675C588F4CAD0.e.4674","ELEMENT":"f.19DB9205A323DDBD447063DE6A5E99B9.d.30DD1E53418682F8488675C588F4CAD0.e.4674"}]}
RESULT: {"script":"<script> [8489 bytes]","args":[{"element-6066-11e4-a52e-4f735466cecf":"f.19DB9205A323DDBD447063DE6A5E99B9.d.30DD1E53418682F8488675C588F4CAD0.e.4674","ELEMENT":"f.19DB9205A323DDBD447063DE6A5E99B9.d.30DD1E53418682F8488675C588F4CAD0.e.4674"}]}
COMMAND: GET /session/c4faaf2c0768716850a26568dcbf970b/screenshot - {}
RESULT: {}
COMMAND: POST /session/c4faaf2c0768716850a26568dcbf970b/execute/sync - {"script":"<script> [8489 bytes]","args":[{"element-6066-11e4-a52e-4f735466cecf":"f.19DB9205A323DDBD447063DE6A5E99B9.d.30DD1E53418682F8488675C588F4CAD0.e.4674","ELEMENT":"f.19DB9205A323DDBD447063DE6A5E99B9.d.30DD1E53418682F8488675C588F4CAD0.e.4674"}]}
RESULT: {"script":"<script> [8489 bytes]","args":[{"element-6066-11e4-a52e-4f735466cecf":"f.19DB9205A323DDBD447063DE6A5E99B9.d.30DD1E53418682F8488675C588F4CAD0.e.4674","ELEMENT":"f.19DB9205A323DDBD447063DE6A5E99B9.d.30DD1E53418682F8488675C588F4CAD0.e.4674"}]}
COMMAND: GET /session/c4faaf2c0768716850a26568dcbf970b/screenshot - {}
RESULT: {}
COMMAND: POST /session/c4faaf2c0768716850a26568dcbf970b/execute/sync - {"script":"<script> [8489 bytes]","args":[{"element-6066-11e4-a52e-4f735466cecf":"f.19DB9205A323DDBD447063DE6A5E99B9.d.30DD1E53418682F8488675C588F4CAD0.e.4674","ELEMENT":"f.19DB9205A323DDBD447063DE6A5E99B9.d.30DD1E53418682F8488675C588F4CAD0.e.4674"}]}
RESULT: {"script":"<script> [8489 bytes]","args":[{"element-6066-11e4-a52e-4f735466cecf":"f.19DB9205A323DDBD447063DE6A5E99B9.d.30DD1E53418682F8488675C588F4CAD0.e.4674","ELEMENT":"f.19DB9205A323DDBD447063DE6A5E99B9.d.30DD1E53418682F8488675C588F4CAD0.e.4674"}]}
COMMAND: GET /session/c4faaf2c0768716850a26568dcbf970b/screenshot - {}
RESULT: {}
COMMAND: POST /session/c4faaf2c0768716850a26568dcbf970b/execute/sync - {"script":"<script> [8489 bytes]","args":[{"element-6066-11e4-a52e-4f735466cecf":"f.19DB9205A323DDBD447063DE6A5E99B9.d.30DD1E53418682F8488675C588F4CAD0.e.4674","ELEMENT":"f.19DB9205A323DDBD447063DE6A5E99B9.d.30DD1E53418682F8488675C588F4CAD0.e.4674"}]}
RESULT: {"script":"<script> [8489 bytes]","args":[{"element-6066-11e4-a52e-4f735466cecf":"f.19DB9205A323DDBD447063DE6A5E99B9.d.30DD1E53418682F8488675C588F4CAD0.e.4674","ELEMENT":"f.19DB9205A323DDBD447063DE6A5E99B9.d.30DD1E53418682F8488675C588F4CAD0.e.4674"}]}
COMMAND: GET /session/c4faaf2c0768716850a26568dcbf970b/screenshot - {}
RESULT: {}
COMMAND: POST /session/c4faaf2c0768716850a26568dcbf970b/execute/sync - {"script":"<script> [8489 bytes]","args":[{"element-6066-11e4-a52e-4f735466cecf":"f.19DB9205A323DDBD447063DE6A5E99B9.d.30DD1E53418682F8488675C588F4CAD0.e.4674","ELEMENT":"f.19DB9205A323DDBD447063DE6A5E99B9.d.30DD1E53418682F8488675C588F4CAD0.e.4674"}]}
RESULT: {"script":"<script> [8489 bytes]","args":[{"element-6066-11e4-a52e-4f735466cecf":"f.19DB9205A323DDBD447063DE6A5E99B9.d.30DD1E53418682F8488675C588F4CAD0.e.4674","ELEMENT":"f.19DB9205A323DDBD447063DE6A5E99B9.d.30DD1E53418682F8488675C588F4CAD0.e.4674"}]}
COMMAND: GET /session/c4faaf2c0768716850a26568dcbf970b/screenshot - {}
RESULT: {}
COMMAND: POST /session/c4faaf2c0768716850a26568dcbf970b/execute/sync - {"script":"<script> [8489 bytes]","args":[{"element-6066-11e4-a52e-4f735466cecf":"f.19DB9205A323DDBD447063DE6A5E99B9.d.30DD1E53418682F8488675C588F4CAD0.e.4674","ELEMENT":"f.19DB9205A323DDBD447063DE6A5E99B9.d.30DD1E53418682F8488675C588F4CAD0.e.4674"}]}
RESULT: {"script":"<script> [8489 bytes]","args":[{"element-6066-11e4-a52e-4f735466cecf":"f.19DB9205A323DDBD447063DE6A5E99B9.d.30DD1E53418682F8488675C588F4CAD0.e.4674","ELEMENT":"f.19DB9205A323DDBD447063DE6A5E99B9.d.30DD1E53418682F8488675C588F4CAD0.e.4674"}]}
COMMAND: GET /session/c4faaf2c0768716850a26568dcbf970b/screenshot - {}
RESULT: {}
COMMAND: POST /session/c4faaf2c0768716850a26568dcbf970b/execute/sync - {"script":"<script> [8489 bytes]","args":[{"element-6066-11e4-a52e-4f735466cecf":"f.19DB9205A323DDBD447063DE6A5E99B9.d.30DD1E53418682F8488675C588F4CAD0.e.4674","ELEMENT":"f.19DB9205A323DDBD447063DE6A5E99B9.d.30DD1E53418682F8488675C588F4CAD0.e.4674"}]}
RESULT: {"script":"<script> [8489 bytes]","args":[{"element-6066-11e4-a52e-4f735466cecf":"f.19DB9205A323DDBD447063DE6A5E99B9.d.30DD1E53418682F8488675C588F4CAD0.e.4674","ELEMENT":"f.19DB9205A323DDBD447063DE6A5E99B9.d.30DD1E53418682F8488675C588F4CAD0.e.4674"}]}
COMMAND: GET /session/c4faaf2c0768716850a26568dcbf970b/screenshot - {}
COMMAND: DELETE /session/c4faaf2c0768716850a26568dcbf970b/window - {}
RESULT: {}
COMMAND: POST /session/c4faaf2c0768716850a26568dcbf970b/execute/sync - {"script":"<script> [8489 bytes]","args":[{"element-6066-11e4-a52e-4f735466cecf":"f.19DB9205A323DDBD447063DE6A5E99B9.d.30DD1E53418682F8488675C588F4CAD0.e.4674","ELEMENT":"f.19DB9205A323DDBD447063DE6A5E99B9.d.30DD1E53418682F8488675C588F4CAD0.e.4674"}]}
RESULT: {}
COMMAND: POST /session/c4faaf2c0768716850a26568dcbf970b/window - {"handle":"19DB9205A323DDBD447063DE6A5E99B9"}
RESULT: {"handle":"19DB9205A323DDBD447063DE6A5E99B9"}
COMMAND: GET /session/c4faaf2c0768716850a26568dcbf970b/url - {}
COMMAND: POST /session/c4faaf2c0768716850a26568dcbf970b/element - {"using":"xpath","value":"//span[contains(@id ,\"application-addressmanagement-display-component---detailAdm--addressDetailDetailsName1\")][contains(text(), \"WebdriverSitehwvto\")]"}
RESULT: {}
COMMAND: GET /session/c4faaf2c0768716850a26568dcbf970b/screenshot - {}
RESULT: {"using":"xpath","value":"//span[contains(@id ,\"application-addressmanagement-display-component---detailAdm--addressDetailDetailsName1\")][contains(text(), \"WebdriverSitehwvto\")]"}
COMMAND: POST /session/c4faaf2c0768716850a26568dcbf970b/element - {"using":"xpath","value":"//span[contains(@id ,\"application-addressmanagement-display-component---detailAdm--addressDetailDetailsName1\")][contains(text(), \"WebdriverSitehwvto\")]"}
RESULT: {}
RESULT: {"using":"xpath","value":"//span[contains(@id ,\"application-addressmanagement-display-component---detailAdm--addressDetailDetailsName1\")][contains(text(), \"WebdriverSitehwvto\")]"}
COMMAND: POST /session/c4faaf2c0768716850a26568dcbf970b/element - {"using":"xpath","value":"//span[contains(@id ,\"application-addressmanagement-display-component---detailAdm--addressDetailDetailsName1\")][contains(text(), \"WebdriverSitehwvto\")]"}
RESULT: {"using":"xpath","value":"//span[contains(@id ,\"application-addressmanagement-display-component---detailAdm--addressDetailDetailsName1\")][contains(text(), \"WebdriverSitehwvto\")]"}
COMMAND: POST /session/c4faaf2c0768716850a26568dcbf970b/element - {"using":"xpath","value":"//span[contains(@id ,\"application-addressmanagement-display-component---detailAdm--addressDetailDetailsName1\")][contains(text(), \"WebdriverSitehwvto\")]"}
RESULT: {"using":"xpath","value":"//span[contains(@id ,\"application-addressmanagement-display-component---detailAdm--addressDetailDetailsName1\")][contains(text(), \"WebdriverSitehwvto\")]"}
COMMAND: POST /session/c4faaf2c0768716850a26568dcbf970b/element - {"using":"xpath","value":"//span[contains(@id ,\"application-addressmanagement-display-component---detailAdm--addressDetailDetailsName1\")][contains(text(), \"WebdriverSitehwvto\")]"}
RESULT: {"using":"xpath","value":"//span[contains(@id ,\"application-addressmanagement-display-component---detailAdm--addressDetailDetailsName1\")][contains(text(), \"WebdriverSitehwvto\")]"}
COMMAND: POST /session/c4faaf2c0768716850a26568dcbf970b/element - {"using":"xpath","value":"//span[contains(@id ,\"application-addressmanagement-display-component---detailAdm--addressDetailDetailsName1\")][contains(text(), \"WebdriverSitehwvto\")]"}
RESULT: {"using":"xpath","value":"//span[contains(@id ,\"application-addressmanagement-display-component---detailAdm--addressDetailDetailsName1\")][contains(text(), \"WebdriverSitehwvto\")]"}
COMMAND: POST /session/c4faaf2c0768716850a26568dcbf970b/element - {"using":"xpath","value":"//span[contains(@id ,\"application-addressmanagement-display-component---detailAdm--addressDetailDetailsName1\")][contains(text(), \"WebdriverSitehwvto\")]"}
RESULT: {"using":"xpath","value":"//span[contains(@id ,\"application-addressmanagement-display-component---detailAdm--addressDetailDetailsName1\")][contains(text(), \"WebdriverSitehwvto\")]"}
COMMAND: POST /session/c4faaf2c0768716850a26568dcbf970b/element - {"using":"xpath","value":"//span[contains(@id ,\"application-addressmanagement-display-component---detailAdm--addressDetailDetailsName1\")][contains(text(), \"WebdriverSitehwvto\")]"}
RESULT: {"using":"xpath","value":"//span[contains(@id ,\"application-addressmanagement-display-component---detailAdm--addressDetailDetailsName1\")][contains(text(), \"WebdriverSitehwvto\")]"}
COMMAND: POST /session/c4faaf2c0768716850a26568dcbf970b/element - {"using":"xpath","value":"//span[contains(@id ,\"application-addressmanagement-display-component---detailAdm--addressDetailDetailsName1\")][contains(text(), \"WebdriverSitehwvto\")]"}
RESULT: {"using":"xpath","value":"//span[contains(@id ,\"application-addressmanagement-display-component---detailAdm--addressDetailDetailsName1\")][contains(text(), \"WebdriverSitehwvto\")]"}
COMMAND: POST /session/c4faaf2c0768716850a26568dcbf970b/element - {"using":"xpath","value":"//span[contains(@id ,\"application-addressmanagement-display-component---detailAdm--addressDetailDetailsName1\")][contains(text(), \"WebdriverSitehwvto\")]"}
RESULT: {"using":"xpath","value":"//span[contains(@id ,\"application-addressmanagement-display-component---detailAdm--addressDetailDetailsName1\")][contains(text(), \"WebdriverSitehwvto\")]"}
]]></system-out>
    </testcase>
  </testsuite>
  <testsuite timestamp="2025-06-04T16:23:55" time="254.615" tests="2" failures="0" errors="0" skipped="0">
    <properties>
      <property name="specId" value="0" />
      <property name="suiteName" value="Webshop - Hyperlinks visible and working properly  US139085" />
      <property name="capabilities" value="chrome.137_0_7151_56.windows" />
      <property name="file" value="file:///D:/a/1/s/test/specs/R2C/webshop-hyperlinks-partner-address-contract-item.spec.js" />
    </properties>
    <testcase classname="chrome.137_0_7151_56.windows.Webshop_-_Hyperlinks_visible_and_working_properly__US139085" name="Should verify the customer and address hyperlinks" time="152.651">
      <system-out><![CDATA[
COMMAND: POST /session/c4faaf2c0768716850a26568dcbf970b/element - {"using":"xpath","value":"//*[contains(@data-kt ,\"webshopDetailAddressLink\")]"}
RESULT: {"using":"xpath","value":"//*[contains(@data-kt ,\"webshopDetailAddressLink\")]"}
COMMAND: POST /session/c4faaf2c0768716850a26568dcbf970b/execute/sync - {"script":"<script> [8489 bytes]","args":[{"element-6066-11e4-a52e-4f735466cecf":"f.19DB9205A323DDBD447063DE6A5E99B9.d.30DD1E53418682F8488675C588F4CAD0.e.5334","ELEMENT":"f.19DB9205A323DDBD447063DE6A5E99B9.d.30DD1E53418682F8488675C588F4CAD0.e.5334"}]}
RESULT: {"script":"<script> [8489 bytes]","args":[{"element-6066-11e4-a52e-4f735466cecf":"f.19DB9205A323DDBD447063DE6A5E99B9.d.30DD1E53418682F8488675C588F4CAD0.e.5334","ELEMENT":"f.19DB9205A323DDBD447063DE6A5E99B9.d.30DD1E53418682F8488675C588F4CAD0.e.5334"}]}
COMMAND: POST /session/c4faaf2c0768716850a26568dcbf970b/execute/sync - {"script":"<script> [5351 bytes]","args":[{"element-6066-11e4-a52e-4f735466cecf":"f.19DB9205A323DDBD447063DE6A5E99B9.d.30DD1E53418682F8488675C588F4CAD0.e.5334","ELEMENT":"f.19DB9205A323DDBD447063DE6A5E99B9.d.30DD1E53418682F8488675C588F4CAD0.e.5334"}]}
COMMAND: GET /session/c4faaf2c0768716850a26568dcbf970b/screenshot - {}
RESULT: {"script":"<script> [5351 bytes]","args":[{"element-6066-11e4-a52e-4f735466cecf":"f.19DB9205A323DDBD447063DE6A5E99B9.d.30DD1E53418682F8488675C588F4CAD0.e.5334","ELEMENT":"f.19DB9205A323DDBD447063DE6A5E99B9.d.30DD1E53418682F8488675C588F4CAD0.e.5334"}]}
COMMAND: GET /session/c4faaf2c0768716850a26568dcbf970b/screenshot - {}
COMMAND: POST /session/c4faaf2c0768716850a26568dcbf970b/element - {"using":"xpath","value":"//span[contains(@id ,\"application-addressmanagement-display-component---detailAdm--addressDetailDetailsName1\")][contains(text(), \"WebdriverSitehwvto\")]"}
RESULT: {}
RESULT: {}
RESULT: {"using":"xpath","value":"//span[contains(@id ,\"application-addressmanagement-display-component---detailAdm--addressDetailDetailsName1\")][contains(text(), \"WebdriverSitehwvto\")]"}
COMMAND: POST /session/c4faaf2c0768716850a26568dcbf970b/element - {"using":"xpath","value":"//span[contains(@id ,\"application-addressmanagement-display-component---detailAdm--addressDetailDetailsName1\")][contains(text(), \"WebdriverSitehwvto\")]"}
RESULT: {"using":"xpath","value":"//span[contains(@id ,\"application-addressmanagement-display-component---detailAdm--addressDetailDetailsName1\")][contains(text(), \"WebdriverSitehwvto\")]"}
COMMAND: POST /session/c4faaf2c0768716850a26568dcbf970b/element - {"using":"xpath","value":"//span[contains(@id ,\"application-addressmanagement-display-component---detailAdm--addressDetailDetailsName1\")][contains(text(), \"WebdriverSitehwvto\")]"}
RESULT: {"using":"xpath","value":"//span[contains(@id ,\"application-addressmanagement-display-component---detailAdm--addressDetailDetailsName1\")][contains(text(), \"WebdriverSitehwvto\")]"}
COMMAND: POST /session/c4faaf2c0768716850a26568dcbf970b/element - {"using":"xpath","value":"//span[contains(@id ,\"application-addressmanagement-display-component---detailAdm--addressDetailDetailsName1\")][contains(text(), \"WebdriverSitehwvto\")]"}
RESULT: {"using":"xpath","value":"//span[contains(@id ,\"application-addressmanagement-display-component---detailAdm--addressDetailDetailsName1\")][contains(text(), \"WebdriverSitehwvto\")]"}
COMMAND: POST /session/c4faaf2c0768716850a26568dcbf970b/element - {"using":"xpath","value":"//span[contains(@id ,\"application-addressmanagement-display-component---detailAdm--addressDetailDetailsName1\")][contains(text(), \"WebdriverSitehwvto\")]"}
RESULT: {"using":"xpath","value":"//span[contains(@id ,\"application-addressmanagement-display-component---detailAdm--addressDetailDetailsName1\")][contains(text(), \"WebdriverSitehwvto\")]"}
COMMAND: POST /session/c4faaf2c0768716850a26568dcbf970b/element - {"using":"xpath","value":"//span[contains(@id ,\"application-addressmanagement-display-component---detailAdm--addressDetailDetailsName1\")][contains(text(), \"WebdriverSitehwvto\")]"}
RESULT: {"using":"xpath","value":"//span[contains(@id ,\"application-addressmanagement-display-component---detailAdm--addressDetailDetailsName1\")][contains(text(), \"WebdriverSitehwvto\")]"}
COMMAND: POST /session/c4faaf2c0768716850a26568dcbf970b/element - {"using":"xpath","value":"//span[contains(@id ,\"application-addressmanagement-display-component---detailAdm--addressDetailDetailsName1\")][contains(text(), \"WebdriverSitehwvto\")]"}
RESULT: {"using":"xpath","value":"//span[contains(@id ,\"application-addressmanagement-display-component---detailAdm--addressDetailDetailsName1\")][contains(text(), \"WebdriverSitehwvto\")]"}
COMMAND: POST /session/c4faaf2c0768716850a26568dcbf970b/element - {"using":"xpath","value":"//span[contains(@id ,\"application-addressmanagement-display-component---detailAdm--addressDetailDetailsName1\")][contains(text(), \"WebdriverSitehwvto\")]"}
RESULT: {"using":"xpath","value":"//span[contains(@id ,\"application-addressmanagement-display-component---detailAdm--addressDetailDetailsName1\")][contains(text(), \"WebdriverSitehwvto\")]"}
COMMAND: POST /session/c4faaf2c0768716850a26568dcbf970b/element - {"using":"xpath","value":"//span[contains(@id ,\"application-addressmanagement-display-component---detailAdm--addressDetailDetailsName1\")][contains(text(), \"WebdriverSitehwvto\")]"}
RESULT: {"using":"xpath","value":"//span[contains(@id ,\"application-addressmanagement-display-component---detailAdm--addressDetailDetailsName1\")][contains(text(), \"WebdriverSitehwvto\")]"}
COMMAND: POST /session/c4faaf2c0768716850a26568dcbf970b/element - {"using":"xpath","value":"//*[contains(@data-kt ,\"webshopDetailAddressLink\")]"}
RESULT: {"using":"xpath","value":"//*[contains(@data-kt ,\"webshopDetailAddressLink\")]"}
COMMAND: POST /session/c4faaf2c0768716850a26568dcbf970b/element/f.19DB9205A323DDBD447063DE6A5E99B9.d.30DD1E53418682F8488675C588F4CAD0.e.5334/click - {}
COMMAND: POST /session/c4faaf2c0768716850a26568dcbf970b/element - {"using":"xpath","value":"//span[contains(@id ,\"application-addressmanagement-display-component---detailAdm--addressDetailDetailsName1\")][contains(text(), \"WebdriverSitehwvto\")]"}
RESULT: {}
COMMAND: GET /session/c4faaf2c0768716850a26568dcbf970b/screenshot - {}
RESULT: {"using":"xpath","value":"//span[contains(@id ,\"application-addressmanagement-display-component---detailAdm--addressDetailDetailsName1\")][contains(text(), \"WebdriverSitehwvto\")]"}
RESULT: {}
COMMAND: POST /session/c4faaf2c0768716850a26568dcbf970b/element - {"using":"xpath","value":"//span[contains(@id ,\"application-addressmanagement-display-component---detailAdm--addressDetailDetailsName1\")][contains(text(), \"WebdriverSitehwvto\")]"}
RESULT: {"using":"xpath","value":"//span[contains(@id ,\"application-addressmanagement-display-component---detailAdm--addressDetailDetailsName1\")][contains(text(), \"WebdriverSitehwvto\")]"}
COMMAND: POST /session/c4faaf2c0768716850a26568dcbf970b/element - {"using":"xpath","value":"//span[contains(@id ,\"application-addressmanagement-display-component---detailAdm--addressDetailDetailsName1\")][contains(text(), \"WebdriverSitehwvto\")]"}
RESULT: {"using":"xpath","value":"//span[contains(@id ,\"application-addressmanagement-display-component---detailAdm--addressDetailDetailsName1\")][contains(text(), \"WebdriverSitehwvto\")]"}
COMMAND: POST /session/c4faaf2c0768716850a26568dcbf970b/element - {"using":"xpath","value":"//span[contains(@id ,\"application-addressmanagement-display-component---detailAdm--addressDetailDetailsName1\")][contains(text(), \"WebdriverSitehwvto\")]"}
RESULT: {"using":"xpath","value":"//span[contains(@id ,\"application-addressmanagement-display-component---detailAdm--addressDetailDetailsName1\")][contains(text(), \"WebdriverSitehwvto\")]"}
COMMAND: POST /session/c4faaf2c0768716850a26568dcbf970b/element - {"using":"xpath","value":"//*[contains(@data-kt ,\"ContextMenuId2Link\")][contains(text(), \"Address Overview\")]"}
RESULT: {"using":"xpath","value":"//*[contains(@data-kt ,\"ContextMenuId2Link\")][contains(text(), \"Address Overview\")]"}
COMMAND: POST /session/c4faaf2c0768716850a26568dcbf970b/execute/sync - {"script":"<script> [8489 bytes]","args":[{"element-6066-11e4-a52e-4f735466cecf":"f.19DB9205A323DDBD447063DE6A5E99B9.d.30DD1E53418682F8488675C588F4CAD0.e.5336","ELEMENT":"f.19DB9205A323DDBD447063DE6A5E99B9.d.30DD1E53418682F8488675C588F4CAD0.e.5336"}]}
COMMAND: POST /session/c4faaf2c0768716850a26568dcbf970b/element - {"using":"xpath","value":"//*[contains(@data-kt ,\"ContextMenuId2Link\")][contains(text(), \"Address Overview\")]"}
RESULT: {"using":"xpath","value":"//*[contains(@data-kt ,\"ContextMenuId2Link\")][contains(text(), \"Address Overview\")]"}
COMMAND: POST /session/c4faaf2c0768716850a26568dcbf970b/element/f.19DB9205A323DDBD447063DE6A5E99B9.d.30DD1E53418682F8488675C588F4CAD0.e.5336/click - {}
COMMAND: POST /session/c4faaf2c0768716850a26568dcbf970b/element - {"using":"xpath","value":"//span[contains(@id ,\"application-addressmanagement-display-component---detailAdm--addressDetailDetailsName1\")][contains(text(), \"WebdriverSitehwvto\")]"}
RESULT: {"script":"<script> [8489 bytes]","args":[{"element-6066-11e4-a52e-4f735466cecf":"f.19DB9205A323DDBD447063DE6A5E99B9.d.30DD1E53418682F8488675C588F4CAD0.e.5336","ELEMENT":"f.19DB9205A323DDBD447063DE6A5E99B9.d.30DD1E53418682F8488675C588F4CAD0.e.5336"}]}
COMMAND: GET /session/c4faaf2c0768716850a26568dcbf970b/screenshot - {}
RESULT: {}
COMMAND: GET /session/c4faaf2c0768716850a26568dcbf970b/screenshot - {}
RESULT: {"using":"xpath","value":"//span[contains(@id ,\"application-addressmanagement-display-component---detailAdm--addressDetailDetailsName1\")][contains(text(), \"WebdriverSitehwvto\")]"}
RESULT: {}
RESULT: {}
COMMAND: POST /session/c4faaf2c0768716850a26568dcbf970b/element - {"using":"xpath","value":"//span[contains(@id ,\"application-addressmanagement-display-component---detailAdm--addressDetailDetailsName1\")][contains(text(), \"WebdriverSitehwvto\")]"}
RESULT: {"using":"xpath","value":"//span[contains(@id ,\"application-addressmanagement-display-component---detailAdm--addressDetailDetailsName1\")][contains(text(), \"WebdriverSitehwvto\")]"}
COMMAND: POST /session/c4faaf2c0768716850a26568dcbf970b/execute/sync - {"script":"<script> [8489 bytes]","args":[{"element-6066-11e4-a52e-4f735466cecf":"f.19DB9205A323DDBD447063DE6A5E99B9.d.30DD1E53418682F8488675C588F4CAD0.e.5616","ELEMENT":"f.19DB9205A323DDBD447063DE6A5E99B9.d.30DD1E53418682F8488675C588F4CAD0.e.5616"}]}
RESULT: undefined
COMMAND: POST /session/c4faaf2c0768716850a26568dcbf970b/execute/async - {"script":"<script> [6424 bytes]","args":[{"element-6066-11e4-a52e-4f735466cecf":"f.19DB9205A323DDBD447063DE6A5E99B9.d.30DD1E53418682F8488675C588F4CAD0.e.3242"},"getTitle",[]]}
RESULT: {"script":"<script> [8489 bytes]","args":[{"element-6066-11e4-a52e-4f735466cecf":"f.19DB9205A323DDBD447063DE6A5E99B9.d.30DD1E53418682F8488675C588F4CAD0.e.5616","ELEMENT":"f.19DB9205A323DDBD447063DE6A5E99B9.d.30DD1E53418682F8488675C588F4CAD0.e.5616"}]}
COMMAND: GET /session/c4faaf2c0768716850a26568dcbf970b/screenshot - {}
COMMAND: POST /session/c4faaf2c0768716850a26568dcbf970b/execute/async - {"script":"<script> [1562 bytes]","args":[{"selector":{"id":"shellAppTitle"},"wdio_ui5_key":"shellAppTitle"}]}
RESULT: {}
RESULT: {"script":"<script> [1562 bytes]","args":[{"selector":{"id":"shellAppTitle"},"wdio_ui5_key":"shellAppTitle"}]}
COMMAND: POST /session/c4faaf2c0768716850a26568dcbf970b/execute/async - {"script":"<script> [6424 bytes]","args":[{"element-6066-11e4-a52e-4f735466cecf":"f.19DB9205A323DDBD447063DE6A5E99B9.d.30DD1E53418682F8488675C588F4CAD0.e.5617"},"getTitle",[]]}
RESULT: {"script":"<script> [6424 bytes]","args":[{"element-6066-11e4-a52e-4f735466cecf":"f.19DB9205A323DDBD447063DE6A5E99B9.d.30DD1E53418682F8488675C588F4CAD0.e.5617"},"getTitle",[]]}
COMMAND: POST /session/c4faaf2c0768716850a26568dcbf970b/element - {"using":"xpath","value":"//span[contains(@id ,\"application-addressmanagement-display-component---detailAdm--addressDetailDetailsName1\")][contains(text(), \"WebdriverSitehwvto\")]"}
RESULT: {"using":"xpath","value":"//span[contains(@id ,\"application-addressmanagement-display-component---detailAdm--addressDetailDetailsName1\")][contains(text(), \"WebdriverSitehwvto\")]"}
COMMAND: POST /session/c4faaf2c0768716850a26568dcbf970b/execute/sync - {"script":"<script> [8489 bytes]","args":[{"element-6066-11e4-a52e-4f735466cecf":"f.19DB9205A323DDBD447063DE6A5E99B9.d.30DD1E53418682F8488675C588F4CAD0.e.5616","ELEMENT":"f.19DB9205A323DDBD447063DE6A5E99B9.d.30DD1E53418682F8488675C588F4CAD0.e.5616"}]}
RESULT: undefined
COMMAND: POST /session/c4faaf2c0768716850a26568dcbf970b/element - {"using":"xpath","value":"//*[@id=\"backBtn\"]"}
RESULT: {"script":"<script> [8489 bytes]","args":[{"element-6066-11e4-a52e-4f735466cecf":"f.19DB9205A323DDBD447063DE6A5E99B9.d.30DD1E53418682F8488675C588F4CAD0.e.5616","ELEMENT":"f.19DB9205A323DDBD447063DE6A5E99B9.d.30DD1E53418682F8488675C588F4CAD0.e.5616"}]}
COMMAND: GET /session/c4faaf2c0768716850a26568dcbf970b/screenshot - {}
RESULT: {"using":"xpath","value":"//*[@id=\"backBtn\"]"}
COMMAND: POST /session/c4faaf2c0768716850a26568dcbf970b/element/f.19DB9205A323DDBD447063DE6A5E99B9.d.30DD1E53418682F8488675C588F4CAD0.e.3244/click - {}
RESULT: {}
RESULT: {}
COMMAND: GET /session/c4faaf2c0768716850a26568dcbf970b/screenshot - {}
RESULT: {}
COMMAND: POST /session/c4faaf2c0768716850a26568dcbf970b/execute/sync - {"script":"<script> [8489 bytes]","args":[{"element-6066-11e4-a52e-4f735466cecf":"f.19DB9205A323DDBD447063DE6A5E99B9.d.30DD1E53418682F8488675C588F4CAD0.e.5334","ELEMENT":"f.19DB9205A323DDBD447063DE6A5E99B9.d.30DD1E53418682F8488675C588F4CAD0.e.5334"}]}
COMMAND: POST /session/c4faaf2c0768716850a26568dcbf970b/element - {"using":"xpath","value":"//*[contains(@data-kt ,\"webshopDetailAddressLink\")]"}
RESULT: {"using":"xpath","value":"//*[contains(@data-kt ,\"webshopDetailAddressLink\")]"}
COMMAND: POST /session/c4faaf2c0768716850a26568dcbf970b/execute/sync - {"script":"<script> [8489 bytes]","args":[{"element-6066-11e4-a52e-4f735466cecf":"f.19DB9205A323DDBD447063DE6A5E99B9.d.30DD1E53418682F8488675C588F4CAD0.e.5782","ELEMENT":"f.19DB9205A323DDBD447063DE6A5E99B9.d.30DD1E53418682F8488675C588F4CAD0.e.5782"}]}
RESULT: {"script":"<script> [8489 bytes]","args":[{"element-6066-11e4-a52e-4f735466cecf":"f.19DB9205A323DDBD447063DE6A5E99B9.d.30DD1E53418682F8488675C588F4CAD0.e.5782","ELEMENT":"f.19DB9205A323DDBD447063DE6A5E99B9.d.30DD1E53418682F8488675C588F4CAD0.e.5782"}]}
COMMAND: POST /session/c4faaf2c0768716850a26568dcbf970b/execute/sync - {"script":"<script> [5351 bytes]","args":[{"element-6066-11e4-a52e-4f735466cecf":"f.19DB9205A323DDBD447063DE6A5E99B9.d.30DD1E53418682F8488675C588F4CAD0.e.5782","ELEMENT":"f.19DB9205A323DDBD447063DE6A5E99B9.d.30DD1E53418682F8488675C588F4CAD0.e.5782"}]}
COMMAND: GET /session/c4faaf2c0768716850a26568dcbf970b/screenshot - {}
RESULT: {"script":"<script> [5351 bytes]","args":[{"element-6066-11e4-a52e-4f735466cecf":"f.19DB9205A323DDBD447063DE6A5E99B9.d.30DD1E53418682F8488675C588F4CAD0.e.5782","ELEMENT":"f.19DB9205A323DDBD447063DE6A5E99B9.d.30DD1E53418682F8488675C588F4CAD0.e.5782"}]}
COMMAND: POST /session/c4faaf2c0768716850a26568dcbf970b/element - {"using":"xpath","value":"//*[contains(@data-kt ,\"webshopDetailAddressLink\")]"}
COMMAND: GET /session/c4faaf2c0768716850a26568dcbf970b/screenshot - {}
RESULT: {}
RESULT: {"using":"xpath","value":"//*[contains(@data-kt ,\"webshopDetailAddressLink\")]"}
COMMAND: POST /session/c4faaf2c0768716850a26568dcbf970b/element/f.19DB9205A323DDBD447063DE6A5E99B9.d.30DD1E53418682F8488675C588F4CAD0.e.5782/click - {}
RESULT: {}
RESULT: {}
COMMAND: GET /session/c4faaf2c0768716850a26568dcbf970b/screenshot - {}
RESULT: {}
COMMAND: POST /session/c4faaf2c0768716850a26568dcbf970b/element - {"using":"xpath","value":"//button[contains(@data-kt ,\"ContextMenuExternalId2Link\")]"}
RESULT: {"using":"xpath","value":"//button[contains(@data-kt ,\"ContextMenuExternalId2Link\")]"}
COMMAND: POST /session/c4faaf2c0768716850a26568dcbf970b/element/f.19DB9205A323DDBD447063DE6A5E99B9.d.30DD1E53418682F8488675C588F4CAD0.e.5783/click - {}
RESULT: {}
COMMAND: GET /session/c4faaf2c0768716850a26568dcbf970b/screenshot - {}
RESULT: {}
COMMAND: GET /session/c4faaf2c0768716850a26568dcbf970b/window/handles - {}
RESULT: {}
COMMAND: POST /session/c4faaf2c0768716850a26568dcbf970b/window - {"handle":"2B60345E77D8460254FCC3C7AFBB88DD"}
RESULT: {"handle":"2B60345E77D8460254FCC3C7AFBB88DD"}
COMMAND: GET /session/c4faaf2c0768716850a26568dcbf970b/url - {}
RESULT: {}
COMMAND: GET /session/c4faaf2c0768716850a26568dcbf970b/screenshot - {}
RESULT: {}
COMMAND: POST /session/c4faaf2c0768716850a26568dcbf970b/execute/sync - {"script":"<script> [8489 bytes]","args":[{"element-6066-11e4-a52e-4f735466cecf":"f.19DB9205A323DDBD447063DE6A5E99B9.d.30DD1E53418682F8488675C588F4CAD0.e.5616","ELEMENT":"f.19DB9205A323DDBD447063DE6A5E99B9.d.30DD1E53418682F8488675C588F4CAD0.e.5616"}]}
COMMAND: DELETE /session/c4faaf2c0768716850a26568dcbf970b/window - {}
RESULT: {}
COMMAND: POST /session/c4faaf2c0768716850a26568dcbf970b/window - {"handle":"19DB9205A323DDBD447063DE6A5E99B9"}
RESULT: {"handle":"19DB9205A323DDBD447063DE6A5E99B9"}
COMMAND: GET /session/c4faaf2c0768716850a26568dcbf970b/url - {}
COMMAND: POST /session/c4faaf2c0768716850a26568dcbf970b/element - {"using":"xpath","value":"//span[contains(@id ,\"application-addressmanagement-display-component---detailAdm--addressDetailDetailsName1\")][contains(text(), \"WebdriverSitehwvto\")]"}
RESULT: {}
COMMAND: GET /session/c4faaf2c0768716850a26568dcbf970b/screenshot - {}
RESULT: {"using":"xpath","value":"//span[contains(@id ,\"application-addressmanagement-display-component---detailAdm--addressDetailDetailsName1\")][contains(text(), \"WebdriverSitehwvto\")]"}
COMMAND: POST /session/c4faaf2c0768716850a26568dcbf970b/element - {"using":"xpath","value":"//span[contains(@id ,\"application-addressmanagement-display-component---detailAdm--addressDetailDetailsName1\")][contains(text(), \"WebdriverSitehwvto\")]"}
RESULT: {}
RESULT: {"using":"xpath","value":"//span[contains(@id ,\"application-addressmanagement-display-component---detailAdm--addressDetailDetailsName1\")][contains(text(), \"WebdriverSitehwvto\")]"}
COMMAND: POST /session/c4faaf2c0768716850a26568dcbf970b/element - {"using":"xpath","value":"//span[contains(@id ,\"application-addressmanagement-display-component---detailAdm--addressDetailDetailsName1\")][contains(text(), \"WebdriverSitehwvto\")]"}
RESULT: {"using":"xpath","value":"//span[contains(@id ,\"application-addressmanagement-display-component---detailAdm--addressDetailDetailsName1\")][contains(text(), \"WebdriverSitehwvto\")]"}
COMMAND: POST /session/c4faaf2c0768716850a26568dcbf970b/element - {"using":"xpath","value":"//span[contains(@id ,\"application-addressmanagement-display-component---detailAdm--addressDetailDetailsName1\")][contains(text(), \"WebdriverSitehwvto\")]"}
RESULT: {"using":"xpath","value":"//span[contains(@id ,\"application-addressmanagement-display-component---detailAdm--addressDetailDetailsName1\")][contains(text(), \"WebdriverSitehwvto\")]"}
COMMAND: POST /session/c4faaf2c0768716850a26568dcbf970b/element - {"using":"xpath","value":"//span[contains(@id ,\"application-addressmanagement-display-component---detailAdm--addressDetailDetailsName1\")][contains(text(), \"WebdriverSitehwvto\")]"}
RESULT: {"using":"xpath","value":"//span[contains(@id ,\"application-addressmanagement-display-component---detailAdm--addressDetailDetailsName1\")][contains(text(), \"WebdriverSitehwvto\")]"}
COMMAND: POST /session/c4faaf2c0768716850a26568dcbf970b/element - {"using":"xpath","value":"//span[contains(@id ,\"application-addressmanagement-display-component---detailAdm--addressDetailDetailsName1\")][contains(text(), \"WebdriverSitehwvto\")]"}
RESULT: {"using":"xpath","value":"//span[contains(@id ,\"application-addressmanagement-display-component---detailAdm--addressDetailDetailsName1\")][contains(text(), \"WebdriverSitehwvto\")]"}
COMMAND: POST /session/c4faaf2c0768716850a26568dcbf970b/element - {"using":"xpath","value":"//*[contains(@data-kt ,\"webshopDetailCustomerLink\")]"}
RESULT: {"using":"xpath","value":"//*[contains(@data-kt ,\"webshopDetailCustomerLink\")]"}
COMMAND: POST /session/c4faaf2c0768716850a26568dcbf970b/execute/sync - {"script":"<script> [8489 bytes]","args":[{"element-6066-11e4-a52e-4f735466cecf":"f.19DB9205A323DDBD447063DE6A5E99B9.d.30DD1E53418682F8488675C588F4CAD0.e.5984","ELEMENT":"f.19DB9205A323DDBD447063DE6A5E99B9.d.30DD1E53418682F8488675C588F4CAD0.e.5984"}]}
RESULT: {"script":"<script> [8489 bytes]","args":[{"element-6066-11e4-a52e-4f735466cecf":"f.19DB9205A323DDBD447063DE6A5E99B9.d.30DD1E53418682F8488675C588F4CAD0.e.5984","ELEMENT":"f.19DB9205A323DDBD447063DE6A5E99B9.d.30DD1E53418682F8488675C588F4CAD0.e.5984"}]}
COMMAND: POST /session/c4faaf2c0768716850a26568dcbf970b/execute/sync - {"script":"<script> [5351 bytes]","args":[{"element-6066-11e4-a52e-4f735466cecf":"f.19DB9205A323DDBD447063DE6A5E99B9.d.30DD1E53418682F8488675C588F4CAD0.e.5984","ELEMENT":"f.19DB9205A323DDBD447063DE6A5E99B9.d.30DD1E53418682F8488675C588F4CAD0.e.5984"}]}
COMMAND: GET /session/c4faaf2c0768716850a26568dcbf970b/screenshot - {}
RESULT: {"script":"<script> [5351 bytes]","args":[{"element-6066-11e4-a52e-4f735466cecf":"f.19DB9205A323DDBD447063DE6A5E99B9.d.30DD1E53418682F8488675C588F4CAD0.e.5984","ELEMENT":"f.19DB9205A323DDBD447063DE6A5E99B9.d.30DD1E53418682F8488675C588F4CAD0.e.5984"}]}
COMMAND: POST /session/c4faaf2c0768716850a26568dcbf970b/element - {"using":"xpath","value":"//*[contains(@data-kt ,\"webshopDetailCustomerLink\")]"}
COMMAND: GET /session/c4faaf2c0768716850a26568dcbf970b/screenshot - {}
COMMAND: POST /session/c4faaf2c0768716850a26568dcbf970b/element - {"using":"xpath","value":"//span[contains(@id ,\"application-addressmanagement-display-component---detailAdm--addressDetailDetailsName1\")][contains(text(), \"WebdriverSitehwvto\")]"}
RESULT: {}
RESULT: {"using":"xpath","value":"//*[contains(@data-kt ,\"webshopDetailCustomerLink\")]"}
COMMAND: POST /session/c4faaf2c0768716850a26568dcbf970b/element/f.19DB9205A323DDBD447063DE6A5E99B9.d.30DD1E53418682F8488675C588F4CAD0.e.5984/click - {}
RESULT: {}
RESULT: {"using":"xpath","value":"//span[contains(@id ,\"application-addressmanagement-display-component---detailAdm--addressDetailDetailsName1\")][contains(text(), \"WebdriverSitehwvto\")]"}
RESULT: {}
COMMAND: GET /session/c4faaf2c0768716850a26568dcbf970b/screenshot - {}
RESULT: {}
COMMAND: POST /session/c4faaf2c0768716850a26568dcbf970b/element - {"using":"xpath","value":"//span[contains(@id ,\"application-addressmanagement-display-component---detailAdm--addressDetailDetailsName1\")][contains(text(), \"WebdriverSitehwvto\")]"}
RESULT: {"using":"xpath","value":"//span[contains(@id ,\"application-addressmanagement-display-component---detailAdm--addressDetailDetailsName1\")][contains(text(), \"WebdriverSitehwvto\")]"}
COMMAND: POST /session/c4faaf2c0768716850a26568dcbf970b/element - {"using":"xpath","value":"//span[contains(@id ,\"application-addressmanagement-display-component---detailAdm--addressDetailDetailsName1\")][contains(text(), \"WebdriverSitehwvto\")]"}
RESULT: {"using":"xpath","value":"//span[contains(@id ,\"application-addressmanagement-display-component---detailAdm--addressDetailDetailsName1\")][contains(text(), \"WebdriverSitehwvto\")]"}
COMMAND: POST /session/c4faaf2c0768716850a26568dcbf970b/element - {"using":"xpath","value":"//span[contains(@id ,\"application-addressmanagement-display-component---detailAdm--addressDetailDetailsName1\")][contains(text(), \"WebdriverSitehwvto\")]"}
RESULT: {"using":"xpath","value":"//span[contains(@id ,\"application-addressmanagement-display-component---detailAdm--addressDetailDetailsName1\")][contains(text(), \"WebdriverSitehwvto\")]"}
COMMAND: POST /session/c4faaf2c0768716850a26568dcbf970b/element - {"using":"xpath","value":"//span[contains(@id ,\"application-addressmanagement-display-component---detailAdm--addressDetailDetailsName1\")][contains(text(), \"WebdriverSitehwvto\")]"}
RESULT: {"using":"xpath","value":"//span[contains(@id ,\"application-addressmanagement-display-component---detailAdm--addressDetailDetailsName1\")][contains(text(), \"WebdriverSitehwvto\")]"}
COMMAND: POST /session/c4faaf2c0768716850a26568dcbf970b/element - {"using":"xpath","value":"//*[contains(@data-kt ,\"ContextMenuId2Link\")][contains(text(), \"Partner Overview\")]"}
RESULT: {"using":"xpath","value":"//*[contains(@data-kt ,\"ContextMenuId2Link\")][contains(text(), \"Partner Overview\")]"}
COMMAND: POST /session/c4faaf2c0768716850a26568dcbf970b/execute/sync - {"script":"<script> [8489 bytes]","args":[{"element-6066-11e4-a52e-4f735466cecf":"f.19DB9205A323DDBD447063DE6A5E99B9.d.30DD1E53418682F8488675C588F4CAD0.e.5986","ELEMENT":"f.19DB9205A323DDBD447063DE6A5E99B9.d.30DD1E53418682F8488675C588F4CAD0.e.5986"}]}
COMMAND: POST /session/c4faaf2c0768716850a26568dcbf970b/element - {"using":"xpath","value":"//*[contains(@data-kt ,\"ContextMenuId2Link\")][contains(text(), \"Partner Overview\")]"}
RESULT: {"script":"<script> [8489 bytes]","args":[{"element-6066-11e4-a52e-4f735466cecf":"f.19DB9205A323DDBD447063DE6A5E99B9.d.30DD1E53418682F8488675C588F4CAD0.e.5986","ELEMENT":"f.19DB9205A323DDBD447063DE6A5E99B9.d.30DD1E53418682F8488675C588F4CAD0.e.5986"}]}
RESULT: {"using":"xpath","value":"//*[contains(@data-kt ,\"ContextMenuId2Link\")][contains(text(), \"Partner Overview\")]"}
COMMAND: POST /session/c4faaf2c0768716850a26568dcbf970b/element/f.19DB9205A323DDBD447063DE6A5E99B9.d.30DD1E53418682F8488675C588F4CAD0.e.5986/click - {}
COMMAND: GET /session/c4faaf2c0768716850a26568dcbf970b/screenshot - {}
COMMAND: POST /session/c4faaf2c0768716850a26568dcbf970b/element - {"using":"xpath","value":"//span[contains(@id ,\"application-addressmanagement-display-component---detailAdm--addressDetailDetailsName1\")][contains(text(), \"WebdriverSitehwvto\")]"}
RESULT: {}
COMMAND: GET /session/c4faaf2c0768716850a26568dcbf970b/screenshot - {}
RESULT: {}
RESULT: {"using":"xpath","value":"//span[contains(@id ,\"application-addressmanagement-display-component---detailAdm--addressDetailDetailsName1\")][contains(text(), \"WebdriverSitehwvto\")]"}
RESULT: {}
COMMAND: POST /session/c4faaf2c0768716850a26568dcbf970b/element - {"using":"xpath","value":"//span[contains(@id ,\"application-addressmanagement-display-component---detailAdm--addressDetailDetailsName1\")][contains(text(), \"WebdriverSitehwvto\")]"}
RESULT: {"using":"xpath","value":"//span[contains(@id ,\"application-addressmanagement-display-component---detailAdm--addressDetailDetailsName1\")][contains(text(), \"WebdriverSitehwvto\")]"}
COMMAND: POST /session/c4faaf2c0768716850a26568dcbf970b/element - {"using":"xpath","value":"//span[contains(@id ,\"application-addressmanagement-display-component---detailAdm--addressDetailDetailsName1\")][contains(text(), \"WebdriverSitehwvto\")]"}
RESULT: {"using":"xpath","value":"//span[contains(@id ,\"application-addressmanagement-display-component---detailAdm--addressDetailDetailsName1\")][contains(text(), \"WebdriverSitehwvto\")]"}
COMMAND: POST /session/c4faaf2c0768716850a26568dcbf970b/element - {"using":"xpath","value":"//span[contains(@id ,\"application-addressmanagement-display-component---detailAdm--addressDetailDetailsName1\")][contains(text(), \"WebdriverSitehwvto\")]"}
RESULT: {"using":"xpath","value":"//span[contains(@id ,\"application-addressmanagement-display-component---detailAdm--addressDetailDetailsName1\")][contains(text(), \"WebdriverSitehwvto\")]"}
COMMAND: POST /session/c4faaf2c0768716850a26568dcbf970b/element - {"using":"xpath","value":"//span[contains(@id ,\"application-addressmanagement-display-component---detailAdm--addressDetailDetailsName1\")][contains(text(), \"WebdriverSitehwvto\")]"}
RESULT: {"using":"xpath","value":"//span[contains(@id ,\"application-addressmanagement-display-component---detailAdm--addressDetailDetailsName1\")][contains(text(), \"WebdriverSitehwvto\")]"}
COMMAND: POST /session/c4faaf2c0768716850a26568dcbf970b/element - {"using":"xpath","value":"//span[contains(@id ,\"application-addressmanagement-display-component---detailAdm--addressDetailDetailsName1\")][contains(text(), \"WebdriverSitehwvto\")]"}
RESULT: {"using":"xpath","value":"//span[contains(@id ,\"application-addressmanagement-display-component---detailAdm--addressDetailDetailsName1\")][contains(text(), \"WebdriverSitehwvto\")]"}
COMMAND: POST /session/c4faaf2c0768716850a26568dcbf970b/element - {"using":"xpath","value":"//span[contains(@id ,\"application-addressmanagement-display-component---detailAdm--addressDetailDetailsName1\")][contains(text(), \"WebdriverSitehwvto\")]"}
RESULT: {"using":"xpath","value":"//span[contains(@id ,\"application-addressmanagement-display-component---detailAdm--addressDetailDetailsName1\")][contains(text(), \"WebdriverSitehwvto\")]"}
COMMAND: POST /session/c4faaf2c0768716850a26568dcbf970b/element - {"using":"xpath","value":"//span[contains(@id ,\"application-addressmanagement-display-component---detailAdm--addressDetailDetailsName1\")][contains(text(), \"WebdriverSitehwvto\")]"}
RESULT: undefined
COMMAND: POST /session/c4faaf2c0768716850a26568dcbf970b/execute/async - {"script":"<script> [6424 bytes]","args":[{"element-6066-11e4-a52e-4f735466cecf":"f.19DB9205A323DDBD447063DE6A5E99B9.d.30DD1E53418682F8488675C588F4CAD0.e.3242"},"getTitle",[]]}
RESULT: {"using":"xpath","value":"//span[contains(@id ,\"application-addressmanagement-display-component---detailAdm--addressDetailDetailsName1\")][contains(text(), \"WebdriverSitehwvto\")]"}
COMMAND: POST /session/c4faaf2c0768716850a26568dcbf970b/execute/async - {"script":"<script> [1562 bytes]","args":[{"selector":{"id":"shellAppTitle"},"wdio_ui5_key":"shellAppTitle"}]}
COMMAND: POST /session/c4faaf2c0768716850a26568dcbf970b/element - {"using":"xpath","value":"//span[contains(@id ,\"application-addressmanagement-display-component---detailAdm--addressDetailDetailsName1\")][contains(text(), \"WebdriverSitehwvto\")]"}
RESULT: {"script":"<script> [1562 bytes]","args":[{"selector":{"id":"shellAppTitle"},"wdio_ui5_key":"shellAppTitle"}]}
COMMAND: POST /session/c4faaf2c0768716850a26568dcbf970b/execute/async - {"script":"<script> [6424 bytes]","args":[{"element-6066-11e4-a52e-4f735466cecf":"f.19DB9205A323DDBD447063DE6A5E99B9.d.30DD1E53418682F8488675C588F4CAD0.e.6222"},"getTitle",[]]}
RESULT: {"using":"xpath","value":"//span[contains(@id ,\"application-addressmanagement-display-component---detailAdm--addressDetailDetailsName1\")][contains(text(), \"WebdriverSitehwvto\")]"}
RESULT: {"script":"<script> [6424 bytes]","args":[{"element-6066-11e4-a52e-4f735466cecf":"f.19DB9205A323DDBD447063DE6A5E99B9.d.30DD1E53418682F8488675C588F4CAD0.e.6222"},"getTitle",[]]}
COMMAND: POST /session/c4faaf2c0768716850a26568dcbf970b/element - {"using":"xpath","value":"//span[contains(@id ,\"title\")][contains(text(), \"WebdriverPartner3jbqs\")]"}
RESULT: {"using":"xpath","value":"//span[contains(@id ,\"title\")][contains(text(), \"WebdriverPartner3jbqs\")]"}
COMMAND: POST /session/c4faaf2c0768716850a26568dcbf970b/execute/sync - {"script":"<script> [8489 bytes]","args":[{"element-6066-11e4-a52e-4f735466cecf":"f.19DB9205A323DDBD447063DE6A5E99B9.d.30DD1E53418682F8488675C588F4CAD0.e.6223","ELEMENT":"f.19DB9205A323DDBD447063DE6A5E99B9.d.30DD1E53418682F8488675C588F4CAD0.e.6223"}]}
RESULT: undefined
COMMAND: POST /session/c4faaf2c0768716850a26568dcbf970b/element - {"using":"xpath","value":"//*[@id=\"backBtn\"]"}
COMMAND: POST /session/c4faaf2c0768716850a26568dcbf970b/element - {"using":"xpath","value":"//span[contains(@id ,\"application-addressmanagement-display-component---detailAdm--addressDetailDetailsName1\")][contains(text(), \"WebdriverSitehwvto\")]"}
RESULT: {"using":"xpath","value":"//*[@id=\"backBtn\"]"}
COMMAND: POST /session/c4faaf2c0768716850a26568dcbf970b/element/f.19DB9205A323DDBD447063DE6A5E99B9.d.30DD1E53418682F8488675C588F4CAD0.e.3244/click - {}
RESULT: {"script":"<script> [8489 bytes]","args":[{"element-6066-11e4-a52e-4f735466cecf":"f.19DB9205A323DDBD447063DE6A5E99B9.d.30DD1E53418682F8488675C588F4CAD0.e.6223","ELEMENT":"f.19DB9205A323DDBD447063DE6A5E99B9.d.30DD1E53418682F8488675C588F4CAD0.e.6223"}]}
COMMAND: GET /session/c4faaf2c0768716850a26568dcbf970b/screenshot - {}
RESULT: {"using":"xpath","value":"//span[contains(@id ,\"application-addressmanagement-display-component---detailAdm--addressDetailDetailsName1\")][contains(text(), \"WebdriverSitehwvto\")]"}
RESULT: {}
COMMAND: GET /session/c4faaf2c0768716850a26568dcbf970b/screenshot - {}
COMMAND: POST /session/c4faaf2c0768716850a26568dcbf970b/execute/sync - {"script":"<script> [8489 bytes]","args":[{"element-6066-11e4-a52e-4f735466cecf":"f.19DB9205A323DDBD447063DE6A5E99B9.d.30DD1E53418682F8488675C588F4CAD0.e.6223","ELEMENT":"f.19DB9205A323DDBD447063DE6A5E99B9.d.30DD1E53418682F8488675C588F4CAD0.e.6223"}]}
COMMAND: POST /session/c4faaf2c0768716850a26568dcbf970b/element - {"using":"xpath","value":"//span[contains(@id ,\"application-addressmanagement-display-component---detailAdm--addressDetailDetailsName1\")][contains(text(), \"WebdriverSitehwvto\")]"}
RESULT: {}
RESULT: {}
COMMAND: POST /session/c4faaf2c0768716850a26568dcbf970b/element - {"using":"xpath","value":"//span[contains(@id ,\"title\")][contains(text(), \"WebdriverPartner3jbqs\")]"}
RESULT: {"using":"xpath","value":"//span[contains(@id ,\"application-addressmanagement-display-component---detailAdm--addressDetailDetailsName1\")][contains(text(), \"WebdriverSitehwvto\")]"}
RESULT: {"using":"xpath","value":"//span[contains(@id ,\"title\")][contains(text(), \"WebdriverPartner3jbqs\")]"}
COMMAND: POST /session/c4faaf2c0768716850a26568dcbf970b/element - {"using":"xpath","value":"//span[contains(@id ,\"title\")][contains(text(), \"WebdriverPartner3jbqs\")]"}
RESULT: {"using":"xpath","value":"//span[contains(@id ,\"title\")][contains(text(), \"WebdriverPartner3jbqs\")]"}
COMMAND: POST /session/c4faaf2c0768716850a26568dcbf970b/element - {"using":"xpath","value":"//span[contains(@id ,\"application-addressmanagement-display-component---detailAdm--addressDetailDetailsName1\")][contains(text(), \"WebdriverSitehwvto\")]"}
RESULT: {"using":"xpath","value":"//span[contains(@id ,\"application-addressmanagement-display-component---detailAdm--addressDetailDetailsName1\")][contains(text(), \"WebdriverSitehwvto\")]"}
COMMAND: POST /session/c4faaf2c0768716850a26568dcbf970b/element - {"using":"xpath","value":"//span[contains(@id ,\"title\")][contains(text(), \"WebdriverPartner3jbqs\")]"}
RESULT: {"using":"xpath","value":"//span[contains(@id ,\"title\")][contains(text(), \"WebdriverPartner3jbqs\")]"}
COMMAND: POST /session/c4faaf2c0768716850a26568dcbf970b/element - {"using":"xpath","value":"//span[contains(@id ,\"application-addressmanagement-display-component---detailAdm--addressDetailDetailsName1\")][contains(text(), \"WebdriverSitehwvto\")]"}
RESULT: {"using":"xpath","value":"//span[contains(@id ,\"application-addressmanagement-display-component---detailAdm--addressDetailDetailsName1\")][contains(text(), \"WebdriverSitehwvto\")]"}
COMMAND: POST /session/c4faaf2c0768716850a26568dcbf970b/element - {"using":"xpath","value":"//span[contains(@id ,\"title\")][contains(text(), \"WebdriverPartner3jbqs\")]"}
RESULT: {"using":"xpath","value":"//span[contains(@id ,\"title\")][contains(text(), \"WebdriverPartner3jbqs\")]"}
COMMAND: POST /session/c4faaf2c0768716850a26568dcbf970b/element - {"using":"xpath","value":"//span[contains(@id ,\"application-addressmanagement-display-component---detailAdm--addressDetailDetailsName1\")][contains(text(), \"WebdriverSitehwvto\")]"}
COMMAND: POST /session/c4faaf2c0768716850a26568dcbf970b/element - {"using":"xpath","value":"//span[contains(@id ,\"title\")][contains(text(), \"WebdriverPartner3jbqs\")]"}
RESULT: {"using":"xpath","value":"//span[contains(@id ,\"application-addressmanagement-display-component---detailAdm--addressDetailDetailsName1\")][contains(text(), \"WebdriverSitehwvto\")]"}
COMMAND: POST /session/c4faaf2c0768716850a26568dcbf970b/execute/sync - {"script":"<script> [8489 bytes]","args":[{"element-6066-11e4-a52e-4f735466cecf":"f.19DB9205A323DDBD447063DE6A5E99B9.d.30DD1E53418682F8488675C588F4CAD0.e.5984","ELEMENT":"f.19DB9205A323DDBD447063DE6A5E99B9.d.30DD1E53418682F8488675C588F4CAD0.e.5984"}]}
RESULT: {"using":"xpath","value":"//span[contains(@id ,\"title\")][contains(text(), \"WebdriverPartner3jbqs\")]"}
COMMAND: POST /session/c4faaf2c0768716850a26568dcbf970b/element - {"using":"xpath","value":"//*[contains(@data-kt ,\"webshopDetailCustomerLink\")]"}
RESULT: {"using":"xpath","value":"//*[contains(@data-kt ,\"webshopDetailCustomerLink\")]"}
COMMAND: POST /session/c4faaf2c0768716850a26568dcbf970b/execute/sync - {"script":"<script> [8489 bytes]","args":[{"element-6066-11e4-a52e-4f735466cecf":"f.19DB9205A323DDBD447063DE6A5E99B9.d.30DD1E53418682F8488675C588F4CAD0.e.6355","ELEMENT":"f.19DB9205A323DDBD447063DE6A5E99B9.d.30DD1E53418682F8488675C588F4CAD0.e.6355"}]}
RESULT: {"script":"<script> [8489 bytes]","args":[{"element-6066-11e4-a52e-4f735466cecf":"f.19DB9205A323DDBD447063DE6A5E99B9.d.30DD1E53418682F8488675C588F4CAD0.e.6355","ELEMENT":"f.19DB9205A323DDBD447063DE6A5E99B9.d.30DD1E53418682F8488675C588F4CAD0.e.6355"}]}
COMMAND: POST /session/c4faaf2c0768716850a26568dcbf970b/execute/sync - {"script":"<script> [5351 bytes]","args":[{"element-6066-11e4-a52e-4f735466cecf":"f.19DB9205A323DDBD447063DE6A5E99B9.d.30DD1E53418682F8488675C588F4CAD0.e.6355","ELEMENT":"f.19DB9205A323DDBD447063DE6A5E99B9.d.30DD1E53418682F8488675C588F4CAD0.e.6355"}]}
COMMAND: GET /session/c4faaf2c0768716850a26568dcbf970b/screenshot - {}
RESULT: {"script":"<script> [5351 bytes]","args":[{"element-6066-11e4-a52e-4f735466cecf":"f.19DB9205A323DDBD447063DE6A5E99B9.d.30DD1E53418682F8488675C588F4CAD0.e.6355","ELEMENT":"f.19DB9205A323DDBD447063DE6A5E99B9.d.30DD1E53418682F8488675C588F4CAD0.e.6355"}]}
COMMAND: POST /session/c4faaf2c0768716850a26568dcbf970b/element - {"using":"xpath","value":"//*[contains(@data-kt ,\"webshopDetailCustomerLink\")]"}
COMMAND: GET /session/c4faaf2c0768716850a26568dcbf970b/screenshot - {}
RESULT: {}
RESULT: {"using":"xpath","value":"//*[contains(@data-kt ,\"webshopDetailCustomerLink\")]"}
COMMAND: POST /session/c4faaf2c0768716850a26568dcbf970b/element/f.19DB9205A323DDBD447063DE6A5E99B9.d.30DD1E53418682F8488675C588F4CAD0.e.6355/click - {}
COMMAND: POST /session/c4faaf2c0768716850a26568dcbf970b/element - {"using":"xpath","value":"//span[contains(@id ,\"application-addressmanagement-display-component---detailAdm--addressDetailDetailsName1\")][contains(text(), \"WebdriverSitehwvto\")]"}
COMMAND: POST /session/c4faaf2c0768716850a26568dcbf970b/element - {"using":"xpath","value":"//span[contains(@id ,\"title\")][contains(text(), \"WebdriverPartner3jbqs\")]"}
RESULT: {}
RESULT: {}
COMMAND: GET /session/c4faaf2c0768716850a26568dcbf970b/screenshot - {}
RESULT: {"using":"xpath","value":"//span[contains(@id ,\"application-addressmanagement-display-component---detailAdm--addressDetailDetailsName1\")][contains(text(), \"WebdriverSitehwvto\")]"}
RESULT: {"using":"xpath","value":"//span[contains(@id ,\"title\")][contains(text(), \"WebdriverPartner3jbqs\")]"}
COMMAND: POST /session/c4faaf2c0768716850a26568dcbf970b/execute/sync - {"script":"<script> [8489 bytes]","args":[{"element-6066-11e4-a52e-4f735466cecf":"f.19DB9205A323DDBD447063DE6A5E99B9.d.30DD1E53418682F8488675C588F4CAD0.e.6358","ELEMENT":"f.19DB9205A323DDBD447063DE6A5E99B9.d.30DD1E53418682F8488675C588F4CAD0.e.6358"}]}
RESULT: {}
RESULT: {"script":"<script> [8489 bytes]","args":[{"element-6066-11e4-a52e-4f735466cecf":"f.19DB9205A323DDBD447063DE6A5E99B9.d.30DD1E53418682F8488675C588F4CAD0.e.6358","ELEMENT":"f.19DB9205A323DDBD447063DE6A5E99B9.d.30DD1E53418682F8488675C588F4CAD0.e.6358"}]}
COMMAND: GET /session/c4faaf2c0768716850a26568dcbf970b/screenshot - {}
COMMAND: POST /session/c4faaf2c0768716850a26568dcbf970b/element - {"using":"xpath","value":"//span[contains(@id ,\"application-addressmanagement-display-component---detailAdm--addressDetailDetailsName1\")][contains(text(), \"WebdriverSitehwvto\")]"}
RESULT: {}
RESULT: {"using":"xpath","value":"//span[contains(@id ,\"application-addressmanagement-display-component---detailAdm--addressDetailDetailsName1\")][contains(text(), \"WebdriverSitehwvto\")]"}
COMMAND: POST /session/c4faaf2c0768716850a26568dcbf970b/element - {"using":"xpath","value":"//span[contains(@id ,\"application-addressmanagement-display-component---detailAdm--addressDetailDetailsName1\")][contains(text(), \"WebdriverSitehwvto\")]"}
RESULT: {"using":"xpath","value":"//span[contains(@id ,\"application-addressmanagement-display-component---detailAdm--addressDetailDetailsName1\")][contains(text(), \"WebdriverSitehwvto\")]"}
COMMAND: POST /session/c4faaf2c0768716850a26568dcbf970b/element - {"using":"xpath","value":"//span[contains(@id ,\"application-addressmanagement-display-component---detailAdm--addressDetailDetailsName1\")][contains(text(), \"WebdriverSitehwvto\")]"}
RESULT: {"using":"xpath","value":"//span[contains(@id ,\"application-addressmanagement-display-component---detailAdm--addressDetailDetailsName1\")][contains(text(), \"WebdriverSitehwvto\")]"}
COMMAND: POST /session/c4faaf2c0768716850a26568dcbf970b/element - {"using":"xpath","value":"//button[contains(@data-kt ,\"ContextMenuExternalId2Link\")]"}
RESULT: {"using":"xpath","value":"//button[contains(@data-kt ,\"ContextMenuExternalId2Link\")]"}
COMMAND: POST /session/c4faaf2c0768716850a26568dcbf970b/element/f.19DB9205A323DDBD447063DE6A5E99B9.d.30DD1E53418682F8488675C588F4CAD0.e.6357/click - {}
COMMAND: POST /session/c4faaf2c0768716850a26568dcbf970b/element - {"using":"xpath","value":"//span[contains(@id ,\"application-addressmanagement-display-component---detailAdm--addressDetailDetailsName1\")][contains(text(), \"WebdriverSitehwvto\")]"}
RESULT: {}
COMMAND: GET /session/c4faaf2c0768716850a26568dcbf970b/screenshot - {}
RESULT: {"using":"xpath","value":"//span[contains(@id ,\"application-addressmanagement-display-component---detailAdm--addressDetailDetailsName1\")][contains(text(), \"WebdriverSitehwvto\")]"}
COMMAND: POST /session/c4faaf2c0768716850a26568dcbf970b/element - {"using":"xpath","value":"//span[contains(@id ,\"application-addressmanagement-display-component---detailAdm--addressDetailDetailsName1\")][contains(text(), \"WebdriverSitehwvto\")]"}
RESULT: {}
RESULT: {"using":"xpath","value":"//span[contains(@id ,\"application-addressmanagement-display-component---detailAdm--addressDetailDetailsName1\")][contains(text(), \"WebdriverSitehwvto\")]"}
COMMAND: POST /session/c4faaf2c0768716850a26568dcbf970b/element - {"using":"xpath","value":"//span[contains(@id ,\"application-addressmanagement-display-component---detailAdm--addressDetailDetailsName1\")][contains(text(), \"WebdriverSitehwvto\")]"}
RESULT: {"using":"xpath","value":"//span[contains(@id ,\"application-addressmanagement-display-component---detailAdm--addressDetailDetailsName1\")][contains(text(), \"WebdriverSitehwvto\")]"}
COMMAND: POST /session/c4faaf2c0768716850a26568dcbf970b/element - {"using":"xpath","value":"//span[contains(@id ,\"application-addressmanagement-display-component---detailAdm--addressDetailDetailsName1\")][contains(text(), \"WebdriverSitehwvto\")]"}
RESULT: {"using":"xpath","value":"//span[contains(@id ,\"application-addressmanagement-display-component---detailAdm--addressDetailDetailsName1\")][contains(text(), \"WebdriverSitehwvto\")]"}
COMMAND: POST /session/c4faaf2c0768716850a26568dcbf970b/element - {"using":"xpath","value":"//span[contains(@id ,\"application-addressmanagement-display-component---detailAdm--addressDetailDetailsName1\")][contains(text(), \"WebdriverSitehwvto\")]"}
COMMAND: GET /session/c4faaf2c0768716850a26568dcbf970b/window/handles - {}
RESULT: {"using":"xpath","value":"//span[contains(@id ,\"application-addressmanagement-display-component---detailAdm--addressDetailDetailsName1\")][contains(text(), \"WebdriverSitehwvto\")]"}
RESULT: {}
COMMAND: POST /session/c4faaf2c0768716850a26568dcbf970b/window - {"handle":"A8568BBDD82A1A5A2BC88A787C9B0641"}
RESULT: {"handle":"A8568BBDD82A1A5A2BC88A787C9B0641"}
COMMAND: GET /session/c4faaf2c0768716850a26568dcbf970b/url - {}
RESULT: {}
COMMAND: GET /session/c4faaf2c0768716850a26568dcbf970b/screenshot - {}
RESULT: {}
COMMAND: POST /session/c4faaf2c0768716850a26568dcbf970b/execute/sync - {"script":"<script> [8489 bytes]","args":[{"element-6066-11e4-a52e-4f735466cecf":"f.19DB9205A323DDBD447063DE6A5E99B9.d.30DD1E53418682F8488675C588F4CAD0.e.6358","ELEMENT":"f.19DB9205A323DDBD447063DE6A5E99B9.d.30DD1E53418682F8488675C588F4CAD0.e.6358"}]}
COMMAND: DELETE /session/c4faaf2c0768716850a26568dcbf970b/window - {}
RESULT: {"script":"<script> [8489 bytes]","args":[{"element-6066-11e4-a52e-4f735466cecf":"f.19DB9205A323DDBD447063DE6A5E99B9.d.30DD1E53418682F8488675C588F4CAD0.e.6358","ELEMENT":"f.19DB9205A323DDBD447063DE6A5E99B9.d.30DD1E53418682F8488675C588F4CAD0.e.6358"}]}
COMMAND: GET /session/c4faaf2c0768716850a26568dcbf970b/screenshot - {}
COMMAND: POST /session/c4faaf2c0768716850a26568dcbf970b/execute/sync - {"script":"<script> [8489 bytes]","args":[{"element-6066-11e4-a52e-4f735466cecf":"f.19DB9205A323DDBD447063DE6A5E99B9.d.30DD1E53418682F8488675C588F4CAD0.e.6358","ELEMENT":"f.19DB9205A323DDBD447063DE6A5E99B9.d.30DD1E53418682F8488675C588F4CAD0.e.6358"}]}
RESULT: {}
COMMAND: POST /session/c4faaf2c0768716850a26568dcbf970b/window - {"handle":"19DB9205A323DDBD447063DE6A5E99B9"}
RESULT: {"handle":"19DB9205A323DDBD447063DE6A5E99B9"}
COMMAND: GET /session/c4faaf2c0768716850a26568dcbf970b/url - {}
RESULT: {}
COMMAND: GET /session/c4faaf2c0768716850a26568dcbf970b/screenshot - {}
RESULT: {}
RESULT: {"script":"<script> [8489 bytes]","args":[{"element-6066-11e4-a52e-4f735466cecf":"f.19DB9205A323DDBD447063DE6A5E99B9.d.30DD1E53418682F8488675C588F4CAD0.e.6358","ELEMENT":"f.19DB9205A323DDBD447063DE6A5E99B9.d.30DD1E53418682F8488675C588F4CAD0.e.6358"}]}
RESULT: {}
COMMAND: GET /session/c4faaf2c0768716850a26568dcbf970b/screenshot - {}
RESULT: {}
]]></system-out>
    </testcase>
    <testcase classname="chrome.137_0_7151_56.windows.Webshop_-_Hyperlinks_visible_and_working_properly__US139085" name="Should verify the contract and catalog item hyperlinks" time="101.956">
      <system-out><![CDATA[
COMMAND: POST /session/c4faaf2c0768716850a26568dcbf970b/element - {"using":"xpath","value":"//*[contains(@data-kt ,\"webshopDetailContractLink\")]"}
RESULT: {"using":"xpath","value":"//*[contains(@data-kt ,\"webshopDetailContractLink\")]"}
COMMAND: POST /session/c4faaf2c0768716850a26568dcbf970b/execute/sync - {"script":"<script> [8489 bytes]","args":[{"element-6066-11e4-a52e-4f735466cecf":"f.19DB9205A323DDBD447063DE6A5E99B9.d.30DD1E53418682F8488675C588F4CAD0.e.6579","ELEMENT":"f.19DB9205A323DDBD447063DE6A5E99B9.d.30DD1E53418682F8488675C588F4CAD0.e.6579"}]}
RESULT: {"script":"<script> [8489 bytes]","args":[{"element-6066-11e4-a52e-4f735466cecf":"f.19DB9205A323DDBD447063DE6A5E99B9.d.30DD1E53418682F8488675C588F4CAD0.e.6579","ELEMENT":"f.19DB9205A323DDBD447063DE6A5E99B9.d.30DD1E53418682F8488675C588F4CAD0.e.6579"}]}
COMMAND: POST /session/c4faaf2c0768716850a26568dcbf970b/execute/sync - {"script":"<script> [5351 bytes]","args":[{"element-6066-11e4-a52e-4f735466cecf":"f.19DB9205A323DDBD447063DE6A5E99B9.d.30DD1E53418682F8488675C588F4CAD0.e.6579","ELEMENT":"f.19DB9205A323DDBD447063DE6A5E99B9.d.30DD1E53418682F8488675C588F4CAD0.e.6579"}]}
COMMAND: GET /session/c4faaf2c0768716850a26568dcbf970b/screenshot - {}
RESULT: {"script":"<script> [5351 bytes]","args":[{"element-6066-11e4-a52e-4f735466cecf":"f.19DB9205A323DDBD447063DE6A5E99B9.d.30DD1E53418682F8488675C588F4CAD0.e.6579","ELEMENT":"f.19DB9205A323DDBD447063DE6A5E99B9.d.30DD1E53418682F8488675C588F4CAD0.e.6579"}]}
COMMAND: POST /session/c4faaf2c0768716850a26568dcbf970b/element - {"using":"xpath","value":"//*[contains(@data-kt ,\"webshopDetailContractLink\")]"}
COMMAND: GET /session/c4faaf2c0768716850a26568dcbf970b/screenshot - {}
RESULT: {}
RESULT: {"using":"xpath","value":"//*[contains(@data-kt ,\"webshopDetailContractLink\")]"}
COMMAND: POST /session/c4faaf2c0768716850a26568dcbf970b/element/f.19DB9205A323DDBD447063DE6A5E99B9.d.30DD1E53418682F8488675C588F4CAD0.e.6579/click - {}
RESULT: {}
RESULT: {}
COMMAND: GET /session/c4faaf2c0768716850a26568dcbf970b/screenshot - {}
RESULT: {}
COMMAND: POST /session/c4faaf2c0768716850a26568dcbf970b/element - {"using":"xpath","value":"//*[contains(@data-kt ,\"ContextMenuId2Link\")][contains(text(), \"Contract Overview\")]"}
RESULT: {"using":"xpath","value":"//*[contains(@data-kt ,\"ContextMenuId2Link\")][contains(text(), \"Contract Overview\")]"}
COMMAND: POST /session/c4faaf2c0768716850a26568dcbf970b/execute/sync - {"script":"<script> [8489 bytes]","args":[{"element-6066-11e4-a52e-4f735466cecf":"f.19DB9205A323DDBD447063DE6A5E99B9.d.30DD1E53418682F8488675C588F4CAD0.e.6581","ELEMENT":"f.19DB9205A323DDBD447063DE6A5E99B9.d.30DD1E53418682F8488675C588F4CAD0.e.6581"}]}
COMMAND: POST /session/c4faaf2c0768716850a26568dcbf970b/element - {"using":"xpath","value":"//*[contains(@data-kt ,\"ContextMenuId2Link\")][contains(text(), \"Contract Overview\")]"}
RESULT: {"using":"xpath","value":"//*[contains(@data-kt ,\"ContextMenuId2Link\")][contains(text(), \"Contract Overview\")]"}
COMMAND: POST /session/c4faaf2c0768716850a26568dcbf970b/element/f.19DB9205A323DDBD447063DE6A5E99B9.d.30DD1E53418682F8488675C588F4CAD0.e.6581/click - {}
RESULT: {"script":"<script> [8489 bytes]","args":[{"element-6066-11e4-a52e-4f735466cecf":"f.19DB9205A323DDBD447063DE6A5E99B9.d.30DD1E53418682F8488675C588F4CAD0.e.6581","ELEMENT":"f.19DB9205A323DDBD447063DE6A5E99B9.d.30DD1E53418682F8488675C588F4CAD0.e.6581"}]}
COMMAND: GET /session/c4faaf2c0768716850a26568dcbf970b/screenshot - {}
RESULT: {}
COMMAND: GET /session/c4faaf2c0768716850a26568dcbf970b/screenshot - {}
RESULT: {}
RESULT: {}
RESULT: undefined
COMMAND: POST /session/c4faaf2c0768716850a26568dcbf970b/execute/async - {"script":"<script> [6424 bytes]","args":[{"element-6066-11e4-a52e-4f735466cecf":"f.19DB9205A323DDBD447063DE6A5E99B9.d.30DD1E53418682F8488675C588F4CAD0.e.3242"},"getTitle",[]]}
COMMAND: POST /session/c4faaf2c0768716850a26568dcbf970b/execute/async - {"script":"<script> [1562 bytes]","args":[{"selector":{"id":"shellAppTitle"},"wdio_ui5_key":"shellAppTitle"}]}
RESULT: {"script":"<script> [1562 bytes]","args":[{"selector":{"id":"shellAppTitle"},"wdio_ui5_key":"shellAppTitle"}]}
COMMAND: POST /session/c4faaf2c0768716850a26568dcbf970b/execute/async - {"script":"<script> [6424 bytes]","args":[{"element-6066-11e4-a52e-4f735466cecf":"f.19DB9205A323DDBD447063DE6A5E99B9.d.30DD1E53418682F8488675C588F4CAD0.e.6718"},"getTitle",[]]}
RESULT: {"script":"<script> [6424 bytes]","args":[{"element-6066-11e4-a52e-4f735466cecf":"f.19DB9205A323DDBD447063DE6A5E99B9.d.30DD1E53418682F8488675C588F4CAD0.e.6718"},"getTitle",[]]}
COMMAND: POST /session/c4faaf2c0768716850a26568dcbf970b/element - {"using":"xpath","value":"//span[contains(@id ,\"contractDetailTitleNoExpanded\")][contains(text(), \"10453\")]"}
RESULT: {"using":"xpath","value":"//span[contains(@id ,\"contractDetailTitleNoExpanded\")][contains(text(), \"10453\")]"}
COMMAND: POST /session/c4faaf2c0768716850a26568dcbf970b/execute/sync - {"script":"<script> [8489 bytes]","args":[{"element-6066-11e4-a52e-4f735466cecf":"f.19DB9205A323DDBD447063DE6A5E99B9.d.30DD1E53418682F8488675C588F4CAD0.e.6719","ELEMENT":"f.19DB9205A323DDBD447063DE6A5E99B9.d.30DD1E53418682F8488675C588F4CAD0.e.6719"}]}
RESULT: undefined
COMMAND: POST /session/c4faaf2c0768716850a26568dcbf970b/element - {"using":"xpath","value":"//*[@id=\"backBtn\"]"}
RESULT: {"script":"<script> [8489 bytes]","args":[{"element-6066-11e4-a52e-4f735466cecf":"f.19DB9205A323DDBD447063DE6A5E99B9.d.30DD1E53418682F8488675C588F4CAD0.e.6719","ELEMENT":"f.19DB9205A323DDBD447063DE6A5E99B9.d.30DD1E53418682F8488675C588F4CAD0.e.6719"}]}
COMMAND: GET /session/c4faaf2c0768716850a26568dcbf970b/screenshot - {}
RESULT: {"using":"xpath","value":"//*[@id=\"backBtn\"]"}
COMMAND: POST /session/c4faaf2c0768716850a26568dcbf970b/element/f.19DB9205A323DDBD447063DE6A5E99B9.d.30DD1E53418682F8488675C588F4CAD0.e.3244/click - {}
RESULT: {}
RESULT: {}
COMMAND: GET /session/c4faaf2c0768716850a26568dcbf970b/screenshot - {}
RESULT: {}
COMMAND: POST /session/c4faaf2c0768716850a26568dcbf970b/execute/sync - {"script":"<script> [8489 bytes]","args":[{"element-6066-11e4-a52e-4f735466cecf":"f.19DB9205A323DDBD447063DE6A5E99B9.d.30DD1E53418682F8488675C588F4CAD0.e.6579","ELEMENT":"f.19DB9205A323DDBD447063DE6A5E99B9.d.30DD1E53418682F8488675C588F4CAD0.e.6579"}]}
COMMAND: POST /session/c4faaf2c0768716850a26568dcbf970b/element - {"using":"xpath","value":"//*[contains(@data-kt ,\"webshopDetailContractLink\")]"}
RESULT: {"using":"xpath","value":"//*[contains(@data-kt ,\"webshopDetailContractLink\")]"}
COMMAND: POST /session/c4faaf2c0768716850a26568dcbf970b/execute/sync - {"script":"<script> [8489 bytes]","args":[{"element-6066-11e4-a52e-4f735466cecf":"f.19DB9205A323DDBD447063DE6A5E99B9.d.30DD1E53418682F8488675C588F4CAD0.e.6851","ELEMENT":"f.19DB9205A323DDBD447063DE6A5E99B9.d.30DD1E53418682F8488675C588F4CAD0.e.6851"}]}
RESULT: {"script":"<script> [8489 bytes]","args":[{"element-6066-11e4-a52e-4f735466cecf":"f.19DB9205A323DDBD447063DE6A5E99B9.d.30DD1E53418682F8488675C588F4CAD0.e.6851","ELEMENT":"f.19DB9205A323DDBD447063DE6A5E99B9.d.30DD1E53418682F8488675C588F4CAD0.e.6851"}]}
COMMAND: POST /session/c4faaf2c0768716850a26568dcbf970b/execute/sync - {"script":"<script> [5351 bytes]","args":[{"element-6066-11e4-a52e-4f735466cecf":"f.19DB9205A323DDBD447063DE6A5E99B9.d.30DD1E53418682F8488675C588F4CAD0.e.6851","ELEMENT":"f.19DB9205A323DDBD447063DE6A5E99B9.d.30DD1E53418682F8488675C588F4CAD0.e.6851"}]}
COMMAND: GET /session/c4faaf2c0768716850a26568dcbf970b/screenshot - {}
RESULT: {"script":"<script> [5351 bytes]","args":[{"element-6066-11e4-a52e-4f735466cecf":"f.19DB9205A323DDBD447063DE6A5E99B9.d.30DD1E53418682F8488675C588F4CAD0.e.6851","ELEMENT":"f.19DB9205A323DDBD447063DE6A5E99B9.d.30DD1E53418682F8488675C588F4CAD0.e.6851"}]}
COMMAND: POST /session/c4faaf2c0768716850a26568dcbf970b/element - {"using":"xpath","value":"//*[contains(@data-kt ,\"webshopDetailContractLink\")]"}
COMMAND: GET /session/c4faaf2c0768716850a26568dcbf970b/screenshot - {}
RESULT: {}
RESULT: {"using":"xpath","value":"//*[contains(@data-kt ,\"webshopDetailContractLink\")]"}
COMMAND: POST /session/c4faaf2c0768716850a26568dcbf970b/element/f.19DB9205A323DDBD447063DE6A5E99B9.d.30DD1E53418682F8488675C588F4CAD0.e.6851/click - {}
RESULT: {}
RESULT: {}
COMMAND: GET /session/c4faaf2c0768716850a26568dcbf970b/screenshot - {}
RESULT: {}
COMMAND: POST /session/c4faaf2c0768716850a26568dcbf970b/element - {"using":"xpath","value":"//button[contains(@data-kt ,\"ContextMenuExternalId2Link\")]"}
RESULT: {"using":"xpath","value":"//button[contains(@data-kt ,\"ContextMenuExternalId2Link\")]"}
COMMAND: POST /session/c4faaf2c0768716850a26568dcbf970b/element/f.19DB9205A323DDBD447063DE6A5E99B9.d.30DD1E53418682F8488675C588F4CAD0.e.6852/click - {}
RESULT: {}
COMMAND: GET /session/c4faaf2c0768716850a26568dcbf970b/screenshot - {}
RESULT: {}
COMMAND: GET /session/c4faaf2c0768716850a26568dcbf970b/window/handles - {}
RESULT: {}
COMMAND: POST /session/c4faaf2c0768716850a26568dcbf970b/window - {"handle":"8BE43A96E51D49B8960C3E678B3FFCBD"}
RESULT: {"handle":"8BE43A96E51D49B8960C3E678B3FFCBD"}
COMMAND: GET /session/c4faaf2c0768716850a26568dcbf970b/url - {}
RESULT: {}
COMMAND: GET /session/c4faaf2c0768716850a26568dcbf970b/screenshot - {}
RESULT: {}
COMMAND: POST /session/c4faaf2c0768716850a26568dcbf970b/execute/sync - {"script":"<script> [8489 bytes]","args":[{"element-6066-11e4-a52e-4f735466cecf":"f.19DB9205A323DDBD447063DE6A5E99B9.d.30DD1E53418682F8488675C588F4CAD0.e.6719","ELEMENT":"f.19DB9205A323DDBD447063DE6A5E99B9.d.30DD1E53418682F8488675C588F4CAD0.e.6719"}]}
COMMAND: DELETE /session/c4faaf2c0768716850a26568dcbf970b/window - {}
RESULT: {}
COMMAND: POST /session/c4faaf2c0768716850a26568dcbf970b/window - {"handle":"19DB9205A323DDBD447063DE6A5E99B9"}
RESULT: {"handle":"19DB9205A323DDBD447063DE6A5E99B9"}
COMMAND: GET /session/c4faaf2c0768716850a26568dcbf970b/url - {}
COMMAND: POST /session/c4faaf2c0768716850a26568dcbf970b/element - {"using":"xpath","value":"//span[contains(@id ,\"contractDetailTitleNoExpanded\")][contains(text(), \"10453\")]"}
RESULT: {}
COMMAND: GET /session/c4faaf2c0768716850a26568dcbf970b/screenshot - {}
RESULT: {"using":"xpath","value":"//span[contains(@id ,\"contractDetailTitleNoExpanded\")][contains(text(), \"10453\")]"}
COMMAND: POST /session/c4faaf2c0768716850a26568dcbf970b/element - {"using":"xpath","value":"//span[contains(@id ,\"contractDetailTitleNoExpanded\")][contains(text(), \"10453\")]"}
RESULT: {}
RESULT: {"using":"xpath","value":"//span[contains(@id ,\"contractDetailTitleNoExpanded\")][contains(text(), \"10453\")]"}
COMMAND: POST /session/c4faaf2c0768716850a26568dcbf970b/element - {"using":"xpath","value":"//span[contains(@id ,\"contractDetailTitleNoExpanded\")][contains(text(), \"10453\")]"}
RESULT: {"using":"xpath","value":"//span[contains(@id ,\"contractDetailTitleNoExpanded\")][contains(text(), \"10453\")]"}
COMMAND: POST /session/c4faaf2c0768716850a26568dcbf970b/element - {"using":"xpath","value":"//span[contains(@id ,\"contractDetailTitleNoExpanded\")][contains(text(), \"10453\")]"}
RESULT: {"using":"xpath","value":"//span[contains(@id ,\"contractDetailTitleNoExpanded\")][contains(text(), \"10453\")]"}
COMMAND: POST /session/c4faaf2c0768716850a26568dcbf970b/element - {"using":"xpath","value":"//span[contains(@id ,\"contractDetailTitleNoExpanded\")][contains(text(), \"10453\")]"}
RESULT: {"using":"xpath","value":"//span[contains(@id ,\"contractDetailTitleNoExpanded\")][contains(text(), \"10453\")]"}
COMMAND: POST /session/c4faaf2c0768716850a26568dcbf970b/element - {"using":"xpath","value":"//span[contains(@id ,\"contractDetailTitleNoExpanded\")][contains(text(), \"10453\")]"}
RESULT: {"using":"xpath","value":"//span[contains(@id ,\"contractDetailTitleNoExpanded\")][contains(text(), \"10453\")]"}
COMMAND: POST /session/c4faaf2c0768716850a26568dcbf970b/element - {"using":"xpath","value":"//span[contains(@id ,\"contractDetailTitleNoExpanded\")][contains(text(), \"10453\")]"}
RESULT: {"using":"xpath","value":"//span[contains(@id ,\"contractDetailTitleNoExpanded\")][contains(text(), \"10453\")]"}
COMMAND: POST /session/c4faaf2c0768716850a26568dcbf970b/element - {"using":"xpath","value":"//span[contains(@id ,\"contractDetailTitleNoExpanded\")][contains(text(), \"10453\")]"}
RESULT: {"using":"xpath","value":"//span[contains(@id ,\"contractDetailTitleNoExpanded\")][contains(text(), \"10453\")]"}
COMMAND: POST /session/c4faaf2c0768716850a26568dcbf970b/element - {"using":"xpath","value":"//span[contains(@id ,\"contractDetailTitleNoExpanded\")][contains(text(), \"10453\")]"}
RESULT: {"using":"xpath","value":"//span[contains(@id ,\"contractDetailTitleNoExpanded\")][contains(text(), \"10453\")]"}
COMMAND: POST /session/c4faaf2c0768716850a26568dcbf970b/element - {"using":"xpath","value":"//span[contains(@id ,\"contractDetailTitleNoExpanded\")][contains(text(), \"10453\")]"}
RESULT: {"using":"xpath","value":"//span[contains(@id ,\"contractDetailTitleNoExpanded\")][contains(text(), \"10453\")]"}
COMMAND: POST /session/c4faaf2c0768716850a26568dcbf970b/element - {"using":"xpath","value":"//*[contains(@data-kt ,\"webshopDetailCatalogItemLink\")]"}
RESULT: {"using":"xpath","value":"//*[contains(@data-kt ,\"webshopDetailCatalogItemLink\")]"}
COMMAND: POST /session/c4faaf2c0768716850a26568dcbf970b/execute/sync - {"script":"<script> [8489 bytes]","args":[{"element-6066-11e4-a52e-4f735466cecf":"f.19DB9205A323DDBD447063DE6A5E99B9.d.30DD1E53418682F8488675C588F4CAD0.e.6986","ELEMENT":"f.19DB9205A323DDBD447063DE6A5E99B9.d.30DD1E53418682F8488675C588F4CAD0.e.6986"}]}
RESULT: {"script":"<script> [8489 bytes]","args":[{"element-6066-11e4-a52e-4f735466cecf":"f.19DB9205A323DDBD447063DE6A5E99B9.d.30DD1E53418682F8488675C588F4CAD0.e.6986","ELEMENT":"f.19DB9205A323DDBD447063DE6A5E99B9.d.30DD1E53418682F8488675C588F4CAD0.e.6986"}]}
COMMAND: POST /session/c4faaf2c0768716850a26568dcbf970b/execute/sync - {"script":"<script> [5351 bytes]","args":[{"element-6066-11e4-a52e-4f735466cecf":"f.19DB9205A323DDBD447063DE6A5E99B9.d.30DD1E53418682F8488675C588F4CAD0.e.6986","ELEMENT":"f.19DB9205A323DDBD447063DE6A5E99B9.d.30DD1E53418682F8488675C588F4CAD0.e.6986"}]}
COMMAND: GET /session/c4faaf2c0768716850a26568dcbf970b/screenshot - {}
RESULT: {"script":"<script> [5351 bytes]","args":[{"element-6066-11e4-a52e-4f735466cecf":"f.19DB9205A323DDBD447063DE6A5E99B9.d.30DD1E53418682F8488675C588F4CAD0.e.6986","ELEMENT":"f.19DB9205A323DDBD447063DE6A5E99B9.d.30DD1E53418682F8488675C588F4CAD0.e.6986"}]}
COMMAND: POST /session/c4faaf2c0768716850a26568dcbf970b/element - {"using":"xpath","value":"//*[contains(@data-kt ,\"webshopDetailCatalogItemLink\")]"}
COMMAND: GET /session/c4faaf2c0768716850a26568dcbf970b/screenshot - {}
COMMAND: POST /session/c4faaf2c0768716850a26568dcbf970b/element - {"using":"xpath","value":"//span[contains(@id ,\"contractDetailTitleNoExpanded\")][contains(text(), \"10453\")]"}
RESULT: {}
RESULT: {"using":"xpath","value":"//*[contains(@data-kt ,\"webshopDetailCatalogItemLink\")]"}
COMMAND: POST /session/c4faaf2c0768716850a26568dcbf970b/element/f.19DB9205A323DDBD447063DE6A5E99B9.d.30DD1E53418682F8488675C588F4CAD0.e.6986/click - {}
RESULT: {}
RESULT: {"using":"xpath","value":"//span[contains(@id ,\"contractDetailTitleNoExpanded\")][contains(text(), \"10453\")]"}
RESULT: {}
COMMAND: GET /session/c4faaf2c0768716850a26568dcbf970b/screenshot - {}
COMMAND: POST /session/c4faaf2c0768716850a26568dcbf970b/element - {"using":"xpath","value":"//span[contains(@id ,\"contractDetailTitleNoExpanded\")][contains(text(), \"10453\")]"}
RESULT: {}
RESULT: {"using":"xpath","value":"//span[contains(@id ,\"contractDetailTitleNoExpanded\")][contains(text(), \"10453\")]"}
COMMAND: POST /session/c4faaf2c0768716850a26568dcbf970b/element - {"using":"xpath","value":"//span[contains(@id ,\"contractDetailTitleNoExpanded\")][contains(text(), \"10453\")]"}
RESULT: {"using":"xpath","value":"//span[contains(@id ,\"contractDetailTitleNoExpanded\")][contains(text(), \"10453\")]"}
COMMAND: POST /session/c4faaf2c0768716850a26568dcbf970b/element - {"using":"xpath","value":"//span[contains(@id ,\"contractDetailTitleNoExpanded\")][contains(text(), \"10453\")]"}
RESULT: {"using":"xpath","value":"//span[contains(@id ,\"contractDetailTitleNoExpanded\")][contains(text(), \"10453\")]"}
COMMAND: POST /session/c4faaf2c0768716850a26568dcbf970b/element - {"using":"xpath","value":"//span[contains(@id ,\"contractDetailTitleNoExpanded\")][contains(text(), \"10453\")]"}
RESULT: {"using":"xpath","value":"//span[contains(@id ,\"contractDetailTitleNoExpanded\")][contains(text(), \"10453\")]"}
COMMAND: POST /session/c4faaf2c0768716850a26568dcbf970b/element - {"using":"xpath","value":"//span[contains(@id ,\"contractDetailTitleNoExpanded\")][contains(text(), \"10453\")]"}
RESULT: {"using":"xpath","value":"//span[contains(@id ,\"contractDetailTitleNoExpanded\")][contains(text(), \"10453\")]"}
COMMAND: POST /session/c4faaf2c0768716850a26568dcbf970b/element - {"using":"xpath","value":"//span[contains(@id ,\"contractDetailTitleNoExpanded\")][contains(text(), \"10453\")]"}
RESULT: {"using":"xpath","value":"//span[contains(@id ,\"contractDetailTitleNoExpanded\")][contains(text(), \"10453\")]"}
COMMAND: POST /session/c4faaf2c0768716850a26568dcbf970b/element - {"using":"xpath","value":"//span[contains(@id ,\"contractDetailTitleNoExpanded\")][contains(text(), \"10453\")]"}
RESULT: {"using":"xpath","value":"//span[contains(@id ,\"contractDetailTitleNoExpanded\")][contains(text(), \"10453\")]"}
COMMAND: POST /session/c4faaf2c0768716850a26568dcbf970b/element - {"using":"xpath","value":"//span[contains(@id ,\"contractDetailTitleNoExpanded\")][contains(text(), \"10453\")]"}
RESULT: {"using":"xpath","value":"//span[contains(@id ,\"contractDetailTitleNoExpanded\")][contains(text(), \"10453\")]"}
COMMAND: POST /session/c4faaf2c0768716850a26568dcbf970b/element - {"using":"xpath","value":"(//span[contains(text(), \"Dri-Prime CD150M Diesel Pump\")])[2]"}
RESULT: {"using":"xpath","value":"(//span[contains(text(), \"Dri-Prime CD150M Diesel Pump\")])[2]"}
COMMAND: POST /session/c4faaf2c0768716850a26568dcbf970b/execute/sync - {"script":"<script> [8489 bytes]","args":[{"element-6066-11e4-a52e-4f735466cecf":"f.19DB9205A323DDBD447063DE6A5E99B9.d.30DD1E53418682F8488675C588F4CAD0.e.6993","ELEMENT":"f.19DB9205A323DDBD447063DE6A5E99B9.d.30DD1E53418682F8488675C588F4CAD0.e.6993"}]}
COMMAND: POST /session/c4faaf2c0768716850a26568dcbf970b/element - {"using":"xpath","value":"(//span[contains(text(), \"Description\")])[1]"}
RESULT: {"using":"xpath","value":"(//span[contains(text(), \"Description\")])[1]"}
COMMAND: GET /session/c4faaf2c0768716850a26568dcbf970b/element/f.19DB9205A323DDBD447063DE6A5E99B9.d.30DD1E53418682F8488675C588F4CAD0.e.6994/rect - {}
RESULT: {"script":"<script> [8489 bytes]","args":[{"element-6066-11e4-a52e-4f735466cecf":"f.19DB9205A323DDBD447063DE6A5E99B9.d.30DD1E53418682F8488675C588F4CAD0.e.6993","ELEMENT":"f.19DB9205A323DDBD447063DE6A5E99B9.d.30DD1E53418682F8488675C588F4CAD0.e.6993"}]}
COMMAND: GET /session/c4faaf2c0768716850a26568dcbf970b/screenshot - {}
RESULT: {}
COMMAND: GET /session/c4faaf2c0768716850a26568dcbf970b/window/rect - {}
COMMAND: POST /session/c4faaf2c0768716850a26568dcbf970b/element - {"using":"xpath","value":"//span[contains(@id ,\"contractDetailTitleNoExpanded\")][contains(text(), \"10453\")]"}
RESULT: {}
RESULT: {}
COMMAND: POST /session/c4faaf2c0768716850a26568dcbf970b/execute/sync - {"script":"<script> [92 bytes]","args":[]}
RESULT: {"using":"xpath","value":"//span[contains(@id ,\"contractDetailTitleNoExpanded\")][contains(text(), \"10453\")]"}
RESULT: {"script":"<script> [92 bytes]","args":[]}
COMMAND: POST /session/c4faaf2c0768716850a26568dcbf970b/actions - {"actions":[{"id":"action10","type":"wheel","parameters":{},"actions":[{"type":"scroll","x":-1833,"y":-23,"deltaX":0,"deltaY":0,"duration":0,"origin":{"element-6066-11e4-a52e-4f735466cecf":"f.19DB9205A323DDBD447063DE6A5E99B9.d.30DD1E53418682F8488675C588F4CAD0.e.6994"}}]}]}
COMMAND: GET /session/c4faaf2c0768716850a26568dcbf970b/screenshot - {}
RESULT: {}
COMMAND: POST /session/c4faaf2c0768716850a26568dcbf970b/execute/sync - {"script":"<script> [79 bytes]","args":[{"element-6066-11e4-a52e-4f735466cecf":"f.19DB9205A323DDBD447063DE6A5E99B9.d.30DD1E53418682F8488675C588F4CAD0.e.6994","ELEMENT":"f.19DB9205A323DDBD447063DE6A5E99B9.d.30DD1E53418682F8488675C588F4CAD0.e.6994"},{"block":"start","inline":"nearest"}]}
RESULT: {"script":"<script> [79 bytes]","args":[{"element-6066-11e4-a52e-4f735466cecf":"f.19DB9205A323DDBD447063DE6A5E99B9.d.30DD1E53418682F8488675C588F4CAD0.e.6994","ELEMENT":"f.19DB9205A323DDBD447063DE6A5E99B9.d.30DD1E53418682F8488675C588F4CAD0.e.6994"},{"block":"start","inline":"nearest"}]}
COMMAND: GET /session/c4faaf2c0768716850a26568dcbf970b/screenshot - {}
COMMAND: POST /session/c4faaf2c0768716850a26568dcbf970b/element - {"using":"xpath","value":"//span[contains(@id ,\"contractDetailTitleNoExpanded\")][contains(text(), \"10453\")]"}
RESULT: {}
RESULT: {"using":"xpath","value":"//span[contains(@id ,\"contractDetailTitleNoExpanded\")][contains(text(), \"10453\")]"}
COMMAND: POST /session/c4faaf2c0768716850a26568dcbf970b/element - {"using":"xpath","value":"//span[contains(@id ,\"contractDetailTitleNoExpanded\")][contains(text(), \"10453\")]"}
RESULT: {"using":"xpath","value":"//span[contains(@id ,\"contractDetailTitleNoExpanded\")][contains(text(), \"10453\")]"}
COMMAND: POST /session/c4faaf2c0768716850a26568dcbf970b/element - {"using":"xpath","value":"//span[contains(@id ,\"contractDetailTitleNoExpanded\")][contains(text(), \"10453\")]"}
RESULT: {"using":"xpath","value":"//span[contains(@id ,\"contractDetailTitleNoExpanded\")][contains(text(), \"10453\")]"}
COMMAND: POST /session/c4faaf2c0768716850a26568dcbf970b/element - {"using":"xpath","value":"//span[contains(@id ,\"contractDetailTitleNoExpanded\")][contains(text(), \"10453\")]"}
RESULT: {"using":"xpath","value":"//span[contains(@id ,\"contractDetailTitleNoExpanded\")][contains(text(), \"10453\")]"}
COMMAND: POST /session/c4faaf2c0768716850a26568dcbf970b/element - {"using":"xpath","value":"//span[contains(@id ,\"contractDetailTitleNoExpanded\")][contains(text(), \"10453\")]"}
RESULT: {"using":"xpath","value":"//span[contains(@id ,\"contractDetailTitleNoExpanded\")][contains(text(), \"10453\")]"}
COMMAND: POST /session/c4faaf2c0768716850a26568dcbf970b/element - {"using":"xpath","value":"//span[contains(@id ,\"contractDetailTitleNoExpanded\")][contains(text(), \"10453\")]"}
COMMAND: POST /session/c4faaf2c0768716850a26568dcbf970b/element - {"using":"xpath","value":"(//textarea[@rows=\"15\"])[1]"}
RESULT: {"using":"xpath","value":"//span[contains(@id ,\"contractDetailTitleNoExpanded\")][contains(text(), \"10453\")]"}
RESULT: {"using":"xpath","value":"(//textarea[@rows=\"15\"])[1]"}
COMMAND: POST /session/c4faaf2c0768716850a26568dcbf970b/execute/sync - {"script":"<script> [8489 bytes]","args":[{"element-6066-11e4-a52e-4f735466cecf":"f.19DB9205A323DDBD447063DE6A5E99B9.d.30DD1E53418682F8488675C588F4CAD0.e.6992","ELEMENT":"f.19DB9205A323DDBD447063DE6A5E99B9.d.30DD1E53418682F8488675C588F4CAD0.e.6992"}]}
RESULT: {"script":"<script> [8489 bytes]","args":[{"element-6066-11e4-a52e-4f735466cecf":"f.19DB9205A323DDBD447063DE6A5E99B9.d.30DD1E53418682F8488675C588F4CAD0.e.6992","ELEMENT":"f.19DB9205A323DDBD447063DE6A5E99B9.d.30DD1E53418682F8488675C588F4CAD0.e.6992"}]}
COMMAND: GET /session/c4faaf2c0768716850a26568dcbf970b/screenshot - {}
RESULT: {}
COMMAND: POST /session/c4faaf2c0768716850a26568dcbf970b/element - {"using":"xpath","value":"//span[contains(@id ,\"contractDetailTitleNoExpanded\")][contains(text(), \"10453\")]"}
RESULT: {"using":"xpath","value":"//span[contains(@id ,\"contractDetailTitleNoExpanded\")][contains(text(), \"10453\")]"}
COMMAND: POST /session/c4faaf2c0768716850a26568dcbf970b/element - {"using":"xpath","value":"//span[contains(@id ,\"contractDetailTitleNoExpanded\")][contains(text(), \"10453\")]"}
RESULT: {"using":"xpath","value":"//span[contains(@id ,\"contractDetailTitleNoExpanded\")][contains(text(), \"10453\")]"}
COMMAND: POST /session/c4faaf2c0768716850a26568dcbf970b/element - {"using":"xpath","value":"//span[contains(@id ,\"contractDetailTitleNoExpanded\")][contains(text(), \"10453\")]"}
RESULT: {"using":"xpath","value":"//span[contains(@id ,\"contractDetailTitleNoExpanded\")][contains(text(), \"10453\")]"}
COMMAND: POST /session/c4faaf2c0768716850a26568dcbf970b/element - {"using":"xpath","value":"//span[contains(@id ,\"contractDetailTitleNoExpanded\")][contains(text(), \"10453\")]"}
RESULT: {"using":"xpath","value":"//span[contains(@id ,\"contractDetailTitleNoExpanded\")][contains(text(), \"10453\")]"}
COMMAND: POST /session/c4faaf2c0768716850a26568dcbf970b/element - {"using":"xpath","value":"//span[contains(@id ,\"contractDetailTitleNoExpanded\")][contains(text(), \"10453\")]"}
RESULT: {"using":"xpath","value":"//span[contains(@id ,\"contractDetailTitleNoExpanded\")][contains(text(), \"10453\")]"}
COMMAND: POST /session/c4faaf2c0768716850a26568dcbf970b/element - {"using":"xpath","value":"//span[contains(@id ,\"contractDetailTitleNoExpanded\")][contains(text(), \"10453\")]"}
RESULT: {"using":"xpath","value":"//span[contains(@id ,\"contractDetailTitleNoExpanded\")][contains(text(), \"10453\")]"}
COMMAND: POST /session/c4faaf2c0768716850a26568dcbf970b/element - {"using":"xpath","value":"//span[contains(@id ,\"contractDetailTitleNoExpanded\")][contains(text(), \"10453\")]"}
RESULT: {"using":"xpath","value":"//span[contains(@id ,\"contractDetailTitleNoExpanded\")][contains(text(), \"10453\")]"}
COMMAND: POST /session/c4faaf2c0768716850a26568dcbf970b/element - {"using":"xpath","value":"//span[contains(@id ,\"contractDetailTitleNoExpanded\")][contains(text(), \"10453\")]"}
RESULT: {"using":"xpath","value":"//span[contains(@id ,\"contractDetailTitleNoExpanded\")][contains(text(), \"10453\")]"}
COMMAND: POST /session/c4faaf2c0768716850a26568dcbf970b/element - {"using":"xpath","value":"//span[contains(@id ,\"contractDetailTitleNoExpanded\")][contains(text(), \"10453\")]"}
RESULT: {"using":"xpath","value":"//span[contains(@id ,\"contractDetailTitleNoExpanded\")][contains(text(), \"10453\")]"}
COMMAND: POST /session/c4faaf2c0768716850a26568dcbf970b/execute/async - {"script":"<script> [1562 bytes]","args":[{"selector":{"controlType":"sap.tnt.NavigationListItem","viewName":"etm.portal.ui.webshop.view.RequestDetail","i18NText":{"propertyName":"text","key":"exit"},"interaction":{"idSuffix":"a"}},"wdio_ui5_key":"etmportal.ui.webshop.view.RequestDetailsap.tnt.NavigationListItem{\"propertyName\":\"text\",\"key\":\"exit\"}"}]}
COMMAND: POST /session/c4faaf2c0768716850a26568dcbf970b/element - {"using":"xpath","value":"//span[contains(@id ,\"contractDetailTitleNoExpanded\")][contains(text(), \"10453\")]"}
RESULT: {"script":"<script> [1562 bytes]","args":[{"selector":{"controlType":"sap.tnt.NavigationListItem","viewName":"etm.portal.ui.webshop.view.RequestDetail","i18NText":{"propertyName":"text","key":"exit"},"interaction":{"idSuffix":"a"}},"wdio_ui5_key":"etmportal.ui.webshop.view.RequestDetailsap.tnt.NavigationListItem{\"propertyName\":\"text\",\"key\":\"exit\"}"}]}
RESULT: undefined
COMMAND: POST /session/c4faaf2c0768716850a26568dcbf970b/element - {"using":"xpath","value":"//*[@id=\"__item5366\"]"}
RESULT: {"using":"xpath","value":"//span[contains(@id ,\"contractDetailTitleNoExpanded\")][contains(text(), \"10453\")]"}
RESULT: {"using":"xpath","value":"//*[@id=\"__item5366\"]"}
COMMAND: POST /session/c4faaf2c0768716850a26568dcbf970b/element/f.19DB9205A323DDBD447063DE6A5E99B9.d.30DD1E53418682F8488675C588F4CAD0.e.7000/click - {}
COMMAND: POST /session/c4faaf2c0768716850a26568dcbf970b/element - {"using":"xpath","value":"//span[contains(@id ,\"contractDetailTitleNoExpanded\")][contains(text(), \"10453\")]"}
RESULT: {}
COMMAND: GET /session/c4faaf2c0768716850a26568dcbf970b/screenshot - {}
RESULT: {"using":"xpath","value":"//span[contains(@id ,\"contractDetailTitleNoExpanded\")][contains(text(), \"10453\")]"}
COMMAND: POST /session/c4faaf2c0768716850a26568dcbf970b/element - {"using":"xpath","value":"//span[contains(@id ,\"contractDetailTitleNoExpanded\")][contains(text(), \"10453\")]"}
RESULT: {}
RESULT: {"using":"xpath","value":"//span[contains(@id ,\"contractDetailTitleNoExpanded\")][contains(text(), \"10453\")]"}
COMMAND: POST /session/c4faaf2c0768716850a26568dcbf970b/element - {"using":"xpath","value":"//span[contains(@id ,\"contractDetailTitleNoExpanded\")][contains(text(), \"10453\")]"}
RESULT: {"using":"xpath","value":"//span[contains(@id ,\"contractDetailTitleNoExpanded\")][contains(text(), \"10453\")]"}
COMMAND: POST /session/c4faaf2c0768716850a26568dcbf970b/element - {"using":"xpath","value":"//span[contains(@id ,\"contractDetailTitleNoExpanded\")][contains(text(), \"10453\")]"}
RESULT: {"using":"xpath","value":"//span[contains(@id ,\"contractDetailTitleNoExpanded\")][contains(text(), \"10453\")]"}
COMMAND: POST /session/c4faaf2c0768716850a26568dcbf970b/element - {"using":"xpath","value":"//span[contains(@id ,\"contractDetailTitleNoExpanded\")][contains(text(), \"10453\")]"}
RESULT: {"using":"xpath","value":"//span[contains(@id ,\"contractDetailTitleNoExpanded\")][contains(text(), \"10453\")]"}
COMMAND: POST /session/c4faaf2c0768716850a26568dcbf970b/element - {"using":"xpath","value":"//span[contains(@id ,\"contractDetailTitleNoExpanded\")][contains(text(), \"10453\")]"}
RESULT: {"using":"xpath","value":"//span[contains(@id ,\"contractDetailTitleNoExpanded\")][contains(text(), \"10453\")]"}
COMMAND: POST /session/c4faaf2c0768716850a26568dcbf970b/element - {"using":"xpath","value":"//span[contains(@id ,\"contractDetailTitleNoExpanded\")][contains(text(), \"10453\")]"}
RESULT: {"using":"xpath","value":"//span[contains(@id ,\"contractDetailTitleNoExpanded\")][contains(text(), \"10453\")]"}
COMMAND: POST /session/c4faaf2c0768716850a26568dcbf970b/element - {"using":"css selector","value":"#shell-header-logo"}
RESULT: {"using":"css selector","value":"#shell-header-logo"}
COMMAND: POST /session/c4faaf2c0768716850a26568dcbf970b/element/f.19DB9205A323DDBD447063DE6A5E99B9.d.30DD1E53418682F8488675C588F4CAD0.e.3244/click - {}
RESULT: {}
COMMAND: GET /session/c4faaf2c0768716850a26568dcbf970b/screenshot - {}
COMMAND: POST /session/c4faaf2c0768716850a26568dcbf970b/element - {"using":"xpath","value":"//span[contains(@id ,\"contractDetailTitleNoExpanded\")][contains(text(), \"10453\")]"}
RESULT: {}
RESULT: {"using":"xpath","value":"//span[contains(@id ,\"contractDetailTitleNoExpanded\")][contains(text(), \"10453\")]"}
COMMAND: POST /session/c4faaf2c0768716850a26568dcbf970b/element - {"using":"xpath","value":"//span[contains(@id ,\"contractDetailTitleNoExpanded\")][contains(text(), \"10453\")]"}
RESULT: {"using":"xpath","value":"//span[contains(@id ,\"contractDetailTitleNoExpanded\")][contains(text(), \"10453\")]"}
COMMAND: POST /session/c4faaf2c0768716850a26568dcbf970b/element - {"using":"xpath","value":"//span[contains(@id ,\"contractDetailTitleNoExpanded\")][contains(text(), \"10453\")]"}
RESULT: {"using":"xpath","value":"//span[contains(@id ,\"contractDetailTitleNoExpanded\")][contains(text(), \"10453\")]"}
COMMAND: POST /session/c4faaf2c0768716850a26568dcbf970b/element - {"using":"xpath","value":"//span[contains(@id ,\"contractDetailTitleNoExpanded\")][contains(text(), \"10453\")]"}
RESULT: {"using":"xpath","value":"//span[contains(@id ,\"contractDetailTitleNoExpanded\")][contains(text(), \"10453\")]"}
COMMAND: POST /session/c4faaf2c0768716850a26568dcbf970b/element - {"using":"xpath","value":"//span[contains(@id ,\"contractDetailTitleNoExpanded\")][contains(text(), \"10453\")]"}
RESULT: {"using":"xpath","value":"//span[contains(@id ,\"contractDetailTitleNoExpanded\")][contains(text(), \"10453\")]"}
]]></system-out>
    </testcase>
  </testsuite>
  <testsuite timestamp="2025-06-04T16:28:10" time="91.874" tests="1" failures="0" errors="0" skipped="0">
    <properties>
      <property name="specId" value="0" />
      <property name="suiteName" value="Add items into the basket without creating a request US151315" />
      <property name="capabilities" value="chrome.137_0_7151_56.windows" />
      <property name="file" value="file:///D:/a/1/s/test/specs/R2C/add-items-into-basket-wo-creating-a-request.spec.js" />
    </properties>
    <testcase classname="chrome.137_0_7151_56.windows.Add_items_into_the_basket_without_creating_a_request_US151315" name="Should verify if a catalog item can be added without creating a request" time="88.56">
      <system-out><![CDATA[
RESULT: undefined
COMMAND: POST /session/c4faaf2c0768716850a26568dcbf970b/element - {"using":"xpath","value":"//*[@id=\"__tile49\"]"}
RESULT: {"using":"xpath","value":"//*[@id=\"__tile49\"]"}
COMMAND: POST /session/c4faaf2c0768716850a26568dcbf970b/element/f.19DB9205A323DDBD447063DE6A5E99B9.d.30DD1E53418682F8488675C588F4CAD0.e.2984/click - {}
COMMAND: POST /session/c4faaf2c0768716850a26568dcbf970b/element - {"using":"xpath","value":"//span[contains(@id ,\"contractDetailTitleNoExpanded\")][contains(text(), \"10453\")]"}
RESULT: {}
COMMAND: GET /session/c4faaf2c0768716850a26568dcbf970b/screenshot - {}
RESULT: {"using":"xpath","value":"//span[contains(@id ,\"contractDetailTitleNoExpanded\")][contains(text(), \"10453\")]"}
COMMAND: POST /session/c4faaf2c0768716850a26568dcbf970b/element - {"using":"xpath","value":"//span[contains(@id ,\"contractDetailTitleNoExpanded\")][contains(text(), \"10453\")]"}
RESULT: {}
RESULT: {"using":"xpath","value":"//span[contains(@id ,\"contractDetailTitleNoExpanded\")][contains(text(), \"10453\")]"}
COMMAND: POST /session/c4faaf2c0768716850a26568dcbf970b/element - {"using":"xpath","value":"//span[contains(@id ,\"contractDetailTitleNoExpanded\")][contains(text(), \"10453\")]"}
RESULT: {"using":"xpath","value":"//span[contains(@id ,\"contractDetailTitleNoExpanded\")][contains(text(), \"10453\")]"}
COMMAND: POST /session/c4faaf2c0768716850a26568dcbf970b/element - {"using":"xpath","value":"//span[contains(@id ,\"contractDetailTitleNoExpanded\")][contains(text(), \"10453\")]"}
COMMAND: POST /session/c4faaf2c0768716850a26568dcbf970b/elements - {"using":"xpath","value":"//span[text()='Error']"}
RESULT: {"using":"xpath","value":"//span[contains(@id ,\"contractDetailTitleNoExpanded\")][contains(text(), \"10453\")]"}
RESULT: {"using":"xpath","value":"//span[text()='Error']"}
COMMAND: POST /session/c4faaf2c0768716850a26568dcbf970b/element - {"using":"css selector","value":"#requestCreationDialog--createRequestPopUp-title-inner"}
RESULT: {"using":"css selector","value":"#requestCreationDialog--createRequestPopUp-title-inner"}
COMMAND: POST /session/c4faaf2c0768716850a26568dcbf970b/execute/sync - {"script":"<script> [8489 bytes]","args":[{"element-6066-11e4-a52e-4f735466cecf":"f.19DB9205A323DDBD447063DE6A5E99B9.d.30DD1E53418682F8488675C588F4CAD0.e.7102","ELEMENT":"f.19DB9205A323DDBD447063DE6A5E99B9.d.30DD1E53418682F8488675C588F4CAD0.e.7102"}]}
RESULT: {"script":"<script> [8489 bytes]","args":[{"element-6066-11e4-a52e-4f735466cecf":"f.19DB9205A323DDBD447063DE6A5E99B9.d.30DD1E53418682F8488675C588F4CAD0.e.7102","ELEMENT":"f.19DB9205A323DDBD447063DE6A5E99B9.d.30DD1E53418682F8488675C588F4CAD0.e.7102"}]}
COMMAND: GET /session/c4faaf2c0768716850a26568dcbf970b/element/f.19DB9205A323DDBD447063DE6A5E99B9.d.30DD1E53418682F8488675C588F4CAD0.e.7102/enabled - {}
COMMAND: GET /session/c4faaf2c0768716850a26568dcbf970b/screenshot - {}
RESULT: {}
COMMAND: POST /session/c4faaf2c0768716850a26568dcbf970b/element - {"using":"xpath","value":"//span[contains(@id ,\"requestCreationDialog--cancelButton-content\")]"}
COMMAND: GET /session/c4faaf2c0768716850a26568dcbf970b/screenshot - {}
RESULT: {}
RESULT: {"using":"xpath","value":"//span[contains(@id ,\"requestCreationDialog--cancelButton-content\")]"}
COMMAND: POST /session/c4faaf2c0768716850a26568dcbf970b/element/f.19DB9205A323DDBD447063DE6A5E99B9.d.30DD1E53418682F8488675C588F4CAD0.e.7103/click - {}
RESULT: {}
RESULT: {}
COMMAND: GET /session/c4faaf2c0768716850a26568dcbf970b/screenshot - {}
RESULT: {}
COMMAND: POST /session/c4faaf2c0768716850a26568dcbf970b/element - {"using":"xpath","value":"//input[contains(@id ,\"searchFiledId-I\")]"}
RESULT: {"using":"xpath","value":"//input[contains(@id ,\"searchFiledId-I\")]"}
COMMAND: POST /session/c4faaf2c0768716850a26568dcbf970b/element/f.19DB9205A323DDBD447063DE6A5E99B9.d.30DD1E53418682F8488675C588F4CAD0.e.7003/value - {"text":"Dri-Prime CD150M Diesel Pump"}
RESULT: {"text":"Dri-Prime CD150M Diesel Pump"}
COMMAND: POST /session/c4faaf2c0768716850a26568dcbf970b/actions - {"actions":[{"id":"action11","type":"key","parameters":{},"actions":[{"type":"keyDown","value":"î€‡"},{"type":"pause","duration":10},{"type":"keyUp","value":"î€‡"}]}]}
COMMAND: GET /session/c4faaf2c0768716850a26568dcbf970b/screenshot - {}
RESULT: {"actions":[{"id":"action11","type":"key","parameters":{},"actions":[{"type":"keyDown","value":"î€‡"},{"type":"pause","duration":10},{"type":"keyUp","value":"î€‡"}]}]}
COMMAND: GET /session/c4faaf2c0768716850a26568dcbf970b/screenshot - {}
RESULT: {}
RESULT: {}
COMMAND: POST /session/c4faaf2c0768716850a26568dcbf970b/element - {"using":"xpath","value":"//span[contains(@id ,\"subTitle\")][contains(text(), \"Dri-Prime CD150M Diesel Pump\")]"}
RESULT: {"using":"xpath","value":"//span[contains(@id ,\"subTitle\")][contains(text(), \"Dri-Prime CD150M Diesel Pump\")]"}
COMMAND: POST /session/c4faaf2c0768716850a26568dcbf970b/element/f.19DB9205A323DDBD447063DE6A5E99B9.d.30DD1E53418682F8488675C588F4CAD0.e.7109/click - {}
RESULT: {}
COMMAND: GET /session/c4faaf2c0768716850a26568dcbf970b/screenshot - {}
RESULT: {}
COMMAND: POST /session/c4faaf2c0768716850a26568dcbf970b/element - {"using":"xpath","value":"//bdi[contains(text(), \"Add to Request\")]"}
RESULT: {"using":"xpath","value":"//bdi[contains(text(), \"Add to Request\")]"}
COMMAND: POST /session/c4faaf2c0768716850a26568dcbf970b/element/f.19DB9205A323DDBD447063DE6A5E99B9.d.30DD1E53418682F8488675C588F4CAD0.e.7122/click - {}
RESULT: {}
COMMAND: POST /session/c4faaf2c0768716850a26568dcbf970b/element - {"using":"xpath","value":"//div[contains(@class ,\"sapMMessageToast sapUiSelectable sapContrast sapContrastPlus sapUiUserSelectable\")]"}
COMMAND: GET /session/c4faaf2c0768716850a26568dcbf970b/screenshot - {}
RESULT: {"using":"xpath","value":"//div[contains(@class ,\"sapMMessageToast sapUiSelectable sapContrast sapContrastPlus sapUiUserSelectable\")]"}
COMMAND: POST /session/c4faaf2c0768716850a26568dcbf970b/execute/sync - {"script":"<script> [8489 bytes]","args":[{"element-6066-11e4-a52e-4f735466cecf":"f.19DB9205A323DDBD447063DE6A5E99B9.d.30DD1E53418682F8488675C588F4CAD0.e.7124","ELEMENT":"f.19DB9205A323DDBD447063DE6A5E99B9.d.30DD1E53418682F8488675C588F4CAD0.e.7124"}]}
RESULT: {}
RESULT: {"script":"<script> [8489 bytes]","args":[{"element-6066-11e4-a52e-4f735466cecf":"f.19DB9205A323DDBD447063DE6A5E99B9.d.30DD1E53418682F8488675C588F4CAD0.e.7124","ELEMENT":"f.19DB9205A323DDBD447063DE6A5E99B9.d.30DD1E53418682F8488675C588F4CAD0.e.7124"}]}
COMMAND: GET /session/c4faaf2c0768716850a26568dcbf970b/element/f.19DB9205A323DDBD447063DE6A5E99B9.d.30DD1E53418682F8488675C588F4CAD0.e.7124/text - {}
COMMAND: GET /session/c4faaf2c0768716850a26568dcbf970b/screenshot - {}
RESULT: {}
RESULT: {}
COMMAND: POST /session/c4faaf2c0768716850a26568dcbf970b/element - {"using":"xpath","value":"//bdi[contains(@id ,\"activeCartId-BDI-content\")]"}
RESULT: {"using":"xpath","value":"//bdi[contains(@id ,\"activeCartId-BDI-content\")]"}
COMMAND: GET /session/c4faaf2c0768716850a26568dcbf970b/element/f.19DB9205A323DDBD447063DE6A5E99B9.d.30DD1E53418682F8488675C588F4CAD0.e.7125/text - {}
RESULT: {}
COMMAND: POST /session/c4faaf2c0768716850a26568dcbf970b/element - {"using":"xpath","value":"//li[@title=\"Exit\"]"}
RESULT: {"using":"xpath","value":"//li[@title=\"Exit\"]"}
COMMAND: POST /session/c4faaf2c0768716850a26568dcbf970b/element/f.19DB9205A323DDBD447063DE6A5E99B9.d.30DD1E53418682F8488675C588F4CAD0.e.7082/click - {}
RESULT: {}
COMMAND: GET /session/c4faaf2c0768716850a26568dcbf970b/screenshot - {}
RESULT: {}
COMMAND: POST /session/c4faaf2c0768716850a26568dcbf970b/element - {"using":"css selector","value":"#shell-header-logo"}
RESULT: {"using":"css selector","value":"#shell-header-logo"}
COMMAND: POST /session/c4faaf2c0768716850a26568dcbf970b/element/f.19DB9205A323DDBD447063DE6A5E99B9.d.30DD1E53418682F8488675C588F4CAD0.e.7135/click - {}
RESULT: {}
COMMAND: GET /session/c4faaf2c0768716850a26568dcbf970b/screenshot - {}
RESULT: {}
]]></system-out>
    </testcase>
  </testsuite>
  <testsuite timestamp="2025-06-04T16:29:42" time="186.517" tests="1" failures="0" errors="0" skipped="0">
    <properties>
      <property name="specId" value="0" />
      <property name="suiteName" value=" Webshop - Request management - Verifying the Master List - Filtering /Sorting - Deleting - Creating US151314" />
      <property name="capabilities" value="chrome.137_0_7151_56.windows" />
      <property name="file" value="file:///D:/a/1/s/test/specs/R2C/webshop-request-management-verify-master-list.spec.js" />
    </properties>
    <testcase classname="chrome.137_0_7151_56.windows._Webshop_-_Request_management_-_Verifying_the_Master_List_-_Filtering_/Sorting_-_Deleting_-_Creating_US151314" name="Should navigate to request management in webshop and verify the filters" time="183.359">
      <system-out><![CDATA[
RESULT: undefined
COMMAND: POST /session/c4faaf2c0768716850a26568dcbf970b/element - {"using":"xpath","value":"//*[@id=\"__tile49\"]"}
RESULT: {"using":"xpath","value":"//*[@id=\"__tile49\"]"}
COMMAND: POST /session/c4faaf2c0768716850a26568dcbf970b/element/f.19DB9205A323DDBD447063DE6A5E99B9.d.30DD1E53418682F8488675C588F4CAD0.e.2984/click - {}
RESULT: {}
COMMAND: GET /session/c4faaf2c0768716850a26568dcbf970b/screenshot - {}
RESULT: {}
COMMAND: POST /session/c4faaf2c0768716850a26568dcbf970b/elements - {"using":"xpath","value":"//span[text()='Error']"}
RESULT: {"using":"xpath","value":"//span[text()='Error']"}
COMMAND: POST /session/c4faaf2c0768716850a26568dcbf970b/execute/async - {"script":"<script> [1562 bytes]","args":[{"selector":{"id":"requestCreationDialog--cancelButton","searchOpenDialogs":true,"interaction":{"idSuffix":"BDI-content"}},"wdio_ui5_key":"requestCreationDialogcancelButton"}]}
RESULT: {"script":"<script> [1562 bytes]","args":[{"selector":{"id":"requestCreationDialog--cancelButton","searchOpenDialogs":true,"interaction":{"idSuffix":"BDI-content"}},"wdio_ui5_key":"requestCreationDialogcancelButton"}]}
RESULT: undefined
COMMAND: POST /session/c4faaf2c0768716850a26568dcbf970b/element - {"using":"xpath","value":"//*[@id=\"requestCreationDialog--cancelButton\"]"}
RESULT: {"using":"xpath","value":"//*[@id=\"requestCreationDialog--cancelButton\"]"}
COMMAND: POST /session/c4faaf2c0768716850a26568dcbf970b/element/f.19DB9205A323DDBD447063DE6A5E99B9.d.30DD1E53418682F8488675C588F4CAD0.e.7188/click - {}
RESULT: {}
COMMAND: GET /session/c4faaf2c0768716850a26568dcbf970b/screenshot - {}
RESULT: {}
COMMAND: POST /session/c4faaf2c0768716850a26568dcbf970b/execute/async - {"script":"<script> [1562 bytes]","args":[{"selector":{"controlType":"sap.tnt.NavigationListItem","viewName":"etm.portal.ui.webshop.view.Homepage","i18NText":{"propertyName":"text","key":"requestsManagement"},"interaction":{"idSuffix":"a"}},"wdio_ui5_key":"etmportal.ui.webshop.view.Homepagesap.tnt.NavigationListItem{\"propertyName\":\"text\",\"key\":\"requestsManagement\"}"}]}
RESULT: {"script":"<script> [1562 bytes]","args":[{"selector":{"controlType":"sap.tnt.NavigationListItem","viewName":"etm.portal.ui.webshop.view.Homepage","i18NText":{"propertyName":"text","key":"requestsManagement"},"interaction":{"idSuffix":"a"}},"wdio_ui5_key":"etmportal.ui.webshop.view.Homepagesap.tnt.NavigationListItem{\"propertyName\":\"text\",\"key\":\"requestsManagement\"}"}]}
RESULT: undefined
COMMAND: POST /session/c4faaf2c0768716850a26568dcbf970b/element - {"using":"xpath","value":"//*[@id=\"__item5438\"]"}
RESULT: {"using":"xpath","value":"//*[@id=\"__item5438\"]"}
COMMAND: POST /session/c4faaf2c0768716850a26568dcbf970b/element/f.19DB9205A323DDBD447063DE6A5E99B9.d.30DD1E53418682F8488675C588F4CAD0.e.7190/click - {}
RESULT: {}
COMMAND: GET /session/c4faaf2c0768716850a26568dcbf970b/screenshot - {}
RESULT: {}
COMMAND: POST /session/c4faaf2c0768716850a26568dcbf970b/element - {"using":"xpath","value":"//input[contains(@id ,\"smartFilterBar-btnBasicSearch-I\")]"}
RESULT: {"using":"xpath","value":"//input[contains(@id ,\"smartFilterBar-btnBasicSearch-I\")]"}
COMMAND: POST /session/c4faaf2c0768716850a26568dcbf970b/element/f.19DB9205A323DDBD447063DE6A5E99B9.d.30DD1E53418682F8488675C588F4CAD0.e.7195/clear - {}
RESULT: {}
COMMAND: POST /session/c4faaf2c0768716850a26568dcbf970b/element/f.19DB9205A323DDBD447063DE6A5E99B9.d.30DD1E53418682F8488675C588F4CAD0.e.7195/value - {"text":"20001"}
COMMAND: GET /session/c4faaf2c0768716850a26568dcbf970b/screenshot - {}
RESULT: {"text":"20001"}
COMMAND: GET /session/c4faaf2c0768716850a26568dcbf970b/screenshot - {}
RESULT: {}
RESULT: {}
COMMAND: POST /session/c4faaf2c0768716850a26568dcbf970b/actions - {"actions":[{"id":"action12","type":"key","parameters":{},"actions":[{"type":"keyDown","value":"î€‡"},{"type":"pause","duration":10},{"type":"keyUp","value":"î€‡"}]}]}
RESULT: {"actions":[{"id":"action12","type":"key","parameters":{},"actions":[{"type":"keyDown","value":"î€‡"},{"type":"pause","duration":10},{"type":"keyUp","value":"î€‡"}]}]}
COMMAND: GET /session/c4faaf2c0768716850a26568dcbf970b/screenshot - {}
RESULT: {}
COMMAND: POST /session/c4faaf2c0768716850a26568dcbf970b/execute/async - {"script":"<script> [1562 bytes]","args":[{"selector":{"controlType":"sap.m.Title","viewName":"etm.portal.ui.webshop.view.RequestMaster","properties":{"text":"Records (1)"}},"wdio_ui5_key":"etmportal.ui.webshop.view.RequestMastersap.m.Title{\"text\":\"Records (1)\"}"}]}
RESULT: {"script":"<script> [1562 bytes]","args":[{"selector":{"controlType":"sap.m.Title","viewName":"etm.portal.ui.webshop.view.RequestMaster","properties":{"text":"Records (1)"}},"wdio_ui5_key":"etmportal.ui.webshop.view.RequestMastersap.m.Title{\"text\":\"Records (1)\"}"}]}
RESULT: undefined
COMMAND: POST /session/c4faaf2c0768716850a26568dcbf970b/execute/async - {"script":"<script> [6424 bytes]","args":[{"element-6066-11e4-a52e-4f735466cecf":"f.19DB9205A323DDBD447063DE6A5E99B9.d.30DD1E53418682F8488675C588F4CAD0.e.7300"},"getText",[]]}
RESULT: {"script":"<script> [6424 bytes]","args":[{"element-6066-11e4-a52e-4f735466cecf":"f.19DB9205A323DDBD447063DE6A5E99B9.d.30DD1E53418682F8488675C588F4CAD0.e.7300"},"getText",[]]}
COMMAND: POST /session/c4faaf2c0768716850a26568dcbf970b/element - {"using":"xpath","value":"//div[contains(@id ,\"smartFilterBar-btnBasicSearch-reset\")]"}
RESULT: {"using":"xpath","value":"//div[contains(@id ,\"smartFilterBar-btnBasicSearch-reset\")]"}
COMMAND: POST /session/c4faaf2c0768716850a26568dcbf970b/element/f.19DB9205A323DDBD447063DE6A5E99B9.d.30DD1E53418682F8488675C588F4CAD0.e.7301/click - {}
RESULT: {}
COMMAND: GET /session/c4faaf2c0768716850a26568dcbf970b/screenshot - {}
COMMAND: POST /session/c4faaf2c0768716850a26568dcbf970b/element - {"using":"xpath","value":"//input[contains(@id ,\"smartStatusFilter-inner\")]"}
RESULT: {}
RESULT: {"using":"xpath","value":"//input[contains(@id ,\"smartStatusFilter-inner\")]"}
COMMAND: POST /session/c4faaf2c0768716850a26568dcbf970b/element/f.19DB9205A323DDBD447063DE6A5E99B9.d.30DD1E53418682F8488675C588F4CAD0.e.7200/clear - {}
RESULT: {}
COMMAND: POST /session/c4faaf2c0768716850a26568dcbf970b/element/f.19DB9205A323DDBD447063DE6A5E99B9.d.30DD1E53418682F8488675C588F4CAD0.e.7200/value - {"text":"draft"}
COMMAND: GET /session/c4faaf2c0768716850a26568dcbf970b/screenshot - {}
RESULT: {"text":"draft"}
COMMAND: GET /session/c4faaf2c0768716850a26568dcbf970b/screenshot - {}
RESULT: {}
RESULT: {}
COMMAND: POST /session/c4faaf2c0768716850a26568dcbf970b/actions - {"actions":[{"id":"action13","type":"key","parameters":{},"actions":[{"type":"keyDown","value":"î€‡"},{"type":"pause","duration":10},{"type":"keyUp","value":"î€‡"}]}]}
RESULT: {"actions":[{"id":"action13","type":"key","parameters":{},"actions":[{"type":"keyDown","value":"î€‡"},{"type":"pause","duration":10},{"type":"keyUp","value":"î€‡"}]}]}
COMMAND: GET /session/c4faaf2c0768716850a26568dcbf970b/screenshot - {}
RESULT: {}
COMMAND: POST /session/c4faaf2c0768716850a26568dcbf970b/execute/async - {"script":"<script> [1562 bytes]","args":[{"selector":{"controlType":"sap.m.ObjectStatus","viewName":"etm.portal.ui.webshop.view.RequestMaster","bindingPath":{"propertyPath":"STATUS_DESCRIPTION"}},"wdio_ui5_key":"etmportal.ui.webshop.view.RequestMastersap.m.ObjectStatus{\"propertyPath\":\"STATUS_DESCRIPTION\"}"}]}
RESULT: {"script":"<script> [1562 bytes]","args":[{"selector":{"controlType":"sap.m.ObjectStatus","viewName":"etm.portal.ui.webshop.view.RequestMaster","bindingPath":{"propertyPath":"STATUS_DESCRIPTION"}},"wdio_ui5_key":"etmportal.ui.webshop.view.RequestMastersap.m.ObjectStatus{\"propertyPath\":\"STATUS_DESCRIPTION\"}"}]}
RESULT: undefined
COMMAND: POST /session/c4faaf2c0768716850a26568dcbf970b/execute/async - {"script":"<script> [6424 bytes]","args":[{"element-6066-11e4-a52e-4f735466cecf":"f.19DB9205A323DDBD447063DE6A5E99B9.d.30DD1E53418682F8488675C588F4CAD0.e.7349"},"getText",[]]}
RESULT: {"script":"<script> [6424 bytes]","args":[{"element-6066-11e4-a52e-4f735466cecf":"f.19DB9205A323DDBD447063DE6A5E99B9.d.30DD1E53418682F8488675C588F4CAD0.e.7349"},"getText",[]]}
COMMAND: POST /session/c4faaf2c0768716850a26568dcbf970b/element - {"using":"xpath","value":"//span[contains(@title ,\"Remove\")]"}
RESULT: {"using":"xpath","value":"//span[contains(@title ,\"Remove\")]"}
COMMAND: POST /session/c4faaf2c0768716850a26568dcbf970b/element/f.19DB9205A323DDBD447063DE6A5E99B9.d.30DD1E53418682F8488675C588F4CAD0.e.7350/click - {}
RESULT: {}
COMMAND: GET /session/c4faaf2c0768716850a26568dcbf970b/screenshot - {}
COMMAND: POST /session/c4faaf2c0768716850a26568dcbf970b/element - {"using":"xpath","value":"//input[contains(@id ,\"smartStatusFilter-inner\")]"}
RESULT: {}
RESULT: {"using":"xpath","value":"//input[contains(@id ,\"smartStatusFilter-inner\")]"}
COMMAND: POST /session/c4faaf2c0768716850a26568dcbf970b/element/f.19DB9205A323DDBD447063DE6A5E99B9.d.30DD1E53418682F8488675C588F4CAD0.e.7200/clear - {}
RESULT: {}
COMMAND: POST /session/c4faaf2c0768716850a26568dcbf970b/element/f.19DB9205A323DDBD447063DE6A5E99B9.d.30DD1E53418682F8488675C588F4CAD0.e.7200/value - {"text":"created"}
COMMAND: GET /session/c4faaf2c0768716850a26568dcbf970b/screenshot - {}
RESULT: {"text":"created"}
COMMAND: GET /session/c4faaf2c0768716850a26568dcbf970b/screenshot - {}
RESULT: {}
RESULT: {}
COMMAND: POST /session/c4faaf2c0768716850a26568dcbf970b/actions - {"actions":[{"id":"action14","type":"key","parameters":{},"actions":[{"type":"keyDown","value":"î€‡"},{"type":"pause","duration":10},{"type":"keyUp","value":"î€‡"}]}]}
RESULT: {"actions":[{"id":"action14","type":"key","parameters":{},"actions":[{"type":"keyDown","value":"î€‡"},{"type":"pause","duration":10},{"type":"keyUp","value":"î€‡"}]}]}
COMMAND: GET /session/c4faaf2c0768716850a26568dcbf970b/screenshot - {}
RESULT: {}
RESULT: undefined
COMMAND: POST /session/c4faaf2c0768716850a26568dcbf970b/execute/async - {"script":"<script> [6424 bytes]","args":[{"element-6066-11e4-a52e-4f735466cecf":"f.19DB9205A323DDBD447063DE6A5E99B9.d.30DD1E53418682F8488675C588F4CAD0.e.7349"},"getText",[]]}
COMMAND: POST /session/c4faaf2c0768716850a26568dcbf970b/execute/async - {"script":"<script> [1562 bytes]","args":[{"selector":{"controlType":"sap.m.ObjectStatus","viewName":"etm.portal.ui.webshop.view.RequestMaster","bindingPath":{"propertyPath":"STATUS_DESCRIPTION"}},"wdio_ui5_key":"etmportal.ui.webshop.view.RequestMastersap.m.ObjectStatus{\"propertyPath\":\"STATUS_DESCRIPTION\"}"}]}
RESULT: {"script":"<script> [1562 bytes]","args":[{"selector":{"controlType":"sap.m.ObjectStatus","viewName":"etm.portal.ui.webshop.view.RequestMaster","bindingPath":{"propertyPath":"STATUS_DESCRIPTION"}},"wdio_ui5_key":"etmportal.ui.webshop.view.RequestMastersap.m.ObjectStatus{\"propertyPath\":\"STATUS_DESCRIPTION\"}"}]}
COMMAND: POST /session/c4faaf2c0768716850a26568dcbf970b/execute/async - {"script":"<script> [6424 bytes]","args":[{"element-6066-11e4-a52e-4f735466cecf":"f.19DB9205A323DDBD447063DE6A5E99B9.d.30DD1E53418682F8488675C588F4CAD0.e.7411"},"getText",[]]}
RESULT: {"script":"<script> [6424 bytes]","args":[{"element-6066-11e4-a52e-4f735466cecf":"f.19DB9205A323DDBD447063DE6A5E99B9.d.30DD1E53418682F8488675C588F4CAD0.e.7411"},"getText",[]]}
COMMAND: POST /session/c4faaf2c0768716850a26568dcbf970b/element - {"using":"xpath","value":"//span[contains(@title ,\"Remove\")]"}
RESULT: {"using":"xpath","value":"//span[contains(@title ,\"Remove\")]"}
COMMAND: POST /session/c4faaf2c0768716850a26568dcbf970b/element/f.19DB9205A323DDBD447063DE6A5E99B9.d.30DD1E53418682F8488675C588F4CAD0.e.7412/click - {}
RESULT: {}
COMMAND: GET /session/c4faaf2c0768716850a26568dcbf970b/screenshot - {}
COMMAND: POST /session/c4faaf2c0768716850a26568dcbf970b/execute/async - {"script":"<script> [1562 bytes]","args":[{"selector":{"controlType":"sap.m.Button","viewName":"etm.portal.ui.webshop.view.RequestMaster","properties":{"text":"Filters (1)"},"interaction":{"idSuffix":"BDI-content"}},"wdio_ui5_key":"etmportal.ui.webshop.view.RequestMastersap.m.Button{\"text\":\"Filters (1)\"}"}]}
RESULT: {}
RESULT: {"script":"<script> [1562 bytes]","args":[{"selector":{"controlType":"sap.m.Button","viewName":"etm.portal.ui.webshop.view.RequestMaster","properties":{"text":"Filters (1)"},"interaction":{"idSuffix":"BDI-content"}},"wdio_ui5_key":"etmportal.ui.webshop.view.RequestMastersap.m.Button{\"text\":\"Filters (1)\"}"}]}
RESULT: undefined
COMMAND: POST /session/c4faaf2c0768716850a26568dcbf970b/element - {"using":"xpath","value":"//*[@id=\"__xmlview74--smartFilterBar-btnFilters\"]"}
RESULT: {"using":"xpath","value":"//*[@id=\"__xmlview74--smartFilterBar-btnFilters\"]"}
COMMAND: POST /session/c4faaf2c0768716850a26568dcbf970b/element/f.19DB9205A323DDBD447063DE6A5E99B9.d.30DD1E53418682F8488675C588F4CAD0.e.7216/click - {}
RESULT: {}
COMMAND: GET /session/c4faaf2c0768716850a26568dcbf970b/screenshot - {}
RESULT: {}
COMMAND: POST /session/c4faaf2c0768716850a26568dcbf970b/element - {"using":"xpath","value":"//input[contains(@id ,\"searchField-I\")]"}
RESULT: {"using":"xpath","value":"//input[contains(@id ,\"searchField-I\")]"}
COMMAND: POST /session/c4faaf2c0768716850a26568dcbf970b/element/f.19DB9205A323DDBD447063DE6A5E99B9.d.30DD1E53418682F8488675C588F4CAD0.e.7463/clear - {}
RESULT: {}
COMMAND: POST /session/c4faaf2c0768716850a26568dcbf970b/element/f.19DB9205A323DDBD447063DE6A5E99B9.d.30DD1E53418682F8488675C588F4CAD0.e.7463/value - {"text":"tags"}
COMMAND: GET /session/c4faaf2c0768716850a26568dcbf970b/screenshot - {}
RESULT: {"text":"tags"}
COMMAND: GET /session/c4faaf2c0768716850a26568dcbf970b/screenshot - {}
RESULT: {}
RESULT: {}
COMMAND: POST /session/c4faaf2c0768716850a26568dcbf970b/element - {"using":"xpath","value":"(//div[contains(@id ,\"selectMulti\")][@role=\"checkbox\"])[8]"}
RESULT: {"using":"xpath","value":"(//div[contains(@id ,\"selectMulti\")][@role=\"checkbox\"])[8]"}
COMMAND: POST /session/c4faaf2c0768716850a26568dcbf970b/element/f.19DB9205A323DDBD447063DE6A5E99B9.d.30DD1E53418682F8488675C588F4CAD0.e.7484/click - {}
RESULT: {}
COMMAND: GET /session/c4faaf2c0768716850a26568dcbf970b/screenshot - {}
RESULT: {}
COMMAND: POST /session/c4faaf2c0768716850a26568dcbf970b/execute/async - {"script":"<script> [1562 bytes]","args":[{"selector":{"controlType":"sap.m.Button","viewName":"etm.portal.ui.webshop.view.RequestMaster","properties":{"text":"OK"},"searchOpenDialogs":true,"interaction":{"idSuffix":"BDI-content"}},"wdio_ui5_key":"etmportal.ui.webshop.view.RequestMastersap.m.Button{\"text\":\"OK\"}"}]}
RESULT: {"script":"<script> [1562 bytes]","args":[{"selector":{"controlType":"sap.m.Button","viewName":"etm.portal.ui.webshop.view.RequestMaster","properties":{"text":"OK"},"searchOpenDialogs":true,"interaction":{"idSuffix":"BDI-content"}},"wdio_ui5_key":"etmportal.ui.webshop.view.RequestMastersap.m.Button{\"text\":\"OK\"}"}]}
RESULT: undefined
COMMAND: POST /session/c4faaf2c0768716850a26568dcbf970b/element - {"using":"xpath","value":"//*[@id=\"__xmlview74--smartFilterBar-adapt-filters-dialog-confirmBtn\"]"}
RESULT: {"using":"xpath","value":"//*[@id=\"__xmlview74--smartFilterBar-adapt-filters-dialog-confirmBtn\"]"}
COMMAND: POST /session/c4faaf2c0768716850a26568dcbf970b/element/f.19DB9205A323DDBD447063DE6A5E99B9.d.30DD1E53418682F8488675C588F4CAD0.e.7488/click - {}
RESULT: {}
COMMAND: GET /session/c4faaf2c0768716850a26568dcbf970b/screenshot - {}
RESULT: {}
COMMAND: POST /session/c4faaf2c0768716850a26568dcbf970b/element - {"using":"xpath","value":"//input[contains(@id ,\"smartFilterBar-filterItemControlA_-ALL_TAGS-inner\")]"}
RESULT: {"using":"xpath","value":"//input[contains(@id ,\"smartFilterBar-filterItemControlA_-ALL_TAGS-inner\")]"}
COMMAND: POST /session/c4faaf2c0768716850a26568dcbf970b/element/f.19DB9205A323DDBD447063DE6A5E99B9.d.30DD1E53418682F8488675C588F4CAD0.e.7496/clear - {}
RESULT: {}
COMMAND: POST /session/c4faaf2c0768716850a26568dcbf970b/element/f.19DB9205A323DDBD447063DE6A5E99B9.d.30DD1E53418682F8488675C588F4CAD0.e.7496/value - {"text":"tag1"}
COMMAND: GET /session/c4faaf2c0768716850a26568dcbf970b/screenshot - {}
RESULT: {"text":"tag1"}
COMMAND: GET /session/c4faaf2c0768716850a26568dcbf970b/screenshot - {}
RESULT: {}
RESULT: {}
COMMAND: POST /session/c4faaf2c0768716850a26568dcbf970b/actions - {"actions":[{"id":"action15","type":"key","parameters":{},"actions":[{"type":"keyDown","value":"î€‡"},{"type":"pause","duration":10},{"type":"keyUp","value":"î€‡"}]}]}
RESULT: {"actions":[{"id":"action15","type":"key","parameters":{},"actions":[{"type":"keyDown","value":"î€‡"},{"type":"pause","duration":10},{"type":"keyUp","value":"î€‡"}]}]}
COMMAND: GET /session/c4faaf2c0768716850a26568dcbf970b/screenshot - {}
RESULT: {}
RESULT: undefined
COMMAND: POST /session/c4faaf2c0768716850a26568dcbf970b/execute/async - {"script":"<script> [6424 bytes]","args":[{"element-6066-11e4-a52e-4f735466cecf":"f.19DB9205A323DDBD447063DE6A5E99B9.d.30DD1E53418682F8488675C588F4CAD0.e.7300"},"getText",[]]}
RESULT: {"script":"<script> [6424 bytes]","args":[{"element-6066-11e4-a52e-4f735466cecf":"f.19DB9205A323DDBD447063DE6A5E99B9.d.30DD1E53418682F8488675C588F4CAD0.e.7300"},"getText",[]]}
COMMAND: POST /session/c4faaf2c0768716850a26568dcbf970b/execute/async - {"script":"<script> [1562 bytes]","args":[{"selector":{"controlType":"sap.ui.core.Icon","viewName":"etm.portal.ui.webshop.view.RequestMaster","properties":{"src":{"regex":{"source":"action\\-settings"}}}},"wdio_ui5_key":"etmportal.ui.webshop.view.RequestMastersap.ui.core.Icon{\"src\":{\"regex\":{\"source\":\"action\\\\-settings\"}}}"}]}
RESULT: {"script":"<script> [1562 bytes]","args":[{"selector":{"controlType":"sap.ui.core.Icon","viewName":"etm.portal.ui.webshop.view.RequestMaster","properties":{"src":{"regex":{"source":"action\\-settings"}}}},"wdio_ui5_key":"etmportal.ui.webshop.view.RequestMastersap.ui.core.Icon{\"src\":{\"regex\":{\"source\":\"action\\\\-settings\"}}}"}]}
RESULT: undefined
COMMAND: POST /session/c4faaf2c0768716850a26568dcbf970b/element - {"using":"xpath","value":"//*[@id=\"__xmlview74--smartTable-btnPersonalisation-img\"]"}
RESULT: {"using":"xpath","value":"//*[@id=\"__xmlview74--smartTable-btnPersonalisation-img\"]"}
COMMAND: POST /session/c4faaf2c0768716850a26568dcbf970b/element/f.19DB9205A323DDBD447063DE6A5E99B9.d.30DD1E53418682F8488675C588F4CAD0.e.7261/click - {}
RESULT: {}
COMMAND: GET /session/c4faaf2c0768716850a26568dcbf970b/screenshot - {}
RESULT: {}
COMMAND: POST /session/c4faaf2c0768716850a26568dcbf970b/element - {"using":"xpath","value":"//input[contains(@id ,\"searchField-I\")]"}
RESULT: {"using":"xpath","value":"//input[contains(@id ,\"searchField-I\")]"}
COMMAND: POST /session/c4faaf2c0768716850a26568dcbf970b/element/f.19DB9205A323DDBD447063DE6A5E99B9.d.30DD1E53418682F8488675C588F4CAD0.e.7526/clear - {}
RESULT: {}
COMMAND: POST /session/c4faaf2c0768716850a26568dcbf970b/element/f.19DB9205A323DDBD447063DE6A5E99B9.d.30DD1E53418682F8488675C588F4CAD0.e.7526/value - {"text":"tags"}
COMMAND: GET /session/c4faaf2c0768716850a26568dcbf970b/screenshot - {}
RESULT: {"text":"tags"}
COMMAND: GET /session/c4faaf2c0768716850a26568dcbf970b/screenshot - {}
RESULT: {}
RESULT: {}
COMMAND: POST /session/c4faaf2c0768716850a26568dcbf970b/element - {"using":"xpath","value":"(//div[contains(@id ,\"selectMulti\")][@role=\"checkbox\"])[8]"}
RESULT: {"using":"xpath","value":"(//div[contains(@id ,\"selectMulti\")][@role=\"checkbox\"])[8]"}
COMMAND: POST /session/c4faaf2c0768716850a26568dcbf970b/element/f.19DB9205A323DDBD447063DE6A5E99B9.d.30DD1E53418682F8488675C588F4CAD0.e.7592/click - {}
RESULT: {}
COMMAND: GET /session/c4faaf2c0768716850a26568dcbf970b/screenshot - {}
RESULT: {}
COMMAND: POST /session/c4faaf2c0768716850a26568dcbf970b/element - {"using":"xpath","value":"//div[contains(@id ,\"searchField-reset\")]"}
RESULT: {"using":"xpath","value":"//div[contains(@id ,\"searchField-reset\")]"}
COMMAND: POST /session/c4faaf2c0768716850a26568dcbf970b/element - {"using":"xpath","value":"//input[contains(@id ,\"searchField-I\")]"}
RESULT: {"using":"xpath","value":"//input[contains(@id ,\"searchField-I\")]"}
COMMAND: POST /session/c4faaf2c0768716850a26568dcbf970b/element/f.19DB9205A323DDBD447063DE6A5E99B9.d.30DD1E53418682F8488675C588F4CAD0.e.7526/clear - {}
RESULT: {}
COMMAND: POST /session/c4faaf2c0768716850a26568dcbf970b/element/f.19DB9205A323DDBD447063DE6A5E99B9.d.30DD1E53418682F8488675C588F4CAD0.e.7526/value - {"text":"status"}
COMMAND: GET /session/c4faaf2c0768716850a26568dcbf970b/screenshot - {}
RESULT: {"text":"status"}
COMMAND: GET /session/c4faaf2c0768716850a26568dcbf970b/screenshot - {}
RESULT: {}
RESULT: {}
COMMAND: POST /session/c4faaf2c0768716850a26568dcbf970b/element - {"using":"xpath","value":"(//div[contains(@id ,\"selectMulti\")][@role=\"checkbox\"])[8]"}
RESULT: {"using":"xpath","value":"(//div[contains(@id ,\"selectMulti\")][@role=\"checkbox\"])[8]"}
COMMAND: POST /session/c4faaf2c0768716850a26568dcbf970b/element/f.19DB9205A323DDBD447063DE6A5E99B9.d.30DD1E53418682F8488675C588F4CAD0.e.7592/click - {}
RESULT: {}
COMMAND: GET /session/c4faaf2c0768716850a26568dcbf970b/screenshot - {}
RESULT: {}
COMMAND: POST /session/c4faaf2c0768716850a26568dcbf970b/element - {"using":"xpath","value":"//bdi[contains(@id ,\"confirmBtn-BDI-content\")]"}
RESULT: {"using":"xpath","value":"//bdi[contains(@id ,\"confirmBtn-BDI-content\")]"}
COMMAND: POST /session/c4faaf2c0768716850a26568dcbf970b/element/f.19DB9205A323DDBD447063DE6A5E99B9.d.30DD1E53418682F8488675C588F4CAD0.e.7613/click - {}
RESULT: {}
COMMAND: GET /session/c4faaf2c0768716850a26568dcbf970b/screenshot - {}
RESULT: {}
COMMAND: POST /session/c4faaf2c0768716850a26568dcbf970b/element - {"using":"xpath","value":"(//span[contains(text(), \"Status\")])[2]"}
RESULT: {"using":"xpath","value":"(//span[contains(text(), \"Status\")])[2]"}
COMMAND: POST /session/c4faaf2c0768716850a26568dcbf970b/element - {"using":"xpath","value":"(//span[contains(text(), \"Status\")])[2]"}
RESULT: {"using":"xpath","value":"(//span[contains(text(), \"Status\")])[2]"}
COMMAND: POST /session/c4faaf2c0768716850a26568dcbf970b/element - {"using":"xpath","value":"(//bdi[contains(text(), \"Tags\")])[2]"}
RESULT: {"using":"xpath","value":"(//bdi[contains(text(), \"Tags\")])[2]"}
COMMAND: POST /session/c4faaf2c0768716850a26568dcbf970b/execute/sync - {"script":"<script> [8489 bytes]","args":[{"element-6066-11e4-a52e-4f735466cecf":"f.19DB9205A323DDBD447063DE6A5E99B9.d.30DD1E53418682F8488675C588F4CAD0.e.7620","ELEMENT":"f.19DB9205A323DDBD447063DE6A5E99B9.d.30DD1E53418682F8488675C588F4CAD0.e.7620"}]}
RESULT: {"script":"<script> [8489 bytes]","args":[{"element-6066-11e4-a52e-4f735466cecf":"f.19DB9205A323DDBD447063DE6A5E99B9.d.30DD1E53418682F8488675C588F4CAD0.e.7620","ELEMENT":"f.19DB9205A323DDBD447063DE6A5E99B9.d.30DD1E53418682F8488675C588F4CAD0.e.7620"}]}
COMMAND: POST /session/c4faaf2c0768716850a26568dcbf970b/element - {"using":"xpath","value":"//span[contains(@title ,\"Remove\")]"}
COMMAND: GET /session/c4faaf2c0768716850a26568dcbf970b/screenshot - {}
RESULT: {"using":"xpath","value":"//span[contains(@title ,\"Remove\")]"}
COMMAND: POST /session/c4faaf2c0768716850a26568dcbf970b/element/f.19DB9205A323DDBD447063DE6A5E99B9.d.30DD1E53418682F8488675C588F4CAD0.e.7621/click - {}
RESULT: {}
RESULT: {}
COMMAND: GET /session/c4faaf2c0768716850a26568dcbf970b/screenshot - {}
COMMAND: POST /session/c4faaf2c0768716850a26568dcbf970b/element - {"using":"xpath","value":"//button[contains(@id ,\"btnDeleteRequest\")]"}
RESULT: {}
RESULT: {"using":"xpath","value":"//button[contains(@id ,\"btnDeleteRequest\")]"}
COMMAND: POST /session/c4faaf2c0768716850a26568dcbf970b/element - {"using":"xpath","value":"//button[contains(@id ,\"btnDeleteRequest\")]"}
RESULT: {"using":"xpath","value":"//button[contains(@id ,\"btnDeleteRequest\")]"}
COMMAND: POST /session/c4faaf2c0768716850a26568dcbf970b/element - {"using":"xpath","value":"(//span[contains(text(), \"Draft\")])[1]"}
RESULT: {"using":"xpath","value":"(//span[contains(text(), \"Draft\")])[1]"}
COMMAND: POST /session/c4faaf2c0768716850a26568dcbf970b/element/f.19DB9205A323DDBD447063DE6A5E99B9.d.30DD1E53418682F8488675C588F4CAD0.e.7647/click - {}
RESULT: {}
COMMAND: GET /session/c4faaf2c0768716850a26568dcbf970b/screenshot - {}
RESULT: {}
COMMAND: POST /session/c4faaf2c0768716850a26568dcbf970b/element - {"using":"xpath","value":"//button[contains(@id ,\"btnDeleteRequest\")]"}
RESULT: {"using":"xpath","value":"//button[contains(@id ,\"btnDeleteRequest\")]"}
COMMAND: POST /session/c4faaf2c0768716850a26568dcbf970b/execute/sync - {"script":"<script> [8489 bytes]","args":[{"element-6066-11e4-a52e-4f735466cecf":"f.19DB9205A323DDBD447063DE6A5E99B9.d.30DD1E53418682F8488675C588F4CAD0.e.7677","ELEMENT":"f.19DB9205A323DDBD447063DE6A5E99B9.d.30DD1E53418682F8488675C588F4CAD0.e.7677"}]}
RESULT: {"script":"<script> [8489 bytes]","args":[{"element-6066-11e4-a52e-4f735466cecf":"f.19DB9205A323DDBD447063DE6A5E99B9.d.30DD1E53418682F8488675C588F4CAD0.e.7677","ELEMENT":"f.19DB9205A323DDBD447063DE6A5E99B9.d.30DD1E53418682F8488675C588F4CAD0.e.7677"}]}
COMMAND: POST /session/c4faaf2c0768716850a26568dcbf970b/element - {"using":"xpath","value":"(//span[contains(text(), \"Proposal\")])[1]"}
COMMAND: GET /session/c4faaf2c0768716850a26568dcbf970b/screenshot - {}
RESULT: {"using":"xpath","value":"(//span[contains(text(), \"Proposal\")])[1]"}
COMMAND: POST /session/c4faaf2c0768716850a26568dcbf970b/element/f.19DB9205A323DDBD447063DE6A5E99B9.d.30DD1E53418682F8488675C588F4CAD0.e.7746/click - {}
RESULT: {}
RESULT: {}
COMMAND: GET /session/c4faaf2c0768716850a26568dcbf970b/screenshot - {}
RESULT: {}
COMMAND: POST /session/c4faaf2c0768716850a26568dcbf970b/execute/sync - {"script":"<script> [8489 bytes]","args":[{"element-6066-11e4-a52e-4f735466cecf":"f.19DB9205A323DDBD447063DE6A5E99B9.d.30DD1E53418682F8488675C588F4CAD0.e.7677","ELEMENT":"f.19DB9205A323DDBD447063DE6A5E99B9.d.30DD1E53418682F8488675C588F4CAD0.e.7677"}]}
RESULT: {"script":"<script> [8489 bytes]","args":[{"element-6066-11e4-a52e-4f735466cecf":"f.19DB9205A323DDBD447063DE6A5E99B9.d.30DD1E53418682F8488675C588F4CAD0.e.7677","ELEMENT":"f.19DB9205A323DDBD447063DE6A5E99B9.d.30DD1E53418682F8488675C588F4CAD0.e.7677"}]}
COMMAND: POST /session/c4faaf2c0768716850a26568dcbf970b/element - {"using":"xpath","value":"//li[contains(@data-kt ,\"exitWebshopNavigationListItem\")]"}
COMMAND: GET /session/c4faaf2c0768716850a26568dcbf970b/screenshot - {}
RESULT: {"using":"xpath","value":"//li[contains(@data-kt ,\"exitWebshopNavigationListItem\")]"}
COMMAND: POST /session/c4faaf2c0768716850a26568dcbf970b/element/f.19DB9205A323DDBD447063DE6A5E99B9.d.30DD1E53418682F8488675C588F4CAD0.e.7821/click - {}
RESULT: {}
RESULT: {}
COMMAND: GET /session/c4faaf2c0768716850a26568dcbf970b/screenshot - {}
RESULT: {}
]]></system-out>
    </testcase>
  </testsuite>
  <testsuite timestamp="2025-06-04T16:32:48" time="303.283" tests="1" failures="0" errors="0" skipped="0">
    <properties>
      <property name="specId" value="0" />
      <property name="suiteName" value="Webshop edit draft change dates pickup and delete items  US151281" />
      <property name="capabilities" value="chrome.137_0_7151_56.windows" />
      <property name="file" value="file:///D:/a/1/s/test/specs/R2C/webshop-edit-draft-dates-pickup-delete-items.spec.js" />
    </properties>
    <testcase classname="chrome.137_0_7151_56.windows.Webshop_edit_draft_change_dates_pickup_and_delete_items__US151281" name="Should create a new draft and add the catalog items" time="303.277">
      <system-out><![CDATA[
RESULT: undefined
COMMAND: POST /session/c4faaf2c0768716850a26568dcbf970b/element - {"using":"xpath","value":"//*[@id=\"__tile49\"]"}
RESULT: {"using":"xpath","value":"//*[@id=\"__tile49\"]"}
COMMAND: POST /session/c4faaf2c0768716850a26568dcbf970b/element/f.19DB9205A323DDBD447063DE6A5E99B9.d.30DD1E53418682F8488675C588F4CAD0.e.2984/click - {}
RESULT: {}
COMMAND: GET /session/c4faaf2c0768716850a26568dcbf970b/screenshot - {}
RESULT: {}
COMMAND: POST /session/c4faaf2c0768716850a26568dcbf970b/elements - {"using":"xpath","value":"//span[text()='Error']"}
RESULT: {"using":"xpath","value":"//span[text()='Error']"}
COMMAND: POST /session/c4faaf2c0768716850a26568dcbf970b/element - {"using":"css selector","value":"#requestCreationDialog--createRequestPopUp-title-inner"}
RESULT: {"using":"css selector","value":"#requestCreationDialog--createRequestPopUp-title-inner"}
COMMAND: POST /session/c4faaf2c0768716850a26568dcbf970b/execute/sync - {"script":"<script> [8489 bytes]","args":[{"element-6066-11e4-a52e-4f735466cecf":"f.19DB9205A323DDBD447063DE6A5E99B9.d.30DD1E53418682F8488675C588F4CAD0.e.7870","ELEMENT":"f.19DB9205A323DDBD447063DE6A5E99B9.d.30DD1E53418682F8488675C588F4CAD0.e.7870"}]}
RESULT: {"script":"<script> [8489 bytes]","args":[{"element-6066-11e4-a52e-4f735466cecf":"f.19DB9205A323DDBD447063DE6A5E99B9.d.30DD1E53418682F8488675C588F4CAD0.e.7870","ELEMENT":"f.19DB9205A323DDBD447063DE6A5E99B9.d.30DD1E53418682F8488675C588F4CAD0.e.7870"}]}
COMMAND: GET /session/c4faaf2c0768716850a26568dcbf970b/element/f.19DB9205A323DDBD447063DE6A5E99B9.d.30DD1E53418682F8488675C588F4CAD0.e.7870/enabled - {}
COMMAND: GET /session/c4faaf2c0768716850a26568dcbf970b/screenshot - {}
RESULT: {}
RESULT: undefined
COMMAND: POST /session/c4faaf2c0768716850a26568dcbf970b/execute/async - {"script":"<script> [776 bytes]","args":[{"enterText":"WebdriverTest","selector":{"id":"requestCreationDialog--requestName","searchOpenDialogs":true,"interaction":{"idSuffix":"inner"}},"clearTextFirst":true,"interactionType":"ENTER_TEXT"}]}
COMMAND: GET /session/c4faaf2c0768716850a26568dcbf970b/screenshot - {}
RESULT: {}
RESULT: {"script":"<script> [776 bytes]","args":[{"enterText":"WebdriverTest","selector":{"id":"requestCreationDialog--requestName","searchOpenDialogs":true,"interaction":{"idSuffix":"inner"}},"clearTextFirst":true,"interactionType":"ENTER_TEXT"}]}
COMMAND: POST /session/c4faaf2c0768716850a26568dcbf970b/element - {"using":"xpath","value":"//input[contains(@id ,\"requestCreationDialog--contract-inner\")]"}
RESULT: {}
RESULT: {"using":"xpath","value":"//input[contains(@id ,\"requestCreationDialog--contract-inner\")]"}
COMMAND: POST /session/c4faaf2c0768716850a26568dcbf970b/element/f.19DB9205A323DDBD447063DE6A5E99B9.d.30DD1E53418682F8488675C588F4CAD0.e.7856/clear - {}
RESULT: {}
COMMAND: POST /session/c4faaf2c0768716850a26568dcbf970b/element/f.19DB9205A323DDBD447063DE6A5E99B9.d.30DD1E53418682F8488675C588F4CAD0.e.7856/value - {"text":"10453"}
COMMAND: GET /session/c4faaf2c0768716850a26568dcbf970b/screenshot - {}
RESULT: {"text":"10453"}
COMMAND: GET /session/c4faaf2c0768716850a26568dcbf970b/screenshot - {}
RESULT: {}
RESULT: {}
COMMAND: POST /session/c4faaf2c0768716850a26568dcbf970b/actions - {"actions":[{"id":"action16","type":"key","parameters":{},"actions":[{"type":"keyDown","value":"î€‡"},{"type":"pause","duration":10},{"type":"keyUp","value":"î€‡"}]}]}
RESULT: {"actions":[{"id":"action16","type":"key","parameters":{},"actions":[{"type":"keyDown","value":"î€‡"},{"type":"pause","duration":10},{"type":"keyUp","value":"î€‡"}]}]}
COMMAND: GET /session/c4faaf2c0768716850a26568dcbf970b/screenshot - {}
RESULT: {}
COMMAND: POST /session/c4faaf2c0768716850a26568dcbf970b/element - {"using":"xpath","value":"//input[contains(@id ,\"requestCreationDialog--contract-inner\")]"}
RESULT: {"using":"xpath","value":"//input[contains(@id ,\"requestCreationDialog--contract-inner\")]"}
COMMAND: GET /session/c4faaf2c0768716850a26568dcbf970b/element/f.19DB9205A323DDBD447063DE6A5E99B9.d.30DD1E53418682F8488675C588F4CAD0.e.7856/property/value - {}
RESULT: {}
COMMAND: POST /session/c4faaf2c0768716850a26568dcbf970b/element - {"using":"xpath","value":"//input[contains(@id ,\"requestCreationDialog--contract-inner\")]"}
RESULT: {"using":"xpath","value":"//input[contains(@id ,\"requestCreationDialog--contract-inner\")]"}
RESULT: undefined
COMMAND: POST /session/c4faaf2c0768716850a26568dcbf970b/element - {"using":"xpath","value":"//*[@id=\"requestCreationDialog--okButton\"]"}
RESULT: {"using":"xpath","value":"//*[@id=\"requestCreationDialog--okButton\"]"}
COMMAND: POST /session/c4faaf2c0768716850a26568dcbf970b/element/f.19DB9205A323DDBD447063DE6A5E99B9.d.30DD1E53418682F8488675C588F4CAD0.e.7877/click - {}
RESULT: {}
COMMAND: GET /session/c4faaf2c0768716850a26568dcbf970b/screenshot - {}
COMMAND: GET /session/c4faaf2c0768716850a26568dcbf970b/screenshot - {}
RESULT: {}
RESULT: {}
COMMAND: POST /session/c4faaf2c0768716850a26568dcbf970b/element - {"using":"xpath","value":"//input[contains(@id ,\"searchFiledId-I\")]"}
RESULT: {"using":"xpath","value":"//input[contains(@id ,\"searchFiledId-I\")]"}
COMMAND: POST /session/c4faaf2c0768716850a26568dcbf970b/element/f.19DB9205A323DDBD447063DE6A5E99B9.d.30DD1E53418682F8488675C588F4CAD0.e.7825/value - {"text":"Dri-Prime CD150M Diesel Pump"}
RESULT: {"text":"Dri-Prime CD150M Diesel Pump"}
COMMAND: POST /session/c4faaf2c0768716850a26568dcbf970b/actions - {"actions":[{"id":"action17","type":"key","parameters":{},"actions":[{"type":"keyDown","value":"î€‡"},{"type":"pause","duration":10},{"type":"keyUp","value":"î€‡"}]}]}
COMMAND: GET /session/c4faaf2c0768716850a26568dcbf970b/screenshot - {}
RESULT: {"actions":[{"id":"action17","type":"key","parameters":{},"actions":[{"type":"keyDown","value":"î€‡"},{"type":"pause","duration":10},{"type":"keyUp","value":"î€‡"}]}]}
COMMAND: GET /session/c4faaf2c0768716850a26568dcbf970b/screenshot - {}
RESULT: {}
RESULT: {}
COMMAND: POST /session/c4faaf2c0768716850a26568dcbf970b/element - {"using":"xpath","value":"//span[contains(@id ,\"subTitle\")][contains(text(), \"Dri-Prime CD150M Diesel Pump\")]"}
RESULT: {"using":"xpath","value":"//span[contains(@id ,\"subTitle\")][contains(text(), \"Dri-Prime CD150M Diesel Pump\")]"}
COMMAND: POST /session/c4faaf2c0768716850a26568dcbf970b/element/f.19DB9205A323DDBD447063DE6A5E99B9.d.30DD1E53418682F8488675C588F4CAD0.e.7883/click - {}
RESULT: {}
COMMAND: GET /session/c4faaf2c0768716850a26568dcbf970b/screenshot - {}
RESULT: {}
COMMAND: POST /session/c4faaf2c0768716850a26568dcbf970b/element - {"using":"xpath","value":"//bdi[contains(text(), \"Add to Request\")]"}
RESULT: {"using":"xpath","value":"//bdi[contains(text(), \"Add to Request\")]"}
COMMAND: POST /session/c4faaf2c0768716850a26568dcbf970b/element/f.19DB9205A323DDBD447063DE6A5E99B9.d.30DD1E53418682F8488675C588F4CAD0.e.7895/click - {}
RESULT: {}
COMMAND: GET /session/c4faaf2c0768716850a26568dcbf970b/screenshot - {}
RESULT: {}
COMMAND: POST /session/c4faaf2c0768716850a26568dcbf970b/element/f.19DB9205A323DDBD447063DE6A5E99B9.d.30DD1E53418682F8488675C588F4CAD0.e.7895/click - {}
RESULT: {}
COMMAND: GET /session/c4faaf2c0768716850a26568dcbf970b/screenshot - {}
RESULT: {}
COMMAND: POST /session/c4faaf2c0768716850a26568dcbf970b/element - {"using":"xpath","value":"//*[contains(@id ,\"activeCartId-BDI-content\")]"}
RESULT: {"using":"xpath","value":"//*[contains(@id ,\"activeCartId-BDI-content\")]"}
COMMAND: POST /session/c4faaf2c0768716850a26568dcbf970b/element/f.19DB9205A323DDBD447063DE6A5E99B9.d.30DD1E53418682F8488675C588F4CAD0.e.7905/click - {}
RESULT: {}
COMMAND: GET /session/c4faaf2c0768716850a26568dcbf970b/screenshot - {}
RESULT: {}
COMMAND: POST /session/c4faaf2c0768716850a26568dcbf970b/element - {"using":"xpath","value":"//bdi[contains(text(), \"Check out my request\")]"}
RESULT: {"using":"xpath","value":"//bdi[contains(text(), \"Check out my request\")]"}
COMMAND: POST /session/c4faaf2c0768716850a26568dcbf970b/element/f.19DB9205A323DDBD447063DE6A5E99B9.d.30DD1E53418682F8488675C588F4CAD0.e.7907/click - {}
RESULT: {}
COMMAND: GET /session/c4faaf2c0768716850a26568dcbf970b/screenshot - {}
RESULT: {}
COMMAND: POST /session/c4faaf2c0768716850a26568dcbf970b/element - {"using":"xpath","value":"(//div[contains(@data-kt ,\"characteristicsObjectStatus\")])[1]"}
RESULT: {"using":"xpath","value":"(//div[contains(@data-kt ,\"characteristicsObjectStatus\")])[1]"}
COMMAND: POST /session/c4faaf2c0768716850a26568dcbf970b/element/f.19DB9205A323DDBD447063DE6A5E99B9.d.30DD1E53418682F8488675C588F4CAD0.e.7960/click - {}
RESULT: {}
COMMAND: GET /session/c4faaf2c0768716850a26568dcbf970b/screenshot - {}
RESULT: {}
COMMAND: POST /session/c4faaf2c0768716850a26568dcbf970b/element - {"using":"xpath","value":"//input[contains(@id ,\"costObjectAdminTypeComboBox-inner\")]"}
RESULT: {"using":"xpath","value":"//input[contains(@id ,\"costObjectAdminTypeComboBox-inner\")]"}
COMMAND: POST /session/c4faaf2c0768716850a26568dcbf970b/element/f.19DB9205A323DDBD447063DE6A5E99B9.d.30DD1E53418682F8488675C588F4CAD0.e.7962/clear - {}
RESULT: {}
COMMAND: POST /session/c4faaf2c0768716850a26568dcbf970b/element/f.19DB9205A323DDBD447063DE6A5E99B9.d.30DD1E53418682F8488675C588F4CAD0.e.7962/value - {"text":"Cost Center"}
COMMAND: GET /session/c4faaf2c0768716850a26568dcbf970b/screenshot - {}
RESULT: {"text":"Cost Center"}
COMMAND: GET /session/c4faaf2c0768716850a26568dcbf970b/screenshot - {}
RESULT: {}
RESULT: {}
COMMAND: POST /session/c4faaf2c0768716850a26568dcbf970b/actions - {"actions":[{"id":"action18","type":"key","parameters":{},"actions":[{"type":"keyDown","value":"î€‡"},{"type":"pause","duration":10},{"type":"keyUp","value":"î€‡"}]}]}
RESULT: {"actions":[{"id":"action18","type":"key","parameters":{},"actions":[{"type":"keyDown","value":"î€‡"},{"type":"pause","duration":10},{"type":"keyUp","value":"î€‡"}]}]}
COMMAND: GET /session/c4faaf2c0768716850a26568dcbf970b/screenshot - {}
RESULT: {}
COMMAND: POST /session/c4faaf2c0768716850a26568dcbf970b/element - {"using":"xpath","value":"//input[contains(@id ,\"costObjectIdComboBox-inner\")]"}
RESULT: {"using":"xpath","value":"//input[contains(@id ,\"costObjectIdComboBox-inner\")]"}
COMMAND: POST /session/c4faaf2c0768716850a26568dcbf970b/element/f.19DB9205A323DDBD447063DE6A5E99B9.d.30DD1E53418682F8488675C588F4CAD0.e.7972/clear - {}
RESULT: {}
COMMAND: POST /session/c4faaf2c0768716850a26568dcbf970b/element/f.19DB9205A323DDBD447063DE6A5E99B9.d.30DD1E53418682F8488675C588F4CAD0.e.7972/value - {"text":"Vigra"}
COMMAND: GET /session/c4faaf2c0768716850a26568dcbf970b/screenshot - {}
RESULT: {"text":"Vigra"}
COMMAND: GET /session/c4faaf2c0768716850a26568dcbf970b/screenshot - {}
RESULT: {}
RESULT: {}
COMMAND: POST /session/c4faaf2c0768716850a26568dcbf970b/actions - {"actions":[{"id":"action19","type":"key","parameters":{},"actions":[{"type":"keyDown","value":"î€‡"},{"type":"pause","duration":10},{"type":"keyUp","value":"î€‡"}]}]}
RESULT: {"actions":[{"id":"action19","type":"key","parameters":{},"actions":[{"type":"keyDown","value":"î€‡"},{"type":"pause","duration":10},{"type":"keyUp","value":"î€‡"}]}]}
COMMAND: GET /session/c4faaf2c0768716850a26568dcbf970b/screenshot - {}
RESULT: {}
COMMAND: POST /session/c4faaf2c0768716850a26568dcbf970b/element - {"using":"xpath","value":"//bdi[contains(text(), \"Save\")]"}
RESULT: {"using":"xpath","value":"//bdi[contains(text(), \"Save\")]"}
COMMAND: POST /session/c4faaf2c0768716850a26568dcbf970b/element/f.19DB9205A323DDBD447063DE6A5E99B9.d.30DD1E53418682F8488675C588F4CAD0.e.7977/click - {}
RESULT: {}
COMMAND: GET /session/c4faaf2c0768716850a26568dcbf970b/screenshot - {}
RESULT: {}
COMMAND: POST /session/c4faaf2c0768716850a26568dcbf970b/element - {"using":"xpath","value":"(//div[contains(@data-kt ,\"characteristicsObjectStatus\")])[2]"}
RESULT: {"using":"xpath","value":"(//div[contains(@data-kt ,\"characteristicsObjectStatus\")])[2]"}
COMMAND: POST /session/c4faaf2c0768716850a26568dcbf970b/element/f.19DB9205A323DDBD447063DE6A5E99B9.d.30DD1E53418682F8488675C588F4CAD0.e.7981/click - {}
RESULT: {}
COMMAND: GET /session/c4faaf2c0768716850a26568dcbf970b/screenshot - {}
RESULT: {}
COMMAND: POST /session/c4faaf2c0768716850a26568dcbf970b/element - {"using":"xpath","value":"//input[contains(@id ,\"costObjectAdminTypeComboBox-inner\")]"}
RESULT: {"using":"xpath","value":"//input[contains(@id ,\"costObjectAdminTypeComboBox-inner\")]"}
COMMAND: POST /session/c4faaf2c0768716850a26568dcbf970b/element/f.19DB9205A323DDBD447063DE6A5E99B9.d.30DD1E53418682F8488675C588F4CAD0.e.7998/clear - {}
RESULT: {}
COMMAND: POST /session/c4faaf2c0768716850a26568dcbf970b/element/f.19DB9205A323DDBD447063DE6A5E99B9.d.30DD1E53418682F8488675C588F4CAD0.e.7998/value - {"text":"Cost Center"}
COMMAND: GET /session/c4faaf2c0768716850a26568dcbf970b/screenshot - {}
RESULT: {"text":"Cost Center"}
COMMAND: GET /session/c4faaf2c0768716850a26568dcbf970b/screenshot - {}
RESULT: {}
RESULT: {}
COMMAND: POST /session/c4faaf2c0768716850a26568dcbf970b/actions - {"actions":[{"id":"action20","type":"key","parameters":{},"actions":[{"type":"keyDown","value":"î€‡"},{"type":"pause","duration":10},{"type":"keyUp","value":"î€‡"}]}]}
RESULT: {"actions":[{"id":"action20","type":"key","parameters":{},"actions":[{"type":"keyDown","value":"î€‡"},{"type":"pause","duration":10},{"type":"keyUp","value":"î€‡"}]}]}
COMMAND: GET /session/c4faaf2c0768716850a26568dcbf970b/screenshot - {}
RESULT: {}
COMMAND: POST /session/c4faaf2c0768716850a26568dcbf970b/element - {"using":"xpath","value":"//input[contains(@id ,\"costObjectIdComboBox-inner\")]"}
RESULT: {"using":"xpath","value":"//input[contains(@id ,\"costObjectIdComboBox-inner\")]"}
COMMAND: POST /session/c4faaf2c0768716850a26568dcbf970b/element/f.19DB9205A323DDBD447063DE6A5E99B9.d.30DD1E53418682F8488675C588F4CAD0.e.8008/clear - {}
RESULT: {}
COMMAND: POST /session/c4faaf2c0768716850a26568dcbf970b/element/f.19DB9205A323DDBD447063DE6A5E99B9.d.30DD1E53418682F8488675C588F4CAD0.e.8008/value - {"text":"Vigra"}
COMMAND: GET /session/c4faaf2c0768716850a26568dcbf970b/screenshot - {}
RESULT: {"text":"Vigra"}
COMMAND: GET /session/c4faaf2c0768716850a26568dcbf970b/screenshot - {}
RESULT: {}
RESULT: {}
COMMAND: POST /session/c4faaf2c0768716850a26568dcbf970b/actions - {"actions":[{"id":"action21","type":"key","parameters":{},"actions":[{"type":"keyDown","value":"î€‡"},{"type":"pause","duration":10},{"type":"keyUp","value":"î€‡"}]}]}
RESULT: {"actions":[{"id":"action21","type":"key","parameters":{},"actions":[{"type":"keyDown","value":"î€‡"},{"type":"pause","duration":10},{"type":"keyUp","value":"î€‡"}]}]}
COMMAND: GET /session/c4faaf2c0768716850a26568dcbf970b/screenshot - {}
RESULT: {}
COMMAND: POST /session/c4faaf2c0768716850a26568dcbf970b/element - {"using":"xpath","value":"//bdi[contains(text(), \"Save\")]"}
RESULT: {"using":"xpath","value":"//bdi[contains(text(), \"Save\")]"}
COMMAND: POST /session/c4faaf2c0768716850a26568dcbf970b/element/f.19DB9205A323DDBD447063DE6A5E99B9.d.30DD1E53418682F8488675C588F4CAD0.e.8013/click - {}
RESULT: {}
COMMAND: GET /session/c4faaf2c0768716850a26568dcbf970b/screenshot - {}
RESULT: {}
COMMAND: POST /session/c4faaf2c0768716850a26568dcbf970b/element - {"using":"xpath","value":"(//header/div[1]/div[3]/div/span)[1]"}
RESULT: {"using":"xpath","value":"(//header/div[1]/div[3]/div/span)[1]"}
COMMAND: POST /session/c4faaf2c0768716850a26568dcbf970b/execute/sync - {"script":"<script> [149 bytes]","args":[{"element-6066-11e4-a52e-4f735466cecf":"f.19DB9205A323DDBD447063DE6A5E99B9.d.30DD1E53418682F8488675C588F4CAD0.e.8033","ELEMENT":"f.19DB9205A323DDBD447063DE6A5E99B9.d.30DD1E53418682F8488675C588F4CAD0.e.8033"},false]}
RESULT: {"script":"<script> [149 bytes]","args":[{"element-6066-11e4-a52e-4f735466cecf":"f.19DB9205A323DDBD447063DE6A5E99B9.d.30DD1E53418682F8488675C588F4CAD0.e.8033","ELEMENT":"f.19DB9205A323DDBD447063DE6A5E99B9.d.30DD1E53418682F8488675C588F4CAD0.e.8033"},false]}
COMMAND: POST /session/c4faaf2c0768716850a26568dcbf970b/execute/async - {"script":"<script> [1562 bytes]","args":[{"selector":{"id":"pickUpSwitchHeader","viewName":"etm.portal.ui.webshop.view.RequestDetail","interaction":{"idSuffix":"textoff"}},"wdio_ui5_key":"pickUpSwitchHeaderetmportal.ui.webshop.view.RequestDetail"}]}
COMMAND: GET /session/c4faaf2c0768716850a26568dcbf970b/screenshot - {}
RESULT: {"script":"<script> [1562 bytes]","args":[{"selector":{"id":"pickUpSwitchHeader","viewName":"etm.portal.ui.webshop.view.RequestDetail","interaction":{"idSuffix":"textoff"}},"wdio_ui5_key":"pickUpSwitchHeaderetmportal.ui.webshop.view.RequestDetail"}]}
RESULT: undefined
COMMAND: POST /session/c4faaf2c0768716850a26568dcbf970b/element - {"using":"xpath","value":"//*[@id=\"__xmlview76--pickUpSwitchHeader\"]"}
RESULT: {}
RESULT: {"using":"xpath","value":"//*[@id=\"__xmlview76--pickUpSwitchHeader\"]"}
COMMAND: POST /session/c4faaf2c0768716850a26568dcbf970b/element/f.19DB9205A323DDBD447063DE6A5E99B9.d.30DD1E53418682F8488675C588F4CAD0.e.8035/click - {}
RESULT: {}
COMMAND: GET /session/c4faaf2c0768716850a26568dcbf970b/screenshot - {}
RESULT: {}
COMMAND: POST /session/c4faaf2c0768716850a26568dcbf970b/execute/async - {"script":"<script> [1562 bytes]","args":[{"selector":{"controlType":"sap.m.Button","viewName":"etm.portal.ui.webshop.view.RequestDetail","bindingPath":{"path":"/RequestItems(REQUEST='20257',ITEM=10m)","propertyPath":"STATUS"}},"wdio_ui5_key":"etmportal.ui.webshop.view.RequestDetailsap.m.Button{\"path\":\"/RequestItems(REQUEST='20257',ITEM=10m)\",\"propertyPath\":\"STATUS\"}"}]}
RESULT: {"script":"<script> [1562 bytes]","args":[{"selector":{"controlType":"sap.m.Button","viewName":"etm.portal.ui.webshop.view.RequestDetail","bindingPath":{"path":"/RequestItems(REQUEST='20257',ITEM=10m)","propertyPath":"STATUS"}},"wdio_ui5_key":"etmportal.ui.webshop.view.RequestDetailsap.m.Button{\"path\":\"/RequestItems(REQUEST='20257',ITEM=10m)\",\"propertyPath\":\"STATUS\"}"}]}
RESULT: undefined
COMMAND: POST /session/c4faaf2c0768716850a26568dcbf970b/execute/async - {"script":"<script> [6424 bytes]","args":[{"element-6066-11e4-a52e-4f735466cecf":"f.19DB9205A323DDBD447063DE6A5E99B9.d.30DD1E53418682F8488675C588F4CAD0.e.8039"},"getType",[]]}
RESULT: {"script":"<script> [6424 bytes]","args":[{"element-6066-11e4-a52e-4f735466cecf":"f.19DB9205A323DDBD447063DE6A5E99B9.d.30DD1E53418682F8488675C588F4CAD0.e.8039"},"getType",[]]}
COMMAND: POST /session/c4faaf2c0768716850a26568dcbf970b/execute/async - {"script":"<script> [1562 bytes]","args":[{"selector":{"controlType":"sap.m.Button","viewName":"etm.portal.ui.webshop.view.RequestDetail","bindingPath":{"path":"/RequestItems(REQUEST='20257',ITEM=20m)","propertyPath":"STATUS"}},"wdio_ui5_key":"etmportal.ui.webshop.view.RequestDetailsap.m.Button{\"path\":\"/RequestItems(REQUEST='20257',ITEM=20m)\",\"propertyPath\":\"STATUS\"}"}]}
RESULT: {"script":"<script> [1562 bytes]","args":[{"selector":{"controlType":"sap.m.Button","viewName":"etm.portal.ui.webshop.view.RequestDetail","bindingPath":{"path":"/RequestItems(REQUEST='20257',ITEM=20m)","propertyPath":"STATUS"}},"wdio_ui5_key":"etmportal.ui.webshop.view.RequestDetailsap.m.Button{\"path\":\"/RequestItems(REQUEST='20257',ITEM=20m)\",\"propertyPath\":\"STATUS\"}"}]}
RESULT: undefined
COMMAND: POST /session/c4faaf2c0768716850a26568dcbf970b/execute/async - {"script":"<script> [6424 bytes]","args":[{"element-6066-11e4-a52e-4f735466cecf":"f.19DB9205A323DDBD447063DE6A5E99B9.d.30DD1E53418682F8488675C588F4CAD0.e.8040"},"getType",[]]}
RESULT: {"script":"<script> [6424 bytes]","args":[{"element-6066-11e4-a52e-4f735466cecf":"f.19DB9205A323DDBD447063DE6A5E99B9.d.30DD1E53418682F8488675C588F4CAD0.e.8040"},"getType",[]]}
RESULT: undefined
COMMAND: POST /session/c4faaf2c0768716850a26568dcbf970b/element - {"using":"xpath","value":"//*[@id=\"__xmlview76--pickUpItemButton-__clone39258\"]"}
RESULT: {"using":"xpath","value":"//*[@id=\"__xmlview76--pickUpItemButton-__clone39258\"]"}
COMMAND: POST /session/c4faaf2c0768716850a26568dcbf970b/element/f.19DB9205A323DDBD447063DE6A5E99B9.d.30DD1E53418682F8488675C588F4CAD0.e.8039/click - {}
RESULT: {}
COMMAND: GET /session/c4faaf2c0768716850a26568dcbf970b/screenshot - {}
RESULT: {}
COMMAND: POST /session/c4faaf2c0768716850a26568dcbf970b/element - {"using":"xpath","value":"//span[contains(@class ,\"sapMBtnInner sapMBtnHoverable sapMFocusable sapMBtnText sapMBtnDefault\")][contains(@id ,\"pickUpItemButton\")]"}
RESULT: {"using":"xpath","value":"//span[contains(@class ,\"sapMBtnInner sapMBtnHoverable sapMFocusable sapMBtnText sapMBtnDefault\")][contains(@id ,\"pickUpItemButton\")]"}
COMMAND: POST /session/c4faaf2c0768716850a26568dcbf970b/execute/sync - {"script":"<script> [8489 bytes]","args":[{"element-6066-11e4-a52e-4f735466cecf":"f.19DB9205A323DDBD447063DE6A5E99B9.d.30DD1E53418682F8488675C588F4CAD0.e.8041","ELEMENT":"f.19DB9205A323DDBD447063DE6A5E99B9.d.30DD1E53418682F8488675C588F4CAD0.e.8041"}]}
RESULT: undefined
COMMAND: POST /session/c4faaf2c0768716850a26568dcbf970b/execute/async - {"script":"<script> [6424 bytes]","args":[{"element-6066-11e4-a52e-4f735466cecf":"f.19DB9205A323DDBD447063DE6A5E99B9.d.30DD1E53418682F8488675C588F4CAD0.e.8034"},"getState",[]]}
RESULT: {"script":"<script> [8489 bytes]","args":[{"element-6066-11e4-a52e-4f735466cecf":"f.19DB9205A323DDBD447063DE6A5E99B9.d.30DD1E53418682F8488675C588F4CAD0.e.8041","ELEMENT":"f.19DB9205A323DDBD447063DE6A5E99B9.d.30DD1E53418682F8488675C588F4CAD0.e.8041"}]}
COMMAND: GET /session/c4faaf2c0768716850a26568dcbf970b/screenshot - {}
RESULT: {"script":"<script> [6424 bytes]","args":[{"element-6066-11e4-a52e-4f735466cecf":"f.19DB9205A323DDBD447063DE6A5E99B9.d.30DD1E53418682F8488675C588F4CAD0.e.8034"},"getState",[]]}
COMMAND: POST /session/c4faaf2c0768716850a26568dcbf970b/execute/async - {"script":"<script> [1562 bytes]","args":[{"selector":{"id":"editRequest","viewName":"etm.portal.ui.webshop.view.RequestDetail","interaction":{"idSuffix":"BDI-content"}},"wdio_ui5_key":"editRequestetmportal.ui.webshop.view.RequestDetail"}]}
COMMAND: POST /session/c4faaf2c0768716850a26568dcbf970b/execute/sync - {"script":"<script> [8489 bytes]","args":[{"element-6066-11e4-a52e-4f735466cecf":"f.19DB9205A323DDBD447063DE6A5E99B9.d.30DD1E53418682F8488675C588F4CAD0.e.8041","ELEMENT":"f.19DB9205A323DDBD447063DE6A5E99B9.d.30DD1E53418682F8488675C588F4CAD0.e.8041"}]}
RESULT: {}
RESULT: {"script":"<script> [1562 bytes]","args":[{"selector":{"id":"editRequest","viewName":"etm.portal.ui.webshop.view.RequestDetail","interaction":{"idSuffix":"BDI-content"}},"wdio_ui5_key":"editRequestetmportal.ui.webshop.view.RequestDetail"}]}
RESULT: undefined
COMMAND: POST /session/c4faaf2c0768716850a26568dcbf970b/element - {"using":"xpath","value":"//*[@id=\"__xmlview76--editRequest\"]"}
RESULT: {"script":"<script> [8489 bytes]","args":[{"element-6066-11e4-a52e-4f735466cecf":"f.19DB9205A323DDBD447063DE6A5E99B9.d.30DD1E53418682F8488675C588F4CAD0.e.8041","ELEMENT":"f.19DB9205A323DDBD447063DE6A5E99B9.d.30DD1E53418682F8488675C588F4CAD0.e.8041"}]}
COMMAND: GET /session/c4faaf2c0768716850a26568dcbf970b/screenshot - {}
RESULT: {"using":"xpath","value":"//*[@id=\"__xmlview76--editRequest\"]"}
COMMAND: POST /session/c4faaf2c0768716850a26568dcbf970b/element/f.19DB9205A323DDBD447063DE6A5E99B9.d.30DD1E53418682F8488675C588F4CAD0.e.8043/click - {}
COMMAND: POST /session/c4faaf2c0768716850a26568dcbf970b/execute/sync - {"script":"<script> [8489 bytes]","args":[{"element-6066-11e4-a52e-4f735466cecf":"f.19DB9205A323DDBD447063DE6A5E99B9.d.30DD1E53418682F8488675C588F4CAD0.e.8041","ELEMENT":"f.19DB9205A323DDBD447063DE6A5E99B9.d.30DD1E53418682F8488675C588F4CAD0.e.8041"}]}
RESULT: {}
RESULT: {}
COMMAND: GET /session/c4faaf2c0768716850a26568dcbf970b/screenshot - {}
RESULT: {"script":"<script> [8489 bytes]","args":[{"element-6066-11e4-a52e-4f735466cecf":"f.19DB9205A323DDBD447063DE6A5E99B9.d.30DD1E53418682F8488675C588F4CAD0.e.8041","ELEMENT":"f.19DB9205A323DDBD447063DE6A5E99B9.d.30DD1E53418682F8488675C588F4CAD0.e.8041"}]}
COMMAND: GET /session/c4faaf2c0768716850a26568dcbf970b/screenshot - {}
RESULT: {}
COMMAND: POST /session/c4faaf2c0768716850a26568dcbf970b/execute/sync - {"script":"<script> [8489 bytes]","args":[{"element-6066-11e4-a52e-4f735466cecf":"f.19DB9205A323DDBD447063DE6A5E99B9.d.30DD1E53418682F8488675C588F4CAD0.e.8041","ELEMENT":"f.19DB9205A323DDBD447063DE6A5E99B9.d.30DD1E53418682F8488675C588F4CAD0.e.8041"}]}
RESULT: {}
RESULT: {"script":"<script> [8489 bytes]","args":[{"element-6066-11e4-a52e-4f735466cecf":"f.19DB9205A323DDBD447063DE6A5E99B9.d.30DD1E53418682F8488675C588F4CAD0.e.8041","ELEMENT":"f.19DB9205A323DDBD447063DE6A5E99B9.d.30DD1E53418682F8488675C588F4CAD0.e.8041"}]}
COMMAND: GET /session/c4faaf2c0768716850a26568dcbf970b/screenshot - {}
RESULT: {}
COMMAND: POST /session/c4faaf2c0768716850a26568dcbf970b/execute/sync - {"script":"<script> [8489 bytes]","args":[{"element-6066-11e4-a52e-4f735466cecf":"f.19DB9205A323DDBD447063DE6A5E99B9.d.30DD1E53418682F8488675C588F4CAD0.e.8041","ELEMENT":"f.19DB9205A323DDBD447063DE6A5E99B9.d.30DD1E53418682F8488675C588F4CAD0.e.8041"}]}
COMMAND: POST /session/c4faaf2c0768716850a26568dcbf970b/element - {"using":"xpath","value":"//input[contains(@id ,\"startDate\")]"}
RESULT: {"script":"<script> [8489 bytes]","args":[{"element-6066-11e4-a52e-4f735466cecf":"f.19DB9205A323DDBD447063DE6A5E99B9.d.30DD1E53418682F8488675C588F4CAD0.e.8041","ELEMENT":"f.19DB9205A323DDBD447063DE6A5E99B9.d.30DD1E53418682F8488675C588F4CAD0.e.8041"}]}
COMMAND: GET /session/c4faaf2c0768716850a26568dcbf970b/screenshot - {}
RESULT: {"using":"xpath","value":"//input[contains(@id ,\"startDate\")]"}
COMMAND: POST /session/c4faaf2c0768716850a26568dcbf970b/element/f.19DB9205A323DDBD447063DE6A5E99B9.d.30DD1E53418682F8488675C588F4CAD0.e.8057/click - {}
RESULT: {}
RESULT: {}
COMMAND: POST /session/c4faaf2c0768716850a26568dcbf970b/actions - {"actions":[{"id":"action22","type":"key","parameters":{},"actions":[{"type":"keyDown","value":"î€‰"},{"type":"keyDown","value":"a"},{"type":"pause","duration":10},{"type":"keyUp","value":"î€‰"},{"type":"keyUp","value":"a"}]}]}
COMMAND: GET /session/c4faaf2c0768716850a26568dcbf970b/screenshot - {}
RESULT: {}
RESULT: {"actions":[{"id":"action22","type":"key","parameters":{},"actions":[{"type":"keyDown","value":"î€‰"},{"type":"keyDown","value":"a"},{"type":"pause","duration":10},{"type":"keyUp","value":"î€‰"},{"type":"keyUp","value":"a"}]}]}
COMMAND: POST /session/c4faaf2c0768716850a26568dcbf970b/actions - {"actions":[{"id":"action23","type":"key","parameters":{},"actions":[{"type":"keyDown","value":"î€ƒ"},{"type":"pause","duration":10},{"type":"keyUp","value":"î€ƒ"}]}]}
COMMAND: GET /session/c4faaf2c0768716850a26568dcbf970b/screenshot - {}
RESULT: {"actions":[{"id":"action23","type":"key","parameters":{},"actions":[{"type":"keyDown","value":"î€ƒ"},{"type":"pause","duration":10},{"type":"keyUp","value":"î€ƒ"}]}]}
COMMAND: GET /session/c4faaf2c0768716850a26568dcbf970b/screenshot - {}
RESULT: {}
RESULT: {}
COMMAND: POST /session/c4faaf2c0768716850a26568dcbf970b/element/f.19DB9205A323DDBD447063DE6A5E99B9.d.30DD1E53418682F8488675C588F4CAD0.e.8057/clear - {}
RESULT: {}
COMMAND: POST /session/c4faaf2c0768716850a26568dcbf970b/element/f.19DB9205A323DDBD447063DE6A5E99B9.d.30DD1E53418682F8488675C588F4CAD0.e.8057/value - {"text":"6/11/25"}
COMMAND: GET /session/c4faaf2c0768716850a26568dcbf970b/screenshot - {}
RESULT: {"text":"6/11/25"}
COMMAND: POST /session/c4faaf2c0768716850a26568dcbf970b/actions - {"actions":[{"id":"action24","type":"key","parameters":{},"actions":[{"type":"keyDown","value":"î€‡"},{"type":"pause","duration":10},{"type":"keyUp","value":"î€‡"}]}]}
COMMAND: GET /session/c4faaf2c0768716850a26568dcbf970b/screenshot - {}
RESULT: {}
RESULT: {"actions":[{"id":"action24","type":"key","parameters":{},"actions":[{"type":"keyDown","value":"î€‡"},{"type":"pause","duration":10},{"type":"keyUp","value":"î€‡"}]}]}
COMMAND: GET /session/c4faaf2c0768716850a26568dcbf970b/screenshot - {}
RESULT: {}
RESULT: {}
COMMAND: POST /session/c4faaf2c0768716850a26568dcbf970b/element - {"using":"xpath","value":"//input[contains(@id ,\"endDate\")]"}
RESULT: {"using":"xpath","value":"//input[contains(@id ,\"endDate\")]"}
COMMAND: GET /session/c4faaf2c0768716850a26568dcbf970b/element/f.19DB9205A323DDBD447063DE6A5E99B9.d.30DD1E53418682F8488675C588F4CAD0.e.8060/property/value - {}
RESULT: {}
COMMAND: POST /session/c4faaf2c0768716850a26568dcbf970b/execute/async - {"script":"<script> [1562 bytes]","args":[{"selector":{"controlType":"sap.ui.core.Icon","viewName":"etm.portal.ui.webshop.view.RequestEdit","properties":{"src":{"regex":{"source":"action\\-settings"}}}},"wdio_ui5_key":"etmportal.ui.webshop.view.RequestEditsap.ui.core.Icon{\"src\":{\"regex\":{\"source\":\"action\\\\-settings\"}}}"}]}
COMMAND: GET /session/c4faaf2c0768716850a26568dcbf970b/screenshot - {}
RESULT: {"script":"<script> [1562 bytes]","args":[{"selector":{"controlType":"sap.ui.core.Icon","viewName":"etm.portal.ui.webshop.view.RequestEdit","properties":{"src":{"regex":{"source":"action\\-settings"}}}},"wdio_ui5_key":"etmportal.ui.webshop.view.RequestEditsap.ui.core.Icon{\"src\":{\"regex\":{\"source\":\"action\\\\-settings\"}}}"}]}
RESULT: undefined
COMMAND: POST /session/c4faaf2c0768716850a26568dcbf970b/element - {"using":"xpath","value":"//*[@id=\"__xmlview77--smartTable-btnPersonalisation-img\"]"}
RESULT: {}
RESULT: {"using":"xpath","value":"//*[@id=\"__xmlview77--smartTable-btnPersonalisation-img\"]"}
COMMAND: POST /session/c4faaf2c0768716850a26568dcbf970b/element/f.19DB9205A323DDBD447063DE6A5E99B9.d.30DD1E53418682F8488675C588F4CAD0.e.8087/click - {}
RESULT: {}
COMMAND: POST /session/c4faaf2c0768716850a26568dcbf970b/element - {"using":"xpath","value":"//input[contains(@id ,\"searchField-I\")]"}
COMMAND: GET /session/c4faaf2c0768716850a26568dcbf970b/screenshot - {}
RESULT: {"using":"xpath","value":"//input[contains(@id ,\"searchField-I\")]"}
COMMAND: POST /session/c4faaf2c0768716850a26568dcbf970b/element/f.19DB9205A323DDBD447063DE6A5E99B9.d.30DD1E53418682F8488675C588F4CAD0.e.8093/clear - {}
RESULT: {}
RESULT: {}
COMMAND: POST /session/c4faaf2c0768716850a26568dcbf970b/element/f.19DB9205A323DDBD447063DE6A5E99B9.d.30DD1E53418682F8488675C588F4CAD0.e.8093/value - {"text":"time"}
COMMAND: GET /session/c4faaf2c0768716850a26568dcbf970b/screenshot - {}
RESULT: {"text":"time"}
COMMAND: GET /session/c4faaf2c0768716850a26568dcbf970b/screenshot - {}
RESULT: {}
RESULT: {}
COMMAND: POST /session/c4faaf2c0768716850a26568dcbf970b/element - {"using":"xpath","value":"//div[contains(@id ,\"innerSelectionPanelTable-sa-CbBg\")]"}
RESULT: {"using":"xpath","value":"//div[contains(@id ,\"innerSelectionPanelTable-sa-CbBg\")]"}
COMMAND: POST /session/c4faaf2c0768716850a26568dcbf970b/element/f.19DB9205A323DDBD447063DE6A5E99B9.d.30DD1E53418682F8488675C588F4CAD0.e.8115/click - {}
RESULT: {}
COMMAND: POST /session/c4faaf2c0768716850a26568dcbf970b/element - {"using":"xpath","value":"//bdi[contains(text(), \"OK\")]"}
COMMAND: GET /session/c4faaf2c0768716850a26568dcbf970b/screenshot - {}
RESULT: {"using":"xpath","value":"//bdi[contains(text(), \"OK\")]"}
COMMAND: POST /session/c4faaf2c0768716850a26568dcbf970b/element/f.19DB9205A323DDBD447063DE6A5E99B9.d.30DD1E53418682F8488675C588F4CAD0.e.8116/click - {}
RESULT: {}
RESULT: {}
COMMAND: GET /session/c4faaf2c0768716850a26568dcbf970b/screenshot - {}
RESULT: {}
COMMAND: POST /session/c4faaf2c0768716850a26568dcbf970b/execute/async - {"script":"<script> [1562 bytes]","args":[{"selector":{"controlType":"sap.m.CheckBox","viewName":"etm.portal.ui.webshop.view.RequestEdit","properties":{"editable":true},"ancestor":{"controlType":"sap.m.ColumnListItem","viewName":"etm.portal.ui.webshop.view.RequestEdit","bindingPath":{"path":"/RequestItems(REQUEST='20257',ITEM=10m)"},"ancestor":{"id":"customTable","viewName":"etm.portal.ui.webshop.view.RequestEdit"}},"interaction":{"idSuffix":"CbBg"}},"wdio_ui5_key":"etmportal.ui.webshop.view.RequestEditsap.m.CheckBox{\"editable\":true}{\"controlType\":\"sap.m.ColumnListItem\",\"viewName\":\"etm.portal.ui.webshop.view.RequestEdit\",\"bindingPath\":{\"path\":\"/RequestItems(REQUEST='20257',ITEM=10m)\"},\"ancestor\":{\"id\":\"customTable\",\"viewName\":\"etm.portal.ui.webshop.view.RequestEdit\"}}"}]}
RESULT: {"script":"<script> [1562 bytes]","args":[{"selector":{"controlType":"sap.m.CheckBox","viewName":"etm.portal.ui.webshop.view.RequestEdit","properties":{"editable":true},"ancestor":{"controlType":"sap.m.ColumnListItem","viewName":"etm.portal.ui.webshop.view.RequestEdit","bindingPath":{"path":"/RequestItems(REQUEST='20257',ITEM=10m)"},"ancestor":{"id":"customTable","viewName":"etm.portal.ui.webshop.view.RequestEdit"}},"interaction":{"idSuffix":"CbBg"}},"wdio_ui5_key":"etmportal.ui.webshop.view.RequestEditsap.m.CheckBox{\"editable\":true}{\"controlType\":\"sap.m.ColumnListItem\",\"viewName\":\"etm.portal.ui.webshop.view.RequestEdit\",\"bindingPath\":{\"path\":\"/RequestItems(REQUEST='20257',ITEM=10m)\"},\"ancestor\":{\"id\":\"customTable\",\"viewName\":\"etm.portal.ui.webshop.view.RequestEdit\"}}"}]}
RESULT: undefined
COMMAND: POST /session/c4faaf2c0768716850a26568dcbf970b/element - {"using":"xpath","value":"//*[@id=\"__item6422-__clone39669-selectMulti\"]"}
RESULT: {"using":"xpath","value":"//*[@id=\"__item6422-__clone39669-selectMulti\"]"}
COMMAND: POST /session/c4faaf2c0768716850a26568dcbf970b/element/f.19DB9205A323DDBD447063DE6A5E99B9.d.30DD1E53418682F8488675C588F4CAD0.e.8151/click - {}
RESULT: {}
COMMAND: POST /session/c4faaf2c0768716850a26568dcbf970b/execute/async - {"script":"<script> [1562 bytes]","args":[{"selector":{"controlType":"sap.m.Button","viewName":"etm.portal.ui.webshop.view.RequestEdit","i18NText":{"propertyName":"text","key":"update"},"interaction":{"idSuffix":"BDI-content"}},"wdio_ui5_key":"etmportal.ui.webshop.view.RequestEditsap.m.Button{\"propertyName\":\"text\",\"key\":\"update\"}"}]}
COMMAND: GET /session/c4faaf2c0768716850a26568dcbf970b/screenshot - {}
RESULT: {"script":"<script> [1562 bytes]","args":[{"selector":{"controlType":"sap.m.Button","viewName":"etm.portal.ui.webshop.view.RequestEdit","i18NText":{"propertyName":"text","key":"update"},"interaction":{"idSuffix":"BDI-content"}},"wdio_ui5_key":"etmportal.ui.webshop.view.RequestEditsap.m.Button{\"propertyName\":\"text\",\"key\":\"update\"}"}]}
RESULT: undefined
COMMAND: POST /session/c4faaf2c0768716850a26568dcbf970b/element - {"using":"xpath","value":"//*[@id=\"__button480\"]"}
RESULT: {}
RESULT: {"using":"xpath","value":"//*[@id=\"__button480\"]"}
COMMAND: POST /session/c4faaf2c0768716850a26568dcbf970b/element/f.19DB9205A323DDBD447063DE6A5E99B9.d.30DD1E53418682F8488675C588F4CAD0.e.8153/click - {}
RESULT: {}
COMMAND: POST /session/c4faaf2c0768716850a26568dcbf970b/element - {"using":"xpath","value":"(//input[contains(@id ,\"startDateRI\")])[1]"}
COMMAND: GET /session/c4faaf2c0768716850a26568dcbf970b/screenshot - {}
RESULT: {"using":"xpath","value":"(//input[contains(@id ,\"startDateRI\")])[1]"}
COMMAND: GET /session/c4faaf2c0768716850a26568dcbf970b/element/f.19DB9205A323DDBD447063DE6A5E99B9.d.30DD1E53418682F8488675C588F4CAD0.e.8140/property/value - {}
RESULT: {}
RESULT: {}
RESULT: undefined
COMMAND: POST /session/c4faaf2c0768716850a26568dcbf970b/element - {"using":"xpath","value":"//*[@id=\"__item6422-__clone39669-selectMulti\"]"}
COMMAND: GET /session/c4faaf2c0768716850a26568dcbf970b/screenshot - {}
RESULT: {"using":"xpath","value":"//*[@id=\"__item6422-__clone39669-selectMulti\"]"}
COMMAND: POST /session/c4faaf2c0768716850a26568dcbf970b/element/f.19DB9205A323DDBD447063DE6A5E99B9.d.30DD1E53418682F8488675C588F4CAD0.e.8151/click - {}
RESULT: {}
RESULT: {}
COMMAND: POST /session/c4faaf2c0768716850a26568dcbf970b/execute/async - {"script":"<script> [1562 bytes]","args":[{"selector":{"controlType":"sap.m.CheckBox","viewName":"etm.portal.ui.webshop.view.RequestEdit","properties":{"editable":true},"ancestor":{"controlType":"sap.m.ColumnListItem","viewName":"etm.portal.ui.webshop.view.RequestEdit","bindingPath":{"path":"/RequestItems(REQUEST='20257',ITEM=20m)"},"ancestor":{"id":"customTable","viewName":"etm.portal.ui.webshop.view.RequestEdit"}},"interaction":{"idSuffix":"CbBg"}},"wdio_ui5_key":"etmportal.ui.webshop.view.RequestEditsap.m.CheckBox{\"editable\":true}{\"controlType\":\"sap.m.ColumnListItem\",\"viewName\":\"etm.portal.ui.webshop.view.RequestEdit\",\"bindingPath\":{\"path\":\"/RequestItems(REQUEST='20257',ITEM=20m)\"},\"ancestor\":{\"id\":\"customTable\",\"viewName\":\"etm.portal.ui.webshop.view.RequestEdit\"}}"}]}
COMMAND: GET /session/c4faaf2c0768716850a26568dcbf970b/screenshot - {}
RESULT: {"script":"<script> [1562 bytes]","args":[{"selector":{"controlType":"sap.m.CheckBox","viewName":"etm.portal.ui.webshop.view.RequestEdit","properties":{"editable":true},"ancestor":{"controlType":"sap.m.ColumnListItem","viewName":"etm.portal.ui.webshop.view.RequestEdit","bindingPath":{"path":"/RequestItems(REQUEST='20257',ITEM=20m)"},"ancestor":{"id":"customTable","viewName":"etm.portal.ui.webshop.view.RequestEdit"}},"interaction":{"idSuffix":"CbBg"}},"wdio_ui5_key":"etmportal.ui.webshop.view.RequestEditsap.m.CheckBox{\"editable\":true}{\"controlType\":\"sap.m.ColumnListItem\",\"viewName\":\"etm.portal.ui.webshop.view.RequestEdit\",\"bindingPath\":{\"path\":\"/RequestItems(REQUEST='20257',ITEM=20m)\"},\"ancestor\":{\"id\":\"customTable\",\"viewName\":\"etm.portal.ui.webshop.view.RequestEdit\"}}"}]}
RESULT: undefined
COMMAND: POST /session/c4faaf2c0768716850a26568dcbf970b/element - {"using":"xpath","value":"//*[@id=\"__item6422-__clone39670-selectMulti\"]"}
RESULT: {}
RESULT: {"using":"xpath","value":"//*[@id=\"__item6422-__clone39670-selectMulti\"]"}
COMMAND: POST /session/c4faaf2c0768716850a26568dcbf970b/element/f.19DB9205A323DDBD447063DE6A5E99B9.d.30DD1E53418682F8488675C588F4CAD0.e.8156/click - {}
RESULT: {}
COMMAND: POST /session/c4faaf2c0768716850a26568dcbf970b/execute/async - {"script":"<script> [1562 bytes]","args":[{"selector":{"controlType":"sap.ui.core.Icon","viewName":"etm.portal.ui.webshop.view.RequestEdit","properties":{"src":{"regex":{"source":"delete"}}}},"wdio_ui5_key":"etmportal.ui.webshop.view.RequestEditsap.ui.core.Icon{\"src\":{\"regex\":{\"source\":\"delete\"}}}"}]}
COMMAND: GET /session/c4faaf2c0768716850a26568dcbf970b/screenshot - {}
RESULT: {"script":"<script> [1562 bytes]","args":[{"selector":{"controlType":"sap.ui.core.Icon","viewName":"etm.portal.ui.webshop.view.RequestEdit","properties":{"src":{"regex":{"source":"delete"}}}},"wdio_ui5_key":"etmportal.ui.webshop.view.RequestEditsap.ui.core.Icon{\"src\":{\"regex\":{\"source\":\"delete\"}}}"}]}
RESULT: undefined
COMMAND: POST /session/c4faaf2c0768716850a26568dcbf970b/element - {"using":"xpath","value":"//*[@id=\"__xmlview77--deleteItem-img\"]"}
RESULT: {}
RESULT: {"using":"xpath","value":"//*[@id=\"__xmlview77--deleteItem-img\"]"}
COMMAND: POST /session/c4faaf2c0768716850a26568dcbf970b/element/f.19DB9205A323DDBD447063DE6A5E99B9.d.30DD1E53418682F8488675C588F4CAD0.e.8157/click - {}
RESULT: {}
COMMAND: GET /session/c4faaf2c0768716850a26568dcbf970b/screenshot - {}
RESULT: {}
COMMAND: POST /session/c4faaf2c0768716850a26568dcbf970b/execute/async - {"script":"<script> [1562 bytes]","args":[{"selector":{"controlType":"sap.m.Button","properties":{"text":"OK"},"searchOpenDialogs":true,"interaction":{"idSuffix":"BDI-content"}},"wdio_ui5_key":"sapm.Button{\"text\":\"OK\"}"}]}
RESULT: {"script":"<script> [1562 bytes]","args":[{"selector":{"controlType":"sap.m.Button","properties":{"text":"OK"},"searchOpenDialogs":true,"interaction":{"idSuffix":"BDI-content"}},"wdio_ui5_key":"sapm.Button{\"text\":\"OK\"}"}]}
RESULT: undefined
COMMAND: POST /session/c4faaf2c0768716850a26568dcbf970b/element - {"using":"xpath","value":"//*[@id=\"__mbox-btn-0\"]"}
RESULT: {"using":"xpath","value":"//*[@id=\"__mbox-btn-0\"]"}
COMMAND: POST /session/c4faaf2c0768716850a26568dcbf970b/element/f.19DB9205A323DDBD447063DE6A5E99B9.d.30DD1E53418682F8488675C588F4CAD0.e.8159/click - {}
RESULT: {}
COMMAND: GET /session/c4faaf2c0768716850a26568dcbf970b/screenshot - {}
RESULT: {}
COMMAND: POST /session/c4faaf2c0768716850a26568dcbf970b/execute/async - {"script":"<script> [1562 bytes]","args":[{"selector":{"id":"saveButtonId","viewName":"etm.portal.ui.webshop.view.RequestEdit","interaction":{"idSuffix":"BDI-content"}},"wdio_ui5_key":"saveButtonIdetmportal.ui.webshop.view.RequestEdit"}]}
RESULT: {"script":"<script> [1562 bytes]","args":[{"selector":{"id":"saveButtonId","viewName":"etm.portal.ui.webshop.view.RequestEdit","interaction":{"idSuffix":"BDI-content"}},"wdio_ui5_key":"saveButtonIdetmportal.ui.webshop.view.RequestEdit"}]}
RESULT: undefined
COMMAND: POST /session/c4faaf2c0768716850a26568dcbf970b/element - {"using":"xpath","value":"//*[@id=\"__xmlview77--saveButtonId\"]"}
RESULT: {"using":"xpath","value":"//*[@id=\"__xmlview77--saveButtonId\"]"}
COMMAND: POST /session/c4faaf2c0768716850a26568dcbf970b/element/f.19DB9205A323DDBD447063DE6A5E99B9.d.30DD1E53418682F8488675C588F4CAD0.e.8167/click - {}
RESULT: {}
COMMAND: GET /session/c4faaf2c0768716850a26568dcbf970b/screenshot - {}
RESULT: {}
COMMAND: POST /session/c4faaf2c0768716850a26568dcbf970b/execute/async - {"script":"<script> [1562 bytes]","args":[{"selector":{"controlType":"sap.m.Title","viewName":"etm.portal.ui.webshop.view.RequestDetail","properties":{"text":"Items (1)"}},"wdio_ui5_key":"etmportal.ui.webshop.view.RequestDetailsap.m.Title{\"text\":\"Items (1)\"}"}]}
RESULT: {"script":"<script> [1562 bytes]","args":[{"selector":{"controlType":"sap.m.Title","viewName":"etm.portal.ui.webshop.view.RequestDetail","properties":{"text":"Items (1)"}},"wdio_ui5_key":"etmportal.ui.webshop.view.RequestDetailsap.m.Title{\"text\":\"Items (1)\"}"}]}
RESULT: undefined
COMMAND: POST /session/c4faaf2c0768716850a26568dcbf970b/execute/async - {"script":"<script> [6424 bytes]","args":[{"element-6066-11e4-a52e-4f735466cecf":"f.19DB9205A323DDBD447063DE6A5E99B9.d.30DD1E53418682F8488675C588F4CAD0.e.8190"},"getText",[]]}
RESULT: {"script":"<script> [6424 bytes]","args":[{"element-6066-11e4-a52e-4f735466cecf":"f.19DB9205A323DDBD447063DE6A5E99B9.d.30DD1E53418682F8488675C588F4CAD0.e.8190"},"getText",[]]}
COMMAND: POST /session/c4faaf2c0768716850a26568dcbf970b/execute/async - {"script":"<script> [1562 bytes]","args":[{"selector":{"controlType":"sap.m.Text","viewName":"etm.portal.ui.webshop.view.RequestDetail","bindingPath":{"path":"/RequestHeaders(NO='20257')","propertyPath":"END_DATE","modelName":"catalogModel"}},"wdio_ui5_key":"etmportal.ui.webshop.view.RequestDetailsap.m.Text{\"path\":\"/RequestHeaders(NO='20257')\",\"propertyPath\":\"END_DATE\",\"modelName\":\"catalogModel\"}"}]}
RESULT: {"script":"<script> [1562 bytes]","args":[{"selector":{"controlType":"sap.m.Text","viewName":"etm.portal.ui.webshop.view.RequestDetail","bindingPath":{"path":"/RequestHeaders(NO='20257')","propertyPath":"END_DATE","modelName":"catalogModel"}},"wdio_ui5_key":"etmportal.ui.webshop.view.RequestDetailsap.m.Text{\"path\":\"/RequestHeaders(NO='20257')\",\"propertyPath\":\"END_DATE\",\"modelName\":\"catalogModel\"}"}]}
RESULT: undefined
COMMAND: POST /session/c4faaf2c0768716850a26568dcbf970b/execute/async - {"script":"<script> [1562 bytes]","args":[{"selector":{"controlType":"sap.m.Text","viewName":"etm.portal.ui.webshop.view.RequestDetail","bindingPath":{"path":"/RequestHeaders(NO='20257')","propertyPath":"START_DATE","modelName":"catalogModel"}},"wdio_ui5_key":"etmportal.ui.webshop.view.RequestDetailsap.m.Text{\"path\":\"/RequestHeaders(NO='20257')\",\"propertyPath\":\"START_DATE\",\"modelName\":\"catalogModel\"}"}]}
RESULT: {"script":"<script> [1562 bytes]","args":[{"selector":{"controlType":"sap.m.Text","viewName":"etm.portal.ui.webshop.view.RequestDetail","bindingPath":{"path":"/RequestHeaders(NO='20257')","propertyPath":"START_DATE","modelName":"catalogModel"}},"wdio_ui5_key":"etmportal.ui.webshop.view.RequestDetailsap.m.Text{\"path\":\"/RequestHeaders(NO='20257')\",\"propertyPath\":\"START_DATE\",\"modelName\":\"catalogModel\"}"}]}
RESULT: undefined
COMMAND: POST /session/c4faaf2c0768716850a26568dcbf970b/execute/async - {"script":"<script> [6424 bytes]","args":[{"element-6066-11e4-a52e-4f735466cecf":"f.19DB9205A323DDBD447063DE6A5E99B9.d.30DD1E53418682F8488675C588F4CAD0.e.8192"},"getText",[]]}
RESULT: {"script":"<script> [6424 bytes]","args":[{"element-6066-11e4-a52e-4f735466cecf":"f.19DB9205A323DDBD447063DE6A5E99B9.d.30DD1E53418682F8488675C588F4CAD0.e.8192"},"getText",[]]}
RESULT: undefined
COMMAND: POST /session/c4faaf2c0768716850a26568dcbf970b/execute/async - {"script":"<script> [6424 bytes]","args":[{"element-6066-11e4-a52e-4f735466cecf":"f.19DB9205A323DDBD447063DE6A5E99B9.d.30DD1E53418682F8488675C588F4CAD0.e.8191"},"getText",[]]}
RESULT: {"script":"<script> [6424 bytes]","args":[{"element-6066-11e4-a52e-4f735466cecf":"f.19DB9205A323DDBD447063DE6A5E99B9.d.30DD1E53418682F8488675C588F4CAD0.e.8191"},"getText",[]]}
COMMAND: POST /session/c4faaf2c0768716850a26568dcbf970b/refresh - {}
RESULT: {}
COMMAND: GET /session/c4faaf2c0768716850a26568dcbf970b/screenshot - {}
RESULT: {}
COMMAND: POST /session/c4faaf2c0768716850a26568dcbf970b/execute/async - {"script":"<script> [189 bytes]","args":[]}
RESULT: {"script":"<script> [189 bytes]","args":[]}
COMMAND: POST /session/c4faaf2c0768716850a26568dcbf970b/execute/async - {"script":"<script> [123 bytes]","args":[]}
RESULT: {"script":"<script> [123 bytes]","args":[]}
COMMAND: POST /session/c4faaf2c0768716850a26568dcbf970b/timeouts - {"script":"<number>"}
RESULT: {"script":"<number>"}
COMMAND: GET /session/c4faaf2c0768716850a26568dcbf970b/timeouts - {}
RESULT: {}
RESULT: undefined
COMMAND: POST /session/c4faaf2c0768716850a26568dcbf970b/execute/async - {"script":"<script> [2676 bytes]","args":[]}
RESULT: {"script":"<script> [2676 bytes]","args":[]}
COMMAND: POST /session/c4faaf2c0768716850a26568dcbf970b/execute/async - {"script":"<script> [2342 bytes]","args":[{"protocol":"http","hostname":"0.0.0.0","path":"/","capabilities":{"browserName":"chrome","goog:chromeOptions":{"binary":"C:\\Program Files\\Google\\Chrome\\Application\\chrome.exe","args":["--start-maximized"]}},"logLevel":"warn","connectionRetryTimeout":120000,"connectionRetryCount":3,"logLevels":{},"enableDirectConnect":true,"strictSSL":true,"_":"65 more keys: [\"cacheDir\",\"port\",\"requestedCapabilities\",\"automationProtocol\",\"baseUrl\",\"waitforInterval\",\"waitforTimeout\",\"onReload\",\"beforeCommand\",\"afterCommand\",\"rootDir\",\"specs\",\"suites\",\"exclude\",\"groupLogsByTestSpec\",\"excludeDriverLogs\",\"bail\",\"framework\",\"reporters\",\"services\",\"maxInstances\",\"maxInstancesPerCapability\",\"injectGlobals\",\"filesToWatch\",\"execArgv\",\"runnerEnv\",\"runner\",\"shard\",\"specFileRetries\",\"specFileRetriesDelay\",\"specFileRetriesDeferred\",\"reporterSyncInterval\",\"reporterSyncTimeout\",\"cucumberFeaturesWithLineNumbers\",\"autoCompileOpts\",\"mochaOpts\",\"jasmineOpts\",\"cucumberOpts\",\"onPrepare\",\"onWorkerStart\",\"onWorkerEnd\",\"before\",\"beforeSession\",\"beforeSuite\",\"beforeHook\",\"beforeTest\",\"afterTest\",\"afterHook\",\"afterSuite\",\"afterSession\",\"after\",\"onComplete\",\"beforeAssertion\",\"afterAssertion\",\"beforeFeature\",\"beforeScenario\",\"beforeStep\",\"afterStep\",\"afterScenario\",\"afterFeature\",\"_\",\"suite\",\"$0\",\"ignoredWorkerServices\",\"wdi5\"]"}]}
RESULT: {"script":"<script> [2342 bytes]","args":[{"protocol":"http","hostname":"0.0.0.0","path":"/","capabilities":{"browserName":"chrome","goog:chromeOptions":{"binary":"C:\\Program Files\\Google\\Chrome\\Application\\chrome.exe","args":["--start-maximized"]}},"logLevel":"warn","connectionRetryTimeout":120000,"connectionRetryCount":3,"logLevels":{},"enableDirectConnect":true,"strictSSL":true,"_":"65 more keys: [\"cacheDir\",\"port\",\"requestedCapabilities\",\"automationProtocol\",\"baseUrl\",\"waitforInterval\",\"waitforTimeout\",\"onReload\",\"beforeCommand\",\"afterCommand\",\"rootDir\",\"specs\",\"suites\",\"exclude\",\"groupLogsByTestSpec\",\"excludeDriverLogs\",\"bail\",\"framework\",\"reporters\",\"services\",\"maxInstances\",\"maxInstancesPerCapability\",\"injectGlobals\",\"filesToWatch\",\"execArgv\",\"runnerEnv\",\"runner\",\"shard\",\"specFileRetries\",\"specFileRetriesDelay\",\"specFileRetriesDeferred\",\"reporterSyncInterval\",\"reporterSyncTimeout\",\"cucumberFeaturesWithLineNumbers\",\"autoCompileOpts\",\"mochaOpts\",\"jasmineOpts\",\"cucumberOpts\",\"onPrepare\",\"onWorkerStart\",\"onWorkerEnd\",\"before\",\"beforeSession\",\"beforeSuite\",\"beforeHook\",\"beforeTest\",\"afterTest\",\"afterHook\",\"afterSuite\",\"afterSession\",\"after\",\"onComplete\",\"beforeAssertion\",\"afterAssertion\",\"beforeFeature\",\"beforeScenario\",\"beforeStep\",\"afterStep\",\"afterScenario\",\"afterFeature\",\"_\",\"suite\",\"$0\",\"ignoredWorkerServices\",\"wdi5\"]"}]}
COMMAND: POST /session/c4faaf2c0768716850a26568dcbf970b/execute/async - {"script":"<script> [21126 bytes]","args":[35000]}
RESULT: {"script":"<script> [21126 bytes]","args":[35000]}
COMMAND: POST /session/c4faaf2c0768716850a26568dcbf970b/element - {"using":"xpath","value":"//li[contains(@title ,\"Exit\")]"}
RESULT: {"using":"xpath","value":"//li[contains(@title ,\"Exit\")]"}
COMMAND: POST /session/c4faaf2c0768716850a26568dcbf970b/element/f.19DB9205A323DDBD447063DE6A5E99B9.d.115BFCDD9C254DAEA78248AB38BBC72D.e.8290/click - {}
RESULT: {}
COMMAND: GET /session/c4faaf2c0768716850a26568dcbf970b/screenshot - {}
RESULT: {}
COMMAND: POST /session/c4faaf2c0768716850a26568dcbf970b/element - {"using":"css selector","value":"#shell-header-logo"}
RESULT: {"using":"css selector","value":"#shell-header-logo"}
COMMAND: POST /session/c4faaf2c0768716850a26568dcbf970b/element/f.19DB9205A323DDBD447063DE6A5E99B9.d.115BFCDD9C254DAEA78248AB38BBC72D.e.8308/click - {}
RESULT: {}
COMMAND: GET /session/c4faaf2c0768716850a26568dcbf970b/screenshot - {}
RESULT: {}
]]></system-out>
    </testcase>
  </testsuite>
  <testsuite timestamp="2025-06-04T16:37:51" time="261.706" tests="1" failures="0" errors="0" skipped="0">
    <properties>
      <property name="specId" value="0" />
      <property name="suiteName" value="Webshop - download csv and pdf - set to proposal and submit a request" />
      <property name="capabilities" value="chrome.137_0_7151_56.windows" />
      <property name="file" value="file:///D:/a/1/s/test/specs/R2C/download-set-to-proposal-and-submit-a-request.spec.js" />
    </properties>
    <testcase classname="chrome.137_0_7151_56.windows.Webshop_-_download_csv_and_pdf_-_set_to_proposal_and_submit_a_request" name="Should create a new webshop request and verify the download proposal submit buttons" time="258.037">
      <system-out><![CDATA[
COMMAND: POST /session/c4faaf2c0768716850a26568dcbf970b/execute/async - {"script":"<script> [1562 bytes]","args":[{"selector":{"controlType":"sap.m.GenericTile","properties":{"header":"Webshop"}},"wdio_ui5_key":"sapm.GenericTile{\"header\":\"Webshop\"}"}]}
RESULT: {"script":"<script> [1562 bytes]","args":[{"selector":{"controlType":"sap.m.GenericTile","properties":{"header":"Webshop"}},"wdio_ui5_key":"sapm.GenericTile{\"header\":\"Webshop\"}"}]}
RESULT: undefined
COMMAND: POST /session/c4faaf2c0768716850a26568dcbf970b/element - {"using":"xpath","value":"//*[@id=\"__tile49\"]"}
RESULT: {"using":"xpath","value":"//*[@id=\"__tile49\"]"}
COMMAND: POST /session/c4faaf2c0768716850a26568dcbf970b/element/f.19DB9205A323DDBD447063DE6A5E99B9.d.115BFCDD9C254DAEA78248AB38BBC72D.e.8309/click - {}
RESULT: {}
COMMAND: GET /session/c4faaf2c0768716850a26568dcbf970b/screenshot - {}
RESULT: {}
COMMAND: POST /session/c4faaf2c0768716850a26568dcbf970b/elements - {"using":"xpath","value":"//span[text()='Error']"}
RESULT: {"using":"xpath","value":"//span[text()='Error']"}
COMMAND: POST /session/c4faaf2c0768716850a26568dcbf970b/element - {"using":"css selector","value":"#requestCreationDialog--createRequestPopUp-title-inner"}
RESULT: {"using":"css selector","value":"#requestCreationDialog--createRequestPopUp-title-inner"}
COMMAND: POST /session/c4faaf2c0768716850a26568dcbf970b/execute/sync - {"script":"<script> [8489 bytes]","args":[{"element-6066-11e4-a52e-4f735466cecf":"f.19DB9205A323DDBD447063DE6A5E99B9.d.115BFCDD9C254DAEA78248AB38BBC72D.e.8365","ELEMENT":"f.19DB9205A323DDBD447063DE6A5E99B9.d.115BFCDD9C254DAEA78248AB38BBC72D.e.8365"}]}
RESULT: {"script":"<script> [8489 bytes]","args":[{"element-6066-11e4-a52e-4f735466cecf":"f.19DB9205A323DDBD447063DE6A5E99B9.d.115BFCDD9C254DAEA78248AB38BBC72D.e.8365","ELEMENT":"f.19DB9205A323DDBD447063DE6A5E99B9.d.115BFCDD9C254DAEA78248AB38BBC72D.e.8365"}]}
COMMAND: GET /session/c4faaf2c0768716850a26568dcbf970b/element/f.19DB9205A323DDBD447063DE6A5E99B9.d.115BFCDD9C254DAEA78248AB38BBC72D.e.8365/enabled - {}
COMMAND: GET /session/c4faaf2c0768716850a26568dcbf970b/screenshot - {}
RESULT: {}
COMMAND: POST /session/c4faaf2c0768716850a26568dcbf970b/execute/async - {"script":"<script> [1562 bytes]","args":[{"selector":{"id":"requestCreationDialog--requestName","searchOpenDialogs":true,"interaction":{"idSuffix":"inner"}},"wdio_ui5_key":"requestCreationDialogrequestName"}]}
COMMAND: GET /session/c4faaf2c0768716850a26568dcbf970b/screenshot - {}
RESULT: {}
RESULT: {"script":"<script> [1562 bytes]","args":[{"selector":{"id":"requestCreationDialog--requestName","searchOpenDialogs":true,"interaction":{"idSuffix":"inner"}},"wdio_ui5_key":"requestCreationDialogrequestName"}]}
RESULT: undefined
COMMAND: POST /session/c4faaf2c0768716850a26568dcbf970b/execute/async - {"script":"<script> [776 bytes]","args":[{"enterText":"WebdriverTest","selector":{"id":"requestCreationDialog--requestName","searchOpenDialogs":true,"interaction":{"idSuffix":"inner"}},"clearTextFirst":true,"interactionType":"ENTER_TEXT"}]}
RESULT: {}
RESULT: {"script":"<script> [776 bytes]","args":[{"enterText":"WebdriverTest","selector":{"id":"requestCreationDialog--requestName","searchOpenDialogs":true,"interaction":{"idSuffix":"inner"}},"clearTextFirst":true,"interactionType":"ENTER_TEXT"}]}
COMMAND: POST /session/c4faaf2c0768716850a26568dcbf970b/element - {"using":"xpath","value":"//input[contains(@id ,\"requestCreationDialog--contract-inner\")]"}
RESULT: {"using":"xpath","value":"//input[contains(@id ,\"requestCreationDialog--contract-inner\")]"}
COMMAND: POST /session/c4faaf2c0768716850a26568dcbf970b/element/f.19DB9205A323DDBD447063DE6A5E99B9.d.115BFCDD9C254DAEA78248AB38BBC72D.e.8351/clear - {}
RESULT: {}
COMMAND: POST /session/c4faaf2c0768716850a26568dcbf970b/element/f.19DB9205A323DDBD447063DE6A5E99B9.d.115BFCDD9C254DAEA78248AB38BBC72D.e.8351/value - {"text":"10453"}
COMMAND: GET /session/c4faaf2c0768716850a26568dcbf970b/screenshot - {}
RESULT: {"text":"10453"}
COMMAND: GET /session/c4faaf2c0768716850a26568dcbf970b/screenshot - {}
RESULT: {}
RESULT: {}
COMMAND: POST /session/c4faaf2c0768716850a26568dcbf970b/actions - {"actions":[{"id":"action25","type":"key","parameters":{},"actions":[{"type":"keyDown","value":"î€‡"},{"type":"pause","duration":10},{"type":"keyUp","value":"î€‡"}]}]}
RESULT: {"actions":[{"id":"action25","type":"key","parameters":{},"actions":[{"type":"keyDown","value":"î€‡"},{"type":"pause","duration":10},{"type":"keyUp","value":"î€‡"}]}]}
COMMAND: GET /session/c4faaf2c0768716850a26568dcbf970b/screenshot - {}
RESULT: {}
COMMAND: POST /session/c4faaf2c0768716850a26568dcbf970b/element - {"using":"xpath","value":"//input[contains(@id ,\"requestCreationDialog--contract-inner\")]"}
RESULT: {"using":"xpath","value":"//input[contains(@id ,\"requestCreationDialog--contract-inner\")]"}
COMMAND: GET /session/c4faaf2c0768716850a26568dcbf970b/element/f.19DB9205A323DDBD447063DE6A5E99B9.d.115BFCDD9C254DAEA78248AB38BBC72D.e.8351/property/value - {}
RESULT: {}
COMMAND: POST /session/c4faaf2c0768716850a26568dcbf970b/element - {"using":"xpath","value":"//input[contains(@id ,\"requestCreationDialog--contract-inner\")]"}
COMMAND: GET /session/c4faaf2c0768716850a26568dcbf970b/screenshot - {}
RESULT: {"using":"xpath","value":"//input[contains(@id ,\"requestCreationDialog--contract-inner\")]"}
COMMAND: POST /session/c4faaf2c0768716850a26568dcbf970b/execute/async - {"script":"<script> [1562 bytes]","args":[{"selector":{"id":"requestCreationDialog--okButton","searchOpenDialogs":true,"interaction":{"idSuffix":"BDI-content"}},"wdio_ui5_key":"requestCreationDialogokButton"}]}
RESULT: {}
RESULT: {"script":"<script> [1562 bytes]","args":[{"selector":{"id":"requestCreationDialog--okButton","searchOpenDialogs":true,"interaction":{"idSuffix":"BDI-content"}},"wdio_ui5_key":"requestCreationDialogokButton"}]}
RESULT: undefined
COMMAND: POST /session/c4faaf2c0768716850a26568dcbf970b/element - {"using":"xpath","value":"//*[@id=\"requestCreationDialog--okButton\"]"}
RESULT: {"using":"xpath","value":"//*[@id=\"requestCreationDialog--okButton\"]"}
COMMAND: POST /session/c4faaf2c0768716850a26568dcbf970b/element/f.19DB9205A323DDBD447063DE6A5E99B9.d.115BFCDD9C254DAEA78248AB38BBC72D.e.8373/click - {}
RESULT: {}
COMMAND: GET /session/c4faaf2c0768716850a26568dcbf970b/screenshot - {}
RESULT: {}
COMMAND: POST /session/c4faaf2c0768716850a26568dcbf970b/element - {"using":"xpath","value":"//input[contains(@id ,\"searchFiledId-I\")]"}
RESULT: {"using":"xpath","value":"//input[contains(@id ,\"searchFiledId-I\")]"}
COMMAND: POST /session/c4faaf2c0768716850a26568dcbf970b/element/f.19DB9205A323DDBD447063DE6A5E99B9.d.115BFCDD9C254DAEA78248AB38BBC72D.e.8311/value - {"text":"Dri-Prime CD150M Diesel Pump"}
RESULT: {"text":"Dri-Prime CD150M Diesel Pump"}
COMMAND: POST /session/c4faaf2c0768716850a26568dcbf970b/actions - {"actions":[{"id":"action26","type":"key","parameters":{},"actions":[{"type":"keyDown","value":"î€‡"},{"type":"pause","duration":10},{"type":"keyUp","value":"î€‡"}]}]}
COMMAND: GET /session/c4faaf2c0768716850a26568dcbf970b/screenshot - {}
RESULT: {"actions":[{"id":"action26","type":"key","parameters":{},"actions":[{"type":"keyDown","value":"î€‡"},{"type":"pause","duration":10},{"type":"keyUp","value":"î€‡"}]}]}
COMMAND: GET /session/c4faaf2c0768716850a26568dcbf970b/screenshot - {}
RESULT: {}
RESULT: {}
COMMAND: POST /session/c4faaf2c0768716850a26568dcbf970b/element - {"using":"xpath","value":"//span[contains(@id ,\"subTitle\")][contains(text(), \"Dri-Prime CD150M Diesel Pump\")]"}
RESULT: {"using":"xpath","value":"//span[contains(@id ,\"subTitle\")][contains(text(), \"Dri-Prime CD150M Diesel Pump\")]"}
COMMAND: POST /session/c4faaf2c0768716850a26568dcbf970b/element/f.19DB9205A323DDBD447063DE6A5E99B9.d.115BFCDD9C254DAEA78248AB38BBC72D.e.8381/click - {}
RESULT: {}
COMMAND: GET /session/c4faaf2c0768716850a26568dcbf970b/screenshot - {}
RESULT: {}
COMMAND: POST /session/c4faaf2c0768716850a26568dcbf970b/execute/async - {"script":"<script> [1562 bytes]","args":[{"selector":{"controlType":"sap.m.Button","viewName":"etm.portal.ui.webshop.view.Homepage","i18NText":{"propertyName":"text","key":"addToRequest"},"interaction":{"idSuffix":"BDI-content"}},"wdio_ui5_key":"etmportal.ui.webshop.view.Homepagesap.m.Button{\"propertyName\":\"text\",\"key\":\"addToRequest\"}"}]}
RESULT: {"script":"<script> [1562 bytes]","args":[{"selector":{"controlType":"sap.m.Button","viewName":"etm.portal.ui.webshop.view.Homepage","i18NText":{"propertyName":"text","key":"addToRequest"},"interaction":{"idSuffix":"BDI-content"}},"wdio_ui5_key":"etmportal.ui.webshop.view.Homepagesap.m.Button{\"propertyName\":\"text\",\"key\":\"addToRequest\"}"}]}
RESULT: undefined
COMMAND: POST /session/c4faaf2c0768716850a26568dcbf970b/element - {"using":"xpath","value":"//*[@id=\"__button13\"]"}
RESULT: {"using":"xpath","value":"//*[@id=\"__button13\"]"}
COMMAND: POST /session/c4faaf2c0768716850a26568dcbf970b/element/f.19DB9205A323DDBD447063DE6A5E99B9.d.115BFCDD9C254DAEA78248AB38BBC72D.e.8395/click - {}
RESULT: {}
COMMAND: GET /session/c4faaf2c0768716850a26568dcbf970b/screenshot - {}
RESULT: {}
COMMAND: POST /session/c4faaf2c0768716850a26568dcbf970b/element - {"using":"xpath","value":"//*[contains(@id ,\"activeCartId-BDI-content\")]"}
RESULT: {"using":"xpath","value":"//*[contains(@id ,\"activeCartId-BDI-content\")]"}
COMMAND: POST /session/c4faaf2c0768716850a26568dcbf970b/element/f.19DB9205A323DDBD447063DE6A5E99B9.d.115BFCDD9C254DAEA78248AB38BBC72D.e.8403/click - {}
RESULT: {}
COMMAND: GET /session/c4faaf2c0768716850a26568dcbf970b/screenshot - {}
RESULT: {}
COMMAND: POST /session/c4faaf2c0768716850a26568dcbf970b/element - {"using":"xpath","value":"//bdi[contains(text(), \"Check out my request\")]"}
RESULT: {"using":"xpath","value":"//bdi[contains(text(), \"Check out my request\")]"}
COMMAND: POST /session/c4faaf2c0768716850a26568dcbf970b/element/f.19DB9205A323DDBD447063DE6A5E99B9.d.115BFCDD9C254DAEA78248AB38BBC72D.e.8405/click - {}
RESULT: {}
COMMAND: GET /session/c4faaf2c0768716850a26568dcbf970b/screenshot - {}
RESULT: {}
COMMAND: POST /session/c4faaf2c0768716850a26568dcbf970b/element - {"using":"xpath","value":"(//header/div[1]/div[3]/div/span)[1]"}
RESULT: {"using":"xpath","value":"(//header/div[1]/div[3]/div/span)[1]"}
COMMAND: POST /session/c4faaf2c0768716850a26568dcbf970b/execute/sync - {"script":"<script> [149 bytes]","args":[{"element-6066-11e4-a52e-4f735466cecf":"f.19DB9205A323DDBD447063DE6A5E99B9.d.115BFCDD9C254DAEA78248AB38BBC72D.e.8473","ELEMENT":"f.19DB9205A323DDBD447063DE6A5E99B9.d.115BFCDD9C254DAEA78248AB38BBC72D.e.8473"},false]}
RESULT: {"script":"<script> [149 bytes]","args":[{"element-6066-11e4-a52e-4f735466cecf":"f.19DB9205A323DDBD447063DE6A5E99B9.d.115BFCDD9C254DAEA78248AB38BBC72D.e.8473","ELEMENT":"f.19DB9205A323DDBD447063DE6A5E99B9.d.115BFCDD9C254DAEA78248AB38BBC72D.e.8473"},false]}
COMMAND: POST /session/c4faaf2c0768716850a26568dcbf970b/element - {"using":"xpath","value":"(//div[contains(@data-kt ,\"characteristicsObjectStatus\")])[1]"}
COMMAND: GET /session/c4faaf2c0768716850a26568dcbf970b/screenshot - {}
RESULT: {"using":"xpath","value":"(//div[contains(@data-kt ,\"characteristicsObjectStatus\")])[1]"}
COMMAND: POST /session/c4faaf2c0768716850a26568dcbf970b/element/f.19DB9205A323DDBD447063DE6A5E99B9.d.115BFCDD9C254DAEA78248AB38BBC72D.e.8474/click - {}
RESULT: {}
RESULT: {}
COMMAND: GET /session/c4faaf2c0768716850a26568dcbf970b/screenshot - {}
RESULT: {}
COMMAND: POST /session/c4faaf2c0768716850a26568dcbf970b/element - {"using":"xpath","value":"//input[contains(@id ,\"costObjectAdminTypeComboBox-inner\")]"}
RESULT: {"using":"xpath","value":"//input[contains(@id ,\"costObjectAdminTypeComboBox-inner\")]"}
COMMAND: POST /session/c4faaf2c0768716850a26568dcbf970b/element/f.19DB9205A323DDBD447063DE6A5E99B9.d.115BFCDD9C254DAEA78248AB38BBC72D.e.8476/clear - {}
RESULT: {}
COMMAND: POST /session/c4faaf2c0768716850a26568dcbf970b/element/f.19DB9205A323DDBD447063DE6A5E99B9.d.115BFCDD9C254DAEA78248AB38BBC72D.e.8476/value - {"text":"Cost Center"}
COMMAND: GET /session/c4faaf2c0768716850a26568dcbf970b/screenshot - {}
RESULT: {"text":"Cost Center"}
COMMAND: GET /session/c4faaf2c0768716850a26568dcbf970b/screenshot - {}
RESULT: {}
RESULT: {}
COMMAND: POST /session/c4faaf2c0768716850a26568dcbf970b/actions - {"actions":[{"id":"action27","type":"key","parameters":{},"actions":[{"type":"keyDown","value":"î€‡"},{"type":"pause","duration":10},{"type":"keyUp","value":"î€‡"}]}]}
RESULT: {"actions":[{"id":"action27","type":"key","parameters":{},"actions":[{"type":"keyDown","value":"î€‡"},{"type":"pause","duration":10},{"type":"keyUp","value":"î€‡"}]}]}
COMMAND: GET /session/c4faaf2c0768716850a26568dcbf970b/screenshot - {}
RESULT: {}
COMMAND: POST /session/c4faaf2c0768716850a26568dcbf970b/element - {"using":"xpath","value":"//input[contains(@id ,\"costObjectIdComboBox-inner\")]"}
RESULT: {"using":"xpath","value":"//input[contains(@id ,\"costObjectIdComboBox-inner\")]"}
COMMAND: POST /session/c4faaf2c0768716850a26568dcbf970b/element/f.19DB9205A323DDBD447063DE6A5E99B9.d.115BFCDD9C254DAEA78248AB38BBC72D.e.8486/clear - {}
RESULT: {}
COMMAND: POST /session/c4faaf2c0768716850a26568dcbf970b/element/f.19DB9205A323DDBD447063DE6A5E99B9.d.115BFCDD9C254DAEA78248AB38BBC72D.e.8486/value - {"text":"Vigra"}
COMMAND: GET /session/c4faaf2c0768716850a26568dcbf970b/screenshot - {}
RESULT: {"text":"Vigra"}
COMMAND: GET /session/c4faaf2c0768716850a26568dcbf970b/screenshot - {}
RESULT: {}
RESULT: {}
COMMAND: POST /session/c4faaf2c0768716850a26568dcbf970b/actions - {"actions":[{"id":"action28","type":"key","parameters":{},"actions":[{"type":"keyDown","value":"î€‡"},{"type":"pause","duration":10},{"type":"keyUp","value":"î€‡"}]}]}
RESULT: {"actions":[{"id":"action28","type":"key","parameters":{},"actions":[{"type":"keyDown","value":"î€‡"},{"type":"pause","duration":10},{"type":"keyUp","value":"î€‡"}]}]}
COMMAND: GET /session/c4faaf2c0768716850a26568dcbf970b/screenshot - {}
RESULT: {}
COMMAND: POST /session/c4faaf2c0768716850a26568dcbf970b/element - {"using":"xpath","value":"//bdi[contains(text(), \"Save\")]"}
RESULT: {"using":"xpath","value":"//bdi[contains(text(), \"Save\")]"}
COMMAND: POST /session/c4faaf2c0768716850a26568dcbf970b/element/f.19DB9205A323DDBD447063DE6A5E99B9.d.115BFCDD9C254DAEA78248AB38BBC72D.e.8491/click - {}
RESULT: {}
COMMAND: GET /session/c4faaf2c0768716850a26568dcbf970b/screenshot - {}
RESULT: {}
COMMAND: POST /session/c4faaf2c0768716850a26568dcbf970b/execute/async - {"script":"<script> [1562 bytes]","args":[{"selector":{"controlType":"sap.ui.core.Icon","viewName":"etm.portal.ui.webshop.view.RequestDetail","properties":{"src":{"regex":{"source":"slim\\-arrow\\-down"}}},"ancestor":{"controlType":"sap.m.SplitButton","viewName":"etm.portal.ui.webshop.view.RequestDetail","properties":{"text":"Download"}}},"wdio_ui5_key":"etmportal.ui.webshop.view.RequestDetailsap.ui.core.Icon{\"src\":{\"regex\":{\"source\":\"slim\\\\-arrow\\\\-down\"}}}{\"controlType\":\"sap.m.SplitButton\",\"viewName\":\"etm.portal.ui.webshop.view.RequestDetail\",\"properties\":{\"text\":\"Download\"}}"}]}
RESULT: {"script":"<script> [1562 bytes]","args":[{"selector":{"controlType":"sap.ui.core.Icon","viewName":"etm.portal.ui.webshop.view.RequestDetail","properties":{"src":{"regex":{"source":"slim\\-arrow\\-down"}}},"ancestor":{"controlType":"sap.m.SplitButton","viewName":"etm.portal.ui.webshop.view.RequestDetail","properties":{"text":"Download"}}},"wdio_ui5_key":"etmportal.ui.webshop.view.RequestDetailsap.ui.core.Icon{\"src\":{\"regex\":{\"source\":\"slim\\\\-arrow\\\\-down\"}}}{\"controlType\":\"sap.m.SplitButton\",\"viewName\":\"etm.portal.ui.webshop.view.RequestDetail\",\"properties\":{\"text\":\"Download\"}}"}]}
RESULT: undefined
COMMAND: POST /session/c4faaf2c0768716850a26568dcbf970b/element - {"using":"xpath","value":"//*[@id=\"__button18-internalSplitBtn-arrowButton-img\"]"}
RESULT: {"using":"xpath","value":"//*[@id=\"__button18-internalSplitBtn-arrowButton-img\"]"}
COMMAND: POST /session/c4faaf2c0768716850a26568dcbf970b/element/f.19DB9205A323DDBD447063DE6A5E99B9.d.115BFCDD9C254DAEA78248AB38BBC72D.e.8502/click - {}
RESULT: {}
COMMAND: GET /session/c4faaf2c0768716850a26568dcbf970b/screenshot - {}
RESULT: {}
COMMAND: POST /session/c4faaf2c0768716850a26568dcbf970b/actions - {"actions":[{"id":"action29","type":"key","parameters":{},"actions":[{"type":"keyDown","value":"î€‡"},{"type":"pause","duration":10},{"type":"keyUp","value":"î€‡"}]}]}
RESULT: {"actions":[{"id":"action29","type":"key","parameters":{},"actions":[{"type":"keyDown","value":"î€‡"},{"type":"pause","duration":10},{"type":"keyUp","value":"î€‡"}]}]}
COMMAND: GET /session/c4faaf2c0768716850a26568dcbf970b/screenshot - {}
RESULT: {}
COMMAND: GET /session/c4faaf2c0768716850a26568dcbf970b/window/handles - {}
RESULT: {}
COMMAND: POST /session/c4faaf2c0768716850a26568dcbf970b/window - {"handle":"CAE0D183E5392FB2A723172211FCC01C"}
RESULT: {"handle":"CAE0D183E5392FB2A723172211FCC01C"}
COMMAND: GET /session/c4faaf2c0768716850a26568dcbf970b/url - {}
RESULT: {}
COMMAND: GET /session/c4faaf2c0768716850a26568dcbf970b/screenshot - {}
RESULT: {}
COMMAND: DELETE /session/c4faaf2c0768716850a26568dcbf970b/window - {}
RESULT: {}
COMMAND: POST /session/c4faaf2c0768716850a26568dcbf970b/window - {"handle":"19DB9205A323DDBD447063DE6A5E99B9"}
RESULT: {"handle":"19DB9205A323DDBD447063DE6A5E99B9"}
COMMAND: GET /session/c4faaf2c0768716850a26568dcbf970b/url - {}
RESULT: {}
COMMAND: GET /session/c4faaf2c0768716850a26568dcbf970b/screenshot - {}
RESULT: {}
COMMAND: POST /session/c4faaf2c0768716850a26568dcbf970b/element - {"using":"xpath","value":"(//span[contains(@id ,\"internalSplitBtn-arrowButton-img\")])[1]"}
RESULT: {"using":"xpath","value":"(//span[contains(@id ,\"internalSplitBtn-arrowButton-img\")])[1]"}
COMMAND: POST /session/c4faaf2c0768716850a26568dcbf970b/element/f.19DB9205A323DDBD447063DE6A5E99B9.d.115BFCDD9C254DAEA78248AB38BBC72D.e.8502/click - {}
RESULT: {}
COMMAND: GET /session/c4faaf2c0768716850a26568dcbf970b/screenshot - {}
RESULT: {}
COMMAND: POST /session/c4faaf2c0768716850a26568dcbf970b/actions - {"actions":[{"id":"action30","type":"key","parameters":{},"actions":[{"type":"keyDown","value":"î€•"},{"type":"pause","duration":10},{"type":"keyUp","value":"î€•"}]}]}
RESULT: {"actions":[{"id":"action30","type":"key","parameters":{},"actions":[{"type":"keyDown","value":"î€•"},{"type":"pause","duration":10},{"type":"keyUp","value":"î€•"}]}]}
COMMAND: POST /session/c4faaf2c0768716850a26568dcbf970b/actions - {"actions":[{"id":"action31","type":"key","parameters":{},"actions":[{"type":"keyDown","value":"î€‡"},{"type":"pause","duration":10},{"type":"keyUp","value":"î€‡"}]}]}
COMMAND: GET /session/c4faaf2c0768716850a26568dcbf970b/screenshot - {}
RESULT: {"actions":[{"id":"action31","type":"key","parameters":{},"actions":[{"type":"keyDown","value":"î€‡"},{"type":"pause","duration":10},{"type":"keyUp","value":"î€‡"}]}]}
COMMAND: GET /session/c4faaf2c0768716850a26568dcbf970b/screenshot - {}
RESULT: {}
RESULT: {}
COMMAND: GET /session/c4faaf2c0768716850a26568dcbf970b/window/handles - {}
RESULT: {}
COMMAND: POST /session/c4faaf2c0768716850a26568dcbf970b/window - {"handle":"450CF0954A0C6CC4C3AD276B901AAC7B"}
RESULT: {"handle":"450CF0954A0C6CC4C3AD276B901AAC7B"}
COMMAND: GET /session/c4faaf2c0768716850a26568dcbf970b/url - {}
RESULT: {}
COMMAND: GET /session/c4faaf2c0768716850a26568dcbf970b/screenshot - {}
RESULT: {}
COMMAND: DELETE /session/c4faaf2c0768716850a26568dcbf970b/window - {}
RESULT: {}
COMMAND: POST /session/c4faaf2c0768716850a26568dcbf970b/window - {"handle":"19DB9205A323DDBD447063DE6A5E99B9"}
RESULT: {"handle":"19DB9205A323DDBD447063DE6A5E99B9"}
COMMAND: GET /session/c4faaf2c0768716850a26568dcbf970b/url - {}
RESULT: {}
COMMAND: GET /session/c4faaf2c0768716850a26568dcbf970b/screenshot - {}
RESULT: {}
COMMAND: POST /session/c4faaf2c0768716850a26568dcbf970b/execute/async - {"script":"<script> [1562 bytes]","args":[{"selector":{"controlType":"sap.ui.core.Icon","viewName":"etm.portal.ui.webshop.view.RequestDetail","properties":{"src":{"regex":{"source":"slim\\-arrow\\-down"}}},"ancestor":{"controlType":"sap.m.SplitButton","viewName":"etm.portal.ui.webshop.view.RequestDetail","properties":{"text":"Actions"}}},"wdio_ui5_key":"etmportal.ui.webshop.view.RequestDetailsap.ui.core.Icon{\"src\":{\"regex\":{\"source\":\"slim\\\\-arrow\\\\-down\"}}}{\"controlType\":\"sap.m.SplitButton\",\"viewName\":\"etm.portal.ui.webshop.view.RequestDetail\",\"properties\":{\"text\":\"Actions\"}}"}]}
RESULT: {"script":"<script> [1562 bytes]","args":[{"selector":{"controlType":"sap.ui.core.Icon","viewName":"etm.portal.ui.webshop.view.RequestDetail","properties":{"src":{"regex":{"source":"slim\\-arrow\\-down"}}},"ancestor":{"controlType":"sap.m.SplitButton","viewName":"etm.portal.ui.webshop.view.RequestDetail","properties":{"text":"Actions"}}},"wdio_ui5_key":"etmportal.ui.webshop.view.RequestDetailsap.ui.core.Icon{\"src\":{\"regex\":{\"source\":\"slim\\\\-arrow\\\\-down\"}}}{\"controlType\":\"sap.m.SplitButton\",\"viewName\":\"etm.portal.ui.webshop.view.RequestDetail\",\"properties\":{\"text\":\"Actions\"}}"}]}
RESULT: undefined
COMMAND: POST /session/c4faaf2c0768716850a26568dcbf970b/element - {"using":"xpath","value":"//*[@id=\"__xmlview60--actionsMenuButton-internalSplitBtn-arrowButton-img\"]"}
RESULT: {"using":"xpath","value":"//*[@id=\"__xmlview60--actionsMenuButton-internalSplitBtn-arrowButton-img\"]"}
COMMAND: POST /session/c4faaf2c0768716850a26568dcbf970b/element/f.19DB9205A323DDBD447063DE6A5E99B9.d.115BFCDD9C254DAEA78248AB38BBC72D.e.8508/click - {}
RESULT: {}
COMMAND: GET /session/c4faaf2c0768716850a26568dcbf970b/screenshot - {}
RESULT: {}
COMMAND: POST /session/c4faaf2c0768716850a26568dcbf970b/actions - {"actions":[{"id":"action32","type":"key","parameters":{},"actions":[{"type":"keyDown","value":"î€‡"},{"type":"pause","duration":10},{"type":"keyUp","value":"î€‡"}]}]}
RESULT: {"actions":[{"id":"action32","type":"key","parameters":{},"actions":[{"type":"keyDown","value":"î€‡"},{"type":"pause","duration":10},{"type":"keyUp","value":"î€‡"}]}]}
COMMAND: POST /session/c4faaf2c0768716850a26568dcbf970b/element - {"using":"xpath","value":"//div[contains(@class ,\"sapMMessageToast sapUiSelectable sapContrast sapContrastPlus\")]"}
COMMAND: GET /session/c4faaf2c0768716850a26568dcbf970b/screenshot - {}
RESULT: {"using":"xpath","value":"//div[contains(@class ,\"sapMMessageToast sapUiSelectable sapContrast sapContrastPlus\")]"}
COMMAND: POST /session/c4faaf2c0768716850a26568dcbf970b/element - {"using":"xpath","value":"//div[contains(@class ,\"sapMMessageToast sapUiSelectable sapContrast sapContrastPlus\")]"}
RESULT: {}
RESULT: {"using":"xpath","value":"//div[contains(@class ,\"sapMMessageToast sapUiSelectable sapContrast sapContrastPlus\")]"}
COMMAND: POST /session/c4faaf2c0768716850a26568dcbf970b/execute/sync - {"script":"<script> [8489 bytes]","args":[{"element-6066-11e4-a52e-4f735466cecf":"f.19DB9205A323DDBD447063DE6A5E99B9.d.115BFCDD9C254DAEA78248AB38BBC72D.e.8514","ELEMENT":"f.19DB9205A323DDBD447063DE6A5E99B9.d.115BFCDD9C254DAEA78248AB38BBC72D.e.8514"}]}
RESULT: {"script":"<script> [8489 bytes]","args":[{"element-6066-11e4-a52e-4f735466cecf":"f.19DB9205A323DDBD447063DE6A5E99B9.d.115BFCDD9C254DAEA78248AB38BBC72D.e.8514","ELEMENT":"f.19DB9205A323DDBD447063DE6A5E99B9.d.115BFCDD9C254DAEA78248AB38BBC72D.e.8514"}]}
COMMAND: GET /session/c4faaf2c0768716850a26568dcbf970b/element/f.19DB9205A323DDBD447063DE6A5E99B9.d.115BFCDD9C254DAEA78248AB38BBC72D.e.8514/text - {}
COMMAND: GET /session/c4faaf2c0768716850a26568dcbf970b/screenshot - {}
RESULT: {}
RESULT: {}
COMMAND: POST /session/c4faaf2c0768716850a26568dcbf970b/execute/async - {"script":"<script> [1562 bytes]","args":[{"selector":{"controlType":"sap.m.ObjectStatus","viewName":"etm.portal.ui.webshop.view.RequestDetail","bindingPath":{"path":"/RequestHeaders(NO='20258')","propertyPath":"LINK_TO_STATUS/DESCRIPTION","modelName":"catalogModel"}},"wdio_ui5_key":"etmportal.ui.webshop.view.RequestDetailsap.m.ObjectStatus{\"path\":\"/RequestHeaders(NO='20258')\",\"propertyPath\":\"LINK_TO_STATUS/DESCRIPTION\",\"modelName\":\"catalogModel\"}"}]}
RESULT: {"script":"<script> [1562 bytes]","args":[{"selector":{"controlType":"sap.m.ObjectStatus","viewName":"etm.portal.ui.webshop.view.RequestDetail","bindingPath":{"path":"/RequestHeaders(NO='20258')","propertyPath":"LINK_TO_STATUS/DESCRIPTION","modelName":"catalogModel"}},"wdio_ui5_key":"etmportal.ui.webshop.view.RequestDetailsap.m.ObjectStatus{\"path\":\"/RequestHeaders(NO='20258')\",\"propertyPath\":\"LINK_TO_STATUS/DESCRIPTION\",\"modelName\":\"catalogModel\"}"}]}
RESULT: undefined
COMMAND: POST /session/c4faaf2c0768716850a26568dcbf970b/execute/async - {"script":"<script> [6424 bytes]","args":[{"element-6066-11e4-a52e-4f735466cecf":"f.19DB9205A323DDBD447063DE6A5E99B9.d.115BFCDD9C254DAEA78248AB38BBC72D.e.8528"},"getText",[]]}
RESULT: {"script":"<script> [6424 bytes]","args":[{"element-6066-11e4-a52e-4f735466cecf":"f.19DB9205A323DDBD447063DE6A5E99B9.d.115BFCDD9C254DAEA78248AB38BBC72D.e.8528"},"getText",[]]}
COMMAND: POST /session/c4faaf2c0768716850a26568dcbf970b/element - {"using":"xpath","value":"(//span[contains(@id ,\"internalSplitBtn-arrowButton-img\")])[1]"}
RESULT: {"using":"xpath","value":"(//span[contains(@id ,\"internalSplitBtn-arrowButton-img\")])[1]"}
COMMAND: POST /session/c4faaf2c0768716850a26568dcbf970b/element/f.19DB9205A323DDBD447063DE6A5E99B9.d.115BFCDD9C254DAEA78248AB38BBC72D.e.8524/click - {}
RESULT: {}
COMMAND: GET /session/c4faaf2c0768716850a26568dcbf970b/screenshot - {}
RESULT: {}
COMMAND: POST /session/c4faaf2c0768716850a26568dcbf970b/actions - {"actions":[{"id":"action33","type":"key","parameters":{},"actions":[{"type":"keyDown","value":"î€‡"},{"type":"pause","duration":10},{"type":"keyUp","value":"î€‡"}]}]}
RESULT: {"actions":[{"id":"action33","type":"key","parameters":{},"actions":[{"type":"keyDown","value":"î€‡"},{"type":"pause","duration":10},{"type":"keyUp","value":"î€‡"}]}]}
COMMAND: GET /session/c4faaf2c0768716850a26568dcbf970b/screenshot - {}
RESULT: {}
COMMAND: POST /session/c4faaf2c0768716850a26568dcbf970b/element - {"using":"xpath","value":"//input[contains(@id ,\"smartFilterBar-btnBasicSearch-I\")]"}
RESULT: {"using":"xpath","value":"//input[contains(@id ,\"smartFilterBar-btnBasicSearch-I\")]"}
COMMAND: POST /session/c4faaf2c0768716850a26568dcbf970b/element/f.19DB9205A323DDBD447063DE6A5E99B9.d.115BFCDD9C254DAEA78248AB38BBC72D.e.8533/clear - {}
RESULT: {}
COMMAND: POST /session/c4faaf2c0768716850a26568dcbf970b/element/f.19DB9205A323DDBD447063DE6A5E99B9.d.115BFCDD9C254DAEA78248AB38BBC72D.e.8533/value - {"text":"20258"}
COMMAND: GET /session/c4faaf2c0768716850a26568dcbf970b/screenshot - {}
RESULT: {"text":"20258"}
COMMAND: GET /session/c4faaf2c0768716850a26568dcbf970b/screenshot - {}
RESULT: {}
RESULT: {}
COMMAND: POST /session/c4faaf2c0768716850a26568dcbf970b/actions - {"actions":[{"id":"action34","type":"key","parameters":{},"actions":[{"type":"keyDown","value":"î€‡"},{"type":"pause","duration":10},{"type":"keyUp","value":"î€‡"}]}]}
RESULT: {"actions":[{"id":"action34","type":"key","parameters":{},"actions":[{"type":"keyDown","value":"î€‡"},{"type":"pause","duration":10},{"type":"keyUp","value":"î€‡"}]}]}
COMMAND: GET /session/c4faaf2c0768716850a26568dcbf970b/screenshot - {}
RESULT: {}
COMMAND: POST /session/c4faaf2c0768716850a26568dcbf970b/execute/async - {"script":"<script> [1562 bytes]","args":[{"selector":{"controlType":"sap.m.ObjectStatus","viewName":"etm.portal.ui.webshop.view.RequestMaster","bindingPath":{"path":"/SmartWebshopRequests('20258')","propertyPath":"STATUS_DESCRIPTION"}},"wdio_ui5_key":"etmportal.ui.webshop.view.RequestMastersap.m.ObjectStatus{\"path\":\"/SmartWebshopRequests('20258')\",\"propertyPath\":\"STATUS_DESCRIPTION\"}"}]}
RESULT: {"script":"<script> [1562 bytes]","args":[{"selector":{"controlType":"sap.m.ObjectStatus","viewName":"etm.portal.ui.webshop.view.RequestMaster","bindingPath":{"path":"/SmartWebshopRequests('20258')","propertyPath":"STATUS_DESCRIPTION"}},"wdio_ui5_key":"etmportal.ui.webshop.view.RequestMastersap.m.ObjectStatus{\"path\":\"/SmartWebshopRequests('20258')\",\"propertyPath\":\"STATUS_DESCRIPTION\"}"}]}
RESULT: undefined
COMMAND: POST /session/c4faaf2c0768716850a26568dcbf970b/execute/async - {"script":"<script> [6424 bytes]","args":[{"element-6066-11e4-a52e-4f735466cecf":"f.19DB9205A323DDBD447063DE6A5E99B9.d.115BFCDD9C254DAEA78248AB38BBC72D.e.8612"},"getText",[]]}
RESULT: {"script":"<script> [6424 bytes]","args":[{"element-6066-11e4-a52e-4f735466cecf":"f.19DB9205A323DDBD447063DE6A5E99B9.d.115BFCDD9C254DAEA78248AB38BBC72D.e.8612"},"getText",[]]}
COMMAND: POST /session/c4faaf2c0768716850a26568dcbf970b/refresh - {}
RESULT: {}
COMMAND: GET /session/c4faaf2c0768716850a26568dcbf970b/screenshot - {}
RESULT: {}
COMMAND: POST /session/c4faaf2c0768716850a26568dcbf970b/execute/async - {"script":"<script> [189 bytes]","args":[]}
RESULT: {"script":"<script> [189 bytes]","args":[]}
COMMAND: POST /session/c4faaf2c0768716850a26568dcbf970b/execute/async - {"script":"<script> [123 bytes]","args":[]}
RESULT: {"script":"<script> [123 bytes]","args":[]}
COMMAND: POST /session/c4faaf2c0768716850a26568dcbf970b/timeouts - {"script":"<number>"}
RESULT: {"script":"<number>"}
COMMAND: GET /session/c4faaf2c0768716850a26568dcbf970b/timeouts - {}
RESULT: {}
RESULT: undefined
COMMAND: POST /session/c4faaf2c0768716850a26568dcbf970b/execute/async - {"script":"<script> [2676 bytes]","args":[]}
RESULT: {"script":"<script> [2676 bytes]","args":[]}
COMMAND: POST /session/c4faaf2c0768716850a26568dcbf970b/execute/async - {"script":"<script> [2342 bytes]","args":[{"protocol":"http","hostname":"0.0.0.0","path":"/","capabilities":{"browserName":"chrome","goog:chromeOptions":{"binary":"C:\\Program Files\\Google\\Chrome\\Application\\chrome.exe","args":["--start-maximized"]}},"logLevel":"warn","connectionRetryTimeout":120000,"connectionRetryCount":3,"logLevels":{},"enableDirectConnect":true,"strictSSL":true,"_":"65 more keys: [\"cacheDir\",\"port\",\"requestedCapabilities\",\"automationProtocol\",\"baseUrl\",\"waitforInterval\",\"waitforTimeout\",\"onReload\",\"beforeCommand\",\"afterCommand\",\"rootDir\",\"specs\",\"suites\",\"exclude\",\"groupLogsByTestSpec\",\"excludeDriverLogs\",\"bail\",\"framework\",\"reporters\",\"services\",\"maxInstances\",\"maxInstancesPerCapability\",\"injectGlobals\",\"filesToWatch\",\"execArgv\",\"runnerEnv\",\"runner\",\"shard\",\"specFileRetries\",\"specFileRetriesDelay\",\"specFileRetriesDeferred\",\"reporterSyncInterval\",\"reporterSyncTimeout\",\"cucumberFeaturesWithLineNumbers\",\"autoCompileOpts\",\"mochaOpts\",\"jasmineOpts\",\"cucumberOpts\",\"onPrepare\",\"onWorkerStart\",\"onWorkerEnd\",\"before\",\"beforeSession\",\"beforeSuite\",\"beforeHook\",\"beforeTest\",\"afterTest\",\"afterHook\",\"afterSuite\",\"afterSession\",\"after\",\"onComplete\",\"beforeAssertion\",\"afterAssertion\",\"beforeFeature\",\"beforeScenario\",\"beforeStep\",\"afterStep\",\"afterScenario\",\"afterFeature\",\"_\",\"suite\",\"$0\",\"ignoredWorkerServices\",\"wdi5\"]"}]}
RESULT: {"script":"<script> [2342 bytes]","args":[{"protocol":"http","hostname":"0.0.0.0","path":"/","capabilities":{"browserName":"chrome","goog:chromeOptions":{"binary":"C:\\Program Files\\Google\\Chrome\\Application\\chrome.exe","args":["--start-maximized"]}},"logLevel":"warn","connectionRetryTimeout":120000,"connectionRetryCount":3,"logLevels":{},"enableDirectConnect":true,"strictSSL":true,"_":"65 more keys: [\"cacheDir\",\"port\",\"requestedCapabilities\",\"automationProtocol\",\"baseUrl\",\"waitforInterval\",\"waitforTimeout\",\"onReload\",\"beforeCommand\",\"afterCommand\",\"rootDir\",\"specs\",\"suites\",\"exclude\",\"groupLogsByTestSpec\",\"excludeDriverLogs\",\"bail\",\"framework\",\"reporters\",\"services\",\"maxInstances\",\"maxInstancesPerCapability\",\"injectGlobals\",\"filesToWatch\",\"execArgv\",\"runnerEnv\",\"runner\",\"shard\",\"specFileRetries\",\"specFileRetriesDelay\",\"specFileRetriesDeferred\",\"reporterSyncInterval\",\"reporterSyncTimeout\",\"cucumberFeaturesWithLineNumbers\",\"autoCompileOpts\",\"mochaOpts\",\"jasmineOpts\",\"cucumberOpts\",\"onPrepare\",\"onWorkerStart\",\"onWorkerEnd\",\"before\",\"beforeSession\",\"beforeSuite\",\"beforeHook\",\"beforeTest\",\"afterTest\",\"afterHook\",\"afterSuite\",\"afterSession\",\"after\",\"onComplete\",\"beforeAssertion\",\"afterAssertion\",\"beforeFeature\",\"beforeScenario\",\"beforeStep\",\"afterStep\",\"afterScenario\",\"afterFeature\",\"_\",\"suite\",\"$0\",\"ignoredWorkerServices\",\"wdi5\"]"}]}
COMMAND: POST /session/c4faaf2c0768716850a26568dcbf970b/execute/async - {"script":"<script> [21126 bytes]","args":[35000]}
RESULT: {"script":"<script> [21126 bytes]","args":[35000]}
COMMAND: POST /session/c4faaf2c0768716850a26568dcbf970b/element - {"using":"xpath","value":"//li[contains(@title ,\"Exit\")]"}
RESULT: {"using":"xpath","value":"//li[contains(@title ,\"Exit\")]"}
COMMAND: POST /session/c4faaf2c0768716850a26568dcbf970b/element/f.19DB9205A323DDBD447063DE6A5E99B9.d.88B105F740A338F4AF084F05C28AEBDC.e.8697/click - {}
RESULT: {}
COMMAND: GET /session/c4faaf2c0768716850a26568dcbf970b/screenshot - {}
RESULT: {}
COMMAND: DELETE /session/c4faaf2c0768716850a26568dcbf970b - {}
RESULT: {}
]]></system-out>
    </testcase>
  </testsuite>
</testsuites>