<?xml version="1.0" encoding="UTF-8"?>
<testsuites tests="53" failures="24" errors="24" skipped="0">
  <testsuite timestamp="2025-06-02T17:19:18" time="268.009" tests="5" failures="0" errors="0" skipped="0">
    <properties>
      <property name="specId" value="0" />
      <property name="suiteName" value="Tests for DXCW CAE environment, including specific login to the system US" />
      <property name="capabilities" value="chrome.136_0_7103_93.windows" />
      <property name="file" value="file:///D:/a/1/s/test/specs/BTS/dxcw-cae.spec.js" />
    </properties>
    <testcase classname="chrome.136_0_7103_93.windows.Tests_for_DXCW_CAE_environment,_including_specific_login_to_the_system_US" name="Should login to the DXCW CAE env US156289" time="24.047">
      <system-out><![CDATA[
COMMAND: POST /session/54b51d12ae76246c47a9cfd9839bf688/url - {"url":"https://qa-testing-00-live-dxcw-portal.cfapps.eu10-004.hana.ondemand.com/"}
RESULT: {"url":"https://qa-testing-00-live-dxcw-portal.cfapps.eu10-004.hana.ondemand.com/"}
COMMAND: GET /session/54b51d12ae76246c47a9cfd9839bf688/screenshot - {}
RESULT: {}
COMMAND: POST /session/54b51d12ae76246c47a9cfd9839bf688/element - {"using":"xpath","value":"//input[@id = \"j_username\"]"}
RESULT: {"using":"xpath","value":"//input[@id = \"j_username\"]"}
COMMAND: POST /session/54b51d12ae76246c47a9cfd9839bf688/execute/sync - {"script":"<script> [8489 bytes]","args":[{"element-6066-11e4-a52e-4f735466cecf":"f.C3AA7480AC9969AD6A76FCDF8BFD3774.d.23EC20C5D39D9E19EF4CFDDA06428B74.e.37","ELEMENT":"f.C3AA7480AC9969AD6A76FCDF8BFD3774.d.23EC20C5D39D9E19EF4CFDDA06428B74.e.37"}]}
RESULT: {"script":"<script> [8489 bytes]","args":[{"element-6066-11e4-a52e-4f735466cecf":"f.C3AA7480AC9969AD6A76FCDF8BFD3774.d.23EC20C5D39D9E19EF4CFDDA06428B74.e.37","ELEMENT":"f.C3AA7480AC9969AD6A76FCDF8BFD3774.d.23EC20C5D39D9E19EF4CFDDA06428B74.e.37"}]}
COMMAND: POST /session/54b51d12ae76246c47a9cfd9839bf688/element - {"using":"xpath","value":"//input[@id = \"j_username\"]"}
COMMAND: GET /session/54b51d12ae76246c47a9cfd9839bf688/screenshot - {}
RESULT: {"using":"xpath","value":"//input[@id = \"j_username\"]"}
COMMAND: POST /session/54b51d12ae76246c47a9cfd9839bf688/element/f.C3AA7480AC9969AD6A76FCDF8BFD3774.d.23EC20C5D39D9E19EF4CFDDA06428B74.e.37/clear - {}
RESULT: {}
RESULT: {}
COMMAND: POST /session/54b51d12ae76246c47a9cfd9839bf688/element/f.C3AA7480AC9969AD6A76FCDF8BFD3774.d.23EC20C5D39D9E19EF4CFDDA06428B74.e.37/value - {"text":"test1etm@bearingpoint.com"}
COMMAND: GET /session/54b51d12ae76246c47a9cfd9839bf688/screenshot - {}
RESULT: {"text":"test1etm@bearingpoint.com"}
COMMAND: POST /session/54b51d12ae76246c47a9cfd9839bf688/element - {"using":"xpath","value":"//input[@id = \"j_password\"]"}
COMMAND: GET /session/54b51d12ae76246c47a9cfd9839bf688/screenshot - {}
RESULT: {}
RESULT: {"using":"xpath","value":"//input[@id = \"j_password\"]"}
COMMAND: POST /session/54b51d12ae76246c47a9cfd9839bf688/element/f.C3AA7480AC9969AD6A76FCDF8BFD3774.d.23EC20C5D39D9E19EF4CFDDA06428B74.e.39/clear - {}
RESULT: {}
RESULT: {}
COMMAND: POST /session/54b51d12ae76246c47a9cfd9839bf688/element/f.C3AA7480AC9969AD6A76FCDF8BFD3774.d.23EC20C5D39D9E19EF4CFDDA06428B74.e.39/value - {"text":"ETM.next2024"}
COMMAND: GET /session/54b51d12ae76246c47a9cfd9839bf688/screenshot - {}
RESULT: {"text":"ETM.next2024"}
COMMAND: GET /session/54b51d12ae76246c47a9cfd9839bf688/screenshot - {}
RESULT: {}
RESULT: {}
COMMAND: POST /session/54b51d12ae76246c47a9cfd9839bf688/element - {"using":"css selector","value":"button[type=\"submit\"]"}
RESULT: {"using":"css selector","value":"button[type=\"submit\"]"}
COMMAND: POST /session/54b51d12ae76246c47a9cfd9839bf688/element/f.C3AA7480AC9969AD6A76FCDF8BFD3774.d.23EC20C5D39D9E19EF4CFDDA06428B74.e.60/click - {}
RESULT: {}
COMMAND: POST /session/54b51d12ae76246c47a9cfd9839bf688/element - {"using":"xpath","value":"//a[contains(@aria-label,\"Migration Service\")]"}
COMMAND: GET /session/54b51d12ae76246c47a9cfd9839bf688/screenshot - {}
RESULT: {"using":"xpath","value":"//a[contains(@aria-label,\"Migration Service\")]"}
COMMAND: POST /session/54b51d12ae76246c47a9cfd9839bf688/execute/sync - {"script":"<script> [8489 bytes]","args":[{"element-6066-11e4-a52e-4f735466cecf":"f.C3AA7480AC9969AD6A76FCDF8BFD3774.d.85FE5F48E4816D3524FEED65CCF80B47.e.75","ELEMENT":"f.C3AA7480AC9969AD6A76FCDF8BFD3774.d.85FE5F48E4816D3524FEED65CCF80B47.e.75"}]}
RESULT: {}
COMMAND: POST /session/54b51d12ae76246c47a9cfd9839bf688/element - {"using":"xpath","value":"//a[contains(@aria-label,\"Migration Service\")]"}
RESULT: {"using":"xpath","value":"//a[contains(@aria-label,\"Migration Service\")]"}
COMMAND: POST /session/54b51d12ae76246c47a9cfd9839bf688/execute/sync - {"script":"<script> [8489 bytes]","args":[{"element-6066-11e4-a52e-4f735466cecf":"f.C3AA7480AC9969AD6A76FCDF8BFD3774.d.85FE5F48E4816D3524FEED65CCF80B47.e.76","ELEMENT":"f.C3AA7480AC9969AD6A76FCDF8BFD3774.d.85FE5F48E4816D3524FEED65CCF80B47.e.76"}]}
RESULT: {"script":"<script> [8489 bytes]","args":[{"element-6066-11e4-a52e-4f735466cecf":"f.C3AA7480AC9969AD6A76FCDF8BFD3774.d.85FE5F48E4816D3524FEED65CCF80B47.e.76","ELEMENT":"f.C3AA7480AC9969AD6A76FCDF8BFD3774.d.85FE5F48E4816D3524FEED65CCF80B47.e.76"}]}
COMMAND: POST /session/54b51d12ae76246c47a9cfd9839bf688/execute/sync - {"script":"<script> [8489 bytes]","args":[{"element-6066-11e4-a52e-4f735466cecf":"f.C3AA7480AC9969AD6A76FCDF8BFD3774.d.85FE5F48E4816D3524FEED65CCF80B47.e.76","ELEMENT":"f.C3AA7480AC9969AD6A76FCDF8BFD3774.d.85FE5F48E4816D3524FEED65CCF80B47.e.76"}]}
COMMAND: GET /session/54b51d12ae76246c47a9cfd9839bf688/screenshot - {}
RESULT: {"script":"<script> [8489 bytes]","args":[{"element-6066-11e4-a52e-4f735466cecf":"f.C3AA7480AC9969AD6A76FCDF8BFD3774.d.85FE5F48E4816D3524FEED65CCF80B47.e.76","ELEMENT":"f.C3AA7480AC9969AD6A76FCDF8BFD3774.d.85FE5F48E4816D3524FEED65CCF80B47.e.76"}]}
COMMAND: POST /session/54b51d12ae76246c47a9cfd9839bf688/window/fullscreen - {}
COMMAND: GET /session/54b51d12ae76246c47a9cfd9839bf688/screenshot - {}
RESULT: {}
RESULT: {}
COMMAND: POST /session/54b51d12ae76246c47a9cfd9839bf688/execute/async - {"script":"<script> [189 bytes]","args":[]}
RESULT: {}
RESULT: {"script":"<script> [189 bytes]","args":[]}
COMMAND: POST /session/54b51d12ae76246c47a9cfd9839bf688/execute/async - {"script":"<script> [123 bytes]","args":[]}
RESULT: {"script":"<script> [123 bytes]","args":[]}
COMMAND: POST /session/54b51d12ae76246c47a9cfd9839bf688/timeouts - {"script":"<number>"}
RESULT: {"script":"<number>"}
COMMAND: GET /session/54b51d12ae76246c47a9cfd9839bf688/timeouts - {}
RESULT: {}
COMMAND: POST /session/54b51d12ae76246c47a9cfd9839bf688/execute/async - {"script":"<script> [78 bytes]","args":[]}
RESULT: {"script":"<script> [78 bytes]","args":[]}
RESULT: undefined
COMMAND: POST /session/54b51d12ae76246c47a9cfd9839bf688/execute/async - {"script":"<script> [2676 bytes]","args":[]}
RESULT: {"script":"<script> [2676 bytes]","args":[]}
COMMAND: POST /session/54b51d12ae76246c47a9cfd9839bf688/execute/async - {"script":"<script> [2342 bytes]","args":[{"protocol":"http","hostname":"0.0.0.0","path":"/","capabilities":{"browserName":"chrome","goog:chromeOptions":{"binary":"C:\\Program Files\\Google\\Chrome\\Application\\chrome.exe","args":["--start-maximized"]}},"logLevel":"warn","connectionRetryTimeout":120000,"connectionRetryCount":3,"logLevels":{},"enableDirectConnect":true,"strictSSL":true,"_":"65 more keys: [\"cacheDir\",\"port\",\"requestedCapabilities\",\"automationProtocol\",\"baseUrl\",\"waitforInterval\",\"waitforTimeout\",\"onReload\",\"beforeCommand\",\"afterCommand\",\"rootDir\",\"specs\",\"suites\",\"exclude\",\"groupLogsByTestSpec\",\"excludeDriverLogs\",\"bail\",\"framework\",\"reporters\",\"services\",\"maxInstances\",\"maxInstancesPerCapability\",\"injectGlobals\",\"filesToWatch\",\"execArgv\",\"runnerEnv\",\"runner\",\"shard\",\"specFileRetries\",\"specFileRetriesDelay\",\"specFileRetriesDeferred\",\"reporterSyncInterval\",\"reporterSyncTimeout\",\"cucumberFeaturesWithLineNumbers\",\"autoCompileOpts\",\"mochaOpts\",\"jasmineOpts\",\"cucumberOpts\",\"onPrepare\",\"onWorkerStart\",\"onWorkerEnd\",\"before\",\"beforeSession\",\"beforeSuite\",\"beforeHook\",\"beforeTest\",\"afterTest\",\"afterHook\",\"afterSuite\",\"afterSession\",\"after\",\"onComplete\",\"beforeAssertion\",\"afterAssertion\",\"beforeFeature\",\"beforeScenario\",\"beforeStep\",\"afterStep\",\"afterScenario\",\"afterFeature\",\"_\",\"suite\",\"$0\",\"ignoredWorkerServices\",\"wdi5\"]"}]}
RESULT: {"script":"<script> [2342 bytes]","args":[{"protocol":"http","hostname":"0.0.0.0","path":"/","capabilities":{"browserName":"chrome","goog:chromeOptions":{"binary":"C:\\Program Files\\Google\\Chrome\\Application\\chrome.exe","args":["--start-maximized"]}},"logLevel":"warn","connectionRetryTimeout":120000,"connectionRetryCount":3,"logLevels":{},"enableDirectConnect":true,"strictSSL":true,"_":"65 more keys: [\"cacheDir\",\"port\",\"requestedCapabilities\",\"automationProtocol\",\"baseUrl\",\"waitforInterval\",\"waitforTimeout\",\"onReload\",\"beforeCommand\",\"afterCommand\",\"rootDir\",\"specs\",\"suites\",\"exclude\",\"groupLogsByTestSpec\",\"excludeDriverLogs\",\"bail\",\"framework\",\"reporters\",\"services\",\"maxInstances\",\"maxInstancesPerCapability\",\"injectGlobals\",\"filesToWatch\",\"execArgv\",\"runnerEnv\",\"runner\",\"shard\",\"specFileRetries\",\"specFileRetriesDelay\",\"specFileRetriesDeferred\",\"reporterSyncInterval\",\"reporterSyncTimeout\",\"cucumberFeaturesWithLineNumbers\",\"autoCompileOpts\",\"mochaOpts\",\"jasmineOpts\",\"cucumberOpts\",\"onPrepare\",\"onWorkerStart\",\"onWorkerEnd\",\"before\",\"beforeSession\",\"beforeSuite\",\"beforeHook\",\"beforeTest\",\"afterTest\",\"afterHook\",\"afterSuite\",\"afterSession\",\"after\",\"onComplete\",\"beforeAssertion\",\"afterAssertion\",\"beforeFeature\",\"beforeScenario\",\"beforeStep\",\"afterStep\",\"afterScenario\",\"afterFeature\",\"_\",\"suite\",\"$0\",\"ignoredWorkerServices\",\"wdi5\"]"}]}
COMMAND: POST /session/54b51d12ae76246c47a9cfd9839bf688/execute/async - {"script":"<script> [21126 bytes]","args":[35000]}
RESULT: {"script":"<script> [21126 bytes]","args":[35000]}
]]></system-out>
    </testcase>
    <testcase classname="chrome.136_0_7103_93.windows.Tests_for_DXCW_CAE_environment,_including_specific_login_to_the_system_US" name="Should upload address file entry used for later tests as master data US156291" time="78.657">
      <system-out><![CDATA[
COMMAND: POST /session/54b51d12ae76246c47a9cfd9839bf688/execute/async - {"script":"<script> [1562 bytes]","args":[{"selector":{"controlType":"sap.m.GenericTile","properties":{"header":"Migration Service"}},"wdio_ui5_key":"sapm.GenericTile{\"header\":\"Migration Service\"}"}]}
RESULT: {"script":"<script> [1562 bytes]","args":[{"selector":{"controlType":"sap.m.GenericTile","properties":{"header":"Migration Service"}},"wdio_ui5_key":"sapm.GenericTile{\"header\":\"Migration Service\"}"}]}
RESULT: undefined
COMMAND: POST /session/54b51d12ae76246c47a9cfd9839bf688/element - {"using":"xpath","value":"//*[@id=\"__tile25\"]"}
RESULT: {"using":"xpath","value":"//*[@id=\"__tile25\"]"}
COMMAND: POST /session/54b51d12ae76246c47a9cfd9839bf688/element/f.C3AA7480AC9969AD6A76FCDF8BFD3774.d.85FE5F48E4816D3524FEED65CCF80B47.e.76/click - {}
RESULT: {}
COMMAND: GET /session/54b51d12ae76246c47a9cfd9839bf688/screenshot - {}
RESULT: {}
RESULT: undefined
RESULT: undefined
RESULT: undefined
COMMAND: POST /session/54b51d12ae76246c47a9cfd9839bf688/elements - {"using":"xpath","value":"//span[text()='Error']"}
RESULT: {"using":"xpath","value":"//span[text()='Error']"}
COMMAND: POST /session/54b51d12ae76246c47a9cfd9839bf688/execute/async - {"script":"<script> [1562 bytes]","args":[{"selector":{"controlType":"sap.m.GenericTile","viewName":"bbs.dxcw.migration.view.Home","i18NText":{"propertyName":"header","key":"migrationService"}},"wdio_ui5_key":"bbsdxcw.migration.view.Homesap.m.GenericTile{\"propertyName\":\"header\",\"key\":\"migrationService\"}"}]}
RESULT: {"script":"<script> [1562 bytes]","args":[{"selector":{"controlType":"sap.m.GenericTile","viewName":"bbs.dxcw.migration.view.Home","i18NText":{"propertyName":"header","key":"migrationService"}},"wdio_ui5_key":"bbsdxcw.migration.view.Homesap.m.GenericTile{\"propertyName\":\"header\",\"key\":\"migrationService\"}"}]}
RESULT: undefined
COMMAND: POST /session/54b51d12ae76246c47a9cfd9839bf688/element - {"using":"xpath","value":"//*[@id=\"__tile26\"]"}
RESULT: {"using":"xpath","value":"//*[@id=\"__tile26\"]"}
COMMAND: POST /session/54b51d12ae76246c47a9cfd9839bf688/element/f.C3AA7480AC9969AD6A76FCDF8BFD3774.d.85FE5F48E4816D3524FEED65CCF80B47.e.123/click - {}
RESULT: {}
COMMAND: GET /session/54b51d12ae76246c47a9cfd9839bf688/screenshot - {}
RESULT: {}
COMMAND: POST /session/54b51d12ae76246c47a9cfd9839bf688/element - {"using":"xpath","value":"//bdi[contains(text(), \"Create new Draft\")]"}
RESULT: {"using":"xpath","value":"//bdi[contains(text(), \"Create new Draft\")]"}
COMMAND: POST /session/54b51d12ae76246c47a9cfd9839bf688/elements - {"using":"xpath","value":"//bdi[contains(text(), \"Create new Draft\")]"}
RESULT: {"using":"xpath","value":"//bdi[contains(text(), \"Create new Draft\")]"}
COMMAND: POST /session/54b51d12ae76246c47a9cfd9839bf688/execute/sync - {"script":"<script> [8489 bytes]","args":[{"element-6066-11e4-a52e-4f735466cecf":"f.C3AA7480AC9969AD6A76FCDF8BFD3774.d.85FE5F48E4816D3524FEED65CCF80B47.e.148","ELEMENT":"f.C3AA7480AC9969AD6A76FCDF8BFD3774.d.85FE5F48E4816D3524FEED65CCF80B47.e.148"}]}
RESULT: {"script":"<script> [8489 bytes]","args":[{"element-6066-11e4-a52e-4f735466cecf":"f.C3AA7480AC9969AD6A76FCDF8BFD3774.d.85FE5F48E4816D3524FEED65CCF80B47.e.148","ELEMENT":"f.C3AA7480AC9969AD6A76FCDF8BFD3774.d.85FE5F48E4816D3524FEED65CCF80B47.e.148"}]}
COMMAND: GET /session/54b51d12ae76246c47a9cfd9839bf688/element/f.C3AA7480AC9969AD6A76FCDF8BFD3774.d.85FE5F48E4816D3524FEED65CCF80B47.e.148/enabled - {}
COMMAND: GET /session/54b51d12ae76246c47a9cfd9839bf688/screenshot - {}
RESULT: {}
COMMAND: POST /session/54b51d12ae76246c47a9cfd9839bf688/execute/sync - {"script":"<script> [8489 bytes]","args":[{"element-6066-11e4-a52e-4f735466cecf":"f.C3AA7480AC9969AD6A76FCDF8BFD3774.d.85FE5F48E4816D3524FEED65CCF80B47.e.148","ELEMENT":"f.C3AA7480AC9969AD6A76FCDF8BFD3774.d.85FE5F48E4816D3524FEED65CCF80B47.e.148"}]}
COMMAND: GET /session/54b51d12ae76246c47a9cfd9839bf688/screenshot - {}
RESULT: {}
RESULT: {"script":"<script> [8489 bytes]","args":[{"element-6066-11e4-a52e-4f735466cecf":"f.C3AA7480AC9969AD6A76FCDF8BFD3774.d.85FE5F48E4816D3524FEED65CCF80B47.e.148","ELEMENT":"f.C3AA7480AC9969AD6A76FCDF8BFD3774.d.85FE5F48E4816D3524FEED65CCF80B47.e.148"}]}
COMMAND: POST /session/54b51d12ae76246c47a9cfd9839bf688/execute/sync - {"script":"<script> [5351 bytes]","args":[{"element-6066-11e4-a52e-4f735466cecf":"f.C3AA7480AC9969AD6A76FCDF8BFD3774.d.85FE5F48E4816D3524FEED65CCF80B47.e.148","ELEMENT":"f.C3AA7480AC9969AD6A76FCDF8BFD3774.d.85FE5F48E4816D3524FEED65CCF80B47.e.148"}]}
COMMAND: GET /session/54b51d12ae76246c47a9cfd9839bf688/screenshot - {}
RESULT: {}
RESULT: {"script":"<script> [5351 bytes]","args":[{"element-6066-11e4-a52e-4f735466cecf":"f.C3AA7480AC9969AD6A76FCDF8BFD3774.d.85FE5F48E4816D3524FEED65CCF80B47.e.148","ELEMENT":"f.C3AA7480AC9969AD6A76FCDF8BFD3774.d.85FE5F48E4816D3524FEED65CCF80B47.e.148"}]}
COMMAND: GET /session/54b51d12ae76246c47a9cfd9839bf688/screenshot - {}
RESULT: {}
RESULT: {}
COMMAND: POST /session/54b51d12ae76246c47a9cfd9839bf688/element - {"using":"xpath","value":"//bdi[contains(text(), \"Create new Draft\")]"}
RESULT: {"using":"xpath","value":"//bdi[contains(text(), \"Create new Draft\")]"}
COMMAND: POST /session/54b51d12ae76246c47a9cfd9839bf688/element/f.C3AA7480AC9969AD6A76FCDF8BFD3774.d.85FE5F48E4816D3524FEED65CCF80B47.e.148/click - {}
RESULT: {}
COMMAND: GET /session/54b51d12ae76246c47a9cfd9839bf688/screenshot - {}
RESULT: {}
COMMAND: POST /session/54b51d12ae76246c47a9cfd9839bf688/element - {"using":"xpath","value":"//li[.//div[text()=\"Address\"]]"}
RESULT: {"using":"xpath","value":"//li[.//div[text()=\"Address\"]]"}
COMMAND: POST /session/54b51d12ae76246c47a9cfd9839bf688/element/f.C3AA7480AC9969AD6A76FCDF8BFD3774.d.85FE5F48E4816D3524FEED65CCF80B47.e.291/click - {}
RESULT: {}
COMMAND: GET /session/54b51d12ae76246c47a9cfd9839bf688/screenshot - {}
COMMAND: POST /session/54b51d12ae76246c47a9cfd9839bf688/file - {"file":"[base64] 7080 bytes"}
RESULT: {}
RESULT: {"file":"[base64] 7080 bytes"}
COMMAND: POST /session/54b51d12ae76246c47a9cfd9839bf688/element - {"using":"xpath","value":"//input[(@type=\"file\") and contains(@id,\"BOList-10-0-1-uploader-fu\")]"}
RESULT: {"using":"xpath","value":"//input[(@type=\"file\") and contains(@id,\"BOList-10-0-1-uploader-fu\")]"}
COMMAND: POST /session/54b51d12ae76246c47a9cfd9839bf688/element/f.C3AA7480AC9969AD6A76FCDF8BFD3774.d.85FE5F48E4816D3524FEED65CCF80B47.e.295/clear - {}
RESULT: {}
COMMAND: POST /session/54b51d12ae76246c47a9cfd9839bf688/element/f.C3AA7480AC9969AD6A76FCDF8BFD3774.d.85FE5F48E4816D3524FEED65CCF80B47.e.295/value - {"text":"C:\\Windows\\SystemTemp\\scoped_dir5956_316726154\\upload5956_1547697820\\Address.xlsx"}
COMMAND: GET /session/54b51d12ae76246c47a9cfd9839bf688/screenshot - {}
RESULT: {"text":"C:\\Windows\\SystemTemp\\scoped_dir5956_316726154\\upload5956_1547697820\\Address.xlsx"}
COMMAND: GET /session/54b51d12ae76246c47a9cfd9839bf688/screenshot - {}
RESULT: {}
RESULT: {}
COMMAND: POST /session/54b51d12ae76246c47a9cfd9839bf688/element - {"using":"xpath","value":"//bdi[contains(text(), \"Match by name\")]"}
RESULT: {"using":"xpath","value":"//bdi[contains(text(), \"Match by name\")]"}
COMMAND: POST /session/54b51d12ae76246c47a9cfd9839bf688/element/f.C3AA7480AC9969AD6A76FCDF8BFD3774.d.85FE5F48E4816D3524FEED65CCF80B47.e.309/click - {}
RESULT: {}
COMMAND: GET /session/54b51d12ae76246c47a9cfd9839bf688/screenshot - {}
RESULT: {}
COMMAND: POST /session/54b51d12ae76246c47a9cfd9839bf688/element - {"using":"xpath","value":"//bdi[text() = \"OK\"]"}
RESULT: {"using":"xpath","value":"//bdi[text() = \"OK\"]"}
COMMAND: POST /session/54b51d12ae76246c47a9cfd9839bf688/element/f.C3AA7480AC9969AD6A76FCDF8BFD3774.d.85FE5F48E4816D3524FEED65CCF80B47.e.310/click - {}
RESULT: {}
COMMAND: GET /session/54b51d12ae76246c47a9cfd9839bf688/screenshot - {}
RESULT: {}
COMMAND: POST /session/54b51d12ae76246c47a9cfd9839bf688/element - {"using":"xpath","value":"//button[contains(@id,\"uploadBtn\")]"}
RESULT: {"using":"xpath","value":"//button[contains(@id,\"uploadBtn\")]"}
COMMAND: POST /session/54b51d12ae76246c47a9cfd9839bf688/element/f.C3AA7480AC9969AD6A76FCDF8BFD3774.d.85FE5F48E4816D3524FEED65CCF80B47.e.189/click - {}
RESULT: {}
COMMAND: GET /session/54b51d12ae76246c47a9cfd9839bf688/screenshot - {}
RESULT: {}
COMMAND: POST /session/54b51d12ae76246c47a9cfd9839bf688/element - {"using":"xpath","value":"//button[.//bdi[contains(text(),\"Refresh Logs\")]]"}
RESULT: {"using":"xpath","value":"//button[.//bdi[contains(text(),\"Refresh Logs\")]]"}
COMMAND: POST /session/54b51d12ae76246c47a9cfd9839bf688/element/f.C3AA7480AC9969AD6A76FCDF8BFD3774.d.85FE5F48E4816D3524FEED65CCF80B47.e.318/click - {}
RESULT: {}
COMMAND: GET /session/54b51d12ae76246c47a9cfd9839bf688/screenshot - {}
RESULT: {}
COMMAND: POST /session/54b51d12ae76246c47a9cfd9839bf688/element - {"using":"xpath","value":"//table[contains(@id,\"customHandoversTable-listUl\")]/tbody/tr[1]/td[4]/span"}
RESULT: {"using":"xpath","value":"//table[contains(@id,\"customHandoversTable-listUl\")]/tbody/tr[1]/td[4]/span"}
COMMAND: POST /session/54b51d12ae76246c47a9cfd9839bf688/execute/sync - {"script":"<script> [56 bytes]","args":[{"element-6066-11e4-a52e-4f735466cecf":"f.C3AA7480AC9969AD6A76FCDF8BFD3774.d.85FE5F48E4816D3524FEED65CCF80B47.e.611","ELEMENT":"f.C3AA7480AC9969AD6A76FCDF8BFD3774.d.85FE5F48E4816D3524FEED65CCF80B47.e.611"}]}
RESULT: {"script":"<script> [56 bytes]","args":[{"element-6066-11e4-a52e-4f735466cecf":"f.C3AA7480AC9969AD6A76FCDF8BFD3774.d.85FE5F48E4816D3524FEED65CCF80B47.e.611","ELEMENT":"f.C3AA7480AC9969AD6A76FCDF8BFD3774.d.85FE5F48E4816D3524FEED65CCF80B47.e.611"}]}
COMMAND: POST /session/54b51d12ae76246c47a9cfd9839bf688/element - {"using":"xpath","value":"//table[contains(@id,\"customHandoversTable-listUl\")]/tbody/tr[1]/td[7]/div/span[2]"}
COMMAND: GET /session/54b51d12ae76246c47a9cfd9839bf688/screenshot - {}
RESULT: {"using":"xpath","value":"//table[contains(@id,\"customHandoversTable-listUl\")]/tbody/tr[1]/td[7]/div/span[2]"}
COMMAND: POST /session/54b51d12ae76246c47a9cfd9839bf688/execute/sync - {"script":"<script> [56 bytes]","args":[{"element-6066-11e4-a52e-4f735466cecf":"f.C3AA7480AC9969AD6A76FCDF8BFD3774.d.85FE5F48E4816D3524FEED65CCF80B47.e.612","ELEMENT":"f.C3AA7480AC9969AD6A76FCDF8BFD3774.d.85FE5F48E4816D3524FEED65CCF80B47.e.612"}]}
RESULT: {}
RESULT: {"script":"<script> [56 bytes]","args":[{"element-6066-11e4-a52e-4f735466cecf":"f.C3AA7480AC9969AD6A76FCDF8BFD3774.d.85FE5F48E4816D3524FEED65CCF80B47.e.612","ELEMENT":"f.C3AA7480AC9969AD6A76FCDF8BFD3774.d.85FE5F48E4816D3524FEED65CCF80B47.e.612"}]}
COMMAND: POST /session/54b51d12ae76246c47a9cfd9839bf688/element - {"using":"xpath","value":"//table[contains(@id,\"customHandoversTable-listUl\")]/tbody/tr[1]/td[8]/div/span[2]"}
COMMAND: GET /session/54b51d12ae76246c47a9cfd9839bf688/screenshot - {}
RESULT: {"using":"xpath","value":"//table[contains(@id,\"customHandoversTable-listUl\")]/tbody/tr[1]/td[8]/div/span[2]"}
COMMAND: POST /session/54b51d12ae76246c47a9cfd9839bf688/execute/sync - {"script":"<script> [56 bytes]","args":[{"element-6066-11e4-a52e-4f735466cecf":"f.C3AA7480AC9969AD6A76FCDF8BFD3774.d.85FE5F48E4816D3524FEED65CCF80B47.e.615","ELEMENT":"f.C3AA7480AC9969AD6A76FCDF8BFD3774.d.85FE5F48E4816D3524FEED65CCF80B47.e.615"}]}
RESULT: {}
RESULT: {"script":"<script> [56 bytes]","args":[{"element-6066-11e4-a52e-4f735466cecf":"f.C3AA7480AC9969AD6A76FCDF8BFD3774.d.85FE5F48E4816D3524FEED65CCF80B47.e.615","ELEMENT":"f.C3AA7480AC9969AD6A76FCDF8BFD3774.d.85FE5F48E4816D3524FEED65CCF80B47.e.615"}]}
COMMAND: GET /session/54b51d12ae76246c47a9cfd9839bf688/screenshot - {}
RESULT: {}
COMMAND: POST /session/54b51d12ae76246c47a9cfd9839bf688/execute/async - {"script":"<script> [1562 bytes]","args":[{"selector":{"controlType":"sap.ui.core.Icon","viewName":"bbs.dxcw.migration.view.migration.MigrationMaster","properties":{"src":{"regex":{"source":"notes"}}}},"wdio_ui5_key":"bbsdxcw.migration.view.migration.MigrationMastersap.ui.core.Icon{\"src\":{\"regex\":{\"source\":\"notes\"}}}"}]}
RESULT: {"script":"<script> [1562 bytes]","args":[{"selector":{"controlType":"sap.ui.core.Icon","viewName":"bbs.dxcw.migration.view.migration.MigrationMaster","properties":{"src":{"regex":{"source":"notes"}}}},"wdio_ui5_key":"bbsdxcw.migration.view.migration.MigrationMastersap.ui.core.Icon{\"src\":{\"regex\":{\"source\":\"notes\"}}}"}]}
RESULT: undefined
COMMAND: POST /session/54b51d12ae76246c47a9cfd9839bf688/element - {"using":"xpath","value":"//*[@id=\"__filter0-icon\"]"}
RESULT: {"using":"xpath","value":"//*[@id=\"__filter0-icon\"]"}
COMMAND: POST /session/54b51d12ae76246c47a9cfd9839bf688/element/f.C3AA7480AC9969AD6A76FCDF8BFD3774.d.85FE5F48E4816D3524FEED65CCF80B47.e.616/click - {}
RESULT: {}
COMMAND: GET /session/54b51d12ae76246c47a9cfd9839bf688/screenshot - {}
RESULT: {}
]]></system-out>
    </testcase>
    <testcase classname="chrome.136_0_7103_93.windows.Tests_for_DXCW_CAE_environment,_including_specific_login_to_the_system_US" name="Should upload yard file entry used for later tests as master data US156291" time="48.187">
      <system-out><![CDATA[
COMMAND: POST /session/54b51d12ae76246c47a9cfd9839bf688/element - {"using":"xpath","value":"//bdi[contains(text(), \"Create new Draft\")]"}
RESULT: {"using":"xpath","value":"//bdi[contains(text(), \"Create new Draft\")]"}
COMMAND: POST /session/54b51d12ae76246c47a9cfd9839bf688/element/f.C3AA7480AC9969AD6A76FCDF8BFD3774.d.85FE5F48E4816D3524FEED65CCF80B47.e.620/click - {}
RESULT: {}
COMMAND: GET /session/54b51d12ae76246c47a9cfd9839bf688/screenshot - {}
RESULT: {}
COMMAND: POST /session/54b51d12ae76246c47a9cfd9839bf688/element - {"using":"xpath","value":"//li[.//div[text()=\"Yards\"]]"}
RESULT: {"using":"xpath","value":"//li[.//div[text()=\"Yards\"]]"}
COMMAND: POST /session/54b51d12ae76246c47a9cfd9839bf688/element/f.C3AA7480AC9969AD6A76FCDF8BFD3774.d.85FE5F48E4816D3524FEED65CCF80B47.e.739/click - {}
RESULT: {}
COMMAND: GET /session/54b51d12ae76246c47a9cfd9839bf688/screenshot - {}
COMMAND: POST /session/54b51d12ae76246c47a9cfd9839bf688/file - {"file":"[base64] 6816 bytes"}
RESULT: {}
RESULT: {"file":"[base64] 6816 bytes"}
COMMAND: POST /session/54b51d12ae76246c47a9cfd9839bf688/element - {"using":"xpath","value":"//input[(@type=\"file\") and contains(@id,\"BOList-15-0-1-uploader-fu\")]"}
RESULT: {"using":"xpath","value":"//input[(@type=\"file\") and contains(@id,\"BOList-15-0-1-uploader-fu\")]"}
COMMAND: POST /session/54b51d12ae76246c47a9cfd9839bf688/element/f.C3AA7480AC9969AD6A76FCDF8BFD3774.d.85FE5F48E4816D3524FEED65CCF80B47.e.742/clear - {}
RESULT: {}
COMMAND: POST /session/54b51d12ae76246c47a9cfd9839bf688/element/f.C3AA7480AC9969AD6A76FCDF8BFD3774.d.85FE5F48E4816D3524FEED65CCF80B47.e.742/value - {"text":"C:\\Windows\\SystemTemp\\scoped_dir5956_316726154\\upload5956_38145616\\Yards.xlsx"}
COMMAND: GET /session/54b51d12ae76246c47a9cfd9839bf688/screenshot - {}
RESULT: {"text":"C:\\Windows\\SystemTemp\\scoped_dir5956_316726154\\upload5956_38145616\\Yards.xlsx"}
COMMAND: GET /session/54b51d12ae76246c47a9cfd9839bf688/screenshot - {}
RESULT: {}
RESULT: {}
COMMAND: POST /session/54b51d12ae76246c47a9cfd9839bf688/element - {"using":"xpath","value":"//bdi[contains(text(), \"Match by name\")]"}
RESULT: {"using":"xpath","value":"//bdi[contains(text(), \"Match by name\")]"}
COMMAND: POST /session/54b51d12ae76246c47a9cfd9839bf688/element/f.C3AA7480AC9969AD6A76FCDF8BFD3774.d.85FE5F48E4816D3524FEED65CCF80B47.e.750/click - {}
RESULT: {}
COMMAND: GET /session/54b51d12ae76246c47a9cfd9839bf688/screenshot - {}
RESULT: {}
COMMAND: POST /session/54b51d12ae76246c47a9cfd9839bf688/element - {"using":"xpath","value":"//bdi[text() = \"OK\"]"}
RESULT: {"using":"xpath","value":"//bdi[text() = \"OK\"]"}
COMMAND: POST /session/54b51d12ae76246c47a9cfd9839bf688/element/f.C3AA7480AC9969AD6A76FCDF8BFD3774.d.85FE5F48E4816D3524FEED65CCF80B47.e.751/click - {}
RESULT: {}
COMMAND: GET /session/54b51d12ae76246c47a9cfd9839bf688/screenshot - {}
RESULT: {}
COMMAND: POST /session/54b51d12ae76246c47a9cfd9839bf688/element - {"using":"xpath","value":"//button[contains(@id,\"uploadBtn\")]"}
RESULT: {"using":"xpath","value":"//button[contains(@id,\"uploadBtn\")]"}
COMMAND: POST /session/54b51d12ae76246c47a9cfd9839bf688/element/f.C3AA7480AC9969AD6A76FCDF8BFD3774.d.85FE5F48E4816D3524FEED65CCF80B47.e.189/click - {}
RESULT: {}
COMMAND: GET /session/54b51d12ae76246c47a9cfd9839bf688/screenshot - {}
RESULT: {}
COMMAND: POST /session/54b51d12ae76246c47a9cfd9839bf688/element - {"using":"xpath","value":"//button[.//bdi[contains(text(),\"Refresh Logs\")]]"}
RESULT: {"using":"xpath","value":"//button[.//bdi[contains(text(),\"Refresh Logs\")]]"}
COMMAND: POST /session/54b51d12ae76246c47a9cfd9839bf688/element/f.C3AA7480AC9969AD6A76FCDF8BFD3774.d.85FE5F48E4816D3524FEED65CCF80B47.e.758/click - {}
RESULT: {}
COMMAND: GET /session/54b51d12ae76246c47a9cfd9839bf688/screenshot - {}
RESULT: {}
COMMAND: POST /session/54b51d12ae76246c47a9cfd9839bf688/element - {"using":"xpath","value":"//table[contains(@id,\"customHandoversTable-listUl\")]/tbody/tr[1]/td[4]/span"}
RESULT: {"using":"xpath","value":"//table[contains(@id,\"customHandoversTable-listUl\")]/tbody/tr[1]/td[4]/span"}
COMMAND: POST /session/54b51d12ae76246c47a9cfd9839bf688/execute/sync - {"script":"<script> [56 bytes]","args":[{"element-6066-11e4-a52e-4f735466cecf":"f.C3AA7480AC9969AD6A76FCDF8BFD3774.d.85FE5F48E4816D3524FEED65CCF80B47.e.1049","ELEMENT":"f.C3AA7480AC9969AD6A76FCDF8BFD3774.d.85FE5F48E4816D3524FEED65CCF80B47.e.1049"}]}
RESULT: {"script":"<script> [56 bytes]","args":[{"element-6066-11e4-a52e-4f735466cecf":"f.C3AA7480AC9969AD6A76FCDF8BFD3774.d.85FE5F48E4816D3524FEED65CCF80B47.e.1049","ELEMENT":"f.C3AA7480AC9969AD6A76FCDF8BFD3774.d.85FE5F48E4816D3524FEED65CCF80B47.e.1049"}]}
COMMAND: POST /session/54b51d12ae76246c47a9cfd9839bf688/element - {"using":"xpath","value":"//table[contains(@id,\"customHandoversTable-listUl\")]/tbody/tr[1]/td[7]/div/span[2]"}
COMMAND: GET /session/54b51d12ae76246c47a9cfd9839bf688/screenshot - {}
RESULT: {"using":"xpath","value":"//table[contains(@id,\"customHandoversTable-listUl\")]/tbody/tr[1]/td[7]/div/span[2]"}
COMMAND: POST /session/54b51d12ae76246c47a9cfd9839bf688/execute/sync - {"script":"<script> [56 bytes]","args":[{"element-6066-11e4-a52e-4f735466cecf":"f.C3AA7480AC9969AD6A76FCDF8BFD3774.d.85FE5F48E4816D3524FEED65CCF80B47.e.1050","ELEMENT":"f.C3AA7480AC9969AD6A76FCDF8BFD3774.d.85FE5F48E4816D3524FEED65CCF80B47.e.1050"}]}
RESULT: {}
RESULT: {"script":"<script> [56 bytes]","args":[{"element-6066-11e4-a52e-4f735466cecf":"f.C3AA7480AC9969AD6A76FCDF8BFD3774.d.85FE5F48E4816D3524FEED65CCF80B47.e.1050","ELEMENT":"f.C3AA7480AC9969AD6A76FCDF8BFD3774.d.85FE5F48E4816D3524FEED65CCF80B47.e.1050"}]}
COMMAND: POST /session/54b51d12ae76246c47a9cfd9839bf688/element - {"using":"xpath","value":"//table[contains(@id,\"customHandoversTable-listUl\")]/tbody/tr[1]/td[8]/div/span[2]"}
COMMAND: GET /session/54b51d12ae76246c47a9cfd9839bf688/screenshot - {}
RESULT: {"using":"xpath","value":"//table[contains(@id,\"customHandoversTable-listUl\")]/tbody/tr[1]/td[8]/div/span[2]"}
COMMAND: POST /session/54b51d12ae76246c47a9cfd9839bf688/execute/sync - {"script":"<script> [56 bytes]","args":[{"element-6066-11e4-a52e-4f735466cecf":"f.C3AA7480AC9969AD6A76FCDF8BFD3774.d.85FE5F48E4816D3524FEED65CCF80B47.e.1053","ELEMENT":"f.C3AA7480AC9969AD6A76FCDF8BFD3774.d.85FE5F48E4816D3524FEED65CCF80B47.e.1053"}]}
RESULT: {}
RESULT: {"script":"<script> [56 bytes]","args":[{"element-6066-11e4-a52e-4f735466cecf":"f.C3AA7480AC9969AD6A76FCDF8BFD3774.d.85FE5F48E4816D3524FEED65CCF80B47.e.1053","ELEMENT":"f.C3AA7480AC9969AD6A76FCDF8BFD3774.d.85FE5F48E4816D3524FEED65CCF80B47.e.1053"}]}
COMMAND: GET /session/54b51d12ae76246c47a9cfd9839bf688/screenshot - {}
RESULT: {}
RESULT: undefined
COMMAND: POST /session/54b51d12ae76246c47a9cfd9839bf688/element - {"using":"xpath","value":"//*[@id=\"__filter0-icon\"]"}
RESULT: {"using":"xpath","value":"//*[@id=\"__filter0-icon\"]"}
COMMAND: POST /session/54b51d12ae76246c47a9cfd9839bf688/element/f.C3AA7480AC9969AD6A76FCDF8BFD3774.d.85FE5F48E4816D3524FEED65CCF80B47.e.616/click - {}
RESULT: {}
COMMAND: GET /session/54b51d12ae76246c47a9cfd9839bf688/screenshot - {}
RESULT: {}
]]></system-out>
    </testcase>
    <testcase classname="chrome.136_0_7103_93.windows.Tests_for_DXCW_CAE_environment,_including_specific_login_to_the_system_US" name="Should upload compound partner files entry used for later tests as master data US156291" time="62.974">
      <system-out><![CDATA[
COMMAND: POST /session/54b51d12ae76246c47a9cfd9839bf688/element - {"using":"xpath","value":"//bdi[contains(text(), \"Create new Draft\")]"}
RESULT: {"using":"xpath","value":"//bdi[contains(text(), \"Create new Draft\")]"}
COMMAND: POST /session/54b51d12ae76246c47a9cfd9839bf688/element/f.C3AA7480AC9969AD6A76FCDF8BFD3774.d.85FE5F48E4816D3524FEED65CCF80B47.e.1057/click - {}
RESULT: {}
COMMAND: GET /session/54b51d12ae76246c47a9cfd9839bf688/screenshot - {}
RESULT: {}
COMMAND: POST /session/54b51d12ae76246c47a9cfd9839bf688/element - {"using":"xpath","value":"//li[.//div[text()=\"Partners\"]]"}
RESULT: {"using":"xpath","value":"//li[.//div[text()=\"Partners\"]]"}
COMMAND: POST /session/54b51d12ae76246c47a9cfd9839bf688/element/f.C3AA7480AC9969AD6A76FCDF8BFD3774.d.85FE5F48E4816D3524FEED65CCF80B47.e.1171/click - {}
RESULT: {}
COMMAND: GET /session/54b51d12ae76246c47a9cfd9839bf688/screenshot - {}
COMMAND: POST /session/54b51d12ae76246c47a9cfd9839bf688/file - {"file":"[base64] 6744 bytes"}
RESULT: {}
RESULT: {"file":"[base64] 6744 bytes"}
COMMAND: POST /session/54b51d12ae76246c47a9cfd9839bf688/element - {"using":"xpath","value":"//input[(@type=\"file\") and contains(@id,\"BOList-4-0-1-uploader-fu\")]"}
RESULT: {"using":"xpath","value":"//input[(@type=\"file\") and contains(@id,\"BOList-4-0-1-uploader-fu\")]"}
COMMAND: POST /session/54b51d12ae76246c47a9cfd9839bf688/element/f.C3AA7480AC9969AD6A76FCDF8BFD3774.d.85FE5F48E4816D3524FEED65CCF80B47.e.1180/clear - {}
RESULT: {}
COMMAND: POST /session/54b51d12ae76246c47a9cfd9839bf688/element/f.C3AA7480AC9969AD6A76FCDF8BFD3774.d.85FE5F48E4816D3524FEED65CCF80B47.e.1180/value - {"text":"C:\\Windows\\SystemTemp\\scoped_dir5956_316726154\\upload5956_712187484\\Partners.xlsx"}
COMMAND: GET /session/54b51d12ae76246c47a9cfd9839bf688/screenshot - {}
RESULT: {"text":"C:\\Windows\\SystemTemp\\scoped_dir5956_316726154\\upload5956_712187484\\Partners.xlsx"}
COMMAND: GET /session/54b51d12ae76246c47a9cfd9839bf688/screenshot - {}
RESULT: {}
RESULT: {}
COMMAND: POST /session/54b51d12ae76246c47a9cfd9839bf688/element - {"using":"xpath","value":"//bdi[contains(text(), \"Match by name\")]"}
RESULT: {"using":"xpath","value":"//bdi[contains(text(), \"Match by name\")]"}
COMMAND: POST /session/54b51d12ae76246c47a9cfd9839bf688/element/f.C3AA7480AC9969AD6A76FCDF8BFD3774.d.85FE5F48E4816D3524FEED65CCF80B47.e.1191/click - {}
RESULT: {}
COMMAND: GET /session/54b51d12ae76246c47a9cfd9839bf688/screenshot - {}
RESULT: {}
COMMAND: POST /session/54b51d12ae76246c47a9cfd9839bf688/element - {"using":"xpath","value":"//bdi[text() = \"OK\"]"}
RESULT: {"using":"xpath","value":"//bdi[text() = \"OK\"]"}
COMMAND: POST /session/54b51d12ae76246c47a9cfd9839bf688/element/f.C3AA7480AC9969AD6A76FCDF8BFD3774.d.85FE5F48E4816D3524FEED65CCF80B47.e.1193/click - {}
RESULT: {}
COMMAND: GET /session/54b51d12ae76246c47a9cfd9839bf688/screenshot - {}
RESULT: {}
COMMAND: POST /session/54b51d12ae76246c47a9cfd9839bf688/file - {"file":"[base64] 6424 bytes"}
RESULT: {"file":"[base64] 6424 bytes"}
COMMAND: POST /session/54b51d12ae76246c47a9cfd9839bf688/element - {"using":"xpath","value":"//input[(@type=\"file\") and contains(@id,\"BOList-4-1-1-uploader-fu\")]"}
RESULT: {"using":"xpath","value":"//input[(@type=\"file\") and contains(@id,\"BOList-4-1-1-uploader-fu\")]"}
COMMAND: POST /session/54b51d12ae76246c47a9cfd9839bf688/element/f.C3AA7480AC9969AD6A76FCDF8BFD3774.d.85FE5F48E4816D3524FEED65CCF80B47.e.1195/clear - {}
RESULT: {}
COMMAND: POST /session/54b51d12ae76246c47a9cfd9839bf688/element/f.C3AA7480AC9969AD6A76FCDF8BFD3774.d.85FE5F48E4816D3524FEED65CCF80B47.e.1195/value - {"text":"C:\\Windows\\SystemTemp\\scoped_dir5956_316726154\\upload5956_133093390\\YardsPartners.xlsx"}
COMMAND: GET /session/54b51d12ae76246c47a9cfd9839bf688/screenshot - {}
RESULT: {"text":"C:\\Windows\\SystemTemp\\scoped_dir5956_316726154\\upload5956_133093390\\YardsPartners.xlsx"}
COMMAND: GET /session/54b51d12ae76246c47a9cfd9839bf688/screenshot - {}
RESULT: {}
RESULT: {}
COMMAND: POST /session/54b51d12ae76246c47a9cfd9839bf688/element - {"using":"xpath","value":"//bdi[contains(text(), \"Match by name\")]"}
RESULT: {"using":"xpath","value":"//bdi[contains(text(), \"Match by name\")]"}
COMMAND: POST /session/54b51d12ae76246c47a9cfd9839bf688/element/f.C3AA7480AC9969AD6A76FCDF8BFD3774.d.85FE5F48E4816D3524FEED65CCF80B47.e.1203/click - {}
RESULT: {}
COMMAND: GET /session/54b51d12ae76246c47a9cfd9839bf688/screenshot - {}
RESULT: {}
COMMAND: POST /session/54b51d12ae76246c47a9cfd9839bf688/element - {"using":"xpath","value":"//bdi[text() = \"OK\"]"}
RESULT: {"using":"xpath","value":"//bdi[text() = \"OK\"]"}
COMMAND: POST /session/54b51d12ae76246c47a9cfd9839bf688/element/f.C3AA7480AC9969AD6A76FCDF8BFD3774.d.85FE5F48E4816D3524FEED65CCF80B47.e.1205/click - {}
RESULT: {}
COMMAND: GET /session/54b51d12ae76246c47a9cfd9839bf688/screenshot - {}
RESULT: {}
COMMAND: POST /session/54b51d12ae76246c47a9cfd9839bf688/execute/async - {"script":"<script> [1562 bytes]","args":[{"selector":{"controlType":"sap.m.Switch","viewName":"bbs.dxcw.migration.view.migration.MigrationNewDraft","bindingPath":{"path":"","propertyPath":"/isComposition","modelName":"ContentModel"},"interaction":{"idSuffix":"textoff"}},"wdio_ui5_key":"bbsdxcw.migration.view.migration.MigrationNewDraftsap.m.Switch{\"path\":\"\",\"propertyPath\":\"/isComposition\",\"modelName\":\"ContentModel\"}"}]}
RESULT: {"script":"<script> [1562 bytes]","args":[{"selector":{"controlType":"sap.m.Switch","viewName":"bbs.dxcw.migration.view.migration.MigrationNewDraft","bindingPath":{"path":"","propertyPath":"/isComposition","modelName":"ContentModel"},"interaction":{"idSuffix":"textoff"}},"wdio_ui5_key":"bbsdxcw.migration.view.migration.MigrationNewDraftsap.m.Switch{\"path\":\"\",\"propertyPath\":\"/isComposition\",\"modelName\":\"ContentModel\"}"}]}
RESULT: undefined
COMMAND: POST /session/54b51d12ae76246c47a9cfd9839bf688/element - {"using":"xpath","value":"//*[@id=\"__switch0\"]"}
RESULT: {"using":"xpath","value":"//*[@id=\"__switch0\"]"}
COMMAND: POST /session/54b51d12ae76246c47a9cfd9839bf688/element/f.C3AA7480AC9969AD6A76FCDF8BFD3774.d.85FE5F48E4816D3524FEED65CCF80B47.e.181/click - {}
RESULT: {}
COMMAND: POST /session/54b51d12ae76246c47a9cfd9839bf688/element - {"using":"xpath","value":"//button[contains(@id,\"uploadBtn\")]"}
COMMAND: GET /session/54b51d12ae76246c47a9cfd9839bf688/screenshot - {}
RESULT: {"using":"xpath","value":"//button[contains(@id,\"uploadBtn\")]"}
COMMAND: POST /session/54b51d12ae76246c47a9cfd9839bf688/element/f.C3AA7480AC9969AD6A76FCDF8BFD3774.d.85FE5F48E4816D3524FEED65CCF80B47.e.189/click - {}
RESULT: {}
RESULT: {}
COMMAND: GET /session/54b51d12ae76246c47a9cfd9839bf688/screenshot - {}
RESULT: {}
COMMAND: POST /session/54b51d12ae76246c47a9cfd9839bf688/element - {"using":"xpath","value":"//button[.//bdi[contains(text(),\"Refresh Logs\")]]"}
RESULT: {"using":"xpath","value":"//button[.//bdi[contains(text(),\"Refresh Logs\")]]"}
COMMAND: POST /session/54b51d12ae76246c47a9cfd9839bf688/element/f.C3AA7480AC9969AD6A76FCDF8BFD3774.d.85FE5F48E4816D3524FEED65CCF80B47.e.1216/click - {}
RESULT: {}
COMMAND: GET /session/54b51d12ae76246c47a9cfd9839bf688/screenshot - {}
RESULT: {}
COMMAND: POST /session/54b51d12ae76246c47a9cfd9839bf688/element - {"using":"xpath","value":"//table[contains(@id,\"customHandoversTable-listUl\")]/tbody/tr[1]/td[4]/span"}
RESULT: {"using":"xpath","value":"//table[contains(@id,\"customHandoversTable-listUl\")]/tbody/tr[1]/td[4]/span"}
COMMAND: POST /session/54b51d12ae76246c47a9cfd9839bf688/execute/sync - {"script":"<script> [56 bytes]","args":[{"element-6066-11e4-a52e-4f735466cecf":"f.C3AA7480AC9969AD6A76FCDF8BFD3774.d.85FE5F48E4816D3524FEED65CCF80B47.e.1507","ELEMENT":"f.C3AA7480AC9969AD6A76FCDF8BFD3774.d.85FE5F48E4816D3524FEED65CCF80B47.e.1507"}]}
RESULT: {"script":"<script> [56 bytes]","args":[{"element-6066-11e4-a52e-4f735466cecf":"f.C3AA7480AC9969AD6A76FCDF8BFD3774.d.85FE5F48E4816D3524FEED65CCF80B47.e.1507","ELEMENT":"f.C3AA7480AC9969AD6A76FCDF8BFD3774.d.85FE5F48E4816D3524FEED65CCF80B47.e.1507"}]}
COMMAND: POST /session/54b51d12ae76246c47a9cfd9839bf688/element - {"using":"xpath","value":"//table[contains(@id,\"customHandoversTable-listUl\")]/tbody/tr[1]/td[7]/div/span[2]"}
COMMAND: GET /session/54b51d12ae76246c47a9cfd9839bf688/screenshot - {}
RESULT: {"using":"xpath","value":"//table[contains(@id,\"customHandoversTable-listUl\")]/tbody/tr[1]/td[7]/div/span[2]"}
COMMAND: POST /session/54b51d12ae76246c47a9cfd9839bf688/execute/sync - {"script":"<script> [56 bytes]","args":[{"element-6066-11e4-a52e-4f735466cecf":"f.C3AA7480AC9969AD6A76FCDF8BFD3774.d.85FE5F48E4816D3524FEED65CCF80B47.e.1508","ELEMENT":"f.C3AA7480AC9969AD6A76FCDF8BFD3774.d.85FE5F48E4816D3524FEED65CCF80B47.e.1508"}]}
RESULT: {}
RESULT: {"script":"<script> [56 bytes]","args":[{"element-6066-11e4-a52e-4f735466cecf":"f.C3AA7480AC9969AD6A76FCDF8BFD3774.d.85FE5F48E4816D3524FEED65CCF80B47.e.1508","ELEMENT":"f.C3AA7480AC9969AD6A76FCDF8BFD3774.d.85FE5F48E4816D3524FEED65CCF80B47.e.1508"}]}
COMMAND: POST /session/54b51d12ae76246c47a9cfd9839bf688/element - {"using":"xpath","value":"//table[contains(@id,\"customHandoversTable-listUl\")]/tbody/tr[1]/td[8]/div/span[2]"}
COMMAND: GET /session/54b51d12ae76246c47a9cfd9839bf688/screenshot - {}
RESULT: {"using":"xpath","value":"//table[contains(@id,\"customHandoversTable-listUl\")]/tbody/tr[1]/td[8]/div/span[2]"}
COMMAND: POST /session/54b51d12ae76246c47a9cfd9839bf688/execute/sync - {"script":"<script> [56 bytes]","args":[{"element-6066-11e4-a52e-4f735466cecf":"f.C3AA7480AC9969AD6A76FCDF8BFD3774.d.85FE5F48E4816D3524FEED65CCF80B47.e.1511","ELEMENT":"f.C3AA7480AC9969AD6A76FCDF8BFD3774.d.85FE5F48E4816D3524FEED65CCF80B47.e.1511"}]}
RESULT: {}
RESULT: {"script":"<script> [56 bytes]","args":[{"element-6066-11e4-a52e-4f735466cecf":"f.C3AA7480AC9969AD6A76FCDF8BFD3774.d.85FE5F48E4816D3524FEED65CCF80B47.e.1511","ELEMENT":"f.C3AA7480AC9969AD6A76FCDF8BFD3774.d.85FE5F48E4816D3524FEED65CCF80B47.e.1511"}]}
COMMAND: GET /session/54b51d12ae76246c47a9cfd9839bf688/screenshot - {}
RESULT: {}
RESULT: undefined
COMMAND: POST /session/54b51d12ae76246c47a9cfd9839bf688/element - {"using":"xpath","value":"//*[@id=\"__filter0-icon\"]"}
RESULT: {"using":"xpath","value":"//*[@id=\"__filter0-icon\"]"}
COMMAND: POST /session/54b51d12ae76246c47a9cfd9839bf688/element/f.C3AA7480AC9969AD6A76FCDF8BFD3774.d.85FE5F48E4816D3524FEED65CCF80B47.e.616/click - {}
RESULT: {}
COMMAND: GET /session/54b51d12ae76246c47a9cfd9839bf688/screenshot - {}
RESULT: {}
]]></system-out>
    </testcase>
    <testcase classname="chrome.136_0_7103_93.windows.Tests_for_DXCW_CAE_environment,_including_specific_login_to_the_system_US" name="Should upload site file entry used for later tests as master data US156291" time="53.915">
      <system-out><![CDATA[
COMMAND: POST /session/54b51d12ae76246c47a9cfd9839bf688/element - {"using":"xpath","value":"//bdi[contains(text(), \"Create new Draft\")]"}
RESULT: {"using":"xpath","value":"//bdi[contains(text(), \"Create new Draft\")]"}
COMMAND: POST /session/54b51d12ae76246c47a9cfd9839bf688/element/f.C3AA7480AC9969AD6A76FCDF8BFD3774.d.85FE5F48E4816D3524FEED65CCF80B47.e.1515/click - {}
RESULT: {}
COMMAND: GET /session/54b51d12ae76246c47a9cfd9839bf688/screenshot - {}
RESULT: {}
COMMAND: POST /session/54b51d12ae76246c47a9cfd9839bf688/element - {"using":"xpath","value":"//li[.//div[text()=\"Sites\"]]"}
RESULT: {"using":"xpath","value":"//li[.//div[text()=\"Sites\"]]"}
COMMAND: POST /session/54b51d12ae76246c47a9cfd9839bf688/element/f.C3AA7480AC9969AD6A76FCDF8BFD3774.d.85FE5F48E4816D3524FEED65CCF80B47.e.1176/click - {}
RESULT: {}
COMMAND: GET /session/54b51d12ae76246c47a9cfd9839bf688/screenshot - {}
COMMAND: POST /session/54b51d12ae76246c47a9cfd9839bf688/file - {"file":"[base64] 6444 bytes"}
RESULT: {}
RESULT: {"file":"[base64] 6444 bytes"}
COMMAND: POST /session/54b51d12ae76246c47a9cfd9839bf688/element - {"using":"xpath","value":"//input[(@type=\"file\") and contains(@id,\"BOList-9-0-1-uploader-fu\")]"}
RESULT: {"using":"xpath","value":"//input[(@type=\"file\") and contains(@id,\"BOList-9-0-1-uploader-fu\")]"}
COMMAND: POST /session/54b51d12ae76246c47a9cfd9839bf688/element/f.C3AA7480AC9969AD6A76FCDF8BFD3774.d.85FE5F48E4816D3524FEED65CCF80B47.e.1629/clear - {}
RESULT: {}
COMMAND: POST /session/54b51d12ae76246c47a9cfd9839bf688/element/f.C3AA7480AC9969AD6A76FCDF8BFD3774.d.85FE5F48E4816D3524FEED65CCF80B47.e.1629/value - {"text":"C:\\Windows\\SystemTemp\\scoped_dir5956_316726154\\upload5956_1897913958\\Sites.xlsx"}
COMMAND: GET /session/54b51d12ae76246c47a9cfd9839bf688/screenshot - {}
RESULT: {"text":"C:\\Windows\\SystemTemp\\scoped_dir5956_316726154\\upload5956_1897913958\\Sites.xlsx"}
COMMAND: GET /session/54b51d12ae76246c47a9cfd9839bf688/screenshot - {}
RESULT: {}
RESULT: {}
COMMAND: POST /session/54b51d12ae76246c47a9cfd9839bf688/element - {"using":"xpath","value":"//bdi[contains(text(), \"Match by name\")]"}
RESULT: {"using":"xpath","value":"//bdi[contains(text(), \"Match by name\")]"}
COMMAND: POST /session/54b51d12ae76246c47a9cfd9839bf688/element/f.C3AA7480AC9969AD6A76FCDF8BFD3774.d.85FE5F48E4816D3524FEED65CCF80B47.e.1637/click - {}
RESULT: {}
COMMAND: GET /session/54b51d12ae76246c47a9cfd9839bf688/screenshot - {}
RESULT: {}
COMMAND: POST /session/54b51d12ae76246c47a9cfd9839bf688/element - {"using":"xpath","value":"//bdi[text() = \"OK\"]"}
RESULT: {"using":"xpath","value":"//bdi[text() = \"OK\"]"}
COMMAND: POST /session/54b51d12ae76246c47a9cfd9839bf688/element/f.C3AA7480AC9969AD6A76FCDF8BFD3774.d.85FE5F48E4816D3524FEED65CCF80B47.e.1638/click - {}
RESULT: {}
COMMAND: GET /session/54b51d12ae76246c47a9cfd9839bf688/screenshot - {}
RESULT: {}
COMMAND: POST /session/54b51d12ae76246c47a9cfd9839bf688/element - {"using":"xpath","value":"//button[contains(@id,\"uploadBtn\")]"}
RESULT: {"using":"xpath","value":"//button[contains(@id,\"uploadBtn\")]"}
COMMAND: POST /session/54b51d12ae76246c47a9cfd9839bf688/element/f.C3AA7480AC9969AD6A76FCDF8BFD3774.d.85FE5F48E4816D3524FEED65CCF80B47.e.189/click - {}
RESULT: {}
COMMAND: GET /session/54b51d12ae76246c47a9cfd9839bf688/screenshot - {}
RESULT: {}
COMMAND: POST /session/54b51d12ae76246c47a9cfd9839bf688/element - {"using":"xpath","value":"//button[.//bdi[contains(text(),\"Refresh Logs\")]]"}
RESULT: {"using":"xpath","value":"//button[.//bdi[contains(text(),\"Refresh Logs\")]]"}
COMMAND: POST /session/54b51d12ae76246c47a9cfd9839bf688/element/f.C3AA7480AC9969AD6A76FCDF8BFD3774.d.85FE5F48E4816D3524FEED65CCF80B47.e.1645/click - {}
RESULT: {}
COMMAND: GET /session/54b51d12ae76246c47a9cfd9839bf688/screenshot - {}
RESULT: {}
COMMAND: POST /session/54b51d12ae76246c47a9cfd9839bf688/element - {"using":"xpath","value":"//table[contains(@id,\"customHandoversTable-listUl\")]/tbody/tr[1]/td[4]/span"}
RESULT: {"using":"xpath","value":"//table[contains(@id,\"customHandoversTable-listUl\")]/tbody/tr[1]/td[4]/span"}
COMMAND: POST /session/54b51d12ae76246c47a9cfd9839bf688/execute/sync - {"script":"<script> [56 bytes]","args":[{"element-6066-11e4-a52e-4f735466cecf":"f.C3AA7480AC9969AD6A76FCDF8BFD3774.d.85FE5F48E4816D3524FEED65CCF80B47.e.1928","ELEMENT":"f.C3AA7480AC9969AD6A76FCDF8BFD3774.d.85FE5F48E4816D3524FEED65CCF80B47.e.1928"}]}
RESULT: {"script":"<script> [56 bytes]","args":[{"element-6066-11e4-a52e-4f735466cecf":"f.C3AA7480AC9969AD6A76FCDF8BFD3774.d.85FE5F48E4816D3524FEED65CCF80B47.e.1928","ELEMENT":"f.C3AA7480AC9969AD6A76FCDF8BFD3774.d.85FE5F48E4816D3524FEED65CCF80B47.e.1928"}]}
COMMAND: POST /session/54b51d12ae76246c47a9cfd9839bf688/element - {"using":"xpath","value":"//table[contains(@id,\"customHandoversTable-listUl\")]/tbody/tr[1]/td[7]/div/span[2]"}
COMMAND: GET /session/54b51d12ae76246c47a9cfd9839bf688/screenshot - {}
RESULT: {"using":"xpath","value":"//table[contains(@id,\"customHandoversTable-listUl\")]/tbody/tr[1]/td[7]/div/span[2]"}
COMMAND: POST /session/54b51d12ae76246c47a9cfd9839bf688/execute/sync - {"script":"<script> [56 bytes]","args":[{"element-6066-11e4-a52e-4f735466cecf":"f.C3AA7480AC9969AD6A76FCDF8BFD3774.d.85FE5F48E4816D3524FEED65CCF80B47.e.1929","ELEMENT":"f.C3AA7480AC9969AD6A76FCDF8BFD3774.d.85FE5F48E4816D3524FEED65CCF80B47.e.1929"}]}
RESULT: {}
RESULT: {"script":"<script> [56 bytes]","args":[{"element-6066-11e4-a52e-4f735466cecf":"f.C3AA7480AC9969AD6A76FCDF8BFD3774.d.85FE5F48E4816D3524FEED65CCF80B47.e.1929","ELEMENT":"f.C3AA7480AC9969AD6A76FCDF8BFD3774.d.85FE5F48E4816D3524FEED65CCF80B47.e.1929"}]}
COMMAND: POST /session/54b51d12ae76246c47a9cfd9839bf688/element - {"using":"xpath","value":"//table[contains(@id,\"customHandoversTable-listUl\")]/tbody/tr[1]/td[8]/div/span[2]"}
COMMAND: GET /session/54b51d12ae76246c47a9cfd9839bf688/screenshot - {}
RESULT: {"using":"xpath","value":"//table[contains(@id,\"customHandoversTable-listUl\")]/tbody/tr[1]/td[8]/div/span[2]"}
COMMAND: POST /session/54b51d12ae76246c47a9cfd9839bf688/execute/sync - {"script":"<script> [56 bytes]","args":[{"element-6066-11e4-a52e-4f735466cecf":"f.C3AA7480AC9969AD6A76FCDF8BFD3774.d.85FE5F48E4816D3524FEED65CCF80B47.e.1932","ELEMENT":"f.C3AA7480AC9969AD6A76FCDF8BFD3774.d.85FE5F48E4816D3524FEED65CCF80B47.e.1932"}]}
RESULT: {}
RESULT: {"script":"<script> [56 bytes]","args":[{"element-6066-11e4-a52e-4f735466cecf":"f.C3AA7480AC9969AD6A76FCDF8BFD3774.d.85FE5F48E4816D3524FEED65CCF80B47.e.1932","ELEMENT":"f.C3AA7480AC9969AD6A76FCDF8BFD3774.d.85FE5F48E4816D3524FEED65CCF80B47.e.1932"}]}
COMMAND: GET /session/54b51d12ae76246c47a9cfd9839bf688/screenshot - {}
RESULT: {}
RESULT: undefined
COMMAND: POST /session/54b51d12ae76246c47a9cfd9839bf688/element - {"using":"xpath","value":"//*[@id=\"__filter0-icon\"]"}
RESULT: {"using":"xpath","value":"//*[@id=\"__filter0-icon\"]"}
COMMAND: POST /session/54b51d12ae76246c47a9cfd9839bf688/element/f.C3AA7480AC9969AD6A76FCDF8BFD3774.d.85FE5F48E4816D3524FEED65CCF80B47.e.616/click - {}
RESULT: {}
COMMAND: GET /session/54b51d12ae76246c47a9cfd9839bf688/screenshot - {}
RESULT: {}
COMMAND: POST /session/54b51d12ae76246c47a9cfd9839bf688/element - {"using":"css selector","value":"#shell-header-logo"}
RESULT: {"using":"css selector","value":"#shell-header-logo"}
COMMAND: POST /session/54b51d12ae76246c47a9cfd9839bf688/element/f.C3AA7480AC9969AD6A76FCDF8BFD3774.d.85FE5F48E4816D3524FEED65CCF80B47.e.121/click - {}
RESULT: {}
COMMAND: GET /session/54b51d12ae76246c47a9cfd9839bf688/screenshot - {}
RESULT: {}
COMMAND: POST /session/54b51d12ae76246c47a9cfd9839bf688/element - {"using":"css selector","value":"#j_username"}
COMMAND: POST /session/54b51d12ae76246c47a9cfd9839bf688/url - {"url":"https://qa-testing-00-live-etm-ui.cfapps.eu10-004.hana.ondemand.com/"}
RESULT: {"using":"css selector","value":"#j_username"}
COMMAND: POST /session/54b51d12ae76246c47a9cfd9839bf688/element - {"using":"css selector","value":"#j_username"}
RESULT: {"url":"https://qa-testing-00-live-etm-ui.cfapps.eu10-004.hana.ondemand.com/"}
RESULT: undefined
COMMAND: GET /session/54b51d12ae76246c47a9cfd9839bf688/screenshot - {}
RESULT: {"using":"css selector","value":"#j_username"}
COMMAND: POST /session/54b51d12ae76246c47a9cfd9839bf688/element - {"using":"css selector","value":"#shell-header-logo"}
RESULT: {}
RESULT: {"using":"css selector","value":"#shell-header-logo"}
COMMAND: POST /session/54b51d12ae76246c47a9cfd9839bf688/execute/sync - {"script":"<script> [8489 bytes]","args":[{"element-6066-11e4-a52e-4f735466cecf":"f.C3AA7480AC9969AD6A76FCDF8BFD3774.d.601AA7A02187D155543A7860B7958CAA.e.1942","ELEMENT":"f.C3AA7480AC9969AD6A76FCDF8BFD3774.d.601AA7A02187D155543A7860B7958CAA.e.1942"}]}
RESULT: {"script":"<script> [8489 bytes]","args":[{"element-6066-11e4-a52e-4f735466cecf":"f.C3AA7480AC9969AD6A76FCDF8BFD3774.d.601AA7A02187D155543A7860B7958CAA.e.1942","ELEMENT":"f.C3AA7480AC9969AD6A76FCDF8BFD3774.d.601AA7A02187D155543A7860B7958CAA.e.1942"}]}
COMMAND: POST /session/54b51d12ae76246c47a9cfd9839bf688/element - {"using":"css selector","value":"#shell-header-logo"}
COMMAND: GET /session/54b51d12ae76246c47a9cfd9839bf688/screenshot - {}
RESULT: {"using":"css selector","value":"#shell-header-logo"}
COMMAND: POST /session/54b51d12ae76246c47a9cfd9839bf688/execute/sync - {"script":"<script> [8489 bytes]","args":[{"element-6066-11e4-a52e-4f735466cecf":"f.C3AA7480AC9969AD6A76FCDF8BFD3774.d.601AA7A02187D155543A7860B7958CAA.e.1942","ELEMENT":"f.C3AA7480AC9969AD6A76FCDF8BFD3774.d.601AA7A02187D155543A7860B7958CAA.e.1942"}]}
RESULT: {}
RESULT: {"script":"<script> [8489 bytes]","args":[{"element-6066-11e4-a52e-4f735466cecf":"f.C3AA7480AC9969AD6A76FCDF8BFD3774.d.601AA7A02187D155543A7860B7958CAA.e.1942","ELEMENT":"f.C3AA7480AC9969AD6A76FCDF8BFD3774.d.601AA7A02187D155543A7860B7958CAA.e.1942"}]}
COMMAND: POST /session/54b51d12ae76246c47a9cfd9839bf688/execute/sync - {"script":"<script> [5351 bytes]","args":[{"element-6066-11e4-a52e-4f735466cecf":"f.C3AA7480AC9969AD6A76FCDF8BFD3774.d.601AA7A02187D155543A7860B7958CAA.e.1942","ELEMENT":"f.C3AA7480AC9969AD6A76FCDF8BFD3774.d.601AA7A02187D155543A7860B7958CAA.e.1942"}]}
COMMAND: GET /session/54b51d12ae76246c47a9cfd9839bf688/screenshot - {}
RESULT: {"script":"<script> [5351 bytes]","args":[{"element-6066-11e4-a52e-4f735466cecf":"f.C3AA7480AC9969AD6A76FCDF8BFD3774.d.601AA7A02187D155543A7860B7958CAA.e.1942","ELEMENT":"f.C3AA7480AC9969AD6A76FCDF8BFD3774.d.601AA7A02187D155543A7860B7958CAA.e.1942"}]}
COMMAND: POST /session/54b51d12ae76246c47a9cfd9839bf688/element - {"using":"css selector","value":"#shell-header-logo"}
COMMAND: GET /session/54b51d12ae76246c47a9cfd9839bf688/screenshot - {}
RESULT: {}
RESULT: {"using":"css selector","value":"#shell-header-logo"}
COMMAND: POST /session/54b51d12ae76246c47a9cfd9839bf688/element/f.C3AA7480AC9969AD6A76FCDF8BFD3774.d.601AA7A02187D155543A7860B7958CAA.e.1942/click - {}
RESULT: {}
RESULT: {}
COMMAND: GET /session/54b51d12ae76246c47a9cfd9839bf688/screenshot - {}
RESULT: {}
COMMAND: POST /session/54b51d12ae76246c47a9cfd9839bf688/execute/async - {"script":"<script> [189 bytes]","args":[]}
RESULT: {"script":"<script> [189 bytes]","args":[]}
COMMAND: POST /session/54b51d12ae76246c47a9cfd9839bf688/execute/async - {"script":"<script> [123 bytes]","args":[]}
RESULT: {"script":"<script> [123 bytes]","args":[]}
COMMAND: POST /session/54b51d12ae76246c47a9cfd9839bf688/timeouts - {"script":"<number>"}
RESULT: {"script":"<number>"}
COMMAND: GET /session/54b51d12ae76246c47a9cfd9839bf688/timeouts - {}
RESULT: {}
RESULT: undefined
COMMAND: POST /session/54b51d12ae76246c47a9cfd9839bf688/execute/async - {"script":"<script> [2676 bytes]","args":[]}
RESULT: {"script":"<script> [2676 bytes]","args":[]}
COMMAND: POST /session/54b51d12ae76246c47a9cfd9839bf688/execute/async - {"script":"<script> [2342 bytes]","args":[{"protocol":"http","hostname":"0.0.0.0","path":"/","capabilities":{"browserName":"chrome","goog:chromeOptions":{"binary":"C:\\Program Files\\Google\\Chrome\\Application\\chrome.exe","args":["--start-maximized"]}},"logLevel":"warn","connectionRetryTimeout":120000,"connectionRetryCount":3,"logLevels":{},"enableDirectConnect":true,"strictSSL":true,"_":"65 more keys: [\"cacheDir\",\"port\",\"requestedCapabilities\",\"automationProtocol\",\"baseUrl\",\"waitforInterval\",\"waitforTimeout\",\"onReload\",\"beforeCommand\",\"afterCommand\",\"rootDir\",\"specs\",\"suites\",\"exclude\",\"groupLogsByTestSpec\",\"excludeDriverLogs\",\"bail\",\"framework\",\"reporters\",\"services\",\"maxInstances\",\"maxInstancesPerCapability\",\"injectGlobals\",\"filesToWatch\",\"execArgv\",\"runnerEnv\",\"runner\",\"shard\",\"specFileRetries\",\"specFileRetriesDelay\",\"specFileRetriesDeferred\",\"reporterSyncInterval\",\"reporterSyncTimeout\",\"cucumberFeaturesWithLineNumbers\",\"autoCompileOpts\",\"mochaOpts\",\"jasmineOpts\",\"cucumberOpts\",\"onPrepare\",\"onWorkerStart\",\"onWorkerEnd\",\"before\",\"beforeSession\",\"beforeSuite\",\"beforeHook\",\"beforeTest\",\"afterTest\",\"afterHook\",\"afterSuite\",\"afterSession\",\"after\",\"onComplete\",\"beforeAssertion\",\"afterAssertion\",\"beforeFeature\",\"beforeScenario\",\"beforeStep\",\"afterStep\",\"afterScenario\",\"afterFeature\",\"_\",\"suite\",\"$0\",\"ignoredWorkerServices\",\"wdi5\"]"}]}
RESULT: {"script":"<script> [2342 bytes]","args":[{"protocol":"http","hostname":"0.0.0.0","path":"/","capabilities":{"browserName":"chrome","goog:chromeOptions":{"binary":"C:\\Program Files\\Google\\Chrome\\Application\\chrome.exe","args":["--start-maximized"]}},"logLevel":"warn","connectionRetryTimeout":120000,"connectionRetryCount":3,"logLevels":{},"enableDirectConnect":true,"strictSSL":true,"_":"65 more keys: [\"cacheDir\",\"port\",\"requestedCapabilities\",\"automationProtocol\",\"baseUrl\",\"waitforInterval\",\"waitforTimeout\",\"onReload\",\"beforeCommand\",\"afterCommand\",\"rootDir\",\"specs\",\"suites\",\"exclude\",\"groupLogsByTestSpec\",\"excludeDriverLogs\",\"bail\",\"framework\",\"reporters\",\"services\",\"maxInstances\",\"maxInstancesPerCapability\",\"injectGlobals\",\"filesToWatch\",\"execArgv\",\"runnerEnv\",\"runner\",\"shard\",\"specFileRetries\",\"specFileRetriesDelay\",\"specFileRetriesDeferred\",\"reporterSyncInterval\",\"reporterSyncTimeout\",\"cucumberFeaturesWithLineNumbers\",\"autoCompileOpts\",\"mochaOpts\",\"jasmineOpts\",\"cucumberOpts\",\"onPrepare\",\"onWorkerStart\",\"onWorkerEnd\",\"before\",\"beforeSession\",\"beforeSuite\",\"beforeHook\",\"beforeTest\",\"afterTest\",\"afterHook\",\"afterSuite\",\"afterSession\",\"after\",\"onComplete\",\"beforeAssertion\",\"afterAssertion\",\"beforeFeature\",\"beforeScenario\",\"beforeStep\",\"afterStep\",\"afterScenario\",\"afterFeature\",\"_\",\"suite\",\"$0\",\"ignoredWorkerServices\",\"wdi5\"]"}]}
COMMAND: POST /session/54b51d12ae76246c47a9cfd9839bf688/execute/async - {"script":"<script> [21126 bytes]","args":[35000]}
RESULT: {"script":"<script> [21126 bytes]","args":[35000]}
COMMAND: POST /session/54b51d12ae76246c47a9cfd9839bf688/window/maximize - {}
RESULT: {}
COMMAND: POST /session/54b51d12ae76246c47a9cfd9839bf688/execute/async - {"script":"<script> [1562 bytes]","args":[{"selector":{"id":"shell-header","interaction":{"idSuffix":"icon"}},"wdio_ui5_key":"shellheader"}]}
COMMAND: GET /session/54b51d12ae76246c47a9cfd9839bf688/screenshot - {}
RESULT: {"script":"<script> [1562 bytes]","args":[{"selector":{"id":"shell-header","interaction":{"idSuffix":"icon"}},"wdio_ui5_key":"shellheader"}]}
RESULT: undefined
COMMAND: POST /session/54b51d12ae76246c47a9cfd9839bf688/refresh - {}
RESULT: {}
RESULT: {}
COMMAND: GET /session/54b51d12ae76246c47a9cfd9839bf688/screenshot - {}
RESULT: {}
COMMAND: POST /session/54b51d12ae76246c47a9cfd9839bf688/refresh - {}
RESULT: {}
COMMAND: GET /session/54b51d12ae76246c47a9cfd9839bf688/screenshot - {}
RESULT: {}
COMMAND: POST /session/54b51d12ae76246c47a9cfd9839bf688/window/fullscreen - {}
RESULT: {}
COMMAND: POST /session/54b51d12ae76246c47a9cfd9839bf688/execute/async - {"script":"<script> [189 bytes]","args":[]}
RESULT: {"script":"<script> [189 bytes]","args":[]}
COMMAND: POST /session/54b51d12ae76246c47a9cfd9839bf688/execute/async - {"script":"<script> [123 bytes]","args":[]}
RESULT: {"script":"<script> [123 bytes]","args":[]}
COMMAND: POST /session/54b51d12ae76246c47a9cfd9839bf688/timeouts - {"script":"<number>"}
RESULT: {"script":"<number>"}
COMMAND: GET /session/54b51d12ae76246c47a9cfd9839bf688/timeouts - {}
RESULT: {}
RESULT: undefined
COMMAND: POST /session/54b51d12ae76246c47a9cfd9839bf688/execute/async - {"script":"<script> [2676 bytes]","args":[]}
RESULT: {"script":"<script> [2676 bytes]","args":[]}
COMMAND: POST /session/54b51d12ae76246c47a9cfd9839bf688/execute/async - {"script":"<script> [2342 bytes]","args":[{"protocol":"http","hostname":"0.0.0.0","path":"/","capabilities":{"browserName":"chrome","goog:chromeOptions":{"binary":"C:\\Program Files\\Google\\Chrome\\Application\\chrome.exe","args":["--start-maximized"]}},"logLevel":"warn","connectionRetryTimeout":120000,"connectionRetryCount":3,"logLevels":{},"enableDirectConnect":true,"strictSSL":true,"_":"65 more keys: [\"cacheDir\",\"port\",\"requestedCapabilities\",\"automationProtocol\",\"baseUrl\",\"waitforInterval\",\"waitforTimeout\",\"onReload\",\"beforeCommand\",\"afterCommand\",\"rootDir\",\"specs\",\"suites\",\"exclude\",\"groupLogsByTestSpec\",\"excludeDriverLogs\",\"bail\",\"framework\",\"reporters\",\"services\",\"maxInstances\",\"maxInstancesPerCapability\",\"injectGlobals\",\"filesToWatch\",\"execArgv\",\"runnerEnv\",\"runner\",\"shard\",\"specFileRetries\",\"specFileRetriesDelay\",\"specFileRetriesDeferred\",\"reporterSyncInterval\",\"reporterSyncTimeout\",\"cucumberFeaturesWithLineNumbers\",\"autoCompileOpts\",\"mochaOpts\",\"jasmineOpts\",\"cucumberOpts\",\"onPrepare\",\"onWorkerStart\",\"onWorkerEnd\",\"before\",\"beforeSession\",\"beforeSuite\",\"beforeHook\",\"beforeTest\",\"afterTest\",\"afterHook\",\"afterSuite\",\"afterSession\",\"after\",\"onComplete\",\"beforeAssertion\",\"afterAssertion\",\"beforeFeature\",\"beforeScenario\",\"beforeStep\",\"afterStep\",\"afterScenario\",\"afterFeature\",\"_\",\"suite\",\"$0\",\"ignoredWorkerServices\",\"wdi5\"]"}]}
RESULT: {"script":"<script> [2342 bytes]","args":[{"protocol":"http","hostname":"0.0.0.0","path":"/","capabilities":{"browserName":"chrome","goog:chromeOptions":{"binary":"C:\\Program Files\\Google\\Chrome\\Application\\chrome.exe","args":["--start-maximized"]}},"logLevel":"warn","connectionRetryTimeout":120000,"connectionRetryCount":3,"logLevels":{},"enableDirectConnect":true,"strictSSL":true,"_":"65 more keys: [\"cacheDir\",\"port\",\"requestedCapabilities\",\"automationProtocol\",\"baseUrl\",\"waitforInterval\",\"waitforTimeout\",\"onReload\",\"beforeCommand\",\"afterCommand\",\"rootDir\",\"specs\",\"suites\",\"exclude\",\"groupLogsByTestSpec\",\"excludeDriverLogs\",\"bail\",\"framework\",\"reporters\",\"services\",\"maxInstances\",\"maxInstancesPerCapability\",\"injectGlobals\",\"filesToWatch\",\"execArgv\",\"runnerEnv\",\"runner\",\"shard\",\"specFileRetries\",\"specFileRetriesDelay\",\"specFileRetriesDeferred\",\"reporterSyncInterval\",\"reporterSyncTimeout\",\"cucumberFeaturesWithLineNumbers\",\"autoCompileOpts\",\"mochaOpts\",\"jasmineOpts\",\"cucumberOpts\",\"onPrepare\",\"onWorkerStart\",\"onWorkerEnd\",\"before\",\"beforeSession\",\"beforeSuite\",\"beforeHook\",\"beforeTest\",\"afterTest\",\"afterHook\",\"afterSuite\",\"afterSession\",\"after\",\"onComplete\",\"beforeAssertion\",\"afterAssertion\",\"beforeFeature\",\"beforeScenario\",\"beforeStep\",\"afterStep\",\"afterScenario\",\"afterFeature\",\"_\",\"suite\",\"$0\",\"ignoredWorkerServices\",\"wdi5\"]"}]}
COMMAND: POST /session/54b51d12ae76246c47a9cfd9839bf688/execute/async - {"script":"<script> [21126 bytes]","args":[35000]}
RESULT: {"script":"<script> [21126 bytes]","args":[35000]}
]]></system-out>
    </testcase>
  </testsuite>
  <testsuite timestamp="2025-06-02T17:23:46" time="1112.549" tests="12" failures="6" errors="6" skipped="0">
    <properties>
      <property name="specId" value="0" />
      <property name="suiteName" value="Billing Transfer - Master data &amp; Intercompany US127250" />
      <property name="capabilities" value="chrome.136_0_7103_93.windows" />
      <property name="file" value="file:///D:/a/1/s/test/specs/BTS/billing-transfer-intercompany.spec.js" />
    </properties>
    <testcase classname="chrome.136_0_7103_93.windows.Billing_Transfer_-_Master_data_&amp;_Intercompany_US127250" name="Should create a new yard" time="126.557">
      <system-out><![CDATA[
COMMAND: POST /session/54b51d12ae76246c47a9cfd9839bf688/window/fullscreen - {}
RESULT: {}
COMMAND: POST /session/54b51d12ae76246c47a9cfd9839bf688/execute/async - {"script":"<script> [1562 bytes]","args":[{"selector":{"controlType":"sap.m.GenericTile","properties":{"header":"Manage Yards"}},"wdio_ui5_key":"sapm.GenericTile{\"header\":\"Manage Yards\"}"}]}
RESULT: {"script":"<script> [1562 bytes]","args":[{"selector":{"controlType":"sap.m.GenericTile","properties":{"header":"Manage Yards"}},"wdio_ui5_key":"sapm.GenericTile{\"header\":\"Manage Yards\"}"}]}
RESULT: undefined
COMMAND: POST /session/54b51d12ae76246c47a9cfd9839bf688/element - {"using":"xpath","value":"//*[@id=\"__tile41\"]"}
RESULT: {"using":"xpath","value":"//*[@id=\"__tile41\"]"}
COMMAND: POST /session/54b51d12ae76246c47a9cfd9839bf688/element/f.C3AA7480AC9969AD6A76FCDF8BFD3774.d.0E67E91F6A5BD5925574AC81D9D54685.e.2115/click - {}
RESULT: {}
COMMAND: GET /session/54b51d12ae76246c47a9cfd9839bf688/screenshot - {}
RESULT: {}
COMMAND: POST /session/54b51d12ae76246c47a9cfd9839bf688/elements - {"using":"xpath","value":"//span[text()='Error']"}
RESULT: {"using":"xpath","value":"//span[text()='Error']"}
COMMAND: POST /session/54b51d12ae76246c47a9cfd9839bf688/element - {"using":"xpath","value":"//button[@data-kt=\"addNewYardOverflowToolbarButton\"]"}
RESULT: {"using":"xpath","value":"//button[@data-kt=\"addNewYardOverflowToolbarButton\"]"}
COMMAND: POST /session/54b51d12ae76246c47a9cfd9839bf688/elements - {"using":"xpath","value":"//button[@data-kt=\"addNewYardOverflowToolbarButton\"]"}
RESULT: {"using":"xpath","value":"//button[@data-kt=\"addNewYardOverflowToolbarButton\"]"}
COMMAND: POST /session/54b51d12ae76246c47a9cfd9839bf688/elements - {"using":"xpath","value":"//button[@data-kt=\"addNewYardOverflowToolbarButton\"]"}
RESULT: {"using":"xpath","value":"//button[@data-kt=\"addNewYardOverflowToolbarButton\"]"}
COMMAND: POST /session/54b51d12ae76246c47a9cfd9839bf688/elements - {"using":"xpath","value":"//button[@data-kt=\"addNewYardOverflowToolbarButton\"]"}
RESULT: {"using":"xpath","value":"//button[@data-kt=\"addNewYardOverflowToolbarButton\"]"}
COMMAND: POST /session/54b51d12ae76246c47a9cfd9839bf688/element - {"using":"xpath","value":"//button[@data-kt=\"addNewYardOverflowToolbarButton\"]"}
RESULT: {"using":"xpath","value":"//button[@data-kt=\"addNewYardOverflowToolbarButton\"]"}
COMMAND: POST /session/54b51d12ae76246c47a9cfd9839bf688/execute/sync - {"script":"<script> [8489 bytes]","args":[{"element-6066-11e4-a52e-4f735466cecf":"f.C3AA7480AC9969AD6A76FCDF8BFD3774.d.0E67E91F6A5BD5925574AC81D9D54685.e.2260","ELEMENT":"f.C3AA7480AC9969AD6A76FCDF8BFD3774.d.0E67E91F6A5BD5925574AC81D9D54685.e.2260"}]}
RESULT: {"script":"<script> [8489 bytes]","args":[{"element-6066-11e4-a52e-4f735466cecf":"f.C3AA7480AC9969AD6A76FCDF8BFD3774.d.0E67E91F6A5BD5925574AC81D9D54685.e.2260","ELEMENT":"f.C3AA7480AC9969AD6A76FCDF8BFD3774.d.0E67E91F6A5BD5925574AC81D9D54685.e.2260"}]}
COMMAND: GET /session/54b51d12ae76246c47a9cfd9839bf688/element/f.C3AA7480AC9969AD6A76FCDF8BFD3774.d.0E67E91F6A5BD5925574AC81D9D54685.e.2260/enabled - {}
COMMAND: GET /session/54b51d12ae76246c47a9cfd9839bf688/screenshot - {}
RESULT: {}
COMMAND: POST /session/54b51d12ae76246c47a9cfd9839bf688/execute/sync - {"script":"<script> [8489 bytes]","args":[{"element-6066-11e4-a52e-4f735466cecf":"f.C3AA7480AC9969AD6A76FCDF8BFD3774.d.0E67E91F6A5BD5925574AC81D9D54685.e.2260","ELEMENT":"f.C3AA7480AC9969AD6A76FCDF8BFD3774.d.0E67E91F6A5BD5925574AC81D9D54685.e.2260"}]}
COMMAND: GET /session/54b51d12ae76246c47a9cfd9839bf688/screenshot - {}
RESULT: {}
RESULT: {"script":"<script> [8489 bytes]","args":[{"element-6066-11e4-a52e-4f735466cecf":"f.C3AA7480AC9969AD6A76FCDF8BFD3774.d.0E67E91F6A5BD5925574AC81D9D54685.e.2260","ELEMENT":"f.C3AA7480AC9969AD6A76FCDF8BFD3774.d.0E67E91F6A5BD5925574AC81D9D54685.e.2260"}]}
COMMAND: POST /session/54b51d12ae76246c47a9cfd9839bf688/execute/sync - {"script":"<script> [5351 bytes]","args":[{"element-6066-11e4-a52e-4f735466cecf":"f.C3AA7480AC9969AD6A76FCDF8BFD3774.d.0E67E91F6A5BD5925574AC81D9D54685.e.2260","ELEMENT":"f.C3AA7480AC9969AD6A76FCDF8BFD3774.d.0E67E91F6A5BD5925574AC81D9D54685.e.2260"}]}
COMMAND: GET /session/54b51d12ae76246c47a9cfd9839bf688/screenshot - {}
RESULT: {}
RESULT: {"script":"<script> [5351 bytes]","args":[{"element-6066-11e4-a52e-4f735466cecf":"f.C3AA7480AC9969AD6A76FCDF8BFD3774.d.0E67E91F6A5BD5925574AC81D9D54685.e.2260","ELEMENT":"f.C3AA7480AC9969AD6A76FCDF8BFD3774.d.0E67E91F6A5BD5925574AC81D9D54685.e.2260"}]}
COMMAND: POST /session/54b51d12ae76246c47a9cfd9839bf688/element/f.C3AA7480AC9969AD6A76FCDF8BFD3774.d.0E67E91F6A5BD5925574AC81D9D54685.e.2260/click - {}
COMMAND: GET /session/54b51d12ae76246c47a9cfd9839bf688/screenshot - {}
RESULT: {}
RESULT: {}
COMMAND: GET /session/54b51d12ae76246c47a9cfd9839bf688/screenshot - {}
RESULT: {}
COMMAND: POST /session/54b51d12ae76246c47a9cfd9839bf688/element - {"using":"xpath","value":"//input[@id=\"application-manageyards-display-component---NewYard--yardId-inner\"]"}
RESULT: {}
RESULT: {"using":"xpath","value":"//input[@id=\"application-manageyards-display-component---NewYard--yardId-inner\"]"}
COMMAND: POST /session/54b51d12ae76246c47a9cfd9839bf688/element - {"using":"xpath","value":"//input[@id=\"application-manageyards-display-component---NewYard--yardId-inner\"]"}
RESULT: {"using":"xpath","value":"//input[@id=\"application-manageyards-display-component---NewYard--yardId-inner\"]"}
COMMAND: POST /session/54b51d12ae76246c47a9cfd9839bf688/execute/async - {"script":"<script> [1562 bytes]","args":[{"selector":{"id":"application-manageyards-display-component---NewYard--addressDetailDetailsName1","interaction":{"idSuffix":"inner"}},"wdio_ui5_key":"applicationmanageyards-display-component---NewYard--addressDetailDetailsName1"}]}
RESULT: {"script":"<script> [1562 bytes]","args":[{"selector":{"id":"application-manageyards-display-component---NewYard--addressDetailDetailsName1","interaction":{"idSuffix":"inner"}},"wdio_ui5_key":"applicationmanageyards-display-component---NewYard--addressDetailDetailsName1"}]}
RESULT: undefined
COMMAND: POST /session/54b51d12ae76246c47a9cfd9839bf688/execute/async - {"script":"<script> [776 bytes]","args":[{"enterText":"Intercompany Yard wdIO","selector":{"id":"application-manageyards-display-component---NewYard--addressDetailDetailsName1","interaction":{"idSuffix":"inner"}},"clearTextFirst":true,"interactionType":"ENTER_TEXT"}]}
RESULT: {"script":"<script> [776 bytes]","args":[{"enterText":"Intercompany Yard wdIO","selector":{"id":"application-manageyards-display-component---NewYard--addressDetailDetailsName1","interaction":{"idSuffix":"inner"}},"clearTextFirst":true,"interactionType":"ENTER_TEXT"}]}
COMMAND: POST /session/54b51d12ae76246c47a9cfd9839bf688/execute/async - {"script":"<script> [1562 bytes]","args":[{"selector":{"id":"application-manageyards-display-component---NewYard--addressDetailDetailsLanguage-arrow"},"wdio_ui5_key":"applicationmanageyards-display-component---NewYard--addressDetailDetailsLanguage-arrow"}]}
RESULT: {"script":"<script> [1562 bytes]","args":[{"selector":{"id":"application-manageyards-display-component---NewYard--addressDetailDetailsLanguage-arrow"},"wdio_ui5_key":"applicationmanageyards-display-component---NewYard--addressDetailDetailsLanguage-arrow"}]}
RESULT: undefined
COMMAND: POST /session/54b51d12ae76246c47a9cfd9839bf688/element - {"using":"xpath","value":"//*[@id=\"application-manageyards-display-component---NewYard--addressDetailDetailsLanguage-arrow\"]"}
RESULT: {"using":"xpath","value":"//*[@id=\"application-manageyards-display-component---NewYard--addressDetailDetailsLanguage-arrow\"]"}
COMMAND: POST /session/54b51d12ae76246c47a9cfd9839bf688/element/f.C3AA7480AC9969AD6A76FCDF8BFD3774.d.0E67E91F6A5BD5925574AC81D9D54685.e.2671/click - {}
RESULT: {}
COMMAND: POST /session/54b51d12ae76246c47a9cfd9839bf688/element - {"using":"xpath","value":"//span[contains(text(), \"English\")]"}
COMMAND: GET /session/54b51d12ae76246c47a9cfd9839bf688/screenshot - {}
RESULT: {"using":"xpath","value":"//span[contains(text(), \"English\")]"}
COMMAND: POST /session/54b51d12ae76246c47a9cfd9839bf688/element/f.C3AA7480AC9969AD6A76FCDF8BFD3774.d.0E67E91F6A5BD5925574AC81D9D54685.e.2672/click - {}
RESULT: {}
RESULT: {}
COMMAND: POST /session/54b51d12ae76246c47a9cfd9839bf688/execute/async - {"script":"<script> [1562 bytes]","args":[{"selector":{"id":"application-manageyards-display-component---NewYard--addressDetailDetailsCity1","interaction":{"idSuffix":"inner"}},"wdio_ui5_key":"applicationmanageyards-display-component---NewYard--addressDetailDetailsCity1"}]}
COMMAND: GET /session/54b51d12ae76246c47a9cfd9839bf688/screenshot - {}
RESULT: {"script":"<script> [1562 bytes]","args":[{"selector":{"id":"application-manageyards-display-component---NewYard--addressDetailDetailsCity1","interaction":{"idSuffix":"inner"}},"wdio_ui5_key":"applicationmanageyards-display-component---NewYard--addressDetailDetailsCity1"}]}
RESULT: undefined
COMMAND: POST /session/54b51d12ae76246c47a9cfd9839bf688/execute/async - {"script":"<script> [776 bytes]","args":[{"enterText":"Rosario","selector":{"id":"application-manageyards-display-component---NewYard--addressDetailDetailsCity1","interaction":{"idSuffix":"inner"}},"clearTextFirst":true,"interactionType":"ENTER_TEXT"}]}
RESULT: {}
RESULT: {"script":"<script> [776 bytes]","args":[{"enterText":"Rosario","selector":{"id":"application-manageyards-display-component---NewYard--addressDetailDetailsCity1","interaction":{"idSuffix":"inner"}},"clearTextFirst":true,"interactionType":"ENTER_TEXT"}]}
COMMAND: POST /session/54b51d12ae76246c47a9cfd9839bf688/execute/async - {"script":"<script> [1562 bytes]","args":[{"selector":{"id":"application-manageyards-display-component---NewYard--addressDetailDetailsCountry-arrow"},"wdio_ui5_key":"applicationmanageyards-display-component---NewYard--addressDetailDetailsCountry-arrow"}]}
RESULT: {"script":"<script> [1562 bytes]","args":[{"selector":{"id":"application-manageyards-display-component---NewYard--addressDetailDetailsCountry-arrow"},"wdio_ui5_key":"applicationmanageyards-display-component---NewYard--addressDetailDetailsCountry-arrow"}]}
RESULT: undefined
COMMAND: POST /session/54b51d12ae76246c47a9cfd9839bf688/element - {"using":"xpath","value":"//*[@id=\"application-manageyards-display-component---NewYard--addressDetailDetailsCountry-arrow\"]"}
RESULT: {"using":"xpath","value":"//*[@id=\"application-manageyards-display-component---NewYard--addressDetailDetailsCountry-arrow\"]"}
COMMAND: POST /session/54b51d12ae76246c47a9cfd9839bf688/element/f.C3AA7480AC9969AD6A76FCDF8BFD3774.d.0E67E91F6A5BD5925574AC81D9D54685.e.2674/click - {}
RESULT: {}
COMMAND: POST /session/54b51d12ae76246c47a9cfd9839bf688/element - {"using":"xpath","value":"//span[contains(text(), \"Argentina\")]"}
COMMAND: GET /session/54b51d12ae76246c47a9cfd9839bf688/screenshot - {}
RESULT: {"using":"xpath","value":"//span[contains(text(), \"Argentina\")]"}
COMMAND: POST /session/54b51d12ae76246c47a9cfd9839bf688/element/f.C3AA7480AC9969AD6A76FCDF8BFD3774.d.0E67E91F6A5BD5925574AC81D9D54685.e.2676/click - {}
RESULT: {}
RESULT: {}
COMMAND: POST /session/54b51d12ae76246c47a9cfd9839bf688/execute/async - {"script":"<script> [1562 bytes]","args":[{"selector":{"id":"application-manageyards-display-component---NewYard--addressEditDetailsCostObjectCstType-arrow"},"wdio_ui5_key":"applicationmanageyards-display-component---NewYard--addressEditDetailsCostObjectCstType-arrow"}]}
COMMAND: GET /session/54b51d12ae76246c47a9cfd9839bf688/screenshot - {}
RESULT: {"script":"<script> [1562 bytes]","args":[{"selector":{"id":"application-manageyards-display-component---NewYard--addressEditDetailsCostObjectCstType-arrow"},"wdio_ui5_key":"applicationmanageyards-display-component---NewYard--addressEditDetailsCostObjectCstType-arrow"}]}
RESULT: undefined
COMMAND: POST /session/54b51d12ae76246c47a9cfd9839bf688/element - {"using":"xpath","value":"//*[@id=\"application-manageyards-display-component---NewYard--addressEditDetailsCostObjectCstType-arrow\"]"}
RESULT: {}
RESULT: {"using":"xpath","value":"//*[@id=\"application-manageyards-display-component---NewYard--addressEditDetailsCostObjectCstType-arrow\"]"}
COMMAND: POST /session/54b51d12ae76246c47a9cfd9839bf688/element/f.C3AA7480AC9969AD6A76FCDF8BFD3774.d.0E67E91F6A5BD5925574AC81D9D54685.e.2677/click - {}
RESULT: {}
COMMAND: POST /session/54b51d12ae76246c47a9cfd9839bf688/element - {"using":"xpath","value":"//span[contains(text(), \"Cost Center\")]"}
COMMAND: GET /session/54b51d12ae76246c47a9cfd9839bf688/screenshot - {}
RESULT: {"using":"xpath","value":"//span[contains(text(), \"Cost Center\")]"}
COMMAND: POST /session/54b51d12ae76246c47a9cfd9839bf688/element/f.C3AA7480AC9969AD6A76FCDF8BFD3774.d.0E67E91F6A5BD5925574AC81D9D54685.e.2678/click - {}
RESULT: {}
RESULT: {}
COMMAND: GET /session/54b51d12ae76246c47a9cfd9839bf688/screenshot - {}
RESULT: {}
COMMAND: POST /session/54b51d12ae76246c47a9cfd9839bf688/element - {"using":"xpath","value":"//span[@id=\"application-manageyards-display-component---NewYard--addressNewCostObjectCstID-vhi\"]"}
RESULT: {"using":"xpath","value":"//span[@id=\"application-manageyards-display-component---NewYard--addressNewCostObjectCstID-vhi\"]"}
COMMAND: POST /session/54b51d12ae76246c47a9cfd9839bf688/execute/sync - {"script":"<script> [8489 bytes]","args":[{"element-6066-11e4-a52e-4f735466cecf":"f.C3AA7480AC9969AD6A76FCDF8BFD3774.d.0E67E91F6A5BD5925574AC81D9D54685.e.2682","ELEMENT":"f.C3AA7480AC9969AD6A76FCDF8BFD3774.d.0E67E91F6A5BD5925574AC81D9D54685.e.2682"}]}
RESULT: {"script":"<script> [8489 bytes]","args":[{"element-6066-11e4-a52e-4f735466cecf":"f.C3AA7480AC9969AD6A76FCDF8BFD3774.d.0E67E91F6A5BD5925574AC81D9D54685.e.2682","ELEMENT":"f.C3AA7480AC9969AD6A76FCDF8BFD3774.d.0E67E91F6A5BD5925574AC81D9D54685.e.2682"}]}
COMMAND: POST /session/54b51d12ae76246c47a9cfd9839bf688/execute/async - {"script":"<script> [1562 bytes]","args":[{"selector":{"id":"application-manageyards-display-component---NewYard--addressNewCostObjectCstID-vhi"},"wdio_ui5_key":"applicationmanageyards-display-component---NewYard--addressNewCostObjectCstID-vhi"}]}
COMMAND: GET /session/54b51d12ae76246c47a9cfd9839bf688/screenshot - {}
RESULT: {"script":"<script> [1562 bytes]","args":[{"selector":{"id":"application-manageyards-display-component---NewYard--addressNewCostObjectCstID-vhi"},"wdio_ui5_key":"applicationmanageyards-display-component---NewYard--addressNewCostObjectCstID-vhi"}]}
RESULT: undefined
COMMAND: POST /session/54b51d12ae76246c47a9cfd9839bf688/element - {"using":"xpath","value":"//*[@id=\"application-manageyards-display-component---NewYard--addressNewCostObjectCstID-vhi\"]"}
RESULT: {}
RESULT: {"using":"xpath","value":"//*[@id=\"application-manageyards-display-component---NewYard--addressNewCostObjectCstID-vhi\"]"}
COMMAND: POST /session/54b51d12ae76246c47a9cfd9839bf688/element/f.C3AA7480AC9969AD6A76FCDF8BFD3774.d.0E67E91F6A5BD5925574AC81D9D54685.e.2682/click - {}
RESULT: {}
COMMAND: GET /session/54b51d12ae76246c47a9cfd9839bf688/screenshot - {}
RESULT: {}
COMMAND: POST /session/54b51d12ae76246c47a9cfd9839bf688/execute/async - {"script":"<script> [1562 bytes]","args":[{"selector":{"controlType":"sap.m.SearchField","properties":{"placeholder":"Search"},"searchOpenDialogs":true,"interaction":{"idSuffix":"I"}},"wdio_ui5_key":"sapm.SearchField{\"placeholder\":\"Search\"}"}]}
RESULT: {"script":"<script> [1562 bytes]","args":[{"selector":{"controlType":"sap.m.SearchField","properties":{"placeholder":"Search"},"searchOpenDialogs":true,"interaction":{"idSuffix":"I"}},"wdio_ui5_key":"sapm.SearchField{\"placeholder\":\"Search\"}"}]}
RESULT: undefined
COMMAND: POST /session/54b51d12ae76246c47a9cfd9839bf688/execute/async - {"script":"<script> [776 bytes]","args":[{"enterText":"bauh_b","selector":{"controlType":"sap.m.SearchField","properties":{"placeholder":"Search"},"searchOpenDialogs":true,"interaction":{"idSuffix":"I"}},"clearTextFirst":true,"interactionType":"ENTER_TEXT"}]}
RESULT: {"script":"<script> [776 bytes]","args":[{"enterText":"bauh_b","selector":{"controlType":"sap.m.SearchField","properties":{"placeholder":"Search"},"searchOpenDialogs":true,"interaction":{"idSuffix":"I"}},"clearTextFirst":true,"interactionType":"ENTER_TEXT"}]}
COMMAND: POST /session/54b51d12ae76246c47a9cfd9839bf688/actions - {"actions":[{"id":"action1","type":"key","parameters":{},"actions":[{"type":"keyDown","value":"î€‡"},{"type":"pause","duration":10},{"type":"keyUp","value":"î€‡"}]}]}
RESULT: {"actions":[{"id":"action1","type":"key","parameters":{},"actions":[{"type":"keyDown","value":"î€‡"},{"type":"pause","duration":10},{"type":"keyUp","value":"î€‡"}]}]}
COMMAND: GET /session/54b51d12ae76246c47a9cfd9839bf688/screenshot - {}
RESULT: {}
COMMAND: POST /session/54b51d12ae76246c47a9cfd9839bf688/element - {"using":"xpath","value":"//span[contains(text(), \"Demo Yard\")]"}
RESULT: {"using":"xpath","value":"//span[contains(text(), \"Demo Yard\")]"}
COMMAND: POST /session/54b51d12ae76246c47a9cfd9839bf688/element/f.C3AA7480AC9969AD6A76FCDF8BFD3774.d.0E67E91F6A5BD5925574AC81D9D54685.e.2723/click - {}
RESULT: {}
COMMAND: GET /session/54b51d12ae76246c47a9cfd9839bf688/screenshot - {}
RESULT: {}
COMMAND: POST /session/54b51d12ae76246c47a9cfd9839bf688/element - {"using":"xpath","value":"//bdi[contains(text(), \"OK\")]"}
RESULT: {"using":"xpath","value":"//bdi[contains(text(), \"OK\")]"}
COMMAND: POST /session/54b51d12ae76246c47a9cfd9839bf688/element/f.C3AA7480AC9969AD6A76FCDF8BFD3774.d.0E67E91F6A5BD5925574AC81D9D54685.e.2724/click - {}
RESULT: {}
COMMAND: GET /session/54b51d12ae76246c47a9cfd9839bf688/screenshot - {}
RESULT: {}
COMMAND: POST /session/54b51d12ae76246c47a9cfd9839bf688/execute/async - {"script":"<script> [1562 bytes]","args":[{"selector":{"id":"application-manageyards-display-component---NewYard--addressEditDetailsCurrency-arrow"},"wdio_ui5_key":"applicationmanageyards-display-component---NewYard--addressEditDetailsCurrency-arrow"}]}
RESULT: {"script":"<script> [1562 bytes]","args":[{"selector":{"id":"application-manageyards-display-component---NewYard--addressEditDetailsCurrency-arrow"},"wdio_ui5_key":"applicationmanageyards-display-component---NewYard--addressEditDetailsCurrency-arrow"}]}
RESULT: undefined
COMMAND: POST /session/54b51d12ae76246c47a9cfd9839bf688/element - {"using":"xpath","value":"//*[@id=\"application-manageyards-display-component---NewYard--addressEditDetailsCurrency-arrow\"]"}
RESULT: {"using":"xpath","value":"//*[@id=\"application-manageyards-display-component---NewYard--addressEditDetailsCurrency-arrow\"]"}
COMMAND: POST /session/54b51d12ae76246c47a9cfd9839bf688/element/f.C3AA7480AC9969AD6A76FCDF8BFD3774.d.0E67E91F6A5BD5925574AC81D9D54685.e.2727/click - {}
RESULT: {}
COMMAND: POST /session/54b51d12ae76246c47a9cfd9839bf688/element - {"using":"xpath","value":"//span[contains(text(), \"Euro\")]"}
COMMAND: GET /session/54b51d12ae76246c47a9cfd9839bf688/screenshot - {}
RESULT: {"using":"xpath","value":"//span[contains(text(), \"Euro\")]"}
COMMAND: POST /session/54b51d12ae76246c47a9cfd9839bf688/element/f.C3AA7480AC9969AD6A76FCDF8BFD3774.d.0E67E91F6A5BD5925574AC81D9D54685.e.2728/click - {}
RESULT: {}
RESULT: {}
COMMAND: POST /session/54b51d12ae76246c47a9cfd9839bf688/execute/async - {"script":"<script> [1562 bytes]","args":[{"selector":{"controlType":"sap.m.Input","viewName":"etm.portal.ui.manageyards.view.New","viewId":"application-manageyards-display-component---NewYard","bindingPath":{"path":"","propertyPath":"/CONTROLLING_AREA","modelName":"NewYardModel"},"interaction":{"idSuffix":"inner"}},"wdio_ui5_key":"etmportal.ui.manageyards.view.Newsap.m.Input{\"path\":\"\",\"propertyPath\":\"/CONTROLLING_AREA\",\"modelName\":\"NewYardModel\"}"}]}
COMMAND: GET /session/54b51d12ae76246c47a9cfd9839bf688/screenshot - {}
RESULT: {"script":"<script> [1562 bytes]","args":[{"selector":{"controlType":"sap.m.Input","viewName":"etm.portal.ui.manageyards.view.New","viewId":"application-manageyards-display-component---NewYard","bindingPath":{"path":"","propertyPath":"/CONTROLLING_AREA","modelName":"NewYardModel"},"interaction":{"idSuffix":"inner"}},"wdio_ui5_key":"etmportal.ui.manageyards.view.Newsap.m.Input{\"path\":\"\",\"propertyPath\":\"/CONTROLLING_AREA\",\"modelName\":\"NewYardModel\"}"}]}
RESULT: undefined
COMMAND: POST /session/54b51d12ae76246c47a9cfd9839bf688/execute/async - {"script":"<script> [776 bytes]","args":[{"enterText":"Z001","selector":{"controlType":"sap.m.Input","viewName":"etm.portal.ui.manageyards.view.New","viewId":"application-manageyards-display-component---NewYard","bindingPath":{"path":"","propertyPath":"/CONTROLLING_AREA","modelName":"NewYardModel"},"interaction":{"idSuffix":"inner"}},"clearTextFirst":true,"interactionType":"ENTER_TEXT"}]}
RESULT: {}
RESULT: {"script":"<script> [776 bytes]","args":[{"enterText":"Z001","selector":{"controlType":"sap.m.Input","viewName":"etm.portal.ui.manageyards.view.New","viewId":"application-manageyards-display-component---NewYard","bindingPath":{"path":"","propertyPath":"/CONTROLLING_AREA","modelName":"NewYardModel"},"interaction":{"idSuffix":"inner"}},"clearTextFirst":true,"interactionType":"ENTER_TEXT"}]}
COMMAND: POST /session/54b51d12ae76246c47a9cfd9839bf688/execute/async - {"script":"<script> [1562 bytes]","args":[{"selector":{"id":"application-manageyards-display-component---NewYard--companyCodeComboBox","interaction":{"idSuffix":"inner"}},"wdio_ui5_key":"applicationmanageyards-display-component---NewYard--companyCodeComboBox"}]}
RESULT: {"script":"<script> [1562 bytes]","args":[{"selector":{"id":"application-manageyards-display-component---NewYard--companyCodeComboBox","interaction":{"idSuffix":"inner"}},"wdio_ui5_key":"applicationmanageyards-display-component---NewYard--companyCodeComboBox"}]}
RESULT: undefined
COMMAND: POST /session/54b51d12ae76246c47a9cfd9839bf688/execute/async - {"script":"<script> [776 bytes]","args":[{"enterText":"1000","selector":{"id":"application-manageyards-display-component---NewYard--companyCodeComboBox","interaction":{"idSuffix":"inner"}},"clearTextFirst":true,"interactionType":"ENTER_TEXT"}]}
RESULT: {"script":"<script> [776 bytes]","args":[{"enterText":"1000","selector":{"id":"application-manageyards-display-component---NewYard--companyCodeComboBox","interaction":{"idSuffix":"inner"}},"clearTextFirst":true,"interactionType":"ENTER_TEXT"}]}
COMMAND: POST /session/54b51d12ae76246c47a9cfd9839bf688/execute/async - {"script":"<script> [1562 bytes]","args":[{"selector":{"controlType":"sap.m.Input","viewName":"etm.portal.ui.manageyards.view.New","viewId":"application-manageyards-display-component---NewYard","bindingPath":{"path":"","propertyPath":"/PLANT","modelName":"NewYardModel"},"interaction":{"idSuffix":"inner"}},"wdio_ui5_key":"etmportal.ui.manageyards.view.Newsap.m.Input{\"path\":\"\",\"propertyPath\":\"/PLANT\",\"modelName\":\"NewYardModel\"}"}]}
RESULT: {"script":"<script> [1562 bytes]","args":[{"selector":{"controlType":"sap.m.Input","viewName":"etm.portal.ui.manageyards.view.New","viewId":"application-manageyards-display-component---NewYard","bindingPath":{"path":"","propertyPath":"/PLANT","modelName":"NewYardModel"},"interaction":{"idSuffix":"inner"}},"wdio_ui5_key":"etmportal.ui.manageyards.view.Newsap.m.Input{\"path\":\"\",\"propertyPath\":\"/PLANT\",\"modelName\":\"NewYardModel\"}"}]}
RESULT: undefined
COMMAND: POST /session/54b51d12ae76246c47a9cfd9839bf688/execute/async - {"script":"<script> [776 bytes]","args":[{"enterText":"1001","selector":{"controlType":"sap.m.Input","viewName":"etm.portal.ui.manageyards.view.New","viewId":"application-manageyards-display-component---NewYard","bindingPath":{"path":"","propertyPath":"/PLANT","modelName":"NewYardModel"},"interaction":{"idSuffix":"inner"}},"clearTextFirst":true,"interactionType":"ENTER_TEXT"}]}
RESULT: {"script":"<script> [776 bytes]","args":[{"enterText":"1001","selector":{"controlType":"sap.m.Input","viewName":"etm.portal.ui.manageyards.view.New","viewId":"application-manageyards-display-component---NewYard","bindingPath":{"path":"","propertyPath":"/PLANT","modelName":"NewYardModel"},"interaction":{"idSuffix":"inner"}},"clearTextFirst":true,"interactionType":"ENTER_TEXT"}]}
COMMAND: POST /session/54b51d12ae76246c47a9cfd9839bf688/execute/async - {"script":"<script> [1562 bytes]","args":[{"selector":{"controlType":"sap.m.Input","viewName":"etm.portal.ui.manageyards.view.New","viewId":"application-manageyards-display-component---NewYard","bindingPath":{"path":"","propertyPath":"/SALES_AREA_VKORG","modelName":"NewYardModel"},"interaction":{"idSuffix":"inner"}},"wdio_ui5_key":"etmportal.ui.manageyards.view.Newsap.m.Input{\"path\":\"\",\"propertyPath\":\"/SALES_AREA_VKORG\",\"modelName\":\"NewYardModel\"}"}]}
RESULT: {"script":"<script> [1562 bytes]","args":[{"selector":{"controlType":"sap.m.Input","viewName":"etm.portal.ui.manageyards.view.New","viewId":"application-manageyards-display-component---NewYard","bindingPath":{"path":"","propertyPath":"/SALES_AREA_VKORG","modelName":"NewYardModel"},"interaction":{"idSuffix":"inner"}},"wdio_ui5_key":"etmportal.ui.manageyards.view.Newsap.m.Input{\"path\":\"\",\"propertyPath\":\"/SALES_AREA_VKORG\",\"modelName\":\"NewYardModel\"}"}]}
RESULT: undefined
COMMAND: POST /session/54b51d12ae76246c47a9cfd9839bf688/execute/async - {"script":"<script> [776 bytes]","args":[{"enterText":"C002","selector":{"controlType":"sap.m.Input","viewName":"etm.portal.ui.manageyards.view.New","viewId":"application-manageyards-display-component---NewYard","bindingPath":{"path":"","propertyPath":"/SALES_AREA_VKORG","modelName":"NewYardModel"},"interaction":{"idSuffix":"inner"}},"clearTextFirst":true,"interactionType":"ENTER_TEXT"}]}
RESULT: {"script":"<script> [776 bytes]","args":[{"enterText":"C002","selector":{"controlType":"sap.m.Input","viewName":"etm.portal.ui.manageyards.view.New","viewId":"application-manageyards-display-component---NewYard","bindingPath":{"path":"","propertyPath":"/SALES_AREA_VKORG","modelName":"NewYardModel"},"interaction":{"idSuffix":"inner"}},"clearTextFirst":true,"interactionType":"ENTER_TEXT"}]}
COMMAND: POST /session/54b51d12ae76246c47a9cfd9839bf688/execute/async - {"script":"<script> [1562 bytes]","args":[{"selector":{"controlType":"sap.m.Input","viewName":"etm.portal.ui.manageyards.view.New","viewId":"application-manageyards-display-component---NewYard","bindingPath":{"path":"","propertyPath":"/SALES_AREA_VTWEG","modelName":"NewYardModel"},"interaction":{"idSuffix":"inner"}},"wdio_ui5_key":"etmportal.ui.manageyards.view.Newsap.m.Input{\"path\":\"\",\"propertyPath\":\"/SALES_AREA_VTWEG\",\"modelName\":\"NewYardModel\"}"}]}
RESULT: {"script":"<script> [1562 bytes]","args":[{"selector":{"controlType":"sap.m.Input","viewName":"etm.portal.ui.manageyards.view.New","viewId":"application-manageyards-display-component---NewYard","bindingPath":{"path":"","propertyPath":"/SALES_AREA_VTWEG","modelName":"NewYardModel"},"interaction":{"idSuffix":"inner"}},"wdio_ui5_key":"etmportal.ui.manageyards.view.Newsap.m.Input{\"path\":\"\",\"propertyPath\":\"/SALES_AREA_VTWEG\",\"modelName\":\"NewYardModel\"}"}]}
RESULT: undefined
COMMAND: POST /session/54b51d12ae76246c47a9cfd9839bf688/execute/async - {"script":"<script> [776 bytes]","args":[{"enterText":"C2","selector":{"controlType":"sap.m.Input","viewName":"etm.portal.ui.manageyards.view.New","viewId":"application-manageyards-display-component---NewYard","bindingPath":{"path":"","propertyPath":"/SALES_AREA_VTWEG","modelName":"NewYardModel"},"interaction":{"idSuffix":"inner"}},"clearTextFirst":true,"interactionType":"ENTER_TEXT"}]}
RESULT: {"script":"<script> [776 bytes]","args":[{"enterText":"C2","selector":{"controlType":"sap.m.Input","viewName":"etm.portal.ui.manageyards.view.New","viewId":"application-manageyards-display-component---NewYard","bindingPath":{"path":"","propertyPath":"/SALES_AREA_VTWEG","modelName":"NewYardModel"},"interaction":{"idSuffix":"inner"}},"clearTextFirst":true,"interactionType":"ENTER_TEXT"}]}
COMMAND: POST /session/54b51d12ae76246c47a9cfd9839bf688/execute/async - {"script":"<script> [1562 bytes]","args":[{"selector":{"controlType":"sap.m.Input","viewName":"etm.portal.ui.manageyards.view.New","viewId":"application-manageyards-display-component---NewYard","bindingPath":{"path":"","propertyPath":"/SALES_AREA_SPART","modelName":"NewYardModel"},"interaction":{"idSuffix":"inner"}},"wdio_ui5_key":"etmportal.ui.manageyards.view.Newsap.m.Input{\"path\":\"\",\"propertyPath\":\"/SALES_AREA_SPART\",\"modelName\":\"NewYardModel\"}"}]}
RESULT: {"script":"<script> [1562 bytes]","args":[{"selector":{"controlType":"sap.m.Input","viewName":"etm.portal.ui.manageyards.view.New","viewId":"application-manageyards-display-component---NewYard","bindingPath":{"path":"","propertyPath":"/SALES_AREA_SPART","modelName":"NewYardModel"},"interaction":{"idSuffix":"inner"}},"wdio_ui5_key":"etmportal.ui.manageyards.view.Newsap.m.Input{\"path\":\"\",\"propertyPath\":\"/SALES_AREA_SPART\",\"modelName\":\"NewYardModel\"}"}]}
RESULT: undefined
COMMAND: POST /session/54b51d12ae76246c47a9cfd9839bf688/execute/async - {"script":"<script> [776 bytes]","args":[{"enterText":"C2","selector":{"controlType":"sap.m.Input","viewName":"etm.portal.ui.manageyards.view.New","viewId":"application-manageyards-display-component---NewYard","bindingPath":{"path":"","propertyPath":"/SALES_AREA_SPART","modelName":"NewYardModel"},"interaction":{"idSuffix":"inner"}},"clearTextFirst":true,"interactionType":"ENTER_TEXT"}]}
RESULT: {"script":"<script> [776 bytes]","args":[{"enterText":"C2","selector":{"controlType":"sap.m.Input","viewName":"etm.portal.ui.manageyards.view.New","viewId":"application-manageyards-display-component---NewYard","bindingPath":{"path":"","propertyPath":"/SALES_AREA_SPART","modelName":"NewYardModel"},"interaction":{"idSuffix":"inner"}},"clearTextFirst":true,"interactionType":"ENTER_TEXT"}]}
COMMAND: POST /session/54b51d12ae76246c47a9cfd9839bf688/execute/async - {"script":"<script> [1562 bytes]","args":[{"selector":{"controlType":"sap.m.Input","viewName":"etm.portal.ui.manageyards.view.New","viewId":"application-manageyards-display-component---NewYard","bindingPath":{"path":"","propertyPath":"/SHIP_POINT","modelName":"NewYardModel"},"interaction":{"idSuffix":"inner"}},"wdio_ui5_key":"etmportal.ui.manageyards.view.Newsap.m.Input{\"path\":\"\",\"propertyPath\":\"/SHIP_POINT\",\"modelName\":\"NewYardModel\"}"}]}
RESULT: {"script":"<script> [1562 bytes]","args":[{"selector":{"controlType":"sap.m.Input","viewName":"etm.portal.ui.manageyards.view.New","viewId":"application-manageyards-display-component---NewYard","bindingPath":{"path":"","propertyPath":"/SHIP_POINT","modelName":"NewYardModel"},"interaction":{"idSuffix":"inner"}},"wdio_ui5_key":"etmportal.ui.manageyards.view.Newsap.m.Input{\"path\":\"\",\"propertyPath\":\"/SHIP_POINT\",\"modelName\":\"NewYardModel\"}"}]}
RESULT: undefined
COMMAND: POST /session/54b51d12ae76246c47a9cfd9839bf688/execute/async - {"script":"<script> [776 bytes]","args":[{"enterText":"1710","selector":{"controlType":"sap.m.Input","viewName":"etm.portal.ui.manageyards.view.New","viewId":"application-manageyards-display-component---NewYard","bindingPath":{"path":"","propertyPath":"/SHIP_POINT","modelName":"NewYardModel"},"interaction":{"idSuffix":"inner"}},"clearTextFirst":true,"interactionType":"ENTER_TEXT"}]}
RESULT: {"script":"<script> [776 bytes]","args":[{"enterText":"1710","selector":{"controlType":"sap.m.Input","viewName":"etm.portal.ui.manageyards.view.New","viewId":"application-manageyards-display-component---NewYard","bindingPath":{"path":"","propertyPath":"/SHIP_POINT","modelName":"NewYardModel"},"interaction":{"idSuffix":"inner"}},"clearTextFirst":true,"interactionType":"ENTER_TEXT"}]}
COMMAND: POST /session/54b51d12ae76246c47a9cfd9839bf688/execute/async - {"script":"<script> [1562 bytes]","args":[{"selector":{"controlType":"sap.m.Input","viewName":"etm.portal.ui.manageyards.view.New","viewId":"application-manageyards-display-component---NewYard","bindingPath":{"path":"","propertyPath":"/DELIVERY_TYPE","modelName":"NewYardModel"},"interaction":{"idSuffix":"inner"}},"wdio_ui5_key":"etmportal.ui.manageyards.view.Newsap.m.Input{\"path\":\"\",\"propertyPath\":\"/DELIVERY_TYPE\",\"modelName\":\"NewYardModel\"}"}]}
RESULT: {"script":"<script> [1562 bytes]","args":[{"selector":{"controlType":"sap.m.Input","viewName":"etm.portal.ui.manageyards.view.New","viewId":"application-manageyards-display-component---NewYard","bindingPath":{"path":"","propertyPath":"/DELIVERY_TYPE","modelName":"NewYardModel"},"interaction":{"idSuffix":"inner"}},"wdio_ui5_key":"etmportal.ui.manageyards.view.Newsap.m.Input{\"path\":\"\",\"propertyPath\":\"/DELIVERY_TYPE\",\"modelName\":\"NewYardModel\"}"}]}
RESULT: undefined
COMMAND: POST /session/54b51d12ae76246c47a9cfd9839bf688/execute/async - {"script":"<script> [776 bytes]","args":[{"enterText":"ZL01","selector":{"controlType":"sap.m.Input","viewName":"etm.portal.ui.manageyards.view.New","viewId":"application-manageyards-display-component---NewYard","bindingPath":{"path":"","propertyPath":"/DELIVERY_TYPE","modelName":"NewYardModel"},"interaction":{"idSuffix":"inner"}},"clearTextFirst":true,"interactionType":"ENTER_TEXT"}]}
RESULT: {"script":"<script> [776 bytes]","args":[{"enterText":"ZL01","selector":{"controlType":"sap.m.Input","viewName":"etm.portal.ui.manageyards.view.New","viewId":"application-manageyards-display-component---NewYard","bindingPath":{"path":"","propertyPath":"/DELIVERY_TYPE","modelName":"NewYardModel"},"interaction":{"idSuffix":"inner"}},"clearTextFirst":true,"interactionType":"ENTER_TEXT"}]}
COMMAND: POST /session/54b51d12ae76246c47a9cfd9839bf688/execute/async - {"script":"<script> [1562 bytes]","args":[{"selector":{"controlType":"sap.m.Input","viewName":"etm.portal.ui.manageyards.view.New","viewId":"application-manageyards-display-component---NewYard","bindingPath":{"path":"","propertyPath":"/AUART","modelName":"NewYardModel"},"interaction":{"idSuffix":"inner"}},"wdio_ui5_key":"etmportal.ui.manageyards.view.Newsap.m.Input{\"path\":\"\",\"propertyPath\":\"/AUART\",\"modelName\":\"NewYardModel\"}"}]}
RESULT: {"script":"<script> [1562 bytes]","args":[{"selector":{"controlType":"sap.m.Input","viewName":"etm.portal.ui.manageyards.view.New","viewId":"application-manageyards-display-component---NewYard","bindingPath":{"path":"","propertyPath":"/AUART","modelName":"NewYardModel"},"interaction":{"idSuffix":"inner"}},"wdio_ui5_key":"etmportal.ui.manageyards.view.Newsap.m.Input{\"path\":\"\",\"propertyPath\":\"/AUART\",\"modelName\":\"NewYardModel\"}"}]}
RESULT: undefined
COMMAND: POST /session/54b51d12ae76246c47a9cfd9839bf688/execute/async - {"script":"<script> [776 bytes]","args":[{"enterText":"TA","selector":{"controlType":"sap.m.Input","viewName":"etm.portal.ui.manageyards.view.New","viewId":"application-manageyards-display-component---NewYard","bindingPath":{"path":"","propertyPath":"/AUART","modelName":"NewYardModel"},"interaction":{"idSuffix":"inner"}},"clearTextFirst":true,"interactionType":"ENTER_TEXT"}]}
RESULT: {"script":"<script> [776 bytes]","args":[{"enterText":"TA","selector":{"controlType":"sap.m.Input","viewName":"etm.portal.ui.manageyards.view.New","viewId":"application-manageyards-display-component---NewYard","bindingPath":{"path":"","propertyPath":"/AUART","modelName":"NewYardModel"},"interaction":{"idSuffix":"inner"}},"clearTextFirst":true,"interactionType":"ENTER_TEXT"}]}
COMMAND: POST /session/54b51d12ae76246c47a9cfd9839bf688/element - {"using":"xpath","value":"//button[@data-kt=\"newYardSaveButton\"]"}
RESULT: {"using":"xpath","value":"//button[@data-kt=\"newYardSaveButton\"]"}
COMMAND: POST /session/54b51d12ae76246c47a9cfd9839bf688/element/f.C3AA7480AC9969AD6A76FCDF8BFD3774.d.0E67E91F6A5BD5925574AC81D9D54685.e.2655/click - {}
RESULT: {}
COMMAND: GET /session/54b51d12ae76246c47a9cfd9839bf688/screenshot - {}
RESULT: {}
COMMAND: POST /session/54b51d12ae76246c47a9cfd9839bf688/element - {"using":"xpath","value":"//header[contains(@id, 'ObjectPageLayout-headerTitle')]/div[1]/div[2]/div[1]/span[1]"}
RESULT: {"using":"xpath","value":"//header[contains(@id, 'ObjectPageLayout-headerTitle')]/div[1]/div[2]/div[1]/span[1]"}
COMMAND: POST /session/54b51d12ae76246c47a9cfd9839bf688/elements - {"using":"xpath","value":"//header[contains(@id, 'ObjectPageLayout-headerTitle')]/div[1]/div[2]/div[1]/span[1]"}
RESULT: {"using":"xpath","value":"//header[contains(@id, 'ObjectPageLayout-headerTitle')]/div[1]/div[2]/div[1]/span[1]"}
COMMAND: POST /session/54b51d12ae76246c47a9cfd9839bf688/execute/sync - {"script":"<script> [56 bytes]","args":[{"element-6066-11e4-a52e-4f735466cecf":"f.C3AA7480AC9969AD6A76FCDF8BFD3774.d.0E67E91F6A5BD5925574AC81D9D54685.e.2948","ELEMENT":"f.C3AA7480AC9969AD6A76FCDF8BFD3774.d.0E67E91F6A5BD5925574AC81D9D54685.e.2948"}]}
RESULT: {"script":"<script> [56 bytes]","args":[{"element-6066-11e4-a52e-4f735466cecf":"f.C3AA7480AC9969AD6A76FCDF8BFD3774.d.0E67E91F6A5BD5925574AC81D9D54685.e.2948","ELEMENT":"f.C3AA7480AC9969AD6A76FCDF8BFD3774.d.0E67E91F6A5BD5925574AC81D9D54685.e.2948"}]}
COMMAND: GET /session/54b51d12ae76246c47a9cfd9839bf688/screenshot - {}
RESULT: {}
COMMAND: POST /session/54b51d12ae76246c47a9cfd9839bf688/element - {"using":"css selector","value":"#shell-header-logo"}
RESULT: {"using":"css selector","value":"#shell-header-logo"}
COMMAND: POST /session/54b51d12ae76246c47a9cfd9839bf688/element/f.C3AA7480AC9969AD6A76FCDF8BFD3774.d.0E67E91F6A5BD5925574AC81D9D54685.e.2219/click - {}
RESULT: {}
COMMAND: GET /session/54b51d12ae76246c47a9cfd9839bf688/screenshot - {}
RESULT: {}
COMMAND: POST /session/54b51d12ae76246c47a9cfd9839bf688/execute/sync - {"script":"<script> [299 bytes]","args":[["getModel","getResource"]]}
RESULT: {"script":"<script> [299 bytes]","args":[["getModel","getResource"]]}
COMMAND: GET /session/54b51d12ae76246c47a9cfd9839bf688/screenshot - {}
]]></system-out>
    </testcase>
    <testcase classname="chrome.136_0_7103_93.windows.Billing_Transfer_-_Master_data_&amp;_Intercompany_US127250" name="Should create a new partner" time="140.828">
      <system-out><![CDATA[
COMMAND: POST /session/54b51d12ae76246c47a9cfd9839bf688/window/fullscreen - {}
RESULT: {}
RESULT: {}
COMMAND: POST /session/54b51d12ae76246c47a9cfd9839bf688/execute/async - {"script":"<script> [1562 bytes]","args":[{"selector":{"controlType":"sap.m.GenericTile","properties":{"header":"Manage Partners"}},"wdio_ui5_key":"sapm.GenericTile{\"header\":\"Manage Partners\"}"}]}
RESULT: {"script":"<script> [1562 bytes]","args":[{"selector":{"controlType":"sap.m.GenericTile","properties":{"header":"Manage Partners"}},"wdio_ui5_key":"sapm.GenericTile{\"header\":\"Manage Partners\"}"}]}
RESULT: undefined
COMMAND: POST /session/54b51d12ae76246c47a9cfd9839bf688/element - {"using":"xpath","value":"//*[@id=\"__tile38\"]"}
RESULT: {"using":"xpath","value":"//*[@id=\"__tile38\"]"}
COMMAND: POST /session/54b51d12ae76246c47a9cfd9839bf688/element/f.C3AA7480AC9969AD6A76FCDF8BFD3774.d.0E67E91F6A5BD5925574AC81D9D54685.e.2106/click - {}
RESULT: {}
COMMAND: GET /session/54b51d12ae76246c47a9cfd9839bf688/screenshot - {}
RESULT: {}
COMMAND: POST /session/54b51d12ae76246c47a9cfd9839bf688/elements - {"using":"xpath","value":"//span[text()='Error']"}
RESULT: {"using":"xpath","value":"//span[text()='Error']"}
COMMAND: POST /session/54b51d12ae76246c47a9cfd9839bf688/element - {"using":"xpath","value":"//button[@data-kt=\"addButton\"]"}
RESULT: {"using":"xpath","value":"//button[@data-kt=\"addButton\"]"}
COMMAND: POST /session/54b51d12ae76246c47a9cfd9839bf688/elements - {"using":"xpath","value":"//button[@data-kt=\"addButton\"]"}
RESULT: {"using":"xpath","value":"//button[@data-kt=\"addButton\"]"}
COMMAND: POST /session/54b51d12ae76246c47a9cfd9839bf688/execute/sync - {"script":"<script> [8489 bytes]","args":[{"element-6066-11e4-a52e-4f735466cecf":"f.C3AA7480AC9969AD6A76FCDF8BFD3774.d.0E67E91F6A5BD5925574AC81D9D54685.e.2986","ELEMENT":"f.C3AA7480AC9969AD6A76FCDF8BFD3774.d.0E67E91F6A5BD5925574AC81D9D54685.e.2986"}]}
RESULT: {"script":"<script> [8489 bytes]","args":[{"element-6066-11e4-a52e-4f735466cecf":"f.C3AA7480AC9969AD6A76FCDF8BFD3774.d.0E67E91F6A5BD5925574AC81D9D54685.e.2986","ELEMENT":"f.C3AA7480AC9969AD6A76FCDF8BFD3774.d.0E67E91F6A5BD5925574AC81D9D54685.e.2986"}]}
COMMAND: GET /session/54b51d12ae76246c47a9cfd9839bf688/element/f.C3AA7480AC9969AD6A76FCDF8BFD3774.d.0E67E91F6A5BD5925574AC81D9D54685.e.2986/enabled - {}
COMMAND: GET /session/54b51d12ae76246c47a9cfd9839bf688/screenshot - {}
RESULT: {}
COMMAND: POST /session/54b51d12ae76246c47a9cfd9839bf688/execute/sync - {"script":"<script> [8489 bytes]","args":[{"element-6066-11e4-a52e-4f735466cecf":"f.C3AA7480AC9969AD6A76FCDF8BFD3774.d.0E67E91F6A5BD5925574AC81D9D54685.e.2986","ELEMENT":"f.C3AA7480AC9969AD6A76FCDF8BFD3774.d.0E67E91F6A5BD5925574AC81D9D54685.e.2986"}]}
COMMAND: GET /session/54b51d12ae76246c47a9cfd9839bf688/screenshot - {}
RESULT: {}
RESULT: {"script":"<script> [8489 bytes]","args":[{"element-6066-11e4-a52e-4f735466cecf":"f.C3AA7480AC9969AD6A76FCDF8BFD3774.d.0E67E91F6A5BD5925574AC81D9D54685.e.2986","ELEMENT":"f.C3AA7480AC9969AD6A76FCDF8BFD3774.d.0E67E91F6A5BD5925574AC81D9D54685.e.2986"}]}
COMMAND: POST /session/54b51d12ae76246c47a9cfd9839bf688/execute/sync - {"script":"<script> [5351 bytes]","args":[{"element-6066-11e4-a52e-4f735466cecf":"f.C3AA7480AC9969AD6A76FCDF8BFD3774.d.0E67E91F6A5BD5925574AC81D9D54685.e.2986","ELEMENT":"f.C3AA7480AC9969AD6A76FCDF8BFD3774.d.0E67E91F6A5BD5925574AC81D9D54685.e.2986"}]}
COMMAND: GET /session/54b51d12ae76246c47a9cfd9839bf688/screenshot - {}
RESULT: {}
RESULT: {"script":"<script> [5351 bytes]","args":[{"element-6066-11e4-a52e-4f735466cecf":"f.C3AA7480AC9969AD6A76FCDF8BFD3774.d.0E67E91F6A5BD5925574AC81D9D54685.e.2986","ELEMENT":"f.C3AA7480AC9969AD6A76FCDF8BFD3774.d.0E67E91F6A5BD5925574AC81D9D54685.e.2986"}]}
COMMAND: POST /session/54b51d12ae76246c47a9cfd9839bf688/element/f.C3AA7480AC9969AD6A76FCDF8BFD3774.d.0E67E91F6A5BD5925574AC81D9D54685.e.2986/click - {}
COMMAND: GET /session/54b51d12ae76246c47a9cfd9839bf688/screenshot - {}
RESULT: {}
RESULT: {}
COMMAND: GET /session/54b51d12ae76246c47a9cfd9839bf688/screenshot - {}
RESULT: {}
RESULT: {}
COMMAND: POST /session/54b51d12ae76246c47a9cfd9839bf688/execute/async - {"script":"<script> [1562 bytes]","args":[{"selector":{"id":"application-managepartners-display-component---NewPartner--addressDetailDetailsName1","interaction":{"idSuffix":"inner"}},"wdio_ui5_key":"applicationmanagepartners-display-component---NewPartner--addressDetailDetailsName1"}]}
RESULT: {"script":"<script> [1562 bytes]","args":[{"selector":{"id":"application-managepartners-display-component---NewPartner--addressDetailDetailsName1","interaction":{"idSuffix":"inner"}},"wdio_ui5_key":"applicationmanagepartners-display-component---NewPartner--addressDetailDetailsName1"}]}
RESULT: undefined
COMMAND: POST /session/54b51d12ae76246c47a9cfd9839bf688/execute/async - {"script":"<script> [776 bytes]","args":[{"enterText":"Intercompany Partner WDIO","selector":{"id":"application-managepartners-display-component---NewPartner--addressDetailDetailsName1","interaction":{"idSuffix":"inner"}},"clearTextFirst":true,"interactionType":"ENTER_TEXT"}]}
RESULT: {"script":"<script> [776 bytes]","args":[{"enterText":"Intercompany Partner WDIO","selector":{"id":"application-managepartners-display-component---NewPartner--addressDetailDetailsName1","interaction":{"idSuffix":"inner"}},"clearTextFirst":true,"interactionType":"ENTER_TEXT"}]}
COMMAND: POST /session/54b51d12ae76246c47a9cfd9839bf688/execute/async - {"script":"<script> [1562 bytes]","args":[{"selector":{"id":"application-managepartners-display-component---NewPartner--addressDetailDetailsLanguage-arrow"},"wdio_ui5_key":"applicationmanagepartners-display-component---NewPartner--addressDetailDetailsLanguage-arrow"}]}
RESULT: {"script":"<script> [1562 bytes]","args":[{"selector":{"id":"application-managepartners-display-component---NewPartner--addressDetailDetailsLanguage-arrow"},"wdio_ui5_key":"applicationmanagepartners-display-component---NewPartner--addressDetailDetailsLanguage-arrow"}]}
RESULT: undefined
COMMAND: POST /session/54b51d12ae76246c47a9cfd9839bf688/element - {"using":"xpath","value":"//*[@id=\"application-managepartners-display-component---NewPartner--addressDetailDetailsLanguage-arrow\"]"}
RESULT: {"using":"xpath","value":"//*[@id=\"application-managepartners-display-component---NewPartner--addressDetailDetailsLanguage-arrow\"]"}
COMMAND: POST /session/54b51d12ae76246c47a9cfd9839bf688/element/f.C3AA7480AC9969AD6A76FCDF8BFD3774.d.0E67E91F6A5BD5925574AC81D9D54685.e.3440/click - {}
RESULT: {}
COMMAND: POST /session/54b51d12ae76246c47a9cfd9839bf688/element - {"using":"xpath","value":"//span[contains(text(), \"English\")]"}
COMMAND: GET /session/54b51d12ae76246c47a9cfd9839bf688/screenshot - {}
RESULT: {"using":"xpath","value":"//span[contains(text(), \"English\")]"}
COMMAND: POST /session/54b51d12ae76246c47a9cfd9839bf688/element/f.C3AA7480AC9969AD6A76FCDF8BFD3774.d.0E67E91F6A5BD5925574AC81D9D54685.e.3441/click - {}
RESULT: {}
RESULT: {}
COMMAND: GET /session/54b51d12ae76246c47a9cfd9839bf688/screenshot - {}
RESULT: {}
COMMAND: POST /session/54b51d12ae76246c47a9cfd9839bf688/execute/async - {"script":"<script> [1562 bytes]","args":[{"selector":{"id":"application-managepartners-display-component---NewPartner--addressDetailDetailsCity1","interaction":{"idSuffix":"inner"}},"wdio_ui5_key":"applicationmanagepartners-display-component---NewPartner--addressDetailDetailsCity1"}]}
RESULT: {"script":"<script> [1562 bytes]","args":[{"selector":{"id":"application-managepartners-display-component---NewPartner--addressDetailDetailsCity1","interaction":{"idSuffix":"inner"}},"wdio_ui5_key":"applicationmanagepartners-display-component---NewPartner--addressDetailDetailsCity1"}]}
RESULT: undefined
COMMAND: POST /session/54b51d12ae76246c47a9cfd9839bf688/execute/async - {"script":"<script> [776 bytes]","args":[{"enterText":"Rosario","selector":{"id":"application-managepartners-display-component---NewPartner--addressDetailDetailsCity1","interaction":{"idSuffix":"inner"}},"clearTextFirst":true,"interactionType":"ENTER_TEXT"}]}
RESULT: {"script":"<script> [776 bytes]","args":[{"enterText":"Rosario","selector":{"id":"application-managepartners-display-component---NewPartner--addressDetailDetailsCity1","interaction":{"idSuffix":"inner"}},"clearTextFirst":true,"interactionType":"ENTER_TEXT"}]}
COMMAND: POST /session/54b51d12ae76246c47a9cfd9839bf688/execute/async - {"script":"<script> [1562 bytes]","args":[{"selector":{"id":"application-managepartners-display-component---NewPartner--addressDetailDetailsCountry-arrow"},"wdio_ui5_key":"applicationmanagepartners-display-component---NewPartner--addressDetailDetailsCountry-arrow"}]}
RESULT: {"script":"<script> [1562 bytes]","args":[{"selector":{"id":"application-managepartners-display-component---NewPartner--addressDetailDetailsCountry-arrow"},"wdio_ui5_key":"applicationmanagepartners-display-component---NewPartner--addressDetailDetailsCountry-arrow"}]}
RESULT: undefined
COMMAND: POST /session/54b51d12ae76246c47a9cfd9839bf688/element - {"using":"xpath","value":"//*[@id=\"application-managepartners-display-component---NewPartner--addressDetailDetailsCountry-arrow\"]"}
RESULT: {"using":"xpath","value":"//*[@id=\"application-managepartners-display-component---NewPartner--addressDetailDetailsCountry-arrow\"]"}
COMMAND: POST /session/54b51d12ae76246c47a9cfd9839bf688/element/f.C3AA7480AC9969AD6A76FCDF8BFD3774.d.0E67E91F6A5BD5925574AC81D9D54685.e.3408/click - {}
RESULT: {}
COMMAND: POST /session/54b51d12ae76246c47a9cfd9839bf688/element - {"using":"xpath","value":"//span[contains(text(), \"Argentina\")]"}
COMMAND: GET /session/54b51d12ae76246c47a9cfd9839bf688/screenshot - {}
RESULT: {"using":"xpath","value":"//span[contains(text(), \"Argentina\")]"}
COMMAND: POST /session/54b51d12ae76246c47a9cfd9839bf688/element/f.C3AA7480AC9969AD6A76FCDF8BFD3774.d.0E67E91F6A5BD5925574AC81D9D54685.e.3443/click - {}
RESULT: {}
RESULT: {}
COMMAND: GET /session/54b51d12ae76246c47a9cfd9839bf688/screenshot - {}
RESULT: {}
COMMAND: POST /session/54b51d12ae76246c47a9cfd9839bf688/element - {"using":"xpath","value":"//bdi[contains(text(), \"Commercial\")]"}
RESULT: {"using":"xpath","value":"//bdi[contains(text(), \"Commercial\")]"}
COMMAND: POST /session/54b51d12ae76246c47a9cfd9839bf688/element/f.C3AA7480AC9969AD6A76FCDF8BFD3774.d.0E67E91F6A5BD5925574AC81D9D54685.e.3444/click - {}
RESULT: {}
COMMAND: GET /session/54b51d12ae76246c47a9cfd9839bf688/screenshot - {}
RESULT: {}
COMMAND: POST /session/54b51d12ae76246c47a9cfd9839bf688/execute/async - {"script":"<script> [1562 bytes]","args":[{"selector":{"id":"application-managepartners-display-component---NewPartner--partnerDetailInternal-arrow"},"wdio_ui5_key":"applicationmanagepartners-display-component---NewPartner--partnerDetailInternal-arrow"}]}
RESULT: {"script":"<script> [1562 bytes]","args":[{"selector":{"id":"application-managepartners-display-component---NewPartner--partnerDetailInternal-arrow"},"wdio_ui5_key":"applicationmanagepartners-display-component---NewPartner--partnerDetailInternal-arrow"}]}
RESULT: undefined
COMMAND: POST /session/54b51d12ae76246c47a9cfd9839bf688/element - {"using":"xpath","value":"//*[@id=\"application-managepartners-display-component---NewPartner--partnerDetailInternal-arrow\"]"}
RESULT: {"using":"xpath","value":"//*[@id=\"application-managepartners-display-component---NewPartner--partnerDetailInternal-arrow\"]"}
COMMAND: POST /session/54b51d12ae76246c47a9cfd9839bf688/element/f.C3AA7480AC9969AD6A76FCDF8BFD3774.d.0E67E91F6A5BD5925574AC81D9D54685.e.3450/click - {}
RESULT: {}
COMMAND: POST /session/54b51d12ae76246c47a9cfd9839bf688/element - {"using":"xpath","value":"//span[contains(text(), \"Affiliated company\")]"}
COMMAND: GET /session/54b51d12ae76246c47a9cfd9839bf688/screenshot - {}
RESULT: {"using":"xpath","value":"//span[contains(text(), \"Affiliated company\")]"}
COMMAND: POST /session/54b51d12ae76246c47a9cfd9839bf688/element/f.C3AA7480AC9969AD6A76FCDF8BFD3774.d.0E67E91F6A5BD5925574AC81D9D54685.e.3451/click - {}
RESULT: {}
RESULT: {}
COMMAND: POST /session/54b51d12ae76246c47a9cfd9839bf688/execute/async - {"script":"<script> [1562 bytes]","args":[{"selector":{"id":"application-managepartners-display-component---NewPartner--partnerDetailsCurrency-arrow"},"wdio_ui5_key":"applicationmanagepartners-display-component---NewPartner--partnerDetailsCurrency-arrow"}]}
COMMAND: GET /session/54b51d12ae76246c47a9cfd9839bf688/screenshot - {}
RESULT: {"script":"<script> [1562 bytes]","args":[{"selector":{"id":"application-managepartners-display-component---NewPartner--partnerDetailsCurrency-arrow"},"wdio_ui5_key":"applicationmanagepartners-display-component---NewPartner--partnerDetailsCurrency-arrow"}]}
RESULT: undefined
COMMAND: POST /session/54b51d12ae76246c47a9cfd9839bf688/element - {"using":"xpath","value":"//*[@id=\"application-managepartners-display-component---NewPartner--partnerDetailsCurrency-arrow\"]"}
RESULT: {}
RESULT: {"using":"xpath","value":"//*[@id=\"application-managepartners-display-component---NewPartner--partnerDetailsCurrency-arrow\"]"}
COMMAND: POST /session/54b51d12ae76246c47a9cfd9839bf688/element/f.C3AA7480AC9969AD6A76FCDF8BFD3774.d.0E67E91F6A5BD5925574AC81D9D54685.e.3458/click - {}
RESULT: {}
COMMAND: POST /session/54b51d12ae76246c47a9cfd9839bf688/element - {"using":"xpath","value":"//span[contains(text(), \"Euro\")]"}
COMMAND: GET /session/54b51d12ae76246c47a9cfd9839bf688/screenshot - {}
RESULT: {"using":"xpath","value":"//span[contains(text(), \"Euro\")]"}
COMMAND: POST /session/54b51d12ae76246c47a9cfd9839bf688/element/f.C3AA7480AC9969AD6A76FCDF8BFD3774.d.0E67E91F6A5BD5925574AC81D9D54685.e.3459/click - {}
RESULT: {}
RESULT: {}
COMMAND: POST /session/54b51d12ae76246c47a9cfd9839bf688/execute/async - {"script":"<script> [1562 bytes]","args":[{"selector":{"id":"application-managepartners-display-component---NewPartner--addressEditDetailsCostObjectCstType-arrow"},"wdio_ui5_key":"applicationmanagepartners-display-component---NewPartner--addressEditDetailsCostObjectCstType-arrow"}]}
COMMAND: GET /session/54b51d12ae76246c47a9cfd9839bf688/screenshot - {}
RESULT: {"script":"<script> [1562 bytes]","args":[{"selector":{"id":"application-managepartners-display-component---NewPartner--addressEditDetailsCostObjectCstType-arrow"},"wdio_ui5_key":"applicationmanagepartners-display-component---NewPartner--addressEditDetailsCostObjectCstType-arrow"}]}
RESULT: undefined
COMMAND: POST /session/54b51d12ae76246c47a9cfd9839bf688/element - {"using":"xpath","value":"//*[@id=\"application-managepartners-display-component---NewPartner--addressEditDetailsCostObjectCstType-arrow\"]"}
RESULT: {}
RESULT: {"using":"xpath","value":"//*[@id=\"application-managepartners-display-component---NewPartner--addressEditDetailsCostObjectCstType-arrow\"]"}
COMMAND: POST /session/54b51d12ae76246c47a9cfd9839bf688/element/f.C3AA7480AC9969AD6A76FCDF8BFD3774.d.0E67E91F6A5BD5925574AC81D9D54685.e.3460/click - {}
RESULT: {}
COMMAND: POST /session/54b51d12ae76246c47a9cfd9839bf688/element - {"using":"xpath","value":"//span[contains(text(), \"Cost Center\")]"}
COMMAND: GET /session/54b51d12ae76246c47a9cfd9839bf688/screenshot - {}
RESULT: {"using":"xpath","value":"//span[contains(text(), \"Cost Center\")]"}
COMMAND: POST /session/54b51d12ae76246c47a9cfd9839bf688/element/f.C3AA7480AC9969AD6A76FCDF8BFD3774.d.0E67E91F6A5BD5925574AC81D9D54685.e.3461/click - {}
RESULT: {}
RESULT: {}
COMMAND: GET /session/54b51d12ae76246c47a9cfd9839bf688/screenshot - {}
RESULT: {}
COMMAND: POST /session/54b51d12ae76246c47a9cfd9839bf688/element - {"using":"xpath","value":"//span[@id=\"application-managepartners-display-component---NewPartner--addressNewCostObjectCstID-vhi\"]"}
RESULT: {"using":"xpath","value":"//span[@id=\"application-managepartners-display-component---NewPartner--addressNewCostObjectCstID-vhi\"]"}
COMMAND: POST /session/54b51d12ae76246c47a9cfd9839bf688/execute/sync - {"script":"<script> [8489 bytes]","args":[{"element-6066-11e4-a52e-4f735466cecf":"f.C3AA7480AC9969AD6A76FCDF8BFD3774.d.0E67E91F6A5BD5925574AC81D9D54685.e.3465","ELEMENT":"f.C3AA7480AC9969AD6A76FCDF8BFD3774.d.0E67E91F6A5BD5925574AC81D9D54685.e.3465"}]}
RESULT: {"script":"<script> [8489 bytes]","args":[{"element-6066-11e4-a52e-4f735466cecf":"f.C3AA7480AC9969AD6A76FCDF8BFD3774.d.0E67E91F6A5BD5925574AC81D9D54685.e.3465","ELEMENT":"f.C3AA7480AC9969AD6A76FCDF8BFD3774.d.0E67E91F6A5BD5925574AC81D9D54685.e.3465"}]}
COMMAND: POST /session/54b51d12ae76246c47a9cfd9839bf688/execute/async - {"script":"<script> [1562 bytes]","args":[{"selector":{"id":"application-managepartners-display-component---NewPartner--addressNewCostObjectCstID-vhi"},"wdio_ui5_key":"applicationmanagepartners-display-component---NewPartner--addressNewCostObjectCstID-vhi"}]}
COMMAND: GET /session/54b51d12ae76246c47a9cfd9839bf688/screenshot - {}
RESULT: {"script":"<script> [1562 bytes]","args":[{"selector":{"id":"application-managepartners-display-component---NewPartner--addressNewCostObjectCstID-vhi"},"wdio_ui5_key":"applicationmanagepartners-display-component---NewPartner--addressNewCostObjectCstID-vhi"}]}
RESULT: undefined
COMMAND: POST /session/54b51d12ae76246c47a9cfd9839bf688/element - {"using":"xpath","value":"//*[@id=\"application-managepartners-display-component---NewPartner--addressNewCostObjectCstID-vhi\"]"}
RESULT: {}
RESULT: {"using":"xpath","value":"//*[@id=\"application-managepartners-display-component---NewPartner--addressNewCostObjectCstID-vhi\"]"}
COMMAND: POST /session/54b51d12ae76246c47a9cfd9839bf688/element/f.C3AA7480AC9969AD6A76FCDF8BFD3774.d.0E67E91F6A5BD5925574AC81D9D54685.e.3465/click - {}
RESULT: {}
COMMAND: GET /session/54b51d12ae76246c47a9cfd9839bf688/screenshot - {}
RESULT: {}
RESULT: undefined
COMMAND: POST /session/54b51d12ae76246c47a9cfd9839bf688/execute/async - {"script":"<script> [776 bytes]","args":[{"enterText":"10001013","selector":{"controlType":"sap.m.SearchField","properties":{"placeholder":"Search"},"searchOpenDialogs":true,"interaction":{"idSuffix":"I"}},"clearTextFirst":true,"interactionType":"ENTER_TEXT"}]}
RESULT: {"script":"<script> [776 bytes]","args":[{"enterText":"10001013","selector":{"controlType":"sap.m.SearchField","properties":{"placeholder":"Search"},"searchOpenDialogs":true,"interaction":{"idSuffix":"I"}},"clearTextFirst":true,"interactionType":"ENTER_TEXT"}]}
COMMAND: POST /session/54b51d12ae76246c47a9cfd9839bf688/actions - {"actions":[{"id":"action2","type":"key","parameters":{},"actions":[{"type":"keyDown","value":"î€‡"},{"type":"pause","duration":10},{"type":"keyUp","value":"î€‡"}]}]}
RESULT: {"actions":[{"id":"action2","type":"key","parameters":{},"actions":[{"type":"keyDown","value":"î€‡"},{"type":"pause","duration":10},{"type":"keyUp","value":"î€‡"}]}]}
COMMAND: GET /session/54b51d12ae76246c47a9cfd9839bf688/screenshot - {}
RESULT: {}
COMMAND: POST /session/54b51d12ae76246c47a9cfd9839bf688/element - {"using":"xpath","value":"//span[contains(text(), \"General Management\")]"}
RESULT: {"using":"xpath","value":"//span[contains(text(), \"General Management\")]"}
COMMAND: POST /session/54b51d12ae76246c47a9cfd9839bf688/element/f.C3AA7480AC9969AD6A76FCDF8BFD3774.d.0E67E91F6A5BD5925574AC81D9D54685.e.3505/click - {}
RESULT: {}
COMMAND: GET /session/54b51d12ae76246c47a9cfd9839bf688/screenshot - {}
RESULT: {}
COMMAND: POST /session/54b51d12ae76246c47a9cfd9839bf688/element - {"using":"xpath","value":"//bdi[contains(text(), \"OK\")]"}
RESULT: {"using":"xpath","value":"//bdi[contains(text(), \"OK\")]"}
COMMAND: POST /session/54b51d12ae76246c47a9cfd9839bf688/element/f.C3AA7480AC9969AD6A76FCDF8BFD3774.d.0E67E91F6A5BD5925574AC81D9D54685.e.3506/click - {}
RESULT: {}
COMMAND: GET /session/54b51d12ae76246c47a9cfd9839bf688/screenshot - {}
RESULT: {}
COMMAND: POST /session/54b51d12ae76246c47a9cfd9839bf688/element - {"using":"xpath","value":"//input[@id=\"application-managepartners-display-component---NewPartner--companyCodeComboBox-inner\"]"}
RESULT: {"using":"xpath","value":"//input[@id=\"application-managepartners-display-component---NewPartner--companyCodeComboBox-inner\"]"}
COMMAND: POST /session/54b51d12ae76246c47a9cfd9839bf688/element/f.C3AA7480AC9969AD6A76FCDF8BFD3774.d.0E67E91F6A5BD5925574AC81D9D54685.e.3298/clear - {}
RESULT: {}
COMMAND: POST /session/54b51d12ae76246c47a9cfd9839bf688/element/f.C3AA7480AC9969AD6A76FCDF8BFD3774.d.0E67E91F6A5BD5925574AC81D9D54685.e.3298/value - {"text":"C002"}
COMMAND: GET /session/54b51d12ae76246c47a9cfd9839bf688/screenshot - {}
RESULT: {"text":"C002"}
COMMAND: GET /session/54b51d12ae76246c47a9cfd9839bf688/screenshot - {}
RESULT: {}
RESULT: {}
COMMAND: POST /session/54b51d12ae76246c47a9cfd9839bf688/element - {"using":"xpath","value":"//li[.//span[text()= \"C002\"]]"}
RESULT: {"using":"xpath","value":"//li[.//span[text()= \"C002\"]]"}
COMMAND: POST /session/54b51d12ae76246c47a9cfd9839bf688/element/f.C3AA7480AC9969AD6A76FCDF8BFD3774.d.0E67E91F6A5BD5925574AC81D9D54685.e.3512/click - {}
RESULT: {}
COMMAND: GET /session/54b51d12ae76246c47a9cfd9839bf688/screenshot - {}
RESULT: {}
COMMAND: POST /session/54b51d12ae76246c47a9cfd9839bf688/execute/async - {"script":"<script> [1562 bytes]","args":[{"selector":{"id":"application-managepartners-display-component---NewPartner--btnAddTableRow-img"},"wdio_ui5_key":"applicationmanagepartners-display-component---NewPartner--btnAddTableRow-img"}]}
RESULT: {"script":"<script> [1562 bytes]","args":[{"selector":{"id":"application-managepartners-display-component---NewPartner--btnAddTableRow-img"},"wdio_ui5_key":"applicationmanagepartners-display-component---NewPartner--btnAddTableRow-img"}]}
RESULT: undefined
COMMAND: POST /session/54b51d12ae76246c47a9cfd9839bf688/element - {"using":"xpath","value":"//*[@id=\"application-managepartners-display-component---NewPartner--btnAddTableRow-img\"]"}
RESULT: {"using":"xpath","value":"//*[@id=\"application-managepartners-display-component---NewPartner--btnAddTableRow-img\"]"}
COMMAND: POST /session/54b51d12ae76246c47a9cfd9839bf688/element/f.C3AA7480AC9969AD6A76FCDF8BFD3774.d.0E67E91F6A5BD5925574AC81D9D54685.e.3513/click - {}
RESULT: {}
COMMAND: GET /session/54b51d12ae76246c47a9cfd9839bf688/screenshot - {}
RESULT: {}
COMMAND: POST /session/54b51d12ae76246c47a9cfd9839bf688/element - {"using":"xpath","value":"//input[@id=\"application-managepartners-display-component---NewPartner--assignmentYard-application-managepartners-display-component---NewPartner--assignmentsTable-0-inner\"]"}
RESULT: {"using":"xpath","value":"//input[@id=\"application-managepartners-display-component---NewPartner--assignmentYard-application-managepartners-display-component---NewPartner--assignmentsTable-0-inner\"]"}
COMMAND: POST /session/54b51d12ae76246c47a9cfd9839bf688/element/f.C3AA7480AC9969AD6A76FCDF8BFD3774.d.0E67E91F6A5BD5925574AC81D9D54685.e.3516/clear - {}
RESULT: {}
COMMAND: POST /session/54b51d12ae76246c47a9cfd9839bf688/element/f.C3AA7480AC9969AD6A76FCDF8BFD3774.d.0E67E91F6A5BD5925574AC81D9D54685.e.3516/value - {"text":"598"}
COMMAND: GET /session/54b51d12ae76246c47a9cfd9839bf688/screenshot - {}
RESULT: {"text":"598"}
COMMAND: GET /session/54b51d12ae76246c47a9cfd9839bf688/screenshot - {}
RESULT: {}
RESULT: {}
COMMAND: POST /session/54b51d12ae76246c47a9cfd9839bf688/element - {"using":"xpath","value":"//li[.//span[text()='598']]"}
RESULT: {"using":"xpath","value":"//li[.//span[text()='598']]"}
COMMAND: POST /session/54b51d12ae76246c47a9cfd9839bf688/element/f.C3AA7480AC9969AD6A76FCDF8BFD3774.d.0E67E91F6A5BD5925574AC81D9D54685.e.3525/click - {}
RESULT: {}
COMMAND: GET /session/54b51d12ae76246c47a9cfd9839bf688/screenshot - {}
RESULT: {}
COMMAND: POST /session/54b51d12ae76246c47a9cfd9839bf688/actions - {"actions":[{"id":"action3","type":"key","parameters":{},"actions":[{"type":"keyDown","value":"î€‡"},{"type":"pause","duration":10},{"type":"keyUp","value":"î€‡"}]}]}
RESULT: {"actions":[{"id":"action3","type":"key","parameters":{},"actions":[{"type":"keyDown","value":"î€‡"},{"type":"pause","duration":10},{"type":"keyUp","value":"î€‡"}]}]}
COMMAND: POST /session/54b51d12ae76246c47a9cfd9839bf688/execute/async - {"script":"<script> [1562 bytes]","args":[{"selector":{"id":"application-managepartners-display-component---NewPartner--externalCustomerComboBox-application-managepartners-display-component---NewPartner--assignmentsTable-0-vhi"},"wdio_ui5_key":"applicationmanagepartners-display-component---NewPartner--externalCustomerComboBox-application-managepartners-display-component---NewPartner--assignmentsTable-0-vhi"}]}
COMMAND: GET /session/54b51d12ae76246c47a9cfd9839bf688/screenshot - {}
RESULT: {"script":"<script> [1562 bytes]","args":[{"selector":{"id":"application-managepartners-display-component---NewPartner--externalCustomerComboBox-application-managepartners-display-component---NewPartner--assignmentsTable-0-vhi"},"wdio_ui5_key":"applicationmanagepartners-display-component---NewPartner--externalCustomerComboBox-application-managepartners-display-component---NewPartner--assignmentsTable-0-vhi"}]}
RESULT: undefined
COMMAND: POST /session/54b51d12ae76246c47a9cfd9839bf688/element - {"using":"xpath","value":"//*[@id=\"application-managepartners-display-component---NewPartner--externalCustomerComboBox-application-managepartners-display-component---NewPartner--assignmentsTable-0-vhi\"]"}
RESULT: {}
RESULT: {"using":"xpath","value":"//*[@id=\"application-managepartners-display-component---NewPartner--externalCustomerComboBox-application-managepartners-display-component---NewPartner--assignmentsTable-0-vhi\"]"}
COMMAND: POST /session/54b51d12ae76246c47a9cfd9839bf688/element/f.C3AA7480AC9969AD6A76FCDF8BFD3774.d.0E67E91F6A5BD5925574AC81D9D54685.e.3529/click - {}
RESULT: {}
RESULT: undefined
COMMAND: POST /session/54b51d12ae76246c47a9cfd9839bf688/execute/async - {"script":"<script> [776 bytes]","args":[{"enterText":"300003","selector":{"controlType":"sap.m.SearchField","properties":{"placeholder":"Search"},"searchOpenDialogs":true,"interaction":{"idSuffix":"I"}},"clearTextFirst":true,"interactionType":"ENTER_TEXT"}]}
COMMAND: GET /session/54b51d12ae76246c47a9cfd9839bf688/screenshot - {}
RESULT: {"script":"<script> [776 bytes]","args":[{"enterText":"300003","selector":{"controlType":"sap.m.SearchField","properties":{"placeholder":"Search"},"searchOpenDialogs":true,"interaction":{"idSuffix":"I"}},"clearTextFirst":true,"interactionType":"ENTER_TEXT"}]}
COMMAND: POST /session/54b51d12ae76246c47a9cfd9839bf688/actions - {"actions":[{"id":"action4","type":"key","parameters":{},"actions":[{"type":"keyDown","value":"î€‡"},{"type":"pause","duration":10},{"type":"keyUp","value":"î€‡"}]}]}
RESULT: {}
RESULT: {"actions":[{"id":"action4","type":"key","parameters":{},"actions":[{"type":"keyDown","value":"î€‡"},{"type":"pause","duration":10},{"type":"keyUp","value":"î€‡"}]}]}
COMMAND: GET /session/54b51d12ae76246c47a9cfd9839bf688/screenshot - {}
RESULT: {}
COMMAND: POST /session/54b51d12ae76246c47a9cfd9839bf688/element - {"using":"xpath","value":"//span[contains(text(), \"300003\")]"}
RESULT: {"using":"xpath","value":"//span[contains(text(), \"300003\")]"}
COMMAND: POST /session/54b51d12ae76246c47a9cfd9839bf688/element/f.C3AA7480AC9969AD6A76FCDF8BFD3774.d.0E67E91F6A5BD5925574AC81D9D54685.e.3548/click - {}
RESULT: {}
COMMAND: GET /session/54b51d12ae76246c47a9cfd9839bf688/screenshot - {}
RESULT: {}
COMMAND: POST /session/54b51d12ae76246c47a9cfd9839bf688/element - {"using":"xpath","value":"//bdi[contains(text(), \"OK\")]"}
RESULT: {"using":"xpath","value":"//bdi[contains(text(), \"OK\")]"}
COMMAND: POST /session/54b51d12ae76246c47a9cfd9839bf688/element/f.C3AA7480AC9969AD6A76FCDF8BFD3774.d.0E67E91F6A5BD5925574AC81D9D54685.e.3550/click - {}
RESULT: {}
COMMAND: GET /session/54b51d12ae76246c47a9cfd9839bf688/screenshot - {}
RESULT: {}
COMMAND: POST /session/54b51d12ae76246c47a9cfd9839bf688/execute/async - {"script":"<script> [1562 bytes]","args":[{"selector":{"id":"application-managepartners-display-component---NewPartner--intercompVendorComboBox-application-managepartners-display-component---NewPartner--assignmentsTable-0-vhi"},"wdio_ui5_key":"applicationmanagepartners-display-component---NewPartner--intercompVendorComboBox-application-managepartners-display-component---NewPartner--assignmentsTable-0-vhi"}]}
RESULT: {"script":"<script> [1562 bytes]","args":[{"selector":{"id":"application-managepartners-display-component---NewPartner--intercompVendorComboBox-application-managepartners-display-component---NewPartner--assignmentsTable-0-vhi"},"wdio_ui5_key":"applicationmanagepartners-display-component---NewPartner--intercompVendorComboBox-application-managepartners-display-component---NewPartner--assignmentsTable-0-vhi"}]}
RESULT: undefined
COMMAND: POST /session/54b51d12ae76246c47a9cfd9839bf688/element - {"using":"xpath","value":"//*[@id=\"application-managepartners-display-component---NewPartner--intercompVendorComboBox-application-managepartners-display-component---NewPartner--assignmentsTable-0-vhi\"]"}
RESULT: {"using":"xpath","value":"//*[@id=\"application-managepartners-display-component---NewPartner--intercompVendorComboBox-application-managepartners-display-component---NewPartner--assignmentsTable-0-vhi\"]"}
COMMAND: POST /session/54b51d12ae76246c47a9cfd9839bf688/element/f.C3AA7480AC9969AD6A76FCDF8BFD3774.d.0E67E91F6A5BD5925574AC81D9D54685.e.3553/click - {}
RESULT: {}
RESULT: undefined
COMMAND: POST /session/54b51d12ae76246c47a9cfd9839bf688/execute/async - {"script":"<script> [776 bytes]","args":[{"enterText":"100005","selector":{"controlType":"sap.m.SearchField","properties":{"placeholder":"Search"},"searchOpenDialogs":true,"interaction":{"idSuffix":"I"}},"clearTextFirst":true,"interactionType":"ENTER_TEXT"}]}
COMMAND: GET /session/54b51d12ae76246c47a9cfd9839bf688/screenshot - {}
RESULT: {"script":"<script> [776 bytes]","args":[{"enterText":"100005","selector":{"controlType":"sap.m.SearchField","properties":{"placeholder":"Search"},"searchOpenDialogs":true,"interaction":{"idSuffix":"I"}},"clearTextFirst":true,"interactionType":"ENTER_TEXT"}]}
COMMAND: POST /session/54b51d12ae76246c47a9cfd9839bf688/actions - {"actions":[{"id":"action5","type":"key","parameters":{},"actions":[{"type":"keyDown","value":"î€‡"},{"type":"pause","duration":10},{"type":"keyUp","value":"î€‡"}]}]}
RESULT: {}
RESULT: {"actions":[{"id":"action5","type":"key","parameters":{},"actions":[{"type":"keyDown","value":"î€‡"},{"type":"pause","duration":10},{"type":"keyUp","value":"î€‡"}]}]}
COMMAND: GET /session/54b51d12ae76246c47a9cfd9839bf688/screenshot - {}
RESULT: {}
COMMAND: POST /session/54b51d12ae76246c47a9cfd9839bf688/element - {"using":"xpath","value":"//span[contains(text(), \"Penguins - Field/12345 Berlin\")]"}
RESULT: {"using":"xpath","value":"//span[contains(text(), \"Penguins - Field/12345 Berlin\")]"}
COMMAND: POST /session/54b51d12ae76246c47a9cfd9839bf688/element/f.C3AA7480AC9969AD6A76FCDF8BFD3774.d.0E67E91F6A5BD5925574AC81D9D54685.e.3571/click - {}
RESULT: {}
COMMAND: GET /session/54b51d12ae76246c47a9cfd9839bf688/screenshot - {}
RESULT: {}
COMMAND: POST /session/54b51d12ae76246c47a9cfd9839bf688/element - {"using":"xpath","value":"//bdi[contains(text(), \"OK\")]"}
RESULT: {"using":"xpath","value":"//bdi[contains(text(), \"OK\")]"}
COMMAND: POST /session/54b51d12ae76246c47a9cfd9839bf688/element/f.C3AA7480AC9969AD6A76FCDF8BFD3774.d.0E67E91F6A5BD5925574AC81D9D54685.e.3572/click - {}
RESULT: {}
COMMAND: GET /session/54b51d12ae76246c47a9cfd9839bf688/screenshot - {}
RESULT: {}
COMMAND: POST /session/54b51d12ae76246c47a9cfd9839bf688/element - {"using":"xpath","value":"//button[@data-kt=\"saveButton\"]"}
RESULT: {"using":"xpath","value":"//button[@data-kt=\"saveButton\"]"}
COMMAND: POST /session/54b51d12ae76246c47a9cfd9839bf688/element/f.C3AA7480AC9969AD6A76FCDF8BFD3774.d.0E67E91F6A5BD5925574AC81D9D54685.e.3365/click - {}
RESULT: {}
COMMAND: GET /session/54b51d12ae76246c47a9cfd9839bf688/screenshot - {}
RESULT: {}
COMMAND: POST /session/54b51d12ae76246c47a9cfd9839bf688/element - {"using":"xpath","value":"//header[contains(@id, 'ObjectPageLayout-headerTitle')]/div[1]/div[2]/div[2]/span[1]"}
RESULT: {"using":"xpath","value":"//header[contains(@id, 'ObjectPageLayout-headerTitle')]/div[1]/div[2]/div[2]/span[1]"}
COMMAND: POST /session/54b51d12ae76246c47a9cfd9839bf688/elements - {"using":"xpath","value":"//header[contains(@id, 'ObjectPageLayout-headerTitle')]/div[1]/div[2]/div[2]/span[1]"}
RESULT: {"using":"xpath","value":"//header[contains(@id, 'ObjectPageLayout-headerTitle')]/div[1]/div[2]/div[2]/span[1]"}
COMMAND: POST /session/54b51d12ae76246c47a9cfd9839bf688/execute/sync - {"script":"<script> [56 bytes]","args":[{"element-6066-11e4-a52e-4f735466cecf":"f.C3AA7480AC9969AD6A76FCDF8BFD3774.d.0E67E91F6A5BD5925574AC81D9D54685.e.3736","ELEMENT":"f.C3AA7480AC9969AD6A76FCDF8BFD3774.d.0E67E91F6A5BD5925574AC81D9D54685.e.3736"}]}
RESULT: {"script":"<script> [56 bytes]","args":[{"element-6066-11e4-a52e-4f735466cecf":"f.C3AA7480AC9969AD6A76FCDF8BFD3774.d.0E67E91F6A5BD5925574AC81D9D54685.e.3736","ELEMENT":"f.C3AA7480AC9969AD6A76FCDF8BFD3774.d.0E67E91F6A5BD5925574AC81D9D54685.e.3736"}]}
COMMAND: POST /session/54b51d12ae76246c47a9cfd9839bf688/element - {"using":"css selector","value":"#shell-header-logo"}
COMMAND: GET /session/54b51d12ae76246c47a9cfd9839bf688/screenshot - {}
RESULT: {"using":"css selector","value":"#shell-header-logo"}
COMMAND: POST /session/54b51d12ae76246c47a9cfd9839bf688/element/f.C3AA7480AC9969AD6A76FCDF8BFD3774.d.0E67E91F6A5BD5925574AC81D9D54685.e.2952/click - {}
RESULT: {}
RESULT: {}
COMMAND: GET /session/54b51d12ae76246c47a9cfd9839bf688/screenshot - {}
RESULT: {}
COMMAND: POST /session/54b51d12ae76246c47a9cfd9839bf688/execute/sync - {"script":"<script> [299 bytes]","args":[["getModel","getResource"]]}
RESULT: {"script":"<script> [299 bytes]","args":[["getModel","getResource"]]}
]]></system-out>
    </testcase>
    <testcase classname="chrome.136_0_7103_93.windows.Billing_Transfer_-_Master_data_&amp;_Intercompany_US127250" name="Should create a new site" time="99.116">
      <system-out><![CDATA[
COMMAND: POST /session/54b51d12ae76246c47a9cfd9839bf688/execute/async - {"script":"<script> [1562 bytes]","args":[{"selector":{"controlType":"sap.m.GenericTile","properties":{"header":"Manage Sites"}},"wdio_ui5_key":"sapm.GenericTile{\"header\":\"Manage Sites\"}"}]}
COMMAND: GET /session/54b51d12ae76246c47a9cfd9839bf688/screenshot - {}
RESULT: {"script":"<script> [1562 bytes]","args":[{"selector":{"controlType":"sap.m.GenericTile","properties":{"header":"Manage Sites"}},"wdio_ui5_key":"sapm.GenericTile{\"header\":\"Manage Sites\"}"}]}
RESULT: undefined
COMMAND: POST /session/54b51d12ae76246c47a9cfd9839bf688/element - {"using":"xpath","value":"//*[@id=\"__tile40\"]"}
RESULT: {}
RESULT: {"using":"xpath","value":"//*[@id=\"__tile40\"]"}
COMMAND: POST /session/54b51d12ae76246c47a9cfd9839bf688/element/f.C3AA7480AC9969AD6A76FCDF8BFD3774.d.0E67E91F6A5BD5925574AC81D9D54685.e.2112/click - {}
RESULT: {}
COMMAND: GET /session/54b51d12ae76246c47a9cfd9839bf688/screenshot - {}
RESULT: {}
COMMAND: POST /session/54b51d12ae76246c47a9cfd9839bf688/elements - {"using":"xpath","value":"//span[text()='Error']"}
RESULT: {"using":"xpath","value":"//span[text()='Error']"}
COMMAND: POST /session/54b51d12ae76246c47a9cfd9839bf688/element - {"using":"xpath","value":"//button[@data-kt=\"addOverflowToolbarButton\"]"}
RESULT: {"using":"xpath","value":"//button[@data-kt=\"addOverflowToolbarButton\"]"}
COMMAND: POST /session/54b51d12ae76246c47a9cfd9839bf688/elements - {"using":"xpath","value":"//button[@data-kt=\"addOverflowToolbarButton\"]"}
RESULT: {"using":"xpath","value":"//button[@data-kt=\"addOverflowToolbarButton\"]"}
COMMAND: POST /session/54b51d12ae76246c47a9cfd9839bf688/execute/sync - {"script":"<script> [8489 bytes]","args":[{"element-6066-11e4-a52e-4f735466cecf":"f.C3AA7480AC9969AD6A76FCDF8BFD3774.d.0E67E91F6A5BD5925574AC81D9D54685.e.3784","ELEMENT":"f.C3AA7480AC9969AD6A76FCDF8BFD3774.d.0E67E91F6A5BD5925574AC81D9D54685.e.3784"}]}
RESULT: {"script":"<script> [8489 bytes]","args":[{"element-6066-11e4-a52e-4f735466cecf":"f.C3AA7480AC9969AD6A76FCDF8BFD3774.d.0E67E91F6A5BD5925574AC81D9D54685.e.3784","ELEMENT":"f.C3AA7480AC9969AD6A76FCDF8BFD3774.d.0E67E91F6A5BD5925574AC81D9D54685.e.3784"}]}
COMMAND: GET /session/54b51d12ae76246c47a9cfd9839bf688/element/f.C3AA7480AC9969AD6A76FCDF8BFD3774.d.0E67E91F6A5BD5925574AC81D9D54685.e.3784/enabled - {}
COMMAND: GET /session/54b51d12ae76246c47a9cfd9839bf688/screenshot - {}
RESULT: {}
COMMAND: POST /session/54b51d12ae76246c47a9cfd9839bf688/execute/sync - {"script":"<script> [8489 bytes]","args":[{"element-6066-11e4-a52e-4f735466cecf":"f.C3AA7480AC9969AD6A76FCDF8BFD3774.d.0E67E91F6A5BD5925574AC81D9D54685.e.3784","ELEMENT":"f.C3AA7480AC9969AD6A76FCDF8BFD3774.d.0E67E91F6A5BD5925574AC81D9D54685.e.3784"}]}
COMMAND: GET /session/54b51d12ae76246c47a9cfd9839bf688/screenshot - {}
RESULT: {}
RESULT: {"script":"<script> [8489 bytes]","args":[{"element-6066-11e4-a52e-4f735466cecf":"f.C3AA7480AC9969AD6A76FCDF8BFD3774.d.0E67E91F6A5BD5925574AC81D9D54685.e.3784","ELEMENT":"f.C3AA7480AC9969AD6A76FCDF8BFD3774.d.0E67E91F6A5BD5925574AC81D9D54685.e.3784"}]}
COMMAND: POST /session/54b51d12ae76246c47a9cfd9839bf688/execute/sync - {"script":"<script> [5351 bytes]","args":[{"element-6066-11e4-a52e-4f735466cecf":"f.C3AA7480AC9969AD6A76FCDF8BFD3774.d.0E67E91F6A5BD5925574AC81D9D54685.e.3784","ELEMENT":"f.C3AA7480AC9969AD6A76FCDF8BFD3774.d.0E67E91F6A5BD5925574AC81D9D54685.e.3784"}]}
COMMAND: GET /session/54b51d12ae76246c47a9cfd9839bf688/screenshot - {}
RESULT: {}
RESULT: {"script":"<script> [5351 bytes]","args":[{"element-6066-11e4-a52e-4f735466cecf":"f.C3AA7480AC9969AD6A76FCDF8BFD3774.d.0E67E91F6A5BD5925574AC81D9D54685.e.3784","ELEMENT":"f.C3AA7480AC9969AD6A76FCDF8BFD3774.d.0E67E91F6A5BD5925574AC81D9D54685.e.3784"}]}
COMMAND: POST /session/54b51d12ae76246c47a9cfd9839bf688/element/f.C3AA7480AC9969AD6A76FCDF8BFD3774.d.0E67E91F6A5BD5925574AC81D9D54685.e.3784/click - {}
COMMAND: GET /session/54b51d12ae76246c47a9cfd9839bf688/screenshot - {}
RESULT: {}
RESULT: {}
COMMAND: GET /session/54b51d12ae76246c47a9cfd9839bf688/screenshot - {}
COMMAND: POST /session/54b51d12ae76246c47a9cfd9839bf688/element - {"using":"xpath","value":"//input[@id=\"application-managesites-display-component---NewSite--siteId-inner\"]"}
RESULT: {}
RESULT: {}
RESULT: {"using":"xpath","value":"//input[@id=\"application-managesites-display-component---NewSite--siteId-inner\"]"}
COMMAND: POST /session/54b51d12ae76246c47a9cfd9839bf688/element - {"using":"xpath","value":"//input[@id=\"application-managesites-display-component---NewSite--siteId-inner\"]"}
RESULT: {"using":"xpath","value":"//input[@id=\"application-managesites-display-component---NewSite--siteId-inner\"]"}
COMMAND: POST /session/54b51d12ae76246c47a9cfd9839bf688/execute/async - {"script":"<script> [1562 bytes]","args":[{"selector":{"id":"application-managesites-display-component---NewSite--addressDetailDetailsName1","interaction":{"idSuffix":"inner"}},"wdio_ui5_key":"applicationmanagesites-display-component---NewSite--addressDetailDetailsName1"}]}
RESULT: {"script":"<script> [1562 bytes]","args":[{"selector":{"id":"application-managesites-display-component---NewSite--addressDetailDetailsName1","interaction":{"idSuffix":"inner"}},"wdio_ui5_key":"applicationmanagesites-display-component---NewSite--addressDetailDetailsName1"}]}
RESULT: undefined
COMMAND: POST /session/54b51d12ae76246c47a9cfd9839bf688/execute/async - {"script":"<script> [776 bytes]","args":[{"enterText":"Intercompany Site wdIO","selector":{"id":"application-managesites-display-component---NewSite--addressDetailDetailsName1","interaction":{"idSuffix":"inner"}},"clearTextFirst":true,"interactionType":"ENTER_TEXT"}]}
RESULT: {"script":"<script> [776 bytes]","args":[{"enterText":"Intercompany Site wdIO","selector":{"id":"application-managesites-display-component---NewSite--addressDetailDetailsName1","interaction":{"idSuffix":"inner"}},"clearTextFirst":true,"interactionType":"ENTER_TEXT"}]}
COMMAND: POST /session/54b51d12ae76246c47a9cfd9839bf688/execute/async - {"script":"<script> [1562 bytes]","args":[{"selector":{"id":"application-managesites-display-component---NewSite--addressDetailDetailsLanguage-arrow"},"wdio_ui5_key":"applicationmanagesites-display-component---NewSite--addressDetailDetailsLanguage-arrow"}]}
RESULT: {"script":"<script> [1562 bytes]","args":[{"selector":{"id":"application-managesites-display-component---NewSite--addressDetailDetailsLanguage-arrow"},"wdio_ui5_key":"applicationmanagesites-display-component---NewSite--addressDetailDetailsLanguage-arrow"}]}
RESULT: undefined
COMMAND: POST /session/54b51d12ae76246c47a9cfd9839bf688/element - {"using":"xpath","value":"//*[@id=\"application-managesites-display-component---NewSite--addressDetailDetailsLanguage-arrow\"]"}
RESULT: {"using":"xpath","value":"//*[@id=\"application-managesites-display-component---NewSite--addressDetailDetailsLanguage-arrow\"]"}
COMMAND: POST /session/54b51d12ae76246c47a9cfd9839bf688/element/f.C3AA7480AC9969AD6A76FCDF8BFD3774.d.0E67E91F6A5BD5925574AC81D9D54685.e.4196/click - {}
RESULT: {}
COMMAND: POST /session/54b51d12ae76246c47a9cfd9839bf688/element - {"using":"xpath","value":"//span[contains(text(), \"English\")]"}
COMMAND: GET /session/54b51d12ae76246c47a9cfd9839bf688/screenshot - {}
RESULT: {"using":"xpath","value":"//span[contains(text(), \"English\")]"}
COMMAND: POST /session/54b51d12ae76246c47a9cfd9839bf688/element/f.C3AA7480AC9969AD6A76FCDF8BFD3774.d.0E67E91F6A5BD5925574AC81D9D54685.e.4197/click - {}
RESULT: {}
RESULT: {}
COMMAND: POST /session/54b51d12ae76246c47a9cfd9839bf688/execute/async - {"script":"<script> [1562 bytes]","args":[{"selector":{"id":"application-managesites-display-component---NewSite--addressDetailDetailsCity1","interaction":{"idSuffix":"inner"}},"wdio_ui5_key":"applicationmanagesites-display-component---NewSite--addressDetailDetailsCity1"}]}
COMMAND: GET /session/54b51d12ae76246c47a9cfd9839bf688/screenshot - {}
RESULT: {"script":"<script> [1562 bytes]","args":[{"selector":{"id":"application-managesites-display-component---NewSite--addressDetailDetailsCity1","interaction":{"idSuffix":"inner"}},"wdio_ui5_key":"applicationmanagesites-display-component---NewSite--addressDetailDetailsCity1"}]}
RESULT: undefined
COMMAND: POST /session/54b51d12ae76246c47a9cfd9839bf688/execute/async - {"script":"<script> [776 bytes]","args":[{"enterText":"Rosario","selector":{"id":"application-managesites-display-component---NewSite--addressDetailDetailsCity1","interaction":{"idSuffix":"inner"}},"clearTextFirst":true,"interactionType":"ENTER_TEXT"}]}
RESULT: {}
RESULT: {"script":"<script> [776 bytes]","args":[{"enterText":"Rosario","selector":{"id":"application-managesites-display-component---NewSite--addressDetailDetailsCity1","interaction":{"idSuffix":"inner"}},"clearTextFirst":true,"interactionType":"ENTER_TEXT"}]}
COMMAND: POST /session/54b51d12ae76246c47a9cfd9839bf688/execute/async - {"script":"<script> [1562 bytes]","args":[{"selector":{"id":"application-managesites-display-component---NewSite--addressDetailDetailsCountry-arrow"},"wdio_ui5_key":"applicationmanagesites-display-component---NewSite--addressDetailDetailsCountry-arrow"}]}
RESULT: {"script":"<script> [1562 bytes]","args":[{"selector":{"id":"application-managesites-display-component---NewSite--addressDetailDetailsCountry-arrow"},"wdio_ui5_key":"applicationmanagesites-display-component---NewSite--addressDetailDetailsCountry-arrow"}]}
RESULT: undefined
COMMAND: POST /session/54b51d12ae76246c47a9cfd9839bf688/element - {"using":"xpath","value":"//*[@id=\"application-managesites-display-component---NewSite--addressDetailDetailsCountry-arrow\"]"}
RESULT: {"using":"xpath","value":"//*[@id=\"application-managesites-display-component---NewSite--addressDetailDetailsCountry-arrow\"]"}
COMMAND: POST /session/54b51d12ae76246c47a9cfd9839bf688/element/f.C3AA7480AC9969AD6A76FCDF8BFD3774.d.0E67E91F6A5BD5925574AC81D9D54685.e.4199/click - {}
RESULT: {}
COMMAND: POST /session/54b51d12ae76246c47a9cfd9839bf688/element - {"using":"xpath","value":"//span[contains(text(), \"Argentina\")]"}
COMMAND: GET /session/54b51d12ae76246c47a9cfd9839bf688/screenshot - {}
RESULT: {"using":"xpath","value":"//span[contains(text(), \"Argentina\")]"}
COMMAND: POST /session/54b51d12ae76246c47a9cfd9839bf688/element/f.C3AA7480AC9969AD6A76FCDF8BFD3774.d.0E67E91F6A5BD5925574AC81D9D54685.e.4200/click - {}
RESULT: {}
RESULT: {}
COMMAND: GET /session/54b51d12ae76246c47a9cfd9839bf688/screenshot - {}
RESULT: {}
COMMAND: POST /session/54b51d12ae76246c47a9cfd9839bf688/execute/async - {"script":"<script> [1562 bytes]","args":[{"selector":{"id":"application-managesites-display-component---NewSite--addressEditDetailsCostObjectCstType-arrow"},"wdio_ui5_key":"applicationmanagesites-display-component---NewSite--addressEditDetailsCostObjectCstType-arrow"}]}
RESULT: {"script":"<script> [1562 bytes]","args":[{"selector":{"id":"application-managesites-display-component---NewSite--addressEditDetailsCostObjectCstType-arrow"},"wdio_ui5_key":"applicationmanagesites-display-component---NewSite--addressEditDetailsCostObjectCstType-arrow"}]}
RESULT: undefined
COMMAND: POST /session/54b51d12ae76246c47a9cfd9839bf688/element - {"using":"xpath","value":"//*[@id=\"application-managesites-display-component---NewSite--addressEditDetailsCostObjectCstType-arrow\"]"}
RESULT: {"using":"xpath","value":"//*[@id=\"application-managesites-display-component---NewSite--addressEditDetailsCostObjectCstType-arrow\"]"}
COMMAND: POST /session/54b51d12ae76246c47a9cfd9839bf688/element/f.C3AA7480AC9969AD6A76FCDF8BFD3774.d.0E67E91F6A5BD5925574AC81D9D54685.e.4202/click - {}
RESULT: {}
COMMAND: POST /session/54b51d12ae76246c47a9cfd9839bf688/element - {"using":"xpath","value":"//span[contains(text(), \"Cost Center\")]"}
COMMAND: GET /session/54b51d12ae76246c47a9cfd9839bf688/screenshot - {}
RESULT: {"using":"xpath","value":"//span[contains(text(), \"Cost Center\")]"}
COMMAND: POST /session/54b51d12ae76246c47a9cfd9839bf688/element/f.C3AA7480AC9969AD6A76FCDF8BFD3774.d.0E67E91F6A5BD5925574AC81D9D54685.e.4203/click - {}
RESULT: {}
RESULT: {}
COMMAND: GET /session/54b51d12ae76246c47a9cfd9839bf688/screenshot - {}
RESULT: {}
COMMAND: POST /session/54b51d12ae76246c47a9cfd9839bf688/element - {"using":"xpath","value":"//span[@id=\"application-managesites-display-component---NewSite--addressNewCostObjectCstID-vhi\"]"}
RESULT: {"using":"xpath","value":"//span[@id=\"application-managesites-display-component---NewSite--addressNewCostObjectCstID-vhi\"]"}
COMMAND: POST /session/54b51d12ae76246c47a9cfd9839bf688/execute/sync - {"script":"<script> [8489 bytes]","args":[{"element-6066-11e4-a52e-4f735466cecf":"f.C3AA7480AC9969AD6A76FCDF8BFD3774.d.0E67E91F6A5BD5925574AC81D9D54685.e.4208","ELEMENT":"f.C3AA7480AC9969AD6A76FCDF8BFD3774.d.0E67E91F6A5BD5925574AC81D9D54685.e.4208"}]}
RESULT: {"script":"<script> [8489 bytes]","args":[{"element-6066-11e4-a52e-4f735466cecf":"f.C3AA7480AC9969AD6A76FCDF8BFD3774.d.0E67E91F6A5BD5925574AC81D9D54685.e.4208","ELEMENT":"f.C3AA7480AC9969AD6A76FCDF8BFD3774.d.0E67E91F6A5BD5925574AC81D9D54685.e.4208"}]}
COMMAND: POST /session/54b51d12ae76246c47a9cfd9839bf688/execute/async - {"script":"<script> [1562 bytes]","args":[{"selector":{"id":"application-managesites-display-component---NewSite--addressNewCostObjectCstID-vhi"},"wdio_ui5_key":"applicationmanagesites-display-component---NewSite--addressNewCostObjectCstID-vhi"}]}
COMMAND: GET /session/54b51d12ae76246c47a9cfd9839bf688/screenshot - {}
RESULT: {"script":"<script> [1562 bytes]","args":[{"selector":{"id":"application-managesites-display-component---NewSite--addressNewCostObjectCstID-vhi"},"wdio_ui5_key":"applicationmanagesites-display-component---NewSite--addressNewCostObjectCstID-vhi"}]}
RESULT: undefined
COMMAND: POST /session/54b51d12ae76246c47a9cfd9839bf688/element - {"using":"xpath","value":"//*[@id=\"application-managesites-display-component---NewSite--addressNewCostObjectCstID-vhi\"]"}
RESULT: {}
RESULT: {"using":"xpath","value":"//*[@id=\"application-managesites-display-component---NewSite--addressNewCostObjectCstID-vhi\"]"}
COMMAND: POST /session/54b51d12ae76246c47a9cfd9839bf688/element/f.C3AA7480AC9969AD6A76FCDF8BFD3774.d.0E67E91F6A5BD5925574AC81D9D54685.e.4208/click - {}
RESULT: {}
COMMAND: GET /session/54b51d12ae76246c47a9cfd9839bf688/screenshot - {}
RESULT: {}
RESULT: undefined
COMMAND: POST /session/54b51d12ae76246c47a9cfd9839bf688/execute/async - {"script":"<script> [776 bytes]","args":[{"enterText":"10001013","selector":{"controlType":"sap.m.SearchField","properties":{"placeholder":"Search"},"searchOpenDialogs":true,"interaction":{"idSuffix":"I"}},"clearTextFirst":true,"interactionType":"ENTER_TEXT"}]}
RESULT: {"script":"<script> [776 bytes]","args":[{"enterText":"10001013","selector":{"controlType":"sap.m.SearchField","properties":{"placeholder":"Search"},"searchOpenDialogs":true,"interaction":{"idSuffix":"I"}},"clearTextFirst":true,"interactionType":"ENTER_TEXT"}]}
COMMAND: POST /session/54b51d12ae76246c47a9cfd9839bf688/actions - {"actions":[{"id":"action6","type":"key","parameters":{},"actions":[{"type":"keyDown","value":"î€‡"},{"type":"pause","duration":10},{"type":"keyUp","value":"î€‡"}]}]}
RESULT: {"actions":[{"id":"action6","type":"key","parameters":{},"actions":[{"type":"keyDown","value":"î€‡"},{"type":"pause","duration":10},{"type":"keyUp","value":"î€‡"}]}]}
COMMAND: GET /session/54b51d12ae76246c47a9cfd9839bf688/screenshot - {}
RESULT: {}
COMMAND: POST /session/54b51d12ae76246c47a9cfd9839bf688/element - {"using":"xpath","value":"//span[contains(text(), \"General Management\")]"}
RESULT: {"using":"xpath","value":"//span[contains(text(), \"General Management\")]"}
COMMAND: POST /session/54b51d12ae76246c47a9cfd9839bf688/element/f.C3AA7480AC9969AD6A76FCDF8BFD3774.d.0E67E91F6A5BD5925574AC81D9D54685.e.4247/click - {}
RESULT: {}
COMMAND: GET /session/54b51d12ae76246c47a9cfd9839bf688/screenshot - {}
RESULT: {}
COMMAND: POST /session/54b51d12ae76246c47a9cfd9839bf688/element - {"using":"xpath","value":"//bdi[contains(text(), \"OK\")]"}
RESULT: {"using":"xpath","value":"//bdi[contains(text(), \"OK\")]"}
COMMAND: POST /session/54b51d12ae76246c47a9cfd9839bf688/element/f.C3AA7480AC9969AD6A76FCDF8BFD3774.d.0E67E91F6A5BD5925574AC81D9D54685.e.4248/click - {}
RESULT: {}
COMMAND: GET /session/54b51d12ae76246c47a9cfd9839bf688/screenshot - {}
RESULT: {}
COMMAND: POST /session/54b51d12ae76246c47a9cfd9839bf688/element - {"using":"xpath","value":"//input[@id=\"application-managesites-display-component---NewSite--addressDetailDetailsCalendar-inner\"]"}
RESULT: {"using":"xpath","value":"//input[@id=\"application-managesites-display-component---NewSite--addressDetailDetailsCalendar-inner\"]"}
COMMAND: POST /session/54b51d12ae76246c47a9cfd9839bf688/element/f.C3AA7480AC9969AD6A76FCDF8BFD3774.d.0E67E91F6A5BD5925574AC81D9D54685.e.3986/clear - {}
RESULT: {}
COMMAND: POST /session/54b51d12ae76246c47a9cfd9839bf688/element/f.C3AA7480AC9969AD6A76FCDF8BFD3774.d.0E67E91F6A5BD5925574AC81D9D54685.e.3986/value - {"text":"Unit"}
COMMAND: GET /session/54b51d12ae76246c47a9cfd9839bf688/screenshot - {}
RESULT: {"text":"Unit"}
COMMAND: GET /session/54b51d12ae76246c47a9cfd9839bf688/screenshot - {}
RESULT: {}
RESULT: {}
COMMAND: POST /session/54b51d12ae76246c47a9cfd9839bf688/actions - {"actions":[{"id":"action7","type":"key","parameters":{},"actions":[{"type":"keyDown","value":"î€‡"},{"type":"pause","duration":10},{"type":"keyUp","value":"î€‡"}]}]}
RESULT: {"actions":[{"id":"action7","type":"key","parameters":{},"actions":[{"type":"keyDown","value":"î€‡"},{"type":"pause","duration":10},{"type":"keyUp","value":"î€‡"}]}]}
COMMAND: POST /session/54b51d12ae76246c47a9cfd9839bf688/element - {"using":"xpath","value":"//input[@id=\"application-managesites-display-component---NewSite--addressDetailDetailsYard-inner\"]"}
COMMAND: GET /session/54b51d12ae76246c47a9cfd9839bf688/screenshot - {}
RESULT: {"using":"xpath","value":"//input[@id=\"application-managesites-display-component---NewSite--addressDetailDetailsYard-inner\"]"}
COMMAND: POST /session/54b51d12ae76246c47a9cfd9839bf688/element/f.C3AA7480AC9969AD6A76FCDF8BFD3774.d.0E67E91F6A5BD5925574AC81D9D54685.e.3987/clear - {}
RESULT: {}
RESULT: {}
COMMAND: POST /session/54b51d12ae76246c47a9cfd9839bf688/element/f.C3AA7480AC9969AD6A76FCDF8BFD3774.d.0E67E91F6A5BD5925574AC81D9D54685.e.3987/value - {"text":"598"}
COMMAND: GET /session/54b51d12ae76246c47a9cfd9839bf688/screenshot - {}
RESULT: {"text":"598"}
COMMAND: GET /session/54b51d12ae76246c47a9cfd9839bf688/screenshot - {}
RESULT: {}
RESULT: {}
COMMAND: POST /session/54b51d12ae76246c47a9cfd9839bf688/element - {"using":"xpath","value":"//li[.//span[text()='598']]"}
RESULT: {"using":"xpath","value":"//li[.//span[text()='598']]"}
COMMAND: POST /session/54b51d12ae76246c47a9cfd9839bf688/element/f.C3AA7480AC9969AD6A76FCDF8BFD3774.d.0E67E91F6A5BD5925574AC81D9D54685.e.4256/click - {}
RESULT: {}
COMMAND: GET /session/54b51d12ae76246c47a9cfd9839bf688/screenshot - {}
RESULT: {}
COMMAND: POST /session/54b51d12ae76246c47a9cfd9839bf688/element - {"using":"xpath","value":"//input[@id=\"application-managesites-display-component---NewSite--addressDetailDetailsPartner-inner\"]"}
RESULT: {"using":"xpath","value":"//input[@id=\"application-managesites-display-component---NewSite--addressDetailDetailsPartner-inner\"]"}
COMMAND: POST /session/54b51d12ae76246c47a9cfd9839bf688/element - {"using":"xpath","value":"//input[@id=\"application-managesites-display-component---NewSite--addressDetailDetailsPartner-inner\"]"}
RESULT: {"using":"xpath","value":"//input[@id=\"application-managesites-display-component---NewSite--addressDetailDetailsPartner-inner\"]"}
COMMAND: POST /session/54b51d12ae76246c47a9cfd9839bf688/element - {"using":"xpath","value":"//button[@data-kt=\"saveButton\"]"}
RESULT: {"using":"xpath","value":"//button[@data-kt=\"saveButton\"]"}
COMMAND: POST /session/54b51d12ae76246c47a9cfd9839bf688/element/f.C3AA7480AC9969AD6A76FCDF8BFD3774.d.0E67E91F6A5BD5925574AC81D9D54685.e.4180/click - {}
RESULT: {}
COMMAND: GET /session/54b51d12ae76246c47a9cfd9839bf688/screenshot - {}
RESULT: {}
COMMAND: POST /session/54b51d12ae76246c47a9cfd9839bf688/element - {"using":"xpath","value":"//header[contains(@id, 'ObjectPageLayout-headerTitle')]/div[1]/div[2]/div[2]/span[1]"}
RESULT: {"using":"xpath","value":"//header[contains(@id, 'ObjectPageLayout-headerTitle')]/div[1]/div[2]/div[2]/span[1]"}
COMMAND: POST /session/54b51d12ae76246c47a9cfd9839bf688/elements - {"using":"xpath","value":"//header[contains(@id, 'ObjectPageLayout-headerTitle')]/div[1]/div[2]/div[2]/span[1]"}
RESULT: {"using":"xpath","value":"//header[contains(@id, 'ObjectPageLayout-headerTitle')]/div[1]/div[2]/div[2]/span[1]"}
COMMAND: POST /session/54b51d12ae76246c47a9cfd9839bf688/execute/sync - {"script":"<script> [56 bytes]","args":[{"element-6066-11e4-a52e-4f735466cecf":"f.C3AA7480AC9969AD6A76FCDF8BFD3774.d.0E67E91F6A5BD5925574AC81D9D54685.e.4458","ELEMENT":"f.C3AA7480AC9969AD6A76FCDF8BFD3774.d.0E67E91F6A5BD5925574AC81D9D54685.e.4458"}]}
RESULT: {"script":"<script> [56 bytes]","args":[{"element-6066-11e4-a52e-4f735466cecf":"f.C3AA7480AC9969AD6A76FCDF8BFD3774.d.0E67E91F6A5BD5925574AC81D9D54685.e.4458","ELEMENT":"f.C3AA7480AC9969AD6A76FCDF8BFD3774.d.0E67E91F6A5BD5925574AC81D9D54685.e.4458"}]}
COMMAND: POST /session/54b51d12ae76246c47a9cfd9839bf688/element - {"using":"css selector","value":"#shell-header-logo"}
COMMAND: GET /session/54b51d12ae76246c47a9cfd9839bf688/screenshot - {}
RESULT: {"using":"css selector","value":"#shell-header-logo"}
COMMAND: POST /session/54b51d12ae76246c47a9cfd9839bf688/element/f.C3AA7480AC9969AD6A76FCDF8BFD3774.d.0E67E91F6A5BD5925574AC81D9D54685.e.3741/click - {}
RESULT: {}
RESULT: {}
COMMAND: GET /session/54b51d12ae76246c47a9cfd9839bf688/screenshot - {}
RESULT: {}
COMMAND: POST /session/54b51d12ae76246c47a9cfd9839bf688/execute/sync - {"script":"<script> [299 bytes]","args":[["getModel","getResource"]]}
RESULT: {"script":"<script> [299 bytes]","args":[["getModel","getResource"]]}
]]></system-out>
    </testcase>
    <testcase classname="chrome.136_0_7103_93.windows.Billing_Transfer_-_Master_data_&amp;_Intercompany_US127250" name="Should create a new equipment" time="137.452">
      <system-out><![CDATA[
COMMAND: GET /session/54b51d12ae76246c47a9cfd9839bf688/screenshot - {}
COMMAND: POST /session/54b51d12ae76246c47a9cfd9839bf688/execute/async - {"script":"<script> [1562 bytes]","args":[{"selector":{"controlType":"sap.m.GenericTile","properties":{"header":"Manage Resources"}},"wdio_ui5_key":"sapm.GenericTile{\"header\":\"Manage Resources\"}"}]}
RESULT: {"script":"<script> [1562 bytes]","args":[{"selector":{"controlType":"sap.m.GenericTile","properties":{"header":"Manage Resources"}},"wdio_ui5_key":"sapm.GenericTile{\"header\":\"Manage Resources\"}"}]}
RESULT: undefined
COMMAND: POST /session/54b51d12ae76246c47a9cfd9839bf688/element - {"using":"xpath","value":"//*[@id=\"__tile39\"]"}
RESULT: {}
RESULT: {"using":"xpath","value":"//*[@id=\"__tile39\"]"}
COMMAND: POST /session/54b51d12ae76246c47a9cfd9839bf688/element/f.C3AA7480AC9969AD6A76FCDF8BFD3774.d.0E67E91F6A5BD5925574AC81D9D54685.e.2109/click - {}
RESULT: {}
COMMAND: GET /session/54b51d12ae76246c47a9cfd9839bf688/screenshot - {}
RESULT: {}
COMMAND: POST /session/54b51d12ae76246c47a9cfd9839bf688/elements - {"using":"xpath","value":"//span[text()='Error']"}
RESULT: {"using":"xpath","value":"//span[text()='Error']"}
COMMAND: POST /session/54b51d12ae76246c47a9cfd9839bf688/element - {"using":"xpath","value":"//button[@data-kt=\"addNewRUOverflowToolbarButton\"]"}
RESULT: {"using":"xpath","value":"//button[@data-kt=\"addNewRUOverflowToolbarButton\"]"}
COMMAND: POST /session/54b51d12ae76246c47a9cfd9839bf688/elements - {"using":"xpath","value":"//button[@data-kt=\"addNewRUOverflowToolbarButton\"]"}
RESULT: {"using":"xpath","value":"//button[@data-kt=\"addNewRUOverflowToolbarButton\"]"}
COMMAND: POST /session/54b51d12ae76246c47a9cfd9839bf688/elements - {"using":"xpath","value":"//button[@data-kt=\"addNewRUOverflowToolbarButton\"]"}
RESULT: {"using":"xpath","value":"//button[@data-kt=\"addNewRUOverflowToolbarButton\"]"}
COMMAND: POST /session/54b51d12ae76246c47a9cfd9839bf688/element - {"using":"xpath","value":"//button[@data-kt=\"addNewRUOverflowToolbarButton\"]"}
RESULT: {"using":"xpath","value":"//button[@data-kt=\"addNewRUOverflowToolbarButton\"]"}
COMMAND: POST /session/54b51d12ae76246c47a9cfd9839bf688/execute/sync - {"script":"<script> [8489 bytes]","args":[{"element-6066-11e4-a52e-4f735466cecf":"f.C3AA7480AC9969AD6A76FCDF8BFD3774.d.0E67E91F6A5BD5925574AC81D9D54685.e.4501","ELEMENT":"f.C3AA7480AC9969AD6A76FCDF8BFD3774.d.0E67E91F6A5BD5925574AC81D9D54685.e.4501"}]}
RESULT: {"script":"<script> [8489 bytes]","args":[{"element-6066-11e4-a52e-4f735466cecf":"f.C3AA7480AC9969AD6A76FCDF8BFD3774.d.0E67E91F6A5BD5925574AC81D9D54685.e.4501","ELEMENT":"f.C3AA7480AC9969AD6A76FCDF8BFD3774.d.0E67E91F6A5BD5925574AC81D9D54685.e.4501"}]}
COMMAND: GET /session/54b51d12ae76246c47a9cfd9839bf688/element/f.C3AA7480AC9969AD6A76FCDF8BFD3774.d.0E67E91F6A5BD5925574AC81D9D54685.e.4501/enabled - {}
COMMAND: GET /session/54b51d12ae76246c47a9cfd9839bf688/screenshot - {}
RESULT: {}
COMMAND: POST /session/54b51d12ae76246c47a9cfd9839bf688/execute/sync - {"script":"<script> [8489 bytes]","args":[{"element-6066-11e4-a52e-4f735466cecf":"f.C3AA7480AC9969AD6A76FCDF8BFD3774.d.0E67E91F6A5BD5925574AC81D9D54685.e.4501","ELEMENT":"f.C3AA7480AC9969AD6A76FCDF8BFD3774.d.0E67E91F6A5BD5925574AC81D9D54685.e.4501"}]}
COMMAND: GET /session/54b51d12ae76246c47a9cfd9839bf688/screenshot - {}
RESULT: {}
RESULT: {"script":"<script> [8489 bytes]","args":[{"element-6066-11e4-a52e-4f735466cecf":"f.C3AA7480AC9969AD6A76FCDF8BFD3774.d.0E67E91F6A5BD5925574AC81D9D54685.e.4501","ELEMENT":"f.C3AA7480AC9969AD6A76FCDF8BFD3774.d.0E67E91F6A5BD5925574AC81D9D54685.e.4501"}]}
COMMAND: POST /session/54b51d12ae76246c47a9cfd9839bf688/execute/sync - {"script":"<script> [5351 bytes]","args":[{"element-6066-11e4-a52e-4f735466cecf":"f.C3AA7480AC9969AD6A76FCDF8BFD3774.d.0E67E91F6A5BD5925574AC81D9D54685.e.4501","ELEMENT":"f.C3AA7480AC9969AD6A76FCDF8BFD3774.d.0E67E91F6A5BD5925574AC81D9D54685.e.4501"}]}
COMMAND: GET /session/54b51d12ae76246c47a9cfd9839bf688/screenshot - {}
RESULT: {}
RESULT: {"script":"<script> [5351 bytes]","args":[{"element-6066-11e4-a52e-4f735466cecf":"f.C3AA7480AC9969AD6A76FCDF8BFD3774.d.0E67E91F6A5BD5925574AC81D9D54685.e.4501","ELEMENT":"f.C3AA7480AC9969AD6A76FCDF8BFD3774.d.0E67E91F6A5BD5925574AC81D9D54685.e.4501"}]}
COMMAND: POST /session/54b51d12ae76246c47a9cfd9839bf688/element/f.C3AA7480AC9969AD6A76FCDF8BFD3774.d.0E67E91F6A5BD5925574AC81D9D54685.e.4501/click - {}
COMMAND: GET /session/54b51d12ae76246c47a9cfd9839bf688/screenshot - {}
RESULT: {}
RESULT: {}
COMMAND: GET /session/54b51d12ae76246c47a9cfd9839bf688/screenshot - {}
RESULT: {}
RESULT: {}
COMMAND: POST /session/54b51d12ae76246c47a9cfd9839bf688/execute/async - {"script":"<script> [1562 bytes]","args":[{"selector":{"id":"application-manageresources-display-component---newResourceUnit--TYPE-arrow"},"wdio_ui5_key":"applicationmanageresources-display-component---newResourceUnit--TYPE-arrow"}]}
RESULT: {"script":"<script> [1562 bytes]","args":[{"selector":{"id":"application-manageresources-display-component---newResourceUnit--TYPE-arrow"},"wdio_ui5_key":"applicationmanageresources-display-component---newResourceUnit--TYPE-arrow"}]}
RESULT: undefined
COMMAND: POST /session/54b51d12ae76246c47a9cfd9839bf688/element - {"using":"xpath","value":"//*[@id=\"application-manageresources-display-component---newResourceUnit--TYPE-arrow\"]"}
RESULT: {"using":"xpath","value":"//*[@id=\"application-manageresources-display-component---newResourceUnit--TYPE-arrow\"]"}
COMMAND: POST /session/54b51d12ae76246c47a9cfd9839bf688/element/f.C3AA7480AC9969AD6A76FCDF8BFD3774.d.0E67E91F6A5BD5925574AC81D9D54685.e.4854/click - {}
RESULT: {}
COMMAND: POST /session/54b51d12ae76246c47a9cfd9839bf688/element - {"using":"xpath","value":"//input[@id=\"application-manageresources-display-component---newResourceUnit--TYPE-inner\"]"}
COMMAND: GET /session/54b51d12ae76246c47a9cfd9839bf688/screenshot - {}
RESULT: {"using":"xpath","value":"//input[@id=\"application-manageresources-display-component---newResourceUnit--TYPE-inner\"]"}
COMMAND: POST /session/54b51d12ae76246c47a9cfd9839bf688/element/f.C3AA7480AC9969AD6A76FCDF8BFD3774.d.0E67E91F6A5BD5925574AC81D9D54685.e.4842/clear - {}
RESULT: {}
RESULT: {}
COMMAND: POST /session/54b51d12ae76246c47a9cfd9839bf688/element/f.C3AA7480AC9969AD6A76FCDF8BFD3774.d.0E67E91F6A5BD5925574AC81D9D54685.e.4842/value - {"text":"Equipment"}
COMMAND: GET /session/54b51d12ae76246c47a9cfd9839bf688/screenshot - {}
RESULT: {"text":"Equipment"}
COMMAND: GET /session/54b51d12ae76246c47a9cfd9839bf688/screenshot - {}
RESULT: {}
RESULT: {}
COMMAND: POST /session/54b51d12ae76246c47a9cfd9839bf688/actions - {"actions":[{"id":"action8","type":"key","parameters":{},"actions":[{"type":"keyDown","value":"î€‡"},{"type":"pause","duration":10},{"type":"keyUp","value":"î€‡"}]}]}
RESULT: {"actions":[{"id":"action8","type":"key","parameters":{},"actions":[{"type":"keyDown","value":"î€‡"},{"type":"pause","duration":10},{"type":"keyUp","value":"î€‡"}]}]}
COMMAND: POST /session/54b51d12ae76246c47a9cfd9839bf688/execute/async - {"script":"<script> [1562 bytes]","args":[{"selector":{"id":"application-manageresources-display-component---newResourceUnit--resourceId","interaction":{"idSuffix":"inner"}},"wdio_ui5_key":"applicationmanageresources-display-component---newResourceUnit--resourceId"}]}
COMMAND: GET /session/54b51d12ae76246c47a9cfd9839bf688/screenshot - {}
RESULT: {"script":"<script> [1562 bytes]","args":[{"selector":{"id":"application-manageresources-display-component---newResourceUnit--resourceId","interaction":{"idSuffix":"inner"}},"wdio_ui5_key":"applicationmanageresources-display-component---newResourceUnit--resourceId"}]}
RESULT: undefined
COMMAND: POST /session/54b51d12ae76246c47a9cfd9839bf688/execute/async - {"script":"<script> [776 bytes]","args":[{"enterText":"WJ5yVm94YU","selector":{"id":"application-manageresources-display-component---newResourceUnit--resourceId","interaction":{"idSuffix":"inner"}},"clearTextFirst":true,"interactionType":"ENTER_TEXT"}]}
RESULT: {}
RESULT: {"script":"<script> [776 bytes]","args":[{"enterText":"WJ5yVm94YU","selector":{"id":"application-manageresources-display-component---newResourceUnit--resourceId","interaction":{"idSuffix":"inner"}},"clearTextFirst":true,"interactionType":"ENTER_TEXT"}]}
COMMAND: POST /session/54b51d12ae76246c47a9cfd9839bf688/execute/async - {"script":"<script> [1562 bytes]","args":[{"selector":{"id":"application-manageresources-display-component---newResourceUnit--SHORT_TEXT","interaction":{"idSuffix":"inner"}},"wdio_ui5_key":"applicationmanageresources-display-component---newResourceUnit--SHORT_TEXT"}]}
RESULT: {"script":"<script> [1562 bytes]","args":[{"selector":{"id":"application-manageresources-display-component---newResourceUnit--SHORT_TEXT","interaction":{"idSuffix":"inner"}},"wdio_ui5_key":"applicationmanageresources-display-component---newResourceUnit--SHORT_TEXT"}]}
RESULT: undefined
COMMAND: POST /session/54b51d12ae76246c47a9cfd9839bf688/execute/async - {"script":"<script> [776 bytes]","args":[{"enterText":"Intercompany Equipment WDIO","selector":{"id":"application-manageresources-display-component---newResourceUnit--SHORT_TEXT","interaction":{"idSuffix":"inner"}},"clearTextFirst":true,"interactionType":"ENTER_TEXT"}]}
RESULT: {"script":"<script> [776 bytes]","args":[{"enterText":"Intercompany Equipment WDIO","selector":{"id":"application-manageresources-display-component---newResourceUnit--SHORT_TEXT","interaction":{"idSuffix":"inner"}},"clearTextFirst":true,"interactionType":"ENTER_TEXT"}]}
COMMAND: POST /session/54b51d12ae76246c47a9cfd9839bf688/execute/async - {"script":"<script> [1562 bytes]","args":[{"selector":{"id":"application-manageresources-display-component---newResourceUnit--BASE_UNIT_OF_MEASURE","interaction":{"idSuffix":"inner"}},"wdio_ui5_key":"applicationmanageresources-display-component---newResourceUnit--BASE_UNIT_OF_MEASURE"}]}
RESULT: {"script":"<script> [1562 bytes]","args":[{"selector":{"id":"application-manageresources-display-component---newResourceUnit--BASE_UNIT_OF_MEASURE","interaction":{"idSuffix":"inner"}},"wdio_ui5_key":"applicationmanageresources-display-component---newResourceUnit--BASE_UNIT_OF_MEASURE"}]}
RESULT: undefined
COMMAND: POST /session/54b51d12ae76246c47a9cfd9839bf688/execute/async - {"script":"<script> [776 bytes]","args":[{"enterText":"Piece","selector":{"id":"application-manageresources-display-component---newResourceUnit--BASE_UNIT_OF_MEASURE","interaction":{"idSuffix":"inner"}},"clearTextFirst":true,"interactionType":"ENTER_TEXT"}]}
RESULT: {"script":"<script> [776 bytes]","args":[{"enterText":"Piece","selector":{"id":"application-manageresources-display-component---newResourceUnit--BASE_UNIT_OF_MEASURE","interaction":{"idSuffix":"inner"}},"clearTextFirst":true,"interactionType":"ENTER_TEXT"}]}
COMMAND: POST /session/54b51d12ae76246c47a9cfd9839bf688/execute/async - {"script":"<script> [1562 bytes]","args":[{"selector":{"id":"application-manageresources-display-component---newResourceUnit--WEIGHT_UNIT","interaction":{"idSuffix":"inner"}},"wdio_ui5_key":"applicationmanageresources-display-component---newResourceUnit--WEIGHT_UNIT"}]}
RESULT: {"script":"<script> [1562 bytes]","args":[{"selector":{"id":"application-manageresources-display-component---newResourceUnit--WEIGHT_UNIT","interaction":{"idSuffix":"inner"}},"wdio_ui5_key":"applicationmanageresources-display-component---newResourceUnit--WEIGHT_UNIT"}]}
RESULT: undefined
COMMAND: POST /session/54b51d12ae76246c47a9cfd9839bf688/execute/async - {"script":"<script> [776 bytes]","args":[{"enterText":"Gram","selector":{"id":"application-manageresources-display-component---newResourceUnit--WEIGHT_UNIT","interaction":{"idSuffix":"inner"}},"clearTextFirst":true,"interactionType":"ENTER_TEXT"}]}
RESULT: {"script":"<script> [776 bytes]","args":[{"enterText":"Gram","selector":{"id":"application-manageresources-display-component---newResourceUnit--WEIGHT_UNIT","interaction":{"idSuffix":"inner"}},"clearTextFirst":true,"interactionType":"ENTER_TEXT"}]}
COMMAND: POST /session/54b51d12ae76246c47a9cfd9839bf688/execute/async - {"script":"<script> [1562 bytes]","args":[{"selector":{"id":"application-manageresources-display-component---newResourceUnit--DIMENSION_UNIT","interaction":{"idSuffix":"inner"}},"wdio_ui5_key":"applicationmanageresources-display-component---newResourceUnit--DIMENSION_UNIT"}]}
RESULT: {"script":"<script> [1562 bytes]","args":[{"selector":{"id":"application-manageresources-display-component---newResourceUnit--DIMENSION_UNIT","interaction":{"idSuffix":"inner"}},"wdio_ui5_key":"applicationmanageresources-display-component---newResourceUnit--DIMENSION_UNIT"}]}
RESULT: undefined
COMMAND: POST /session/54b51d12ae76246c47a9cfd9839bf688/execute/async - {"script":"<script> [776 bytes]","args":[{"enterText":"Meter","selector":{"id":"application-manageresources-display-component---newResourceUnit--DIMENSION_UNIT","interaction":{"idSuffix":"inner"}},"clearTextFirst":true,"interactionType":"ENTER_TEXT"}]}
RESULT: {"script":"<script> [776 bytes]","args":[{"enterText":"Meter","selector":{"id":"application-manageresources-display-component---newResourceUnit--DIMENSION_UNIT","interaction":{"idSuffix":"inner"}},"clearTextFirst":true,"interactionType":"ENTER_TEXT"}]}
COMMAND: POST /session/54b51d12ae76246c47a9cfd9839bf688/execute/async - {"script":"<script> [1562 bytes]","args":[{"selector":{"id":"application-manageresources-display-component---newResourceUnit--newRRUPage-anchBar-application-manageresources-display-component---newResourceUnit--control-anchor","interaction":{"idSuffix":"BDI-content"}},"wdio_ui5_key":"applicationmanageresources-display-component---newResourceUnit--newRRUPage-anchBar-application-manageresources-display-component---newResourceUnit--control-anchor"}]}
RESULT: {"script":"<script> [1562 bytes]","args":[{"selector":{"id":"application-manageresources-display-component---newResourceUnit--newRRUPage-anchBar-application-manageresources-display-component---newResourceUnit--control-anchor","interaction":{"idSuffix":"BDI-content"}},"wdio_ui5_key":"applicationmanageresources-display-component---newResourceUnit--newRRUPage-anchBar-application-manageresources-display-component---newResourceUnit--control-anchor"}]}
RESULT: undefined
COMMAND: POST /session/54b51d12ae76246c47a9cfd9839bf688/element - {"using":"xpath","value":"//*[@id=\"application-manageresources-display-component---newResourceUnit--newRRUPage-anchBar-application-manageresources-display-component---newResourceUnit--control-anchor\"]"}
RESULT: {"using":"xpath","value":"//*[@id=\"application-manageresources-display-component---newResourceUnit--newRRUPage-anchBar-application-manageresources-display-component---newResourceUnit--control-anchor\"]"}
COMMAND: POST /session/54b51d12ae76246c47a9cfd9839bf688/element/f.C3AA7480AC9969AD6A76FCDF8BFD3774.d.0E67E91F6A5BD5925574AC81D9D54685.e.5012/click - {}
RESULT: {}
COMMAND: POST /session/54b51d12ae76246c47a9cfd9839bf688/execute/async - {"script":"<script> [1562 bytes]","args":[{"selector":{"id":"application-manageresources-display-component---newResourceUnit--PLANNING_GROUP","interaction":{"idSuffix":"inner"}},"wdio_ui5_key":"applicationmanageresources-display-component---newResourceUnit--PLANNING_GROUP"}]}
COMMAND: GET /session/54b51d12ae76246c47a9cfd9839bf688/screenshot - {}
RESULT: {"script":"<script> [1562 bytes]","args":[{"selector":{"id":"application-manageresources-display-component---newResourceUnit--PLANNING_GROUP","interaction":{"idSuffix":"inner"}},"wdio_ui5_key":"applicationmanageresources-display-component---newResourceUnit--PLANNING_GROUP"}]}
RESULT: undefined
COMMAND: POST /session/54b51d12ae76246c47a9cfd9839bf688/execute/async - {"script":"<script> [776 bytes]","args":[{"enterText":"Heavy Equi","selector":{"id":"application-manageresources-display-component---newResourceUnit--PLANNING_GROUP","interaction":{"idSuffix":"inner"}},"clearTextFirst":true,"interactionType":"ENTER_TEXT"}]}
RESULT: {}
RESULT: {"script":"<script> [776 bytes]","args":[{"enterText":"Heavy Equi","selector":{"id":"application-manageresources-display-component---newResourceUnit--PLANNING_GROUP","interaction":{"idSuffix":"inner"}},"clearTextFirst":true,"interactionType":"ENTER_TEXT"}]}
COMMAND: POST /session/54b51d12ae76246c47a9cfd9839bf688/execute/async - {"script":"<script> [1562 bytes]","args":[{"selector":{"id":"application-manageresources-display-component---newResourceUnit--ITEM_TYPE-arrow"},"wdio_ui5_key":"applicationmanageresources-display-component---newResourceUnit--ITEM_TYPE-arrow"}]}
RESULT: {"script":"<script> [1562 bytes]","args":[{"selector":{"id":"application-manageresources-display-component---newResourceUnit--ITEM_TYPE-arrow"},"wdio_ui5_key":"applicationmanageresources-display-component---newResourceUnit--ITEM_TYPE-arrow"}]}
RESULT: undefined
COMMAND: POST /session/54b51d12ae76246c47a9cfd9839bf688/element - {"using":"xpath","value":"//*[@id=\"application-manageresources-display-component---newResourceUnit--ITEM_TYPE-arrow\"]"}
RESULT: {"using":"xpath","value":"//*[@id=\"application-manageresources-display-component---newResourceUnit--ITEM_TYPE-arrow\"]"}
COMMAND: POST /session/54b51d12ae76246c47a9cfd9839bf688/element/f.C3AA7480AC9969AD6A76FCDF8BFD3774.d.0E67E91F6A5BD5925574AC81D9D54685.e.5019/click - {}
RESULT: {}
COMMAND: POST /session/54b51d12ae76246c47a9cfd9839bf688/element - {"using":"xpath","value":"//ul[contains(@id,\"ITEM_TYPE-popup-list-listUl\")]//li[.//span[contains(text(),\"Resource Unit\")]]"}
COMMAND: GET /session/54b51d12ae76246c47a9cfd9839bf688/screenshot - {}
RESULT: {"using":"xpath","value":"//ul[contains(@id,\"ITEM_TYPE-popup-list-listUl\")]//li[.//span[contains(text(),\"Resource Unit\")]]"}
COMMAND: POST /session/54b51d12ae76246c47a9cfd9839bf688/element/f.C3AA7480AC9969AD6A76FCDF8BFD3774.d.0E67E91F6A5BD5925574AC81D9D54685.e.5020/click - {}
RESULT: {}
RESULT: {}
COMMAND: GET /session/54b51d12ae76246c47a9cfd9839bf688/screenshot - {}
RESULT: {}
COMMAND: POST /session/54b51d12ae76246c47a9cfd9839bf688/element - {"using":"css selector","value":"#application-manageresources-display-component---newResourceUnit--btnAddTimeSegment"}
RESULT: {"using":"css selector","value":"#application-manageresources-display-component---newResourceUnit--btnAddTimeSegment"}
COMMAND: GET /session/54b51d12ae76246c47a9cfd9839bf688/element/f.C3AA7480AC9969AD6A76FCDF8BFD3774.d.0E67E91F6A5BD5925574AC81D9D54685.e.5027/rect - {}
RESULT: {}
COMMAND: GET /session/54b51d12ae76246c47a9cfd9839bf688/window/rect - {}
RESULT: {}
COMMAND: POST /session/54b51d12ae76246c47a9cfd9839bf688/execute/sync - {"script":"<script> [92 bytes]","args":[]}
RESULT: {"script":"<script> [92 bytes]","args":[]}
COMMAND: POST /session/54b51d12ae76246c47a9cfd9839bf688/actions - {"actions":[{"id":"action9","type":"wheel","parameters":{},"actions":[{"type":"scroll","x":-1888,"y":-32,"deltaX":0,"deltaY":0,"duration":0,"origin":{"element-6066-11e4-a52e-4f735466cecf":"f.C3AA7480AC9969AD6A76FCDF8BFD3774.d.0E67E91F6A5BD5925574AC81D9D54685.e.5027"}}]}]}
COMMAND: GET /session/54b51d12ae76246c47a9cfd9839bf688/screenshot - {}
RESULT: {}
COMMAND: POST /session/54b51d12ae76246c47a9cfd9839bf688/execute/sync - {"script":"<script> [79 bytes]","args":[{"element-6066-11e4-a52e-4f735466cecf":"f.C3AA7480AC9969AD6A76FCDF8BFD3774.d.0E67E91F6A5BD5925574AC81D9D54685.e.5027","ELEMENT":"f.C3AA7480AC9969AD6A76FCDF8BFD3774.d.0E67E91F6A5BD5925574AC81D9D54685.e.5027"},{"block":"start","inline":"nearest"}]}
RESULT: {"script":"<script> [79 bytes]","args":[{"element-6066-11e4-a52e-4f735466cecf":"f.C3AA7480AC9969AD6A76FCDF8BFD3774.d.0E67E91F6A5BD5925574AC81D9D54685.e.5027","ELEMENT":"f.C3AA7480AC9969AD6A76FCDF8BFD3774.d.0E67E91F6A5BD5925574AC81D9D54685.e.5027"},{"block":"start","inline":"nearest"}]}
COMMAND: POST /session/54b51d12ae76246c47a9cfd9839bf688/execute/async - {"script":"<script> [1562 bytes]","args":[{"selector":{"id":"application-manageresources-display-component---newResourceUnit--btnAddTimeSegment","interaction":{"idSuffix":"inner"}},"wdio_ui5_key":"applicationmanageresources-display-component---newResourceUnit--btnAddTimeSegment"}]}
COMMAND: GET /session/54b51d12ae76246c47a9cfd9839bf688/screenshot - {}
RESULT: {"script":"<script> [1562 bytes]","args":[{"selector":{"id":"application-manageresources-display-component---newResourceUnit--btnAddTimeSegment","interaction":{"idSuffix":"inner"}},"wdio_ui5_key":"applicationmanageresources-display-component---newResourceUnit--btnAddTimeSegment"}]}
RESULT: undefined
COMMAND: POST /session/54b51d12ae76246c47a9cfd9839bf688/element - {"using":"xpath","value":"//*[@id=\"application-manageresources-display-component---newResourceUnit--btnAddTimeSegment\"]"}
RESULT: {}
RESULT: {"using":"xpath","value":"//*[@id=\"application-manageresources-display-component---newResourceUnit--btnAddTimeSegment\"]"}
COMMAND: POST /session/54b51d12ae76246c47a9cfd9839bf688/element/f.C3AA7480AC9969AD6A76FCDF8BFD3774.d.0E67E91F6A5BD5925574AC81D9D54685.e.5027/click - {}
RESULT: {}
COMMAND: GET /session/54b51d12ae76246c47a9cfd9839bf688/screenshot - {}
RESULT: {}
COMMAND: POST /session/54b51d12ae76246c47a9cfd9839bf688/element - {"using":"xpath","value":"//input[@id=\"application-manageresources-display-component---newResourceUnit--idRuTSAdmin-application-manageresources-display-component---newResourceUnit--RUTimeSegment-0-inner\"]"}
RESULT: {"using":"xpath","value":"//input[@id=\"application-manageresources-display-component---newResourceUnit--idRuTSAdmin-application-manageresources-display-component---newResourceUnit--RUTimeSegment-0-inner\"]"}
COMMAND: POST /session/54b51d12ae76246c47a9cfd9839bf688/element/f.C3AA7480AC9969AD6A76FCDF8BFD3774.d.0E67E91F6A5BD5925574AC81D9D54685.e.5033/clear - {}
RESULT: {}
COMMAND: POST /session/54b51d12ae76246c47a9cfd9839bf688/element/f.C3AA7480AC9969AD6A76FCDF8BFD3774.d.0E67E91F6A5BD5925574AC81D9D54685.e.5033/value - {"text":"598"}
COMMAND: GET /session/54b51d12ae76246c47a9cfd9839bf688/screenshot - {}
RESULT: {"text":"598"}
COMMAND: GET /session/54b51d12ae76246c47a9cfd9839bf688/screenshot - {}
RESULT: {}
RESULT: {}
COMMAND: POST /session/54b51d12ae76246c47a9cfd9839bf688/element - {"using":"xpath","value":"//li[.//span[text()='598']]"}
RESULT: {"using":"xpath","value":"//li[.//span[text()='598']]"}
COMMAND: POST /session/54b51d12ae76246c47a9cfd9839bf688/element/f.C3AA7480AC9969AD6A76FCDF8BFD3774.d.0E67E91F6A5BD5925574AC81D9D54685.e.5046/click - {}
RESULT: {}
COMMAND: GET /session/54b51d12ae76246c47a9cfd9839bf688/screenshot - {}
RESULT: {}
COMMAND: POST /session/54b51d12ae76246c47a9cfd9839bf688/element - {"using":"xpath","value":"(//span[contains(@id, \"-application-manageresources-display-component---newResourceUnit--RUTimeSegment-0-arrow\")])[6]"}
RESULT: {"using":"xpath","value":"(//span[contains(@id, \"-application-manageresources-display-component---newResourceUnit--RUTimeSegment-0-arrow\")])[6]"}
COMMAND: POST /session/54b51d12ae76246c47a9cfd9839bf688/element/f.C3AA7480AC9969AD6A76FCDF8BFD3774.d.0E67E91F6A5BD5925574AC81D9D54685.e.5047/click - {}
RESULT: {}
COMMAND: GET /session/54b51d12ae76246c47a9cfd9839bf688/screenshot - {}
RESULT: {}
COMMAND: POST /session/54b51d12ae76246c47a9cfd9839bf688/element - {"using":"xpath","value":"//span[contains(text(), \"PM Order\")]"}
RESULT: {"using":"xpath","value":"//span[contains(text(), \"PM Order\")]"}
COMMAND: POST /session/54b51d12ae76246c47a9cfd9839bf688/element/f.C3AA7480AC9969AD6A76FCDF8BFD3774.d.0E67E91F6A5BD5925574AC81D9D54685.e.5050/click - {}
RESULT: {}
COMMAND: GET /session/54b51d12ae76246c47a9cfd9839bf688/screenshot - {}
RESULT: {}
COMMAND: POST /session/54b51d12ae76246c47a9cfd9839bf688/element - {"using":"xpath","value":"(//span[contains(@id ,\"manageresources-display-component---newResourceUnit--RUTimeSegment-0-vhi\")])[1]"}
RESULT: {"using":"xpath","value":"(//span[contains(@id ,\"manageresources-display-component---newResourceUnit--RUTimeSegment-0-vhi\")])[1]"}
COMMAND: GET /session/54b51d12ae76246c47a9cfd9839bf688/element/f.C3AA7480AC9969AD6A76FCDF8BFD3774.d.0E67E91F6A5BD5925574AC81D9D54685.e.5054/rect - {}
RESULT: {}
COMMAND: GET /session/54b51d12ae76246c47a9cfd9839bf688/window/rect - {}
RESULT: {}
COMMAND: POST /session/54b51d12ae76246c47a9cfd9839bf688/execute/sync - {"script":"<script> [92 bytes]","args":[]}
RESULT: {"script":"<script> [92 bytes]","args":[]}
COMMAND: POST /session/54b51d12ae76246c47a9cfd9839bf688/actions - {"actions":[{"id":"action10","type":"wheel","parameters":{},"actions":[{"type":"scroll","x":-869,"y":-24,"deltaX":0,"deltaY":0,"duration":0,"origin":{"element-6066-11e4-a52e-4f735466cecf":"f.C3AA7480AC9969AD6A76FCDF8BFD3774.d.0E67E91F6A5BD5925574AC81D9D54685.e.5054"}}]}]}
COMMAND: GET /session/54b51d12ae76246c47a9cfd9839bf688/screenshot - {}
RESULT: {"actions":[{"id":"action10","type":"wheel","parameters":{},"actions":[{"type":"scroll","x":-869,"y":-24,"deltaX":0,"deltaY":0,"duration":0,"origin":{"element-6066-11e4-a52e-4f735466cecf":"f.C3AA7480AC9969AD6A76FCDF8BFD3774.d.0E67E91F6A5BD5925574AC81D9D54685.e.5054"}}]}]}
COMMAND: DELETE /session/54b51d12ae76246c47a9cfd9839bf688/actions - {}
COMMAND: GET /session/54b51d12ae76246c47a9cfd9839bf688/screenshot - {}
RESULT: {}
RESULT: {}
COMMAND: GET /session/54b51d12ae76246c47a9cfd9839bf688/screenshot - {}
RESULT: {}
RESULT: {}
COMMAND: POST /session/54b51d12ae76246c47a9cfd9839bf688/element/f.C3AA7480AC9969AD6A76FCDF8BFD3774.d.0E67E91F6A5BD5925574AC81D9D54685.e.5054/click - {}
RESULT: {}
COMMAND: GET /session/54b51d12ae76246c47a9cfd9839bf688/screenshot - {}
RESULT: {}
RESULT: undefined
COMMAND: POST /session/54b51d12ae76246c47a9cfd9839bf688/execute/async - {"script":"<script> [776 bytes]","args":[{"enterText":"4000360","selector":{"controlType":"sap.m.SearchField","properties":{"placeholder":"Search"},"searchOpenDialogs":true,"interaction":{"idSuffix":"I"}},"clearTextFirst":true,"interactionType":"ENTER_TEXT"}]}
RESULT: {"script":"<script> [776 bytes]","args":[{"enterText":"4000360","selector":{"controlType":"sap.m.SearchField","properties":{"placeholder":"Search"},"searchOpenDialogs":true,"interaction":{"idSuffix":"I"}},"clearTextFirst":true,"interactionType":"ENTER_TEXT"}]}
COMMAND: POST /session/54b51d12ae76246c47a9cfd9839bf688/actions - {"actions":[{"id":"action11","type":"key","parameters":{},"actions":[{"type":"keyDown","value":"î€‡"},{"type":"pause","duration":10},{"type":"keyUp","value":"î€‡"}]}]}
RESULT: {"actions":[{"id":"action11","type":"key","parameters":{},"actions":[{"type":"keyDown","value":"î€‡"},{"type":"pause","duration":10},{"type":"keyUp","value":"î€‡"}]}]}
COMMAND: GET /session/54b51d12ae76246c47a9cfd9839bf688/screenshot - {}
RESULT: {}
COMMAND: POST /session/54b51d12ae76246c47a9cfd9839bf688/element - {"using":"xpath","value":"//td/div/span[contains(text(), \"BGL Vehicles\")]"}
RESULT: {"using":"xpath","value":"//td/div/span[contains(text(), \"BGL Vehicles\")]"}
COMMAND: POST /session/54b51d12ae76246c47a9cfd9839bf688/element/f.C3AA7480AC9969AD6A76FCDF8BFD3774.d.0E67E91F6A5BD5925574AC81D9D54685.e.5074/click - {}
RESULT: {}
COMMAND: GET /session/54b51d12ae76246c47a9cfd9839bf688/screenshot - {}
RESULT: {}
COMMAND: POST /session/54b51d12ae76246c47a9cfd9839bf688/element - {"using":"xpath","value":"//bdi[contains(text(), \"OK\")]"}
RESULT: {"using":"xpath","value":"//bdi[contains(text(), \"OK\")]"}
COMMAND: POST /session/54b51d12ae76246c47a9cfd9839bf688/element/f.C3AA7480AC9969AD6A76FCDF8BFD3774.d.0E67E91F6A5BD5925574AC81D9D54685.e.5075/click - {}
RESULT: {}
COMMAND: GET /session/54b51d12ae76246c47a9cfd9839bf688/screenshot - {}
RESULT: {}
COMMAND: POST /session/54b51d12ae76246c47a9cfd9839bf688/execute/async - {"script":"<script> [1562 bytes]","args":[{"selector":{"id":"application-manageresources-display-component---newResourceUnit--newRRUPage-anchBar-application-manageresources-display-component---newResourceUnit--resource-anchor","interaction":{"idSuffix":"BDI-content"}},"wdio_ui5_key":"applicationmanageresources-display-component---newResourceUnit--newRRUPage-anchBar-application-manageresources-display-component---newResourceUnit--resource-anchor"}]}
RESULT: {"script":"<script> [1562 bytes]","args":[{"selector":{"id":"application-manageresources-display-component---newResourceUnit--newRRUPage-anchBar-application-manageresources-display-component---newResourceUnit--resource-anchor","interaction":{"idSuffix":"BDI-content"}},"wdio_ui5_key":"applicationmanageresources-display-component---newResourceUnit--newRRUPage-anchBar-application-manageresources-display-component---newResourceUnit--resource-anchor"}]}
RESULT: undefined
COMMAND: POST /session/54b51d12ae76246c47a9cfd9839bf688/element - {"using":"xpath","value":"//*[@id=\"application-manageresources-display-component---newResourceUnit--newRRUPage-anchBar-application-manageresources-display-component---newResourceUnit--resource-anchor\"]"}
RESULT: {"using":"xpath","value":"//*[@id=\"application-manageresources-display-component---newResourceUnit--newRRUPage-anchBar-application-manageresources-display-component---newResourceUnit--resource-anchor\"]"}
COMMAND: POST /session/54b51d12ae76246c47a9cfd9839bf688/element/f.C3AA7480AC9969AD6A76FCDF8BFD3774.d.0E67E91F6A5BD5925574AC81D9D54685.e.5079/click - {}
RESULT: {}
COMMAND: POST /session/54b51d12ae76246c47a9cfd9839bf688/execute/async - {"script":"<script> [1562 bytes]","args":[{"selector":{"id":"application-manageresources-display-component---newResourceUnit--PLANNED_DELIVERY_DATE","interaction":{"idSuffix":"inner"}},"wdio_ui5_key":"applicationmanageresources-display-component---newResourceUnit--PLANNED_DELIVERY_DATE"}]}
COMMAND: GET /session/54b51d12ae76246c47a9cfd9839bf688/screenshot - {}
RESULT: {"script":"<script> [1562 bytes]","args":[{"selector":{"id":"application-manageresources-display-component---newResourceUnit--PLANNED_DELIVERY_DATE","interaction":{"idSuffix":"inner"}},"wdio_ui5_key":"applicationmanageresources-display-component---newResourceUnit--PLANNED_DELIVERY_DATE"}]}
RESULT: undefined
COMMAND: POST /session/54b51d12ae76246c47a9cfd9839bf688/execute/async - {"script":"<script> [6424 bytes]","args":[{"element-6066-11e4-a52e-4f735466cecf":"f.C3AA7480AC9969AD6A76FCDF8BFD3774.d.0E67E91F6A5BD5925574AC81D9D54685.e.4911"},"setValue",["6/2/25"]]}
RESULT: {}
RESULT: {"script":"<script> [6424 bytes]","args":[{"element-6066-11e4-a52e-4f735466cecf":"f.C3AA7480AC9969AD6A76FCDF8BFD3774.d.0E67E91F6A5BD5925574AC81D9D54685.e.4911"},"setValue",["6/2/25"]]}
COMMAND: POST /session/54b51d12ae76246c47a9cfd9839bf688/element - {"using":"xpath","value":"//label[contains(@class, 'sapMLabelRequired') and .//bdi[contains(text(), 'Planned Retirement')]]"}
RESULT: {"using":"xpath","value":"//label[contains(@class, 'sapMLabelRequired') and .//bdi[contains(text(), 'Planned Retirement')]]"}
COMMAND: POST /session/54b51d12ae76246c47a9cfd9839bf688/elements - {"using":"xpath","value":"//label[contains(@class, 'sapMLabelRequired') and .//bdi[contains(text(), 'Planned Retirement')]]"}
RESULT: {"using":"xpath","value":"//label[contains(@class, 'sapMLabelRequired') and .//bdi[contains(text(), 'Planned Retirement')]]"}
COMMAND: POST /session/54b51d12ae76246c47a9cfd9839bf688/element - {"using":"xpath","value":"//button[@data-kt=\"resourceUnitSaveButton\"]"}
RESULT: {"using":"xpath","value":"//button[@data-kt=\"resourceUnitSaveButton\"]"}
COMMAND: POST /session/54b51d12ae76246c47a9cfd9839bf688/element/f.C3AA7480AC9969AD6A76FCDF8BFD3774.d.0E67E91F6A5BD5925574AC81D9D54685.e.4871/click - {}
RESULT: {}
COMMAND: GET /session/54b51d12ae76246c47a9cfd9839bf688/screenshot - {}
RESULT: {}
COMMAND: POST /session/54b51d12ae76246c47a9cfd9839bf688/element - {"using":"xpath","value":"//bdi[contains(text(), \"Close\")]"}
RESULT: {"using":"xpath","value":"//bdi[contains(text(), \"Close\")]"}
COMMAND: POST /session/54b51d12ae76246c47a9cfd9839bf688/element/f.C3AA7480AC9969AD6A76FCDF8BFD3774.d.0E67E91F6A5BD5925574AC81D9D54685.e.5088/click - {}
RESULT: {}
COMMAND: GET /session/54b51d12ae76246c47a9cfd9839bf688/screenshot - {}
RESULT: {}
COMMAND: POST /session/54b51d12ae76246c47a9cfd9839bf688/element - {"using":"xpath","value":"(//button[contains(@id ,\"actionsToolbar-overflowButton\")])[1]"}
RESULT: {"using":"xpath","value":"(//button[contains(@id ,\"actionsToolbar-overflowButton\")])[1]"}
COMMAND: POST /session/54b51d12ae76246c47a9cfd9839bf688/element/f.C3AA7480AC9969AD6A76FCDF8BFD3774.d.0E67E91F6A5BD5925574AC81D9D54685.e.5118/click - {}
RESULT: {}
COMMAND: GET /session/54b51d12ae76246c47a9cfd9839bf688/screenshot - {}
RESULT: {}
COMMAND: POST /session/54b51d12ae76246c47a9cfd9839bf688/element - {"using":"xpath","value":"//button[@data-kt=\"priceInfoButton\"]"}
RESULT: {"using":"xpath","value":"//button[@data-kt=\"priceInfoButton\"]"}
COMMAND: POST /session/54b51d12ae76246c47a9cfd9839bf688/element/f.C3AA7480AC9969AD6A76FCDF8BFD3774.d.0E67E91F6A5BD5925574AC81D9D54685.e.5120/click - {}
RESULT: {}
COMMAND: GET /session/54b51d12ae76246c47a9cfd9839bf688/screenshot - {}
RESULT: {}
]]></system-out>
    </testcase>
    <testcase classname="chrome.136_0_7103_93.windows.Billing_Transfer_-_Master_data_&amp;_Intercompany_US127250" name="Should create new pricing rule TB on the equipment TB" time="66.879">
      <system-out><![CDATA[
COMMAND: POST /session/54b51d12ae76246c47a9cfd9839bf688/element - {"using":"xpath","value":"//button[@data-kt=\"addButton\"]"}
RESULT: {"using":"xpath","value":"//button[@data-kt=\"addButton\"]"}
COMMAND: POST /session/54b51d12ae76246c47a9cfd9839bf688/elements - {"using":"xpath","value":"//button[@data-kt=\"addButton\"]"}
RESULT: {"using":"xpath","value":"//button[@data-kt=\"addButton\"]"}
COMMAND: POST /session/54b51d12ae76246c47a9cfd9839bf688/elements - {"using":"xpath","value":"//button[@data-kt=\"addButton\"]"}
RESULT: {"using":"xpath","value":"//button[@data-kt=\"addButton\"]"}
COMMAND: POST /session/54b51d12ae76246c47a9cfd9839bf688/elements - {"using":"xpath","value":"//button[@data-kt=\"addButton\"]"}
RESULT: {"using":"xpath","value":"//button[@data-kt=\"addButton\"]"}
COMMAND: POST /session/54b51d12ae76246c47a9cfd9839bf688/elements - {"using":"xpath","value":"//button[@data-kt=\"addButton\"]"}
RESULT: {"using":"xpath","value":"//button[@data-kt=\"addButton\"]"}
COMMAND: POST /session/54b51d12ae76246c47a9cfd9839bf688/elements - {"using":"xpath","value":"//button[@data-kt=\"addButton\"]"}
RESULT: {"using":"xpath","value":"//button[@data-kt=\"addButton\"]"}
COMMAND: POST /session/54b51d12ae76246c47a9cfd9839bf688/elements - {"using":"xpath","value":"//button[@data-kt=\"addButton\"]"}
RESULT: {"using":"xpath","value":"//button[@data-kt=\"addButton\"]"}
COMMAND: POST /session/54b51d12ae76246c47a9cfd9839bf688/elements - {"using":"xpath","value":"//button[@data-kt=\"addButton\"]"}
RESULT: {"using":"xpath","value":"//button[@data-kt=\"addButton\"]"}
COMMAND: POST /session/54b51d12ae76246c47a9cfd9839bf688/elements - {"using":"xpath","value":"//button[@data-kt=\"addButton\"]"}
RESULT: {"using":"xpath","value":"//button[@data-kt=\"addButton\"]"}
COMMAND: POST /session/54b51d12ae76246c47a9cfd9839bf688/elements - {"using":"xpath","value":"//button[@data-kt=\"addButton\"]"}
RESULT: {"using":"xpath","value":"//button[@data-kt=\"addButton\"]"}
COMMAND: POST /session/54b51d12ae76246c47a9cfd9839bf688/elements - {"using":"xpath","value":"//button[@data-kt=\"addButton\"]"}
RESULT: {"using":"xpath","value":"//button[@data-kt=\"addButton\"]"}
COMMAND: POST /session/54b51d12ae76246c47a9cfd9839bf688/elements - {"using":"xpath","value":"//button[@data-kt=\"addButton\"]"}
RESULT: {"using":"xpath","value":"//button[@data-kt=\"addButton\"]"}
COMMAND: POST /session/54b51d12ae76246c47a9cfd9839bf688/elements - {"using":"xpath","value":"//button[@data-kt=\"addButton\"]"}
RESULT: {"using":"xpath","value":"//button[@data-kt=\"addButton\"]"}
COMMAND: POST /session/54b51d12ae76246c47a9cfd9839bf688/elements - {"using":"xpath","value":"//button[@data-kt=\"addButton\"]"}
RESULT: {"using":"xpath","value":"//button[@data-kt=\"addButton\"]"}
COMMAND: POST /session/54b51d12ae76246c47a9cfd9839bf688/elements - {"using":"xpath","value":"//button[@data-kt=\"addButton\"]"}
RESULT: {"using":"xpath","value":"//button[@data-kt=\"addButton\"]"}
COMMAND: POST /session/54b51d12ae76246c47a9cfd9839bf688/elements - {"using":"xpath","value":"//button[@data-kt=\"addButton\"]"}
RESULT: {"using":"xpath","value":"//button[@data-kt=\"addButton\"]"}
COMMAND: POST /session/54b51d12ae76246c47a9cfd9839bf688/elements - {"using":"xpath","value":"//button[@data-kt=\"addButton\"]"}
RESULT: {"using":"xpath","value":"//button[@data-kt=\"addButton\"]"}
COMMAND: POST /session/54b51d12ae76246c47a9cfd9839bf688/element - {"using":"xpath","value":"//button[@data-kt=\"addButton\"]"}
RESULT: {"using":"xpath","value":"//button[@data-kt=\"addButton\"]"}
COMMAND: POST /session/54b51d12ae76246c47a9cfd9839bf688/execute/sync - {"script":"<script> [8489 bytes]","args":[{"element-6066-11e4-a52e-4f735466cecf":"f.C3AA7480AC9969AD6A76FCDF8BFD3774.d.0E67E91F6A5BD5925574AC81D9D54685.e.5157","ELEMENT":"f.C3AA7480AC9969AD6A76FCDF8BFD3774.d.0E67E91F6A5BD5925574AC81D9D54685.e.5157"}]}
RESULT: {"script":"<script> [8489 bytes]","args":[{"element-6066-11e4-a52e-4f735466cecf":"f.C3AA7480AC9969AD6A76FCDF8BFD3774.d.0E67E91F6A5BD5925574AC81D9D54685.e.5157","ELEMENT":"f.C3AA7480AC9969AD6A76FCDF8BFD3774.d.0E67E91F6A5BD5925574AC81D9D54685.e.5157"}]}
COMMAND: GET /session/54b51d12ae76246c47a9cfd9839bf688/element/f.C3AA7480AC9969AD6A76FCDF8BFD3774.d.0E67E91F6A5BD5925574AC81D9D54685.e.5157/enabled - {}
COMMAND: GET /session/54b51d12ae76246c47a9cfd9839bf688/screenshot - {}
RESULT: {}
COMMAND: POST /session/54b51d12ae76246c47a9cfd9839bf688/execute/sync - {"script":"<script> [8489 bytes]","args":[{"element-6066-11e4-a52e-4f735466cecf":"f.C3AA7480AC9969AD6A76FCDF8BFD3774.d.0E67E91F6A5BD5925574AC81D9D54685.e.5157","ELEMENT":"f.C3AA7480AC9969AD6A76FCDF8BFD3774.d.0E67E91F6A5BD5925574AC81D9D54685.e.5157"}]}
COMMAND: GET /session/54b51d12ae76246c47a9cfd9839bf688/screenshot - {}
RESULT: {}
RESULT: {"script":"<script> [8489 bytes]","args":[{"element-6066-11e4-a52e-4f735466cecf":"f.C3AA7480AC9969AD6A76FCDF8BFD3774.d.0E67E91F6A5BD5925574AC81D9D54685.e.5157","ELEMENT":"f.C3AA7480AC9969AD6A76FCDF8BFD3774.d.0E67E91F6A5BD5925574AC81D9D54685.e.5157"}]}
COMMAND: POST /session/54b51d12ae76246c47a9cfd9839bf688/execute/sync - {"script":"<script> [5351 bytes]","args":[{"element-6066-11e4-a52e-4f735466cecf":"f.C3AA7480AC9969AD6A76FCDF8BFD3774.d.0E67E91F6A5BD5925574AC81D9D54685.e.5157","ELEMENT":"f.C3AA7480AC9969AD6A76FCDF8BFD3774.d.0E67E91F6A5BD5925574AC81D9D54685.e.5157"}]}
COMMAND: GET /session/54b51d12ae76246c47a9cfd9839bf688/screenshot - {}
RESULT: {}
RESULT: {"script":"<script> [5351 bytes]","args":[{"element-6066-11e4-a52e-4f735466cecf":"f.C3AA7480AC9969AD6A76FCDF8BFD3774.d.0E67E91F6A5BD5925574AC81D9D54685.e.5157","ELEMENT":"f.C3AA7480AC9969AD6A76FCDF8BFD3774.d.0E67E91F6A5BD5925574AC81D9D54685.e.5157"}]}
COMMAND: POST /session/54b51d12ae76246c47a9cfd9839bf688/element/f.C3AA7480AC9969AD6A76FCDF8BFD3774.d.0E67E91F6A5BD5925574AC81D9D54685.e.5157/click - {}
COMMAND: GET /session/54b51d12ae76246c47a9cfd9839bf688/screenshot - {}
RESULT: {}
RESULT: {}
COMMAND: GET /session/54b51d12ae76246c47a9cfd9839bf688/screenshot - {}
RESULT: {}
RESULT: {}
COMMAND: POST /session/54b51d12ae76246c47a9cfd9839bf688/execute/async - {"script":"<script> [1562 bytes]","args":[{"selector":{"controlType":"sap.m.Title","viewName":"etm.portal.ui.managepricingrules.view.NewItem","viewId":"application-managepricingrules-display-component---newInfoPriceItem","properties":{"text":"New Pricing Rules - Item Level"}},"wdio_ui5_key":"etmportal.ui.managepricingrules.view.NewItemsap.m.Title{\"text\":\"New Pricing Rules - Item Level\"}"}]}
RESULT: {"script":"<script> [1562 bytes]","args":[{"selector":{"controlType":"sap.m.Title","viewName":"etm.portal.ui.managepricingrules.view.NewItem","viewId":"application-managepricingrules-display-component---newInfoPriceItem","properties":{"text":"New Pricing Rules - Item Level"}},"wdio_ui5_key":"etmportal.ui.managepricingrules.view.NewItemsap.m.Title{\"text\":\"New Pricing Rules - Item Level\"}"}]}
RESULT: undefined
COMMAND: POST /session/54b51d12ae76246c47a9cfd9839bf688/execute/async - {"script":"<script> [6424 bytes]","args":[{"element-6066-11e4-a52e-4f735466cecf":"f.C3AA7480AC9969AD6A76FCDF8BFD3774.d.0E67E91F6A5BD5925574AC81D9D54685.e.5328"},"getText",[]]}
RESULT: {"script":"<script> [6424 bytes]","args":[{"element-6066-11e4-a52e-4f735466cecf":"f.C3AA7480AC9969AD6A76FCDF8BFD3774.d.0E67E91F6A5BD5925574AC81D9D54685.e.5328"},"getText",[]]}
COMMAND: POST /session/54b51d12ae76246c47a9cfd9839bf688/execute/async - {"script":"<script> [1562 bytes]","args":[{"selector":{"id":"application-managepricingrules-display-component---newInfoPriceItem--condValidTo","interaction":{"idSuffix":"inner"}},"wdio_ui5_key":"applicationmanagepricingrules-display-component---newInfoPriceItem--condValidTo"}]}
RESULT: {"script":"<script> [1562 bytes]","args":[{"selector":{"id":"application-managepricingrules-display-component---newInfoPriceItem--condValidTo","interaction":{"idSuffix":"inner"}},"wdio_ui5_key":"applicationmanagepricingrules-display-component---newInfoPriceItem--condValidTo"}]}
RESULT: undefined
COMMAND: POST /session/54b51d12ae76246c47a9cfd9839bf688/execute/async - {"script":"<script> [776 bytes]","args":[{"enterText":"2/2/26","selector":{"id":"application-managepricingrules-display-component---newInfoPriceItem--condValidTo","interaction":{"idSuffix":"inner"}},"clearTextFirst":true,"interactionType":"ENTER_TEXT"}]}
RESULT: {"script":"<script> [776 bytes]","args":[{"enterText":"2/2/26","selector":{"id":"application-managepricingrules-display-component---newInfoPriceItem--condValidTo","interaction":{"idSuffix":"inner"}},"clearTextFirst":true,"interactionType":"ENTER_TEXT"}]}
COMMAND: POST /session/54b51d12ae76246c47a9cfd9839bf688/execute/async - {"script":"<script> [1562 bytes]","args":[{"selector":{"id":"application-managepricingrules-display-component---newInfoPriceItem--billType-arrow"},"wdio_ui5_key":"applicationmanagepricingrules-display-component---newInfoPriceItem--billType-arrow"}]}
RESULT: {"script":"<script> [1562 bytes]","args":[{"selector":{"id":"application-managepricingrules-display-component---newInfoPriceItem--billType-arrow"},"wdio_ui5_key":"applicationmanagepricingrules-display-component---newInfoPriceItem--billType-arrow"}]}
RESULT: undefined
COMMAND: POST /session/54b51d12ae76246c47a9cfd9839bf688/element - {"using":"xpath","value":"//*[@id=\"application-managepricingrules-display-component---newInfoPriceItem--billType-arrow\"]"}
RESULT: {"using":"xpath","value":"//*[@id=\"application-managepricingrules-display-component---newInfoPriceItem--billType-arrow\"]"}
COMMAND: POST /session/54b51d12ae76246c47a9cfd9839bf688/element/f.C3AA7480AC9969AD6A76FCDF8BFD3774.d.0E67E91F6A5BD5925574AC81D9D54685.e.5288/click - {}
RESULT: {}
COMMAND: POST /session/54b51d12ae76246c47a9cfd9839bf688/element - {"using":"xpath","value":"//span[contains(text(), \"TB - Time based\")]"}
COMMAND: GET /session/54b51d12ae76246c47a9cfd9839bf688/screenshot - {}
RESULT: {"using":"xpath","value":"//span[contains(text(), \"TB - Time based\")]"}
COMMAND: POST /session/54b51d12ae76246c47a9cfd9839bf688/element/f.C3AA7480AC9969AD6A76FCDF8BFD3774.d.0E67E91F6A5BD5925574AC81D9D54685.e.5330/click - {}
RESULT: {}
RESULT: {}
COMMAND: POST /session/54b51d12ae76246c47a9cfd9839bf688/execute/async - {"script":"<script> [1562 bytes]","args":[{"selector":{"id":"application-managepricingrules-display-component---newInfoPriceItem--priceProc-arrow"},"wdio_ui5_key":"applicationmanagepricingrules-display-component---newInfoPriceItem--priceProc-arrow"}]}
COMMAND: GET /session/54b51d12ae76246c47a9cfd9839bf688/screenshot - {}
RESULT: {"script":"<script> [1562 bytes]","args":[{"selector":{"id":"application-managepricingrules-display-component---newInfoPriceItem--priceProc-arrow"},"wdio_ui5_key":"applicationmanagepricingrules-display-component---newInfoPriceItem--priceProc-arrow"}]}
RESULT: undefined
COMMAND: POST /session/54b51d12ae76246c47a9cfd9839bf688/element - {"using":"xpath","value":"//*[@id=\"application-managepricingrules-display-component---newInfoPriceItem--priceProc-arrow\"]"}
RESULT: {}
RESULT: {"using":"xpath","value":"//*[@id=\"application-managepricingrules-display-component---newInfoPriceItem--priceProc-arrow\"]"}
COMMAND: POST /session/54b51d12ae76246c47a9cfd9839bf688/element/f.C3AA7480AC9969AD6A76FCDF8BFD3774.d.0E67E91F6A5BD5925574AC81D9D54685.e.5295/click - {}
RESULT: {}
COMMAND: POST /session/54b51d12ae76246c47a9cfd9839bf688/element - {"using":"xpath","value":"//span[contains(text(), \"TBS - Time based standard\")]"}
COMMAND: GET /session/54b51d12ae76246c47a9cfd9839bf688/screenshot - {}
RESULT: {"using":"xpath","value":"//span[contains(text(), \"TBS - Time based standard\")]"}
COMMAND: POST /session/54b51d12ae76246c47a9cfd9839bf688/element/f.C3AA7480AC9969AD6A76FCDF8BFD3774.d.0E67E91F6A5BD5925574AC81D9D54685.e.5331/click - {}
RESULT: {}
RESULT: {}
COMMAND: POST /session/54b51d12ae76246c47a9cfd9839bf688/execute/async - {"script":"<script> [1562 bytes]","args":[{"selector":{"id":"application-managepricingrules-display-component---newInfoPriceItem--calcBase-arrow"},"wdio_ui5_key":"applicationmanagepricingrules-display-component---newInfoPriceItem--calcBase-arrow"}]}
COMMAND: GET /session/54b51d12ae76246c47a9cfd9839bf688/screenshot - {}
RESULT: {"script":"<script> [1562 bytes]","args":[{"selector":{"id":"application-managepricingrules-display-component---newInfoPriceItem--calcBase-arrow"},"wdio_ui5_key":"applicationmanagepricingrules-display-component---newInfoPriceItem--calcBase-arrow"}]}
RESULT: undefined
COMMAND: POST /session/54b51d12ae76246c47a9cfd9839bf688/element - {"using":"xpath","value":"//*[@id=\"application-managepricingrules-display-component---newInfoPriceItem--calcBase-arrow\"]"}
RESULT: {}
RESULT: {"using":"xpath","value":"//*[@id=\"application-managepricingrules-display-component---newInfoPriceItem--calcBase-arrow\"]"}
COMMAND: POST /session/54b51d12ae76246c47a9cfd9839bf688/element/f.C3AA7480AC9969AD6A76FCDF8BFD3774.d.0E67E91F6A5BD5925574AC81D9D54685.e.5302/click - {}
RESULT: {}
COMMAND: GET /session/54b51d12ae76246c47a9cfd9839bf688/screenshot - {}
RESULT: {}
COMMAND: POST /session/54b51d12ae76246c47a9cfd9839bf688/element - {"using":"xpath","value":"//span[contains(text(), \"0006 - TB(calendar days)\")]"}
RESULT: {"using":"xpath","value":"//span[contains(text(), \"0006 - TB(calendar days)\")]"}
COMMAND: POST /session/54b51d12ae76246c47a9cfd9839bf688/element/f.C3AA7480AC9969AD6A76FCDF8BFD3774.d.0E67E91F6A5BD5925574AC81D9D54685.e.5332/click - {}
RESULT: {}
COMMAND: GET /session/54b51d12ae76246c47a9cfd9839bf688/screenshot - {}
RESULT: {}
COMMAND: POST /session/54b51d12ae76246c47a9cfd9839bf688/execute/async - {"script":"<script> [1562 bytes]","args":[{"selector":{"id":"application-managepricingrules-display-component---newInfoPriceItem--daysMonth","interaction":{"idSuffix":"inner"}},"wdio_ui5_key":"applicationmanagepricingrules-display-component---newInfoPriceItem--daysMonth"}]}
RESULT: {"script":"<script> [1562 bytes]","args":[{"selector":{"id":"application-managepricingrules-display-component---newInfoPriceItem--daysMonth","interaction":{"idSuffix":"inner"}},"wdio_ui5_key":"applicationmanagepricingrules-display-component---newInfoPriceItem--daysMonth"}]}
RESULT: undefined
COMMAND: POST /session/54b51d12ae76246c47a9cfd9839bf688/execute/async - {"script":"<script> [776 bytes]","args":[{"enterText":"30","selector":{"id":"application-managepricingrules-display-component---newInfoPriceItem--daysMonth","interaction":{"idSuffix":"inner"}},"clearTextFirst":true,"interactionType":"ENTER_TEXT"}]}
RESULT: {"script":"<script> [776 bytes]","args":[{"enterText":"30","selector":{"id":"application-managepricingrules-display-component---newInfoPriceItem--daysMonth","interaction":{"idSuffix":"inner"}},"clearTextFirst":true,"interactionType":"ENTER_TEXT"}]}
COMMAND: POST /session/54b51d12ae76246c47a9cfd9839bf688/element - {"using":"xpath","value":"//button[@data-kt=\"saveNewRuleButton\"]"}
RESULT: {"using":"xpath","value":"//button[@data-kt=\"saveNewRuleButton\"]"}
COMMAND: POST /session/54b51d12ae76246c47a9cfd9839bf688/element/f.C3AA7480AC9969AD6A76FCDF8BFD3774.d.0E67E91F6A5BD5925574AC81D9D54685.e.5322/click - {}
RESULT: {}
COMMAND: GET /session/54b51d12ae76246c47a9cfd9839bf688/screenshot - {}
RESULT: {}
COMMAND: POST /session/54b51d12ae76246c47a9cfd9839bf688/execute/async - {"script":"<script> [1562 bytes]","args":[{"selector":{"id":"application-managepricingrules-display-component---priceInfoItem--smartFilterBar-btnBasicSearch","interaction":{"idSuffix":"I"}},"wdio_ui5_key":"applicationmanagepricingrules-display-component---priceInfoItem--smartFilterBar-btnBasicSearch"}]}
RESULT: {"script":"<script> [1562 bytes]","args":[{"selector":{"id":"application-managepricingrules-display-component---priceInfoItem--smartFilterBar-btnBasicSearch","interaction":{"idSuffix":"I"}},"wdio_ui5_key":"applicationmanagepricingrules-display-component---priceInfoItem--smartFilterBar-btnBasicSearch"}]}
RESULT: undefined
COMMAND: POST /session/54b51d12ae76246c47a9cfd9839bf688/execute/async - {"script":"<script> [776 bytes]","args":[{"enterText":"WJ5yVm94YU","selector":{"id":"application-managepricingrules-display-component---priceInfoItem--smartFilterBar-btnBasicSearch","interaction":{"idSuffix":"I"}},"clearTextFirst":true,"interactionType":"ENTER_TEXT"}]}
RESULT: {"script":"<script> [776 bytes]","args":[{"enterText":"WJ5yVm94YU","selector":{"id":"application-managepricingrules-display-component---priceInfoItem--smartFilterBar-btnBasicSearch","interaction":{"idSuffix":"I"}},"clearTextFirst":true,"interactionType":"ENTER_TEXT"}]}
COMMAND: POST /session/54b51d12ae76246c47a9cfd9839bf688/actions - {"actions":[{"id":"action12","type":"key","parameters":{},"actions":[{"type":"keyDown","value":"î€‡"},{"type":"pause","duration":10},{"type":"keyUp","value":"î€‡"}]}]}
RESULT: {"actions":[{"id":"action12","type":"key","parameters":{},"actions":[{"type":"keyDown","value":"î€‡"},{"type":"pause","duration":10},{"type":"keyUp","value":"î€‡"}]}]}
COMMAND: GET /session/54b51d12ae76246c47a9cfd9839bf688/screenshot - {}
RESULT: {}
COMMAND: POST /session/54b51d12ae76246c47a9cfd9839bf688/element - {"using":"xpath","value":"//span[@id=\"application-managepricingrules-display-component---priceInfoItem--smartTable-header-inner\"]"}
RESULT: {"using":"xpath","value":"//span[@id=\"application-managepricingrules-display-component---priceInfoItem--smartTable-header-inner\"]"}
COMMAND: POST /session/54b51d12ae76246c47a9cfd9839bf688/elements - {"using":"xpath","value":"//span[@id=\"application-managepricingrules-display-component---priceInfoItem--smartTable-header-inner\"]"}
RESULT: {"using":"xpath","value":"//span[@id=\"application-managepricingrules-display-component---priceInfoItem--smartTable-header-inner\"]"}
COMMAND: POST /session/54b51d12ae76246c47a9cfd9839bf688/execute/sync - {"script":"<script> [56 bytes]","args":[{"element-6066-11e4-a52e-4f735466cecf":"f.C3AA7480AC9969AD6A76FCDF8BFD3774.d.0E67E91F6A5BD5925574AC81D9D54685.e.5346","ELEMENT":"f.C3AA7480AC9969AD6A76FCDF8BFD3774.d.0E67E91F6A5BD5925574AC81D9D54685.e.5346"}]}
RESULT: {"script":"<script> [56 bytes]","args":[{"element-6066-11e4-a52e-4f735466cecf":"f.C3AA7480AC9969AD6A76FCDF8BFD3774.d.0E67E91F6A5BD5925574AC81D9D54685.e.5346","ELEMENT":"f.C3AA7480AC9969AD6A76FCDF8BFD3774.d.0E67E91F6A5BD5925574AC81D9D54685.e.5346"}]}
COMMAND: POST /session/54b51d12ae76246c47a9cfd9839bf688/element - {"using":"css selector","value":"#shell-header-logo"}
COMMAND: GET /session/54b51d12ae76246c47a9cfd9839bf688/screenshot - {}
RESULT: {"using":"css selector","value":"#shell-header-logo"}
COMMAND: POST /session/54b51d12ae76246c47a9cfd9839bf688/element/f.C3AA7480AC9969AD6A76FCDF8BFD3774.d.0E67E91F6A5BD5925574AC81D9D54685.e.4462/click - {}
RESULT: {}
RESULT: {}
COMMAND: GET /session/54b51d12ae76246c47a9cfd9839bf688/screenshot - {}
RESULT: {}
]]></system-out>
    </testcase>
    <testcase classname="chrome.136_0_7103_93.windows.Billing_Transfer_-_Master_data_&amp;_Intercompany_US127250" name="Should create new condition for equipment TB" time="70.46">
      <system-out><![CDATA[
COMMAND: POST /session/54b51d12ae76246c47a9cfd9839bf688/execute/async - {"script":"<script> [1562 bytes]","args":[{"selector":{"controlType":"sap.m.GenericTile","properties":{"header":"Manage Conditions & Prices"}},"wdio_ui5_key":"sapm.GenericTile{\"header\":\"Manage Conditions & Prices\"}"}]}
RESULT: {"script":"<script> [1562 bytes]","args":[{"selector":{"controlType":"sap.m.GenericTile","properties":{"header":"Manage Conditions & Prices"}},"wdio_ui5_key":"sapm.GenericTile{\"header\":\"Manage Conditions & Prices\"}"}]}
RESULT: undefined
COMMAND: POST /session/54b51d12ae76246c47a9cfd9839bf688/element - {"using":"xpath","value":"//*[@id=\"__tile53\"]"}
RESULT: {"using":"xpath","value":"//*[@id=\"__tile53\"]"}
COMMAND: POST /session/54b51d12ae76246c47a9cfd9839bf688/element/f.C3AA7480AC9969AD6A76FCDF8BFD3774.d.0E67E91F6A5BD5925574AC81D9D54685.e.2156/click - {}
RESULT: {}
COMMAND: GET /session/54b51d12ae76246c47a9cfd9839bf688/screenshot - {}
RESULT: {}
COMMAND: POST /session/54b51d12ae76246c47a9cfd9839bf688/elements - {"using":"xpath","value":"//span[text()='Error']"}
RESULT: {"using":"xpath","value":"//span[text()='Error']"}
COMMAND: POST /session/54b51d12ae76246c47a9cfd9839bf688/element - {"using":"xpath","value":"//button[@aria-label=\"Create\"]"}
RESULT: {"using":"xpath","value":"//button[@aria-label=\"Create\"]"}
COMMAND: POST /session/54b51d12ae76246c47a9cfd9839bf688/elements - {"using":"xpath","value":"//button[@aria-label=\"Create\"]"}
RESULT: {"using":"xpath","value":"//button[@aria-label=\"Create\"]"}
COMMAND: POST /session/54b51d12ae76246c47a9cfd9839bf688/execute/sync - {"script":"<script> [8489 bytes]","args":[{"element-6066-11e4-a52e-4f735466cecf":"f.C3AA7480AC9969AD6A76FCDF8BFD3774.d.0E67E91F6A5BD5925574AC81D9D54685.e.5382","ELEMENT":"f.C3AA7480AC9969AD6A76FCDF8BFD3774.d.0E67E91F6A5BD5925574AC81D9D54685.e.5382"}]}
RESULT: {"script":"<script> [8489 bytes]","args":[{"element-6066-11e4-a52e-4f735466cecf":"f.C3AA7480AC9969AD6A76FCDF8BFD3774.d.0E67E91F6A5BD5925574AC81D9D54685.e.5382","ELEMENT":"f.C3AA7480AC9969AD6A76FCDF8BFD3774.d.0E67E91F6A5BD5925574AC81D9D54685.e.5382"}]}
COMMAND: GET /session/54b51d12ae76246c47a9cfd9839bf688/element/f.C3AA7480AC9969AD6A76FCDF8BFD3774.d.0E67E91F6A5BD5925574AC81D9D54685.e.5382/enabled - {}
COMMAND: GET /session/54b51d12ae76246c47a9cfd9839bf688/screenshot - {}
RESULT: {}
COMMAND: POST /session/54b51d12ae76246c47a9cfd9839bf688/execute/sync - {"script":"<script> [8489 bytes]","args":[{"element-6066-11e4-a52e-4f735466cecf":"f.C3AA7480AC9969AD6A76FCDF8BFD3774.d.0E67E91F6A5BD5925574AC81D9D54685.e.5382","ELEMENT":"f.C3AA7480AC9969AD6A76FCDF8BFD3774.d.0E67E91F6A5BD5925574AC81D9D54685.e.5382"}]}
COMMAND: GET /session/54b51d12ae76246c47a9cfd9839bf688/screenshot - {}
RESULT: {}
RESULT: {"script":"<script> [8489 bytes]","args":[{"element-6066-11e4-a52e-4f735466cecf":"f.C3AA7480AC9969AD6A76FCDF8BFD3774.d.0E67E91F6A5BD5925574AC81D9D54685.e.5382","ELEMENT":"f.C3AA7480AC9969AD6A76FCDF8BFD3774.d.0E67E91F6A5BD5925574AC81D9D54685.e.5382"}]}
COMMAND: POST /session/54b51d12ae76246c47a9cfd9839bf688/execute/sync - {"script":"<script> [5351 bytes]","args":[{"element-6066-11e4-a52e-4f735466cecf":"f.C3AA7480AC9969AD6A76FCDF8BFD3774.d.0E67E91F6A5BD5925574AC81D9D54685.e.5382","ELEMENT":"f.C3AA7480AC9969AD6A76FCDF8BFD3774.d.0E67E91F6A5BD5925574AC81D9D54685.e.5382"}]}
COMMAND: GET /session/54b51d12ae76246c47a9cfd9839bf688/screenshot - {}
RESULT: {}
RESULT: {"script":"<script> [5351 bytes]","args":[{"element-6066-11e4-a52e-4f735466cecf":"f.C3AA7480AC9969AD6A76FCDF8BFD3774.d.0E67E91F6A5BD5925574AC81D9D54685.e.5382","ELEMENT":"f.C3AA7480AC9969AD6A76FCDF8BFD3774.d.0E67E91F6A5BD5925574AC81D9D54685.e.5382"}]}
COMMAND: POST /session/54b51d12ae76246c47a9cfd9839bf688/element/f.C3AA7480AC9969AD6A76FCDF8BFD3774.d.0E67E91F6A5BD5925574AC81D9D54685.e.5382/click - {}
COMMAND: GET /session/54b51d12ae76246c47a9cfd9839bf688/screenshot - {}
RESULT: {}
RESULT: {}
COMMAND: GET /session/54b51d12ae76246c47a9cfd9839bf688/screenshot - {}
RESULT: {}
RESULT: {}
COMMAND: POST /session/54b51d12ae76246c47a9cfd9839bf688/actions - {"actions":[{"id":"action13","type":"key","parameters":{},"actions":[{"type":"keyDown","value":"î€‡"},{"type":"pause","duration":10},{"type":"keyUp","value":"î€‡"}]}]}
RESULT: {"actions":[{"id":"action13","type":"key","parameters":{},"actions":[{"type":"keyDown","value":"î€‡"},{"type":"pause","duration":10},{"type":"keyUp","value":"î€‡"}]}]}
COMMAND: GET /session/54b51d12ae76246c47a9cfd9839bf688/screenshot - {}
RESULT: {}
COMMAND: POST /session/54b51d12ae76246c47a9cfd9839bf688/execute/async - {"script":"<script> [1562 bytes]","args":[{"selector":{"id":"application-manageconditionprice-display-component---newCondition--condBillCond-arrow"},"wdio_ui5_key":"applicationmanageconditionprice-display-component---newCondition--condBillCond-arrow"}]}
RESULT: {"script":"<script> [1562 bytes]","args":[{"selector":{"id":"application-manageconditionprice-display-component---newCondition--condBillCond-arrow"},"wdio_ui5_key":"applicationmanageconditionprice-display-component---newCondition--condBillCond-arrow"}]}
RESULT: undefined
COMMAND: POST /session/54b51d12ae76246c47a9cfd9839bf688/element - {"using":"xpath","value":"//*[@id=\"application-manageconditionprice-display-component---newCondition--condBillCond-arrow\"]"}
RESULT: {"using":"xpath","value":"//*[@id=\"application-manageconditionprice-display-component---newCondition--condBillCond-arrow\"]"}
COMMAND: POST /session/54b51d12ae76246c47a9cfd9839bf688/element/f.C3AA7480AC9969AD6A76FCDF8BFD3774.d.0E67E91F6A5BD5925574AC81D9D54685.e.5561/click - {}
RESULT: {}
COMMAND: GET /session/54b51d12ae76246c47a9cfd9839bf688/screenshot - {}
RESULT: {}
COMMAND: POST /session/54b51d12ae76246c47a9cfd9839bf688/element - {"using":"xpath","value":"//li[.//span[contains(text(), \"DISP - D&I special price\")]]"}
RESULT: {"using":"xpath","value":"//li[.//span[contains(text(), \"DISP - D&I special price\")]]"}
COMMAND: POST /session/54b51d12ae76246c47a9cfd9839bf688/element/f.C3AA7480AC9969AD6A76FCDF8BFD3774.d.0E67E91F6A5BD5925574AC81D9D54685.e.5564/click - {}
RESULT: {}
COMMAND: GET /session/54b51d12ae76246c47a9cfd9839bf688/screenshot - {}
RESULT: {}
COMMAND: POST /session/54b51d12ae76246c47a9cfd9839bf688/execute/async - {"script":"<script> [1562 bytes]","args":[{"selector":{"id":"application-manageconditionprice-display-component---newCondition--condValidTo","interaction":{"idSuffix":"inner"}},"wdio_ui5_key":"applicationmanageconditionprice-display-component---newCondition--condValidTo"}]}
RESULT: {"script":"<script> [1562 bytes]","args":[{"selector":{"id":"application-manageconditionprice-display-component---newCondition--condValidTo","interaction":{"idSuffix":"inner"}},"wdio_ui5_key":"applicationmanageconditionprice-display-component---newCondition--condValidTo"}]}
RESULT: undefined
COMMAND: POST /session/54b51d12ae76246c47a9cfd9839bf688/execute/async - {"script":"<script> [776 bytes]","args":[{"enterText":"2/2/26","selector":{"id":"application-manageconditionprice-display-component---newCondition--condValidTo","interaction":{"idSuffix":"inner"}},"clearTextFirst":true,"interactionType":"ENTER_TEXT"}]}
RESULT: {"script":"<script> [776 bytes]","args":[{"enterText":"2/2/26","selector":{"id":"application-manageconditionprice-display-component---newCondition--condValidTo","interaction":{"idSuffix":"inner"}},"clearTextFirst":true,"interactionType":"ENTER_TEXT"}]}
COMMAND: POST /session/54b51d12ae76246c47a9cfd9839bf688/element - {"using":"xpath","value":"//input[@id=\"application-manageconditionprice-display-component---newCondition--condRU-inner\"]"}
RESULT: {"using":"xpath","value":"//input[@id=\"application-manageconditionprice-display-component---newCondition--condRU-inner\"]"}
COMMAND: POST /session/54b51d12ae76246c47a9cfd9839bf688/element/f.C3AA7480AC9969AD6A76FCDF8BFD3774.d.0E67E91F6A5BD5925574AC81D9D54685.e.5426/clear - {}
RESULT: {}
COMMAND: POST /session/54b51d12ae76246c47a9cfd9839bf688/element/f.C3AA7480AC9969AD6A76FCDF8BFD3774.d.0E67E91F6A5BD5925574AC81D9D54685.e.5426/value - {"text":"WJ5yVm94YU"}
COMMAND: GET /session/54b51d12ae76246c47a9cfd9839bf688/screenshot - {}
RESULT: {"text":"WJ5yVm94YU"}
COMMAND: GET /session/54b51d12ae76246c47a9cfd9839bf688/screenshot - {}
RESULT: {}
RESULT: {}
COMMAND: POST /session/54b51d12ae76246c47a9cfd9839bf688/actions - {"actions":[{"id":"action14","type":"key","parameters":{},"actions":[{"type":"keyDown","value":"î€‡"},{"type":"pause","duration":10},{"type":"keyUp","value":"î€‡"}]}]}
RESULT: {"actions":[{"id":"action14","type":"key","parameters":{},"actions":[{"type":"keyDown","value":"î€‡"},{"type":"pause","duration":10},{"type":"keyUp","value":"î€‡"}]}]}
COMMAND: POST /session/54b51d12ae76246c47a9cfd9839bf688/execute/async - {"script":"<script> [1562 bytes]","args":[{"selector":{"id":"application-manageconditionprice-display-component---newCondition--condBaseQty","interaction":{"idSuffix":"inner"}},"wdio_ui5_key":"applicationmanageconditionprice-display-component---newCondition--condBaseQty"}]}
COMMAND: GET /session/54b51d12ae76246c47a9cfd9839bf688/screenshot - {}
RESULT: {"script":"<script> [1562 bytes]","args":[{"selector":{"id":"application-manageconditionprice-display-component---newCondition--condBaseQty","interaction":{"idSuffix":"inner"}},"wdio_ui5_key":"applicationmanageconditionprice-display-component---newCondition--condBaseQty"}]}
RESULT: undefined
COMMAND: POST /session/54b51d12ae76246c47a9cfd9839bf688/execute/async - {"script":"<script> [776 bytes]","args":[{"enterText":"1","selector":{"id":"application-manageconditionprice-display-component---newCondition--condBaseQty","interaction":{"idSuffix":"inner"}},"clearTextFirst":true,"interactionType":"ENTER_TEXT"}]}
RESULT: {}
RESULT: {"script":"<script> [776 bytes]","args":[{"enterText":"1","selector":{"id":"application-manageconditionprice-display-component---newCondition--condBaseQty","interaction":{"idSuffix":"inner"}},"clearTextFirst":true,"interactionType":"ENTER_TEXT"}]}
COMMAND: POST /session/54b51d12ae76246c47a9cfd9839bf688/execute/async - {"script":"<script> [1562 bytes]","args":[{"selector":{"id":"application-manageconditionprice-display-component---newCondition--condValue","interaction":{"idSuffix":"inner"}},"wdio_ui5_key":"applicationmanageconditionprice-display-component---newCondition--condValue"}]}
RESULT: {"script":"<script> [1562 bytes]","args":[{"selector":{"id":"application-manageconditionprice-display-component---newCondition--condValue","interaction":{"idSuffix":"inner"}},"wdio_ui5_key":"applicationmanageconditionprice-display-component---newCondition--condValue"}]}
RESULT: undefined
COMMAND: POST /session/54b51d12ae76246c47a9cfd9839bf688/execute/async - {"script":"<script> [776 bytes]","args":[{"enterText":"100","selector":{"id":"application-manageconditionprice-display-component---newCondition--condValue","interaction":{"idSuffix":"inner"}},"clearTextFirst":true,"interactionType":"ENTER_TEXT"}]}
RESULT: {"script":"<script> [776 bytes]","args":[{"enterText":"100","selector":{"id":"application-manageconditionprice-display-component---newCondition--condValue","interaction":{"idSuffix":"inner"}},"clearTextFirst":true,"interactionType":"ENTER_TEXT"}]}
COMMAND: POST /session/54b51d12ae76246c47a9cfd9839bf688/execute/async - {"script":"<script> [1562 bytes]","args":[{"selector":{"id":"application-manageconditionprice-display-component---newCondition--condCurr-arrow"},"wdio_ui5_key":"applicationmanageconditionprice-display-component---newCondition--condCurr-arrow"}]}
RESULT: {"script":"<script> [1562 bytes]","args":[{"selector":{"id":"application-manageconditionprice-display-component---newCondition--condCurr-arrow"},"wdio_ui5_key":"applicationmanageconditionprice-display-component---newCondition--condCurr-arrow"}]}
RESULT: undefined
COMMAND: POST /session/54b51d12ae76246c47a9cfd9839bf688/element - {"using":"xpath","value":"//*[@id=\"application-manageconditionprice-display-component---newCondition--condCurr-arrow\"]"}
RESULT: {"using":"xpath","value":"//*[@id=\"application-manageconditionprice-display-component---newCondition--condCurr-arrow\"]"}
COMMAND: POST /session/54b51d12ae76246c47a9cfd9839bf688/element/f.C3AA7480AC9969AD6A76FCDF8BFD3774.d.0E67E91F6A5BD5925574AC81D9D54685.e.5518/click - {}
RESULT: {}
COMMAND: POST /session/54b51d12ae76246c47a9cfd9839bf688/element - {"using":"xpath","value":"//span[contains(text(), \"Euro\")]"}
COMMAND: GET /session/54b51d12ae76246c47a9cfd9839bf688/screenshot - {}
RESULT: {"using":"xpath","value":"//span[contains(text(), \"Euro\")]"}
COMMAND: POST /session/54b51d12ae76246c47a9cfd9839bf688/element/f.C3AA7480AC9969AD6A76FCDF8BFD3774.d.0E67E91F6A5BD5925574AC81D9D54685.e.5601/click - {}
RESULT: {}
RESULT: {}
COMMAND: POST /session/54b51d12ae76246c47a9cfd9839bf688/element - {"using":"xpath","value":"//button[@data-kt=\"saveButton\"]"}
COMMAND: GET /session/54b51d12ae76246c47a9cfd9839bf688/screenshot - {}
RESULT: {"using":"xpath","value":"//button[@data-kt=\"saveButton\"]"}
COMMAND: POST /session/54b51d12ae76246c47a9cfd9839bf688/element/f.C3AA7480AC9969AD6A76FCDF8BFD3774.d.0E67E91F6A5BD5925574AC81D9D54685.e.5519/click - {}
RESULT: {}
RESULT: {}
COMMAND: GET /session/54b51d12ae76246c47a9cfd9839bf688/screenshot - {}
RESULT: {}
COMMAND: POST /session/54b51d12ae76246c47a9cfd9839bf688/execute/async - {"script":"<script> [1562 bytes]","args":[{"selector":{"id":"application-manageconditionprice-display-component---conditions--smartFilterBar-btnBasicSearch","interaction":{"idSuffix":"I"}},"wdio_ui5_key":"applicationmanageconditionprice-display-component---conditions--smartFilterBar-btnBasicSearch"}]}
RESULT: {"script":"<script> [1562 bytes]","args":[{"selector":{"id":"application-manageconditionprice-display-component---conditions--smartFilterBar-btnBasicSearch","interaction":{"idSuffix":"I"}},"wdio_ui5_key":"applicationmanageconditionprice-display-component---conditions--smartFilterBar-btnBasicSearch"}]}
RESULT: undefined
COMMAND: POST /session/54b51d12ae76246c47a9cfd9839bf688/execute/async - {"script":"<script> [776 bytes]","args":[{"enterText":"WJ5yVm94YU","selector":{"id":"application-manageconditionprice-display-component---conditions--smartFilterBar-btnBasicSearch","interaction":{"idSuffix":"I"}},"clearTextFirst":true,"interactionType":"ENTER_TEXT"}]}
RESULT: {"script":"<script> [776 bytes]","args":[{"enterText":"WJ5yVm94YU","selector":{"id":"application-manageconditionprice-display-component---conditions--smartFilterBar-btnBasicSearch","interaction":{"idSuffix":"I"}},"clearTextFirst":true,"interactionType":"ENTER_TEXT"}]}
COMMAND: POST /session/54b51d12ae76246c47a9cfd9839bf688/actions - {"actions":[{"id":"action15","type":"key","parameters":{},"actions":[{"type":"keyDown","value":"î€‡"},{"type":"pause","duration":10},{"type":"keyUp","value":"î€‡"}]}]}
RESULT: {"actions":[{"id":"action15","type":"key","parameters":{},"actions":[{"type":"keyDown","value":"î€‡"},{"type":"pause","duration":10},{"type":"keyUp","value":"î€‡"}]}]}
COMMAND: GET /session/54b51d12ae76246c47a9cfd9839bf688/screenshot - {}
RESULT: {}
COMMAND: POST /session/54b51d12ae76246c47a9cfd9839bf688/execute/async - {"script":"<script> [1562 bytes]","args":[{"selector":{"id":"application-manageconditionprice-display-component---conditions--smartFilterBar-filterItemControl_BASIC-BILL_TYPES-vhi"},"wdio_ui5_key":"applicationmanageconditionprice-display-component---conditions--smartFilterBar-filterItemControl_BASIC-BILL_TYPES-vhi"}]}
RESULT: {"script":"<script> [1562 bytes]","args":[{"selector":{"id":"application-manageconditionprice-display-component---conditions--smartFilterBar-filterItemControl_BASIC-BILL_TYPES-vhi"},"wdio_ui5_key":"applicationmanageconditionprice-display-component---conditions--smartFilterBar-filterItemControl_BASIC-BILL_TYPES-vhi"}]}
RESULT: undefined
COMMAND: POST /session/54b51d12ae76246c47a9cfd9839bf688/element - {"using":"xpath","value":"//*[@id=\"application-manageconditionprice-display-component---conditions--smartFilterBar-filterItemControl_BASIC-BILL_TYPES-vhi\"]"}
RESULT: {"using":"xpath","value":"//*[@id=\"application-manageconditionprice-display-component---conditions--smartFilterBar-filterItemControl_BASIC-BILL_TYPES-vhi\"]"}
COMMAND: POST /session/54b51d12ae76246c47a9cfd9839bf688/element/f.C3AA7480AC9969AD6A76FCDF8BFD3774.d.0E67E91F6A5BD5925574AC81D9D54685.e.5618/click - {}
RESULT: {}
COMMAND: POST /session/54b51d12ae76246c47a9cfd9839bf688/execute/async - {"script":"<script> [1562 bytes]","args":[{"selector":{"id":"application-manageconditionprice-display-component---conditions--smartFilterBar-filterItemControl_BASIC-BILL_TYPES-valueHelpDialog-smartFilterBar-btnBasicSearch","searchOpenDialogs":true,"interaction":{"idSuffix":"I"}},"wdio_ui5_key":"applicationmanageconditionprice-display-component---conditions--smartFilterBar-filterItemControl_BASIC-BILL_TYPES-valueHelpDialog-smartFilterBar-btnBasicSearch"}]}
COMMAND: GET /session/54b51d12ae76246c47a9cfd9839bf688/screenshot - {}
RESULT: {"script":"<script> [1562 bytes]","args":[{"selector":{"id":"application-manageconditionprice-display-component---conditions--smartFilterBar-filterItemControl_BASIC-BILL_TYPES-valueHelpDialog-smartFilterBar-btnBasicSearch","searchOpenDialogs":true,"interaction":{"idSuffix":"I"}},"wdio_ui5_key":"applicationmanageconditionprice-display-component---conditions--smartFilterBar-filterItemControl_BASIC-BILL_TYPES-valueHelpDialog-smartFilterBar-btnBasicSearch"}]}
RESULT: undefined
COMMAND: POST /session/54b51d12ae76246c47a9cfd9839bf688/execute/async - {"script":"<script> [776 bytes]","args":[{"enterText":"TB","selector":{"id":"application-manageconditionprice-display-component---conditions--smartFilterBar-filterItemControl_BASIC-BILL_TYPES-valueHelpDialog-smartFilterBar-btnBasicSearch","searchOpenDialogs":true,"interaction":{"idSuffix":"I"}},"clearTextFirst":true,"interactionType":"ENTER_TEXT"}]}
RESULT: {}
RESULT: {"script":"<script> [776 bytes]","args":[{"enterText":"TB","selector":{"id":"application-manageconditionprice-display-component---conditions--smartFilterBar-filterItemControl_BASIC-BILL_TYPES-valueHelpDialog-smartFilterBar-btnBasicSearch","searchOpenDialogs":true,"interaction":{"idSuffix":"I"}},"clearTextFirst":true,"interactionType":"ENTER_TEXT"}]}
COMMAND: POST /session/54b51d12ae76246c47a9cfd9839bf688/actions - {"actions":[{"id":"action16","type":"key","parameters":{},"actions":[{"type":"keyDown","value":"î€‡"},{"type":"pause","duration":10},{"type":"keyUp","value":"î€‡"}]}]}
RESULT: {"actions":[{"id":"action16","type":"key","parameters":{},"actions":[{"type":"keyDown","value":"î€‡"},{"type":"pause","duration":10},{"type":"keyUp","value":"î€‡"}]}]}
COMMAND: GET /session/54b51d12ae76246c47a9cfd9839bf688/screenshot - {}
RESULT: {}
COMMAND: POST /session/54b51d12ae76246c47a9cfd9839bf688/element - {"using":"xpath","value":"//div[contains(@id, 'application-manageconditionprice-display-component---conditions--smartFilterBar-filterItemControl_BASIC-BILL_TYPES-valueHelpDialog-table-rowsel0')]"}
RESULT: {"using":"xpath","value":"//div[contains(@id, 'application-manageconditionprice-display-component---conditions--smartFilterBar-filterItemControl_BASIC-BILL_TYPES-valueHelpDialog-table-rowsel0')]"}
COMMAND: POST /session/54b51d12ae76246c47a9cfd9839bf688/element/f.C3AA7480AC9969AD6A76FCDF8BFD3774.d.0E67E91F6A5BD5925574AC81D9D54685.e.5627/click - {}
RESULT: {}
COMMAND: GET /session/54b51d12ae76246c47a9cfd9839bf688/screenshot - {}
RESULT: {}
COMMAND: POST /session/54b51d12ae76246c47a9cfd9839bf688/element - {"using":"xpath","value":"//bdi[contains(text(), \"OK\")]"}
RESULT: {"using":"xpath","value":"//bdi[contains(text(), \"OK\")]"}
COMMAND: POST /session/54b51d12ae76246c47a9cfd9839bf688/element/f.C3AA7480AC9969AD6A76FCDF8BFD3774.d.0E67E91F6A5BD5925574AC81D9D54685.e.5629/click - {}
RESULT: {}
COMMAND: GET /session/54b51d12ae76246c47a9cfd9839bf688/screenshot - {}
RESULT: {}
COMMAND: POST /session/54b51d12ae76246c47a9cfd9839bf688/element - {"using":"xpath","value":"//span[@id=\"application-manageconditionprice-display-component---conditions--smartTable-header-inner\"]"}
RESULT: {"using":"xpath","value":"//span[@id=\"application-manageconditionprice-display-component---conditions--smartTable-header-inner\"]"}
COMMAND: POST /session/54b51d12ae76246c47a9cfd9839bf688/elements - {"using":"xpath","value":"//span[@id=\"application-manageconditionprice-display-component---conditions--smartTable-header-inner\"]"}
RESULT: {"using":"xpath","value":"//span[@id=\"application-manageconditionprice-display-component---conditions--smartTable-header-inner\"]"}
COMMAND: POST /session/54b51d12ae76246c47a9cfd9839bf688/execute/sync - {"script":"<script> [56 bytes]","args":[{"element-6066-11e4-a52e-4f735466cecf":"f.C3AA7480AC9969AD6A76FCDF8BFD3774.d.0E67E91F6A5BD5925574AC81D9D54685.e.5632","ELEMENT":"f.C3AA7480AC9969AD6A76FCDF8BFD3774.d.0E67E91F6A5BD5925574AC81D9D54685.e.5632"}]}
RESULT: {"script":"<script> [56 bytes]","args":[{"element-6066-11e4-a52e-4f735466cecf":"f.C3AA7480AC9969AD6A76FCDF8BFD3774.d.0E67E91F6A5BD5925574AC81D9D54685.e.5632","ELEMENT":"f.C3AA7480AC9969AD6A76FCDF8BFD3774.d.0E67E91F6A5BD5925574AC81D9D54685.e.5632"}]}
COMMAND: POST /session/54b51d12ae76246c47a9cfd9839bf688/element - {"using":"css selector","value":"#shell-header-logo"}
COMMAND: GET /session/54b51d12ae76246c47a9cfd9839bf688/screenshot - {}
RESULT: {"using":"css selector","value":"#shell-header-logo"}
COMMAND: POST /session/54b51d12ae76246c47a9cfd9839bf688/element/f.C3AA7480AC9969AD6A76FCDF8BFD3774.d.0E67E91F6A5BD5925574AC81D9D54685.e.5350/click - {}
RESULT: {}
RESULT: {}
COMMAND: GET /session/54b51d12ae76246c47a9cfd9839bf688/screenshot - {}
RESULT: {}
]]></system-out>
    </testcase>
  </testsuite>
  <testsuite timestamp="2025-06-02T17:42:18" time="1083.969" tests="12" failures="6" errors="6" skipped="0">
    <properties>
      <property name="specId" value="0" />
      <property name="suiteName" value="Billing Transfer - Intracompany US127249" />
      <property name="capabilities" value="chrome.136_0_7103_93.windows" />
      <property name="file" value="file:///D:/a/1/s/test/specs/BTS/billing-transfer-intracompany.spec.js" />
    </properties>
    <testcase classname="chrome.136_0_7103_93.windows.Billing_Transfer_-_Intracompany_US127249" name="Should create a new yard" time="118.986">
      <system-out><![CDATA[
COMMAND: POST /session/54b51d12ae76246c47a9cfd9839bf688/window/fullscreen - {}
RESULT: {}
COMMAND: POST /session/54b51d12ae76246c47a9cfd9839bf688/execute/async - {"script":"<script> [1562 bytes]","args":[{"selector":{"controlType":"sap.m.GenericTile","properties":{"header":"Manage Yards"}},"wdio_ui5_key":"sapm.GenericTile{\"header\":\"Manage Yards\"}"}]}
RESULT: {"script":"<script> [1562 bytes]","args":[{"selector":{"controlType":"sap.m.GenericTile","properties":{"header":"Manage Yards"}},"wdio_ui5_key":"sapm.GenericTile{\"header\":\"Manage Yards\"}"}]}
RESULT: undefined
COMMAND: POST /session/54b51d12ae76246c47a9cfd9839bf688/element - {"using":"xpath","value":"//*[@id=\"__tile41\"]"}
RESULT: {"using":"xpath","value":"//*[@id=\"__tile41\"]"}
COMMAND: POST /session/54b51d12ae76246c47a9cfd9839bf688/element/f.C3AA7480AC9969AD6A76FCDF8BFD3774.d.70D0EDBE0F008BC2C33A798CC752B512.e.6200/click - {}
RESULT: {}
COMMAND: GET /session/54b51d12ae76246c47a9cfd9839bf688/screenshot - {}
RESULT: {}
COMMAND: POST /session/54b51d12ae76246c47a9cfd9839bf688/elements - {"using":"xpath","value":"//span[text()='Error']"}
RESULT: {"using":"xpath","value":"//span[text()='Error']"}
COMMAND: POST /session/54b51d12ae76246c47a9cfd9839bf688/element - {"using":"xpath","value":"//button[@data-kt=\"addNewYardOverflowToolbarButton\"]"}
RESULT: {"using":"xpath","value":"//button[@data-kt=\"addNewYardOverflowToolbarButton\"]"}
COMMAND: POST /session/54b51d12ae76246c47a9cfd9839bf688/elements - {"using":"xpath","value":"//button[@data-kt=\"addNewYardOverflowToolbarButton\"]"}
RESULT: {"using":"xpath","value":"//button[@data-kt=\"addNewYardOverflowToolbarButton\"]"}
COMMAND: POST /session/54b51d12ae76246c47a9cfd9839bf688/elements - {"using":"xpath","value":"//button[@data-kt=\"addNewYardOverflowToolbarButton\"]"}
RESULT: {"using":"xpath","value":"//button[@data-kt=\"addNewYardOverflowToolbarButton\"]"}
COMMAND: POST /session/54b51d12ae76246c47a9cfd9839bf688/elements - {"using":"xpath","value":"//button[@data-kt=\"addNewYardOverflowToolbarButton\"]"}
RESULT: {"using":"xpath","value":"//button[@data-kt=\"addNewYardOverflowToolbarButton\"]"}
COMMAND: POST /session/54b51d12ae76246c47a9cfd9839bf688/elements - {"using":"xpath","value":"//button[@data-kt=\"addNewYardOverflowToolbarButton\"]"}
RESULT: {"using":"xpath","value":"//button[@data-kt=\"addNewYardOverflowToolbarButton\"]"}
COMMAND: POST /session/54b51d12ae76246c47a9cfd9839bf688/elements - {"using":"xpath","value":"//button[@data-kt=\"addNewYardOverflowToolbarButton\"]"}
RESULT: {"using":"xpath","value":"//button[@data-kt=\"addNewYardOverflowToolbarButton\"]"}
COMMAND: POST /session/54b51d12ae76246c47a9cfd9839bf688/elements - {"using":"xpath","value":"//button[@data-kt=\"addNewYardOverflowToolbarButton\"]"}
RESULT: {"using":"xpath","value":"//button[@data-kt=\"addNewYardOverflowToolbarButton\"]"}
COMMAND: POST /session/54b51d12ae76246c47a9cfd9839bf688/elements - {"using":"xpath","value":"//button[@data-kt=\"addNewYardOverflowToolbarButton\"]"}
RESULT: {"using":"xpath","value":"//button[@data-kt=\"addNewYardOverflowToolbarButton\"]"}
COMMAND: POST /session/54b51d12ae76246c47a9cfd9839bf688/elements - {"using":"xpath","value":"//button[@data-kt=\"addNewYardOverflowToolbarButton\"]"}
RESULT: {"using":"xpath","value":"//button[@data-kt=\"addNewYardOverflowToolbarButton\"]"}
COMMAND: POST /session/54b51d12ae76246c47a9cfd9839bf688/element - {"using":"xpath","value":"//button[@data-kt=\"addNewYardOverflowToolbarButton\"]"}
RESULT: {"using":"xpath","value":"//button[@data-kt=\"addNewYardOverflowToolbarButton\"]"}
COMMAND: POST /session/54b51d12ae76246c47a9cfd9839bf688/execute/sync - {"script":"<script> [8489 bytes]","args":[{"element-6066-11e4-a52e-4f735466cecf":"f.C3AA7480AC9969AD6A76FCDF8BFD3774.d.70D0EDBE0F008BC2C33A798CC752B512.e.6334","ELEMENT":"f.C3AA7480AC9969AD6A76FCDF8BFD3774.d.70D0EDBE0F008BC2C33A798CC752B512.e.6334"}]}
RESULT: {"script":"<script> [8489 bytes]","args":[{"element-6066-11e4-a52e-4f735466cecf":"f.C3AA7480AC9969AD6A76FCDF8BFD3774.d.70D0EDBE0F008BC2C33A798CC752B512.e.6334","ELEMENT":"f.C3AA7480AC9969AD6A76FCDF8BFD3774.d.70D0EDBE0F008BC2C33A798CC752B512.e.6334"}]}
COMMAND: GET /session/54b51d12ae76246c47a9cfd9839bf688/element/f.C3AA7480AC9969AD6A76FCDF8BFD3774.d.70D0EDBE0F008BC2C33A798CC752B512.e.6334/enabled - {}
COMMAND: GET /session/54b51d12ae76246c47a9cfd9839bf688/screenshot - {}
RESULT: {}
COMMAND: POST /session/54b51d12ae76246c47a9cfd9839bf688/execute/sync - {"script":"<script> [8489 bytes]","args":[{"element-6066-11e4-a52e-4f735466cecf":"f.C3AA7480AC9969AD6A76FCDF8BFD3774.d.70D0EDBE0F008BC2C33A798CC752B512.e.6334","ELEMENT":"f.C3AA7480AC9969AD6A76FCDF8BFD3774.d.70D0EDBE0F008BC2C33A798CC752B512.e.6334"}]}
COMMAND: GET /session/54b51d12ae76246c47a9cfd9839bf688/screenshot - {}
RESULT: {}
RESULT: {"script":"<script> [8489 bytes]","args":[{"element-6066-11e4-a52e-4f735466cecf":"f.C3AA7480AC9969AD6A76FCDF8BFD3774.d.70D0EDBE0F008BC2C33A798CC752B512.e.6334","ELEMENT":"f.C3AA7480AC9969AD6A76FCDF8BFD3774.d.70D0EDBE0F008BC2C33A798CC752B512.e.6334"}]}
COMMAND: POST /session/54b51d12ae76246c47a9cfd9839bf688/execute/sync - {"script":"<script> [5351 bytes]","args":[{"element-6066-11e4-a52e-4f735466cecf":"f.C3AA7480AC9969AD6A76FCDF8BFD3774.d.70D0EDBE0F008BC2C33A798CC752B512.e.6334","ELEMENT":"f.C3AA7480AC9969AD6A76FCDF8BFD3774.d.70D0EDBE0F008BC2C33A798CC752B512.e.6334"}]}
COMMAND: GET /session/54b51d12ae76246c47a9cfd9839bf688/screenshot - {}
RESULT: {}
RESULT: {"script":"<script> [5351 bytes]","args":[{"element-6066-11e4-a52e-4f735466cecf":"f.C3AA7480AC9969AD6A76FCDF8BFD3774.d.70D0EDBE0F008BC2C33A798CC752B512.e.6334","ELEMENT":"f.C3AA7480AC9969AD6A76FCDF8BFD3774.d.70D0EDBE0F008BC2C33A798CC752B512.e.6334"}]}
COMMAND: POST /session/54b51d12ae76246c47a9cfd9839bf688/element/f.C3AA7480AC9969AD6A76FCDF8BFD3774.d.70D0EDBE0F008BC2C33A798CC752B512.e.6334/click - {}
COMMAND: GET /session/54b51d12ae76246c47a9cfd9839bf688/screenshot - {}
RESULT: {}
RESULT: {}
COMMAND: GET /session/54b51d12ae76246c47a9cfd9839bf688/screenshot - {}
RESULT: {}
RESULT: {}
COMMAND: POST /session/54b51d12ae76246c47a9cfd9839bf688/element - {"using":"xpath","value":"//input[@id=\"application-manageyards-display-component---NewYard--yardId-inner\"]"}
RESULT: {"using":"xpath","value":"//input[@id=\"application-manageyards-display-component---NewYard--yardId-inner\"]"}
COMMAND: POST /session/54b51d12ae76246c47a9cfd9839bf688/element - {"using":"xpath","value":"//input[@id=\"application-manageyards-display-component---NewYard--yardId-inner\"]"}
RESULT: {"using":"xpath","value":"//input[@id=\"application-manageyards-display-component---NewYard--yardId-inner\"]"}
COMMAND: POST /session/54b51d12ae76246c47a9cfd9839bf688/execute/async - {"script":"<script> [1562 bytes]","args":[{"selector":{"id":"application-manageyards-display-component---NewYard--addressDetailDetailsName1","interaction":{"idSuffix":"inner"}},"wdio_ui5_key":"applicationmanageyards-display-component---NewYard--addressDetailDetailsName1"}]}
RESULT: {"script":"<script> [1562 bytes]","args":[{"selector":{"id":"application-manageyards-display-component---NewYard--addressDetailDetailsName1","interaction":{"idSuffix":"inner"}},"wdio_ui5_key":"applicationmanageyards-display-component---NewYard--addressDetailDetailsName1"}]}
RESULT: undefined
COMMAND: POST /session/54b51d12ae76246c47a9cfd9839bf688/execute/async - {"script":"<script> [776 bytes]","args":[{"enterText":"Intracompany Yard wdIO","selector":{"id":"application-manageyards-display-component---NewYard--addressDetailDetailsName1","interaction":{"idSuffix":"inner"}},"clearTextFirst":true,"interactionType":"ENTER_TEXT"}]}
RESULT: {"script":"<script> [776 bytes]","args":[{"enterText":"Intracompany Yard wdIO","selector":{"id":"application-manageyards-display-component---NewYard--addressDetailDetailsName1","interaction":{"idSuffix":"inner"}},"clearTextFirst":true,"interactionType":"ENTER_TEXT"}]}
COMMAND: POST /session/54b51d12ae76246c47a9cfd9839bf688/execute/async - {"script":"<script> [1562 bytes]","args":[{"selector":{"id":"application-manageyards-display-component---NewYard--addressDetailDetailsLanguage-arrow"},"wdio_ui5_key":"applicationmanageyards-display-component---NewYard--addressDetailDetailsLanguage-arrow"}]}
RESULT: {"script":"<script> [1562 bytes]","args":[{"selector":{"id":"application-manageyards-display-component---NewYard--addressDetailDetailsLanguage-arrow"},"wdio_ui5_key":"applicationmanageyards-display-component---NewYard--addressDetailDetailsLanguage-arrow"}]}
RESULT: undefined
COMMAND: POST /session/54b51d12ae76246c47a9cfd9839bf688/element - {"using":"xpath","value":"//*[@id=\"application-manageyards-display-component---NewYard--addressDetailDetailsLanguage-arrow\"]"}
RESULT: {"using":"xpath","value":"//*[@id=\"application-manageyards-display-component---NewYard--addressDetailDetailsLanguage-arrow\"]"}
COMMAND: POST /session/54b51d12ae76246c47a9cfd9839bf688/element/f.C3AA7480AC9969AD6A76FCDF8BFD3774.d.70D0EDBE0F008BC2C33A798CC752B512.e.6770/click - {}
RESULT: {}
COMMAND: POST /session/54b51d12ae76246c47a9cfd9839bf688/element - {"using":"xpath","value":"//span[contains(text(), \"English\")]"}
COMMAND: GET /session/54b51d12ae76246c47a9cfd9839bf688/screenshot - {}
RESULT: {"using":"xpath","value":"//span[contains(text(), \"English\")]"}
COMMAND: POST /session/54b51d12ae76246c47a9cfd9839bf688/element/f.C3AA7480AC9969AD6A76FCDF8BFD3774.d.70D0EDBE0F008BC2C33A798CC752B512.e.6771/click - {}
RESULT: {}
RESULT: {}
COMMAND: POST /session/54b51d12ae76246c47a9cfd9839bf688/execute/async - {"script":"<script> [1562 bytes]","args":[{"selector":{"id":"application-manageyards-display-component---NewYard--addressDetailDetailsCity1","interaction":{"idSuffix":"inner"}},"wdio_ui5_key":"applicationmanageyards-display-component---NewYard--addressDetailDetailsCity1"}]}
COMMAND: GET /session/54b51d12ae76246c47a9cfd9839bf688/screenshot - {}
RESULT: {"script":"<script> [1562 bytes]","args":[{"selector":{"id":"application-manageyards-display-component---NewYard--addressDetailDetailsCity1","interaction":{"idSuffix":"inner"}},"wdio_ui5_key":"applicationmanageyards-display-component---NewYard--addressDetailDetailsCity1"}]}
RESULT: undefined
COMMAND: POST /session/54b51d12ae76246c47a9cfd9839bf688/execute/async - {"script":"<script> [776 bytes]","args":[{"enterText":"Rosario","selector":{"id":"application-manageyards-display-component---NewYard--addressDetailDetailsCity1","interaction":{"idSuffix":"inner"}},"clearTextFirst":true,"interactionType":"ENTER_TEXT"}]}
RESULT: {}
RESULT: {"script":"<script> [776 bytes]","args":[{"enterText":"Rosario","selector":{"id":"application-manageyards-display-component---NewYard--addressDetailDetailsCity1","interaction":{"idSuffix":"inner"}},"clearTextFirst":true,"interactionType":"ENTER_TEXT"}]}
COMMAND: POST /session/54b51d12ae76246c47a9cfd9839bf688/execute/async - {"script":"<script> [1562 bytes]","args":[{"selector":{"id":"application-manageyards-display-component---NewYard--addressDetailDetailsCountry-arrow"},"wdio_ui5_key":"applicationmanageyards-display-component---NewYard--addressDetailDetailsCountry-arrow"}]}
RESULT: {"script":"<script> [1562 bytes]","args":[{"selector":{"id":"application-manageyards-display-component---NewYard--addressDetailDetailsCountry-arrow"},"wdio_ui5_key":"applicationmanageyards-display-component---NewYard--addressDetailDetailsCountry-arrow"}]}
RESULT: undefined
COMMAND: POST /session/54b51d12ae76246c47a9cfd9839bf688/element - {"using":"xpath","value":"//*[@id=\"application-manageyards-display-component---NewYard--addressDetailDetailsCountry-arrow\"]"}
RESULT: {"using":"xpath","value":"//*[@id=\"application-manageyards-display-component---NewYard--addressDetailDetailsCountry-arrow\"]"}
COMMAND: POST /session/54b51d12ae76246c47a9cfd9839bf688/element/f.C3AA7480AC9969AD6A76FCDF8BFD3774.d.70D0EDBE0F008BC2C33A798CC752B512.e.6773/click - {}
RESULT: {}
COMMAND: POST /session/54b51d12ae76246c47a9cfd9839bf688/element - {"using":"xpath","value":"//span[contains(text(), \"Argentina\")]"}
COMMAND: GET /session/54b51d12ae76246c47a9cfd9839bf688/screenshot - {}
RESULT: {"using":"xpath","value":"//span[contains(text(), \"Argentina\")]"}
COMMAND: POST /session/54b51d12ae76246c47a9cfd9839bf688/element/f.C3AA7480AC9969AD6A76FCDF8BFD3774.d.70D0EDBE0F008BC2C33A798CC752B512.e.6774/click - {}
RESULT: {}
RESULT: {}
COMMAND: POST /session/54b51d12ae76246c47a9cfd9839bf688/execute/async - {"script":"<script> [1562 bytes]","args":[{"selector":{"id":"application-manageyards-display-component---NewYard--addressEditDetailsCostObjectCstType-arrow"},"wdio_ui5_key":"applicationmanageyards-display-component---NewYard--addressEditDetailsCostObjectCstType-arrow"}]}
COMMAND: GET /session/54b51d12ae76246c47a9cfd9839bf688/screenshot - {}
RESULT: {"script":"<script> [1562 bytes]","args":[{"selector":{"id":"application-manageyards-display-component---NewYard--addressEditDetailsCostObjectCstType-arrow"},"wdio_ui5_key":"applicationmanageyards-display-component---NewYard--addressEditDetailsCostObjectCstType-arrow"}]}
RESULT: undefined
COMMAND: POST /session/54b51d12ae76246c47a9cfd9839bf688/element - {"using":"xpath","value":"//*[@id=\"application-manageyards-display-component---NewYard--addressEditDetailsCostObjectCstType-arrow\"]"}
RESULT: {}
RESULT: {"using":"xpath","value":"//*[@id=\"application-manageyards-display-component---NewYard--addressEditDetailsCostObjectCstType-arrow\"]"}
COMMAND: POST /session/54b51d12ae76246c47a9cfd9839bf688/element/f.C3AA7480AC9969AD6A76FCDF8BFD3774.d.70D0EDBE0F008BC2C33A798CC752B512.e.6776/click - {}
RESULT: {}
COMMAND: POST /session/54b51d12ae76246c47a9cfd9839bf688/element - {"using":"xpath","value":"//span[contains(text(), \"Cost Center\")]"}
COMMAND: GET /session/54b51d12ae76246c47a9cfd9839bf688/screenshot - {}
RESULT: {"using":"xpath","value":"//span[contains(text(), \"Cost Center\")]"}
COMMAND: POST /session/54b51d12ae76246c47a9cfd9839bf688/element/f.C3AA7480AC9969AD6A76FCDF8BFD3774.d.70D0EDBE0F008BC2C33A798CC752B512.e.6777/click - {}
RESULT: {}
RESULT: {}
COMMAND: GET /session/54b51d12ae76246c47a9cfd9839bf688/screenshot - {}
RESULT: {}
COMMAND: POST /session/54b51d12ae76246c47a9cfd9839bf688/element - {"using":"xpath","value":"//span[@id=\"application-manageyards-display-component---NewYard--addressNewCostObjectCstID-vhi\"]"}
RESULT: {"using":"xpath","value":"//span[@id=\"application-manageyards-display-component---NewYard--addressNewCostObjectCstID-vhi\"]"}
COMMAND: POST /session/54b51d12ae76246c47a9cfd9839bf688/execute/sync - {"script":"<script> [8489 bytes]","args":[{"element-6066-11e4-a52e-4f735466cecf":"f.C3AA7480AC9969AD6A76FCDF8BFD3774.d.70D0EDBE0F008BC2C33A798CC752B512.e.6781","ELEMENT":"f.C3AA7480AC9969AD6A76FCDF8BFD3774.d.70D0EDBE0F008BC2C33A798CC752B512.e.6781"}]}
RESULT: {"script":"<script> [8489 bytes]","args":[{"element-6066-11e4-a52e-4f735466cecf":"f.C3AA7480AC9969AD6A76FCDF8BFD3774.d.70D0EDBE0F008BC2C33A798CC752B512.e.6781","ELEMENT":"f.C3AA7480AC9969AD6A76FCDF8BFD3774.d.70D0EDBE0F008BC2C33A798CC752B512.e.6781"}]}
COMMAND: POST /session/54b51d12ae76246c47a9cfd9839bf688/execute/async - {"script":"<script> [1562 bytes]","args":[{"selector":{"id":"application-manageyards-display-component---NewYard--addressNewCostObjectCstID-vhi"},"wdio_ui5_key":"applicationmanageyards-display-component---NewYard--addressNewCostObjectCstID-vhi"}]}
COMMAND: GET /session/54b51d12ae76246c47a9cfd9839bf688/screenshot - {}
RESULT: {"script":"<script> [1562 bytes]","args":[{"selector":{"id":"application-manageyards-display-component---NewYard--addressNewCostObjectCstID-vhi"},"wdio_ui5_key":"applicationmanageyards-display-component---NewYard--addressNewCostObjectCstID-vhi"}]}
RESULT: undefined
COMMAND: POST /session/54b51d12ae76246c47a9cfd9839bf688/element - {"using":"xpath","value":"//*[@id=\"application-manageyards-display-component---NewYard--addressNewCostObjectCstID-vhi\"]"}
RESULT: {}
RESULT: {"using":"xpath","value":"//*[@id=\"application-manageyards-display-component---NewYard--addressNewCostObjectCstID-vhi\"]"}
COMMAND: POST /session/54b51d12ae76246c47a9cfd9839bf688/element/f.C3AA7480AC9969AD6A76FCDF8BFD3774.d.70D0EDBE0F008BC2C33A798CC752B512.e.6781/click - {}
RESULT: {}
COMMAND: GET /session/54b51d12ae76246c47a9cfd9839bf688/screenshot - {}
RESULT: {}
COMMAND: POST /session/54b51d12ae76246c47a9cfd9839bf688/execute/async - {"script":"<script> [1562 bytes]","args":[{"selector":{"controlType":"sap.m.SearchField","properties":{"placeholder":"Search"},"searchOpenDialogs":true,"interaction":{"idSuffix":"I"}},"wdio_ui5_key":"sapm.SearchField{\"placeholder\":\"Search\"}"}]}
RESULT: {"script":"<script> [1562 bytes]","args":[{"selector":{"controlType":"sap.m.SearchField","properties":{"placeholder":"Search"},"searchOpenDialogs":true,"interaction":{"idSuffix":"I"}},"wdio_ui5_key":"sapm.SearchField{\"placeholder\":\"Search\"}"}]}
RESULT: undefined
COMMAND: POST /session/54b51d12ae76246c47a9cfd9839bf688/execute/async - {"script":"<script> [776 bytes]","args":[{"enterText":"bauh_b","selector":{"controlType":"sap.m.SearchField","properties":{"placeholder":"Search"},"searchOpenDialogs":true,"interaction":{"idSuffix":"I"}},"clearTextFirst":true,"interactionType":"ENTER_TEXT"}]}
RESULT: {"script":"<script> [776 bytes]","args":[{"enterText":"bauh_b","selector":{"controlType":"sap.m.SearchField","properties":{"placeholder":"Search"},"searchOpenDialogs":true,"interaction":{"idSuffix":"I"}},"clearTextFirst":true,"interactionType":"ENTER_TEXT"}]}
COMMAND: POST /session/54b51d12ae76246c47a9cfd9839bf688/actions - {"actions":[{"id":"action18","type":"key","parameters":{},"actions":[{"type":"keyDown","value":"î€‡"},{"type":"pause","duration":10},{"type":"keyUp","value":"î€‡"}]}]}
RESULT: {"actions":[{"id":"action18","type":"key","parameters":{},"actions":[{"type":"keyDown","value":"î€‡"},{"type":"pause","duration":10},{"type":"keyUp","value":"î€‡"}]}]}
COMMAND: GET /session/54b51d12ae76246c47a9cfd9839bf688/screenshot - {}
RESULT: {}
COMMAND: POST /session/54b51d12ae76246c47a9cfd9839bf688/element - {"using":"xpath","value":"//span[contains(text(), \"Demo Yard\")]"}
RESULT: {"using":"xpath","value":"//span[contains(text(), \"Demo Yard\")]"}
COMMAND: POST /session/54b51d12ae76246c47a9cfd9839bf688/element/f.C3AA7480AC9969AD6A76FCDF8BFD3774.d.70D0EDBE0F008BC2C33A798CC752B512.e.6821/click - {}
RESULT: {}
COMMAND: GET /session/54b51d12ae76246c47a9cfd9839bf688/screenshot - {}
RESULT: {}
COMMAND: POST /session/54b51d12ae76246c47a9cfd9839bf688/element - {"using":"xpath","value":"//bdi[contains(text(), \"OK\")]"}
RESULT: {"using":"xpath","value":"//bdi[contains(text(), \"OK\")]"}
COMMAND: POST /session/54b51d12ae76246c47a9cfd9839bf688/element/f.C3AA7480AC9969AD6A76FCDF8BFD3774.d.70D0EDBE0F008BC2C33A798CC752B512.e.6822/click - {}
RESULT: {}
COMMAND: GET /session/54b51d12ae76246c47a9cfd9839bf688/screenshot - {}
RESULT: {}
COMMAND: POST /session/54b51d12ae76246c47a9cfd9839bf688/execute/async - {"script":"<script> [1562 bytes]","args":[{"selector":{"id":"application-manageyards-display-component---NewYard--addressEditDetailsCurrency-arrow"},"wdio_ui5_key":"applicationmanageyards-display-component---NewYard--addressEditDetailsCurrency-arrow"}]}
RESULT: {"script":"<script> [1562 bytes]","args":[{"selector":{"id":"application-manageyards-display-component---NewYard--addressEditDetailsCurrency-arrow"},"wdio_ui5_key":"applicationmanageyards-display-component---NewYard--addressEditDetailsCurrency-arrow"}]}
RESULT: undefined
COMMAND: POST /session/54b51d12ae76246c47a9cfd9839bf688/element - {"using":"xpath","value":"//*[@id=\"application-manageyards-display-component---NewYard--addressEditDetailsCurrency-arrow\"]"}
RESULT: {"using":"xpath","value":"//*[@id=\"application-manageyards-display-component---NewYard--addressEditDetailsCurrency-arrow\"]"}
COMMAND: POST /session/54b51d12ae76246c47a9cfd9839bf688/element/f.C3AA7480AC9969AD6A76FCDF8BFD3774.d.70D0EDBE0F008BC2C33A798CC752B512.e.6825/click - {}
RESULT: {}
COMMAND: POST /session/54b51d12ae76246c47a9cfd9839bf688/element - {"using":"xpath","value":"//span[contains(text(), \"Euro\")]"}
COMMAND: GET /session/54b51d12ae76246c47a9cfd9839bf688/screenshot - {}
RESULT: {"using":"xpath","value":"//span[contains(text(), \"Euro\")]"}
COMMAND: POST /session/54b51d12ae76246c47a9cfd9839bf688/element/f.C3AA7480AC9969AD6A76FCDF8BFD3774.d.70D0EDBE0F008BC2C33A798CC752B512.e.6826/click - {}
RESULT: {}
RESULT: {}
COMMAND: POST /session/54b51d12ae76246c47a9cfd9839bf688/execute/async - {"script":"<script> [1562 bytes]","args":[{"selector":{"controlType":"sap.m.Input","viewName":"etm.portal.ui.manageyards.view.New","viewId":"application-manageyards-display-component---NewYard","bindingPath":{"path":"","propertyPath":"/CONTROLLING_AREA","modelName":"NewYardModel"},"interaction":{"idSuffix":"inner"}},"wdio_ui5_key":"etmportal.ui.manageyards.view.Newsap.m.Input{\"path\":\"\",\"propertyPath\":\"/CONTROLLING_AREA\",\"modelName\":\"NewYardModel\"}"}]}
COMMAND: GET /session/54b51d12ae76246c47a9cfd9839bf688/screenshot - {}
RESULT: {"script":"<script> [1562 bytes]","args":[{"selector":{"controlType":"sap.m.Input","viewName":"etm.portal.ui.manageyards.view.New","viewId":"application-manageyards-display-component---NewYard","bindingPath":{"path":"","propertyPath":"/CONTROLLING_AREA","modelName":"NewYardModel"},"interaction":{"idSuffix":"inner"}},"wdio_ui5_key":"etmportal.ui.manageyards.view.Newsap.m.Input{\"path\":\"\",\"propertyPath\":\"/CONTROLLING_AREA\",\"modelName\":\"NewYardModel\"}"}]}
RESULT: undefined
COMMAND: POST /session/54b51d12ae76246c47a9cfd9839bf688/execute/async - {"script":"<script> [776 bytes]","args":[{"enterText":"Z001","selector":{"controlType":"sap.m.Input","viewName":"etm.portal.ui.manageyards.view.New","viewId":"application-manageyards-display-component---NewYard","bindingPath":{"path":"","propertyPath":"/CONTROLLING_AREA","modelName":"NewYardModel"},"interaction":{"idSuffix":"inner"}},"clearTextFirst":true,"interactionType":"ENTER_TEXT"}]}
RESULT: {}
RESULT: {"script":"<script> [776 bytes]","args":[{"enterText":"Z001","selector":{"controlType":"sap.m.Input","viewName":"etm.portal.ui.manageyards.view.New","viewId":"application-manageyards-display-component---NewYard","bindingPath":{"path":"","propertyPath":"/CONTROLLING_AREA","modelName":"NewYardModel"},"interaction":{"idSuffix":"inner"}},"clearTextFirst":true,"interactionType":"ENTER_TEXT"}]}
COMMAND: POST /session/54b51d12ae76246c47a9cfd9839bf688/execute/async - {"script":"<script> [1562 bytes]","args":[{"selector":{"id":"application-manageyards-display-component---NewYard--companyCodeComboBox","interaction":{"idSuffix":"inner"}},"wdio_ui5_key":"applicationmanageyards-display-component---NewYard--companyCodeComboBox"}]}
RESULT: {"script":"<script> [1562 bytes]","args":[{"selector":{"id":"application-manageyards-display-component---NewYard--companyCodeComboBox","interaction":{"idSuffix":"inner"}},"wdio_ui5_key":"applicationmanageyards-display-component---NewYard--companyCodeComboBox"}]}
RESULT: undefined
COMMAND: POST /session/54b51d12ae76246c47a9cfd9839bf688/execute/async - {"script":"<script> [776 bytes]","args":[{"enterText":"1000","selector":{"id":"application-manageyards-display-component---NewYard--companyCodeComboBox","interaction":{"idSuffix":"inner"}},"clearTextFirst":true,"interactionType":"ENTER_TEXT"}]}
RESULT: {"script":"<script> [776 bytes]","args":[{"enterText":"1000","selector":{"id":"application-manageyards-display-component---NewYard--companyCodeComboBox","interaction":{"idSuffix":"inner"}},"clearTextFirst":true,"interactionType":"ENTER_TEXT"}]}
COMMAND: POST /session/54b51d12ae76246c47a9cfd9839bf688/execute/async - {"script":"<script> [1562 bytes]","args":[{"selector":{"controlType":"sap.m.Input","viewName":"etm.portal.ui.manageyards.view.New","viewId":"application-manageyards-display-component---NewYard","bindingPath":{"path":"","propertyPath":"/PLANT","modelName":"NewYardModel"},"interaction":{"idSuffix":"inner"}},"wdio_ui5_key":"etmportal.ui.manageyards.view.Newsap.m.Input{\"path\":\"\",\"propertyPath\":\"/PLANT\",\"modelName\":\"NewYardModel\"}"}]}
RESULT: {"script":"<script> [1562 bytes]","args":[{"selector":{"controlType":"sap.m.Input","viewName":"etm.portal.ui.manageyards.view.New","viewId":"application-manageyards-display-component---NewYard","bindingPath":{"path":"","propertyPath":"/PLANT","modelName":"NewYardModel"},"interaction":{"idSuffix":"inner"}},"wdio_ui5_key":"etmportal.ui.manageyards.view.Newsap.m.Input{\"path\":\"\",\"propertyPath\":\"/PLANT\",\"modelName\":\"NewYardModel\"}"}]}
RESULT: undefined
COMMAND: POST /session/54b51d12ae76246c47a9cfd9839bf688/execute/async - {"script":"<script> [776 bytes]","args":[{"enterText":"1001","selector":{"controlType":"sap.m.Input","viewName":"etm.portal.ui.manageyards.view.New","viewId":"application-manageyards-display-component---NewYard","bindingPath":{"path":"","propertyPath":"/PLANT","modelName":"NewYardModel"},"interaction":{"idSuffix":"inner"}},"clearTextFirst":true,"interactionType":"ENTER_TEXT"}]}
RESULT: {"script":"<script> [776 bytes]","args":[{"enterText":"1001","selector":{"controlType":"sap.m.Input","viewName":"etm.portal.ui.manageyards.view.New","viewId":"application-manageyards-display-component---NewYard","bindingPath":{"path":"","propertyPath":"/PLANT","modelName":"NewYardModel"},"interaction":{"idSuffix":"inner"}},"clearTextFirst":true,"interactionType":"ENTER_TEXT"}]}
COMMAND: POST /session/54b51d12ae76246c47a9cfd9839bf688/execute/async - {"script":"<script> [1562 bytes]","args":[{"selector":{"controlType":"sap.m.Input","viewName":"etm.portal.ui.manageyards.view.New","viewId":"application-manageyards-display-component---NewYard","bindingPath":{"path":"","propertyPath":"/SALES_AREA_VKORG","modelName":"NewYardModel"},"interaction":{"idSuffix":"inner"}},"wdio_ui5_key":"etmportal.ui.manageyards.view.Newsap.m.Input{\"path\":\"\",\"propertyPath\":\"/SALES_AREA_VKORG\",\"modelName\":\"NewYardModel\"}"}]}
RESULT: {"script":"<script> [1562 bytes]","args":[{"selector":{"controlType":"sap.m.Input","viewName":"etm.portal.ui.manageyards.view.New","viewId":"application-manageyards-display-component---NewYard","bindingPath":{"path":"","propertyPath":"/SALES_AREA_VKORG","modelName":"NewYardModel"},"interaction":{"idSuffix":"inner"}},"wdio_ui5_key":"etmportal.ui.manageyards.view.Newsap.m.Input{\"path\":\"\",\"propertyPath\":\"/SALES_AREA_VKORG\",\"modelName\":\"NewYardModel\"}"}]}
RESULT: undefined
COMMAND: POST /session/54b51d12ae76246c47a9cfd9839bf688/execute/async - {"script":"<script> [776 bytes]","args":[{"enterText":"C002","selector":{"controlType":"sap.m.Input","viewName":"etm.portal.ui.manageyards.view.New","viewId":"application-manageyards-display-component---NewYard","bindingPath":{"path":"","propertyPath":"/SALES_AREA_VKORG","modelName":"NewYardModel"},"interaction":{"idSuffix":"inner"}},"clearTextFirst":true,"interactionType":"ENTER_TEXT"}]}
RESULT: {"script":"<script> [776 bytes]","args":[{"enterText":"C002","selector":{"controlType":"sap.m.Input","viewName":"etm.portal.ui.manageyards.view.New","viewId":"application-manageyards-display-component---NewYard","bindingPath":{"path":"","propertyPath":"/SALES_AREA_VKORG","modelName":"NewYardModel"},"interaction":{"idSuffix":"inner"}},"clearTextFirst":true,"interactionType":"ENTER_TEXT"}]}
COMMAND: POST /session/54b51d12ae76246c47a9cfd9839bf688/execute/async - {"script":"<script> [1562 bytes]","args":[{"selector":{"controlType":"sap.m.Input","viewName":"etm.portal.ui.manageyards.view.New","viewId":"application-manageyards-display-component---NewYard","bindingPath":{"path":"","propertyPath":"/SALES_AREA_VTWEG","modelName":"NewYardModel"},"interaction":{"idSuffix":"inner"}},"wdio_ui5_key":"etmportal.ui.manageyards.view.Newsap.m.Input{\"path\":\"\",\"propertyPath\":\"/SALES_AREA_VTWEG\",\"modelName\":\"NewYardModel\"}"}]}
RESULT: {"script":"<script> [1562 bytes]","args":[{"selector":{"controlType":"sap.m.Input","viewName":"etm.portal.ui.manageyards.view.New","viewId":"application-manageyards-display-component---NewYard","bindingPath":{"path":"","propertyPath":"/SALES_AREA_VTWEG","modelName":"NewYardModel"},"interaction":{"idSuffix":"inner"}},"wdio_ui5_key":"etmportal.ui.manageyards.view.Newsap.m.Input{\"path\":\"\",\"propertyPath\":\"/SALES_AREA_VTWEG\",\"modelName\":\"NewYardModel\"}"}]}
RESULT: undefined
COMMAND: POST /session/54b51d12ae76246c47a9cfd9839bf688/execute/async - {"script":"<script> [776 bytes]","args":[{"enterText":"C2","selector":{"controlType":"sap.m.Input","viewName":"etm.portal.ui.manageyards.view.New","viewId":"application-manageyards-display-component---NewYard","bindingPath":{"path":"","propertyPath":"/SALES_AREA_VTWEG","modelName":"NewYardModel"},"interaction":{"idSuffix":"inner"}},"clearTextFirst":true,"interactionType":"ENTER_TEXT"}]}
RESULT: {"script":"<script> [776 bytes]","args":[{"enterText":"C2","selector":{"controlType":"sap.m.Input","viewName":"etm.portal.ui.manageyards.view.New","viewId":"application-manageyards-display-component---NewYard","bindingPath":{"path":"","propertyPath":"/SALES_AREA_VTWEG","modelName":"NewYardModel"},"interaction":{"idSuffix":"inner"}},"clearTextFirst":true,"interactionType":"ENTER_TEXT"}]}
COMMAND: POST /session/54b51d12ae76246c47a9cfd9839bf688/execute/async - {"script":"<script> [1562 bytes]","args":[{"selector":{"controlType":"sap.m.Input","viewName":"etm.portal.ui.manageyards.view.New","viewId":"application-manageyards-display-component---NewYard","bindingPath":{"path":"","propertyPath":"/SALES_AREA_SPART","modelName":"NewYardModel"},"interaction":{"idSuffix":"inner"}},"wdio_ui5_key":"etmportal.ui.manageyards.view.Newsap.m.Input{\"path\":\"\",\"propertyPath\":\"/SALES_AREA_SPART\",\"modelName\":\"NewYardModel\"}"}]}
RESULT: {"script":"<script> [1562 bytes]","args":[{"selector":{"controlType":"sap.m.Input","viewName":"etm.portal.ui.manageyards.view.New","viewId":"application-manageyards-display-component---NewYard","bindingPath":{"path":"","propertyPath":"/SALES_AREA_SPART","modelName":"NewYardModel"},"interaction":{"idSuffix":"inner"}},"wdio_ui5_key":"etmportal.ui.manageyards.view.Newsap.m.Input{\"path\":\"\",\"propertyPath\":\"/SALES_AREA_SPART\",\"modelName\":\"NewYardModel\"}"}]}
RESULT: undefined
COMMAND: POST /session/54b51d12ae76246c47a9cfd9839bf688/execute/async - {"script":"<script> [776 bytes]","args":[{"enterText":"C2","selector":{"controlType":"sap.m.Input","viewName":"etm.portal.ui.manageyards.view.New","viewId":"application-manageyards-display-component---NewYard","bindingPath":{"path":"","propertyPath":"/SALES_AREA_SPART","modelName":"NewYardModel"},"interaction":{"idSuffix":"inner"}},"clearTextFirst":true,"interactionType":"ENTER_TEXT"}]}
RESULT: {"script":"<script> [776 bytes]","args":[{"enterText":"C2","selector":{"controlType":"sap.m.Input","viewName":"etm.portal.ui.manageyards.view.New","viewId":"application-manageyards-display-component---NewYard","bindingPath":{"path":"","propertyPath":"/SALES_AREA_SPART","modelName":"NewYardModel"},"interaction":{"idSuffix":"inner"}},"clearTextFirst":true,"interactionType":"ENTER_TEXT"}]}
COMMAND: POST /session/54b51d12ae76246c47a9cfd9839bf688/execute/async - {"script":"<script> [1562 bytes]","args":[{"selector":{"controlType":"sap.m.Input","viewName":"etm.portal.ui.manageyards.view.New","viewId":"application-manageyards-display-component---NewYard","bindingPath":{"path":"","propertyPath":"/SHIP_POINT","modelName":"NewYardModel"},"interaction":{"idSuffix":"inner"}},"wdio_ui5_key":"etmportal.ui.manageyards.view.Newsap.m.Input{\"path\":\"\",\"propertyPath\":\"/SHIP_POINT\",\"modelName\":\"NewYardModel\"}"}]}
RESULT: {"script":"<script> [1562 bytes]","args":[{"selector":{"controlType":"sap.m.Input","viewName":"etm.portal.ui.manageyards.view.New","viewId":"application-manageyards-display-component---NewYard","bindingPath":{"path":"","propertyPath":"/SHIP_POINT","modelName":"NewYardModel"},"interaction":{"idSuffix":"inner"}},"wdio_ui5_key":"etmportal.ui.manageyards.view.Newsap.m.Input{\"path\":\"\",\"propertyPath\":\"/SHIP_POINT\",\"modelName\":\"NewYardModel\"}"}]}
RESULT: undefined
COMMAND: POST /session/54b51d12ae76246c47a9cfd9839bf688/execute/async - {"script":"<script> [776 bytes]","args":[{"enterText":"1710","selector":{"controlType":"sap.m.Input","viewName":"etm.portal.ui.manageyards.view.New","viewId":"application-manageyards-display-component---NewYard","bindingPath":{"path":"","propertyPath":"/SHIP_POINT","modelName":"NewYardModel"},"interaction":{"idSuffix":"inner"}},"clearTextFirst":true,"interactionType":"ENTER_TEXT"}]}
RESULT: {"script":"<script> [776 bytes]","args":[{"enterText":"1710","selector":{"controlType":"sap.m.Input","viewName":"etm.portal.ui.manageyards.view.New","viewId":"application-manageyards-display-component---NewYard","bindingPath":{"path":"","propertyPath":"/SHIP_POINT","modelName":"NewYardModel"},"interaction":{"idSuffix":"inner"}},"clearTextFirst":true,"interactionType":"ENTER_TEXT"}]}
COMMAND: POST /session/54b51d12ae76246c47a9cfd9839bf688/execute/async - {"script":"<script> [1562 bytes]","args":[{"selector":{"controlType":"sap.m.Input","viewName":"etm.portal.ui.manageyards.view.New","viewId":"application-manageyards-display-component---NewYard","bindingPath":{"path":"","propertyPath":"/DELIVERY_TYPE","modelName":"NewYardModel"},"interaction":{"idSuffix":"inner"}},"wdio_ui5_key":"etmportal.ui.manageyards.view.Newsap.m.Input{\"path\":\"\",\"propertyPath\":\"/DELIVERY_TYPE\",\"modelName\":\"NewYardModel\"}"}]}
RESULT: {"script":"<script> [1562 bytes]","args":[{"selector":{"controlType":"sap.m.Input","viewName":"etm.portal.ui.manageyards.view.New","viewId":"application-manageyards-display-component---NewYard","bindingPath":{"path":"","propertyPath":"/DELIVERY_TYPE","modelName":"NewYardModel"},"interaction":{"idSuffix":"inner"}},"wdio_ui5_key":"etmportal.ui.manageyards.view.Newsap.m.Input{\"path\":\"\",\"propertyPath\":\"/DELIVERY_TYPE\",\"modelName\":\"NewYardModel\"}"}]}
RESULT: undefined
COMMAND: POST /session/54b51d12ae76246c47a9cfd9839bf688/execute/async - {"script":"<script> [776 bytes]","args":[{"enterText":"ZL01","selector":{"controlType":"sap.m.Input","viewName":"etm.portal.ui.manageyards.view.New","viewId":"application-manageyards-display-component---NewYard","bindingPath":{"path":"","propertyPath":"/DELIVERY_TYPE","modelName":"NewYardModel"},"interaction":{"idSuffix":"inner"}},"clearTextFirst":true,"interactionType":"ENTER_TEXT"}]}
RESULT: {"script":"<script> [776 bytes]","args":[{"enterText":"ZL01","selector":{"controlType":"sap.m.Input","viewName":"etm.portal.ui.manageyards.view.New","viewId":"application-manageyards-display-component---NewYard","bindingPath":{"path":"","propertyPath":"/DELIVERY_TYPE","modelName":"NewYardModel"},"interaction":{"idSuffix":"inner"}},"clearTextFirst":true,"interactionType":"ENTER_TEXT"}]}
COMMAND: POST /session/54b51d12ae76246c47a9cfd9839bf688/execute/async - {"script":"<script> [1562 bytes]","args":[{"selector":{"controlType":"sap.m.Input","viewName":"etm.portal.ui.manageyards.view.New","viewId":"application-manageyards-display-component---NewYard","bindingPath":{"path":"","propertyPath":"/AUART","modelName":"NewYardModel"},"interaction":{"idSuffix":"inner"}},"wdio_ui5_key":"etmportal.ui.manageyards.view.Newsap.m.Input{\"path\":\"\",\"propertyPath\":\"/AUART\",\"modelName\":\"NewYardModel\"}"}]}
RESULT: {"script":"<script> [1562 bytes]","args":[{"selector":{"controlType":"sap.m.Input","viewName":"etm.portal.ui.manageyards.view.New","viewId":"application-manageyards-display-component---NewYard","bindingPath":{"path":"","propertyPath":"/AUART","modelName":"NewYardModel"},"interaction":{"idSuffix":"inner"}},"wdio_ui5_key":"etmportal.ui.manageyards.view.Newsap.m.Input{\"path\":\"\",\"propertyPath\":\"/AUART\",\"modelName\":\"NewYardModel\"}"}]}
RESULT: undefined
COMMAND: POST /session/54b51d12ae76246c47a9cfd9839bf688/execute/async - {"script":"<script> [776 bytes]","args":[{"enterText":"TA","selector":{"controlType":"sap.m.Input","viewName":"etm.portal.ui.manageyards.view.New","viewId":"application-manageyards-display-component---NewYard","bindingPath":{"path":"","propertyPath":"/AUART","modelName":"NewYardModel"},"interaction":{"idSuffix":"inner"}},"clearTextFirst":true,"interactionType":"ENTER_TEXT"}]}
RESULT: {"script":"<script> [776 bytes]","args":[{"enterText":"TA","selector":{"controlType":"sap.m.Input","viewName":"etm.portal.ui.manageyards.view.New","viewId":"application-manageyards-display-component---NewYard","bindingPath":{"path":"","propertyPath":"/AUART","modelName":"NewYardModel"},"interaction":{"idSuffix":"inner"}},"clearTextFirst":true,"interactionType":"ENTER_TEXT"}]}
COMMAND: POST /session/54b51d12ae76246c47a9cfd9839bf688/element - {"using":"xpath","value":"//button[@data-kt=\"newYardSaveButton\"]"}
RESULT: {"using":"xpath","value":"//button[@data-kt=\"newYardSaveButton\"]"}
COMMAND: POST /session/54b51d12ae76246c47a9cfd9839bf688/element/f.C3AA7480AC9969AD6A76FCDF8BFD3774.d.70D0EDBE0F008BC2C33A798CC752B512.e.6755/click - {}
RESULT: {}
COMMAND: GET /session/54b51d12ae76246c47a9cfd9839bf688/screenshot - {}
RESULT: {}
COMMAND: POST /session/54b51d12ae76246c47a9cfd9839bf688/element - {"using":"xpath","value":"//header[contains(@id, 'ObjectPageLayout-headerTitle')]/div[1]/div[2]/div[1]/span[1]"}
RESULT: {"using":"xpath","value":"//header[contains(@id, 'ObjectPageLayout-headerTitle')]/div[1]/div[2]/div[1]/span[1]"}
COMMAND: POST /session/54b51d12ae76246c47a9cfd9839bf688/elements - {"using":"xpath","value":"//header[contains(@id, 'ObjectPageLayout-headerTitle')]/div[1]/div[2]/div[1]/span[1]"}
RESULT: {"using":"xpath","value":"//header[contains(@id, 'ObjectPageLayout-headerTitle')]/div[1]/div[2]/div[1]/span[1]"}
COMMAND: POST /session/54b51d12ae76246c47a9cfd9839bf688/execute/sync - {"script":"<script> [56 bytes]","args":[{"element-6066-11e4-a52e-4f735466cecf":"f.C3AA7480AC9969AD6A76FCDF8BFD3774.d.70D0EDBE0F008BC2C33A798CC752B512.e.7044","ELEMENT":"f.C3AA7480AC9969AD6A76FCDF8BFD3774.d.70D0EDBE0F008BC2C33A798CC752B512.e.7044"}]}
RESULT: {"script":"<script> [56 bytes]","args":[{"element-6066-11e4-a52e-4f735466cecf":"f.C3AA7480AC9969AD6A76FCDF8BFD3774.d.70D0EDBE0F008BC2C33A798CC752B512.e.7044","ELEMENT":"f.C3AA7480AC9969AD6A76FCDF8BFD3774.d.70D0EDBE0F008BC2C33A798CC752B512.e.7044"}]}
COMMAND: GET /session/54b51d12ae76246c47a9cfd9839bf688/screenshot - {}
RESULT: {}
COMMAND: POST /session/54b51d12ae76246c47a9cfd9839bf688/element - {"using":"css selector","value":"#shell-header-logo"}
RESULT: {"using":"css selector","value":"#shell-header-logo"}
COMMAND: POST /session/54b51d12ae76246c47a9cfd9839bf688/element/f.C3AA7480AC9969AD6A76FCDF8BFD3774.d.70D0EDBE0F008BC2C33A798CC752B512.e.6303/click - {}
RESULT: {}
COMMAND: GET /session/54b51d12ae76246c47a9cfd9839bf688/screenshot - {}
RESULT: {}
COMMAND: POST /session/54b51d12ae76246c47a9cfd9839bf688/execute/sync - {"script":"<script> [299 bytes]","args":[["getModel","getResource"]]}
RESULT: {"script":"<script> [299 bytes]","args":[["getModel","getResource"]]}
]]></system-out>
    </testcase>
    <testcase classname="chrome.136_0_7103_93.windows.Billing_Transfer_-_Intracompany_US127249" name="Should create a new partner" time="138.017">
      <system-out><![CDATA[
COMMAND: GET /session/54b51d12ae76246c47a9cfd9839bf688/screenshot - {}
COMMAND: POST /session/54b51d12ae76246c47a9cfd9839bf688/window/fullscreen - {}
RESULT: {}
COMMAND: POST /session/54b51d12ae76246c47a9cfd9839bf688/execute/async - {"script":"<script> [1562 bytes]","args":[{"selector":{"controlType":"sap.m.GenericTile","properties":{"header":"Manage Partners"}},"wdio_ui5_key":"sapm.GenericTile{\"header\":\"Manage Partners\"}"}]}
RESULT: {}
RESULT: {"script":"<script> [1562 bytes]","args":[{"selector":{"controlType":"sap.m.GenericTile","properties":{"header":"Manage Partners"}},"wdio_ui5_key":"sapm.GenericTile{\"header\":\"Manage Partners\"}"}]}
RESULT: undefined
COMMAND: POST /session/54b51d12ae76246c47a9cfd9839bf688/element - {"using":"xpath","value":"//*[@id=\"__tile38\"]"}
RESULT: {"using":"xpath","value":"//*[@id=\"__tile38\"]"}
COMMAND: POST /session/54b51d12ae76246c47a9cfd9839bf688/element/f.C3AA7480AC9969AD6A76FCDF8BFD3774.d.70D0EDBE0F008BC2C33A798CC752B512.e.6191/click - {}
RESULT: {}
COMMAND: GET /session/54b51d12ae76246c47a9cfd9839bf688/screenshot - {}
RESULT: {}
COMMAND: POST /session/54b51d12ae76246c47a9cfd9839bf688/elements - {"using":"xpath","value":"//span[text()='Error']"}
RESULT: {"using":"xpath","value":"//span[text()='Error']"}
COMMAND: POST /session/54b51d12ae76246c47a9cfd9839bf688/element - {"using":"xpath","value":"//button[@data-kt=\"addButton\"]"}
RESULT: {"using":"xpath","value":"//button[@data-kt=\"addButton\"]"}
COMMAND: POST /session/54b51d12ae76246c47a9cfd9839bf688/elements - {"using":"xpath","value":"//button[@data-kt=\"addButton\"]"}
RESULT: {"using":"xpath","value":"//button[@data-kt=\"addButton\"]"}
COMMAND: POST /session/54b51d12ae76246c47a9cfd9839bf688/execute/sync - {"script":"<script> [8489 bytes]","args":[{"element-6066-11e4-a52e-4f735466cecf":"f.C3AA7480AC9969AD6A76FCDF8BFD3774.d.70D0EDBE0F008BC2C33A798CC752B512.e.7091","ELEMENT":"f.C3AA7480AC9969AD6A76FCDF8BFD3774.d.70D0EDBE0F008BC2C33A798CC752B512.e.7091"}]}
RESULT: {"script":"<script> [8489 bytes]","args":[{"element-6066-11e4-a52e-4f735466cecf":"f.C3AA7480AC9969AD6A76FCDF8BFD3774.d.70D0EDBE0F008BC2C33A798CC752B512.e.7091","ELEMENT":"f.C3AA7480AC9969AD6A76FCDF8BFD3774.d.70D0EDBE0F008BC2C33A798CC752B512.e.7091"}]}
COMMAND: GET /session/54b51d12ae76246c47a9cfd9839bf688/element/f.C3AA7480AC9969AD6A76FCDF8BFD3774.d.70D0EDBE0F008BC2C33A798CC752B512.e.7091/enabled - {}
COMMAND: GET /session/54b51d12ae76246c47a9cfd9839bf688/screenshot - {}
RESULT: {}
COMMAND: POST /session/54b51d12ae76246c47a9cfd9839bf688/execute/sync - {"script":"<script> [8489 bytes]","args":[{"element-6066-11e4-a52e-4f735466cecf":"f.C3AA7480AC9969AD6A76FCDF8BFD3774.d.70D0EDBE0F008BC2C33A798CC752B512.e.7091","ELEMENT":"f.C3AA7480AC9969AD6A76FCDF8BFD3774.d.70D0EDBE0F008BC2C33A798CC752B512.e.7091"}]}
COMMAND: GET /session/54b51d12ae76246c47a9cfd9839bf688/screenshot - {}
RESULT: {}
RESULT: {"script":"<script> [8489 bytes]","args":[{"element-6066-11e4-a52e-4f735466cecf":"f.C3AA7480AC9969AD6A76FCDF8BFD3774.d.70D0EDBE0F008BC2C33A798CC752B512.e.7091","ELEMENT":"f.C3AA7480AC9969AD6A76FCDF8BFD3774.d.70D0EDBE0F008BC2C33A798CC752B512.e.7091"}]}
COMMAND: POST /session/54b51d12ae76246c47a9cfd9839bf688/execute/sync - {"script":"<script> [5351 bytes]","args":[{"element-6066-11e4-a52e-4f735466cecf":"f.C3AA7480AC9969AD6A76FCDF8BFD3774.d.70D0EDBE0F008BC2C33A798CC752B512.e.7091","ELEMENT":"f.C3AA7480AC9969AD6A76FCDF8BFD3774.d.70D0EDBE0F008BC2C33A798CC752B512.e.7091"}]}
COMMAND: GET /session/54b51d12ae76246c47a9cfd9839bf688/screenshot - {}
RESULT: {}
RESULT: {"script":"<script> [5351 bytes]","args":[{"element-6066-11e4-a52e-4f735466cecf":"f.C3AA7480AC9969AD6A76FCDF8BFD3774.d.70D0EDBE0F008BC2C33A798CC752B512.e.7091","ELEMENT":"f.C3AA7480AC9969AD6A76FCDF8BFD3774.d.70D0EDBE0F008BC2C33A798CC752B512.e.7091"}]}
COMMAND: POST /session/54b51d12ae76246c47a9cfd9839bf688/element/f.C3AA7480AC9969AD6A76FCDF8BFD3774.d.70D0EDBE0F008BC2C33A798CC752B512.e.7091/click - {}
COMMAND: GET /session/54b51d12ae76246c47a9cfd9839bf688/screenshot - {}
RESULT: {}
RESULT: {}
COMMAND: GET /session/54b51d12ae76246c47a9cfd9839bf688/screenshot - {}
COMMAND: POST /session/54b51d12ae76246c47a9cfd9839bf688/execute/async - {"script":"<script> [1562 bytes]","args":[{"selector":{"id":"application-managepartners-display-component---NewPartner--addressDetailDetailsName1","interaction":{"idSuffix":"inner"}},"wdio_ui5_key":"applicationmanagepartners-display-component---NewPartner--addressDetailDetailsName1"}]}
RESULT: {}
RESULT: {}
RESULT: {"script":"<script> [1562 bytes]","args":[{"selector":{"id":"application-managepartners-display-component---NewPartner--addressDetailDetailsName1","interaction":{"idSuffix":"inner"}},"wdio_ui5_key":"applicationmanagepartners-display-component---NewPartner--addressDetailDetailsName1"}]}
RESULT: undefined
COMMAND: POST /session/54b51d12ae76246c47a9cfd9839bf688/execute/async - {"script":"<script> [776 bytes]","args":[{"enterText":"Intracompany Partner WDIO","selector":{"id":"application-managepartners-display-component---NewPartner--addressDetailDetailsName1","interaction":{"idSuffix":"inner"}},"clearTextFirst":true,"interactionType":"ENTER_TEXT"}]}
RESULT: {"script":"<script> [776 bytes]","args":[{"enterText":"Intracompany Partner WDIO","selector":{"id":"application-managepartners-display-component---NewPartner--addressDetailDetailsName1","interaction":{"idSuffix":"inner"}},"clearTextFirst":true,"interactionType":"ENTER_TEXT"}]}
COMMAND: POST /session/54b51d12ae76246c47a9cfd9839bf688/execute/async - {"script":"<script> [1562 bytes]","args":[{"selector":{"id":"application-managepartners-display-component---NewPartner--addressDetailDetailsLanguage-arrow"},"wdio_ui5_key":"applicationmanagepartners-display-component---NewPartner--addressDetailDetailsLanguage-arrow"}]}
RESULT: {"script":"<script> [1562 bytes]","args":[{"selector":{"id":"application-managepartners-display-component---NewPartner--addressDetailDetailsLanguage-arrow"},"wdio_ui5_key":"applicationmanagepartners-display-component---NewPartner--addressDetailDetailsLanguage-arrow"}]}
RESULT: undefined
COMMAND: POST /session/54b51d12ae76246c47a9cfd9839bf688/element - {"using":"xpath","value":"//*[@id=\"application-managepartners-display-component---NewPartner--addressDetailDetailsLanguage-arrow\"]"}
RESULT: {"using":"xpath","value":"//*[@id=\"application-managepartners-display-component---NewPartner--addressDetailDetailsLanguage-arrow\"]"}
COMMAND: POST /session/54b51d12ae76246c47a9cfd9839bf688/element/f.C3AA7480AC9969AD6A76FCDF8BFD3774.d.70D0EDBE0F008BC2C33A798CC752B512.e.7525/click - {}
RESULT: {}
COMMAND: POST /session/54b51d12ae76246c47a9cfd9839bf688/element - {"using":"xpath","value":"//span[contains(text(), \"English\")]"}
COMMAND: GET /session/54b51d12ae76246c47a9cfd9839bf688/screenshot - {}
RESULT: {}
RESULT: {"using":"xpath","value":"//span[contains(text(), \"English\")]"}
COMMAND: POST /session/54b51d12ae76246c47a9cfd9839bf688/element/f.C3AA7480AC9969AD6A76FCDF8BFD3774.d.70D0EDBE0F008BC2C33A798CC752B512.e.7526/click - {}
RESULT: {}
COMMAND: GET /session/54b51d12ae76246c47a9cfd9839bf688/screenshot - {}
RESULT: {}
COMMAND: POST /session/54b51d12ae76246c47a9cfd9839bf688/execute/async - {"script":"<script> [1562 bytes]","args":[{"selector":{"id":"application-managepartners-display-component---NewPartner--addressDetailDetailsCity1","interaction":{"idSuffix":"inner"}},"wdio_ui5_key":"applicationmanagepartners-display-component---NewPartner--addressDetailDetailsCity1"}]}
RESULT: {"script":"<script> [1562 bytes]","args":[{"selector":{"id":"application-managepartners-display-component---NewPartner--addressDetailDetailsCity1","interaction":{"idSuffix":"inner"}},"wdio_ui5_key":"applicationmanagepartners-display-component---NewPartner--addressDetailDetailsCity1"}]}
RESULT: undefined
COMMAND: POST /session/54b51d12ae76246c47a9cfd9839bf688/execute/async - {"script":"<script> [776 bytes]","args":[{"enterText":"Rosario","selector":{"id":"application-managepartners-display-component---NewPartner--addressDetailDetailsCity1","interaction":{"idSuffix":"inner"}},"clearTextFirst":true,"interactionType":"ENTER_TEXT"}]}
RESULT: {"script":"<script> [776 bytes]","args":[{"enterText":"Rosario","selector":{"id":"application-managepartners-display-component---NewPartner--addressDetailDetailsCity1","interaction":{"idSuffix":"inner"}},"clearTextFirst":true,"interactionType":"ENTER_TEXT"}]}
COMMAND: POST /session/54b51d12ae76246c47a9cfd9839bf688/execute/async - {"script":"<script> [1562 bytes]","args":[{"selector":{"id":"application-managepartners-display-component---NewPartner--addressDetailDetailsCountry-arrow"},"wdio_ui5_key":"applicationmanagepartners-display-component---NewPartner--addressDetailDetailsCountry-arrow"}]}
RESULT: {"script":"<script> [1562 bytes]","args":[{"selector":{"id":"application-managepartners-display-component---NewPartner--addressDetailDetailsCountry-arrow"},"wdio_ui5_key":"applicationmanagepartners-display-component---NewPartner--addressDetailDetailsCountry-arrow"}]}
RESULT: undefined
COMMAND: POST /session/54b51d12ae76246c47a9cfd9839bf688/element - {"using":"xpath","value":"//*[@id=\"application-managepartners-display-component---NewPartner--addressDetailDetailsCountry-arrow\"]"}
RESULT: {"using":"xpath","value":"//*[@id=\"application-managepartners-display-component---NewPartner--addressDetailDetailsCountry-arrow\"]"}
COMMAND: POST /session/54b51d12ae76246c47a9cfd9839bf688/element/f.C3AA7480AC9969AD6A76FCDF8BFD3774.d.70D0EDBE0F008BC2C33A798CC752B512.e.7512/click - {}
RESULT: {}
COMMAND: POST /session/54b51d12ae76246c47a9cfd9839bf688/element - {"using":"xpath","value":"//span[contains(text(), \"Argentina\")]"}
COMMAND: GET /session/54b51d12ae76246c47a9cfd9839bf688/screenshot - {}
RESULT: {"using":"xpath","value":"//span[contains(text(), \"Argentina\")]"}
COMMAND: POST /session/54b51d12ae76246c47a9cfd9839bf688/element/f.C3AA7480AC9969AD6A76FCDF8BFD3774.d.70D0EDBE0F008BC2C33A798CC752B512.e.7528/click - {}
RESULT: {}
RESULT: {}
COMMAND: GET /session/54b51d12ae76246c47a9cfd9839bf688/screenshot - {}
RESULT: {}
COMMAND: POST /session/54b51d12ae76246c47a9cfd9839bf688/element - {"using":"xpath","value":"//bdi[contains(text(), \"Commercial\")]"}
RESULT: {"using":"xpath","value":"//bdi[contains(text(), \"Commercial\")]"}
COMMAND: POST /session/54b51d12ae76246c47a9cfd9839bf688/element/f.C3AA7480AC9969AD6A76FCDF8BFD3774.d.70D0EDBE0F008BC2C33A798CC752B512.e.7529/click - {}
RESULT: {}
COMMAND: GET /session/54b51d12ae76246c47a9cfd9839bf688/screenshot - {}
RESULT: {}
COMMAND: POST /session/54b51d12ae76246c47a9cfd9839bf688/execute/async - {"script":"<script> [1562 bytes]","args":[{"selector":{"id":"application-managepartners-display-component---NewPartner--partnerDetailInternal-arrow"},"wdio_ui5_key":"applicationmanagepartners-display-component---NewPartner--partnerDetailInternal-arrow"}]}
RESULT: {"script":"<script> [1562 bytes]","args":[{"selector":{"id":"application-managepartners-display-component---NewPartner--partnerDetailInternal-arrow"},"wdio_ui5_key":"applicationmanagepartners-display-component---NewPartner--partnerDetailInternal-arrow"}]}
RESULT: undefined
COMMAND: POST /session/54b51d12ae76246c47a9cfd9839bf688/element - {"using":"xpath","value":"//*[@id=\"application-managepartners-display-component---NewPartner--partnerDetailInternal-arrow\"]"}
RESULT: {"using":"xpath","value":"//*[@id=\"application-managepartners-display-component---NewPartner--partnerDetailInternal-arrow\"]"}
COMMAND: POST /session/54b51d12ae76246c47a9cfd9839bf688/element/f.C3AA7480AC9969AD6A76FCDF8BFD3774.d.70D0EDBE0F008BC2C33A798CC752B512.e.7535/click - {}
RESULT: {}
COMMAND: POST /session/54b51d12ae76246c47a9cfd9839bf688/element - {"using":"xpath","value":"//span[contains(text(), \"Affiliated company\")]"}
COMMAND: GET /session/54b51d12ae76246c47a9cfd9839bf688/screenshot - {}
RESULT: {"using":"xpath","value":"//span[contains(text(), \"Affiliated company\")]"}
COMMAND: POST /session/54b51d12ae76246c47a9cfd9839bf688/element/f.C3AA7480AC9969AD6A76FCDF8BFD3774.d.70D0EDBE0F008BC2C33A798CC752B512.e.7536/click - {}
RESULT: {}
RESULT: {}
COMMAND: POST /session/54b51d12ae76246c47a9cfd9839bf688/execute/async - {"script":"<script> [1562 bytes]","args":[{"selector":{"id":"application-managepartners-display-component---NewPartner--partnerDetailsCurrency-arrow"},"wdio_ui5_key":"applicationmanagepartners-display-component---NewPartner--partnerDetailsCurrency-arrow"}]}
COMMAND: GET /session/54b51d12ae76246c47a9cfd9839bf688/screenshot - {}
RESULT: {"script":"<script> [1562 bytes]","args":[{"selector":{"id":"application-managepartners-display-component---NewPartner--partnerDetailsCurrency-arrow"},"wdio_ui5_key":"applicationmanagepartners-display-component---NewPartner--partnerDetailsCurrency-arrow"}]}
RESULT: undefined
COMMAND: POST /session/54b51d12ae76246c47a9cfd9839bf688/element - {"using":"xpath","value":"//*[@id=\"application-managepartners-display-component---NewPartner--partnerDetailsCurrency-arrow\"]"}
RESULT: {}
RESULT: {"using":"xpath","value":"//*[@id=\"application-managepartners-display-component---NewPartner--partnerDetailsCurrency-arrow\"]"}
COMMAND: POST /session/54b51d12ae76246c47a9cfd9839bf688/element/f.C3AA7480AC9969AD6A76FCDF8BFD3774.d.70D0EDBE0F008BC2C33A798CC752B512.e.7543/click - {}
RESULT: {}
COMMAND: POST /session/54b51d12ae76246c47a9cfd9839bf688/element - {"using":"xpath","value":"//span[contains(text(), \"Euro\")]"}
COMMAND: GET /session/54b51d12ae76246c47a9cfd9839bf688/screenshot - {}
RESULT: {"using":"xpath","value":"//span[contains(text(), \"Euro\")]"}
COMMAND: POST /session/54b51d12ae76246c47a9cfd9839bf688/element/f.C3AA7480AC9969AD6A76FCDF8BFD3774.d.70D0EDBE0F008BC2C33A798CC752B512.e.7544/click - {}
RESULT: {}
RESULT: {}
COMMAND: POST /session/54b51d12ae76246c47a9cfd9839bf688/execute/async - {"script":"<script> [1562 bytes]","args":[{"selector":{"id":"application-managepartners-display-component---NewPartner--addressEditDetailsCostObjectCstType-arrow"},"wdio_ui5_key":"applicationmanagepartners-display-component---NewPartner--addressEditDetailsCostObjectCstType-arrow"}]}
COMMAND: GET /session/54b51d12ae76246c47a9cfd9839bf688/screenshot - {}
RESULT: {"script":"<script> [1562 bytes]","args":[{"selector":{"id":"application-managepartners-display-component---NewPartner--addressEditDetailsCostObjectCstType-arrow"},"wdio_ui5_key":"applicationmanagepartners-display-component---NewPartner--addressEditDetailsCostObjectCstType-arrow"}]}
RESULT: undefined
COMMAND: POST /session/54b51d12ae76246c47a9cfd9839bf688/element - {"using":"xpath","value":"//*[@id=\"application-managepartners-display-component---NewPartner--addressEditDetailsCostObjectCstType-arrow\"]"}
RESULT: {}
RESULT: {"using":"xpath","value":"//*[@id=\"application-managepartners-display-component---NewPartner--addressEditDetailsCostObjectCstType-arrow\"]"}
COMMAND: POST /session/54b51d12ae76246c47a9cfd9839bf688/element/f.C3AA7480AC9969AD6A76FCDF8BFD3774.d.70D0EDBE0F008BC2C33A798CC752B512.e.7545/click - {}
RESULT: {}
COMMAND: POST /session/54b51d12ae76246c47a9cfd9839bf688/element - {"using":"xpath","value":"//span[contains(text(), \"Cost Center\")]"}
COMMAND: GET /session/54b51d12ae76246c47a9cfd9839bf688/screenshot - {}
RESULT: {"using":"xpath","value":"//span[contains(text(), \"Cost Center\")]"}
COMMAND: POST /session/54b51d12ae76246c47a9cfd9839bf688/element/f.C3AA7480AC9969AD6A76FCDF8BFD3774.d.70D0EDBE0F008BC2C33A798CC752B512.e.7546/click - {}
RESULT: {}
RESULT: {}
COMMAND: GET /session/54b51d12ae76246c47a9cfd9839bf688/screenshot - {}
RESULT: {}
COMMAND: POST /session/54b51d12ae76246c47a9cfd9839bf688/element - {"using":"xpath","value":"//span[@id=\"application-managepartners-display-component---NewPartner--addressNewCostObjectCstID-vhi\"]"}
RESULT: {"using":"xpath","value":"//span[@id=\"application-managepartners-display-component---NewPartner--addressNewCostObjectCstID-vhi\"]"}
COMMAND: POST /session/54b51d12ae76246c47a9cfd9839bf688/execute/sync - {"script":"<script> [8489 bytes]","args":[{"element-6066-11e4-a52e-4f735466cecf":"f.C3AA7480AC9969AD6A76FCDF8BFD3774.d.70D0EDBE0F008BC2C33A798CC752B512.e.7550","ELEMENT":"f.C3AA7480AC9969AD6A76FCDF8BFD3774.d.70D0EDBE0F008BC2C33A798CC752B512.e.7550"}]}
RESULT: {"script":"<script> [8489 bytes]","args":[{"element-6066-11e4-a52e-4f735466cecf":"f.C3AA7480AC9969AD6A76FCDF8BFD3774.d.70D0EDBE0F008BC2C33A798CC752B512.e.7550","ELEMENT":"f.C3AA7480AC9969AD6A76FCDF8BFD3774.d.70D0EDBE0F008BC2C33A798CC752B512.e.7550"}]}
COMMAND: POST /session/54b51d12ae76246c47a9cfd9839bf688/execute/async - {"script":"<script> [1562 bytes]","args":[{"selector":{"id":"application-managepartners-display-component---NewPartner--addressNewCostObjectCstID-vhi"},"wdio_ui5_key":"applicationmanagepartners-display-component---NewPartner--addressNewCostObjectCstID-vhi"}]}
COMMAND: GET /session/54b51d12ae76246c47a9cfd9839bf688/screenshot - {}
RESULT: {"script":"<script> [1562 bytes]","args":[{"selector":{"id":"application-managepartners-display-component---NewPartner--addressNewCostObjectCstID-vhi"},"wdio_ui5_key":"applicationmanagepartners-display-component---NewPartner--addressNewCostObjectCstID-vhi"}]}
RESULT: undefined
COMMAND: POST /session/54b51d12ae76246c47a9cfd9839bf688/element - {"using":"xpath","value":"//*[@id=\"application-managepartners-display-component---NewPartner--addressNewCostObjectCstID-vhi\"]"}
RESULT: {}
RESULT: {"using":"xpath","value":"//*[@id=\"application-managepartners-display-component---NewPartner--addressNewCostObjectCstID-vhi\"]"}
COMMAND: POST /session/54b51d12ae76246c47a9cfd9839bf688/element/f.C3AA7480AC9969AD6A76FCDF8BFD3774.d.70D0EDBE0F008BC2C33A798CC752B512.e.7550/click - {}
RESULT: {}
COMMAND: GET /session/54b51d12ae76246c47a9cfd9839bf688/screenshot - {}
RESULT: {}
RESULT: undefined
COMMAND: POST /session/54b51d12ae76246c47a9cfd9839bf688/execute/async - {"script":"<script> [776 bytes]","args":[{"enterText":"10001013","selector":{"controlType":"sap.m.SearchField","properties":{"placeholder":"Search"},"searchOpenDialogs":true,"interaction":{"idSuffix":"I"}},"clearTextFirst":true,"interactionType":"ENTER_TEXT"}]}
RESULT: {"script":"<script> [776 bytes]","args":[{"enterText":"10001013","selector":{"controlType":"sap.m.SearchField","properties":{"placeholder":"Search"},"searchOpenDialogs":true,"interaction":{"idSuffix":"I"}},"clearTextFirst":true,"interactionType":"ENTER_TEXT"}]}
COMMAND: POST /session/54b51d12ae76246c47a9cfd9839bf688/actions - {"actions":[{"id":"action19","type":"key","parameters":{},"actions":[{"type":"keyDown","value":"î€‡"},{"type":"pause","duration":10},{"type":"keyUp","value":"î€‡"}]}]}
RESULT: {"actions":[{"id":"action19","type":"key","parameters":{},"actions":[{"type":"keyDown","value":"î€‡"},{"type":"pause","duration":10},{"type":"keyUp","value":"î€‡"}]}]}
COMMAND: GET /session/54b51d12ae76246c47a9cfd9839bf688/screenshot - {}
RESULT: {}
COMMAND: POST /session/54b51d12ae76246c47a9cfd9839bf688/element - {"using":"xpath","value":"//span[contains(text(), \"General Management\")]"}
RESULT: {"using":"xpath","value":"//span[contains(text(), \"General Management\")]"}
COMMAND: POST /session/54b51d12ae76246c47a9cfd9839bf688/element/f.C3AA7480AC9969AD6A76FCDF8BFD3774.d.70D0EDBE0F008BC2C33A798CC752B512.e.7589/click - {}
RESULT: {}
COMMAND: GET /session/54b51d12ae76246c47a9cfd9839bf688/screenshot - {}
RESULT: {}
COMMAND: POST /session/54b51d12ae76246c47a9cfd9839bf688/element - {"using":"xpath","value":"//bdi[contains(text(), \"OK\")]"}
RESULT: {"using":"xpath","value":"//bdi[contains(text(), \"OK\")]"}
COMMAND: POST /session/54b51d12ae76246c47a9cfd9839bf688/element/f.C3AA7480AC9969AD6A76FCDF8BFD3774.d.70D0EDBE0F008BC2C33A798CC752B512.e.7590/click - {}
RESULT: {}
COMMAND: GET /session/54b51d12ae76246c47a9cfd9839bf688/screenshot - {}
RESULT: {}
COMMAND: POST /session/54b51d12ae76246c47a9cfd9839bf688/element - {"using":"xpath","value":"//input[@id=\"application-managepartners-display-component---NewPartner--companyCodeComboBox-inner\"]"}
RESULT: {"using":"xpath","value":"//input[@id=\"application-managepartners-display-component---NewPartner--companyCodeComboBox-inner\"]"}
COMMAND: POST /session/54b51d12ae76246c47a9cfd9839bf688/element/f.C3AA7480AC9969AD6A76FCDF8BFD3774.d.70D0EDBE0F008BC2C33A798CC752B512.e.7391/clear - {}
RESULT: {}
COMMAND: POST /session/54b51d12ae76246c47a9cfd9839bf688/element/f.C3AA7480AC9969AD6A76FCDF8BFD3774.d.70D0EDBE0F008BC2C33A798CC752B512.e.7391/value - {"text":"1000"}
COMMAND: GET /session/54b51d12ae76246c47a9cfd9839bf688/screenshot - {}
RESULT: {"text":"1000"}
COMMAND: GET /session/54b51d12ae76246c47a9cfd9839bf688/screenshot - {}
RESULT: {}
RESULT: {}
COMMAND: POST /session/54b51d12ae76246c47a9cfd9839bf688/element - {"using":"xpath","value":"//li[.//span[text()= \"1000\"]]"}
RESULT: {"using":"xpath","value":"//li[.//span[text()= \"1000\"]]"}
COMMAND: POST /session/54b51d12ae76246c47a9cfd9839bf688/element/f.C3AA7480AC9969AD6A76FCDF8BFD3774.d.70D0EDBE0F008BC2C33A798CC752B512.e.7596/click - {}
RESULT: {}
COMMAND: GET /session/54b51d12ae76246c47a9cfd9839bf688/screenshot - {}
RESULT: {}
COMMAND: POST /session/54b51d12ae76246c47a9cfd9839bf688/execute/async - {"script":"<script> [1562 bytes]","args":[{"selector":{"id":"application-managepartners-display-component---NewPartner--btnAddTableRow-img"},"wdio_ui5_key":"applicationmanagepartners-display-component---NewPartner--btnAddTableRow-img"}]}
RESULT: {"script":"<script> [1562 bytes]","args":[{"selector":{"id":"application-managepartners-display-component---NewPartner--btnAddTableRow-img"},"wdio_ui5_key":"applicationmanagepartners-display-component---NewPartner--btnAddTableRow-img"}]}
RESULT: undefined
COMMAND: POST /session/54b51d12ae76246c47a9cfd9839bf688/element - {"using":"xpath","value":"//*[@id=\"application-managepartners-display-component---NewPartner--btnAddTableRow-img\"]"}
RESULT: {"using":"xpath","value":"//*[@id=\"application-managepartners-display-component---NewPartner--btnAddTableRow-img\"]"}
COMMAND: POST /session/54b51d12ae76246c47a9cfd9839bf688/element/f.C3AA7480AC9969AD6A76FCDF8BFD3774.d.70D0EDBE0F008BC2C33A798CC752B512.e.7597/click - {}
RESULT: {}
COMMAND: GET /session/54b51d12ae76246c47a9cfd9839bf688/screenshot - {}
RESULT: {}
COMMAND: POST /session/54b51d12ae76246c47a9cfd9839bf688/element - {"using":"xpath","value":"//input[@id=\"application-managepartners-display-component---NewPartner--assignmentYard-application-managepartners-display-component---NewPartner--assignmentsTable-0-inner\"]"}
RESULT: {"using":"xpath","value":"//input[@id=\"application-managepartners-display-component---NewPartner--assignmentYard-application-managepartners-display-component---NewPartner--assignmentsTable-0-inner\"]"}
COMMAND: POST /session/54b51d12ae76246c47a9cfd9839bf688/element/f.C3AA7480AC9969AD6A76FCDF8BFD3774.d.70D0EDBE0F008BC2C33A798CC752B512.e.7600/clear - {}
RESULT: {}
COMMAND: POST /session/54b51d12ae76246c47a9cfd9839bf688/element/f.C3AA7480AC9969AD6A76FCDF8BFD3774.d.70D0EDBE0F008BC2C33A798CC752B512.e.7600/value - {"text":"602"}
COMMAND: GET /session/54b51d12ae76246c47a9cfd9839bf688/screenshot - {}
RESULT: {"text":"602"}
COMMAND: GET /session/54b51d12ae76246c47a9cfd9839bf688/screenshot - {}
RESULT: {}
RESULT: {}
COMMAND: POST /session/54b51d12ae76246c47a9cfd9839bf688/element - {"using":"xpath","value":"//li[.//span[text()='602']]"}
RESULT: {"using":"xpath","value":"//li[.//span[text()='602']]"}
COMMAND: POST /session/54b51d12ae76246c47a9cfd9839bf688/element/f.C3AA7480AC9969AD6A76FCDF8BFD3774.d.70D0EDBE0F008BC2C33A798CC752B512.e.7609/click - {}
RESULT: {}
COMMAND: GET /session/54b51d12ae76246c47a9cfd9839bf688/screenshot - {}
RESULT: {}
COMMAND: POST /session/54b51d12ae76246c47a9cfd9839bf688/actions - {"actions":[{"id":"action20","type":"key","parameters":{},"actions":[{"type":"keyDown","value":"î€‡"},{"type":"pause","duration":10},{"type":"keyUp","value":"î€‡"}]}]}
RESULT: {"actions":[{"id":"action20","type":"key","parameters":{},"actions":[{"type":"keyDown","value":"î€‡"},{"type":"pause","duration":10},{"type":"keyUp","value":"î€‡"}]}]}
COMMAND: POST /session/54b51d12ae76246c47a9cfd9839bf688/execute/async - {"script":"<script> [1562 bytes]","args":[{"selector":{"id":"application-managepartners-display-component---NewPartner--externalCustomerComboBox-application-managepartners-display-component---NewPartner--assignmentsTable-0-vhi"},"wdio_ui5_key":"applicationmanagepartners-display-component---NewPartner--externalCustomerComboBox-application-managepartners-display-component---NewPartner--assignmentsTable-0-vhi"}]}
COMMAND: GET /session/54b51d12ae76246c47a9cfd9839bf688/screenshot - {}
RESULT: {"script":"<script> [1562 bytes]","args":[{"selector":{"id":"application-managepartners-display-component---NewPartner--externalCustomerComboBox-application-managepartners-display-component---NewPartner--assignmentsTable-0-vhi"},"wdio_ui5_key":"applicationmanagepartners-display-component---NewPartner--externalCustomerComboBox-application-managepartners-display-component---NewPartner--assignmentsTable-0-vhi"}]}
RESULT: undefined
COMMAND: POST /session/54b51d12ae76246c47a9cfd9839bf688/element - {"using":"xpath","value":"//*[@id=\"application-managepartners-display-component---NewPartner--externalCustomerComboBox-application-managepartners-display-component---NewPartner--assignmentsTable-0-vhi\"]"}
RESULT: {}
RESULT: {"using":"xpath","value":"//*[@id=\"application-managepartners-display-component---NewPartner--externalCustomerComboBox-application-managepartners-display-component---NewPartner--assignmentsTable-0-vhi\"]"}
COMMAND: POST /session/54b51d12ae76246c47a9cfd9839bf688/element/f.C3AA7480AC9969AD6A76FCDF8BFD3774.d.70D0EDBE0F008BC2C33A798CC752B512.e.7613/click - {}
RESULT: {}
RESULT: undefined
COMMAND: POST /session/54b51d12ae76246c47a9cfd9839bf688/execute/async - {"script":"<script> [776 bytes]","args":[{"enterText":"300003","selector":{"controlType":"sap.m.SearchField","properties":{"placeholder":"Search"},"searchOpenDialogs":true,"interaction":{"idSuffix":"I"}},"clearTextFirst":true,"interactionType":"ENTER_TEXT"}]}
COMMAND: GET /session/54b51d12ae76246c47a9cfd9839bf688/screenshot - {}
RESULT: {"script":"<script> [776 bytes]","args":[{"enterText":"300003","selector":{"controlType":"sap.m.SearchField","properties":{"placeholder":"Search"},"searchOpenDialogs":true,"interaction":{"idSuffix":"I"}},"clearTextFirst":true,"interactionType":"ENTER_TEXT"}]}
COMMAND: POST /session/54b51d12ae76246c47a9cfd9839bf688/actions - {"actions":[{"id":"action21","type":"key","parameters":{},"actions":[{"type":"keyDown","value":"î€‡"},{"type":"pause","duration":10},{"type":"keyUp","value":"î€‡"}]}]}
RESULT: {}
RESULT: {"actions":[{"id":"action21","type":"key","parameters":{},"actions":[{"type":"keyDown","value":"î€‡"},{"type":"pause","duration":10},{"type":"keyUp","value":"î€‡"}]}]}
COMMAND: GET /session/54b51d12ae76246c47a9cfd9839bf688/screenshot - {}
RESULT: {}
COMMAND: POST /session/54b51d12ae76246c47a9cfd9839bf688/element - {"using":"xpath","value":"//span[contains(text(), \"300003\")]"}
RESULT: {"using":"xpath","value":"//span[contains(text(), \"300003\")]"}
COMMAND: POST /session/54b51d12ae76246c47a9cfd9839bf688/element/f.C3AA7480AC9969AD6A76FCDF8BFD3774.d.70D0EDBE0F008BC2C33A798CC752B512.e.7631/click - {}
RESULT: {}
COMMAND: GET /session/54b51d12ae76246c47a9cfd9839bf688/screenshot - {}
RESULT: {}
COMMAND: POST /session/54b51d12ae76246c47a9cfd9839bf688/element - {"using":"xpath","value":"//bdi[contains(text(), \"OK\")]"}
RESULT: {"using":"xpath","value":"//bdi[contains(text(), \"OK\")]"}
COMMAND: POST /session/54b51d12ae76246c47a9cfd9839bf688/element/f.C3AA7480AC9969AD6A76FCDF8BFD3774.d.70D0EDBE0F008BC2C33A798CC752B512.e.7633/click - {}
RESULT: {}
COMMAND: GET /session/54b51d12ae76246c47a9cfd9839bf688/screenshot - {}
RESULT: {}
COMMAND: POST /session/54b51d12ae76246c47a9cfd9839bf688/execute/async - {"script":"<script> [1562 bytes]","args":[{"selector":{"id":"application-managepartners-display-component---NewPartner--intercompVendorComboBox-application-managepartners-display-component---NewPartner--assignmentsTable-0-vhi"},"wdio_ui5_key":"applicationmanagepartners-display-component---NewPartner--intercompVendorComboBox-application-managepartners-display-component---NewPartner--assignmentsTable-0-vhi"}]}
RESULT: {"script":"<script> [1562 bytes]","args":[{"selector":{"id":"application-managepartners-display-component---NewPartner--intercompVendorComboBox-application-managepartners-display-component---NewPartner--assignmentsTable-0-vhi"},"wdio_ui5_key":"applicationmanagepartners-display-component---NewPartner--intercompVendorComboBox-application-managepartners-display-component---NewPartner--assignmentsTable-0-vhi"}]}
RESULT: undefined
COMMAND: POST /session/54b51d12ae76246c47a9cfd9839bf688/element - {"using":"xpath","value":"//*[@id=\"application-managepartners-display-component---NewPartner--intercompVendorComboBox-application-managepartners-display-component---NewPartner--assignmentsTable-0-vhi\"]"}
RESULT: {"using":"xpath","value":"//*[@id=\"application-managepartners-display-component---NewPartner--intercompVendorComboBox-application-managepartners-display-component---NewPartner--assignmentsTable-0-vhi\"]"}
COMMAND: POST /session/54b51d12ae76246c47a9cfd9839bf688/element/f.C3AA7480AC9969AD6A76FCDF8BFD3774.d.70D0EDBE0F008BC2C33A798CC752B512.e.7637/click - {}
RESULT: {}
RESULT: undefined
COMMAND: POST /session/54b51d12ae76246c47a9cfd9839bf688/execute/async - {"script":"<script> [776 bytes]","args":[{"enterText":"100005","selector":{"controlType":"sap.m.SearchField","properties":{"placeholder":"Search"},"searchOpenDialogs":true,"interaction":{"idSuffix":"I"}},"clearTextFirst":true,"interactionType":"ENTER_TEXT"}]}
COMMAND: GET /session/54b51d12ae76246c47a9cfd9839bf688/screenshot - {}
RESULT: {"script":"<script> [776 bytes]","args":[{"enterText":"100005","selector":{"controlType":"sap.m.SearchField","properties":{"placeholder":"Search"},"searchOpenDialogs":true,"interaction":{"idSuffix":"I"}},"clearTextFirst":true,"interactionType":"ENTER_TEXT"}]}
COMMAND: POST /session/54b51d12ae76246c47a9cfd9839bf688/actions - {"actions":[{"id":"action22","type":"key","parameters":{},"actions":[{"type":"keyDown","value":"î€‡"},{"type":"pause","duration":10},{"type":"keyUp","value":"î€‡"}]}]}
RESULT: {}
RESULT: {"actions":[{"id":"action22","type":"key","parameters":{},"actions":[{"type":"keyDown","value":"î€‡"},{"type":"pause","duration":10},{"type":"keyUp","value":"î€‡"}]}]}
COMMAND: GET /session/54b51d12ae76246c47a9cfd9839bf688/screenshot - {}
RESULT: {}
COMMAND: POST /session/54b51d12ae76246c47a9cfd9839bf688/element - {"using":"xpath","value":"//span[contains(text(), \"Penguins - Field/12345 Berlin\")]"}
RESULT: {"using":"xpath","value":"//span[contains(text(), \"Penguins - Field/12345 Berlin\")]"}
COMMAND: POST /session/54b51d12ae76246c47a9cfd9839bf688/element/f.C3AA7480AC9969AD6A76FCDF8BFD3774.d.70D0EDBE0F008BC2C33A798CC752B512.e.7656/click - {}
RESULT: {}
COMMAND: GET /session/54b51d12ae76246c47a9cfd9839bf688/screenshot - {}
RESULT: {}
COMMAND: POST /session/54b51d12ae76246c47a9cfd9839bf688/element - {"using":"xpath","value":"//bdi[contains(text(), \"OK\")]"}
RESULT: {"using":"xpath","value":"//bdi[contains(text(), \"OK\")]"}
COMMAND: POST /session/54b51d12ae76246c47a9cfd9839bf688/element/f.C3AA7480AC9969AD6A76FCDF8BFD3774.d.70D0EDBE0F008BC2C33A798CC752B512.e.7657/click - {}
RESULT: {}
COMMAND: GET /session/54b51d12ae76246c47a9cfd9839bf688/screenshot - {}
RESULT: {}
COMMAND: POST /session/54b51d12ae76246c47a9cfd9839bf688/element - {"using":"xpath","value":"//button[@data-kt=\"saveButton\"]"}
RESULT: {"using":"xpath","value":"//button[@data-kt=\"saveButton\"]"}
COMMAND: POST /session/54b51d12ae76246c47a9cfd9839bf688/element/f.C3AA7480AC9969AD6A76FCDF8BFD3774.d.70D0EDBE0F008BC2C33A798CC752B512.e.7462/click - {}
RESULT: {}
COMMAND: GET /session/54b51d12ae76246c47a9cfd9839bf688/screenshot - {}
RESULT: {}
COMMAND: POST /session/54b51d12ae76246c47a9cfd9839bf688/element - {"using":"xpath","value":"//header[contains(@id, 'ObjectPageLayout-headerTitle')]/div[1]/div[2]/div[2]/span[1]"}
RESULT: {"using":"xpath","value":"//header[contains(@id, 'ObjectPageLayout-headerTitle')]/div[1]/div[2]/div[2]/span[1]"}
COMMAND: POST /session/54b51d12ae76246c47a9cfd9839bf688/elements - {"using":"xpath","value":"//header[contains(@id, 'ObjectPageLayout-headerTitle')]/div[1]/div[2]/div[2]/span[1]"}
RESULT: {"using":"xpath","value":"//header[contains(@id, 'ObjectPageLayout-headerTitle')]/div[1]/div[2]/div[2]/span[1]"}
COMMAND: POST /session/54b51d12ae76246c47a9cfd9839bf688/execute/sync - {"script":"<script> [56 bytes]","args":[{"element-6066-11e4-a52e-4f735466cecf":"f.C3AA7480AC9969AD6A76FCDF8BFD3774.d.70D0EDBE0F008BC2C33A798CC752B512.e.7823","ELEMENT":"f.C3AA7480AC9969AD6A76FCDF8BFD3774.d.70D0EDBE0F008BC2C33A798CC752B512.e.7823"}]}
RESULT: {"script":"<script> [56 bytes]","args":[{"element-6066-11e4-a52e-4f735466cecf":"f.C3AA7480AC9969AD6A76FCDF8BFD3774.d.70D0EDBE0F008BC2C33A798CC752B512.e.7823","ELEMENT":"f.C3AA7480AC9969AD6A76FCDF8BFD3774.d.70D0EDBE0F008BC2C33A798CC752B512.e.7823"}]}
COMMAND: POST /session/54b51d12ae76246c47a9cfd9839bf688/element - {"using":"css selector","value":"#shell-header-logo"}
COMMAND: GET /session/54b51d12ae76246c47a9cfd9839bf688/screenshot - {}
RESULT: {}
RESULT: {"using":"css selector","value":"#shell-header-logo"}
COMMAND: POST /session/54b51d12ae76246c47a9cfd9839bf688/element/f.C3AA7480AC9969AD6A76FCDF8BFD3774.d.70D0EDBE0F008BC2C33A798CC752B512.e.7047/click - {}
RESULT: {}
COMMAND: GET /session/54b51d12ae76246c47a9cfd9839bf688/screenshot - {}
RESULT: {}
COMMAND: POST /session/54b51d12ae76246c47a9cfd9839bf688/execute/sync - {"script":"<script> [299 bytes]","args":[["getModel","getResource"]]}
RESULT: {"script":"<script> [299 bytes]","args":[["getModel","getResource"]]}
]]></system-out>
    </testcase>
    <testcase classname="chrome.136_0_7103_93.windows.Billing_Transfer_-_Intracompany_US127249" name="Should create a new site" time="102.756">
      <system-out><![CDATA[
COMMAND: POST /session/54b51d12ae76246c47a9cfd9839bf688/execute/async - {"script":"<script> [1562 bytes]","args":[{"selector":{"controlType":"sap.m.GenericTile","properties":{"header":"Manage Sites"}},"wdio_ui5_key":"sapm.GenericTile{\"header\":\"Manage Sites\"}"}]}
COMMAND: GET /session/54b51d12ae76246c47a9cfd9839bf688/screenshot - {}
RESULT: {"script":"<script> [1562 bytes]","args":[{"selector":{"controlType":"sap.m.GenericTile","properties":{"header":"Manage Sites"}},"wdio_ui5_key":"sapm.GenericTile{\"header\":\"Manage Sites\"}"}]}
RESULT: undefined
COMMAND: POST /session/54b51d12ae76246c47a9cfd9839bf688/element - {"using":"xpath","value":"//*[@id=\"__tile40\"]"}
RESULT: {}
RESULT: {"using":"xpath","value":"//*[@id=\"__tile40\"]"}
COMMAND: POST /session/54b51d12ae76246c47a9cfd9839bf688/element/f.C3AA7480AC9969AD6A76FCDF8BFD3774.d.70D0EDBE0F008BC2C33A798CC752B512.e.6197/click - {}
RESULT: {}
COMMAND: GET /session/54b51d12ae76246c47a9cfd9839bf688/screenshot - {}
RESULT: {}
COMMAND: POST /session/54b51d12ae76246c47a9cfd9839bf688/elements - {"using":"xpath","value":"//span[text()='Error']"}
RESULT: {"using":"xpath","value":"//span[text()='Error']"}
COMMAND: POST /session/54b51d12ae76246c47a9cfd9839bf688/element - {"using":"xpath","value":"//button[@data-kt=\"addOverflowToolbarButton\"]"}
RESULT: {"using":"xpath","value":"//button[@data-kt=\"addOverflowToolbarButton\"]"}
COMMAND: POST /session/54b51d12ae76246c47a9cfd9839bf688/elements - {"using":"xpath","value":"//button[@data-kt=\"addOverflowToolbarButton\"]"}
RESULT: {"using":"xpath","value":"//button[@data-kt=\"addOverflowToolbarButton\"]"}
COMMAND: POST /session/54b51d12ae76246c47a9cfd9839bf688/execute/sync - {"script":"<script> [8489 bytes]","args":[{"element-6066-11e4-a52e-4f735466cecf":"f.C3AA7480AC9969AD6A76FCDF8BFD3774.d.70D0EDBE0F008BC2C33A798CC752B512.e.7869","ELEMENT":"f.C3AA7480AC9969AD6A76FCDF8BFD3774.d.70D0EDBE0F008BC2C33A798CC752B512.e.7869"}]}
RESULT: {"script":"<script> [8489 bytes]","args":[{"element-6066-11e4-a52e-4f735466cecf":"f.C3AA7480AC9969AD6A76FCDF8BFD3774.d.70D0EDBE0F008BC2C33A798CC752B512.e.7869","ELEMENT":"f.C3AA7480AC9969AD6A76FCDF8BFD3774.d.70D0EDBE0F008BC2C33A798CC752B512.e.7869"}]}
COMMAND: GET /session/54b51d12ae76246c47a9cfd9839bf688/element/f.C3AA7480AC9969AD6A76FCDF8BFD3774.d.70D0EDBE0F008BC2C33A798CC752B512.e.7869/enabled - {}
COMMAND: GET /session/54b51d12ae76246c47a9cfd9839bf688/screenshot - {}
RESULT: {}
COMMAND: POST /session/54b51d12ae76246c47a9cfd9839bf688/execute/sync - {"script":"<script> [8489 bytes]","args":[{"element-6066-11e4-a52e-4f735466cecf":"f.C3AA7480AC9969AD6A76FCDF8BFD3774.d.70D0EDBE0F008BC2C33A798CC752B512.e.7869","ELEMENT":"f.C3AA7480AC9969AD6A76FCDF8BFD3774.d.70D0EDBE0F008BC2C33A798CC752B512.e.7869"}]}
COMMAND: GET /session/54b51d12ae76246c47a9cfd9839bf688/screenshot - {}
RESULT: {}
RESULT: {"script":"<script> [8489 bytes]","args":[{"element-6066-11e4-a52e-4f735466cecf":"f.C3AA7480AC9969AD6A76FCDF8BFD3774.d.70D0EDBE0F008BC2C33A798CC752B512.e.7869","ELEMENT":"f.C3AA7480AC9969AD6A76FCDF8BFD3774.d.70D0EDBE0F008BC2C33A798CC752B512.e.7869"}]}
COMMAND: POST /session/54b51d12ae76246c47a9cfd9839bf688/execute/sync - {"script":"<script> [5351 bytes]","args":[{"element-6066-11e4-a52e-4f735466cecf":"f.C3AA7480AC9969AD6A76FCDF8BFD3774.d.70D0EDBE0F008BC2C33A798CC752B512.e.7869","ELEMENT":"f.C3AA7480AC9969AD6A76FCDF8BFD3774.d.70D0EDBE0F008BC2C33A798CC752B512.e.7869"}]}
COMMAND: GET /session/54b51d12ae76246c47a9cfd9839bf688/screenshot - {}
RESULT: {}
RESULT: {"script":"<script> [5351 bytes]","args":[{"element-6066-11e4-a52e-4f735466cecf":"f.C3AA7480AC9969AD6A76FCDF8BFD3774.d.70D0EDBE0F008BC2C33A798CC752B512.e.7869","ELEMENT":"f.C3AA7480AC9969AD6A76FCDF8BFD3774.d.70D0EDBE0F008BC2C33A798CC752B512.e.7869"}]}
COMMAND: POST /session/54b51d12ae76246c47a9cfd9839bf688/element/f.C3AA7480AC9969AD6A76FCDF8BFD3774.d.70D0EDBE0F008BC2C33A798CC752B512.e.7869/click - {}
COMMAND: GET /session/54b51d12ae76246c47a9cfd9839bf688/screenshot - {}
RESULT: {}
RESULT: {}
COMMAND: GET /session/54b51d12ae76246c47a9cfd9839bf688/screenshot - {}
COMMAND: POST /session/54b51d12ae76246c47a9cfd9839bf688/element - {"using":"xpath","value":"//input[@id=\"application-managesites-display-component---NewSite--siteId-inner\"]"}
RESULT: {}
RESULT: {}
RESULT: {"using":"xpath","value":"//input[@id=\"application-managesites-display-component---NewSite--siteId-inner\"]"}
COMMAND: POST /session/54b51d12ae76246c47a9cfd9839bf688/element - {"using":"xpath","value":"//input[@id=\"application-managesites-display-component---NewSite--siteId-inner\"]"}
RESULT: {"using":"xpath","value":"//input[@id=\"application-managesites-display-component---NewSite--siteId-inner\"]"}
COMMAND: POST /session/54b51d12ae76246c47a9cfd9839bf688/execute/async - {"script":"<script> [1562 bytes]","args":[{"selector":{"id":"application-managesites-display-component---NewSite--addressDetailDetailsName1","interaction":{"idSuffix":"inner"}},"wdio_ui5_key":"applicationmanagesites-display-component---NewSite--addressDetailDetailsName1"}]}
RESULT: {"script":"<script> [1562 bytes]","args":[{"selector":{"id":"application-managesites-display-component---NewSite--addressDetailDetailsName1","interaction":{"idSuffix":"inner"}},"wdio_ui5_key":"applicationmanagesites-display-component---NewSite--addressDetailDetailsName1"}]}
RESULT: undefined
COMMAND: POST /session/54b51d12ae76246c47a9cfd9839bf688/execute/async - {"script":"<script> [776 bytes]","args":[{"enterText":"Intracompany Site wdIO","selector":{"id":"application-managesites-display-component---NewSite--addressDetailDetailsName1","interaction":{"idSuffix":"inner"}},"clearTextFirst":true,"interactionType":"ENTER_TEXT"}]}
RESULT: {"script":"<script> [776 bytes]","args":[{"enterText":"Intracompany Site wdIO","selector":{"id":"application-managesites-display-component---NewSite--addressDetailDetailsName1","interaction":{"idSuffix":"inner"}},"clearTextFirst":true,"interactionType":"ENTER_TEXT"}]}
COMMAND: POST /session/54b51d12ae76246c47a9cfd9839bf688/execute/async - {"script":"<script> [1562 bytes]","args":[{"selector":{"id":"application-managesites-display-component---NewSite--addressDetailDetailsLanguage-arrow"},"wdio_ui5_key":"applicationmanagesites-display-component---NewSite--addressDetailDetailsLanguage-arrow"}]}
RESULT: {"script":"<script> [1562 bytes]","args":[{"selector":{"id":"application-managesites-display-component---NewSite--addressDetailDetailsLanguage-arrow"},"wdio_ui5_key":"applicationmanagesites-display-component---NewSite--addressDetailDetailsLanguage-arrow"}]}
RESULT: undefined
COMMAND: POST /session/54b51d12ae76246c47a9cfd9839bf688/element - {"using":"xpath","value":"//*[@id=\"application-managesites-display-component---NewSite--addressDetailDetailsLanguage-arrow\"]"}
RESULT: {"using":"xpath","value":"//*[@id=\"application-managesites-display-component---NewSite--addressDetailDetailsLanguage-arrow\"]"}
COMMAND: POST /session/54b51d12ae76246c47a9cfd9839bf688/element/f.C3AA7480AC9969AD6A76FCDF8BFD3774.d.70D0EDBE0F008BC2C33A798CC752B512.e.8278/click - {}
RESULT: {}
COMMAND: POST /session/54b51d12ae76246c47a9cfd9839bf688/element - {"using":"xpath","value":"//span[contains(text(), \"English\")]"}
COMMAND: GET /session/54b51d12ae76246c47a9cfd9839bf688/screenshot - {}
RESULT: {"using":"xpath","value":"//span[contains(text(), \"English\")]"}
COMMAND: POST /session/54b51d12ae76246c47a9cfd9839bf688/element/f.C3AA7480AC9969AD6A76FCDF8BFD3774.d.70D0EDBE0F008BC2C33A798CC752B512.e.8279/click - {}
RESULT: {}
RESULT: {}
COMMAND: POST /session/54b51d12ae76246c47a9cfd9839bf688/execute/async - {"script":"<script> [1562 bytes]","args":[{"selector":{"id":"application-managesites-display-component---NewSite--addressDetailDetailsCity1","interaction":{"idSuffix":"inner"}},"wdio_ui5_key":"applicationmanagesites-display-component---NewSite--addressDetailDetailsCity1"}]}
COMMAND: GET /session/54b51d12ae76246c47a9cfd9839bf688/screenshot - {}
RESULT: {"script":"<script> [1562 bytes]","args":[{"selector":{"id":"application-managesites-display-component---NewSite--addressDetailDetailsCity1","interaction":{"idSuffix":"inner"}},"wdio_ui5_key":"applicationmanagesites-display-component---NewSite--addressDetailDetailsCity1"}]}
RESULT: undefined
COMMAND: POST /session/54b51d12ae76246c47a9cfd9839bf688/execute/async - {"script":"<script> [776 bytes]","args":[{"enterText":"Rosario","selector":{"id":"application-managesites-display-component---NewSite--addressDetailDetailsCity1","interaction":{"idSuffix":"inner"}},"clearTextFirst":true,"interactionType":"ENTER_TEXT"}]}
RESULT: {}
RESULT: {"script":"<script> [776 bytes]","args":[{"enterText":"Rosario","selector":{"id":"application-managesites-display-component---NewSite--addressDetailDetailsCity1","interaction":{"idSuffix":"inner"}},"clearTextFirst":true,"interactionType":"ENTER_TEXT"}]}
COMMAND: POST /session/54b51d12ae76246c47a9cfd9839bf688/execute/async - {"script":"<script> [1562 bytes]","args":[{"selector":{"id":"application-managesites-display-component---NewSite--addressDetailDetailsCountry-arrow"},"wdio_ui5_key":"applicationmanagesites-display-component---NewSite--addressDetailDetailsCountry-arrow"}]}
RESULT: {"script":"<script> [1562 bytes]","args":[{"selector":{"id":"application-managesites-display-component---NewSite--addressDetailDetailsCountry-arrow"},"wdio_ui5_key":"applicationmanagesites-display-component---NewSite--addressDetailDetailsCountry-arrow"}]}
RESULT: undefined
COMMAND: POST /session/54b51d12ae76246c47a9cfd9839bf688/element - {"using":"xpath","value":"//*[@id=\"application-managesites-display-component---NewSite--addressDetailDetailsCountry-arrow\"]"}
RESULT: {"using":"xpath","value":"//*[@id=\"application-managesites-display-component---NewSite--addressDetailDetailsCountry-arrow\"]"}
COMMAND: POST /session/54b51d12ae76246c47a9cfd9839bf688/element/f.C3AA7480AC9969AD6A76FCDF8BFD3774.d.70D0EDBE0F008BC2C33A798CC752B512.e.8281/click - {}
RESULT: {}
COMMAND: POST /session/54b51d12ae76246c47a9cfd9839bf688/element - {"using":"xpath","value":"//span[contains(text(), \"Argentina\")]"}
COMMAND: GET /session/54b51d12ae76246c47a9cfd9839bf688/screenshot - {}
RESULT: {"using":"xpath","value":"//span[contains(text(), \"Argentina\")]"}
COMMAND: POST /session/54b51d12ae76246c47a9cfd9839bf688/element/f.C3AA7480AC9969AD6A76FCDF8BFD3774.d.70D0EDBE0F008BC2C33A798CC752B512.e.8282/click - {}
RESULT: {}
RESULT: {}
COMMAND: GET /session/54b51d12ae76246c47a9cfd9839bf688/screenshot - {}
RESULT: {}
COMMAND: POST /session/54b51d12ae76246c47a9cfd9839bf688/execute/async - {"script":"<script> [1562 bytes]","args":[{"selector":{"id":"application-managesites-display-component---NewSite--addressEditDetailsCostObjectCstType-arrow"},"wdio_ui5_key":"applicationmanagesites-display-component---NewSite--addressEditDetailsCostObjectCstType-arrow"}]}
RESULT: {"script":"<script> [1562 bytes]","args":[{"selector":{"id":"application-managesites-display-component---NewSite--addressEditDetailsCostObjectCstType-arrow"},"wdio_ui5_key":"applicationmanagesites-display-component---NewSite--addressEditDetailsCostObjectCstType-arrow"}]}
RESULT: undefined
COMMAND: POST /session/54b51d12ae76246c47a9cfd9839bf688/element - {"using":"xpath","value":"//*[@id=\"application-managesites-display-component---NewSite--addressEditDetailsCostObjectCstType-arrow\"]"}
RESULT: {"using":"xpath","value":"//*[@id=\"application-managesites-display-component---NewSite--addressEditDetailsCostObjectCstType-arrow\"]"}
COMMAND: POST /session/54b51d12ae76246c47a9cfd9839bf688/element/f.C3AA7480AC9969AD6A76FCDF8BFD3774.d.70D0EDBE0F008BC2C33A798CC752B512.e.8284/click - {}
RESULT: {}
COMMAND: POST /session/54b51d12ae76246c47a9cfd9839bf688/element - {"using":"xpath","value":"//span[contains(text(), \"Cost Center\")]"}
COMMAND: GET /session/54b51d12ae76246c47a9cfd9839bf688/screenshot - {}
RESULT: {"using":"xpath","value":"//span[contains(text(), \"Cost Center\")]"}
COMMAND: POST /session/54b51d12ae76246c47a9cfd9839bf688/element/f.C3AA7480AC9969AD6A76FCDF8BFD3774.d.70D0EDBE0F008BC2C33A798CC752B512.e.8285/click - {}
RESULT: {}
RESULT: {}
COMMAND: GET /session/54b51d12ae76246c47a9cfd9839bf688/screenshot - {}
RESULT: {}
COMMAND: POST /session/54b51d12ae76246c47a9cfd9839bf688/element - {"using":"xpath","value":"//span[@id=\"application-managesites-display-component---NewSite--addressNewCostObjectCstID-vhi\"]"}
RESULT: {"using":"xpath","value":"//span[@id=\"application-managesites-display-component---NewSite--addressNewCostObjectCstID-vhi\"]"}
COMMAND: POST /session/54b51d12ae76246c47a9cfd9839bf688/execute/sync - {"script":"<script> [8489 bytes]","args":[{"element-6066-11e4-a52e-4f735466cecf":"f.C3AA7480AC9969AD6A76FCDF8BFD3774.d.70D0EDBE0F008BC2C33A798CC752B512.e.8290","ELEMENT":"f.C3AA7480AC9969AD6A76FCDF8BFD3774.d.70D0EDBE0F008BC2C33A798CC752B512.e.8290"}]}
RESULT: {"script":"<script> [8489 bytes]","args":[{"element-6066-11e4-a52e-4f735466cecf":"f.C3AA7480AC9969AD6A76FCDF8BFD3774.d.70D0EDBE0F008BC2C33A798CC752B512.e.8290","ELEMENT":"f.C3AA7480AC9969AD6A76FCDF8BFD3774.d.70D0EDBE0F008BC2C33A798CC752B512.e.8290"}]}
COMMAND: POST /session/54b51d12ae76246c47a9cfd9839bf688/execute/async - {"script":"<script> [1562 bytes]","args":[{"selector":{"id":"application-managesites-display-component---NewSite--addressNewCostObjectCstID-vhi"},"wdio_ui5_key":"applicationmanagesites-display-component---NewSite--addressNewCostObjectCstID-vhi"}]}
COMMAND: GET /session/54b51d12ae76246c47a9cfd9839bf688/screenshot - {}
RESULT: {"script":"<script> [1562 bytes]","args":[{"selector":{"id":"application-managesites-display-component---NewSite--addressNewCostObjectCstID-vhi"},"wdio_ui5_key":"applicationmanagesites-display-component---NewSite--addressNewCostObjectCstID-vhi"}]}
RESULT: undefined
COMMAND: POST /session/54b51d12ae76246c47a9cfd9839bf688/element - {"using":"xpath","value":"//*[@id=\"application-managesites-display-component---NewSite--addressNewCostObjectCstID-vhi\"]"}
RESULT: {}
RESULT: {"using":"xpath","value":"//*[@id=\"application-managesites-display-component---NewSite--addressNewCostObjectCstID-vhi\"]"}
COMMAND: POST /session/54b51d12ae76246c47a9cfd9839bf688/element/f.C3AA7480AC9969AD6A76FCDF8BFD3774.d.70D0EDBE0F008BC2C33A798CC752B512.e.8290/click - {}
RESULT: {}
COMMAND: GET /session/54b51d12ae76246c47a9cfd9839bf688/screenshot - {}
RESULT: {}
RESULT: undefined
COMMAND: POST /session/54b51d12ae76246c47a9cfd9839bf688/execute/async - {"script":"<script> [776 bytes]","args":[{"enterText":"10001013","selector":{"controlType":"sap.m.SearchField","properties":{"placeholder":"Search"},"searchOpenDialogs":true,"interaction":{"idSuffix":"I"}},"clearTextFirst":true,"interactionType":"ENTER_TEXT"}]}
RESULT: {"script":"<script> [776 bytes]","args":[{"enterText":"10001013","selector":{"controlType":"sap.m.SearchField","properties":{"placeholder":"Search"},"searchOpenDialogs":true,"interaction":{"idSuffix":"I"}},"clearTextFirst":true,"interactionType":"ENTER_TEXT"}]}
COMMAND: POST /session/54b51d12ae76246c47a9cfd9839bf688/actions - {"actions":[{"id":"action23","type":"key","parameters":{},"actions":[{"type":"keyDown","value":"î€‡"},{"type":"pause","duration":10},{"type":"keyUp","value":"î€‡"}]}]}
RESULT: {"actions":[{"id":"action23","type":"key","parameters":{},"actions":[{"type":"keyDown","value":"î€‡"},{"type":"pause","duration":10},{"type":"keyUp","value":"î€‡"}]}]}
COMMAND: GET /session/54b51d12ae76246c47a9cfd9839bf688/screenshot - {}
RESULT: {}
COMMAND: POST /session/54b51d12ae76246c47a9cfd9839bf688/element - {"using":"xpath","value":"//span[contains(text(), \"General Management\")]"}
RESULT: {"using":"xpath","value":"//span[contains(text(), \"General Management\")]"}
COMMAND: POST /session/54b51d12ae76246c47a9cfd9839bf688/element/f.C3AA7480AC9969AD6A76FCDF8BFD3774.d.70D0EDBE0F008BC2C33A798CC752B512.e.8329/click - {}
RESULT: {}
COMMAND: GET /session/54b51d12ae76246c47a9cfd9839bf688/screenshot - {}
RESULT: {}
COMMAND: POST /session/54b51d12ae76246c47a9cfd9839bf688/element - {"using":"xpath","value":"//bdi[contains(text(), \"OK\")]"}
RESULT: {"using":"xpath","value":"//bdi[contains(text(), \"OK\")]"}
COMMAND: POST /session/54b51d12ae76246c47a9cfd9839bf688/element/f.C3AA7480AC9969AD6A76FCDF8BFD3774.d.70D0EDBE0F008BC2C33A798CC752B512.e.8330/click - {}
RESULT: {}
COMMAND: GET /session/54b51d12ae76246c47a9cfd9839bf688/screenshot - {}
RESULT: {}
COMMAND: POST /session/54b51d12ae76246c47a9cfd9839bf688/element - {"using":"xpath","value":"//input[@id=\"application-managesites-display-component---NewSite--addressDetailDetailsCalendar-inner\"]"}
RESULT: {"using":"xpath","value":"//input[@id=\"application-managesites-display-component---NewSite--addressDetailDetailsCalendar-inner\"]"}
COMMAND: POST /session/54b51d12ae76246c47a9cfd9839bf688/element/f.C3AA7480AC9969AD6A76FCDF8BFD3774.d.70D0EDBE0F008BC2C33A798CC752B512.e.8069/clear - {}
RESULT: {}
COMMAND: POST /session/54b51d12ae76246c47a9cfd9839bf688/element/f.C3AA7480AC9969AD6A76FCDF8BFD3774.d.70D0EDBE0F008BC2C33A798CC752B512.e.8069/value - {"text":"Unit"}
COMMAND: GET /session/54b51d12ae76246c47a9cfd9839bf688/screenshot - {}
RESULT: {"text":"Unit"}
COMMAND: GET /session/54b51d12ae76246c47a9cfd9839bf688/screenshot - {}
RESULT: {}
RESULT: {}
COMMAND: POST /session/54b51d12ae76246c47a9cfd9839bf688/actions - {"actions":[{"id":"action24","type":"key","parameters":{},"actions":[{"type":"keyDown","value":"î€‡"},{"type":"pause","duration":10},{"type":"keyUp","value":"î€‡"}]}]}
RESULT: {"actions":[{"id":"action24","type":"key","parameters":{},"actions":[{"type":"keyDown","value":"î€‡"},{"type":"pause","duration":10},{"type":"keyUp","value":"î€‡"}]}]}
COMMAND: POST /session/54b51d12ae76246c47a9cfd9839bf688/element - {"using":"xpath","value":"//input[@id=\"application-managesites-display-component---NewSite--addressDetailDetailsYard-inner\"]"}
COMMAND: GET /session/54b51d12ae76246c47a9cfd9839bf688/screenshot - {}
RESULT: {"using":"xpath","value":"//input[@id=\"application-managesites-display-component---NewSite--addressDetailDetailsYard-inner\"]"}
COMMAND: POST /session/54b51d12ae76246c47a9cfd9839bf688/element/f.C3AA7480AC9969AD6A76FCDF8BFD3774.d.70D0EDBE0F008BC2C33A798CC752B512.e.8070/clear - {}
RESULT: {}
RESULT: {}
COMMAND: POST /session/54b51d12ae76246c47a9cfd9839bf688/element/f.C3AA7480AC9969AD6A76FCDF8BFD3774.d.70D0EDBE0F008BC2C33A798CC752B512.e.8070/value - {"text":"602"}
COMMAND: GET /session/54b51d12ae76246c47a9cfd9839bf688/screenshot - {}
RESULT: {"text":"602"}
COMMAND: GET /session/54b51d12ae76246c47a9cfd9839bf688/screenshot - {}
RESULT: {}
RESULT: {}
COMMAND: POST /session/54b51d12ae76246c47a9cfd9839bf688/element - {"using":"xpath","value":"//li[.//span[text()='602']]"}
RESULT: {"using":"xpath","value":"//li[.//span[text()='602']]"}
COMMAND: POST /session/54b51d12ae76246c47a9cfd9839bf688/element/f.C3AA7480AC9969AD6A76FCDF8BFD3774.d.70D0EDBE0F008BC2C33A798CC752B512.e.8338/click - {}
RESULT: {}
COMMAND: GET /session/54b51d12ae76246c47a9cfd9839bf688/screenshot - {}
RESULT: {}
COMMAND: POST /session/54b51d12ae76246c47a9cfd9839bf688/element - {"using":"xpath","value":"//input[@id=\"application-managesites-display-component---NewSite--addressDetailDetailsPartner-inner\"]"}
RESULT: {"using":"xpath","value":"//input[@id=\"application-managesites-display-component---NewSite--addressDetailDetailsPartner-inner\"]"}
COMMAND: POST /session/54b51d12ae76246c47a9cfd9839bf688/element - {"using":"xpath","value":"//input[@id=\"application-managesites-display-component---NewSite--addressDetailDetailsPartner-inner\"]"}
RESULT: {"using":"xpath","value":"//input[@id=\"application-managesites-display-component---NewSite--addressDetailDetailsPartner-inner\"]"}
COMMAND: POST /session/54b51d12ae76246c47a9cfd9839bf688/element - {"using":"xpath","value":"//button[@data-kt=\"saveButton\"]"}
RESULT: {"using":"xpath","value":"//button[@data-kt=\"saveButton\"]"}
COMMAND: POST /session/54b51d12ae76246c47a9cfd9839bf688/element/f.C3AA7480AC9969AD6A76FCDF8BFD3774.d.70D0EDBE0F008BC2C33A798CC752B512.e.8263/click - {}
RESULT: {}
COMMAND: GET /session/54b51d12ae76246c47a9cfd9839bf688/screenshot - {}
RESULT: {}
COMMAND: POST /session/54b51d12ae76246c47a9cfd9839bf688/element - {"using":"xpath","value":"//header[contains(@id, 'ObjectPageLayout-headerTitle')]/div[1]/div[2]/div[2]/span[1]"}
RESULT: {"using":"xpath","value":"//header[contains(@id, 'ObjectPageLayout-headerTitle')]/div[1]/div[2]/div[2]/span[1]"}
COMMAND: POST /session/54b51d12ae76246c47a9cfd9839bf688/elements - {"using":"xpath","value":"//header[contains(@id, 'ObjectPageLayout-headerTitle')]/div[1]/div[2]/div[2]/span[1]"}
RESULT: {"using":"xpath","value":"//header[contains(@id, 'ObjectPageLayout-headerTitle')]/div[1]/div[2]/div[2]/span[1]"}
COMMAND: POST /session/54b51d12ae76246c47a9cfd9839bf688/execute/sync - {"script":"<script> [56 bytes]","args":[{"element-6066-11e4-a52e-4f735466cecf":"f.C3AA7480AC9969AD6A76FCDF8BFD3774.d.70D0EDBE0F008BC2C33A798CC752B512.e.8543","ELEMENT":"f.C3AA7480AC9969AD6A76FCDF8BFD3774.d.70D0EDBE0F008BC2C33A798CC752B512.e.8543"}]}
RESULT: {"script":"<script> [56 bytes]","args":[{"element-6066-11e4-a52e-4f735466cecf":"f.C3AA7480AC9969AD6A76FCDF8BFD3774.d.70D0EDBE0F008BC2C33A798CC752B512.e.8543","ELEMENT":"f.C3AA7480AC9969AD6A76FCDF8BFD3774.d.70D0EDBE0F008BC2C33A798CC752B512.e.8543"}]}
COMMAND: POST /session/54b51d12ae76246c47a9cfd9839bf688/element - {"using":"css selector","value":"#shell-header-logo"}
COMMAND: GET /session/54b51d12ae76246c47a9cfd9839bf688/screenshot - {}
RESULT: {"using":"css selector","value":"#shell-header-logo"}
COMMAND: POST /session/54b51d12ae76246c47a9cfd9839bf688/element/f.C3AA7480AC9969AD6A76FCDF8BFD3774.d.70D0EDBE0F008BC2C33A798CC752B512.e.7827/click - {}
RESULT: {}
RESULT: {}
COMMAND: GET /session/54b51d12ae76246c47a9cfd9839bf688/screenshot - {}
RESULT: {}
COMMAND: POST /session/54b51d12ae76246c47a9cfd9839bf688/execute/sync - {"script":"<script> [299 bytes]","args":[["getModel","getResource"]]}
RESULT: {"script":"<script> [299 bytes]","args":[["getModel","getResource"]]}
]]></system-out>
    </testcase>
    <testcase classname="chrome.136_0_7103_93.windows.Billing_Transfer_-_Intracompany_US127249" name="Should create a new equipment" time="135.013">
      <system-out><![CDATA[
COMMAND: GET /session/54b51d12ae76246c47a9cfd9839bf688/screenshot - {}
COMMAND: POST /session/54b51d12ae76246c47a9cfd9839bf688/execute/async - {"script":"<script> [1562 bytes]","args":[{"selector":{"controlType":"sap.m.GenericTile","properties":{"header":"Manage Resources"}},"wdio_ui5_key":"sapm.GenericTile{\"header\":\"Manage Resources\"}"}]}
RESULT: {}
RESULT: {"script":"<script> [1562 bytes]","args":[{"selector":{"controlType":"sap.m.GenericTile","properties":{"header":"Manage Resources"}},"wdio_ui5_key":"sapm.GenericTile{\"header\":\"Manage Resources\"}"}]}
RESULT: undefined
COMMAND: POST /session/54b51d12ae76246c47a9cfd9839bf688/element - {"using":"xpath","value":"//*[@id=\"__tile39\"]"}
RESULT: {"using":"xpath","value":"//*[@id=\"__tile39\"]"}
COMMAND: POST /session/54b51d12ae76246c47a9cfd9839bf688/element/f.C3AA7480AC9969AD6A76FCDF8BFD3774.d.70D0EDBE0F008BC2C33A798CC752B512.e.6194/click - {}
RESULT: {}
COMMAND: GET /session/54b51d12ae76246c47a9cfd9839bf688/screenshot - {}
RESULT: {}
COMMAND: POST /session/54b51d12ae76246c47a9cfd9839bf688/elements - {"using":"xpath","value":"//span[text()='Error']"}
RESULT: {"using":"xpath","value":"//span[text()='Error']"}
COMMAND: POST /session/54b51d12ae76246c47a9cfd9839bf688/element - {"using":"xpath","value":"//button[@data-kt=\"addNewRUOverflowToolbarButton\"]"}
RESULT: {"using":"xpath","value":"//button[@data-kt=\"addNewRUOverflowToolbarButton\"]"}
COMMAND: POST /session/54b51d12ae76246c47a9cfd9839bf688/elements - {"using":"xpath","value":"//button[@data-kt=\"addNewRUOverflowToolbarButton\"]"}
RESULT: {"using":"xpath","value":"//button[@data-kt=\"addNewRUOverflowToolbarButton\"]"}
COMMAND: POST /session/54b51d12ae76246c47a9cfd9839bf688/execute/sync - {"script":"<script> [8489 bytes]","args":[{"element-6066-11e4-a52e-4f735466cecf":"f.C3AA7480AC9969AD6A76FCDF8BFD3774.d.70D0EDBE0F008BC2C33A798CC752B512.e.8586","ELEMENT":"f.C3AA7480AC9969AD6A76FCDF8BFD3774.d.70D0EDBE0F008BC2C33A798CC752B512.e.8586"}]}
RESULT: {"script":"<script> [8489 bytes]","args":[{"element-6066-11e4-a52e-4f735466cecf":"f.C3AA7480AC9969AD6A76FCDF8BFD3774.d.70D0EDBE0F008BC2C33A798CC752B512.e.8586","ELEMENT":"f.C3AA7480AC9969AD6A76FCDF8BFD3774.d.70D0EDBE0F008BC2C33A798CC752B512.e.8586"}]}
COMMAND: GET /session/54b51d12ae76246c47a9cfd9839bf688/element/f.C3AA7480AC9969AD6A76FCDF8BFD3774.d.70D0EDBE0F008BC2C33A798CC752B512.e.8586/enabled - {}
COMMAND: GET /session/54b51d12ae76246c47a9cfd9839bf688/screenshot - {}
RESULT: {}
COMMAND: POST /session/54b51d12ae76246c47a9cfd9839bf688/execute/sync - {"script":"<script> [8489 bytes]","args":[{"element-6066-11e4-a52e-4f735466cecf":"f.C3AA7480AC9969AD6A76FCDF8BFD3774.d.70D0EDBE0F008BC2C33A798CC752B512.e.8586","ELEMENT":"f.C3AA7480AC9969AD6A76FCDF8BFD3774.d.70D0EDBE0F008BC2C33A798CC752B512.e.8586"}]}
COMMAND: GET /session/54b51d12ae76246c47a9cfd9839bf688/screenshot - {}
RESULT: {}
RESULT: {"script":"<script> [8489 bytes]","args":[{"element-6066-11e4-a52e-4f735466cecf":"f.C3AA7480AC9969AD6A76FCDF8BFD3774.d.70D0EDBE0F008BC2C33A798CC752B512.e.8586","ELEMENT":"f.C3AA7480AC9969AD6A76FCDF8BFD3774.d.70D0EDBE0F008BC2C33A798CC752B512.e.8586"}]}
COMMAND: POST /session/54b51d12ae76246c47a9cfd9839bf688/execute/sync - {"script":"<script> [5351 bytes]","args":[{"element-6066-11e4-a52e-4f735466cecf":"f.C3AA7480AC9969AD6A76FCDF8BFD3774.d.70D0EDBE0F008BC2C33A798CC752B512.e.8586","ELEMENT":"f.C3AA7480AC9969AD6A76FCDF8BFD3774.d.70D0EDBE0F008BC2C33A798CC752B512.e.8586"}]}
COMMAND: GET /session/54b51d12ae76246c47a9cfd9839bf688/screenshot - {}
RESULT: {}
RESULT: {"script":"<script> [5351 bytes]","args":[{"element-6066-11e4-a52e-4f735466cecf":"f.C3AA7480AC9969AD6A76FCDF8BFD3774.d.70D0EDBE0F008BC2C33A798CC752B512.e.8586","ELEMENT":"f.C3AA7480AC9969AD6A76FCDF8BFD3774.d.70D0EDBE0F008BC2C33A798CC752B512.e.8586"}]}
COMMAND: POST /session/54b51d12ae76246c47a9cfd9839bf688/element/f.C3AA7480AC9969AD6A76FCDF8BFD3774.d.70D0EDBE0F008BC2C33A798CC752B512.e.8586/click - {}
COMMAND: GET /session/54b51d12ae76246c47a9cfd9839bf688/screenshot - {}
RESULT: {}
RESULT: {}
COMMAND: GET /session/54b51d12ae76246c47a9cfd9839bf688/screenshot - {}
COMMAND: POST /session/54b51d12ae76246c47a9cfd9839bf688/execute/async - {"script":"<script> [1562 bytes]","args":[{"selector":{"id":"application-manageresources-display-component---newResourceUnit--TYPE-arrow"},"wdio_ui5_key":"applicationmanageresources-display-component---newResourceUnit--TYPE-arrow"}]}
RESULT: {}
RESULT: {}
RESULT: {"script":"<script> [1562 bytes]","args":[{"selector":{"id":"application-manageresources-display-component---newResourceUnit--TYPE-arrow"},"wdio_ui5_key":"applicationmanageresources-display-component---newResourceUnit--TYPE-arrow"}]}
RESULT: undefined
COMMAND: POST /session/54b51d12ae76246c47a9cfd9839bf688/element - {"using":"xpath","value":"//*[@id=\"application-manageresources-display-component---newResourceUnit--TYPE-arrow\"]"}
RESULT: {"using":"xpath","value":"//*[@id=\"application-manageresources-display-component---newResourceUnit--TYPE-arrow\"]"}
COMMAND: POST /session/54b51d12ae76246c47a9cfd9839bf688/element/f.C3AA7480AC9969AD6A76FCDF8BFD3774.d.70D0EDBE0F008BC2C33A798CC752B512.e.8945/click - {}
RESULT: {}
COMMAND: POST /session/54b51d12ae76246c47a9cfd9839bf688/element - {"using":"xpath","value":"//input[@id=\"application-manageresources-display-component---newResourceUnit--TYPE-inner\"]"}
COMMAND: GET /session/54b51d12ae76246c47a9cfd9839bf688/screenshot - {}
RESULT: {"using":"xpath","value":"//input[@id=\"application-manageresources-display-component---newResourceUnit--TYPE-inner\"]"}
COMMAND: POST /session/54b51d12ae76246c47a9cfd9839bf688/element/f.C3AA7480AC9969AD6A76FCDF8BFD3774.d.70D0EDBE0F008BC2C33A798CC752B512.e.8927/clear - {}
RESULT: {}
RESULT: {}
COMMAND: POST /session/54b51d12ae76246c47a9cfd9839bf688/element/f.C3AA7480AC9969AD6A76FCDF8BFD3774.d.70D0EDBE0F008BC2C33A798CC752B512.e.8927/value - {"text":"Equipment"}
COMMAND: GET /session/54b51d12ae76246c47a9cfd9839bf688/screenshot - {}
RESULT: {"text":"Equipment"}
COMMAND: GET /session/54b51d12ae76246c47a9cfd9839bf688/screenshot - {}
RESULT: {}
RESULT: {}
COMMAND: POST /session/54b51d12ae76246c47a9cfd9839bf688/actions - {"actions":[{"id":"action25","type":"key","parameters":{},"actions":[{"type":"keyDown","value":"î€‡"},{"type":"pause","duration":10},{"type":"keyUp","value":"î€‡"}]}]}
RESULT: {"actions":[{"id":"action25","type":"key","parameters":{},"actions":[{"type":"keyDown","value":"î€‡"},{"type":"pause","duration":10},{"type":"keyUp","value":"î€‡"}]}]}
COMMAND: POST /session/54b51d12ae76246c47a9cfd9839bf688/execute/async - {"script":"<script> [1562 bytes]","args":[{"selector":{"id":"application-manageresources-display-component---newResourceUnit--resourceId","interaction":{"idSuffix":"inner"}},"wdio_ui5_key":"applicationmanageresources-display-component---newResourceUnit--resourceId"}]}
COMMAND: GET /session/54b51d12ae76246c47a9cfd9839bf688/screenshot - {}
RESULT: {"script":"<script> [1562 bytes]","args":[{"selector":{"id":"application-manageresources-display-component---newResourceUnit--resourceId","interaction":{"idSuffix":"inner"}},"wdio_ui5_key":"applicationmanageresources-display-component---newResourceUnit--resourceId"}]}
RESULT: undefined
COMMAND: POST /session/54b51d12ae76246c47a9cfd9839bf688/execute/async - {"script":"<script> [776 bytes]","args":[{"enterText":"dhHAEc5T0p","selector":{"id":"application-manageresources-display-component---newResourceUnit--resourceId","interaction":{"idSuffix":"inner"}},"clearTextFirst":true,"interactionType":"ENTER_TEXT"}]}
RESULT: {}
RESULT: {"script":"<script> [776 bytes]","args":[{"enterText":"dhHAEc5T0p","selector":{"id":"application-manageresources-display-component---newResourceUnit--resourceId","interaction":{"idSuffix":"inner"}},"clearTextFirst":true,"interactionType":"ENTER_TEXT"}]}
COMMAND: POST /session/54b51d12ae76246c47a9cfd9839bf688/execute/async - {"script":"<script> [1562 bytes]","args":[{"selector":{"id":"application-manageresources-display-component---newResourceUnit--SHORT_TEXT","interaction":{"idSuffix":"inner"}},"wdio_ui5_key":"applicationmanageresources-display-component---newResourceUnit--SHORT_TEXT"}]}
RESULT: {"script":"<script> [1562 bytes]","args":[{"selector":{"id":"application-manageresources-display-component---newResourceUnit--SHORT_TEXT","interaction":{"idSuffix":"inner"}},"wdio_ui5_key":"applicationmanageresources-display-component---newResourceUnit--SHORT_TEXT"}]}
RESULT: undefined
COMMAND: POST /session/54b51d12ae76246c47a9cfd9839bf688/execute/async - {"script":"<script> [776 bytes]","args":[{"enterText":"Intercompany Equipment WDIO","selector":{"id":"application-manageresources-display-component---newResourceUnit--SHORT_TEXT","interaction":{"idSuffix":"inner"}},"clearTextFirst":true,"interactionType":"ENTER_TEXT"}]}
RESULT: {"script":"<script> [776 bytes]","args":[{"enterText":"Intercompany Equipment WDIO","selector":{"id":"application-manageresources-display-component---newResourceUnit--SHORT_TEXT","interaction":{"idSuffix":"inner"}},"clearTextFirst":true,"interactionType":"ENTER_TEXT"}]}
COMMAND: POST /session/54b51d12ae76246c47a9cfd9839bf688/execute/async - {"script":"<script> [1562 bytes]","args":[{"selector":{"id":"application-manageresources-display-component---newResourceUnit--BASE_UNIT_OF_MEASURE","interaction":{"idSuffix":"inner"}},"wdio_ui5_key":"applicationmanageresources-display-component---newResourceUnit--BASE_UNIT_OF_MEASURE"}]}
RESULT: {"script":"<script> [1562 bytes]","args":[{"selector":{"id":"application-manageresources-display-component---newResourceUnit--BASE_UNIT_OF_MEASURE","interaction":{"idSuffix":"inner"}},"wdio_ui5_key":"applicationmanageresources-display-component---newResourceUnit--BASE_UNIT_OF_MEASURE"}]}
RESULT: undefined
COMMAND: POST /session/54b51d12ae76246c47a9cfd9839bf688/execute/async - {"script":"<script> [776 bytes]","args":[{"enterText":"Piece","selector":{"id":"application-manageresources-display-component---newResourceUnit--BASE_UNIT_OF_MEASURE","interaction":{"idSuffix":"inner"}},"clearTextFirst":true,"interactionType":"ENTER_TEXT"}]}
RESULT: {"script":"<script> [776 bytes]","args":[{"enterText":"Piece","selector":{"id":"application-manageresources-display-component---newResourceUnit--BASE_UNIT_OF_MEASURE","interaction":{"idSuffix":"inner"}},"clearTextFirst":true,"interactionType":"ENTER_TEXT"}]}
COMMAND: POST /session/54b51d12ae76246c47a9cfd9839bf688/execute/async - {"script":"<script> [1562 bytes]","args":[{"selector":{"id":"application-manageresources-display-component---newResourceUnit--WEIGHT_UNIT","interaction":{"idSuffix":"inner"}},"wdio_ui5_key":"applicationmanageresources-display-component---newResourceUnit--WEIGHT_UNIT"}]}
RESULT: {"script":"<script> [1562 bytes]","args":[{"selector":{"id":"application-manageresources-display-component---newResourceUnit--WEIGHT_UNIT","interaction":{"idSuffix":"inner"}},"wdio_ui5_key":"applicationmanageresources-display-component---newResourceUnit--WEIGHT_UNIT"}]}
RESULT: undefined
COMMAND: POST /session/54b51d12ae76246c47a9cfd9839bf688/execute/async - {"script":"<script> [776 bytes]","args":[{"enterText":"Gram","selector":{"id":"application-manageresources-display-component---newResourceUnit--WEIGHT_UNIT","interaction":{"idSuffix":"inner"}},"clearTextFirst":true,"interactionType":"ENTER_TEXT"}]}
RESULT: {"script":"<script> [776 bytes]","args":[{"enterText":"Gram","selector":{"id":"application-manageresources-display-component---newResourceUnit--WEIGHT_UNIT","interaction":{"idSuffix":"inner"}},"clearTextFirst":true,"interactionType":"ENTER_TEXT"}]}
COMMAND: POST /session/54b51d12ae76246c47a9cfd9839bf688/execute/async - {"script":"<script> [1562 bytes]","args":[{"selector":{"id":"application-manageresources-display-component---newResourceUnit--DIMENSION_UNIT","interaction":{"idSuffix":"inner"}},"wdio_ui5_key":"applicationmanageresources-display-component---newResourceUnit--DIMENSION_UNIT"}]}
RESULT: {"script":"<script> [1562 bytes]","args":[{"selector":{"id":"application-manageresources-display-component---newResourceUnit--DIMENSION_UNIT","interaction":{"idSuffix":"inner"}},"wdio_ui5_key":"applicationmanageresources-display-component---newResourceUnit--DIMENSION_UNIT"}]}
RESULT: undefined
COMMAND: POST /session/54b51d12ae76246c47a9cfd9839bf688/execute/async - {"script":"<script> [776 bytes]","args":[{"enterText":"Meter","selector":{"id":"application-manageresources-display-component---newResourceUnit--DIMENSION_UNIT","interaction":{"idSuffix":"inner"}},"clearTextFirst":true,"interactionType":"ENTER_TEXT"}]}
RESULT: {"script":"<script> [776 bytes]","args":[{"enterText":"Meter","selector":{"id":"application-manageresources-display-component---newResourceUnit--DIMENSION_UNIT","interaction":{"idSuffix":"inner"}},"clearTextFirst":true,"interactionType":"ENTER_TEXT"}]}
COMMAND: POST /session/54b51d12ae76246c47a9cfd9839bf688/execute/async - {"script":"<script> [1562 bytes]","args":[{"selector":{"id":"application-manageresources-display-component---newResourceUnit--newRRUPage-anchBar-application-manageresources-display-component---newResourceUnit--control-anchor","interaction":{"idSuffix":"BDI-content"}},"wdio_ui5_key":"applicationmanageresources-display-component---newResourceUnit--newRRUPage-anchBar-application-manageresources-display-component---newResourceUnit--control-anchor"}]}
RESULT: {"script":"<script> [1562 bytes]","args":[{"selector":{"id":"application-manageresources-display-component---newResourceUnit--newRRUPage-anchBar-application-manageresources-display-component---newResourceUnit--control-anchor","interaction":{"idSuffix":"BDI-content"}},"wdio_ui5_key":"applicationmanageresources-display-component---newResourceUnit--newRRUPage-anchBar-application-manageresources-display-component---newResourceUnit--control-anchor"}]}
RESULT: undefined
COMMAND: POST /session/54b51d12ae76246c47a9cfd9839bf688/element - {"using":"xpath","value":"//*[@id=\"application-manageresources-display-component---newResourceUnit--newRRUPage-anchBar-application-manageresources-display-component---newResourceUnit--control-anchor\"]"}
RESULT: {"using":"xpath","value":"//*[@id=\"application-manageresources-display-component---newResourceUnit--newRRUPage-anchBar-application-manageresources-display-component---newResourceUnit--control-anchor\"]"}
COMMAND: POST /session/54b51d12ae76246c47a9cfd9839bf688/element/f.C3AA7480AC9969AD6A76FCDF8BFD3774.d.70D0EDBE0F008BC2C33A798CC752B512.e.9102/click - {}
RESULT: {}
COMMAND: POST /session/54b51d12ae76246c47a9cfd9839bf688/execute/async - {"script":"<script> [1562 bytes]","args":[{"selector":{"id":"application-manageresources-display-component---newResourceUnit--PLANNING_GROUP","interaction":{"idSuffix":"inner"}},"wdio_ui5_key":"applicationmanageresources-display-component---newResourceUnit--PLANNING_GROUP"}]}
COMMAND: GET /session/54b51d12ae76246c47a9cfd9839bf688/screenshot - {}
RESULT: {"script":"<script> [1562 bytes]","args":[{"selector":{"id":"application-manageresources-display-component---newResourceUnit--PLANNING_GROUP","interaction":{"idSuffix":"inner"}},"wdio_ui5_key":"applicationmanageresources-display-component---newResourceUnit--PLANNING_GROUP"}]}
RESULT: undefined
COMMAND: POST /session/54b51d12ae76246c47a9cfd9839bf688/execute/async - {"script":"<script> [776 bytes]","args":[{"enterText":"Heavy Equi","selector":{"id":"application-manageresources-display-component---newResourceUnit--PLANNING_GROUP","interaction":{"idSuffix":"inner"}},"clearTextFirst":true,"interactionType":"ENTER_TEXT"}]}
RESULT: {}
RESULT: {"script":"<script> [776 bytes]","args":[{"enterText":"Heavy Equi","selector":{"id":"application-manageresources-display-component---newResourceUnit--PLANNING_GROUP","interaction":{"idSuffix":"inner"}},"clearTextFirst":true,"interactionType":"ENTER_TEXT"}]}
COMMAND: POST /session/54b51d12ae76246c47a9cfd9839bf688/execute/async - {"script":"<script> [1562 bytes]","args":[{"selector":{"id":"application-manageresources-display-component---newResourceUnit--ITEM_TYPE-arrow"},"wdio_ui5_key":"applicationmanageresources-display-component---newResourceUnit--ITEM_TYPE-arrow"}]}
RESULT: {"script":"<script> [1562 bytes]","args":[{"selector":{"id":"application-manageresources-display-component---newResourceUnit--ITEM_TYPE-arrow"},"wdio_ui5_key":"applicationmanageresources-display-component---newResourceUnit--ITEM_TYPE-arrow"}]}
RESULT: undefined
COMMAND: POST /session/54b51d12ae76246c47a9cfd9839bf688/element - {"using":"xpath","value":"//*[@id=\"application-manageresources-display-component---newResourceUnit--ITEM_TYPE-arrow\"]"}
RESULT: {"using":"xpath","value":"//*[@id=\"application-manageresources-display-component---newResourceUnit--ITEM_TYPE-arrow\"]"}
COMMAND: POST /session/54b51d12ae76246c47a9cfd9839bf688/element/f.C3AA7480AC9969AD6A76FCDF8BFD3774.d.70D0EDBE0F008BC2C33A798CC752B512.e.9110/click - {}
RESULT: {}
COMMAND: POST /session/54b51d12ae76246c47a9cfd9839bf688/element - {"using":"xpath","value":"//ul[contains(@id,\"ITEM_TYPE-popup-list-listUl\")]//li[.//span[contains(text(),\"Resource Unit\")]]"}
COMMAND: GET /session/54b51d12ae76246c47a9cfd9839bf688/screenshot - {}
RESULT: {"using":"xpath","value":"//ul[contains(@id,\"ITEM_TYPE-popup-list-listUl\")]//li[.//span[contains(text(),\"Resource Unit\")]]"}
COMMAND: POST /session/54b51d12ae76246c47a9cfd9839bf688/element/f.C3AA7480AC9969AD6A76FCDF8BFD3774.d.70D0EDBE0F008BC2C33A798CC752B512.e.9111/click - {}
RESULT: {}
RESULT: {}
COMMAND: GET /session/54b51d12ae76246c47a9cfd9839bf688/screenshot - {}
RESULT: {}
COMMAND: POST /session/54b51d12ae76246c47a9cfd9839bf688/element - {"using":"css selector","value":"#application-manageresources-display-component---newResourceUnit--btnAddTimeSegment"}
RESULT: {"using":"css selector","value":"#application-manageresources-display-component---newResourceUnit--btnAddTimeSegment"}
COMMAND: GET /session/54b51d12ae76246c47a9cfd9839bf688/element/f.C3AA7480AC9969AD6A76FCDF8BFD3774.d.70D0EDBE0F008BC2C33A798CC752B512.e.9118/rect - {}
RESULT: {}
COMMAND: GET /session/54b51d12ae76246c47a9cfd9839bf688/window/rect - {}
RESULT: {}
COMMAND: POST /session/54b51d12ae76246c47a9cfd9839bf688/execute/sync - {"script":"<script> [92 bytes]","args":[]}
RESULT: {"script":"<script> [92 bytes]","args":[]}
COMMAND: POST /session/54b51d12ae76246c47a9cfd9839bf688/actions - {"actions":[{"id":"action26","type":"wheel","parameters":{},"actions":[{"type":"scroll","x":-1888,"y":-32,"deltaX":0,"deltaY":0,"duration":0,"origin":{"element-6066-11e4-a52e-4f735466cecf":"f.C3AA7480AC9969AD6A76FCDF8BFD3774.d.70D0EDBE0F008BC2C33A798CC752B512.e.9118"}}]}]}
COMMAND: GET /session/54b51d12ae76246c47a9cfd9839bf688/screenshot - {}
RESULT: {}
COMMAND: POST /session/54b51d12ae76246c47a9cfd9839bf688/execute/sync - {"script":"<script> [79 bytes]","args":[{"element-6066-11e4-a52e-4f735466cecf":"f.C3AA7480AC9969AD6A76FCDF8BFD3774.d.70D0EDBE0F008BC2C33A798CC752B512.e.9118","ELEMENT":"f.C3AA7480AC9969AD6A76FCDF8BFD3774.d.70D0EDBE0F008BC2C33A798CC752B512.e.9118"},{"block":"start","inline":"nearest"}]}
RESULT: {"script":"<script> [79 bytes]","args":[{"element-6066-11e4-a52e-4f735466cecf":"f.C3AA7480AC9969AD6A76FCDF8BFD3774.d.70D0EDBE0F008BC2C33A798CC752B512.e.9118","ELEMENT":"f.C3AA7480AC9969AD6A76FCDF8BFD3774.d.70D0EDBE0F008BC2C33A798CC752B512.e.9118"},{"block":"start","inline":"nearest"}]}
COMMAND: POST /session/54b51d12ae76246c47a9cfd9839bf688/execute/async - {"script":"<script> [1562 bytes]","args":[{"selector":{"id":"application-manageresources-display-component---newResourceUnit--btnAddTimeSegment","interaction":{"idSuffix":"inner"}},"wdio_ui5_key":"applicationmanageresources-display-component---newResourceUnit--btnAddTimeSegment"}]}
COMMAND: GET /session/54b51d12ae76246c47a9cfd9839bf688/screenshot - {}
RESULT: {"script":"<script> [1562 bytes]","args":[{"selector":{"id":"application-manageresources-display-component---newResourceUnit--btnAddTimeSegment","interaction":{"idSuffix":"inner"}},"wdio_ui5_key":"applicationmanageresources-display-component---newResourceUnit--btnAddTimeSegment"}]}
RESULT: undefined
COMMAND: POST /session/54b51d12ae76246c47a9cfd9839bf688/element - {"using":"xpath","value":"//*[@id=\"application-manageresources-display-component---newResourceUnit--btnAddTimeSegment\"]"}
RESULT: {}
RESULT: {"using":"xpath","value":"//*[@id=\"application-manageresources-display-component---newResourceUnit--btnAddTimeSegment\"]"}
COMMAND: POST /session/54b51d12ae76246c47a9cfd9839bf688/element/f.C3AA7480AC9969AD6A76FCDF8BFD3774.d.70D0EDBE0F008BC2C33A798CC752B512.e.9118/click - {}
RESULT: {}
COMMAND: GET /session/54b51d12ae76246c47a9cfd9839bf688/screenshot - {}
RESULT: {}
COMMAND: POST /session/54b51d12ae76246c47a9cfd9839bf688/element - {"using":"xpath","value":"//input[@id=\"application-manageresources-display-component---newResourceUnit--idRuTSAdmin-application-manageresources-display-component---newResourceUnit--RUTimeSegment-0-inner\"]"}
RESULT: {"using":"xpath","value":"//input[@id=\"application-manageresources-display-component---newResourceUnit--idRuTSAdmin-application-manageresources-display-component---newResourceUnit--RUTimeSegment-0-inner\"]"}
COMMAND: POST /session/54b51d12ae76246c47a9cfd9839bf688/element/f.C3AA7480AC9969AD6A76FCDF8BFD3774.d.70D0EDBE0F008BC2C33A798CC752B512.e.9124/clear - {}
RESULT: {}
COMMAND: POST /session/54b51d12ae76246c47a9cfd9839bf688/element/f.C3AA7480AC9969AD6A76FCDF8BFD3774.d.70D0EDBE0F008BC2C33A798CC752B512.e.9124/value - {"text":"602"}
COMMAND: GET /session/54b51d12ae76246c47a9cfd9839bf688/screenshot - {}
RESULT: {"text":"602"}
COMMAND: GET /session/54b51d12ae76246c47a9cfd9839bf688/screenshot - {}
RESULT: {}
RESULT: {}
COMMAND: POST /session/54b51d12ae76246c47a9cfd9839bf688/element - {"using":"xpath","value":"//li[.//span[text()='602']]"}
RESULT: {"using":"xpath","value":"//li[.//span[text()='602']]"}
COMMAND: POST /session/54b51d12ae76246c47a9cfd9839bf688/element/f.C3AA7480AC9969AD6A76FCDF8BFD3774.d.70D0EDBE0F008BC2C33A798CC752B512.e.9136/click - {}
RESULT: {}
COMMAND: GET /session/54b51d12ae76246c47a9cfd9839bf688/screenshot - {}
RESULT: {}
COMMAND: POST /session/54b51d12ae76246c47a9cfd9839bf688/element - {"using":"xpath","value":"(//span[contains(@id, \"-application-manageresources-display-component---newResourceUnit--RUTimeSegment-0-arrow\")])[6]"}
RESULT: {"using":"xpath","value":"(//span[contains(@id, \"-application-manageresources-display-component---newResourceUnit--RUTimeSegment-0-arrow\")])[6]"}
COMMAND: POST /session/54b51d12ae76246c47a9cfd9839bf688/element/f.C3AA7480AC9969AD6A76FCDF8BFD3774.d.70D0EDBE0F008BC2C33A798CC752B512.e.9137/click - {}
RESULT: {}
COMMAND: GET /session/54b51d12ae76246c47a9cfd9839bf688/screenshot - {}
RESULT: {}
COMMAND: POST /session/54b51d12ae76246c47a9cfd9839bf688/element - {"using":"xpath","value":"//span[contains(text(), \"PM Order\")]"}
RESULT: {"using":"xpath","value":"//span[contains(text(), \"PM Order\")]"}
COMMAND: POST /session/54b51d12ae76246c47a9cfd9839bf688/element/f.C3AA7480AC9969AD6A76FCDF8BFD3774.d.70D0EDBE0F008BC2C33A798CC752B512.e.9140/click - {}
RESULT: {}
COMMAND: GET /session/54b51d12ae76246c47a9cfd9839bf688/screenshot - {}
RESULT: {}
COMMAND: POST /session/54b51d12ae76246c47a9cfd9839bf688/element - {"using":"xpath","value":"(//span[contains(@id ,\"manageresources-display-component---newResourceUnit--RUTimeSegment-0-vhi\")])[1]"}
RESULT: {"using":"xpath","value":"(//span[contains(@id ,\"manageresources-display-component---newResourceUnit--RUTimeSegment-0-vhi\")])[1]"}
COMMAND: GET /session/54b51d12ae76246c47a9cfd9839bf688/element/f.C3AA7480AC9969AD6A76FCDF8BFD3774.d.70D0EDBE0F008BC2C33A798CC752B512.e.9144/rect - {}
RESULT: {}
COMMAND: GET /session/54b51d12ae76246c47a9cfd9839bf688/window/rect - {}
RESULT: {}
COMMAND: POST /session/54b51d12ae76246c47a9cfd9839bf688/execute/sync - {"script":"<script> [92 bytes]","args":[]}
RESULT: {"script":"<script> [92 bytes]","args":[]}
COMMAND: POST /session/54b51d12ae76246c47a9cfd9839bf688/actions - {"actions":[{"id":"action27","type":"wheel","parameters":{},"actions":[{"type":"scroll","x":-869,"y":-24,"deltaX":0,"deltaY":0,"duration":0,"origin":{"element-6066-11e4-a52e-4f735466cecf":"f.C3AA7480AC9969AD6A76FCDF8BFD3774.d.70D0EDBE0F008BC2C33A798CC752B512.e.9144"}}]}]}
COMMAND: GET /session/54b51d12ae76246c47a9cfd9839bf688/screenshot - {}
RESULT: {"actions":[{"id":"action27","type":"wheel","parameters":{},"actions":[{"type":"scroll","x":-869,"y":-24,"deltaX":0,"deltaY":0,"duration":0,"origin":{"element-6066-11e4-a52e-4f735466cecf":"f.C3AA7480AC9969AD6A76FCDF8BFD3774.d.70D0EDBE0F008BC2C33A798CC752B512.e.9144"}}]}]}
COMMAND: DELETE /session/54b51d12ae76246c47a9cfd9839bf688/actions - {}
COMMAND: GET /session/54b51d12ae76246c47a9cfd9839bf688/screenshot - {}
RESULT: {}
RESULT: {}
COMMAND: GET /session/54b51d12ae76246c47a9cfd9839bf688/screenshot - {}
RESULT: {}
RESULT: {}
COMMAND: POST /session/54b51d12ae76246c47a9cfd9839bf688/element/f.C3AA7480AC9969AD6A76FCDF8BFD3774.d.70D0EDBE0F008BC2C33A798CC752B512.e.9144/click - {}
RESULT: {}
COMMAND: GET /session/54b51d12ae76246c47a9cfd9839bf688/screenshot - {}
RESULT: {}
RESULT: undefined
COMMAND: POST /session/54b51d12ae76246c47a9cfd9839bf688/execute/async - {"script":"<script> [776 bytes]","args":[{"enterText":"4000360","selector":{"controlType":"sap.m.SearchField","properties":{"placeholder":"Search"},"searchOpenDialogs":true,"interaction":{"idSuffix":"I"}},"clearTextFirst":true,"interactionType":"ENTER_TEXT"}]}
RESULT: {"script":"<script> [776 bytes]","args":[{"enterText":"4000360","selector":{"controlType":"sap.m.SearchField","properties":{"placeholder":"Search"},"searchOpenDialogs":true,"interaction":{"idSuffix":"I"}},"clearTextFirst":true,"interactionType":"ENTER_TEXT"}]}
COMMAND: POST /session/54b51d12ae76246c47a9cfd9839bf688/actions - {"actions":[{"id":"action28","type":"key","parameters":{},"actions":[{"type":"keyDown","value":"î€‡"},{"type":"pause","duration":10},{"type":"keyUp","value":"î€‡"}]}]}
RESULT: {"actions":[{"id":"action28","type":"key","parameters":{},"actions":[{"type":"keyDown","value":"î€‡"},{"type":"pause","duration":10},{"type":"keyUp","value":"î€‡"}]}]}
COMMAND: GET /session/54b51d12ae76246c47a9cfd9839bf688/screenshot - {}
RESULT: {}
COMMAND: POST /session/54b51d12ae76246c47a9cfd9839bf688/element - {"using":"xpath","value":"//td/div/span[contains(text(), \"BGL Vehicles\")]"}
RESULT: {"using":"xpath","value":"//td/div/span[contains(text(), \"BGL Vehicles\")]"}
COMMAND: POST /session/54b51d12ae76246c47a9cfd9839bf688/element/f.C3AA7480AC9969AD6A76FCDF8BFD3774.d.70D0EDBE0F008BC2C33A798CC752B512.e.9164/click - {}
RESULT: {}
COMMAND: GET /session/54b51d12ae76246c47a9cfd9839bf688/screenshot - {}
RESULT: {}
COMMAND: POST /session/54b51d12ae76246c47a9cfd9839bf688/element - {"using":"xpath","value":"//bdi[contains(text(), \"OK\")]"}
RESULT: {"using":"xpath","value":"//bdi[contains(text(), \"OK\")]"}
COMMAND: POST /session/54b51d12ae76246c47a9cfd9839bf688/element/f.C3AA7480AC9969AD6A76FCDF8BFD3774.d.70D0EDBE0F008BC2C33A798CC752B512.e.9165/click - {}
RESULT: {}
COMMAND: GET /session/54b51d12ae76246c47a9cfd9839bf688/screenshot - {}
RESULT: {}
COMMAND: POST /session/54b51d12ae76246c47a9cfd9839bf688/execute/async - {"script":"<script> [1562 bytes]","args":[{"selector":{"id":"application-manageresources-display-component---newResourceUnit--newRRUPage-anchBar-application-manageresources-display-component---newResourceUnit--resource-anchor","interaction":{"idSuffix":"BDI-content"}},"wdio_ui5_key":"applicationmanageresources-display-component---newResourceUnit--newRRUPage-anchBar-application-manageresources-display-component---newResourceUnit--resource-anchor"}]}
RESULT: {"script":"<script> [1562 bytes]","args":[{"selector":{"id":"application-manageresources-display-component---newResourceUnit--newRRUPage-anchBar-application-manageresources-display-component---newResourceUnit--resource-anchor","interaction":{"idSuffix":"BDI-content"}},"wdio_ui5_key":"applicationmanageresources-display-component---newResourceUnit--newRRUPage-anchBar-application-manageresources-display-component---newResourceUnit--resource-anchor"}]}
RESULT: undefined
COMMAND: POST /session/54b51d12ae76246c47a9cfd9839bf688/element - {"using":"xpath","value":"//*[@id=\"application-manageresources-display-component---newResourceUnit--newRRUPage-anchBar-application-manageresources-display-component---newResourceUnit--resource-anchor\"]"}
RESULT: {"using":"xpath","value":"//*[@id=\"application-manageresources-display-component---newResourceUnit--newRRUPage-anchBar-application-manageresources-display-component---newResourceUnit--resource-anchor\"]"}
COMMAND: POST /session/54b51d12ae76246c47a9cfd9839bf688/element/f.C3AA7480AC9969AD6A76FCDF8BFD3774.d.70D0EDBE0F008BC2C33A798CC752B512.e.9169/click - {}
RESULT: {}
COMMAND: POST /session/54b51d12ae76246c47a9cfd9839bf688/execute/async - {"script":"<script> [1562 bytes]","args":[{"selector":{"id":"application-manageresources-display-component---newResourceUnit--PLANNED_DELIVERY_DATE","interaction":{"idSuffix":"inner"}},"wdio_ui5_key":"applicationmanageresources-display-component---newResourceUnit--PLANNED_DELIVERY_DATE"}]}
COMMAND: GET /session/54b51d12ae76246c47a9cfd9839bf688/screenshot - {}
RESULT: {"script":"<script> [1562 bytes]","args":[{"selector":{"id":"application-manageresources-display-component---newResourceUnit--PLANNED_DELIVERY_DATE","interaction":{"idSuffix":"inner"}},"wdio_ui5_key":"applicationmanageresources-display-component---newResourceUnit--PLANNED_DELIVERY_DATE"}]}
RESULT: undefined
COMMAND: POST /session/54b51d12ae76246c47a9cfd9839bf688/execute/async - {"script":"<script> [6424 bytes]","args":[{"element-6066-11e4-a52e-4f735466cecf":"f.C3AA7480AC9969AD6A76FCDF8BFD3774.d.70D0EDBE0F008BC2C33A798CC752B512.e.9001"},"setValue",["6/2/25"]]}
RESULT: {}
RESULT: {"script":"<script> [6424 bytes]","args":[{"element-6066-11e4-a52e-4f735466cecf":"f.C3AA7480AC9969AD6A76FCDF8BFD3774.d.70D0EDBE0F008BC2C33A798CC752B512.e.9001"},"setValue",["6/2/25"]]}
COMMAND: POST /session/54b51d12ae76246c47a9cfd9839bf688/element - {"using":"xpath","value":"//label[contains(@class, 'sapMLabelRequired') and .//bdi[contains(text(), 'Planned Retirement')]]"}
RESULT: {"using":"xpath","value":"//label[contains(@class, 'sapMLabelRequired') and .//bdi[contains(text(), 'Planned Retirement')]]"}
COMMAND: POST /session/54b51d12ae76246c47a9cfd9839bf688/elements - {"using":"xpath","value":"//label[contains(@class, 'sapMLabelRequired') and .//bdi[contains(text(), 'Planned Retirement')]]"}
RESULT: {"using":"xpath","value":"//label[contains(@class, 'sapMLabelRequired') and .//bdi[contains(text(), 'Planned Retirement')]]"}
COMMAND: POST /session/54b51d12ae76246c47a9cfd9839bf688/element - {"using":"xpath","value":"//button[@data-kt=\"resourceUnitSaveButton\"]"}
RESULT: {"using":"xpath","value":"//button[@data-kt=\"resourceUnitSaveButton\"]"}
COMMAND: POST /session/54b51d12ae76246c47a9cfd9839bf688/element/f.C3AA7480AC9969AD6A76FCDF8BFD3774.d.70D0EDBE0F008BC2C33A798CC752B512.e.8961/click - {}
RESULT: {}
COMMAND: GET /session/54b51d12ae76246c47a9cfd9839bf688/screenshot - {}
RESULT: {}
COMMAND: POST /session/54b51d12ae76246c47a9cfd9839bf688/element - {"using":"xpath","value":"//bdi[contains(text(), \"Close\")]"}
RESULT: {"using":"xpath","value":"//bdi[contains(text(), \"Close\")]"}
COMMAND: POST /session/54b51d12ae76246c47a9cfd9839bf688/element/f.C3AA7480AC9969AD6A76FCDF8BFD3774.d.70D0EDBE0F008BC2C33A798CC752B512.e.9177/click - {}
RESULT: {}
COMMAND: GET /session/54b51d12ae76246c47a9cfd9839bf688/screenshot - {}
RESULT: {}
COMMAND: POST /session/54b51d12ae76246c47a9cfd9839bf688/element - {"using":"xpath","value":"(//button[contains(@id ,\"actionsToolbar-overflowButton\")])[1]"}
RESULT: {"using":"xpath","value":"(//button[contains(@id ,\"actionsToolbar-overflowButton\")])[1]"}
COMMAND: POST /session/54b51d12ae76246c47a9cfd9839bf688/element/f.C3AA7480AC9969AD6A76FCDF8BFD3774.d.70D0EDBE0F008BC2C33A798CC752B512.e.9235/click - {}
RESULT: {}
COMMAND: GET /session/54b51d12ae76246c47a9cfd9839bf688/screenshot - {}
RESULT: {}
COMMAND: POST /session/54b51d12ae76246c47a9cfd9839bf688/element - {"using":"xpath","value":"//button[@data-kt=\"priceInfoButton\"]"}
RESULT: {"using":"xpath","value":"//button[@data-kt=\"priceInfoButton\"]"}
COMMAND: POST /session/54b51d12ae76246c47a9cfd9839bf688/element/f.C3AA7480AC9969AD6A76FCDF8BFD3774.d.70D0EDBE0F008BC2C33A798CC752B512.e.9237/click - {}
RESULT: {}
COMMAND: GET /session/54b51d12ae76246c47a9cfd9839bf688/screenshot - {}
]]></system-out>
    </testcase>
    <testcase classname="chrome.136_0_7103_93.windows.Billing_Transfer_-_Intracompany_US127249" name="Should create a pricing procedure" time="52.289">
      <system-out><![CDATA[
COMMAND: POST /session/54b51d12ae76246c47a9cfd9839bf688/element - {"using":"xpath","value":"//button[@data-kt=\"addButton\"]"}
RESULT: {}
RESULT: {"using":"xpath","value":"//button[@data-kt=\"addButton\"]"}
COMMAND: POST /session/54b51d12ae76246c47a9cfd9839bf688/elements - {"using":"xpath","value":"//button[@data-kt=\"addButton\"]"}
RESULT: {"using":"xpath","value":"//button[@data-kt=\"addButton\"]"}
COMMAND: POST /session/54b51d12ae76246c47a9cfd9839bf688/execute/sync - {"script":"<script> [8489 bytes]","args":[{"element-6066-11e4-a52e-4f735466cecf":"f.C3AA7480AC9969AD6A76FCDF8BFD3774.d.70D0EDBE0F008BC2C33A798CC752B512.e.9273","ELEMENT":"f.C3AA7480AC9969AD6A76FCDF8BFD3774.d.70D0EDBE0F008BC2C33A798CC752B512.e.9273"}]}
RESULT: {"script":"<script> [8489 bytes]","args":[{"element-6066-11e4-a52e-4f735466cecf":"f.C3AA7480AC9969AD6A76FCDF8BFD3774.d.70D0EDBE0F008BC2C33A798CC752B512.e.9273","ELEMENT":"f.C3AA7480AC9969AD6A76FCDF8BFD3774.d.70D0EDBE0F008BC2C33A798CC752B512.e.9273"}]}
COMMAND: GET /session/54b51d12ae76246c47a9cfd9839bf688/element/f.C3AA7480AC9969AD6A76FCDF8BFD3774.d.70D0EDBE0F008BC2C33A798CC752B512.e.9273/enabled - {}
COMMAND: GET /session/54b51d12ae76246c47a9cfd9839bf688/screenshot - {}
RESULT: {}
COMMAND: POST /session/54b51d12ae76246c47a9cfd9839bf688/execute/sync - {"script":"<script> [8489 bytes]","args":[{"element-6066-11e4-a52e-4f735466cecf":"f.C3AA7480AC9969AD6A76FCDF8BFD3774.d.70D0EDBE0F008BC2C33A798CC752B512.e.9273","ELEMENT":"f.C3AA7480AC9969AD6A76FCDF8BFD3774.d.70D0EDBE0F008BC2C33A798CC752B512.e.9273"}]}
COMMAND: GET /session/54b51d12ae76246c47a9cfd9839bf688/screenshot - {}
RESULT: {}
RESULT: {"script":"<script> [8489 bytes]","args":[{"element-6066-11e4-a52e-4f735466cecf":"f.C3AA7480AC9969AD6A76FCDF8BFD3774.d.70D0EDBE0F008BC2C33A798CC752B512.e.9273","ELEMENT":"f.C3AA7480AC9969AD6A76FCDF8BFD3774.d.70D0EDBE0F008BC2C33A798CC752B512.e.9273"}]}
COMMAND: POST /session/54b51d12ae76246c47a9cfd9839bf688/execute/sync - {"script":"<script> [5351 bytes]","args":[{"element-6066-11e4-a52e-4f735466cecf":"f.C3AA7480AC9969AD6A76FCDF8BFD3774.d.70D0EDBE0F008BC2C33A798CC752B512.e.9273","ELEMENT":"f.C3AA7480AC9969AD6A76FCDF8BFD3774.d.70D0EDBE0F008BC2C33A798CC752B512.e.9273"}]}
COMMAND: GET /session/54b51d12ae76246c47a9cfd9839bf688/screenshot - {}
RESULT: {}
RESULT: {"script":"<script> [5351 bytes]","args":[{"element-6066-11e4-a52e-4f735466cecf":"f.C3AA7480AC9969AD6A76FCDF8BFD3774.d.70D0EDBE0F008BC2C33A798CC752B512.e.9273","ELEMENT":"f.C3AA7480AC9969AD6A76FCDF8BFD3774.d.70D0EDBE0F008BC2C33A798CC752B512.e.9273"}]}
COMMAND: POST /session/54b51d12ae76246c47a9cfd9839bf688/element/f.C3AA7480AC9969AD6A76FCDF8BFD3774.d.70D0EDBE0F008BC2C33A798CC752B512.e.9273/click - {}
COMMAND: GET /session/54b51d12ae76246c47a9cfd9839bf688/screenshot - {}
RESULT: {}
RESULT: {}
COMMAND: GET /session/54b51d12ae76246c47a9cfd9839bf688/screenshot - {}
RESULT: {}
RESULT: {}
COMMAND: POST /session/54b51d12ae76246c47a9cfd9839bf688/execute/async - {"script":"<script> [1562 bytes]","args":[{"selector":{"controlType":"sap.m.Title","viewName":"etm.portal.ui.managepricingrules.view.NewItem","viewId":"application-managepricingrules-display-component---newInfoPriceItem","properties":{"text":"New Pricing Rules - Item Level"}},"wdio_ui5_key":"etmportal.ui.managepricingrules.view.NewItemsap.m.Title{\"text\":\"New Pricing Rules - Item Level\"}"}]}
RESULT: {"script":"<script> [1562 bytes]","args":[{"selector":{"controlType":"sap.m.Title","viewName":"etm.portal.ui.managepricingrules.view.NewItem","viewId":"application-managepricingrules-display-component---newInfoPriceItem","properties":{"text":"New Pricing Rules - Item Level"}},"wdio_ui5_key":"etmportal.ui.managepricingrules.view.NewItemsap.m.Title{\"text\":\"New Pricing Rules - Item Level\"}"}]}
RESULT: undefined
COMMAND: POST /session/54b51d12ae76246c47a9cfd9839bf688/execute/async - {"script":"<script> [6424 bytes]","args":[{"element-6066-11e4-a52e-4f735466cecf":"f.C3AA7480AC9969AD6A76FCDF8BFD3774.d.70D0EDBE0F008BC2C33A798CC752B512.e.9445"},"getText",[]]}
RESULT: {"script":"<script> [6424 bytes]","args":[{"element-6066-11e4-a52e-4f735466cecf":"f.C3AA7480AC9969AD6A76FCDF8BFD3774.d.70D0EDBE0F008BC2C33A798CC752B512.e.9445"},"getText",[]]}
COMMAND: POST /session/54b51d12ae76246c47a9cfd9839bf688/execute/async - {"script":"<script> [1562 bytes]","args":[{"selector":{"id":"application-managepricingrules-display-component---newInfoPriceItem--condValidTo","interaction":{"idSuffix":"inner"}},"wdio_ui5_key":"applicationmanagepricingrules-display-component---newInfoPriceItem--condValidTo"}]}
RESULT: {"script":"<script> [1562 bytes]","args":[{"selector":{"id":"application-managepricingrules-display-component---newInfoPriceItem--condValidTo","interaction":{"idSuffix":"inner"}},"wdio_ui5_key":"applicationmanagepricingrules-display-component---newInfoPriceItem--condValidTo"}]}
RESULT: undefined
COMMAND: POST /session/54b51d12ae76246c47a9cfd9839bf688/execute/async - {"script":"<script> [776 bytes]","args":[{"enterText":"2/2/26","selector":{"id":"application-managepricingrules-display-component---newInfoPriceItem--condValidTo","interaction":{"idSuffix":"inner"}},"clearTextFirst":true,"interactionType":"ENTER_TEXT"}]}
RESULT: {"script":"<script> [776 bytes]","args":[{"enterText":"2/2/26","selector":{"id":"application-managepricingrules-display-component---newInfoPriceItem--condValidTo","interaction":{"idSuffix":"inner"}},"clearTextFirst":true,"interactionType":"ENTER_TEXT"}]}
COMMAND: POST /session/54b51d12ae76246c47a9cfd9839bf688/execute/async - {"script":"<script> [1562 bytes]","args":[{"selector":{"id":"application-managepricingrules-display-component---newInfoPriceItem--billType-arrow"},"wdio_ui5_key":"applicationmanagepricingrules-display-component---newInfoPriceItem--billType-arrow"}]}
RESULT: {"script":"<script> [1562 bytes]","args":[{"selector":{"id":"application-managepricingrules-display-component---newInfoPriceItem--billType-arrow"},"wdio_ui5_key":"applicationmanagepricingrules-display-component---newInfoPriceItem--billType-arrow"}]}
RESULT: undefined
COMMAND: POST /session/54b51d12ae76246c47a9cfd9839bf688/element - {"using":"xpath","value":"//*[@id=\"application-managepricingrules-display-component---newInfoPriceItem--billType-arrow\"]"}
RESULT: {"using":"xpath","value":"//*[@id=\"application-managepricingrules-display-component---newInfoPriceItem--billType-arrow\"]"}
COMMAND: POST /session/54b51d12ae76246c47a9cfd9839bf688/element/f.C3AA7480AC9969AD6A76FCDF8BFD3774.d.70D0EDBE0F008BC2C33A798CC752B512.e.9405/click - {}
RESULT: {}
COMMAND: POST /session/54b51d12ae76246c47a9cfd9839bf688/element - {"using":"xpath","value":"//span[contains(text(), \"TB - Time based\")]"}
COMMAND: GET /session/54b51d12ae76246c47a9cfd9839bf688/screenshot - {}
RESULT: {"using":"xpath","value":"//span[contains(text(), \"TB - Time based\")]"}
COMMAND: POST /session/54b51d12ae76246c47a9cfd9839bf688/element/f.C3AA7480AC9969AD6A76FCDF8BFD3774.d.70D0EDBE0F008BC2C33A798CC752B512.e.9447/click - {}
RESULT: {}
RESULT: {}
COMMAND: POST /session/54b51d12ae76246c47a9cfd9839bf688/execute/async - {"script":"<script> [1562 bytes]","args":[{"selector":{"id":"application-managepricingrules-display-component---newInfoPriceItem--priceProc-arrow"},"wdio_ui5_key":"applicationmanagepricingrules-display-component---newInfoPriceItem--priceProc-arrow"}]}
COMMAND: GET /session/54b51d12ae76246c47a9cfd9839bf688/screenshot - {}
RESULT: {"script":"<script> [1562 bytes]","args":[{"selector":{"id":"application-managepricingrules-display-component---newInfoPriceItem--priceProc-arrow"},"wdio_ui5_key":"applicationmanagepricingrules-display-component---newInfoPriceItem--priceProc-arrow"}]}
RESULT: undefined
COMMAND: POST /session/54b51d12ae76246c47a9cfd9839bf688/element - {"using":"xpath","value":"//*[@id=\"application-managepricingrules-display-component---newInfoPriceItem--priceProc-arrow\"]"}
RESULT: {}
RESULT: {"using":"xpath","value":"//*[@id=\"application-managepricingrules-display-component---newInfoPriceItem--priceProc-arrow\"]"}
COMMAND: POST /session/54b51d12ae76246c47a9cfd9839bf688/element/f.C3AA7480AC9969AD6A76FCDF8BFD3774.d.70D0EDBE0F008BC2C33A798CC752B512.e.9412/click - {}
RESULT: {}
COMMAND: POST /session/54b51d12ae76246c47a9cfd9839bf688/element - {"using":"xpath","value":"//span[contains(text(), \"TBS - Time based standard\")]"}
COMMAND: GET /session/54b51d12ae76246c47a9cfd9839bf688/screenshot - {}
RESULT: {"using":"xpath","value":"//span[contains(text(), \"TBS - Time based standard\")]"}
COMMAND: POST /session/54b51d12ae76246c47a9cfd9839bf688/element/f.C3AA7480AC9969AD6A76FCDF8BFD3774.d.70D0EDBE0F008BC2C33A798CC752B512.e.9448/click - {}
RESULT: {}
RESULT: {}
COMMAND: POST /session/54b51d12ae76246c47a9cfd9839bf688/execute/async - {"script":"<script> [1562 bytes]","args":[{"selector":{"id":"application-managepricingrules-display-component---newInfoPriceItem--calcBase-arrow"},"wdio_ui5_key":"applicationmanagepricingrules-display-component---newInfoPriceItem--calcBase-arrow"}]}
COMMAND: GET /session/54b51d12ae76246c47a9cfd9839bf688/screenshot - {}
RESULT: {"script":"<script> [1562 bytes]","args":[{"selector":{"id":"application-managepricingrules-display-component---newInfoPriceItem--calcBase-arrow"},"wdio_ui5_key":"applicationmanagepricingrules-display-component---newInfoPriceItem--calcBase-arrow"}]}
RESULT: undefined
COMMAND: POST /session/54b51d12ae76246c47a9cfd9839bf688/element - {"using":"xpath","value":"//*[@id=\"application-managepricingrules-display-component---newInfoPriceItem--calcBase-arrow\"]"}
RESULT: {}
RESULT: {"using":"xpath","value":"//*[@id=\"application-managepricingrules-display-component---newInfoPriceItem--calcBase-arrow\"]"}
COMMAND: POST /session/54b51d12ae76246c47a9cfd9839bf688/element/f.C3AA7480AC9969AD6A76FCDF8BFD3774.d.70D0EDBE0F008BC2C33A798CC752B512.e.9419/click - {}
RESULT: {}
COMMAND: GET /session/54b51d12ae76246c47a9cfd9839bf688/screenshot - {}
RESULT: {}
COMMAND: POST /session/54b51d12ae76246c47a9cfd9839bf688/element - {"using":"xpath","value":"//span[contains(text(), \"0006 - TB(calendar days)\")]"}
RESULT: {"using":"xpath","value":"//span[contains(text(), \"0006 - TB(calendar days)\")]"}
COMMAND: POST /session/54b51d12ae76246c47a9cfd9839bf688/element/f.C3AA7480AC9969AD6A76FCDF8BFD3774.d.70D0EDBE0F008BC2C33A798CC752B512.e.9449/click - {}
RESULT: {}
COMMAND: GET /session/54b51d12ae76246c47a9cfd9839bf688/screenshot - {}
RESULT: {}
COMMAND: POST /session/54b51d12ae76246c47a9cfd9839bf688/execute/async - {"script":"<script> [1562 bytes]","args":[{"selector":{"id":"application-managepricingrules-display-component---newInfoPriceItem--daysMonth","interaction":{"idSuffix":"inner"}},"wdio_ui5_key":"applicationmanagepricingrules-display-component---newInfoPriceItem--daysMonth"}]}
RESULT: {"script":"<script> [1562 bytes]","args":[{"selector":{"id":"application-managepricingrules-display-component---newInfoPriceItem--daysMonth","interaction":{"idSuffix":"inner"}},"wdio_ui5_key":"applicationmanagepricingrules-display-component---newInfoPriceItem--daysMonth"}]}
RESULT: undefined
COMMAND: POST /session/54b51d12ae76246c47a9cfd9839bf688/execute/async - {"script":"<script> [776 bytes]","args":[{"enterText":"30","selector":{"id":"application-managepricingrules-display-component---newInfoPriceItem--daysMonth","interaction":{"idSuffix":"inner"}},"clearTextFirst":true,"interactionType":"ENTER_TEXT"}]}
RESULT: {"script":"<script> [776 bytes]","args":[{"enterText":"30","selector":{"id":"application-managepricingrules-display-component---newInfoPriceItem--daysMonth","interaction":{"idSuffix":"inner"}},"clearTextFirst":true,"interactionType":"ENTER_TEXT"}]}
COMMAND: POST /session/54b51d12ae76246c47a9cfd9839bf688/element - {"using":"xpath","value":"//button[@data-kt=\"saveNewRuleButton\"]"}
RESULT: {"using":"xpath","value":"//button[@data-kt=\"saveNewRuleButton\"]"}
COMMAND: POST /session/54b51d12ae76246c47a9cfd9839bf688/element/f.C3AA7480AC9969AD6A76FCDF8BFD3774.d.70D0EDBE0F008BC2C33A798CC752B512.e.9439/click - {}
RESULT: {}
COMMAND: GET /session/54b51d12ae76246c47a9cfd9839bf688/screenshot - {}
RESULT: {}
COMMAND: POST /session/54b51d12ae76246c47a9cfd9839bf688/execute/async - {"script":"<script> [1562 bytes]","args":[{"selector":{"id":"application-managepricingrules-display-component---priceInfoItem--smartFilterBar-btnBasicSearch","interaction":{"idSuffix":"I"}},"wdio_ui5_key":"applicationmanagepricingrules-display-component---priceInfoItem--smartFilterBar-btnBasicSearch"}]}
RESULT: {"script":"<script> [1562 bytes]","args":[{"selector":{"id":"application-managepricingrules-display-component---priceInfoItem--smartFilterBar-btnBasicSearch","interaction":{"idSuffix":"I"}},"wdio_ui5_key":"applicationmanagepricingrules-display-component---priceInfoItem--smartFilterBar-btnBasicSearch"}]}
RESULT: undefined
COMMAND: POST /session/54b51d12ae76246c47a9cfd9839bf688/execute/async - {"script":"<script> [776 bytes]","args":[{"enterText":"dhHAEc5T0p","selector":{"id":"application-managepricingrules-display-component---priceInfoItem--smartFilterBar-btnBasicSearch","interaction":{"idSuffix":"I"}},"clearTextFirst":true,"interactionType":"ENTER_TEXT"}]}
RESULT: {"script":"<script> [776 bytes]","args":[{"enterText":"dhHAEc5T0p","selector":{"id":"application-managepricingrules-display-component---priceInfoItem--smartFilterBar-btnBasicSearch","interaction":{"idSuffix":"I"}},"clearTextFirst":true,"interactionType":"ENTER_TEXT"}]}
COMMAND: POST /session/54b51d12ae76246c47a9cfd9839bf688/actions - {"actions":[{"id":"action29","type":"key","parameters":{},"actions":[{"type":"keyDown","value":"î€‡"},{"type":"pause","duration":10},{"type":"keyUp","value":"î€‡"}]}]}
RESULT: {"actions":[{"id":"action29","type":"key","parameters":{},"actions":[{"type":"keyDown","value":"î€‡"},{"type":"pause","duration":10},{"type":"keyUp","value":"î€‡"}]}]}
COMMAND: GET /session/54b51d12ae76246c47a9cfd9839bf688/screenshot - {}
RESULT: {}
COMMAND: POST /session/54b51d12ae76246c47a9cfd9839bf688/element - {"using":"xpath","value":"//span[@id=\"application-managepricingrules-display-component---priceInfoItem--smartTable-header-inner\"]"}
RESULT: {"using":"xpath","value":"//span[@id=\"application-managepricingrules-display-component---priceInfoItem--smartTable-header-inner\"]"}
COMMAND: POST /session/54b51d12ae76246c47a9cfd9839bf688/elements - {"using":"xpath","value":"//span[@id=\"application-managepricingrules-display-component---priceInfoItem--smartTable-header-inner\"]"}
RESULT: {"using":"xpath","value":"//span[@id=\"application-managepricingrules-display-component---priceInfoItem--smartTable-header-inner\"]"}
COMMAND: POST /session/54b51d12ae76246c47a9cfd9839bf688/execute/sync - {"script":"<script> [56 bytes]","args":[{"element-6066-11e4-a52e-4f735466cecf":"f.C3AA7480AC9969AD6A76FCDF8BFD3774.d.70D0EDBE0F008BC2C33A798CC752B512.e.9474","ELEMENT":"f.C3AA7480AC9969AD6A76FCDF8BFD3774.d.70D0EDBE0F008BC2C33A798CC752B512.e.9474"}]}
RESULT: {"script":"<script> [56 bytes]","args":[{"element-6066-11e4-a52e-4f735466cecf":"f.C3AA7480AC9969AD6A76FCDF8BFD3774.d.70D0EDBE0F008BC2C33A798CC752B512.e.9474","ELEMENT":"f.C3AA7480AC9969AD6A76FCDF8BFD3774.d.70D0EDBE0F008BC2C33A798CC752B512.e.9474"}]}
COMMAND: POST /session/54b51d12ae76246c47a9cfd9839bf688/element - {"using":"css selector","value":"#shell-header-logo"}
COMMAND: GET /session/54b51d12ae76246c47a9cfd9839bf688/screenshot - {}
RESULT: {"using":"css selector","value":"#shell-header-logo"}
COMMAND: POST /session/54b51d12ae76246c47a9cfd9839bf688/element/f.C3AA7480AC9969AD6A76FCDF8BFD3774.d.70D0EDBE0F008BC2C33A798CC752B512.e.8546/click - {}
RESULT: {}
RESULT: {}
COMMAND: GET /session/54b51d12ae76246c47a9cfd9839bf688/screenshot - {}
RESULT: {}
]]></system-out>
    </testcase>
    <testcase classname="chrome.136_0_7103_93.windows.Billing_Transfer_-_Intracompany_US127249" name="Should manage conditions" time="73.413">
      <system-out><![CDATA[
COMMAND: POST /session/54b51d12ae76246c47a9cfd9839bf688/execute/async - {"script":"<script> [1562 bytes]","args":[{"selector":{"controlType":"sap.m.GenericTile","properties":{"header":"Manage Conditions & Prices"}},"wdio_ui5_key":"sapm.GenericTile{\"header\":\"Manage Conditions & Prices\"}"}]}
RESULT: {"script":"<script> [1562 bytes]","args":[{"selector":{"controlType":"sap.m.GenericTile","properties":{"header":"Manage Conditions & Prices"}},"wdio_ui5_key":"sapm.GenericTile{\"header\":\"Manage Conditions & Prices\"}"}]}
RESULT: undefined
COMMAND: POST /session/54b51d12ae76246c47a9cfd9839bf688/element - {"using":"xpath","value":"//*[@id=\"__tile53\"]"}
RESULT: {"using":"xpath","value":"//*[@id=\"__tile53\"]"}
COMMAND: POST /session/54b51d12ae76246c47a9cfd9839bf688/element/f.C3AA7480AC9969AD6A76FCDF8BFD3774.d.70D0EDBE0F008BC2C33A798CC752B512.e.6241/click - {}
RESULT: {}
COMMAND: GET /session/54b51d12ae76246c47a9cfd9839bf688/screenshot - {}
RESULT: {}
COMMAND: POST /session/54b51d12ae76246c47a9cfd9839bf688/elements - {"using":"xpath","value":"//span[text()='Error']"}
RESULT: {"using":"xpath","value":"//span[text()='Error']"}
COMMAND: POST /session/54b51d12ae76246c47a9cfd9839bf688/element - {"using":"xpath","value":"//button[@aria-label=\"Create\"]"}
RESULT: {"using":"xpath","value":"//button[@aria-label=\"Create\"]"}
COMMAND: POST /session/54b51d12ae76246c47a9cfd9839bf688/elements - {"using":"xpath","value":"//button[@aria-label=\"Create\"]"}
RESULT: {"using":"xpath","value":"//button[@aria-label=\"Create\"]"}
COMMAND: POST /session/54b51d12ae76246c47a9cfd9839bf688/execute/sync - {"script":"<script> [8489 bytes]","args":[{"element-6066-11e4-a52e-4f735466cecf":"f.C3AA7480AC9969AD6A76FCDF8BFD3774.d.70D0EDBE0F008BC2C33A798CC752B512.e.9509","ELEMENT":"f.C3AA7480AC9969AD6A76FCDF8BFD3774.d.70D0EDBE0F008BC2C33A798CC752B512.e.9509"}]}
RESULT: {"script":"<script> [8489 bytes]","args":[{"element-6066-11e4-a52e-4f735466cecf":"f.C3AA7480AC9969AD6A76FCDF8BFD3774.d.70D0EDBE0F008BC2C33A798CC752B512.e.9509","ELEMENT":"f.C3AA7480AC9969AD6A76FCDF8BFD3774.d.70D0EDBE0F008BC2C33A798CC752B512.e.9509"}]}
COMMAND: GET /session/54b51d12ae76246c47a9cfd9839bf688/element/f.C3AA7480AC9969AD6A76FCDF8BFD3774.d.70D0EDBE0F008BC2C33A798CC752B512.e.9509/enabled - {}
COMMAND: GET /session/54b51d12ae76246c47a9cfd9839bf688/screenshot - {}
RESULT: {}
COMMAND: POST /session/54b51d12ae76246c47a9cfd9839bf688/execute/sync - {"script":"<script> [8489 bytes]","args":[{"element-6066-11e4-a52e-4f735466cecf":"f.C3AA7480AC9969AD6A76FCDF8BFD3774.d.70D0EDBE0F008BC2C33A798CC752B512.e.9509","ELEMENT":"f.C3AA7480AC9969AD6A76FCDF8BFD3774.d.70D0EDBE0F008BC2C33A798CC752B512.e.9509"}]}
COMMAND: GET /session/54b51d12ae76246c47a9cfd9839bf688/screenshot - {}
RESULT: {}
RESULT: {"script":"<script> [8489 bytes]","args":[{"element-6066-11e4-a52e-4f735466cecf":"f.C3AA7480AC9969AD6A76FCDF8BFD3774.d.70D0EDBE0F008BC2C33A798CC752B512.e.9509","ELEMENT":"f.C3AA7480AC9969AD6A76FCDF8BFD3774.d.70D0EDBE0F008BC2C33A798CC752B512.e.9509"}]}
COMMAND: POST /session/54b51d12ae76246c47a9cfd9839bf688/execute/sync - {"script":"<script> [5351 bytes]","args":[{"element-6066-11e4-a52e-4f735466cecf":"f.C3AA7480AC9969AD6A76FCDF8BFD3774.d.70D0EDBE0F008BC2C33A798CC752B512.e.9509","ELEMENT":"f.C3AA7480AC9969AD6A76FCDF8BFD3774.d.70D0EDBE0F008BC2C33A798CC752B512.e.9509"}]}
COMMAND: GET /session/54b51d12ae76246c47a9cfd9839bf688/screenshot - {}
RESULT: {}
RESULT: {"script":"<script> [5351 bytes]","args":[{"element-6066-11e4-a52e-4f735466cecf":"f.C3AA7480AC9969AD6A76FCDF8BFD3774.d.70D0EDBE0F008BC2C33A798CC752B512.e.9509","ELEMENT":"f.C3AA7480AC9969AD6A76FCDF8BFD3774.d.70D0EDBE0F008BC2C33A798CC752B512.e.9509"}]}
COMMAND: POST /session/54b51d12ae76246c47a9cfd9839bf688/element/f.C3AA7480AC9969AD6A76FCDF8BFD3774.d.70D0EDBE0F008BC2C33A798CC752B512.e.9509/click - {}
COMMAND: GET /session/54b51d12ae76246c47a9cfd9839bf688/screenshot - {}
RESULT: {}
RESULT: {}
COMMAND: GET /session/54b51d12ae76246c47a9cfd9839bf688/screenshot - {}
RESULT: {}
RESULT: {}
COMMAND: POST /session/54b51d12ae76246c47a9cfd9839bf688/actions - {"actions":[{"id":"action30","type":"key","parameters":{},"actions":[{"type":"keyDown","value":"î€‡"},{"type":"pause","duration":10},{"type":"keyUp","value":"î€‡"}]}]}
RESULT: {"actions":[{"id":"action30","type":"key","parameters":{},"actions":[{"type":"keyDown","value":"î€‡"},{"type":"pause","duration":10},{"type":"keyUp","value":"î€‡"}]}]}
COMMAND: GET /session/54b51d12ae76246c47a9cfd9839bf688/screenshot - {}
RESULT: {}
COMMAND: POST /session/54b51d12ae76246c47a9cfd9839bf688/execute/async - {"script":"<script> [1562 bytes]","args":[{"selector":{"id":"application-manageconditionprice-display-component---newCondition--condBillCond-arrow"},"wdio_ui5_key":"applicationmanageconditionprice-display-component---newCondition--condBillCond-arrow"}]}
RESULT: {"script":"<script> [1562 bytes]","args":[{"selector":{"id":"application-manageconditionprice-display-component---newCondition--condBillCond-arrow"},"wdio_ui5_key":"applicationmanageconditionprice-display-component---newCondition--condBillCond-arrow"}]}
RESULT: undefined
COMMAND: POST /session/54b51d12ae76246c47a9cfd9839bf688/element - {"using":"xpath","value":"//*[@id=\"application-manageconditionprice-display-component---newCondition--condBillCond-arrow\"]"}
RESULT: {"using":"xpath","value":"//*[@id=\"application-manageconditionprice-display-component---newCondition--condBillCond-arrow\"]"}
COMMAND: POST /session/54b51d12ae76246c47a9cfd9839bf688/element/f.C3AA7480AC9969AD6A76FCDF8BFD3774.d.70D0EDBE0F008BC2C33A798CC752B512.e.9689/click - {}
RESULT: {}
COMMAND: GET /session/54b51d12ae76246c47a9cfd9839bf688/screenshot - {}
RESULT: {}
COMMAND: POST /session/54b51d12ae76246c47a9cfd9839bf688/element - {"using":"xpath","value":"//li[.//span[contains(text(), \"DISP - D&I special price\")]]"}
RESULT: {"using":"xpath","value":"//li[.//span[contains(text(), \"DISP - D&I special price\")]]"}
COMMAND: POST /session/54b51d12ae76246c47a9cfd9839bf688/element/f.C3AA7480AC9969AD6A76FCDF8BFD3774.d.70D0EDBE0F008BC2C33A798CC752B512.e.9692/click - {}
RESULT: {}
COMMAND: GET /session/54b51d12ae76246c47a9cfd9839bf688/screenshot - {}
RESULT: {}
COMMAND: POST /session/54b51d12ae76246c47a9cfd9839bf688/execute/async - {"script":"<script> [1562 bytes]","args":[{"selector":{"id":"application-manageconditionprice-display-component---newCondition--condValidTo","interaction":{"idSuffix":"inner"}},"wdio_ui5_key":"applicationmanageconditionprice-display-component---newCondition--condValidTo"}]}
RESULT: {"script":"<script> [1562 bytes]","args":[{"selector":{"id":"application-manageconditionprice-display-component---newCondition--condValidTo","interaction":{"idSuffix":"inner"}},"wdio_ui5_key":"applicationmanageconditionprice-display-component---newCondition--condValidTo"}]}
RESULT: undefined
COMMAND: POST /session/54b51d12ae76246c47a9cfd9839bf688/execute/async - {"script":"<script> [776 bytes]","args":[{"enterText":"2/2/26","selector":{"id":"application-manageconditionprice-display-component---newCondition--condValidTo","interaction":{"idSuffix":"inner"}},"clearTextFirst":true,"interactionType":"ENTER_TEXT"}]}
RESULT: {"script":"<script> [776 bytes]","args":[{"enterText":"2/2/26","selector":{"id":"application-manageconditionprice-display-component---newCondition--condValidTo","interaction":{"idSuffix":"inner"}},"clearTextFirst":true,"interactionType":"ENTER_TEXT"}]}
COMMAND: POST /session/54b51d12ae76246c47a9cfd9839bf688/element - {"using":"xpath","value":"//input[@id=\"application-manageconditionprice-display-component---newCondition--condRU-inner\"]"}
RESULT: {"using":"xpath","value":"//input[@id=\"application-manageconditionprice-display-component---newCondition--condRU-inner\"]"}
COMMAND: POST /session/54b51d12ae76246c47a9cfd9839bf688/element/f.C3AA7480AC9969AD6A76FCDF8BFD3774.d.70D0EDBE0F008BC2C33A798CC752B512.e.9525/clear - {}
RESULT: {}
COMMAND: POST /session/54b51d12ae76246c47a9cfd9839bf688/element/f.C3AA7480AC9969AD6A76FCDF8BFD3774.d.70D0EDBE0F008BC2C33A798CC752B512.e.9525/value - {"text":"dhHAEc5T0p"}
COMMAND: GET /session/54b51d12ae76246c47a9cfd9839bf688/screenshot - {}
RESULT: {"text":"dhHAEc5T0p"}
COMMAND: GET /session/54b51d12ae76246c47a9cfd9839bf688/screenshot - {}
RESULT: {}
RESULT: {}
COMMAND: POST /session/54b51d12ae76246c47a9cfd9839bf688/actions - {"actions":[{"id":"action31","type":"key","parameters":{},"actions":[{"type":"keyDown","value":"î€‡"},{"type":"pause","duration":10},{"type":"keyUp","value":"î€‡"}]}]}
RESULT: {"actions":[{"id":"action31","type":"key","parameters":{},"actions":[{"type":"keyDown","value":"î€‡"},{"type":"pause","duration":10},{"type":"keyUp","value":"î€‡"}]}]}
COMMAND: POST /session/54b51d12ae76246c47a9cfd9839bf688/execute/async - {"script":"<script> [1562 bytes]","args":[{"selector":{"id":"application-manageconditionprice-display-component---newCondition--condBaseQty","interaction":{"idSuffix":"inner"}},"wdio_ui5_key":"applicationmanageconditionprice-display-component---newCondition--condBaseQty"}]}
COMMAND: GET /session/54b51d12ae76246c47a9cfd9839bf688/screenshot - {}
RESULT: {"script":"<script> [1562 bytes]","args":[{"selector":{"id":"application-manageconditionprice-display-component---newCondition--condBaseQty","interaction":{"idSuffix":"inner"}},"wdio_ui5_key":"applicationmanageconditionprice-display-component---newCondition--condBaseQty"}]}
RESULT: undefined
COMMAND: POST /session/54b51d12ae76246c47a9cfd9839bf688/execute/async - {"script":"<script> [776 bytes]","args":[{"enterText":"1","selector":{"id":"application-manageconditionprice-display-component---newCondition--condBaseQty","interaction":{"idSuffix":"inner"}},"clearTextFirst":true,"interactionType":"ENTER_TEXT"}]}
RESULT: {}
RESULT: {"script":"<script> [776 bytes]","args":[{"enterText":"1","selector":{"id":"application-manageconditionprice-display-component---newCondition--condBaseQty","interaction":{"idSuffix":"inner"}},"clearTextFirst":true,"interactionType":"ENTER_TEXT"}]}
COMMAND: POST /session/54b51d12ae76246c47a9cfd9839bf688/execute/async - {"script":"<script> [1562 bytes]","args":[{"selector":{"id":"application-manageconditionprice-display-component---newCondition--condValue","interaction":{"idSuffix":"inner"}},"wdio_ui5_key":"applicationmanageconditionprice-display-component---newCondition--condValue"}]}
RESULT: {"script":"<script> [1562 bytes]","args":[{"selector":{"id":"application-manageconditionprice-display-component---newCondition--condValue","interaction":{"idSuffix":"inner"}},"wdio_ui5_key":"applicationmanageconditionprice-display-component---newCondition--condValue"}]}
RESULT: undefined
COMMAND: POST /session/54b51d12ae76246c47a9cfd9839bf688/execute/async - {"script":"<script> [776 bytes]","args":[{"enterText":"200","selector":{"id":"application-manageconditionprice-display-component---newCondition--condValue","interaction":{"idSuffix":"inner"}},"clearTextFirst":true,"interactionType":"ENTER_TEXT"}]}
RESULT: {"script":"<script> [776 bytes]","args":[{"enterText":"200","selector":{"id":"application-manageconditionprice-display-component---newCondition--condValue","interaction":{"idSuffix":"inner"}},"clearTextFirst":true,"interactionType":"ENTER_TEXT"}]}
COMMAND: POST /session/54b51d12ae76246c47a9cfd9839bf688/execute/async - {"script":"<script> [1562 bytes]","args":[{"selector":{"id":"application-manageconditionprice-display-component---newCondition--condCurr-arrow"},"wdio_ui5_key":"applicationmanageconditionprice-display-component---newCondition--condCurr-arrow"}]}
RESULT: {"script":"<script> [1562 bytes]","args":[{"selector":{"id":"application-manageconditionprice-display-component---newCondition--condCurr-arrow"},"wdio_ui5_key":"applicationmanageconditionprice-display-component---newCondition--condCurr-arrow"}]}
RESULT: undefined
COMMAND: POST /session/54b51d12ae76246c47a9cfd9839bf688/element - {"using":"xpath","value":"//*[@id=\"application-manageconditionprice-display-component---newCondition--condCurr-arrow\"]"}
RESULT: {"using":"xpath","value":"//*[@id=\"application-manageconditionprice-display-component---newCondition--condCurr-arrow\"]"}
COMMAND: POST /session/54b51d12ae76246c47a9cfd9839bf688/element/f.C3AA7480AC9969AD6A76FCDF8BFD3774.d.70D0EDBE0F008BC2C33A798CC752B512.e.9670/click - {}
RESULT: {}
COMMAND: POST /session/54b51d12ae76246c47a9cfd9839bf688/element - {"using":"xpath","value":"//span[contains(text(), \"Euro\")]"}
COMMAND: GET /session/54b51d12ae76246c47a9cfd9839bf688/screenshot - {}
RESULT: {"using":"xpath","value":"//span[contains(text(), \"Euro\")]"}
COMMAND: POST /session/54b51d12ae76246c47a9cfd9839bf688/element/f.C3AA7480AC9969AD6A76FCDF8BFD3774.d.70D0EDBE0F008BC2C33A798CC752B512.e.9729/click - {}
RESULT: {}
RESULT: {}
COMMAND: POST /session/54b51d12ae76246c47a9cfd9839bf688/element - {"using":"xpath","value":"//button[@data-kt=\"saveButton\"]"}
COMMAND: GET /session/54b51d12ae76246c47a9cfd9839bf688/screenshot - {}
RESULT: {"using":"xpath","value":"//button[@data-kt=\"saveButton\"]"}
COMMAND: POST /session/54b51d12ae76246c47a9cfd9839bf688/element/f.C3AA7480AC9969AD6A76FCDF8BFD3774.d.70D0EDBE0F008BC2C33A798CC752B512.e.9671/click - {}
RESULT: {}
RESULT: {}
COMMAND: GET /session/54b51d12ae76246c47a9cfd9839bf688/screenshot - {}
RESULT: {}
COMMAND: POST /session/54b51d12ae76246c47a9cfd9839bf688/execute/async - {"script":"<script> [1562 bytes]","args":[{"selector":{"id":"application-manageconditionprice-display-component---conditions--smartFilterBar-btnBasicSearch","interaction":{"idSuffix":"I"}},"wdio_ui5_key":"applicationmanageconditionprice-display-component---conditions--smartFilterBar-btnBasicSearch"}]}
RESULT: {"script":"<script> [1562 bytes]","args":[{"selector":{"id":"application-manageconditionprice-display-component---conditions--smartFilterBar-btnBasicSearch","interaction":{"idSuffix":"I"}},"wdio_ui5_key":"applicationmanageconditionprice-display-component---conditions--smartFilterBar-btnBasicSearch"}]}
RESULT: undefined
COMMAND: POST /session/54b51d12ae76246c47a9cfd9839bf688/execute/async - {"script":"<script> [776 bytes]","args":[{"enterText":"dhHAEc5T0p","selector":{"id":"application-manageconditionprice-display-component---conditions--smartFilterBar-btnBasicSearch","interaction":{"idSuffix":"I"}},"clearTextFirst":true,"interactionType":"ENTER_TEXT"}]}
RESULT: {"script":"<script> [776 bytes]","args":[{"enterText":"dhHAEc5T0p","selector":{"id":"application-manageconditionprice-display-component---conditions--smartFilterBar-btnBasicSearch","interaction":{"idSuffix":"I"}},"clearTextFirst":true,"interactionType":"ENTER_TEXT"}]}
COMMAND: POST /session/54b51d12ae76246c47a9cfd9839bf688/actions - {"actions":[{"id":"action32","type":"key","parameters":{},"actions":[{"type":"keyDown","value":"î€‡"},{"type":"pause","duration":10},{"type":"keyUp","value":"î€‡"}]}]}
RESULT: {"actions":[{"id":"action32","type":"key","parameters":{},"actions":[{"type":"keyDown","value":"î€‡"},{"type":"pause","duration":10},{"type":"keyUp","value":"î€‡"}]}]}
COMMAND: GET /session/54b51d12ae76246c47a9cfd9839bf688/screenshot - {}
RESULT: {}
COMMAND: POST /session/54b51d12ae76246c47a9cfd9839bf688/execute/async - {"script":"<script> [1562 bytes]","args":[{"selector":{"id":"application-manageconditionprice-display-component---conditions--smartFilterBar-filterItemControl_BASIC-BILL_TYPES-vhi"},"wdio_ui5_key":"applicationmanageconditionprice-display-component---conditions--smartFilterBar-filterItemControl_BASIC-BILL_TYPES-vhi"}]}
RESULT: {"script":"<script> [1562 bytes]","args":[{"selector":{"id":"application-manageconditionprice-display-component---conditions--smartFilterBar-filterItemControl_BASIC-BILL_TYPES-vhi"},"wdio_ui5_key":"applicationmanageconditionprice-display-component---conditions--smartFilterBar-filterItemControl_BASIC-BILL_TYPES-vhi"}]}
RESULT: undefined
COMMAND: POST /session/54b51d12ae76246c47a9cfd9839bf688/element - {"using":"xpath","value":"//*[@id=\"application-manageconditionprice-display-component---conditions--smartFilterBar-filterItemControl_BASIC-BILL_TYPES-vhi\"]"}
RESULT: {"using":"xpath","value":"//*[@id=\"application-manageconditionprice-display-component---conditions--smartFilterBar-filterItemControl_BASIC-BILL_TYPES-vhi\"]"}
COMMAND: POST /session/54b51d12ae76246c47a9cfd9839bf688/element/f.C3AA7480AC9969AD6A76FCDF8BFD3774.d.70D0EDBE0F008BC2C33A798CC752B512.e.9835/click - {}
RESULT: {}
COMMAND: POST /session/54b51d12ae76246c47a9cfd9839bf688/execute/async - {"script":"<script> [1562 bytes]","args":[{"selector":{"id":"application-manageconditionprice-display-component---conditions--smartFilterBar-filterItemControl_BASIC-BILL_TYPES-valueHelpDialog-smartFilterBar-btnBasicSearch","searchOpenDialogs":true,"interaction":{"idSuffix":"I"}},"wdio_ui5_key":"applicationmanageconditionprice-display-component---conditions--smartFilterBar-filterItemControl_BASIC-BILL_TYPES-valueHelpDialog-smartFilterBar-btnBasicSearch"}]}
COMMAND: GET /session/54b51d12ae76246c47a9cfd9839bf688/screenshot - {}
RESULT: {"script":"<script> [1562 bytes]","args":[{"selector":{"id":"application-manageconditionprice-display-component---conditions--smartFilterBar-filterItemControl_BASIC-BILL_TYPES-valueHelpDialog-smartFilterBar-btnBasicSearch","searchOpenDialogs":true,"interaction":{"idSuffix":"I"}},"wdio_ui5_key":"applicationmanageconditionprice-display-component---conditions--smartFilterBar-filterItemControl_BASIC-BILL_TYPES-valueHelpDialog-smartFilterBar-btnBasicSearch"}]}
RESULT: undefined
COMMAND: POST /session/54b51d12ae76246c47a9cfd9839bf688/execute/async - {"script":"<script> [776 bytes]","args":[{"enterText":"TB","selector":{"id":"application-manageconditionprice-display-component---conditions--smartFilterBar-filterItemControl_BASIC-BILL_TYPES-valueHelpDialog-smartFilterBar-btnBasicSearch","searchOpenDialogs":true,"interaction":{"idSuffix":"I"}},"clearTextFirst":true,"interactionType":"ENTER_TEXT"}]}
RESULT: {}
RESULT: {"script":"<script> [776 bytes]","args":[{"enterText":"TB","selector":{"id":"application-manageconditionprice-display-component---conditions--smartFilterBar-filterItemControl_BASIC-BILL_TYPES-valueHelpDialog-smartFilterBar-btnBasicSearch","searchOpenDialogs":true,"interaction":{"idSuffix":"I"}},"clearTextFirst":true,"interactionType":"ENTER_TEXT"}]}
COMMAND: POST /session/54b51d12ae76246c47a9cfd9839bf688/actions - {"actions":[{"id":"action33","type":"key","parameters":{},"actions":[{"type":"keyDown","value":"î€‡"},{"type":"pause","duration":10},{"type":"keyUp","value":"î€‡"}]}]}
RESULT: {"actions":[{"id":"action33","type":"key","parameters":{},"actions":[{"type":"keyDown","value":"î€‡"},{"type":"pause","duration":10},{"type":"keyUp","value":"î€‡"}]}]}
COMMAND: GET /session/54b51d12ae76246c47a9cfd9839bf688/screenshot - {}
RESULT: {}
COMMAND: POST /session/54b51d12ae76246c47a9cfd9839bf688/element - {"using":"xpath","value":"//div[contains(@id, 'application-manageconditionprice-display-component---conditions--smartFilterBar-filterItemControl_BASIC-BILL_TYPES-valueHelpDialog-table-rowsel0')]"}
RESULT: {"using":"xpath","value":"//div[contains(@id, 'application-manageconditionprice-display-component---conditions--smartFilterBar-filterItemControl_BASIC-BILL_TYPES-valueHelpDialog-table-rowsel0')]"}
COMMAND: POST /session/54b51d12ae76246c47a9cfd9839bf688/element/f.C3AA7480AC9969AD6A76FCDF8BFD3774.d.70D0EDBE0F008BC2C33A798CC752B512.e.9844/click - {}
RESULT: {}
COMMAND: GET /session/54b51d12ae76246c47a9cfd9839bf688/screenshot - {}
RESULT: {}
COMMAND: POST /session/54b51d12ae76246c47a9cfd9839bf688/element - {"using":"xpath","value":"//bdi[contains(text(), \"OK\")]"}
RESULT: {"using":"xpath","value":"//bdi[contains(text(), \"OK\")]"}
COMMAND: POST /session/54b51d12ae76246c47a9cfd9839bf688/element/f.C3AA7480AC9969AD6A76FCDF8BFD3774.d.70D0EDBE0F008BC2C33A798CC752B512.e.9846/click - {}
RESULT: {}
COMMAND: GET /session/54b51d12ae76246c47a9cfd9839bf688/screenshot - {}
RESULT: {}
COMMAND: POST /session/54b51d12ae76246c47a9cfd9839bf688/element - {"using":"xpath","value":"//span[@id=\"application-manageconditionprice-display-component---conditions--smartTable-header-inner\"]"}
RESULT: {"using":"xpath","value":"//span[@id=\"application-manageconditionprice-display-component---conditions--smartTable-header-inner\"]"}
COMMAND: POST /session/54b51d12ae76246c47a9cfd9839bf688/elements - {"using":"xpath","value":"//span[@id=\"application-manageconditionprice-display-component---conditions--smartTable-header-inner\"]"}
RESULT: {"using":"xpath","value":"//span[@id=\"application-manageconditionprice-display-component---conditions--smartTable-header-inner\"]"}
COMMAND: POST /session/54b51d12ae76246c47a9cfd9839bf688/execute/sync - {"script":"<script> [56 bytes]","args":[{"element-6066-11e4-a52e-4f735466cecf":"f.C3AA7480AC9969AD6A76FCDF8BFD3774.d.70D0EDBE0F008BC2C33A798CC752B512.e.9849","ELEMENT":"f.C3AA7480AC9969AD6A76FCDF8BFD3774.d.70D0EDBE0F008BC2C33A798CC752B512.e.9849"}]}
RESULT: {"script":"<script> [56 bytes]","args":[{"element-6066-11e4-a52e-4f735466cecf":"f.C3AA7480AC9969AD6A76FCDF8BFD3774.d.70D0EDBE0F008BC2C33A798CC752B512.e.9849","ELEMENT":"f.C3AA7480AC9969AD6A76FCDF8BFD3774.d.70D0EDBE0F008BC2C33A798CC752B512.e.9849"}]}
COMMAND: POST /session/54b51d12ae76246c47a9cfd9839bf688/element - {"using":"css selector","value":"#shell-header-logo"}
COMMAND: GET /session/54b51d12ae76246c47a9cfd9839bf688/screenshot - {}
RESULT: {"using":"css selector","value":"#shell-header-logo"}
COMMAND: POST /session/54b51d12ae76246c47a9cfd9839bf688/element/f.C3AA7480AC9969AD6A76FCDF8BFD3774.d.70D0EDBE0F008BC2C33A798CC752B512.e.9477/click - {}
RESULT: {}
RESULT: {}
COMMAND: GET /session/54b51d12ae76246c47a9cfd9839bf688/screenshot - {}
RESULT: {}
]]></system-out>
    </testcase>
  </testsuite>
  <testsuite timestamp="2025-06-02T18:00:22" time="728.224" tests="12" failures="6" errors="6" skipped="0">
    <properties>
      <property name="specId" value="0" />
      <property name="suiteName" value="Billing transfer US117289" />
      <property name="capabilities" value="chrome.136_0_7103_93.windows" />
      <property name="file" value="file:///D:/a/1/s/test/specs/BTS/billing-transfer.spec.js" />
    </properties>
    <testcase classname="chrome.136_0_7103_93.windows.Billing_transfer_US117289" name="Should create a new yard" time="0.013">
      <system-out><![CDATA[
COMMAND: POST /session/54b51d12ae76246c47a9cfd9839bf688/window/fullscreen - {}
RESULT: {}
]]></system-out>
    </testcase>
    <testcase classname="chrome.136_0_7103_93.windows.Billing_transfer_US117289" name="Should create a new partner" time="0.005" />
    <testcase classname="chrome.136_0_7103_93.windows.Billing_transfer_US117289" name="Should create a new site" time="0.004" />
    <testcase classname="chrome.136_0_7103_93.windows.Billing_transfer_US117289" name="Should create a new equipment" time="140.519">
      <system-out><![CDATA[
COMMAND: POST /session/54b51d12ae76246c47a9cfd9839bf688/execute/async - {"script":"<script> [1562 bytes]","args":[{"selector":{"controlType":"sap.m.GenericTile","properties":{"header":"Manage Resources"}},"wdio_ui5_key":"sapm.GenericTile{\"header\":\"Manage Resources\"}"}]}
RESULT: {"script":"<script> [1562 bytes]","args":[{"selector":{"controlType":"sap.m.GenericTile","properties":{"header":"Manage Resources"}},"wdio_ui5_key":"sapm.GenericTile{\"header\":\"Manage Resources\"}"}]}
RESULT: undefined
COMMAND: POST /session/54b51d12ae76246c47a9cfd9839bf688/element - {"using":"xpath","value":"//*[@id=\"__tile39\"]"}
RESULT: {"using":"xpath","value":"//*[@id=\"__tile39\"]"}
COMMAND: POST /session/54b51d12ae76246c47a9cfd9839bf688/element/f.C3AA7480AC9969AD6A76FCDF8BFD3774.d.227D773C046B51B08C7E2E923A6765B9.e.10425/click - {}
RESULT: {}
COMMAND: GET /session/54b51d12ae76246c47a9cfd9839bf688/screenshot - {}
RESULT: {}
COMMAND: POST /session/54b51d12ae76246c47a9cfd9839bf688/elements - {"using":"xpath","value":"//span[text()='Error']"}
RESULT: {"using":"xpath","value":"//span[text()='Error']"}
COMMAND: POST /session/54b51d12ae76246c47a9cfd9839bf688/element - {"using":"xpath","value":"//button[@data-kt=\"addNewRUOverflowToolbarButton\"]"}
RESULT: {"using":"xpath","value":"//button[@data-kt=\"addNewRUOverflowToolbarButton\"]"}
COMMAND: POST /session/54b51d12ae76246c47a9cfd9839bf688/elements - {"using":"xpath","value":"//button[@data-kt=\"addNewRUOverflowToolbarButton\"]"}
RESULT: {"using":"xpath","value":"//button[@data-kt=\"addNewRUOverflowToolbarButton\"]"}
COMMAND: POST /session/54b51d12ae76246c47a9cfd9839bf688/execute/sync - {"script":"<script> [8489 bytes]","args":[{"element-6066-11e4-a52e-4f735466cecf":"f.C3AA7480AC9969AD6A76FCDF8BFD3774.d.227D773C046B51B08C7E2E923A6765B9.e.10566","ELEMENT":"f.C3AA7480AC9969AD6A76FCDF8BFD3774.d.227D773C046B51B08C7E2E923A6765B9.e.10566"}]}
RESULT: {"script":"<script> [8489 bytes]","args":[{"element-6066-11e4-a52e-4f735466cecf":"f.C3AA7480AC9969AD6A76FCDF8BFD3774.d.227D773C046B51B08C7E2E923A6765B9.e.10566","ELEMENT":"f.C3AA7480AC9969AD6A76FCDF8BFD3774.d.227D773C046B51B08C7E2E923A6765B9.e.10566"}]}
COMMAND: GET /session/54b51d12ae76246c47a9cfd9839bf688/element/f.C3AA7480AC9969AD6A76FCDF8BFD3774.d.227D773C046B51B08C7E2E923A6765B9.e.10566/enabled - {}
COMMAND: GET /session/54b51d12ae76246c47a9cfd9839bf688/screenshot - {}
RESULT: {}
COMMAND: POST /session/54b51d12ae76246c47a9cfd9839bf688/execute/sync - {"script":"<script> [8489 bytes]","args":[{"element-6066-11e4-a52e-4f735466cecf":"f.C3AA7480AC9969AD6A76FCDF8BFD3774.d.227D773C046B51B08C7E2E923A6765B9.e.10566","ELEMENT":"f.C3AA7480AC9969AD6A76FCDF8BFD3774.d.227D773C046B51B08C7E2E923A6765B9.e.10566"}]}
COMMAND: GET /session/54b51d12ae76246c47a9cfd9839bf688/screenshot - {}
RESULT: {}
RESULT: {"script":"<script> [8489 bytes]","args":[{"element-6066-11e4-a52e-4f735466cecf":"f.C3AA7480AC9969AD6A76FCDF8BFD3774.d.227D773C046B51B08C7E2E923A6765B9.e.10566","ELEMENT":"f.C3AA7480AC9969AD6A76FCDF8BFD3774.d.227D773C046B51B08C7E2E923A6765B9.e.10566"}]}
COMMAND: POST /session/54b51d12ae76246c47a9cfd9839bf688/execute/sync - {"script":"<script> [5351 bytes]","args":[{"element-6066-11e4-a52e-4f735466cecf":"f.C3AA7480AC9969AD6A76FCDF8BFD3774.d.227D773C046B51B08C7E2E923A6765B9.e.10566","ELEMENT":"f.C3AA7480AC9969AD6A76FCDF8BFD3774.d.227D773C046B51B08C7E2E923A6765B9.e.10566"}]}
COMMAND: GET /session/54b51d12ae76246c47a9cfd9839bf688/screenshot - {}
RESULT: {}
RESULT: {"script":"<script> [5351 bytes]","args":[{"element-6066-11e4-a52e-4f735466cecf":"f.C3AA7480AC9969AD6A76FCDF8BFD3774.d.227D773C046B51B08C7E2E923A6765B9.e.10566","ELEMENT":"f.C3AA7480AC9969AD6A76FCDF8BFD3774.d.227D773C046B51B08C7E2E923A6765B9.e.10566"}]}
COMMAND: POST /session/54b51d12ae76246c47a9cfd9839bf688/element/f.C3AA7480AC9969AD6A76FCDF8BFD3774.d.227D773C046B51B08C7E2E923A6765B9.e.10566/click - {}
COMMAND: GET /session/54b51d12ae76246c47a9cfd9839bf688/screenshot - {}
RESULT: {}
RESULT: {}
COMMAND: GET /session/54b51d12ae76246c47a9cfd9839bf688/screenshot - {}
RESULT: {}
RESULT: {}
COMMAND: POST /session/54b51d12ae76246c47a9cfd9839bf688/execute/async - {"script":"<script> [1562 bytes]","args":[{"selector":{"id":"application-manageresources-display-component---newResourceUnit--TYPE-arrow"},"wdio_ui5_key":"applicationmanageresources-display-component---newResourceUnit--TYPE-arrow"}]}
RESULT: {"script":"<script> [1562 bytes]","args":[{"selector":{"id":"application-manageresources-display-component---newResourceUnit--TYPE-arrow"},"wdio_ui5_key":"applicationmanageresources-display-component---newResourceUnit--TYPE-arrow"}]}
RESULT: undefined
COMMAND: POST /session/54b51d12ae76246c47a9cfd9839bf688/element - {"using":"xpath","value":"//*[@id=\"application-manageresources-display-component---newResourceUnit--TYPE-arrow\"]"}
RESULT: {"using":"xpath","value":"//*[@id=\"application-manageresources-display-component---newResourceUnit--TYPE-arrow\"]"}
COMMAND: POST /session/54b51d12ae76246c47a9cfd9839bf688/element/f.C3AA7480AC9969AD6A76FCDF8BFD3774.d.227D773C046B51B08C7E2E923A6765B9.e.10927/click - {}
RESULT: {}
COMMAND: POST /session/54b51d12ae76246c47a9cfd9839bf688/element - {"using":"xpath","value":"//input[@id=\"application-manageresources-display-component---newResourceUnit--TYPE-inner\"]"}
COMMAND: GET /session/54b51d12ae76246c47a9cfd9839bf688/screenshot - {}
RESULT: {"using":"xpath","value":"//input[@id=\"application-manageresources-display-component---newResourceUnit--TYPE-inner\"]"}
COMMAND: POST /session/54b51d12ae76246c47a9cfd9839bf688/element/f.C3AA7480AC9969AD6A76FCDF8BFD3774.d.227D773C046B51B08C7E2E923A6765B9.e.10918/clear - {}
RESULT: {}
RESULT: {}
COMMAND: POST /session/54b51d12ae76246c47a9cfd9839bf688/element/f.C3AA7480AC9969AD6A76FCDF8BFD3774.d.227D773C046B51B08C7E2E923A6765B9.e.10918/value - {"text":"Equipment"}
COMMAND: GET /session/54b51d12ae76246c47a9cfd9839bf688/screenshot - {}
RESULT: {"text":"Equipment"}
COMMAND: GET /session/54b51d12ae76246c47a9cfd9839bf688/screenshot - {}
RESULT: {}
RESULT: {}
COMMAND: POST /session/54b51d12ae76246c47a9cfd9839bf688/actions - {"actions":[{"id":"action35","type":"key","parameters":{},"actions":[{"type":"keyDown","value":"î€‡"},{"type":"pause","duration":10},{"type":"keyUp","value":"î€‡"}]}]}
RESULT: {"actions":[{"id":"action35","type":"key","parameters":{},"actions":[{"type":"keyDown","value":"î€‡"},{"type":"pause","duration":10},{"type":"keyUp","value":"î€‡"}]}]}
COMMAND: POST /session/54b51d12ae76246c47a9cfd9839bf688/execute/async - {"script":"<script> [1562 bytes]","args":[{"selector":{"id":"application-manageresources-display-component---newResourceUnit--resourceId","interaction":{"idSuffix":"inner"}},"wdio_ui5_key":"applicationmanageresources-display-component---newResourceUnit--resourceId"}]}
COMMAND: GET /session/54b51d12ae76246c47a9cfd9839bf688/screenshot - {}
RESULT: {"script":"<script> [1562 bytes]","args":[{"selector":{"id":"application-manageresources-display-component---newResourceUnit--resourceId","interaction":{"idSuffix":"inner"}},"wdio_ui5_key":"applicationmanageresources-display-component---newResourceUnit--resourceId"}]}
RESULT: undefined
COMMAND: POST /session/54b51d12ae76246c47a9cfd9839bf688/execute/async - {"script":"<script> [776 bytes]","args":[{"enterText":"yV8kPnd5qX","selector":{"id":"application-manageresources-display-component---newResourceUnit--resourceId","interaction":{"idSuffix":"inner"}},"clearTextFirst":true,"interactionType":"ENTER_TEXT"}]}
RESULT: {}
RESULT: {"script":"<script> [776 bytes]","args":[{"enterText":"yV8kPnd5qX","selector":{"id":"application-manageresources-display-component---newResourceUnit--resourceId","interaction":{"idSuffix":"inner"}},"clearTextFirst":true,"interactionType":"ENTER_TEXT"}]}
COMMAND: POST /session/54b51d12ae76246c47a9cfd9839bf688/execute/async - {"script":"<script> [1562 bytes]","args":[{"selector":{"id":"application-manageresources-display-component---newResourceUnit--SHORT_TEXT","interaction":{"idSuffix":"inner"}},"wdio_ui5_key":"applicationmanageresources-display-component---newResourceUnit--SHORT_TEXT"}]}
RESULT: {"script":"<script> [1562 bytes]","args":[{"selector":{"id":"application-manageresources-display-component---newResourceUnit--SHORT_TEXT","interaction":{"idSuffix":"inner"}},"wdio_ui5_key":"applicationmanageresources-display-component---newResourceUnit--SHORT_TEXT"}]}
RESULT: undefined
COMMAND: POST /session/54b51d12ae76246c47a9cfd9839bf688/execute/async - {"script":"<script> [776 bytes]","args":[{"enterText":"Intercompany Equipment WDIO","selector":{"id":"application-manageresources-display-component---newResourceUnit--SHORT_TEXT","interaction":{"idSuffix":"inner"}},"clearTextFirst":true,"interactionType":"ENTER_TEXT"}]}
RESULT: {"script":"<script> [776 bytes]","args":[{"enterText":"Intercompany Equipment WDIO","selector":{"id":"application-manageresources-display-component---newResourceUnit--SHORT_TEXT","interaction":{"idSuffix":"inner"}},"clearTextFirst":true,"interactionType":"ENTER_TEXT"}]}
COMMAND: POST /session/54b51d12ae76246c47a9cfd9839bf688/execute/async - {"script":"<script> [1562 bytes]","args":[{"selector":{"id":"application-manageresources-display-component---newResourceUnit--BASE_UNIT_OF_MEASURE","interaction":{"idSuffix":"inner"}},"wdio_ui5_key":"applicationmanageresources-display-component---newResourceUnit--BASE_UNIT_OF_MEASURE"}]}
RESULT: {"script":"<script> [1562 bytes]","args":[{"selector":{"id":"application-manageresources-display-component---newResourceUnit--BASE_UNIT_OF_MEASURE","interaction":{"idSuffix":"inner"}},"wdio_ui5_key":"applicationmanageresources-display-component---newResourceUnit--BASE_UNIT_OF_MEASURE"}]}
RESULT: undefined
COMMAND: POST /session/54b51d12ae76246c47a9cfd9839bf688/execute/async - {"script":"<script> [776 bytes]","args":[{"enterText":"Piece","selector":{"id":"application-manageresources-display-component---newResourceUnit--BASE_UNIT_OF_MEASURE","interaction":{"idSuffix":"inner"}},"clearTextFirst":true,"interactionType":"ENTER_TEXT"}]}
RESULT: {"script":"<script> [776 bytes]","args":[{"enterText":"Piece","selector":{"id":"application-manageresources-display-component---newResourceUnit--BASE_UNIT_OF_MEASURE","interaction":{"idSuffix":"inner"}},"clearTextFirst":true,"interactionType":"ENTER_TEXT"}]}
COMMAND: POST /session/54b51d12ae76246c47a9cfd9839bf688/execute/async - {"script":"<script> [1562 bytes]","args":[{"selector":{"id":"application-manageresources-display-component---newResourceUnit--WEIGHT_UNIT","interaction":{"idSuffix":"inner"}},"wdio_ui5_key":"applicationmanageresources-display-component---newResourceUnit--WEIGHT_UNIT"}]}
RESULT: {"script":"<script> [1562 bytes]","args":[{"selector":{"id":"application-manageresources-display-component---newResourceUnit--WEIGHT_UNIT","interaction":{"idSuffix":"inner"}},"wdio_ui5_key":"applicationmanageresources-display-component---newResourceUnit--WEIGHT_UNIT"}]}
RESULT: undefined
COMMAND: POST /session/54b51d12ae76246c47a9cfd9839bf688/execute/async - {"script":"<script> [776 bytes]","args":[{"enterText":"Gram","selector":{"id":"application-manageresources-display-component---newResourceUnit--WEIGHT_UNIT","interaction":{"idSuffix":"inner"}},"clearTextFirst":true,"interactionType":"ENTER_TEXT"}]}
RESULT: {"script":"<script> [776 bytes]","args":[{"enterText":"Gram","selector":{"id":"application-manageresources-display-component---newResourceUnit--WEIGHT_UNIT","interaction":{"idSuffix":"inner"}},"clearTextFirst":true,"interactionType":"ENTER_TEXT"}]}
COMMAND: POST /session/54b51d12ae76246c47a9cfd9839bf688/execute/async - {"script":"<script> [1562 bytes]","args":[{"selector":{"id":"application-manageresources-display-component---newResourceUnit--DIMENSION_UNIT","interaction":{"idSuffix":"inner"}},"wdio_ui5_key":"applicationmanageresources-display-component---newResourceUnit--DIMENSION_UNIT"}]}
RESULT: {"script":"<script> [1562 bytes]","args":[{"selector":{"id":"application-manageresources-display-component---newResourceUnit--DIMENSION_UNIT","interaction":{"idSuffix":"inner"}},"wdio_ui5_key":"applicationmanageresources-display-component---newResourceUnit--DIMENSION_UNIT"}]}
RESULT: undefined
COMMAND: POST /session/54b51d12ae76246c47a9cfd9839bf688/execute/async - {"script":"<script> [776 bytes]","args":[{"enterText":"Meter","selector":{"id":"application-manageresources-display-component---newResourceUnit--DIMENSION_UNIT","interaction":{"idSuffix":"inner"}},"clearTextFirst":true,"interactionType":"ENTER_TEXT"}]}
RESULT: {"script":"<script> [776 bytes]","args":[{"enterText":"Meter","selector":{"id":"application-manageresources-display-component---newResourceUnit--DIMENSION_UNIT","interaction":{"idSuffix":"inner"}},"clearTextFirst":true,"interactionType":"ENTER_TEXT"}]}
COMMAND: POST /session/54b51d12ae76246c47a9cfd9839bf688/execute/async - {"script":"<script> [1562 bytes]","args":[{"selector":{"id":"application-manageresources-display-component---newResourceUnit--newRRUPage-anchBar-application-manageresources-display-component---newResourceUnit--control-anchor","interaction":{"idSuffix":"BDI-content"}},"wdio_ui5_key":"applicationmanageresources-display-component---newResourceUnit--newRRUPage-anchBar-application-manageresources-display-component---newResourceUnit--control-anchor"}]}
RESULT: {"script":"<script> [1562 bytes]","args":[{"selector":{"id":"application-manageresources-display-component---newResourceUnit--newRRUPage-anchBar-application-manageresources-display-component---newResourceUnit--control-anchor","interaction":{"idSuffix":"BDI-content"}},"wdio_ui5_key":"applicationmanageresources-display-component---newResourceUnit--newRRUPage-anchBar-application-manageresources-display-component---newResourceUnit--control-anchor"}]}
RESULT: undefined
COMMAND: POST /session/54b51d12ae76246c47a9cfd9839bf688/element - {"using":"xpath","value":"//*[@id=\"application-manageresources-display-component---newResourceUnit--newRRUPage-anchBar-application-manageresources-display-component---newResourceUnit--control-anchor\"]"}
RESULT: {"using":"xpath","value":"//*[@id=\"application-manageresources-display-component---newResourceUnit--newRRUPage-anchBar-application-manageresources-display-component---newResourceUnit--control-anchor\"]"}
COMMAND: POST /session/54b51d12ae76246c47a9cfd9839bf688/element/f.C3AA7480AC9969AD6A76FCDF8BFD3774.d.227D773C046B51B08C7E2E923A6765B9.e.11087/click - {}
RESULT: {}
COMMAND: POST /session/54b51d12ae76246c47a9cfd9839bf688/execute/async - {"script":"<script> [1562 bytes]","args":[{"selector":{"id":"application-manageresources-display-component---newResourceUnit--PLANNING_GROUP","interaction":{"idSuffix":"inner"}},"wdio_ui5_key":"applicationmanageresources-display-component---newResourceUnit--PLANNING_GROUP"}]}
COMMAND: GET /session/54b51d12ae76246c47a9cfd9839bf688/screenshot - {}
RESULT: {"script":"<script> [1562 bytes]","args":[{"selector":{"id":"application-manageresources-display-component---newResourceUnit--PLANNING_GROUP","interaction":{"idSuffix":"inner"}},"wdio_ui5_key":"applicationmanageresources-display-component---newResourceUnit--PLANNING_GROUP"}]}
RESULT: undefined
COMMAND: POST /session/54b51d12ae76246c47a9cfd9839bf688/execute/async - {"script":"<script> [776 bytes]","args":[{"enterText":"Heavy Equi","selector":{"id":"application-manageresources-display-component---newResourceUnit--PLANNING_GROUP","interaction":{"idSuffix":"inner"}},"clearTextFirst":true,"interactionType":"ENTER_TEXT"}]}
RESULT: {}
RESULT: {"script":"<script> [776 bytes]","args":[{"enterText":"Heavy Equi","selector":{"id":"application-manageresources-display-component---newResourceUnit--PLANNING_GROUP","interaction":{"idSuffix":"inner"}},"clearTextFirst":true,"interactionType":"ENTER_TEXT"}]}
COMMAND: POST /session/54b51d12ae76246c47a9cfd9839bf688/execute/async - {"script":"<script> [1562 bytes]","args":[{"selector":{"id":"application-manageresources-display-component---newResourceUnit--ITEM_TYPE-arrow"},"wdio_ui5_key":"applicationmanageresources-display-component---newResourceUnit--ITEM_TYPE-arrow"}]}
RESULT: {"script":"<script> [1562 bytes]","args":[{"selector":{"id":"application-manageresources-display-component---newResourceUnit--ITEM_TYPE-arrow"},"wdio_ui5_key":"applicationmanageresources-display-component---newResourceUnit--ITEM_TYPE-arrow"}]}
RESULT: undefined
COMMAND: POST /session/54b51d12ae76246c47a9cfd9839bf688/element - {"using":"xpath","value":"//*[@id=\"application-manageresources-display-component---newResourceUnit--ITEM_TYPE-arrow\"]"}
RESULT: {"using":"xpath","value":"//*[@id=\"application-manageresources-display-component---newResourceUnit--ITEM_TYPE-arrow\"]"}
COMMAND: POST /session/54b51d12ae76246c47a9cfd9839bf688/element/f.C3AA7480AC9969AD6A76FCDF8BFD3774.d.227D773C046B51B08C7E2E923A6765B9.e.11096/click - {}
RESULT: {}
COMMAND: POST /session/54b51d12ae76246c47a9cfd9839bf688/element - {"using":"xpath","value":"//ul[contains(@id,\"ITEM_TYPE-popup-list-listUl\")]//li[.//span[contains(text(),\"Resource Unit\")]]"}
COMMAND: GET /session/54b51d12ae76246c47a9cfd9839bf688/screenshot - {}
RESULT: {"using":"xpath","value":"//ul[contains(@id,\"ITEM_TYPE-popup-list-listUl\")]//li[.//span[contains(text(),\"Resource Unit\")]]"}
COMMAND: POST /session/54b51d12ae76246c47a9cfd9839bf688/element/f.C3AA7480AC9969AD6A76FCDF8BFD3774.d.227D773C046B51B08C7E2E923A6765B9.e.11097/click - {}
RESULT: {}
RESULT: {}
COMMAND: GET /session/54b51d12ae76246c47a9cfd9839bf688/screenshot - {}
RESULT: {}
COMMAND: POST /session/54b51d12ae76246c47a9cfd9839bf688/element - {"using":"css selector","value":"#application-manageresources-display-component---newResourceUnit--btnAddTimeSegment"}
RESULT: {"using":"css selector","value":"#application-manageresources-display-component---newResourceUnit--btnAddTimeSegment"}
COMMAND: GET /session/54b51d12ae76246c47a9cfd9839bf688/element/f.C3AA7480AC9969AD6A76FCDF8BFD3774.d.227D773C046B51B08C7E2E923A6765B9.e.11104/rect - {}
RESULT: {}
COMMAND: GET /session/54b51d12ae76246c47a9cfd9839bf688/window/rect - {}
RESULT: {}
COMMAND: POST /session/54b51d12ae76246c47a9cfd9839bf688/execute/sync - {"script":"<script> [92 bytes]","args":[]}
RESULT: {"script":"<script> [92 bytes]","args":[]}
COMMAND: POST /session/54b51d12ae76246c47a9cfd9839bf688/actions - {"actions":[{"id":"action36","type":"wheel","parameters":{},"actions":[{"type":"scroll","x":-1888,"y":-32,"deltaX":0,"deltaY":0,"duration":0,"origin":{"element-6066-11e4-a52e-4f735466cecf":"f.C3AA7480AC9969AD6A76FCDF8BFD3774.d.227D773C046B51B08C7E2E923A6765B9.e.11104"}}]}]}
COMMAND: GET /session/54b51d12ae76246c47a9cfd9839bf688/screenshot - {}
RESULT: {}
COMMAND: POST /session/54b51d12ae76246c47a9cfd9839bf688/execute/sync - {"script":"<script> [79 bytes]","args":[{"element-6066-11e4-a52e-4f735466cecf":"f.C3AA7480AC9969AD6A76FCDF8BFD3774.d.227D773C046B51B08C7E2E923A6765B9.e.11104","ELEMENT":"f.C3AA7480AC9969AD6A76FCDF8BFD3774.d.227D773C046B51B08C7E2E923A6765B9.e.11104"},{"block":"start","inline":"nearest"}]}
RESULT: {"script":"<script> [79 bytes]","args":[{"element-6066-11e4-a52e-4f735466cecf":"f.C3AA7480AC9969AD6A76FCDF8BFD3774.d.227D773C046B51B08C7E2E923A6765B9.e.11104","ELEMENT":"f.C3AA7480AC9969AD6A76FCDF8BFD3774.d.227D773C046B51B08C7E2E923A6765B9.e.11104"},{"block":"start","inline":"nearest"}]}
COMMAND: POST /session/54b51d12ae76246c47a9cfd9839bf688/execute/async - {"script":"<script> [1562 bytes]","args":[{"selector":{"id":"application-manageresources-display-component---newResourceUnit--btnAddTimeSegment","interaction":{"idSuffix":"inner"}},"wdio_ui5_key":"applicationmanageresources-display-component---newResourceUnit--btnAddTimeSegment"}]}
COMMAND: GET /session/54b51d12ae76246c47a9cfd9839bf688/screenshot - {}
RESULT: {"script":"<script> [1562 bytes]","args":[{"selector":{"id":"application-manageresources-display-component---newResourceUnit--btnAddTimeSegment","interaction":{"idSuffix":"inner"}},"wdio_ui5_key":"applicationmanageresources-display-component---newResourceUnit--btnAddTimeSegment"}]}
RESULT: undefined
COMMAND: POST /session/54b51d12ae76246c47a9cfd9839bf688/element - {"using":"xpath","value":"//*[@id=\"application-manageresources-display-component---newResourceUnit--btnAddTimeSegment\"]"}
RESULT: {}
RESULT: {"using":"xpath","value":"//*[@id=\"application-manageresources-display-component---newResourceUnit--btnAddTimeSegment\"]"}
COMMAND: POST /session/54b51d12ae76246c47a9cfd9839bf688/element/f.C3AA7480AC9969AD6A76FCDF8BFD3774.d.227D773C046B51B08C7E2E923A6765B9.e.11104/click - {}
RESULT: {}
COMMAND: GET /session/54b51d12ae76246c47a9cfd9839bf688/screenshot - {}
RESULT: {}
COMMAND: POST /session/54b51d12ae76246c47a9cfd9839bf688/element - {"using":"xpath","value":"//input[@id=\"application-manageresources-display-component---newResourceUnit--idRuTSAdmin-application-manageresources-display-component---newResourceUnit--RUTimeSegment-0-inner\"]"}
RESULT: {"using":"xpath","value":"//input[@id=\"application-manageresources-display-component---newResourceUnit--idRuTSAdmin-application-manageresources-display-component---newResourceUnit--RUTimeSegment-0-inner\"]"}
COMMAND: POST /session/54b51d12ae76246c47a9cfd9839bf688/element/f.C3AA7480AC9969AD6A76FCDF8BFD3774.d.227D773C046B51B08C7E2E923A6765B9.e.11110/clear - {}
RESULT: {}
COMMAND: POST /session/54b51d12ae76246c47a9cfd9839bf688/element/f.C3AA7480AC9969AD6A76FCDF8BFD3774.d.227D773C046B51B08C7E2E923A6765B9.e.11110/value - {"text":"602"}
COMMAND: GET /session/54b51d12ae76246c47a9cfd9839bf688/screenshot - {}
RESULT: {"text":"602"}
COMMAND: GET /session/54b51d12ae76246c47a9cfd9839bf688/screenshot - {}
RESULT: {}
RESULT: {}
COMMAND: POST /session/54b51d12ae76246c47a9cfd9839bf688/element - {"using":"xpath","value":"//li[.//span[text()='602']]"}
RESULT: {"using":"xpath","value":"//li[.//span[text()='602']]"}
COMMAND: POST /session/54b51d12ae76246c47a9cfd9839bf688/element/f.C3AA7480AC9969AD6A76FCDF8BFD3774.d.227D773C046B51B08C7E2E923A6765B9.e.11123/click - {}
RESULT: {}
COMMAND: GET /session/54b51d12ae76246c47a9cfd9839bf688/screenshot - {}
RESULT: {}
COMMAND: POST /session/54b51d12ae76246c47a9cfd9839bf688/element - {"using":"xpath","value":"(//span[contains(@id, \"-application-manageresources-display-component---newResourceUnit--RUTimeSegment-0-arrow\")])[6]"}
RESULT: {"using":"xpath","value":"(//span[contains(@id, \"-application-manageresources-display-component---newResourceUnit--RUTimeSegment-0-arrow\")])[6]"}
COMMAND: POST /session/54b51d12ae76246c47a9cfd9839bf688/element/f.C3AA7480AC9969AD6A76FCDF8BFD3774.d.227D773C046B51B08C7E2E923A6765B9.e.11124/click - {}
RESULT: {}
COMMAND: GET /session/54b51d12ae76246c47a9cfd9839bf688/screenshot - {}
RESULT: {}
COMMAND: POST /session/54b51d12ae76246c47a9cfd9839bf688/element - {"using":"xpath","value":"//span[contains(text(), \"PM Order\")]"}
RESULT: {"using":"xpath","value":"//span[contains(text(), \"PM Order\")]"}
COMMAND: POST /session/54b51d12ae76246c47a9cfd9839bf688/element/f.C3AA7480AC9969AD6A76FCDF8BFD3774.d.227D773C046B51B08C7E2E923A6765B9.e.11127/click - {}
RESULT: {}
COMMAND: GET /session/54b51d12ae76246c47a9cfd9839bf688/screenshot - {}
RESULT: {}
COMMAND: POST /session/54b51d12ae76246c47a9cfd9839bf688/element - {"using":"xpath","value":"(//span[contains(@id ,\"manageresources-display-component---newResourceUnit--RUTimeSegment-0-vhi\")])[1]"}
RESULT: {"using":"xpath","value":"(//span[contains(@id ,\"manageresources-display-component---newResourceUnit--RUTimeSegment-0-vhi\")])[1]"}
COMMAND: GET /session/54b51d12ae76246c47a9cfd9839bf688/element/f.C3AA7480AC9969AD6A76FCDF8BFD3774.d.227D773C046B51B08C7E2E923A6765B9.e.11131/rect - {}
RESULT: {}
COMMAND: GET /session/54b51d12ae76246c47a9cfd9839bf688/window/rect - {}
RESULT: {}
COMMAND: POST /session/54b51d12ae76246c47a9cfd9839bf688/execute/sync - {"script":"<script> [92 bytes]","args":[]}
RESULT: {"script":"<script> [92 bytes]","args":[]}
COMMAND: POST /session/54b51d12ae76246c47a9cfd9839bf688/actions - {"actions":[{"id":"action37","type":"wheel","parameters":{},"actions":[{"type":"scroll","x":-869,"y":-24,"deltaX":0,"deltaY":0,"duration":0,"origin":{"element-6066-11e4-a52e-4f735466cecf":"f.C3AA7480AC9969AD6A76FCDF8BFD3774.d.227D773C046B51B08C7E2E923A6765B9.e.11131"}}]}]}
COMMAND: GET /session/54b51d12ae76246c47a9cfd9839bf688/screenshot - {}
RESULT: {"actions":[{"id":"action37","type":"wheel","parameters":{},"actions":[{"type":"scroll","x":-869,"y":-24,"deltaX":0,"deltaY":0,"duration":0,"origin":{"element-6066-11e4-a52e-4f735466cecf":"f.C3AA7480AC9969AD6A76FCDF8BFD3774.d.227D773C046B51B08C7E2E923A6765B9.e.11131"}}]}]}
COMMAND: DELETE /session/54b51d12ae76246c47a9cfd9839bf688/actions - {}
COMMAND: GET /session/54b51d12ae76246c47a9cfd9839bf688/screenshot - {}
RESULT: {}
RESULT: {}
COMMAND: GET /session/54b51d12ae76246c47a9cfd9839bf688/screenshot - {}
RESULT: {}
RESULT: {}
COMMAND: POST /session/54b51d12ae76246c47a9cfd9839bf688/element/f.C3AA7480AC9969AD6A76FCDF8BFD3774.d.227D773C046B51B08C7E2E923A6765B9.e.11131/click - {}
RESULT: {}
COMMAND: GET /session/54b51d12ae76246c47a9cfd9839bf688/screenshot - {}
RESULT: {}
COMMAND: POST /session/54b51d12ae76246c47a9cfd9839bf688/execute/async - {"script":"<script> [1562 bytes]","args":[{"selector":{"controlType":"sap.m.SearchField","properties":{"placeholder":"Search"},"searchOpenDialogs":true,"interaction":{"idSuffix":"I"}},"wdio_ui5_key":"sapm.SearchField{\"placeholder\":\"Search\"}"}]}
RESULT: {"script":"<script> [1562 bytes]","args":[{"selector":{"controlType":"sap.m.SearchField","properties":{"placeholder":"Search"},"searchOpenDialogs":true,"interaction":{"idSuffix":"I"}},"wdio_ui5_key":"sapm.SearchField{\"placeholder\":\"Search\"}"}]}
RESULT: undefined
COMMAND: POST /session/54b51d12ae76246c47a9cfd9839bf688/execute/async - {"script":"<script> [776 bytes]","args":[{"enterText":"4000360","selector":{"controlType":"sap.m.SearchField","properties":{"placeholder":"Search"},"searchOpenDialogs":true,"interaction":{"idSuffix":"I"}},"clearTextFirst":true,"interactionType":"ENTER_TEXT"}]}
RESULT: {"script":"<script> [776 bytes]","args":[{"enterText":"4000360","selector":{"controlType":"sap.m.SearchField","properties":{"placeholder":"Search"},"searchOpenDialogs":true,"interaction":{"idSuffix":"I"}},"clearTextFirst":true,"interactionType":"ENTER_TEXT"}]}
COMMAND: POST /session/54b51d12ae76246c47a9cfd9839bf688/actions - {"actions":[{"id":"action38","type":"key","parameters":{},"actions":[{"type":"keyDown","value":"î€‡"},{"type":"pause","duration":10},{"type":"keyUp","value":"î€‡"}]}]}
RESULT: {"actions":[{"id":"action38","type":"key","parameters":{},"actions":[{"type":"keyDown","value":"î€‡"},{"type":"pause","duration":10},{"type":"keyUp","value":"î€‡"}]}]}
COMMAND: GET /session/54b51d12ae76246c47a9cfd9839bf688/screenshot - {}
RESULT: {}
COMMAND: POST /session/54b51d12ae76246c47a9cfd9839bf688/element - {"using":"xpath","value":"//td/div/span[contains(text(), \"BGL Vehicles\")]"}
RESULT: {"using":"xpath","value":"//td/div/span[contains(text(), \"BGL Vehicles\")]"}
COMMAND: POST /session/54b51d12ae76246c47a9cfd9839bf688/element/f.C3AA7480AC9969AD6A76FCDF8BFD3774.d.227D773C046B51B08C7E2E923A6765B9.e.11151/click - {}
RESULT: {}
COMMAND: GET /session/54b51d12ae76246c47a9cfd9839bf688/screenshot - {}
RESULT: {}
COMMAND: POST /session/54b51d12ae76246c47a9cfd9839bf688/element - {"using":"xpath","value":"//bdi[contains(text(), \"OK\")]"}
RESULT: {"using":"xpath","value":"//bdi[contains(text(), \"OK\")]"}
COMMAND: POST /session/54b51d12ae76246c47a9cfd9839bf688/element/f.C3AA7480AC9969AD6A76FCDF8BFD3774.d.227D773C046B51B08C7E2E923A6765B9.e.11152/click - {}
RESULT: {}
COMMAND: GET /session/54b51d12ae76246c47a9cfd9839bf688/screenshot - {}
RESULT: {}
COMMAND: POST /session/54b51d12ae76246c47a9cfd9839bf688/execute/async - {"script":"<script> [1562 bytes]","args":[{"selector":{"id":"application-manageresources-display-component---newResourceUnit--newRRUPage-anchBar-application-manageresources-display-component---newResourceUnit--resource-anchor","interaction":{"idSuffix":"BDI-content"}},"wdio_ui5_key":"applicationmanageresources-display-component---newResourceUnit--newRRUPage-anchBar-application-manageresources-display-component---newResourceUnit--resource-anchor"}]}
RESULT: {"script":"<script> [1562 bytes]","args":[{"selector":{"id":"application-manageresources-display-component---newResourceUnit--newRRUPage-anchBar-application-manageresources-display-component---newResourceUnit--resource-anchor","interaction":{"idSuffix":"BDI-content"}},"wdio_ui5_key":"applicationmanageresources-display-component---newResourceUnit--newRRUPage-anchBar-application-manageresources-display-component---newResourceUnit--resource-anchor"}]}
RESULT: undefined
COMMAND: POST /session/54b51d12ae76246c47a9cfd9839bf688/element - {"using":"xpath","value":"//*[@id=\"application-manageresources-display-component---newResourceUnit--newRRUPage-anchBar-application-manageresources-display-component---newResourceUnit--resource-anchor\"]"}
RESULT: {"using":"xpath","value":"//*[@id=\"application-manageresources-display-component---newResourceUnit--newRRUPage-anchBar-application-manageresources-display-component---newResourceUnit--resource-anchor\"]"}
COMMAND: POST /session/54b51d12ae76246c47a9cfd9839bf688/element/f.C3AA7480AC9969AD6A76FCDF8BFD3774.d.227D773C046B51B08C7E2E923A6765B9.e.11156/click - {}
RESULT: {}
COMMAND: POST /session/54b51d12ae76246c47a9cfd9839bf688/execute/async - {"script":"<script> [1562 bytes]","args":[{"selector":{"id":"application-manageresources-display-component---newResourceUnit--PLANNED_DELIVERY_DATE","interaction":{"idSuffix":"inner"}},"wdio_ui5_key":"applicationmanageresources-display-component---newResourceUnit--PLANNED_DELIVERY_DATE"}]}
COMMAND: GET /session/54b51d12ae76246c47a9cfd9839bf688/screenshot - {}
RESULT: {"script":"<script> [1562 bytes]","args":[{"selector":{"id":"application-manageresources-display-component---newResourceUnit--PLANNED_DELIVERY_DATE","interaction":{"idSuffix":"inner"}},"wdio_ui5_key":"applicationmanageresources-display-component---newResourceUnit--PLANNED_DELIVERY_DATE"}]}
RESULT: undefined
COMMAND: POST /session/54b51d12ae76246c47a9cfd9839bf688/execute/async - {"script":"<script> [6424 bytes]","args":[{"element-6066-11e4-a52e-4f735466cecf":"f.C3AA7480AC9969AD6A76FCDF8BFD3774.d.227D773C046B51B08C7E2E923A6765B9.e.10986"},"setValue",["6/2/25"]]}
RESULT: {}
RESULT: {"script":"<script> [6424 bytes]","args":[{"element-6066-11e4-a52e-4f735466cecf":"f.C3AA7480AC9969AD6A76FCDF8BFD3774.d.227D773C046B51B08C7E2E923A6765B9.e.10986"},"setValue",["6/2/25"]]}
COMMAND: POST /session/54b51d12ae76246c47a9cfd9839bf688/element - {"using":"xpath","value":"//label[contains(@class, 'sapMLabelRequired') and .//bdi[contains(text(), 'Planned Retirement')]]"}
RESULT: {"using":"xpath","value":"//label[contains(@class, 'sapMLabelRequired') and .//bdi[contains(text(), 'Planned Retirement')]]"}
COMMAND: POST /session/54b51d12ae76246c47a9cfd9839bf688/elements - {"using":"xpath","value":"//label[contains(@class, 'sapMLabelRequired') and .//bdi[contains(text(), 'Planned Retirement')]]"}
RESULT: {"using":"xpath","value":"//label[contains(@class, 'sapMLabelRequired') and .//bdi[contains(text(), 'Planned Retirement')]]"}
COMMAND: POST /session/54b51d12ae76246c47a9cfd9839bf688/element - {"using":"xpath","value":"//button[@data-kt=\"resourceUnitSaveButton\"]"}
RESULT: {"using":"xpath","value":"//button[@data-kt=\"resourceUnitSaveButton\"]"}
COMMAND: POST /session/54b51d12ae76246c47a9cfd9839bf688/element/f.C3AA7480AC9969AD6A76FCDF8BFD3774.d.227D773C046B51B08C7E2E923A6765B9.e.10945/click - {}
RESULT: {}
COMMAND: GET /session/54b51d12ae76246c47a9cfd9839bf688/screenshot - {}
RESULT: {}
COMMAND: POST /session/54b51d12ae76246c47a9cfd9839bf688/element - {"using":"xpath","value":"//bdi[contains(text(), \"Close\")]"}
RESULT: {"using":"xpath","value":"//bdi[contains(text(), \"Close\")]"}
COMMAND: POST /session/54b51d12ae76246c47a9cfd9839bf688/element/f.C3AA7480AC9969AD6A76FCDF8BFD3774.d.227D773C046B51B08C7E2E923A6765B9.e.11164/click - {}
RESULT: {}
COMMAND: GET /session/54b51d12ae76246c47a9cfd9839bf688/screenshot - {}
RESULT: {}
COMMAND: POST /session/54b51d12ae76246c47a9cfd9839bf688/element - {"using":"xpath","value":"(//button[contains(@id ,\"actionsToolbar-overflowButton\")])[1]"}
RESULT: {"using":"xpath","value":"(//button[contains(@id ,\"actionsToolbar-overflowButton\")])[1]"}
COMMAND: POST /session/54b51d12ae76246c47a9cfd9839bf688/element/f.C3AA7480AC9969AD6A76FCDF8BFD3774.d.227D773C046B51B08C7E2E923A6765B9.e.11198/click - {}
RESULT: {}
COMMAND: GET /session/54b51d12ae76246c47a9cfd9839bf688/screenshot - {}
RESULT: {}
COMMAND: POST /session/54b51d12ae76246c47a9cfd9839bf688/element - {"using":"xpath","value":"//button[@data-kt=\"priceInfoButton\"]"}
RESULT: {"using":"xpath","value":"//button[@data-kt=\"priceInfoButton\"]"}
COMMAND: POST /session/54b51d12ae76246c47a9cfd9839bf688/element/f.C3AA7480AC9969AD6A76FCDF8BFD3774.d.227D773C046B51B08C7E2E923A6765B9.e.11200/click - {}
RESULT: {}
COMMAND: GET /session/54b51d12ae76246c47a9cfd9839bf688/screenshot - {}
RESULT: {}
]]></system-out>
    </testcase>
    <testcase classname="chrome.136_0_7103_93.windows.Billing_transfer_US117289" name="Should create new pricing rule" time="56.211">
      <system-out><![CDATA[
COMMAND: POST /session/54b51d12ae76246c47a9cfd9839bf688/element - {"using":"xpath","value":"//button[@data-kt=\"addButton\"]"}
RESULT: {"using":"xpath","value":"//button[@data-kt=\"addButton\"]"}
COMMAND: POST /session/54b51d12ae76246c47a9cfd9839bf688/elements - {"using":"xpath","value":"//button[@data-kt=\"addButton\"]"}
RESULT: {"using":"xpath","value":"//button[@data-kt=\"addButton\"]"}
COMMAND: POST /session/54b51d12ae76246c47a9cfd9839bf688/elements - {"using":"xpath","value":"//button[@data-kt=\"addButton\"]"}
RESULT: {"using":"xpath","value":"//button[@data-kt=\"addButton\"]"}
COMMAND: POST /session/54b51d12ae76246c47a9cfd9839bf688/element - {"using":"xpath","value":"//button[@data-kt=\"addButton\"]"}
RESULT: {"using":"xpath","value":"//button[@data-kt=\"addButton\"]"}
COMMAND: POST /session/54b51d12ae76246c47a9cfd9839bf688/execute/sync - {"script":"<script> [8489 bytes]","args":[{"element-6066-11e4-a52e-4f735466cecf":"f.C3AA7480AC9969AD6A76FCDF8BFD3774.d.227D773C046B51B08C7E2E923A6765B9.e.11237","ELEMENT":"f.C3AA7480AC9969AD6A76FCDF8BFD3774.d.227D773C046B51B08C7E2E923A6765B9.e.11237"}]}
RESULT: {"script":"<script> [8489 bytes]","args":[{"element-6066-11e4-a52e-4f735466cecf":"f.C3AA7480AC9969AD6A76FCDF8BFD3774.d.227D773C046B51B08C7E2E923A6765B9.e.11237","ELEMENT":"f.C3AA7480AC9969AD6A76FCDF8BFD3774.d.227D773C046B51B08C7E2E923A6765B9.e.11237"}]}
COMMAND: GET /session/54b51d12ae76246c47a9cfd9839bf688/element/f.C3AA7480AC9969AD6A76FCDF8BFD3774.d.227D773C046B51B08C7E2E923A6765B9.e.11237/enabled - {}
COMMAND: GET /session/54b51d12ae76246c47a9cfd9839bf688/screenshot - {}
RESULT: {}
COMMAND: POST /session/54b51d12ae76246c47a9cfd9839bf688/execute/sync - {"script":"<script> [8489 bytes]","args":[{"element-6066-11e4-a52e-4f735466cecf":"f.C3AA7480AC9969AD6A76FCDF8BFD3774.d.227D773C046B51B08C7E2E923A6765B9.e.11237","ELEMENT":"f.C3AA7480AC9969AD6A76FCDF8BFD3774.d.227D773C046B51B08C7E2E923A6765B9.e.11237"}]}
COMMAND: GET /session/54b51d12ae76246c47a9cfd9839bf688/screenshot - {}
RESULT: {}
RESULT: {"script":"<script> [8489 bytes]","args":[{"element-6066-11e4-a52e-4f735466cecf":"f.C3AA7480AC9969AD6A76FCDF8BFD3774.d.227D773C046B51B08C7E2E923A6765B9.e.11237","ELEMENT":"f.C3AA7480AC9969AD6A76FCDF8BFD3774.d.227D773C046B51B08C7E2E923A6765B9.e.11237"}]}
COMMAND: POST /session/54b51d12ae76246c47a9cfd9839bf688/execute/sync - {"script":"<script> [5351 bytes]","args":[{"element-6066-11e4-a52e-4f735466cecf":"f.C3AA7480AC9969AD6A76FCDF8BFD3774.d.227D773C046B51B08C7E2E923A6765B9.e.11237","ELEMENT":"f.C3AA7480AC9969AD6A76FCDF8BFD3774.d.227D773C046B51B08C7E2E923A6765B9.e.11237"}]}
COMMAND: GET /session/54b51d12ae76246c47a9cfd9839bf688/screenshot - {}
RESULT: {}
RESULT: {"script":"<script> [5351 bytes]","args":[{"element-6066-11e4-a52e-4f735466cecf":"f.C3AA7480AC9969AD6A76FCDF8BFD3774.d.227D773C046B51B08C7E2E923A6765B9.e.11237","ELEMENT":"f.C3AA7480AC9969AD6A76FCDF8BFD3774.d.227D773C046B51B08C7E2E923A6765B9.e.11237"}]}
COMMAND: POST /session/54b51d12ae76246c47a9cfd9839bf688/element/f.C3AA7480AC9969AD6A76FCDF8BFD3774.d.227D773C046B51B08C7E2E923A6765B9.e.11237/click - {}
COMMAND: GET /session/54b51d12ae76246c47a9cfd9839bf688/screenshot - {}
RESULT: {}
RESULT: {}
COMMAND: GET /session/54b51d12ae76246c47a9cfd9839bf688/screenshot - {}
RESULT: {}
RESULT: {}
COMMAND: POST /session/54b51d12ae76246c47a9cfd9839bf688/execute/async - {"script":"<script> [1562 bytes]","args":[{"selector":{"controlType":"sap.m.Title","viewName":"etm.portal.ui.managepricingrules.view.NewItem","viewId":"application-managepricingrules-display-component---newInfoPriceItem","properties":{"text":"New Pricing Rules - Item Level"}},"wdio_ui5_key":"etmportal.ui.managepricingrules.view.NewItemsap.m.Title{\"text\":\"New Pricing Rules - Item Level\"}"}]}
RESULT: {"script":"<script> [1562 bytes]","args":[{"selector":{"controlType":"sap.m.Title","viewName":"etm.portal.ui.managepricingrules.view.NewItem","viewId":"application-managepricingrules-display-component---newInfoPriceItem","properties":{"text":"New Pricing Rules - Item Level"}},"wdio_ui5_key":"etmportal.ui.managepricingrules.view.NewItemsap.m.Title{\"text\":\"New Pricing Rules - Item Level\"}"}]}
RESULT: undefined
COMMAND: POST /session/54b51d12ae76246c47a9cfd9839bf688/execute/async - {"script":"<script> [6424 bytes]","args":[{"element-6066-11e4-a52e-4f735466cecf":"f.C3AA7480AC9969AD6A76FCDF8BFD3774.d.227D773C046B51B08C7E2E923A6765B9.e.11396"},"getText",[]]}
RESULT: {"script":"<script> [6424 bytes]","args":[{"element-6066-11e4-a52e-4f735466cecf":"f.C3AA7480AC9969AD6A76FCDF8BFD3774.d.227D773C046B51B08C7E2E923A6765B9.e.11396"},"getText",[]]}
COMMAND: POST /session/54b51d12ae76246c47a9cfd9839bf688/execute/async - {"script":"<script> [1562 bytes]","args":[{"selector":{"id":"application-managepricingrules-display-component---newInfoPriceItem--condValidTo","interaction":{"idSuffix":"inner"}},"wdio_ui5_key":"applicationmanagepricingrules-display-component---newInfoPriceItem--condValidTo"}]}
RESULT: {"script":"<script> [1562 bytes]","args":[{"selector":{"id":"application-managepricingrules-display-component---newInfoPriceItem--condValidTo","interaction":{"idSuffix":"inner"}},"wdio_ui5_key":"applicationmanagepricingrules-display-component---newInfoPriceItem--condValidTo"}]}
RESULT: undefined
COMMAND: POST /session/54b51d12ae76246c47a9cfd9839bf688/execute/async - {"script":"<script> [776 bytes]","args":[{"enterText":"2/2/26","selector":{"id":"application-managepricingrules-display-component---newInfoPriceItem--condValidTo","interaction":{"idSuffix":"inner"}},"clearTextFirst":true,"interactionType":"ENTER_TEXT"}]}
RESULT: {"script":"<script> [776 bytes]","args":[{"enterText":"2/2/26","selector":{"id":"application-managepricingrules-display-component---newInfoPriceItem--condValidTo","interaction":{"idSuffix":"inner"}},"clearTextFirst":true,"interactionType":"ENTER_TEXT"}]}
COMMAND: POST /session/54b51d12ae76246c47a9cfd9839bf688/execute/async - {"script":"<script> [1562 bytes]","args":[{"selector":{"id":"application-managepricingrules-display-component---newInfoPriceItem--billType-arrow"},"wdio_ui5_key":"applicationmanagepricingrules-display-component---newInfoPriceItem--billType-arrow"}]}
RESULT: {"script":"<script> [1562 bytes]","args":[{"selector":{"id":"application-managepricingrules-display-component---newInfoPriceItem--billType-arrow"},"wdio_ui5_key":"applicationmanagepricingrules-display-component---newInfoPriceItem--billType-arrow"}]}
RESULT: undefined
COMMAND: POST /session/54b51d12ae76246c47a9cfd9839bf688/element - {"using":"xpath","value":"//*[@id=\"application-managepricingrules-display-component---newInfoPriceItem--billType-arrow\"]"}
RESULT: {"using":"xpath","value":"//*[@id=\"application-managepricingrules-display-component---newInfoPriceItem--billType-arrow\"]"}
COMMAND: POST /session/54b51d12ae76246c47a9cfd9839bf688/element/f.C3AA7480AC9969AD6A76FCDF8BFD3774.d.227D773C046B51B08C7E2E923A6765B9.e.11398/click - {}
RESULT: {}
COMMAND: POST /session/54b51d12ae76246c47a9cfd9839bf688/element - {"using":"xpath","value":"//span[contains(text(), \"TB - Time based\")]"}
COMMAND: GET /session/54b51d12ae76246c47a9cfd9839bf688/screenshot - {}
RESULT: {"using":"xpath","value":"//span[contains(text(), \"TB - Time based\")]"}
COMMAND: POST /session/54b51d12ae76246c47a9cfd9839bf688/element/f.C3AA7480AC9969AD6A76FCDF8BFD3774.d.227D773C046B51B08C7E2E923A6765B9.e.11399/click - {}
RESULT: {}
RESULT: {}
COMMAND: POST /session/54b51d12ae76246c47a9cfd9839bf688/execute/async - {"script":"<script> [1562 bytes]","args":[{"selector":{"id":"application-managepricingrules-display-component---newInfoPriceItem--priceProc-arrow"},"wdio_ui5_key":"applicationmanagepricingrules-display-component---newInfoPriceItem--priceProc-arrow"}]}
COMMAND: GET /session/54b51d12ae76246c47a9cfd9839bf688/screenshot - {}
RESULT: {"script":"<script> [1562 bytes]","args":[{"selector":{"id":"application-managepricingrules-display-component---newInfoPriceItem--priceProc-arrow"},"wdio_ui5_key":"applicationmanagepricingrules-display-component---newInfoPriceItem--priceProc-arrow"}]}
RESULT: undefined
COMMAND: POST /session/54b51d12ae76246c47a9cfd9839bf688/element - {"using":"xpath","value":"//*[@id=\"application-managepricingrules-display-component---newInfoPriceItem--priceProc-arrow\"]"}
RESULT: {}
RESULT: {"using":"xpath","value":"//*[@id=\"application-managepricingrules-display-component---newInfoPriceItem--priceProc-arrow\"]"}
COMMAND: POST /session/54b51d12ae76246c47a9cfd9839bf688/element/f.C3AA7480AC9969AD6A76FCDF8BFD3774.d.227D773C046B51B08C7E2E923A6765B9.e.11364/click - {}
RESULT: {}
COMMAND: POST /session/54b51d12ae76246c47a9cfd9839bf688/element - {"using":"xpath","value":"//span[contains(text(), \"TBS - Time based standard\")]"}
COMMAND: GET /session/54b51d12ae76246c47a9cfd9839bf688/screenshot - {}
RESULT: {"using":"xpath","value":"//span[contains(text(), \"TBS - Time based standard\")]"}
COMMAND: POST /session/54b51d12ae76246c47a9cfd9839bf688/element/f.C3AA7480AC9969AD6A76FCDF8BFD3774.d.227D773C046B51B08C7E2E923A6765B9.e.11400/click - {}
RESULT: {}
RESULT: {}
COMMAND: POST /session/54b51d12ae76246c47a9cfd9839bf688/execute/async - {"script":"<script> [1562 bytes]","args":[{"selector":{"id":"application-managepricingrules-display-component---newInfoPriceItem--calcBase-arrow"},"wdio_ui5_key":"applicationmanagepricingrules-display-component---newInfoPriceItem--calcBase-arrow"}]}
COMMAND: GET /session/54b51d12ae76246c47a9cfd9839bf688/screenshot - {}
RESULT: {"script":"<script> [1562 bytes]","args":[{"selector":{"id":"application-managepricingrules-display-component---newInfoPriceItem--calcBase-arrow"},"wdio_ui5_key":"applicationmanagepricingrules-display-component---newInfoPriceItem--calcBase-arrow"}]}
RESULT: undefined
COMMAND: POST /session/54b51d12ae76246c47a9cfd9839bf688/element - {"using":"xpath","value":"//*[@id=\"application-managepricingrules-display-component---newInfoPriceItem--calcBase-arrow\"]"}
RESULT: {}
RESULT: {"using":"xpath","value":"//*[@id=\"application-managepricingrules-display-component---newInfoPriceItem--calcBase-arrow\"]"}
COMMAND: POST /session/54b51d12ae76246c47a9cfd9839bf688/element/f.C3AA7480AC9969AD6A76FCDF8BFD3774.d.227D773C046B51B08C7E2E923A6765B9.e.11371/click - {}
RESULT: {}
COMMAND: GET /session/54b51d12ae76246c47a9cfd9839bf688/screenshot - {}
RESULT: {}
COMMAND: POST /session/54b51d12ae76246c47a9cfd9839bf688/element - {"using":"xpath","value":"//span[contains(text(), \"0006 - TB(calendar days)\")]"}
RESULT: {"using":"xpath","value":"//span[contains(text(), \"0006 - TB(calendar days)\")]"}
COMMAND: POST /session/54b51d12ae76246c47a9cfd9839bf688/element/f.C3AA7480AC9969AD6A76FCDF8BFD3774.d.227D773C046B51B08C7E2E923A6765B9.e.11401/click - {}
RESULT: {}
COMMAND: GET /session/54b51d12ae76246c47a9cfd9839bf688/screenshot - {}
RESULT: {}
COMMAND: POST /session/54b51d12ae76246c47a9cfd9839bf688/execute/async - {"script":"<script> [1562 bytes]","args":[{"selector":{"id":"application-managepricingrules-display-component---newInfoPriceItem--daysMonth","interaction":{"idSuffix":"inner"}},"wdio_ui5_key":"applicationmanagepricingrules-display-component---newInfoPriceItem--daysMonth"}]}
RESULT: {"script":"<script> [1562 bytes]","args":[{"selector":{"id":"application-managepricingrules-display-component---newInfoPriceItem--daysMonth","interaction":{"idSuffix":"inner"}},"wdio_ui5_key":"applicationmanagepricingrules-display-component---newInfoPriceItem--daysMonth"}]}
RESULT: undefined
COMMAND: POST /session/54b51d12ae76246c47a9cfd9839bf688/execute/async - {"script":"<script> [776 bytes]","args":[{"enterText":"30","selector":{"id":"application-managepricingrules-display-component---newInfoPriceItem--daysMonth","interaction":{"idSuffix":"inner"}},"clearTextFirst":true,"interactionType":"ENTER_TEXT"}]}
RESULT: {"script":"<script> [776 bytes]","args":[{"enterText":"30","selector":{"id":"application-managepricingrules-display-component---newInfoPriceItem--daysMonth","interaction":{"idSuffix":"inner"}},"clearTextFirst":true,"interactionType":"ENTER_TEXT"}]}
COMMAND: POST /session/54b51d12ae76246c47a9cfd9839bf688/element - {"using":"xpath","value":"//button[@data-kt=\"saveNewRuleButton\"]"}
RESULT: {"using":"xpath","value":"//button[@data-kt=\"saveNewRuleButton\"]"}
COMMAND: POST /session/54b51d12ae76246c47a9cfd9839bf688/element/f.C3AA7480AC9969AD6A76FCDF8BFD3774.d.227D773C046B51B08C7E2E923A6765B9.e.11387/click - {}
RESULT: {}
COMMAND: GET /session/54b51d12ae76246c47a9cfd9839bf688/screenshot - {}
RESULT: {}
COMMAND: POST /session/54b51d12ae76246c47a9cfd9839bf688/execute/async - {"script":"<script> [1562 bytes]","args":[{"selector":{"id":"application-managepricingrules-display-component---priceInfoItem--smartFilterBar-btnBasicSearch","interaction":{"idSuffix":"I"}},"wdio_ui5_key":"applicationmanagepricingrules-display-component---priceInfoItem--smartFilterBar-btnBasicSearch"}]}
RESULT: {"script":"<script> [1562 bytes]","args":[{"selector":{"id":"application-managepricingrules-display-component---priceInfoItem--smartFilterBar-btnBasicSearch","interaction":{"idSuffix":"I"}},"wdio_ui5_key":"applicationmanagepricingrules-display-component---priceInfoItem--smartFilterBar-btnBasicSearch"}]}
RESULT: undefined
COMMAND: POST /session/54b51d12ae76246c47a9cfd9839bf688/execute/async - {"script":"<script> [776 bytes]","args":[{"enterText":"yV8kPnd5qX","selector":{"id":"application-managepricingrules-display-component---priceInfoItem--smartFilterBar-btnBasicSearch","interaction":{"idSuffix":"I"}},"clearTextFirst":true,"interactionType":"ENTER_TEXT"}]}
RESULT: {"script":"<script> [776 bytes]","args":[{"enterText":"yV8kPnd5qX","selector":{"id":"application-managepricingrules-display-component---priceInfoItem--smartFilterBar-btnBasicSearch","interaction":{"idSuffix":"I"}},"clearTextFirst":true,"interactionType":"ENTER_TEXT"}]}
COMMAND: POST /session/54b51d12ae76246c47a9cfd9839bf688/actions - {"actions":[{"id":"action39","type":"key","parameters":{},"actions":[{"type":"keyDown","value":"î€‡"},{"type":"pause","duration":10},{"type":"keyUp","value":"î€‡"}]}]}
RESULT: {"actions":[{"id":"action39","type":"key","parameters":{},"actions":[{"type":"keyDown","value":"î€‡"},{"type":"pause","duration":10},{"type":"keyUp","value":"î€‡"}]}]}
COMMAND: GET /session/54b51d12ae76246c47a9cfd9839bf688/screenshot - {}
RESULT: {}
COMMAND: POST /session/54b51d12ae76246c47a9cfd9839bf688/element - {"using":"xpath","value":"//span[@id=\"application-managepricingrules-display-component---priceInfoItem--smartTable-header-inner\"]"}
RESULT: {"using":"xpath","value":"//span[@id=\"application-managepricingrules-display-component---priceInfoItem--smartTable-header-inner\"]"}
COMMAND: POST /session/54b51d12ae76246c47a9cfd9839bf688/elements - {"using":"xpath","value":"//span[@id=\"application-managepricingrules-display-component---priceInfoItem--smartTable-header-inner\"]"}
RESULT: {"using":"xpath","value":"//span[@id=\"application-managepricingrules-display-component---priceInfoItem--smartTable-header-inner\"]"}
COMMAND: POST /session/54b51d12ae76246c47a9cfd9839bf688/execute/sync - {"script":"<script> [56 bytes]","args":[{"element-6066-11e4-a52e-4f735466cecf":"f.C3AA7480AC9969AD6A76FCDF8BFD3774.d.227D773C046B51B08C7E2E923A6765B9.e.11425","ELEMENT":"f.C3AA7480AC9969AD6A76FCDF8BFD3774.d.227D773C046B51B08C7E2E923A6765B9.e.11425"}]}
RESULT: {"script":"<script> [56 bytes]","args":[{"element-6066-11e4-a52e-4f735466cecf":"f.C3AA7480AC9969AD6A76FCDF8BFD3774.d.227D773C046B51B08C7E2E923A6765B9.e.11425","ELEMENT":"f.C3AA7480AC9969AD6A76FCDF8BFD3774.d.227D773C046B51B08C7E2E923A6765B9.e.11425"}]}
COMMAND: POST /session/54b51d12ae76246c47a9cfd9839bf688/element - {"using":"css selector","value":"#shell-header-logo"}
COMMAND: GET /session/54b51d12ae76246c47a9cfd9839bf688/screenshot - {}
RESULT: {}
RESULT: {"using":"css selector","value":"#shell-header-logo"}
COMMAND: POST /session/54b51d12ae76246c47a9cfd9839bf688/element/f.C3AA7480AC9969AD6A76FCDF8BFD3774.d.227D773C046B51B08C7E2E923A6765B9.e.10536/click - {}
RESULT: {}
COMMAND: GET /session/54b51d12ae76246c47a9cfd9839bf688/screenshot - {}
RESULT: {}
]]></system-out>
    </testcase>
    <testcase classname="chrome.136_0_7103_93.windows.Billing_transfer_US117289" name="Should create new condition for equipment" time="64.805">
      <system-out><![CDATA[
COMMAND: POST /session/54b51d12ae76246c47a9cfd9839bf688/execute/async - {"script":"<script> [1562 bytes]","args":[{"selector":{"controlType":"sap.m.GenericTile","properties":{"header":"Manage Conditions & Prices"}},"wdio_ui5_key":"sapm.GenericTile{\"header\":\"Manage Conditions & Prices\"}"}]}
RESULT: {"script":"<script> [1562 bytes]","args":[{"selector":{"controlType":"sap.m.GenericTile","properties":{"header":"Manage Conditions & Prices"}},"wdio_ui5_key":"sapm.GenericTile{\"header\":\"Manage Conditions & Prices\"}"}]}
RESULT: undefined
COMMAND: POST /session/54b51d12ae76246c47a9cfd9839bf688/element - {"using":"xpath","value":"//*[@id=\"__tile53\"]"}
RESULT: {"using":"xpath","value":"//*[@id=\"__tile53\"]"}
COMMAND: POST /session/54b51d12ae76246c47a9cfd9839bf688/element/f.C3AA7480AC9969AD6A76FCDF8BFD3774.d.227D773C046B51B08C7E2E923A6765B9.e.10472/click - {}
RESULT: {}
COMMAND: GET /session/54b51d12ae76246c47a9cfd9839bf688/screenshot - {}
RESULT: {}
COMMAND: POST /session/54b51d12ae76246c47a9cfd9839bf688/elements - {"using":"xpath","value":"//span[text()='Error']"}
RESULT: {"using":"xpath","value":"//span[text()='Error']"}
COMMAND: POST /session/54b51d12ae76246c47a9cfd9839bf688/element - {"using":"xpath","value":"//button[@aria-label=\"Create\"]"}
RESULT: {"using":"xpath","value":"//button[@aria-label=\"Create\"]"}
COMMAND: POST /session/54b51d12ae76246c47a9cfd9839bf688/elements - {"using":"xpath","value":"//button[@aria-label=\"Create\"]"}
RESULT: {"using":"xpath","value":"//button[@aria-label=\"Create\"]"}
COMMAND: POST /session/54b51d12ae76246c47a9cfd9839bf688/execute/sync - {"script":"<script> [8489 bytes]","args":[{"element-6066-11e4-a52e-4f735466cecf":"f.C3AA7480AC9969AD6A76FCDF8BFD3774.d.227D773C046B51B08C7E2E923A6765B9.e.11460","ELEMENT":"f.C3AA7480AC9969AD6A76FCDF8BFD3774.d.227D773C046B51B08C7E2E923A6765B9.e.11460"}]}
RESULT: {"script":"<script> [8489 bytes]","args":[{"element-6066-11e4-a52e-4f735466cecf":"f.C3AA7480AC9969AD6A76FCDF8BFD3774.d.227D773C046B51B08C7E2E923A6765B9.e.11460","ELEMENT":"f.C3AA7480AC9969AD6A76FCDF8BFD3774.d.227D773C046B51B08C7E2E923A6765B9.e.11460"}]}
COMMAND: GET /session/54b51d12ae76246c47a9cfd9839bf688/element/f.C3AA7480AC9969AD6A76FCDF8BFD3774.d.227D773C046B51B08C7E2E923A6765B9.e.11460/enabled - {}
COMMAND: GET /session/54b51d12ae76246c47a9cfd9839bf688/screenshot - {}
RESULT: {}
COMMAND: POST /session/54b51d12ae76246c47a9cfd9839bf688/execute/sync - {"script":"<script> [8489 bytes]","args":[{"element-6066-11e4-a52e-4f735466cecf":"f.C3AA7480AC9969AD6A76FCDF8BFD3774.d.227D773C046B51B08C7E2E923A6765B9.e.11460","ELEMENT":"f.C3AA7480AC9969AD6A76FCDF8BFD3774.d.227D773C046B51B08C7E2E923A6765B9.e.11460"}]}
COMMAND: GET /session/54b51d12ae76246c47a9cfd9839bf688/screenshot - {}
RESULT: {}
RESULT: {"script":"<script> [8489 bytes]","args":[{"element-6066-11e4-a52e-4f735466cecf":"f.C3AA7480AC9969AD6A76FCDF8BFD3774.d.227D773C046B51B08C7E2E923A6765B9.e.11460","ELEMENT":"f.C3AA7480AC9969AD6A76FCDF8BFD3774.d.227D773C046B51B08C7E2E923A6765B9.e.11460"}]}
COMMAND: POST /session/54b51d12ae76246c47a9cfd9839bf688/execute/sync - {"script":"<script> [5351 bytes]","args":[{"element-6066-11e4-a52e-4f735466cecf":"f.C3AA7480AC9969AD6A76FCDF8BFD3774.d.227D773C046B51B08C7E2E923A6765B9.e.11460","ELEMENT":"f.C3AA7480AC9969AD6A76FCDF8BFD3774.d.227D773C046B51B08C7E2E923A6765B9.e.11460"}]}
COMMAND: GET /session/54b51d12ae76246c47a9cfd9839bf688/screenshot - {}
RESULT: {}
RESULT: {"script":"<script> [5351 bytes]","args":[{"element-6066-11e4-a52e-4f735466cecf":"f.C3AA7480AC9969AD6A76FCDF8BFD3774.d.227D773C046B51B08C7E2E923A6765B9.e.11460","ELEMENT":"f.C3AA7480AC9969AD6A76FCDF8BFD3774.d.227D773C046B51B08C7E2E923A6765B9.e.11460"}]}
COMMAND: POST /session/54b51d12ae76246c47a9cfd9839bf688/element/f.C3AA7480AC9969AD6A76FCDF8BFD3774.d.227D773C046B51B08C7E2E923A6765B9.e.11460/click - {}
COMMAND: GET /session/54b51d12ae76246c47a9cfd9839bf688/screenshot - {}
RESULT: {}
RESULT: {}
COMMAND: GET /session/54b51d12ae76246c47a9cfd9839bf688/screenshot - {}
RESULT: {}
RESULT: {}
COMMAND: POST /session/54b51d12ae76246c47a9cfd9839bf688/actions - {"actions":[{"id":"action40","type":"key","parameters":{},"actions":[{"type":"keyDown","value":"î€‡"},{"type":"pause","duration":10},{"type":"keyUp","value":"î€‡"}]}]}
RESULT: {"actions":[{"id":"action40","type":"key","parameters":{},"actions":[{"type":"keyDown","value":"î€‡"},{"type":"pause","duration":10},{"type":"keyUp","value":"î€‡"}]}]}
COMMAND: GET /session/54b51d12ae76246c47a9cfd9839bf688/screenshot - {}
RESULT: {}
COMMAND: POST /session/54b51d12ae76246c47a9cfd9839bf688/execute/async - {"script":"<script> [1562 bytes]","args":[{"selector":{"id":"application-manageconditionprice-display-component---newCondition--condBillCond-arrow"},"wdio_ui5_key":"applicationmanageconditionprice-display-component---newCondition--condBillCond-arrow"}]}
RESULT: {"script":"<script> [1562 bytes]","args":[{"selector":{"id":"application-manageconditionprice-display-component---newCondition--condBillCond-arrow"},"wdio_ui5_key":"applicationmanageconditionprice-display-component---newCondition--condBillCond-arrow"}]}
RESULT: undefined
COMMAND: POST /session/54b51d12ae76246c47a9cfd9839bf688/element - {"using":"xpath","value":"//*[@id=\"application-manageconditionprice-display-component---newCondition--condBillCond-arrow\"]"}
RESULT: {"using":"xpath","value":"//*[@id=\"application-manageconditionprice-display-component---newCondition--condBillCond-arrow\"]"}
COMMAND: POST /session/54b51d12ae76246c47a9cfd9839bf688/element/f.C3AA7480AC9969AD6A76FCDF8BFD3774.d.227D773C046B51B08C7E2E923A6765B9.e.11639/click - {}
RESULT: {}
COMMAND: GET /session/54b51d12ae76246c47a9cfd9839bf688/screenshot - {}
RESULT: {}
COMMAND: POST /session/54b51d12ae76246c47a9cfd9839bf688/element - {"using":"xpath","value":"//li[.//span[contains(text(), \"DISP - D&I special price\")]]"}
RESULT: {"using":"xpath","value":"//li[.//span[contains(text(), \"DISP - D&I special price\")]]"}
COMMAND: POST /session/54b51d12ae76246c47a9cfd9839bf688/element/f.C3AA7480AC9969AD6A76FCDF8BFD3774.d.227D773C046B51B08C7E2E923A6765B9.e.11642/click - {}
RESULT: {}
COMMAND: GET /session/54b51d12ae76246c47a9cfd9839bf688/screenshot - {}
RESULT: {}
COMMAND: POST /session/54b51d12ae76246c47a9cfd9839bf688/execute/async - {"script":"<script> [1562 bytes]","args":[{"selector":{"id":"application-manageconditionprice-display-component---newCondition--condValidTo","interaction":{"idSuffix":"inner"}},"wdio_ui5_key":"applicationmanageconditionprice-display-component---newCondition--condValidTo"}]}
RESULT: {"script":"<script> [1562 bytes]","args":[{"selector":{"id":"application-manageconditionprice-display-component---newCondition--condValidTo","interaction":{"idSuffix":"inner"}},"wdio_ui5_key":"applicationmanageconditionprice-display-component---newCondition--condValidTo"}]}
RESULT: undefined
COMMAND: POST /session/54b51d12ae76246c47a9cfd9839bf688/execute/async - {"script":"<script> [776 bytes]","args":[{"enterText":"2/2/26","selector":{"id":"application-manageconditionprice-display-component---newCondition--condValidTo","interaction":{"idSuffix":"inner"}},"clearTextFirst":true,"interactionType":"ENTER_TEXT"}]}
RESULT: {"script":"<script> [776 bytes]","args":[{"enterText":"2/2/26","selector":{"id":"application-manageconditionprice-display-component---newCondition--condValidTo","interaction":{"idSuffix":"inner"}},"clearTextFirst":true,"interactionType":"ENTER_TEXT"}]}
COMMAND: POST /session/54b51d12ae76246c47a9cfd9839bf688/element - {"using":"xpath","value":"//input[@id=\"application-manageconditionprice-display-component---newCondition--condRU-inner\"]"}
RESULT: {"using":"xpath","value":"//input[@id=\"application-manageconditionprice-display-component---newCondition--condRU-inner\"]"}
COMMAND: POST /session/54b51d12ae76246c47a9cfd9839bf688/element/f.C3AA7480AC9969AD6A76FCDF8BFD3774.d.227D773C046B51B08C7E2E923A6765B9.e.11476/clear - {}
RESULT: {}
COMMAND: POST /session/54b51d12ae76246c47a9cfd9839bf688/element/f.C3AA7480AC9969AD6A76FCDF8BFD3774.d.227D773C046B51B08C7E2E923A6765B9.e.11476/value - {"text":"yV8kPnd5qX"}
COMMAND: GET /session/54b51d12ae76246c47a9cfd9839bf688/screenshot - {}
RESULT: {"text":"yV8kPnd5qX"}
COMMAND: GET /session/54b51d12ae76246c47a9cfd9839bf688/screenshot - {}
RESULT: {}
RESULT: {}
COMMAND: POST /session/54b51d12ae76246c47a9cfd9839bf688/actions - {"actions":[{"id":"action41","type":"key","parameters":{},"actions":[{"type":"keyDown","value":"î€‡"},{"type":"pause","duration":10},{"type":"keyUp","value":"î€‡"}]}]}
RESULT: {"actions":[{"id":"action41","type":"key","parameters":{},"actions":[{"type":"keyDown","value":"î€‡"},{"type":"pause","duration":10},{"type":"keyUp","value":"î€‡"}]}]}
COMMAND: POST /session/54b51d12ae76246c47a9cfd9839bf688/execute/async - {"script":"<script> [1562 bytes]","args":[{"selector":{"id":"application-manageconditionprice-display-component---newCondition--condBaseQty","interaction":{"idSuffix":"inner"}},"wdio_ui5_key":"applicationmanageconditionprice-display-component---newCondition--condBaseQty"}]}
COMMAND: GET /session/54b51d12ae76246c47a9cfd9839bf688/screenshot - {}
RESULT: {"script":"<script> [1562 bytes]","args":[{"selector":{"id":"application-manageconditionprice-display-component---newCondition--condBaseQty","interaction":{"idSuffix":"inner"}},"wdio_ui5_key":"applicationmanageconditionprice-display-component---newCondition--condBaseQty"}]}
RESULT: undefined
COMMAND: POST /session/54b51d12ae76246c47a9cfd9839bf688/execute/async - {"script":"<script> [776 bytes]","args":[{"enterText":"1","selector":{"id":"application-manageconditionprice-display-component---newCondition--condBaseQty","interaction":{"idSuffix":"inner"}},"clearTextFirst":true,"interactionType":"ENTER_TEXT"}]}
RESULT: {}
RESULT: {"script":"<script> [776 bytes]","args":[{"enterText":"1","selector":{"id":"application-manageconditionprice-display-component---newCondition--condBaseQty","interaction":{"idSuffix":"inner"}},"clearTextFirst":true,"interactionType":"ENTER_TEXT"}]}
COMMAND: POST /session/54b51d12ae76246c47a9cfd9839bf688/execute/async - {"script":"<script> [1562 bytes]","args":[{"selector":{"id":"application-manageconditionprice-display-component---newCondition--condValue","interaction":{"idSuffix":"inner"}},"wdio_ui5_key":"applicationmanageconditionprice-display-component---newCondition--condValue"}]}
RESULT: {"script":"<script> [1562 bytes]","args":[{"selector":{"id":"application-manageconditionprice-display-component---newCondition--condValue","interaction":{"idSuffix":"inner"}},"wdio_ui5_key":"applicationmanageconditionprice-display-component---newCondition--condValue"}]}
RESULT: undefined
COMMAND: POST /session/54b51d12ae76246c47a9cfd9839bf688/execute/async - {"script":"<script> [776 bytes]","args":[{"enterText":"100","selector":{"id":"application-manageconditionprice-display-component---newCondition--condValue","interaction":{"idSuffix":"inner"}},"clearTextFirst":true,"interactionType":"ENTER_TEXT"}]}
RESULT: {"script":"<script> [776 bytes]","args":[{"enterText":"100","selector":{"id":"application-manageconditionprice-display-component---newCondition--condValue","interaction":{"idSuffix":"inner"}},"clearTextFirst":true,"interactionType":"ENTER_TEXT"}]}
COMMAND: POST /session/54b51d12ae76246c47a9cfd9839bf688/execute/async - {"script":"<script> [1562 bytes]","args":[{"selector":{"id":"application-manageconditionprice-display-component---newCondition--condCurr-arrow"},"wdio_ui5_key":"applicationmanageconditionprice-display-component---newCondition--condCurr-arrow"}]}
RESULT: {"script":"<script> [1562 bytes]","args":[{"selector":{"id":"application-manageconditionprice-display-component---newCondition--condCurr-arrow"},"wdio_ui5_key":"applicationmanageconditionprice-display-component---newCondition--condCurr-arrow"}]}
RESULT: undefined
COMMAND: POST /session/54b51d12ae76246c47a9cfd9839bf688/element - {"using":"xpath","value":"//*[@id=\"application-manageconditionprice-display-component---newCondition--condCurr-arrow\"]"}
RESULT: {"using":"xpath","value":"//*[@id=\"application-manageconditionprice-display-component---newCondition--condCurr-arrow\"]"}
COMMAND: POST /session/54b51d12ae76246c47a9cfd9839bf688/element/f.C3AA7480AC9969AD6A76FCDF8BFD3774.d.227D773C046B51B08C7E2E923A6765B9.e.11596/click - {}
RESULT: {}
COMMAND: POST /session/54b51d12ae76246c47a9cfd9839bf688/element - {"using":"xpath","value":"//span[contains(text(), \"Euro\")]"}
COMMAND: GET /session/54b51d12ae76246c47a9cfd9839bf688/screenshot - {}
RESULT: {"using":"xpath","value":"//span[contains(text(), \"Euro\")]"}
COMMAND: POST /session/54b51d12ae76246c47a9cfd9839bf688/element/f.C3AA7480AC9969AD6A76FCDF8BFD3774.d.227D773C046B51B08C7E2E923A6765B9.e.11679/click - {}
RESULT: {}
RESULT: {}
COMMAND: POST /session/54b51d12ae76246c47a9cfd9839bf688/element - {"using":"xpath","value":"//button[@data-kt=\"saveButton\"]"}
COMMAND: GET /session/54b51d12ae76246c47a9cfd9839bf688/screenshot - {}
RESULT: {"using":"xpath","value":"//button[@data-kt=\"saveButton\"]"}
COMMAND: POST /session/54b51d12ae76246c47a9cfd9839bf688/element/f.C3AA7480AC9969AD6A76FCDF8BFD3774.d.227D773C046B51B08C7E2E923A6765B9.e.11597/click - {}
RESULT: {}
RESULT: {}
COMMAND: GET /session/54b51d12ae76246c47a9cfd9839bf688/screenshot - {}
RESULT: {}
COMMAND: POST /session/54b51d12ae76246c47a9cfd9839bf688/execute/async - {"script":"<script> [1562 bytes]","args":[{"selector":{"id":"application-manageconditionprice-display-component---conditions--smartFilterBar-btnBasicSearch","interaction":{"idSuffix":"I"}},"wdio_ui5_key":"applicationmanageconditionprice-display-component---conditions--smartFilterBar-btnBasicSearch"}]}
RESULT: {"script":"<script> [1562 bytes]","args":[{"selector":{"id":"application-manageconditionprice-display-component---conditions--smartFilterBar-btnBasicSearch","interaction":{"idSuffix":"I"}},"wdio_ui5_key":"applicationmanageconditionprice-display-component---conditions--smartFilterBar-btnBasicSearch"}]}
RESULT: undefined
COMMAND: POST /session/54b51d12ae76246c47a9cfd9839bf688/execute/async - {"script":"<script> [776 bytes]","args":[{"enterText":"yV8kPnd5qX","selector":{"id":"application-manageconditionprice-display-component---conditions--smartFilterBar-btnBasicSearch","interaction":{"idSuffix":"I"}},"clearTextFirst":true,"interactionType":"ENTER_TEXT"}]}
RESULT: {"script":"<script> [776 bytes]","args":[{"enterText":"yV8kPnd5qX","selector":{"id":"application-manageconditionprice-display-component---conditions--smartFilterBar-btnBasicSearch","interaction":{"idSuffix":"I"}},"clearTextFirst":true,"interactionType":"ENTER_TEXT"}]}
COMMAND: POST /session/54b51d12ae76246c47a9cfd9839bf688/actions - {"actions":[{"id":"action42","type":"key","parameters":{},"actions":[{"type":"keyDown","value":"î€‡"},{"type":"pause","duration":10},{"type":"keyUp","value":"î€‡"}]}]}
RESULT: {"actions":[{"id":"action42","type":"key","parameters":{},"actions":[{"type":"keyDown","value":"î€‡"},{"type":"pause","duration":10},{"type":"keyUp","value":"î€‡"}]}]}
COMMAND: GET /session/54b51d12ae76246c47a9cfd9839bf688/screenshot - {}
RESULT: {}
COMMAND: POST /session/54b51d12ae76246c47a9cfd9839bf688/execute/async - {"script":"<script> [1562 bytes]","args":[{"selector":{"id":"application-manageconditionprice-display-component---conditions--smartFilterBar-filterItemControl_BASIC-BILL_TYPES-vhi"},"wdio_ui5_key":"applicationmanageconditionprice-display-component---conditions--smartFilterBar-filterItemControl_BASIC-BILL_TYPES-vhi"}]}
RESULT: {"script":"<script> [1562 bytes]","args":[{"selector":{"id":"application-manageconditionprice-display-component---conditions--smartFilterBar-filterItemControl_BASIC-BILL_TYPES-vhi"},"wdio_ui5_key":"applicationmanageconditionprice-display-component---conditions--smartFilterBar-filterItemControl_BASIC-BILL_TYPES-vhi"}]}
RESULT: undefined
COMMAND: POST /session/54b51d12ae76246c47a9cfd9839bf688/element - {"using":"xpath","value":"//*[@id=\"application-manageconditionprice-display-component---conditions--smartFilterBar-filterItemControl_BASIC-BILL_TYPES-vhi\"]"}
RESULT: {"using":"xpath","value":"//*[@id=\"application-manageconditionprice-display-component---conditions--smartFilterBar-filterItemControl_BASIC-BILL_TYPES-vhi\"]"}
COMMAND: POST /session/54b51d12ae76246c47a9cfd9839bf688/element/f.C3AA7480AC9969AD6A76FCDF8BFD3774.d.227D773C046B51B08C7E2E923A6765B9.e.11786/click - {}
RESULT: {}
COMMAND: POST /session/54b51d12ae76246c47a9cfd9839bf688/execute/async - {"script":"<script> [1562 bytes]","args":[{"selector":{"id":"application-manageconditionprice-display-component---conditions--smartFilterBar-filterItemControl_BASIC-BILL_TYPES-valueHelpDialog-smartFilterBar-btnBasicSearch","searchOpenDialogs":true,"interaction":{"idSuffix":"I"}},"wdio_ui5_key":"applicationmanageconditionprice-display-component---conditions--smartFilterBar-filterItemControl_BASIC-BILL_TYPES-valueHelpDialog-smartFilterBar-btnBasicSearch"}]}
COMMAND: GET /session/54b51d12ae76246c47a9cfd9839bf688/screenshot - {}
RESULT: {"script":"<script> [1562 bytes]","args":[{"selector":{"id":"application-manageconditionprice-display-component---conditions--smartFilterBar-filterItemControl_BASIC-BILL_TYPES-valueHelpDialog-smartFilterBar-btnBasicSearch","searchOpenDialogs":true,"interaction":{"idSuffix":"I"}},"wdio_ui5_key":"applicationmanageconditionprice-display-component---conditions--smartFilterBar-filterItemControl_BASIC-BILL_TYPES-valueHelpDialog-smartFilterBar-btnBasicSearch"}]}
RESULT: undefined
COMMAND: POST /session/54b51d12ae76246c47a9cfd9839bf688/execute/async - {"script":"<script> [776 bytes]","args":[{"enterText":"TB","selector":{"id":"application-manageconditionprice-display-component---conditions--smartFilterBar-filterItemControl_BASIC-BILL_TYPES-valueHelpDialog-smartFilterBar-btnBasicSearch","searchOpenDialogs":true,"interaction":{"idSuffix":"I"}},"clearTextFirst":true,"interactionType":"ENTER_TEXT"}]}
RESULT: {}
RESULT: {"script":"<script> [776 bytes]","args":[{"enterText":"TB","selector":{"id":"application-manageconditionprice-display-component---conditions--smartFilterBar-filterItemControl_BASIC-BILL_TYPES-valueHelpDialog-smartFilterBar-btnBasicSearch","searchOpenDialogs":true,"interaction":{"idSuffix":"I"}},"clearTextFirst":true,"interactionType":"ENTER_TEXT"}]}
COMMAND: POST /session/54b51d12ae76246c47a9cfd9839bf688/actions - {"actions":[{"id":"action43","type":"key","parameters":{},"actions":[{"type":"keyDown","value":"î€‡"},{"type":"pause","duration":10},{"type":"keyUp","value":"î€‡"}]}]}
RESULT: {"actions":[{"id":"action43","type":"key","parameters":{},"actions":[{"type":"keyDown","value":"î€‡"},{"type":"pause","duration":10},{"type":"keyUp","value":"î€‡"}]}]}
COMMAND: GET /session/54b51d12ae76246c47a9cfd9839bf688/screenshot - {}
RESULT: {}
COMMAND: POST /session/54b51d12ae76246c47a9cfd9839bf688/element - {"using":"xpath","value":"//div[contains(@id, 'application-manageconditionprice-display-component---conditions--smartFilterBar-filterItemControl_BASIC-BILL_TYPES-valueHelpDialog-table-rowsel0')]"}
RESULT: {"using":"xpath","value":"//div[contains(@id, 'application-manageconditionprice-display-component---conditions--smartFilterBar-filterItemControl_BASIC-BILL_TYPES-valueHelpDialog-table-rowsel0')]"}
COMMAND: POST /session/54b51d12ae76246c47a9cfd9839bf688/element/f.C3AA7480AC9969AD6A76FCDF8BFD3774.d.227D773C046B51B08C7E2E923A6765B9.e.11794/click - {}
RESULT: {}
COMMAND: GET /session/54b51d12ae76246c47a9cfd9839bf688/screenshot - {}
RESULT: {}
COMMAND: POST /session/54b51d12ae76246c47a9cfd9839bf688/element - {"using":"xpath","value":"//bdi[contains(text(), \"OK\")]"}
RESULT: {"using":"xpath","value":"//bdi[contains(text(), \"OK\")]"}
COMMAND: POST /session/54b51d12ae76246c47a9cfd9839bf688/element/f.C3AA7480AC9969AD6A76FCDF8BFD3774.d.227D773C046B51B08C7E2E923A6765B9.e.11796/click - {}
RESULT: {}
COMMAND: GET /session/54b51d12ae76246c47a9cfd9839bf688/screenshot - {}
RESULT: {}
COMMAND: POST /session/54b51d12ae76246c47a9cfd9839bf688/element - {"using":"xpath","value":"//span[@id=\"application-manageconditionprice-display-component---conditions--smartTable-header-inner\"]"}
RESULT: {"using":"xpath","value":"//span[@id=\"application-manageconditionprice-display-component---conditions--smartTable-header-inner\"]"}
COMMAND: POST /session/54b51d12ae76246c47a9cfd9839bf688/elements - {"using":"xpath","value":"//span[@id=\"application-manageconditionprice-display-component---conditions--smartTable-header-inner\"]"}
RESULT: {"using":"xpath","value":"//span[@id=\"application-manageconditionprice-display-component---conditions--smartTable-header-inner\"]"}
COMMAND: POST /session/54b51d12ae76246c47a9cfd9839bf688/execute/sync - {"script":"<script> [56 bytes]","args":[{"element-6066-11e4-a52e-4f735466cecf":"f.C3AA7480AC9969AD6A76FCDF8BFD3774.d.227D773C046B51B08C7E2E923A6765B9.e.11799","ELEMENT":"f.C3AA7480AC9969AD6A76FCDF8BFD3774.d.227D773C046B51B08C7E2E923A6765B9.e.11799"}]}
RESULT: {"script":"<script> [56 bytes]","args":[{"element-6066-11e4-a52e-4f735466cecf":"f.C3AA7480AC9969AD6A76FCDF8BFD3774.d.227D773C046B51B08C7E2E923A6765B9.e.11799","ELEMENT":"f.C3AA7480AC9969AD6A76FCDF8BFD3774.d.227D773C046B51B08C7E2E923A6765B9.e.11799"}]}
COMMAND: POST /session/54b51d12ae76246c47a9cfd9839bf688/element - {"using":"css selector","value":"#shell-header-logo"}
COMMAND: GET /session/54b51d12ae76246c47a9cfd9839bf688/screenshot - {}
RESULT: {"using":"css selector","value":"#shell-header-logo"}
COMMAND: POST /session/54b51d12ae76246c47a9cfd9839bf688/element/f.C3AA7480AC9969AD6A76FCDF8BFD3774.d.227D773C046B51B08C7E2E923A6765B9.e.11428/click - {}
RESULT: {}
RESULT: {}
COMMAND: GET /session/54b51d12ae76246c47a9cfd9839bf688/screenshot - {}
RESULT: {}
]]></system-out>
    </testcase>
  </testsuite>
  <testsuite timestamp="2025-06-02T18:12:30" time="730.301" tests="12" failures="6" errors="6" skipped="0">
    <properties>
      <property name="specId" value="0" />
      <property name="suiteName" value="Create Reverse Billing US127248" />
      <property name="capabilities" value="chrome.136_0_7103_93.windows" />
      <property name="file" value="file:///D:/a/1/s/test/specs/BTS/reverse-billing.spec.js" />
    </properties>
    <testcase classname="chrome.136_0_7103_93.windows.Create_Reverse_Billing_US127248" name="Should create a new yard" time="0.014">
      <system-out><![CDATA[
COMMAND: POST /session/54b51d12ae76246c47a9cfd9839bf688/window/fullscreen - {}
RESULT: {}
]]></system-out>
    </testcase>
    <testcase classname="chrome.136_0_7103_93.windows.Create_Reverse_Billing_US127248" name="Should create a new partner" time="0.004" />
    <testcase classname="chrome.136_0_7103_93.windows.Create_Reverse_Billing_US127248" name="Should create a new site" time="0.003" />
    <testcase classname="chrome.136_0_7103_93.windows.Create_Reverse_Billing_US127248" name="Should create a resource" time="146.032">
      <system-out><![CDATA[
COMMAND: POST /session/54b51d12ae76246c47a9cfd9839bf688/execute/async - {"script":"<script> [1562 bytes]","args":[{"selector":{"controlType":"sap.m.GenericTile","properties":{"header":"Manage Resources"}},"wdio_ui5_key":"sapm.GenericTile{\"header\":\"Manage Resources\"}"}]}
RESULT: {"script":"<script> [1562 bytes]","args":[{"selector":{"controlType":"sap.m.GenericTile","properties":{"header":"Manage Resources"}},"wdio_ui5_key":"sapm.GenericTile{\"header\":\"Manage Resources\"}"}]}
RESULT: undefined
COMMAND: POST /session/54b51d12ae76246c47a9cfd9839bf688/element - {"using":"xpath","value":"//*[@id=\"__tile39\"]"}
RESULT: {"using":"xpath","value":"//*[@id=\"__tile39\"]"}
COMMAND: POST /session/54b51d12ae76246c47a9cfd9839bf688/element/f.C3AA7480AC9969AD6A76FCDF8BFD3774.d.4DB7E2851794C18E0C49B4FAA7D348FF.e.12393/click - {}
RESULT: {}
COMMAND: GET /session/54b51d12ae76246c47a9cfd9839bf688/screenshot - {}
RESULT: {}
COMMAND: POST /session/54b51d12ae76246c47a9cfd9839bf688/elements - {"using":"xpath","value":"//span[text()='Error']"}
RESULT: {"using":"xpath","value":"//span[text()='Error']"}
COMMAND: POST /session/54b51d12ae76246c47a9cfd9839bf688/element - {"using":"xpath","value":"//button[@data-kt=\"addNewRUOverflowToolbarButton\"]"}
RESULT: {"using":"xpath","value":"//button[@data-kt=\"addNewRUOverflowToolbarButton\"]"}
COMMAND: POST /session/54b51d12ae76246c47a9cfd9839bf688/elements - {"using":"xpath","value":"//button[@data-kt=\"addNewRUOverflowToolbarButton\"]"}
RESULT: {"using":"xpath","value":"//button[@data-kt=\"addNewRUOverflowToolbarButton\"]"}
COMMAND: POST /session/54b51d12ae76246c47a9cfd9839bf688/elements - {"using":"xpath","value":"//button[@data-kt=\"addNewRUOverflowToolbarButton\"]"}
RESULT: {"using":"xpath","value":"//button[@data-kt=\"addNewRUOverflowToolbarButton\"]"}
COMMAND: POST /session/54b51d12ae76246c47a9cfd9839bf688/elements - {"using":"xpath","value":"//button[@data-kt=\"addNewRUOverflowToolbarButton\"]"}
RESULT: {"using":"xpath","value":"//button[@data-kt=\"addNewRUOverflowToolbarButton\"]"}
COMMAND: POST /session/54b51d12ae76246c47a9cfd9839bf688/elements - {"using":"xpath","value":"//button[@data-kt=\"addNewRUOverflowToolbarButton\"]"}
RESULT: {"using":"xpath","value":"//button[@data-kt=\"addNewRUOverflowToolbarButton\"]"}
COMMAND: POST /session/54b51d12ae76246c47a9cfd9839bf688/elements - {"using":"xpath","value":"//button[@data-kt=\"addNewRUOverflowToolbarButton\"]"}
RESULT: {"using":"xpath","value":"//button[@data-kt=\"addNewRUOverflowToolbarButton\"]"}
COMMAND: POST /session/54b51d12ae76246c47a9cfd9839bf688/elements - {"using":"xpath","value":"//button[@data-kt=\"addNewRUOverflowToolbarButton\"]"}
RESULT: {"using":"xpath","value":"//button[@data-kt=\"addNewRUOverflowToolbarButton\"]"}
COMMAND: POST /session/54b51d12ae76246c47a9cfd9839bf688/elements - {"using":"xpath","value":"//button[@data-kt=\"addNewRUOverflowToolbarButton\"]"}
RESULT: {"using":"xpath","value":"//button[@data-kt=\"addNewRUOverflowToolbarButton\"]"}
COMMAND: POST /session/54b51d12ae76246c47a9cfd9839bf688/elements - {"using":"xpath","value":"//button[@data-kt=\"addNewRUOverflowToolbarButton\"]"}
RESULT: {"using":"xpath","value":"//button[@data-kt=\"addNewRUOverflowToolbarButton\"]"}
COMMAND: POST /session/54b51d12ae76246c47a9cfd9839bf688/elements - {"using":"xpath","value":"//button[@data-kt=\"addNewRUOverflowToolbarButton\"]"}
RESULT: {"using":"xpath","value":"//button[@data-kt=\"addNewRUOverflowToolbarButton\"]"}
COMMAND: POST /session/54b51d12ae76246c47a9cfd9839bf688/elements - {"using":"xpath","value":"//button[@data-kt=\"addNewRUOverflowToolbarButton\"]"}
RESULT: {"using":"xpath","value":"//button[@data-kt=\"addNewRUOverflowToolbarButton\"]"}
COMMAND: POST /session/54b51d12ae76246c47a9cfd9839bf688/elements - {"using":"xpath","value":"//button[@data-kt=\"addNewRUOverflowToolbarButton\"]"}
RESULT: {"using":"xpath","value":"//button[@data-kt=\"addNewRUOverflowToolbarButton\"]"}
COMMAND: POST /session/54b51d12ae76246c47a9cfd9839bf688/elements - {"using":"xpath","value":"//button[@data-kt=\"addNewRUOverflowToolbarButton\"]"}
RESULT: {"using":"xpath","value":"//button[@data-kt=\"addNewRUOverflowToolbarButton\"]"}
COMMAND: POST /session/54b51d12ae76246c47a9cfd9839bf688/elements - {"using":"xpath","value":"//button[@data-kt=\"addNewRUOverflowToolbarButton\"]"}
RESULT: {"using":"xpath","value":"//button[@data-kt=\"addNewRUOverflowToolbarButton\"]"}
COMMAND: POST /session/54b51d12ae76246c47a9cfd9839bf688/elements - {"using":"xpath","value":"//button[@data-kt=\"addNewRUOverflowToolbarButton\"]"}
RESULT: {"using":"xpath","value":"//button[@data-kt=\"addNewRUOverflowToolbarButton\"]"}
COMMAND: POST /session/54b51d12ae76246c47a9cfd9839bf688/elements - {"using":"xpath","value":"//button[@data-kt=\"addNewRUOverflowToolbarButton\"]"}
RESULT: {"using":"xpath","value":"//button[@data-kt=\"addNewRUOverflowToolbarButton\"]"}
COMMAND: POST /session/54b51d12ae76246c47a9cfd9839bf688/elements - {"using":"xpath","value":"//button[@data-kt=\"addNewRUOverflowToolbarButton\"]"}
RESULT: {"using":"xpath","value":"//button[@data-kt=\"addNewRUOverflowToolbarButton\"]"}
COMMAND: POST /session/54b51d12ae76246c47a9cfd9839bf688/elements - {"using":"xpath","value":"//button[@data-kt=\"addNewRUOverflowToolbarButton\"]"}
RESULT: {"using":"xpath","value":"//button[@data-kt=\"addNewRUOverflowToolbarButton\"]"}
COMMAND: POST /session/54b51d12ae76246c47a9cfd9839bf688/elements - {"using":"xpath","value":"//button[@data-kt=\"addNewRUOverflowToolbarButton\"]"}
RESULT: {"using":"xpath","value":"//button[@data-kt=\"addNewRUOverflowToolbarButton\"]"}
COMMAND: POST /session/54b51d12ae76246c47a9cfd9839bf688/elements - {"using":"xpath","value":"//button[@data-kt=\"addNewRUOverflowToolbarButton\"]"}
RESULT: {"using":"xpath","value":"//button[@data-kt=\"addNewRUOverflowToolbarButton\"]"}
COMMAND: POST /session/54b51d12ae76246c47a9cfd9839bf688/elements - {"using":"xpath","value":"//button[@data-kt=\"addNewRUOverflowToolbarButton\"]"}
RESULT: {"using":"xpath","value":"//button[@data-kt=\"addNewRUOverflowToolbarButton\"]"}
COMMAND: POST /session/54b51d12ae76246c47a9cfd9839bf688/elements - {"using":"xpath","value":"//button[@data-kt=\"addNewRUOverflowToolbarButton\"]"}
RESULT: {"using":"xpath","value":"//button[@data-kt=\"addNewRUOverflowToolbarButton\"]"}
COMMAND: POST /session/54b51d12ae76246c47a9cfd9839bf688/elements - {"using":"xpath","value":"//button[@data-kt=\"addNewRUOverflowToolbarButton\"]"}
RESULT: {"using":"xpath","value":"//button[@data-kt=\"addNewRUOverflowToolbarButton\"]"}
COMMAND: POST /session/54b51d12ae76246c47a9cfd9839bf688/element - {"using":"xpath","value":"//button[@data-kt=\"addNewRUOverflowToolbarButton\"]"}
RESULT: {"using":"xpath","value":"//button[@data-kt=\"addNewRUOverflowToolbarButton\"]"}
COMMAND: POST /session/54b51d12ae76246c47a9cfd9839bf688/execute/sync - {"script":"<script> [8489 bytes]","args":[{"element-6066-11e4-a52e-4f735466cecf":"f.C3AA7480AC9969AD6A76FCDF8BFD3774.d.4DB7E2851794C18E0C49B4FAA7D348FF.e.12529","ELEMENT":"f.C3AA7480AC9969AD6A76FCDF8BFD3774.d.4DB7E2851794C18E0C49B4FAA7D348FF.e.12529"}]}
RESULT: {"script":"<script> [8489 bytes]","args":[{"element-6066-11e4-a52e-4f735466cecf":"f.C3AA7480AC9969AD6A76FCDF8BFD3774.d.4DB7E2851794C18E0C49B4FAA7D348FF.e.12529","ELEMENT":"f.C3AA7480AC9969AD6A76FCDF8BFD3774.d.4DB7E2851794C18E0C49B4FAA7D348FF.e.12529"}]}
COMMAND: GET /session/54b51d12ae76246c47a9cfd9839bf688/element/f.C3AA7480AC9969AD6A76FCDF8BFD3774.d.4DB7E2851794C18E0C49B4FAA7D348FF.e.12529/enabled - {}
COMMAND: GET /session/54b51d12ae76246c47a9cfd9839bf688/screenshot - {}
RESULT: {}
COMMAND: POST /session/54b51d12ae76246c47a9cfd9839bf688/execute/sync - {"script":"<script> [8489 bytes]","args":[{"element-6066-11e4-a52e-4f735466cecf":"f.C3AA7480AC9969AD6A76FCDF8BFD3774.d.4DB7E2851794C18E0C49B4FAA7D348FF.e.12529","ELEMENT":"f.C3AA7480AC9969AD6A76FCDF8BFD3774.d.4DB7E2851794C18E0C49B4FAA7D348FF.e.12529"}]}
COMMAND: GET /session/54b51d12ae76246c47a9cfd9839bf688/screenshot - {}
RESULT: {}
RESULT: {"script":"<script> [8489 bytes]","args":[{"element-6066-11e4-a52e-4f735466cecf":"f.C3AA7480AC9969AD6A76FCDF8BFD3774.d.4DB7E2851794C18E0C49B4FAA7D348FF.e.12529","ELEMENT":"f.C3AA7480AC9969AD6A76FCDF8BFD3774.d.4DB7E2851794C18E0C49B4FAA7D348FF.e.12529"}]}
COMMAND: POST /session/54b51d12ae76246c47a9cfd9839bf688/execute/sync - {"script":"<script> [5351 bytes]","args":[{"element-6066-11e4-a52e-4f735466cecf":"f.C3AA7480AC9969AD6A76FCDF8BFD3774.d.4DB7E2851794C18E0C49B4FAA7D348FF.e.12529","ELEMENT":"f.C3AA7480AC9969AD6A76FCDF8BFD3774.d.4DB7E2851794C18E0C49B4FAA7D348FF.e.12529"}]}
COMMAND: GET /session/54b51d12ae76246c47a9cfd9839bf688/screenshot - {}
RESULT: {}
RESULT: {"script":"<script> [5351 bytes]","args":[{"element-6066-11e4-a52e-4f735466cecf":"f.C3AA7480AC9969AD6A76FCDF8BFD3774.d.4DB7E2851794C18E0C49B4FAA7D348FF.e.12529","ELEMENT":"f.C3AA7480AC9969AD6A76FCDF8BFD3774.d.4DB7E2851794C18E0C49B4FAA7D348FF.e.12529"}]}
COMMAND: POST /session/54b51d12ae76246c47a9cfd9839bf688/element/f.C3AA7480AC9969AD6A76FCDF8BFD3774.d.4DB7E2851794C18E0C49B4FAA7D348FF.e.12529/click - {}
COMMAND: GET /session/54b51d12ae76246c47a9cfd9839bf688/screenshot - {}
RESULT: {}
RESULT: {}
COMMAND: GET /session/54b51d12ae76246c47a9cfd9839bf688/screenshot - {}
RESULT: {}
RESULT: {}
COMMAND: POST /session/54b51d12ae76246c47a9cfd9839bf688/execute/async - {"script":"<script> [1562 bytes]","args":[{"selector":{"id":"application-manageresources-display-component---newResourceUnit--TYPE-arrow"},"wdio_ui5_key":"applicationmanageresources-display-component---newResourceUnit--TYPE-arrow"}]}
RESULT: {"script":"<script> [1562 bytes]","args":[{"selector":{"id":"application-manageresources-display-component---newResourceUnit--TYPE-arrow"},"wdio_ui5_key":"applicationmanageresources-display-component---newResourceUnit--TYPE-arrow"}]}
RESULT: undefined
COMMAND: POST /session/54b51d12ae76246c47a9cfd9839bf688/element - {"using":"xpath","value":"//*[@id=\"application-manageresources-display-component---newResourceUnit--TYPE-arrow\"]"}
RESULT: {"using":"xpath","value":"//*[@id=\"application-manageresources-display-component---newResourceUnit--TYPE-arrow\"]"}
COMMAND: POST /session/54b51d12ae76246c47a9cfd9839bf688/element/f.C3AA7480AC9969AD6A76FCDF8BFD3774.d.4DB7E2851794C18E0C49B4FAA7D348FF.e.12902/click - {}
RESULT: {}
COMMAND: POST /session/54b51d12ae76246c47a9cfd9839bf688/element - {"using":"xpath","value":"//input[@id=\"application-manageresources-display-component---newResourceUnit--TYPE-inner\"]"}
COMMAND: GET /session/54b51d12ae76246c47a9cfd9839bf688/screenshot - {}
RESULT: {"using":"xpath","value":"//input[@id=\"application-manageresources-display-component---newResourceUnit--TYPE-inner\"]"}
COMMAND: POST /session/54b51d12ae76246c47a9cfd9839bf688/element/f.C3AA7480AC9969AD6A76FCDF8BFD3774.d.4DB7E2851794C18E0C49B4FAA7D348FF.e.12887/clear - {}
RESULT: {}
RESULT: {}
COMMAND: POST /session/54b51d12ae76246c47a9cfd9839bf688/element/f.C3AA7480AC9969AD6A76FCDF8BFD3774.d.4DB7E2851794C18E0C49B4FAA7D348FF.e.12887/value - {"text":"Equipment"}
COMMAND: GET /session/54b51d12ae76246c47a9cfd9839bf688/screenshot - {}
RESULT: {"text":"Equipment"}
COMMAND: GET /session/54b51d12ae76246c47a9cfd9839bf688/screenshot - {}
RESULT: {}
RESULT: {}
COMMAND: POST /session/54b51d12ae76246c47a9cfd9839bf688/actions - {"actions":[{"id":"action45","type":"key","parameters":{},"actions":[{"type":"keyDown","value":"î€‡"},{"type":"pause","duration":10},{"type":"keyUp","value":"î€‡"}]}]}
RESULT: {"actions":[{"id":"action45","type":"key","parameters":{},"actions":[{"type":"keyDown","value":"î€‡"},{"type":"pause","duration":10},{"type":"keyUp","value":"î€‡"}]}]}
COMMAND: POST /session/54b51d12ae76246c47a9cfd9839bf688/execute/async - {"script":"<script> [1562 bytes]","args":[{"selector":{"id":"application-manageresources-display-component---newResourceUnit--resourceId","interaction":{"idSuffix":"inner"}},"wdio_ui5_key":"applicationmanageresources-display-component---newResourceUnit--resourceId"}]}
COMMAND: GET /session/54b51d12ae76246c47a9cfd9839bf688/screenshot - {}
RESULT: {"script":"<script> [1562 bytes]","args":[{"selector":{"id":"application-manageresources-display-component---newResourceUnit--resourceId","interaction":{"idSuffix":"inner"}},"wdio_ui5_key":"applicationmanageresources-display-component---newResourceUnit--resourceId"}]}
RESULT: undefined
COMMAND: POST /session/54b51d12ae76246c47a9cfd9839bf688/execute/async - {"script":"<script> [776 bytes]","args":[{"enterText":"nEyCauXdAP","selector":{"id":"application-manageresources-display-component---newResourceUnit--resourceId","interaction":{"idSuffix":"inner"}},"clearTextFirst":true,"interactionType":"ENTER_TEXT"}]}
RESULT: {}
RESULT: {"script":"<script> [776 bytes]","args":[{"enterText":"nEyCauXdAP","selector":{"id":"application-manageresources-display-component---newResourceUnit--resourceId","interaction":{"idSuffix":"inner"}},"clearTextFirst":true,"interactionType":"ENTER_TEXT"}]}
COMMAND: POST /session/54b51d12ae76246c47a9cfd9839bf688/execute/async - {"script":"<script> [1562 bytes]","args":[{"selector":{"id":"application-manageresources-display-component---newResourceUnit--SHORT_TEXT","interaction":{"idSuffix":"inner"}},"wdio_ui5_key":"applicationmanageresources-display-component---newResourceUnit--SHORT_TEXT"}]}
RESULT: {"script":"<script> [1562 bytes]","args":[{"selector":{"id":"application-manageresources-display-component---newResourceUnit--SHORT_TEXT","interaction":{"idSuffix":"inner"}},"wdio_ui5_key":"applicationmanageresources-display-component---newResourceUnit--SHORT_TEXT"}]}
RESULT: undefined
COMMAND: POST /session/54b51d12ae76246c47a9cfd9839bf688/execute/async - {"script":"<script> [776 bytes]","args":[{"enterText":"Intercompany Equipment WDIO","selector":{"id":"application-manageresources-display-component---newResourceUnit--SHORT_TEXT","interaction":{"idSuffix":"inner"}},"clearTextFirst":true,"interactionType":"ENTER_TEXT"}]}
RESULT: {"script":"<script> [776 bytes]","args":[{"enterText":"Intercompany Equipment WDIO","selector":{"id":"application-manageresources-display-component---newResourceUnit--SHORT_TEXT","interaction":{"idSuffix":"inner"}},"clearTextFirst":true,"interactionType":"ENTER_TEXT"}]}
COMMAND: POST /session/54b51d12ae76246c47a9cfd9839bf688/execute/async - {"script":"<script> [1562 bytes]","args":[{"selector":{"id":"application-manageresources-display-component---newResourceUnit--BASE_UNIT_OF_MEASURE","interaction":{"idSuffix":"inner"}},"wdio_ui5_key":"applicationmanageresources-display-component---newResourceUnit--BASE_UNIT_OF_MEASURE"}]}
RESULT: {"script":"<script> [1562 bytes]","args":[{"selector":{"id":"application-manageresources-display-component---newResourceUnit--BASE_UNIT_OF_MEASURE","interaction":{"idSuffix":"inner"}},"wdio_ui5_key":"applicationmanageresources-display-component---newResourceUnit--BASE_UNIT_OF_MEASURE"}]}
RESULT: undefined
COMMAND: POST /session/54b51d12ae76246c47a9cfd9839bf688/execute/async - {"script":"<script> [776 bytes]","args":[{"enterText":"Piece","selector":{"id":"application-manageresources-display-component---newResourceUnit--BASE_UNIT_OF_MEASURE","interaction":{"idSuffix":"inner"}},"clearTextFirst":true,"interactionType":"ENTER_TEXT"}]}
RESULT: {"script":"<script> [776 bytes]","args":[{"enterText":"Piece","selector":{"id":"application-manageresources-display-component---newResourceUnit--BASE_UNIT_OF_MEASURE","interaction":{"idSuffix":"inner"}},"clearTextFirst":true,"interactionType":"ENTER_TEXT"}]}
COMMAND: POST /session/54b51d12ae76246c47a9cfd9839bf688/execute/async - {"script":"<script> [1562 bytes]","args":[{"selector":{"id":"application-manageresources-display-component---newResourceUnit--WEIGHT_UNIT","interaction":{"idSuffix":"inner"}},"wdio_ui5_key":"applicationmanageresources-display-component---newResourceUnit--WEIGHT_UNIT"}]}
RESULT: {"script":"<script> [1562 bytes]","args":[{"selector":{"id":"application-manageresources-display-component---newResourceUnit--WEIGHT_UNIT","interaction":{"idSuffix":"inner"}},"wdio_ui5_key":"applicationmanageresources-display-component---newResourceUnit--WEIGHT_UNIT"}]}
RESULT: undefined
COMMAND: POST /session/54b51d12ae76246c47a9cfd9839bf688/execute/async - {"script":"<script> [776 bytes]","args":[{"enterText":"Gram","selector":{"id":"application-manageresources-display-component---newResourceUnit--WEIGHT_UNIT","interaction":{"idSuffix":"inner"}},"clearTextFirst":true,"interactionType":"ENTER_TEXT"}]}
RESULT: {"script":"<script> [776 bytes]","args":[{"enterText":"Gram","selector":{"id":"application-manageresources-display-component---newResourceUnit--WEIGHT_UNIT","interaction":{"idSuffix":"inner"}},"clearTextFirst":true,"interactionType":"ENTER_TEXT"}]}
COMMAND: POST /session/54b51d12ae76246c47a9cfd9839bf688/execute/async - {"script":"<script> [1562 bytes]","args":[{"selector":{"id":"application-manageresources-display-component---newResourceUnit--DIMENSION_UNIT","interaction":{"idSuffix":"inner"}},"wdio_ui5_key":"applicationmanageresources-display-component---newResourceUnit--DIMENSION_UNIT"}]}
RESULT: {"script":"<script> [1562 bytes]","args":[{"selector":{"id":"application-manageresources-display-component---newResourceUnit--DIMENSION_UNIT","interaction":{"idSuffix":"inner"}},"wdio_ui5_key":"applicationmanageresources-display-component---newResourceUnit--DIMENSION_UNIT"}]}
RESULT: undefined
COMMAND: POST /session/54b51d12ae76246c47a9cfd9839bf688/execute/async - {"script":"<script> [776 bytes]","args":[{"enterText":"Meter","selector":{"id":"application-manageresources-display-component---newResourceUnit--DIMENSION_UNIT","interaction":{"idSuffix":"inner"}},"clearTextFirst":true,"interactionType":"ENTER_TEXT"}]}
RESULT: {"script":"<script> [776 bytes]","args":[{"enterText":"Meter","selector":{"id":"application-manageresources-display-component---newResourceUnit--DIMENSION_UNIT","interaction":{"idSuffix":"inner"}},"clearTextFirst":true,"interactionType":"ENTER_TEXT"}]}
COMMAND: POST /session/54b51d12ae76246c47a9cfd9839bf688/execute/async - {"script":"<script> [1562 bytes]","args":[{"selector":{"id":"application-manageresources-display-component---newResourceUnit--newRRUPage-anchBar-application-manageresources-display-component---newResourceUnit--control-anchor","interaction":{"idSuffix":"BDI-content"}},"wdio_ui5_key":"applicationmanageresources-display-component---newResourceUnit--newRRUPage-anchBar-application-manageresources-display-component---newResourceUnit--control-anchor"}]}
RESULT: {"script":"<script> [1562 bytes]","args":[{"selector":{"id":"application-manageresources-display-component---newResourceUnit--newRRUPage-anchBar-application-manageresources-display-component---newResourceUnit--control-anchor","interaction":{"idSuffix":"BDI-content"}},"wdio_ui5_key":"applicationmanageresources-display-component---newResourceUnit--newRRUPage-anchBar-application-manageresources-display-component---newResourceUnit--control-anchor"}]}
RESULT: undefined
COMMAND: POST /session/54b51d12ae76246c47a9cfd9839bf688/element - {"using":"xpath","value":"//*[@id=\"application-manageresources-display-component---newResourceUnit--newRRUPage-anchBar-application-manageresources-display-component---newResourceUnit--control-anchor\"]"}
RESULT: {"using":"xpath","value":"//*[@id=\"application-manageresources-display-component---newResourceUnit--newRRUPage-anchBar-application-manageresources-display-component---newResourceUnit--control-anchor\"]"}
COMMAND: POST /session/54b51d12ae76246c47a9cfd9839bf688/element/f.C3AA7480AC9969AD6A76FCDF8BFD3774.d.4DB7E2851794C18E0C49B4FAA7D348FF.e.13061/click - {}
RESULT: {}
COMMAND: POST /session/54b51d12ae76246c47a9cfd9839bf688/execute/async - {"script":"<script> [1562 bytes]","args":[{"selector":{"id":"application-manageresources-display-component---newResourceUnit--PLANNING_GROUP","interaction":{"idSuffix":"inner"}},"wdio_ui5_key":"applicationmanageresources-display-component---newResourceUnit--PLANNING_GROUP"}]}
COMMAND: GET /session/54b51d12ae76246c47a9cfd9839bf688/screenshot - {}
RESULT: {"script":"<script> [1562 bytes]","args":[{"selector":{"id":"application-manageresources-display-component---newResourceUnit--PLANNING_GROUP","interaction":{"idSuffix":"inner"}},"wdio_ui5_key":"applicationmanageresources-display-component---newResourceUnit--PLANNING_GROUP"}]}
RESULT: undefined
COMMAND: POST /session/54b51d12ae76246c47a9cfd9839bf688/execute/async - {"script":"<script> [776 bytes]","args":[{"enterText":"Heavy Equi","selector":{"id":"application-manageresources-display-component---newResourceUnit--PLANNING_GROUP","interaction":{"idSuffix":"inner"}},"clearTextFirst":true,"interactionType":"ENTER_TEXT"}]}
RESULT: {}
RESULT: {"script":"<script> [776 bytes]","args":[{"enterText":"Heavy Equi","selector":{"id":"application-manageresources-display-component---newResourceUnit--PLANNING_GROUP","interaction":{"idSuffix":"inner"}},"clearTextFirst":true,"interactionType":"ENTER_TEXT"}]}
COMMAND: POST /session/54b51d12ae76246c47a9cfd9839bf688/execute/async - {"script":"<script> [1562 bytes]","args":[{"selector":{"id":"application-manageresources-display-component---newResourceUnit--ITEM_TYPE-arrow"},"wdio_ui5_key":"applicationmanageresources-display-component---newResourceUnit--ITEM_TYPE-arrow"}]}
RESULT: {"script":"<script> [1562 bytes]","args":[{"selector":{"id":"application-manageresources-display-component---newResourceUnit--ITEM_TYPE-arrow"},"wdio_ui5_key":"applicationmanageresources-display-component---newResourceUnit--ITEM_TYPE-arrow"}]}
RESULT: undefined
COMMAND: POST /session/54b51d12ae76246c47a9cfd9839bf688/element - {"using":"xpath","value":"//*[@id=\"application-manageresources-display-component---newResourceUnit--ITEM_TYPE-arrow\"]"}
RESULT: {"using":"xpath","value":"//*[@id=\"application-manageresources-display-component---newResourceUnit--ITEM_TYPE-arrow\"]"}
COMMAND: POST /session/54b51d12ae76246c47a9cfd9839bf688/element/f.C3AA7480AC9969AD6A76FCDF8BFD3774.d.4DB7E2851794C18E0C49B4FAA7D348FF.e.13068/click - {}
RESULT: {}
COMMAND: POST /session/54b51d12ae76246c47a9cfd9839bf688/element - {"using":"xpath","value":"//ul[contains(@id,\"ITEM_TYPE-popup-list-listUl\")]//li[.//span[contains(text(),\"Resource Unit\")]]"}
COMMAND: GET /session/54b51d12ae76246c47a9cfd9839bf688/screenshot - {}
RESULT: {"using":"xpath","value":"//ul[contains(@id,\"ITEM_TYPE-popup-list-listUl\")]//li[.//span[contains(text(),\"Resource Unit\")]]"}
COMMAND: POST /session/54b51d12ae76246c47a9cfd9839bf688/element/f.C3AA7480AC9969AD6A76FCDF8BFD3774.d.4DB7E2851794C18E0C49B4FAA7D348FF.e.13069/click - {}
RESULT: {}
RESULT: {}
COMMAND: GET /session/54b51d12ae76246c47a9cfd9839bf688/screenshot - {}
RESULT: {}
COMMAND: POST /session/54b51d12ae76246c47a9cfd9839bf688/element - {"using":"css selector","value":"#application-manageresources-display-component---newResourceUnit--btnAddTimeSegment"}
RESULT: {"using":"css selector","value":"#application-manageresources-display-component---newResourceUnit--btnAddTimeSegment"}
COMMAND: GET /session/54b51d12ae76246c47a9cfd9839bf688/element/f.C3AA7480AC9969AD6A76FCDF8BFD3774.d.4DB7E2851794C18E0C49B4FAA7D348FF.e.13076/rect - {}
RESULT: {}
COMMAND: GET /session/54b51d12ae76246c47a9cfd9839bf688/window/rect - {}
RESULT: {}
COMMAND: POST /session/54b51d12ae76246c47a9cfd9839bf688/execute/sync - {"script":"<script> [92 bytes]","args":[]}
RESULT: {"script":"<script> [92 bytes]","args":[]}
COMMAND: POST /session/54b51d12ae76246c47a9cfd9839bf688/actions - {"actions":[{"id":"action46","type":"wheel","parameters":{},"actions":[{"type":"scroll","x":-1888,"y":-32,"deltaX":0,"deltaY":0,"duration":0,"origin":{"element-6066-11e4-a52e-4f735466cecf":"f.C3AA7480AC9969AD6A76FCDF8BFD3774.d.4DB7E2851794C18E0C49B4FAA7D348FF.e.13076"}}]}]}
COMMAND: GET /session/54b51d12ae76246c47a9cfd9839bf688/screenshot - {}
RESULT: {}
COMMAND: POST /session/54b51d12ae76246c47a9cfd9839bf688/execute/sync - {"script":"<script> [79 bytes]","args":[{"element-6066-11e4-a52e-4f735466cecf":"f.C3AA7480AC9969AD6A76FCDF8BFD3774.d.4DB7E2851794C18E0C49B4FAA7D348FF.e.13076","ELEMENT":"f.C3AA7480AC9969AD6A76FCDF8BFD3774.d.4DB7E2851794C18E0C49B4FAA7D348FF.e.13076"},{"block":"start","inline":"nearest"}]}
RESULT: {"script":"<script> [79 bytes]","args":[{"element-6066-11e4-a52e-4f735466cecf":"f.C3AA7480AC9969AD6A76FCDF8BFD3774.d.4DB7E2851794C18E0C49B4FAA7D348FF.e.13076","ELEMENT":"f.C3AA7480AC9969AD6A76FCDF8BFD3774.d.4DB7E2851794C18E0C49B4FAA7D348FF.e.13076"},{"block":"start","inline":"nearest"}]}
COMMAND: POST /session/54b51d12ae76246c47a9cfd9839bf688/execute/async - {"script":"<script> [1562 bytes]","args":[{"selector":{"id":"application-manageresources-display-component---newResourceUnit--btnAddTimeSegment","interaction":{"idSuffix":"inner"}},"wdio_ui5_key":"applicationmanageresources-display-component---newResourceUnit--btnAddTimeSegment"}]}
COMMAND: GET /session/54b51d12ae76246c47a9cfd9839bf688/screenshot - {}
RESULT: {"script":"<script> [1562 bytes]","args":[{"selector":{"id":"application-manageresources-display-component---newResourceUnit--btnAddTimeSegment","interaction":{"idSuffix":"inner"}},"wdio_ui5_key":"applicationmanageresources-display-component---newResourceUnit--btnAddTimeSegment"}]}
RESULT: undefined
COMMAND: POST /session/54b51d12ae76246c47a9cfd9839bf688/element - {"using":"xpath","value":"//*[@id=\"application-manageresources-display-component---newResourceUnit--btnAddTimeSegment\"]"}
RESULT: {}
RESULT: {"using":"xpath","value":"//*[@id=\"application-manageresources-display-component---newResourceUnit--btnAddTimeSegment\"]"}
COMMAND: POST /session/54b51d12ae76246c47a9cfd9839bf688/element/f.C3AA7480AC9969AD6A76FCDF8BFD3774.d.4DB7E2851794C18E0C49B4FAA7D348FF.e.13076/click - {}
RESULT: {}
COMMAND: GET /session/54b51d12ae76246c47a9cfd9839bf688/screenshot - {}
RESULT: {}
COMMAND: POST /session/54b51d12ae76246c47a9cfd9839bf688/element - {"using":"xpath","value":"//input[@id=\"application-manageresources-display-component---newResourceUnit--idRuTSAdmin-application-manageresources-display-component---newResourceUnit--RUTimeSegment-0-inner\"]"}
RESULT: {"using":"xpath","value":"//input[@id=\"application-manageresources-display-component---newResourceUnit--idRuTSAdmin-application-manageresources-display-component---newResourceUnit--RUTimeSegment-0-inner\"]"}
COMMAND: POST /session/54b51d12ae76246c47a9cfd9839bf688/element/f.C3AA7480AC9969AD6A76FCDF8BFD3774.d.4DB7E2851794C18E0C49B4FAA7D348FF.e.13082/clear - {}
RESULT: {}
COMMAND: POST /session/54b51d12ae76246c47a9cfd9839bf688/element/f.C3AA7480AC9969AD6A76FCDF8BFD3774.d.4DB7E2851794C18E0C49B4FAA7D348FF.e.13082/value - {"text":"602"}
COMMAND: GET /session/54b51d12ae76246c47a9cfd9839bf688/screenshot - {}
RESULT: {"text":"602"}
COMMAND: GET /session/54b51d12ae76246c47a9cfd9839bf688/screenshot - {}
RESULT: {}
RESULT: {}
COMMAND: POST /session/54b51d12ae76246c47a9cfd9839bf688/element - {"using":"xpath","value":"//li[.//span[text()='602']]"}
RESULT: {"using":"xpath","value":"//li[.//span[text()='602']]"}
COMMAND: POST /session/54b51d12ae76246c47a9cfd9839bf688/element/f.C3AA7480AC9969AD6A76FCDF8BFD3774.d.4DB7E2851794C18E0C49B4FAA7D348FF.e.13097/click - {}
RESULT: {}
COMMAND: GET /session/54b51d12ae76246c47a9cfd9839bf688/screenshot - {}
RESULT: {}
COMMAND: POST /session/54b51d12ae76246c47a9cfd9839bf688/element - {"using":"xpath","value":"(//span[contains(@id, \"-application-manageresources-display-component---newResourceUnit--RUTimeSegment-0-arrow\")])[6]"}
RESULT: {"using":"xpath","value":"(//span[contains(@id, \"-application-manageresources-display-component---newResourceUnit--RUTimeSegment-0-arrow\")])[6]"}
COMMAND: POST /session/54b51d12ae76246c47a9cfd9839bf688/element/f.C3AA7480AC9969AD6A76FCDF8BFD3774.d.4DB7E2851794C18E0C49B4FAA7D348FF.e.13098/click - {}
RESULT: {}
COMMAND: GET /session/54b51d12ae76246c47a9cfd9839bf688/screenshot - {}
RESULT: {}
COMMAND: POST /session/54b51d12ae76246c47a9cfd9839bf688/element - {"using":"xpath","value":"//span[contains(text(), \"PM Order\")]"}
RESULT: {"using":"xpath","value":"//span[contains(text(), \"PM Order\")]"}
COMMAND: POST /session/54b51d12ae76246c47a9cfd9839bf688/element/f.C3AA7480AC9969AD6A76FCDF8BFD3774.d.4DB7E2851794C18E0C49B4FAA7D348FF.e.13101/click - {}
RESULT: {}
COMMAND: GET /session/54b51d12ae76246c47a9cfd9839bf688/screenshot - {}
RESULT: {}
COMMAND: POST /session/54b51d12ae76246c47a9cfd9839bf688/element - {"using":"xpath","value":"(//span[contains(@id ,\"manageresources-display-component---newResourceUnit--RUTimeSegment-0-vhi\")])[1]"}
RESULT: {"using":"xpath","value":"(//span[contains(@id ,\"manageresources-display-component---newResourceUnit--RUTimeSegment-0-vhi\")])[1]"}
COMMAND: GET /session/54b51d12ae76246c47a9cfd9839bf688/element/f.C3AA7480AC9969AD6A76FCDF8BFD3774.d.4DB7E2851794C18E0C49B4FAA7D348FF.e.13105/rect - {}
RESULT: {}
COMMAND: GET /session/54b51d12ae76246c47a9cfd9839bf688/window/rect - {}
RESULT: {}
COMMAND: POST /session/54b51d12ae76246c47a9cfd9839bf688/execute/sync - {"script":"<script> [92 bytes]","args":[]}
RESULT: {"script":"<script> [92 bytes]","args":[]}
COMMAND: POST /session/54b51d12ae76246c47a9cfd9839bf688/actions - {"actions":[{"id":"action47","type":"wheel","parameters":{},"actions":[{"type":"scroll","x":-869,"y":-24,"deltaX":0,"deltaY":0,"duration":0,"origin":{"element-6066-11e4-a52e-4f735466cecf":"f.C3AA7480AC9969AD6A76FCDF8BFD3774.d.4DB7E2851794C18E0C49B4FAA7D348FF.e.13105"}}]}]}
COMMAND: GET /session/54b51d12ae76246c47a9cfd9839bf688/screenshot - {}
RESULT: {"actions":[{"id":"action47","type":"wheel","parameters":{},"actions":[{"type":"scroll","x":-869,"y":-24,"deltaX":0,"deltaY":0,"duration":0,"origin":{"element-6066-11e4-a52e-4f735466cecf":"f.C3AA7480AC9969AD6A76FCDF8BFD3774.d.4DB7E2851794C18E0C49B4FAA7D348FF.e.13105"}}]}]}
COMMAND: DELETE /session/54b51d12ae76246c47a9cfd9839bf688/actions - {}
COMMAND: GET /session/54b51d12ae76246c47a9cfd9839bf688/screenshot - {}
RESULT: {}
RESULT: {}
COMMAND: GET /session/54b51d12ae76246c47a9cfd9839bf688/screenshot - {}
RESULT: {}
RESULT: {}
COMMAND: POST /session/54b51d12ae76246c47a9cfd9839bf688/element/f.C3AA7480AC9969AD6A76FCDF8BFD3774.d.4DB7E2851794C18E0C49B4FAA7D348FF.e.13105/click - {}
RESULT: {}
COMMAND: GET /session/54b51d12ae76246c47a9cfd9839bf688/screenshot - {}
RESULT: {}
COMMAND: POST /session/54b51d12ae76246c47a9cfd9839bf688/execute/async - {"script":"<script> [1562 bytes]","args":[{"selector":{"controlType":"sap.m.SearchField","properties":{"placeholder":"Search"},"searchOpenDialogs":true,"interaction":{"idSuffix":"I"}},"wdio_ui5_key":"sapm.SearchField{\"placeholder\":\"Search\"}"}]}
RESULT: {"script":"<script> [1562 bytes]","args":[{"selector":{"controlType":"sap.m.SearchField","properties":{"placeholder":"Search"},"searchOpenDialogs":true,"interaction":{"idSuffix":"I"}},"wdio_ui5_key":"sapm.SearchField{\"placeholder\":\"Search\"}"}]}
RESULT: undefined
COMMAND: POST /session/54b51d12ae76246c47a9cfd9839bf688/execute/async - {"script":"<script> [776 bytes]","args":[{"enterText":"4000360","selector":{"controlType":"sap.m.SearchField","properties":{"placeholder":"Search"},"searchOpenDialogs":true,"interaction":{"idSuffix":"I"}},"clearTextFirst":true,"interactionType":"ENTER_TEXT"}]}
RESULT: {"script":"<script> [776 bytes]","args":[{"enterText":"4000360","selector":{"controlType":"sap.m.SearchField","properties":{"placeholder":"Search"},"searchOpenDialogs":true,"interaction":{"idSuffix":"I"}},"clearTextFirst":true,"interactionType":"ENTER_TEXT"}]}
COMMAND: POST /session/54b51d12ae76246c47a9cfd9839bf688/actions - {"actions":[{"id":"action48","type":"key","parameters":{},"actions":[{"type":"keyDown","value":"î€‡"},{"type":"pause","duration":10},{"type":"keyUp","value":"î€‡"}]}]}
RESULT: {"actions":[{"id":"action48","type":"key","parameters":{},"actions":[{"type":"keyDown","value":"î€‡"},{"type":"pause","duration":10},{"type":"keyUp","value":"î€‡"}]}]}
COMMAND: GET /session/54b51d12ae76246c47a9cfd9839bf688/screenshot - {}
RESULT: {}
COMMAND: POST /session/54b51d12ae76246c47a9cfd9839bf688/element - {"using":"xpath","value":"//td/div/span[contains(text(), \"BGL Vehicles\")]"}
RESULT: {"using":"xpath","value":"//td/div/span[contains(text(), \"BGL Vehicles\")]"}
COMMAND: POST /session/54b51d12ae76246c47a9cfd9839bf688/element/f.C3AA7480AC9969AD6A76FCDF8BFD3774.d.4DB7E2851794C18E0C49B4FAA7D348FF.e.13126/click - {}
RESULT: {}
COMMAND: GET /session/54b51d12ae76246c47a9cfd9839bf688/screenshot - {}
RESULT: {}
COMMAND: POST /session/54b51d12ae76246c47a9cfd9839bf688/element - {"using":"xpath","value":"//bdi[contains(text(), \"OK\")]"}
RESULT: {"using":"xpath","value":"//bdi[contains(text(), \"OK\")]"}
COMMAND: POST /session/54b51d12ae76246c47a9cfd9839bf688/element/f.C3AA7480AC9969AD6A76FCDF8BFD3774.d.4DB7E2851794C18E0C49B4FAA7D348FF.e.13127/click - {}
RESULT: {}
COMMAND: GET /session/54b51d12ae76246c47a9cfd9839bf688/screenshot - {}
RESULT: {}
COMMAND: POST /session/54b51d12ae76246c47a9cfd9839bf688/execute/async - {"script":"<script> [1562 bytes]","args":[{"selector":{"id":"application-manageresources-display-component---newResourceUnit--newRRUPage-anchBar-application-manageresources-display-component---newResourceUnit--resource-anchor","interaction":{"idSuffix":"BDI-content"}},"wdio_ui5_key":"applicationmanageresources-display-component---newResourceUnit--newRRUPage-anchBar-application-manageresources-display-component---newResourceUnit--resource-anchor"}]}
RESULT: {"script":"<script> [1562 bytes]","args":[{"selector":{"id":"application-manageresources-display-component---newResourceUnit--newRRUPage-anchBar-application-manageresources-display-component---newResourceUnit--resource-anchor","interaction":{"idSuffix":"BDI-content"}},"wdio_ui5_key":"applicationmanageresources-display-component---newResourceUnit--newRRUPage-anchBar-application-manageresources-display-component---newResourceUnit--resource-anchor"}]}
RESULT: undefined
COMMAND: POST /session/54b51d12ae76246c47a9cfd9839bf688/element - {"using":"xpath","value":"//*[@id=\"application-manageresources-display-component---newResourceUnit--newRRUPage-anchBar-application-manageresources-display-component---newResourceUnit--resource-anchor\"]"}
RESULT: {"using":"xpath","value":"//*[@id=\"application-manageresources-display-component---newResourceUnit--newRRUPage-anchBar-application-manageresources-display-component---newResourceUnit--resource-anchor\"]"}
COMMAND: POST /session/54b51d12ae76246c47a9cfd9839bf688/element/f.C3AA7480AC9969AD6A76FCDF8BFD3774.d.4DB7E2851794C18E0C49B4FAA7D348FF.e.13131/click - {}
RESULT: {}
COMMAND: POST /session/54b51d12ae76246c47a9cfd9839bf688/execute/async - {"script":"<script> [1562 bytes]","args":[{"selector":{"id":"application-manageresources-display-component---newResourceUnit--PLANNED_DELIVERY_DATE","interaction":{"idSuffix":"inner"}},"wdio_ui5_key":"applicationmanageresources-display-component---newResourceUnit--PLANNED_DELIVERY_DATE"}]}
COMMAND: GET /session/54b51d12ae76246c47a9cfd9839bf688/screenshot - {}
RESULT: {"script":"<script> [1562 bytes]","args":[{"selector":{"id":"application-manageresources-display-component---newResourceUnit--PLANNED_DELIVERY_DATE","interaction":{"idSuffix":"inner"}},"wdio_ui5_key":"applicationmanageresources-display-component---newResourceUnit--PLANNED_DELIVERY_DATE"}]}
RESULT: undefined
COMMAND: POST /session/54b51d12ae76246c47a9cfd9839bf688/execute/async - {"script":"<script> [6424 bytes]","args":[{"element-6066-11e4-a52e-4f735466cecf":"f.C3AA7480AC9969AD6A76FCDF8BFD3774.d.4DB7E2851794C18E0C49B4FAA7D348FF.e.12960"},"setValue",["6/2/25"]]}
RESULT: {}
RESULT: {"script":"<script> [6424 bytes]","args":[{"element-6066-11e4-a52e-4f735466cecf":"f.C3AA7480AC9969AD6A76FCDF8BFD3774.d.4DB7E2851794C18E0C49B4FAA7D348FF.e.12960"},"setValue",["6/2/25"]]}
COMMAND: POST /session/54b51d12ae76246c47a9cfd9839bf688/element - {"using":"xpath","value":"//label[contains(@class, 'sapMLabelRequired') and .//bdi[contains(text(), 'Planned Retirement')]]"}
RESULT: {"using":"xpath","value":"//label[contains(@class, 'sapMLabelRequired') and .//bdi[contains(text(), 'Planned Retirement')]]"}
COMMAND: POST /session/54b51d12ae76246c47a9cfd9839bf688/elements - {"using":"xpath","value":"//label[contains(@class, 'sapMLabelRequired') and .//bdi[contains(text(), 'Planned Retirement')]]"}
RESULT: {"using":"xpath","value":"//label[contains(@class, 'sapMLabelRequired') and .//bdi[contains(text(), 'Planned Retirement')]]"}
COMMAND: POST /session/54b51d12ae76246c47a9cfd9839bf688/element - {"using":"xpath","value":"//button[@data-kt=\"resourceUnitSaveButton\"]"}
RESULT: {"using":"xpath","value":"//button[@data-kt=\"resourceUnitSaveButton\"]"}
COMMAND: POST /session/54b51d12ae76246c47a9cfd9839bf688/element/f.C3AA7480AC9969AD6A76FCDF8BFD3774.d.4DB7E2851794C18E0C49B4FAA7D348FF.e.12919/click - {}
RESULT: {}
COMMAND: GET /session/54b51d12ae76246c47a9cfd9839bf688/screenshot - {}
RESULT: {}
COMMAND: POST /session/54b51d12ae76246c47a9cfd9839bf688/element - {"using":"xpath","value":"//bdi[contains(text(), \"Close\")]"}
RESULT: {"using":"xpath","value":"//bdi[contains(text(), \"Close\")]"}
COMMAND: POST /session/54b51d12ae76246c47a9cfd9839bf688/element/f.C3AA7480AC9969AD6A76FCDF8BFD3774.d.4DB7E2851794C18E0C49B4FAA7D348FF.e.13139/click - {}
RESULT: {}
COMMAND: GET /session/54b51d12ae76246c47a9cfd9839bf688/screenshot - {}
RESULT: {}
COMMAND: POST /session/54b51d12ae76246c47a9cfd9839bf688/element - {"using":"xpath","value":"(//button[contains(@id ,\"actionsToolbar-overflowButton\")])[1]"}
RESULT: {"using":"xpath","value":"(//button[contains(@id ,\"actionsToolbar-overflowButton\")])[1]"}
COMMAND: POST /session/54b51d12ae76246c47a9cfd9839bf688/element/f.C3AA7480AC9969AD6A76FCDF8BFD3774.d.4DB7E2851794C18E0C49B4FAA7D348FF.e.13195/click - {}
RESULT: {}
COMMAND: GET /session/54b51d12ae76246c47a9cfd9839bf688/screenshot - {}
RESULT: {}
COMMAND: POST /session/54b51d12ae76246c47a9cfd9839bf688/element - {"using":"xpath","value":"//button[@data-kt=\"priceInfoButton\"]"}
RESULT: {"using":"xpath","value":"//button[@data-kt=\"priceInfoButton\"]"}
COMMAND: POST /session/54b51d12ae76246c47a9cfd9839bf688/element/f.C3AA7480AC9969AD6A76FCDF8BFD3774.d.4DB7E2851794C18E0C49B4FAA7D348FF.e.13197/click - {}
RESULT: {}
COMMAND: GET /session/54b51d12ae76246c47a9cfd9839bf688/screenshot - {}
RESULT: {}
]]></system-out>
    </testcase>
    <testcase classname="chrome.136_0_7103_93.windows.Create_Reverse_Billing_US127248" name="Should create a pricing procedure" time="51.463">
      <system-out><![CDATA[
COMMAND: POST /session/54b51d12ae76246c47a9cfd9839bf688/element - {"using":"xpath","value":"//button[@data-kt=\"addButton\"]"}
RESULT: {"using":"xpath","value":"//button[@data-kt=\"addButton\"]"}
COMMAND: POST /session/54b51d12ae76246c47a9cfd9839bf688/elements - {"using":"xpath","value":"//button[@data-kt=\"addButton\"]"}
RESULT: {"using":"xpath","value":"//button[@data-kt=\"addButton\"]"}
COMMAND: POST /session/54b51d12ae76246c47a9cfd9839bf688/elements - {"using":"xpath","value":"//button[@data-kt=\"addButton\"]"}
RESULT: {"using":"xpath","value":"//button[@data-kt=\"addButton\"]"}
COMMAND: POST /session/54b51d12ae76246c47a9cfd9839bf688/element - {"using":"xpath","value":"//button[@data-kt=\"addButton\"]"}
RESULT: {"using":"xpath","value":"//button[@data-kt=\"addButton\"]"}
COMMAND: POST /session/54b51d12ae76246c47a9cfd9839bf688/execute/sync - {"script":"<script> [8489 bytes]","args":[{"element-6066-11e4-a52e-4f735466cecf":"f.C3AA7480AC9969AD6A76FCDF8BFD3774.d.4DB7E2851794C18E0C49B4FAA7D348FF.e.13233","ELEMENT":"f.C3AA7480AC9969AD6A76FCDF8BFD3774.d.4DB7E2851794C18E0C49B4FAA7D348FF.e.13233"}]}
RESULT: {"script":"<script> [8489 bytes]","args":[{"element-6066-11e4-a52e-4f735466cecf":"f.C3AA7480AC9969AD6A76FCDF8BFD3774.d.4DB7E2851794C18E0C49B4FAA7D348FF.e.13233","ELEMENT":"f.C3AA7480AC9969AD6A76FCDF8BFD3774.d.4DB7E2851794C18E0C49B4FAA7D348FF.e.13233"}]}
COMMAND: GET /session/54b51d12ae76246c47a9cfd9839bf688/element/f.C3AA7480AC9969AD6A76FCDF8BFD3774.d.4DB7E2851794C18E0C49B4FAA7D348FF.e.13233/enabled - {}
COMMAND: GET /session/54b51d12ae76246c47a9cfd9839bf688/screenshot - {}
RESULT: {}
COMMAND: POST /session/54b51d12ae76246c47a9cfd9839bf688/execute/sync - {"script":"<script> [8489 bytes]","args":[{"element-6066-11e4-a52e-4f735466cecf":"f.C3AA7480AC9969AD6A76FCDF8BFD3774.d.4DB7E2851794C18E0C49B4FAA7D348FF.e.13233","ELEMENT":"f.C3AA7480AC9969AD6A76FCDF8BFD3774.d.4DB7E2851794C18E0C49B4FAA7D348FF.e.13233"}]}
COMMAND: GET /session/54b51d12ae76246c47a9cfd9839bf688/screenshot - {}
RESULT: {}
RESULT: {"script":"<script> [8489 bytes]","args":[{"element-6066-11e4-a52e-4f735466cecf":"f.C3AA7480AC9969AD6A76FCDF8BFD3774.d.4DB7E2851794C18E0C49B4FAA7D348FF.e.13233","ELEMENT":"f.C3AA7480AC9969AD6A76FCDF8BFD3774.d.4DB7E2851794C18E0C49B4FAA7D348FF.e.13233"}]}
COMMAND: POST /session/54b51d12ae76246c47a9cfd9839bf688/execute/sync - {"script":"<script> [5351 bytes]","args":[{"element-6066-11e4-a52e-4f735466cecf":"f.C3AA7480AC9969AD6A76FCDF8BFD3774.d.4DB7E2851794C18E0C49B4FAA7D348FF.e.13233","ELEMENT":"f.C3AA7480AC9969AD6A76FCDF8BFD3774.d.4DB7E2851794C18E0C49B4FAA7D348FF.e.13233"}]}
COMMAND: GET /session/54b51d12ae76246c47a9cfd9839bf688/screenshot - {}
RESULT: {}
RESULT: {"script":"<script> [5351 bytes]","args":[{"element-6066-11e4-a52e-4f735466cecf":"f.C3AA7480AC9969AD6A76FCDF8BFD3774.d.4DB7E2851794C18E0C49B4FAA7D348FF.e.13233","ELEMENT":"f.C3AA7480AC9969AD6A76FCDF8BFD3774.d.4DB7E2851794C18E0C49B4FAA7D348FF.e.13233"}]}
COMMAND: POST /session/54b51d12ae76246c47a9cfd9839bf688/element/f.C3AA7480AC9969AD6A76FCDF8BFD3774.d.4DB7E2851794C18E0C49B4FAA7D348FF.e.13233/click - {}
COMMAND: GET /session/54b51d12ae76246c47a9cfd9839bf688/screenshot - {}
RESULT: {}
RESULT: {}
COMMAND: GET /session/54b51d12ae76246c47a9cfd9839bf688/screenshot - {}
RESULT: {}
RESULT: {}
COMMAND: POST /session/54b51d12ae76246c47a9cfd9839bf688/execute/async - {"script":"<script> [1562 bytes]","args":[{"selector":{"controlType":"sap.m.Title","viewName":"etm.portal.ui.managepricingrules.view.NewItem","viewId":"application-managepricingrules-display-component---newInfoPriceItem","properties":{"text":"New Pricing Rules - Item Level"}},"wdio_ui5_key":"etmportal.ui.managepricingrules.view.NewItemsap.m.Title{\"text\":\"New Pricing Rules - Item Level\"}"}]}
RESULT: {"script":"<script> [1562 bytes]","args":[{"selector":{"controlType":"sap.m.Title","viewName":"etm.portal.ui.managepricingrules.view.NewItem","viewId":"application-managepricingrules-display-component---newInfoPriceItem","properties":{"text":"New Pricing Rules - Item Level"}},"wdio_ui5_key":"etmportal.ui.managepricingrules.view.NewItemsap.m.Title{\"text\":\"New Pricing Rules - Item Level\"}"}]}
RESULT: undefined
COMMAND: POST /session/54b51d12ae76246c47a9cfd9839bf688/execute/async - {"script":"<script> [6424 bytes]","args":[{"element-6066-11e4-a52e-4f735466cecf":"f.C3AA7480AC9969AD6A76FCDF8BFD3774.d.4DB7E2851794C18E0C49B4FAA7D348FF.e.13405"},"getText",[]]}
RESULT: {"script":"<script> [6424 bytes]","args":[{"element-6066-11e4-a52e-4f735466cecf":"f.C3AA7480AC9969AD6A76FCDF8BFD3774.d.4DB7E2851794C18E0C49B4FAA7D348FF.e.13405"},"getText",[]]}
COMMAND: POST /session/54b51d12ae76246c47a9cfd9839bf688/execute/async - {"script":"<script> [1562 bytes]","args":[{"selector":{"id":"application-managepricingrules-display-component---newInfoPriceItem--condValidTo","interaction":{"idSuffix":"inner"}},"wdio_ui5_key":"applicationmanagepricingrules-display-component---newInfoPriceItem--condValidTo"}]}
RESULT: {"script":"<script> [1562 bytes]","args":[{"selector":{"id":"application-managepricingrules-display-component---newInfoPriceItem--condValidTo","interaction":{"idSuffix":"inner"}},"wdio_ui5_key":"applicationmanagepricingrules-display-component---newInfoPriceItem--condValidTo"}]}
RESULT: undefined
COMMAND: POST /session/54b51d12ae76246c47a9cfd9839bf688/execute/async - {"script":"<script> [776 bytes]","args":[{"enterText":"2/2/26","selector":{"id":"application-managepricingrules-display-component---newInfoPriceItem--condValidTo","interaction":{"idSuffix":"inner"}},"clearTextFirst":true,"interactionType":"ENTER_TEXT"}]}
RESULT: {"script":"<script> [776 bytes]","args":[{"enterText":"2/2/26","selector":{"id":"application-managepricingrules-display-component---newInfoPriceItem--condValidTo","interaction":{"idSuffix":"inner"}},"clearTextFirst":true,"interactionType":"ENTER_TEXT"}]}
COMMAND: POST /session/54b51d12ae76246c47a9cfd9839bf688/execute/async - {"script":"<script> [1562 bytes]","args":[{"selector":{"id":"application-managepricingrules-display-component---newInfoPriceItem--billType-arrow"},"wdio_ui5_key":"applicationmanagepricingrules-display-component---newInfoPriceItem--billType-arrow"}]}
RESULT: {"script":"<script> [1562 bytes]","args":[{"selector":{"id":"application-managepricingrules-display-component---newInfoPriceItem--billType-arrow"},"wdio_ui5_key":"applicationmanagepricingrules-display-component---newInfoPriceItem--billType-arrow"}]}
RESULT: undefined
COMMAND: POST /session/54b51d12ae76246c47a9cfd9839bf688/element - {"using":"xpath","value":"//*[@id=\"application-managepricingrules-display-component---newInfoPriceItem--billType-arrow\"]"}
RESULT: {"using":"xpath","value":"//*[@id=\"application-managepricingrules-display-component---newInfoPriceItem--billType-arrow\"]"}
COMMAND: POST /session/54b51d12ae76246c47a9cfd9839bf688/element/f.C3AA7480AC9969AD6A76FCDF8BFD3774.d.4DB7E2851794C18E0C49B4FAA7D348FF.e.13365/click - {}
RESULT: {}
COMMAND: POST /session/54b51d12ae76246c47a9cfd9839bf688/element - {"using":"xpath","value":"//span[contains(text(), \"TB - Time based\")]"}
COMMAND: GET /session/54b51d12ae76246c47a9cfd9839bf688/screenshot - {}
RESULT: {"using":"xpath","value":"//span[contains(text(), \"TB - Time based\")]"}
COMMAND: POST /session/54b51d12ae76246c47a9cfd9839bf688/element/f.C3AA7480AC9969AD6A76FCDF8BFD3774.d.4DB7E2851794C18E0C49B4FAA7D348FF.e.13407/click - {}
RESULT: {}
RESULT: {}
COMMAND: POST /session/54b51d12ae76246c47a9cfd9839bf688/execute/async - {"script":"<script> [1562 bytes]","args":[{"selector":{"id":"application-managepricingrules-display-component---newInfoPriceItem--priceProc-arrow"},"wdio_ui5_key":"applicationmanagepricingrules-display-component---newInfoPriceItem--priceProc-arrow"}]}
COMMAND: GET /session/54b51d12ae76246c47a9cfd9839bf688/screenshot - {}
RESULT: {"script":"<script> [1562 bytes]","args":[{"selector":{"id":"application-managepricingrules-display-component---newInfoPriceItem--priceProc-arrow"},"wdio_ui5_key":"applicationmanagepricingrules-display-component---newInfoPriceItem--priceProc-arrow"}]}
RESULT: undefined
COMMAND: POST /session/54b51d12ae76246c47a9cfd9839bf688/element - {"using":"xpath","value":"//*[@id=\"application-managepricingrules-display-component---newInfoPriceItem--priceProc-arrow\"]"}
RESULT: {}
RESULT: {"using":"xpath","value":"//*[@id=\"application-managepricingrules-display-component---newInfoPriceItem--priceProc-arrow\"]"}
COMMAND: POST /session/54b51d12ae76246c47a9cfd9839bf688/element/f.C3AA7480AC9969AD6A76FCDF8BFD3774.d.4DB7E2851794C18E0C49B4FAA7D348FF.e.13372/click - {}
RESULT: {}
COMMAND: POST /session/54b51d12ae76246c47a9cfd9839bf688/element - {"using":"xpath","value":"//span[contains(text(), \"TBS - Time based standard\")]"}
COMMAND: GET /session/54b51d12ae76246c47a9cfd9839bf688/screenshot - {}
RESULT: {"using":"xpath","value":"//span[contains(text(), \"TBS - Time based standard\")]"}
COMMAND: POST /session/54b51d12ae76246c47a9cfd9839bf688/element/f.C3AA7480AC9969AD6A76FCDF8BFD3774.d.4DB7E2851794C18E0C49B4FAA7D348FF.e.13408/click - {}
RESULT: {}
RESULT: {}
COMMAND: POST /session/54b51d12ae76246c47a9cfd9839bf688/execute/async - {"script":"<script> [1562 bytes]","args":[{"selector":{"id":"application-managepricingrules-display-component---newInfoPriceItem--calcBase-arrow"},"wdio_ui5_key":"applicationmanagepricingrules-display-component---newInfoPriceItem--calcBase-arrow"}]}
COMMAND: GET /session/54b51d12ae76246c47a9cfd9839bf688/screenshot - {}
RESULT: {"script":"<script> [1562 bytes]","args":[{"selector":{"id":"application-managepricingrules-display-component---newInfoPriceItem--calcBase-arrow"},"wdio_ui5_key":"applicationmanagepricingrules-display-component---newInfoPriceItem--calcBase-arrow"}]}
RESULT: undefined
COMMAND: POST /session/54b51d12ae76246c47a9cfd9839bf688/element - {"using":"xpath","value":"//*[@id=\"application-managepricingrules-display-component---newInfoPriceItem--calcBase-arrow\"]"}
RESULT: {}
RESULT: {"using":"xpath","value":"//*[@id=\"application-managepricingrules-display-component---newInfoPriceItem--calcBase-arrow\"]"}
COMMAND: POST /session/54b51d12ae76246c47a9cfd9839bf688/element/f.C3AA7480AC9969AD6A76FCDF8BFD3774.d.4DB7E2851794C18E0C49B4FAA7D348FF.e.13379/click - {}
RESULT: {}
COMMAND: GET /session/54b51d12ae76246c47a9cfd9839bf688/screenshot - {}
RESULT: {}
COMMAND: POST /session/54b51d12ae76246c47a9cfd9839bf688/element - {"using":"xpath","value":"//span[contains(text(), \"0006 - TB(calendar days)\")]"}
RESULT: {"using":"xpath","value":"//span[contains(text(), \"0006 - TB(calendar days)\")]"}
COMMAND: POST /session/54b51d12ae76246c47a9cfd9839bf688/element/f.C3AA7480AC9969AD6A76FCDF8BFD3774.d.4DB7E2851794C18E0C49B4FAA7D348FF.e.13409/click - {}
RESULT: {}
COMMAND: GET /session/54b51d12ae76246c47a9cfd9839bf688/screenshot - {}
RESULT: {}
COMMAND: POST /session/54b51d12ae76246c47a9cfd9839bf688/execute/async - {"script":"<script> [1562 bytes]","args":[{"selector":{"id":"application-managepricingrules-display-component---newInfoPriceItem--daysMonth","interaction":{"idSuffix":"inner"}},"wdio_ui5_key":"applicationmanagepricingrules-display-component---newInfoPriceItem--daysMonth"}]}
RESULT: {"script":"<script> [1562 bytes]","args":[{"selector":{"id":"application-managepricingrules-display-component---newInfoPriceItem--daysMonth","interaction":{"idSuffix":"inner"}},"wdio_ui5_key":"applicationmanagepricingrules-display-component---newInfoPriceItem--daysMonth"}]}
RESULT: undefined
COMMAND: POST /session/54b51d12ae76246c47a9cfd9839bf688/execute/async - {"script":"<script> [776 bytes]","args":[{"enterText":"30","selector":{"id":"application-managepricingrules-display-component---newInfoPriceItem--daysMonth","interaction":{"idSuffix":"inner"}},"clearTextFirst":true,"interactionType":"ENTER_TEXT"}]}
RESULT: {"script":"<script> [776 bytes]","args":[{"enterText":"30","selector":{"id":"application-managepricingrules-display-component---newInfoPriceItem--daysMonth","interaction":{"idSuffix":"inner"}},"clearTextFirst":true,"interactionType":"ENTER_TEXT"}]}
COMMAND: POST /session/54b51d12ae76246c47a9cfd9839bf688/element - {"using":"xpath","value":"//button[@data-kt=\"saveNewRuleButton\"]"}
RESULT: {"using":"xpath","value":"//button[@data-kt=\"saveNewRuleButton\"]"}
COMMAND: POST /session/54b51d12ae76246c47a9cfd9839bf688/element/f.C3AA7480AC9969AD6A76FCDF8BFD3774.d.4DB7E2851794C18E0C49B4FAA7D348FF.e.13399/click - {}
RESULT: {}
COMMAND: GET /session/54b51d12ae76246c47a9cfd9839bf688/screenshot - {}
RESULT: {}
COMMAND: POST /session/54b51d12ae76246c47a9cfd9839bf688/execute/async - {"script":"<script> [1562 bytes]","args":[{"selector":{"id":"application-managepricingrules-display-component---priceInfoItem--smartFilterBar-btnBasicSearch","interaction":{"idSuffix":"I"}},"wdio_ui5_key":"applicationmanagepricingrules-display-component---priceInfoItem--smartFilterBar-btnBasicSearch"}]}
RESULT: {"script":"<script> [1562 bytes]","args":[{"selector":{"id":"application-managepricingrules-display-component---priceInfoItem--smartFilterBar-btnBasicSearch","interaction":{"idSuffix":"I"}},"wdio_ui5_key":"applicationmanagepricingrules-display-component---priceInfoItem--smartFilterBar-btnBasicSearch"}]}
RESULT: undefined
COMMAND: POST /session/54b51d12ae76246c47a9cfd9839bf688/execute/async - {"script":"<script> [776 bytes]","args":[{"enterText":"nEyCauXdAP","selector":{"id":"application-managepricingrules-display-component---priceInfoItem--smartFilterBar-btnBasicSearch","interaction":{"idSuffix":"I"}},"clearTextFirst":true,"interactionType":"ENTER_TEXT"}]}
RESULT: {"script":"<script> [776 bytes]","args":[{"enterText":"nEyCauXdAP","selector":{"id":"application-managepricingrules-display-component---priceInfoItem--smartFilterBar-btnBasicSearch","interaction":{"idSuffix":"I"}},"clearTextFirst":true,"interactionType":"ENTER_TEXT"}]}
COMMAND: POST /session/54b51d12ae76246c47a9cfd9839bf688/actions - {"actions":[{"id":"action49","type":"key","parameters":{},"actions":[{"type":"keyDown","value":"î€‡"},{"type":"pause","duration":10},{"type":"keyUp","value":"î€‡"}]}]}
RESULT: {"actions":[{"id":"action49","type":"key","parameters":{},"actions":[{"type":"keyDown","value":"î€‡"},{"type":"pause","duration":10},{"type":"keyUp","value":"î€‡"}]}]}
COMMAND: GET /session/54b51d12ae76246c47a9cfd9839bf688/screenshot - {}
RESULT: {}
COMMAND: POST /session/54b51d12ae76246c47a9cfd9839bf688/element - {"using":"xpath","value":"//span[@id=\"application-managepricingrules-display-component---priceInfoItem--smartTable-header-inner\"]"}
RESULT: {"using":"xpath","value":"//span[@id=\"application-managepricingrules-display-component---priceInfoItem--smartTable-header-inner\"]"}
COMMAND: POST /session/54b51d12ae76246c47a9cfd9839bf688/elements - {"using":"xpath","value":"//span[@id=\"application-managepricingrules-display-component---priceInfoItem--smartTable-header-inner\"]"}
RESULT: {"using":"xpath","value":"//span[@id=\"application-managepricingrules-display-component---priceInfoItem--smartTable-header-inner\"]"}
COMMAND: POST /session/54b51d12ae76246c47a9cfd9839bf688/execute/sync - {"script":"<script> [56 bytes]","args":[{"element-6066-11e4-a52e-4f735466cecf":"f.C3AA7480AC9969AD6A76FCDF8BFD3774.d.4DB7E2851794C18E0C49B4FAA7D348FF.e.13423","ELEMENT":"f.C3AA7480AC9969AD6A76FCDF8BFD3774.d.4DB7E2851794C18E0C49B4FAA7D348FF.e.13423"}]}
RESULT: {"script":"<script> [56 bytes]","args":[{"element-6066-11e4-a52e-4f735466cecf":"f.C3AA7480AC9969AD6A76FCDF8BFD3774.d.4DB7E2851794C18E0C49B4FAA7D348FF.e.13423","ELEMENT":"f.C3AA7480AC9969AD6A76FCDF8BFD3774.d.4DB7E2851794C18E0C49B4FAA7D348FF.e.13423"}]}
COMMAND: POST /session/54b51d12ae76246c47a9cfd9839bf688/element - {"using":"css selector","value":"#shell-header-logo"}
COMMAND: GET /session/54b51d12ae76246c47a9cfd9839bf688/screenshot - {}
RESULT: {"using":"css selector","value":"#shell-header-logo"}
COMMAND: POST /session/54b51d12ae76246c47a9cfd9839bf688/element/f.C3AA7480AC9969AD6A76FCDF8BFD3774.d.4DB7E2851794C18E0C49B4FAA7D348FF.e.12504/click - {}
RESULT: {}
RESULT: {}
COMMAND: GET /session/54b51d12ae76246c47a9cfd9839bf688/screenshot - {}
RESULT: {}
]]></system-out>
    </testcase>
    <testcase classname="chrome.136_0_7103_93.windows.Create_Reverse_Billing_US127248" name="Should manage conditions" time="66.398">
      <system-out><![CDATA[
COMMAND: POST /session/54b51d12ae76246c47a9cfd9839bf688/execute/async - {"script":"<script> [1562 bytes]","args":[{"selector":{"controlType":"sap.m.GenericTile","properties":{"header":"Manage Conditions & Prices"}},"wdio_ui5_key":"sapm.GenericTile{\"header\":\"Manage Conditions & Prices\"}"}]}
RESULT: {"script":"<script> [1562 bytes]","args":[{"selector":{"controlType":"sap.m.GenericTile","properties":{"header":"Manage Conditions & Prices"}},"wdio_ui5_key":"sapm.GenericTile{\"header\":\"Manage Conditions & Prices\"}"}]}
RESULT: undefined
COMMAND: POST /session/54b51d12ae76246c47a9cfd9839bf688/element - {"using":"xpath","value":"//*[@id=\"__tile53\"]"}
RESULT: {"using":"xpath","value":"//*[@id=\"__tile53\"]"}
COMMAND: POST /session/54b51d12ae76246c47a9cfd9839bf688/element/f.C3AA7480AC9969AD6A76FCDF8BFD3774.d.4DB7E2851794C18E0C49B4FAA7D348FF.e.12440/click - {}
RESULT: {}
COMMAND: GET /session/54b51d12ae76246c47a9cfd9839bf688/screenshot - {}
RESULT: {}
COMMAND: POST /session/54b51d12ae76246c47a9cfd9839bf688/elements - {"using":"xpath","value":"//span[text()='Error']"}
RESULT: {"using":"xpath","value":"//span[text()='Error']"}
COMMAND: POST /session/54b51d12ae76246c47a9cfd9839bf688/element - {"using":"xpath","value":"//button[@aria-label=\"Create\"]"}
RESULT: {"using":"xpath","value":"//button[@aria-label=\"Create\"]"}
COMMAND: POST /session/54b51d12ae76246c47a9cfd9839bf688/elements - {"using":"xpath","value":"//button[@aria-label=\"Create\"]"}
RESULT: {"using":"xpath","value":"//button[@aria-label=\"Create\"]"}
COMMAND: POST /session/54b51d12ae76246c47a9cfd9839bf688/execute/sync - {"script":"<script> [8489 bytes]","args":[{"element-6066-11e4-a52e-4f735466cecf":"f.C3AA7480AC9969AD6A76FCDF8BFD3774.d.4DB7E2851794C18E0C49B4FAA7D348FF.e.13458","ELEMENT":"f.C3AA7480AC9969AD6A76FCDF8BFD3774.d.4DB7E2851794C18E0C49B4FAA7D348FF.e.13458"}]}
RESULT: {"script":"<script> [8489 bytes]","args":[{"element-6066-11e4-a52e-4f735466cecf":"f.C3AA7480AC9969AD6A76FCDF8BFD3774.d.4DB7E2851794C18E0C49B4FAA7D348FF.e.13458","ELEMENT":"f.C3AA7480AC9969AD6A76FCDF8BFD3774.d.4DB7E2851794C18E0C49B4FAA7D348FF.e.13458"}]}
COMMAND: GET /session/54b51d12ae76246c47a9cfd9839bf688/element/f.C3AA7480AC9969AD6A76FCDF8BFD3774.d.4DB7E2851794C18E0C49B4FAA7D348FF.e.13458/enabled - {}
COMMAND: GET /session/54b51d12ae76246c47a9cfd9839bf688/screenshot - {}
RESULT: {}
COMMAND: POST /session/54b51d12ae76246c47a9cfd9839bf688/execute/sync - {"script":"<script> [8489 bytes]","args":[{"element-6066-11e4-a52e-4f735466cecf":"f.C3AA7480AC9969AD6A76FCDF8BFD3774.d.4DB7E2851794C18E0C49B4FAA7D348FF.e.13458","ELEMENT":"f.C3AA7480AC9969AD6A76FCDF8BFD3774.d.4DB7E2851794C18E0C49B4FAA7D348FF.e.13458"}]}
COMMAND: GET /session/54b51d12ae76246c47a9cfd9839bf688/screenshot - {}
RESULT: {}
RESULT: {"script":"<script> [8489 bytes]","args":[{"element-6066-11e4-a52e-4f735466cecf":"f.C3AA7480AC9969AD6A76FCDF8BFD3774.d.4DB7E2851794C18E0C49B4FAA7D348FF.e.13458","ELEMENT":"f.C3AA7480AC9969AD6A76FCDF8BFD3774.d.4DB7E2851794C18E0C49B4FAA7D348FF.e.13458"}]}
COMMAND: POST /session/54b51d12ae76246c47a9cfd9839bf688/execute/sync - {"script":"<script> [5351 bytes]","args":[{"element-6066-11e4-a52e-4f735466cecf":"f.C3AA7480AC9969AD6A76FCDF8BFD3774.d.4DB7E2851794C18E0C49B4FAA7D348FF.e.13458","ELEMENT":"f.C3AA7480AC9969AD6A76FCDF8BFD3774.d.4DB7E2851794C18E0C49B4FAA7D348FF.e.13458"}]}
COMMAND: GET /session/54b51d12ae76246c47a9cfd9839bf688/screenshot - {}
RESULT: {}
RESULT: {"script":"<script> [5351 bytes]","args":[{"element-6066-11e4-a52e-4f735466cecf":"f.C3AA7480AC9969AD6A76FCDF8BFD3774.d.4DB7E2851794C18E0C49B4FAA7D348FF.e.13458","ELEMENT":"f.C3AA7480AC9969AD6A76FCDF8BFD3774.d.4DB7E2851794C18E0C49B4FAA7D348FF.e.13458"}]}
COMMAND: POST /session/54b51d12ae76246c47a9cfd9839bf688/element/f.C3AA7480AC9969AD6A76FCDF8BFD3774.d.4DB7E2851794C18E0C49B4FAA7D348FF.e.13458/click - {}
COMMAND: GET /session/54b51d12ae76246c47a9cfd9839bf688/screenshot - {}
RESULT: {}
RESULT: {}
COMMAND: GET /session/54b51d12ae76246c47a9cfd9839bf688/screenshot - {}
RESULT: {}
RESULT: {}
COMMAND: POST /session/54b51d12ae76246c47a9cfd9839bf688/actions - {"actions":[{"id":"action50","type":"key","parameters":{},"actions":[{"type":"keyDown","value":"î€‡"},{"type":"pause","duration":10},{"type":"keyUp","value":"î€‡"}]}]}
RESULT: {"actions":[{"id":"action50","type":"key","parameters":{},"actions":[{"type":"keyDown","value":"î€‡"},{"type":"pause","duration":10},{"type":"keyUp","value":"î€‡"}]}]}
COMMAND: GET /session/54b51d12ae76246c47a9cfd9839bf688/screenshot - {}
RESULT: {}
COMMAND: POST /session/54b51d12ae76246c47a9cfd9839bf688/execute/async - {"script":"<script> [1562 bytes]","args":[{"selector":{"id":"application-manageconditionprice-display-component---newCondition--condBillCond-arrow"},"wdio_ui5_key":"applicationmanageconditionprice-display-component---newCondition--condBillCond-arrow"}]}
RESULT: {"script":"<script> [1562 bytes]","args":[{"selector":{"id":"application-manageconditionprice-display-component---newCondition--condBillCond-arrow"},"wdio_ui5_key":"applicationmanageconditionprice-display-component---newCondition--condBillCond-arrow"}]}
RESULT: undefined
COMMAND: POST /session/54b51d12ae76246c47a9cfd9839bf688/element - {"using":"xpath","value":"//*[@id=\"application-manageconditionprice-display-component---newCondition--condBillCond-arrow\"]"}
RESULT: {"using":"xpath","value":"//*[@id=\"application-manageconditionprice-display-component---newCondition--condBillCond-arrow\"]"}
COMMAND: POST /session/54b51d12ae76246c47a9cfd9839bf688/element/f.C3AA7480AC9969AD6A76FCDF8BFD3774.d.4DB7E2851794C18E0C49B4FAA7D348FF.e.13637/click - {}
RESULT: {}
COMMAND: GET /session/54b51d12ae76246c47a9cfd9839bf688/screenshot - {}
RESULT: {}
COMMAND: POST /session/54b51d12ae76246c47a9cfd9839bf688/element - {"using":"xpath","value":"//li[.//span[contains(text(), \"DISP - D&I special price\")]]"}
RESULT: {"using":"xpath","value":"//li[.//span[contains(text(), \"DISP - D&I special price\")]]"}
COMMAND: POST /session/54b51d12ae76246c47a9cfd9839bf688/element/f.C3AA7480AC9969AD6A76FCDF8BFD3774.d.4DB7E2851794C18E0C49B4FAA7D348FF.e.13640/click - {}
RESULT: {}
COMMAND: GET /session/54b51d12ae76246c47a9cfd9839bf688/screenshot - {}
RESULT: {}
COMMAND: POST /session/54b51d12ae76246c47a9cfd9839bf688/execute/async - {"script":"<script> [1562 bytes]","args":[{"selector":{"id":"application-manageconditionprice-display-component---newCondition--condValidTo","interaction":{"idSuffix":"inner"}},"wdio_ui5_key":"applicationmanageconditionprice-display-component---newCondition--condValidTo"}]}
RESULT: {"script":"<script> [1562 bytes]","args":[{"selector":{"id":"application-manageconditionprice-display-component---newCondition--condValidTo","interaction":{"idSuffix":"inner"}},"wdio_ui5_key":"applicationmanageconditionprice-display-component---newCondition--condValidTo"}]}
RESULT: undefined
COMMAND: POST /session/54b51d12ae76246c47a9cfd9839bf688/execute/async - {"script":"<script> [776 bytes]","args":[{"enterText":"2/2/26","selector":{"id":"application-manageconditionprice-display-component---newCondition--condValidTo","interaction":{"idSuffix":"inner"}},"clearTextFirst":true,"interactionType":"ENTER_TEXT"}]}
RESULT: {"script":"<script> [776 bytes]","args":[{"enterText":"2/2/26","selector":{"id":"application-manageconditionprice-display-component---newCondition--condValidTo","interaction":{"idSuffix":"inner"}},"clearTextFirst":true,"interactionType":"ENTER_TEXT"}]}
COMMAND: POST /session/54b51d12ae76246c47a9cfd9839bf688/element - {"using":"xpath","value":"//input[@id=\"application-manageconditionprice-display-component---newCondition--condRU-inner\"]"}
RESULT: {"using":"xpath","value":"//input[@id=\"application-manageconditionprice-display-component---newCondition--condRU-inner\"]"}
COMMAND: POST /session/54b51d12ae76246c47a9cfd9839bf688/element/f.C3AA7480AC9969AD6A76FCDF8BFD3774.d.4DB7E2851794C18E0C49B4FAA7D348FF.e.13502/clear - {}
RESULT: {}
COMMAND: POST /session/54b51d12ae76246c47a9cfd9839bf688/element/f.C3AA7480AC9969AD6A76FCDF8BFD3774.d.4DB7E2851794C18E0C49B4FAA7D348FF.e.13502/value - {"text":"nEyCauXdAP"}
COMMAND: GET /session/54b51d12ae76246c47a9cfd9839bf688/screenshot - {}
RESULT: {"text":"nEyCauXdAP"}
COMMAND: GET /session/54b51d12ae76246c47a9cfd9839bf688/screenshot - {}
RESULT: {}
RESULT: {}
COMMAND: POST /session/54b51d12ae76246c47a9cfd9839bf688/actions - {"actions":[{"id":"action51","type":"key","parameters":{},"actions":[{"type":"keyDown","value":"î€‡"},{"type":"pause","duration":10},{"type":"keyUp","value":"î€‡"}]}]}
RESULT: {"actions":[{"id":"action51","type":"key","parameters":{},"actions":[{"type":"keyDown","value":"î€‡"},{"type":"pause","duration":10},{"type":"keyUp","value":"î€‡"}]}]}
COMMAND: POST /session/54b51d12ae76246c47a9cfd9839bf688/execute/async - {"script":"<script> [1562 bytes]","args":[{"selector":{"id":"application-manageconditionprice-display-component---newCondition--condBaseQty","interaction":{"idSuffix":"inner"}},"wdio_ui5_key":"applicationmanageconditionprice-display-component---newCondition--condBaseQty"}]}
COMMAND: GET /session/54b51d12ae76246c47a9cfd9839bf688/screenshot - {}
RESULT: {"script":"<script> [1562 bytes]","args":[{"selector":{"id":"application-manageconditionprice-display-component---newCondition--condBaseQty","interaction":{"idSuffix":"inner"}},"wdio_ui5_key":"applicationmanageconditionprice-display-component---newCondition--condBaseQty"}]}
RESULT: undefined
COMMAND: POST /session/54b51d12ae76246c47a9cfd9839bf688/execute/async - {"script":"<script> [776 bytes]","args":[{"enterText":"1","selector":{"id":"application-manageconditionprice-display-component---newCondition--condBaseQty","interaction":{"idSuffix":"inner"}},"clearTextFirst":true,"interactionType":"ENTER_TEXT"}]}
RESULT: {}
RESULT: {"script":"<script> [776 bytes]","args":[{"enterText":"1","selector":{"id":"application-manageconditionprice-display-component---newCondition--condBaseQty","interaction":{"idSuffix":"inner"}},"clearTextFirst":true,"interactionType":"ENTER_TEXT"}]}
COMMAND: POST /session/54b51d12ae76246c47a9cfd9839bf688/execute/async - {"script":"<script> [1562 bytes]","args":[{"selector":{"id":"application-manageconditionprice-display-component---newCondition--condValue","interaction":{"idSuffix":"inner"}},"wdio_ui5_key":"applicationmanageconditionprice-display-component---newCondition--condValue"}]}
RESULT: {"script":"<script> [1562 bytes]","args":[{"selector":{"id":"application-manageconditionprice-display-component---newCondition--condValue","interaction":{"idSuffix":"inner"}},"wdio_ui5_key":"applicationmanageconditionprice-display-component---newCondition--condValue"}]}
RESULT: undefined
COMMAND: POST /session/54b51d12ae76246c47a9cfd9839bf688/execute/async - {"script":"<script> [776 bytes]","args":[{"enterText":"200","selector":{"id":"application-manageconditionprice-display-component---newCondition--condValue","interaction":{"idSuffix":"inner"}},"clearTextFirst":true,"interactionType":"ENTER_TEXT"}]}
RESULT: {"script":"<script> [776 bytes]","args":[{"enterText":"200","selector":{"id":"application-manageconditionprice-display-component---newCondition--condValue","interaction":{"idSuffix":"inner"}},"clearTextFirst":true,"interactionType":"ENTER_TEXT"}]}
COMMAND: POST /session/54b51d12ae76246c47a9cfd9839bf688/execute/async - {"script":"<script> [1562 bytes]","args":[{"selector":{"id":"application-manageconditionprice-display-component---newCondition--condCurr-arrow"},"wdio_ui5_key":"applicationmanageconditionprice-display-component---newCondition--condCurr-arrow"}]}
RESULT: {"script":"<script> [1562 bytes]","args":[{"selector":{"id":"application-manageconditionprice-display-component---newCondition--condCurr-arrow"},"wdio_ui5_key":"applicationmanageconditionprice-display-component---newCondition--condCurr-arrow"}]}
RESULT: undefined
COMMAND: POST /session/54b51d12ae76246c47a9cfd9839bf688/element - {"using":"xpath","value":"//*[@id=\"application-manageconditionprice-display-component---newCondition--condCurr-arrow\"]"}
RESULT: {"using":"xpath","value":"//*[@id=\"application-manageconditionprice-display-component---newCondition--condCurr-arrow\"]"}
COMMAND: POST /session/54b51d12ae76246c47a9cfd9839bf688/element/f.C3AA7480AC9969AD6A76FCDF8BFD3774.d.4DB7E2851794C18E0C49B4FAA7D348FF.e.13619/click - {}
RESULT: {}
COMMAND: POST /session/54b51d12ae76246c47a9cfd9839bf688/element - {"using":"xpath","value":"//span[contains(text(), \"Euro\")]"}
COMMAND: GET /session/54b51d12ae76246c47a9cfd9839bf688/screenshot - {}
RESULT: {"using":"xpath","value":"//span[contains(text(), \"Euro\")]"}
COMMAND: POST /session/54b51d12ae76246c47a9cfd9839bf688/element/f.C3AA7480AC9969AD6A76FCDF8BFD3774.d.4DB7E2851794C18E0C49B4FAA7D348FF.e.13677/click - {}
RESULT: {}
RESULT: {}
COMMAND: POST /session/54b51d12ae76246c47a9cfd9839bf688/element - {"using":"xpath","value":"//button[@data-kt=\"saveButton\"]"}
COMMAND: GET /session/54b51d12ae76246c47a9cfd9839bf688/screenshot - {}
RESULT: {"using":"xpath","value":"//button[@data-kt=\"saveButton\"]"}
COMMAND: POST /session/54b51d12ae76246c47a9cfd9839bf688/element/f.C3AA7480AC9969AD6A76FCDF8BFD3774.d.4DB7E2851794C18E0C49B4FAA7D348FF.e.13620/click - {}
RESULT: {}
RESULT: {}
COMMAND: GET /session/54b51d12ae76246c47a9cfd9839bf688/screenshot - {}
RESULT: {}
COMMAND: POST /session/54b51d12ae76246c47a9cfd9839bf688/execute/async - {"script":"<script> [1562 bytes]","args":[{"selector":{"id":"application-manageconditionprice-display-component---conditions--smartFilterBar-btnBasicSearch","interaction":{"idSuffix":"I"}},"wdio_ui5_key":"applicationmanageconditionprice-display-component---conditions--smartFilterBar-btnBasicSearch"}]}
RESULT: {"script":"<script> [1562 bytes]","args":[{"selector":{"id":"application-manageconditionprice-display-component---conditions--smartFilterBar-btnBasicSearch","interaction":{"idSuffix":"I"}},"wdio_ui5_key":"applicationmanageconditionprice-display-component---conditions--smartFilterBar-btnBasicSearch"}]}
RESULT: undefined
COMMAND: POST /session/54b51d12ae76246c47a9cfd9839bf688/execute/async - {"script":"<script> [776 bytes]","args":[{"enterText":"nEyCauXdAP","selector":{"id":"application-manageconditionprice-display-component---conditions--smartFilterBar-btnBasicSearch","interaction":{"idSuffix":"I"}},"clearTextFirst":true,"interactionType":"ENTER_TEXT"}]}
RESULT: {"script":"<script> [776 bytes]","args":[{"enterText":"nEyCauXdAP","selector":{"id":"application-manageconditionprice-display-component---conditions--smartFilterBar-btnBasicSearch","interaction":{"idSuffix":"I"}},"clearTextFirst":true,"interactionType":"ENTER_TEXT"}]}
COMMAND: POST /session/54b51d12ae76246c47a9cfd9839bf688/actions - {"actions":[{"id":"action52","type":"key","parameters":{},"actions":[{"type":"keyDown","value":"î€‡"},{"type":"pause","duration":10},{"type":"keyUp","value":"î€‡"}]}]}
RESULT: {"actions":[{"id":"action52","type":"key","parameters":{},"actions":[{"type":"keyDown","value":"î€‡"},{"type":"pause","duration":10},{"type":"keyUp","value":"î€‡"}]}]}
COMMAND: GET /session/54b51d12ae76246c47a9cfd9839bf688/screenshot - {}
RESULT: {}
COMMAND: POST /session/54b51d12ae76246c47a9cfd9839bf688/execute/async - {"script":"<script> [1562 bytes]","args":[{"selector":{"id":"application-manageconditionprice-display-component---conditions--smartFilterBar-filterItemControl_BASIC-BILL_TYPES-vhi"},"wdio_ui5_key":"applicationmanageconditionprice-display-component---conditions--smartFilterBar-filterItemControl_BASIC-BILL_TYPES-vhi"}]}
RESULT: {"script":"<script> [1562 bytes]","args":[{"selector":{"id":"application-manageconditionprice-display-component---conditions--smartFilterBar-filterItemControl_BASIC-BILL_TYPES-vhi"},"wdio_ui5_key":"applicationmanageconditionprice-display-component---conditions--smartFilterBar-filterItemControl_BASIC-BILL_TYPES-vhi"}]}
RESULT: undefined
COMMAND: POST /session/54b51d12ae76246c47a9cfd9839bf688/element - {"using":"xpath","value":"//*[@id=\"application-manageconditionprice-display-component---conditions--smartFilterBar-filterItemControl_BASIC-BILL_TYPES-vhi\"]"}
RESULT: {"using":"xpath","value":"//*[@id=\"application-manageconditionprice-display-component---conditions--smartFilterBar-filterItemControl_BASIC-BILL_TYPES-vhi\"]"}
COMMAND: POST /session/54b51d12ae76246c47a9cfd9839bf688/element/f.C3AA7480AC9969AD6A76FCDF8BFD3774.d.4DB7E2851794C18E0C49B4FAA7D348FF.e.13694/click - {}
RESULT: {}
COMMAND: POST /session/54b51d12ae76246c47a9cfd9839bf688/execute/async - {"script":"<script> [1562 bytes]","args":[{"selector":{"id":"application-manageconditionprice-display-component---conditions--smartFilterBar-filterItemControl_BASIC-BILL_TYPES-valueHelpDialog-smartFilterBar-btnBasicSearch","searchOpenDialogs":true,"interaction":{"idSuffix":"I"}},"wdio_ui5_key":"applicationmanageconditionprice-display-component---conditions--smartFilterBar-filterItemControl_BASIC-BILL_TYPES-valueHelpDialog-smartFilterBar-btnBasicSearch"}]}
COMMAND: GET /session/54b51d12ae76246c47a9cfd9839bf688/screenshot - {}
RESULT: {"script":"<script> [1562 bytes]","args":[{"selector":{"id":"application-manageconditionprice-display-component---conditions--smartFilterBar-filterItemControl_BASIC-BILL_TYPES-valueHelpDialog-smartFilterBar-btnBasicSearch","searchOpenDialogs":true,"interaction":{"idSuffix":"I"}},"wdio_ui5_key":"applicationmanageconditionprice-display-component---conditions--smartFilterBar-filterItemControl_BASIC-BILL_TYPES-valueHelpDialog-smartFilterBar-btnBasicSearch"}]}
RESULT: undefined
COMMAND: POST /session/54b51d12ae76246c47a9cfd9839bf688/execute/async - {"script":"<script> [776 bytes]","args":[{"enterText":"TB","selector":{"id":"application-manageconditionprice-display-component---conditions--smartFilterBar-filterItemControl_BASIC-BILL_TYPES-valueHelpDialog-smartFilterBar-btnBasicSearch","searchOpenDialogs":true,"interaction":{"idSuffix":"I"}},"clearTextFirst":true,"interactionType":"ENTER_TEXT"}]}
RESULT: {}
RESULT: {"script":"<script> [776 bytes]","args":[{"enterText":"TB","selector":{"id":"application-manageconditionprice-display-component---conditions--smartFilterBar-filterItemControl_BASIC-BILL_TYPES-valueHelpDialog-smartFilterBar-btnBasicSearch","searchOpenDialogs":true,"interaction":{"idSuffix":"I"}},"clearTextFirst":true,"interactionType":"ENTER_TEXT"}]}
COMMAND: POST /session/54b51d12ae76246c47a9cfd9839bf688/actions - {"actions":[{"id":"action53","type":"key","parameters":{},"actions":[{"type":"keyDown","value":"î€‡"},{"type":"pause","duration":10},{"type":"keyUp","value":"î€‡"}]}]}
RESULT: {"actions":[{"id":"action53","type":"key","parameters":{},"actions":[{"type":"keyDown","value":"î€‡"},{"type":"pause","duration":10},{"type":"keyUp","value":"î€‡"}]}]}
COMMAND: GET /session/54b51d12ae76246c47a9cfd9839bf688/screenshot - {}
RESULT: {}
COMMAND: POST /session/54b51d12ae76246c47a9cfd9839bf688/element - {"using":"xpath","value":"//div[contains(@id, 'application-manageconditionprice-display-component---conditions--smartFilterBar-filterItemControl_BASIC-BILL_TYPES-valueHelpDialog-table-rowsel0')]"}
RESULT: {"using":"xpath","value":"//div[contains(@id, 'application-manageconditionprice-display-component---conditions--smartFilterBar-filterItemControl_BASIC-BILL_TYPES-valueHelpDialog-table-rowsel0')]"}
COMMAND: POST /session/54b51d12ae76246c47a9cfd9839bf688/element/f.C3AA7480AC9969AD6A76FCDF8BFD3774.d.4DB7E2851794C18E0C49B4FAA7D348FF.e.13702/click - {}
RESULT: {}
COMMAND: GET /session/54b51d12ae76246c47a9cfd9839bf688/screenshot - {}
RESULT: {}
COMMAND: POST /session/54b51d12ae76246c47a9cfd9839bf688/element - {"using":"xpath","value":"//bdi[contains(text(), \"OK\")]"}
RESULT: {"using":"xpath","value":"//bdi[contains(text(), \"OK\")]"}
COMMAND: POST /session/54b51d12ae76246c47a9cfd9839bf688/element/f.C3AA7480AC9969AD6A76FCDF8BFD3774.d.4DB7E2851794C18E0C49B4FAA7D348FF.e.13704/click - {}
RESULT: {}
COMMAND: GET /session/54b51d12ae76246c47a9cfd9839bf688/screenshot - {}
RESULT: {}
COMMAND: POST /session/54b51d12ae76246c47a9cfd9839bf688/element - {"using":"xpath","value":"//span[@id=\"application-manageconditionprice-display-component---conditions--smartTable-header-inner\"]"}
RESULT: {"using":"xpath","value":"//span[@id=\"application-manageconditionprice-display-component---conditions--smartTable-header-inner\"]"}
COMMAND: POST /session/54b51d12ae76246c47a9cfd9839bf688/elements - {"using":"xpath","value":"//span[@id=\"application-manageconditionprice-display-component---conditions--smartTable-header-inner\"]"}
RESULT: {"using":"xpath","value":"//span[@id=\"application-manageconditionprice-display-component---conditions--smartTable-header-inner\"]"}
COMMAND: POST /session/54b51d12ae76246c47a9cfd9839bf688/execute/sync - {"script":"<script> [56 bytes]","args":[{"element-6066-11e4-a52e-4f735466cecf":"f.C3AA7480AC9969AD6A76FCDF8BFD3774.d.4DB7E2851794C18E0C49B4FAA7D348FF.e.13707","ELEMENT":"f.C3AA7480AC9969AD6A76FCDF8BFD3774.d.4DB7E2851794C18E0C49B4FAA7D348FF.e.13707"}]}
RESULT: {"script":"<script> [56 bytes]","args":[{"element-6066-11e4-a52e-4f735466cecf":"f.C3AA7480AC9969AD6A76FCDF8BFD3774.d.4DB7E2851794C18E0C49B4FAA7D348FF.e.13707","ELEMENT":"f.C3AA7480AC9969AD6A76FCDF8BFD3774.d.4DB7E2851794C18E0C49B4FAA7D348FF.e.13707"}]}
COMMAND: POST /session/54b51d12ae76246c47a9cfd9839bf688/element - {"using":"css selector","value":"#shell-header-logo"}
COMMAND: GET /session/54b51d12ae76246c47a9cfd9839bf688/screenshot - {}
RESULT: {"using":"css selector","value":"#shell-header-logo"}
COMMAND: POST /session/54b51d12ae76246c47a9cfd9839bf688/element/f.C3AA7480AC9969AD6A76FCDF8BFD3774.d.4DB7E2851794C18E0C49B4FAA7D348FF.e.13426/click - {}
RESULT: {}
RESULT: {}
COMMAND: GET /session/54b51d12ae76246c47a9cfd9839bf688/screenshot - {}
RESULT: {}
]]></system-out>
    </testcase>
  </testsuite>
</testsuites>