<?xml version="1.0" encoding="UTF-8"?>
<testsuites tests="58" failures="13" errors="13" skipped="0">
  <testsuite timestamp="2025-05-04T17:07:13" time="817.232" tests="11" failures="9" errors="9" skipped="0">
    <properties>
      <property name="specId" value="0" />
      <property name="suiteName" value="Billing confirm US117289" />
      <property name="capabilities" value="chrome.135_0_7049_96.windows" />
      <property name="file" value="file:///D:/a/1/s/test/specs/BTS/billing-confirm.spec.js" />
    </properties>
    <testcase classname="chrome.135_0_7049_96.windows.Billing_confirm_US117289" name="Should create a new yard" time="101.502">
      <system-out><![CDATA[
COMMAND: POST /session/6c63433432e656fe102e41a405bf48f6/window/fullscreen - {}
RESULT: {}
COMMAND: POST /session/6c63433432e656fe102e41a405bf48f6/execute/async - {"script":"<script> [1562 bytes]","args":[{"selector":{"controlType":"sap.m.GenericTile","properties":{"header":"Manage Yards"}},"wdio_ui5_key":"sapm.GenericTile{\"header\":\"Manage Yards\"}"}]}
RESULT: {"script":"<script> [1562 bytes]","args":[{"selector":{"controlType":"sap.m.GenericTile","properties":{"header":"Manage Yards"}},"wdio_ui5_key":"sapm.GenericTile{\"header\":\"Manage Yards\"}"}]}
RESULT: undefined
COMMAND: POST /session/6c63433432e656fe102e41a405bf48f6/element - {"using":"xpath","value":"//*[@id=\"__tile41\"]"}
RESULT: {"using":"xpath","value":"//*[@id=\"__tile41\"]"}
COMMAND: POST /session/6c63433432e656fe102e41a405bf48f6/element/f.D105F16D3864A3F2742A47C77377899E.d.217D6EDA66AFF0E2F735C0073FBA09D2.e.177/click - {}
RESULT: {}
COMMAND: POST /session/6c63433432e656fe102e41a405bf48f6/element - {"using":"xpath","value":"//button[@data-kt=\"addNewYardOverflowToolbarButton\"]"}
COMMAND: GET /session/6c63433432e656fe102e41a405bf48f6/screenshot - {}
RESULT: {"using":"xpath","value":"//button[@data-kt=\"addNewYardOverflowToolbarButton\"]"}
COMMAND: POST /session/6c63433432e656fe102e41a405bf48f6/elements - {"using":"xpath","value":"//button[@data-kt=\"addNewYardOverflowToolbarButton\"]"}
RESULT: {}
RESULT: {"using":"xpath","value":"//button[@data-kt=\"addNewYardOverflowToolbarButton\"]"}
COMMAND: POST /session/6c63433432e656fe102e41a405bf48f6/elements - {"using":"xpath","value":"//button[@data-kt=\"addNewYardOverflowToolbarButton\"]"}
RESULT: {"using":"xpath","value":"//button[@data-kt=\"addNewYardOverflowToolbarButton\"]"}
COMMAND: POST /session/6c63433432e656fe102e41a405bf48f6/elements - {"using":"xpath","value":"//button[@data-kt=\"addNewYardOverflowToolbarButton\"]"}
RESULT: {"using":"xpath","value":"//button[@data-kt=\"addNewYardOverflowToolbarButton\"]"}
COMMAND: POST /session/6c63433432e656fe102e41a405bf48f6/elements - {"using":"xpath","value":"//button[@data-kt=\"addNewYardOverflowToolbarButton\"]"}
RESULT: {"using":"xpath","value":"//button[@data-kt=\"addNewYardOverflowToolbarButton\"]"}
COMMAND: POST /session/6c63433432e656fe102e41a405bf48f6/elements - {"using":"xpath","value":"//button[@data-kt=\"addNewYardOverflowToolbarButton\"]"}
RESULT: {"using":"xpath","value":"//button[@data-kt=\"addNewYardOverflowToolbarButton\"]"}
COMMAND: POST /session/6c63433432e656fe102e41a405bf48f6/elements - {"using":"xpath","value":"//button[@data-kt=\"addNewYardOverflowToolbarButton\"]"}
RESULT: {"using":"xpath","value":"//button[@data-kt=\"addNewYardOverflowToolbarButton\"]"}
COMMAND: POST /session/6c63433432e656fe102e41a405bf48f6/elements - {"using":"xpath","value":"//button[@data-kt=\"addNewYardOverflowToolbarButton\"]"}
RESULT: {"using":"xpath","value":"//button[@data-kt=\"addNewYardOverflowToolbarButton\"]"}
COMMAND: POST /session/6c63433432e656fe102e41a405bf48f6/elements - {"using":"xpath","value":"//button[@data-kt=\"addNewYardOverflowToolbarButton\"]"}
RESULT: {"using":"xpath","value":"//button[@data-kt=\"addNewYardOverflowToolbarButton\"]"}
COMMAND: POST /session/6c63433432e656fe102e41a405bf48f6/elements - {"using":"xpath","value":"//button[@data-kt=\"addNewYardOverflowToolbarButton\"]"}
RESULT: {"using":"xpath","value":"//button[@data-kt=\"addNewYardOverflowToolbarButton\"]"}
COMMAND: POST /session/6c63433432e656fe102e41a405bf48f6/elements - {"using":"xpath","value":"//button[@data-kt=\"addNewYardOverflowToolbarButton\"]"}
RESULT: {"using":"xpath","value":"//button[@data-kt=\"addNewYardOverflowToolbarButton\"]"}
COMMAND: POST /session/6c63433432e656fe102e41a405bf48f6/elements - {"using":"xpath","value":"//button[@data-kt=\"addNewYardOverflowToolbarButton\"]"}
RESULT: {"using":"xpath","value":"//button[@data-kt=\"addNewYardOverflowToolbarButton\"]"}
COMMAND: POST /session/6c63433432e656fe102e41a405bf48f6/elements - {"using":"xpath","value":"//button[@data-kt=\"addNewYardOverflowToolbarButton\"]"}
RESULT: {"using":"xpath","value":"//button[@data-kt=\"addNewYardOverflowToolbarButton\"]"}
COMMAND: POST /session/6c63433432e656fe102e41a405bf48f6/elements - {"using":"xpath","value":"//button[@data-kt=\"addNewYardOverflowToolbarButton\"]"}
RESULT: {"using":"xpath","value":"//button[@data-kt=\"addNewYardOverflowToolbarButton\"]"}
COMMAND: POST /session/6c63433432e656fe102e41a405bf48f6/elements - {"using":"xpath","value":"//button[@data-kt=\"addNewYardOverflowToolbarButton\"]"}
RESULT: {"using":"xpath","value":"//button[@data-kt=\"addNewYardOverflowToolbarButton\"]"}
COMMAND: POST /session/6c63433432e656fe102e41a405bf48f6/elements - {"using":"xpath","value":"//button[@data-kt=\"addNewYardOverflowToolbarButton\"]"}
RESULT: {"using":"xpath","value":"//button[@data-kt=\"addNewYardOverflowToolbarButton\"]"}
COMMAND: POST /session/6c63433432e656fe102e41a405bf48f6/elements - {"using":"xpath","value":"//button[@data-kt=\"addNewYardOverflowToolbarButton\"]"}
RESULT: {"using":"xpath","value":"//button[@data-kt=\"addNewYardOverflowToolbarButton\"]"}
COMMAND: POST /session/6c63433432e656fe102e41a405bf48f6/elements - {"using":"xpath","value":"//button[@data-kt=\"addNewYardOverflowToolbarButton\"]"}
RESULT: {"using":"xpath","value":"//button[@data-kt=\"addNewYardOverflowToolbarButton\"]"}
COMMAND: POST /session/6c63433432e656fe102e41a405bf48f6/elements - {"using":"xpath","value":"//button[@data-kt=\"addNewYardOverflowToolbarButton\"]"}
RESULT: {"using":"xpath","value":"//button[@data-kt=\"addNewYardOverflowToolbarButton\"]"}
COMMAND: POST /session/6c63433432e656fe102e41a405bf48f6/elements - {"using":"xpath","value":"//button[@data-kt=\"addNewYardOverflowToolbarButton\"]"}
RESULT: {"using":"xpath","value":"//button[@data-kt=\"addNewYardOverflowToolbarButton\"]"}
COMMAND: POST /session/6c63433432e656fe102e41a405bf48f6/elements - {"using":"xpath","value":"//button[@data-kt=\"addNewYardOverflowToolbarButton\"]"}
RESULT: {"using":"xpath","value":"//button[@data-kt=\"addNewYardOverflowToolbarButton\"]"}
COMMAND: POST /session/6c63433432e656fe102e41a405bf48f6/elements - {"using":"xpath","value":"//button[@data-kt=\"addNewYardOverflowToolbarButton\"]"}
RESULT: {"using":"xpath","value":"//button[@data-kt=\"addNewYardOverflowToolbarButton\"]"}
COMMAND: POST /session/6c63433432e656fe102e41a405bf48f6/elements - {"using":"xpath","value":"//button[@data-kt=\"addNewYardOverflowToolbarButton\"]"}
RESULT: {"using":"xpath","value":"//button[@data-kt=\"addNewYardOverflowToolbarButton\"]"}
COMMAND: POST /session/6c63433432e656fe102e41a405bf48f6/elements - {"using":"xpath","value":"//button[@data-kt=\"addNewYardOverflowToolbarButton\"]"}
RESULT: {"using":"xpath","value":"//button[@data-kt=\"addNewYardOverflowToolbarButton\"]"}
COMMAND: POST /session/6c63433432e656fe102e41a405bf48f6/elements - {"using":"xpath","value":"//button[@data-kt=\"addNewYardOverflowToolbarButton\"]"}
RESULT: {"using":"xpath","value":"//button[@data-kt=\"addNewYardOverflowToolbarButton\"]"}
COMMAND: POST /session/6c63433432e656fe102e41a405bf48f6/elements - {"using":"xpath","value":"//button[@data-kt=\"addNewYardOverflowToolbarButton\"]"}
RESULT: {"using":"xpath","value":"//button[@data-kt=\"addNewYardOverflowToolbarButton\"]"}
COMMAND: POST /session/6c63433432e656fe102e41a405bf48f6/elements - {"using":"xpath","value":"//button[@data-kt=\"addNewYardOverflowToolbarButton\"]"}
RESULT: {"using":"xpath","value":"//button[@data-kt=\"addNewYardOverflowToolbarButton\"]"}
COMMAND: POST /session/6c63433432e656fe102e41a405bf48f6/element - {"using":"xpath","value":"//button[@data-kt=\"addNewYardOverflowToolbarButton\"]"}
RESULT: {"using":"xpath","value":"//button[@data-kt=\"addNewYardOverflowToolbarButton\"]"}
COMMAND: POST /session/6c63433432e656fe102e41a405bf48f6/execute/sync - {"script":"<script> [8489 bytes]","args":[{"element-6066-11e4-a52e-4f735466cecf":"f.D105F16D3864A3F2742A47C77377899E.d.217D6EDA66AFF0E2F735C0073FBA09D2.e.307","ELEMENT":"f.D105F16D3864A3F2742A47C77377899E.d.217D6EDA66AFF0E2F735C0073FBA09D2.e.307"}]}
RESULT: {"script":"<script> [8489 bytes]","args":[{"element-6066-11e4-a52e-4f735466cecf":"f.D105F16D3864A3F2742A47C77377899E.d.217D6EDA66AFF0E2F735C0073FBA09D2.e.307","ELEMENT":"f.D105F16D3864A3F2742A47C77377899E.d.217D6EDA66AFF0E2F735C0073FBA09D2.e.307"}]}
COMMAND: GET /session/6c63433432e656fe102e41a405bf48f6/element/f.D105F16D3864A3F2742A47C77377899E.d.217D6EDA66AFF0E2F735C0073FBA09D2.e.307/enabled - {}
COMMAND: GET /session/6c63433432e656fe102e41a405bf48f6/screenshot - {}
RESULT: {}
COMMAND: POST /session/6c63433432e656fe102e41a405bf48f6/execute/sync - {"script":"<script> [8489 bytes]","args":[{"element-6066-11e4-a52e-4f735466cecf":"f.D105F16D3864A3F2742A47C77377899E.d.217D6EDA66AFF0E2F735C0073FBA09D2.e.307","ELEMENT":"f.D105F16D3864A3F2742A47C77377899E.d.217D6EDA66AFF0E2F735C0073FBA09D2.e.307"}]}
COMMAND: GET /session/6c63433432e656fe102e41a405bf48f6/screenshot - {}
RESULT: {}
RESULT: {"script":"<script> [8489 bytes]","args":[{"element-6066-11e4-a52e-4f735466cecf":"f.D105F16D3864A3F2742A47C77377899E.d.217D6EDA66AFF0E2F735C0073FBA09D2.e.307","ELEMENT":"f.D105F16D3864A3F2742A47C77377899E.d.217D6EDA66AFF0E2F735C0073FBA09D2.e.307"}]}
COMMAND: POST /session/6c63433432e656fe102e41a405bf48f6/execute/sync - {"script":"<script> [5351 bytes]","args":[{"element-6066-11e4-a52e-4f735466cecf":"f.D105F16D3864A3F2742A47C77377899E.d.217D6EDA66AFF0E2F735C0073FBA09D2.e.307","ELEMENT":"f.D105F16D3864A3F2742A47C77377899E.d.217D6EDA66AFF0E2F735C0073FBA09D2.e.307"}]}
COMMAND: GET /session/6c63433432e656fe102e41a405bf48f6/screenshot - {}
RESULT: {}
RESULT: {"script":"<script> [5351 bytes]","args":[{"element-6066-11e4-a52e-4f735466cecf":"f.D105F16D3864A3F2742A47C77377899E.d.217D6EDA66AFF0E2F735C0073FBA09D2.e.307","ELEMENT":"f.D105F16D3864A3F2742A47C77377899E.d.217D6EDA66AFF0E2F735C0073FBA09D2.e.307"}]}
COMMAND: POST /session/6c63433432e656fe102e41a405bf48f6/element/f.D105F16D3864A3F2742A47C77377899E.d.217D6EDA66AFF0E2F735C0073FBA09D2.e.307/click - {}
COMMAND: GET /session/6c63433432e656fe102e41a405bf48f6/screenshot - {}
RESULT: {}
RESULT: {}
COMMAND: GET /session/6c63433432e656fe102e41a405bf48f6/screenshot - {}
RESULT: {}
COMMAND: POST /session/6c63433432e656fe102e41a405bf48f6/element - {"using":"xpath","value":"//input[@id=\"application-manageyards-display-component---NewYard--yardId-inner\"]"}
RESULT: {}
RESULT: {"using":"xpath","value":"//input[@id=\"application-manageyards-display-component---NewYard--yardId-inner\"]"}
COMMAND: POST /session/6c63433432e656fe102e41a405bf48f6/element - {"using":"xpath","value":"//input[@id=\"application-manageyards-display-component---NewYard--yardId-inner\"]"}
RESULT: {"using":"xpath","value":"//input[@id=\"application-manageyards-display-component---NewYard--yardId-inner\"]"}
COMMAND: POST /session/6c63433432e656fe102e41a405bf48f6/execute/async - {"script":"<script> [1562 bytes]","args":[{"selector":{"id":"application-manageyards-display-component---NewYard--addressDetailDetailsName1","interaction":{"idSuffix":"inner"}},"wdio_ui5_key":"applicationmanageyards-display-component---NewYard--addressDetailDetailsName1"}]}
RESULT: {"script":"<script> [1562 bytes]","args":[{"selector":{"id":"application-manageyards-display-component---NewYard--addressDetailDetailsName1","interaction":{"idSuffix":"inner"}},"wdio_ui5_key":"applicationmanageyards-display-component---NewYard--addressDetailDetailsName1"}]}
RESULT: undefined
COMMAND: POST /session/6c63433432e656fe102e41a405bf48f6/execute/async - {"script":"<script> [776 bytes]","args":[{"enterText":"Intracompany Yard wdIO","selector":{"id":"application-manageyards-display-component---NewYard--addressDetailDetailsName1","interaction":{"idSuffix":"inner"}},"clearTextFirst":true,"interactionType":"ENTER_TEXT"}]}
RESULT: {"script":"<script> [776 bytes]","args":[{"enterText":"Intracompany Yard wdIO","selector":{"id":"application-manageyards-display-component---NewYard--addressDetailDetailsName1","interaction":{"idSuffix":"inner"}},"clearTextFirst":true,"interactionType":"ENTER_TEXT"}]}
COMMAND: POST /session/6c63433432e656fe102e41a405bf48f6/execute/async - {"script":"<script> [1562 bytes]","args":[{"selector":{"id":"application-manageyards-display-component---NewYard--addressDetailDetailsLanguage-arrow"},"wdio_ui5_key":"applicationmanageyards-display-component---NewYard--addressDetailDetailsLanguage-arrow"}]}
RESULT: {"script":"<script> [1562 bytes]","args":[{"selector":{"id":"application-manageyards-display-component---NewYard--addressDetailDetailsLanguage-arrow"},"wdio_ui5_key":"applicationmanageyards-display-component---NewYard--addressDetailDetailsLanguage-arrow"}]}
RESULT: undefined
COMMAND: POST /session/6c63433432e656fe102e41a405bf48f6/element - {"using":"xpath","value":"//*[@id=\"application-manageyards-display-component---NewYard--addressDetailDetailsLanguage-arrow\"]"}
RESULT: {"using":"xpath","value":"//*[@id=\"application-manageyards-display-component---NewYard--addressDetailDetailsLanguage-arrow\"]"}
COMMAND: POST /session/6c63433432e656fe102e41a405bf48f6/element/f.D105F16D3864A3F2742A47C77377899E.d.217D6EDA66AFF0E2F735C0073FBA09D2.e.741/click - {}
RESULT: {}
COMMAND: POST /session/6c63433432e656fe102e41a405bf48f6/element - {"using":"xpath","value":"//span[contains(text(), \"English\")]"}
COMMAND: GET /session/6c63433432e656fe102e41a405bf48f6/screenshot - {}
RESULT: {"using":"xpath","value":"//span[contains(text(), \"English\")]"}
COMMAND: POST /session/6c63433432e656fe102e41a405bf48f6/element/f.D105F16D3864A3F2742A47C77377899E.d.217D6EDA66AFF0E2F735C0073FBA09D2.e.742/click - {}
RESULT: {}
RESULT: {}
COMMAND: POST /session/6c63433432e656fe102e41a405bf48f6/execute/async - {"script":"<script> [1562 bytes]","args":[{"selector":{"id":"application-manageyards-display-component---NewYard--addressDetailDetailsCity1","interaction":{"idSuffix":"inner"}},"wdio_ui5_key":"applicationmanageyards-display-component---NewYard--addressDetailDetailsCity1"}]}
COMMAND: GET /session/6c63433432e656fe102e41a405bf48f6/screenshot - {}
RESULT: {"script":"<script> [1562 bytes]","args":[{"selector":{"id":"application-manageyards-display-component---NewYard--addressDetailDetailsCity1","interaction":{"idSuffix":"inner"}},"wdio_ui5_key":"applicationmanageyards-display-component---NewYard--addressDetailDetailsCity1"}]}
RESULT: undefined
COMMAND: POST /session/6c63433432e656fe102e41a405bf48f6/execute/async - {"script":"<script> [776 bytes]","args":[{"enterText":"Rosario","selector":{"id":"application-manageyards-display-component---NewYard--addressDetailDetailsCity1","interaction":{"idSuffix":"inner"}},"clearTextFirst":true,"interactionType":"ENTER_TEXT"}]}
RESULT: {}
RESULT: {"script":"<script> [776 bytes]","args":[{"enterText":"Rosario","selector":{"id":"application-manageyards-display-component---NewYard--addressDetailDetailsCity1","interaction":{"idSuffix":"inner"}},"clearTextFirst":true,"interactionType":"ENTER_TEXT"}]}
COMMAND: POST /session/6c63433432e656fe102e41a405bf48f6/execute/async - {"script":"<script> [1562 bytes]","args":[{"selector":{"id":"application-manageyards-display-component---NewYard--addressDetailDetailsCountry-arrow"},"wdio_ui5_key":"applicationmanageyards-display-component---NewYard--addressDetailDetailsCountry-arrow"}]}
RESULT: {"script":"<script> [1562 bytes]","args":[{"selector":{"id":"application-manageyards-display-component---NewYard--addressDetailDetailsCountry-arrow"},"wdio_ui5_key":"applicationmanageyards-display-component---NewYard--addressDetailDetailsCountry-arrow"}]}
RESULT: undefined
COMMAND: POST /session/6c63433432e656fe102e41a405bf48f6/element - {"using":"xpath","value":"//*[@id=\"application-manageyards-display-component---NewYard--addressDetailDetailsCountry-arrow\"]"}
RESULT: {"using":"xpath","value":"//*[@id=\"application-manageyards-display-component---NewYard--addressDetailDetailsCountry-arrow\"]"}
COMMAND: POST /session/6c63433432e656fe102e41a405bf48f6/element/f.D105F16D3864A3F2742A47C77377899E.d.217D6EDA66AFF0E2F735C0073FBA09D2.e.744/click - {}
RESULT: {}
COMMAND: POST /session/6c63433432e656fe102e41a405bf48f6/element - {"using":"xpath","value":"//span[contains(text(), \"Argentina\")]"}
COMMAND: GET /session/6c63433432e656fe102e41a405bf48f6/screenshot - {}
RESULT: {"using":"xpath","value":"//span[contains(text(), \"Argentina\")]"}
COMMAND: POST /session/6c63433432e656fe102e41a405bf48f6/element/f.D105F16D3864A3F2742A47C77377899E.d.217D6EDA66AFF0E2F735C0073FBA09D2.e.746/click - {}
RESULT: {}
RESULT: {}
COMMAND: POST /session/6c63433432e656fe102e41a405bf48f6/execute/async - {"script":"<script> [1562 bytes]","args":[{"selector":{"id":"application-manageyards-display-component---NewYard--addressEditDetailsCostObjectCstType-arrow"},"wdio_ui5_key":"applicationmanageyards-display-component---NewYard--addressEditDetailsCostObjectCstType-arrow"}]}
COMMAND: GET /session/6c63433432e656fe102e41a405bf48f6/screenshot - {}
RESULT: {"script":"<script> [1562 bytes]","args":[{"selector":{"id":"application-manageyards-display-component---NewYard--addressEditDetailsCostObjectCstType-arrow"},"wdio_ui5_key":"applicationmanageyards-display-component---NewYard--addressEditDetailsCostObjectCstType-arrow"}]}
RESULT: undefined
COMMAND: POST /session/6c63433432e656fe102e41a405bf48f6/element - {"using":"xpath","value":"//*[@id=\"application-manageyards-display-component---NewYard--addressEditDetailsCostObjectCstType-arrow\"]"}
RESULT: {}
RESULT: {"using":"xpath","value":"//*[@id=\"application-manageyards-display-component---NewYard--addressEditDetailsCostObjectCstType-arrow\"]"}
COMMAND: POST /session/6c63433432e656fe102e41a405bf48f6/element/f.D105F16D3864A3F2742A47C77377899E.d.217D6EDA66AFF0E2F735C0073FBA09D2.e.747/click - {}
RESULT: {}
COMMAND: POST /session/6c63433432e656fe102e41a405bf48f6/element - {"using":"xpath","value":"//span[contains(text(), \"Cost Center\")]"}
COMMAND: GET /session/6c63433432e656fe102e41a405bf48f6/screenshot - {}
RESULT: {"using":"xpath","value":"//span[contains(text(), \"Cost Center\")]"}
COMMAND: POST /session/6c63433432e656fe102e41a405bf48f6/element/f.D105F16D3864A3F2742A47C77377899E.d.217D6EDA66AFF0E2F735C0073FBA09D2.e.748/click - {}
RESULT: {}
RESULT: {}
COMMAND: GET /session/6c63433432e656fe102e41a405bf48f6/screenshot - {}
RESULT: {}
COMMAND: POST /session/6c63433432e656fe102e41a405bf48f6/element - {"using":"xpath","value":"//span[@id=\"application-manageyards-display-component---NewYard--addressNewCostObjectCstID-vhi\"]"}
RESULT: {"using":"xpath","value":"//span[@id=\"application-manageyards-display-component---NewYard--addressNewCostObjectCstID-vhi\"]"}
COMMAND: POST /session/6c63433432e656fe102e41a405bf48f6/execute/sync - {"script":"<script> [8489 bytes]","args":[{"element-6066-11e4-a52e-4f735466cecf":"f.D105F16D3864A3F2742A47C77377899E.d.217D6EDA66AFF0E2F735C0073FBA09D2.e.752","ELEMENT":"f.D105F16D3864A3F2742A47C77377899E.d.217D6EDA66AFF0E2F735C0073FBA09D2.e.752"}]}
RESULT: {"script":"<script> [8489 bytes]","args":[{"element-6066-11e4-a52e-4f735466cecf":"f.D105F16D3864A3F2742A47C77377899E.d.217D6EDA66AFF0E2F735C0073FBA09D2.e.752","ELEMENT":"f.D105F16D3864A3F2742A47C77377899E.d.217D6EDA66AFF0E2F735C0073FBA09D2.e.752"}]}
COMMAND: POST /session/6c63433432e656fe102e41a405bf48f6/execute/async - {"script":"<script> [1562 bytes]","args":[{"selector":{"id":"application-manageyards-display-component---NewYard--addressNewCostObjectCstID-vhi"},"wdio_ui5_key":"applicationmanageyards-display-component---NewYard--addressNewCostObjectCstID-vhi"}]}
COMMAND: GET /session/6c63433432e656fe102e41a405bf48f6/screenshot - {}
RESULT: {"script":"<script> [1562 bytes]","args":[{"selector":{"id":"application-manageyards-display-component---NewYard--addressNewCostObjectCstID-vhi"},"wdio_ui5_key":"applicationmanageyards-display-component---NewYard--addressNewCostObjectCstID-vhi"}]}
RESULT: undefined
COMMAND: POST /session/6c63433432e656fe102e41a405bf48f6/element - {"using":"xpath","value":"//*[@id=\"application-manageyards-display-component---NewYard--addressNewCostObjectCstID-vhi\"]"}
RESULT: {}
RESULT: {"using":"xpath","value":"//*[@id=\"application-manageyards-display-component---NewYard--addressNewCostObjectCstID-vhi\"]"}
COMMAND: POST /session/6c63433432e656fe102e41a405bf48f6/element/f.D105F16D3864A3F2742A47C77377899E.d.217D6EDA66AFF0E2F735C0073FBA09D2.e.752/click - {}
RESULT: {}
COMMAND: GET /session/6c63433432e656fe102e41a405bf48f6/screenshot - {}
RESULT: {}
COMMAND: POST /session/6c63433432e656fe102e41a405bf48f6/execute/async - {"script":"<script> [1562 bytes]","args":[{"selector":{"controlType":"sap.m.SearchField","properties":{"placeholder":"Search"},"searchOpenDialogs":true,"interaction":{"idSuffix":"I"}},"wdio_ui5_key":"sapm.SearchField{\"placeholder\":\"Search\"}"}]}
RESULT: {"script":"<script> [1562 bytes]","args":[{"selector":{"controlType":"sap.m.SearchField","properties":{"placeholder":"Search"},"searchOpenDialogs":true,"interaction":{"idSuffix":"I"}},"wdio_ui5_key":"sapm.SearchField{\"placeholder\":\"Search\"}"}]}
RESULT: undefined
COMMAND: POST /session/6c63433432e656fe102e41a405bf48f6/execute/async - {"script":"<script> [776 bytes]","args":[{"enterText":"10001013","selector":{"controlType":"sap.m.SearchField","properties":{"placeholder":"Search"},"searchOpenDialogs":true,"interaction":{"idSuffix":"I"}},"clearTextFirst":true,"interactionType":"ENTER_TEXT"}]}
RESULT: {"script":"<script> [776 bytes]","args":[{"enterText":"10001013","selector":{"controlType":"sap.m.SearchField","properties":{"placeholder":"Search"},"searchOpenDialogs":true,"interaction":{"idSuffix":"I"}},"clearTextFirst":true,"interactionType":"ENTER_TEXT"}]}
COMMAND: POST /session/6c63433432e656fe102e41a405bf48f6/actions - {"actions":[{"id":"action1","type":"key","parameters":{},"actions":[{"type":"keyDown","value":"î€‡"},{"type":"pause","duration":10},{"type":"keyUp","value":"î€‡"}]}]}
RESULT: {"actions":[{"id":"action1","type":"key","parameters":{},"actions":[{"type":"keyDown","value":"î€‡"},{"type":"pause","duration":10},{"type":"keyUp","value":"î€‡"}]}]}
COMMAND: GET /session/6c63433432e656fe102e41a405bf48f6/screenshot - {}
RESULT: {}
COMMAND: POST /session/6c63433432e656fe102e41a405bf48f6/element - {"using":"xpath","value":"//span[contains(text(), \"General Management\")]"}
RESULT: {"using":"xpath","value":"//span[contains(text(), \"General Management\")]"}
COMMAND: POST /session/6c63433432e656fe102e41a405bf48f6/element/f.D105F16D3864A3F2742A47C77377899E.d.217D6EDA66AFF0E2F735C0073FBA09D2.e.792/click - {}
RESULT: {}
COMMAND: GET /session/6c63433432e656fe102e41a405bf48f6/screenshot - {}
RESULT: {}
COMMAND: POST /session/6c63433432e656fe102e41a405bf48f6/element - {"using":"xpath","value":"//bdi[contains(text(), \"OK\")]"}
RESULT: {"using":"xpath","value":"//bdi[contains(text(), \"OK\")]"}
COMMAND: POST /session/6c63433432e656fe102e41a405bf48f6/element/f.D105F16D3864A3F2742A47C77377899E.d.217D6EDA66AFF0E2F735C0073FBA09D2.e.793/click - {}
RESULT: {}
COMMAND: GET /session/6c63433432e656fe102e41a405bf48f6/screenshot - {}
RESULT: {}
COMMAND: POST /session/6c63433432e656fe102e41a405bf48f6/execute/async - {"script":"<script> [1562 bytes]","args":[{"selector":{"id":"application-manageyards-display-component---NewYard--addressEditDetailsCurrency-arrow"},"wdio_ui5_key":"applicationmanageyards-display-component---NewYard--addressEditDetailsCurrency-arrow"}]}
RESULT: {"script":"<script> [1562 bytes]","args":[{"selector":{"id":"application-manageyards-display-component---NewYard--addressEditDetailsCurrency-arrow"},"wdio_ui5_key":"applicationmanageyards-display-component---NewYard--addressEditDetailsCurrency-arrow"}]}
RESULT: undefined
COMMAND: POST /session/6c63433432e656fe102e41a405bf48f6/element - {"using":"xpath","value":"//*[@id=\"application-manageyards-display-component---NewYard--addressEditDetailsCurrency-arrow\"]"}
RESULT: {"using":"xpath","value":"//*[@id=\"application-manageyards-display-component---NewYard--addressEditDetailsCurrency-arrow\"]"}
COMMAND: POST /session/6c63433432e656fe102e41a405bf48f6/element/f.D105F16D3864A3F2742A47C77377899E.d.217D6EDA66AFF0E2F735C0073FBA09D2.e.796/click - {}
RESULT: {}
COMMAND: POST /session/6c63433432e656fe102e41a405bf48f6/element - {"using":"xpath","value":"//span[contains(text(), \"Euro\")]"}
COMMAND: GET /session/6c63433432e656fe102e41a405bf48f6/screenshot - {}
RESULT: {"using":"xpath","value":"//span[contains(text(), \"Euro\")]"}
COMMAND: POST /session/6c63433432e656fe102e41a405bf48f6/element/f.D105F16D3864A3F2742A47C77377899E.d.217D6EDA66AFF0E2F735C0073FBA09D2.e.797/click - {}
RESULT: {}
RESULT: {}
COMMAND: POST /session/6c63433432e656fe102e41a405bf48f6/execute/async - {"script":"<script> [1562 bytes]","args":[{"selector":{"controlType":"sap.m.Input","viewName":"etm.portal.ui.manageyards.view.New","viewId":"application-manageyards-display-component---NewYard","bindingPath":{"path":"","propertyPath":"/CONTROLLING_AREA","modelName":"NewYardModel"},"interaction":{"idSuffix":"inner"}},"wdio_ui5_key":"etmportal.ui.manageyards.view.Newsap.m.Input{\"path\":\"\",\"propertyPath\":\"/CONTROLLING_AREA\",\"modelName\":\"NewYardModel\"}"}]}
COMMAND: GET /session/6c63433432e656fe102e41a405bf48f6/screenshot - {}
RESULT: {"script":"<script> [1562 bytes]","args":[{"selector":{"controlType":"sap.m.Input","viewName":"etm.portal.ui.manageyards.view.New","viewId":"application-manageyards-display-component---NewYard","bindingPath":{"path":"","propertyPath":"/CONTROLLING_AREA","modelName":"NewYardModel"},"interaction":{"idSuffix":"inner"}},"wdio_ui5_key":"etmportal.ui.manageyards.view.Newsap.m.Input{\"path\":\"\",\"propertyPath\":\"/CONTROLLING_AREA\",\"modelName\":\"NewYardModel\"}"}]}
RESULT: undefined
COMMAND: POST /session/6c63433432e656fe102e41a405bf48f6/execute/async - {"script":"<script> [776 bytes]","args":[{"enterText":"Z001","selector":{"controlType":"sap.m.Input","viewName":"etm.portal.ui.manageyards.view.New","viewId":"application-manageyards-display-component---NewYard","bindingPath":{"path":"","propertyPath":"/CONTROLLING_AREA","modelName":"NewYardModel"},"interaction":{"idSuffix":"inner"}},"clearTextFirst":true,"interactionType":"ENTER_TEXT"}]}
RESULT: {}
RESULT: {"script":"<script> [776 bytes]","args":[{"enterText":"Z001","selector":{"controlType":"sap.m.Input","viewName":"etm.portal.ui.manageyards.view.New","viewId":"application-manageyards-display-component---NewYard","bindingPath":{"path":"","propertyPath":"/CONTROLLING_AREA","modelName":"NewYardModel"},"interaction":{"idSuffix":"inner"}},"clearTextFirst":true,"interactionType":"ENTER_TEXT"}]}
COMMAND: POST /session/6c63433432e656fe102e41a405bf48f6/execute/async - {"script":"<script> [1562 bytes]","args":[{"selector":{"id":"application-manageyards-display-component---NewYard--companyCodeComboBox","interaction":{"idSuffix":"inner"}},"wdio_ui5_key":"applicationmanageyards-display-component---NewYard--companyCodeComboBox"}]}
RESULT: {"script":"<script> [1562 bytes]","args":[{"selector":{"id":"application-manageyards-display-component---NewYard--companyCodeComboBox","interaction":{"idSuffix":"inner"}},"wdio_ui5_key":"applicationmanageyards-display-component---NewYard--companyCodeComboBox"}]}
RESULT: undefined
COMMAND: POST /session/6c63433432e656fe102e41a405bf48f6/execute/async - {"script":"<script> [776 bytes]","args":[{"enterText":"1000","selector":{"id":"application-manageyards-display-component---NewYard--companyCodeComboBox","interaction":{"idSuffix":"inner"}},"clearTextFirst":true,"interactionType":"ENTER_TEXT"}]}
RESULT: {"script":"<script> [776 bytes]","args":[{"enterText":"1000","selector":{"id":"application-manageyards-display-component---NewYard--companyCodeComboBox","interaction":{"idSuffix":"inner"}},"clearTextFirst":true,"interactionType":"ENTER_TEXT"}]}
COMMAND: POST /session/6c63433432e656fe102e41a405bf48f6/execute/async - {"script":"<script> [1562 bytes]","args":[{"selector":{"controlType":"sap.m.Input","viewName":"etm.portal.ui.manageyards.view.New","viewId":"application-manageyards-display-component---NewYard","bindingPath":{"path":"","propertyPath":"/PLANT","modelName":"NewYardModel"},"interaction":{"idSuffix":"inner"}},"wdio_ui5_key":"etmportal.ui.manageyards.view.Newsap.m.Input{\"path\":\"\",\"propertyPath\":\"/PLANT\",\"modelName\":\"NewYardModel\"}"}]}
RESULT: {"script":"<script> [1562 bytes]","args":[{"selector":{"controlType":"sap.m.Input","viewName":"etm.portal.ui.manageyards.view.New","viewId":"application-manageyards-display-component---NewYard","bindingPath":{"path":"","propertyPath":"/PLANT","modelName":"NewYardModel"},"interaction":{"idSuffix":"inner"}},"wdio_ui5_key":"etmportal.ui.manageyards.view.Newsap.m.Input{\"path\":\"\",\"propertyPath\":\"/PLANT\",\"modelName\":\"NewYardModel\"}"}]}
RESULT: undefined
COMMAND: POST /session/6c63433432e656fe102e41a405bf48f6/execute/async - {"script":"<script> [776 bytes]","args":[{"enterText":"1001","selector":{"controlType":"sap.m.Input","viewName":"etm.portal.ui.manageyards.view.New","viewId":"application-manageyards-display-component---NewYard","bindingPath":{"path":"","propertyPath":"/PLANT","modelName":"NewYardModel"},"interaction":{"idSuffix":"inner"}},"clearTextFirst":true,"interactionType":"ENTER_TEXT"}]}
RESULT: {"script":"<script> [776 bytes]","args":[{"enterText":"1001","selector":{"controlType":"sap.m.Input","viewName":"etm.portal.ui.manageyards.view.New","viewId":"application-manageyards-display-component---NewYard","bindingPath":{"path":"","propertyPath":"/PLANT","modelName":"NewYardModel"},"interaction":{"idSuffix":"inner"}},"clearTextFirst":true,"interactionType":"ENTER_TEXT"}]}
COMMAND: POST /session/6c63433432e656fe102e41a405bf48f6/execute/async - {"script":"<script> [1562 bytes]","args":[{"selector":{"controlType":"sap.m.Input","viewName":"etm.portal.ui.manageyards.view.New","viewId":"application-manageyards-display-component---NewYard","bindingPath":{"path":"","propertyPath":"/SALES_AREA_VKORG","modelName":"NewYardModel"},"interaction":{"idSuffix":"inner"}},"wdio_ui5_key":"etmportal.ui.manageyards.view.Newsap.m.Input{\"path\":\"\",\"propertyPath\":\"/SALES_AREA_VKORG\",\"modelName\":\"NewYardModel\"}"}]}
RESULT: {"script":"<script> [1562 bytes]","args":[{"selector":{"controlType":"sap.m.Input","viewName":"etm.portal.ui.manageyards.view.New","viewId":"application-manageyards-display-component---NewYard","bindingPath":{"path":"","propertyPath":"/SALES_AREA_VKORG","modelName":"NewYardModel"},"interaction":{"idSuffix":"inner"}},"wdio_ui5_key":"etmportal.ui.manageyards.view.Newsap.m.Input{\"path\":\"\",\"propertyPath\":\"/SALES_AREA_VKORG\",\"modelName\":\"NewYardModel\"}"}]}
RESULT: undefined
COMMAND: POST /session/6c63433432e656fe102e41a405bf48f6/execute/async - {"script":"<script> [776 bytes]","args":[{"enterText":"C002","selector":{"controlType":"sap.m.Input","viewName":"etm.portal.ui.manageyards.view.New","viewId":"application-manageyards-display-component---NewYard","bindingPath":{"path":"","propertyPath":"/SALES_AREA_VKORG","modelName":"NewYardModel"},"interaction":{"idSuffix":"inner"}},"clearTextFirst":true,"interactionType":"ENTER_TEXT"}]}
RESULT: {"script":"<script> [776 bytes]","args":[{"enterText":"C002","selector":{"controlType":"sap.m.Input","viewName":"etm.portal.ui.manageyards.view.New","viewId":"application-manageyards-display-component---NewYard","bindingPath":{"path":"","propertyPath":"/SALES_AREA_VKORG","modelName":"NewYardModel"},"interaction":{"idSuffix":"inner"}},"clearTextFirst":true,"interactionType":"ENTER_TEXT"}]}
COMMAND: POST /session/6c63433432e656fe102e41a405bf48f6/execute/async - {"script":"<script> [1562 bytes]","args":[{"selector":{"controlType":"sap.m.Input","viewName":"etm.portal.ui.manageyards.view.New","viewId":"application-manageyards-display-component---NewYard","bindingPath":{"path":"","propertyPath":"/SALES_AREA_VTWEG","modelName":"NewYardModel"},"interaction":{"idSuffix":"inner"}},"wdio_ui5_key":"etmportal.ui.manageyards.view.Newsap.m.Input{\"path\":\"\",\"propertyPath\":\"/SALES_AREA_VTWEG\",\"modelName\":\"NewYardModel\"}"}]}
RESULT: {"script":"<script> [1562 bytes]","args":[{"selector":{"controlType":"sap.m.Input","viewName":"etm.portal.ui.manageyards.view.New","viewId":"application-manageyards-display-component---NewYard","bindingPath":{"path":"","propertyPath":"/SALES_AREA_VTWEG","modelName":"NewYardModel"},"interaction":{"idSuffix":"inner"}},"wdio_ui5_key":"etmportal.ui.manageyards.view.Newsap.m.Input{\"path\":\"\",\"propertyPath\":\"/SALES_AREA_VTWEG\",\"modelName\":\"NewYardModel\"}"}]}
RESULT: undefined
COMMAND: POST /session/6c63433432e656fe102e41a405bf48f6/execute/async - {"script":"<script> [776 bytes]","args":[{"enterText":"C2","selector":{"controlType":"sap.m.Input","viewName":"etm.portal.ui.manageyards.view.New","viewId":"application-manageyards-display-component---NewYard","bindingPath":{"path":"","propertyPath":"/SALES_AREA_VTWEG","modelName":"NewYardModel"},"interaction":{"idSuffix":"inner"}},"clearTextFirst":true,"interactionType":"ENTER_TEXT"}]}
RESULT: {"script":"<script> [776 bytes]","args":[{"enterText":"C2","selector":{"controlType":"sap.m.Input","viewName":"etm.portal.ui.manageyards.view.New","viewId":"application-manageyards-display-component---NewYard","bindingPath":{"path":"","propertyPath":"/SALES_AREA_VTWEG","modelName":"NewYardModel"},"interaction":{"idSuffix":"inner"}},"clearTextFirst":true,"interactionType":"ENTER_TEXT"}]}
COMMAND: POST /session/6c63433432e656fe102e41a405bf48f6/execute/async - {"script":"<script> [1562 bytes]","args":[{"selector":{"controlType":"sap.m.Input","viewName":"etm.portal.ui.manageyards.view.New","viewId":"application-manageyards-display-component---NewYard","bindingPath":{"path":"","propertyPath":"/SALES_AREA_SPART","modelName":"NewYardModel"},"interaction":{"idSuffix":"inner"}},"wdio_ui5_key":"etmportal.ui.manageyards.view.Newsap.m.Input{\"path\":\"\",\"propertyPath\":\"/SALES_AREA_SPART\",\"modelName\":\"NewYardModel\"}"}]}
RESULT: {"script":"<script> [1562 bytes]","args":[{"selector":{"controlType":"sap.m.Input","viewName":"etm.portal.ui.manageyards.view.New","viewId":"application-manageyards-display-component---NewYard","bindingPath":{"path":"","propertyPath":"/SALES_AREA_SPART","modelName":"NewYardModel"},"interaction":{"idSuffix":"inner"}},"wdio_ui5_key":"etmportal.ui.manageyards.view.Newsap.m.Input{\"path\":\"\",\"propertyPath\":\"/SALES_AREA_SPART\",\"modelName\":\"NewYardModel\"}"}]}
RESULT: undefined
COMMAND: POST /session/6c63433432e656fe102e41a405bf48f6/execute/async - {"script":"<script> [776 bytes]","args":[{"enterText":"C2","selector":{"controlType":"sap.m.Input","viewName":"etm.portal.ui.manageyards.view.New","viewId":"application-manageyards-display-component---NewYard","bindingPath":{"path":"","propertyPath":"/SALES_AREA_SPART","modelName":"NewYardModel"},"interaction":{"idSuffix":"inner"}},"clearTextFirst":true,"interactionType":"ENTER_TEXT"}]}
RESULT: {"script":"<script> [776 bytes]","args":[{"enterText":"C2","selector":{"controlType":"sap.m.Input","viewName":"etm.portal.ui.manageyards.view.New","viewId":"application-manageyards-display-component---NewYard","bindingPath":{"path":"","propertyPath":"/SALES_AREA_SPART","modelName":"NewYardModel"},"interaction":{"idSuffix":"inner"}},"clearTextFirst":true,"interactionType":"ENTER_TEXT"}]}
COMMAND: POST /session/6c63433432e656fe102e41a405bf48f6/execute/async - {"script":"<script> [1562 bytes]","args":[{"selector":{"controlType":"sap.m.Input","viewName":"etm.portal.ui.manageyards.view.New","viewId":"application-manageyards-display-component---NewYard","bindingPath":{"path":"","propertyPath":"/SHIP_POINT","modelName":"NewYardModel"},"interaction":{"idSuffix":"inner"}},"wdio_ui5_key":"etmportal.ui.manageyards.view.Newsap.m.Input{\"path\":\"\",\"propertyPath\":\"/SHIP_POINT\",\"modelName\":\"NewYardModel\"}"}]}
RESULT: {"script":"<script> [1562 bytes]","args":[{"selector":{"controlType":"sap.m.Input","viewName":"etm.portal.ui.manageyards.view.New","viewId":"application-manageyards-display-component---NewYard","bindingPath":{"path":"","propertyPath":"/SHIP_POINT","modelName":"NewYardModel"},"interaction":{"idSuffix":"inner"}},"wdio_ui5_key":"etmportal.ui.manageyards.view.Newsap.m.Input{\"path\":\"\",\"propertyPath\":\"/SHIP_POINT\",\"modelName\":\"NewYardModel\"}"}]}
RESULT: undefined
COMMAND: POST /session/6c63433432e656fe102e41a405bf48f6/execute/async - {"script":"<script> [776 bytes]","args":[{"enterText":"1710","selector":{"controlType":"sap.m.Input","viewName":"etm.portal.ui.manageyards.view.New","viewId":"application-manageyards-display-component---NewYard","bindingPath":{"path":"","propertyPath":"/SHIP_POINT","modelName":"NewYardModel"},"interaction":{"idSuffix":"inner"}},"clearTextFirst":true,"interactionType":"ENTER_TEXT"}]}
RESULT: {"script":"<script> [776 bytes]","args":[{"enterText":"1710","selector":{"controlType":"sap.m.Input","viewName":"etm.portal.ui.manageyards.view.New","viewId":"application-manageyards-display-component---NewYard","bindingPath":{"path":"","propertyPath":"/SHIP_POINT","modelName":"NewYardModel"},"interaction":{"idSuffix":"inner"}},"clearTextFirst":true,"interactionType":"ENTER_TEXT"}]}
COMMAND: POST /session/6c63433432e656fe102e41a405bf48f6/execute/async - {"script":"<script> [1562 bytes]","args":[{"selector":{"controlType":"sap.m.Input","viewName":"etm.portal.ui.manageyards.view.New","viewId":"application-manageyards-display-component---NewYard","bindingPath":{"path":"","propertyPath":"/DELIVERY_TYPE","modelName":"NewYardModel"},"interaction":{"idSuffix":"inner"}},"wdio_ui5_key":"etmportal.ui.manageyards.view.Newsap.m.Input{\"path\":\"\",\"propertyPath\":\"/DELIVERY_TYPE\",\"modelName\":\"NewYardModel\"}"}]}
RESULT: {"script":"<script> [1562 bytes]","args":[{"selector":{"controlType":"sap.m.Input","viewName":"etm.portal.ui.manageyards.view.New","viewId":"application-manageyards-display-component---NewYard","bindingPath":{"path":"","propertyPath":"/DELIVERY_TYPE","modelName":"NewYardModel"},"interaction":{"idSuffix":"inner"}},"wdio_ui5_key":"etmportal.ui.manageyards.view.Newsap.m.Input{\"path\":\"\",\"propertyPath\":\"/DELIVERY_TYPE\",\"modelName\":\"NewYardModel\"}"}]}
RESULT: undefined
COMMAND: POST /session/6c63433432e656fe102e41a405bf48f6/execute/async - {"script":"<script> [776 bytes]","args":[{"enterText":"ZL01","selector":{"controlType":"sap.m.Input","viewName":"etm.portal.ui.manageyards.view.New","viewId":"application-manageyards-display-component---NewYard","bindingPath":{"path":"","propertyPath":"/DELIVERY_TYPE","modelName":"NewYardModel"},"interaction":{"idSuffix":"inner"}},"clearTextFirst":true,"interactionType":"ENTER_TEXT"}]}
RESULT: {"script":"<script> [776 bytes]","args":[{"enterText":"ZL01","selector":{"controlType":"sap.m.Input","viewName":"etm.portal.ui.manageyards.view.New","viewId":"application-manageyards-display-component---NewYard","bindingPath":{"path":"","propertyPath":"/DELIVERY_TYPE","modelName":"NewYardModel"},"interaction":{"idSuffix":"inner"}},"clearTextFirst":true,"interactionType":"ENTER_TEXT"}]}
COMMAND: POST /session/6c63433432e656fe102e41a405bf48f6/execute/async - {"script":"<script> [1562 bytes]","args":[{"selector":{"controlType":"sap.m.Input","viewName":"etm.portal.ui.manageyards.view.New","viewId":"application-manageyards-display-component---NewYard","bindingPath":{"path":"","propertyPath":"/AUART","modelName":"NewYardModel"},"interaction":{"idSuffix":"inner"}},"wdio_ui5_key":"etmportal.ui.manageyards.view.Newsap.m.Input{\"path\":\"\",\"propertyPath\":\"/AUART\",\"modelName\":\"NewYardModel\"}"}]}
RESULT: {"script":"<script> [1562 bytes]","args":[{"selector":{"controlType":"sap.m.Input","viewName":"etm.portal.ui.manageyards.view.New","viewId":"application-manageyards-display-component---NewYard","bindingPath":{"path":"","propertyPath":"/AUART","modelName":"NewYardModel"},"interaction":{"idSuffix":"inner"}},"wdio_ui5_key":"etmportal.ui.manageyards.view.Newsap.m.Input{\"path\":\"\",\"propertyPath\":\"/AUART\",\"modelName\":\"NewYardModel\"}"}]}
RESULT: undefined
COMMAND: POST /session/6c63433432e656fe102e41a405bf48f6/execute/async - {"script":"<script> [776 bytes]","args":[{"enterText":"TA","selector":{"controlType":"sap.m.Input","viewName":"etm.portal.ui.manageyards.view.New","viewId":"application-manageyards-display-component---NewYard","bindingPath":{"path":"","propertyPath":"/AUART","modelName":"NewYardModel"},"interaction":{"idSuffix":"inner"}},"clearTextFirst":true,"interactionType":"ENTER_TEXT"}]}
RESULT: {"script":"<script> [776 bytes]","args":[{"enterText":"TA","selector":{"controlType":"sap.m.Input","viewName":"etm.portal.ui.manageyards.view.New","viewId":"application-manageyards-display-component---NewYard","bindingPath":{"path":"","propertyPath":"/AUART","modelName":"NewYardModel"},"interaction":{"idSuffix":"inner"}},"clearTextFirst":true,"interactionType":"ENTER_TEXT"}]}
COMMAND: POST /session/6c63433432e656fe102e41a405bf48f6/element - {"using":"xpath","value":"//button[@data-kt=\"newYardSaveButton\"]"}
RESULT: {"using":"xpath","value":"//button[@data-kt=\"newYardSaveButton\"]"}
COMMAND: POST /session/6c63433432e656fe102e41a405bf48f6/element/f.D105F16D3864A3F2742A47C77377899E.d.217D6EDA66AFF0E2F735C0073FBA09D2.e.724/click - {}
RESULT: {}
COMMAND: GET /session/6c63433432e656fe102e41a405bf48f6/screenshot - {}
RESULT: {}
COMMAND: POST /session/6c63433432e656fe102e41a405bf48f6/element - {"using":"xpath","value":"//header[contains(@id, 'ObjectPageLayout-headerTitle')]/div[1]/div[2]/div[1]/span[1]"}
RESULT: {"using":"xpath","value":"//header[contains(@id, 'ObjectPageLayout-headerTitle')]/div[1]/div[2]/div[1]/span[1]"}
COMMAND: POST /session/6c63433432e656fe102e41a405bf48f6/elements - {"using":"xpath","value":"//header[contains(@id, 'ObjectPageLayout-headerTitle')]/div[1]/div[2]/div[1]/span[1]"}
RESULT: {"using":"xpath","value":"//header[contains(@id, 'ObjectPageLayout-headerTitle')]/div[1]/div[2]/div[1]/span[1]"}
COMMAND: POST /session/6c63433432e656fe102e41a405bf48f6/execute/sync - {"script":"<script> [56 bytes]","args":[{"element-6066-11e4-a52e-4f735466cecf":"f.D105F16D3864A3F2742A47C77377899E.d.217D6EDA66AFF0E2F735C0073FBA09D2.e.1029","ELEMENT":"f.D105F16D3864A3F2742A47C77377899E.d.217D6EDA66AFF0E2F735C0073FBA09D2.e.1029"}]}
RESULT: {"script":"<script> [56 bytes]","args":[{"element-6066-11e4-a52e-4f735466cecf":"f.D105F16D3864A3F2742A47C77377899E.d.217D6EDA66AFF0E2F735C0073FBA09D2.e.1029","ELEMENT":"f.D105F16D3864A3F2742A47C77377899E.d.217D6EDA66AFF0E2F735C0073FBA09D2.e.1029"}]}
COMMAND: GET /session/6c63433432e656fe102e41a405bf48f6/screenshot - {}
RESULT: {}
COMMAND: POST /session/6c63433432e656fe102e41a405bf48f6/element - {"using":"css selector","value":"#shell-header-logo"}
RESULT: {"using":"css selector","value":"#shell-header-logo"}
COMMAND: POST /session/6c63433432e656fe102e41a405bf48f6/element/f.D105F16D3864A3F2742A47C77377899E.d.217D6EDA66AFF0E2F735C0073FBA09D2.e.275/click - {}
RESULT: {}
COMMAND: GET /session/6c63433432e656fe102e41a405bf48f6/screenshot - {}
RESULT: {}
COMMAND: POST /session/6c63433432e656fe102e41a405bf48f6/execute/sync - {"script":"<script> [299 bytes]","args":[["getModel","getResource"]]}
RESULT: {"script":"<script> [299 bytes]","args":[["getModel","getResource"]]}
]]></system-out>
    </testcase>
    <testcase classname="chrome.135_0_7049_96.windows.Billing_confirm_US117289" name="Should create a new partner" time="122.134">
      <system-out><![CDATA[
COMMAND: GET /session/6c63433432e656fe102e41a405bf48f6/screenshot - {}
COMMAND: POST /session/6c63433432e656fe102e41a405bf48f6/window/fullscreen - {}
RESULT: {}
COMMAND: POST /session/6c63433432e656fe102e41a405bf48f6/execute/async - {"script":"<script> [1562 bytes]","args":[{"selector":{"controlType":"sap.m.GenericTile","properties":{"header":"Manage Partners"}},"wdio_ui5_key":"sapm.GenericTile{\"header\":\"Manage Partners\"}"}]}
RESULT: {}
RESULT: {"script":"<script> [1562 bytes]","args":[{"selector":{"controlType":"sap.m.GenericTile","properties":{"header":"Manage Partners"}},"wdio_ui5_key":"sapm.GenericTile{\"header\":\"Manage Partners\"}"}]}
RESULT: undefined
COMMAND: POST /session/6c63433432e656fe102e41a405bf48f6/element - {"using":"xpath","value":"//*[@id=\"__tile38\"]"}
RESULT: {"using":"xpath","value":"//*[@id=\"__tile38\"]"}
COMMAND: POST /session/6c63433432e656fe102e41a405bf48f6/element/f.D105F16D3864A3F2742A47C77377899E.d.217D6EDA66AFF0E2F735C0073FBA09D2.e.168/click - {}
RESULT: {}
COMMAND: POST /session/6c63433432e656fe102e41a405bf48f6/element - {"using":"xpath","value":"//button[@data-kt=\"addButton\"]"}
COMMAND: GET /session/6c63433432e656fe102e41a405bf48f6/screenshot - {}
RESULT: {"using":"xpath","value":"//button[@data-kt=\"addButton\"]"}
COMMAND: POST /session/6c63433432e656fe102e41a405bf48f6/elements - {"using":"xpath","value":"//button[@data-kt=\"addButton\"]"}
RESULT: {}
RESULT: {"using":"xpath","value":"//button[@data-kt=\"addButton\"]"}
COMMAND: POST /session/6c63433432e656fe102e41a405bf48f6/elements - {"using":"xpath","value":"//button[@data-kt=\"addButton\"]"}
RESULT: {"using":"xpath","value":"//button[@data-kt=\"addButton\"]"}
COMMAND: POST /session/6c63433432e656fe102e41a405bf48f6/elements - {"using":"xpath","value":"//button[@data-kt=\"addButton\"]"}
RESULT: {"using":"xpath","value":"//button[@data-kt=\"addButton\"]"}
COMMAND: POST /session/6c63433432e656fe102e41a405bf48f6/elements - {"using":"xpath","value":"//button[@data-kt=\"addButton\"]"}
RESULT: {"using":"xpath","value":"//button[@data-kt=\"addButton\"]"}
COMMAND: POST /session/6c63433432e656fe102e41a405bf48f6/elements - {"using":"xpath","value":"//button[@data-kt=\"addButton\"]"}
RESULT: {"using":"xpath","value":"//button[@data-kt=\"addButton\"]"}
COMMAND: POST /session/6c63433432e656fe102e41a405bf48f6/elements - {"using":"xpath","value":"//button[@data-kt=\"addButton\"]"}
RESULT: {"using":"xpath","value":"//button[@data-kt=\"addButton\"]"}
COMMAND: POST /session/6c63433432e656fe102e41a405bf48f6/elements - {"using":"xpath","value":"//button[@data-kt=\"addButton\"]"}
RESULT: {"using":"xpath","value":"//button[@data-kt=\"addButton\"]"}
COMMAND: POST /session/6c63433432e656fe102e41a405bf48f6/elements - {"using":"xpath","value":"//button[@data-kt=\"addButton\"]"}
RESULT: {"using":"xpath","value":"//button[@data-kt=\"addButton\"]"}
COMMAND: POST /session/6c63433432e656fe102e41a405bf48f6/elements - {"using":"xpath","value":"//button[@data-kt=\"addButton\"]"}
RESULT: {"using":"xpath","value":"//button[@data-kt=\"addButton\"]"}
COMMAND: POST /session/6c63433432e656fe102e41a405bf48f6/elements - {"using":"xpath","value":"//button[@data-kt=\"addButton\"]"}
RESULT: {"using":"xpath","value":"//button[@data-kt=\"addButton\"]"}
COMMAND: POST /session/6c63433432e656fe102e41a405bf48f6/elements - {"using":"xpath","value":"//button[@data-kt=\"addButton\"]"}
RESULT: {"using":"xpath","value":"//button[@data-kt=\"addButton\"]"}
COMMAND: POST /session/6c63433432e656fe102e41a405bf48f6/elements - {"using":"xpath","value":"//button[@data-kt=\"addButton\"]"}
RESULT: {"using":"xpath","value":"//button[@data-kt=\"addButton\"]"}
COMMAND: POST /session/6c63433432e656fe102e41a405bf48f6/elements - {"using":"xpath","value":"//button[@data-kt=\"addButton\"]"}
RESULT: {"using":"xpath","value":"//button[@data-kt=\"addButton\"]"}
COMMAND: POST /session/6c63433432e656fe102e41a405bf48f6/elements - {"using":"xpath","value":"//button[@data-kt=\"addButton\"]"}
RESULT: {"using":"xpath","value":"//button[@data-kt=\"addButton\"]"}
COMMAND: POST /session/6c63433432e656fe102e41a405bf48f6/elements - {"using":"xpath","value":"//button[@data-kt=\"addButton\"]"}
RESULT: {"using":"xpath","value":"//button[@data-kt=\"addButton\"]"}
COMMAND: POST /session/6c63433432e656fe102e41a405bf48f6/elements - {"using":"xpath","value":"//button[@data-kt=\"addButton\"]"}
RESULT: {"using":"xpath","value":"//button[@data-kt=\"addButton\"]"}
COMMAND: POST /session/6c63433432e656fe102e41a405bf48f6/elements - {"using":"xpath","value":"//button[@data-kt=\"addButton\"]"}
RESULT: {"using":"xpath","value":"//button[@data-kt=\"addButton\"]"}
COMMAND: POST /session/6c63433432e656fe102e41a405bf48f6/elements - {"using":"xpath","value":"//button[@data-kt=\"addButton\"]"}
RESULT: {"using":"xpath","value":"//button[@data-kt=\"addButton\"]"}
COMMAND: POST /session/6c63433432e656fe102e41a405bf48f6/elements - {"using":"xpath","value":"//button[@data-kt=\"addButton\"]"}
RESULT: {"using":"xpath","value":"//button[@data-kt=\"addButton\"]"}
COMMAND: POST /session/6c63433432e656fe102e41a405bf48f6/elements - {"using":"xpath","value":"//button[@data-kt=\"addButton\"]"}
RESULT: {"using":"xpath","value":"//button[@data-kt=\"addButton\"]"}
COMMAND: POST /session/6c63433432e656fe102e41a405bf48f6/element - {"using":"xpath","value":"//button[@data-kt=\"addButton\"]"}
RESULT: {"using":"xpath","value":"//button[@data-kt=\"addButton\"]"}
COMMAND: POST /session/6c63433432e656fe102e41a405bf48f6/execute/sync - {"script":"<script> [8489 bytes]","args":[{"element-6066-11e4-a52e-4f735466cecf":"f.D105F16D3864A3F2742A47C77377899E.d.217D6EDA66AFF0E2F735C0073FBA09D2.e.1068","ELEMENT":"f.D105F16D3864A3F2742A47C77377899E.d.217D6EDA66AFF0E2F735C0073FBA09D2.e.1068"}]}
RESULT: {"script":"<script> [8489 bytes]","args":[{"element-6066-11e4-a52e-4f735466cecf":"f.D105F16D3864A3F2742A47C77377899E.d.217D6EDA66AFF0E2F735C0073FBA09D2.e.1068","ELEMENT":"f.D105F16D3864A3F2742A47C77377899E.d.217D6EDA66AFF0E2F735C0073FBA09D2.e.1068"}]}
COMMAND: GET /session/6c63433432e656fe102e41a405bf48f6/element/f.D105F16D3864A3F2742A47C77377899E.d.217D6EDA66AFF0E2F735C0073FBA09D2.e.1068/enabled - {}
COMMAND: GET /session/6c63433432e656fe102e41a405bf48f6/screenshot - {}
RESULT: {}
COMMAND: POST /session/6c63433432e656fe102e41a405bf48f6/execute/sync - {"script":"<script> [8489 bytes]","args":[{"element-6066-11e4-a52e-4f735466cecf":"f.D105F16D3864A3F2742A47C77377899E.d.217D6EDA66AFF0E2F735C0073FBA09D2.e.1068","ELEMENT":"f.D105F16D3864A3F2742A47C77377899E.d.217D6EDA66AFF0E2F735C0073FBA09D2.e.1068"}]}
COMMAND: GET /session/6c63433432e656fe102e41a405bf48f6/screenshot - {}
RESULT: {}
RESULT: {"script":"<script> [8489 bytes]","args":[{"element-6066-11e4-a52e-4f735466cecf":"f.D105F16D3864A3F2742A47C77377899E.d.217D6EDA66AFF0E2F735C0073FBA09D2.e.1068","ELEMENT":"f.D105F16D3864A3F2742A47C77377899E.d.217D6EDA66AFF0E2F735C0073FBA09D2.e.1068"}]}
COMMAND: POST /session/6c63433432e656fe102e41a405bf48f6/execute/sync - {"script":"<script> [5351 bytes]","args":[{"element-6066-11e4-a52e-4f735466cecf":"f.D105F16D3864A3F2742A47C77377899E.d.217D6EDA66AFF0E2F735C0073FBA09D2.e.1068","ELEMENT":"f.D105F16D3864A3F2742A47C77377899E.d.217D6EDA66AFF0E2F735C0073FBA09D2.e.1068"}]}
COMMAND: GET /session/6c63433432e656fe102e41a405bf48f6/screenshot - {}
RESULT: {}
RESULT: {"script":"<script> [5351 bytes]","args":[{"element-6066-11e4-a52e-4f735466cecf":"f.D105F16D3864A3F2742A47C77377899E.d.217D6EDA66AFF0E2F735C0073FBA09D2.e.1068","ELEMENT":"f.D105F16D3864A3F2742A47C77377899E.d.217D6EDA66AFF0E2F735C0073FBA09D2.e.1068"}]}
COMMAND: POST /session/6c63433432e656fe102e41a405bf48f6/element/f.D105F16D3864A3F2742A47C77377899E.d.217D6EDA66AFF0E2F735C0073FBA09D2.e.1068/click - {}
COMMAND: GET /session/6c63433432e656fe102e41a405bf48f6/screenshot - {}
RESULT: {}
RESULT: {}
COMMAND: GET /session/6c63433432e656fe102e41a405bf48f6/screenshot - {}
COMMAND: POST /session/6c63433432e656fe102e41a405bf48f6/execute/async - {"script":"<script> [1562 bytes]","args":[{"selector":{"id":"application-managepartners-display-component---NewPartner--addressDetailDetailsName1","interaction":{"idSuffix":"inner"}},"wdio_ui5_key":"applicationmanagepartners-display-component---NewPartner--addressDetailDetailsName1"}]}
RESULT: {}
RESULT: {}
RESULT: {"script":"<script> [1562 bytes]","args":[{"selector":{"id":"application-managepartners-display-component---NewPartner--addressDetailDetailsName1","interaction":{"idSuffix":"inner"}},"wdio_ui5_key":"applicationmanagepartners-display-component---NewPartner--addressDetailDetailsName1"}]}
RESULT: undefined
COMMAND: POST /session/6c63433432e656fe102e41a405bf48f6/execute/async - {"script":"<script> [776 bytes]","args":[{"enterText":"Intracompany Partner WDIO","selector":{"id":"application-managepartners-display-component---NewPartner--addressDetailDetailsName1","interaction":{"idSuffix":"inner"}},"clearTextFirst":true,"interactionType":"ENTER_TEXT"}]}
RESULT: {"script":"<script> [776 bytes]","args":[{"enterText":"Intracompany Partner WDIO","selector":{"id":"application-managepartners-display-component---NewPartner--addressDetailDetailsName1","interaction":{"idSuffix":"inner"}},"clearTextFirst":true,"interactionType":"ENTER_TEXT"}]}
COMMAND: POST /session/6c63433432e656fe102e41a405bf48f6/execute/async - {"script":"<script> [1562 bytes]","args":[{"selector":{"id":"application-managepartners-display-component---NewPartner--addressDetailDetailsLanguage-arrow"},"wdio_ui5_key":"applicationmanagepartners-display-component---NewPartner--addressDetailDetailsLanguage-arrow"}]}
RESULT: {"script":"<script> [1562 bytes]","args":[{"selector":{"id":"application-managepartners-display-component---NewPartner--addressDetailDetailsLanguage-arrow"},"wdio_ui5_key":"applicationmanagepartners-display-component---NewPartner--addressDetailDetailsLanguage-arrow"}]}
RESULT: undefined
COMMAND: POST /session/6c63433432e656fe102e41a405bf48f6/element - {"using":"xpath","value":"//*[@id=\"application-managepartners-display-component---NewPartner--addressDetailDetailsLanguage-arrow\"]"}
RESULT: {"using":"xpath","value":"//*[@id=\"application-managepartners-display-component---NewPartner--addressDetailDetailsLanguage-arrow\"]"}
COMMAND: POST /session/6c63433432e656fe102e41a405bf48f6/element/f.D105F16D3864A3F2742A47C77377899E.d.217D6EDA66AFF0E2F735C0073FBA09D2.e.1524/click - {}
RESULT: {}
COMMAND: POST /session/6c63433432e656fe102e41a405bf48f6/element - {"using":"xpath","value":"//span[contains(text(), \"English\")]"}
COMMAND: GET /session/6c63433432e656fe102e41a405bf48f6/screenshot - {}
RESULT: {"using":"xpath","value":"//span[contains(text(), \"English\")]"}
COMMAND: POST /session/6c63433432e656fe102e41a405bf48f6/element/f.D105F16D3864A3F2742A47C77377899E.d.217D6EDA66AFF0E2F735C0073FBA09D2.e.1525/click - {}
RESULT: {}
RESULT: {}
COMMAND: GET /session/6c63433432e656fe102e41a405bf48f6/screenshot - {}
RESULT: {}
COMMAND: POST /session/6c63433432e656fe102e41a405bf48f6/execute/async - {"script":"<script> [1562 bytes]","args":[{"selector":{"id":"application-managepartners-display-component---NewPartner--addressDetailDetailsCity1","interaction":{"idSuffix":"inner"}},"wdio_ui5_key":"applicationmanagepartners-display-component---NewPartner--addressDetailDetailsCity1"}]}
RESULT: {"script":"<script> [1562 bytes]","args":[{"selector":{"id":"application-managepartners-display-component---NewPartner--addressDetailDetailsCity1","interaction":{"idSuffix":"inner"}},"wdio_ui5_key":"applicationmanagepartners-display-component---NewPartner--addressDetailDetailsCity1"}]}
RESULT: undefined
COMMAND: POST /session/6c63433432e656fe102e41a405bf48f6/execute/async - {"script":"<script> [776 bytes]","args":[{"enterText":"Rosario","selector":{"id":"application-managepartners-display-component---NewPartner--addressDetailDetailsCity1","interaction":{"idSuffix":"inner"}},"clearTextFirst":true,"interactionType":"ENTER_TEXT"}]}
RESULT: {"script":"<script> [776 bytes]","args":[{"enterText":"Rosario","selector":{"id":"application-managepartners-display-component---NewPartner--addressDetailDetailsCity1","interaction":{"idSuffix":"inner"}},"clearTextFirst":true,"interactionType":"ENTER_TEXT"}]}
COMMAND: POST /session/6c63433432e656fe102e41a405bf48f6/execute/async - {"script":"<script> [1562 bytes]","args":[{"selector":{"id":"application-managepartners-display-component---NewPartner--addressDetailDetailsCountry-arrow"},"wdio_ui5_key":"applicationmanagepartners-display-component---NewPartner--addressDetailDetailsCountry-arrow"}]}
RESULT: {"script":"<script> [1562 bytes]","args":[{"selector":{"id":"application-managepartners-display-component---NewPartner--addressDetailDetailsCountry-arrow"},"wdio_ui5_key":"applicationmanagepartners-display-component---NewPartner--addressDetailDetailsCountry-arrow"}]}
RESULT: undefined
COMMAND: POST /session/6c63433432e656fe102e41a405bf48f6/element - {"using":"xpath","value":"//*[@id=\"application-managepartners-display-component---NewPartner--addressDetailDetailsCountry-arrow\"]"}
RESULT: {"using":"xpath","value":"//*[@id=\"application-managepartners-display-component---NewPartner--addressDetailDetailsCountry-arrow\"]"}
COMMAND: POST /session/6c63433432e656fe102e41a405bf48f6/element/f.D105F16D3864A3F2742A47C77377899E.d.217D6EDA66AFF0E2F735C0073FBA09D2.e.1510/click - {}
RESULT: {}
COMMAND: POST /session/6c63433432e656fe102e41a405bf48f6/element - {"using":"xpath","value":"//span[contains(text(), \"Argentina\")]"}
COMMAND: GET /session/6c63433432e656fe102e41a405bf48f6/screenshot - {}
RESULT: {"using":"xpath","value":"//span[contains(text(), \"Argentina\")]"}
COMMAND: POST /session/6c63433432e656fe102e41a405bf48f6/element/f.D105F16D3864A3F2742A47C77377899E.d.217D6EDA66AFF0E2F735C0073FBA09D2.e.1527/click - {}
RESULT: {}
RESULT: {}
COMMAND: GET /session/6c63433432e656fe102e41a405bf48f6/screenshot - {}
RESULT: {}
COMMAND: POST /session/6c63433432e656fe102e41a405bf48f6/element - {"using":"xpath","value":"//bdi[contains(text(), \"Commercial\")]"}
RESULT: {"using":"xpath","value":"//bdi[contains(text(), \"Commercial\")]"}
COMMAND: POST /session/6c63433432e656fe102e41a405bf48f6/element/f.D105F16D3864A3F2742A47C77377899E.d.217D6EDA66AFF0E2F735C0073FBA09D2.e.1528/click - {}
RESULT: {}
COMMAND: GET /session/6c63433432e656fe102e41a405bf48f6/screenshot - {}
RESULT: {}
COMMAND: POST /session/6c63433432e656fe102e41a405bf48f6/execute/async - {"script":"<script> [1562 bytes]","args":[{"selector":{"id":"application-managepartners-display-component---NewPartner--partnerDetailInternal-arrow"},"wdio_ui5_key":"applicationmanagepartners-display-component---NewPartner--partnerDetailInternal-arrow"}]}
RESULT: {"script":"<script> [1562 bytes]","args":[{"selector":{"id":"application-managepartners-display-component---NewPartner--partnerDetailInternal-arrow"},"wdio_ui5_key":"applicationmanagepartners-display-component---NewPartner--partnerDetailInternal-arrow"}]}
RESULT: undefined
COMMAND: POST /session/6c63433432e656fe102e41a405bf48f6/element - {"using":"xpath","value":"//*[@id=\"application-managepartners-display-component---NewPartner--partnerDetailInternal-arrow\"]"}
RESULT: {"using":"xpath","value":"//*[@id=\"application-managepartners-display-component---NewPartner--partnerDetailInternal-arrow\"]"}
COMMAND: POST /session/6c63433432e656fe102e41a405bf48f6/element/f.D105F16D3864A3F2742A47C77377899E.d.217D6EDA66AFF0E2F735C0073FBA09D2.e.1534/click - {}
RESULT: {}
COMMAND: POST /session/6c63433432e656fe102e41a405bf48f6/element - {"using":"xpath","value":"//span[contains(text(), \"Affiliated company\")]"}
COMMAND: GET /session/6c63433432e656fe102e41a405bf48f6/screenshot - {}
RESULT: {"using":"xpath","value":"//span[contains(text(), \"Affiliated company\")]"}
COMMAND: POST /session/6c63433432e656fe102e41a405bf48f6/element/f.D105F16D3864A3F2742A47C77377899E.d.217D6EDA66AFF0E2F735C0073FBA09D2.e.1537/click - {}
RESULT: {}
RESULT: {}
COMMAND: POST /session/6c63433432e656fe102e41a405bf48f6/execute/async - {"script":"<script> [1562 bytes]","args":[{"selector":{"id":"application-managepartners-display-component---NewPartner--partnerDetailsCurrency-arrow"},"wdio_ui5_key":"applicationmanagepartners-display-component---NewPartner--partnerDetailsCurrency-arrow"}]}
COMMAND: GET /session/6c63433432e656fe102e41a405bf48f6/screenshot - {}
RESULT: {"script":"<script> [1562 bytes]","args":[{"selector":{"id":"application-managepartners-display-component---NewPartner--partnerDetailsCurrency-arrow"},"wdio_ui5_key":"applicationmanagepartners-display-component---NewPartner--partnerDetailsCurrency-arrow"}]}
RESULT: undefined
COMMAND: POST /session/6c63433432e656fe102e41a405bf48f6/element - {"using":"xpath","value":"//*[@id=\"application-managepartners-display-component---NewPartner--partnerDetailsCurrency-arrow\"]"}
RESULT: {}
RESULT: {"using":"xpath","value":"//*[@id=\"application-managepartners-display-component---NewPartner--partnerDetailsCurrency-arrow\"]"}
COMMAND: POST /session/6c63433432e656fe102e41a405bf48f6/element/f.D105F16D3864A3F2742A47C77377899E.d.217D6EDA66AFF0E2F735C0073FBA09D2.e.1544/click - {}
RESULT: {}
COMMAND: POST /session/6c63433432e656fe102e41a405bf48f6/element - {"using":"xpath","value":"//span[contains(text(), \"Euro\")]"}
COMMAND: GET /session/6c63433432e656fe102e41a405bf48f6/screenshot - {}
RESULT: {"using":"xpath","value":"//span[contains(text(), \"Euro\")]"}
COMMAND: POST /session/6c63433432e656fe102e41a405bf48f6/element/f.D105F16D3864A3F2742A47C77377899E.d.217D6EDA66AFF0E2F735C0073FBA09D2.e.1545/click - {}
RESULT: {}
RESULT: {}
COMMAND: POST /session/6c63433432e656fe102e41a405bf48f6/execute/async - {"script":"<script> [1562 bytes]","args":[{"selector":{"id":"application-managepartners-display-component---NewPartner--addressEditDetailsCostObjectCstType-arrow"},"wdio_ui5_key":"applicationmanagepartners-display-component---NewPartner--addressEditDetailsCostObjectCstType-arrow"}]}
COMMAND: GET /session/6c63433432e656fe102e41a405bf48f6/screenshot - {}
RESULT: {"script":"<script> [1562 bytes]","args":[{"selector":{"id":"application-managepartners-display-component---NewPartner--addressEditDetailsCostObjectCstType-arrow"},"wdio_ui5_key":"applicationmanagepartners-display-component---NewPartner--addressEditDetailsCostObjectCstType-arrow"}]}
RESULT: undefined
COMMAND: POST /session/6c63433432e656fe102e41a405bf48f6/element - {"using":"xpath","value":"//*[@id=\"application-managepartners-display-component---NewPartner--addressEditDetailsCostObjectCstType-arrow\"]"}
RESULT: {}
RESULT: {"using":"xpath","value":"//*[@id=\"application-managepartners-display-component---NewPartner--addressEditDetailsCostObjectCstType-arrow\"]"}
COMMAND: POST /session/6c63433432e656fe102e41a405bf48f6/element/f.D105F16D3864A3F2742A47C77377899E.d.217D6EDA66AFF0E2F735C0073FBA09D2.e.1546/click - {}
RESULT: {}
COMMAND: POST /session/6c63433432e656fe102e41a405bf48f6/element - {"using":"xpath","value":"//span[contains(text(), \"Cost Center\")]"}
COMMAND: GET /session/6c63433432e656fe102e41a405bf48f6/screenshot - {}
RESULT: {"using":"xpath","value":"//span[contains(text(), \"Cost Center\")]"}
COMMAND: POST /session/6c63433432e656fe102e41a405bf48f6/element/f.D105F16D3864A3F2742A47C77377899E.d.217D6EDA66AFF0E2F735C0073FBA09D2.e.1547/click - {}
RESULT: {}
RESULT: {}
COMMAND: GET /session/6c63433432e656fe102e41a405bf48f6/screenshot - {}
RESULT: {}
COMMAND: POST /session/6c63433432e656fe102e41a405bf48f6/element - {"using":"xpath","value":"//span[@id=\"application-managepartners-display-component---NewPartner--addressNewCostObjectCstID-vhi\"]"}
RESULT: {"using":"xpath","value":"//span[@id=\"application-managepartners-display-component---NewPartner--addressNewCostObjectCstID-vhi\"]"}
COMMAND: POST /session/6c63433432e656fe102e41a405bf48f6/execute/sync - {"script":"<script> [8489 bytes]","args":[{"element-6066-11e4-a52e-4f735466cecf":"f.D105F16D3864A3F2742A47C77377899E.d.217D6EDA66AFF0E2F735C0073FBA09D2.e.1551","ELEMENT":"f.D105F16D3864A3F2742A47C77377899E.d.217D6EDA66AFF0E2F735C0073FBA09D2.e.1551"}]}
RESULT: {"script":"<script> [8489 bytes]","args":[{"element-6066-11e4-a52e-4f735466cecf":"f.D105F16D3864A3F2742A47C77377899E.d.217D6EDA66AFF0E2F735C0073FBA09D2.e.1551","ELEMENT":"f.D105F16D3864A3F2742A47C77377899E.d.217D6EDA66AFF0E2F735C0073FBA09D2.e.1551"}]}
COMMAND: POST /session/6c63433432e656fe102e41a405bf48f6/execute/async - {"script":"<script> [1562 bytes]","args":[{"selector":{"id":"application-managepartners-display-component---NewPartner--addressNewCostObjectCstID-vhi"},"wdio_ui5_key":"applicationmanagepartners-display-component---NewPartner--addressNewCostObjectCstID-vhi"}]}
COMMAND: GET /session/6c63433432e656fe102e41a405bf48f6/screenshot - {}
RESULT: {"script":"<script> [1562 bytes]","args":[{"selector":{"id":"application-managepartners-display-component---NewPartner--addressNewCostObjectCstID-vhi"},"wdio_ui5_key":"applicationmanagepartners-display-component---NewPartner--addressNewCostObjectCstID-vhi"}]}
RESULT: undefined
COMMAND: POST /session/6c63433432e656fe102e41a405bf48f6/element - {"using":"xpath","value":"//*[@id=\"application-managepartners-display-component---NewPartner--addressNewCostObjectCstID-vhi\"]"}
RESULT: {}
RESULT: {"using":"xpath","value":"//*[@id=\"application-managepartners-display-component---NewPartner--addressNewCostObjectCstID-vhi\"]"}
COMMAND: POST /session/6c63433432e656fe102e41a405bf48f6/element/f.D105F16D3864A3F2742A47C77377899E.d.217D6EDA66AFF0E2F735C0073FBA09D2.e.1551/click - {}
RESULT: {}
COMMAND: GET /session/6c63433432e656fe102e41a405bf48f6/screenshot - {}
RESULT: {}
RESULT: undefined
COMMAND: POST /session/6c63433432e656fe102e41a405bf48f6/execute/async - {"script":"<script> [776 bytes]","args":[{"enterText":"10001013","selector":{"controlType":"sap.m.SearchField","properties":{"placeholder":"Search"},"searchOpenDialogs":true,"interaction":{"idSuffix":"I"}},"clearTextFirst":true,"interactionType":"ENTER_TEXT"}]}
RESULT: {"script":"<script> [776 bytes]","args":[{"enterText":"10001013","selector":{"controlType":"sap.m.SearchField","properties":{"placeholder":"Search"},"searchOpenDialogs":true,"interaction":{"idSuffix":"I"}},"clearTextFirst":true,"interactionType":"ENTER_TEXT"}]}
COMMAND: POST /session/6c63433432e656fe102e41a405bf48f6/actions - {"actions":[{"id":"action2","type":"key","parameters":{},"actions":[{"type":"keyDown","value":"î€‡"},{"type":"pause","duration":10},{"type":"keyUp","value":"î€‡"}]}]}
RESULT: {"actions":[{"id":"action2","type":"key","parameters":{},"actions":[{"type":"keyDown","value":"î€‡"},{"type":"pause","duration":10},{"type":"keyUp","value":"î€‡"}]}]}
COMMAND: GET /session/6c63433432e656fe102e41a405bf48f6/screenshot - {}
RESULT: {}
COMMAND: POST /session/6c63433432e656fe102e41a405bf48f6/element - {"using":"xpath","value":"//span[contains(text(), \"General Management\")]"}
RESULT: {"using":"xpath","value":"//span[contains(text(), \"General Management\")]"}
COMMAND: POST /session/6c63433432e656fe102e41a405bf48f6/element/f.D105F16D3864A3F2742A47C77377899E.d.217D6EDA66AFF0E2F735C0073FBA09D2.e.1589/click - {}
RESULT: {}
COMMAND: GET /session/6c63433432e656fe102e41a405bf48f6/screenshot - {}
RESULT: {}
COMMAND: POST /session/6c63433432e656fe102e41a405bf48f6/element - {"using":"xpath","value":"//bdi[contains(text(), \"OK\")]"}
RESULT: {"using":"xpath","value":"//bdi[contains(text(), \"OK\")]"}
COMMAND: POST /session/6c63433432e656fe102e41a405bf48f6/element/f.D105F16D3864A3F2742A47C77377899E.d.217D6EDA66AFF0E2F735C0073FBA09D2.e.1590/click - {}
RESULT: {}
COMMAND: GET /session/6c63433432e656fe102e41a405bf48f6/screenshot - {}
RESULT: {}
COMMAND: POST /session/6c63433432e656fe102e41a405bf48f6/element - {"using":"xpath","value":"//input[@id=\"application-managepartners-display-component---NewPartner--companyCodeComboBox-inner\"]"}
RESULT: {"using":"xpath","value":"//input[@id=\"application-managepartners-display-component---NewPartner--companyCodeComboBox-inner\"]"}
COMMAND: POST /session/6c63433432e656fe102e41a405bf48f6/element/f.D105F16D3864A3F2742A47C77377899E.d.217D6EDA66AFF0E2F735C0073FBA09D2.e.1381/clear - {}
RESULT: {}
COMMAND: POST /session/6c63433432e656fe102e41a405bf48f6/element/f.D105F16D3864A3F2742A47C77377899E.d.217D6EDA66AFF0E2F735C0073FBA09D2.e.1381/value - {"text":"1000"}
COMMAND: GET /session/6c63433432e656fe102e41a405bf48f6/screenshot - {}
RESULT: {"text":"1000"}
COMMAND: GET /session/6c63433432e656fe102e41a405bf48f6/screenshot - {}
RESULT: {}
RESULT: {}
COMMAND: POST /session/6c63433432e656fe102e41a405bf48f6/element - {"using":"xpath","value":"//span[contains(text(), \"1000\")]"}
RESULT: {"using":"xpath","value":"//span[contains(text(), \"1000\")]"}
COMMAND: POST /session/6c63433432e656fe102e41a405bf48f6/element/f.D105F16D3864A3F2742A47C77377899E.d.217D6EDA66AFF0E2F735C0073FBA09D2.e.1596/click - {}
RESULT: {}
COMMAND: GET /session/6c63433432e656fe102e41a405bf48f6/screenshot - {}
RESULT: {}
COMMAND: POST /session/6c63433432e656fe102e41a405bf48f6/execute/async - {"script":"<script> [1562 bytes]","args":[{"selector":{"id":"application-managepartners-display-component---NewPartner--btnAddTableRow-img"},"wdio_ui5_key":"applicationmanagepartners-display-component---NewPartner--btnAddTableRow-img"}]}
RESULT: {"script":"<script> [1562 bytes]","args":[{"selector":{"id":"application-managepartners-display-component---NewPartner--btnAddTableRow-img"},"wdio_ui5_key":"applicationmanagepartners-display-component---NewPartner--btnAddTableRow-img"}]}
RESULT: undefined
COMMAND: POST /session/6c63433432e656fe102e41a405bf48f6/element - {"using":"xpath","value":"//*[@id=\"application-managepartners-display-component---NewPartner--btnAddTableRow-img\"]"}
RESULT: {"using":"xpath","value":"//*[@id=\"application-managepartners-display-component---NewPartner--btnAddTableRow-img\"]"}
COMMAND: POST /session/6c63433432e656fe102e41a405bf48f6/element/f.D105F16D3864A3F2742A47C77377899E.d.217D6EDA66AFF0E2F735C0073FBA09D2.e.1597/click - {}
RESULT: {}
COMMAND: GET /session/6c63433432e656fe102e41a405bf48f6/screenshot - {}
RESULT: {}
COMMAND: POST /session/6c63433432e656fe102e41a405bf48f6/element - {"using":"xpath","value":"//input[@id=\"application-managepartners-display-component---NewPartner--assignmentYard-application-managepartners-display-component---NewPartner--assignmentsTable-0-inner\"]"}
RESULT: {"using":"xpath","value":"//input[@id=\"application-managepartners-display-component---NewPartner--assignmentYard-application-managepartners-display-component---NewPartner--assignmentsTable-0-inner\"]"}
COMMAND: POST /session/6c63433432e656fe102e41a405bf48f6/element/f.D105F16D3864A3F2742A47C77377899E.d.217D6EDA66AFF0E2F735C0073FBA09D2.e.1600/clear - {}
RESULT: {}
COMMAND: POST /session/6c63433432e656fe102e41a405bf48f6/element/f.D105F16D3864A3F2742A47C77377899E.d.217D6EDA66AFF0E2F735C0073FBA09D2.e.1600/value - {"text":"546"}
COMMAND: GET /session/6c63433432e656fe102e41a405bf48f6/screenshot - {}
RESULT: {"text":"546"}
COMMAND: GET /session/6c63433432e656fe102e41a405bf48f6/screenshot - {}
RESULT: {}
RESULT: {}
COMMAND: POST /session/6c63433432e656fe102e41a405bf48f6/element - {"using":"xpath","value":"//li[.//span[text()='546']]"}
RESULT: {"using":"xpath","value":"//li[.//span[text()='546']]"}
COMMAND: POST /session/6c63433432e656fe102e41a405bf48f6/element/f.D105F16D3864A3F2742A47C77377899E.d.217D6EDA66AFF0E2F735C0073FBA09D2.e.1609/click - {}
RESULT: {}
COMMAND: GET /session/6c63433432e656fe102e41a405bf48f6/screenshot - {}
RESULT: {}
COMMAND: POST /session/6c63433432e656fe102e41a405bf48f6/actions - {"actions":[{"id":"action3","type":"key","parameters":{},"actions":[{"type":"keyDown","value":"î€‡"},{"type":"pause","duration":10},{"type":"keyUp","value":"î€‡"}]}]}
RESULT: {"actions":[{"id":"action3","type":"key","parameters":{},"actions":[{"type":"keyDown","value":"î€‡"},{"type":"pause","duration":10},{"type":"keyUp","value":"î€‡"}]}]}
COMMAND: POST /session/6c63433432e656fe102e41a405bf48f6/execute/async - {"script":"<script> [1562 bytes]","args":[{"selector":{"id":"application-managepartners-display-component---NewPartner--externalCustomerComboBox-application-managepartners-display-component---NewPartner--assignmentsTable-0-vhi"},"wdio_ui5_key":"applicationmanagepartners-display-component---NewPartner--externalCustomerComboBox-application-managepartners-display-component---NewPartner--assignmentsTable-0-vhi"}]}
COMMAND: GET /session/6c63433432e656fe102e41a405bf48f6/screenshot - {}
RESULT: {"script":"<script> [1562 bytes]","args":[{"selector":{"id":"application-managepartners-display-component---NewPartner--externalCustomerComboBox-application-managepartners-display-component---NewPartner--assignmentsTable-0-vhi"},"wdio_ui5_key":"applicationmanagepartners-display-component---NewPartner--externalCustomerComboBox-application-managepartners-display-component---NewPartner--assignmentsTable-0-vhi"}]}
RESULT: undefined
COMMAND: POST /session/6c63433432e656fe102e41a405bf48f6/element - {"using":"xpath","value":"//*[@id=\"application-managepartners-display-component---NewPartner--externalCustomerComboBox-application-managepartners-display-component---NewPartner--assignmentsTable-0-vhi\"]"}
RESULT: {}
RESULT: {"using":"xpath","value":"//*[@id=\"application-managepartners-display-component---NewPartner--externalCustomerComboBox-application-managepartners-display-component---NewPartner--assignmentsTable-0-vhi\"]"}
COMMAND: POST /session/6c63433432e656fe102e41a405bf48f6/element/f.D105F16D3864A3F2742A47C77377899E.d.217D6EDA66AFF0E2F735C0073FBA09D2.e.1613/click - {}
RESULT: {}
RESULT: undefined
COMMAND: POST /session/6c63433432e656fe102e41a405bf48f6/execute/async - {"script":"<script> [776 bytes]","args":[{"enterText":"300003","selector":{"controlType":"sap.m.SearchField","properties":{"placeholder":"Search"},"searchOpenDialogs":true,"interaction":{"idSuffix":"I"}},"clearTextFirst":true,"interactionType":"ENTER_TEXT"}]}
COMMAND: GET /session/6c63433432e656fe102e41a405bf48f6/screenshot - {}
RESULT: {"script":"<script> [776 bytes]","args":[{"enterText":"300003","selector":{"controlType":"sap.m.SearchField","properties":{"placeholder":"Search"},"searchOpenDialogs":true,"interaction":{"idSuffix":"I"}},"clearTextFirst":true,"interactionType":"ENTER_TEXT"}]}
COMMAND: POST /session/6c63433432e656fe102e41a405bf48f6/actions - {"actions":[{"id":"action4","type":"key","parameters":{},"actions":[{"type":"keyDown","value":"î€‡"},{"type":"pause","duration":10},{"type":"keyUp","value":"î€‡"}]}]}
RESULT: {}
RESULT: {"actions":[{"id":"action4","type":"key","parameters":{},"actions":[{"type":"keyDown","value":"î€‡"},{"type":"pause","duration":10},{"type":"keyUp","value":"î€‡"}]}]}
COMMAND: GET /session/6c63433432e656fe102e41a405bf48f6/screenshot - {}
RESULT: {}
COMMAND: POST /session/6c63433432e656fe102e41a405bf48f6/element - {"using":"xpath","value":"//span[contains(text(), \"300003\")]"}
RESULT: {"using":"xpath","value":"//span[contains(text(), \"300003\")]"}
COMMAND: POST /session/6c63433432e656fe102e41a405bf48f6/element/f.D105F16D3864A3F2742A47C77377899E.d.217D6EDA66AFF0E2F735C0073FBA09D2.e.1631/click - {}
RESULT: {}
COMMAND: GET /session/6c63433432e656fe102e41a405bf48f6/screenshot - {}
RESULT: {}
COMMAND: POST /session/6c63433432e656fe102e41a405bf48f6/element - {"using":"xpath","value":"//bdi[contains(text(), \"OK\")]"}
RESULT: {"using":"xpath","value":"//bdi[contains(text(), \"OK\")]"}
COMMAND: POST /session/6c63433432e656fe102e41a405bf48f6/element/f.D105F16D3864A3F2742A47C77377899E.d.217D6EDA66AFF0E2F735C0073FBA09D2.e.1633/click - {}
RESULT: {}
COMMAND: GET /session/6c63433432e656fe102e41a405bf48f6/screenshot - {}
RESULT: {}
COMMAND: POST /session/6c63433432e656fe102e41a405bf48f6/execute/async - {"script":"<script> [1562 bytes]","args":[{"selector":{"id":"application-managepartners-display-component---NewPartner--intercompVendorComboBox-application-managepartners-display-component---NewPartner--assignmentsTable-0-vhi"},"wdio_ui5_key":"applicationmanagepartners-display-component---NewPartner--intercompVendorComboBox-application-managepartners-display-component---NewPartner--assignmentsTable-0-vhi"}]}
RESULT: {"script":"<script> [1562 bytes]","args":[{"selector":{"id":"application-managepartners-display-component---NewPartner--intercompVendorComboBox-application-managepartners-display-component---NewPartner--assignmentsTable-0-vhi"},"wdio_ui5_key":"applicationmanagepartners-display-component---NewPartner--intercompVendorComboBox-application-managepartners-display-component---NewPartner--assignmentsTable-0-vhi"}]}
RESULT: undefined
COMMAND: POST /session/6c63433432e656fe102e41a405bf48f6/element - {"using":"xpath","value":"//*[@id=\"application-managepartners-display-component---NewPartner--intercompVendorComboBox-application-managepartners-display-component---NewPartner--assignmentsTable-0-vhi\"]"}
RESULT: {"using":"xpath","value":"//*[@id=\"application-managepartners-display-component---NewPartner--intercompVendorComboBox-application-managepartners-display-component---NewPartner--assignmentsTable-0-vhi\"]"}
COMMAND: POST /session/6c63433432e656fe102e41a405bf48f6/element/f.D105F16D3864A3F2742A47C77377899E.d.217D6EDA66AFF0E2F735C0073FBA09D2.e.1636/click - {}
RESULT: {}
RESULT: undefined
COMMAND: POST /session/6c63433432e656fe102e41a405bf48f6/execute/async - {"script":"<script> [776 bytes]","args":[{"enterText":"100005","selector":{"controlType":"sap.m.SearchField","properties":{"placeholder":"Search"},"searchOpenDialogs":true,"interaction":{"idSuffix":"I"}},"clearTextFirst":true,"interactionType":"ENTER_TEXT"}]}
COMMAND: GET /session/6c63433432e656fe102e41a405bf48f6/screenshot - {}
RESULT: {"script":"<script> [776 bytes]","args":[{"enterText":"100005","selector":{"controlType":"sap.m.SearchField","properties":{"placeholder":"Search"},"searchOpenDialogs":true,"interaction":{"idSuffix":"I"}},"clearTextFirst":true,"interactionType":"ENTER_TEXT"}]}
COMMAND: POST /session/6c63433432e656fe102e41a405bf48f6/actions - {"actions":[{"id":"action5","type":"key","parameters":{},"actions":[{"type":"keyDown","value":"î€‡"},{"type":"pause","duration":10},{"type":"keyUp","value":"î€‡"}]}]}
RESULT: {}
RESULT: {"actions":[{"id":"action5","type":"key","parameters":{},"actions":[{"type":"keyDown","value":"î€‡"},{"type":"pause","duration":10},{"type":"keyUp","value":"î€‡"}]}]}
COMMAND: GET /session/6c63433432e656fe102e41a405bf48f6/screenshot - {}
RESULT: {}
COMMAND: POST /session/6c63433432e656fe102e41a405bf48f6/element - {"using":"xpath","value":"//span[contains(text(), \"Penguins - Field/12345 Berlin\")]"}
RESULT: {"using":"xpath","value":"//span[contains(text(), \"Penguins - Field/12345 Berlin\")]"}
COMMAND: POST /session/6c63433432e656fe102e41a405bf48f6/element/f.D105F16D3864A3F2742A47C77377899E.d.217D6EDA66AFF0E2F735C0073FBA09D2.e.1654/click - {}
RESULT: {}
COMMAND: GET /session/6c63433432e656fe102e41a405bf48f6/screenshot - {}
RESULT: {}
COMMAND: POST /session/6c63433432e656fe102e41a405bf48f6/element - {"using":"xpath","value":"//bdi[contains(text(), \"OK\")]"}
RESULT: {"using":"xpath","value":"//bdi[contains(text(), \"OK\")]"}
COMMAND: POST /session/6c63433432e656fe102e41a405bf48f6/element/f.D105F16D3864A3F2742A47C77377899E.d.217D6EDA66AFF0E2F735C0073FBA09D2.e.1655/click - {}
RESULT: {}
COMMAND: GET /session/6c63433432e656fe102e41a405bf48f6/screenshot - {}
RESULT: {}
COMMAND: POST /session/6c63433432e656fe102e41a405bf48f6/element - {"using":"xpath","value":"//button[@data-kt=\"saveButton\"]"}
RESULT: {"using":"xpath","value":"//button[@data-kt=\"saveButton\"]"}
COMMAND: POST /session/6c63433432e656fe102e41a405bf48f6/element/f.D105F16D3864A3F2742A47C77377899E.d.217D6EDA66AFF0E2F735C0073FBA09D2.e.1461/click - {}
RESULT: {}
COMMAND: GET /session/6c63433432e656fe102e41a405bf48f6/screenshot - {}
RESULT: {}
COMMAND: POST /session/6c63433432e656fe102e41a405bf48f6/element - {"using":"xpath","value":"//header[contains(@id, 'ObjectPageLayout-headerTitle')]/div[1]/div[2]/div[2]/span[1]"}
RESULT: {"using":"xpath","value":"//header[contains(@id, 'ObjectPageLayout-headerTitle')]/div[1]/div[2]/div[2]/span[1]"}
COMMAND: POST /session/6c63433432e656fe102e41a405bf48f6/elements - {"using":"xpath","value":"//header[contains(@id, 'ObjectPageLayout-headerTitle')]/div[1]/div[2]/div[2]/span[1]"}
RESULT: {"using":"xpath","value":"//header[contains(@id, 'ObjectPageLayout-headerTitle')]/div[1]/div[2]/div[2]/span[1]"}
COMMAND: POST /session/6c63433432e656fe102e41a405bf48f6/execute/sync - {"script":"<script> [56 bytes]","args":[{"element-6066-11e4-a52e-4f735466cecf":"f.D105F16D3864A3F2742A47C77377899E.d.217D6EDA66AFF0E2F735C0073FBA09D2.e.1819","ELEMENT":"f.D105F16D3864A3F2742A47C77377899E.d.217D6EDA66AFF0E2F735C0073FBA09D2.e.1819"}]}
RESULT: {"script":"<script> [56 bytes]","args":[{"element-6066-11e4-a52e-4f735466cecf":"f.D105F16D3864A3F2742A47C77377899E.d.217D6EDA66AFF0E2F735C0073FBA09D2.e.1819","ELEMENT":"f.D105F16D3864A3F2742A47C77377899E.d.217D6EDA66AFF0E2F735C0073FBA09D2.e.1819"}]}
COMMAND: POST /session/6c63433432e656fe102e41a405bf48f6/element - {"using":"css selector","value":"#shell-header-logo"}
COMMAND: GET /session/6c63433432e656fe102e41a405bf48f6/screenshot - {}
RESULT: {"using":"css selector","value":"#shell-header-logo"}
COMMAND: POST /session/6c63433432e656fe102e41a405bf48f6/element/f.D105F16D3864A3F2742A47C77377899E.d.217D6EDA66AFF0E2F735C0073FBA09D2.e.1034/click - {}
RESULT: {}
RESULT: {}
COMMAND: GET /session/6c63433432e656fe102e41a405bf48f6/screenshot - {}
RESULT: {}
COMMAND: POST /session/6c63433432e656fe102e41a405bf48f6/execute/sync - {"script":"<script> [299 bytes]","args":[["getModel","getResource"]]}
RESULT: {"script":"<script> [299 bytes]","args":[["getModel","getResource"]]}
COMMAND: GET /session/6c63433432e656fe102e41a405bf48f6/screenshot - {}
]]></system-out>
    </testcase>
  </testsuite>
  <testsuite timestamp="2025-05-04T17:20:50" time="1133.836" tests="14" failures="0" errors="0" skipped="0">
    <properties>
      <property name="specId" value="0" />
      <property name="suiteName" value="Create master data for mixed billing &amp; do billing calculation US151661" />
      <property name="capabilities" value="chrome.135_0_7049_96.windows" />
      <property name="file" value="file:///D:/a/1/s/test/specs/BTS/billing-calculation-mixed.spec.js" />
    </properties>
    <testcase classname="chrome.135_0_7049_96.windows.Create_master_data_for_mixed_billing_&amp;_do_billing_calculation_US151661" name="Should create a new yard" time="110.313">
      <system-out><![CDATA[
COMMAND: POST /session/6c63433432e656fe102e41a405bf48f6/window/fullscreen - {}
RESULT: {}
COMMAND: POST /session/6c63433432e656fe102e41a405bf48f6/execute/async - {"script":"<script> [1562 bytes]","args":[{"selector":{"controlType":"sap.m.GenericTile","properties":{"header":"Manage Yards"}},"wdio_ui5_key":"sapm.GenericTile{\"header\":\"Manage Yards\"}"}]}
RESULT: {"script":"<script> [1562 bytes]","args":[{"selector":{"controlType":"sap.m.GenericTile","properties":{"header":"Manage Yards"}},"wdio_ui5_key":"sapm.GenericTile{\"header\":\"Manage Yards\"}"}]}
RESULT: undefined
COMMAND: POST /session/6c63433432e656fe102e41a405bf48f6/element - {"using":"xpath","value":"//*[@id=\"__tile41\"]"}
RESULT: {"using":"xpath","value":"//*[@id=\"__tile41\"]"}
COMMAND: POST /session/6c63433432e656fe102e41a405bf48f6/element/f.D105F16D3864A3F2742A47C77377899E.d.B483CC146B7F42F8773CF569231DC4D5.e.2720/click - {}
RESULT: {}
COMMAND: POST /session/6c63433432e656fe102e41a405bf48f6/element - {"using":"xpath","value":"//button[@data-kt=\"addNewYardOverflowToolbarButton\"]"}
COMMAND: GET /session/6c63433432e656fe102e41a405bf48f6/screenshot - {}
RESULT: {"using":"xpath","value":"//button[@data-kt=\"addNewYardOverflowToolbarButton\"]"}
COMMAND: POST /session/6c63433432e656fe102e41a405bf48f6/elements - {"using":"xpath","value":"//button[@data-kt=\"addNewYardOverflowToolbarButton\"]"}
RESULT: {}
RESULT: {"using":"xpath","value":"//button[@data-kt=\"addNewYardOverflowToolbarButton\"]"}
COMMAND: POST /session/6c63433432e656fe102e41a405bf48f6/elements - {"using":"xpath","value":"//button[@data-kt=\"addNewYardOverflowToolbarButton\"]"}
RESULT: {"using":"xpath","value":"//button[@data-kt=\"addNewYardOverflowToolbarButton\"]"}
COMMAND: POST /session/6c63433432e656fe102e41a405bf48f6/elements - {"using":"xpath","value":"//button[@data-kt=\"addNewYardOverflowToolbarButton\"]"}
RESULT: {"using":"xpath","value":"//button[@data-kt=\"addNewYardOverflowToolbarButton\"]"}
COMMAND: POST /session/6c63433432e656fe102e41a405bf48f6/elements - {"using":"xpath","value":"//button[@data-kt=\"addNewYardOverflowToolbarButton\"]"}
RESULT: {"using":"xpath","value":"//button[@data-kt=\"addNewYardOverflowToolbarButton\"]"}
COMMAND: POST /session/6c63433432e656fe102e41a405bf48f6/elements - {"using":"xpath","value":"//button[@data-kt=\"addNewYardOverflowToolbarButton\"]"}
RESULT: {"using":"xpath","value":"//button[@data-kt=\"addNewYardOverflowToolbarButton\"]"}
COMMAND: POST /session/6c63433432e656fe102e41a405bf48f6/elements - {"using":"xpath","value":"//button[@data-kt=\"addNewYardOverflowToolbarButton\"]"}
RESULT: {"using":"xpath","value":"//button[@data-kt=\"addNewYardOverflowToolbarButton\"]"}
COMMAND: POST /session/6c63433432e656fe102e41a405bf48f6/elements - {"using":"xpath","value":"//button[@data-kt=\"addNewYardOverflowToolbarButton\"]"}
RESULT: {"using":"xpath","value":"//button[@data-kt=\"addNewYardOverflowToolbarButton\"]"}
COMMAND: POST /session/6c63433432e656fe102e41a405bf48f6/elements - {"using":"xpath","value":"//button[@data-kt=\"addNewYardOverflowToolbarButton\"]"}
RESULT: {"using":"xpath","value":"//button[@data-kt=\"addNewYardOverflowToolbarButton\"]"}
COMMAND: POST /session/6c63433432e656fe102e41a405bf48f6/elements - {"using":"xpath","value":"//button[@data-kt=\"addNewYardOverflowToolbarButton\"]"}
RESULT: {"using":"xpath","value":"//button[@data-kt=\"addNewYardOverflowToolbarButton\"]"}
COMMAND: POST /session/6c63433432e656fe102e41a405bf48f6/elements - {"using":"xpath","value":"//button[@data-kt=\"addNewYardOverflowToolbarButton\"]"}
RESULT: {"using":"xpath","value":"//button[@data-kt=\"addNewYardOverflowToolbarButton\"]"}
COMMAND: POST /session/6c63433432e656fe102e41a405bf48f6/elements - {"using":"xpath","value":"//button[@data-kt=\"addNewYardOverflowToolbarButton\"]"}
RESULT: {"using":"xpath","value":"//button[@data-kt=\"addNewYardOverflowToolbarButton\"]"}
COMMAND: POST /session/6c63433432e656fe102e41a405bf48f6/elements - {"using":"xpath","value":"//button[@data-kt=\"addNewYardOverflowToolbarButton\"]"}
RESULT: {"using":"xpath","value":"//button[@data-kt=\"addNewYardOverflowToolbarButton\"]"}
COMMAND: POST /session/6c63433432e656fe102e41a405bf48f6/elements - {"using":"xpath","value":"//button[@data-kt=\"addNewYardOverflowToolbarButton\"]"}
RESULT: {"using":"xpath","value":"//button[@data-kt=\"addNewYardOverflowToolbarButton\"]"}
COMMAND: POST /session/6c63433432e656fe102e41a405bf48f6/elements - {"using":"xpath","value":"//button[@data-kt=\"addNewYardOverflowToolbarButton\"]"}
RESULT: {"using":"xpath","value":"//button[@data-kt=\"addNewYardOverflowToolbarButton\"]"}
COMMAND: POST /session/6c63433432e656fe102e41a405bf48f6/elements - {"using":"xpath","value":"//button[@data-kt=\"addNewYardOverflowToolbarButton\"]"}
RESULT: {"using":"xpath","value":"//button[@data-kt=\"addNewYardOverflowToolbarButton\"]"}
COMMAND: POST /session/6c63433432e656fe102e41a405bf48f6/elements - {"using":"xpath","value":"//button[@data-kt=\"addNewYardOverflowToolbarButton\"]"}
RESULT: {"using":"xpath","value":"//button[@data-kt=\"addNewYardOverflowToolbarButton\"]"}
COMMAND: POST /session/6c63433432e656fe102e41a405bf48f6/elements - {"using":"xpath","value":"//button[@data-kt=\"addNewYardOverflowToolbarButton\"]"}
RESULT: {"using":"xpath","value":"//button[@data-kt=\"addNewYardOverflowToolbarButton\"]"}
COMMAND: POST /session/6c63433432e656fe102e41a405bf48f6/elements - {"using":"xpath","value":"//button[@data-kt=\"addNewYardOverflowToolbarButton\"]"}
RESULT: {"using":"xpath","value":"//button[@data-kt=\"addNewYardOverflowToolbarButton\"]"}
COMMAND: POST /session/6c63433432e656fe102e41a405bf48f6/elements - {"using":"xpath","value":"//button[@data-kt=\"addNewYardOverflowToolbarButton\"]"}
RESULT: {"using":"xpath","value":"//button[@data-kt=\"addNewYardOverflowToolbarButton\"]"}
COMMAND: POST /session/6c63433432e656fe102e41a405bf48f6/elements - {"using":"xpath","value":"//button[@data-kt=\"addNewYardOverflowToolbarButton\"]"}
RESULT: {"using":"xpath","value":"//button[@data-kt=\"addNewYardOverflowToolbarButton\"]"}
COMMAND: POST /session/6c63433432e656fe102e41a405bf48f6/elements - {"using":"xpath","value":"//button[@data-kt=\"addNewYardOverflowToolbarButton\"]"}
RESULT: {"using":"xpath","value":"//button[@data-kt=\"addNewYardOverflowToolbarButton\"]"}
COMMAND: POST /session/6c63433432e656fe102e41a405bf48f6/elements - {"using":"xpath","value":"//button[@data-kt=\"addNewYardOverflowToolbarButton\"]"}
RESULT: {"using":"xpath","value":"//button[@data-kt=\"addNewYardOverflowToolbarButton\"]"}
COMMAND: POST /session/6c63433432e656fe102e41a405bf48f6/elements - {"using":"xpath","value":"//button[@data-kt=\"addNewYardOverflowToolbarButton\"]"}
RESULT: {"using":"xpath","value":"//button[@data-kt=\"addNewYardOverflowToolbarButton\"]"}
COMMAND: POST /session/6c63433432e656fe102e41a405bf48f6/elements - {"using":"xpath","value":"//button[@data-kt=\"addNewYardOverflowToolbarButton\"]"}
RESULT: {"using":"xpath","value":"//button[@data-kt=\"addNewYardOverflowToolbarButton\"]"}
COMMAND: POST /session/6c63433432e656fe102e41a405bf48f6/elements - {"using":"xpath","value":"//button[@data-kt=\"addNewYardOverflowToolbarButton\"]"}
RESULT: {"using":"xpath","value":"//button[@data-kt=\"addNewYardOverflowToolbarButton\"]"}
COMMAND: POST /session/6c63433432e656fe102e41a405bf48f6/elements - {"using":"xpath","value":"//button[@data-kt=\"addNewYardOverflowToolbarButton\"]"}
RESULT: {"using":"xpath","value":"//button[@data-kt=\"addNewYardOverflowToolbarButton\"]"}
COMMAND: POST /session/6c63433432e656fe102e41a405bf48f6/elements - {"using":"xpath","value":"//button[@data-kt=\"addNewYardOverflowToolbarButton\"]"}
RESULT: {"using":"xpath","value":"//button[@data-kt=\"addNewYardOverflowToolbarButton\"]"}
COMMAND: POST /session/6c63433432e656fe102e41a405bf48f6/elements - {"using":"xpath","value":"//button[@data-kt=\"addNewYardOverflowToolbarButton\"]"}
RESULT: {"using":"xpath","value":"//button[@data-kt=\"addNewYardOverflowToolbarButton\"]"}
COMMAND: POST /session/6c63433432e656fe102e41a405bf48f6/elements - {"using":"xpath","value":"//button[@data-kt=\"addNewYardOverflowToolbarButton\"]"}
RESULT: {"using":"xpath","value":"//button[@data-kt=\"addNewYardOverflowToolbarButton\"]"}
COMMAND: POST /session/6c63433432e656fe102e41a405bf48f6/elements - {"using":"xpath","value":"//button[@data-kt=\"addNewYardOverflowToolbarButton\"]"}
RESULT: {"using":"xpath","value":"//button[@data-kt=\"addNewYardOverflowToolbarButton\"]"}
COMMAND: POST /session/6c63433432e656fe102e41a405bf48f6/elements - {"using":"xpath","value":"//button[@data-kt=\"addNewYardOverflowToolbarButton\"]"}
RESULT: {"using":"xpath","value":"//button[@data-kt=\"addNewYardOverflowToolbarButton\"]"}
COMMAND: POST /session/6c63433432e656fe102e41a405bf48f6/elements - {"using":"xpath","value":"//button[@data-kt=\"addNewYardOverflowToolbarButton\"]"}
RESULT: {"using":"xpath","value":"//button[@data-kt=\"addNewYardOverflowToolbarButton\"]"}
COMMAND: POST /session/6c63433432e656fe102e41a405bf48f6/elements - {"using":"xpath","value":"//button[@data-kt=\"addNewYardOverflowToolbarButton\"]"}
RESULT: {"using":"xpath","value":"//button[@data-kt=\"addNewYardOverflowToolbarButton\"]"}
COMMAND: POST /session/6c63433432e656fe102e41a405bf48f6/elements - {"using":"xpath","value":"//button[@data-kt=\"addNewYardOverflowToolbarButton\"]"}
RESULT: {"using":"xpath","value":"//button[@data-kt=\"addNewYardOverflowToolbarButton\"]"}
COMMAND: POST /session/6c63433432e656fe102e41a405bf48f6/elements - {"using":"xpath","value":"//button[@data-kt=\"addNewYardOverflowToolbarButton\"]"}
RESULT: {"using":"xpath","value":"//button[@data-kt=\"addNewYardOverflowToolbarButton\"]"}
COMMAND: POST /session/6c63433432e656fe102e41a405bf48f6/elements - {"using":"xpath","value":"//button[@data-kt=\"addNewYardOverflowToolbarButton\"]"}
RESULT: {"using":"xpath","value":"//button[@data-kt=\"addNewYardOverflowToolbarButton\"]"}
COMMAND: POST /session/6c63433432e656fe102e41a405bf48f6/elements - {"using":"xpath","value":"//button[@data-kt=\"addNewYardOverflowToolbarButton\"]"}
RESULT: {"using":"xpath","value":"//button[@data-kt=\"addNewYardOverflowToolbarButton\"]"}
COMMAND: POST /session/6c63433432e656fe102e41a405bf48f6/elements - {"using":"xpath","value":"//button[@data-kt=\"addNewYardOverflowToolbarButton\"]"}
RESULT: {"using":"xpath","value":"//button[@data-kt=\"addNewYardOverflowToolbarButton\"]"}
COMMAND: POST /session/6c63433432e656fe102e41a405bf48f6/elements - {"using":"xpath","value":"//button[@data-kt=\"addNewYardOverflowToolbarButton\"]"}
RESULT: {"using":"xpath","value":"//button[@data-kt=\"addNewYardOverflowToolbarButton\"]"}
COMMAND: POST /session/6c63433432e656fe102e41a405bf48f6/elements - {"using":"xpath","value":"//button[@data-kt=\"addNewYardOverflowToolbarButton\"]"}
RESULT: {"using":"xpath","value":"//button[@data-kt=\"addNewYardOverflowToolbarButton\"]"}
COMMAND: POST /session/6c63433432e656fe102e41a405bf48f6/elements - {"using":"xpath","value":"//button[@data-kt=\"addNewYardOverflowToolbarButton\"]"}
RESULT: {"using":"xpath","value":"//button[@data-kt=\"addNewYardOverflowToolbarButton\"]"}
COMMAND: POST /session/6c63433432e656fe102e41a405bf48f6/elements - {"using":"xpath","value":"//button[@data-kt=\"addNewYardOverflowToolbarButton\"]"}
RESULT: {"using":"xpath","value":"//button[@data-kt=\"addNewYardOverflowToolbarButton\"]"}
COMMAND: POST /session/6c63433432e656fe102e41a405bf48f6/elements - {"using":"xpath","value":"//button[@data-kt=\"addNewYardOverflowToolbarButton\"]"}
RESULT: {"using":"xpath","value":"//button[@data-kt=\"addNewYardOverflowToolbarButton\"]"}
COMMAND: POST /session/6c63433432e656fe102e41a405bf48f6/elements - {"using":"xpath","value":"//button[@data-kt=\"addNewYardOverflowToolbarButton\"]"}
RESULT: {"using":"xpath","value":"//button[@data-kt=\"addNewYardOverflowToolbarButton\"]"}
COMMAND: POST /session/6c63433432e656fe102e41a405bf48f6/elements - {"using":"xpath","value":"//button[@data-kt=\"addNewYardOverflowToolbarButton\"]"}
RESULT: {"using":"xpath","value":"//button[@data-kt=\"addNewYardOverflowToolbarButton\"]"}
COMMAND: POST /session/6c63433432e656fe102e41a405bf48f6/elements - {"using":"xpath","value":"//button[@data-kt=\"addNewYardOverflowToolbarButton\"]"}
RESULT: {"using":"xpath","value":"//button[@data-kt=\"addNewYardOverflowToolbarButton\"]"}
COMMAND: POST /session/6c63433432e656fe102e41a405bf48f6/elements - {"using":"xpath","value":"//button[@data-kt=\"addNewYardOverflowToolbarButton\"]"}
RESULT: {"using":"xpath","value":"//button[@data-kt=\"addNewYardOverflowToolbarButton\"]"}
COMMAND: POST /session/6c63433432e656fe102e41a405bf48f6/elements - {"using":"xpath","value":"//button[@data-kt=\"addNewYardOverflowToolbarButton\"]"}
RESULT: {"using":"xpath","value":"//button[@data-kt=\"addNewYardOverflowToolbarButton\"]"}
COMMAND: POST /session/6c63433432e656fe102e41a405bf48f6/elements - {"using":"xpath","value":"//button[@data-kt=\"addNewYardOverflowToolbarButton\"]"}
RESULT: {"using":"xpath","value":"//button[@data-kt=\"addNewYardOverflowToolbarButton\"]"}
COMMAND: POST /session/6c63433432e656fe102e41a405bf48f6/elements - {"using":"xpath","value":"//button[@data-kt=\"addNewYardOverflowToolbarButton\"]"}
RESULT: {"using":"xpath","value":"//button[@data-kt=\"addNewYardOverflowToolbarButton\"]"}
COMMAND: POST /session/6c63433432e656fe102e41a405bf48f6/element - {"using":"xpath","value":"//button[@data-kt=\"addNewYardOverflowToolbarButton\"]"}
RESULT: {"using":"xpath","value":"//button[@data-kt=\"addNewYardOverflowToolbarButton\"]"}
COMMAND: POST /session/6c63433432e656fe102e41a405bf48f6/execute/sync - {"script":"<script> [8489 bytes]","args":[{"element-6066-11e4-a52e-4f735466cecf":"f.D105F16D3864A3F2742A47C77377899E.d.B483CC146B7F42F8773CF569231DC4D5.e.2853","ELEMENT":"f.D105F16D3864A3F2742A47C77377899E.d.B483CC146B7F42F8773CF569231DC4D5.e.2853"}]}
RESULT: {"script":"<script> [8489 bytes]","args":[{"element-6066-11e4-a52e-4f735466cecf":"f.D105F16D3864A3F2742A47C77377899E.d.B483CC146B7F42F8773CF569231DC4D5.e.2853","ELEMENT":"f.D105F16D3864A3F2742A47C77377899E.d.B483CC146B7F42F8773CF569231DC4D5.e.2853"}]}
COMMAND: GET /session/6c63433432e656fe102e41a405bf48f6/element/f.D105F16D3864A3F2742A47C77377899E.d.B483CC146B7F42F8773CF569231DC4D5.e.2853/enabled - {}
COMMAND: GET /session/6c63433432e656fe102e41a405bf48f6/screenshot - {}
RESULT: {}
COMMAND: POST /session/6c63433432e656fe102e41a405bf48f6/execute/sync - {"script":"<script> [8489 bytes]","args":[{"element-6066-11e4-a52e-4f735466cecf":"f.D105F16D3864A3F2742A47C77377899E.d.B483CC146B7F42F8773CF569231DC4D5.e.2853","ELEMENT":"f.D105F16D3864A3F2742A47C77377899E.d.B483CC146B7F42F8773CF569231DC4D5.e.2853"}]}
COMMAND: GET /session/6c63433432e656fe102e41a405bf48f6/screenshot - {}
RESULT: {}
RESULT: {"script":"<script> [8489 bytes]","args":[{"element-6066-11e4-a52e-4f735466cecf":"f.D105F16D3864A3F2742A47C77377899E.d.B483CC146B7F42F8773CF569231DC4D5.e.2853","ELEMENT":"f.D105F16D3864A3F2742A47C77377899E.d.B483CC146B7F42F8773CF569231DC4D5.e.2853"}]}
COMMAND: POST /session/6c63433432e656fe102e41a405bf48f6/execute/sync - {"script":"<script> [5351 bytes]","args":[{"element-6066-11e4-a52e-4f735466cecf":"f.D105F16D3864A3F2742A47C77377899E.d.B483CC146B7F42F8773CF569231DC4D5.e.2853","ELEMENT":"f.D105F16D3864A3F2742A47C77377899E.d.B483CC146B7F42F8773CF569231DC4D5.e.2853"}]}
COMMAND: GET /session/6c63433432e656fe102e41a405bf48f6/screenshot - {}
RESULT: {}
RESULT: {"script":"<script> [5351 bytes]","args":[{"element-6066-11e4-a52e-4f735466cecf":"f.D105F16D3864A3F2742A47C77377899E.d.B483CC146B7F42F8773CF569231DC4D5.e.2853","ELEMENT":"f.D105F16D3864A3F2742A47C77377899E.d.B483CC146B7F42F8773CF569231DC4D5.e.2853"}]}
COMMAND: POST /session/6c63433432e656fe102e41a405bf48f6/element/f.D105F16D3864A3F2742A47C77377899E.d.B483CC146B7F42F8773CF569231DC4D5.e.2853/click - {}
COMMAND: GET /session/6c63433432e656fe102e41a405bf48f6/screenshot - {}
RESULT: {}
RESULT: {}
COMMAND: GET /session/6c63433432e656fe102e41a405bf48f6/screenshot - {}
RESULT: {}
RESULT: {}
COMMAND: POST /session/6c63433432e656fe102e41a405bf48f6/element - {"using":"xpath","value":"//input[@id=\"application-manageyards-display-component---NewYard--yardId-inner\"]"}
RESULT: {"using":"xpath","value":"//input[@id=\"application-manageyards-display-component---NewYard--yardId-inner\"]"}
COMMAND: POST /session/6c63433432e656fe102e41a405bf48f6/element - {"using":"xpath","value":"//input[@id=\"application-manageyards-display-component---NewYard--yardId-inner\"]"}
RESULT: {"using":"xpath","value":"//input[@id=\"application-manageyards-display-component---NewYard--yardId-inner\"]"}
COMMAND: POST /session/6c63433432e656fe102e41a405bf48f6/execute/async - {"script":"<script> [1562 bytes]","args":[{"selector":{"id":"application-manageyards-display-component---NewYard--addressDetailDetailsName1","interaction":{"idSuffix":"inner"}},"wdio_ui5_key":"applicationmanageyards-display-component---NewYard--addressDetailDetailsName1"}]}
RESULT: {"script":"<script> [1562 bytes]","args":[{"selector":{"id":"application-manageyards-display-component---NewYard--addressDetailDetailsName1","interaction":{"idSuffix":"inner"}},"wdio_ui5_key":"applicationmanageyards-display-component---NewYard--addressDetailDetailsName1"}]}
RESULT: undefined
COMMAND: POST /session/6c63433432e656fe102e41a405bf48f6/execute/async - {"script":"<script> [776 bytes]","args":[{"enterText":"Intercompany Yard wdIO","selector":{"id":"application-manageyards-display-component---NewYard--addressDetailDetailsName1","interaction":{"idSuffix":"inner"}},"clearTextFirst":true,"interactionType":"ENTER_TEXT"}]}
RESULT: {"script":"<script> [776 bytes]","args":[{"enterText":"Intercompany Yard wdIO","selector":{"id":"application-manageyards-display-component---NewYard--addressDetailDetailsName1","interaction":{"idSuffix":"inner"}},"clearTextFirst":true,"interactionType":"ENTER_TEXT"}]}
COMMAND: POST /session/6c63433432e656fe102e41a405bf48f6/execute/async - {"script":"<script> [1562 bytes]","args":[{"selector":{"id":"application-manageyards-display-component---NewYard--addressDetailDetailsLanguage-arrow"},"wdio_ui5_key":"applicationmanageyards-display-component---NewYard--addressDetailDetailsLanguage-arrow"}]}
RESULT: {"script":"<script> [1562 bytes]","args":[{"selector":{"id":"application-manageyards-display-component---NewYard--addressDetailDetailsLanguage-arrow"},"wdio_ui5_key":"applicationmanageyards-display-component---NewYard--addressDetailDetailsLanguage-arrow"}]}
RESULT: undefined
COMMAND: POST /session/6c63433432e656fe102e41a405bf48f6/element - {"using":"xpath","value":"//*[@id=\"application-manageyards-display-component---NewYard--addressDetailDetailsLanguage-arrow\"]"}
RESULT: {"using":"xpath","value":"//*[@id=\"application-manageyards-display-component---NewYard--addressDetailDetailsLanguage-arrow\"]"}
COMMAND: POST /session/6c63433432e656fe102e41a405bf48f6/element/f.D105F16D3864A3F2742A47C77377899E.d.B483CC146B7F42F8773CF569231DC4D5.e.3294/click - {}
RESULT: {}
COMMAND: POST /session/6c63433432e656fe102e41a405bf48f6/element - {"using":"xpath","value":"//span[contains(text(), \"English\")]"}
COMMAND: GET /session/6c63433432e656fe102e41a405bf48f6/screenshot - {}
RESULT: {"using":"xpath","value":"//span[contains(text(), \"English\")]"}
COMMAND: POST /session/6c63433432e656fe102e41a405bf48f6/element/f.D105F16D3864A3F2742A47C77377899E.d.B483CC146B7F42F8773CF569231DC4D5.e.3295/click - {}
RESULT: {}
RESULT: {}
COMMAND: POST /session/6c63433432e656fe102e41a405bf48f6/execute/async - {"script":"<script> [1562 bytes]","args":[{"selector":{"id":"application-manageyards-display-component---NewYard--addressDetailDetailsCity1","interaction":{"idSuffix":"inner"}},"wdio_ui5_key":"applicationmanageyards-display-component---NewYard--addressDetailDetailsCity1"}]}
COMMAND: GET /session/6c63433432e656fe102e41a405bf48f6/screenshot - {}
RESULT: {"script":"<script> [1562 bytes]","args":[{"selector":{"id":"application-manageyards-display-component---NewYard--addressDetailDetailsCity1","interaction":{"idSuffix":"inner"}},"wdio_ui5_key":"applicationmanageyards-display-component---NewYard--addressDetailDetailsCity1"}]}
RESULT: undefined
COMMAND: POST /session/6c63433432e656fe102e41a405bf48f6/execute/async - {"script":"<script> [776 bytes]","args":[{"enterText":"Rosario","selector":{"id":"application-manageyards-display-component---NewYard--addressDetailDetailsCity1","interaction":{"idSuffix":"inner"}},"clearTextFirst":true,"interactionType":"ENTER_TEXT"}]}
RESULT: {}
RESULT: {"script":"<script> [776 bytes]","args":[{"enterText":"Rosario","selector":{"id":"application-manageyards-display-component---NewYard--addressDetailDetailsCity1","interaction":{"idSuffix":"inner"}},"clearTextFirst":true,"interactionType":"ENTER_TEXT"}]}
COMMAND: POST /session/6c63433432e656fe102e41a405bf48f6/execute/async - {"script":"<script> [1562 bytes]","args":[{"selector":{"id":"application-manageyards-display-component---NewYard--addressDetailDetailsCountry-arrow"},"wdio_ui5_key":"applicationmanageyards-display-component---NewYard--addressDetailDetailsCountry-arrow"}]}
RESULT: {"script":"<script> [1562 bytes]","args":[{"selector":{"id":"application-manageyards-display-component---NewYard--addressDetailDetailsCountry-arrow"},"wdio_ui5_key":"applicationmanageyards-display-component---NewYard--addressDetailDetailsCountry-arrow"}]}
RESULT: undefined
COMMAND: POST /session/6c63433432e656fe102e41a405bf48f6/element - {"using":"xpath","value":"//*[@id=\"application-manageyards-display-component---NewYard--addressDetailDetailsCountry-arrow\"]"}
RESULT: {"using":"xpath","value":"//*[@id=\"application-manageyards-display-component---NewYard--addressDetailDetailsCountry-arrow\"]"}
COMMAND: POST /session/6c63433432e656fe102e41a405bf48f6/element/f.D105F16D3864A3F2742A47C77377899E.d.B483CC146B7F42F8773CF569231DC4D5.e.3297/click - {}
RESULT: {}
COMMAND: POST /session/6c63433432e656fe102e41a405bf48f6/element - {"using":"xpath","value":"//span[contains(text(), \"Argentina\")]"}
COMMAND: GET /session/6c63433432e656fe102e41a405bf48f6/screenshot - {}
RESULT: {"using":"xpath","value":"//span[contains(text(), \"Argentina\")]"}
COMMAND: POST /session/6c63433432e656fe102e41a405bf48f6/element/f.D105F16D3864A3F2742A47C77377899E.d.B483CC146B7F42F8773CF569231DC4D5.e.3298/click - {}
RESULT: {}
RESULT: {}
COMMAND: POST /session/6c63433432e656fe102e41a405bf48f6/execute/async - {"script":"<script> [1562 bytes]","args":[{"selector":{"id":"application-manageyards-display-component---NewYard--addressEditDetailsCostObjectCstType-arrow"},"wdio_ui5_key":"applicationmanageyards-display-component---NewYard--addressEditDetailsCostObjectCstType-arrow"}]}
COMMAND: GET /session/6c63433432e656fe102e41a405bf48f6/screenshot - {}
RESULT: {"script":"<script> [1562 bytes]","args":[{"selector":{"id":"application-manageyards-display-component---NewYard--addressEditDetailsCostObjectCstType-arrow"},"wdio_ui5_key":"applicationmanageyards-display-component---NewYard--addressEditDetailsCostObjectCstType-arrow"}]}
RESULT: undefined
COMMAND: POST /session/6c63433432e656fe102e41a405bf48f6/element - {"using":"xpath","value":"//*[@id=\"application-manageyards-display-component---NewYard--addressEditDetailsCostObjectCstType-arrow\"]"}
RESULT: {}
RESULT: {"using":"xpath","value":"//*[@id=\"application-manageyards-display-component---NewYard--addressEditDetailsCostObjectCstType-arrow\"]"}
COMMAND: POST /session/6c63433432e656fe102e41a405bf48f6/element/f.D105F16D3864A3F2742A47C77377899E.d.B483CC146B7F42F8773CF569231DC4D5.e.3300/click - {}
RESULT: {}
COMMAND: POST /session/6c63433432e656fe102e41a405bf48f6/element - {"using":"xpath","value":"//span[contains(text(), \"Cost Center\")]"}
COMMAND: GET /session/6c63433432e656fe102e41a405bf48f6/screenshot - {}
RESULT: {"using":"xpath","value":"//span[contains(text(), \"Cost Center\")]"}
COMMAND: POST /session/6c63433432e656fe102e41a405bf48f6/element/f.D105F16D3864A3F2742A47C77377899E.d.B483CC146B7F42F8773CF569231DC4D5.e.3301/click - {}
RESULT: {}
RESULT: {}
COMMAND: GET /session/6c63433432e656fe102e41a405bf48f6/screenshot - {}
RESULT: {}
COMMAND: POST /session/6c63433432e656fe102e41a405bf48f6/element - {"using":"xpath","value":"//span[@id=\"application-manageyards-display-component---NewYard--addressNewCostObjectCstID-vhi\"]"}
RESULT: {"using":"xpath","value":"//span[@id=\"application-manageyards-display-component---NewYard--addressNewCostObjectCstID-vhi\"]"}
COMMAND: POST /session/6c63433432e656fe102e41a405bf48f6/execute/sync - {"script":"<script> [8489 bytes]","args":[{"element-6066-11e4-a52e-4f735466cecf":"f.D105F16D3864A3F2742A47C77377899E.d.B483CC146B7F42F8773CF569231DC4D5.e.3305","ELEMENT":"f.D105F16D3864A3F2742A47C77377899E.d.B483CC146B7F42F8773CF569231DC4D5.e.3305"}]}
RESULT: {"script":"<script> [8489 bytes]","args":[{"element-6066-11e4-a52e-4f735466cecf":"f.D105F16D3864A3F2742A47C77377899E.d.B483CC146B7F42F8773CF569231DC4D5.e.3305","ELEMENT":"f.D105F16D3864A3F2742A47C77377899E.d.B483CC146B7F42F8773CF569231DC4D5.e.3305"}]}
COMMAND: POST /session/6c63433432e656fe102e41a405bf48f6/execute/async - {"script":"<script> [1562 bytes]","args":[{"selector":{"id":"application-manageyards-display-component---NewYard--addressNewCostObjectCstID-vhi"},"wdio_ui5_key":"applicationmanageyards-display-component---NewYard--addressNewCostObjectCstID-vhi"}]}
COMMAND: GET /session/6c63433432e656fe102e41a405bf48f6/screenshot - {}
RESULT: {"script":"<script> [1562 bytes]","args":[{"selector":{"id":"application-manageyards-display-component---NewYard--addressNewCostObjectCstID-vhi"},"wdio_ui5_key":"applicationmanageyards-display-component---NewYard--addressNewCostObjectCstID-vhi"}]}
RESULT: undefined
COMMAND: POST /session/6c63433432e656fe102e41a405bf48f6/element - {"using":"xpath","value":"//*[@id=\"application-manageyards-display-component---NewYard--addressNewCostObjectCstID-vhi\"]"}
RESULT: {}
RESULT: {"using":"xpath","value":"//*[@id=\"application-manageyards-display-component---NewYard--addressNewCostObjectCstID-vhi\"]"}
COMMAND: POST /session/6c63433432e656fe102e41a405bf48f6/element/f.D105F16D3864A3F2742A47C77377899E.d.B483CC146B7F42F8773CF569231DC4D5.e.3305/click - {}
RESULT: {}
COMMAND: GET /session/6c63433432e656fe102e41a405bf48f6/screenshot - {}
RESULT: {}
COMMAND: POST /session/6c63433432e656fe102e41a405bf48f6/execute/async - {"script":"<script> [1562 bytes]","args":[{"selector":{"controlType":"sap.m.SearchField","properties":{"placeholder":"Search"},"searchOpenDialogs":true,"interaction":{"idSuffix":"I"}},"wdio_ui5_key":"sapm.SearchField{\"placeholder\":\"Search\"}"}]}
RESULT: {"script":"<script> [1562 bytes]","args":[{"selector":{"controlType":"sap.m.SearchField","properties":{"placeholder":"Search"},"searchOpenDialogs":true,"interaction":{"idSuffix":"I"}},"wdio_ui5_key":"sapm.SearchField{\"placeholder\":\"Search\"}"}]}
RESULT: undefined
COMMAND: POST /session/6c63433432e656fe102e41a405bf48f6/execute/async - {"script":"<script> [776 bytes]","args":[{"enterText":"10001013","selector":{"controlType":"sap.m.SearchField","properties":{"placeholder":"Search"},"searchOpenDialogs":true,"interaction":{"idSuffix":"I"}},"clearTextFirst":true,"interactionType":"ENTER_TEXT"}]}
RESULT: {"script":"<script> [776 bytes]","args":[{"enterText":"10001013","selector":{"controlType":"sap.m.SearchField","properties":{"placeholder":"Search"},"searchOpenDialogs":true,"interaction":{"idSuffix":"I"}},"clearTextFirst":true,"interactionType":"ENTER_TEXT"}]}
COMMAND: POST /session/6c63433432e656fe102e41a405bf48f6/actions - {"actions":[{"id":"action9","type":"key","parameters":{},"actions":[{"type":"keyDown","value":"î€‡"},{"type":"pause","duration":10},{"type":"keyUp","value":"î€‡"}]}]}
RESULT: {"actions":[{"id":"action9","type":"key","parameters":{},"actions":[{"type":"keyDown","value":"î€‡"},{"type":"pause","duration":10},{"type":"keyUp","value":"î€‡"}]}]}
COMMAND: GET /session/6c63433432e656fe102e41a405bf48f6/screenshot - {}
RESULT: {}
COMMAND: POST /session/6c63433432e656fe102e41a405bf48f6/element - {"using":"xpath","value":"//span[contains(text(), \"General Management\")]"}
RESULT: {"using":"xpath","value":"//span[contains(text(), \"General Management\")]"}
COMMAND: POST /session/6c63433432e656fe102e41a405bf48f6/element/f.D105F16D3864A3F2742A47C77377899E.d.B483CC146B7F42F8773CF569231DC4D5.e.3345/click - {}
RESULT: {}
COMMAND: GET /session/6c63433432e656fe102e41a405bf48f6/screenshot - {}
RESULT: {}
COMMAND: POST /session/6c63433432e656fe102e41a405bf48f6/element - {"using":"xpath","value":"//bdi[contains(text(), \"OK\")]"}
RESULT: {"using":"xpath","value":"//bdi[contains(text(), \"OK\")]"}
COMMAND: POST /session/6c63433432e656fe102e41a405bf48f6/element/f.D105F16D3864A3F2742A47C77377899E.d.B483CC146B7F42F8773CF569231DC4D5.e.3346/click - {}
RESULT: {}
COMMAND: GET /session/6c63433432e656fe102e41a405bf48f6/screenshot - {}
RESULT: {}
COMMAND: POST /session/6c63433432e656fe102e41a405bf48f6/execute/async - {"script":"<script> [1562 bytes]","args":[{"selector":{"id":"application-manageyards-display-component---NewYard--addressEditDetailsCurrency-arrow"},"wdio_ui5_key":"applicationmanageyards-display-component---NewYard--addressEditDetailsCurrency-arrow"}]}
RESULT: {"script":"<script> [1562 bytes]","args":[{"selector":{"id":"application-manageyards-display-component---NewYard--addressEditDetailsCurrency-arrow"},"wdio_ui5_key":"applicationmanageyards-display-component---NewYard--addressEditDetailsCurrency-arrow"}]}
RESULT: undefined
COMMAND: POST /session/6c63433432e656fe102e41a405bf48f6/element - {"using":"xpath","value":"//*[@id=\"application-manageyards-display-component---NewYard--addressEditDetailsCurrency-arrow\"]"}
RESULT: {"using":"xpath","value":"//*[@id=\"application-manageyards-display-component---NewYard--addressEditDetailsCurrency-arrow\"]"}
COMMAND: POST /session/6c63433432e656fe102e41a405bf48f6/element/f.D105F16D3864A3F2742A47C77377899E.d.B483CC146B7F42F8773CF569231DC4D5.e.3349/click - {}
RESULT: {}
COMMAND: POST /session/6c63433432e656fe102e41a405bf48f6/element - {"using":"xpath","value":"//span[contains(text(), \"Euro\")]"}
COMMAND: GET /session/6c63433432e656fe102e41a405bf48f6/screenshot - {}
RESULT: {"using":"xpath","value":"//span[contains(text(), \"Euro\")]"}
COMMAND: POST /session/6c63433432e656fe102e41a405bf48f6/element/f.D105F16D3864A3F2742A47C77377899E.d.B483CC146B7F42F8773CF569231DC4D5.e.3350/click - {}
RESULT: {}
RESULT: {}
COMMAND: POST /session/6c63433432e656fe102e41a405bf48f6/execute/async - {"script":"<script> [1562 bytes]","args":[{"selector":{"controlType":"sap.m.Input","viewName":"etm.portal.ui.manageyards.view.New","viewId":"application-manageyards-display-component---NewYard","bindingPath":{"path":"","propertyPath":"/CONTROLLING_AREA","modelName":"NewYardModel"},"interaction":{"idSuffix":"inner"}},"wdio_ui5_key":"etmportal.ui.manageyards.view.Newsap.m.Input{\"path\":\"\",\"propertyPath\":\"/CONTROLLING_AREA\",\"modelName\":\"NewYardModel\"}"}]}
COMMAND: GET /session/6c63433432e656fe102e41a405bf48f6/screenshot - {}
RESULT: {"script":"<script> [1562 bytes]","args":[{"selector":{"controlType":"sap.m.Input","viewName":"etm.portal.ui.manageyards.view.New","viewId":"application-manageyards-display-component---NewYard","bindingPath":{"path":"","propertyPath":"/CONTROLLING_AREA","modelName":"NewYardModel"},"interaction":{"idSuffix":"inner"}},"wdio_ui5_key":"etmportal.ui.manageyards.view.Newsap.m.Input{\"path\":\"\",\"propertyPath\":\"/CONTROLLING_AREA\",\"modelName\":\"NewYardModel\"}"}]}
RESULT: undefined
COMMAND: POST /session/6c63433432e656fe102e41a405bf48f6/execute/async - {"script":"<script> [776 bytes]","args":[{"enterText":"Z001","selector":{"controlType":"sap.m.Input","viewName":"etm.portal.ui.manageyards.view.New","viewId":"application-manageyards-display-component---NewYard","bindingPath":{"path":"","propertyPath":"/CONTROLLING_AREA","modelName":"NewYardModel"},"interaction":{"idSuffix":"inner"}},"clearTextFirst":true,"interactionType":"ENTER_TEXT"}]}
RESULT: {}
RESULT: {"script":"<script> [776 bytes]","args":[{"enterText":"Z001","selector":{"controlType":"sap.m.Input","viewName":"etm.portal.ui.manageyards.view.New","viewId":"application-manageyards-display-component---NewYard","bindingPath":{"path":"","propertyPath":"/CONTROLLING_AREA","modelName":"NewYardModel"},"interaction":{"idSuffix":"inner"}},"clearTextFirst":true,"interactionType":"ENTER_TEXT"}]}
COMMAND: POST /session/6c63433432e656fe102e41a405bf48f6/execute/async - {"script":"<script> [1562 bytes]","args":[{"selector":{"id":"application-manageyards-display-component---NewYard--companyCodeComboBox","interaction":{"idSuffix":"inner"}},"wdio_ui5_key":"applicationmanageyards-display-component---NewYard--companyCodeComboBox"}]}
RESULT: {"script":"<script> [1562 bytes]","args":[{"selector":{"id":"application-manageyards-display-component---NewYard--companyCodeComboBox","interaction":{"idSuffix":"inner"}},"wdio_ui5_key":"applicationmanageyards-display-component---NewYard--companyCodeComboBox"}]}
RESULT: undefined
COMMAND: POST /session/6c63433432e656fe102e41a405bf48f6/execute/async - {"script":"<script> [776 bytes]","args":[{"enterText":"1000","selector":{"id":"application-manageyards-display-component---NewYard--companyCodeComboBox","interaction":{"idSuffix":"inner"}},"clearTextFirst":true,"interactionType":"ENTER_TEXT"}]}
RESULT: {"script":"<script> [776 bytes]","args":[{"enterText":"1000","selector":{"id":"application-manageyards-display-component---NewYard--companyCodeComboBox","interaction":{"idSuffix":"inner"}},"clearTextFirst":true,"interactionType":"ENTER_TEXT"}]}
COMMAND: POST /session/6c63433432e656fe102e41a405bf48f6/execute/async - {"script":"<script> [1562 bytes]","args":[{"selector":{"controlType":"sap.m.Input","viewName":"etm.portal.ui.manageyards.view.New","viewId":"application-manageyards-display-component---NewYard","bindingPath":{"path":"","propertyPath":"/PLANT","modelName":"NewYardModel"},"interaction":{"idSuffix":"inner"}},"wdio_ui5_key":"etmportal.ui.manageyards.view.Newsap.m.Input{\"path\":\"\",\"propertyPath\":\"/PLANT\",\"modelName\":\"NewYardModel\"}"}]}
RESULT: {"script":"<script> [1562 bytes]","args":[{"selector":{"controlType":"sap.m.Input","viewName":"etm.portal.ui.manageyards.view.New","viewId":"application-manageyards-display-component---NewYard","bindingPath":{"path":"","propertyPath":"/PLANT","modelName":"NewYardModel"},"interaction":{"idSuffix":"inner"}},"wdio_ui5_key":"etmportal.ui.manageyards.view.Newsap.m.Input{\"path\":\"\",\"propertyPath\":\"/PLANT\",\"modelName\":\"NewYardModel\"}"}]}
RESULT: undefined
COMMAND: POST /session/6c63433432e656fe102e41a405bf48f6/execute/async - {"script":"<script> [776 bytes]","args":[{"enterText":"1001","selector":{"controlType":"sap.m.Input","viewName":"etm.portal.ui.manageyards.view.New","viewId":"application-manageyards-display-component---NewYard","bindingPath":{"path":"","propertyPath":"/PLANT","modelName":"NewYardModel"},"interaction":{"idSuffix":"inner"}},"clearTextFirst":true,"interactionType":"ENTER_TEXT"}]}
RESULT: {"script":"<script> [776 bytes]","args":[{"enterText":"1001","selector":{"controlType":"sap.m.Input","viewName":"etm.portal.ui.manageyards.view.New","viewId":"application-manageyards-display-component---NewYard","bindingPath":{"path":"","propertyPath":"/PLANT","modelName":"NewYardModel"},"interaction":{"idSuffix":"inner"}},"clearTextFirst":true,"interactionType":"ENTER_TEXT"}]}
COMMAND: POST /session/6c63433432e656fe102e41a405bf48f6/execute/async - {"script":"<script> [1562 bytes]","args":[{"selector":{"controlType":"sap.m.Input","viewName":"etm.portal.ui.manageyards.view.New","viewId":"application-manageyards-display-component---NewYard","bindingPath":{"path":"","propertyPath":"/SALES_AREA_VKORG","modelName":"NewYardModel"},"interaction":{"idSuffix":"inner"}},"wdio_ui5_key":"etmportal.ui.manageyards.view.Newsap.m.Input{\"path\":\"\",\"propertyPath\":\"/SALES_AREA_VKORG\",\"modelName\":\"NewYardModel\"}"}]}
RESULT: {"script":"<script> [1562 bytes]","args":[{"selector":{"controlType":"sap.m.Input","viewName":"etm.portal.ui.manageyards.view.New","viewId":"application-manageyards-display-component---NewYard","bindingPath":{"path":"","propertyPath":"/SALES_AREA_VKORG","modelName":"NewYardModel"},"interaction":{"idSuffix":"inner"}},"wdio_ui5_key":"etmportal.ui.manageyards.view.Newsap.m.Input{\"path\":\"\",\"propertyPath\":\"/SALES_AREA_VKORG\",\"modelName\":\"NewYardModel\"}"}]}
RESULT: undefined
COMMAND: POST /session/6c63433432e656fe102e41a405bf48f6/execute/async - {"script":"<script> [776 bytes]","args":[{"enterText":"C002","selector":{"controlType":"sap.m.Input","viewName":"etm.portal.ui.manageyards.view.New","viewId":"application-manageyards-display-component---NewYard","bindingPath":{"path":"","propertyPath":"/SALES_AREA_VKORG","modelName":"NewYardModel"},"interaction":{"idSuffix":"inner"}},"clearTextFirst":true,"interactionType":"ENTER_TEXT"}]}
RESULT: {"script":"<script> [776 bytes]","args":[{"enterText":"C002","selector":{"controlType":"sap.m.Input","viewName":"etm.portal.ui.manageyards.view.New","viewId":"application-manageyards-display-component---NewYard","bindingPath":{"path":"","propertyPath":"/SALES_AREA_VKORG","modelName":"NewYardModel"},"interaction":{"idSuffix":"inner"}},"clearTextFirst":true,"interactionType":"ENTER_TEXT"}]}
COMMAND: POST /session/6c63433432e656fe102e41a405bf48f6/execute/async - {"script":"<script> [1562 bytes]","args":[{"selector":{"controlType":"sap.m.Input","viewName":"etm.portal.ui.manageyards.view.New","viewId":"application-manageyards-display-component---NewYard","bindingPath":{"path":"","propertyPath":"/SALES_AREA_VTWEG","modelName":"NewYardModel"},"interaction":{"idSuffix":"inner"}},"wdio_ui5_key":"etmportal.ui.manageyards.view.Newsap.m.Input{\"path\":\"\",\"propertyPath\":\"/SALES_AREA_VTWEG\",\"modelName\":\"NewYardModel\"}"}]}
RESULT: {"script":"<script> [1562 bytes]","args":[{"selector":{"controlType":"sap.m.Input","viewName":"etm.portal.ui.manageyards.view.New","viewId":"application-manageyards-display-component---NewYard","bindingPath":{"path":"","propertyPath":"/SALES_AREA_VTWEG","modelName":"NewYardModel"},"interaction":{"idSuffix":"inner"}},"wdio_ui5_key":"etmportal.ui.manageyards.view.Newsap.m.Input{\"path\":\"\",\"propertyPath\":\"/SALES_AREA_VTWEG\",\"modelName\":\"NewYardModel\"}"}]}
RESULT: undefined
COMMAND: POST /session/6c63433432e656fe102e41a405bf48f6/execute/async - {"script":"<script> [776 bytes]","args":[{"enterText":"C2","selector":{"controlType":"sap.m.Input","viewName":"etm.portal.ui.manageyards.view.New","viewId":"application-manageyards-display-component---NewYard","bindingPath":{"path":"","propertyPath":"/SALES_AREA_VTWEG","modelName":"NewYardModel"},"interaction":{"idSuffix":"inner"}},"clearTextFirst":true,"interactionType":"ENTER_TEXT"}]}
RESULT: {"script":"<script> [776 bytes]","args":[{"enterText":"C2","selector":{"controlType":"sap.m.Input","viewName":"etm.portal.ui.manageyards.view.New","viewId":"application-manageyards-display-component---NewYard","bindingPath":{"path":"","propertyPath":"/SALES_AREA_VTWEG","modelName":"NewYardModel"},"interaction":{"idSuffix":"inner"}},"clearTextFirst":true,"interactionType":"ENTER_TEXT"}]}
COMMAND: POST /session/6c63433432e656fe102e41a405bf48f6/execute/async - {"script":"<script> [1562 bytes]","args":[{"selector":{"controlType":"sap.m.Input","viewName":"etm.portal.ui.manageyards.view.New","viewId":"application-manageyards-display-component---NewYard","bindingPath":{"path":"","propertyPath":"/SALES_AREA_SPART","modelName":"NewYardModel"},"interaction":{"idSuffix":"inner"}},"wdio_ui5_key":"etmportal.ui.manageyards.view.Newsap.m.Input{\"path\":\"\",\"propertyPath\":\"/SALES_AREA_SPART\",\"modelName\":\"NewYardModel\"}"}]}
RESULT: {"script":"<script> [1562 bytes]","args":[{"selector":{"controlType":"sap.m.Input","viewName":"etm.portal.ui.manageyards.view.New","viewId":"application-manageyards-display-component---NewYard","bindingPath":{"path":"","propertyPath":"/SALES_AREA_SPART","modelName":"NewYardModel"},"interaction":{"idSuffix":"inner"}},"wdio_ui5_key":"etmportal.ui.manageyards.view.Newsap.m.Input{\"path\":\"\",\"propertyPath\":\"/SALES_AREA_SPART\",\"modelName\":\"NewYardModel\"}"}]}
RESULT: undefined
COMMAND: POST /session/6c63433432e656fe102e41a405bf48f6/execute/async - {"script":"<script> [776 bytes]","args":[{"enterText":"C2","selector":{"controlType":"sap.m.Input","viewName":"etm.portal.ui.manageyards.view.New","viewId":"application-manageyards-display-component---NewYard","bindingPath":{"path":"","propertyPath":"/SALES_AREA_SPART","modelName":"NewYardModel"},"interaction":{"idSuffix":"inner"}},"clearTextFirst":true,"interactionType":"ENTER_TEXT"}]}
RESULT: {"script":"<script> [776 bytes]","args":[{"enterText":"C2","selector":{"controlType":"sap.m.Input","viewName":"etm.portal.ui.manageyards.view.New","viewId":"application-manageyards-display-component---NewYard","bindingPath":{"path":"","propertyPath":"/SALES_AREA_SPART","modelName":"NewYardModel"},"interaction":{"idSuffix":"inner"}},"clearTextFirst":true,"interactionType":"ENTER_TEXT"}]}
COMMAND: POST /session/6c63433432e656fe102e41a405bf48f6/execute/async - {"script":"<script> [1562 bytes]","args":[{"selector":{"controlType":"sap.m.Input","viewName":"etm.portal.ui.manageyards.view.New","viewId":"application-manageyards-display-component---NewYard","bindingPath":{"path":"","propertyPath":"/SHIP_POINT","modelName":"NewYardModel"},"interaction":{"idSuffix":"inner"}},"wdio_ui5_key":"etmportal.ui.manageyards.view.Newsap.m.Input{\"path\":\"\",\"propertyPath\":\"/SHIP_POINT\",\"modelName\":\"NewYardModel\"}"}]}
RESULT: {"script":"<script> [1562 bytes]","args":[{"selector":{"controlType":"sap.m.Input","viewName":"etm.portal.ui.manageyards.view.New","viewId":"application-manageyards-display-component---NewYard","bindingPath":{"path":"","propertyPath":"/SHIP_POINT","modelName":"NewYardModel"},"interaction":{"idSuffix":"inner"}},"wdio_ui5_key":"etmportal.ui.manageyards.view.Newsap.m.Input{\"path\":\"\",\"propertyPath\":\"/SHIP_POINT\",\"modelName\":\"NewYardModel\"}"}]}
RESULT: undefined
COMMAND: POST /session/6c63433432e656fe102e41a405bf48f6/execute/async - {"script":"<script> [776 bytes]","args":[{"enterText":"1710","selector":{"controlType":"sap.m.Input","viewName":"etm.portal.ui.manageyards.view.New","viewId":"application-manageyards-display-component---NewYard","bindingPath":{"path":"","propertyPath":"/SHIP_POINT","modelName":"NewYardModel"},"interaction":{"idSuffix":"inner"}},"clearTextFirst":true,"interactionType":"ENTER_TEXT"}]}
RESULT: {"script":"<script> [776 bytes]","args":[{"enterText":"1710","selector":{"controlType":"sap.m.Input","viewName":"etm.portal.ui.manageyards.view.New","viewId":"application-manageyards-display-component---NewYard","bindingPath":{"path":"","propertyPath":"/SHIP_POINT","modelName":"NewYardModel"},"interaction":{"idSuffix":"inner"}},"clearTextFirst":true,"interactionType":"ENTER_TEXT"}]}
COMMAND: POST /session/6c63433432e656fe102e41a405bf48f6/execute/async - {"script":"<script> [1562 bytes]","args":[{"selector":{"controlType":"sap.m.Input","viewName":"etm.portal.ui.manageyards.view.New","viewId":"application-manageyards-display-component---NewYard","bindingPath":{"path":"","propertyPath":"/DELIVERY_TYPE","modelName":"NewYardModel"},"interaction":{"idSuffix":"inner"}},"wdio_ui5_key":"etmportal.ui.manageyards.view.Newsap.m.Input{\"path\":\"\",\"propertyPath\":\"/DELIVERY_TYPE\",\"modelName\":\"NewYardModel\"}"}]}
RESULT: {"script":"<script> [1562 bytes]","args":[{"selector":{"controlType":"sap.m.Input","viewName":"etm.portal.ui.manageyards.view.New","viewId":"application-manageyards-display-component---NewYard","bindingPath":{"path":"","propertyPath":"/DELIVERY_TYPE","modelName":"NewYardModel"},"interaction":{"idSuffix":"inner"}},"wdio_ui5_key":"etmportal.ui.manageyards.view.Newsap.m.Input{\"path\":\"\",\"propertyPath\":\"/DELIVERY_TYPE\",\"modelName\":\"NewYardModel\"}"}]}
RESULT: undefined
COMMAND: POST /session/6c63433432e656fe102e41a405bf48f6/execute/async - {"script":"<script> [776 bytes]","args":[{"enterText":"ZL01","selector":{"controlType":"sap.m.Input","viewName":"etm.portal.ui.manageyards.view.New","viewId":"application-manageyards-display-component---NewYard","bindingPath":{"path":"","propertyPath":"/DELIVERY_TYPE","modelName":"NewYardModel"},"interaction":{"idSuffix":"inner"}},"clearTextFirst":true,"interactionType":"ENTER_TEXT"}]}
RESULT: {"script":"<script> [776 bytes]","args":[{"enterText":"ZL01","selector":{"controlType":"sap.m.Input","viewName":"etm.portal.ui.manageyards.view.New","viewId":"application-manageyards-display-component---NewYard","bindingPath":{"path":"","propertyPath":"/DELIVERY_TYPE","modelName":"NewYardModel"},"interaction":{"idSuffix":"inner"}},"clearTextFirst":true,"interactionType":"ENTER_TEXT"}]}
COMMAND: POST /session/6c63433432e656fe102e41a405bf48f6/execute/async - {"script":"<script> [1562 bytes]","args":[{"selector":{"controlType":"sap.m.Input","viewName":"etm.portal.ui.manageyards.view.New","viewId":"application-manageyards-display-component---NewYard","bindingPath":{"path":"","propertyPath":"/AUART","modelName":"NewYardModel"},"interaction":{"idSuffix":"inner"}},"wdio_ui5_key":"etmportal.ui.manageyards.view.Newsap.m.Input{\"path\":\"\",\"propertyPath\":\"/AUART\",\"modelName\":\"NewYardModel\"}"}]}
RESULT: {"script":"<script> [1562 bytes]","args":[{"selector":{"controlType":"sap.m.Input","viewName":"etm.portal.ui.manageyards.view.New","viewId":"application-manageyards-display-component---NewYard","bindingPath":{"path":"","propertyPath":"/AUART","modelName":"NewYardModel"},"interaction":{"idSuffix":"inner"}},"wdio_ui5_key":"etmportal.ui.manageyards.view.Newsap.m.Input{\"path\":\"\",\"propertyPath\":\"/AUART\",\"modelName\":\"NewYardModel\"}"}]}
RESULT: undefined
COMMAND: POST /session/6c63433432e656fe102e41a405bf48f6/execute/async - {"script":"<script> [776 bytes]","args":[{"enterText":"TA","selector":{"controlType":"sap.m.Input","viewName":"etm.portal.ui.manageyards.view.New","viewId":"application-manageyards-display-component---NewYard","bindingPath":{"path":"","propertyPath":"/AUART","modelName":"NewYardModel"},"interaction":{"idSuffix":"inner"}},"clearTextFirst":true,"interactionType":"ENTER_TEXT"}]}
RESULT: {"script":"<script> [776 bytes]","args":[{"enterText":"TA","selector":{"controlType":"sap.m.Input","viewName":"etm.portal.ui.manageyards.view.New","viewId":"application-manageyards-display-component---NewYard","bindingPath":{"path":"","propertyPath":"/AUART","modelName":"NewYardModel"},"interaction":{"idSuffix":"inner"}},"clearTextFirst":true,"interactionType":"ENTER_TEXT"}]}
COMMAND: POST /session/6c63433432e656fe102e41a405bf48f6/element - {"using":"xpath","value":"//button[@data-kt=\"newYardSaveButton\"]"}
RESULT: {"using":"xpath","value":"//button[@data-kt=\"newYardSaveButton\"]"}
COMMAND: POST /session/6c63433432e656fe102e41a405bf48f6/element/f.D105F16D3864A3F2742A47C77377899E.d.B483CC146B7F42F8773CF569231DC4D5.e.3278/click - {}
RESULT: {}
COMMAND: GET /session/6c63433432e656fe102e41a405bf48f6/screenshot - {}
RESULT: {}
COMMAND: POST /session/6c63433432e656fe102e41a405bf48f6/element - {"using":"xpath","value":"//header[contains(@id, 'ObjectPageLayout-headerTitle')]/div[1]/div[2]/div[1]/span[1]"}
RESULT: {"using":"xpath","value":"//header[contains(@id, 'ObjectPageLayout-headerTitle')]/div[1]/div[2]/div[1]/span[1]"}
COMMAND: POST /session/6c63433432e656fe102e41a405bf48f6/elements - {"using":"xpath","value":"//header[contains(@id, 'ObjectPageLayout-headerTitle')]/div[1]/div[2]/div[1]/span[1]"}
RESULT: {"using":"xpath","value":"//header[contains(@id, 'ObjectPageLayout-headerTitle')]/div[1]/div[2]/div[1]/span[1]"}
COMMAND: POST /session/6c63433432e656fe102e41a405bf48f6/execute/sync - {"script":"<script> [56 bytes]","args":[{"element-6066-11e4-a52e-4f735466cecf":"f.D105F16D3864A3F2742A47C77377899E.d.B483CC146B7F42F8773CF569231DC4D5.e.3573","ELEMENT":"f.D105F16D3864A3F2742A47C77377899E.d.B483CC146B7F42F8773CF569231DC4D5.e.3573"}]}
RESULT: {"script":"<script> [56 bytes]","args":[{"element-6066-11e4-a52e-4f735466cecf":"f.D105F16D3864A3F2742A47C77377899E.d.B483CC146B7F42F8773CF569231DC4D5.e.3573","ELEMENT":"f.D105F16D3864A3F2742A47C77377899E.d.B483CC146B7F42F8773CF569231DC4D5.e.3573"}]}
COMMAND: GET /session/6c63433432e656fe102e41a405bf48f6/screenshot - {}
RESULT: {}
COMMAND: POST /session/6c63433432e656fe102e41a405bf48f6/element - {"using":"css selector","value":"#shell-header-logo"}
RESULT: {"using":"css selector","value":"#shell-header-logo"}
COMMAND: POST /session/6c63433432e656fe102e41a405bf48f6/element/f.D105F16D3864A3F2742A47C77377899E.d.B483CC146B7F42F8773CF569231DC4D5.e.2822/click - {}
RESULT: {}
COMMAND: GET /session/6c63433432e656fe102e41a405bf48f6/screenshot - {}
RESULT: {}
COMMAND: POST /session/6c63433432e656fe102e41a405bf48f6/execute/sync - {"script":"<script> [299 bytes]","args":[["getModel","getResource"]]}
RESULT: {"script":"<script> [299 bytes]","args":[["getModel","getResource"]]}
]]></system-out>
    </testcase>
    <testcase classname="chrome.135_0_7049_96.windows.Create_master_data_for_mixed_billing_&amp;_do_billing_calculation_US151661" name="Should create a new partner" time="115.843">
      <system-out><![CDATA[
COMMAND: GET /session/6c63433432e656fe102e41a405bf48f6/screenshot - {}
COMMAND: POST /session/6c63433432e656fe102e41a405bf48f6/window/fullscreen - {}
RESULT: {}
COMMAND: POST /session/6c63433432e656fe102e41a405bf48f6/execute/async - {"script":"<script> [1562 bytes]","args":[{"selector":{"controlType":"sap.m.GenericTile","properties":{"header":"Manage Partners"}},"wdio_ui5_key":"sapm.GenericTile{\"header\":\"Manage Partners\"}"}]}
RESULT: {}
RESULT: {"script":"<script> [1562 bytes]","args":[{"selector":{"controlType":"sap.m.GenericTile","properties":{"header":"Manage Partners"}},"wdio_ui5_key":"sapm.GenericTile{\"header\":\"Manage Partners\"}"}]}
RESULT: undefined
COMMAND: POST /session/6c63433432e656fe102e41a405bf48f6/element - {"using":"xpath","value":"//*[@id=\"__tile38\"]"}
RESULT: {"using":"xpath","value":"//*[@id=\"__tile38\"]"}
COMMAND: POST /session/6c63433432e656fe102e41a405bf48f6/element/f.D105F16D3864A3F2742A47C77377899E.d.B483CC146B7F42F8773CF569231DC4D5.e.2711/click - {}
RESULT: {}
COMMAND: POST /session/6c63433432e656fe102e41a405bf48f6/element - {"using":"xpath","value":"//button[@data-kt=\"addButton\"]"}
COMMAND: GET /session/6c63433432e656fe102e41a405bf48f6/screenshot - {}
RESULT: {"using":"xpath","value":"//button[@data-kt=\"addButton\"]"}
COMMAND: POST /session/6c63433432e656fe102e41a405bf48f6/elements - {"using":"xpath","value":"//button[@data-kt=\"addButton\"]"}
RESULT: {}
RESULT: {"using":"xpath","value":"//button[@data-kt=\"addButton\"]"}
COMMAND: POST /session/6c63433432e656fe102e41a405bf48f6/elements - {"using":"xpath","value":"//button[@data-kt=\"addButton\"]"}
RESULT: {"using":"xpath","value":"//button[@data-kt=\"addButton\"]"}
COMMAND: POST /session/6c63433432e656fe102e41a405bf48f6/elements - {"using":"xpath","value":"//button[@data-kt=\"addButton\"]"}
RESULT: {"using":"xpath","value":"//button[@data-kt=\"addButton\"]"}
COMMAND: POST /session/6c63433432e656fe102e41a405bf48f6/elements - {"using":"xpath","value":"//button[@data-kt=\"addButton\"]"}
RESULT: {"using":"xpath","value":"//button[@data-kt=\"addButton\"]"}
COMMAND: POST /session/6c63433432e656fe102e41a405bf48f6/elements - {"using":"xpath","value":"//button[@data-kt=\"addButton\"]"}
RESULT: {"using":"xpath","value":"//button[@data-kt=\"addButton\"]"}
COMMAND: POST /session/6c63433432e656fe102e41a405bf48f6/elements - {"using":"xpath","value":"//button[@data-kt=\"addButton\"]"}
RESULT: {"using":"xpath","value":"//button[@data-kt=\"addButton\"]"}
COMMAND: POST /session/6c63433432e656fe102e41a405bf48f6/elements - {"using":"xpath","value":"//button[@data-kt=\"addButton\"]"}
RESULT: {"using":"xpath","value":"//button[@data-kt=\"addButton\"]"}
COMMAND: POST /session/6c63433432e656fe102e41a405bf48f6/elements - {"using":"xpath","value":"//button[@data-kt=\"addButton\"]"}
RESULT: {"using":"xpath","value":"//button[@data-kt=\"addButton\"]"}
COMMAND: POST /session/6c63433432e656fe102e41a405bf48f6/elements - {"using":"xpath","value":"//button[@data-kt=\"addButton\"]"}
RESULT: {"using":"xpath","value":"//button[@data-kt=\"addButton\"]"}
COMMAND: POST /session/6c63433432e656fe102e41a405bf48f6/elements - {"using":"xpath","value":"//button[@data-kt=\"addButton\"]"}
RESULT: {"using":"xpath","value":"//button[@data-kt=\"addButton\"]"}
COMMAND: POST /session/6c63433432e656fe102e41a405bf48f6/elements - {"using":"xpath","value":"//button[@data-kt=\"addButton\"]"}
RESULT: {"using":"xpath","value":"//button[@data-kt=\"addButton\"]"}
COMMAND: POST /session/6c63433432e656fe102e41a405bf48f6/elements - {"using":"xpath","value":"//button[@data-kt=\"addButton\"]"}
RESULT: {"using":"xpath","value":"//button[@data-kt=\"addButton\"]"}
COMMAND: POST /session/6c63433432e656fe102e41a405bf48f6/elements - {"using":"xpath","value":"//button[@data-kt=\"addButton\"]"}
RESULT: {"using":"xpath","value":"//button[@data-kt=\"addButton\"]"}
COMMAND: POST /session/6c63433432e656fe102e41a405bf48f6/elements - {"using":"xpath","value":"//button[@data-kt=\"addButton\"]"}
RESULT: {"using":"xpath","value":"//button[@data-kt=\"addButton\"]"}
COMMAND: POST /session/6c63433432e656fe102e41a405bf48f6/elements - {"using":"xpath","value":"//button[@data-kt=\"addButton\"]"}
RESULT: {"using":"xpath","value":"//button[@data-kt=\"addButton\"]"}
COMMAND: POST /session/6c63433432e656fe102e41a405bf48f6/elements - {"using":"xpath","value":"//button[@data-kt=\"addButton\"]"}
RESULT: {"using":"xpath","value":"//button[@data-kt=\"addButton\"]"}
COMMAND: POST /session/6c63433432e656fe102e41a405bf48f6/element - {"using":"xpath","value":"//button[@data-kt=\"addButton\"]"}
RESULT: {"using":"xpath","value":"//button[@data-kt=\"addButton\"]"}
COMMAND: POST /session/6c63433432e656fe102e41a405bf48f6/execute/sync - {"script":"<script> [8489 bytes]","args":[{"element-6066-11e4-a52e-4f735466cecf":"f.D105F16D3864A3F2742A47C77377899E.d.B483CC146B7F42F8773CF569231DC4D5.e.3610","ELEMENT":"f.D105F16D3864A3F2742A47C77377899E.d.B483CC146B7F42F8773CF569231DC4D5.e.3610"}]}
RESULT: {"script":"<script> [8489 bytes]","args":[{"element-6066-11e4-a52e-4f735466cecf":"f.D105F16D3864A3F2742A47C77377899E.d.B483CC146B7F42F8773CF569231DC4D5.e.3610","ELEMENT":"f.D105F16D3864A3F2742A47C77377899E.d.B483CC146B7F42F8773CF569231DC4D5.e.3610"}]}
COMMAND: GET /session/6c63433432e656fe102e41a405bf48f6/element/f.D105F16D3864A3F2742A47C77377899E.d.B483CC146B7F42F8773CF569231DC4D5.e.3610/enabled - {}
COMMAND: GET /session/6c63433432e656fe102e41a405bf48f6/screenshot - {}
RESULT: {}
COMMAND: POST /session/6c63433432e656fe102e41a405bf48f6/execute/sync - {"script":"<script> [8489 bytes]","args":[{"element-6066-11e4-a52e-4f735466cecf":"f.D105F16D3864A3F2742A47C77377899E.d.B483CC146B7F42F8773CF569231DC4D5.e.3610","ELEMENT":"f.D105F16D3864A3F2742A47C77377899E.d.B483CC146B7F42F8773CF569231DC4D5.e.3610"}]}
COMMAND: GET /session/6c63433432e656fe102e41a405bf48f6/screenshot - {}
RESULT: {}
RESULT: {"script":"<script> [8489 bytes]","args":[{"element-6066-11e4-a52e-4f735466cecf":"f.D105F16D3864A3F2742A47C77377899E.d.B483CC146B7F42F8773CF569231DC4D5.e.3610","ELEMENT":"f.D105F16D3864A3F2742A47C77377899E.d.B483CC146B7F42F8773CF569231DC4D5.e.3610"}]}
COMMAND: POST /session/6c63433432e656fe102e41a405bf48f6/execute/sync - {"script":"<script> [5351 bytes]","args":[{"element-6066-11e4-a52e-4f735466cecf":"f.D105F16D3864A3F2742A47C77377899E.d.B483CC146B7F42F8773CF569231DC4D5.e.3610","ELEMENT":"f.D105F16D3864A3F2742A47C77377899E.d.B483CC146B7F42F8773CF569231DC4D5.e.3610"}]}
COMMAND: GET /session/6c63433432e656fe102e41a405bf48f6/screenshot - {}
RESULT: {}
RESULT: {"script":"<script> [5351 bytes]","args":[{"element-6066-11e4-a52e-4f735466cecf":"f.D105F16D3864A3F2742A47C77377899E.d.B483CC146B7F42F8773CF569231DC4D5.e.3610","ELEMENT":"f.D105F16D3864A3F2742A47C77377899E.d.B483CC146B7F42F8773CF569231DC4D5.e.3610"}]}
COMMAND: POST /session/6c63433432e656fe102e41a405bf48f6/element/f.D105F16D3864A3F2742A47C77377899E.d.B483CC146B7F42F8773CF569231DC4D5.e.3610/click - {}
COMMAND: GET /session/6c63433432e656fe102e41a405bf48f6/screenshot - {}
RESULT: {}
RESULT: {}
COMMAND: GET /session/6c63433432e656fe102e41a405bf48f6/screenshot - {}
COMMAND: POST /session/6c63433432e656fe102e41a405bf48f6/execute/async - {"script":"<script> [1562 bytes]","args":[{"selector":{"id":"application-managepartners-display-component---NewPartner--addressDetailDetailsName1","interaction":{"idSuffix":"inner"}},"wdio_ui5_key":"applicationmanagepartners-display-component---NewPartner--addressDetailDetailsName1"}]}
RESULT: {}
RESULT: {}
RESULT: {"script":"<script> [1562 bytes]","args":[{"selector":{"id":"application-managepartners-display-component---NewPartner--addressDetailDetailsName1","interaction":{"idSuffix":"inner"}},"wdio_ui5_key":"applicationmanagepartners-display-component---NewPartner--addressDetailDetailsName1"}]}
RESULT: undefined
COMMAND: POST /session/6c63433432e656fe102e41a405bf48f6/execute/async - {"script":"<script> [776 bytes]","args":[{"enterText":"Intercompany Partner WDIO","selector":{"id":"application-managepartners-display-component---NewPartner--addressDetailDetailsName1","interaction":{"idSuffix":"inner"}},"clearTextFirst":true,"interactionType":"ENTER_TEXT"}]}
RESULT: {"script":"<script> [776 bytes]","args":[{"enterText":"Intercompany Partner WDIO","selector":{"id":"application-managepartners-display-component---NewPartner--addressDetailDetailsName1","interaction":{"idSuffix":"inner"}},"clearTextFirst":true,"interactionType":"ENTER_TEXT"}]}
COMMAND: POST /session/6c63433432e656fe102e41a405bf48f6/execute/async - {"script":"<script> [1562 bytes]","args":[{"selector":{"id":"application-managepartners-display-component---NewPartner--addressDetailDetailsLanguage-arrow"},"wdio_ui5_key":"applicationmanagepartners-display-component---NewPartner--addressDetailDetailsLanguage-arrow"}]}
RESULT: {"script":"<script> [1562 bytes]","args":[{"selector":{"id":"application-managepartners-display-component---NewPartner--addressDetailDetailsLanguage-arrow"},"wdio_ui5_key":"applicationmanagepartners-display-component---NewPartner--addressDetailDetailsLanguage-arrow"}]}
RESULT: undefined
COMMAND: POST /session/6c63433432e656fe102e41a405bf48f6/element - {"using":"xpath","value":"//*[@id=\"application-managepartners-display-component---NewPartner--addressDetailDetailsLanguage-arrow\"]"}
RESULT: {"using":"xpath","value":"//*[@id=\"application-managepartners-display-component---NewPartner--addressDetailDetailsLanguage-arrow\"]"}
COMMAND: POST /session/6c63433432e656fe102e41a405bf48f6/element/f.D105F16D3864A3F2742A47C77377899E.d.B483CC146B7F42F8773CF569231DC4D5.e.4060/click - {}
RESULT: {}
COMMAND: POST /session/6c63433432e656fe102e41a405bf48f6/element - {"using":"xpath","value":"//span[contains(text(), \"English\")]"}
COMMAND: GET /session/6c63433432e656fe102e41a405bf48f6/screenshot - {}
RESULT: {"using":"xpath","value":"//span[contains(text(), \"English\")]"}
COMMAND: POST /session/6c63433432e656fe102e41a405bf48f6/element/f.D105F16D3864A3F2742A47C77377899E.d.B483CC146B7F42F8773CF569231DC4D5.e.4061/click - {}
RESULT: {}
RESULT: {}
COMMAND: GET /session/6c63433432e656fe102e41a405bf48f6/screenshot - {}
RESULT: {}
COMMAND: POST /session/6c63433432e656fe102e41a405bf48f6/execute/async - {"script":"<script> [1562 bytes]","args":[{"selector":{"id":"application-managepartners-display-component---NewPartner--addressDetailDetailsCity1","interaction":{"idSuffix":"inner"}},"wdio_ui5_key":"applicationmanagepartners-display-component---NewPartner--addressDetailDetailsCity1"}]}
RESULT: {"script":"<script> [1562 bytes]","args":[{"selector":{"id":"application-managepartners-display-component---NewPartner--addressDetailDetailsCity1","interaction":{"idSuffix":"inner"}},"wdio_ui5_key":"applicationmanagepartners-display-component---NewPartner--addressDetailDetailsCity1"}]}
RESULT: undefined
COMMAND: POST /session/6c63433432e656fe102e41a405bf48f6/execute/async - {"script":"<script> [776 bytes]","args":[{"enterText":"Rosario","selector":{"id":"application-managepartners-display-component---NewPartner--addressDetailDetailsCity1","interaction":{"idSuffix":"inner"}},"clearTextFirst":true,"interactionType":"ENTER_TEXT"}]}
RESULT: {"script":"<script> [776 bytes]","args":[{"enterText":"Rosario","selector":{"id":"application-managepartners-display-component---NewPartner--addressDetailDetailsCity1","interaction":{"idSuffix":"inner"}},"clearTextFirst":true,"interactionType":"ENTER_TEXT"}]}
COMMAND: POST /session/6c63433432e656fe102e41a405bf48f6/execute/async - {"script":"<script> [1562 bytes]","args":[{"selector":{"id":"application-managepartners-display-component---NewPartner--addressDetailDetailsCountry-arrow"},"wdio_ui5_key":"applicationmanagepartners-display-component---NewPartner--addressDetailDetailsCountry-arrow"}]}
RESULT: {"script":"<script> [1562 bytes]","args":[{"selector":{"id":"application-managepartners-display-component---NewPartner--addressDetailDetailsCountry-arrow"},"wdio_ui5_key":"applicationmanagepartners-display-component---NewPartner--addressDetailDetailsCountry-arrow"}]}
RESULT: undefined
COMMAND: POST /session/6c63433432e656fe102e41a405bf48f6/element - {"using":"xpath","value":"//*[@id=\"application-managepartners-display-component---NewPartner--addressDetailDetailsCountry-arrow\"]"}
RESULT: {"using":"xpath","value":"//*[@id=\"application-managepartners-display-component---NewPartner--addressDetailDetailsCountry-arrow\"]"}
COMMAND: POST /session/6c63433432e656fe102e41a405bf48f6/element/f.D105F16D3864A3F2742A47C77377899E.d.B483CC146B7F42F8773CF569231DC4D5.e.4028/click - {}
RESULT: {}
COMMAND: POST /session/6c63433432e656fe102e41a405bf48f6/element - {"using":"xpath","value":"//span[contains(text(), \"Argentina\")]"}
COMMAND: GET /session/6c63433432e656fe102e41a405bf48f6/screenshot - {}
RESULT: {"using":"xpath","value":"//span[contains(text(), \"Argentina\")]"}
COMMAND: POST /session/6c63433432e656fe102e41a405bf48f6/element/f.D105F16D3864A3F2742A47C77377899E.d.B483CC146B7F42F8773CF569231DC4D5.e.4063/click - {}
RESULT: {}
RESULT: {}
COMMAND: GET /session/6c63433432e656fe102e41a405bf48f6/screenshot - {}
RESULT: {}
COMMAND: POST /session/6c63433432e656fe102e41a405bf48f6/element - {"using":"xpath","value":"//bdi[contains(text(), \"Commercial\")]"}
RESULT: {"using":"xpath","value":"//bdi[contains(text(), \"Commercial\")]"}
COMMAND: POST /session/6c63433432e656fe102e41a405bf48f6/element/f.D105F16D3864A3F2742A47C77377899E.d.B483CC146B7F42F8773CF569231DC4D5.e.4064/click - {}
RESULT: {}
COMMAND: GET /session/6c63433432e656fe102e41a405bf48f6/screenshot - {}
RESULT: {}
COMMAND: POST /session/6c63433432e656fe102e41a405bf48f6/execute/async - {"script":"<script> [1562 bytes]","args":[{"selector":{"id":"application-managepartners-display-component---NewPartner--partnerDetailInternal-arrow"},"wdio_ui5_key":"applicationmanagepartners-display-component---NewPartner--partnerDetailInternal-arrow"}]}
RESULT: {"script":"<script> [1562 bytes]","args":[{"selector":{"id":"application-managepartners-display-component---NewPartner--partnerDetailInternal-arrow"},"wdio_ui5_key":"applicationmanagepartners-display-component---NewPartner--partnerDetailInternal-arrow"}]}
RESULT: undefined
COMMAND: POST /session/6c63433432e656fe102e41a405bf48f6/element - {"using":"xpath","value":"//*[@id=\"application-managepartners-display-component---NewPartner--partnerDetailInternal-arrow\"]"}
RESULT: {"using":"xpath","value":"//*[@id=\"application-managepartners-display-component---NewPartner--partnerDetailInternal-arrow\"]"}
COMMAND: POST /session/6c63433432e656fe102e41a405bf48f6/element/f.D105F16D3864A3F2742A47C77377899E.d.B483CC146B7F42F8773CF569231DC4D5.e.4072/click - {}
RESULT: {}
COMMAND: POST /session/6c63433432e656fe102e41a405bf48f6/element - {"using":"xpath","value":"//span[contains(text(), \"Affiliated company\")]"}
COMMAND: GET /session/6c63433432e656fe102e41a405bf48f6/screenshot - {}
RESULT: {"using":"xpath","value":"//span[contains(text(), \"Affiliated company\")]"}
COMMAND: POST /session/6c63433432e656fe102e41a405bf48f6/element/f.D105F16D3864A3F2742A47C77377899E.d.B483CC146B7F42F8773CF569231DC4D5.e.4073/click - {}
RESULT: {}
RESULT: {}
COMMAND: POST /session/6c63433432e656fe102e41a405bf48f6/execute/async - {"script":"<script> [1562 bytes]","args":[{"selector":{"id":"application-managepartners-display-component---NewPartner--partnerDetailsCurrency-arrow"},"wdio_ui5_key":"applicationmanagepartners-display-component---NewPartner--partnerDetailsCurrency-arrow"}]}
COMMAND: GET /session/6c63433432e656fe102e41a405bf48f6/screenshot - {}
RESULT: {"script":"<script> [1562 bytes]","args":[{"selector":{"id":"application-managepartners-display-component---NewPartner--partnerDetailsCurrency-arrow"},"wdio_ui5_key":"applicationmanagepartners-display-component---NewPartner--partnerDetailsCurrency-arrow"}]}
RESULT: undefined
COMMAND: POST /session/6c63433432e656fe102e41a405bf48f6/element - {"using":"xpath","value":"//*[@id=\"application-managepartners-display-component---NewPartner--partnerDetailsCurrency-arrow\"]"}
RESULT: {}
RESULT: {"using":"xpath","value":"//*[@id=\"application-managepartners-display-component---NewPartner--partnerDetailsCurrency-arrow\"]"}
COMMAND: POST /session/6c63433432e656fe102e41a405bf48f6/element/f.D105F16D3864A3F2742A47C77377899E.d.B483CC146B7F42F8773CF569231DC4D5.e.4080/click - {}
RESULT: {}
COMMAND: POST /session/6c63433432e656fe102e41a405bf48f6/element - {"using":"xpath","value":"//span[contains(text(), \"Euro\")]"}
COMMAND: GET /session/6c63433432e656fe102e41a405bf48f6/screenshot - {}
RESULT: {"using":"xpath","value":"//span[contains(text(), \"Euro\")]"}
COMMAND: POST /session/6c63433432e656fe102e41a405bf48f6/element/f.D105F16D3864A3F2742A47C77377899E.d.B483CC146B7F42F8773CF569231DC4D5.e.4081/click - {}
RESULT: {}
RESULT: {}
COMMAND: POST /session/6c63433432e656fe102e41a405bf48f6/execute/async - {"script":"<script> [1562 bytes]","args":[{"selector":{"id":"application-managepartners-display-component---NewPartner--addressEditDetailsCostObjectCstType-arrow"},"wdio_ui5_key":"applicationmanagepartners-display-component---NewPartner--addressEditDetailsCostObjectCstType-arrow"}]}
COMMAND: GET /session/6c63433432e656fe102e41a405bf48f6/screenshot - {}
RESULT: {"script":"<script> [1562 bytes]","args":[{"selector":{"id":"application-managepartners-display-component---NewPartner--addressEditDetailsCostObjectCstType-arrow"},"wdio_ui5_key":"applicationmanagepartners-display-component---NewPartner--addressEditDetailsCostObjectCstType-arrow"}]}
RESULT: undefined
COMMAND: POST /session/6c63433432e656fe102e41a405bf48f6/element - {"using":"xpath","value":"//*[@id=\"application-managepartners-display-component---NewPartner--addressEditDetailsCostObjectCstType-arrow\"]"}
RESULT: {}
RESULT: {"using":"xpath","value":"//*[@id=\"application-managepartners-display-component---NewPartner--addressEditDetailsCostObjectCstType-arrow\"]"}
COMMAND: POST /session/6c63433432e656fe102e41a405bf48f6/element/f.D105F16D3864A3F2742A47C77377899E.d.B483CC146B7F42F8773CF569231DC4D5.e.4082/click - {}
RESULT: {}
COMMAND: POST /session/6c63433432e656fe102e41a405bf48f6/element - {"using":"xpath","value":"//span[contains(text(), \"Cost Center\")]"}
COMMAND: GET /session/6c63433432e656fe102e41a405bf48f6/screenshot - {}
RESULT: {"using":"xpath","value":"//span[contains(text(), \"Cost Center\")]"}
COMMAND: POST /session/6c63433432e656fe102e41a405bf48f6/element/f.D105F16D3864A3F2742A47C77377899E.d.B483CC146B7F42F8773CF569231DC4D5.e.4083/click - {}
RESULT: {}
RESULT: {}
COMMAND: GET /session/6c63433432e656fe102e41a405bf48f6/screenshot - {}
RESULT: {}
COMMAND: POST /session/6c63433432e656fe102e41a405bf48f6/element - {"using":"xpath","value":"//span[@id=\"application-managepartners-display-component---NewPartner--addressNewCostObjectCstID-vhi\"]"}
RESULT: {"using":"xpath","value":"//span[@id=\"application-managepartners-display-component---NewPartner--addressNewCostObjectCstID-vhi\"]"}
COMMAND: POST /session/6c63433432e656fe102e41a405bf48f6/execute/sync - {"script":"<script> [8489 bytes]","args":[{"element-6066-11e4-a52e-4f735466cecf":"f.D105F16D3864A3F2742A47C77377899E.d.B483CC146B7F42F8773CF569231DC4D5.e.4087","ELEMENT":"f.D105F16D3864A3F2742A47C77377899E.d.B483CC146B7F42F8773CF569231DC4D5.e.4087"}]}
RESULT: {"script":"<script> [8489 bytes]","args":[{"element-6066-11e4-a52e-4f735466cecf":"f.D105F16D3864A3F2742A47C77377899E.d.B483CC146B7F42F8773CF569231DC4D5.e.4087","ELEMENT":"f.D105F16D3864A3F2742A47C77377899E.d.B483CC146B7F42F8773CF569231DC4D5.e.4087"}]}
COMMAND: POST /session/6c63433432e656fe102e41a405bf48f6/execute/async - {"script":"<script> [1562 bytes]","args":[{"selector":{"id":"application-managepartners-display-component---NewPartner--addressNewCostObjectCstID-vhi"},"wdio_ui5_key":"applicationmanagepartners-display-component---NewPartner--addressNewCostObjectCstID-vhi"}]}
COMMAND: GET /session/6c63433432e656fe102e41a405bf48f6/screenshot - {}
RESULT: {"script":"<script> [1562 bytes]","args":[{"selector":{"id":"application-managepartners-display-component---NewPartner--addressNewCostObjectCstID-vhi"},"wdio_ui5_key":"applicationmanagepartners-display-component---NewPartner--addressNewCostObjectCstID-vhi"}]}
RESULT: undefined
COMMAND: POST /session/6c63433432e656fe102e41a405bf48f6/element - {"using":"xpath","value":"//*[@id=\"application-managepartners-display-component---NewPartner--addressNewCostObjectCstID-vhi\"]"}
RESULT: {}
RESULT: {"using":"xpath","value":"//*[@id=\"application-managepartners-display-component---NewPartner--addressNewCostObjectCstID-vhi\"]"}
COMMAND: POST /session/6c63433432e656fe102e41a405bf48f6/element/f.D105F16D3864A3F2742A47C77377899E.d.B483CC146B7F42F8773CF569231DC4D5.e.4087/click - {}
RESULT: {}
COMMAND: GET /session/6c63433432e656fe102e41a405bf48f6/screenshot - {}
RESULT: {}
RESULT: undefined
COMMAND: POST /session/6c63433432e656fe102e41a405bf48f6/execute/async - {"script":"<script> [776 bytes]","args":[{"enterText":"10001013","selector":{"controlType":"sap.m.SearchField","properties":{"placeholder":"Search"},"searchOpenDialogs":true,"interaction":{"idSuffix":"I"}},"clearTextFirst":true,"interactionType":"ENTER_TEXT"}]}
RESULT: {"script":"<script> [776 bytes]","args":[{"enterText":"10001013","selector":{"controlType":"sap.m.SearchField","properties":{"placeholder":"Search"},"searchOpenDialogs":true,"interaction":{"idSuffix":"I"}},"clearTextFirst":true,"interactionType":"ENTER_TEXT"}]}
COMMAND: POST /session/6c63433432e656fe102e41a405bf48f6/actions - {"actions":[{"id":"action10","type":"key","parameters":{},"actions":[{"type":"keyDown","value":"î€‡"},{"type":"pause","duration":10},{"type":"keyUp","value":"î€‡"}]}]}
RESULT: {"actions":[{"id":"action10","type":"key","parameters":{},"actions":[{"type":"keyDown","value":"î€‡"},{"type":"pause","duration":10},{"type":"keyUp","value":"î€‡"}]}]}
COMMAND: GET /session/6c63433432e656fe102e41a405bf48f6/screenshot - {}
RESULT: {}
COMMAND: POST /session/6c63433432e656fe102e41a405bf48f6/element - {"using":"xpath","value":"//span[contains(text(), \"General Management\")]"}
RESULT: {"using":"xpath","value":"//span[contains(text(), \"General Management\")]"}
COMMAND: POST /session/6c63433432e656fe102e41a405bf48f6/element/f.D105F16D3864A3F2742A47C77377899E.d.B483CC146B7F42F8773CF569231DC4D5.e.4127/click - {}
RESULT: {}
COMMAND: GET /session/6c63433432e656fe102e41a405bf48f6/screenshot - {}
RESULT: {}
COMMAND: POST /session/6c63433432e656fe102e41a405bf48f6/element - {"using":"xpath","value":"//bdi[contains(text(), \"OK\")]"}
RESULT: {"using":"xpath","value":"//bdi[contains(text(), \"OK\")]"}
COMMAND: POST /session/6c63433432e656fe102e41a405bf48f6/element/f.D105F16D3864A3F2742A47C77377899E.d.B483CC146B7F42F8773CF569231DC4D5.e.4128/click - {}
RESULT: {}
COMMAND: GET /session/6c63433432e656fe102e41a405bf48f6/screenshot - {}
RESULT: {}
COMMAND: POST /session/6c63433432e656fe102e41a405bf48f6/element - {"using":"xpath","value":"//input[@id=\"application-managepartners-display-component---NewPartner--companyCodeComboBox-inner\"]"}
RESULT: {"using":"xpath","value":"//input[@id=\"application-managepartners-display-component---NewPartner--companyCodeComboBox-inner\"]"}
COMMAND: POST /session/6c63433432e656fe102e41a405bf48f6/element/f.D105F16D3864A3F2742A47C77377899E.d.B483CC146B7F42F8773CF569231DC4D5.e.3922/clear - {}
RESULT: {}
COMMAND: POST /session/6c63433432e656fe102e41a405bf48f6/element/f.D105F16D3864A3F2742A47C77377899E.d.B483CC146B7F42F8773CF569231DC4D5.e.3922/value - {"text":"C002"}
COMMAND: GET /session/6c63433432e656fe102e41a405bf48f6/screenshot - {}
RESULT: {"text":"C002"}
COMMAND: GET /session/6c63433432e656fe102e41a405bf48f6/screenshot - {}
RESULT: {}
RESULT: {}
COMMAND: POST /session/6c63433432e656fe102e41a405bf48f6/element - {"using":"xpath","value":"//span[contains(text(), \"C002\")]"}
RESULT: {"using":"xpath","value":"//span[contains(text(), \"C002\")]"}
COMMAND: POST /session/6c63433432e656fe102e41a405bf48f6/element/f.D105F16D3864A3F2742A47C77377899E.d.B483CC146B7F42F8773CF569231DC4D5.e.4134/click - {}
RESULT: {}
COMMAND: GET /session/6c63433432e656fe102e41a405bf48f6/screenshot - {}
RESULT: {}
COMMAND: POST /session/6c63433432e656fe102e41a405bf48f6/execute/async - {"script":"<script> [1562 bytes]","args":[{"selector":{"id":"application-managepartners-display-component---NewPartner--btnAddTableRow-img"},"wdio_ui5_key":"applicationmanagepartners-display-component---NewPartner--btnAddTableRow-img"}]}
RESULT: {"script":"<script> [1562 bytes]","args":[{"selector":{"id":"application-managepartners-display-component---NewPartner--btnAddTableRow-img"},"wdio_ui5_key":"applicationmanagepartners-display-component---NewPartner--btnAddTableRow-img"}]}
RESULT: undefined
COMMAND: POST /session/6c63433432e656fe102e41a405bf48f6/element - {"using":"xpath","value":"//*[@id=\"application-managepartners-display-component---NewPartner--btnAddTableRow-img\"]"}
RESULT: {"using":"xpath","value":"//*[@id=\"application-managepartners-display-component---NewPartner--btnAddTableRow-img\"]"}
COMMAND: POST /session/6c63433432e656fe102e41a405bf48f6/element/f.D105F16D3864A3F2742A47C77377899E.d.B483CC146B7F42F8773CF569231DC4D5.e.4135/click - {}
RESULT: {}
COMMAND: GET /session/6c63433432e656fe102e41a405bf48f6/screenshot - {}
RESULT: {}
COMMAND: POST /session/6c63433432e656fe102e41a405bf48f6/element - {"using":"xpath","value":"//input[@id=\"application-managepartners-display-component---NewPartner--assignmentYard-application-managepartners-display-component---NewPartner--assignmentsTable-0-inner\"]"}
RESULT: {"using":"xpath","value":"//input[@id=\"application-managepartners-display-component---NewPartner--assignmentYard-application-managepartners-display-component---NewPartner--assignmentsTable-0-inner\"]"}
COMMAND: POST /session/6c63433432e656fe102e41a405bf48f6/element/f.D105F16D3864A3F2742A47C77377899E.d.B483CC146B7F42F8773CF569231DC4D5.e.4138/clear - {}
RESULT: {}
COMMAND: POST /session/6c63433432e656fe102e41a405bf48f6/element/f.D105F16D3864A3F2742A47C77377899E.d.B483CC146B7F42F8773CF569231DC4D5.e.4138/value - {"text":"548"}
COMMAND: GET /session/6c63433432e656fe102e41a405bf48f6/screenshot - {}
RESULT: {"text":"548"}
COMMAND: GET /session/6c63433432e656fe102e41a405bf48f6/screenshot - {}
RESULT: {}
RESULT: {}
COMMAND: POST /session/6c63433432e656fe102e41a405bf48f6/element - {"using":"xpath","value":"//li[.//span[text()='548']]"}
RESULT: {"using":"xpath","value":"//li[.//span[text()='548']]"}
COMMAND: POST /session/6c63433432e656fe102e41a405bf48f6/element/f.D105F16D3864A3F2742A47C77377899E.d.B483CC146B7F42F8773CF569231DC4D5.e.4147/click - {}
RESULT: {}
COMMAND: GET /session/6c63433432e656fe102e41a405bf48f6/screenshot - {}
RESULT: {}
COMMAND: POST /session/6c63433432e656fe102e41a405bf48f6/actions - {"actions":[{"id":"action11","type":"key","parameters":{},"actions":[{"type":"keyDown","value":"î€‡"},{"type":"pause","duration":10},{"type":"keyUp","value":"î€‡"}]}]}
RESULT: {"actions":[{"id":"action11","type":"key","parameters":{},"actions":[{"type":"keyDown","value":"î€‡"},{"type":"pause","duration":10},{"type":"keyUp","value":"î€‡"}]}]}
COMMAND: POST /session/6c63433432e656fe102e41a405bf48f6/execute/async - {"script":"<script> [1562 bytes]","args":[{"selector":{"id":"application-managepartners-display-component---NewPartner--externalCustomerComboBox-application-managepartners-display-component---NewPartner--assignmentsTable-0-vhi"},"wdio_ui5_key":"applicationmanagepartners-display-component---NewPartner--externalCustomerComboBox-application-managepartners-display-component---NewPartner--assignmentsTable-0-vhi"}]}
COMMAND: GET /session/6c63433432e656fe102e41a405bf48f6/screenshot - {}
RESULT: {"script":"<script> [1562 bytes]","args":[{"selector":{"id":"application-managepartners-display-component---NewPartner--externalCustomerComboBox-application-managepartners-display-component---NewPartner--assignmentsTable-0-vhi"},"wdio_ui5_key":"applicationmanagepartners-display-component---NewPartner--externalCustomerComboBox-application-managepartners-display-component---NewPartner--assignmentsTable-0-vhi"}]}
RESULT: undefined
COMMAND: POST /session/6c63433432e656fe102e41a405bf48f6/element - {"using":"xpath","value":"//*[@id=\"application-managepartners-display-component---NewPartner--externalCustomerComboBox-application-managepartners-display-component---NewPartner--assignmentsTable-0-vhi\"]"}
RESULT: {}
RESULT: {"using":"xpath","value":"//*[@id=\"application-managepartners-display-component---NewPartner--externalCustomerComboBox-application-managepartners-display-component---NewPartner--assignmentsTable-0-vhi\"]"}
COMMAND: POST /session/6c63433432e656fe102e41a405bf48f6/element/f.D105F16D3864A3F2742A47C77377899E.d.B483CC146B7F42F8773CF569231DC4D5.e.4151/click - {}
RESULT: {}
RESULT: undefined
COMMAND: POST /session/6c63433432e656fe102e41a405bf48f6/execute/async - {"script":"<script> [776 bytes]","args":[{"enterText":"300003","selector":{"controlType":"sap.m.SearchField","properties":{"placeholder":"Search"},"searchOpenDialogs":true,"interaction":{"idSuffix":"I"}},"clearTextFirst":true,"interactionType":"ENTER_TEXT"}]}
COMMAND: GET /session/6c63433432e656fe102e41a405bf48f6/screenshot - {}
RESULT: {"script":"<script> [776 bytes]","args":[{"enterText":"300003","selector":{"controlType":"sap.m.SearchField","properties":{"placeholder":"Search"},"searchOpenDialogs":true,"interaction":{"idSuffix":"I"}},"clearTextFirst":true,"interactionType":"ENTER_TEXT"}]}
COMMAND: POST /session/6c63433432e656fe102e41a405bf48f6/actions - {"actions":[{"id":"action12","type":"key","parameters":{},"actions":[{"type":"keyDown","value":"î€‡"},{"type":"pause","duration":10},{"type":"keyUp","value":"î€‡"}]}]}
RESULT: {}
RESULT: {"actions":[{"id":"action12","type":"key","parameters":{},"actions":[{"type":"keyDown","value":"î€‡"},{"type":"pause","duration":10},{"type":"keyUp","value":"î€‡"}]}]}
COMMAND: GET /session/6c63433432e656fe102e41a405bf48f6/screenshot - {}
RESULT: {}
COMMAND: POST /session/6c63433432e656fe102e41a405bf48f6/element - {"using":"xpath","value":"//span[contains(text(), \"300003\")]"}
RESULT: {"using":"xpath","value":"//span[contains(text(), \"300003\")]"}
COMMAND: POST /session/6c63433432e656fe102e41a405bf48f6/element/f.D105F16D3864A3F2742A47C77377899E.d.B483CC146B7F42F8773CF569231DC4D5.e.4170/click - {}
RESULT: {}
COMMAND: GET /session/6c63433432e656fe102e41a405bf48f6/screenshot - {}
RESULT: {}
COMMAND: POST /session/6c63433432e656fe102e41a405bf48f6/element - {"using":"xpath","value":"//bdi[contains(text(), \"OK\")]"}
RESULT: {"using":"xpath","value":"//bdi[contains(text(), \"OK\")]"}
COMMAND: POST /session/6c63433432e656fe102e41a405bf48f6/element/f.D105F16D3864A3F2742A47C77377899E.d.B483CC146B7F42F8773CF569231DC4D5.e.4172/click - {}
RESULT: {}
COMMAND: GET /session/6c63433432e656fe102e41a405bf48f6/screenshot - {}
RESULT: {}
COMMAND: POST /session/6c63433432e656fe102e41a405bf48f6/execute/async - {"script":"<script> [1562 bytes]","args":[{"selector":{"id":"application-managepartners-display-component---NewPartner--intercompVendorComboBox-application-managepartners-display-component---NewPartner--assignmentsTable-0-vhi"},"wdio_ui5_key":"applicationmanagepartners-display-component---NewPartner--intercompVendorComboBox-application-managepartners-display-component---NewPartner--assignmentsTable-0-vhi"}]}
RESULT: {"script":"<script> [1562 bytes]","args":[{"selector":{"id":"application-managepartners-display-component---NewPartner--intercompVendorComboBox-application-managepartners-display-component---NewPartner--assignmentsTable-0-vhi"},"wdio_ui5_key":"applicationmanagepartners-display-component---NewPartner--intercompVendorComboBox-application-managepartners-display-component---NewPartner--assignmentsTable-0-vhi"}]}
RESULT: undefined
COMMAND: POST /session/6c63433432e656fe102e41a405bf48f6/element - {"using":"xpath","value":"//*[@id=\"application-managepartners-display-component---NewPartner--intercompVendorComboBox-application-managepartners-display-component---NewPartner--assignmentsTable-0-vhi\"]"}
RESULT: {"using":"xpath","value":"//*[@id=\"application-managepartners-display-component---NewPartner--intercompVendorComboBox-application-managepartners-display-component---NewPartner--assignmentsTable-0-vhi\"]"}
COMMAND: POST /session/6c63433432e656fe102e41a405bf48f6/element/f.D105F16D3864A3F2742A47C77377899E.d.B483CC146B7F42F8773CF569231DC4D5.e.4175/click - {}
RESULT: {}
RESULT: undefined
COMMAND: POST /session/6c63433432e656fe102e41a405bf48f6/execute/async - {"script":"<script> [776 bytes]","args":[{"enterText":"100005","selector":{"controlType":"sap.m.SearchField","properties":{"placeholder":"Search"},"searchOpenDialogs":true,"interaction":{"idSuffix":"I"}},"clearTextFirst":true,"interactionType":"ENTER_TEXT"}]}
COMMAND: GET /session/6c63433432e656fe102e41a405bf48f6/screenshot - {}
RESULT: {"script":"<script> [776 bytes]","args":[{"enterText":"100005","selector":{"controlType":"sap.m.SearchField","properties":{"placeholder":"Search"},"searchOpenDialogs":true,"interaction":{"idSuffix":"I"}},"clearTextFirst":true,"interactionType":"ENTER_TEXT"}]}
COMMAND: POST /session/6c63433432e656fe102e41a405bf48f6/actions - {"actions":[{"id":"action13","type":"key","parameters":{},"actions":[{"type":"keyDown","value":"î€‡"},{"type":"pause","duration":10},{"type":"keyUp","value":"î€‡"}]}]}
RESULT: {}
RESULT: {"actions":[{"id":"action13","type":"key","parameters":{},"actions":[{"type":"keyDown","value":"î€‡"},{"type":"pause","duration":10},{"type":"keyUp","value":"î€‡"}]}]}
COMMAND: GET /session/6c63433432e656fe102e41a405bf48f6/screenshot - {}
RESULT: {}
COMMAND: POST /session/6c63433432e656fe102e41a405bf48f6/element - {"using":"xpath","value":"//span[contains(text(), \"Penguins - Field/12345 Berlin\")]"}
RESULT: {"using":"xpath","value":"//span[contains(text(), \"Penguins - Field/12345 Berlin\")]"}
COMMAND: POST /session/6c63433432e656fe102e41a405bf48f6/element/f.D105F16D3864A3F2742A47C77377899E.d.B483CC146B7F42F8773CF569231DC4D5.e.4191/click - {}
RESULT: {}
COMMAND: GET /session/6c63433432e656fe102e41a405bf48f6/screenshot - {}
RESULT: {}
COMMAND: POST /session/6c63433432e656fe102e41a405bf48f6/element - {"using":"xpath","value":"//bdi[contains(text(), \"OK\")]"}
RESULT: {"using":"xpath","value":"//bdi[contains(text(), \"OK\")]"}
COMMAND: POST /session/6c63433432e656fe102e41a405bf48f6/element/f.D105F16D3864A3F2742A47C77377899E.d.B483CC146B7F42F8773CF569231DC4D5.e.4192/click - {}
RESULT: {}
COMMAND: GET /session/6c63433432e656fe102e41a405bf48f6/screenshot - {}
RESULT: {}
COMMAND: POST /session/6c63433432e656fe102e41a405bf48f6/element - {"using":"xpath","value":"//button[@data-kt=\"saveButton\"]"}
RESULT: {"using":"xpath","value":"//button[@data-kt=\"saveButton\"]"}
COMMAND: POST /session/6c63433432e656fe102e41a405bf48f6/element/f.D105F16D3864A3F2742A47C77377899E.d.B483CC146B7F42F8773CF569231DC4D5.e.3997/click - {}
RESULT: {}
COMMAND: GET /session/6c63433432e656fe102e41a405bf48f6/screenshot - {}
RESULT: {}
COMMAND: POST /session/6c63433432e656fe102e41a405bf48f6/element - {"using":"xpath","value":"//header[contains(@id, 'ObjectPageLayout-headerTitle')]/div[1]/div[2]/div[2]/span[1]"}
RESULT: {"using":"xpath","value":"//header[contains(@id, 'ObjectPageLayout-headerTitle')]/div[1]/div[2]/div[2]/span[1]"}
COMMAND: POST /session/6c63433432e656fe102e41a405bf48f6/elements - {"using":"xpath","value":"//header[contains(@id, 'ObjectPageLayout-headerTitle')]/div[1]/div[2]/div[2]/span[1]"}
RESULT: {"using":"xpath","value":"//header[contains(@id, 'ObjectPageLayout-headerTitle')]/div[1]/div[2]/div[2]/span[1]"}
COMMAND: POST /session/6c63433432e656fe102e41a405bf48f6/execute/sync - {"script":"<script> [56 bytes]","args":[{"element-6066-11e4-a52e-4f735466cecf":"f.D105F16D3864A3F2742A47C77377899E.d.B483CC146B7F42F8773CF569231DC4D5.e.4356","ELEMENT":"f.D105F16D3864A3F2742A47C77377899E.d.B483CC146B7F42F8773CF569231DC4D5.e.4356"}]}
RESULT: {"script":"<script> [56 bytes]","args":[{"element-6066-11e4-a52e-4f735466cecf":"f.D105F16D3864A3F2742A47C77377899E.d.B483CC146B7F42F8773CF569231DC4D5.e.4356","ELEMENT":"f.D105F16D3864A3F2742A47C77377899E.d.B483CC146B7F42F8773CF569231DC4D5.e.4356"}]}
COMMAND: POST /session/6c63433432e656fe102e41a405bf48f6/element - {"using":"css selector","value":"#shell-header-logo"}
COMMAND: GET /session/6c63433432e656fe102e41a405bf48f6/screenshot - {}
RESULT: {"using":"css selector","value":"#shell-header-logo"}
COMMAND: POST /session/6c63433432e656fe102e41a405bf48f6/element/f.D105F16D3864A3F2742A47C77377899E.d.B483CC146B7F42F8773CF569231DC4D5.e.3577/click - {}
RESULT: {}
RESULT: {}
COMMAND: GET /session/6c63433432e656fe102e41a405bf48f6/screenshot - {}
RESULT: {}
COMMAND: POST /session/6c63433432e656fe102e41a405bf48f6/execute/sync - {"script":"<script> [299 bytes]","args":[["getModel","getResource"]]}
RESULT: {"script":"<script> [299 bytes]","args":[["getModel","getResource"]]}
]]></system-out>
    </testcase>
    <testcase classname="chrome.135_0_7049_96.windows.Create_master_data_for_mixed_billing_&amp;_do_billing_calculation_US151661" name="Should create a new site" time="85.812">
      <system-out><![CDATA[
COMMAND: POST /session/6c63433432e656fe102e41a405bf48f6/execute/async - {"script":"<script> [1562 bytes]","args":[{"selector":{"controlType":"sap.m.TileContent","bindingPath":{"path":"","propertyPath":"/properties/info"},"ancestor":{"controlType":"sap.m.GenericTile","properties":{"header":"Manage Sites"}}},"wdio_ui5_key":"sapm.TileContent{\"path\":\"\",\"propertyPath\":\"/properties/info\"}{\"controlType\":\"sap.m.GenericTile\",\"properties\":{\"header\":\"Manage Sites\"}}"}]}
COMMAND: GET /session/6c63433432e656fe102e41a405bf48f6/screenshot - {}
RESULT: {"script":"<script> [1562 bytes]","args":[{"selector":{"controlType":"sap.m.TileContent","bindingPath":{"path":"","propertyPath":"/properties/info"},"ancestor":{"controlType":"sap.m.GenericTile","properties":{"header":"Manage Sites"}}},"wdio_ui5_key":"sapm.TileContent{\"path\":\"\",\"propertyPath\":\"/properties/info\"}{\"controlType\":\"sap.m.GenericTile\",\"properties\":{\"header\":\"Manage Sites\"}}"}]}
RESULT: undefined
COMMAND: POST /session/6c63433432e656fe102e41a405bf48f6/element - {"using":"xpath","value":"//*[@id=\"__xmlview7--numericTileContent\"]"}
RESULT: {}
RESULT: {"using":"xpath","value":"//*[@id=\"__xmlview7--numericTileContent\"]"}
COMMAND: POST /session/6c63433432e656fe102e41a405bf48f6/element/f.D105F16D3864A3F2742A47C77377899E.d.B483CC146B7F42F8773CF569231DC4D5.e.4358/click - {}
RESULT: {}
COMMAND: POST /session/6c63433432e656fe102e41a405bf48f6/element - {"using":"xpath","value":"//button[@data-kt=\"addOverflowToolbarButton\"]"}
COMMAND: GET /session/6c63433432e656fe102e41a405bf48f6/screenshot - {}
RESULT: {"using":"xpath","value":"//button[@data-kt=\"addOverflowToolbarButton\"]"}
COMMAND: POST /session/6c63433432e656fe102e41a405bf48f6/elements - {"using":"xpath","value":"//button[@data-kt=\"addOverflowToolbarButton\"]"}
RESULT: {}
RESULT: {"using":"xpath","value":"//button[@data-kt=\"addOverflowToolbarButton\"]"}
COMMAND: POST /session/6c63433432e656fe102e41a405bf48f6/elements - {"using":"xpath","value":"//button[@data-kt=\"addOverflowToolbarButton\"]"}
RESULT: {"using":"xpath","value":"//button[@data-kt=\"addOverflowToolbarButton\"]"}
COMMAND: POST /session/6c63433432e656fe102e41a405bf48f6/element - {"using":"xpath","value":"//button[@data-kt=\"addOverflowToolbarButton\"]"}
RESULT: {"using":"xpath","value":"//button[@data-kt=\"addOverflowToolbarButton\"]"}
COMMAND: POST /session/6c63433432e656fe102e41a405bf48f6/execute/sync - {"script":"<script> [8489 bytes]","args":[{"element-6066-11e4-a52e-4f735466cecf":"f.D105F16D3864A3F2742A47C77377899E.d.B483CC146B7F42F8773CF569231DC4D5.e.4403","ELEMENT":"f.D105F16D3864A3F2742A47C77377899E.d.B483CC146B7F42F8773CF569231DC4D5.e.4403"}]}
RESULT: {"script":"<script> [8489 bytes]","args":[{"element-6066-11e4-a52e-4f735466cecf":"f.D105F16D3864A3F2742A47C77377899E.d.B483CC146B7F42F8773CF569231DC4D5.e.4403","ELEMENT":"f.D105F16D3864A3F2742A47C77377899E.d.B483CC146B7F42F8773CF569231DC4D5.e.4403"}]}
COMMAND: GET /session/6c63433432e656fe102e41a405bf48f6/element/f.D105F16D3864A3F2742A47C77377899E.d.B483CC146B7F42F8773CF569231DC4D5.e.4403/enabled - {}
COMMAND: GET /session/6c63433432e656fe102e41a405bf48f6/screenshot - {}
RESULT: {}
COMMAND: POST /session/6c63433432e656fe102e41a405bf48f6/execute/sync - {"script":"<script> [8489 bytes]","args":[{"element-6066-11e4-a52e-4f735466cecf":"f.D105F16D3864A3F2742A47C77377899E.d.B483CC146B7F42F8773CF569231DC4D5.e.4403","ELEMENT":"f.D105F16D3864A3F2742A47C77377899E.d.B483CC146B7F42F8773CF569231DC4D5.e.4403"}]}
COMMAND: GET /session/6c63433432e656fe102e41a405bf48f6/screenshot - {}
RESULT: {}
RESULT: {"script":"<script> [8489 bytes]","args":[{"element-6066-11e4-a52e-4f735466cecf":"f.D105F16D3864A3F2742A47C77377899E.d.B483CC146B7F42F8773CF569231DC4D5.e.4403","ELEMENT":"f.D105F16D3864A3F2742A47C77377899E.d.B483CC146B7F42F8773CF569231DC4D5.e.4403"}]}
COMMAND: POST /session/6c63433432e656fe102e41a405bf48f6/execute/sync - {"script":"<script> [5351 bytes]","args":[{"element-6066-11e4-a52e-4f735466cecf":"f.D105F16D3864A3F2742A47C77377899E.d.B483CC146B7F42F8773CF569231DC4D5.e.4403","ELEMENT":"f.D105F16D3864A3F2742A47C77377899E.d.B483CC146B7F42F8773CF569231DC4D5.e.4403"}]}
COMMAND: GET /session/6c63433432e656fe102e41a405bf48f6/screenshot - {}
RESULT: {}
RESULT: {"script":"<script> [5351 bytes]","args":[{"element-6066-11e4-a52e-4f735466cecf":"f.D105F16D3864A3F2742A47C77377899E.d.B483CC146B7F42F8773CF569231DC4D5.e.4403","ELEMENT":"f.D105F16D3864A3F2742A47C77377899E.d.B483CC146B7F42F8773CF569231DC4D5.e.4403"}]}
COMMAND: POST /session/6c63433432e656fe102e41a405bf48f6/element/f.D105F16D3864A3F2742A47C77377899E.d.B483CC146B7F42F8773CF569231DC4D5.e.4403/click - {}
COMMAND: GET /session/6c63433432e656fe102e41a405bf48f6/screenshot - {}
RESULT: {}
RESULT: {}
COMMAND: GET /session/6c63433432e656fe102e41a405bf48f6/screenshot - {}
RESULT: {}
RESULT: {}
COMMAND: POST /session/6c63433432e656fe102e41a405bf48f6/execute/async - {"script":"<script> [1562 bytes]","args":[{"selector":{"id":"application-managesites-display-component---NewSite--addressDetailDetailsName1","interaction":{"idSuffix":"inner"}},"wdio_ui5_key":"applicationmanagesites-display-component---NewSite--addressDetailDetailsName1"}]}
RESULT: {"script":"<script> [1562 bytes]","args":[{"selector":{"id":"application-managesites-display-component---NewSite--addressDetailDetailsName1","interaction":{"idSuffix":"inner"}},"wdio_ui5_key":"applicationmanagesites-display-component---NewSite--addressDetailDetailsName1"}]}
RESULT: undefined
COMMAND: POST /session/6c63433432e656fe102e41a405bf48f6/execute/async - {"script":"<script> [776 bytes]","args":[{"enterText":"Intercompany Site wdIO","selector":{"id":"application-managesites-display-component---NewSite--addressDetailDetailsName1","interaction":{"idSuffix":"inner"}},"clearTextFirst":true,"interactionType":"ENTER_TEXT"}]}
RESULT: {"script":"<script> [776 bytes]","args":[{"enterText":"Intercompany Site wdIO","selector":{"id":"application-managesites-display-component---NewSite--addressDetailDetailsName1","interaction":{"idSuffix":"inner"}},"clearTextFirst":true,"interactionType":"ENTER_TEXT"}]}
COMMAND: POST /session/6c63433432e656fe102e41a405bf48f6/execute/async - {"script":"<script> [1562 bytes]","args":[{"selector":{"id":"application-managesites-display-component---NewSite--addressDetailDetailsLanguage-arrow"},"wdio_ui5_key":"applicationmanagesites-display-component---NewSite--addressDetailDetailsLanguage-arrow"}]}
RESULT: {"script":"<script> [1562 bytes]","args":[{"selector":{"id":"application-managesites-display-component---NewSite--addressDetailDetailsLanguage-arrow"},"wdio_ui5_key":"applicationmanagesites-display-component---NewSite--addressDetailDetailsLanguage-arrow"}]}
RESULT: undefined
COMMAND: POST /session/6c63433432e656fe102e41a405bf48f6/element - {"using":"xpath","value":"//*[@id=\"application-managesites-display-component---NewSite--addressDetailDetailsLanguage-arrow\"]"}
RESULT: {"using":"xpath","value":"//*[@id=\"application-managesites-display-component---NewSite--addressDetailDetailsLanguage-arrow\"]"}
COMMAND: POST /session/6c63433432e656fe102e41a405bf48f6/element/f.D105F16D3864A3F2742A47C77377899E.d.B483CC146B7F42F8773CF569231DC4D5.e.5016/click - {}
RESULT: {}
COMMAND: POST /session/6c63433432e656fe102e41a405bf48f6/element - {"using":"xpath","value":"//span[contains(text(), \"English\")]"}
COMMAND: GET /session/6c63433432e656fe102e41a405bf48f6/screenshot - {}
RESULT: {"using":"xpath","value":"//span[contains(text(), \"English\")]"}
COMMAND: POST /session/6c63433432e656fe102e41a405bf48f6/element/f.D105F16D3864A3F2742A47C77377899E.d.B483CC146B7F42F8773CF569231DC4D5.e.5017/click - {}
RESULT: {}
RESULT: {}
COMMAND: POST /session/6c63433432e656fe102e41a405bf48f6/execute/async - {"script":"<script> [1562 bytes]","args":[{"selector":{"id":"application-managesites-display-component---NewSite--addressDetailDetailsCity1","interaction":{"idSuffix":"inner"}},"wdio_ui5_key":"applicationmanagesites-display-component---NewSite--addressDetailDetailsCity1"}]}
COMMAND: GET /session/6c63433432e656fe102e41a405bf48f6/screenshot - {}
RESULT: {"script":"<script> [1562 bytes]","args":[{"selector":{"id":"application-managesites-display-component---NewSite--addressDetailDetailsCity1","interaction":{"idSuffix":"inner"}},"wdio_ui5_key":"applicationmanagesites-display-component---NewSite--addressDetailDetailsCity1"}]}
RESULT: undefined
COMMAND: POST /session/6c63433432e656fe102e41a405bf48f6/execute/async - {"script":"<script> [776 bytes]","args":[{"enterText":"Rosario","selector":{"id":"application-managesites-display-component---NewSite--addressDetailDetailsCity1","interaction":{"idSuffix":"inner"}},"clearTextFirst":true,"interactionType":"ENTER_TEXT"}]}
RESULT: {}
RESULT: {"script":"<script> [776 bytes]","args":[{"enterText":"Rosario","selector":{"id":"application-managesites-display-component---NewSite--addressDetailDetailsCity1","interaction":{"idSuffix":"inner"}},"clearTextFirst":true,"interactionType":"ENTER_TEXT"}]}
COMMAND: POST /session/6c63433432e656fe102e41a405bf48f6/execute/async - {"script":"<script> [1562 bytes]","args":[{"selector":{"id":"application-managesites-display-component---NewSite--addressDetailDetailsCountry-arrow"},"wdio_ui5_key":"applicationmanagesites-display-component---NewSite--addressDetailDetailsCountry-arrow"}]}
RESULT: {"script":"<script> [1562 bytes]","args":[{"selector":{"id":"application-managesites-display-component---NewSite--addressDetailDetailsCountry-arrow"},"wdio_ui5_key":"applicationmanagesites-display-component---NewSite--addressDetailDetailsCountry-arrow"}]}
RESULT: undefined
COMMAND: POST /session/6c63433432e656fe102e41a405bf48f6/element - {"using":"xpath","value":"//*[@id=\"application-managesites-display-component---NewSite--addressDetailDetailsCountry-arrow\"]"}
RESULT: {"using":"xpath","value":"//*[@id=\"application-managesites-display-component---NewSite--addressDetailDetailsCountry-arrow\"]"}
COMMAND: POST /session/6c63433432e656fe102e41a405bf48f6/element/f.D105F16D3864A3F2742A47C77377899E.d.B483CC146B7F42F8773CF569231DC4D5.e.5019/click - {}
RESULT: {}
COMMAND: POST /session/6c63433432e656fe102e41a405bf48f6/element - {"using":"xpath","value":"//span[contains(text(), \"Argentina\")]"}
COMMAND: GET /session/6c63433432e656fe102e41a405bf48f6/screenshot - {}
RESULT: {"using":"xpath","value":"//span[contains(text(), \"Argentina\")]"}
COMMAND: POST /session/6c63433432e656fe102e41a405bf48f6/element/f.D105F16D3864A3F2742A47C77377899E.d.B483CC146B7F42F8773CF569231DC4D5.e.5020/click - {}
RESULT: {}
RESULT: {}
COMMAND: GET /session/6c63433432e656fe102e41a405bf48f6/screenshot - {}
RESULT: {}
COMMAND: POST /session/6c63433432e656fe102e41a405bf48f6/execute/async - {"script":"<script> [1562 bytes]","args":[{"selector":{"id":"application-managesites-display-component---NewSite--addressEditDetailsCostObjectCstType-arrow"},"wdio_ui5_key":"applicationmanagesites-display-component---NewSite--addressEditDetailsCostObjectCstType-arrow"}]}
RESULT: {"script":"<script> [1562 bytes]","args":[{"selector":{"id":"application-managesites-display-component---NewSite--addressEditDetailsCostObjectCstType-arrow"},"wdio_ui5_key":"applicationmanagesites-display-component---NewSite--addressEditDetailsCostObjectCstType-arrow"}]}
RESULT: undefined
COMMAND: POST /session/6c63433432e656fe102e41a405bf48f6/element - {"using":"xpath","value":"//*[@id=\"application-managesites-display-component---NewSite--addressEditDetailsCostObjectCstType-arrow\"]"}
RESULT: {"using":"xpath","value":"//*[@id=\"application-managesites-display-component---NewSite--addressEditDetailsCostObjectCstType-arrow\"]"}
COMMAND: POST /session/6c63433432e656fe102e41a405bf48f6/element/f.D105F16D3864A3F2742A47C77377899E.d.B483CC146B7F42F8773CF569231DC4D5.e.5022/click - {}
RESULT: {}
COMMAND: POST /session/6c63433432e656fe102e41a405bf48f6/element - {"using":"xpath","value":"//span[contains(text(), \"Cost Center\")]"}
COMMAND: GET /session/6c63433432e656fe102e41a405bf48f6/screenshot - {}
RESULT: {"using":"xpath","value":"//span[contains(text(), \"Cost Center\")]"}
COMMAND: POST /session/6c63433432e656fe102e41a405bf48f6/element/f.D105F16D3864A3F2742A47C77377899E.d.B483CC146B7F42F8773CF569231DC4D5.e.5023/click - {}
RESULT: {}
RESULT: {}
COMMAND: GET /session/6c63433432e656fe102e41a405bf48f6/screenshot - {}
RESULT: {}
COMMAND: POST /session/6c63433432e656fe102e41a405bf48f6/element - {"using":"xpath","value":"//span[@id=\"application-managesites-display-component---NewSite--addressNewCostObjectCstID-vhi\"]"}
RESULT: {"using":"xpath","value":"//span[@id=\"application-managesites-display-component---NewSite--addressNewCostObjectCstID-vhi\"]"}
COMMAND: POST /session/6c63433432e656fe102e41a405bf48f6/execute/sync - {"script":"<script> [8489 bytes]","args":[{"element-6066-11e4-a52e-4f735466cecf":"f.D105F16D3864A3F2742A47C77377899E.d.B483CC146B7F42F8773CF569231DC4D5.e.5028","ELEMENT":"f.D105F16D3864A3F2742A47C77377899E.d.B483CC146B7F42F8773CF569231DC4D5.e.5028"}]}
RESULT: {"script":"<script> [8489 bytes]","args":[{"element-6066-11e4-a52e-4f735466cecf":"f.D105F16D3864A3F2742A47C77377899E.d.B483CC146B7F42F8773CF569231DC4D5.e.5028","ELEMENT":"f.D105F16D3864A3F2742A47C77377899E.d.B483CC146B7F42F8773CF569231DC4D5.e.5028"}]}
COMMAND: POST /session/6c63433432e656fe102e41a405bf48f6/execute/async - {"script":"<script> [1562 bytes]","args":[{"selector":{"id":"application-managesites-display-component---NewSite--addressNewCostObjectCstID-vhi"},"wdio_ui5_key":"applicationmanagesites-display-component---NewSite--addressNewCostObjectCstID-vhi"}]}
COMMAND: GET /session/6c63433432e656fe102e41a405bf48f6/screenshot - {}
RESULT: {"script":"<script> [1562 bytes]","args":[{"selector":{"id":"application-managesites-display-component---NewSite--addressNewCostObjectCstID-vhi"},"wdio_ui5_key":"applicationmanagesites-display-component---NewSite--addressNewCostObjectCstID-vhi"}]}
RESULT: undefined
COMMAND: POST /session/6c63433432e656fe102e41a405bf48f6/element - {"using":"xpath","value":"//*[@id=\"application-managesites-display-component---NewSite--addressNewCostObjectCstID-vhi\"]"}
RESULT: {}
RESULT: {"using":"xpath","value":"//*[@id=\"application-managesites-display-component---NewSite--addressNewCostObjectCstID-vhi\"]"}
COMMAND: POST /session/6c63433432e656fe102e41a405bf48f6/element/f.D105F16D3864A3F2742A47C77377899E.d.B483CC146B7F42F8773CF569231DC4D5.e.5028/click - {}
RESULT: {}
COMMAND: GET /session/6c63433432e656fe102e41a405bf48f6/screenshot - {}
RESULT: {}
RESULT: undefined
COMMAND: POST /session/6c63433432e656fe102e41a405bf48f6/execute/async - {"script":"<script> [776 bytes]","args":[{"enterText":"10001013","selector":{"controlType":"sap.m.SearchField","properties":{"placeholder":"Search"},"searchOpenDialogs":true,"interaction":{"idSuffix":"I"}},"clearTextFirst":true,"interactionType":"ENTER_TEXT"}]}
RESULT: {"script":"<script> [776 bytes]","args":[{"enterText":"10001013","selector":{"controlType":"sap.m.SearchField","properties":{"placeholder":"Search"},"searchOpenDialogs":true,"interaction":{"idSuffix":"I"}},"clearTextFirst":true,"interactionType":"ENTER_TEXT"}]}
COMMAND: POST /session/6c63433432e656fe102e41a405bf48f6/actions - {"actions":[{"id":"action14","type":"key","parameters":{},"actions":[{"type":"keyDown","value":"î€‡"},{"type":"pause","duration":10},{"type":"keyUp","value":"î€‡"}]}]}
RESULT: {"actions":[{"id":"action14","type":"key","parameters":{},"actions":[{"type":"keyDown","value":"î€‡"},{"type":"pause","duration":10},{"type":"keyUp","value":"î€‡"}]}]}
COMMAND: GET /session/6c63433432e656fe102e41a405bf48f6/screenshot - {}
RESULT: {}
COMMAND: POST /session/6c63433432e656fe102e41a405bf48f6/element - {"using":"xpath","value":"//span[contains(text(), \"General Management\")]"}
RESULT: {"using":"xpath","value":"//span[contains(text(), \"General Management\")]"}
COMMAND: POST /session/6c63433432e656fe102e41a405bf48f6/element/f.D105F16D3864A3F2742A47C77377899E.d.B483CC146B7F42F8773CF569231DC4D5.e.5067/click - {}
RESULT: {}
COMMAND: GET /session/6c63433432e656fe102e41a405bf48f6/screenshot - {}
RESULT: {}
COMMAND: POST /session/6c63433432e656fe102e41a405bf48f6/element - {"using":"xpath","value":"//bdi[contains(text(), \"OK\")]"}
RESULT: {"using":"xpath","value":"//bdi[contains(text(), \"OK\")]"}
COMMAND: POST /session/6c63433432e656fe102e41a405bf48f6/element/f.D105F16D3864A3F2742A47C77377899E.d.B483CC146B7F42F8773CF569231DC4D5.e.5068/click - {}
RESULT: {}
COMMAND: GET /session/6c63433432e656fe102e41a405bf48f6/screenshot - {}
RESULT: {}
COMMAND: POST /session/6c63433432e656fe102e41a405bf48f6/element - {"using":"xpath","value":"//input[@id=\"application-managesites-display-component---NewSite--addressDetailDetailsCalendar-inner\"]"}
RESULT: {"using":"xpath","value":"//input[@id=\"application-managesites-display-component---NewSite--addressDetailDetailsCalendar-inner\"]"}
COMMAND: POST /session/6c63433432e656fe102e41a405bf48f6/element/f.D105F16D3864A3F2742A47C77377899E.d.B483CC146B7F42F8773CF569231DC4D5.e.4814/clear - {}
RESULT: {}
COMMAND: POST /session/6c63433432e656fe102e41a405bf48f6/element/f.D105F16D3864A3F2742A47C77377899E.d.B483CC146B7F42F8773CF569231DC4D5.e.4814/value - {"text":"Unit"}
COMMAND: GET /session/6c63433432e656fe102e41a405bf48f6/screenshot - {}
RESULT: {"text":"Unit"}
COMMAND: GET /session/6c63433432e656fe102e41a405bf48f6/screenshot - {}
RESULT: {}
RESULT: {}
COMMAND: POST /session/6c63433432e656fe102e41a405bf48f6/actions - {"actions":[{"id":"action15","type":"key","parameters":{},"actions":[{"type":"keyDown","value":"î€‡"},{"type":"pause","duration":10},{"type":"keyUp","value":"î€‡"}]}]}
RESULT: {"actions":[{"id":"action15","type":"key","parameters":{},"actions":[{"type":"keyDown","value":"î€‡"},{"type":"pause","duration":10},{"type":"keyUp","value":"î€‡"}]}]}
COMMAND: POST /session/6c63433432e656fe102e41a405bf48f6/element - {"using":"xpath","value":"//input[@id=\"application-managesites-display-component---NewSite--addressDetailDetailsYard-inner\"]"}
COMMAND: GET /session/6c63433432e656fe102e41a405bf48f6/screenshot - {}
RESULT: {"using":"xpath","value":"//input[@id=\"application-managesites-display-component---NewSite--addressDetailDetailsYard-inner\"]"}
COMMAND: POST /session/6c63433432e656fe102e41a405bf48f6/element/f.D105F16D3864A3F2742A47C77377899E.d.B483CC146B7F42F8773CF569231DC4D5.e.4815/clear - {}
RESULT: {}
RESULT: {}
COMMAND: POST /session/6c63433432e656fe102e41a405bf48f6/element/f.D105F16D3864A3F2742A47C77377899E.d.B483CC146B7F42F8773CF569231DC4D5.e.4815/value - {"text":"548"}
COMMAND: GET /session/6c63433432e656fe102e41a405bf48f6/screenshot - {}
RESULT: {"text":"548"}
COMMAND: GET /session/6c63433432e656fe102e41a405bf48f6/screenshot - {}
RESULT: {}
RESULT: {}
COMMAND: POST /session/6c63433432e656fe102e41a405bf48f6/element - {"using":"xpath","value":"//li[.//span[text()='548']]"}
RESULT: {"using":"xpath","value":"//li[.//span[text()='548']]"}
COMMAND: POST /session/6c63433432e656fe102e41a405bf48f6/element/f.D105F16D3864A3F2742A47C77377899E.d.B483CC146B7F42F8773CF569231DC4D5.e.5076/click - {}
RESULT: {}
COMMAND: GET /session/6c63433432e656fe102e41a405bf48f6/screenshot - {}
RESULT: {}
COMMAND: POST /session/6c63433432e656fe102e41a405bf48f6/element - {"using":"xpath","value":"//input[@id=\"application-managesites-display-component---NewSite--addressDetailDetailsPartner-inner\"]"}
RESULT: {"using":"xpath","value":"//input[@id=\"application-managesites-display-component---NewSite--addressDetailDetailsPartner-inner\"]"}
COMMAND: POST /session/6c63433432e656fe102e41a405bf48f6/element - {"using":"xpath","value":"//input[@id=\"application-managesites-display-component---NewSite--addressDetailDetailsPartner-inner\"]"}
RESULT: {"using":"xpath","value":"//input[@id=\"application-managesites-display-component---NewSite--addressDetailDetailsPartner-inner\"]"}
COMMAND: POST /session/6c63433432e656fe102e41a405bf48f6/element - {"using":"xpath","value":"//button[@data-kt=\"saveButton\"]"}
RESULT: {"using":"xpath","value":"//button[@data-kt=\"saveButton\"]"}
COMMAND: POST /session/6c63433432e656fe102e41a405bf48f6/element/f.D105F16D3864A3F2742A47C77377899E.d.B483CC146B7F42F8773CF569231DC4D5.e.4967/click - {}
RESULT: {}
COMMAND: GET /session/6c63433432e656fe102e41a405bf48f6/screenshot - {}
RESULT: {}
COMMAND: POST /session/6c63433432e656fe102e41a405bf48f6/element - {"using":"xpath","value":"//header[contains(@id, 'ObjectPageLayout-headerTitle')]/div[1]/div[2]/div[2]/span[1]"}
RESULT: {"using":"xpath","value":"//header[contains(@id, 'ObjectPageLayout-headerTitle')]/div[1]/div[2]/div[2]/span[1]"}
COMMAND: POST /session/6c63433432e656fe102e41a405bf48f6/elements - {"using":"xpath","value":"//header[contains(@id, 'ObjectPageLayout-headerTitle')]/div[1]/div[2]/div[2]/span[1]"}
RESULT: {"using":"xpath","value":"//header[contains(@id, 'ObjectPageLayout-headerTitle')]/div[1]/div[2]/div[2]/span[1]"}
COMMAND: POST /session/6c63433432e656fe102e41a405bf48f6/execute/sync - {"script":"<script> [56 bytes]","args":[{"element-6066-11e4-a52e-4f735466cecf":"f.D105F16D3864A3F2742A47C77377899E.d.B483CC146B7F42F8773CF569231DC4D5.e.5287","ELEMENT":"f.D105F16D3864A3F2742A47C77377899E.d.B483CC146B7F42F8773CF569231DC4D5.e.5287"}]}
RESULT: {"script":"<script> [56 bytes]","args":[{"element-6066-11e4-a52e-4f735466cecf":"f.D105F16D3864A3F2742A47C77377899E.d.B483CC146B7F42F8773CF569231DC4D5.e.5287","ELEMENT":"f.D105F16D3864A3F2742A47C77377899E.d.B483CC146B7F42F8773CF569231DC4D5.e.5287"}]}
COMMAND: POST /session/6c63433432e656fe102e41a405bf48f6/element - {"using":"css selector","value":"#shell-header-logo"}
COMMAND: GET /session/6c63433432e656fe102e41a405bf48f6/screenshot - {}
RESULT: {"using":"css selector","value":"#shell-header-logo"}
COMMAND: POST /session/6c63433432e656fe102e41a405bf48f6/element/f.D105F16D3864A3F2742A47C77377899E.d.B483CC146B7F42F8773CF569231DC4D5.e.4361/click - {}
RESULT: {}
RESULT: {}
COMMAND: GET /session/6c63433432e656fe102e41a405bf48f6/screenshot - {}
RESULT: {}
COMMAND: POST /session/6c63433432e656fe102e41a405bf48f6/execute/sync - {"script":"<script> [299 bytes]","args":[["getModel","getResource"]]}
RESULT: {"script":"<script> [299 bytes]","args":[["getModel","getResource"]]}
]]></system-out>
    </testcase>
    <testcase classname="chrome.135_0_7049_96.windows.Create_master_data_for_mixed_billing_&amp;_do_billing_calculation_US151661" name="Should create a new equipment and add a counter to it" time="146.39">
      <system-out><![CDATA[
COMMAND: GET /session/6c63433432e656fe102e41a405bf48f6/screenshot - {}
COMMAND: POST /session/6c63433432e656fe102e41a405bf48f6/execute/async - {"script":"<script> [1562 bytes]","args":[{"selector":{"controlType":"sap.m.GenericTile","properties":{"header":"Manage Resources"}},"wdio_ui5_key":"sapm.GenericTile{\"header\":\"Manage Resources\"}"}]}
RESULT: {"script":"<script> [1562 bytes]","args":[{"selector":{"controlType":"sap.m.GenericTile","properties":{"header":"Manage Resources"}},"wdio_ui5_key":"sapm.GenericTile{\"header\":\"Manage Resources\"}"}]}
RESULT: undefined
COMMAND: POST /session/6c63433432e656fe102e41a405bf48f6/element - {"using":"xpath","value":"//*[@id=\"__tile39\"]"}
RESULT: {}
RESULT: {"using":"xpath","value":"//*[@id=\"__tile39\"]"}
COMMAND: POST /session/6c63433432e656fe102e41a405bf48f6/element/f.D105F16D3864A3F2742A47C77377899E.d.B483CC146B7F42F8773CF569231DC4D5.e.2714/click - {}
RESULT: {}
COMMAND: POST /session/6c63433432e656fe102e41a405bf48f6/element - {"using":"xpath","value":"//button[@data-kt=\"addNewRUOverflowToolbarButton\"]"}
COMMAND: GET /session/6c63433432e656fe102e41a405bf48f6/screenshot - {}
RESULT: {"using":"xpath","value":"//button[@data-kt=\"addNewRUOverflowToolbarButton\"]"}
COMMAND: POST /session/6c63433432e656fe102e41a405bf48f6/elements - {"using":"xpath","value":"//button[@data-kt=\"addNewRUOverflowToolbarButton\"]"}
RESULT: {}
RESULT: {"using":"xpath","value":"//button[@data-kt=\"addNewRUOverflowToolbarButton\"]"}
COMMAND: POST /session/6c63433432e656fe102e41a405bf48f6/elements - {"using":"xpath","value":"//button[@data-kt=\"addNewRUOverflowToolbarButton\"]"}
RESULT: {"using":"xpath","value":"//button[@data-kt=\"addNewRUOverflowToolbarButton\"]"}
COMMAND: POST /session/6c63433432e656fe102e41a405bf48f6/elements - {"using":"xpath","value":"//button[@data-kt=\"addNewRUOverflowToolbarButton\"]"}
RESULT: {"using":"xpath","value":"//button[@data-kt=\"addNewRUOverflowToolbarButton\"]"}
COMMAND: POST /session/6c63433432e656fe102e41a405bf48f6/elements - {"using":"xpath","value":"//button[@data-kt=\"addNewRUOverflowToolbarButton\"]"}
RESULT: {"using":"xpath","value":"//button[@data-kt=\"addNewRUOverflowToolbarButton\"]"}
COMMAND: POST /session/6c63433432e656fe102e41a405bf48f6/element - {"using":"xpath","value":"//button[@data-kt=\"addNewRUOverflowToolbarButton\"]"}
RESULT: {"using":"xpath","value":"//button[@data-kt=\"addNewRUOverflowToolbarButton\"]"}
COMMAND: POST /session/6c63433432e656fe102e41a405bf48f6/execute/sync - {"script":"<script> [8489 bytes]","args":[{"element-6066-11e4-a52e-4f735466cecf":"f.D105F16D3864A3F2742A47C77377899E.d.B483CC146B7F42F8773CF569231DC4D5.e.5318","ELEMENT":"f.D105F16D3864A3F2742A47C77377899E.d.B483CC146B7F42F8773CF569231DC4D5.e.5318"}]}
RESULT: {"script":"<script> [8489 bytes]","args":[{"element-6066-11e4-a52e-4f735466cecf":"f.D105F16D3864A3F2742A47C77377899E.d.B483CC146B7F42F8773CF569231DC4D5.e.5318","ELEMENT":"f.D105F16D3864A3F2742A47C77377899E.d.B483CC146B7F42F8773CF569231DC4D5.e.5318"}]}
COMMAND: GET /session/6c63433432e656fe102e41a405bf48f6/element/f.D105F16D3864A3F2742A47C77377899E.d.B483CC146B7F42F8773CF569231DC4D5.e.5318/enabled - {}
COMMAND: GET /session/6c63433432e656fe102e41a405bf48f6/screenshot - {}
RESULT: {}
COMMAND: POST /session/6c63433432e656fe102e41a405bf48f6/execute/sync - {"script":"<script> [8489 bytes]","args":[{"element-6066-11e4-a52e-4f735466cecf":"f.D105F16D3864A3F2742A47C77377899E.d.B483CC146B7F42F8773CF569231DC4D5.e.5318","ELEMENT":"f.D105F16D3864A3F2742A47C77377899E.d.B483CC146B7F42F8773CF569231DC4D5.e.5318"}]}
COMMAND: GET /session/6c63433432e656fe102e41a405bf48f6/screenshot - {}
RESULT: {}
RESULT: {"script":"<script> [8489 bytes]","args":[{"element-6066-11e4-a52e-4f735466cecf":"f.D105F16D3864A3F2742A47C77377899E.d.B483CC146B7F42F8773CF569231DC4D5.e.5318","ELEMENT":"f.D105F16D3864A3F2742A47C77377899E.d.B483CC146B7F42F8773CF569231DC4D5.e.5318"}]}
COMMAND: POST /session/6c63433432e656fe102e41a405bf48f6/execute/sync - {"script":"<script> [5351 bytes]","args":[{"element-6066-11e4-a52e-4f735466cecf":"f.D105F16D3864A3F2742A47C77377899E.d.B483CC146B7F42F8773CF569231DC4D5.e.5318","ELEMENT":"f.D105F16D3864A3F2742A47C77377899E.d.B483CC146B7F42F8773CF569231DC4D5.e.5318"}]}
COMMAND: GET /session/6c63433432e656fe102e41a405bf48f6/screenshot - {}
RESULT: {}
RESULT: {"script":"<script> [5351 bytes]","args":[{"element-6066-11e4-a52e-4f735466cecf":"f.D105F16D3864A3F2742A47C77377899E.d.B483CC146B7F42F8773CF569231DC4D5.e.5318","ELEMENT":"f.D105F16D3864A3F2742A47C77377899E.d.B483CC146B7F42F8773CF569231DC4D5.e.5318"}]}
COMMAND: POST /session/6c63433432e656fe102e41a405bf48f6/element/f.D105F16D3864A3F2742A47C77377899E.d.B483CC146B7F42F8773CF569231DC4D5.e.5318/click - {}
COMMAND: GET /session/6c63433432e656fe102e41a405bf48f6/screenshot - {}
RESULT: {}
RESULT: {}
COMMAND: GET /session/6c63433432e656fe102e41a405bf48f6/screenshot - {}
RESULT: {}
RESULT: {}
COMMAND: POST /session/6c63433432e656fe102e41a405bf48f6/execute/async - {"script":"<script> [1562 bytes]","args":[{"selector":{"id":"application-manageresources-display-component---newResourceUnit--TYPE-arrow"},"wdio_ui5_key":"applicationmanageresources-display-component---newResourceUnit--TYPE-arrow"}]}
RESULT: {"script":"<script> [1562 bytes]","args":[{"selector":{"id":"application-manageresources-display-component---newResourceUnit--TYPE-arrow"},"wdio_ui5_key":"applicationmanageresources-display-component---newResourceUnit--TYPE-arrow"}]}
RESULT: undefined
COMMAND: POST /session/6c63433432e656fe102e41a405bf48f6/element - {"using":"xpath","value":"//*[@id=\"application-manageresources-display-component---newResourceUnit--TYPE-arrow\"]"}
RESULT: {"using":"xpath","value":"//*[@id=\"application-manageresources-display-component---newResourceUnit--TYPE-arrow\"]"}
COMMAND: POST /session/6c63433432e656fe102e41a405bf48f6/element/f.D105F16D3864A3F2742A47C77377899E.d.B483CC146B7F42F8773CF569231DC4D5.e.5691/click - {}
RESULT: {}
COMMAND: POST /session/6c63433432e656fe102e41a405bf48f6/element - {"using":"xpath","value":"//input[@id=\"application-manageresources-display-component---newResourceUnit--TYPE-inner\"]"}
COMMAND: GET /session/6c63433432e656fe102e41a405bf48f6/screenshot - {}
RESULT: {"using":"xpath","value":"//input[@id=\"application-manageresources-display-component---newResourceUnit--TYPE-inner\"]"}
COMMAND: POST /session/6c63433432e656fe102e41a405bf48f6/element/f.D105F16D3864A3F2742A47C77377899E.d.B483CC146B7F42F8773CF569231DC4D5.e.5676/clear - {}
RESULT: {}
RESULT: {}
COMMAND: POST /session/6c63433432e656fe102e41a405bf48f6/element/f.D105F16D3864A3F2742A47C77377899E.d.B483CC146B7F42F8773CF569231DC4D5.e.5676/value - {"text":"Equipment"}
COMMAND: GET /session/6c63433432e656fe102e41a405bf48f6/screenshot - {}
RESULT: {"text":"Equipment"}
COMMAND: GET /session/6c63433432e656fe102e41a405bf48f6/screenshot - {}
RESULT: {}
RESULT: {}
COMMAND: POST /session/6c63433432e656fe102e41a405bf48f6/actions - {"actions":[{"id":"action16","type":"key","parameters":{},"actions":[{"type":"keyDown","value":"î€‡"},{"type":"pause","duration":10},{"type":"keyUp","value":"î€‡"}]}]}
RESULT: {"actions":[{"id":"action16","type":"key","parameters":{},"actions":[{"type":"keyDown","value":"î€‡"},{"type":"pause","duration":10},{"type":"keyUp","value":"î€‡"}]}]}
COMMAND: POST /session/6c63433432e656fe102e41a405bf48f6/execute/async - {"script":"<script> [1562 bytes]","args":[{"selector":{"id":"application-manageresources-display-component---newResourceUnit--resourceId","interaction":{"idSuffix":"inner"}},"wdio_ui5_key":"applicationmanageresources-display-component---newResourceUnit--resourceId"}]}
COMMAND: GET /session/6c63433432e656fe102e41a405bf48f6/screenshot - {}
RESULT: {"script":"<script> [1562 bytes]","args":[{"selector":{"id":"application-manageresources-display-component---newResourceUnit--resourceId","interaction":{"idSuffix":"inner"}},"wdio_ui5_key":"applicationmanageresources-display-component---newResourceUnit--resourceId"}]}
RESULT: undefined
COMMAND: POST /session/6c63433432e656fe102e41a405bf48f6/execute/async - {"script":"<script> [776 bytes]","args":[{"enterText":"DtYVYMnqrN","selector":{"id":"application-manageresources-display-component---newResourceUnit--resourceId","interaction":{"idSuffix":"inner"}},"clearTextFirst":true,"interactionType":"ENTER_TEXT"}]}
RESULT: {}
RESULT: {"script":"<script> [776 bytes]","args":[{"enterText":"DtYVYMnqrN","selector":{"id":"application-manageresources-display-component---newResourceUnit--resourceId","interaction":{"idSuffix":"inner"}},"clearTextFirst":true,"interactionType":"ENTER_TEXT"}]}
COMMAND: POST /session/6c63433432e656fe102e41a405bf48f6/execute/async - {"script":"<script> [1562 bytes]","args":[{"selector":{"id":"application-manageresources-display-component---newResourceUnit--SHORT_TEXT","interaction":{"idSuffix":"inner"}},"wdio_ui5_key":"applicationmanageresources-display-component---newResourceUnit--SHORT_TEXT"}]}
RESULT: {"script":"<script> [1562 bytes]","args":[{"selector":{"id":"application-manageresources-display-component---newResourceUnit--SHORT_TEXT","interaction":{"idSuffix":"inner"}},"wdio_ui5_key":"applicationmanageresources-display-component---newResourceUnit--SHORT_TEXT"}]}
RESULT: undefined
COMMAND: POST /session/6c63433432e656fe102e41a405bf48f6/execute/async - {"script":"<script> [776 bytes]","args":[{"enterText":"Intercompany Equipment WDIO","selector":{"id":"application-manageresources-display-component---newResourceUnit--SHORT_TEXT","interaction":{"idSuffix":"inner"}},"clearTextFirst":true,"interactionType":"ENTER_TEXT"}]}
RESULT: {"script":"<script> [776 bytes]","args":[{"enterText":"Intercompany Equipment WDIO","selector":{"id":"application-manageresources-display-component---newResourceUnit--SHORT_TEXT","interaction":{"idSuffix":"inner"}},"clearTextFirst":true,"interactionType":"ENTER_TEXT"}]}
COMMAND: POST /session/6c63433432e656fe102e41a405bf48f6/execute/async - {"script":"<script> [1562 bytes]","args":[{"selector":{"id":"application-manageresources-display-component---newResourceUnit--BASE_UNIT_OF_MEASURE","interaction":{"idSuffix":"inner"}},"wdio_ui5_key":"applicationmanageresources-display-component---newResourceUnit--BASE_UNIT_OF_MEASURE"}]}
RESULT: {"script":"<script> [1562 bytes]","args":[{"selector":{"id":"application-manageresources-display-component---newResourceUnit--BASE_UNIT_OF_MEASURE","interaction":{"idSuffix":"inner"}},"wdio_ui5_key":"applicationmanageresources-display-component---newResourceUnit--BASE_UNIT_OF_MEASURE"}]}
RESULT: undefined
COMMAND: POST /session/6c63433432e656fe102e41a405bf48f6/execute/async - {"script":"<script> [776 bytes]","args":[{"enterText":"Piece","selector":{"id":"application-manageresources-display-component---newResourceUnit--BASE_UNIT_OF_MEASURE","interaction":{"idSuffix":"inner"}},"clearTextFirst":true,"interactionType":"ENTER_TEXT"}]}
RESULT: {"script":"<script> [776 bytes]","args":[{"enterText":"Piece","selector":{"id":"application-manageresources-display-component---newResourceUnit--BASE_UNIT_OF_MEASURE","interaction":{"idSuffix":"inner"}},"clearTextFirst":true,"interactionType":"ENTER_TEXT"}]}
COMMAND: POST /session/6c63433432e656fe102e41a405bf48f6/execute/async - {"script":"<script> [1562 bytes]","args":[{"selector":{"id":"application-manageresources-display-component---newResourceUnit--WEIGHT_UNIT","interaction":{"idSuffix":"inner"}},"wdio_ui5_key":"applicationmanageresources-display-component---newResourceUnit--WEIGHT_UNIT"}]}
RESULT: {"script":"<script> [1562 bytes]","args":[{"selector":{"id":"application-manageresources-display-component---newResourceUnit--WEIGHT_UNIT","interaction":{"idSuffix":"inner"}},"wdio_ui5_key":"applicationmanageresources-display-component---newResourceUnit--WEIGHT_UNIT"}]}
RESULT: undefined
COMMAND: POST /session/6c63433432e656fe102e41a405bf48f6/execute/async - {"script":"<script> [776 bytes]","args":[{"enterText":"Gram","selector":{"id":"application-manageresources-display-component---newResourceUnit--WEIGHT_UNIT","interaction":{"idSuffix":"inner"}},"clearTextFirst":true,"interactionType":"ENTER_TEXT"}]}
RESULT: {"script":"<script> [776 bytes]","args":[{"enterText":"Gram","selector":{"id":"application-manageresources-display-component---newResourceUnit--WEIGHT_UNIT","interaction":{"idSuffix":"inner"}},"clearTextFirst":true,"interactionType":"ENTER_TEXT"}]}
COMMAND: POST /session/6c63433432e656fe102e41a405bf48f6/execute/async - {"script":"<script> [1562 bytes]","args":[{"selector":{"id":"application-manageresources-display-component---newResourceUnit--DIMENSION_UNIT","interaction":{"idSuffix":"inner"}},"wdio_ui5_key":"applicationmanageresources-display-component---newResourceUnit--DIMENSION_UNIT"}]}
RESULT: {"script":"<script> [1562 bytes]","args":[{"selector":{"id":"application-manageresources-display-component---newResourceUnit--DIMENSION_UNIT","interaction":{"idSuffix":"inner"}},"wdio_ui5_key":"applicationmanageresources-display-component---newResourceUnit--DIMENSION_UNIT"}]}
RESULT: undefined
COMMAND: POST /session/6c63433432e656fe102e41a405bf48f6/execute/async - {"script":"<script> [776 bytes]","args":[{"enterText":"Meter","selector":{"id":"application-manageresources-display-component---newResourceUnit--DIMENSION_UNIT","interaction":{"idSuffix":"inner"}},"clearTextFirst":true,"interactionType":"ENTER_TEXT"}]}
RESULT: {"script":"<script> [776 bytes]","args":[{"enterText":"Meter","selector":{"id":"application-manageresources-display-component---newResourceUnit--DIMENSION_UNIT","interaction":{"idSuffix":"inner"}},"clearTextFirst":true,"interactionType":"ENTER_TEXT"}]}
COMMAND: POST /session/6c63433432e656fe102e41a405bf48f6/execute/async - {"script":"<script> [1562 bytes]","args":[{"selector":{"id":"application-manageresources-display-component---newResourceUnit--newRRUPage-anchBar-application-manageresources-display-component---newResourceUnit--control-anchor","interaction":{"idSuffix":"BDI-content"}},"wdio_ui5_key":"applicationmanageresources-display-component---newResourceUnit--newRRUPage-anchBar-application-manageresources-display-component---newResourceUnit--control-anchor"}]}
RESULT: {"script":"<script> [1562 bytes]","args":[{"selector":{"id":"application-manageresources-display-component---newResourceUnit--newRRUPage-anchBar-application-manageresources-display-component---newResourceUnit--control-anchor","interaction":{"idSuffix":"BDI-content"}},"wdio_ui5_key":"applicationmanageresources-display-component---newResourceUnit--newRRUPage-anchBar-application-manageresources-display-component---newResourceUnit--control-anchor"}]}
RESULT: undefined
COMMAND: POST /session/6c63433432e656fe102e41a405bf48f6/element - {"using":"xpath","value":"//*[@id=\"application-manageresources-display-component---newResourceUnit--newRRUPage-anchBar-application-manageresources-display-component---newResourceUnit--control-anchor\"]"}
RESULT: {"using":"xpath","value":"//*[@id=\"application-manageresources-display-component---newResourceUnit--newRRUPage-anchBar-application-manageresources-display-component---newResourceUnit--control-anchor\"]"}
COMMAND: POST /session/6c63433432e656fe102e41a405bf48f6/element/f.D105F16D3864A3F2742A47C77377899E.d.B483CC146B7F42F8773CF569231DC4D5.e.5822/click - {}
RESULT: {}
COMMAND: POST /session/6c63433432e656fe102e41a405bf48f6/execute/async - {"script":"<script> [1562 bytes]","args":[{"selector":{"id":"application-manageresources-display-component---newResourceUnit--PLANNING_GROUP","interaction":{"idSuffix":"inner"}},"wdio_ui5_key":"applicationmanageresources-display-component---newResourceUnit--PLANNING_GROUP"}]}
COMMAND: GET /session/6c63433432e656fe102e41a405bf48f6/screenshot - {}
RESULT: {"script":"<script> [1562 bytes]","args":[{"selector":{"id":"application-manageresources-display-component---newResourceUnit--PLANNING_GROUP","interaction":{"idSuffix":"inner"}},"wdio_ui5_key":"applicationmanageresources-display-component---newResourceUnit--PLANNING_GROUP"}]}
RESULT: undefined
COMMAND: POST /session/6c63433432e656fe102e41a405bf48f6/execute/async - {"script":"<script> [776 bytes]","args":[{"enterText":"Heavy Equi","selector":{"id":"application-manageresources-display-component---newResourceUnit--PLANNING_GROUP","interaction":{"idSuffix":"inner"}},"clearTextFirst":true,"interactionType":"ENTER_TEXT"}]}
RESULT: {}
RESULT: {"script":"<script> [776 bytes]","args":[{"enterText":"Heavy Equi","selector":{"id":"application-manageresources-display-component---newResourceUnit--PLANNING_GROUP","interaction":{"idSuffix":"inner"}},"clearTextFirst":true,"interactionType":"ENTER_TEXT"}]}
COMMAND: POST /session/6c63433432e656fe102e41a405bf48f6/execute/async - {"script":"<script> [1562 bytes]","args":[{"selector":{"id":"application-manageresources-display-component---newResourceUnit--ITEM_TYPE-arrow"},"wdio_ui5_key":"applicationmanageresources-display-component---newResourceUnit--ITEM_TYPE-arrow"}]}
RESULT: {"script":"<script> [1562 bytes]","args":[{"selector":{"id":"application-manageresources-display-component---newResourceUnit--ITEM_TYPE-arrow"},"wdio_ui5_key":"applicationmanageresources-display-component---newResourceUnit--ITEM_TYPE-arrow"}]}
RESULT: undefined
COMMAND: POST /session/6c63433432e656fe102e41a405bf48f6/element - {"using":"xpath","value":"//*[@id=\"application-manageresources-display-component---newResourceUnit--ITEM_TYPE-arrow\"]"}
RESULT: {"using":"xpath","value":"//*[@id=\"application-manageresources-display-component---newResourceUnit--ITEM_TYPE-arrow\"]"}
COMMAND: POST /session/6c63433432e656fe102e41a405bf48f6/element/f.D105F16D3864A3F2742A47C77377899E.d.B483CC146B7F42F8773CF569231DC4D5.e.5830/click - {}
RESULT: {}
COMMAND: POST /session/6c63433432e656fe102e41a405bf48f6/element - {"using":"xpath","value":"(//span[contains(text(), \"Resource Unit\")])[2]"}
COMMAND: GET /session/6c63433432e656fe102e41a405bf48f6/screenshot - {}
RESULT: {"using":"xpath","value":"(//span[contains(text(), \"Resource Unit\")])[2]"}
COMMAND: POST /session/6c63433432e656fe102e41a405bf48f6/element/f.D105F16D3864A3F2742A47C77377899E.d.B483CC146B7F42F8773CF569231DC4D5.e.5831/click - {}
RESULT: {}
RESULT: {}
COMMAND: GET /session/6c63433432e656fe102e41a405bf48f6/screenshot - {}
RESULT: {}
COMMAND: POST /session/6c63433432e656fe102e41a405bf48f6/element - {"using":"css selector","value":"#application-manageresources-display-component---newResourceUnit--btnAddTimeSegment"}
RESULT: {"using":"css selector","value":"#application-manageresources-display-component---newResourceUnit--btnAddTimeSegment"}
COMMAND: GET /session/6c63433432e656fe102e41a405bf48f6/element/f.D105F16D3864A3F2742A47C77377899E.d.B483CC146B7F42F8773CF569231DC4D5.e.5832/rect - {}
RESULT: {}
COMMAND: GET /session/6c63433432e656fe102e41a405bf48f6/window/rect - {}
RESULT: {}
COMMAND: POST /session/6c63433432e656fe102e41a405bf48f6/execute/sync - {"script":"<script> [92 bytes]","args":[]}
RESULT: {"script":"<script> [92 bytes]","args":[]}
COMMAND: POST /session/6c63433432e656fe102e41a405bf48f6/actions - {"actions":[{"id":"action17","type":"wheel","parameters":{},"actions":[{"type":"scroll","x":-1888,"y":-32,"deltaX":0,"deltaY":0,"duration":0,"origin":{"element-6066-11e4-a52e-4f735466cecf":"f.D105F16D3864A3F2742A47C77377899E.d.B483CC146B7F42F8773CF569231DC4D5.e.5832"}}]}]}
COMMAND: GET /session/6c63433432e656fe102e41a405bf48f6/screenshot - {}
RESULT: {}
COMMAND: POST /session/6c63433432e656fe102e41a405bf48f6/execute/sync - {"script":"<script> [79 bytes]","args":[{"element-6066-11e4-a52e-4f735466cecf":"f.D105F16D3864A3F2742A47C77377899E.d.B483CC146B7F42F8773CF569231DC4D5.e.5832","ELEMENT":"f.D105F16D3864A3F2742A47C77377899E.d.B483CC146B7F42F8773CF569231DC4D5.e.5832"},{"block":"start","inline":"nearest"}]}
RESULT: {"script":"<script> [79 bytes]","args":[{"element-6066-11e4-a52e-4f735466cecf":"f.D105F16D3864A3F2742A47C77377899E.d.B483CC146B7F42F8773CF569231DC4D5.e.5832","ELEMENT":"f.D105F16D3864A3F2742A47C77377899E.d.B483CC146B7F42F8773CF569231DC4D5.e.5832"},{"block":"start","inline":"nearest"}]}
COMMAND: POST /session/6c63433432e656fe102e41a405bf48f6/execute/async - {"script":"<script> [1562 bytes]","args":[{"selector":{"id":"application-manageresources-display-component---newResourceUnit--btnAddTimeSegment","interaction":{"idSuffix":"inner"}},"wdio_ui5_key":"applicationmanageresources-display-component---newResourceUnit--btnAddTimeSegment"}]}
COMMAND: GET /session/6c63433432e656fe102e41a405bf48f6/screenshot - {}
RESULT: {"script":"<script> [1562 bytes]","args":[{"selector":{"id":"application-manageresources-display-component---newResourceUnit--btnAddTimeSegment","interaction":{"idSuffix":"inner"}},"wdio_ui5_key":"applicationmanageresources-display-component---newResourceUnit--btnAddTimeSegment"}]}
RESULT: undefined
COMMAND: POST /session/6c63433432e656fe102e41a405bf48f6/element - {"using":"xpath","value":"//*[@id=\"application-manageresources-display-component---newResourceUnit--btnAddTimeSegment\"]"}
RESULT: {}
RESULT: {"using":"xpath","value":"//*[@id=\"application-manageresources-display-component---newResourceUnit--btnAddTimeSegment\"]"}
COMMAND: POST /session/6c63433432e656fe102e41a405bf48f6/element/f.D105F16D3864A3F2742A47C77377899E.d.B483CC146B7F42F8773CF569231DC4D5.e.5832/click - {}
RESULT: {}
COMMAND: GET /session/6c63433432e656fe102e41a405bf48f6/screenshot - {}
RESULT: {}
COMMAND: POST /session/6c63433432e656fe102e41a405bf48f6/element - {"using":"xpath","value":"//input[@id=\"application-manageresources-display-component---newResourceUnit--idRuTSAdmin-application-manageresources-display-component---newResourceUnit--RUTimeSegment-0-inner\"]"}
RESULT: {"using":"xpath","value":"//input[@id=\"application-manageresources-display-component---newResourceUnit--idRuTSAdmin-application-manageresources-display-component---newResourceUnit--RUTimeSegment-0-inner\"]"}
COMMAND: POST /session/6c63433432e656fe102e41a405bf48f6/element/f.D105F16D3864A3F2742A47C77377899E.d.B483CC146B7F42F8773CF569231DC4D5.e.5838/clear - {}
RESULT: {}
COMMAND: POST /session/6c63433432e656fe102e41a405bf48f6/element/f.D105F16D3864A3F2742A47C77377899E.d.B483CC146B7F42F8773CF569231DC4D5.e.5838/value - {"text":"548"}
COMMAND: GET /session/6c63433432e656fe102e41a405bf48f6/screenshot - {}
RESULT: {"text":"548"}
COMMAND: GET /session/6c63433432e656fe102e41a405bf48f6/screenshot - {}
RESULT: {}
RESULT: {}
COMMAND: POST /session/6c63433432e656fe102e41a405bf48f6/element - {"using":"xpath","value":"//li[.//span[text()='548']]"}
RESULT: {"using":"xpath","value":"//li[.//span[text()='548']]"}
COMMAND: POST /session/6c63433432e656fe102e41a405bf48f6/element/f.D105F16D3864A3F2742A47C77377899E.d.B483CC146B7F42F8773CF569231DC4D5.e.5850/click - {}
RESULT: {}
COMMAND: GET /session/6c63433432e656fe102e41a405bf48f6/screenshot - {}
RESULT: {}
COMMAND: POST /session/6c63433432e656fe102e41a405bf48f6/element - {"using":"xpath","value":"(//span[contains(@id, \"-application-manageresources-display-component---newResourceUnit--RUTimeSegment-0-arrow\")])[6]"}
RESULT: {"using":"xpath","value":"(//span[contains(@id, \"-application-manageresources-display-component---newResourceUnit--RUTimeSegment-0-arrow\")])[6]"}
COMMAND: POST /session/6c63433432e656fe102e41a405bf48f6/element/f.D105F16D3864A3F2742A47C77377899E.d.B483CC146B7F42F8773CF569231DC4D5.e.5851/click - {}
RESULT: {}
COMMAND: GET /session/6c63433432e656fe102e41a405bf48f6/screenshot - {}
RESULT: {}
COMMAND: POST /session/6c63433432e656fe102e41a405bf48f6/element - {"using":"xpath","value":"//span[contains(text(), \"PM Order\")]"}
RESULT: {"using":"xpath","value":"//span[contains(text(), \"PM Order\")]"}
COMMAND: POST /session/6c63433432e656fe102e41a405bf48f6/element/f.D105F16D3864A3F2742A47C77377899E.d.B483CC146B7F42F8773CF569231DC4D5.e.5854/click - {}
RESULT: {}
COMMAND: GET /session/6c63433432e656fe102e41a405bf48f6/screenshot - {}
RESULT: {}
COMMAND: POST /session/6c63433432e656fe102e41a405bf48f6/element - {"using":"xpath","value":"(//span[contains(@id ,\"manageresources-display-component---newResourceUnit--RUTimeSegment-0-vhi\")])[1]"}
RESULT: {"using":"xpath","value":"(//span[contains(@id ,\"manageresources-display-component---newResourceUnit--RUTimeSegment-0-vhi\")])[1]"}
COMMAND: GET /session/6c63433432e656fe102e41a405bf48f6/element/f.D105F16D3864A3F2742A47C77377899E.d.B483CC146B7F42F8773CF569231DC4D5.e.5858/rect - {}
RESULT: {}
COMMAND: GET /session/6c63433432e656fe102e41a405bf48f6/window/rect - {}
RESULT: {}
COMMAND: POST /session/6c63433432e656fe102e41a405bf48f6/execute/sync - {"script":"<script> [92 bytes]","args":[]}
RESULT: {"script":"<script> [92 bytes]","args":[]}
COMMAND: POST /session/6c63433432e656fe102e41a405bf48f6/actions - {"actions":[{"id":"action18","type":"wheel","parameters":{},"actions":[{"type":"scroll","x":-869,"y":-24,"deltaX":0,"deltaY":0,"duration":0,"origin":{"element-6066-11e4-a52e-4f735466cecf":"f.D105F16D3864A3F2742A47C77377899E.d.B483CC146B7F42F8773CF569231DC4D5.e.5858"}}]}]}
COMMAND: GET /session/6c63433432e656fe102e41a405bf48f6/screenshot - {}
RESULT: {"actions":[{"id":"action18","type":"wheel","parameters":{},"actions":[{"type":"scroll","x":-869,"y":-24,"deltaX":0,"deltaY":0,"duration":0,"origin":{"element-6066-11e4-a52e-4f735466cecf":"f.D105F16D3864A3F2742A47C77377899E.d.B483CC146B7F42F8773CF569231DC4D5.e.5858"}}]}]}
COMMAND: DELETE /session/6c63433432e656fe102e41a405bf48f6/actions - {}
COMMAND: GET /session/6c63433432e656fe102e41a405bf48f6/screenshot - {}
RESULT: {}
RESULT: {}
COMMAND: GET /session/6c63433432e656fe102e41a405bf48f6/screenshot - {}
RESULT: {}
RESULT: {}
COMMAND: POST /session/6c63433432e656fe102e41a405bf48f6/element/f.D105F16D3864A3F2742A47C77377899E.d.B483CC146B7F42F8773CF569231DC4D5.e.5858/click - {}
RESULT: {}
COMMAND: GET /session/6c63433432e656fe102e41a405bf48f6/screenshot - {}
RESULT: {}
RESULT: undefined
COMMAND: POST /session/6c63433432e656fe102e41a405bf48f6/execute/async - {"script":"<script> [776 bytes]","args":[{"enterText":"4000360","selector":{"controlType":"sap.m.SearchField","properties":{"placeholder":"Search"},"searchOpenDialogs":true,"interaction":{"idSuffix":"I"}},"clearTextFirst":true,"interactionType":"ENTER_TEXT"}]}
RESULT: {"script":"<script> [776 bytes]","args":[{"enterText":"4000360","selector":{"controlType":"sap.m.SearchField","properties":{"placeholder":"Search"},"searchOpenDialogs":true,"interaction":{"idSuffix":"I"}},"clearTextFirst":true,"interactionType":"ENTER_TEXT"}]}
COMMAND: POST /session/6c63433432e656fe102e41a405bf48f6/actions - {"actions":[{"id":"action19","type":"key","parameters":{},"actions":[{"type":"keyDown","value":"î€‡"},{"type":"pause","duration":10},{"type":"keyUp","value":"î€‡"}]}]}
RESULT: {"actions":[{"id":"action19","type":"key","parameters":{},"actions":[{"type":"keyDown","value":"î€‡"},{"type":"pause","duration":10},{"type":"keyUp","value":"î€‡"}]}]}
COMMAND: GET /session/6c63433432e656fe102e41a405bf48f6/screenshot - {}
RESULT: {}
COMMAND: POST /session/6c63433432e656fe102e41a405bf48f6/element - {"using":"xpath","value":"//td/div/span[contains(text(), \"BGL Vehicles\")]"}
RESULT: {"using":"xpath","value":"//td/div/span[contains(text(), \"BGL Vehicles\")]"}
COMMAND: POST /session/6c63433432e656fe102e41a405bf48f6/element/f.D105F16D3864A3F2742A47C77377899E.d.B483CC146B7F42F8773CF569231DC4D5.e.5876/click - {}
RESULT: {}
COMMAND: GET /session/6c63433432e656fe102e41a405bf48f6/screenshot - {}
RESULT: {}
COMMAND: POST /session/6c63433432e656fe102e41a405bf48f6/element - {"using":"xpath","value":"//bdi[contains(text(), \"OK\")]"}
RESULT: {"using":"xpath","value":"//bdi[contains(text(), \"OK\")]"}
COMMAND: POST /session/6c63433432e656fe102e41a405bf48f6/element/f.D105F16D3864A3F2742A47C77377899E.d.B483CC146B7F42F8773CF569231DC4D5.e.5877/click - {}
RESULT: {}
COMMAND: GET /session/6c63433432e656fe102e41a405bf48f6/screenshot - {}
RESULT: {}
COMMAND: POST /session/6c63433432e656fe102e41a405bf48f6/execute/async - {"script":"<script> [1562 bytes]","args":[{"selector":{"id":"application-manageresources-display-component---newResourceUnit--newRRUPage-anchBar-application-manageresources-display-component---newResourceUnit--resource-anchor","interaction":{"idSuffix":"BDI-content"}},"wdio_ui5_key":"applicationmanageresources-display-component---newResourceUnit--newRRUPage-anchBar-application-manageresources-display-component---newResourceUnit--resource-anchor"}]}
RESULT: {"script":"<script> [1562 bytes]","args":[{"selector":{"id":"application-manageresources-display-component---newResourceUnit--newRRUPage-anchBar-application-manageresources-display-component---newResourceUnit--resource-anchor","interaction":{"idSuffix":"BDI-content"}},"wdio_ui5_key":"applicationmanageresources-display-component---newResourceUnit--newRRUPage-anchBar-application-manageresources-display-component---newResourceUnit--resource-anchor"}]}
RESULT: undefined
COMMAND: POST /session/6c63433432e656fe102e41a405bf48f6/element - {"using":"xpath","value":"//*[@id=\"application-manageresources-display-component---newResourceUnit--newRRUPage-anchBar-application-manageresources-display-component---newResourceUnit--resource-anchor\"]"}
RESULT: {"using":"xpath","value":"//*[@id=\"application-manageresources-display-component---newResourceUnit--newRRUPage-anchBar-application-manageresources-display-component---newResourceUnit--resource-anchor\"]"}
COMMAND: POST /session/6c63433432e656fe102e41a405bf48f6/element/f.D105F16D3864A3F2742A47C77377899E.d.B483CC146B7F42F8773CF569231DC4D5.e.5881/click - {}
RESULT: {}
COMMAND: POST /session/6c63433432e656fe102e41a405bf48f6/execute/async - {"script":"<script> [1562 bytes]","args":[{"selector":{"id":"application-manageresources-display-component---newResourceUnit--PLANNED_DELIVERY_DATE","interaction":{"idSuffix":"inner"}},"wdio_ui5_key":"applicationmanageresources-display-component---newResourceUnit--PLANNED_DELIVERY_DATE"}]}
COMMAND: GET /session/6c63433432e656fe102e41a405bf48f6/screenshot - {}
RESULT: {"script":"<script> [1562 bytes]","args":[{"selector":{"id":"application-manageresources-display-component---newResourceUnit--PLANNED_DELIVERY_DATE","interaction":{"idSuffix":"inner"}},"wdio_ui5_key":"applicationmanageresources-display-component---newResourceUnit--PLANNED_DELIVERY_DATE"}]}
RESULT: undefined
COMMAND: POST /session/6c63433432e656fe102e41a405bf48f6/execute/async - {"script":"<script> [6424 bytes]","args":[{"element-6066-11e4-a52e-4f735466cecf":"f.D105F16D3864A3F2742A47C77377899E.d.B483CC146B7F42F8773CF569231DC4D5.e.5745"},"setValue",["5/4/25"]]}
RESULT: {}
RESULT: {"script":"<script> [6424 bytes]","args":[{"element-6066-11e4-a52e-4f735466cecf":"f.D105F16D3864A3F2742A47C77377899E.d.B483CC146B7F42F8773CF569231DC4D5.e.5745"},"setValue",["5/4/25"]]}
COMMAND: POST /session/6c63433432e656fe102e41a405bf48f6/element - {"using":"xpath","value":"//button[@data-kt=\"resourceUnitSaveButton\"]"}
RESULT: {"using":"xpath","value":"//button[@data-kt=\"resourceUnitSaveButton\"]"}
COMMAND: POST /session/6c63433432e656fe102e41a405bf48f6/element/f.D105F16D3864A3F2742A47C77377899E.d.B483CC146B7F42F8773CF569231DC4D5.e.5706/click - {}
RESULT: {}
COMMAND: GET /session/6c63433432e656fe102e41a405bf48f6/screenshot - {}
RESULT: {}
COMMAND: POST /session/6c63433432e656fe102e41a405bf48f6/element - {"using":"xpath","value":"//bdi[contains(text(), \"Close\")]"}
RESULT: {"using":"xpath","value":"//bdi[contains(text(), \"Close\")]"}
COMMAND: POST /session/6c63433432e656fe102e41a405bf48f6/element/f.D105F16D3864A3F2742A47C77377899E.d.B483CC146B7F42F8773CF569231DC4D5.e.5889/click - {}
RESULT: {}
COMMAND: GET /session/6c63433432e656fe102e41a405bf48f6/screenshot - {}
RESULT: {}
COMMAND: POST /session/6c63433432e656fe102e41a405bf48f6/element - {"using":"xpath","value":"//bdi[contains(text(), \"Edit\")]"}
RESULT: {"using":"xpath","value":"//bdi[contains(text(), \"Edit\")]"}
COMMAND: POST /session/6c63433432e656fe102e41a405bf48f6/execute/sync - {"script":"<script> [8489 bytes]","args":[{"element-6066-11e4-a52e-4f735466cecf":"f.D105F16D3864A3F2742A47C77377899E.d.B483CC146B7F42F8773CF569231DC4D5.e.5943","ELEMENT":"f.D105F16D3864A3F2742A47C77377899E.d.B483CC146B7F42F8773CF569231DC4D5.e.5943"}]}
RESULT: {"script":"<script> [8489 bytes]","args":[{"element-6066-11e4-a52e-4f735466cecf":"f.D105F16D3864A3F2742A47C77377899E.d.B483CC146B7F42F8773CF569231DC4D5.e.5943","ELEMENT":"f.D105F16D3864A3F2742A47C77377899E.d.B483CC146B7F42F8773CF569231DC4D5.e.5943"}]}
COMMAND: POST /session/6c63433432e656fe102e41a405bf48f6/element/f.D105F16D3864A3F2742A47C77377899E.d.B483CC146B7F42F8773CF569231DC4D5.e.5943/click - {}
COMMAND: GET /session/6c63433432e656fe102e41a405bf48f6/screenshot - {}
RESULT: {}
COMMAND: GET /session/6c63433432e656fe102e41a405bf48f6/screenshot - {}
RESULT: {}
RESULT: {}
COMMAND: POST /session/6c63433432e656fe102e41a405bf48f6/execute/async - {"script":"<script> [1562 bytes]","args":[{"selector":{"id":"application-manageresources-display-component---editResource--editRruPage-anchBar-application-manageresources-display-component---editResource--counters-anchor","interaction":{"idSuffix":"BDI-content"}},"wdio_ui5_key":"applicationmanageresources-display-component---editResource--editRruPage-anchBar-application-manageresources-display-component---editResource--counters-anchor"}]}
RESULT: {"script":"<script> [1562 bytes]","args":[{"selector":{"id":"application-manageresources-display-component---editResource--editRruPage-anchBar-application-manageresources-display-component---editResource--counters-anchor","interaction":{"idSuffix":"BDI-content"}},"wdio_ui5_key":"applicationmanageresources-display-component---editResource--editRruPage-anchBar-application-manageresources-display-component---editResource--counters-anchor"}]}
RESULT: undefined
COMMAND: POST /session/6c63433432e656fe102e41a405bf48f6/element - {"using":"xpath","value":"//*[@id=\"application-manageresources-display-component---editResource--editRruPage-anchBar-application-manageresources-display-component---editResource--counters-anchor\"]"}
RESULT: {"using":"xpath","value":"//*[@id=\"application-manageresources-display-component---editResource--editRruPage-anchBar-application-manageresources-display-component---editResource--counters-anchor\"]"}
COMMAND: POST /session/6c63433432e656fe102e41a405bf48f6/element/f.D105F16D3864A3F2742A47C77377899E.d.B483CC146B7F42F8773CF569231DC4D5.e.6057/click - {}
RESULT: {}
COMMAND: GET /session/6c63433432e656fe102e41a405bf48f6/screenshot - {}
RESULT: {}
COMMAND: POST /session/6c63433432e656fe102e41a405bf48f6/execute/async - {"script":"<script> [1562 bytes]","args":[{"selector":{"id":"application-manageresources-display-component---editResource--btnAddCounter-img"},"wdio_ui5_key":"applicationmanageresources-display-component---editResource--btnAddCounter-img"}]}
RESULT: {"script":"<script> [1562 bytes]","args":[{"selector":{"id":"application-manageresources-display-component---editResource--btnAddCounter-img"},"wdio_ui5_key":"applicationmanageresources-display-component---editResource--btnAddCounter-img"}]}
RESULT: undefined
COMMAND: POST /session/6c63433432e656fe102e41a405bf48f6/element - {"using":"xpath","value":"//*[@id=\"application-manageresources-display-component---editResource--btnAddCounter-img\"]"}
RESULT: {"using":"xpath","value":"//*[@id=\"application-manageresources-display-component---editResource--btnAddCounter-img\"]"}
COMMAND: POST /session/6c63433432e656fe102e41a405bf48f6/element/f.D105F16D3864A3F2742A47C77377899E.d.B483CC146B7F42F8773CF569231DC4D5.e.6091/click - {}
RESULT: {}
COMMAND: POST /session/6c63433432e656fe102e41a405bf48f6/execute/async - {"script":"<script> [1562 bytes]","args":[{"selector":{"id":"application-manageresources-display-component---editResource--COUNTER_ID-application-manageresources-display-component---editResource--RUCounters-0-arrow"},"wdio_ui5_key":"applicationmanageresources-display-component---editResource--COUNTER_ID-application-manageresources-display-component---editResource--RUCounters-0-arrow"}]}
COMMAND: GET /session/6c63433432e656fe102e41a405bf48f6/screenshot - {}
RESULT: {"script":"<script> [1562 bytes]","args":[{"selector":{"id":"application-manageresources-display-component---editResource--COUNTER_ID-application-manageresources-display-component---editResource--RUCounters-0-arrow"},"wdio_ui5_key":"applicationmanageresources-display-component---editResource--COUNTER_ID-application-manageresources-display-component---editResource--RUCounters-0-arrow"}]}
RESULT: undefined
COMMAND: POST /session/6c63433432e656fe102e41a405bf48f6/element - {"using":"xpath","value":"//*[@id=\"application-manageresources-display-component---editResource--COUNTER_ID-application-manageresources-display-component---editResource--RUCounters-0-arrow\"]"}
RESULT: {}
RESULT: {"using":"xpath","value":"//*[@id=\"application-manageresources-display-component---editResource--COUNTER_ID-application-manageresources-display-component---editResource--RUCounters-0-arrow\"]"}
COMMAND: POST /session/6c63433432e656fe102e41a405bf48f6/element/f.D105F16D3864A3F2742A47C77377899E.d.B483CC146B7F42F8773CF569231DC4D5.e.6096/click - {}
RESULT: {}
COMMAND: POST /session/6c63433432e656fe102e41a405bf48f6/execute/async - {"script":"<script> [1562 bytes]","args":[{"selector":{"controlType":"sap.m.StandardListItem","viewName":"etm.portal.ui.manageresources.view.EditResource","viewId":"application-manageresources-display-component---editResource","properties":{"title":"fuel"},"searchOpenDialogs":true,"interaction":{"idSuffix":"content"}},"wdio_ui5_key":"etmportal.ui.manageresources.view.EditResourcesap.m.StandardListItem{\"title\":\"fuel\"}"}]}
COMMAND: GET /session/6c63433432e656fe102e41a405bf48f6/screenshot - {}
RESULT: {"script":"<script> [1562 bytes]","args":[{"selector":{"controlType":"sap.m.StandardListItem","viewName":"etm.portal.ui.manageresources.view.EditResource","viewId":"application-manageresources-display-component---editResource","properties":{"title":"fuel"},"searchOpenDialogs":true,"interaction":{"idSuffix":"content"}},"wdio_ui5_key":"etmportal.ui.manageresources.view.EditResourcesap.m.StandardListItem{\"title\":\"fuel\"}"}]}
RESULT: undefined
COMMAND: POST /session/6c63433432e656fe102e41a405bf48f6/element - {"using":"xpath","value":"//*[@id=\"__item2562\"]"}
RESULT: {}
RESULT: {"using":"xpath","value":"//*[@id=\"__item2562\"]"}
COMMAND: POST /session/6c63433432e656fe102e41a405bf48f6/element/f.D105F16D3864A3F2742A47C77377899E.d.B483CC146B7F42F8773CF569231DC4D5.e.6098/click - {}
RESULT: {}
COMMAND: GET /session/6c63433432e656fe102e41a405bf48f6/screenshot - {}
RESULT: {}
COMMAND: POST /session/6c63433432e656fe102e41a405bf48f6/element - {"using":"xpath","value":"//button[@data-kt=\"saveButton\"]"}
RESULT: {"using":"xpath","value":"//button[@data-kt=\"saveButton\"]"}
COMMAND: POST /session/6c63433432e656fe102e41a405bf48f6/element/f.D105F16D3864A3F2742A47C77377899E.d.B483CC146B7F42F8773CF569231DC4D5.e.6099/click - {}
RESULT: {}
COMMAND: GET /session/6c63433432e656fe102e41a405bf48f6/screenshot - {}
RESULT: {}
COMMAND: POST /session/6c63433432e656fe102e41a405bf48f6/element - {"using":"xpath","value":"(//button[contains(@id ,\"actionsToolbar-overflowButton\")])[1]"}
RESULT: {"using":"xpath","value":"(//button[contains(@id ,\"actionsToolbar-overflowButton\")])[1]"}
COMMAND: POST /session/6c63433432e656fe102e41a405bf48f6/element/f.D105F16D3864A3F2742A47C77377899E.d.B483CC146B7F42F8773CF569231DC4D5.e.6112/click - {}
RESULT: {}
COMMAND: GET /session/6c63433432e656fe102e41a405bf48f6/screenshot - {}
RESULT: {}
COMMAND: POST /session/6c63433432e656fe102e41a405bf48f6/element - {"using":"xpath","value":"//button[@data-kt=\"priceInfoButton\"]"}
RESULT: {"using":"xpath","value":"//button[@data-kt=\"priceInfoButton\"]"}
COMMAND: POST /session/6c63433432e656fe102e41a405bf48f6/element/f.D105F16D3864A3F2742A47C77377899E.d.B483CC146B7F42F8773CF569231DC4D5.e.6114/click - {}
RESULT: {}
COMMAND: GET /session/6c63433432e656fe102e41a405bf48f6/screenshot - {}
RESULT: {}
]]></system-out>
    </testcase>
    <testcase classname="chrome.135_0_7049_96.windows.Create_master_data_for_mixed_billing_&amp;_do_billing_calculation_US151661" name="Should create a TB pricing procedure" time="53.825">
      <system-out><![CDATA[
COMMAND: POST /session/6c63433432e656fe102e41a405bf48f6/element - {"using":"xpath","value":"//button[@data-kt=\"addButton\"]"}
RESULT: {"using":"xpath","value":"//button[@data-kt=\"addButton\"]"}
COMMAND: POST /session/6c63433432e656fe102e41a405bf48f6/elements - {"using":"xpath","value":"//button[@data-kt=\"addButton\"]"}
RESULT: {"using":"xpath","value":"//button[@data-kt=\"addButton\"]"}
COMMAND: POST /session/6c63433432e656fe102e41a405bf48f6/elements - {"using":"xpath","value":"//button[@data-kt=\"addButton\"]"}
RESULT: {"using":"xpath","value":"//button[@data-kt=\"addButton\"]"}
COMMAND: POST /session/6c63433432e656fe102e41a405bf48f6/element - {"using":"xpath","value":"//button[@data-kt=\"addButton\"]"}
RESULT: {"using":"xpath","value":"//button[@data-kt=\"addButton\"]"}
COMMAND: POST /session/6c63433432e656fe102e41a405bf48f6/execute/sync - {"script":"<script> [8489 bytes]","args":[{"element-6066-11e4-a52e-4f735466cecf":"f.D105F16D3864A3F2742A47C77377899E.d.B483CC146B7F42F8773CF569231DC4D5.e.6151","ELEMENT":"f.D105F16D3864A3F2742A47C77377899E.d.B483CC146B7F42F8773CF569231DC4D5.e.6151"}]}
RESULT: {"script":"<script> [8489 bytes]","args":[{"element-6066-11e4-a52e-4f735466cecf":"f.D105F16D3864A3F2742A47C77377899E.d.B483CC146B7F42F8773CF569231DC4D5.e.6151","ELEMENT":"f.D105F16D3864A3F2742A47C77377899E.d.B483CC146B7F42F8773CF569231DC4D5.e.6151"}]}
COMMAND: GET /session/6c63433432e656fe102e41a405bf48f6/element/f.D105F16D3864A3F2742A47C77377899E.d.B483CC146B7F42F8773CF569231DC4D5.e.6151/enabled - {}
COMMAND: GET /session/6c63433432e656fe102e41a405bf48f6/screenshot - {}
RESULT: {}
COMMAND: POST /session/6c63433432e656fe102e41a405bf48f6/execute/sync - {"script":"<script> [8489 bytes]","args":[{"element-6066-11e4-a52e-4f735466cecf":"f.D105F16D3864A3F2742A47C77377899E.d.B483CC146B7F42F8773CF569231DC4D5.e.6151","ELEMENT":"f.D105F16D3864A3F2742A47C77377899E.d.B483CC146B7F42F8773CF569231DC4D5.e.6151"}]}
COMMAND: GET /session/6c63433432e656fe102e41a405bf48f6/screenshot - {}
RESULT: {}
RESULT: {"script":"<script> [8489 bytes]","args":[{"element-6066-11e4-a52e-4f735466cecf":"f.D105F16D3864A3F2742A47C77377899E.d.B483CC146B7F42F8773CF569231DC4D5.e.6151","ELEMENT":"f.D105F16D3864A3F2742A47C77377899E.d.B483CC146B7F42F8773CF569231DC4D5.e.6151"}]}
COMMAND: POST /session/6c63433432e656fe102e41a405bf48f6/execute/sync - {"script":"<script> [5351 bytes]","args":[{"element-6066-11e4-a52e-4f735466cecf":"f.D105F16D3864A3F2742A47C77377899E.d.B483CC146B7F42F8773CF569231DC4D5.e.6151","ELEMENT":"f.D105F16D3864A3F2742A47C77377899E.d.B483CC146B7F42F8773CF569231DC4D5.e.6151"}]}
COMMAND: GET /session/6c63433432e656fe102e41a405bf48f6/screenshot - {}
RESULT: {}
RESULT: {"script":"<script> [5351 bytes]","args":[{"element-6066-11e4-a52e-4f735466cecf":"f.D105F16D3864A3F2742A47C77377899E.d.B483CC146B7F42F8773CF569231DC4D5.e.6151","ELEMENT":"f.D105F16D3864A3F2742A47C77377899E.d.B483CC146B7F42F8773CF569231DC4D5.e.6151"}]}
COMMAND: POST /session/6c63433432e656fe102e41a405bf48f6/element/f.D105F16D3864A3F2742A47C77377899E.d.B483CC146B7F42F8773CF569231DC4D5.e.6151/click - {}
COMMAND: GET /session/6c63433432e656fe102e41a405bf48f6/screenshot - {}
RESULT: {}
RESULT: {}
COMMAND: GET /session/6c63433432e656fe102e41a405bf48f6/screenshot - {}
RESULT: {}
RESULT: {}
COMMAND: POST /session/6c63433432e656fe102e41a405bf48f6/execute/async - {"script":"<script> [1562 bytes]","args":[{"selector":{"controlType":"sap.m.Title","viewName":"etm.portal.ui.managepricingrules.view.NewItem","viewId":"application-managepricingrules-display-component---newInfoPriceItem","properties":{"text":"New Pricing Rules - Item Level"}},"wdio_ui5_key":"etmportal.ui.managepricingrules.view.NewItemsap.m.Title{\"text\":\"New Pricing Rules - Item Level\"}"}]}
RESULT: {"script":"<script> [1562 bytes]","args":[{"selector":{"controlType":"sap.m.Title","viewName":"etm.portal.ui.managepricingrules.view.NewItem","viewId":"application-managepricingrules-display-component---newInfoPriceItem","properties":{"text":"New Pricing Rules - Item Level"}},"wdio_ui5_key":"etmportal.ui.managepricingrules.view.NewItemsap.m.Title{\"text\":\"New Pricing Rules - Item Level\"}"}]}
RESULT: undefined
COMMAND: POST /session/6c63433432e656fe102e41a405bf48f6/execute/async - {"script":"<script> [6424 bytes]","args":[{"element-6066-11e4-a52e-4f735466cecf":"f.D105F16D3864A3F2742A47C77377899E.d.B483CC146B7F42F8773CF569231DC4D5.e.6327"},"getText",[]]}
RESULT: {"script":"<script> [6424 bytes]","args":[{"element-6066-11e4-a52e-4f735466cecf":"f.D105F16D3864A3F2742A47C77377899E.d.B483CC146B7F42F8773CF569231DC4D5.e.6327"},"getText",[]]}
COMMAND: POST /session/6c63433432e656fe102e41a405bf48f6/execute/async - {"script":"<script> [1562 bytes]","args":[{"selector":{"id":"application-managepricingrules-display-component---newInfoPriceItem--condValidTo","interaction":{"idSuffix":"inner"}},"wdio_ui5_key":"applicationmanagepricingrules-display-component---newInfoPriceItem--condValidTo"}]}
RESULT: {"script":"<script> [1562 bytes]","args":[{"selector":{"id":"application-managepricingrules-display-component---newInfoPriceItem--condValidTo","interaction":{"idSuffix":"inner"}},"wdio_ui5_key":"applicationmanagepricingrules-display-component---newInfoPriceItem--condValidTo"}]}
RESULT: undefined
COMMAND: POST /session/6c63433432e656fe102e41a405bf48f6/execute/async - {"script":"<script> [776 bytes]","args":[{"enterText":"01/04/26","selector":{"id":"application-managepricingrules-display-component---newInfoPriceItem--condValidTo","interaction":{"idSuffix":"inner"}},"clearTextFirst":true,"interactionType":"ENTER_TEXT"}]}
RESULT: {"script":"<script> [776 bytes]","args":[{"enterText":"01/04/26","selector":{"id":"application-managepricingrules-display-component---newInfoPriceItem--condValidTo","interaction":{"idSuffix":"inner"}},"clearTextFirst":true,"interactionType":"ENTER_TEXT"}]}
COMMAND: POST /session/6c63433432e656fe102e41a405bf48f6/execute/async - {"script":"<script> [1562 bytes]","args":[{"selector":{"id":"application-managepricingrules-display-component---newInfoPriceItem--billType-arrow"},"wdio_ui5_key":"applicationmanagepricingrules-display-component---newInfoPriceItem--billType-arrow"}]}
RESULT: {"script":"<script> [1562 bytes]","args":[{"selector":{"id":"application-managepricingrules-display-component---newInfoPriceItem--billType-arrow"},"wdio_ui5_key":"applicationmanagepricingrules-display-component---newInfoPriceItem--billType-arrow"}]}
RESULT: undefined
COMMAND: POST /session/6c63433432e656fe102e41a405bf48f6/element - {"using":"xpath","value":"//*[@id=\"application-managepricingrules-display-component---newInfoPriceItem--billType-arrow\"]"}
RESULT: {"using":"xpath","value":"//*[@id=\"application-managepricingrules-display-component---newInfoPriceItem--billType-arrow\"]"}
COMMAND: POST /session/6c63433432e656fe102e41a405bf48f6/element/f.D105F16D3864A3F2742A47C77377899E.d.B483CC146B7F42F8773CF569231DC4D5.e.6287/click - {}
RESULT: {}
COMMAND: POST /session/6c63433432e656fe102e41a405bf48f6/element - {"using":"xpath","value":"//span[contains(text(), \"TB - Time based\")]"}
COMMAND: GET /session/6c63433432e656fe102e41a405bf48f6/screenshot - {}
RESULT: {"using":"xpath","value":"//span[contains(text(), \"TB - Time based\")]"}
COMMAND: POST /session/6c63433432e656fe102e41a405bf48f6/element/f.D105F16D3864A3F2742A47C77377899E.d.B483CC146B7F42F8773CF569231DC4D5.e.6331/click - {}
RESULT: {}
RESULT: {}
COMMAND: POST /session/6c63433432e656fe102e41a405bf48f6/execute/async - {"script":"<script> [1562 bytes]","args":[{"selector":{"id":"application-managepricingrules-display-component---newInfoPriceItem--priceProc-arrow"},"wdio_ui5_key":"applicationmanagepricingrules-display-component---newInfoPriceItem--priceProc-arrow"}]}
COMMAND: GET /session/6c63433432e656fe102e41a405bf48f6/screenshot - {}
RESULT: {"script":"<script> [1562 bytes]","args":[{"selector":{"id":"application-managepricingrules-display-component---newInfoPriceItem--priceProc-arrow"},"wdio_ui5_key":"applicationmanagepricingrules-display-component---newInfoPriceItem--priceProc-arrow"}]}
RESULT: undefined
COMMAND: POST /session/6c63433432e656fe102e41a405bf48f6/element - {"using":"xpath","value":"//*[@id=\"application-managepricingrules-display-component---newInfoPriceItem--priceProc-arrow\"]"}
RESULT: {}
RESULT: {"using":"xpath","value":"//*[@id=\"application-managepricingrules-display-component---newInfoPriceItem--priceProc-arrow\"]"}
COMMAND: POST /session/6c63433432e656fe102e41a405bf48f6/element/f.D105F16D3864A3F2742A47C77377899E.d.B483CC146B7F42F8773CF569231DC4D5.e.6294/click - {}
RESULT: {}
COMMAND: POST /session/6c63433432e656fe102e41a405bf48f6/element - {"using":"xpath","value":"//span[contains(text(), \"TB - Time based BGL\")]"}
COMMAND: GET /session/6c63433432e656fe102e41a405bf48f6/screenshot - {}
RESULT: {"using":"xpath","value":"//span[contains(text(), \"TB - Time based BGL\")]"}
COMMAND: POST /session/6c63433432e656fe102e41a405bf48f6/element/f.D105F16D3864A3F2742A47C77377899E.d.B483CC146B7F42F8773CF569231DC4D5.e.6332/click - {}
RESULT: {}
RESULT: {}
COMMAND: POST /session/6c63433432e656fe102e41a405bf48f6/execute/async - {"script":"<script> [1562 bytes]","args":[{"selector":{"id":"application-managepricingrules-display-component---newInfoPriceItem--calcBase-arrow"},"wdio_ui5_key":"applicationmanagepricingrules-display-component---newInfoPriceItem--calcBase-arrow"}]}
COMMAND: GET /session/6c63433432e656fe102e41a405bf48f6/screenshot - {}
RESULT: {"script":"<script> [1562 bytes]","args":[{"selector":{"id":"application-managepricingrules-display-component---newInfoPriceItem--calcBase-arrow"},"wdio_ui5_key":"applicationmanagepricingrules-display-component---newInfoPriceItem--calcBase-arrow"}]}
RESULT: undefined
COMMAND: POST /session/6c63433432e656fe102e41a405bf48f6/element - {"using":"xpath","value":"//*[@id=\"application-managepricingrules-display-component---newInfoPriceItem--calcBase-arrow\"]"}
RESULT: {}
RESULT: {"using":"xpath","value":"//*[@id=\"application-managepricingrules-display-component---newInfoPriceItem--calcBase-arrow\"]"}
COMMAND: POST /session/6c63433432e656fe102e41a405bf48f6/element/f.D105F16D3864A3F2742A47C77377899E.d.B483CC146B7F42F8773CF569231DC4D5.e.6301/click - {}
RESULT: {}
COMMAND: GET /session/6c63433432e656fe102e41a405bf48f6/screenshot - {}
RESULT: {}
COMMAND: POST /session/6c63433432e656fe102e41a405bf48f6/element - {"using":"xpath","value":"//span[contains(text(), \"0006 - TB(calendar days)\")]"}
RESULT: {"using":"xpath","value":"//span[contains(text(), \"0006 - TB(calendar days)\")]"}
COMMAND: POST /session/6c63433432e656fe102e41a405bf48f6/element/f.D105F16D3864A3F2742A47C77377899E.d.B483CC146B7F42F8773CF569231DC4D5.e.6333/click - {}
RESULT: {}
COMMAND: GET /session/6c63433432e656fe102e41a405bf48f6/screenshot - {}
RESULT: {}
COMMAND: POST /session/6c63433432e656fe102e41a405bf48f6/execute/async - {"script":"<script> [1562 bytes]","args":[{"selector":{"id":"application-managepricingrules-display-component---newInfoPriceItem--hoursMonth","interaction":{"idSuffix":"inner"}},"wdio_ui5_key":"applicationmanagepricingrules-display-component---newInfoPriceItem--hoursMonth"}]}
RESULT: {"script":"<script> [1562 bytes]","args":[{"selector":{"id":"application-managepricingrules-display-component---newInfoPriceItem--hoursMonth","interaction":{"idSuffix":"inner"}},"wdio_ui5_key":"applicationmanagepricingrules-display-component---newInfoPriceItem--hoursMonth"}]}
RESULT: undefined
COMMAND: POST /session/6c63433432e656fe102e41a405bf48f6/execute/async - {"script":"<script> [776 bytes]","args":[{"enterText":"160","selector":{"id":"application-managepricingrules-display-component---newInfoPriceItem--hoursMonth","interaction":{"idSuffix":"inner"}},"clearTextFirst":true,"interactionType":"ENTER_TEXT"}]}
RESULT: {"script":"<script> [776 bytes]","args":[{"enterText":"160","selector":{"id":"application-managepricingrules-display-component---newInfoPriceItem--hoursMonth","interaction":{"idSuffix":"inner"}},"clearTextFirst":true,"interactionType":"ENTER_TEXT"}]}
COMMAND: POST /session/6c63433432e656fe102e41a405bf48f6/execute/async - {"script":"<script> [1562 bytes]","args":[{"selector":{"id":"application-managepricingrules-display-component---newInfoPriceItem--daysMonth","interaction":{"idSuffix":"inner"}},"wdio_ui5_key":"applicationmanagepricingrules-display-component---newInfoPriceItem--daysMonth"}]}
RESULT: {"script":"<script> [1562 bytes]","args":[{"selector":{"id":"application-managepricingrules-display-component---newInfoPriceItem--daysMonth","interaction":{"idSuffix":"inner"}},"wdio_ui5_key":"applicationmanagepricingrules-display-component---newInfoPriceItem--daysMonth"}]}
RESULT: undefined
COMMAND: POST /session/6c63433432e656fe102e41a405bf48f6/execute/async - {"script":"<script> [776 bytes]","args":[{"enterText":"30","selector":{"id":"application-managepricingrules-display-component---newInfoPriceItem--daysMonth","interaction":{"idSuffix":"inner"}},"clearTextFirst":true,"interactionType":"ENTER_TEXT"}]}
RESULT: {"script":"<script> [776 bytes]","args":[{"enterText":"30","selector":{"id":"application-managepricingrules-display-component---newInfoPriceItem--daysMonth","interaction":{"idSuffix":"inner"}},"clearTextFirst":true,"interactionType":"ENTER_TEXT"}]}
COMMAND: POST /session/6c63433432e656fe102e41a405bf48f6/element - {"using":"xpath","value":"//button[@data-kt=\"saveNewRuleButton\"]"}
RESULT: {"using":"xpath","value":"//button[@data-kt=\"saveNewRuleButton\"]"}
COMMAND: POST /session/6c63433432e656fe102e41a405bf48f6/element/f.D105F16D3864A3F2742A47C77377899E.d.B483CC146B7F42F8773CF569231DC4D5.e.6321/click - {}
RESULT: {}
COMMAND: GET /session/6c63433432e656fe102e41a405bf48f6/screenshot - {}
RESULT: {}
COMMAND: POST /session/6c63433432e656fe102e41a405bf48f6/execute/async - {"script":"<script> [1562 bytes]","args":[{"selector":{"id":"application-managepricingrules-display-component---priceInfoItem--smartFilterBar-btnBasicSearch","interaction":{"idSuffix":"I"}},"wdio_ui5_key":"applicationmanagepricingrules-display-component---priceInfoItem--smartFilterBar-btnBasicSearch"}]}
RESULT: {"script":"<script> [1562 bytes]","args":[{"selector":{"id":"application-managepricingrules-display-component---priceInfoItem--smartFilterBar-btnBasicSearch","interaction":{"idSuffix":"I"}},"wdio_ui5_key":"applicationmanagepricingrules-display-component---priceInfoItem--smartFilterBar-btnBasicSearch"}]}
RESULT: undefined
COMMAND: POST /session/6c63433432e656fe102e41a405bf48f6/execute/async - {"script":"<script> [776 bytes]","args":[{"enterText":"DtYVYMnqrN","selector":{"id":"application-managepricingrules-display-component---priceInfoItem--smartFilterBar-btnBasicSearch","interaction":{"idSuffix":"I"}},"clearTextFirst":true,"interactionType":"ENTER_TEXT"}]}
RESULT: {"script":"<script> [776 bytes]","args":[{"enterText":"DtYVYMnqrN","selector":{"id":"application-managepricingrules-display-component---priceInfoItem--smartFilterBar-btnBasicSearch","interaction":{"idSuffix":"I"}},"clearTextFirst":true,"interactionType":"ENTER_TEXT"}]}
COMMAND: POST /session/6c63433432e656fe102e41a405bf48f6/actions - {"actions":[{"id":"action20","type":"key","parameters":{},"actions":[{"type":"keyDown","value":"î€‡"},{"type":"pause","duration":10},{"type":"keyUp","value":"î€‡"}]}]}
RESULT: {"actions":[{"id":"action20","type":"key","parameters":{},"actions":[{"type":"keyDown","value":"î€‡"},{"type":"pause","duration":10},{"type":"keyUp","value":"î€‡"}]}]}
COMMAND: GET /session/6c63433432e656fe102e41a405bf48f6/screenshot - {}
RESULT: {}
COMMAND: POST /session/6c63433432e656fe102e41a405bf48f6/element - {"using":"xpath","value":"//span[@id=\"application-managepricingrules-display-component---priceInfoItem--smartTable-header-inner\"]"}
RESULT: {"using":"xpath","value":"//span[@id=\"application-managepricingrules-display-component---priceInfoItem--smartTable-header-inner\"]"}
COMMAND: POST /session/6c63433432e656fe102e41a405bf48f6/elements - {"using":"xpath","value":"//span[@id=\"application-managepricingrules-display-component---priceInfoItem--smartTable-header-inner\"]"}
RESULT: {"using":"xpath","value":"//span[@id=\"application-managepricingrules-display-component---priceInfoItem--smartTable-header-inner\"]"}
COMMAND: POST /session/6c63433432e656fe102e41a405bf48f6/execute/sync - {"script":"<script> [56 bytes]","args":[{"element-6066-11e4-a52e-4f735466cecf":"f.D105F16D3864A3F2742A47C77377899E.d.B483CC146B7F42F8773CF569231DC4D5.e.6347","ELEMENT":"f.D105F16D3864A3F2742A47C77377899E.d.B483CC146B7F42F8773CF569231DC4D5.e.6347"}]}
RESULT: {"script":"<script> [56 bytes]","args":[{"element-6066-11e4-a52e-4f735466cecf":"f.D105F16D3864A3F2742A47C77377899E.d.B483CC146B7F42F8773CF569231DC4D5.e.6347","ELEMENT":"f.D105F16D3864A3F2742A47C77377899E.d.B483CC146B7F42F8773CF569231DC4D5.e.6347"}]}
COMMAND: POST /session/6c63433432e656fe102e41a405bf48f6/element - {"using":"css selector","value":"#shell-header-logo"}
COMMAND: GET /session/6c63433432e656fe102e41a405bf48f6/screenshot - {}
RESULT: {"using":"css selector","value":"#shell-header-logo"}
COMMAND: POST /session/6c63433432e656fe102e41a405bf48f6/element/f.D105F16D3864A3F2742A47C77377899E.d.B483CC146B7F42F8773CF569231DC4D5.e.5290/click - {}
RESULT: {}
RESULT: {}
COMMAND: GET /session/6c63433432e656fe102e41a405bf48f6/screenshot - {}
RESULT: {}
]]></system-out>
    </testcase>
    <testcase classname="chrome.135_0_7049_96.windows.Create_master_data_for_mixed_billing_&amp;_do_billing_calculation_US151661" name="Should add one time condition" time="62.652">
      <system-out><![CDATA[
COMMAND: POST /session/6c63433432e656fe102e41a405bf48f6/execute/async - {"script":"<script> [1562 bytes]","args":[{"selector":{"controlType":"sap.m.Text","properties":{"text":"Manage Conditions & Prices"},"interaction":{"idSuffix":"inner"}},"wdio_ui5_key":"sapm.Text{\"text\":\"Manage Conditions & Prices\"}"}]}
RESULT: {"script":"<script> [1562 bytes]","args":[{"selector":{"controlType":"sap.m.Text","properties":{"text":"Manage Conditions & Prices"},"interaction":{"idSuffix":"inner"}},"wdio_ui5_key":"sapm.Text{\"text\":\"Manage Conditions & Prices\"}"}]}
RESULT: undefined
COMMAND: POST /session/6c63433432e656fe102e41a405bf48f6/element - {"using":"xpath","value":"//*[@id=\"__tile53-title\"]"}
RESULT: {"using":"xpath","value":"//*[@id=\"__tile53-title\"]"}
COMMAND: POST /session/6c63433432e656fe102e41a405bf48f6/element/f.D105F16D3864A3F2742A47C77377899E.d.B483CC146B7F42F8773CF569231DC4D5.e.6350/click - {}
RESULT: {}
COMMAND: POST /session/6c63433432e656fe102e41a405bf48f6/element - {"using":"xpath","value":"//button[@aria-label=\"Create\"]"}
COMMAND: GET /session/6c63433432e656fe102e41a405bf48f6/screenshot - {}
RESULT: {"using":"xpath","value":"//button[@aria-label=\"Create\"]"}
COMMAND: POST /session/6c63433432e656fe102e41a405bf48f6/elements - {"using":"xpath","value":"//button[@aria-label=\"Create\"]"}
RESULT: {}
RESULT: {"using":"xpath","value":"//button[@aria-label=\"Create\"]"}
COMMAND: POST /session/6c63433432e656fe102e41a405bf48f6/elements - {"using":"xpath","value":"//button[@aria-label=\"Create\"]"}
RESULT: {"using":"xpath","value":"//button[@aria-label=\"Create\"]"}
COMMAND: POST /session/6c63433432e656fe102e41a405bf48f6/elements - {"using":"xpath","value":"//button[@aria-label=\"Create\"]"}
RESULT: {"using":"xpath","value":"//button[@aria-label=\"Create\"]"}
COMMAND: POST /session/6c63433432e656fe102e41a405bf48f6/elements - {"using":"xpath","value":"//button[@aria-label=\"Create\"]"}
RESULT: {"using":"xpath","value":"//button[@aria-label=\"Create\"]"}
COMMAND: POST /session/6c63433432e656fe102e41a405bf48f6/element - {"using":"xpath","value":"//button[@aria-label=\"Create\"]"}
RESULT: {"using":"xpath","value":"//button[@aria-label=\"Create\"]"}
COMMAND: POST /session/6c63433432e656fe102e41a405bf48f6/execute/sync - {"script":"<script> [8489 bytes]","args":[{"element-6066-11e4-a52e-4f735466cecf":"f.D105F16D3864A3F2742A47C77377899E.d.B483CC146B7F42F8773CF569231DC4D5.e.6384","ELEMENT":"f.D105F16D3864A3F2742A47C77377899E.d.B483CC146B7F42F8773CF569231DC4D5.e.6384"}]}
RESULT: {"script":"<script> [8489 bytes]","args":[{"element-6066-11e4-a52e-4f735466cecf":"f.D105F16D3864A3F2742A47C77377899E.d.B483CC146B7F42F8773CF569231DC4D5.e.6384","ELEMENT":"f.D105F16D3864A3F2742A47C77377899E.d.B483CC146B7F42F8773CF569231DC4D5.e.6384"}]}
COMMAND: GET /session/6c63433432e656fe102e41a405bf48f6/element/f.D105F16D3864A3F2742A47C77377899E.d.B483CC146B7F42F8773CF569231DC4D5.e.6384/enabled - {}
COMMAND: GET /session/6c63433432e656fe102e41a405bf48f6/screenshot - {}
RESULT: {}
COMMAND: POST /session/6c63433432e656fe102e41a405bf48f6/execute/sync - {"script":"<script> [8489 bytes]","args":[{"element-6066-11e4-a52e-4f735466cecf":"f.D105F16D3864A3F2742A47C77377899E.d.B483CC146B7F42F8773CF569231DC4D5.e.6384","ELEMENT":"f.D105F16D3864A3F2742A47C77377899E.d.B483CC146B7F42F8773CF569231DC4D5.e.6384"}]}
COMMAND: GET /session/6c63433432e656fe102e41a405bf48f6/screenshot - {}
RESULT: {}
RESULT: {"script":"<script> [8489 bytes]","args":[{"element-6066-11e4-a52e-4f735466cecf":"f.D105F16D3864A3F2742A47C77377899E.d.B483CC146B7F42F8773CF569231DC4D5.e.6384","ELEMENT":"f.D105F16D3864A3F2742A47C77377899E.d.B483CC146B7F42F8773CF569231DC4D5.e.6384"}]}
COMMAND: POST /session/6c63433432e656fe102e41a405bf48f6/execute/sync - {"script":"<script> [5351 bytes]","args":[{"element-6066-11e4-a52e-4f735466cecf":"f.D105F16D3864A3F2742A47C77377899E.d.B483CC146B7F42F8773CF569231DC4D5.e.6384","ELEMENT":"f.D105F16D3864A3F2742A47C77377899E.d.B483CC146B7F42F8773CF569231DC4D5.e.6384"}]}
COMMAND: GET /session/6c63433432e656fe102e41a405bf48f6/screenshot - {}
RESULT: {}
RESULT: {"script":"<script> [5351 bytes]","args":[{"element-6066-11e4-a52e-4f735466cecf":"f.D105F16D3864A3F2742A47C77377899E.d.B483CC146B7F42F8773CF569231DC4D5.e.6384","ELEMENT":"f.D105F16D3864A3F2742A47C77377899E.d.B483CC146B7F42F8773CF569231DC4D5.e.6384"}]}
COMMAND: POST /session/6c63433432e656fe102e41a405bf48f6/element/f.D105F16D3864A3F2742A47C77377899E.d.B483CC146B7F42F8773CF569231DC4D5.e.6384/click - {}
COMMAND: GET /session/6c63433432e656fe102e41a405bf48f6/screenshot - {}
RESULT: {}
RESULT: {}
COMMAND: GET /session/6c63433432e656fe102e41a405bf48f6/screenshot - {}
RESULT: {}
RESULT: {}
COMMAND: POST /session/6c63433432e656fe102e41a405bf48f6/actions - {"actions":[{"id":"action21","type":"key","parameters":{},"actions":[{"type":"keyDown","value":"î€‡"},{"type":"pause","duration":10},{"type":"keyUp","value":"î€‡"}]}]}
RESULT: {"actions":[{"id":"action21","type":"key","parameters":{},"actions":[{"type":"keyDown","value":"î€‡"},{"type":"pause","duration":10},{"type":"keyUp","value":"î€‡"}]}]}
COMMAND: GET /session/6c63433432e656fe102e41a405bf48f6/screenshot - {}
RESULT: {}
COMMAND: POST /session/6c63433432e656fe102e41a405bf48f6/execute/async - {"script":"<script> [1562 bytes]","args":[{"selector":{"id":"application-manageconditionprice-display-component---newCondition--condBillCond-arrow"},"wdio_ui5_key":"applicationmanageconditionprice-display-component---newCondition--condBillCond-arrow"}]}
RESULT: {"script":"<script> [1562 bytes]","args":[{"selector":{"id":"application-manageconditionprice-display-component---newCondition--condBillCond-arrow"},"wdio_ui5_key":"applicationmanageconditionprice-display-component---newCondition--condBillCond-arrow"}]}
RESULT: undefined
COMMAND: POST /session/6c63433432e656fe102e41a405bf48f6/element - {"using":"xpath","value":"//*[@id=\"application-manageconditionprice-display-component---newCondition--condBillCond-arrow\"]"}
RESULT: {"using":"xpath","value":"//*[@id=\"application-manageconditionprice-display-component---newCondition--condBillCond-arrow\"]"}
COMMAND: POST /session/6c63433432e656fe102e41a405bf48f6/element/f.D105F16D3864A3F2742A47C77377899E.d.B483CC146B7F42F8773CF569231DC4D5.e.6563/click - {}
RESULT: {}
COMMAND: GET /session/6c63433432e656fe102e41a405bf48f6/screenshot - {}
RESULT: {}
COMMAND: POST /session/6c63433432e656fe102e41a405bf48f6/element - {"using":"xpath","value":"//li[.//span[contains(text(), \"SAPR - Sales price\")]]"}
RESULT: {"using":"xpath","value":"//li[.//span[contains(text(), \"SAPR - Sales price\")]]"}
COMMAND: POST /session/6c63433432e656fe102e41a405bf48f6/element/f.D105F16D3864A3F2742A47C77377899E.d.B483CC146B7F42F8773CF569231DC4D5.e.6566/click - {}
RESULT: {}
COMMAND: GET /session/6c63433432e656fe102e41a405bf48f6/screenshot - {}
RESULT: {}
COMMAND: POST /session/6c63433432e656fe102e41a405bf48f6/execute/async - {"script":"<script> [1562 bytes]","args":[{"selector":{"id":"application-manageconditionprice-display-component---newCondition--condValidTo","interaction":{"idSuffix":"inner"}},"wdio_ui5_key":"applicationmanageconditionprice-display-component---newCondition--condValidTo"}]}
RESULT: {"script":"<script> [1562 bytes]","args":[{"selector":{"id":"application-manageconditionprice-display-component---newCondition--condValidTo","interaction":{"idSuffix":"inner"}},"wdio_ui5_key":"applicationmanageconditionprice-display-component---newCondition--condValidTo"}]}
RESULT: undefined
COMMAND: POST /session/6c63433432e656fe102e41a405bf48f6/execute/async - {"script":"<script> [776 bytes]","args":[{"enterText":"01/04/26","selector":{"id":"application-manageconditionprice-display-component---newCondition--condValidTo","interaction":{"idSuffix":"inner"}},"clearTextFirst":true,"interactionType":"ENTER_TEXT"}]}
RESULT: {"script":"<script> [776 bytes]","args":[{"enterText":"01/04/26","selector":{"id":"application-manageconditionprice-display-component---newCondition--condValidTo","interaction":{"idSuffix":"inner"}},"clearTextFirst":true,"interactionType":"ENTER_TEXT"}]}
COMMAND: POST /session/6c63433432e656fe102e41a405bf48f6/element - {"using":"xpath","value":"//input[@id=\"application-manageconditionprice-display-component---newCondition--condRU-inner\"]"}
RESULT: {"using":"xpath","value":"//input[@id=\"application-manageconditionprice-display-component---newCondition--condRU-inner\"]"}
COMMAND: POST /session/6c63433432e656fe102e41a405bf48f6/element/f.D105F16D3864A3F2742A47C77377899E.d.B483CC146B7F42F8773CF569231DC4D5.e.6427/clear - {}
RESULT: {}
COMMAND: POST /session/6c63433432e656fe102e41a405bf48f6/element/f.D105F16D3864A3F2742A47C77377899E.d.B483CC146B7F42F8773CF569231DC4D5.e.6427/value - {"text":"DtYVYMnqrN"}
COMMAND: GET /session/6c63433432e656fe102e41a405bf48f6/screenshot - {}
RESULT: {"text":"DtYVYMnqrN"}
COMMAND: GET /session/6c63433432e656fe102e41a405bf48f6/screenshot - {}
RESULT: {}
RESULT: {}
COMMAND: POST /session/6c63433432e656fe102e41a405bf48f6/actions - {"actions":[{"id":"action22","type":"key","parameters":{},"actions":[{"type":"keyDown","value":"î€‡"},{"type":"pause","duration":10},{"type":"keyUp","value":"î€‡"}]}]}
RESULT: {"actions":[{"id":"action22","type":"key","parameters":{},"actions":[{"type":"keyDown","value":"î€‡"},{"type":"pause","duration":10},{"type":"keyUp","value":"î€‡"}]}]}
COMMAND: POST /session/6c63433432e656fe102e41a405bf48f6/execute/async - {"script":"<script> [1562 bytes]","args":[{"selector":{"id":"application-manageconditionprice-display-component---newCondition--condBaseQty","interaction":{"idSuffix":"inner"}},"wdio_ui5_key":"applicationmanageconditionprice-display-component---newCondition--condBaseQty"}]}
COMMAND: GET /session/6c63433432e656fe102e41a405bf48f6/screenshot - {}
RESULT: {"script":"<script> [1562 bytes]","args":[{"selector":{"id":"application-manageconditionprice-display-component---newCondition--condBaseQty","interaction":{"idSuffix":"inner"}},"wdio_ui5_key":"applicationmanageconditionprice-display-component---newCondition--condBaseQty"}]}
RESULT: undefined
COMMAND: POST /session/6c63433432e656fe102e41a405bf48f6/execute/async - {"script":"<script> [776 bytes]","args":[{"enterText":"1","selector":{"id":"application-manageconditionprice-display-component---newCondition--condBaseQty","interaction":{"idSuffix":"inner"}},"clearTextFirst":true,"interactionType":"ENTER_TEXT"}]}
RESULT: {}
RESULT: {"script":"<script> [776 bytes]","args":[{"enterText":"1","selector":{"id":"application-manageconditionprice-display-component---newCondition--condBaseQty","interaction":{"idSuffix":"inner"}},"clearTextFirst":true,"interactionType":"ENTER_TEXT"}]}
COMMAND: POST /session/6c63433432e656fe102e41a405bf48f6/execute/async - {"script":"<script> [1562 bytes]","args":[{"selector":{"id":"application-manageconditionprice-display-component---newCondition--condValue","interaction":{"idSuffix":"inner"}},"wdio_ui5_key":"applicationmanageconditionprice-display-component---newCondition--condValue"}]}
RESULT: {"script":"<script> [1562 bytes]","args":[{"selector":{"id":"application-manageconditionprice-display-component---newCondition--condValue","interaction":{"idSuffix":"inner"}},"wdio_ui5_key":"applicationmanageconditionprice-display-component---newCondition--condValue"}]}
RESULT: undefined
COMMAND: POST /session/6c63433432e656fe102e41a405bf48f6/execute/async - {"script":"<script> [776 bytes]","args":[{"enterText":"200","selector":{"id":"application-manageconditionprice-display-component---newCondition--condValue","interaction":{"idSuffix":"inner"}},"clearTextFirst":true,"interactionType":"ENTER_TEXT"}]}
RESULT: {"script":"<script> [776 bytes]","args":[{"enterText":"200","selector":{"id":"application-manageconditionprice-display-component---newCondition--condValue","interaction":{"idSuffix":"inner"}},"clearTextFirst":true,"interactionType":"ENTER_TEXT"}]}
COMMAND: POST /session/6c63433432e656fe102e41a405bf48f6/execute/async - {"script":"<script> [1562 bytes]","args":[{"selector":{"id":"application-manageconditionprice-display-component---newCondition--condCurr-arrow"},"wdio_ui5_key":"applicationmanageconditionprice-display-component---newCondition--condCurr-arrow"}]}
RESULT: {"script":"<script> [1562 bytes]","args":[{"selector":{"id":"application-manageconditionprice-display-component---newCondition--condCurr-arrow"},"wdio_ui5_key":"applicationmanageconditionprice-display-component---newCondition--condCurr-arrow"}]}
RESULT: undefined
COMMAND: POST /session/6c63433432e656fe102e41a405bf48f6/element - {"using":"xpath","value":"//*[@id=\"application-manageconditionprice-display-component---newCondition--condCurr-arrow\"]"}
RESULT: {"using":"xpath","value":"//*[@id=\"application-manageconditionprice-display-component---newCondition--condCurr-arrow\"]"}
COMMAND: POST /session/6c63433432e656fe102e41a405bf48f6/element/f.D105F16D3864A3F2742A47C77377899E.d.B483CC146B7F42F8773CF569231DC4D5.e.6543/click - {}
RESULT: {}
COMMAND: POST /session/6c63433432e656fe102e41a405bf48f6/element - {"using":"xpath","value":"//span[contains(text(), \"Euro\")]"}
COMMAND: GET /session/6c63433432e656fe102e41a405bf48f6/screenshot - {}
RESULT: {"using":"xpath","value":"//span[contains(text(), \"Euro\")]"}
COMMAND: POST /session/6c63433432e656fe102e41a405bf48f6/element/f.D105F16D3864A3F2742A47C77377899E.d.B483CC146B7F42F8773CF569231DC4D5.e.6604/click - {}
RESULT: {}
RESULT: {}
COMMAND: POST /session/6c63433432e656fe102e41a405bf48f6/element - {"using":"xpath","value":"//button[@data-kt=\"saveButton\"]"}
COMMAND: GET /session/6c63433432e656fe102e41a405bf48f6/screenshot - {}
RESULT: {"using":"xpath","value":"//button[@data-kt=\"saveButton\"]"}
COMMAND: POST /session/6c63433432e656fe102e41a405bf48f6/element/f.D105F16D3864A3F2742A47C77377899E.d.B483CC146B7F42F8773CF569231DC4D5.e.6544/click - {}
RESULT: {}
RESULT: {}
COMMAND: GET /session/6c63433432e656fe102e41a405bf48f6/screenshot - {}
RESULT: {}
COMMAND: POST /session/6c63433432e656fe102e41a405bf48f6/execute/async - {"script":"<script> [1562 bytes]","args":[{"selector":{"id":"application-manageconditionprice-display-component---conditions--smartFilterBar-btnBasicSearch","interaction":{"idSuffix":"I"}},"wdio_ui5_key":"applicationmanageconditionprice-display-component---conditions--smartFilterBar-btnBasicSearch"}]}
RESULT: {"script":"<script> [1562 bytes]","args":[{"selector":{"id":"application-manageconditionprice-display-component---conditions--smartFilterBar-btnBasicSearch","interaction":{"idSuffix":"I"}},"wdio_ui5_key":"applicationmanageconditionprice-display-component---conditions--smartFilterBar-btnBasicSearch"}]}
RESULT: undefined
COMMAND: POST /session/6c63433432e656fe102e41a405bf48f6/execute/async - {"script":"<script> [776 bytes]","args":[{"enterText":"DtYVYMnqrN","selector":{"id":"application-manageconditionprice-display-component---conditions--smartFilterBar-btnBasicSearch","interaction":{"idSuffix":"I"}},"clearTextFirst":true,"interactionType":"ENTER_TEXT"}]}
RESULT: {"script":"<script> [776 bytes]","args":[{"enterText":"DtYVYMnqrN","selector":{"id":"application-manageconditionprice-display-component---conditions--smartFilterBar-btnBasicSearch","interaction":{"idSuffix":"I"}},"clearTextFirst":true,"interactionType":"ENTER_TEXT"}]}
COMMAND: POST /session/6c63433432e656fe102e41a405bf48f6/actions - {"actions":[{"id":"action23","type":"key","parameters":{},"actions":[{"type":"keyDown","value":"î€‡"},{"type":"pause","duration":10},{"type":"keyUp","value":"î€‡"}]}]}
RESULT: {"actions":[{"id":"action23","type":"key","parameters":{},"actions":[{"type":"keyDown","value":"î€‡"},{"type":"pause","duration":10},{"type":"keyUp","value":"î€‡"}]}]}
COMMAND: GET /session/6c63433432e656fe102e41a405bf48f6/screenshot - {}
RESULT: {}
COMMAND: POST /session/6c63433432e656fe102e41a405bf48f6/execute/async - {"script":"<script> [1562 bytes]","args":[{"selector":{"id":"application-manageconditionprice-display-component---conditions--smartFilterBar-filterItemControl_BASIC-BILL_TYPES-vhi"},"wdio_ui5_key":"applicationmanageconditionprice-display-component---conditions--smartFilterBar-filterItemControl_BASIC-BILL_TYPES-vhi"}]}
RESULT: {"script":"<script> [1562 bytes]","args":[{"selector":{"id":"application-manageconditionprice-display-component---conditions--smartFilterBar-filterItemControl_BASIC-BILL_TYPES-vhi"},"wdio_ui5_key":"applicationmanageconditionprice-display-component---conditions--smartFilterBar-filterItemControl_BASIC-BILL_TYPES-vhi"}]}
RESULT: undefined
COMMAND: POST /session/6c63433432e656fe102e41a405bf48f6/element - {"using":"xpath","value":"//*[@id=\"application-manageconditionprice-display-component---conditions--smartFilterBar-filterItemControl_BASIC-BILL_TYPES-vhi\"]"}
RESULT: {"using":"xpath","value":"//*[@id=\"application-manageconditionprice-display-component---conditions--smartFilterBar-filterItemControl_BASIC-BILL_TYPES-vhi\"]"}
COMMAND: POST /session/6c63433432e656fe102e41a405bf48f6/element/f.D105F16D3864A3F2742A47C77377899E.d.B483CC146B7F42F8773CF569231DC4D5.e.6620/click - {}
RESULT: {}
COMMAND: POST /session/6c63433432e656fe102e41a405bf48f6/execute/async - {"script":"<script> [1562 bytes]","args":[{"selector":{"id":"application-manageconditionprice-display-component---conditions--smartFilterBar-filterItemControl_BASIC-BILL_TYPES-valueHelpDialog-smartFilterBar-btnBasicSearch","searchOpenDialogs":true,"interaction":{"idSuffix":"I"}},"wdio_ui5_key":"applicationmanageconditionprice-display-component---conditions--smartFilterBar-filterItemControl_BASIC-BILL_TYPES-valueHelpDialog-smartFilterBar-btnBasicSearch"}]}
COMMAND: GET /session/6c63433432e656fe102e41a405bf48f6/screenshot - {}
RESULT: {"script":"<script> [1562 bytes]","args":[{"selector":{"id":"application-manageconditionprice-display-component---conditions--smartFilterBar-filterItemControl_BASIC-BILL_TYPES-valueHelpDialog-smartFilterBar-btnBasicSearch","searchOpenDialogs":true,"interaction":{"idSuffix":"I"}},"wdio_ui5_key":"applicationmanageconditionprice-display-component---conditions--smartFilterBar-filterItemControl_BASIC-BILL_TYPES-valueHelpDialog-smartFilterBar-btnBasicSearch"}]}
RESULT: undefined
COMMAND: POST /session/6c63433432e656fe102e41a405bf48f6/execute/async - {"script":"<script> [776 bytes]","args":[{"enterText":"one","selector":{"id":"application-manageconditionprice-display-component---conditions--smartFilterBar-filterItemControl_BASIC-BILL_TYPES-valueHelpDialog-smartFilterBar-btnBasicSearch","searchOpenDialogs":true,"interaction":{"idSuffix":"I"}},"clearTextFirst":true,"interactionType":"ENTER_TEXT"}]}
RESULT: {}
RESULT: {"script":"<script> [776 bytes]","args":[{"enterText":"one","selector":{"id":"application-manageconditionprice-display-component---conditions--smartFilterBar-filterItemControl_BASIC-BILL_TYPES-valueHelpDialog-smartFilterBar-btnBasicSearch","searchOpenDialogs":true,"interaction":{"idSuffix":"I"}},"clearTextFirst":true,"interactionType":"ENTER_TEXT"}]}
COMMAND: POST /session/6c63433432e656fe102e41a405bf48f6/actions - {"actions":[{"id":"action24","type":"key","parameters":{},"actions":[{"type":"keyDown","value":"î€‡"},{"type":"pause","duration":10},{"type":"keyUp","value":"î€‡"}]}]}
RESULT: {"actions":[{"id":"action24","type":"key","parameters":{},"actions":[{"type":"keyDown","value":"î€‡"},{"type":"pause","duration":10},{"type":"keyUp","value":"î€‡"}]}]}
COMMAND: GET /session/6c63433432e656fe102e41a405bf48f6/screenshot - {}
RESULT: {}
COMMAND: POST /session/6c63433432e656fe102e41a405bf48f6/element - {"using":"xpath","value":"//div[contains(@id, 'application-manageconditionprice-display-component---conditions--smartFilterBar-filterItemControl_BASIC-BILL_TYPES-valueHelpDialog-table-rowsel0')]"}
RESULT: {"using":"xpath","value":"//div[contains(@id, 'application-manageconditionprice-display-component---conditions--smartFilterBar-filterItemControl_BASIC-BILL_TYPES-valueHelpDialog-table-rowsel0')]"}
COMMAND: POST /session/6c63433432e656fe102e41a405bf48f6/element/f.D105F16D3864A3F2742A47C77377899E.d.B483CC146B7F42F8773CF569231DC4D5.e.6628/click - {}
RESULT: {}
COMMAND: GET /session/6c63433432e656fe102e41a405bf48f6/screenshot - {}
RESULT: {}
COMMAND: POST /session/6c63433432e656fe102e41a405bf48f6/element - {"using":"xpath","value":"//bdi[contains(text(), \"OK\")]"}
RESULT: {"using":"xpath","value":"//bdi[contains(text(), \"OK\")]"}
COMMAND: POST /session/6c63433432e656fe102e41a405bf48f6/element/f.D105F16D3864A3F2742A47C77377899E.d.B483CC146B7F42F8773CF569231DC4D5.e.6630/click - {}
RESULT: {}
COMMAND: GET /session/6c63433432e656fe102e41a405bf48f6/screenshot - {}
RESULT: {}
COMMAND: POST /session/6c63433432e656fe102e41a405bf48f6/element - {"using":"xpath","value":"//span[@id=\"application-manageconditionprice-display-component---conditions--smartTable-header-inner\"]"}
RESULT: {"using":"xpath","value":"//span[@id=\"application-manageconditionprice-display-component---conditions--smartTable-header-inner\"]"}
COMMAND: POST /session/6c63433432e656fe102e41a405bf48f6/elements - {"using":"xpath","value":"//span[@id=\"application-manageconditionprice-display-component---conditions--smartTable-header-inner\"]"}
RESULT: {"using":"xpath","value":"//span[@id=\"application-manageconditionprice-display-component---conditions--smartTable-header-inner\"]"}
COMMAND: POST /session/6c63433432e656fe102e41a405bf48f6/execute/sync - {"script":"<script> [56 bytes]","args":[{"element-6066-11e4-a52e-4f735466cecf":"f.D105F16D3864A3F2742A47C77377899E.d.B483CC146B7F42F8773CF569231DC4D5.e.6633","ELEMENT":"f.D105F16D3864A3F2742A47C77377899E.d.B483CC146B7F42F8773CF569231DC4D5.e.6633"}]}
RESULT: {"script":"<script> [56 bytes]","args":[{"element-6066-11e4-a52e-4f735466cecf":"f.D105F16D3864A3F2742A47C77377899E.d.B483CC146B7F42F8773CF569231DC4D5.e.6633","ELEMENT":"f.D105F16D3864A3F2742A47C77377899E.d.B483CC146B7F42F8773CF569231DC4D5.e.6633"}]}
COMMAND: POST /session/6c63433432e656fe102e41a405bf48f6/element - {"using":"css selector","value":"#shell-header-logo"}
COMMAND: GET /session/6c63433432e656fe102e41a405bf48f6/screenshot - {}
RESULT: {"using":"css selector","value":"#shell-header-logo"}
COMMAND: POST /session/6c63433432e656fe102e41a405bf48f6/element/f.D105F16D3864A3F2742A47C77377899E.d.B483CC146B7F42F8773CF569231DC4D5.e.6352/click - {}
RESULT: {}
RESULT: {}
COMMAND: GET /session/6c63433432e656fe102e41a405bf48f6/screenshot - {}
RESULT: {}
]]></system-out>
    </testcase>
    <testcase classname="chrome.135_0_7049_96.windows.Create_master_data_for_mixed_billing_&amp;_do_billing_calculation_US151661" name="Should add performance based condition" time="60.829">
      <system-out><![CDATA[
RESULT: undefined
COMMAND: POST /session/6c63433432e656fe102e41a405bf48f6/element - {"using":"xpath","value":"//*[@id=\"__tile53-title\"]"}
RESULT: {"using":"xpath","value":"//*[@id=\"__tile53-title\"]"}
COMMAND: POST /session/6c63433432e656fe102e41a405bf48f6/element/f.D105F16D3864A3F2742A47C77377899E.d.B483CC146B7F42F8773CF569231DC4D5.e.6350/click - {}
RESULT: {}
COMMAND: POST /session/6c63433432e656fe102e41a405bf48f6/element - {"using":"xpath","value":"//button[@aria-label=\"Create\"]"}
COMMAND: GET /session/6c63433432e656fe102e41a405bf48f6/screenshot - {}
RESULT: {"using":"xpath","value":"//button[@aria-label=\"Create\"]"}
COMMAND: POST /session/6c63433432e656fe102e41a405bf48f6/elements - {"using":"xpath","value":"//button[@aria-label=\"Create\"]"}
RESULT: {}
RESULT: {"using":"xpath","value":"//button[@aria-label=\"Create\"]"}
COMMAND: POST /session/6c63433432e656fe102e41a405bf48f6/element - {"using":"xpath","value":"//button[@aria-label=\"Create\"]"}
RESULT: {"using":"xpath","value":"//button[@aria-label=\"Create\"]"}
COMMAND: POST /session/6c63433432e656fe102e41a405bf48f6/execute/sync - {"script":"<script> [8489 bytes]","args":[{"element-6066-11e4-a52e-4f735466cecf":"f.D105F16D3864A3F2742A47C77377899E.d.B483CC146B7F42F8773CF569231DC4D5.e.6683","ELEMENT":"f.D105F16D3864A3F2742A47C77377899E.d.B483CC146B7F42F8773CF569231DC4D5.e.6683"}]}
RESULT: {"script":"<script> [8489 bytes]","args":[{"element-6066-11e4-a52e-4f735466cecf":"f.D105F16D3864A3F2742A47C77377899E.d.B483CC146B7F42F8773CF569231DC4D5.e.6683","ELEMENT":"f.D105F16D3864A3F2742A47C77377899E.d.B483CC146B7F42F8773CF569231DC4D5.e.6683"}]}
COMMAND: GET /session/6c63433432e656fe102e41a405bf48f6/element/f.D105F16D3864A3F2742A47C77377899E.d.B483CC146B7F42F8773CF569231DC4D5.e.6683/enabled - {}
COMMAND: GET /session/6c63433432e656fe102e41a405bf48f6/screenshot - {}
RESULT: {}
COMMAND: POST /session/6c63433432e656fe102e41a405bf48f6/execute/sync - {"script":"<script> [8489 bytes]","args":[{"element-6066-11e4-a52e-4f735466cecf":"f.D105F16D3864A3F2742A47C77377899E.d.B483CC146B7F42F8773CF569231DC4D5.e.6683","ELEMENT":"f.D105F16D3864A3F2742A47C77377899E.d.B483CC146B7F42F8773CF569231DC4D5.e.6683"}]}
COMMAND: GET /session/6c63433432e656fe102e41a405bf48f6/screenshot - {}
RESULT: {}
RESULT: {"script":"<script> [8489 bytes]","args":[{"element-6066-11e4-a52e-4f735466cecf":"f.D105F16D3864A3F2742A47C77377899E.d.B483CC146B7F42F8773CF569231DC4D5.e.6683","ELEMENT":"f.D105F16D3864A3F2742A47C77377899E.d.B483CC146B7F42F8773CF569231DC4D5.e.6683"}]}
COMMAND: POST /session/6c63433432e656fe102e41a405bf48f6/execute/sync - {"script":"<script> [5351 bytes]","args":[{"element-6066-11e4-a52e-4f735466cecf":"f.D105F16D3864A3F2742A47C77377899E.d.B483CC146B7F42F8773CF569231DC4D5.e.6683","ELEMENT":"f.D105F16D3864A3F2742A47C77377899E.d.B483CC146B7F42F8773CF569231DC4D5.e.6683"}]}
COMMAND: GET /session/6c63433432e656fe102e41a405bf48f6/screenshot - {}
RESULT: {}
RESULT: {"script":"<script> [5351 bytes]","args":[{"element-6066-11e4-a52e-4f735466cecf":"f.D105F16D3864A3F2742A47C77377899E.d.B483CC146B7F42F8773CF569231DC4D5.e.6683","ELEMENT":"f.D105F16D3864A3F2742A47C77377899E.d.B483CC146B7F42F8773CF569231DC4D5.e.6683"}]}
COMMAND: POST /session/6c63433432e656fe102e41a405bf48f6/element/f.D105F16D3864A3F2742A47C77377899E.d.B483CC146B7F42F8773CF569231DC4D5.e.6683/click - {}
COMMAND: GET /session/6c63433432e656fe102e41a405bf48f6/screenshot - {}
RESULT: {}
RESULT: {}
COMMAND: GET /session/6c63433432e656fe102e41a405bf48f6/screenshot - {}
RESULT: {}
RESULT: {}
COMMAND: POST /session/6c63433432e656fe102e41a405bf48f6/actions - {"actions":[{"id":"action25","type":"key","parameters":{},"actions":[{"type":"keyDown","value":"î€‡"},{"type":"pause","duration":10},{"type":"keyUp","value":"î€‡"}]}]}
RESULT: {"actions":[{"id":"action25","type":"key","parameters":{},"actions":[{"type":"keyDown","value":"î€‡"},{"type":"pause","duration":10},{"type":"keyUp","value":"î€‡"}]}]}
COMMAND: GET /session/6c63433432e656fe102e41a405bf48f6/screenshot - {}
RESULT: undefined
COMMAND: POST /session/6c63433432e656fe102e41a405bf48f6/element - {"using":"xpath","value":"//*[@id=\"application-manageconditionprice-display-component---newCondition--condBillCond-arrow\"]"}
RESULT: {}
RESULT: {"using":"xpath","value":"//*[@id=\"application-manageconditionprice-display-component---newCondition--condBillCond-arrow\"]"}
COMMAND: POST /session/6c63433432e656fe102e41a405bf48f6/element/f.D105F16D3864A3F2742A47C77377899E.d.B483CC146B7F42F8773CF569231DC4D5.e.7518/click - {}
RESULT: {}
COMMAND: GET /session/6c63433432e656fe102e41a405bf48f6/screenshot - {}
RESULT: {}
COMMAND: POST /session/6c63433432e656fe102e41a405bf48f6/element - {"using":"xpath","value":"//li[.//span[contains(text(), \"PC06 - Performance Price - fuel\")]]"}
RESULT: {"using":"xpath","value":"//li[.//span[contains(text(), \"PC06 - Performance Price - fuel\")]]"}
COMMAND: POST /session/6c63433432e656fe102e41a405bf48f6/element/f.D105F16D3864A3F2742A47C77377899E.d.B483CC146B7F42F8773CF569231DC4D5.e.7521/click - {}
RESULT: {}
COMMAND: GET /session/6c63433432e656fe102e41a405bf48f6/screenshot - {}
RESULT: {}
RESULT: undefined
COMMAND: POST /session/6c63433432e656fe102e41a405bf48f6/execute/async - {"script":"<script> [776 bytes]","args":[{"enterText":"01/04/26","selector":{"id":"application-manageconditionprice-display-component---newCondition--condValidTo","interaction":{"idSuffix":"inner"}},"clearTextFirst":true,"interactionType":"ENTER_TEXT"}]}
RESULT: {"script":"<script> [776 bytes]","args":[{"enterText":"01/04/26","selector":{"id":"application-manageconditionprice-display-component---newCondition--condValidTo","interaction":{"idSuffix":"inner"}},"clearTextFirst":true,"interactionType":"ENTER_TEXT"}]}
COMMAND: POST /session/6c63433432e656fe102e41a405bf48f6/element - {"using":"xpath","value":"//input[@id=\"application-manageconditionprice-display-component---newCondition--condRU-inner\"]"}
RESULT: {"using":"xpath","value":"//input[@id=\"application-manageconditionprice-display-component---newCondition--condRU-inner\"]"}
COMMAND: POST /session/6c63433432e656fe102e41a405bf48f6/element/f.D105F16D3864A3F2742A47C77377899E.d.B483CC146B7F42F8773CF569231DC4D5.e.7238/clear - {}
RESULT: {}
COMMAND: POST /session/6c63433432e656fe102e41a405bf48f6/element/f.D105F16D3864A3F2742A47C77377899E.d.B483CC146B7F42F8773CF569231DC4D5.e.7238/value - {"text":"DtYVYMnqrN"}
COMMAND: GET /session/6c63433432e656fe102e41a405bf48f6/screenshot - {}
RESULT: {"text":"DtYVYMnqrN"}
COMMAND: GET /session/6c63433432e656fe102e41a405bf48f6/screenshot - {}
RESULT: {}
RESULT: {}
COMMAND: POST /session/6c63433432e656fe102e41a405bf48f6/actions - {"actions":[{"id":"action26","type":"key","parameters":{},"actions":[{"type":"keyDown","value":"î€‡"},{"type":"pause","duration":10},{"type":"keyUp","value":"î€‡"}]}]}
RESULT: {"actions":[{"id":"action26","type":"key","parameters":{},"actions":[{"type":"keyDown","value":"î€‡"},{"type":"pause","duration":10},{"type":"keyUp","value":"î€‡"}]}]}
RESULT: undefined
COMMAND: POST /session/6c63433432e656fe102e41a405bf48f6/execute/async - {"script":"<script> [776 bytes]","args":[{"enterText":"1","selector":{"id":"application-manageconditionprice-display-component---newCondition--condBaseQty","interaction":{"idSuffix":"inner"}},"clearTextFirst":true,"interactionType":"ENTER_TEXT"}]}
COMMAND: GET /session/6c63433432e656fe102e41a405bf48f6/screenshot - {}
RESULT: {"script":"<script> [776 bytes]","args":[{"enterText":"1","selector":{"id":"application-manageconditionprice-display-component---newCondition--condBaseQty","interaction":{"idSuffix":"inner"}},"clearTextFirst":true,"interactionType":"ENTER_TEXT"}]}
RESULT: undefined
COMMAND: POST /session/6c63433432e656fe102e41a405bf48f6/execute/async - {"script":"<script> [776 bytes]","args":[{"enterText":"10","selector":{"id":"application-manageconditionprice-display-component---newCondition--condValue","interaction":{"idSuffix":"inner"}},"clearTextFirst":true,"interactionType":"ENTER_TEXT"}]}
RESULT: {}
RESULT: {"script":"<script> [776 bytes]","args":[{"enterText":"10","selector":{"id":"application-manageconditionprice-display-component---newCondition--condValue","interaction":{"idSuffix":"inner"}},"clearTextFirst":true,"interactionType":"ENTER_TEXT"}]}
RESULT: undefined
COMMAND: POST /session/6c63433432e656fe102e41a405bf48f6/element - {"using":"xpath","value":"//*[@id=\"application-manageconditionprice-display-component---newCondition--condCurr-arrow\"]"}
RESULT: {"using":"xpath","value":"//*[@id=\"application-manageconditionprice-display-component---newCondition--condCurr-arrow\"]"}
COMMAND: POST /session/6c63433432e656fe102e41a405bf48f6/element/f.D105F16D3864A3F2742A47C77377899E.d.B483CC146B7F42F8773CF569231DC4D5.e.7459/click - {}
RESULT: {}
COMMAND: POST /session/6c63433432e656fe102e41a405bf48f6/element - {"using":"xpath","value":"//span[contains(text(), \"Euro\")]"}
COMMAND: GET /session/6c63433432e656fe102e41a405bf48f6/screenshot - {}
RESULT: {"using":"xpath","value":"//span[contains(text(), \"Euro\")]"}
COMMAND: POST /session/6c63433432e656fe102e41a405bf48f6/element/f.D105F16D3864A3F2742A47C77377899E.d.B483CC146B7F42F8773CF569231DC4D5.e.7555/click - {}
RESULT: {}
RESULT: {}
COMMAND: POST /session/6c63433432e656fe102e41a405bf48f6/element - {"using":"xpath","value":"//button[@data-kt=\"saveButton\"]"}
COMMAND: GET /session/6c63433432e656fe102e41a405bf48f6/screenshot - {}
RESULT: {"using":"xpath","value":"//button[@data-kt=\"saveButton\"]"}
COMMAND: POST /session/6c63433432e656fe102e41a405bf48f6/element/f.D105F16D3864A3F2742A47C77377899E.d.B483CC146B7F42F8773CF569231DC4D5.e.7460/click - {}
RESULT: {}
RESULT: {}
COMMAND: GET /session/6c63433432e656fe102e41a405bf48f6/screenshot - {}
RESULT: {}
RESULT: undefined
COMMAND: POST /session/6c63433432e656fe102e41a405bf48f6/execute/async - {"script":"<script> [776 bytes]","args":[{"enterText":"DtYVYMnqrN","selector":{"id":"application-manageconditionprice-display-component---conditions--smartFilterBar-btnBasicSearch","interaction":{"idSuffix":"I"}},"clearTextFirst":true,"interactionType":"ENTER_TEXT"}]}
RESULT: {"script":"<script> [776 bytes]","args":[{"enterText":"DtYVYMnqrN","selector":{"id":"application-manageconditionprice-display-component---conditions--smartFilterBar-btnBasicSearch","interaction":{"idSuffix":"I"}},"clearTextFirst":true,"interactionType":"ENTER_TEXT"}]}
COMMAND: POST /session/6c63433432e656fe102e41a405bf48f6/actions - {"actions":[{"id":"action27","type":"key","parameters":{},"actions":[{"type":"keyDown","value":"î€‡"},{"type":"pause","duration":10},{"type":"keyUp","value":"î€‡"}]}]}
RESULT: {"actions":[{"id":"action27","type":"key","parameters":{},"actions":[{"type":"keyDown","value":"î€‡"},{"type":"pause","duration":10},{"type":"keyUp","value":"î€‡"}]}]}
COMMAND: GET /session/6c63433432e656fe102e41a405bf48f6/screenshot - {}
RESULT: {}
RESULT: undefined
COMMAND: POST /session/6c63433432e656fe102e41a405bf48f6/element - {"using":"xpath","value":"//*[@id=\"application-manageconditionprice-display-component---conditions--smartFilterBar-filterItemControl_BASIC-BILL_TYPES-vhi\"]"}
RESULT: {"using":"xpath","value":"//*[@id=\"application-manageconditionprice-display-component---conditions--smartFilterBar-filterItemControl_BASIC-BILL_TYPES-vhi\"]"}
COMMAND: POST /session/6c63433432e656fe102e41a405bf48f6/element/f.D105F16D3864A3F2742A47C77377899E.d.B483CC146B7F42F8773CF569231DC4D5.e.7576/click - {}
RESULT: {}
RESULT: undefined
COMMAND: POST /session/6c63433432e656fe102e41a405bf48f6/execute/async - {"script":"<script> [776 bytes]","args":[{"enterText":"PB","selector":{"id":"application-manageconditionprice-display-component---conditions--smartFilterBar-filterItemControl_BASIC-BILL_TYPES-valueHelpDialog-smartFilterBar-btnBasicSearch","searchOpenDialogs":true,"interaction":{"idSuffix":"I"}},"clearTextFirst":true,"interactionType":"ENTER_TEXT"}]}
COMMAND: GET /session/6c63433432e656fe102e41a405bf48f6/screenshot - {}
RESULT: {"script":"<script> [776 bytes]","args":[{"enterText":"PB","selector":{"id":"application-manageconditionprice-display-component---conditions--smartFilterBar-filterItemControl_BASIC-BILL_TYPES-valueHelpDialog-smartFilterBar-btnBasicSearch","searchOpenDialogs":true,"interaction":{"idSuffix":"I"}},"clearTextFirst":true,"interactionType":"ENTER_TEXT"}]}
COMMAND: POST /session/6c63433432e656fe102e41a405bf48f6/actions - {"actions":[{"id":"action28","type":"key","parameters":{},"actions":[{"type":"keyDown","value":"î€‡"},{"type":"pause","duration":10},{"type":"keyUp","value":"î€‡"}]}]}
RESULT: {}
RESULT: {"actions":[{"id":"action28","type":"key","parameters":{},"actions":[{"type":"keyDown","value":"î€‡"},{"type":"pause","duration":10},{"type":"keyUp","value":"î€‡"}]}]}
COMMAND: GET /session/6c63433432e656fe102e41a405bf48f6/screenshot - {}
RESULT: {}
COMMAND: POST /session/6c63433432e656fe102e41a405bf48f6/element - {"using":"xpath","value":"//div[contains(@id, 'application-manageconditionprice-display-component---conditions--smartFilterBar-filterItemControl_BASIC-BILL_TYPES-valueHelpDialog-table-rowsel0')]"}
RESULT: {"using":"xpath","value":"//div[contains(@id, 'application-manageconditionprice-display-component---conditions--smartFilterBar-filterItemControl_BASIC-BILL_TYPES-valueHelpDialog-table-rowsel0')]"}
COMMAND: POST /session/6c63433432e656fe102e41a405bf48f6/element/f.D105F16D3864A3F2742A47C77377899E.d.B483CC146B7F42F8773CF569231DC4D5.e.7585/click - {}
RESULT: {}
COMMAND: GET /session/6c63433432e656fe102e41a405bf48f6/screenshot - {}
RESULT: {}
COMMAND: POST /session/6c63433432e656fe102e41a405bf48f6/element - {"using":"xpath","value":"//bdi[contains(text(), \"OK\")]"}
RESULT: {"using":"xpath","value":"//bdi[contains(text(), \"OK\")]"}
COMMAND: POST /session/6c63433432e656fe102e41a405bf48f6/element/f.D105F16D3864A3F2742A47C77377899E.d.B483CC146B7F42F8773CF569231DC4D5.e.7587/click - {}
RESULT: {}
COMMAND: GET /session/6c63433432e656fe102e41a405bf48f6/screenshot - {}
RESULT: {}
COMMAND: POST /session/6c63433432e656fe102e41a405bf48f6/element - {"using":"xpath","value":"//span[@id=\"application-manageconditionprice-display-component---conditions--smartTable-header-inner\"]"}
RESULT: {"using":"xpath","value":"//span[@id=\"application-manageconditionprice-display-component---conditions--smartTable-header-inner\"]"}
COMMAND: POST /session/6c63433432e656fe102e41a405bf48f6/elements - {"using":"xpath","value":"//span[@id=\"application-manageconditionprice-display-component---conditions--smartTable-header-inner\"]"}
RESULT: {"using":"xpath","value":"//span[@id=\"application-manageconditionprice-display-component---conditions--smartTable-header-inner\"]"}
COMMAND: POST /session/6c63433432e656fe102e41a405bf48f6/execute/sync - {"script":"<script> [56 bytes]","args":[{"element-6066-11e4-a52e-4f735466cecf":"f.D105F16D3864A3F2742A47C77377899E.d.B483CC146B7F42F8773CF569231DC4D5.e.7591","ELEMENT":"f.D105F16D3864A3F2742A47C77377899E.d.B483CC146B7F42F8773CF569231DC4D5.e.7591"}]}
RESULT: {"script":"<script> [56 bytes]","args":[{"element-6066-11e4-a52e-4f735466cecf":"f.D105F16D3864A3F2742A47C77377899E.d.B483CC146B7F42F8773CF569231DC4D5.e.7591","ELEMENT":"f.D105F16D3864A3F2742A47C77377899E.d.B483CC146B7F42F8773CF569231DC4D5.e.7591"}]}
COMMAND: POST /session/6c63433432e656fe102e41a405bf48f6/element - {"using":"css selector","value":"#shell-header-logo"}
COMMAND: GET /session/6c63433432e656fe102e41a405bf48f6/screenshot - {}
RESULT: {"using":"css selector","value":"#shell-header-logo"}
COMMAND: POST /session/6c63433432e656fe102e41a405bf48f6/element/f.D105F16D3864A3F2742A47C77377899E.d.B483CC146B7F42F8773CF569231DC4D5.e.6641/click - {}
RESULT: {}
RESULT: {}
COMMAND: GET /session/6c63433432e656fe102e41a405bf48f6/screenshot - {}
RESULT: {}
]]></system-out>
    </testcase>
    <testcase classname="chrome.135_0_7049_96.windows.Create_master_data_for_mixed_billing_&amp;_do_billing_calculation_US151661" name="Should add time based condition" time="60.599">
      <system-out><![CDATA[
RESULT: undefined
COMMAND: POST /session/6c63433432e656fe102e41a405bf48f6/element - {"using":"xpath","value":"//*[@id=\"__tile53-title\"]"}
RESULT: {"using":"xpath","value":"//*[@id=\"__tile53-title\"]"}
COMMAND: POST /session/6c63433432e656fe102e41a405bf48f6/element/f.D105F16D3864A3F2742A47C77377899E.d.B483CC146B7F42F8773CF569231DC4D5.e.6350/click - {}
RESULT: {}
COMMAND: POST /session/6c63433432e656fe102e41a405bf48f6/element - {"using":"xpath","value":"//button[@aria-label=\"Create\"]"}
COMMAND: GET /session/6c63433432e656fe102e41a405bf48f6/screenshot - {}
RESULT: {"using":"xpath","value":"//button[@aria-label=\"Create\"]"}
COMMAND: POST /session/6c63433432e656fe102e41a405bf48f6/elements - {"using":"xpath","value":"//button[@aria-label=\"Create\"]"}
RESULT: {}
RESULT: {"using":"xpath","value":"//button[@aria-label=\"Create\"]"}
COMMAND: POST /session/6c63433432e656fe102e41a405bf48f6/execute/sync - {"script":"<script> [8489 bytes]","args":[{"element-6066-11e4-a52e-4f735466cecf":"f.D105F16D3864A3F2742A47C77377899E.d.B483CC146B7F42F8773CF569231DC4D5.e.7652","ELEMENT":"f.D105F16D3864A3F2742A47C77377899E.d.B483CC146B7F42F8773CF569231DC4D5.e.7652"}]}
RESULT: {"script":"<script> [8489 bytes]","args":[{"element-6066-11e4-a52e-4f735466cecf":"f.D105F16D3864A3F2742A47C77377899E.d.B483CC146B7F42F8773CF569231DC4D5.e.7652","ELEMENT":"f.D105F16D3864A3F2742A47C77377899E.d.B483CC146B7F42F8773CF569231DC4D5.e.7652"}]}
COMMAND: GET /session/6c63433432e656fe102e41a405bf48f6/element/f.D105F16D3864A3F2742A47C77377899E.d.B483CC146B7F42F8773CF569231DC4D5.e.7652/enabled - {}
COMMAND: GET /session/6c63433432e656fe102e41a405bf48f6/screenshot - {}
RESULT: {}
COMMAND: POST /session/6c63433432e656fe102e41a405bf48f6/execute/sync - {"script":"<script> [8489 bytes]","args":[{"element-6066-11e4-a52e-4f735466cecf":"f.D105F16D3864A3F2742A47C77377899E.d.B483CC146B7F42F8773CF569231DC4D5.e.7652","ELEMENT":"f.D105F16D3864A3F2742A47C77377899E.d.B483CC146B7F42F8773CF569231DC4D5.e.7652"}]}
COMMAND: GET /session/6c63433432e656fe102e41a405bf48f6/screenshot - {}
RESULT: {}
RESULT: {"script":"<script> [8489 bytes]","args":[{"element-6066-11e4-a52e-4f735466cecf":"f.D105F16D3864A3F2742A47C77377899E.d.B483CC146B7F42F8773CF569231DC4D5.e.7652","ELEMENT":"f.D105F16D3864A3F2742A47C77377899E.d.B483CC146B7F42F8773CF569231DC4D5.e.7652"}]}
COMMAND: POST /session/6c63433432e656fe102e41a405bf48f6/execute/sync - {"script":"<script> [5351 bytes]","args":[{"element-6066-11e4-a52e-4f735466cecf":"f.D105F16D3864A3F2742A47C77377899E.d.B483CC146B7F42F8773CF569231DC4D5.e.7652","ELEMENT":"f.D105F16D3864A3F2742A47C77377899E.d.B483CC146B7F42F8773CF569231DC4D5.e.7652"}]}
COMMAND: GET /session/6c63433432e656fe102e41a405bf48f6/screenshot - {}
RESULT: {}
RESULT: {"script":"<script> [5351 bytes]","args":[{"element-6066-11e4-a52e-4f735466cecf":"f.D105F16D3864A3F2742A47C77377899E.d.B483CC146B7F42F8773CF569231DC4D5.e.7652","ELEMENT":"f.D105F16D3864A3F2742A47C77377899E.d.B483CC146B7F42F8773CF569231DC4D5.e.7652"}]}
COMMAND: POST /session/6c63433432e656fe102e41a405bf48f6/element/f.D105F16D3864A3F2742A47C77377899E.d.B483CC146B7F42F8773CF569231DC4D5.e.7652/click - {}
COMMAND: GET /session/6c63433432e656fe102e41a405bf48f6/screenshot - {}
RESULT: {}
RESULT: {}
COMMAND: GET /session/6c63433432e656fe102e41a405bf48f6/screenshot - {}
RESULT: {}
RESULT: {}
COMMAND: POST /session/6c63433432e656fe102e41a405bf48f6/actions - {"actions":[{"id":"action29","type":"key","parameters":{},"actions":[{"type":"keyDown","value":"î€‡"},{"type":"pause","duration":10},{"type":"keyUp","value":"î€‡"}]}]}
RESULT: {"actions":[{"id":"action29","type":"key","parameters":{},"actions":[{"type":"keyDown","value":"î€‡"},{"type":"pause","duration":10},{"type":"keyUp","value":"î€‡"}]}]}
COMMAND: GET /session/6c63433432e656fe102e41a405bf48f6/screenshot - {}
RESULT: {}
RESULT: undefined
COMMAND: POST /session/6c63433432e656fe102e41a405bf48f6/element - {"using":"xpath","value":"//*[@id=\"application-manageconditionprice-display-component---newCondition--condBillCond-arrow\"]"}
RESULT: {"using":"xpath","value":"//*[@id=\"application-manageconditionprice-display-component---newCondition--condBillCond-arrow\"]"}
COMMAND: POST /session/6c63433432e656fe102e41a405bf48f6/element/f.D105F16D3864A3F2742A47C77377899E.d.B483CC146B7F42F8773CF569231DC4D5.e.8466/click - {}
RESULT: {}
COMMAND: GET /session/6c63433432e656fe102e41a405bf48f6/screenshot - {}
RESULT: {}
COMMAND: POST /session/6c63433432e656fe102e41a405bf48f6/element - {"using":"xpath","value":"//li[.//span[contains(text(), \"DISP - D&I special price\")]]"}
RESULT: {"using":"xpath","value":"//li[.//span[contains(text(), \"DISP - D&I special price\")]]"}
COMMAND: POST /session/6c63433432e656fe102e41a405bf48f6/element/f.D105F16D3864A3F2742A47C77377899E.d.B483CC146B7F42F8773CF569231DC4D5.e.8469/click - {}
RESULT: {}
COMMAND: GET /session/6c63433432e656fe102e41a405bf48f6/screenshot - {}
RESULT: {}
RESULT: undefined
COMMAND: POST /session/6c63433432e656fe102e41a405bf48f6/execute/async - {"script":"<script> [776 bytes]","args":[{"enterText":"01/04/26","selector":{"id":"application-manageconditionprice-display-component---newCondition--condValidTo","interaction":{"idSuffix":"inner"}},"clearTextFirst":true,"interactionType":"ENTER_TEXT"}]}
RESULT: {"script":"<script> [776 bytes]","args":[{"enterText":"01/04/26","selector":{"id":"application-manageconditionprice-display-component---newCondition--condValidTo","interaction":{"idSuffix":"inner"}},"clearTextFirst":true,"interactionType":"ENTER_TEXT"}]}
COMMAND: POST /session/6c63433432e656fe102e41a405bf48f6/element - {"using":"xpath","value":"//input[@id=\"application-manageconditionprice-display-component---newCondition--condRU-inner\"]"}
RESULT: {"using":"xpath","value":"//input[@id=\"application-manageconditionprice-display-component---newCondition--condRU-inner\"]"}
COMMAND: POST /session/6c63433432e656fe102e41a405bf48f6/element/f.D105F16D3864A3F2742A47C77377899E.d.B483CC146B7F42F8773CF569231DC4D5.e.8189/clear - {}
RESULT: {}
COMMAND: POST /session/6c63433432e656fe102e41a405bf48f6/element/f.D105F16D3864A3F2742A47C77377899E.d.B483CC146B7F42F8773CF569231DC4D5.e.8189/value - {"text":"DtYVYMnqrN"}
COMMAND: GET /session/6c63433432e656fe102e41a405bf48f6/screenshot - {}
RESULT: {"text":"DtYVYMnqrN"}
COMMAND: GET /session/6c63433432e656fe102e41a405bf48f6/screenshot - {}
RESULT: {}
RESULT: {}
COMMAND: POST /session/6c63433432e656fe102e41a405bf48f6/actions - {"actions":[{"id":"action30","type":"key","parameters":{},"actions":[{"type":"keyDown","value":"î€‡"},{"type":"pause","duration":10},{"type":"keyUp","value":"î€‡"}]}]}
RESULT: {"actions":[{"id":"action30","type":"key","parameters":{},"actions":[{"type":"keyDown","value":"î€‡"},{"type":"pause","duration":10},{"type":"keyUp","value":"î€‡"}]}]}
RESULT: undefined
COMMAND: POST /session/6c63433432e656fe102e41a405bf48f6/execute/async - {"script":"<script> [776 bytes]","args":[{"enterText":"1","selector":{"id":"application-manageconditionprice-display-component---newCondition--condBaseQty","interaction":{"idSuffix":"inner"}},"clearTextFirst":true,"interactionType":"ENTER_TEXT"}]}
COMMAND: GET /session/6c63433432e656fe102e41a405bf48f6/screenshot - {}
RESULT: {"script":"<script> [776 bytes]","args":[{"enterText":"1","selector":{"id":"application-manageconditionprice-display-component---newCondition--condBaseQty","interaction":{"idSuffix":"inner"}},"clearTextFirst":true,"interactionType":"ENTER_TEXT"}]}
RESULT: undefined
COMMAND: POST /session/6c63433432e656fe102e41a405bf48f6/execute/async - {"script":"<script> [776 bytes]","args":[{"enterText":"100","selector":{"id":"application-manageconditionprice-display-component---newCondition--condValue","interaction":{"idSuffix":"inner"}},"clearTextFirst":true,"interactionType":"ENTER_TEXT"}]}
RESULT: {}
RESULT: {"script":"<script> [776 bytes]","args":[{"enterText":"100","selector":{"id":"application-manageconditionprice-display-component---newCondition--condValue","interaction":{"idSuffix":"inner"}},"clearTextFirst":true,"interactionType":"ENTER_TEXT"}]}
RESULT: undefined
COMMAND: POST /session/6c63433432e656fe102e41a405bf48f6/element - {"using":"xpath","value":"//*[@id=\"application-manageconditionprice-display-component---newCondition--condCurr-arrow\"]"}
RESULT: {"using":"xpath","value":"//*[@id=\"application-manageconditionprice-display-component---newCondition--condCurr-arrow\"]"}
COMMAND: POST /session/6c63433432e656fe102e41a405bf48f6/element/f.D105F16D3864A3F2742A47C77377899E.d.B483CC146B7F42F8773CF569231DC4D5.e.8412/click - {}
RESULT: {}
COMMAND: POST /session/6c63433432e656fe102e41a405bf48f6/element - {"using":"xpath","value":"//span[contains(text(), \"Euro\")]"}
COMMAND: GET /session/6c63433432e656fe102e41a405bf48f6/screenshot - {}
RESULT: {"using":"xpath","value":"//span[contains(text(), \"Euro\")]"}
COMMAND: POST /session/6c63433432e656fe102e41a405bf48f6/element/f.D105F16D3864A3F2742A47C77377899E.d.B483CC146B7F42F8773CF569231DC4D5.e.8504/click - {}
RESULT: {}
RESULT: {}
COMMAND: POST /session/6c63433432e656fe102e41a405bf48f6/element - {"using":"xpath","value":"//button[@data-kt=\"saveButton\"]"}
COMMAND: GET /session/6c63433432e656fe102e41a405bf48f6/screenshot - {}
RESULT: {"using":"xpath","value":"//button[@data-kt=\"saveButton\"]"}
COMMAND: POST /session/6c63433432e656fe102e41a405bf48f6/element/f.D105F16D3864A3F2742A47C77377899E.d.B483CC146B7F42F8773CF569231DC4D5.e.8413/click - {}
RESULT: {}
RESULT: {}
COMMAND: GET /session/6c63433432e656fe102e41a405bf48f6/screenshot - {}
RESULT: {}
RESULT: undefined
COMMAND: POST /session/6c63433432e656fe102e41a405bf48f6/execute/async - {"script":"<script> [776 bytes]","args":[{"enterText":"DtYVYMnqrN","selector":{"id":"application-manageconditionprice-display-component---conditions--smartFilterBar-btnBasicSearch","interaction":{"idSuffix":"I"}},"clearTextFirst":true,"interactionType":"ENTER_TEXT"}]}
RESULT: {"script":"<script> [776 bytes]","args":[{"enterText":"DtYVYMnqrN","selector":{"id":"application-manageconditionprice-display-component---conditions--smartFilterBar-btnBasicSearch","interaction":{"idSuffix":"I"}},"clearTextFirst":true,"interactionType":"ENTER_TEXT"}]}
COMMAND: POST /session/6c63433432e656fe102e41a405bf48f6/actions - {"actions":[{"id":"action31","type":"key","parameters":{},"actions":[{"type":"keyDown","value":"î€‡"},{"type":"pause","duration":10},{"type":"keyUp","value":"î€‡"}]}]}
RESULT: {"actions":[{"id":"action31","type":"key","parameters":{},"actions":[{"type":"keyDown","value":"î€‡"},{"type":"pause","duration":10},{"type":"keyUp","value":"î€‡"}]}]}
COMMAND: GET /session/6c63433432e656fe102e41a405bf48f6/screenshot - {}
RESULT: {}
RESULT: undefined
COMMAND: POST /session/6c63433432e656fe102e41a405bf48f6/element - {"using":"xpath","value":"//*[@id=\"application-manageconditionprice-display-component---conditions--smartFilterBar-filterItemControl_BASIC-BILL_TYPES-vhi\"]"}
RESULT: {"using":"xpath","value":"//*[@id=\"application-manageconditionprice-display-component---conditions--smartFilterBar-filterItemControl_BASIC-BILL_TYPES-vhi\"]"}
COMMAND: POST /session/6c63433432e656fe102e41a405bf48f6/element/f.D105F16D3864A3F2742A47C77377899E.d.B483CC146B7F42F8773CF569231DC4D5.e.8541/click - {}
RESULT: {}
RESULT: undefined
COMMAND: POST /session/6c63433432e656fe102e41a405bf48f6/execute/async - {"script":"<script> [776 bytes]","args":[{"enterText":"TB","selector":{"id":"application-manageconditionprice-display-component---conditions--smartFilterBar-filterItemControl_BASIC-BILL_TYPES-valueHelpDialog-smartFilterBar-btnBasicSearch","searchOpenDialogs":true,"interaction":{"idSuffix":"I"}},"clearTextFirst":true,"interactionType":"ENTER_TEXT"}]}
COMMAND: GET /session/6c63433432e656fe102e41a405bf48f6/screenshot - {}
RESULT: {"script":"<script> [776 bytes]","args":[{"enterText":"TB","selector":{"id":"application-manageconditionprice-display-component---conditions--smartFilterBar-filterItemControl_BASIC-BILL_TYPES-valueHelpDialog-smartFilterBar-btnBasicSearch","searchOpenDialogs":true,"interaction":{"idSuffix":"I"}},"clearTextFirst":true,"interactionType":"ENTER_TEXT"}]}
COMMAND: POST /session/6c63433432e656fe102e41a405bf48f6/actions - {"actions":[{"id":"action32","type":"key","parameters":{},"actions":[{"type":"keyDown","value":"î€‡"},{"type":"pause","duration":10},{"type":"keyUp","value":"î€‡"}]}]}
RESULT: {}
RESULT: {"actions":[{"id":"action32","type":"key","parameters":{},"actions":[{"type":"keyDown","value":"î€‡"},{"type":"pause","duration":10},{"type":"keyUp","value":"î€‡"}]}]}
COMMAND: GET /session/6c63433432e656fe102e41a405bf48f6/screenshot - {}
RESULT: {}
COMMAND: POST /session/6c63433432e656fe102e41a405bf48f6/element - {"using":"xpath","value":"//div[contains(@id, 'application-manageconditionprice-display-component---conditions--smartFilterBar-filterItemControl_BASIC-BILL_TYPES-valueHelpDialog-table-rowsel0')]"}
RESULT: {"using":"xpath","value":"//div[contains(@id, 'application-manageconditionprice-display-component---conditions--smartFilterBar-filterItemControl_BASIC-BILL_TYPES-valueHelpDialog-table-rowsel0')]"}
COMMAND: POST /session/6c63433432e656fe102e41a405bf48f6/element/f.D105F16D3864A3F2742A47C77377899E.d.B483CC146B7F42F8773CF569231DC4D5.e.8549/click - {}
RESULT: {}
COMMAND: GET /session/6c63433432e656fe102e41a405bf48f6/screenshot - {}
RESULT: {}
COMMAND: POST /session/6c63433432e656fe102e41a405bf48f6/element - {"using":"xpath","value":"//bdi[contains(text(), \"OK\")]"}
RESULT: {"using":"xpath","value":"//bdi[contains(text(), \"OK\")]"}
COMMAND: POST /session/6c63433432e656fe102e41a405bf48f6/element/f.D105F16D3864A3F2742A47C77377899E.d.B483CC146B7F42F8773CF569231DC4D5.e.8551/click - {}
RESULT: {}
COMMAND: GET /session/6c63433432e656fe102e41a405bf48f6/screenshot - {}
RESULT: {}
COMMAND: POST /session/6c63433432e656fe102e41a405bf48f6/element - {"using":"xpath","value":"//span[@id=\"application-manageconditionprice-display-component---conditions--smartTable-header-inner\"]"}
RESULT: {"using":"xpath","value":"//span[@id=\"application-manageconditionprice-display-component---conditions--smartTable-header-inner\"]"}
COMMAND: POST /session/6c63433432e656fe102e41a405bf48f6/elements - {"using":"xpath","value":"//span[@id=\"application-manageconditionprice-display-component---conditions--smartTable-header-inner\"]"}
RESULT: {"using":"xpath","value":"//span[@id=\"application-manageconditionprice-display-component---conditions--smartTable-header-inner\"]"}
COMMAND: POST /session/6c63433432e656fe102e41a405bf48f6/execute/sync - {"script":"<script> [56 bytes]","args":[{"element-6066-11e4-a52e-4f735466cecf":"f.D105F16D3864A3F2742A47C77377899E.d.B483CC146B7F42F8773CF569231DC4D5.e.8560","ELEMENT":"f.D105F16D3864A3F2742A47C77377899E.d.B483CC146B7F42F8773CF569231DC4D5.e.8560"}]}
RESULT: {"script":"<script> [56 bytes]","args":[{"element-6066-11e4-a52e-4f735466cecf":"f.D105F16D3864A3F2742A47C77377899E.d.B483CC146B7F42F8773CF569231DC4D5.e.8560","ELEMENT":"f.D105F16D3864A3F2742A47C77377899E.d.B483CC146B7F42F8773CF569231DC4D5.e.8560"}]}
COMMAND: POST /session/6c63433432e656fe102e41a405bf48f6/element - {"using":"css selector","value":"#shell-header-logo"}
COMMAND: GET /session/6c63433432e656fe102e41a405bf48f6/screenshot - {}
RESULT: {"using":"css selector","value":"#shell-header-logo"}
COMMAND: POST /session/6c63433432e656fe102e41a405bf48f6/element/f.D105F16D3864A3F2742A47C77377899E.d.B483CC146B7F42F8773CF569231DC4D5.e.7596/click - {}
RESULT: {}
RESULT: {}
COMMAND: GET /session/6c63433432e656fe102e41a405bf48f6/screenshot - {}
RESULT: {}
]]></system-out>
    </testcase>
    <testcase classname="chrome.135_0_7049_96.windows.Create_master_data_for_mixed_billing_&amp;_do_billing_calculation_US151661" name="Should do a stock increase handover" time="76.783">
      <system-out><![CDATA[
COMMAND: POST /session/6c63433432e656fe102e41a405bf48f6/execute/async - {"script":"<script> [1562 bytes]","args":[{"selector":{"controlType":"sap.m.Text","viewName":"etm.portal.ui.managehandoverstile.view.Master","properties":{"text":"Manage Handovers"},"interaction":{"idSuffix":"inner"}},"wdio_ui5_key":"etmportal.ui.managehandoverstile.view.Mastersap.m.Text{\"text\":\"Manage Handovers\"}"}]}
RESULT: {"script":"<script> [1562 bytes]","args":[{"selector":{"controlType":"sap.m.Text","viewName":"etm.portal.ui.managehandoverstile.view.Master","properties":{"text":"Manage Handovers"},"interaction":{"idSuffix":"inner"}},"wdio_ui5_key":"etmportal.ui.managehandoverstile.view.Mastersap.m.Text{\"text\":\"Manage Handovers\"}"}]}
RESULT: undefined
COMMAND: POST /session/6c63433432e656fe102e41a405bf48f6/element - {"using":"xpath","value":"//*[@id=\"__tile131-title\"]"}
RESULT: {"using":"xpath","value":"//*[@id=\"__tile131-title\"]"}
COMMAND: POST /session/6c63433432e656fe102e41a405bf48f6/element/f.D105F16D3864A3F2742A47C77377899E.d.B483CC146B7F42F8773CF569231DC4D5.e.8563/click - {}
RESULT: {}
COMMAND: POST /session/6c63433432e656fe102e41a405bf48f6/element - {"using":"xpath","value":"//button[@data-kt=\"masterHOAddButton\"]"}
COMMAND: GET /session/6c63433432e656fe102e41a405bf48f6/screenshot - {}
RESULT: {"using":"xpath","value":"//button[@data-kt=\"masterHOAddButton\"]"}
COMMAND: POST /session/6c63433432e656fe102e41a405bf48f6/elements - {"using":"xpath","value":"//button[@data-kt=\"masterHOAddButton\"]"}
RESULT: {}
RESULT: {"using":"xpath","value":"//button[@data-kt=\"masterHOAddButton\"]"}
COMMAND: POST /session/6c63433432e656fe102e41a405bf48f6/elements - {"using":"xpath","value":"//button[@data-kt=\"masterHOAddButton\"]"}
RESULT: {"using":"xpath","value":"//button[@data-kt=\"masterHOAddButton\"]"}
COMMAND: POST /session/6c63433432e656fe102e41a405bf48f6/elements - {"using":"xpath","value":"//button[@data-kt=\"masterHOAddButton\"]"}
RESULT: {"using":"xpath","value":"//button[@data-kt=\"masterHOAddButton\"]"}
COMMAND: POST /session/6c63433432e656fe102e41a405bf48f6/elements - {"using":"xpath","value":"//button[@data-kt=\"masterHOAddButton\"]"}
RESULT: {"using":"xpath","value":"//button[@data-kt=\"masterHOAddButton\"]"}
COMMAND: POST /session/6c63433432e656fe102e41a405bf48f6/elements - {"using":"xpath","value":"//button[@data-kt=\"masterHOAddButton\"]"}
RESULT: {"using":"xpath","value":"//button[@data-kt=\"masterHOAddButton\"]"}
COMMAND: POST /session/6c63433432e656fe102e41a405bf48f6/elements - {"using":"xpath","value":"//button[@data-kt=\"masterHOAddButton\"]"}
RESULT: {"using":"xpath","value":"//button[@data-kt=\"masterHOAddButton\"]"}
COMMAND: POST /session/6c63433432e656fe102e41a405bf48f6/elements - {"using":"xpath","value":"//button[@data-kt=\"masterHOAddButton\"]"}
RESULT: {"using":"xpath","value":"//button[@data-kt=\"masterHOAddButton\"]"}
COMMAND: POST /session/6c63433432e656fe102e41a405bf48f6/elements - {"using":"xpath","value":"//button[@data-kt=\"masterHOAddButton\"]"}
RESULT: {"using":"xpath","value":"//button[@data-kt=\"masterHOAddButton\"]"}
COMMAND: POST /session/6c63433432e656fe102e41a405bf48f6/elements - {"using":"xpath","value":"//button[@data-kt=\"masterHOAddButton\"]"}
RESULT: {"using":"xpath","value":"//button[@data-kt=\"masterHOAddButton\"]"}
COMMAND: POST /session/6c63433432e656fe102e41a405bf48f6/elements - {"using":"xpath","value":"//button[@data-kt=\"masterHOAddButton\"]"}
RESULT: {"using":"xpath","value":"//button[@data-kt=\"masterHOAddButton\"]"}
COMMAND: POST /session/6c63433432e656fe102e41a405bf48f6/elements - {"using":"xpath","value":"//button[@data-kt=\"masterHOAddButton\"]"}
RESULT: {"using":"xpath","value":"//button[@data-kt=\"masterHOAddButton\"]"}
COMMAND: POST /session/6c63433432e656fe102e41a405bf48f6/elements - {"using":"xpath","value":"//button[@data-kt=\"masterHOAddButton\"]"}
RESULT: {"using":"xpath","value":"//button[@data-kt=\"masterHOAddButton\"]"}
COMMAND: POST /session/6c63433432e656fe102e41a405bf48f6/elements - {"using":"xpath","value":"//button[@data-kt=\"masterHOAddButton\"]"}
RESULT: {"using":"xpath","value":"//button[@data-kt=\"masterHOAddButton\"]"}
COMMAND: POST /session/6c63433432e656fe102e41a405bf48f6/elements - {"using":"xpath","value":"//button[@data-kt=\"masterHOAddButton\"]"}
RESULT: {"using":"xpath","value":"//button[@data-kt=\"masterHOAddButton\"]"}
COMMAND: POST /session/6c63433432e656fe102e41a405bf48f6/elements - {"using":"xpath","value":"//button[@data-kt=\"masterHOAddButton\"]"}
RESULT: {"using":"xpath","value":"//button[@data-kt=\"masterHOAddButton\"]"}
COMMAND: POST /session/6c63433432e656fe102e41a405bf48f6/elements - {"using":"xpath","value":"//button[@data-kt=\"masterHOAddButton\"]"}
RESULT: {"using":"xpath","value":"//button[@data-kt=\"masterHOAddButton\"]"}
COMMAND: POST /session/6c63433432e656fe102e41a405bf48f6/elements - {"using":"xpath","value":"//button[@data-kt=\"masterHOAddButton\"]"}
RESULT: {"using":"xpath","value":"//button[@data-kt=\"masterHOAddButton\"]"}
COMMAND: POST /session/6c63433432e656fe102e41a405bf48f6/element - {"using":"xpath","value":"//button[@data-kt=\"masterHOAddButton\"]"}
RESULT: {"using":"xpath","value":"//button[@data-kt=\"masterHOAddButton\"]"}
COMMAND: POST /session/6c63433432e656fe102e41a405bf48f6/execute/sync - {"script":"<script> [8489 bytes]","args":[{"element-6066-11e4-a52e-4f735466cecf":"f.D105F16D3864A3F2742A47C77377899E.d.B483CC146B7F42F8773CF569231DC4D5.e.8599","ELEMENT":"f.D105F16D3864A3F2742A47C77377899E.d.B483CC146B7F42F8773CF569231DC4D5.e.8599"}]}
RESULT: {"script":"<script> [8489 bytes]","args":[{"element-6066-11e4-a52e-4f735466cecf":"f.D105F16D3864A3F2742A47C77377899E.d.B483CC146B7F42F8773CF569231DC4D5.e.8599","ELEMENT":"f.D105F16D3864A3F2742A47C77377899E.d.B483CC146B7F42F8773CF569231DC4D5.e.8599"}]}
COMMAND: GET /session/6c63433432e656fe102e41a405bf48f6/element/f.D105F16D3864A3F2742A47C77377899E.d.B483CC146B7F42F8773CF569231DC4D5.e.8599/enabled - {}
COMMAND: GET /session/6c63433432e656fe102e41a405bf48f6/screenshot - {}
RESULT: {}
COMMAND: POST /session/6c63433432e656fe102e41a405bf48f6/execute/sync - {"script":"<script> [8489 bytes]","args":[{"element-6066-11e4-a52e-4f735466cecf":"f.D105F16D3864A3F2742A47C77377899E.d.B483CC146B7F42F8773CF569231DC4D5.e.8599","ELEMENT":"f.D105F16D3864A3F2742A47C77377899E.d.B483CC146B7F42F8773CF569231DC4D5.e.8599"}]}
COMMAND: GET /session/6c63433432e656fe102e41a405bf48f6/screenshot - {}
RESULT: {}
RESULT: {"script":"<script> [8489 bytes]","args":[{"element-6066-11e4-a52e-4f735466cecf":"f.D105F16D3864A3F2742A47C77377899E.d.B483CC146B7F42F8773CF569231DC4D5.e.8599","ELEMENT":"f.D105F16D3864A3F2742A47C77377899E.d.B483CC146B7F42F8773CF569231DC4D5.e.8599"}]}
COMMAND: POST /session/6c63433432e656fe102e41a405bf48f6/execute/sync - {"script":"<script> [5351 bytes]","args":[{"element-6066-11e4-a52e-4f735466cecf":"f.D105F16D3864A3F2742A47C77377899E.d.B483CC146B7F42F8773CF569231DC4D5.e.8599","ELEMENT":"f.D105F16D3864A3F2742A47C77377899E.d.B483CC146B7F42F8773CF569231DC4D5.e.8599"}]}
COMMAND: GET /session/6c63433432e656fe102e41a405bf48f6/screenshot - {}
RESULT: {}
RESULT: {"script":"<script> [5351 bytes]","args":[{"element-6066-11e4-a52e-4f735466cecf":"f.D105F16D3864A3F2742A47C77377899E.d.B483CC146B7F42F8773CF569231DC4D5.e.8599","ELEMENT":"f.D105F16D3864A3F2742A47C77377899E.d.B483CC146B7F42F8773CF569231DC4D5.e.8599"}]}
COMMAND: POST /session/6c63433432e656fe102e41a405bf48f6/element/f.D105F16D3864A3F2742A47C77377899E.d.B483CC146B7F42F8773CF569231DC4D5.e.8599/click - {}
COMMAND: GET /session/6c63433432e656fe102e41a405bf48f6/screenshot - {}
RESULT: {}
RESULT: {}
COMMAND: GET /session/6c63433432e656fe102e41a405bf48f6/screenshot - {}
RESULT: {}
RESULT: {}
COMMAND: POST /session/6c63433432e656fe102e41a405bf48f6/element - {"using":"xpath","value":"//span[contains(@id ,\"AddNewHO--typeSelect-arrow\")]"}
RESULT: {"using":"xpath","value":"//span[contains(@id ,\"AddNewHO--typeSelect-arrow\")]"}
COMMAND: POST /session/6c63433432e656fe102e41a405bf48f6/element/f.D105F16D3864A3F2742A47C77377899E.d.B483CC146B7F42F8773CF569231DC4D5.e.8960/click - {}
RESULT: {}
COMMAND: GET /session/6c63433432e656fe102e41a405bf48f6/screenshot - {}
RESULT: {}
COMMAND: POST /session/6c63433432e656fe102e41a405bf48f6/element - {"using":"xpath","value":"(//li[contains(text(), \"stock increase yard\")])[1]"}
RESULT: {"using":"xpath","value":"(//li[contains(text(), \"stock increase yard\")])[1]"}
COMMAND: POST /session/6c63433432e656fe102e41a405bf48f6/element/f.D105F16D3864A3F2742A47C77377899E.d.B483CC146B7F42F8773CF569231DC4D5.e.8961/click - {}
RESULT: {}
COMMAND: GET /session/6c63433432e656fe102e41a405bf48f6/screenshot - {}
RESULT: {}
COMMAND: POST /session/6c63433432e656fe102e41a405bf48f6/execute/async - {"script":"<script> [1562 bytes]","args":[{"selector":{"id":"application-managehandovers-display-component---AddNewHO--dueDate","interaction":{"idSuffix":"inner"}},"wdio_ui5_key":"applicationmanagehandovers-display-component---AddNewHO--dueDate"}]}
RESULT: {"script":"<script> [1562 bytes]","args":[{"selector":{"id":"application-managehandovers-display-component---AddNewHO--dueDate","interaction":{"idSuffix":"inner"}},"wdio_ui5_key":"applicationmanagehandovers-display-component---AddNewHO--dueDate"}]}
RESULT: undefined
COMMAND: POST /session/6c63433432e656fe102e41a405bf48f6/execute/async - {"script":"<script> [6424 bytes]","args":[{"element-6066-11e4-a52e-4f735466cecf":"f.D105F16D3864A3F2742A47C77377899E.d.B483CC146B7F42F8773CF569231DC4D5.e.8963"},"setValue",["05/04/2025"]]}
RESULT: {"script":"<script> [6424 bytes]","args":[{"element-6066-11e4-a52e-4f735466cecf":"f.D105F16D3864A3F2742A47C77377899E.d.B483CC146B7F42F8773CF569231DC4D5.e.8963"},"setValue",["05/04/2025"]]}
COMMAND: POST /session/6c63433432e656fe102e41a405bf48f6/element - {"using":"xpath","value":"//input[@id=\"generalSectionFrg--receiveYard-inner\"]"}
RESULT: {"using":"xpath","value":"//input[@id=\"generalSectionFrg--receiveYard-inner\"]"}
COMMAND: POST /session/6c63433432e656fe102e41a405bf48f6/element/f.D105F16D3864A3F2742A47C77377899E.d.B483CC146B7F42F8773CF569231DC4D5.e.8969/clear - {}
RESULT: {}
COMMAND: POST /session/6c63433432e656fe102e41a405bf48f6/element/f.D105F16D3864A3F2742A47C77377899E.d.B483CC146B7F42F8773CF569231DC4D5.e.8969/value - {"text":"548"}
COMMAND: GET /session/6c63433432e656fe102e41a405bf48f6/screenshot - {}
RESULT: {"text":"548"}
COMMAND: GET /session/6c63433432e656fe102e41a405bf48f6/screenshot - {}
RESULT: {}
RESULT: {}
COMMAND: POST /session/6c63433432e656fe102e41a405bf48f6/element - {"using":"xpath","value":"//li[.//span[text()='548']]"}
RESULT: {"using":"xpath","value":"//li[.//span[text()='548']]"}
COMMAND: POST /session/6c63433432e656fe102e41a405bf48f6/element/f.D105F16D3864A3F2742A47C77377899E.d.B483CC146B7F42F8773CF569231DC4D5.e.8987/click - {}
RESULT: {}
COMMAND: GET /session/6c63433432e656fe102e41a405bf48f6/screenshot - {}
RESULT: {}
COMMAND: POST /session/6c63433432e656fe102e41a405bf48f6/execute/async - {"script":"<script> [1562 bytes]","args":[{"selector":{"id":"application-managehandovers-display-component---AddNewHO--ObjectPageLayout-anchBar-application-managehandovers-display-component---AddNewHO--section4-anchor","interaction":{"idSuffix":"BDI-content"}},"wdio_ui5_key":"applicationmanagehandovers-display-component---AddNewHO--ObjectPageLayout-anchBar-application-managehandovers-display-component---AddNewHO--section4-anchor"}]}
RESULT: {"script":"<script> [1562 bytes]","args":[{"selector":{"id":"application-managehandovers-display-component---AddNewHO--ObjectPageLayout-anchBar-application-managehandovers-display-component---AddNewHO--section4-anchor","interaction":{"idSuffix":"BDI-content"}},"wdio_ui5_key":"applicationmanagehandovers-display-component---AddNewHO--ObjectPageLayout-anchBar-application-managehandovers-display-component---AddNewHO--section4-anchor"}]}
RESULT: undefined
COMMAND: POST /session/6c63433432e656fe102e41a405bf48f6/element - {"using":"xpath","value":"//*[@id=\"application-managehandovers-display-component---AddNewHO--ObjectPageLayout-anchBar-application-managehandovers-display-component---AddNewHO--section4-anchor\"]"}
RESULT: {"using":"xpath","value":"//*[@id=\"application-managehandovers-display-component---AddNewHO--ObjectPageLayout-anchBar-application-managehandovers-display-component---AddNewHO--section4-anchor\"]"}
COMMAND: POST /session/6c63433432e656fe102e41a405bf48f6/element/f.D105F16D3864A3F2742A47C77377899E.d.B483CC146B7F42F8773CF569231DC4D5.e.8989/click - {}
RESULT: {}
COMMAND: POST /session/6c63433432e656fe102e41a405bf48f6/element - {"using":"xpath","value":"//button[@aria-label=\"Add\"]"}
COMMAND: GET /session/6c63433432e656fe102e41a405bf48f6/screenshot - {}
RESULT: {"using":"xpath","value":"//button[@aria-label=\"Add\"]"}
COMMAND: POST /session/6c63433432e656fe102e41a405bf48f6/element/f.D105F16D3864A3F2742A47C77377899E.d.B483CC146B7F42F8773CF569231DC4D5.e.8991/click - {}
RESULT: {}
RESULT: {}
COMMAND: GET /session/6c63433432e656fe102e41a405bf48f6/screenshot - {}
RESULT: {}
COMMAND: POST /session/6c63433432e656fe102e41a405bf48f6/execute/async - {"script":"<script> [1562 bytes]","args":[{"selector":{"id":"application-managehandovers-display-component---AddNewHO--smartFilterBar-btnBasicSearch","searchOpenDialogs":true,"interaction":{"idSuffix":"I"}},"wdio_ui5_key":"applicationmanagehandovers-display-component---AddNewHO--smartFilterBar-btnBasicSearch"}]}
RESULT: {"script":"<script> [1562 bytes]","args":[{"selector":{"id":"application-managehandovers-display-component---AddNewHO--smartFilterBar-btnBasicSearch","searchOpenDialogs":true,"interaction":{"idSuffix":"I"}},"wdio_ui5_key":"applicationmanagehandovers-display-component---AddNewHO--smartFilterBar-btnBasicSearch"}]}
RESULT: undefined
COMMAND: POST /session/6c63433432e656fe102e41a405bf48f6/execute/async - {"script":"<script> [776 bytes]","args":[{"enterText":"DtYVYMnqrN","selector":{"id":"application-managehandovers-display-component---AddNewHO--smartFilterBar-btnBasicSearch","searchOpenDialogs":true,"interaction":{"idSuffix":"I"}},"clearTextFirst":true,"interactionType":"ENTER_TEXT"}]}
RESULT: {"script":"<script> [776 bytes]","args":[{"enterText":"DtYVYMnqrN","selector":{"id":"application-managehandovers-display-component---AddNewHO--smartFilterBar-btnBasicSearch","searchOpenDialogs":true,"interaction":{"idSuffix":"I"}},"clearTextFirst":true,"interactionType":"ENTER_TEXT"}]}
COMMAND: POST /session/6c63433432e656fe102e41a405bf48f6/actions - {"actions":[{"id":"action33","type":"key","parameters":{},"actions":[{"type":"keyDown","value":"î€‡"},{"type":"pause","duration":10},{"type":"keyUp","value":"î€‡"}]}]}
RESULT: {"actions":[{"id":"action33","type":"key","parameters":{},"actions":[{"type":"keyDown","value":"î€‡"},{"type":"pause","duration":10},{"type":"keyUp","value":"î€‡"}]}]}
COMMAND: GET /session/6c63433432e656fe102e41a405bf48f6/screenshot - {}
RESULT: {}
COMMAND: POST /session/6c63433432e656fe102e41a405bf48f6/execute/async - {"script":"<script> [1562 bytes]","args":[{"selector":{"id":"application-managehandovers-display-component---AddNewHO--popup-sa","searchOpenDialogs":true,"interaction":{"idSuffix":"CbBg"}},"wdio_ui5_key":"applicationmanagehandovers-display-component---AddNewHO--popup-sa"}]}
RESULT: {"script":"<script> [1562 bytes]","args":[{"selector":{"id":"application-managehandovers-display-component---AddNewHO--popup-sa","searchOpenDialogs":true,"interaction":{"idSuffix":"CbBg"}},"wdio_ui5_key":"applicationmanagehandovers-display-component---AddNewHO--popup-sa"}]}
RESULT: undefined
COMMAND: POST /session/6c63433432e656fe102e41a405bf48f6/element - {"using":"xpath","value":"//*[@id=\"application-managehandovers-display-component---AddNewHO--popup-sa\"]"}
RESULT: {"using":"xpath","value":"//*[@id=\"application-managehandovers-display-component---AddNewHO--popup-sa\"]"}
COMMAND: POST /session/6c63433432e656fe102e41a405bf48f6/element/f.D105F16D3864A3F2742A47C77377899E.d.B483CC146B7F42F8773CF569231DC4D5.e.9145/click - {}
RESULT: {}
COMMAND: GET /session/6c63433432e656fe102e41a405bf48f6/screenshot - {}
RESULT: {}
COMMAND: POST /session/6c63433432e656fe102e41a405bf48f6/element - {"using":"xpath","value":"//bdi[contains(text(), \"Select\")]"}
RESULT: {"using":"xpath","value":"//bdi[contains(text(), \"Select\")]"}
COMMAND: POST /session/6c63433432e656fe102e41a405bf48f6/element/f.D105F16D3864A3F2742A47C77377899E.d.B483CC146B7F42F8773CF569231DC4D5.e.9146/click - {}
RESULT: {}
COMMAND: GET /session/6c63433432e656fe102e41a405bf48f6/screenshot - {}
RESULT: {}
COMMAND: POST /session/6c63433432e656fe102e41a405bf48f6/element - {"using":"xpath","value":"//button[@data-kt=\"AddNewHOSaveButton\"]"}
RESULT: {"using":"xpath","value":"//button[@data-kt=\"AddNewHOSaveButton\"]"}
COMMAND: POST /session/6c63433432e656fe102e41a405bf48f6/element/f.D105F16D3864A3F2742A47C77377899E.d.B483CC146B7F42F8773CF569231DC4D5.e.9150/click - {}
RESULT: {}
COMMAND: GET /session/6c63433432e656fe102e41a405bf48f6/screenshot - {}
RESULT: {}
COMMAND: POST /session/6c63433432e656fe102e41a405bf48f6/execute/async - {"script":"<script> [1562 bytes]","args":[{"selector":{"id":"receiptDatePicker","viewName":"etm.portal.ui.managehandovers.view.DetailExecuteHO","interaction":{"idSuffix":"inner"}},"wdio_ui5_key":"receiptDatePickeretmportal.ui.managehandovers.view.DetailExecuteHO"}]}
RESULT: {"script":"<script> [1562 bytes]","args":[{"selector":{"id":"receiptDatePicker","viewName":"etm.portal.ui.managehandovers.view.DetailExecuteHO","interaction":{"idSuffix":"inner"}},"wdio_ui5_key":"receiptDatePickeretmportal.ui.managehandovers.view.DetailExecuteHO"}]}
RESULT: undefined
COMMAND: POST /session/6c63433432e656fe102e41a405bf48f6/execute/async - {"script":"<script> [6424 bytes]","args":[{"element-6066-11e4-a52e-4f735466cecf":"f.D105F16D3864A3F2742A47C77377899E.d.B483CC146B7F42F8773CF569231DC4D5.e.9179"},"setValue",["05/04/2025"]]}
RESULT: {"script":"<script> [6424 bytes]","args":[{"element-6066-11e4-a52e-4f735466cecf":"f.D105F16D3864A3F2742A47C77377899E.d.B483CC146B7F42F8773CF569231DC4D5.e.9179"},"setValue",["05/04/2025"]]}
COMMAND: POST /session/6c63433432e656fe102e41a405bf48f6/element - {"using":"xpath","value":"//button[@data-kt=\"PickingTableConfirmAllButton\"]"}
RESULT: {"using":"xpath","value":"//button[@data-kt=\"PickingTableConfirmAllButton\"]"}
COMMAND: POST /session/6c63433432e656fe102e41a405bf48f6/element/f.D105F16D3864A3F2742A47C77377899E.d.B483CC146B7F42F8773CF569231DC4D5.e.9194/click - {}
RESULT: {}
COMMAND: GET /session/6c63433432e656fe102e41a405bf48f6/screenshot - {}
RESULT: {}
COMMAND: POST /session/6c63433432e656fe102e41a405bf48f6/element - {"using":"xpath","value":"//bdi[contains(text(), \"OK\")]"}
RESULT: {"using":"xpath","value":"//bdi[contains(text(), \"OK\")]"}
COMMAND: POST /session/6c63433432e656fe102e41a405bf48f6/element/f.D105F16D3864A3F2742A47C77377899E.d.B483CC146B7F42F8773CF569231DC4D5.e.9197/click - {}
RESULT: {}
COMMAND: GET /session/6c63433432e656fe102e41a405bf48f6/screenshot - {}
RESULT: {}
COMMAND: POST /session/6c63433432e656fe102e41a405bf48f6/element - {"using":"xpath","value":"(//bdi[contains(text(), \"Receive\")])[2]"}
RESULT: {"using":"xpath","value":"(//bdi[contains(text(), \"Receive\")])[2]"}
COMMAND: POST /session/6c63433432e656fe102e41a405bf48f6/element/f.D105F16D3864A3F2742A47C77377899E.d.B483CC146B7F42F8773CF569231DC4D5.e.9198/click - {}
RESULT: {}
COMMAND: GET /session/6c63433432e656fe102e41a405bf48f6/screenshot - {}
RESULT: {}
COMMAND: POST /session/6c63433432e656fe102e41a405bf48f6/element - {"using":"css selector","value":"#shell-header-logo"}
RESULT: {"using":"css selector","value":"#shell-header-logo"}
COMMAND: POST /session/6c63433432e656fe102e41a405bf48f6/element/f.D105F16D3864A3F2742A47C77377899E.d.B483CC146B7F42F8773CF569231DC4D5.e.8566/click - {}
RESULT: {}
COMMAND: GET /session/6c63433432e656fe102e41a405bf48f6/screenshot - {}
RESULT: {}
]]></system-out>
    </testcase>
    <testcase classname="chrome.135_0_7049_96.windows.Create_master_data_for_mixed_billing_&amp;_do_billing_calculation_US151661" name="Should create a new contract" time="58.7">
      <system-out><![CDATA[
COMMAND: POST /session/6c63433432e656fe102e41a405bf48f6/execute/async - {"script":"<script> [1562 bytes]","args":[{"selector":{"controlType":"sap.m.Text","viewName":"etm.portal.ui.managecontractstile.view.Master","properties":{"text":"Manage Contracts"},"interaction":{"idSuffix":"inner"}},"wdio_ui5_key":"etmportal.ui.managecontractstile.view.Mastersap.m.Text{\"text\":\"Manage Contracts\"}"}]}
RESULT: {"script":"<script> [1562 bytes]","args":[{"selector":{"controlType":"sap.m.Text","viewName":"etm.portal.ui.managecontractstile.view.Master","properties":{"text":"Manage Contracts"},"interaction":{"idSuffix":"inner"}},"wdio_ui5_key":"etmportal.ui.managecontractstile.view.Mastersap.m.Text{\"text\":\"Manage Contracts\"}"}]}
RESULT: undefined
COMMAND: POST /session/6c63433432e656fe102e41a405bf48f6/element - {"using":"xpath","value":"//*[@id=\"__tile130-title\"]"}
RESULT: {"using":"xpath","value":"//*[@id=\"__tile130-title\"]"}
COMMAND: POST /session/6c63433432e656fe102e41a405bf48f6/element/f.D105F16D3864A3F2742A47C77377899E.d.B483CC146B7F42F8773CF569231DC4D5.e.9370/click - {}
RESULT: {}
COMMAND: GET /session/6c63433432e656fe102e41a405bf48f6/screenshot - {}
RESULT: {}
COMMAND: POST /session/6c63433432e656fe102e41a405bf48f6/element - {"using":"xpath","value":"//button[@data-kt=\"addButton\"]"}
RESULT: {"using":"xpath","value":"//button[@data-kt=\"addButton\"]"}
COMMAND: POST /session/6c63433432e656fe102e41a405bf48f6/elements - {"using":"xpath","value":"//button[@data-kt=\"addButton\"]"}
RESULT: {"using":"xpath","value":"//button[@data-kt=\"addButton\"]"}
COMMAND: POST /session/6c63433432e656fe102e41a405bf48f6/execute/sync - {"script":"<script> [8489 bytes]","args":[{"element-6066-11e4-a52e-4f735466cecf":"f.D105F16D3864A3F2742A47C77377899E.d.B483CC146B7F42F8773CF569231DC4D5.e.9446","ELEMENT":"f.D105F16D3864A3F2742A47C77377899E.d.B483CC146B7F42F8773CF569231DC4D5.e.9446"}]}
RESULT: {"script":"<script> [8489 bytes]","args":[{"element-6066-11e4-a52e-4f735466cecf":"f.D105F16D3864A3F2742A47C77377899E.d.B483CC146B7F42F8773CF569231DC4D5.e.9446","ELEMENT":"f.D105F16D3864A3F2742A47C77377899E.d.B483CC146B7F42F8773CF569231DC4D5.e.9446"}]}
COMMAND: GET /session/6c63433432e656fe102e41a405bf48f6/element/f.D105F16D3864A3F2742A47C77377899E.d.B483CC146B7F42F8773CF569231DC4D5.e.9446/enabled - {}
COMMAND: GET /session/6c63433432e656fe102e41a405bf48f6/screenshot - {}
RESULT: {}
COMMAND: POST /session/6c63433432e656fe102e41a405bf48f6/execute/sync - {"script":"<script> [8489 bytes]","args":[{"element-6066-11e4-a52e-4f735466cecf":"f.D105F16D3864A3F2742A47C77377899E.d.B483CC146B7F42F8773CF569231DC4D5.e.9446","ELEMENT":"f.D105F16D3864A3F2742A47C77377899E.d.B483CC146B7F42F8773CF569231DC4D5.e.9446"}]}
COMMAND: GET /session/6c63433432e656fe102e41a405bf48f6/screenshot - {}
RESULT: {}
RESULT: {"script":"<script> [8489 bytes]","args":[{"element-6066-11e4-a52e-4f735466cecf":"f.D105F16D3864A3F2742A47C77377899E.d.B483CC146B7F42F8773CF569231DC4D5.e.9446","ELEMENT":"f.D105F16D3864A3F2742A47C77377899E.d.B483CC146B7F42F8773CF569231DC4D5.e.9446"}]}
COMMAND: POST /session/6c63433432e656fe102e41a405bf48f6/execute/sync - {"script":"<script> [5351 bytes]","args":[{"element-6066-11e4-a52e-4f735466cecf":"f.D105F16D3864A3F2742A47C77377899E.d.B483CC146B7F42F8773CF569231DC4D5.e.9446","ELEMENT":"f.D105F16D3864A3F2742A47C77377899E.d.B483CC146B7F42F8773CF569231DC4D5.e.9446"}]}
COMMAND: GET /session/6c63433432e656fe102e41a405bf48f6/screenshot - {}
RESULT: {}
RESULT: {"script":"<script> [5351 bytes]","args":[{"element-6066-11e4-a52e-4f735466cecf":"f.D105F16D3864A3F2742A47C77377899E.d.B483CC146B7F42F8773CF569231DC4D5.e.9446","ELEMENT":"f.D105F16D3864A3F2742A47C77377899E.d.B483CC146B7F42F8773CF569231DC4D5.e.9446"}]}
COMMAND: GET /session/6c63433432e656fe102e41a405bf48f6/screenshot - {}
RESULT: {}
RESULT: {}
COMMAND: POST /session/6c63433432e656fe102e41a405bf48f6/element/f.D105F16D3864A3F2742A47C77377899E.d.B483CC146B7F42F8773CF569231DC4D5.e.9446/click - {}
RESULT: {}
COMMAND: GET /session/6c63433432e656fe102e41a405bf48f6/screenshot - {}
COMMAND: POST /session/6c63433432e656fe102e41a405bf48f6/execute/async - {"script":"<script> [1562 bytes]","args":[{"selector":{"id":"application-managecontracts-display-component---AddNewContract--projectDescription","interaction":{"idSuffix":"inner"}},"wdio_ui5_key":"applicationmanagecontracts-display-component---AddNewContract--projectDescription"}]}
RESULT: {}
RESULT: {"script":"<script> [1562 bytes]","args":[{"selector":{"id":"application-managecontracts-display-component---AddNewContract--projectDescription","interaction":{"idSuffix":"inner"}},"wdio_ui5_key":"applicationmanagecontracts-display-component---AddNewContract--projectDescription"}]}
RESULT: undefined
COMMAND: POST /session/6c63433432e656fe102e41a405bf48f6/execute/async - {"script":"<script> [776 bytes]","args":[{"enterText":"Mixed Contract WDIO","selector":{"id":"application-managecontracts-display-component---AddNewContract--projectDescription","interaction":{"idSuffix":"inner"}},"clearTextFirst":true,"interactionType":"ENTER_TEXT"}]}
RESULT: {"script":"<script> [776 bytes]","args":[{"enterText":"Mixed Contract WDIO","selector":{"id":"application-managecontracts-display-component---AddNewContract--projectDescription","interaction":{"idSuffix":"inner"}},"clearTextFirst":true,"interactionType":"ENTER_TEXT"}]}
COMMAND: POST /session/6c63433432e656fe102e41a405bf48f6/element - {"using":"xpath","value":"//input[@id=\"application-managecontracts-display-component---AddNewContract--site-inner\"]"}
RESULT: {"using":"xpath","value":"//input[@id=\"application-managecontracts-display-component---AddNewContract--site-inner\"]"}
COMMAND: POST /session/6c63433432e656fe102e41a405bf48f6/element/f.D105F16D3864A3F2742A47C77377899E.d.B483CC146B7F42F8773CF569231DC4D5.e.9909/clear - {}
RESULT: {}
COMMAND: POST /session/6c63433432e656fe102e41a405bf48f6/element/f.D105F16D3864A3F2742A47C77377899E.d.B483CC146B7F42F8773CF569231DC4D5.e.9909/value - {"text":"2382"}
COMMAND: GET /session/6c63433432e656fe102e41a405bf48f6/screenshot - {}
RESULT: {"text":"2382"}
COMMAND: GET /session/6c63433432e656fe102e41a405bf48f6/screenshot - {}
RESULT: {}
RESULT: {}
COMMAND: POST /session/6c63433432e656fe102e41a405bf48f6/element - {"using":"xpath","value":"//li[.//span[text()='2382']]"}
RESULT: {"using":"xpath","value":"//li[.//span[text()='2382']]"}
COMMAND: POST /session/6c63433432e656fe102e41a405bf48f6/element/f.D105F16D3864A3F2742A47C77377899E.d.B483CC146B7F42F8773CF569231DC4D5.e.9933/click - {}
RESULT: {}
COMMAND: GET /session/6c63433432e656fe102e41a405bf48f6/screenshot - {}
RESULT: {}
COMMAND: POST /session/6c63433432e656fe102e41a405bf48f6/element - {"using":"xpath","value":"//input[@id=\"application-managecontracts-display-component---AddNewContract--yardId-inner\"]"}
RESULT: {"using":"xpath","value":"//input[@id=\"application-managecontracts-display-component---AddNewContract--yardId-inner\"]"}
COMMAND: GET /session/6c63433432e656fe102e41a405bf48f6/element/f.D105F16D3864A3F2742A47C77377899E.d.B483CC146B7F42F8773CF569231DC4D5.e.9910/property/value - {}
RESULT: {}
COMMAND: POST /session/6c63433432e656fe102e41a405bf48f6/element - {"using":"xpath","value":"//input[@id=\"application-managecontracts-display-component---AddNewContract--customerSelect-inner\"]"}
COMMAND: GET /session/6c63433432e656fe102e41a405bf48f6/screenshot - {}
RESULT: {"using":"xpath","value":"//input[@id=\"application-managecontracts-display-component---AddNewContract--customerSelect-inner\"]"}
COMMAND: POST /session/6c63433432e656fe102e41a405bf48f6/element/f.D105F16D3864A3F2742A47C77377899E.d.B483CC146B7F42F8773CF569231DC4D5.e.9908/clear - {}
RESULT: {}
RESULT: {}
COMMAND: POST /session/6c63433432e656fe102e41a405bf48f6/element/f.D105F16D3864A3F2742A47C77377899E.d.B483CC146B7F42F8773CF569231DC4D5.e.9908/value - {"text":"1423"}
COMMAND: GET /session/6c63433432e656fe102e41a405bf48f6/screenshot - {}
RESULT: {"text":"1423"}
COMMAND: GET /session/6c63433432e656fe102e41a405bf48f6/screenshot - {}
RESULT: {}
RESULT: {}
COMMAND: POST /session/6c63433432e656fe102e41a405bf48f6/element - {"using":"xpath","value":"//li[.//span[text()='1423']]"}
RESULT: {"using":"xpath","value":"//li[.//span[text()='1423']]"}
COMMAND: POST /session/6c63433432e656fe102e41a405bf48f6/element/f.D105F16D3864A3F2742A47C77377899E.d.B483CC146B7F42F8773CF569231DC4D5.e.9936/click - {}
RESULT: {}
COMMAND: GET /session/6c63433432e656fe102e41a405bf48f6/screenshot - {}
RESULT: {}
COMMAND: POST /session/6c63433432e656fe102e41a405bf48f6/element - {"using":"xpath","value":"//button[@data-kt=\"saveButton\"]"}
RESULT: {"using":"xpath","value":"//button[@data-kt=\"saveButton\"]"}
COMMAND: POST /session/6c63433432e656fe102e41a405bf48f6/element/f.D105F16D3864A3F2742A47C77377899E.d.B483CC146B7F42F8773CF569231DC4D5.e.9926/click - {}
RESULT: {}
COMMAND: GET /session/6c63433432e656fe102e41a405bf48f6/screenshot - {}
RESULT: {}
COMMAND: POST /session/6c63433432e656fe102e41a405bf48f6/element - {"using":"xpath","value":"//span[contains(@id ,\"contractDetailTitleNoExpanded\")]"}
RESULT: {"using":"xpath","value":"//span[contains(@id ,\"contractDetailTitleNoExpanded\")]"}
COMMAND: POST /session/6c63433432e656fe102e41a405bf48f6/elements - {"using":"xpath","value":"//span[contains(@id ,\"contractDetailTitleNoExpanded\")]"}
RESULT: {"using":"xpath","value":"//span[contains(@id ,\"contractDetailTitleNoExpanded\")]"}
COMMAND: POST /session/6c63433432e656fe102e41a405bf48f6/execute/sync - {"script":"<script> [56 bytes]","args":[{"element-6066-11e4-a52e-4f735466cecf":"f.D105F16D3864A3F2742A47C77377899E.d.B483CC146B7F42F8773CF569231DC4D5.e.10005","ELEMENT":"f.D105F16D3864A3F2742A47C77377899E.d.B483CC146B7F42F8773CF569231DC4D5.e.10005"}]}
RESULT: {"script":"<script> [56 bytes]","args":[{"element-6066-11e4-a52e-4f735466cecf":"f.D105F16D3864A3F2742A47C77377899E.d.B483CC146B7F42F8773CF569231DC4D5.e.10005","ELEMENT":"f.D105F16D3864A3F2742A47C77377899E.d.B483CC146B7F42F8773CF569231DC4D5.e.10005"}]}
COMMAND: GET /session/6c63433432e656fe102e41a405bf48f6/screenshot - {}
RESULT: {}
]]></system-out>
    </testcase>
    <testcase classname="chrome.135_0_7049_96.windows.Create_master_data_for_mixed_billing_&amp;_do_billing_calculation_US151661" name="Should add equipment to the contract" time="46.025">
      <system-out><![CDATA[
COMMAND: POST /session/6c63433432e656fe102e41a405bf48f6/element - {"using":"xpath","value":"//button[@data-kt=\"contractDetailEditBtnButton\"]"}
RESULT: {"using":"xpath","value":"//button[@data-kt=\"contractDetailEditBtnButton\"]"}
COMMAND: POST /session/6c63433432e656fe102e41a405bf48f6/element/f.D105F16D3864A3F2742A47C77377899E.d.B483CC146B7F42F8773CF569231DC4D5.e.10008/click - {}
RESULT: {}
COMMAND: GET /session/6c63433432e656fe102e41a405bf48f6/screenshot - {}
RESULT: {}
COMMAND: POST /session/6c63433432e656fe102e41a405bf48f6/element - {"using":"xpath","value":"(//span[contains(text(), \"Additional Addresses\")])[2]"}
RESULT: {"using":"xpath","value":"(//span[contains(text(), \"Additional Addresses\")])[2]"}
COMMAND: POST /session/6c63433432e656fe102e41a405bf48f6/element/f.D105F16D3864A3F2742A47C77377899E.d.B483CC146B7F42F8773CF569231DC4D5.e.10063/click - {}
RESULT: {}
COMMAND: GET /session/6c63433432e656fe102e41a405bf48f6/screenshot - {}
RESULT: {}
COMMAND: POST /session/6c63433432e656fe102e41a405bf48f6/element - {"using":"xpath","value":"//button[@data-kt=\"btnAddTableRowOverflowToolbarButton\"]"}
RESULT: {"using":"xpath","value":"//button[@data-kt=\"btnAddTableRowOverflowToolbarButton\"]"}
COMMAND: POST /session/6c63433432e656fe102e41a405bf48f6/element/f.D105F16D3864A3F2742A47C77377899E.d.B483CC146B7F42F8773CF569231DC4D5.e.10067/click - {}
RESULT: {}
COMMAND: GET /session/6c63433432e656fe102e41a405bf48f6/screenshot - {}
RESULT: {}
COMMAND: POST /session/6c63433432e656fe102e41a405bf48f6/element - {"using":"xpath","value":"//div[(text() = 'Standard Entry' or . = 'Standard Entry')]"}
RESULT: {"using":"xpath","value":"//div[(text() = 'Standard Entry' or . = 'Standard Entry')]"}
COMMAND: POST /session/6c63433432e656fe102e41a405bf48f6/element/f.D105F16D3864A3F2742A47C77377899E.d.B483CC146B7F42F8773CF569231DC4D5.e.10068/click - {}
RESULT: {}
COMMAND: GET /session/6c63433432e656fe102e41a405bf48f6/screenshot - {}
RESULT: {}
COMMAND: POST /session/6c63433432e656fe102e41a405bf48f6/element - {"using":"xpath","value":"//td[7]/div/div/input"}
RESULT: {"using":"xpath","value":"//td[7]/div/div/input"}
COMMAND: POST /session/6c63433432e656fe102e41a405bf48f6/element/f.D105F16D3864A3F2742A47C77377899E.d.B483CC146B7F42F8773CF569231DC4D5.e.10077/clear - {}
RESULT: {}
COMMAND: POST /session/6c63433432e656fe102e41a405bf48f6/element/f.D105F16D3864A3F2742A47C77377899E.d.B483CC146B7F42F8773CF569231DC4D5.e.10077/value - {"text":"DtYVYMnqrN"}
COMMAND: GET /session/6c63433432e656fe102e41a405bf48f6/screenshot - {}
RESULT: {"text":"DtYVYMnqrN"}
COMMAND: GET /session/6c63433432e656fe102e41a405bf48f6/screenshot - {}
RESULT: {}
RESULT: {}
COMMAND: POST /session/6c63433432e656fe102e41a405bf48f6/actions - {"actions":[{"id":"action34","type":"key","parameters":{},"actions":[{"type":"keyDown","value":"î€‡"},{"type":"pause","duration":10},{"type":"keyUp","value":"î€‡"}]}]}
RESULT: {"actions":[{"id":"action34","type":"key","parameters":{},"actions":[{"type":"keyDown","value":"î€‡"},{"type":"pause","duration":10},{"type":"keyUp","value":"î€‡"}]}]}
COMMAND: GET /session/6c63433432e656fe102e41a405bf48f6/screenshot - {}
RESULT: {}
COMMAND: POST /session/6c63433432e656fe102e41a405bf48f6/execute/sync - {"script":"<script> [276 bytes]","args":["No pricing information was found"]}
RESULT: {"script":"<script> [276 bytes]","args":["No pricing information was found"]}
COMMAND: POST /session/6c63433432e656fe102e41a405bf48f6/element - {"using":"xpath","value":"(//button[@data-kt=\"saveButton\"])[2]"}
COMMAND: GET /session/6c63433432e656fe102e41a405bf48f6/screenshot - {}
RESULT: {"using":"xpath","value":"(//button[@data-kt=\"saveButton\"])[2]"}
COMMAND: POST /session/6c63433432e656fe102e41a405bf48f6/element/f.D105F16D3864A3F2742A47C77377899E.d.B483CC146B7F42F8773CF569231DC4D5.e.10092/click - {}
RESULT: {}
RESULT: {}
COMMAND: GET /session/6c63433432e656fe102e41a405bf48f6/screenshot - {}
RESULT: {}
COMMAND: POST /session/6c63433432e656fe102e41a405bf48f6/execute/sync - {"script":"<script> [276 bytes]","args":["Some contract items are having rental validity exceeding header rental validity"]}
RESULT: {"script":"<script> [276 bytes]","args":["Some contract items are having rental validity exceeding header rental validity"]}
COMMAND: GET /session/6c63433432e656fe102e41a405bf48f6/screenshot - {}
RESULT: {}
COMMAND: POST /session/6c63433432e656fe102e41a405bf48f6/element - {"using":"xpath","value":"//span[contains(@id ,\"contractItemsSmartTable-header-inner\")]"}
RESULT: {"using":"xpath","value":"//span[contains(@id ,\"contractItemsSmartTable-header-inner\")]"}
COMMAND: POST /session/6c63433432e656fe102e41a405bf48f6/elements - {"using":"xpath","value":"//span[contains(@id ,\"contractItemsSmartTable-header-inner\")]"}
RESULT: {"using":"xpath","value":"//span[contains(@id ,\"contractItemsSmartTable-header-inner\")]"}
COMMAND: POST /session/6c63433432e656fe102e41a405bf48f6/execute/sync - {"script":"<script> [56 bytes]","args":[{"element-6066-11e4-a52e-4f735466cecf":"f.D105F16D3864A3F2742A47C77377899E.d.B483CC146B7F42F8773CF569231DC4D5.e.10098","ELEMENT":"f.D105F16D3864A3F2742A47C77377899E.d.B483CC146B7F42F8773CF569231DC4D5.e.10098"}]}
RESULT: {"script":"<script> [56 bytes]","args":[{"element-6066-11e4-a52e-4f735466cecf":"f.D105F16D3864A3F2742A47C77377899E.d.B483CC146B7F42F8773CF569231DC4D5.e.10098","ELEMENT":"f.D105F16D3864A3F2742A47C77377899E.d.B483CC146B7F42F8773CF569231DC4D5.e.10098"}]}
COMMAND: GET /session/6c63433432e656fe102e41a405bf48f6/screenshot - {}
]]></system-out>
    </testcase>
    <testcase classname="chrome.135_0_7049_96.windows.Create_master_data_for_mixed_billing_&amp;_do_billing_calculation_US151661" name="Should do a provide to site handover" time="52.644">
      <system-out><![CDATA[
COMMAND: POST /session/6c63433432e656fe102e41a405bf48f6/element - {"using":"xpath","value":"//button[@data-kt=\"provideButton\"]"}
RESULT: {}
RESULT: {"using":"xpath","value":"//button[@data-kt=\"provideButton\"]"}
COMMAND: POST /session/6c63433432e656fe102e41a405bf48f6/element/f.D105F16D3864A3F2742A47C77377899E.d.B483CC146B7F42F8773CF569231DC4D5.e.10099/click - {}
RESULT: {}
COMMAND: GET /session/6c63433432e656fe102e41a405bf48f6/screenshot - {}
RESULT: undefined
COMMAND: POST /session/6c63433432e656fe102e41a405bf48f6/execute/async - {"script":"<script> [6424 bytes]","args":[{"element-6066-11e4-a52e-4f735466cecf":"f.D105F16D3864A3F2742A47C77377899E.d.B483CC146B7F42F8773CF569231DC4D5.e.8963"},"setValue",["05/04/2025"]]}
RESULT: {}
COMMAND: POST /session/6c63433432e656fe102e41a405bf48f6/execute/async - {"script":"<script> [1562 bytes]","args":[{"selector":{"id":"application-managehandovers-display-component---AddNewHO--dueDate","interaction":{"idSuffix":"inner"}},"wdio_ui5_key":"applicationmanagehandovers-display-component---AddNewHO--dueDate"}]}
RESULT: {"script":"<script> [1562 bytes]","args":[{"selector":{"id":"application-managehandovers-display-component---AddNewHO--dueDate","interaction":{"idSuffix":"inner"}},"wdio_ui5_key":"applicationmanagehandovers-display-component---AddNewHO--dueDate"}]}
COMMAND: POST /session/6c63433432e656fe102e41a405bf48f6/execute/async - {"script":"<script> [6424 bytes]","args":[{"element-6066-11e4-a52e-4f735466cecf":"f.D105F16D3864A3F2742A47C77377899E.d.B483CC146B7F42F8773CF569231DC4D5.e.10156"},"setValue",["05/04/2025"]]}
RESULT: {"script":"<script> [6424 bytes]","args":[{"element-6066-11e4-a52e-4f735466cecf":"f.D105F16D3864A3F2742A47C77377899E.d.B483CC146B7F42F8773CF569231DC4D5.e.10156"},"setValue",["05/04/2025"]]}
COMMAND: POST /session/6c63433432e656fe102e41a405bf48f6/element - {"using":"xpath","value":"//bdi[contains(text(), \"Instructions\")]"}
RESULT: {"using":"xpath","value":"//bdi[contains(text(), \"Instructions\")]"}
COMMAND: POST /session/6c63433432e656fe102e41a405bf48f6/element/f.D105F16D3864A3F2742A47C77377899E.d.B483CC146B7F42F8773CF569231DC4D5.e.10410/click - {}
RESULT: {}
COMMAND: GET /session/6c63433432e656fe102e41a405bf48f6/screenshot - {}
RESULT: {}
COMMAND: POST /session/6c63433432e656fe102e41a405bf48f6/element - {"using":"xpath","value":"//button[@data-kt=\"AddNewHOProvideAddItemsButton\"]"}
RESULT: {"using":"xpath","value":"//button[@data-kt=\"AddNewHOProvideAddItemsButton\"]"}
COMMAND: POST /session/6c63433432e656fe102e41a405bf48f6/element/f.D105F16D3864A3F2742A47C77377899E.d.B483CC146B7F42F8773CF569231DC4D5.e.10414/click - {}
RESULT: {}
COMMAND: GET /session/6c63433432e656fe102e41a405bf48f6/screenshot - {}
RESULT: {}
RESULT: undefined
COMMAND: POST /session/6c63433432e656fe102e41a405bf48f6/element - {"using":"xpath","value":"//*[@id=\"application-managehandovers-display-component---AddNewHO--popup-sa\"]"}
RESULT: {"using":"xpath","value":"//*[@id=\"application-managehandovers-display-component---AddNewHO--popup-sa\"]"}
COMMAND: POST /session/6c63433432e656fe102e41a405bf48f6/element/f.D105F16D3864A3F2742A47C77377899E.d.B483CC146B7F42F8773CF569231DC4D5.e.10430/click - {}
RESULT: {}
COMMAND: GET /session/6c63433432e656fe102e41a405bf48f6/screenshot - {}
RESULT: {}
COMMAND: POST /session/6c63433432e656fe102e41a405bf48f6/element - {"using":"xpath","value":"//*[contains(@id ,\"BDI-content\")][contains(text(), \"Select\")]"}
RESULT: {"using":"xpath","value":"//*[contains(@id ,\"BDI-content\")][contains(text(), \"Select\")]"}
COMMAND: POST /session/6c63433432e656fe102e41a405bf48f6/element/f.D105F16D3864A3F2742A47C77377899E.d.B483CC146B7F42F8773CF569231DC4D5.e.10432/click - {}
RESULT: {}
COMMAND: GET /session/6c63433432e656fe102e41a405bf48f6/screenshot - {}
RESULT: {}
COMMAND: POST /session/6c63433432e656fe102e41a405bf48f6/execute/async - {"script":"<script> [1562 bytes]","args":[{"selector":{"id":"application-managehandovers-display-component---AddNewHO--confirmCreationButton","interaction":{"idSuffix":"BDI-content"}},"wdio_ui5_key":"applicationmanagehandovers-display-component---AddNewHO--confirmCreationButton"}]}
RESULT: {"script":"<script> [1562 bytes]","args":[{"selector":{"id":"application-managehandovers-display-component---AddNewHO--confirmCreationButton","interaction":{"idSuffix":"BDI-content"}},"wdio_ui5_key":"applicationmanagehandovers-display-component---AddNewHO--confirmCreationButton"}]}
RESULT: undefined
COMMAND: POST /session/6c63433432e656fe102e41a405bf48f6/element - {"using":"xpath","value":"//*[@id=\"application-managehandovers-display-component---AddNewHO--confirmCreationButton\"]"}
RESULT: {"using":"xpath","value":"//*[@id=\"application-managehandovers-display-component---AddNewHO--confirmCreationButton\"]"}
COMMAND: POST /session/6c63433432e656fe102e41a405bf48f6/element/f.D105F16D3864A3F2742A47C77377899E.d.B483CC146B7F42F8773CF569231DC4D5.e.10236/click - {}
RESULT: {}
COMMAND: GET /session/6c63433432e656fe102e41a405bf48f6/screenshot - {}
RESULT: {}
COMMAND: POST /session/6c63433432e656fe102e41a405bf48f6/element - {"using":"xpath","value":"//button[@data-kt=\"PickingTableConfirmAllButton\"]"}
RESULT: {"using":"xpath","value":"//button[@data-kt=\"PickingTableConfirmAllButton\"]"}
COMMAND: POST /session/6c63433432e656fe102e41a405bf48f6/element/f.D105F16D3864A3F2742A47C77377899E.d.B483CC146B7F42F8773CF569231DC4D5.e.10470/click - {}
COMMAND: POST /session/6c63433432e656fe102e41a405bf48f6/element - {"using":"xpath","value":"//button[@data-kt=\"PickingTableConfirmAllButton\"]"}
RESULT: {"using":"xpath","value":"//button[@data-kt=\"PickingTableConfirmAllButton\"]"}
COMMAND: POST /session/6c63433432e656fe102e41a405bf48f6/element/f.D105F16D3864A3F2742A47C77377899E.d.B483CC146B7F42F8773CF569231DC4D5.e.10470/click - {}
COMMAND: POST /session/6c63433432e656fe102e41a405bf48f6/element - {"using":"xpath","value":"//button[@data-kt=\"PickingTableConfirmAllButton\"]"}
RESULT: {"using":"xpath","value":"//button[@data-kt=\"PickingTableConfirmAllButton\"]"}
COMMAND: POST /session/6c63433432e656fe102e41a405bf48f6/element/f.D105F16D3864A3F2742A47C77377899E.d.B483CC146B7F42F8773CF569231DC4D5.e.10481/click - {}
RESULT: {}
COMMAND: GET /session/6c63433432e656fe102e41a405bf48f6/screenshot - {}
RESULT: {}
COMMAND: POST /session/6c63433432e656fe102e41a405bf48f6/element - {"using":"xpath","value":"//bdi[contains(text(), \"OK\")]"}
RESULT: {"using":"xpath","value":"//bdi[contains(text(), \"OK\")]"}
COMMAND: POST /session/6c63433432e656fe102e41a405bf48f6/element/f.D105F16D3864A3F2742A47C77377899E.d.B483CC146B7F42F8773CF569231DC4D5.e.10494/click - {}
RESULT: {}
COMMAND: GET /session/6c63433432e656fe102e41a405bf48f6/screenshot - {}
RESULT: {}
COMMAND: POST /session/6c63433432e656fe102e41a405bf48f6/element - {"using":"xpath","value":"//bdi[contains(text(), \"Ok\")]"}
RESULT: {"using":"xpath","value":"//bdi[contains(text(), \"Ok\")]"}
COMMAND: POST /session/6c63433432e656fe102e41a405bf48f6/element/f.D105F16D3864A3F2742A47C77377899E.d.B483CC146B7F42F8773CF569231DC4D5.e.10503/click - {}
RESULT: {}
COMMAND: GET /session/6c63433432e656fe102e41a405bf48f6/screenshot - {}
RESULT: {}
COMMAND: POST /session/6c63433432e656fe102e41a405bf48f6/element - {"using":"xpath","value":"//bdi[contains(text(), \"Issue\")]"}
RESULT: {"using":"xpath","value":"//bdi[contains(text(), \"Issue\")]"}
COMMAND: POST /session/6c63433432e656fe102e41a405bf48f6/element/f.D105F16D3864A3F2742A47C77377899E.d.B483CC146B7F42F8773CF569231DC4D5.e.10505/click - {}
RESULT: {}
COMMAND: GET /session/6c63433432e656fe102e41a405bf48f6/screenshot - {}
RESULT: {}
COMMAND: POST /session/6c63433432e656fe102e41a405bf48f6/element - {"using":"css selector","value":"#shell-header-logo"}
RESULT: {"using":"css selector","value":"#shell-header-logo"}
COMMAND: POST /session/6c63433432e656fe102e41a405bf48f6/element/f.D105F16D3864A3F2742A47C77377899E.d.B483CC146B7F42F8773CF569231DC4D5.e.9374/click - {}
RESULT: {}
COMMAND: GET /session/6c63433432e656fe102e41a405bf48f6/screenshot - {}
RESULT: {}
]]></system-out>
    </testcase>
    <testcase classname="chrome.135_0_7049_96.windows.Create_master_data_for_mixed_billing_&amp;_do_billing_calculation_US151661" name="Should create a few performance documents" time="95.157">
      <system-out><![CDATA[
COMMAND: POST /session/6c63433432e656fe102e41a405bf48f6/window/fullscreen - {}
RESULT: {}
COMMAND: POST /session/6c63433432e656fe102e41a405bf48f6/execute/async - {"script":"<script> [1562 bytes]","args":[{"selector":{"controlType":"sap.m.GenericTile","properties":{"header":"Manage States & Performance"}},"wdio_ui5_key":"sapm.GenericTile{\"header\":\"Manage States & Performance\"}"}]}
RESULT: {"script":"<script> [1562 bytes]","args":[{"selector":{"controlType":"sap.m.GenericTile","properties":{"header":"Manage States & Performance"}},"wdio_ui5_key":"sapm.GenericTile{\"header\":\"Manage States & Performance\"}"}]}
RESULT: undefined
COMMAND: POST /session/6c63433432e656fe102e41a405bf48f6/element - {"using":"xpath","value":"//*[@id=\"__tile56\"]"}
RESULT: {"using":"xpath","value":"//*[@id=\"__tile56\"]"}
COMMAND: POST /session/6c63433432e656fe102e41a405bf48f6/element/f.D105F16D3864A3F2742A47C77377899E.d.B483CC146B7F42F8773CF569231DC4D5.e.2819/click - {}
RESULT: {}
COMMAND: POST /session/6c63433432e656fe102e41a405bf48f6/execute/async - {"script":"<script> [1562 bytes]","args":[{"selector":{"id":"application-managestatesandperformance-display-component---stateAndPerform--smartFilterBarResources-btnBasicSearch","interaction":{"idSuffix":"I"}},"wdio_ui5_key":"applicationmanagestatesandperformance-display-component---stateAndPerform--smartFilterBarResources-btnBasicSearch"}]}
COMMAND: GET /session/6c63433432e656fe102e41a405bf48f6/screenshot - {}
RESULT: {"script":"<script> [1562 bytes]","args":[{"selector":{"id":"application-managestatesandperformance-display-component---stateAndPerform--smartFilterBarResources-btnBasicSearch","interaction":{"idSuffix":"I"}},"wdio_ui5_key":"applicationmanagestatesandperformance-display-component---stateAndPerform--smartFilterBarResources-btnBasicSearch"}]}
RESULT: undefined
COMMAND: POST /session/6c63433432e656fe102e41a405bf48f6/execute/async - {"script":"<script> [776 bytes]","args":[{"enterText":"DtYVYMnqrN","selector":{"id":"application-managestatesandperformance-display-component---stateAndPerform--smartFilterBarResources-btnBasicSearch","interaction":{"idSuffix":"I"}},"clearTextFirst":true,"interactionType":"ENTER_TEXT"}]}
RESULT: {}
RESULT: {"script":"<script> [776 bytes]","args":[{"enterText":"DtYVYMnqrN","selector":{"id":"application-managestatesandperformance-display-component---stateAndPerform--smartFilterBarResources-btnBasicSearch","interaction":{"idSuffix":"I"}},"clearTextFirst":true,"interactionType":"ENTER_TEXT"}]}
COMMAND: POST /session/6c63433432e656fe102e41a405bf48f6/actions - {"actions":[{"id":"action35","type":"key","parameters":{},"actions":[{"type":"keyDown","value":"î€‡"},{"type":"pause","duration":10},{"type":"keyUp","value":"î€‡"}]}]}
RESULT: {"actions":[{"id":"action35","type":"key","parameters":{},"actions":[{"type":"keyDown","value":"î€‡"},{"type":"pause","duration":10},{"type":"keyUp","value":"î€‡"}]}]}
COMMAND: GET /session/6c63433432e656fe102e41a405bf48f6/screenshot - {}
RESULT: {}
COMMAND: POST /session/6c63433432e656fe102e41a405bf48f6/execute/async - {"script":"<script> [1562 bytes]","args":[{"selector":{"id":"application-managestatesandperformance-display-component---stateAndPerform--stateAndPerformResourcesSmartTable-header"},"wdio_ui5_key":"applicationmanagestatesandperformance-display-component---stateAndPerform--stateAndPerformResourcesSmartTable-header"}]}
RESULT: {"script":"<script> [1562 bytes]","args":[{"selector":{"id":"application-managestatesandperformance-display-component---stateAndPerform--stateAndPerformResourcesSmartTable-header"},"wdio_ui5_key":"applicationmanagestatesandperformance-display-component---stateAndPerform--stateAndPerformResourcesSmartTable-header"}]}
RESULT: undefined
COMMAND: POST /session/6c63433432e656fe102e41a405bf48f6/execute/async - {"script":"<script> [6424 bytes]","args":[{"element-6066-11e4-a52e-4f735466cecf":"f.D105F16D3864A3F2742A47C77377899E.d.B483CC146B7F42F8773CF569231DC4D5.e.10896"},"getText",[]]}
RESULT: {"script":"<script> [6424 bytes]","args":[{"element-6066-11e4-a52e-4f735466cecf":"f.D105F16D3864A3F2742A47C77377899E.d.B483CC146B7F42F8773CF569231DC4D5.e.10896"},"getText",[]]}
COMMAND: POST /session/6c63433432e656fe102e41a405bf48f6/execute/async - {"script":"<script> [1562 bytes]","args":[{"selector":{"controlType":"sap.ui.core.Icon","viewName":"etm.portal.ui.managestatesandperformance.view.Master","viewId":"application-managestatesandperformance-display-component---stateAndPerform","properties":{"src":{"regex":{"source":"slim\\-arrow\\-right"}}}},"wdio_ui5_key":"etmportal.ui.managestatesandperformance.view.Mastersap.ui.core.Icon{\"src\":{\"regex\":{\"source\":\"slim\\\\-arrow\\\\-right\"}}}"}]}
RESULT: {"script":"<script> [1562 bytes]","args":[{"selector":{"controlType":"sap.ui.core.Icon","viewName":"etm.portal.ui.managestatesandperformance.view.Master","viewId":"application-managestatesandperformance-display-component---stateAndPerform","properties":{"src":{"regex":{"source":"slim\\-arrow\\-right"}}}},"wdio_ui5_key":"etmportal.ui.managestatesandperformance.view.Mastersap.ui.core.Icon{\"src\":{\"regex\":{\"source\":\"slim\\\\-arrow\\\\-right\"}}}"}]}
RESULT: undefined
COMMAND: POST /session/6c63433432e656fe102e41a405bf48f6/element - {"using":"xpath","value":"//*[@id=\"__item4473-__clone16016-imgNav\"]"}
RESULT: {"using":"xpath","value":"//*[@id=\"__item4473-__clone16016-imgNav\"]"}
COMMAND: POST /session/6c63433432e656fe102e41a405bf48f6/element/f.D105F16D3864A3F2742A47C77377899E.d.B483CC146B7F42F8773CF569231DC4D5.e.10895/click - {}
RESULT: {}
COMMAND: GET /session/6c63433432e656fe102e41a405bf48f6/screenshot - {}
RESULT: {}
COMMAND: POST /session/6c63433432e656fe102e41a405bf48f6/execute/async - {"script":"<script> [1562 bytes]","args":[{"selector":{"controlType":"sap.m.Button","viewName":"etm.portal.ui.managestatesandperformance.view.Detail","viewId":"application-managestatesandperformance-display-component---detailStateAndPerform","properties":{"text":"Performance Documents"}},"wdio_ui5_key":"etmportal.ui.managestatesandperformance.view.Detailsap.m.Button{\"text\":\"Performance Documents\"}"}]}
RESULT: {"script":"<script> [1562 bytes]","args":[{"selector":{"controlType":"sap.m.Button","viewName":"etm.portal.ui.managestatesandperformance.view.Detail","viewId":"application-managestatesandperformance-display-component---detailStateAndPerform","properties":{"text":"Performance Documents"}},"wdio_ui5_key":"etmportal.ui.managestatesandperformance.view.Detailsap.m.Button{\"text\":\"Performance Documents\"}"}]}
RESULT: undefined
COMMAND: POST /session/6c63433432e656fe102e41a405bf48f6/element - {"using":"xpath","value":"//*[@id=\"__item4496-button\"]"}
RESULT: {"using":"xpath","value":"//*[@id=\"__item4496-button\"]"}
COMMAND: POST /session/6c63433432e656fe102e41a405bf48f6/element/f.D105F16D3864A3F2742A47C77377899E.d.B483CC146B7F42F8773CF569231DC4D5.e.10943/click - {}
RESULT: {}
COMMAND: POST /session/6c63433432e656fe102e41a405bf48f6/execute/async - {"script":"<script> [1562 bytes]","args":[{"selector":{"controlType":"sap.m.Button","viewName":"etm.portal.ui.managestatesandperformance.view.Detail","viewId":"application-managestatesandperformance-display-component---detailStateAndPerform","i18NText":{"propertyName":"text","key":"createPerformanceDoc"},"interaction":{"idSuffix":"BDI-content"}},"wdio_ui5_key":"etmportal.ui.managestatesandperformance.view.Detailsap.m.Button{\"propertyName\":\"text\",\"key\":\"createPerformanceDoc\"}"}]}
COMMAND: GET /session/6c63433432e656fe102e41a405bf48f6/screenshot - {}
RESULT: {"script":"<script> [1562 bytes]","args":[{"selector":{"controlType":"sap.m.Button","viewName":"etm.portal.ui.managestatesandperformance.view.Detail","viewId":"application-managestatesandperformance-display-component---detailStateAndPerform","i18NText":{"propertyName":"text","key":"createPerformanceDoc"},"interaction":{"idSuffix":"BDI-content"}},"wdio_ui5_key":"etmportal.ui.managestatesandperformance.view.Detailsap.m.Button{\"propertyName\":\"text\",\"key\":\"createPerformanceDoc\"}"}]}
RESULT: undefined
COMMAND: POST /session/6c63433432e656fe102e41a405bf48f6/element - {"using":"xpath","value":"//*[@id=\"__button515\"]"}
RESULT: {}
RESULT: {"using":"xpath","value":"//*[@id=\"__button515\"]"}
COMMAND: POST /session/6c63433432e656fe102e41a405bf48f6/element/f.D105F16D3864A3F2742A47C77377899E.d.B483CC146B7F42F8773CF569231DC4D5.e.10947/click - {}
RESULT: {}
COMMAND: POST /session/6c63433432e656fe102e41a405bf48f6/execute/async - {"script":"<script> [1562 bytes]","args":[{"selector":{"id":"application-managestatesandperformance-display-component---detailStateAndPerform--perfDocDatePicker","searchOpenDialogs":true,"interaction":{"idSuffix":"inner"}},"wdio_ui5_key":"applicationmanagestatesandperformance-display-component---detailStateAndPerform--perfDocDatePicker"}]}
COMMAND: GET /session/6c63433432e656fe102e41a405bf48f6/screenshot - {}
RESULT: {"script":"<script> [1562 bytes]","args":[{"selector":{"id":"application-managestatesandperformance-display-component---detailStateAndPerform--perfDocDatePicker","searchOpenDialogs":true,"interaction":{"idSuffix":"inner"}},"wdio_ui5_key":"applicationmanagestatesandperformance-display-component---detailStateAndPerform--perfDocDatePicker"}]}
RESULT: undefined
COMMAND: POST /session/6c63433432e656fe102e41a405bf48f6/execute/async - {"script":"<script> [776 bytes]","args":[{"enterText":"05/06/25","selector":{"id":"application-managestatesandperformance-display-component---detailStateAndPerform--perfDocDatePicker","searchOpenDialogs":true,"interaction":{"idSuffix":"inner"}},"clearTextFirst":true,"interactionType":"ENTER_TEXT"}]}
RESULT: {}
RESULT: {"script":"<script> [776 bytes]","args":[{"enterText":"05/06/25","selector":{"id":"application-managestatesandperformance-display-component---detailStateAndPerform--perfDocDatePicker","searchOpenDialogs":true,"interaction":{"idSuffix":"inner"}},"clearTextFirst":true,"interactionType":"ENTER_TEXT"}]}
COMMAND: POST /session/6c63433432e656fe102e41a405bf48f6/execute/async - {"script":"<script> [1562 bytes]","args":[{"selector":{"id":"application-managestatesandperformance-display-component---detailStateAndPerform--counterValue-input","searchOpenDialogs":true,"interaction":{"idSuffix":"inner"}},"wdio_ui5_key":"applicationmanagestatesandperformance-display-component---detailStateAndPerform--counterValue-input"}]}
RESULT: {"script":"<script> [1562 bytes]","args":[{"selector":{"id":"application-managestatesandperformance-display-component---detailStateAndPerform--counterValue-input","searchOpenDialogs":true,"interaction":{"idSuffix":"inner"}},"wdio_ui5_key":"applicationmanagestatesandperformance-display-component---detailStateAndPerform--counterValue-input"}]}
RESULT: undefined
COMMAND: POST /session/6c63433432e656fe102e41a405bf48f6/execute/async - {"script":"<script> [776 bytes]","args":[{"enterText":"15.00","selector":{"id":"application-managestatesandperformance-display-component---detailStateAndPerform--counterValue-input","searchOpenDialogs":true,"interaction":{"idSuffix":"inner"}},"clearTextFirst":true,"interactionType":"ENTER_TEXT"}]}
RESULT: {"script":"<script> [776 bytes]","args":[{"enterText":"15.00","selector":{"id":"application-managestatesandperformance-display-component---detailStateAndPerform--counterValue-input","searchOpenDialogs":true,"interaction":{"idSuffix":"inner"}},"clearTextFirst":true,"interactionType":"ENTER_TEXT"}]}
COMMAND: POST /session/6c63433432e656fe102e41a405bf48f6/execute/async - {"script":"<script> [1562 bytes]","args":[{"selector":{"controlType":"sap.m.Button","viewName":"etm.portal.ui.managestatesandperformance.view.Detail","viewId":"application-managestatesandperformance-display-component---detailStateAndPerform","bindingPath":{"path":"","propertyPath":"/allowAddEdit","modelName":"oScreenModel"},"searchOpenDialogs":true,"interaction":{"idSuffix":"BDI-content"}},"wdio_ui5_key":"etmportal.ui.managestatesandperformance.view.Detailsap.m.Button{\"path\":\"\",\"propertyPath\":\"/allowAddEdit\",\"modelName\":\"oScreenModel\"}"}]}
RESULT: {"script":"<script> [1562 bytes]","args":[{"selector":{"controlType":"sap.m.Button","viewName":"etm.portal.ui.managestatesandperformance.view.Detail","viewId":"application-managestatesandperformance-display-component---detailStateAndPerform","bindingPath":{"path":"","propertyPath":"/allowAddEdit","modelName":"oScreenModel"},"searchOpenDialogs":true,"interaction":{"idSuffix":"BDI-content"}},"wdio_ui5_key":"etmportal.ui.managestatesandperformance.view.Detailsap.m.Button{\"path\":\"\",\"propertyPath\":\"/allowAddEdit\",\"modelName\":\"oScreenModel\"}"}]}
RESULT: undefined
COMMAND: POST /session/6c63433432e656fe102e41a405bf48f6/element - {"using":"xpath","value":"//*[@id=\"__button522\"]"}
RESULT: {"using":"xpath","value":"//*[@id=\"__button522\"]"}
COMMAND: POST /session/6c63433432e656fe102e41a405bf48f6/element/f.D105F16D3864A3F2742A47C77377899E.d.B483CC146B7F42F8773CF569231DC4D5.e.10968/click - {}
RESULT: {}
RESULT: undefined
COMMAND: POST /session/6c63433432e656fe102e41a405bf48f6/element - {"using":"xpath","value":"//*[@id=\"__button515\"]"}
COMMAND: GET /session/6c63433432e656fe102e41a405bf48f6/screenshot - {}
RESULT: {"using":"xpath","value":"//*[@id=\"__button515\"]"}
COMMAND: POST /session/6c63433432e656fe102e41a405bf48f6/element/f.D105F16D3864A3F2742A47C77377899E.d.B483CC146B7F42F8773CF569231DC4D5.e.10947/click - {}
RESULT: {}
RESULT: {}
RESULT: undefined
COMMAND: POST /session/6c63433432e656fe102e41a405bf48f6/execute/async - {"script":"<script> [776 bytes]","args":[{"enterText":"05/10/25","selector":{"id":"application-managestatesandperformance-display-component---detailStateAndPerform--perfDocDatePicker","searchOpenDialogs":true,"interaction":{"idSuffix":"inner"}},"clearTextFirst":true,"interactionType":"ENTER_TEXT"}]}
COMMAND: GET /session/6c63433432e656fe102e41a405bf48f6/screenshot - {}
RESULT: {"script":"<script> [776 bytes]","args":[{"enterText":"05/10/25","selector":{"id":"application-managestatesandperformance-display-component---detailStateAndPerform--perfDocDatePicker","searchOpenDialogs":true,"interaction":{"idSuffix":"inner"}},"clearTextFirst":true,"interactionType":"ENTER_TEXT"}]}
RESULT: undefined
COMMAND: POST /session/6c63433432e656fe102e41a405bf48f6/execute/async - {"script":"<script> [776 bytes]","args":[{"enterText":"20.00","selector":{"id":"application-managestatesandperformance-display-component---detailStateAndPerform--counterValue-input","searchOpenDialogs":true,"interaction":{"idSuffix":"inner"}},"clearTextFirst":true,"interactionType":"ENTER_TEXT"}]}
RESULT: {}
RESULT: {"script":"<script> [776 bytes]","args":[{"enterText":"20.00","selector":{"id":"application-managestatesandperformance-display-component---detailStateAndPerform--counterValue-input","searchOpenDialogs":true,"interaction":{"idSuffix":"inner"}},"clearTextFirst":true,"interactionType":"ENTER_TEXT"}]}
COMMAND: POST /session/6c63433432e656fe102e41a405bf48f6/actions - {"actions":[{"id":"action36","type":"key","parameters":{},"actions":[{"type":"keyDown","value":"î€„"},{"type":"keyDown","value":"î€„"},{"type":"pause","duration":10},{"type":"keyUp","value":"î€„"},{"type":"keyUp","value":"î€„"}]}]}
RESULT: {"actions":[{"id":"action36","type":"key","parameters":{},"actions":[{"type":"keyDown","value":"î€„"},{"type":"keyDown","value":"î€„"},{"type":"pause","duration":10},{"type":"keyUp","value":"î€„"},{"type":"keyUp","value":"î€„"}]}]}
COMMAND: POST /session/6c63433432e656fe102e41a405bf48f6/actions - {"actions":[{"id":"action37","type":"key","parameters":{},"actions":[{"type":"keyDown","value":"î€‡"},{"type":"pause","duration":10},{"type":"keyUp","value":"î€‡"}]}]}
COMMAND: GET /session/6c63433432e656fe102e41a405bf48f6/screenshot - {}
RESULT: {"actions":[{"id":"action37","type":"key","parameters":{},"actions":[{"type":"keyDown","value":"î€‡"},{"type":"pause","duration":10},{"type":"keyUp","value":"î€‡"}]}]}
RESULT: undefined
COMMAND: POST /session/6c63433432e656fe102e41a405bf48f6/element - {"using":"xpath","value":"//*[@id=\"__button522\"]"}
COMMAND: GET /session/6c63433432e656fe102e41a405bf48f6/screenshot - {}
RESULT: {}
RESULT: {"using":"xpath","value":"//*[@id=\"__button522\"]"}
COMMAND: POST /session/6c63433432e656fe102e41a405bf48f6/elements - {"using":"xpath","value":"//*[@id=\"__button522\"]"}
RESULT: {}
RESULT: {"using":"xpath","value":"//*[@id=\"__button522\"]"}
COMMAND: POST /session/6c63433432e656fe102e41a405bf48f6/elements - {"using":"xpath","value":"//*[@id=\"__button522\"]"}
RESULT: {"using":"xpath","value":"//*[@id=\"__button522\"]"}
COMMAND: POST /session/6c63433432e656fe102e41a405bf48f6/elements - {"using":"xpath","value":"//*[@id=\"__button522\"]"}
RESULT: {"using":"xpath","value":"//*[@id=\"__button522\"]"}
COMMAND: POST /session/6c63433432e656fe102e41a405bf48f6/elements - {"using":"xpath","value":"//*[@id=\"__button522\"]"}
RESULT: {"using":"xpath","value":"//*[@id=\"__button522\"]"}
COMMAND: POST /session/6c63433432e656fe102e41a405bf48f6/elements - {"using":"xpath","value":"//*[@id=\"__button522\"]"}
RESULT: {"using":"xpath","value":"//*[@id=\"__button522\"]"}
COMMAND: POST /session/6c63433432e656fe102e41a405bf48f6/elements - {"using":"xpath","value":"//*[@id=\"__button522\"]"}
RESULT: {"using":"xpath","value":"//*[@id=\"__button522\"]"}
COMMAND: POST /session/6c63433432e656fe102e41a405bf48f6/elements - {"using":"xpath","value":"//*[@id=\"__button522\"]"}
RESULT: {"using":"xpath","value":"//*[@id=\"__button522\"]"}
COMMAND: POST /session/6c63433432e656fe102e41a405bf48f6/elements - {"using":"xpath","value":"//*[@id=\"__button522\"]"}
RESULT: {"using":"xpath","value":"//*[@id=\"__button522\"]"}
COMMAND: POST /session/6c63433432e656fe102e41a405bf48f6/elements - {"using":"xpath","value":"//*[@id=\"__button522\"]"}
RESULT: {"using":"xpath","value":"//*[@id=\"__button522\"]"}
COMMAND: POST /session/6c63433432e656fe102e41a405bf48f6/elements - {"using":"xpath","value":"//*[@id=\"__button522\"]"}
RESULT: {"using":"xpath","value":"//*[@id=\"__button522\"]"}
COMMAND: POST /session/6c63433432e656fe102e41a405bf48f6/elements - {"using":"xpath","value":"//*[@id=\"__button522\"]"}
RESULT: {"using":"xpath","value":"//*[@id=\"__button522\"]"}
COMMAND: POST /session/6c63433432e656fe102e41a405bf48f6/elements - {"using":"xpath","value":"//*[@id=\"__button522\"]"}
RESULT: {"using":"xpath","value":"//*[@id=\"__button522\"]"}
COMMAND: POST /session/6c63433432e656fe102e41a405bf48f6/elements - {"using":"xpath","value":"//*[@id=\"__button522\"]"}
RESULT: {"using":"xpath","value":"//*[@id=\"__button522\"]"}
COMMAND: POST /session/6c63433432e656fe102e41a405bf48f6/elements - {"using":"xpath","value":"//*[@id=\"__button522\"]"}
RESULT: {"using":"xpath","value":"//*[@id=\"__button522\"]"}
COMMAND: POST /session/6c63433432e656fe102e41a405bf48f6/elements - {"using":"xpath","value":"//*[@id=\"__button522\"]"}
RESULT: {"using":"xpath","value":"//*[@id=\"__button522\"]"}
COMMAND: POST /session/6c63433432e656fe102e41a405bf48f6/elements - {"using":"xpath","value":"//*[@id=\"__button522\"]"}
RESULT: {"using":"xpath","value":"//*[@id=\"__button522\"]"}
COMMAND: POST /session/6c63433432e656fe102e41a405bf48f6/elements - {"using":"xpath","value":"//*[@id=\"__button522\"]"}
RESULT: {"using":"xpath","value":"//*[@id=\"__button522\"]"}
COMMAND: POST /session/6c63433432e656fe102e41a405bf48f6/elements - {"using":"xpath","value":"//*[@id=\"__button522\"]"}
RESULT: {"using":"xpath","value":"//*[@id=\"__button522\"]"}
COMMAND: POST /session/6c63433432e656fe102e41a405bf48f6/elements - {"using":"xpath","value":"//*[@id=\"__button522\"]"}
RESULT: {"using":"xpath","value":"//*[@id=\"__button522\"]"}
COMMAND: POST /session/6c63433432e656fe102e41a405bf48f6/elements - {"using":"xpath","value":"//*[@id=\"__button522\"]"}
RESULT: {"using":"xpath","value":"//*[@id=\"__button522\"]"}
COMMAND: POST /session/6c63433432e656fe102e41a405bf48f6/elements - {"using":"xpath","value":"//*[@id=\"__button522\"]"}
RESULT: {"using":"xpath","value":"//*[@id=\"__button522\"]"}
COMMAND: POST /session/6c63433432e656fe102e41a405bf48f6/elements - {"using":"xpath","value":"//*[@id=\"__button522\"]"}
RESULT: {"using":"xpath","value":"//*[@id=\"__button522\"]"}
COMMAND: POST /session/6c63433432e656fe102e41a405bf48f6/elements - {"using":"xpath","value":"//*[@id=\"__button522\"]"}
RESULT: {"using":"xpath","value":"//*[@id=\"__button522\"]"}
COMMAND: POST /session/6c63433432e656fe102e41a405bf48f6/elements - {"using":"xpath","value":"//*[@id=\"__button522\"]"}
RESULT: {"using":"xpath","value":"//*[@id=\"__button522\"]"}
COMMAND: POST /session/6c63433432e656fe102e41a405bf48f6/elements - {"using":"xpath","value":"//*[@id=\"__button522\"]"}
RESULT: {"using":"xpath","value":"//*[@id=\"__button522\"]"}
COMMAND: POST /session/6c63433432e656fe102e41a405bf48f6/elements - {"using":"xpath","value":"//*[@id=\"__button522\"]"}
RESULT: {"using":"xpath","value":"//*[@id=\"__button522\"]"}
COMMAND: POST /session/6c63433432e656fe102e41a405bf48f6/elements - {"using":"xpath","value":"//*[@id=\"__button522\"]"}
RESULT: {"using":"xpath","value":"//*[@id=\"__button522\"]"}
COMMAND: POST /session/6c63433432e656fe102e41a405bf48f6/elements - {"using":"xpath","value":"//*[@id=\"__button522\"]"}
RESULT: {"using":"xpath","value":"//*[@id=\"__button522\"]"}
COMMAND: POST /session/6c63433432e656fe102e41a405bf48f6/elements - {"using":"xpath","value":"//*[@id=\"__button522\"]"}
RESULT: {"using":"xpath","value":"//*[@id=\"__button522\"]"}
COMMAND: POST /session/6c63433432e656fe102e41a405bf48f6/elements - {"using":"xpath","value":"//*[@id=\"__button522\"]"}
RESULT: {"using":"xpath","value":"//*[@id=\"__button522\"]"}
COMMAND: POST /session/6c63433432e656fe102e41a405bf48f6/elements - {"using":"xpath","value":"//*[@id=\"__button522\"]"}
RESULT: {"using":"xpath","value":"//*[@id=\"__button522\"]"}
COMMAND: POST /session/6c63433432e656fe102e41a405bf48f6/elements - {"using":"xpath","value":"//*[@id=\"__button522\"]"}
RESULT: {"using":"xpath","value":"//*[@id=\"__button522\"]"}
COMMAND: POST /session/6c63433432e656fe102e41a405bf48f6/elements - {"using":"xpath","value":"//*[@id=\"__button522\"]"}
RESULT: {"using":"xpath","value":"//*[@id=\"__button522\"]"}
COMMAND: POST /session/6c63433432e656fe102e41a405bf48f6/elements - {"using":"xpath","value":"//*[@id=\"__button522\"]"}
RESULT: {"using":"xpath","value":"//*[@id=\"__button522\"]"}
COMMAND: POST /session/6c63433432e656fe102e41a405bf48f6/elements - {"using":"xpath","value":"//*[@id=\"__button522\"]"}
RESULT: {"using":"xpath","value":"//*[@id=\"__button522\"]"}
COMMAND: POST /session/6c63433432e656fe102e41a405bf48f6/elements - {"using":"xpath","value":"//*[@id=\"__button522\"]"}
RESULT: {"using":"xpath","value":"//*[@id=\"__button522\"]"}
COMMAND: POST /session/6c63433432e656fe102e41a405bf48f6/elements - {"using":"xpath","value":"//*[@id=\"__button522\"]"}
RESULT: {"using":"xpath","value":"//*[@id=\"__button522\"]"}
COMMAND: POST /session/6c63433432e656fe102e41a405bf48f6/elements - {"using":"xpath","value":"//*[@id=\"__button522\"]"}
RESULT: {"using":"xpath","value":"//*[@id=\"__button522\"]"}
COMMAND: POST /session/6c63433432e656fe102e41a405bf48f6/elements - {"using":"xpath","value":"//*[@id=\"__button522\"]"}
RESULT: {"using":"xpath","value":"//*[@id=\"__button522\"]"}
COMMAND: POST /session/6c63433432e656fe102e41a405bf48f6/elements - {"using":"xpath","value":"//*[@id=\"__button522\"]"}
RESULT: {"using":"xpath","value":"//*[@id=\"__button522\"]"}
COMMAND: POST /session/6c63433432e656fe102e41a405bf48f6/elements - {"using":"xpath","value":"//*[@id=\"__button522\"]"}
RESULT: {"using":"xpath","value":"//*[@id=\"__button522\"]"}
COMMAND: POST /session/6c63433432e656fe102e41a405bf48f6/elements - {"using":"xpath","value":"//*[@id=\"__button522\"]"}
RESULT: {"using":"xpath","value":"//*[@id=\"__button522\"]"}
COMMAND: POST /session/6c63433432e656fe102e41a405bf48f6/elements - {"using":"xpath","value":"//*[@id=\"__button522\"]"}
RESULT: {"using":"xpath","value":"//*[@id=\"__button522\"]"}
COMMAND: POST /session/6c63433432e656fe102e41a405bf48f6/elements - {"using":"xpath","value":"//*[@id=\"__button522\"]"}
RESULT: {"using":"xpath","value":"//*[@id=\"__button522\"]"}
COMMAND: POST /session/6c63433432e656fe102e41a405bf48f6/elements - {"using":"xpath","value":"//*[@id=\"__button522\"]"}
RESULT: {"using":"xpath","value":"//*[@id=\"__button522\"]"}
COMMAND: POST /session/6c63433432e656fe102e41a405bf48f6/elements - {"using":"xpath","value":"//*[@id=\"__button522\"]"}
RESULT: {"using":"xpath","value":"//*[@id=\"__button522\"]"}
COMMAND: POST /session/6c63433432e656fe102e41a405bf48f6/elements - {"using":"xpath","value":"//*[@id=\"__button522\"]"}
RESULT: {"using":"xpath","value":"//*[@id=\"__button522\"]"}
COMMAND: POST /session/6c63433432e656fe102e41a405bf48f6/elements - {"using":"xpath","value":"//*[@id=\"__button522\"]"}
RESULT: {"using":"xpath","value":"//*[@id=\"__button522\"]"}
COMMAND: POST /session/6c63433432e656fe102e41a405bf48f6/elements - {"using":"xpath","value":"//*[@id=\"__button522\"]"}
RESULT: {"using":"xpath","value":"//*[@id=\"__button522\"]"}
COMMAND: POST /session/6c63433432e656fe102e41a405bf48f6/elements - {"using":"xpath","value":"//*[@id=\"__button522\"]"}
RESULT: {"using":"xpath","value":"//*[@id=\"__button522\"]"}
COMMAND: POST /session/6c63433432e656fe102e41a405bf48f6/elements - {"using":"xpath","value":"//*[@id=\"__button522\"]"}
RESULT: {"using":"xpath","value":"//*[@id=\"__button522\"]"}
COMMAND: POST /session/6c63433432e656fe102e41a405bf48f6/elements - {"using":"xpath","value":"//*[@id=\"__button522\"]"}
RESULT: {"using":"xpath","value":"//*[@id=\"__button522\"]"}
COMMAND: POST /session/6c63433432e656fe102e41a405bf48f6/elements - {"using":"xpath","value":"//*[@id=\"__button522\"]"}
RESULT: {"using":"xpath","value":"//*[@id=\"__button522\"]"}
COMMAND: POST /session/6c63433432e656fe102e41a405bf48f6/elements - {"using":"xpath","value":"//*[@id=\"__button522\"]"}
RESULT: {"using":"xpath","value":"//*[@id=\"__button522\"]"}
COMMAND: POST /session/6c63433432e656fe102e41a405bf48f6/elements - {"using":"xpath","value":"//*[@id=\"__button522\"]"}
RESULT: {"using":"xpath","value":"//*[@id=\"__button522\"]"}
COMMAND: POST /session/6c63433432e656fe102e41a405bf48f6/elements - {"using":"xpath","value":"//*[@id=\"__button522\"]"}
RESULT: {"using":"xpath","value":"//*[@id=\"__button522\"]"}
COMMAND: POST /session/6c63433432e656fe102e41a405bf48f6/elements - {"using":"xpath","value":"//*[@id=\"__button522\"]"}
RESULT: {"using":"xpath","value":"//*[@id=\"__button522\"]"}
COMMAND: POST /session/6c63433432e656fe102e41a405bf48f6/elements - {"using":"xpath","value":"//*[@id=\"__button522\"]"}
RESULT: {"using":"xpath","value":"//*[@id=\"__button522\"]"}
COMMAND: POST /session/6c63433432e656fe102e41a405bf48f6/elements - {"using":"xpath","value":"//*[@id=\"__button522\"]"}
RESULT: {"using":"xpath","value":"//*[@id=\"__button522\"]"}
COMMAND: POST /session/6c63433432e656fe102e41a405bf48f6/elements - {"using":"xpath","value":"//*[@id=\"__button522\"]"}
RESULT: {"using":"xpath","value":"//*[@id=\"__button522\"]"}
COMMAND: POST /session/6c63433432e656fe102e41a405bf48f6/elements - {"using":"xpath","value":"//*[@id=\"__button522\"]"}
RESULT: {"using":"xpath","value":"//*[@id=\"__button522\"]"}
COMMAND: POST /session/6c63433432e656fe102e41a405bf48f6/elements - {"using":"xpath","value":"//*[@id=\"__button522\"]"}
RESULT: {"using":"xpath","value":"//*[@id=\"__button522\"]"}
COMMAND: POST /session/6c63433432e656fe102e41a405bf48f6/elements - {"using":"xpath","value":"//*[@id=\"__button522\"]"}
RESULT: {"using":"xpath","value":"//*[@id=\"__button522\"]"}
COMMAND: POST /session/6c63433432e656fe102e41a405bf48f6/elements - {"using":"xpath","value":"//*[@id=\"__button522\"]"}
RESULT: {"using":"xpath","value":"//*[@id=\"__button522\"]"}
COMMAND: POST /session/6c63433432e656fe102e41a405bf48f6/elements - {"using":"xpath","value":"//*[@id=\"__button522\"]"}
RESULT: {"using":"xpath","value":"//*[@id=\"__button522\"]"}
COMMAND: POST /session/6c63433432e656fe102e41a405bf48f6/elements - {"using":"xpath","value":"//*[@id=\"__button522\"]"}
RESULT: {"using":"xpath","value":"//*[@id=\"__button522\"]"}
COMMAND: POST /session/6c63433432e656fe102e41a405bf48f6/elements - {"using":"xpath","value":"//*[@id=\"__button522\"]"}
RESULT: {"using":"xpath","value":"//*[@id=\"__button522\"]"}
COMMAND: POST /session/6c63433432e656fe102e41a405bf48f6/elements - {"using":"xpath","value":"//*[@id=\"__button522\"]"}
RESULT: {"using":"xpath","value":"//*[@id=\"__button522\"]"}
COMMAND: POST /session/6c63433432e656fe102e41a405bf48f6/elements - {"using":"xpath","value":"//*[@id=\"__button522\"]"}
RESULT: {"using":"xpath","value":"//*[@id=\"__button522\"]"}
COMMAND: POST /session/6c63433432e656fe102e41a405bf48f6/elements - {"using":"xpath","value":"//*[@id=\"__button522\"]"}
RESULT: {"using":"xpath","value":"//*[@id=\"__button522\"]"}
COMMAND: POST /session/6c63433432e656fe102e41a405bf48f6/elements - {"using":"xpath","value":"//*[@id=\"__button522\"]"}
RESULT: {"using":"xpath","value":"//*[@id=\"__button522\"]"}
COMMAND: POST /session/6c63433432e656fe102e41a405bf48f6/elements - {"using":"xpath","value":"//*[@id=\"__button522\"]"}
RESULT: {"using":"xpath","value":"//*[@id=\"__button522\"]"}
COMMAND: POST /session/6c63433432e656fe102e41a405bf48f6/elements - {"using":"xpath","value":"//*[@id=\"__button522\"]"}
RESULT: {"using":"xpath","value":"//*[@id=\"__button522\"]"}
COMMAND: POST /session/6c63433432e656fe102e41a405bf48f6/elements - {"using":"xpath","value":"//*[@id=\"__button522\"]"}
RESULT: {"using":"xpath","value":"//*[@id=\"__button522\"]"}
COMMAND: POST /session/6c63433432e656fe102e41a405bf48f6/elements - {"using":"xpath","value":"//*[@id=\"__button522\"]"}
RESULT: {"using":"xpath","value":"//*[@id=\"__button522\"]"}
COMMAND: POST /session/6c63433432e656fe102e41a405bf48f6/elements - {"using":"xpath","value":"//*[@id=\"__button522\"]"}
RESULT: {"using":"xpath","value":"//*[@id=\"__button522\"]"}
COMMAND: POST /session/6c63433432e656fe102e41a405bf48f6/elements - {"using":"xpath","value":"//*[@id=\"__button522\"]"}
RESULT: {"using":"xpath","value":"//*[@id=\"__button522\"]"}
COMMAND: POST /session/6c63433432e656fe102e41a405bf48f6/elements - {"using":"xpath","value":"//*[@id=\"__button522\"]"}
RESULT: {"using":"xpath","value":"//*[@id=\"__button522\"]"}
COMMAND: POST /session/6c63433432e656fe102e41a405bf48f6/elements - {"using":"xpath","value":"//*[@id=\"__button522\"]"}
RESULT: {"using":"xpath","value":"//*[@id=\"__button522\"]"}
COMMAND: POST /session/6c63433432e656fe102e41a405bf48f6/elements - {"using":"xpath","value":"//*[@id=\"__button522\"]"}
RESULT: {"using":"xpath","value":"//*[@id=\"__button522\"]"}
COMMAND: POST /session/6c63433432e656fe102e41a405bf48f6/elements - {"using":"xpath","value":"//*[@id=\"__button522\"]"}
RESULT: {"using":"xpath","value":"//*[@id=\"__button522\"]"}
COMMAND: POST /session/6c63433432e656fe102e41a405bf48f6/elements - {"using":"xpath","value":"//*[@id=\"__button522\"]"}
RESULT: {"using":"xpath","value":"//*[@id=\"__button522\"]"}
COMMAND: POST /session/6c63433432e656fe102e41a405bf48f6/elements - {"using":"xpath","value":"//*[@id=\"__button522\"]"}
RESULT: {"using":"xpath","value":"//*[@id=\"__button522\"]"}
COMMAND: POST /session/6c63433432e656fe102e41a405bf48f6/elements - {"using":"xpath","value":"//*[@id=\"__button522\"]"}
RESULT: {"using":"xpath","value":"//*[@id=\"__button522\"]"}
COMMAND: POST /session/6c63433432e656fe102e41a405bf48f6/elements - {"using":"xpath","value":"//*[@id=\"__button522\"]"}
RESULT: {"using":"xpath","value":"//*[@id=\"__button522\"]"}
COMMAND: POST /session/6c63433432e656fe102e41a405bf48f6/elements - {"using":"xpath","value":"//*[@id=\"__button522\"]"}
RESULT: {"using":"xpath","value":"//*[@id=\"__button522\"]"}
COMMAND: POST /session/6c63433432e656fe102e41a405bf48f6/elements - {"using":"xpath","value":"//*[@id=\"__button522\"]"}
RESULT: {"using":"xpath","value":"//*[@id=\"__button522\"]"}
COMMAND: POST /session/6c63433432e656fe102e41a405bf48f6/elements - {"using":"xpath","value":"//*[@id=\"__button522\"]"}
RESULT: {"using":"xpath","value":"//*[@id=\"__button522\"]"}
COMMAND: POST /session/6c63433432e656fe102e41a405bf48f6/elements - {"using":"xpath","value":"//*[@id=\"__button522\"]"}
RESULT: {"using":"xpath","value":"//*[@id=\"__button522\"]"}
COMMAND: POST /session/6c63433432e656fe102e41a405bf48f6/elements - {"using":"xpath","value":"//*[@id=\"__button522\"]"}
RESULT: {"using":"xpath","value":"//*[@id=\"__button522\"]"}
COMMAND: POST /session/6c63433432e656fe102e41a405bf48f6/elements - {"using":"xpath","value":"//*[@id=\"__button522\"]"}
RESULT: {"using":"xpath","value":"//*[@id=\"__button522\"]"}
COMMAND: POST /session/6c63433432e656fe102e41a405bf48f6/elements - {"using":"xpath","value":"//*[@id=\"__button522\"]"}
RESULT: {"using":"xpath","value":"//*[@id=\"__button522\"]"}
COMMAND: POST /session/6c63433432e656fe102e41a405bf48f6/elements - {"using":"xpath","value":"//*[@id=\"__button522\"]"}
RESULT: {"using":"xpath","value":"//*[@id=\"__button522\"]"}
COMMAND: POST /session/6c63433432e656fe102e41a405bf48f6/elements - {"using":"xpath","value":"//*[@id=\"__button522\"]"}
RESULT: {"using":"xpath","value":"//*[@id=\"__button522\"]"}
COMMAND: POST /session/6c63433432e656fe102e41a405bf48f6/elements - {"using":"xpath","value":"//*[@id=\"__button522\"]"}
RESULT: {"using":"xpath","value":"//*[@id=\"__button522\"]"}
COMMAND: POST /session/6c63433432e656fe102e41a405bf48f6/elements - {"using":"xpath","value":"//*[@id=\"__button522\"]"}
RESULT: {"using":"xpath","value":"//*[@id=\"__button522\"]"}
COMMAND: POST /session/6c63433432e656fe102e41a405bf48f6/elements - {"using":"xpath","value":"//*[@id=\"__button522\"]"}
RESULT: {"using":"xpath","value":"//*[@id=\"__button522\"]"}
COMMAND: POST /session/6c63433432e656fe102e41a405bf48f6/elements - {"using":"xpath","value":"//*[@id=\"__button522\"]"}
RESULT: {"using":"xpath","value":"//*[@id=\"__button522\"]"}
COMMAND: POST /session/6c63433432e656fe102e41a405bf48f6/elements - {"using":"xpath","value":"//*[@id=\"__button522\"]"}
RESULT: {"using":"xpath","value":"//*[@id=\"__button522\"]"}
COMMAND: POST /session/6c63433432e656fe102e41a405bf48f6/elements - {"using":"xpath","value":"//*[@id=\"__button522\"]"}
RESULT: {"using":"xpath","value":"//*[@id=\"__button522\"]"}
COMMAND: POST /session/6c63433432e656fe102e41a405bf48f6/elements - {"using":"xpath","value":"//*[@id=\"__button522\"]"}
RESULT: {"using":"xpath","value":"//*[@id=\"__button522\"]"}
COMMAND: POST /session/6c63433432e656fe102e41a405bf48f6/elements - {"using":"xpath","value":"//*[@id=\"__button522\"]"}
RESULT: {"using":"xpath","value":"//*[@id=\"__button522\"]"}
COMMAND: POST /session/6c63433432e656fe102e41a405bf48f6/elements - {"using":"xpath","value":"//*[@id=\"__button522\"]"}
RESULT: {"using":"xpath","value":"//*[@id=\"__button522\"]"}
COMMAND: POST /session/6c63433432e656fe102e41a405bf48f6/elements - {"using":"xpath","value":"//*[@id=\"__button522\"]"}
RESULT: {"using":"xpath","value":"//*[@id=\"__button522\"]"}
COMMAND: POST /session/6c63433432e656fe102e41a405bf48f6/elements - {"using":"xpath","value":"//*[@id=\"__button522\"]"}
RESULT: {"using":"xpath","value":"//*[@id=\"__button522\"]"}
COMMAND: POST /session/6c63433432e656fe102e41a405bf48f6/elements - {"using":"xpath","value":"//*[@id=\"__button522\"]"}
RESULT: {"using":"xpath","value":"//*[@id=\"__button522\"]"}
COMMAND: POST /session/6c63433432e656fe102e41a405bf48f6/elements - {"using":"xpath","value":"//*[@id=\"__button522\"]"}
RESULT: {"using":"xpath","value":"//*[@id=\"__button522\"]"}
COMMAND: POST /session/6c63433432e656fe102e41a405bf48f6/elements - {"using":"xpath","value":"//*[@id=\"__button522\"]"}
RESULT: {"using":"xpath","value":"//*[@id=\"__button522\"]"}
COMMAND: POST /session/6c63433432e656fe102e41a405bf48f6/elements - {"using":"xpath","value":"//*[@id=\"__button522\"]"}
RESULT: {"using":"xpath","value":"//*[@id=\"__button522\"]"}
COMMAND: POST /session/6c63433432e656fe102e41a405bf48f6/elements - {"using":"xpath","value":"//*[@id=\"__button522\"]"}
RESULT: {"using":"xpath","value":"//*[@id=\"__button522\"]"}
COMMAND: POST /session/6c63433432e656fe102e41a405bf48f6/elements - {"using":"xpath","value":"//*[@id=\"__button522\"]"}
RESULT: {"using":"xpath","value":"//*[@id=\"__button522\"]"}
COMMAND: POST /session/6c63433432e656fe102e41a405bf48f6/elements - {"using":"xpath","value":"//*[@id=\"__button522\"]"}
RESULT: {"using":"xpath","value":"//*[@id=\"__button522\"]"}
COMMAND: POST /session/6c63433432e656fe102e41a405bf48f6/elements - {"using":"xpath","value":"//*[@id=\"__button522\"]"}
RESULT: {"using":"xpath","value":"//*[@id=\"__button522\"]"}
COMMAND: POST /session/6c63433432e656fe102e41a405bf48f6/elements - {"using":"xpath","value":"//*[@id=\"__button522\"]"}
RESULT: {"using":"xpath","value":"//*[@id=\"__button522\"]"}
COMMAND: POST /session/6c63433432e656fe102e41a405bf48f6/elements - {"using":"xpath","value":"//*[@id=\"__button522\"]"}
RESULT: {"using":"xpath","value":"//*[@id=\"__button522\"]"}
COMMAND: POST /session/6c63433432e656fe102e41a405bf48f6/elements - {"using":"xpath","value":"//*[@id=\"__button522\"]"}
RESULT: {"using":"xpath","value":"//*[@id=\"__button522\"]"}
COMMAND: POST /session/6c63433432e656fe102e41a405bf48f6/elements - {"using":"xpath","value":"//*[@id=\"__button522\"]"}
RESULT: {"using":"xpath","value":"//*[@id=\"__button522\"]"}
COMMAND: POST /session/6c63433432e656fe102e41a405bf48f6/elements - {"using":"xpath","value":"//*[@id=\"__button522\"]"}
RESULT: {"using":"xpath","value":"//*[@id=\"__button522\"]"}
COMMAND: POST /session/6c63433432e656fe102e41a405bf48f6/elements - {"using":"xpath","value":"//*[@id=\"__button522\"]"}
RESULT: {"using":"xpath","value":"//*[@id=\"__button522\"]"}
COMMAND: POST /session/6c63433432e656fe102e41a405bf48f6/elements - {"using":"xpath","value":"//*[@id=\"__button522\"]"}
RESULT: {"using":"xpath","value":"//*[@id=\"__button522\"]"}
COMMAND: POST /session/6c63433432e656fe102e41a405bf48f6/elements - {"using":"xpath","value":"//*[@id=\"__button522\"]"}
COMMAND: POST /session/6c63433432e656fe102e41a405bf48f6/element - {"using":"css selector","value":"#shell-header-logo"}
RESULT: {"using":"xpath","value":"//*[@id=\"__button522\"]"}
RESULT: {"using":"css selector","value":"#shell-header-logo"}
COMMAND: POST /session/6c63433432e656fe102e41a405bf48f6/execute/sync - {"script":"<script> [8489 bytes]","args":[{"element-6066-11e4-a52e-4f735466cecf":"f.D105F16D3864A3F2742A47C77377899E.d.B483CC146B7F42F8773CF569231DC4D5.e.10796","ELEMENT":"f.D105F16D3864A3F2742A47C77377899E.d.B483CC146B7F42F8773CF569231DC4D5.e.10796"}]}
RESULT: {"script":"<script> [8489 bytes]","args":[{"element-6066-11e4-a52e-4f735466cecf":"f.D105F16D3864A3F2742A47C77377899E.d.B483CC146B7F42F8773CF569231DC4D5.e.10796","ELEMENT":"f.D105F16D3864A3F2742A47C77377899E.d.B483CC146B7F42F8773CF569231DC4D5.e.10796"}]}
COMMAND: POST /session/6c63433432e656fe102e41a405bf48f6/execute/sync - {"script":"<script> [5351 bytes]","args":[{"element-6066-11e4-a52e-4f735466cecf":"f.D105F16D3864A3F2742A47C77377899E.d.B483CC146B7F42F8773CF569231DC4D5.e.10796","ELEMENT":"f.D105F16D3864A3F2742A47C77377899E.d.B483CC146B7F42F8773CF569231DC4D5.e.10796"}]}
COMMAND: GET /session/6c63433432e656fe102e41a405bf48f6/screenshot - {}
RESULT: {"script":"<script> [5351 bytes]","args":[{"element-6066-11e4-a52e-4f735466cecf":"f.D105F16D3864A3F2742A47C77377899E.d.B483CC146B7F42F8773CF569231DC4D5.e.10796","ELEMENT":"f.D105F16D3864A3F2742A47C77377899E.d.B483CC146B7F42F8773CF569231DC4D5.e.10796"}]}
COMMAND: POST /session/6c63433432e656fe102e41a405bf48f6/element/f.D105F16D3864A3F2742A47C77377899E.d.B483CC146B7F42F8773CF569231DC4D5.e.10796/click - {}
COMMAND: GET /session/6c63433432e656fe102e41a405bf48f6/screenshot - {}
RESULT: {}
RESULT: {}
]]></system-out>
    </testcase>
    <testcase classname="chrome.135_0_7049_96.windows.Create_master_data_for_mixed_billing_&amp;_do_billing_calculation_US151661" name="Should go to Manage Billings and trigger calculation check the conditions applied" time="58.234">
      <system-out><![CDATA[
COMMAND: POST /session/6c63433432e656fe102e41a405bf48f6/execute/async - {"script":"<script> [1562 bytes]","args":[{"selector":{"controlType":"sap.m.GenericTile","properties":{"header":"Manage Billings"}},"wdio_ui5_key":"sapm.GenericTile{\"header\":\"Manage Billings\"}"}]}
COMMAND: GET /session/6c63433432e656fe102e41a405bf48f6/screenshot - {}
RESULT: {}
RESULT: {"script":"<script> [1562 bytes]","args":[{"selector":{"controlType":"sap.m.GenericTile","properties":{"header":"Manage Billings"}},"wdio_ui5_key":"sapm.GenericTile{\"header\":\"Manage Billings\"}"}]}
RESULT: undefined
COMMAND: POST /session/6c63433432e656fe102e41a405bf48f6/element - {"using":"xpath","value":"//*[@id=\"__tile51\"]"}
RESULT: {}
RESULT: {"using":"xpath","value":"//*[@id=\"__tile51\"]"}
COMMAND: POST /session/6c63433432e656fe102e41a405bf48f6/element/f.D105F16D3864A3F2742A47C77377899E.d.B483CC146B7F42F8773CF569231DC4D5.e.2696/click - {}
RESULT: {}
COMMAND: GET /session/6c63433432e656fe102e41a405bf48f6/screenshot - {}
RESULT: {}
COMMAND: POST /session/6c63433432e656fe102e41a405bf48f6/execute/async - {"script":"<script> [1562 bytes]","args":[{"selector":{"id":"application-managebillings-display-component---billRunCalcResult--smartFilterBar-btnBasicSearch","interaction":{"idSuffix":"I"}},"wdio_ui5_key":"applicationmanagebillings-display-component---billRunCalcResult--smartFilterBar-btnBasicSearch"}]}
RESULT: {"script":"<script> [1562 bytes]","args":[{"selector":{"id":"application-managebillings-display-component---billRunCalcResult--smartFilterBar-btnBasicSearch","interaction":{"idSuffix":"I"}},"wdio_ui5_key":"applicationmanagebillings-display-component---billRunCalcResult--smartFilterBar-btnBasicSearch"}]}
RESULT: undefined
COMMAND: POST /session/6c63433432e656fe102e41a405bf48f6/execute/async - {"script":"<script> [776 bytes]","args":[{"enterText":"10503","selector":{"id":"application-managebillings-display-component---billRunCalcResult--smartFilterBar-btnBasicSearch","interaction":{"idSuffix":"I"}},"clearTextFirst":true,"interactionType":"ENTER_TEXT"}]}
RESULT: {"script":"<script> [776 bytes]","args":[{"enterText":"10503","selector":{"id":"application-managebillings-display-component---billRunCalcResult--smartFilterBar-btnBasicSearch","interaction":{"idSuffix":"I"}},"clearTextFirst":true,"interactionType":"ENTER_TEXT"}]}
COMMAND: POST /session/6c63433432e656fe102e41a405bf48f6/actions - {"actions":[{"id":"action38","type":"key","parameters":{},"actions":[{"type":"keyDown","value":"î€‡"},{"type":"pause","duration":10},{"type":"keyUp","value":"î€‡"}]}]}
RESULT: {"actions":[{"id":"action38","type":"key","parameters":{},"actions":[{"type":"keyDown","value":"î€‡"},{"type":"pause","duration":10},{"type":"keyUp","value":"î€‡"}]}]}
COMMAND: GET /session/6c63433432e656fe102e41a405bf48f6/screenshot - {}
RESULT: {}
COMMAND: POST /session/6c63433432e656fe102e41a405bf48f6/element - {"using":"xpath","value":"//td[@aria-colindex=\"1\"]/div/div[contains(@class, \"sapMCbBg\")]"}
RESULT: {"using":"xpath","value":"//td[@aria-colindex=\"1\"]/div/div[contains(@class, \"sapMCbBg\")]"}
COMMAND: POST /session/6c63433432e656fe102e41a405bf48f6/element/f.D105F16D3864A3F2742A47C77377899E.d.B483CC146B7F42F8773CF569231DC4D5.e.11187/click - {}
RESULT: {}
COMMAND: GET /session/6c63433432e656fe102e41a405bf48f6/screenshot - {}
RESULT: {}
COMMAND: POST /session/6c63433432e656fe102e41a405bf48f6/execute/async - {"script":"<script> [1562 bytes]","args":[{"selector":{"id":"application-managebillings-display-component---billRunCalcResult--contractBillRunDate","interaction":{"idSuffix":"inner"}},"wdio_ui5_key":"applicationmanagebillings-display-component---billRunCalcResult--contractBillRunDate"}]}
RESULT: {"script":"<script> [1562 bytes]","args":[{"selector":{"id":"application-managebillings-display-component---billRunCalcResult--contractBillRunDate","interaction":{"idSuffix":"inner"}},"wdio_ui5_key":"applicationmanagebillings-display-component---billRunCalcResult--contractBillRunDate"}]}
RESULT: undefined
COMMAND: POST /session/6c63433432e656fe102e41a405bf48f6/execute/async - {"script":"<script> [776 bytes]","args":[{"enterText":"06/04/25","selector":{"id":"application-managebillings-display-component---billRunCalcResult--contractBillRunDate","interaction":{"idSuffix":"inner"}},"clearTextFirst":true,"interactionType":"ENTER_TEXT"}]}
RESULT: {"script":"<script> [776 bytes]","args":[{"enterText":"06/04/25","selector":{"id":"application-managebillings-display-component---billRunCalcResult--contractBillRunDate","interaction":{"idSuffix":"inner"}},"clearTextFirst":true,"interactionType":"ENTER_TEXT"}]}
COMMAND: POST /session/6c63433432e656fe102e41a405bf48f6/element - {"using":"xpath","value":"//bdi[contains(text(), \"Trigger Calculation\")]"}
RESULT: {"using":"xpath","value":"//bdi[contains(text(), \"Trigger Calculation\")]"}
COMMAND: POST /session/6c63433432e656fe102e41a405bf48f6/element/f.D105F16D3864A3F2742A47C77377899E.d.B483CC146B7F42F8773CF569231DC4D5.e.11247/click - {}
RESULT: {}
COMMAND: GET /session/6c63433432e656fe102e41a405bf48f6/screenshot - {}
RESULT: {}
COMMAND: POST /session/6c63433432e656fe102e41a405bf48f6/element - {"using":"xpath","value":"(//span[contains(@id, \"imgNav\")])[1]"}
RESULT: {"using":"xpath","value":"(//span[contains(@id, \"imgNav\")])[1]"}
COMMAND: POST /session/6c63433432e656fe102e41a405bf48f6/element/f.D105F16D3864A3F2742A47C77377899E.d.B483CC146B7F42F8773CF569231DC4D5.e.11188/click - {}
RESULT: {}
COMMAND: GET /session/6c63433432e656fe102e41a405bf48f6/screenshot - {}
RESULT: {}
COMMAND: POST /session/6c63433432e656fe102e41a405bf48f6/element - {"using":"xpath","value":"//tr/td[6]/div[1]/span[1]/span[1]"}
RESULT: {"using":"xpath","value":"//tr/td[6]/div[1]/span[1]/span[1]"}
COMMAND: GET /session/6c63433432e656fe102e41a405bf48f6/element/f.D105F16D3864A3F2742A47C77377899E.d.B483CC146B7F42F8773CF569231DC4D5.e.11252/text - {}
RESULT: {}
COMMAND: POST /session/6c63433432e656fe102e41a405bf48f6/element - {"using":"xpath","value":"(//span[contains(@id, \"imgNav\")])[2]"}
RESULT: {"using":"xpath","value":"(//span[contains(@id, \"imgNav\")])[2]"}
COMMAND: POST /session/6c63433432e656fe102e41a405bf48f6/element/f.D105F16D3864A3F2742A47C77377899E.d.B483CC146B7F42F8773CF569231DC4D5.e.11253/click - {}
RESULT: {}
COMMAND: POST /session/6c63433432e656fe102e41a405bf48f6/element - {"using":"xpath","value":"//bdi[contains(text(), \"Business Confirm\")]"}
COMMAND: GET /session/6c63433432e656fe102e41a405bf48f6/screenshot - {}
RESULT: {"using":"xpath","value":"//bdi[contains(text(), \"Business Confirm\")]"}
COMMAND: POST /session/6c63433432e656fe102e41a405bf48f6/elements - {"using":"xpath","value":"//bdi[contains(text(), \"Business Confirm\")]"}
RESULT: {}
RESULT: {"using":"xpath","value":"//bdi[contains(text(), \"Business Confirm\")]"}
COMMAND: POST /session/6c63433432e656fe102e41a405bf48f6/elements - {"using":"xpath","value":"//bdi[contains(text(), \"Business Confirm\")]"}
RESULT: {"using":"xpath","value":"//bdi[contains(text(), \"Business Confirm\")]"}
COMMAND: POST /session/6c63433432e656fe102e41a405bf48f6/elements - {"using":"xpath","value":"//bdi[contains(text(), \"Business Confirm\")]"}
RESULT: {"using":"xpath","value":"//bdi[contains(text(), \"Business Confirm\")]"}
COMMAND: POST /session/6c63433432e656fe102e41a405bf48f6/element - {"using":"xpath","value":"//bdi[contains(text(), \"Business Confirm\")]"}
RESULT: {"using":"xpath","value":"//bdi[contains(text(), \"Business Confirm\")]"}
COMMAND: POST /session/6c63433432e656fe102e41a405bf48f6/element/f.D105F16D3864A3F2742A47C77377899E.d.B483CC146B7F42F8773CF569231DC4D5.e.11257/click - {}
RESULT: {}
COMMAND: POST /session/6c63433432e656fe102e41a405bf48f6/element - {"using":"css selector","value":"#shell-header-logo"}
COMMAND: GET /session/6c63433432e656fe102e41a405bf48f6/screenshot - {}
RESULT: {"using":"css selector","value":"#shell-header-logo"}
COMMAND: POST /session/6c63433432e656fe102e41a405bf48f6/element/f.D105F16D3864A3F2742A47C77377899E.d.B483CC146B7F42F8773CF569231DC4D5.e.10984/click - {}
RESULT: {}
RESULT: {}
COMMAND: GET /session/6c63433432e656fe102e41a405bf48f6/screenshot - {}
RESULT: {}
COMMAND: POST /session/6c63433432e656fe102e41a405bf48f6/element - {"using":"css selector","value":"#j_username"}
COMMAND: POST /session/6c63433432e656fe102e41a405bf48f6/url - {"url":"https://qa-testing-00-live-etm-ui.cfapps.eu10-004.hana.ondemand.com/"}
RESULT: {"using":"css selector","value":"#j_username"}
COMMAND: POST /session/6c63433432e656fe102e41a405bf48f6/element - {"using":"css selector","value":"#j_username"}
RESULT: {"url":"https://qa-testing-00-live-etm-ui.cfapps.eu10-004.hana.ondemand.com/"}
RESULT: undefined
COMMAND: GET /session/6c63433432e656fe102e41a405bf48f6/screenshot - {}
RESULT: {"using":"css selector","value":"#j_username"}
COMMAND: POST /session/6c63433432e656fe102e41a405bf48f6/element - {"using":"css selector","value":"#shell-header-logo"}
RESULT: {}
RESULT: {"using":"css selector","value":"#shell-header-logo"}
COMMAND: POST /session/6c63433432e656fe102e41a405bf48f6/execute/sync - {"script":"<script> [8489 bytes]","args":[{"element-6066-11e4-a52e-4f735466cecf":"f.D105F16D3864A3F2742A47C77377899E.d.1CF42A8260DAB42CFA418A77785066B3.e.11346","ELEMENT":"f.D105F16D3864A3F2742A47C77377899E.d.1CF42A8260DAB42CFA418A77785066B3.e.11346"}]}
RESULT: {"script":"<script> [8489 bytes]","args":[{"element-6066-11e4-a52e-4f735466cecf":"f.D105F16D3864A3F2742A47C77377899E.d.1CF42A8260DAB42CFA418A77785066B3.e.11346","ELEMENT":"f.D105F16D3864A3F2742A47C77377899E.d.1CF42A8260DAB42CFA418A77785066B3.e.11346"}]}
COMMAND: POST /session/6c63433432e656fe102e41a405bf48f6/element - {"using":"css selector","value":"#shell-header-logo"}
COMMAND: GET /session/6c63433432e656fe102e41a405bf48f6/screenshot - {}
RESULT: {"using":"css selector","value":"#shell-header-logo"}
COMMAND: POST /session/6c63433432e656fe102e41a405bf48f6/execute/sync - {"script":"<script> [8489 bytes]","args":[{"element-6066-11e4-a52e-4f735466cecf":"f.D105F16D3864A3F2742A47C77377899E.d.1CF42A8260DAB42CFA418A77785066B3.e.11346","ELEMENT":"f.D105F16D3864A3F2742A47C77377899E.d.1CF42A8260DAB42CFA418A77785066B3.e.11346"}]}
RESULT: {}
RESULT: {"script":"<script> [8489 bytes]","args":[{"element-6066-11e4-a52e-4f735466cecf":"f.D105F16D3864A3F2742A47C77377899E.d.1CF42A8260DAB42CFA418A77785066B3.e.11346","ELEMENT":"f.D105F16D3864A3F2742A47C77377899E.d.1CF42A8260DAB42CFA418A77785066B3.e.11346"}]}
COMMAND: POST /session/6c63433432e656fe102e41a405bf48f6/execute/sync - {"script":"<script> [5351 bytes]","args":[{"element-6066-11e4-a52e-4f735466cecf":"f.D105F16D3864A3F2742A47C77377899E.d.1CF42A8260DAB42CFA418A77785066B3.e.11346","ELEMENT":"f.D105F16D3864A3F2742A47C77377899E.d.1CF42A8260DAB42CFA418A77785066B3.e.11346"}]}
COMMAND: GET /session/6c63433432e656fe102e41a405bf48f6/screenshot - {}
RESULT: {"script":"<script> [5351 bytes]","args":[{"element-6066-11e4-a52e-4f735466cecf":"f.D105F16D3864A3F2742A47C77377899E.d.1CF42A8260DAB42CFA418A77785066B3.e.11346","ELEMENT":"f.D105F16D3864A3F2742A47C77377899E.d.1CF42A8260DAB42CFA418A77785066B3.e.11346"}]}
COMMAND: POST /session/6c63433432e656fe102e41a405bf48f6/element - {"using":"css selector","value":"#shell-header-logo"}
COMMAND: GET /session/6c63433432e656fe102e41a405bf48f6/screenshot - {}
RESULT: {}
RESULT: {"using":"css selector","value":"#shell-header-logo"}
COMMAND: POST /session/6c63433432e656fe102e41a405bf48f6/element/f.D105F16D3864A3F2742A47C77377899E.d.1CF42A8260DAB42CFA418A77785066B3.e.11346/click - {}
RESULT: {}
RESULT: {}
COMMAND: GET /session/6c63433432e656fe102e41a405bf48f6/screenshot - {}
RESULT: {}
COMMAND: POST /session/6c63433432e656fe102e41a405bf48f6/execute/async - {"script":"<script> [189 bytes]","args":[]}
RESULT: {"script":"<script> [189 bytes]","args":[]}
COMMAND: POST /session/6c63433432e656fe102e41a405bf48f6/execute/async - {"script":"<script> [123 bytes]","args":[]}
RESULT: {"script":"<script> [123 bytes]","args":[]}
COMMAND: POST /session/6c63433432e656fe102e41a405bf48f6/timeouts - {"script":"<number>"}
RESULT: {"script":"<number>"}
COMMAND: GET /session/6c63433432e656fe102e41a405bf48f6/timeouts - {}
RESULT: {}
RESULT: undefined
COMMAND: POST /session/6c63433432e656fe102e41a405bf48f6/execute/async - {"script":"<script> [2676 bytes]","args":[]}
RESULT: {"script":"<script> [2676 bytes]","args":[]}
COMMAND: POST /session/6c63433432e656fe102e41a405bf48f6/execute/async - {"script":"<script> [2342 bytes]","args":[{"protocol":"http","hostname":"0.0.0.0","path":"/","capabilities":{"browserName":"chrome","goog:chromeOptions":{"binary":"C:\\Program Files\\Google\\Chrome\\Application\\chrome.exe","args":["--start-maximized"]}},"logLevel":"warn","connectionRetryTimeout":120000,"connectionRetryCount":3,"logLevels":{},"enableDirectConnect":true,"strictSSL":true,"_":"65 more keys: [\"cacheDir\",\"port\",\"requestedCapabilities\",\"automationProtocol\",\"baseUrl\",\"waitforInterval\",\"waitforTimeout\",\"onReload\",\"beforeCommand\",\"afterCommand\",\"rootDir\",\"specs\",\"suites\",\"exclude\",\"groupLogsByTestSpec\",\"excludeDriverLogs\",\"bail\",\"framework\",\"reporters\",\"services\",\"maxInstances\",\"maxInstancesPerCapability\",\"injectGlobals\",\"filesToWatch\",\"execArgv\",\"runnerEnv\",\"runner\",\"shard\",\"specFileRetries\",\"specFileRetriesDelay\",\"specFileRetriesDeferred\",\"reporterSyncInterval\",\"reporterSyncTimeout\",\"cucumberFeaturesWithLineNumbers\",\"autoCompileOpts\",\"mochaOpts\",\"jasmineOpts\",\"cucumberOpts\",\"onPrepare\",\"onWorkerStart\",\"onWorkerEnd\",\"before\",\"beforeSession\",\"beforeSuite\",\"beforeHook\",\"beforeTest\",\"afterTest\",\"afterHook\",\"afterSuite\",\"afterSession\",\"after\",\"onComplete\",\"beforeAssertion\",\"afterAssertion\",\"beforeFeature\",\"beforeScenario\",\"beforeStep\",\"afterStep\",\"afterScenario\",\"afterFeature\",\"_\",\"suite\",\"$0\",\"ignoredWorkerServices\",\"wdi5\"]"}]}
RESULT: {"script":"<script> [2342 bytes]","args":[{"protocol":"http","hostname":"0.0.0.0","path":"/","capabilities":{"browserName":"chrome","goog:chromeOptions":{"binary":"C:\\Program Files\\Google\\Chrome\\Application\\chrome.exe","args":["--start-maximized"]}},"logLevel":"warn","connectionRetryTimeout":120000,"connectionRetryCount":3,"logLevels":{},"enableDirectConnect":true,"strictSSL":true,"_":"65 more keys: [\"cacheDir\",\"port\",\"requestedCapabilities\",\"automationProtocol\",\"baseUrl\",\"waitforInterval\",\"waitforTimeout\",\"onReload\",\"beforeCommand\",\"afterCommand\",\"rootDir\",\"specs\",\"suites\",\"exclude\",\"groupLogsByTestSpec\",\"excludeDriverLogs\",\"bail\",\"framework\",\"reporters\",\"services\",\"maxInstances\",\"maxInstancesPerCapability\",\"injectGlobals\",\"filesToWatch\",\"execArgv\",\"runnerEnv\",\"runner\",\"shard\",\"specFileRetries\",\"specFileRetriesDelay\",\"specFileRetriesDeferred\",\"reporterSyncInterval\",\"reporterSyncTimeout\",\"cucumberFeaturesWithLineNumbers\",\"autoCompileOpts\",\"mochaOpts\",\"jasmineOpts\",\"cucumberOpts\",\"onPrepare\",\"onWorkerStart\",\"onWorkerEnd\",\"before\",\"beforeSession\",\"beforeSuite\",\"beforeHook\",\"beforeTest\",\"afterTest\",\"afterHook\",\"afterSuite\",\"afterSession\",\"after\",\"onComplete\",\"beforeAssertion\",\"afterAssertion\",\"beforeFeature\",\"beforeScenario\",\"beforeStep\",\"afterStep\",\"afterScenario\",\"afterFeature\",\"_\",\"suite\",\"$0\",\"ignoredWorkerServices\",\"wdi5\"]"}]}
COMMAND: POST /session/6c63433432e656fe102e41a405bf48f6/execute/async - {"script":"<script> [21126 bytes]","args":[35000]}
RESULT: {"script":"<script> [21126 bytes]","args":[35000]}
COMMAND: POST /session/6c63433432e656fe102e41a405bf48f6/window/maximize - {}
RESULT: {}
COMMAND: POST /session/6c63433432e656fe102e41a405bf48f6/execute/async - {"script":"<script> [1562 bytes]","args":[{"selector":{"id":"shell-header","interaction":{"idSuffix":"icon"}},"wdio_ui5_key":"shellheader"}]}
COMMAND: GET /session/6c63433432e656fe102e41a405bf48f6/screenshot - {}
RESULT: {"script":"<script> [1562 bytes]","args":[{"selector":{"id":"shell-header","interaction":{"idSuffix":"icon"}},"wdio_ui5_key":"shellheader"}]}
RESULT: undefined
COMMAND: POST /session/6c63433432e656fe102e41a405bf48f6/refresh - {}
RESULT: {}
RESULT: {}
COMMAND: GET /session/6c63433432e656fe102e41a405bf48f6/screenshot - {}
RESULT: {}
COMMAND: POST /session/6c63433432e656fe102e41a405bf48f6/refresh - {}
RESULT: {}
COMMAND: GET /session/6c63433432e656fe102e41a405bf48f6/screenshot - {}
RESULT: {}
COMMAND: POST /session/6c63433432e656fe102e41a405bf48f6/window/fullscreen - {}
RESULT: {}
COMMAND: POST /session/6c63433432e656fe102e41a405bf48f6/execute/async - {"script":"<script> [189 bytes]","args":[]}
RESULT: {"script":"<script> [189 bytes]","args":[]}
COMMAND: POST /session/6c63433432e656fe102e41a405bf48f6/execute/async - {"script":"<script> [123 bytes]","args":[]}
RESULT: {"script":"<script> [123 bytes]","args":[]}
COMMAND: POST /session/6c63433432e656fe102e41a405bf48f6/timeouts - {"script":"<number>"}
RESULT: {"script":"<number>"}
COMMAND: GET /session/6c63433432e656fe102e41a405bf48f6/timeouts - {}
RESULT: {}
RESULT: undefined
COMMAND: POST /session/6c63433432e656fe102e41a405bf48f6/execute/async - {"script":"<script> [2676 bytes]","args":[]}
RESULT: {"script":"<script> [2676 bytes]","args":[]}
COMMAND: POST /session/6c63433432e656fe102e41a405bf48f6/execute/async - {"script":"<script> [2342 bytes]","args":[{"protocol":"http","hostname":"0.0.0.0","path":"/","capabilities":{"browserName":"chrome","goog:chromeOptions":{"binary":"C:\\Program Files\\Google\\Chrome\\Application\\chrome.exe","args":["--start-maximized"]}},"logLevel":"warn","connectionRetryTimeout":120000,"connectionRetryCount":3,"logLevels":{},"enableDirectConnect":true,"strictSSL":true,"_":"65 more keys: [\"cacheDir\",\"port\",\"requestedCapabilities\",\"automationProtocol\",\"baseUrl\",\"waitforInterval\",\"waitforTimeout\",\"onReload\",\"beforeCommand\",\"afterCommand\",\"rootDir\",\"specs\",\"suites\",\"exclude\",\"groupLogsByTestSpec\",\"excludeDriverLogs\",\"bail\",\"framework\",\"reporters\",\"services\",\"maxInstances\",\"maxInstancesPerCapability\",\"injectGlobals\",\"filesToWatch\",\"execArgv\",\"runnerEnv\",\"runner\",\"shard\",\"specFileRetries\",\"specFileRetriesDelay\",\"specFileRetriesDeferred\",\"reporterSyncInterval\",\"reporterSyncTimeout\",\"cucumberFeaturesWithLineNumbers\",\"autoCompileOpts\",\"mochaOpts\",\"jasmineOpts\",\"cucumberOpts\",\"onPrepare\",\"onWorkerStart\",\"onWorkerEnd\",\"before\",\"beforeSession\",\"beforeSuite\",\"beforeHook\",\"beforeTest\",\"afterTest\",\"afterHook\",\"afterSuite\",\"afterSession\",\"after\",\"onComplete\",\"beforeAssertion\",\"afterAssertion\",\"beforeFeature\",\"beforeScenario\",\"beforeStep\",\"afterStep\",\"afterScenario\",\"afterFeature\",\"_\",\"suite\",\"$0\",\"ignoredWorkerServices\",\"wdi5\"]"}]}
RESULT: {"script":"<script> [2342 bytes]","args":[{"protocol":"http","hostname":"0.0.0.0","path":"/","capabilities":{"browserName":"chrome","goog:chromeOptions":{"binary":"C:\\Program Files\\Google\\Chrome\\Application\\chrome.exe","args":["--start-maximized"]}},"logLevel":"warn","connectionRetryTimeout":120000,"connectionRetryCount":3,"logLevels":{},"enableDirectConnect":true,"strictSSL":true,"_":"65 more keys: [\"cacheDir\",\"port\",\"requestedCapabilities\",\"automationProtocol\",\"baseUrl\",\"waitforInterval\",\"waitforTimeout\",\"onReload\",\"beforeCommand\",\"afterCommand\",\"rootDir\",\"specs\",\"suites\",\"exclude\",\"groupLogsByTestSpec\",\"excludeDriverLogs\",\"bail\",\"framework\",\"reporters\",\"services\",\"maxInstances\",\"maxInstancesPerCapability\",\"injectGlobals\",\"filesToWatch\",\"execArgv\",\"runnerEnv\",\"runner\",\"shard\",\"specFileRetries\",\"specFileRetriesDelay\",\"specFileRetriesDeferred\",\"reporterSyncInterval\",\"reporterSyncTimeout\",\"cucumberFeaturesWithLineNumbers\",\"autoCompileOpts\",\"mochaOpts\",\"jasmineOpts\",\"cucumberOpts\",\"onPrepare\",\"onWorkerStart\",\"onWorkerEnd\",\"before\",\"beforeSession\",\"beforeSuite\",\"beforeHook\",\"beforeTest\",\"afterTest\",\"afterHook\",\"afterSuite\",\"afterSession\",\"after\",\"onComplete\",\"beforeAssertion\",\"afterAssertion\",\"beforeFeature\",\"beforeScenario\",\"beforeStep\",\"afterStep\",\"afterScenario\",\"afterFeature\",\"_\",\"suite\",\"$0\",\"ignoredWorkerServices\",\"wdi5\"]"}]}
COMMAND: POST /session/6c63433432e656fe102e41a405bf48f6/execute/async - {"script":"<script> [21126 bytes]","args":[35000]}
RESULT: {"script":"<script> [21126 bytes]","args":[35000]}
]]></system-out>
    </testcase>
  </testsuite>
  <testsuite timestamp="2025-05-04T17:39:44" time="707.188" tests="13" failures="0" errors="0" skipped="0">
    <properties>
      <property name="specId" value="0" />
      <property name="suiteName" value="Performance based billing (work days) US139742" />
      <property name="capabilities" value="chrome.135_0_7049_96.windows" />
      <property name="file" value="file:///D:/a/1/s/test/specs/BTS/billing-performance-workdays.spec.js" />
    </properties>
    <testcase classname="chrome.135_0_7049_96.windows.Performance_based_billing_(work_days)_US139742" name="Should create a new yard" time="0.014">
      <system-out><![CDATA[
COMMAND: POST /session/6c63433432e656fe102e41a405bf48f6/window/fullscreen - {}
RESULT: {}
]]></system-out>
    </testcase>
    <testcase classname="chrome.135_0_7049_96.windows.Performance_based_billing_(work_days)_US139742" name="Should create a new partner" time="0.003" />
    <testcase classname="chrome.135_0_7049_96.windows.Performance_based_billing_(work_days)_US139742" name="Should create a new site" time="0.003" />
    <testcase classname="chrome.135_0_7049_96.windows.Performance_based_billing_(work_days)_US139742" name="Should do prerequisite steps add equipment" time="117.107">
      <system-out><![CDATA[
COMMAND: POST /session/6c63433432e656fe102e41a405bf48f6/execute/async - {"script":"<script> [1562 bytes]","args":[{"selector":{"controlType":"sap.m.GenericTile","properties":{"header":"Manage Resources"}},"wdio_ui5_key":"sapm.GenericTile{\"header\":\"Manage Resources\"}"}]}
RESULT: {"script":"<script> [1562 bytes]","args":[{"selector":{"controlType":"sap.m.GenericTile","properties":{"header":"Manage Resources"}},"wdio_ui5_key":"sapm.GenericTile{\"header\":\"Manage Resources\"}"}]}
RESULT: undefined
COMMAND: POST /session/6c63433432e656fe102e41a405bf48f6/element - {"using":"xpath","value":"//*[@id=\"__tile39\"]"}
RESULT: {"using":"xpath","value":"//*[@id=\"__tile39\"]"}
COMMAND: POST /session/6c63433432e656fe102e41a405bf48f6/element/f.D105F16D3864A3F2742A47C77377899E.d.8A4450B9EF6B3A93A58DC96BB48B738B.e.11493/click - {}
RESULT: {}
COMMAND: POST /session/6c63433432e656fe102e41a405bf48f6/element - {"using":"xpath","value":"//button[@data-kt=\"addNewRUOverflowToolbarButton\"]"}
COMMAND: GET /session/6c63433432e656fe102e41a405bf48f6/screenshot - {}
RESULT: {"using":"xpath","value":"//button[@data-kt=\"addNewRUOverflowToolbarButton\"]"}
COMMAND: POST /session/6c63433432e656fe102e41a405bf48f6/elements - {"using":"xpath","value":"//button[@data-kt=\"addNewRUOverflowToolbarButton\"]"}
RESULT: {}
RESULT: {"using":"xpath","value":"//button[@data-kt=\"addNewRUOverflowToolbarButton\"]"}
COMMAND: POST /session/6c63433432e656fe102e41a405bf48f6/elements - {"using":"xpath","value":"//button[@data-kt=\"addNewRUOverflowToolbarButton\"]"}
RESULT: {"using":"xpath","value":"//button[@data-kt=\"addNewRUOverflowToolbarButton\"]"}
COMMAND: POST /session/6c63433432e656fe102e41a405bf48f6/elements - {"using":"xpath","value":"//button[@data-kt=\"addNewRUOverflowToolbarButton\"]"}
RESULT: {"using":"xpath","value":"//button[@data-kt=\"addNewRUOverflowToolbarButton\"]"}
COMMAND: POST /session/6c63433432e656fe102e41a405bf48f6/elements - {"using":"xpath","value":"//button[@data-kt=\"addNewRUOverflowToolbarButton\"]"}
RESULT: {"using":"xpath","value":"//button[@data-kt=\"addNewRUOverflowToolbarButton\"]"}
COMMAND: POST /session/6c63433432e656fe102e41a405bf48f6/elements - {"using":"xpath","value":"//button[@data-kt=\"addNewRUOverflowToolbarButton\"]"}
RESULT: {"using":"xpath","value":"//button[@data-kt=\"addNewRUOverflowToolbarButton\"]"}
COMMAND: POST /session/6c63433432e656fe102e41a405bf48f6/elements - {"using":"xpath","value":"//button[@data-kt=\"addNewRUOverflowToolbarButton\"]"}
RESULT: {"using":"xpath","value":"//button[@data-kt=\"addNewRUOverflowToolbarButton\"]"}
COMMAND: POST /session/6c63433432e656fe102e41a405bf48f6/elements - {"using":"xpath","value":"//button[@data-kt=\"addNewRUOverflowToolbarButton\"]"}
RESULT: {"using":"xpath","value":"//button[@data-kt=\"addNewRUOverflowToolbarButton\"]"}
COMMAND: POST /session/6c63433432e656fe102e41a405bf48f6/elements - {"using":"xpath","value":"//button[@data-kt=\"addNewRUOverflowToolbarButton\"]"}
RESULT: {"using":"xpath","value":"//button[@data-kt=\"addNewRUOverflowToolbarButton\"]"}
COMMAND: POST /session/6c63433432e656fe102e41a405bf48f6/elements - {"using":"xpath","value":"//button[@data-kt=\"addNewRUOverflowToolbarButton\"]"}
RESULT: {"using":"xpath","value":"//button[@data-kt=\"addNewRUOverflowToolbarButton\"]"}
COMMAND: POST /session/6c63433432e656fe102e41a405bf48f6/elements - {"using":"xpath","value":"//button[@data-kt=\"addNewRUOverflowToolbarButton\"]"}
RESULT: {"using":"xpath","value":"//button[@data-kt=\"addNewRUOverflowToolbarButton\"]"}
COMMAND: POST /session/6c63433432e656fe102e41a405bf48f6/elements - {"using":"xpath","value":"//button[@data-kt=\"addNewRUOverflowToolbarButton\"]"}
RESULT: {"using":"xpath","value":"//button[@data-kt=\"addNewRUOverflowToolbarButton\"]"}
COMMAND: POST /session/6c63433432e656fe102e41a405bf48f6/elements - {"using":"xpath","value":"//button[@data-kt=\"addNewRUOverflowToolbarButton\"]"}
RESULT: {"using":"xpath","value":"//button[@data-kt=\"addNewRUOverflowToolbarButton\"]"}
COMMAND: POST /session/6c63433432e656fe102e41a405bf48f6/elements - {"using":"xpath","value":"//button[@data-kt=\"addNewRUOverflowToolbarButton\"]"}
RESULT: {"using":"xpath","value":"//button[@data-kt=\"addNewRUOverflowToolbarButton\"]"}
COMMAND: POST /session/6c63433432e656fe102e41a405bf48f6/elements - {"using":"xpath","value":"//button[@data-kt=\"addNewRUOverflowToolbarButton\"]"}
RESULT: {"using":"xpath","value":"//button[@data-kt=\"addNewRUOverflowToolbarButton\"]"}
COMMAND: POST /session/6c63433432e656fe102e41a405bf48f6/elements - {"using":"xpath","value":"//button[@data-kt=\"addNewRUOverflowToolbarButton\"]"}
RESULT: {"using":"xpath","value":"//button[@data-kt=\"addNewRUOverflowToolbarButton\"]"}
COMMAND: POST /session/6c63433432e656fe102e41a405bf48f6/elements - {"using":"xpath","value":"//button[@data-kt=\"addNewRUOverflowToolbarButton\"]"}
RESULT: {"using":"xpath","value":"//button[@data-kt=\"addNewRUOverflowToolbarButton\"]"}
COMMAND: POST /session/6c63433432e656fe102e41a405bf48f6/elements - {"using":"xpath","value":"//button[@data-kt=\"addNewRUOverflowToolbarButton\"]"}
RESULT: {"using":"xpath","value":"//button[@data-kt=\"addNewRUOverflowToolbarButton\"]"}
COMMAND: POST /session/6c63433432e656fe102e41a405bf48f6/elements - {"using":"xpath","value":"//button[@data-kt=\"addNewRUOverflowToolbarButton\"]"}
RESULT: {"using":"xpath","value":"//button[@data-kt=\"addNewRUOverflowToolbarButton\"]"}
COMMAND: POST /session/6c63433432e656fe102e41a405bf48f6/element - {"using":"xpath","value":"//button[@data-kt=\"addNewRUOverflowToolbarButton\"]"}
RESULT: {"using":"xpath","value":"//button[@data-kt=\"addNewRUOverflowToolbarButton\"]"}
COMMAND: POST /session/6c63433432e656fe102e41a405bf48f6/execute/sync - {"script":"<script> [8489 bytes]","args":[{"element-6066-11e4-a52e-4f735466cecf":"f.D105F16D3864A3F2742A47C77377899E.d.8A4450B9EF6B3A93A58DC96BB48B738B.e.11631","ELEMENT":"f.D105F16D3864A3F2742A47C77377899E.d.8A4450B9EF6B3A93A58DC96BB48B738B.e.11631"}]}
RESULT: {"script":"<script> [8489 bytes]","args":[{"element-6066-11e4-a52e-4f735466cecf":"f.D105F16D3864A3F2742A47C77377899E.d.8A4450B9EF6B3A93A58DC96BB48B738B.e.11631","ELEMENT":"f.D105F16D3864A3F2742A47C77377899E.d.8A4450B9EF6B3A93A58DC96BB48B738B.e.11631"}]}
COMMAND: GET /session/6c63433432e656fe102e41a405bf48f6/element/f.D105F16D3864A3F2742A47C77377899E.d.8A4450B9EF6B3A93A58DC96BB48B738B.e.11631/enabled - {}
COMMAND: GET /session/6c63433432e656fe102e41a405bf48f6/screenshot - {}
RESULT: {}
COMMAND: POST /session/6c63433432e656fe102e41a405bf48f6/execute/sync - {"script":"<script> [8489 bytes]","args":[{"element-6066-11e4-a52e-4f735466cecf":"f.D105F16D3864A3F2742A47C77377899E.d.8A4450B9EF6B3A93A58DC96BB48B738B.e.11631","ELEMENT":"f.D105F16D3864A3F2742A47C77377899E.d.8A4450B9EF6B3A93A58DC96BB48B738B.e.11631"}]}
COMMAND: GET /session/6c63433432e656fe102e41a405bf48f6/screenshot - {}
RESULT: {}
RESULT: {"script":"<script> [8489 bytes]","args":[{"element-6066-11e4-a52e-4f735466cecf":"f.D105F16D3864A3F2742A47C77377899E.d.8A4450B9EF6B3A93A58DC96BB48B738B.e.11631","ELEMENT":"f.D105F16D3864A3F2742A47C77377899E.d.8A4450B9EF6B3A93A58DC96BB48B738B.e.11631"}]}
COMMAND: POST /session/6c63433432e656fe102e41a405bf48f6/execute/sync - {"script":"<script> [5351 bytes]","args":[{"element-6066-11e4-a52e-4f735466cecf":"f.D105F16D3864A3F2742A47C77377899E.d.8A4450B9EF6B3A93A58DC96BB48B738B.e.11631","ELEMENT":"f.D105F16D3864A3F2742A47C77377899E.d.8A4450B9EF6B3A93A58DC96BB48B738B.e.11631"}]}
COMMAND: GET /session/6c63433432e656fe102e41a405bf48f6/screenshot - {}
RESULT: {}
RESULT: {"script":"<script> [5351 bytes]","args":[{"element-6066-11e4-a52e-4f735466cecf":"f.D105F16D3864A3F2742A47C77377899E.d.8A4450B9EF6B3A93A58DC96BB48B738B.e.11631","ELEMENT":"f.D105F16D3864A3F2742A47C77377899E.d.8A4450B9EF6B3A93A58DC96BB48B738B.e.11631"}]}
COMMAND: POST /session/6c63433432e656fe102e41a405bf48f6/element/f.D105F16D3864A3F2742A47C77377899E.d.8A4450B9EF6B3A93A58DC96BB48B738B.e.11631/click - {}
COMMAND: GET /session/6c63433432e656fe102e41a405bf48f6/screenshot - {}
RESULT: {}
RESULT: {}
COMMAND: GET /session/6c63433432e656fe102e41a405bf48f6/screenshot - {}
RESULT: {}
RESULT: {}
COMMAND: POST /session/6c63433432e656fe102e41a405bf48f6/execute/async - {"script":"<script> [1562 bytes]","args":[{"selector":{"id":"application-manageresources-display-component---newResourceUnit--TYPE-arrow"},"wdio_ui5_key":"applicationmanageresources-display-component---newResourceUnit--TYPE-arrow"}]}
RESULT: {"script":"<script> [1562 bytes]","args":[{"selector":{"id":"application-manageresources-display-component---newResourceUnit--TYPE-arrow"},"wdio_ui5_key":"applicationmanageresources-display-component---newResourceUnit--TYPE-arrow"}]}
RESULT: undefined
COMMAND: POST /session/6c63433432e656fe102e41a405bf48f6/element - {"using":"xpath","value":"//*[@id=\"application-manageresources-display-component---newResourceUnit--TYPE-arrow\"]"}
RESULT: {"using":"xpath","value":"//*[@id=\"application-manageresources-display-component---newResourceUnit--TYPE-arrow\"]"}
COMMAND: POST /session/6c63433432e656fe102e41a405bf48f6/element/f.D105F16D3864A3F2742A47C77377899E.d.8A4450B9EF6B3A93A58DC96BB48B738B.e.12002/click - {}
RESULT: {}
COMMAND: POST /session/6c63433432e656fe102e41a405bf48f6/element - {"using":"xpath","value":"//input[@id=\"application-manageresources-display-component---newResourceUnit--TYPE-inner\"]"}
COMMAND: GET /session/6c63433432e656fe102e41a405bf48f6/screenshot - {}
RESULT: {"using":"xpath","value":"//input[@id=\"application-manageresources-display-component---newResourceUnit--TYPE-inner\"]"}
COMMAND: POST /session/6c63433432e656fe102e41a405bf48f6/element/f.D105F16D3864A3F2742A47C77377899E.d.8A4450B9EF6B3A93A58DC96BB48B738B.e.11985/clear - {}
RESULT: {}
RESULT: {}
COMMAND: POST /session/6c63433432e656fe102e41a405bf48f6/element/f.D105F16D3864A3F2742A47C77377899E.d.8A4450B9EF6B3A93A58DC96BB48B738B.e.11985/value - {"text":"Equipment"}
COMMAND: GET /session/6c63433432e656fe102e41a405bf48f6/screenshot - {}
RESULT: {"text":"Equipment"}
COMMAND: GET /session/6c63433432e656fe102e41a405bf48f6/screenshot - {}
RESULT: {}
RESULT: {}
COMMAND: POST /session/6c63433432e656fe102e41a405bf48f6/actions - {"actions":[{"id":"action39","type":"key","parameters":{},"actions":[{"type":"keyDown","value":"î€‡"},{"type":"pause","duration":10},{"type":"keyUp","value":"î€‡"}]}]}
RESULT: {"actions":[{"id":"action39","type":"key","parameters":{},"actions":[{"type":"keyDown","value":"î€‡"},{"type":"pause","duration":10},{"type":"keyUp","value":"î€‡"}]}]}
COMMAND: POST /session/6c63433432e656fe102e41a405bf48f6/execute/async - {"script":"<script> [1562 bytes]","args":[{"selector":{"id":"application-manageresources-display-component---newResourceUnit--resourceId","interaction":{"idSuffix":"inner"}},"wdio_ui5_key":"applicationmanageresources-display-component---newResourceUnit--resourceId"}]}
COMMAND: GET /session/6c63433432e656fe102e41a405bf48f6/screenshot - {}
RESULT: {}
RESULT: {"script":"<script> [1562 bytes]","args":[{"selector":{"id":"application-manageresources-display-component---newResourceUnit--resourceId","interaction":{"idSuffix":"inner"}},"wdio_ui5_key":"applicationmanageresources-display-component---newResourceUnit--resourceId"}]}
RESULT: undefined
COMMAND: POST /session/6c63433432e656fe102e41a405bf48f6/execute/async - {"script":"<script> [776 bytes]","args":[{"enterText":"B6xK8Sfxmr","selector":{"id":"application-manageresources-display-component---newResourceUnit--resourceId","interaction":{"idSuffix":"inner"}},"clearTextFirst":true,"interactionType":"ENTER_TEXT"}]}
RESULT: {"script":"<script> [776 bytes]","args":[{"enterText":"B6xK8Sfxmr","selector":{"id":"application-manageresources-display-component---newResourceUnit--resourceId","interaction":{"idSuffix":"inner"}},"clearTextFirst":true,"interactionType":"ENTER_TEXT"}]}
COMMAND: POST /session/6c63433432e656fe102e41a405bf48f6/execute/async - {"script":"<script> [1562 bytes]","args":[{"selector":{"id":"application-manageresources-display-component---newResourceUnit--SHORT_TEXT","interaction":{"idSuffix":"inner"}},"wdio_ui5_key":"applicationmanageresources-display-component---newResourceUnit--SHORT_TEXT"}]}
RESULT: {"script":"<script> [1562 bytes]","args":[{"selector":{"id":"application-manageresources-display-component---newResourceUnit--SHORT_TEXT","interaction":{"idSuffix":"inner"}},"wdio_ui5_key":"applicationmanageresources-display-component---newResourceUnit--SHORT_TEXT"}]}
RESULT: undefined
COMMAND: POST /session/6c63433432e656fe102e41a405bf48f6/execute/async - {"script":"<script> [776 bytes]","args":[{"enterText":"Intercompany Equipment WDIO","selector":{"id":"application-manageresources-display-component---newResourceUnit--SHORT_TEXT","interaction":{"idSuffix":"inner"}},"clearTextFirst":true,"interactionType":"ENTER_TEXT"}]}
RESULT: {"script":"<script> [776 bytes]","args":[{"enterText":"Intercompany Equipment WDIO","selector":{"id":"application-manageresources-display-component---newResourceUnit--SHORT_TEXT","interaction":{"idSuffix":"inner"}},"clearTextFirst":true,"interactionType":"ENTER_TEXT"}]}
COMMAND: POST /session/6c63433432e656fe102e41a405bf48f6/execute/async - {"script":"<script> [1562 bytes]","args":[{"selector":{"id":"application-manageresources-display-component---newResourceUnit--BASE_UNIT_OF_MEASURE","interaction":{"idSuffix":"inner"}},"wdio_ui5_key":"applicationmanageresources-display-component---newResourceUnit--BASE_UNIT_OF_MEASURE"}]}
RESULT: {"script":"<script> [1562 bytes]","args":[{"selector":{"id":"application-manageresources-display-component---newResourceUnit--BASE_UNIT_OF_MEASURE","interaction":{"idSuffix":"inner"}},"wdio_ui5_key":"applicationmanageresources-display-component---newResourceUnit--BASE_UNIT_OF_MEASURE"}]}
RESULT: undefined
COMMAND: POST /session/6c63433432e656fe102e41a405bf48f6/execute/async - {"script":"<script> [776 bytes]","args":[{"enterText":"Piece","selector":{"id":"application-manageresources-display-component---newResourceUnit--BASE_UNIT_OF_MEASURE","interaction":{"idSuffix":"inner"}},"clearTextFirst":true,"interactionType":"ENTER_TEXT"}]}
RESULT: {"script":"<script> [776 bytes]","args":[{"enterText":"Piece","selector":{"id":"application-manageresources-display-component---newResourceUnit--BASE_UNIT_OF_MEASURE","interaction":{"idSuffix":"inner"}},"clearTextFirst":true,"interactionType":"ENTER_TEXT"}]}
COMMAND: POST /session/6c63433432e656fe102e41a405bf48f6/execute/async - {"script":"<script> [1562 bytes]","args":[{"selector":{"id":"application-manageresources-display-component---newResourceUnit--WEIGHT_UNIT","interaction":{"idSuffix":"inner"}},"wdio_ui5_key":"applicationmanageresources-display-component---newResourceUnit--WEIGHT_UNIT"}]}
RESULT: {"script":"<script> [1562 bytes]","args":[{"selector":{"id":"application-manageresources-display-component---newResourceUnit--WEIGHT_UNIT","interaction":{"idSuffix":"inner"}},"wdio_ui5_key":"applicationmanageresources-display-component---newResourceUnit--WEIGHT_UNIT"}]}
RESULT: undefined
COMMAND: POST /session/6c63433432e656fe102e41a405bf48f6/execute/async - {"script":"<script> [776 bytes]","args":[{"enterText":"Gram","selector":{"id":"application-manageresources-display-component---newResourceUnit--WEIGHT_UNIT","interaction":{"idSuffix":"inner"}},"clearTextFirst":true,"interactionType":"ENTER_TEXT"}]}
RESULT: {"script":"<script> [776 bytes]","args":[{"enterText":"Gram","selector":{"id":"application-manageresources-display-component---newResourceUnit--WEIGHT_UNIT","interaction":{"idSuffix":"inner"}},"clearTextFirst":true,"interactionType":"ENTER_TEXT"}]}
COMMAND: POST /session/6c63433432e656fe102e41a405bf48f6/execute/async - {"script":"<script> [1562 bytes]","args":[{"selector":{"id":"application-manageresources-display-component---newResourceUnit--DIMENSION_UNIT","interaction":{"idSuffix":"inner"}},"wdio_ui5_key":"applicationmanageresources-display-component---newResourceUnit--DIMENSION_UNIT"}]}
RESULT: {"script":"<script> [1562 bytes]","args":[{"selector":{"id":"application-manageresources-display-component---newResourceUnit--DIMENSION_UNIT","interaction":{"idSuffix":"inner"}},"wdio_ui5_key":"applicationmanageresources-display-component---newResourceUnit--DIMENSION_UNIT"}]}
RESULT: undefined
COMMAND: POST /session/6c63433432e656fe102e41a405bf48f6/execute/async - {"script":"<script> [776 bytes]","args":[{"enterText":"Meter","selector":{"id":"application-manageresources-display-component---newResourceUnit--DIMENSION_UNIT","interaction":{"idSuffix":"inner"}},"clearTextFirst":true,"interactionType":"ENTER_TEXT"}]}
RESULT: {"script":"<script> [776 bytes]","args":[{"enterText":"Meter","selector":{"id":"application-manageresources-display-component---newResourceUnit--DIMENSION_UNIT","interaction":{"idSuffix":"inner"}},"clearTextFirst":true,"interactionType":"ENTER_TEXT"}]}
COMMAND: POST /session/6c63433432e656fe102e41a405bf48f6/execute/async - {"script":"<script> [1562 bytes]","args":[{"selector":{"id":"application-manageresources-display-component---newResourceUnit--newRRUPage-anchBar-application-manageresources-display-component---newResourceUnit--control-anchor","interaction":{"idSuffix":"BDI-content"}},"wdio_ui5_key":"applicationmanageresources-display-component---newResourceUnit--newRRUPage-anchBar-application-manageresources-display-component---newResourceUnit--control-anchor"}]}
RESULT: {"script":"<script> [1562 bytes]","args":[{"selector":{"id":"application-manageresources-display-component---newResourceUnit--newRRUPage-anchBar-application-manageresources-display-component---newResourceUnit--control-anchor","interaction":{"idSuffix":"BDI-content"}},"wdio_ui5_key":"applicationmanageresources-display-component---newResourceUnit--newRRUPage-anchBar-application-manageresources-display-component---newResourceUnit--control-anchor"}]}
RESULT: undefined
COMMAND: POST /session/6c63433432e656fe102e41a405bf48f6/element - {"using":"xpath","value":"//*[@id=\"application-manageresources-display-component---newResourceUnit--newRRUPage-anchBar-application-manageresources-display-component---newResourceUnit--control-anchor\"]"}
RESULT: {"using":"xpath","value":"//*[@id=\"application-manageresources-display-component---newResourceUnit--newRRUPage-anchBar-application-manageresources-display-component---newResourceUnit--control-anchor\"]"}
COMMAND: POST /session/6c63433432e656fe102e41a405bf48f6/element/f.D105F16D3864A3F2742A47C77377899E.d.8A4450B9EF6B3A93A58DC96BB48B738B.e.12137/click - {}
RESULT: {}
COMMAND: POST /session/6c63433432e656fe102e41a405bf48f6/execute/async - {"script":"<script> [1562 bytes]","args":[{"selector":{"id":"application-manageresources-display-component---newResourceUnit--PLANNING_GROUP","interaction":{"idSuffix":"inner"}},"wdio_ui5_key":"applicationmanageresources-display-component---newResourceUnit--PLANNING_GROUP"}]}
COMMAND: GET /session/6c63433432e656fe102e41a405bf48f6/screenshot - {}
RESULT: {"script":"<script> [1562 bytes]","args":[{"selector":{"id":"application-manageresources-display-component---newResourceUnit--PLANNING_GROUP","interaction":{"idSuffix":"inner"}},"wdio_ui5_key":"applicationmanageresources-display-component---newResourceUnit--PLANNING_GROUP"}]}
RESULT: undefined
COMMAND: POST /session/6c63433432e656fe102e41a405bf48f6/execute/async - {"script":"<script> [776 bytes]","args":[{"enterText":"Heavy Equi","selector":{"id":"application-manageresources-display-component---newResourceUnit--PLANNING_GROUP","interaction":{"idSuffix":"inner"}},"clearTextFirst":true,"interactionType":"ENTER_TEXT"}]}
RESULT: {}
RESULT: {"script":"<script> [776 bytes]","args":[{"enterText":"Heavy Equi","selector":{"id":"application-manageresources-display-component---newResourceUnit--PLANNING_GROUP","interaction":{"idSuffix":"inner"}},"clearTextFirst":true,"interactionType":"ENTER_TEXT"}]}
COMMAND: POST /session/6c63433432e656fe102e41a405bf48f6/execute/async - {"script":"<script> [1562 bytes]","args":[{"selector":{"id":"application-manageresources-display-component---newResourceUnit--ITEM_TYPE-arrow"},"wdio_ui5_key":"applicationmanageresources-display-component---newResourceUnit--ITEM_TYPE-arrow"}]}
RESULT: {"script":"<script> [1562 bytes]","args":[{"selector":{"id":"application-manageresources-display-component---newResourceUnit--ITEM_TYPE-arrow"},"wdio_ui5_key":"applicationmanageresources-display-component---newResourceUnit--ITEM_TYPE-arrow"}]}
RESULT: undefined
COMMAND: POST /session/6c63433432e656fe102e41a405bf48f6/element - {"using":"xpath","value":"//*[@id=\"application-manageresources-display-component---newResourceUnit--ITEM_TYPE-arrow\"]"}
RESULT: {"using":"xpath","value":"//*[@id=\"application-manageresources-display-component---newResourceUnit--ITEM_TYPE-arrow\"]"}
COMMAND: POST /session/6c63433432e656fe102e41a405bf48f6/element/f.D105F16D3864A3F2742A47C77377899E.d.8A4450B9EF6B3A93A58DC96BB48B738B.e.12144/click - {}
RESULT: {}
COMMAND: POST /session/6c63433432e656fe102e41a405bf48f6/element - {"using":"xpath","value":"(//span[contains(text(), \"Resource Unit\")])[2]"}
COMMAND: GET /session/6c63433432e656fe102e41a405bf48f6/screenshot - {}
RESULT: {"using":"xpath","value":"(//span[contains(text(), \"Resource Unit\")])[2]"}
COMMAND: POST /session/6c63433432e656fe102e41a405bf48f6/element/f.D105F16D3864A3F2742A47C77377899E.d.8A4450B9EF6B3A93A58DC96BB48B738B.e.12145/click - {}
RESULT: {}
RESULT: {}
COMMAND: GET /session/6c63433432e656fe102e41a405bf48f6/screenshot - {}
RESULT: {}
COMMAND: POST /session/6c63433432e656fe102e41a405bf48f6/element - {"using":"css selector","value":"#application-manageresources-display-component---newResourceUnit--btnAddTimeSegment"}
RESULT: {"using":"css selector","value":"#application-manageresources-display-component---newResourceUnit--btnAddTimeSegment"}
COMMAND: GET /session/6c63433432e656fe102e41a405bf48f6/element/f.D105F16D3864A3F2742A47C77377899E.d.8A4450B9EF6B3A93A58DC96BB48B738B.e.12146/rect - {}
RESULT: {}
COMMAND: GET /session/6c63433432e656fe102e41a405bf48f6/window/rect - {}
RESULT: {}
COMMAND: POST /session/6c63433432e656fe102e41a405bf48f6/execute/sync - {"script":"<script> [92 bytes]","args":[]}
RESULT: {"script":"<script> [92 bytes]","args":[]}
COMMAND: POST /session/6c63433432e656fe102e41a405bf48f6/actions - {"actions":[{"id":"action40","type":"wheel","parameters":{},"actions":[{"type":"scroll","x":-1888,"y":-32,"deltaX":0,"deltaY":0,"duration":0,"origin":{"element-6066-11e4-a52e-4f735466cecf":"f.D105F16D3864A3F2742A47C77377899E.d.8A4450B9EF6B3A93A58DC96BB48B738B.e.12146"}}]}]}
COMMAND: GET /session/6c63433432e656fe102e41a405bf48f6/screenshot - {}
RESULT: {}
COMMAND: POST /session/6c63433432e656fe102e41a405bf48f6/execute/sync - {"script":"<script> [79 bytes]","args":[{"element-6066-11e4-a52e-4f735466cecf":"f.D105F16D3864A3F2742A47C77377899E.d.8A4450B9EF6B3A93A58DC96BB48B738B.e.12146","ELEMENT":"f.D105F16D3864A3F2742A47C77377899E.d.8A4450B9EF6B3A93A58DC96BB48B738B.e.12146"},{"block":"start","inline":"nearest"}]}
RESULT: {"script":"<script> [79 bytes]","args":[{"element-6066-11e4-a52e-4f735466cecf":"f.D105F16D3864A3F2742A47C77377899E.d.8A4450B9EF6B3A93A58DC96BB48B738B.e.12146","ELEMENT":"f.D105F16D3864A3F2742A47C77377899E.d.8A4450B9EF6B3A93A58DC96BB48B738B.e.12146"},{"block":"start","inline":"nearest"}]}
COMMAND: POST /session/6c63433432e656fe102e41a405bf48f6/execute/async - {"script":"<script> [1562 bytes]","args":[{"selector":{"id":"application-manageresources-display-component---newResourceUnit--btnAddTimeSegment","interaction":{"idSuffix":"inner"}},"wdio_ui5_key":"applicationmanageresources-display-component---newResourceUnit--btnAddTimeSegment"}]}
COMMAND: GET /session/6c63433432e656fe102e41a405bf48f6/screenshot - {}
RESULT: {}
RESULT: {"script":"<script> [1562 bytes]","args":[{"selector":{"id":"application-manageresources-display-component---newResourceUnit--btnAddTimeSegment","interaction":{"idSuffix":"inner"}},"wdio_ui5_key":"applicationmanageresources-display-component---newResourceUnit--btnAddTimeSegment"}]}
RESULT: undefined
COMMAND: POST /session/6c63433432e656fe102e41a405bf48f6/element - {"using":"xpath","value":"//*[@id=\"application-manageresources-display-component---newResourceUnit--btnAddTimeSegment\"]"}
RESULT: {"using":"xpath","value":"//*[@id=\"application-manageresources-display-component---newResourceUnit--btnAddTimeSegment\"]"}
COMMAND: POST /session/6c63433432e656fe102e41a405bf48f6/element/f.D105F16D3864A3F2742A47C77377899E.d.8A4450B9EF6B3A93A58DC96BB48B738B.e.12146/click - {}
RESULT: {}
COMMAND: GET /session/6c63433432e656fe102e41a405bf48f6/screenshot - {}
RESULT: {}
COMMAND: POST /session/6c63433432e656fe102e41a405bf48f6/element - {"using":"xpath","value":"//input[@id=\"application-manageresources-display-component---newResourceUnit--idRuTSAdmin-application-manageresources-display-component---newResourceUnit--RUTimeSegment-0-inner\"]"}
RESULT: {"using":"xpath","value":"//input[@id=\"application-manageresources-display-component---newResourceUnit--idRuTSAdmin-application-manageresources-display-component---newResourceUnit--RUTimeSegment-0-inner\"]"}
COMMAND: POST /session/6c63433432e656fe102e41a405bf48f6/element/f.D105F16D3864A3F2742A47C77377899E.d.8A4450B9EF6B3A93A58DC96BB48B738B.e.12152/clear - {}
RESULT: {}
COMMAND: POST /session/6c63433432e656fe102e41a405bf48f6/element/f.D105F16D3864A3F2742A47C77377899E.d.8A4450B9EF6B3A93A58DC96BB48B738B.e.12152/value - {"text":"548"}
COMMAND: GET /session/6c63433432e656fe102e41a405bf48f6/screenshot - {}
RESULT: {"text":"548"}
COMMAND: GET /session/6c63433432e656fe102e41a405bf48f6/screenshot - {}
RESULT: {}
RESULT: {}
COMMAND: POST /session/6c63433432e656fe102e41a405bf48f6/element - {"using":"xpath","value":"//li[.//span[text()='548']]"}
RESULT: {"using":"xpath","value":"//li[.//span[text()='548']]"}
COMMAND: POST /session/6c63433432e656fe102e41a405bf48f6/element/f.D105F16D3864A3F2742A47C77377899E.d.8A4450B9EF6B3A93A58DC96BB48B738B.e.12164/click - {}
RESULT: {}
COMMAND: GET /session/6c63433432e656fe102e41a405bf48f6/screenshot - {}
RESULT: {}
COMMAND: POST /session/6c63433432e656fe102e41a405bf48f6/element - {"using":"xpath","value":"(//span[contains(@id, \"-application-manageresources-display-component---newResourceUnit--RUTimeSegment-0-arrow\")])[6]"}
RESULT: {"using":"xpath","value":"(//span[contains(@id, \"-application-manageresources-display-component---newResourceUnit--RUTimeSegment-0-arrow\")])[6]"}
COMMAND: POST /session/6c63433432e656fe102e41a405bf48f6/element/f.D105F16D3864A3F2742A47C77377899E.d.8A4450B9EF6B3A93A58DC96BB48B738B.e.12165/click - {}
RESULT: {}
COMMAND: GET /session/6c63433432e656fe102e41a405bf48f6/screenshot - {}
RESULT: {}
COMMAND: POST /session/6c63433432e656fe102e41a405bf48f6/element - {"using":"xpath","value":"//span[contains(text(), \"PM Order\")]"}
RESULT: {"using":"xpath","value":"//span[contains(text(), \"PM Order\")]"}
COMMAND: POST /session/6c63433432e656fe102e41a405bf48f6/element/f.D105F16D3864A3F2742A47C77377899E.d.8A4450B9EF6B3A93A58DC96BB48B738B.e.12168/click - {}
RESULT: {}
COMMAND: GET /session/6c63433432e656fe102e41a405bf48f6/screenshot - {}
RESULT: {}
COMMAND: POST /session/6c63433432e656fe102e41a405bf48f6/element - {"using":"xpath","value":"(//span[contains(@id ,\"manageresources-display-component---newResourceUnit--RUTimeSegment-0-vhi\")])[1]"}
RESULT: {"using":"xpath","value":"(//span[contains(@id ,\"manageresources-display-component---newResourceUnit--RUTimeSegment-0-vhi\")])[1]"}
COMMAND: GET /session/6c63433432e656fe102e41a405bf48f6/element/f.D105F16D3864A3F2742A47C77377899E.d.8A4450B9EF6B3A93A58DC96BB48B738B.e.12172/rect - {}
RESULT: {}
COMMAND: GET /session/6c63433432e656fe102e41a405bf48f6/window/rect - {}
RESULT: {}
COMMAND: POST /session/6c63433432e656fe102e41a405bf48f6/execute/sync - {"script":"<script> [92 bytes]","args":[]}
RESULT: {"script":"<script> [92 bytes]","args":[]}
COMMAND: POST /session/6c63433432e656fe102e41a405bf48f6/actions - {"actions":[{"id":"action41","type":"wheel","parameters":{},"actions":[{"type":"scroll","x":-869,"y":-24,"deltaX":0,"deltaY":0,"duration":0,"origin":{"element-6066-11e4-a52e-4f735466cecf":"f.D105F16D3864A3F2742A47C77377899E.d.8A4450B9EF6B3A93A58DC96BB48B738B.e.12172"}}]}]}
COMMAND: GET /session/6c63433432e656fe102e41a405bf48f6/screenshot - {}
RESULT: {"actions":[{"id":"action41","type":"wheel","parameters":{},"actions":[{"type":"scroll","x":-869,"y":-24,"deltaX":0,"deltaY":0,"duration":0,"origin":{"element-6066-11e4-a52e-4f735466cecf":"f.D105F16D3864A3F2742A47C77377899E.d.8A4450B9EF6B3A93A58DC96BB48B738B.e.12172"}}]}]}
COMMAND: DELETE /session/6c63433432e656fe102e41a405bf48f6/actions - {}
COMMAND: GET /session/6c63433432e656fe102e41a405bf48f6/screenshot - {}
RESULT: {}
RESULT: {}
COMMAND: GET /session/6c63433432e656fe102e41a405bf48f6/screenshot - {}
RESULT: {}
RESULT: {}
COMMAND: POST /session/6c63433432e656fe102e41a405bf48f6/element/f.D105F16D3864A3F2742A47C77377899E.d.8A4450B9EF6B3A93A58DC96BB48B738B.e.12172/click - {}
RESULT: {}
COMMAND: GET /session/6c63433432e656fe102e41a405bf48f6/screenshot - {}
RESULT: {}
COMMAND: POST /session/6c63433432e656fe102e41a405bf48f6/execute/async - {"script":"<script> [1562 bytes]","args":[{"selector":{"controlType":"sap.m.SearchField","properties":{"placeholder":"Search"},"searchOpenDialogs":true,"interaction":{"idSuffix":"I"}},"wdio_ui5_key":"sapm.SearchField{\"placeholder\":\"Search\"}"}]}
RESULT: {"script":"<script> [1562 bytes]","args":[{"selector":{"controlType":"sap.m.SearchField","properties":{"placeholder":"Search"},"searchOpenDialogs":true,"interaction":{"idSuffix":"I"}},"wdio_ui5_key":"sapm.SearchField{\"placeholder\":\"Search\"}"}]}
RESULT: undefined
COMMAND: POST /session/6c63433432e656fe102e41a405bf48f6/execute/async - {"script":"<script> [776 bytes]","args":[{"enterText":"4000360","selector":{"controlType":"sap.m.SearchField","properties":{"placeholder":"Search"},"searchOpenDialogs":true,"interaction":{"idSuffix":"I"}},"clearTextFirst":true,"interactionType":"ENTER_TEXT"}]}
RESULT: {"script":"<script> [776 bytes]","args":[{"enterText":"4000360","selector":{"controlType":"sap.m.SearchField","properties":{"placeholder":"Search"},"searchOpenDialogs":true,"interaction":{"idSuffix":"I"}},"clearTextFirst":true,"interactionType":"ENTER_TEXT"}]}
COMMAND: POST /session/6c63433432e656fe102e41a405bf48f6/actions - {"actions":[{"id":"action42","type":"key","parameters":{},"actions":[{"type":"keyDown","value":"î€‡"},{"type":"pause","duration":10},{"type":"keyUp","value":"î€‡"}]}]}
RESULT: {"actions":[{"id":"action42","type":"key","parameters":{},"actions":[{"type":"keyDown","value":"î€‡"},{"type":"pause","duration":10},{"type":"keyUp","value":"î€‡"}]}]}
COMMAND: GET /session/6c63433432e656fe102e41a405bf48f6/screenshot - {}
RESULT: {}
COMMAND: POST /session/6c63433432e656fe102e41a405bf48f6/element - {"using":"xpath","value":"//td/div/span[contains(text(), \"BGL Vehicles\")]"}
RESULT: {"using":"xpath","value":"//td/div/span[contains(text(), \"BGL Vehicles\")]"}
COMMAND: POST /session/6c63433432e656fe102e41a405bf48f6/element/f.D105F16D3864A3F2742A47C77377899E.d.8A4450B9EF6B3A93A58DC96BB48B738B.e.12193/click - {}
RESULT: {}
COMMAND: GET /session/6c63433432e656fe102e41a405bf48f6/screenshot - {}
RESULT: {}
COMMAND: POST /session/6c63433432e656fe102e41a405bf48f6/element - {"using":"xpath","value":"//bdi[contains(text(), \"OK\")]"}
RESULT: {"using":"xpath","value":"//bdi[contains(text(), \"OK\")]"}
COMMAND: POST /session/6c63433432e656fe102e41a405bf48f6/element/f.D105F16D3864A3F2742A47C77377899E.d.8A4450B9EF6B3A93A58DC96BB48B738B.e.12194/click - {}
RESULT: {}
COMMAND: GET /session/6c63433432e656fe102e41a405bf48f6/screenshot - {}
RESULT: {}
COMMAND: POST /session/6c63433432e656fe102e41a405bf48f6/execute/async - {"script":"<script> [1562 bytes]","args":[{"selector":{"id":"application-manageresources-display-component---newResourceUnit--newRRUPage-anchBar-application-manageresources-display-component---newResourceUnit--resource-anchor","interaction":{"idSuffix":"BDI-content"}},"wdio_ui5_key":"applicationmanageresources-display-component---newResourceUnit--newRRUPage-anchBar-application-manageresources-display-component---newResourceUnit--resource-anchor"}]}
RESULT: {"script":"<script> [1562 bytes]","args":[{"selector":{"id":"application-manageresources-display-component---newResourceUnit--newRRUPage-anchBar-application-manageresources-display-component---newResourceUnit--resource-anchor","interaction":{"idSuffix":"BDI-content"}},"wdio_ui5_key":"applicationmanageresources-display-component---newResourceUnit--newRRUPage-anchBar-application-manageresources-display-component---newResourceUnit--resource-anchor"}]}
RESULT: undefined
COMMAND: POST /session/6c63433432e656fe102e41a405bf48f6/element - {"using":"xpath","value":"//*[@id=\"application-manageresources-display-component---newResourceUnit--newRRUPage-anchBar-application-manageresources-display-component---newResourceUnit--resource-anchor\"]"}
RESULT: {"using":"xpath","value":"//*[@id=\"application-manageresources-display-component---newResourceUnit--newRRUPage-anchBar-application-manageresources-display-component---newResourceUnit--resource-anchor\"]"}
COMMAND: POST /session/6c63433432e656fe102e41a405bf48f6/element/f.D105F16D3864A3F2742A47C77377899E.d.8A4450B9EF6B3A93A58DC96BB48B738B.e.12198/click - {}
RESULT: {}
COMMAND: POST /session/6c63433432e656fe102e41a405bf48f6/execute/async - {"script":"<script> [1562 bytes]","args":[{"selector":{"id":"application-manageresources-display-component---newResourceUnit--PLANNED_DELIVERY_DATE","interaction":{"idSuffix":"inner"}},"wdio_ui5_key":"applicationmanageresources-display-component---newResourceUnit--PLANNED_DELIVERY_DATE"}]}
COMMAND: GET /session/6c63433432e656fe102e41a405bf48f6/screenshot - {}
RESULT: {"script":"<script> [1562 bytes]","args":[{"selector":{"id":"application-manageresources-display-component---newResourceUnit--PLANNED_DELIVERY_DATE","interaction":{"idSuffix":"inner"}},"wdio_ui5_key":"applicationmanageresources-display-component---newResourceUnit--PLANNED_DELIVERY_DATE"}]}
RESULT: undefined
COMMAND: POST /session/6c63433432e656fe102e41a405bf48f6/execute/async - {"script":"<script> [6424 bytes]","args":[{"element-6066-11e4-a52e-4f735466cecf":"f.D105F16D3864A3F2742A47C77377899E.d.8A4450B9EF6B3A93A58DC96BB48B738B.e.12060"},"setValue",["5/4/25"]]}
RESULT: {}
RESULT: {"script":"<script> [6424 bytes]","args":[{"element-6066-11e4-a52e-4f735466cecf":"f.D105F16D3864A3F2742A47C77377899E.d.8A4450B9EF6B3A93A58DC96BB48B738B.e.12060"},"setValue",["5/4/25"]]}
COMMAND: POST /session/6c63433432e656fe102e41a405bf48f6/element - {"using":"xpath","value":"//button[@data-kt=\"resourceUnitSaveButton\"]"}
RESULT: {"using":"xpath","value":"//button[@data-kt=\"resourceUnitSaveButton\"]"}
COMMAND: POST /session/6c63433432e656fe102e41a405bf48f6/element/f.D105F16D3864A3F2742A47C77377899E.d.8A4450B9EF6B3A93A58DC96BB48B738B.e.12021/click - {}
RESULT: {}
COMMAND: GET /session/6c63433432e656fe102e41a405bf48f6/screenshot - {}
RESULT: {}
COMMAND: POST /session/6c63433432e656fe102e41a405bf48f6/element - {"using":"xpath","value":"//bdi[contains(text(), \"Close\")]"}
RESULT: {"using":"xpath","value":"//bdi[contains(text(), \"Close\")]"}
COMMAND: POST /session/6c63433432e656fe102e41a405bf48f6/element/f.D105F16D3864A3F2742A47C77377899E.d.8A4450B9EF6B3A93A58DC96BB48B738B.e.12208/click - {}
RESULT: {}
COMMAND: GET /session/6c63433432e656fe102e41a405bf48f6/screenshot - {}
RESULT: {}
COMMAND: POST /session/6c63433432e656fe102e41a405bf48f6/element - {"using":"xpath","value":"(//button[contains(@id ,\"actionsToolbar-overflowButton\")])[1]"}
RESULT: {"using":"xpath","value":"(//button[contains(@id ,\"actionsToolbar-overflowButton\")])[1]"}
COMMAND: POST /session/6c63433432e656fe102e41a405bf48f6/element/f.D105F16D3864A3F2742A47C77377899E.d.8A4450B9EF6B3A93A58DC96BB48B738B.e.12240/click - {}
RESULT: {}
COMMAND: GET /session/6c63433432e656fe102e41a405bf48f6/screenshot - {}
RESULT: {}
COMMAND: POST /session/6c63433432e656fe102e41a405bf48f6/element - {"using":"xpath","value":"//button[@data-kt=\"priceInfoButton\"]"}
RESULT: {"using":"xpath","value":"//button[@data-kt=\"priceInfoButton\"]"}
COMMAND: POST /session/6c63433432e656fe102e41a405bf48f6/element/f.D105F16D3864A3F2742A47C77377899E.d.8A4450B9EF6B3A93A58DC96BB48B738B.e.12242/click - {}
RESULT: {}
COMMAND: GET /session/6c63433432e656fe102e41a405bf48f6/screenshot - {}
]]></system-out>
    </testcase>
    <testcase classname="chrome.135_0_7049_96.windows.Performance_based_billing_(work_days)_US139742" name="Should create a pricing rule perf based on the equipment" time="50.925">
      <system-out><![CDATA[
COMMAND: POST /session/6c63433432e656fe102e41a405bf48f6/element - {"using":"xpath","value":"//button[@data-kt=\"addButton\"]"}
RESULT: {}
RESULT: {"using":"xpath","value":"//button[@data-kt=\"addButton\"]"}
COMMAND: POST /session/6c63433432e656fe102e41a405bf48f6/elements - {"using":"xpath","value":"//button[@data-kt=\"addButton\"]"}
RESULT: {"using":"xpath","value":"//button[@data-kt=\"addButton\"]"}
COMMAND: POST /session/6c63433432e656fe102e41a405bf48f6/execute/sync - {"script":"<script> [8489 bytes]","args":[{"element-6066-11e4-a52e-4f735466cecf":"f.D105F16D3864A3F2742A47C77377899E.d.8A4450B9EF6B3A93A58DC96BB48B738B.e.12278","ELEMENT":"f.D105F16D3864A3F2742A47C77377899E.d.8A4450B9EF6B3A93A58DC96BB48B738B.e.12278"}]}
RESULT: {"script":"<script> [8489 bytes]","args":[{"element-6066-11e4-a52e-4f735466cecf":"f.D105F16D3864A3F2742A47C77377899E.d.8A4450B9EF6B3A93A58DC96BB48B738B.e.12278","ELEMENT":"f.D105F16D3864A3F2742A47C77377899E.d.8A4450B9EF6B3A93A58DC96BB48B738B.e.12278"}]}
COMMAND: GET /session/6c63433432e656fe102e41a405bf48f6/element/f.D105F16D3864A3F2742A47C77377899E.d.8A4450B9EF6B3A93A58DC96BB48B738B.e.12278/enabled - {}
COMMAND: GET /session/6c63433432e656fe102e41a405bf48f6/screenshot - {}
RESULT: {}
COMMAND: POST /session/6c63433432e656fe102e41a405bf48f6/execute/sync - {"script":"<script> [8489 bytes]","args":[{"element-6066-11e4-a52e-4f735466cecf":"f.D105F16D3864A3F2742A47C77377899E.d.8A4450B9EF6B3A93A58DC96BB48B738B.e.12278","ELEMENT":"f.D105F16D3864A3F2742A47C77377899E.d.8A4450B9EF6B3A93A58DC96BB48B738B.e.12278"}]}
COMMAND: GET /session/6c63433432e656fe102e41a405bf48f6/screenshot - {}
RESULT: {}
RESULT: {"script":"<script> [8489 bytes]","args":[{"element-6066-11e4-a52e-4f735466cecf":"f.D105F16D3864A3F2742A47C77377899E.d.8A4450B9EF6B3A93A58DC96BB48B738B.e.12278","ELEMENT":"f.D105F16D3864A3F2742A47C77377899E.d.8A4450B9EF6B3A93A58DC96BB48B738B.e.12278"}]}
COMMAND: POST /session/6c63433432e656fe102e41a405bf48f6/execute/sync - {"script":"<script> [5351 bytes]","args":[{"element-6066-11e4-a52e-4f735466cecf":"f.D105F16D3864A3F2742A47C77377899E.d.8A4450B9EF6B3A93A58DC96BB48B738B.e.12278","ELEMENT":"f.D105F16D3864A3F2742A47C77377899E.d.8A4450B9EF6B3A93A58DC96BB48B738B.e.12278"}]}
COMMAND: GET /session/6c63433432e656fe102e41a405bf48f6/screenshot - {}
RESULT: {}
RESULT: {"script":"<script> [5351 bytes]","args":[{"element-6066-11e4-a52e-4f735466cecf":"f.D105F16D3864A3F2742A47C77377899E.d.8A4450B9EF6B3A93A58DC96BB48B738B.e.12278","ELEMENT":"f.D105F16D3864A3F2742A47C77377899E.d.8A4450B9EF6B3A93A58DC96BB48B738B.e.12278"}]}
COMMAND: POST /session/6c63433432e656fe102e41a405bf48f6/element/f.D105F16D3864A3F2742A47C77377899E.d.8A4450B9EF6B3A93A58DC96BB48B738B.e.12278/click - {}
COMMAND: GET /session/6c63433432e656fe102e41a405bf48f6/screenshot - {}
RESULT: {}
RESULT: {}
COMMAND: GET /session/6c63433432e656fe102e41a405bf48f6/screenshot - {}
RESULT: {}
RESULT: {}
COMMAND: POST /session/6c63433432e656fe102e41a405bf48f6/execute/async - {"script":"<script> [1562 bytes]","args":[{"selector":{"controlType":"sap.m.Title","viewName":"etm.portal.ui.managepricingrules.view.NewItem","viewId":"application-managepricingrules-display-component---newInfoPriceItem","properties":{"text":"New Pricing Rules - Item Level"}},"wdio_ui5_key":"etmportal.ui.managepricingrules.view.NewItemsap.m.Title{\"text\":\"New Pricing Rules - Item Level\"}"}]}
RESULT: {"script":"<script> [1562 bytes]","args":[{"selector":{"controlType":"sap.m.Title","viewName":"etm.portal.ui.managepricingrules.view.NewItem","viewId":"application-managepricingrules-display-component---newInfoPriceItem","properties":{"text":"New Pricing Rules - Item Level"}},"wdio_ui5_key":"etmportal.ui.managepricingrules.view.NewItemsap.m.Title{\"text\":\"New Pricing Rules - Item Level\"}"}]}
RESULT: undefined
COMMAND: POST /session/6c63433432e656fe102e41a405bf48f6/execute/async - {"script":"<script> [6424 bytes]","args":[{"element-6066-11e4-a52e-4f735466cecf":"f.D105F16D3864A3F2742A47C77377899E.d.8A4450B9EF6B3A93A58DC96BB48B738B.e.12449"},"getText",[]]}
RESULT: {"script":"<script> [6424 bytes]","args":[{"element-6066-11e4-a52e-4f735466cecf":"f.D105F16D3864A3F2742A47C77377899E.d.8A4450B9EF6B3A93A58DC96BB48B738B.e.12449"},"getText",[]]}
COMMAND: POST /session/6c63433432e656fe102e41a405bf48f6/execute/async - {"script":"<script> [1562 bytes]","args":[{"selector":{"id":"application-managepricingrules-display-component---newInfoPriceItem--condValidTo","interaction":{"idSuffix":"inner"}},"wdio_ui5_key":"applicationmanagepricingrules-display-component---newInfoPriceItem--condValidTo"}]}
RESULT: {"script":"<script> [1562 bytes]","args":[{"selector":{"id":"application-managepricingrules-display-component---newInfoPriceItem--condValidTo","interaction":{"idSuffix":"inner"}},"wdio_ui5_key":"applicationmanagepricingrules-display-component---newInfoPriceItem--condValidTo"}]}
RESULT: undefined
COMMAND: POST /session/6c63433432e656fe102e41a405bf48f6/execute/async - {"script":"<script> [776 bytes]","args":[{"enterText":"01/04/26","selector":{"id":"application-managepricingrules-display-component---newInfoPriceItem--condValidTo","interaction":{"idSuffix":"inner"}},"clearTextFirst":true,"interactionType":"ENTER_TEXT"}]}
RESULT: {"script":"<script> [776 bytes]","args":[{"enterText":"01/04/26","selector":{"id":"application-managepricingrules-display-component---newInfoPriceItem--condValidTo","interaction":{"idSuffix":"inner"}},"clearTextFirst":true,"interactionType":"ENTER_TEXT"}]}
COMMAND: POST /session/6c63433432e656fe102e41a405bf48f6/execute/async - {"script":"<script> [1562 bytes]","args":[{"selector":{"id":"application-managepricingrules-display-component---newInfoPriceItem--billType-arrow"},"wdio_ui5_key":"applicationmanagepricingrules-display-component---newInfoPriceItem--billType-arrow"}]}
RESULT: {"script":"<script> [1562 bytes]","args":[{"selector":{"id":"application-managepricingrules-display-component---newInfoPriceItem--billType-arrow"},"wdio_ui5_key":"applicationmanagepricingrules-display-component---newInfoPriceItem--billType-arrow"}]}
RESULT: undefined
COMMAND: POST /session/6c63433432e656fe102e41a405bf48f6/element - {"using":"xpath","value":"//*[@id=\"application-managepricingrules-display-component---newInfoPriceItem--billType-arrow\"]"}
RESULT: {"using":"xpath","value":"//*[@id=\"application-managepricingrules-display-component---newInfoPriceItem--billType-arrow\"]"}
COMMAND: POST /session/6c63433432e656fe102e41a405bf48f6/element/f.D105F16D3864A3F2742A47C77377899E.d.8A4450B9EF6B3A93A58DC96BB48B738B.e.12409/click - {}
RESULT: {}
COMMAND: POST /session/6c63433432e656fe102e41a405bf48f6/element - {"using":"xpath","value":"//span[contains(text(), \"PB - Performance based\")]"}
COMMAND: GET /session/6c63433432e656fe102e41a405bf48f6/screenshot - {}
RESULT: {"using":"xpath","value":"//span[contains(text(), \"PB - Performance based\")]"}
COMMAND: POST /session/6c63433432e656fe102e41a405bf48f6/element/f.D105F16D3864A3F2742A47C77377899E.d.8A4450B9EF6B3A93A58DC96BB48B738B.e.12451/click - {}
RESULT: {}
RESULT: {}
COMMAND: POST /session/6c63433432e656fe102e41a405bf48f6/execute/async - {"script":"<script> [1562 bytes]","args":[{"selector":{"id":"application-managepricingrules-display-component---newInfoPriceItem--priceProc-arrow"},"wdio_ui5_key":"applicationmanagepricingrules-display-component---newInfoPriceItem--priceProc-arrow"}]}
COMMAND: GET /session/6c63433432e656fe102e41a405bf48f6/screenshot - {}
RESULT: {"script":"<script> [1562 bytes]","args":[{"selector":{"id":"application-managepricingrules-display-component---newInfoPriceItem--priceProc-arrow"},"wdio_ui5_key":"applicationmanagepricingrules-display-component---newInfoPriceItem--priceProc-arrow"}]}
RESULT: undefined
COMMAND: POST /session/6c63433432e656fe102e41a405bf48f6/element - {"using":"xpath","value":"//*[@id=\"application-managepricingrules-display-component---newInfoPriceItem--priceProc-arrow\"]"}
RESULT: {}
RESULT: {"using":"xpath","value":"//*[@id=\"application-managepricingrules-display-component---newInfoPriceItem--priceProc-arrow\"]"}
COMMAND: POST /session/6c63433432e656fe102e41a405bf48f6/element/f.D105F16D3864A3F2742A47C77377899E.d.8A4450B9EF6B3A93A58DC96BB48B738B.e.12416/click - {}
RESULT: {}
COMMAND: POST /session/6c63433432e656fe102e41a405bf48f6/element - {"using":"xpath","value":"//span[contains(text(), \"PRF - Performance based\")]"}
COMMAND: GET /session/6c63433432e656fe102e41a405bf48f6/screenshot - {}
RESULT: {"using":"xpath","value":"//span[contains(text(), \"PRF - Performance based\")]"}
COMMAND: POST /session/6c63433432e656fe102e41a405bf48f6/element/f.D105F16D3864A3F2742A47C77377899E.d.8A4450B9EF6B3A93A58DC96BB48B738B.e.12452/click - {}
RESULT: {}
RESULT: {}
COMMAND: POST /session/6c63433432e656fe102e41a405bf48f6/execute/async - {"script":"<script> [1562 bytes]","args":[{"selector":{"id":"application-managepricingrules-display-component---newInfoPriceItem--calcBase-arrow"},"wdio_ui5_key":"applicationmanagepricingrules-display-component---newInfoPriceItem--calcBase-arrow"}]}
COMMAND: GET /session/6c63433432e656fe102e41a405bf48f6/screenshot - {}
RESULT: {"script":"<script> [1562 bytes]","args":[{"selector":{"id":"application-managepricingrules-display-component---newInfoPriceItem--calcBase-arrow"},"wdio_ui5_key":"applicationmanagepricingrules-display-component---newInfoPriceItem--calcBase-arrow"}]}
RESULT: undefined
COMMAND: POST /session/6c63433432e656fe102e41a405bf48f6/element - {"using":"xpath","value":"//*[@id=\"application-managepricingrules-display-component---newInfoPriceItem--calcBase-arrow\"]"}
RESULT: {}
RESULT: {"using":"xpath","value":"//*[@id=\"application-managepricingrules-display-component---newInfoPriceItem--calcBase-arrow\"]"}
COMMAND: POST /session/6c63433432e656fe102e41a405bf48f6/element/f.D105F16D3864A3F2742A47C77377899E.d.8A4450B9EF6B3A93A58DC96BB48B738B.e.12423/click - {}
RESULT: {}
COMMAND: GET /session/6c63433432e656fe102e41a405bf48f6/screenshot - {}
RESULT: {}
COMMAND: POST /session/6c63433432e656fe102e41a405bf48f6/element - {"using":"xpath","value":"//span[contains(text(), \"0007 - PB(work days)\")]"}
RESULT: {"using":"xpath","value":"//span[contains(text(), \"0007 - PB(work days)\")]"}
COMMAND: POST /session/6c63433432e656fe102e41a405bf48f6/element/f.D105F16D3864A3F2742A47C77377899E.d.8A4450B9EF6B3A93A58DC96BB48B738B.e.12453/click - {}
RESULT: {}
COMMAND: GET /session/6c63433432e656fe102e41a405bf48f6/screenshot - {}
RESULT: {}
COMMAND: POST /session/6c63433432e656fe102e41a405bf48f6/execute/async - {"script":"<script> [1562 bytes]","args":[{"selector":{"id":"application-managepricingrules-display-component---newInfoPriceItem--hoursMonth","interaction":{"idSuffix":"inner"}},"wdio_ui5_key":"applicationmanagepricingrules-display-component---newInfoPriceItem--hoursMonth"}]}
RESULT: {"script":"<script> [1562 bytes]","args":[{"selector":{"id":"application-managepricingrules-display-component---newInfoPriceItem--hoursMonth","interaction":{"idSuffix":"inner"}},"wdio_ui5_key":"applicationmanagepricingrules-display-component---newInfoPriceItem--hoursMonth"}]}
RESULT: undefined
COMMAND: POST /session/6c63433432e656fe102e41a405bf48f6/execute/async - {"script":"<script> [776 bytes]","args":[{"enterText":"160","selector":{"id":"application-managepricingrules-display-component---newInfoPriceItem--hoursMonth","interaction":{"idSuffix":"inner"}},"clearTextFirst":true,"interactionType":"ENTER_TEXT"}]}
RESULT: {"script":"<script> [776 bytes]","args":[{"enterText":"160","selector":{"id":"application-managepricingrules-display-component---newInfoPriceItem--hoursMonth","interaction":{"idSuffix":"inner"}},"clearTextFirst":true,"interactionType":"ENTER_TEXT"}]}
COMMAND: POST /session/6c63433432e656fe102e41a405bf48f6/element - {"using":"xpath","value":"//button[@data-kt=\"saveNewRuleButton\"]"}
RESULT: {"using":"xpath","value":"//button[@data-kt=\"saveNewRuleButton\"]"}
COMMAND: POST /session/6c63433432e656fe102e41a405bf48f6/element/f.D105F16D3864A3F2742A47C77377899E.d.8A4450B9EF6B3A93A58DC96BB48B738B.e.12443/click - {}
RESULT: {}
COMMAND: GET /session/6c63433432e656fe102e41a405bf48f6/screenshot - {}
RESULT: {}
COMMAND: POST /session/6c63433432e656fe102e41a405bf48f6/execute/async - {"script":"<script> [1562 bytes]","args":[{"selector":{"id":"application-managepricingrules-display-component---priceInfoItem--smartFilterBar-btnBasicSearch","interaction":{"idSuffix":"I"}},"wdio_ui5_key":"applicationmanagepricingrules-display-component---priceInfoItem--smartFilterBar-btnBasicSearch"}]}
RESULT: {"script":"<script> [1562 bytes]","args":[{"selector":{"id":"application-managepricingrules-display-component---priceInfoItem--smartFilterBar-btnBasicSearch","interaction":{"idSuffix":"I"}},"wdio_ui5_key":"applicationmanagepricingrules-display-component---priceInfoItem--smartFilterBar-btnBasicSearch"}]}
RESULT: undefined
COMMAND: POST /session/6c63433432e656fe102e41a405bf48f6/execute/async - {"script":"<script> [776 bytes]","args":[{"enterText":"B6xK8Sfxmr","selector":{"id":"application-managepricingrules-display-component---priceInfoItem--smartFilterBar-btnBasicSearch","interaction":{"idSuffix":"I"}},"clearTextFirst":true,"interactionType":"ENTER_TEXT"}]}
RESULT: {"script":"<script> [776 bytes]","args":[{"enterText":"B6xK8Sfxmr","selector":{"id":"application-managepricingrules-display-component---priceInfoItem--smartFilterBar-btnBasicSearch","interaction":{"idSuffix":"I"}},"clearTextFirst":true,"interactionType":"ENTER_TEXT"}]}
COMMAND: POST /session/6c63433432e656fe102e41a405bf48f6/actions - {"actions":[{"id":"action43","type":"key","parameters":{},"actions":[{"type":"keyDown","value":"î€‡"},{"type":"pause","duration":10},{"type":"keyUp","value":"î€‡"}]}]}
RESULT: {"actions":[{"id":"action43","type":"key","parameters":{},"actions":[{"type":"keyDown","value":"î€‡"},{"type":"pause","duration":10},{"type":"keyUp","value":"î€‡"}]}]}
COMMAND: GET /session/6c63433432e656fe102e41a405bf48f6/screenshot - {}
RESULT: {}
COMMAND: POST /session/6c63433432e656fe102e41a405bf48f6/element - {"using":"xpath","value":"//span[@id=\"application-managepricingrules-display-component---priceInfoItem--smartTable-header-inner\"]"}
RESULT: {"using":"xpath","value":"//span[@id=\"application-managepricingrules-display-component---priceInfoItem--smartTable-header-inner\"]"}
COMMAND: POST /session/6c63433432e656fe102e41a405bf48f6/elements - {"using":"xpath","value":"//span[@id=\"application-managepricingrules-display-component---priceInfoItem--smartTable-header-inner\"]"}
RESULT: {"using":"xpath","value":"//span[@id=\"application-managepricingrules-display-component---priceInfoItem--smartTable-header-inner\"]"}
COMMAND: POST /session/6c63433432e656fe102e41a405bf48f6/execute/sync - {"script":"<script> [56 bytes]","args":[{"element-6066-11e4-a52e-4f735466cecf":"f.D105F16D3864A3F2742A47C77377899E.d.8A4450B9EF6B3A93A58DC96BB48B738B.e.12478","ELEMENT":"f.D105F16D3864A3F2742A47C77377899E.d.8A4450B9EF6B3A93A58DC96BB48B738B.e.12478"}]}
RESULT: {"script":"<script> [56 bytes]","args":[{"element-6066-11e4-a52e-4f735466cecf":"f.D105F16D3864A3F2742A47C77377899E.d.8A4450B9EF6B3A93A58DC96BB48B738B.e.12478","ELEMENT":"f.D105F16D3864A3F2742A47C77377899E.d.8A4450B9EF6B3A93A58DC96BB48B738B.e.12478"}]}
COMMAND: POST /session/6c63433432e656fe102e41a405bf48f6/element - {"using":"css selector","value":"#shell-header-logo"}
COMMAND: GET /session/6c63433432e656fe102e41a405bf48f6/screenshot - {}
RESULT: {"using":"css selector","value":"#shell-header-logo"}
COMMAND: POST /session/6c63433432e656fe102e41a405bf48f6/element/f.D105F16D3864A3F2742A47C77377899E.d.8A4450B9EF6B3A93A58DC96BB48B738B.e.11601/click - {}
RESULT: {}
RESULT: {}
COMMAND: GET /session/6c63433432e656fe102e41a405bf48f6/screenshot - {}
RESULT: {}
]]></system-out>
    </testcase>
    <testcase classname="chrome.135_0_7049_96.windows.Performance_based_billing_(work_days)_US139742" name="Should create a performance based billing condition on the equipment" time="60.377">
      <system-out><![CDATA[
COMMAND: POST /session/6c63433432e656fe102e41a405bf48f6/execute/async - {"script":"<script> [1562 bytes]","args":[{"selector":{"controlType":"sap.m.Text","properties":{"text":"Manage Conditions & Prices"},"interaction":{"idSuffix":"inner"}},"wdio_ui5_key":"sapm.Text{\"text\":\"Manage Conditions & Prices\"}"}]}
RESULT: {"script":"<script> [1562 bytes]","args":[{"selector":{"controlType":"sap.m.Text","properties":{"text":"Manage Conditions & Prices"},"interaction":{"idSuffix":"inner"}},"wdio_ui5_key":"sapm.Text{\"text\":\"Manage Conditions & Prices\"}"}]}
RESULT: undefined
COMMAND: POST /session/6c63433432e656fe102e41a405bf48f6/element - {"using":"xpath","value":"//*[@id=\"__tile53-title\"]"}
RESULT: {"using":"xpath","value":"//*[@id=\"__tile53-title\"]"}
COMMAND: POST /session/6c63433432e656fe102e41a405bf48f6/element/f.D105F16D3864A3F2742A47C77377899E.d.8A4450B9EF6B3A93A58DC96BB48B738B.e.12481/click - {}
RESULT: {}
COMMAND: POST /session/6c63433432e656fe102e41a405bf48f6/element - {"using":"xpath","value":"//button[@aria-label=\"Create\"]"}
COMMAND: GET /session/6c63433432e656fe102e41a405bf48f6/screenshot - {}
RESULT: {"using":"xpath","value":"//button[@aria-label=\"Create\"]"}
COMMAND: POST /session/6c63433432e656fe102e41a405bf48f6/elements - {"using":"xpath","value":"//button[@aria-label=\"Create\"]"}
RESULT: {}
RESULT: {"using":"xpath","value":"//button[@aria-label=\"Create\"]"}
COMMAND: POST /session/6c63433432e656fe102e41a405bf48f6/elements - {"using":"xpath","value":"//button[@aria-label=\"Create\"]"}
RESULT: {"using":"xpath","value":"//button[@aria-label=\"Create\"]"}
COMMAND: POST /session/6c63433432e656fe102e41a405bf48f6/elements - {"using":"xpath","value":"//button[@aria-label=\"Create\"]"}
RESULT: {"using":"xpath","value":"//button[@aria-label=\"Create\"]"}
COMMAND: POST /session/6c63433432e656fe102e41a405bf48f6/element - {"using":"xpath","value":"//button[@aria-label=\"Create\"]"}
RESULT: {"using":"xpath","value":"//button[@aria-label=\"Create\"]"}
COMMAND: POST /session/6c63433432e656fe102e41a405bf48f6/execute/sync - {"script":"<script> [8489 bytes]","args":[{"element-6066-11e4-a52e-4f735466cecf":"f.D105F16D3864A3F2742A47C77377899E.d.8A4450B9EF6B3A93A58DC96BB48B738B.e.12515","ELEMENT":"f.D105F16D3864A3F2742A47C77377899E.d.8A4450B9EF6B3A93A58DC96BB48B738B.e.12515"}]}
RESULT: {"script":"<script> [8489 bytes]","args":[{"element-6066-11e4-a52e-4f735466cecf":"f.D105F16D3864A3F2742A47C77377899E.d.8A4450B9EF6B3A93A58DC96BB48B738B.e.12515","ELEMENT":"f.D105F16D3864A3F2742A47C77377899E.d.8A4450B9EF6B3A93A58DC96BB48B738B.e.12515"}]}
COMMAND: GET /session/6c63433432e656fe102e41a405bf48f6/element/f.D105F16D3864A3F2742A47C77377899E.d.8A4450B9EF6B3A93A58DC96BB48B738B.e.12515/enabled - {}
COMMAND: GET /session/6c63433432e656fe102e41a405bf48f6/screenshot - {}
RESULT: {}
COMMAND: POST /session/6c63433432e656fe102e41a405bf48f6/execute/sync - {"script":"<script> [8489 bytes]","args":[{"element-6066-11e4-a52e-4f735466cecf":"f.D105F16D3864A3F2742A47C77377899E.d.8A4450B9EF6B3A93A58DC96BB48B738B.e.12515","ELEMENT":"f.D105F16D3864A3F2742A47C77377899E.d.8A4450B9EF6B3A93A58DC96BB48B738B.e.12515"}]}
COMMAND: GET /session/6c63433432e656fe102e41a405bf48f6/screenshot - {}
RESULT: {}
RESULT: {"script":"<script> [8489 bytes]","args":[{"element-6066-11e4-a52e-4f735466cecf":"f.D105F16D3864A3F2742A47C77377899E.d.8A4450B9EF6B3A93A58DC96BB48B738B.e.12515","ELEMENT":"f.D105F16D3864A3F2742A47C77377899E.d.8A4450B9EF6B3A93A58DC96BB48B738B.e.12515"}]}
COMMAND: POST /session/6c63433432e656fe102e41a405bf48f6/execute/sync - {"script":"<script> [5351 bytes]","args":[{"element-6066-11e4-a52e-4f735466cecf":"f.D105F16D3864A3F2742A47C77377899E.d.8A4450B9EF6B3A93A58DC96BB48B738B.e.12515","ELEMENT":"f.D105F16D3864A3F2742A47C77377899E.d.8A4450B9EF6B3A93A58DC96BB48B738B.e.12515"}]}
COMMAND: GET /session/6c63433432e656fe102e41a405bf48f6/screenshot - {}
RESULT: {}
RESULT: {"script":"<script> [5351 bytes]","args":[{"element-6066-11e4-a52e-4f735466cecf":"f.D105F16D3864A3F2742A47C77377899E.d.8A4450B9EF6B3A93A58DC96BB48B738B.e.12515","ELEMENT":"f.D105F16D3864A3F2742A47C77377899E.d.8A4450B9EF6B3A93A58DC96BB48B738B.e.12515"}]}
COMMAND: POST /session/6c63433432e656fe102e41a405bf48f6/element/f.D105F16D3864A3F2742A47C77377899E.d.8A4450B9EF6B3A93A58DC96BB48B738B.e.12515/click - {}
COMMAND: GET /session/6c63433432e656fe102e41a405bf48f6/screenshot - {}
RESULT: {}
RESULT: {}
COMMAND: GET /session/6c63433432e656fe102e41a405bf48f6/screenshot - {}
RESULT: {}
RESULT: {}
COMMAND: POST /session/6c63433432e656fe102e41a405bf48f6/actions - {"actions":[{"id":"action44","type":"key","parameters":{},"actions":[{"type":"keyDown","value":"î€‡"},{"type":"pause","duration":10},{"type":"keyUp","value":"î€‡"}]}]}
RESULT: {"actions":[{"id":"action44","type":"key","parameters":{},"actions":[{"type":"keyDown","value":"î€‡"},{"type":"pause","duration":10},{"type":"keyUp","value":"î€‡"}]}]}
COMMAND: GET /session/6c63433432e656fe102e41a405bf48f6/screenshot - {}
RESULT: {}
COMMAND: POST /session/6c63433432e656fe102e41a405bf48f6/execute/async - {"script":"<script> [1562 bytes]","args":[{"selector":{"id":"application-manageconditionprice-display-component---newCondition--condBillCond-arrow"},"wdio_ui5_key":"applicationmanageconditionprice-display-component---newCondition--condBillCond-arrow"}]}
RESULT: {"script":"<script> [1562 bytes]","args":[{"selector":{"id":"application-manageconditionprice-display-component---newCondition--condBillCond-arrow"},"wdio_ui5_key":"applicationmanageconditionprice-display-component---newCondition--condBillCond-arrow"}]}
RESULT: undefined
COMMAND: POST /session/6c63433432e656fe102e41a405bf48f6/element - {"using":"xpath","value":"//*[@id=\"application-manageconditionprice-display-component---newCondition--condBillCond-arrow\"]"}
RESULT: {"using":"xpath","value":"//*[@id=\"application-manageconditionprice-display-component---newCondition--condBillCond-arrow\"]"}
COMMAND: POST /session/6c63433432e656fe102e41a405bf48f6/element/f.D105F16D3864A3F2742A47C77377899E.d.8A4450B9EF6B3A93A58DC96BB48B738B.e.12693/click - {}
RESULT: {}
COMMAND: GET /session/6c63433432e656fe102e41a405bf48f6/screenshot - {}
RESULT: {}
COMMAND: POST /session/6c63433432e656fe102e41a405bf48f6/element - {"using":"xpath","value":"//li[.//span[contains(text(), \"PC06 - Performance Price - fuel\")]]"}
RESULT: {"using":"xpath","value":"//li[.//span[contains(text(), \"PC06 - Performance Price - fuel\")]]"}
COMMAND: POST /session/6c63433432e656fe102e41a405bf48f6/element/f.D105F16D3864A3F2742A47C77377899E.d.8A4450B9EF6B3A93A58DC96BB48B738B.e.12696/click - {}
RESULT: {}
COMMAND: GET /session/6c63433432e656fe102e41a405bf48f6/screenshot - {}
RESULT: {}
COMMAND: POST /session/6c63433432e656fe102e41a405bf48f6/execute/async - {"script":"<script> [1562 bytes]","args":[{"selector":{"id":"application-manageconditionprice-display-component---newCondition--condValidTo","interaction":{"idSuffix":"inner"}},"wdio_ui5_key":"applicationmanageconditionprice-display-component---newCondition--condValidTo"}]}
RESULT: {"script":"<script> [1562 bytes]","args":[{"selector":{"id":"application-manageconditionprice-display-component---newCondition--condValidTo","interaction":{"idSuffix":"inner"}},"wdio_ui5_key":"applicationmanageconditionprice-display-component---newCondition--condValidTo"}]}
RESULT: undefined
COMMAND: POST /session/6c63433432e656fe102e41a405bf48f6/execute/async - {"script":"<script> [776 bytes]","args":[{"enterText":"01/04/26","selector":{"id":"application-manageconditionprice-display-component---newCondition--condValidTo","interaction":{"idSuffix":"inner"}},"clearTextFirst":true,"interactionType":"ENTER_TEXT"}]}
RESULT: {"script":"<script> [776 bytes]","args":[{"enterText":"01/04/26","selector":{"id":"application-manageconditionprice-display-component---newCondition--condValidTo","interaction":{"idSuffix":"inner"}},"clearTextFirst":true,"interactionType":"ENTER_TEXT"}]}
COMMAND: POST /session/6c63433432e656fe102e41a405bf48f6/element - {"using":"xpath","value":"//input[@id=\"application-manageconditionprice-display-component---newCondition--condRU-inner\"]"}
RESULT: {"using":"xpath","value":"//input[@id=\"application-manageconditionprice-display-component---newCondition--condRU-inner\"]"}
COMMAND: POST /session/6c63433432e656fe102e41a405bf48f6/element/f.D105F16D3864A3F2742A47C77377899E.d.8A4450B9EF6B3A93A58DC96BB48B738B.e.12557/clear - {}
RESULT: {}
COMMAND: POST /session/6c63433432e656fe102e41a405bf48f6/element/f.D105F16D3864A3F2742A47C77377899E.d.8A4450B9EF6B3A93A58DC96BB48B738B.e.12557/value - {"text":"B6xK8Sfxmr"}
COMMAND: GET /session/6c63433432e656fe102e41a405bf48f6/screenshot - {}
RESULT: {"text":"B6xK8Sfxmr"}
COMMAND: GET /session/6c63433432e656fe102e41a405bf48f6/screenshot - {}
RESULT: {}
RESULT: {}
COMMAND: POST /session/6c63433432e656fe102e41a405bf48f6/actions - {"actions":[{"id":"action45","type":"key","parameters":{},"actions":[{"type":"keyDown","value":"î€‡"},{"type":"pause","duration":10},{"type":"keyUp","value":"î€‡"}]}]}
RESULT: {"actions":[{"id":"action45","type":"key","parameters":{},"actions":[{"type":"keyDown","value":"î€‡"},{"type":"pause","duration":10},{"type":"keyUp","value":"î€‡"}]}]}
COMMAND: POST /session/6c63433432e656fe102e41a405bf48f6/execute/async - {"script":"<script> [1562 bytes]","args":[{"selector":{"id":"application-manageconditionprice-display-component---newCondition--condBaseQty","interaction":{"idSuffix":"inner"}},"wdio_ui5_key":"applicationmanageconditionprice-display-component---newCondition--condBaseQty"}]}
COMMAND: GET /session/6c63433432e656fe102e41a405bf48f6/screenshot - {}
RESULT: {"script":"<script> [1562 bytes]","args":[{"selector":{"id":"application-manageconditionprice-display-component---newCondition--condBaseQty","interaction":{"idSuffix":"inner"}},"wdio_ui5_key":"applicationmanageconditionprice-display-component---newCondition--condBaseQty"}]}
RESULT: undefined
COMMAND: POST /session/6c63433432e656fe102e41a405bf48f6/execute/async - {"script":"<script> [776 bytes]","args":[{"enterText":"1","selector":{"id":"application-manageconditionprice-display-component---newCondition--condBaseQty","interaction":{"idSuffix":"inner"}},"clearTextFirst":true,"interactionType":"ENTER_TEXT"}]}
RESULT: {}
RESULT: {"script":"<script> [776 bytes]","args":[{"enterText":"1","selector":{"id":"application-manageconditionprice-display-component---newCondition--condBaseQty","interaction":{"idSuffix":"inner"}},"clearTextFirst":true,"interactionType":"ENTER_TEXT"}]}
COMMAND: POST /session/6c63433432e656fe102e41a405bf48f6/execute/async - {"script":"<script> [1562 bytes]","args":[{"selector":{"id":"application-manageconditionprice-display-component---newCondition--condValue","interaction":{"idSuffix":"inner"}},"wdio_ui5_key":"applicationmanageconditionprice-display-component---newCondition--condValue"}]}
RESULT: {"script":"<script> [1562 bytes]","args":[{"selector":{"id":"application-manageconditionprice-display-component---newCondition--condValue","interaction":{"idSuffix":"inner"}},"wdio_ui5_key":"applicationmanageconditionprice-display-component---newCondition--condValue"}]}
RESULT: undefined
COMMAND: POST /session/6c63433432e656fe102e41a405bf48f6/execute/async - {"script":"<script> [776 bytes]","args":[{"enterText":"10","selector":{"id":"application-manageconditionprice-display-component---newCondition--condValue","interaction":{"idSuffix":"inner"}},"clearTextFirst":true,"interactionType":"ENTER_TEXT"}]}
RESULT: {"script":"<script> [776 bytes]","args":[{"enterText":"10","selector":{"id":"application-manageconditionprice-display-component---newCondition--condValue","interaction":{"idSuffix":"inner"}},"clearTextFirst":true,"interactionType":"ENTER_TEXT"}]}
COMMAND: POST /session/6c63433432e656fe102e41a405bf48f6/execute/async - {"script":"<script> [1562 bytes]","args":[{"selector":{"id":"application-manageconditionprice-display-component---newCondition--condCurr-arrow"},"wdio_ui5_key":"applicationmanageconditionprice-display-component---newCondition--condCurr-arrow"}]}
RESULT: {"script":"<script> [1562 bytes]","args":[{"selector":{"id":"application-manageconditionprice-display-component---newCondition--condCurr-arrow"},"wdio_ui5_key":"applicationmanageconditionprice-display-component---newCondition--condCurr-arrow"}]}
RESULT: undefined
COMMAND: POST /session/6c63433432e656fe102e41a405bf48f6/element - {"using":"xpath","value":"//*[@id=\"application-manageconditionprice-display-component---newCondition--condCurr-arrow\"]"}
RESULT: {"using":"xpath","value":"//*[@id=\"application-manageconditionprice-display-component---newCondition--condCurr-arrow\"]"}
COMMAND: POST /session/6c63433432e656fe102e41a405bf48f6/element/f.D105F16D3864A3F2742A47C77377899E.d.8A4450B9EF6B3A93A58DC96BB48B738B.e.12649/click - {}
RESULT: {}
COMMAND: POST /session/6c63433432e656fe102e41a405bf48f6/element - {"using":"xpath","value":"//span[contains(text(), \"Euro\")]"}
COMMAND: GET /session/6c63433432e656fe102e41a405bf48f6/screenshot - {}
RESULT: {"using":"xpath","value":"//span[contains(text(), \"Euro\")]"}
COMMAND: POST /session/6c63433432e656fe102e41a405bf48f6/element/f.D105F16D3864A3F2742A47C77377899E.d.8A4450B9EF6B3A93A58DC96BB48B738B.e.12731/click - {}
RESULT: {}
RESULT: {}
COMMAND: POST /session/6c63433432e656fe102e41a405bf48f6/element - {"using":"xpath","value":"//button[@data-kt=\"saveButton\"]"}
COMMAND: GET /session/6c63433432e656fe102e41a405bf48f6/screenshot - {}
RESULT: {"using":"xpath","value":"//button[@data-kt=\"saveButton\"]"}
COMMAND: POST /session/6c63433432e656fe102e41a405bf48f6/element/f.D105F16D3864A3F2742A47C77377899E.d.8A4450B9EF6B3A93A58DC96BB48B738B.e.12650/click - {}
RESULT: {}
RESULT: {}
COMMAND: GET /session/6c63433432e656fe102e41a405bf48f6/screenshot - {}
RESULT: {}
COMMAND: POST /session/6c63433432e656fe102e41a405bf48f6/execute/async - {"script":"<script> [1562 bytes]","args":[{"selector":{"id":"application-manageconditionprice-display-component---conditions--smartFilterBar-btnBasicSearch","interaction":{"idSuffix":"I"}},"wdio_ui5_key":"applicationmanageconditionprice-display-component---conditions--smartFilterBar-btnBasicSearch"}]}
RESULT: {"script":"<script> [1562 bytes]","args":[{"selector":{"id":"application-manageconditionprice-display-component---conditions--smartFilterBar-btnBasicSearch","interaction":{"idSuffix":"I"}},"wdio_ui5_key":"applicationmanageconditionprice-display-component---conditions--smartFilterBar-btnBasicSearch"}]}
RESULT: undefined
COMMAND: POST /session/6c63433432e656fe102e41a405bf48f6/execute/async - {"script":"<script> [776 bytes]","args":[{"enterText":"B6xK8Sfxmr","selector":{"id":"application-manageconditionprice-display-component---conditions--smartFilterBar-btnBasicSearch","interaction":{"idSuffix":"I"}},"clearTextFirst":true,"interactionType":"ENTER_TEXT"}]}
RESULT: {"script":"<script> [776 bytes]","args":[{"enterText":"B6xK8Sfxmr","selector":{"id":"application-manageconditionprice-display-component---conditions--smartFilterBar-btnBasicSearch","interaction":{"idSuffix":"I"}},"clearTextFirst":true,"interactionType":"ENTER_TEXT"}]}
COMMAND: POST /session/6c63433432e656fe102e41a405bf48f6/actions - {"actions":[{"id":"action46","type":"key","parameters":{},"actions":[{"type":"keyDown","value":"î€‡"},{"type":"pause","duration":10},{"type":"keyUp","value":"î€‡"}]}]}
RESULT: {"actions":[{"id":"action46","type":"key","parameters":{},"actions":[{"type":"keyDown","value":"î€‡"},{"type":"pause","duration":10},{"type":"keyUp","value":"î€‡"}]}]}
COMMAND: GET /session/6c63433432e656fe102e41a405bf48f6/screenshot - {}
RESULT: {}
COMMAND: POST /session/6c63433432e656fe102e41a405bf48f6/execute/async - {"script":"<script> [1562 bytes]","args":[{"selector":{"id":"application-manageconditionprice-display-component---conditions--smartFilterBar-filterItemControl_BASIC-BILL_TYPES-vhi"},"wdio_ui5_key":"applicationmanageconditionprice-display-component---conditions--smartFilterBar-filterItemControl_BASIC-BILL_TYPES-vhi"}]}
RESULT: {"script":"<script> [1562 bytes]","args":[{"selector":{"id":"application-manageconditionprice-display-component---conditions--smartFilterBar-filterItemControl_BASIC-BILL_TYPES-vhi"},"wdio_ui5_key":"applicationmanageconditionprice-display-component---conditions--smartFilterBar-filterItemControl_BASIC-BILL_TYPES-vhi"}]}
RESULT: undefined
COMMAND: POST /session/6c63433432e656fe102e41a405bf48f6/element - {"using":"xpath","value":"//*[@id=\"application-manageconditionprice-display-component---conditions--smartFilterBar-filterItemControl_BASIC-BILL_TYPES-vhi\"]"}
RESULT: {"using":"xpath","value":"//*[@id=\"application-manageconditionprice-display-component---conditions--smartFilterBar-filterItemControl_BASIC-BILL_TYPES-vhi\"]"}
COMMAND: POST /session/6c63433432e656fe102e41a405bf48f6/element/f.D105F16D3864A3F2742A47C77377899E.d.8A4450B9EF6B3A93A58DC96BB48B738B.e.12826/click - {}
RESULT: {}
COMMAND: POST /session/6c63433432e656fe102e41a405bf48f6/execute/async - {"script":"<script> [1562 bytes]","args":[{"selector":{"id":"application-manageconditionprice-display-component---conditions--smartFilterBar-filterItemControl_BASIC-BILL_TYPES-valueHelpDialog-smartFilterBar-btnBasicSearch","searchOpenDialogs":true,"interaction":{"idSuffix":"I"}},"wdio_ui5_key":"applicationmanageconditionprice-display-component---conditions--smartFilterBar-filterItemControl_BASIC-BILL_TYPES-valueHelpDialog-smartFilterBar-btnBasicSearch"}]}
COMMAND: GET /session/6c63433432e656fe102e41a405bf48f6/screenshot - {}
RESULT: {"script":"<script> [1562 bytes]","args":[{"selector":{"id":"application-manageconditionprice-display-component---conditions--smartFilterBar-filterItemControl_BASIC-BILL_TYPES-valueHelpDialog-smartFilterBar-btnBasicSearch","searchOpenDialogs":true,"interaction":{"idSuffix":"I"}},"wdio_ui5_key":"applicationmanageconditionprice-display-component---conditions--smartFilterBar-filterItemControl_BASIC-BILL_TYPES-valueHelpDialog-smartFilterBar-btnBasicSearch"}]}
RESULT: undefined
COMMAND: POST /session/6c63433432e656fe102e41a405bf48f6/execute/async - {"script":"<script> [776 bytes]","args":[{"enterText":"PB","selector":{"id":"application-manageconditionprice-display-component---conditions--smartFilterBar-filterItemControl_BASIC-BILL_TYPES-valueHelpDialog-smartFilterBar-btnBasicSearch","searchOpenDialogs":true,"interaction":{"idSuffix":"I"}},"clearTextFirst":true,"interactionType":"ENTER_TEXT"}]}
RESULT: {}
RESULT: {"script":"<script> [776 bytes]","args":[{"enterText":"PB","selector":{"id":"application-manageconditionprice-display-component---conditions--smartFilterBar-filterItemControl_BASIC-BILL_TYPES-valueHelpDialog-smartFilterBar-btnBasicSearch","searchOpenDialogs":true,"interaction":{"idSuffix":"I"}},"clearTextFirst":true,"interactionType":"ENTER_TEXT"}]}
COMMAND: POST /session/6c63433432e656fe102e41a405bf48f6/actions - {"actions":[{"id":"action47","type":"key","parameters":{},"actions":[{"type":"keyDown","value":"î€‡"},{"type":"pause","duration":10},{"type":"keyUp","value":"î€‡"}]}]}
RESULT: {"actions":[{"id":"action47","type":"key","parameters":{},"actions":[{"type":"keyDown","value":"î€‡"},{"type":"pause","duration":10},{"type":"keyUp","value":"î€‡"}]}]}
COMMAND: GET /session/6c63433432e656fe102e41a405bf48f6/screenshot - {}
RESULT: {}
COMMAND: POST /session/6c63433432e656fe102e41a405bf48f6/element - {"using":"xpath","value":"//div[contains(@id, 'application-manageconditionprice-display-component---conditions--smartFilterBar-filterItemControl_BASIC-BILL_TYPES-valueHelpDialog-table-rowsel0')]"}
RESULT: {"using":"xpath","value":"//div[contains(@id, 'application-manageconditionprice-display-component---conditions--smartFilterBar-filterItemControl_BASIC-BILL_TYPES-valueHelpDialog-table-rowsel0')]"}
COMMAND: POST /session/6c63433432e656fe102e41a405bf48f6/element/f.D105F16D3864A3F2742A47C77377899E.d.8A4450B9EF6B3A93A58DC96BB48B738B.e.12836/click - {}
RESULT: {}
COMMAND: GET /session/6c63433432e656fe102e41a405bf48f6/screenshot - {}
RESULT: {}
COMMAND: POST /session/6c63433432e656fe102e41a405bf48f6/element - {"using":"xpath","value":"//bdi[contains(text(), \"OK\")]"}
RESULT: {"using":"xpath","value":"//bdi[contains(text(), \"OK\")]"}
COMMAND: POST /session/6c63433432e656fe102e41a405bf48f6/element/f.D105F16D3864A3F2742A47C77377899E.d.8A4450B9EF6B3A93A58DC96BB48B738B.e.12838/click - {}
RESULT: {}
COMMAND: GET /session/6c63433432e656fe102e41a405bf48f6/screenshot - {}
RESULT: {}
COMMAND: POST /session/6c63433432e656fe102e41a405bf48f6/element - {"using":"xpath","value":"//span[@id=\"application-manageconditionprice-display-component---conditions--smartTable-header-inner\"]"}
RESULT: {"using":"xpath","value":"//span[@id=\"application-manageconditionprice-display-component---conditions--smartTable-header-inner\"]"}
COMMAND: POST /session/6c63433432e656fe102e41a405bf48f6/elements - {"using":"xpath","value":"//span[@id=\"application-manageconditionprice-display-component---conditions--smartTable-header-inner\"]"}
RESULT: {"using":"xpath","value":"//span[@id=\"application-manageconditionprice-display-component---conditions--smartTable-header-inner\"]"}
COMMAND: POST /session/6c63433432e656fe102e41a405bf48f6/execute/sync - {"script":"<script> [56 bytes]","args":[{"element-6066-11e4-a52e-4f735466cecf":"f.D105F16D3864A3F2742A47C77377899E.d.8A4450B9EF6B3A93A58DC96BB48B738B.e.12841","ELEMENT":"f.D105F16D3864A3F2742A47C77377899E.d.8A4450B9EF6B3A93A58DC96BB48B738B.e.12841"}]}
RESULT: {"script":"<script> [56 bytes]","args":[{"element-6066-11e4-a52e-4f735466cecf":"f.D105F16D3864A3F2742A47C77377899E.d.8A4450B9EF6B3A93A58DC96BB48B738B.e.12841","ELEMENT":"f.D105F16D3864A3F2742A47C77377899E.d.8A4450B9EF6B3A93A58DC96BB48B738B.e.12841"}]}
COMMAND: POST /session/6c63433432e656fe102e41a405bf48f6/element - {"using":"css selector","value":"#shell-header-logo"}
COMMAND: GET /session/6c63433432e656fe102e41a405bf48f6/screenshot - {}
RESULT: {"using":"css selector","value":"#shell-header-logo"}
COMMAND: POST /session/6c63433432e656fe102e41a405bf48f6/element/f.D105F16D3864A3F2742A47C77377899E.d.8A4450B9EF6B3A93A58DC96BB48B738B.e.12483/click - {}
RESULT: {}
RESULT: {}
COMMAND: GET /session/6c63433432e656fe102e41a405bf48f6/screenshot - {}
RESULT: {}
]]></system-out>
    </testcase>
    <testcase classname="chrome.135_0_7049_96.windows.Performance_based_billing_(work_days)_US139742" name="Should add a counter to the equipment" time="46.217">
      <system-out><![CDATA[
RESULT: undefined
COMMAND: POST /session/6c63433432e656fe102e41a405bf48f6/element - {"using":"xpath","value":"//*[@id=\"__tile39\"]"}
RESULT: {"using":"xpath","value":"//*[@id=\"__tile39\"]"}
COMMAND: POST /session/6c63433432e656fe102e41a405bf48f6/element/f.D105F16D3864A3F2742A47C77377899E.d.8A4450B9EF6B3A93A58DC96BB48B738B.e.11493/click - {}
RESULT: {}
COMMAND: POST /session/6c63433432e656fe102e41a405bf48f6/execute/async - {"script":"<script> [1562 bytes]","args":[{"selector":{"id":"application-manageresources-display-component---masterRU--smartFilterBar-btnBasicSearch","interaction":{"idSuffix":"I"}},"wdio_ui5_key":"applicationmanageresources-display-component---masterRU--smartFilterBar-btnBasicSearch"}]}
COMMAND: GET /session/6c63433432e656fe102e41a405bf48f6/screenshot - {}
RESULT: {"script":"<script> [1562 bytes]","args":[{"selector":{"id":"application-manageresources-display-component---masterRU--smartFilterBar-btnBasicSearch","interaction":{"idSuffix":"I"}},"wdio_ui5_key":"applicationmanageresources-display-component---masterRU--smartFilterBar-btnBasicSearch"}]}
RESULT: undefined
COMMAND: POST /session/6c63433432e656fe102e41a405bf48f6/execute/async - {"script":"<script> [776 bytes]","args":[{"enterText":"B6xK8Sfxmr","selector":{"id":"application-manageresources-display-component---masterRU--smartFilterBar-btnBasicSearch","interaction":{"idSuffix":"I"}},"clearTextFirst":true,"interactionType":"ENTER_TEXT"}]}
RESULT: {}
RESULT: {"script":"<script> [776 bytes]","args":[{"enterText":"B6xK8Sfxmr","selector":{"id":"application-manageresources-display-component---masterRU--smartFilterBar-btnBasicSearch","interaction":{"idSuffix":"I"}},"clearTextFirst":true,"interactionType":"ENTER_TEXT"}]}
COMMAND: POST /session/6c63433432e656fe102e41a405bf48f6/actions - {"actions":[{"id":"action48","type":"key","parameters":{},"actions":[{"type":"keyDown","value":"î€‡"},{"type":"pause","duration":10},{"type":"keyUp","value":"î€‡"}]}]}
RESULT: {"actions":[{"id":"action48","type":"key","parameters":{},"actions":[{"type":"keyDown","value":"î€‡"},{"type":"pause","duration":10},{"type":"keyUp","value":"î€‡"}]}]}
COMMAND: GET /session/6c63433432e656fe102e41a405bf48f6/screenshot - {}
RESULT: {}
COMMAND: POST /session/6c63433432e656fe102e41a405bf48f6/execute/async - {"script":"<script> [1562 bytes]","args":[{"selector":{"id":"application-manageresources-display-component---masterRU--smartTable-header"},"wdio_ui5_key":"applicationmanageresources-display-component---masterRU--smartTable-header"}]}
RESULT: {"script":"<script> [1562 bytes]","args":[{"selector":{"id":"application-manageresources-display-component---masterRU--smartTable-header"},"wdio_ui5_key":"applicationmanageresources-display-component---masterRU--smartTable-header"}]}
RESULT: undefined
COMMAND: POST /session/6c63433432e656fe102e41a405bf48f6/execute/async - {"script":"<script> [6424 bytes]","args":[{"element-6066-11e4-a52e-4f735466cecf":"f.D105F16D3864A3F2742A47C77377899E.d.8A4450B9EF6B3A93A58DC96BB48B738B.e.13045"},"getText",[]]}
RESULT: {"script":"<script> [6424 bytes]","args":[{"element-6066-11e4-a52e-4f735466cecf":"f.D105F16D3864A3F2742A47C77377899E.d.8A4450B9EF6B3A93A58DC96BB48B738B.e.13045"},"getText",[]]}
COMMAND: POST /session/6c63433432e656fe102e41a405bf48f6/execute/async - {"script":"<script> [1562 bytes]","args":[{"selector":{"controlType":"sap.ui.core.Icon","viewName":"etm.portal.ui.manageresources.view.Master","viewId":"application-manageresources-display-component---masterRU","properties":{"src":{"regex":{"source":"slim\\-arrow\\-right"}}}},"wdio_ui5_key":"etmportal.ui.manageresources.view.Mastersap.ui.core.Icon{\"src\":{\"regex\":{\"source\":\"slim\\\\-arrow\\\\-right\"}}}"}]}
RESULT: {"script":"<script> [1562 bytes]","args":[{"selector":{"controlType":"sap.ui.core.Icon","viewName":"etm.portal.ui.manageresources.view.Master","viewId":"application-manageresources-display-component---masterRU","properties":{"src":{"regex":{"source":"slim\\-arrow\\-right"}}}},"wdio_ui5_key":"etmportal.ui.manageresources.view.Mastersap.ui.core.Icon{\"src\":{\"regex\":{\"source\":\"slim\\\\-arrow\\\\-right\"}}}"}]}
RESULT: undefined
COMMAND: POST /session/6c63433432e656fe102e41a405bf48f6/element - {"using":"xpath","value":"//*[@id=\"__item1049-__clone2718-imgNav\"]"}
RESULT: {"using":"xpath","value":"//*[@id=\"__item1049-__clone2718-imgNav\"]"}
COMMAND: POST /session/6c63433432e656fe102e41a405bf48f6/element/f.D105F16D3864A3F2742A47C77377899E.d.8A4450B9EF6B3A93A58DC96BB48B738B.e.13042/click - {}
RESULT: {}
COMMAND: GET /session/6c63433432e656fe102e41a405bf48f6/screenshot - {}
RESULT: {}
COMMAND: POST /session/6c63433432e656fe102e41a405bf48f6/element - {"using":"xpath","value":"//bdi[contains(text(), \"Edit\")]"}
RESULT: {"using":"xpath","value":"//bdi[contains(text(), \"Edit\")]"}
COMMAND: POST /session/6c63433432e656fe102e41a405bf48f6/execute/sync - {"script":"<script> [8489 bytes]","args":[{"element-6066-11e4-a52e-4f735466cecf":"f.D105F16D3864A3F2742A47C77377899E.d.8A4450B9EF6B3A93A58DC96BB48B738B.e.13140","ELEMENT":"f.D105F16D3864A3F2742A47C77377899E.d.8A4450B9EF6B3A93A58DC96BB48B738B.e.13140"}]}
RESULT: {"script":"<script> [8489 bytes]","args":[{"element-6066-11e4-a52e-4f735466cecf":"f.D105F16D3864A3F2742A47C77377899E.d.8A4450B9EF6B3A93A58DC96BB48B738B.e.13140","ELEMENT":"f.D105F16D3864A3F2742A47C77377899E.d.8A4450B9EF6B3A93A58DC96BB48B738B.e.13140"}]}
COMMAND: POST /session/6c63433432e656fe102e41a405bf48f6/element/f.D105F16D3864A3F2742A47C77377899E.d.8A4450B9EF6B3A93A58DC96BB48B738B.e.13140/click - {}
COMMAND: GET /session/6c63433432e656fe102e41a405bf48f6/screenshot - {}
RESULT: {}
COMMAND: GET /session/6c63433432e656fe102e41a405bf48f6/screenshot - {}
RESULT: {}
COMMAND: POST /session/6c63433432e656fe102e41a405bf48f6/execute/async - {"script":"<script> [1562 bytes]","args":[{"selector":{"id":"application-manageresources-display-component---editResource--editRruPage-anchBar-application-manageresources-display-component---editResource--counters-anchor","interaction":{"idSuffix":"BDI-content"}},"wdio_ui5_key":"applicationmanageresources-display-component---editResource--editRruPage-anchBar-application-manageresources-display-component---editResource--counters-anchor"}]}
RESULT: {}
RESULT: {"script":"<script> [1562 bytes]","args":[{"selector":{"id":"application-manageresources-display-component---editResource--editRruPage-anchBar-application-manageresources-display-component---editResource--counters-anchor","interaction":{"idSuffix":"BDI-content"}},"wdio_ui5_key":"applicationmanageresources-display-component---editResource--editRruPage-anchBar-application-manageresources-display-component---editResource--counters-anchor"}]}
RESULT: undefined
COMMAND: POST /session/6c63433432e656fe102e41a405bf48f6/element - {"using":"xpath","value":"//*[@id=\"application-manageresources-display-component---editResource--editRruPage-anchBar-application-manageresources-display-component---editResource--counters-anchor\"]"}
RESULT: {"using":"xpath","value":"//*[@id=\"application-manageresources-display-component---editResource--editRruPage-anchBar-application-manageresources-display-component---editResource--counters-anchor\"]"}
COMMAND: POST /session/6c63433432e656fe102e41a405bf48f6/element/f.D105F16D3864A3F2742A47C77377899E.d.8A4450B9EF6B3A93A58DC96BB48B738B.e.13290/click - {}
RESULT: {}
COMMAND: GET /session/6c63433432e656fe102e41a405bf48f6/screenshot - {}
RESULT: {}
COMMAND: POST /session/6c63433432e656fe102e41a405bf48f6/execute/async - {"script":"<script> [1562 bytes]","args":[{"selector":{"id":"application-manageresources-display-component---editResource--btnAddCounter-img"},"wdio_ui5_key":"applicationmanageresources-display-component---editResource--btnAddCounter-img"}]}
RESULT: {"script":"<script> [1562 bytes]","args":[{"selector":{"id":"application-manageresources-display-component---editResource--btnAddCounter-img"},"wdio_ui5_key":"applicationmanageresources-display-component---editResource--btnAddCounter-img"}]}
RESULT: undefined
COMMAND: POST /session/6c63433432e656fe102e41a405bf48f6/element - {"using":"xpath","value":"//*[@id=\"application-manageresources-display-component---editResource--btnAddCounter-img\"]"}
RESULT: {"using":"xpath","value":"//*[@id=\"application-manageresources-display-component---editResource--btnAddCounter-img\"]"}
COMMAND: POST /session/6c63433432e656fe102e41a405bf48f6/element/f.D105F16D3864A3F2742A47C77377899E.d.8A4450B9EF6B3A93A58DC96BB48B738B.e.13296/click - {}
RESULT: {}
COMMAND: POST /session/6c63433432e656fe102e41a405bf48f6/execute/async - {"script":"<script> [1562 bytes]","args":[{"selector":{"id":"application-manageresources-display-component---editResource--COUNTER_ID-application-manageresources-display-component---editResource--RUCounters-0-arrow"},"wdio_ui5_key":"applicationmanageresources-display-component---editResource--COUNTER_ID-application-manageresources-display-component---editResource--RUCounters-0-arrow"}]}
COMMAND: GET /session/6c63433432e656fe102e41a405bf48f6/screenshot - {}
RESULT: {}
RESULT: {"script":"<script> [1562 bytes]","args":[{"selector":{"id":"application-manageresources-display-component---editResource--COUNTER_ID-application-manageresources-display-component---editResource--RUCounters-0-arrow"},"wdio_ui5_key":"applicationmanageresources-display-component---editResource--COUNTER_ID-application-manageresources-display-component---editResource--RUCounters-0-arrow"}]}
RESULT: undefined
COMMAND: POST /session/6c63433432e656fe102e41a405bf48f6/element - {"using":"xpath","value":"//*[@id=\"application-manageresources-display-component---editResource--COUNTER_ID-application-manageresources-display-component---editResource--RUCounters-0-arrow\"]"}
RESULT: {"using":"xpath","value":"//*[@id=\"application-manageresources-display-component---editResource--COUNTER_ID-application-manageresources-display-component---editResource--RUCounters-0-arrow\"]"}
COMMAND: POST /session/6c63433432e656fe102e41a405bf48f6/element/f.D105F16D3864A3F2742A47C77377899E.d.8A4450B9EF6B3A93A58DC96BB48B738B.e.13308/click - {}
RESULT: {}
COMMAND: POST /session/6c63433432e656fe102e41a405bf48f6/execute/async - {"script":"<script> [1562 bytes]","args":[{"selector":{"controlType":"sap.m.StandardListItem","viewName":"etm.portal.ui.manageresources.view.EditResource","viewId":"application-manageresources-display-component---editResource","properties":{"title":"fuel"},"searchOpenDialogs":true,"interaction":{"idSuffix":"content"}},"wdio_ui5_key":"etmportal.ui.manageresources.view.EditResourcesap.m.StandardListItem{\"title\":\"fuel\"}"}]}
COMMAND: GET /session/6c63433432e656fe102e41a405bf48f6/screenshot - {}
RESULT: {"script":"<script> [1562 bytes]","args":[{"selector":{"controlType":"sap.m.StandardListItem","viewName":"etm.portal.ui.manageresources.view.EditResource","viewId":"application-manageresources-display-component---editResource","properties":{"title":"fuel"},"searchOpenDialogs":true,"interaction":{"idSuffix":"content"}},"wdio_ui5_key":"etmportal.ui.manageresources.view.EditResourcesap.m.StandardListItem{\"title\":\"fuel\"}"}]}
RESULT: undefined
COMMAND: POST /session/6c63433432e656fe102e41a405bf48f6/element - {"using":"xpath","value":"//*[@id=\"__item1354\"]"}
RESULT: {}
RESULT: {"using":"xpath","value":"//*[@id=\"__item1354\"]"}
COMMAND: POST /session/6c63433432e656fe102e41a405bf48f6/element/f.D105F16D3864A3F2742A47C77377899E.d.8A4450B9EF6B3A93A58DC96BB48B738B.e.13310/click - {}
RESULT: {}
COMMAND: POST /session/6c63433432e656fe102e41a405bf48f6/execute/async - {"script":"<script> [1562 bytes]","args":[{"selector":{"controlType":"sap.m.Button","viewName":"etm.portal.ui.manageresources.view.EditResource","viewId":"application-manageresources-display-component---editResource","i18NText":{"propertyName":"text","key":"save"},"interaction":{"idSuffix":"BDI-content"}},"wdio_ui5_key":"etmportal.ui.manageresources.view.EditResourcesap.m.Button{\"propertyName\":\"text\",\"key\":\"save\"}"}]}
COMMAND: GET /session/6c63433432e656fe102e41a405bf48f6/screenshot - {}
RESULT: {"script":"<script> [1562 bytes]","args":[{"selector":{"controlType":"sap.m.Button","viewName":"etm.portal.ui.manageresources.view.EditResource","viewId":"application-manageresources-display-component---editResource","i18NText":{"propertyName":"text","key":"save"},"interaction":{"idSuffix":"BDI-content"}},"wdio_ui5_key":"etmportal.ui.manageresources.view.EditResourcesap.m.Button{\"propertyName\":\"text\",\"key\":\"save\"}"}]}
RESULT: undefined
COMMAND: POST /session/6c63433432e656fe102e41a405bf48f6/element - {"using":"xpath","value":"//*[@id=\"__button192\"]"}
RESULT: {}
RESULT: {"using":"xpath","value":"//*[@id=\"__button192\"]"}
COMMAND: POST /session/6c63433432e656fe102e41a405bf48f6/element/f.D105F16D3864A3F2742A47C77377899E.d.8A4450B9EF6B3A93A58DC96BB48B738B.e.13312/click - {}
RESULT: {}
COMMAND: GET /session/6c63433432e656fe102e41a405bf48f6/screenshot - {}
RESULT: {}
COMMAND: POST /session/6c63433432e656fe102e41a405bf48f6/element - {"using":"css selector","value":"#shell-header-logo"}
RESULT: {"using":"css selector","value":"#shell-header-logo"}
COMMAND: POST /session/6c63433432e656fe102e41a405bf48f6/element/f.D105F16D3864A3F2742A47C77377899E.d.8A4450B9EF6B3A93A58DC96BB48B738B.e.12847/click - {}
RESULT: {}
COMMAND: GET /session/6c63433432e656fe102e41a405bf48f6/screenshot - {}
RESULT: {}
]]></system-out>
    </testcase>
    <testcase classname="chrome.135_0_7049_96.windows.Performance_based_billing_(work_days)_US139742" name="Should do a stock increase on the yard for the equipment" time="81.687">
      <system-out><![CDATA[
COMMAND: POST /session/6c63433432e656fe102e41a405bf48f6/execute/async - {"script":"<script> [1562 bytes]","args":[{"selector":{"controlType":"sap.m.Text","viewName":"etm.portal.ui.managehandoverstile.view.Master","properties":{"text":"Manage Handovers"},"interaction":{"idSuffix":"inner"}},"wdio_ui5_key":"etmportal.ui.managehandoverstile.view.Mastersap.m.Text{\"text\":\"Manage Handovers\"}"}]}
RESULT: {"script":"<script> [1562 bytes]","args":[{"selector":{"controlType":"sap.m.Text","viewName":"etm.portal.ui.managehandoverstile.view.Master","properties":{"text":"Manage Handovers"},"interaction":{"idSuffix":"inner"}},"wdio_ui5_key":"etmportal.ui.managehandoverstile.view.Mastersap.m.Text{\"text\":\"Manage Handovers\"}"}]}
RESULT: undefined
COMMAND: POST /session/6c63433432e656fe102e41a405bf48f6/element - {"using":"xpath","value":"//*[@id=\"__tile130-title\"]"}
RESULT: {"using":"xpath","value":"//*[@id=\"__tile130-title\"]"}
COMMAND: POST /session/6c63433432e656fe102e41a405bf48f6/element/f.D105F16D3864A3F2742A47C77377899E.d.8A4450B9EF6B3A93A58DC96BB48B738B.e.13323/click - {}
RESULT: {}
COMMAND: POST /session/6c63433432e656fe102e41a405bf48f6/element - {"using":"xpath","value":"//button[@data-kt=\"masterHOAddButton\"]"}
COMMAND: GET /session/6c63433432e656fe102e41a405bf48f6/screenshot - {}
RESULT: {"using":"xpath","value":"//button[@data-kt=\"masterHOAddButton\"]"}
COMMAND: POST /session/6c63433432e656fe102e41a405bf48f6/elements - {"using":"xpath","value":"//button[@data-kt=\"masterHOAddButton\"]"}
RESULT: {}
RESULT: {"using":"xpath","value":"//button[@data-kt=\"masterHOAddButton\"]"}
COMMAND: POST /session/6c63433432e656fe102e41a405bf48f6/elements - {"using":"xpath","value":"//button[@data-kt=\"masterHOAddButton\"]"}
RESULT: {"using":"xpath","value":"//button[@data-kt=\"masterHOAddButton\"]"}
COMMAND: POST /session/6c63433432e656fe102e41a405bf48f6/elements - {"using":"xpath","value":"//button[@data-kt=\"masterHOAddButton\"]"}
RESULT: {"using":"xpath","value":"//button[@data-kt=\"masterHOAddButton\"]"}
COMMAND: POST /session/6c63433432e656fe102e41a405bf48f6/elements - {"using":"xpath","value":"//button[@data-kt=\"masterHOAddButton\"]"}
RESULT: {"using":"xpath","value":"//button[@data-kt=\"masterHOAddButton\"]"}
COMMAND: POST /session/6c63433432e656fe102e41a405bf48f6/elements - {"using":"xpath","value":"//button[@data-kt=\"masterHOAddButton\"]"}
RESULT: {"using":"xpath","value":"//button[@data-kt=\"masterHOAddButton\"]"}
COMMAND: POST /session/6c63433432e656fe102e41a405bf48f6/elements - {"using":"xpath","value":"//button[@data-kt=\"masterHOAddButton\"]"}
RESULT: {"using":"xpath","value":"//button[@data-kt=\"masterHOAddButton\"]"}
COMMAND: POST /session/6c63433432e656fe102e41a405bf48f6/elements - {"using":"xpath","value":"//button[@data-kt=\"masterHOAddButton\"]"}
RESULT: {"using":"xpath","value":"//button[@data-kt=\"masterHOAddButton\"]"}
COMMAND: POST /session/6c63433432e656fe102e41a405bf48f6/elements - {"using":"xpath","value":"//button[@data-kt=\"masterHOAddButton\"]"}
RESULT: {"using":"xpath","value":"//button[@data-kt=\"masterHOAddButton\"]"}
COMMAND: POST /session/6c63433432e656fe102e41a405bf48f6/elements - {"using":"xpath","value":"//button[@data-kt=\"masterHOAddButton\"]"}
RESULT: {"using":"xpath","value":"//button[@data-kt=\"masterHOAddButton\"]"}
COMMAND: POST /session/6c63433432e656fe102e41a405bf48f6/elements - {"using":"xpath","value":"//button[@data-kt=\"masterHOAddButton\"]"}
RESULT: {"using":"xpath","value":"//button[@data-kt=\"masterHOAddButton\"]"}
COMMAND: POST /session/6c63433432e656fe102e41a405bf48f6/elements - {"using":"xpath","value":"//button[@data-kt=\"masterHOAddButton\"]"}
RESULT: {"using":"xpath","value":"//button[@data-kt=\"masterHOAddButton\"]"}
COMMAND: POST /session/6c63433432e656fe102e41a405bf48f6/elements - {"using":"xpath","value":"//button[@data-kt=\"masterHOAddButton\"]"}
RESULT: {"using":"xpath","value":"//button[@data-kt=\"masterHOAddButton\"]"}
COMMAND: POST /session/6c63433432e656fe102e41a405bf48f6/elements - {"using":"xpath","value":"//button[@data-kt=\"masterHOAddButton\"]"}
RESULT: {"using":"xpath","value":"//button[@data-kt=\"masterHOAddButton\"]"}
COMMAND: POST /session/6c63433432e656fe102e41a405bf48f6/elements - {"using":"xpath","value":"//button[@data-kt=\"masterHOAddButton\"]"}
RESULT: {"using":"xpath","value":"//button[@data-kt=\"masterHOAddButton\"]"}
COMMAND: POST /session/6c63433432e656fe102e41a405bf48f6/elements - {"using":"xpath","value":"//button[@data-kt=\"masterHOAddButton\"]"}
RESULT: {"using":"xpath","value":"//button[@data-kt=\"masterHOAddButton\"]"}
COMMAND: POST /session/6c63433432e656fe102e41a405bf48f6/elements - {"using":"xpath","value":"//button[@data-kt=\"masterHOAddButton\"]"}
RESULT: {"using":"xpath","value":"//button[@data-kt=\"masterHOAddButton\"]"}
COMMAND: POST /session/6c63433432e656fe102e41a405bf48f6/elements - {"using":"xpath","value":"//button[@data-kt=\"masterHOAddButton\"]"}
RESULT: {"using":"xpath","value":"//button[@data-kt=\"masterHOAddButton\"]"}
COMMAND: POST /session/6c63433432e656fe102e41a405bf48f6/elements - {"using":"xpath","value":"//button[@data-kt=\"masterHOAddButton\"]"}
RESULT: {"using":"xpath","value":"//button[@data-kt=\"masterHOAddButton\"]"}
COMMAND: POST /session/6c63433432e656fe102e41a405bf48f6/elements - {"using":"xpath","value":"//button[@data-kt=\"masterHOAddButton\"]"}
RESULT: {"using":"xpath","value":"//button[@data-kt=\"masterHOAddButton\"]"}
COMMAND: POST /session/6c63433432e656fe102e41a405bf48f6/elements - {"using":"xpath","value":"//button[@data-kt=\"masterHOAddButton\"]"}
RESULT: {"using":"xpath","value":"//button[@data-kt=\"masterHOAddButton\"]"}
COMMAND: POST /session/6c63433432e656fe102e41a405bf48f6/elements - {"using":"xpath","value":"//button[@data-kt=\"masterHOAddButton\"]"}
RESULT: {"using":"xpath","value":"//button[@data-kt=\"masterHOAddButton\"]"}
COMMAND: POST /session/6c63433432e656fe102e41a405bf48f6/elements - {"using":"xpath","value":"//button[@data-kt=\"masterHOAddButton\"]"}
RESULT: {"using":"xpath","value":"//button[@data-kt=\"masterHOAddButton\"]"}
COMMAND: POST /session/6c63433432e656fe102e41a405bf48f6/element - {"using":"xpath","value":"//button[@data-kt=\"masterHOAddButton\"]"}
RESULT: {"using":"xpath","value":"//button[@data-kt=\"masterHOAddButton\"]"}
COMMAND: POST /session/6c63433432e656fe102e41a405bf48f6/execute/sync - {"script":"<script> [8489 bytes]","args":[{"element-6066-11e4-a52e-4f735466cecf":"f.D105F16D3864A3F2742A47C77377899E.d.8A4450B9EF6B3A93A58DC96BB48B738B.e.13353","ELEMENT":"f.D105F16D3864A3F2742A47C77377899E.d.8A4450B9EF6B3A93A58DC96BB48B738B.e.13353"}]}
RESULT: {"script":"<script> [8489 bytes]","args":[{"element-6066-11e4-a52e-4f735466cecf":"f.D105F16D3864A3F2742A47C77377899E.d.8A4450B9EF6B3A93A58DC96BB48B738B.e.13353","ELEMENT":"f.D105F16D3864A3F2742A47C77377899E.d.8A4450B9EF6B3A93A58DC96BB48B738B.e.13353"}]}
COMMAND: GET /session/6c63433432e656fe102e41a405bf48f6/element/f.D105F16D3864A3F2742A47C77377899E.d.8A4450B9EF6B3A93A58DC96BB48B738B.e.13353/enabled - {}
COMMAND: GET /session/6c63433432e656fe102e41a405bf48f6/screenshot - {}
RESULT: {}
COMMAND: POST /session/6c63433432e656fe102e41a405bf48f6/execute/sync - {"script":"<script> [8489 bytes]","args":[{"element-6066-11e4-a52e-4f735466cecf":"f.D105F16D3864A3F2742A47C77377899E.d.8A4450B9EF6B3A93A58DC96BB48B738B.e.13353","ELEMENT":"f.D105F16D3864A3F2742A47C77377899E.d.8A4450B9EF6B3A93A58DC96BB48B738B.e.13353"}]}
COMMAND: GET /session/6c63433432e656fe102e41a405bf48f6/screenshot - {}
RESULT: {}
RESULT: {"script":"<script> [8489 bytes]","args":[{"element-6066-11e4-a52e-4f735466cecf":"f.D105F16D3864A3F2742A47C77377899E.d.8A4450B9EF6B3A93A58DC96BB48B738B.e.13353","ELEMENT":"f.D105F16D3864A3F2742A47C77377899E.d.8A4450B9EF6B3A93A58DC96BB48B738B.e.13353"}]}
COMMAND: POST /session/6c63433432e656fe102e41a405bf48f6/execute/sync - {"script":"<script> [5351 bytes]","args":[{"element-6066-11e4-a52e-4f735466cecf":"f.D105F16D3864A3F2742A47C77377899E.d.8A4450B9EF6B3A93A58DC96BB48B738B.e.13353","ELEMENT":"f.D105F16D3864A3F2742A47C77377899E.d.8A4450B9EF6B3A93A58DC96BB48B738B.e.13353"}]}
COMMAND: GET /session/6c63433432e656fe102e41a405bf48f6/screenshot - {}
RESULT: {}
RESULT: {"script":"<script> [5351 bytes]","args":[{"element-6066-11e4-a52e-4f735466cecf":"f.D105F16D3864A3F2742A47C77377899E.d.8A4450B9EF6B3A93A58DC96BB48B738B.e.13353","ELEMENT":"f.D105F16D3864A3F2742A47C77377899E.d.8A4450B9EF6B3A93A58DC96BB48B738B.e.13353"}]}
COMMAND: POST /session/6c63433432e656fe102e41a405bf48f6/element/f.D105F16D3864A3F2742A47C77377899E.d.8A4450B9EF6B3A93A58DC96BB48B738B.e.13353/click - {}
COMMAND: GET /session/6c63433432e656fe102e41a405bf48f6/screenshot - {}
RESULT: {}
RESULT: {}
COMMAND: GET /session/6c63433432e656fe102e41a405bf48f6/screenshot - {}
RESULT: {}
RESULT: {}
COMMAND: POST /session/6c63433432e656fe102e41a405bf48f6/element - {"using":"xpath","value":"//span[contains(@id ,\"AddNewHO--typeSelect-arrow\")]"}
RESULT: {"using":"xpath","value":"//span[contains(@id ,\"AddNewHO--typeSelect-arrow\")]"}
COMMAND: POST /session/6c63433432e656fe102e41a405bf48f6/element/f.D105F16D3864A3F2742A47C77377899E.d.8A4450B9EF6B3A93A58DC96BB48B738B.e.13724/click - {}
RESULT: {}
COMMAND: GET /session/6c63433432e656fe102e41a405bf48f6/screenshot - {}
RESULT: {}
COMMAND: POST /session/6c63433432e656fe102e41a405bf48f6/element - {"using":"xpath","value":"(//li[contains(text(), \"stock increase yard\")])[1]"}
RESULT: {"using":"xpath","value":"(//li[contains(text(), \"stock increase yard\")])[1]"}
COMMAND: POST /session/6c63433432e656fe102e41a405bf48f6/element/f.D105F16D3864A3F2742A47C77377899E.d.8A4450B9EF6B3A93A58DC96BB48B738B.e.13725/click - {}
RESULT: {}
COMMAND: GET /session/6c63433432e656fe102e41a405bf48f6/screenshot - {}
RESULT: {}
COMMAND: POST /session/6c63433432e656fe102e41a405bf48f6/execute/async - {"script":"<script> [1562 bytes]","args":[{"selector":{"id":"application-managehandovers-display-component---AddNewHO--dueDate","interaction":{"idSuffix":"inner"}},"wdio_ui5_key":"applicationmanagehandovers-display-component---AddNewHO--dueDate"}]}
RESULT: {"script":"<script> [1562 bytes]","args":[{"selector":{"id":"application-managehandovers-display-component---AddNewHO--dueDate","interaction":{"idSuffix":"inner"}},"wdio_ui5_key":"applicationmanagehandovers-display-component---AddNewHO--dueDate"}]}
RESULT: undefined
COMMAND: POST /session/6c63433432e656fe102e41a405bf48f6/execute/async - {"script":"<script> [6424 bytes]","args":[{"element-6066-11e4-a52e-4f735466cecf":"f.D105F16D3864A3F2742A47C77377899E.d.8A4450B9EF6B3A93A58DC96BB48B738B.e.13727"},"setValue",["05/04/2025"]]}
RESULT: {"script":"<script> [6424 bytes]","args":[{"element-6066-11e4-a52e-4f735466cecf":"f.D105F16D3864A3F2742A47C77377899E.d.8A4450B9EF6B3A93A58DC96BB48B738B.e.13727"},"setValue",["05/04/2025"]]}
COMMAND: POST /session/6c63433432e656fe102e41a405bf48f6/element - {"using":"xpath","value":"//input[@id=\"generalSectionFrg--receiveYard-inner\"]"}
RESULT: {"using":"xpath","value":"//input[@id=\"generalSectionFrg--receiveYard-inner\"]"}
COMMAND: POST /session/6c63433432e656fe102e41a405bf48f6/element/f.D105F16D3864A3F2742A47C77377899E.d.8A4450B9EF6B3A93A58DC96BB48B738B.e.13733/clear - {}
RESULT: {}
COMMAND: POST /session/6c63433432e656fe102e41a405bf48f6/element/f.D105F16D3864A3F2742A47C77377899E.d.8A4450B9EF6B3A93A58DC96BB48B738B.e.13733/value - {"text":"548"}
COMMAND: GET /session/6c63433432e656fe102e41a405bf48f6/screenshot - {}
RESULT: {"text":"548"}
COMMAND: GET /session/6c63433432e656fe102e41a405bf48f6/screenshot - {}
RESULT: {}
RESULT: {}
COMMAND: POST /session/6c63433432e656fe102e41a405bf48f6/element - {"using":"xpath","value":"//li[.//span[text()='548']]"}
RESULT: {"using":"xpath","value":"//li[.//span[text()='548']]"}
COMMAND: POST /session/6c63433432e656fe102e41a405bf48f6/element/f.D105F16D3864A3F2742A47C77377899E.d.8A4450B9EF6B3A93A58DC96BB48B738B.e.13749/click - {}
RESULT: {}
COMMAND: GET /session/6c63433432e656fe102e41a405bf48f6/screenshot - {}
RESULT: {}
COMMAND: POST /session/6c63433432e656fe102e41a405bf48f6/execute/async - {"script":"<script> [1562 bytes]","args":[{"selector":{"id":"application-managehandovers-display-component---AddNewHO--ObjectPageLayout-anchBar-application-managehandovers-display-component---AddNewHO--section4-anchor","interaction":{"idSuffix":"BDI-content"}},"wdio_ui5_key":"applicationmanagehandovers-display-component---AddNewHO--ObjectPageLayout-anchBar-application-managehandovers-display-component---AddNewHO--section4-anchor"}]}
RESULT: {"script":"<script> [1562 bytes]","args":[{"selector":{"id":"application-managehandovers-display-component---AddNewHO--ObjectPageLayout-anchBar-application-managehandovers-display-component---AddNewHO--section4-anchor","interaction":{"idSuffix":"BDI-content"}},"wdio_ui5_key":"applicationmanagehandovers-display-component---AddNewHO--ObjectPageLayout-anchBar-application-managehandovers-display-component---AddNewHO--section4-anchor"}]}
RESULT: undefined
COMMAND: POST /session/6c63433432e656fe102e41a405bf48f6/element - {"using":"xpath","value":"//*[@id=\"application-managehandovers-display-component---AddNewHO--ObjectPageLayout-anchBar-application-managehandovers-display-component---AddNewHO--section4-anchor\"]"}
RESULT: {"using":"xpath","value":"//*[@id=\"application-managehandovers-display-component---AddNewHO--ObjectPageLayout-anchBar-application-managehandovers-display-component---AddNewHO--section4-anchor\"]"}
COMMAND: POST /session/6c63433432e656fe102e41a405bf48f6/element/f.D105F16D3864A3F2742A47C77377899E.d.8A4450B9EF6B3A93A58DC96BB48B738B.e.13751/click - {}
RESULT: {}
COMMAND: POST /session/6c63433432e656fe102e41a405bf48f6/element - {"using":"xpath","value":"//button[@aria-label=\"Add\"]"}
COMMAND: GET /session/6c63433432e656fe102e41a405bf48f6/screenshot - {}
RESULT: {"using":"xpath","value":"//button[@aria-label=\"Add\"]"}
COMMAND: POST /session/6c63433432e656fe102e41a405bf48f6/element/f.D105F16D3864A3F2742A47C77377899E.d.8A4450B9EF6B3A93A58DC96BB48B738B.e.13753/click - {}
RESULT: {}
RESULT: {}
COMMAND: GET /session/6c63433432e656fe102e41a405bf48f6/screenshot - {}
RESULT: {}
COMMAND: POST /session/6c63433432e656fe102e41a405bf48f6/execute/async - {"script":"<script> [1562 bytes]","args":[{"selector":{"id":"application-managehandovers-display-component---AddNewHO--smartFilterBar-btnBasicSearch","searchOpenDialogs":true,"interaction":{"idSuffix":"I"}},"wdio_ui5_key":"applicationmanagehandovers-display-component---AddNewHO--smartFilterBar-btnBasicSearch"}]}
RESULT: {"script":"<script> [1562 bytes]","args":[{"selector":{"id":"application-managehandovers-display-component---AddNewHO--smartFilterBar-btnBasicSearch","searchOpenDialogs":true,"interaction":{"idSuffix":"I"}},"wdio_ui5_key":"applicationmanagehandovers-display-component---AddNewHO--smartFilterBar-btnBasicSearch"}]}
RESULT: undefined
COMMAND: POST /session/6c63433432e656fe102e41a405bf48f6/execute/async - {"script":"<script> [776 bytes]","args":[{"enterText":"B6xK8Sfxmr","selector":{"id":"application-managehandovers-display-component---AddNewHO--smartFilterBar-btnBasicSearch","searchOpenDialogs":true,"interaction":{"idSuffix":"I"}},"clearTextFirst":true,"interactionType":"ENTER_TEXT"}]}
RESULT: {"script":"<script> [776 bytes]","args":[{"enterText":"B6xK8Sfxmr","selector":{"id":"application-managehandovers-display-component---AddNewHO--smartFilterBar-btnBasicSearch","searchOpenDialogs":true,"interaction":{"idSuffix":"I"}},"clearTextFirst":true,"interactionType":"ENTER_TEXT"}]}
COMMAND: POST /session/6c63433432e656fe102e41a405bf48f6/actions - {"actions":[{"id":"action49","type":"key","parameters":{},"actions":[{"type":"keyDown","value":"î€‡"},{"type":"pause","duration":10},{"type":"keyUp","value":"î€‡"}]}]}
RESULT: {"actions":[{"id":"action49","type":"key","parameters":{},"actions":[{"type":"keyDown","value":"î€‡"},{"type":"pause","duration":10},{"type":"keyUp","value":"î€‡"}]}]}
COMMAND: GET /session/6c63433432e656fe102e41a405bf48f6/screenshot - {}
RESULT: {}
COMMAND: POST /session/6c63433432e656fe102e41a405bf48f6/execute/async - {"script":"<script> [1562 bytes]","args":[{"selector":{"id":"application-managehandovers-display-component---AddNewHO--popup-sa","searchOpenDialogs":true,"interaction":{"idSuffix":"CbBg"}},"wdio_ui5_key":"applicationmanagehandovers-display-component---AddNewHO--popup-sa"}]}
RESULT: {"script":"<script> [1562 bytes]","args":[{"selector":{"id":"application-managehandovers-display-component---AddNewHO--popup-sa","searchOpenDialogs":true,"interaction":{"idSuffix":"CbBg"}},"wdio_ui5_key":"applicationmanagehandovers-display-component---AddNewHO--popup-sa"}]}
RESULT: undefined
COMMAND: POST /session/6c63433432e656fe102e41a405bf48f6/element - {"using":"xpath","value":"//*[@id=\"application-managehandovers-display-component---AddNewHO--popup-sa\"]"}
RESULT: {"using":"xpath","value":"//*[@id=\"application-managehandovers-display-component---AddNewHO--popup-sa\"]"}
COMMAND: POST /session/6c63433432e656fe102e41a405bf48f6/element/f.D105F16D3864A3F2742A47C77377899E.d.8A4450B9EF6B3A93A58DC96BB48B738B.e.13907/click - {}
RESULT: {}
COMMAND: GET /session/6c63433432e656fe102e41a405bf48f6/screenshot - {}
RESULT: {}
COMMAND: POST /session/6c63433432e656fe102e41a405bf48f6/element - {"using":"xpath","value":"//bdi[contains(text(), \"Select\")]"}
RESULT: {"using":"xpath","value":"//bdi[contains(text(), \"Select\")]"}
COMMAND: POST /session/6c63433432e656fe102e41a405bf48f6/element/f.D105F16D3864A3F2742A47C77377899E.d.8A4450B9EF6B3A93A58DC96BB48B738B.e.13908/click - {}
RESULT: {}
COMMAND: GET /session/6c63433432e656fe102e41a405bf48f6/screenshot - {}
RESULT: {}
COMMAND: POST /session/6c63433432e656fe102e41a405bf48f6/element - {"using":"xpath","value":"//button[@data-kt=\"AddNewHOSaveButton\"]"}
RESULT: {"using":"xpath","value":"//button[@data-kt=\"AddNewHOSaveButton\"]"}
COMMAND: POST /session/6c63433432e656fe102e41a405bf48f6/element/f.D105F16D3864A3F2742A47C77377899E.d.8A4450B9EF6B3A93A58DC96BB48B738B.e.13912/click - {}
RESULT: {}
COMMAND: GET /session/6c63433432e656fe102e41a405bf48f6/screenshot - {}
RESULT: {}
COMMAND: POST /session/6c63433432e656fe102e41a405bf48f6/execute/async - {"script":"<script> [1562 bytes]","args":[{"selector":{"id":"receiptDatePicker","viewName":"etm.portal.ui.managehandovers.view.DetailExecuteHO","interaction":{"idSuffix":"inner"}},"wdio_ui5_key":"receiptDatePickeretmportal.ui.managehandovers.view.DetailExecuteHO"}]}
RESULT: {"script":"<script> [1562 bytes]","args":[{"selector":{"id":"receiptDatePicker","viewName":"etm.portal.ui.managehandovers.view.DetailExecuteHO","interaction":{"idSuffix":"inner"}},"wdio_ui5_key":"receiptDatePickeretmportal.ui.managehandovers.view.DetailExecuteHO"}]}
RESULT: undefined
COMMAND: POST /session/6c63433432e656fe102e41a405bf48f6/execute/async - {"script":"<script> [6424 bytes]","args":[{"element-6066-11e4-a52e-4f735466cecf":"f.D105F16D3864A3F2742A47C77377899E.d.8A4450B9EF6B3A93A58DC96BB48B738B.e.13941"},"setValue",["05/04/2025"]]}
RESULT: {"script":"<script> [6424 bytes]","args":[{"element-6066-11e4-a52e-4f735466cecf":"f.D105F16D3864A3F2742A47C77377899E.d.8A4450B9EF6B3A93A58DC96BB48B738B.e.13941"},"setValue",["05/04/2025"]]}
COMMAND: POST /session/6c63433432e656fe102e41a405bf48f6/element - {"using":"xpath","value":"//button[@data-kt=\"PickingTableConfirmAllButton\"]"}
RESULT: {"using":"xpath","value":"//button[@data-kt=\"PickingTableConfirmAllButton\"]"}
COMMAND: POST /session/6c63433432e656fe102e41a405bf48f6/element/f.D105F16D3864A3F2742A47C77377899E.d.8A4450B9EF6B3A93A58DC96BB48B738B.e.13957/click - {}
RESULT: {}
COMMAND: GET /session/6c63433432e656fe102e41a405bf48f6/screenshot - {}
RESULT: {}
COMMAND: POST /session/6c63433432e656fe102e41a405bf48f6/element - {"using":"xpath","value":"//bdi[contains(text(), \"OK\")]"}
RESULT: {"using":"xpath","value":"//bdi[contains(text(), \"OK\")]"}
COMMAND: POST /session/6c63433432e656fe102e41a405bf48f6/element/f.D105F16D3864A3F2742A47C77377899E.d.8A4450B9EF6B3A93A58DC96BB48B738B.e.13959/click - {}
RESULT: {}
COMMAND: GET /session/6c63433432e656fe102e41a405bf48f6/screenshot - {}
COMMAND: POST /session/6c63433432e656fe102e41a405bf48f6/element - {"using":"xpath","value":"(//bdi[contains(text(), \"Receive\")])[2]"}
RESULT: {}
RESULT: {"using":"xpath","value":"(//bdi[contains(text(), \"Receive\")])[2]"}
COMMAND: POST /session/6c63433432e656fe102e41a405bf48f6/element/f.D105F16D3864A3F2742A47C77377899E.d.8A4450B9EF6B3A93A58DC96BB48B738B.e.13961/click - {}
RESULT: {}
COMMAND: GET /session/6c63433432e656fe102e41a405bf48f6/screenshot - {}
RESULT: {}
COMMAND: POST /session/6c63433432e656fe102e41a405bf48f6/element - {"using":"css selector","value":"#shell-header-logo"}
RESULT: {"using":"css selector","value":"#shell-header-logo"}
COMMAND: POST /session/6c63433432e656fe102e41a405bf48f6/element/f.D105F16D3864A3F2742A47C77377899E.d.8A4450B9EF6B3A93A58DC96BB48B738B.e.13325/click - {}
RESULT: {}
COMMAND: GET /session/6c63433432e656fe102e41a405bf48f6/screenshot - {}
RESULT: {}
]]></system-out>
    </testcase>
    <testcase classname="chrome.135_0_7049_96.windows.Performance_based_billing_(work_days)_US139742" name="Should create a new contract" time="54.019">
      <system-out><![CDATA[
COMMAND: POST /session/6c63433432e656fe102e41a405bf48f6/execute/async - {"script":"<script> [1562 bytes]","args":[{"selector":{"controlType":"sap.m.Text","viewName":"etm.portal.ui.managecontractstile.view.Master","properties":{"text":"Manage Contracts"},"interaction":{"idSuffix":"inner"}},"wdio_ui5_key":"etmportal.ui.managecontractstile.view.Mastersap.m.Text{\"text\":\"Manage Contracts\"}"}]}
RESULT: {"script":"<script> [1562 bytes]","args":[{"selector":{"controlType":"sap.m.Text","viewName":"etm.portal.ui.managecontractstile.view.Master","properties":{"text":"Manage Contracts"},"interaction":{"idSuffix":"inner"}},"wdio_ui5_key":"etmportal.ui.managecontractstile.view.Mastersap.m.Text{\"text\":\"Manage Contracts\"}"}]}
RESULT: undefined
COMMAND: POST /session/6c63433432e656fe102e41a405bf48f6/element - {"using":"xpath","value":"//*[@id=\"__tile133-title\"]"}
RESULT: {"using":"xpath","value":"//*[@id=\"__tile133-title\"]"}
COMMAND: POST /session/6c63433432e656fe102e41a405bf48f6/element/f.D105F16D3864A3F2742A47C77377899E.d.8A4450B9EF6B3A93A58DC96BB48B738B.e.14245/click - {}
RESULT: {}
COMMAND: GET /session/6c63433432e656fe102e41a405bf48f6/screenshot - {}
COMMAND: POST /session/6c63433432e656fe102e41a405bf48f6/element - {"using":"xpath","value":"//button[@data-kt=\"addButton\"]"}
RESULT: {}
RESULT: {"using":"xpath","value":"//button[@data-kt=\"addButton\"]"}
COMMAND: POST /session/6c63433432e656fe102e41a405bf48f6/elements - {"using":"xpath","value":"//button[@data-kt=\"addButton\"]"}
RESULT: {"using":"xpath","value":"//button[@data-kt=\"addButton\"]"}
COMMAND: POST /session/6c63433432e656fe102e41a405bf48f6/element - {"using":"xpath","value":"//button[@data-kt=\"addButton\"]"}
RESULT: {"using":"xpath","value":"//button[@data-kt=\"addButton\"]"}
COMMAND: POST /session/6c63433432e656fe102e41a405bf48f6/execute/sync - {"script":"<script> [8489 bytes]","args":[{"element-6066-11e4-a52e-4f735466cecf":"f.D105F16D3864A3F2742A47C77377899E.d.8A4450B9EF6B3A93A58DC96BB48B738B.e.14315","ELEMENT":"f.D105F16D3864A3F2742A47C77377899E.d.8A4450B9EF6B3A93A58DC96BB48B738B.e.14315"}]}
RESULT: {"script":"<script> [8489 bytes]","args":[{"element-6066-11e4-a52e-4f735466cecf":"f.D105F16D3864A3F2742A47C77377899E.d.8A4450B9EF6B3A93A58DC96BB48B738B.e.14315","ELEMENT":"f.D105F16D3864A3F2742A47C77377899E.d.8A4450B9EF6B3A93A58DC96BB48B738B.e.14315"}]}
COMMAND: GET /session/6c63433432e656fe102e41a405bf48f6/element/f.D105F16D3864A3F2742A47C77377899E.d.8A4450B9EF6B3A93A58DC96BB48B738B.e.14315/enabled - {}
COMMAND: GET /session/6c63433432e656fe102e41a405bf48f6/screenshot - {}
RESULT: {}
COMMAND: POST /session/6c63433432e656fe102e41a405bf48f6/execute/sync - {"script":"<script> [8489 bytes]","args":[{"element-6066-11e4-a52e-4f735466cecf":"f.D105F16D3864A3F2742A47C77377899E.d.8A4450B9EF6B3A93A58DC96BB48B738B.e.14315","ELEMENT":"f.D105F16D3864A3F2742A47C77377899E.d.8A4450B9EF6B3A93A58DC96BB48B738B.e.14315"}]}
COMMAND: GET /session/6c63433432e656fe102e41a405bf48f6/screenshot - {}
RESULT: {}
RESULT: {"script":"<script> [8489 bytes]","args":[{"element-6066-11e4-a52e-4f735466cecf":"f.D105F16D3864A3F2742A47C77377899E.d.8A4450B9EF6B3A93A58DC96BB48B738B.e.14315","ELEMENT":"f.D105F16D3864A3F2742A47C77377899E.d.8A4450B9EF6B3A93A58DC96BB48B738B.e.14315"}]}
COMMAND: POST /session/6c63433432e656fe102e41a405bf48f6/execute/sync - {"script":"<script> [5351 bytes]","args":[{"element-6066-11e4-a52e-4f735466cecf":"f.D105F16D3864A3F2742A47C77377899E.d.8A4450B9EF6B3A93A58DC96BB48B738B.e.14315","ELEMENT":"f.D105F16D3864A3F2742A47C77377899E.d.8A4450B9EF6B3A93A58DC96BB48B738B.e.14315"}]}
COMMAND: GET /session/6c63433432e656fe102e41a405bf48f6/screenshot - {}
RESULT: {}
RESULT: {"script":"<script> [5351 bytes]","args":[{"element-6066-11e4-a52e-4f735466cecf":"f.D105F16D3864A3F2742A47C77377899E.d.8A4450B9EF6B3A93A58DC96BB48B738B.e.14315","ELEMENT":"f.D105F16D3864A3F2742A47C77377899E.d.8A4450B9EF6B3A93A58DC96BB48B738B.e.14315"}]}
COMMAND: GET /session/6c63433432e656fe102e41a405bf48f6/screenshot - {}
RESULT: {}
RESULT: {}
COMMAND: POST /session/6c63433432e656fe102e41a405bf48f6/element/f.D105F16D3864A3F2742A47C77377899E.d.8A4450B9EF6B3A93A58DC96BB48B738B.e.14315/click - {}
RESULT: {}
COMMAND: GET /session/6c63433432e656fe102e41a405bf48f6/screenshot - {}
RESULT: {}
COMMAND: POST /session/6c63433432e656fe102e41a405bf48f6/execute/async - {"script":"<script> [1562 bytes]","args":[{"selector":{"id":"application-managecontracts-display-component---AddNewContract--projectDescription","interaction":{"idSuffix":"inner"}},"wdio_ui5_key":"applicationmanagecontracts-display-component---AddNewContract--projectDescription"}]}
RESULT: {"script":"<script> [1562 bytes]","args":[{"selector":{"id":"application-managecontracts-display-component---AddNewContract--projectDescription","interaction":{"idSuffix":"inner"}},"wdio_ui5_key":"applicationmanagecontracts-display-component---AddNewContract--projectDescription"}]}
RESULT: undefined
COMMAND: POST /session/6c63433432e656fe102e41a405bf48f6/execute/async - {"script":"<script> [776 bytes]","args":[{"enterText":"Performance Contract WDIO","selector":{"id":"application-managecontracts-display-component---AddNewContract--projectDescription","interaction":{"idSuffix":"inner"}},"clearTextFirst":true,"interactionType":"ENTER_TEXT"}]}
RESULT: {"script":"<script> [776 bytes]","args":[{"enterText":"Performance Contract WDIO","selector":{"id":"application-managecontracts-display-component---AddNewContract--projectDescription","interaction":{"idSuffix":"inner"}},"clearTextFirst":true,"interactionType":"ENTER_TEXT"}]}
COMMAND: POST /session/6c63433432e656fe102e41a405bf48f6/element - {"using":"xpath","value":"//input[@id=\"application-managecontracts-display-component---AddNewContract--site-inner\"]"}
RESULT: {"using":"xpath","value":"//input[@id=\"application-managecontracts-display-component---AddNewContract--site-inner\"]"}
COMMAND: POST /session/6c63433432e656fe102e41a405bf48f6/element/f.D105F16D3864A3F2742A47C77377899E.d.8A4450B9EF6B3A93A58DC96BB48B738B.e.14612/clear - {}
RESULT: {}
COMMAND: POST /session/6c63433432e656fe102e41a405bf48f6/element/f.D105F16D3864A3F2742A47C77377899E.d.8A4450B9EF6B3A93A58DC96BB48B738B.e.14612/value - {"text":"2382"}
COMMAND: GET /session/6c63433432e656fe102e41a405bf48f6/screenshot - {}
RESULT: {"text":"2382"}
COMMAND: GET /session/6c63433432e656fe102e41a405bf48f6/screenshot - {}
RESULT: {}
RESULT: {}
COMMAND: POST /session/6c63433432e656fe102e41a405bf48f6/element - {"using":"xpath","value":"//li[.//span[text()='2382']]"}
RESULT: {"using":"xpath","value":"//li[.//span[text()='2382']]"}
COMMAND: POST /session/6c63433432e656fe102e41a405bf48f6/element/f.D105F16D3864A3F2742A47C77377899E.d.8A4450B9EF6B3A93A58DC96BB48B738B.e.14636/click - {}
RESULT: {}
COMMAND: GET /session/6c63433432e656fe102e41a405bf48f6/screenshot - {}
RESULT: {}
COMMAND: POST /session/6c63433432e656fe102e41a405bf48f6/element - {"using":"xpath","value":"//input[@id=\"application-managecontracts-display-component---AddNewContract--yardId-inner\"]"}
RESULT: {"using":"xpath","value":"//input[@id=\"application-managecontracts-display-component---AddNewContract--yardId-inner\"]"}
COMMAND: GET /session/6c63433432e656fe102e41a405bf48f6/element/f.D105F16D3864A3F2742A47C77377899E.d.8A4450B9EF6B3A93A58DC96BB48B738B.e.14613/property/value - {}
RESULT: {}
COMMAND: POST /session/6c63433432e656fe102e41a405bf48f6/element - {"using":"xpath","value":"//input[@id=\"application-managecontracts-display-component---AddNewContract--customerSelect-inner\"]"}
COMMAND: GET /session/6c63433432e656fe102e41a405bf48f6/screenshot - {}
RESULT: {"using":"xpath","value":"//input[@id=\"application-managecontracts-display-component---AddNewContract--customerSelect-inner\"]"}
COMMAND: POST /session/6c63433432e656fe102e41a405bf48f6/element/f.D105F16D3864A3F2742A47C77377899E.d.8A4450B9EF6B3A93A58DC96BB48B738B.e.14611/clear - {}
RESULT: {}
RESULT: {}
COMMAND: POST /session/6c63433432e656fe102e41a405bf48f6/element/f.D105F16D3864A3F2742A47C77377899E.d.8A4450B9EF6B3A93A58DC96BB48B738B.e.14611/value - {"text":"1423"}
COMMAND: GET /session/6c63433432e656fe102e41a405bf48f6/screenshot - {}
RESULT: {"text":"1423"}
COMMAND: GET /session/6c63433432e656fe102e41a405bf48f6/screenshot - {}
RESULT: {}
RESULT: {}
COMMAND: POST /session/6c63433432e656fe102e41a405bf48f6/element - {"using":"xpath","value":"//li[.//span[text()='1423']]"}
RESULT: {"using":"xpath","value":"//li[.//span[text()='1423']]"}
COMMAND: POST /session/6c63433432e656fe102e41a405bf48f6/element/f.D105F16D3864A3F2742A47C77377899E.d.8A4450B9EF6B3A93A58DC96BB48B738B.e.14639/click - {}
RESULT: {}
COMMAND: GET /session/6c63433432e656fe102e41a405bf48f6/screenshot - {}
RESULT: {}
COMMAND: POST /session/6c63433432e656fe102e41a405bf48f6/element - {"using":"xpath","value":"//button[@data-kt=\"saveButton\"]"}
RESULT: {"using":"xpath","value":"//button[@data-kt=\"saveButton\"]"}
COMMAND: POST /session/6c63433432e656fe102e41a405bf48f6/element/f.D105F16D3864A3F2742A47C77377899E.d.8A4450B9EF6B3A93A58DC96BB48B738B.e.14628/click - {}
RESULT: {}
COMMAND: GET /session/6c63433432e656fe102e41a405bf48f6/screenshot - {}
RESULT: {}
COMMAND: POST /session/6c63433432e656fe102e41a405bf48f6/element - {"using":"xpath","value":"//span[contains(@id ,\"contractDetailTitleNoExpanded\")]"}
RESULT: {"using":"xpath","value":"//span[contains(@id ,\"contractDetailTitleNoExpanded\")]"}
COMMAND: POST /session/6c63433432e656fe102e41a405bf48f6/elements - {"using":"xpath","value":"//span[contains(@id ,\"contractDetailTitleNoExpanded\")]"}
RESULT: {"using":"xpath","value":"//span[contains(@id ,\"contractDetailTitleNoExpanded\")]"}
COMMAND: POST /session/6c63433432e656fe102e41a405bf48f6/execute/sync - {"script":"<script> [56 bytes]","args":[{"element-6066-11e4-a52e-4f735466cecf":"f.D105F16D3864A3F2742A47C77377899E.d.8A4450B9EF6B3A93A58DC96BB48B738B.e.14712","ELEMENT":"f.D105F16D3864A3F2742A47C77377899E.d.8A4450B9EF6B3A93A58DC96BB48B738B.e.14712"}]}
RESULT: {"script":"<script> [56 bytes]","args":[{"element-6066-11e4-a52e-4f735466cecf":"f.D105F16D3864A3F2742A47C77377899E.d.8A4450B9EF6B3A93A58DC96BB48B738B.e.14712","ELEMENT":"f.D105F16D3864A3F2742A47C77377899E.d.8A4450B9EF6B3A93A58DC96BB48B738B.e.14712"}]}
COMMAND: GET /session/6c63433432e656fe102e41a405bf48f6/screenshot - {}
RESULT: {}
]]></system-out>
    </testcase>
    <testcase classname="chrome.135_0_7049_96.windows.Performance_based_billing_(work_days)_US139742" name="Should add equipment to the contract" time="45.319">
      <system-out><![CDATA[
COMMAND: POST /session/6c63433432e656fe102e41a405bf48f6/element - {"using":"xpath","value":"//button[@data-kt=\"contractDetailEditBtnButton\"]"}
RESULT: {"using":"xpath","value":"//button[@data-kt=\"contractDetailEditBtnButton\"]"}
COMMAND: POST /session/6c63433432e656fe102e41a405bf48f6/element/f.D105F16D3864A3F2742A47C77377899E.d.8A4450B9EF6B3A93A58DC96BB48B738B.e.14714/click - {}
RESULT: {}
COMMAND: GET /session/6c63433432e656fe102e41a405bf48f6/screenshot - {}
RESULT: {}
COMMAND: POST /session/6c63433432e656fe102e41a405bf48f6/element - {"using":"xpath","value":"(//span[contains(text(), \"Additional Addresses\")])[2]"}
RESULT: {"using":"xpath","value":"(//span[contains(text(), \"Additional Addresses\")])[2]"}
COMMAND: POST /session/6c63433432e656fe102e41a405bf48f6/element/f.D105F16D3864A3F2742A47C77377899E.d.8A4450B9EF6B3A93A58DC96BB48B738B.e.14769/click - {}
RESULT: {}
COMMAND: GET /session/6c63433432e656fe102e41a405bf48f6/screenshot - {}
RESULT: {}
COMMAND: POST /session/6c63433432e656fe102e41a405bf48f6/element - {"using":"xpath","value":"//button[@data-kt=\"btnAddTableRowOverflowToolbarButton\"]"}
RESULT: {"using":"xpath","value":"//button[@data-kt=\"btnAddTableRowOverflowToolbarButton\"]"}
COMMAND: POST /session/6c63433432e656fe102e41a405bf48f6/element/f.D105F16D3864A3F2742A47C77377899E.d.8A4450B9EF6B3A93A58DC96BB48B738B.e.14772/click - {}
RESULT: {}
COMMAND: GET /session/6c63433432e656fe102e41a405bf48f6/screenshot - {}
RESULT: {}
COMMAND: POST /session/6c63433432e656fe102e41a405bf48f6/element - {"using":"xpath","value":"//div[(text() = 'Standard Entry' or . = 'Standard Entry')]"}
RESULT: {"using":"xpath","value":"//div[(text() = 'Standard Entry' or . = 'Standard Entry')]"}
COMMAND: POST /session/6c63433432e656fe102e41a405bf48f6/element/f.D105F16D3864A3F2742A47C77377899E.d.8A4450B9EF6B3A93A58DC96BB48B738B.e.14774/click - {}
RESULT: {}
COMMAND: GET /session/6c63433432e656fe102e41a405bf48f6/screenshot - {}
RESULT: {}
COMMAND: POST /session/6c63433432e656fe102e41a405bf48f6/element - {"using":"xpath","value":"//td[7]/div/div/input"}
RESULT: {"using":"xpath","value":"//td[7]/div/div/input"}
COMMAND: POST /session/6c63433432e656fe102e41a405bf48f6/element/f.D105F16D3864A3F2742A47C77377899E.d.8A4450B9EF6B3A93A58DC96BB48B738B.e.14783/clear - {}
RESULT: {}
COMMAND: POST /session/6c63433432e656fe102e41a405bf48f6/element/f.D105F16D3864A3F2742A47C77377899E.d.8A4450B9EF6B3A93A58DC96BB48B738B.e.14783/value - {"text":"B6xK8Sfxmr"}
COMMAND: GET /session/6c63433432e656fe102e41a405bf48f6/screenshot - {}
RESULT: {"text":"B6xK8Sfxmr"}
COMMAND: GET /session/6c63433432e656fe102e41a405bf48f6/screenshot - {}
RESULT: {}
RESULT: {}
COMMAND: POST /session/6c63433432e656fe102e41a405bf48f6/actions - {"actions":[{"id":"action50","type":"key","parameters":{},"actions":[{"type":"keyDown","value":"î€‡"},{"type":"pause","duration":10},{"type":"keyUp","value":"î€‡"}]}]}
RESULT: {"actions":[{"id":"action50","type":"key","parameters":{},"actions":[{"type":"keyDown","value":"î€‡"},{"type":"pause","duration":10},{"type":"keyUp","value":"î€‡"}]}]}
COMMAND: GET /session/6c63433432e656fe102e41a405bf48f6/screenshot - {}
RESULT: {}
COMMAND: POST /session/6c63433432e656fe102e41a405bf48f6/execute/sync - {"script":"<script> [276 bytes]","args":["No pricing information was found"]}
RESULT: {"script":"<script> [276 bytes]","args":["No pricing information was found"]}
COMMAND: POST /session/6c63433432e656fe102e41a405bf48f6/element - {"using":"xpath","value":"(//button[@data-kt=\"saveButton\"])[2]"}
COMMAND: GET /session/6c63433432e656fe102e41a405bf48f6/screenshot - {}
RESULT: {"using":"xpath","value":"(//button[@data-kt=\"saveButton\"])[2]"}
COMMAND: POST /session/6c63433432e656fe102e41a405bf48f6/element/f.D105F16D3864A3F2742A47C77377899E.d.8A4450B9EF6B3A93A58DC96BB48B738B.e.14798/click - {}
RESULT: {}
RESULT: {}
COMMAND: GET /session/6c63433432e656fe102e41a405bf48f6/screenshot - {}
RESULT: {}
COMMAND: POST /session/6c63433432e656fe102e41a405bf48f6/execute/sync - {"script":"<script> [276 bytes]","args":["Some contract items are having rental validity exceeding header rental validity"]}
RESULT: {"script":"<script> [276 bytes]","args":["Some contract items are having rental validity exceeding header rental validity"]}
COMMAND: GET /session/6c63433432e656fe102e41a405bf48f6/screenshot - {}
RESULT: {}
COMMAND: POST /session/6c63433432e656fe102e41a405bf48f6/element - {"using":"xpath","value":"//span[contains(@id ,\"contractItemsSmartTable-header-inner\")]"}
RESULT: {"using":"xpath","value":"//span[contains(@id ,\"contractItemsSmartTable-header-inner\")]"}
COMMAND: POST /session/6c63433432e656fe102e41a405bf48f6/elements - {"using":"xpath","value":"//span[contains(@id ,\"contractItemsSmartTable-header-inner\")]"}
RESULT: {"using":"xpath","value":"//span[contains(@id ,\"contractItemsSmartTable-header-inner\")]"}
COMMAND: POST /session/6c63433432e656fe102e41a405bf48f6/execute/sync - {"script":"<script> [56 bytes]","args":[{"element-6066-11e4-a52e-4f735466cecf":"f.D105F16D3864A3F2742A47C77377899E.d.8A4450B9EF6B3A93A58DC96BB48B738B.e.14804","ELEMENT":"f.D105F16D3864A3F2742A47C77377899E.d.8A4450B9EF6B3A93A58DC96BB48B738B.e.14804"}]}
RESULT: {"script":"<script> [56 bytes]","args":[{"element-6066-11e4-a52e-4f735466cecf":"f.D105F16D3864A3F2742A47C77377899E.d.8A4450B9EF6B3A93A58DC96BB48B738B.e.14804","ELEMENT":"f.D105F16D3864A3F2742A47C77377899E.d.8A4450B9EF6B3A93A58DC96BB48B738B.e.14804"}]}
]]></system-out>
    </testcase>
    <testcase classname="chrome.135_0_7049_96.windows.Performance_based_billing_(work_days)_US139742" name="Should do a provide to site handover" time="57.767">
      <system-out><![CDATA[
COMMAND: POST /session/6c63433432e656fe102e41a405bf48f6/element - {"using":"xpath","value":"//button[@data-kt=\"provideButton\"]"}
COMMAND: GET /session/6c63433432e656fe102e41a405bf48f6/screenshot - {}
RESULT: {"using":"xpath","value":"//button[@data-kt=\"provideButton\"]"}
COMMAND: POST /session/6c63433432e656fe102e41a405bf48f6/element/f.D105F16D3864A3F2742A47C77377899E.d.8A4450B9EF6B3A93A58DC96BB48B738B.e.14805/click - {}
RESULT: {}
RESULT: {}
COMMAND: GET /session/6c63433432e656fe102e41a405bf48f6/screenshot - {}
RESULT: {}
RESULT: undefined
COMMAND: POST /session/6c63433432e656fe102e41a405bf48f6/execute/async - {"script":"<script> [6424 bytes]","args":[{"element-6066-11e4-a52e-4f735466cecf":"f.D105F16D3864A3F2742A47C77377899E.d.8A4450B9EF6B3A93A58DC96BB48B738B.e.13727"},"setValue",["05/04/2025"]]}
COMMAND: POST /session/6c63433432e656fe102e41a405bf48f6/execute/async - {"script":"<script> [1562 bytes]","args":[{"selector":{"id":"application-managehandovers-display-component---AddNewHO--dueDate","interaction":{"idSuffix":"inner"}},"wdio_ui5_key":"applicationmanagehandovers-display-component---AddNewHO--dueDate"}]}
RESULT: {"script":"<script> [1562 bytes]","args":[{"selector":{"id":"application-managehandovers-display-component---AddNewHO--dueDate","interaction":{"idSuffix":"inner"}},"wdio_ui5_key":"applicationmanagehandovers-display-component---AddNewHO--dueDate"}]}
COMMAND: POST /session/6c63433432e656fe102e41a405bf48f6/execute/async - {"script":"<script> [6424 bytes]","args":[{"element-6066-11e4-a52e-4f735466cecf":"f.D105F16D3864A3F2742A47C77377899E.d.8A4450B9EF6B3A93A58DC96BB48B738B.e.14862"},"setValue",["05/04/2025"]]}
RESULT: {"script":"<script> [6424 bytes]","args":[{"element-6066-11e4-a52e-4f735466cecf":"f.D105F16D3864A3F2742A47C77377899E.d.8A4450B9EF6B3A93A58DC96BB48B738B.e.14862"},"setValue",["05/04/2025"]]}
COMMAND: POST /session/6c63433432e656fe102e41a405bf48f6/element - {"using":"xpath","value":"//bdi[contains(text(), \"Instructions\")]"}
RESULT: {"using":"xpath","value":"//bdi[contains(text(), \"Instructions\")]"}
COMMAND: POST /session/6c63433432e656fe102e41a405bf48f6/element/f.D105F16D3864A3F2742A47C77377899E.d.8A4450B9EF6B3A93A58DC96BB48B738B.e.15116/click - {}
RESULT: {}
COMMAND: GET /session/6c63433432e656fe102e41a405bf48f6/screenshot - {}
RESULT: {}
COMMAND: POST /session/6c63433432e656fe102e41a405bf48f6/element - {"using":"xpath","value":"//button[@data-kt=\"AddNewHOProvideAddItemsButton\"]"}
RESULT: {"using":"xpath","value":"//button[@data-kt=\"AddNewHOProvideAddItemsButton\"]"}
COMMAND: POST /session/6c63433432e656fe102e41a405bf48f6/element/f.D105F16D3864A3F2742A47C77377899E.d.8A4450B9EF6B3A93A58DC96BB48B738B.e.15120/click - {}
RESULT: {}
COMMAND: GET /session/6c63433432e656fe102e41a405bf48f6/screenshot - {}
RESULT: {}
RESULT: undefined
COMMAND: POST /session/6c63433432e656fe102e41a405bf48f6/element - {"using":"xpath","value":"//*[@id=\"application-managehandovers-display-component---AddNewHO--popup-sa\"]"}
RESULT: {"using":"xpath","value":"//*[@id=\"application-managehandovers-display-component---AddNewHO--popup-sa\"]"}
COMMAND: POST /session/6c63433432e656fe102e41a405bf48f6/element/f.D105F16D3864A3F2742A47C77377899E.d.8A4450B9EF6B3A93A58DC96BB48B738B.e.15135/click - {}
RESULT: {}
COMMAND: GET /session/6c63433432e656fe102e41a405bf48f6/screenshot - {}
RESULT: {}
COMMAND: POST /session/6c63433432e656fe102e41a405bf48f6/element - {"using":"xpath","value":"//*[contains(@id ,\"BDI-content\")][contains(text(), \"Select\")]"}
RESULT: {"using":"xpath","value":"//*[contains(@id ,\"BDI-content\")][contains(text(), \"Select\")]"}
COMMAND: POST /session/6c63433432e656fe102e41a405bf48f6/element/f.D105F16D3864A3F2742A47C77377899E.d.8A4450B9EF6B3A93A58DC96BB48B738B.e.15137/click - {}
RESULT: {}
COMMAND: GET /session/6c63433432e656fe102e41a405bf48f6/screenshot - {}
RESULT: {}
COMMAND: POST /session/6c63433432e656fe102e41a405bf48f6/execute/async - {"script":"<script> [1562 bytes]","args":[{"selector":{"id":"application-managehandovers-display-component---AddNewHO--confirmCreationButton","interaction":{"idSuffix":"BDI-content"}},"wdio_ui5_key":"applicationmanagehandovers-display-component---AddNewHO--confirmCreationButton"}]}
RESULT: {"script":"<script> [1562 bytes]","args":[{"selector":{"id":"application-managehandovers-display-component---AddNewHO--confirmCreationButton","interaction":{"idSuffix":"BDI-content"}},"wdio_ui5_key":"applicationmanagehandovers-display-component---AddNewHO--confirmCreationButton"}]}
RESULT: undefined
COMMAND: POST /session/6c63433432e656fe102e41a405bf48f6/element - {"using":"xpath","value":"//*[@id=\"application-managehandovers-display-component---AddNewHO--confirmCreationButton\"]"}
RESULT: {"using":"xpath","value":"//*[@id=\"application-managehandovers-display-component---AddNewHO--confirmCreationButton\"]"}
COMMAND: POST /session/6c63433432e656fe102e41a405bf48f6/element/f.D105F16D3864A3F2742A47C77377899E.d.8A4450B9EF6B3A93A58DC96BB48B738B.e.14942/click - {}
RESULT: {}
COMMAND: GET /session/6c63433432e656fe102e41a405bf48f6/screenshot - {}
RESULT: {}
COMMAND: POST /session/6c63433432e656fe102e41a405bf48f6/element - {"using":"xpath","value":"//button[@data-kt=\"PickingTableConfirmAllButton\"]"}
RESULT: {"using":"xpath","value":"//button[@data-kt=\"PickingTableConfirmAllButton\"]"}
COMMAND: POST /session/6c63433432e656fe102e41a405bf48f6/elements - {"using":"xpath","value":"//button[@data-kt=\"PickingTableConfirmAllButton\"]"}
RESULT: {"using":"xpath","value":"//button[@data-kt=\"PickingTableConfirmAllButton\"]"}
COMMAND: POST /session/6c63433432e656fe102e41a405bf48f6/elements - {"using":"xpath","value":"//button[@data-kt=\"PickingTableConfirmAllButton\"]"}
RESULT: {"using":"xpath","value":"//button[@data-kt=\"PickingTableConfirmAllButton\"]"}
COMMAND: POST /session/6c63433432e656fe102e41a405bf48f6/elements - {"using":"xpath","value":"//button[@data-kt=\"PickingTableConfirmAllButton\"]"}
RESULT: {"using":"xpath","value":"//button[@data-kt=\"PickingTableConfirmAllButton\"]"}
COMMAND: POST /session/6c63433432e656fe102e41a405bf48f6/elements - {"using":"xpath","value":"//button[@data-kt=\"PickingTableConfirmAllButton\"]"}
RESULT: {"using":"xpath","value":"//button[@data-kt=\"PickingTableConfirmAllButton\"]"}
COMMAND: POST /session/6c63433432e656fe102e41a405bf48f6/element - {"using":"xpath","value":"//button[@data-kt=\"PickingTableConfirmAllButton\"]"}
RESULT: {"using":"xpath","value":"//button[@data-kt=\"PickingTableConfirmAllButton\"]"}
COMMAND: POST /session/6c63433432e656fe102e41a405bf48f6/element/f.D105F16D3864A3F2742A47C77377899E.d.8A4450B9EF6B3A93A58DC96BB48B738B.e.15175/click - {}
COMMAND: POST /session/6c63433432e656fe102e41a405bf48f6/element - {"using":"xpath","value":"//button[@data-kt=\"PickingTableConfirmAllButton\"]"}
RESULT: {"using":"xpath","value":"//button[@data-kt=\"PickingTableConfirmAllButton\"]"}
COMMAND: POST /session/6c63433432e656fe102e41a405bf48f6/element/f.D105F16D3864A3F2742A47C77377899E.d.8A4450B9EF6B3A93A58DC96BB48B738B.e.15175/click - {}
COMMAND: POST /session/6c63433432e656fe102e41a405bf48f6/element - {"using":"xpath","value":"//button[@data-kt=\"PickingTableConfirmAllButton\"]"}
RESULT: {"using":"xpath","value":"//button[@data-kt=\"PickingTableConfirmAllButton\"]"}
COMMAND: POST /session/6c63433432e656fe102e41a405bf48f6/element/f.D105F16D3864A3F2742A47C77377899E.d.8A4450B9EF6B3A93A58DC96BB48B738B.e.15196/click - {}
RESULT: {}
COMMAND: GET /session/6c63433432e656fe102e41a405bf48f6/screenshot - {}
RESULT: {}
COMMAND: POST /session/6c63433432e656fe102e41a405bf48f6/element - {"using":"xpath","value":"//bdi[contains(text(), \"OK\")]"}
RESULT: {"using":"xpath","value":"//bdi[contains(text(), \"OK\")]"}
COMMAND: POST /session/6c63433432e656fe102e41a405bf48f6/element/f.D105F16D3864A3F2742A47C77377899E.d.8A4450B9EF6B3A93A58DC96BB48B738B.e.15200/click - {}
RESULT: {}
COMMAND: GET /session/6c63433432e656fe102e41a405bf48f6/screenshot - {}
RESULT: {}
COMMAND: POST /session/6c63433432e656fe102e41a405bf48f6/element - {"using":"xpath","value":"//bdi[contains(text(), \"Ok\")]"}
RESULT: {"using":"xpath","value":"//bdi[contains(text(), \"Ok\")]"}
COMMAND: POST /session/6c63433432e656fe102e41a405bf48f6/element/f.D105F16D3864A3F2742A47C77377899E.d.8A4450B9EF6B3A93A58DC96BB48B738B.e.15207/click - {}
RESULT: {}
COMMAND: GET /session/6c63433432e656fe102e41a405bf48f6/screenshot - {}
RESULT: {}
COMMAND: POST /session/6c63433432e656fe102e41a405bf48f6/element - {"using":"xpath","value":"//bdi[contains(text(), \"Issue\")]"}
RESULT: {"using":"xpath","value":"//bdi[contains(text(), \"Issue\")]"}
COMMAND: POST /session/6c63433432e656fe102e41a405bf48f6/element/f.D105F16D3864A3F2742A47C77377899E.d.8A4450B9EF6B3A93A58DC96BB48B738B.e.15211/click - {}
RESULT: {}
COMMAND: GET /session/6c63433432e656fe102e41a405bf48f6/screenshot - {}
RESULT: {}
COMMAND: POST /session/6c63433432e656fe102e41a405bf48f6/element - {"using":"css selector","value":"#shell-header-logo"}
RESULT: {"using":"css selector","value":"#shell-header-logo"}
COMMAND: POST /session/6c63433432e656fe102e41a405bf48f6/element/f.D105F16D3864A3F2742A47C77377899E.d.8A4450B9EF6B3A93A58DC96BB48B738B.e.14248/click - {}
RESULT: {}
COMMAND: GET /session/6c63433432e656fe102e41a405bf48f6/screenshot - {}
RESULT: {}
]]></system-out>
    </testcase>
    <testcase classname="chrome.135_0_7049_96.windows.Performance_based_billing_(work_days)_US139742" name="Should create a few performance documents" time="95.71">
      <system-out><![CDATA[
COMMAND: POST /session/6c63433432e656fe102e41a405bf48f6/window/fullscreen - {}
RESULT: {}
COMMAND: POST /session/6c63433432e656fe102e41a405bf48f6/execute/async - {"script":"<script> [1562 bytes]","args":[{"selector":{"controlType":"sap.m.GenericTile","properties":{"header":"Manage States & Performance"}},"wdio_ui5_key":"sapm.GenericTile{\"header\":\"Manage States & Performance\"}"}]}
RESULT: {"script":"<script> [1562 bytes]","args":[{"selector":{"controlType":"sap.m.GenericTile","properties":{"header":"Manage States & Performance"}},"wdio_ui5_key":"sapm.GenericTile{\"header\":\"Manage States & Performance\"}"}]}
RESULT: undefined
COMMAND: POST /session/6c63433432e656fe102e41a405bf48f6/element - {"using":"xpath","value":"//*[@id=\"__tile56\"]"}
RESULT: {"using":"xpath","value":"//*[@id=\"__tile56\"]"}
COMMAND: POST /session/6c63433432e656fe102e41a405bf48f6/element/f.D105F16D3864A3F2742A47C77377899E.d.8A4450B9EF6B3A93A58DC96BB48B738B.e.11596/click - {}
RESULT: {}
COMMAND: POST /session/6c63433432e656fe102e41a405bf48f6/element - {"using":"xpath","value":"//div[@id=\"application-managestatesandperformance-display-component---stateAndPerform--smartFilterBarResources-btnBasicSearch\"]"}
COMMAND: GET /session/6c63433432e656fe102e41a405bf48f6/screenshot - {}
RESULT: {"using":"xpath","value":"//div[@id=\"application-managestatesandperformance-display-component---stateAndPerform--smartFilterBarResources-btnBasicSearch\"]"}
COMMAND: POST /session/6c63433432e656fe102e41a405bf48f6/elements - {"using":"xpath","value":"//div[@id=\"application-managestatesandperformance-display-component---stateAndPerform--smartFilterBarResources-btnBasicSearch\"]"}
RESULT: {}
RESULT: {"using":"xpath","value":"//div[@id=\"application-managestatesandperformance-display-component---stateAndPerform--smartFilterBarResources-btnBasicSearch\"]"}
COMMAND: POST /session/6c63433432e656fe102e41a405bf48f6/element - {"using":"xpath","value":"//div[@id=\"application-managestatesandperformance-display-component---stateAndPerform--smartFilterBarResources-btnBasicSearch\"]"}
RESULT: {"using":"xpath","value":"//div[@id=\"application-managestatesandperformance-display-component---stateAndPerform--smartFilterBarResources-btnBasicSearch\"]"}
COMMAND: POST /session/6c63433432e656fe102e41a405bf48f6/execute/sync - {"script":"<script> [8489 bytes]","args":[{"element-6066-11e4-a52e-4f735466cecf":"f.D105F16D3864A3F2742A47C77377899E.d.8A4450B9EF6B3A93A58DC96BB48B738B.e.15541","ELEMENT":"f.D105F16D3864A3F2742A47C77377899E.d.8A4450B9EF6B3A93A58DC96BB48B738B.e.15541"}]}
RESULT: {"script":"<script> [8489 bytes]","args":[{"element-6066-11e4-a52e-4f735466cecf":"f.D105F16D3864A3F2742A47C77377899E.d.8A4450B9EF6B3A93A58DC96BB48B738B.e.15541","ELEMENT":"f.D105F16D3864A3F2742A47C77377899E.d.8A4450B9EF6B3A93A58DC96BB48B738B.e.15541"}]}
COMMAND: GET /session/6c63433432e656fe102e41a405bf48f6/element/f.D105F16D3864A3F2742A47C77377899E.d.8A4450B9EF6B3A93A58DC96BB48B738B.e.15541/enabled - {}
COMMAND: GET /session/6c63433432e656fe102e41a405bf48f6/screenshot - {}
RESULT: {}
COMMAND: POST /session/6c63433432e656fe102e41a405bf48f6/execute/sync - {"script":"<script> [8489 bytes]","args":[{"element-6066-11e4-a52e-4f735466cecf":"f.D105F16D3864A3F2742A47C77377899E.d.8A4450B9EF6B3A93A58DC96BB48B738B.e.15541","ELEMENT":"f.D105F16D3864A3F2742A47C77377899E.d.8A4450B9EF6B3A93A58DC96BB48B738B.e.15541"}]}
COMMAND: GET /session/6c63433432e656fe102e41a405bf48f6/screenshot - {}
RESULT: {}
RESULT: {"script":"<script> [8489 bytes]","args":[{"element-6066-11e4-a52e-4f735466cecf":"f.D105F16D3864A3F2742A47C77377899E.d.8A4450B9EF6B3A93A58DC96BB48B738B.e.15541","ELEMENT":"f.D105F16D3864A3F2742A47C77377899E.d.8A4450B9EF6B3A93A58DC96BB48B738B.e.15541"}]}
COMMAND: POST /session/6c63433432e656fe102e41a405bf48f6/execute/sync - {"script":"<script> [5351 bytes]","args":[{"element-6066-11e4-a52e-4f735466cecf":"f.D105F16D3864A3F2742A47C77377899E.d.8A4450B9EF6B3A93A58DC96BB48B738B.e.15541","ELEMENT":"f.D105F16D3864A3F2742A47C77377899E.d.8A4450B9EF6B3A93A58DC96BB48B738B.e.15541"}]}
COMMAND: GET /session/6c63433432e656fe102e41a405bf48f6/screenshot - {}
RESULT: {}
RESULT: {"script":"<script> [5351 bytes]","args":[{"element-6066-11e4-a52e-4f735466cecf":"f.D105F16D3864A3F2742A47C77377899E.d.8A4450B9EF6B3A93A58DC96BB48B738B.e.15541","ELEMENT":"f.D105F16D3864A3F2742A47C77377899E.d.8A4450B9EF6B3A93A58DC96BB48B738B.e.15541"}]}
COMMAND: POST /session/6c63433432e656fe102e41a405bf48f6/execute/async - {"script":"<script> [1562 bytes]","args":[{"selector":{"id":"application-managestatesandperformance-display-component---stateAndPerform--smartFilterBarResources-btnBasicSearch","interaction":{"idSuffix":"I"}},"wdio_ui5_key":"applicationmanagestatesandperformance-display-component---stateAndPerform--smartFilterBarResources-btnBasicSearch"}]}
COMMAND: GET /session/6c63433432e656fe102e41a405bf48f6/screenshot - {}
RESULT: {}
RESULT: {"script":"<script> [1562 bytes]","args":[{"selector":{"id":"application-managestatesandperformance-display-component---stateAndPerform--smartFilterBarResources-btnBasicSearch","interaction":{"idSuffix":"I"}},"wdio_ui5_key":"applicationmanagestatesandperformance-display-component---stateAndPerform--smartFilterBarResources-btnBasicSearch"}]}
RESULT: undefined
COMMAND: POST /session/6c63433432e656fe102e41a405bf48f6/execute/async - {"script":"<script> [776 bytes]","args":[{"enterText":"B6xK8Sfxmr","selector":{"id":"application-managestatesandperformance-display-component---stateAndPerform--smartFilterBarResources-btnBasicSearch","interaction":{"idSuffix":"I"}},"clearTextFirst":true,"interactionType":"ENTER_TEXT"}]}
RESULT: {}
RESULT: {"script":"<script> [776 bytes]","args":[{"enterText":"B6xK8Sfxmr","selector":{"id":"application-managestatesandperformance-display-component---stateAndPerform--smartFilterBarResources-btnBasicSearch","interaction":{"idSuffix":"I"}},"clearTextFirst":true,"interactionType":"ENTER_TEXT"}]}
COMMAND: POST /session/6c63433432e656fe102e41a405bf48f6/actions - {"actions":[{"id":"action51","type":"key","parameters":{},"actions":[{"type":"keyDown","value":"î€‡"},{"type":"pause","duration":10},{"type":"keyUp","value":"î€‡"}]}]}
RESULT: {"actions":[{"id":"action51","type":"key","parameters":{},"actions":[{"type":"keyDown","value":"î€‡"},{"type":"pause","duration":10},{"type":"keyUp","value":"î€‡"}]}]}
COMMAND: GET /session/6c63433432e656fe102e41a405bf48f6/screenshot - {}
RESULT: {}
COMMAND: POST /session/6c63433432e656fe102e41a405bf48f6/execute/async - {"script":"<script> [1562 bytes]","args":[{"selector":{"id":"application-managestatesandperformance-display-component---stateAndPerform--stateAndPerformResourcesSmartTable-header"},"wdio_ui5_key":"applicationmanagestatesandperformance-display-component---stateAndPerform--stateAndPerformResourcesSmartTable-header"}]}
RESULT: {"script":"<script> [1562 bytes]","args":[{"selector":{"id":"application-managestatesandperformance-display-component---stateAndPerform--stateAndPerformResourcesSmartTable-header"},"wdio_ui5_key":"applicationmanagestatesandperformance-display-component---stateAndPerform--stateAndPerformResourcesSmartTable-header"}]}
RESULT: undefined
COMMAND: POST /session/6c63433432e656fe102e41a405bf48f6/execute/async - {"script":"<script> [6424 bytes]","args":[{"element-6066-11e4-a52e-4f735466cecf":"f.D105F16D3864A3F2742A47C77377899E.d.8A4450B9EF6B3A93A58DC96BB48B738B.e.15604"},"getText",[]]}
RESULT: {"script":"<script> [6424 bytes]","args":[{"element-6066-11e4-a52e-4f735466cecf":"f.D105F16D3864A3F2742A47C77377899E.d.8A4450B9EF6B3A93A58DC96BB48B738B.e.15604"},"getText",[]]}
COMMAND: POST /session/6c63433432e656fe102e41a405bf48f6/execute/async - {"script":"<script> [1562 bytes]","args":[{"selector":{"controlType":"sap.ui.core.Icon","viewName":"etm.portal.ui.managestatesandperformance.view.Master","viewId":"application-managestatesandperformance-display-component---stateAndPerform","properties":{"src":{"regex":{"source":"slim\\-arrow\\-right"}}}},"wdio_ui5_key":"etmportal.ui.managestatesandperformance.view.Mastersap.ui.core.Icon{\"src\":{\"regex\":{\"source\":\"slim\\\\-arrow\\\\-right\"}}}"}]}
RESULT: {"script":"<script> [1562 bytes]","args":[{"selector":{"controlType":"sap.ui.core.Icon","viewName":"etm.portal.ui.managestatesandperformance.view.Master","viewId":"application-managestatesandperformance-display-component---stateAndPerform","properties":{"src":{"regex":{"source":"slim\\-arrow\\-right"}}}},"wdio_ui5_key":"etmportal.ui.managestatesandperformance.view.Mastersap.ui.core.Icon{\"src\":{\"regex\":{\"source\":\"slim\\\\-arrow\\\\-right\"}}}"}]}
RESULT: undefined
COMMAND: POST /session/6c63433432e656fe102e41a405bf48f6/element - {"using":"xpath","value":"//*[@id=\"__item2557-__clone4569-imgNav\"]"}
RESULT: {"using":"xpath","value":"//*[@id=\"__item2557-__clone4569-imgNav\"]"}
COMMAND: POST /session/6c63433432e656fe102e41a405bf48f6/element/f.D105F16D3864A3F2742A47C77377899E.d.8A4450B9EF6B3A93A58DC96BB48B738B.e.15603/click - {}
RESULT: {}
COMMAND: GET /session/6c63433432e656fe102e41a405bf48f6/screenshot - {}
RESULT: {}
COMMAND: POST /session/6c63433432e656fe102e41a405bf48f6/execute/async - {"script":"<script> [1562 bytes]","args":[{"selector":{"controlType":"sap.m.Button","viewName":"etm.portal.ui.managestatesandperformance.view.Detail","viewId":"application-managestatesandperformance-display-component---detailStateAndPerform","properties":{"text":"Performance Documents"}},"wdio_ui5_key":"etmportal.ui.managestatesandperformance.view.Detailsap.m.Button{\"text\":\"Performance Documents\"}"}]}
RESULT: {"script":"<script> [1562 bytes]","args":[{"selector":{"controlType":"sap.m.Button","viewName":"etm.portal.ui.managestatesandperformance.view.Detail","viewId":"application-managestatesandperformance-display-component---detailStateAndPerform","properties":{"text":"Performance Documents"}},"wdio_ui5_key":"etmportal.ui.managestatesandperformance.view.Detailsap.m.Button{\"text\":\"Performance Documents\"}"}]}
RESULT: undefined
COMMAND: POST /session/6c63433432e656fe102e41a405bf48f6/element - {"using":"xpath","value":"//*[@id=\"__item2580-button\"]"}
RESULT: {"using":"xpath","value":"//*[@id=\"__item2580-button\"]"}
COMMAND: POST /session/6c63433432e656fe102e41a405bf48f6/element/f.D105F16D3864A3F2742A47C77377899E.d.8A4450B9EF6B3A93A58DC96BB48B738B.e.15649/click - {}
RESULT: {}
COMMAND: POST /session/6c63433432e656fe102e41a405bf48f6/execute/async - {"script":"<script> [1562 bytes]","args":[{"selector":{"controlType":"sap.m.Button","viewName":"etm.portal.ui.managestatesandperformance.view.Detail","viewId":"application-managestatesandperformance-display-component---detailStateAndPerform","i18NText":{"propertyName":"text","key":"createPerformanceDoc"},"interaction":{"idSuffix":"BDI-content"}},"wdio_ui5_key":"etmportal.ui.managestatesandperformance.view.Detailsap.m.Button{\"propertyName\":\"text\",\"key\":\"createPerformanceDoc\"}"}]}
COMMAND: GET /session/6c63433432e656fe102e41a405bf48f6/screenshot - {}
RESULT: {"script":"<script> [1562 bytes]","args":[{"selector":{"controlType":"sap.m.Button","viewName":"etm.portal.ui.managestatesandperformance.view.Detail","viewId":"application-managestatesandperformance-display-component---detailStateAndPerform","i18NText":{"propertyName":"text","key":"createPerformanceDoc"},"interaction":{"idSuffix":"BDI-content"}},"wdio_ui5_key":"etmportal.ui.managestatesandperformance.view.Detailsap.m.Button{\"propertyName\":\"text\",\"key\":\"createPerformanceDoc\"}"}]}
RESULT: undefined
COMMAND: POST /session/6c63433432e656fe102e41a405bf48f6/element - {"using":"xpath","value":"//*[@id=\"__button389\"]"}
RESULT: {}
RESULT: {"using":"xpath","value":"//*[@id=\"__button389\"]"}
COMMAND: POST /session/6c63433432e656fe102e41a405bf48f6/element/f.D105F16D3864A3F2742A47C77377899E.d.8A4450B9EF6B3A93A58DC96BB48B738B.e.15653/click - {}
RESULT: {}
COMMAND: POST /session/6c63433432e656fe102e41a405bf48f6/execute/async - {"script":"<script> [1562 bytes]","args":[{"selector":{"id":"application-managestatesandperformance-display-component---detailStateAndPerform--perfDocDatePicker","searchOpenDialogs":true,"interaction":{"idSuffix":"inner"}},"wdio_ui5_key":"applicationmanagestatesandperformance-display-component---detailStateAndPerform--perfDocDatePicker"}]}
COMMAND: GET /session/6c63433432e656fe102e41a405bf48f6/screenshot - {}
RESULT: {"script":"<script> [1562 bytes]","args":[{"selector":{"id":"application-managestatesandperformance-display-component---detailStateAndPerform--perfDocDatePicker","searchOpenDialogs":true,"interaction":{"idSuffix":"inner"}},"wdio_ui5_key":"applicationmanagestatesandperformance-display-component---detailStateAndPerform--perfDocDatePicker"}]}
RESULT: undefined
COMMAND: POST /session/6c63433432e656fe102e41a405bf48f6/execute/async - {"script":"<script> [776 bytes]","args":[{"enterText":"05/06/25","selector":{"id":"application-managestatesandperformance-display-component---detailStateAndPerform--perfDocDatePicker","searchOpenDialogs":true,"interaction":{"idSuffix":"inner"}},"clearTextFirst":true,"interactionType":"ENTER_TEXT"}]}
RESULT: {}
RESULT: {"script":"<script> [776 bytes]","args":[{"enterText":"05/06/25","selector":{"id":"application-managestatesandperformance-display-component---detailStateAndPerform--perfDocDatePicker","searchOpenDialogs":true,"interaction":{"idSuffix":"inner"}},"clearTextFirst":true,"interactionType":"ENTER_TEXT"}]}
COMMAND: POST /session/6c63433432e656fe102e41a405bf48f6/execute/async - {"script":"<script> [1562 bytes]","args":[{"selector":{"id":"application-managestatesandperformance-display-component---detailStateAndPerform--counterValue-input","searchOpenDialogs":true,"interaction":{"idSuffix":"inner"}},"wdio_ui5_key":"applicationmanagestatesandperformance-display-component---detailStateAndPerform--counterValue-input"}]}
RESULT: {"script":"<script> [1562 bytes]","args":[{"selector":{"id":"application-managestatesandperformance-display-component---detailStateAndPerform--counterValue-input","searchOpenDialogs":true,"interaction":{"idSuffix":"inner"}},"wdio_ui5_key":"applicationmanagestatesandperformance-display-component---detailStateAndPerform--counterValue-input"}]}
RESULT: undefined
COMMAND: POST /session/6c63433432e656fe102e41a405bf48f6/execute/async - {"script":"<script> [776 bytes]","args":[{"enterText":"15.00","selector":{"id":"application-managestatesandperformance-display-component---detailStateAndPerform--counterValue-input","searchOpenDialogs":true,"interaction":{"idSuffix":"inner"}},"clearTextFirst":true,"interactionType":"ENTER_TEXT"}]}
RESULT: {"script":"<script> [776 bytes]","args":[{"enterText":"15.00","selector":{"id":"application-managestatesandperformance-display-component---detailStateAndPerform--counterValue-input","searchOpenDialogs":true,"interaction":{"idSuffix":"inner"}},"clearTextFirst":true,"interactionType":"ENTER_TEXT"}]}
COMMAND: POST /session/6c63433432e656fe102e41a405bf48f6/execute/async - {"script":"<script> [1562 bytes]","args":[{"selector":{"controlType":"sap.m.Button","viewName":"etm.portal.ui.managestatesandperformance.view.Detail","viewId":"application-managestatesandperformance-display-component---detailStateAndPerform","bindingPath":{"path":"","propertyPath":"/allowAddEdit","modelName":"oScreenModel"},"searchOpenDialogs":true,"interaction":{"idSuffix":"BDI-content"}},"wdio_ui5_key":"etmportal.ui.managestatesandperformance.view.Detailsap.m.Button{\"path\":\"\",\"propertyPath\":\"/allowAddEdit\",\"modelName\":\"oScreenModel\"}"}]}
RESULT: {"script":"<script> [1562 bytes]","args":[{"selector":{"controlType":"sap.m.Button","viewName":"etm.portal.ui.managestatesandperformance.view.Detail","viewId":"application-managestatesandperformance-display-component---detailStateAndPerform","bindingPath":{"path":"","propertyPath":"/allowAddEdit","modelName":"oScreenModel"},"searchOpenDialogs":true,"interaction":{"idSuffix":"BDI-content"}},"wdio_ui5_key":"etmportal.ui.managestatesandperformance.view.Detailsap.m.Button{\"path\":\"\",\"propertyPath\":\"/allowAddEdit\",\"modelName\":\"oScreenModel\"}"}]}
RESULT: undefined
COMMAND: POST /session/6c63433432e656fe102e41a405bf48f6/element - {"using":"xpath","value":"//*[@id=\"__button396\"]"}
RESULT: {"using":"xpath","value":"//*[@id=\"__button396\"]"}
COMMAND: POST /session/6c63433432e656fe102e41a405bf48f6/element/f.D105F16D3864A3F2742A47C77377899E.d.8A4450B9EF6B3A93A58DC96BB48B738B.e.15673/click - {}
RESULT: {}
RESULT: undefined
COMMAND: POST /session/6c63433432e656fe102e41a405bf48f6/element - {"using":"xpath","value":"//*[@id=\"__button389\"]"}
COMMAND: GET /session/6c63433432e656fe102e41a405bf48f6/screenshot - {}
RESULT: {"using":"xpath","value":"//*[@id=\"__button389\"]"}
COMMAND: POST /session/6c63433432e656fe102e41a405bf48f6/element/f.D105F16D3864A3F2742A47C77377899E.d.8A4450B9EF6B3A93A58DC96BB48B738B.e.15653/click - {}
RESULT: {}
RESULT: {}
RESULT: undefined
COMMAND: POST /session/6c63433432e656fe102e41a405bf48f6/execute/async - {"script":"<script> [776 bytes]","args":[{"enterText":"05/10/25","selector":{"id":"application-managestatesandperformance-display-component---detailStateAndPerform--perfDocDatePicker","searchOpenDialogs":true,"interaction":{"idSuffix":"inner"}},"clearTextFirst":true,"interactionType":"ENTER_TEXT"}]}
COMMAND: GET /session/6c63433432e656fe102e41a405bf48f6/screenshot - {}
RESULT: {"script":"<script> [776 bytes]","args":[{"enterText":"05/10/25","selector":{"id":"application-managestatesandperformance-display-component---detailStateAndPerform--perfDocDatePicker","searchOpenDialogs":true,"interaction":{"idSuffix":"inner"}},"clearTextFirst":true,"interactionType":"ENTER_TEXT"}]}
RESULT: undefined
COMMAND: POST /session/6c63433432e656fe102e41a405bf48f6/execute/async - {"script":"<script> [776 bytes]","args":[{"enterText":"20.00","selector":{"id":"application-managestatesandperformance-display-component---detailStateAndPerform--counterValue-input","searchOpenDialogs":true,"interaction":{"idSuffix":"inner"}},"clearTextFirst":true,"interactionType":"ENTER_TEXT"}]}
RESULT: {}
RESULT: {"script":"<script> [776 bytes]","args":[{"enterText":"20.00","selector":{"id":"application-managestatesandperformance-display-component---detailStateAndPerform--counterValue-input","searchOpenDialogs":true,"interaction":{"idSuffix":"inner"}},"clearTextFirst":true,"interactionType":"ENTER_TEXT"}]}
COMMAND: POST /session/6c63433432e656fe102e41a405bf48f6/actions - {"actions":[{"id":"action52","type":"key","parameters":{},"actions":[{"type":"keyDown","value":"î€„"},{"type":"keyDown","value":"î€„"},{"type":"pause","duration":10},{"type":"keyUp","value":"î€„"},{"type":"keyUp","value":"î€„"}]}]}
RESULT: {"actions":[{"id":"action52","type":"key","parameters":{},"actions":[{"type":"keyDown","value":"î€„"},{"type":"keyDown","value":"î€„"},{"type":"pause","duration":10},{"type":"keyUp","value":"î€„"},{"type":"keyUp","value":"î€„"}]}]}
COMMAND: POST /session/6c63433432e656fe102e41a405bf48f6/actions - {"actions":[{"id":"action53","type":"key","parameters":{},"actions":[{"type":"keyDown","value":"î€‡"},{"type":"pause","duration":10},{"type":"keyUp","value":"î€‡"}]}]}
COMMAND: GET /session/6c63433432e656fe102e41a405bf48f6/screenshot - {}
RESULT: {"actions":[{"id":"action53","type":"key","parameters":{},"actions":[{"type":"keyDown","value":"î€‡"},{"type":"pause","duration":10},{"type":"keyUp","value":"î€‡"}]}]}
RESULT: undefined
COMMAND: POST /session/6c63433432e656fe102e41a405bf48f6/element - {"using":"xpath","value":"//*[@id=\"__button396\"]"}
COMMAND: GET /session/6c63433432e656fe102e41a405bf48f6/screenshot - {}
RESULT: {}
RESULT: {"using":"xpath","value":"//*[@id=\"__button396\"]"}
COMMAND: POST /session/6c63433432e656fe102e41a405bf48f6/elements - {"using":"xpath","value":"//*[@id=\"__button396\"]"}
RESULT: {}
RESULT: {"using":"xpath","value":"//*[@id=\"__button396\"]"}
COMMAND: POST /session/6c63433432e656fe102e41a405bf48f6/elements - {"using":"xpath","value":"//*[@id=\"__button396\"]"}
RESULT: {"using":"xpath","value":"//*[@id=\"__button396\"]"}
COMMAND: POST /session/6c63433432e656fe102e41a405bf48f6/elements - {"using":"xpath","value":"//*[@id=\"__button396\"]"}
RESULT: {"using":"xpath","value":"//*[@id=\"__button396\"]"}
COMMAND: POST /session/6c63433432e656fe102e41a405bf48f6/elements - {"using":"xpath","value":"//*[@id=\"__button396\"]"}
RESULT: {"using":"xpath","value":"//*[@id=\"__button396\"]"}
COMMAND: POST /session/6c63433432e656fe102e41a405bf48f6/elements - {"using":"xpath","value":"//*[@id=\"__button396\"]"}
RESULT: {"using":"xpath","value":"//*[@id=\"__button396\"]"}
COMMAND: POST /session/6c63433432e656fe102e41a405bf48f6/elements - {"using":"xpath","value":"//*[@id=\"__button396\"]"}
RESULT: {"using":"xpath","value":"//*[@id=\"__button396\"]"}
COMMAND: POST /session/6c63433432e656fe102e41a405bf48f6/elements - {"using":"xpath","value":"//*[@id=\"__button396\"]"}
RESULT: {"using":"xpath","value":"//*[@id=\"__button396\"]"}
COMMAND: POST /session/6c63433432e656fe102e41a405bf48f6/elements - {"using":"xpath","value":"//*[@id=\"__button396\"]"}
RESULT: {"using":"xpath","value":"//*[@id=\"__button396\"]"}
COMMAND: POST /session/6c63433432e656fe102e41a405bf48f6/elements - {"using":"xpath","value":"//*[@id=\"__button396\"]"}
RESULT: {"using":"xpath","value":"//*[@id=\"__button396\"]"}
COMMAND: POST /session/6c63433432e656fe102e41a405bf48f6/elements - {"using":"xpath","value":"//*[@id=\"__button396\"]"}
RESULT: {"using":"xpath","value":"//*[@id=\"__button396\"]"}
COMMAND: POST /session/6c63433432e656fe102e41a405bf48f6/elements - {"using":"xpath","value":"//*[@id=\"__button396\"]"}
RESULT: {"using":"xpath","value":"//*[@id=\"__button396\"]"}
COMMAND: POST /session/6c63433432e656fe102e41a405bf48f6/elements - {"using":"xpath","value":"//*[@id=\"__button396\"]"}
RESULT: {"using":"xpath","value":"//*[@id=\"__button396\"]"}
COMMAND: POST /session/6c63433432e656fe102e41a405bf48f6/elements - {"using":"xpath","value":"//*[@id=\"__button396\"]"}
RESULT: {"using":"xpath","value":"//*[@id=\"__button396\"]"}
COMMAND: POST /session/6c63433432e656fe102e41a405bf48f6/elements - {"using":"xpath","value":"//*[@id=\"__button396\"]"}
RESULT: {"using":"xpath","value":"//*[@id=\"__button396\"]"}
COMMAND: POST /session/6c63433432e656fe102e41a405bf48f6/elements - {"using":"xpath","value":"//*[@id=\"__button396\"]"}
RESULT: {"using":"xpath","value":"//*[@id=\"__button396\"]"}
COMMAND: POST /session/6c63433432e656fe102e41a405bf48f6/elements - {"using":"xpath","value":"//*[@id=\"__button396\"]"}
RESULT: {"using":"xpath","value":"//*[@id=\"__button396\"]"}
COMMAND: POST /session/6c63433432e656fe102e41a405bf48f6/elements - {"using":"xpath","value":"//*[@id=\"__button396\"]"}
RESULT: {"using":"xpath","value":"//*[@id=\"__button396\"]"}
COMMAND: POST /session/6c63433432e656fe102e41a405bf48f6/elements - {"using":"xpath","value":"//*[@id=\"__button396\"]"}
RESULT: {"using":"xpath","value":"//*[@id=\"__button396\"]"}
COMMAND: POST /session/6c63433432e656fe102e41a405bf48f6/elements - {"using":"xpath","value":"//*[@id=\"__button396\"]"}
RESULT: {"using":"xpath","value":"//*[@id=\"__button396\"]"}
COMMAND: POST /session/6c63433432e656fe102e41a405bf48f6/elements - {"using":"xpath","value":"//*[@id=\"__button396\"]"}
RESULT: {"using":"xpath","value":"//*[@id=\"__button396\"]"}
COMMAND: POST /session/6c63433432e656fe102e41a405bf48f6/elements - {"using":"xpath","value":"//*[@id=\"__button396\"]"}
RESULT: {"using":"xpath","value":"//*[@id=\"__button396\"]"}
COMMAND: POST /session/6c63433432e656fe102e41a405bf48f6/elements - {"using":"xpath","value":"//*[@id=\"__button396\"]"}
RESULT: {"using":"xpath","value":"//*[@id=\"__button396\"]"}
COMMAND: POST /session/6c63433432e656fe102e41a405bf48f6/elements - {"using":"xpath","value":"//*[@id=\"__button396\"]"}
RESULT: {"using":"xpath","value":"//*[@id=\"__button396\"]"}
COMMAND: POST /session/6c63433432e656fe102e41a405bf48f6/elements - {"using":"xpath","value":"//*[@id=\"__button396\"]"}
RESULT: {"using":"xpath","value":"//*[@id=\"__button396\"]"}
COMMAND: POST /session/6c63433432e656fe102e41a405bf48f6/elements - {"using":"xpath","value":"//*[@id=\"__button396\"]"}
RESULT: {"using":"xpath","value":"//*[@id=\"__button396\"]"}
COMMAND: POST /session/6c63433432e656fe102e41a405bf48f6/elements - {"using":"xpath","value":"//*[@id=\"__button396\"]"}
RESULT: {"using":"xpath","value":"//*[@id=\"__button396\"]"}
COMMAND: POST /session/6c63433432e656fe102e41a405bf48f6/elements - {"using":"xpath","value":"//*[@id=\"__button396\"]"}
RESULT: {"using":"xpath","value":"//*[@id=\"__button396\"]"}
COMMAND: POST /session/6c63433432e656fe102e41a405bf48f6/elements - {"using":"xpath","value":"//*[@id=\"__button396\"]"}
RESULT: {"using":"xpath","value":"//*[@id=\"__button396\"]"}
COMMAND: POST /session/6c63433432e656fe102e41a405bf48f6/elements - {"using":"xpath","value":"//*[@id=\"__button396\"]"}
RESULT: {"using":"xpath","value":"//*[@id=\"__button396\"]"}
COMMAND: POST /session/6c63433432e656fe102e41a405bf48f6/elements - {"using":"xpath","value":"//*[@id=\"__button396\"]"}
RESULT: {"using":"xpath","value":"//*[@id=\"__button396\"]"}
COMMAND: POST /session/6c63433432e656fe102e41a405bf48f6/elements - {"using":"xpath","value":"//*[@id=\"__button396\"]"}
RESULT: {"using":"xpath","value":"//*[@id=\"__button396\"]"}
COMMAND: POST /session/6c63433432e656fe102e41a405bf48f6/elements - {"using":"xpath","value":"//*[@id=\"__button396\"]"}
RESULT: {"using":"xpath","value":"//*[@id=\"__button396\"]"}
COMMAND: POST /session/6c63433432e656fe102e41a405bf48f6/elements - {"using":"xpath","value":"//*[@id=\"__button396\"]"}
RESULT: {"using":"xpath","value":"//*[@id=\"__button396\"]"}
COMMAND: POST /session/6c63433432e656fe102e41a405bf48f6/elements - {"using":"xpath","value":"//*[@id=\"__button396\"]"}
RESULT: {"using":"xpath","value":"//*[@id=\"__button396\"]"}
COMMAND: POST /session/6c63433432e656fe102e41a405bf48f6/elements - {"using":"xpath","value":"//*[@id=\"__button396\"]"}
RESULT: {"using":"xpath","value":"//*[@id=\"__button396\"]"}
COMMAND: POST /session/6c63433432e656fe102e41a405bf48f6/elements - {"using":"xpath","value":"//*[@id=\"__button396\"]"}
RESULT: {"using":"xpath","value":"//*[@id=\"__button396\"]"}
COMMAND: POST /session/6c63433432e656fe102e41a405bf48f6/elements - {"using":"xpath","value":"//*[@id=\"__button396\"]"}
RESULT: {"using":"xpath","value":"//*[@id=\"__button396\"]"}
COMMAND: POST /session/6c63433432e656fe102e41a405bf48f6/elements - {"using":"xpath","value":"//*[@id=\"__button396\"]"}
RESULT: {"using":"xpath","value":"//*[@id=\"__button396\"]"}
COMMAND: POST /session/6c63433432e656fe102e41a405bf48f6/elements - {"using":"xpath","value":"//*[@id=\"__button396\"]"}
RESULT: {"using":"xpath","value":"//*[@id=\"__button396\"]"}
COMMAND: POST /session/6c63433432e656fe102e41a405bf48f6/elements - {"using":"xpath","value":"//*[@id=\"__button396\"]"}
RESULT: {"using":"xpath","value":"//*[@id=\"__button396\"]"}
COMMAND: POST /session/6c63433432e656fe102e41a405bf48f6/elements - {"using":"xpath","value":"//*[@id=\"__button396\"]"}
RESULT: {"using":"xpath","value":"//*[@id=\"__button396\"]"}
COMMAND: POST /session/6c63433432e656fe102e41a405bf48f6/elements - {"using":"xpath","value":"//*[@id=\"__button396\"]"}
RESULT: {"using":"xpath","value":"//*[@id=\"__button396\"]"}
COMMAND: POST /session/6c63433432e656fe102e41a405bf48f6/elements - {"using":"xpath","value":"//*[@id=\"__button396\"]"}
RESULT: {"using":"xpath","value":"//*[@id=\"__button396\"]"}
COMMAND: POST /session/6c63433432e656fe102e41a405bf48f6/elements - {"using":"xpath","value":"//*[@id=\"__button396\"]"}
RESULT: {"using":"xpath","value":"//*[@id=\"__button396\"]"}
COMMAND: POST /session/6c63433432e656fe102e41a405bf48f6/elements - {"using":"xpath","value":"//*[@id=\"__button396\"]"}
RESULT: {"using":"xpath","value":"//*[@id=\"__button396\"]"}
COMMAND: POST /session/6c63433432e656fe102e41a405bf48f6/elements - {"using":"xpath","value":"//*[@id=\"__button396\"]"}
RESULT: {"using":"xpath","value":"//*[@id=\"__button396\"]"}
COMMAND: POST /session/6c63433432e656fe102e41a405bf48f6/elements - {"using":"xpath","value":"//*[@id=\"__button396\"]"}
RESULT: {"using":"xpath","value":"//*[@id=\"__button396\"]"}
COMMAND: POST /session/6c63433432e656fe102e41a405bf48f6/elements - {"using":"xpath","value":"//*[@id=\"__button396\"]"}
RESULT: {"using":"xpath","value":"//*[@id=\"__button396\"]"}
COMMAND: POST /session/6c63433432e656fe102e41a405bf48f6/elements - {"using":"xpath","value":"//*[@id=\"__button396\"]"}
RESULT: {"using":"xpath","value":"//*[@id=\"__button396\"]"}
COMMAND: POST /session/6c63433432e656fe102e41a405bf48f6/elements - {"using":"xpath","value":"//*[@id=\"__button396\"]"}
RESULT: {"using":"xpath","value":"//*[@id=\"__button396\"]"}
COMMAND: POST /session/6c63433432e656fe102e41a405bf48f6/elements - {"using":"xpath","value":"//*[@id=\"__button396\"]"}
RESULT: {"using":"xpath","value":"//*[@id=\"__button396\"]"}
COMMAND: POST /session/6c63433432e656fe102e41a405bf48f6/elements - {"using":"xpath","value":"//*[@id=\"__button396\"]"}
RESULT: {"using":"xpath","value":"//*[@id=\"__button396\"]"}
COMMAND: POST /session/6c63433432e656fe102e41a405bf48f6/elements - {"using":"xpath","value":"//*[@id=\"__button396\"]"}
RESULT: {"using":"xpath","value":"//*[@id=\"__button396\"]"}
COMMAND: POST /session/6c63433432e656fe102e41a405bf48f6/elements - {"using":"xpath","value":"//*[@id=\"__button396\"]"}
RESULT: {"using":"xpath","value":"//*[@id=\"__button396\"]"}
COMMAND: POST /session/6c63433432e656fe102e41a405bf48f6/elements - {"using":"xpath","value":"//*[@id=\"__button396\"]"}
RESULT: {"using":"xpath","value":"//*[@id=\"__button396\"]"}
COMMAND: POST /session/6c63433432e656fe102e41a405bf48f6/elements - {"using":"xpath","value":"//*[@id=\"__button396\"]"}
RESULT: {"using":"xpath","value":"//*[@id=\"__button396\"]"}
COMMAND: POST /session/6c63433432e656fe102e41a405bf48f6/elements - {"using":"xpath","value":"//*[@id=\"__button396\"]"}
RESULT: {"using":"xpath","value":"//*[@id=\"__button396\"]"}
COMMAND: POST /session/6c63433432e656fe102e41a405bf48f6/elements - {"using":"xpath","value":"//*[@id=\"__button396\"]"}
RESULT: {"using":"xpath","value":"//*[@id=\"__button396\"]"}
COMMAND: POST /session/6c63433432e656fe102e41a405bf48f6/elements - {"using":"xpath","value":"//*[@id=\"__button396\"]"}
RESULT: {"using":"xpath","value":"//*[@id=\"__button396\"]"}
COMMAND: POST /session/6c63433432e656fe102e41a405bf48f6/elements - {"using":"xpath","value":"//*[@id=\"__button396\"]"}
RESULT: {"using":"xpath","value":"//*[@id=\"__button396\"]"}
COMMAND: POST /session/6c63433432e656fe102e41a405bf48f6/elements - {"using":"xpath","value":"//*[@id=\"__button396\"]"}
RESULT: {"using":"xpath","value":"//*[@id=\"__button396\"]"}
COMMAND: POST /session/6c63433432e656fe102e41a405bf48f6/elements - {"using":"xpath","value":"//*[@id=\"__button396\"]"}
RESULT: {"using":"xpath","value":"//*[@id=\"__button396\"]"}
COMMAND: POST /session/6c63433432e656fe102e41a405bf48f6/elements - {"using":"xpath","value":"//*[@id=\"__button396\"]"}
RESULT: {"using":"xpath","value":"//*[@id=\"__button396\"]"}
COMMAND: POST /session/6c63433432e656fe102e41a405bf48f6/elements - {"using":"xpath","value":"//*[@id=\"__button396\"]"}
RESULT: {"using":"xpath","value":"//*[@id=\"__button396\"]"}
COMMAND: POST /session/6c63433432e656fe102e41a405bf48f6/elements - {"using":"xpath","value":"//*[@id=\"__button396\"]"}
RESULT: {"using":"xpath","value":"//*[@id=\"__button396\"]"}
COMMAND: POST /session/6c63433432e656fe102e41a405bf48f6/elements - {"using":"xpath","value":"//*[@id=\"__button396\"]"}
RESULT: {"using":"xpath","value":"//*[@id=\"__button396\"]"}
COMMAND: POST /session/6c63433432e656fe102e41a405bf48f6/elements - {"using":"xpath","value":"//*[@id=\"__button396\"]"}
RESULT: {"using":"xpath","value":"//*[@id=\"__button396\"]"}
COMMAND: POST /session/6c63433432e656fe102e41a405bf48f6/elements - {"using":"xpath","value":"//*[@id=\"__button396\"]"}
RESULT: {"using":"xpath","value":"//*[@id=\"__button396\"]"}
COMMAND: POST /session/6c63433432e656fe102e41a405bf48f6/elements - {"using":"xpath","value":"//*[@id=\"__button396\"]"}
RESULT: {"using":"xpath","value":"//*[@id=\"__button396\"]"}
COMMAND: POST /session/6c63433432e656fe102e41a405bf48f6/elements - {"using":"xpath","value":"//*[@id=\"__button396\"]"}
RESULT: {"using":"xpath","value":"//*[@id=\"__button396\"]"}
COMMAND: POST /session/6c63433432e656fe102e41a405bf48f6/elements - {"using":"xpath","value":"//*[@id=\"__button396\"]"}
RESULT: {"using":"xpath","value":"//*[@id=\"__button396\"]"}
COMMAND: POST /session/6c63433432e656fe102e41a405bf48f6/elements - {"using":"xpath","value":"//*[@id=\"__button396\"]"}
RESULT: {"using":"xpath","value":"//*[@id=\"__button396\"]"}
COMMAND: POST /session/6c63433432e656fe102e41a405bf48f6/elements - {"using":"xpath","value":"//*[@id=\"__button396\"]"}
RESULT: {"using":"xpath","value":"//*[@id=\"__button396\"]"}
COMMAND: POST /session/6c63433432e656fe102e41a405bf48f6/elements - {"using":"xpath","value":"//*[@id=\"__button396\"]"}
RESULT: {"using":"xpath","value":"//*[@id=\"__button396\"]"}
COMMAND: POST /session/6c63433432e656fe102e41a405bf48f6/elements - {"using":"xpath","value":"//*[@id=\"__button396\"]"}
RESULT: {"using":"xpath","value":"//*[@id=\"__button396\"]"}
COMMAND: POST /session/6c63433432e656fe102e41a405bf48f6/elements - {"using":"xpath","value":"//*[@id=\"__button396\"]"}
RESULT: {"using":"xpath","value":"//*[@id=\"__button396\"]"}
COMMAND: POST /session/6c63433432e656fe102e41a405bf48f6/elements - {"using":"xpath","value":"//*[@id=\"__button396\"]"}
RESULT: {"using":"xpath","value":"//*[@id=\"__button396\"]"}
COMMAND: POST /session/6c63433432e656fe102e41a405bf48f6/elements - {"using":"xpath","value":"//*[@id=\"__button396\"]"}
RESULT: {"using":"xpath","value":"//*[@id=\"__button396\"]"}
COMMAND: POST /session/6c63433432e656fe102e41a405bf48f6/elements - {"using":"xpath","value":"//*[@id=\"__button396\"]"}
RESULT: {"using":"xpath","value":"//*[@id=\"__button396\"]"}
COMMAND: POST /session/6c63433432e656fe102e41a405bf48f6/elements - {"using":"xpath","value":"//*[@id=\"__button396\"]"}
RESULT: {"using":"xpath","value":"//*[@id=\"__button396\"]"}
COMMAND: POST /session/6c63433432e656fe102e41a405bf48f6/elements - {"using":"xpath","value":"//*[@id=\"__button396\"]"}
RESULT: {"using":"xpath","value":"//*[@id=\"__button396\"]"}
COMMAND: POST /session/6c63433432e656fe102e41a405bf48f6/elements - {"using":"xpath","value":"//*[@id=\"__button396\"]"}
RESULT: {"using":"xpath","value":"//*[@id=\"__button396\"]"}
COMMAND: POST /session/6c63433432e656fe102e41a405bf48f6/elements - {"using":"xpath","value":"//*[@id=\"__button396\"]"}
RESULT: {"using":"xpath","value":"//*[@id=\"__button396\"]"}
COMMAND: POST /session/6c63433432e656fe102e41a405bf48f6/elements - {"using":"xpath","value":"//*[@id=\"__button396\"]"}
RESULT: {"using":"xpath","value":"//*[@id=\"__button396\"]"}
COMMAND: POST /session/6c63433432e656fe102e41a405bf48f6/elements - {"using":"xpath","value":"//*[@id=\"__button396\"]"}
RESULT: {"using":"xpath","value":"//*[@id=\"__button396\"]"}
COMMAND: POST /session/6c63433432e656fe102e41a405bf48f6/elements - {"using":"xpath","value":"//*[@id=\"__button396\"]"}
RESULT: {"using":"xpath","value":"//*[@id=\"__button396\"]"}
COMMAND: POST /session/6c63433432e656fe102e41a405bf48f6/elements - {"using":"xpath","value":"//*[@id=\"__button396\"]"}
RESULT: {"using":"xpath","value":"//*[@id=\"__button396\"]"}
COMMAND: POST /session/6c63433432e656fe102e41a405bf48f6/elements - {"using":"xpath","value":"//*[@id=\"__button396\"]"}
RESULT: {"using":"xpath","value":"//*[@id=\"__button396\"]"}
COMMAND: POST /session/6c63433432e656fe102e41a405bf48f6/elements - {"using":"xpath","value":"//*[@id=\"__button396\"]"}
RESULT: {"using":"xpath","value":"//*[@id=\"__button396\"]"}
COMMAND: POST /session/6c63433432e656fe102e41a405bf48f6/elements - {"using":"xpath","value":"//*[@id=\"__button396\"]"}
RESULT: {"using":"xpath","value":"//*[@id=\"__button396\"]"}
COMMAND: POST /session/6c63433432e656fe102e41a405bf48f6/elements - {"using":"xpath","value":"//*[@id=\"__button396\"]"}
RESULT: {"using":"xpath","value":"//*[@id=\"__button396\"]"}
COMMAND: POST /session/6c63433432e656fe102e41a405bf48f6/elements - {"using":"xpath","value":"//*[@id=\"__button396\"]"}
RESULT: {"using":"xpath","value":"//*[@id=\"__button396\"]"}
COMMAND: POST /session/6c63433432e656fe102e41a405bf48f6/elements - {"using":"xpath","value":"//*[@id=\"__button396\"]"}
RESULT: {"using":"xpath","value":"//*[@id=\"__button396\"]"}
COMMAND: POST /session/6c63433432e656fe102e41a405bf48f6/elements - {"using":"xpath","value":"//*[@id=\"__button396\"]"}
RESULT: {"using":"xpath","value":"//*[@id=\"__button396\"]"}
COMMAND: POST /session/6c63433432e656fe102e41a405bf48f6/elements - {"using":"xpath","value":"//*[@id=\"__button396\"]"}
RESULT: {"using":"xpath","value":"//*[@id=\"__button396\"]"}
COMMAND: POST /session/6c63433432e656fe102e41a405bf48f6/elements - {"using":"xpath","value":"//*[@id=\"__button396\"]"}
RESULT: {"using":"xpath","value":"//*[@id=\"__button396\"]"}
COMMAND: POST /session/6c63433432e656fe102e41a405bf48f6/elements - {"using":"xpath","value":"//*[@id=\"__button396\"]"}
RESULT: {"using":"xpath","value":"//*[@id=\"__button396\"]"}
COMMAND: POST /session/6c63433432e656fe102e41a405bf48f6/elements - {"using":"xpath","value":"//*[@id=\"__button396\"]"}
RESULT: {"using":"xpath","value":"//*[@id=\"__button396\"]"}
COMMAND: POST /session/6c63433432e656fe102e41a405bf48f6/elements - {"using":"xpath","value":"//*[@id=\"__button396\"]"}
RESULT: {"using":"xpath","value":"//*[@id=\"__button396\"]"}
COMMAND: POST /session/6c63433432e656fe102e41a405bf48f6/elements - {"using":"xpath","value":"//*[@id=\"__button396\"]"}
RESULT: {"using":"xpath","value":"//*[@id=\"__button396\"]"}
COMMAND: POST /session/6c63433432e656fe102e41a405bf48f6/elements - {"using":"xpath","value":"//*[@id=\"__button396\"]"}
RESULT: {"using":"xpath","value":"//*[@id=\"__button396\"]"}
COMMAND: POST /session/6c63433432e656fe102e41a405bf48f6/elements - {"using":"xpath","value":"//*[@id=\"__button396\"]"}
RESULT: {"using":"xpath","value":"//*[@id=\"__button396\"]"}
COMMAND: POST /session/6c63433432e656fe102e41a405bf48f6/elements - {"using":"xpath","value":"//*[@id=\"__button396\"]"}
RESULT: {"using":"xpath","value":"//*[@id=\"__button396\"]"}
COMMAND: POST /session/6c63433432e656fe102e41a405bf48f6/elements - {"using":"xpath","value":"//*[@id=\"__button396\"]"}
RESULT: {"using":"xpath","value":"//*[@id=\"__button396\"]"}
COMMAND: POST /session/6c63433432e656fe102e41a405bf48f6/elements - {"using":"xpath","value":"//*[@id=\"__button396\"]"}
RESULT: {"using":"xpath","value":"//*[@id=\"__button396\"]"}
COMMAND: POST /session/6c63433432e656fe102e41a405bf48f6/elements - {"using":"xpath","value":"//*[@id=\"__button396\"]"}
RESULT: {"using":"xpath","value":"//*[@id=\"__button396\"]"}
COMMAND: POST /session/6c63433432e656fe102e41a405bf48f6/elements - {"using":"xpath","value":"//*[@id=\"__button396\"]"}
RESULT: {"using":"xpath","value":"//*[@id=\"__button396\"]"}
COMMAND: POST /session/6c63433432e656fe102e41a405bf48f6/elements - {"using":"xpath","value":"//*[@id=\"__button396\"]"}
RESULT: {"using":"xpath","value":"//*[@id=\"__button396\"]"}
COMMAND: POST /session/6c63433432e656fe102e41a405bf48f6/elements - {"using":"xpath","value":"//*[@id=\"__button396\"]"}
RESULT: {"using":"xpath","value":"//*[@id=\"__button396\"]"}
COMMAND: POST /session/6c63433432e656fe102e41a405bf48f6/elements - {"using":"xpath","value":"//*[@id=\"__button396\"]"}
RESULT: {"using":"xpath","value":"//*[@id=\"__button396\"]"}
COMMAND: POST /session/6c63433432e656fe102e41a405bf48f6/elements - {"using":"xpath","value":"//*[@id=\"__button396\"]"}
RESULT: {"using":"xpath","value":"//*[@id=\"__button396\"]"}
COMMAND: POST /session/6c63433432e656fe102e41a405bf48f6/elements - {"using":"xpath","value":"//*[@id=\"__button396\"]"}
RESULT: {"using":"xpath","value":"//*[@id=\"__button396\"]"}
COMMAND: POST /session/6c63433432e656fe102e41a405bf48f6/elements - {"using":"xpath","value":"//*[@id=\"__button396\"]"}
RESULT: {"using":"xpath","value":"//*[@id=\"__button396\"]"}
COMMAND: POST /session/6c63433432e656fe102e41a405bf48f6/elements - {"using":"xpath","value":"//*[@id=\"__button396\"]"}
RESULT: {"using":"xpath","value":"//*[@id=\"__button396\"]"}
COMMAND: POST /session/6c63433432e656fe102e41a405bf48f6/elements - {"using":"xpath","value":"//*[@id=\"__button396\"]"}
RESULT: {"using":"xpath","value":"//*[@id=\"__button396\"]"}
COMMAND: POST /session/6c63433432e656fe102e41a405bf48f6/elements - {"using":"xpath","value":"//*[@id=\"__button396\"]"}
RESULT: {"using":"xpath","value":"//*[@id=\"__button396\"]"}
COMMAND: POST /session/6c63433432e656fe102e41a405bf48f6/elements - {"using":"xpath","value":"//*[@id=\"__button396\"]"}
RESULT: {"using":"xpath","value":"//*[@id=\"__button396\"]"}
COMMAND: POST /session/6c63433432e656fe102e41a405bf48f6/elements - {"using":"xpath","value":"//*[@id=\"__button396\"]"}
RESULT: {"using":"xpath","value":"//*[@id=\"__button396\"]"}
COMMAND: POST /session/6c63433432e656fe102e41a405bf48f6/elements - {"using":"xpath","value":"//*[@id=\"__button396\"]"}
RESULT: {"using":"xpath","value":"//*[@id=\"__button396\"]"}
COMMAND: POST /session/6c63433432e656fe102e41a405bf48f6/elements - {"using":"xpath","value":"//*[@id=\"__button396\"]"}
RESULT: {"using":"xpath","value":"//*[@id=\"__button396\"]"}
COMMAND: POST /session/6c63433432e656fe102e41a405bf48f6/elements - {"using":"xpath","value":"//*[@id=\"__button396\"]"}
COMMAND: POST /session/6c63433432e656fe102e41a405bf48f6/element - {"using":"css selector","value":"#shell-header-logo"}
RESULT: {"using":"xpath","value":"//*[@id=\"__button396\"]"}
RESULT: {"using":"css selector","value":"#shell-header-logo"}
COMMAND: POST /session/6c63433432e656fe102e41a405bf48f6/execute/sync - {"script":"<script> [8489 bytes]","args":[{"element-6066-11e4-a52e-4f735466cecf":"f.D105F16D3864A3F2742A47C77377899E.d.8A4450B9EF6B3A93A58DC96BB48B738B.e.15503","ELEMENT":"f.D105F16D3864A3F2742A47C77377899E.d.8A4450B9EF6B3A93A58DC96BB48B738B.e.15503"}]}
RESULT: {"script":"<script> [8489 bytes]","args":[{"element-6066-11e4-a52e-4f735466cecf":"f.D105F16D3864A3F2742A47C77377899E.d.8A4450B9EF6B3A93A58DC96BB48B738B.e.15503","ELEMENT":"f.D105F16D3864A3F2742A47C77377899E.d.8A4450B9EF6B3A93A58DC96BB48B738B.e.15503"}]}
COMMAND: POST /session/6c63433432e656fe102e41a405bf48f6/execute/sync - {"script":"<script> [5351 bytes]","args":[{"element-6066-11e4-a52e-4f735466cecf":"f.D105F16D3864A3F2742A47C77377899E.d.8A4450B9EF6B3A93A58DC96BB48B738B.e.15503","ELEMENT":"f.D105F16D3864A3F2742A47C77377899E.d.8A4450B9EF6B3A93A58DC96BB48B738B.e.15503"}]}
COMMAND: GET /session/6c63433432e656fe102e41a405bf48f6/screenshot - {}
RESULT: {"script":"<script> [5351 bytes]","args":[{"element-6066-11e4-a52e-4f735466cecf":"f.D105F16D3864A3F2742A47C77377899E.d.8A4450B9EF6B3A93A58DC96BB48B738B.e.15503","ELEMENT":"f.D105F16D3864A3F2742A47C77377899E.d.8A4450B9EF6B3A93A58DC96BB48B738B.e.15503"}]}
COMMAND: POST /session/6c63433432e656fe102e41a405bf48f6/element/f.D105F16D3864A3F2742A47C77377899E.d.8A4450B9EF6B3A93A58DC96BB48B738B.e.15503/click - {}
COMMAND: GET /session/6c63433432e656fe102e41a405bf48f6/screenshot - {}
RESULT: {}
RESULT: {}
]]></system-out>
    </testcase>
    <testcase classname="chrome.135_0_7049_96.windows.Performance_based_billing_(work_days)_US139742" name="Should go to Manage Billings and trigger calculation check the conditions applied" time="55.298">
      <system-out><![CDATA[
COMMAND: POST /session/6c63433432e656fe102e41a405bf48f6/execute/async - {"script":"<script> [1562 bytes]","args":[{"selector":{"controlType":"sap.m.GenericTile","properties":{"header":"Manage Billings"}},"wdio_ui5_key":"sapm.GenericTile{\"header\":\"Manage Billings\"}"}]}
COMMAND: GET /session/6c63433432e656fe102e41a405bf48f6/screenshot - {}
RESULT: {}
RESULT: {"script":"<script> [1562 bytes]","args":[{"selector":{"controlType":"sap.m.GenericTile","properties":{"header":"Manage Billings"}},"wdio_ui5_key":"sapm.GenericTile{\"header\":\"Manage Billings\"}"}]}
RESULT: undefined
COMMAND: POST /session/6c63433432e656fe102e41a405bf48f6/element - {"using":"xpath","value":"//*[@id=\"__tile51\"]"}
RESULT: {}
RESULT: {"using":"xpath","value":"//*[@id=\"__tile51\"]"}
COMMAND: POST /session/6c63433432e656fe102e41a405bf48f6/element/f.D105F16D3864A3F2742A47C77377899E.d.8A4450B9EF6B3A93A58DC96BB48B738B.e.11536/click - {}
RESULT: {}
COMMAND: GET /session/6c63433432e656fe102e41a405bf48f6/screenshot - {}
COMMAND: POST /session/6c63433432e656fe102e41a405bf48f6/execute/async - {"script":"<script> [1562 bytes]","args":[{"selector":{"id":"application-managebillings-display-component---billRunCalcResult--smartFilterBar-btnBasicSearch","interaction":{"idSuffix":"I"}},"wdio_ui5_key":"applicationmanagebillings-display-component---billRunCalcResult--smartFilterBar-btnBasicSearch"}]}
RESULT: {}
RESULT: {"script":"<script> [1562 bytes]","args":[{"selector":{"id":"application-managebillings-display-component---billRunCalcResult--smartFilterBar-btnBasicSearch","interaction":{"idSuffix":"I"}},"wdio_ui5_key":"applicationmanagebillings-display-component---billRunCalcResult--smartFilterBar-btnBasicSearch"}]}
RESULT: undefined
COMMAND: POST /session/6c63433432e656fe102e41a405bf48f6/execute/async - {"script":"<script> [776 bytes]","args":[{"enterText":"10505","selector":{"id":"application-managebillings-display-component---billRunCalcResult--smartFilterBar-btnBasicSearch","interaction":{"idSuffix":"I"}},"clearTextFirst":true,"interactionType":"ENTER_TEXT"}]}
RESULT: {"script":"<script> [776 bytes]","args":[{"enterText":"10505","selector":{"id":"application-managebillings-display-component---billRunCalcResult--smartFilterBar-btnBasicSearch","interaction":{"idSuffix":"I"}},"clearTextFirst":true,"interactionType":"ENTER_TEXT"}]}
COMMAND: POST /session/6c63433432e656fe102e41a405bf48f6/actions - {"actions":[{"id":"action54","type":"key","parameters":{},"actions":[{"type":"keyDown","value":"î€‡"},{"type":"pause","duration":10},{"type":"keyUp","value":"î€‡"}]}]}
RESULT: {"actions":[{"id":"action54","type":"key","parameters":{},"actions":[{"type":"keyDown","value":"î€‡"},{"type":"pause","duration":10},{"type":"keyUp","value":"î€‡"}]}]}
COMMAND: GET /session/6c63433432e656fe102e41a405bf48f6/screenshot - {}
RESULT: {}
COMMAND: POST /session/6c63433432e656fe102e41a405bf48f6/element - {"using":"xpath","value":"//td[@aria-colindex=\"1\"]/div/div[contains(@class, \"sapMCbBg\")]"}
RESULT: {"using":"xpath","value":"//td[@aria-colindex=\"1\"]/div/div[contains(@class, \"sapMCbBg\")]"}
COMMAND: POST /session/6c63433432e656fe102e41a405bf48f6/element/f.D105F16D3864A3F2742A47C77377899E.d.8A4450B9EF6B3A93A58DC96BB48B738B.e.15895/click - {}
RESULT: {}
COMMAND: GET /session/6c63433432e656fe102e41a405bf48f6/screenshot - {}
RESULT: {}
COMMAND: POST /session/6c63433432e656fe102e41a405bf48f6/execute/async - {"script":"<script> [1562 bytes]","args":[{"selector":{"id":"application-managebillings-display-component---billRunCalcResult--contractBillRunDate","interaction":{"idSuffix":"inner"}},"wdio_ui5_key":"applicationmanagebillings-display-component---billRunCalcResult--contractBillRunDate"}]}
RESULT: {"script":"<script> [1562 bytes]","args":[{"selector":{"id":"application-managebillings-display-component---billRunCalcResult--contractBillRunDate","interaction":{"idSuffix":"inner"}},"wdio_ui5_key":"applicationmanagebillings-display-component---billRunCalcResult--contractBillRunDate"}]}
RESULT: undefined
COMMAND: POST /session/6c63433432e656fe102e41a405bf48f6/execute/async - {"script":"<script> [776 bytes]","args":[{"enterText":"06/04/25","selector":{"id":"application-managebillings-display-component---billRunCalcResult--contractBillRunDate","interaction":{"idSuffix":"inner"}},"clearTextFirst":true,"interactionType":"ENTER_TEXT"}]}
RESULT: {"script":"<script> [776 bytes]","args":[{"enterText":"06/04/25","selector":{"id":"application-managebillings-display-component---billRunCalcResult--contractBillRunDate","interaction":{"idSuffix":"inner"}},"clearTextFirst":true,"interactionType":"ENTER_TEXT"}]}
COMMAND: POST /session/6c63433432e656fe102e41a405bf48f6/element - {"using":"xpath","value":"//bdi[contains(text(), \"Trigger Calculation\")]"}
RESULT: {"using":"xpath","value":"//bdi[contains(text(), \"Trigger Calculation\")]"}
COMMAND: POST /session/6c63433432e656fe102e41a405bf48f6/element/f.D105F16D3864A3F2742A47C77377899E.d.8A4450B9EF6B3A93A58DC96BB48B738B.e.15944/click - {}
RESULT: {}
COMMAND: GET /session/6c63433432e656fe102e41a405bf48f6/screenshot - {}
RESULT: {}
COMMAND: POST /session/6c63433432e656fe102e41a405bf48f6/element - {"using":"xpath","value":"(//span[contains(@id, \"imgNav\")])[1]"}
RESULT: {"using":"xpath","value":"(//span[contains(@id, \"imgNav\")])[1]"}
COMMAND: POST /session/6c63433432e656fe102e41a405bf48f6/element/f.D105F16D3864A3F2742A47C77377899E.d.8A4450B9EF6B3A93A58DC96BB48B738B.e.15896/click - {}
RESULT: {}
COMMAND: GET /session/6c63433432e656fe102e41a405bf48f6/screenshot - {}
RESULT: {}
COMMAND: POST /session/6c63433432e656fe102e41a405bf48f6/element - {"using":"xpath","value":"//tr/td[6]/div[1]/span[1]/span[1]"}
RESULT: {"using":"xpath","value":"//tr/td[6]/div[1]/span[1]/span[1]"}
COMMAND: GET /session/6c63433432e656fe102e41a405bf48f6/element/f.D105F16D3864A3F2742A47C77377899E.d.8A4450B9EF6B3A93A58DC96BB48B738B.e.15948/text - {}
RESULT: {}
COMMAND: POST /session/6c63433432e656fe102e41a405bf48f6/element - {"using":"xpath","value":"(//span[contains(@id, \"imgNav\")])[2]"}
RESULT: {"using":"xpath","value":"(//span[contains(@id, \"imgNav\")])[2]"}
COMMAND: POST /session/6c63433432e656fe102e41a405bf48f6/element/f.D105F16D3864A3F2742A47C77377899E.d.8A4450B9EF6B3A93A58DC96BB48B738B.e.15949/click - {}
RESULT: {}
COMMAND: POST /session/6c63433432e656fe102e41a405bf48f6/element - {"using":"xpath","value":"//bdi[contains(text(), \"Business Confirm\")]"}
COMMAND: GET /session/6c63433432e656fe102e41a405bf48f6/screenshot - {}
RESULT: {"using":"xpath","value":"//bdi[contains(text(), \"Business Confirm\")]"}
COMMAND: POST /session/6c63433432e656fe102e41a405bf48f6/elements - {"using":"xpath","value":"//bdi[contains(text(), \"Business Confirm\")]"}
RESULT: {}
RESULT: {"using":"xpath","value":"//bdi[contains(text(), \"Business Confirm\")]"}
COMMAND: POST /session/6c63433432e656fe102e41a405bf48f6/elements - {"using":"xpath","value":"//bdi[contains(text(), \"Business Confirm\")]"}
RESULT: {"using":"xpath","value":"//bdi[contains(text(), \"Business Confirm\")]"}
COMMAND: POST /session/6c63433432e656fe102e41a405bf48f6/element - {"using":"xpath","value":"//bdi[contains(text(), \"Business Confirm\")]"}
RESULT: {"using":"xpath","value":"//bdi[contains(text(), \"Business Confirm\")]"}
COMMAND: POST /session/6c63433432e656fe102e41a405bf48f6/element/f.D105F16D3864A3F2742A47C77377899E.d.8A4450B9EF6B3A93A58DC96BB48B738B.e.15994/click - {}
RESULT: {}
COMMAND: POST /session/6c63433432e656fe102e41a405bf48f6/element - {"using":"css selector","value":"#shell-header-logo"}
COMMAND: GET /session/6c63433432e656fe102e41a405bf48f6/screenshot - {}
RESULT: {"using":"css selector","value":"#shell-header-logo"}
COMMAND: POST /session/6c63433432e656fe102e41a405bf48f6/element/f.D105F16D3864A3F2742A47C77377899E.d.8A4450B9EF6B3A93A58DC96BB48B738B.e.15689/click - {}
RESULT: {}
RESULT: {}
COMMAND: GET /session/6c63433432e656fe102e41a405bf48f6/screenshot - {}
RESULT: {}
COMMAND: POST /session/6c63433432e656fe102e41a405bf48f6/element - {"using":"css selector","value":"#j_username"}
COMMAND: POST /session/6c63433432e656fe102e41a405bf48f6/url - {"url":"https://qa-testing-00-live-etm-ui.cfapps.eu10-004.hana.ondemand.com/"}
RESULT: {"using":"css selector","value":"#j_username"}
COMMAND: POST /session/6c63433432e656fe102e41a405bf48f6/element - {"using":"css selector","value":"#j_username"}
RESULT: {"url":"https://qa-testing-00-live-etm-ui.cfapps.eu10-004.hana.ondemand.com/"}
RESULT: undefined
COMMAND: GET /session/6c63433432e656fe102e41a405bf48f6/screenshot - {}
RESULT: {"using":"css selector","value":"#j_username"}
COMMAND: POST /session/6c63433432e656fe102e41a405bf48f6/element - {"using":"css selector","value":"#shell-header-logo"}
RESULT: {}
RESULT: {"using":"css selector","value":"#shell-header-logo"}
COMMAND: POST /session/6c63433432e656fe102e41a405bf48f6/execute/sync - {"script":"<script> [8489 bytes]","args":[{"element-6066-11e4-a52e-4f735466cecf":"f.D105F16D3864A3F2742A47C77377899E.d.CAAEE80A0DE1F72DE0496358C0006076.e.16031","ELEMENT":"f.D105F16D3864A3F2742A47C77377899E.d.CAAEE80A0DE1F72DE0496358C0006076.e.16031"}]}
RESULT: {"script":"<script> [8489 bytes]","args":[{"element-6066-11e4-a52e-4f735466cecf":"f.D105F16D3864A3F2742A47C77377899E.d.CAAEE80A0DE1F72DE0496358C0006076.e.16031","ELEMENT":"f.D105F16D3864A3F2742A47C77377899E.d.CAAEE80A0DE1F72DE0496358C0006076.e.16031"}]}
COMMAND: POST /session/6c63433432e656fe102e41a405bf48f6/element - {"using":"css selector","value":"#shell-header-logo"}
COMMAND: GET /session/6c63433432e656fe102e41a405bf48f6/screenshot - {}
RESULT: {"using":"css selector","value":"#shell-header-logo"}
COMMAND: POST /session/6c63433432e656fe102e41a405bf48f6/execute/sync - {"script":"<script> [8489 bytes]","args":[{"element-6066-11e4-a52e-4f735466cecf":"f.D105F16D3864A3F2742A47C77377899E.d.CAAEE80A0DE1F72DE0496358C0006076.e.16031","ELEMENT":"f.D105F16D3864A3F2742A47C77377899E.d.CAAEE80A0DE1F72DE0496358C0006076.e.16031"}]}
RESULT: {}
RESULT: {"script":"<script> [8489 bytes]","args":[{"element-6066-11e4-a52e-4f735466cecf":"f.D105F16D3864A3F2742A47C77377899E.d.CAAEE80A0DE1F72DE0496358C0006076.e.16031","ELEMENT":"f.D105F16D3864A3F2742A47C77377899E.d.CAAEE80A0DE1F72DE0496358C0006076.e.16031"}]}
COMMAND: POST /session/6c63433432e656fe102e41a405bf48f6/execute/sync - {"script":"<script> [5351 bytes]","args":[{"element-6066-11e4-a52e-4f735466cecf":"f.D105F16D3864A3F2742A47C77377899E.d.CAAEE80A0DE1F72DE0496358C0006076.e.16031","ELEMENT":"f.D105F16D3864A3F2742A47C77377899E.d.CAAEE80A0DE1F72DE0496358C0006076.e.16031"}]}
COMMAND: GET /session/6c63433432e656fe102e41a405bf48f6/screenshot - {}
RESULT: {"script":"<script> [5351 bytes]","args":[{"element-6066-11e4-a52e-4f735466cecf":"f.D105F16D3864A3F2742A47C77377899E.d.CAAEE80A0DE1F72DE0496358C0006076.e.16031","ELEMENT":"f.D105F16D3864A3F2742A47C77377899E.d.CAAEE80A0DE1F72DE0496358C0006076.e.16031"}]}
COMMAND: POST /session/6c63433432e656fe102e41a405bf48f6/element - {"using":"css selector","value":"#shell-header-logo"}
COMMAND: GET /session/6c63433432e656fe102e41a405bf48f6/screenshot - {}
RESULT: {}
RESULT: {"using":"css selector","value":"#shell-header-logo"}
COMMAND: POST /session/6c63433432e656fe102e41a405bf48f6/element/f.D105F16D3864A3F2742A47C77377899E.d.CAAEE80A0DE1F72DE0496358C0006076.e.16031/click - {}
RESULT: {}
RESULT: {}
COMMAND: GET /session/6c63433432e656fe102e41a405bf48f6/screenshot - {}
RESULT: {}
COMMAND: POST /session/6c63433432e656fe102e41a405bf48f6/execute/async - {"script":"<script> [189 bytes]","args":[]}
RESULT: {"script":"<script> [189 bytes]","args":[]}
COMMAND: POST /session/6c63433432e656fe102e41a405bf48f6/execute/async - {"script":"<script> [123 bytes]","args":[]}
RESULT: {"script":"<script> [123 bytes]","args":[]}
COMMAND: POST /session/6c63433432e656fe102e41a405bf48f6/timeouts - {"script":"<number>"}
RESULT: {"script":"<number>"}
COMMAND: GET /session/6c63433432e656fe102e41a405bf48f6/timeouts - {}
RESULT: {}
RESULT: undefined
COMMAND: POST /session/6c63433432e656fe102e41a405bf48f6/execute/async - {"script":"<script> [2676 bytes]","args":[]}
RESULT: {"script":"<script> [2676 bytes]","args":[]}
COMMAND: POST /session/6c63433432e656fe102e41a405bf48f6/execute/async - {"script":"<script> [2342 bytes]","args":[{"protocol":"http","hostname":"0.0.0.0","path":"/","capabilities":{"browserName":"chrome","goog:chromeOptions":{"binary":"C:\\Program Files\\Google\\Chrome\\Application\\chrome.exe","args":["--start-maximized"]}},"logLevel":"warn","connectionRetryTimeout":120000,"connectionRetryCount":3,"logLevels":{},"enableDirectConnect":true,"strictSSL":true,"_":"65 more keys: [\"cacheDir\",\"port\",\"requestedCapabilities\",\"automationProtocol\",\"baseUrl\",\"waitforInterval\",\"waitforTimeout\",\"onReload\",\"beforeCommand\",\"afterCommand\",\"rootDir\",\"specs\",\"suites\",\"exclude\",\"groupLogsByTestSpec\",\"excludeDriverLogs\",\"bail\",\"framework\",\"reporters\",\"services\",\"maxInstances\",\"maxInstancesPerCapability\",\"injectGlobals\",\"filesToWatch\",\"execArgv\",\"runnerEnv\",\"runner\",\"shard\",\"specFileRetries\",\"specFileRetriesDelay\",\"specFileRetriesDeferred\",\"reporterSyncInterval\",\"reporterSyncTimeout\",\"cucumberFeaturesWithLineNumbers\",\"autoCompileOpts\",\"mochaOpts\",\"jasmineOpts\",\"cucumberOpts\",\"onPrepare\",\"onWorkerStart\",\"onWorkerEnd\",\"before\",\"beforeSession\",\"beforeSuite\",\"beforeHook\",\"beforeTest\",\"afterTest\",\"afterHook\",\"afterSuite\",\"afterSession\",\"after\",\"onComplete\",\"beforeAssertion\",\"afterAssertion\",\"beforeFeature\",\"beforeScenario\",\"beforeStep\",\"afterStep\",\"afterScenario\",\"afterFeature\",\"_\",\"suite\",\"$0\",\"ignoredWorkerServices\",\"wdi5\"]"}]}
RESULT: {"script":"<script> [2342 bytes]","args":[{"protocol":"http","hostname":"0.0.0.0","path":"/","capabilities":{"browserName":"chrome","goog:chromeOptions":{"binary":"C:\\Program Files\\Google\\Chrome\\Application\\chrome.exe","args":["--start-maximized"]}},"logLevel":"warn","connectionRetryTimeout":120000,"connectionRetryCount":3,"logLevels":{},"enableDirectConnect":true,"strictSSL":true,"_":"65 more keys: [\"cacheDir\",\"port\",\"requestedCapabilities\",\"automationProtocol\",\"baseUrl\",\"waitforInterval\",\"waitforTimeout\",\"onReload\",\"beforeCommand\",\"afterCommand\",\"rootDir\",\"specs\",\"suites\",\"exclude\",\"groupLogsByTestSpec\",\"excludeDriverLogs\",\"bail\",\"framework\",\"reporters\",\"services\",\"maxInstances\",\"maxInstancesPerCapability\",\"injectGlobals\",\"filesToWatch\",\"execArgv\",\"runnerEnv\",\"runner\",\"shard\",\"specFileRetries\",\"specFileRetriesDelay\",\"specFileRetriesDeferred\",\"reporterSyncInterval\",\"reporterSyncTimeout\",\"cucumberFeaturesWithLineNumbers\",\"autoCompileOpts\",\"mochaOpts\",\"jasmineOpts\",\"cucumberOpts\",\"onPrepare\",\"onWorkerStart\",\"onWorkerEnd\",\"before\",\"beforeSession\",\"beforeSuite\",\"beforeHook\",\"beforeTest\",\"afterTest\",\"afterHook\",\"afterSuite\",\"afterSession\",\"after\",\"onComplete\",\"beforeAssertion\",\"afterAssertion\",\"beforeFeature\",\"beforeScenario\",\"beforeStep\",\"afterStep\",\"afterScenario\",\"afterFeature\",\"_\",\"suite\",\"$0\",\"ignoredWorkerServices\",\"wdi5\"]"}]}
COMMAND: POST /session/6c63433432e656fe102e41a405bf48f6/execute/async - {"script":"<script> [21126 bytes]","args":[35000]}
RESULT: {"script":"<script> [21126 bytes]","args":[35000]}
COMMAND: POST /session/6c63433432e656fe102e41a405bf48f6/window/maximize - {}
RESULT: {}
COMMAND: POST /session/6c63433432e656fe102e41a405bf48f6/execute/async - {"script":"<script> [1562 bytes]","args":[{"selector":{"id":"shell-header","interaction":{"idSuffix":"icon"}},"wdio_ui5_key":"shellheader"}]}
COMMAND: GET /session/6c63433432e656fe102e41a405bf48f6/screenshot - {}
RESULT: {"script":"<script> [1562 bytes]","args":[{"selector":{"id":"shell-header","interaction":{"idSuffix":"icon"}},"wdio_ui5_key":"shellheader"}]}
RESULT: undefined
COMMAND: POST /session/6c63433432e656fe102e41a405bf48f6/refresh - {}
RESULT: {}
RESULT: {}
COMMAND: GET /session/6c63433432e656fe102e41a405bf48f6/screenshot - {}
RESULT: {}
COMMAND: POST /session/6c63433432e656fe102e41a405bf48f6/refresh - {}
RESULT: {}
COMMAND: GET /session/6c63433432e656fe102e41a405bf48f6/screenshot - {}
RESULT: {}
COMMAND: POST /session/6c63433432e656fe102e41a405bf48f6/window/fullscreen - {}
RESULT: {}
COMMAND: POST /session/6c63433432e656fe102e41a405bf48f6/execute/async - {"script":"<script> [189 bytes]","args":[]}
RESULT: {"script":"<script> [189 bytes]","args":[]}
COMMAND: POST /session/6c63433432e656fe102e41a405bf48f6/execute/async - {"script":"<script> [123 bytes]","args":[]}
RESULT: {"script":"<script> [123 bytes]","args":[]}
COMMAND: POST /session/6c63433432e656fe102e41a405bf48f6/timeouts - {"script":"<number>"}
RESULT: {"script":"<number>"}
COMMAND: GET /session/6c63433432e656fe102e41a405bf48f6/timeouts - {}
RESULT: {}
RESULT: undefined
COMMAND: POST /session/6c63433432e656fe102e41a405bf48f6/execute/async - {"script":"<script> [2676 bytes]","args":[]}
RESULT: {"script":"<script> [2676 bytes]","args":[]}
COMMAND: POST /session/6c63433432e656fe102e41a405bf48f6/execute/async - {"script":"<script> [2342 bytes]","args":[{"protocol":"http","hostname":"0.0.0.0","path":"/","capabilities":{"browserName":"chrome","goog:chromeOptions":{"binary":"C:\\Program Files\\Google\\Chrome\\Application\\chrome.exe","args":["--start-maximized"]}},"logLevel":"warn","connectionRetryTimeout":120000,"connectionRetryCount":3,"logLevels":{},"enableDirectConnect":true,"strictSSL":true,"_":"65 more keys: [\"cacheDir\",\"port\",\"requestedCapabilities\",\"automationProtocol\",\"baseUrl\",\"waitforInterval\",\"waitforTimeout\",\"onReload\",\"beforeCommand\",\"afterCommand\",\"rootDir\",\"specs\",\"suites\",\"exclude\",\"groupLogsByTestSpec\",\"excludeDriverLogs\",\"bail\",\"framework\",\"reporters\",\"services\",\"maxInstances\",\"maxInstancesPerCapability\",\"injectGlobals\",\"filesToWatch\",\"execArgv\",\"runnerEnv\",\"runner\",\"shard\",\"specFileRetries\",\"specFileRetriesDelay\",\"specFileRetriesDeferred\",\"reporterSyncInterval\",\"reporterSyncTimeout\",\"cucumberFeaturesWithLineNumbers\",\"autoCompileOpts\",\"mochaOpts\",\"jasmineOpts\",\"cucumberOpts\",\"onPrepare\",\"onWorkerStart\",\"onWorkerEnd\",\"before\",\"beforeSession\",\"beforeSuite\",\"beforeHook\",\"beforeTest\",\"afterTest\",\"afterHook\",\"afterSuite\",\"afterSession\",\"after\",\"onComplete\",\"beforeAssertion\",\"afterAssertion\",\"beforeFeature\",\"beforeScenario\",\"beforeStep\",\"afterStep\",\"afterScenario\",\"afterFeature\",\"_\",\"suite\",\"$0\",\"ignoredWorkerServices\",\"wdi5\"]"}]}
RESULT: {"script":"<script> [2342 bytes]","args":[{"protocol":"http","hostname":"0.0.0.0","path":"/","capabilities":{"browserName":"chrome","goog:chromeOptions":{"binary":"C:\\Program Files\\Google\\Chrome\\Application\\chrome.exe","args":["--start-maximized"]}},"logLevel":"warn","connectionRetryTimeout":120000,"connectionRetryCount":3,"logLevels":{},"enableDirectConnect":true,"strictSSL":true,"_":"65 more keys: [\"cacheDir\",\"port\",\"requestedCapabilities\",\"automationProtocol\",\"baseUrl\",\"waitforInterval\",\"waitforTimeout\",\"onReload\",\"beforeCommand\",\"afterCommand\",\"rootDir\",\"specs\",\"suites\",\"exclude\",\"groupLogsByTestSpec\",\"excludeDriverLogs\",\"bail\",\"framework\",\"reporters\",\"services\",\"maxInstances\",\"maxInstancesPerCapability\",\"injectGlobals\",\"filesToWatch\",\"execArgv\",\"runnerEnv\",\"runner\",\"shard\",\"specFileRetries\",\"specFileRetriesDelay\",\"specFileRetriesDeferred\",\"reporterSyncInterval\",\"reporterSyncTimeout\",\"cucumberFeaturesWithLineNumbers\",\"autoCompileOpts\",\"mochaOpts\",\"jasmineOpts\",\"cucumberOpts\",\"onPrepare\",\"onWorkerStart\",\"onWorkerEnd\",\"before\",\"beforeSession\",\"beforeSuite\",\"beforeHook\",\"beforeTest\",\"afterTest\",\"afterHook\",\"afterSuite\",\"afterSession\",\"after\",\"onComplete\",\"beforeAssertion\",\"afterAssertion\",\"beforeFeature\",\"beforeScenario\",\"beforeStep\",\"afterStep\",\"afterScenario\",\"afterFeature\",\"_\",\"suite\",\"$0\",\"ignoredWorkerServices\",\"wdi5\"]"}]}
COMMAND: POST /session/6c63433432e656fe102e41a405bf48f6/execute/async - {"script":"<script> [21126 bytes]","args":[35000]}
RESULT: {"script":"<script> [21126 bytes]","args":[35000]}
]]></system-out>
    </testcase>
  </testsuite>
  <testsuite timestamp="2025-05-04T17:51:31" time="1426.443" tests="20" failures="4" errors="4" skipped="0">
    <properties>
      <property name="specId" value="0" />
      <property name="suiteName" value="Billing Calculation - Time based (considering transport times) US139738" />
      <property name="capabilities" value="chrome.135_0_7049_96.windows" />
      <property name="file" value="file:///D:/a/1/s/test/specs/BTS/billing-calculation-transp-times.spec.js" />
    </properties>
    <testcase classname="chrome.135_0_7049_96.windows.Billing_Calculation_-_Time_based_(considering_transport_times)_US139738" name="Should create a new yard" time="0.015">
      <system-out><![CDATA[
COMMAND: POST /session/6c63433432e656fe102e41a405bf48f6/window/fullscreen - {}
RESULT: {}
]]></system-out>
    </testcase>
    <testcase classname="chrome.135_0_7049_96.windows.Billing_Calculation_-_Time_based_(considering_transport_times)_US139738" name="Should create a new partner" time="0.008" />
    <testcase classname="chrome.135_0_7049_96.windows.Billing_Calculation_-_Time_based_(considering_transport_times)_US139738" name="Should create a new site" time="146.435">
      <system-out><![CDATA[
COMMAND: POST /session/6c63433432e656fe102e41a405bf48f6/execute/async - {"script":"<script> [1562 bytes]","args":[{"selector":{"controlType":"sap.m.TileContent","bindingPath":{"path":"","propertyPath":"/properties/info"},"ancestor":{"controlType":"sap.m.GenericTile","properties":{"header":"Manage Sites"}}},"wdio_ui5_key":"sapm.TileContent{\"path\":\"\",\"propertyPath\":\"/properties/info\"}{\"controlType\":\"sap.m.GenericTile\",\"properties\":{\"header\":\"Manage Sites\"}}"}]}
RESULT: {"script":"<script> [1562 bytes]","args":[{"selector":{"controlType":"sap.m.TileContent","bindingPath":{"path":"","propertyPath":"/properties/info"},"ancestor":{"controlType":"sap.m.GenericTile","properties":{"header":"Manage Sites"}}},"wdio_ui5_key":"sapm.TileContent{\"path\":\"\",\"propertyPath\":\"/properties/info\"}{\"controlType\":\"sap.m.GenericTile\",\"properties\":{\"header\":\"Manage Sites\"}}"}]}
RESULT: undefined
COMMAND: POST /session/6c63433432e656fe102e41a405bf48f6/element - {"using":"xpath","value":"//*[@id=\"__xmlview7--numericTileContent\"]"}
RESULT: {"using":"xpath","value":"//*[@id=\"__xmlview7--numericTileContent\"]"}
COMMAND: POST /session/6c63433432e656fe102e41a405bf48f6/element/f.D105F16D3864A3F2742A47C77377899E.d.91F6883020DC78022818D9A3080BB2D3.e.16280/click - {}
RESULT: {}
COMMAND: POST /session/6c63433432e656fe102e41a405bf48f6/element - {"using":"xpath","value":"//button[@data-kt=\"addOverflowToolbarButton\"]"}
COMMAND: GET /session/6c63433432e656fe102e41a405bf48f6/screenshot - {}
RESULT: {"using":"xpath","value":"//button[@data-kt=\"addOverflowToolbarButton\"]"}
COMMAND: POST /session/6c63433432e656fe102e41a405bf48f6/elements - {"using":"xpath","value":"//button[@data-kt=\"addOverflowToolbarButton\"]"}
RESULT: {}
RESULT: {"using":"xpath","value":"//button[@data-kt=\"addOverflowToolbarButton\"]"}
COMMAND: POST /session/6c63433432e656fe102e41a405bf48f6/elements - {"using":"xpath","value":"//button[@data-kt=\"addOverflowToolbarButton\"]"}
RESULT: {"using":"xpath","value":"//button[@data-kt=\"addOverflowToolbarButton\"]"}
COMMAND: POST /session/6c63433432e656fe102e41a405bf48f6/elements - {"using":"xpath","value":"//button[@data-kt=\"addOverflowToolbarButton\"]"}
RESULT: {"using":"xpath","value":"//button[@data-kt=\"addOverflowToolbarButton\"]"}
COMMAND: POST /session/6c63433432e656fe102e41a405bf48f6/elements - {"using":"xpath","value":"//button[@data-kt=\"addOverflowToolbarButton\"]"}
RESULT: {"using":"xpath","value":"//button[@data-kt=\"addOverflowToolbarButton\"]"}
COMMAND: POST /session/6c63433432e656fe102e41a405bf48f6/elements - {"using":"xpath","value":"//button[@data-kt=\"addOverflowToolbarButton\"]"}
RESULT: {"using":"xpath","value":"//button[@data-kt=\"addOverflowToolbarButton\"]"}
COMMAND: POST /session/6c63433432e656fe102e41a405bf48f6/elements - {"using":"xpath","value":"//button[@data-kt=\"addOverflowToolbarButton\"]"}
RESULT: {"using":"xpath","value":"//button[@data-kt=\"addOverflowToolbarButton\"]"}
COMMAND: POST /session/6c63433432e656fe102e41a405bf48f6/elements - {"using":"xpath","value":"//button[@data-kt=\"addOverflowToolbarButton\"]"}
RESULT: {"using":"xpath","value":"//button[@data-kt=\"addOverflowToolbarButton\"]"}
COMMAND: POST /session/6c63433432e656fe102e41a405bf48f6/elements - {"using":"xpath","value":"//button[@data-kt=\"addOverflowToolbarButton\"]"}
RESULT: {"using":"xpath","value":"//button[@data-kt=\"addOverflowToolbarButton\"]"}
COMMAND: POST /session/6c63433432e656fe102e41a405bf48f6/elements - {"using":"xpath","value":"//button[@data-kt=\"addOverflowToolbarButton\"]"}
RESULT: {"using":"xpath","value":"//button[@data-kt=\"addOverflowToolbarButton\"]"}
COMMAND: POST /session/6c63433432e656fe102e41a405bf48f6/elements - {"using":"xpath","value":"//button[@data-kt=\"addOverflowToolbarButton\"]"}
RESULT: {"using":"xpath","value":"//button[@data-kt=\"addOverflowToolbarButton\"]"}
COMMAND: POST /session/6c63433432e656fe102e41a405bf48f6/elements - {"using":"xpath","value":"//button[@data-kt=\"addOverflowToolbarButton\"]"}
RESULT: {"using":"xpath","value":"//button[@data-kt=\"addOverflowToolbarButton\"]"}
COMMAND: POST /session/6c63433432e656fe102e41a405bf48f6/elements - {"using":"xpath","value":"//button[@data-kt=\"addOverflowToolbarButton\"]"}
RESULT: {"using":"xpath","value":"//button[@data-kt=\"addOverflowToolbarButton\"]"}
COMMAND: POST /session/6c63433432e656fe102e41a405bf48f6/elements - {"using":"xpath","value":"//button[@data-kt=\"addOverflowToolbarButton\"]"}
RESULT: {"using":"xpath","value":"//button[@data-kt=\"addOverflowToolbarButton\"]"}
COMMAND: POST /session/6c63433432e656fe102e41a405bf48f6/elements - {"using":"xpath","value":"//button[@data-kt=\"addOverflowToolbarButton\"]"}
RESULT: {"using":"xpath","value":"//button[@data-kt=\"addOverflowToolbarButton\"]"}
COMMAND: POST /session/6c63433432e656fe102e41a405bf48f6/elements - {"using":"xpath","value":"//button[@data-kt=\"addOverflowToolbarButton\"]"}
RESULT: {"using":"xpath","value":"//button[@data-kt=\"addOverflowToolbarButton\"]"}
COMMAND: POST /session/6c63433432e656fe102e41a405bf48f6/elements - {"using":"xpath","value":"//button[@data-kt=\"addOverflowToolbarButton\"]"}
RESULT: {"using":"xpath","value":"//button[@data-kt=\"addOverflowToolbarButton\"]"}
COMMAND: POST /session/6c63433432e656fe102e41a405bf48f6/elements - {"using":"xpath","value":"//button[@data-kt=\"addOverflowToolbarButton\"]"}
RESULT: {"using":"xpath","value":"//button[@data-kt=\"addOverflowToolbarButton\"]"}
COMMAND: POST /session/6c63433432e656fe102e41a405bf48f6/elements - {"using":"xpath","value":"//button[@data-kt=\"addOverflowToolbarButton\"]"}
RESULT: {"using":"xpath","value":"//button[@data-kt=\"addOverflowToolbarButton\"]"}
COMMAND: POST /session/6c63433432e656fe102e41a405bf48f6/elements - {"using":"xpath","value":"//button[@data-kt=\"addOverflowToolbarButton\"]"}
RESULT: {"using":"xpath","value":"//button[@data-kt=\"addOverflowToolbarButton\"]"}
COMMAND: POST /session/6c63433432e656fe102e41a405bf48f6/elements - {"using":"xpath","value":"//button[@data-kt=\"addOverflowToolbarButton\"]"}
RESULT: {"using":"xpath","value":"//button[@data-kt=\"addOverflowToolbarButton\"]"}
COMMAND: POST /session/6c63433432e656fe102e41a405bf48f6/elements - {"using":"xpath","value":"//button[@data-kt=\"addOverflowToolbarButton\"]"}
RESULT: {"using":"xpath","value":"//button[@data-kt=\"addOverflowToolbarButton\"]"}
COMMAND: POST /session/6c63433432e656fe102e41a405bf48f6/elements - {"using":"xpath","value":"//button[@data-kt=\"addOverflowToolbarButton\"]"}
RESULT: {"using":"xpath","value":"//button[@data-kt=\"addOverflowToolbarButton\"]"}
COMMAND: POST /session/6c63433432e656fe102e41a405bf48f6/elements - {"using":"xpath","value":"//button[@data-kt=\"addOverflowToolbarButton\"]"}
RESULT: {"using":"xpath","value":"//button[@data-kt=\"addOverflowToolbarButton\"]"}
COMMAND: POST /session/6c63433432e656fe102e41a405bf48f6/elements - {"using":"xpath","value":"//button[@data-kt=\"addOverflowToolbarButton\"]"}
RESULT: {"using":"xpath","value":"//button[@data-kt=\"addOverflowToolbarButton\"]"}
COMMAND: POST /session/6c63433432e656fe102e41a405bf48f6/elements - {"using":"xpath","value":"//button[@data-kt=\"addOverflowToolbarButton\"]"}
RESULT: {"using":"xpath","value":"//button[@data-kt=\"addOverflowToolbarButton\"]"}
COMMAND: POST /session/6c63433432e656fe102e41a405bf48f6/elements - {"using":"xpath","value":"//button[@data-kt=\"addOverflowToolbarButton\"]"}
RESULT: {"using":"xpath","value":"//button[@data-kt=\"addOverflowToolbarButton\"]"}
COMMAND: POST /session/6c63433432e656fe102e41a405bf48f6/elements - {"using":"xpath","value":"//button[@data-kt=\"addOverflowToolbarButton\"]"}
RESULT: {"using":"xpath","value":"//button[@data-kt=\"addOverflowToolbarButton\"]"}
COMMAND: POST /session/6c63433432e656fe102e41a405bf48f6/elements - {"using":"xpath","value":"//button[@data-kt=\"addOverflowToolbarButton\"]"}
RESULT: {"using":"xpath","value":"//button[@data-kt=\"addOverflowToolbarButton\"]"}
COMMAND: POST /session/6c63433432e656fe102e41a405bf48f6/elements - {"using":"xpath","value":"//button[@data-kt=\"addOverflowToolbarButton\"]"}
RESULT: {"using":"xpath","value":"//button[@data-kt=\"addOverflowToolbarButton\"]"}
COMMAND: POST /session/6c63433432e656fe102e41a405bf48f6/elements - {"using":"xpath","value":"//button[@data-kt=\"addOverflowToolbarButton\"]"}
RESULT: {"using":"xpath","value":"//button[@data-kt=\"addOverflowToolbarButton\"]"}
COMMAND: POST /session/6c63433432e656fe102e41a405bf48f6/elements - {"using":"xpath","value":"//button[@data-kt=\"addOverflowToolbarButton\"]"}
RESULT: {"using":"xpath","value":"//button[@data-kt=\"addOverflowToolbarButton\"]"}
COMMAND: POST /session/6c63433432e656fe102e41a405bf48f6/elements - {"using":"xpath","value":"//button[@data-kt=\"addOverflowToolbarButton\"]"}
RESULT: {"using":"xpath","value":"//button[@data-kt=\"addOverflowToolbarButton\"]"}
COMMAND: POST /session/6c63433432e656fe102e41a405bf48f6/elements - {"using":"xpath","value":"//button[@data-kt=\"addOverflowToolbarButton\"]"}
RESULT: {"using":"xpath","value":"//button[@data-kt=\"addOverflowToolbarButton\"]"}
COMMAND: POST /session/6c63433432e656fe102e41a405bf48f6/elements - {"using":"xpath","value":"//button[@data-kt=\"addOverflowToolbarButton\"]"}
RESULT: {"using":"xpath","value":"//button[@data-kt=\"addOverflowToolbarButton\"]"}
COMMAND: POST /session/6c63433432e656fe102e41a405bf48f6/elements - {"using":"xpath","value":"//button[@data-kt=\"addOverflowToolbarButton\"]"}
RESULT: {"using":"xpath","value":"//button[@data-kt=\"addOverflowToolbarButton\"]"}
COMMAND: POST /session/6c63433432e656fe102e41a405bf48f6/elements - {"using":"xpath","value":"//button[@data-kt=\"addOverflowToolbarButton\"]"}
RESULT: {"using":"xpath","value":"//button[@data-kt=\"addOverflowToolbarButton\"]"}
COMMAND: POST /session/6c63433432e656fe102e41a405bf48f6/elements - {"using":"xpath","value":"//button[@data-kt=\"addOverflowToolbarButton\"]"}
RESULT: {"using":"xpath","value":"//button[@data-kt=\"addOverflowToolbarButton\"]"}
COMMAND: POST /session/6c63433432e656fe102e41a405bf48f6/elements - {"using":"xpath","value":"//button[@data-kt=\"addOverflowToolbarButton\"]"}
RESULT: {"using":"xpath","value":"//button[@data-kt=\"addOverflowToolbarButton\"]"}
COMMAND: POST /session/6c63433432e656fe102e41a405bf48f6/elements - {"using":"xpath","value":"//button[@data-kt=\"addOverflowToolbarButton\"]"}
RESULT: {"using":"xpath","value":"//button[@data-kt=\"addOverflowToolbarButton\"]"}
COMMAND: POST /session/6c63433432e656fe102e41a405bf48f6/element - {"using":"xpath","value":"//button[@data-kt=\"addOverflowToolbarButton\"]"}
RESULT: {"using":"xpath","value":"//button[@data-kt=\"addOverflowToolbarButton\"]"}
COMMAND: POST /session/6c63433432e656fe102e41a405bf48f6/execute/sync - {"script":"<script> [8489 bytes]","args":[{"element-6066-11e4-a52e-4f735466cecf":"f.D105F16D3864A3F2742A47C77377899E.d.91F6883020DC78022818D9A3080BB2D3.e.16315","ELEMENT":"f.D105F16D3864A3F2742A47C77377899E.d.91F6883020DC78022818D9A3080BB2D3.e.16315"}]}
RESULT: {"script":"<script> [8489 bytes]","args":[{"element-6066-11e4-a52e-4f735466cecf":"f.D105F16D3864A3F2742A47C77377899E.d.91F6883020DC78022818D9A3080BB2D3.e.16315","ELEMENT":"f.D105F16D3864A3F2742A47C77377899E.d.91F6883020DC78022818D9A3080BB2D3.e.16315"}]}
COMMAND: GET /session/6c63433432e656fe102e41a405bf48f6/element/f.D105F16D3864A3F2742A47C77377899E.d.91F6883020DC78022818D9A3080BB2D3.e.16315/enabled - {}
COMMAND: GET /session/6c63433432e656fe102e41a405bf48f6/screenshot - {}
RESULT: {}
COMMAND: POST /session/6c63433432e656fe102e41a405bf48f6/execute/sync - {"script":"<script> [8489 bytes]","args":[{"element-6066-11e4-a52e-4f735466cecf":"f.D105F16D3864A3F2742A47C77377899E.d.91F6883020DC78022818D9A3080BB2D3.e.16315","ELEMENT":"f.D105F16D3864A3F2742A47C77377899E.d.91F6883020DC78022818D9A3080BB2D3.e.16315"}]}
COMMAND: GET /session/6c63433432e656fe102e41a405bf48f6/screenshot - {}
RESULT: {}
RESULT: {"script":"<script> [8489 bytes]","args":[{"element-6066-11e4-a52e-4f735466cecf":"f.D105F16D3864A3F2742A47C77377899E.d.91F6883020DC78022818D9A3080BB2D3.e.16315","ELEMENT":"f.D105F16D3864A3F2742A47C77377899E.d.91F6883020DC78022818D9A3080BB2D3.e.16315"}]}
COMMAND: POST /session/6c63433432e656fe102e41a405bf48f6/execute/sync - {"script":"<script> [5351 bytes]","args":[{"element-6066-11e4-a52e-4f735466cecf":"f.D105F16D3864A3F2742A47C77377899E.d.91F6883020DC78022818D9A3080BB2D3.e.16315","ELEMENT":"f.D105F16D3864A3F2742A47C77377899E.d.91F6883020DC78022818D9A3080BB2D3.e.16315"}]}
COMMAND: GET /session/6c63433432e656fe102e41a405bf48f6/screenshot - {}
RESULT: {}
RESULT: {"script":"<script> [5351 bytes]","args":[{"element-6066-11e4-a52e-4f735466cecf":"f.D105F16D3864A3F2742A47C77377899E.d.91F6883020DC78022818D9A3080BB2D3.e.16315","ELEMENT":"f.D105F16D3864A3F2742A47C77377899E.d.91F6883020DC78022818D9A3080BB2D3.e.16315"}]}
COMMAND: POST /session/6c63433432e656fe102e41a405bf48f6/element/f.D105F16D3864A3F2742A47C77377899E.d.91F6883020DC78022818D9A3080BB2D3.e.16315/click - {}
COMMAND: GET /session/6c63433432e656fe102e41a405bf48f6/screenshot - {}
RESULT: {}
RESULT: {}
COMMAND: GET /session/6c63433432e656fe102e41a405bf48f6/screenshot - {}
RESULT: {}
RESULT: {}
COMMAND: POST /session/6c63433432e656fe102e41a405bf48f6/execute/async - {"script":"<script> [1562 bytes]","args":[{"selector":{"id":"application-managesites-display-component---NewSite--addressDetailDetailsName1","interaction":{"idSuffix":"inner"}},"wdio_ui5_key":"applicationmanagesites-display-component---NewSite--addressDetailDetailsName1"}]}
RESULT: {"script":"<script> [1562 bytes]","args":[{"selector":{"id":"application-managesites-display-component---NewSite--addressDetailDetailsName1","interaction":{"idSuffix":"inner"}},"wdio_ui5_key":"applicationmanagesites-display-component---NewSite--addressDetailDetailsName1"}]}
RESULT: undefined
COMMAND: POST /session/6c63433432e656fe102e41a405bf48f6/execute/async - {"script":"<script> [776 bytes]","args":[{"enterText":"Intracompany Site wdIO","selector":{"id":"application-managesites-display-component---NewSite--addressDetailDetailsName1","interaction":{"idSuffix":"inner"}},"clearTextFirst":true,"interactionType":"ENTER_TEXT"}]}
RESULT: {"script":"<script> [776 bytes]","args":[{"enterText":"Intracompany Site wdIO","selector":{"id":"application-managesites-display-component---NewSite--addressDetailDetailsName1","interaction":{"idSuffix":"inner"}},"clearTextFirst":true,"interactionType":"ENTER_TEXT"}]}
COMMAND: POST /session/6c63433432e656fe102e41a405bf48f6/execute/async - {"script":"<script> [1562 bytes]","args":[{"selector":{"id":"application-managesites-display-component---NewSite--addressDetailDetailsLanguage-arrow"},"wdio_ui5_key":"applicationmanagesites-display-component---NewSite--addressDetailDetailsLanguage-arrow"}]}
RESULT: {"script":"<script> [1562 bytes]","args":[{"selector":{"id":"application-managesites-display-component---NewSite--addressDetailDetailsLanguage-arrow"},"wdio_ui5_key":"applicationmanagesites-display-component---NewSite--addressDetailDetailsLanguage-arrow"}]}
RESULT: undefined
COMMAND: POST /session/6c63433432e656fe102e41a405bf48f6/element - {"using":"xpath","value":"//*[@id=\"application-managesites-display-component---NewSite--addressDetailDetailsLanguage-arrow\"]"}
RESULT: {"using":"xpath","value":"//*[@id=\"application-managesites-display-component---NewSite--addressDetailDetailsLanguage-arrow\"]"}
COMMAND: POST /session/6c63433432e656fe102e41a405bf48f6/element/f.D105F16D3864A3F2742A47C77377899E.d.91F6883020DC78022818D9A3080BB2D3.e.16713/click - {}
RESULT: {}
COMMAND: POST /session/6c63433432e656fe102e41a405bf48f6/element - {"using":"xpath","value":"//span[contains(text(), \"English\")]"}
COMMAND: GET /session/6c63433432e656fe102e41a405bf48f6/screenshot - {}
RESULT: {"using":"xpath","value":"//span[contains(text(), \"English\")]"}
COMMAND: POST /session/6c63433432e656fe102e41a405bf48f6/element/f.D105F16D3864A3F2742A47C77377899E.d.91F6883020DC78022818D9A3080BB2D3.e.16714/click - {}
RESULT: {}
RESULT: {}
COMMAND: POST /session/6c63433432e656fe102e41a405bf48f6/execute/async - {"script":"<script> [1562 bytes]","args":[{"selector":{"id":"application-managesites-display-component---NewSite--addressDetailDetailsCity1","interaction":{"idSuffix":"inner"}},"wdio_ui5_key":"applicationmanagesites-display-component---NewSite--addressDetailDetailsCity1"}]}
COMMAND: GET /session/6c63433432e656fe102e41a405bf48f6/screenshot - {}
RESULT: {"script":"<script> [1562 bytes]","args":[{"selector":{"id":"application-managesites-display-component---NewSite--addressDetailDetailsCity1","interaction":{"idSuffix":"inner"}},"wdio_ui5_key":"applicationmanagesites-display-component---NewSite--addressDetailDetailsCity1"}]}
RESULT: undefined
COMMAND: POST /session/6c63433432e656fe102e41a405bf48f6/execute/async - {"script":"<script> [776 bytes]","args":[{"enterText":"Rosario","selector":{"id":"application-managesites-display-component---NewSite--addressDetailDetailsCity1","interaction":{"idSuffix":"inner"}},"clearTextFirst":true,"interactionType":"ENTER_TEXT"}]}
RESULT: {}
RESULT: {"script":"<script> [776 bytes]","args":[{"enterText":"Rosario","selector":{"id":"application-managesites-display-component---NewSite--addressDetailDetailsCity1","interaction":{"idSuffix":"inner"}},"clearTextFirst":true,"interactionType":"ENTER_TEXT"}]}
COMMAND: POST /session/6c63433432e656fe102e41a405bf48f6/execute/async - {"script":"<script> [1562 bytes]","args":[{"selector":{"id":"application-managesites-display-component---NewSite--addressDetailDetailsCountry-arrow"},"wdio_ui5_key":"applicationmanagesites-display-component---NewSite--addressDetailDetailsCountry-arrow"}]}
RESULT: {"script":"<script> [1562 bytes]","args":[{"selector":{"id":"application-managesites-display-component---NewSite--addressDetailDetailsCountry-arrow"},"wdio_ui5_key":"applicationmanagesites-display-component---NewSite--addressDetailDetailsCountry-arrow"}]}
RESULT: undefined
COMMAND: POST /session/6c63433432e656fe102e41a405bf48f6/element - {"using":"xpath","value":"//*[@id=\"application-managesites-display-component---NewSite--addressDetailDetailsCountry-arrow\"]"}
RESULT: {"using":"xpath","value":"//*[@id=\"application-managesites-display-component---NewSite--addressDetailDetailsCountry-arrow\"]"}
COMMAND: POST /session/6c63433432e656fe102e41a405bf48f6/element/f.D105F16D3864A3F2742A47C77377899E.d.91F6883020DC78022818D9A3080BB2D3.e.16716/click - {}
RESULT: {}
COMMAND: POST /session/6c63433432e656fe102e41a405bf48f6/element - {"using":"xpath","value":"//span[contains(text(), \"Argentina\")]"}
COMMAND: GET /session/6c63433432e656fe102e41a405bf48f6/screenshot - {}
RESULT: {"using":"xpath","value":"//span[contains(text(), \"Argentina\")]"}
COMMAND: POST /session/6c63433432e656fe102e41a405bf48f6/element/f.D105F16D3864A3F2742A47C77377899E.d.91F6883020DC78022818D9A3080BB2D3.e.16718/click - {}
RESULT: {}
RESULT: {}
COMMAND: GET /session/6c63433432e656fe102e41a405bf48f6/screenshot - {}
RESULT: {}
COMMAND: POST /session/6c63433432e656fe102e41a405bf48f6/execute/async - {"script":"<script> [1562 bytes]","args":[{"selector":{"id":"application-managesites-display-component---NewSite--addressEditDetailsCostObjectCstType-arrow"},"wdio_ui5_key":"applicationmanagesites-display-component---NewSite--addressEditDetailsCostObjectCstType-arrow"}]}
RESULT: {"script":"<script> [1562 bytes]","args":[{"selector":{"id":"application-managesites-display-component---NewSite--addressEditDetailsCostObjectCstType-arrow"},"wdio_ui5_key":"applicationmanagesites-display-component---NewSite--addressEditDetailsCostObjectCstType-arrow"}]}
RESULT: undefined
COMMAND: POST /session/6c63433432e656fe102e41a405bf48f6/element - {"using":"xpath","value":"//*[@id=\"application-managesites-display-component---NewSite--addressEditDetailsCostObjectCstType-arrow\"]"}
RESULT: {"using":"xpath","value":"//*[@id=\"application-managesites-display-component---NewSite--addressEditDetailsCostObjectCstType-arrow\"]"}
COMMAND: POST /session/6c63433432e656fe102e41a405bf48f6/element/f.D105F16D3864A3F2742A47C77377899E.d.91F6883020DC78022818D9A3080BB2D3.e.16719/click - {}
RESULT: {}
COMMAND: POST /session/6c63433432e656fe102e41a405bf48f6/element - {"using":"xpath","value":"//span[contains(text(), \"Cost Center\")]"}
COMMAND: GET /session/6c63433432e656fe102e41a405bf48f6/screenshot - {}
RESULT: {"using":"xpath","value":"//span[contains(text(), \"Cost Center\")]"}
COMMAND: POST /session/6c63433432e656fe102e41a405bf48f6/element/f.D105F16D3864A3F2742A47C77377899E.d.91F6883020DC78022818D9A3080BB2D3.e.16720/click - {}
RESULT: {}
RESULT: {}
COMMAND: GET /session/6c63433432e656fe102e41a405bf48f6/screenshot - {}
RESULT: {}
COMMAND: POST /session/6c63433432e656fe102e41a405bf48f6/element - {"using":"xpath","value":"//span[@id=\"application-managesites-display-component---NewSite--addressNewCostObjectCstID-vhi\"]"}
RESULT: {"using":"xpath","value":"//span[@id=\"application-managesites-display-component---NewSite--addressNewCostObjectCstID-vhi\"]"}
COMMAND: POST /session/6c63433432e656fe102e41a405bf48f6/execute/sync - {"script":"<script> [8489 bytes]","args":[{"element-6066-11e4-a52e-4f735466cecf":"f.D105F16D3864A3F2742A47C77377899E.d.91F6883020DC78022818D9A3080BB2D3.e.16725","ELEMENT":"f.D105F16D3864A3F2742A47C77377899E.d.91F6883020DC78022818D9A3080BB2D3.e.16725"}]}
RESULT: {"script":"<script> [8489 bytes]","args":[{"element-6066-11e4-a52e-4f735466cecf":"f.D105F16D3864A3F2742A47C77377899E.d.91F6883020DC78022818D9A3080BB2D3.e.16725","ELEMENT":"f.D105F16D3864A3F2742A47C77377899E.d.91F6883020DC78022818D9A3080BB2D3.e.16725"}]}
COMMAND: POST /session/6c63433432e656fe102e41a405bf48f6/execute/async - {"script":"<script> [1562 bytes]","args":[{"selector":{"id":"application-managesites-display-component---NewSite--addressNewCostObjectCstID-vhi"},"wdio_ui5_key":"applicationmanagesites-display-component---NewSite--addressNewCostObjectCstID-vhi"}]}
COMMAND: GET /session/6c63433432e656fe102e41a405bf48f6/screenshot - {}
RESULT: {"script":"<script> [1562 bytes]","args":[{"selector":{"id":"application-managesites-display-component---NewSite--addressNewCostObjectCstID-vhi"},"wdio_ui5_key":"applicationmanagesites-display-component---NewSite--addressNewCostObjectCstID-vhi"}]}
RESULT: undefined
COMMAND: POST /session/6c63433432e656fe102e41a405bf48f6/element - {"using":"xpath","value":"//*[@id=\"application-managesites-display-component---NewSite--addressNewCostObjectCstID-vhi\"]"}
RESULT: {}
RESULT: {"using":"xpath","value":"//*[@id=\"application-managesites-display-component---NewSite--addressNewCostObjectCstID-vhi\"]"}
COMMAND: POST /session/6c63433432e656fe102e41a405bf48f6/element/f.D105F16D3864A3F2742A47C77377899E.d.91F6883020DC78022818D9A3080BB2D3.e.16725/click - {}
RESULT: {}
COMMAND: GET /session/6c63433432e656fe102e41a405bf48f6/screenshot - {}
RESULT: {}
COMMAND: POST /session/6c63433432e656fe102e41a405bf48f6/execute/async - {"script":"<script> [1562 bytes]","args":[{"selector":{"controlType":"sap.m.SearchField","properties":{"placeholder":"Search"},"searchOpenDialogs":true,"interaction":{"idSuffix":"I"}},"wdio_ui5_key":"sapm.SearchField{\"placeholder\":\"Search\"}"}]}
RESULT: {"script":"<script> [1562 bytes]","args":[{"selector":{"controlType":"sap.m.SearchField","properties":{"placeholder":"Search"},"searchOpenDialogs":true,"interaction":{"idSuffix":"I"}},"wdio_ui5_key":"sapm.SearchField{\"placeholder\":\"Search\"}"}]}
RESULT: undefined
COMMAND: POST /session/6c63433432e656fe102e41a405bf48f6/execute/async - {"script":"<script> [776 bytes]","args":[{"enterText":"10001013","selector":{"controlType":"sap.m.SearchField","properties":{"placeholder":"Search"},"searchOpenDialogs":true,"interaction":{"idSuffix":"I"}},"clearTextFirst":true,"interactionType":"ENTER_TEXT"}]}
RESULT: {"script":"<script> [776 bytes]","args":[{"enterText":"10001013","selector":{"controlType":"sap.m.SearchField","properties":{"placeholder":"Search"},"searchOpenDialogs":true,"interaction":{"idSuffix":"I"}},"clearTextFirst":true,"interactionType":"ENTER_TEXT"}]}
COMMAND: POST /session/6c63433432e656fe102e41a405bf48f6/actions - {"actions":[{"id":"action55","type":"key","parameters":{},"actions":[{"type":"keyDown","value":"î€‡"},{"type":"pause","duration":10},{"type":"keyUp","value":"î€‡"}]}]}
RESULT: {"actions":[{"id":"action55","type":"key","parameters":{},"actions":[{"type":"keyDown","value":"î€‡"},{"type":"pause","duration":10},{"type":"keyUp","value":"î€‡"}]}]}
COMMAND: GET /session/6c63433432e656fe102e41a405bf48f6/screenshot - {}
RESULT: {}
COMMAND: POST /session/6c63433432e656fe102e41a405bf48f6/element - {"using":"xpath","value":"//span[contains(text(), \"General Management\")]"}
RESULT: {"using":"xpath","value":"//span[contains(text(), \"General Management\")]"}
COMMAND: POST /session/6c63433432e656fe102e41a405bf48f6/element/f.D105F16D3864A3F2742A47C77377899E.d.91F6883020DC78022818D9A3080BB2D3.e.16765/click - {}
RESULT: {}
COMMAND: GET /session/6c63433432e656fe102e41a405bf48f6/screenshot - {}
RESULT: {}
COMMAND: POST /session/6c63433432e656fe102e41a405bf48f6/element - {"using":"xpath","value":"//bdi[contains(text(), \"OK\")]"}
RESULT: {"using":"xpath","value":"//bdi[contains(text(), \"OK\")]"}
COMMAND: POST /session/6c63433432e656fe102e41a405bf48f6/element/f.D105F16D3864A3F2742A47C77377899E.d.91F6883020DC78022818D9A3080BB2D3.e.16766/click - {}
RESULT: {}
COMMAND: GET /session/6c63433432e656fe102e41a405bf48f6/screenshot - {}
RESULT: {}
COMMAND: POST /session/6c63433432e656fe102e41a405bf48f6/element - {"using":"xpath","value":"//input[@id=\"application-managesites-display-component---NewSite--addressDetailDetailsCalendar-inner\"]"}
RESULT: {"using":"xpath","value":"//input[@id=\"application-managesites-display-component---NewSite--addressDetailDetailsCalendar-inner\"]"}
COMMAND: POST /session/6c63433432e656fe102e41a405bf48f6/element/f.D105F16D3864A3F2742A47C77377899E.d.91F6883020DC78022818D9A3080BB2D3.e.16509/clear - {}
RESULT: {}
COMMAND: POST /session/6c63433432e656fe102e41a405bf48f6/element/f.D105F16D3864A3F2742A47C77377899E.d.91F6883020DC78022818D9A3080BB2D3.e.16509/value - {"text":"Unit"}
COMMAND: GET /session/6c63433432e656fe102e41a405bf48f6/screenshot - {}
RESULT: {"text":"Unit"}
COMMAND: GET /session/6c63433432e656fe102e41a405bf48f6/screenshot - {}
RESULT: {}
RESULT: {}
COMMAND: POST /session/6c63433432e656fe102e41a405bf48f6/actions - {"actions":[{"id":"action56","type":"key","parameters":{},"actions":[{"type":"keyDown","value":"î€‡"},{"type":"pause","duration":10},{"type":"keyUp","value":"î€‡"}]}]}
RESULT: {"actions":[{"id":"action56","type":"key","parameters":{},"actions":[{"type":"keyDown","value":"î€‡"},{"type":"pause","duration":10},{"type":"keyUp","value":"î€‡"}]}]}
COMMAND: POST /session/6c63433432e656fe102e41a405bf48f6/element - {"using":"xpath","value":"//input[@id=\"application-managesites-display-component---NewSite--addressDetailDetailsYard-inner\"]"}
COMMAND: GET /session/6c63433432e656fe102e41a405bf48f6/screenshot - {}
RESULT: {"using":"xpath","value":"//input[@id=\"application-managesites-display-component---NewSite--addressDetailDetailsYard-inner\"]"}
COMMAND: POST /session/6c63433432e656fe102e41a405bf48f6/element/f.D105F16D3864A3F2742A47C77377899E.d.91F6883020DC78022818D9A3080BB2D3.e.16510/clear - {}
RESULT: {}
RESULT: {}
COMMAND: POST /session/6c63433432e656fe102e41a405bf48f6/element/f.D105F16D3864A3F2742A47C77377899E.d.91F6883020DC78022818D9A3080BB2D3.e.16510/value - {"text":"546"}
COMMAND: GET /session/6c63433432e656fe102e41a405bf48f6/screenshot - {}
RESULT: {"text":"546"}
COMMAND: GET /session/6c63433432e656fe102e41a405bf48f6/screenshot - {}
RESULT: {}
RESULT: {}
COMMAND: POST /session/6c63433432e656fe102e41a405bf48f6/element - {"using":"xpath","value":"//li[.//span[text()='546']]"}
RESULT: {"using":"xpath","value":"//li[.//span[text()='546']]"}
COMMAND: POST /session/6c63433432e656fe102e41a405bf48f6/element/f.D105F16D3864A3F2742A47C77377899E.d.91F6883020DC78022818D9A3080BB2D3.e.16774/click - {}
RESULT: {}
COMMAND: GET /session/6c63433432e656fe102e41a405bf48f6/screenshot - {}
RESULT: {}
COMMAND: POST /session/6c63433432e656fe102e41a405bf48f6/element - {"using":"xpath","value":"//input[@id=\"application-managesites-display-component---NewSite--addressDetailDetailsPartner-inner\"]"}
RESULT: {"using":"xpath","value":"//input[@id=\"application-managesites-display-component---NewSite--addressDetailDetailsPartner-inner\"]"}
COMMAND: POST /session/6c63433432e656fe102e41a405bf48f6/element - {"using":"xpath","value":"//input[@id=\"application-managesites-display-component---NewSite--addressDetailDetailsPartner-inner\"]"}
RESULT: {"using":"xpath","value":"//input[@id=\"application-managesites-display-component---NewSite--addressDetailDetailsPartner-inner\"]"}
COMMAND: POST /session/6c63433432e656fe102e41a405bf48f6/element - {"using":"xpath","value":"//button[@data-kt=\"saveButton\"]"}
RESULT: {"using":"xpath","value":"//button[@data-kt=\"saveButton\"]"}
COMMAND: POST /session/6c63433432e656fe102e41a405bf48f6/element/f.D105F16D3864A3F2742A47C77377899E.d.91F6883020DC78022818D9A3080BB2D3.e.16654/click - {}
RESULT: {}
COMMAND: GET /session/6c63433432e656fe102e41a405bf48f6/screenshot - {}
RESULT: {}
COMMAND: POST /session/6c63433432e656fe102e41a405bf48f6/element - {"using":"xpath","value":"//header[contains(@id, 'ObjectPageLayout-headerTitle')]/div[1]/div[2]/div[2]/span[1]"}
RESULT: {"using":"xpath","value":"//header[contains(@id, 'ObjectPageLayout-headerTitle')]/div[1]/div[2]/div[2]/span[1]"}
COMMAND: POST /session/6c63433432e656fe102e41a405bf48f6/elements - {"using":"xpath","value":"//header[contains(@id, 'ObjectPageLayout-headerTitle')]/div[1]/div[2]/div[2]/span[1]"}
RESULT: {"using":"xpath","value":"//header[contains(@id, 'ObjectPageLayout-headerTitle')]/div[1]/div[2]/div[2]/span[1]"}
COMMAND: POST /session/6c63433432e656fe102e41a405bf48f6/execute/sync - {"script":"<script> [56 bytes]","args":[{"element-6066-11e4-a52e-4f735466cecf":"f.D105F16D3864A3F2742A47C77377899E.d.91F6883020DC78022818D9A3080BB2D3.e.16980","ELEMENT":"f.D105F16D3864A3F2742A47C77377899E.d.91F6883020DC78022818D9A3080BB2D3.e.16980"}]}
RESULT: {"script":"<script> [56 bytes]","args":[{"element-6066-11e4-a52e-4f735466cecf":"f.D105F16D3864A3F2742A47C77377899E.d.91F6883020DC78022818D9A3080BB2D3.e.16980","ELEMENT":"f.D105F16D3864A3F2742A47C77377899E.d.91F6883020DC78022818D9A3080BB2D3.e.16980"}]}
COMMAND: POST /session/6c63433432e656fe102e41a405bf48f6/element - {"using":"css selector","value":"#shell-header-logo"}
COMMAND: GET /session/6c63433432e656fe102e41a405bf48f6/screenshot - {}
RESULT: {"using":"css selector","value":"#shell-header-logo"}
COMMAND: POST /session/6c63433432e656fe102e41a405bf48f6/element/f.D105F16D3864A3F2742A47C77377899E.d.91F6883020DC78022818D9A3080BB2D3.e.16281/click - {}
RESULT: {}
RESULT: {}
COMMAND: GET /session/6c63433432e656fe102e41a405bf48f6/screenshot - {}
RESULT: {}
COMMAND: POST /session/6c63433432e656fe102e41a405bf48f6/execute/sync - {"script":"<script> [299 bytes]","args":[["getModel","getResource"]]}
RESULT: {"script":"<script> [299 bytes]","args":[["getModel","getResource"]]}
COMMAND: POST /session/6c63433432e656fe102e41a405bf48f6/element - {"using":"xpath","value":"//button[.//bdi[contains(text(), \"Close\")]]"}
COMMAND: GET /session/6c63433432e656fe102e41a405bf48f6/screenshot - {}
RESULT: {"using":"xpath","value":"//button[.//bdi[contains(text(), \"Close\")]]"}
COMMAND: POST /session/6c63433432e656fe102e41a405bf48f6/element/f.D105F16D3864A3F2742A47C77377899E.d.91F6883020DC78022818D9A3080BB2D3.e.16981/click - {}
RESULT: {}
RESULT: {}
COMMAND: GET /session/6c63433432e656fe102e41a405bf48f6/screenshot - {}
RESULT: {}
COMMAND: POST /session/6c63433432e656fe102e41a405bf48f6/refresh - {}
RESULT: {}
COMMAND: GET /session/6c63433432e656fe102e41a405bf48f6/screenshot - {}
RESULT: {}
COMMAND: POST /session/6c63433432e656fe102e41a405bf48f6/refresh - {}
RESULT: {}
COMMAND: GET /session/6c63433432e656fe102e41a405bf48f6/screenshot - {}
RESULT: {}
COMMAND: POST /session/6c63433432e656fe102e41a405bf48f6/window/fullscreen - {}
RESULT: {}
COMMAND: POST /session/6c63433432e656fe102e41a405bf48f6/execute/async - {"script":"<script> [189 bytes]","args":[]}
RESULT: {"script":"<script> [189 bytes]","args":[]}
COMMAND: POST /session/6c63433432e656fe102e41a405bf48f6/execute/async - {"script":"<script> [123 bytes]","args":[]}
RESULT: {"script":"<script> [123 bytes]","args":[]}
COMMAND: POST /session/6c63433432e656fe102e41a405bf48f6/timeouts - {"script":"<number>"}
RESULT: {"script":"<number>"}
COMMAND: GET /session/6c63433432e656fe102e41a405bf48f6/timeouts - {}
RESULT: {}
RESULT: undefined
COMMAND: POST /session/6c63433432e656fe102e41a405bf48f6/execute/async - {"script":"<script> [2676 bytes]","args":[]}
RESULT: {"script":"<script> [2676 bytes]","args":[]}
COMMAND: POST /session/6c63433432e656fe102e41a405bf48f6/execute/async - {"script":"<script> [2342 bytes]","args":[{"protocol":"http","hostname":"0.0.0.0","path":"/","capabilities":{"browserName":"chrome","goog:chromeOptions":{"binary":"C:\\Program Files\\Google\\Chrome\\Application\\chrome.exe","args":["--start-maximized"]}},"logLevel":"warn","connectionRetryTimeout":120000,"connectionRetryCount":3,"logLevels":{},"enableDirectConnect":true,"strictSSL":true,"_":"65 more keys: [\"cacheDir\",\"port\",\"requestedCapabilities\",\"automationProtocol\",\"baseUrl\",\"waitforInterval\",\"waitforTimeout\",\"onReload\",\"beforeCommand\",\"afterCommand\",\"rootDir\",\"specs\",\"suites\",\"exclude\",\"groupLogsByTestSpec\",\"excludeDriverLogs\",\"bail\",\"framework\",\"reporters\",\"services\",\"maxInstances\",\"maxInstancesPerCapability\",\"injectGlobals\",\"filesToWatch\",\"execArgv\",\"runnerEnv\",\"runner\",\"shard\",\"specFileRetries\",\"specFileRetriesDelay\",\"specFileRetriesDeferred\",\"reporterSyncInterval\",\"reporterSyncTimeout\",\"cucumberFeaturesWithLineNumbers\",\"autoCompileOpts\",\"mochaOpts\",\"jasmineOpts\",\"cucumberOpts\",\"onPrepare\",\"onWorkerStart\",\"onWorkerEnd\",\"before\",\"beforeSession\",\"beforeSuite\",\"beforeHook\",\"beforeTest\",\"afterTest\",\"afterHook\",\"afterSuite\",\"afterSession\",\"after\",\"onComplete\",\"beforeAssertion\",\"afterAssertion\",\"beforeFeature\",\"beforeScenario\",\"beforeStep\",\"afterStep\",\"afterScenario\",\"afterFeature\",\"_\",\"suite\",\"$0\",\"ignoredWorkerServices\",\"wdi5\"]"}]}
RESULT: {"script":"<script> [2342 bytes]","args":[{"protocol":"http","hostname":"0.0.0.0","path":"/","capabilities":{"browserName":"chrome","goog:chromeOptions":{"binary":"C:\\Program Files\\Google\\Chrome\\Application\\chrome.exe","args":["--start-maximized"]}},"logLevel":"warn","connectionRetryTimeout":120000,"connectionRetryCount":3,"logLevels":{},"enableDirectConnect":true,"strictSSL":true,"_":"65 more keys: [\"cacheDir\",\"port\",\"requestedCapabilities\",\"automationProtocol\",\"baseUrl\",\"waitforInterval\",\"waitforTimeout\",\"onReload\",\"beforeCommand\",\"afterCommand\",\"rootDir\",\"specs\",\"suites\",\"exclude\",\"groupLogsByTestSpec\",\"excludeDriverLogs\",\"bail\",\"framework\",\"reporters\",\"services\",\"maxInstances\",\"maxInstancesPerCapability\",\"injectGlobals\",\"filesToWatch\",\"execArgv\",\"runnerEnv\",\"runner\",\"shard\",\"specFileRetries\",\"specFileRetriesDelay\",\"specFileRetriesDeferred\",\"reporterSyncInterval\",\"reporterSyncTimeout\",\"cucumberFeaturesWithLineNumbers\",\"autoCompileOpts\",\"mochaOpts\",\"jasmineOpts\",\"cucumberOpts\",\"onPrepare\",\"onWorkerStart\",\"onWorkerEnd\",\"before\",\"beforeSession\",\"beforeSuite\",\"beforeHook\",\"beforeTest\",\"afterTest\",\"afterHook\",\"afterSuite\",\"afterSession\",\"after\",\"onComplete\",\"beforeAssertion\",\"afterAssertion\",\"beforeFeature\",\"beforeScenario\",\"beforeStep\",\"afterStep\",\"afterScenario\",\"afterFeature\",\"_\",\"suite\",\"$0\",\"ignoredWorkerServices\",\"wdi5\"]"}]}
COMMAND: POST /session/6c63433432e656fe102e41a405bf48f6/execute/async - {"script":"<script> [21126 bytes]","args":[35000]}
RESULT: {"script":"<script> [21126 bytes]","args":[35000]}
COMMAND: POST /session/6c63433432e656fe102e41a405bf48f6/window/fullscreen - {}
RESULT: {}
]]></system-out>
    </testcase>
    <testcase classname="chrome.135_0_7049_96.windows.Billing_Calculation_-_Time_based_(considering_transport_times)_US139738" name="Should create the equipment" time="114.486">
      <system-out><![CDATA[
COMMAND: POST /session/6c63433432e656fe102e41a405bf48f6/execute/async - {"script":"<script> [1562 bytes]","args":[{"selector":{"controlType":"sap.m.GenericTile","properties":{"header":"Manage Resources"}},"wdio_ui5_key":"sapm.GenericTile{\"header\":\"Manage Resources\"}"}]}
RESULT: {"script":"<script> [1562 bytes]","args":[{"selector":{"controlType":"sap.m.GenericTile","properties":{"header":"Manage Resources"}},"wdio_ui5_key":"sapm.GenericTile{\"header\":\"Manage Resources\"}"}]}
RESULT: undefined
COMMAND: POST /session/6c63433432e656fe102e41a405bf48f6/element - {"using":"xpath","value":"//*[@id=\"__tile31\"]"}
RESULT: {"using":"xpath","value":"//*[@id=\"__tile31\"]"}
COMMAND: POST /session/6c63433432e656fe102e41a405bf48f6/element/f.D105F16D3864A3F2742A47C77377899E.d.DF3250441B7F3361FD7A912BD0116C94.e.17048/click - {}
RESULT: {}
COMMAND: POST /session/6c63433432e656fe102e41a405bf48f6/element - {"using":"xpath","value":"//button[@data-kt=\"addNewRUOverflowToolbarButton\"]"}
COMMAND: GET /session/6c63433432e656fe102e41a405bf48f6/screenshot - {}
RESULT: {"using":"xpath","value":"//button[@data-kt=\"addNewRUOverflowToolbarButton\"]"}
COMMAND: POST /session/6c63433432e656fe102e41a405bf48f6/elements - {"using":"xpath","value":"//button[@data-kt=\"addNewRUOverflowToolbarButton\"]"}
RESULT: {}
RESULT: {"using":"xpath","value":"//button[@data-kt=\"addNewRUOverflowToolbarButton\"]"}
COMMAND: POST /session/6c63433432e656fe102e41a405bf48f6/elements - {"using":"xpath","value":"//button[@data-kt=\"addNewRUOverflowToolbarButton\"]"}
RESULT: {"using":"xpath","value":"//button[@data-kt=\"addNewRUOverflowToolbarButton\"]"}
COMMAND: POST /session/6c63433432e656fe102e41a405bf48f6/elements - {"using":"xpath","value":"//button[@data-kt=\"addNewRUOverflowToolbarButton\"]"}
RESULT: {"using":"xpath","value":"//button[@data-kt=\"addNewRUOverflowToolbarButton\"]"}
COMMAND: POST /session/6c63433432e656fe102e41a405bf48f6/elements - {"using":"xpath","value":"//button[@data-kt=\"addNewRUOverflowToolbarButton\"]"}
RESULT: {"using":"xpath","value":"//button[@data-kt=\"addNewRUOverflowToolbarButton\"]"}
COMMAND: POST /session/6c63433432e656fe102e41a405bf48f6/elements - {"using":"xpath","value":"//button[@data-kt=\"addNewRUOverflowToolbarButton\"]"}
RESULT: {"using":"xpath","value":"//button[@data-kt=\"addNewRUOverflowToolbarButton\"]"}
COMMAND: POST /session/6c63433432e656fe102e41a405bf48f6/elements - {"using":"xpath","value":"//button[@data-kt=\"addNewRUOverflowToolbarButton\"]"}
RESULT: {"using":"xpath","value":"//button[@data-kt=\"addNewRUOverflowToolbarButton\"]"}
COMMAND: POST /session/6c63433432e656fe102e41a405bf48f6/elements - {"using":"xpath","value":"//button[@data-kt=\"addNewRUOverflowToolbarButton\"]"}
RESULT: {"using":"xpath","value":"//button[@data-kt=\"addNewRUOverflowToolbarButton\"]"}
COMMAND: POST /session/6c63433432e656fe102e41a405bf48f6/elements - {"using":"xpath","value":"//button[@data-kt=\"addNewRUOverflowToolbarButton\"]"}
RESULT: {"using":"xpath","value":"//button[@data-kt=\"addNewRUOverflowToolbarButton\"]"}
COMMAND: POST /session/6c63433432e656fe102e41a405bf48f6/elements - {"using":"xpath","value":"//button[@data-kt=\"addNewRUOverflowToolbarButton\"]"}
RESULT: {"using":"xpath","value":"//button[@data-kt=\"addNewRUOverflowToolbarButton\"]"}
COMMAND: POST /session/6c63433432e656fe102e41a405bf48f6/elements - {"using":"xpath","value":"//button[@data-kt=\"addNewRUOverflowToolbarButton\"]"}
RESULT: {"using":"xpath","value":"//button[@data-kt=\"addNewRUOverflowToolbarButton\"]"}
COMMAND: POST /session/6c63433432e656fe102e41a405bf48f6/elements - {"using":"xpath","value":"//button[@data-kt=\"addNewRUOverflowToolbarButton\"]"}
RESULT: {"using":"xpath","value":"//button[@data-kt=\"addNewRUOverflowToolbarButton\"]"}
COMMAND: POST /session/6c63433432e656fe102e41a405bf48f6/elements - {"using":"xpath","value":"//button[@data-kt=\"addNewRUOverflowToolbarButton\"]"}
RESULT: {"using":"xpath","value":"//button[@data-kt=\"addNewRUOverflowToolbarButton\"]"}
COMMAND: POST /session/6c63433432e656fe102e41a405bf48f6/elements - {"using":"xpath","value":"//button[@data-kt=\"addNewRUOverflowToolbarButton\"]"}
RESULT: {"using":"xpath","value":"//button[@data-kt=\"addNewRUOverflowToolbarButton\"]"}
COMMAND: POST /session/6c63433432e656fe102e41a405bf48f6/elements - {"using":"xpath","value":"//button[@data-kt=\"addNewRUOverflowToolbarButton\"]"}
RESULT: {"using":"xpath","value":"//button[@data-kt=\"addNewRUOverflowToolbarButton\"]"}
COMMAND: POST /session/6c63433432e656fe102e41a405bf48f6/elements - {"using":"xpath","value":"//button[@data-kt=\"addNewRUOverflowToolbarButton\"]"}
RESULT: {"using":"xpath","value":"//button[@data-kt=\"addNewRUOverflowToolbarButton\"]"}
COMMAND: POST /session/6c63433432e656fe102e41a405bf48f6/elements - {"using":"xpath","value":"//button[@data-kt=\"addNewRUOverflowToolbarButton\"]"}
RESULT: {"using":"xpath","value":"//button[@data-kt=\"addNewRUOverflowToolbarButton\"]"}
COMMAND: POST /session/6c63433432e656fe102e41a405bf48f6/element - {"using":"xpath","value":"//button[@data-kt=\"addNewRUOverflowToolbarButton\"]"}
RESULT: {"using":"xpath","value":"//button[@data-kt=\"addNewRUOverflowToolbarButton\"]"}
COMMAND: POST /session/6c63433432e656fe102e41a405bf48f6/execute/sync - {"script":"<script> [8489 bytes]","args":[{"element-6066-11e4-a52e-4f735466cecf":"f.D105F16D3864A3F2742A47C77377899E.d.DF3250441B7F3361FD7A912BD0116C94.e.17155","ELEMENT":"f.D105F16D3864A3F2742A47C77377899E.d.DF3250441B7F3361FD7A912BD0116C94.e.17155"}]}
RESULT: {"script":"<script> [8489 bytes]","args":[{"element-6066-11e4-a52e-4f735466cecf":"f.D105F16D3864A3F2742A47C77377899E.d.DF3250441B7F3361FD7A912BD0116C94.e.17155","ELEMENT":"f.D105F16D3864A3F2742A47C77377899E.d.DF3250441B7F3361FD7A912BD0116C94.e.17155"}]}
COMMAND: GET /session/6c63433432e656fe102e41a405bf48f6/element/f.D105F16D3864A3F2742A47C77377899E.d.DF3250441B7F3361FD7A912BD0116C94.e.17155/enabled - {}
COMMAND: GET /session/6c63433432e656fe102e41a405bf48f6/screenshot - {}
RESULT: {}
COMMAND: POST /session/6c63433432e656fe102e41a405bf48f6/execute/sync - {"script":"<script> [8489 bytes]","args":[{"element-6066-11e4-a52e-4f735466cecf":"f.D105F16D3864A3F2742A47C77377899E.d.DF3250441B7F3361FD7A912BD0116C94.e.17155","ELEMENT":"f.D105F16D3864A3F2742A47C77377899E.d.DF3250441B7F3361FD7A912BD0116C94.e.17155"}]}
COMMAND: GET /session/6c63433432e656fe102e41a405bf48f6/screenshot - {}
RESULT: {}
RESULT: {"script":"<script> [8489 bytes]","args":[{"element-6066-11e4-a52e-4f735466cecf":"f.D105F16D3864A3F2742A47C77377899E.d.DF3250441B7F3361FD7A912BD0116C94.e.17155","ELEMENT":"f.D105F16D3864A3F2742A47C77377899E.d.DF3250441B7F3361FD7A912BD0116C94.e.17155"}]}
COMMAND: POST /session/6c63433432e656fe102e41a405bf48f6/execute/sync - {"script":"<script> [5351 bytes]","args":[{"element-6066-11e4-a52e-4f735466cecf":"f.D105F16D3864A3F2742A47C77377899E.d.DF3250441B7F3361FD7A912BD0116C94.e.17155","ELEMENT":"f.D105F16D3864A3F2742A47C77377899E.d.DF3250441B7F3361FD7A912BD0116C94.e.17155"}]}
COMMAND: GET /session/6c63433432e656fe102e41a405bf48f6/screenshot - {}
RESULT: {}
RESULT: {"script":"<script> [5351 bytes]","args":[{"element-6066-11e4-a52e-4f735466cecf":"f.D105F16D3864A3F2742A47C77377899E.d.DF3250441B7F3361FD7A912BD0116C94.e.17155","ELEMENT":"f.D105F16D3864A3F2742A47C77377899E.d.DF3250441B7F3361FD7A912BD0116C94.e.17155"}]}
COMMAND: POST /session/6c63433432e656fe102e41a405bf48f6/element/f.D105F16D3864A3F2742A47C77377899E.d.DF3250441B7F3361FD7A912BD0116C94.e.17155/click - {}
COMMAND: GET /session/6c63433432e656fe102e41a405bf48f6/screenshot - {}
RESULT: {}
RESULT: {}
COMMAND: GET /session/6c63433432e656fe102e41a405bf48f6/screenshot - {}
RESULT: {}
RESULT: {}
COMMAND: POST /session/6c63433432e656fe102e41a405bf48f6/execute/async - {"script":"<script> [1562 bytes]","args":[{"selector":{"id":"application-manageresources-display-component---newResourceUnit--TYPE-arrow"},"wdio_ui5_key":"applicationmanageresources-display-component---newResourceUnit--TYPE-arrow"}]}
RESULT: {"script":"<script> [1562 bytes]","args":[{"selector":{"id":"application-manageresources-display-component---newResourceUnit--TYPE-arrow"},"wdio_ui5_key":"applicationmanageresources-display-component---newResourceUnit--TYPE-arrow"}]}
RESULT: undefined
COMMAND: POST /session/6c63433432e656fe102e41a405bf48f6/element - {"using":"xpath","value":"//*[@id=\"application-manageresources-display-component---newResourceUnit--TYPE-arrow\"]"}
RESULT: {"using":"xpath","value":"//*[@id=\"application-manageresources-display-component---newResourceUnit--TYPE-arrow\"]"}
COMMAND: POST /session/6c63433432e656fe102e41a405bf48f6/element/f.D105F16D3864A3F2742A47C77377899E.d.DF3250441B7F3361FD7A912BD0116C94.e.17525/click - {}
RESULT: {}
COMMAND: POST /session/6c63433432e656fe102e41a405bf48f6/element - {"using":"xpath","value":"//input[@id=\"application-manageresources-display-component---newResourceUnit--TYPE-inner\"]"}
COMMAND: GET /session/6c63433432e656fe102e41a405bf48f6/screenshot - {}
RESULT: {"using":"xpath","value":"//input[@id=\"application-manageresources-display-component---newResourceUnit--TYPE-inner\"]"}
COMMAND: POST /session/6c63433432e656fe102e41a405bf48f6/element/f.D105F16D3864A3F2742A47C77377899E.d.DF3250441B7F3361FD7A912BD0116C94.e.17519/clear - {}
RESULT: {}
RESULT: {}
COMMAND: POST /session/6c63433432e656fe102e41a405bf48f6/element/f.D105F16D3864A3F2742A47C77377899E.d.DF3250441B7F3361FD7A912BD0116C94.e.17519/value - {"text":"Equipment"}
COMMAND: GET /session/6c63433432e656fe102e41a405bf48f6/screenshot - {}
RESULT: {"text":"Equipment"}
COMMAND: GET /session/6c63433432e656fe102e41a405bf48f6/screenshot - {}
RESULT: {}
RESULT: {}
COMMAND: POST /session/6c63433432e656fe102e41a405bf48f6/actions - {"actions":[{"id":"action57","type":"key","parameters":{},"actions":[{"type":"keyDown","value":"î€‡"},{"type":"pause","duration":10},{"type":"keyUp","value":"î€‡"}]}]}
RESULT: {"actions":[{"id":"action57","type":"key","parameters":{},"actions":[{"type":"keyDown","value":"î€‡"},{"type":"pause","duration":10},{"type":"keyUp","value":"î€‡"}]}]}
COMMAND: POST /session/6c63433432e656fe102e41a405bf48f6/execute/async - {"script":"<script> [1562 bytes]","args":[{"selector":{"id":"application-manageresources-display-component---newResourceUnit--resourceId","interaction":{"idSuffix":"inner"}},"wdio_ui5_key":"applicationmanageresources-display-component---newResourceUnit--resourceId"}]}
COMMAND: GET /session/6c63433432e656fe102e41a405bf48f6/screenshot - {}
RESULT: {"script":"<script> [1562 bytes]","args":[{"selector":{"id":"application-manageresources-display-component---newResourceUnit--resourceId","interaction":{"idSuffix":"inner"}},"wdio_ui5_key":"applicationmanageresources-display-component---newResourceUnit--resourceId"}]}
RESULT: undefined
COMMAND: POST /session/6c63433432e656fe102e41a405bf48f6/execute/async - {"script":"<script> [776 bytes]","args":[{"enterText":"6lReHmzvp5","selector":{"id":"application-manageresources-display-component---newResourceUnit--resourceId","interaction":{"idSuffix":"inner"}},"clearTextFirst":true,"interactionType":"ENTER_TEXT"}]}
RESULT: {}
RESULT: {"script":"<script> [776 bytes]","args":[{"enterText":"6lReHmzvp5","selector":{"id":"application-manageresources-display-component---newResourceUnit--resourceId","interaction":{"idSuffix":"inner"}},"clearTextFirst":true,"interactionType":"ENTER_TEXT"}]}
COMMAND: POST /session/6c63433432e656fe102e41a405bf48f6/execute/async - {"script":"<script> [1562 bytes]","args":[{"selector":{"id":"application-manageresources-display-component---newResourceUnit--SHORT_TEXT","interaction":{"idSuffix":"inner"}},"wdio_ui5_key":"applicationmanageresources-display-component---newResourceUnit--SHORT_TEXT"}]}
RESULT: {"script":"<script> [1562 bytes]","args":[{"selector":{"id":"application-manageresources-display-component---newResourceUnit--SHORT_TEXT","interaction":{"idSuffix":"inner"}},"wdio_ui5_key":"applicationmanageresources-display-component---newResourceUnit--SHORT_TEXT"}]}
RESULT: undefined
COMMAND: POST /session/6c63433432e656fe102e41a405bf48f6/execute/async - {"script":"<script> [776 bytes]","args":[{"enterText":"Intercompany Equipment WDIO","selector":{"id":"application-manageresources-display-component---newResourceUnit--SHORT_TEXT","interaction":{"idSuffix":"inner"}},"clearTextFirst":true,"interactionType":"ENTER_TEXT"}]}
RESULT: {"script":"<script> [776 bytes]","args":[{"enterText":"Intercompany Equipment WDIO","selector":{"id":"application-manageresources-display-component---newResourceUnit--SHORT_TEXT","interaction":{"idSuffix":"inner"}},"clearTextFirst":true,"interactionType":"ENTER_TEXT"}]}
COMMAND: POST /session/6c63433432e656fe102e41a405bf48f6/execute/async - {"script":"<script> [1562 bytes]","args":[{"selector":{"id":"application-manageresources-display-component---newResourceUnit--BASE_UNIT_OF_MEASURE","interaction":{"idSuffix":"inner"}},"wdio_ui5_key":"applicationmanageresources-display-component---newResourceUnit--BASE_UNIT_OF_MEASURE"}]}
RESULT: {"script":"<script> [1562 bytes]","args":[{"selector":{"id":"application-manageresources-display-component---newResourceUnit--BASE_UNIT_OF_MEASURE","interaction":{"idSuffix":"inner"}},"wdio_ui5_key":"applicationmanageresources-display-component---newResourceUnit--BASE_UNIT_OF_MEASURE"}]}
RESULT: undefined
COMMAND: POST /session/6c63433432e656fe102e41a405bf48f6/execute/async - {"script":"<script> [776 bytes]","args":[{"enterText":"Piece","selector":{"id":"application-manageresources-display-component---newResourceUnit--BASE_UNIT_OF_MEASURE","interaction":{"idSuffix":"inner"}},"clearTextFirst":true,"interactionType":"ENTER_TEXT"}]}
RESULT: {"script":"<script> [776 bytes]","args":[{"enterText":"Piece","selector":{"id":"application-manageresources-display-component---newResourceUnit--BASE_UNIT_OF_MEASURE","interaction":{"idSuffix":"inner"}},"clearTextFirst":true,"interactionType":"ENTER_TEXT"}]}
COMMAND: POST /session/6c63433432e656fe102e41a405bf48f6/execute/async - {"script":"<script> [1562 bytes]","args":[{"selector":{"id":"application-manageresources-display-component---newResourceUnit--WEIGHT_UNIT","interaction":{"idSuffix":"inner"}},"wdio_ui5_key":"applicationmanageresources-display-component---newResourceUnit--WEIGHT_UNIT"}]}
RESULT: {"script":"<script> [1562 bytes]","args":[{"selector":{"id":"application-manageresources-display-component---newResourceUnit--WEIGHT_UNIT","interaction":{"idSuffix":"inner"}},"wdio_ui5_key":"applicationmanageresources-display-component---newResourceUnit--WEIGHT_UNIT"}]}
RESULT: undefined
COMMAND: POST /session/6c63433432e656fe102e41a405bf48f6/execute/async - {"script":"<script> [776 bytes]","args":[{"enterText":"Gram","selector":{"id":"application-manageresources-display-component---newResourceUnit--WEIGHT_UNIT","interaction":{"idSuffix":"inner"}},"clearTextFirst":true,"interactionType":"ENTER_TEXT"}]}
RESULT: {"script":"<script> [776 bytes]","args":[{"enterText":"Gram","selector":{"id":"application-manageresources-display-component---newResourceUnit--WEIGHT_UNIT","interaction":{"idSuffix":"inner"}},"clearTextFirst":true,"interactionType":"ENTER_TEXT"}]}
COMMAND: POST /session/6c63433432e656fe102e41a405bf48f6/execute/async - {"script":"<script> [1562 bytes]","args":[{"selector":{"id":"application-manageresources-display-component---newResourceUnit--DIMENSION_UNIT","interaction":{"idSuffix":"inner"}},"wdio_ui5_key":"applicationmanageresources-display-component---newResourceUnit--DIMENSION_UNIT"}]}
RESULT: {"script":"<script> [1562 bytes]","args":[{"selector":{"id":"application-manageresources-display-component---newResourceUnit--DIMENSION_UNIT","interaction":{"idSuffix":"inner"}},"wdio_ui5_key":"applicationmanageresources-display-component---newResourceUnit--DIMENSION_UNIT"}]}
RESULT: undefined
COMMAND: POST /session/6c63433432e656fe102e41a405bf48f6/execute/async - {"script":"<script> [776 bytes]","args":[{"enterText":"Meter","selector":{"id":"application-manageresources-display-component---newResourceUnit--DIMENSION_UNIT","interaction":{"idSuffix":"inner"}},"clearTextFirst":true,"interactionType":"ENTER_TEXT"}]}
RESULT: {"script":"<script> [776 bytes]","args":[{"enterText":"Meter","selector":{"id":"application-manageresources-display-component---newResourceUnit--DIMENSION_UNIT","interaction":{"idSuffix":"inner"}},"clearTextFirst":true,"interactionType":"ENTER_TEXT"}]}
COMMAND: POST /session/6c63433432e656fe102e41a405bf48f6/execute/async - {"script":"<script> [1562 bytes]","args":[{"selector":{"id":"application-manageresources-display-component---newResourceUnit--newRRUPage-anchBar-application-manageresources-display-component---newResourceUnit--control-anchor","interaction":{"idSuffix":"BDI-content"}},"wdio_ui5_key":"applicationmanageresources-display-component---newResourceUnit--newRRUPage-anchBar-application-manageresources-display-component---newResourceUnit--control-anchor"}]}
RESULT: {"script":"<script> [1562 bytes]","args":[{"selector":{"id":"application-manageresources-display-component---newResourceUnit--newRRUPage-anchBar-application-manageresources-display-component---newResourceUnit--control-anchor","interaction":{"idSuffix":"BDI-content"}},"wdio_ui5_key":"applicationmanageresources-display-component---newResourceUnit--newRRUPage-anchBar-application-manageresources-display-component---newResourceUnit--control-anchor"}]}
RESULT: undefined
COMMAND: POST /session/6c63433432e656fe102e41a405bf48f6/element - {"using":"xpath","value":"//*[@id=\"application-manageresources-display-component---newResourceUnit--newRRUPage-anchBar-application-manageresources-display-component---newResourceUnit--control-anchor\"]"}
RESULT: {"using":"xpath","value":"//*[@id=\"application-manageresources-display-component---newResourceUnit--newRRUPage-anchBar-application-manageresources-display-component---newResourceUnit--control-anchor\"]"}
COMMAND: POST /session/6c63433432e656fe102e41a405bf48f6/element/f.D105F16D3864A3F2742A47C77377899E.d.DF3250441B7F3361FD7A912BD0116C94.e.17659/click - {}
RESULT: {}
COMMAND: POST /session/6c63433432e656fe102e41a405bf48f6/execute/async - {"script":"<script> [1562 bytes]","args":[{"selector":{"id":"application-manageresources-display-component---newResourceUnit--PLANNING_GROUP","interaction":{"idSuffix":"inner"}},"wdio_ui5_key":"applicationmanageresources-display-component---newResourceUnit--PLANNING_GROUP"}]}
COMMAND: GET /session/6c63433432e656fe102e41a405bf48f6/screenshot - {}
RESULT: {"script":"<script> [1562 bytes]","args":[{"selector":{"id":"application-manageresources-display-component---newResourceUnit--PLANNING_GROUP","interaction":{"idSuffix":"inner"}},"wdio_ui5_key":"applicationmanageresources-display-component---newResourceUnit--PLANNING_GROUP"}]}
RESULT: undefined
COMMAND: POST /session/6c63433432e656fe102e41a405bf48f6/execute/async - {"script":"<script> [776 bytes]","args":[{"enterText":"Heavy Equi","selector":{"id":"application-manageresources-display-component---newResourceUnit--PLANNING_GROUP","interaction":{"idSuffix":"inner"}},"clearTextFirst":true,"interactionType":"ENTER_TEXT"}]}
RESULT: {}
RESULT: {"script":"<script> [776 bytes]","args":[{"enterText":"Heavy Equi","selector":{"id":"application-manageresources-display-component---newResourceUnit--PLANNING_GROUP","interaction":{"idSuffix":"inner"}},"clearTextFirst":true,"interactionType":"ENTER_TEXT"}]}
COMMAND: POST /session/6c63433432e656fe102e41a405bf48f6/execute/async - {"script":"<script> [1562 bytes]","args":[{"selector":{"id":"application-manageresources-display-component---newResourceUnit--ITEM_TYPE-arrow"},"wdio_ui5_key":"applicationmanageresources-display-component---newResourceUnit--ITEM_TYPE-arrow"}]}
RESULT: {"script":"<script> [1562 bytes]","args":[{"selector":{"id":"application-manageresources-display-component---newResourceUnit--ITEM_TYPE-arrow"},"wdio_ui5_key":"applicationmanageresources-display-component---newResourceUnit--ITEM_TYPE-arrow"}]}
RESULT: undefined
COMMAND: POST /session/6c63433432e656fe102e41a405bf48f6/element - {"using":"xpath","value":"//*[@id=\"application-manageresources-display-component---newResourceUnit--ITEM_TYPE-arrow\"]"}
RESULT: {"using":"xpath","value":"//*[@id=\"application-manageresources-display-component---newResourceUnit--ITEM_TYPE-arrow\"]"}
COMMAND: POST /session/6c63433432e656fe102e41a405bf48f6/element/f.D105F16D3864A3F2742A47C77377899E.d.DF3250441B7F3361FD7A912BD0116C94.e.17668/click - {}
RESULT: {}
COMMAND: POST /session/6c63433432e656fe102e41a405bf48f6/element - {"using":"xpath","value":"(//span[contains(text(), \"Resource Unit\")])[2]"}
COMMAND: GET /session/6c63433432e656fe102e41a405bf48f6/screenshot - {}
RESULT: {"using":"xpath","value":"(//span[contains(text(), \"Resource Unit\")])[2]"}
COMMAND: POST /session/6c63433432e656fe102e41a405bf48f6/element/f.D105F16D3864A3F2742A47C77377899E.d.DF3250441B7F3361FD7A912BD0116C94.e.17669/click - {}
RESULT: {}
RESULT: {}
COMMAND: GET /session/6c63433432e656fe102e41a405bf48f6/screenshot - {}
RESULT: {}
COMMAND: POST /session/6c63433432e656fe102e41a405bf48f6/element - {"using":"css selector","value":"#application-manageresources-display-component---newResourceUnit--btnAddTimeSegment"}
RESULT: {"using":"css selector","value":"#application-manageresources-display-component---newResourceUnit--btnAddTimeSegment"}
COMMAND: GET /session/6c63433432e656fe102e41a405bf48f6/element/f.D105F16D3864A3F2742A47C77377899E.d.DF3250441B7F3361FD7A912BD0116C94.e.17670/rect - {}
RESULT: {}
COMMAND: GET /session/6c63433432e656fe102e41a405bf48f6/window/rect - {}
RESULT: {}
COMMAND: POST /session/6c63433432e656fe102e41a405bf48f6/execute/sync - {"script":"<script> [92 bytes]","args":[]}
RESULT: {"script":"<script> [92 bytes]","args":[]}
COMMAND: POST /session/6c63433432e656fe102e41a405bf48f6/actions - {"actions":[{"id":"action58","type":"wheel","parameters":{},"actions":[{"type":"scroll","x":-1888,"y":-32,"deltaX":0,"deltaY":0,"duration":0,"origin":{"element-6066-11e4-a52e-4f735466cecf":"f.D105F16D3864A3F2742A47C77377899E.d.DF3250441B7F3361FD7A912BD0116C94.e.17670"}}]}]}
COMMAND: GET /session/6c63433432e656fe102e41a405bf48f6/screenshot - {}
RESULT: {}
COMMAND: POST /session/6c63433432e656fe102e41a405bf48f6/execute/sync - {"script":"<script> [79 bytes]","args":[{"element-6066-11e4-a52e-4f735466cecf":"f.D105F16D3864A3F2742A47C77377899E.d.DF3250441B7F3361FD7A912BD0116C94.e.17670","ELEMENT":"f.D105F16D3864A3F2742A47C77377899E.d.DF3250441B7F3361FD7A912BD0116C94.e.17670"},{"block":"start","inline":"nearest"}]}
RESULT: {"script":"<script> [79 bytes]","args":[{"element-6066-11e4-a52e-4f735466cecf":"f.D105F16D3864A3F2742A47C77377899E.d.DF3250441B7F3361FD7A912BD0116C94.e.17670","ELEMENT":"f.D105F16D3864A3F2742A47C77377899E.d.DF3250441B7F3361FD7A912BD0116C94.e.17670"},{"block":"start","inline":"nearest"}]}
COMMAND: POST /session/6c63433432e656fe102e41a405bf48f6/execute/async - {"script":"<script> [1562 bytes]","args":[{"selector":{"id":"application-manageresources-display-component---newResourceUnit--btnAddTimeSegment","interaction":{"idSuffix":"inner"}},"wdio_ui5_key":"applicationmanageresources-display-component---newResourceUnit--btnAddTimeSegment"}]}
COMMAND: GET /session/6c63433432e656fe102e41a405bf48f6/screenshot - {}
RESULT: {"script":"<script> [1562 bytes]","args":[{"selector":{"id":"application-manageresources-display-component---newResourceUnit--btnAddTimeSegment","interaction":{"idSuffix":"inner"}},"wdio_ui5_key":"applicationmanageresources-display-component---newResourceUnit--btnAddTimeSegment"}]}
RESULT: undefined
COMMAND: POST /session/6c63433432e656fe102e41a405bf48f6/element - {"using":"xpath","value":"//*[@id=\"application-manageresources-display-component---newResourceUnit--btnAddTimeSegment\"]"}
RESULT: {}
RESULT: {"using":"xpath","value":"//*[@id=\"application-manageresources-display-component---newResourceUnit--btnAddTimeSegment\"]"}
COMMAND: POST /session/6c63433432e656fe102e41a405bf48f6/element/f.D105F16D3864A3F2742A47C77377899E.d.DF3250441B7F3361FD7A912BD0116C94.e.17670/click - {}
RESULT: {}
COMMAND: GET /session/6c63433432e656fe102e41a405bf48f6/screenshot - {}
RESULT: {}
COMMAND: POST /session/6c63433432e656fe102e41a405bf48f6/element - {"using":"xpath","value":"//input[@id=\"application-manageresources-display-component---newResourceUnit--idRuTSAdmin-application-manageresources-display-component---newResourceUnit--RUTimeSegment-0-inner\"]"}
RESULT: {"using":"xpath","value":"//input[@id=\"application-manageresources-display-component---newResourceUnit--idRuTSAdmin-application-manageresources-display-component---newResourceUnit--RUTimeSegment-0-inner\"]"}
COMMAND: POST /session/6c63433432e656fe102e41a405bf48f6/element/f.D105F16D3864A3F2742A47C77377899E.d.DF3250441B7F3361FD7A912BD0116C94.e.17676/clear - {}
RESULT: {}
COMMAND: POST /session/6c63433432e656fe102e41a405bf48f6/element/f.D105F16D3864A3F2742A47C77377899E.d.DF3250441B7F3361FD7A912BD0116C94.e.17676/value - {"text":"546"}
COMMAND: GET /session/6c63433432e656fe102e41a405bf48f6/screenshot - {}
RESULT: {"text":"546"}
COMMAND: GET /session/6c63433432e656fe102e41a405bf48f6/screenshot - {}
RESULT: {}
RESULT: {}
COMMAND: POST /session/6c63433432e656fe102e41a405bf48f6/element - {"using":"xpath","value":"//li[.//span[text()='546']]"}
RESULT: {"using":"xpath","value":"//li[.//span[text()='546']]"}
COMMAND: POST /session/6c63433432e656fe102e41a405bf48f6/element/f.D105F16D3864A3F2742A47C77377899E.d.DF3250441B7F3361FD7A912BD0116C94.e.17688/click - {}
RESULT: {}
COMMAND: GET /session/6c63433432e656fe102e41a405bf48f6/screenshot - {}
RESULT: {}
COMMAND: POST /session/6c63433432e656fe102e41a405bf48f6/element - {"using":"xpath","value":"(//span[contains(@id, \"-application-manageresources-display-component---newResourceUnit--RUTimeSegment-0-arrow\")])[6]"}
RESULT: {"using":"xpath","value":"(//span[contains(@id, \"-application-manageresources-display-component---newResourceUnit--RUTimeSegment-0-arrow\")])[6]"}
COMMAND: POST /session/6c63433432e656fe102e41a405bf48f6/element/f.D105F16D3864A3F2742A47C77377899E.d.DF3250441B7F3361FD7A912BD0116C94.e.17689/click - {}
RESULT: {}
COMMAND: GET /session/6c63433432e656fe102e41a405bf48f6/screenshot - {}
RESULT: {}
COMMAND: POST /session/6c63433432e656fe102e41a405bf48f6/element - {"using":"xpath","value":"//span[contains(text(), \"PM Order\")]"}
RESULT: {"using":"xpath","value":"//span[contains(text(), \"PM Order\")]"}
COMMAND: POST /session/6c63433432e656fe102e41a405bf48f6/element/f.D105F16D3864A3F2742A47C77377899E.d.DF3250441B7F3361FD7A912BD0116C94.e.17692/click - {}
RESULT: {}
COMMAND: GET /session/6c63433432e656fe102e41a405bf48f6/screenshot - {}
RESULT: {}
COMMAND: POST /session/6c63433432e656fe102e41a405bf48f6/element - {"using":"xpath","value":"(//span[contains(@id ,\"manageresources-display-component---newResourceUnit--RUTimeSegment-0-vhi\")])[1]"}
RESULT: {"using":"xpath","value":"(//span[contains(@id ,\"manageresources-display-component---newResourceUnit--RUTimeSegment-0-vhi\")])[1]"}
COMMAND: GET /session/6c63433432e656fe102e41a405bf48f6/element/f.D105F16D3864A3F2742A47C77377899E.d.DF3250441B7F3361FD7A912BD0116C94.e.17696/rect - {}
RESULT: {}
COMMAND: GET /session/6c63433432e656fe102e41a405bf48f6/window/rect - {}
RESULT: {}
COMMAND: POST /session/6c63433432e656fe102e41a405bf48f6/execute/sync - {"script":"<script> [92 bytes]","args":[]}
RESULT: {"script":"<script> [92 bytes]","args":[]}
COMMAND: POST /session/6c63433432e656fe102e41a405bf48f6/actions - {"actions":[{"id":"action59","type":"wheel","parameters":{},"actions":[{"type":"scroll","x":-869,"y":-24,"deltaX":0,"deltaY":0,"duration":0,"origin":{"element-6066-11e4-a52e-4f735466cecf":"f.D105F16D3864A3F2742A47C77377899E.d.DF3250441B7F3361FD7A912BD0116C94.e.17696"}}]}]}
COMMAND: GET /session/6c63433432e656fe102e41a405bf48f6/screenshot - {}
RESULT: {"actions":[{"id":"action59","type":"wheel","parameters":{},"actions":[{"type":"scroll","x":-869,"y":-24,"deltaX":0,"deltaY":0,"duration":0,"origin":{"element-6066-11e4-a52e-4f735466cecf":"f.D105F16D3864A3F2742A47C77377899E.d.DF3250441B7F3361FD7A912BD0116C94.e.17696"}}]}]}
COMMAND: DELETE /session/6c63433432e656fe102e41a405bf48f6/actions - {}
COMMAND: GET /session/6c63433432e656fe102e41a405bf48f6/screenshot - {}
RESULT: {}
RESULT: {}
COMMAND: GET /session/6c63433432e656fe102e41a405bf48f6/screenshot - {}
RESULT: {}
RESULT: {}
COMMAND: POST /session/6c63433432e656fe102e41a405bf48f6/element/f.D105F16D3864A3F2742A47C77377899E.d.DF3250441B7F3361FD7A912BD0116C94.e.17696/click - {}
RESULT: {}
COMMAND: GET /session/6c63433432e656fe102e41a405bf48f6/screenshot - {}
RESULT: {}
COMMAND: POST /session/6c63433432e656fe102e41a405bf48f6/execute/async - {"script":"<script> [1562 bytes]","args":[{"selector":{"controlType":"sap.m.SearchField","properties":{"placeholder":"Search"},"searchOpenDialogs":true,"interaction":{"idSuffix":"I"}},"wdio_ui5_key":"sapm.SearchField{\"placeholder\":\"Search\"}"}]}
RESULT: {"script":"<script> [1562 bytes]","args":[{"selector":{"controlType":"sap.m.SearchField","properties":{"placeholder":"Search"},"searchOpenDialogs":true,"interaction":{"idSuffix":"I"}},"wdio_ui5_key":"sapm.SearchField{\"placeholder\":\"Search\"}"}]}
RESULT: undefined
COMMAND: POST /session/6c63433432e656fe102e41a405bf48f6/execute/async - {"script":"<script> [776 bytes]","args":[{"enterText":"4000360","selector":{"controlType":"sap.m.SearchField","properties":{"placeholder":"Search"},"searchOpenDialogs":true,"interaction":{"idSuffix":"I"}},"clearTextFirst":true,"interactionType":"ENTER_TEXT"}]}
RESULT: {"script":"<script> [776 bytes]","args":[{"enterText":"4000360","selector":{"controlType":"sap.m.SearchField","properties":{"placeholder":"Search"},"searchOpenDialogs":true,"interaction":{"idSuffix":"I"}},"clearTextFirst":true,"interactionType":"ENTER_TEXT"}]}
COMMAND: POST /session/6c63433432e656fe102e41a405bf48f6/actions - {"actions":[{"id":"action60","type":"key","parameters":{},"actions":[{"type":"keyDown","value":"î€‡"},{"type":"pause","duration":10},{"type":"keyUp","value":"î€‡"}]}]}
RESULT: {"actions":[{"id":"action60","type":"key","parameters":{},"actions":[{"type":"keyDown","value":"î€‡"},{"type":"pause","duration":10},{"type":"keyUp","value":"î€‡"}]}]}
COMMAND: GET /session/6c63433432e656fe102e41a405bf48f6/screenshot - {}
RESULT: {}
COMMAND: POST /session/6c63433432e656fe102e41a405bf48f6/element - {"using":"xpath","value":"//td/div/span[contains(text(), \"BGL Vehicles\")]"}
RESULT: {"using":"xpath","value":"//td/div/span[contains(text(), \"BGL Vehicles\")]"}
COMMAND: POST /session/6c63433432e656fe102e41a405bf48f6/element/f.D105F16D3864A3F2742A47C77377899E.d.DF3250441B7F3361FD7A912BD0116C94.e.17717/click - {}
RESULT: {}
COMMAND: GET /session/6c63433432e656fe102e41a405bf48f6/screenshot - {}
RESULT: {}
COMMAND: POST /session/6c63433432e656fe102e41a405bf48f6/element - {"using":"xpath","value":"//bdi[contains(text(), \"OK\")]"}
RESULT: {"using":"xpath","value":"//bdi[contains(text(), \"OK\")]"}
COMMAND: POST /session/6c63433432e656fe102e41a405bf48f6/element/f.D105F16D3864A3F2742A47C77377899E.d.DF3250441B7F3361FD7A912BD0116C94.e.17718/click - {}
RESULT: {}
COMMAND: GET /session/6c63433432e656fe102e41a405bf48f6/screenshot - {}
RESULT: {}
COMMAND: POST /session/6c63433432e656fe102e41a405bf48f6/execute/async - {"script":"<script> [1562 bytes]","args":[{"selector":{"id":"application-manageresources-display-component---newResourceUnit--newRRUPage-anchBar-application-manageresources-display-component---newResourceUnit--resource-anchor","interaction":{"idSuffix":"BDI-content"}},"wdio_ui5_key":"applicationmanageresources-display-component---newResourceUnit--newRRUPage-anchBar-application-manageresources-display-component---newResourceUnit--resource-anchor"}]}
RESULT: {"script":"<script> [1562 bytes]","args":[{"selector":{"id":"application-manageresources-display-component---newResourceUnit--newRRUPage-anchBar-application-manageresources-display-component---newResourceUnit--resource-anchor","interaction":{"idSuffix":"BDI-content"}},"wdio_ui5_key":"applicationmanageresources-display-component---newResourceUnit--newRRUPage-anchBar-application-manageresources-display-component---newResourceUnit--resource-anchor"}]}
RESULT: undefined
COMMAND: POST /session/6c63433432e656fe102e41a405bf48f6/element - {"using":"xpath","value":"//*[@id=\"application-manageresources-display-component---newResourceUnit--newRRUPage-anchBar-application-manageresources-display-component---newResourceUnit--resource-anchor\"]"}
RESULT: {"using":"xpath","value":"//*[@id=\"application-manageresources-display-component---newResourceUnit--newRRUPage-anchBar-application-manageresources-display-component---newResourceUnit--resource-anchor\"]"}
COMMAND: POST /session/6c63433432e656fe102e41a405bf48f6/element/f.D105F16D3864A3F2742A47C77377899E.d.DF3250441B7F3361FD7A912BD0116C94.e.17722/click - {}
RESULT: {}
COMMAND: POST /session/6c63433432e656fe102e41a405bf48f6/execute/async - {"script":"<script> [1562 bytes]","args":[{"selector":{"id":"application-manageresources-display-component---newResourceUnit--PLANNED_DELIVERY_DATE","interaction":{"idSuffix":"inner"}},"wdio_ui5_key":"applicationmanageresources-display-component---newResourceUnit--PLANNED_DELIVERY_DATE"}]}
COMMAND: GET /session/6c63433432e656fe102e41a405bf48f6/screenshot - {}
RESULT: {"script":"<script> [1562 bytes]","args":[{"selector":{"id":"application-manageresources-display-component---newResourceUnit--PLANNED_DELIVERY_DATE","interaction":{"idSuffix":"inner"}},"wdio_ui5_key":"applicationmanageresources-display-component---newResourceUnit--PLANNED_DELIVERY_DATE"}]}
RESULT: undefined
COMMAND: POST /session/6c63433432e656fe102e41a405bf48f6/execute/async - {"script":"<script> [6424 bytes]","args":[{"element-6066-11e4-a52e-4f735466cecf":"f.D105F16D3864A3F2742A47C77377899E.d.DF3250441B7F3361FD7A912BD0116C94.e.17582"},"setValue",["5/4/25"]]}
RESULT: {}
RESULT: {"script":"<script> [6424 bytes]","args":[{"element-6066-11e4-a52e-4f735466cecf":"f.D105F16D3864A3F2742A47C77377899E.d.DF3250441B7F3361FD7A912BD0116C94.e.17582"},"setValue",["5/4/25"]]}
COMMAND: POST /session/6c63433432e656fe102e41a405bf48f6/element - {"using":"xpath","value":"//button[@data-kt=\"resourceUnitSaveButton\"]"}
RESULT: {"using":"xpath","value":"//button[@data-kt=\"resourceUnitSaveButton\"]"}
COMMAND: POST /session/6c63433432e656fe102e41a405bf48f6/element/f.D105F16D3864A3F2742A47C77377899E.d.DF3250441B7F3361FD7A912BD0116C94.e.17543/click - {}
RESULT: {}
COMMAND: GET /session/6c63433432e656fe102e41a405bf48f6/screenshot - {}
RESULT: {}
COMMAND: POST /session/6c63433432e656fe102e41a405bf48f6/element - {"using":"xpath","value":"//bdi[contains(text(), \"Close\")]"}
RESULT: {"using":"xpath","value":"//bdi[contains(text(), \"Close\")]"}
COMMAND: POST /session/6c63433432e656fe102e41a405bf48f6/element/f.D105F16D3864A3F2742A47C77377899E.d.DF3250441B7F3361FD7A912BD0116C94.e.17730/click - {}
RESULT: {}
COMMAND: GET /session/6c63433432e656fe102e41a405bf48f6/screenshot - {}
RESULT: {}
COMMAND: POST /session/6c63433432e656fe102e41a405bf48f6/element - {"using":"xpath","value":"(//button[contains(@id ,\"actionsToolbar-overflowButton\")])[1]"}
RESULT: {"using":"xpath","value":"(//button[contains(@id ,\"actionsToolbar-overflowButton\")])[1]"}
COMMAND: POST /session/6c63433432e656fe102e41a405bf48f6/element/f.D105F16D3864A3F2742A47C77377899E.d.DF3250441B7F3361FD7A912BD0116C94.e.17786/click - {}
RESULT: {}
COMMAND: GET /session/6c63433432e656fe102e41a405bf48f6/screenshot - {}
RESULT: {}
COMMAND: POST /session/6c63433432e656fe102e41a405bf48f6/element - {"using":"xpath","value":"//button[@data-kt=\"priceInfoButton\"]"}
RESULT: {"using":"xpath","value":"//button[@data-kt=\"priceInfoButton\"]"}
COMMAND: POST /session/6c63433432e656fe102e41a405bf48f6/element/f.D105F16D3864A3F2742A47C77377899E.d.DF3250441B7F3361FD7A912BD0116C94.e.17788/click - {}
RESULT: {}
COMMAND: GET /session/6c63433432e656fe102e41a405bf48f6/screenshot - {}
]]></system-out>
    </testcase>
    <testcase classname="chrome.135_0_7049_96.windows.Billing_Calculation_-_Time_based_(considering_transport_times)_US139738" name="Should create new pricing rule for the equipment" time="50.877">
      <system-out><![CDATA[
COMMAND: POST /session/6c63433432e656fe102e41a405bf48f6/element - {"using":"xpath","value":"//button[@data-kt=\"addButton\"]"}
RESULT: {}
RESULT: {"using":"xpath","value":"//button[@data-kt=\"addButton\"]"}
COMMAND: POST /session/6c63433432e656fe102e41a405bf48f6/elements - {"using":"xpath","value":"//button[@data-kt=\"addButton\"]"}
RESULT: {"using":"xpath","value":"//button[@data-kt=\"addButton\"]"}
COMMAND: POST /session/6c63433432e656fe102e41a405bf48f6/execute/sync - {"script":"<script> [8489 bytes]","args":[{"element-6066-11e4-a52e-4f735466cecf":"f.D105F16D3864A3F2742A47C77377899E.d.DF3250441B7F3361FD7A912BD0116C94.e.17824","ELEMENT":"f.D105F16D3864A3F2742A47C77377899E.d.DF3250441B7F3361FD7A912BD0116C94.e.17824"}]}
RESULT: {"script":"<script> [8489 bytes]","args":[{"element-6066-11e4-a52e-4f735466cecf":"f.D105F16D3864A3F2742A47C77377899E.d.DF3250441B7F3361FD7A912BD0116C94.e.17824","ELEMENT":"f.D105F16D3864A3F2742A47C77377899E.d.DF3250441B7F3361FD7A912BD0116C94.e.17824"}]}
COMMAND: GET /session/6c63433432e656fe102e41a405bf48f6/element/f.D105F16D3864A3F2742A47C77377899E.d.DF3250441B7F3361FD7A912BD0116C94.e.17824/enabled - {}
COMMAND: GET /session/6c63433432e656fe102e41a405bf48f6/screenshot - {}
RESULT: {}
COMMAND: POST /session/6c63433432e656fe102e41a405bf48f6/execute/sync - {"script":"<script> [8489 bytes]","args":[{"element-6066-11e4-a52e-4f735466cecf":"f.D105F16D3864A3F2742A47C77377899E.d.DF3250441B7F3361FD7A912BD0116C94.e.17824","ELEMENT":"f.D105F16D3864A3F2742A47C77377899E.d.DF3250441B7F3361FD7A912BD0116C94.e.17824"}]}
COMMAND: GET /session/6c63433432e656fe102e41a405bf48f6/screenshot - {}
RESULT: {}
RESULT: {"script":"<script> [8489 bytes]","args":[{"element-6066-11e4-a52e-4f735466cecf":"f.D105F16D3864A3F2742A47C77377899E.d.DF3250441B7F3361FD7A912BD0116C94.e.17824","ELEMENT":"f.D105F16D3864A3F2742A47C77377899E.d.DF3250441B7F3361FD7A912BD0116C94.e.17824"}]}
COMMAND: POST /session/6c63433432e656fe102e41a405bf48f6/execute/sync - {"script":"<script> [5351 bytes]","args":[{"element-6066-11e4-a52e-4f735466cecf":"f.D105F16D3864A3F2742A47C77377899E.d.DF3250441B7F3361FD7A912BD0116C94.e.17824","ELEMENT":"f.D105F16D3864A3F2742A47C77377899E.d.DF3250441B7F3361FD7A912BD0116C94.e.17824"}]}
COMMAND: GET /session/6c63433432e656fe102e41a405bf48f6/screenshot - {}
RESULT: {}
RESULT: {"script":"<script> [5351 bytes]","args":[{"element-6066-11e4-a52e-4f735466cecf":"f.D105F16D3864A3F2742A47C77377899E.d.DF3250441B7F3361FD7A912BD0116C94.e.17824","ELEMENT":"f.D105F16D3864A3F2742A47C77377899E.d.DF3250441B7F3361FD7A912BD0116C94.e.17824"}]}
COMMAND: POST /session/6c63433432e656fe102e41a405bf48f6/element/f.D105F16D3864A3F2742A47C77377899E.d.DF3250441B7F3361FD7A912BD0116C94.e.17824/click - {}
COMMAND: GET /session/6c63433432e656fe102e41a405bf48f6/screenshot - {}
RESULT: {}
RESULT: {}
COMMAND: GET /session/6c63433432e656fe102e41a405bf48f6/screenshot - {}
RESULT: {}
RESULT: {}
COMMAND: POST /session/6c63433432e656fe102e41a405bf48f6/execute/async - {"script":"<script> [1562 bytes]","args":[{"selector":{"controlType":"sap.m.Title","viewName":"etm.portal.ui.managepricingrules.view.NewItem","viewId":"application-managepricingrules-display-component---newInfoPriceItem","properties":{"text":"New Pricing Rules - Item Level"}},"wdio_ui5_key":"etmportal.ui.managepricingrules.view.NewItemsap.m.Title{\"text\":\"New Pricing Rules - Item Level\"}"}]}
RESULT: {"script":"<script> [1562 bytes]","args":[{"selector":{"controlType":"sap.m.Title","viewName":"etm.portal.ui.managepricingrules.view.NewItem","viewId":"application-managepricingrules-display-component---newInfoPriceItem","properties":{"text":"New Pricing Rules - Item Level"}},"wdio_ui5_key":"etmportal.ui.managepricingrules.view.NewItemsap.m.Title{\"text\":\"New Pricing Rules - Item Level\"}"}]}
RESULT: undefined
COMMAND: POST /session/6c63433432e656fe102e41a405bf48f6/execute/async - {"script":"<script> [6424 bytes]","args":[{"element-6066-11e4-a52e-4f735466cecf":"f.D105F16D3864A3F2742A47C77377899E.d.DF3250441B7F3361FD7A912BD0116C94.e.17997"},"getText",[]]}
RESULT: {"script":"<script> [6424 bytes]","args":[{"element-6066-11e4-a52e-4f735466cecf":"f.D105F16D3864A3F2742A47C77377899E.d.DF3250441B7F3361FD7A912BD0116C94.e.17997"},"getText",[]]}
COMMAND: POST /session/6c63433432e656fe102e41a405bf48f6/execute/async - {"script":"<script> [1562 bytes]","args":[{"selector":{"id":"application-managepricingrules-display-component---newInfoPriceItem--condValidTo","interaction":{"idSuffix":"inner"}},"wdio_ui5_key":"applicationmanagepricingrules-display-component---newInfoPriceItem--condValidTo"}]}
RESULT: {"script":"<script> [1562 bytes]","args":[{"selector":{"id":"application-managepricingrules-display-component---newInfoPriceItem--condValidTo","interaction":{"idSuffix":"inner"}},"wdio_ui5_key":"applicationmanagepricingrules-display-component---newInfoPriceItem--condValidTo"}]}
RESULT: undefined
COMMAND: POST /session/6c63433432e656fe102e41a405bf48f6/execute/async - {"script":"<script> [776 bytes]","args":[{"enterText":"01/04/26","selector":{"id":"application-managepricingrules-display-component---newInfoPriceItem--condValidTo","interaction":{"idSuffix":"inner"}},"clearTextFirst":true,"interactionType":"ENTER_TEXT"}]}
RESULT: {"script":"<script> [776 bytes]","args":[{"enterText":"01/04/26","selector":{"id":"application-managepricingrules-display-component---newInfoPriceItem--condValidTo","interaction":{"idSuffix":"inner"}},"clearTextFirst":true,"interactionType":"ENTER_TEXT"}]}
COMMAND: POST /session/6c63433432e656fe102e41a405bf48f6/execute/async - {"script":"<script> [1562 bytes]","args":[{"selector":{"id":"application-managepricingrules-display-component---newInfoPriceItem--billType-arrow"},"wdio_ui5_key":"applicationmanagepricingrules-display-component---newInfoPriceItem--billType-arrow"}]}
RESULT: {"script":"<script> [1562 bytes]","args":[{"selector":{"id":"application-managepricingrules-display-component---newInfoPriceItem--billType-arrow"},"wdio_ui5_key":"applicationmanagepricingrules-display-component---newInfoPriceItem--billType-arrow"}]}
RESULT: undefined
COMMAND: POST /session/6c63433432e656fe102e41a405bf48f6/element - {"using":"xpath","value":"//*[@id=\"application-managepricingrules-display-component---newInfoPriceItem--billType-arrow\"]"}
RESULT: {"using":"xpath","value":"//*[@id=\"application-managepricingrules-display-component---newInfoPriceItem--billType-arrow\"]"}
COMMAND: POST /session/6c63433432e656fe102e41a405bf48f6/element/f.D105F16D3864A3F2742A47C77377899E.d.DF3250441B7F3361FD7A912BD0116C94.e.17956/click - {}
RESULT: {}
COMMAND: POST /session/6c63433432e656fe102e41a405bf48f6/element - {"using":"xpath","value":"//span[contains(text(), \"TB - Time based\")]"}
COMMAND: GET /session/6c63433432e656fe102e41a405bf48f6/screenshot - {}
RESULT: {"using":"xpath","value":"//span[contains(text(), \"TB - Time based\")]"}
COMMAND: POST /session/6c63433432e656fe102e41a405bf48f6/element/f.D105F16D3864A3F2742A47C77377899E.d.DF3250441B7F3361FD7A912BD0116C94.e.17999/click - {}
RESULT: {}
RESULT: {}
COMMAND: POST /session/6c63433432e656fe102e41a405bf48f6/execute/async - {"script":"<script> [1562 bytes]","args":[{"selector":{"id":"application-managepricingrules-display-component---newInfoPriceItem--priceProc-arrow"},"wdio_ui5_key":"applicationmanagepricingrules-display-component---newInfoPriceItem--priceProc-arrow"}]}
COMMAND: GET /session/6c63433432e656fe102e41a405bf48f6/screenshot - {}
RESULT: {"script":"<script> [1562 bytes]","args":[{"selector":{"id":"application-managepricingrules-display-component---newInfoPriceItem--priceProc-arrow"},"wdio_ui5_key":"applicationmanagepricingrules-display-component---newInfoPriceItem--priceProc-arrow"}]}
RESULT: undefined
COMMAND: POST /session/6c63433432e656fe102e41a405bf48f6/element - {"using":"xpath","value":"//*[@id=\"application-managepricingrules-display-component---newInfoPriceItem--priceProc-arrow\"]"}
RESULT: {}
RESULT: {"using":"xpath","value":"//*[@id=\"application-managepricingrules-display-component---newInfoPriceItem--priceProc-arrow\"]"}
COMMAND: POST /session/6c63433432e656fe102e41a405bf48f6/element/f.D105F16D3864A3F2742A47C77377899E.d.DF3250441B7F3361FD7A912BD0116C94.e.17963/click - {}
RESULT: {}
COMMAND: POST /session/6c63433432e656fe102e41a405bf48f6/element - {"using":"xpath","value":"//span[contains(text(), \"TBS - Time based standard\")]"}
COMMAND: GET /session/6c63433432e656fe102e41a405bf48f6/screenshot - {}
RESULT: {"using":"xpath","value":"//span[contains(text(), \"TBS - Time based standard\")]"}
COMMAND: POST /session/6c63433432e656fe102e41a405bf48f6/element/f.D105F16D3864A3F2742A47C77377899E.d.DF3250441B7F3361FD7A912BD0116C94.e.18000/click - {}
RESULT: {}
RESULT: {}
COMMAND: POST /session/6c63433432e656fe102e41a405bf48f6/execute/async - {"script":"<script> [1562 bytes]","args":[{"selector":{"id":"application-managepricingrules-display-component---newInfoPriceItem--calcBase-arrow"},"wdio_ui5_key":"applicationmanagepricingrules-display-component---newInfoPriceItem--calcBase-arrow"}]}
COMMAND: GET /session/6c63433432e656fe102e41a405bf48f6/screenshot - {}
RESULT: {"script":"<script> [1562 bytes]","args":[{"selector":{"id":"application-managepricingrules-display-component---newInfoPriceItem--calcBase-arrow"},"wdio_ui5_key":"applicationmanagepricingrules-display-component---newInfoPriceItem--calcBase-arrow"}]}
RESULT: undefined
COMMAND: POST /session/6c63433432e656fe102e41a405bf48f6/element - {"using":"xpath","value":"//*[@id=\"application-managepricingrules-display-component---newInfoPriceItem--calcBase-arrow\"]"}
RESULT: {}
RESULT: {"using":"xpath","value":"//*[@id=\"application-managepricingrules-display-component---newInfoPriceItem--calcBase-arrow\"]"}
COMMAND: POST /session/6c63433432e656fe102e41a405bf48f6/element/f.D105F16D3864A3F2742A47C77377899E.d.DF3250441B7F3361FD7A912BD0116C94.e.17970/click - {}
RESULT: {}
COMMAND: GET /session/6c63433432e656fe102e41a405bf48f6/screenshot - {}
RESULT: {}
COMMAND: POST /session/6c63433432e656fe102e41a405bf48f6/element - {"using":"xpath","value":"//span[contains(text(), \"0006 - TB(calendar days)\")]"}
RESULT: {"using":"xpath","value":"//span[contains(text(), \"0006 - TB(calendar days)\")]"}
COMMAND: POST /session/6c63433432e656fe102e41a405bf48f6/element/f.D105F16D3864A3F2742A47C77377899E.d.DF3250441B7F3361FD7A912BD0116C94.e.18001/click - {}
RESULT: {}
COMMAND: GET /session/6c63433432e656fe102e41a405bf48f6/screenshot - {}
RESULT: {}
COMMAND: POST /session/6c63433432e656fe102e41a405bf48f6/execute/async - {"script":"<script> [1562 bytes]","args":[{"selector":{"id":"application-managepricingrules-display-component---newInfoPriceItem--daysMonth","interaction":{"idSuffix":"inner"}},"wdio_ui5_key":"applicationmanagepricingrules-display-component---newInfoPriceItem--daysMonth"}]}
RESULT: {"script":"<script> [1562 bytes]","args":[{"selector":{"id":"application-managepricingrules-display-component---newInfoPriceItem--daysMonth","interaction":{"idSuffix":"inner"}},"wdio_ui5_key":"applicationmanagepricingrules-display-component---newInfoPriceItem--daysMonth"}]}
RESULT: undefined
COMMAND: POST /session/6c63433432e656fe102e41a405bf48f6/execute/async - {"script":"<script> [776 bytes]","args":[{"enterText":"30","selector":{"id":"application-managepricingrules-display-component---newInfoPriceItem--daysMonth","interaction":{"idSuffix":"inner"}},"clearTextFirst":true,"interactionType":"ENTER_TEXT"}]}
RESULT: {"script":"<script> [776 bytes]","args":[{"enterText":"30","selector":{"id":"application-managepricingrules-display-component---newInfoPriceItem--daysMonth","interaction":{"idSuffix":"inner"}},"clearTextFirst":true,"interactionType":"ENTER_TEXT"}]}
COMMAND: POST /session/6c63433432e656fe102e41a405bf48f6/element - {"using":"xpath","value":"//button[@data-kt=\"saveNewRuleButton\"]"}
RESULT: {"using":"xpath","value":"//button[@data-kt=\"saveNewRuleButton\"]"}
COMMAND: POST /session/6c63433432e656fe102e41a405bf48f6/element/f.D105F16D3864A3F2742A47C77377899E.d.DF3250441B7F3361FD7A912BD0116C94.e.17990/click - {}
RESULT: {}
COMMAND: GET /session/6c63433432e656fe102e41a405bf48f6/screenshot - {}
RESULT: {}
COMMAND: POST /session/6c63433432e656fe102e41a405bf48f6/execute/async - {"script":"<script> [1562 bytes]","args":[{"selector":{"id":"application-managepricingrules-display-component---priceInfoItem--smartFilterBar-btnBasicSearch","interaction":{"idSuffix":"I"}},"wdio_ui5_key":"applicationmanagepricingrules-display-component---priceInfoItem--smartFilterBar-btnBasicSearch"}]}
RESULT: {"script":"<script> [1562 bytes]","args":[{"selector":{"id":"application-managepricingrules-display-component---priceInfoItem--smartFilterBar-btnBasicSearch","interaction":{"idSuffix":"I"}},"wdio_ui5_key":"applicationmanagepricingrules-display-component---priceInfoItem--smartFilterBar-btnBasicSearch"}]}
RESULT: undefined
COMMAND: POST /session/6c63433432e656fe102e41a405bf48f6/execute/async - {"script":"<script> [776 bytes]","args":[{"enterText":"6lReHmzvp5","selector":{"id":"application-managepricingrules-display-component---priceInfoItem--smartFilterBar-btnBasicSearch","interaction":{"idSuffix":"I"}},"clearTextFirst":true,"interactionType":"ENTER_TEXT"}]}
RESULT: {"script":"<script> [776 bytes]","args":[{"enterText":"6lReHmzvp5","selector":{"id":"application-managepricingrules-display-component---priceInfoItem--smartFilterBar-btnBasicSearch","interaction":{"idSuffix":"I"}},"clearTextFirst":true,"interactionType":"ENTER_TEXT"}]}
COMMAND: POST /session/6c63433432e656fe102e41a405bf48f6/actions - {"actions":[{"id":"action61","type":"key","parameters":{},"actions":[{"type":"keyDown","value":"î€‡"},{"type":"pause","duration":10},{"type":"keyUp","value":"î€‡"}]}]}
RESULT: {"actions":[{"id":"action61","type":"key","parameters":{},"actions":[{"type":"keyDown","value":"î€‡"},{"type":"pause","duration":10},{"type":"keyUp","value":"î€‡"}]}]}
COMMAND: GET /session/6c63433432e656fe102e41a405bf48f6/screenshot - {}
RESULT: {}
COMMAND: POST /session/6c63433432e656fe102e41a405bf48f6/element - {"using":"xpath","value":"//span[@id=\"application-managepricingrules-display-component---priceInfoItem--smartTable-header-inner\"]"}
RESULT: {"using":"xpath","value":"//span[@id=\"application-managepricingrules-display-component---priceInfoItem--smartTable-header-inner\"]"}
COMMAND: POST /session/6c63433432e656fe102e41a405bf48f6/elements - {"using":"xpath","value":"//span[@id=\"application-managepricingrules-display-component---priceInfoItem--smartTable-header-inner\"]"}
RESULT: {"using":"xpath","value":"//span[@id=\"application-managepricingrules-display-component---priceInfoItem--smartTable-header-inner\"]"}
COMMAND: POST /session/6c63433432e656fe102e41a405bf48f6/execute/sync - {"script":"<script> [56 bytes]","args":[{"element-6066-11e4-a52e-4f735466cecf":"f.D105F16D3864A3F2742A47C77377899E.d.DF3250441B7F3361FD7A912BD0116C94.e.18024","ELEMENT":"f.D105F16D3864A3F2742A47C77377899E.d.DF3250441B7F3361FD7A912BD0116C94.e.18024"}]}
RESULT: {"script":"<script> [56 bytes]","args":[{"element-6066-11e4-a52e-4f735466cecf":"f.D105F16D3864A3F2742A47C77377899E.d.DF3250441B7F3361FD7A912BD0116C94.e.18024","ELEMENT":"f.D105F16D3864A3F2742A47C77377899E.d.DF3250441B7F3361FD7A912BD0116C94.e.18024"}]}
COMMAND: POST /session/6c63433432e656fe102e41a405bf48f6/element - {"using":"css selector","value":"#shell-header-logo"}
COMMAND: GET /session/6c63433432e656fe102e41a405bf48f6/screenshot - {}
RESULT: {"using":"css selector","value":"#shell-header-logo"}
COMMAND: POST /session/6c63433432e656fe102e41a405bf48f6/element/f.D105F16D3864A3F2742A47C77377899E.d.DF3250441B7F3361FD7A912BD0116C94.e.17125/click - {}
RESULT: {}
RESULT: {}
COMMAND: GET /session/6c63433432e656fe102e41a405bf48f6/screenshot - {}
RESULT: {}
]]></system-out>
    </testcase>
    <testcase classname="chrome.135_0_7049_96.windows.Billing_Calculation_-_Time_based_(considering_transport_times)_US139738" name="Should create new pricing condition for the equipment" time="61.527">
      <system-out><![CDATA[
COMMAND: POST /session/6c63433432e656fe102e41a405bf48f6/execute/async - {"script":"<script> [1562 bytes]","args":[{"selector":{"controlType":"sap.m.Text","properties":{"text":"Manage Conditions & Prices"},"interaction":{"idSuffix":"inner"}},"wdio_ui5_key":"sapm.Text{\"text\":\"Manage Conditions & Prices\"}"}]}
RESULT: {"script":"<script> [1562 bytes]","args":[{"selector":{"controlType":"sap.m.Text","properties":{"text":"Manage Conditions & Prices"},"interaction":{"idSuffix":"inner"}},"wdio_ui5_key":"sapm.Text{\"text\":\"Manage Conditions & Prices\"}"}]}
RESULT: undefined
COMMAND: POST /session/6c63433432e656fe102e41a405bf48f6/element - {"using":"xpath","value":"//*[@id=\"__tile93-title\"]"}
RESULT: {"using":"xpath","value":"//*[@id=\"__tile93-title\"]"}
COMMAND: POST /session/6c63433432e656fe102e41a405bf48f6/element/f.D105F16D3864A3F2742A47C77377899E.d.DF3250441B7F3361FD7A912BD0116C94.e.18027/click - {}
RESULT: {}
COMMAND: POST /session/6c63433432e656fe102e41a405bf48f6/element - {"using":"xpath","value":"//button[@aria-label=\"Create\"]"}
COMMAND: GET /session/6c63433432e656fe102e41a405bf48f6/screenshot - {}
RESULT: {"using":"xpath","value":"//button[@aria-label=\"Create\"]"}
COMMAND: POST /session/6c63433432e656fe102e41a405bf48f6/elements - {"using":"xpath","value":"//button[@aria-label=\"Create\"]"}
RESULT: {}
RESULT: {"using":"xpath","value":"//button[@aria-label=\"Create\"]"}
COMMAND: POST /session/6c63433432e656fe102e41a405bf48f6/element - {"using":"xpath","value":"//button[@aria-label=\"Create\"]"}
RESULT: {"using":"xpath","value":"//button[@aria-label=\"Create\"]"}
COMMAND: POST /session/6c63433432e656fe102e41a405bf48f6/execute/sync - {"script":"<script> [8489 bytes]","args":[{"element-6066-11e4-a52e-4f735466cecf":"f.D105F16D3864A3F2742A47C77377899E.d.DF3250441B7F3361FD7A912BD0116C94.e.18061","ELEMENT":"f.D105F16D3864A3F2742A47C77377899E.d.DF3250441B7F3361FD7A912BD0116C94.e.18061"}]}
RESULT: {"script":"<script> [8489 bytes]","args":[{"element-6066-11e4-a52e-4f735466cecf":"f.D105F16D3864A3F2742A47C77377899E.d.DF3250441B7F3361FD7A912BD0116C94.e.18061","ELEMENT":"f.D105F16D3864A3F2742A47C77377899E.d.DF3250441B7F3361FD7A912BD0116C94.e.18061"}]}
COMMAND: GET /session/6c63433432e656fe102e41a405bf48f6/element/f.D105F16D3864A3F2742A47C77377899E.d.DF3250441B7F3361FD7A912BD0116C94.e.18061/enabled - {}
COMMAND: GET /session/6c63433432e656fe102e41a405bf48f6/screenshot - {}
RESULT: {}
COMMAND: POST /session/6c63433432e656fe102e41a405bf48f6/execute/sync - {"script":"<script> [8489 bytes]","args":[{"element-6066-11e4-a52e-4f735466cecf":"f.D105F16D3864A3F2742A47C77377899E.d.DF3250441B7F3361FD7A912BD0116C94.e.18061","ELEMENT":"f.D105F16D3864A3F2742A47C77377899E.d.DF3250441B7F3361FD7A912BD0116C94.e.18061"}]}
COMMAND: GET /session/6c63433432e656fe102e41a405bf48f6/screenshot - {}
RESULT: {}
RESULT: {"script":"<script> [8489 bytes]","args":[{"element-6066-11e4-a52e-4f735466cecf":"f.D105F16D3864A3F2742A47C77377899E.d.DF3250441B7F3361FD7A912BD0116C94.e.18061","ELEMENT":"f.D105F16D3864A3F2742A47C77377899E.d.DF3250441B7F3361FD7A912BD0116C94.e.18061"}]}
COMMAND: POST /session/6c63433432e656fe102e41a405bf48f6/execute/sync - {"script":"<script> [5351 bytes]","args":[{"element-6066-11e4-a52e-4f735466cecf":"f.D105F16D3864A3F2742A47C77377899E.d.DF3250441B7F3361FD7A912BD0116C94.e.18061","ELEMENT":"f.D105F16D3864A3F2742A47C77377899E.d.DF3250441B7F3361FD7A912BD0116C94.e.18061"}]}
COMMAND: GET /session/6c63433432e656fe102e41a405bf48f6/screenshot - {}
RESULT: {}
RESULT: {"script":"<script> [5351 bytes]","args":[{"element-6066-11e4-a52e-4f735466cecf":"f.D105F16D3864A3F2742A47C77377899E.d.DF3250441B7F3361FD7A912BD0116C94.e.18061","ELEMENT":"f.D105F16D3864A3F2742A47C77377899E.d.DF3250441B7F3361FD7A912BD0116C94.e.18061"}]}
COMMAND: POST /session/6c63433432e656fe102e41a405bf48f6/element/f.D105F16D3864A3F2742A47C77377899E.d.DF3250441B7F3361FD7A912BD0116C94.e.18061/click - {}
COMMAND: GET /session/6c63433432e656fe102e41a405bf48f6/screenshot - {}
RESULT: {}
RESULT: {}
COMMAND: GET /session/6c63433432e656fe102e41a405bf48f6/screenshot - {}
RESULT: {}
RESULT: {}
COMMAND: POST /session/6c63433432e656fe102e41a405bf48f6/actions - {"actions":[{"id":"action62","type":"key","parameters":{},"actions":[{"type":"keyDown","value":"î€‡"},{"type":"pause","duration":10},{"type":"keyUp","value":"î€‡"}]}]}
RESULT: {"actions":[{"id":"action62","type":"key","parameters":{},"actions":[{"type":"keyDown","value":"î€‡"},{"type":"pause","duration":10},{"type":"keyUp","value":"î€‡"}]}]}
COMMAND: GET /session/6c63433432e656fe102e41a405bf48f6/screenshot - {}
RESULT: {}
COMMAND: POST /session/6c63433432e656fe102e41a405bf48f6/execute/async - {"script":"<script> [1562 bytes]","args":[{"selector":{"id":"application-manageconditionprice-display-component---newCondition--condBillCond-arrow"},"wdio_ui5_key":"applicationmanageconditionprice-display-component---newCondition--condBillCond-arrow"}]}
RESULT: {"script":"<script> [1562 bytes]","args":[{"selector":{"id":"application-manageconditionprice-display-component---newCondition--condBillCond-arrow"},"wdio_ui5_key":"applicationmanageconditionprice-display-component---newCondition--condBillCond-arrow"}]}
RESULT: undefined
COMMAND: POST /session/6c63433432e656fe102e41a405bf48f6/element - {"using":"xpath","value":"//*[@id=\"application-manageconditionprice-display-component---newCondition--condBillCond-arrow\"]"}
RESULT: {"using":"xpath","value":"//*[@id=\"application-manageconditionprice-display-component---newCondition--condBillCond-arrow\"]"}
COMMAND: POST /session/6c63433432e656fe102e41a405bf48f6/element/f.D105F16D3864A3F2742A47C77377899E.d.DF3250441B7F3361FD7A912BD0116C94.e.18239/click - {}
RESULT: {}
COMMAND: GET /session/6c63433432e656fe102e41a405bf48f6/screenshot - {}
RESULT: {}
COMMAND: POST /session/6c63433432e656fe102e41a405bf48f6/element - {"using":"xpath","value":"//li[.//span[contains(text(), \"DISP - D&I special price\")]]"}
RESULT: {"using":"xpath","value":"//li[.//span[contains(text(), \"DISP - D&I special price\")]]"}
COMMAND: POST /session/6c63433432e656fe102e41a405bf48f6/element/f.D105F16D3864A3F2742A47C77377899E.d.DF3250441B7F3361FD7A912BD0116C94.e.18243/click - {}
RESULT: {}
COMMAND: GET /session/6c63433432e656fe102e41a405bf48f6/screenshot - {}
RESULT: {}
COMMAND: POST /session/6c63433432e656fe102e41a405bf48f6/execute/async - {"script":"<script> [1562 bytes]","args":[{"selector":{"id":"application-manageconditionprice-display-component---newCondition--condValidTo","interaction":{"idSuffix":"inner"}},"wdio_ui5_key":"applicationmanageconditionprice-display-component---newCondition--condValidTo"}]}
RESULT: {"script":"<script> [1562 bytes]","args":[{"selector":{"id":"application-manageconditionprice-display-component---newCondition--condValidTo","interaction":{"idSuffix":"inner"}},"wdio_ui5_key":"applicationmanageconditionprice-display-component---newCondition--condValidTo"}]}
RESULT: undefined
COMMAND: POST /session/6c63433432e656fe102e41a405bf48f6/execute/async - {"script":"<script> [776 bytes]","args":[{"enterText":"01/04/26","selector":{"id":"application-manageconditionprice-display-component---newCondition--condValidTo","interaction":{"idSuffix":"inner"}},"clearTextFirst":true,"interactionType":"ENTER_TEXT"}]}
RESULT: {"script":"<script> [776 bytes]","args":[{"enterText":"01/04/26","selector":{"id":"application-manageconditionprice-display-component---newCondition--condValidTo","interaction":{"idSuffix":"inner"}},"clearTextFirst":true,"interactionType":"ENTER_TEXT"}]}
COMMAND: POST /session/6c63433432e656fe102e41a405bf48f6/element - {"using":"xpath","value":"//input[@id=\"application-manageconditionprice-display-component---newCondition--condRU-inner\"]"}
RESULT: {"using":"xpath","value":"//input[@id=\"application-manageconditionprice-display-component---newCondition--condRU-inner\"]"}
COMMAND: POST /session/6c63433432e656fe102e41a405bf48f6/element/f.D105F16D3864A3F2742A47C77377899E.d.DF3250441B7F3361FD7A912BD0116C94.e.18106/clear - {}
RESULT: {}
COMMAND: POST /session/6c63433432e656fe102e41a405bf48f6/element/f.D105F16D3864A3F2742A47C77377899E.d.DF3250441B7F3361FD7A912BD0116C94.e.18106/value - {"text":"6lReHmzvp5"}
COMMAND: GET /session/6c63433432e656fe102e41a405bf48f6/screenshot - {}
RESULT: {"text":"6lReHmzvp5"}
COMMAND: GET /session/6c63433432e656fe102e41a405bf48f6/screenshot - {}
RESULT: {}
RESULT: {}
COMMAND: POST /session/6c63433432e656fe102e41a405bf48f6/actions - {"actions":[{"id":"action63","type":"key","parameters":{},"actions":[{"type":"keyDown","value":"î€‡"},{"type":"pause","duration":10},{"type":"keyUp","value":"î€‡"}]}]}
RESULT: {"actions":[{"id":"action63","type":"key","parameters":{},"actions":[{"type":"keyDown","value":"î€‡"},{"type":"pause","duration":10},{"type":"keyUp","value":"î€‡"}]}]}
COMMAND: POST /session/6c63433432e656fe102e41a405bf48f6/execute/async - {"script":"<script> [1562 bytes]","args":[{"selector":{"id":"application-manageconditionprice-display-component---newCondition--condBaseQty","interaction":{"idSuffix":"inner"}},"wdio_ui5_key":"applicationmanageconditionprice-display-component---newCondition--condBaseQty"}]}
COMMAND: GET /session/6c63433432e656fe102e41a405bf48f6/screenshot - {}
RESULT: {"script":"<script> [1562 bytes]","args":[{"selector":{"id":"application-manageconditionprice-display-component---newCondition--condBaseQty","interaction":{"idSuffix":"inner"}},"wdio_ui5_key":"applicationmanageconditionprice-display-component---newCondition--condBaseQty"}]}
RESULT: undefined
COMMAND: POST /session/6c63433432e656fe102e41a405bf48f6/execute/async - {"script":"<script> [776 bytes]","args":[{"enterText":"1","selector":{"id":"application-manageconditionprice-display-component---newCondition--condBaseQty","interaction":{"idSuffix":"inner"}},"clearTextFirst":true,"interactionType":"ENTER_TEXT"}]}
RESULT: {}
RESULT: {"script":"<script> [776 bytes]","args":[{"enterText":"1","selector":{"id":"application-manageconditionprice-display-component---newCondition--condBaseQty","interaction":{"idSuffix":"inner"}},"clearTextFirst":true,"interactionType":"ENTER_TEXT"}]}
COMMAND: POST /session/6c63433432e656fe102e41a405bf48f6/execute/async - {"script":"<script> [1562 bytes]","args":[{"selector":{"id":"application-manageconditionprice-display-component---newCondition--condValue","interaction":{"idSuffix":"inner"}},"wdio_ui5_key":"applicationmanageconditionprice-display-component---newCondition--condValue"}]}
RESULT: {"script":"<script> [1562 bytes]","args":[{"selector":{"id":"application-manageconditionprice-display-component---newCondition--condValue","interaction":{"idSuffix":"inner"}},"wdio_ui5_key":"applicationmanageconditionprice-display-component---newCondition--condValue"}]}
RESULT: undefined
COMMAND: POST /session/6c63433432e656fe102e41a405bf48f6/execute/async - {"script":"<script> [776 bytes]","args":[{"enterText":"100","selector":{"id":"application-manageconditionprice-display-component---newCondition--condValue","interaction":{"idSuffix":"inner"}},"clearTextFirst":true,"interactionType":"ENTER_TEXT"}]}
RESULT: {"script":"<script> [776 bytes]","args":[{"enterText":"100","selector":{"id":"application-manageconditionprice-display-component---newCondition--condValue","interaction":{"idSuffix":"inner"}},"clearTextFirst":true,"interactionType":"ENTER_TEXT"}]}
COMMAND: POST /session/6c63433432e656fe102e41a405bf48f6/execute/async - {"script":"<script> [1562 bytes]","args":[{"selector":{"id":"application-manageconditionprice-display-component---newCondition--condCurr-arrow"},"wdio_ui5_key":"applicationmanageconditionprice-display-component---newCondition--condCurr-arrow"}]}
RESULT: {"script":"<script> [1562 bytes]","args":[{"selector":{"id":"application-manageconditionprice-display-component---newCondition--condCurr-arrow"},"wdio_ui5_key":"applicationmanageconditionprice-display-component---newCondition--condCurr-arrow"}]}
RESULT: undefined
COMMAND: POST /session/6c63433432e656fe102e41a405bf48f6/element - {"using":"xpath","value":"//*[@id=\"application-manageconditionprice-display-component---newCondition--condCurr-arrow\"]"}
RESULT: {"using":"xpath","value":"//*[@id=\"application-manageconditionprice-display-component---newCondition--condCurr-arrow\"]"}
COMMAND: POST /session/6c63433432e656fe102e41a405bf48f6/element/f.D105F16D3864A3F2742A47C77377899E.d.DF3250441B7F3361FD7A912BD0116C94.e.18223/click - {}
RESULT: {}
COMMAND: POST /session/6c63433432e656fe102e41a405bf48f6/element - {"using":"xpath","value":"//span[contains(text(), \"Euro\")]"}
COMMAND: GET /session/6c63433432e656fe102e41a405bf48f6/screenshot - {}
RESULT: {"using":"xpath","value":"//span[contains(text(), \"Euro\")]"}
COMMAND: POST /session/6c63433432e656fe102e41a405bf48f6/element/f.D105F16D3864A3F2742A47C77377899E.d.DF3250441B7F3361FD7A912BD0116C94.e.18280/click - {}
RESULT: {}
RESULT: {}
COMMAND: POST /session/6c63433432e656fe102e41a405bf48f6/element - {"using":"xpath","value":"//button[@data-kt=\"saveButton\"]"}
COMMAND: GET /session/6c63433432e656fe102e41a405bf48f6/screenshot - {}
RESULT: {"using":"xpath","value":"//button[@data-kt=\"saveButton\"]"}
COMMAND: POST /session/6c63433432e656fe102e41a405bf48f6/element/f.D105F16D3864A3F2742A47C77377899E.d.DF3250441B7F3361FD7A912BD0116C94.e.18224/click - {}
RESULT: {}
RESULT: {}
COMMAND: GET /session/6c63433432e656fe102e41a405bf48f6/screenshot - {}
RESULT: {}
COMMAND: POST /session/6c63433432e656fe102e41a405bf48f6/execute/async - {"script":"<script> [1562 bytes]","args":[{"selector":{"id":"application-manageconditionprice-display-component---conditions--smartFilterBar-btnBasicSearch","interaction":{"idSuffix":"I"}},"wdio_ui5_key":"applicationmanageconditionprice-display-component---conditions--smartFilterBar-btnBasicSearch"}]}
RESULT: {"script":"<script> [1562 bytes]","args":[{"selector":{"id":"application-manageconditionprice-display-component---conditions--smartFilterBar-btnBasicSearch","interaction":{"idSuffix":"I"}},"wdio_ui5_key":"applicationmanageconditionprice-display-component---conditions--smartFilterBar-btnBasicSearch"}]}
RESULT: undefined
COMMAND: POST /session/6c63433432e656fe102e41a405bf48f6/execute/async - {"script":"<script> [776 bytes]","args":[{"enterText":"6lReHmzvp5","selector":{"id":"application-manageconditionprice-display-component---conditions--smartFilterBar-btnBasicSearch","interaction":{"idSuffix":"I"}},"clearTextFirst":true,"interactionType":"ENTER_TEXT"}]}
RESULT: {"script":"<script> [776 bytes]","args":[{"enterText":"6lReHmzvp5","selector":{"id":"application-manageconditionprice-display-component---conditions--smartFilterBar-btnBasicSearch","interaction":{"idSuffix":"I"}},"clearTextFirst":true,"interactionType":"ENTER_TEXT"}]}
COMMAND: POST /session/6c63433432e656fe102e41a405bf48f6/actions - {"actions":[{"id":"action64","type":"key","parameters":{},"actions":[{"type":"keyDown","value":"î€‡"},{"type":"pause","duration":10},{"type":"keyUp","value":"î€‡"}]}]}
RESULT: {"actions":[{"id":"action64","type":"key","parameters":{},"actions":[{"type":"keyDown","value":"î€‡"},{"type":"pause","duration":10},{"type":"keyUp","value":"î€‡"}]}]}
COMMAND: GET /session/6c63433432e656fe102e41a405bf48f6/screenshot - {}
RESULT: {}
COMMAND: POST /session/6c63433432e656fe102e41a405bf48f6/execute/async - {"script":"<script> [1562 bytes]","args":[{"selector":{"id":"application-manageconditionprice-display-component---conditions--smartFilterBar-filterItemControl_BASIC-BILL_TYPES-vhi"},"wdio_ui5_key":"applicationmanageconditionprice-display-component---conditions--smartFilterBar-filterItemControl_BASIC-BILL_TYPES-vhi"}]}
RESULT: {"script":"<script> [1562 bytes]","args":[{"selector":{"id":"application-manageconditionprice-display-component---conditions--smartFilterBar-filterItemControl_BASIC-BILL_TYPES-vhi"},"wdio_ui5_key":"applicationmanageconditionprice-display-component---conditions--smartFilterBar-filterItemControl_BASIC-BILL_TYPES-vhi"}]}
RESULT: undefined
COMMAND: POST /session/6c63433432e656fe102e41a405bf48f6/element - {"using":"xpath","value":"//*[@id=\"application-manageconditionprice-display-component---conditions--smartFilterBar-filterItemControl_BASIC-BILL_TYPES-vhi\"]"}
RESULT: {"using":"xpath","value":"//*[@id=\"application-manageconditionprice-display-component---conditions--smartFilterBar-filterItemControl_BASIC-BILL_TYPES-vhi\"]"}
COMMAND: POST /session/6c63433432e656fe102e41a405bf48f6/element/f.D105F16D3864A3F2742A47C77377899E.d.DF3250441B7F3361FD7A912BD0116C94.e.18386/click - {}
RESULT: {}
COMMAND: POST /session/6c63433432e656fe102e41a405bf48f6/execute/async - {"script":"<script> [1562 bytes]","args":[{"selector":{"id":"application-manageconditionprice-display-component---conditions--smartFilterBar-filterItemControl_BASIC-BILL_TYPES-valueHelpDialog-smartFilterBar-btnBasicSearch","searchOpenDialogs":true,"interaction":{"idSuffix":"I"}},"wdio_ui5_key":"applicationmanageconditionprice-display-component---conditions--smartFilterBar-filterItemControl_BASIC-BILL_TYPES-valueHelpDialog-smartFilterBar-btnBasicSearch"}]}
COMMAND: GET /session/6c63433432e656fe102e41a405bf48f6/screenshot - {}
RESULT: {"script":"<script> [1562 bytes]","args":[{"selector":{"id":"application-manageconditionprice-display-component---conditions--smartFilterBar-filterItemControl_BASIC-BILL_TYPES-valueHelpDialog-smartFilterBar-btnBasicSearch","searchOpenDialogs":true,"interaction":{"idSuffix":"I"}},"wdio_ui5_key":"applicationmanageconditionprice-display-component---conditions--smartFilterBar-filterItemControl_BASIC-BILL_TYPES-valueHelpDialog-smartFilterBar-btnBasicSearch"}]}
RESULT: undefined
COMMAND: POST /session/6c63433432e656fe102e41a405bf48f6/execute/async - {"script":"<script> [776 bytes]","args":[{"enterText":"TB","selector":{"id":"application-manageconditionprice-display-component---conditions--smartFilterBar-filterItemControl_BASIC-BILL_TYPES-valueHelpDialog-smartFilterBar-btnBasicSearch","searchOpenDialogs":true,"interaction":{"idSuffix":"I"}},"clearTextFirst":true,"interactionType":"ENTER_TEXT"}]}
RESULT: {}
RESULT: {"script":"<script> [776 bytes]","args":[{"enterText":"TB","selector":{"id":"application-manageconditionprice-display-component---conditions--smartFilterBar-filterItemControl_BASIC-BILL_TYPES-valueHelpDialog-smartFilterBar-btnBasicSearch","searchOpenDialogs":true,"interaction":{"idSuffix":"I"}},"clearTextFirst":true,"interactionType":"ENTER_TEXT"}]}
COMMAND: POST /session/6c63433432e656fe102e41a405bf48f6/actions - {"actions":[{"id":"action65","type":"key","parameters":{},"actions":[{"type":"keyDown","value":"î€‡"},{"type":"pause","duration":10},{"type":"keyUp","value":"î€‡"}]}]}
RESULT: {"actions":[{"id":"action65","type":"key","parameters":{},"actions":[{"type":"keyDown","value":"î€‡"},{"type":"pause","duration":10},{"type":"keyUp","value":"î€‡"}]}]}
COMMAND: GET /session/6c63433432e656fe102e41a405bf48f6/screenshot - {}
RESULT: {}
COMMAND: POST /session/6c63433432e656fe102e41a405bf48f6/element - {"using":"xpath","value":"//div[contains(@id, 'application-manageconditionprice-display-component---conditions--smartFilterBar-filterItemControl_BASIC-BILL_TYPES-valueHelpDialog-table-rowsel0')]"}
RESULT: {"using":"xpath","value":"//div[contains(@id, 'application-manageconditionprice-display-component---conditions--smartFilterBar-filterItemControl_BASIC-BILL_TYPES-valueHelpDialog-table-rowsel0')]"}
COMMAND: POST /session/6c63433432e656fe102e41a405bf48f6/element/f.D105F16D3864A3F2742A47C77377899E.d.DF3250441B7F3361FD7A912BD0116C94.e.18394/click - {}
RESULT: {}
COMMAND: GET /session/6c63433432e656fe102e41a405bf48f6/screenshot - {}
RESULT: {}
COMMAND: POST /session/6c63433432e656fe102e41a405bf48f6/element - {"using":"xpath","value":"//bdi[contains(text(), \"OK\")]"}
RESULT: {"using":"xpath","value":"//bdi[contains(text(), \"OK\")]"}
COMMAND: POST /session/6c63433432e656fe102e41a405bf48f6/element/f.D105F16D3864A3F2742A47C77377899E.d.DF3250441B7F3361FD7A912BD0116C94.e.18396/click - {}
RESULT: {}
COMMAND: GET /session/6c63433432e656fe102e41a405bf48f6/screenshot - {}
RESULT: {}
COMMAND: POST /session/6c63433432e656fe102e41a405bf48f6/element - {"using":"xpath","value":"//span[@id=\"application-manageconditionprice-display-component---conditions--smartTable-header-inner\"]"}
RESULT: {"using":"xpath","value":"//span[@id=\"application-manageconditionprice-display-component---conditions--smartTable-header-inner\"]"}
COMMAND: POST /session/6c63433432e656fe102e41a405bf48f6/elements - {"using":"xpath","value":"//span[@id=\"application-manageconditionprice-display-component---conditions--smartTable-header-inner\"]"}
RESULT: {"using":"xpath","value":"//span[@id=\"application-manageconditionprice-display-component---conditions--smartTable-header-inner\"]"}
COMMAND: POST /session/6c63433432e656fe102e41a405bf48f6/execute/sync - {"script":"<script> [56 bytes]","args":[{"element-6066-11e4-a52e-4f735466cecf":"f.D105F16D3864A3F2742A47C77377899E.d.DF3250441B7F3361FD7A912BD0116C94.e.18399","ELEMENT":"f.D105F16D3864A3F2742A47C77377899E.d.DF3250441B7F3361FD7A912BD0116C94.e.18399"}]}
RESULT: {"script":"<script> [56 bytes]","args":[{"element-6066-11e4-a52e-4f735466cecf":"f.D105F16D3864A3F2742A47C77377899E.d.DF3250441B7F3361FD7A912BD0116C94.e.18399","ELEMENT":"f.D105F16D3864A3F2742A47C77377899E.d.DF3250441B7F3361FD7A912BD0116C94.e.18399"}]}
COMMAND: POST /session/6c63433432e656fe102e41a405bf48f6/element - {"using":"css selector","value":"#shell-header-logo"}
COMMAND: GET /session/6c63433432e656fe102e41a405bf48f6/screenshot - {}
RESULT: {"using":"css selector","value":"#shell-header-logo"}
COMMAND: POST /session/6c63433432e656fe102e41a405bf48f6/element/f.D105F16D3864A3F2742A47C77377899E.d.DF3250441B7F3361FD7A912BD0116C94.e.18029/click - {}
RESULT: {}
RESULT: {}
COMMAND: GET /session/6c63433432e656fe102e41a405bf48f6/screenshot - {}
RESULT: {}
]]></system-out>
    </testcase>
    <testcase classname="chrome.135_0_7049_96.windows.Billing_Calculation_-_Time_based_(considering_transport_times)_US139738" name="Should do a stock increase for the equipment" time="78.122">
      <system-out><![CDATA[
COMMAND: POST /session/6c63433432e656fe102e41a405bf48f6/execute/async - {"script":"<script> [1562 bytes]","args":[{"selector":{"controlType":"sap.m.Text","viewName":"etm.portal.ui.managehandoverstile.view.Master","properties":{"text":"Manage Handovers"},"interaction":{"idSuffix":"inner"}},"wdio_ui5_key":"etmportal.ui.managehandoverstile.view.Mastersap.m.Text{\"text\":\"Manage Handovers\"}"}]}
RESULT: {"script":"<script> [1562 bytes]","args":[{"selector":{"controlType":"sap.m.Text","viewName":"etm.portal.ui.managehandoverstile.view.Master","properties":{"text":"Manage Handovers"},"interaction":{"idSuffix":"inner"}},"wdio_ui5_key":"etmportal.ui.managehandoverstile.view.Mastersap.m.Text{\"text\":\"Manage Handovers\"}"}]}
RESULT: undefined
COMMAND: POST /session/6c63433432e656fe102e41a405bf48f6/element - {"using":"xpath","value":"//*[@id=\"__tile131-title\"]"}
RESULT: {"using":"xpath","value":"//*[@id=\"__tile131-title\"]"}
COMMAND: POST /session/6c63433432e656fe102e41a405bf48f6/element/f.D105F16D3864A3F2742A47C77377899E.d.DF3250441B7F3361FD7A912BD0116C94.e.18404/click - {}
RESULT: {}
COMMAND: POST /session/6c63433432e656fe102e41a405bf48f6/element - {"using":"xpath","value":"//button[@data-kt=\"masterHOAddButton\"]"}
COMMAND: GET /session/6c63433432e656fe102e41a405bf48f6/screenshot - {}
RESULT: {}
RESULT: {"using":"xpath","value":"//button[@data-kt=\"masterHOAddButton\"]"}
COMMAND: POST /session/6c63433432e656fe102e41a405bf48f6/elements - {"using":"xpath","value":"//button[@data-kt=\"masterHOAddButton\"]"}
RESULT: {"using":"xpath","value":"//button[@data-kt=\"masterHOAddButton\"]"}
COMMAND: POST /session/6c63433432e656fe102e41a405bf48f6/elements - {"using":"xpath","value":"//button[@data-kt=\"masterHOAddButton\"]"}
RESULT: {"using":"xpath","value":"//button[@data-kt=\"masterHOAddButton\"]"}
COMMAND: POST /session/6c63433432e656fe102e41a405bf48f6/elements - {"using":"xpath","value":"//button[@data-kt=\"masterHOAddButton\"]"}
RESULT: {"using":"xpath","value":"//button[@data-kt=\"masterHOAddButton\"]"}
COMMAND: POST /session/6c63433432e656fe102e41a405bf48f6/elements - {"using":"xpath","value":"//button[@data-kt=\"masterHOAddButton\"]"}
RESULT: {"using":"xpath","value":"//button[@data-kt=\"masterHOAddButton\"]"}
COMMAND: POST /session/6c63433432e656fe102e41a405bf48f6/elements - {"using":"xpath","value":"//button[@data-kt=\"masterHOAddButton\"]"}
RESULT: {"using":"xpath","value":"//button[@data-kt=\"masterHOAddButton\"]"}
COMMAND: POST /session/6c63433432e656fe102e41a405bf48f6/elements - {"using":"xpath","value":"//button[@data-kt=\"masterHOAddButton\"]"}
RESULT: {"using":"xpath","value":"//button[@data-kt=\"masterHOAddButton\"]"}
COMMAND: POST /session/6c63433432e656fe102e41a405bf48f6/elements - {"using":"xpath","value":"//button[@data-kt=\"masterHOAddButton\"]"}
RESULT: {"using":"xpath","value":"//button[@data-kt=\"masterHOAddButton\"]"}
COMMAND: POST /session/6c63433432e656fe102e41a405bf48f6/elements - {"using":"xpath","value":"//button[@data-kt=\"masterHOAddButton\"]"}
RESULT: {"using":"xpath","value":"//button[@data-kt=\"masterHOAddButton\"]"}
COMMAND: POST /session/6c63433432e656fe102e41a405bf48f6/elements - {"using":"xpath","value":"//button[@data-kt=\"masterHOAddButton\"]"}
RESULT: {"using":"xpath","value":"//button[@data-kt=\"masterHOAddButton\"]"}
COMMAND: POST /session/6c63433432e656fe102e41a405bf48f6/elements - {"using":"xpath","value":"//button[@data-kt=\"masterHOAddButton\"]"}
RESULT: {"using":"xpath","value":"//button[@data-kt=\"masterHOAddButton\"]"}
COMMAND: POST /session/6c63433432e656fe102e41a405bf48f6/element - {"using":"xpath","value":"//button[@data-kt=\"masterHOAddButton\"]"}
RESULT: {"using":"xpath","value":"//button[@data-kt=\"masterHOAddButton\"]"}
COMMAND: POST /session/6c63433432e656fe102e41a405bf48f6/execute/sync - {"script":"<script> [8489 bytes]","args":[{"element-6066-11e4-a52e-4f735466cecf":"f.D105F16D3864A3F2742A47C77377899E.d.DF3250441B7F3361FD7A912BD0116C94.e.18430","ELEMENT":"f.D105F16D3864A3F2742A47C77377899E.d.DF3250441B7F3361FD7A912BD0116C94.e.18430"}]}
RESULT: {"script":"<script> [8489 bytes]","args":[{"element-6066-11e4-a52e-4f735466cecf":"f.D105F16D3864A3F2742A47C77377899E.d.DF3250441B7F3361FD7A912BD0116C94.e.18430","ELEMENT":"f.D105F16D3864A3F2742A47C77377899E.d.DF3250441B7F3361FD7A912BD0116C94.e.18430"}]}
COMMAND: GET /session/6c63433432e656fe102e41a405bf48f6/element/f.D105F16D3864A3F2742A47C77377899E.d.DF3250441B7F3361FD7A912BD0116C94.e.18430/enabled - {}
COMMAND: GET /session/6c63433432e656fe102e41a405bf48f6/screenshot - {}
RESULT: {}
COMMAND: POST /session/6c63433432e656fe102e41a405bf48f6/execute/sync - {"script":"<script> [8489 bytes]","args":[{"element-6066-11e4-a52e-4f735466cecf":"f.D105F16D3864A3F2742A47C77377899E.d.DF3250441B7F3361FD7A912BD0116C94.e.18430","ELEMENT":"f.D105F16D3864A3F2742A47C77377899E.d.DF3250441B7F3361FD7A912BD0116C94.e.18430"}]}
COMMAND: GET /session/6c63433432e656fe102e41a405bf48f6/screenshot - {}
RESULT: {}
RESULT: {"script":"<script> [8489 bytes]","args":[{"element-6066-11e4-a52e-4f735466cecf":"f.D105F16D3864A3F2742A47C77377899E.d.DF3250441B7F3361FD7A912BD0116C94.e.18430","ELEMENT":"f.D105F16D3864A3F2742A47C77377899E.d.DF3250441B7F3361FD7A912BD0116C94.e.18430"}]}
COMMAND: POST /session/6c63433432e656fe102e41a405bf48f6/execute/sync - {"script":"<script> [5351 bytes]","args":[{"element-6066-11e4-a52e-4f735466cecf":"f.D105F16D3864A3F2742A47C77377899E.d.DF3250441B7F3361FD7A912BD0116C94.e.18430","ELEMENT":"f.D105F16D3864A3F2742A47C77377899E.d.DF3250441B7F3361FD7A912BD0116C94.e.18430"}]}
COMMAND: GET /session/6c63433432e656fe102e41a405bf48f6/screenshot - {}
RESULT: {}
RESULT: {"script":"<script> [5351 bytes]","args":[{"element-6066-11e4-a52e-4f735466cecf":"f.D105F16D3864A3F2742A47C77377899E.d.DF3250441B7F3361FD7A912BD0116C94.e.18430","ELEMENT":"f.D105F16D3864A3F2742A47C77377899E.d.DF3250441B7F3361FD7A912BD0116C94.e.18430"}]}
COMMAND: POST /session/6c63433432e656fe102e41a405bf48f6/element/f.D105F16D3864A3F2742A47C77377899E.d.DF3250441B7F3361FD7A912BD0116C94.e.18430/click - {}
COMMAND: GET /session/6c63433432e656fe102e41a405bf48f6/screenshot - {}
RESULT: {}
RESULT: {}
COMMAND: GET /session/6c63433432e656fe102e41a405bf48f6/screenshot - {}
RESULT: {}
COMMAND: POST /session/6c63433432e656fe102e41a405bf48f6/element - {"using":"xpath","value":"//span[contains(@id ,\"AddNewHO--typeSelect-arrow\")]"}
RESULT: {}
RESULT: {"using":"xpath","value":"//span[contains(@id ,\"AddNewHO--typeSelect-arrow\")]"}
COMMAND: POST /session/6c63433432e656fe102e41a405bf48f6/element/f.D105F16D3864A3F2742A47C77377899E.d.DF3250441B7F3361FD7A912BD0116C94.e.18803/click - {}
RESULT: {}
COMMAND: GET /session/6c63433432e656fe102e41a405bf48f6/screenshot - {}
RESULT: {}
COMMAND: POST /session/6c63433432e656fe102e41a405bf48f6/element - {"using":"xpath","value":"(//li[contains(text(), \"stock increase yard\")])[1]"}
RESULT: {"using":"xpath","value":"(//li[contains(text(), \"stock increase yard\")])[1]"}
COMMAND: POST /session/6c63433432e656fe102e41a405bf48f6/element/f.D105F16D3864A3F2742A47C77377899E.d.DF3250441B7F3361FD7A912BD0116C94.e.18804/click - {}
RESULT: {}
COMMAND: GET /session/6c63433432e656fe102e41a405bf48f6/screenshot - {}
RESULT: {}
COMMAND: POST /session/6c63433432e656fe102e41a405bf48f6/execute/async - {"script":"<script> [1562 bytes]","args":[{"selector":{"id":"application-managehandovers-display-component---AddNewHO--dueDate","interaction":{"idSuffix":"inner"}},"wdio_ui5_key":"applicationmanagehandovers-display-component---AddNewHO--dueDate"}]}
RESULT: {"script":"<script> [1562 bytes]","args":[{"selector":{"id":"application-managehandovers-display-component---AddNewHO--dueDate","interaction":{"idSuffix":"inner"}},"wdio_ui5_key":"applicationmanagehandovers-display-component---AddNewHO--dueDate"}]}
RESULT: undefined
COMMAND: POST /session/6c63433432e656fe102e41a405bf48f6/execute/async - {"script":"<script> [6424 bytes]","args":[{"element-6066-11e4-a52e-4f735466cecf":"f.D105F16D3864A3F2742A47C77377899E.d.DF3250441B7F3361FD7A912BD0116C94.e.18806"},"setValue",["05/04/2025"]]}
RESULT: {"script":"<script> [6424 bytes]","args":[{"element-6066-11e4-a52e-4f735466cecf":"f.D105F16D3864A3F2742A47C77377899E.d.DF3250441B7F3361FD7A912BD0116C94.e.18806"},"setValue",["05/04/2025"]]}
COMMAND: POST /session/6c63433432e656fe102e41a405bf48f6/element - {"using":"xpath","value":"//input[@id=\"generalSectionFrg--receiveYard-inner\"]"}
RESULT: {"using":"xpath","value":"//input[@id=\"generalSectionFrg--receiveYard-inner\"]"}
COMMAND: POST /session/6c63433432e656fe102e41a405bf48f6/element/f.D105F16D3864A3F2742A47C77377899E.d.DF3250441B7F3361FD7A912BD0116C94.e.18812/clear - {}
RESULT: {}
COMMAND: POST /session/6c63433432e656fe102e41a405bf48f6/element/f.D105F16D3864A3F2742A47C77377899E.d.DF3250441B7F3361FD7A912BD0116C94.e.18812/value - {"text":"546"}
COMMAND: GET /session/6c63433432e656fe102e41a405bf48f6/screenshot - {}
RESULT: {"text":"546"}
COMMAND: GET /session/6c63433432e656fe102e41a405bf48f6/screenshot - {}
RESULT: {}
RESULT: {}
COMMAND: POST /session/6c63433432e656fe102e41a405bf48f6/element - {"using":"xpath","value":"//li[.//span[text()='546']]"}
RESULT: {"using":"xpath","value":"//li[.//span[text()='546']]"}
COMMAND: POST /session/6c63433432e656fe102e41a405bf48f6/element/f.D105F16D3864A3F2742A47C77377899E.d.DF3250441B7F3361FD7A912BD0116C94.e.18830/click - {}
RESULT: {}
COMMAND: GET /session/6c63433432e656fe102e41a405bf48f6/screenshot - {}
RESULT: {}
COMMAND: POST /session/6c63433432e656fe102e41a405bf48f6/execute/async - {"script":"<script> [1562 bytes]","args":[{"selector":{"id":"application-managehandovers-display-component---AddNewHO--ObjectPageLayout-anchBar-application-managehandovers-display-component---AddNewHO--section4-anchor","interaction":{"idSuffix":"BDI-content"}},"wdio_ui5_key":"applicationmanagehandovers-display-component---AddNewHO--ObjectPageLayout-anchBar-application-managehandovers-display-component---AddNewHO--section4-anchor"}]}
RESULT: {"script":"<script> [1562 bytes]","args":[{"selector":{"id":"application-managehandovers-display-component---AddNewHO--ObjectPageLayout-anchBar-application-managehandovers-display-component---AddNewHO--section4-anchor","interaction":{"idSuffix":"BDI-content"}},"wdio_ui5_key":"applicationmanagehandovers-display-component---AddNewHO--ObjectPageLayout-anchBar-application-managehandovers-display-component---AddNewHO--section4-anchor"}]}
RESULT: undefined
COMMAND: POST /session/6c63433432e656fe102e41a405bf48f6/element - {"using":"xpath","value":"//*[@id=\"application-managehandovers-display-component---AddNewHO--ObjectPageLayout-anchBar-application-managehandovers-display-component---AddNewHO--section4-anchor\"]"}
RESULT: {"using":"xpath","value":"//*[@id=\"application-managehandovers-display-component---AddNewHO--ObjectPageLayout-anchBar-application-managehandovers-display-component---AddNewHO--section4-anchor\"]"}
COMMAND: POST /session/6c63433432e656fe102e41a405bf48f6/element/f.D105F16D3864A3F2742A47C77377899E.d.DF3250441B7F3361FD7A912BD0116C94.e.18832/click - {}
RESULT: {}
COMMAND: POST /session/6c63433432e656fe102e41a405bf48f6/element - {"using":"xpath","value":"//button[@aria-label=\"Add\"]"}
COMMAND: GET /session/6c63433432e656fe102e41a405bf48f6/screenshot - {}
RESULT: {"using":"xpath","value":"//button[@aria-label=\"Add\"]"}
COMMAND: POST /session/6c63433432e656fe102e41a405bf48f6/element/f.D105F16D3864A3F2742A47C77377899E.d.DF3250441B7F3361FD7A912BD0116C94.e.18834/click - {}
RESULT: {}
RESULT: {}
COMMAND: GET /session/6c63433432e656fe102e41a405bf48f6/screenshot - {}
RESULT: {}
COMMAND: POST /session/6c63433432e656fe102e41a405bf48f6/execute/async - {"script":"<script> [1562 bytes]","args":[{"selector":{"id":"application-managehandovers-display-component---AddNewHO--smartFilterBar-btnBasicSearch","searchOpenDialogs":true,"interaction":{"idSuffix":"I"}},"wdio_ui5_key":"applicationmanagehandovers-display-component---AddNewHO--smartFilterBar-btnBasicSearch"}]}
RESULT: {"script":"<script> [1562 bytes]","args":[{"selector":{"id":"application-managehandovers-display-component---AddNewHO--smartFilterBar-btnBasicSearch","searchOpenDialogs":true,"interaction":{"idSuffix":"I"}},"wdio_ui5_key":"applicationmanagehandovers-display-component---AddNewHO--smartFilterBar-btnBasicSearch"}]}
RESULT: undefined
COMMAND: POST /session/6c63433432e656fe102e41a405bf48f6/execute/async - {"script":"<script> [776 bytes]","args":[{"enterText":"6lReHmzvp5","selector":{"id":"application-managehandovers-display-component---AddNewHO--smartFilterBar-btnBasicSearch","searchOpenDialogs":true,"interaction":{"idSuffix":"I"}},"clearTextFirst":true,"interactionType":"ENTER_TEXT"}]}
RESULT: {"script":"<script> [776 bytes]","args":[{"enterText":"6lReHmzvp5","selector":{"id":"application-managehandovers-display-component---AddNewHO--smartFilterBar-btnBasicSearch","searchOpenDialogs":true,"interaction":{"idSuffix":"I"}},"clearTextFirst":true,"interactionType":"ENTER_TEXT"}]}
COMMAND: POST /session/6c63433432e656fe102e41a405bf48f6/actions - {"actions":[{"id":"action66","type":"key","parameters":{},"actions":[{"type":"keyDown","value":"î€‡"},{"type":"pause","duration":10},{"type":"keyUp","value":"î€‡"}]}]}
RESULT: {"actions":[{"id":"action66","type":"key","parameters":{},"actions":[{"type":"keyDown","value":"î€‡"},{"type":"pause","duration":10},{"type":"keyUp","value":"î€‡"}]}]}
COMMAND: GET /session/6c63433432e656fe102e41a405bf48f6/screenshot - {}
RESULT: {}
COMMAND: POST /session/6c63433432e656fe102e41a405bf48f6/execute/async - {"script":"<script> [1562 bytes]","args":[{"selector":{"id":"application-managehandovers-display-component---AddNewHO--popup-sa","searchOpenDialogs":true,"interaction":{"idSuffix":"CbBg"}},"wdio_ui5_key":"applicationmanagehandovers-display-component---AddNewHO--popup-sa"}]}
RESULT: {"script":"<script> [1562 bytes]","args":[{"selector":{"id":"application-managehandovers-display-component---AddNewHO--popup-sa","searchOpenDialogs":true,"interaction":{"idSuffix":"CbBg"}},"wdio_ui5_key":"applicationmanagehandovers-display-component---AddNewHO--popup-sa"}]}
RESULT: undefined
COMMAND: POST /session/6c63433432e656fe102e41a405bf48f6/element - {"using":"xpath","value":"//*[@id=\"application-managehandovers-display-component---AddNewHO--popup-sa\"]"}
RESULT: {"using":"xpath","value":"//*[@id=\"application-managehandovers-display-component---AddNewHO--popup-sa\"]"}
COMMAND: POST /session/6c63433432e656fe102e41a405bf48f6/element/f.D105F16D3864A3F2742A47C77377899E.d.DF3250441B7F3361FD7A912BD0116C94.e.18986/click - {}
RESULT: {}
COMMAND: GET /session/6c63433432e656fe102e41a405bf48f6/screenshot - {}
RESULT: {}
COMMAND: POST /session/6c63433432e656fe102e41a405bf48f6/element - {"using":"xpath","value":"//bdi[contains(text(), \"Select\")]"}
RESULT: {"using":"xpath","value":"//bdi[contains(text(), \"Select\")]"}
COMMAND: POST /session/6c63433432e656fe102e41a405bf48f6/element/f.D105F16D3864A3F2742A47C77377899E.d.DF3250441B7F3361FD7A912BD0116C94.e.18987/click - {}
RESULT: {}
COMMAND: GET /session/6c63433432e656fe102e41a405bf48f6/screenshot - {}
RESULT: {}
COMMAND: POST /session/6c63433432e656fe102e41a405bf48f6/element - {"using":"xpath","value":"//button[@data-kt=\"AddNewHOSaveButton\"]"}
RESULT: {"using":"xpath","value":"//button[@data-kt=\"AddNewHOSaveButton\"]"}
COMMAND: POST /session/6c63433432e656fe102e41a405bf48f6/element/f.D105F16D3864A3F2742A47C77377899E.d.DF3250441B7F3361FD7A912BD0116C94.e.18991/click - {}
RESULT: {}
COMMAND: GET /session/6c63433432e656fe102e41a405bf48f6/screenshot - {}
RESULT: {}
COMMAND: POST /session/6c63433432e656fe102e41a405bf48f6/execute/async - {"script":"<script> [1562 bytes]","args":[{"selector":{"id":"receiptDatePicker","viewName":"etm.portal.ui.managehandovers.view.DetailExecuteHO","interaction":{"idSuffix":"inner"}},"wdio_ui5_key":"receiptDatePickeretmportal.ui.managehandovers.view.DetailExecuteHO"}]}
RESULT: {"script":"<script> [1562 bytes]","args":[{"selector":{"id":"receiptDatePicker","viewName":"etm.portal.ui.managehandovers.view.DetailExecuteHO","interaction":{"idSuffix":"inner"}},"wdio_ui5_key":"receiptDatePickeretmportal.ui.managehandovers.view.DetailExecuteHO"}]}
RESULT: undefined
COMMAND: POST /session/6c63433432e656fe102e41a405bf48f6/execute/async - {"script":"<script> [6424 bytes]","args":[{"element-6066-11e4-a52e-4f735466cecf":"f.D105F16D3864A3F2742A47C77377899E.d.DF3250441B7F3361FD7A912BD0116C94.e.19022"},"setValue",["05/04/2025"]]}
RESULT: {"script":"<script> [6424 bytes]","args":[{"element-6066-11e4-a52e-4f735466cecf":"f.D105F16D3864A3F2742A47C77377899E.d.DF3250441B7F3361FD7A912BD0116C94.e.19022"},"setValue",["05/04/2025"]]}
COMMAND: POST /session/6c63433432e656fe102e41a405bf48f6/element - {"using":"xpath","value":"//button[@data-kt=\"PickingTableConfirmAllButton\"]"}
RESULT: {"using":"xpath","value":"//button[@data-kt=\"PickingTableConfirmAllButton\"]"}
COMMAND: POST /session/6c63433432e656fe102e41a405bf48f6/element/f.D105F16D3864A3F2742A47C77377899E.d.DF3250441B7F3361FD7A912BD0116C94.e.19037/click - {}
RESULT: {}
COMMAND: GET /session/6c63433432e656fe102e41a405bf48f6/screenshot - {}
RESULT: {}
COMMAND: POST /session/6c63433432e656fe102e41a405bf48f6/element - {"using":"xpath","value":"//bdi[contains(text(), \"OK\")]"}
RESULT: {"using":"xpath","value":"//bdi[contains(text(), \"OK\")]"}
COMMAND: POST /session/6c63433432e656fe102e41a405bf48f6/element/f.D105F16D3864A3F2742A47C77377899E.d.DF3250441B7F3361FD7A912BD0116C94.e.19039/click - {}
RESULT: {}
COMMAND: GET /session/6c63433432e656fe102e41a405bf48f6/screenshot - {}
RESULT: {}
COMMAND: POST /session/6c63433432e656fe102e41a405bf48f6/element - {"using":"xpath","value":"(//bdi[contains(text(), \"Receive\")])[2]"}
RESULT: {"using":"xpath","value":"(//bdi[contains(text(), \"Receive\")])[2]"}
COMMAND: POST /session/6c63433432e656fe102e41a405bf48f6/element/f.D105F16D3864A3F2742A47C77377899E.d.DF3250441B7F3361FD7A912BD0116C94.e.19041/click - {}
RESULT: {}
COMMAND: GET /session/6c63433432e656fe102e41a405bf48f6/screenshot - {}
RESULT: {}
COMMAND: POST /session/6c63433432e656fe102e41a405bf48f6/element - {"using":"css selector","value":"#shell-header-logo"}
RESULT: {"using":"css selector","value":"#shell-header-logo"}
COMMAND: POST /session/6c63433432e656fe102e41a405bf48f6/element/f.D105F16D3864A3F2742A47C77377899E.d.DF3250441B7F3361FD7A912BD0116C94.e.18406/click - {}
RESULT: {}
COMMAND: GET /session/6c63433432e656fe102e41a405bf48f6/screenshot - {}
RESULT: {}
]]></system-out>
    </testcase>
    <testcase classname="chrome.135_0_7049_96.windows.Billing_Calculation_-_Time_based_(considering_transport_times)_US139738" name="Should create a new contract" time="54.055">
      <system-out><![CDATA[
COMMAND: POST /session/6c63433432e656fe102e41a405bf48f6/execute/async - {"script":"<script> [1562 bytes]","args":[{"selector":{"controlType":"sap.m.Text","viewName":"etm.portal.ui.managecontractstile.view.Master","properties":{"text":"Manage Contracts"},"interaction":{"idSuffix":"inner"}},"wdio_ui5_key":"etmportal.ui.managecontractstile.view.Mastersap.m.Text{\"text\":\"Manage Contracts\"}"}]}
RESULT: {"script":"<script> [1562 bytes]","args":[{"selector":{"controlType":"sap.m.Text","viewName":"etm.portal.ui.managecontractstile.view.Master","properties":{"text":"Manage Contracts"},"interaction":{"idSuffix":"inner"}},"wdio_ui5_key":"etmportal.ui.managecontractstile.view.Mastersap.m.Text{\"text\":\"Manage Contracts\"}"}]}
RESULT: undefined
COMMAND: POST /session/6c63433432e656fe102e41a405bf48f6/element - {"using":"xpath","value":"//*[@id=\"__tile130-title\"]"}
RESULT: {"using":"xpath","value":"//*[@id=\"__tile130-title\"]"}
COMMAND: POST /session/6c63433432e656fe102e41a405bf48f6/element/f.D105F16D3864A3F2742A47C77377899E.d.DF3250441B7F3361FD7A912BD0116C94.e.19331/click - {}
RESULT: {}
COMMAND: GET /session/6c63433432e656fe102e41a405bf48f6/screenshot - {}
COMMAND: POST /session/6c63433432e656fe102e41a405bf48f6/element - {"using":"xpath","value":"//button[@data-kt=\"addButton\"]"}
RESULT: {}
RESULT: {"using":"xpath","value":"//button[@data-kt=\"addButton\"]"}
COMMAND: POST /session/6c63433432e656fe102e41a405bf48f6/elements - {"using":"xpath","value":"//button[@data-kt=\"addButton\"]"}
RESULT: {"using":"xpath","value":"//button[@data-kt=\"addButton\"]"}
COMMAND: POST /session/6c63433432e656fe102e41a405bf48f6/execute/sync - {"script":"<script> [8489 bytes]","args":[{"element-6066-11e4-a52e-4f735466cecf":"f.D105F16D3864A3F2742A47C77377899E.d.DF3250441B7F3361FD7A912BD0116C94.e.19401","ELEMENT":"f.D105F16D3864A3F2742A47C77377899E.d.DF3250441B7F3361FD7A912BD0116C94.e.19401"}]}
RESULT: {"script":"<script> [8489 bytes]","args":[{"element-6066-11e4-a52e-4f735466cecf":"f.D105F16D3864A3F2742A47C77377899E.d.DF3250441B7F3361FD7A912BD0116C94.e.19401","ELEMENT":"f.D105F16D3864A3F2742A47C77377899E.d.DF3250441B7F3361FD7A912BD0116C94.e.19401"}]}
COMMAND: GET /session/6c63433432e656fe102e41a405bf48f6/element/f.D105F16D3864A3F2742A47C77377899E.d.DF3250441B7F3361FD7A912BD0116C94.e.19401/enabled - {}
COMMAND: GET /session/6c63433432e656fe102e41a405bf48f6/screenshot - {}
RESULT: {}
RESULT: {}
COMMAND: POST /session/6c63433432e656fe102e41a405bf48f6/execute/sync - {"script":"<script> [8489 bytes]","args":[{"element-6066-11e4-a52e-4f735466cecf":"f.D105F16D3864A3F2742A47C77377899E.d.DF3250441B7F3361FD7A912BD0116C94.e.19401","ELEMENT":"f.D105F16D3864A3F2742A47C77377899E.d.DF3250441B7F3361FD7A912BD0116C94.e.19401"}]}
COMMAND: GET /session/6c63433432e656fe102e41a405bf48f6/screenshot - {}
RESULT: {"script":"<script> [8489 bytes]","args":[{"element-6066-11e4-a52e-4f735466cecf":"f.D105F16D3864A3F2742A47C77377899E.d.DF3250441B7F3361FD7A912BD0116C94.e.19401","ELEMENT":"f.D105F16D3864A3F2742A47C77377899E.d.DF3250441B7F3361FD7A912BD0116C94.e.19401"}]}
COMMAND: POST /session/6c63433432e656fe102e41a405bf48f6/execute/sync - {"script":"<script> [5351 bytes]","args":[{"element-6066-11e4-a52e-4f735466cecf":"f.D105F16D3864A3F2742A47C77377899E.d.DF3250441B7F3361FD7A912BD0116C94.e.19401","ELEMENT":"f.D105F16D3864A3F2742A47C77377899E.d.DF3250441B7F3361FD7A912BD0116C94.e.19401"}]}
COMMAND: GET /session/6c63433432e656fe102e41a405bf48f6/screenshot - {}
RESULT: {}
RESULT: {"script":"<script> [5351 bytes]","args":[{"element-6066-11e4-a52e-4f735466cecf":"f.D105F16D3864A3F2742A47C77377899E.d.DF3250441B7F3361FD7A912BD0116C94.e.19401","ELEMENT":"f.D105F16D3864A3F2742A47C77377899E.d.DF3250441B7F3361FD7A912BD0116C94.e.19401"}]}
COMMAND: GET /session/6c63433432e656fe102e41a405bf48f6/screenshot - {}
RESULT: {}
RESULT: {}
COMMAND: POST /session/6c63433432e656fe102e41a405bf48f6/element/f.D105F16D3864A3F2742A47C77377899E.d.DF3250441B7F3361FD7A912BD0116C94.e.19401/click - {}
RESULT: {}
COMMAND: GET /session/6c63433432e656fe102e41a405bf48f6/screenshot - {}
COMMAND: POST /session/6c63433432e656fe102e41a405bf48f6/execute/async - {"script":"<script> [1562 bytes]","args":[{"selector":{"id":"application-managecontracts-display-component---AddNewContract--projectDescription","interaction":{"idSuffix":"inner"}},"wdio_ui5_key":"applicationmanagecontracts-display-component---AddNewContract--projectDescription"}]}
RESULT: {}
RESULT: {"script":"<script> [1562 bytes]","args":[{"selector":{"id":"application-managecontracts-display-component---AddNewContract--projectDescription","interaction":{"idSuffix":"inner"}},"wdio_ui5_key":"applicationmanagecontracts-display-component---AddNewContract--projectDescription"}]}
RESULT: undefined
COMMAND: POST /session/6c63433432e656fe102e41a405bf48f6/execute/async - {"script":"<script> [776 bytes]","args":[{"enterText":"Contract WDIO","selector":{"id":"application-managecontracts-display-component---AddNewContract--projectDescription","interaction":{"idSuffix":"inner"}},"clearTextFirst":true,"interactionType":"ENTER_TEXT"}]}
RESULT: {"script":"<script> [776 bytes]","args":[{"enterText":"Contract WDIO","selector":{"id":"application-managecontracts-display-component---AddNewContract--projectDescription","interaction":{"idSuffix":"inner"}},"clearTextFirst":true,"interactionType":"ENTER_TEXT"}]}
COMMAND: POST /session/6c63433432e656fe102e41a405bf48f6/element - {"using":"xpath","value":"//input[@id=\"application-managecontracts-display-component---AddNewContract--site-inner\"]"}
RESULT: {"using":"xpath","value":"//input[@id=\"application-managecontracts-display-component---AddNewContract--site-inner\"]"}
COMMAND: POST /session/6c63433432e656fe102e41a405bf48f6/element/f.D105F16D3864A3F2742A47C77377899E.d.DF3250441B7F3361FD7A912BD0116C94.e.19699/clear - {}
RESULT: {}
COMMAND: POST /session/6c63433432e656fe102e41a405bf48f6/element/f.D105F16D3864A3F2742A47C77377899E.d.DF3250441B7F3361FD7A912BD0116C94.e.19699/value - {"text":"2385"}
COMMAND: GET /session/6c63433432e656fe102e41a405bf48f6/screenshot - {}
RESULT: {"text":"2385"}
COMMAND: GET /session/6c63433432e656fe102e41a405bf48f6/screenshot - {}
RESULT: {}
RESULT: {}
COMMAND: POST /session/6c63433432e656fe102e41a405bf48f6/element - {"using":"xpath","value":"//li[.//span[text()='2385']]"}
RESULT: {"using":"xpath","value":"//li[.//span[text()='2385']]"}
COMMAND: POST /session/6c63433432e656fe102e41a405bf48f6/element/f.D105F16D3864A3F2742A47C77377899E.d.DF3250441B7F3361FD7A912BD0116C94.e.19724/click - {}
RESULT: {}
COMMAND: GET /session/6c63433432e656fe102e41a405bf48f6/screenshot - {}
RESULT: {}
COMMAND: POST /session/6c63433432e656fe102e41a405bf48f6/element - {"using":"xpath","value":"//input[@id=\"application-managecontracts-display-component---AddNewContract--yardId-inner\"]"}
RESULT: {"using":"xpath","value":"//input[@id=\"application-managecontracts-display-component---AddNewContract--yardId-inner\"]"}
COMMAND: GET /session/6c63433432e656fe102e41a405bf48f6/element/f.D105F16D3864A3F2742A47C77377899E.d.DF3250441B7F3361FD7A912BD0116C94.e.19700/property/value - {}
RESULT: {}
COMMAND: POST /session/6c63433432e656fe102e41a405bf48f6/element - {"using":"xpath","value":"//input[@id=\"application-managecontracts-display-component---AddNewContract--customerSelect-inner\"]"}
COMMAND: GET /session/6c63433432e656fe102e41a405bf48f6/screenshot - {}
RESULT: {"using":"xpath","value":"//input[@id=\"application-managecontracts-display-component---AddNewContract--customerSelect-inner\"]"}
COMMAND: POST /session/6c63433432e656fe102e41a405bf48f6/element/f.D105F16D3864A3F2742A47C77377899E.d.DF3250441B7F3361FD7A912BD0116C94.e.19698/clear - {}
RESULT: {}
RESULT: {}
COMMAND: POST /session/6c63433432e656fe102e41a405bf48f6/element/f.D105F16D3864A3F2742A47C77377899E.d.DF3250441B7F3361FD7A912BD0116C94.e.19698/value - {"text":"1421"}
COMMAND: GET /session/6c63433432e656fe102e41a405bf48f6/screenshot - {}
RESULT: {"text":"1421"}
COMMAND: GET /session/6c63433432e656fe102e41a405bf48f6/screenshot - {}
RESULT: {}
RESULT: {}
COMMAND: POST /session/6c63433432e656fe102e41a405bf48f6/element - {"using":"xpath","value":"//li[.//span[text()='1421']]"}
RESULT: {"using":"xpath","value":"//li[.//span[text()='1421']]"}
COMMAND: POST /session/6c63433432e656fe102e41a405bf48f6/element/f.D105F16D3864A3F2742A47C77377899E.d.DF3250441B7F3361FD7A912BD0116C94.e.19727/click - {}
RESULT: {}
COMMAND: GET /session/6c63433432e656fe102e41a405bf48f6/screenshot - {}
RESULT: {}
COMMAND: POST /session/6c63433432e656fe102e41a405bf48f6/element - {"using":"xpath","value":"//button[@data-kt=\"saveButton\"]"}
RESULT: {"using":"xpath","value":"//button[@data-kt=\"saveButton\"]"}
COMMAND: POST /session/6c63433432e656fe102e41a405bf48f6/element/f.D105F16D3864A3F2742A47C77377899E.d.DF3250441B7F3361FD7A912BD0116C94.e.19715/click - {}
RESULT: {}
COMMAND: GET /session/6c63433432e656fe102e41a405bf48f6/screenshot - {}
RESULT: {}
COMMAND: POST /session/6c63433432e656fe102e41a405bf48f6/element - {"using":"xpath","value":"//span[contains(@id ,\"contractDetailTitleNoExpanded\")]"}
RESULT: {"using":"xpath","value":"//span[contains(@id ,\"contractDetailTitleNoExpanded\")]"}
COMMAND: POST /session/6c63433432e656fe102e41a405bf48f6/elements - {"using":"xpath","value":"//span[contains(@id ,\"contractDetailTitleNoExpanded\")]"}
RESULT: {"using":"xpath","value":"//span[contains(@id ,\"contractDetailTitleNoExpanded\")]"}
COMMAND: POST /session/6c63433432e656fe102e41a405bf48f6/execute/sync - {"script":"<script> [56 bytes]","args":[{"element-6066-11e4-a52e-4f735466cecf":"f.D105F16D3864A3F2742A47C77377899E.d.DF3250441B7F3361FD7A912BD0116C94.e.19799","ELEMENT":"f.D105F16D3864A3F2742A47C77377899E.d.DF3250441B7F3361FD7A912BD0116C94.e.19799"}]}
RESULT: {"script":"<script> [56 bytes]","args":[{"element-6066-11e4-a52e-4f735466cecf":"f.D105F16D3864A3F2742A47C77377899E.d.DF3250441B7F3361FD7A912BD0116C94.e.19799","ELEMENT":"f.D105F16D3864A3F2742A47C77377899E.d.DF3250441B7F3361FD7A912BD0116C94.e.19799"}]}
COMMAND: GET /session/6c63433432e656fe102e41a405bf48f6/screenshot - {}
RESULT: {}
]]></system-out>
    </testcase>
    <testcase classname="chrome.135_0_7049_96.windows.Billing_Calculation_-_Time_based_(considering_transport_times)_US139738" name="Should add transport time checkbox on contract details" time="16.431">
      <system-out><![CDATA[
COMMAND: POST /session/6c63433432e656fe102e41a405bf48f6/element - {"using":"xpath","value":"//button[@data-kt=\"contractDetailEditBtnButton\"]"}
RESULT: {"using":"xpath","value":"//button[@data-kt=\"contractDetailEditBtnButton\"]"}
COMMAND: POST /session/6c63433432e656fe102e41a405bf48f6/element/f.D105F16D3864A3F2742A47C77377899E.d.DF3250441B7F3361FD7A912BD0116C94.e.19800/click - {}
RESULT: {}
COMMAND: GET /session/6c63433432e656fe102e41a405bf48f6/screenshot - {}
RESULT: {}
COMMAND: POST /session/6c63433432e656fe102e41a405bf48f6/element - {"using":"xpath","value":"(//span[contains(text(), \"Contract Billing\")])[2]"}
RESULT: {"using":"xpath","value":"(//span[contains(text(), \"Contract Billing\")])[2]"}
COMMAND: POST /session/6c63433432e656fe102e41a405bf48f6/element/f.D105F16D3864A3F2742A47C77377899E.d.DF3250441B7F3361FD7A912BD0116C94.e.19856/click - {}
RESULT: {}
COMMAND: GET /session/6c63433432e656fe102e41a405bf48f6/screenshot - {}
RESULT: {}
COMMAND: POST /session/6c63433432e656fe102e41a405bf48f6/element - {"using":"xpath","value":"(//div[contains(@id, \"transportTimesBilled-CbBg\")])"}
RESULT: {"using":"xpath","value":"(//div[contains(@id, \"transportTimesBilled-CbBg\")])"}
COMMAND: POST /session/6c63433432e656fe102e41a405bf48f6/element/f.D105F16D3864A3F2742A47C77377899E.d.DF3250441B7F3361FD7A912BD0116C94.e.19886/click - {}
RESULT: {}
COMMAND: GET /session/6c63433432e656fe102e41a405bf48f6/screenshot - {}
RESULT: {}
COMMAND: POST /session/6c63433432e656fe102e41a405bf48f6/element - {"using":"xpath","value":"(//button[@data-kt=\"saveButton\"])[2]"}
RESULT: {"using":"xpath","value":"(//button[@data-kt=\"saveButton\"])[2]"}
COMMAND: POST /session/6c63433432e656fe102e41a405bf48f6/element/f.D105F16D3864A3F2742A47C77377899E.d.DF3250441B7F3361FD7A912BD0116C94.e.19887/click - {}
RESULT: {}
COMMAND: GET /session/6c63433432e656fe102e41a405bf48f6/screenshot - {}
RESULT: {}
]]></system-out>
    </testcase>
    <testcase classname="chrome.135_0_7049_96.windows.Billing_Calculation_-_Time_based_(considering_transport_times)_US139738" name="Should add created equipment to contract" time="46.559">
      <system-out><![CDATA[
COMMAND: POST /session/6c63433432e656fe102e41a405bf48f6/element - {"using":"xpath","value":"//button[@data-kt=\"contractDetailEditBtnButton\"]"}
RESULT: {"using":"xpath","value":"//button[@data-kt=\"contractDetailEditBtnButton\"]"}
COMMAND: POST /session/6c63433432e656fe102e41a405bf48f6/element/f.D105F16D3864A3F2742A47C77377899E.d.DF3250441B7F3361FD7A912BD0116C94.e.19800/click - {}
RESULT: {}
COMMAND: GET /session/6c63433432e656fe102e41a405bf48f6/screenshot - {}
RESULT: {}
COMMAND: POST /session/6c63433432e656fe102e41a405bf48f6/element - {"using":"xpath","value":"(//span[contains(text(), \"Additional Addresses\")])[2]"}
RESULT: {"using":"xpath","value":"(//span[contains(text(), \"Additional Addresses\")])[2]"}
COMMAND: POST /session/6c63433432e656fe102e41a405bf48f6/element/f.D105F16D3864A3F2742A47C77377899E.d.DF3250441B7F3361FD7A912BD0116C94.e.19905/click - {}
RESULT: {}
COMMAND: GET /session/6c63433432e656fe102e41a405bf48f6/screenshot - {}
RESULT: {}
COMMAND: POST /session/6c63433432e656fe102e41a405bf48f6/element - {"using":"xpath","value":"//button[@data-kt=\"btnAddTableRowOverflowToolbarButton\"]"}
RESULT: {"using":"xpath","value":"//button[@data-kt=\"btnAddTableRowOverflowToolbarButton\"]"}
COMMAND: POST /session/6c63433432e656fe102e41a405bf48f6/element/f.D105F16D3864A3F2742A47C77377899E.d.DF3250441B7F3361FD7A912BD0116C94.e.19908/click - {}
RESULT: {}
COMMAND: GET /session/6c63433432e656fe102e41a405bf48f6/screenshot - {}
RESULT: {}
COMMAND: POST /session/6c63433432e656fe102e41a405bf48f6/element - {"using":"xpath","value":"//div[(text() = 'Standard Entry' or . = 'Standard Entry')]"}
RESULT: {"using":"xpath","value":"//div[(text() = 'Standard Entry' or . = 'Standard Entry')]"}
COMMAND: POST /session/6c63433432e656fe102e41a405bf48f6/element/f.D105F16D3864A3F2742A47C77377899E.d.DF3250441B7F3361FD7A912BD0116C94.e.19910/click - {}
RESULT: {}
COMMAND: GET /session/6c63433432e656fe102e41a405bf48f6/screenshot - {}
RESULT: {}
COMMAND: POST /session/6c63433432e656fe102e41a405bf48f6/element - {"using":"xpath","value":"//td[7]/div/div/input"}
RESULT: {"using":"xpath","value":"//td[7]/div/div/input"}
COMMAND: POST /session/6c63433432e656fe102e41a405bf48f6/element/f.D105F16D3864A3F2742A47C77377899E.d.DF3250441B7F3361FD7A912BD0116C94.e.19919/clear - {}
RESULT: {}
COMMAND: POST /session/6c63433432e656fe102e41a405bf48f6/element/f.D105F16D3864A3F2742A47C77377899E.d.DF3250441B7F3361FD7A912BD0116C94.e.19919/value - {"text":"6lReHmzvp5"}
COMMAND: GET /session/6c63433432e656fe102e41a405bf48f6/screenshot - {}
RESULT: {"text":"6lReHmzvp5"}
COMMAND: GET /session/6c63433432e656fe102e41a405bf48f6/screenshot - {}
RESULT: {}
RESULT: {}
COMMAND: POST /session/6c63433432e656fe102e41a405bf48f6/actions - {"actions":[{"id":"action67","type":"key","parameters":{},"actions":[{"type":"keyDown","value":"î€‡"},{"type":"pause","duration":10},{"type":"keyUp","value":"î€‡"}]}]}
RESULT: {"actions":[{"id":"action67","type":"key","parameters":{},"actions":[{"type":"keyDown","value":"î€‡"},{"type":"pause","duration":10},{"type":"keyUp","value":"î€‡"}]}]}
COMMAND: GET /session/6c63433432e656fe102e41a405bf48f6/screenshot - {}
RESULT: {}
COMMAND: POST /session/6c63433432e656fe102e41a405bf48f6/execute/sync - {"script":"<script> [276 bytes]","args":["No pricing information was found"]}
RESULT: {"script":"<script> [276 bytes]","args":["No pricing information was found"]}
COMMAND: POST /session/6c63433432e656fe102e41a405bf48f6/element - {"using":"xpath","value":"(//button[@data-kt=\"saveButton\"])[2]"}
COMMAND: GET /session/6c63433432e656fe102e41a405bf48f6/screenshot - {}
RESULT: {"using":"xpath","value":"(//button[@data-kt=\"saveButton\"])[2]"}
COMMAND: POST /session/6c63433432e656fe102e41a405bf48f6/element/f.D105F16D3864A3F2742A47C77377899E.d.DF3250441B7F3361FD7A912BD0116C94.e.19887/click - {}
RESULT: {}
RESULT: {}
COMMAND: GET /session/6c63433432e656fe102e41a405bf48f6/screenshot - {}
RESULT: {}
COMMAND: POST /session/6c63433432e656fe102e41a405bf48f6/execute/sync - {"script":"<script> [276 bytes]","args":["Some contract items are having rental validity exceeding header rental validity"]}
RESULT: {"script":"<script> [276 bytes]","args":["Some contract items are having rental validity exceeding header rental validity"]}
COMMAND: GET /session/6c63433432e656fe102e41a405bf48f6/screenshot - {}
RESULT: {}
COMMAND: POST /session/6c63433432e656fe102e41a405bf48f6/element - {"using":"xpath","value":"//span[contains(@id ,\"contractItemsSmartTable-header-inner\")]"}
RESULT: {"using":"xpath","value":"//span[contains(@id ,\"contractItemsSmartTable-header-inner\")]"}
COMMAND: POST /session/6c63433432e656fe102e41a405bf48f6/elements - {"using":"xpath","value":"//span[contains(@id ,\"contractItemsSmartTable-header-inner\")]"}
RESULT: {"using":"xpath","value":"//span[contains(@id ,\"contractItemsSmartTable-header-inner\")]"}
COMMAND: POST /session/6c63433432e656fe102e41a405bf48f6/execute/sync - {"script":"<script> [56 bytes]","args":[{"element-6066-11e4-a52e-4f735466cecf":"f.D105F16D3864A3F2742A47C77377899E.d.DF3250441B7F3361FD7A912BD0116C94.e.19938","ELEMENT":"f.D105F16D3864A3F2742A47C77377899E.d.DF3250441B7F3361FD7A912BD0116C94.e.19938"}]}
RESULT: {"script":"<script> [56 bytes]","args":[{"element-6066-11e4-a52e-4f735466cecf":"f.D105F16D3864A3F2742A47C77377899E.d.DF3250441B7F3361FD7A912BD0116C94.e.19938","ELEMENT":"f.D105F16D3864A3F2742A47C77377899E.d.DF3250441B7F3361FD7A912BD0116C94.e.19938"}]}
]]></system-out>
    </testcase>
    <testcase classname="chrome.135_0_7049_96.windows.Billing_Calculation_-_Time_based_(considering_transport_times)_US139738" name="Should do a provide to site 2 step" time="132.526">
      <system-out><![CDATA[
COMMAND: POST /session/6c63433432e656fe102e41a405bf48f6/element - {"using":"xpath","value":"//button[@data-kt=\"provideButton\"]"}
COMMAND: GET /session/6c63433432e656fe102e41a405bf48f6/screenshot - {}
RESULT: {"using":"xpath","value":"//button[@data-kt=\"provideButton\"]"}
COMMAND: POST /session/6c63433432e656fe102e41a405bf48f6/element/f.D105F16D3864A3F2742A47C77377899E.d.DF3250441B7F3361FD7A912BD0116C94.e.19939/click - {}
RESULT: {}
RESULT: {}
COMMAND: GET /session/6c63433432e656fe102e41a405bf48f6/screenshot - {}
RESULT: {}
COMMAND: POST /session/6c63433432e656fe102e41a405bf48f6/element - {"using":"xpath","value":"(//div[contains(@id, \"application-managehandovers-display-component---AddNewHO--oneStep-CbBg\")])"}
RESULT: {"using":"xpath","value":"(//div[contains(@id, \"application-managehandovers-display-component---AddNewHO--oneStep-CbBg\")])"}
COMMAND: POST /session/6c63433432e656fe102e41a405bf48f6/element - {"using":"xpath","value":"(//div[contains(@id, \"application-managehandovers-display-component---AddNewHO--oneStep-CbBg\")])/input"}
RESULT: {"using":"xpath","value":"(//div[contains(@id, \"application-managehandovers-display-component---AddNewHO--oneStep-CbBg\")])/input"}
COMMAND: GET /session/6c63433432e656fe102e41a405bf48f6/element/f.D105F16D3864A3F2742A47C77377899E.d.DF3250441B7F3361FD7A912BD0116C94.e.20033/attribute/checked - {}
RESULT: {}
RESULT: undefined
COMMAND: POST /session/6c63433432e656fe102e41a405bf48f6/execute/async - {"script":"<script> [6424 bytes]","args":[{"element-6066-11e4-a52e-4f735466cecf":"f.D105F16D3864A3F2742A47C77377899E.d.DF3250441B7F3361FD7A912BD0116C94.e.18806"},"setValue",["05/04/2025"]]}
COMMAND: POST /session/6c63433432e656fe102e41a405bf48f6/element/f.D105F16D3864A3F2742A47C77377899E.d.DF3250441B7F3361FD7A912BD0116C94.e.20249/click - {}
RESULT: {}
COMMAND: GET /session/6c63433432e656fe102e41a405bf48f6/screenshot - {}
COMMAND: POST /session/6c63433432e656fe102e41a405bf48f6/execute/async - {"script":"<script> [1562 bytes]","args":[{"selector":{"id":"application-managehandovers-display-component---AddNewHO--dueDate","interaction":{"idSuffix":"inner"}},"wdio_ui5_key":"applicationmanagehandovers-display-component---AddNewHO--dueDate"}]}
RESULT: {}
RESULT: {"script":"<script> [1562 bytes]","args":[{"selector":{"id":"application-managehandovers-display-component---AddNewHO--dueDate","interaction":{"idSuffix":"inner"}},"wdio_ui5_key":"applicationmanagehandovers-display-component---AddNewHO--dueDate"}]}
COMMAND: POST /session/6c63433432e656fe102e41a405bf48f6/execute/async - {"script":"<script> [6424 bytes]","args":[{"element-6066-11e4-a52e-4f735466cecf":"f.D105F16D3864A3F2742A47C77377899E.d.DF3250441B7F3361FD7A912BD0116C94.e.20029"},"setValue",["05/04/2025"]]}
RESULT: {"script":"<script> [6424 bytes]","args":[{"element-6066-11e4-a52e-4f735466cecf":"f.D105F16D3864A3F2742A47C77377899E.d.DF3250441B7F3361FD7A912BD0116C94.e.20029"},"setValue",["05/04/2025"]]}
COMMAND: POST /session/6c63433432e656fe102e41a405bf48f6/element - {"using":"xpath","value":"//bdi[contains(text(), \"Instructions\")]"}
RESULT: {"using":"xpath","value":"//bdi[contains(text(), \"Instructions\")]"}
COMMAND: POST /session/6c63433432e656fe102e41a405bf48f6/element/f.D105F16D3864A3F2742A47C77377899E.d.DF3250441B7F3361FD7A912BD0116C94.e.20251/click - {}
RESULT: {}
COMMAND: GET /session/6c63433432e656fe102e41a405bf48f6/screenshot - {}
RESULT: {}
COMMAND: POST /session/6c63433432e656fe102e41a405bf48f6/element - {"using":"xpath","value":"//button[@data-kt=\"AddNewHOProvideAddItemsButton\"]"}
RESULT: {"using":"xpath","value":"//button[@data-kt=\"AddNewHOProvideAddItemsButton\"]"}
COMMAND: POST /session/6c63433432e656fe102e41a405bf48f6/element/f.D105F16D3864A3F2742A47C77377899E.d.DF3250441B7F3361FD7A912BD0116C94.e.20255/click - {}
RESULT: {}
COMMAND: GET /session/6c63433432e656fe102e41a405bf48f6/screenshot - {}
RESULT: {}
RESULT: undefined
COMMAND: POST /session/6c63433432e656fe102e41a405bf48f6/element - {"using":"xpath","value":"//*[@id=\"application-managehandovers-display-component---AddNewHO--popup-sa\"]"}
RESULT: {"using":"xpath","value":"//*[@id=\"application-managehandovers-display-component---AddNewHO--popup-sa\"]"}
COMMAND: POST /session/6c63433432e656fe102e41a405bf48f6/element/f.D105F16D3864A3F2742A47C77377899E.d.DF3250441B7F3361FD7A912BD0116C94.e.20270/click - {}
RESULT: {}
COMMAND: GET /session/6c63433432e656fe102e41a405bf48f6/screenshot - {}
RESULT: {}
COMMAND: POST /session/6c63433432e656fe102e41a405bf48f6/element - {"using":"xpath","value":"//*[contains(@id ,\"BDI-content\")][contains(text(), \"Select\")]"}
RESULT: {"using":"xpath","value":"//*[contains(@id ,\"BDI-content\")][contains(text(), \"Select\")]"}
COMMAND: POST /session/6c63433432e656fe102e41a405bf48f6/element/f.D105F16D3864A3F2742A47C77377899E.d.DF3250441B7F3361FD7A912BD0116C94.e.20272/click - {}
RESULT: {}
COMMAND: GET /session/6c63433432e656fe102e41a405bf48f6/screenshot - {}
RESULT: {}
COMMAND: POST /session/6c63433432e656fe102e41a405bf48f6/execute/async - {"script":"<script> [1562 bytes]","args":[{"selector":{"id":"application-managehandovers-display-component---AddNewHO--confirmCreationButton","interaction":{"idSuffix":"BDI-content"}},"wdio_ui5_key":"applicationmanagehandovers-display-component---AddNewHO--confirmCreationButton"}]}
RESULT: {"script":"<script> [1562 bytes]","args":[{"selector":{"id":"application-managehandovers-display-component---AddNewHO--confirmCreationButton","interaction":{"idSuffix":"BDI-content"}},"wdio_ui5_key":"applicationmanagehandovers-display-component---AddNewHO--confirmCreationButton"}]}
RESULT: undefined
COMMAND: POST /session/6c63433432e656fe102e41a405bf48f6/element - {"using":"xpath","value":"//*[@id=\"application-managehandovers-display-component---AddNewHO--confirmCreationButton\"]"}
RESULT: {"using":"xpath","value":"//*[@id=\"application-managehandovers-display-component---AddNewHO--confirmCreationButton\"]"}
COMMAND: POST /session/6c63433432e656fe102e41a405bf48f6/element/f.D105F16D3864A3F2742A47C77377899E.d.DF3250441B7F3361FD7A912BD0116C94.e.20076/click - {}
RESULT: {}
COMMAND: GET /session/6c63433432e656fe102e41a405bf48f6/screenshot - {}
RESULT: {}
COMMAND: POST /session/6c63433432e656fe102e41a405bf48f6/element - {"using":"xpath","value":"//button[@data-kt=\"PickingTableConfirmAllButton\"]"}
RESULT: {"using":"xpath","value":"//button[@data-kt=\"PickingTableConfirmAllButton\"]"}
COMMAND: POST /session/6c63433432e656fe102e41a405bf48f6/element/f.D105F16D3864A3F2742A47C77377899E.d.DF3250441B7F3361FD7A912BD0116C94.e.20309/click - {}
COMMAND: POST /session/6c63433432e656fe102e41a405bf48f6/element - {"using":"xpath","value":"//button[@data-kt=\"PickingTableConfirmAllButton\"]"}
RESULT: {"using":"xpath","value":"//button[@data-kt=\"PickingTableConfirmAllButton\"]"}
COMMAND: POST /session/6c63433432e656fe102e41a405bf48f6/element/f.D105F16D3864A3F2742A47C77377899E.d.DF3250441B7F3361FD7A912BD0116C94.e.20309/click - {}
COMMAND: POST /session/6c63433432e656fe102e41a405bf48f6/element - {"using":"xpath","value":"//button[@data-kt=\"PickingTableConfirmAllButton\"]"}
RESULT: {"using":"xpath","value":"//button[@data-kt=\"PickingTableConfirmAllButton\"]"}
COMMAND: POST /session/6c63433432e656fe102e41a405bf48f6/element/f.D105F16D3864A3F2742A47C77377899E.d.DF3250441B7F3361FD7A912BD0116C94.e.20329/click - {}
RESULT: {}
COMMAND: GET /session/6c63433432e656fe102e41a405bf48f6/screenshot - {}
RESULT: {}
COMMAND: POST /session/6c63433432e656fe102e41a405bf48f6/element - {"using":"xpath","value":"//bdi[contains(text(), \"OK\")]"}
RESULT: {"using":"xpath","value":"//bdi[contains(text(), \"OK\")]"}
COMMAND: POST /session/6c63433432e656fe102e41a405bf48f6/element/f.D105F16D3864A3F2742A47C77377899E.d.DF3250441B7F3361FD7A912BD0116C94.e.20333/click - {}
RESULT: {}
COMMAND: GET /session/6c63433432e656fe102e41a405bf48f6/screenshot - {}
RESULT: {}
COMMAND: POST /session/6c63433432e656fe102e41a405bf48f6/element - {"using":"xpath","value":"//button[@data-kt=\"execHoPickButton\"]"}
RESULT: {"using":"xpath","value":"//button[@data-kt=\"execHoPickButton\"]"}
COMMAND: POST /session/6c63433432e656fe102e41a405bf48f6/element/f.D105F16D3864A3F2742A47C77377899E.d.DF3250441B7F3361FD7A912BD0116C94.e.20334/click - {}
RESULT: {}
COMMAND: GET /session/6c63433432e656fe102e41a405bf48f6/screenshot - {}
RESULT: {}
COMMAND: POST /session/6c63433432e656fe102e41a405bf48f6/element - {"using":"xpath","value":"//span[contains(@id ,\"filterItemControl_BASIC-RECEIVE_CONTRACT-vhi\")]"}
RESULT: {"using":"xpath","value":"//span[contains(@id ,\"filterItemControl_BASIC-RECEIVE_CONTRACT-vhi\")]"}
COMMAND: POST /session/6c63433432e656fe102e41a405bf48f6/element/f.D105F16D3864A3F2742A47C77377899E.d.DF3250441B7F3361FD7A912BD0116C94.e.20621/click - {}
RESULT: {}
COMMAND: GET /session/6c63433432e656fe102e41a405bf48f6/screenshot - {}
RESULT: {}
COMMAND: POST /session/6c63433432e656fe102e41a405bf48f6/execute/async - {"script":"<script> [1562 bytes]","args":[{"selector":{"controlType":"sap.m.SearchField","viewName":"etm.portal.ui.managehandovers.view.MasterHO","bindingPath":{"path":"","propertyPath":"/_BASIC_SEARCH_FIELD","modelName":"fi1t3rM0d31"},"searchOpenDialogs":true,"interaction":{"idSuffix":"I"}},"wdio_ui5_key":"etmportal.ui.managehandovers.view.MasterHOsap.m.SearchField{\"path\":\"\",\"propertyPath\":\"/_BASIC_SEARCH_FIELD\",\"modelName\":\"fi1t3rM0d31\"}"}]}
RESULT: {"script":"<script> [1562 bytes]","args":[{"selector":{"controlType":"sap.m.SearchField","viewName":"etm.portal.ui.managehandovers.view.MasterHO","bindingPath":{"path":"","propertyPath":"/_BASIC_SEARCH_FIELD","modelName":"fi1t3rM0d31"},"searchOpenDialogs":true,"interaction":{"idSuffix":"I"}},"wdio_ui5_key":"etmportal.ui.managehandovers.view.MasterHOsap.m.SearchField{\"path\":\"\",\"propertyPath\":\"/_BASIC_SEARCH_FIELD\",\"modelName\":\"fi1t3rM0d31\"}"}]}
RESULT: undefined
COMMAND: POST /session/6c63433432e656fe102e41a405bf48f6/execute/async - {"script":"<script> [776 bytes]","args":[{"enterText":"10507","selector":{"controlType":"sap.m.SearchField","viewName":"etm.portal.ui.managehandovers.view.MasterHO","bindingPath":{"path":"","propertyPath":"/_BASIC_SEARCH_FIELD","modelName":"fi1t3rM0d31"},"searchOpenDialogs":true,"interaction":{"idSuffix":"I"}},"clearTextFirst":true,"interactionType":"ENTER_TEXT"}]}
RESULT: {"script":"<script> [776 bytes]","args":[{"enterText":"10507","selector":{"controlType":"sap.m.SearchField","viewName":"etm.portal.ui.managehandovers.view.MasterHO","bindingPath":{"path":"","propertyPath":"/_BASIC_SEARCH_FIELD","modelName":"fi1t3rM0d31"},"searchOpenDialogs":true,"interaction":{"idSuffix":"I"}},"clearTextFirst":true,"interactionType":"ENTER_TEXT"}]}
COMMAND: POST /session/6c63433432e656fe102e41a405bf48f6/actions - {"actions":[{"id":"action68","type":"key","parameters":{},"actions":[{"type":"keyDown","value":"î€‡"},{"type":"pause","duration":10},{"type":"keyUp","value":"î€‡"}]}]}
RESULT: {"actions":[{"id":"action68","type":"key","parameters":{},"actions":[{"type":"keyDown","value":"î€‡"},{"type":"pause","duration":10},{"type":"keyUp","value":"î€‡"}]}]}
COMMAND: GET /session/6c63433432e656fe102e41a405bf48f6/screenshot - {}
RESULT: {}
COMMAND: POST /session/6c63433432e656fe102e41a405bf48f6/element - {"using":"xpath","value":"//div[contains(@id, 'filterItemControl_BASIC-RECEIVE_CONTRACT-valueHelpDialog-table-rowsel0')]"}
RESULT: {"using":"xpath","value":"//div[contains(@id, 'filterItemControl_BASIC-RECEIVE_CONTRACT-valueHelpDialog-table-rowsel0')]"}
COMMAND: POST /session/6c63433432e656fe102e41a405bf48f6/element/f.D105F16D3864A3F2742A47C77377899E.d.DF3250441B7F3361FD7A912BD0116C94.e.20630/click - {}
RESULT: {}
COMMAND: GET /session/6c63433432e656fe102e41a405bf48f6/screenshot - {}
RESULT: {}
COMMAND: POST /session/6c63433432e656fe102e41a405bf48f6/element - {"using":"xpath","value":"//bdi[contains(text(), \"OK\")]"}
RESULT: {"using":"xpath","value":"//bdi[contains(text(), \"OK\")]"}
COMMAND: POST /session/6c63433432e656fe102e41a405bf48f6/element/f.D105F16D3864A3F2742A47C77377899E.d.DF3250441B7F3361FD7A912BD0116C94.e.20632/click - {}
RESULT: {}
COMMAND: GET /session/6c63433432e656fe102e41a405bf48f6/screenshot - {}
RESULT: {}
COMMAND: POST /session/6c63433432e656fe102e41a405bf48f6/element - {"using":"xpath","value":"//span[contains(@id, \"smartTable-header-inner\")]"}
RESULT: {"using":"xpath","value":"//span[contains(@id, \"smartTable-header-inner\")]"}
COMMAND: POST /session/6c63433432e656fe102e41a405bf48f6/elements - {"using":"xpath","value":"//span[contains(@id, \"smartTable-header-inner\")]"}
RESULT: {"using":"xpath","value":"//span[contains(@id, \"smartTable-header-inner\")]"}
COMMAND: POST /session/6c63433432e656fe102e41a405bf48f6/execute/sync - {"script":"<script> [56 bytes]","args":[{"element-6066-11e4-a52e-4f735466cecf":"f.D105F16D3864A3F2742A47C77377899E.d.DF3250441B7F3361FD7A912BD0116C94.e.20659","ELEMENT":"f.D105F16D3864A3F2742A47C77377899E.d.DF3250441B7F3361FD7A912BD0116C94.e.20659"}]}
RESULT: {"script":"<script> [56 bytes]","args":[{"element-6066-11e4-a52e-4f735466cecf":"f.D105F16D3864A3F2742A47C77377899E.d.DF3250441B7F3361FD7A912BD0116C94.e.20659","ELEMENT":"f.D105F16D3864A3F2742A47C77377899E.d.DF3250441B7F3361FD7A912BD0116C94.e.20659"}]}
COMMAND: POST /session/6c63433432e656fe102e41a405bf48f6/element - {"using":"xpath","value":"//table[contains(@id, \"customHandovers\")]//tbody/tr[1]/td[2]/span"}
COMMAND: GET /session/6c63433432e656fe102e41a405bf48f6/screenshot - {}
RESULT: {"using":"xpath","value":"//table[contains(@id, \"customHandovers\")]//tbody/tr[1]/td[2]/span"}
COMMAND: POST /session/6c63433432e656fe102e41a405bf48f6/execute/sync - {"script":"<script> [56 bytes]","args":[{"element-6066-11e4-a52e-4f735466cecf":"f.D105F16D3864A3F2742A47C77377899E.d.DF3250441B7F3361FD7A912BD0116C94.e.20660","ELEMENT":"f.D105F16D3864A3F2742A47C77377899E.d.DF3250441B7F3361FD7A912BD0116C94.e.20660"}]}
RESULT: {}
RESULT: {"script":"<script> [56 bytes]","args":[{"element-6066-11e4-a52e-4f735466cecf":"f.D105F16D3864A3F2742A47C77377899E.d.DF3250441B7F3361FD7A912BD0116C94.e.20660","ELEMENT":"f.D105F16D3864A3F2742A47C77377899E.d.DF3250441B7F3361FD7A912BD0116C94.e.20660"}]}
COMMAND: POST /session/6c63433432e656fe102e41a405bf48f6/element - {"using":"xpath","value":"(//span[contains(@id, \"imgNav\")])[1]"}
COMMAND: GET /session/6c63433432e656fe102e41a405bf48f6/screenshot - {}
RESULT: {"using":"xpath","value":"(//span[contains(@id, \"imgNav\")])[1]"}
COMMAND: POST /session/6c63433432e656fe102e41a405bf48f6/element/f.D105F16D3864A3F2742A47C77377899E.d.DF3250441B7F3361FD7A912BD0116C94.e.20657/click - {}
RESULT: {}
RESULT: {}
COMMAND: GET /session/6c63433432e656fe102e41a405bf48f6/screenshot - {}
RESULT: {}
COMMAND: POST /session/6c63433432e656fe102e41a405bf48f6/element - {"using":"xpath","value":"//button[@data-kt=\"PickingTableConfirmAllButton\"]"}
RESULT: {"using":"xpath","value":"//button[@data-kt=\"PickingTableConfirmAllButton\"]"}
COMMAND: POST /session/6c63433432e656fe102e41a405bf48f6/element/f.D105F16D3864A3F2742A47C77377899E.d.DF3250441B7F3361FD7A912BD0116C94.e.20678/click - {}
RESULT: {}
COMMAND: GET /session/6c63433432e656fe102e41a405bf48f6/screenshot - {}
RESULT: {}
COMMAND: POST /session/6c63433432e656fe102e41a405bf48f6/element - {"using":"xpath","value":"//bdi[contains(text(), \"OK\")]"}
RESULT: {"using":"xpath","value":"//bdi[contains(text(), \"OK\")]"}
COMMAND: POST /session/6c63433432e656fe102e41a405bf48f6/element/f.D105F16D3864A3F2742A47C77377899E.d.DF3250441B7F3361FD7A912BD0116C94.e.20703/click - {}
RESULT: {}
COMMAND: GET /session/6c63433432e656fe102e41a405bf48f6/screenshot - {}
RESULT: {}
COMMAND: POST /session/6c63433432e656fe102e41a405bf48f6/element - {"using":"xpath","value":"//button[@data-kt=\"execHoIssueButton\"]"}
RESULT: {"using":"xpath","value":"//button[@data-kt=\"execHoIssueButton\"]"}
COMMAND: POST /session/6c63433432e656fe102e41a405bf48f6/element/f.D105F16D3864A3F2742A47C77377899E.d.DF3250441B7F3361FD7A912BD0116C94.e.20705/click - {}
RESULT: {}
COMMAND: GET /session/6c63433432e656fe102e41a405bf48f6/screenshot - {}
RESULT: {}
COMMAND: POST /session/6c63433432e656fe102e41a405bf48f6/element - {"using":"xpath","value":"//input[contains(@id ,\"smartFilterBar-btnBasicSearch-I\")]"}
RESULT: {"using":"xpath","value":"//input[contains(@id ,\"smartFilterBar-btnBasicSearch-I\")]"}
COMMAND: POST /session/6c63433432e656fe102e41a405bf48f6/elements - {"using":"xpath","value":"//input[contains(@id ,\"smartFilterBar-btnBasicSearch-I\")]"}
RESULT: {"using":"xpath","value":"//input[contains(@id ,\"smartFilterBar-btnBasicSearch-I\")]"}
COMMAND: POST /session/6c63433432e656fe102e41a405bf48f6/execute/sync - {"script":"<script> [8489 bytes]","args":[{"element-6066-11e4-a52e-4f735466cecf":"f.D105F16D3864A3F2742A47C77377899E.d.DF3250441B7F3361FD7A912BD0116C94.e.20028","ELEMENT":"f.D105F16D3864A3F2742A47C77377899E.d.DF3250441B7F3361FD7A912BD0116C94.e.20028"}]}
RESULT: {"script":"<script> [8489 bytes]","args":[{"element-6066-11e4-a52e-4f735466cecf":"f.D105F16D3864A3F2742A47C77377899E.d.DF3250441B7F3361FD7A912BD0116C94.e.20028","ELEMENT":"f.D105F16D3864A3F2742A47C77377899E.d.DF3250441B7F3361FD7A912BD0116C94.e.20028"}]}
COMMAND: GET /session/6c63433432e656fe102e41a405bf48f6/element/f.D105F16D3864A3F2742A47C77377899E.d.DF3250441B7F3361FD7A912BD0116C94.e.20028/enabled - {}
COMMAND: GET /session/6c63433432e656fe102e41a405bf48f6/screenshot - {}
RESULT: {}
COMMAND: POST /session/6c63433432e656fe102e41a405bf48f6/element/f.D105F16D3864A3F2742A47C77377899E.d.DF3250441B7F3361FD7A912BD0116C94.e.20028/clear - {}
COMMAND: GET /session/6c63433432e656fe102e41a405bf48f6/screenshot - {}
RESULT: {}
RESULT: {}
COMMAND: POST /session/6c63433432e656fe102e41a405bf48f6/element/f.D105F16D3864A3F2742A47C77377899E.d.DF3250441B7F3361FD7A912BD0116C94.e.20028/value - {"text":"30755"}
COMMAND: GET /session/6c63433432e656fe102e41a405bf48f6/screenshot - {}
RESULT: {}
RESULT: {"text":"30755"}
COMMAND: GET /session/6c63433432e656fe102e41a405bf48f6/screenshot - {}
RESULT: {}
RESULT: {}
COMMAND: POST /session/6c63433432e656fe102e41a405bf48f6/actions - {"actions":[{"id":"action69","type":"key","parameters":{},"actions":[{"type":"keyDown","value":"î€‡"},{"type":"pause","duration":10},{"type":"keyUp","value":"î€‡"}]}]}
RESULT: {"actions":[{"id":"action69","type":"key","parameters":{},"actions":[{"type":"keyDown","value":"î€‡"},{"type":"pause","duration":10},{"type":"keyUp","value":"î€‡"}]}]}
COMMAND: GET /session/6c63433432e656fe102e41a405bf48f6/screenshot - {}
RESULT: {}
COMMAND: POST /session/6c63433432e656fe102e41a405bf48f6/element - {"using":"xpath","value":"//span[contains(@id, \"smartTable-header-inner\")]"}
RESULT: {"using":"xpath","value":"//span[contains(@id, \"smartTable-header-inner\")]"}
COMMAND: POST /session/6c63433432e656fe102e41a405bf48f6/elements - {"using":"xpath","value":"//span[contains(@id, \"smartTable-header-inner\")]"}
RESULT: {"using":"xpath","value":"//span[contains(@id, \"smartTable-header-inner\")]"}
COMMAND: POST /session/6c63433432e656fe102e41a405bf48f6/execute/sync - {"script":"<script> [56 bytes]","args":[{"element-6066-11e4-a52e-4f735466cecf":"f.D105F16D3864A3F2742A47C77377899E.d.DF3250441B7F3361FD7A912BD0116C94.e.20659","ELEMENT":"f.D105F16D3864A3F2742A47C77377899E.d.DF3250441B7F3361FD7A912BD0116C94.e.20659"}]}
RESULT: {"script":"<script> [56 bytes]","args":[{"element-6066-11e4-a52e-4f735466cecf":"f.D105F16D3864A3F2742A47C77377899E.d.DF3250441B7F3361FD7A912BD0116C94.e.20659","ELEMENT":"f.D105F16D3864A3F2742A47C77377899E.d.DF3250441B7F3361FD7A912BD0116C94.e.20659"}]}
COMMAND: POST /session/6c63433432e656fe102e41a405bf48f6/elements - {"using":"xpath","value":"//thead[contains(@class, \"sapMTableTH\")]/tr/th"}
COMMAND: GET /session/6c63433432e656fe102e41a405bf48f6/screenshot - {}
RESULT: {"using":"xpath","value":"//thead[contains(@class, \"sapMTableTH\")]/tr/th"}
COMMAND: GET /session/6c63433432e656fe102e41a405bf48f6/element/f.D105F16D3864A3F2742A47C77377899E.d.DF3250441B7F3361FD7A912BD0116C94.e.20739/text - {}
RESULT: {}
RESULT: {}
COMMAND: GET /session/6c63433432e656fe102e41a405bf48f6/element/f.D105F16D3864A3F2742A47C77377899E.d.DF3250441B7F3361FD7A912BD0116C94.e.20740/text - {}
RESULT: {}
COMMAND: GET /session/6c63433432e656fe102e41a405bf48f6/element/f.D105F16D3864A3F2742A47C77377899E.d.DF3250441B7F3361FD7A912BD0116C94.e.20022/text - {}
RESULT: {}
COMMAND: GET /session/6c63433432e656fe102e41a405bf48f6/element/f.D105F16D3864A3F2742A47C77377899E.d.DF3250441B7F3361FD7A912BD0116C94.e.20024/text - {}
RESULT: {}
COMMAND: GET /session/6c63433432e656fe102e41a405bf48f6/element/f.D105F16D3864A3F2742A47C77377899E.d.DF3250441B7F3361FD7A912BD0116C94.e.20708/text - {}
RESULT: {}
COMMAND: GET /session/6c63433432e656fe102e41a405bf48f6/element/f.D105F16D3864A3F2742A47C77377899E.d.DF3250441B7F3361FD7A912BD0116C94.e.20709/text - {}
RESULT: {}
COMMAND: GET /session/6c63433432e656fe102e41a405bf48f6/element/f.D105F16D3864A3F2742A47C77377899E.d.DF3250441B7F3361FD7A912BD0116C94.e.20710/text - {}
RESULT: {}
COMMAND: GET /session/6c63433432e656fe102e41a405bf48f6/element/f.D105F16D3864A3F2742A47C77377899E.d.DF3250441B7F3361FD7A912BD0116C94.e.20711/text - {}
RESULT: {}
COMMAND: GET /session/6c63433432e656fe102e41a405bf48f6/element/f.D105F16D3864A3F2742A47C77377899E.d.DF3250441B7F3361FD7A912BD0116C94.e.20712/text - {}
RESULT: {}
COMMAND: GET /session/6c63433432e656fe102e41a405bf48f6/element/f.D105F16D3864A3F2742A47C77377899E.d.DF3250441B7F3361FD7A912BD0116C94.e.20713/text - {}
RESULT: {}
COMMAND: GET /session/6c63433432e656fe102e41a405bf48f6/element/f.D105F16D3864A3F2742A47C77377899E.d.DF3250441B7F3361FD7A912BD0116C94.e.20714/text - {}
RESULT: {}
COMMAND: GET /session/6c63433432e656fe102e41a405bf48f6/element/f.D105F16D3864A3F2742A47C77377899E.d.DF3250441B7F3361FD7A912BD0116C94.e.20715/text - {}
RESULT: {}
COMMAND: GET /session/6c63433432e656fe102e41a405bf48f6/element/f.D105F16D3864A3F2742A47C77377899E.d.DF3250441B7F3361FD7A912BD0116C94.e.20716/text - {}
RESULT: {}
COMMAND: GET /session/6c63433432e656fe102e41a405bf48f6/element/f.D105F16D3864A3F2742A47C77377899E.d.DF3250441B7F3361FD7A912BD0116C94.e.20025/text - {}
RESULT: {}
COMMAND: POST /session/6c63433432e656fe102e41a405bf48f6/element - {"using":"xpath","value":"//tbody[contains(@id, \"customHandoversTable-tblBody\")]/tr[1]/td[14]/div/span"}
RESULT: {"using":"xpath","value":"//tbody[contains(@id, \"customHandoversTable-tblBody\")]/tr[1]/td[14]/div/span"}
COMMAND: POST /session/6c63433432e656fe102e41a405bf48f6/execute/sync - {"script":"<script> [56 bytes]","args":[{"element-6066-11e4-a52e-4f735466cecf":"f.D105F16D3864A3F2742A47C77377899E.d.DF3250441B7F3361FD7A912BD0116C94.e.20792","ELEMENT":"f.D105F16D3864A3F2742A47C77377899E.d.DF3250441B7F3361FD7A912BD0116C94.e.20792"}]}
RESULT: {"script":"<script> [56 bytes]","args":[{"element-6066-11e4-a52e-4f735466cecf":"f.D105F16D3864A3F2742A47C77377899E.d.DF3250441B7F3361FD7A912BD0116C94.e.20792","ELEMENT":"f.D105F16D3864A3F2742A47C77377899E.d.DF3250441B7F3361FD7A912BD0116C94.e.20792"}]}
COMMAND: POST /session/6c63433432e656fe102e41a405bf48f6/element - {"using":"xpath","value":"(//span[contains(@id, \"imgNav\")])[1]"}
COMMAND: GET /session/6c63433432e656fe102e41a405bf48f6/screenshot - {}
RESULT: {"using":"xpath","value":"(//span[contains(@id, \"imgNav\")])[1]"}
COMMAND: POST /session/6c63433432e656fe102e41a405bf48f6/element/f.D105F16D3864A3F2742A47C77377899E.d.DF3250441B7F3361FD7A912BD0116C94.e.20793/click - {}
RESULT: {}
RESULT: {}
COMMAND: GET /session/6c63433432e656fe102e41a405bf48f6/screenshot - {}
RESULT: {}
RESULT: undefined
COMMAND: POST /session/6c63433432e656fe102e41a405bf48f6/execute/async - {"script":"<script> [776 bytes]","args":[{"enterText":"05/11/25","selector":{"id":"receiptDatePicker","viewName":"etm.portal.ui.managehandovers.view.DetailExecuteHO","interaction":{"idSuffix":"inner"}},"clearTextFirst":true,"interactionType":"ENTER_TEXT"}]}
RESULT: {"script":"<script> [776 bytes]","args":[{"enterText":"05/11/25","selector":{"id":"receiptDatePicker","viewName":"etm.portal.ui.managehandovers.view.DetailExecuteHO","interaction":{"idSuffix":"inner"}},"clearTextFirst":true,"interactionType":"ENTER_TEXT"}]}
COMMAND: POST /session/6c63433432e656fe102e41a405bf48f6/element - {"using":"xpath","value":"//button[@data-kt=\"PickingTableConfirmAllButton\"]"}
RESULT: {"using":"xpath","value":"//button[@data-kt=\"PickingTableConfirmAllButton\"]"}
COMMAND: POST /session/6c63433432e656fe102e41a405bf48f6/element/f.D105F16D3864A3F2742A47C77377899E.d.DF3250441B7F3361FD7A912BD0116C94.e.20813/click - {}
RESULT: {}
COMMAND: GET /session/6c63433432e656fe102e41a405bf48f6/screenshot - {}
RESULT: {}
COMMAND: POST /session/6c63433432e656fe102e41a405bf48f6/element - {"using":"xpath","value":"//bdi[contains(text(), \"OK\")]"}
RESULT: {"using":"xpath","value":"//bdi[contains(text(), \"OK\")]"}
COMMAND: POST /session/6c63433432e656fe102e41a405bf48f6/element/f.D105F16D3864A3F2742A47C77377899E.d.DF3250441B7F3361FD7A912BD0116C94.e.20833/click - {}
RESULT: {}
COMMAND: GET /session/6c63433432e656fe102e41a405bf48f6/screenshot - {}
RESULT: {}
COMMAND: POST /session/6c63433432e656fe102e41a405bf48f6/element - {"using":"xpath","value":"//button[@data-kt= \"execHoReceiveButton\"]"}
RESULT: {"using":"xpath","value":"//button[@data-kt= \"execHoReceiveButton\"]"}
COMMAND: POST /session/6c63433432e656fe102e41a405bf48f6/element/f.D105F16D3864A3F2742A47C77377899E.d.DF3250441B7F3361FD7A912BD0116C94.e.20834/click - {}
RESULT: {}
COMMAND: GET /session/6c63433432e656fe102e41a405bf48f6/screenshot - {}
RESULT: {}
COMMAND: POST /session/6c63433432e656fe102e41a405bf48f6/element - {"using":"xpath","value":"//input[contains(@id ,\"smartFilterBar-btnBasicSearch-I\")]"}
RESULT: {"using":"xpath","value":"//input[contains(@id ,\"smartFilterBar-btnBasicSearch-I\")]"}
COMMAND: POST /session/6c63433432e656fe102e41a405bf48f6/elements - {"using":"xpath","value":"//input[contains(@id ,\"smartFilterBar-btnBasicSearch-I\")]"}
RESULT: {"using":"xpath","value":"//input[contains(@id ,\"smartFilterBar-btnBasicSearch-I\")]"}
COMMAND: POST /session/6c63433432e656fe102e41a405bf48f6/execute/sync - {"script":"<script> [8489 bytes]","args":[{"element-6066-11e4-a52e-4f735466cecf":"f.D105F16D3864A3F2742A47C77377899E.d.DF3250441B7F3361FD7A912BD0116C94.e.20028","ELEMENT":"f.D105F16D3864A3F2742A47C77377899E.d.DF3250441B7F3361FD7A912BD0116C94.e.20028"}]}
RESULT: {"script":"<script> [8489 bytes]","args":[{"element-6066-11e4-a52e-4f735466cecf":"f.D105F16D3864A3F2742A47C77377899E.d.DF3250441B7F3361FD7A912BD0116C94.e.20028","ELEMENT":"f.D105F16D3864A3F2742A47C77377899E.d.DF3250441B7F3361FD7A912BD0116C94.e.20028"}]}
COMMAND: GET /session/6c63433432e656fe102e41a405bf48f6/element/f.D105F16D3864A3F2742A47C77377899E.d.DF3250441B7F3361FD7A912BD0116C94.e.20028/enabled - {}
COMMAND: GET /session/6c63433432e656fe102e41a405bf48f6/screenshot - {}
RESULT: {}
COMMAND: POST /session/6c63433432e656fe102e41a405bf48f6/element/f.D105F16D3864A3F2742A47C77377899E.d.DF3250441B7F3361FD7A912BD0116C94.e.20028/clear - {}
COMMAND: GET /session/6c63433432e656fe102e41a405bf48f6/screenshot - {}
RESULT: {}
RESULT: {}
COMMAND: POST /session/6c63433432e656fe102e41a405bf48f6/element/f.D105F16D3864A3F2742A47C77377899E.d.DF3250441B7F3361FD7A912BD0116C94.e.20028/value - {"text":"30755"}
COMMAND: GET /session/6c63433432e656fe102e41a405bf48f6/screenshot - {}
RESULT: {}
RESULT: {"text":"30755"}
COMMAND: GET /session/6c63433432e656fe102e41a405bf48f6/screenshot - {}
RESULT: {}
RESULT: {}
COMMAND: POST /session/6c63433432e656fe102e41a405bf48f6/actions - {"actions":[{"id":"action70","type":"key","parameters":{},"actions":[{"type":"keyDown","value":"î€‡"},{"type":"pause","duration":10},{"type":"keyUp","value":"î€‡"}]}]}
RESULT: {"actions":[{"id":"action70","type":"key","parameters":{},"actions":[{"type":"keyDown","value":"î€‡"},{"type":"pause","duration":10},{"type":"keyUp","value":"î€‡"}]}]}
COMMAND: GET /session/6c63433432e656fe102e41a405bf48f6/screenshot - {}
RESULT: {}
COMMAND: POST /session/6c63433432e656fe102e41a405bf48f6/element - {"using":"xpath","value":"//span[contains(@id, \"smartTable-header-inner\")]"}
RESULT: {"using":"xpath","value":"//span[contains(@id, \"smartTable-header-inner\")]"}
COMMAND: POST /session/6c63433432e656fe102e41a405bf48f6/elements - {"using":"xpath","value":"//span[contains(@id, \"smartTable-header-inner\")]"}
RESULT: {"using":"xpath","value":"//span[contains(@id, \"smartTable-header-inner\")]"}
COMMAND: POST /session/6c63433432e656fe102e41a405bf48f6/execute/sync - {"script":"<script> [56 bytes]","args":[{"element-6066-11e4-a52e-4f735466cecf":"f.D105F16D3864A3F2742A47C77377899E.d.DF3250441B7F3361FD7A912BD0116C94.e.20659","ELEMENT":"f.D105F16D3864A3F2742A47C77377899E.d.DF3250441B7F3361FD7A912BD0116C94.e.20659"}]}
RESULT: {"script":"<script> [56 bytes]","args":[{"element-6066-11e4-a52e-4f735466cecf":"f.D105F16D3864A3F2742A47C77377899E.d.DF3250441B7F3361FD7A912BD0116C94.e.20659","ELEMENT":"f.D105F16D3864A3F2742A47C77377899E.d.DF3250441B7F3361FD7A912BD0116C94.e.20659"}]}
COMMAND: POST /session/6c63433432e656fe102e41a405bf48f6/elements - {"using":"xpath","value":"//thead[contains(@class, \"sapMTableTH\")]/tr/th"}
COMMAND: GET /session/6c63433432e656fe102e41a405bf48f6/screenshot - {}
RESULT: {"using":"xpath","value":"//thead[contains(@class, \"sapMTableTH\")]/tr/th"}
COMMAND: GET /session/6c63433432e656fe102e41a405bf48f6/element/f.D105F16D3864A3F2742A47C77377899E.d.DF3250441B7F3361FD7A912BD0116C94.e.20739/text - {}
RESULT: {}
RESULT: {}
COMMAND: GET /session/6c63433432e656fe102e41a405bf48f6/element/f.D105F16D3864A3F2742A47C77377899E.d.DF3250441B7F3361FD7A912BD0116C94.e.20740/text - {}
RESULT: {}
COMMAND: GET /session/6c63433432e656fe102e41a405bf48f6/element/f.D105F16D3864A3F2742A47C77377899E.d.DF3250441B7F3361FD7A912BD0116C94.e.20022/text - {}
RESULT: {}
COMMAND: GET /session/6c63433432e656fe102e41a405bf48f6/element/f.D105F16D3864A3F2742A47C77377899E.d.DF3250441B7F3361FD7A912BD0116C94.e.20024/text - {}
RESULT: {}
COMMAND: GET /session/6c63433432e656fe102e41a405bf48f6/element/f.D105F16D3864A3F2742A47C77377899E.d.DF3250441B7F3361FD7A912BD0116C94.e.20838/text - {}
RESULT: {}
COMMAND: GET /session/6c63433432e656fe102e41a405bf48f6/element/f.D105F16D3864A3F2742A47C77377899E.d.DF3250441B7F3361FD7A912BD0116C94.e.20839/text - {}
RESULT: {}
COMMAND: GET /session/6c63433432e656fe102e41a405bf48f6/element/f.D105F16D3864A3F2742A47C77377899E.d.DF3250441B7F3361FD7A912BD0116C94.e.20840/text - {}
RESULT: {}
COMMAND: GET /session/6c63433432e656fe102e41a405bf48f6/element/f.D105F16D3864A3F2742A47C77377899E.d.DF3250441B7F3361FD7A912BD0116C94.e.20841/text - {}
RESULT: {}
COMMAND: GET /session/6c63433432e656fe102e41a405bf48f6/element/f.D105F16D3864A3F2742A47C77377899E.d.DF3250441B7F3361FD7A912BD0116C94.e.20842/text - {}
RESULT: {}
COMMAND: GET /session/6c63433432e656fe102e41a405bf48f6/element/f.D105F16D3864A3F2742A47C77377899E.d.DF3250441B7F3361FD7A912BD0116C94.e.20843/text - {}
RESULT: {}
COMMAND: GET /session/6c63433432e656fe102e41a405bf48f6/element/f.D105F16D3864A3F2742A47C77377899E.d.DF3250441B7F3361FD7A912BD0116C94.e.20844/text - {}
RESULT: {}
COMMAND: GET /session/6c63433432e656fe102e41a405bf48f6/element/f.D105F16D3864A3F2742A47C77377899E.d.DF3250441B7F3361FD7A912BD0116C94.e.20845/text - {}
RESULT: {}
COMMAND: GET /session/6c63433432e656fe102e41a405bf48f6/element/f.D105F16D3864A3F2742A47C77377899E.d.DF3250441B7F3361FD7A912BD0116C94.e.20846/text - {}
RESULT: {}
COMMAND: GET /session/6c63433432e656fe102e41a405bf48f6/element/f.D105F16D3864A3F2742A47C77377899E.d.DF3250441B7F3361FD7A912BD0116C94.e.20025/text - {}
RESULT: {}
COMMAND: POST /session/6c63433432e656fe102e41a405bf48f6/element - {"using":"xpath","value":"//tbody[contains(@id, \"customHandoversTable-tblBody\")]/tr[1]/td[14]/div/span"}
RESULT: {"using":"xpath","value":"//tbody[contains(@id, \"customHandoversTable-tblBody\")]/tr[1]/td[14]/div/span"}
COMMAND: POST /session/6c63433432e656fe102e41a405bf48f6/execute/sync - {"script":"<script> [56 bytes]","args":[{"element-6066-11e4-a52e-4f735466cecf":"f.D105F16D3864A3F2742A47C77377899E.d.DF3250441B7F3361FD7A912BD0116C94.e.20887","ELEMENT":"f.D105F16D3864A3F2742A47C77377899E.d.DF3250441B7F3361FD7A912BD0116C94.e.20887"}]}
RESULT: {"script":"<script> [56 bytes]","args":[{"element-6066-11e4-a52e-4f735466cecf":"f.D105F16D3864A3F2742A47C77377899E.d.DF3250441B7F3361FD7A912BD0116C94.e.20887","ELEMENT":"f.D105F16D3864A3F2742A47C77377899E.d.DF3250441B7F3361FD7A912BD0116C94.e.20887"}]}
COMMAND: POST /session/6c63433432e656fe102e41a405bf48f6/element - {"using":"css selector","value":"#shell-header-logo"}
COMMAND: GET /session/6c63433432e656fe102e41a405bf48f6/screenshot - {}
RESULT: {"using":"css selector","value":"#shell-header-logo"}
COMMAND: POST /session/6c63433432e656fe102e41a405bf48f6/element/f.D105F16D3864A3F2742A47C77377899E.d.DF3250441B7F3361FD7A912BD0116C94.e.19334/click - {}
RESULT: {}
RESULT: {}
COMMAND: GET /session/6c63433432e656fe102e41a405bf48f6/screenshot - {}
RESULT: {}
]]></system-out>
    </testcase>
    <testcase classname="chrome.135_0_7049_96.windows.Billing_Calculation_-_Time_based_(considering_transport_times)_US139738" name="Should navigate to Manage Billings and trigger contract calculation business confirm it" time="53.643">
      <system-out><![CDATA[
COMMAND: POST /session/6c63433432e656fe102e41a405bf48f6/execute/async - {"script":"<script> [1562 bytes]","args":[{"selector":{"controlType":"sap.m.GenericTile","properties":{"header":"Manage Billings"}},"wdio_ui5_key":"sapm.GenericTile{\"header\":\"Manage Billings\"}"}]}
RESULT: {"script":"<script> [1562 bytes]","args":[{"selector":{"controlType":"sap.m.GenericTile","properties":{"header":"Manage Billings"}},"wdio_ui5_key":"sapm.GenericTile{\"header\":\"Manage Billings\"}"}]}
RESULT: undefined
COMMAND: POST /session/6c63433432e656fe102e41a405bf48f6/element - {"using":"xpath","value":"//*[@id=\"__tile91\"]"}
RESULT: {"using":"xpath","value":"//*[@id=\"__tile91\"]"}
COMMAND: POST /session/6c63433432e656fe102e41a405bf48f6/element/f.D105F16D3864A3F2742A47C77377899E.d.DF3250441B7F3361FD7A912BD0116C94.e.17105/click - {}
RESULT: {}
COMMAND: GET /session/6c63433432e656fe102e41a405bf48f6/screenshot - {}
RESULT: {}
COMMAND: POST /session/6c63433432e656fe102e41a405bf48f6/execute/async - {"script":"<script> [1562 bytes]","args":[{"selector":{"id":"application-managebillings-display-component---billRunCalcResult--smartFilterBar-btnBasicSearch","interaction":{"idSuffix":"I"}},"wdio_ui5_key":"applicationmanagebillings-display-component---billRunCalcResult--smartFilterBar-btnBasicSearch"}]}
RESULT: {"script":"<script> [1562 bytes]","args":[{"selector":{"id":"application-managebillings-display-component---billRunCalcResult--smartFilterBar-btnBasicSearch","interaction":{"idSuffix":"I"}},"wdio_ui5_key":"applicationmanagebillings-display-component---billRunCalcResult--smartFilterBar-btnBasicSearch"}]}
RESULT: undefined
COMMAND: POST /session/6c63433432e656fe102e41a405bf48f6/execute/async - {"script":"<script> [776 bytes]","args":[{"enterText":"10507","selector":{"id":"application-managebillings-display-component---billRunCalcResult--smartFilterBar-btnBasicSearch","interaction":{"idSuffix":"I"}},"clearTextFirst":true,"interactionType":"ENTER_TEXT"}]}
RESULT: {"script":"<script> [776 bytes]","args":[{"enterText":"10507","selector":{"id":"application-managebillings-display-component---billRunCalcResult--smartFilterBar-btnBasicSearch","interaction":{"idSuffix":"I"}},"clearTextFirst":true,"interactionType":"ENTER_TEXT"}]}
COMMAND: POST /session/6c63433432e656fe102e41a405bf48f6/actions - {"actions":[{"id":"action71","type":"key","parameters":{},"actions":[{"type":"keyDown","value":"î€‡"},{"type":"pause","duration":10},{"type":"keyUp","value":"î€‡"}]}]}
RESULT: {"actions":[{"id":"action71","type":"key","parameters":{},"actions":[{"type":"keyDown","value":"î€‡"},{"type":"pause","duration":10},{"type":"keyUp","value":"î€‡"}]}]}
COMMAND: GET /session/6c63433432e656fe102e41a405bf48f6/screenshot - {}
RESULT: {}
COMMAND: POST /session/6c63433432e656fe102e41a405bf48f6/element - {"using":"xpath","value":"//td[@aria-colindex=\"1\"]/div/div[contains(@class, \"sapMCbBg\")]"}
RESULT: {"using":"xpath","value":"//td[@aria-colindex=\"1\"]/div/div[contains(@class, \"sapMCbBg\")]"}
COMMAND: POST /session/6c63433432e656fe102e41a405bf48f6/element/f.D105F16D3864A3F2742A47C77377899E.d.DF3250441B7F3361FD7A912BD0116C94.e.21097/click - {}
RESULT: {}
COMMAND: GET /session/6c63433432e656fe102e41a405bf48f6/screenshot - {}
RESULT: {}
COMMAND: POST /session/6c63433432e656fe102e41a405bf48f6/execute/async - {"script":"<script> [1562 bytes]","args":[{"selector":{"id":"application-managebillings-display-component---billRunCalcResult--contractBillRunDate","interaction":{"idSuffix":"inner"}},"wdio_ui5_key":"applicationmanagebillings-display-component---billRunCalcResult--contractBillRunDate"}]}
RESULT: {"script":"<script> [1562 bytes]","args":[{"selector":{"id":"application-managebillings-display-component---billRunCalcResult--contractBillRunDate","interaction":{"idSuffix":"inner"}},"wdio_ui5_key":"applicationmanagebillings-display-component---billRunCalcResult--contractBillRunDate"}]}
RESULT: undefined
COMMAND: POST /session/6c63433432e656fe102e41a405bf48f6/execute/async - {"script":"<script> [776 bytes]","args":[{"enterText":"05/04/25","selector":{"id":"application-managebillings-display-component---billRunCalcResult--contractBillRunDate","interaction":{"idSuffix":"inner"}},"clearTextFirst":true,"interactionType":"ENTER_TEXT"}]}
RESULT: {"script":"<script> [776 bytes]","args":[{"enterText":"05/04/25","selector":{"id":"application-managebillings-display-component---billRunCalcResult--contractBillRunDate","interaction":{"idSuffix":"inner"}},"clearTextFirst":true,"interactionType":"ENTER_TEXT"}]}
COMMAND: POST /session/6c63433432e656fe102e41a405bf48f6/element - {"using":"xpath","value":"//bdi[contains(text(), \"Trigger Calculation\")]"}
RESULT: {"using":"xpath","value":"//bdi[contains(text(), \"Trigger Calculation\")]"}
COMMAND: POST /session/6c63433432e656fe102e41a405bf48f6/element/f.D105F16D3864A3F2742A47C77377899E.d.DF3250441B7F3361FD7A912BD0116C94.e.21149/click - {}
RESULT: {}
COMMAND: GET /session/6c63433432e656fe102e41a405bf48f6/screenshot - {}
RESULT: {}
COMMAND: POST /session/6c63433432e656fe102e41a405bf48f6/element - {"using":"xpath","value":"(//span[contains(@id, \"imgNav\")])[1]"}
RESULT: {"using":"xpath","value":"(//span[contains(@id, \"imgNav\")])[1]"}
COMMAND: POST /session/6c63433432e656fe102e41a405bf48f6/element/f.D105F16D3864A3F2742A47C77377899E.d.DF3250441B7F3361FD7A912BD0116C94.e.21098/click - {}
RESULT: {}
COMMAND: GET /session/6c63433432e656fe102e41a405bf48f6/screenshot - {}
RESULT: {}
COMMAND: POST /session/6c63433432e656fe102e41a405bf48f6/element - {"using":"xpath","value":"//tr/td[6]/div[1]/span[1]/span[1]"}
RESULT: {"using":"xpath","value":"//tr/td[6]/div[1]/span[1]/span[1]"}
COMMAND: GET /session/6c63433432e656fe102e41a405bf48f6/element/f.D105F16D3864A3F2742A47C77377899E.d.DF3250441B7F3361FD7A912BD0116C94.e.21154/text - {}
RESULT: {}
COMMAND: POST /session/6c63433432e656fe102e41a405bf48f6/element - {"using":"xpath","value":"(//span[contains(@id, \"imgNav\")])[2]"}
RESULT: {"using":"xpath","value":"(//span[contains(@id, \"imgNav\")])[2]"}
COMMAND: POST /session/6c63433432e656fe102e41a405bf48f6/element/f.D105F16D3864A3F2742A47C77377899E.d.DF3250441B7F3361FD7A912BD0116C94.e.21155/click - {}
RESULT: {}
COMMAND: POST /session/6c63433432e656fe102e41a405bf48f6/element - {"using":"xpath","value":"//bdi[contains(text(), \"Business Confirm\")]"}
COMMAND: GET /session/6c63433432e656fe102e41a405bf48f6/screenshot - {}
RESULT: {"using":"xpath","value":"//bdi[contains(text(), \"Business Confirm\")]"}
COMMAND: POST /session/6c63433432e656fe102e41a405bf48f6/elements - {"using":"xpath","value":"//bdi[contains(text(), \"Business Confirm\")]"}
RESULT: {}
RESULT: {"using":"xpath","value":"//bdi[contains(text(), \"Business Confirm\")]"}
COMMAND: POST /session/6c63433432e656fe102e41a405bf48f6/elements - {"using":"xpath","value":"//bdi[contains(text(), \"Business Confirm\")]"}
RESULT: {"using":"xpath","value":"//bdi[contains(text(), \"Business Confirm\")]"}
COMMAND: POST /session/6c63433432e656fe102e41a405bf48f6/element - {"using":"xpath","value":"//bdi[contains(text(), \"Business Confirm\")]"}
RESULT: {"using":"xpath","value":"//bdi[contains(text(), \"Business Confirm\")]"}
COMMAND: POST /session/6c63433432e656fe102e41a405bf48f6/element/f.D105F16D3864A3F2742A47C77377899E.d.DF3250441B7F3361FD7A912BD0116C94.e.21158/click - {}
RESULT: {}
COMMAND: POST /session/6c63433432e656fe102e41a405bf48f6/element - {"using":"css selector","value":"#shell-header-logo"}
COMMAND: GET /session/6c63433432e656fe102e41a405bf48f6/screenshot - {}
RESULT: {"using":"css selector","value":"#shell-header-logo"}
COMMAND: POST /session/6c63433432e656fe102e41a405bf48f6/element/f.D105F16D3864A3F2742A47C77377899E.d.DF3250441B7F3361FD7A912BD0116C94.e.20891/click - {}
RESULT: {}
RESULT: {}
COMMAND: GET /session/6c63433432e656fe102e41a405bf48f6/screenshot - {}
RESULT: {}
]]></system-out>
    </testcase>
    <testcase classname="chrome.135_0_7049_96.windows.Billing_Calculation_-_Time_based_(considering_transport_times)_US139738" name="Should transfer the billing all the way to completion" time="70.43">
      <system-out><![CDATA[
COMMAND: POST /session/6c63433432e656fe102e41a405bf48f6/execute/async - {"script":"<script> [1562 bytes]","args":[{"selector":{"controlType":"sap.m.GenericTile","properties":{"header":"Billing Transfer"}},"wdio_ui5_key":"sapm.GenericTile{\"header\":\"Billing Transfer\"}"}]}
RESULT: {"script":"<script> [1562 bytes]","args":[{"selector":{"controlType":"sap.m.GenericTile","properties":{"header":"Billing Transfer"}},"wdio_ui5_key":"sapm.GenericTile{\"header\":\"Billing Transfer\"}"}]}
RESULT: undefined
COMMAND: POST /session/6c63433432e656fe102e41a405bf48f6/element - {"using":"xpath","value":"//*[@id=\"__tile90\"]"}
RESULT: {"using":"xpath","value":"//*[@id=\"__tile90\"]"}
COMMAND: POST /session/6c63433432e656fe102e41a405bf48f6/element/f.D105F16D3864A3F2742A47C77377899E.d.DF3250441B7F3361FD7A912BD0116C94.e.17102/click - {}
RESULT: {}
COMMAND: POST /session/6c63433432e656fe102e41a405bf48f6/element - {"using":"xpath","value":"//input[contains(@id ,\"application-billingtransfer-display-component---billingWorkbench--smartFilterBar-btnBasicSearch\")]"}
COMMAND: GET /session/6c63433432e656fe102e41a405bf48f6/screenshot - {}
RESULT: {"using":"xpath","value":"//input[contains(@id ,\"application-billingtransfer-display-component---billingWorkbench--smartFilterBar-btnBasicSearch\")]"}
COMMAND: POST /session/6c63433432e656fe102e41a405bf48f6/elements - {"using":"xpath","value":"//input[contains(@id ,\"application-billingtransfer-display-component---billingWorkbench--smartFilterBar-btnBasicSearch\")]"}
RESULT: {}
RESULT: {"using":"xpath","value":"//input[contains(@id ,\"application-billingtransfer-display-component---billingWorkbench--smartFilterBar-btnBasicSearch\")]"}
COMMAND: POST /session/6c63433432e656fe102e41a405bf48f6/elements - {"using":"xpath","value":"//input[contains(@id ,\"application-billingtransfer-display-component---billingWorkbench--smartFilterBar-btnBasicSearch\")]"}
RESULT: {"using":"xpath","value":"//input[contains(@id ,\"application-billingtransfer-display-component---billingWorkbench--smartFilterBar-btnBasicSearch\")]"}
COMMAND: POST /session/6c63433432e656fe102e41a405bf48f6/elements - {"using":"xpath","value":"//input[contains(@id ,\"application-billingtransfer-display-component---billingWorkbench--smartFilterBar-btnBasicSearch\")]"}
RESULT: {"using":"xpath","value":"//input[contains(@id ,\"application-billingtransfer-display-component---billingWorkbench--smartFilterBar-btnBasicSearch\")]"}
COMMAND: POST /session/6c63433432e656fe102e41a405bf48f6/elements - {"using":"xpath","value":"//input[contains(@id ,\"application-billingtransfer-display-component---billingWorkbench--smartFilterBar-btnBasicSearch\")]"}
RESULT: {"using":"xpath","value":"//input[contains(@id ,\"application-billingtransfer-display-component---billingWorkbench--smartFilterBar-btnBasicSearch\")]"}
COMMAND: POST /session/6c63433432e656fe102e41a405bf48f6/element - {"using":"xpath","value":"//input[contains(@id ,\"application-billingtransfer-display-component---billingWorkbench--smartFilterBar-btnBasicSearch\")]"}
RESULT: {"using":"xpath","value":"//input[contains(@id ,\"application-billingtransfer-display-component---billingWorkbench--smartFilterBar-btnBasicSearch\")]"}
COMMAND: POST /session/6c63433432e656fe102e41a405bf48f6/execute/sync - {"script":"<script> [8489 bytes]","args":[{"element-6066-11e4-a52e-4f735466cecf":"f.D105F16D3864A3F2742A47C77377899E.d.DF3250441B7F3361FD7A912BD0116C94.e.21226","ELEMENT":"f.D105F16D3864A3F2742A47C77377899E.d.DF3250441B7F3361FD7A912BD0116C94.e.21226"}]}
RESULT: {"script":"<script> [8489 bytes]","args":[{"element-6066-11e4-a52e-4f735466cecf":"f.D105F16D3864A3F2742A47C77377899E.d.DF3250441B7F3361FD7A912BD0116C94.e.21226","ELEMENT":"f.D105F16D3864A3F2742A47C77377899E.d.DF3250441B7F3361FD7A912BD0116C94.e.21226"}]}
COMMAND: GET /session/6c63433432e656fe102e41a405bf48f6/element/f.D105F16D3864A3F2742A47C77377899E.d.DF3250441B7F3361FD7A912BD0116C94.e.21226/enabled - {}
COMMAND: GET /session/6c63433432e656fe102e41a405bf48f6/screenshot - {}
RESULT: {}
COMMAND: POST /session/6c63433432e656fe102e41a405bf48f6/element/f.D105F16D3864A3F2742A47C77377899E.d.DF3250441B7F3361FD7A912BD0116C94.e.21226/click - {}
COMMAND: GET /session/6c63433432e656fe102e41a405bf48f6/screenshot - {}
RESULT: {}
RESULT: {}
COMMAND: GET /session/6c63433432e656fe102e41a405bf48f6/screenshot - {}
RESULT: {}
RESULT: {}
COMMAND: POST /session/6c63433432e656fe102e41a405bf48f6/element/f.D105F16D3864A3F2742A47C77377899E.d.DF3250441B7F3361FD7A912BD0116C94.e.21226/clear - {}
RESULT: {}
COMMAND: POST /session/6c63433432e656fe102e41a405bf48f6/element/f.D105F16D3864A3F2742A47C77377899E.d.DF3250441B7F3361FD7A912BD0116C94.e.21226/value - {"text":"10507"}
COMMAND: GET /session/6c63433432e656fe102e41a405bf48f6/screenshot - {}
RESULT: {"text":"10507"}
COMMAND: POST /session/6c63433432e656fe102e41a405bf48f6/actions - {"actions":[{"id":"action72","type":"key","parameters":{},"actions":[{"type":"keyDown","value":"î€‡"},{"type":"pause","duration":10},{"type":"keyUp","value":"î€‡"}]}]}
COMMAND: GET /session/6c63433432e656fe102e41a405bf48f6/screenshot - {}
RESULT: {}
RESULT: {"actions":[{"id":"action72","type":"key","parameters":{},"actions":[{"type":"keyDown","value":"î€‡"},{"type":"pause","duration":10},{"type":"keyUp","value":"î€‡"}]}]}
COMMAND: GET /session/6c63433432e656fe102e41a405bf48f6/screenshot - {}
RESULT: {}
RESULT: {}
COMMAND: POST /session/6c63433432e656fe102e41a405bf48f6/element - {"using":"xpath","value":"//span[contains(@id ,\"application-billingtransfer-display-component---billingWorkbench--smartTableBillingRuns-header-inner\")]"}
RESULT: {"using":"xpath","value":"//span[contains(@id ,\"application-billingtransfer-display-component---billingWorkbench--smartTableBillingRuns-header-inner\")]"}
COMMAND: POST /session/6c63433432e656fe102e41a405bf48f6/elements - {"using":"xpath","value":"//span[contains(@id ,\"application-billingtransfer-display-component---billingWorkbench--smartTableBillingRuns-header-inner\")]"}
RESULT: {"using":"xpath","value":"//span[contains(@id ,\"application-billingtransfer-display-component---billingWorkbench--smartTableBillingRuns-header-inner\")]"}
COMMAND: POST /session/6c63433432e656fe102e41a405bf48f6/execute/sync - {"script":"<script> [56 bytes]","args":[{"element-6066-11e4-a52e-4f735466cecf":"f.D105F16D3864A3F2742A47C77377899E.d.DF3250441B7F3361FD7A912BD0116C94.e.21625","ELEMENT":"f.D105F16D3864A3F2742A47C77377899E.d.DF3250441B7F3361FD7A912BD0116C94.e.21625"}]}
RESULT: {"script":"<script> [56 bytes]","args":[{"element-6066-11e4-a52e-4f735466cecf":"f.D105F16D3864A3F2742A47C77377899E.d.DF3250441B7F3361FD7A912BD0116C94.e.21625","ELEMENT":"f.D105F16D3864A3F2742A47C77377899E.d.DF3250441B7F3361FD7A912BD0116C94.e.21625"}]}
COMMAND: POST /session/6c63433432e656fe102e41a405bf48f6/element - {"using":"xpath","value":"//td[@aria-colindex=\"1\"]/div/div[contains(@class, \"sapMCbBg\")]"}
COMMAND: GET /session/6c63433432e656fe102e41a405bf48f6/screenshot - {}
RESULT: {"using":"xpath","value":"//td[@aria-colindex=\"1\"]/div/div[contains(@class, \"sapMCbBg\")]"}
COMMAND: POST /session/6c63433432e656fe102e41a405bf48f6/element/f.D105F16D3864A3F2742A47C77377899E.d.DF3250441B7F3361FD7A912BD0116C94.e.21616/click - {}
RESULT: {}
RESULT: {}
COMMAND: GET /session/6c63433432e656fe102e41a405bf48f6/screenshot - {}
RESULT: {}
COMMAND: POST /session/6c63433432e656fe102e41a405bf48f6/element - {"using":"xpath","value":"//bdi[contains(text(), \"Check\")]"}
RESULT: {"using":"xpath","value":"//bdi[contains(text(), \"Check\")]"}
COMMAND: POST /session/6c63433432e656fe102e41a405bf48f6/element/f.D105F16D3864A3F2742A47C77377899E.d.DF3250441B7F3361FD7A912BD0116C94.e.21626/click - {}
RESULT: {}
COMMAND: GET /session/6c63433432e656fe102e41a405bf48f6/screenshot - {}
RESULT: {}
COMMAND: POST /session/6c63433432e656fe102e41a405bf48f6/element - {"using":"xpath","value":"//bdi[contains(text(), \"OK\")]"}
RESULT: {"using":"xpath","value":"//bdi[contains(text(), \"OK\")]"}
COMMAND: POST /session/6c63433432e656fe102e41a405bf48f6/element/f.D105F16D3864A3F2742A47C77377899E.d.DF3250441B7F3361FD7A912BD0116C94.e.21629/click - {}
RESULT: {}
COMMAND: GET /session/6c63433432e656fe102e41a405bf48f6/screenshot - {}
RESULT: {}
COMMAND: POST /session/6c63433432e656fe102e41a405bf48f6/element - {"using":"xpath","value":"(//span[contains(text(), \"CO/SD checked\")]/parent::div/preceding-sibling::div/span)[1]"}
RESULT: {"using":"xpath","value":"(//span[contains(text(), \"CO/SD checked\")]/parent::div/preceding-sibling::div/span)[1]"}
COMMAND: POST /session/6c63433432e656fe102e41a405bf48f6/element/f.D105F16D3864A3F2742A47C77377899E.d.DF3250441B7F3361FD7A912BD0116C94.e.21630/click - {}
RESULT: {}
COMMAND: GET /session/6c63433432e656fe102e41a405bf48f6/screenshot - {}
RESULT: {}
COMMAND: POST /session/6c63433432e656fe102e41a405bf48f6/element - {"using":"xpath","value":"//input[contains(@id ,\"application-billingtransfer-display-component---billingWorkbench--smartFilterBar-btnBasicSearch\")]"}
RESULT: {"using":"xpath","value":"//input[contains(@id ,\"application-billingtransfer-display-component---billingWorkbench--smartFilterBar-btnBasicSearch\")]"}
COMMAND: POST /session/6c63433432e656fe102e41a405bf48f6/elements - {"using":"xpath","value":"//input[contains(@id ,\"application-billingtransfer-display-component---billingWorkbench--smartFilterBar-btnBasicSearch\")]"}
RESULT: {"using":"xpath","value":"//input[contains(@id ,\"application-billingtransfer-display-component---billingWorkbench--smartFilterBar-btnBasicSearch\")]"}
COMMAND: POST /session/6c63433432e656fe102e41a405bf48f6/execute/sync - {"script":"<script> [8489 bytes]","args":[{"element-6066-11e4-a52e-4f735466cecf":"f.D105F16D3864A3F2742A47C77377899E.d.DF3250441B7F3361FD7A912BD0116C94.e.21226","ELEMENT":"f.D105F16D3864A3F2742A47C77377899E.d.DF3250441B7F3361FD7A912BD0116C94.e.21226"}]}
RESULT: {"script":"<script> [8489 bytes]","args":[{"element-6066-11e4-a52e-4f735466cecf":"f.D105F16D3864A3F2742A47C77377899E.d.DF3250441B7F3361FD7A912BD0116C94.e.21226","ELEMENT":"f.D105F16D3864A3F2742A47C77377899E.d.DF3250441B7F3361FD7A912BD0116C94.e.21226"}]}
COMMAND: GET /session/6c63433432e656fe102e41a405bf48f6/element/f.D105F16D3864A3F2742A47C77377899E.d.DF3250441B7F3361FD7A912BD0116C94.e.21226/enabled - {}
COMMAND: GET /session/6c63433432e656fe102e41a405bf48f6/screenshot - {}
RESULT: {}
COMMAND: POST /session/6c63433432e656fe102e41a405bf48f6/element/f.D105F16D3864A3F2742A47C77377899E.d.DF3250441B7F3361FD7A912BD0116C94.e.21226/click - {}
COMMAND: GET /session/6c63433432e656fe102e41a405bf48f6/screenshot - {}
RESULT: {}
RESULT: {}
COMMAND: GET /session/6c63433432e656fe102e41a405bf48f6/screenshot - {}
RESULT: {}
RESULT: {}
COMMAND: POST /session/6c63433432e656fe102e41a405bf48f6/element/f.D105F16D3864A3F2742A47C77377899E.d.DF3250441B7F3361FD7A912BD0116C94.e.21226/clear - {}
RESULT: {}
COMMAND: POST /session/6c63433432e656fe102e41a405bf48f6/element/f.D105F16D3864A3F2742A47C77377899E.d.DF3250441B7F3361FD7A912BD0116C94.e.21226/value - {"text":"10507"}
COMMAND: GET /session/6c63433432e656fe102e41a405bf48f6/screenshot - {}
RESULT: {"text":"10507"}
COMMAND: POST /session/6c63433432e656fe102e41a405bf48f6/actions - {"actions":[{"id":"action73","type":"key","parameters":{},"actions":[{"type":"keyDown","value":"î€‡"},{"type":"pause","duration":10},{"type":"keyUp","value":"î€‡"}]}]}
COMMAND: GET /session/6c63433432e656fe102e41a405bf48f6/screenshot - {}
RESULT: {}
RESULT: {"actions":[{"id":"action73","type":"key","parameters":{},"actions":[{"type":"keyDown","value":"î€‡"},{"type":"pause","duration":10},{"type":"keyUp","value":"î€‡"}]}]}
COMMAND: GET /session/6c63433432e656fe102e41a405bf48f6/screenshot - {}
RESULT: {}
RESULT: {}
COMMAND: POST /session/6c63433432e656fe102e41a405bf48f6/element - {"using":"xpath","value":"//span[contains(@id ,\"application-billingtransfer-display-component---billingWorkbench--smartTableBillingRuns-header-inner\")]"}
RESULT: {"using":"xpath","value":"//span[contains(@id ,\"application-billingtransfer-display-component---billingWorkbench--smartTableBillingRuns-header-inner\")]"}
COMMAND: POST /session/6c63433432e656fe102e41a405bf48f6/elements - {"using":"xpath","value":"//span[contains(@id ,\"application-billingtransfer-display-component---billingWorkbench--smartTableBillingRuns-header-inner\")]"}
RESULT: {"using":"xpath","value":"//span[contains(@id ,\"application-billingtransfer-display-component---billingWorkbench--smartTableBillingRuns-header-inner\")]"}
COMMAND: POST /session/6c63433432e656fe102e41a405bf48f6/execute/sync - {"script":"<script> [56 bytes]","args":[{"element-6066-11e4-a52e-4f735466cecf":"f.D105F16D3864A3F2742A47C77377899E.d.DF3250441B7F3361FD7A912BD0116C94.e.21625","ELEMENT":"f.D105F16D3864A3F2742A47C77377899E.d.DF3250441B7F3361FD7A912BD0116C94.e.21625"}]}
RESULT: {"script":"<script> [56 bytes]","args":[{"element-6066-11e4-a52e-4f735466cecf":"f.D105F16D3864A3F2742A47C77377899E.d.DF3250441B7F3361FD7A912BD0116C94.e.21625","ELEMENT":"f.D105F16D3864A3F2742A47C77377899E.d.DF3250441B7F3361FD7A912BD0116C94.e.21625"}]}
COMMAND: POST /session/6c63433432e656fe102e41a405bf48f6/element - {"using":"xpath","value":"//td[@aria-colindex=\"1\"]/div/div[contains(@class, \"sapMCbBg\")]"}
COMMAND: GET /session/6c63433432e656fe102e41a405bf48f6/screenshot - {}
RESULT: {"using":"xpath","value":"//td[@aria-colindex=\"1\"]/div/div[contains(@class, \"sapMCbBg\")]"}
COMMAND: POST /session/6c63433432e656fe102e41a405bf48f6/element/f.D105F16D3864A3F2742A47C77377899E.d.DF3250441B7F3361FD7A912BD0116C94.e.21633/click - {}
RESULT: {}
RESULT: {}
COMMAND: GET /session/6c63433432e656fe102e41a405bf48f6/screenshot - {}
RESULT: {}
COMMAND: POST /session/6c63433432e656fe102e41a405bf48f6/element - {"using":"xpath","value":"//bdi[text()=\"Transfer\"]"}
RESULT: {"using":"xpath","value":"//bdi[text()=\"Transfer\"]"}
COMMAND: POST /session/6c63433432e656fe102e41a405bf48f6/element/f.D105F16D3864A3F2742A47C77377899E.d.DF3250441B7F3361FD7A912BD0116C94.e.21634/click - {}
RESULT: {}
COMMAND: GET /session/6c63433432e656fe102e41a405bf48f6/screenshot - {}
RESULT: {}
COMMAND: POST /session/6c63433432e656fe102e41a405bf48f6/element - {"using":"xpath","value":"//bdi[contains(text(), \"OK\")]"}
RESULT: {"using":"xpath","value":"//bdi[contains(text(), \"OK\")]"}
COMMAND: POST /session/6c63433432e656fe102e41a405bf48f6/element/f.D105F16D3864A3F2742A47C77377899E.d.DF3250441B7F3361FD7A912BD0116C94.e.21637/click - {}
RESULT: {}
COMMAND: GET /session/6c63433432e656fe102e41a405bf48f6/screenshot - {}
RESULT: {}
COMMAND: POST /session/6c63433432e656fe102e41a405bf48f6/element - {"using":"xpath","value":"(//span[contains(text(), \"Completed\")]/parent::div/preceding-sibling::div/span)[1]"}
RESULT: {"using":"xpath","value":"(//span[contains(text(), \"Completed\")]/parent::div/preceding-sibling::div/span)[1]"}
COMMAND: POST /session/6c63433432e656fe102e41a405bf48f6/element/f.D105F16D3864A3F2742A47C77377899E.d.DF3250441B7F3361FD7A912BD0116C94.e.21645/click - {}
RESULT: {}
COMMAND: POST /session/6c63433432e656fe102e41a405bf48f6/element - {"using":"xpath","value":"//input[contains(@id ,\"application-billingtransfer-display-component---billingWorkbench--smartFilterBar-btnBasicSearch\")]"}
COMMAND: GET /session/6c63433432e656fe102e41a405bf48f6/screenshot - {}
RESULT: {"using":"xpath","value":"//input[contains(@id ,\"application-billingtransfer-display-component---billingWorkbench--smartFilterBar-btnBasicSearch\")]"}
COMMAND: POST /session/6c63433432e656fe102e41a405bf48f6/elements - {"using":"xpath","value":"//input[contains(@id ,\"application-billingtransfer-display-component---billingWorkbench--smartFilterBar-btnBasicSearch\")]"}
RESULT: {}
RESULT: {"using":"xpath","value":"//input[contains(@id ,\"application-billingtransfer-display-component---billingWorkbench--smartFilterBar-btnBasicSearch\")]"}
COMMAND: POST /session/6c63433432e656fe102e41a405bf48f6/execute/sync - {"script":"<script> [8489 bytes]","args":[{"element-6066-11e4-a52e-4f735466cecf":"f.D105F16D3864A3F2742A47C77377899E.d.DF3250441B7F3361FD7A912BD0116C94.e.21226","ELEMENT":"f.D105F16D3864A3F2742A47C77377899E.d.DF3250441B7F3361FD7A912BD0116C94.e.21226"}]}
RESULT: {"script":"<script> [8489 bytes]","args":[{"element-6066-11e4-a52e-4f735466cecf":"f.D105F16D3864A3F2742A47C77377899E.d.DF3250441B7F3361FD7A912BD0116C94.e.21226","ELEMENT":"f.D105F16D3864A3F2742A47C77377899E.d.DF3250441B7F3361FD7A912BD0116C94.e.21226"}]}
COMMAND: GET /session/6c63433432e656fe102e41a405bf48f6/element/f.D105F16D3864A3F2742A47C77377899E.d.DF3250441B7F3361FD7A912BD0116C94.e.21226/enabled - {}
COMMAND: GET /session/6c63433432e656fe102e41a405bf48f6/screenshot - {}
RESULT: {}
COMMAND: POST /session/6c63433432e656fe102e41a405bf48f6/element/f.D105F16D3864A3F2742A47C77377899E.d.DF3250441B7F3361FD7A912BD0116C94.e.21226/click - {}
COMMAND: GET /session/6c63433432e656fe102e41a405bf48f6/screenshot - {}
RESULT: {}
RESULT: {}
COMMAND: GET /session/6c63433432e656fe102e41a405bf48f6/screenshot - {}
RESULT: {}
RESULT: {}
COMMAND: POST /session/6c63433432e656fe102e41a405bf48f6/element/f.D105F16D3864A3F2742A47C77377899E.d.DF3250441B7F3361FD7A912BD0116C94.e.21226/clear - {}
RESULT: {}
COMMAND: POST /session/6c63433432e656fe102e41a405bf48f6/element/f.D105F16D3864A3F2742A47C77377899E.d.DF3250441B7F3361FD7A912BD0116C94.e.21226/value - {"text":"10507"}
COMMAND: GET /session/6c63433432e656fe102e41a405bf48f6/screenshot - {}
RESULT: {"text":"10507"}
COMMAND: POST /session/6c63433432e656fe102e41a405bf48f6/actions - {"actions":[{"id":"action74","type":"key","parameters":{},"actions":[{"type":"keyDown","value":"î€‡"},{"type":"pause","duration":10},{"type":"keyUp","value":"î€‡"}]}]}
COMMAND: GET /session/6c63433432e656fe102e41a405bf48f6/screenshot - {}
RESULT: {}
RESULT: {"actions":[{"id":"action74","type":"key","parameters":{},"actions":[{"type":"keyDown","value":"î€‡"},{"type":"pause","duration":10},{"type":"keyUp","value":"î€‡"}]}]}
COMMAND: GET /session/6c63433432e656fe102e41a405bf48f6/screenshot - {}
RESULT: {}
RESULT: {}
COMMAND: POST /session/6c63433432e656fe102e41a405bf48f6/element - {"using":"xpath","value":"//span[contains(@id ,\"application-billingtransfer-display-component---billingWorkbench--smartTableBillingRuns-header-inner\")]"}
RESULT: {"using":"xpath","value":"//span[contains(@id ,\"application-billingtransfer-display-component---billingWorkbench--smartTableBillingRuns-header-inner\")]"}
COMMAND: POST /session/6c63433432e656fe102e41a405bf48f6/elements - {"using":"xpath","value":"//span[contains(@id ,\"application-billingtransfer-display-component---billingWorkbench--smartTableBillingRuns-header-inner\")]"}
RESULT: {"using":"xpath","value":"//span[contains(@id ,\"application-billingtransfer-display-component---billingWorkbench--smartTableBillingRuns-header-inner\")]"}
COMMAND: POST /session/6c63433432e656fe102e41a405bf48f6/execute/sync - {"script":"<script> [56 bytes]","args":[{"element-6066-11e4-a52e-4f735466cecf":"f.D105F16D3864A3F2742A47C77377899E.d.DF3250441B7F3361FD7A912BD0116C94.e.21625","ELEMENT":"f.D105F16D3864A3F2742A47C77377899E.d.DF3250441B7F3361FD7A912BD0116C94.e.21625"}]}
RESULT: {"script":"<script> [56 bytes]","args":[{"element-6066-11e4-a52e-4f735466cecf":"f.D105F16D3864A3F2742A47C77377899E.d.DF3250441B7F3361FD7A912BD0116C94.e.21625","ELEMENT":"f.D105F16D3864A3F2742A47C77377899E.d.DF3250441B7F3361FD7A912BD0116C94.e.21625"}]}
COMMAND: POST /session/6c63433432e656fe102e41a405bf48f6/element - {"using":"css selector","value":"#shell-header-logo"}
COMMAND: GET /session/6c63433432e656fe102e41a405bf48f6/screenshot - {}
RESULT: {"using":"css selector","value":"#shell-header-logo"}
COMMAND: POST /session/6c63433432e656fe102e41a405bf48f6/element/f.D105F16D3864A3F2742A47C77377899E.d.DF3250441B7F3361FD7A912BD0116C94.e.21224/click - {}
RESULT: {}
RESULT: {}
COMMAND: GET /session/6c63433432e656fe102e41a405bf48f6/screenshot - {}
RESULT: {}
]]></system-out>
    </testcase>
    <testcase classname="chrome.135_0_7049_96.windows.Billing_Calculation_-_Time_based_(considering_transport_times)_US139738" name="Should navigate to the contract item check the billed until field value" time="38.888">
      <system-out><![CDATA[
RESULT: undefined
COMMAND: POST /session/6c63433432e656fe102e41a405bf48f6/element - {"using":"xpath","value":"//*[@id=\"__tile130-title\"]"}
RESULT: {"using":"xpath","value":"//*[@id=\"__tile130-title\"]"}
COMMAND: POST /session/6c63433432e656fe102e41a405bf48f6/element/f.D105F16D3864A3F2742A47C77377899E.d.DF3250441B7F3361FD7A912BD0116C94.e.19331/click - {}
RESULT: {}
COMMAND: GET /session/6c63433432e656fe102e41a405bf48f6/screenshot - {}
COMMAND: POST /session/6c63433432e656fe102e41a405bf48f6/element - {"using":"xpath","value":"//button[@data-kt=\"addButton\"]"}
RESULT: {}
RESULT: {"using":"xpath","value":"//button[@data-kt=\"addButton\"]"}
COMMAND: POST /session/6c63433432e656fe102e41a405bf48f6/elements - {"using":"xpath","value":"//button[@data-kt=\"addButton\"]"}
RESULT: {"using":"xpath","value":"//button[@data-kt=\"addButton\"]"}
COMMAND: POST /session/6c63433432e656fe102e41a405bf48f6/execute/sync - {"script":"<script> [8489 bytes]","args":[{"element-6066-11e4-a52e-4f735466cecf":"f.D105F16D3864A3F2742A47C77377899E.d.DF3250441B7F3361FD7A912BD0116C94.e.21723","ELEMENT":"f.D105F16D3864A3F2742A47C77377899E.d.DF3250441B7F3361FD7A912BD0116C94.e.21723"}]}
RESULT: {"script":"<script> [8489 bytes]","args":[{"element-6066-11e4-a52e-4f735466cecf":"f.D105F16D3864A3F2742A47C77377899E.d.DF3250441B7F3361FD7A912BD0116C94.e.21723","ELEMENT":"f.D105F16D3864A3F2742A47C77377899E.d.DF3250441B7F3361FD7A912BD0116C94.e.21723"}]}
COMMAND: GET /session/6c63433432e656fe102e41a405bf48f6/element/f.D105F16D3864A3F2742A47C77377899E.d.DF3250441B7F3361FD7A912BD0116C94.e.21723/enabled - {}
COMMAND: GET /session/6c63433432e656fe102e41a405bf48f6/screenshot - {}
RESULT: {}
COMMAND: POST /session/6c63433432e656fe102e41a405bf48f6/execute/sync - {"script":"<script> [8489 bytes]","args":[{"element-6066-11e4-a52e-4f735466cecf":"f.D105F16D3864A3F2742A47C77377899E.d.DF3250441B7F3361FD7A912BD0116C94.e.21723","ELEMENT":"f.D105F16D3864A3F2742A47C77377899E.d.DF3250441B7F3361FD7A912BD0116C94.e.21723"}]}
COMMAND: GET /session/6c63433432e656fe102e41a405bf48f6/screenshot - {}
RESULT: {}
RESULT: {"script":"<script> [8489 bytes]","args":[{"element-6066-11e4-a52e-4f735466cecf":"f.D105F16D3864A3F2742A47C77377899E.d.DF3250441B7F3361FD7A912BD0116C94.e.21723","ELEMENT":"f.D105F16D3864A3F2742A47C77377899E.d.DF3250441B7F3361FD7A912BD0116C94.e.21723"}]}
COMMAND: POST /session/6c63433432e656fe102e41a405bf48f6/execute/sync - {"script":"<script> [5351 bytes]","args":[{"element-6066-11e4-a52e-4f735466cecf":"f.D105F16D3864A3F2742A47C77377899E.d.DF3250441B7F3361FD7A912BD0116C94.e.21723","ELEMENT":"f.D105F16D3864A3F2742A47C77377899E.d.DF3250441B7F3361FD7A912BD0116C94.e.21723"}]}
COMMAND: GET /session/6c63433432e656fe102e41a405bf48f6/screenshot - {}
RESULT: {}
RESULT: {"script":"<script> [5351 bytes]","args":[{"element-6066-11e4-a52e-4f735466cecf":"f.D105F16D3864A3F2742A47C77377899E.d.DF3250441B7F3361FD7A912BD0116C94.e.21723","ELEMENT":"f.D105F16D3864A3F2742A47C77377899E.d.DF3250441B7F3361FD7A912BD0116C94.e.21723"}]}
COMMAND: POST /session/6c63433432e656fe102e41a405bf48f6/element - {"using":"xpath","value":"//input[contains(@id ,\"smartContractFilterBar-btnBasicSearch-I\")]"}
COMMAND: GET /session/6c63433432e656fe102e41a405bf48f6/screenshot - {}
RESULT: {}
RESULT: {"using":"xpath","value":"//input[contains(@id ,\"smartContractFilterBar-btnBasicSearch-I\")]"}
COMMAND: POST /session/6c63433432e656fe102e41a405bf48f6/elements - {"using":"xpath","value":"//input[contains(@id ,\"smartContractFilterBar-btnBasicSearch-I\")]"}
RESULT: {}
RESULT: {"using":"xpath","value":"//input[contains(@id ,\"smartContractFilterBar-btnBasicSearch-I\")]"}
COMMAND: POST /session/6c63433432e656fe102e41a405bf48f6/execute/sync - {"script":"<script> [8489 bytes]","args":[{"element-6066-11e4-a52e-4f735466cecf":"f.D105F16D3864A3F2742A47C77377899E.d.DF3250441B7F3361FD7A912BD0116C94.e.21652","ELEMENT":"f.D105F16D3864A3F2742A47C77377899E.d.DF3250441B7F3361FD7A912BD0116C94.e.21652"}]}
RESULT: {"script":"<script> [8489 bytes]","args":[{"element-6066-11e4-a52e-4f735466cecf":"f.D105F16D3864A3F2742A47C77377899E.d.DF3250441B7F3361FD7A912BD0116C94.e.21652","ELEMENT":"f.D105F16D3864A3F2742A47C77377899E.d.DF3250441B7F3361FD7A912BD0116C94.e.21652"}]}
COMMAND: GET /session/6c63433432e656fe102e41a405bf48f6/element/f.D105F16D3864A3F2742A47C77377899E.d.DF3250441B7F3361FD7A912BD0116C94.e.21652/enabled - {}
COMMAND: GET /session/6c63433432e656fe102e41a405bf48f6/screenshot - {}
RESULT: {}
COMMAND: POST /session/6c63433432e656fe102e41a405bf48f6/element/f.D105F16D3864A3F2742A47C77377899E.d.DF3250441B7F3361FD7A912BD0116C94.e.21652/clear - {}
COMMAND: GET /session/6c63433432e656fe102e41a405bf48f6/screenshot - {}
RESULT: {}
RESULT: {}
COMMAND: POST /session/6c63433432e656fe102e41a405bf48f6/element/f.D105F16D3864A3F2742A47C77377899E.d.DF3250441B7F3361FD7A912BD0116C94.e.21652/value - {"text":"10507"}
COMMAND: GET /session/6c63433432e656fe102e41a405bf48f6/screenshot - {}
RESULT: {}
RESULT: {"text":"10507"}
COMMAND: GET /session/6c63433432e656fe102e41a405bf48f6/screenshot - {}
RESULT: {}
RESULT: {}
COMMAND: POST /session/6c63433432e656fe102e41a405bf48f6/actions - {"actions":[{"id":"action75","type":"key","parameters":{},"actions":[{"type":"keyDown","value":"î€‡"},{"type":"pause","duration":10},{"type":"keyUp","value":"î€‡"}]}]}
RESULT: {"actions":[{"id":"action75","type":"key","parameters":{},"actions":[{"type":"keyDown","value":"î€‡"},{"type":"pause","duration":10},{"type":"keyUp","value":"î€‡"}]}]}
COMMAND: GET /session/6c63433432e656fe102e41a405bf48f6/screenshot - {}
RESULT: {}
COMMAND: POST /session/6c63433432e656fe102e41a405bf48f6/element - {"using":"xpath","value":"//span[contains(@id, \"masterListContractsSmartTable-header-inner\")]"}
RESULT: {"using":"xpath","value":"//span[contains(@id, \"masterListContractsSmartTable-header-inner\")]"}
COMMAND: POST /session/6c63433432e656fe102e41a405bf48f6/elements - {"using":"xpath","value":"//span[contains(@id, \"masterListContractsSmartTable-header-inner\")]"}
RESULT: {"using":"xpath","value":"//span[contains(@id, \"masterListContractsSmartTable-header-inner\")]"}
COMMAND: POST /session/6c63433432e656fe102e41a405bf48f6/execute/sync - {"script":"<script> [56 bytes]","args":[{"element-6066-11e4-a52e-4f735466cecf":"f.D105F16D3864A3F2742A47C77377899E.d.DF3250441B7F3361FD7A912BD0116C94.e.22118","ELEMENT":"f.D105F16D3864A3F2742A47C77377899E.d.DF3250441B7F3361FD7A912BD0116C94.e.22118"}]}
RESULT: {"script":"<script> [56 bytes]","args":[{"element-6066-11e4-a52e-4f735466cecf":"f.D105F16D3864A3F2742A47C77377899E.d.DF3250441B7F3361FD7A912BD0116C94.e.22118","ELEMENT":"f.D105F16D3864A3F2742A47C77377899E.d.DF3250441B7F3361FD7A912BD0116C94.e.22118"}]}
COMMAND: POST /session/6c63433432e656fe102e41a405bf48f6/element - {"using":"xpath","value":"(//span[contains(@id, \"imgNav\")])[1]"}
COMMAND: GET /session/6c63433432e656fe102e41a405bf48f6/screenshot - {}
RESULT: {"using":"xpath","value":"(//span[contains(@id, \"imgNav\")])[1]"}
COMMAND: POST /session/6c63433432e656fe102e41a405bf48f6/element/f.D105F16D3864A3F2742A47C77377899E.d.DF3250441B7F3361FD7A912BD0116C94.e.22113/click - {}
RESULT: {}
RESULT: {}
COMMAND: GET /session/6c63433432e656fe102e41a405bf48f6/screenshot - {}
RESULT: {}
COMMAND: POST /session/6c63433432e656fe102e41a405bf48f6/element - {"using":"xpath","value":"//tr[@data-kt=\"productsColumnListItem\"]//td//span[contains(@id, \"imgNav\")][1]"}
RESULT: {"using":"xpath","value":"//tr[@data-kt=\"productsColumnListItem\"]//td//span[contains(@id, \"imgNav\")][1]"}
COMMAND: POST /session/6c63433432e656fe102e41a405bf48f6/element/f.D105F16D3864A3F2742A47C77377899E.d.DF3250441B7F3361FD7A912BD0116C94.e.22281/click - {}
RESULT: {}
COMMAND: GET /session/6c63433432e656fe102e41a405bf48f6/screenshot - {}
RESULT: {}
COMMAND: POST /session/6c63433432e656fe102e41a405bf48f6/element - {"using":"xpath","value":"//section[contains(@id, \"application-managecontracts-display-component---BillingItem--ObjectPageLayout-OPHeaderContent\")]/div/div/div/div/div[2]/div/div[2]/span"}
RESULT: {"using":"xpath","value":"//section[contains(@id, \"application-managecontracts-display-component---BillingItem--ObjectPageLayout-OPHeaderContent\")]/div/div/div/div/div[2]/div/div[2]/span"}
COMMAND: POST /session/6c63433432e656fe102e41a405bf48f6/execute/sync - {"script":"<script> [56 bytes]","args":[{"element-6066-11e4-a52e-4f735466cecf":"f.D105F16D3864A3F2742A47C77377899E.d.DF3250441B7F3361FD7A912BD0116C94.e.22519","ELEMENT":"f.D105F16D3864A3F2742A47C77377899E.d.DF3250441B7F3361FD7A912BD0116C94.e.22519"}]}
RESULT: {"script":"<script> [56 bytes]","args":[{"element-6066-11e4-a52e-4f735466cecf":"f.D105F16D3864A3F2742A47C77377899E.d.DF3250441B7F3361FD7A912BD0116C94.e.22519","ELEMENT":"f.D105F16D3864A3F2742A47C77377899E.d.DF3250441B7F3361FD7A912BD0116C94.e.22519"}]}
COMMAND: POST /session/6c63433432e656fe102e41a405bf48f6/element - {"using":"xpath","value":"//table[contains(@id, \"application-managecontracts-display-component---BillingItem--billingList-listUl\")]//td//*[contains(text(), \"partial billed\")]"}
COMMAND: GET /session/6c63433432e656fe102e41a405bf48f6/screenshot - {}
RESULT: {"using":"xpath","value":"//table[contains(@id, \"application-managecontracts-display-component---BillingItem--billingList-listUl\")]//td//*[contains(text(), \"partial billed\")]"}
COMMAND: POST /session/6c63433432e656fe102e41a405bf48f6/execute/sync - {"script":"<script> [56 bytes]","args":[{"element-6066-11e4-a52e-4f735466cecf":"f.D105F16D3864A3F2742A47C77377899E.d.DF3250441B7F3361FD7A912BD0116C94.e.22520","ELEMENT":"f.D105F16D3864A3F2742A47C77377899E.d.DF3250441B7F3361FD7A912BD0116C94.e.22520"}]}
RESULT: {}
RESULT: {"script":"<script> [56 bytes]","args":[{"element-6066-11e4-a52e-4f735466cecf":"f.D105F16D3864A3F2742A47C77377899E.d.DF3250441B7F3361FD7A912BD0116C94.e.22520","ELEMENT":"f.D105F16D3864A3F2742A47C77377899E.d.DF3250441B7F3361FD7A912BD0116C94.e.22520"}]}
COMMAND: POST /session/6c63433432e656fe102e41a405bf48f6/element - {"using":"css selector","value":"#shell-header-logo"}
COMMAND: GET /session/6c63433432e656fe102e41a405bf48f6/screenshot - {}
RESULT: {"using":"css selector","value":"#shell-header-logo"}
COMMAND: POST /session/6c63433432e656fe102e41a405bf48f6/element/f.D105F16D3864A3F2742A47C77377899E.d.DF3250441B7F3361FD7A912BD0116C94.e.21650/click - {}
RESULT: {}
RESULT: {}
COMMAND: GET /session/6c63433432e656fe102e41a405bf48f6/screenshot - {}
RESULT: {}
]]></system-out>
    </testcase>
    <testcase classname="chrome.135_0_7049_96.windows.Billing_Calculation_-_Time_based_(considering_transport_times)_US139738" name="Should do a handover return 2 step 7 days after provide or 14 days from today receive it in 21 days" time="148.778">
      <system-out><![CDATA[
RESULT: undefined
COMMAND: POST /session/6c63433432e656fe102e41a405bf48f6/element - {"using":"xpath","value":"//*[@id=\"__tile130-title\"]"}
RESULT: {"using":"xpath","value":"//*[@id=\"__tile130-title\"]"}
COMMAND: POST /session/6c63433432e656fe102e41a405bf48f6/element/f.D105F16D3864A3F2742A47C77377899E.d.DF3250441B7F3361FD7A912BD0116C94.e.19331/click - {}
RESULT: {}
COMMAND: GET /session/6c63433432e656fe102e41a405bf48f6/screenshot - {}
COMMAND: POST /session/6c63433432e656fe102e41a405bf48f6/element - {"using":"xpath","value":"//button[@data-kt=\"addButton\"]"}
RESULT: {}
RESULT: {"using":"xpath","value":"//button[@data-kt=\"addButton\"]"}
COMMAND: POST /session/6c63433432e656fe102e41a405bf48f6/elements - {"using":"xpath","value":"//button[@data-kt=\"addButton\"]"}
RESULT: {"using":"xpath","value":"//button[@data-kt=\"addButton\"]"}
COMMAND: POST /session/6c63433432e656fe102e41a405bf48f6/execute/sync - {"script":"<script> [8489 bytes]","args":[{"element-6066-11e4-a52e-4f735466cecf":"f.D105F16D3864A3F2742A47C77377899E.d.DF3250441B7F3361FD7A912BD0116C94.e.22585","ELEMENT":"f.D105F16D3864A3F2742A47C77377899E.d.DF3250441B7F3361FD7A912BD0116C94.e.22585"}]}
RESULT: {"script":"<script> [8489 bytes]","args":[{"element-6066-11e4-a52e-4f735466cecf":"f.D105F16D3864A3F2742A47C77377899E.d.DF3250441B7F3361FD7A912BD0116C94.e.22585","ELEMENT":"f.D105F16D3864A3F2742A47C77377899E.d.DF3250441B7F3361FD7A912BD0116C94.e.22585"}]}
COMMAND: GET /session/6c63433432e656fe102e41a405bf48f6/element/f.D105F16D3864A3F2742A47C77377899E.d.DF3250441B7F3361FD7A912BD0116C94.e.22585/enabled - {}
COMMAND: GET /session/6c63433432e656fe102e41a405bf48f6/screenshot - {}
RESULT: {}
COMMAND: POST /session/6c63433432e656fe102e41a405bf48f6/execute/sync - {"script":"<script> [8489 bytes]","args":[{"element-6066-11e4-a52e-4f735466cecf":"f.D105F16D3864A3F2742A47C77377899E.d.DF3250441B7F3361FD7A912BD0116C94.e.22585","ELEMENT":"f.D105F16D3864A3F2742A47C77377899E.d.DF3250441B7F3361FD7A912BD0116C94.e.22585"}]}
COMMAND: GET /session/6c63433432e656fe102e41a405bf48f6/screenshot - {}
RESULT: {}
RESULT: {"script":"<script> [8489 bytes]","args":[{"element-6066-11e4-a52e-4f735466cecf":"f.D105F16D3864A3F2742A47C77377899E.d.DF3250441B7F3361FD7A912BD0116C94.e.22585","ELEMENT":"f.D105F16D3864A3F2742A47C77377899E.d.DF3250441B7F3361FD7A912BD0116C94.e.22585"}]}
COMMAND: POST /session/6c63433432e656fe102e41a405bf48f6/execute/sync - {"script":"<script> [5351 bytes]","args":[{"element-6066-11e4-a52e-4f735466cecf":"f.D105F16D3864A3F2742A47C77377899E.d.DF3250441B7F3361FD7A912BD0116C94.e.22585","ELEMENT":"f.D105F16D3864A3F2742A47C77377899E.d.DF3250441B7F3361FD7A912BD0116C94.e.22585"}]}
COMMAND: GET /session/6c63433432e656fe102e41a405bf48f6/screenshot - {}
RESULT: {}
RESULT: {}
RESULT: {"script":"<script> [5351 bytes]","args":[{"element-6066-11e4-a52e-4f735466cecf":"f.D105F16D3864A3F2742A47C77377899E.d.DF3250441B7F3361FD7A912BD0116C94.e.22585","ELEMENT":"f.D105F16D3864A3F2742A47C77377899E.d.DF3250441B7F3361FD7A912BD0116C94.e.22585"}]}
COMMAND: GET /session/6c63433432e656fe102e41a405bf48f6/screenshot - {}
RESULT: {}
COMMAND: POST /session/6c63433432e656fe102e41a405bf48f6/element - {"using":"xpath","value":"//input[contains(@id ,\"smartContractFilterBar-btnBasicSearch-I\")]"}
RESULT: {"using":"xpath","value":"//input[contains(@id ,\"smartContractFilterBar-btnBasicSearch-I\")]"}
COMMAND: POST /session/6c63433432e656fe102e41a405bf48f6/elements - {"using":"xpath","value":"//input[contains(@id ,\"smartContractFilterBar-btnBasicSearch-I\")]"}
RESULT: {"using":"xpath","value":"//input[contains(@id ,\"smartContractFilterBar-btnBasicSearch-I\")]"}
COMMAND: POST /session/6c63433432e656fe102e41a405bf48f6/execute/sync - {"script":"<script> [8489 bytes]","args":[{"element-6066-11e4-a52e-4f735466cecf":"f.D105F16D3864A3F2742A47C77377899E.d.DF3250441B7F3361FD7A912BD0116C94.e.22526","ELEMENT":"f.D105F16D3864A3F2742A47C77377899E.d.DF3250441B7F3361FD7A912BD0116C94.e.22526"}]}
RESULT: {"script":"<script> [8489 bytes]","args":[{"element-6066-11e4-a52e-4f735466cecf":"f.D105F16D3864A3F2742A47C77377899E.d.DF3250441B7F3361FD7A912BD0116C94.e.22526","ELEMENT":"f.D105F16D3864A3F2742A47C77377899E.d.DF3250441B7F3361FD7A912BD0116C94.e.22526"}]}
COMMAND: GET /session/6c63433432e656fe102e41a405bf48f6/element/f.D105F16D3864A3F2742A47C77377899E.d.DF3250441B7F3361FD7A912BD0116C94.e.22526/enabled - {}
COMMAND: GET /session/6c63433432e656fe102e41a405bf48f6/screenshot - {}
RESULT: {}
COMMAND: POST /session/6c63433432e656fe102e41a405bf48f6/element/f.D105F16D3864A3F2742A47C77377899E.d.DF3250441B7F3361FD7A912BD0116C94.e.22526/clear - {}
COMMAND: GET /session/6c63433432e656fe102e41a405bf48f6/screenshot - {}
RESULT: {}
RESULT: {}
COMMAND: POST /session/6c63433432e656fe102e41a405bf48f6/element/f.D105F16D3864A3F2742A47C77377899E.d.DF3250441B7F3361FD7A912BD0116C94.e.22526/value - {"text":"10507"}
COMMAND: GET /session/6c63433432e656fe102e41a405bf48f6/screenshot - {}
RESULT: {}
RESULT: {"text":"10507"}
COMMAND: GET /session/6c63433432e656fe102e41a405bf48f6/screenshot - {}
RESULT: {}
RESULT: {}
COMMAND: POST /session/6c63433432e656fe102e41a405bf48f6/actions - {"actions":[{"id":"action76","type":"key","parameters":{},"actions":[{"type":"keyDown","value":"î€‡"},{"type":"pause","duration":10},{"type":"keyUp","value":"î€‡"}]}]}
RESULT: {"actions":[{"id":"action76","type":"key","parameters":{},"actions":[{"type":"keyDown","value":"î€‡"},{"type":"pause","duration":10},{"type":"keyUp","value":"î€‡"}]}]}
COMMAND: GET /session/6c63433432e656fe102e41a405bf48f6/screenshot - {}
RESULT: {}
COMMAND: POST /session/6c63433432e656fe102e41a405bf48f6/element - {"using":"xpath","value":"//span[contains(@id, \"masterListContractsSmartTable-header-inner\")]"}
RESULT: {"using":"xpath","value":"//span[contains(@id, \"masterListContractsSmartTable-header-inner\")]"}
COMMAND: POST /session/6c63433432e656fe102e41a405bf48f6/elements - {"using":"xpath","value":"//span[contains(@id, \"masterListContractsSmartTable-header-inner\")]"}
RESULT: {"using":"xpath","value":"//span[contains(@id, \"masterListContractsSmartTable-header-inner\")]"}
COMMAND: POST /session/6c63433432e656fe102e41a405bf48f6/execute/sync - {"script":"<script> [56 bytes]","args":[{"element-6066-11e4-a52e-4f735466cecf":"f.D105F16D3864A3F2742A47C77377899E.d.DF3250441B7F3361FD7A912BD0116C94.e.22838","ELEMENT":"f.D105F16D3864A3F2742A47C77377899E.d.DF3250441B7F3361FD7A912BD0116C94.e.22838"}]}
RESULT: {"script":"<script> [56 bytes]","args":[{"element-6066-11e4-a52e-4f735466cecf":"f.D105F16D3864A3F2742A47C77377899E.d.DF3250441B7F3361FD7A912BD0116C94.e.22838","ELEMENT":"f.D105F16D3864A3F2742A47C77377899E.d.DF3250441B7F3361FD7A912BD0116C94.e.22838"}]}
COMMAND: POST /session/6c63433432e656fe102e41a405bf48f6/element - {"using":"xpath","value":"(//span[contains(@id, \"imgNav\")])[1]"}
COMMAND: GET /session/6c63433432e656fe102e41a405bf48f6/screenshot - {}
RESULT: {"using":"xpath","value":"(//span[contains(@id, \"imgNav\")])[1]"}
COMMAND: POST /session/6c63433432e656fe102e41a405bf48f6/element/f.D105F16D3864A3F2742A47C77377899E.d.DF3250441B7F3361FD7A912BD0116C94.e.22836/click - {}
RESULT: {}
RESULT: {}
COMMAND: GET /session/6c63433432e656fe102e41a405bf48f6/screenshot - {}
RESULT: {}
COMMAND: POST /session/6c63433432e656fe102e41a405bf48f6/element - {"using":"xpath","value":"//button[contains(@id, \"contractDetailReturnButton\")]"}
RESULT: {"using":"xpath","value":"//button[contains(@id, \"contractDetailReturnButton\")]"}
COMMAND: POST /session/6c63433432e656fe102e41a405bf48f6/element/f.D105F16D3864A3F2742A47C77377899E.d.DF3250441B7F3361FD7A912BD0116C94.e.22874/click - {}
RESULT: {}
COMMAND: GET /session/6c63433432e656fe102e41a405bf48f6/screenshot - {}
RESULT: undefined
COMMAND: POST /session/6c63433432e656fe102e41a405bf48f6/execute/async - {"script":"<script> [776 bytes]","args":[{"enterText":"05/18/25","selector":{"id":"application-managehandovers-display-component---AddNewHO--dueDate","interaction":{"idSuffix":"inner"}},"clearTextFirst":true,"interactionType":"ENTER_TEXT"}]}
RESULT: {}
RESULT: {"script":"<script> [776 bytes]","args":[{"enterText":"05/18/25","selector":{"id":"application-managehandovers-display-component---AddNewHO--dueDate","interaction":{"idSuffix":"inner"}},"clearTextFirst":true,"interactionType":"ENTER_TEXT"}]}
COMMAND: POST /session/6c63433432e656fe102e41a405bf48f6/element - {"using":"xpath","value":"//bdi[contains(text(), \"Instructions\")]"}
RESULT: {"using":"xpath","value":"//bdi[contains(text(), \"Instructions\")]"}
COMMAND: POST /session/6c63433432e656fe102e41a405bf48f6/element/f.D105F16D3864A3F2742A47C77377899E.d.DF3250441B7F3361FD7A912BD0116C94.e.23300/click - {}
RESULT: {}
COMMAND: GET /session/6c63433432e656fe102e41a405bf48f6/screenshot - {}
RESULT: {}
COMMAND: POST /session/6c63433432e656fe102e41a405bf48f6/element - {"using":"xpath","value":"//button[@data-kt=\"AddNewHOProvideAddItemsButton\"]"}
RESULT: {"using":"xpath","value":"//button[@data-kt=\"AddNewHOProvideAddItemsButton\"]"}
COMMAND: POST /session/6c63433432e656fe102e41a405bf48f6/element/f.D105F16D3864A3F2742A47C77377899E.d.DF3250441B7F3361FD7A912BD0116C94.e.23104/click - {}
RESULT: {}
COMMAND: GET /session/6c63433432e656fe102e41a405bf48f6/screenshot - {}
RESULT: {}
RESULT: undefined
COMMAND: POST /session/6c63433432e656fe102e41a405bf48f6/element - {"using":"xpath","value":"//*[@id=\"application-managehandovers-display-component---AddNewHO--popup-sa\"]"}
RESULT: {"using":"xpath","value":"//*[@id=\"application-managehandovers-display-component---AddNewHO--popup-sa\"]"}
COMMAND: POST /session/6c63433432e656fe102e41a405bf48f6/element/f.D105F16D3864A3F2742A47C77377899E.d.DF3250441B7F3361FD7A912BD0116C94.e.23313/click - {}
RESULT: {}
COMMAND: GET /session/6c63433432e656fe102e41a405bf48f6/screenshot - {}
RESULT: {}
COMMAND: POST /session/6c63433432e656fe102e41a405bf48f6/element - {"using":"xpath","value":"//*[contains(@id ,\"BDI-content\")][contains(text(), \"Select\")]"}
RESULT: {"using":"xpath","value":"//*[contains(@id ,\"BDI-content\")][contains(text(), \"Select\")]"}
COMMAND: POST /session/6c63433432e656fe102e41a405bf48f6/element/f.D105F16D3864A3F2742A47C77377899E.d.DF3250441B7F3361FD7A912BD0116C94.e.23314/click - {}
RESULT: {}
COMMAND: GET /session/6c63433432e656fe102e41a405bf48f6/screenshot - {}
RESULT: {}
COMMAND: POST /session/6c63433432e656fe102e41a405bf48f6/element - {"using":"xpath","value":"(//div[contains(@id, \"application-managehandovers-display-component---AddNewHO--oneStep-CbBg\")])"}
RESULT: {"using":"xpath","value":"(//div[contains(@id, \"application-managehandovers-display-component---AddNewHO--oneStep-CbBg\")])"}
COMMAND: POST /session/6c63433432e656fe102e41a405bf48f6/element/f.D105F16D3864A3F2742A47C77377899E.d.DF3250441B7F3361FD7A912BD0116C94.e.23322/click - {}
RESULT: {}
RESULT: undefined
COMMAND: POST /session/6c63433432e656fe102e41a405bf48f6/element - {"using":"xpath","value":"//*[@id=\"application-managehandovers-display-component---AddNewHO--confirmCreationButton\"]"}
COMMAND: GET /session/6c63433432e656fe102e41a405bf48f6/screenshot - {}
RESULT: {"using":"xpath","value":"//*[@id=\"application-managehandovers-display-component---AddNewHO--confirmCreationButton\"]"}
COMMAND: POST /session/6c63433432e656fe102e41a405bf48f6/element/f.D105F16D3864A3F2742A47C77377899E.d.DF3250441B7F3361FD7A912BD0116C94.e.23111/click - {}
RESULT: {}
RESULT: {}
COMMAND: GET /session/6c63433432e656fe102e41a405bf48f6/screenshot - {}
RESULT: {}
COMMAND: POST /session/6c63433432e656fe102e41a405bf48f6/element - {"using":"xpath","value":"//button[@data-kt=\"PickingTableConfirmAllButton\"]"}
RESULT: {"using":"xpath","value":"//button[@data-kt=\"PickingTableConfirmAllButton\"]"}
COMMAND: POST /session/6c63433432e656fe102e41a405bf48f6/element/f.D105F16D3864A3F2742A47C77377899E.d.DF3250441B7F3361FD7A912BD0116C94.e.23363/click - {}
COMMAND: POST /session/6c63433432e656fe102e41a405bf48f6/element - {"using":"xpath","value":"//button[@data-kt=\"PickingTableConfirmAllButton\"]"}
RESULT: {"using":"xpath","value":"//button[@data-kt=\"PickingTableConfirmAllButton\"]"}
COMMAND: POST /session/6c63433432e656fe102e41a405bf48f6/element/f.D105F16D3864A3F2742A47C77377899E.d.DF3250441B7F3361FD7A912BD0116C94.e.23363/click - {}
COMMAND: POST /session/6c63433432e656fe102e41a405bf48f6/element - {"using":"xpath","value":"//button[@data-kt=\"PickingTableConfirmAllButton\"]"}
RESULT: {"using":"xpath","value":"//button[@data-kt=\"PickingTableConfirmAllButton\"]"}
COMMAND: POST /session/6c63433432e656fe102e41a405bf48f6/element/f.D105F16D3864A3F2742A47C77377899E.d.DF3250441B7F3361FD7A912BD0116C94.e.23376/click - {}
RESULT: {}
COMMAND: GET /session/6c63433432e656fe102e41a405bf48f6/screenshot - {}
RESULT: {}
COMMAND: POST /session/6c63433432e656fe102e41a405bf48f6/element - {"using":"xpath","value":"//bdi[contains(text(), \"OK\")]"}
RESULT: {"using":"xpath","value":"//bdi[contains(text(), \"OK\")]"}
COMMAND: POST /session/6c63433432e656fe102e41a405bf48f6/element/f.D105F16D3864A3F2742A47C77377899E.d.DF3250441B7F3361FD7A912BD0116C94.e.23378/click - {}
RESULT: {}
COMMAND: GET /session/6c63433432e656fe102e41a405bf48f6/screenshot - {}
RESULT: {}
COMMAND: POST /session/6c63433432e656fe102e41a405bf48f6/element - {"using":"xpath","value":"//button[@data-kt=\"execHoPickButton\"]"}
RESULT: {"using":"xpath","value":"//button[@data-kt=\"execHoPickButton\"]"}
COMMAND: POST /session/6c63433432e656fe102e41a405bf48f6/element/f.D105F16D3864A3F2742A47C77377899E.d.DF3250441B7F3361FD7A912BD0116C94.e.23380/click - {}
RESULT: {}
COMMAND: GET /session/6c63433432e656fe102e41a405bf48f6/screenshot - {}
RESULT: {}
COMMAND: POST /session/6c63433432e656fe102e41a405bf48f6/element - {"using":"xpath","value":"//span[contains(@id ,\"filterItemControl_BASIC-SEND_CONTRACT-vhi\")]"}
RESULT: {"using":"xpath","value":"//span[contains(@id ,\"filterItemControl_BASIC-SEND_CONTRACT-vhi\")]"}
COMMAND: POST /session/6c63433432e656fe102e41a405bf48f6/element/f.D105F16D3864A3F2742A47C77377899E.d.DF3250441B7F3361FD7A912BD0116C94.e.23555/click - {}
RESULT: {}
COMMAND: GET /session/6c63433432e656fe102e41a405bf48f6/screenshot - {}
RESULT: {}
RESULT: undefined
COMMAND: POST /session/6c63433432e656fe102e41a405bf48f6/execute/async - {"script":"<script> [776 bytes]","args":[{"enterText":"10507","selector":{"controlType":"sap.m.SearchField","viewName":"etm.portal.ui.managehandovers.view.MasterHO","bindingPath":{"path":"","propertyPath":"/_BASIC_SEARCH_FIELD","modelName":"fi1t3rM0d31"},"searchOpenDialogs":true,"interaction":{"idSuffix":"I"}},"clearTextFirst":true,"interactionType":"ENTER_TEXT"}]}
RESULT: {"script":"<script> [776 bytes]","args":[{"enterText":"10507","selector":{"controlType":"sap.m.SearchField","viewName":"etm.portal.ui.managehandovers.view.MasterHO","bindingPath":{"path":"","propertyPath":"/_BASIC_SEARCH_FIELD","modelName":"fi1t3rM0d31"},"searchOpenDialogs":true,"interaction":{"idSuffix":"I"}},"clearTextFirst":true,"interactionType":"ENTER_TEXT"}]}
COMMAND: POST /session/6c63433432e656fe102e41a405bf48f6/actions - {"actions":[{"id":"action77","type":"key","parameters":{},"actions":[{"type":"keyDown","value":"î€‡"},{"type":"pause","duration":10},{"type":"keyUp","value":"î€‡"}]}]}
RESULT: {"actions":[{"id":"action77","type":"key","parameters":{},"actions":[{"type":"keyDown","value":"î€‡"},{"type":"pause","duration":10},{"type":"keyUp","value":"î€‡"}]}]}
COMMAND: GET /session/6c63433432e656fe102e41a405bf48f6/screenshot - {}
RESULT: {}
COMMAND: POST /session/6c63433432e656fe102e41a405bf48f6/element - {"using":"xpath","value":"//div[contains(@id, 'filterItemControl_BASIC-SEND_CONTRACT-valueHelpDialog-table-rowsel0')]"}
RESULT: {"using":"xpath","value":"//div[contains(@id, 'filterItemControl_BASIC-SEND_CONTRACT-valueHelpDialog-table-rowsel0')]"}
COMMAND: POST /session/6c63433432e656fe102e41a405bf48f6/element/f.D105F16D3864A3F2742A47C77377899E.d.DF3250441B7F3361FD7A912BD0116C94.e.23563/click - {}
RESULT: {}
COMMAND: GET /session/6c63433432e656fe102e41a405bf48f6/screenshot - {}
RESULT: {}
COMMAND: POST /session/6c63433432e656fe102e41a405bf48f6/element - {"using":"xpath","value":"//bdi[contains(text(), \"OK\")]"}
RESULT: {"using":"xpath","value":"//bdi[contains(text(), \"OK\")]"}
COMMAND: POST /session/6c63433432e656fe102e41a405bf48f6/element/f.D105F16D3864A3F2742A47C77377899E.d.DF3250441B7F3361FD7A912BD0116C94.e.23565/click - {}
RESULT: {}
COMMAND: GET /session/6c63433432e656fe102e41a405bf48f6/screenshot - {}
RESULT: {}
COMMAND: POST /session/6c63433432e656fe102e41a405bf48f6/element - {"using":"xpath","value":"//span[contains(@id, \"smartTable-header-inner\")]"}
RESULT: {"using":"xpath","value":"//span[contains(@id, \"smartTable-header-inner\")]"}
COMMAND: POST /session/6c63433432e656fe102e41a405bf48f6/elements - {"using":"xpath","value":"//span[contains(@id, \"smartTable-header-inner\")]"}
RESULT: {"using":"xpath","value":"//span[contains(@id, \"smartTable-header-inner\")]"}
COMMAND: POST /session/6c63433432e656fe102e41a405bf48f6/execute/sync - {"script":"<script> [56 bytes]","args":[{"element-6066-11e4-a52e-4f735466cecf":"f.D105F16D3864A3F2742A47C77377899E.d.DF3250441B7F3361FD7A912BD0116C94.e.23593","ELEMENT":"f.D105F16D3864A3F2742A47C77377899E.d.DF3250441B7F3361FD7A912BD0116C94.e.23593"}]}
RESULT: {"script":"<script> [56 bytes]","args":[{"element-6066-11e4-a52e-4f735466cecf":"f.D105F16D3864A3F2742A47C77377899E.d.DF3250441B7F3361FD7A912BD0116C94.e.23593","ELEMENT":"f.D105F16D3864A3F2742A47C77377899E.d.DF3250441B7F3361FD7A912BD0116C94.e.23593"}]}
COMMAND: POST /session/6c63433432e656fe102e41a405bf48f6/element - {"using":"xpath","value":"//table[contains(@id, \"customHandovers\")]//tbody/tr[1]/td[2]/span"}
COMMAND: GET /session/6c63433432e656fe102e41a405bf48f6/screenshot - {}
RESULT: {"using":"xpath","value":"//table[contains(@id, \"customHandovers\")]//tbody/tr[1]/td[2]/span"}
COMMAND: POST /session/6c63433432e656fe102e41a405bf48f6/execute/sync - {"script":"<script> [56 bytes]","args":[{"element-6066-11e4-a52e-4f735466cecf":"f.D105F16D3864A3F2742A47C77377899E.d.DF3250441B7F3361FD7A912BD0116C94.e.23594","ELEMENT":"f.D105F16D3864A3F2742A47C77377899E.d.DF3250441B7F3361FD7A912BD0116C94.e.23594"}]}
RESULT: {}
RESULT: {"script":"<script> [56 bytes]","args":[{"element-6066-11e4-a52e-4f735466cecf":"f.D105F16D3864A3F2742A47C77377899E.d.DF3250441B7F3361FD7A912BD0116C94.e.23594","ELEMENT":"f.D105F16D3864A3F2742A47C77377899E.d.DF3250441B7F3361FD7A912BD0116C94.e.23594"}]}
COMMAND: POST /session/6c63433432e656fe102e41a405bf48f6/element - {"using":"xpath","value":"(//span[contains(@id, \"imgNav\")])[1]"}
COMMAND: GET /session/6c63433432e656fe102e41a405bf48f6/screenshot - {}
RESULT: {"using":"xpath","value":"(//span[contains(@id, \"imgNav\")])[1]"}
COMMAND: POST /session/6c63433432e656fe102e41a405bf48f6/element/f.D105F16D3864A3F2742A47C77377899E.d.DF3250441B7F3361FD7A912BD0116C94.e.23590/click - {}
RESULT: {}
RESULT: {}
COMMAND: GET /session/6c63433432e656fe102e41a405bf48f6/screenshot - {}
RESULT: {}
COMMAND: POST /session/6c63433432e656fe102e41a405bf48f6/element - {"using":"xpath","value":"//button[@data-kt=\"PickingTableConfirmAllButton\"]"}
RESULT: {"using":"xpath","value":"//button[@data-kt=\"PickingTableConfirmAllButton\"]"}
COMMAND: POST /session/6c63433432e656fe102e41a405bf48f6/element/f.D105F16D3864A3F2742A47C77377899E.d.DF3250441B7F3361FD7A912BD0116C94.e.23637/click - {}
RESULT: {}
COMMAND: GET /session/6c63433432e656fe102e41a405bf48f6/screenshot - {}
RESULT: {}
COMMAND: POST /session/6c63433432e656fe102e41a405bf48f6/element - {"using":"xpath","value":"//bdi[contains(text(), \"OK\")]"}
RESULT: {"using":"xpath","value":"//bdi[contains(text(), \"OK\")]"}
COMMAND: POST /session/6c63433432e656fe102e41a405bf48f6/element/f.D105F16D3864A3F2742A47C77377899E.d.DF3250441B7F3361FD7A912BD0116C94.e.23640/click - {}
RESULT: {}
COMMAND: GET /session/6c63433432e656fe102e41a405bf48f6/screenshot - {}
RESULT: {}
COMMAND: POST /session/6c63433432e656fe102e41a405bf48f6/element - {"using":"xpath","value":"//button[@data-kt=\"execHoIssueButton\"]"}
RESULT: {"using":"xpath","value":"//button[@data-kt=\"execHoIssueButton\"]"}
COMMAND: POST /session/6c63433432e656fe102e41a405bf48f6/element/f.D105F16D3864A3F2742A47C77377899E.d.DF3250441B7F3361FD7A912BD0116C94.e.23642/click - {}
RESULT: {}
COMMAND: GET /session/6c63433432e656fe102e41a405bf48f6/screenshot - {}
RESULT: {}
COMMAND: POST /session/6c63433432e656fe102e41a405bf48f6/element - {"using":"xpath","value":"//input[contains(@id ,\"smartFilterBar-btnBasicSearch-I\")]"}
RESULT: {"using":"xpath","value":"//input[contains(@id ,\"smartFilterBar-btnBasicSearch-I\")]"}
COMMAND: POST /session/6c63433432e656fe102e41a405bf48f6/elements - {"using":"xpath","value":"//input[contains(@id ,\"smartFilterBar-btnBasicSearch-I\")]"}
RESULT: {"using":"xpath","value":"//input[contains(@id ,\"smartFilterBar-btnBasicSearch-I\")]"}
COMMAND: POST /session/6c63433432e656fe102e41a405bf48f6/execute/sync - {"script":"<script> [8489 bytes]","args":[{"element-6066-11e4-a52e-4f735466cecf":"f.D105F16D3864A3F2742A47C77377899E.d.DF3250441B7F3361FD7A912BD0116C94.e.23047","ELEMENT":"f.D105F16D3864A3F2742A47C77377899E.d.DF3250441B7F3361FD7A912BD0116C94.e.23047"}]}
RESULT: {"script":"<script> [8489 bytes]","args":[{"element-6066-11e4-a52e-4f735466cecf":"f.D105F16D3864A3F2742A47C77377899E.d.DF3250441B7F3361FD7A912BD0116C94.e.23047","ELEMENT":"f.D105F16D3864A3F2742A47C77377899E.d.DF3250441B7F3361FD7A912BD0116C94.e.23047"}]}
COMMAND: GET /session/6c63433432e656fe102e41a405bf48f6/element/f.D105F16D3864A3F2742A47C77377899E.d.DF3250441B7F3361FD7A912BD0116C94.e.23047/enabled - {}
COMMAND: GET /session/6c63433432e656fe102e41a405bf48f6/screenshot - {}
RESULT: {}
COMMAND: POST /session/6c63433432e656fe102e41a405bf48f6/element/f.D105F16D3864A3F2742A47C77377899E.d.DF3250441B7F3361FD7A912BD0116C94.e.23047/clear - {}
COMMAND: GET /session/6c63433432e656fe102e41a405bf48f6/screenshot - {}
RESULT: {}
RESULT: {}
COMMAND: POST /session/6c63433432e656fe102e41a405bf48f6/element/f.D105F16D3864A3F2742A47C77377899E.d.DF3250441B7F3361FD7A912BD0116C94.e.23047/value - {"text":"30757"}
COMMAND: GET /session/6c63433432e656fe102e41a405bf48f6/screenshot - {}
RESULT: {}
RESULT: {"text":"30757"}
COMMAND: GET /session/6c63433432e656fe102e41a405bf48f6/screenshot - {}
RESULT: {}
RESULT: {}
COMMAND: POST /session/6c63433432e656fe102e41a405bf48f6/actions - {"actions":[{"id":"action78","type":"key","parameters":{},"actions":[{"type":"keyDown","value":"î€‡"},{"type":"pause","duration":10},{"type":"keyUp","value":"î€‡"}]}]}
RESULT: {"actions":[{"id":"action78","type":"key","parameters":{},"actions":[{"type":"keyDown","value":"î€‡"},{"type":"pause","duration":10},{"type":"keyUp","value":"î€‡"}]}]}
COMMAND: GET /session/6c63433432e656fe102e41a405bf48f6/screenshot - {}
RESULT: {}
COMMAND: POST /session/6c63433432e656fe102e41a405bf48f6/element - {"using":"xpath","value":"//span[contains(@id, \"smartTable-header-inner\")]"}
RESULT: {"using":"xpath","value":"//span[contains(@id, \"smartTable-header-inner\")]"}
COMMAND: POST /session/6c63433432e656fe102e41a405bf48f6/elements - {"using":"xpath","value":"//span[contains(@id, \"smartTable-header-inner\")]"}
RESULT: {"using":"xpath","value":"//span[contains(@id, \"smartTable-header-inner\")]"}
COMMAND: POST /session/6c63433432e656fe102e41a405bf48f6/execute/sync - {"script":"<script> [56 bytes]","args":[{"element-6066-11e4-a52e-4f735466cecf":"f.D105F16D3864A3F2742A47C77377899E.d.DF3250441B7F3361FD7A912BD0116C94.e.23593","ELEMENT":"f.D105F16D3864A3F2742A47C77377899E.d.DF3250441B7F3361FD7A912BD0116C94.e.23593"}]}
RESULT: {"script":"<script> [56 bytes]","args":[{"element-6066-11e4-a52e-4f735466cecf":"f.D105F16D3864A3F2742A47C77377899E.d.DF3250441B7F3361FD7A912BD0116C94.e.23593","ELEMENT":"f.D105F16D3864A3F2742A47C77377899E.d.DF3250441B7F3361FD7A912BD0116C94.e.23593"}]}
COMMAND: POST /session/6c63433432e656fe102e41a405bf48f6/elements - {"using":"xpath","value":"//thead[contains(@class, \"sapMTableTH\")]/tr/th"}
COMMAND: GET /session/6c63433432e656fe102e41a405bf48f6/screenshot - {}
RESULT: {"using":"xpath","value":"//thead[contains(@class, \"sapMTableTH\")]/tr/th"}
COMMAND: GET /session/6c63433432e656fe102e41a405bf48f6/element/f.D105F16D3864A3F2742A47C77377899E.d.DF3250441B7F3361FD7A912BD0116C94.e.23675/text - {}
RESULT: {}
RESULT: {}
COMMAND: GET /session/6c63433432e656fe102e41a405bf48f6/element/f.D105F16D3864A3F2742A47C77377899E.d.DF3250441B7F3361FD7A912BD0116C94.e.23676/text - {}
RESULT: {}
COMMAND: GET /session/6c63433432e656fe102e41a405bf48f6/element/f.D105F16D3864A3F2742A47C77377899E.d.DF3250441B7F3361FD7A912BD0116C94.e.23078/text - {}
RESULT: {}
COMMAND: GET /session/6c63433432e656fe102e41a405bf48f6/element/f.D105F16D3864A3F2742A47C77377899E.d.DF3250441B7F3361FD7A912BD0116C94.e.23080/text - {}
RESULT: {}
COMMAND: GET /session/6c63433432e656fe102e41a405bf48f6/element/f.D105F16D3864A3F2742A47C77377899E.d.DF3250441B7F3361FD7A912BD0116C94.e.23645/text - {}
RESULT: {}
COMMAND: GET /session/6c63433432e656fe102e41a405bf48f6/element/f.D105F16D3864A3F2742A47C77377899E.d.DF3250441B7F3361FD7A912BD0116C94.e.23646/text - {}
RESULT: {}
COMMAND: GET /session/6c63433432e656fe102e41a405bf48f6/element/f.D105F16D3864A3F2742A47C77377899E.d.DF3250441B7F3361FD7A912BD0116C94.e.23647/text - {}
RESULT: {}
COMMAND: GET /session/6c63433432e656fe102e41a405bf48f6/element/f.D105F16D3864A3F2742A47C77377899E.d.DF3250441B7F3361FD7A912BD0116C94.e.23648/text - {}
RESULT: {}
COMMAND: GET /session/6c63433432e656fe102e41a405bf48f6/element/f.D105F16D3864A3F2742A47C77377899E.d.DF3250441B7F3361FD7A912BD0116C94.e.23649/text - {}
RESULT: {}
COMMAND: GET /session/6c63433432e656fe102e41a405bf48f6/element/f.D105F16D3864A3F2742A47C77377899E.d.DF3250441B7F3361FD7A912BD0116C94.e.23650/text - {}
RESULT: {}
COMMAND: GET /session/6c63433432e656fe102e41a405bf48f6/element/f.D105F16D3864A3F2742A47C77377899E.d.DF3250441B7F3361FD7A912BD0116C94.e.23651/text - {}
RESULT: {}
COMMAND: GET /session/6c63433432e656fe102e41a405bf48f6/element/f.D105F16D3864A3F2742A47C77377899E.d.DF3250441B7F3361FD7A912BD0116C94.e.23652/text - {}
RESULT: {}
COMMAND: GET /session/6c63433432e656fe102e41a405bf48f6/element/f.D105F16D3864A3F2742A47C77377899E.d.DF3250441B7F3361FD7A912BD0116C94.e.23653/text - {}
RESULT: {}
COMMAND: GET /session/6c63433432e656fe102e41a405bf48f6/element/f.D105F16D3864A3F2742A47C77377899E.d.DF3250441B7F3361FD7A912BD0116C94.e.23081/text - {}
RESULT: {}
COMMAND: POST /session/6c63433432e656fe102e41a405bf48f6/element - {"using":"xpath","value":"//tbody[contains(@id, \"customHandoversTable-tblBody\")]/tr[1]/td[14]/div/span"}
RESULT: {"using":"xpath","value":"//tbody[contains(@id, \"customHandoversTable-tblBody\")]/tr[1]/td[14]/div/span"}
COMMAND: POST /session/6c63433432e656fe102e41a405bf48f6/execute/sync - {"script":"<script> [56 bytes]","args":[{"element-6066-11e4-a52e-4f735466cecf":"f.D105F16D3864A3F2742A47C77377899E.d.DF3250441B7F3361FD7A912BD0116C94.e.23729","ELEMENT":"f.D105F16D3864A3F2742A47C77377899E.d.DF3250441B7F3361FD7A912BD0116C94.e.23729"}]}
RESULT: {"script":"<script> [56 bytes]","args":[{"element-6066-11e4-a52e-4f735466cecf":"f.D105F16D3864A3F2742A47C77377899E.d.DF3250441B7F3361FD7A912BD0116C94.e.23729","ELEMENT":"f.D105F16D3864A3F2742A47C77377899E.d.DF3250441B7F3361FD7A912BD0116C94.e.23729"}]}
COMMAND: POST /session/6c63433432e656fe102e41a405bf48f6/element - {"using":"xpath","value":"(//span[contains(@id, \"imgNav\")])[1]"}
COMMAND: GET /session/6c63433432e656fe102e41a405bf48f6/screenshot - {}
RESULT: {"using":"xpath","value":"(//span[contains(@id, \"imgNav\")])[1]"}
COMMAND: POST /session/6c63433432e656fe102e41a405bf48f6/element/f.D105F16D3864A3F2742A47C77377899E.d.DF3250441B7F3361FD7A912BD0116C94.e.23730/click - {}
RESULT: {}
RESULT: {}
COMMAND: GET /session/6c63433432e656fe102e41a405bf48f6/screenshot - {}
RESULT: {}
RESULT: undefined
COMMAND: POST /session/6c63433432e656fe102e41a405bf48f6/execute/async - {"script":"<script> [776 bytes]","args":[{"enterText":"05/25/25","selector":{"id":"receiptDatePicker","viewName":"etm.portal.ui.managehandovers.view.DetailExecuteHO","interaction":{"idSuffix":"inner"}},"clearTextFirst":true,"interactionType":"ENTER_TEXT"}]}
RESULT: {"script":"<script> [776 bytes]","args":[{"enterText":"05/25/25","selector":{"id":"receiptDatePicker","viewName":"etm.portal.ui.managehandovers.view.DetailExecuteHO","interaction":{"idSuffix":"inner"}},"clearTextFirst":true,"interactionType":"ENTER_TEXT"}]}
COMMAND: POST /session/6c63433432e656fe102e41a405bf48f6/element - {"using":"xpath","value":"//bdi[contains(text(), \"OK\")]"}
RESULT: {"using":"xpath","value":"//bdi[contains(text(), \"OK\")]"}
COMMAND: POST /session/6c63433432e656fe102e41a405bf48f6/element/f.D105F16D3864A3F2742A47C77377899E.d.DF3250441B7F3361FD7A912BD0116C94.e.23775/click - {}
RESULT: {}
COMMAND: GET /session/6c63433432e656fe102e41a405bf48f6/screenshot - {}
RESULT: {}
COMMAND: POST /session/6c63433432e656fe102e41a405bf48f6/element - {"using":"xpath","value":"//button[@data-kt=\"PickingTableConfirmAllButton\"]"}
RESULT: {"using":"xpath","value":"//button[@data-kt=\"PickingTableConfirmAllButton\"]"}
COMMAND: POST /session/6c63433432e656fe102e41a405bf48f6/element/f.D105F16D3864A3F2742A47C77377899E.d.DF3250441B7F3361FD7A912BD0116C94.e.23761/click - {}
RESULT: {}
COMMAND: GET /session/6c63433432e656fe102e41a405bf48f6/screenshot - {}
RESULT: {}
COMMAND: POST /session/6c63433432e656fe102e41a405bf48f6/element - {"using":"xpath","value":"//bdi[contains(text(), \"OK\")]"}
RESULT: {"using":"xpath","value":"//bdi[contains(text(), \"OK\")]"}
COMMAND: POST /session/6c63433432e656fe102e41a405bf48f6/element/f.D105F16D3864A3F2742A47C77377899E.d.DF3250441B7F3361FD7A912BD0116C94.e.23791/click - {}
RESULT: {}
COMMAND: GET /session/6c63433432e656fe102e41a405bf48f6/screenshot - {}
RESULT: {}
COMMAND: POST /session/6c63433432e656fe102e41a405bf48f6/element - {"using":"xpath","value":"//button[@data-kt= \"execHoReceiveButton\"]"}
RESULT: {"using":"xpath","value":"//button[@data-kt= \"execHoReceiveButton\"]"}
COMMAND: POST /session/6c63433432e656fe102e41a405bf48f6/element/f.D105F16D3864A3F2742A47C77377899E.d.DF3250441B7F3361FD7A912BD0116C94.e.23792/click - {}
RESULT: {}
COMMAND: GET /session/6c63433432e656fe102e41a405bf48f6/screenshot - {}
RESULT: {}
COMMAND: POST /session/6c63433432e656fe102e41a405bf48f6/element - {"using":"xpath","value":"//input[contains(@id ,\"smartFilterBar-btnBasicSearch-I\")]"}
RESULT: {"using":"xpath","value":"//input[contains(@id ,\"smartFilterBar-btnBasicSearch-I\")]"}
COMMAND: POST /session/6c63433432e656fe102e41a405bf48f6/elements - {"using":"xpath","value":"//input[contains(@id ,\"smartFilterBar-btnBasicSearch-I\")]"}
RESULT: {"using":"xpath","value":"//input[contains(@id ,\"smartFilterBar-btnBasicSearch-I\")]"}
COMMAND: POST /session/6c63433432e656fe102e41a405bf48f6/execute/sync - {"script":"<script> [8489 bytes]","args":[{"element-6066-11e4-a52e-4f735466cecf":"f.D105F16D3864A3F2742A47C77377899E.d.DF3250441B7F3361FD7A912BD0116C94.e.23047","ELEMENT":"f.D105F16D3864A3F2742A47C77377899E.d.DF3250441B7F3361FD7A912BD0116C94.e.23047"}]}
RESULT: {"script":"<script> [8489 bytes]","args":[{"element-6066-11e4-a52e-4f735466cecf":"f.D105F16D3864A3F2742A47C77377899E.d.DF3250441B7F3361FD7A912BD0116C94.e.23047","ELEMENT":"f.D105F16D3864A3F2742A47C77377899E.d.DF3250441B7F3361FD7A912BD0116C94.e.23047"}]}
COMMAND: GET /session/6c63433432e656fe102e41a405bf48f6/element/f.D105F16D3864A3F2742A47C77377899E.d.DF3250441B7F3361FD7A912BD0116C94.e.23047/enabled - {}
COMMAND: GET /session/6c63433432e656fe102e41a405bf48f6/screenshot - {}
RESULT: {}
COMMAND: POST /session/6c63433432e656fe102e41a405bf48f6/element/f.D105F16D3864A3F2742A47C77377899E.d.DF3250441B7F3361FD7A912BD0116C94.e.23047/clear - {}
COMMAND: GET /session/6c63433432e656fe102e41a405bf48f6/screenshot - {}
RESULT: {}
RESULT: {}
COMMAND: POST /session/6c63433432e656fe102e41a405bf48f6/element/f.D105F16D3864A3F2742A47C77377899E.d.DF3250441B7F3361FD7A912BD0116C94.e.23047/value - {"text":"30757"}
COMMAND: GET /session/6c63433432e656fe102e41a405bf48f6/screenshot - {}
RESULT: {}
RESULT: {"text":"30757"}
COMMAND: GET /session/6c63433432e656fe102e41a405bf48f6/screenshot - {}
RESULT: {}
RESULT: {}
COMMAND: POST /session/6c63433432e656fe102e41a405bf48f6/actions - {"actions":[{"id":"action79","type":"key","parameters":{},"actions":[{"type":"keyDown","value":"î€‡"},{"type":"pause","duration":10},{"type":"keyUp","value":"î€‡"}]}]}
RESULT: {"actions":[{"id":"action79","type":"key","parameters":{},"actions":[{"type":"keyDown","value":"î€‡"},{"type":"pause","duration":10},{"type":"keyUp","value":"î€‡"}]}]}
COMMAND: GET /session/6c63433432e656fe102e41a405bf48f6/screenshot - {}
RESULT: {}
COMMAND: POST /session/6c63433432e656fe102e41a405bf48f6/element - {"using":"xpath","value":"//span[contains(@id, \"smartTable-header-inner\")]"}
RESULT: {"using":"xpath","value":"//span[contains(@id, \"smartTable-header-inner\")]"}
COMMAND: POST /session/6c63433432e656fe102e41a405bf48f6/elements - {"using":"xpath","value":"//span[contains(@id, \"smartTable-header-inner\")]"}
RESULT: {"using":"xpath","value":"//span[contains(@id, \"smartTable-header-inner\")]"}
COMMAND: POST /session/6c63433432e656fe102e41a405bf48f6/execute/sync - {"script":"<script> [56 bytes]","args":[{"element-6066-11e4-a52e-4f735466cecf":"f.D105F16D3864A3F2742A47C77377899E.d.DF3250441B7F3361FD7A912BD0116C94.e.23593","ELEMENT":"f.D105F16D3864A3F2742A47C77377899E.d.DF3250441B7F3361FD7A912BD0116C94.e.23593"}]}
RESULT: {"script":"<script> [56 bytes]","args":[{"element-6066-11e4-a52e-4f735466cecf":"f.D105F16D3864A3F2742A47C77377899E.d.DF3250441B7F3361FD7A912BD0116C94.e.23593","ELEMENT":"f.D105F16D3864A3F2742A47C77377899E.d.DF3250441B7F3361FD7A912BD0116C94.e.23593"}]}
COMMAND: POST /session/6c63433432e656fe102e41a405bf48f6/elements - {"using":"xpath","value":"//thead[contains(@class, \"sapMTableTH\")]/tr/th"}
COMMAND: GET /session/6c63433432e656fe102e41a405bf48f6/screenshot - {}
RESULT: {"using":"xpath","value":"//thead[contains(@class, \"sapMTableTH\")]/tr/th"}
COMMAND: GET /session/6c63433432e656fe102e41a405bf48f6/element/f.D105F16D3864A3F2742A47C77377899E.d.DF3250441B7F3361FD7A912BD0116C94.e.23675/text - {}
RESULT: {}
RESULT: {}
COMMAND: GET /session/6c63433432e656fe102e41a405bf48f6/element/f.D105F16D3864A3F2742A47C77377899E.d.DF3250441B7F3361FD7A912BD0116C94.e.23676/text - {}
RESULT: {}
COMMAND: GET /session/6c63433432e656fe102e41a405bf48f6/element/f.D105F16D3864A3F2742A47C77377899E.d.DF3250441B7F3361FD7A912BD0116C94.e.23078/text - {}
RESULT: {}
COMMAND: GET /session/6c63433432e656fe102e41a405bf48f6/element/f.D105F16D3864A3F2742A47C77377899E.d.DF3250441B7F3361FD7A912BD0116C94.e.23080/text - {}
RESULT: {}
COMMAND: GET /session/6c63433432e656fe102e41a405bf48f6/element/f.D105F16D3864A3F2742A47C77377899E.d.DF3250441B7F3361FD7A912BD0116C94.e.23797/text - {}
RESULT: {}
COMMAND: GET /session/6c63433432e656fe102e41a405bf48f6/element/f.D105F16D3864A3F2742A47C77377899E.d.DF3250441B7F3361FD7A912BD0116C94.e.23798/text - {}
RESULT: {}
COMMAND: GET /session/6c63433432e656fe102e41a405bf48f6/element/f.D105F16D3864A3F2742A47C77377899E.d.DF3250441B7F3361FD7A912BD0116C94.e.23799/text - {}
RESULT: {}
COMMAND: GET /session/6c63433432e656fe102e41a405bf48f6/element/f.D105F16D3864A3F2742A47C77377899E.d.DF3250441B7F3361FD7A912BD0116C94.e.23800/text - {}
RESULT: {}
COMMAND: GET /session/6c63433432e656fe102e41a405bf48f6/element/f.D105F16D3864A3F2742A47C77377899E.d.DF3250441B7F3361FD7A912BD0116C94.e.23801/text - {}
RESULT: {}
COMMAND: GET /session/6c63433432e656fe102e41a405bf48f6/element/f.D105F16D3864A3F2742A47C77377899E.d.DF3250441B7F3361FD7A912BD0116C94.e.23802/text - {}
RESULT: {}
COMMAND: GET /session/6c63433432e656fe102e41a405bf48f6/element/f.D105F16D3864A3F2742A47C77377899E.d.DF3250441B7F3361FD7A912BD0116C94.e.23803/text - {}
RESULT: {}
COMMAND: GET /session/6c63433432e656fe102e41a405bf48f6/element/f.D105F16D3864A3F2742A47C77377899E.d.DF3250441B7F3361FD7A912BD0116C94.e.23804/text - {}
RESULT: {}
COMMAND: GET /session/6c63433432e656fe102e41a405bf48f6/element/f.D105F16D3864A3F2742A47C77377899E.d.DF3250441B7F3361FD7A912BD0116C94.e.23805/text - {}
RESULT: {}
COMMAND: GET /session/6c63433432e656fe102e41a405bf48f6/element/f.D105F16D3864A3F2742A47C77377899E.d.DF3250441B7F3361FD7A912BD0116C94.e.23081/text - {}
RESULT: {}
COMMAND: POST /session/6c63433432e656fe102e41a405bf48f6/element - {"using":"xpath","value":"//tbody[contains(@id, \"customHandoversTable-tblBody\")]/tr[1]/td[14]/div/span"}
RESULT: {"using":"xpath","value":"//tbody[contains(@id, \"customHandoversTable-tblBody\")]/tr[1]/td[14]/div/span"}
COMMAND: POST /session/6c63433432e656fe102e41a405bf48f6/execute/sync - {"script":"<script> [56 bytes]","args":[{"element-6066-11e4-a52e-4f735466cecf":"f.D105F16D3864A3F2742A47C77377899E.d.DF3250441B7F3361FD7A912BD0116C94.e.23847","ELEMENT":"f.D105F16D3864A3F2742A47C77377899E.d.DF3250441B7F3361FD7A912BD0116C94.e.23847"}]}
RESULT: {"script":"<script> [56 bytes]","args":[{"element-6066-11e4-a52e-4f735466cecf":"f.D105F16D3864A3F2742A47C77377899E.d.DF3250441B7F3361FD7A912BD0116C94.e.23847","ELEMENT":"f.D105F16D3864A3F2742A47C77377899E.d.DF3250441B7F3361FD7A912BD0116C94.e.23847"}]}
COMMAND: POST /session/6c63433432e656fe102e41a405bf48f6/element - {"using":"css selector","value":"#shell-header-logo"}
COMMAND: GET /session/6c63433432e656fe102e41a405bf48f6/screenshot - {}
RESULT: {"using":"css selector","value":"#shell-header-logo"}
COMMAND: POST /session/6c63433432e656fe102e41a405bf48f6/element/f.D105F16D3864A3F2742A47C77377899E.d.DF3250441B7F3361FD7A912BD0116C94.e.22524/click - {}
RESULT: {}
RESULT: {}
COMMAND: GET /session/6c63433432e656fe102e41a405bf48f6/screenshot - {}
RESULT: {}
]]></system-out>
    </testcase>
    <testcase classname="chrome.135_0_7049_96.windows.Billing_Calculation_-_Time_based_(considering_transport_times)_US139738" name="Should do another billing run but in around 17 days from today" time="60.161">
      <system-out><![CDATA[
RESULT: undefined
COMMAND: POST /session/6c63433432e656fe102e41a405bf48f6/element - {"using":"xpath","value":"//*[@id=\"__tile91\"]"}
RESULT: {"using":"xpath","value":"//*[@id=\"__tile91\"]"}
COMMAND: POST /session/6c63433432e656fe102e41a405bf48f6/element/f.D105F16D3864A3F2742A47C77377899E.d.DF3250441B7F3361FD7A912BD0116C94.e.17105/click - {}
RESULT: {}
COMMAND: GET /session/6c63433432e656fe102e41a405bf48f6/screenshot - {}
RESULT: undefined
COMMAND: POST /session/6c63433432e656fe102e41a405bf48f6/execute/async - {"script":"<script> [776 bytes]","args":[{"enterText":"10507","selector":{"id":"application-managebillings-display-component---billRunCalcResult--smartFilterBar-btnBasicSearch","interaction":{"idSuffix":"I"}},"clearTextFirst":true,"interactionType":"ENTER_TEXT"}]}
RESULT: {}
RESULT: {"script":"<script> [776 bytes]","args":[{"enterText":"10507","selector":{"id":"application-managebillings-display-component---billRunCalcResult--smartFilterBar-btnBasicSearch","interaction":{"idSuffix":"I"}},"clearTextFirst":true,"interactionType":"ENTER_TEXT"}]}
COMMAND: POST /session/6c63433432e656fe102e41a405bf48f6/actions - {"actions":[{"id":"action80","type":"key","parameters":{},"actions":[{"type":"keyDown","value":"î€‡"},{"type":"pause","duration":10},{"type":"keyUp","value":"î€‡"}]}]}
RESULT: {"actions":[{"id":"action80","type":"key","parameters":{},"actions":[{"type":"keyDown","value":"î€‡"},{"type":"pause","duration":10},{"type":"keyUp","value":"î€‡"}]}]}
COMMAND: GET /session/6c63433432e656fe102e41a405bf48f6/screenshot - {}
RESULT: {}
COMMAND: POST /session/6c63433432e656fe102e41a405bf48f6/element - {"using":"xpath","value":"//td[@aria-colindex=\"1\"]/div/div[contains(@class, \"sapMCbBg\")]"}
RESULT: {"using":"xpath","value":"//td[@aria-colindex=\"1\"]/div/div[contains(@class, \"sapMCbBg\")]"}
COMMAND: POST /session/6c63433432e656fe102e41a405bf48f6/element/f.D105F16D3864A3F2742A47C77377899E.d.DF3250441B7F3361FD7A912BD0116C94.e.24062/click - {}
RESULT: {}
COMMAND: GET /session/6c63433432e656fe102e41a405bf48f6/screenshot - {}
RESULT: {}
RESULT: undefined
COMMAND: POST /session/6c63433432e656fe102e41a405bf48f6/execute/async - {"script":"<script> [776 bytes]","args":[{"enterText":"05/21/25","selector":{"id":"application-managebillings-display-component---billRunCalcResult--contractBillRunDate","interaction":{"idSuffix":"inner"}},"clearTextFirst":true,"interactionType":"ENTER_TEXT"}]}
RESULT: {"script":"<script> [776 bytes]","args":[{"enterText":"05/21/25","selector":{"id":"application-managebillings-display-component---billRunCalcResult--contractBillRunDate","interaction":{"idSuffix":"inner"}},"clearTextFirst":true,"interactionType":"ENTER_TEXT"}]}
COMMAND: POST /session/6c63433432e656fe102e41a405bf48f6/element - {"using":"xpath","value":"//bdi[contains(text(), \"Trigger Calculation\")]"}
RESULT: {"using":"xpath","value":"//bdi[contains(text(), \"Trigger Calculation\")]"}
COMMAND: POST /session/6c63433432e656fe102e41a405bf48f6/element/f.D105F16D3864A3F2742A47C77377899E.d.DF3250441B7F3361FD7A912BD0116C94.e.24197/click - {}
RESULT: {}
COMMAND: GET /session/6c63433432e656fe102e41a405bf48f6/screenshot - {}
RESULT: {}
COMMAND: POST /session/6c63433432e656fe102e41a405bf48f6/element - {"using":"xpath","value":"(//span[contains(@id, \"imgNav\")])[1]"}
RESULT: {"using":"xpath","value":"(//span[contains(@id, \"imgNav\")])[1]"}
COMMAND: POST /session/6c63433432e656fe102e41a405bf48f6/element/f.D105F16D3864A3F2742A47C77377899E.d.DF3250441B7F3361FD7A912BD0116C94.e.24089/click - {}
RESULT: {}
COMMAND: GET /session/6c63433432e656fe102e41a405bf48f6/screenshot - {}
RESULT: {}
COMMAND: POST /session/6c63433432e656fe102e41a405bf48f6/element - {"using":"xpath","value":"//tr/td[6]/div[1]/span[1]/span[1]"}
RESULT: {"using":"xpath","value":"//tr/td[6]/div[1]/span[1]/span[1]"}
COMMAND: GET /session/6c63433432e656fe102e41a405bf48f6/element/f.D105F16D3864A3F2742A47C77377899E.d.DF3250441B7F3361FD7A912BD0116C94.e.24201/text - {}
RESULT: {}
COMMAND: POST /session/6c63433432e656fe102e41a405bf48f6/element - {"using":"xpath","value":"(//span[contains(@id, \"imgNav\")])[2]"}
RESULT: {"using":"xpath","value":"(//span[contains(@id, \"imgNav\")])[2]"}
COMMAND: POST /session/6c63433432e656fe102e41a405bf48f6/element/f.D105F16D3864A3F2742A47C77377899E.d.DF3250441B7F3361FD7A912BD0116C94.e.24202/click - {}
RESULT: {}
COMMAND: POST /session/6c63433432e656fe102e41a405bf48f6/element - {"using":"xpath","value":"//bdi[contains(text(), \"Business Confirm\")]"}
COMMAND: GET /session/6c63433432e656fe102e41a405bf48f6/screenshot - {}
RESULT: {"using":"xpath","value":"//bdi[contains(text(), \"Business Confirm\")]"}
COMMAND: POST /session/6c63433432e656fe102e41a405bf48f6/elements - {"using":"xpath","value":"//bdi[contains(text(), \"Business Confirm\")]"}
RESULT: {}
RESULT: {"using":"xpath","value":"//bdi[contains(text(), \"Business Confirm\")]"}
COMMAND: POST /session/6c63433432e656fe102e41a405bf48f6/element - {"using":"xpath","value":"//bdi[contains(text(), \"Business Confirm\")]"}
RESULT: {"using":"xpath","value":"//bdi[contains(text(), \"Business Confirm\")]"}
COMMAND: POST /session/6c63433432e656fe102e41a405bf48f6/element/f.D105F16D3864A3F2742A47C77377899E.d.DF3250441B7F3361FD7A912BD0116C94.e.24274/click - {}
RESULT: {}
COMMAND: POST /session/6c63433432e656fe102e41a405bf48f6/element - {"using":"css selector","value":"#shell-header-logo"}
COMMAND: GET /session/6c63433432e656fe102e41a405bf48f6/screenshot - {}
RESULT: {"using":"css selector","value":"#shell-header-logo"}
COMMAND: POST /session/6c63433432e656fe102e41a405bf48f6/element/f.D105F16D3864A3F2742A47C77377899E.d.DF3250441B7F3361FD7A912BD0116C94.e.23851/click - {}
RESULT: {}
RESULT: {}
COMMAND: GET /session/6c63433432e656fe102e41a405bf48f6/screenshot - {}
RESULT: {}
]]></system-out>
    </testcase>
  </testsuite>
</testsuites>