<?xml version="1.0" encoding="UTF-8"?>
<testsuites tests="23" failures="0" errors="0" skipped="0">
  <testsuite timestamp="2025-06-01T17:47:55" time="1163.595" tests="6" failures="0" errors="0" skipped="0">
    <properties>
      <property name="specId" value="0"/>
      <property name="suiteName" value="Standard contract - add contract items by Insert Request US118222"/>
      <property name="capabilities" value="chrome.136_0_7103_93.windows"/>
      <property name="file" value="file:///D:/a/1/s/test/specs/R2C/standard-contract-add-contract-items-by-insert-request.spec.js"/>
    </properties>
    <testcase classname="chrome.136_0_7103_93.windows.Standard_contract_-_add_contract_items_by_Insert_Request_US118222" name="Should create prerequisites yard partner site material and equipment" time="324.211">
      <system-out><![CDATA[
COMMAND: POST /session/2c43d02fb6ccc6d518c848919d0720f8/execute/async - {"script":"<script> [1562 bytes]","args":[{"selector":{"controlType":"sap.m.GenericTile","properties":{"header":"Manage Yards"}},"wdio_ui5_key":"sapm.GenericTile{\"header\":\"Manage Yards\"}"}]}
RESULT: {"script":"<script> [1562 bytes]","args":[{"selector":{"controlType":"sap.m.GenericTile","properties":{"header":"Manage Yards"}},"wdio_ui5_key":"sapm.GenericTile{\"header\":\"Manage Yards\"}"}]}
RESULT: undefined
COMMAND: POST /session/2c43d02fb6ccc6d518c848919d0720f8/element - {"using":"xpath","value":"//*[@id=\"__tile41\"]"}
RESULT: {"using":"xpath","value":"//*[@id=\"__tile41\"]"}
COMMAND: POST /session/2c43d02fb6ccc6d518c848919d0720f8/element/f.291337A451B92CFAEC554A5CFCD049A1.d.E6BD2F6E96FBCC298841427D1F85DBBC.e.115/click - {}
RESULT: {}
COMMAND: GET /session/2c43d02fb6ccc6d518c848919d0720f8/screenshot - {}
RESULT: {}
COMMAND: POST /session/2c43d02fb6ccc6d518c848919d0720f8/elements - {"using":"xpath","value":"//span[text()='Error']"}
RESULT: {"using":"xpath","value":"//span[text()='Error']"}
COMMAND: POST /session/2c43d02fb6ccc6d518c848919d0720f8/execute/async - {"script":"<script> [1562 bytes]","args":[{"selector":{"controlType":"sap.ui.core.Icon","viewName":"etm.portal.ui.manageyards.view.Master","viewId":"application-manageyards-display-component---masterYard","properties":{"src":{"regex":{"source":"add"}}}},"wdio_ui5_key":"etmportal.ui.manageyards.view.Mastersap.ui.core.Icon{\"src\":{\"regex\":{\"source\":\"add\"}}}"}]}
RESULT: {"script":"<script> [1562 bytes]","args":[{"selector":{"controlType":"sap.ui.core.Icon","viewName":"etm.portal.ui.manageyards.view.Master","viewId":"application-manageyards-display-component---masterYard","properties":{"src":{"regex":{"source":"add"}}}},"wdio_ui5_key":"etmportal.ui.manageyards.view.Mastersap.ui.core.Icon{\"src\":{\"regex\":{\"source\":\"add\"}}}"}]}
RESULT: undefined
COMMAND: POST /session/2c43d02fb6ccc6d518c848919d0720f8/element - {"using":"xpath","value":"//*[@id=\"__button4-img\"]"}
RESULT: {"using":"xpath","value":"//*[@id=\"__button4-img\"]"}
COMMAND: POST /session/2c43d02fb6ccc6d518c848919d0720f8/element/f.291337A451B92CFAEC554A5CFCD049A1.d.E6BD2F6E96FBCC298841427D1F85DBBC.e.164/click - {}
RESULT: {}
COMMAND: GET /session/2c43d02fb6ccc6d518c848919d0720f8/screenshot - {}
RESULT: {}
COMMAND: POST /session/2c43d02fb6ccc6d518c848919d0720f8/execute/async - {"script":"<script> [1562 bytes]","args":[{"selector":{"id":"application-manageyards-display-component---NewYard--yardId","interaction":{"idSuffix":"inner"}},"wdio_ui5_key":"applicationmanageyards-display-component---NewYard--yardId"}]}
RESULT: {"script":"<script> [1562 bytes]","args":[{"selector":{"id":"application-manageyards-display-component---NewYard--yardId","interaction":{"idSuffix":"inner"}},"wdio_ui5_key":"applicationmanageyards-display-component---NewYard--yardId"}]}
RESULT: undefined
COMMAND: POST /session/2c43d02fb6ccc6d518c848919d0720f8/element - {"using":"xpath","value":"//*[@id=\"application-manageyards-display-component---NewYard--addressDetailDetailsName1-inner\"]"}
RESULT: {"using":"xpath","value":"//*[@id=\"application-manageyards-display-component---NewYard--addressDetailDetailsName1-inner\"]"}
COMMAND: POST /session/2c43d02fb6ccc6d518c848919d0720f8/element/f.291337A451B92CFAEC554A5CFCD049A1.d.E6BD2F6E96FBCC298841427D1F85DBBC.e.377/clear - {}
RESULT: {}
COMMAND: POST /session/2c43d02fb6ccc6d518c848919d0720f8/element/f.291337A451B92CFAEC554A5CFCD049A1.d.E6BD2F6E96FBCC298841427D1F85DBBC.e.377/value - {"text":"WebdriverYardq0wdz"}
COMMAND: GET /session/2c43d02fb6ccc6d518c848919d0720f8/screenshot - {}
RESULT: {"text":"WebdriverYardq0wdz"}
COMMAND: POST /session/2c43d02fb6ccc6d518c848919d0720f8/element - {"using":"xpath","value":"//*[@id=\"application-manageyards-display-component---NewYard--addressDetailDetailsLanguage-inner\"]"}
COMMAND: GET /session/2c43d02fb6ccc6d518c848919d0720f8/screenshot - {}
RESULT: {}
RESULT: {"using":"xpath","value":"//*[@id=\"application-manageyards-display-component---NewYard--addressDetailDetailsLanguage-inner\"]"}
COMMAND: POST /session/2c43d02fb6ccc6d518c848919d0720f8/element/f.291337A451B92CFAEC554A5CFCD049A1.d.E6BD2F6E96FBCC298841427D1F85DBBC.e.378/clear - {}
RESULT: {}
RESULT: {}
COMMAND: POST /session/2c43d02fb6ccc6d518c848919d0720f8/element/f.291337A451B92CFAEC554A5CFCD049A1.d.E6BD2F6E96FBCC298841427D1F85DBBC.e.378/value - {"text":"Romanian"}
COMMAND: GET /session/2c43d02fb6ccc6d518c848919d0720f8/screenshot - {}
RESULT: {}
RESULT: {"text":"Romanian"}
COMMAND: POST /session/2c43d02fb6ccc6d518c848919d0720f8/element - {"using":"xpath","value":"//input[contains(@id ,\"application-manageyards-display-component---NewYard--addressDetailDetailsName1-inner\")]"}
COMMAND: GET /session/2c43d02fb6ccc6d518c848919d0720f8/screenshot - {}
RESULT: {"using":"xpath","value":"//input[contains(@id ,\"application-manageyards-display-component---NewYard--addressDetailDetailsName1-inner\")]"}
COMMAND: GET /session/2c43d02fb6ccc6d518c848919d0720f8/element/f.291337A451B92CFAEC554A5CFCD049A1.d.E6BD2F6E96FBCC298841427D1F85DBBC.e.377/property/value - {}
RESULT: {}
RESULT: {}
COMMAND: GET /session/2c43d02fb6ccc6d518c848919d0720f8/screenshot - {}
RESULT: {}
COMMAND: POST /session/2c43d02fb6ccc6d518c848919d0720f8/element - {"using":"xpath","value":"//*[@id=\"application-manageyards-display-component---NewYard--addressDetailDetailsCity1-inner\"]"}
RESULT: {"using":"xpath","value":"//*[@id=\"application-manageyards-display-component---NewYard--addressDetailDetailsCity1-inner\"]"}
COMMAND: POST /session/2c43d02fb6ccc6d518c848919d0720f8/element/f.291337A451B92CFAEC554A5CFCD049A1.d.E6BD2F6E96FBCC298841427D1F85DBBC.e.380/clear - {}
RESULT: {}
COMMAND: POST /session/2c43d02fb6ccc6d518c848919d0720f8/element/f.291337A451B92CFAEC554A5CFCD049A1.d.E6BD2F6E96FBCC298841427D1F85DBBC.e.380/value - {"text":"Bucuresti"}
COMMAND: GET /session/2c43d02fb6ccc6d518c848919d0720f8/screenshot - {}
RESULT: {"text":"Bucuresti"}
COMMAND: GET /session/2c43d02fb6ccc6d518c848919d0720f8/screenshot - {}
RESULT: {}
RESULT: {}
COMMAND: POST /session/2c43d02fb6ccc6d518c848919d0720f8/element - {"using":"xpath","value":"//*[@id=\"application-manageyards-display-component---NewYard--addressDetailDetailsCountry-inner\"]"}
RESULT: {"using":"xpath","value":"//*[@id=\"application-manageyards-display-component---NewYard--addressDetailDetailsCountry-inner\"]"}
COMMAND: POST /session/2c43d02fb6ccc6d518c848919d0720f8/element/f.291337A451B92CFAEC554A5CFCD049A1.d.E6BD2F6E96FBCC298841427D1F85DBBC.e.384/clear - {}
RESULT: {}
COMMAND: POST /session/2c43d02fb6ccc6d518c848919d0720f8/element/f.291337A451B92CFAEC554A5CFCD049A1.d.E6BD2F6E96FBCC298841427D1F85DBBC.e.384/value - {"text":"Romania"}
COMMAND: GET /session/2c43d02fb6ccc6d518c848919d0720f8/screenshot - {}
RESULT: {"text":"Romania"}
COMMAND: GET /session/2c43d02fb6ccc6d518c848919d0720f8/screenshot - {}
RESULT: {}
RESULT: {}
COMMAND: POST /session/2c43d02fb6ccc6d518c848919d0720f8/element - {"using":"xpath","value":"//div[contains(text(), \"Commercial\")]"}
RESULT: {"using":"xpath","value":"//div[contains(text(), \"Commercial\")]"}
COMMAND: GET /session/2c43d02fb6ccc6d518c848919d0720f8/element/f.291337A451B92CFAEC554A5CFCD049A1.d.E6BD2F6E96FBCC298841427D1F85DBBC.e.579/rect - {}
RESULT: {}
COMMAND: GET /session/2c43d02fb6ccc6d518c848919d0720f8/window/rect - {}
RESULT: {}
COMMAND: POST /session/2c43d02fb6ccc6d518c848919d0720f8/execute/sync - {"script":"<script> [92 bytes]","args":[]}
RESULT: {"script":"<script> [92 bytes]","args":[]}
COMMAND: POST /session/2c43d02fb6ccc6d518c848919d0720f8/actions - {"actions":[{"id":"action1","type":"wheel","parameters":{},"actions":[{"type":"scroll","x":-1841,"y":-44,"deltaX":0,"deltaY":0,"duration":0,"origin":{"element-6066-11e4-a52e-4f735466cecf":"f.291337A451B92CFAEC554A5CFCD049A1.d.E6BD2F6E96FBCC298841427D1F85DBBC.e.579"}}]}]}
COMMAND: GET /session/2c43d02fb6ccc6d518c848919d0720f8/screenshot - {}
RESULT: {}
COMMAND: POST /session/2c43d02fb6ccc6d518c848919d0720f8/execute/sync - {"script":"<script> [79 bytes]","args":[{"element-6066-11e4-a52e-4f735466cecf":"f.291337A451B92CFAEC554A5CFCD049A1.d.E6BD2F6E96FBCC298841427D1F85DBBC.e.579","ELEMENT":"f.291337A451B92CFAEC554A5CFCD049A1.d.E6BD2F6E96FBCC298841427D1F85DBBC.e.579"},{"block":"start","inline":"nearest"}]}
RESULT: {"script":"<script> [79 bytes]","args":[{"element-6066-11e4-a52e-4f735466cecf":"f.291337A451B92CFAEC554A5CFCD049A1.d.E6BD2F6E96FBCC298841427D1F85DBBC.e.579","ELEMENT":"f.291337A451B92CFAEC554A5CFCD049A1.d.E6BD2F6E96FBCC298841427D1F85DBBC.e.579"},{"block":"start","inline":"nearest"}]}
COMMAND: GET /session/2c43d02fb6ccc6d518c848919d0720f8/screenshot - {}
RESULT: {}
COMMAND: POST /session/2c43d02fb6ccc6d518c848919d0720f8/execute/async - {"script":"<script> [1562 bytes]","args":[{"selector":{"id":"application-manageyards-display-component---NewYard--addressEditDetailsCostObjectCstType-arrow"},"wdio_ui5_key":"applicationmanageyards-display-component---NewYard--addressEditDetailsCostObjectCstType-arrow"}]}
RESULT: {"script":"<script> [1562 bytes]","args":[{"selector":{"id":"application-manageyards-display-component---NewYard--addressEditDetailsCostObjectCstType-arrow"},"wdio_ui5_key":"applicationmanageyards-display-component---NewYard--addressEditDetailsCostObjectCstType-arrow"}]}
RESULT: undefined
COMMAND: POST /session/2c43d02fb6ccc6d518c848919d0720f8/element - {"using":"xpath","value":"//*[@id=\"application-manageyards-display-component---NewYard--addressEditDetailsCostObjectCstType-arrow\"]"}
RESULT: {"using":"xpath","value":"//*[@id=\"application-manageyards-display-component---NewYard--addressEditDetailsCostObjectCstType-arrow\"]"}
COMMAND: POST /session/2c43d02fb6ccc6d518c848919d0720f8/element/f.291337A451B92CFAEC554A5CFCD049A1.d.E6BD2F6E96FBCC298841427D1F85DBBC.e.588/click - {}
RESULT: {}
COMMAND: POST /session/2c43d02fb6ccc6d518c848919d0720f8/element - {"using":"xpath","value":"//span[contains(text(), \"Cost Center\")]"}
COMMAND: GET /session/2c43d02fb6ccc6d518c848919d0720f8/screenshot - {}
RESULT: {"using":"xpath","value":"//span[contains(text(), \"Cost Center\")]"}
COMMAND: POST /session/2c43d02fb6ccc6d518c848919d0720f8/element/f.291337A451B92CFAEC554A5CFCD049A1.d.E6BD2F6E96FBCC298841427D1F85DBBC.e.589/click - {}
RESULT: {}
RESULT: {}
COMMAND: GET /session/2c43d02fb6ccc6d518c848919d0720f8/screenshot - {}
RESULT: {}
COMMAND: POST /session/2c43d02fb6ccc6d518c848919d0720f8/execute/async - {"script":"<script> [1562 bytes]","args":[{"selector":{"id":"application-manageyards-display-component---NewYard--addressNewCostObjectCstID-vhi"},"wdio_ui5_key":"applicationmanageyards-display-component---NewYard--addressNewCostObjectCstID-vhi"}]}
RESULT: {"script":"<script> [1562 bytes]","args":[{"selector":{"id":"application-manageyards-display-component---NewYard--addressNewCostObjectCstID-vhi"},"wdio_ui5_key":"applicationmanageyards-display-component---NewYard--addressNewCostObjectCstID-vhi"}]}
RESULT: undefined
COMMAND: POST /session/2c43d02fb6ccc6d518c848919d0720f8/element - {"using":"xpath","value":"//*[@id=\"application-manageyards-display-component---NewYard--addressNewCostObjectCstID-vhi\"]"}
RESULT: {"using":"xpath","value":"//*[@id=\"application-manageyards-display-component---NewYard--addressNewCostObjectCstID-vhi\"]"}
COMMAND: POST /session/2c43d02fb6ccc6d518c848919d0720f8/element/f.291337A451B92CFAEC554A5CFCD049A1.d.E6BD2F6E96FBCC298841427D1F85DBBC.e.604/click - {}
RESULT: {}
COMMAND: GET /session/2c43d02fb6ccc6d518c848919d0720f8/screenshot - {}
RESULT: {}
COMMAND: POST /session/2c43d02fb6ccc6d518c848919d0720f8/execute/async - {"script":"<script> [1562 bytes]","args":[{"selector":{"controlType":"sap.m.SearchField","properties":{"placeholder":"Search"},"searchOpenDialogs":true,"interaction":{"idSuffix":"I"}},"wdio_ui5_key":"sapm.SearchField{\"placeholder\":\"Search\"}"}]}
RESULT: {"script":"<script> [1562 bytes]","args":[{"selector":{"controlType":"sap.m.SearchField","properties":{"placeholder":"Search"},"searchOpenDialogs":true,"interaction":{"idSuffix":"I"}},"wdio_ui5_key":"sapm.SearchField{\"placeholder\":\"Search\"}"}]}
RESULT: undefined
COMMAND: POST /session/2c43d02fb6ccc6d518c848919d0720f8/execute/async - {"script":"<script> [776 bytes]","args":[{"enterText":"10001013","selector":{"controlType":"sap.m.SearchField","properties":{"placeholder":"Search"},"searchOpenDialogs":true,"interaction":{"idSuffix":"I"}},"clearTextFirst":true,"interactionType":"ENTER_TEXT"}]}
RESULT: {"script":"<script> [776 bytes]","args":[{"enterText":"10001013","selector":{"controlType":"sap.m.SearchField","properties":{"placeholder":"Search"},"searchOpenDialogs":true,"interaction":{"idSuffix":"I"}},"clearTextFirst":true,"interactionType":"ENTER_TEXT"}]}
COMMAND: POST /session/2c43d02fb6ccc6d518c848919d0720f8/actions - {"actions":[{"id":"action2","type":"key","parameters":{},"actions":[{"type":"keyDown","value":""},{"type":"pause","duration":10},{"type":"keyUp","value":""}]}]}
RESULT: {"actions":[{"id":"action2","type":"key","parameters":{},"actions":[{"type":"keyDown","value":""},{"type":"pause","duration":10},{"type":"keyUp","value":""}]}]}
COMMAND: GET /session/2c43d02fb6ccc6d518c848919d0720f8/screenshot - {}
RESULT: {}
COMMAND: POST /session/2c43d02fb6ccc6d518c848919d0720f8/element - {"using":"xpath","value":"//span[contains(text(), \"General Management\")]"}
RESULT: {"using":"xpath","value":"//span[contains(text(), \"General Management\")]"}
COMMAND: POST /session/2c43d02fb6ccc6d518c848919d0720f8/element/f.291337A451B92CFAEC554A5CFCD049A1.d.E6BD2F6E96FBCC298841427D1F85DBBC.e.645/click - {}
RESULT: {}
COMMAND: GET /session/2c43d02fb6ccc6d518c848919d0720f8/screenshot - {}
RESULT: {}
COMMAND: POST /session/2c43d02fb6ccc6d518c848919d0720f8/element - {"using":"xpath","value":"//bdi[contains(text(), \"OK\")]"}
RESULT: {"using":"xpath","value":"//bdi[contains(text(), \"OK\")]"}
COMMAND: POST /session/2c43d02fb6ccc6d518c848919d0720f8/element/f.291337A451B92CFAEC554A5CFCD049A1.d.E6BD2F6E96FBCC298841427D1F85DBBC.e.646/click - {}
RESULT: {}
COMMAND: GET /session/2c43d02fb6ccc6d518c848919d0720f8/screenshot - {}
RESULT: {}
COMMAND: POST /session/2c43d02fb6ccc6d518c848919d0720f8/execute/async - {"script":"<script> [1562 bytes]","args":[{"selector":{"controlType":"sap.m.Button","viewName":"etm.portal.ui.manageyards.view.New","viewId":"application-manageyards-display-component---NewYard","i18NText":{"propertyName":"text","key":"save"},"interaction":{"idSuffix":"inner"}},"wdio_ui5_key":"etmportal.ui.manageyards.view.Newsap.m.Button{\"propertyName\":\"text\",\"key\":\"save\"}"}]}
RESULT: {"script":"<script> [1562 bytes]","args":[{"selector":{"controlType":"sap.m.Button","viewName":"etm.portal.ui.manageyards.view.New","viewId":"application-manageyards-display-component---NewYard","i18NText":{"propertyName":"text","key":"save"},"interaction":{"idSuffix":"inner"}},"wdio_ui5_key":"etmportal.ui.manageyards.view.Newsap.m.Button{\"propertyName\":\"text\",\"key\":\"save\"}"}]}
RESULT: undefined
COMMAND: POST /session/2c43d02fb6ccc6d518c848919d0720f8/element - {"using":"xpath","value":"//*[@id=\"__button18\"]"}
RESULT: {"using":"xpath","value":"//*[@id=\"__button18\"]"}
COMMAND: POST /session/2c43d02fb6ccc6d518c848919d0720f8/element/f.291337A451B92CFAEC554A5CFCD049A1.d.E6BD2F6E96FBCC298841427D1F85DBBC.e.558/click - {}
RESULT: {}
COMMAND: GET /session/2c43d02fb6ccc6d518c848919d0720f8/screenshot - {}
RESULT: {}
COMMAND: POST /session/2c43d02fb6ccc6d518c848919d0720f8/element - {"using":"xpath","value":"//header/div/div[2]/div[2]/span"}
RESULT: {"using":"xpath","value":"//header/div/div[2]/div[2]/span"}
COMMAND: GET /session/2c43d02fb6ccc6d518c848919d0720f8/element/f.291337A451B92CFAEC554A5CFCD049A1.d.E6BD2F6E96FBCC298841427D1F85DBBC.e.844/text - {}
RESULT: {}
COMMAND: POST /session/2c43d02fb6ccc6d518c848919d0720f8/execute/async - {"script":"<script> [1562 bytes]","args":[{"selector":{"controlType":"sap.m.OverflowToolbarButton","viewName":"etm.portal.ui.manageyards.view.Detail","viewId":"application-manageyards-display-component---detailYard","i18NText":{"propertyName":"tooltip","key":"closeColumn"},"interaction":{"idSuffix":"inner"}},"wdio_ui5_key":"etmportal.ui.manageyards.view.Detailsap.m.OverflowToolbarButton{\"propertyName\":\"tooltip\",\"key\":\"closeColumn\"}"}]}
RESULT: {"script":"<script> [1562 bytes]","args":[{"selector":{"controlType":"sap.m.OverflowToolbarButton","viewName":"etm.portal.ui.manageyards.view.Detail","viewId":"application-manageyards-display-component---detailYard","i18NText":{"propertyName":"tooltip","key":"closeColumn"},"interaction":{"idSuffix":"inner"}},"wdio_ui5_key":"etmportal.ui.manageyards.view.Detailsap.m.OverflowToolbarButton{\"propertyName\":\"tooltip\",\"key\":\"closeColumn\"}"}]}
RESULT: undefined
COMMAND: POST /session/2c43d02fb6ccc6d518c848919d0720f8/element - {"using":"xpath","value":"//*[@id=\"__button42\"]"}
RESULT: {"using":"xpath","value":"//*[@id=\"__button42\"]"}
COMMAND: POST /session/2c43d02fb6ccc6d518c848919d0720f8/element/f.291337A451B92CFAEC554A5CFCD049A1.d.E6BD2F6E96FBCC298841427D1F85DBBC.e.846/click - {}
RESULT: {}
COMMAND: GET /session/2c43d02fb6ccc6d518c848919d0720f8/screenshot - {}
RESULT: {}
COMMAND: POST /session/2c43d02fb6ccc6d518c848919d0720f8/element - {"using":"css selector","value":"#shell-header-logo"}
RESULT: {"using":"css selector","value":"#shell-header-logo"}
COMMAND: POST /session/2c43d02fb6ccc6d518c848919d0720f8/element/f.291337A451B92CFAEC554A5CFCD049A1.d.E6BD2F6E96FBCC298841427D1F85DBBC.e.117/click - {}
RESULT: {}
COMMAND: GET /session/2c43d02fb6ccc6d518c848919d0720f8/screenshot - {}
RESULT: {}
COMMAND: POST /session/2c43d02fb6ccc6d518c848919d0720f8/refresh - {}
RESULT: {}
COMMAND: GET /session/2c43d02fb6ccc6d518c848919d0720f8/screenshot - {}
RESULT: {}
COMMAND: POST /session/2c43d02fb6ccc6d518c848919d0720f8/execute/async - {"script":"<script> [189 bytes]","args":[]}
RESULT: {"script":"<script> [189 bytes]","args":[]}
COMMAND: POST /session/2c43d02fb6ccc6d518c848919d0720f8/execute/async - {"script":"<script> [123 bytes]","args":[]}
RESULT: {"script":"<script> [123 bytes]","args":[]}
COMMAND: POST /session/2c43d02fb6ccc6d518c848919d0720f8/timeouts - {"script":"<number>"}
RESULT: {"script":"<number>"}
COMMAND: GET /session/2c43d02fb6ccc6d518c848919d0720f8/timeouts - {}
RESULT: {}
RESULT: undefined
COMMAND: POST /session/2c43d02fb6ccc6d518c848919d0720f8/execute/async - {"script":"<script> [2676 bytes]","args":[]}
RESULT: {"script":"<script> [2676 bytes]","args":[]}
COMMAND: POST /session/2c43d02fb6ccc6d518c848919d0720f8/execute/async - {"script":"<script> [2342 bytes]","args":[{"protocol":"http","hostname":"0.0.0.0","path":"/","capabilities":{"browserName":"chrome","goog:chromeOptions":{"binary":"C:\\Program Files\\Google\\Chrome\\Application\\chrome.exe","args":["--start-maximized"]}},"logLevel":"warn","connectionRetryTimeout":120000,"connectionRetryCount":3,"logLevels":{},"enableDirectConnect":true,"strictSSL":true,"_":"65 more keys: [\"cacheDir\",\"port\",\"requestedCapabilities\",\"automationProtocol\",\"baseUrl\",\"waitforInterval\",\"waitforTimeout\",\"onReload\",\"beforeCommand\",\"afterCommand\",\"rootDir\",\"specs\",\"suites\",\"exclude\",\"groupLogsByTestSpec\",\"excludeDriverLogs\",\"bail\",\"framework\",\"reporters\",\"services\",\"maxInstances\",\"maxInstancesPerCapability\",\"injectGlobals\",\"filesToWatch\",\"execArgv\",\"runnerEnv\",\"runner\",\"shard\",\"specFileRetries\",\"specFileRetriesDelay\",\"specFileRetriesDeferred\",\"reporterSyncInterval\",\"reporterSyncTimeout\",\"cucumberFeaturesWithLineNumbers\",\"autoCompileOpts\",\"mochaOpts\",\"jasmineOpts\",\"cucumberOpts\",\"onPrepare\",\"onWorkerStart\",\"onWorkerEnd\",\"before\",\"beforeSession\",\"beforeSuite\",\"beforeHook\",\"beforeTest\",\"afterTest\",\"afterHook\",\"afterSuite\",\"afterSession\",\"after\",\"onComplete\",\"beforeAssertion\",\"afterAssertion\",\"beforeFeature\",\"beforeScenario\",\"beforeStep\",\"afterStep\",\"afterScenario\",\"afterFeature\",\"_\",\"suite\",\"$0\",\"ignoredWorkerServices\",\"wdi5\"]"}]}
RESULT: {"script":"<script> [2342 bytes]","args":[{"protocol":"http","hostname":"0.0.0.0","path":"/","capabilities":{"browserName":"chrome","goog:chromeOptions":{"binary":"C:\\Program Files\\Google\\Chrome\\Application\\chrome.exe","args":["--start-maximized"]}},"logLevel":"warn","connectionRetryTimeout":120000,"connectionRetryCount":3,"logLevels":{},"enableDirectConnect":true,"strictSSL":true,"_":"65 more keys: [\"cacheDir\",\"port\",\"requestedCapabilities\",\"automationProtocol\",\"baseUrl\",\"waitforInterval\",\"waitforTimeout\",\"onReload\",\"beforeCommand\",\"afterCommand\",\"rootDir\",\"specs\",\"suites\",\"exclude\",\"groupLogsByTestSpec\",\"excludeDriverLogs\",\"bail\",\"framework\",\"reporters\",\"services\",\"maxInstances\",\"maxInstancesPerCapability\",\"injectGlobals\",\"filesToWatch\",\"execArgv\",\"runnerEnv\",\"runner\",\"shard\",\"specFileRetries\",\"specFileRetriesDelay\",\"specFileRetriesDeferred\",\"reporterSyncInterval\",\"reporterSyncTimeout\",\"cucumberFeaturesWithLineNumbers\",\"autoCompileOpts\",\"mochaOpts\",\"jasmineOpts\",\"cucumberOpts\",\"onPrepare\",\"onWorkerStart\",\"onWorkerEnd\",\"before\",\"beforeSession\",\"beforeSuite\",\"beforeHook\",\"beforeTest\",\"afterTest\",\"afterHook\",\"afterSuite\",\"afterSession\",\"after\",\"onComplete\",\"beforeAssertion\",\"afterAssertion\",\"beforeFeature\",\"beforeScenario\",\"beforeStep\",\"afterStep\",\"afterScenario\",\"afterFeature\",\"_\",\"suite\",\"$0\",\"ignoredWorkerServices\",\"wdi5\"]"}]}
COMMAND: POST /session/2c43d02fb6ccc6d518c848919d0720f8/execute/async - {"script":"<script> [21126 bytes]","args":[35000]}
RESULT: {"script":"<script> [21126 bytes]","args":[35000]}
COMMAND: POST /session/2c43d02fb6ccc6d518c848919d0720f8/execute/async - {"script":"<script> [1562 bytes]","args":[{"selector":{"controlType":"sap.m.GenericTile","properties":{"header":"Manage Partners"}},"wdio_ui5_key":"sapm.GenericTile{\"header\":\"Manage Partners\"}"}]}
RESULT: {"script":"<script> [1562 bytes]","args":[{"selector":{"controlType":"sap.m.GenericTile","properties":{"header":"Manage Partners"}},"wdio_ui5_key":"sapm.GenericTile{\"header\":\"Manage Partners\"}"}]}
RESULT: undefined
COMMAND: POST /session/2c43d02fb6ccc6d518c848919d0720f8/element - {"using":"xpath","value":"//*[@id=\"__tile38\"]"}
RESULT: {"using":"xpath","value":"//*[@id=\"__tile38\"]"}
COMMAND: POST /session/2c43d02fb6ccc6d518c848919d0720f8/element/f.291337A451B92CFAEC554A5CFCD049A1.d.46BFB037EA98DE19451449221759EABA.e.1198/click - {}
RESULT: {}
COMMAND: GET /session/2c43d02fb6ccc6d518c848919d0720f8/screenshot - {}
RESULT: {}
COMMAND: POST /session/2c43d02fb6ccc6d518c848919d0720f8/elements - {"using":"xpath","value":"//span[text()='Error']"}
RESULT: {"using":"xpath","value":"//span[text()='Error']"}
COMMAND: POST /session/2c43d02fb6ccc6d518c848919d0720f8/execute/async - {"script":"<script> [1562 bytes]","args":[{"selector":{"controlType":"sap.ui.core.Icon","viewName":"etm.portal.ui.managepartners.view.Master","viewId":"application-managepartners-display-component---masterPtm","properties":{"src":{"regex":{"source":"add"}}}},"wdio_ui5_key":"etmportal.ui.managepartners.view.Mastersap.ui.core.Icon{\"src\":{\"regex\":{\"source\":\"add\"}}}"}]}
RESULT: {"script":"<script> [1562 bytes]","args":[{"selector":{"controlType":"sap.ui.core.Icon","viewName":"etm.portal.ui.managepartners.view.Master","viewId":"application-managepartners-display-component---masterPtm","properties":{"src":{"regex":{"source":"add"}}}},"wdio_ui5_key":"etmportal.ui.managepartners.view.Mastersap.ui.core.Icon{\"src\":{\"regex\":{\"source\":\"add\"}}}"}]}
RESULT: undefined
COMMAND: POST /session/2c43d02fb6ccc6d518c848919d0720f8/element - {"using":"xpath","value":"//*[@id=\"__button4-img\"]"}
RESULT: {"using":"xpath","value":"//*[@id=\"__button4-img\"]"}
COMMAND: POST /session/2c43d02fb6ccc6d518c848919d0720f8/element/f.291337A451B92CFAEC554A5CFCD049A1.d.46BFB037EA98DE19451449221759EABA.e.1250/click - {}
RESULT: {}
COMMAND: GET /session/2c43d02fb6ccc6d518c848919d0720f8/screenshot - {}
RESULT: {}
COMMAND: POST /session/2c43d02fb6ccc6d518c848919d0720f8/execute/async - {"script":"<script> [1562 bytes]","args":[{"selector":{"id":"application-managepartners-display-component---NewPartner--partnerId","interaction":{"idSuffix":"inner"}},"wdio_ui5_key":"applicationmanagepartners-display-component---NewPartner--partnerId"}]}
RESULT: {"script":"<script> [1562 bytes]","args":[{"selector":{"id":"application-managepartners-display-component---NewPartner--partnerId","interaction":{"idSuffix":"inner"}},"wdio_ui5_key":"applicationmanagepartners-display-component---NewPartner--partnerId"}]}
RESULT: undefined
COMMAND: POST /session/2c43d02fb6ccc6d518c848919d0720f8/execute/async - {"script":"<script> [1562 bytes]","args":[{"selector":{"id":"application-managepartners-display-component---NewPartner--addressDetailDetailsName1","interaction":{"idSuffix":"inner"}},"wdio_ui5_key":"applicationmanagepartners-display-component---NewPartner--addressDetailDetailsName1"}]}
RESULT: {"script":"<script> [1562 bytes]","args":[{"selector":{"id":"application-managepartners-display-component---NewPartner--addressDetailDetailsName1","interaction":{"idSuffix":"inner"}},"wdio_ui5_key":"applicationmanagepartners-display-component---NewPartner--addressDetailDetailsName1"}]}
RESULT: undefined
COMMAND: POST /session/2c43d02fb6ccc6d518c848919d0720f8/execute/async - {"script":"<script> [776 bytes]","args":[{"enterText":"WebdriverPartnert7pqt","selector":{"id":"application-managepartners-display-component---NewPartner--addressDetailDetailsName1","interaction":{"idSuffix":"inner"}},"clearTextFirst":true,"interactionType":"ENTER_TEXT"}]}
RESULT: {"script":"<script> [776 bytes]","args":[{"enterText":"WebdriverPartnert7pqt","selector":{"id":"application-managepartners-display-component---NewPartner--addressDetailDetailsName1","interaction":{"idSuffix":"inner"}},"clearTextFirst":true,"interactionType":"ENTER_TEXT"}]}
COMMAND: POST /session/2c43d02fb6ccc6d518c848919d0720f8/execute/async - {"script":"<script> [1562 bytes]","args":[{"selector":{"id":"application-managepartners-display-component---NewPartner--addressDetailDetailsLanguage","interaction":{"idSuffix":"inner"}},"wdio_ui5_key":"applicationmanagepartners-display-component---NewPartner--addressDetailDetailsLanguage"}]}
RESULT: {"script":"<script> [1562 bytes]","args":[{"selector":{"id":"application-managepartners-display-component---NewPartner--addressDetailDetailsLanguage","interaction":{"idSuffix":"inner"}},"wdio_ui5_key":"applicationmanagepartners-display-component---NewPartner--addressDetailDetailsLanguage"}]}
RESULT: undefined
COMMAND: POST /session/2c43d02fb6ccc6d518c848919d0720f8/execute/async - {"script":"<script> [776 bytes]","args":[{"enterText":"Romanian","selector":{"id":"application-managepartners-display-component---NewPartner--addressDetailDetailsLanguage","interaction":{"idSuffix":"inner"}},"clearTextFirst":true,"interactionType":"ENTER_TEXT"}]}
RESULT: {"script":"<script> [776 bytes]","args":[{"enterText":"Romanian","selector":{"id":"application-managepartners-display-component---NewPartner--addressDetailDetailsLanguage","interaction":{"idSuffix":"inner"}},"clearTextFirst":true,"interactionType":"ENTER_TEXT"}]}
COMMAND: POST /session/2c43d02fb6ccc6d518c848919d0720f8/element - {"using":"xpath","value":"//input[contains(@id ,\"application-managepartners-display-component---NewPartner--addressDetailDetailsName1-inner\")]"}
RESULT: {"using":"xpath","value":"//input[contains(@id ,\"application-managepartners-display-component---NewPartner--addressDetailDetailsName1-inner\")]"}
COMMAND: GET /session/2c43d02fb6ccc6d518c848919d0720f8/element/f.291337A451B92CFAEC554A5CFCD049A1.d.46BFB037EA98DE19451449221759EABA.e.1420/property/value - {}
RESULT: {}
COMMAND: POST /session/2c43d02fb6ccc6d518c848919d0720f8/execute/async - {"script":"<script> [1562 bytes]","args":[{"selector":{"id":"application-managepartners-display-component---NewPartner--addressDetailDetailsCity1","interaction":{"idSuffix":"inner"}},"wdio_ui5_key":"applicationmanagepartners-display-component---NewPartner--addressDetailDetailsCity1"}]}
COMMAND: GET /session/2c43d02fb6ccc6d518c848919d0720f8/screenshot - {}
RESULT: {"script":"<script> [1562 bytes]","args":[{"selector":{"id":"application-managepartners-display-component---NewPartner--addressDetailDetailsCity1","interaction":{"idSuffix":"inner"}},"wdio_ui5_key":"applicationmanagepartners-display-component---NewPartner--addressDetailDetailsCity1"}]}
RESULT: undefined
COMMAND: POST /session/2c43d02fb6ccc6d518c848919d0720f8/execute/async - {"script":"<script> [776 bytes]","args":[{"enterText":"Bucharest","selector":{"id":"application-managepartners-display-component---NewPartner--addressDetailDetailsCity1","interaction":{"idSuffix":"inner"}},"clearTextFirst":true,"interactionType":"ENTER_TEXT"}]}
RESULT: {}
RESULT: {"script":"<script> [776 bytes]","args":[{"enterText":"Bucharest","selector":{"id":"application-managepartners-display-component---NewPartner--addressDetailDetailsCity1","interaction":{"idSuffix":"inner"}},"clearTextFirst":true,"interactionType":"ENTER_TEXT"}]}
COMMAND: POST /session/2c43d02fb6ccc6d518c848919d0720f8/execute/async - {"script":"<script> [1562 bytes]","args":[{"selector":{"id":"application-managepartners-display-component---NewPartner--addressDetailDetailsCountry","interaction":{"idSuffix":"inner"}},"wdio_ui5_key":"applicationmanagepartners-display-component---NewPartner--addressDetailDetailsCountry"}]}
RESULT: {"script":"<script> [1562 bytes]","args":[{"selector":{"id":"application-managepartners-display-component---NewPartner--addressDetailDetailsCountry","interaction":{"idSuffix":"inner"}},"wdio_ui5_key":"applicationmanagepartners-display-component---NewPartner--addressDetailDetailsCountry"}]}
RESULT: undefined
COMMAND: POST /session/2c43d02fb6ccc6d518c848919d0720f8/execute/async - {"script":"<script> [6424 bytes]","args":[{"element-6066-11e4-a52e-4f735466cecf":"f.291337A451B92CFAEC554A5CFCD049A1.d.46BFB037EA98DE19451449221759EABA.e.1427"},"setValue",["Romania"]]}
RESULT: {"script":"<script> [6424 bytes]","args":[{"element-6066-11e4-a52e-4f735466cecf":"f.291337A451B92CFAEC554A5CFCD049A1.d.46BFB037EA98DE19451449221759EABA.e.1427"},"setValue",["Romania"]]}
COMMAND: POST /session/2c43d02fb6ccc6d518c848919d0720f8/execute/async - {"script":"<script> [1562 bytes]","args":[{"selector":{"id":"application-managepartners-display-component---NewPartner--partnerDetailInternal","interaction":{"idSuffix":"inner"}},"wdio_ui5_key":"applicationmanagepartners-display-component---NewPartner--partnerDetailInternal"}]}
RESULT: {"script":"<script> [1562 bytes]","args":[{"selector":{"id":"application-managepartners-display-component---NewPartner--partnerDetailInternal","interaction":{"idSuffix":"inner"}},"wdio_ui5_key":"applicationmanagepartners-display-component---NewPartner--partnerDetailInternal"}]}
RESULT: undefined
COMMAND: POST /session/2c43d02fb6ccc6d518c848919d0720f8/execute/async - {"script":"<script> [776 bytes]","args":[{"enterText":"External partner","selector":{"id":"application-managepartners-display-component---NewPartner--partnerDetailInternal","interaction":{"idSuffix":"inner"}},"clearTextFirst":true,"interactionType":"ENTER_TEXT"}]}
RESULT: {"script":"<script> [776 bytes]","args":[{"enterText":"External partner","selector":{"id":"application-managepartners-display-component---NewPartner--partnerDetailInternal","interaction":{"idSuffix":"inner"}},"clearTextFirst":true,"interactionType":"ENTER_TEXT"}]}
COMMAND: POST /session/2c43d02fb6ccc6d518c848919d0720f8/execute/async - {"script":"<script> [1562 bytes]","args":[{"selector":{"id":"application-managepartners-display-component---NewPartner--partnerDetailsCurrency","interaction":{"idSuffix":"inner"}},"wdio_ui5_key":"applicationmanagepartners-display-component---NewPartner--partnerDetailsCurrency"}]}
RESULT: {"script":"<script> [1562 bytes]","args":[{"selector":{"id":"application-managepartners-display-component---NewPartner--partnerDetailsCurrency","interaction":{"idSuffix":"inner"}},"wdio_ui5_key":"applicationmanagepartners-display-component---NewPartner--partnerDetailsCurrency"}]}
RESULT: undefined
COMMAND: POST /session/2c43d02fb6ccc6d518c848919d0720f8/execute/async - {"script":"<script> [776 bytes]","args":[{"enterText":"Euro","selector":{"id":"application-managepartners-display-component---NewPartner--partnerDetailsCurrency","interaction":{"idSuffix":"inner"}},"clearTextFirst":true,"interactionType":"ENTER_TEXT"}]}
RESULT: {"script":"<script> [776 bytes]","args":[{"enterText":"Euro","selector":{"id":"application-managepartners-display-component---NewPartner--partnerDetailsCurrency","interaction":{"idSuffix":"inner"}},"clearTextFirst":true,"interactionType":"ENTER_TEXT"}]}
COMMAND: POST /session/2c43d02fb6ccc6d518c848919d0720f8/execute/async - {"script":"<script> [1562 bytes]","args":[{"selector":{"controlType":"sap.m.Button","viewName":"etm.portal.ui.managepartners.view.NewPartner","viewId":"application-managepartners-display-component---NewPartner","properties":{"text":"Commercial"},"interaction":{"idSuffix":"BDI-content"}},"wdio_ui5_key":"etmportal.ui.managepartners.view.NewPartnersap.m.Button{\"text\":\"Commercial\"}"}]}
RESULT: {"script":"<script> [1562 bytes]","args":[{"selector":{"controlType":"sap.m.Button","viewName":"etm.portal.ui.managepartners.view.NewPartner","viewId":"application-managepartners-display-component---NewPartner","properties":{"text":"Commercial"},"interaction":{"idSuffix":"BDI-content"}},"wdio_ui5_key":"etmportal.ui.managepartners.view.NewPartnersap.m.Button{\"text\":\"Commercial\"}"}]}
RESULT: undefined
COMMAND: POST /session/2c43d02fb6ccc6d518c848919d0720f8/element - {"using":"xpath","value":"//*[@id=\"application-managepartners-display-component---NewPartner--ObjectPageLayout-anchBar-__section5-anchor\"]"}
RESULT: {"using":"xpath","value":"//*[@id=\"application-managepartners-display-component---NewPartner--ObjectPageLayout-anchBar-__section5-anchor\"]"}
COMMAND: POST /session/2c43d02fb6ccc6d518c848919d0720f8/element/f.291337A451B92CFAEC554A5CFCD049A1.d.46BFB037EA98DE19451449221759EABA.e.1667/click - {}
RESULT: {}
COMMAND: GET /session/2c43d02fb6ccc6d518c848919d0720f8/screenshot - {}
RESULT: {}
COMMAND: POST /session/2c43d02fb6ccc6d518c848919d0720f8/execute/async - {"script":"<script> [1562 bytes]","args":[{"selector":{"id":"application-managepartners-display-component---NewPartner--btnAddTableRow-img"},"wdio_ui5_key":"applicationmanagepartners-display-component---NewPartner--btnAddTableRow-img"}]}
RESULT: {"script":"<script> [1562 bytes]","args":[{"selector":{"id":"application-managepartners-display-component---NewPartner--btnAddTableRow-img"},"wdio_ui5_key":"applicationmanagepartners-display-component---NewPartner--btnAddTableRow-img"}]}
RESULT: undefined
COMMAND: POST /session/2c43d02fb6ccc6d518c848919d0720f8/element - {"using":"xpath","value":"//*[@id=\"application-managepartners-display-component---NewPartner--btnAddTableRow-img\"]"}
RESULT: {"using":"xpath","value":"//*[@id=\"application-managepartners-display-component---NewPartner--btnAddTableRow-img\"]"}
COMMAND: POST /session/2c43d02fb6ccc6d518c848919d0720f8/element/f.291337A451B92CFAEC554A5CFCD049A1.d.46BFB037EA98DE19451449221759EABA.e.1675/click - {}
RESULT: {}
COMMAND: POST /session/2c43d02fb6ccc6d518c848919d0720f8/element - {"using":"xpath","value":"//input[contains(@id ,\"application-managepartners-display-component---NewPartner--assignmentYard-application-managepartners-display-component---NewPartner\")]"}
COMMAND: GET /session/2c43d02fb6ccc6d518c848919d0720f8/screenshot - {}
RESULT: {"using":"xpath","value":"//input[contains(@id ,\"application-managepartners-display-component---NewPartner--assignmentYard-application-managepartners-display-component---NewPartner\")]"}
COMMAND: POST /session/2c43d02fb6ccc6d518c848919d0720f8/element/f.291337A451B92CFAEC554A5CFCD049A1.d.46BFB037EA98DE19451449221759EABA.e.1678/clear - {}
RESULT: {}
RESULT: {}
COMMAND: POST /session/2c43d02fb6ccc6d518c848919d0720f8/element/f.291337A451B92CFAEC554A5CFCD049A1.d.46BFB037EA98DE19451449221759EABA.e.1678/value - {"text":"WebdriverYardq0wdz"}
COMMAND: GET /session/2c43d02fb6ccc6d518c848919d0720f8/screenshot - {}
RESULT: {"text":"WebdriverYardq0wdz"}
COMMAND: GET /session/2c43d02fb6ccc6d518c848919d0720f8/screenshot - {}
RESULT: {}
RESULT: {}
COMMAND: POST /session/2c43d02fb6ccc6d518c848919d0720f8/execute/async - {"script":"<script> [1562 bytes]","args":[{"selector":{"controlType":"sap.m.Button","viewName":"etm.portal.ui.managepartners.view.NewPartner","viewId":"application-managepartners-display-component---NewPartner","i18NText":{"propertyName":"text","key":"save"},"interaction":{"idSuffix":"BDI-content"}},"wdio_ui5_key":"etmportal.ui.managepartners.view.NewPartnersap.m.Button{\"propertyName\":\"text\",\"key\":\"save\"}"}]}
RESULT: {"script":"<script> [1562 bytes]","args":[{"selector":{"controlType":"sap.m.Button","viewName":"etm.portal.ui.managepartners.view.NewPartner","viewId":"application-managepartners-display-component---NewPartner","i18NText":{"propertyName":"text","key":"save"},"interaction":{"idSuffix":"BDI-content"}},"wdio_ui5_key":"etmportal.ui.managepartners.view.NewPartnersap.m.Button{\"propertyName\":\"text\",\"key\":\"save\"}"}]}
RESULT: undefined
COMMAND: POST /session/2c43d02fb6ccc6d518c848919d0720f8/element - {"using":"xpath","value":"//*[@id=\"__button12\"]"}
RESULT: {"using":"xpath","value":"//*[@id=\"__button12\"]"}
COMMAND: POST /session/2c43d02fb6ccc6d518c848919d0720f8/element/f.291337A451B92CFAEC554A5CFCD049A1.d.46BFB037EA98DE19451449221759EABA.e.1645/click - {}
RESULT: {}
COMMAND: GET /session/2c43d02fb6ccc6d518c848919d0720f8/screenshot - {}
RESULT: {}
COMMAND: POST /session/2c43d02fb6ccc6d518c848919d0720f8/element - {"using":"xpath","value":"//header/div/div[2]/div[2]/span"}
RESULT: {"using":"xpath","value":"//header/div/div[2]/div[2]/span"}
COMMAND: GET /session/2c43d02fb6ccc6d518c848919d0720f8/element/f.291337A451B92CFAEC554A5CFCD049A1.d.46BFB037EA98DE19451449221759EABA.e.1849/text - {}
RESULT: {}
COMMAND: POST /session/2c43d02fb6ccc6d518c848919d0720f8/element - {"using":"xpath","value":"//header/div/div/div/div/div/div[2]/div/span"}
RESULT: {"using":"xpath","value":"//header/div/div/div/div/div/div[2]/div/span"}
COMMAND: GET /session/2c43d02fb6ccc6d518c848919d0720f8/element/f.291337A451B92CFAEC554A5CFCD049A1.d.46BFB037EA98DE19451449221759EABA.e.1850/text - {}
RESULT: {}
COMMAND: POST /session/2c43d02fb6ccc6d518c848919d0720f8/execute/async - {"script":"<script> [1562 bytes]","args":[{"selector":{"id":"application-managepartners-display-component---detailPtm--partnerType"},"wdio_ui5_key":"applicationmanagepartners-display-component---detailPtm--partnerType"}]}
RESULT: {"script":"<script> [1562 bytes]","args":[{"selector":{"id":"application-managepartners-display-component---detailPtm--partnerType"},"wdio_ui5_key":"applicationmanagepartners-display-component---detailPtm--partnerType"}]}
RESULT: undefined
COMMAND: POST /session/2c43d02fb6ccc6d518c848919d0720f8/execute/async - {"script":"<script> [6424 bytes]","args":[{"element-6066-11e4-a52e-4f735466cecf":"f.291337A451B92CFAEC554A5CFCD049A1.d.46BFB037EA98DE19451449221759EABA.e.1851"},"getText",[]]}
RESULT: {"script":"<script> [6424 bytes]","args":[{"element-6066-11e4-a52e-4f735466cecf":"f.291337A451B92CFAEC554A5CFCD049A1.d.46BFB037EA98DE19451449221759EABA.e.1851"},"getText",[]]}
COMMAND: POST /session/2c43d02fb6ccc6d518c848919d0720f8/element - {"using":"css selector","value":"#shell-header-logo"}
RESULT: {"using":"css selector","value":"#shell-header-logo"}
COMMAND: POST /session/2c43d02fb6ccc6d518c848919d0720f8/element/f.291337A451B92CFAEC554A5CFCD049A1.d.46BFB037EA98DE19451449221759EABA.e.1201/click - {}
RESULT: {}
COMMAND: GET /session/2c43d02fb6ccc6d518c848919d0720f8/screenshot - {}
RESULT: {}
COMMAND: POST /session/2c43d02fb6ccc6d518c848919d0720f8/execute/async - {"script":"<script> [1562 bytes]","args":[{"selector":{"controlType":"sap.m.GenericTile","properties":{"header":"Manage Sites"}},"wdio_ui5_key":"sapm.GenericTile{\"header\":\"Manage Sites\"}"}]}
RESULT: {"script":"<script> [1562 bytes]","args":[{"selector":{"controlType":"sap.m.GenericTile","properties":{"header":"Manage Sites"}},"wdio_ui5_key":"sapm.GenericTile{\"header\":\"Manage Sites\"}"}]}
RESULT: undefined
COMMAND: POST /session/2c43d02fb6ccc6d518c848919d0720f8/element - {"using":"xpath","value":"//*[@id=\"__tile40\"]"}
RESULT: {"using":"xpath","value":"//*[@id=\"__tile40\"]"}
COMMAND: POST /session/2c43d02fb6ccc6d518c848919d0720f8/element/f.291337A451B92CFAEC554A5CFCD049A1.d.46BFB037EA98DE19451449221759EABA.e.1853/click - {}
RESULT: {}
COMMAND: GET /session/2c43d02fb6ccc6d518c848919d0720f8/screenshot - {}
RESULT: {}
COMMAND: POST /session/2c43d02fb6ccc6d518c848919d0720f8/elements - {"using":"xpath","value":"//span[text()='Error']"}
RESULT: {"using":"xpath","value":"//span[text()='Error']"}
COMMAND: POST /session/2c43d02fb6ccc6d518c848919d0720f8/execute/async - {"script":"<script> [1562 bytes]","args":[{"selector":{"controlType":"sap.ui.core.Icon","viewName":"etm.portal.ui.managesites.view.Master","viewId":"application-managesites-display-component---masterSite","properties":{"src":{"regex":{"source":"add"}}}},"wdio_ui5_key":"etmportal.ui.managesites.view.Mastersap.ui.core.Icon{\"src\":{\"regex\":{\"source\":\"add\"}}}"}]}
RESULT: {"script":"<script> [1562 bytes]","args":[{"selector":{"controlType":"sap.ui.core.Icon","viewName":"etm.portal.ui.managesites.view.Master","viewId":"application-managesites-display-component---masterSite","properties":{"src":{"regex":{"source":"add"}}}},"wdio_ui5_key":"etmportal.ui.managesites.view.Mastersap.ui.core.Icon{\"src\":{\"regex\":{\"source\":\"add\"}}}"}]}
RESULT: undefined
COMMAND: POST /session/2c43d02fb6ccc6d518c848919d0720f8/element - {"using":"xpath","value":"//*[@id=\"__button52-img\"]"}
RESULT: {"using":"xpath","value":"//*[@id=\"__button52-img\"]"}
COMMAND: POST /session/2c43d02fb6ccc6d518c848919d0720f8/element/f.291337A451B92CFAEC554A5CFCD049A1.d.46BFB037EA98DE19451449221759EABA.e.1900/click - {}
RESULT: {}
COMMAND: POST /session/2c43d02fb6ccc6d518c848919d0720f8/execute/async - {"script":"<script> [1562 bytes]","args":[{"selector":{"id":"application-managesites-display-component---NewSite--siteId","interaction":{"idSuffix":"inner"}},"wdio_ui5_key":"applicationmanagesites-display-component---NewSite--siteId"}]}
COMMAND: GET /session/2c43d02fb6ccc6d518c848919d0720f8/screenshot - {}
RESULT: {"script":"<script> [1562 bytes]","args":[{"selector":{"id":"application-managesites-display-component---NewSite--siteId","interaction":{"idSuffix":"inner"}},"wdio_ui5_key":"applicationmanagesites-display-component---NewSite--siteId"}]}
RESULT: undefined
COMMAND: POST /session/2c43d02fb6ccc6d518c848919d0720f8/execute/async - {"script":"<script> [1562 bytes]","args":[{"selector":{"id":"application-managesites-display-component---NewSite--addressDetailDetailsName1","interaction":{"idSuffix":"inner"}},"wdio_ui5_key":"applicationmanagesites-display-component---NewSite--addressDetailDetailsName1"}]}
RESULT: {}
RESULT: {"script":"<script> [1562 bytes]","args":[{"selector":{"id":"application-managesites-display-component---NewSite--addressDetailDetailsName1","interaction":{"idSuffix":"inner"}},"wdio_ui5_key":"applicationmanagesites-display-component---NewSite--addressDetailDetailsName1"}]}
RESULT: undefined
COMMAND: POST /session/2c43d02fb6ccc6d518c848919d0720f8/execute/async - {"script":"<script> [776 bytes]","args":[{"enterText":"WebdriverSitej3uvv","selector":{"id":"application-managesites-display-component---NewSite--addressDetailDetailsName1","interaction":{"idSuffix":"inner"}},"clearTextFirst":true,"interactionType":"ENTER_TEXT"}]}
RESULT: {"script":"<script> [776 bytes]","args":[{"enterText":"WebdriverSitej3uvv","selector":{"id":"application-managesites-display-component---NewSite--addressDetailDetailsName1","interaction":{"idSuffix":"inner"}},"clearTextFirst":true,"interactionType":"ENTER_TEXT"}]}
COMMAND: POST /session/2c43d02fb6ccc6d518c848919d0720f8/execute/async - {"script":"<script> [1562 bytes]","args":[{"selector":{"id":"application-managesites-display-component---NewSite--addressDetailDetailsLanguage","interaction":{"idSuffix":"inner"}},"wdio_ui5_key":"applicationmanagesites-display-component---NewSite--addressDetailDetailsLanguage"}]}
RESULT: {"script":"<script> [1562 bytes]","args":[{"selector":{"id":"application-managesites-display-component---NewSite--addressDetailDetailsLanguage","interaction":{"idSuffix":"inner"}},"wdio_ui5_key":"applicationmanagesites-display-component---NewSite--addressDetailDetailsLanguage"}]}
RESULT: undefined
COMMAND: POST /session/2c43d02fb6ccc6d518c848919d0720f8/execute/async - {"script":"<script> [776 bytes]","args":[{"enterText":"Romanian","selector":{"id":"application-managesites-display-component---NewSite--addressDetailDetailsLanguage","interaction":{"idSuffix":"inner"}},"clearTextFirst":true,"interactionType":"ENTER_TEXT"}]}
RESULT: {"script":"<script> [776 bytes]","args":[{"enterText":"Romanian","selector":{"id":"application-managesites-display-component---NewSite--addressDetailDetailsLanguage","interaction":{"idSuffix":"inner"}},"clearTextFirst":true,"interactionType":"ENTER_TEXT"}]}
COMMAND: POST /session/2c43d02fb6ccc6d518c848919d0720f8/execute/async - {"script":"<script> [1562 bytes]","args":[{"selector":{"id":"application-managesites-display-component---NewSite--addressDetailDetailsCity1","interaction":{"idSuffix":"inner"}},"wdio_ui5_key":"applicationmanagesites-display-component---NewSite--addressDetailDetailsCity1"}]}
RESULT: {"script":"<script> [1562 bytes]","args":[{"selector":{"id":"application-managesites-display-component---NewSite--addressDetailDetailsCity1","interaction":{"idSuffix":"inner"}},"wdio_ui5_key":"applicationmanagesites-display-component---NewSite--addressDetailDetailsCity1"}]}
RESULT: undefined
COMMAND: POST /session/2c43d02fb6ccc6d518c848919d0720f8/execute/async - {"script":"<script> [776 bytes]","args":[{"enterText":"Bucharest","selector":{"id":"application-managesites-display-component---NewSite--addressDetailDetailsCity1","interaction":{"idSuffix":"inner"}},"clearTextFirst":true,"interactionType":"ENTER_TEXT"}]}
RESULT: {"script":"<script> [776 bytes]","args":[{"enterText":"Bucharest","selector":{"id":"application-managesites-display-component---NewSite--addressDetailDetailsCity1","interaction":{"idSuffix":"inner"}},"clearTextFirst":true,"interactionType":"ENTER_TEXT"}]}
COMMAND: POST /session/2c43d02fb6ccc6d518c848919d0720f8/execute/async - {"script":"<script> [1562 bytes]","args":[{"selector":{"id":"application-managesites-display-component---NewSite--addressDetailDetailsCountry","interaction":{"idSuffix":"inner"}},"wdio_ui5_key":"applicationmanagesites-display-component---NewSite--addressDetailDetailsCountry"}]}
RESULT: {"script":"<script> [1562 bytes]","args":[{"selector":{"id":"application-managesites-display-component---NewSite--addressDetailDetailsCountry","interaction":{"idSuffix":"inner"}},"wdio_ui5_key":"applicationmanagesites-display-component---NewSite--addressDetailDetailsCountry"}]}
RESULT: undefined
COMMAND: POST /session/2c43d02fb6ccc6d518c848919d0720f8/execute/async - {"script":"<script> [776 bytes]","args":[{"enterText":"Romania","selector":{"id":"application-managesites-display-component---NewSite--addressDetailDetailsCountry","interaction":{"idSuffix":"inner"}},"clearTextFirst":true,"interactionType":"ENTER_TEXT"}]}
RESULT: {"script":"<script> [776 bytes]","args":[{"enterText":"Romania","selector":{"id":"application-managesites-display-component---NewSite--addressDetailDetailsCountry","interaction":{"idSuffix":"inner"}},"clearTextFirst":true,"interactionType":"ENTER_TEXT"}]}
COMMAND: POST /session/2c43d02fb6ccc6d518c848919d0720f8/element - {"using":"css selector","value":"#application-managesites-display-component---NewSite--addressDetailDetailsCalendar-inner"}
RESULT: {"using":"css selector","value":"#application-managesites-display-component---NewSite--addressDetailDetailsCalendar-inner"}
COMMAND: POST /session/2c43d02fb6ccc6d518c848919d0720f8/element/f.291337A451B92CFAEC554A5CFCD049A1.d.46BFB037EA98DE19451449221759EABA.e.2278/clear - {}
RESULT: {}
COMMAND: POST /session/2c43d02fb6ccc6d518c848919d0720f8/element/f.291337A451B92CFAEC554A5CFCD049A1.d.46BFB037EA98DE19451449221759EABA.e.2278/value - {"text":"Germany"}
COMMAND: GET /session/2c43d02fb6ccc6d518c848919d0720f8/screenshot - {}
RESULT: {}
RESULT: {"text":"Germany"}
COMMAND: POST /session/2c43d02fb6ccc6d518c848919d0720f8/execute/async - {"script":"<script> [1562 bytes]","args":[{"selector":{"id":"application-managesites-display-component---NewSite--addressEditDetailsCostObjectCstType-arrow"},"wdio_ui5_key":"applicationmanagesites-display-component---NewSite--addressEditDetailsCostObjectCstType-arrow"}]}
COMMAND: GET /session/2c43d02fb6ccc6d518c848919d0720f8/screenshot - {}
RESULT: {"script":"<script> [1562 bytes]","args":[{"selector":{"id":"application-managesites-display-component---NewSite--addressEditDetailsCostObjectCstType-arrow"},"wdio_ui5_key":"applicationmanagesites-display-component---NewSite--addressEditDetailsCostObjectCstType-arrow"}]}
RESULT: undefined
COMMAND: POST /session/2c43d02fb6ccc6d518c848919d0720f8/element - {"using":"xpath","value":"//*[@id=\"application-managesites-display-component---NewSite--addressEditDetailsCostObjectCstType-arrow\"]"}
RESULT: {}
RESULT: {"using":"xpath","value":"//*[@id=\"application-managesites-display-component---NewSite--addressEditDetailsCostObjectCstType-arrow\"]"}
COMMAND: POST /session/2c43d02fb6ccc6d518c848919d0720f8/element/f.291337A451B92CFAEC554A5CFCD049A1.d.46BFB037EA98DE19451449221759EABA.e.2477/click - {}
RESULT: {}
COMMAND: POST /session/2c43d02fb6ccc6d518c848919d0720f8/element - {"using":"xpath","value":"//span[contains(text(), \"Work Breakdown Structure\")]"}
COMMAND: GET /session/2c43d02fb6ccc6d518c848919d0720f8/screenshot - {}
RESULT: {"using":"xpath","value":"//span[contains(text(), \"Work Breakdown Structure\")]"}
COMMAND: POST /session/2c43d02fb6ccc6d518c848919d0720f8/element/f.291337A451B92CFAEC554A5CFCD049A1.d.46BFB037EA98DE19451449221759EABA.e.2478/click - {}
RESULT: {}
RESULT: {}
COMMAND: GET /session/2c43d02fb6ccc6d518c848919d0720f8/screenshot - {}
RESULT: {}
COMMAND: POST /session/2c43d02fb6ccc6d518c848919d0720f8/execute/async - {"script":"<script> [1562 bytes]","args":[{"selector":{"id":"application-managesites-display-component---NewSite--addressNewCostObjectCstID-vhi"},"wdio_ui5_key":"applicationmanagesites-display-component---NewSite--addressNewCostObjectCstID-vhi"}]}
RESULT: {"script":"<script> [1562 bytes]","args":[{"selector":{"id":"application-managesites-display-component---NewSite--addressNewCostObjectCstID-vhi"},"wdio_ui5_key":"applicationmanagesites-display-component---NewSite--addressNewCostObjectCstID-vhi"}]}
RESULT: undefined
COMMAND: POST /session/2c43d02fb6ccc6d518c848919d0720f8/element - {"using":"xpath","value":"//*[@id=\"application-managesites-display-component---NewSite--addressNewCostObjectCstID-vhi\"]"}
RESULT: {"using":"xpath","value":"//*[@id=\"application-managesites-display-component---NewSite--addressNewCostObjectCstID-vhi\"]"}
COMMAND: POST /session/2c43d02fb6ccc6d518c848919d0720f8/element/f.291337A451B92CFAEC554A5CFCD049A1.d.46BFB037EA98DE19451449221759EABA.e.2482/click - {}
RESULT: {}
COMMAND: GET /session/2c43d02fb6ccc6d518c848919d0720f8/screenshot - {}
RESULT: {}
COMMAND: POST /session/2c43d02fb6ccc6d518c848919d0720f8/execute/async - {"script":"<script> [1562 bytes]","args":[{"selector":{"controlType":"sap.m.SearchField","properties":{"placeholder":"Search"},"searchOpenDialogs":true,"interaction":{"idSuffix":"I"}},"wdio_ui5_key":"sapm.SearchField{\"placeholder\":\"Search\"}"}]}
RESULT: {"script":"<script> [1562 bytes]","args":[{"selector":{"controlType":"sap.m.SearchField","properties":{"placeholder":"Search"},"searchOpenDialogs":true,"interaction":{"idSuffix":"I"}},"wdio_ui5_key":"sapm.SearchField{\"placeholder\":\"Search\"}"}]}
RESULT: undefined
COMMAND: POST /session/2c43d02fb6ccc6d518c848919d0720f8/execute/async - {"script":"<script> [776 bytes]","args":[{"enterText":"A1-000100-01","selector":{"controlType":"sap.m.SearchField","properties":{"placeholder":"Search"},"searchOpenDialogs":true,"interaction":{"idSuffix":"I"}},"clearTextFirst":true,"interactionType":"ENTER_TEXT"}]}
RESULT: {"script":"<script> [776 bytes]","args":[{"enterText":"A1-000100-01","selector":{"controlType":"sap.m.SearchField","properties":{"placeholder":"Search"},"searchOpenDialogs":true,"interaction":{"idSuffix":"I"}},"clearTextFirst":true,"interactionType":"ENTER_TEXT"}]}
COMMAND: POST /session/2c43d02fb6ccc6d518c848919d0720f8/actions - {"actions":[{"id":"action3","type":"key","parameters":{},"actions":[{"type":"keyDown","value":""},{"type":"pause","duration":10},{"type":"keyUp","value":""}]}]}
RESULT: {"actions":[{"id":"action3","type":"key","parameters":{},"actions":[{"type":"keyDown","value":""},{"type":"pause","duration":10},{"type":"keyUp","value":""}]}]}
COMMAND: GET /session/2c43d02fb6ccc6d518c848919d0720f8/screenshot - {}
RESULT: {}
COMMAND: POST /session/2c43d02fb6ccc6d518c848919d0720f8/element - {"using":"xpath","value":"//span[contains(text(), \"Template for ETO-Process\")]"}
RESULT: {"using":"xpath","value":"//span[contains(text(), \"Template for ETO-Process\")]"}
COMMAND: POST /session/2c43d02fb6ccc6d518c848919d0720f8/element/f.291337A451B92CFAEC554A5CFCD049A1.d.46BFB037EA98DE19451449221759EABA.e.2503/click - {}
RESULT: {}
COMMAND: GET /session/2c43d02fb6ccc6d518c848919d0720f8/screenshot - {}
RESULT: {}
COMMAND: POST /session/2c43d02fb6ccc6d518c848919d0720f8/element - {"using":"xpath","value":"//bdi[contains(text(), \"OK\")]"}
RESULT: {"using":"xpath","value":"//bdi[contains(text(), \"OK\")]"}
COMMAND: POST /session/2c43d02fb6ccc6d518c848919d0720f8/element/f.291337A451B92CFAEC554A5CFCD049A1.d.46BFB037EA98DE19451449221759EABA.e.2504/click - {}
RESULT: {}
COMMAND: GET /session/2c43d02fb6ccc6d518c848919d0720f8/screenshot - {}
RESULT: {}
COMMAND: POST /session/2c43d02fb6ccc6d518c848919d0720f8/element - {"using":"xpath","value":"//input[@id=\"application-managesites-display-component---NewSite--addressDetailDetailsYard-inner\"]"}
RESULT: {"using":"xpath","value":"//input[@id=\"application-managesites-display-component---NewSite--addressDetailDetailsYard-inner\"]"}
COMMAND: POST /session/2c43d02fb6ccc6d518c848919d0720f8/element/f.291337A451B92CFAEC554A5CFCD049A1.d.46BFB037EA98DE19451449221759EABA.e.2279/value - {"text":"WebdriverYardq0wdz"}
RESULT: {"text":"WebdriverYardq0wdz"}
COMMAND: GET /session/2c43d02fb6ccc6d518c848919d0720f8/screenshot - {}
RESULT: {}
COMMAND: POST /session/2c43d02fb6ccc6d518c848919d0720f8/actions - {"actions":[{"id":"action4","type":"key","parameters":{},"actions":[{"type":"keyDown","value":""},{"type":"pause","duration":10},{"type":"keyUp","value":""}]}]}
RESULT: {"actions":[{"id":"action4","type":"key","parameters":{},"actions":[{"type":"keyDown","value":""},{"type":"pause","duration":10},{"type":"keyUp","value":""}]}]}
COMMAND: GET /session/2c43d02fb6ccc6d518c848919d0720f8/screenshot - {}
RESULT: {}
COMMAND: POST /session/2c43d02fb6ccc6d518c848919d0720f8/element - {"using":"xpath","value":"//input[@id=\"application-managesites-display-component---NewSite--addressDetailDetailsPartner-inner\"]"}
RESULT: {"using":"xpath","value":"//input[@id=\"application-managesites-display-component---NewSite--addressDetailDetailsPartner-inner\"]"}
COMMAND: POST /session/2c43d02fb6ccc6d518c848919d0720f8/elements - {"using":"xpath","value":"//input[@id=\"application-managesites-display-component---NewSite--addressDetailDetailsPartner-inner\"]"}
RESULT: {"using":"xpath","value":"//input[@id=\"application-managesites-display-component---NewSite--addressDetailDetailsPartner-inner\"]"}
COMMAND: POST /session/2c43d02fb6ccc6d518c848919d0720f8/execute/async - {"script":"<script> [1562 bytes]","args":[{"selector":{"controlType":"sap.m.Button","viewName":"etm.portal.ui.managesites.view.NewSmartSite","viewId":"application-managesites-display-component---NewSite","properties":{"text":"Commercial"},"interaction":{"idSuffix":"BDI-content"}},"wdio_ui5_key":"etmportal.ui.managesites.view.NewSmartSitesap.m.Button{\"text\":\"Commercial\"}"}]}
RESULT: {"script":"<script> [1562 bytes]","args":[{"selector":{"controlType":"sap.m.Button","viewName":"etm.portal.ui.managesites.view.NewSmartSite","viewId":"application-managesites-display-component---NewSite","properties":{"text":"Commercial"},"interaction":{"idSuffix":"BDI-content"}},"wdio_ui5_key":"etmportal.ui.managesites.view.NewSmartSitesap.m.Button{\"text\":\"Commercial\"}"}]}
RESULT: undefined
COMMAND: POST /session/2c43d02fb6ccc6d518c848919d0720f8/element - {"using":"xpath","value":"//*[@id=\"application-managesites-display-component---NewSite--ObjectPageLayout-anchBar-__section31-anchor\"]"}
RESULT: {"using":"xpath","value":"//*[@id=\"application-managesites-display-component---NewSite--ObjectPageLayout-anchBar-__section31-anchor\"]"}
COMMAND: POST /session/2c43d02fb6ccc6d518c848919d0720f8/element/f.291337A451B92CFAEC554A5CFCD049A1.d.46BFB037EA98DE19451449221759EABA.e.2532/click - {}
RESULT: {}
COMMAND: POST /session/2c43d02fb6ccc6d518c848919d0720f8/execute/async - {"script":"<script> [1562 bytes]","args":[{"selector":{"controlType":"sap.m.Button","viewName":"etm.portal.ui.managesites.view.NewSmartSite","viewId":"application-managesites-display-component---NewSite","i18NText":{"propertyName":"text","key":"save"},"interaction":{"idSuffix":"BDI-content"}},"wdio_ui5_key":"etmportal.ui.managesites.view.NewSmartSitesap.m.Button{\"propertyName\":\"text\",\"key\":\"save\"}"}]}
COMMAND: GET /session/2c43d02fb6ccc6d518c848919d0720f8/screenshot - {}
RESULT: {"script":"<script> [1562 bytes]","args":[{"selector":{"controlType":"sap.m.Button","viewName":"etm.portal.ui.managesites.view.NewSmartSite","viewId":"application-managesites-display-component---NewSite","i18NText":{"propertyName":"text","key":"save"},"interaction":{"idSuffix":"BDI-content"}},"wdio_ui5_key":"etmportal.ui.managesites.view.NewSmartSitesap.m.Button{\"propertyName\":\"text\",\"key\":\"save\"}"}]}
RESULT: undefined
COMMAND: POST /session/2c43d02fb6ccc6d518c848919d0720f8/element - {"using":"xpath","value":"//*[@id=\"__button64\"]"}
RESULT: {}
RESULT: {"using":"xpath","value":"//*[@id=\"__button64\"]"}
COMMAND: POST /session/2c43d02fb6ccc6d518c848919d0720f8/element/f.291337A451B92CFAEC554A5CFCD049A1.d.46BFB037EA98DE19451449221759EABA.e.2452/click - {}
RESULT: {}
COMMAND: GET /session/2c43d02fb6ccc6d518c848919d0720f8/screenshot - {}
RESULT: {}
COMMAND: POST /session/2c43d02fb6ccc6d518c848919d0720f8/execute/async - {"script":"<script> [1562 bytes]","args":[{"selector":{"id":"application-managesites-display-component---detailSite--addressDetailDetailsYardText"},"wdio_ui5_key":"applicationmanagesites-display-component---detailSite--addressDetailDetailsYardText"}]}
RESULT: {"script":"<script> [1562 bytes]","args":[{"selector":{"id":"application-managesites-display-component---detailSite--addressDetailDetailsYardText"},"wdio_ui5_key":"applicationmanagesites-display-component---detailSite--addressDetailDetailsYardText"}]}
RESULT: undefined
COMMAND: POST /session/2c43d02fb6ccc6d518c848919d0720f8/element - {"using":"xpath","value":"//header/div/div[2]/div[2]/span"}
RESULT: {"using":"xpath","value":"//header/div/div[2]/div[2]/span"}
COMMAND: GET /session/2c43d02fb6ccc6d518c848919d0720f8/element/f.291337A451B92CFAEC554A5CFCD049A1.d.46BFB037EA98DE19451449221759EABA.e.2735/text - {}
RESULT: {}
COMMAND: POST /session/2c43d02fb6ccc6d518c848919d0720f8/element - {"using":"xpath","value":"//header/div/div/div/div/div/div[2]/div/span"}
RESULT: {"using":"xpath","value":"//header/div/div/div/div/div/div[2]/div/span"}
COMMAND: GET /session/2c43d02fb6ccc6d518c848919d0720f8/element/f.291337A451B92CFAEC554A5CFCD049A1.d.46BFB037EA98DE19451449221759EABA.e.2736/text - {}
RESULT: {}
COMMAND: POST /session/2c43d02fb6ccc6d518c848919d0720f8/element - {"using":"css selector","value":"#shell-header-logo"}
RESULT: {"using":"css selector","value":"#shell-header-logo"}
COMMAND: POST /session/2c43d02fb6ccc6d518c848919d0720f8/element/f.291337A451B92CFAEC554A5CFCD049A1.d.46BFB037EA98DE19451449221759EABA.e.1856/click - {}
RESULT: {}
COMMAND: GET /session/2c43d02fb6ccc6d518c848919d0720f8/screenshot - {}
RESULT: {}
]]></system-out>
    </testcase>
    <testcase classname="chrome.136_0_7103_93.windows.Standard_contract_-_add_contract_items_by_Insert_Request_US118222" name="Should create 2 new resources and a catalog item" time="409.176">
      <system-out><![CDATA[
COMMAND: POST /session/2c43d02fb6ccc6d518c848919d0720f8/execute/async - {"script":"<script> [1562 bytes]","args":[{"selector":{"controlType":"sap.m.GenericTile","properties":{"header":"Manage Resources"}},"wdio_ui5_key":"sapm.GenericTile{\"header\":\"Manage Resources\"}"}]}
RESULT: {"script":"<script> [1562 bytes]","args":[{"selector":{"controlType":"sap.m.GenericTile","properties":{"header":"Manage Resources"}},"wdio_ui5_key":"sapm.GenericTile{\"header\":\"Manage Resources\"}"}]}
RESULT: undefined
COMMAND: POST /session/2c43d02fb6ccc6d518c848919d0720f8/element - {"using":"xpath","value":"//*[@id=\"__tile39\"]"}
RESULT: {"using":"xpath","value":"//*[@id=\"__tile39\"]"}
COMMAND: POST /session/2c43d02fb6ccc6d518c848919d0720f8/element/f.291337A451B92CFAEC554A5CFCD049A1.d.46BFB037EA98DE19451449221759EABA.e.2738/click - {}
RESULT: {}
COMMAND: GET /session/2c43d02fb6ccc6d518c848919d0720f8/screenshot - {}
RESULT: {}
COMMAND: POST /session/2c43d02fb6ccc6d518c848919d0720f8/elements - {"using":"xpath","value":"//span[text()='Error']"}
RESULT: {"using":"xpath","value":"//span[text()='Error']"}
COMMAND: POST /session/2c43d02fb6ccc6d518c848919d0720f8/element - {"using":"xpath","value":"//button[@data-kt=\"addNewRUOverflowToolbarButton\"]"}
RESULT: {"using":"xpath","value":"//button[@data-kt=\"addNewRUOverflowToolbarButton\"]"}
COMMAND: POST /session/2c43d02fb6ccc6d518c848919d0720f8/execute/sync - {"script":"<script> [8489 bytes]","args":[{"element-6066-11e4-a52e-4f735466cecf":"f.291337A451B92CFAEC554A5CFCD049A1.d.46BFB037EA98DE19451449221759EABA.e.2782","ELEMENT":"f.291337A451B92CFAEC554A5CFCD049A1.d.46BFB037EA98DE19451449221759EABA.e.2782"}]}
RESULT: {"script":"<script> [8489 bytes]","args":[{"element-6066-11e4-a52e-4f735466cecf":"f.291337A451B92CFAEC554A5CFCD049A1.d.46BFB037EA98DE19451449221759EABA.e.2782","ELEMENT":"f.291337A451B92CFAEC554A5CFCD049A1.d.46BFB037EA98DE19451449221759EABA.e.2782"}]}
COMMAND: POST /session/2c43d02fb6ccc6d518c848919d0720f8/element/f.291337A451B92CFAEC554A5CFCD049A1.d.46BFB037EA98DE19451449221759EABA.e.2782/click - {}
COMMAND: GET /session/2c43d02fb6ccc6d518c848919d0720f8/screenshot - {}
RESULT: {}
COMMAND: POST /session/2c43d02fb6ccc6d518c848919d0720f8/execute/async - {"script":"<script> [1562 bytes]","args":[{"selector":{"id":"application-manageresources-display-component---newResourceUnit--TYPE-arrow"},"wdio_ui5_key":"applicationmanageresources-display-component---newResourceUnit--TYPE-arrow"}]}
COMMAND: GET /session/2c43d02fb6ccc6d518c848919d0720f8/screenshot - {}
RESULT: {}
RESULT: {"script":"<script> [1562 bytes]","args":[{"selector":{"id":"application-manageresources-display-component---newResourceUnit--TYPE-arrow"},"wdio_ui5_key":"applicationmanageresources-display-component---newResourceUnit--TYPE-arrow"}]}
RESULT: undefined
COMMAND: POST /session/2c43d02fb6ccc6d518c848919d0720f8/element - {"using":"xpath","value":"//*[@id=\"application-manageresources-display-component---newResourceUnit--TYPE-arrow\"]"}
RESULT: {}
RESULT: {"using":"xpath","value":"//*[@id=\"application-manageresources-display-component---newResourceUnit--TYPE-arrow\"]"}
COMMAND: POST /session/2c43d02fb6ccc6d518c848919d0720f8/element/f.291337A451B92CFAEC554A5CFCD049A1.d.46BFB037EA98DE19451449221759EABA.e.3108/click - {}
RESULT: {}
COMMAND: POST /session/2c43d02fb6ccc6d518c848919d0720f8/execute/async - {"script":"<script> [1562 bytes]","args":[{"selector":{"controlType":"sap.m.StandardListItem","viewName":"reusables.view.manageresources.NewResourceUnit","viewId":"application-manageresources-display-component---newResourceUnit","properties":{"title":"Material"},"searchOpenDialogs":true,"interaction":{"idSuffix":"titleText"}},"wdio_ui5_key":"reusablesview.manageresources.NewResourceUnitsap.m.StandardListItem{\"title\":\"Material\"}"}]}
COMMAND: GET /session/2c43d02fb6ccc6d518c848919d0720f8/screenshot - {}
RESULT: {"script":"<script> [1562 bytes]","args":[{"selector":{"controlType":"sap.m.StandardListItem","viewName":"reusables.view.manageresources.NewResourceUnit","viewId":"application-manageresources-display-component---newResourceUnit","properties":{"title":"Material"},"searchOpenDialogs":true,"interaction":{"idSuffix":"titleText"}},"wdio_ui5_key":"reusablesview.manageresources.NewResourceUnitsap.m.StandardListItem{\"title\":\"Material\"}"}]}
RESULT: undefined
COMMAND: POST /session/2c43d02fb6ccc6d518c848919d0720f8/element - {"using":"xpath","value":"//*[@id=\"__item1574\"]"}
RESULT: {}
RESULT: {"using":"xpath","value":"//*[@id=\"__item1574\"]"}
COMMAND: POST /session/2c43d02fb6ccc6d518c848919d0720f8/element/f.291337A451B92CFAEC554A5CFCD049A1.d.46BFB037EA98DE19451449221759EABA.e.3111/click - {}
RESULT: {}
COMMAND: POST /session/2c43d02fb6ccc6d518c848919d0720f8/execute/async - {"script":"<script> [1562 bytes]","args":[{"selector":{"id":"application-manageresources-display-component---newResourceUnit--SHORT_TEXT","interaction":{"idSuffix":"inner"}},"wdio_ui5_key":"applicationmanageresources-display-component---newResourceUnit--SHORT_TEXT"}]}
COMMAND: GET /session/2c43d02fb6ccc6d518c848919d0720f8/screenshot - {}
RESULT: {"script":"<script> [1562 bytes]","args":[{"selector":{"id":"application-manageresources-display-component---newResourceUnit--SHORT_TEXT","interaction":{"idSuffix":"inner"}},"wdio_ui5_key":"applicationmanageresources-display-component---newResourceUnit--SHORT_TEXT"}]}
RESULT: undefined
COMMAND: POST /session/2c43d02fb6ccc6d518c848919d0720f8/execute/async - {"script":"<script> [776 bytes]","args":[{"enterText":"WebdriverMatTestfwey3","selector":{"id":"application-manageresources-display-component---newResourceUnit--SHORT_TEXT","interaction":{"idSuffix":"inner"}},"clearTextFirst":true,"interactionType":"ENTER_TEXT"}]}
RESULT: {}
RESULT: {"script":"<script> [776 bytes]","args":[{"enterText":"WebdriverMatTestfwey3","selector":{"id":"application-manageresources-display-component---newResourceUnit--SHORT_TEXT","interaction":{"idSuffix":"inner"}},"clearTextFirst":true,"interactionType":"ENTER_TEXT"}]}
COMMAND: POST /session/2c43d02fb6ccc6d518c848919d0720f8/execute/async - {"script":"<script> [1562 bytes]","args":[{"selector":{"id":"application-manageresources-display-component---newResourceUnit--BASE_UNIT_OF_MEASURE-arrow"},"wdio_ui5_key":"applicationmanageresources-display-component---newResourceUnit--BASE_UNIT_OF_MEASURE-arrow"}]}
RESULT: {"script":"<script> [1562 bytes]","args":[{"selector":{"id":"application-manageresources-display-component---newResourceUnit--BASE_UNIT_OF_MEASURE-arrow"},"wdio_ui5_key":"applicationmanageresources-display-component---newResourceUnit--BASE_UNIT_OF_MEASURE-arrow"}]}
RESULT: undefined
COMMAND: POST /session/2c43d02fb6ccc6d518c848919d0720f8/element - {"using":"xpath","value":"//*[@id=\"application-manageresources-display-component---newResourceUnit--BASE_UNIT_OF_MEASURE-arrow\"]"}
RESULT: {"using":"xpath","value":"//*[@id=\"application-manageresources-display-component---newResourceUnit--BASE_UNIT_OF_MEASURE-arrow\"]"}
COMMAND: POST /session/2c43d02fb6ccc6d518c848919d0720f8/element/f.291337A451B92CFAEC554A5CFCD049A1.d.46BFB037EA98DE19451449221759EABA.e.3231/click - {}
RESULT: {}
COMMAND: POST /session/2c43d02fb6ccc6d518c848919d0720f8/execute/async - {"script":"<script> [1562 bytes]","args":[{"selector":{"controlType":"sap.m.StandardListItem","viewName":"reusables.view.manageresources.NewResourceUnit","viewId":"application-manageresources-display-component---newResourceUnit","properties":{"title":"Piece"},"searchOpenDialogs":true,"interaction":{"idSuffix":"titleText"}},"wdio_ui5_key":"reusablesview.manageresources.NewResourceUnitsap.m.StandardListItem{\"title\":\"Piece\"}"}]}
COMMAND: GET /session/2c43d02fb6ccc6d518c848919d0720f8/screenshot - {}
RESULT: {"script":"<script> [1562 bytes]","args":[{"selector":{"controlType":"sap.m.StandardListItem","viewName":"reusables.view.manageresources.NewResourceUnit","viewId":"application-manageresources-display-component---newResourceUnit","properties":{"title":"Piece"},"searchOpenDialogs":true,"interaction":{"idSuffix":"titleText"}},"wdio_ui5_key":"reusablesview.manageresources.NewResourceUnitsap.m.StandardListItem{\"title\":\"Piece\"}"}]}
RESULT: undefined
COMMAND: POST /session/2c43d02fb6ccc6d518c848919d0720f8/element - {"using":"xpath","value":"//*[@id=\"__item1627\"]"}
RESULT: {}
RESULT: {"using":"xpath","value":"//*[@id=\"__item1627\"]"}
COMMAND: POST /session/2c43d02fb6ccc6d518c848919d0720f8/element/f.291337A451B92CFAEC554A5CFCD049A1.d.46BFB037EA98DE19451449221759EABA.e.3233/click - {}
RESULT: {}
COMMAND: POST /session/2c43d02fb6ccc6d518c848919d0720f8/element - {"using":"xpath","value":"//input[contains(@id ,\"application-manageresources-display-component---newResourceUnit--SHORT_TEXT-inner\")]"}
COMMAND: GET /session/2c43d02fb6ccc6d518c848919d0720f8/screenshot - {}
RESULT: {"using":"xpath","value":"//input[contains(@id ,\"application-manageresources-display-component---newResourceUnit--SHORT_TEXT-inner\")]"}
COMMAND: GET /session/2c43d02fb6ccc6d518c848919d0720f8/element/f.291337A451B92CFAEC554A5CFCD049A1.d.46BFB037EA98DE19451449221759EABA.e.3128/property/value - {}
RESULT: {}
RESULT: {}
COMMAND: POST /session/2c43d02fb6ccc6d518c848919d0720f8/execute/async - {"script":"<script> [1562 bytes]","args":[{"selector":{"id":"application-manageresources-display-component---newResourceUnit--WEIGHT_UNIT-arrow"},"wdio_ui5_key":"applicationmanageresources-display-component---newResourceUnit--WEIGHT_UNIT-arrow"}]}
COMMAND: GET /session/2c43d02fb6ccc6d518c848919d0720f8/screenshot - {}
RESULT: {"script":"<script> [1562 bytes]","args":[{"selector":{"id":"application-manageresources-display-component---newResourceUnit--WEIGHT_UNIT-arrow"},"wdio_ui5_key":"applicationmanageresources-display-component---newResourceUnit--WEIGHT_UNIT-arrow"}]}
RESULT: undefined
COMMAND: POST /session/2c43d02fb6ccc6d518c848919d0720f8/element - {"using":"xpath","value":"//*[@id=\"application-manageresources-display-component---newResourceUnit--WEIGHT_UNIT-arrow\"]"}
RESULT: {}
RESULT: {"using":"xpath","value":"//*[@id=\"application-manageresources-display-component---newResourceUnit--WEIGHT_UNIT-arrow\"]"}
COMMAND: POST /session/2c43d02fb6ccc6d518c848919d0720f8/element/f.291337A451B92CFAEC554A5CFCD049A1.d.46BFB037EA98DE19451449221759EABA.e.3234/click - {}
RESULT: {}
COMMAND: POST /session/2c43d02fb6ccc6d518c848919d0720f8/execute/async - {"script":"<script> [1562 bytes]","args":[{"selector":{"controlType":"sap.m.StandardListItem","viewName":"reusables.view.manageresources.NewResourceUnit","viewId":"application-manageresources-display-component---newResourceUnit","properties":{"title":"Gram"},"searchOpenDialogs":true,"interaction":{"idSuffix":"content"}},"wdio_ui5_key":"reusablesview.manageresources.NewResourceUnitsap.m.StandardListItem{\"title\":\"Gram\"}"}]}
COMMAND: GET /session/2c43d02fb6ccc6d518c848919d0720f8/screenshot - {}
RESULT: {"script":"<script> [1562 bytes]","args":[{"selector":{"controlType":"sap.m.StandardListItem","viewName":"reusables.view.manageresources.NewResourceUnit","viewId":"application-manageresources-display-component---newResourceUnit","properties":{"title":"Gram"},"searchOpenDialogs":true,"interaction":{"idSuffix":"content"}},"wdio_ui5_key":"reusablesview.manageresources.NewResourceUnitsap.m.StandardListItem{\"title\":\"Gram\"}"}]}
RESULT: undefined
COMMAND: POST /session/2c43d02fb6ccc6d518c848919d0720f8/element - {"using":"xpath","value":"//*[@id=\"__item1692\"]"}
RESULT: {}
RESULT: {"using":"xpath","value":"//*[@id=\"__item1692\"]"}
COMMAND: POST /session/2c43d02fb6ccc6d518c848919d0720f8/element/f.291337A451B92CFAEC554A5CFCD049A1.d.46BFB037EA98DE19451449221759EABA.e.3236/click - {}
RESULT: {}
COMMAND: POST /session/2c43d02fb6ccc6d518c848919d0720f8/execute/async - {"script":"<script> [1562 bytes]","args":[{"selector":{"id":"application-manageresources-display-component---newResourceUnit--newRRUPage-OPHeaderContent-collapseBtn-img"},"wdio_ui5_key":"applicationmanageresources-display-component---newResourceUnit--newRRUPage-OPHeaderContent-collapseBtn-img"}]}
COMMAND: GET /session/2c43d02fb6ccc6d518c848919d0720f8/screenshot - {}
RESULT: {"script":"<script> [1562 bytes]","args":[{"selector":{"id":"application-manageresources-display-component---newResourceUnit--newRRUPage-OPHeaderContent-collapseBtn-img"},"wdio_ui5_key":"applicationmanageresources-display-component---newResourceUnit--newRRUPage-OPHeaderContent-collapseBtn-img"}]}
RESULT: undefined
COMMAND: POST /session/2c43d02fb6ccc6d518c848919d0720f8/element - {"using":"xpath","value":"//*[@id=\"application-manageresources-display-component---newResourceUnit--newRRUPage-OPHeaderContent-collapseBtn-img\"]"}
RESULT: {}
RESULT: {"using":"xpath","value":"//*[@id=\"application-manageresources-display-component---newResourceUnit--newRRUPage-OPHeaderContent-collapseBtn-img\"]"}
COMMAND: POST /session/2c43d02fb6ccc6d518c848919d0720f8/element/f.291337A451B92CFAEC554A5CFCD049A1.d.46BFB037EA98DE19451449221759EABA.e.3118/click - {}
RESULT: {}
COMMAND: GET /session/2c43d02fb6ccc6d518c848919d0720f8/screenshot - {}
RESULT: {}
COMMAND: POST /session/2c43d02fb6ccc6d518c848919d0720f8/element - {"using":"xpath","value":"(//span[contains(@id ,\"application-manageresources-display-component---newResourceUnit--DIMENSION_UNIT-arrow\")])[1]"}
RESULT: {"using":"xpath","value":"(//span[contains(@id ,\"application-manageresources-display-component---newResourceUnit--DIMENSION_UNIT-arrow\")])[1]"}
COMMAND: POST /session/2c43d02fb6ccc6d518c848919d0720f8/element/f.291337A451B92CFAEC554A5CFCD049A1.d.46BFB037EA98DE19451449221759EABA.e.3242/click - {}
RESULT: {}
COMMAND: GET /session/2c43d02fb6ccc6d518c848919d0720f8/screenshot - {}
RESULT: {}
COMMAND: POST /session/2c43d02fb6ccc6d518c848919d0720f8/execute/async - {"script":"<script> [1562 bytes]","args":[{"selector":{"controlType":"sap.m.StandardListItem","viewName":"reusables.view.manageresources.NewResourceUnit","viewId":"application-manageresources-display-component---newResourceUnit","properties":{"title":"Centimeter"},"searchOpenDialogs":true,"interaction":{"idSuffix":"titleText"}},"wdio_ui5_key":"reusablesview.manageresources.NewResourceUnitsap.m.StandardListItem{\"title\":\"Centimeter\"}"}]}
RESULT: {"script":"<script> [1562 bytes]","args":[{"selector":{"controlType":"sap.m.StandardListItem","viewName":"reusables.view.manageresources.NewResourceUnit","viewId":"application-manageresources-display-component---newResourceUnit","properties":{"title":"Centimeter"},"searchOpenDialogs":true,"interaction":{"idSuffix":"titleText"}},"wdio_ui5_key":"reusablesview.manageresources.NewResourceUnitsap.m.StandardListItem{\"title\":\"Centimeter\"}"}]}
RESULT: undefined
COMMAND: POST /session/2c43d02fb6ccc6d518c848919d0720f8/element - {"using":"xpath","value":"//*[@id=\"__item1695\"]"}
RESULT: {"using":"xpath","value":"//*[@id=\"__item1695\"]"}
COMMAND: POST /session/2c43d02fb6ccc6d518c848919d0720f8/element/f.291337A451B92CFAEC554A5CFCD049A1.d.46BFB037EA98DE19451449221759EABA.e.3244/click - {}
RESULT: {}
COMMAND: POST /session/2c43d02fb6ccc6d518c848919d0720f8/execute/async - {"script":"<script> [1562 bytes]","args":[{"selector":{"id":"application-manageresources-display-component---newResourceUnit--newRRUPage-anchBar-application-manageresources-display-component---newResourceUnit--reference-anchor","interaction":{"idSuffix":"BDI-content"}},"wdio_ui5_key":"applicationmanageresources-display-component---newResourceUnit--newRRUPage-anchBar-application-manageresources-display-component---newResourceUnit--reference-anchor"}]}
COMMAND: GET /session/2c43d02fb6ccc6d518c848919d0720f8/screenshot - {}
RESULT: {"script":"<script> [1562 bytes]","args":[{"selector":{"id":"application-manageresources-display-component---newResourceUnit--newRRUPage-anchBar-application-manageresources-display-component---newResourceUnit--reference-anchor","interaction":{"idSuffix":"BDI-content"}},"wdio_ui5_key":"applicationmanageresources-display-component---newResourceUnit--newRRUPage-anchBar-application-manageresources-display-component---newResourceUnit--reference-anchor"}]}
RESULT: undefined
COMMAND: POST /session/2c43d02fb6ccc6d518c848919d0720f8/element - {"using":"xpath","value":"//*[@id=\"application-manageresources-display-component---newResourceUnit--newRRUPage-anchBar-application-manageresources-display-component---newResourceUnit--reference-anchor\"]"}
RESULT: {}
RESULT: {"using":"xpath","value":"//*[@id=\"application-manageresources-display-component---newResourceUnit--newRRUPage-anchBar-application-manageresources-display-component---newResourceUnit--reference-anchor\"]"}
COMMAND: POST /session/2c43d02fb6ccc6d518c848919d0720f8/element/f.291337A451B92CFAEC554A5CFCD049A1.d.46BFB037EA98DE19451449221759EABA.e.3246/click - {}
RESULT: {}
COMMAND: POST /session/2c43d02fb6ccc6d518c848919d0720f8/execute/async - {"script":"<script> [1562 bytes]","args":[{"selector":{"id":"application-manageresources-display-component---newResourceUnit--PLANNING_GROUP-arrow"},"wdio_ui5_key":"applicationmanageresources-display-component---newResourceUnit--PLANNING_GROUP-arrow"}]}
COMMAND: GET /session/2c43d02fb6ccc6d518c848919d0720f8/screenshot - {}
RESULT: {"script":"<script> [1562 bytes]","args":[{"selector":{"id":"application-manageresources-display-component---newResourceUnit--PLANNING_GROUP-arrow"},"wdio_ui5_key":"applicationmanageresources-display-component---newResourceUnit--PLANNING_GROUP-arrow"}]}
RESULT: undefined
COMMAND: POST /session/2c43d02fb6ccc6d518c848919d0720f8/element - {"using":"xpath","value":"//*[@id=\"application-manageresources-display-component---newResourceUnit--PLANNING_GROUP-arrow\"]"}
RESULT: {}
RESULT: {"using":"xpath","value":"//*[@id=\"application-manageresources-display-component---newResourceUnit--PLANNING_GROUP-arrow\"]"}
COMMAND: POST /session/2c43d02fb6ccc6d518c848919d0720f8/element/f.291337A451B92CFAEC554A5CFCD049A1.d.46BFB037EA98DE19451449221759EABA.e.3250/click - {}
RESULT: {}
COMMAND: POST /session/2c43d02fb6ccc6d518c848919d0720f8/execute/async - {"script":"<script> [1562 bytes]","args":[{"selector":{"controlType":"sap.m.StandardListItem","viewName":"reusables.view.manageresources.NewResourceUnit","viewId":"application-manageresources-display-component---newResourceUnit","properties":{"title":"Heavy Equi"},"searchOpenDialogs":true,"interaction":{"idSuffix":"content"}},"wdio_ui5_key":"reusablesview.manageresources.NewResourceUnitsap.m.StandardListItem{\"title\":\"Heavy Equi\"}"}]}
COMMAND: GET /session/2c43d02fb6ccc6d518c848919d0720f8/screenshot - {}
RESULT: {"script":"<script> [1562 bytes]","args":[{"selector":{"controlType":"sap.m.StandardListItem","viewName":"reusables.view.manageresources.NewResourceUnit","viewId":"application-manageresources-display-component---newResourceUnit","properties":{"title":"Heavy Equi"},"searchOpenDialogs":true,"interaction":{"idSuffix":"content"}},"wdio_ui5_key":"reusablesview.manageresources.NewResourceUnitsap.m.StandardListItem{\"title\":\"Heavy Equi\"}"}]}
RESULT: undefined
COMMAND: POST /session/2c43d02fb6ccc6d518c848919d0720f8/element - {"using":"xpath","value":"//*[@id=\"__item1703\"]"}
RESULT: {}
RESULT: {"using":"xpath","value":"//*[@id=\"__item1703\"]"}
COMMAND: POST /session/2c43d02fb6ccc6d518c848919d0720f8/element/f.291337A451B92CFAEC554A5CFCD049A1.d.46BFB037EA98DE19451449221759EABA.e.3252/click - {}
RESULT: {}
COMMAND: GET /session/2c43d02fb6ccc6d518c848919d0720f8/screenshot - {}
RESULT: {}
COMMAND: POST /session/2c43d02fb6ccc6d518c848919d0720f8/execute/async - {"script":"<script> [1562 bytes]","args":[{"selector":{"id":"application-manageresources-display-component---newResourceUnit--PLANNING_INDICATOR-arrow"},"wdio_ui5_key":"applicationmanageresources-display-component---newResourceUnit--PLANNING_INDICATOR-arrow"}]}
RESULT: {"script":"<script> [1562 bytes]","args":[{"selector":{"id":"application-manageresources-display-component---newResourceUnit--PLANNING_INDICATOR-arrow"},"wdio_ui5_key":"applicationmanageresources-display-component---newResourceUnit--PLANNING_INDICATOR-arrow"}]}
RESULT: undefined
COMMAND: POST /session/2c43d02fb6ccc6d518c848919d0720f8/element - {"using":"xpath","value":"//*[@id=\"application-manageresources-display-component---newResourceUnit--PLANNING_INDICATOR-arrow\"]"}
RESULT: {"using":"xpath","value":"//*[@id=\"application-manageresources-display-component---newResourceUnit--PLANNING_INDICATOR-arrow\"]"}
COMMAND: POST /session/2c43d02fb6ccc6d518c848919d0720f8/element/f.291337A451B92CFAEC554A5CFCD049A1.d.46BFB037EA98DE19451449221759EABA.e.3253/click - {}
RESULT: {}
COMMAND: POST /session/2c43d02fb6ccc6d518c848919d0720f8/execute/async - {"script":"<script> [1562 bytes]","args":[{"selector":{"controlType":"sap.m.StandardListItem","viewName":"reusables.view.manageresources.NewResourceUnit","viewId":"application-manageresources-display-component---newResourceUnit","properties":{"title":"10 - infinite"},"searchOpenDialogs":true,"interaction":{"idSuffix":"content"}},"wdio_ui5_key":"reusablesview.manageresources.NewResourceUnitsap.m.StandardListItem{\"title\":\"10 - infinite\"}"}]}
COMMAND: GET /session/2c43d02fb6ccc6d518c848919d0720f8/screenshot - {}
RESULT: {"script":"<script> [1562 bytes]","args":[{"selector":{"controlType":"sap.m.StandardListItem","viewName":"reusables.view.manageresources.NewResourceUnit","viewId":"application-manageresources-display-component---newResourceUnit","properties":{"title":"10 - infinite"},"searchOpenDialogs":true,"interaction":{"idSuffix":"content"}},"wdio_ui5_key":"reusablesview.manageresources.NewResourceUnitsap.m.StandardListItem{\"title\":\"10 - infinite\"}"}]}
RESULT: undefined
COMMAND: POST /session/2c43d02fb6ccc6d518c848919d0720f8/element - {"using":"xpath","value":"//*[@id=\"__item1713\"]"}
RESULT: {}
RESULT: {"using":"xpath","value":"//*[@id=\"__item1713\"]"}
COMMAND: POST /session/2c43d02fb6ccc6d518c848919d0720f8/element/f.291337A451B92CFAEC554A5CFCD049A1.d.46BFB037EA98DE19451449221759EABA.e.3255/click - {}
RESULT: {}
COMMAND: GET /session/2c43d02fb6ccc6d518c848919d0720f8/screenshot - {}
RESULT: {}
COMMAND: POST /session/2c43d02fb6ccc6d518c848919d0720f8/element - {"using":"xpath","value":"//bdi[contains(text(), \"Time Segment\")]"}
RESULT: {"using":"xpath","value":"//bdi[contains(text(), \"Time Segment\")]"}
COMMAND: GET /session/2c43d02fb6ccc6d518c848919d0720f8/element/f.291337A451B92CFAEC554A5CFCD049A1.d.46BFB037EA98DE19451449221759EABA.e.3256/rect - {}
RESULT: {}
COMMAND: GET /session/2c43d02fb6ccc6d518c848919d0720f8/window/rect - {}
RESULT: {}
COMMAND: POST /session/2c43d02fb6ccc6d518c848919d0720f8/execute/sync - {"script":"<script> [92 bytes]","args":[]}
RESULT: {"script":"<script> [92 bytes]","args":[]}
COMMAND: POST /session/2c43d02fb6ccc6d518c848919d0720f8/actions - {"actions":[{"id":"action5","type":"wheel","parameters":{},"actions":[{"type":"scroll","x":-1820,"y":-21,"deltaX":0,"deltaY":0,"duration":0,"origin":{"element-6066-11e4-a52e-4f735466cecf":"f.291337A451B92CFAEC554A5CFCD049A1.d.46BFB037EA98DE19451449221759EABA.e.3256"}}]}]}
COMMAND: GET /session/2c43d02fb6ccc6d518c848919d0720f8/screenshot - {}
RESULT: {}
COMMAND: POST /session/2c43d02fb6ccc6d518c848919d0720f8/execute/sync - {"script":"<script> [79 bytes]","args":[{"element-6066-11e4-a52e-4f735466cecf":"f.291337A451B92CFAEC554A5CFCD049A1.d.46BFB037EA98DE19451449221759EABA.e.3256","ELEMENT":"f.291337A451B92CFAEC554A5CFCD049A1.d.46BFB037EA98DE19451449221759EABA.e.3256"},{"block":"start","inline":"nearest"}]}
RESULT: {"script":"<script> [79 bytes]","args":[{"element-6066-11e4-a52e-4f735466cecf":"f.291337A451B92CFAEC554A5CFCD049A1.d.46BFB037EA98DE19451449221759EABA.e.3256","ELEMENT":"f.291337A451B92CFAEC554A5CFCD049A1.d.46BFB037EA98DE19451449221759EABA.e.3256"},{"block":"start","inline":"nearest"}]}
COMMAND: GET /session/2c43d02fb6ccc6d518c848919d0720f8/screenshot - {}
RESULT: {}
COMMAND: POST /session/2c43d02fb6ccc6d518c848919d0720f8/element - {"using":"xpath","value":"//span[@id=\"application-manageresources-display-component---newResourceUnit--btnAddTimeSegment-img\"]"}
RESULT: {"using":"xpath","value":"//span[@id=\"application-manageresources-display-component---newResourceUnit--btnAddTimeSegment-img\"]"}
COMMAND: POST /session/2c43d02fb6ccc6d518c848919d0720f8/execute/sync - {"script":"<script> [8489 bytes]","args":[{"element-6066-11e4-a52e-4f735466cecf":"f.291337A451B92CFAEC554A5CFCD049A1.d.46BFB037EA98DE19451449221759EABA.e.3259","ELEMENT":"f.291337A451B92CFAEC554A5CFCD049A1.d.46BFB037EA98DE19451449221759EABA.e.3259"}]}
RESULT: {"script":"<script> [8489 bytes]","args":[{"element-6066-11e4-a52e-4f735466cecf":"f.291337A451B92CFAEC554A5CFCD049A1.d.46BFB037EA98DE19451449221759EABA.e.3259","ELEMENT":"f.291337A451B92CFAEC554A5CFCD049A1.d.46BFB037EA98DE19451449221759EABA.e.3259"}]}
COMMAND: POST /session/2c43d02fb6ccc6d518c848919d0720f8/element/f.291337A451B92CFAEC554A5CFCD049A1.d.46BFB037EA98DE19451449221759EABA.e.3259/click - {}
COMMAND: GET /session/2c43d02fb6ccc6d518c848919d0720f8/screenshot - {}
RESULT: {}
COMMAND: GET /session/2c43d02fb6ccc6d518c848919d0720f8/screenshot - {}
COMMAND: POST /session/2c43d02fb6ccc6d518c848919d0720f8/element - {"using":"xpath","value":"//input[@id=\"application-manageresources-display-component---newResourceUnit--idRuTSAdmin-application-manageresources-display-component---newResourceUnit--RUTimeSegment-0-inner\"]"}
RESULT: {}
RESULT: {}
RESULT: {"using":"xpath","value":"//input[@id=\"application-manageresources-display-component---newResourceUnit--idRuTSAdmin-application-manageresources-display-component---newResourceUnit--RUTimeSegment-0-inner\"]"}
COMMAND: POST /session/2c43d02fb6ccc6d518c848919d0720f8/element/f.291337A451B92CFAEC554A5CFCD049A1.d.46BFB037EA98DE19451449221759EABA.e.3262/clear - {}
RESULT: {}
COMMAND: POST /session/2c43d02fb6ccc6d518c848919d0720f8/element/f.291337A451B92CFAEC554A5CFCD049A1.d.46BFB037EA98DE19451449221759EABA.e.3262/value - {"text":"WebdriverYardq0wdz"}
COMMAND: GET /session/2c43d02fb6ccc6d518c848919d0720f8/screenshot - {}
RESULT: {"text":"WebdriverYardq0wdz"}
COMMAND: GET /session/2c43d02fb6ccc6d518c848919d0720f8/screenshot - {}
RESULT: {}
RESULT: {}
COMMAND: POST /session/2c43d02fb6ccc6d518c848919d0720f8/actions - {"actions":[{"id":"action6","type":"key","parameters":{},"actions":[{"type":"keyDown","value":""},{"type":"pause","duration":10},{"type":"keyUp","value":""}]}]}
RESULT: {"actions":[{"id":"action6","type":"key","parameters":{},"actions":[{"type":"keyDown","value":""},{"type":"pause","duration":10},{"type":"keyUp","value":""}]}]}
COMMAND: GET /session/2c43d02fb6ccc6d518c848919d0720f8/screenshot - {}
RESULT: {}
COMMAND: POST /session/2c43d02fb6ccc6d518c848919d0720f8/execute/async - {"script":"<script> [1562 bytes]","args":[{"selector":{"controlType":"sap.m.Button","viewName":"reusables.view.manageresources.NewResourceUnit","viewId":"application-manageresources-display-component---newResourceUnit","i18NText":{"propertyName":"tooltip","key":"save"},"interaction":{"idSuffix":"BDI-content"}},"wdio_ui5_key":"reusablesview.manageresources.NewResourceUnitsap.m.Button{\"propertyName\":\"tooltip\",\"key\":\"save\"}"}]}
RESULT: {"script":"<script> [1562 bytes]","args":[{"selector":{"controlType":"sap.m.Button","viewName":"reusables.view.manageresources.NewResourceUnit","viewId":"application-manageresources-display-component---newResourceUnit","i18NText":{"propertyName":"tooltip","key":"save"},"interaction":{"idSuffix":"BDI-content"}},"wdio_ui5_key":"reusablesview.manageresources.NewResourceUnitsap.m.Button{\"propertyName\":\"tooltip\",\"key\":\"save\"}"}]}
RESULT: undefined
COMMAND: POST /session/2c43d02fb6ccc6d518c848919d0720f8/element - {"using":"xpath","value":"//*[@id=\"application-manageresources-display-component---newResourceUnit--createRuButton\"]"}
RESULT: {"using":"xpath","value":"//*[@id=\"application-manageresources-display-component---newResourceUnit--createRuButton\"]"}
COMMAND: POST /session/2c43d02fb6ccc6d518c848919d0720f8/element/f.291337A451B92CFAEC554A5CFCD049A1.d.46BFB037EA98DE19451449221759EABA.e.3124/click - {}
RESULT: {}
COMMAND: GET /session/2c43d02fb6ccc6d518c848919d0720f8/screenshot - {}
RESULT: {}
COMMAND: POST /session/2c43d02fb6ccc6d518c848919d0720f8/execute/async - {"script":"<script> [1562 bytes]","args":[{"selector":{"controlType":"sap.m.Title","properties":{"text":"Success"},"searchOpenDialogs":true},"wdio_ui5_key":"sapm.Title{\"text\":\"Success\"}"}]}
RESULT: {"script":"<script> [1562 bytes]","args":[{"selector":{"controlType":"sap.m.Title","properties":{"text":"Success"},"searchOpenDialogs":true},"wdio_ui5_key":"sapm.Title{\"text\":\"Success\"}"}]}
RESULT: undefined
COMMAND: POST /session/2c43d02fb6ccc6d518c848919d0720f8/execute/async - {"script":"<script> [6424 bytes]","args":[{"element-6066-11e4-a52e-4f735466cecf":"f.291337A451B92CFAEC554A5CFCD049A1.d.46BFB037EA98DE19451449221759EABA.e.3276"},"getText",[]]}
RESULT: {"script":"<script> [6424 bytes]","args":[{"element-6066-11e4-a52e-4f735466cecf":"f.291337A451B92CFAEC554A5CFCD049A1.d.46BFB037EA98DE19451449221759EABA.e.3276"},"getText",[]]}
COMMAND: POST /session/2c43d02fb6ccc6d518c848919d0720f8/element - {"using":"xpath","value":"//*[contains(@id, '__text') and (contains(text(), 'successfully created') or contains(., 'successfully created'))]"}
RESULT: {"using":"xpath","value":"//*[contains(@id, '__text') and (contains(text(), 'successfully created') or contains(., 'successfully created'))]"}
COMMAND: GET /session/2c43d02fb6ccc6d518c848919d0720f8/element/f.291337A451B92CFAEC554A5CFCD049A1.d.46BFB037EA98DE19451449221759EABA.e.3274/text - {}
RESULT: {}
COMMAND: POST /session/2c43d02fb6ccc6d518c848919d0720f8/execute/async - {"script":"<script> [1562 bytes]","args":[{"selector":{"controlType":"sap.m.Button","properties":{"text":"Close"},"searchOpenDialogs":true,"interaction":{"idSuffix":"BDI-content"}},"wdio_ui5_key":"sapm.Button{\"text\":\"Close\"}"}]}
RESULT: {"script":"<script> [1562 bytes]","args":[{"selector":{"controlType":"sap.m.Button","properties":{"text":"Close"},"searchOpenDialogs":true,"interaction":{"idSuffix":"BDI-content"}},"wdio_ui5_key":"sapm.Button{\"text\":\"Close\"}"}]}
RESULT: undefined
COMMAND: POST /session/2c43d02fb6ccc6d518c848919d0720f8/element - {"using":"xpath","value":"//*[@id=\"__mbox-btn-0\"]"}
RESULT: {"using":"xpath","value":"//*[@id=\"__mbox-btn-0\"]"}
COMMAND: POST /session/2c43d02fb6ccc6d518c848919d0720f8/element/f.291337A451B92CFAEC554A5CFCD049A1.d.46BFB037EA98DE19451449221759EABA.e.3273/click - {}
RESULT: {}
COMMAND: GET /session/2c43d02fb6ccc6d518c848919d0720f8/screenshot - {}
RESULT: {}
COMMAND: POST /session/2c43d02fb6ccc6d518c848919d0720f8/execute/async - {"script":"<script> [1562 bytes]","args":[{"selector":{"controlType":"sap.ui.core.Icon","viewName":"etm.portal.ui.manageresources.view.Detail","viewId":"application-manageresources-display-component---detailRU","properties":{"src":{"regex":{"source":"overflow"}}}},"wdio_ui5_key":"etmportal.ui.manageresources.view.Detailsap.ui.core.Icon{\"src\":{\"regex\":{\"source\":\"overflow\"}}}"}]}
RESULT: {"script":"<script> [1562 bytes]","args":[{"selector":{"controlType":"sap.ui.core.Icon","viewName":"etm.portal.ui.manageresources.view.Detail","viewId":"application-manageresources-display-component---detailRU","properties":{"src":{"regex":{"source":"overflow"}}}},"wdio_ui5_key":"etmportal.ui.manageresources.view.Detailsap.ui.core.Icon{\"src\":{\"regex\":{\"source\":\"overflow\"}}}"}]}
RESULT: undefined
COMMAND: POST /session/2c43d02fb6ccc6d518c848919d0720f8/element - {"using":"xpath","value":"//*[@id=\"__title36-_actionsToolbar-overflowButton-img\"]"}
RESULT: {"using":"xpath","value":"//*[@id=\"__title36-_actionsToolbar-overflowButton-img\"]"}
COMMAND: POST /session/2c43d02fb6ccc6d518c848919d0720f8/element/f.291337A451B92CFAEC554A5CFCD049A1.d.46BFB037EA98DE19451449221759EABA.e.3306/click - {}
RESULT: {}
COMMAND: POST /session/2c43d02fb6ccc6d518c848919d0720f8/execute/async - {"script":"<script> [1562 bytes]","args":[{"selector":{"controlType":"sap.m.Button","viewName":"etm.portal.ui.manageresources.view.Detail","viewId":"application-manageresources-display-component---detailRU","i18NText":{"propertyName":"tooltip","key":"closeColumn"},"searchOpenDialogs":true,"interaction":{"idSuffix":"inner"}},"wdio_ui5_key":"etmportal.ui.manageresources.view.Detailsap.m.Button{\"propertyName\":\"tooltip\",\"key\":\"closeColumn\"}"}]}
COMMAND: GET /session/2c43d02fb6ccc6d518c848919d0720f8/screenshot - {}
RESULT: {"script":"<script> [1562 bytes]","args":[{"selector":{"controlType":"sap.m.Button","viewName":"etm.portal.ui.manageresources.view.Detail","viewId":"application-manageresources-display-component---detailRU","i18NText":{"propertyName":"tooltip","key":"closeColumn"},"searchOpenDialogs":true,"interaction":{"idSuffix":"inner"}},"wdio_ui5_key":"etmportal.ui.manageresources.view.Detailsap.m.Button{\"propertyName\":\"tooltip\",\"key\":\"closeColumn\"}"}]}
RESULT: undefined
COMMAND: POST /session/2c43d02fb6ccc6d518c848919d0720f8/element - {"using":"xpath","value":"//*[@id=\"__button151\"]"}
RESULT: {}
RESULT: {"using":"xpath","value":"//*[@id=\"__button151\"]"}
COMMAND: POST /session/2c43d02fb6ccc6d518c848919d0720f8/element/f.291337A451B92CFAEC554A5CFCD049A1.d.46BFB037EA98DE19451449221759EABA.e.3308/click - {}
RESULT: {}
COMMAND: GET /session/2c43d02fb6ccc6d518c848919d0720f8/screenshot - {}
RESULT: {}
COMMAND: POST /session/2c43d02fb6ccc6d518c848919d0720f8/refresh - {}
RESULT: {}
COMMAND: GET /session/2c43d02fb6ccc6d518c848919d0720f8/screenshot - {}
RESULT: {}
COMMAND: POST /session/2c43d02fb6ccc6d518c848919d0720f8/execute/async - {"script":"<script> [189 bytes]","args":[]}
RESULT: {"script":"<script> [189 bytes]","args":[]}
COMMAND: POST /session/2c43d02fb6ccc6d518c848919d0720f8/execute/async - {"script":"<script> [123 bytes]","args":[]}
RESULT: {"script":"<script> [123 bytes]","args":[]}
COMMAND: POST /session/2c43d02fb6ccc6d518c848919d0720f8/timeouts - {"script":"<number>"}
RESULT: {"script":"<number>"}
COMMAND: GET /session/2c43d02fb6ccc6d518c848919d0720f8/timeouts - {}
RESULT: {}
RESULT: undefined
COMMAND: POST /session/2c43d02fb6ccc6d518c848919d0720f8/execute/async - {"script":"<script> [2676 bytes]","args":[]}
RESULT: {"script":"<script> [2676 bytes]","args":[]}
COMMAND: POST /session/2c43d02fb6ccc6d518c848919d0720f8/execute/async - {"script":"<script> [2342 bytes]","args":[{"protocol":"http","hostname":"0.0.0.0","path":"/","capabilities":{"browserName":"chrome","goog:chromeOptions":{"binary":"C:\\Program Files\\Google\\Chrome\\Application\\chrome.exe","args":["--start-maximized"]}},"logLevel":"warn","connectionRetryTimeout":120000,"connectionRetryCount":3,"logLevels":{},"enableDirectConnect":true,"strictSSL":true,"_":"65 more keys: [\"cacheDir\",\"port\",\"requestedCapabilities\",\"automationProtocol\",\"baseUrl\",\"waitforInterval\",\"waitforTimeout\",\"onReload\",\"beforeCommand\",\"afterCommand\",\"rootDir\",\"specs\",\"suites\",\"exclude\",\"groupLogsByTestSpec\",\"excludeDriverLogs\",\"bail\",\"framework\",\"reporters\",\"services\",\"maxInstances\",\"maxInstancesPerCapability\",\"injectGlobals\",\"filesToWatch\",\"execArgv\",\"runnerEnv\",\"runner\",\"shard\",\"specFileRetries\",\"specFileRetriesDelay\",\"specFileRetriesDeferred\",\"reporterSyncInterval\",\"reporterSyncTimeout\",\"cucumberFeaturesWithLineNumbers\",\"autoCompileOpts\",\"mochaOpts\",\"jasmineOpts\",\"cucumberOpts\",\"onPrepare\",\"onWorkerStart\",\"onWorkerEnd\",\"before\",\"beforeSession\",\"beforeSuite\",\"beforeHook\",\"beforeTest\",\"afterTest\",\"afterHook\",\"afterSuite\",\"afterSession\",\"after\",\"onComplete\",\"beforeAssertion\",\"afterAssertion\",\"beforeFeature\",\"beforeScenario\",\"beforeStep\",\"afterStep\",\"afterScenario\",\"afterFeature\",\"_\",\"suite\",\"$0\",\"ignoredWorkerServices\",\"wdi5\"]"}]}
RESULT: {"script":"<script> [2342 bytes]","args":[{"protocol":"http","hostname":"0.0.0.0","path":"/","capabilities":{"browserName":"chrome","goog:chromeOptions":{"binary":"C:\\Program Files\\Google\\Chrome\\Application\\chrome.exe","args":["--start-maximized"]}},"logLevel":"warn","connectionRetryTimeout":120000,"connectionRetryCount":3,"logLevels":{},"enableDirectConnect":true,"strictSSL":true,"_":"65 more keys: [\"cacheDir\",\"port\",\"requestedCapabilities\",\"automationProtocol\",\"baseUrl\",\"waitforInterval\",\"waitforTimeout\",\"onReload\",\"beforeCommand\",\"afterCommand\",\"rootDir\",\"specs\",\"suites\",\"exclude\",\"groupLogsByTestSpec\",\"excludeDriverLogs\",\"bail\",\"framework\",\"reporters\",\"services\",\"maxInstances\",\"maxInstancesPerCapability\",\"injectGlobals\",\"filesToWatch\",\"execArgv\",\"runnerEnv\",\"runner\",\"shard\",\"specFileRetries\",\"specFileRetriesDelay\",\"specFileRetriesDeferred\",\"reporterSyncInterval\",\"reporterSyncTimeout\",\"cucumberFeaturesWithLineNumbers\",\"autoCompileOpts\",\"mochaOpts\",\"jasmineOpts\",\"cucumberOpts\",\"onPrepare\",\"onWorkerStart\",\"onWorkerEnd\",\"before\",\"beforeSession\",\"beforeSuite\",\"beforeHook\",\"beforeTest\",\"afterTest\",\"afterHook\",\"afterSuite\",\"afterSession\",\"after\",\"onComplete\",\"beforeAssertion\",\"afterAssertion\",\"beforeFeature\",\"beforeScenario\",\"beforeStep\",\"afterStep\",\"afterScenario\",\"afterFeature\",\"_\",\"suite\",\"$0\",\"ignoredWorkerServices\",\"wdi5\"]"}]}
COMMAND: POST /session/2c43d02fb6ccc6d518c848919d0720f8/execute/async - {"script":"<script> [21126 bytes]","args":[35000]}
RESULT: {"script":"<script> [21126 bytes]","args":[35000]}
COMMAND: POST /session/2c43d02fb6ccc6d518c848919d0720f8/element - {"using":"css selector","value":"#shell-header-logo"}
RESULT: {"using":"css selector","value":"#shell-header-logo"}
COMMAND: POST /session/2c43d02fb6ccc6d518c848919d0720f8/element/f.291337A451B92CFAEC554A5CFCD049A1.d.1433D10CBFD0E06063A7494E23488DE9.e.3449/click - {}
RESULT: {}
COMMAND: GET /session/2c43d02fb6ccc6d518c848919d0720f8/screenshot - {}
RESULT: {}
COMMAND: POST /session/2c43d02fb6ccc6d518c848919d0720f8/execute/async - {"script":"<script> [1562 bytes]","args":[{"selector":{"controlType":"sap.m.GenericTile","properties":{"header":"Manage Resources"}},"wdio_ui5_key":"sapm.GenericTile{\"header\":\"Manage Resources\"}"}]}
RESULT: {"script":"<script> [1562 bytes]","args":[{"selector":{"controlType":"sap.m.GenericTile","properties":{"header":"Manage Resources"}},"wdio_ui5_key":"sapm.GenericTile{\"header\":\"Manage Resources\"}"}]}
RESULT: undefined
COMMAND: POST /session/2c43d02fb6ccc6d518c848919d0720f8/element - {"using":"xpath","value":"//*[@id=\"__tile39\"]"}
RESULT: {"using":"xpath","value":"//*[@id=\"__tile39\"]"}
COMMAND: POST /session/2c43d02fb6ccc6d518c848919d0720f8/element/f.291337A451B92CFAEC554A5CFCD049A1.d.1433D10CBFD0E06063A7494E23488DE9.e.3632/click - {}
RESULT: {}
COMMAND: GET /session/2c43d02fb6ccc6d518c848919d0720f8/screenshot - {}
RESULT: {}
COMMAND: POST /session/2c43d02fb6ccc6d518c848919d0720f8/elements - {"using":"xpath","value":"//span[text()='Error']"}
RESULT: {"using":"xpath","value":"//span[text()='Error']"}
COMMAND: POST /session/2c43d02fb6ccc6d518c848919d0720f8/element - {"using":"xpath","value":"//button[@data-kt=\"addNewRUOverflowToolbarButton\"]"}
RESULT: {"using":"xpath","value":"//button[@data-kt=\"addNewRUOverflowToolbarButton\"]"}
COMMAND: POST /session/2c43d02fb6ccc6d518c848919d0720f8/execute/sync - {"script":"<script> [8489 bytes]","args":[{"element-6066-11e4-a52e-4f735466cecf":"f.291337A451B92CFAEC554A5CFCD049A1.d.1433D10CBFD0E06063A7494E23488DE9.e.3673","ELEMENT":"f.291337A451B92CFAEC554A5CFCD049A1.d.1433D10CBFD0E06063A7494E23488DE9.e.3673"}]}
RESULT: {"script":"<script> [8489 bytes]","args":[{"element-6066-11e4-a52e-4f735466cecf":"f.291337A451B92CFAEC554A5CFCD049A1.d.1433D10CBFD0E06063A7494E23488DE9.e.3673","ELEMENT":"f.291337A451B92CFAEC554A5CFCD049A1.d.1433D10CBFD0E06063A7494E23488DE9.e.3673"}]}
COMMAND: POST /session/2c43d02fb6ccc6d518c848919d0720f8/element/f.291337A451B92CFAEC554A5CFCD049A1.d.1433D10CBFD0E06063A7494E23488DE9.e.3673/click - {}
COMMAND: GET /session/2c43d02fb6ccc6d518c848919d0720f8/screenshot - {}
RESULT: {}
COMMAND: GET /session/2c43d02fb6ccc6d518c848919d0720f8/screenshot - {}
RESULT: {}
RESULT: {}
COMMAND: POST /session/2c43d02fb6ccc6d518c848919d0720f8/execute/async - {"script":"<script> [1562 bytes]","args":[{"selector":{"id":"application-manageresources-display-component---newResourceUnit--TYPE-arrow"},"wdio_ui5_key":"applicationmanageresources-display-component---newResourceUnit--TYPE-arrow"}]}
RESULT: {"script":"<script> [1562 bytes]","args":[{"selector":{"id":"application-manageresources-display-component---newResourceUnit--TYPE-arrow"},"wdio_ui5_key":"applicationmanageresources-display-component---newResourceUnit--TYPE-arrow"}]}
RESULT: undefined
COMMAND: POST /session/2c43d02fb6ccc6d518c848919d0720f8/element - {"using":"xpath","value":"//*[@id=\"application-manageresources-display-component---newResourceUnit--TYPE-arrow\"]"}
RESULT: {"using":"xpath","value":"//*[@id=\"application-manageresources-display-component---newResourceUnit--TYPE-arrow\"]"}
COMMAND: POST /session/2c43d02fb6ccc6d518c848919d0720f8/element/f.291337A451B92CFAEC554A5CFCD049A1.d.1433D10CBFD0E06063A7494E23488DE9.e.3996/click - {}
RESULT: {}
COMMAND: POST /session/2c43d02fb6ccc6d518c848919d0720f8/execute/async - {"script":"<script> [1562 bytes]","args":[{"selector":{"controlType":"sap.m.StandardListItem","viewName":"reusables.view.manageresources.NewResourceUnit","viewId":"application-manageresources-display-component---newResourceUnit","properties":{"title":"Equipment"},"searchOpenDialogs":true,"interaction":{"idSuffix":"content"}},"wdio_ui5_key":"reusablesview.manageresources.NewResourceUnitsap.m.StandardListItem{\"title\":\"Equipment\"}"}]}
COMMAND: GET /session/2c43d02fb6ccc6d518c848919d0720f8/screenshot - {}
RESULT: {"script":"<script> [1562 bytes]","args":[{"selector":{"controlType":"sap.m.StandardListItem","viewName":"reusables.view.manageresources.NewResourceUnit","viewId":"application-manageresources-display-component---newResourceUnit","properties":{"title":"Equipment"},"searchOpenDialogs":true,"interaction":{"idSuffix":"content"}},"wdio_ui5_key":"reusablesview.manageresources.NewResourceUnitsap.m.StandardListItem{\"title\":\"Equipment\"}"}]}
RESULT: undefined
COMMAND: POST /session/2c43d02fb6ccc6d518c848919d0720f8/element - {"using":"xpath","value":"//*[@id=\"__item185\"]"}
RESULT: {}
RESULT: {"using":"xpath","value":"//*[@id=\"__item185\"]"}
COMMAND: POST /session/2c43d02fb6ccc6d518c848919d0720f8/element/f.291337A451B92CFAEC554A5CFCD049A1.d.1433D10CBFD0E06063A7494E23488DE9.e.3999/click - {}
RESULT: {}
COMMAND: POST /session/2c43d02fb6ccc6d518c848919d0720f8/execute/async - {"script":"<script> [1562 bytes]","args":[{"selector":{"id":"application-manageresources-display-component---newResourceUnit--resourceId","interaction":{"idSuffix":"inner"}},"wdio_ui5_key":"applicationmanageresources-display-component---newResourceUnit--resourceId"}]}
COMMAND: GET /session/2c43d02fb6ccc6d518c848919d0720f8/screenshot - {}
RESULT: {"script":"<script> [1562 bytes]","args":[{"selector":{"id":"application-manageresources-display-component---newResourceUnit--resourceId","interaction":{"idSuffix":"inner"}},"wdio_ui5_key":"applicationmanageresources-display-component---newResourceUnit--resourceId"}]}
RESULT: undefined
COMMAND: POST /session/2c43d02fb6ccc6d518c848919d0720f8/execute/async - {"script":"<script> [776 bytes]","args":[{"enterText":"WdIOTestEquipgorcr","selector":{"id":"application-manageresources-display-component---newResourceUnit--resourceId","interaction":{"idSuffix":"inner"}},"clearTextFirst":true,"interactionType":"ENTER_TEXT"}]}
RESULT: {}
RESULT: {"script":"<script> [776 bytes]","args":[{"enterText":"WdIOTestEquipgorcr","selector":{"id":"application-manageresources-display-component---newResourceUnit--resourceId","interaction":{"idSuffix":"inner"}},"clearTextFirst":true,"interactionType":"ENTER_TEXT"}]}
COMMAND: POST /session/2c43d02fb6ccc6d518c848919d0720f8/execute/async - {"script":"<script> [1562 bytes]","args":[{"selector":{"id":"application-manageresources-display-component---newResourceUnit--SHORT_TEXT","interaction":{"idSuffix":"inner"}},"wdio_ui5_key":"applicationmanageresources-display-component---newResourceUnit--SHORT_TEXT"}]}
RESULT: {"script":"<script> [1562 bytes]","args":[{"selector":{"id":"application-manageresources-display-component---newResourceUnit--SHORT_TEXT","interaction":{"idSuffix":"inner"}},"wdio_ui5_key":"applicationmanageresources-display-component---newResourceUnit--SHORT_TEXT"}]}
RESULT: undefined
COMMAND: POST /session/2c43d02fb6ccc6d518c848919d0720f8/execute/async - {"script":"<script> [776 bytes]","args":[{"enterText":"WdIOTestEquipgorcr","selector":{"id":"application-manageresources-display-component---newResourceUnit--SHORT_TEXT","interaction":{"idSuffix":"inner"}},"clearTextFirst":true,"interactionType":"ENTER_TEXT"}]}
RESULT: {"script":"<script> [776 bytes]","args":[{"enterText":"WdIOTestEquipgorcr","selector":{"id":"application-manageresources-display-component---newResourceUnit--SHORT_TEXT","interaction":{"idSuffix":"inner"}},"clearTextFirst":true,"interactionType":"ENTER_TEXT"}]}
COMMAND: POST /session/2c43d02fb6ccc6d518c848919d0720f8/execute/async - {"script":"<script> [1562 bytes]","args":[{"selector":{"id":"application-manageresources-display-component---newResourceUnit--BASE_UNIT_OF_MEASURE","interaction":{"idSuffix":"inner"}},"wdio_ui5_key":"applicationmanageresources-display-component---newResourceUnit--BASE_UNIT_OF_MEASURE"}]}
RESULT: {"script":"<script> [1562 bytes]","args":[{"selector":{"id":"application-manageresources-display-component---newResourceUnit--BASE_UNIT_OF_MEASURE","interaction":{"idSuffix":"inner"}},"wdio_ui5_key":"applicationmanageresources-display-component---newResourceUnit--BASE_UNIT_OF_MEASURE"}]}
RESULT: undefined
COMMAND: POST /session/2c43d02fb6ccc6d518c848919d0720f8/execute/async - {"script":"<script> [776 bytes]","args":[{"enterText":"Piece","selector":{"id":"application-manageresources-display-component---newResourceUnit--BASE_UNIT_OF_MEASURE","interaction":{"idSuffix":"inner"}},"clearTextFirst":true,"interactionType":"ENTER_TEXT"}]}
RESULT: {"script":"<script> [776 bytes]","args":[{"enterText":"Piece","selector":{"id":"application-manageresources-display-component---newResourceUnit--BASE_UNIT_OF_MEASURE","interaction":{"idSuffix":"inner"}},"clearTextFirst":true,"interactionType":"ENTER_TEXT"}]}
COMMAND: POST /session/2c43d02fb6ccc6d518c848919d0720f8/execute/async - {"script":"<script> [1562 bytes]","args":[{"selector":{"id":"application-manageresources-display-component---newResourceUnit--WEIGHT_UNIT","interaction":{"idSuffix":"inner"}},"wdio_ui5_key":"applicationmanageresources-display-component---newResourceUnit--WEIGHT_UNIT"}]}
RESULT: {"script":"<script> [1562 bytes]","args":[{"selector":{"id":"application-manageresources-display-component---newResourceUnit--WEIGHT_UNIT","interaction":{"idSuffix":"inner"}},"wdio_ui5_key":"applicationmanageresources-display-component---newResourceUnit--WEIGHT_UNIT"}]}
RESULT: undefined
COMMAND: POST /session/2c43d02fb6ccc6d518c848919d0720f8/execute/async - {"script":"<script> [776 bytes]","args":[{"enterText":"Gram","selector":{"id":"application-manageresources-display-component---newResourceUnit--WEIGHT_UNIT","interaction":{"idSuffix":"inner"}},"clearTextFirst":true,"interactionType":"ENTER_TEXT"}]}
RESULT: {"script":"<script> [776 bytes]","args":[{"enterText":"Gram","selector":{"id":"application-manageresources-display-component---newResourceUnit--WEIGHT_UNIT","interaction":{"idSuffix":"inner"}},"clearTextFirst":true,"interactionType":"ENTER_TEXT"}]}
COMMAND: POST /session/2c43d02fb6ccc6d518c848919d0720f8/execute/async - {"script":"<script> [1562 bytes]","args":[{"selector":{"id":"application-manageresources-display-component---newResourceUnit--newRRUPage-OPHeaderContent-collapseBtn-img"},"wdio_ui5_key":"applicationmanageresources-display-component---newResourceUnit--newRRUPage-OPHeaderContent-collapseBtn-img"}]}
RESULT: {"script":"<script> [1562 bytes]","args":[{"selector":{"id":"application-manageresources-display-component---newResourceUnit--newRRUPage-OPHeaderContent-collapseBtn-img"},"wdio_ui5_key":"applicationmanageresources-display-component---newResourceUnit--newRRUPage-OPHeaderContent-collapseBtn-img"}]}
RESULT: undefined
COMMAND: POST /session/2c43d02fb6ccc6d518c848919d0720f8/element - {"using":"xpath","value":"//*[@id=\"application-manageresources-display-component---newResourceUnit--newRRUPage-OPHeaderContent-collapseBtn-img\"]"}
RESULT: {"using":"xpath","value":"//*[@id=\"application-manageresources-display-component---newResourceUnit--newRRUPage-OPHeaderContent-collapseBtn-img\"]"}
COMMAND: POST /session/2c43d02fb6ccc6d518c848919d0720f8/element/f.291337A451B92CFAEC554A5CFCD049A1.d.1433D10CBFD0E06063A7494E23488DE9.e.4007/click - {}
RESULT: {}
COMMAND: GET /session/2c43d02fb6ccc6d518c848919d0720f8/screenshot - {}
RESULT: {}
COMMAND: POST /session/2c43d02fb6ccc6d518c848919d0720f8/element - {"using":"xpath","value":"(//span[contains(@id ,\"application-manageresources-display-component---newResourceUnit--DIMENSION_UNIT-arrow\")])[1]"}
RESULT: {"using":"xpath","value":"(//span[contains(@id ,\"application-manageresources-display-component---newResourceUnit--DIMENSION_UNIT-arrow\")])[1]"}
COMMAND: POST /session/2c43d02fb6ccc6d518c848919d0720f8/element/f.291337A451B92CFAEC554A5CFCD049A1.d.1433D10CBFD0E06063A7494E23488DE9.e.4158/click - {}
RESULT: {}
COMMAND: GET /session/2c43d02fb6ccc6d518c848919d0720f8/screenshot - {}
RESULT: {}
COMMAND: POST /session/2c43d02fb6ccc6d518c848919d0720f8/execute/async - {"script":"<script> [1562 bytes]","args":[{"selector":{"controlType":"sap.m.StandardListItem","viewName":"reusables.view.manageresources.NewResourceUnit","viewId":"application-manageresources-display-component---newResourceUnit","properties":{"title":"Centimeter"},"searchOpenDialogs":true,"interaction":{"idSuffix":"titleText"}},"wdio_ui5_key":"reusablesview.manageresources.NewResourceUnitsap.m.StandardListItem{\"title\":\"Centimeter\"}"}]}
RESULT: {"script":"<script> [1562 bytes]","args":[{"selector":{"controlType":"sap.m.StandardListItem","viewName":"reusables.view.manageresources.NewResourceUnit","viewId":"application-manageresources-display-component---newResourceUnit","properties":{"title":"Centimeter"},"searchOpenDialogs":true,"interaction":{"idSuffix":"titleText"}},"wdio_ui5_key":"reusablesview.manageresources.NewResourceUnitsap.m.StandardListItem{\"title\":\"Centimeter\"}"}]}
RESULT: undefined
COMMAND: POST /session/2c43d02fb6ccc6d518c848919d0720f8/element - {"using":"xpath","value":"//*[@id=\"__item245\"]"}
RESULT: {"using":"xpath","value":"//*[@id=\"__item245\"]"}
COMMAND: POST /session/2c43d02fb6ccc6d518c848919d0720f8/element/f.291337A451B92CFAEC554A5CFCD049A1.d.1433D10CBFD0E06063A7494E23488DE9.e.4160/click - {}
RESULT: {}
COMMAND: GET /session/2c43d02fb6ccc6d518c848919d0720f8/screenshot - {}
RESULT: {}
COMMAND: POST /session/2c43d02fb6ccc6d518c848919d0720f8/execute/async - {"script":"<script> [1562 bytes]","args":[{"selector":{"id":"application-manageresources-display-component---newResourceUnit--newRRUPage-anchBar-application-manageresources-display-component---newResourceUnit--control-anchor","interaction":{"idSuffix":"BDI-content"}},"wdio_ui5_key":"applicationmanageresources-display-component---newResourceUnit--newRRUPage-anchBar-application-manageresources-display-component---newResourceUnit--control-anchor"}]}
RESULT: {"script":"<script> [1562 bytes]","args":[{"selector":{"id":"application-manageresources-display-component---newResourceUnit--newRRUPage-anchBar-application-manageresources-display-component---newResourceUnit--control-anchor","interaction":{"idSuffix":"BDI-content"}},"wdio_ui5_key":"applicationmanageresources-display-component---newResourceUnit--newRRUPage-anchBar-application-manageresources-display-component---newResourceUnit--control-anchor"}]}
RESULT: undefined
COMMAND: POST /session/2c43d02fb6ccc6d518c848919d0720f8/element - {"using":"xpath","value":"//*[@id=\"application-manageresources-display-component---newResourceUnit--newRRUPage-anchBar-application-manageresources-display-component---newResourceUnit--control-anchor\"]"}
RESULT: {"using":"xpath","value":"//*[@id=\"application-manageresources-display-component---newResourceUnit--newRRUPage-anchBar-application-manageresources-display-component---newResourceUnit--control-anchor\"]"}
COMMAND: POST /session/2c43d02fb6ccc6d518c848919d0720f8/element/f.291337A451B92CFAEC554A5CFCD049A1.d.1433D10CBFD0E06063A7494E23488DE9.e.4162/click - {}
RESULT: {}
COMMAND: POST /session/2c43d02fb6ccc6d518c848919d0720f8/execute/async - {"script":"<script> [1562 bytes]","args":[{"selector":{"id":"application-manageresources-display-component---newResourceUnit--PLANNING_GROUP","interaction":{"idSuffix":"inner"}},"wdio_ui5_key":"applicationmanageresources-display-component---newResourceUnit--PLANNING_GROUP"}]}
COMMAND: GET /session/2c43d02fb6ccc6d518c848919d0720f8/screenshot - {}
RESULT: {"script":"<script> [1562 bytes]","args":[{"selector":{"id":"application-manageresources-display-component---newResourceUnit--PLANNING_GROUP","interaction":{"idSuffix":"inner"}},"wdio_ui5_key":"applicationmanageresources-display-component---newResourceUnit--PLANNING_GROUP"}]}
RESULT: undefined
COMMAND: POST /session/2c43d02fb6ccc6d518c848919d0720f8/execute/async - {"script":"<script> [776 bytes]","args":[{"enterText":"Heavy Equi","selector":{"id":"application-manageresources-display-component---newResourceUnit--PLANNING_GROUP","interaction":{"idSuffix":"inner"}},"clearTextFirst":true,"interactionType":"ENTER_TEXT"}]}
RESULT: {}
RESULT: {"script":"<script> [776 bytes]","args":[{"enterText":"Heavy Equi","selector":{"id":"application-manageresources-display-component---newResourceUnit--PLANNING_GROUP","interaction":{"idSuffix":"inner"}},"clearTextFirst":true,"interactionType":"ENTER_TEXT"}]}
COMMAND: POST /session/2c43d02fb6ccc6d518c848919d0720f8/execute/async - {"script":"<script> [1562 bytes]","args":[{"selector":{"id":"application-manageresources-display-component---newResourceUnit--ITEM_TYPE-arrow"},"wdio_ui5_key":"applicationmanageresources-display-component---newResourceUnit--ITEM_TYPE-arrow"}]}
RESULT: {"script":"<script> [1562 bytes]","args":[{"selector":{"id":"application-manageresources-display-component---newResourceUnit--ITEM_TYPE-arrow"},"wdio_ui5_key":"applicationmanageresources-display-component---newResourceUnit--ITEM_TYPE-arrow"}]}
RESULT: undefined
COMMAND: POST /session/2c43d02fb6ccc6d518c848919d0720f8/element - {"using":"xpath","value":"//*[@id=\"application-manageresources-display-component---newResourceUnit--ITEM_TYPE-arrow\"]"}
RESULT: {"using":"xpath","value":"//*[@id=\"application-manageresources-display-component---newResourceUnit--ITEM_TYPE-arrow\"]"}
COMMAND: POST /session/2c43d02fb6ccc6d518c848919d0720f8/element/f.291337A451B92CFAEC554A5CFCD049A1.d.1433D10CBFD0E06063A7494E23488DE9.e.4167/click - {}
RESULT: {}
COMMAND: POST /session/2c43d02fb6ccc6d518c848919d0720f8/execute/async - {"script":"<script> [1562 bytes]","args":[{"selector":{"controlType":"sap.m.StandardListItem","viewName":"reusables.view.manageresources.NewResourceUnit","viewId":"application-manageresources-display-component---newResourceUnit","properties":{"title":"Resource Unit"},"searchOpenDialogs":true,"interaction":{"idSuffix":"titleText"}},"wdio_ui5_key":"reusablesview.manageresources.NewResourceUnitsap.m.StandardListItem{\"title\":\"Resource Unit\"}"}]}
COMMAND: GET /session/2c43d02fb6ccc6d518c848919d0720f8/screenshot - {}
RESULT: {"script":"<script> [1562 bytes]","args":[{"selector":{"controlType":"sap.m.StandardListItem","viewName":"reusables.view.manageresources.NewResourceUnit","viewId":"application-manageresources-display-component---newResourceUnit","properties":{"title":"Resource Unit"},"searchOpenDialogs":true,"interaction":{"idSuffix":"titleText"}},"wdio_ui5_key":"reusablesview.manageresources.NewResourceUnitsap.m.StandardListItem{\"title\":\"Resource Unit\"}"}]}
RESULT: undefined
COMMAND: POST /session/2c43d02fb6ccc6d518c848919d0720f8/element - {"using":"xpath","value":"//*[@id=\"__item267\"]"}
RESULT: {}
RESULT: {"using":"xpath","value":"//*[@id=\"__item267\"]"}
COMMAND: POST /session/2c43d02fb6ccc6d518c848919d0720f8/element/f.291337A451B92CFAEC554A5CFCD049A1.d.1433D10CBFD0E06063A7494E23488DE9.e.4169/click - {}
RESULT: {}
COMMAND: POST /session/2c43d02fb6ccc6d518c848919d0720f8/element - {"using":"xpath","value":"//bdi[contains(text(), \"Time Segment\")]"}
COMMAND: GET /session/2c43d02fb6ccc6d518c848919d0720f8/screenshot - {}
RESULT: {"using":"xpath","value":"//bdi[contains(text(), \"Time Segment\")]"}
COMMAND: GET /session/2c43d02fb6ccc6d518c848919d0720f8/element/f.291337A451B92CFAEC554A5CFCD049A1.d.1433D10CBFD0E06063A7494E23488DE9.e.4176/rect - {}
RESULT: {}
RESULT: {}
COMMAND: GET /session/2c43d02fb6ccc6d518c848919d0720f8/window/rect - {}
RESULT: {}
COMMAND: POST /session/2c43d02fb6ccc6d518c848919d0720f8/execute/sync - {"script":"<script> [92 bytes]","args":[]}
RESULT: {"script":"<script> [92 bytes]","args":[]}
COMMAND: POST /session/2c43d02fb6ccc6d518c848919d0720f8/actions - {"actions":[{"id":"action7","type":"wheel","parameters":{},"actions":[{"type":"scroll","x":-1820,"y":-21,"deltaX":0,"deltaY":0,"duration":0,"origin":{"element-6066-11e4-a52e-4f735466cecf":"f.291337A451B92CFAEC554A5CFCD049A1.d.1433D10CBFD0E06063A7494E23488DE9.e.4176"}}]}]}
COMMAND: GET /session/2c43d02fb6ccc6d518c848919d0720f8/screenshot - {}
RESULT: {}
COMMAND: POST /session/2c43d02fb6ccc6d518c848919d0720f8/execute/sync - {"script":"<script> [79 bytes]","args":[{"element-6066-11e4-a52e-4f735466cecf":"f.291337A451B92CFAEC554A5CFCD049A1.d.1433D10CBFD0E06063A7494E23488DE9.e.4176","ELEMENT":"f.291337A451B92CFAEC554A5CFCD049A1.d.1433D10CBFD0E06063A7494E23488DE9.e.4176"},{"block":"start","inline":"nearest"}]}
RESULT: {"script":"<script> [79 bytes]","args":[{"element-6066-11e4-a52e-4f735466cecf":"f.291337A451B92CFAEC554A5CFCD049A1.d.1433D10CBFD0E06063A7494E23488DE9.e.4176","ELEMENT":"f.291337A451B92CFAEC554A5CFCD049A1.d.1433D10CBFD0E06063A7494E23488DE9.e.4176"},{"block":"start","inline":"nearest"}]}
COMMAND: POST /session/2c43d02fb6ccc6d518c848919d0720f8/execute/async - {"script":"<script> [1562 bytes]","args":[{"selector":{"id":"application-manageresources-display-component---newResourceUnit--btnAddTimeSegment-img"},"wdio_ui5_key":"applicationmanageresources-display-component---newResourceUnit--btnAddTimeSegment-img"}]}
COMMAND: GET /session/2c43d02fb6ccc6d518c848919d0720f8/screenshot - {}
RESULT: {"script":"<script> [1562 bytes]","args":[{"selector":{"id":"application-manageresources-display-component---newResourceUnit--btnAddTimeSegment-img"},"wdio_ui5_key":"applicationmanageresources-display-component---newResourceUnit--btnAddTimeSegment-img"}]}
RESULT: undefined
COMMAND: POST /session/2c43d02fb6ccc6d518c848919d0720f8/element - {"using":"xpath","value":"//*[@id=\"application-manageresources-display-component---newResourceUnit--btnAddTimeSegment-img\"]"}
RESULT: {}
RESULT: {"using":"xpath","value":"//*[@id=\"application-manageresources-display-component---newResourceUnit--btnAddTimeSegment-img\"]"}
COMMAND: POST /session/2c43d02fb6ccc6d518c848919d0720f8/element/f.291337A451B92CFAEC554A5CFCD049A1.d.1433D10CBFD0E06063A7494E23488DE9.e.4177/click - {}
RESULT: {}
COMMAND: GET /session/2c43d02fb6ccc6d518c848919d0720f8/screenshot - {}
RESULT: {}
COMMAND: POST /session/2c43d02fb6ccc6d518c848919d0720f8/element - {"using":"xpath","value":"//input[@id=\"application-manageresources-display-component---newResourceUnit--idRuTSAdmin-application-manageresources-display-component---newResourceUnit--RUTimeSegment-0-inner\"]"}
RESULT: {"using":"xpath","value":"//input[@id=\"application-manageresources-display-component---newResourceUnit--idRuTSAdmin-application-manageresources-display-component---newResourceUnit--RUTimeSegment-0-inner\"]"}
COMMAND: POST /session/2c43d02fb6ccc6d518c848919d0720f8/element/f.291337A451B92CFAEC554A5CFCD049A1.d.1433D10CBFD0E06063A7494E23488DE9.e.4183/clear - {}
RESULT: {}
COMMAND: POST /session/2c43d02fb6ccc6d518c848919d0720f8/element/f.291337A451B92CFAEC554A5CFCD049A1.d.1433D10CBFD0E06063A7494E23488DE9.e.4183/value - {"text":"WebdriverYardq0wdz"}
COMMAND: GET /session/2c43d02fb6ccc6d518c848919d0720f8/screenshot - {}
RESULT: {"text":"WebdriverYardq0wdz"}
COMMAND: GET /session/2c43d02fb6ccc6d518c848919d0720f8/screenshot - {}
RESULT: {}
RESULT: {}
COMMAND: POST /session/2c43d02fb6ccc6d518c848919d0720f8/actions - {"actions":[{"id":"action8","type":"key","parameters":{},"actions":[{"type":"keyDown","value":""},{"type":"pause","duration":10},{"type":"keyUp","value":""}]}]}
RESULT: {"actions":[{"id":"action8","type":"key","parameters":{},"actions":[{"type":"keyDown","value":""},{"type":"pause","duration":10},{"type":"keyUp","value":""}]}]}
COMMAND: POST /session/2c43d02fb6ccc6d518c848919d0720f8/execute/async - {"script":"<script> [1562 bytes]","args":[{"selector":{"controlType":"sap.ui.core.Icon","viewName":"reusables.view.manageresources.NewResourceUnit","viewId":"application-manageresources-display-component---newResourceUnit","properties":{"src":{"regex":{"source":"slim\\-arrow\\-down"}}},"ancestor":{"controlType":"sap.m.ComboBox","viewName":"reusables.view.manageresources.NewResourceUnit","viewId":"application-manageresources-display-component---newResourceUnit","bindingPath":{"path":"/RESOURCE_UNIT_TIME_SEQUENCES/0","propertyPath":"COST_OBJECT_ADMIN_CST_TYPE","modelName":"oNewRruModel"}}},"wdio_ui5_key":"reusablesview.manageresources.NewResourceUnitsap.ui.core.Icon{\"src\":{\"regex\":{\"source\":\"slim\\\\-arrow\\\\-down\"}}}{\"controlType\":\"sap.m.ComboBox\",\"viewName\":\"reusables.view.manageresources.NewResourceUnit\",\"viewId\":\"application-manageresources-display-component---newResourceUnit\",\"bindingPath\":{\"path\":\"/RESOURCE_UNIT_TIME_SEQUENCES/0\",\"propertyPath\":\"COST_OBJECT_ADMIN_CST_TYPE\",\"modelName\":\"oNewRruModel\"}}"}]}
COMMAND: GET /session/2c43d02fb6ccc6d518c848919d0720f8/screenshot - {}
RESULT: {"script":"<script> [1562 bytes]","args":[{"selector":{"controlType":"sap.ui.core.Icon","viewName":"reusables.view.manageresources.NewResourceUnit","viewId":"application-manageresources-display-component---newResourceUnit","properties":{"src":{"regex":{"source":"slim\\-arrow\\-down"}}},"ancestor":{"controlType":"sap.m.ComboBox","viewName":"reusables.view.manageresources.NewResourceUnit","viewId":"application-manageresources-display-component---newResourceUnit","bindingPath":{"path":"/RESOURCE_UNIT_TIME_SEQUENCES/0","propertyPath":"COST_OBJECT_ADMIN_CST_TYPE","modelName":"oNewRruModel"}}},"wdio_ui5_key":"reusablesview.manageresources.NewResourceUnitsap.ui.core.Icon{\"src\":{\"regex\":{\"source\":\"slim\\\\-arrow\\\\-down\"}}}{\"controlType\":\"sap.m.ComboBox\",\"viewName\":\"reusables.view.manageresources.NewResourceUnit\",\"viewId\":\"application-manageresources-display-component---newResourceUnit\",\"bindingPath\":{\"path\":\"/RESOURCE_UNIT_TIME_SEQUENCES/0\",\"propertyPath\":\"COST_OBJECT_ADMIN_CST_TYPE\",\"modelName\":\"oNewRruModel\"}}"}]}
RESULT: undefined
COMMAND: POST /session/2c43d02fb6ccc6d518c848919d0720f8/element - {"using":"xpath","value":"//*[@id=\"__box7-application-manageresources-display-component---newResourceUnit--RUTimeSegment-0-arrow\"]"}
RESULT: {}
RESULT: {"using":"xpath","value":"//*[@id=\"__box7-application-manageresources-display-component---newResourceUnit--RUTimeSegment-0-arrow\"]"}
COMMAND: POST /session/2c43d02fb6ccc6d518c848919d0720f8/element/f.291337A451B92CFAEC554A5CFCD049A1.d.1433D10CBFD0E06063A7494E23488DE9.e.4195/click - {}
RESULT: {}
COMMAND: POST /session/2c43d02fb6ccc6d518c848919d0720f8/execute/async - {"script":"<script> [1562 bytes]","args":[{"selector":{"controlType":"sap.m.StandardListItem","viewName":"reusables.view.manageresources.NewResourceUnit","viewId":"application-manageresources-display-component---newResourceUnit","properties":{"title":"PM Order"},"searchOpenDialogs":true,"interaction":{"idSuffix":"titleText"}},"wdio_ui5_key":"reusablesview.manageresources.NewResourceUnitsap.m.StandardListItem{\"title\":\"PM Order\"}"}]}
COMMAND: GET /session/2c43d02fb6ccc6d518c848919d0720f8/screenshot - {}
RESULT: {"script":"<script> [1562 bytes]","args":[{"selector":{"controlType":"sap.m.StandardListItem","viewName":"reusables.view.manageresources.NewResourceUnit","viewId":"application-manageresources-display-component---newResourceUnit","properties":{"title":"PM Order"},"searchOpenDialogs":true,"interaction":{"idSuffix":"titleText"}},"wdio_ui5_key":"reusablesview.manageresources.NewResourceUnitsap.m.StandardListItem{\"title\":\"PM Order\"}"}]}
RESULT: undefined
COMMAND: POST /session/2c43d02fb6ccc6d518c848919d0720f8/element - {"using":"xpath","value":"//*[@id=\"__item745\"]"}
RESULT: {}
RESULT: {"using":"xpath","value":"//*[@id=\"__item745\"]"}
COMMAND: POST /session/2c43d02fb6ccc6d518c848919d0720f8/element/f.291337A451B92CFAEC554A5CFCD049A1.d.1433D10CBFD0E06063A7494E23488DE9.e.4199/click - {}
RESULT: {}
COMMAND: GET /session/2c43d02fb6ccc6d518c848919d0720f8/screenshot - {}
RESULT: {}
COMMAND: POST /session/2c43d02fb6ccc6d518c848919d0720f8/element - {"using":"xpath","value":"(//input[contains(@id ,\"-application-manageresources-display-component---newResourceUnit--RUTimeSegment-0-inner\")])[8]"}
RESULT: {"using":"xpath","value":"(//input[contains(@id ,\"-application-manageresources-display-component---newResourceUnit--RUTimeSegment-0-inner\")])[8]"}
COMMAND: POST /session/2c43d02fb6ccc6d518c848919d0720f8/element/f.291337A451B92CFAEC554A5CFCD049A1.d.1433D10CBFD0E06063A7494E23488DE9.e.4202/clear - {}
RESULT: {}
COMMAND: POST /session/2c43d02fb6ccc6d518c848919d0720f8/element/f.291337A451B92CFAEC554A5CFCD049A1.d.1433D10CBFD0E06063A7494E23488DE9.e.4202/value - {"text":"4000360"}
COMMAND: GET /session/2c43d02fb6ccc6d518c848919d0720f8/screenshot - {}
RESULT: {"text":"4000360"}
COMMAND: GET /session/2c43d02fb6ccc6d518c848919d0720f8/screenshot - {}
RESULT: {}
RESULT: {}
COMMAND: POST /session/2c43d02fb6ccc6d518c848919d0720f8/actions - {"actions":[{"id":"action9","type":"key","parameters":{},"actions":[{"type":"keyDown","value":""},{"type":"pause","duration":10},{"type":"keyUp","value":""}]}]}
RESULT: {"actions":[{"id":"action9","type":"key","parameters":{},"actions":[{"type":"keyDown","value":""},{"type":"pause","duration":10},{"type":"keyUp","value":""}]}]}
COMMAND: GET /session/2c43d02fb6ccc6d518c848919d0720f8/screenshot - {}
RESULT: {}
COMMAND: POST /session/2c43d02fb6ccc6d518c848919d0720f8/element - {"using":"xpath","value":"//input[contains(@id ,\"application-manageresources-display-component---newResourceUnit--newTimeSegmentFromDatePicker-application-manageresources-display-component---newResourceUnit--RUTimeSegment-0-inner\")]"}
RESULT: {"using":"xpath","value":"//input[contains(@id ,\"application-manageresources-display-component---newResourceUnit--newTimeSegmentFromDatePicker-application-manageresources-display-component---newResourceUnit--RUTimeSegment-0-inner\")]"}
COMMAND: POST /session/2c43d02fb6ccc6d518c848919d0720f8/element/f.291337A451B92CFAEC554A5CFCD049A1.d.1433D10CBFD0E06063A7494E23488DE9.e.4190/clear - {}
RESULT: {}
COMMAND: POST /session/2c43d02fb6ccc6d518c848919d0720f8/element/f.291337A451B92CFAEC554A5CFCD049A1.d.1433D10CBFD0E06063A7494E23488DE9.e.4190/clear - {}
COMMAND: GET /session/2c43d02fb6ccc6d518c848919d0720f8/screenshot - {}
RESULT: {}
COMMAND: POST /session/2c43d02fb6ccc6d518c848919d0720f8/element/f.291337A451B92CFAEC554A5CFCD049A1.d.1433D10CBFD0E06063A7494E23488DE9.e.4190/value - {"text":"07/01/24"}
COMMAND: GET /session/2c43d02fb6ccc6d518c848919d0720f8/screenshot - {}
RESULT: {}
RESULT: {"text":"07/01/24"}
COMMAND: POST /session/2c43d02fb6ccc6d518c848919d0720f8/execute/async - {"script":"<script> [1562 bytes]","args":[{"selector":{"id":"application-manageresources-display-component---newResourceUnit--newRRUPage-anchBar-application-manageresources-display-component---newResourceUnit--resource-anchor","interaction":{"idSuffix":"BDI-content"}},"wdio_ui5_key":"applicationmanageresources-display-component---newResourceUnit--newRRUPage-anchBar-application-manageresources-display-component---newResourceUnit--resource-anchor"}]}
COMMAND: GET /session/2c43d02fb6ccc6d518c848919d0720f8/screenshot - {}
RESULT: {}
RESULT: {"script":"<script> [1562 bytes]","args":[{"selector":{"id":"application-manageresources-display-component---newResourceUnit--newRRUPage-anchBar-application-manageresources-display-component---newResourceUnit--resource-anchor","interaction":{"idSuffix":"BDI-content"}},"wdio_ui5_key":"applicationmanageresources-display-component---newResourceUnit--newRRUPage-anchBar-application-manageresources-display-component---newResourceUnit--resource-anchor"}]}
RESULT: undefined
COMMAND: POST /session/2c43d02fb6ccc6d518c848919d0720f8/element - {"using":"xpath","value":"//*[@id=\"application-manageresources-display-component---newResourceUnit--newRRUPage-anchBar-application-manageresources-display-component---newResourceUnit--resource-anchor\"]"}
RESULT: {}
RESULT: {"using":"xpath","value":"//*[@id=\"application-manageresources-display-component---newResourceUnit--newRRUPage-anchBar-application-manageresources-display-component---newResourceUnit--resource-anchor\"]"}
COMMAND: POST /session/2c43d02fb6ccc6d518c848919d0720f8/element/f.291337A451B92CFAEC554A5CFCD049A1.d.1433D10CBFD0E06063A7494E23488DE9.e.4223/click - {}
RESULT: {}
COMMAND: POST /session/2c43d02fb6ccc6d518c848919d0720f8/execute/async - {"script":"<script> [1562 bytes]","args":[{"selector":{"id":"application-manageresources-display-component---newResourceUnit--PLANNED_DELIVERY_DATE","interaction":{"idSuffix":"inner"}},"wdio_ui5_key":"applicationmanageresources-display-component---newResourceUnit--PLANNED_DELIVERY_DATE"}]}
COMMAND: GET /session/2c43d02fb6ccc6d518c848919d0720f8/screenshot - {}
RESULT: {"script":"<script> [1562 bytes]","args":[{"selector":{"id":"application-manageresources-display-component---newResourceUnit--PLANNED_DELIVERY_DATE","interaction":{"idSuffix":"inner"}},"wdio_ui5_key":"applicationmanageresources-display-component---newResourceUnit--PLANNED_DELIVERY_DATE"}]}
RESULT: undefined
COMMAND: POST /session/2c43d02fb6ccc6d518c848919d0720f8/execute/async - {"script":"<script> [6424 bytes]","args":[{"element-6066-11e4-a52e-4f735466cecf":"f.291337A451B92CFAEC554A5CFCD049A1.d.1433D10CBFD0E06063A7494E23488DE9.e.4054"},"setValue",["07/01/24"]]}
RESULT: {}
RESULT: {"script":"<script> [6424 bytes]","args":[{"element-6066-11e4-a52e-4f735466cecf":"f.291337A451B92CFAEC554A5CFCD049A1.d.1433D10CBFD0E06063A7494E23488DE9.e.4054"},"setValue",["07/01/24"]]}
COMMAND: POST /session/2c43d02fb6ccc6d518c848919d0720f8/execute/async - {"script":"<script> [1562 bytes]","args":[{"selector":{"id":"application-manageresources-display-component---newResourceUnit--RETIRE_PLANNED_DATE","interaction":{"idSuffix":"inner"}},"wdio_ui5_key":"applicationmanageresources-display-component---newResourceUnit--RETIRE_PLANNED_DATE"}]}
RESULT: {"script":"<script> [1562 bytes]","args":[{"selector":{"id":"application-manageresources-display-component---newResourceUnit--RETIRE_PLANNED_DATE","interaction":{"idSuffix":"inner"}},"wdio_ui5_key":"applicationmanageresources-display-component---newResourceUnit--RETIRE_PLANNED_DATE"}]}
RESULT: undefined
COMMAND: POST /session/2c43d02fb6ccc6d518c848919d0720f8/execute/async - {"script":"<script> [776 bytes]","args":[{"enterText":"3/14/29","selector":{"id":"application-manageresources-display-component---newResourceUnit--RETIRE_PLANNED_DATE","interaction":{"idSuffix":"inner"}},"clearTextFirst":true,"interactionType":"ENTER_TEXT"}]}
RESULT: {"script":"<script> [776 bytes]","args":[{"enterText":"3/14/29","selector":{"id":"application-manageresources-display-component---newResourceUnit--RETIRE_PLANNED_DATE","interaction":{"idSuffix":"inner"}},"clearTextFirst":true,"interactionType":"ENTER_TEXT"}]}
COMMAND: POST /session/2c43d02fb6ccc6d518c848919d0720f8/execute/async - {"script":"<script> [1562 bytes]","args":[{"selector":{"controlType":"sap.m.Button","viewName":"reusables.view.manageresources.NewResourceUnit","viewId":"application-manageresources-display-component---newResourceUnit","i18NText":{"propertyName":"tooltip","key":"save"},"interaction":{"idSuffix":"BDI-content"}},"wdio_ui5_key":"reusablesview.manageresources.NewResourceUnitsap.m.Button{\"propertyName\":\"tooltip\",\"key\":\"save\"}"}]}
RESULT: {"script":"<script> [1562 bytes]","args":[{"selector":{"controlType":"sap.m.Button","viewName":"reusables.view.manageresources.NewResourceUnit","viewId":"application-manageresources-display-component---newResourceUnit","i18NText":{"propertyName":"tooltip","key":"save"},"interaction":{"idSuffix":"BDI-content"}},"wdio_ui5_key":"reusablesview.manageresources.NewResourceUnitsap.m.Button{\"propertyName\":\"tooltip\",\"key\":\"save\"}"}]}
RESULT: undefined
COMMAND: POST /session/2c43d02fb6ccc6d518c848919d0720f8/element - {"using":"xpath","value":"//*[@id=\"application-manageresources-display-component---newResourceUnit--createRuButton\"]"}
RESULT: {"using":"xpath","value":"//*[@id=\"application-manageresources-display-component---newResourceUnit--createRuButton\"]"}
COMMAND: POST /session/2c43d02fb6ccc6d518c848919d0720f8/element/f.291337A451B92CFAEC554A5CFCD049A1.d.1433D10CBFD0E06063A7494E23488DE9.e.4013/click - {}
RESULT: {}
COMMAND: GET /session/2c43d02fb6ccc6d518c848919d0720f8/screenshot - {}
RESULT: {}
COMMAND: POST /session/2c43d02fb6ccc6d518c848919d0720f8/execute/async - {"script":"<script> [1562 bytes]","args":[{"selector":{"controlType":"sap.m.Button","properties":{"text":"Close"},"searchOpenDialogs":true,"interaction":{"idSuffix":"inner"}},"wdio_ui5_key":"sapm.Button{\"text\":\"Close\"}"}]}
RESULT: {"script":"<script> [1562 bytes]","args":[{"selector":{"controlType":"sap.m.Button","properties":{"text":"Close"},"searchOpenDialogs":true,"interaction":{"idSuffix":"inner"}},"wdio_ui5_key":"sapm.Button{\"text\":\"Close\"}"}]}
RESULT: undefined
COMMAND: POST /session/2c43d02fb6ccc6d518c848919d0720f8/element - {"using":"xpath","value":"//*[@id=\"__mbox-btn-0\"]"}
RESULT: {"using":"xpath","value":"//*[@id=\"__mbox-btn-0\"]"}
COMMAND: POST /session/2c43d02fb6ccc6d518c848919d0720f8/element/f.291337A451B92CFAEC554A5CFCD049A1.d.1433D10CBFD0E06063A7494E23488DE9.e.4230/click - {}
RESULT: {}
COMMAND: GET /session/2c43d02fb6ccc6d518c848919d0720f8/screenshot - {}
COMMAND: POST /session/2c43d02fb6ccc6d518c848919d0720f8/execute/async - {"script":"<script> [1562 bytes]","args":[{"selector":{"controlType":"sap.m.Text","viewName":"etm.portal.ui.manageresources.view.Detail","viewId":"application-manageresources-display-component---detailRU","bindingPath":{"propertyPath":"ID","modelName":"catalogModel"}},"wdio_ui5_key":"etmportal.ui.manageresources.view.Detailsap.m.Text{\"propertyPath\":\"ID\",\"modelName\":\"catalogModel\"}"}]}
RESULT: {}
RESULT: {"script":"<script> [1562 bytes]","args":[{"selector":{"controlType":"sap.m.Text","viewName":"etm.portal.ui.manageresources.view.Detail","viewId":"application-manageresources-display-component---detailRU","bindingPath":{"propertyPath":"ID","modelName":"catalogModel"}},"wdio_ui5_key":"etmportal.ui.manageresources.view.Detailsap.m.Text{\"propertyPath\":\"ID\",\"modelName\":\"catalogModel\"}"}]}
RESULT: undefined
COMMAND: POST /session/2c43d02fb6ccc6d518c848919d0720f8/execute/async - {"script":"<script> [6424 bytes]","args":[{"element-6066-11e4-a52e-4f735466cecf":"f.291337A451B92CFAEC554A5CFCD049A1.d.1433D10CBFD0E06063A7494E23488DE9.e.4300"},"getText",[]]}
RESULT: {"script":"<script> [6424 bytes]","args":[{"element-6066-11e4-a52e-4f735466cecf":"f.291337A451B92CFAEC554A5CFCD049A1.d.1433D10CBFD0E06063A7494E23488DE9.e.4300"},"getText",[]]}
COMMAND: POST /session/2c43d02fb6ccc6d518c848919d0720f8/element - {"using":"css selector","value":"#shell-header-logo"}
RESULT: {"using":"css selector","value":"#shell-header-logo"}
COMMAND: POST /session/2c43d02fb6ccc6d518c848919d0720f8/element/f.291337A451B92CFAEC554A5CFCD049A1.d.1433D10CBFD0E06063A7494E23488DE9.e.3634/click - {}
RESULT: {}
COMMAND: GET /session/2c43d02fb6ccc6d518c848919d0720f8/screenshot - {}
RESULT: {}
COMMAND: POST /session/2c43d02fb6ccc6d518c848919d0720f8/execute/async - {"script":"<script> [1562 bytes]","args":[{"selector":{"controlType":"sap.m.GenericTile","properties":{"header":"Manage Catalogs"}},"wdio_ui5_key":"sapm.GenericTile{\"header\":\"Manage Catalogs\"}"}]}
RESULT: {"script":"<script> [1562 bytes]","args":[{"selector":{"controlType":"sap.m.GenericTile","properties":{"header":"Manage Catalogs"}},"wdio_ui5_key":"sapm.GenericTile{\"header\":\"Manage Catalogs\"}"}]}
RESULT: undefined
COMMAND: POST /session/2c43d02fb6ccc6d518c848919d0720f8/element - {"using":"xpath","value":"//*[@id=\"__tile37\"]"}
RESULT: {"using":"xpath","value":"//*[@id=\"__tile37\"]"}
COMMAND: POST /session/2c43d02fb6ccc6d518c848919d0720f8/element/f.291337A451B92CFAEC554A5CFCD049A1.d.1433D10CBFD0E06063A7494E23488DE9.e.4302/click - {}
RESULT: {}
COMMAND: GET /session/2c43d02fb6ccc6d518c848919d0720f8/screenshot - {}
RESULT: {}
COMMAND: POST /session/2c43d02fb6ccc6d518c848919d0720f8/elements - {"using":"xpath","value":"//span[text()='Error']"}
RESULT: {"using":"xpath","value":"//span[text()='Error']"}
COMMAND: POST /session/2c43d02fb6ccc6d518c848919d0720f8/execute/async - {"script":"<script> [1562 bytes]","args":[{"selector":{"controlType":"sap.m.Text","viewName":"etm.portal.ui.managecatalogs.view.MasterCatalogs","viewId":"application-managecatalogs-display-component---masterCatalogs","bindingPath":{"path":"/Catalogs('0D7502D073D53A0F1700BE067B89AFF9')","propertyPath":"DESCRIPTION","modelName":"catalogModel"}},"wdio_ui5_key":"etmportal.ui.managecatalogs.view.MasterCatalogssap.m.Text{\"path\":\"/Catalogs('0D7502D073D53A0F1700BE067B89AFF9')\",\"propertyPath\":\"DESCRIPTION\",\"modelName\":\"catalogModel\"}"}]}
RESULT: {"script":"<script> [1562 bytes]","args":[{"selector":{"controlType":"sap.m.Text","viewName":"etm.portal.ui.managecatalogs.view.MasterCatalogs","viewId":"application-managecatalogs-display-component---masterCatalogs","bindingPath":{"path":"/Catalogs('0D7502D073D53A0F1700BE067B89AFF9')","propertyPath":"DESCRIPTION","modelName":"catalogModel"}},"wdio_ui5_key":"etmportal.ui.managecatalogs.view.MasterCatalogssap.m.Text{\"path\":\"/Catalogs('0D7502D073D53A0F1700BE067B89AFF9')\",\"propertyPath\":\"DESCRIPTION\",\"modelName\":\"catalogModel\"}"}]}
RESULT: undefined
COMMAND: POST /session/2c43d02fb6ccc6d518c848919d0720f8/element - {"using":"xpath","value":"//*[@id=\"__text1058-application-managecatalogs-display-component---masterCatalogs--CatalogsTable-11\"]"}
RESULT: {"using":"xpath","value":"//*[@id=\"__text1058-application-managecatalogs-display-component---masterCatalogs--CatalogsTable-11\"]"}
COMMAND: POST /session/2c43d02fb6ccc6d518c848919d0720f8/element/f.291337A451B92CFAEC554A5CFCD049A1.d.1433D10CBFD0E06063A7494E23488DE9.e.4373/click - {}
RESULT: {}
COMMAND: POST /session/2c43d02fb6ccc6d518c848919d0720f8/execute/async - {"script":"<script> [1562 bytes]","args":[{"selector":{"controlType":"sap.ui.layout.HorizontalLayout","viewName":"etm.portal.ui.managecatalogs.view.MasterItems","viewId":"application-managecatalogs-display-component---masterCatalogItems","ancestor":{"id":"application-managecatalogs-display-component---masterCatalogItems--idCatalogItemsTree-rows-row0"}},"wdio_ui5_key":"etmportal.ui.managecatalogs.view.MasterItemssap.ui.layout.HorizontalLayout{\"id\":\"application-managecatalogs-display-component---masterCatalogItems--idCatalogItemsTree-rows-row0\"}"}]}
COMMAND: GET /session/2c43d02fb6ccc6d518c848919d0720f8/screenshot - {}
RESULT: {"script":"<script> [1562 bytes]","args":[{"selector":{"controlType":"sap.ui.layout.HorizontalLayout","viewName":"etm.portal.ui.managecatalogs.view.MasterItems","viewId":"application-managecatalogs-display-component---masterCatalogItems","ancestor":{"id":"application-managecatalogs-display-component---masterCatalogItems--idCatalogItemsTree-rows-row0"}},"wdio_ui5_key":"etmportal.ui.managecatalogs.view.MasterItemssap.ui.layout.HorizontalLayout{\"id\":\"application-managecatalogs-display-component---masterCatalogItems--idCatalogItemsTree-rows-row0\"}"}]}
RESULT: undefined
COMMAND: POST /session/2c43d02fb6ccc6d518c848919d0720f8/element - {"using":"xpath","value":"//*[@id=\"__layout302-__clone2205\"]"}
RESULT: {}
RESULT: {"using":"xpath","value":"//*[@id=\"__layout302-__clone2205\"]"}
COMMAND: POST /session/2c43d02fb6ccc6d518c848919d0720f8/element/f.291337A451B92CFAEC554A5CFCD049A1.d.1433D10CBFD0E06063A7494E23488DE9.e.4407/click - {}
RESULT: {}
COMMAND: GET /session/2c43d02fb6ccc6d518c848919d0720f8/screenshot - {}
COMMAND: POST /session/2c43d02fb6ccc6d518c848919d0720f8/execute/async - {"script":"<script> [1562 bytes]","args":[{"selector":{"controlType":"sap.m.Button","viewName":"etm.portal.ui.managecatalogs.view.Detail","viewId":"application-managecatalogs-display-component---detailCatalog","i18NText":{"propertyName":"text","key":"edit"},"interaction":{"idSuffix":"BDI-content"}},"wdio_ui5_key":"etmportal.ui.managecatalogs.view.Detailsap.m.Button{\"propertyName\":\"text\",\"key\":\"edit\"}"}]}
RESULT: {}
RESULT: {"script":"<script> [1562 bytes]","args":[{"selector":{"controlType":"sap.m.Button","viewName":"etm.portal.ui.managecatalogs.view.Detail","viewId":"application-managecatalogs-display-component---detailCatalog","i18NText":{"propertyName":"text","key":"edit"},"interaction":{"idSuffix":"BDI-content"}},"wdio_ui5_key":"etmportal.ui.managecatalogs.view.Detailsap.m.Button{\"propertyName\":\"text\",\"key\":\"edit\"}"}]}
RESULT: undefined
COMMAND: POST /session/2c43d02fb6ccc6d518c848919d0720f8/element - {"using":"xpath","value":"//*[@id=\"__button134\"]"}
RESULT: {"using":"xpath","value":"//*[@id=\"__button134\"]"}
COMMAND: POST /session/2c43d02fb6ccc6d518c848919d0720f8/element/f.291337A451B92CFAEC554A5CFCD049A1.d.1433D10CBFD0E06063A7494E23488DE9.e.4522/click - {}
RESULT: {}
COMMAND: GET /session/2c43d02fb6ccc6d518c848919d0720f8/screenshot - {}
RESULT: {}
COMMAND: POST /session/2c43d02fb6ccc6d518c848919d0720f8/element - {"using":"xpath","value":"//bdi[contains(text(), \"Unlock\")]"}
RESULT: {"using":"xpath","value":"//bdi[contains(text(), \"Unlock\")]"}
COMMAND: POST /session/2c43d02fb6ccc6d518c848919d0720f8/elements - {"using":"xpath","value":"//bdi[contains(text(), \"Unlock\")]"}
RESULT: {"using":"xpath","value":"//bdi[contains(text(), \"Unlock\")]"}
COMMAND: POST /session/2c43d02fb6ccc6d518c848919d0720f8/execute/async - {"script":"<script> [1562 bytes]","args":[{"selector":{"controlType":"sap.ui.core.Icon","viewName":"etm.portal.ui.managecatalogs.view.Detail","viewId":"application-managecatalogs-display-component---detailCatalog","properties":{"src":{"regex":{"source":"add\\-folder"}}}},"wdio_ui5_key":"etmportal.ui.managecatalogs.view.Detailsap.ui.core.Icon{\"src\":{\"regex\":{\"source\":\"add\\\\-folder\"}}}"}]}
RESULT: {"script":"<script> [1562 bytes]","args":[{"selector":{"controlType":"sap.ui.core.Icon","viewName":"etm.portal.ui.managecatalogs.view.Detail","viewId":"application-managecatalogs-display-component---detailCatalog","properties":{"src":{"regex":{"source":"add\\-folder"}}}},"wdio_ui5_key":"etmportal.ui.managecatalogs.view.Detailsap.ui.core.Icon{\"src\":{\"regex\":{\"source\":\"add\\\\-folder\"}}}"}]}
RESULT: undefined
COMMAND: POST /session/2c43d02fb6ccc6d518c848919d0720f8/element - {"using":"xpath","value":"//*[@id=\"__button142-img\"]"}
RESULT: {"using":"xpath","value":"//*[@id=\"__button142-img\"]"}
COMMAND: POST /session/2c43d02fb6ccc6d518c848919d0720f8/element/f.291337A451B92CFAEC554A5CFCD049A1.d.1433D10CBFD0E06063A7494E23488DE9.e.4532/click - {}
RESULT: {}
COMMAND: GET /session/2c43d02fb6ccc6d518c848919d0720f8/screenshot - {}
RESULT: {}
COMMAND: POST /session/2c43d02fb6ccc6d518c848919d0720f8/execute/async - {"script":"<script> [1562 bytes]","args":[{"selector":{"id":"application-managecatalogs-display-component---detailCatalog--numberInput","searchOpenDialogs":true,"interaction":{"idSuffix":"inner"}},"wdio_ui5_key":"applicationmanagecatalogs-display-component---detailCatalog--numberInput"}]}
RESULT: {"script":"<script> [1562 bytes]","args":[{"selector":{"id":"application-managecatalogs-display-component---detailCatalog--numberInput","searchOpenDialogs":true,"interaction":{"idSuffix":"inner"}},"wdio_ui5_key":"applicationmanagecatalogs-display-component---detailCatalog--numberInput"}]}
RESULT: undefined
COMMAND: POST /session/2c43d02fb6ccc6d518c848919d0720f8/execute/async - {"script":"<script> [776 bytes]","args":[{"enterText":"Section7vm7n","selector":{"id":"application-managecatalogs-display-component---detailCatalog--numberInput","searchOpenDialogs":true,"interaction":{"idSuffix":"inner"}},"clearTextFirst":true,"interactionType":"ENTER_TEXT"}]}
RESULT: {"script":"<script> [776 bytes]","args":[{"enterText":"Section7vm7n","selector":{"id":"application-managecatalogs-display-component---detailCatalog--numberInput","searchOpenDialogs":true,"interaction":{"idSuffix":"inner"}},"clearTextFirst":true,"interactionType":"ENTER_TEXT"}]}
COMMAND: POST /session/2c43d02fb6ccc6d518c848919d0720f8/element - {"using":"css selector","value":"#application-managecatalogs-display-component---detailCatalog--nameInput-inner"}
RESULT: {"using":"css selector","value":"#application-managecatalogs-display-component---detailCatalog--nameInput-inner"}
COMMAND: POST /session/2c43d02fb6ccc6d518c848919d0720f8/elements - {"using":"css selector","value":"#application-managecatalogs-display-component---detailCatalog--nameInput-inner"}
RESULT: {"using":"css selector","value":"#application-managecatalogs-display-component---detailCatalog--nameInput-inner"}
COMMAND: POST /session/2c43d02fb6ccc6d518c848919d0720f8/element/f.291337A451B92CFAEC554A5CFCD049A1.d.1433D10CBFD0E06063A7494E23488DE9.e.4535/clear - {}
RESULT: {}
COMMAND: POST /session/2c43d02fb6ccc6d518c848919d0720f8/element/f.291337A451B92CFAEC554A5CFCD049A1.d.1433D10CBFD0E06063A7494E23488DE9.e.4535/value - {"text":"Webdriverlxsce"}
COMMAND: GET /session/2c43d02fb6ccc6d518c848919d0720f8/screenshot - {}
RESULT: {"text":"Webdriverlxsce"}
COMMAND: POST /session/2c43d02fb6ccc6d518c848919d0720f8/execute/async - {"script":"<script> [1562 bytes]","args":[{"selector":{"controlType":"sap.m.Button","viewName":"etm.portal.ui.managecatalogs.view.Detail","viewId":"application-managecatalogs-display-component---detailCatalog","i18NText":{"propertyName":"text","key":"create"},"searchOpenDialogs":true,"interaction":{"idSuffix":"BDI-content"}},"wdio_ui5_key":"etmportal.ui.managecatalogs.view.Detailsap.m.Button{\"propertyName\":\"text\",\"key\":\"create\"}"}]}
COMMAND: GET /session/2c43d02fb6ccc6d518c848919d0720f8/screenshot - {}
RESULT: {}
RESULT: {"script":"<script> [1562 bytes]","args":[{"selector":{"controlType":"sap.m.Button","viewName":"etm.portal.ui.managecatalogs.view.Detail","viewId":"application-managecatalogs-display-component---detailCatalog","i18NText":{"propertyName":"text","key":"create"},"searchOpenDialogs":true,"interaction":{"idSuffix":"BDI-content"}},"wdio_ui5_key":"etmportal.ui.managecatalogs.view.Detailsap.m.Button{\"propertyName\":\"text\",\"key\":\"create\"}"}]}
RESULT: undefined
COMMAND: POST /session/2c43d02fb6ccc6d518c848919d0720f8/element - {"using":"xpath","value":"//*[@id=\"__button112\"]"}
RESULT: {}
RESULT: {"using":"xpath","value":"//*[@id=\"__button112\"]"}
COMMAND: POST /session/2c43d02fb6ccc6d518c848919d0720f8/element/f.291337A451B92CFAEC554A5CFCD049A1.d.1433D10CBFD0E06063A7494E23488DE9.e.4540/click - {}
RESULT: {}
COMMAND: GET /session/2c43d02fb6ccc6d518c848919d0720f8/screenshot - {}
RESULT: {}
COMMAND: POST /session/2c43d02fb6ccc6d518c848919d0720f8/element - {"using":"xpath","value":"//button[@title=\"Save\"]"}
RESULT: {"using":"xpath","value":"//button[@title=\"Save\"]"}
COMMAND: POST /session/2c43d02fb6ccc6d518c848919d0720f8/element/f.291337A451B92CFAEC554A5CFCD049A1.d.1433D10CBFD0E06063A7494E23488DE9.e.4541/click - {}
RESULT: {}
COMMAND: POST /session/2c43d02fb6ccc6d518c848919d0720f8/execute/async - {"script":"<script> [1562 bytes]","args":[{"selector":{"controlType":"sap.ui.core.Icon","viewName":"etm.portal.ui.managecatalogs.view.Detail","viewId":"application-managecatalogs-display-component---detailCatalog","properties":{"src":{"regex":{"source":"decline"}}}},"wdio_ui5_key":"etmportal.ui.managecatalogs.view.Detailsap.ui.core.Icon{\"src\":{\"regex\":{\"source\":\"decline\"}}}"}]}
COMMAND: GET /session/2c43d02fb6ccc6d518c848919d0720f8/screenshot - {}
RESULT: {"script":"<script> [1562 bytes]","args":[{"selector":{"controlType":"sap.ui.core.Icon","viewName":"etm.portal.ui.managecatalogs.view.Detail","viewId":"application-managecatalogs-display-component---detailCatalog","properties":{"src":{"regex":{"source":"decline"}}}},"wdio_ui5_key":"etmportal.ui.managecatalogs.view.Detailsap.ui.core.Icon{\"src\":{\"regex\":{\"source\":\"decline\"}}}"}]}
RESULT: undefined
COMMAND: POST /session/2c43d02fb6ccc6d518c848919d0720f8/element - {"using":"xpath","value":"//*[@id=\"__button137-img\"]"}
RESULT: {}
RESULT: {"using":"xpath","value":"//*[@id=\"__button137-img\"]"}
COMMAND: POST /session/2c43d02fb6ccc6d518c848919d0720f8/element/f.291337A451B92CFAEC554A5CFCD049A1.d.1433D10CBFD0E06063A7494E23488DE9.e.4547/click - {}
RESULT: {}
COMMAND: GET /session/2c43d02fb6ccc6d518c848919d0720f8/screenshot - {}
RESULT: {}
COMMAND: POST /session/2c43d02fb6ccc6d518c848919d0720f8/execute/async - {"script":"<script> [1562 bytes]","args":[{"selector":{"controlType":"sap.ui.core.Icon","viewName":"etm.portal.ui.managecatalogs.view.MasterItems","viewId":"application-managecatalogs-display-component---masterCatalogItems","properties":{"src":{"regex":{"source":"refresh"}}}},"wdio_ui5_key":"etmportal.ui.managecatalogs.view.MasterItemssap.ui.core.Icon{\"src\":{\"regex\":{\"source\":\"refresh\"}}}"}]}
RESULT: {"script":"<script> [1562 bytes]","args":[{"selector":{"controlType":"sap.ui.core.Icon","viewName":"etm.portal.ui.managecatalogs.view.MasterItems","viewId":"application-managecatalogs-display-component---masterCatalogItems","properties":{"src":{"regex":{"source":"refresh"}}}},"wdio_ui5_key":"etmportal.ui.managecatalogs.view.MasterItemssap.ui.core.Icon{\"src\":{\"regex\":{\"source\":\"refresh\"}}}"}]}
RESULT: undefined
COMMAND: POST /session/2c43d02fb6ccc6d518c848919d0720f8/element - {"using":"xpath","value":"//*[@id=\"__button110-img\"]"}
RESULT: {"using":"xpath","value":"//*[@id=\"__button110-img\"]"}
COMMAND: POST /session/2c43d02fb6ccc6d518c848919d0720f8/element/f.291337A451B92CFAEC554A5CFCD049A1.d.1433D10CBFD0E06063A7494E23488DE9.e.4583/click - {}
RESULT: {}
COMMAND: POST /session/2c43d02fb6ccc6d518c848919d0720f8/execute/async - {"script":"<script> [1562 bytes]","args":[{"selector":{"id":"application-managecatalogs-display-component---masterCatalogItems--searchItemsField","interaction":{"idSuffix":"I"}},"wdio_ui5_key":"applicationmanagecatalogs-display-component---masterCatalogItems--searchItemsField"}]}
COMMAND: GET /session/2c43d02fb6ccc6d518c848919d0720f8/screenshot - {}
RESULT: {"script":"<script> [1562 bytes]","args":[{"selector":{"id":"application-managecatalogs-display-component---masterCatalogItems--searchItemsField","interaction":{"idSuffix":"I"}},"wdio_ui5_key":"applicationmanagecatalogs-display-component---masterCatalogItems--searchItemsField"}]}
RESULT: undefined
COMMAND: POST /session/2c43d02fb6ccc6d518c848919d0720f8/execute/async - {"script":"<script> [776 bytes]","args":[{"enterText":"Webdriverlxsce","selector":{"id":"application-managecatalogs-display-component---masterCatalogItems--searchItemsField","interaction":{"idSuffix":"I"}},"clearTextFirst":true,"interactionType":"ENTER_TEXT"}]}
RESULT: {}
RESULT: {"script":"<script> [776 bytes]","args":[{"enterText":"Webdriverlxsce","selector":{"id":"application-managecatalogs-display-component---masterCatalogItems--searchItemsField","interaction":{"idSuffix":"I"}},"clearTextFirst":true,"interactionType":"ENTER_TEXT"}]}
COMMAND: POST /session/2c43d02fb6ccc6d518c848919d0720f8/actions - {"actions":[{"id":"action10","type":"key","parameters":{},"actions":[{"type":"keyDown","value":""},{"type":"pause","duration":10},{"type":"keyUp","value":""}]}]}
RESULT: {"actions":[{"id":"action10","type":"key","parameters":{},"actions":[{"type":"keyDown","value":""},{"type":"pause","duration":10},{"type":"keyUp","value":""}]}]}
COMMAND: POST /session/2c43d02fb6ccc6d518c848919d0720f8/element - {"using":"xpath","value":"(//span[contains(text(), \"Webdriverlxsce\")])[1]"}
COMMAND: GET /session/2c43d02fb6ccc6d518c848919d0720f8/screenshot - {}
RESULT: {"using":"xpath","value":"(//span[contains(text(), \"Webdriverlxsce\")])[1]"}
COMMAND: POST /session/2c43d02fb6ccc6d518c848919d0720f8/element/f.291337A451B92CFAEC554A5CFCD049A1.d.1433D10CBFD0E06063A7494E23488DE9.e.4586/click - {}
RESULT: {}
RESULT: {}
COMMAND: GET /session/2c43d02fb6ccc6d518c848919d0720f8/screenshot - {}
RESULT: {}
RESULT: undefined
COMMAND: POST /session/2c43d02fb6ccc6d518c848919d0720f8/element - {"using":"xpath","value":"//*[@id=\"__button134\"]"}
RESULT: {"using":"xpath","value":"//*[@id=\"__button134\"]"}
COMMAND: POST /session/2c43d02fb6ccc6d518c848919d0720f8/element/f.291337A451B92CFAEC554A5CFCD049A1.d.1433D10CBFD0E06063A7494E23488DE9.e.4623/click - {}
RESULT: {}
COMMAND: GET /session/2c43d02fb6ccc6d518c848919d0720f8/screenshot - {}
RESULT: {}
RESULT: undefined
COMMAND: POST /session/2c43d02fb6ccc6d518c848919d0720f8/element - {"using":"xpath","value":"//*[@id=\"__button142-img\"]"}
RESULT: {"using":"xpath","value":"//*[@id=\"__button142-img\"]"}
COMMAND: POST /session/2c43d02fb6ccc6d518c848919d0720f8/element/f.291337A451B92CFAEC554A5CFCD049A1.d.1433D10CBFD0E06063A7494E23488DE9.e.4672/click - {}
RESULT: {}
COMMAND: GET /session/2c43d02fb6ccc6d518c848919d0720f8/screenshot - {}
RESULT: {}
RESULT: undefined
COMMAND: POST /session/2c43d02fb6ccc6d518c848919d0720f8/execute/async - {"script":"<script> [776 bytes]","args":[{"enterText":"SecondSection82iug","selector":{"id":"application-managecatalogs-display-component---detailCatalog--numberInput","searchOpenDialogs":true,"interaction":{"idSuffix":"inner"}},"clearTextFirst":true,"interactionType":"ENTER_TEXT"}]}
RESULT: {"script":"<script> [776 bytes]","args":[{"enterText":"SecondSection82iug","selector":{"id":"application-managecatalogs-display-component---detailCatalog--numberInput","searchOpenDialogs":true,"interaction":{"idSuffix":"inner"}},"clearTextFirst":true,"interactionType":"ENTER_TEXT"}]}
COMMAND: POST /session/2c43d02fb6ccc6d518c848919d0720f8/element - {"using":"xpath","value":"//input[contains(@id ,\"application-managecatalogs-display-component---detailCatalog--nameInput-inner\")]"}
RESULT: {"using":"xpath","value":"//input[contains(@id ,\"application-managecatalogs-display-component---detailCatalog--nameInput-inner\")]"}
COMMAND: POST /session/2c43d02fb6ccc6d518c848919d0720f8/elements - {"using":"xpath","value":"//input[contains(@id ,\"application-managecatalogs-display-component---detailCatalog--nameInput-inner\")]"}
RESULT: {"using":"xpath","value":"//input[contains(@id ,\"application-managecatalogs-display-component---detailCatalog--nameInput-inner\")]"}
COMMAND: POST /session/2c43d02fb6ccc6d518c848919d0720f8/element/f.291337A451B92CFAEC554A5CFCD049A1.d.1433D10CBFD0E06063A7494E23488DE9.e.4675/clear - {}
RESULT: {}
COMMAND: POST /session/2c43d02fb6ccc6d518c848919d0720f8/element/f.291337A451B92CFAEC554A5CFCD049A1.d.1433D10CBFD0E06063A7494E23488DE9.e.4675/value - {"text":"webdriversecondyj0a"}
COMMAND: GET /session/2c43d02fb6ccc6d518c848919d0720f8/screenshot - {}
RESULT: {"text":"webdriversecondyj0a"}
RESULT: undefined
COMMAND: POST /session/2c43d02fb6ccc6d518c848919d0720f8/element - {"using":"xpath","value":"//*[@id=\"__button112\"]"}
COMMAND: GET /session/2c43d02fb6ccc6d518c848919d0720f8/screenshot - {}
RESULT: {}
RESULT: {"using":"xpath","value":"//*[@id=\"__button112\"]"}
COMMAND: POST /session/2c43d02fb6ccc6d518c848919d0720f8/element/f.291337A451B92CFAEC554A5CFCD049A1.d.1433D10CBFD0E06063A7494E23488DE9.e.4679/click - {}
RESULT: {}
RESULT: {}
COMMAND: GET /session/2c43d02fb6ccc6d518c848919d0720f8/screenshot - {}
RESULT: {}
COMMAND: POST /session/2c43d02fb6ccc6d518c848919d0720f8/element - {"using":"xpath","value":"//button[@title=\"Save\"]"}
RESULT: {"using":"xpath","value":"//button[@title=\"Save\"]"}
COMMAND: POST /session/2c43d02fb6ccc6d518c848919d0720f8/element/f.291337A451B92CFAEC554A5CFCD049A1.d.1433D10CBFD0E06063A7494E23488DE9.e.4657/click - {}
RESULT: {}
COMMAND: GET /session/2c43d02fb6ccc6d518c848919d0720f8/screenshot - {}
RESULT: {}
RESULT: undefined
COMMAND: POST /session/2c43d02fb6ccc6d518c848919d0720f8/element - {"using":"xpath","value":"//*[@id=\"__button137-img\"]"}
RESULT: {"using":"xpath","value":"//*[@id=\"__button137-img\"]"}
COMMAND: POST /session/2c43d02fb6ccc6d518c848919d0720f8/element/f.291337A451B92CFAEC554A5CFCD049A1.d.1433D10CBFD0E06063A7494E23488DE9.e.4630/click - {}
RESULT: {}
COMMAND: GET /session/2c43d02fb6ccc6d518c848919d0720f8/screenshot - {}
RESULT: {}
RESULT: undefined
COMMAND: POST /session/2c43d02fb6ccc6d518c848919d0720f8/element - {"using":"xpath","value":"//*[@id=\"__button110-img\"]"}
RESULT: {"using":"xpath","value":"//*[@id=\"__button110-img\"]"}
COMMAND: POST /session/2c43d02fb6ccc6d518c848919d0720f8/element/f.291337A451B92CFAEC554A5CFCD049A1.d.1433D10CBFD0E06063A7494E23488DE9.e.4718/click - {}
RESULT: {}
COMMAND: GET /session/2c43d02fb6ccc6d518c848919d0720f8/screenshot - {}
RESULT: {}
RESULT: undefined
COMMAND: POST /session/2c43d02fb6ccc6d518c848919d0720f8/execute/async - {"script":"<script> [776 bytes]","args":[{"enterText":"SecondSection82iug","selector":{"id":"application-managecatalogs-display-component---masterCatalogItems--searchItemsField","interaction":{"idSuffix":"I"}},"clearTextFirst":true,"interactionType":"ENTER_TEXT"}]}
RESULT: {"script":"<script> [776 bytes]","args":[{"enterText":"SecondSection82iug","selector":{"id":"application-managecatalogs-display-component---masterCatalogItems--searchItemsField","interaction":{"idSuffix":"I"}},"clearTextFirst":true,"interactionType":"ENTER_TEXT"}]}
COMMAND: POST /session/2c43d02fb6ccc6d518c848919d0720f8/actions - {"actions":[{"id":"action11","type":"key","parameters":{},"actions":[{"type":"keyDown","value":""},{"type":"pause","duration":10},{"type":"keyUp","value":""}]}]}
RESULT: {"actions":[{"id":"action11","type":"key","parameters":{},"actions":[{"type":"keyDown","value":""},{"type":"pause","duration":10},{"type":"keyUp","value":""}]}]}
COMMAND: POST /session/2c43d02fb6ccc6d518c848919d0720f8/element - {"using":"xpath","value":"(//span[contains(text(), \"SecondSection82iug\")])[1]"}
COMMAND: GET /session/2c43d02fb6ccc6d518c848919d0720f8/screenshot - {}
RESULT: {"using":"xpath","value":"(//span[contains(text(), \"SecondSection82iug\")])[1]"}
COMMAND: POST /session/2c43d02fb6ccc6d518c848919d0720f8/element/f.291337A451B92CFAEC554A5CFCD049A1.d.1433D10CBFD0E06063A7494E23488DE9.e.4721/click - {}
RESULT: {}
RESULT: {}
COMMAND: POST /session/2c43d02fb6ccc6d518c848919d0720f8/element - {"using":"xpath","value":"(//span[contains(text(), \"SecondSection82iug\")])[1]"}
COMMAND: GET /session/2c43d02fb6ccc6d518c848919d0720f8/screenshot - {}
RESULT: {"using":"xpath","value":"(//span[contains(text(), \"SecondSection82iug\")])[1]"}
COMMAND: GET /session/2c43d02fb6ccc6d518c848919d0720f8/element/f.291337A451B92CFAEC554A5CFCD049A1.d.1433D10CBFD0E06063A7494E23488DE9.e.4721/text - {}
RESULT: {}
COMMAND: POST /session/2c43d02fb6ccc6d518c848919d0720f8/element - {"using":"xpath","value":"(//span[contains(text(), \"SecondSection82iug\")])[1]"}
RESULT: {"using":"xpath","value":"(//span[contains(text(), \"SecondSection82iug\")])[1]"}
COMMAND: GET /session/2c43d02fb6ccc6d518c848919d0720f8/element/f.291337A451B92CFAEC554A5CFCD049A1.d.1433D10CBFD0E06063A7494E23488DE9.e.4721/text - {}
COMMAND: POST /session/2c43d02fb6ccc6d518c848919d0720f8/element - {"using":"xpath","value":"(//span[contains(text(), \"SecondSection82iug\")])[1]"}
RESULT: {"using":"xpath","value":"(//span[contains(text(), \"SecondSection82iug\")])[1]"}
COMMAND: GET /session/2c43d02fb6ccc6d518c848919d0720f8/element/f.291337A451B92CFAEC554A5CFCD049A1.d.1433D10CBFD0E06063A7494E23488DE9.e.4773/text - {}
RESULT: {}
COMMAND: POST /session/2c43d02fb6ccc6d518c848919d0720f8/refresh - {}
RESULT: {}
COMMAND: GET /session/2c43d02fb6ccc6d518c848919d0720f8/screenshot - {}
RESULT: {}
COMMAND: POST /session/2c43d02fb6ccc6d518c848919d0720f8/execute/async - {"script":"<script> [189 bytes]","args":[]}
RESULT: {"script":"<script> [189 bytes]","args":[]}
COMMAND: POST /session/2c43d02fb6ccc6d518c848919d0720f8/execute/async - {"script":"<script> [123 bytes]","args":[]}
RESULT: {"script":"<script> [123 bytes]","args":[]}
COMMAND: POST /session/2c43d02fb6ccc6d518c848919d0720f8/timeouts - {"script":"<number>"}
RESULT: {"script":"<number>"}
COMMAND: GET /session/2c43d02fb6ccc6d518c848919d0720f8/timeouts - {}
RESULT: {}
RESULT: undefined
COMMAND: POST /session/2c43d02fb6ccc6d518c848919d0720f8/execute/async - {"script":"<script> [2676 bytes]","args":[]}
RESULT: {"script":"<script> [2676 bytes]","args":[]}
COMMAND: POST /session/2c43d02fb6ccc6d518c848919d0720f8/execute/async - {"script":"<script> [2342 bytes]","args":[{"protocol":"http","hostname":"0.0.0.0","path":"/","capabilities":{"browserName":"chrome","goog:chromeOptions":{"binary":"C:\\Program Files\\Google\\Chrome\\Application\\chrome.exe","args":["--start-maximized"]}},"logLevel":"warn","connectionRetryTimeout":120000,"connectionRetryCount":3,"logLevels":{},"enableDirectConnect":true,"strictSSL":true,"_":"65 more keys: [\"cacheDir\",\"port\",\"requestedCapabilities\",\"automationProtocol\",\"baseUrl\",\"waitforInterval\",\"waitforTimeout\",\"onReload\",\"beforeCommand\",\"afterCommand\",\"rootDir\",\"specs\",\"suites\",\"exclude\",\"groupLogsByTestSpec\",\"excludeDriverLogs\",\"bail\",\"framework\",\"reporters\",\"services\",\"maxInstances\",\"maxInstancesPerCapability\",\"injectGlobals\",\"filesToWatch\",\"execArgv\",\"runnerEnv\",\"runner\",\"shard\",\"specFileRetries\",\"specFileRetriesDelay\",\"specFileRetriesDeferred\",\"reporterSyncInterval\",\"reporterSyncTimeout\",\"cucumberFeaturesWithLineNumbers\",\"autoCompileOpts\",\"mochaOpts\",\"jasmineOpts\",\"cucumberOpts\",\"onPrepare\",\"onWorkerStart\",\"onWorkerEnd\",\"before\",\"beforeSession\",\"beforeSuite\",\"beforeHook\",\"beforeTest\",\"afterTest\",\"afterHook\",\"afterSuite\",\"afterSession\",\"after\",\"onComplete\",\"beforeAssertion\",\"afterAssertion\",\"beforeFeature\",\"beforeScenario\",\"beforeStep\",\"afterStep\",\"afterScenario\",\"afterFeature\",\"_\",\"suite\",\"$0\",\"ignoredWorkerServices\",\"wdi5\"]"}]}
RESULT: {"script":"<script> [2342 bytes]","args":[{"protocol":"http","hostname":"0.0.0.0","path":"/","capabilities":{"browserName":"chrome","goog:chromeOptions":{"binary":"C:\\Program Files\\Google\\Chrome\\Application\\chrome.exe","args":["--start-maximized"]}},"logLevel":"warn","connectionRetryTimeout":120000,"connectionRetryCount":3,"logLevels":{},"enableDirectConnect":true,"strictSSL":true,"_":"65 more keys: [\"cacheDir\",\"port\",\"requestedCapabilities\",\"automationProtocol\",\"baseUrl\",\"waitforInterval\",\"waitforTimeout\",\"onReload\",\"beforeCommand\",\"afterCommand\",\"rootDir\",\"specs\",\"suites\",\"exclude\",\"groupLogsByTestSpec\",\"excludeDriverLogs\",\"bail\",\"framework\",\"reporters\",\"services\",\"maxInstances\",\"maxInstancesPerCapability\",\"injectGlobals\",\"filesToWatch\",\"execArgv\",\"runnerEnv\",\"runner\",\"shard\",\"specFileRetries\",\"specFileRetriesDelay\",\"specFileRetriesDeferred\",\"reporterSyncInterval\",\"reporterSyncTimeout\",\"cucumberFeaturesWithLineNumbers\",\"autoCompileOpts\",\"mochaOpts\",\"jasmineOpts\",\"cucumberOpts\",\"onPrepare\",\"onWorkerStart\",\"onWorkerEnd\",\"before\",\"beforeSession\",\"beforeSuite\",\"beforeHook\",\"beforeTest\",\"afterTest\",\"afterHook\",\"afterSuite\",\"afterSession\",\"after\",\"onComplete\",\"beforeAssertion\",\"afterAssertion\",\"beforeFeature\",\"beforeScenario\",\"beforeStep\",\"afterStep\",\"afterScenario\",\"afterFeature\",\"_\",\"suite\",\"$0\",\"ignoredWorkerServices\",\"wdi5\"]"}]}
COMMAND: POST /session/2c43d02fb6ccc6d518c848919d0720f8/execute/async - {"script":"<script> [21126 bytes]","args":[35000]}
RESULT: {"script":"<script> [21126 bytes]","args":[35000]}
COMMAND: POST /session/2c43d02fb6ccc6d518c848919d0720f8/execute/async - {"script":"<script> [1562 bytes]","args":[{"selector":{"controlType":"sap.m.Button","viewName":"etm.portal.ui.managecatalogs.view.Detail","viewId":"application-managecatalogs-display-component---detailCatalog","i18NText":{"propertyName":"text","key":"edit"},"interaction":{"idSuffix":"BDI-content"}},"wdio_ui5_key":"etmportal.ui.managecatalogs.view.Detailsap.m.Button{\"propertyName\":\"text\",\"key\":\"edit\"}"}]}
RESULT: {"script":"<script> [1562 bytes]","args":[{"selector":{"controlType":"sap.m.Button","viewName":"etm.portal.ui.managecatalogs.view.Detail","viewId":"application-managecatalogs-display-component---detailCatalog","i18NText":{"propertyName":"text","key":"edit"},"interaction":{"idSuffix":"BDI-content"}},"wdio_ui5_key":"etmportal.ui.managecatalogs.view.Detailsap.m.Button{\"propertyName\":\"text\",\"key\":\"edit\"}"}]}
RESULT: undefined
COMMAND: POST /session/2c43d02fb6ccc6d518c848919d0720f8/element - {"using":"xpath","value":"//*[@id=\"__button25\"]"}
RESULT: {"using":"xpath","value":"//*[@id=\"__button25\"]"}
COMMAND: POST /session/2c43d02fb6ccc6d518c848919d0720f8/element/f.291337A451B92CFAEC554A5CFCD049A1.d.6FE837FAB00023DE448F6BFCB789FFA9.e.4828/click - {}
RESULT: {}
COMMAND: GET /session/2c43d02fb6ccc6d518c848919d0720f8/screenshot - {}
RESULT: {}
COMMAND: POST /session/2c43d02fb6ccc6d518c848919d0720f8/element - {"using":"xpath","value":"//button[contains(@title ,\"Create Catalog Item\")]"}
RESULT: {"using":"xpath","value":"//button[contains(@title ,\"Create Catalog Item\")]"}
COMMAND: POST /session/2c43d02fb6ccc6d518c848919d0720f8/element/f.291337A451B92CFAEC554A5CFCD049A1.d.6FE837FAB00023DE448F6BFCB789FFA9.e.4837/click - {}
RESULT: {}
COMMAND: POST /session/2c43d02fb6ccc6d518c848919d0720f8/execute/async - {"script":"<script> [1562 bytes]","args":[{"selector":{"id":"application-managecatalogs-display-component---detailCatalog--newItemNumberInput","searchOpenDialogs":true,"interaction":{"idSuffix":"inner"}},"wdio_ui5_key":"applicationmanagecatalogs-display-component---detailCatalog--newItemNumberInput"}]}
COMMAND: GET /session/2c43d02fb6ccc6d518c848919d0720f8/screenshot - {}
RESULT: {"script":"<script> [1562 bytes]","args":[{"selector":{"id":"application-managecatalogs-display-component---detailCatalog--newItemNumberInput","searchOpenDialogs":true,"interaction":{"idSuffix":"inner"}},"wdio_ui5_key":"applicationmanagecatalogs-display-component---detailCatalog--newItemNumberInput"}]}
RESULT: undefined
COMMAND: POST /session/2c43d02fb6ccc6d518c848919d0720f8/execute/async - {"script":"<script> [776 bytes]","args":[{"enterText":"catalogItem7x5d3","selector":{"id":"application-managecatalogs-display-component---detailCatalog--newItemNumberInput","searchOpenDialogs":true,"interaction":{"idSuffix":"inner"}},"clearTextFirst":true,"interactionType":"ENTER_TEXT"}]}
RESULT: {}
RESULT: {"script":"<script> [776 bytes]","args":[{"enterText":"catalogItem7x5d3","selector":{"id":"application-managecatalogs-display-component---detailCatalog--newItemNumberInput","searchOpenDialogs":true,"interaction":{"idSuffix":"inner"}},"clearTextFirst":true,"interactionType":"ENTER_TEXT"}]}
COMMAND: POST /session/2c43d02fb6ccc6d518c848919d0720f8/execute/async - {"script":"<script> [1562 bytes]","args":[{"selector":{"controlType":"sap.m.Input","viewName":"etm.portal.ui.managecatalogs.view.Detail","viewId":"application-managecatalogs-display-component---detailCatalog","bindingPath":{"path":"","propertyPath":"/DESCRIPTION"},"searchOpenDialogs":true,"interaction":{"idSuffix":"inner"}},"wdio_ui5_key":"etmportal.ui.managecatalogs.view.Detailsap.m.Input{\"path\":\"\",\"propertyPath\":\"/DESCRIPTION\"}"}]}
RESULT: {"script":"<script> [1562 bytes]","args":[{"selector":{"controlType":"sap.m.Input","viewName":"etm.portal.ui.managecatalogs.view.Detail","viewId":"application-managecatalogs-display-component---detailCatalog","bindingPath":{"path":"","propertyPath":"/DESCRIPTION"},"searchOpenDialogs":true,"interaction":{"idSuffix":"inner"}},"wdio_ui5_key":"etmportal.ui.managecatalogs.view.Detailsap.m.Input{\"path\":\"\",\"propertyPath\":\"/DESCRIPTION\"}"}]}
RESULT: undefined
COMMAND: POST /session/2c43d02fb6ccc6d518c848919d0720f8/execute/async - {"script":"<script> [776 bytes]","args":[{"enterText":"catalogItemNameyaxzi","selector":{"controlType":"sap.m.Input","viewName":"etm.portal.ui.managecatalogs.view.Detail","viewId":"application-managecatalogs-display-component---detailCatalog","bindingPath":{"path":"","propertyPath":"/DESCRIPTION"},"searchOpenDialogs":true,"interaction":{"idSuffix":"inner"}},"clearTextFirst":true,"interactionType":"ENTER_TEXT"}]}
RESULT: {"script":"<script> [776 bytes]","args":[{"enterText":"catalogItemNameyaxzi","selector":{"controlType":"sap.m.Input","viewName":"etm.portal.ui.managecatalogs.view.Detail","viewId":"application-managecatalogs-display-component---detailCatalog","bindingPath":{"path":"","propertyPath":"/DESCRIPTION"},"searchOpenDialogs":true,"interaction":{"idSuffix":"inner"}},"clearTextFirst":true,"interactionType":"ENTER_TEXT"}]}
COMMAND: POST /session/2c43d02fb6ccc6d518c848919d0720f8/actions - {"actions":[{"id":"action12","type":"key","parameters":{},"actions":[{"type":"keyDown","value":""},{"type":"pause","duration":10},{"type":"keyUp","value":""}]}]}
RESULT: {"actions":[{"id":"action12","type":"key","parameters":{},"actions":[{"type":"keyDown","value":""},{"type":"pause","duration":10},{"type":"keyUp","value":""}]}]}
COMMAND: GET /session/2c43d02fb6ccc6d518c848919d0720f8/screenshot - {}
RESULT: {}
COMMAND: POST /session/2c43d02fb6ccc6d518c848919d0720f8/actions - {"actions":[{"id":"action13","type":"key","parameters":{},"actions":[{"type":"keyDown","value":""},{"type":"pause","duration":10},{"type":"keyUp","value":""}]}]}
RESULT: {"actions":[{"id":"action13","type":"key","parameters":{},"actions":[{"type":"keyDown","value":""},{"type":"pause","duration":10},{"type":"keyUp","value":""}]}]}
COMMAND: GET /session/2c43d02fb6ccc6d518c848919d0720f8/screenshot - {}
RESULT: {}
COMMAND: POST /session/2c43d02fb6ccc6d518c848919d0720f8/element - {"using":"xpath","value":"//button[@title=\"Save\"]"}
RESULT: {"using":"xpath","value":"//button[@title=\"Save\"]"}
COMMAND: POST /session/2c43d02fb6ccc6d518c848919d0720f8/element/f.291337A451B92CFAEC554A5CFCD049A1.d.6FE837FAB00023DE448F6BFCB789FFA9.e.4845/click - {}
RESULT: {}
COMMAND: GET /session/2c43d02fb6ccc6d518c848919d0720f8/screenshot - {}
RESULT: {}
COMMAND: POST /session/2c43d02fb6ccc6d518c848919d0720f8/execute/async - {"script":"<script> [1562 bytes]","args":[{"selector":{"controlType":"sap.ui.core.Icon","viewName":"etm.portal.ui.managecatalogs.view.Detail","viewId":"application-managecatalogs-display-component---detailCatalog","properties":{"src":{"regex":{"source":"decline"}}}},"wdio_ui5_key":"etmportal.ui.managecatalogs.view.Detailsap.ui.core.Icon{\"src\":{\"regex\":{\"source\":\"decline\"}}}"}]}
RESULT: {"script":"<script> [1562 bytes]","args":[{"selector":{"controlType":"sap.ui.core.Icon","viewName":"etm.portal.ui.managecatalogs.view.Detail","viewId":"application-managecatalogs-display-component---detailCatalog","properties":{"src":{"regex":{"source":"decline"}}}},"wdio_ui5_key":"etmportal.ui.managecatalogs.view.Detailsap.ui.core.Icon{\"src\":{\"regex\":{\"source\":\"decline\"}}}"}]}
RESULT: undefined
COMMAND: POST /session/2c43d02fb6ccc6d518c848919d0720f8/element - {"using":"xpath","value":"//*[@id=\"__button28-img\"]"}
RESULT: {"using":"xpath","value":"//*[@id=\"__button28-img\"]"}
COMMAND: POST /session/2c43d02fb6ccc6d518c848919d0720f8/element/f.291337A451B92CFAEC554A5CFCD049A1.d.6FE837FAB00023DE448F6BFCB789FFA9.e.4850/click - {}
RESULT: {}
COMMAND: GET /session/2c43d02fb6ccc6d518c848919d0720f8/screenshot - {}
RESULT: {}
COMMAND: POST /session/2c43d02fb6ccc6d518c848919d0720f8/execute/async - {"script":"<script> [1562 bytes]","args":[{"selector":{"controlType":"sap.ui.core.Icon","viewName":"etm.portal.ui.managecatalogs.view.MasterItems","viewId":"application-managecatalogs-display-component---masterCatalogItems","properties":{"src":{"regex":{"source":"refresh"}}}},"wdio_ui5_key":"etmportal.ui.managecatalogs.view.MasterItemssap.ui.core.Icon{\"src\":{\"regex\":{\"source\":\"refresh\"}}}"}]}
RESULT: {"script":"<script> [1562 bytes]","args":[{"selector":{"controlType":"sap.ui.core.Icon","viewName":"etm.portal.ui.managecatalogs.view.MasterItems","viewId":"application-managecatalogs-display-component---masterCatalogItems","properties":{"src":{"regex":{"source":"refresh"}}}},"wdio_ui5_key":"etmportal.ui.managecatalogs.view.MasterItemssap.ui.core.Icon{\"src\":{\"regex\":{\"source\":\"refresh\"}}}"}]}
RESULT: undefined
COMMAND: POST /session/2c43d02fb6ccc6d518c848919d0720f8/element - {"using":"xpath","value":"//*[@id=\"__button1-img\"]"}
RESULT: {"using":"xpath","value":"//*[@id=\"__button1-img\"]"}
COMMAND: POST /session/2c43d02fb6ccc6d518c848919d0720f8/element/f.291337A451B92CFAEC554A5CFCD049A1.d.6FE837FAB00023DE448F6BFCB789FFA9.e.4859/click - {}
RESULT: {}
COMMAND: GET /session/2c43d02fb6ccc6d518c848919d0720f8/screenshot - {}
RESULT: {}
COMMAND: POST /session/2c43d02fb6ccc6d518c848919d0720f8/execute/async - {"script":"<script> [1562 bytes]","args":[{"selector":{"id":"application-managecatalogs-display-component---masterCatalogItems--searchItemsField","interaction":{"idSuffix":"I"}},"wdio_ui5_key":"applicationmanagecatalogs-display-component---masterCatalogItems--searchItemsField"}]}
RESULT: {"script":"<script> [1562 bytes]","args":[{"selector":{"id":"application-managecatalogs-display-component---masterCatalogItems--searchItemsField","interaction":{"idSuffix":"I"}},"wdio_ui5_key":"applicationmanagecatalogs-display-component---masterCatalogItems--searchItemsField"}]}
RESULT: undefined
COMMAND: POST /session/2c43d02fb6ccc6d518c848919d0720f8/execute/async - {"script":"<script> [776 bytes]","args":[{"enterText":"catalogItemNameyaxzi","selector":{"id":"application-managecatalogs-display-component---masterCatalogItems--searchItemsField","interaction":{"idSuffix":"I"}},"clearTextFirst":true,"interactionType":"ENTER_TEXT"}]}
RESULT: {"script":"<script> [776 bytes]","args":[{"enterText":"catalogItemNameyaxzi","selector":{"id":"application-managecatalogs-display-component---masterCatalogItems--searchItemsField","interaction":{"idSuffix":"I"}},"clearTextFirst":true,"interactionType":"ENTER_TEXT"}]}
COMMAND: POST /session/2c43d02fb6ccc6d518c848919d0720f8/actions - {"actions":[{"id":"action14","type":"key","parameters":{},"actions":[{"type":"keyDown","value":""},{"type":"pause","duration":10},{"type":"keyUp","value":""}]}]}
RESULT: {"actions":[{"id":"action14","type":"key","parameters":{},"actions":[{"type":"keyDown","value":""},{"type":"pause","duration":10},{"type":"keyUp","value":""}]}]}
COMMAND: POST /session/2c43d02fb6ccc6d518c848919d0720f8/element - {"using":"xpath","value":"(//span[contains(text(), \"catalogItemNameyaxzi\")])[1]"}
COMMAND: GET /session/2c43d02fb6ccc6d518c848919d0720f8/screenshot - {}
RESULT: {"using":"xpath","value":"(//span[contains(text(), \"catalogItemNameyaxzi\")])[1]"}
COMMAND: POST /session/2c43d02fb6ccc6d518c848919d0720f8/element/f.291337A451B92CFAEC554A5CFCD049A1.d.6FE837FAB00023DE448F6BFCB789FFA9.e.4893/click - {}
RESULT: {}
RESULT: {}
COMMAND: GET /session/2c43d02fb6ccc6d518c848919d0720f8/screenshot - {}
RESULT: {}
COMMAND: POST /session/2c43d02fb6ccc6d518c848919d0720f8/element - {"using":"xpath","value":"//span[contains(text(), \"catalogItem7x5d3\")]"}
RESULT: {"using":"xpath","value":"//span[contains(text(), \"catalogItem7x5d3\")]"}
COMMAND: GET /session/2c43d02fb6ccc6d518c848919d0720f8/element/f.291337A451B92CFAEC554A5CFCD049A1.d.6FE837FAB00023DE448F6BFCB789FFA9.e.4955/text - {}
RESULT: {}
]]></system-out>
    </testcase>
    <testcase classname="chrome.136_0_7103_93.windows.Standard_contract_-_add_contract_items_by_Insert_Request_US118222" name="Should assign resources to the catalog item" time="55.668">
      <system-out><![CDATA[
RESULT: undefined
COMMAND: POST /session/2c43d02fb6ccc6d518c848919d0720f8/element - {"using":"xpath","value":"//*[@id=\"__button25\"]"}
RESULT: {"using":"xpath","value":"//*[@id=\"__button25\"]"}
COMMAND: POST /session/2c43d02fb6ccc6d518c848919d0720f8/element/f.291337A451B92CFAEC554A5CFCD049A1.d.6FE837FAB00023DE448F6BFCB789FFA9.e.4956/click - {}
RESULT: {}
COMMAND: GET /session/2c43d02fb6ccc6d518c848919d0720f8/screenshot - {}
RESULT: {}
COMMAND: POST /session/2c43d02fb6ccc6d518c848919d0720f8/execute/async - {"script":"<script> [1562 bytes]","args":[{"selector":{"id":"application-managecatalogs-display-component---detailCatalog--BASE_UNIT_OF_MEASURE-arrow"},"wdio_ui5_key":"applicationmanagecatalogs-display-component---detailCatalog--BASE_UNIT_OF_MEASURE-arrow"}]}
RESULT: {"script":"<script> [1562 bytes]","args":[{"selector":{"id":"application-managecatalogs-display-component---detailCatalog--BASE_UNIT_OF_MEASURE-arrow"},"wdio_ui5_key":"applicationmanagecatalogs-display-component---detailCatalog--BASE_UNIT_OF_MEASURE-arrow"}]}
RESULT: undefined
COMMAND: POST /session/2c43d02fb6ccc6d518c848919d0720f8/element - {"using":"xpath","value":"//*[@id=\"application-managecatalogs-display-component---detailCatalog--BASE_UNIT_OF_MEASURE-arrow\"]"}
RESULT: {"using":"xpath","value":"//*[@id=\"application-managecatalogs-display-component---detailCatalog--BASE_UNIT_OF_MEASURE-arrow\"]"}
COMMAND: POST /session/2c43d02fb6ccc6d518c848919d0720f8/element/f.291337A451B92CFAEC554A5CFCD049A1.d.6FE837FAB00023DE448F6BFCB789FFA9.e.4986/click - {}
RESULT: {}
COMMAND: POST /session/2c43d02fb6ccc6d518c848919d0720f8/execute/async - {"script":"<script> [1562 bytes]","args":[{"selector":{"controlType":"sap.m.StandardListItem","viewName":"etm.portal.ui.managecatalogs.view.Detail","viewId":"application-managecatalogs-display-component---detailCatalog","properties":{"title":"Piece"},"searchOpenDialogs":true,"interaction":{"idSuffix":"titleText"}},"wdio_ui5_key":"etmportal.ui.managecatalogs.view.Detailsap.m.StandardListItem{\"title\":\"Piece\"}"}]}
COMMAND: GET /session/2c43d02fb6ccc6d518c848919d0720f8/screenshot - {}
RESULT: {"script":"<script> [1562 bytes]","args":[{"selector":{"controlType":"sap.m.StandardListItem","viewName":"etm.portal.ui.managecatalogs.view.Detail","viewId":"application-managecatalogs-display-component---detailCatalog","properties":{"title":"Piece"},"searchOpenDialogs":true,"interaction":{"idSuffix":"titleText"}},"wdio_ui5_key":"etmportal.ui.managecatalogs.view.Detailsap.m.StandardListItem{\"title\":\"Piece\"}"}]}
RESULT: undefined
COMMAND: POST /session/2c43d02fb6ccc6d518c848919d0720f8/element - {"using":"xpath","value":"//*[@id=\"__item218\"]"}
RESULT: {}
RESULT: {"using":"xpath","value":"//*[@id=\"__item218\"]"}
COMMAND: POST /session/2c43d02fb6ccc6d518c848919d0720f8/element/f.291337A451B92CFAEC554A5CFCD049A1.d.6FE837FAB00023DE448F6BFCB789FFA9.e.4988/click - {}
RESULT: {}
COMMAND: POST /session/2c43d02fb6ccc6d518c848919d0720f8/execute/async - {"script":"<script> [1562 bytes]","args":[{"selector":{"id":"application-managecatalogs-display-component---detailCatalog--ObjectPageLayout-anchBar-application-managecatalogs-display-component---detailCatalog--sectionRUs-anchor","interaction":{"idSuffix":"BDI-content"}},"wdio_ui5_key":"applicationmanagecatalogs-display-component---detailCatalog--ObjectPageLayout-anchBar-application-managecatalogs-display-component---detailCatalog--sectionRUs-anchor"}]}
COMMAND: GET /session/2c43d02fb6ccc6d518c848919d0720f8/screenshot - {}
RESULT: {"script":"<script> [1562 bytes]","args":[{"selector":{"id":"application-managecatalogs-display-component---detailCatalog--ObjectPageLayout-anchBar-application-managecatalogs-display-component---detailCatalog--sectionRUs-anchor","interaction":{"idSuffix":"BDI-content"}},"wdio_ui5_key":"applicationmanagecatalogs-display-component---detailCatalog--ObjectPageLayout-anchBar-application-managecatalogs-display-component---detailCatalog--sectionRUs-anchor"}]}
RESULT: undefined
COMMAND: POST /session/2c43d02fb6ccc6d518c848919d0720f8/element - {"using":"xpath","value":"//*[@id=\"application-managecatalogs-display-component---detailCatalog--ObjectPageLayout-anchBar-application-managecatalogs-display-component---detailCatalog--sectionRUs-anchor\"]"}
RESULT: {}
RESULT: {"using":"xpath","value":"//*[@id=\"application-managecatalogs-display-component---detailCatalog--ObjectPageLayout-anchBar-application-managecatalogs-display-component---detailCatalog--sectionRUs-anchor\"]"}
COMMAND: POST /session/2c43d02fb6ccc6d518c848919d0720f8/element/f.291337A451B92CFAEC554A5CFCD049A1.d.6FE837FAB00023DE448F6BFCB789FFA9.e.4990/click - {}
RESULT: {}
COMMAND: POST /session/2c43d02fb6ccc6d518c848919d0720f8/element - {"using":"xpath","value":"//button[contains(@data-kt ,\"catalogItemAssignRuButton\")]"}
COMMAND: GET /session/2c43d02fb6ccc6d518c848919d0720f8/screenshot - {}
RESULT: {"using":"xpath","value":"//button[contains(@data-kt ,\"catalogItemAssignRuButton\")]"}
COMMAND: POST /session/2c43d02fb6ccc6d518c848919d0720f8/element/f.291337A451B92CFAEC554A5CFCD049A1.d.6FE837FAB00023DE448F6BFCB789FFA9.e.4994/click - {}
RESULT: {}
RESULT: {}
COMMAND: GET /session/2c43d02fb6ccc6d518c848919d0720f8/screenshot - {}
RESULT: {}
COMMAND: POST /session/2c43d02fb6ccc6d518c848919d0720f8/actions - {"actions":[{"id":"action15","type":"key","parameters":{},"actions":[{"type":"keyDown","value":""},{"type":"pause","duration":10},{"type":"keyUp","value":""}]}]}
RESULT: {"actions":[{"id":"action15","type":"key","parameters":{},"actions":[{"type":"keyDown","value":""},{"type":"pause","duration":10},{"type":"keyUp","value":""}]}]}
COMMAND: POST /session/2c43d02fb6ccc6d518c848919d0720f8/execute/async - {"script":"<script> [1562 bytes]","args":[{"selector":{"id":"application-managecatalogs-display-component---detailCatalog--assignRUSearchField-vhi","searchOpenDialogs":true},"wdio_ui5_key":"applicationmanagecatalogs-display-component---detailCatalog--assignRUSearchField-vhi"}]}
COMMAND: GET /session/2c43d02fb6ccc6d518c848919d0720f8/screenshot - {}
RESULT: {"script":"<script> [1562 bytes]","args":[{"selector":{"id":"application-managecatalogs-display-component---detailCatalog--assignRUSearchField-vhi","searchOpenDialogs":true},"wdio_ui5_key":"applicationmanagecatalogs-display-component---detailCatalog--assignRUSearchField-vhi"}]}
RESULT: undefined
COMMAND: POST /session/2c43d02fb6ccc6d518c848919d0720f8/element - {"using":"xpath","value":"//*[@id=\"application-managecatalogs-display-component---detailCatalog--assignRUSearchField-vhi\"]"}
RESULT: {}
RESULT: {"using":"xpath","value":"//*[@id=\"application-managecatalogs-display-component---detailCatalog--assignRUSearchField-vhi\"]"}
COMMAND: POST /session/2c43d02fb6ccc6d518c848919d0720f8/element/f.291337A451B92CFAEC554A5CFCD049A1.d.6FE837FAB00023DE448F6BFCB789FFA9.e.5017/click - {}
RESULT: {}
COMMAND: GET /session/2c43d02fb6ccc6d518c848919d0720f8/screenshot - {}
RESULT: {}
COMMAND: POST /session/2c43d02fb6ccc6d518c848919d0720f8/element - {"using":"xpath","value":"//input[contains(@id ,\"searchField-I\")]"}
RESULT: {"using":"xpath","value":"//input[contains(@id ,\"searchField-I\")]"}
COMMAND: POST /session/2c43d02fb6ccc6d518c848919d0720f8/element/f.291337A451B92CFAEC554A5CFCD049A1.d.6FE837FAB00023DE448F6BFCB789FFA9.e.5020/clear - {}
RESULT: {}
COMMAND: POST /session/2c43d02fb6ccc6d518c848919d0720f8/element/f.291337A451B92CFAEC554A5CFCD049A1.d.6FE837FAB00023DE448F6BFCB789FFA9.e.5020/value - {"text":"WdIOTestEquipgorcr"}
COMMAND: GET /session/2c43d02fb6ccc6d518c848919d0720f8/screenshot - {}
RESULT: {"text":"WdIOTestEquipgorcr"}
COMMAND: GET /session/2c43d02fb6ccc6d518c848919d0720f8/screenshot - {}
RESULT: {}
RESULT: {}
COMMAND: POST /session/2c43d02fb6ccc6d518c848919d0720f8/actions - {"actions":[{"id":"action16","type":"key","parameters":{},"actions":[{"type":"keyDown","value":""},{"type":"pause","duration":10},{"type":"keyUp","value":""}]}]}
RESULT: {"actions":[{"id":"action16","type":"key","parameters":{},"actions":[{"type":"keyDown","value":""},{"type":"pause","duration":10},{"type":"keyUp","value":""}]}]}
COMMAND: GET /session/2c43d02fb6ccc6d518c848919d0720f8/screenshot - {}
RESULT: {}
COMMAND: POST /session/2c43d02fb6ccc6d518c848919d0720f8/actions - {"actions":[{"id":"action17","type":"key","parameters":{},"actions":[{"type":"keyDown","value":""},{"type":"pause","duration":10},{"type":"keyUp","value":""}]}]}
RESULT: {"actions":[{"id":"action17","type":"key","parameters":{},"actions":[{"type":"keyDown","value":""},{"type":"pause","duration":10},{"type":"keyUp","value":""}]}]}
COMMAND: GET /session/2c43d02fb6ccc6d518c848919d0720f8/screenshot - {}
RESULT: {}
COMMAND: POST /session/2c43d02fb6ccc6d518c848919d0720f8/actions - {"actions":[{"id":"action18","type":"key","parameters":{},"actions":[{"type":"keyDown","value":""},{"type":"pause","duration":10},{"type":"keyUp","value":""}]}]}
RESULT: {"actions":[{"id":"action18","type":"key","parameters":{},"actions":[{"type":"keyDown","value":""},{"type":"pause","duration":10},{"type":"keyUp","value":""}]}]}
COMMAND: GET /session/2c43d02fb6ccc6d518c848919d0720f8/screenshot - {}
RESULT: {}
COMMAND: POST /session/2c43d02fb6ccc6d518c848919d0720f8/element - {"using":"xpath","value":"//bdi[contains(@id ,\"application-managecatalogs-display-component---detailCatalog--RUAssignmentSaveButton-BDI-content\")]"}
RESULT: {"using":"xpath","value":"//bdi[contains(@id ,\"application-managecatalogs-display-component---detailCatalog--RUAssignmentSaveButton-BDI-content\")]"}
COMMAND: POST /session/2c43d02fb6ccc6d518c848919d0720f8/element/f.291337A451B92CFAEC554A5CFCD049A1.d.6FE837FAB00023DE448F6BFCB789FFA9.e.5038/click - {}
RESULT: {}
COMMAND: GET /session/2c43d02fb6ccc6d518c848919d0720f8/screenshot - {}
RESULT: {}
COMMAND: POST /session/2c43d02fb6ccc6d518c848919d0720f8/element - {"using":"xpath","value":"//bdi[contains(@id ,\"application-managecatalogs-display-component---detailCatalog--ObjectPageLayout-anchBar-application-managecatalogs-display-component---detailCatalog--sectionRUs-anchor-BDI-content\")]"}
RESULT: {"using":"xpath","value":"//bdi[contains(@id ,\"application-managecatalogs-display-component---detailCatalog--ObjectPageLayout-anchBar-application-managecatalogs-display-component---detailCatalog--sectionRUs-anchor-BDI-content\")]"}
COMMAND: POST /session/2c43d02fb6ccc6d518c848919d0720f8/element/f.291337A451B92CFAEC554A5CFCD049A1.d.6FE837FAB00023DE448F6BFCB789FFA9.e.5055/click - {}
RESULT: {}
COMMAND: GET /session/2c43d02fb6ccc6d518c848919d0720f8/screenshot - {}
RESULT: {}
COMMAND: POST /session/2c43d02fb6ccc6d518c848919d0720f8/element - {"using":"xpath","value":"//button[contains(@data-kt ,\"catalogItemAssignRuButton\")]"}
RESULT: {"using":"xpath","value":"//button[contains(@data-kt ,\"catalogItemAssignRuButton\")]"}
COMMAND: POST /session/2c43d02fb6ccc6d518c848919d0720f8/element/f.291337A451B92CFAEC554A5CFCD049A1.d.6FE837FAB00023DE448F6BFCB789FFA9.e.4994/click - {}
RESULT: {}
COMMAND: GET /session/2c43d02fb6ccc6d518c848919d0720f8/screenshot - {}
RESULT: {}
COMMAND: POST /session/2c43d02fb6ccc6d518c848919d0720f8/actions - {"actions":[{"id":"action19","type":"key","parameters":{},"actions":[{"type":"keyDown","value":""},{"type":"pause","duration":10},{"type":"keyUp","value":""}]}]}
RESULT: {"actions":[{"id":"action19","type":"key","parameters":{},"actions":[{"type":"keyDown","value":""},{"type":"pause","duration":10},{"type":"keyUp","value":""}]}]}
RESULT: undefined
COMMAND: POST /session/2c43d02fb6ccc6d518c848919d0720f8/element - {"using":"xpath","value":"//*[@id=\"application-managecatalogs-display-component---detailCatalog--assignRUSearchField-vhi\"]"}
COMMAND: GET /session/2c43d02fb6ccc6d518c848919d0720f8/screenshot - {}
RESULT: {"using":"xpath","value":"//*[@id=\"application-managecatalogs-display-component---detailCatalog--assignRUSearchField-vhi\"]"}
COMMAND: POST /session/2c43d02fb6ccc6d518c848919d0720f8/elements - {"using":"xpath","value":"//*[@id=\"application-managecatalogs-display-component---detailCatalog--assignRUSearchField-vhi\"]"}
RESULT: {}
RESULT: {"using":"xpath","value":"//*[@id=\"application-managecatalogs-display-component---detailCatalog--assignRUSearchField-vhi\"]"}
COMMAND: POST /session/2c43d02fb6ccc6d518c848919d0720f8/element - {"using":"xpath","value":"//*[@id=\"application-managecatalogs-display-component---detailCatalog--assignRUSearchField-vhi\"]"}
RESULT: {"using":"xpath","value":"//*[@id=\"application-managecatalogs-display-component---detailCatalog--assignRUSearchField-vhi\"]"}
COMMAND: POST /session/2c43d02fb6ccc6d518c848919d0720f8/element/f.291337A451B92CFAEC554A5CFCD049A1.d.6FE837FAB00023DE448F6BFCB789FFA9.e.5080/click - {}
RESULT: {}
COMMAND: POST /session/2c43d02fb6ccc6d518c848919d0720f8/execute/async - {"script":"<script> [1562 bytes]","args":[{"selector":{"controlType":"sap.m.SearchField","viewName":"etm.portal.ui.managecatalogs.view.Detail","viewId":"application-managecatalogs-display-component---detailCatalog","searchOpenDialogs":true,"interaction":{"idSuffix":"I"}},"wdio_ui5_key":"etmportal.ui.managecatalogs.view.Detailsap.m.SearchField"}]}
COMMAND: GET /session/2c43d02fb6ccc6d518c848919d0720f8/screenshot - {}
RESULT: {"script":"<script> [1562 bytes]","args":[{"selector":{"controlType":"sap.m.SearchField","viewName":"etm.portal.ui.managecatalogs.view.Detail","viewId":"application-managecatalogs-display-component---detailCatalog","searchOpenDialogs":true,"interaction":{"idSuffix":"I"}},"wdio_ui5_key":"etmportal.ui.managecatalogs.view.Detailsap.m.SearchField"}]}
RESULT: undefined
COMMAND: POST /session/2c43d02fb6ccc6d518c848919d0720f8/execute/async - {"script":"<script> [776 bytes]","args":[{"enterText":"WebdriverMatTestfwey3","selector":{"controlType":"sap.m.SearchField","viewName":"etm.portal.ui.managecatalogs.view.Detail","viewId":"application-managecatalogs-display-component---detailCatalog","searchOpenDialogs":true,"interaction":{"idSuffix":"I"}},"clearTextFirst":true,"interactionType":"ENTER_TEXT"}]}
RESULT: {}
RESULT: {"script":"<script> [776 bytes]","args":[{"enterText":"WebdriverMatTestfwey3","selector":{"controlType":"sap.m.SearchField","viewName":"etm.portal.ui.managecatalogs.view.Detail","viewId":"application-managecatalogs-display-component---detailCatalog","searchOpenDialogs":true,"interaction":{"idSuffix":"I"}},"clearTextFirst":true,"interactionType":"ENTER_TEXT"}]}
COMMAND: POST /session/2c43d02fb6ccc6d518c848919d0720f8/actions - {"actions":[{"id":"action20","type":"key","parameters":{},"actions":[{"type":"keyDown","value":""},{"type":"pause","duration":10},{"type":"keyUp","value":""}]}]}
RESULT: {"actions":[{"id":"action20","type":"key","parameters":{},"actions":[{"type":"keyDown","value":""},{"type":"pause","duration":10},{"type":"keyUp","value":""}]}]}
COMMAND: GET /session/2c43d02fb6ccc6d518c848919d0720f8/screenshot - {}
RESULT: {}
COMMAND: POST /session/2c43d02fb6ccc6d518c848919d0720f8/element - {"using":"xpath","value":"(//span[contains(text(), \"WebdriverMatTestfwey3\")])[1]"}
RESULT: {"using":"xpath","value":"(//span[contains(text(), \"WebdriverMatTestfwey3\")])[1]"}
COMMAND: POST /session/2c43d02fb6ccc6d518c848919d0720f8/element/f.291337A451B92CFAEC554A5CFCD049A1.d.6FE837FAB00023DE448F6BFCB789FFA9.e.5102/click - {}
RESULT: {}
COMMAND: POST /session/2c43d02fb6ccc6d518c848919d0720f8/execute/async - {"script":"<script> [1562 bytes]","args":[{"selector":{"id":"application-managecatalogs-display-component---detailCatalog--RUAssignmentSaveButton","searchOpenDialogs":true,"interaction":{"idSuffix":"BDI-content"}},"wdio_ui5_key":"applicationmanagecatalogs-display-component---detailCatalog--RUAssignmentSaveButton"}]}
COMMAND: GET /session/2c43d02fb6ccc6d518c848919d0720f8/screenshot - {}
RESULT: {"script":"<script> [1562 bytes]","args":[{"selector":{"id":"application-managecatalogs-display-component---detailCatalog--RUAssignmentSaveButton","searchOpenDialogs":true,"interaction":{"idSuffix":"BDI-content"}},"wdio_ui5_key":"applicationmanagecatalogs-display-component---detailCatalog--RUAssignmentSaveButton"}]}
RESULT: undefined
COMMAND: POST /session/2c43d02fb6ccc6d518c848919d0720f8/element - {"using":"xpath","value":"//*[@id=\"application-managecatalogs-display-component---detailCatalog--RUAssignmentSaveButton\"]"}
RESULT: {}
RESULT: {"using":"xpath","value":"//*[@id=\"application-managecatalogs-display-component---detailCatalog--RUAssignmentSaveButton\"]"}
COMMAND: POST /session/2c43d02fb6ccc6d518c848919d0720f8/element/f.291337A451B92CFAEC554A5CFCD049A1.d.6FE837FAB00023DE448F6BFCB789FFA9.e.5105/click - {}
RESULT: {}
COMMAND: GET /session/2c43d02fb6ccc6d518c848919d0720f8/screenshot - {}
RESULT: {}
COMMAND: POST /session/2c43d02fb6ccc6d518c848919d0720f8/element - {"using":"xpath","value":"//bdi[contains(text(), \"Save\")]"}
RESULT: {"using":"xpath","value":"//bdi[contains(text(), \"Save\")]"}
COMMAND: POST /session/2c43d02fb6ccc6d518c848919d0720f8/element/f.291337A451B92CFAEC554A5CFCD049A1.d.6FE837FAB00023DE448F6BFCB789FFA9.e.5128/click - {}
RESULT: {}
COMMAND: GET /session/2c43d02fb6ccc6d518c848919d0720f8/screenshot - {}
RESULT: {}
COMMAND: POST /session/2c43d02fb6ccc6d518c848919d0720f8/element - {"using":"css selector","value":"#shell-header-logo"}
RESULT: {"using":"css selector","value":"#shell-header-logo"}
COMMAND: POST /session/2c43d02fb6ccc6d518c848919d0720f8/element/f.291337A451B92CFAEC554A5CFCD049A1.d.6FE837FAB00023DE448F6BFCB789FFA9.e.4781/click - {}
RESULT: {}
COMMAND: GET /session/2c43d02fb6ccc6d518c848919d0720f8/screenshot - {}
RESULT: {}
]]></system-out>
    </testcase>
    <testcase classname="chrome.136_0_7103_93.windows.Standard_contract_-_add_contract_items_by_Insert_Request_US118222" name="Should create a new contract" time="94.213">
      <system-out><![CDATA[
COMMAND: POST /session/2c43d02fb6ccc6d518c848919d0720f8/execute/async - {"script":"<script> [1562 bytes]","args":[{"selector":{"controlType":"sap.m.GenericTile","properties":{"header":"Manage Contracts"}},"wdio_ui5_key":"sapm.GenericTile{\"header\":\"Manage Contracts\"}"}]}
RESULT: {"script":"<script> [1562 bytes]","args":[{"selector":{"controlType":"sap.m.GenericTile","properties":{"header":"Manage Contracts"}},"wdio_ui5_key":"sapm.GenericTile{\"header\":\"Manage Contracts\"}"}]}
RESULT: undefined
COMMAND: POST /session/2c43d02fb6ccc6d518c848919d0720f8/element - {"using":"xpath","value":"//*[@id=\"__tile130\"]"}
RESULT: {"using":"xpath","value":"//*[@id=\"__tile130\"]"}
COMMAND: POST /session/2c43d02fb6ccc6d518c848919d0720f8/element/f.291337A451B92CFAEC554A5CFCD049A1.d.6FE837FAB00023DE448F6BFCB789FFA9.e.5160/click - {}
RESULT: {}
COMMAND: GET /session/2c43d02fb6ccc6d518c848919d0720f8/screenshot - {}
RESULT: {}
COMMAND: POST /session/2c43d02fb6ccc6d518c848919d0720f8/elements - {"using":"xpath","value":"//span[text()='Error']"}
RESULT: {"using":"xpath","value":"//span[text()='Error']"}
COMMAND: POST /session/2c43d02fb6ccc6d518c848919d0720f8/element - {"using":"xpath","value":"//button[@data-kt=\"addButton\"]"}
RESULT: {"using":"xpath","value":"//button[@data-kt=\"addButton\"]"}
COMMAND: POST /session/2c43d02fb6ccc6d518c848919d0720f8/element/f.291337A451B92CFAEC554A5CFCD049A1.d.6FE837FAB00023DE448F6BFCB789FFA9.e.5210/click - {}
RESULT: {}
COMMAND: GET /session/2c43d02fb6ccc6d518c848919d0720f8/screenshot - {}
RESULT: {}
COMMAND: POST /session/2c43d02fb6ccc6d518c848919d0720f8/execute/async - {"script":"<script> [1562 bytes]","args":[{"selector":{"id":"application-managecontracts-display-component---AddNewContract--projectDescription","interaction":{"idSuffix":"inner"}},"wdio_ui5_key":"applicationmanagecontracts-display-component---AddNewContract--projectDescription"}]}
RESULT: {"script":"<script> [1562 bytes]","args":[{"selector":{"id":"application-managecontracts-display-component---AddNewContract--projectDescription","interaction":{"idSuffix":"inner"}},"wdio_ui5_key":"applicationmanagecontracts-display-component---AddNewContract--projectDescription"}]}
RESULT: undefined
COMMAND: POST /session/2c43d02fb6ccc6d518c848919d0720f8/execute/async - {"script":"<script> [776 bytes]","args":[{"enterText":"WdIOTestrauqb","selector":{"id":"application-managecontracts-display-component---AddNewContract--projectDescription","interaction":{"idSuffix":"inner"}},"clearTextFirst":true,"interactionType":"ENTER_TEXT"}]}
RESULT: {"script":"<script> [776 bytes]","args":[{"enterText":"WdIOTestrauqb","selector":{"id":"application-managecontracts-display-component---AddNewContract--projectDescription","interaction":{"idSuffix":"inner"}},"clearTextFirst":true,"interactionType":"ENTER_TEXT"}]}
COMMAND: POST /session/2c43d02fb6ccc6d518c848919d0720f8/element - {"using":"xpath","value":"//input[@id=\"application-managecontracts-display-component---AddNewContract--yardId-inner\"]"}
RESULT: {"using":"xpath","value":"//input[@id=\"application-managecontracts-display-component---AddNewContract--yardId-inner\"]"}
COMMAND: POST /session/2c43d02fb6ccc6d518c848919d0720f8/element/f.291337A451B92CFAEC554A5CFCD049A1.d.6FE837FAB00023DE448F6BFCB789FFA9.e.5475/clear - {}
RESULT: {}
COMMAND: POST /session/2c43d02fb6ccc6d518c848919d0720f8/element/f.291337A451B92CFAEC554A5CFCD049A1.d.6FE837FAB00023DE448F6BFCB789FFA9.e.5475/value - {"text":"WebdriverYardq0wdz"}
COMMAND: GET /session/2c43d02fb6ccc6d518c848919d0720f8/screenshot - {}
RESULT: {"text":"WebdriverYardq0wdz"}
COMMAND: GET /session/2c43d02fb6ccc6d518c848919d0720f8/screenshot - {}
RESULT: {}
RESULT: {}
COMMAND: POST /session/2c43d02fb6ccc6d518c848919d0720f8/actions - {"actions":[{"id":"action21","type":"key","parameters":{},"actions":[{"type":"keyDown","value":""},{"type":"pause","duration":10},{"type":"keyUp","value":""}]}]}
RESULT: {"actions":[{"id":"action21","type":"key","parameters":{},"actions":[{"type":"keyDown","value":""},{"type":"pause","duration":10},{"type":"keyUp","value":""}]}]}
COMMAND: GET /session/2c43d02fb6ccc6d518c848919d0720f8/screenshot - {}
RESULT: {}
COMMAND: POST /session/2c43d02fb6ccc6d518c848919d0720f8/element - {"using":"xpath","value":"//input[@id=\"application-managecontracts-display-component---AddNewContract--customerSelect-inner\"]"}
RESULT: {"using":"xpath","value":"//input[@id=\"application-managecontracts-display-component---AddNewContract--customerSelect-inner\"]"}
COMMAND: POST /session/2c43d02fb6ccc6d518c848919d0720f8/element/f.291337A451B92CFAEC554A5CFCD049A1.d.6FE837FAB00023DE448F6BFCB789FFA9.e.5473/clear - {}
RESULT: {}
COMMAND: POST /session/2c43d02fb6ccc6d518c848919d0720f8/element/f.291337A451B92CFAEC554A5CFCD049A1.d.6FE837FAB00023DE448F6BFCB789FFA9.e.5473/value - {"text":"WebdriverPartnert7pqt"}
COMMAND: GET /session/2c43d02fb6ccc6d518c848919d0720f8/screenshot - {}
RESULT: {"text":"WebdriverPartnert7pqt"}
COMMAND: GET /session/2c43d02fb6ccc6d518c848919d0720f8/screenshot - {}
RESULT: {}
RESULT: {}
COMMAND: POST /session/2c43d02fb6ccc6d518c848919d0720f8/actions - {"actions":[{"id":"action22","type":"key","parameters":{},"actions":[{"type":"keyDown","value":""},{"type":"pause","duration":10},{"type":"keyUp","value":""}]}]}
RESULT: {"actions":[{"id":"action22","type":"key","parameters":{},"actions":[{"type":"keyDown","value":""},{"type":"pause","duration":10},{"type":"keyUp","value":""}]}]}
COMMAND: GET /session/2c43d02fb6ccc6d518c848919d0720f8/screenshot - {}
RESULT: {}
COMMAND: POST /session/2c43d02fb6ccc6d518c848919d0720f8/element - {"using":"xpath","value":"//input[@id=\"application-managecontracts-display-component---AddNewContract--site-inner\"]"}
RESULT: {"using":"xpath","value":"//input[@id=\"application-managecontracts-display-component---AddNewContract--site-inner\"]"}
COMMAND: POST /session/2c43d02fb6ccc6d518c848919d0720f8/element/f.291337A451B92CFAEC554A5CFCD049A1.d.6FE837FAB00023DE448F6BFCB789FFA9.e.5474/clear - {}
RESULT: {}
COMMAND: POST /session/2c43d02fb6ccc6d518c848919d0720f8/element/f.291337A451B92CFAEC554A5CFCD049A1.d.6FE837FAB00023DE448F6BFCB789FFA9.e.5474/value - {"text":"WebdriverSitej3uvv"}
COMMAND: GET /session/2c43d02fb6ccc6d518c848919d0720f8/screenshot - {}
RESULT: {"text":"WebdriverSitej3uvv"}
COMMAND: GET /session/2c43d02fb6ccc6d518c848919d0720f8/screenshot - {}
RESULT: {}
RESULT: {}
COMMAND: POST /session/2c43d02fb6ccc6d518c848919d0720f8/actions - {"actions":[{"id":"action23","type":"key","parameters":{},"actions":[{"type":"keyDown","value":""},{"type":"pause","duration":10},{"type":"keyUp","value":""}]}]}
RESULT: {"actions":[{"id":"action23","type":"key","parameters":{},"actions":[{"type":"keyDown","value":""},{"type":"pause","duration":10},{"type":"keyUp","value":""}]}]}
COMMAND: GET /session/2c43d02fb6ccc6d518c848919d0720f8/screenshot - {}
COMMAND: POST /session/2c43d02fb6ccc6d518c848919d0720f8/element - {"using":"xpath","value":"//button[@data-kt=\"saveButton\"]"}
RESULT: {}
RESULT: {"using":"xpath","value":"//button[@data-kt=\"saveButton\"]"}
COMMAND: POST /session/2c43d02fb6ccc6d518c848919d0720f8/element/f.291337A451B92CFAEC554A5CFCD049A1.d.6FE837FAB00023DE448F6BFCB789FFA9.e.5547/click - {}
RESULT: {}
COMMAND: GET /session/2c43d02fb6ccc6d518c848919d0720f8/screenshot - {}
RESULT: {}
COMMAND: POST /session/2c43d02fb6ccc6d518c848919d0720f8/execute/async - {"script":"<script> [1562 bytes]","args":[{"selector":{"id":"contractDetailTitleNoExpanded","viewName":"etm.portal.ui.managecontracts.view.Detail"},"wdio_ui5_key":"contractDetailTitleNoExpandedetmportal.ui.managecontracts.view.Detail"}]}
RESULT: {"script":"<script> [1562 bytes]","args":[{"selector":{"id":"contractDetailTitleNoExpanded","viewName":"etm.portal.ui.managecontracts.view.Detail"},"wdio_ui5_key":"contractDetailTitleNoExpandedetmportal.ui.managecontracts.view.Detail"}]}
RESULT: undefined
COMMAND: POST /session/2c43d02fb6ccc6d518c848919d0720f8/execute/async - {"script":"<script> [6424 bytes]","args":[{"element-6066-11e4-a52e-4f735466cecf":"f.291337A451B92CFAEC554A5CFCD049A1.d.6FE837FAB00023DE448F6BFCB789FFA9.e.5628"},"getText",[]]}
RESULT: {"script":"<script> [6424 bytes]","args":[{"element-6066-11e4-a52e-4f735466cecf":"f.291337A451B92CFAEC554A5CFCD049A1.d.6FE837FAB00023DE448F6BFCB789FFA9.e.5628"},"getText",[]]}
]]></system-out>
    </testcase>
    <testcase classname="chrome.136_0_7103_93.windows.Standard_contract_-_add_contract_items_by_Insert_Request_US118222" name="Should create a new request and plan it" time="181.577">
      <system-out><![CDATA[
COMMAND: POST /session/2c43d02fb6ccc6d518c848919d0720f8/element - {"using":"css selector","value":"#shell-header-logo"}
RESULT: {"using":"css selector","value":"#shell-header-logo"}
COMMAND: POST /session/2c43d02fb6ccc6d518c848919d0720f8/element/f.291337A451B92CFAEC554A5CFCD049A1.d.6FE837FAB00023DE448F6BFCB789FFA9.e.5163/click - {}
RESULT: {}
COMMAND: GET /session/2c43d02fb6ccc6d518c848919d0720f8/screenshot - {}
RESULT: {}
COMMAND: POST /session/2c43d02fb6ccc6d518c848919d0720f8/execute/async - {"script":"<script> [1562 bytes]","args":[{"selector":{"controlType":"sap.m.GenericTile","properties":{"header":"Manage Requests"}},"wdio_ui5_key":"sapm.GenericTile{\"header\":\"Manage Requests\"}"}]}
RESULT: {"script":"<script> [1562 bytes]","args":[{"selector":{"controlType":"sap.m.GenericTile","properties":{"header":"Manage Requests"}},"wdio_ui5_key":"sapm.GenericTile{\"header\":\"Manage Requests\"}"}]}
RESULT: undefined
COMMAND: POST /session/2c43d02fb6ccc6d518c848919d0720f8/element - {"using":"xpath","value":"//*[@id=\"__tile47\"]"}
RESULT: {"using":"xpath","value":"//*[@id=\"__tile47\"]"}
COMMAND: POST /session/2c43d02fb6ccc6d518c848919d0720f8/element/f.291337A451B92CFAEC554A5CFCD049A1.d.6FE837FAB00023DE448F6BFCB789FFA9.e.5631/click - {}
RESULT: {}
COMMAND: GET /session/2c43d02fb6ccc6d518c848919d0720f8/screenshot - {}
RESULT: {}
COMMAND: POST /session/2c43d02fb6ccc6d518c848919d0720f8/elements - {"using":"xpath","value":"//span[text()='Error']"}
RESULT: {"using":"xpath","value":"//span[text()='Error']"}
COMMAND: POST /session/2c43d02fb6ccc6d518c848919d0720f8/element - {"using":"xpath","value":"//button[contains(@data-kt ,\"btnCreateNewOverflowToolbarButton\")]"}
COMMAND: POST /session/2c43d02fb6ccc6d518c848919d0720f8/element - {"using":"xpath","value":"(//span[contains(@class ,\"sapMObjStatusText\")])[1]"}
RESULT: {"using":"xpath","value":"//button[contains(@data-kt ,\"btnCreateNewOverflowToolbarButton\")]"}
COMMAND: POST /session/2c43d02fb6ccc6d518c848919d0720f8/element/f.291337A451B92CFAEC554A5CFCD049A1.d.6FE837FAB00023DE448F6BFCB789FFA9.e.5711/click - {}
RESULT: {"using":"xpath","value":"(//span[contains(@class ,\"sapMObjStatusText\")])[1]"}
COMMAND: POST /session/2c43d02fb6ccc6d518c848919d0720f8/execute/sync - {"script":"<script> [8489 bytes]","args":[{"element-6066-11e4-a52e-4f735466cecf":"f.291337A451B92CFAEC554A5CFCD049A1.d.6FE837FAB00023DE448F6BFCB789FFA9.e.5982","ELEMENT":"f.291337A451B92CFAEC554A5CFCD049A1.d.6FE837FAB00023DE448F6BFCB789FFA9.e.5982"}]}
RESULT: {}
COMMAND: GET /session/2c43d02fb6ccc6d518c848919d0720f8/screenshot - {}
RESULT: {"script":"<script> [8489 bytes]","args":[{"element-6066-11e4-a52e-4f735466cecf":"f.291337A451B92CFAEC554A5CFCD049A1.d.6FE837FAB00023DE448F6BFCB789FFA9.e.5982","ELEMENT":"f.291337A451B92CFAEC554A5CFCD049A1.d.6FE837FAB00023DE448F6BFCB789FFA9.e.5982"}]}
COMMAND: GET /session/2c43d02fb6ccc6d518c848919d0720f8/screenshot - {}
RESULT: {}
RESULT: {}
COMMAND: POST /session/2c43d02fb6ccc6d518c848919d0720f8/element - {"using":"xpath","value":"//input[contains(@id ,\"yardId-inner\")]"}
RESULT: {"using":"xpath","value":"//input[contains(@id ,\"yardId-inner\")]"}
COMMAND: POST /session/2c43d02fb6ccc6d518c848919d0720f8/execute/sync - {"script":"<script> [8489 bytes]","args":[{"element-6066-11e4-a52e-4f735466cecf":"f.291337A451B92CFAEC554A5CFCD049A1.d.6FE837FAB00023DE448F6BFCB789FFA9.e.6084","ELEMENT":"f.291337A451B92CFAEC554A5CFCD049A1.d.6FE837FAB00023DE448F6BFCB789FFA9.e.6084"}]}
RESULT: {"script":"<script> [8489 bytes]","args":[{"element-6066-11e4-a52e-4f735466cecf":"f.291337A451B92CFAEC554A5CFCD049A1.d.6FE837FAB00023DE448F6BFCB789FFA9.e.6084","ELEMENT":"f.291337A451B92CFAEC554A5CFCD049A1.d.6FE837FAB00023DE448F6BFCB789FFA9.e.6084"}]}
COMMAND: POST /session/2c43d02fb6ccc6d518c848919d0720f8/element - {"using":"xpath","value":"//input[contains(@id ,\"requestContractNo-inner\")]"}
COMMAND: POST /session/2c43d02fb6ccc6d518c848919d0720f8/element - {"using":"xpath","value":"//input[contains(@id ,\"requestContractNo-inner\")]"}
COMMAND: GET /session/2c43d02fb6ccc6d518c848919d0720f8/screenshot - {}
RESULT: {"using":"xpath","value":"//input[contains(@id ,\"requestContractNo-inner\")]"}
COMMAND: POST /session/2c43d02fb6ccc6d518c848919d0720f8/element/f.291337A451B92CFAEC554A5CFCD049A1.d.6FE837FAB00023DE448F6BFCB789FFA9.e.6079/value - {"text":"10422"}
RESULT: {"using":"xpath","value":"//input[contains(@id ,\"requestContractNo-inner\")]"}
COMMAND: GET /session/2c43d02fb6ccc6d518c848919d0720f8/element/f.291337A451B92CFAEC554A5CFCD049A1.d.6FE837FAB00023DE448F6BFCB789FFA9.e.6079/enabled - {}
RESULT: {}
RESULT: {"text":"10422"}
COMMAND: GET /session/2c43d02fb6ccc6d518c848919d0720f8/screenshot - {}
RESULT: {}
COMMAND: GET /session/2c43d02fb6ccc6d518c848919d0720f8/screenshot - {}
RESULT: {}
RESULT: {}
COMMAND: POST /session/2c43d02fb6ccc6d518c848919d0720f8/actions - {"actions":[{"id":"action24","type":"key","parameters":{},"actions":[{"type":"keyDown","value":""},{"type":"pause","duration":10},{"type":"keyUp","value":""}]}]}
RESULT: {"actions":[{"id":"action24","type":"key","parameters":{},"actions":[{"type":"keyDown","value":""},{"type":"pause","duration":10},{"type":"keyUp","value":""}]}]}
COMMAND: GET /session/2c43d02fb6ccc6d518c848919d0720f8/screenshot - {}
RESULT: {}
COMMAND: POST /session/2c43d02fb6ccc6d518c848919d0720f8/execute/async - {"script":"<script> [1562 bytes]","args":[{"selector":{"controlType":"sap.ui.core.Icon","viewName":"etm.portal.ui.managerequests.view.NewRequest","properties":{"src":{"regex":{"source":"add"}}}},"wdio_ui5_key":"etmportal.ui.managerequests.view.NewRequestsap.ui.core.Icon{\"src\":{\"regex\":{\"source\":\"add\"}}}"}]}
RESULT: {"script":"<script> [1562 bytes]","args":[{"selector":{"controlType":"sap.ui.core.Icon","viewName":"etm.portal.ui.managerequests.view.NewRequest","properties":{"src":{"regex":{"source":"add"}}}},"wdio_ui5_key":"etmportal.ui.managerequests.view.NewRequestsap.ui.core.Icon{\"src\":{\"regex\":{\"source\":\"add\"}}}"}]}
RESULT: undefined
COMMAND: POST /session/2c43d02fb6ccc6d518c848919d0720f8/element - {"using":"xpath","value":"//*[@id=\"__xmlview61--btnAddTableRow-img\"]"}
RESULT: {"using":"xpath","value":"//*[@id=\"__xmlview61--btnAddTableRow-img\"]"}
COMMAND: POST /session/2c43d02fb6ccc6d518c848919d0720f8/element/f.291337A451B92CFAEC554A5CFCD049A1.d.6FE837FAB00023DE448F6BFCB789FFA9.e.6234/click - {}
RESULT: {}
COMMAND: GET /session/2c43d02fb6ccc6d518c848919d0720f8/screenshot - {}
RESULT: {}
COMMAND: POST /session/2c43d02fb6ccc6d518c848919d0720f8/execute/async - {"script":"<script> [1562 bytes]","args":[{"selector":{"controlType":"sap.ui.unified.MenuItem","viewName":"etm.portal.ui.managerequests.view.NewRequest","i18NText":{"propertyName":"text","key":"standardEntry"},"searchOpenDialogs":true,"interaction":{"idSuffix":"txt"}},"wdio_ui5_key":"etmportal.ui.managerequests.view.NewRequestsap.ui.unified.MenuItem{\"propertyName\":\"text\",\"key\":\"standardEntry\"}"}]}
RESULT: {"script":"<script> [1562 bytes]","args":[{"selector":{"controlType":"sap.ui.unified.MenuItem","viewName":"etm.portal.ui.managerequests.view.NewRequest","i18NText":{"propertyName":"text","key":"standardEntry"},"searchOpenDialogs":true,"interaction":{"idSuffix":"txt"}},"wdio_ui5_key":"etmportal.ui.managerequests.view.NewRequestsap.ui.unified.MenuItem{\"propertyName\":\"text\",\"key\":\"standardEntry\"}"}]}
RESULT: undefined
COMMAND: POST /session/2c43d02fb6ccc6d518c848919d0720f8/element - {"using":"xpath","value":"//*[@id=\"__item2171\"]"}
RESULT: {"using":"xpath","value":"//*[@id=\"__item2171\"]"}
COMMAND: POST /session/2c43d02fb6ccc6d518c848919d0720f8/element/f.291337A451B92CFAEC554A5CFCD049A1.d.6FE837FAB00023DE448F6BFCB789FFA9.e.6238/click - {}
RESULT: {}
COMMAND: GET /session/2c43d02fb6ccc6d518c848919d0720f8/screenshot - {}
RESULT: {}
RESULT: undefined
COMMAND: POST /session/2c43d02fb6ccc6d518c848919d0720f8/element - {"using":"xpath","value":"//*[@id=\"__xmlview61--btnAddTableRow-img\"]"}
RESULT: {"using":"xpath","value":"//*[@id=\"__xmlview61--btnAddTableRow-img\"]"}
COMMAND: POST /session/2c43d02fb6ccc6d518c848919d0720f8/element/f.291337A451B92CFAEC554A5CFCD049A1.d.6FE837FAB00023DE448F6BFCB789FFA9.e.6234/click - {}
RESULT: {}
COMMAND: GET /session/2c43d02fb6ccc6d518c848919d0720f8/screenshot - {}
RESULT: {}
RESULT: undefined
COMMAND: POST /session/2c43d02fb6ccc6d518c848919d0720f8/element - {"using":"xpath","value":"//*[@id=\"__item2171\"]"}
RESULT: {"using":"xpath","value":"//*[@id=\"__item2171\"]"}
COMMAND: POST /session/2c43d02fb6ccc6d518c848919d0720f8/element/f.291337A451B92CFAEC554A5CFCD049A1.d.6FE837FAB00023DE448F6BFCB789FFA9.e.6250/click - {}
RESULT: {}
COMMAND: GET /session/2c43d02fb6ccc6d518c848919d0720f8/screenshot - {}
RESULT: {}
COMMAND: POST /session/2c43d02fb6ccc6d518c848919d0720f8/element - {"using":"xpath","value":"(//input[contains(@id ,\"requestItemsTable-0-inner\")])[1]"}
RESULT: {"using":"xpath","value":"(//input[contains(@id ,\"requestItemsTable-0-inner\")])[1]"}
COMMAND: POST /session/2c43d02fb6ccc6d518c848919d0720f8/element/f.291337A451B92CFAEC554A5CFCD049A1.d.6FE837FAB00023DE448F6BFCB789FFA9.e.6240/clear - {}
RESULT: {}
COMMAND: POST /session/2c43d02fb6ccc6d518c848919d0720f8/element/f.291337A451B92CFAEC554A5CFCD049A1.d.6FE837FAB00023DE448F6BFCB789FFA9.e.6240/value - {"text":"catalogItem7x5d3"}
COMMAND: GET /session/2c43d02fb6ccc6d518c848919d0720f8/screenshot - {}
RESULT: {"text":"catalogItem7x5d3"}
COMMAND: GET /session/2c43d02fb6ccc6d518c848919d0720f8/screenshot - {}
RESULT: {}
RESULT: {}
COMMAND: POST /session/2c43d02fb6ccc6d518c848919d0720f8/actions - {"actions":[{"id":"action25","type":"key","parameters":{},"actions":[{"type":"keyDown","value":""},{"type":"pause","duration":10},{"type":"keyUp","value":""}]}]}
RESULT: {"actions":[{"id":"action25","type":"key","parameters":{},"actions":[{"type":"keyDown","value":""},{"type":"pause","duration":10},{"type":"keyUp","value":""}]}]}
COMMAND: POST /session/2c43d02fb6ccc6d518c848919d0720f8/element - {"using":"xpath","value":"(//input[contains(@id ,\"requestItemsTable-1-inner\")])[1]"}
COMMAND: GET /session/2c43d02fb6ccc6d518c848919d0720f8/screenshot - {}
RESULT: {"using":"xpath","value":"(//input[contains(@id ,\"requestItemsTable-1-inner\")])[1]"}
COMMAND: POST /session/2c43d02fb6ccc6d518c848919d0720f8/element/f.291337A451B92CFAEC554A5CFCD049A1.d.6FE837FAB00023DE448F6BFCB789FFA9.e.6252/clear - {}
RESULT: {}
RESULT: {}
COMMAND: POST /session/2c43d02fb6ccc6d518c848919d0720f8/element/f.291337A451B92CFAEC554A5CFCD049A1.d.6FE837FAB00023DE448F6BFCB789FFA9.e.6252/value - {"text":"catalogItem7x5d3"}
COMMAND: GET /session/2c43d02fb6ccc6d518c848919d0720f8/screenshot - {}
RESULT: {"text":"catalogItem7x5d3"}
COMMAND: GET /session/2c43d02fb6ccc6d518c848919d0720f8/screenshot - {}
RESULT: {}
RESULT: {}
COMMAND: POST /session/2c43d02fb6ccc6d518c848919d0720f8/actions - {"actions":[{"id":"action26","type":"key","parameters":{},"actions":[{"type":"keyDown","value":""},{"type":"pause","duration":10},{"type":"keyUp","value":""}]}]}
RESULT: {"actions":[{"id":"action26","type":"key","parameters":{},"actions":[{"type":"keyDown","value":""},{"type":"pause","duration":10},{"type":"keyUp","value":""}]}]}
COMMAND: GET /session/2c43d02fb6ccc6d518c848919d0720f8/screenshot - {}
RESULT: {}
COMMAND: POST /session/2c43d02fb6ccc6d518c848919d0720f8/execute/async - {"script":"<script> [1562 bytes]","args":[{"selector":{"controlType":"sap.ui.core.Icon","viewName":"etm.portal.ui.managerequests.view.NewRequest","properties":{"src":{"regex":{"source":"slim\\-arrow\\-down"}}},"ancestor":{"controlType":"sap.m.Button","viewName":"etm.portal.ui.managerequests.view.NewRequest","properties":{"icon":"sap-icon://slim-arrow-down"}}},"wdio_ui5_key":"etmportal.ui.managerequests.view.NewRequestsap.ui.core.Icon{\"src\":{\"regex\":{\"source\":\"slim\\\\-arrow\\\\-down\"}}}{\"controlType\":\"sap.m.Button\",\"viewName\":\"etm.portal.ui.managerequests.view.NewRequest\",\"properties\":{\"icon\":\"sap-icon://slim-arrow-down\"}}"}]}
RESULT: {"script":"<script> [1562 bytes]","args":[{"selector":{"controlType":"sap.ui.core.Icon","viewName":"etm.portal.ui.managerequests.view.NewRequest","properties":{"src":{"regex":{"source":"slim\\-arrow\\-down"}}},"ancestor":{"controlType":"sap.m.Button","viewName":"etm.portal.ui.managerequests.view.NewRequest","properties":{"icon":"sap-icon://slim-arrow-down"}}},"wdio_ui5_key":"etmportal.ui.managerequests.view.NewRequestsap.ui.core.Icon{\"src\":{\"regex\":{\"source\":\"slim\\\\-arrow\\\\-down\"}}}{\"controlType\":\"sap.m.Button\",\"viewName\":\"etm.portal.ui.managerequests.view.NewRequest\",\"properties\":{\"icon\":\"sap-icon://slim-arrow-down\"}}"}]}
RESULT: undefined
COMMAND: POST /session/2c43d02fb6ccc6d518c848919d0720f8/element - {"using":"xpath","value":"//*[@id=\"__title47-expandBtn-img\"]"}
RESULT: {"using":"xpath","value":"//*[@id=\"__title47-expandBtn-img\"]"}
COMMAND: POST /session/2c43d02fb6ccc6d518c848919d0720f8/element/f.291337A451B92CFAEC554A5CFCD049A1.d.6FE837FAB00023DE448F6BFCB789FFA9.e.6272/click - {}
RESULT: {}
COMMAND: POST /session/2c43d02fb6ccc6d518c848919d0720f8/element - {"using":"xpath","value":"//div[contains(@data-kt ,\"splitAllocationObjectStatus\")]"}
COMMAND: GET /session/2c43d02fb6ccc6d518c848919d0720f8/screenshot - {}
RESULT: {"using":"xpath","value":"//div[contains(@data-kt ,\"splitAllocationObjectStatus\")]"}
COMMAND: POST /session/2c43d02fb6ccc6d518c848919d0720f8/elements - {"using":"xpath","value":"//div[contains(@data-kt ,\"splitAllocationObjectStatus\")]"}
RESULT: {}
RESULT: {"using":"xpath","value":"//div[contains(@data-kt ,\"splitAllocationObjectStatus\")]"}
COMMAND: POST /session/2c43d02fb6ccc6d518c848919d0720f8/execute/async - {"script":"<script> [1562 bytes]","args":[{"selector":{"controlType":"sap.ui.core.Icon","viewName":"etm.portal.ui.managerequests.view.NewRequest","properties":{"src":{"regex":{"source":"message\\-error"}}},"ancestor":{"controlType":"sap.m.ColumnListItem","viewName":"etm.portal.ui.managerequests.view.NewRequest","bindingPath":{"modelName":"newRequestItems","path":"/RequestItems/0"},"ancestor":{"id":"requestItemsTable","viewName":"etm.portal.ui.managerequests.view.NewRequest"}}},"wdio_ui5_key":"etmportal.ui.managerequests.view.NewRequestsap.ui.core.Icon{\"src\":{\"regex\":{\"source\":\"message\\\\-error\"}}}{\"controlType\":\"sap.m.ColumnListItem\",\"viewName\":\"etm.portal.ui.managerequests.view.NewRequest\",\"bindingPath\":{\"modelName\":\"newRequestItems\",\"path\":\"/RequestItems/0\"},\"ancestor\":{\"id\":\"requestItemsTable\",\"viewName\":\"etm.portal.ui.managerequests.view.NewRequest\"}}"}]}
RESULT: {"script":"<script> [1562 bytes]","args":[{"selector":{"controlType":"sap.ui.core.Icon","viewName":"etm.portal.ui.managerequests.view.NewRequest","properties":{"src":{"regex":{"source":"message\\-error"}}},"ancestor":{"controlType":"sap.m.ColumnListItem","viewName":"etm.portal.ui.managerequests.view.NewRequest","bindingPath":{"modelName":"newRequestItems","path":"/RequestItems/0"},"ancestor":{"id":"requestItemsTable","viewName":"etm.portal.ui.managerequests.view.NewRequest"}}},"wdio_ui5_key":"etmportal.ui.managerequests.view.NewRequestsap.ui.core.Icon{\"src\":{\"regex\":{\"source\":\"message\\\\-error\"}}}{\"controlType\":\"sap.m.ColumnListItem\",\"viewName\":\"etm.portal.ui.managerequests.view.NewRequest\",\"bindingPath\":{\"modelName\":\"newRequestItems\",\"path\":\"/RequestItems/0\"},\"ancestor\":{\"id\":\"requestItemsTable\",\"viewName\":\"etm.portal.ui.managerequests.view.NewRequest\"}}"}]}
RESULT: undefined
COMMAND: POST /session/2c43d02fb6ccc6d518c848919d0720f8/element - {"using":"xpath","value":"//*[@id=\"__status15-__xmlview61--requestItemsTable-0-icon\"]"}
RESULT: {"using":"xpath","value":"//*[@id=\"__status15-__xmlview61--requestItemsTable-0-icon\"]"}
COMMAND: POST /session/2c43d02fb6ccc6d518c848919d0720f8/element/f.291337A451B92CFAEC554A5CFCD049A1.d.6FE837FAB00023DE448F6BFCB789FFA9.e.6277/click - {}
RESULT: {}
COMMAND: GET /session/2c43d02fb6ccc6d518c848919d0720f8/screenshot - {}
RESULT: {}
COMMAND: POST /session/2c43d02fb6ccc6d518c848919d0720f8/execute/async - {"script":"<script> [1562 bytes]","args":[{"selector":{"id":"costObjectAdminTypeComboBox","viewName":"etm.portal.ui.managerequests.view.NewRequest","searchOpenDialogs":true,"interaction":{"idSuffix":"inner"}},"wdio_ui5_key":"costObjectAdminTypeComboBoxetmportal.ui.managerequests.view.NewRequest"}]}
RESULT: {"script":"<script> [1562 bytes]","args":[{"selector":{"id":"costObjectAdminTypeComboBox","viewName":"etm.portal.ui.managerequests.view.NewRequest","searchOpenDialogs":true,"interaction":{"idSuffix":"inner"}},"wdio_ui5_key":"costObjectAdminTypeComboBoxetmportal.ui.managerequests.view.NewRequest"}]}
RESULT: undefined
COMMAND: POST /session/2c43d02fb6ccc6d518c848919d0720f8/execute/async - {"script":"<script> [776 bytes]","args":[{"enterText":"Cost Center","selector":{"id":"costObjectAdminTypeComboBox","viewName":"etm.portal.ui.managerequests.view.NewRequest","searchOpenDialogs":true,"interaction":{"idSuffix":"inner"}},"clearTextFirst":true,"interactionType":"ENTER_TEXT"}]}
RESULT: {"script":"<script> [776 bytes]","args":[{"enterText":"Cost Center","selector":{"id":"costObjectAdminTypeComboBox","viewName":"etm.portal.ui.managerequests.view.NewRequest","searchOpenDialogs":true,"interaction":{"idSuffix":"inner"}},"clearTextFirst":true,"interactionType":"ENTER_TEXT"}]}
COMMAND: POST /session/2c43d02fb6ccc6d518c848919d0720f8/actions - {"actions":[{"id":"action27","type":"key","parameters":{},"actions":[{"type":"keyDown","value":""},{"type":"pause","duration":10},{"type":"keyUp","value":""}]}]}
RESULT: {"actions":[{"id":"action27","type":"key","parameters":{},"actions":[{"type":"keyDown","value":""},{"type":"pause","duration":10},{"type":"keyUp","value":""}]}]}
COMMAND: GET /session/2c43d02fb6ccc6d518c848919d0720f8/screenshot - {}
RESULT: {}
COMMAND: POST /session/2c43d02fb6ccc6d518c848919d0720f8/execute/async - {"script":"<script> [1562 bytes]","args":[{"selector":{"controlType":"sap.ui.core.Icon","viewName":"etm.portal.ui.managerequests.view.NewRequest","properties":{"src":{"regex":{"source":"value\\-help"}}},"searchOpenDialogs":true},"wdio_ui5_key":"etmportal.ui.managerequests.view.NewRequestsap.ui.core.Icon{\"src\":{\"regex\":{\"source\":\"value\\\\-help\"}}}"}]}
RESULT: {"script":"<script> [1562 bytes]","args":[{"selector":{"controlType":"sap.ui.core.Icon","viewName":"etm.portal.ui.managerequests.view.NewRequest","properties":{"src":{"regex":{"source":"value\\-help"}}},"searchOpenDialogs":true},"wdio_ui5_key":"etmportal.ui.managerequests.view.NewRequestsap.ui.core.Icon{\"src\":{\"regex\":{\"source\":\"value\\\\-help\"}}}"}]}
RESULT: undefined
COMMAND: POST /session/2c43d02fb6ccc6d518c848919d0720f8/element - {"using":"xpath","value":"//*[@id=\"__xmlview61--costObjectIdComboBox-vhi\"]"}
RESULT: {"using":"xpath","value":"//*[@id=\"__xmlview61--costObjectIdComboBox-vhi\"]"}
COMMAND: POST /session/2c43d02fb6ccc6d518c848919d0720f8/element/f.291337A451B92CFAEC554A5CFCD049A1.d.6FE837FAB00023DE448F6BFCB789FFA9.e.6291/click - {}
RESULT: {}
COMMAND: POST /session/2c43d02fb6ccc6d518c848919d0720f8/execute/async - {"script":"<script> [1562 bytes]","args":[{"selector":{"controlType":"sap.m.SearchField","properties":{"placeholder":"Search"},"searchOpenDialogs":true,"interaction":{"idSuffix":"I"}},"wdio_ui5_key":"sapm.SearchField{\"placeholder\":\"Search\"}"}]}
COMMAND: GET /session/2c43d02fb6ccc6d518c848919d0720f8/screenshot - {}
RESULT: {"script":"<script> [1562 bytes]","args":[{"selector":{"controlType":"sap.m.SearchField","properties":{"placeholder":"Search"},"searchOpenDialogs":true,"interaction":{"idSuffix":"I"}},"wdio_ui5_key":"sapm.SearchField{\"placeholder\":\"Search\"}"}]}
RESULT: undefined
COMMAND: POST /session/2c43d02fb6ccc6d518c848919d0720f8/execute/async - {"script":"<script> [776 bytes]","args":[{"enterText":"10001013","selector":{"controlType":"sap.m.SearchField","properties":{"placeholder":"Search"},"searchOpenDialogs":true,"interaction":{"idSuffix":"I"}},"clearTextFirst":true,"interactionType":"ENTER_TEXT"}]}
RESULT: {}
RESULT: {"script":"<script> [776 bytes]","args":[{"enterText":"10001013","selector":{"controlType":"sap.m.SearchField","properties":{"placeholder":"Search"},"searchOpenDialogs":true,"interaction":{"idSuffix":"I"}},"clearTextFirst":true,"interactionType":"ENTER_TEXT"}]}
COMMAND: POST /session/2c43d02fb6ccc6d518c848919d0720f8/actions - {"actions":[{"id":"action28","type":"key","parameters":{},"actions":[{"type":"keyDown","value":""},{"type":"pause","duration":10},{"type":"keyUp","value":""}]}]}
RESULT: {"actions":[{"id":"action28","type":"key","parameters":{},"actions":[{"type":"keyDown","value":""},{"type":"pause","duration":10},{"type":"keyUp","value":""}]}]}
COMMAND: GET /session/2c43d02fb6ccc6d518c848919d0720f8/screenshot - {}
RESULT: {}
COMMAND: POST /session/2c43d02fb6ccc6d518c848919d0720f8/element - {"using":"xpath","value":"//span[contains(text(), \"General Management\")]"}
RESULT: {"using":"xpath","value":"//span[contains(text(), \"General Management\")]"}
COMMAND: POST /session/2c43d02fb6ccc6d518c848919d0720f8/element/f.291337A451B92CFAEC554A5CFCD049A1.d.6FE837FAB00023DE448F6BFCB789FFA9.e.6333/click - {}
RESULT: {}
COMMAND: GET /session/2c43d02fb6ccc6d518c848919d0720f8/screenshot - {}
RESULT: {}
COMMAND: POST /session/2c43d02fb6ccc6d518c848919d0720f8/element - {"using":"xpath","value":"//bdi[contains(text(), \"OK\")]"}
RESULT: {"using":"xpath","value":"//bdi[contains(text(), \"OK\")]"}
COMMAND: POST /session/2c43d02fb6ccc6d518c848919d0720f8/element/f.291337A451B92CFAEC554A5CFCD049A1.d.6FE837FAB00023DE448F6BFCB789FFA9.e.6334/click - {}
RESULT: {}
COMMAND: GET /session/2c43d02fb6ccc6d518c848919d0720f8/screenshot - {}
RESULT: {}
COMMAND: POST /session/2c43d02fb6ccc6d518c848919d0720f8/element - {"using":"xpath","value":"(//bdi[contains(@id ,\"BDI-content\")][contains(text(), \"Save\")])[1]"}
RESULT: {"using":"xpath","value":"(//bdi[contains(@id ,\"BDI-content\")][contains(text(), \"Save\")])[1]"}
COMMAND: POST /session/2c43d02fb6ccc6d518c848919d0720f8/element/f.291337A451B92CFAEC554A5CFCD049A1.d.6FE837FAB00023DE448F6BFCB789FFA9.e.6338/click - {}
RESULT: {}
COMMAND: GET /session/2c43d02fb6ccc6d518c848919d0720f8/screenshot - {}
RESULT: {}
COMMAND: POST /session/2c43d02fb6ccc6d518c848919d0720f8/execute/async - {"script":"<script> [1562 bytes]","args":[{"selector":{"controlType":"sap.ui.core.Icon","viewName":"etm.portal.ui.managerequests.view.NewRequest","properties":{"src":{"regex":{"source":"message\\-error"}}},"ancestor":{"controlType":"sap.m.ColumnListItem","viewName":"etm.portal.ui.managerequests.view.NewRequest","bindingPath":{"modelName":"newRequestItems","path":"/RequestItems/1"},"ancestor":{"id":"requestItemsTable","viewName":"etm.portal.ui.managerequests.view.NewRequest"}}},"wdio_ui5_key":"etmportal.ui.managerequests.view.NewRequestsap.ui.core.Icon{\"src\":{\"regex\":{\"source\":\"message\\\\-error\"}}}{\"controlType\":\"sap.m.ColumnListItem\",\"viewName\":\"etm.portal.ui.managerequests.view.NewRequest\",\"bindingPath\":{\"modelName\":\"newRequestItems\",\"path\":\"/RequestItems/1\"},\"ancestor\":{\"id\":\"requestItemsTable\",\"viewName\":\"etm.portal.ui.managerequests.view.NewRequest\"}}"}]}
RESULT: {"script":"<script> [1562 bytes]","args":[{"selector":{"controlType":"sap.ui.core.Icon","viewName":"etm.portal.ui.managerequests.view.NewRequest","properties":{"src":{"regex":{"source":"message\\-error"}}},"ancestor":{"controlType":"sap.m.ColumnListItem","viewName":"etm.portal.ui.managerequests.view.NewRequest","bindingPath":{"modelName":"newRequestItems","path":"/RequestItems/1"},"ancestor":{"id":"requestItemsTable","viewName":"etm.portal.ui.managerequests.view.NewRequest"}}},"wdio_ui5_key":"etmportal.ui.managerequests.view.NewRequestsap.ui.core.Icon{\"src\":{\"regex\":{\"source\":\"message\\\\-error\"}}}{\"controlType\":\"sap.m.ColumnListItem\",\"viewName\":\"etm.portal.ui.managerequests.view.NewRequest\",\"bindingPath\":{\"modelName\":\"newRequestItems\",\"path\":\"/RequestItems/1\"},\"ancestor\":{\"id\":\"requestItemsTable\",\"viewName\":\"etm.portal.ui.managerequests.view.NewRequest\"}}"}]}
RESULT: undefined
COMMAND: POST /session/2c43d02fb6ccc6d518c848919d0720f8/element - {"using":"xpath","value":"//*[@id=\"__status15-__xmlview61--requestItemsTable-1-icon\"]"}
RESULT: {"using":"xpath","value":"//*[@id=\"__status15-__xmlview61--requestItemsTable-1-icon\"]"}
COMMAND: POST /session/2c43d02fb6ccc6d518c848919d0720f8/element/f.291337A451B92CFAEC554A5CFCD049A1.d.6FE837FAB00023DE448F6BFCB789FFA9.e.6341/click - {}
RESULT: {}
COMMAND: GET /session/2c43d02fb6ccc6d518c848919d0720f8/screenshot - {}
RESULT: {}
RESULT: undefined
COMMAND: POST /session/2c43d02fb6ccc6d518c848919d0720f8/execute/async - {"script":"<script> [776 bytes]","args":[{"enterText":"Cost Center","selector":{"id":"costObjectAdminTypeComboBox","viewName":"etm.portal.ui.managerequests.view.NewRequest","searchOpenDialogs":true,"interaction":{"idSuffix":"inner"}},"clearTextFirst":true,"interactionType":"ENTER_TEXT"}]}
RESULT: {"script":"<script> [776 bytes]","args":[{"enterText":"Cost Center","selector":{"id":"costObjectAdminTypeComboBox","viewName":"etm.portal.ui.managerequests.view.NewRequest","searchOpenDialogs":true,"interaction":{"idSuffix":"inner"}},"clearTextFirst":true,"interactionType":"ENTER_TEXT"}]}
COMMAND: POST /session/2c43d02fb6ccc6d518c848919d0720f8/actions - {"actions":[{"id":"action29","type":"key","parameters":{},"actions":[{"type":"keyDown","value":""},{"type":"pause","duration":10},{"type":"keyUp","value":""}]}]}
RESULT: {"actions":[{"id":"action29","type":"key","parameters":{},"actions":[{"type":"keyDown","value":""},{"type":"pause","duration":10},{"type":"keyUp","value":""}]}]}
COMMAND: GET /session/2c43d02fb6ccc6d518c848919d0720f8/screenshot - {}
RESULT: {}
RESULT: undefined
COMMAND: POST /session/2c43d02fb6ccc6d518c848919d0720f8/element - {"using":"xpath","value":"//*[@id=\"__xmlview61--costObjectIdComboBox-vhi\"]"}
RESULT: {"using":"xpath","value":"//*[@id=\"__xmlview61--costObjectIdComboBox-vhi\"]"}
COMMAND: POST /session/2c43d02fb6ccc6d518c848919d0720f8/element/f.291337A451B92CFAEC554A5CFCD049A1.d.6FE837FAB00023DE448F6BFCB789FFA9.e.6351/click - {}
RESULT: {}
RESULT: undefined
COMMAND: POST /session/2c43d02fb6ccc6d518c848919d0720f8/execute/async - {"script":"<script> [776 bytes]","args":[{"enterText":"10001013","selector":{"controlType":"sap.m.SearchField","properties":{"placeholder":"Search"},"searchOpenDialogs":true,"interaction":{"idSuffix":"I"}},"clearTextFirst":true,"interactionType":"ENTER_TEXT"}]}
COMMAND: GET /session/2c43d02fb6ccc6d518c848919d0720f8/screenshot - {}
RESULT: {"script":"<script> [776 bytes]","args":[{"enterText":"10001013","selector":{"controlType":"sap.m.SearchField","properties":{"placeholder":"Search"},"searchOpenDialogs":true,"interaction":{"idSuffix":"I"}},"clearTextFirst":true,"interactionType":"ENTER_TEXT"}]}
COMMAND: POST /session/2c43d02fb6ccc6d518c848919d0720f8/actions - {"actions":[{"id":"action30","type":"key","parameters":{},"actions":[{"type":"keyDown","value":""},{"type":"pause","duration":10},{"type":"keyUp","value":""}]}]}
RESULT: {}
RESULT: {"actions":[{"id":"action30","type":"key","parameters":{},"actions":[{"type":"keyDown","value":""},{"type":"pause","duration":10},{"type":"keyUp","value":""}]}]}
COMMAND: GET /session/2c43d02fb6ccc6d518c848919d0720f8/screenshot - {}
RESULT: {}
COMMAND: POST /session/2c43d02fb6ccc6d518c848919d0720f8/element - {"using":"xpath","value":"//span[contains(text(), \"General Management\")]"}
RESULT: {"using":"xpath","value":"//span[contains(text(), \"General Management\")]"}
COMMAND: POST /session/2c43d02fb6ccc6d518c848919d0720f8/element/f.291337A451B92CFAEC554A5CFCD049A1.d.6FE837FAB00023DE448F6BFCB789FFA9.e.6390/click - {}
RESULT: {}
COMMAND: GET /session/2c43d02fb6ccc6d518c848919d0720f8/screenshot - {}
RESULT: {}
COMMAND: POST /session/2c43d02fb6ccc6d518c848919d0720f8/element - {"using":"xpath","value":"//bdi[contains(text(), \"OK\")]"}
RESULT: {"using":"xpath","value":"//bdi[contains(text(), \"OK\")]"}
COMMAND: POST /session/2c43d02fb6ccc6d518c848919d0720f8/element/f.291337A451B92CFAEC554A5CFCD049A1.d.6FE837FAB00023DE448F6BFCB789FFA9.e.6391/click - {}
RESULT: {}
COMMAND: GET /session/2c43d02fb6ccc6d518c848919d0720f8/screenshot - {}
RESULT: {}
COMMAND: POST /session/2c43d02fb6ccc6d518c848919d0720f8/element - {"using":"xpath","value":"(//bdi[contains(@id ,\"BDI-content\")][contains(text(), \"Save\")])[1]"}
RESULT: {"using":"xpath","value":"(//bdi[contains(@id ,\"BDI-content\")][contains(text(), \"Save\")])[1]"}
COMMAND: POST /session/2c43d02fb6ccc6d518c848919d0720f8/element/f.291337A451B92CFAEC554A5CFCD049A1.d.6FE837FAB00023DE448F6BFCB789FFA9.e.6395/click - {}
RESULT: {}
COMMAND: GET /session/2c43d02fb6ccc6d518c848919d0720f8/screenshot - {}
RESULT: {}
COMMAND: POST /session/2c43d02fb6ccc6d518c848919d0720f8/execute/async - {"script":"<script> [1562 bytes]","args":[{"selector":{"controlType":"sap.m.Button","viewName":"etm.portal.ui.managerequests.view.NewRequest","i18NText":{"propertyName":"tooltip","key":"save"},"interaction":{"idSuffix":"content"}},"wdio_ui5_key":"etmportal.ui.managerequests.view.NewRequestsap.m.Button{\"propertyName\":\"tooltip\",\"key\":\"save\"}"}]}
RESULT: {"script":"<script> [1562 bytes]","args":[{"selector":{"controlType":"sap.m.Button","viewName":"etm.portal.ui.managerequests.view.NewRequest","i18NText":{"propertyName":"tooltip","key":"save"},"interaction":{"idSuffix":"content"}},"wdio_ui5_key":"etmportal.ui.managerequests.view.NewRequestsap.m.Button{\"propertyName\":\"tooltip\",\"key\":\"save\"}"}]}
RESULT: undefined
COMMAND: POST /session/2c43d02fb6ccc6d518c848919d0720f8/element - {"using":"xpath","value":"//*[@id=\"__button107\"]"}
RESULT: {"using":"xpath","value":"//*[@id=\"__button107\"]"}
COMMAND: POST /session/2c43d02fb6ccc6d518c848919d0720f8/element/f.291337A451B92CFAEC554A5CFCD049A1.d.6FE837FAB00023DE448F6BFCB789FFA9.e.6143/click - {}
RESULT: {}
COMMAND: GET /session/2c43d02fb6ccc6d518c848919d0720f8/screenshot - {}
RESULT: {}
COMMAND: POST /session/2c43d02fb6ccc6d518c848919d0720f8/execute/async - {"script":"<script> [1562 bytes]","args":[{"selector":{"controlType":"sap.m.Title","properties":{"text":"Success"},"searchOpenDialogs":true},"wdio_ui5_key":"sapm.Title{\"text\":\"Success\"}"}]}
RESULT: {"script":"<script> [1562 bytes]","args":[{"selector":{"controlType":"sap.m.Title","properties":{"text":"Success"},"searchOpenDialogs":true},"wdio_ui5_key":"sapm.Title{\"text\":\"Success\"}"}]}
RESULT: undefined
COMMAND: POST /session/2c43d02fb6ccc6d518c848919d0720f8/execute/async - {"script":"<script> [6424 bytes]","args":[{"element-6066-11e4-a52e-4f735466cecf":"f.291337A451B92CFAEC554A5CFCD049A1.d.6FE837FAB00023DE448F6BFCB789FFA9.e.6401"},"getText",[]]}
RESULT: {"script":"<script> [6424 bytes]","args":[{"element-6066-11e4-a52e-4f735466cecf":"f.291337A451B92CFAEC554A5CFCD049A1.d.6FE837FAB00023DE448F6BFCB789FFA9.e.6401"},"getText",[]]}
COMMAND: POST /session/2c43d02fb6ccc6d518c848919d0720f8/execute/async - {"script":"<script> [1562 bytes]","args":[{"selector":{"controlType":"sap.m.Button","properties":{"text":"Close"},"searchOpenDialogs":true,"interaction":{"idSuffix":"BDI-content"}},"wdio_ui5_key":"sapm.Button{\"text\":\"Close\"}"}]}
RESULT: {"script":"<script> [1562 bytes]","args":[{"selector":{"controlType":"sap.m.Button","properties":{"text":"Close"},"searchOpenDialogs":true,"interaction":{"idSuffix":"BDI-content"}},"wdio_ui5_key":"sapm.Button{\"text\":\"Close\"}"}]}
RESULT: undefined
COMMAND: POST /session/2c43d02fb6ccc6d518c848919d0720f8/element - {"using":"xpath","value":"//*[@id=\"__mbox-btn-4\"]"}
RESULT: {"using":"xpath","value":"//*[@id=\"__mbox-btn-4\"]"}
COMMAND: POST /session/2c43d02fb6ccc6d518c848919d0720f8/element/f.291337A451B92CFAEC554A5CFCD049A1.d.6FE837FAB00023DE448F6BFCB789FFA9.e.6400/click - {}
RESULT: {}
COMMAND: GET /session/2c43d02fb6ccc6d518c848919d0720f8/screenshot - {}
RESULT: {}
COMMAND: POST /session/2c43d02fb6ccc6d518c848919d0720f8/execute/async - {"script":"<script> [1562 bytes]","args":[{"selector":{"controlType":"sap.m.Text","viewName":"etm.portal.ui.managerequests.view.Detail","bindingPath":{"propertyPath":"NO","modelName":"catalogModel"}},"wdio_ui5_key":"etmportal.ui.managerequests.view.Detailsap.m.Text{\"propertyPath\":\"NO\",\"modelName\":\"catalogModel\"}"}]}
RESULT: {"script":"<script> [1562 bytes]","args":[{"selector":{"controlType":"sap.m.Text","viewName":"etm.portal.ui.managerequests.view.Detail","bindingPath":{"propertyPath":"NO","modelName":"catalogModel"}},"wdio_ui5_key":"etmportal.ui.managerequests.view.Detailsap.m.Text{\"propertyPath\":\"NO\",\"modelName\":\"catalogModel\"}"}]}
RESULT: undefined
COMMAND: POST /session/2c43d02fb6ccc6d518c848919d0720f8/execute/async - {"script":"<script> [6424 bytes]","args":[{"element-6066-11e4-a52e-4f735466cecf":"f.291337A451B92CFAEC554A5CFCD049A1.d.6FE837FAB00023DE448F6BFCB789FFA9.e.6527"},"getText",[]]}
RESULT: {"script":"<script> [6424 bytes]","args":[{"element-6066-11e4-a52e-4f735466cecf":"f.291337A451B92CFAEC554A5CFCD049A1.d.6FE837FAB00023DE448F6BFCB789FFA9.e.6527"},"getText",[]]}
COMMAND: POST /session/2c43d02fb6ccc6d518c848919d0720f8/execute/async - {"script":"<script> [1562 bytes]","args":[{"selector":{"controlType":"sap.ui.core.Icon","viewName":"etm.portal.ui.managerequests.view.Detail","properties":{"src":{"regex":{"source":"date\\-time"}}},"ancestor":{"controlType":"sap.m.ColumnListItem","viewName":"etm.portal.ui.managerequests.view.Detail","bindingPath":{"path":"/SmartRequestItemsPlanningBoard(ITEM=10m,REQUEST='20205')"},"ancestor":{"id":"requestItemsTable","viewName":"etm.portal.ui.managerequests.view.Detail"}}},"wdio_ui5_key":"etmportal.ui.managerequests.view.Detailsap.ui.core.Icon{\"src\":{\"regex\":{\"source\":\"date\\\\-time\"}}}{\"controlType\":\"sap.m.ColumnListItem\",\"viewName\":\"etm.portal.ui.managerequests.view.Detail\",\"bindingPath\":{\"path\":\"/SmartRequestItemsPlanningBoard(ITEM=10m,REQUEST='20205')\"},\"ancestor\":{\"id\":\"requestItemsTable\",\"viewName\":\"etm.portal.ui.managerequests.view.Detail\"}}"}]}
RESULT: {"script":"<script> [1562 bytes]","args":[{"selector":{"controlType":"sap.ui.core.Icon","viewName":"etm.portal.ui.managerequests.view.Detail","properties":{"src":{"regex":{"source":"date\\-time"}}},"ancestor":{"controlType":"sap.m.ColumnListItem","viewName":"etm.portal.ui.managerequests.view.Detail","bindingPath":{"path":"/SmartRequestItemsPlanningBoard(ITEM=10m,REQUEST='20205')"},"ancestor":{"id":"requestItemsTable","viewName":"etm.portal.ui.managerequests.view.Detail"}}},"wdio_ui5_key":"etmportal.ui.managerequests.view.Detailsap.ui.core.Icon{\"src\":{\"regex\":{\"source\":\"date\\\\-time\"}}}{\"controlType\":\"sap.m.ColumnListItem\",\"viewName\":\"etm.portal.ui.managerequests.view.Detail\",\"bindingPath\":{\"path\":\"/SmartRequestItemsPlanningBoard(ITEM=10m,REQUEST='20205')\"},\"ancestor\":{\"id\":\"requestItemsTable\",\"viewName\":\"etm.portal.ui.managerequests.view.Detail\"}}"}]}
RESULT: undefined
COMMAND: POST /session/2c43d02fb6ccc6d518c848919d0720f8/element - {"using":"xpath","value":"//*[@id=\"__button137-__clone8178-img\"]"}
RESULT: {"using":"xpath","value":"//*[@id=\"__button137-__clone8178-img\"]"}
COMMAND: POST /session/2c43d02fb6ccc6d518c848919d0720f8/element/f.291337A451B92CFAEC554A5CFCD049A1.d.6FE837FAB00023DE448F6BFCB789FFA9.e.6528/click - {}
RESULT: {}
COMMAND: POST /session/2c43d02fb6ccc6d518c848919d0720f8/execute/async - {"script":"<script> [1562 bytes]","args":[{"selector":{"controlType":"sap.m.Button","viewName":"etm.portal.ui.managerequests.view.Detail","properties":{"text":"Close"},"searchOpenDialogs":true,"interaction":{"idSuffix":"BDI-content"}},"wdio_ui5_key":"etmportal.ui.managerequests.view.Detailsap.m.Button{\"text\":\"Close\"}"}]}
COMMAND: GET /session/2c43d02fb6ccc6d518c848919d0720f8/screenshot - {}
RESULT: {"script":"<script> [1562 bytes]","args":[{"selector":{"controlType":"sap.m.Button","viewName":"etm.portal.ui.managerequests.view.Detail","properties":{"text":"Close"},"searchOpenDialogs":true,"interaction":{"idSuffix":"BDI-content"}},"wdio_ui5_key":"etmportal.ui.managerequests.view.Detailsap.m.Button{\"text\":\"Close\"}"}]}
RESULT: undefined
COMMAND: POST /session/2c43d02fb6ccc6d518c848919d0720f8/element - {"using":"xpath","value":"//*[@id=\"__button147\"]"}
RESULT: {}
RESULT: {"using":"xpath","value":"//*[@id=\"__button147\"]"}
COMMAND: POST /session/2c43d02fb6ccc6d518c848919d0720f8/element/f.291337A451B92CFAEC554A5CFCD049A1.d.6FE837FAB00023DE448F6BFCB789FFA9.e.6530/click - {}
RESULT: {}
COMMAND: POST /session/2c43d02fb6ccc6d518c848919d0720f8/execute/async - {"script":"<script> [1562 bytes]","args":[{"selector":{"controlType":"sap.ui.core.Icon","viewName":"etm.portal.ui.managerequests.view.Detail","properties":{"src":{"regex":{"source":"date\\-time"}}},"ancestor":{"controlType":"sap.m.ColumnListItem","viewName":"etm.portal.ui.managerequests.view.Detail","bindingPath":{"path":"/SmartRequestItemsPlanningBoard(ITEM=20m,REQUEST='20205')"},"ancestor":{"id":"requestItemsTable","viewName":"etm.portal.ui.managerequests.view.Detail"}}},"wdio_ui5_key":"etmportal.ui.managerequests.view.Detailsap.ui.core.Icon{\"src\":{\"regex\":{\"source\":\"date\\\\-time\"}}}{\"controlType\":\"sap.m.ColumnListItem\",\"viewName\":\"etm.portal.ui.managerequests.view.Detail\",\"bindingPath\":{\"path\":\"/SmartRequestItemsPlanningBoard(ITEM=20m,REQUEST='20205')\"},\"ancestor\":{\"id\":\"requestItemsTable\",\"viewName\":\"etm.portal.ui.managerequests.view.Detail\"}}"}]}
COMMAND: GET /session/2c43d02fb6ccc6d518c848919d0720f8/screenshot - {}
RESULT: {"script":"<script> [1562 bytes]","args":[{"selector":{"controlType":"sap.ui.core.Icon","viewName":"etm.portal.ui.managerequests.view.Detail","properties":{"src":{"regex":{"source":"date\\-time"}}},"ancestor":{"controlType":"sap.m.ColumnListItem","viewName":"etm.portal.ui.managerequests.view.Detail","bindingPath":{"path":"/SmartRequestItemsPlanningBoard(ITEM=20m,REQUEST='20205')"},"ancestor":{"id":"requestItemsTable","viewName":"etm.portal.ui.managerequests.view.Detail"}}},"wdio_ui5_key":"etmportal.ui.managerequests.view.Detailsap.ui.core.Icon{\"src\":{\"regex\":{\"source\":\"date\\\\-time\"}}}{\"controlType\":\"sap.m.ColumnListItem\",\"viewName\":\"etm.portal.ui.managerequests.view.Detail\",\"bindingPath\":{\"path\":\"/SmartRequestItemsPlanningBoard(ITEM=20m,REQUEST='20205')\"},\"ancestor\":{\"id\":\"requestItemsTable\",\"viewName\":\"etm.portal.ui.managerequests.view.Detail\"}}"}]}
RESULT: undefined
COMMAND: POST /session/2c43d02fb6ccc6d518c848919d0720f8/element - {"using":"xpath","value":"//*[@id=\"__button137-__clone8179-img\"]"}
RESULT: {}
RESULT: {"using":"xpath","value":"//*[@id=\"__button137-__clone8179-img\"]"}
COMMAND: POST /session/2c43d02fb6ccc6d518c848919d0720f8/element/f.291337A451B92CFAEC554A5CFCD049A1.d.6FE837FAB00023DE448F6BFCB789FFA9.e.6537/click - {}
RESULT: {}
RESULT: undefined
COMMAND: POST /session/2c43d02fb6ccc6d518c848919d0720f8/element - {"using":"xpath","value":"//*[@id=\"__button147\"]"}
COMMAND: GET /session/2c43d02fb6ccc6d518c848919d0720f8/screenshot - {}
RESULT: {"using":"xpath","value":"//*[@id=\"__button147\"]"}
COMMAND: POST /session/2c43d02fb6ccc6d518c848919d0720f8/elements - {"using":"xpath","value":"//*[@id=\"__button147\"]"}
RESULT: {}
RESULT: {"using":"xpath","value":"//*[@id=\"__button147\"]"}
COMMAND: POST /session/2c43d02fb6ccc6d518c848919d0720f8/elements - {"using":"xpath","value":"//*[@id=\"__button147\"]"}
RESULT: {"using":"xpath","value":"//*[@id=\"__button147\"]"}
COMMAND: POST /session/2c43d02fb6ccc6d518c848919d0720f8/element - {"using":"xpath","value":"//*[@id=\"__button147\"]"}
RESULT: {"using":"xpath","value":"//*[@id=\"__button147\"]"}
COMMAND: POST /session/2c43d02fb6ccc6d518c848919d0720f8/element/f.291337A451B92CFAEC554A5CFCD049A1.d.6FE837FAB00023DE448F6BFCB789FFA9.e.6541/click - {}
RESULT: {}
COMMAND: POST /session/2c43d02fb6ccc6d518c848919d0720f8/element - {"using":"css selector","value":"#shell-header-logo"}
COMMAND: GET /session/2c43d02fb6ccc6d518c848919d0720f8/screenshot - {}
RESULT: {"using":"css selector","value":"#shell-header-logo"}
COMMAND: POST /session/2c43d02fb6ccc6d518c848919d0720f8/element/f.291337A451B92CFAEC554A5CFCD049A1.d.6FE837FAB00023DE448F6BFCB789FFA9.e.5636/click - {}
RESULT: {}
RESULT: {}
COMMAND: GET /session/2c43d02fb6ccc6d518c848919d0720f8/screenshot - {}
RESULT: {}
]]></system-out>
    </testcase>
    <testcase classname="chrome.136_0_7103_93.windows.Standard_contract_-_add_contract_items_by_Insert_Request_US118222" name="Should insert the request into the contract" time="62.906">
      <system-out><![CDATA[
RESULT: undefined
COMMAND: POST /session/2c43d02fb6ccc6d518c848919d0720f8/element - {"using":"xpath","value":"//*[@id=\"__tile130\"]"}
RESULT: {"using":"xpath","value":"//*[@id=\"__tile130\"]"}
COMMAND: POST /session/2c43d02fb6ccc6d518c848919d0720f8/element/f.291337A451B92CFAEC554A5CFCD049A1.d.6FE837FAB00023DE448F6BFCB789FFA9.e.5160/click - {}
RESULT: {}
COMMAND: GET /session/2c43d02fb6ccc6d518c848919d0720f8/screenshot - {}
RESULT: {}
COMMAND: POST /session/2c43d02fb6ccc6d518c848919d0720f8/elements - {"using":"xpath","value":"//span[text()='Error']"}
RESULT: {"using":"xpath","value":"//span[text()='Error']"}
COMMAND: POST /session/2c43d02fb6ccc6d518c848919d0720f8/execute/async - {"script":"<script> [1562 bytes]","args":[{"selector":{"controlType":"sap.m.SearchField","viewName":"etm.portal.ui.managecontracts.view.Master","bindingPath":{"path":"","propertyPath":"/_BASIC_SEARCH_FIELD","modelName":"fi1t3rM0d31"},"interaction":{"idSuffix":"I"}},"wdio_ui5_key":"etmportal.ui.managecontracts.view.Mastersap.m.SearchField{\"path\":\"\",\"propertyPath\":\"/_BASIC_SEARCH_FIELD\",\"modelName\":\"fi1t3rM0d31\"}"}]}
RESULT: {"script":"<script> [1562 bytes]","args":[{"selector":{"controlType":"sap.m.SearchField","viewName":"etm.portal.ui.managecontracts.view.Master","bindingPath":{"path":"","propertyPath":"/_BASIC_SEARCH_FIELD","modelName":"fi1t3rM0d31"},"interaction":{"idSuffix":"I"}},"wdio_ui5_key":"etmportal.ui.managecontracts.view.Mastersap.m.SearchField{\"path\":\"\",\"propertyPath\":\"/_BASIC_SEARCH_FIELD\",\"modelName\":\"fi1t3rM0d31\"}"}]}
RESULT: undefined
COMMAND: POST /session/2c43d02fb6ccc6d518c848919d0720f8/execute/async - {"script":"<script> [776 bytes]","args":[{"enterText":"10422","selector":{"controlType":"sap.m.SearchField","viewName":"etm.portal.ui.managecontracts.view.Master","bindingPath":{"path":"","propertyPath":"/_BASIC_SEARCH_FIELD","modelName":"fi1t3rM0d31"},"interaction":{"idSuffix":"I"}},"clearTextFirst":true,"interactionType":"ENTER_TEXT"}]}
RESULT: {"script":"<script> [776 bytes]","args":[{"enterText":"10422","selector":{"controlType":"sap.m.SearchField","viewName":"etm.portal.ui.managecontracts.view.Master","bindingPath":{"path":"","propertyPath":"/_BASIC_SEARCH_FIELD","modelName":"fi1t3rM0d31"},"interaction":{"idSuffix":"I"}},"clearTextFirst":true,"interactionType":"ENTER_TEXT"}]}
COMMAND: POST /session/2c43d02fb6ccc6d518c848919d0720f8/actions - {"actions":[{"id":"action31","type":"key","parameters":{},"actions":[{"type":"keyDown","value":""},{"type":"pause","duration":10},{"type":"keyUp","value":""}]}]}
RESULT: {"actions":[{"id":"action31","type":"key","parameters":{},"actions":[{"type":"keyDown","value":""},{"type":"pause","duration":10},{"type":"keyUp","value":""}]}]}
COMMAND: GET /session/2c43d02fb6ccc6d518c848919d0720f8/screenshot - {}
RESULT: {}
COMMAND: POST /session/2c43d02fb6ccc6d518c848919d0720f8/execute/async - {"script":"<script> [1562 bytes]","args":[{"selector":{"controlType":"sap.ui.core.Icon","viewName":"etm.portal.ui.managecontracts.view.Master","properties":{"src":{"regex":{"source":"slim\\-arrow\\-right"}}}},"wdio_ui5_key":"etmportal.ui.managecontracts.view.Mastersap.ui.core.Icon{\"src\":{\"regex\":{\"source\":\"slim\\\\-arrow\\\\-right\"}}}"}]}
RESULT: {"script":"<script> [1562 bytes]","args":[{"selector":{"controlType":"sap.ui.core.Icon","viewName":"etm.portal.ui.managecontracts.view.Master","properties":{"src":{"regex":{"source":"slim\\-arrow\\-right"}}}},"wdio_ui5_key":"etmportal.ui.managecontracts.view.Mastersap.ui.core.Icon{\"src\":{\"regex\":{\"source\":\"slim\\\\-arrow\\\\-right\"}}}"}]}
RESULT: undefined
COMMAND: POST /session/2c43d02fb6ccc6d518c848919d0720f8/element - {"using":"xpath","value":"//*[@id=\"__item2459-__clone8288-imgNav\"]"}
RESULT: {"using":"xpath","value":"//*[@id=\"__item2459-__clone8288-imgNav\"]"}
COMMAND: POST /session/2c43d02fb6ccc6d518c848919d0720f8/element/f.291337A451B92CFAEC554A5CFCD049A1.d.6FE837FAB00023DE448F6BFCB789FFA9.e.6663/click - {}
RESULT: {}
COMMAND: POST /session/2c43d02fb6ccc6d518c848919d0720f8/execute/async - {"script":"<script> [1562 bytes]","args":[{"selector":{"id":"addRequestItemBtn","viewName":"etm.portal.ui.managecontracts.view.Detail","interaction":{"idSuffix":"BDI-content"}},"wdio_ui5_key":"addRequestItemBtnetmportal.ui.managecontracts.view.Detail"}]}
COMMAND: GET /session/2c43d02fb6ccc6d518c848919d0720f8/screenshot - {}
RESULT: {"script":"<script> [1562 bytes]","args":[{"selector":{"id":"addRequestItemBtn","viewName":"etm.portal.ui.managecontracts.view.Detail","interaction":{"idSuffix":"BDI-content"}},"wdio_ui5_key":"addRequestItemBtnetmportal.ui.managecontracts.view.Detail"}]}
RESULT: undefined
COMMAND: POST /session/2c43d02fb6ccc6d518c848919d0720f8/element - {"using":"xpath","value":"//*[@id=\"__xmlview64--addRequestItemBtn\"]"}
RESULT: {}
RESULT: {"using":"xpath","value":"//*[@id=\"__xmlview64--addRequestItemBtn\"]"}
COMMAND: POST /session/2c43d02fb6ccc6d518c848919d0720f8/element/f.291337A451B92CFAEC554A5CFCD049A1.d.6FE837FAB00023DE448F6BFCB789FFA9.e.6731/click - {}
RESULT: {}
COMMAND: GET /session/2c43d02fb6ccc6d518c848919d0720f8/screenshot - {}
RESULT: {}
COMMAND: POST /session/2c43d02fb6ccc6d518c848919d0720f8/element - {"using":"xpath","value":"//div[contains(@id ,\"popupRequestTable-sa-CbBg\")]"}
RESULT: {"using":"xpath","value":"//div[contains(@id ,\"popupRequestTable-sa-CbBg\")]"}
COMMAND: POST /session/2c43d02fb6ccc6d518c848919d0720f8/element/f.291337A451B92CFAEC554A5CFCD049A1.d.6FE837FAB00023DE448F6BFCB789FFA9.e.6848/click - {}
RESULT: {}
COMMAND: GET /session/2c43d02fb6ccc6d518c848919d0720f8/screenshot - {}
RESULT: {}
COMMAND: POST /session/2c43d02fb6ccc6d518c848919d0720f8/execute/async - {"script":"<script> [1562 bytes]","args":[{"selector":{"controlType":"sap.m.Button","viewName":"etm.portal.ui.managecontracts.view.Detail","i18NText":{"propertyName":"text","key":"selectionDone"},"searchOpenDialogs":true,"interaction":{"idSuffix":"BDI-content"}},"wdio_ui5_key":"etmportal.ui.managecontracts.view.Detailsap.m.Button{\"propertyName\":\"text\",\"key\":\"selectionDone\"}"}]}
RESULT: {"script":"<script> [1562 bytes]","args":[{"selector":{"controlType":"sap.m.Button","viewName":"etm.portal.ui.managecontracts.view.Detail","i18NText":{"propertyName":"text","key":"selectionDone"},"searchOpenDialogs":true,"interaction":{"idSuffix":"BDI-content"}},"wdio_ui5_key":"etmportal.ui.managecontracts.view.Detailsap.m.Button{\"propertyName\":\"text\",\"key\":\"selectionDone\"}"}]}
RESULT: undefined
COMMAND: POST /session/2c43d02fb6ccc6d518c848919d0720f8/element - {"using":"xpath","value":"//*[@id=\"__button158\"]"}
RESULT: {"using":"xpath","value":"//*[@id=\"__button158\"]"}
COMMAND: POST /session/2c43d02fb6ccc6d518c848919d0720f8/element/f.291337A451B92CFAEC554A5CFCD049A1.d.6FE837FAB00023DE448F6BFCB789FFA9.e.6851/click - {}
RESULT: {}
COMMAND: POST /session/2c43d02fb6ccc6d518c848919d0720f8/execute/async - {"script":"<script> [1562 bytes]","args":[{"selector":{"controlType":"sap.m.Text","properties":{"text":"Started processing request items into the contract."},"searchOpenDialogs":true},"wdio_ui5_key":"sapm.Text{\"text\":\"Started processing request items into the contract.\"}"}]}
COMMAND: GET /session/2c43d02fb6ccc6d518c848919d0720f8/screenshot - {}
RESULT: {"script":"<script> [1562 bytes]","args":[{"selector":{"controlType":"sap.m.Text","properties":{"text":"Started processing request items into the contract."},"searchOpenDialogs":true},"wdio_ui5_key":"sapm.Text{\"text\":\"Started processing request items into the contract.\"}"}]}
RESULT: undefined
COMMAND: POST /session/2c43d02fb6ccc6d518c848919d0720f8/execute/async - {"script":"<script> [6424 bytes]","args":[{"element-6066-11e4-a52e-4f735466cecf":"f.291337A451B92CFAEC554A5CFCD049A1.d.6FE837FAB00023DE448F6BFCB789FFA9.e.6853"},"getText",[]]}
RESULT: {}
RESULT: {"script":"<script> [6424 bytes]","args":[{"element-6066-11e4-a52e-4f735466cecf":"f.291337A451B92CFAEC554A5CFCD049A1.d.6FE837FAB00023DE448F6BFCB789FFA9.e.6853"},"getText",[]]}
COMMAND: POST /session/2c43d02fb6ccc6d518c848919d0720f8/execute/async - {"script":"<script> [1562 bytes]","args":[{"selector":{"controlType":"sap.m.Button","properties":{"text":"OK"},"searchOpenDialogs":true,"interaction":{"idSuffix":"inner"}},"wdio_ui5_key":"sapm.Button{\"text\":\"OK\"}"}]}
RESULT: {"script":"<script> [1562 bytes]","args":[{"selector":{"controlType":"sap.m.Button","properties":{"text":"OK"},"searchOpenDialogs":true,"interaction":{"idSuffix":"inner"}},"wdio_ui5_key":"sapm.Button{\"text\":\"OK\"}"}]}
RESULT: undefined
COMMAND: POST /session/2c43d02fb6ccc6d518c848919d0720f8/element - {"using":"xpath","value":"//*[@id=\"__mbox-btn-5\"]"}
RESULT: {"using":"xpath","value":"//*[@id=\"__mbox-btn-5\"]"}
COMMAND: POST /session/2c43d02fb6ccc6d518c848919d0720f8/element/f.291337A451B92CFAEC554A5CFCD049A1.d.6FE837FAB00023DE448F6BFCB789FFA9.e.6852/click - {}
RESULT: {}
COMMAND: POST /session/2c43d02fb6ccc6d518c848919d0720f8/execute/async - {"script":"<script> [1562 bytes]","args":[{"selector":{"id":"headerBillingItemsTabFilter","viewName":"etm.portal.ui.managecontracts.view.Detail","interaction":{"idSuffix":"text"}},"wdio_ui5_key":"headerBillingItemsTabFilteretmportal.ui.managecontracts.view.Detail"}]}
COMMAND: GET /session/2c43d02fb6ccc6d518c848919d0720f8/screenshot - {}
RESULT: {}
RESULT: {"script":"<script> [1562 bytes]","args":[{"selector":{"id":"headerBillingItemsTabFilter","viewName":"etm.portal.ui.managecontracts.view.Detail","interaction":{"idSuffix":"text"}},"wdio_ui5_key":"headerBillingItemsTabFilteretmportal.ui.managecontracts.view.Detail"}]}
RESULT: undefined
COMMAND: POST /session/2c43d02fb6ccc6d518c848919d0720f8/element - {"using":"xpath","value":"//*[@id=\"__xmlview64--headerBillingItemsTabFilter\"]"}
RESULT: {"using":"xpath","value":"//*[@id=\"__xmlview64--headerBillingItemsTabFilter\"]"}
COMMAND: POST /session/2c43d02fb6ccc6d518c848919d0720f8/element/f.291337A451B92CFAEC554A5CFCD049A1.d.6FE837FAB00023DE448F6BFCB789FFA9.e.6864/click - {}
RESULT: {}
COMMAND: GET /session/2c43d02fb6ccc6d518c848919d0720f8/screenshot - {}
RESULT: {}
COMMAND: POST /session/2c43d02fb6ccc6d518c848919d0720f8/execute/async - {"script":"<script> [1562 bytes]","args":[{"selector":{"controlType":"sap.ui.core.Icon","viewName":"etm.portal.ui.managecontracts.view.Detail","properties":{"src":{"regex":{"source":"synchronize"}}}},"wdio_ui5_key":"etmportal.ui.managecontracts.view.Detailsap.ui.core.Icon{\"src\":{\"regex\":{\"source\":\"synchronize\"}}}"}]}
RESULT: {"script":"<script> [1562 bytes]","args":[{"selector":{"controlType":"sap.ui.core.Icon","viewName":"etm.portal.ui.managecontracts.view.Detail","properties":{"src":{"regex":{"source":"synchronize"}}}},"wdio_ui5_key":"etmportal.ui.managecontracts.view.Detailsap.ui.core.Icon{\"src\":{\"regex\":{\"source\":\"synchronize\"}}}"}]}
RESULT: undefined
COMMAND: POST /session/2c43d02fb6ccc6d518c848919d0720f8/element - {"using":"xpath","value":"//*[@id=\"__xmlview64--btnToggleUpdate-img\"]"}
RESULT: {"using":"xpath","value":"//*[@id=\"__xmlview64--btnToggleUpdate-img\"]"}
COMMAND: POST /session/2c43d02fb6ccc6d518c848919d0720f8/element/f.291337A451B92CFAEC554A5CFCD049A1.d.6FE837FAB00023DE448F6BFCB789FFA9.e.6730/click - {}
RESULT: {}
COMMAND: GET /session/2c43d02fb6ccc6d518c848919d0720f8/screenshot - {}
RESULT: {}
RESULT: undefined
COMMAND: POST /session/2c43d02fb6ccc6d518c848919d0720f8/element - {"using":"xpath","value":"//*[@id=\"__xmlview64--headerBillingItemsTabFilter\"]"}
RESULT: {"using":"xpath","value":"//*[@id=\"__xmlview64--headerBillingItemsTabFilter\"]"}
COMMAND: POST /session/2c43d02fb6ccc6d518c848919d0720f8/element/f.291337A451B92CFAEC554A5CFCD049A1.d.6FE837FAB00023DE448F6BFCB789FFA9.e.6864/click - {}
RESULT: {}
COMMAND: POST /session/2c43d02fb6ccc6d518c848919d0720f8/execute/async - {"script":"<script> [1562 bytes]","args":[{"selector":{"controlType":"sap.m.Title","viewName":"etm.portal.ui.managecontracts.view.Detail","properties":{"text":"Contract Items (2)"}},"wdio_ui5_key":"etmportal.ui.managecontracts.view.Detailsap.m.Title{\"text\":\"Contract Items (2)\"}"}]}
COMMAND: GET /session/2c43d02fb6ccc6d518c848919d0720f8/screenshot - {}
RESULT: {"script":"<script> [1562 bytes]","args":[{"selector":{"controlType":"sap.m.Title","viewName":"etm.portal.ui.managecontracts.view.Detail","properties":{"text":"Contract Items (2)"}},"wdio_ui5_key":"etmportal.ui.managecontracts.view.Detailsap.m.Title{\"text\":\"Contract Items (2)\"}"}]}
RESULT: undefined
COMMAND: POST /session/2c43d02fb6ccc6d518c848919d0720f8/execute/async - {"script":"<script> [6424 bytes]","args":[{"element-6066-11e4-a52e-4f735466cecf":"f.291337A451B92CFAEC554A5CFCD049A1.d.6FE837FAB00023DE448F6BFCB789FFA9.e.6872"},"getText",[]]}
RESULT: {}
RESULT: {"script":"<script> [6424 bytes]","args":[{"element-6066-11e4-a52e-4f735466cecf":"f.291337A451B92CFAEC554A5CFCD049A1.d.6FE837FAB00023DE448F6BFCB789FFA9.e.6872"},"getText",[]]}
COMMAND: POST /session/2c43d02fb6ccc6d518c848919d0720f8/execute/async - {"script":"<script> [1562 bytes]","args":[{"selector":{"controlType":"sap.m.ObjectStatus","viewName":"etm.portal.ui.managecontracts.view.Detail","bindingPath":{"path":"/SmartContractItems(CONTRACT='10422',ITEM=10m,SUB_ITEM=0m)","propertyPath":"STATUS"}},"wdio_ui5_key":"etmportal.ui.managecontracts.view.Detailsap.m.ObjectStatus{\"path\":\"/SmartContractItems(CONTRACT='10422',ITEM=10m,SUB_ITEM=0m)\",\"propertyPath\":\"STATUS\"}"}]}
RESULT: {"script":"<script> [1562 bytes]","args":[{"selector":{"controlType":"sap.m.ObjectStatus","viewName":"etm.portal.ui.managecontracts.view.Detail","bindingPath":{"path":"/SmartContractItems(CONTRACT='10422',ITEM=10m,SUB_ITEM=0m)","propertyPath":"STATUS"}},"wdio_ui5_key":"etmportal.ui.managecontracts.view.Detailsap.m.ObjectStatus{\"path\":\"/SmartContractItems(CONTRACT='10422',ITEM=10m,SUB_ITEM=0m)\",\"propertyPath\":\"STATUS\"}"}]}
RESULT: undefined
COMMAND: POST /session/2c43d02fb6ccc6d518c848919d0720f8/execute/async - {"script":"<script> [6424 bytes]","args":[{"element-6066-11e4-a52e-4f735466cecf":"f.291337A451B92CFAEC554A5CFCD049A1.d.6FE837FAB00023DE448F6BFCB789FFA9.e.6874"},"getText",[]]}
RESULT: {"script":"<script> [6424 bytes]","args":[{"element-6066-11e4-a52e-4f735466cecf":"f.291337A451B92CFAEC554A5CFCD049A1.d.6FE837FAB00023DE448F6BFCB789FFA9.e.6874"},"getText",[]]}
COMMAND: POST /session/2c43d02fb6ccc6d518c848919d0720f8/execute/async - {"script":"<script> [1562 bytes]","args":[{"selector":{"controlType":"sap.m.ObjectStatus","viewName":"etm.portal.ui.managecontracts.view.Detail","bindingPath":{"path":"/SmartContractItems(CONTRACT='10422',ITEM=20m,SUB_ITEM=0m)","propertyPath":"STATUS"}},"wdio_ui5_key":"etmportal.ui.managecontracts.view.Detailsap.m.ObjectStatus{\"path\":\"/SmartContractItems(CONTRACT='10422',ITEM=20m,SUB_ITEM=0m)\",\"propertyPath\":\"STATUS\"}"}]}
RESULT: {"script":"<script> [1562 bytes]","args":[{"selector":{"controlType":"sap.m.ObjectStatus","viewName":"etm.portal.ui.managecontracts.view.Detail","bindingPath":{"path":"/SmartContractItems(CONTRACT='10422',ITEM=20m,SUB_ITEM=0m)","propertyPath":"STATUS"}},"wdio_ui5_key":"etmportal.ui.managecontracts.view.Detailsap.m.ObjectStatus{\"path\":\"/SmartContractItems(CONTRACT='10422',ITEM=20m,SUB_ITEM=0m)\",\"propertyPath\":\"STATUS\"}"}]}
RESULT: undefined
COMMAND: POST /session/2c43d02fb6ccc6d518c848919d0720f8/execute/async - {"script":"<script> [6424 bytes]","args":[{"element-6066-11e4-a52e-4f735466cecf":"f.291337A451B92CFAEC554A5CFCD049A1.d.6FE837FAB00023DE448F6BFCB789FFA9.e.6875"},"getText",[]]}
RESULT: {"script":"<script> [6424 bytes]","args":[{"element-6066-11e4-a52e-4f735466cecf":"f.291337A451B92CFAEC554A5CFCD049A1.d.6FE837FAB00023DE448F6BFCB789FFA9.e.6875"},"getText",[]]}
]]></system-out>
    </testcase>
  </testsuite>
  <testsuite timestamp="2025-06-01T18:07:19" time="92.08" tests="1" failures="0" errors="0" skipped="0">
    <properties>
      <property name="specId" value="0"/>
      <property name="suiteName" value="Manage contracts - revert request US152962"/>
      <property name="capabilities" value="chrome.136_0_7103_93.windows"/>
      <property name="file" value="file:///D:/a/1/s/test/specs/R2C/manage-contracts-revert-request.spec.js"/>
    </properties>
    <testcase classname="chrome.136_0_7103_93.windows.Manage_contracts_-_revert_request_US152962" name="Should revert the request" time="92.078">
      <system-out><![CDATA[
COMMAND: POST /session/2c43d02fb6ccc6d518c848919d0720f8/execute/async - {"script":"<script> [1562 bytes]","args":[{"selector":{"id":"revertPlanningBtn","viewName":"etm.portal.ui.managecontracts.view.Detail","interaction":{"idSuffix":"BDI-content"}},"wdio_ui5_key":"revertPlanningBtnetmportal.ui.managecontracts.view.Detail"}]}
RESULT: {"script":"<script> [1562 bytes]","args":[{"selector":{"id":"revertPlanningBtn","viewName":"etm.portal.ui.managecontracts.view.Detail","interaction":{"idSuffix":"BDI-content"}},"wdio_ui5_key":"revertPlanningBtnetmportal.ui.managecontracts.view.Detail"}]}
RESULT: undefined
COMMAND: POST /session/2c43d02fb6ccc6d518c848919d0720f8/element - {"using":"xpath","value":"//*[@id=\"__xmlview64--revertPlanningBtn\"]"}
RESULT: {"using":"xpath","value":"//*[@id=\"__xmlview64--revertPlanningBtn\"]"}
COMMAND: POST /session/2c43d02fb6ccc6d518c848919d0720f8/element/f.291337A451B92CFAEC554A5CFCD049A1.d.6FE837FAB00023DE448F6BFCB789FFA9.e.6734/click - {}
RESULT: {}
COMMAND: POST /session/2c43d02fb6ccc6d518c848919d0720f8/element - {"using":"xpath","value":"(//div[contains(@id ,\"selectMulti-CbBg\")])[2]"}
COMMAND: GET /session/2c43d02fb6ccc6d518c848919d0720f8/screenshot - {}
RESULT: {"using":"xpath","value":"(//div[contains(@id ,\"selectMulti-CbBg\")])[2]"}
COMMAND: POST /session/2c43d02fb6ccc6d518c848919d0720f8/element/f.291337A451B92CFAEC554A5CFCD049A1.d.6FE837FAB00023DE448F6BFCB789FFA9.e.6922/click - {}
RESULT: {}
RESULT: {}
COMMAND: GET /session/2c43d02fb6ccc6d518c848919d0720f8/screenshot - {}
RESULT: {}
COMMAND: POST /session/2c43d02fb6ccc6d518c848919d0720f8/element - {"using":"xpath","value":"//span[contains(@id ,\"executeRevertPlanningBtn-content\")]"}
RESULT: {"using":"xpath","value":"//span[contains(@id ,\"executeRevertPlanningBtn-content\")]"}
COMMAND: POST /session/2c43d02fb6ccc6d518c848919d0720f8/element/f.291337A451B92CFAEC554A5CFCD049A1.d.6FE837FAB00023DE448F6BFCB789FFA9.e.6923/click - {}
RESULT: {}
COMMAND: GET /session/2c43d02fb6ccc6d518c848919d0720f8/screenshot - {}
RESULT: {}
COMMAND: POST /session/2c43d02fb6ccc6d518c848919d0720f8/actions - {"actions":[{"id":"action32","type":"key","parameters":{},"actions":[{"type":"keyDown","value":""},{"type":"pause","duration":10},{"type":"keyUp","value":""}]}]}
RESULT: {"actions":[{"id":"action32","type":"key","parameters":{},"actions":[{"type":"keyDown","value":""},{"type":"pause","duration":10},{"type":"keyUp","value":""}]}]}
COMMAND: GET /session/2c43d02fb6ccc6d518c848919d0720f8/screenshot - {}
RESULT: {}
COMMAND: POST /session/2c43d02fb6ccc6d518c848919d0720f8/refresh - {}
RESULT: {}
COMMAND: GET /session/2c43d02fb6ccc6d518c848919d0720f8/screenshot - {}
RESULT: {}
COMMAND: POST /session/2c43d02fb6ccc6d518c848919d0720f8/execute/async - {"script":"<script> [189 bytes]","args":[]}
RESULT: {"script":"<script> [189 bytes]","args":[]}
COMMAND: POST /session/2c43d02fb6ccc6d518c848919d0720f8/execute/async - {"script":"<script> [123 bytes]","args":[]}
RESULT: {"script":"<script> [123 bytes]","args":[]}
COMMAND: POST /session/2c43d02fb6ccc6d518c848919d0720f8/timeouts - {"script":"<number>"}
RESULT: {"script":"<number>"}
COMMAND: GET /session/2c43d02fb6ccc6d518c848919d0720f8/timeouts - {}
RESULT: {}
RESULT: undefined
COMMAND: POST /session/2c43d02fb6ccc6d518c848919d0720f8/execute/async - {"script":"<script> [2676 bytes]","args":[]}
RESULT: {"script":"<script> [2676 bytes]","args":[]}
COMMAND: POST /session/2c43d02fb6ccc6d518c848919d0720f8/execute/async - {"script":"<script> [2342 bytes]","args":[{"protocol":"http","hostname":"0.0.0.0","path":"/","capabilities":{"browserName":"chrome","goog:chromeOptions":{"binary":"C:\\Program Files\\Google\\Chrome\\Application\\chrome.exe","args":["--start-maximized"]}},"logLevel":"warn","connectionRetryTimeout":120000,"connectionRetryCount":3,"logLevels":{},"enableDirectConnect":true,"strictSSL":true,"_":"65 more keys: [\"cacheDir\",\"port\",\"requestedCapabilities\",\"automationProtocol\",\"baseUrl\",\"waitforInterval\",\"waitforTimeout\",\"onReload\",\"beforeCommand\",\"afterCommand\",\"rootDir\",\"specs\",\"suites\",\"exclude\",\"groupLogsByTestSpec\",\"excludeDriverLogs\",\"bail\",\"framework\",\"reporters\",\"services\",\"maxInstances\",\"maxInstancesPerCapability\",\"injectGlobals\",\"filesToWatch\",\"execArgv\",\"runnerEnv\",\"runner\",\"shard\",\"specFileRetries\",\"specFileRetriesDelay\",\"specFileRetriesDeferred\",\"reporterSyncInterval\",\"reporterSyncTimeout\",\"cucumberFeaturesWithLineNumbers\",\"autoCompileOpts\",\"mochaOpts\",\"jasmineOpts\",\"cucumberOpts\",\"onPrepare\",\"onWorkerStart\",\"onWorkerEnd\",\"before\",\"beforeSession\",\"beforeSuite\",\"beforeHook\",\"beforeTest\",\"afterTest\",\"afterHook\",\"afterSuite\",\"afterSession\",\"after\",\"onComplete\",\"beforeAssertion\",\"afterAssertion\",\"beforeFeature\",\"beforeScenario\",\"beforeStep\",\"afterStep\",\"afterScenario\",\"afterFeature\",\"_\",\"suite\",\"$0\",\"ignoredWorkerServices\",\"wdi5\"]"}]}
RESULT: {"script":"<script> [2342 bytes]","args":[{"protocol":"http","hostname":"0.0.0.0","path":"/","capabilities":{"browserName":"chrome","goog:chromeOptions":{"binary":"C:\\Program Files\\Google\\Chrome\\Application\\chrome.exe","args":["--start-maximized"]}},"logLevel":"warn","connectionRetryTimeout":120000,"connectionRetryCount":3,"logLevels":{},"enableDirectConnect":true,"strictSSL":true,"_":"65 more keys: [\"cacheDir\",\"port\",\"requestedCapabilities\",\"automationProtocol\",\"baseUrl\",\"waitforInterval\",\"waitforTimeout\",\"onReload\",\"beforeCommand\",\"afterCommand\",\"rootDir\",\"specs\",\"suites\",\"exclude\",\"groupLogsByTestSpec\",\"excludeDriverLogs\",\"bail\",\"framework\",\"reporters\",\"services\",\"maxInstances\",\"maxInstancesPerCapability\",\"injectGlobals\",\"filesToWatch\",\"execArgv\",\"runnerEnv\",\"runner\",\"shard\",\"specFileRetries\",\"specFileRetriesDelay\",\"specFileRetriesDeferred\",\"reporterSyncInterval\",\"reporterSyncTimeout\",\"cucumberFeaturesWithLineNumbers\",\"autoCompileOpts\",\"mochaOpts\",\"jasmineOpts\",\"cucumberOpts\",\"onPrepare\",\"onWorkerStart\",\"onWorkerEnd\",\"before\",\"beforeSession\",\"beforeSuite\",\"beforeHook\",\"beforeTest\",\"afterTest\",\"afterHook\",\"afterSuite\",\"afterSession\",\"after\",\"onComplete\",\"beforeAssertion\",\"afterAssertion\",\"beforeFeature\",\"beforeScenario\",\"beforeStep\",\"afterStep\",\"afterScenario\",\"afterFeature\",\"_\",\"suite\",\"$0\",\"ignoredWorkerServices\",\"wdi5\"]"}]}
COMMAND: POST /session/2c43d02fb6ccc6d518c848919d0720f8/execute/async - {"script":"<script> [21126 bytes]","args":[35000]}
RESULT: {"script":"<script> [21126 bytes]","args":[35000]}
COMMAND: POST /session/2c43d02fb6ccc6d518c848919d0720f8/execute/async - {"script":"<script> [1562 bytes]","args":[{"selector":{"controlType":"sap.m.Title","viewName":"etm.portal.ui.managecontracts.view.Detail","properties":{"text":"Contract Items (1)"}},"wdio_ui5_key":"etmportal.ui.managecontracts.view.Detailsap.m.Title{\"text\":\"Contract Items (1)\"}"}]}
RESULT: {"script":"<script> [1562 bytes]","args":[{"selector":{"controlType":"sap.m.Title","viewName":"etm.portal.ui.managecontracts.view.Detail","properties":{"text":"Contract Items (1)"}},"wdio_ui5_key":"etmportal.ui.managecontracts.view.Detailsap.m.Title{\"text\":\"Contract Items (1)\"}"}]}
RESULT: undefined
COMMAND: POST /session/2c43d02fb6ccc6d518c848919d0720f8/execute/async - {"script":"<script> [6424 bytes]","args":[{"element-6066-11e4-a52e-4f735466cecf":"f.291337A451B92CFAEC554A5CFCD049A1.d.C62E3BF5570D182526B58FD680407C86.e.7157"},"getText",[]]}
RESULT: {"script":"<script> [6424 bytes]","args":[{"element-6066-11e4-a52e-4f735466cecf":"f.291337A451B92CFAEC554A5CFCD049A1.d.C62E3BF5570D182526B58FD680407C86.e.7157"},"getText",[]]}
COMMAND: POST /session/2c43d02fb6ccc6d518c848919d0720f8/execute/async - {"script":"<script> [1562 bytes]","args":[{"selector":{"id":"contractDetailEditBtn","viewName":"etm.portal.ui.managecontracts.view.Detail","interaction":{"idSuffix":"inner"}},"wdio_ui5_key":"contractDetailEditBtnetmportal.ui.managecontracts.view.Detail"}]}
RESULT: {"script":"<script> [1562 bytes]","args":[{"selector":{"id":"contractDetailEditBtn","viewName":"etm.portal.ui.managecontracts.view.Detail","interaction":{"idSuffix":"inner"}},"wdio_ui5_key":"contractDetailEditBtnetmportal.ui.managecontracts.view.Detail"}]}
RESULT: undefined
COMMAND: POST /session/2c43d02fb6ccc6d518c848919d0720f8/element - {"using":"xpath","value":"//*[@id=\"__xmlview1--contractDetailEditBtn\"]"}
RESULT: {"using":"xpath","value":"//*[@id=\"__xmlview1--contractDetailEditBtn\"]"}
COMMAND: POST /session/2c43d02fb6ccc6d518c848919d0720f8/element/f.291337A451B92CFAEC554A5CFCD049A1.d.C62E3BF5570D182526B58FD680407C86.e.7000/click - {}
RESULT: {}
COMMAND: GET /session/2c43d02fb6ccc6d518c848919d0720f8/screenshot - {}
RESULT: {}
COMMAND: POST /session/2c43d02fb6ccc6d518c848919d0720f8/element - {"using":"xpath","value":"(//span[contains(text(), \"Header Billing Items\")])[2]"}
RESULT: {"using":"xpath","value":"(//span[contains(text(), \"Header Billing Items\")])[2]"}
COMMAND: POST /session/2c43d02fb6ccc6d518c848919d0720f8/element/f.291337A451B92CFAEC554A5CFCD049A1.d.C62E3BF5570D182526B58FD680407C86.e.7220/click - {}
RESULT: {}
COMMAND: GET /session/2c43d02fb6ccc6d518c848919d0720f8/screenshot - {}
RESULT: {}
COMMAND: POST /session/2c43d02fb6ccc6d518c848919d0720f8/element - {"using":"xpath","value":"//div[contains(@id ,\"ProductsTable-sa-CbBg\")]"}
RESULT: {"using":"xpath","value":"//div[contains(@id ,\"ProductsTable-sa-CbBg\")]"}
COMMAND: POST /session/2c43d02fb6ccc6d518c848919d0720f8/element/f.291337A451B92CFAEC554A5CFCD049A1.d.C62E3BF5570D182526B58FD680407C86.e.7226/click - {}
RESULT: {}
COMMAND: GET /session/2c43d02fb6ccc6d518c848919d0720f8/screenshot - {}
RESULT: {}
COMMAND: POST /session/2c43d02fb6ccc6d518c848919d0720f8/execute/async - {"script":"<script> [1562 bytes]","args":[{"selector":{"id":"deleteBtn","viewName":"etm.portal.ui.managecontracts.view.EditContract","interaction":{"idSuffix":"BDI-content"}},"wdio_ui5_key":"deleteBtnetmportal.ui.managecontracts.view.EditContract"}]}
RESULT: {"script":"<script> [1562 bytes]","args":[{"selector":{"id":"deleteBtn","viewName":"etm.portal.ui.managecontracts.view.EditContract","interaction":{"idSuffix":"BDI-content"}},"wdio_ui5_key":"deleteBtnetmportal.ui.managecontracts.view.EditContract"}]}
RESULT: undefined
COMMAND: POST /session/2c43d02fb6ccc6d518c848919d0720f8/element - {"using":"xpath","value":"//*[@id=\"__xmlview2--deleteBtn\"]"}
RESULT: {"using":"xpath","value":"//*[@id=\"__xmlview2--deleteBtn\"]"}
COMMAND: POST /session/2c43d02fb6ccc6d518c848919d0720f8/element/f.291337A451B92CFAEC554A5CFCD049A1.d.C62E3BF5570D182526B58FD680407C86.e.7228/click - {}
RESULT: {}
COMMAND: POST /session/2c43d02fb6ccc6d518c848919d0720f8/element - {"using":"xpath","value":"//bdi[contains(@id ,\"BDI-content\")][contains(text(), \"OK\")]"}
COMMAND: GET /session/2c43d02fb6ccc6d518c848919d0720f8/screenshot - {}
RESULT: {"using":"xpath","value":"//bdi[contains(@id ,\"BDI-content\")][contains(text(), \"OK\")]"}
COMMAND: POST /session/2c43d02fb6ccc6d518c848919d0720f8/element/f.291337A451B92CFAEC554A5CFCD049A1.d.C62E3BF5570D182526B58FD680407C86.e.7230/click - {}
RESULT: {}
RESULT: {}
COMMAND: GET /session/2c43d02fb6ccc6d518c848919d0720f8/screenshot - {}
RESULT: {}
COMMAND: POST /session/2c43d02fb6ccc6d518c848919d0720f8/element - {"using":"xpath","value":"//bdi[contains(@id ,\"BDI-content\")][contains(text(), \"Save\")]"}
RESULT: {"using":"xpath","value":"//bdi[contains(@id ,\"BDI-content\")][contains(text(), \"Save\")]"}
COMMAND: POST /session/2c43d02fb6ccc6d518c848919d0720f8/element/f.291337A451B92CFAEC554A5CFCD049A1.d.C62E3BF5570D182526B58FD680407C86.e.7232/click - {}
RESULT: {}
COMMAND: GET /session/2c43d02fb6ccc6d518c848919d0720f8/screenshot - {}
RESULT: {}
COMMAND: POST /session/2c43d02fb6ccc6d518c848919d0720f8/element - {"using":"xpath","value":"(//span[contains(text(), \"Header Billing Items\")])[1]"}
RESULT: {"using":"xpath","value":"(//span[contains(text(), \"Header Billing Items\")])[1]"}
COMMAND: POST /session/2c43d02fb6ccc6d518c848919d0720f8/element/f.291337A451B92CFAEC554A5CFCD049A1.d.C62E3BF5570D182526B58FD680407C86.e.7235/click - {}
RESULT: {}
COMMAND: GET /session/2c43d02fb6ccc6d518c848919d0720f8/screenshot - {}
RESULT: {}
COMMAND: POST /session/2c43d02fb6ccc6d518c848919d0720f8/execute/async - {"script":"<script> [1562 bytes]","args":[{"selector":{"controlType":"sap.m.ObjectStatus","viewName":"etm.portal.ui.managecontracts.view.Detail","bindingPath":{"path":"/SmartContractItems(CONTRACT='10422',ITEM=10m,SUB_ITEM=0m)","propertyPath":"STATUS"}},"wdio_ui5_key":"etmportal.ui.managecontracts.view.Detailsap.m.ObjectStatus{\"path\":\"/SmartContractItems(CONTRACT='10422',ITEM=10m,SUB_ITEM=0m)\",\"propertyPath\":\"STATUS\"}"}]}
RESULT: {"script":"<script> [1562 bytes]","args":[{"selector":{"controlType":"sap.m.ObjectStatus","viewName":"etm.portal.ui.managecontracts.view.Detail","bindingPath":{"path":"/SmartContractItems(CONTRACT='10422',ITEM=10m,SUB_ITEM=0m)","propertyPath":"STATUS"}},"wdio_ui5_key":"etmportal.ui.managecontracts.view.Detailsap.m.ObjectStatus{\"path\":\"/SmartContractItems(CONTRACT='10422',ITEM=10m,SUB_ITEM=0m)\",\"propertyPath\":\"STATUS\"}"}]}
RESULT: undefined
COMMAND: POST /session/2c43d02fb6ccc6d518c848919d0720f8/execute/async - {"script":"<script> [6424 bytes]","args":[{"element-6066-11e4-a52e-4f735466cecf":"f.291337A451B92CFAEC554A5CFCD049A1.d.C62E3BF5570D182526B58FD680407C86.e.7237"},"getText",[]]}
RESULT: {"script":"<script> [6424 bytes]","args":[{"element-6066-11e4-a52e-4f735466cecf":"f.291337A451B92CFAEC554A5CFCD049A1.d.C62E3BF5570D182526B58FD680407C86.e.7237"},"getText",[]]}
COMMAND: POST /session/2c43d02fb6ccc6d518c848919d0720f8/element - {"using":"css selector","value":"#shell-header-logo"}
RESULT: {"using":"css selector","value":"#shell-header-logo"}
COMMAND: POST /session/2c43d02fb6ccc6d518c848919d0720f8/element/f.291337A451B92CFAEC554A5CFCD049A1.d.C62E3BF5570D182526B58FD680407C86.e.6938/click - {}
RESULT: {}
COMMAND: GET /session/2c43d02fb6ccc6d518c848919d0720f8/screenshot - {}
COMMAND: POST /session/2c43d02fb6ccc6d518c848919d0720f8/execute/async - {"script":"<script> [1562 bytes]","args":[{"selector":{"controlType":"sap.m.GenericTile","properties":{"header":"Manage Requests"}},"wdio_ui5_key":"sapm.GenericTile{\"header\":\"Manage Requests\"}"}]}
RESULT: {}
RESULT: {"script":"<script> [1562 bytes]","args":[{"selector":{"controlType":"sap.m.GenericTile","properties":{"header":"Manage Requests"}},"wdio_ui5_key":"sapm.GenericTile{\"header\":\"Manage Requests\"}"}]}
RESULT: undefined
COMMAND: POST /session/2c43d02fb6ccc6d518c848919d0720f8/element - {"using":"xpath","value":"//*[@id=\"__tile47\"]"}
RESULT: {"using":"xpath","value":"//*[@id=\"__tile47\"]"}
COMMAND: POST /session/2c43d02fb6ccc6d518c848919d0720f8/element/f.291337A451B92CFAEC554A5CFCD049A1.d.C62E3BF5570D182526B58FD680407C86.e.7256/click - {}
RESULT: {}
COMMAND: GET /session/2c43d02fb6ccc6d518c848919d0720f8/screenshot - {}
RESULT: {}
COMMAND: POST /session/2c43d02fb6ccc6d518c848919d0720f8/execute/async - {"script":"<script> [1562 bytes]","args":[{"selector":{"controlType":"sap.m.SearchField","viewName":"etm.portal.ui.managerequests.view.Master","bindingPath":{"path":"","propertyPath":"/_BASIC_SEARCH_FIELD","modelName":"fi1t3rM0d31"},"interaction":{"idSuffix":"I"}},"wdio_ui5_key":"etmportal.ui.managerequests.view.Mastersap.m.SearchField{\"path\":\"\",\"propertyPath\":\"/_BASIC_SEARCH_FIELD\",\"modelName\":\"fi1t3rM0d31\"}"}]}
COMMAND: POST /session/2c43d02fb6ccc6d518c848919d0720f8/elements - {"using":"xpath","value":"//span[text()='Error']"}
RESULT: {"script":"<script> [1562 bytes]","args":[{"selector":{"controlType":"sap.m.SearchField","viewName":"etm.portal.ui.managerequests.view.Master","bindingPath":{"path":"","propertyPath":"/_BASIC_SEARCH_FIELD","modelName":"fi1t3rM0d31"},"interaction":{"idSuffix":"I"}},"wdio_ui5_key":"etmportal.ui.managerequests.view.Mastersap.m.SearchField{\"path\":\"\",\"propertyPath\":\"/_BASIC_SEARCH_FIELD\",\"modelName\":\"fi1t3rM0d31\"}"}]}
RESULT: undefined
COMMAND: POST /session/2c43d02fb6ccc6d518c848919d0720f8/execute/async - {"script":"<script> [776 bytes]","args":[{"enterText":"20205","selector":{"controlType":"sap.m.SearchField","viewName":"etm.portal.ui.managerequests.view.Master","bindingPath":{"path":"","propertyPath":"/_BASIC_SEARCH_FIELD","modelName":"fi1t3rM0d31"},"interaction":{"idSuffix":"I"}},"clearTextFirst":true,"interactionType":"ENTER_TEXT"}]}
RESULT: {"using":"xpath","value":"//span[text()='Error']"}
RESULT: {"script":"<script> [776 bytes]","args":[{"enterText":"20205","selector":{"controlType":"sap.m.SearchField","viewName":"etm.portal.ui.managerequests.view.Master","bindingPath":{"path":"","propertyPath":"/_BASIC_SEARCH_FIELD","modelName":"fi1t3rM0d31"},"interaction":{"idSuffix":"I"}},"clearTextFirst":true,"interactionType":"ENTER_TEXT"}]}
COMMAND: POST /session/2c43d02fb6ccc6d518c848919d0720f8/actions - {"actions":[{"id":"action33","type":"key","parameters":{},"actions":[{"type":"keyDown","value":""},{"type":"pause","duration":10},{"type":"keyUp","value":""}]}]}
RESULT: {"actions":[{"id":"action33","type":"key","parameters":{},"actions":[{"type":"keyDown","value":""},{"type":"pause","duration":10},{"type":"keyUp","value":""}]}]}
COMMAND: GET /session/2c43d02fb6ccc6d518c848919d0720f8/screenshot - {}
RESULT: {}
COMMAND: POST /session/2c43d02fb6ccc6d518c848919d0720f8/execute/async - {"script":"<script> [1562 bytes]","args":[{"selector":{"controlType":"sap.m.Text","viewName":"etm.portal.ui.managerequests.view.Master","bindingPath":{"path":"/SmartManageRequests('20205')","propertyPath":"NO"}},"wdio_ui5_key":"etmportal.ui.managerequests.view.Mastersap.m.Text{\"path\":\"/SmartManageRequests('20205')\",\"propertyPath\":\"NO\"}"}]}
RESULT: {"script":"<script> [1562 bytes]","args":[{"selector":{"controlType":"sap.m.Text","viewName":"etm.portal.ui.managerequests.view.Master","bindingPath":{"path":"/SmartManageRequests('20205')","propertyPath":"NO"}},"wdio_ui5_key":"etmportal.ui.managerequests.view.Mastersap.m.Text{\"path\":\"/SmartManageRequests('20205')\",\"propertyPath\":\"NO\"}"}]}
RESULT: undefined
COMMAND: POST /session/2c43d02fb6ccc6d518c848919d0720f8/element - {"using":"xpath","value":"//*[@id=\"__text463-__clone168\"]"}
RESULT: {"using":"xpath","value":"//*[@id=\"__text463-__clone168\"]"}
COMMAND: POST /session/2c43d02fb6ccc6d518c848919d0720f8/element/f.291337A451B92CFAEC554A5CFCD049A1.d.C62E3BF5570D182526B58FD680407C86.e.7390/click - {}
RESULT: {}
COMMAND: GET /session/2c43d02fb6ccc6d518c848919d0720f8/screenshot - {}
COMMAND: POST /session/2c43d02fb6ccc6d518c848919d0720f8/execute/async - {"script":"<script> [1562 bytes]","args":[{"selector":{"controlType":"sap.ui.core.Icon","viewName":"etm.portal.ui.managerequests.view.Detail","properties":{"src":{"regex":{"source":"slim\\-arrow\\-up"}}}},"wdio_ui5_key":"etmportal.ui.managerequests.view.Detailsap.ui.core.Icon{\"src\":{\"regex\":{\"source\":\"slim\\\\-arrow\\\\-up\"}}}"}]}
RESULT: {}
RESULT: {"script":"<script> [1562 bytes]","args":[{"selector":{"controlType":"sap.ui.core.Icon","viewName":"etm.portal.ui.managerequests.view.Detail","properties":{"src":{"regex":{"source":"slim\\-arrow\\-up"}}}},"wdio_ui5_key":"etmportal.ui.managerequests.view.Detailsap.ui.core.Icon{\"src\":{\"regex\":{\"source\":\"slim\\\\-arrow\\\\-up\"}}}"}]}
RESULT: undefined
COMMAND: POST /session/2c43d02fb6ccc6d518c848919d0720f8/element - {"using":"xpath","value":"//*[@id=\"__xmlview62--detailRequestPage-OPHeaderContent-collapseBtn-img\"]"}
RESULT: {"using":"xpath","value":"//*[@id=\"__xmlview62--detailRequestPage-OPHeaderContent-collapseBtn-img\"]"}
COMMAND: POST /session/2c43d02fb6ccc6d518c848919d0720f8/element/f.291337A451B92CFAEC554A5CFCD049A1.d.C62E3BF5570D182526B58FD680407C86.e.7542/click - {}
RESULT: {}
COMMAND: GET /session/2c43d02fb6ccc6d518c848919d0720f8/screenshot - {}
RESULT: {}
COMMAND: POST /session/2c43d02fb6ccc6d518c848919d0720f8/execute/async - {"script":"<script> [1562 bytes]","args":[{"selector":{"controlType":"sap.m.Text","viewName":"etm.portal.ui.managerequests.view.Detail","bindingPath":{"path":"/SmartRequestItemsPlanningBoard(ITEM=20m,REQUEST='20205')","propertyPath":"STATUS_DESC"}},"wdio_ui5_key":"etmportal.ui.managerequests.view.Detailsap.m.Text{\"path\":\"/SmartRequestItemsPlanningBoard(ITEM=20m,REQUEST='20205')\",\"propertyPath\":\"STATUS_DESC\"}"}]}
RESULT: {"script":"<script> [1562 bytes]","args":[{"selector":{"controlType":"sap.m.Text","viewName":"etm.portal.ui.managerequests.view.Detail","bindingPath":{"path":"/SmartRequestItemsPlanningBoard(ITEM=20m,REQUEST='20205')","propertyPath":"STATUS_DESC"}},"wdio_ui5_key":"etmportal.ui.managerequests.view.Detailsap.m.Text{\"path\":\"/SmartRequestItemsPlanningBoard(ITEM=20m,REQUEST='20205')\",\"propertyPath\":\"STATUS_DESC\"}"}]}
RESULT: undefined
COMMAND: POST /session/2c43d02fb6ccc6d518c848919d0720f8/execute/async - {"script":"<script> [6424 bytes]","args":[{"element-6066-11e4-a52e-4f735466cecf":"f.291337A451B92CFAEC554A5CFCD049A1.d.C62E3BF5570D182526B58FD680407C86.e.7597"},"getText",[]]}
RESULT: {"script":"<script> [6424 bytes]","args":[{"element-6066-11e4-a52e-4f735466cecf":"f.291337A451B92CFAEC554A5CFCD049A1.d.C62E3BF5570D182526B58FD680407C86.e.7597"},"getText",[]]}
COMMAND: POST /session/2c43d02fb6ccc6d518c848919d0720f8/element - {"using":"css selector","value":"#shell-header-logo"}
RESULT: {"using":"css selector","value":"#shell-header-logo"}
COMMAND: POST /session/2c43d02fb6ccc6d518c848919d0720f8/element/f.291337A451B92CFAEC554A5CFCD049A1.d.C62E3BF5570D182526B58FD680407C86.e.7260/click - {}
RESULT: {}
COMMAND: GET /session/2c43d02fb6ccc6d518c848919d0720f8/screenshot - {}
RESULT: {}
]]></system-out>
    </testcase>
  </testsuite>
  <testsuite timestamp="2025-06-01T18:08:51" time="266.38" tests="4" failures="0" errors="0" skipped="0">
    <properties>
      <property name="specId" value="0"/>
      <property name="suiteName" value="Standard contract close-reopen US111278"/>
      <property name="capabilities" value="chrome.136_0_7103_93.windows"/>
      <property name="file" value="file:///D:/a/1/s/test/specs/R2C/standard-contract-close-reopen.spec.js"/>
    </properties>
    <testcase classname="chrome.136_0_7103_93.windows.Standard_contract_close-reopen_US111278" name="Should create a new contract and add an item" time="142.067">
      <system-out><![CDATA[
COMMAND: POST /session/2c43d02fb6ccc6d518c848919d0720f8/execute/async - {"script":"<script> [1562 bytes]","args":[{"selector":{"controlType":"sap.m.GenericTile","properties":{"header":"Manage Contracts"}},"wdio_ui5_key":"sapm.GenericTile{\"header\":\"Manage Contracts\"}"}]}
RESULT: {"script":"<script> [1562 bytes]","args":[{"selector":{"controlType":"sap.m.GenericTile","properties":{"header":"Manage Contracts"}},"wdio_ui5_key":"sapm.GenericTile{\"header\":\"Manage Contracts\"}"}]}
RESULT: undefined
COMMAND: POST /session/2c43d02fb6ccc6d518c848919d0720f8/element - {"using":"xpath","value":"//*[@id=\"__tile132\"]"}
RESULT: {"using":"xpath","value":"//*[@id=\"__tile132\"]"}
COMMAND: POST /session/2c43d02fb6ccc6d518c848919d0720f8/element/f.291337A451B92CFAEC554A5CFCD049A1.d.C62E3BF5570D182526B58FD680407C86.e.7600/click - {}
RESULT: {}
COMMAND: GET /session/2c43d02fb6ccc6d518c848919d0720f8/screenshot - {}
RESULT: {}
COMMAND: POST /session/2c43d02fb6ccc6d518c848919d0720f8/elements - {"using":"xpath","value":"//span[text()='Error']"}
RESULT: {"using":"xpath","value":"//span[text()='Error']"}
COMMAND: POST /session/2c43d02fb6ccc6d518c848919d0720f8/element - {"using":"xpath","value":"//button[@data-kt=\"addButton\"]"}
RESULT: {"using":"xpath","value":"//button[@data-kt=\"addButton\"]"}
COMMAND: POST /session/2c43d02fb6ccc6d518c848919d0720f8/element/f.291337A451B92CFAEC554A5CFCD049A1.d.C62E3BF5570D182526B58FD680407C86.e.7632/click - {}
RESULT: {}
COMMAND: GET /session/2c43d02fb6ccc6d518c848919d0720f8/screenshot - {}
COMMAND: POST /session/2c43d02fb6ccc6d518c848919d0720f8/execute/async - {"script":"<script> [1562 bytes]","args":[{"selector":{"id":"application-managecontracts-display-component---AddNewContract--projectDescription","interaction":{"idSuffix":"inner"}},"wdio_ui5_key":"applicationmanagecontracts-display-component---AddNewContract--projectDescription"}]}
RESULT: {}
RESULT: {"script":"<script> [1562 bytes]","args":[{"selector":{"id":"application-managecontracts-display-component---AddNewContract--projectDescription","interaction":{"idSuffix":"inner"}},"wdio_ui5_key":"applicationmanagecontracts-display-component---AddNewContract--projectDescription"}]}
RESULT: undefined
COMMAND: POST /session/2c43d02fb6ccc6d518c848919d0720f8/execute/async - {"script":"<script> [776 bytes]","args":[{"enterText":"WdIOTestl1unq","selector":{"id":"application-managecontracts-display-component---AddNewContract--projectDescription","interaction":{"idSuffix":"inner"}},"clearTextFirst":true,"interactionType":"ENTER_TEXT"}]}
RESULT: {"script":"<script> [776 bytes]","args":[{"enterText":"WdIOTestl1unq","selector":{"id":"application-managecontracts-display-component---AddNewContract--projectDescription","interaction":{"idSuffix":"inner"}},"clearTextFirst":true,"interactionType":"ENTER_TEXT"}]}
COMMAND: POST /session/2c43d02fb6ccc6d518c848919d0720f8/element - {"using":"xpath","value":"//input[@id=\"application-managecontracts-display-component---AddNewContract--yardId-inner\"]"}
RESULT: {"using":"xpath","value":"//input[@id=\"application-managecontracts-display-component---AddNewContract--yardId-inner\"]"}
COMMAND: POST /session/2c43d02fb6ccc6d518c848919d0720f8/element/f.291337A451B92CFAEC554A5CFCD049A1.d.C62E3BF5570D182526B58FD680407C86.e.7911/clear - {}
RESULT: {}
COMMAND: POST /session/2c43d02fb6ccc6d518c848919d0720f8/element/f.291337A451B92CFAEC554A5CFCD049A1.d.C62E3BF5570D182526B58FD680407C86.e.7911/value - {"text":"WebdriverYardq0wdz"}
COMMAND: GET /session/2c43d02fb6ccc6d518c848919d0720f8/screenshot - {}
RESULT: {"text":"WebdriverYardq0wdz"}
COMMAND: GET /session/2c43d02fb6ccc6d518c848919d0720f8/screenshot - {}
RESULT: {}
RESULT: {}
COMMAND: POST /session/2c43d02fb6ccc6d518c848919d0720f8/actions - {"actions":[{"id":"action34","type":"key","parameters":{},"actions":[{"type":"keyDown","value":""},{"type":"pause","duration":10},{"type":"keyUp","value":""}]}]}
RESULT: {"actions":[{"id":"action34","type":"key","parameters":{},"actions":[{"type":"keyDown","value":""},{"type":"pause","duration":10},{"type":"keyUp","value":""}]}]}
COMMAND: GET /session/2c43d02fb6ccc6d518c848919d0720f8/screenshot - {}
RESULT: {}
COMMAND: POST /session/2c43d02fb6ccc6d518c848919d0720f8/element - {"using":"xpath","value":"//input[@id=\"application-managecontracts-display-component---AddNewContract--customerSelect-inner\"]"}
RESULT: {"using":"xpath","value":"//input[@id=\"application-managecontracts-display-component---AddNewContract--customerSelect-inner\"]"}
COMMAND: POST /session/2c43d02fb6ccc6d518c848919d0720f8/element/f.291337A451B92CFAEC554A5CFCD049A1.d.C62E3BF5570D182526B58FD680407C86.e.7909/clear - {}
RESULT: {}
COMMAND: POST /session/2c43d02fb6ccc6d518c848919d0720f8/element/f.291337A451B92CFAEC554A5CFCD049A1.d.C62E3BF5570D182526B58FD680407C86.e.7909/value - {"text":"WebdriverPartnert7pqt"}
COMMAND: GET /session/2c43d02fb6ccc6d518c848919d0720f8/screenshot - {}
RESULT: {"text":"WebdriverPartnert7pqt"}
COMMAND: GET /session/2c43d02fb6ccc6d518c848919d0720f8/screenshot - {}
RESULT: {}
RESULT: {}
COMMAND: POST /session/2c43d02fb6ccc6d518c848919d0720f8/actions - {"actions":[{"id":"action35","type":"key","parameters":{},"actions":[{"type":"keyDown","value":""},{"type":"pause","duration":10},{"type":"keyUp","value":""}]}]}
RESULT: {"actions":[{"id":"action35","type":"key","parameters":{},"actions":[{"type":"keyDown","value":""},{"type":"pause","duration":10},{"type":"keyUp","value":""}]}]}
COMMAND: GET /session/2c43d02fb6ccc6d518c848919d0720f8/screenshot - {}
RESULT: {}
COMMAND: POST /session/2c43d02fb6ccc6d518c848919d0720f8/element - {"using":"xpath","value":"//input[@id=\"application-managecontracts-display-component---AddNewContract--site-inner\"]"}
RESULT: {"using":"xpath","value":"//input[@id=\"application-managecontracts-display-component---AddNewContract--site-inner\"]"}
COMMAND: POST /session/2c43d02fb6ccc6d518c848919d0720f8/element/f.291337A451B92CFAEC554A5CFCD049A1.d.C62E3BF5570D182526B58FD680407C86.e.7910/clear - {}
RESULT: {}
COMMAND: POST /session/2c43d02fb6ccc6d518c848919d0720f8/element/f.291337A451B92CFAEC554A5CFCD049A1.d.C62E3BF5570D182526B58FD680407C86.e.7910/value - {"text":"WebdriverSitej3uvv"}
COMMAND: GET /session/2c43d02fb6ccc6d518c848919d0720f8/screenshot - {}
RESULT: {"text":"WebdriverSitej3uvv"}
COMMAND: GET /session/2c43d02fb6ccc6d518c848919d0720f8/screenshot - {}
RESULT: {}
RESULT: {}
COMMAND: POST /session/2c43d02fb6ccc6d518c848919d0720f8/actions - {"actions":[{"id":"action36","type":"key","parameters":{},"actions":[{"type":"keyDown","value":""},{"type":"pause","duration":10},{"type":"keyUp","value":""}]}]}
RESULT: {"actions":[{"id":"action36","type":"key","parameters":{},"actions":[{"type":"keyDown","value":""},{"type":"pause","duration":10},{"type":"keyUp","value":""}]}]}
COMMAND: GET /session/2c43d02fb6ccc6d518c848919d0720f8/screenshot - {}
COMMAND: POST /session/2c43d02fb6ccc6d518c848919d0720f8/element - {"using":"xpath","value":"//button[@data-kt=\"saveButton\"]"}
RESULT: {}
RESULT: {"using":"xpath","value":"//button[@data-kt=\"saveButton\"]"}
COMMAND: POST /session/2c43d02fb6ccc6d518c848919d0720f8/element/f.291337A451B92CFAEC554A5CFCD049A1.d.C62E3BF5570D182526B58FD680407C86.e.7987/click - {}
RESULT: {}
COMMAND: GET /session/2c43d02fb6ccc6d518c848919d0720f8/screenshot - {}
RESULT: {}
COMMAND: POST /session/2c43d02fb6ccc6d518c848919d0720f8/execute/async - {"script":"<script> [1562 bytes]","args":[{"selector":{"id":"contractDetailTitleNoExpanded","viewName":"etm.portal.ui.managecontracts.view.Detail"},"wdio_ui5_key":"contractDetailTitleNoExpandedetmportal.ui.managecontracts.view.Detail"}]}
RESULT: {"script":"<script> [1562 bytes]","args":[{"selector":{"id":"contractDetailTitleNoExpanded","viewName":"etm.portal.ui.managecontracts.view.Detail"},"wdio_ui5_key":"contractDetailTitleNoExpandedetmportal.ui.managecontracts.view.Detail"}]}
RESULT: undefined
COMMAND: POST /session/2c43d02fb6ccc6d518c848919d0720f8/execute/async - {"script":"<script> [6424 bytes]","args":[{"element-6066-11e4-a52e-4f735466cecf":"f.291337A451B92CFAEC554A5CFCD049A1.d.C62E3BF5570D182526B58FD680407C86.e.8065"},"getText",[]]}
RESULT: {"script":"<script> [6424 bytes]","args":[{"element-6066-11e4-a52e-4f735466cecf":"f.291337A451B92CFAEC554A5CFCD049A1.d.C62E3BF5570D182526B58FD680407C86.e.8065"},"getText",[]]}
COMMAND: POST /session/2c43d02fb6ccc6d518c848919d0720f8/execute/async - {"script":"<script> [1562 bytes]","args":[{"selector":{"id":"closeContractBtn","viewName":"etm.portal.ui.managecontracts.view.Detail"},"wdio_ui5_key":"closeContractBtnetmportal.ui.managecontracts.view.Detail"}]}
RESULT: {"script":"<script> [1562 bytes]","args":[{"selector":{"id":"closeContractBtn","viewName":"etm.portal.ui.managecontracts.view.Detail"},"wdio_ui5_key":"closeContractBtnetmportal.ui.managecontracts.view.Detail"}]}
RESULT: undefined
COMMAND: POST /session/2c43d02fb6ccc6d518c848919d0720f8/execute/async - {"script":"<script> [6424 bytes]","args":[{"element-6066-11e4-a52e-4f735466cecf":"f.291337A451B92CFAEC554A5CFCD049A1.d.C62E3BF5570D182526B58FD680407C86.e.8066"},"getEnabled",[]]}
RESULT: {"script":"<script> [6424 bytes]","args":[{"element-6066-11e4-a52e-4f735466cecf":"f.291337A451B92CFAEC554A5CFCD049A1.d.C62E3BF5570D182526B58FD680407C86.e.8066"},"getEnabled",[]]}
COMMAND: POST /session/2c43d02fb6ccc6d518c848919d0720f8/element - {"using":"xpath","value":"//button[@data-kt=\"contractDetailEditBtnButton\"]"}
RESULT: {"using":"xpath","value":"//button[@data-kt=\"contractDetailEditBtnButton\"]"}
COMMAND: POST /session/2c43d02fb6ccc6d518c848919d0720f8/element/f.291337A451B92CFAEC554A5CFCD049A1.d.C62E3BF5570D182526B58FD680407C86.e.8067/click - {}
RESULT: {}
COMMAND: GET /session/2c43d02fb6ccc6d518c848919d0720f8/screenshot - {}
RESULT: {}
COMMAND: POST /session/2c43d02fb6ccc6d518c848919d0720f8/element - {"using":"xpath","value":"(//span[contains(text(), \"Additional Addresses\")])[2]"}
RESULT: {"using":"xpath","value":"(//span[contains(text(), \"Additional Addresses\")])[2]"}
COMMAND: POST /session/2c43d02fb6ccc6d518c848919d0720f8/element/f.291337A451B92CFAEC554A5CFCD049A1.d.C62E3BF5570D182526B58FD680407C86.e.8127/click - {}
RESULT: {}
COMMAND: GET /session/2c43d02fb6ccc6d518c848919d0720f8/screenshot - {}
RESULT: {}
COMMAND: POST /session/2c43d02fb6ccc6d518c848919d0720f8/element - {"using":"xpath","value":"//button[@data-kt=\"btnAddTableRowOverflowToolbarButton\"]"}
RESULT: {"using":"xpath","value":"//button[@data-kt=\"btnAddTableRowOverflowToolbarButton\"]"}
COMMAND: POST /session/2c43d02fb6ccc6d518c848919d0720f8/element/f.291337A451B92CFAEC554A5CFCD049A1.d.C62E3BF5570D182526B58FD680407C86.e.8129/click - {}
RESULT: {}
COMMAND: GET /session/2c43d02fb6ccc6d518c848919d0720f8/screenshot - {}
RESULT: {}
COMMAND: POST /session/2c43d02fb6ccc6d518c848919d0720f8/element - {"using":"xpath","value":"//div[(text() = 'Standard Entry' or . = 'Standard Entry')]"}
RESULT: {"using":"xpath","value":"//div[(text() = 'Standard Entry' or . = 'Standard Entry')]"}
COMMAND: POST /session/2c43d02fb6ccc6d518c848919d0720f8/element/f.291337A451B92CFAEC554A5CFCD049A1.d.C62E3BF5570D182526B58FD680407C86.e.8131/click - {}
RESULT: {}
COMMAND: POST /session/2c43d02fb6ccc6d518c848919d0720f8/element - {"using":"xpath","value":"//td[6]/div/div/input[1]"}
COMMAND: GET /session/2c43d02fb6ccc6d518c848919d0720f8/screenshot - {}
RESULT: {"using":"xpath","value":"//td[6]/div/div/input[1]"}
COMMAND: POST /session/2c43d02fb6ccc6d518c848919d0720f8/element/f.291337A451B92CFAEC554A5CFCD049A1.d.C62E3BF5570D182526B58FD680407C86.e.8133/click - {}
RESULT: {}
RESULT: {}
COMMAND: POST /session/2c43d02fb6ccc6d518c848919d0720f8/actions - {"actions":[{"id":"action37","type":"key","parameters":{},"actions":[{"type":"keyDown","value":""},{"type":"pause","duration":10},{"type":"keyUp","value":""}]}]}
COMMAND: GET /session/2c43d02fb6ccc6d518c848919d0720f8/screenshot - {}
RESULT: {"actions":[{"id":"action37","type":"key","parameters":{},"actions":[{"type":"keyDown","value":""},{"type":"pause","duration":10},{"type":"keyUp","value":""}]}]}
COMMAND: POST /session/2c43d02fb6ccc6d518c848919d0720f8/element - {"using":"xpath","value":"//td[6]/div/div/input[1]"}
COMMAND: GET /session/2c43d02fb6ccc6d518c848919d0720f8/screenshot - {}
RESULT: {}
RESULT: {"using":"xpath","value":"//td[6]/div/div/input[1]"}
COMMAND: POST /session/2c43d02fb6ccc6d518c848919d0720f8/element/f.291337A451B92CFAEC554A5CFCD049A1.d.C62E3BF5570D182526B58FD680407C86.e.8133/clear - {}
RESULT: {}
RESULT: {}
COMMAND: POST /session/2c43d02fb6ccc6d518c848919d0720f8/element/f.291337A451B92CFAEC554A5CFCD049A1.d.C62E3BF5570D182526B58FD680407C86.e.8133/value - {"text":"Material"}
COMMAND: GET /session/2c43d02fb6ccc6d518c848919d0720f8/screenshot - {}
RESULT: {"text":"Material"}
COMMAND: GET /session/2c43d02fb6ccc6d518c848919d0720f8/screenshot - {}
RESULT: {}
RESULT: {}
COMMAND: POST /session/2c43d02fb6ccc6d518c848919d0720f8/actions - {"actions":[{"id":"action38","type":"key","parameters":{},"actions":[{"type":"keyDown","value":""},{"type":"pause","duration":10},{"type":"keyUp","value":""}]}]}
RESULT: {"actions":[{"id":"action38","type":"key","parameters":{},"actions":[{"type":"keyDown","value":""},{"type":"pause","duration":10},{"type":"keyUp","value":""}]}]}
COMMAND: GET /session/2c43d02fb6ccc6d518c848919d0720f8/screenshot - {}
COMMAND: POST /session/2c43d02fb6ccc6d518c848919d0720f8/actions - {"actions":[{"id":"action39","type":"key","parameters":{},"actions":[{"type":"keyDown","value":""},{"type":"pause","duration":10},{"type":"keyUp","value":""}]}]}
RESULT: {}
RESULT: {"actions":[{"id":"action39","type":"key","parameters":{},"actions":[{"type":"keyDown","value":""},{"type":"pause","duration":10},{"type":"keyUp","value":""}]}]}
COMMAND: POST /session/2c43d02fb6ccc6d518c848919d0720f8/element - {"using":"xpath","value":"//td[7]/div/div/input"}
COMMAND: GET /session/2c43d02fb6ccc6d518c848919d0720f8/screenshot - {}
RESULT: {"using":"xpath","value":"//td[7]/div/div/input"}
COMMAND: POST /session/2c43d02fb6ccc6d518c848919d0720f8/element/f.291337A451B92CFAEC554A5CFCD049A1.d.C62E3BF5570D182526B58FD680407C86.e.8146/clear - {}
RESULT: {}
RESULT: {}
COMMAND: POST /session/2c43d02fb6ccc6d518c848919d0720f8/element/f.291337A451B92CFAEC554A5CFCD049A1.d.C62E3BF5570D182526B58FD680407C86.e.8146/value - {"text":"WebdriverMatTestfwey3"}
COMMAND: GET /session/2c43d02fb6ccc6d518c848919d0720f8/screenshot - {}
RESULT: {"text":"WebdriverMatTestfwey3"}
COMMAND: GET /session/2c43d02fb6ccc6d518c848919d0720f8/screenshot - {}
RESULT: {}
RESULT: {}
COMMAND: POST /session/2c43d02fb6ccc6d518c848919d0720f8/actions - {"actions":[{"id":"action40","type":"key","parameters":{},"actions":[{"type":"keyDown","value":""},{"type":"pause","duration":10},{"type":"keyUp","value":""}]}]}
RESULT: {"actions":[{"id":"action40","type":"key","parameters":{},"actions":[{"type":"keyDown","value":""},{"type":"pause","duration":10},{"type":"keyUp","value":""}]}]}
COMMAND: GET /session/2c43d02fb6ccc6d518c848919d0720f8/screenshot - {}
RESULT: {}
COMMAND: POST /session/2c43d02fb6ccc6d518c848919d0720f8/actions - {"actions":[{"id":"action41","type":"key","parameters":{},"actions":[{"type":"keyDown","value":""},{"type":"pause","duration":10},{"type":"keyUp","value":""}]}]}
RESULT: {"actions":[{"id":"action41","type":"key","parameters":{},"actions":[{"type":"keyDown","value":""},{"type":"pause","duration":10},{"type":"keyUp","value":""}]}]}
COMMAND: GET /session/2c43d02fb6ccc6d518c848919d0720f8/screenshot - {}
RESULT: {}
COMMAND: POST /session/2c43d02fb6ccc6d518c848919d0720f8/element - {"using":"xpath","value":"(//button[@data-kt=\"saveButton\"])[2]"}
RESULT: {"using":"xpath","value":"(//button[@data-kt=\"saveButton\"])[2]"}
COMMAND: POST /session/2c43d02fb6ccc6d518c848919d0720f8/element/f.291337A451B92CFAEC554A5CFCD049A1.d.C62E3BF5570D182526B58FD680407C86.e.8172/click - {}
RESULT: {}
COMMAND: GET /session/2c43d02fb6ccc6d518c848919d0720f8/screenshot - {}
RESULT: {}
]]></system-out>
    </testcase>
    <testcase classname="chrome.136_0_7103_93.windows.Standard_contract_close-reopen_US111278" name="It should close the contract" time="23.928">
      <system-out><![CDATA[
RESULT: undefined
COMMAND: POST /session/2c43d02fb6ccc6d518c848919d0720f8/element - {"using":"xpath","value":"//*[@id=\"__xmlview64--closeContractBtn\"]"}
RESULT: {"using":"xpath","value":"//*[@id=\"__xmlview64--closeContractBtn\"]"}
COMMAND: POST /session/2c43d02fb6ccc6d518c848919d0720f8/element/f.291337A451B92CFAEC554A5CFCD049A1.d.C62E3BF5570D182526B58FD680407C86.e.8066/click - {}
RESULT: {}
COMMAND: GET /session/2c43d02fb6ccc6d518c848919d0720f8/screenshot - {}
RESULT: {}
COMMAND: POST /session/2c43d02fb6ccc6d518c848919d0720f8/element - {"using":"xpath","value":"//span[contains(text(), \"Do you want to close the whole contract?\")]"}
RESULT: {"using":"xpath","value":"//span[contains(text(), \"Do you want to close the whole contract?\")]"}
COMMAND: POST /session/2c43d02fb6ccc6d518c848919d0720f8/execute/sync - {"script":"<script> [8489 bytes]","args":[{"element-6066-11e4-a52e-4f735466cecf":"f.291337A451B92CFAEC554A5CFCD049A1.d.C62E3BF5570D182526B58FD680407C86.e.8176","ELEMENT":"f.291337A451B92CFAEC554A5CFCD049A1.d.C62E3BF5570D182526B58FD680407C86.e.8176"}]}
RESULT: {"script":"<script> [8489 bytes]","args":[{"element-6066-11e4-a52e-4f735466cecf":"f.291337A451B92CFAEC554A5CFCD049A1.d.C62E3BF5570D182526B58FD680407C86.e.8176","ELEMENT":"f.291337A451B92CFAEC554A5CFCD049A1.d.C62E3BF5570D182526B58FD680407C86.e.8176"}]}
COMMAND: POST /session/2c43d02fb6ccc6d518c848919d0720f8/element - {"using":"xpath","value":"//bdi[contains(text(), \"OK\")]"}
COMMAND: GET /session/2c43d02fb6ccc6d518c848919d0720f8/screenshot - {}
RESULT: {}
RESULT: {"using":"xpath","value":"//bdi[contains(text(), \"OK\")]"}
COMMAND: POST /session/2c43d02fb6ccc6d518c848919d0720f8/element/f.291337A451B92CFAEC554A5CFCD049A1.d.C62E3BF5570D182526B58FD680407C86.e.8177/click - {}
RESULT: {}
COMMAND: GET /session/2c43d02fb6ccc6d518c848919d0720f8/screenshot - {}
RESULT: {}
COMMAND: POST /session/2c43d02fb6ccc6d518c848919d0720f8/element - {"using":"xpath","value":"//input[contains(@id ,\"smartContractFilterBar-btnBasicSearch-I\")]"}
RESULT: {"using":"xpath","value":"//input[contains(@id ,\"smartContractFilterBar-btnBasicSearch-I\")]"}
COMMAND: POST /session/2c43d02fb6ccc6d518c848919d0720f8/element/f.291337A451B92CFAEC554A5CFCD049A1.d.C62E3BF5570D182526B58FD680407C86.e.7606/clear - {}
RESULT: {}
COMMAND: POST /session/2c43d02fb6ccc6d518c848919d0720f8/element/f.291337A451B92CFAEC554A5CFCD049A1.d.C62E3BF5570D182526B58FD680407C86.e.7606/value - {"text":"10423"}
COMMAND: GET /session/2c43d02fb6ccc6d518c848919d0720f8/screenshot - {}
RESULT: {"text":"10423"}
COMMAND: POST /session/2c43d02fb6ccc6d518c848919d0720f8/actions - {"actions":[{"id":"action42","type":"key","parameters":{},"actions":[{"type":"keyDown","value":""},{"type":"pause","duration":10},{"type":"keyUp","value":""}]}]}
COMMAND: GET /session/2c43d02fb6ccc6d518c848919d0720f8/screenshot - {}
RESULT: {}
RESULT: {"actions":[{"id":"action42","type":"key","parameters":{},"actions":[{"type":"keyDown","value":""},{"type":"pause","duration":10},{"type":"keyUp","value":""}]}]}
COMMAND: GET /session/2c43d02fb6ccc6d518c848919d0720f8/screenshot - {}
RESULT: {}
RESULT: {}
COMMAND: POST /session/2c43d02fb6ccc6d518c848919d0720f8/execute/async - {"script":"<script> [1562 bytes]","args":[{"selector":{"controlType":"sap.ui.core.Icon","viewName":"etm.portal.ui.managecontracts.view.Master","properties":{"src":{"regex":{"source":"slim\\-arrow\\-right"}}}},"wdio_ui5_key":"etmportal.ui.managecontracts.view.Mastersap.ui.core.Icon{\"src\":{\"regex\":{\"source\":\"slim\\\\-arrow\\\\-right\"}}}"}]}
RESULT: {"script":"<script> [1562 bytes]","args":[{"selector":{"controlType":"sap.ui.core.Icon","viewName":"etm.portal.ui.managecontracts.view.Master","properties":{"src":{"regex":{"source":"slim\\-arrow\\-right"}}}},"wdio_ui5_key":"etmportal.ui.managecontracts.view.Mastersap.ui.core.Icon{\"src\":{\"regex\":{\"source\":\"slim\\\\-arrow\\\\-right\"}}}"}]}
RESULT: undefined
COMMAND: POST /session/2c43d02fb6ccc6d518c848919d0720f8/element - {"using":"xpath","value":"//*[@id=\"__item129-__clone5845-imgNav\"]"}
RESULT: {"using":"xpath","value":"//*[@id=\"__item129-__clone5845-imgNav\"]"}
COMMAND: POST /session/2c43d02fb6ccc6d518c848919d0720f8/element/f.291337A451B92CFAEC554A5CFCD049A1.d.C62E3BF5570D182526B58FD680407C86.e.8417/click - {}
RESULT: {}
COMMAND: POST /session/2c43d02fb6ccc6d518c848919d0720f8/execute/async - {"script":"<script> [1562 bytes]","args":[{"selector":{"controlType":"sap.m.ObjectStatus","viewName":"etm.portal.ui.managecontracts.view.Detail","bindingPath":{"propertyPath":"LINK_TO_LOGISTICAL_STATUS/DESCRIPTION","modelName":"catalogModel"}},"wdio_ui5_key":"etmportal.ui.managecontracts.view.Detailsap.m.ObjectStatus{\"propertyPath\":\"LINK_TO_LOGISTICAL_STATUS/DESCRIPTION\",\"modelName\":\"catalogModel\"}"}]}
COMMAND: GET /session/2c43d02fb6ccc6d518c848919d0720f8/screenshot - {}
RESULT: {"script":"<script> [1562 bytes]","args":[{"selector":{"controlType":"sap.m.ObjectStatus","viewName":"etm.portal.ui.managecontracts.view.Detail","bindingPath":{"propertyPath":"LINK_TO_LOGISTICAL_STATUS/DESCRIPTION","modelName":"catalogModel"}},"wdio_ui5_key":"etmportal.ui.managecontracts.view.Detailsap.m.ObjectStatus{\"propertyPath\":\"LINK_TO_LOGISTICAL_STATUS/DESCRIPTION\",\"modelName\":\"catalogModel\"}"}]}
RESULT: undefined
COMMAND: POST /session/2c43d02fb6ccc6d518c848919d0720f8/execute/async - {"script":"<script> [6424 bytes]","args":[{"element-6066-11e4-a52e-4f735466cecf":"f.291337A451B92CFAEC554A5CFCD049A1.d.C62E3BF5570D182526B58FD680407C86.e.8450"},"getText",[]]}
RESULT: {}
RESULT: {"script":"<script> [6424 bytes]","args":[{"element-6066-11e4-a52e-4f735466cecf":"f.291337A451B92CFAEC554A5CFCD049A1.d.C62E3BF5570D182526B58FD680407C86.e.8450"},"getText",[]]}
]]></system-out>
    </testcase>
    <testcase classname="chrome.136_0_7103_93.windows.Standard_contract_close-reopen_US111278" name="Should reopen the contract" time="10.249">
      <system-out><![CDATA[
COMMAND: POST /session/2c43d02fb6ccc6d518c848919d0720f8/execute/async - {"script":"<script> [1562 bytes]","args":[{"selector":{"id":"openContractBtn","viewName":"etm.portal.ui.managecontracts.view.Detail"},"wdio_ui5_key":"openContractBtnetmportal.ui.managecontracts.view.Detail"}]}
RESULT: {"script":"<script> [1562 bytes]","args":[{"selector":{"id":"openContractBtn","viewName":"etm.portal.ui.managecontracts.view.Detail"},"wdio_ui5_key":"openContractBtnetmportal.ui.managecontracts.view.Detail"}]}
RESULT: undefined
COMMAND: POST /session/2c43d02fb6ccc6d518c848919d0720f8/execute/async - {"script":"<script> [6424 bytes]","args":[{"element-6066-11e4-a52e-4f735466cecf":"f.291337A451B92CFAEC554A5CFCD049A1.d.C62E3BF5570D182526B58FD680407C86.e.8439"},"getEnabled",[]]}
RESULT: {"script":"<script> [6424 bytes]","args":[{"element-6066-11e4-a52e-4f735466cecf":"f.291337A451B92CFAEC554A5CFCD049A1.d.C62E3BF5570D182526B58FD680407C86.e.8439"},"getEnabled",[]]}
COMMAND: POST /session/2c43d02fb6ccc6d518c848919d0720f8/element - {"using":"xpath","value":"//bdi[contains(text(), \"Edit\")]"}
RESULT: {"using":"xpath","value":"//bdi[contains(text(), \"Edit\")]"}
COMMAND: POST /session/2c43d02fb6ccc6d518c848919d0720f8/element - {"using":"xpath","value":"//bdi[contains(text(), \"Edit\")]"}
RESULT: undefined
COMMAND: POST /session/2c43d02fb6ccc6d518c848919d0720f8/element - {"using":"xpath","value":"//*[@id=\"__xmlview64--openContractBtn\"]"}
RESULT: {"using":"xpath","value":"//bdi[contains(text(), \"Edit\")]"}
RESULT: {"using":"xpath","value":"//*[@id=\"__xmlview64--openContractBtn\"]"}
COMMAND: POST /session/2c43d02fb6ccc6d518c848919d0720f8/element/f.291337A451B92CFAEC554A5CFCD049A1.d.C62E3BF5570D182526B58FD680407C86.e.8439/click - {}
RESULT: {}
COMMAND: POST /session/2c43d02fb6ccc6d518c848919d0720f8/execute/async - {"script":"<script> [1562 bytes]","args":[{"selector":{"controlType":"sap.m.Text","properties":{"text":"Contract has been reopened successfully"},"searchOpenDialogs":true},"wdio_ui5_key":"sapm.Text{\"text\":\"Contract has been reopened successfully\"}"}]}
COMMAND: GET /session/2c43d02fb6ccc6d518c848919d0720f8/screenshot - {}
RESULT: {"script":"<script> [1562 bytes]","args":[{"selector":{"controlType":"sap.m.Text","properties":{"text":"Contract has been reopened successfully"},"searchOpenDialogs":true},"wdio_ui5_key":"sapm.Text{\"text\":\"Contract has been reopened successfully\"}"}]}
RESULT: undefined
COMMAND: POST /session/2c43d02fb6ccc6d518c848919d0720f8/execute/async - {"script":"<script> [6424 bytes]","args":[{"element-6066-11e4-a52e-4f735466cecf":"f.291337A451B92CFAEC554A5CFCD049A1.d.C62E3BF5570D182526B58FD680407C86.e.8453"},"getText",[]]}
RESULT: {}
RESULT: {"script":"<script> [6424 bytes]","args":[{"element-6066-11e4-a52e-4f735466cecf":"f.291337A451B92CFAEC554A5CFCD049A1.d.C62E3BF5570D182526B58FD680407C86.e.8453"},"getText",[]]}
COMMAND: POST /session/2c43d02fb6ccc6d518c848919d0720f8/element - {"using":"xpath","value":"//bdi[contains(text(), \"OK\")]"}
RESULT: {"using":"xpath","value":"//bdi[contains(text(), \"OK\")]"}
COMMAND: POST /session/2c43d02fb6ccc6d518c848919d0720f8/element/f.291337A451B92CFAEC554A5CFCD049A1.d.C62E3BF5570D182526B58FD680407C86.e.8454/click - {}
RESULT: {}
COMMAND: GET /session/2c43d02fb6ccc6d518c848919d0720f8/screenshot - {}
RESULT: {}
COMMAND: POST /session/2c43d02fb6ccc6d518c848919d0720f8/element - {"using":"xpath","value":"//bdi[contains(text(), \"Edit\")]"}
RESULT: undefined
COMMAND: POST /session/2c43d02fb6ccc6d518c848919d0720f8/execute/async - {"script":"<script> [6424 bytes]","args":[{"element-6066-11e4-a52e-4f735466cecf":"f.291337A451B92CFAEC554A5CFCD049A1.d.C62E3BF5570D182526B58FD680407C86.e.8066"},"getEnabled",[]]}
RESULT: {"using":"xpath","value":"//bdi[contains(text(), \"Edit\")]"}
COMMAND: POST /session/2c43d02fb6ccc6d518c848919d0720f8/execute/sync - {"script":"<script> [8489 bytes]","args":[{"element-6066-11e4-a52e-4f735466cecf":"f.291337A451B92CFAEC554A5CFCD049A1.d.C62E3BF5570D182526B58FD680407C86.e.8455","ELEMENT":"f.291337A451B92CFAEC554A5CFCD049A1.d.C62E3BF5570D182526B58FD680407C86.e.8455"}]}
COMMAND: POST /session/2c43d02fb6ccc6d518c848919d0720f8/execute/async - {"script":"<script> [1562 bytes]","args":[{"selector":{"id":"closeContractBtn","viewName":"etm.portal.ui.managecontracts.view.Detail"},"wdio_ui5_key":"closeContractBtnetmportal.ui.managecontracts.view.Detail"}]}
RESULT: {"script":"<script> [8489 bytes]","args":[{"element-6066-11e4-a52e-4f735466cecf":"f.291337A451B92CFAEC554A5CFCD049A1.d.C62E3BF5570D182526B58FD680407C86.e.8455","ELEMENT":"f.291337A451B92CFAEC554A5CFCD049A1.d.C62E3BF5570D182526B58FD680407C86.e.8455"}]}
COMMAND: GET /session/2c43d02fb6ccc6d518c848919d0720f8/screenshot - {}
RESULT: {"script":"<script> [1562 bytes]","args":[{"selector":{"id":"closeContractBtn","viewName":"etm.portal.ui.managecontracts.view.Detail"},"wdio_ui5_key":"closeContractBtnetmportal.ui.managecontracts.view.Detail"}]}
COMMAND: POST /session/2c43d02fb6ccc6d518c848919d0720f8/execute/async - {"script":"<script> [6424 bytes]","args":[{"element-6066-11e4-a52e-4f735466cecf":"f.291337A451B92CFAEC554A5CFCD049A1.d.C62E3BF5570D182526B58FD680407C86.e.8456"},"getEnabled",[]]}
RESULT: {}
RESULT: {"script":"<script> [6424 bytes]","args":[{"element-6066-11e4-a52e-4f735466cecf":"f.291337A451B92CFAEC554A5CFCD049A1.d.C62E3BF5570D182526B58FD680407C86.e.8456"},"getEnabled",[]]}
]]></system-out>
    </testcase>
    <testcase classname="chrome.136_0_7103_93.windows.Standard_contract_close-reopen_US111278" name="Should verify for multiple statuses that open button is not visible" time="86.339">
      <system-out><![CDATA[
COMMAND: POST /session/2c43d02fb6ccc6d518c848919d0720f8/execute/async - {"script":"<script> [1562 bytes]","args":[{"selector":{"controlType":"sap.ui.core.Icon","viewName":"etm.portal.ui.managecontracts.view.Detail","properties":{"src":{"regex":{"source":"decline"}}}},"wdio_ui5_key":"etmportal.ui.managecontracts.view.Detailsap.ui.core.Icon{\"src\":{\"regex\":{\"source\":\"decline\"}}}"}]}
RESULT: {"script":"<script> [1562 bytes]","args":[{"selector":{"controlType":"sap.ui.core.Icon","viewName":"etm.portal.ui.managecontracts.view.Detail","properties":{"src":{"regex":{"source":"decline"}}}},"wdio_ui5_key":"etmportal.ui.managecontracts.view.Detailsap.ui.core.Icon{\"src\":{\"regex\":{\"source\":\"decline\"}}}"}]}
RESULT: undefined
COMMAND: POST /session/2c43d02fb6ccc6d518c848919d0720f8/element - {"using":"xpath","value":"//*[@id=\"__xmlview64--closeColumnBtn-img\"]"}
RESULT: {"using":"xpath","value":"//*[@id=\"__xmlview64--closeColumnBtn-img\"]"}
COMMAND: POST /session/2c43d02fb6ccc6d518c848919d0720f8/element/f.291337A451B92CFAEC554A5CFCD049A1.d.C62E3BF5570D182526B58FD680407C86.e.8434/click - {}
RESULT: {}
COMMAND: GET /session/2c43d02fb6ccc6d518c848919d0720f8/screenshot - {}
COMMAND: POST /session/2c43d02fb6ccc6d518c848919d0720f8/element - {"using":"xpath","value":"//div[contains(@id ,\"smartContractFilterBar-btnBasicSearch-reset\")]"}
RESULT: {}
RESULT: {"using":"xpath","value":"//div[contains(@id ,\"smartContractFilterBar-btnBasicSearch-reset\")]"}
COMMAND: POST /session/2c43d02fb6ccc6d518c848919d0720f8/element/f.291337A451B92CFAEC554A5CFCD049A1.d.C62E3BF5570D182526B58FD680407C86.e.8437/click - {}
RESULT: {}
COMMAND: GET /session/2c43d02fb6ccc6d518c848919d0720f8/screenshot - {}
RESULT: {}
COMMAND: POST /session/2c43d02fb6ccc6d518c848919d0720f8/execute/async - {"script":"<script> [1562 bytes]","args":[{"selector":{"controlType":"sap.ui.core.Icon","viewName":"etm.portal.ui.managecontracts.view.Master","properties":{"src":{"regex":{"source":"slim\\-arrow\\-down"}}},"ancestor":{"id":"smartContractStatusFilter","viewName":"etm.portal.ui.managecontracts.view.Master"}},"wdio_ui5_key":"etmportal.ui.managecontracts.view.Mastersap.ui.core.Icon{\"src\":{\"regex\":{\"source\":\"slim\\\\-arrow\\\\-down\"}}}{\"id\":\"smartContractStatusFilter\",\"viewName\":\"etm.portal.ui.managecontracts.view.Master\"}"}]}
RESULT: {"script":"<script> [1562 bytes]","args":[{"selector":{"controlType":"sap.ui.core.Icon","viewName":"etm.portal.ui.managecontracts.view.Master","properties":{"src":{"regex":{"source":"slim\\-arrow\\-down"}}},"ancestor":{"id":"smartContractStatusFilter","viewName":"etm.portal.ui.managecontracts.view.Master"}},"wdio_ui5_key":"etmportal.ui.managecontracts.view.Mastersap.ui.core.Icon{\"src\":{\"regex\":{\"source\":\"slim\\\\-arrow\\\\-down\"}}}{\"id\":\"smartContractStatusFilter\",\"viewName\":\"etm.portal.ui.managecontracts.view.Master\"}"}]}
RESULT: undefined
COMMAND: POST /session/2c43d02fb6ccc6d518c848919d0720f8/element - {"using":"xpath","value":"//*[@id=\"__xmlview63--smartContractStatusFilter-arrow\"]"}
RESULT: {"using":"xpath","value":"//*[@id=\"__xmlview63--smartContractStatusFilter-arrow\"]"}
COMMAND: POST /session/2c43d02fb6ccc6d518c848919d0720f8/element/f.291337A451B92CFAEC554A5CFCD049A1.d.C62E3BF5570D182526B58FD680407C86.e.8506/click - {}
RESULT: {}
COMMAND: POST /session/2c43d02fb6ccc6d518c848919d0720f8/execute/async - {"script":"<script> [1562 bytes]","args":[{"selector":{"controlType":"sap.m.CheckBox","viewName":"etm.portal.ui.managecontracts.view.Master","properties":{"editable":true},"searchOpenDialogs":true,"ancestor":{"controlType":"sap.m.StandardListItem","viewName":"etm.portal.ui.managecontracts.view.Master","properties":{"title":"partial provided"},"searchOpenDialogs":true},"interaction":{"idSuffix":"CbBg"}},"wdio_ui5_key":"etmportal.ui.managecontracts.view.Mastersap.m.CheckBox{\"editable\":true}{\"controlType\":\"sap.m.StandardListItem\",\"viewName\":\"etm.portal.ui.managecontracts.view.Master\",\"properties\":{\"title\":\"partial provided\"},\"searchOpenDialogs\":true}"}]}
COMMAND: GET /session/2c43d02fb6ccc6d518c848919d0720f8/screenshot - {}
RESULT: {"script":"<script> [1562 bytes]","args":[{"selector":{"controlType":"sap.m.CheckBox","viewName":"etm.portal.ui.managecontracts.view.Master","properties":{"editable":true},"searchOpenDialogs":true,"ancestor":{"controlType":"sap.m.StandardListItem","viewName":"etm.portal.ui.managecontracts.view.Master","properties":{"title":"partial provided"},"searchOpenDialogs":true},"interaction":{"idSuffix":"CbBg"}},"wdio_ui5_key":"etmportal.ui.managecontracts.view.Mastersap.m.CheckBox{\"editable\":true}{\"controlType\":\"sap.m.StandardListItem\",\"viewName\":\"etm.portal.ui.managecontracts.view.Master\",\"properties\":{\"title\":\"partial provided\"},\"searchOpenDialogs\":true}"}]}
RESULT: undefined
COMMAND: POST /session/2c43d02fb6ccc6d518c848919d0720f8/element - {"using":"xpath","value":"//*[@id=\"__item1894-selectMulti\"]"}
RESULT: {}
RESULT: {"using":"xpath","value":"//*[@id=\"__item1894-selectMulti\"]"}
COMMAND: POST /session/2c43d02fb6ccc6d518c848919d0720f8/element/f.291337A451B92CFAEC554A5CFCD049A1.d.C62E3BF5570D182526B58FD680407C86.e.8515/click - {}
RESULT: {}
COMMAND: GET /session/2c43d02fb6ccc6d518c848919d0720f8/screenshot - {}
RESULT: {}
COMMAND: POST /session/2c43d02fb6ccc6d518c848919d0720f8/element - {"using":"xpath","value":"(//span[contains(@title ,\"Navigation\")])[2]"}
RESULT: {"using":"xpath","value":"(//span[contains(@title ,\"Navigation\")])[2]"}
COMMAND: POST /session/2c43d02fb6ccc6d518c848919d0720f8/element/f.291337A451B92CFAEC554A5CFCD049A1.d.C62E3BF5570D182526B58FD680407C86.e.8546/click - {}
RESULT: {}
COMMAND: GET /session/2c43d02fb6ccc6d518c848919d0720f8/screenshot - {}
RESULT: {}
COMMAND: POST /session/2c43d02fb6ccc6d518c848919d0720f8/element - {"using":"xpath","value":"//bdi[contains(@id ,\"closeContractBtn-BDI-content\")]"}
RESULT: {"using":"xpath","value":"//bdi[contains(@id ,\"closeContractBtn-BDI-content\")]"}
COMMAND: POST /session/2c43d02fb6ccc6d518c848919d0720f8/execute/sync - {"script":"<script> [8489 bytes]","args":[{"element-6066-11e4-a52e-4f735466cecf":"f.291337A451B92CFAEC554A5CFCD049A1.d.C62E3BF5570D182526B58FD680407C86.e.8738","ELEMENT":"f.291337A451B92CFAEC554A5CFCD049A1.d.C62E3BF5570D182526B58FD680407C86.e.8738"}]}
RESULT: undefined
COMMAND: POST /session/2c43d02fb6ccc6d518c848919d0720f8/element - {"using":"xpath","value":"//*[@id=\"__xmlview64--closeColumnBtn-img\"]"}
RESULT: {"script":"<script> [8489 bytes]","args":[{"element-6066-11e4-a52e-4f735466cecf":"f.291337A451B92CFAEC554A5CFCD049A1.d.C62E3BF5570D182526B58FD680407C86.e.8738","ELEMENT":"f.291337A451B92CFAEC554A5CFCD049A1.d.C62E3BF5570D182526B58FD680407C86.e.8738"}]}
COMMAND: GET /session/2c43d02fb6ccc6d518c848919d0720f8/screenshot - {}
RESULT: {"using":"xpath","value":"//*[@id=\"__xmlview64--closeColumnBtn-img\"]"}
COMMAND: POST /session/2c43d02fb6ccc6d518c848919d0720f8/element/f.291337A451B92CFAEC554A5CFCD049A1.d.C62E3BF5570D182526B58FD680407C86.e.8434/click - {}
RESULT: {}
COMMAND: POST /session/2c43d02fb6ccc6d518c848919d0720f8/execute/sync - {"script":"<script> [8489 bytes]","args":[{"element-6066-11e4-a52e-4f735466cecf":"f.291337A451B92CFAEC554A5CFCD049A1.d.C62E3BF5570D182526B58FD680407C86.e.8738","ELEMENT":"f.291337A451B92CFAEC554A5CFCD049A1.d.C62E3BF5570D182526B58FD680407C86.e.8738"}]}
RESULT: {}
COMMAND: GET /session/2c43d02fb6ccc6d518c848919d0720f8/screenshot - {}
RESULT: {"script":"<script> [8489 bytes]","args":[{"element-6066-11e4-a52e-4f735466cecf":"f.291337A451B92CFAEC554A5CFCD049A1.d.C62E3BF5570D182526B58FD680407C86.e.8738","ELEMENT":"f.291337A451B92CFAEC554A5CFCD049A1.d.C62E3BF5570D182526B58FD680407C86.e.8738"}]}
COMMAND: GET /session/2c43d02fb6ccc6d518c848919d0720f8/screenshot - {}
COMMAND: POST /session/2c43d02fb6ccc6d518c848919d0720f8/execute/sync - {"script":"<script> [8489 bytes]","args":[{"element-6066-11e4-a52e-4f735466cecf":"f.291337A451B92CFAEC554A5CFCD049A1.d.C62E3BF5570D182526B58FD680407C86.e.8738","ELEMENT":"f.291337A451B92CFAEC554A5CFCD049A1.d.C62E3BF5570D182526B58FD680407C86.e.8738"}]}
COMMAND: POST /session/2c43d02fb6ccc6d518c848919d0720f8/refresh - {}
RESULT: {}
RESULT: {}
RESULT: {"script":"<script> [8489 bytes]","args":[{"element-6066-11e4-a52e-4f735466cecf":"f.291337A451B92CFAEC554A5CFCD049A1.d.C62E3BF5570D182526B58FD680407C86.e.8738","ELEMENT":"f.291337A451B92CFAEC554A5CFCD049A1.d.C62E3BF5570D182526B58FD680407C86.e.8738"}]}
COMMAND: GET /session/2c43d02fb6ccc6d518c848919d0720f8/screenshot - {}
RESULT: {}
COMMAND: GET /session/2c43d02fb6ccc6d518c848919d0720f8/screenshot - {}
RESULT: {}
RESULT: {}
COMMAND: POST /session/2c43d02fb6ccc6d518c848919d0720f8/execute/async - {"script":"<script> [189 bytes]","args":[]}
RESULT: {"script":"<script> [189 bytes]","args":[]}
COMMAND: POST /session/2c43d02fb6ccc6d518c848919d0720f8/execute/async - {"script":"<script> [123 bytes]","args":[]}
RESULT: {"script":"<script> [123 bytes]","args":[]}
COMMAND: POST /session/2c43d02fb6ccc6d518c848919d0720f8/timeouts - {"script":"<number>"}
RESULT: {"script":"<number>"}
COMMAND: GET /session/2c43d02fb6ccc6d518c848919d0720f8/timeouts - {}
RESULT: {}
RESULT: undefined
COMMAND: POST /session/2c43d02fb6ccc6d518c848919d0720f8/execute/async - {"script":"<script> [2676 bytes]","args":[]}
RESULT: {"script":"<script> [2676 bytes]","args":[]}
COMMAND: POST /session/2c43d02fb6ccc6d518c848919d0720f8/execute/async - {"script":"<script> [2342 bytes]","args":[{"protocol":"http","hostname":"0.0.0.0","path":"/","capabilities":{"browserName":"chrome","goog:chromeOptions":{"binary":"C:\\Program Files\\Google\\Chrome\\Application\\chrome.exe","args":["--start-maximized"]}},"logLevel":"warn","connectionRetryTimeout":120000,"connectionRetryCount":3,"logLevels":{},"enableDirectConnect":true,"strictSSL":true,"_":"65 more keys: [\"cacheDir\",\"port\",\"requestedCapabilities\",\"automationProtocol\",\"baseUrl\",\"waitforInterval\",\"waitforTimeout\",\"onReload\",\"beforeCommand\",\"afterCommand\",\"rootDir\",\"specs\",\"suites\",\"exclude\",\"groupLogsByTestSpec\",\"excludeDriverLogs\",\"bail\",\"framework\",\"reporters\",\"services\",\"maxInstances\",\"maxInstancesPerCapability\",\"injectGlobals\",\"filesToWatch\",\"execArgv\",\"runnerEnv\",\"runner\",\"shard\",\"specFileRetries\",\"specFileRetriesDelay\",\"specFileRetriesDeferred\",\"reporterSyncInterval\",\"reporterSyncTimeout\",\"cucumberFeaturesWithLineNumbers\",\"autoCompileOpts\",\"mochaOpts\",\"jasmineOpts\",\"cucumberOpts\",\"onPrepare\",\"onWorkerStart\",\"onWorkerEnd\",\"before\",\"beforeSession\",\"beforeSuite\",\"beforeHook\",\"beforeTest\",\"afterTest\",\"afterHook\",\"afterSuite\",\"afterSession\",\"after\",\"onComplete\",\"beforeAssertion\",\"afterAssertion\",\"beforeFeature\",\"beforeScenario\",\"beforeStep\",\"afterStep\",\"afterScenario\",\"afterFeature\",\"_\",\"suite\",\"$0\",\"ignoredWorkerServices\",\"wdi5\"]"}]}
RESULT: {"script":"<script> [2342 bytes]","args":[{"protocol":"http","hostname":"0.0.0.0","path":"/","capabilities":{"browserName":"chrome","goog:chromeOptions":{"binary":"C:\\Program Files\\Google\\Chrome\\Application\\chrome.exe","args":["--start-maximized"]}},"logLevel":"warn","connectionRetryTimeout":120000,"connectionRetryCount":3,"logLevels":{},"enableDirectConnect":true,"strictSSL":true,"_":"65 more keys: [\"cacheDir\",\"port\",\"requestedCapabilities\",\"automationProtocol\",\"baseUrl\",\"waitforInterval\",\"waitforTimeout\",\"onReload\",\"beforeCommand\",\"afterCommand\",\"rootDir\",\"specs\",\"suites\",\"exclude\",\"groupLogsByTestSpec\",\"excludeDriverLogs\",\"bail\",\"framework\",\"reporters\",\"services\",\"maxInstances\",\"maxInstancesPerCapability\",\"injectGlobals\",\"filesToWatch\",\"execArgv\",\"runnerEnv\",\"runner\",\"shard\",\"specFileRetries\",\"specFileRetriesDelay\",\"specFileRetriesDeferred\",\"reporterSyncInterval\",\"reporterSyncTimeout\",\"cucumberFeaturesWithLineNumbers\",\"autoCompileOpts\",\"mochaOpts\",\"jasmineOpts\",\"cucumberOpts\",\"onPrepare\",\"onWorkerStart\",\"onWorkerEnd\",\"before\",\"beforeSession\",\"beforeSuite\",\"beforeHook\",\"beforeTest\",\"afterTest\",\"afterHook\",\"afterSuite\",\"afterSession\",\"after\",\"onComplete\",\"beforeAssertion\",\"afterAssertion\",\"beforeFeature\",\"beforeScenario\",\"beforeStep\",\"afterStep\",\"afterScenario\",\"afterFeature\",\"_\",\"suite\",\"$0\",\"ignoredWorkerServices\",\"wdi5\"]"}]}
COMMAND: POST /session/2c43d02fb6ccc6d518c848919d0720f8/execute/async - {"script":"<script> [21126 bytes]","args":[35000]}
RESULT: {"script":"<script> [21126 bytes]","args":[35000]}
COMMAND: POST /session/2c43d02fb6ccc6d518c848919d0720f8/execute/async - {"script":"<script> [1562 bytes]","args":[{"selector":{"controlType":"sap.ui.core.Icon","viewName":"etm.portal.ui.managecontracts.view.Master","properties":{"src":{"regex":{"source":"slim\\-arrow\\-down"}}},"ancestor":{"id":"smartContractStatusFilter","viewName":"etm.portal.ui.managecontracts.view.Master"}},"wdio_ui5_key":"etmportal.ui.managecontracts.view.Mastersap.ui.core.Icon{\"src\":{\"regex\":{\"source\":\"slim\\\\-arrow\\\\-down\"}}}{\"id\":\"smartContractStatusFilter\",\"viewName\":\"etm.portal.ui.managecontracts.view.Master\"}"}]}
RESULT: {"script":"<script> [1562 bytes]","args":[{"selector":{"controlType":"sap.ui.core.Icon","viewName":"etm.portal.ui.managecontracts.view.Master","properties":{"src":{"regex":{"source":"slim\\-arrow\\-down"}}},"ancestor":{"id":"smartContractStatusFilter","viewName":"etm.portal.ui.managecontracts.view.Master"}},"wdio_ui5_key":"etmportal.ui.managecontracts.view.Mastersap.ui.core.Icon{\"src\":{\"regex\":{\"source\":\"slim\\\\-arrow\\\\-down\"}}}{\"id\":\"smartContractStatusFilter\",\"viewName\":\"etm.portal.ui.managecontracts.view.Master\"}"}]}
RESULT: undefined
COMMAND: POST /session/2c43d02fb6ccc6d518c848919d0720f8/element - {"using":"xpath","value":"//*[@id=\"__xmlview0--smartContractStatusFilter-arrow\"]"}
RESULT: {"using":"xpath","value":"//*[@id=\"__xmlview0--smartContractStatusFilter-arrow\"]"}
COMMAND: POST /session/2c43d02fb6ccc6d518c848919d0720f8/element/f.291337A451B92CFAEC554A5CFCD049A1.d.E19B90B99A6E63FDC0AA1F61B40CDD34.e.8921/click - {}
RESULT: {}
COMMAND: GET /session/2c43d02fb6ccc6d518c848919d0720f8/screenshot - {}
RESULT: {}
COMMAND: POST /session/2c43d02fb6ccc6d518c848919d0720f8/execute/async - {"script":"<script> [1562 bytes]","args":[{"selector":{"controlType":"sap.m.CheckBox","viewName":"etm.portal.ui.managecontracts.view.Master","properties":{"editable":true},"searchOpenDialogs":true,"ancestor":{"controlType":"sap.m.StandardListItem","viewName":"etm.portal.ui.managecontracts.view.Master","properties":{"title":"partial billed"},"searchOpenDialogs":true},"interaction":{"idSuffix":"CbBg"}},"wdio_ui5_key":"etmportal.ui.managecontracts.view.Mastersap.m.CheckBox{\"editable\":true}{\"controlType\":\"sap.m.StandardListItem\",\"viewName\":\"etm.portal.ui.managecontracts.view.Master\",\"properties\":{\"title\":\"partial billed\"},\"searchOpenDialogs\":true}"}]}
RESULT: {"script":"<script> [1562 bytes]","args":[{"selector":{"controlType":"sap.m.CheckBox","viewName":"etm.portal.ui.managecontracts.view.Master","properties":{"editable":true},"searchOpenDialogs":true,"ancestor":{"controlType":"sap.m.StandardListItem","viewName":"etm.portal.ui.managecontracts.view.Master","properties":{"title":"partial billed"},"searchOpenDialogs":true},"interaction":{"idSuffix":"CbBg"}},"wdio_ui5_key":"etmportal.ui.managecontracts.view.Mastersap.m.CheckBox{\"editable\":true}{\"controlType\":\"sap.m.StandardListItem\",\"viewName\":\"etm.portal.ui.managecontracts.view.Master\",\"properties\":{\"title\":\"partial billed\"},\"searchOpenDialogs\":true}"}]}
RESULT: undefined
COMMAND: POST /session/2c43d02fb6ccc6d518c848919d0720f8/element - {"using":"xpath","value":"//*[@id=\"__item41-selectMulti\"]"}
RESULT: {"using":"xpath","value":"//*[@id=\"__item41-selectMulti\"]"}
COMMAND: POST /session/2c43d02fb6ccc6d518c848919d0720f8/element/f.291337A451B92CFAEC554A5CFCD049A1.d.E19B90B99A6E63FDC0AA1F61B40CDD34.e.8930/click - {}
RESULT: {}
COMMAND: GET /session/2c43d02fb6ccc6d518c848919d0720f8/screenshot - {}
RESULT: {}
COMMAND: POST /session/2c43d02fb6ccc6d518c848919d0720f8/element - {"using":"xpath","value":"(//span[contains(@title ,\"Navigation\")])[2]"}
RESULT: {"using":"xpath","value":"(//span[contains(@title ,\"Navigation\")])[2]"}
COMMAND: POST /session/2c43d02fb6ccc6d518c848919d0720f8/element/f.291337A451B92CFAEC554A5CFCD049A1.d.E19B90B99A6E63FDC0AA1F61B40CDD34.e.8967/click - {}
RESULT: {}
COMMAND: GET /session/2c43d02fb6ccc6d518c848919d0720f8/screenshot - {}
RESULT: {}
COMMAND: POST /session/2c43d02fb6ccc6d518c848919d0720f8/execute/sync - {"script":"<script> [8489 bytes]","args":[{"element-6066-11e4-a52e-4f735466cecf":"f.291337A451B92CFAEC554A5CFCD049A1.d.C62E3BF5570D182526B58FD680407C86.e.8738","ELEMENT":"f.291337A451B92CFAEC554A5CFCD049A1.d.C62E3BF5570D182526B58FD680407C86.e.8738"}]}
COMMAND: POST /session/2c43d02fb6ccc6d518c848919d0720f8/element - {"using":"css selector","value":"#shell-header-logo"}
COMMAND: POST /session/2c43d02fb6ccc6d518c848919d0720f8/element - {"using":"xpath","value":"//bdi[contains(@id ,\"closeContractBtn-BDI-content\")]"}
RESULT: {"using":"css selector","value":"#shell-header-logo"}
COMMAND: POST /session/2c43d02fb6ccc6d518c848919d0720f8/element/f.291337A451B92CFAEC554A5CFCD049A1.d.E19B90B99A6E63FDC0AA1F61B40CDD34.e.8856/click - {}
RESULT: {"using":"xpath","value":"//bdi[contains(@id ,\"closeContractBtn-BDI-content\")]"}
COMMAND: POST /session/2c43d02fb6ccc6d518c848919d0720f8/element - {"using":"xpath","value":"//bdi[contains(@id ,\"closeContractBtn-BDI-content\")]"}
RESULT: {"using":"xpath","value":"//bdi[contains(@id ,\"closeContractBtn-BDI-content\")]"}
COMMAND: POST /session/2c43d02fb6ccc6d518c848919d0720f8/execute/sync - {"script":"<script> [8489 bytes]","args":[{"element-6066-11e4-a52e-4f735466cecf":"f.291337A451B92CFAEC554A5CFCD049A1.d.E19B90B99A6E63FDC0AA1F61B40CDD34.e.9258","ELEMENT":"f.291337A451B92CFAEC554A5CFCD049A1.d.E19B90B99A6E63FDC0AA1F61B40CDD34.e.9258"}]}
RESULT: {}
COMMAND: GET /session/2c43d02fb6ccc6d518c848919d0720f8/screenshot - {}
RESULT: {}
COMMAND: POST /session/2c43d02fb6ccc6d518c848919d0720f8/execute/sync - {"script":"<script> [8489 bytes]","args":[{"element-6066-11e4-a52e-4f735466cecf":"f.291337A451B92CFAEC554A5CFCD049A1.d.E19B90B99A6E63FDC0AA1F61B40CDD34.e.9258","ELEMENT":"f.291337A451B92CFAEC554A5CFCD049A1.d.E19B90B99A6E63FDC0AA1F61B40CDD34.e.9258"}]}
COMMAND: POST /session/2c43d02fb6ccc6d518c848919d0720f8/element - {"using":"xpath","value":"//bdi[contains(@id ,\"closeContractBtn-BDI-content\")]"}
RESULT: {"using":"xpath","value":"//bdi[contains(@id ,\"closeContractBtn-BDI-content\")]"}
COMMAND: POST /session/2c43d02fb6ccc6d518c848919d0720f8/element - {"using":"xpath","value":"//bdi[contains(@id ,\"closeContractBtn-BDI-content\")]"}
RESULT: {"using":"xpath","value":"//bdi[contains(@id ,\"closeContractBtn-BDI-content\")]"}
]]></system-out>
    </testcase>
  </testsuite>
  <testsuite timestamp="2025-06-01T18:13:17" time="59.152" tests="1" failures="0" errors="0" skipped="0">
    <properties>
      <property name="specId" value="0"/>
      <property name="suiteName" value="Standard contract decline US151279"/>
      <property name="capabilities" value="chrome.136_0_7103_93.windows"/>
      <property name="file" value="file:///D:/a/1/s/test/specs/R2C/standard-contract-decline.spec.js"/>
    </properties>
    <testcase classname="chrome.136_0_7103_93.windows.Standard_contract_decline_US151279" name="Should decline a contract" time="54.485">
      <system-out><![CDATA[
COMMAND: POST /session/2c43d02fb6ccc6d518c848919d0720f8/execute/async - {"script":"<script> [1562 bytes]","args":[{"selector":{"controlType":"sap.m.GenericTile","properties":{"header":"Manage Contracts"}},"wdio_ui5_key":"sapm.GenericTile{\"header\":\"Manage Contracts\"}"}]}
RESULT: {"script":"<script> [1562 bytes]","args":[{"selector":{"controlType":"sap.m.GenericTile","properties":{"header":"Manage Contracts"}},"wdio_ui5_key":"sapm.GenericTile{\"header\":\"Manage Contracts\"}"}]}
RESULT: undefined
COMMAND: POST /session/2c43d02fb6ccc6d518c848919d0720f8/element - {"using":"xpath","value":"//*[@id=\"__tile130\"]"}
RESULT: {"using":"xpath","value":"//*[@id=\"__tile130\"]"}
COMMAND: POST /session/2c43d02fb6ccc6d518c848919d0720f8/element/f.291337A451B92CFAEC554A5CFCD049A1.d.E19B90B99A6E63FDC0AA1F61B40CDD34.e.9272/click - {}
RESULT: {}
COMMAND: GET /session/2c43d02fb6ccc6d518c848919d0720f8/screenshot - {}
RESULT: {}
COMMAND: POST /session/2c43d02fb6ccc6d518c848919d0720f8/element - {"using":"xpath","value":"//input[contains(@id ,\"smartContractFilterBar-btnBasicSearch-I\")]"}
RESULT: {"using":"xpath","value":"//input[contains(@id ,\"smartContractFilterBar-btnBasicSearch-I\")]"}
COMMAND: POST /session/2c43d02fb6ccc6d518c848919d0720f8/elements - {"using":"xpath","value":"//input[contains(@id ,\"smartContractFilterBar-btnBasicSearch-I\")]"}
RESULT: {"using":"xpath","value":"//input[contains(@id ,\"smartContractFilterBar-btnBasicSearch-I\")]"}
COMMAND: POST /session/2c43d02fb6ccc6d518c848919d0720f8/elements - {"using":"xpath","value":"//input[contains(@id ,\"smartContractFilterBar-btnBasicSearch-I\")]"}
RESULT: {"using":"xpath","value":"//input[contains(@id ,\"smartContractFilterBar-btnBasicSearch-I\")]"}
COMMAND: POST /session/2c43d02fb6ccc6d518c848919d0720f8/elements - {"using":"xpath","value":"//input[contains(@id ,\"smartContractFilterBar-btnBasicSearch-I\")]"}
RESULT: {"using":"xpath","value":"//input[contains(@id ,\"smartContractFilterBar-btnBasicSearch-I\")]"}
COMMAND: POST /session/2c43d02fb6ccc6d518c848919d0720f8/elements - {"using":"xpath","value":"//input[contains(@id ,\"smartContractFilterBar-btnBasicSearch-I\")]"}
RESULT: {"using":"xpath","value":"//input[contains(@id ,\"smartContractFilterBar-btnBasicSearch-I\")]"}
COMMAND: POST /session/2c43d02fb6ccc6d518c848919d0720f8/elements - {"using":"xpath","value":"//span[text()='Error']"}
RESULT: {"using":"xpath","value":"//span[text()='Error']"}
COMMAND: POST /session/2c43d02fb6ccc6d518c848919d0720f8/elements - {"using":"xpath","value":"//input[contains(@id ,\"smartContractFilterBar-btnBasicSearch-I\")]"}
RESULT: {"using":"xpath","value":"//input[contains(@id ,\"smartContractFilterBar-btnBasicSearch-I\")]"}
COMMAND: POST /session/2c43d02fb6ccc6d518c848919d0720f8/elements - {"using":"xpath","value":"//input[contains(@id ,\"smartContractFilterBar-btnBasicSearch-I\")]"}
RESULT: {"using":"xpath","value":"//input[contains(@id ,\"smartContractFilterBar-btnBasicSearch-I\")]"}
COMMAND: POST /session/2c43d02fb6ccc6d518c848919d0720f8/elements - {"using":"xpath","value":"//input[contains(@id ,\"smartContractFilterBar-btnBasicSearch-I\")]"}
RESULT: {"using":"xpath","value":"//input[contains(@id ,\"smartContractFilterBar-btnBasicSearch-I\")]"}
COMMAND: POST /session/2c43d02fb6ccc6d518c848919d0720f8/elements - {"using":"xpath","value":"//input[contains(@id ,\"smartContractFilterBar-btnBasicSearch-I\")]"}
RESULT: {"using":"xpath","value":"//input[contains(@id ,\"smartContractFilterBar-btnBasicSearch-I\")]"}
COMMAND: POST /session/2c43d02fb6ccc6d518c848919d0720f8/elements - {"using":"xpath","value":"//input[contains(@id ,\"smartContractFilterBar-btnBasicSearch-I\")]"}
RESULT: {"using":"xpath","value":"//input[contains(@id ,\"smartContractFilterBar-btnBasicSearch-I\")]"}
COMMAND: POST /session/2c43d02fb6ccc6d518c848919d0720f8/elements - {"using":"xpath","value":"//input[contains(@id ,\"smartContractFilterBar-btnBasicSearch-I\")]"}
RESULT: {"using":"xpath","value":"//input[contains(@id ,\"smartContractFilterBar-btnBasicSearch-I\")]"}
COMMAND: POST /session/2c43d02fb6ccc6d518c848919d0720f8/elements - {"using":"xpath","value":"//input[contains(@id ,\"smartContractFilterBar-btnBasicSearch-I\")]"}
RESULT: {"using":"xpath","value":"//input[contains(@id ,\"smartContractFilterBar-btnBasicSearch-I\")]"}
COMMAND: POST /session/2c43d02fb6ccc6d518c848919d0720f8/elements - {"using":"xpath","value":"//input[contains(@id ,\"smartContractFilterBar-btnBasicSearch-I\")]"}
RESULT: {"using":"xpath","value":"//input[contains(@id ,\"smartContractFilterBar-btnBasicSearch-I\")]"}
COMMAND: POST /session/2c43d02fb6ccc6d518c848919d0720f8/element - {"using":"xpath","value":"//input[contains(@id ,\"smartContractFilterBar-btnBasicSearch-I\")]"}
RESULT: {"using":"xpath","value":"//input[contains(@id ,\"smartContractFilterBar-btnBasicSearch-I\")]"}
COMMAND: POST /session/2c43d02fb6ccc6d518c848919d0720f8/element/f.291337A451B92CFAEC554A5CFCD049A1.d.E19B90B99A6E63FDC0AA1F61B40CDD34.e.9278/clear - {}
RESULT: {}
COMMAND: POST /session/2c43d02fb6ccc6d518c848919d0720f8/element/f.291337A451B92CFAEC554A5CFCD049A1.d.E19B90B99A6E63FDC0AA1F61B40CDD34.e.9278/value - {"text":"10423"}
COMMAND: GET /session/2c43d02fb6ccc6d518c848919d0720f8/screenshot - {}
RESULT: {"text":"10423"}
COMMAND: POST /session/2c43d02fb6ccc6d518c848919d0720f8/actions - {"actions":[{"id":"action43","type":"key","parameters":{},"actions":[{"type":"keyDown","value":""},{"type":"pause","duration":10},{"type":"keyUp","value":""}]}]}
COMMAND: GET /session/2c43d02fb6ccc6d518c848919d0720f8/screenshot - {}
RESULT: {}
RESULT: {"actions":[{"id":"action43","type":"key","parameters":{},"actions":[{"type":"keyDown","value":""},{"type":"pause","duration":10},{"type":"keyUp","value":""}]}]}
COMMAND: GET /session/2c43d02fb6ccc6d518c848919d0720f8/screenshot - {}
RESULT: {}
RESULT: {}
COMMAND: POST /session/2c43d02fb6ccc6d518c848919d0720f8/execute/async - {"script":"<script> [1562 bytes]","args":[{"selector":{"controlType":"sap.ui.core.Icon","viewName":"etm.portal.ui.managecontracts.view.Master","properties":{"src":{"regex":{"source":"slim\\-arrow\\-right"}}}},"wdio_ui5_key":"etmportal.ui.managecontracts.view.Mastersap.ui.core.Icon{\"src\":{\"regex\":{\"source\":\"slim\\\\-arrow\\\\-right\"}}}"}]}
RESULT: {"script":"<script> [1562 bytes]","args":[{"selector":{"controlType":"sap.ui.core.Icon","viewName":"etm.portal.ui.managecontracts.view.Master","properties":{"src":{"regex":{"source":"slim\\-arrow\\-right"}}}},"wdio_ui5_key":"etmportal.ui.managecontracts.view.Mastersap.ui.core.Icon{\"src\":{\"regex\":{\"source\":\"slim\\\\-arrow\\\\-right\"}}}"}]}
RESULT: undefined
COMMAND: POST /session/2c43d02fb6ccc6d518c848919d0720f8/element - {"using":"xpath","value":"//*[@id=\"__item77-__clone211-imgNav\"]"}
RESULT: {"using":"xpath","value":"//*[@id=\"__item77-__clone211-imgNav\"]"}
COMMAND: POST /session/2c43d02fb6ccc6d518c848919d0720f8/element/f.291337A451B92CFAEC554A5CFCD049A1.d.E19B90B99A6E63FDC0AA1F61B40CDD34.e.9336/click - {}
RESULT: {}
COMMAND: GET /session/2c43d02fb6ccc6d518c848919d0720f8/screenshot - {}
RESULT: {}
COMMAND: POST /session/2c43d02fb6ccc6d518c848919d0720f8/execute/async - {"script":"<script> [1562 bytes]","args":[{"selector":{"id":"cancelContractBtn","viewName":"etm.portal.ui.managecontracts.view.Detail","interaction":{"idSuffix":"BDI-content"}},"wdio_ui5_key":"cancelContractBtnetmportal.ui.managecontracts.view.Detail"}]}
RESULT: {"script":"<script> [1562 bytes]","args":[{"selector":{"id":"cancelContractBtn","viewName":"etm.portal.ui.managecontracts.view.Detail","interaction":{"idSuffix":"BDI-content"}},"wdio_ui5_key":"cancelContractBtnetmportal.ui.managecontracts.view.Detail"}]}
RESULT: undefined
COMMAND: POST /session/2c43d02fb6ccc6d518c848919d0720f8/element - {"using":"xpath","value":"//*[@id=\"__xmlview61--cancelContractBtn\"]"}
RESULT: {"using":"xpath","value":"//*[@id=\"__xmlview61--cancelContractBtn\"]"}
COMMAND: POST /session/2c43d02fb6ccc6d518c848919d0720f8/element/f.291337A451B92CFAEC554A5CFCD049A1.d.E19B90B99A6E63FDC0AA1F61B40CDD34.e.9491/click - {}
RESULT: {}
COMMAND: GET /session/2c43d02fb6ccc6d518c848919d0720f8/screenshot - {}
RESULT: {}
COMMAND: POST /session/2c43d02fb6ccc6d518c848919d0720f8/execute/async - {"script":"<script> [1562 bytes]","args":[{"selector":{"controlType":"sap.m.Text","properties":{"text":"Do you want to cancel the whole contract?"},"searchOpenDialogs":true},"wdio_ui5_key":"sapm.Text{\"text\":\"Do you want to cancel the whole contract?\"}"}]}
RESULT: {"script":"<script> [1562 bytes]","args":[{"selector":{"controlType":"sap.m.Text","properties":{"text":"Do you want to cancel the whole contract?"},"searchOpenDialogs":true},"wdio_ui5_key":"sapm.Text{\"text\":\"Do you want to cancel the whole contract?\"}"}]}
RESULT: undefined
COMMAND: POST /session/2c43d02fb6ccc6d518c848919d0720f8/execute/async - {"script":"<script> [6424 bytes]","args":[{"element-6066-11e4-a52e-4f735466cecf":"f.291337A451B92CFAEC554A5CFCD049A1.d.E19B90B99A6E63FDC0AA1F61B40CDD34.e.9528"},"getText",[]]}
RESULT: {"script":"<script> [6424 bytes]","args":[{"element-6066-11e4-a52e-4f735466cecf":"f.291337A451B92CFAEC554A5CFCD049A1.d.E19B90B99A6E63FDC0AA1F61B40CDD34.e.9528"},"getText",[]]}
COMMAND: POST /session/2c43d02fb6ccc6d518c848919d0720f8/element - {"using":"xpath","value":"//bdi[contains(text(), \"OK\")]"}
RESULT: {"using":"xpath","value":"//bdi[contains(text(), \"OK\")]"}
COMMAND: POST /session/2c43d02fb6ccc6d518c848919d0720f8/element/f.291337A451B92CFAEC554A5CFCD049A1.d.E19B90B99A6E63FDC0AA1F61B40CDD34.e.9529/click - {}
RESULT: {}
COMMAND: GET /session/2c43d02fb6ccc6d518c848919d0720f8/screenshot - {}
RESULT: {}
COMMAND: POST /session/2c43d02fb6ccc6d518c848919d0720f8/element - {"using":"xpath","value":"//input[contains(@id ,\"smartContractFilterBar-btnBasicSearch-I\")]"}
RESULT: {"using":"xpath","value":"//input[contains(@id ,\"smartContractFilterBar-btnBasicSearch-I\")]"}
COMMAND: POST /session/2c43d02fb6ccc6d518c848919d0720f8/element/f.291337A451B92CFAEC554A5CFCD049A1.d.E19B90B99A6E63FDC0AA1F61B40CDD34.e.9278/clear - {}
RESULT: {}
COMMAND: POST /session/2c43d02fb6ccc6d518c848919d0720f8/element/f.291337A451B92CFAEC554A5CFCD049A1.d.E19B90B99A6E63FDC0AA1F61B40CDD34.e.9278/value - {"text":"10423"}
COMMAND: GET /session/2c43d02fb6ccc6d518c848919d0720f8/screenshot - {}
RESULT: {"text":"10423"}
COMMAND: POST /session/2c43d02fb6ccc6d518c848919d0720f8/actions - {"actions":[{"id":"action44","type":"key","parameters":{},"actions":[{"type":"keyDown","value":""},{"type":"pause","duration":10},{"type":"keyUp","value":""}]}]}
COMMAND: GET /session/2c43d02fb6ccc6d518c848919d0720f8/screenshot - {}
RESULT: {}
RESULT: {"actions":[{"id":"action44","type":"key","parameters":{},"actions":[{"type":"keyDown","value":""},{"type":"pause","duration":10},{"type":"keyUp","value":""}]}]}
COMMAND: GET /session/2c43d02fb6ccc6d518c848919d0720f8/screenshot - {}
RESULT: {}
RESULT: {}
COMMAND: POST /session/2c43d02fb6ccc6d518c848919d0720f8/execute/async - {"script":"<script> [1562 bytes]","args":[{"selector":{"controlType":"sap.m.ObjectStatus","viewName":"etm.portal.ui.managecontracts.view.Master","bindingPath":{"path":"/SmartContractHeaders('10423')","propertyPath":"STATUS_DESCRIPTION"}},"wdio_ui5_key":"etmportal.ui.managecontracts.view.Mastersap.m.ObjectStatus{\"path\":\"/SmartContractHeaders('10423')\",\"propertyPath\":\"STATUS_DESCRIPTION\"}"}]}
RESULT: {"script":"<script> [1562 bytes]","args":[{"selector":{"controlType":"sap.m.ObjectStatus","viewName":"etm.portal.ui.managecontracts.view.Master","bindingPath":{"path":"/SmartContractHeaders('10423')","propertyPath":"STATUS_DESCRIPTION"}},"wdio_ui5_key":"etmportal.ui.managecontracts.view.Mastersap.m.ObjectStatus{\"path\":\"/SmartContractHeaders('10423')\",\"propertyPath\":\"STATUS_DESCRIPTION\"}"}]}
RESULT: undefined
COMMAND: POST /session/2c43d02fb6ccc6d518c848919d0720f8/execute/async - {"script":"<script> [6424 bytes]","args":[{"element-6066-11e4-a52e-4f735466cecf":"f.291337A451B92CFAEC554A5CFCD049A1.d.E19B90B99A6E63FDC0AA1F61B40CDD34.e.9583"},"getText",[]]}
RESULT: {"script":"<script> [6424 bytes]","args":[{"element-6066-11e4-a52e-4f735466cecf":"f.291337A451B92CFAEC554A5CFCD049A1.d.E19B90B99A6E63FDC0AA1F61B40CDD34.e.9583"},"getText",[]]}
RESULT: undefined
COMMAND: POST /session/2c43d02fb6ccc6d518c848919d0720f8/element - {"using":"xpath","value":"//*[@id=\"__item77-__clone211-imgNav\"]"}
RESULT: {"using":"xpath","value":"//*[@id=\"__item77-__clone211-imgNav\"]"}
COMMAND: POST /session/2c43d02fb6ccc6d518c848919d0720f8/element/f.291337A451B92CFAEC554A5CFCD049A1.d.E19B90B99A6E63FDC0AA1F61B40CDD34.e.9336/click - {}
RESULT: {}
COMMAND: GET /session/2c43d02fb6ccc6d518c848919d0720f8/screenshot - {}
RESULT: {}
COMMAND: POST /session/2c43d02fb6ccc6d518c848919d0720f8/execute/async - {"script":"<script> [1562 bytes]","args":[{"selector":{"controlType":"sap.m.ObjectStatus","viewName":"etm.portal.ui.managecontracts.view.Detail","bindingPath":{"path":"/SmartContractItems(CONTRACT='10423',ITEM=10m,SUB_ITEM=0m)","propertyPath":"STATUS"}},"wdio_ui5_key":"etmportal.ui.managecontracts.view.Detailsap.m.ObjectStatus{\"path\":\"/SmartContractItems(CONTRACT='10423',ITEM=10m,SUB_ITEM=0m)\",\"propertyPath\":\"STATUS\"}"}]}
RESULT: {"script":"<script> [1562 bytes]","args":[{"selector":{"controlType":"sap.m.ObjectStatus","viewName":"etm.portal.ui.managecontracts.view.Detail","bindingPath":{"path":"/SmartContractItems(CONTRACT='10423',ITEM=10m,SUB_ITEM=0m)","propertyPath":"STATUS"}},"wdio_ui5_key":"etmportal.ui.managecontracts.view.Detailsap.m.ObjectStatus{\"path\":\"/SmartContractItems(CONTRACT='10423',ITEM=10m,SUB_ITEM=0m)\",\"propertyPath\":\"STATUS\"}"}]}
RESULT: undefined
COMMAND: POST /session/2c43d02fb6ccc6d518c848919d0720f8/execute/async - {"script":"<script> [6424 bytes]","args":[{"element-6066-11e4-a52e-4f735466cecf":"f.291337A451B92CFAEC554A5CFCD049A1.d.E19B90B99A6E63FDC0AA1F61B40CDD34.e.9611"},"getText",[]]}
RESULT: {"script":"<script> [6424 bytes]","args":[{"element-6066-11e4-a52e-4f735466cecf":"f.291337A451B92CFAEC554A5CFCD049A1.d.E19B90B99A6E63FDC0AA1F61B40CDD34.e.9611"},"getText",[]]}
COMMAND: POST /session/2c43d02fb6ccc6d518c848919d0720f8/element - {"using":"css selector","value":"#shell-header-logo"}
RESULT: {"using":"css selector","value":"#shell-header-logo"}
COMMAND: POST /session/2c43d02fb6ccc6d518c848919d0720f8/element/f.291337A451B92CFAEC554A5CFCD049A1.d.E19B90B99A6E63FDC0AA1F61B40CDD34.e.9274/click - {}
RESULT: {}
COMMAND: GET /session/2c43d02fb6ccc6d518c848919d0720f8/screenshot - {}
RESULT: {}
]]></system-out>
    </testcase>
  </testsuite>
  <testsuite timestamp="2025-06-01T18:14:17" time="193.729" tests="2" failures="0" errors="0" skipped="0">
    <properties>
      <property name="specId" value="0"/>
      <property name="suiteName" value="Insert service into a contract US152956"/>
      <property name="capabilities" value="chrome.136_0_7103_93.windows"/>
      <property name="file" value="file:///D:/a/1/s/test/specs/R2C/insert-service-into-a-contract.spec.js"/>
    </properties>
    <testcase classname="chrome.136_0_7103_93.windows.Insert_service_into_a_contract_US152956" name="Should create a new contract" time="108.02">
      <system-out><![CDATA[
RESULT: undefined
COMMAND: POST /session/2c43d02fb6ccc6d518c848919d0720f8/element - {"using":"xpath","value":"//*[@id=\"__tile130\"]"}
RESULT: {"using":"xpath","value":"//*[@id=\"__tile130\"]"}
COMMAND: POST /session/2c43d02fb6ccc6d518c848919d0720f8/element/f.291337A451B92CFAEC554A5CFCD049A1.d.E19B90B99A6E63FDC0AA1F61B40CDD34.e.9272/click - {}
RESULT: {}
COMMAND: GET /session/2c43d02fb6ccc6d518c848919d0720f8/screenshot - {}
RESULT: {}
COMMAND: POST /session/2c43d02fb6ccc6d518c848919d0720f8/elements - {"using":"xpath","value":"//span[text()='Error']"}
RESULT: {"using":"xpath","value":"//span[text()='Error']"}
COMMAND: POST /session/2c43d02fb6ccc6d518c848919d0720f8/element - {"using":"xpath","value":"//button[@data-kt=\"addButton\"]"}
RESULT: {"using":"xpath","value":"//button[@data-kt=\"addButton\"]"}
COMMAND: POST /session/2c43d02fb6ccc6d518c848919d0720f8/element/f.291337A451B92CFAEC554A5CFCD049A1.d.E19B90B99A6E63FDC0AA1F61B40CDD34.e.9665/click - {}
RESULT: {}
COMMAND: GET /session/2c43d02fb6ccc6d518c848919d0720f8/screenshot - {}
COMMAND: POST /session/2c43d02fb6ccc6d518c848919d0720f8/execute/async - {"script":"<script> [1562 bytes]","args":[{"selector":{"id":"application-managecontracts-display-component---AddNewContract--projectDescription","interaction":{"idSuffix":"inner"}},"wdio_ui5_key":"applicationmanagecontracts-display-component---AddNewContract--projectDescription"}]}
RESULT: {}
RESULT: {"script":"<script> [1562 bytes]","args":[{"selector":{"id":"application-managecontracts-display-component---AddNewContract--projectDescription","interaction":{"idSuffix":"inner"}},"wdio_ui5_key":"applicationmanagecontracts-display-component---AddNewContract--projectDescription"}]}
RESULT: undefined
COMMAND: POST /session/2c43d02fb6ccc6d518c848919d0720f8/execute/async - {"script":"<script> [776 bytes]","args":[{"enterText":"WdIOTestex862","selector":{"id":"application-managecontracts-display-component---AddNewContract--projectDescription","interaction":{"idSuffix":"inner"}},"clearTextFirst":true,"interactionType":"ENTER_TEXT"}]}
RESULT: {"script":"<script> [776 bytes]","args":[{"enterText":"WdIOTestex862","selector":{"id":"application-managecontracts-display-component---AddNewContract--projectDescription","interaction":{"idSuffix":"inner"}},"clearTextFirst":true,"interactionType":"ENTER_TEXT"}]}
COMMAND: POST /session/2c43d02fb6ccc6d518c848919d0720f8/element - {"using":"xpath","value":"//input[@id=\"application-managecontracts-display-component---AddNewContract--yardId-inner\"]"}
RESULT: {"using":"xpath","value":"//input[@id=\"application-managecontracts-display-component---AddNewContract--yardId-inner\"]"}
COMMAND: POST /session/2c43d02fb6ccc6d518c848919d0720f8/element/f.291337A451B92CFAEC554A5CFCD049A1.d.E19B90B99A6E63FDC0AA1F61B40CDD34.e.9933/clear - {}
RESULT: {}
COMMAND: POST /session/2c43d02fb6ccc6d518c848919d0720f8/element/f.291337A451B92CFAEC554A5CFCD049A1.d.E19B90B99A6E63FDC0AA1F61B40CDD34.e.9933/value - {"text":"WebdriverYardq0wdz"}
COMMAND: GET /session/2c43d02fb6ccc6d518c848919d0720f8/screenshot - {}
RESULT: {"text":"WebdriverYardq0wdz"}
COMMAND: GET /session/2c43d02fb6ccc6d518c848919d0720f8/screenshot - {}
RESULT: {}
RESULT: {}
COMMAND: POST /session/2c43d02fb6ccc6d518c848919d0720f8/actions - {"actions":[{"id":"action45","type":"key","parameters":{},"actions":[{"type":"keyDown","value":""},{"type":"pause","duration":10},{"type":"keyUp","value":""}]}]}
RESULT: {"actions":[{"id":"action45","type":"key","parameters":{},"actions":[{"type":"keyDown","value":""},{"type":"pause","duration":10},{"type":"keyUp","value":""}]}]}
COMMAND: GET /session/2c43d02fb6ccc6d518c848919d0720f8/screenshot - {}
RESULT: {}
COMMAND: POST /session/2c43d02fb6ccc6d518c848919d0720f8/element - {"using":"xpath","value":"//input[@id=\"application-managecontracts-display-component---AddNewContract--customerSelect-inner\"]"}
RESULT: {"using":"xpath","value":"//input[@id=\"application-managecontracts-display-component---AddNewContract--customerSelect-inner\"]"}
COMMAND: POST /session/2c43d02fb6ccc6d518c848919d0720f8/element/f.291337A451B92CFAEC554A5CFCD049A1.d.E19B90B99A6E63FDC0AA1F61B40CDD34.e.9931/clear - {}
RESULT: {}
COMMAND: POST /session/2c43d02fb6ccc6d518c848919d0720f8/element/f.291337A451B92CFAEC554A5CFCD049A1.d.E19B90B99A6E63FDC0AA1F61B40CDD34.e.9931/value - {"text":"WebdriverPartnert7pqt"}
COMMAND: GET /session/2c43d02fb6ccc6d518c848919d0720f8/screenshot - {}
RESULT: {"text":"WebdriverPartnert7pqt"}
COMMAND: GET /session/2c43d02fb6ccc6d518c848919d0720f8/screenshot - {}
RESULT: {}
RESULT: {}
COMMAND: POST /session/2c43d02fb6ccc6d518c848919d0720f8/actions - {"actions":[{"id":"action46","type":"key","parameters":{},"actions":[{"type":"keyDown","value":""},{"type":"pause","duration":10},{"type":"keyUp","value":""}]}]}
RESULT: {"actions":[{"id":"action46","type":"key","parameters":{},"actions":[{"type":"keyDown","value":""},{"type":"pause","duration":10},{"type":"keyUp","value":""}]}]}
COMMAND: GET /session/2c43d02fb6ccc6d518c848919d0720f8/screenshot - {}
RESULT: {}
COMMAND: POST /session/2c43d02fb6ccc6d518c848919d0720f8/element - {"using":"xpath","value":"//input[@id=\"application-managecontracts-display-component---AddNewContract--site-inner\"]"}
RESULT: {"using":"xpath","value":"//input[@id=\"application-managecontracts-display-component---AddNewContract--site-inner\"]"}
COMMAND: POST /session/2c43d02fb6ccc6d518c848919d0720f8/element/f.291337A451B92CFAEC554A5CFCD049A1.d.E19B90B99A6E63FDC0AA1F61B40CDD34.e.9932/clear - {}
RESULT: {}
COMMAND: POST /session/2c43d02fb6ccc6d518c848919d0720f8/element/f.291337A451B92CFAEC554A5CFCD049A1.d.E19B90B99A6E63FDC0AA1F61B40CDD34.e.9932/value - {"text":"WebdriverSitej3uvv"}
COMMAND: GET /session/2c43d02fb6ccc6d518c848919d0720f8/screenshot - {}
RESULT: {"text":"WebdriverSitej3uvv"}
COMMAND: GET /session/2c43d02fb6ccc6d518c848919d0720f8/screenshot - {}
RESULT: {}
RESULT: {}
COMMAND: POST /session/2c43d02fb6ccc6d518c848919d0720f8/actions - {"actions":[{"id":"action47","type":"key","parameters":{},"actions":[{"type":"keyDown","value":""},{"type":"pause","duration":10},{"type":"keyUp","value":""}]}]}
RESULT: {"actions":[{"id":"action47","type":"key","parameters":{},"actions":[{"type":"keyDown","value":""},{"type":"pause","duration":10},{"type":"keyUp","value":""}]}]}
COMMAND: GET /session/2c43d02fb6ccc6d518c848919d0720f8/screenshot - {}
COMMAND: POST /session/2c43d02fb6ccc6d518c848919d0720f8/element - {"using":"xpath","value":"//button[@data-kt=\"saveButton\"]"}
RESULT: {}
RESULT: {"using":"xpath","value":"//button[@data-kt=\"saveButton\"]"}
COMMAND: POST /session/2c43d02fb6ccc6d518c848919d0720f8/element/f.291337A451B92CFAEC554A5CFCD049A1.d.E19B90B99A6E63FDC0AA1F61B40CDD34.e.10007/click - {}
RESULT: {}
COMMAND: GET /session/2c43d02fb6ccc6d518c848919d0720f8/screenshot - {}
RESULT: {}
COMMAND: POST /session/2c43d02fb6ccc6d518c848919d0720f8/execute/async - {"script":"<script> [1562 bytes]","args":[{"selector":{"id":"contractDetailTitleNoExpanded","viewName":"etm.portal.ui.managecontracts.view.Detail"},"wdio_ui5_key":"contractDetailTitleNoExpandedetmportal.ui.managecontracts.view.Detail"}]}
RESULT: {"script":"<script> [1562 bytes]","args":[{"selector":{"id":"contractDetailTitleNoExpanded","viewName":"etm.portal.ui.managecontracts.view.Detail"},"wdio_ui5_key":"contractDetailTitleNoExpandedetmportal.ui.managecontracts.view.Detail"}]}
RESULT: undefined
COMMAND: POST /session/2c43d02fb6ccc6d518c848919d0720f8/execute/async - {"script":"<script> [6424 bytes]","args":[{"element-6066-11e4-a52e-4f735466cecf":"f.291337A451B92CFAEC554A5CFCD049A1.d.E19B90B99A6E63FDC0AA1F61B40CDD34.e.10026"},"getText",[]]}
RESULT: {"script":"<script> [6424 bytes]","args":[{"element-6066-11e4-a52e-4f735466cecf":"f.291337A451B92CFAEC554A5CFCD049A1.d.E19B90B99A6E63FDC0AA1F61B40CDD34.e.10026"},"getText",[]]}
]]></system-out>
    </testcase>
    <testcase classname="chrome.136_0_7103_93.windows.Insert_service_into_a_contract_US152956" name="Should add a service unit and a service group to the contract" time="81.453">
      <system-out><![CDATA[
COMMAND: POST /session/2c43d02fb6ccc6d518c848919d0720f8/element - {"using":"xpath","value":"//button[@data-kt=\"contractDetailEditBtnButton\"]"}
RESULT: {"using":"xpath","value":"//button[@data-kt=\"contractDetailEditBtnButton\"]"}
COMMAND: POST /session/2c43d02fb6ccc6d518c848919d0720f8/execute/sync - {"script":"<script> [8489 bytes]","args":[{"element-6066-11e4-a52e-4f735466cecf":"f.291337A451B92CFAEC554A5CFCD049A1.d.E19B90B99A6E63FDC0AA1F61B40CDD34.e.10027","ELEMENT":"f.291337A451B92CFAEC554A5CFCD049A1.d.E19B90B99A6E63FDC0AA1F61B40CDD34.e.10027"}]}
RESULT: {"script":"<script> [8489 bytes]","args":[{"element-6066-11e4-a52e-4f735466cecf":"f.291337A451B92CFAEC554A5CFCD049A1.d.E19B90B99A6E63FDC0AA1F61B40CDD34.e.10027","ELEMENT":"f.291337A451B92CFAEC554A5CFCD049A1.d.E19B90B99A6E63FDC0AA1F61B40CDD34.e.10027"}]}
COMMAND: POST /session/2c43d02fb6ccc6d518c848919d0720f8/execute/sync - {"script":"<script> [8489 bytes]","args":[{"element-6066-11e4-a52e-4f735466cecf":"f.291337A451B92CFAEC554A5CFCD049A1.d.E19B90B99A6E63FDC0AA1F61B40CDD34.e.10027","ELEMENT":"f.291337A451B92CFAEC554A5CFCD049A1.d.E19B90B99A6E63FDC0AA1F61B40CDD34.e.10027"}]}
COMMAND: GET /session/2c43d02fb6ccc6d518c848919d0720f8/screenshot - {}
RESULT: {"script":"<script> [8489 bytes]","args":[{"element-6066-11e4-a52e-4f735466cecf":"f.291337A451B92CFAEC554A5CFCD049A1.d.E19B90B99A6E63FDC0AA1F61B40CDD34.e.10027","ELEMENT":"f.291337A451B92CFAEC554A5CFCD049A1.d.E19B90B99A6E63FDC0AA1F61B40CDD34.e.10027"}]}
COMMAND: POST /session/2c43d02fb6ccc6d518c848919d0720f8/execute/sync - {"script":"<script> [5351 bytes]","args":[{"element-6066-11e4-a52e-4f735466cecf":"f.291337A451B92CFAEC554A5CFCD049A1.d.E19B90B99A6E63FDC0AA1F61B40CDD34.e.10027","ELEMENT":"f.291337A451B92CFAEC554A5CFCD049A1.d.E19B90B99A6E63FDC0AA1F61B40CDD34.e.10027"}]}
COMMAND: GET /session/2c43d02fb6ccc6d518c848919d0720f8/screenshot - {}
RESULT: {}
RESULT: {"script":"<script> [5351 bytes]","args":[{"element-6066-11e4-a52e-4f735466cecf":"f.291337A451B92CFAEC554A5CFCD049A1.d.E19B90B99A6E63FDC0AA1F61B40CDD34.e.10027","ELEMENT":"f.291337A451B92CFAEC554A5CFCD049A1.d.E19B90B99A6E63FDC0AA1F61B40CDD34.e.10027"}]}
COMMAND: POST /session/2c43d02fb6ccc6d518c848919d0720f8/element/f.291337A451B92CFAEC554A5CFCD049A1.d.E19B90B99A6E63FDC0AA1F61B40CDD34.e.10027/click - {}
COMMAND: GET /session/2c43d02fb6ccc6d518c848919d0720f8/screenshot - {}
RESULT: {}
RESULT: {}
COMMAND: GET /session/2c43d02fb6ccc6d518c848919d0720f8/screenshot - {}
RESULT: {}
RESULT: {}
COMMAND: POST /session/2c43d02fb6ccc6d518c848919d0720f8/element - {"using":"xpath","value":"(//span[contains(text(), \"Additional Addresses\")])[2]"}
RESULT: {"using":"xpath","value":"(//span[contains(text(), \"Additional Addresses\")])[2]"}
COMMAND: POST /session/2c43d02fb6ccc6d518c848919d0720f8/element/f.291337A451B92CFAEC554A5CFCD049A1.d.E19B90B99A6E63FDC0AA1F61B40CDD34.e.10087/click - {}
RESULT: {}
COMMAND: GET /session/2c43d02fb6ccc6d518c848919d0720f8/screenshot - {}
RESULT: {}
COMMAND: POST /session/2c43d02fb6ccc6d518c848919d0720f8/element - {"using":"xpath","value":"//button[@data-kt=\"btnAddTableRowOverflowToolbarButton\"]"}
RESULT: {"using":"xpath","value":"//button[@data-kt=\"btnAddTableRowOverflowToolbarButton\"]"}
COMMAND: POST /session/2c43d02fb6ccc6d518c848919d0720f8/element/f.291337A451B92CFAEC554A5CFCD049A1.d.E19B90B99A6E63FDC0AA1F61B40CDD34.e.10089/click - {}
RESULT: {}
COMMAND: GET /session/2c43d02fb6ccc6d518c848919d0720f8/screenshot - {}
RESULT: {}
COMMAND: POST /session/2c43d02fb6ccc6d518c848919d0720f8/element - {"using":"xpath","value":"//div[(text() = 'Standard Entry' or . = 'Standard Entry')]"}
RESULT: {"using":"xpath","value":"//div[(text() = 'Standard Entry' or . = 'Standard Entry')]"}
COMMAND: POST /session/2c43d02fb6ccc6d518c848919d0720f8/element/f.291337A451B92CFAEC554A5CFCD049A1.d.E19B90B99A6E63FDC0AA1F61B40CDD34.e.10091/click - {}
RESULT: {}
COMMAND: POST /session/2c43d02fb6ccc6d518c848919d0720f8/element - {"using":"xpath","value":"//button[@data-kt=\"btnAddTableRowOverflowToolbarButton\"]"}
COMMAND: GET /session/2c43d02fb6ccc6d518c848919d0720f8/screenshot - {}
RESULT: {"using":"xpath","value":"//button[@data-kt=\"btnAddTableRowOverflowToolbarButton\"]"}
COMMAND: POST /session/2c43d02fb6ccc6d518c848919d0720f8/element/f.291337A451B92CFAEC554A5CFCD049A1.d.E19B90B99A6E63FDC0AA1F61B40CDD34.e.10089/click - {}
RESULT: {}
RESULT: {}
COMMAND: GET /session/2c43d02fb6ccc6d518c848919d0720f8/screenshot - {}
RESULT: {}
COMMAND: POST /session/2c43d02fb6ccc6d518c848919d0720f8/element - {"using":"xpath","value":"//div[(text() = 'Standard Entry' or . = 'Standard Entry')]"}
RESULT: {"using":"xpath","value":"//div[(text() = 'Standard Entry' or . = 'Standard Entry')]"}
COMMAND: POST /session/2c43d02fb6ccc6d518c848919d0720f8/element/f.291337A451B92CFAEC554A5CFCD049A1.d.E19B90B99A6E63FDC0AA1F61B40CDD34.e.10103/click - {}
RESULT: {}
COMMAND: POST /session/2c43d02fb6ccc6d518c848919d0720f8/element - {"using":"xpath","value":"(//td[6]/div/div/input)[1]"}
COMMAND: GET /session/2c43d02fb6ccc6d518c848919d0720f8/screenshot - {}
RESULT: {"using":"xpath","value":"(//td[6]/div/div/input)[1]"}
COMMAND: POST /session/2c43d02fb6ccc6d518c848919d0720f8/element/f.291337A451B92CFAEC554A5CFCD049A1.d.E19B90B99A6E63FDC0AA1F61B40CDD34.e.10105/click - {}
RESULT: {}
RESULT: {}
COMMAND: POST /session/2c43d02fb6ccc6d518c848919d0720f8/actions - {"actions":[{"id":"action48","type":"key","parameters":{},"actions":[{"type":"keyDown","value":""},{"type":"pause","duration":10},{"type":"keyUp","value":""}]}]}
COMMAND: GET /session/2c43d02fb6ccc6d518c848919d0720f8/screenshot - {}
RESULT: {"actions":[{"id":"action48","type":"key","parameters":{},"actions":[{"type":"keyDown","value":""},{"type":"pause","duration":10},{"type":"keyUp","value":""}]}]}
COMMAND: POST /session/2c43d02fb6ccc6d518c848919d0720f8/element - {"using":"xpath","value":"(//td[6]/div/div/input)[1]"}
COMMAND: GET /session/2c43d02fb6ccc6d518c848919d0720f8/screenshot - {}
RESULT: {}
RESULT: {"using":"xpath","value":"(//td[6]/div/div/input)[1]"}
COMMAND: POST /session/2c43d02fb6ccc6d518c848919d0720f8/element/f.291337A451B92CFAEC554A5CFCD049A1.d.E19B90B99A6E63FDC0AA1F61B40CDD34.e.10105/clear - {}
RESULT: {}
RESULT: {}
COMMAND: POST /session/2c43d02fb6ccc6d518c848919d0720f8/element/f.291337A451B92CFAEC554A5CFCD049A1.d.E19B90B99A6E63FDC0AA1F61B40CDD34.e.10105/value - {"text":"Service Unit"}
COMMAND: GET /session/2c43d02fb6ccc6d518c848919d0720f8/screenshot - {}
RESULT: {"text":"Service Unit"}
COMMAND: GET /session/2c43d02fb6ccc6d518c848919d0720f8/screenshot - {}
RESULT: {}
RESULT: {}
COMMAND: POST /session/2c43d02fb6ccc6d518c848919d0720f8/actions - {"actions":[{"id":"action49","type":"key","parameters":{},"actions":[{"type":"keyDown","value":""},{"type":"pause","duration":10},{"type":"keyUp","value":""}]}]}
RESULT: {"actions":[{"id":"action49","type":"key","parameters":{},"actions":[{"type":"keyDown","value":""},{"type":"pause","duration":10},{"type":"keyUp","value":""}]}]}
COMMAND: GET /session/2c43d02fb6ccc6d518c848919d0720f8/screenshot - {}
RESULT: {}
COMMAND: POST /session/2c43d02fb6ccc6d518c848919d0720f8/actions - {"actions":[{"id":"action50","type":"key","parameters":{},"actions":[{"type":"keyDown","value":""},{"type":"pause","duration":10},{"type":"keyUp","value":""}]}]}
RESULT: {"actions":[{"id":"action50","type":"key","parameters":{},"actions":[{"type":"keyDown","value":""},{"type":"pause","duration":10},{"type":"keyUp","value":""}]}]}
COMMAND: POST /session/2c43d02fb6ccc6d518c848919d0720f8/element - {"using":"xpath","value":"(//td[7]/div/div/input)[1]"}
COMMAND: GET /session/2c43d02fb6ccc6d518c848919d0720f8/screenshot - {}
RESULT: {"using":"xpath","value":"(//td[7]/div/div/input)[1]"}
COMMAND: POST /session/2c43d02fb6ccc6d518c848919d0720f8/element/f.291337A451B92CFAEC554A5CFCD049A1.d.E19B90B99A6E63FDC0AA1F61B40CDD34.e.10121/clear - {}
RESULT: {}
RESULT: {}
COMMAND: POST /session/2c43d02fb6ccc6d518c848919d0720f8/element/f.291337A451B92CFAEC554A5CFCD049A1.d.E19B90B99A6E63FDC0AA1F61B40CDD34.e.10121/value - {"text":"1000001"}
COMMAND: GET /session/2c43d02fb6ccc6d518c848919d0720f8/screenshot - {}
RESULT: {"text":"1000001"}
COMMAND: GET /session/2c43d02fb6ccc6d518c848919d0720f8/screenshot - {}
RESULT: {}
RESULT: {}
COMMAND: POST /session/2c43d02fb6ccc6d518c848919d0720f8/actions - {"actions":[{"id":"action51","type":"key","parameters":{},"actions":[{"type":"keyDown","value":""},{"type":"pause","duration":10},{"type":"keyUp","value":""}]}]}
RESULT: {"actions":[{"id":"action51","type":"key","parameters":{},"actions":[{"type":"keyDown","value":""},{"type":"pause","duration":10},{"type":"keyUp","value":""}]}]}
COMMAND: GET /session/2c43d02fb6ccc6d518c848919d0720f8/screenshot - {}
COMMAND: POST /session/2c43d02fb6ccc6d518c848919d0720f8/actions - {"actions":[{"id":"action52","type":"key","parameters":{},"actions":[{"type":"keyDown","value":""},{"type":"pause","duration":10},{"type":"keyUp","value":""}]}]}
RESULT: {}
RESULT: {"actions":[{"id":"action52","type":"key","parameters":{},"actions":[{"type":"keyDown","value":""},{"type":"pause","duration":10},{"type":"keyUp","value":""}]}]}
COMMAND: GET /session/2c43d02fb6ccc6d518c848919d0720f8/screenshot - {}
RESULT: {}
COMMAND: POST /session/2c43d02fb6ccc6d518c848919d0720f8/element - {"using":"xpath","value":"(//td[6]/div/div/input)[2]"}
RESULT: {"using":"xpath","value":"(//td[6]/div/div/input)[2]"}
COMMAND: POST /session/2c43d02fb6ccc6d518c848919d0720f8/element/f.291337A451B92CFAEC554A5CFCD049A1.d.E19B90B99A6E63FDC0AA1F61B40CDD34.e.10093/click - {}
RESULT: {}
COMMAND: POST /session/2c43d02fb6ccc6d518c848919d0720f8/actions - {"actions":[{"id":"action53","type":"key","parameters":{},"actions":[{"type":"keyDown","value":""},{"type":"pause","duration":10},{"type":"keyUp","value":""}]}]}
COMMAND: GET /session/2c43d02fb6ccc6d518c848919d0720f8/screenshot - {}
RESULT: {"actions":[{"id":"action53","type":"key","parameters":{},"actions":[{"type":"keyDown","value":""},{"type":"pause","duration":10},{"type":"keyUp","value":""}]}]}
COMMAND: POST /session/2c43d02fb6ccc6d518c848919d0720f8/element - {"using":"xpath","value":"(//td[6]/div/div/input)[2]"}
COMMAND: GET /session/2c43d02fb6ccc6d518c848919d0720f8/screenshot - {}
RESULT: {}
RESULT: {"using":"xpath","value":"(//td[6]/div/div/input)[2]"}
COMMAND: POST /session/2c43d02fb6ccc6d518c848919d0720f8/element/f.291337A451B92CFAEC554A5CFCD049A1.d.E19B90B99A6E63FDC0AA1F61B40CDD34.e.10093/clear - {}
RESULT: {}
RESULT: {}
COMMAND: POST /session/2c43d02fb6ccc6d518c848919d0720f8/element/f.291337A451B92CFAEC554A5CFCD049A1.d.E19B90B99A6E63FDC0AA1F61B40CDD34.e.10093/value - {"text":"Service Unit Group"}
COMMAND: GET /session/2c43d02fb6ccc6d518c848919d0720f8/screenshot - {}
RESULT: {"text":"Service Unit Group"}
COMMAND: GET /session/2c43d02fb6ccc6d518c848919d0720f8/screenshot - {}
RESULT: {}
RESULT: {}
COMMAND: POST /session/2c43d02fb6ccc6d518c848919d0720f8/actions - {"actions":[{"id":"action54","type":"key","parameters":{},"actions":[{"type":"keyDown","value":""},{"type":"pause","duration":10},{"type":"keyUp","value":""}]}]}
RESULT: {"actions":[{"id":"action54","type":"key","parameters":{},"actions":[{"type":"keyDown","value":""},{"type":"pause","duration":10},{"type":"keyUp","value":""}]}]}
COMMAND: GET /session/2c43d02fb6ccc6d518c848919d0720f8/screenshot - {}
RESULT: {}
COMMAND: POST /session/2c43d02fb6ccc6d518c848919d0720f8/actions - {"actions":[{"id":"action55","type":"key","parameters":{},"actions":[{"type":"keyDown","value":""},{"type":"pause","duration":10},{"type":"keyUp","value":""}]}]}
RESULT: {"actions":[{"id":"action55","type":"key","parameters":{},"actions":[{"type":"keyDown","value":""},{"type":"pause","duration":10},{"type":"keyUp","value":""}]}]}
COMMAND: POST /session/2c43d02fb6ccc6d518c848919d0720f8/element - {"using":"xpath","value":"(//td[7]/div/div/input)[2]"}
COMMAND: GET /session/2c43d02fb6ccc6d518c848919d0720f8/screenshot - {}
RESULT: {"using":"xpath","value":"(//td[7]/div/div/input)[2]"}
COMMAND: POST /session/2c43d02fb6ccc6d518c848919d0720f8/element/f.291337A451B92CFAEC554A5CFCD049A1.d.E19B90B99A6E63FDC0AA1F61B40CDD34.e.10150/clear - {}
RESULT: {}
RESULT: {}
COMMAND: POST /session/2c43d02fb6ccc6d518c848919d0720f8/element/f.291337A451B92CFAEC554A5CFCD049A1.d.E19B90B99A6E63FDC0AA1F61B40CDD34.e.10150/value - {"text":"1100001"}
COMMAND: GET /session/2c43d02fb6ccc6d518c848919d0720f8/screenshot - {}
RESULT: {"text":"1100001"}
COMMAND: GET /session/2c43d02fb6ccc6d518c848919d0720f8/screenshot - {}
RESULT: {}
RESULT: {}
COMMAND: POST /session/2c43d02fb6ccc6d518c848919d0720f8/actions - {"actions":[{"id":"action56","type":"key","parameters":{},"actions":[{"type":"keyDown","value":""},{"type":"pause","duration":10},{"type":"keyUp","value":""}]}]}
RESULT: {"actions":[{"id":"action56","type":"key","parameters":{},"actions":[{"type":"keyDown","value":""},{"type":"pause","duration":10},{"type":"keyUp","value":""}]}]}
COMMAND: GET /session/2c43d02fb6ccc6d518c848919d0720f8/screenshot - {}
RESULT: {}
COMMAND: POST /session/2c43d02fb6ccc6d518c848919d0720f8/actions - {"actions":[{"id":"action57","type":"key","parameters":{},"actions":[{"type":"keyDown","value":""},{"type":"pause","duration":10},{"type":"keyUp","value":""}]}]}
RESULT: {"actions":[{"id":"action57","type":"key","parameters":{},"actions":[{"type":"keyDown","value":""},{"type":"pause","duration":10},{"type":"keyUp","value":""}]}]}
COMMAND: GET /session/2c43d02fb6ccc6d518c848919d0720f8/screenshot - {}
RESULT: {}
COMMAND: POST /session/2c43d02fb6ccc6d518c848919d0720f8/element - {"using":"xpath","value":"(//button[@data-kt=\"saveButton\"])[2]"}
RESULT: {"using":"xpath","value":"(//button[@data-kt=\"saveButton\"])[2]"}
COMMAND: POST /session/2c43d02fb6ccc6d518c848919d0720f8/element/f.291337A451B92CFAEC554A5CFCD049A1.d.E19B90B99A6E63FDC0AA1F61B40CDD34.e.10174/click - {}
RESULT: {}
COMMAND: GET /session/2c43d02fb6ccc6d518c848919d0720f8/screenshot - {}
RESULT: {}
COMMAND: POST /session/2c43d02fb6ccc6d518c848919d0720f8/element - {"using":"xpath","value":"(//span[contains(text(), \"Additional Addresses\")])[1]"}
RESULT: {"using":"xpath","value":"(//span[contains(text(), \"Additional Addresses\")])[1]"}
COMMAND: POST /session/2c43d02fb6ccc6d518c848919d0720f8/element/f.291337A451B92CFAEC554A5CFCD049A1.d.E19B90B99A6E63FDC0AA1F61B40CDD34.e.10177/click - {}
RESULT: {}
COMMAND: GET /session/2c43d02fb6ccc6d518c848919d0720f8/screenshot - {}
RESULT: {}
COMMAND: POST /session/2c43d02fb6ccc6d518c848919d0720f8/execute/async - {"script":"<script> [1562 bytes]","args":[{"selector":{"controlType":"sap.m.Title","viewName":"etm.portal.ui.managecontracts.view.Detail","properties":{"text":"Contract Items (2)"}},"wdio_ui5_key":"etmportal.ui.managecontracts.view.Detailsap.m.Title{\"text\":\"Contract Items (2)\"}"}]}
RESULT: {"script":"<script> [1562 bytes]","args":[{"selector":{"controlType":"sap.m.Title","viewName":"etm.portal.ui.managecontracts.view.Detail","properties":{"text":"Contract Items (2)"}},"wdio_ui5_key":"etmportal.ui.managecontracts.view.Detailsap.m.Title{\"text\":\"Contract Items (2)\"}"}]}
RESULT: undefined
COMMAND: POST /session/2c43d02fb6ccc6d518c848919d0720f8/execute/async - {"script":"<script> [6424 bytes]","args":[{"element-6066-11e4-a52e-4f735466cecf":"f.291337A451B92CFAEC554A5CFCD049A1.d.E19B90B99A6E63FDC0AA1F61B40CDD34.e.10181"},"getText",[]]}
RESULT: {"script":"<script> [6424 bytes]","args":[{"element-6066-11e4-a52e-4f735466cecf":"f.291337A451B92CFAEC554A5CFCD049A1.d.E19B90B99A6E63FDC0AA1F61B40CDD34.e.10181"},"getText",[]]}
COMMAND: POST /session/2c43d02fb6ccc6d518c848919d0720f8/element - {"using":"xpath","value":"(//span[contains(@class ,\"sapMObjStatusText\")])[1]"}
RESULT: {"using":"xpath","value":"(//span[contains(@class ,\"sapMObjStatusText\")])[1]"}
COMMAND: GET /session/2c43d02fb6ccc6d518c848919d0720f8/element/f.291337A451B92CFAEC554A5CFCD049A1.d.E19B90B99A6E63FDC0AA1F61B40CDD34.e.10182/text - {}
RESULT: {}
COMMAND: POST /session/2c43d02fb6ccc6d518c848919d0720f8/element - {"using":"xpath","value":"(//span[contains(@class ,\"sapMObjStatusText\")])[4]"}
RESULT: {"using":"xpath","value":"(//span[contains(@class ,\"sapMObjStatusText\")])[4]"}
COMMAND: GET /session/2c43d02fb6ccc6d518c848919d0720f8/element/f.291337A451B92CFAEC554A5CFCD049A1.d.E19B90B99A6E63FDC0AA1F61B40CDD34.e.10183/text - {}
RESULT: {}
COMMAND: POST /session/2c43d02fb6ccc6d518c848919d0720f8/element - {"using":"css selector","value":"#shell-header-logo"}
RESULT: {"using":"css selector","value":"#shell-header-logo"}
COMMAND: POST /session/2c43d02fb6ccc6d518c848919d0720f8/element/f.291337A451B92CFAEC554A5CFCD049A1.d.E19B90B99A6E63FDC0AA1F61B40CDD34.e.9615/click - {}
RESULT: {}
COMMAND: GET /session/2c43d02fb6ccc6d518c848919d0720f8/screenshot - {}
RESULT: {}
]]></system-out>
    </testcase>
  </testsuite>
  <testsuite timestamp="2025-06-01T18:17:30" time="190.759" tests="2" failures="0" errors="0" skipped="0">
    <properties>
      <property name="specId" value="0"/>
      <property name="suiteName" value="Reduced contract US151275"/>
      <property name="capabilities" value="chrome.136_0_7103_93.windows"/>
      <property name="file" value="file:///D:/a/1/s/test/specs/R2C/reduced-contract-creation.spec.js"/>
    </properties>
    <testcase classname="chrome.136_0_7103_93.windows.Reduced_contract_US151275" name="Should create a new reduced contract" time="134.412">
      <system-out><![CDATA[
RESULT: undefined
COMMAND: POST /session/2c43d02fb6ccc6d518c848919d0720f8/element - {"using":"xpath","value":"//*[@id=\"__tile130\"]"}
RESULT: {"using":"xpath","value":"//*[@id=\"__tile130\"]"}
COMMAND: POST /session/2c43d02fb6ccc6d518c848919d0720f8/element/f.291337A451B92CFAEC554A5CFCD049A1.d.E19B90B99A6E63FDC0AA1F61B40CDD34.e.9272/click - {}
RESULT: {}
COMMAND: GET /session/2c43d02fb6ccc6d518c848919d0720f8/screenshot - {}
RESULT: {}
COMMAND: POST /session/2c43d02fb6ccc6d518c848919d0720f8/element - {"using":"xpath","value":"//button[@data-kt=\"addButton\"]"}
RESULT: {"using":"xpath","value":"//button[@data-kt=\"addButton\"]"}
COMMAND: POST /session/2c43d02fb6ccc6d518c848919d0720f8/element/f.291337A451B92CFAEC554A5CFCD049A1.d.E19B90B99A6E63FDC0AA1F61B40CDD34.e.10238/click - {}
RESULT: {}
COMMAND: GET /session/2c43d02fb6ccc6d518c848919d0720f8/screenshot - {}
COMMAND: POST /session/2c43d02fb6ccc6d518c848919d0720f8/elements - {"using":"xpath","value":"//span[text()='Error']"}
RESULT: {}
COMMAND: POST /session/2c43d02fb6ccc6d518c848919d0720f8/refresh - {}
RESULT: {"using":"xpath","value":"//span[text()='Error']"}
RESULT: {}
COMMAND: GET /session/2c43d02fb6ccc6d518c848919d0720f8/screenshot - {}
RESULT: {}
COMMAND: POST /session/2c43d02fb6ccc6d518c848919d0720f8/execute/async - {"script":"<script> [189 bytes]","args":[]}
RESULT: {"script":"<script> [189 bytes]","args":[]}
COMMAND: POST /session/2c43d02fb6ccc6d518c848919d0720f8/execute/async - {"script":"<script> [123 bytes]","args":[]}
RESULT: {"script":"<script> [123 bytes]","args":[]}
COMMAND: POST /session/2c43d02fb6ccc6d518c848919d0720f8/timeouts - {"script":"<number>"}
RESULT: {"script":"<number>"}
COMMAND: GET /session/2c43d02fb6ccc6d518c848919d0720f8/timeouts - {}
RESULT: {}
RESULT: undefined
COMMAND: POST /session/2c43d02fb6ccc6d518c848919d0720f8/execute/async - {"script":"<script> [2676 bytes]","args":[]}
RESULT: {"script":"<script> [2676 bytes]","args":[]}
COMMAND: POST /session/2c43d02fb6ccc6d518c848919d0720f8/execute/async - {"script":"<script> [2342 bytes]","args":[{"protocol":"http","hostname":"0.0.0.0","path":"/","capabilities":{"browserName":"chrome","goog:chromeOptions":{"binary":"C:\\Program Files\\Google\\Chrome\\Application\\chrome.exe","args":["--start-maximized"]}},"logLevel":"warn","connectionRetryTimeout":120000,"connectionRetryCount":3,"logLevels":{},"enableDirectConnect":true,"strictSSL":true,"_":"65 more keys: [\"cacheDir\",\"port\",\"requestedCapabilities\",\"automationProtocol\",\"baseUrl\",\"waitforInterval\",\"waitforTimeout\",\"onReload\",\"beforeCommand\",\"afterCommand\",\"rootDir\",\"specs\",\"suites\",\"exclude\",\"groupLogsByTestSpec\",\"excludeDriverLogs\",\"bail\",\"framework\",\"reporters\",\"services\",\"maxInstances\",\"maxInstancesPerCapability\",\"injectGlobals\",\"filesToWatch\",\"execArgv\",\"runnerEnv\",\"runner\",\"shard\",\"specFileRetries\",\"specFileRetriesDelay\",\"specFileRetriesDeferred\",\"reporterSyncInterval\",\"reporterSyncTimeout\",\"cucumberFeaturesWithLineNumbers\",\"autoCompileOpts\",\"mochaOpts\",\"jasmineOpts\",\"cucumberOpts\",\"onPrepare\",\"onWorkerStart\",\"onWorkerEnd\",\"before\",\"beforeSession\",\"beforeSuite\",\"beforeHook\",\"beforeTest\",\"afterTest\",\"afterHook\",\"afterSuite\",\"afterSession\",\"after\",\"onComplete\",\"beforeAssertion\",\"afterAssertion\",\"beforeFeature\",\"beforeScenario\",\"beforeStep\",\"afterStep\",\"afterScenario\",\"afterFeature\",\"_\",\"suite\",\"$0\",\"ignoredWorkerServices\",\"wdi5\"]"}]}
RESULT: {"script":"<script> [2342 bytes]","args":[{"protocol":"http","hostname":"0.0.0.0","path":"/","capabilities":{"browserName":"chrome","goog:chromeOptions":{"binary":"C:\\Program Files\\Google\\Chrome\\Application\\chrome.exe","args":["--start-maximized"]}},"logLevel":"warn","connectionRetryTimeout":120000,"connectionRetryCount":3,"logLevels":{},"enableDirectConnect":true,"strictSSL":true,"_":"65 more keys: [\"cacheDir\",\"port\",\"requestedCapabilities\",\"automationProtocol\",\"baseUrl\",\"waitforInterval\",\"waitforTimeout\",\"onReload\",\"beforeCommand\",\"afterCommand\",\"rootDir\",\"specs\",\"suites\",\"exclude\",\"groupLogsByTestSpec\",\"excludeDriverLogs\",\"bail\",\"framework\",\"reporters\",\"services\",\"maxInstances\",\"maxInstancesPerCapability\",\"injectGlobals\",\"filesToWatch\",\"execArgv\",\"runnerEnv\",\"runner\",\"shard\",\"specFileRetries\",\"specFileRetriesDelay\",\"specFileRetriesDeferred\",\"reporterSyncInterval\",\"reporterSyncTimeout\",\"cucumberFeaturesWithLineNumbers\",\"autoCompileOpts\",\"mochaOpts\",\"jasmineOpts\",\"cucumberOpts\",\"onPrepare\",\"onWorkerStart\",\"onWorkerEnd\",\"before\",\"beforeSession\",\"beforeSuite\",\"beforeHook\",\"beforeTest\",\"afterTest\",\"afterHook\",\"afterSuite\",\"afterSession\",\"after\",\"onComplete\",\"beforeAssertion\",\"afterAssertion\",\"beforeFeature\",\"beforeScenario\",\"beforeStep\",\"afterStep\",\"afterScenario\",\"afterFeature\",\"_\",\"suite\",\"$0\",\"ignoredWorkerServices\",\"wdi5\"]"}]}
COMMAND: POST /session/2c43d02fb6ccc6d518c848919d0720f8/execute/async - {"script":"<script> [21126 bytes]","args":[35000]}
RESULT: {"script":"<script> [21126 bytes]","args":[35000]}
COMMAND: POST /session/2c43d02fb6ccc6d518c848919d0720f8/execute/async - {"script":"<script> [1562 bytes]","args":[{"selector":{"id":"application-managecontracts-display-component---AddNewContract--contractType","interaction":{"idSuffix":"arrow"}},"wdio_ui5_key":"applicationmanagecontracts-display-component---AddNewContract--contractType"}]}
RESULT: {"script":"<script> [1562 bytes]","args":[{"selector":{"id":"application-managecontracts-display-component---AddNewContract--contractType","interaction":{"idSuffix":"arrow"}},"wdio_ui5_key":"applicationmanagecontracts-display-component---AddNewContract--contractType"}]}
RESULT: undefined
COMMAND: POST /session/2c43d02fb6ccc6d518c848919d0720f8/element - {"using":"xpath","value":"//*[@id=\"application-managecontracts-display-component---AddNewContract--contractType\"]"}
RESULT: {"using":"xpath","value":"//*[@id=\"application-managecontracts-display-component---AddNewContract--contractType\"]"}
COMMAND: POST /session/2c43d02fb6ccc6d518c848919d0720f8/element/f.291337A451B92CFAEC554A5CFCD049A1.d.EF169BEF3C0D74588F1D912A350DDD73.e.10791/click - {}
RESULT: {}
COMMAND: GET /session/2c43d02fb6ccc6d518c848919d0720f8/screenshot - {}
RESULT: {}
COMMAND: POST /session/2c43d02fb6ccc6d518c848919d0720f8/execute/async - {"script":"<script> [1562 bytes]","args":[{"selector":{"controlType":"sap.ui.core.Item","viewName":"etm.portal.ui.managecontracts.view.AddNewContract","viewId":"application-managecontracts-display-component---AddNewContract","bindingPath":{"path":"/ContractTypes('02')","propertyPath":"ID","modelName":"catalogModel"},"searchOpenDialogs":true},"wdio_ui5_key":"etmportal.ui.managecontracts.view.AddNewContractsap.ui.core.Item{\"path\":\"/ContractTypes('02')\",\"propertyPath\":\"ID\",\"modelName\":\"catalogModel\"}"}]}
RESULT: {"script":"<script> [1562 bytes]","args":[{"selector":{"controlType":"sap.ui.core.Item","viewName":"etm.portal.ui.managecontracts.view.AddNewContract","viewId":"application-managecontracts-display-component---AddNewContract","bindingPath":{"path":"/ContractTypes('02')","propertyPath":"ID","modelName":"catalogModel"},"searchOpenDialogs":true},"wdio_ui5_key":"etmportal.ui.managecontracts.view.AddNewContractsap.ui.core.Item{\"path\":\"/ContractTypes('02')\",\"propertyPath\":\"ID\",\"modelName\":\"catalogModel\"}"}]}
RESULT: undefined
COMMAND: POST /session/2c43d02fb6ccc6d518c848919d0720f8/element - {"using":"xpath","value":"//*[@id=\"__item45-application-managecontracts-display-component---AddNewContract--contractType-1\"]"}
RESULT: {"using":"xpath","value":"//*[@id=\"__item45-application-managecontracts-display-component---AddNewContract--contractType-1\"]"}
COMMAND: POST /session/2c43d02fb6ccc6d518c848919d0720f8/element/f.291337A451B92CFAEC554A5CFCD049A1.d.EF169BEF3C0D74588F1D912A350DDD73.e.10792/click - {}
RESULT: {}
COMMAND: GET /session/2c43d02fb6ccc6d518c848919d0720f8/screenshot - {}
RESULT: {}
COMMAND: POST /session/2c43d02fb6ccc6d518c848919d0720f8/execute/async - {"script":"<script> [1562 bytes]","args":[{"selector":{"id":"application-managecontracts-display-component---AddNewContract--projectDescription","interaction":{"idSuffix":"inner"}},"wdio_ui5_key":"applicationmanagecontracts-display-component---AddNewContract--projectDescription"}]}
RESULT: {"script":"<script> [1562 bytes]","args":[{"selector":{"id":"application-managecontracts-display-component---AddNewContract--projectDescription","interaction":{"idSuffix":"inner"}},"wdio_ui5_key":"applicationmanagecontracts-display-component---AddNewContract--projectDescription"}]}
RESULT: undefined
COMMAND: POST /session/2c43d02fb6ccc6d518c848919d0720f8/execute/async - {"script":"<script> [776 bytes]","args":[{"enterText":"WdIOReducedbumse","selector":{"id":"application-managecontracts-display-component---AddNewContract--projectDescription","interaction":{"idSuffix":"inner"}},"clearTextFirst":true,"interactionType":"ENTER_TEXT"}]}
RESULT: {"script":"<script> [776 bytes]","args":[{"enterText":"WdIOReducedbumse","selector":{"id":"application-managecontracts-display-component---AddNewContract--projectDescription","interaction":{"idSuffix":"inner"}},"clearTextFirst":true,"interactionType":"ENTER_TEXT"}]}
COMMAND: POST /session/2c43d02fb6ccc6d518c848919d0720f8/element - {"using":"xpath","value":"//input[@id=\"application-managecontracts-display-component---AddNewContract--yardId-inner\"]"}
RESULT: {"using":"xpath","value":"//input[@id=\"application-managecontracts-display-component---AddNewContract--yardId-inner\"]"}
COMMAND: POST /session/2c43d02fb6ccc6d518c848919d0720f8/element/f.291337A451B92CFAEC554A5CFCD049A1.d.EF169BEF3C0D74588F1D912A350DDD73.e.10669/clear - {}
RESULT: {}
COMMAND: POST /session/2c43d02fb6ccc6d518c848919d0720f8/element/f.291337A451B92CFAEC554A5CFCD049A1.d.EF169BEF3C0D74588F1D912A350DDD73.e.10669/value - {"text":"WebdriverYardq0wdz"}
COMMAND: GET /session/2c43d02fb6ccc6d518c848919d0720f8/screenshot - {}
RESULT: {"text":"WebdriverYardq0wdz"}
COMMAND: GET /session/2c43d02fb6ccc6d518c848919d0720f8/screenshot - {}
RESULT: {}
RESULT: {}
COMMAND: POST /session/2c43d02fb6ccc6d518c848919d0720f8/actions - {"actions":[{"id":"action58","type":"key","parameters":{},"actions":[{"type":"keyDown","value":""},{"type":"pause","duration":10},{"type":"keyUp","value":""}]}]}
RESULT: {"actions":[{"id":"action58","type":"key","parameters":{},"actions":[{"type":"keyDown","value":""},{"type":"pause","duration":10},{"type":"keyUp","value":""}]}]}
COMMAND: GET /session/2c43d02fb6ccc6d518c848919d0720f8/screenshot - {}
RESULT: {}
COMMAND: POST /session/2c43d02fb6ccc6d518c848919d0720f8/element - {"using":"xpath","value":"//input[@id=\"application-managecontracts-display-component---AddNewContract--customerSelect-inner\"]"}
RESULT: {"using":"xpath","value":"//input[@id=\"application-managecontracts-display-component---AddNewContract--customerSelect-inner\"]"}
COMMAND: POST /session/2c43d02fb6ccc6d518c848919d0720f8/element/f.291337A451B92CFAEC554A5CFCD049A1.d.EF169BEF3C0D74588F1D912A350DDD73.e.10667/clear - {}
RESULT: {}
COMMAND: POST /session/2c43d02fb6ccc6d518c848919d0720f8/element/f.291337A451B92CFAEC554A5CFCD049A1.d.EF169BEF3C0D74588F1D912A350DDD73.e.10667/value - {"text":"WebdriverPartnert7pqt"}
COMMAND: GET /session/2c43d02fb6ccc6d518c848919d0720f8/screenshot - {}
RESULT: {"text":"WebdriverPartnert7pqt"}
COMMAND: GET /session/2c43d02fb6ccc6d518c848919d0720f8/screenshot - {}
RESULT: {}
RESULT: {}
COMMAND: POST /session/2c43d02fb6ccc6d518c848919d0720f8/actions - {"actions":[{"id":"action59","type":"key","parameters":{},"actions":[{"type":"keyDown","value":""},{"type":"pause","duration":10},{"type":"keyUp","value":""}]}]}
RESULT: {"actions":[{"id":"action59","type":"key","parameters":{},"actions":[{"type":"keyDown","value":""},{"type":"pause","duration":10},{"type":"keyUp","value":""}]}]}
COMMAND: GET /session/2c43d02fb6ccc6d518c848919d0720f8/screenshot - {}
RESULT: {}
COMMAND: POST /session/2c43d02fb6ccc6d518c848919d0720f8/execute/async - {"script":"<script> [1562 bytes]","args":[{"selector":{"id":"application-managecontracts-display-component---AddNewContract--calendarInput-arrow"},"wdio_ui5_key":"applicationmanagecontracts-display-component---AddNewContract--calendarInput-arrow"}]}
RESULT: {"script":"<script> [1562 bytes]","args":[{"selector":{"id":"application-managecontracts-display-component---AddNewContract--calendarInput-arrow"},"wdio_ui5_key":"applicationmanagecontracts-display-component---AddNewContract--calendarInput-arrow"}]}
RESULT: undefined
COMMAND: POST /session/2c43d02fb6ccc6d518c848919d0720f8/element - {"using":"xpath","value":"//*[@id=\"application-managecontracts-display-component---AddNewContract--calendarInput-arrow\"]"}
RESULT: {"using":"xpath","value":"//*[@id=\"application-managecontracts-display-component---AddNewContract--calendarInput-arrow\"]"}
COMMAND: POST /session/2c43d02fb6ccc6d518c848919d0720f8/element/f.291337A451B92CFAEC554A5CFCD049A1.d.EF169BEF3C0D74588F1D912A350DDD73.e.10796/click - {}
RESULT: {}
COMMAND: GET /session/2c43d02fb6ccc6d518c848919d0720f8/screenshot - {}
RESULT: {}
COMMAND: POST /session/2c43d02fb6ccc6d518c848919d0720f8/execute/async - {"script":"<script> [1562 bytes]","args":[{"selector":{"controlType":"sap.m.StandardListItem","viewName":"etm.portal.ui.managecontracts.view.AddNewContract","viewId":"application-managecontracts-display-component---AddNewContract","properties":{"title":"1 - Calendar unit test patch"},"searchOpenDialogs":true,"interaction":{"idSuffix":"titleText"}},"wdio_ui5_key":"etmportal.ui.managecontracts.view.AddNewContractsap.m.StandardListItem{\"title\":\"1 - Calendar unit test patch\"}"}]}
RESULT: {"script":"<script> [1562 bytes]","args":[{"selector":{"controlType":"sap.m.StandardListItem","viewName":"etm.portal.ui.managecontracts.view.AddNewContract","viewId":"application-managecontracts-display-component---AddNewContract","properties":{"title":"1 - Calendar unit test patch"},"searchOpenDialogs":true,"interaction":{"idSuffix":"titleText"}},"wdio_ui5_key":"etmportal.ui.managecontracts.view.AddNewContractsap.m.StandardListItem{\"title\":\"1 - Calendar unit test patch\"}"}]}
RESULT: undefined
COMMAND: POST /session/2c43d02fb6ccc6d518c848919d0720f8/element - {"using":"xpath","value":"//*[@id=\"__item904\"]"}
RESULT: {"using":"xpath","value":"//*[@id=\"__item904\"]"}
COMMAND: POST /session/2c43d02fb6ccc6d518c848919d0720f8/element/f.291337A451B92CFAEC554A5CFCD049A1.d.EF169BEF3C0D74588F1D912A350DDD73.e.10798/click - {}
RESULT: {}
COMMAND: GET /session/2c43d02fb6ccc6d518c848919d0720f8/screenshot - {}
RESULT: {}
COMMAND: POST /session/2c43d02fb6ccc6d518c848919d0720f8/execute/async - {"script":"<script> [1562 bytes]","args":[{"selector":{"id":"application-managecontracts-display-component---AddNewContract--streetInput","interaction":{"idSuffix":"inner"}},"wdio_ui5_key":"applicationmanagecontracts-display-component---AddNewContract--streetInput"}]}
RESULT: {"script":"<script> [1562 bytes]","args":[{"selector":{"id":"application-managecontracts-display-component---AddNewContract--streetInput","interaction":{"idSuffix":"inner"}},"wdio_ui5_key":"applicationmanagecontracts-display-component---AddNewContract--streetInput"}]}
RESULT: undefined
COMMAND: POST /session/2c43d02fb6ccc6d518c848919d0720f8/execute/async - {"script":"<script> [776 bytes]","args":[{"enterText":"StreetWdIO","selector":{"id":"application-managecontracts-display-component---AddNewContract--streetInput","interaction":{"idSuffix":"inner"}},"clearTextFirst":true,"interactionType":"ENTER_TEXT"}]}
RESULT: {"script":"<script> [776 bytes]","args":[{"enterText":"StreetWdIO","selector":{"id":"application-managecontracts-display-component---AddNewContract--streetInput","interaction":{"idSuffix":"inner"}},"clearTextFirst":true,"interactionType":"ENTER_TEXT"}]}
COMMAND: POST /session/2c43d02fb6ccc6d518c848919d0720f8/execute/async - {"script":"<script> [1562 bytes]","args":[{"selector":{"id":"application-managecontracts-display-component---AddNewContract--numberInput","interaction":{"idSuffix":"inner"}},"wdio_ui5_key":"applicationmanagecontracts-display-component---AddNewContract--numberInput"}]}
RESULT: {"script":"<script> [1562 bytes]","args":[{"selector":{"id":"application-managecontracts-display-component---AddNewContract--numberInput","interaction":{"idSuffix":"inner"}},"wdio_ui5_key":"applicationmanagecontracts-display-component---AddNewContract--numberInput"}]}
RESULT: undefined
COMMAND: POST /session/2c43d02fb6ccc6d518c848919d0720f8/execute/async - {"script":"<script> [776 bytes]","args":[{"enterText":"3","selector":{"id":"application-managecontracts-display-component---AddNewContract--numberInput","interaction":{"idSuffix":"inner"}},"clearTextFirst":true,"interactionType":"ENTER_TEXT"}]}
RESULT: {"script":"<script> [776 bytes]","args":[{"enterText":"3","selector":{"id":"application-managecontracts-display-component---AddNewContract--numberInput","interaction":{"idSuffix":"inner"}},"clearTextFirst":true,"interactionType":"ENTER_TEXT"}]}
COMMAND: POST /session/2c43d02fb6ccc6d518c848919d0720f8/execute/async - {"script":"<script> [1562 bytes]","args":[{"selector":{"id":"application-managecontracts-display-component---AddNewContract--cityInput","interaction":{"idSuffix":"inner"}},"wdio_ui5_key":"applicationmanagecontracts-display-component---AddNewContract--cityInput"}]}
RESULT: {"script":"<script> [1562 bytes]","args":[{"selector":{"id":"application-managecontracts-display-component---AddNewContract--cityInput","interaction":{"idSuffix":"inner"}},"wdio_ui5_key":"applicationmanagecontracts-display-component---AddNewContract--cityInput"}]}
RESULT: undefined
COMMAND: POST /session/2c43d02fb6ccc6d518c848919d0720f8/execute/async - {"script":"<script> [776 bytes]","args":[{"enterText":"Bucharest","selector":{"id":"application-managecontracts-display-component---AddNewContract--cityInput","interaction":{"idSuffix":"inner"}},"clearTextFirst":true,"interactionType":"ENTER_TEXT"}]}
RESULT: {"script":"<script> [776 bytes]","args":[{"enterText":"Bucharest","selector":{"id":"application-managecontracts-display-component---AddNewContract--cityInput","interaction":{"idSuffix":"inner"}},"clearTextFirst":true,"interactionType":"ENTER_TEXT"}]}
COMMAND: POST /session/2c43d02fb6ccc6d518c848919d0720f8/execute/async - {"script":"<script> [1562 bytes]","args":[{"selector":{"id":"application-managecontracts-display-component---AddNewContract--zipInput","interaction":{"idSuffix":"inner"}},"wdio_ui5_key":"applicationmanagecontracts-display-component---AddNewContract--zipInput"}]}
RESULT: {"script":"<script> [1562 bytes]","args":[{"selector":{"id":"application-managecontracts-display-component---AddNewContract--zipInput","interaction":{"idSuffix":"inner"}},"wdio_ui5_key":"applicationmanagecontracts-display-component---AddNewContract--zipInput"}]}
RESULT: undefined
COMMAND: POST /session/2c43d02fb6ccc6d518c848919d0720f8/execute/async - {"script":"<script> [776 bytes]","args":[{"enterText":"021210","selector":{"id":"application-managecontracts-display-component---AddNewContract--zipInput","interaction":{"idSuffix":"inner"}},"clearTextFirst":true,"interactionType":"ENTER_TEXT"}]}
RESULT: {"script":"<script> [776 bytes]","args":[{"enterText":"021210","selector":{"id":"application-managecontracts-display-component---AddNewContract--zipInput","interaction":{"idSuffix":"inner"}},"clearTextFirst":true,"interactionType":"ENTER_TEXT"}]}
COMMAND: POST /session/2c43d02fb6ccc6d518c848919d0720f8/element - {"using":"xpath","value":"//bdi[contains(@id ,\"application-managecontracts-display-component---AddNewContract--saveBtn-BDI-content\")]"}
RESULT: {"using":"xpath","value":"//bdi[contains(@id ,\"application-managecontracts-display-component---AddNewContract--saveBtn-BDI-content\")]"}
COMMAND: POST /session/2c43d02fb6ccc6d518c848919d0720f8/element/f.291337A451B92CFAEC554A5CFCD049A1.d.EF169BEF3C0D74588F1D912A350DDD73.e.10803/click - {}
RESULT: {}
COMMAND: GET /session/2c43d02fb6ccc6d518c848919d0720f8/screenshot - {}
RESULT: {}
COMMAND: POST /session/2c43d02fb6ccc6d518c848919d0720f8/element - {"using":"xpath","value":"//button[contains(@data-kt ,\"contractDetailEditBtnButton\")]"}
RESULT: {"using":"xpath","value":"//button[contains(@data-kt ,\"contractDetailEditBtnButton\")]"}
COMMAND: POST /session/2c43d02fb6ccc6d518c848919d0720f8/execute/sync - {"script":"<script> [8489 bytes]","args":[{"element-6066-11e4-a52e-4f735466cecf":"f.291337A451B92CFAEC554A5CFCD049A1.d.EF169BEF3C0D74588F1D912A350DDD73.e.10861","ELEMENT":"f.291337A451B92CFAEC554A5CFCD049A1.d.EF169BEF3C0D74588F1D912A350DDD73.e.10861"}]}
RESULT: {"script":"<script> [8489 bytes]","args":[{"element-6066-11e4-a52e-4f735466cecf":"f.291337A451B92CFAEC554A5CFCD049A1.d.EF169BEF3C0D74588F1D912A350DDD73.e.10861","ELEMENT":"f.291337A451B92CFAEC554A5CFCD049A1.d.EF169BEF3C0D74588F1D912A350DDD73.e.10861"}]}
COMMAND: POST /session/2c43d02fb6ccc6d518c848919d0720f8/execute/sync - {"script":"<script> [8489 bytes]","args":[{"element-6066-11e4-a52e-4f735466cecf":"f.291337A451B92CFAEC554A5CFCD049A1.d.EF169BEF3C0D74588F1D912A350DDD73.e.10861","ELEMENT":"f.291337A451B92CFAEC554A5CFCD049A1.d.EF169BEF3C0D74588F1D912A350DDD73.e.10861"}]}
COMMAND: GET /session/2c43d02fb6ccc6d518c848919d0720f8/screenshot - {}
RESULT: {"script":"<script> [8489 bytes]","args":[{"element-6066-11e4-a52e-4f735466cecf":"f.291337A451B92CFAEC554A5CFCD049A1.d.EF169BEF3C0D74588F1D912A350DDD73.e.10861","ELEMENT":"f.291337A451B92CFAEC554A5CFCD049A1.d.EF169BEF3C0D74588F1D912A350DDD73.e.10861"}]}
COMMAND: POST /session/2c43d02fb6ccc6d518c848919d0720f8/execute/sync - {"script":"<script> [5351 bytes]","args":[{"element-6066-11e4-a52e-4f735466cecf":"f.291337A451B92CFAEC554A5CFCD049A1.d.EF169BEF3C0D74588F1D912A350DDD73.e.10861","ELEMENT":"f.291337A451B92CFAEC554A5CFCD049A1.d.EF169BEF3C0D74588F1D912A350DDD73.e.10861"}]}
COMMAND: GET /session/2c43d02fb6ccc6d518c848919d0720f8/screenshot - {}
RESULT: {}
RESULT: {"script":"<script> [5351 bytes]","args":[{"element-6066-11e4-a52e-4f735466cecf":"f.291337A451B92CFAEC554A5CFCD049A1.d.EF169BEF3C0D74588F1D912A350DDD73.e.10861","ELEMENT":"f.291337A451B92CFAEC554A5CFCD049A1.d.EF169BEF3C0D74588F1D912A350DDD73.e.10861"}]}
COMMAND: POST /session/2c43d02fb6ccc6d518c848919d0720f8/execute/async - {"script":"<script> [1562 bytes]","args":[{"selector":{"controlType":"sap.m.Text","viewName":"etm.portal.ui.managecontracts.view.Detail","bindingPath":{"propertyPath":"LINK_TO_C_CONTRACT_TYPES/DESCRIPTION","modelName":"catalogModel"}},"wdio_ui5_key":"etmportal.ui.managecontracts.view.Detailsap.m.Text{\"propertyPath\":\"LINK_TO_C_CONTRACT_TYPES/DESCRIPTION\",\"modelName\":\"catalogModel\"}"}]}
COMMAND: GET /session/2c43d02fb6ccc6d518c848919d0720f8/screenshot - {}
RESULT: {}
RESULT: {"script":"<script> [1562 bytes]","args":[{"selector":{"controlType":"sap.m.Text","viewName":"etm.portal.ui.managecontracts.view.Detail","bindingPath":{"propertyPath":"LINK_TO_C_CONTRACT_TYPES/DESCRIPTION","modelName":"catalogModel"}},"wdio_ui5_key":"etmportal.ui.managecontracts.view.Detailsap.m.Text{\"propertyPath\":\"LINK_TO_C_CONTRACT_TYPES/DESCRIPTION\",\"modelName\":\"catalogModel\"}"}]}
RESULT: undefined
COMMAND: POST /session/2c43d02fb6ccc6d518c848919d0720f8/execute/async - {"script":"<script> [6424 bytes]","args":[{"element-6066-11e4-a52e-4f735466cecf":"f.291337A451B92CFAEC554A5CFCD049A1.d.EF169BEF3C0D74588F1D912A350DDD73.e.10863"},"getText",[]]}
RESULT: {}
RESULT: {"script":"<script> [6424 bytes]","args":[{"element-6066-11e4-a52e-4f735466cecf":"f.291337A451B92CFAEC554A5CFCD049A1.d.EF169BEF3C0D74588F1D912A350DDD73.e.10863"},"getText",[]]}
COMMAND: POST /session/2c43d02fb6ccc6d518c848919d0720f8/element/f.291337A451B92CFAEC554A5CFCD049A1.d.EF169BEF3C0D74588F1D912A350DDD73.e.10861/click - {}
RESULT: {}
COMMAND: GET /session/2c43d02fb6ccc6d518c848919d0720f8/screenshot - {}
RESULT: {}
]]></system-out>
    </testcase>
    <testcase classname="chrome.136_0_7103_93.windows.Reduced_contract_US151275" name="Should add a RU to the contract" time="50.09">
      <system-out><![CDATA[
COMMAND: POST /session/2c43d02fb6ccc6d518c848919d0720f8/element - {"using":"xpath","value":"(//span[contains(text(), \"Header Billing Items\")])[2]"}
RESULT: {"using":"xpath","value":"(//span[contains(text(), \"Header Billing Items\")])[2]"}
COMMAND: POST /session/2c43d02fb6ccc6d518c848919d0720f8/element/f.291337A451B92CFAEC554A5CFCD049A1.d.EF169BEF3C0D74588F1D912A350DDD73.e.10904/click - {}
RESULT: {}
COMMAND: GET /session/2c43d02fb6ccc6d518c848919d0720f8/screenshot - {}
RESULT: {}
COMMAND: POST /session/2c43d02fb6ccc6d518c848919d0720f8/element - {"using":"xpath","value":"//button[@data-kt=\"btnAddTableRowOverflowToolbarButton\"]"}
RESULT: {"using":"xpath","value":"//button[@data-kt=\"btnAddTableRowOverflowToolbarButton\"]"}
COMMAND: POST /session/2c43d02fb6ccc6d518c848919d0720f8/element/f.291337A451B92CFAEC554A5CFCD049A1.d.EF169BEF3C0D74588F1D912A350DDD73.e.10909/click - {}
RESULT: {}
COMMAND: GET /session/2c43d02fb6ccc6d518c848919d0720f8/screenshot - {}
RESULT: {}
COMMAND: POST /session/2c43d02fb6ccc6d518c848919d0720f8/element - {"using":"xpath","value":"//div[(text() = 'Standard Entry' or . = 'Standard Entry')]"}
RESULT: {"using":"xpath","value":"//div[(text() = 'Standard Entry' or . = 'Standard Entry')]"}
COMMAND: POST /session/2c43d02fb6ccc6d518c848919d0720f8/element/f.291337A451B92CFAEC554A5CFCD049A1.d.EF169BEF3C0D74588F1D912A350DDD73.e.10911/click - {}
RESULT: {}
COMMAND: POST /session/2c43d02fb6ccc6d518c848919d0720f8/element - {"using":"xpath","value":"//td[6]/div/div/input[1]"}
COMMAND: GET /session/2c43d02fb6ccc6d518c848919d0720f8/screenshot - {}
RESULT: {"using":"xpath","value":"//td[6]/div/div/input[1]"}
COMMAND: POST /session/2c43d02fb6ccc6d518c848919d0720f8/element/f.291337A451B92CFAEC554A5CFCD049A1.d.EF169BEF3C0D74588F1D912A350DDD73.e.10913/click - {}
RESULT: {}
RESULT: {}
COMMAND: POST /session/2c43d02fb6ccc6d518c848919d0720f8/actions - {"actions":[{"id":"action60","type":"key","parameters":{},"actions":[{"type":"keyDown","value":""},{"type":"pause","duration":10},{"type":"keyUp","value":""}]}]}
COMMAND: GET /session/2c43d02fb6ccc6d518c848919d0720f8/screenshot - {}
RESULT: {"actions":[{"id":"action60","type":"key","parameters":{},"actions":[{"type":"keyDown","value":""},{"type":"pause","duration":10},{"type":"keyUp","value":""}]}]}
COMMAND: POST /session/2c43d02fb6ccc6d518c848919d0720f8/element - {"using":"xpath","value":"//td[6]/div/div/input[1]"}
COMMAND: GET /session/2c43d02fb6ccc6d518c848919d0720f8/screenshot - {}
RESULT: {}
RESULT: {"using":"xpath","value":"//td[6]/div/div/input[1]"}
COMMAND: POST /session/2c43d02fb6ccc6d518c848919d0720f8/element/f.291337A451B92CFAEC554A5CFCD049A1.d.EF169BEF3C0D74588F1D912A350DDD73.e.10913/clear - {}
RESULT: {}
RESULT: {}
COMMAND: POST /session/2c43d02fb6ccc6d518c848919d0720f8/element/f.291337A451B92CFAEC554A5CFCD049A1.d.EF169BEF3C0D74588F1D912A350DDD73.e.10913/value - {"text":"Material"}
COMMAND: GET /session/2c43d02fb6ccc6d518c848919d0720f8/screenshot - {}
RESULT: {"text":"Material"}
COMMAND: GET /session/2c43d02fb6ccc6d518c848919d0720f8/screenshot - {}
RESULT: {}
RESULT: {}
COMMAND: POST /session/2c43d02fb6ccc6d518c848919d0720f8/actions - {"actions":[{"id":"action61","type":"key","parameters":{},"actions":[{"type":"keyDown","value":""},{"type":"pause","duration":10},{"type":"keyUp","value":""}]}]}
RESULT: {"actions":[{"id":"action61","type":"key","parameters":{},"actions":[{"type":"keyDown","value":""},{"type":"pause","duration":10},{"type":"keyUp","value":""}]}]}
COMMAND: GET /session/2c43d02fb6ccc6d518c848919d0720f8/screenshot - {}
RESULT: {}
COMMAND: POST /session/2c43d02fb6ccc6d518c848919d0720f8/actions - {"actions":[{"id":"action62","type":"key","parameters":{},"actions":[{"type":"keyDown","value":""},{"type":"pause","duration":10},{"type":"keyUp","value":""}]}]}
RESULT: {"actions":[{"id":"action62","type":"key","parameters":{},"actions":[{"type":"keyDown","value":""},{"type":"pause","duration":10},{"type":"keyUp","value":""}]}]}
COMMAND: POST /session/2c43d02fb6ccc6d518c848919d0720f8/element - {"using":"xpath","value":"//td[7]/div/div/input"}
COMMAND: GET /session/2c43d02fb6ccc6d518c848919d0720f8/screenshot - {}
RESULT: {"using":"xpath","value":"//td[7]/div/div/input"}
COMMAND: POST /session/2c43d02fb6ccc6d518c848919d0720f8/element/f.291337A451B92CFAEC554A5CFCD049A1.d.EF169BEF3C0D74588F1D912A350DDD73.e.10926/clear - {}
RESULT: {}
RESULT: {}
COMMAND: POST /session/2c43d02fb6ccc6d518c848919d0720f8/element/f.291337A451B92CFAEC554A5CFCD049A1.d.EF169BEF3C0D74588F1D912A350DDD73.e.10926/value - {"text":"WebdriverRUR2C"}
COMMAND: GET /session/2c43d02fb6ccc6d518c848919d0720f8/screenshot - {}
RESULT: {"text":"WebdriverRUR2C"}
COMMAND: GET /session/2c43d02fb6ccc6d518c848919d0720f8/screenshot - {}
RESULT: {}
RESULT: {}
COMMAND: POST /session/2c43d02fb6ccc6d518c848919d0720f8/actions - {"actions":[{"id":"action63","type":"key","parameters":{},"actions":[{"type":"keyDown","value":""},{"type":"pause","duration":10},{"type":"keyUp","value":""}]}]}
RESULT: {"actions":[{"id":"action63","type":"key","parameters":{},"actions":[{"type":"keyDown","value":""},{"type":"pause","duration":10},{"type":"keyUp","value":""}]}]}
COMMAND: GET /session/2c43d02fb6ccc6d518c848919d0720f8/screenshot - {}
RESULT: {}
COMMAND: POST /session/2c43d02fb6ccc6d518c848919d0720f8/actions - {"actions":[{"id":"action64","type":"key","parameters":{},"actions":[{"type":"keyDown","value":""},{"type":"pause","duration":10},{"type":"keyUp","value":""}]}]}
RESULT: {"actions":[{"id":"action64","type":"key","parameters":{},"actions":[{"type":"keyDown","value":""},{"type":"pause","duration":10},{"type":"keyUp","value":""}]}]}
COMMAND: GET /session/2c43d02fb6ccc6d518c848919d0720f8/screenshot - {}
RESULT: {}
COMMAND: POST /session/2c43d02fb6ccc6d518c848919d0720f8/element - {"using":"xpath","value":"(//button[@data-kt=\"saveButton\"])[2]"}
RESULT: {"using":"xpath","value":"(//button[@data-kt=\"saveButton\"])[2]"}
COMMAND: POST /session/2c43d02fb6ccc6d518c848919d0720f8/element/f.291337A451B92CFAEC554A5CFCD049A1.d.EF169BEF3C0D74588F1D912A350DDD73.e.10951/click - {}
RESULT: {}
COMMAND: GET /session/2c43d02fb6ccc6d518c848919d0720f8/screenshot - {}
RESULT: {}
COMMAND: POST /session/2c43d02fb6ccc6d518c848919d0720f8/element - {"using":"xpath","value":"//button[contains(@data-kt ,\"contractDetailEditBtnButton\")]"}
RESULT: {"using":"xpath","value":"//button[contains(@data-kt ,\"contractDetailEditBtnButton\")]"}
COMMAND: POST /session/2c43d02fb6ccc6d518c848919d0720f8/execute/sync - {"script":"<script> [8489 bytes]","args":[{"element-6066-11e4-a52e-4f735466cecf":"f.291337A451B92CFAEC554A5CFCD049A1.d.EF169BEF3C0D74588F1D912A350DDD73.e.10861","ELEMENT":"f.291337A451B92CFAEC554A5CFCD049A1.d.EF169BEF3C0D74588F1D912A350DDD73.e.10861"}]}
RESULT: {"script":"<script> [8489 bytes]","args":[{"element-6066-11e4-a52e-4f735466cecf":"f.291337A451B92CFAEC554A5CFCD049A1.d.EF169BEF3C0D74588F1D912A350DDD73.e.10861","ELEMENT":"f.291337A451B92CFAEC554A5CFCD049A1.d.EF169BEF3C0D74588F1D912A350DDD73.e.10861"}]}
COMMAND: POST /session/2c43d02fb6ccc6d518c848919d0720f8/execute/sync - {"script":"<script> [8489 bytes]","args":[{"element-6066-11e4-a52e-4f735466cecf":"f.291337A451B92CFAEC554A5CFCD049A1.d.EF169BEF3C0D74588F1D912A350DDD73.e.10861","ELEMENT":"f.291337A451B92CFAEC554A5CFCD049A1.d.EF169BEF3C0D74588F1D912A350DDD73.e.10861"}]}
COMMAND: GET /session/2c43d02fb6ccc6d518c848919d0720f8/screenshot - {}
RESULT: {"script":"<script> [8489 bytes]","args":[{"element-6066-11e4-a52e-4f735466cecf":"f.291337A451B92CFAEC554A5CFCD049A1.d.EF169BEF3C0D74588F1D912A350DDD73.e.10861","ELEMENT":"f.291337A451B92CFAEC554A5CFCD049A1.d.EF169BEF3C0D74588F1D912A350DDD73.e.10861"}]}
COMMAND: POST /session/2c43d02fb6ccc6d518c848919d0720f8/execute/sync - {"script":"<script> [5351 bytes]","args":[{"element-6066-11e4-a52e-4f735466cecf":"f.291337A451B92CFAEC554A5CFCD049A1.d.EF169BEF3C0D74588F1D912A350DDD73.e.10861","ELEMENT":"f.291337A451B92CFAEC554A5CFCD049A1.d.EF169BEF3C0D74588F1D912A350DDD73.e.10861"}]}
COMMAND: GET /session/2c43d02fb6ccc6d518c848919d0720f8/screenshot - {}
RESULT: {}
RESULT: {"script":"<script> [5351 bytes]","args":[{"element-6066-11e4-a52e-4f735466cecf":"f.291337A451B92CFAEC554A5CFCD049A1.d.EF169BEF3C0D74588F1D912A350DDD73.e.10861","ELEMENT":"f.291337A451B92CFAEC554A5CFCD049A1.d.EF169BEF3C0D74588F1D912A350DDD73.e.10861"}]}
COMMAND: POST /session/2c43d02fb6ccc6d518c848919d0720f8/element - {"using":"xpath","value":"(//span[contains(text(), \"Header Billing Items\")])[1]"}
COMMAND: GET /session/2c43d02fb6ccc6d518c848919d0720f8/screenshot - {}
RESULT: {}
RESULT: {"using":"xpath","value":"(//span[contains(text(), \"Header Billing Items\")])[1]"}
COMMAND: POST /session/2c43d02fb6ccc6d518c848919d0720f8/element/f.291337A451B92CFAEC554A5CFCD049A1.d.EF169BEF3C0D74588F1D912A350DDD73.e.10955/click - {}
RESULT: {}
RESULT: {}
COMMAND: GET /session/2c43d02fb6ccc6d518c848919d0720f8/screenshot - {}
RESULT: {}
COMMAND: POST /session/2c43d02fb6ccc6d518c848919d0720f8/execute/async - {"script":"<script> [1562 bytes]","args":[{"selector":{"controlType":"sap.m.Title","viewName":"etm.portal.ui.managecontracts.view.Detail","properties":{"text":"Contract Items (1)"}},"wdio_ui5_key":"etmportal.ui.managecontracts.view.Detailsap.m.Title{\"text\":\"Contract Items (1)\"}"}]}
RESULT: {"script":"<script> [1562 bytes]","args":[{"selector":{"controlType":"sap.m.Title","viewName":"etm.portal.ui.managecontracts.view.Detail","properties":{"text":"Contract Items (1)"}},"wdio_ui5_key":"etmportal.ui.managecontracts.view.Detailsap.m.Title{\"text\":\"Contract Items (1)\"}"}]}
RESULT: undefined
COMMAND: POST /session/2c43d02fb6ccc6d518c848919d0720f8/execute/async - {"script":"<script> [6424 bytes]","args":[{"element-6066-11e4-a52e-4f735466cecf":"f.291337A451B92CFAEC554A5CFCD049A1.d.EF169BEF3C0D74588F1D912A350DDD73.e.10957"},"getText",[]]}
RESULT: {"script":"<script> [6424 bytes]","args":[{"element-6066-11e4-a52e-4f735466cecf":"f.291337A451B92CFAEC554A5CFCD049A1.d.EF169BEF3C0D74588F1D912A350DDD73.e.10957"},"getText",[]]}
COMMAND: POST /session/2c43d02fb6ccc6d518c848919d0720f8/element - {"using":"xpath","value":"(//span[contains(@class ,\"sapMObjStatusText\")])[1]"}
RESULT: {"using":"xpath","value":"(//span[contains(@class ,\"sapMObjStatusText\")])[1]"}
COMMAND: GET /session/2c43d02fb6ccc6d518c848919d0720f8/element/f.291337A451B92CFAEC554A5CFCD049A1.d.EF169BEF3C0D74588F1D912A350DDD73.e.10958/text - {}
RESULT: {}
COMMAND: POST /session/2c43d02fb6ccc6d518c848919d0720f8/refresh - {}
RESULT: {}
COMMAND: GET /session/2c43d02fb6ccc6d518c848919d0720f8/screenshot - {}
RESULT: {}
COMMAND: POST /session/2c43d02fb6ccc6d518c848919d0720f8/execute/async - {"script":"<script> [189 bytes]","args":[]}
RESULT: {"script":"<script> [189 bytes]","args":[]}
COMMAND: POST /session/2c43d02fb6ccc6d518c848919d0720f8/execute/async - {"script":"<script> [123 bytes]","args":[]}
RESULT: {"script":"<script> [123 bytes]","args":[]}
COMMAND: POST /session/2c43d02fb6ccc6d518c848919d0720f8/timeouts - {"script":"<number>"}
RESULT: {"script":"<number>"}
COMMAND: GET /session/2c43d02fb6ccc6d518c848919d0720f8/timeouts - {}
RESULT: {}
RESULT: undefined
COMMAND: POST /session/2c43d02fb6ccc6d518c848919d0720f8/execute/async - {"script":"<script> [2676 bytes]","args":[]}
RESULT: {"script":"<script> [2676 bytes]","args":[]}
COMMAND: POST /session/2c43d02fb6ccc6d518c848919d0720f8/execute/async - {"script":"<script> [2342 bytes]","args":[{"protocol":"http","hostname":"0.0.0.0","path":"/","capabilities":{"browserName":"chrome","goog:chromeOptions":{"binary":"C:\\Program Files\\Google\\Chrome\\Application\\chrome.exe","args":["--start-maximized"]}},"logLevel":"warn","connectionRetryTimeout":120000,"connectionRetryCount":3,"logLevels":{},"enableDirectConnect":true,"strictSSL":true,"_":"65 more keys: [\"cacheDir\",\"port\",\"requestedCapabilities\",\"automationProtocol\",\"baseUrl\",\"waitforInterval\",\"waitforTimeout\",\"onReload\",\"beforeCommand\",\"afterCommand\",\"rootDir\",\"specs\",\"suites\",\"exclude\",\"groupLogsByTestSpec\",\"excludeDriverLogs\",\"bail\",\"framework\",\"reporters\",\"services\",\"maxInstances\",\"maxInstancesPerCapability\",\"injectGlobals\",\"filesToWatch\",\"execArgv\",\"runnerEnv\",\"runner\",\"shard\",\"specFileRetries\",\"specFileRetriesDelay\",\"specFileRetriesDeferred\",\"reporterSyncInterval\",\"reporterSyncTimeout\",\"cucumberFeaturesWithLineNumbers\",\"autoCompileOpts\",\"mochaOpts\",\"jasmineOpts\",\"cucumberOpts\",\"onPrepare\",\"onWorkerStart\",\"onWorkerEnd\",\"before\",\"beforeSession\",\"beforeSuite\",\"beforeHook\",\"beforeTest\",\"afterTest\",\"afterHook\",\"afterSuite\",\"afterSession\",\"after\",\"onComplete\",\"beforeAssertion\",\"afterAssertion\",\"beforeFeature\",\"beforeScenario\",\"beforeStep\",\"afterStep\",\"afterScenario\",\"afterFeature\",\"_\",\"suite\",\"$0\",\"ignoredWorkerServices\",\"wdi5\"]"}]}
RESULT: {"script":"<script> [2342 bytes]","args":[{"protocol":"http","hostname":"0.0.0.0","path":"/","capabilities":{"browserName":"chrome","goog:chromeOptions":{"binary":"C:\\Program Files\\Google\\Chrome\\Application\\chrome.exe","args":["--start-maximized"]}},"logLevel":"warn","connectionRetryTimeout":120000,"connectionRetryCount":3,"logLevels":{},"enableDirectConnect":true,"strictSSL":true,"_":"65 more keys: [\"cacheDir\",\"port\",\"requestedCapabilities\",\"automationProtocol\",\"baseUrl\",\"waitforInterval\",\"waitforTimeout\",\"onReload\",\"beforeCommand\",\"afterCommand\",\"rootDir\",\"specs\",\"suites\",\"exclude\",\"groupLogsByTestSpec\",\"excludeDriverLogs\",\"bail\",\"framework\",\"reporters\",\"services\",\"maxInstances\",\"maxInstancesPerCapability\",\"injectGlobals\",\"filesToWatch\",\"execArgv\",\"runnerEnv\",\"runner\",\"shard\",\"specFileRetries\",\"specFileRetriesDelay\",\"specFileRetriesDeferred\",\"reporterSyncInterval\",\"reporterSyncTimeout\",\"cucumberFeaturesWithLineNumbers\",\"autoCompileOpts\",\"mochaOpts\",\"jasmineOpts\",\"cucumberOpts\",\"onPrepare\",\"onWorkerStart\",\"onWorkerEnd\",\"before\",\"beforeSession\",\"beforeSuite\",\"beforeHook\",\"beforeTest\",\"afterTest\",\"afterHook\",\"afterSuite\",\"afterSession\",\"after\",\"onComplete\",\"beforeAssertion\",\"afterAssertion\",\"beforeFeature\",\"beforeScenario\",\"beforeStep\",\"afterStep\",\"afterScenario\",\"afterFeature\",\"_\",\"suite\",\"$0\",\"ignoredWorkerServices\",\"wdi5\"]"}]}
COMMAND: POST /session/2c43d02fb6ccc6d518c848919d0720f8/execute/async - {"script":"<script> [21126 bytes]","args":[35000]}
RESULT: {"script":"<script> [21126 bytes]","args":[35000]}
COMMAND: POST /session/2c43d02fb6ccc6d518c848919d0720f8/element - {"using":"css selector","value":"#shell-header-logo"}
RESULT: {"using":"css selector","value":"#shell-header-logo"}
COMMAND: POST /session/2c43d02fb6ccc6d518c848919d0720f8/element/f.291337A451B92CFAEC554A5CFCD049A1.d.157696867B734ADBFA667183255D87BC.e.10965/click - {}
RESULT: {}
COMMAND: GET /session/2c43d02fb6ccc6d518c848919d0720f8/screenshot - {}
RESULT: {}
]]></system-out>
    </testcase>
  </testsuite>
  <testsuite timestamp="2025-06-01T18:20:41" time="1435.522" tests="7" failures="0" errors="0" skipped="0">
    <properties>
      <property name="specId" value="0"/>
      <property name="suiteName" value="E2E - Logistical and commercial statuses"/>
      <property name="capabilities" value="chrome.136_0_7103_93.windows"/>
      <property name="file" value="file:///D:/a/1/s/test/specs/R2C/E2E-Logistical-and-commercial-status.spec.js"/>
    </properties>
    <testcase classname="chrome.136_0_7103_93.windows.E2E_-_Logistical_and_commercial_statuses" name="Should create prerequisites yard partner and site" time="319.172">
      <system-out><![CDATA[
COMMAND: POST /session/2c43d02fb6ccc6d518c848919d0720f8/execute/async - {"script":"<script> [1562 bytes]","args":[{"selector":{"controlType":"sap.m.GenericTile","properties":{"header":"Manage Yards"}},"wdio_ui5_key":"sapm.GenericTile{\"header\":\"Manage Yards\"}"}]}
RESULT: {"script":"<script> [1562 bytes]","args":[{"selector":{"controlType":"sap.m.GenericTile","properties":{"header":"Manage Yards"}},"wdio_ui5_key":"sapm.GenericTile{\"header\":\"Manage Yards\"}"}]}
RESULT: undefined
COMMAND: POST /session/2c43d02fb6ccc6d518c848919d0720f8/element - {"using":"xpath","value":"//*[@id=\"__tile41\"]"}
RESULT: {"using":"xpath","value":"//*[@id=\"__tile41\"]"}
COMMAND: POST /session/2c43d02fb6ccc6d518c848919d0720f8/element/f.291337A451B92CFAEC554A5CFCD049A1.d.157696867B734ADBFA667183255D87BC.e.11191/click - {}
RESULT: {}
COMMAND: GET /session/2c43d02fb6ccc6d518c848919d0720f8/screenshot - {}
RESULT: {}
COMMAND: POST /session/2c43d02fb6ccc6d518c848919d0720f8/elements - {"using":"xpath","value":"//span[text()='Error']"}
RESULT: {"using":"xpath","value":"//span[text()='Error']"}
COMMAND: POST /session/2c43d02fb6ccc6d518c848919d0720f8/execute/async - {"script":"<script> [1562 bytes]","args":[{"selector":{"controlType":"sap.ui.core.Icon","viewName":"etm.portal.ui.manageyards.view.Master","viewId":"application-manageyards-display-component---masterYard","properties":{"src":{"regex":{"source":"add"}}}},"wdio_ui5_key":"etmportal.ui.manageyards.view.Mastersap.ui.core.Icon{\"src\":{\"regex\":{\"source\":\"add\"}}}"}]}
RESULT: {"script":"<script> [1562 bytes]","args":[{"selector":{"controlType":"sap.ui.core.Icon","viewName":"etm.portal.ui.manageyards.view.Master","viewId":"application-manageyards-display-component---masterYard","properties":{"src":{"regex":{"source":"add"}}}},"wdio_ui5_key":"etmportal.ui.manageyards.view.Mastersap.ui.core.Icon{\"src\":{\"regex\":{\"source\":\"add\"}}}"}]}
RESULT: undefined
COMMAND: POST /session/2c43d02fb6ccc6d518c848919d0720f8/element - {"using":"xpath","value":"//*[@id=\"__button14-img\"]"}
RESULT: {"using":"xpath","value":"//*[@id=\"__button14-img\"]"}
COMMAND: POST /session/2c43d02fb6ccc6d518c848919d0720f8/element/f.291337A451B92CFAEC554A5CFCD049A1.d.157696867B734ADBFA667183255D87BC.e.11228/click - {}
RESULT: {}
COMMAND: GET /session/2c43d02fb6ccc6d518c848919d0720f8/screenshot - {}
RESULT: {}
COMMAND: POST /session/2c43d02fb6ccc6d518c848919d0720f8/execute/async - {"script":"<script> [1562 bytes]","args":[{"selector":{"id":"application-manageyards-display-component---NewYard--yardId","interaction":{"idSuffix":"inner"}},"wdio_ui5_key":"applicationmanageyards-display-component---NewYard--yardId"}]}
RESULT: {"script":"<script> [1562 bytes]","args":[{"selector":{"id":"application-manageyards-display-component---NewYard--yardId","interaction":{"idSuffix":"inner"}},"wdio_ui5_key":"applicationmanageyards-display-component---NewYard--yardId"}]}
RESULT: undefined
COMMAND: POST /session/2c43d02fb6ccc6d518c848919d0720f8/element - {"using":"xpath","value":"//*[@id=\"application-manageyards-display-component---NewYard--addressDetailDetailsName1-inner\"]"}
RESULT: {"using":"xpath","value":"//*[@id=\"application-manageyards-display-component---NewYard--addressDetailDetailsName1-inner\"]"}
COMMAND: POST /session/2c43d02fb6ccc6d518c848919d0720f8/element/f.291337A451B92CFAEC554A5CFCD049A1.d.157696867B734ADBFA667183255D87BC.e.11459/clear - {}
RESULT: {}
COMMAND: POST /session/2c43d02fb6ccc6d518c848919d0720f8/element/f.291337A451B92CFAEC554A5CFCD049A1.d.157696867B734ADBFA667183255D87BC.e.11459/value - {"text":"WebdriverYardfmxy6"}
COMMAND: GET /session/2c43d02fb6ccc6d518c848919d0720f8/screenshot - {}
RESULT: {"text":"WebdriverYardfmxy6"}
COMMAND: POST /session/2c43d02fb6ccc6d518c848919d0720f8/element - {"using":"xpath","value":"//*[@id=\"application-manageyards-display-component---NewYard--addressDetailDetailsLanguage-inner\"]"}
COMMAND: GET /session/2c43d02fb6ccc6d518c848919d0720f8/screenshot - {}
RESULT: {}
RESULT: {"using":"xpath","value":"//*[@id=\"application-manageyards-display-component---NewYard--addressDetailDetailsLanguage-inner\"]"}
COMMAND: POST /session/2c43d02fb6ccc6d518c848919d0720f8/element/f.291337A451B92CFAEC554A5CFCD049A1.d.157696867B734ADBFA667183255D87BC.e.11460/clear - {}
RESULT: {}
RESULT: {}
COMMAND: POST /session/2c43d02fb6ccc6d518c848919d0720f8/element/f.291337A451B92CFAEC554A5CFCD049A1.d.157696867B734ADBFA667183255D87BC.e.11460/value - {"text":"Romanian"}
COMMAND: GET /session/2c43d02fb6ccc6d518c848919d0720f8/screenshot - {}
RESULT: {"text":"Romanian"}
COMMAND: POST /session/2c43d02fb6ccc6d518c848919d0720f8/element - {"using":"xpath","value":"//input[contains(@id ,\"application-manageyards-display-component---NewYard--addressDetailDetailsName1-inner\")]"}
COMMAND: GET /session/2c43d02fb6ccc6d518c848919d0720f8/screenshot - {}
RESULT: {}
RESULT: {"using":"xpath","value":"//input[contains(@id ,\"application-manageyards-display-component---NewYard--addressDetailDetailsName1-inner\")]"}
COMMAND: GET /session/2c43d02fb6ccc6d518c848919d0720f8/element/f.291337A451B92CFAEC554A5CFCD049A1.d.157696867B734ADBFA667183255D87BC.e.11459/property/value - {}
RESULT: {}
RESULT: {}
COMMAND: GET /session/2c43d02fb6ccc6d518c848919d0720f8/screenshot - {}
RESULT: {}
COMMAND: POST /session/2c43d02fb6ccc6d518c848919d0720f8/element - {"using":"xpath","value":"//*[@id=\"application-manageyards-display-component---NewYard--addressDetailDetailsCity1-inner\"]"}
RESULT: {"using":"xpath","value":"//*[@id=\"application-manageyards-display-component---NewYard--addressDetailDetailsCity1-inner\"]"}
COMMAND: POST /session/2c43d02fb6ccc6d518c848919d0720f8/element/f.291337A451B92CFAEC554A5CFCD049A1.d.157696867B734ADBFA667183255D87BC.e.11462/clear - {}
RESULT: {}
COMMAND: POST /session/2c43d02fb6ccc6d518c848919d0720f8/element/f.291337A451B92CFAEC554A5CFCD049A1.d.157696867B734ADBFA667183255D87BC.e.11462/value - {"text":"Bucuresti"}
COMMAND: GET /session/2c43d02fb6ccc6d518c848919d0720f8/screenshot - {}
RESULT: {"text":"Bucuresti"}
COMMAND: GET /session/2c43d02fb6ccc6d518c848919d0720f8/screenshot - {}
RESULT: {}
RESULT: {}
COMMAND: POST /session/2c43d02fb6ccc6d518c848919d0720f8/element - {"using":"xpath","value":"//*[@id=\"application-manageyards-display-component---NewYard--addressDetailDetailsCountry-inner\"]"}
RESULT: {"using":"xpath","value":"//*[@id=\"application-manageyards-display-component---NewYard--addressDetailDetailsCountry-inner\"]"}
COMMAND: POST /session/2c43d02fb6ccc6d518c848919d0720f8/element/f.291337A451B92CFAEC554A5CFCD049A1.d.157696867B734ADBFA667183255D87BC.e.11466/clear - {}
RESULT: {}
COMMAND: POST /session/2c43d02fb6ccc6d518c848919d0720f8/element/f.291337A451B92CFAEC554A5CFCD049A1.d.157696867B734ADBFA667183255D87BC.e.11466/value - {"text":"Romania"}
COMMAND: GET /session/2c43d02fb6ccc6d518c848919d0720f8/screenshot - {}
RESULT: {"text":"Romania"}
COMMAND: GET /session/2c43d02fb6ccc6d518c848919d0720f8/screenshot - {}
RESULT: {}
RESULT: {}
COMMAND: POST /session/2c43d02fb6ccc6d518c848919d0720f8/element - {"using":"xpath","value":"//div[contains(text(), \"Commercial\")]"}
RESULT: {"using":"xpath","value":"//div[contains(text(), \"Commercial\")]"}
COMMAND: GET /session/2c43d02fb6ccc6d518c848919d0720f8/element/f.291337A451B92CFAEC554A5CFCD049A1.d.157696867B734ADBFA667183255D87BC.e.11658/rect - {}
RESULT: {}
COMMAND: GET /session/2c43d02fb6ccc6d518c848919d0720f8/window/rect - {}
RESULT: {}
COMMAND: POST /session/2c43d02fb6ccc6d518c848919d0720f8/execute/sync - {"script":"<script> [92 bytes]","args":[]}
RESULT: {"script":"<script> [92 bytes]","args":[]}
COMMAND: POST /session/2c43d02fb6ccc6d518c848919d0720f8/actions - {"actions":[{"id":"action65","type":"wheel","parameters":{},"actions":[{"type":"scroll","x":-1841,"y":-44,"deltaX":0,"deltaY":0,"duration":0,"origin":{"element-6066-11e4-a52e-4f735466cecf":"f.291337A451B92CFAEC554A5CFCD049A1.d.157696867B734ADBFA667183255D87BC.e.11658"}}]}]}
COMMAND: GET /session/2c43d02fb6ccc6d518c848919d0720f8/screenshot - {}
RESULT: {}
COMMAND: POST /session/2c43d02fb6ccc6d518c848919d0720f8/execute/sync - {"script":"<script> [79 bytes]","args":[{"element-6066-11e4-a52e-4f735466cecf":"f.291337A451B92CFAEC554A5CFCD049A1.d.157696867B734ADBFA667183255D87BC.e.11658","ELEMENT":"f.291337A451B92CFAEC554A5CFCD049A1.d.157696867B734ADBFA667183255D87BC.e.11658"},{"block":"start","inline":"nearest"}]}
RESULT: {"script":"<script> [79 bytes]","args":[{"element-6066-11e4-a52e-4f735466cecf":"f.291337A451B92CFAEC554A5CFCD049A1.d.157696867B734ADBFA667183255D87BC.e.11658","ELEMENT":"f.291337A451B92CFAEC554A5CFCD049A1.d.157696867B734ADBFA667183255D87BC.e.11658"},{"block":"start","inline":"nearest"}]}
COMMAND: GET /session/2c43d02fb6ccc6d518c848919d0720f8/screenshot - {}
RESULT: {}
COMMAND: POST /session/2c43d02fb6ccc6d518c848919d0720f8/execute/async - {"script":"<script> [1562 bytes]","args":[{"selector":{"id":"application-manageyards-display-component---NewYard--addressEditDetailsCostObjectCstType-arrow"},"wdio_ui5_key":"applicationmanageyards-display-component---NewYard--addressEditDetailsCostObjectCstType-arrow"}]}
RESULT: {"script":"<script> [1562 bytes]","args":[{"selector":{"id":"application-manageyards-display-component---NewYard--addressEditDetailsCostObjectCstType-arrow"},"wdio_ui5_key":"applicationmanageyards-display-component---NewYard--addressEditDetailsCostObjectCstType-arrow"}]}
RESULT: undefined
COMMAND: POST /session/2c43d02fb6ccc6d518c848919d0720f8/element - {"using":"xpath","value":"//*[@id=\"application-manageyards-display-component---NewYard--addressEditDetailsCostObjectCstType-arrow\"]"}
RESULT: {"using":"xpath","value":"//*[@id=\"application-manageyards-display-component---NewYard--addressEditDetailsCostObjectCstType-arrow\"]"}
COMMAND: POST /session/2c43d02fb6ccc6d518c848919d0720f8/element/f.291337A451B92CFAEC554A5CFCD049A1.d.157696867B734ADBFA667183255D87BC.e.11667/click - {}
RESULT: {}
COMMAND: POST /session/2c43d02fb6ccc6d518c848919d0720f8/element - {"using":"xpath","value":"//span[contains(text(), \"Cost Center\")]"}
COMMAND: GET /session/2c43d02fb6ccc6d518c848919d0720f8/screenshot - {}
RESULT: {"using":"xpath","value":"//span[contains(text(), \"Cost Center\")]"}
COMMAND: POST /session/2c43d02fb6ccc6d518c848919d0720f8/element/f.291337A451B92CFAEC554A5CFCD049A1.d.157696867B734ADBFA667183255D87BC.e.11668/click - {}
RESULT: {}
RESULT: {}
COMMAND: GET /session/2c43d02fb6ccc6d518c848919d0720f8/screenshot - {}
RESULT: {}
COMMAND: POST /session/2c43d02fb6ccc6d518c848919d0720f8/execute/async - {"script":"<script> [1562 bytes]","args":[{"selector":{"id":"application-manageyards-display-component---NewYard--addressNewCostObjectCstID-vhi"},"wdio_ui5_key":"applicationmanageyards-display-component---NewYard--addressNewCostObjectCstID-vhi"}]}
RESULT: {"script":"<script> [1562 bytes]","args":[{"selector":{"id":"application-manageyards-display-component---NewYard--addressNewCostObjectCstID-vhi"},"wdio_ui5_key":"applicationmanageyards-display-component---NewYard--addressNewCostObjectCstID-vhi"}]}
RESULT: undefined
COMMAND: POST /session/2c43d02fb6ccc6d518c848919d0720f8/element - {"using":"xpath","value":"//*[@id=\"application-manageyards-display-component---NewYard--addressNewCostObjectCstID-vhi\"]"}
RESULT: {"using":"xpath","value":"//*[@id=\"application-manageyards-display-component---NewYard--addressNewCostObjectCstID-vhi\"]"}
COMMAND: POST /session/2c43d02fb6ccc6d518c848919d0720f8/element/f.291337A451B92CFAEC554A5CFCD049A1.d.157696867B734ADBFA667183255D87BC.e.11672/click - {}
RESULT: {}
COMMAND: GET /session/2c43d02fb6ccc6d518c848919d0720f8/screenshot - {}
RESULT: {}
COMMAND: POST /session/2c43d02fb6ccc6d518c848919d0720f8/execute/async - {"script":"<script> [1562 bytes]","args":[{"selector":{"controlType":"sap.m.SearchField","properties":{"placeholder":"Search"},"searchOpenDialogs":true,"interaction":{"idSuffix":"I"}},"wdio_ui5_key":"sapm.SearchField{\"placeholder\":\"Search\"}"}]}
RESULT: {"script":"<script> [1562 bytes]","args":[{"selector":{"controlType":"sap.m.SearchField","properties":{"placeholder":"Search"},"searchOpenDialogs":true,"interaction":{"idSuffix":"I"}},"wdio_ui5_key":"sapm.SearchField{\"placeholder\":\"Search\"}"}]}
RESULT: undefined
COMMAND: POST /session/2c43d02fb6ccc6d518c848919d0720f8/execute/async - {"script":"<script> [776 bytes]","args":[{"enterText":"10001013","selector":{"controlType":"sap.m.SearchField","properties":{"placeholder":"Search"},"searchOpenDialogs":true,"interaction":{"idSuffix":"I"}},"clearTextFirst":true,"interactionType":"ENTER_TEXT"}]}
RESULT: {"script":"<script> [776 bytes]","args":[{"enterText":"10001013","selector":{"controlType":"sap.m.SearchField","properties":{"placeholder":"Search"},"searchOpenDialogs":true,"interaction":{"idSuffix":"I"}},"clearTextFirst":true,"interactionType":"ENTER_TEXT"}]}
COMMAND: POST /session/2c43d02fb6ccc6d518c848919d0720f8/actions - {"actions":[{"id":"action66","type":"key","parameters":{},"actions":[{"type":"keyDown","value":""},{"type":"pause","duration":10},{"type":"keyUp","value":""}]}]}
RESULT: {"actions":[{"id":"action66","type":"key","parameters":{},"actions":[{"type":"keyDown","value":""},{"type":"pause","duration":10},{"type":"keyUp","value":""}]}]}
COMMAND: GET /session/2c43d02fb6ccc6d518c848919d0720f8/screenshot - {}
RESULT: {}
COMMAND: POST /session/2c43d02fb6ccc6d518c848919d0720f8/element - {"using":"xpath","value":"//span[contains(text(), \"General Management\")]"}
RESULT: {"using":"xpath","value":"//span[contains(text(), \"General Management\")]"}
COMMAND: POST /session/2c43d02fb6ccc6d518c848919d0720f8/element/f.291337A451B92CFAEC554A5CFCD049A1.d.157696867B734ADBFA667183255D87BC.e.11712/click - {}
RESULT: {}
COMMAND: GET /session/2c43d02fb6ccc6d518c848919d0720f8/screenshot - {}
RESULT: {}
COMMAND: POST /session/2c43d02fb6ccc6d518c848919d0720f8/element - {"using":"xpath","value":"//bdi[contains(text(), \"OK\")]"}
RESULT: {"using":"xpath","value":"//bdi[contains(text(), \"OK\")]"}
COMMAND: POST /session/2c43d02fb6ccc6d518c848919d0720f8/element/f.291337A451B92CFAEC554A5CFCD049A1.d.157696867B734ADBFA667183255D87BC.e.11713/click - {}
RESULT: {}
COMMAND: GET /session/2c43d02fb6ccc6d518c848919d0720f8/screenshot - {}
RESULT: {}
COMMAND: POST /session/2c43d02fb6ccc6d518c848919d0720f8/execute/async - {"script":"<script> [1562 bytes]","args":[{"selector":{"controlType":"sap.m.Button","viewName":"etm.portal.ui.manageyards.view.New","viewId":"application-manageyards-display-component---NewYard","i18NText":{"propertyName":"text","key":"save"},"interaction":{"idSuffix":"inner"}},"wdio_ui5_key":"etmportal.ui.manageyards.view.Newsap.m.Button{\"propertyName\":\"text\",\"key\":\"save\"}"}]}
RESULT: {"script":"<script> [1562 bytes]","args":[{"selector":{"controlType":"sap.m.Button","viewName":"etm.portal.ui.manageyards.view.New","viewId":"application-manageyards-display-component---NewYard","i18NText":{"propertyName":"text","key":"save"},"interaction":{"idSuffix":"inner"}},"wdio_ui5_key":"etmportal.ui.manageyards.view.Newsap.m.Button{\"propertyName\":\"text\",\"key\":\"save\"}"}]}
RESULT: undefined
COMMAND: POST /session/2c43d02fb6ccc6d518c848919d0720f8/element - {"using":"xpath","value":"//*[@id=\"__button28\"]"}
RESULT: {"using":"xpath","value":"//*[@id=\"__button28\"]"}
COMMAND: POST /session/2c43d02fb6ccc6d518c848919d0720f8/element/f.291337A451B92CFAEC554A5CFCD049A1.d.157696867B734ADBFA667183255D87BC.e.11632/click - {}
RESULT: {}
COMMAND: GET /session/2c43d02fb6ccc6d518c848919d0720f8/screenshot - {}
RESULT: {}
COMMAND: POST /session/2c43d02fb6ccc6d518c848919d0720f8/element - {"using":"xpath","value":"//header/div/div[2]/div[2]/span"}
RESULT: {"using":"xpath","value":"//header/div/div[2]/div[2]/span"}
COMMAND: GET /session/2c43d02fb6ccc6d518c848919d0720f8/element/f.291337A451B92CFAEC554A5CFCD049A1.d.157696867B734ADBFA667183255D87BC.e.11907/text - {}
RESULT: {}
COMMAND: POST /session/2c43d02fb6ccc6d518c848919d0720f8/execute/async - {"script":"<script> [1562 bytes]","args":[{"selector":{"controlType":"sap.m.OverflowToolbarButton","viewName":"etm.portal.ui.manageyards.view.Detail","viewId":"application-manageyards-display-component---detailYard","i18NText":{"propertyName":"tooltip","key":"closeColumn"},"interaction":{"idSuffix":"inner"}},"wdio_ui5_key":"etmportal.ui.manageyards.view.Detailsap.m.OverflowToolbarButton{\"propertyName\":\"tooltip\",\"key\":\"closeColumn\"}"}]}
RESULT: {"script":"<script> [1562 bytes]","args":[{"selector":{"controlType":"sap.m.OverflowToolbarButton","viewName":"etm.portal.ui.manageyards.view.Detail","viewId":"application-manageyards-display-component---detailYard","i18NText":{"propertyName":"tooltip","key":"closeColumn"},"interaction":{"idSuffix":"inner"}},"wdio_ui5_key":"etmportal.ui.manageyards.view.Detailsap.m.OverflowToolbarButton{\"propertyName\":\"tooltip\",\"key\":\"closeColumn\"}"}]}
RESULT: undefined
COMMAND: POST /session/2c43d02fb6ccc6d518c848919d0720f8/element - {"using":"xpath","value":"//*[@id=\"__button52\"]"}
RESULT: {"using":"xpath","value":"//*[@id=\"__button52\"]"}
COMMAND: POST /session/2c43d02fb6ccc6d518c848919d0720f8/element/f.291337A451B92CFAEC554A5CFCD049A1.d.157696867B734ADBFA667183255D87BC.e.11909/click - {}
RESULT: {}
COMMAND: GET /session/2c43d02fb6ccc6d518c848919d0720f8/screenshot - {}
RESULT: {}
COMMAND: POST /session/2c43d02fb6ccc6d518c848919d0720f8/element - {"using":"css selector","value":"#shell-header-logo"}
RESULT: {"using":"css selector","value":"#shell-header-logo"}
COMMAND: POST /session/2c43d02fb6ccc6d518c848919d0720f8/element/f.291337A451B92CFAEC554A5CFCD049A1.d.157696867B734ADBFA667183255D87BC.e.11194/click - {}
RESULT: {}
COMMAND: GET /session/2c43d02fb6ccc6d518c848919d0720f8/screenshot - {}
RESULT: {}
COMMAND: POST /session/2c43d02fb6ccc6d518c848919d0720f8/refresh - {}
RESULT: {}
COMMAND: GET /session/2c43d02fb6ccc6d518c848919d0720f8/screenshot - {}
RESULT: {}
COMMAND: POST /session/2c43d02fb6ccc6d518c848919d0720f8/execute/async - {"script":"<script> [189 bytes]","args":[]}
RESULT: {"script":"<script> [189 bytes]","args":[]}
COMMAND: POST /session/2c43d02fb6ccc6d518c848919d0720f8/execute/async - {"script":"<script> [123 bytes]","args":[]}
RESULT: {"script":"<script> [123 bytes]","args":[]}
COMMAND: POST /session/2c43d02fb6ccc6d518c848919d0720f8/timeouts - {"script":"<number>"}
RESULT: {"script":"<number>"}
COMMAND: GET /session/2c43d02fb6ccc6d518c848919d0720f8/timeouts - {}
RESULT: {}
RESULT: undefined
COMMAND: POST /session/2c43d02fb6ccc6d518c848919d0720f8/execute/async - {"script":"<script> [2676 bytes]","args":[]}
RESULT: {"script":"<script> [2676 bytes]","args":[]}
COMMAND: POST /session/2c43d02fb6ccc6d518c848919d0720f8/execute/async - {"script":"<script> [2342 bytes]","args":[{"protocol":"http","hostname":"0.0.0.0","path":"/","capabilities":{"browserName":"chrome","goog:chromeOptions":{"binary":"C:\\Program Files\\Google\\Chrome\\Application\\chrome.exe","args":["--start-maximized"]}},"logLevel":"warn","connectionRetryTimeout":120000,"connectionRetryCount":3,"logLevels":{},"enableDirectConnect":true,"strictSSL":true,"_":"65 more keys: [\"cacheDir\",\"port\",\"requestedCapabilities\",\"automationProtocol\",\"baseUrl\",\"waitforInterval\",\"waitforTimeout\",\"onReload\",\"beforeCommand\",\"afterCommand\",\"rootDir\",\"specs\",\"suites\",\"exclude\",\"groupLogsByTestSpec\",\"excludeDriverLogs\",\"bail\",\"framework\",\"reporters\",\"services\",\"maxInstances\",\"maxInstancesPerCapability\",\"injectGlobals\",\"filesToWatch\",\"execArgv\",\"runnerEnv\",\"runner\",\"shard\",\"specFileRetries\",\"specFileRetriesDelay\",\"specFileRetriesDeferred\",\"reporterSyncInterval\",\"reporterSyncTimeout\",\"cucumberFeaturesWithLineNumbers\",\"autoCompileOpts\",\"mochaOpts\",\"jasmineOpts\",\"cucumberOpts\",\"onPrepare\",\"onWorkerStart\",\"onWorkerEnd\",\"before\",\"beforeSession\",\"beforeSuite\",\"beforeHook\",\"beforeTest\",\"afterTest\",\"afterHook\",\"afterSuite\",\"afterSession\",\"after\",\"onComplete\",\"beforeAssertion\",\"afterAssertion\",\"beforeFeature\",\"beforeScenario\",\"beforeStep\",\"afterStep\",\"afterScenario\",\"afterFeature\",\"_\",\"suite\",\"$0\",\"ignoredWorkerServices\",\"wdi5\"]"}]}
RESULT: {"script":"<script> [2342 bytes]","args":[{"protocol":"http","hostname":"0.0.0.0","path":"/","capabilities":{"browserName":"chrome","goog:chromeOptions":{"binary":"C:\\Program Files\\Google\\Chrome\\Application\\chrome.exe","args":["--start-maximized"]}},"logLevel":"warn","connectionRetryTimeout":120000,"connectionRetryCount":3,"logLevels":{},"enableDirectConnect":true,"strictSSL":true,"_":"65 more keys: [\"cacheDir\",\"port\",\"requestedCapabilities\",\"automationProtocol\",\"baseUrl\",\"waitforInterval\",\"waitforTimeout\",\"onReload\",\"beforeCommand\",\"afterCommand\",\"rootDir\",\"specs\",\"suites\",\"exclude\",\"groupLogsByTestSpec\",\"excludeDriverLogs\",\"bail\",\"framework\",\"reporters\",\"services\",\"maxInstances\",\"maxInstancesPerCapability\",\"injectGlobals\",\"filesToWatch\",\"execArgv\",\"runnerEnv\",\"runner\",\"shard\",\"specFileRetries\",\"specFileRetriesDelay\",\"specFileRetriesDeferred\",\"reporterSyncInterval\",\"reporterSyncTimeout\",\"cucumberFeaturesWithLineNumbers\",\"autoCompileOpts\",\"mochaOpts\",\"jasmineOpts\",\"cucumberOpts\",\"onPrepare\",\"onWorkerStart\",\"onWorkerEnd\",\"before\",\"beforeSession\",\"beforeSuite\",\"beforeHook\",\"beforeTest\",\"afterTest\",\"afterHook\",\"afterSuite\",\"afterSession\",\"after\",\"onComplete\",\"beforeAssertion\",\"afterAssertion\",\"beforeFeature\",\"beforeScenario\",\"beforeStep\",\"afterStep\",\"afterScenario\",\"afterFeature\",\"_\",\"suite\",\"$0\",\"ignoredWorkerServices\",\"wdi5\"]"}]}
COMMAND: POST /session/2c43d02fb6ccc6d518c848919d0720f8/execute/async - {"script":"<script> [21126 bytes]","args":[35000]}
RESULT: {"script":"<script> [21126 bytes]","args":[35000]}
COMMAND: POST /session/2c43d02fb6ccc6d518c848919d0720f8/execute/async - {"script":"<script> [1562 bytes]","args":[{"selector":{"controlType":"sap.m.GenericTile","properties":{"header":"Manage Partners"}},"wdio_ui5_key":"sapm.GenericTile{\"header\":\"Manage Partners\"}"}]}
RESULT: {"script":"<script> [1562 bytes]","args":[{"selector":{"controlType":"sap.m.GenericTile","properties":{"header":"Manage Partners"}},"wdio_ui5_key":"sapm.GenericTile{\"header\":\"Manage Partners\"}"}]}
RESULT: undefined
COMMAND: POST /session/2c43d02fb6ccc6d518c848919d0720f8/element - {"using":"xpath","value":"//*[@id=\"__tile38\"]"}
RESULT: {"using":"xpath","value":"//*[@id=\"__tile38\"]"}
COMMAND: POST /session/2c43d02fb6ccc6d518c848919d0720f8/element/f.291337A451B92CFAEC554A5CFCD049A1.d.446D4850464FA2D625E272D2A13F5605.e.12263/click - {}
RESULT: {}
COMMAND: GET /session/2c43d02fb6ccc6d518c848919d0720f8/screenshot - {}
RESULT: {}
COMMAND: POST /session/2c43d02fb6ccc6d518c848919d0720f8/elements - {"using":"xpath","value":"//span[text()='Error']"}
RESULT: {"using":"xpath","value":"//span[text()='Error']"}
COMMAND: POST /session/2c43d02fb6ccc6d518c848919d0720f8/execute/async - {"script":"<script> [1562 bytes]","args":[{"selector":{"controlType":"sap.ui.core.Icon","viewName":"etm.portal.ui.managepartners.view.Master","viewId":"application-managepartners-display-component---masterPtm","properties":{"src":{"regex":{"source":"add"}}}},"wdio_ui5_key":"etmportal.ui.managepartners.view.Mastersap.ui.core.Icon{\"src\":{\"regex\":{\"source\":\"add\"}}}"}]}
RESULT: {"script":"<script> [1562 bytes]","args":[{"selector":{"controlType":"sap.ui.core.Icon","viewName":"etm.portal.ui.managepartners.view.Master","viewId":"application-managepartners-display-component---masterPtm","properties":{"src":{"regex":{"source":"add"}}}},"wdio_ui5_key":"etmportal.ui.managepartners.view.Mastersap.ui.core.Icon{\"src\":{\"regex\":{\"source\":\"add\"}}}"}]}
RESULT: undefined
COMMAND: POST /session/2c43d02fb6ccc6d518c848919d0720f8/element - {"using":"xpath","value":"//*[@id=\"__button4-img\"]"}
RESULT: {"using":"xpath","value":"//*[@id=\"__button4-img\"]"}
COMMAND: POST /session/2c43d02fb6ccc6d518c848919d0720f8/element/f.291337A451B92CFAEC554A5CFCD049A1.d.446D4850464FA2D625E272D2A13F5605.e.12312/click - {}
RESULT: {}
COMMAND: GET /session/2c43d02fb6ccc6d518c848919d0720f8/screenshot - {}
RESULT: {}
COMMAND: POST /session/2c43d02fb6ccc6d518c848919d0720f8/execute/async - {"script":"<script> [1562 bytes]","args":[{"selector":{"id":"application-managepartners-display-component---NewPartner--partnerId","interaction":{"idSuffix":"inner"}},"wdio_ui5_key":"applicationmanagepartners-display-component---NewPartner--partnerId"}]}
RESULT: {"script":"<script> [1562 bytes]","args":[{"selector":{"id":"application-managepartners-display-component---NewPartner--partnerId","interaction":{"idSuffix":"inner"}},"wdio_ui5_key":"applicationmanagepartners-display-component---NewPartner--partnerId"}]}
RESULT: undefined
COMMAND: POST /session/2c43d02fb6ccc6d518c848919d0720f8/execute/async - {"script":"<script> [1562 bytes]","args":[{"selector":{"id":"application-managepartners-display-component---NewPartner--addressDetailDetailsName1","interaction":{"idSuffix":"inner"}},"wdio_ui5_key":"applicationmanagepartners-display-component---NewPartner--addressDetailDetailsName1"}]}
RESULT: {"script":"<script> [1562 bytes]","args":[{"selector":{"id":"application-managepartners-display-component---NewPartner--addressDetailDetailsName1","interaction":{"idSuffix":"inner"}},"wdio_ui5_key":"applicationmanagepartners-display-component---NewPartner--addressDetailDetailsName1"}]}
RESULT: undefined
COMMAND: POST /session/2c43d02fb6ccc6d518c848919d0720f8/execute/async - {"script":"<script> [776 bytes]","args":[{"enterText":"WebdriverPartner73lbx","selector":{"id":"application-managepartners-display-component---NewPartner--addressDetailDetailsName1","interaction":{"idSuffix":"inner"}},"clearTextFirst":true,"interactionType":"ENTER_TEXT"}]}
RESULT: {"script":"<script> [776 bytes]","args":[{"enterText":"WebdriverPartner73lbx","selector":{"id":"application-managepartners-display-component---NewPartner--addressDetailDetailsName1","interaction":{"idSuffix":"inner"}},"clearTextFirst":true,"interactionType":"ENTER_TEXT"}]}
COMMAND: POST /session/2c43d02fb6ccc6d518c848919d0720f8/execute/async - {"script":"<script> [1562 bytes]","args":[{"selector":{"id":"application-managepartners-display-component---NewPartner--addressDetailDetailsLanguage","interaction":{"idSuffix":"inner"}},"wdio_ui5_key":"applicationmanagepartners-display-component---NewPartner--addressDetailDetailsLanguage"}]}
RESULT: {"script":"<script> [1562 bytes]","args":[{"selector":{"id":"application-managepartners-display-component---NewPartner--addressDetailDetailsLanguage","interaction":{"idSuffix":"inner"}},"wdio_ui5_key":"applicationmanagepartners-display-component---NewPartner--addressDetailDetailsLanguage"}]}
RESULT: undefined
COMMAND: POST /session/2c43d02fb6ccc6d518c848919d0720f8/execute/async - {"script":"<script> [776 bytes]","args":[{"enterText":"Romanian","selector":{"id":"application-managepartners-display-component---NewPartner--addressDetailDetailsLanguage","interaction":{"idSuffix":"inner"}},"clearTextFirst":true,"interactionType":"ENTER_TEXT"}]}
RESULT: {"script":"<script> [776 bytes]","args":[{"enterText":"Romanian","selector":{"id":"application-managepartners-display-component---NewPartner--addressDetailDetailsLanguage","interaction":{"idSuffix":"inner"}},"clearTextFirst":true,"interactionType":"ENTER_TEXT"}]}
COMMAND: POST /session/2c43d02fb6ccc6d518c848919d0720f8/element - {"using":"xpath","value":"//input[contains(@id ,\"application-managepartners-display-component---NewPartner--addressDetailDetailsName1-inner\")]"}
RESULT: {"using":"xpath","value":"//input[contains(@id ,\"application-managepartners-display-component---NewPartner--addressDetailDetailsName1-inner\")]"}
COMMAND: GET /session/2c43d02fb6ccc6d518c848919d0720f8/element/f.291337A451B92CFAEC554A5CFCD049A1.d.446D4850464FA2D625E272D2A13F5605.e.12483/property/value - {}
RESULT: {}
COMMAND: POST /session/2c43d02fb6ccc6d518c848919d0720f8/execute/async - {"script":"<script> [1562 bytes]","args":[{"selector":{"id":"application-managepartners-display-component---NewPartner--addressDetailDetailsCity1","interaction":{"idSuffix":"inner"}},"wdio_ui5_key":"applicationmanagepartners-display-component---NewPartner--addressDetailDetailsCity1"}]}
COMMAND: GET /session/2c43d02fb6ccc6d518c848919d0720f8/screenshot - {}
RESULT: {"script":"<script> [1562 bytes]","args":[{"selector":{"id":"application-managepartners-display-component---NewPartner--addressDetailDetailsCity1","interaction":{"idSuffix":"inner"}},"wdio_ui5_key":"applicationmanagepartners-display-component---NewPartner--addressDetailDetailsCity1"}]}
RESULT: undefined
COMMAND: POST /session/2c43d02fb6ccc6d518c848919d0720f8/execute/async - {"script":"<script> [776 bytes]","args":[{"enterText":"Bucharest","selector":{"id":"application-managepartners-display-component---NewPartner--addressDetailDetailsCity1","interaction":{"idSuffix":"inner"}},"clearTextFirst":true,"interactionType":"ENTER_TEXT"}]}
RESULT: {}
RESULT: {"script":"<script> [776 bytes]","args":[{"enterText":"Bucharest","selector":{"id":"application-managepartners-display-component---NewPartner--addressDetailDetailsCity1","interaction":{"idSuffix":"inner"}},"clearTextFirst":true,"interactionType":"ENTER_TEXT"}]}
COMMAND: POST /session/2c43d02fb6ccc6d518c848919d0720f8/execute/async - {"script":"<script> [1562 bytes]","args":[{"selector":{"id":"application-managepartners-display-component---NewPartner--addressDetailDetailsCountry","interaction":{"idSuffix":"inner"}},"wdio_ui5_key":"applicationmanagepartners-display-component---NewPartner--addressDetailDetailsCountry"}]}
RESULT: {"script":"<script> [1562 bytes]","args":[{"selector":{"id":"application-managepartners-display-component---NewPartner--addressDetailDetailsCountry","interaction":{"idSuffix":"inner"}},"wdio_ui5_key":"applicationmanagepartners-display-component---NewPartner--addressDetailDetailsCountry"}]}
RESULT: undefined
COMMAND: POST /session/2c43d02fb6ccc6d518c848919d0720f8/execute/async - {"script":"<script> [6424 bytes]","args":[{"element-6066-11e4-a52e-4f735466cecf":"f.291337A451B92CFAEC554A5CFCD049A1.d.446D4850464FA2D625E272D2A13F5605.e.12490"},"setValue",["Romania"]]}
RESULT: {"script":"<script> [6424 bytes]","args":[{"element-6066-11e4-a52e-4f735466cecf":"f.291337A451B92CFAEC554A5CFCD049A1.d.446D4850464FA2D625E272D2A13F5605.e.12490"},"setValue",["Romania"]]}
COMMAND: POST /session/2c43d02fb6ccc6d518c848919d0720f8/execute/async - {"script":"<script> [1562 bytes]","args":[{"selector":{"id":"application-managepartners-display-component---NewPartner--partnerDetailInternal","interaction":{"idSuffix":"inner"}},"wdio_ui5_key":"applicationmanagepartners-display-component---NewPartner--partnerDetailInternal"}]}
RESULT: {"script":"<script> [1562 bytes]","args":[{"selector":{"id":"application-managepartners-display-component---NewPartner--partnerDetailInternal","interaction":{"idSuffix":"inner"}},"wdio_ui5_key":"applicationmanagepartners-display-component---NewPartner--partnerDetailInternal"}]}
RESULT: undefined
COMMAND: POST /session/2c43d02fb6ccc6d518c848919d0720f8/execute/async - {"script":"<script> [776 bytes]","args":[{"enterText":"External partner","selector":{"id":"application-managepartners-display-component---NewPartner--partnerDetailInternal","interaction":{"idSuffix":"inner"}},"clearTextFirst":true,"interactionType":"ENTER_TEXT"}]}
RESULT: {"script":"<script> [776 bytes]","args":[{"enterText":"External partner","selector":{"id":"application-managepartners-display-component---NewPartner--partnerDetailInternal","interaction":{"idSuffix":"inner"}},"clearTextFirst":true,"interactionType":"ENTER_TEXT"}]}
COMMAND: POST /session/2c43d02fb6ccc6d518c848919d0720f8/execute/async - {"script":"<script> [1562 bytes]","args":[{"selector":{"id":"application-managepartners-display-component---NewPartner--partnerDetailsCurrency","interaction":{"idSuffix":"inner"}},"wdio_ui5_key":"applicationmanagepartners-display-component---NewPartner--partnerDetailsCurrency"}]}
RESULT: {"script":"<script> [1562 bytes]","args":[{"selector":{"id":"application-managepartners-display-component---NewPartner--partnerDetailsCurrency","interaction":{"idSuffix":"inner"}},"wdio_ui5_key":"applicationmanagepartners-display-component---NewPartner--partnerDetailsCurrency"}]}
RESULT: undefined
COMMAND: POST /session/2c43d02fb6ccc6d518c848919d0720f8/execute/async - {"script":"<script> [776 bytes]","args":[{"enterText":"Euro","selector":{"id":"application-managepartners-display-component---NewPartner--partnerDetailsCurrency","interaction":{"idSuffix":"inner"}},"clearTextFirst":true,"interactionType":"ENTER_TEXT"}]}
RESULT: {"script":"<script> [776 bytes]","args":[{"enterText":"Euro","selector":{"id":"application-managepartners-display-component---NewPartner--partnerDetailsCurrency","interaction":{"idSuffix":"inner"}},"clearTextFirst":true,"interactionType":"ENTER_TEXT"}]}
COMMAND: POST /session/2c43d02fb6ccc6d518c848919d0720f8/execute/async - {"script":"<script> [1562 bytes]","args":[{"selector":{"controlType":"sap.m.Button","viewName":"etm.portal.ui.managepartners.view.NewPartner","viewId":"application-managepartners-display-component---NewPartner","properties":{"text":"Commercial"},"interaction":{"idSuffix":"BDI-content"}},"wdio_ui5_key":"etmportal.ui.managepartners.view.NewPartnersap.m.Button{\"text\":\"Commercial\"}"}]}
RESULT: {"script":"<script> [1562 bytes]","args":[{"selector":{"controlType":"sap.m.Button","viewName":"etm.portal.ui.managepartners.view.NewPartner","viewId":"application-managepartners-display-component---NewPartner","properties":{"text":"Commercial"},"interaction":{"idSuffix":"BDI-content"}},"wdio_ui5_key":"etmportal.ui.managepartners.view.NewPartnersap.m.Button{\"text\":\"Commercial\"}"}]}
RESULT: undefined
COMMAND: POST /session/2c43d02fb6ccc6d518c848919d0720f8/element - {"using":"xpath","value":"//*[@id=\"application-managepartners-display-component---NewPartner--ObjectPageLayout-anchBar-__section5-anchor\"]"}
RESULT: {"using":"xpath","value":"//*[@id=\"application-managepartners-display-component---NewPartner--ObjectPageLayout-anchBar-__section5-anchor\"]"}
COMMAND: POST /session/2c43d02fb6ccc6d518c848919d0720f8/element/f.291337A451B92CFAEC554A5CFCD049A1.d.446D4850464FA2D625E272D2A13F5605.e.12741/click - {}
RESULT: {}
COMMAND: GET /session/2c43d02fb6ccc6d518c848919d0720f8/screenshot - {}
RESULT: {}
COMMAND: POST /session/2c43d02fb6ccc6d518c848919d0720f8/execute/async - {"script":"<script> [1562 bytes]","args":[{"selector":{"id":"application-managepartners-display-component---NewPartner--btnAddTableRow-img"},"wdio_ui5_key":"applicationmanagepartners-display-component---NewPartner--btnAddTableRow-img"}]}
RESULT: {"script":"<script> [1562 bytes]","args":[{"selector":{"id":"application-managepartners-display-component---NewPartner--btnAddTableRow-img"},"wdio_ui5_key":"applicationmanagepartners-display-component---NewPartner--btnAddTableRow-img"}]}
RESULT: undefined
COMMAND: POST /session/2c43d02fb6ccc6d518c848919d0720f8/element - {"using":"xpath","value":"//*[@id=\"application-managepartners-display-component---NewPartner--btnAddTableRow-img\"]"}
RESULT: {"using":"xpath","value":"//*[@id=\"application-managepartners-display-component---NewPartner--btnAddTableRow-img\"]"}
COMMAND: POST /session/2c43d02fb6ccc6d518c848919d0720f8/element/f.291337A451B92CFAEC554A5CFCD049A1.d.446D4850464FA2D625E272D2A13F5605.e.12747/click - {}
RESULT: {}
COMMAND: POST /session/2c43d02fb6ccc6d518c848919d0720f8/element - {"using":"xpath","value":"//input[contains(@id ,\"application-managepartners-display-component---NewPartner--assignmentYard-application-managepartners-display-component---NewPartner\")]"}
COMMAND: GET /session/2c43d02fb6ccc6d518c848919d0720f8/screenshot - {}
RESULT: {"using":"xpath","value":"//input[contains(@id ,\"application-managepartners-display-component---NewPartner--assignmentYard-application-managepartners-display-component---NewPartner\")]"}
COMMAND: POST /session/2c43d02fb6ccc6d518c848919d0720f8/element/f.291337A451B92CFAEC554A5CFCD049A1.d.446D4850464FA2D625E272D2A13F5605.e.12750/clear - {}
RESULT: {}
RESULT: {}
COMMAND: POST /session/2c43d02fb6ccc6d518c848919d0720f8/element/f.291337A451B92CFAEC554A5CFCD049A1.d.446D4850464FA2D625E272D2A13F5605.e.12750/value - {"text":"WebdriverYardfmxy6"}
COMMAND: GET /session/2c43d02fb6ccc6d518c848919d0720f8/screenshot - {}
RESULT: {"text":"WebdriverYardfmxy6"}
COMMAND: GET /session/2c43d02fb6ccc6d518c848919d0720f8/screenshot - {}
RESULT: {}
RESULT: {}
COMMAND: POST /session/2c43d02fb6ccc6d518c848919d0720f8/execute/async - {"script":"<script> [1562 bytes]","args":[{"selector":{"controlType":"sap.m.Button","viewName":"etm.portal.ui.managepartners.view.NewPartner","viewId":"application-managepartners-display-component---NewPartner","i18NText":{"propertyName":"text","key":"save"},"interaction":{"idSuffix":"BDI-content"}},"wdio_ui5_key":"etmportal.ui.managepartners.view.NewPartnersap.m.Button{\"propertyName\":\"text\",\"key\":\"save\"}"}]}
RESULT: {"script":"<script> [1562 bytes]","args":[{"selector":{"controlType":"sap.m.Button","viewName":"etm.portal.ui.managepartners.view.NewPartner","viewId":"application-managepartners-display-component---NewPartner","i18NText":{"propertyName":"text","key":"save"},"interaction":{"idSuffix":"BDI-content"}},"wdio_ui5_key":"etmportal.ui.managepartners.view.NewPartnersap.m.Button{\"propertyName\":\"text\",\"key\":\"save\"}"}]}
RESULT: undefined
COMMAND: POST /session/2c43d02fb6ccc6d518c848919d0720f8/element - {"using":"xpath","value":"//*[@id=\"__button12\"]"}
RESULT: {"using":"xpath","value":"//*[@id=\"__button12\"]"}
COMMAND: POST /session/2c43d02fb6ccc6d518c848919d0720f8/element/f.291337A451B92CFAEC554A5CFCD049A1.d.446D4850464FA2D625E272D2A13F5605.e.12681/click - {}
RESULT: {}
COMMAND: GET /session/2c43d02fb6ccc6d518c848919d0720f8/screenshot - {}
RESULT: {}
COMMAND: POST /session/2c43d02fb6ccc6d518c848919d0720f8/element - {"using":"xpath","value":"//header/div/div[2]/div[2]/span"}
RESULT: {"using":"xpath","value":"//header/div/div[2]/div[2]/span"}
COMMAND: GET /session/2c43d02fb6ccc6d518c848919d0720f8/element/f.291337A451B92CFAEC554A5CFCD049A1.d.446D4850464FA2D625E272D2A13F5605.e.12923/text - {}
RESULT: {}
COMMAND: POST /session/2c43d02fb6ccc6d518c848919d0720f8/element - {"using":"xpath","value":"//header/div/div/div/div/div/div[2]/div/span"}
RESULT: {"using":"xpath","value":"//header/div/div/div/div/div/div[2]/div/span"}
COMMAND: GET /session/2c43d02fb6ccc6d518c848919d0720f8/element/f.291337A451B92CFAEC554A5CFCD049A1.d.446D4850464FA2D625E272D2A13F5605.e.12924/text - {}
RESULT: {}
COMMAND: POST /session/2c43d02fb6ccc6d518c848919d0720f8/execute/async - {"script":"<script> [1562 bytes]","args":[{"selector":{"id":"application-managepartners-display-component---detailPtm--partnerType"},"wdio_ui5_key":"applicationmanagepartners-display-component---detailPtm--partnerType"}]}
RESULT: {"script":"<script> [1562 bytes]","args":[{"selector":{"id":"application-managepartners-display-component---detailPtm--partnerType"},"wdio_ui5_key":"applicationmanagepartners-display-component---detailPtm--partnerType"}]}
RESULT: undefined
COMMAND: POST /session/2c43d02fb6ccc6d518c848919d0720f8/execute/async - {"script":"<script> [6424 bytes]","args":[{"element-6066-11e4-a52e-4f735466cecf":"f.291337A451B92CFAEC554A5CFCD049A1.d.446D4850464FA2D625E272D2A13F5605.e.12925"},"getText",[]]}
RESULT: {"script":"<script> [6424 bytes]","args":[{"element-6066-11e4-a52e-4f735466cecf":"f.291337A451B92CFAEC554A5CFCD049A1.d.446D4850464FA2D625E272D2A13F5605.e.12925"},"getText",[]]}
COMMAND: POST /session/2c43d02fb6ccc6d518c848919d0720f8/element - {"using":"css selector","value":"#shell-header-logo"}
RESULT: {"using":"css selector","value":"#shell-header-logo"}
COMMAND: POST /session/2c43d02fb6ccc6d518c848919d0720f8/element/f.291337A451B92CFAEC554A5CFCD049A1.d.446D4850464FA2D625E272D2A13F5605.e.12264/click - {}
RESULT: {}
COMMAND: GET /session/2c43d02fb6ccc6d518c848919d0720f8/screenshot - {}
RESULT: {}
COMMAND: POST /session/2c43d02fb6ccc6d518c848919d0720f8/execute/async - {"script":"<script> [1562 bytes]","args":[{"selector":{"controlType":"sap.m.GenericTile","properties":{"header":"Manage Sites"}},"wdio_ui5_key":"sapm.GenericTile{\"header\":\"Manage Sites\"}"}]}
RESULT: {"script":"<script> [1562 bytes]","args":[{"selector":{"controlType":"sap.m.GenericTile","properties":{"header":"Manage Sites"}},"wdio_ui5_key":"sapm.GenericTile{\"header\":\"Manage Sites\"}"}]}
RESULT: undefined
COMMAND: POST /session/2c43d02fb6ccc6d518c848919d0720f8/element - {"using":"xpath","value":"//*[@id=\"__tile40\"]"}
RESULT: {"using":"xpath","value":"//*[@id=\"__tile40\"]"}
COMMAND: POST /session/2c43d02fb6ccc6d518c848919d0720f8/element/f.291337A451B92CFAEC554A5CFCD049A1.d.446D4850464FA2D625E272D2A13F5605.e.12927/click - {}
RESULT: {}
COMMAND: GET /session/2c43d02fb6ccc6d518c848919d0720f8/screenshot - {}
RESULT: {}
COMMAND: POST /session/2c43d02fb6ccc6d518c848919d0720f8/elements - {"using":"xpath","value":"//span[text()='Error']"}
RESULT: {"using":"xpath","value":"//span[text()='Error']"}
COMMAND: POST /session/2c43d02fb6ccc6d518c848919d0720f8/execute/async - {"script":"<script> [1562 bytes]","args":[{"selector":{"controlType":"sap.ui.core.Icon","viewName":"etm.portal.ui.managesites.view.Master","viewId":"application-managesites-display-component---masterSite","properties":{"src":{"regex":{"source":"add"}}}},"wdio_ui5_key":"etmportal.ui.managesites.view.Mastersap.ui.core.Icon{\"src\":{\"regex\":{\"source\":\"add\"}}}"}]}
RESULT: {"script":"<script> [1562 bytes]","args":[{"selector":{"controlType":"sap.ui.core.Icon","viewName":"etm.portal.ui.managesites.view.Master","viewId":"application-managesites-display-component---masterSite","properties":{"src":{"regex":{"source":"add"}}}},"wdio_ui5_key":"etmportal.ui.managesites.view.Mastersap.ui.core.Icon{\"src\":{\"regex\":{\"source\":\"add\"}}}"}]}
RESULT: undefined
COMMAND: POST /session/2c43d02fb6ccc6d518c848919d0720f8/element - {"using":"xpath","value":"//*[@id=\"__button52-img\"]"}
RESULT: {"using":"xpath","value":"//*[@id=\"__button52-img\"]"}
COMMAND: POST /session/2c43d02fb6ccc6d518c848919d0720f8/element/f.291337A451B92CFAEC554A5CFCD049A1.d.446D4850464FA2D625E272D2A13F5605.e.12977/click - {}
RESULT: {}
COMMAND: POST /session/2c43d02fb6ccc6d518c848919d0720f8/execute/async - {"script":"<script> [1562 bytes]","args":[{"selector":{"id":"application-managesites-display-component---NewSite--siteId","interaction":{"idSuffix":"inner"}},"wdio_ui5_key":"applicationmanagesites-display-component---NewSite--siteId"}]}
COMMAND: GET /session/2c43d02fb6ccc6d518c848919d0720f8/screenshot - {}
RESULT: {"script":"<script> [1562 bytes]","args":[{"selector":{"id":"application-managesites-display-component---NewSite--siteId","interaction":{"idSuffix":"inner"}},"wdio_ui5_key":"applicationmanagesites-display-component---NewSite--siteId"}]}
RESULT: undefined
COMMAND: POST /session/2c43d02fb6ccc6d518c848919d0720f8/execute/async - {"script":"<script> [1562 bytes]","args":[{"selector":{"id":"application-managesites-display-component---NewSite--addressDetailDetailsName1","interaction":{"idSuffix":"inner"}},"wdio_ui5_key":"applicationmanagesites-display-component---NewSite--addressDetailDetailsName1"}]}
RESULT: {}
RESULT: {"script":"<script> [1562 bytes]","args":[{"selector":{"id":"application-managesites-display-component---NewSite--addressDetailDetailsName1","interaction":{"idSuffix":"inner"}},"wdio_ui5_key":"applicationmanagesites-display-component---NewSite--addressDetailDetailsName1"}]}
RESULT: undefined
COMMAND: POST /session/2c43d02fb6ccc6d518c848919d0720f8/execute/async - {"script":"<script> [776 bytes]","args":[{"enterText":"WebdriverSitexwofu","selector":{"id":"application-managesites-display-component---NewSite--addressDetailDetailsName1","interaction":{"idSuffix":"inner"}},"clearTextFirst":true,"interactionType":"ENTER_TEXT"}]}
RESULT: {"script":"<script> [776 bytes]","args":[{"enterText":"WebdriverSitexwofu","selector":{"id":"application-managesites-display-component---NewSite--addressDetailDetailsName1","interaction":{"idSuffix":"inner"}},"clearTextFirst":true,"interactionType":"ENTER_TEXT"}]}
COMMAND: POST /session/2c43d02fb6ccc6d518c848919d0720f8/execute/async - {"script":"<script> [1562 bytes]","args":[{"selector":{"id":"application-managesites-display-component---NewSite--addressDetailDetailsLanguage","interaction":{"idSuffix":"inner"}},"wdio_ui5_key":"applicationmanagesites-display-component---NewSite--addressDetailDetailsLanguage"}]}
RESULT: {"script":"<script> [1562 bytes]","args":[{"selector":{"id":"application-managesites-display-component---NewSite--addressDetailDetailsLanguage","interaction":{"idSuffix":"inner"}},"wdio_ui5_key":"applicationmanagesites-display-component---NewSite--addressDetailDetailsLanguage"}]}
RESULT: undefined
COMMAND: POST /session/2c43d02fb6ccc6d518c848919d0720f8/execute/async - {"script":"<script> [776 bytes]","args":[{"enterText":"Romanian","selector":{"id":"application-managesites-display-component---NewSite--addressDetailDetailsLanguage","interaction":{"idSuffix":"inner"}},"clearTextFirst":true,"interactionType":"ENTER_TEXT"}]}
RESULT: {"script":"<script> [776 bytes]","args":[{"enterText":"Romanian","selector":{"id":"application-managesites-display-component---NewSite--addressDetailDetailsLanguage","interaction":{"idSuffix":"inner"}},"clearTextFirst":true,"interactionType":"ENTER_TEXT"}]}
COMMAND: POST /session/2c43d02fb6ccc6d518c848919d0720f8/execute/async - {"script":"<script> [1562 bytes]","args":[{"selector":{"id":"application-managesites-display-component---NewSite--addressDetailDetailsCity1","interaction":{"idSuffix":"inner"}},"wdio_ui5_key":"applicationmanagesites-display-component---NewSite--addressDetailDetailsCity1"}]}
RESULT: {"script":"<script> [1562 bytes]","args":[{"selector":{"id":"application-managesites-display-component---NewSite--addressDetailDetailsCity1","interaction":{"idSuffix":"inner"}},"wdio_ui5_key":"applicationmanagesites-display-component---NewSite--addressDetailDetailsCity1"}]}
RESULT: undefined
COMMAND: POST /session/2c43d02fb6ccc6d518c848919d0720f8/execute/async - {"script":"<script> [776 bytes]","args":[{"enterText":"Bucharest","selector":{"id":"application-managesites-display-component---NewSite--addressDetailDetailsCity1","interaction":{"idSuffix":"inner"}},"clearTextFirst":true,"interactionType":"ENTER_TEXT"}]}
RESULT: {"script":"<script> [776 bytes]","args":[{"enterText":"Bucharest","selector":{"id":"application-managesites-display-component---NewSite--addressDetailDetailsCity1","interaction":{"idSuffix":"inner"}},"clearTextFirst":true,"interactionType":"ENTER_TEXT"}]}
COMMAND: POST /session/2c43d02fb6ccc6d518c848919d0720f8/execute/async - {"script":"<script> [1562 bytes]","args":[{"selector":{"id":"application-managesites-display-component---NewSite--addressDetailDetailsCountry","interaction":{"idSuffix":"inner"}},"wdio_ui5_key":"applicationmanagesites-display-component---NewSite--addressDetailDetailsCountry"}]}
RESULT: {"script":"<script> [1562 bytes]","args":[{"selector":{"id":"application-managesites-display-component---NewSite--addressDetailDetailsCountry","interaction":{"idSuffix":"inner"}},"wdio_ui5_key":"applicationmanagesites-display-component---NewSite--addressDetailDetailsCountry"}]}
RESULT: undefined
COMMAND: POST /session/2c43d02fb6ccc6d518c848919d0720f8/execute/async - {"script":"<script> [776 bytes]","args":[{"enterText":"Romania","selector":{"id":"application-managesites-display-component---NewSite--addressDetailDetailsCountry","interaction":{"idSuffix":"inner"}},"clearTextFirst":true,"interactionType":"ENTER_TEXT"}]}
RESULT: {"script":"<script> [776 bytes]","args":[{"enterText":"Romania","selector":{"id":"application-managesites-display-component---NewSite--addressDetailDetailsCountry","interaction":{"idSuffix":"inner"}},"clearTextFirst":true,"interactionType":"ENTER_TEXT"}]}
COMMAND: POST /session/2c43d02fb6ccc6d518c848919d0720f8/element - {"using":"css selector","value":"#application-managesites-display-component---NewSite--addressDetailDetailsCalendar-inner"}
RESULT: {"using":"css selector","value":"#application-managesites-display-component---NewSite--addressDetailDetailsCalendar-inner"}
COMMAND: POST /session/2c43d02fb6ccc6d518c848919d0720f8/element/f.291337A451B92CFAEC554A5CFCD049A1.d.446D4850464FA2D625E272D2A13F5605.e.13169/clear - {}
RESULT: {}
COMMAND: POST /session/2c43d02fb6ccc6d518c848919d0720f8/element/f.291337A451B92CFAEC554A5CFCD049A1.d.446D4850464FA2D625E272D2A13F5605.e.13169/value - {"text":"Germany"}
COMMAND: GET /session/2c43d02fb6ccc6d518c848919d0720f8/screenshot - {}
RESULT: {}
RESULT: {"text":"Germany"}
COMMAND: POST /session/2c43d02fb6ccc6d518c848919d0720f8/execute/async - {"script":"<script> [1562 bytes]","args":[{"selector":{"id":"application-managesites-display-component---NewSite--addressEditDetailsCostObjectCstType-arrow"},"wdio_ui5_key":"applicationmanagesites-display-component---NewSite--addressEditDetailsCostObjectCstType-arrow"}]}
COMMAND: GET /session/2c43d02fb6ccc6d518c848919d0720f8/screenshot - {}
RESULT: {"script":"<script> [1562 bytes]","args":[{"selector":{"id":"application-managesites-display-component---NewSite--addressEditDetailsCostObjectCstType-arrow"},"wdio_ui5_key":"applicationmanagesites-display-component---NewSite--addressEditDetailsCostObjectCstType-arrow"}]}
RESULT: undefined
COMMAND: POST /session/2c43d02fb6ccc6d518c848919d0720f8/element - {"using":"xpath","value":"//*[@id=\"application-managesites-display-component---NewSite--addressEditDetailsCostObjectCstType-arrow\"]"}
RESULT: {}
RESULT: {"using":"xpath","value":"//*[@id=\"application-managesites-display-component---NewSite--addressEditDetailsCostObjectCstType-arrow\"]"}
COMMAND: POST /session/2c43d02fb6ccc6d518c848919d0720f8/element/f.291337A451B92CFAEC554A5CFCD049A1.d.446D4850464FA2D625E272D2A13F5605.e.13375/click - {}
RESULT: {}
COMMAND: POST /session/2c43d02fb6ccc6d518c848919d0720f8/element - {"using":"xpath","value":"//span[contains(text(), \"Work Breakdown Structure\")]"}
COMMAND: GET /session/2c43d02fb6ccc6d518c848919d0720f8/screenshot - {}
RESULT: {"using":"xpath","value":"//span[contains(text(), \"Work Breakdown Structure\")]"}
COMMAND: POST /session/2c43d02fb6ccc6d518c848919d0720f8/element/f.291337A451B92CFAEC554A5CFCD049A1.d.446D4850464FA2D625E272D2A13F5605.e.13376/click - {}
RESULT: {}
RESULT: {}
COMMAND: GET /session/2c43d02fb6ccc6d518c848919d0720f8/screenshot - {}
RESULT: {}
COMMAND: POST /session/2c43d02fb6ccc6d518c848919d0720f8/execute/async - {"script":"<script> [1562 bytes]","args":[{"selector":{"id":"application-managesites-display-component---NewSite--addressNewCostObjectCstID-vhi"},"wdio_ui5_key":"applicationmanagesites-display-component---NewSite--addressNewCostObjectCstID-vhi"}]}
RESULT: {"script":"<script> [1562 bytes]","args":[{"selector":{"id":"application-managesites-display-component---NewSite--addressNewCostObjectCstID-vhi"},"wdio_ui5_key":"applicationmanagesites-display-component---NewSite--addressNewCostObjectCstID-vhi"}]}
RESULT: undefined
COMMAND: POST /session/2c43d02fb6ccc6d518c848919d0720f8/element - {"using":"xpath","value":"//*[@id=\"application-managesites-display-component---NewSite--addressNewCostObjectCstID-vhi\"]"}
RESULT: {"using":"xpath","value":"//*[@id=\"application-managesites-display-component---NewSite--addressNewCostObjectCstID-vhi\"]"}
COMMAND: POST /session/2c43d02fb6ccc6d518c848919d0720f8/element/f.291337A451B92CFAEC554A5CFCD049A1.d.446D4850464FA2D625E272D2A13F5605.e.13380/click - {}
RESULT: {}
COMMAND: GET /session/2c43d02fb6ccc6d518c848919d0720f8/screenshot - {}
RESULT: {}
COMMAND: POST /session/2c43d02fb6ccc6d518c848919d0720f8/execute/async - {"script":"<script> [1562 bytes]","args":[{"selector":{"controlType":"sap.m.SearchField","properties":{"placeholder":"Search"},"searchOpenDialogs":true,"interaction":{"idSuffix":"I"}},"wdio_ui5_key":"sapm.SearchField{\"placeholder\":\"Search\"}"}]}
RESULT: {"script":"<script> [1562 bytes]","args":[{"selector":{"controlType":"sap.m.SearchField","properties":{"placeholder":"Search"},"searchOpenDialogs":true,"interaction":{"idSuffix":"I"}},"wdio_ui5_key":"sapm.SearchField{\"placeholder\":\"Search\"}"}]}
RESULT: undefined
COMMAND: POST /session/2c43d02fb6ccc6d518c848919d0720f8/execute/async - {"script":"<script> [776 bytes]","args":[{"enterText":"A1-000100-01","selector":{"controlType":"sap.m.SearchField","properties":{"placeholder":"Search"},"searchOpenDialogs":true,"interaction":{"idSuffix":"I"}},"clearTextFirst":true,"interactionType":"ENTER_TEXT"}]}
RESULT: {"script":"<script> [776 bytes]","args":[{"enterText":"A1-000100-01","selector":{"controlType":"sap.m.SearchField","properties":{"placeholder":"Search"},"searchOpenDialogs":true,"interaction":{"idSuffix":"I"}},"clearTextFirst":true,"interactionType":"ENTER_TEXT"}]}
COMMAND: POST /session/2c43d02fb6ccc6d518c848919d0720f8/actions - {"actions":[{"id":"action67","type":"key","parameters":{},"actions":[{"type":"keyDown","value":""},{"type":"pause","duration":10},{"type":"keyUp","value":""}]}]}
RESULT: {"actions":[{"id":"action67","type":"key","parameters":{},"actions":[{"type":"keyDown","value":""},{"type":"pause","duration":10},{"type":"keyUp","value":""}]}]}
COMMAND: GET /session/2c43d02fb6ccc6d518c848919d0720f8/screenshot - {}
RESULT: {}
COMMAND: POST /session/2c43d02fb6ccc6d518c848919d0720f8/element - {"using":"xpath","value":"//span[contains(text(), \"Template for ETO-Process\")]"}
RESULT: {"using":"xpath","value":"//span[contains(text(), \"Template for ETO-Process\")]"}
COMMAND: POST /session/2c43d02fb6ccc6d518c848919d0720f8/element/f.291337A451B92CFAEC554A5CFCD049A1.d.446D4850464FA2D625E272D2A13F5605.e.13400/click - {}
RESULT: {}
COMMAND: GET /session/2c43d02fb6ccc6d518c848919d0720f8/screenshot - {}
RESULT: {}
COMMAND: POST /session/2c43d02fb6ccc6d518c848919d0720f8/element - {"using":"xpath","value":"//bdi[contains(text(), \"OK\")]"}
RESULT: {"using":"xpath","value":"//bdi[contains(text(), \"OK\")]"}
COMMAND: POST /session/2c43d02fb6ccc6d518c848919d0720f8/element/f.291337A451B92CFAEC554A5CFCD049A1.d.446D4850464FA2D625E272D2A13F5605.e.13401/click - {}
RESULT: {}
COMMAND: GET /session/2c43d02fb6ccc6d518c848919d0720f8/screenshot - {}
RESULT: {}
COMMAND: POST /session/2c43d02fb6ccc6d518c848919d0720f8/element - {"using":"xpath","value":"//input[@id=\"application-managesites-display-component---NewSite--addressDetailDetailsYard-inner\"]"}
RESULT: {"using":"xpath","value":"//input[@id=\"application-managesites-display-component---NewSite--addressDetailDetailsYard-inner\"]"}
COMMAND: POST /session/2c43d02fb6ccc6d518c848919d0720f8/element/f.291337A451B92CFAEC554A5CFCD049A1.d.446D4850464FA2D625E272D2A13F5605.e.13170/value - {"text":"WebdriverYardfmxy6"}
RESULT: {"text":"WebdriverYardfmxy6"}
COMMAND: GET /session/2c43d02fb6ccc6d518c848919d0720f8/screenshot - {}
RESULT: {}
COMMAND: POST /session/2c43d02fb6ccc6d518c848919d0720f8/actions - {"actions":[{"id":"action68","type":"key","parameters":{},"actions":[{"type":"keyDown","value":""},{"type":"pause","duration":10},{"type":"keyUp","value":""}]}]}
RESULT: {"actions":[{"id":"action68","type":"key","parameters":{},"actions":[{"type":"keyDown","value":""},{"type":"pause","duration":10},{"type":"keyUp","value":""}]}]}
COMMAND: GET /session/2c43d02fb6ccc6d518c848919d0720f8/screenshot - {}
RESULT: {}
COMMAND: POST /session/2c43d02fb6ccc6d518c848919d0720f8/element - {"using":"xpath","value":"//input[@id=\"application-managesites-display-component---NewSite--addressDetailDetailsPartner-inner\"]"}
RESULT: {"using":"xpath","value":"//input[@id=\"application-managesites-display-component---NewSite--addressDetailDetailsPartner-inner\"]"}
COMMAND: POST /session/2c43d02fb6ccc6d518c848919d0720f8/elements - {"using":"xpath","value":"//input[@id=\"application-managesites-display-component---NewSite--addressDetailDetailsPartner-inner\"]"}
RESULT: {"using":"xpath","value":"//input[@id=\"application-managesites-display-component---NewSite--addressDetailDetailsPartner-inner\"]"}
COMMAND: POST /session/2c43d02fb6ccc6d518c848919d0720f8/execute/async - {"script":"<script> [1562 bytes]","args":[{"selector":{"controlType":"sap.m.Button","viewName":"etm.portal.ui.managesites.view.NewSmartSite","viewId":"application-managesites-display-component---NewSite","properties":{"text":"Commercial"},"interaction":{"idSuffix":"BDI-content"}},"wdio_ui5_key":"etmportal.ui.managesites.view.NewSmartSitesap.m.Button{\"text\":\"Commercial\"}"}]}
RESULT: {"script":"<script> [1562 bytes]","args":[{"selector":{"controlType":"sap.m.Button","viewName":"etm.portal.ui.managesites.view.NewSmartSite","viewId":"application-managesites-display-component---NewSite","properties":{"text":"Commercial"},"interaction":{"idSuffix":"BDI-content"}},"wdio_ui5_key":"etmportal.ui.managesites.view.NewSmartSitesap.m.Button{\"text\":\"Commercial\"}"}]}
RESULT: undefined
COMMAND: POST /session/2c43d02fb6ccc6d518c848919d0720f8/element - {"using":"xpath","value":"//*[@id=\"application-managesites-display-component---NewSite--ObjectPageLayout-anchBar-__section31-anchor\"]"}
RESULT: {"using":"xpath","value":"//*[@id=\"application-managesites-display-component---NewSite--ObjectPageLayout-anchBar-__section31-anchor\"]"}
COMMAND: POST /session/2c43d02fb6ccc6d518c848919d0720f8/element/f.291337A451B92CFAEC554A5CFCD049A1.d.446D4850464FA2D625E272D2A13F5605.e.13408/click - {}
RESULT: {}
COMMAND: POST /session/2c43d02fb6ccc6d518c848919d0720f8/execute/async - {"script":"<script> [1562 bytes]","args":[{"selector":{"controlType":"sap.m.Button","viewName":"etm.portal.ui.managesites.view.NewSmartSite","viewId":"application-managesites-display-component---NewSite","i18NText":{"propertyName":"text","key":"save"},"interaction":{"idSuffix":"BDI-content"}},"wdio_ui5_key":"etmportal.ui.managesites.view.NewSmartSitesap.m.Button{\"propertyName\":\"text\",\"key\":\"save\"}"}]}
COMMAND: GET /session/2c43d02fb6ccc6d518c848919d0720f8/screenshot - {}
RESULT: {"script":"<script> [1562 bytes]","args":[{"selector":{"controlType":"sap.m.Button","viewName":"etm.portal.ui.managesites.view.NewSmartSite","viewId":"application-managesites-display-component---NewSite","i18NText":{"propertyName":"text","key":"save"},"interaction":{"idSuffix":"BDI-content"}},"wdio_ui5_key":"etmportal.ui.managesites.view.NewSmartSitesap.m.Button{\"propertyName\":\"text\",\"key\":\"save\"}"}]}
RESULT: undefined
COMMAND: POST /session/2c43d02fb6ccc6d518c848919d0720f8/element - {"using":"xpath","value":"//*[@id=\"__button64\"]"}
RESULT: {}
RESULT: {"using":"xpath","value":"//*[@id=\"__button64\"]"}
COMMAND: POST /session/2c43d02fb6ccc6d518c848919d0720f8/element/f.291337A451B92CFAEC554A5CFCD049A1.d.446D4850464FA2D625E272D2A13F5605.e.13354/click - {}
RESULT: {}
COMMAND: GET /session/2c43d02fb6ccc6d518c848919d0720f8/screenshot - {}
RESULT: {}
COMMAND: POST /session/2c43d02fb6ccc6d518c848919d0720f8/execute/async - {"script":"<script> [1562 bytes]","args":[{"selector":{"id":"application-managesites-display-component---detailSite--addressDetailDetailsYardText"},"wdio_ui5_key":"applicationmanagesites-display-component---detailSite--addressDetailDetailsYardText"}]}
RESULT: {"script":"<script> [1562 bytes]","args":[{"selector":{"id":"application-managesites-display-component---detailSite--addressDetailDetailsYardText"},"wdio_ui5_key":"applicationmanagesites-display-component---detailSite--addressDetailDetailsYardText"}]}
RESULT: undefined
COMMAND: POST /session/2c43d02fb6ccc6d518c848919d0720f8/element - {"using":"xpath","value":"//header/div/div[2]/div[2]/span"}
RESULT: {"using":"xpath","value":"//header/div/div[2]/div[2]/span"}
COMMAND: GET /session/2c43d02fb6ccc6d518c848919d0720f8/element/f.291337A451B92CFAEC554A5CFCD049A1.d.446D4850464FA2D625E272D2A13F5605.e.13614/text - {}
RESULT: {}
COMMAND: POST /session/2c43d02fb6ccc6d518c848919d0720f8/element - {"using":"xpath","value":"//header/div/div/div/div/div/div[2]/div/span"}
RESULT: {"using":"xpath","value":"//header/div/div/div/div/div/div[2]/div/span"}
COMMAND: GET /session/2c43d02fb6ccc6d518c848919d0720f8/element/f.291337A451B92CFAEC554A5CFCD049A1.d.446D4850464FA2D625E272D2A13F5605.e.13615/text - {}
RESULT: {}
COMMAND: POST /session/2c43d02fb6ccc6d518c848919d0720f8/element - {"using":"css selector","value":"#shell-header-logo"}
RESULT: {"using":"css selector","value":"#shell-header-logo"}
COMMAND: POST /session/2c43d02fb6ccc6d518c848919d0720f8/element/f.291337A451B92CFAEC554A5CFCD049A1.d.446D4850464FA2D625E272D2A13F5605.e.12932/click - {}
RESULT: {}
COMMAND: GET /session/2c43d02fb6ccc6d518c848919d0720f8/screenshot - {}
RESULT: {}
]]></system-out>
    </testcase>
    <testcase classname="chrome.136_0_7103_93.windows.E2E_-_Logistical_and_commercial_statuses" name="It should stock increase the resource" time="216.122">
      <system-out><![CDATA[
COMMAND: POST /session/2c43d02fb6ccc6d518c848919d0720f8/execute/async - {"script":"<script> [1562 bytes]","args":[{"selector":{"controlType":"sap.m.GenericTile","properties":{"header":"Manage Resources"}},"wdio_ui5_key":"sapm.GenericTile{\"header\":\"Manage Resources\"}"}]}
RESULT: {"script":"<script> [1562 bytes]","args":[{"selector":{"controlType":"sap.m.GenericTile","properties":{"header":"Manage Resources"}},"wdio_ui5_key":"sapm.GenericTile{\"header\":\"Manage Resources\"}"}]}
RESULT: undefined
COMMAND: POST /session/2c43d02fb6ccc6d518c848919d0720f8/element - {"using":"xpath","value":"//*[@id=\"__tile39\"]"}
RESULT: {"using":"xpath","value":"//*[@id=\"__tile39\"]"}
COMMAND: POST /session/2c43d02fb6ccc6d518c848919d0720f8/element/f.291337A451B92CFAEC554A5CFCD049A1.d.446D4850464FA2D625E272D2A13F5605.e.13617/click - {}
RESULT: {}
COMMAND: GET /session/2c43d02fb6ccc6d518c848919d0720f8/screenshot - {}
RESULT: {}
COMMAND: POST /session/2c43d02fb6ccc6d518c848919d0720f8/elements - {"using":"xpath","value":"//span[text()='Error']"}
RESULT: {"using":"xpath","value":"//span[text()='Error']"}
COMMAND: POST /session/2c43d02fb6ccc6d518c848919d0720f8/element - {"using":"xpath","value":"//button[@data-kt=\"addNewRUOverflowToolbarButton\"]"}
RESULT: {"using":"xpath","value":"//button[@data-kt=\"addNewRUOverflowToolbarButton\"]"}
COMMAND: POST /session/2c43d02fb6ccc6d518c848919d0720f8/execute/sync - {"script":"<script> [8489 bytes]","args":[{"element-6066-11e4-a52e-4f735466cecf":"f.291337A451B92CFAEC554A5CFCD049A1.d.446D4850464FA2D625E272D2A13F5605.e.13658","ELEMENT":"f.291337A451B92CFAEC554A5CFCD049A1.d.446D4850464FA2D625E272D2A13F5605.e.13658"}]}
RESULT: {"script":"<script> [8489 bytes]","args":[{"element-6066-11e4-a52e-4f735466cecf":"f.291337A451B92CFAEC554A5CFCD049A1.d.446D4850464FA2D625E272D2A13F5605.e.13658","ELEMENT":"f.291337A451B92CFAEC554A5CFCD049A1.d.446D4850464FA2D625E272D2A13F5605.e.13658"}]}
COMMAND: POST /session/2c43d02fb6ccc6d518c848919d0720f8/element/f.291337A451B92CFAEC554A5CFCD049A1.d.446D4850464FA2D625E272D2A13F5605.e.13658/click - {}
COMMAND: GET /session/2c43d02fb6ccc6d518c848919d0720f8/screenshot - {}
RESULT: {}
COMMAND: POST /session/2c43d02fb6ccc6d518c848919d0720f8/execute/async - {"script":"<script> [1562 bytes]","args":[{"selector":{"id":"application-manageresources-display-component---newResourceUnit--TYPE-arrow"},"wdio_ui5_key":"applicationmanageresources-display-component---newResourceUnit--TYPE-arrow"}]}
COMMAND: GET /session/2c43d02fb6ccc6d518c848919d0720f8/screenshot - {}
RESULT: {}
RESULT: {"script":"<script> [1562 bytes]","args":[{"selector":{"id":"application-manageresources-display-component---newResourceUnit--TYPE-arrow"},"wdio_ui5_key":"applicationmanageresources-display-component---newResourceUnit--TYPE-arrow"}]}
RESULT: undefined
COMMAND: POST /session/2c43d02fb6ccc6d518c848919d0720f8/element - {"using":"xpath","value":"//*[@id=\"application-manageresources-display-component---newResourceUnit--TYPE-arrow\"]"}
RESULT: {}
RESULT: {"using":"xpath","value":"//*[@id=\"application-manageresources-display-component---newResourceUnit--TYPE-arrow\"]"}
COMMAND: POST /session/2c43d02fb6ccc6d518c848919d0720f8/element/f.291337A451B92CFAEC554A5CFCD049A1.d.446D4850464FA2D625E272D2A13F5605.e.13985/click - {}
RESULT: {}
COMMAND: POST /session/2c43d02fb6ccc6d518c848919d0720f8/execute/async - {"script":"<script> [1562 bytes]","args":[{"selector":{"controlType":"sap.m.StandardListItem","viewName":"reusables.view.manageresources.NewResourceUnit","viewId":"application-manageresources-display-component---newResourceUnit","properties":{"title":"Material"},"searchOpenDialogs":true,"interaction":{"idSuffix":"titleText"}},"wdio_ui5_key":"reusablesview.manageresources.NewResourceUnitsap.m.StandardListItem{\"title\":\"Material\"}"}]}
COMMAND: GET /session/2c43d02fb6ccc6d518c848919d0720f8/screenshot - {}
RESULT: {"script":"<script> [1562 bytes]","args":[{"selector":{"controlType":"sap.m.StandardListItem","viewName":"reusables.view.manageresources.NewResourceUnit","viewId":"application-manageresources-display-component---newResourceUnit","properties":{"title":"Material"},"searchOpenDialogs":true,"interaction":{"idSuffix":"titleText"}},"wdio_ui5_key":"reusablesview.manageresources.NewResourceUnitsap.m.StandardListItem{\"title\":\"Material\"}"}]}
RESULT: undefined
COMMAND: POST /session/2c43d02fb6ccc6d518c848919d0720f8/element - {"using":"xpath","value":"//*[@id=\"__item1186\"]"}
RESULT: {}
RESULT: {"using":"xpath","value":"//*[@id=\"__item1186\"]"}
COMMAND: POST /session/2c43d02fb6ccc6d518c848919d0720f8/element/f.291337A451B92CFAEC554A5CFCD049A1.d.446D4850464FA2D625E272D2A13F5605.e.13988/click - {}
RESULT: {}
COMMAND: POST /session/2c43d02fb6ccc6d518c848919d0720f8/execute/async - {"script":"<script> [1562 bytes]","args":[{"selector":{"id":"application-manageresources-display-component---newResourceUnit--SHORT_TEXT","interaction":{"idSuffix":"inner"}},"wdio_ui5_key":"applicationmanageresources-display-component---newResourceUnit--SHORT_TEXT"}]}
COMMAND: GET /session/2c43d02fb6ccc6d518c848919d0720f8/screenshot - {}
RESULT: {"script":"<script> [1562 bytes]","args":[{"selector":{"id":"application-manageresources-display-component---newResourceUnit--SHORT_TEXT","interaction":{"idSuffix":"inner"}},"wdio_ui5_key":"applicationmanageresources-display-component---newResourceUnit--SHORT_TEXT"}]}
RESULT: undefined
COMMAND: POST /session/2c43d02fb6ccc6d518c848919d0720f8/execute/async - {"script":"<script> [776 bytes]","args":[{"enterText":"WebdriverMatTesto1rn8","selector":{"id":"application-manageresources-display-component---newResourceUnit--SHORT_TEXT","interaction":{"idSuffix":"inner"}},"clearTextFirst":true,"interactionType":"ENTER_TEXT"}]}
RESULT: {}
RESULT: {"script":"<script> [776 bytes]","args":[{"enterText":"WebdriverMatTesto1rn8","selector":{"id":"application-manageresources-display-component---newResourceUnit--SHORT_TEXT","interaction":{"idSuffix":"inner"}},"clearTextFirst":true,"interactionType":"ENTER_TEXT"}]}
COMMAND: POST /session/2c43d02fb6ccc6d518c848919d0720f8/execute/async - {"script":"<script> [1562 bytes]","args":[{"selector":{"id":"application-manageresources-display-component---newResourceUnit--BASE_UNIT_OF_MEASURE-arrow"},"wdio_ui5_key":"applicationmanageresources-display-component---newResourceUnit--BASE_UNIT_OF_MEASURE-arrow"}]}
RESULT: {"script":"<script> [1562 bytes]","args":[{"selector":{"id":"application-manageresources-display-component---newResourceUnit--BASE_UNIT_OF_MEASURE-arrow"},"wdio_ui5_key":"applicationmanageresources-display-component---newResourceUnit--BASE_UNIT_OF_MEASURE-arrow"}]}
RESULT: undefined
COMMAND: POST /session/2c43d02fb6ccc6d518c848919d0720f8/element - {"using":"xpath","value":"//*[@id=\"application-manageresources-display-component---newResourceUnit--BASE_UNIT_OF_MEASURE-arrow\"]"}
RESULT: {"using":"xpath","value":"//*[@id=\"application-manageresources-display-component---newResourceUnit--BASE_UNIT_OF_MEASURE-arrow\"]"}
COMMAND: POST /session/2c43d02fb6ccc6d518c848919d0720f8/element/f.291337A451B92CFAEC554A5CFCD049A1.d.446D4850464FA2D625E272D2A13F5605.e.14108/click - {}
RESULT: {}
COMMAND: POST /session/2c43d02fb6ccc6d518c848919d0720f8/execute/async - {"script":"<script> [1562 bytes]","args":[{"selector":{"controlType":"sap.m.StandardListItem","viewName":"reusables.view.manageresources.NewResourceUnit","viewId":"application-manageresources-display-component---newResourceUnit","properties":{"title":"Piece"},"searchOpenDialogs":true,"interaction":{"idSuffix":"titleText"}},"wdio_ui5_key":"reusablesview.manageresources.NewResourceUnitsap.m.StandardListItem{\"title\":\"Piece\"}"}]}
COMMAND: GET /session/2c43d02fb6ccc6d518c848919d0720f8/screenshot - {}
RESULT: {"script":"<script> [1562 bytes]","args":[{"selector":{"controlType":"sap.m.StandardListItem","viewName":"reusables.view.manageresources.NewResourceUnit","viewId":"application-manageresources-display-component---newResourceUnit","properties":{"title":"Piece"},"searchOpenDialogs":true,"interaction":{"idSuffix":"titleText"}},"wdio_ui5_key":"reusablesview.manageresources.NewResourceUnitsap.m.StandardListItem{\"title\":\"Piece\"}"}]}
RESULT: undefined
COMMAND: POST /session/2c43d02fb6ccc6d518c848919d0720f8/element - {"using":"xpath","value":"//*[@id=\"__item1239\"]"}
RESULT: {}
RESULT: {"using":"xpath","value":"//*[@id=\"__item1239\"]"}
COMMAND: POST /session/2c43d02fb6ccc6d518c848919d0720f8/element/f.291337A451B92CFAEC554A5CFCD049A1.d.446D4850464FA2D625E272D2A13F5605.e.14110/click - {}
RESULT: {}
COMMAND: POST /session/2c43d02fb6ccc6d518c848919d0720f8/element - {"using":"xpath","value":"//input[contains(@id ,\"application-manageresources-display-component---newResourceUnit--SHORT_TEXT-inner\")]"}
COMMAND: GET /session/2c43d02fb6ccc6d518c848919d0720f8/screenshot - {}
RESULT: {"using":"xpath","value":"//input[contains(@id ,\"application-manageresources-display-component---newResourceUnit--SHORT_TEXT-inner\")]"}
COMMAND: GET /session/2c43d02fb6ccc6d518c848919d0720f8/element/f.291337A451B92CFAEC554A5CFCD049A1.d.446D4850464FA2D625E272D2A13F5605.e.14005/property/value - {}
RESULT: {}
RESULT: {}
COMMAND: POST /session/2c43d02fb6ccc6d518c848919d0720f8/execute/async - {"script":"<script> [1562 bytes]","args":[{"selector":{"id":"application-manageresources-display-component---newResourceUnit--WEIGHT_UNIT-arrow"},"wdio_ui5_key":"applicationmanageresources-display-component---newResourceUnit--WEIGHT_UNIT-arrow"}]}
COMMAND: GET /session/2c43d02fb6ccc6d518c848919d0720f8/screenshot - {}
RESULT: {"script":"<script> [1562 bytes]","args":[{"selector":{"id":"application-manageresources-display-component---newResourceUnit--WEIGHT_UNIT-arrow"},"wdio_ui5_key":"applicationmanageresources-display-component---newResourceUnit--WEIGHT_UNIT-arrow"}]}
RESULT: undefined
COMMAND: POST /session/2c43d02fb6ccc6d518c848919d0720f8/element - {"using":"xpath","value":"//*[@id=\"application-manageresources-display-component---newResourceUnit--WEIGHT_UNIT-arrow\"]"}
RESULT: {}
RESULT: {"using":"xpath","value":"//*[@id=\"application-manageresources-display-component---newResourceUnit--WEIGHT_UNIT-arrow\"]"}
COMMAND: POST /session/2c43d02fb6ccc6d518c848919d0720f8/element/f.291337A451B92CFAEC554A5CFCD049A1.d.446D4850464FA2D625E272D2A13F5605.e.14111/click - {}
RESULT: {}
COMMAND: POST /session/2c43d02fb6ccc6d518c848919d0720f8/execute/async - {"script":"<script> [1562 bytes]","args":[{"selector":{"controlType":"sap.m.StandardListItem","viewName":"reusables.view.manageresources.NewResourceUnit","viewId":"application-manageresources-display-component---newResourceUnit","properties":{"title":"Gram"},"searchOpenDialogs":true,"interaction":{"idSuffix":"content"}},"wdio_ui5_key":"reusablesview.manageresources.NewResourceUnitsap.m.StandardListItem{\"title\":\"Gram\"}"}]}
COMMAND: GET /session/2c43d02fb6ccc6d518c848919d0720f8/screenshot - {}
RESULT: {}
RESULT: {"script":"<script> [1562 bytes]","args":[{"selector":{"controlType":"sap.m.StandardListItem","viewName":"reusables.view.manageresources.NewResourceUnit","viewId":"application-manageresources-display-component---newResourceUnit","properties":{"title":"Gram"},"searchOpenDialogs":true,"interaction":{"idSuffix":"content"}},"wdio_ui5_key":"reusablesview.manageresources.NewResourceUnitsap.m.StandardListItem{\"title\":\"Gram\"}"}]}
RESULT: undefined
COMMAND: POST /session/2c43d02fb6ccc6d518c848919d0720f8/element - {"using":"xpath","value":"//*[@id=\"__item1304\"]"}
RESULT: {"using":"xpath","value":"//*[@id=\"__item1304\"]"}
COMMAND: POST /session/2c43d02fb6ccc6d518c848919d0720f8/element/f.291337A451B92CFAEC554A5CFCD049A1.d.446D4850464FA2D625E272D2A13F5605.e.14113/click - {}
RESULT: {}
COMMAND: POST /session/2c43d02fb6ccc6d518c848919d0720f8/execute/async - {"script":"<script> [1562 bytes]","args":[{"selector":{"id":"application-manageresources-display-component---newResourceUnit--newRRUPage-OPHeaderContent-collapseBtn-img"},"wdio_ui5_key":"applicationmanageresources-display-component---newResourceUnit--newRRUPage-OPHeaderContent-collapseBtn-img"}]}
COMMAND: GET /session/2c43d02fb6ccc6d518c848919d0720f8/screenshot - {}
RESULT: {"script":"<script> [1562 bytes]","args":[{"selector":{"id":"application-manageresources-display-component---newResourceUnit--newRRUPage-OPHeaderContent-collapseBtn-img"},"wdio_ui5_key":"applicationmanageresources-display-component---newResourceUnit--newRRUPage-OPHeaderContent-collapseBtn-img"}]}
RESULT: undefined
COMMAND: POST /session/2c43d02fb6ccc6d518c848919d0720f8/element - {"using":"xpath","value":"//*[@id=\"application-manageresources-display-component---newResourceUnit--newRRUPage-OPHeaderContent-collapseBtn-img\"]"}
RESULT: {}
RESULT: {"using":"xpath","value":"//*[@id=\"application-manageresources-display-component---newResourceUnit--newRRUPage-OPHeaderContent-collapseBtn-img\"]"}
COMMAND: POST /session/2c43d02fb6ccc6d518c848919d0720f8/element/f.291337A451B92CFAEC554A5CFCD049A1.d.446D4850464FA2D625E272D2A13F5605.e.13995/click - {}
RESULT: {}
COMMAND: GET /session/2c43d02fb6ccc6d518c848919d0720f8/screenshot - {}
RESULT: {}
COMMAND: POST /session/2c43d02fb6ccc6d518c848919d0720f8/element - {"using":"xpath","value":"(//span[contains(@id ,\"application-manageresources-display-component---newResourceUnit--DIMENSION_UNIT-arrow\")])[1]"}
RESULT: {"using":"xpath","value":"(//span[contains(@id ,\"application-manageresources-display-component---newResourceUnit--DIMENSION_UNIT-arrow\")])[1]"}
COMMAND: POST /session/2c43d02fb6ccc6d518c848919d0720f8/element/f.291337A451B92CFAEC554A5CFCD049A1.d.446D4850464FA2D625E272D2A13F5605.e.14119/click - {}
RESULT: {}
COMMAND: GET /session/2c43d02fb6ccc6d518c848919d0720f8/screenshot - {}
RESULT: {}
COMMAND: POST /session/2c43d02fb6ccc6d518c848919d0720f8/execute/async - {"script":"<script> [1562 bytes]","args":[{"selector":{"controlType":"sap.m.StandardListItem","viewName":"reusables.view.manageresources.NewResourceUnit","viewId":"application-manageresources-display-component---newResourceUnit","properties":{"title":"Centimeter"},"searchOpenDialogs":true,"interaction":{"idSuffix":"titleText"}},"wdio_ui5_key":"reusablesview.manageresources.NewResourceUnitsap.m.StandardListItem{\"title\":\"Centimeter\"}"}]}
RESULT: {"script":"<script> [1562 bytes]","args":[{"selector":{"controlType":"sap.m.StandardListItem","viewName":"reusables.view.manageresources.NewResourceUnit","viewId":"application-manageresources-display-component---newResourceUnit","properties":{"title":"Centimeter"},"searchOpenDialogs":true,"interaction":{"idSuffix":"titleText"}},"wdio_ui5_key":"reusablesview.manageresources.NewResourceUnitsap.m.StandardListItem{\"title\":\"Centimeter\"}"}]}
RESULT: undefined
COMMAND: POST /session/2c43d02fb6ccc6d518c848919d0720f8/element - {"using":"xpath","value":"//*[@id=\"__item1307\"]"}
RESULT: {"using":"xpath","value":"//*[@id=\"__item1307\"]"}
COMMAND: POST /session/2c43d02fb6ccc6d518c848919d0720f8/element/f.291337A451B92CFAEC554A5CFCD049A1.d.446D4850464FA2D625E272D2A13F5605.e.14121/click - {}
RESULT: {}
COMMAND: POST /session/2c43d02fb6ccc6d518c848919d0720f8/execute/async - {"script":"<script> [1562 bytes]","args":[{"selector":{"id":"application-manageresources-display-component---newResourceUnit--newRRUPage-anchBar-application-manageresources-display-component---newResourceUnit--reference-anchor","interaction":{"idSuffix":"BDI-content"}},"wdio_ui5_key":"applicationmanageresources-display-component---newResourceUnit--newRRUPage-anchBar-application-manageresources-display-component---newResourceUnit--reference-anchor"}]}
COMMAND: GET /session/2c43d02fb6ccc6d518c848919d0720f8/screenshot - {}
RESULT: {"script":"<script> [1562 bytes]","args":[{"selector":{"id":"application-manageresources-display-component---newResourceUnit--newRRUPage-anchBar-application-manageresources-display-component---newResourceUnit--reference-anchor","interaction":{"idSuffix":"BDI-content"}},"wdio_ui5_key":"applicationmanageresources-display-component---newResourceUnit--newRRUPage-anchBar-application-manageresources-display-component---newResourceUnit--reference-anchor"}]}
RESULT: undefined
COMMAND: POST /session/2c43d02fb6ccc6d518c848919d0720f8/element - {"using":"xpath","value":"//*[@id=\"application-manageresources-display-component---newResourceUnit--newRRUPage-anchBar-application-manageresources-display-component---newResourceUnit--reference-anchor\"]"}
RESULT: {}
RESULT: {"using":"xpath","value":"//*[@id=\"application-manageresources-display-component---newResourceUnit--newRRUPage-anchBar-application-manageresources-display-component---newResourceUnit--reference-anchor\"]"}
COMMAND: POST /session/2c43d02fb6ccc6d518c848919d0720f8/element/f.291337A451B92CFAEC554A5CFCD049A1.d.446D4850464FA2D625E272D2A13F5605.e.14123/click - {}
RESULT: {}
COMMAND: POST /session/2c43d02fb6ccc6d518c848919d0720f8/execute/async - {"script":"<script> [1562 bytes]","args":[{"selector":{"id":"application-manageresources-display-component---newResourceUnit--PLANNING_GROUP-arrow"},"wdio_ui5_key":"applicationmanageresources-display-component---newResourceUnit--PLANNING_GROUP-arrow"}]}
COMMAND: GET /session/2c43d02fb6ccc6d518c848919d0720f8/screenshot - {}
RESULT: {"script":"<script> [1562 bytes]","args":[{"selector":{"id":"application-manageresources-display-component---newResourceUnit--PLANNING_GROUP-arrow"},"wdio_ui5_key":"applicationmanageresources-display-component---newResourceUnit--PLANNING_GROUP-arrow"}]}
RESULT: undefined
COMMAND: POST /session/2c43d02fb6ccc6d518c848919d0720f8/element - {"using":"xpath","value":"//*[@id=\"application-manageresources-display-component---newResourceUnit--PLANNING_GROUP-arrow\"]"}
RESULT: {}
RESULT: {"using":"xpath","value":"//*[@id=\"application-manageresources-display-component---newResourceUnit--PLANNING_GROUP-arrow\"]"}
COMMAND: POST /session/2c43d02fb6ccc6d518c848919d0720f8/element/f.291337A451B92CFAEC554A5CFCD049A1.d.446D4850464FA2D625E272D2A13F5605.e.14127/click - {}
RESULT: {}
COMMAND: POST /session/2c43d02fb6ccc6d518c848919d0720f8/execute/async - {"script":"<script> [1562 bytes]","args":[{"selector":{"controlType":"sap.m.StandardListItem","viewName":"reusables.view.manageresources.NewResourceUnit","viewId":"application-manageresources-display-component---newResourceUnit","properties":{"title":"Heavy Equi"},"searchOpenDialogs":true,"interaction":{"idSuffix":"content"}},"wdio_ui5_key":"reusablesview.manageresources.NewResourceUnitsap.m.StandardListItem{\"title\":\"Heavy Equi\"}"}]}
COMMAND: GET /session/2c43d02fb6ccc6d518c848919d0720f8/screenshot - {}
RESULT: {"script":"<script> [1562 bytes]","args":[{"selector":{"controlType":"sap.m.StandardListItem","viewName":"reusables.view.manageresources.NewResourceUnit","viewId":"application-manageresources-display-component---newResourceUnit","properties":{"title":"Heavy Equi"},"searchOpenDialogs":true,"interaction":{"idSuffix":"content"}},"wdio_ui5_key":"reusablesview.manageresources.NewResourceUnitsap.m.StandardListItem{\"title\":\"Heavy Equi\"}"}]}
RESULT: undefined
COMMAND: POST /session/2c43d02fb6ccc6d518c848919d0720f8/element - {"using":"xpath","value":"//*[@id=\"__item1315\"]"}
RESULT: {}
RESULT: {"using":"xpath","value":"//*[@id=\"__item1315\"]"}
COMMAND: POST /session/2c43d02fb6ccc6d518c848919d0720f8/element/f.291337A451B92CFAEC554A5CFCD049A1.d.446D4850464FA2D625E272D2A13F5605.e.14129/click - {}
RESULT: {}
COMMAND: GET /session/2c43d02fb6ccc6d518c848919d0720f8/screenshot - {}
RESULT: {}
COMMAND: POST /session/2c43d02fb6ccc6d518c848919d0720f8/execute/async - {"script":"<script> [1562 bytes]","args":[{"selector":{"id":"application-manageresources-display-component---newResourceUnit--PLANNING_INDICATOR-arrow"},"wdio_ui5_key":"applicationmanageresources-display-component---newResourceUnit--PLANNING_INDICATOR-arrow"}]}
RESULT: {"script":"<script> [1562 bytes]","args":[{"selector":{"id":"application-manageresources-display-component---newResourceUnit--PLANNING_INDICATOR-arrow"},"wdio_ui5_key":"applicationmanageresources-display-component---newResourceUnit--PLANNING_INDICATOR-arrow"}]}
RESULT: undefined
COMMAND: POST /session/2c43d02fb6ccc6d518c848919d0720f8/element - {"using":"xpath","value":"//*[@id=\"application-manageresources-display-component---newResourceUnit--PLANNING_INDICATOR-arrow\"]"}
RESULT: {"using":"xpath","value":"//*[@id=\"application-manageresources-display-component---newResourceUnit--PLANNING_INDICATOR-arrow\"]"}
COMMAND: POST /session/2c43d02fb6ccc6d518c848919d0720f8/element/f.291337A451B92CFAEC554A5CFCD049A1.d.446D4850464FA2D625E272D2A13F5605.e.14130/click - {}
RESULT: {}
COMMAND: POST /session/2c43d02fb6ccc6d518c848919d0720f8/execute/async - {"script":"<script> [1562 bytes]","args":[{"selector":{"controlType":"sap.m.StandardListItem","viewName":"reusables.view.manageresources.NewResourceUnit","viewId":"application-manageresources-display-component---newResourceUnit","properties":{"title":"10 - infinite"},"searchOpenDialogs":true,"interaction":{"idSuffix":"content"}},"wdio_ui5_key":"reusablesview.manageresources.NewResourceUnitsap.m.StandardListItem{\"title\":\"10 - infinite\"}"}]}
COMMAND: GET /session/2c43d02fb6ccc6d518c848919d0720f8/screenshot - {}
RESULT: {"script":"<script> [1562 bytes]","args":[{"selector":{"controlType":"sap.m.StandardListItem","viewName":"reusables.view.manageresources.NewResourceUnit","viewId":"application-manageresources-display-component---newResourceUnit","properties":{"title":"10 - infinite"},"searchOpenDialogs":true,"interaction":{"idSuffix":"content"}},"wdio_ui5_key":"reusablesview.manageresources.NewResourceUnitsap.m.StandardListItem{\"title\":\"10 - infinite\"}"}]}
RESULT: undefined
COMMAND: POST /session/2c43d02fb6ccc6d518c848919d0720f8/element - {"using":"xpath","value":"//*[@id=\"__item1325\"]"}
RESULT: {}
RESULT: {"using":"xpath","value":"//*[@id=\"__item1325\"]"}
COMMAND: POST /session/2c43d02fb6ccc6d518c848919d0720f8/element/f.291337A451B92CFAEC554A5CFCD049A1.d.446D4850464FA2D625E272D2A13F5605.e.14132/click - {}
RESULT: {}
COMMAND: GET /session/2c43d02fb6ccc6d518c848919d0720f8/screenshot - {}
RESULT: {}
COMMAND: POST /session/2c43d02fb6ccc6d518c848919d0720f8/element - {"using":"xpath","value":"//bdi[contains(text(), \"Time Segment\")]"}
RESULT: {"using":"xpath","value":"//bdi[contains(text(), \"Time Segment\")]"}
COMMAND: GET /session/2c43d02fb6ccc6d518c848919d0720f8/element/f.291337A451B92CFAEC554A5CFCD049A1.d.446D4850464FA2D625E272D2A13F5605.e.14133/rect - {}
RESULT: {}
COMMAND: GET /session/2c43d02fb6ccc6d518c848919d0720f8/window/rect - {}
RESULT: {}
COMMAND: POST /session/2c43d02fb6ccc6d518c848919d0720f8/execute/sync - {"script":"<script> [92 bytes]","args":[]}
RESULT: {"script":"<script> [92 bytes]","args":[]}
COMMAND: POST /session/2c43d02fb6ccc6d518c848919d0720f8/actions - {"actions":[{"id":"action69","type":"wheel","parameters":{},"actions":[{"type":"scroll","x":-1820,"y":-21,"deltaX":0,"deltaY":0,"duration":0,"origin":{"element-6066-11e4-a52e-4f735466cecf":"f.291337A451B92CFAEC554A5CFCD049A1.d.446D4850464FA2D625E272D2A13F5605.e.14133"}}]}]}
COMMAND: GET /session/2c43d02fb6ccc6d518c848919d0720f8/screenshot - {}
RESULT: {}
COMMAND: POST /session/2c43d02fb6ccc6d518c848919d0720f8/execute/sync - {"script":"<script> [79 bytes]","args":[{"element-6066-11e4-a52e-4f735466cecf":"f.291337A451B92CFAEC554A5CFCD049A1.d.446D4850464FA2D625E272D2A13F5605.e.14133","ELEMENT":"f.291337A451B92CFAEC554A5CFCD049A1.d.446D4850464FA2D625E272D2A13F5605.e.14133"},{"block":"start","inline":"nearest"}]}
RESULT: {"script":"<script> [79 bytes]","args":[{"element-6066-11e4-a52e-4f735466cecf":"f.291337A451B92CFAEC554A5CFCD049A1.d.446D4850464FA2D625E272D2A13F5605.e.14133","ELEMENT":"f.291337A451B92CFAEC554A5CFCD049A1.d.446D4850464FA2D625E272D2A13F5605.e.14133"},{"block":"start","inline":"nearest"}]}
COMMAND: GET /session/2c43d02fb6ccc6d518c848919d0720f8/screenshot - {}
RESULT: {}
COMMAND: POST /session/2c43d02fb6ccc6d518c848919d0720f8/element - {"using":"xpath","value":"//span[@id=\"application-manageresources-display-component---newResourceUnit--btnAddTimeSegment-img\"]"}
RESULT: {"using":"xpath","value":"//span[@id=\"application-manageresources-display-component---newResourceUnit--btnAddTimeSegment-img\"]"}
COMMAND: POST /session/2c43d02fb6ccc6d518c848919d0720f8/execute/sync - {"script":"<script> [8489 bytes]","args":[{"element-6066-11e4-a52e-4f735466cecf":"f.291337A451B92CFAEC554A5CFCD049A1.d.446D4850464FA2D625E272D2A13F5605.e.14136","ELEMENT":"f.291337A451B92CFAEC554A5CFCD049A1.d.446D4850464FA2D625E272D2A13F5605.e.14136"}]}
RESULT: {"script":"<script> [8489 bytes]","args":[{"element-6066-11e4-a52e-4f735466cecf":"f.291337A451B92CFAEC554A5CFCD049A1.d.446D4850464FA2D625E272D2A13F5605.e.14136","ELEMENT":"f.291337A451B92CFAEC554A5CFCD049A1.d.446D4850464FA2D625E272D2A13F5605.e.14136"}]}
COMMAND: POST /session/2c43d02fb6ccc6d518c848919d0720f8/element/f.291337A451B92CFAEC554A5CFCD049A1.d.446D4850464FA2D625E272D2A13F5605.e.14136/click - {}
COMMAND: GET /session/2c43d02fb6ccc6d518c848919d0720f8/screenshot - {}
RESULT: {}
COMMAND: GET /session/2c43d02fb6ccc6d518c848919d0720f8/screenshot - {}
COMMAND: POST /session/2c43d02fb6ccc6d518c848919d0720f8/element - {"using":"xpath","value":"//input[@id=\"application-manageresources-display-component---newResourceUnit--idRuTSAdmin-application-manageresources-display-component---newResourceUnit--RUTimeSegment-0-inner\"]"}
RESULT: {}
RESULT: {}
RESULT: {"using":"xpath","value":"//input[@id=\"application-manageresources-display-component---newResourceUnit--idRuTSAdmin-application-manageresources-display-component---newResourceUnit--RUTimeSegment-0-inner\"]"}
COMMAND: POST /session/2c43d02fb6ccc6d518c848919d0720f8/element/f.291337A451B92CFAEC554A5CFCD049A1.d.446D4850464FA2D625E272D2A13F5605.e.14139/clear - {}
RESULT: {}
COMMAND: POST /session/2c43d02fb6ccc6d518c848919d0720f8/element/f.291337A451B92CFAEC554A5CFCD049A1.d.446D4850464FA2D625E272D2A13F5605.e.14139/value - {"text":"WebdriverYardfmxy6"}
COMMAND: GET /session/2c43d02fb6ccc6d518c848919d0720f8/screenshot - {}
RESULT: {"text":"WebdriverYardfmxy6"}
COMMAND: GET /session/2c43d02fb6ccc6d518c848919d0720f8/screenshot - {}
RESULT: {}
RESULT: {}
COMMAND: POST /session/2c43d02fb6ccc6d518c848919d0720f8/actions - {"actions":[{"id":"action70","type":"key","parameters":{},"actions":[{"type":"keyDown","value":""},{"type":"pause","duration":10},{"type":"keyUp","value":""}]}]}
RESULT: {"actions":[{"id":"action70","type":"key","parameters":{},"actions":[{"type":"keyDown","value":""},{"type":"pause","duration":10},{"type":"keyUp","value":""}]}]}
COMMAND: GET /session/2c43d02fb6ccc6d518c848919d0720f8/screenshot - {}
RESULT: {}
COMMAND: POST /session/2c43d02fb6ccc6d518c848919d0720f8/execute/async - {"script":"<script> [1562 bytes]","args":[{"selector":{"controlType":"sap.m.Button","viewName":"reusables.view.manageresources.NewResourceUnit","viewId":"application-manageresources-display-component---newResourceUnit","i18NText":{"propertyName":"tooltip","key":"save"},"interaction":{"idSuffix":"BDI-content"}},"wdio_ui5_key":"reusablesview.manageresources.NewResourceUnitsap.m.Button{\"propertyName\":\"tooltip\",\"key\":\"save\"}"}]}
RESULT: {"script":"<script> [1562 bytes]","args":[{"selector":{"controlType":"sap.m.Button","viewName":"reusables.view.manageresources.NewResourceUnit","viewId":"application-manageresources-display-component---newResourceUnit","i18NText":{"propertyName":"tooltip","key":"save"},"interaction":{"idSuffix":"BDI-content"}},"wdio_ui5_key":"reusablesview.manageresources.NewResourceUnitsap.m.Button{\"propertyName\":\"tooltip\",\"key\":\"save\"}"}]}
RESULT: undefined
COMMAND: POST /session/2c43d02fb6ccc6d518c848919d0720f8/element - {"using":"xpath","value":"//*[@id=\"application-manageresources-display-component---newResourceUnit--createRuButton\"]"}
RESULT: {"using":"xpath","value":"//*[@id=\"application-manageresources-display-component---newResourceUnit--createRuButton\"]"}
COMMAND: POST /session/2c43d02fb6ccc6d518c848919d0720f8/element/f.291337A451B92CFAEC554A5CFCD049A1.d.446D4850464FA2D625E272D2A13F5605.e.14001/click - {}
RESULT: {}
COMMAND: GET /session/2c43d02fb6ccc6d518c848919d0720f8/screenshot - {}
RESULT: {}
COMMAND: POST /session/2c43d02fb6ccc6d518c848919d0720f8/execute/async - {"script":"<script> [1562 bytes]","args":[{"selector":{"controlType":"sap.m.Title","properties":{"text":"Success"},"searchOpenDialogs":true},"wdio_ui5_key":"sapm.Title{\"text\":\"Success\"}"}]}
RESULT: {"script":"<script> [1562 bytes]","args":[{"selector":{"controlType":"sap.m.Title","properties":{"text":"Success"},"searchOpenDialogs":true},"wdio_ui5_key":"sapm.Title{\"text\":\"Success\"}"}]}
RESULT: undefined
COMMAND: POST /session/2c43d02fb6ccc6d518c848919d0720f8/execute/async - {"script":"<script> [6424 bytes]","args":[{"element-6066-11e4-a52e-4f735466cecf":"f.291337A451B92CFAEC554A5CFCD049A1.d.446D4850464FA2D625E272D2A13F5605.e.14152"},"getText",[]]}
RESULT: {"script":"<script> [6424 bytes]","args":[{"element-6066-11e4-a52e-4f735466cecf":"f.291337A451B92CFAEC554A5CFCD049A1.d.446D4850464FA2D625E272D2A13F5605.e.14152"},"getText",[]]}
COMMAND: POST /session/2c43d02fb6ccc6d518c848919d0720f8/element - {"using":"xpath","value":"//*[contains(@id, '__text') and (contains(text(), 'successfully created') or contains(., 'successfully created'))]"}
RESULT: {"using":"xpath","value":"//*[contains(@id, '__text') and (contains(text(), 'successfully created') or contains(., 'successfully created'))]"}
COMMAND: GET /session/2c43d02fb6ccc6d518c848919d0720f8/element/f.291337A451B92CFAEC554A5CFCD049A1.d.446D4850464FA2D625E272D2A13F5605.e.14150/text - {}
RESULT: {}
COMMAND: POST /session/2c43d02fb6ccc6d518c848919d0720f8/execute/async - {"script":"<script> [1562 bytes]","args":[{"selector":{"controlType":"sap.m.Button","properties":{"text":"Close"},"searchOpenDialogs":true,"interaction":{"idSuffix":"BDI-content"}},"wdio_ui5_key":"sapm.Button{\"text\":\"Close\"}"}]}
RESULT: {"script":"<script> [1562 bytes]","args":[{"selector":{"controlType":"sap.m.Button","properties":{"text":"Close"},"searchOpenDialogs":true,"interaction":{"idSuffix":"BDI-content"}},"wdio_ui5_key":"sapm.Button{\"text\":\"Close\"}"}]}
RESULT: undefined
COMMAND: POST /session/2c43d02fb6ccc6d518c848919d0720f8/element - {"using":"xpath","value":"//*[@id=\"__mbox-btn-0\"]"}
RESULT: {"using":"xpath","value":"//*[@id=\"__mbox-btn-0\"]"}
COMMAND: POST /session/2c43d02fb6ccc6d518c848919d0720f8/element/f.291337A451B92CFAEC554A5CFCD049A1.d.446D4850464FA2D625E272D2A13F5605.e.14149/click - {}
RESULT: {}
COMMAND: GET /session/2c43d02fb6ccc6d518c848919d0720f8/screenshot - {}
RESULT: {}
COMMAND: POST /session/2c43d02fb6ccc6d518c848919d0720f8/execute/async - {"script":"<script> [1562 bytes]","args":[{"selector":{"controlType":"sap.ui.core.Icon","viewName":"etm.portal.ui.manageresources.view.Detail","viewId":"application-manageresources-display-component---detailRU","properties":{"src":{"regex":{"source":"overflow"}}}},"wdio_ui5_key":"etmportal.ui.manageresources.view.Detailsap.ui.core.Icon{\"src\":{\"regex\":{\"source\":\"overflow\"}}}"}]}
RESULT: {"script":"<script> [1562 bytes]","args":[{"selector":{"controlType":"sap.ui.core.Icon","viewName":"etm.portal.ui.manageresources.view.Detail","viewId":"application-manageresources-display-component---detailRU","properties":{"src":{"regex":{"source":"overflow"}}}},"wdio_ui5_key":"etmportal.ui.manageresources.view.Detailsap.ui.core.Icon{\"src\":{\"regex\":{\"source\":\"overflow\"}}}"}]}
RESULT: undefined
COMMAND: POST /session/2c43d02fb6ccc6d518c848919d0720f8/element - {"using":"xpath","value":"//*[@id=\"__title36-_actionsToolbar-overflowButton-img\"]"}
RESULT: {"using":"xpath","value":"//*[@id=\"__title36-_actionsToolbar-overflowButton-img\"]"}
COMMAND: POST /session/2c43d02fb6ccc6d518c848919d0720f8/element/f.291337A451B92CFAEC554A5CFCD049A1.d.446D4850464FA2D625E272D2A13F5605.e.14188/click - {}
RESULT: {}
COMMAND: POST /session/2c43d02fb6ccc6d518c848919d0720f8/execute/async - {"script":"<script> [1562 bytes]","args":[{"selector":{"controlType":"sap.m.Button","viewName":"etm.portal.ui.manageresources.view.Detail","viewId":"application-manageresources-display-component---detailRU","i18NText":{"propertyName":"tooltip","key":"closeColumn"},"searchOpenDialogs":true,"interaction":{"idSuffix":"inner"}},"wdio_ui5_key":"etmportal.ui.manageresources.view.Detailsap.m.Button{\"propertyName\":\"tooltip\",\"key\":\"closeColumn\"}"}]}
COMMAND: GET /session/2c43d02fb6ccc6d518c848919d0720f8/screenshot - {}
RESULT: {"script":"<script> [1562 bytes]","args":[{"selector":{"controlType":"sap.m.Button","viewName":"etm.portal.ui.manageresources.view.Detail","viewId":"application-manageresources-display-component---detailRU","i18NText":{"propertyName":"tooltip","key":"closeColumn"},"searchOpenDialogs":true,"interaction":{"idSuffix":"inner"}},"wdio_ui5_key":"etmportal.ui.manageresources.view.Detailsap.m.Button{\"propertyName\":\"tooltip\",\"key\":\"closeColumn\"}"}]}
RESULT: undefined
COMMAND: POST /session/2c43d02fb6ccc6d518c848919d0720f8/element - {"using":"xpath","value":"//*[@id=\"__button151\"]"}
RESULT: {}
RESULT: {"using":"xpath","value":"//*[@id=\"__button151\"]"}
COMMAND: POST /session/2c43d02fb6ccc6d518c848919d0720f8/element/f.291337A451B92CFAEC554A5CFCD049A1.d.446D4850464FA2D625E272D2A13F5605.e.14190/click - {}
RESULT: {}
COMMAND: GET /session/2c43d02fb6ccc6d518c848919d0720f8/screenshot - {}
RESULT: {}
COMMAND: POST /session/2c43d02fb6ccc6d518c848919d0720f8/refresh - {}
RESULT: {}
COMMAND: GET /session/2c43d02fb6ccc6d518c848919d0720f8/screenshot - {}
RESULT: {}
COMMAND: POST /session/2c43d02fb6ccc6d518c848919d0720f8/execute/async - {"script":"<script> [189 bytes]","args":[]}
RESULT: {"script":"<script> [189 bytes]","args":[]}
COMMAND: POST /session/2c43d02fb6ccc6d518c848919d0720f8/execute/async - {"script":"<script> [123 bytes]","args":[]}
RESULT: {"script":"<script> [123 bytes]","args":[]}
COMMAND: POST /session/2c43d02fb6ccc6d518c848919d0720f8/timeouts - {"script":"<number>"}
RESULT: {"script":"<number>"}
COMMAND: GET /session/2c43d02fb6ccc6d518c848919d0720f8/timeouts - {}
RESULT: {}
RESULT: undefined
COMMAND: POST /session/2c43d02fb6ccc6d518c848919d0720f8/execute/async - {"script":"<script> [2676 bytes]","args":[]}
RESULT: {"script":"<script> [2676 bytes]","args":[]}
COMMAND: POST /session/2c43d02fb6ccc6d518c848919d0720f8/execute/async - {"script":"<script> [2342 bytes]","args":[{"protocol":"http","hostname":"0.0.0.0","path":"/","capabilities":{"browserName":"chrome","goog:chromeOptions":{"binary":"C:\\Program Files\\Google\\Chrome\\Application\\chrome.exe","args":["--start-maximized"]}},"logLevel":"warn","connectionRetryTimeout":120000,"connectionRetryCount":3,"logLevels":{},"enableDirectConnect":true,"strictSSL":true,"_":"65 more keys: [\"cacheDir\",\"port\",\"requestedCapabilities\",\"automationProtocol\",\"baseUrl\",\"waitforInterval\",\"waitforTimeout\",\"onReload\",\"beforeCommand\",\"afterCommand\",\"rootDir\",\"specs\",\"suites\",\"exclude\",\"groupLogsByTestSpec\",\"excludeDriverLogs\",\"bail\",\"framework\",\"reporters\",\"services\",\"maxInstances\",\"maxInstancesPerCapability\",\"injectGlobals\",\"filesToWatch\",\"execArgv\",\"runnerEnv\",\"runner\",\"shard\",\"specFileRetries\",\"specFileRetriesDelay\",\"specFileRetriesDeferred\",\"reporterSyncInterval\",\"reporterSyncTimeout\",\"cucumberFeaturesWithLineNumbers\",\"autoCompileOpts\",\"mochaOpts\",\"jasmineOpts\",\"cucumberOpts\",\"onPrepare\",\"onWorkerStart\",\"onWorkerEnd\",\"before\",\"beforeSession\",\"beforeSuite\",\"beforeHook\",\"beforeTest\",\"afterTest\",\"afterHook\",\"afterSuite\",\"afterSession\",\"after\",\"onComplete\",\"beforeAssertion\",\"afterAssertion\",\"beforeFeature\",\"beforeScenario\",\"beforeStep\",\"afterStep\",\"afterScenario\",\"afterFeature\",\"_\",\"suite\",\"$0\",\"ignoredWorkerServices\",\"wdi5\"]"}]}
RESULT: {"script":"<script> [2342 bytes]","args":[{"protocol":"http","hostname":"0.0.0.0","path":"/","capabilities":{"browserName":"chrome","goog:chromeOptions":{"binary":"C:\\Program Files\\Google\\Chrome\\Application\\chrome.exe","args":["--start-maximized"]}},"logLevel":"warn","connectionRetryTimeout":120000,"connectionRetryCount":3,"logLevels":{},"enableDirectConnect":true,"strictSSL":true,"_":"65 more keys: [\"cacheDir\",\"port\",\"requestedCapabilities\",\"automationProtocol\",\"baseUrl\",\"waitforInterval\",\"waitforTimeout\",\"onReload\",\"beforeCommand\",\"afterCommand\",\"rootDir\",\"specs\",\"suites\",\"exclude\",\"groupLogsByTestSpec\",\"excludeDriverLogs\",\"bail\",\"framework\",\"reporters\",\"services\",\"maxInstances\",\"maxInstancesPerCapability\",\"injectGlobals\",\"filesToWatch\",\"execArgv\",\"runnerEnv\",\"runner\",\"shard\",\"specFileRetries\",\"specFileRetriesDelay\",\"specFileRetriesDeferred\",\"reporterSyncInterval\",\"reporterSyncTimeout\",\"cucumberFeaturesWithLineNumbers\",\"autoCompileOpts\",\"mochaOpts\",\"jasmineOpts\",\"cucumberOpts\",\"onPrepare\",\"onWorkerStart\",\"onWorkerEnd\",\"before\",\"beforeSession\",\"beforeSuite\",\"beforeHook\",\"beforeTest\",\"afterTest\",\"afterHook\",\"afterSuite\",\"afterSession\",\"after\",\"onComplete\",\"beforeAssertion\",\"afterAssertion\",\"beforeFeature\",\"beforeScenario\",\"beforeStep\",\"afterStep\",\"afterScenario\",\"afterFeature\",\"_\",\"suite\",\"$0\",\"ignoredWorkerServices\",\"wdi5\"]"}]}
COMMAND: POST /session/2c43d02fb6ccc6d518c848919d0720f8/execute/async - {"script":"<script> [21126 bytes]","args":[35000]}
RESULT: {"script":"<script> [21126 bytes]","args":[35000]}
COMMAND: POST /session/2c43d02fb6ccc6d518c848919d0720f8/element - {"using":"css selector","value":"#shell-header-logo"}
RESULT: {"using":"css selector","value":"#shell-header-logo"}
COMMAND: POST /session/2c43d02fb6ccc6d518c848919d0720f8/element/f.291337A451B92CFAEC554A5CFCD049A1.d.973118E210D1E63F852793621380DDF1.e.14287/click - {}
RESULT: {}
COMMAND: GET /session/2c43d02fb6ccc6d518c848919d0720f8/screenshot - {}
RESULT: {}
COMMAND: POST /session/2c43d02fb6ccc6d518c848919d0720f8/execute/async - {"script":"<script> [1562 bytes]","args":[{"selector":{"controlType":"sap.m.GenericTile","properties":{"header":"Manage Handovers"}},"wdio_ui5_key":"sapm.GenericTile{\"header\":\"Manage Handovers\"}"}]}
RESULT: {"script":"<script> [1562 bytes]","args":[{"selector":{"controlType":"sap.m.GenericTile","properties":{"header":"Manage Handovers"}},"wdio_ui5_key":"sapm.GenericTile{\"header\":\"Manage Handovers\"}"}]}
RESULT: undefined
COMMAND: POST /session/2c43d02fb6ccc6d518c848919d0720f8/element - {"using":"xpath","value":"//*[@id=\"__tile131\"]"}
RESULT: {"using":"xpath","value":"//*[@id=\"__tile131\"]"}
COMMAND: POST /session/2c43d02fb6ccc6d518c848919d0720f8/element/f.291337A451B92CFAEC554A5CFCD049A1.d.973118E210D1E63F852793621380DDF1.e.14306/click - {}
RESULT: {}
COMMAND: GET /session/2c43d02fb6ccc6d518c848919d0720f8/screenshot - {}
RESULT: {}
COMMAND: POST /session/2c43d02fb6ccc6d518c848919d0720f8/elements - {"using":"xpath","value":"//span[text()='Error']"}
RESULT: {"using":"xpath","value":"//span[text()='Error']"}
COMMAND: POST /session/2c43d02fb6ccc6d518c848919d0720f8/element - {"using":"xpath","value":"//button[@data-kt=\"masterHOAddButton\"]"}
RESULT: {"using":"xpath","value":"//button[@data-kt=\"masterHOAddButton\"]"}
COMMAND: POST /session/2c43d02fb6ccc6d518c848919d0720f8/execute/sync - {"script":"<script> [8489 bytes]","args":[{"element-6066-11e4-a52e-4f735466cecf":"f.291337A451B92CFAEC554A5CFCD049A1.d.973118E210D1E63F852793621380DDF1.e.14346","ELEMENT":"f.291337A451B92CFAEC554A5CFCD049A1.d.973118E210D1E63F852793621380DDF1.e.14346"}]}
RESULT: {"script":"<script> [8489 bytes]","args":[{"element-6066-11e4-a52e-4f735466cecf":"f.291337A451B92CFAEC554A5CFCD049A1.d.973118E210D1E63F852793621380DDF1.e.14346","ELEMENT":"f.291337A451B92CFAEC554A5CFCD049A1.d.973118E210D1E63F852793621380DDF1.e.14346"}]}
COMMAND: POST /session/2c43d02fb6ccc6d518c848919d0720f8/element/f.291337A451B92CFAEC554A5CFCD049A1.d.973118E210D1E63F852793621380DDF1.e.14346/click - {}
COMMAND: GET /session/2c43d02fb6ccc6d518c848919d0720f8/screenshot - {}
RESULT: {}
COMMAND: GET /session/2c43d02fb6ccc6d518c848919d0720f8/screenshot - {}
RESULT: {}
COMMAND: POST /session/2c43d02fb6ccc6d518c848919d0720f8/element - {"using":"xpath","value":"//span[contains(@id ,\"AddNewHO--typeSelect-arrow\")]"}
RESULT: {}
RESULT: {"using":"xpath","value":"//span[contains(@id ,\"AddNewHO--typeSelect-arrow\")]"}
COMMAND: POST /session/2c43d02fb6ccc6d518c848919d0720f8/element/f.291337A451B92CFAEC554A5CFCD049A1.d.973118E210D1E63F852793621380DDF1.e.14599/click - {}
RESULT: {}
COMMAND: GET /session/2c43d02fb6ccc6d518c848919d0720f8/screenshot - {}
RESULT: {}
COMMAND: POST /session/2c43d02fb6ccc6d518c848919d0720f8/element - {"using":"xpath","value":"(//li[contains(text(), \"stock increase yard\")])[1]"}
RESULT: {"using":"xpath","value":"(//li[contains(text(), \"stock increase yard\")])[1]"}
COMMAND: POST /session/2c43d02fb6ccc6d518c848919d0720f8/element/f.291337A451B92CFAEC554A5CFCD049A1.d.973118E210D1E63F852793621380DDF1.e.14600/click - {}
RESULT: {}
COMMAND: GET /session/2c43d02fb6ccc6d518c848919d0720f8/screenshot - {}
RESULT: {}
COMMAND: POST /session/2c43d02fb6ccc6d518c848919d0720f8/execute/async - {"script":"<script> [1562 bytes]","args":[{"selector":{"id":"application-managehandovers-display-component---AddNewHO--dueDate","interaction":{"idSuffix":"inner"}},"wdio_ui5_key":"applicationmanagehandovers-display-component---AddNewHO--dueDate"}]}
RESULT: {"script":"<script> [1562 bytes]","args":[{"selector":{"id":"application-managehandovers-display-component---AddNewHO--dueDate","interaction":{"idSuffix":"inner"}},"wdio_ui5_key":"applicationmanagehandovers-display-component---AddNewHO--dueDate"}]}
RESULT: undefined
COMMAND: POST /session/2c43d02fb6ccc6d518c848919d0720f8/execute/async - {"script":"<script> [6424 bytes]","args":[{"element-6066-11e4-a52e-4f735466cecf":"f.291337A451B92CFAEC554A5CFCD049A1.d.973118E210D1E63F852793621380DDF1.e.14603"},"setValue",["6/1/25"]]}
RESULT: {"script":"<script> [6424 bytes]","args":[{"element-6066-11e4-a52e-4f735466cecf":"f.291337A451B92CFAEC554A5CFCD049A1.d.973118E210D1E63F852793621380DDF1.e.14603"},"setValue",["6/1/25"]]}
COMMAND: POST /session/2c43d02fb6ccc6d518c848919d0720f8/element - {"using":"xpath","value":"//input[@id=\"generalSectionFrg--receiveYard-inner\"]"}
RESULT: {"using":"xpath","value":"//input[@id=\"generalSectionFrg--receiveYard-inner\"]"}
COMMAND: POST /session/2c43d02fb6ccc6d518c848919d0720f8/element/f.291337A451B92CFAEC554A5CFCD049A1.d.973118E210D1E63F852793621380DDF1.e.14609/clear - {}
RESULT: {}
COMMAND: POST /session/2c43d02fb6ccc6d518c848919d0720f8/element/f.291337A451B92CFAEC554A5CFCD049A1.d.973118E210D1E63F852793621380DDF1.e.14609/value - {"text":"WebdriverYardfmxy6"}
COMMAND: GET /session/2c43d02fb6ccc6d518c848919d0720f8/screenshot - {}
RESULT: {"text":"WebdriverYardfmxy6"}
COMMAND: GET /session/2c43d02fb6ccc6d518c848919d0720f8/screenshot - {}
RESULT: {}
RESULT: {}
COMMAND: POST /session/2c43d02fb6ccc6d518c848919d0720f8/execute/async - {"script":"<script> [1562 bytes]","args":[{"selector":{"id":"application-managehandovers-display-component---AddNewHO--ObjectPageLayout-anchBar-application-managehandovers-display-component---AddNewHO--section4-anchor","interaction":{"idSuffix":"BDI-content"}},"wdio_ui5_key":"applicationmanagehandovers-display-component---AddNewHO--ObjectPageLayout-anchBar-application-managehandovers-display-component---AddNewHO--section4-anchor"}]}
RESULT: {"script":"<script> [1562 bytes]","args":[{"selector":{"id":"application-managehandovers-display-component---AddNewHO--ObjectPageLayout-anchBar-application-managehandovers-display-component---AddNewHO--section4-anchor","interaction":{"idSuffix":"BDI-content"}},"wdio_ui5_key":"applicationmanagehandovers-display-component---AddNewHO--ObjectPageLayout-anchBar-application-managehandovers-display-component---AddNewHO--section4-anchor"}]}
RESULT: undefined
COMMAND: POST /session/2c43d02fb6ccc6d518c848919d0720f8/element - {"using":"xpath","value":"//*[@id=\"application-managehandovers-display-component---AddNewHO--ObjectPageLayout-anchBar-application-managehandovers-display-component---AddNewHO--section4-anchor\"]"}
RESULT: {"using":"xpath","value":"//*[@id=\"application-managehandovers-display-component---AddNewHO--ObjectPageLayout-anchBar-application-managehandovers-display-component---AddNewHO--section4-anchor\"]"}
COMMAND: POST /session/2c43d02fb6ccc6d518c848919d0720f8/element/f.291337A451B92CFAEC554A5CFCD049A1.d.973118E210D1E63F852793621380DDF1.e.14627/click - {}
RESULT: {}
COMMAND: GET /session/2c43d02fb6ccc6d518c848919d0720f8/screenshot - {}
RESULT: {}
COMMAND: POST /session/2c43d02fb6ccc6d518c848919d0720f8/element - {"using":"xpath","value":"//button[@aria-label=\"Add\"]"}
RESULT: {"using":"xpath","value":"//button[@aria-label=\"Add\"]"}
COMMAND: POST /session/2c43d02fb6ccc6d518c848919d0720f8/element/f.291337A451B92CFAEC554A5CFCD049A1.d.973118E210D1E63F852793621380DDF1.e.14630/click - {}
RESULT: {}
COMMAND: GET /session/2c43d02fb6ccc6d518c848919d0720f8/screenshot - {}
RESULT: {}
COMMAND: POST /session/2c43d02fb6ccc6d518c848919d0720f8/execute/async - {"script":"<script> [1562 bytes]","args":[{"selector":{"id":"application-managehandovers-display-component---AddNewHO--smartFilterBar-btnBasicSearch","searchOpenDialogs":true,"interaction":{"idSuffix":"I"}},"wdio_ui5_key":"applicationmanagehandovers-display-component---AddNewHO--smartFilterBar-btnBasicSearch"}]}
RESULT: {"script":"<script> [1562 bytes]","args":[{"selector":{"id":"application-managehandovers-display-component---AddNewHO--smartFilterBar-btnBasicSearch","searchOpenDialogs":true,"interaction":{"idSuffix":"I"}},"wdio_ui5_key":"applicationmanagehandovers-display-component---AddNewHO--smartFilterBar-btnBasicSearch"}]}
RESULT: undefined
COMMAND: POST /session/2c43d02fb6ccc6d518c848919d0720f8/execute/async - {"script":"<script> [776 bytes]","args":[{"enterText":"WebdriverMatTesto1rn8","selector":{"id":"application-managehandovers-display-component---AddNewHO--smartFilterBar-btnBasicSearch","searchOpenDialogs":true,"interaction":{"idSuffix":"I"}},"clearTextFirst":true,"interactionType":"ENTER_TEXT"}]}
RESULT: {"script":"<script> [776 bytes]","args":[{"enterText":"WebdriverMatTesto1rn8","selector":{"id":"application-managehandovers-display-component---AddNewHO--smartFilterBar-btnBasicSearch","searchOpenDialogs":true,"interaction":{"idSuffix":"I"}},"clearTextFirst":true,"interactionType":"ENTER_TEXT"}]}
COMMAND: POST /session/2c43d02fb6ccc6d518c848919d0720f8/actions - {"actions":[{"id":"action71","type":"key","parameters":{},"actions":[{"type":"keyDown","value":""},{"type":"pause","duration":10},{"type":"keyUp","value":""}]}]}
RESULT: {"actions":[{"id":"action71","type":"key","parameters":{},"actions":[{"type":"keyDown","value":""},{"type":"pause","duration":10},{"type":"keyUp","value":""}]}]}
COMMAND: POST /session/2c43d02fb6ccc6d518c848919d0720f8/execute/async - {"script":"<script> [1562 bytes]","args":[{"selector":{"id":"application-managehandovers-display-component---AddNewHO--popup-sa","searchOpenDialogs":true,"interaction":{"idSuffix":"CbBg"}},"wdio_ui5_key":"applicationmanagehandovers-display-component---AddNewHO--popup-sa"}]}
COMMAND: GET /session/2c43d02fb6ccc6d518c848919d0720f8/screenshot - {}
RESULT: {"script":"<script> [1562 bytes]","args":[{"selector":{"id":"application-managehandovers-display-component---AddNewHO--popup-sa","searchOpenDialogs":true,"interaction":{"idSuffix":"CbBg"}},"wdio_ui5_key":"applicationmanagehandovers-display-component---AddNewHO--popup-sa"}]}
RESULT: undefined
COMMAND: POST /session/2c43d02fb6ccc6d518c848919d0720f8/element - {"using":"xpath","value":"//*[@id=\"application-managehandovers-display-component---AddNewHO--popup-sa\"]"}
RESULT: {}
RESULT: {"using":"xpath","value":"//*[@id=\"application-managehandovers-display-component---AddNewHO--popup-sa\"]"}
COMMAND: POST /session/2c43d02fb6ccc6d518c848919d0720f8/element/f.291337A451B92CFAEC554A5CFCD049A1.d.973118E210D1E63F852793621380DDF1.e.14758/click - {}
RESULT: {}
COMMAND: GET /session/2c43d02fb6ccc6d518c848919d0720f8/screenshot - {}
RESULT: {}
COMMAND: POST /session/2c43d02fb6ccc6d518c848919d0720f8/element - {"using":"xpath","value":"//bdi[contains(text(), \"Select\")]"}
RESULT: {"using":"xpath","value":"//bdi[contains(text(), \"Select\")]"}
COMMAND: POST /session/2c43d02fb6ccc6d518c848919d0720f8/element/f.291337A451B92CFAEC554A5CFCD049A1.d.973118E210D1E63F852793621380DDF1.e.14759/click - {}
RESULT: {}
COMMAND: GET /session/2c43d02fb6ccc6d518c848919d0720f8/screenshot - {}
RESULT: {}
COMMAND: POST /session/2c43d02fb6ccc6d518c848919d0720f8/execute/async - {"script":"<script> [1562 bytes]","args":[{"selector":{"controlType":"sap.m.Input","viewName":"etm.portal.ui.managehandovers.view.AddNewHO","viewId":"application-managehandovers-display-component---AddNewHO","bindingPath":{"path":"/items/0","propertyPath":"TYPE","modelName":"hoItemsModel"},"interaction":{"idSuffix":"inner"}},"wdio_ui5_key":"etmportal.ui.managehandovers.view.AddNewHOsap.m.Input{\"path\":\"/items/0\",\"propertyPath\":\"TYPE\",\"modelName\":\"hoItemsModel\"}"}]}
RESULT: {"script":"<script> [1562 bytes]","args":[{"selector":{"controlType":"sap.m.Input","viewName":"etm.portal.ui.managehandovers.view.AddNewHO","viewId":"application-managehandovers-display-component---AddNewHO","bindingPath":{"path":"/items/0","propertyPath":"TYPE","modelName":"hoItemsModel"},"interaction":{"idSuffix":"inner"}},"wdio_ui5_key":"etmportal.ui.managehandovers.view.AddNewHOsap.m.Input{\"path\":\"/items/0\",\"propertyPath\":\"TYPE\",\"modelName\":\"hoItemsModel\"}"}]}
RESULT: undefined
COMMAND: POST /session/2c43d02fb6ccc6d518c848919d0720f8/execute/async - {"script":"<script> [776 bytes]","args":[{"enterText":"100","selector":{"controlType":"sap.m.Input","viewName":"etm.portal.ui.managehandovers.view.AddNewHO","viewId":"application-managehandovers-display-component---AddNewHO","bindingPath":{"path":"/items/0","propertyPath":"TYPE","modelName":"hoItemsModel"},"interaction":{"idSuffix":"inner"}},"clearTextFirst":true,"interactionType":"ENTER_TEXT"}]}
RESULT: {"script":"<script> [776 bytes]","args":[{"enterText":"100","selector":{"controlType":"sap.m.Input","viewName":"etm.portal.ui.managehandovers.view.AddNewHO","viewId":"application-managehandovers-display-component---AddNewHO","bindingPath":{"path":"/items/0","propertyPath":"TYPE","modelName":"hoItemsModel"},"interaction":{"idSuffix":"inner"}},"clearTextFirst":true,"interactionType":"ENTER_TEXT"}]}
COMMAND: POST /session/2c43d02fb6ccc6d518c848919d0720f8/element - {"using":"xpath","value":"//button[@data-kt=\"AddNewHOSaveButton\"]"}
RESULT: {"using":"xpath","value":"//button[@data-kt=\"AddNewHOSaveButton\"]"}
COMMAND: POST /session/2c43d02fb6ccc6d518c848919d0720f8/element/f.291337A451B92CFAEC554A5CFCD049A1.d.973118E210D1E63F852793621380DDF1.e.14764/click - {}
RESULT: {}
COMMAND: GET /session/2c43d02fb6ccc6d518c848919d0720f8/screenshot - {}
RESULT: {}
COMMAND: POST /session/2c43d02fb6ccc6d518c848919d0720f8/execute/async - {"script":"<script> [1562 bytes]","args":[{"selector":{"id":"receiptDatePicker","viewName":"etm.portal.ui.managehandovers.view.DetailExecuteHO","interaction":{"idSuffix":"inner"}},"wdio_ui5_key":"receiptDatePickeretmportal.ui.managehandovers.view.DetailExecuteHO"}]}
RESULT: {"script":"<script> [1562 bytes]","args":[{"selector":{"id":"receiptDatePicker","viewName":"etm.portal.ui.managehandovers.view.DetailExecuteHO","interaction":{"idSuffix":"inner"}},"wdio_ui5_key":"receiptDatePickeretmportal.ui.managehandovers.view.DetailExecuteHO"}]}
RESULT: undefined
COMMAND: POST /session/2c43d02fb6ccc6d518c848919d0720f8/execute/async - {"script":"<script> [6424 bytes]","args":[{"element-6066-11e4-a52e-4f735466cecf":"f.291337A451B92CFAEC554A5CFCD049A1.d.973118E210D1E63F852793621380DDF1.e.14794"},"setValue",["6/1/25"]]}
RESULT: {"script":"<script> [6424 bytes]","args":[{"element-6066-11e4-a52e-4f735466cecf":"f.291337A451B92CFAEC554A5CFCD049A1.d.973118E210D1E63F852793621380DDF1.e.14794"},"setValue",["6/1/25"]]}
COMMAND: POST /session/2c43d02fb6ccc6d518c848919d0720f8/actions - {"actions":[{"id":"action72","type":"key","parameters":{},"actions":[{"type":"keyDown","value":""},{"type":"pause","duration":10},{"type":"keyUp","value":""}]}]}
RESULT: {"actions":[{"id":"action72","type":"key","parameters":{},"actions":[{"type":"keyDown","value":""},{"type":"pause","duration":10},{"type":"keyUp","value":""}]}]}
COMMAND: POST /session/2c43d02fb6ccc6d518c848919d0720f8/actions - {"actions":[{"id":"action73","type":"key","parameters":{},"actions":[{"type":"keyDown","value":""},{"type":"pause","duration":10},{"type":"keyUp","value":""}]}]}
COMMAND: GET /session/2c43d02fb6ccc6d518c848919d0720f8/screenshot - {}
RESULT: {"actions":[{"id":"action73","type":"key","parameters":{},"actions":[{"type":"keyDown","value":""},{"type":"pause","duration":10},{"type":"keyUp","value":""}]}]}
COMMAND: POST /session/2c43d02fb6ccc6d518c848919d0720f8/element - {"using":"xpath","value":"//button[@data-kt=\"ReceivingTableConfirmAllButton\"]"}
COMMAND: GET /session/2c43d02fb6ccc6d518c848919d0720f8/screenshot - {}
RESULT: {}
RESULT: {"using":"xpath","value":"//button[@data-kt=\"ReceivingTableConfirmAllButton\"]"}
COMMAND: POST /session/2c43d02fb6ccc6d518c848919d0720f8/element/f.291337A451B92CFAEC554A5CFCD049A1.d.973118E210D1E63F852793621380DDF1.e.14809/click - {}
RESULT: {}
RESULT: {}
COMMAND: GET /session/2c43d02fb6ccc6d518c848919d0720f8/screenshot - {}
RESULT: {}
COMMAND: POST /session/2c43d02fb6ccc6d518c848919d0720f8/element - {"using":"xpath","value":"//bdi[contains(text(), \"OK\")]"}
RESULT: {"using":"xpath","value":"//bdi[contains(text(), \"OK\")]"}
COMMAND: POST /session/2c43d02fb6ccc6d518c848919d0720f8/element/f.291337A451B92CFAEC554A5CFCD049A1.d.973118E210D1E63F852793621380DDF1.e.14812/click - {}
RESULT: {}
COMMAND: GET /session/2c43d02fb6ccc6d518c848919d0720f8/screenshot - {}
RESULT: {}
COMMAND: POST /session/2c43d02fb6ccc6d518c848919d0720f8/element - {"using":"xpath","value":"(//bdi[contains(text(), \"Receive\")])[2]"}
RESULT: {"using":"xpath","value":"(//bdi[contains(text(), \"Receive\")])[2]"}
COMMAND: POST /session/2c43d02fb6ccc6d518c848919d0720f8/element/f.291337A451B92CFAEC554A5CFCD049A1.d.973118E210D1E63F852793621380DDF1.e.14813/click - {}
RESULT: {}
COMMAND: GET /session/2c43d02fb6ccc6d518c848919d0720f8/screenshot - {}
RESULT: {}
COMMAND: POST /session/2c43d02fb6ccc6d518c848919d0720f8/element - {"using":"css selector","value":"#shell-header-logo"}
RESULT: {"using":"css selector","value":"#shell-header-logo"}
COMMAND: POST /session/2c43d02fb6ccc6d518c848919d0720f8/element/f.291337A451B92CFAEC554A5CFCD049A1.d.973118E210D1E63F852793621380DDF1.e.14309/click - {}
RESULT: {}
]]></system-out>
    </testcase>
    <testcase classname="chrome.136_0_7103_93.windows.E2E_-_Logistical_and_commercial_statuses" name="Should add a pricing rule and a condition to the RU" time="110.293">
      <system-out><![CDATA[
COMMAND: POST /session/2c43d02fb6ccc6d518c848919d0720f8/execute/async - {"script":"<script> [1562 bytes]","args":[{"selector":{"controlType":"sap.m.GenericTile","properties":{"header":"Manage Pricing Rules"}},"wdio_ui5_key":"sapm.GenericTile{\"header\":\"Manage Pricing Rules\"}"}]}
COMMAND: GET /session/2c43d02fb6ccc6d518c848919d0720f8/screenshot - {}
RESULT: {"script":"<script> [1562 bytes]","args":[{"selector":{"controlType":"sap.m.GenericTile","properties":{"header":"Manage Pricing Rules"}},"wdio_ui5_key":"sapm.GenericTile{\"header\":\"Manage Pricing Rules\"}"}]}
RESULT: undefined
COMMAND: POST /session/2c43d02fb6ccc6d518c848919d0720f8/element - {"using":"xpath","value":"//*[@id=\"__tile55\"]"}
RESULT: {}
RESULT: {"using":"xpath","value":"//*[@id=\"__tile55\"]"}
COMMAND: POST /session/2c43d02fb6ccc6d518c848919d0720f8/element/f.291337A451B92CFAEC554A5CFCD049A1.d.973118E210D1E63F852793621380DDF1.e.15048/click - {}
RESULT: {}
COMMAND: GET /session/2c43d02fb6ccc6d518c848919d0720f8/screenshot - {}
RESULT: {}
COMMAND: POST /session/2c43d02fb6ccc6d518c848919d0720f8/elements - {"using":"xpath","value":"//span[text()='Error']"}
RESULT: {"using":"xpath","value":"//span[text()='Error']"}
COMMAND: POST /session/2c43d02fb6ccc6d518c848919d0720f8/execute/async - {"script":"<script> [1562 bytes]","args":[{"selector":{"controlType":"sap.ui.core.Icon","viewName":"etm.portal.ui.managepricingrules.view.MasterHeader","viewId":"application-managepricingrules-display-component---priceInfoHeader","properties":{"src":{"regex":{"source":"activity\\-items"}}}},"wdio_ui5_key":"etmportal.ui.managepricingrules.view.MasterHeadersap.ui.core.Icon{\"src\":{\"regex\":{\"source\":\"activity\\\\-items\"}}}"}]}
RESULT: {"script":"<script> [1562 bytes]","args":[{"selector":{"controlType":"sap.ui.core.Icon","viewName":"etm.portal.ui.managepricingrules.view.MasterHeader","viewId":"application-managepricingrules-display-component---priceInfoHeader","properties":{"src":{"regex":{"source":"activity\\-items"}}}},"wdio_ui5_key":"etmportal.ui.managepricingrules.view.MasterHeadersap.ui.core.Icon{\"src\":{\"regex\":{\"source\":\"activity\\\\-items\"}}}"}]}
RESULT: undefined
COMMAND: POST /session/2c43d02fb6ccc6d518c848919d0720f8/element - {"using":"xpath","value":"//*[@id=\"__filter22-icon\"]"}
RESULT: {"using":"xpath","value":"//*[@id=\"__filter22-icon\"]"}
COMMAND: POST /session/2c43d02fb6ccc6d518c848919d0720f8/element/f.291337A451B92CFAEC554A5CFCD049A1.d.973118E210D1E63F852793621380DDF1.e.15097/click - {}
RESULT: {}
COMMAND: GET /session/2c43d02fb6ccc6d518c848919d0720f8/screenshot - {}
RESULT: {}
COMMAND: POST /session/2c43d02fb6ccc6d518c848919d0720f8/execute/async - {"script":"<script> [1562 bytes]","args":[{"selector":{"controlType":"sap.ui.core.Icon","viewName":"etm.portal.ui.managepricingrules.view.MasterItem","viewId":"application-managepricingrules-display-component---priceInfoItem","properties":{"src":{"regex":{"source":"add"}}}},"wdio_ui5_key":"etmportal.ui.managepricingrules.view.MasterItemsap.ui.core.Icon{\"src\":{\"regex\":{\"source\":\"add\"}}}"}]}
RESULT: {"script":"<script> [1562 bytes]","args":[{"selector":{"controlType":"sap.ui.core.Icon","viewName":"etm.portal.ui.managepricingrules.view.MasterItem","viewId":"application-managepricingrules-display-component---priceInfoItem","properties":{"src":{"regex":{"source":"add"}}}},"wdio_ui5_key":"etmportal.ui.managepricingrules.view.MasterItemsap.ui.core.Icon{\"src\":{\"regex\":{\"source\":\"add\"}}}"}]}
RESULT: undefined
COMMAND: POST /session/2c43d02fb6ccc6d518c848919d0720f8/element - {"using":"xpath","value":"//*[@id=\"__button74-img\"]"}
RESULT: {"using":"xpath","value":"//*[@id=\"__button74-img\"]"}
COMMAND: POST /session/2c43d02fb6ccc6d518c848919d0720f8/element/f.291337A451B92CFAEC554A5CFCD049A1.d.973118E210D1E63F852793621380DDF1.e.15145/click - {}
RESULT: {}
COMMAND: GET /session/2c43d02fb6ccc6d518c848919d0720f8/screenshot - {}
RESULT: {}
COMMAND: POST /session/2c43d02fb6ccc6d518c848919d0720f8/element - {"using":"xpath","value":"//input[@id=\"application-managepricingrules-display-component---newInfoPriceItem--condRU-inner\"]"}
RESULT: {"using":"xpath","value":"//input[@id=\"application-managepricingrules-display-component---newInfoPriceItem--condRU-inner\"]"}
COMMAND: POST /session/2c43d02fb6ccc6d518c848919d0720f8/element/f.291337A451B92CFAEC554A5CFCD049A1.d.973118E210D1E63F852793621380DDF1.e.15356/clear - {}
RESULT: {}
COMMAND: POST /session/2c43d02fb6ccc6d518c848919d0720f8/element/f.291337A451B92CFAEC554A5CFCD049A1.d.973118E210D1E63F852793621380DDF1.e.15356/value - {"text":"WebdriverMatTesto1rn8"}
COMMAND: GET /session/2c43d02fb6ccc6d518c848919d0720f8/screenshot - {}
RESULT: {"text":"WebdriverMatTesto1rn8"}
COMMAND: POST /session/2c43d02fb6ccc6d518c848919d0720f8/execute/async - {"script":"<script> [1562 bytes]","args":[{"selector":{"id":"application-managepricingrules-display-component---newInfoPriceItem--condValidTo","interaction":{"idSuffix":"inner"}},"wdio_ui5_key":"applicationmanagepricingrules-display-component---newInfoPriceItem--condValidTo"}]}
COMMAND: GET /session/2c43d02fb6ccc6d518c848919d0720f8/screenshot - {}
RESULT: {}
RESULT: {"script":"<script> [1562 bytes]","args":[{"selector":{"id":"application-managepricingrules-display-component---newInfoPriceItem--condValidTo","interaction":{"idSuffix":"inner"}},"wdio_ui5_key":"applicationmanagepricingrules-display-component---newInfoPriceItem--condValidTo"}]}
RESULT: undefined
COMMAND: POST /session/2c43d02fb6ccc6d518c848919d0720f8/execute/async - {"script":"<script> [776 bytes]","args":[{"enterText":"5/18/33","selector":{"id":"application-managepricingrules-display-component---newInfoPriceItem--condValidTo","interaction":{"idSuffix":"inner"}},"clearTextFirst":true,"interactionType":"ENTER_TEXT"}]}
RESULT: {}
RESULT: {"script":"<script> [776 bytes]","args":[{"enterText":"5/18/33","selector":{"id":"application-managepricingrules-display-component---newInfoPriceItem--condValidTo","interaction":{"idSuffix":"inner"}},"clearTextFirst":true,"interactionType":"ENTER_TEXT"}]}
COMMAND: POST /session/2c43d02fb6ccc6d518c848919d0720f8/execute/async - {"script":"<script> [1562 bytes]","args":[{"selector":{"id":"application-managepricingrules-display-component---newInfoPriceItem--billType-arrow"},"wdio_ui5_key":"applicationmanagepricingrules-display-component---newInfoPriceItem--billType-arrow"}]}
RESULT: {"script":"<script> [1562 bytes]","args":[{"selector":{"id":"application-managepricingrules-display-component---newInfoPriceItem--billType-arrow"},"wdio_ui5_key":"applicationmanagepricingrules-display-component---newInfoPriceItem--billType-arrow"}]}
RESULT: undefined
COMMAND: POST /session/2c43d02fb6ccc6d518c848919d0720f8/element - {"using":"xpath","value":"//*[@id=\"application-managepricingrules-display-component---newInfoPriceItem--billType-arrow\"]"}
RESULT: {"using":"xpath","value":"//*[@id=\"application-managepricingrules-display-component---newInfoPriceItem--billType-arrow\"]"}
COMMAND: POST /session/2c43d02fb6ccc6d518c848919d0720f8/element/f.291337A451B92CFAEC554A5CFCD049A1.d.973118E210D1E63F852793621380DDF1.e.15449/click - {}
RESULT: {}
COMMAND: POST /session/2c43d02fb6ccc6d518c848919d0720f8/element - {"using":"xpath","value":"//span[contains(text(), \"TB - Time based\")]"}
COMMAND: GET /session/2c43d02fb6ccc6d518c848919d0720f8/screenshot - {}
RESULT: {"using":"xpath","value":"//span[contains(text(), \"TB - Time based\")]"}
COMMAND: POST /session/2c43d02fb6ccc6d518c848919d0720f8/element/f.291337A451B92CFAEC554A5CFCD049A1.d.973118E210D1E63F852793621380DDF1.e.15496/click - {}
RESULT: {}
RESULT: {}
COMMAND: POST /session/2c43d02fb6ccc6d518c848919d0720f8/execute/async - {"script":"<script> [1562 bytes]","args":[{"selector":{"id":"application-managepricingrules-display-component---newInfoPriceItem--priceProc-arrow"},"wdio_ui5_key":"applicationmanagepricingrules-display-component---newInfoPriceItem--priceProc-arrow"}]}
COMMAND: GET /session/2c43d02fb6ccc6d518c848919d0720f8/screenshot - {}
RESULT: {"script":"<script> [1562 bytes]","args":[{"selector":{"id":"application-managepricingrules-display-component---newInfoPriceItem--priceProc-arrow"},"wdio_ui5_key":"applicationmanagepricingrules-display-component---newInfoPriceItem--priceProc-arrow"}]}
RESULT: undefined
COMMAND: POST /session/2c43d02fb6ccc6d518c848919d0720f8/element - {"using":"xpath","value":"//*[@id=\"application-managepricingrules-display-component---newInfoPriceItem--priceProc-arrow\"]"}
RESULT: {}
RESULT: {"using":"xpath","value":"//*[@id=\"application-managepricingrules-display-component---newInfoPriceItem--priceProc-arrow\"]"}
COMMAND: POST /session/2c43d02fb6ccc6d518c848919d0720f8/element/f.291337A451B92CFAEC554A5CFCD049A1.d.973118E210D1E63F852793621380DDF1.e.15456/click - {}
RESULT: {}
COMMAND: POST /session/2c43d02fb6ccc6d518c848919d0720f8/element - {"using":"xpath","value":"//span[contains(text(), \"TBS - Time based standard\")]"}
COMMAND: GET /session/2c43d02fb6ccc6d518c848919d0720f8/screenshot - {}
RESULT: {"using":"xpath","value":"//span[contains(text(), \"TBS - Time based standard\")]"}
COMMAND: POST /session/2c43d02fb6ccc6d518c848919d0720f8/element/f.291337A451B92CFAEC554A5CFCD049A1.d.973118E210D1E63F852793621380DDF1.e.15497/click - {}
RESULT: {}
RESULT: {}
COMMAND: POST /session/2c43d02fb6ccc6d518c848919d0720f8/execute/async - {"script":"<script> [1562 bytes]","args":[{"selector":{"id":"application-managepricingrules-display-component---newInfoPriceItem--calcBase-arrow"},"wdio_ui5_key":"applicationmanagepricingrules-display-component---newInfoPriceItem--calcBase-arrow"}]}
COMMAND: GET /session/2c43d02fb6ccc6d518c848919d0720f8/screenshot - {}
RESULT: {"script":"<script> [1562 bytes]","args":[{"selector":{"id":"application-managepricingrules-display-component---newInfoPriceItem--calcBase-arrow"},"wdio_ui5_key":"applicationmanagepricingrules-display-component---newInfoPriceItem--calcBase-arrow"}]}
RESULT: undefined
COMMAND: POST /session/2c43d02fb6ccc6d518c848919d0720f8/element - {"using":"xpath","value":"//*[@id=\"application-managepricingrules-display-component---newInfoPriceItem--calcBase-arrow\"]"}
RESULT: {}
RESULT: {"using":"xpath","value":"//*[@id=\"application-managepricingrules-display-component---newInfoPriceItem--calcBase-arrow\"]"}
COMMAND: POST /session/2c43d02fb6ccc6d518c848919d0720f8/element/f.291337A451B92CFAEC554A5CFCD049A1.d.973118E210D1E63F852793621380DDF1.e.15463/click - {}
RESULT: {}
COMMAND: GET /session/2c43d02fb6ccc6d518c848919d0720f8/screenshot - {}
RESULT: {}
COMMAND: POST /session/2c43d02fb6ccc6d518c848919d0720f8/element - {"using":"xpath","value":"//span[contains(text(), \"0006 - TB(calendar days)\")]"}
RESULT: {"using":"xpath","value":"//span[contains(text(), \"0006 - TB(calendar days)\")]"}
COMMAND: POST /session/2c43d02fb6ccc6d518c848919d0720f8/element/f.291337A451B92CFAEC554A5CFCD049A1.d.973118E210D1E63F852793621380DDF1.e.15498/click - {}
RESULT: {}
COMMAND: POST /session/2c43d02fb6ccc6d518c848919d0720f8/execute/async - {"script":"<script> [1562 bytes]","args":[{"selector":{"id":"application-managepricingrules-display-component---newInfoPriceItem--daysMonth","interaction":{"idSuffix":"inner"}},"wdio_ui5_key":"applicationmanagepricingrules-display-component---newInfoPriceItem--daysMonth"}]}
COMMAND: GET /session/2c43d02fb6ccc6d518c848919d0720f8/screenshot - {}
RESULT: {"script":"<script> [1562 bytes]","args":[{"selector":{"id":"application-managepricingrules-display-component---newInfoPriceItem--daysMonth","interaction":{"idSuffix":"inner"}},"wdio_ui5_key":"applicationmanagepricingrules-display-component---newInfoPriceItem--daysMonth"}]}
RESULT: undefined
COMMAND: POST /session/2c43d02fb6ccc6d518c848919d0720f8/execute/async - {"script":"<script> [776 bytes]","args":[{"enterText":"30","selector":{"id":"application-managepricingrules-display-component---newInfoPriceItem--daysMonth","interaction":{"idSuffix":"inner"}},"clearTextFirst":true,"interactionType":"ENTER_TEXT"}]}
RESULT: {}
RESULT: {"script":"<script> [776 bytes]","args":[{"enterText":"30","selector":{"id":"application-managepricingrules-display-component---newInfoPriceItem--daysMonth","interaction":{"idSuffix":"inner"}},"clearTextFirst":true,"interactionType":"ENTER_TEXT"}]}
COMMAND: POST /session/2c43d02fb6ccc6d518c848919d0720f8/element - {"using":"xpath","value":"//button[@data-kt=\"saveNewRuleButton\"]"}
RESULT: {"using":"xpath","value":"//button[@data-kt=\"saveNewRuleButton\"]"}
COMMAND: POST /session/2c43d02fb6ccc6d518c848919d0720f8/element/f.291337A451B92CFAEC554A5CFCD049A1.d.973118E210D1E63F852793621380DDF1.e.15484/click - {}
RESULT: {}
COMMAND: GET /session/2c43d02fb6ccc6d518c848919d0720f8/screenshot - {}
RESULT: {}
COMMAND: POST /session/2c43d02fb6ccc6d518c848919d0720f8/element - {"using":"css selector","value":"#shell-header-logo"}
RESULT: {"using":"css selector","value":"#shell-header-logo"}
COMMAND: POST /session/2c43d02fb6ccc6d518c848919d0720f8/element/f.291337A451B92CFAEC554A5CFCD049A1.d.973118E210D1E63F852793621380DDF1.e.15050/click - {}
RESULT: {}
COMMAND: GET /session/2c43d02fb6ccc6d518c848919d0720f8/screenshot - {}
RESULT: {}
COMMAND: POST /session/2c43d02fb6ccc6d518c848919d0720f8/execute/async - {"script":"<script> [1562 bytes]","args":[{"selector":{"controlType":"sap.m.Text","properties":{"text":"Manage Conditions & Prices"},"interaction":{"idSuffix":"inner"}},"wdio_ui5_key":"sapm.Text{\"text\":\"Manage Conditions & Prices\"}"}]}
RESULT: {"script":"<script> [1562 bytes]","args":[{"selector":{"controlType":"sap.m.Text","properties":{"text":"Manage Conditions & Prices"},"interaction":{"idSuffix":"inner"}},"wdio_ui5_key":"sapm.Text{\"text\":\"Manage Conditions & Prices\"}"}]}
RESULT: undefined
COMMAND: POST /session/2c43d02fb6ccc6d518c848919d0720f8/element - {"using":"xpath","value":"//*[@id=\"__tile53-title\"]"}
RESULT: {"using":"xpath","value":"//*[@id=\"__tile53-title\"]"}
COMMAND: POST /session/2c43d02fb6ccc6d518c848919d0720f8/element/f.291337A451B92CFAEC554A5CFCD049A1.d.973118E210D1E63F852793621380DDF1.e.15516/click - {}
RESULT: {}
COMMAND: GET /session/2c43d02fb6ccc6d518c848919d0720f8/screenshot - {}
RESULT: {}
COMMAND: POST /session/2c43d02fb6ccc6d518c848919d0720f8/element - {"using":"xpath","value":"//button[@aria-label=\"Create\"]"}
RESULT: {"using":"xpath","value":"//button[@aria-label=\"Create\"]"}
COMMAND: POST /session/2c43d02fb6ccc6d518c848919d0720f8/element/f.291337A451B92CFAEC554A5CFCD049A1.d.973118E210D1E63F852793621380DDF1.e.15547/click - {}
RESULT: {}
COMMAND: POST /session/2c43d02fb6ccc6d518c848919d0720f8/actions - {"actions":[{"id":"action74","type":"key","parameters":{},"actions":[{"type":"keyDown","value":""},{"type":"pause","duration":10},{"type":"keyUp","value":""}]}]}
COMMAND: GET /session/2c43d02fb6ccc6d518c848919d0720f8/screenshot - {}
RESULT: {"actions":[{"id":"action74","type":"key","parameters":{},"actions":[{"type":"keyDown","value":""},{"type":"pause","duration":10},{"type":"keyUp","value":""}]}]}
COMMAND: GET /session/2c43d02fb6ccc6d518c848919d0720f8/screenshot - {}
COMMAND: POST /session/2c43d02fb6ccc6d518c848919d0720f8/execute/async - {"script":"<script> [1562 bytes]","args":[{"selector":{"id":"application-manageconditionprice-display-component---newCondition--condBillCond-arrow"},"wdio_ui5_key":"applicationmanageconditionprice-display-component---newCondition--condBillCond-arrow"}]}
RESULT: {}
RESULT: {}
RESULT: {"script":"<script> [1562 bytes]","args":[{"selector":{"id":"application-manageconditionprice-display-component---newCondition--condBillCond-arrow"},"wdio_ui5_key":"applicationmanageconditionprice-display-component---newCondition--condBillCond-arrow"}]}
RESULT: undefined
COMMAND: POST /session/2c43d02fb6ccc6d518c848919d0720f8/element - {"using":"xpath","value":"//*[@id=\"application-manageconditionprice-display-component---newCondition--condBillCond-arrow\"]"}
RESULT: {"using":"xpath","value":"//*[@id=\"application-manageconditionprice-display-component---newCondition--condBillCond-arrow\"]"}
COMMAND: POST /session/2c43d02fb6ccc6d518c848919d0720f8/element/f.291337A451B92CFAEC554A5CFCD049A1.d.973118E210D1E63F852793621380DDF1.e.15930/click - {}
RESULT: {}
COMMAND: POST /session/2c43d02fb6ccc6d518c848919d0720f8/element - {"using":"xpath","value":"//span[contains(text(), \"DISP - D&I special price\")]"}
COMMAND: GET /session/2c43d02fb6ccc6d518c848919d0720f8/screenshot - {}
RESULT: {"using":"xpath","value":"//span[contains(text(), \"DISP - D&I special price\")]"}
COMMAND: POST /session/2c43d02fb6ccc6d518c848919d0720f8/element/f.291337A451B92CFAEC554A5CFCD049A1.d.973118E210D1E63F852793621380DDF1.e.15933/click - {}
RESULT: {}
RESULT: {}
COMMAND: POST /session/2c43d02fb6ccc6d518c848919d0720f8/execute/async - {"script":"<script> [1562 bytes]","args":[{"selector":{"id":"application-manageconditionprice-display-component---newCondition--condValidTo","interaction":{"idSuffix":"inner"}},"wdio_ui5_key":"applicationmanageconditionprice-display-component---newCondition--condValidTo"}]}
COMMAND: GET /session/2c43d02fb6ccc6d518c848919d0720f8/screenshot - {}
RESULT: {"script":"<script> [1562 bytes]","args":[{"selector":{"id":"application-manageconditionprice-display-component---newCondition--condValidTo","interaction":{"idSuffix":"inner"}},"wdio_ui5_key":"applicationmanageconditionprice-display-component---newCondition--condValidTo"}]}
RESULT: undefined
COMMAND: POST /session/2c43d02fb6ccc6d518c848919d0720f8/execute/async - {"script":"<script> [776 bytes]","args":[{"enterText":"5/11/33","selector":{"id":"application-manageconditionprice-display-component---newCondition--condValidTo","interaction":{"idSuffix":"inner"}},"clearTextFirst":true,"interactionType":"ENTER_TEXT"}]}
RESULT: {}
RESULT: {"script":"<script> [776 bytes]","args":[{"enterText":"5/11/33","selector":{"id":"application-manageconditionprice-display-component---newCondition--condValidTo","interaction":{"idSuffix":"inner"}},"clearTextFirst":true,"interactionType":"ENTER_TEXT"}]}
COMMAND: POST /session/2c43d02fb6ccc6d518c848919d0720f8/element - {"using":"xpath","value":"//input[@id=\"application-manageconditionprice-display-component---newCondition--condRU-inner\"]"}
RESULT: {"using":"xpath","value":"//input[@id=\"application-manageconditionprice-display-component---newCondition--condRU-inner\"]"}
COMMAND: POST /session/2c43d02fb6ccc6d518c848919d0720f8/element/f.291337A451B92CFAEC554A5CFCD049A1.d.973118E210D1E63F852793621380DDF1.e.15609/clear - {}
RESULT: {}
COMMAND: POST /session/2c43d02fb6ccc6d518c848919d0720f8/element/f.291337A451B92CFAEC554A5CFCD049A1.d.973118E210D1E63F852793621380DDF1.e.15609/value - {"text":"WebdriverMatTesto1rn8"}
COMMAND: GET /session/2c43d02fb6ccc6d518c848919d0720f8/screenshot - {}
RESULT: {"text":"WebdriverMatTesto1rn8"}
COMMAND: GET /session/2c43d02fb6ccc6d518c848919d0720f8/screenshot - {}
RESULT: {}
RESULT: {}
COMMAND: POST /session/2c43d02fb6ccc6d518c848919d0720f8/actions - {"actions":[{"id":"action75","type":"key","parameters":{},"actions":[{"type":"keyDown","value":""},{"type":"pause","duration":10},{"type":"keyUp","value":""}]}]}
RESULT: {"actions":[{"id":"action75","type":"key","parameters":{},"actions":[{"type":"keyDown","value":""},{"type":"pause","duration":10},{"type":"keyUp","value":""}]}]}
COMMAND: POST /session/2c43d02fb6ccc6d518c848919d0720f8/execute/async - {"script":"<script> [1562 bytes]","args":[{"selector":{"id":"application-manageconditionprice-display-component---newCondition--condBaseQty","interaction":{"idSuffix":"inner"}},"wdio_ui5_key":"applicationmanageconditionprice-display-component---newCondition--condBaseQty"}]}
COMMAND: GET /session/2c43d02fb6ccc6d518c848919d0720f8/screenshot - {}
RESULT: {"script":"<script> [1562 bytes]","args":[{"selector":{"id":"application-manageconditionprice-display-component---newCondition--condBaseQty","interaction":{"idSuffix":"inner"}},"wdio_ui5_key":"applicationmanageconditionprice-display-component---newCondition--condBaseQty"}]}
RESULT: undefined
COMMAND: POST /session/2c43d02fb6ccc6d518c848919d0720f8/execute/async - {"script":"<script> [776 bytes]","args":[{"enterText":"1","selector":{"id":"application-manageconditionprice-display-component---newCondition--condBaseQty","interaction":{"idSuffix":"inner"}},"clearTextFirst":true,"interactionType":"ENTER_TEXT"}]}
RESULT: {}
RESULT: {"script":"<script> [776 bytes]","args":[{"enterText":"1","selector":{"id":"application-manageconditionprice-display-component---newCondition--condBaseQty","interaction":{"idSuffix":"inner"}},"clearTextFirst":true,"interactionType":"ENTER_TEXT"}]}
COMMAND: POST /session/2c43d02fb6ccc6d518c848919d0720f8/execute/async - {"script":"<script> [1562 bytes]","args":[{"selector":{"id":"application-manageconditionprice-display-component---newCondition--condValue","interaction":{"idSuffix":"inner"}},"wdio_ui5_key":"applicationmanageconditionprice-display-component---newCondition--condValue"}]}
RESULT: {"script":"<script> [1562 bytes]","args":[{"selector":{"id":"application-manageconditionprice-display-component---newCondition--condValue","interaction":{"idSuffix":"inner"}},"wdio_ui5_key":"applicationmanageconditionprice-display-component---newCondition--condValue"}]}
RESULT: undefined
COMMAND: POST /session/2c43d02fb6ccc6d518c848919d0720f8/execute/async - {"script":"<script> [776 bytes]","args":[{"enterText":"100","selector":{"id":"application-manageconditionprice-display-component---newCondition--condValue","interaction":{"idSuffix":"inner"}},"clearTextFirst":true,"interactionType":"ENTER_TEXT"}]}
RESULT: {"script":"<script> [776 bytes]","args":[{"enterText":"100","selector":{"id":"application-manageconditionprice-display-component---newCondition--condValue","interaction":{"idSuffix":"inner"}},"clearTextFirst":true,"interactionType":"ENTER_TEXT"}]}
COMMAND: POST /session/2c43d02fb6ccc6d518c848919d0720f8/execute/async - {"script":"<script> [1562 bytes]","args":[{"selector":{"id":"application-manageconditionprice-display-component---newCondition--condCurr-arrow"},"wdio_ui5_key":"applicationmanageconditionprice-display-component---newCondition--condCurr-arrow"}]}
RESULT: {"script":"<script> [1562 bytes]","args":[{"selector":{"id":"application-manageconditionprice-display-component---newCondition--condCurr-arrow"},"wdio_ui5_key":"applicationmanageconditionprice-display-component---newCondition--condCurr-arrow"}]}
RESULT: undefined
COMMAND: POST /session/2c43d02fb6ccc6d518c848919d0720f8/element - {"using":"xpath","value":"//*[@id=\"application-manageconditionprice-display-component---newCondition--condCurr-arrow\"]"}
RESULT: {"using":"xpath","value":"//*[@id=\"application-manageconditionprice-display-component---newCondition--condCurr-arrow\"]"}
COMMAND: POST /session/2c43d02fb6ccc6d518c848919d0720f8/element/f.291337A451B92CFAEC554A5CFCD049A1.d.973118E210D1E63F852793621380DDF1.e.15916/click - {}
RESULT: {}
COMMAND: POST /session/2c43d02fb6ccc6d518c848919d0720f8/element - {"using":"xpath","value":"//span[contains(text(), \"Euro\")]"}
COMMAND: GET /session/2c43d02fb6ccc6d518c848919d0720f8/screenshot - {}
RESULT: {"using":"xpath","value":"//span[contains(text(), \"Euro\")]"}
COMMAND: POST /session/2c43d02fb6ccc6d518c848919d0720f8/element/f.291337A451B92CFAEC554A5CFCD049A1.d.973118E210D1E63F852793621380DDF1.e.15969/click - {}
RESULT: {}
RESULT: {}
COMMAND: POST /session/2c43d02fb6ccc6d518c848919d0720f8/element - {"using":"xpath","value":"//button[@data-kt=\"saveButton\"]"}
COMMAND: GET /session/2c43d02fb6ccc6d518c848919d0720f8/screenshot - {}
RESULT: {"using":"xpath","value":"//button[@data-kt=\"saveButton\"]"}
COMMAND: POST /session/2c43d02fb6ccc6d518c848919d0720f8/element/f.291337A451B92CFAEC554A5CFCD049A1.d.973118E210D1E63F852793621380DDF1.e.15917/click - {}
RESULT: {}
RESULT: {}
COMMAND: GET /session/2c43d02fb6ccc6d518c848919d0720f8/screenshot - {}
RESULT: {}
COMMAND: POST /session/2c43d02fb6ccc6d518c848919d0720f8/element - {"using":"css selector","value":"#shell-header-logo"}
RESULT: {"using":"css selector","value":"#shell-header-logo"}
COMMAND: POST /session/2c43d02fb6ccc6d518c848919d0720f8/element/f.291337A451B92CFAEC554A5CFCD049A1.d.973118E210D1E63F852793621380DDF1.e.15519/click - {}
RESULT: {}
COMMAND: GET /session/2c43d02fb6ccc6d518c848919d0720f8/screenshot - {}
RESULT: {}
]]></system-out>
    </testcase>
    <testcase classname="chrome.136_0_7103_93.windows.E2E_-_Logistical_and_commercial_statuses" name="Should create a new contract" time="74.799">
      <system-out><![CDATA[
COMMAND: POST /session/2c43d02fb6ccc6d518c848919d0720f8/execute/async - {"script":"<script> [1562 bytes]","args":[{"selector":{"controlType":"sap.m.GenericTile","properties":{"header":"Manage Contracts"}},"wdio_ui5_key":"sapm.GenericTile{\"header\":\"Manage Contracts\"}"}]}
RESULT: {"script":"<script> [1562 bytes]","args":[{"selector":{"controlType":"sap.m.GenericTile","properties":{"header":"Manage Contracts"}},"wdio_ui5_key":"sapm.GenericTile{\"header\":\"Manage Contracts\"}"}]}
RESULT: undefined
COMMAND: POST /session/2c43d02fb6ccc6d518c848919d0720f8/element - {"using":"xpath","value":"//*[@id=\"__tile133\"]"}
RESULT: {"using":"xpath","value":"//*[@id=\"__tile133\"]"}
COMMAND: POST /session/2c43d02fb6ccc6d518c848919d0720f8/element/f.291337A451B92CFAEC554A5CFCD049A1.d.973118E210D1E63F852793621380DDF1.e.16122/click - {}
RESULT: {}
COMMAND: GET /session/2c43d02fb6ccc6d518c848919d0720f8/screenshot - {}
RESULT: {}
COMMAND: POST /session/2c43d02fb6ccc6d518c848919d0720f8/elements - {"using":"xpath","value":"//span[text()='Error']"}
RESULT: {"using":"xpath","value":"//span[text()='Error']"}
COMMAND: POST /session/2c43d02fb6ccc6d518c848919d0720f8/element - {"using":"xpath","value":"//button[@data-kt=\"addButton\"]"}
RESULT: {"using":"xpath","value":"//button[@data-kt=\"addButton\"]"}
COMMAND: POST /session/2c43d02fb6ccc6d518c848919d0720f8/element/f.291337A451B92CFAEC554A5CFCD049A1.d.973118E210D1E63F852793621380DDF1.e.16173/click - {}
RESULT: {}
COMMAND: GET /session/2c43d02fb6ccc6d518c848919d0720f8/screenshot - {}
RESULT: {}
COMMAND: POST /session/2c43d02fb6ccc6d518c848919d0720f8/execute/async - {"script":"<script> [1562 bytes]","args":[{"selector":{"id":"application-managecontracts-display-component---AddNewContract--projectDescription","interaction":{"idSuffix":"inner"}},"wdio_ui5_key":"applicationmanagecontracts-display-component---AddNewContract--projectDescription"}]}
RESULT: {"script":"<script> [1562 bytes]","args":[{"selector":{"id":"application-managecontracts-display-component---AddNewContract--projectDescription","interaction":{"idSuffix":"inner"}},"wdio_ui5_key":"applicationmanagecontracts-display-component---AddNewContract--projectDescription"}]}
RESULT: undefined
COMMAND: POST /session/2c43d02fb6ccc6d518c848919d0720f8/execute/async - {"script":"<script> [776 bytes]","args":[{"enterText":"WdIOR2cnsq6k","selector":{"id":"application-managecontracts-display-component---AddNewContract--projectDescription","interaction":{"idSuffix":"inner"}},"clearTextFirst":true,"interactionType":"ENTER_TEXT"}]}
RESULT: {"script":"<script> [776 bytes]","args":[{"enterText":"WdIOR2cnsq6k","selector":{"id":"application-managecontracts-display-component---AddNewContract--projectDescription","interaction":{"idSuffix":"inner"}},"clearTextFirst":true,"interactionType":"ENTER_TEXT"}]}
COMMAND: POST /session/2c43d02fb6ccc6d518c848919d0720f8/element - {"using":"xpath","value":"//input[@id=\"application-managecontracts-display-component---AddNewContract--yardId-inner\"]"}
RESULT: {"using":"xpath","value":"//input[@id=\"application-managecontracts-display-component---AddNewContract--yardId-inner\"]"}
COMMAND: POST /session/2c43d02fb6ccc6d518c848919d0720f8/element/f.291337A451B92CFAEC554A5CFCD049A1.d.973118E210D1E63F852793621380DDF1.e.16434/clear - {}
RESULT: {}
COMMAND: POST /session/2c43d02fb6ccc6d518c848919d0720f8/element/f.291337A451B92CFAEC554A5CFCD049A1.d.973118E210D1E63F852793621380DDF1.e.16434/value - {"text":"WebdriverYardfmxy6"}
COMMAND: GET /session/2c43d02fb6ccc6d518c848919d0720f8/screenshot - {}
RESULT: {}
RESULT: {"text":"WebdriverYardfmxy6"}
COMMAND: GET /session/2c43d02fb6ccc6d518c848919d0720f8/screenshot - {}
RESULT: {}
COMMAND: POST /session/2c43d02fb6ccc6d518c848919d0720f8/actions - {"actions":[{"id":"action76","type":"key","parameters":{},"actions":[{"type":"keyDown","value":""},{"type":"pause","duration":10},{"type":"keyUp","value":""}]}]}
RESULT: {"actions":[{"id":"action76","type":"key","parameters":{},"actions":[{"type":"keyDown","value":""},{"type":"pause","duration":10},{"type":"keyUp","value":""}]}]}
COMMAND: GET /session/2c43d02fb6ccc6d518c848919d0720f8/screenshot - {}
RESULT: {}
COMMAND: POST /session/2c43d02fb6ccc6d518c848919d0720f8/element - {"using":"xpath","value":"//input[@id=\"application-managecontracts-display-component---AddNewContract--customerSelect-inner\"]"}
RESULT: {"using":"xpath","value":"//input[@id=\"application-managecontracts-display-component---AddNewContract--customerSelect-inner\"]"}
COMMAND: POST /session/2c43d02fb6ccc6d518c848919d0720f8/element/f.291337A451B92CFAEC554A5CFCD049A1.d.973118E210D1E63F852793621380DDF1.e.16432/clear - {}
RESULT: {}
COMMAND: POST /session/2c43d02fb6ccc6d518c848919d0720f8/element/f.291337A451B92CFAEC554A5CFCD049A1.d.973118E210D1E63F852793621380DDF1.e.16432/value - {"text":"WebdriverPartner73lbx"}
COMMAND: GET /session/2c43d02fb6ccc6d518c848919d0720f8/screenshot - {}
RESULT: {"text":"WebdriverPartner73lbx"}
COMMAND: GET /session/2c43d02fb6ccc6d518c848919d0720f8/screenshot - {}
RESULT: {}
RESULT: {}
COMMAND: POST /session/2c43d02fb6ccc6d518c848919d0720f8/actions - {"actions":[{"id":"action77","type":"key","parameters":{},"actions":[{"type":"keyDown","value":""},{"type":"pause","duration":10},{"type":"keyUp","value":""}]}]}
RESULT: {"actions":[{"id":"action77","type":"key","parameters":{},"actions":[{"type":"keyDown","value":""},{"type":"pause","duration":10},{"type":"keyUp","value":""}]}]}
COMMAND: GET /session/2c43d02fb6ccc6d518c848919d0720f8/screenshot - {}
RESULT: {}
COMMAND: POST /session/2c43d02fb6ccc6d518c848919d0720f8/element - {"using":"xpath","value":"//input[@id=\"application-managecontracts-display-component---AddNewContract--site-inner\"]"}
RESULT: {"using":"xpath","value":"//input[@id=\"application-managecontracts-display-component---AddNewContract--site-inner\"]"}
COMMAND: POST /session/2c43d02fb6ccc6d518c848919d0720f8/element/f.291337A451B92CFAEC554A5CFCD049A1.d.973118E210D1E63F852793621380DDF1.e.16433/clear - {}
RESULT: {}
COMMAND: POST /session/2c43d02fb6ccc6d518c848919d0720f8/element/f.291337A451B92CFAEC554A5CFCD049A1.d.973118E210D1E63F852793621380DDF1.e.16433/value - {"text":"WebdriverSitexwofu"}
COMMAND: GET /session/2c43d02fb6ccc6d518c848919d0720f8/screenshot - {}
RESULT: {"text":"WebdriverSitexwofu"}
COMMAND: GET /session/2c43d02fb6ccc6d518c848919d0720f8/screenshot - {}
RESULT: {}
RESULT: {}
COMMAND: POST /session/2c43d02fb6ccc6d518c848919d0720f8/actions - {"actions":[{"id":"action78","type":"key","parameters":{},"actions":[{"type":"keyDown","value":""},{"type":"pause","duration":10},{"type":"keyUp","value":""}]}]}
RESULT: {"actions":[{"id":"action78","type":"key","parameters":{},"actions":[{"type":"keyDown","value":""},{"type":"pause","duration":10},{"type":"keyUp","value":""}]}]}
COMMAND: POST /session/2c43d02fb6ccc6d518c848919d0720f8/element - {"using":"xpath","value":"//button[@data-kt=\"saveButton\"]"}
COMMAND: GET /session/2c43d02fb6ccc6d518c848919d0720f8/screenshot - {}
RESULT: {"using":"xpath","value":"//button[@data-kt=\"saveButton\"]"}
COMMAND: POST /session/2c43d02fb6ccc6d518c848919d0720f8/element/f.291337A451B92CFAEC554A5CFCD049A1.d.973118E210D1E63F852793621380DDF1.e.16507/click - {}
RESULT: {}
RESULT: {}
COMMAND: GET /session/2c43d02fb6ccc6d518c848919d0720f8/screenshot - {}
RESULT: {}
COMMAND: POST /session/2c43d02fb6ccc6d518c848919d0720f8/execute/async - {"script":"<script> [1562 bytes]","args":[{"selector":{"id":"contractDetailTitleNoExpanded","viewName":"etm.portal.ui.managecontracts.view.Detail"},"wdio_ui5_key":"contractDetailTitleNoExpandedetmportal.ui.managecontracts.view.Detail"}]}
RESULT: {"script":"<script> [1562 bytes]","args":[{"selector":{"id":"contractDetailTitleNoExpanded","viewName":"etm.portal.ui.managecontracts.view.Detail"},"wdio_ui5_key":"contractDetailTitleNoExpandedetmportal.ui.managecontracts.view.Detail"}]}
RESULT: undefined
COMMAND: POST /session/2c43d02fb6ccc6d518c848919d0720f8/execute/async - {"script":"<script> [6424 bytes]","args":[{"element-6066-11e4-a52e-4f735466cecf":"f.291337A451B92CFAEC554A5CFCD049A1.d.973118E210D1E63F852793621380DDF1.e.16591"},"getText",[]]}
RESULT: {"script":"<script> [6424 bytes]","args":[{"element-6066-11e4-a52e-4f735466cecf":"f.291337A451B92CFAEC554A5CFCD049A1.d.973118E210D1E63F852793621380DDF1.e.16591"},"getText",[]]}
]]></system-out>
    </testcase>
    <testcase classname="chrome.136_0_7103_93.windows.E2E_-_Logistical_and_commercial_statuses" name="Should add materialID to the contract" time="48.115">
      <system-out><![CDATA[
COMMAND: POST /session/2c43d02fb6ccc6d518c848919d0720f8/element - {"using":"xpath","value":"//button[@data-kt=\"contractDetailEditBtnButton\"]"}
RESULT: {"using":"xpath","value":"//button[@data-kt=\"contractDetailEditBtnButton\"]"}
COMMAND: POST /session/2c43d02fb6ccc6d518c848919d0720f8/element/f.291337A451B92CFAEC554A5CFCD049A1.d.973118E210D1E63F852793621380DDF1.e.16592/click - {}
RESULT: {}
COMMAND: GET /session/2c43d02fb6ccc6d518c848919d0720f8/screenshot - {}
RESULT: {}
COMMAND: POST /session/2c43d02fb6ccc6d518c848919d0720f8/element - {"using":"xpath","value":"(//span[contains(text(), \"Additional Addresses\")])[2]"}
RESULT: {"using":"xpath","value":"(//span[contains(text(), \"Additional Addresses\")])[2]"}
COMMAND: POST /session/2c43d02fb6ccc6d518c848919d0720f8/element/f.291337A451B92CFAEC554A5CFCD049A1.d.973118E210D1E63F852793621380DDF1.e.16647/click - {}
RESULT: {}
COMMAND: GET /session/2c43d02fb6ccc6d518c848919d0720f8/screenshot - {}
RESULT: {}
COMMAND: POST /session/2c43d02fb6ccc6d518c848919d0720f8/element - {"using":"xpath","value":"//button[@data-kt=\"btnAddTableRowOverflowToolbarButton\"]"}
RESULT: {"using":"xpath","value":"//button[@data-kt=\"btnAddTableRowOverflowToolbarButton\"]"}
COMMAND: POST /session/2c43d02fb6ccc6d518c848919d0720f8/element/f.291337A451B92CFAEC554A5CFCD049A1.d.973118E210D1E63F852793621380DDF1.e.16651/click - {}
RESULT: {}
COMMAND: GET /session/2c43d02fb6ccc6d518c848919d0720f8/screenshot - {}
RESULT: {}
COMMAND: POST /session/2c43d02fb6ccc6d518c848919d0720f8/element - {"using":"xpath","value":"//div[(text() = 'Standard Entry' or . = 'Standard Entry')]"}
RESULT: {"using":"xpath","value":"//div[(text() = 'Standard Entry' or . = 'Standard Entry')]"}
COMMAND: POST /session/2c43d02fb6ccc6d518c848919d0720f8/element/f.291337A451B92CFAEC554A5CFCD049A1.d.973118E210D1E63F852793621380DDF1.e.16653/click - {}
RESULT: {}
COMMAND: POST /session/2c43d02fb6ccc6d518c848919d0720f8/element - {"using":"xpath","value":"//td[6]/div/div/input[1]"}
COMMAND: GET /session/2c43d02fb6ccc6d518c848919d0720f8/screenshot - {}
RESULT: {"using":"xpath","value":"//td[6]/div/div/input[1]"}
COMMAND: POST /session/2c43d02fb6ccc6d518c848919d0720f8/element/f.291337A451B92CFAEC554A5CFCD049A1.d.973118E210D1E63F852793621380DDF1.e.16655/click - {}
RESULT: {}
RESULT: {}
COMMAND: POST /session/2c43d02fb6ccc6d518c848919d0720f8/actions - {"actions":[{"id":"action79","type":"key","parameters":{},"actions":[{"type":"keyDown","value":""},{"type":"pause","duration":10},{"type":"keyUp","value":""}]}]}
COMMAND: GET /session/2c43d02fb6ccc6d518c848919d0720f8/screenshot - {}
RESULT: {"actions":[{"id":"action79","type":"key","parameters":{},"actions":[{"type":"keyDown","value":""},{"type":"pause","duration":10},{"type":"keyUp","value":""}]}]}
COMMAND: POST /session/2c43d02fb6ccc6d518c848919d0720f8/element - {"using":"xpath","value":"//td[6]/div/div/input[1]"}
COMMAND: GET /session/2c43d02fb6ccc6d518c848919d0720f8/screenshot - {}
RESULT: {}
RESULT: {"using":"xpath","value":"//td[6]/div/div/input[1]"}
COMMAND: POST /session/2c43d02fb6ccc6d518c848919d0720f8/element/f.291337A451B92CFAEC554A5CFCD049A1.d.973118E210D1E63F852793621380DDF1.e.16655/clear - {}
RESULT: {}
RESULT: {}
COMMAND: POST /session/2c43d02fb6ccc6d518c848919d0720f8/element/f.291337A451B92CFAEC554A5CFCD049A1.d.973118E210D1E63F852793621380DDF1.e.16655/value - {"text":"Material"}
COMMAND: GET /session/2c43d02fb6ccc6d518c848919d0720f8/screenshot - {}
RESULT: {"text":"Material"}
COMMAND: GET /session/2c43d02fb6ccc6d518c848919d0720f8/screenshot - {}
RESULT: {}
RESULT: {}
COMMAND: POST /session/2c43d02fb6ccc6d518c848919d0720f8/actions - {"actions":[{"id":"action80","type":"key","parameters":{},"actions":[{"type":"keyDown","value":""},{"type":"pause","duration":10},{"type":"keyUp","value":""}]}]}
RESULT: {"actions":[{"id":"action80","type":"key","parameters":{},"actions":[{"type":"keyDown","value":""},{"type":"pause","duration":10},{"type":"keyUp","value":""}]}]}
COMMAND: GET /session/2c43d02fb6ccc6d518c848919d0720f8/screenshot - {}
RESULT: {}
COMMAND: POST /session/2c43d02fb6ccc6d518c848919d0720f8/actions - {"actions":[{"id":"action81","type":"key","parameters":{},"actions":[{"type":"keyDown","value":""},{"type":"pause","duration":10},{"type":"keyUp","value":""}]}]}
RESULT: {"actions":[{"id":"action81","type":"key","parameters":{},"actions":[{"type":"keyDown","value":""},{"type":"pause","duration":10},{"type":"keyUp","value":""}]}]}
COMMAND: POST /session/2c43d02fb6ccc6d518c848919d0720f8/element - {"using":"xpath","value":"//td[7]/div/div/input"}
COMMAND: GET /session/2c43d02fb6ccc6d518c848919d0720f8/screenshot - {}
RESULT: {"using":"xpath","value":"//td[7]/div/div/input"}
COMMAND: POST /session/2c43d02fb6ccc6d518c848919d0720f8/element/f.291337A451B92CFAEC554A5CFCD049A1.d.973118E210D1E63F852793621380DDF1.e.16668/clear - {}
RESULT: {}
RESULT: {}
COMMAND: POST /session/2c43d02fb6ccc6d518c848919d0720f8/element/f.291337A451B92CFAEC554A5CFCD049A1.d.973118E210D1E63F852793621380DDF1.e.16668/value - {"text":"WebdriverMatTesto1rn8"}
COMMAND: GET /session/2c43d02fb6ccc6d518c848919d0720f8/screenshot - {}
RESULT: {"text":"WebdriverMatTesto1rn8"}
COMMAND: GET /session/2c43d02fb6ccc6d518c848919d0720f8/screenshot - {}
RESULT: {}
RESULT: {}
COMMAND: POST /session/2c43d02fb6ccc6d518c848919d0720f8/actions - {"actions":[{"id":"action82","type":"key","parameters":{},"actions":[{"type":"keyDown","value":""},{"type":"pause","duration":10},{"type":"keyUp","value":""}]}]}
RESULT: {"actions":[{"id":"action82","type":"key","parameters":{},"actions":[{"type":"keyDown","value":""},{"type":"pause","duration":10},{"type":"keyUp","value":""}]}]}
COMMAND: GET /session/2c43d02fb6ccc6d518c848919d0720f8/screenshot - {}
COMMAND: POST /session/2c43d02fb6ccc6d518c848919d0720f8/actions - {"actions":[{"id":"action83","type":"key","parameters":{},"actions":[{"type":"keyDown","value":""},{"type":"pause","duration":10},{"type":"keyUp","value":""}]}]}
RESULT: {}
RESULT: {"actions":[{"id":"action83","type":"key","parameters":{},"actions":[{"type":"keyDown","value":""},{"type":"pause","duration":10},{"type":"keyUp","value":""}]}]}
COMMAND: GET /session/2c43d02fb6ccc6d518c848919d0720f8/screenshot - {}
RESULT: {}
COMMAND: POST /session/2c43d02fb6ccc6d518c848919d0720f8/element - {"using":"xpath","value":"(//button[@data-kt=\"saveButton\"])[2]"}
RESULT: {"using":"xpath","value":"(//button[@data-kt=\"saveButton\"])[2]"}
COMMAND: POST /session/2c43d02fb6ccc6d518c848919d0720f8/element/f.291337A451B92CFAEC554A5CFCD049A1.d.973118E210D1E63F852793621380DDF1.e.16691/click - {}
RESULT: {}
COMMAND: GET /session/2c43d02fb6ccc6d518c848919d0720f8/screenshot - {}
RESULT: {}
]]></system-out>
    </testcase>
    <testcase classname="chrome.136_0_7103_93.windows.E2E_-_Logistical_and_commercial_statuses" name="It should follow the handover steps to the status fully provided" time="382.082">
      <system-out><![CDATA[
COMMAND: POST /session/2c43d02fb6ccc6d518c848919d0720f8/execute/async - {"script":"<script> [1562 bytes]","args":[{"selector":{"id":"contractDetailProvideButton","viewName":"etm.portal.ui.managecontracts.view.Detail","interaction":{"idSuffix":"BDI-content"}},"wdio_ui5_key":"contractDetailProvideButtonetmportal.ui.managecontracts.view.Detail"}]}
RESULT: {"script":"<script> [1562 bytes]","args":[{"selector":{"id":"contractDetailProvideButton","viewName":"etm.portal.ui.managecontracts.view.Detail","interaction":{"idSuffix":"BDI-content"}},"wdio_ui5_key":"contractDetailProvideButtonetmportal.ui.managecontracts.view.Detail"}]}
RESULT: undefined
COMMAND: POST /session/2c43d02fb6ccc6d518c848919d0720f8/element - {"using":"xpath","value":"//*[@id=\"__xmlview61--contractDetailProvideButton\"]"}
RESULT: {"using":"xpath","value":"//*[@id=\"__xmlview61--contractDetailProvideButton\"]"}
COMMAND: POST /session/2c43d02fb6ccc6d518c848919d0720f8/element/f.291337A451B92CFAEC554A5CFCD049A1.d.973118E210D1E63F852793621380DDF1.e.16696/click - {}
RESULT: {}
COMMAND: GET /session/2c43d02fb6ccc6d518c848919d0720f8/screenshot - {}
COMMAND: POST /session/2c43d02fb6ccc6d518c848919d0720f8/execute/async - {"script":"<script> [1562 bytes]","args":[{"selector":{"id":"application-managehandovers-display-component---AddNewHO--oneStep","interaction":{"idSuffix":"CbBg"}},"wdio_ui5_key":"applicationmanagehandovers-display-component---AddNewHO--oneStep"}]}
RESULT: {}
RESULT: {"script":"<script> [1562 bytes]","args":[{"selector":{"id":"application-managehandovers-display-component---AddNewHO--oneStep","interaction":{"idSuffix":"CbBg"}},"wdio_ui5_key":"applicationmanagehandovers-display-component---AddNewHO--oneStep"}]}
RESULT: undefined
COMMAND: POST /session/2c43d02fb6ccc6d518c848919d0720f8/element - {"using":"xpath","value":"//*[@id=\"application-managehandovers-display-component---AddNewHO--oneStep\"]"}
RESULT: {"using":"xpath","value":"//*[@id=\"application-managehandovers-display-component---AddNewHO--oneStep\"]"}
COMMAND: POST /session/2c43d02fb6ccc6d518c848919d0720f8/element/f.291337A451B92CFAEC554A5CFCD049A1.d.973118E210D1E63F852793621380DDF1.e.16861/click - {}
RESULT: {}
RESULT: undefined
COMMAND: POST /session/2c43d02fb6ccc6d518c848919d0720f8/execute/async - {"script":"<script> [776 bytes]","args":[{"enterText":"06/01/25","selector":{"id":"application-managehandovers-display-component---AddNewHO--dueDate","interaction":{"idSuffix":"inner"}},"clearTextFirst":true,"interactionType":"ENTER_TEXT"}]}
COMMAND: GET /session/2c43d02fb6ccc6d518c848919d0720f8/screenshot - {}
RESULT: {"script":"<script> [776 bytes]","args":[{"enterText":"06/01/25","selector":{"id":"application-managehandovers-display-component---AddNewHO--dueDate","interaction":{"idSuffix":"inner"}},"clearTextFirst":true,"interactionType":"ENTER_TEXT"}]}
RESULT: undefined
COMMAND: POST /session/2c43d02fb6ccc6d518c848919d0720f8/element - {"using":"xpath","value":"//*[@id=\"application-managehandovers-display-component---AddNewHO--ObjectPageLayout-anchBar-application-managehandovers-display-component---AddNewHO--section4-anchor\"]"}
RESULT: {}
RESULT: {"using":"xpath","value":"//*[@id=\"application-managehandovers-display-component---AddNewHO--ObjectPageLayout-anchBar-application-managehandovers-display-component---AddNewHO--section4-anchor\"]"}
COMMAND: POST /session/2c43d02fb6ccc6d518c848919d0720f8/element/f.291337A451B92CFAEC554A5CFCD049A1.d.973118E210D1E63F852793621380DDF1.e.16864/click - {}
RESULT: {}
COMMAND: POST /session/2c43d02fb6ccc6d518c848919d0720f8/execute/async - {"script":"<script> [1562 bytes]","args":[{"selector":{"controlType":"sap.ui.core.Icon","viewName":"etm.portal.ui.managehandovers.view.AddNewHO","viewId":"application-managehandovers-display-component---AddNewHO","properties":{"src":{"regex":{"source":"add"}}}},"wdio_ui5_key":"etmportal.ui.managehandovers.view.AddNewHOsap.ui.core.Icon{\"src\":{\"regex\":{\"source\":\"add\"}}}"}]}
COMMAND: GET /session/2c43d02fb6ccc6d518c848919d0720f8/screenshot - {}
RESULT: {"script":"<script> [1562 bytes]","args":[{"selector":{"controlType":"sap.ui.core.Icon","viewName":"etm.portal.ui.managehandovers.view.AddNewHO","viewId":"application-managehandovers-display-component---AddNewHO","properties":{"src":{"regex":{"source":"add"}}}},"wdio_ui5_key":"etmportal.ui.managehandovers.view.AddNewHOsap.ui.core.Icon{\"src\":{\"regex\":{\"source\":\"add\"}}}"}]}
RESULT: undefined
COMMAND: POST /session/2c43d02fb6ccc6d518c848919d0720f8/element - {"using":"xpath","value":"//*[@id=\"__button172-img\"]"}
RESULT: {}
RESULT: {"using":"xpath","value":"//*[@id=\"__button172-img\"]"}
COMMAND: POST /session/2c43d02fb6ccc6d518c848919d0720f8/element/f.291337A451B92CFAEC554A5CFCD049A1.d.973118E210D1E63F852793621380DDF1.e.16868/click - {}
RESULT: {}
COMMAND: GET /session/2c43d02fb6ccc6d518c848919d0720f8/screenshot - {}
RESULT: {}
RESULT: undefined
COMMAND: POST /session/2c43d02fb6ccc6d518c848919d0720f8/element - {"using":"xpath","value":"//*[@id=\"application-managehandovers-display-component---AddNewHO--popup-sa\"]"}
RESULT: {"using":"xpath","value":"//*[@id=\"application-managehandovers-display-component---AddNewHO--popup-sa\"]"}
COMMAND: POST /session/2c43d02fb6ccc6d518c848919d0720f8/element/f.291337A451B92CFAEC554A5CFCD049A1.d.973118E210D1E63F852793621380DDF1.e.16877/click - {}
RESULT: {}
COMMAND: POST /session/2c43d02fb6ccc6d518c848919d0720f8/execute/async - {"script":"<script> [1562 bytes]","args":[{"selector":{"controlType":"sap.m.Button","viewName":"etm.portal.ui.managehandovers.view.AddNewHO","viewId":"application-managehandovers-display-component---AddNewHO","i18NText":{"propertyName":"text","key":"select"},"searchOpenDialogs":true,"interaction":{"idSuffix":"inner"}},"wdio_ui5_key":"etmportal.ui.managehandovers.view.AddNewHOsap.m.Button{\"propertyName\":\"text\",\"key\":\"select\"}"}]}
COMMAND: GET /session/2c43d02fb6ccc6d518c848919d0720f8/screenshot - {}
RESULT: {"script":"<script> [1562 bytes]","args":[{"selector":{"controlType":"sap.m.Button","viewName":"etm.portal.ui.managehandovers.view.AddNewHO","viewId":"application-managehandovers-display-component---AddNewHO","i18NText":{"propertyName":"text","key":"select"},"searchOpenDialogs":true,"interaction":{"idSuffix":"inner"}},"wdio_ui5_key":"etmportal.ui.managehandovers.view.AddNewHOsap.m.Button{\"propertyName\":\"text\",\"key\":\"select\"}"}]}
RESULT: undefined
COMMAND: POST /session/2c43d02fb6ccc6d518c848919d0720f8/element - {"using":"xpath","value":"//*[@id=\"__button176\"]"}
RESULT: {}
RESULT: {"using":"xpath","value":"//*[@id=\"__button176\"]"}
COMMAND: POST /session/2c43d02fb6ccc6d518c848919d0720f8/element/f.291337A451B92CFAEC554A5CFCD049A1.d.973118E210D1E63F852793621380DDF1.e.16880/click - {}
RESULT: {}
COMMAND: POST /session/2c43d02fb6ccc6d518c848919d0720f8/execute/async - {"script":"<script> [1562 bytes]","args":[{"selector":{"id":"application-managehandovers-display-component---AddNewHO--confirmCreationButton","interaction":{"idSuffix":"BDI-content"}},"wdio_ui5_key":"applicationmanagehandovers-display-component---AddNewHO--confirmCreationButton"}]}
COMMAND: GET /session/2c43d02fb6ccc6d518c848919d0720f8/screenshot - {}
RESULT: {"script":"<script> [1562 bytes]","args":[{"selector":{"id":"application-managehandovers-display-component---AddNewHO--confirmCreationButton","interaction":{"idSuffix":"BDI-content"}},"wdio_ui5_key":"applicationmanagehandovers-display-component---AddNewHO--confirmCreationButton"}]}
RESULT: undefined
COMMAND: POST /session/2c43d02fb6ccc6d518c848919d0720f8/element - {"using":"xpath","value":"//*[@id=\"application-managehandovers-display-component---AddNewHO--confirmCreationButton\"]"}
RESULT: {}
RESULT: {"using":"xpath","value":"//*[@id=\"application-managehandovers-display-component---AddNewHO--confirmCreationButton\"]"}
COMMAND: POST /session/2c43d02fb6ccc6d518c848919d0720f8/element/f.291337A451B92CFAEC554A5CFCD049A1.d.973118E210D1E63F852793621380DDF1.e.16826/click - {}
RESULT: {}
COMMAND: GET /session/2c43d02fb6ccc6d518c848919d0720f8/screenshot - {}
RESULT: {}
COMMAND: POST /session/2c43d02fb6ccc6d518c848919d0720f8/element - {"using":"xpath","value":"//a[contains(@data-kt ,\"GeneralSectionReceiveContracttLink\")]"}
RESULT: {"using":"xpath","value":"//a[contains(@data-kt ,\"GeneralSectionReceiveContracttLink\")]"}
COMMAND: POST /session/2c43d02fb6ccc6d518c848919d0720f8/element/f.291337A451B92CFAEC554A5CFCD049A1.d.973118E210D1E63F852793621380DDF1.e.16929/click - {}
RESULT: {}
COMMAND: GET /session/2c43d02fb6ccc6d518c848919d0720f8/screenshot - {}
RESULT: {}
COMMAND: POST /session/2c43d02fb6ccc6d518c848919d0720f8/element - {"using":"xpath","value":"//a[contains(@data-kt ,\"ContextMenuId2Link\")]"}
RESULT: {"using":"xpath","value":"//a[contains(@data-kt ,\"ContextMenuId2Link\")]"}
COMMAND: POST /session/2c43d02fb6ccc6d518c848919d0720f8/element/f.291337A451B92CFAEC554A5CFCD049A1.d.973118E210D1E63F852793621380DDF1.e.16932/click - {}
RESULT: {}
COMMAND: GET /session/2c43d02fb6ccc6d518c848919d0720f8/screenshot - {}
RESULT: {}
COMMAND: POST /session/2c43d02fb6ccc6d518c848919d0720f8/execute/async - {"script":"<script> [1562 bytes]","args":[{"selector":{"controlType":"sap.m.ObjectStatus","viewName":"etm.portal.ui.managecontracts.view.Detail","bindingPath":{"propertyPath":"LINK_TO_LOGISTICAL_STATUS/DESCRIPTION","modelName":"catalogModel"}},"wdio_ui5_key":"etmportal.ui.managecontracts.view.Detailsap.m.ObjectStatus{\"propertyPath\":\"LINK_TO_LOGISTICAL_STATUS/DESCRIPTION\",\"modelName\":\"catalogModel\"}"}]}
RESULT: {"script":"<script> [1562 bytes]","args":[{"selector":{"controlType":"sap.m.ObjectStatus","viewName":"etm.portal.ui.managecontracts.view.Detail","bindingPath":{"propertyPath":"LINK_TO_LOGISTICAL_STATUS/DESCRIPTION","modelName":"catalogModel"}},"wdio_ui5_key":"etmportal.ui.managecontracts.view.Detailsap.m.ObjectStatus{\"propertyPath\":\"LINK_TO_LOGISTICAL_STATUS/DESCRIPTION\",\"modelName\":\"catalogModel\"}"}]}
RESULT: undefined
COMMAND: POST /session/2c43d02fb6ccc6d518c848919d0720f8/execute/async - {"script":"<script> [6424 bytes]","args":[{"element-6066-11e4-a52e-4f735466cecf":"f.291337A451B92CFAEC554A5CFCD049A1.d.973118E210D1E63F852793621380DDF1.e.17160"},"getText",[]]}
RESULT: {"script":"<script> [6424 bytes]","args":[{"element-6066-11e4-a52e-4f735466cecf":"f.291337A451B92CFAEC554A5CFCD049A1.d.973118E210D1E63F852793621380DDF1.e.17160"},"getText",[]]}
COMMAND: POST /session/2c43d02fb6ccc6d518c848919d0720f8/execute/async - {"script":"<script> [1562 bytes]","args":[{"selector":{"controlType":"sap.m.ObjectStatus","viewName":"etm.portal.ui.managecontracts.view.Detail","bindingPath":{"propertyPath":"LINK_TO_COMMERCIAL_STATUS/DESCRIPTION","modelName":"catalogModel"}},"wdio_ui5_key":"etmportal.ui.managecontracts.view.Detailsap.m.ObjectStatus{\"propertyPath\":\"LINK_TO_COMMERCIAL_STATUS/DESCRIPTION\",\"modelName\":\"catalogModel\"}"}]}
RESULT: {"script":"<script> [1562 bytes]","args":[{"selector":{"controlType":"sap.m.ObjectStatus","viewName":"etm.portal.ui.managecontracts.view.Detail","bindingPath":{"propertyPath":"LINK_TO_COMMERCIAL_STATUS/DESCRIPTION","modelName":"catalogModel"}},"wdio_ui5_key":"etmportal.ui.managecontracts.view.Detailsap.m.ObjectStatus{\"propertyPath\":\"LINK_TO_COMMERCIAL_STATUS/DESCRIPTION\",\"modelName\":\"catalogModel\"}"}]}
RESULT: undefined
COMMAND: POST /session/2c43d02fb6ccc6d518c848919d0720f8/execute/async - {"script":"<script> [6424 bytes]","args":[{"element-6066-11e4-a52e-4f735466cecf":"f.291337A451B92CFAEC554A5CFCD049A1.d.973118E210D1E63F852793621380DDF1.e.17161"},"getText",[]]}
RESULT: {"script":"<script> [6424 bytes]","args":[{"element-6066-11e4-a52e-4f735466cecf":"f.291337A451B92CFAEC554A5CFCD049A1.d.973118E210D1E63F852793621380DDF1.e.17161"},"getText",[]]}
COMMAND: POST /session/2c43d02fb6ccc6d518c848919d0720f8/execute/async - {"script":"<script> [1562 bytes]","args":[{"selector":{"id":"backBtn"},"wdio_ui5_key":"backBtn"}]}
RESULT: {"script":"<script> [1562 bytes]","args":[{"selector":{"id":"backBtn"},"wdio_ui5_key":"backBtn"}]}
RESULT: undefined
COMMAND: POST /session/2c43d02fb6ccc6d518c848919d0720f8/element - {"using":"xpath","value":"//*[@id=\"backBtn\"]"}
RESULT: {"using":"xpath","value":"//*[@id=\"backBtn\"]"}
COMMAND: POST /session/2c43d02fb6ccc6d518c848919d0720f8/element/f.291337A451B92CFAEC554A5CFCD049A1.d.973118E210D1E63F852793621380DDF1.e.17162/click - {}
RESULT: {}
COMMAND: GET /session/2c43d02fb6ccc6d518c848919d0720f8/screenshot - {}
COMMAND: POST /session/2c43d02fb6ccc6d518c848919d0720f8/execute/async - {"script":"<script> [1562 bytes]","args":[{"selector":{"controlType":"sap.m.Text","viewName":"etm.portal.ui.managehandovers.view.DetailExecuteHO","bindingPath":{"propertyPath":"NO","modelName":"catalogModel"}},"wdio_ui5_key":"etmportal.ui.managehandovers.view.DetailExecuteHOsap.m.Text{\"propertyPath\":\"NO\",\"modelName\":\"catalogModel\"}"}]}
RESULT: {}
RESULT: {"script":"<script> [1562 bytes]","args":[{"selector":{"controlType":"sap.m.Text","viewName":"etm.portal.ui.managehandovers.view.DetailExecuteHO","bindingPath":{"propertyPath":"NO","modelName":"catalogModel"}},"wdio_ui5_key":"etmportal.ui.managehandovers.view.DetailExecuteHOsap.m.Text{\"propertyPath\":\"NO\",\"modelName\":\"catalogModel\"}"}]}
RESULT: undefined
COMMAND: POST /session/2c43d02fb6ccc6d518c848919d0720f8/execute/async - {"script":"<script> [6424 bytes]","args":[{"element-6066-11e4-a52e-4f735466cecf":"f.291337A451B92CFAEC554A5CFCD049A1.d.973118E210D1E63F852793621380DDF1.e.17310"},"getText",[]]}
RESULT: {"script":"<script> [6424 bytes]","args":[{"element-6066-11e4-a52e-4f735466cecf":"f.291337A451B92CFAEC554A5CFCD049A1.d.973118E210D1E63F852793621380DDF1.e.17310"},"getText",[]]}
COMMAND: POST /session/2c43d02fb6ccc6d518c848919d0720f8/element - {"using":"xpath","value":"//input[contains(@id ,\"issueDatePicker-inner\")]"}
RESULT: {"using":"xpath","value":"//input[contains(@id ,\"issueDatePicker-inner\")]"}
COMMAND: GET /session/2c43d02fb6ccc6d518c848919d0720f8/element/f.291337A451B92CFAEC554A5CFCD049A1.d.973118E210D1E63F852793621380DDF1.e.17289/property/value - {}
RESULT: {}
COMMAND: POST /session/2c43d02fb6ccc6d518c848919d0720f8/element/f.291337A451B92CFAEC554A5CFCD049A1.d.973118E210D1E63F852793621380DDF1.e.17289/clear - {}
COMMAND: GET /session/2c43d02fb6ccc6d518c848919d0720f8/screenshot - {}
RESULT: {}
COMMAND: POST /session/2c43d02fb6ccc6d518c848919d0720f8/element/f.291337A451B92CFAEC554A5CFCD049A1.d.973118E210D1E63F852793621380DDF1.e.17289/value - {"text":"06/01/25"}
COMMAND: GET /session/2c43d02fb6ccc6d518c848919d0720f8/screenshot - {}
RESULT: {}
RESULT: {"text":"06/01/25"}
COMMAND: GET /session/2c43d02fb6ccc6d518c848919d0720f8/screenshot - {}
RESULT: {}
RESULT: {}
COMMAND: POST /session/2c43d02fb6ccc6d518c848919d0720f8/execute/async - {"script":"<script> [1562 bytes]","args":[{"selector":{"controlType":"sap.m.Button","viewName":"etm.portal.ui.managehandovers.view.DetailExecuteHO","i18NText":{"propertyName":"text","key":"confirmAll"},"interaction":{"idSuffix":"inner"}},"wdio_ui5_key":"etmportal.ui.managehandovers.view.DetailExecuteHOsap.m.Button{\"propertyName\":\"text\",\"key\":\"confirmAll\"}"}]}
RESULT: {"script":"<script> [1562 bytes]","args":[{"selector":{"controlType":"sap.m.Button","viewName":"etm.portal.ui.managehandovers.view.DetailExecuteHO","i18NText":{"propertyName":"text","key":"confirmAll"},"interaction":{"idSuffix":"inner"}},"wdio_ui5_key":"etmportal.ui.managehandovers.view.DetailExecuteHOsap.m.Button{\"propertyName\":\"text\",\"key\":\"confirmAll\"}"}]}
RESULT: undefined
COMMAND: POST /session/2c43d02fb6ccc6d518c848919d0720f8/element - {"using":"xpath","value":"//*[@id=\"__button260\"]"}
RESULT: {"using":"xpath","value":"//*[@id=\"__button260\"]"}
COMMAND: POST /session/2c43d02fb6ccc6d518c848919d0720f8/element/f.291337A451B92CFAEC554A5CFCD049A1.d.973118E210D1E63F852793621380DDF1.e.17314/click - {}
RESULT: {}
COMMAND: GET /session/2c43d02fb6ccc6d518c848919d0720f8/screenshot - {}
RESULT: {}
COMMAND: POST /session/2c43d02fb6ccc6d518c848919d0720f8/actions - {"actions":[{"id":"action84","type":"key","parameters":{},"actions":[{"type":"keyDown","value":""},{"type":"pause","duration":10},{"type":"keyUp","value":""}]}]}
RESULT: {"actions":[{"id":"action84","type":"key","parameters":{},"actions":[{"type":"keyDown","value":""},{"type":"pause","duration":10},{"type":"keyUp","value":""}]}]}
COMMAND: GET /session/2c43d02fb6ccc6d518c848919d0720f8/screenshot - {}
RESULT: {}
RESULT: undefined
COMMAND: POST /session/2c43d02fb6ccc6d518c848919d0720f8/element - {"using":"xpath","value":"//*[@id=\"__button260\"]"}
RESULT: {"using":"xpath","value":"//*[@id=\"__button260\"]"}
COMMAND: POST /session/2c43d02fb6ccc6d518c848919d0720f8/element/f.291337A451B92CFAEC554A5CFCD049A1.d.973118E210D1E63F852793621380DDF1.e.17314/click - {}
RESULT: {}
COMMAND: GET /session/2c43d02fb6ccc6d518c848919d0720f8/screenshot - {}
RESULT: {}
COMMAND: POST /session/2c43d02fb6ccc6d518c848919d0720f8/execute/async - {"script":"<script> [1562 bytes]","args":[{"selector":{"controlType":"sap.m.Button","properties":{"text":"OK"},"searchOpenDialogs":true,"interaction":{"idSuffix":"content"}},"wdio_ui5_key":"sapm.Button{\"text\":\"OK\"}"}]}
RESULT: {"script":"<script> [1562 bytes]","args":[{"selector":{"controlType":"sap.m.Button","properties":{"text":"OK"},"searchOpenDialogs":true,"interaction":{"idSuffix":"content"}},"wdio_ui5_key":"sapm.Button{\"text\":\"OK\"}"}]}
RESULT: undefined
COMMAND: POST /session/2c43d02fb6ccc6d518c848919d0720f8/element - {"using":"xpath","value":"//*[@id=\"__mbox-btn-4\"]"}
RESULT: {"using":"xpath","value":"//*[@id=\"__mbox-btn-4\"]"}
COMMAND: POST /session/2c43d02fb6ccc6d518c848919d0720f8/element/f.291337A451B92CFAEC554A5CFCD049A1.d.973118E210D1E63F852793621380DDF1.e.17323/click - {}
RESULT: {}
COMMAND: GET /session/2c43d02fb6ccc6d518c848919d0720f8/screenshot - {}
RESULT: {}
COMMAND: POST /session/2c43d02fb6ccc6d518c848919d0720f8/element - {"using":"xpath","value":"//button[contains(@data-kt ,\"execHoPickFooterButton\")]"}
RESULT: {"using":"xpath","value":"//button[contains(@data-kt ,\"execHoPickFooterButton\")]"}
COMMAND: POST /session/2c43d02fb6ccc6d518c848919d0720f8/element/f.291337A451B92CFAEC554A5CFCD049A1.d.973118E210D1E63F852793621380DDF1.e.17327/click - {}
RESULT: {}
COMMAND: GET /session/2c43d02fb6ccc6d518c848919d0720f8/screenshot - {}
RESULT: {}
COMMAND: POST /session/2c43d02fb6ccc6d518c848919d0720f8/refresh - {}
RESULT: {}
COMMAND: GET /session/2c43d02fb6ccc6d518c848919d0720f8/screenshot - {}
RESULT: {}
COMMAND: POST /session/2c43d02fb6ccc6d518c848919d0720f8/refresh - {}
RESULT: {}
COMMAND: GET /session/2c43d02fb6ccc6d518c848919d0720f8/screenshot - {}
RESULT: {}
COMMAND: POST /session/2c43d02fb6ccc6d518c848919d0720f8/window/fullscreen - {}
RESULT: {}
COMMAND: POST /session/2c43d02fb6ccc6d518c848919d0720f8/execute/async - {"script":"<script> [189 bytes]","args":[]}
RESULT: {"script":"<script> [189 bytes]","args":[]}
COMMAND: POST /session/2c43d02fb6ccc6d518c848919d0720f8/execute/async - {"script":"<script> [123 bytes]","args":[]}
RESULT: {"script":"<script> [123 bytes]","args":[]}
COMMAND: POST /session/2c43d02fb6ccc6d518c848919d0720f8/timeouts - {"script":"<number>"}
RESULT: {"script":"<number>"}
COMMAND: GET /session/2c43d02fb6ccc6d518c848919d0720f8/timeouts - {}
RESULT: {}
RESULT: undefined
COMMAND: POST /session/2c43d02fb6ccc6d518c848919d0720f8/execute/async - {"script":"<script> [2676 bytes]","args":[]}
RESULT: {"script":"<script> [2676 bytes]","args":[]}
COMMAND: POST /session/2c43d02fb6ccc6d518c848919d0720f8/execute/async - {"script":"<script> [2342 bytes]","args":[{"protocol":"http","hostname":"0.0.0.0","path":"/","capabilities":{"browserName":"chrome","goog:chromeOptions":{"binary":"C:\\Program Files\\Google\\Chrome\\Application\\chrome.exe","args":["--start-maximized"]}},"logLevel":"warn","connectionRetryTimeout":120000,"connectionRetryCount":3,"logLevels":{},"enableDirectConnect":true,"strictSSL":true,"_":"65 more keys: [\"cacheDir\",\"port\",\"requestedCapabilities\",\"automationProtocol\",\"baseUrl\",\"waitforInterval\",\"waitforTimeout\",\"onReload\",\"beforeCommand\",\"afterCommand\",\"rootDir\",\"specs\",\"suites\",\"exclude\",\"groupLogsByTestSpec\",\"excludeDriverLogs\",\"bail\",\"framework\",\"reporters\",\"services\",\"maxInstances\",\"maxInstancesPerCapability\",\"injectGlobals\",\"filesToWatch\",\"execArgv\",\"runnerEnv\",\"runner\",\"shard\",\"specFileRetries\",\"specFileRetriesDelay\",\"specFileRetriesDeferred\",\"reporterSyncInterval\",\"reporterSyncTimeout\",\"cucumberFeaturesWithLineNumbers\",\"autoCompileOpts\",\"mochaOpts\",\"jasmineOpts\",\"cucumberOpts\",\"onPrepare\",\"onWorkerStart\",\"onWorkerEnd\",\"before\",\"beforeSession\",\"beforeSuite\",\"beforeHook\",\"beforeTest\",\"afterTest\",\"afterHook\",\"afterSuite\",\"afterSession\",\"after\",\"onComplete\",\"beforeAssertion\",\"afterAssertion\",\"beforeFeature\",\"beforeScenario\",\"beforeStep\",\"afterStep\",\"afterScenario\",\"afterFeature\",\"_\",\"suite\",\"$0\",\"ignoredWorkerServices\",\"wdi5\"]"}]}
RESULT: {"script":"<script> [2342 bytes]","args":[{"protocol":"http","hostname":"0.0.0.0","path":"/","capabilities":{"browserName":"chrome","goog:chromeOptions":{"binary":"C:\\Program Files\\Google\\Chrome\\Application\\chrome.exe","args":["--start-maximized"]}},"logLevel":"warn","connectionRetryTimeout":120000,"connectionRetryCount":3,"logLevels":{},"enableDirectConnect":true,"strictSSL":true,"_":"65 more keys: [\"cacheDir\",\"port\",\"requestedCapabilities\",\"automationProtocol\",\"baseUrl\",\"waitforInterval\",\"waitforTimeout\",\"onReload\",\"beforeCommand\",\"afterCommand\",\"rootDir\",\"specs\",\"suites\",\"exclude\",\"groupLogsByTestSpec\",\"excludeDriverLogs\",\"bail\",\"framework\",\"reporters\",\"services\",\"maxInstances\",\"maxInstancesPerCapability\",\"injectGlobals\",\"filesToWatch\",\"execArgv\",\"runnerEnv\",\"runner\",\"shard\",\"specFileRetries\",\"specFileRetriesDelay\",\"specFileRetriesDeferred\",\"reporterSyncInterval\",\"reporterSyncTimeout\",\"cucumberFeaturesWithLineNumbers\",\"autoCompileOpts\",\"mochaOpts\",\"jasmineOpts\",\"cucumberOpts\",\"onPrepare\",\"onWorkerStart\",\"onWorkerEnd\",\"before\",\"beforeSession\",\"beforeSuite\",\"beforeHook\",\"beforeTest\",\"afterTest\",\"afterHook\",\"afterSuite\",\"afterSession\",\"after\",\"onComplete\",\"beforeAssertion\",\"afterAssertion\",\"beforeFeature\",\"beforeScenario\",\"beforeStep\",\"afterStep\",\"afterScenario\",\"afterFeature\",\"_\",\"suite\",\"$0\",\"ignoredWorkerServices\",\"wdi5\"]"}]}
COMMAND: POST /session/2c43d02fb6ccc6d518c848919d0720f8/execute/async - {"script":"<script> [21126 bytes]","args":[35000]}
RESULT: {"script":"<script> [21126 bytes]","args":[35000]}
COMMAND: POST /session/2c43d02fb6ccc6d518c848919d0720f8/execute/async - {"script":"<script> [1562 bytes]","args":[{"selector":{"controlType":"sap.m.SearchField","viewName":"etm.portal.ui.managehandovers.view.MasterHO","bindingPath":{"path":"","propertyPath":"/_BASIC_SEARCH_FIELD","modelName":"fi1t3rM0d31"},"interaction":{"idSuffix":"I"}},"wdio_ui5_key":"etmportal.ui.managehandovers.view.MasterHOsap.m.SearchField{\"path\":\"\",\"propertyPath\":\"/_BASIC_SEARCH_FIELD\",\"modelName\":\"fi1t3rM0d31\"}"}]}
RESULT: {"script":"<script> [1562 bytes]","args":[{"selector":{"controlType":"sap.m.SearchField","viewName":"etm.portal.ui.managehandovers.view.MasterHO","bindingPath":{"path":"","propertyPath":"/_BASIC_SEARCH_FIELD","modelName":"fi1t3rM0d31"},"interaction":{"idSuffix":"I"}},"wdio_ui5_key":"etmportal.ui.managehandovers.view.MasterHOsap.m.SearchField{\"path\":\"\",\"propertyPath\":\"/_BASIC_SEARCH_FIELD\",\"modelName\":\"fi1t3rM0d31\"}"}]}
RESULT: undefined
COMMAND: POST /session/2c43d02fb6ccc6d518c848919d0720f8/execute/async - {"script":"<script> [776 bytes]","args":[{"enterText":"30892","selector":{"controlType":"sap.m.SearchField","viewName":"etm.portal.ui.managehandovers.view.MasterHO","bindingPath":{"path":"","propertyPath":"/_BASIC_SEARCH_FIELD","modelName":"fi1t3rM0d31"},"interaction":{"idSuffix":"I"}},"clearTextFirst":true,"interactionType":"ENTER_TEXT"}]}
RESULT: {"script":"<script> [776 bytes]","args":[{"enterText":"30892","selector":{"controlType":"sap.m.SearchField","viewName":"etm.portal.ui.managehandovers.view.MasterHO","bindingPath":{"path":"","propertyPath":"/_BASIC_SEARCH_FIELD","modelName":"fi1t3rM0d31"},"interaction":{"idSuffix":"I"}},"clearTextFirst":true,"interactionType":"ENTER_TEXT"}]}
COMMAND: POST /session/2c43d02fb6ccc6d518c848919d0720f8/actions - {"actions":[{"id":"action85","type":"key","parameters":{},"actions":[{"type":"keyDown","value":""},{"type":"pause","duration":10},{"type":"keyUp","value":""}]}]}
RESULT: {"actions":[{"id":"action85","type":"key","parameters":{},"actions":[{"type":"keyDown","value":""},{"type":"pause","duration":10},{"type":"keyUp","value":""}]}]}
COMMAND: GET /session/2c43d02fb6ccc6d518c848919d0720f8/screenshot - {}
RESULT: {}
COMMAND: POST /session/2c43d02fb6ccc6d518c848919d0720f8/execute/async - {"script":"<script> [1562 bytes]","args":[{"selector":{"controlType":"sap.m.Title","viewName":"etm.portal.ui.managehandovers.view.MasterHO","properties":{"text":"Records (1)"}},"wdio_ui5_key":"etmportal.ui.managehandovers.view.MasterHOsap.m.Title{\"text\":\"Records (1)\"}"}]}
RESULT: {"script":"<script> [1562 bytes]","args":[{"selector":{"controlType":"sap.m.Title","viewName":"etm.portal.ui.managehandovers.view.MasterHO","properties":{"text":"Records (1)"}},"wdio_ui5_key":"etmportal.ui.managehandovers.view.MasterHOsap.m.Title{\"text\":\"Records (1)\"}"}]}
RESULT: undefined
COMMAND: POST /session/2c43d02fb6ccc6d518c848919d0720f8/execute/async - {"script":"<script> [6424 bytes]","args":[{"element-6066-11e4-a52e-4f735466cecf":"f.291337A451B92CFAEC554A5CFCD049A1.d.1477412C87F80E5EAE50CF781520ED5C.e.17607"},"getText",[]]}
RESULT: {"script":"<script> [6424 bytes]","args":[{"element-6066-11e4-a52e-4f735466cecf":"f.291337A451B92CFAEC554A5CFCD049A1.d.1477412C87F80E5EAE50CF781520ED5C.e.17607"},"getText",[]]}
COMMAND: POST /session/2c43d02fb6ccc6d518c848919d0720f8/execute/async - {"script":"<script> [1562 bytes]","args":[{"selector":{"controlType":"sap.ui.core.Icon","viewName":"etm.portal.ui.managehandovers.view.MasterHO","properties":{"src":{"regex":{"source":"slim\\-arrow\\-right"}}}},"wdio_ui5_key":"etmportal.ui.managehandovers.view.MasterHOsap.ui.core.Icon{\"src\":{\"regex\":{\"source\":\"slim\\\\-arrow\\\\-right\"}}}"}]}
RESULT: {"script":"<script> [1562 bytes]","args":[{"selector":{"controlType":"sap.ui.core.Icon","viewName":"etm.portal.ui.managehandovers.view.MasterHO","properties":{"src":{"regex":{"source":"slim\\-arrow\\-right"}}}},"wdio_ui5_key":"etmportal.ui.managehandovers.view.MasterHOsap.ui.core.Icon{\"src\":{\"regex\":{\"source\":\"slim\\\\-arrow\\\\-right\"}}}"}]}
RESULT: undefined
COMMAND: POST /session/2c43d02fb6ccc6d518c848919d0720f8/element - {"using":"xpath","value":"//*[@id=\"__item29-__clone17-imgNav\"]"}
RESULT: {"using":"xpath","value":"//*[@id=\"__item29-__clone17-imgNav\"]"}
COMMAND: POST /session/2c43d02fb6ccc6d518c848919d0720f8/element/f.291337A451B92CFAEC554A5CFCD049A1.d.1477412C87F80E5EAE50CF781520ED5C.e.17606/click - {}
RESULT: {}
COMMAND: GET /session/2c43d02fb6ccc6d518c848919d0720f8/screenshot - {}
RESULT: {}
COMMAND: POST /session/2c43d02fb6ccc6d518c848919d0720f8/element - {"using":"xpath","value":"//a[contains(@data-kt ,\"GeneralSectionReceiveContracttLink\")]"}
RESULT: {"using":"xpath","value":"//a[contains(@data-kt ,\"GeneralSectionReceiveContracttLink\")]"}
COMMAND: POST /session/2c43d02fb6ccc6d518c848919d0720f8/element/f.291337A451B92CFAEC554A5CFCD049A1.d.1477412C87F80E5EAE50CF781520ED5C.e.17712/click - {}
RESULT: {}
COMMAND: GET /session/2c43d02fb6ccc6d518c848919d0720f8/screenshot - {}
RESULT: {}
COMMAND: POST /session/2c43d02fb6ccc6d518c848919d0720f8/element - {"using":"xpath","value":"//a[contains(@data-kt ,\"ContextMenuId2Link\")]"}
RESULT: {"using":"xpath","value":"//a[contains(@data-kt ,\"ContextMenuId2Link\")]"}
COMMAND: POST /session/2c43d02fb6ccc6d518c848919d0720f8/element/f.291337A451B92CFAEC554A5CFCD049A1.d.1477412C87F80E5EAE50CF781520ED5C.e.17715/click - {}
RESULT: {}
COMMAND: GET /session/2c43d02fb6ccc6d518c848919d0720f8/screenshot - {}
RESULT: {}
COMMAND: POST /session/2c43d02fb6ccc6d518c848919d0720f8/execute/async - {"script":"<script> [1562 bytes]","args":[{"selector":{"controlType":"sap.m.ObjectStatus","viewName":"etm.portal.ui.managecontracts.view.Detail","bindingPath":{"propertyPath":"LINK_TO_LOGISTICAL_STATUS/DESCRIPTION","modelName":"catalogModel"}},"wdio_ui5_key":"etmportal.ui.managecontracts.view.Detailsap.m.ObjectStatus{\"propertyPath\":\"LINK_TO_LOGISTICAL_STATUS/DESCRIPTION\",\"modelName\":\"catalogModel\"}"}]}
RESULT: {"script":"<script> [1562 bytes]","args":[{"selector":{"controlType":"sap.m.ObjectStatus","viewName":"etm.portal.ui.managecontracts.view.Detail","bindingPath":{"propertyPath":"LINK_TO_LOGISTICAL_STATUS/DESCRIPTION","modelName":"catalogModel"}},"wdio_ui5_key":"etmportal.ui.managecontracts.view.Detailsap.m.ObjectStatus{\"propertyPath\":\"LINK_TO_LOGISTICAL_STATUS/DESCRIPTION\",\"modelName\":\"catalogModel\"}"}]}
RESULT: undefined
COMMAND: POST /session/2c43d02fb6ccc6d518c848919d0720f8/execute/async - {"script":"<script> [6424 bytes]","args":[{"element-6066-11e4-a52e-4f735466cecf":"f.291337A451B92CFAEC554A5CFCD049A1.d.1477412C87F80E5EAE50CF781520ED5C.e.17954"},"getText",[]]}
RESULT: {"script":"<script> [6424 bytes]","args":[{"element-6066-11e4-a52e-4f735466cecf":"f.291337A451B92CFAEC554A5CFCD049A1.d.1477412C87F80E5EAE50CF781520ED5C.e.17954"},"getText",[]]}
COMMAND: POST /session/2c43d02fb6ccc6d518c848919d0720f8/execute/async - {"script":"<script> [1562 bytes]","args":[{"selector":{"controlType":"sap.m.ObjectStatus","viewName":"etm.portal.ui.managecontracts.view.Detail","bindingPath":{"propertyPath":"LINK_TO_COMMERCIAL_STATUS/DESCRIPTION","modelName":"catalogModel"}},"wdio_ui5_key":"etmportal.ui.managecontracts.view.Detailsap.m.ObjectStatus{\"propertyPath\":\"LINK_TO_COMMERCIAL_STATUS/DESCRIPTION\",\"modelName\":\"catalogModel\"}"}]}
RESULT: {"script":"<script> [1562 bytes]","args":[{"selector":{"controlType":"sap.m.ObjectStatus","viewName":"etm.portal.ui.managecontracts.view.Detail","bindingPath":{"propertyPath":"LINK_TO_COMMERCIAL_STATUS/DESCRIPTION","modelName":"catalogModel"}},"wdio_ui5_key":"etmportal.ui.managecontracts.view.Detailsap.m.ObjectStatus{\"propertyPath\":\"LINK_TO_COMMERCIAL_STATUS/DESCRIPTION\",\"modelName\":\"catalogModel\"}"}]}
RESULT: undefined
COMMAND: POST /session/2c43d02fb6ccc6d518c848919d0720f8/execute/async - {"script":"<script> [6424 bytes]","args":[{"element-6066-11e4-a52e-4f735466cecf":"f.291337A451B92CFAEC554A5CFCD049A1.d.1477412C87F80E5EAE50CF781520ED5C.e.17955"},"getText",[]]}
RESULT: {"script":"<script> [6424 bytes]","args":[{"element-6066-11e4-a52e-4f735466cecf":"f.291337A451B92CFAEC554A5CFCD049A1.d.1477412C87F80E5EAE50CF781520ED5C.e.17955"},"getText",[]]}
COMMAND: POST /session/2c43d02fb6ccc6d518c848919d0720f8/execute/async - {"script":"<script> [1562 bytes]","args":[{"selector":{"id":"backBtn"},"wdio_ui5_key":"backBtn"}]}
RESULT: {"script":"<script> [1562 bytes]","args":[{"selector":{"id":"backBtn"},"wdio_ui5_key":"backBtn"}]}
RESULT: undefined
COMMAND: POST /session/2c43d02fb6ccc6d518c848919d0720f8/element - {"using":"xpath","value":"//*[@id=\"backBtn\"]"}
RESULT: {"using":"xpath","value":"//*[@id=\"backBtn\"]"}
COMMAND: POST /session/2c43d02fb6ccc6d518c848919d0720f8/element/f.291337A451B92CFAEC554A5CFCD049A1.d.1477412C87F80E5EAE50CF781520ED5C.e.17956/click - {}
RESULT: {}
COMMAND: GET /session/2c43d02fb6ccc6d518c848919d0720f8/screenshot - {}
COMMAND: POST /session/2c43d02fb6ccc6d518c848919d0720f8/execute/async - {"script":"<script> [1562 bytes]","args":[{"selector":{"controlType":"sap.m.Button","viewName":"etm.portal.ui.managehandovers.view.DetailExecuteHO","i18NText":{"propertyName":"text","key":"confirmAll"},"interaction":{"idSuffix":"BDI-content"}},"wdio_ui5_key":"etmportal.ui.managehandovers.view.DetailExecuteHOsap.m.Button{\"propertyName\":\"text\",\"key\":\"confirmAll\"}"}]}
RESULT: {}
RESULT: {"script":"<script> [1562 bytes]","args":[{"selector":{"controlType":"sap.m.Button","viewName":"etm.portal.ui.managehandovers.view.DetailExecuteHO","i18NText":{"propertyName":"text","key":"confirmAll"},"interaction":{"idSuffix":"BDI-content"}},"wdio_ui5_key":"etmportal.ui.managehandovers.view.DetailExecuteHOsap.m.Button{\"propertyName\":\"text\",\"key\":\"confirmAll\"}"}]}
RESULT: undefined
COMMAND: POST /session/2c43d02fb6ccc6d518c848919d0720f8/element - {"using":"xpath","value":"//*[@id=\"__button85\"]"}
RESULT: {"using":"xpath","value":"//*[@id=\"__button85\"]"}
COMMAND: POST /session/2c43d02fb6ccc6d518c848919d0720f8/element/f.291337A451B92CFAEC554A5CFCD049A1.d.1477412C87F80E5EAE50CF781520ED5C.e.18116/click - {}
RESULT: {}
COMMAND: GET /session/2c43d02fb6ccc6d518c848919d0720f8/screenshot - {}
RESULT: {}
COMMAND: POST /session/2c43d02fb6ccc6d518c848919d0720f8/execute/async - {"script":"<script> [1562 bytes]","args":[{"selector":{"controlType":"sap.m.Button","properties":{"text":"OK"},"searchOpenDialogs":true,"interaction":{"idSuffix":"inner"}},"wdio_ui5_key":"sapm.Button{\"text\":\"OK\"}"}]}
RESULT: {"script":"<script> [1562 bytes]","args":[{"selector":{"controlType":"sap.m.Button","properties":{"text":"OK"},"searchOpenDialogs":true,"interaction":{"idSuffix":"inner"}},"wdio_ui5_key":"sapm.Button{\"text\":\"OK\"}"}]}
RESULT: undefined
COMMAND: POST /session/2c43d02fb6ccc6d518c848919d0720f8/element - {"using":"xpath","value":"//*[@id=\"__mbox-btn-0\"]"}
RESULT: {"using":"xpath","value":"//*[@id=\"__mbox-btn-0\"]"}
COMMAND: POST /session/2c43d02fb6ccc6d518c848919d0720f8/element/f.291337A451B92CFAEC554A5CFCD049A1.d.1477412C87F80E5EAE50CF781520ED5C.e.18121/click - {}
RESULT: {}
COMMAND: GET /session/2c43d02fb6ccc6d518c848919d0720f8/screenshot - {}
RESULT: {}
COMMAND: POST /session/2c43d02fb6ccc6d518c848919d0720f8/element - {"using":"xpath","value":"//button[contains(@data-kt ,\"execHoIssueFooterButton\")]"}
RESULT: {"using":"xpath","value":"//button[contains(@data-kt ,\"execHoIssueFooterButton\")]"}
COMMAND: POST /session/2c43d02fb6ccc6d518c848919d0720f8/element/f.291337A451B92CFAEC554A5CFCD049A1.d.1477412C87F80E5EAE50CF781520ED5C.e.18124/click - {}
RESULT: {}
COMMAND: GET /session/2c43d02fb6ccc6d518c848919d0720f8/screenshot - {}
RESULT: {}
COMMAND: POST /session/2c43d02fb6ccc6d518c848919d0720f8/refresh - {}
RESULT: {}
COMMAND: GET /session/2c43d02fb6ccc6d518c848919d0720f8/screenshot - {}
RESULT: {}
COMMAND: POST /session/2c43d02fb6ccc6d518c848919d0720f8/refresh - {}
RESULT: {}
COMMAND: GET /session/2c43d02fb6ccc6d518c848919d0720f8/screenshot - {}
RESULT: {}
COMMAND: POST /session/2c43d02fb6ccc6d518c848919d0720f8/window/fullscreen - {}
RESULT: {}
COMMAND: POST /session/2c43d02fb6ccc6d518c848919d0720f8/execute/async - {"script":"<script> [189 bytes]","args":[]}
RESULT: {"script":"<script> [189 bytes]","args":[]}
COMMAND: POST /session/2c43d02fb6ccc6d518c848919d0720f8/execute/async - {"script":"<script> [123 bytes]","args":[]}
RESULT: {"script":"<script> [123 bytes]","args":[]}
COMMAND: POST /session/2c43d02fb6ccc6d518c848919d0720f8/timeouts - {"script":"<number>"}
RESULT: {"script":"<number>"}
COMMAND: GET /session/2c43d02fb6ccc6d518c848919d0720f8/timeouts - {}
RESULT: {}
RESULT: undefined
COMMAND: POST /session/2c43d02fb6ccc6d518c848919d0720f8/execute/async - {"script":"<script> [2676 bytes]","args":[]}
RESULT: {"script":"<script> [2676 bytes]","args":[]}
COMMAND: POST /session/2c43d02fb6ccc6d518c848919d0720f8/execute/async - {"script":"<script> [2342 bytes]","args":[{"protocol":"http","hostname":"0.0.0.0","path":"/","capabilities":{"browserName":"chrome","goog:chromeOptions":{"binary":"C:\\Program Files\\Google\\Chrome\\Application\\chrome.exe","args":["--start-maximized"]}},"logLevel":"warn","connectionRetryTimeout":120000,"connectionRetryCount":3,"logLevels":{},"enableDirectConnect":true,"strictSSL":true,"_":"65 more keys: [\"cacheDir\",\"port\",\"requestedCapabilities\",\"automationProtocol\",\"baseUrl\",\"waitforInterval\",\"waitforTimeout\",\"onReload\",\"beforeCommand\",\"afterCommand\",\"rootDir\",\"specs\",\"suites\",\"exclude\",\"groupLogsByTestSpec\",\"excludeDriverLogs\",\"bail\",\"framework\",\"reporters\",\"services\",\"maxInstances\",\"maxInstancesPerCapability\",\"injectGlobals\",\"filesToWatch\",\"execArgv\",\"runnerEnv\",\"runner\",\"shard\",\"specFileRetries\",\"specFileRetriesDelay\",\"specFileRetriesDeferred\",\"reporterSyncInterval\",\"reporterSyncTimeout\",\"cucumberFeaturesWithLineNumbers\",\"autoCompileOpts\",\"mochaOpts\",\"jasmineOpts\",\"cucumberOpts\",\"onPrepare\",\"onWorkerStart\",\"onWorkerEnd\",\"before\",\"beforeSession\",\"beforeSuite\",\"beforeHook\",\"beforeTest\",\"afterTest\",\"afterHook\",\"afterSuite\",\"afterSession\",\"after\",\"onComplete\",\"beforeAssertion\",\"afterAssertion\",\"beforeFeature\",\"beforeScenario\",\"beforeStep\",\"afterStep\",\"afterScenario\",\"afterFeature\",\"_\",\"suite\",\"$0\",\"ignoredWorkerServices\",\"wdi5\"]"}]}
RESULT: {"script":"<script> [2342 bytes]","args":[{"protocol":"http","hostname":"0.0.0.0","path":"/","capabilities":{"browserName":"chrome","goog:chromeOptions":{"binary":"C:\\Program Files\\Google\\Chrome\\Application\\chrome.exe","args":["--start-maximized"]}},"logLevel":"warn","connectionRetryTimeout":120000,"connectionRetryCount":3,"logLevels":{},"enableDirectConnect":true,"strictSSL":true,"_":"65 more keys: [\"cacheDir\",\"port\",\"requestedCapabilities\",\"automationProtocol\",\"baseUrl\",\"waitforInterval\",\"waitforTimeout\",\"onReload\",\"beforeCommand\",\"afterCommand\",\"rootDir\",\"specs\",\"suites\",\"exclude\",\"groupLogsByTestSpec\",\"excludeDriverLogs\",\"bail\",\"framework\",\"reporters\",\"services\",\"maxInstances\",\"maxInstancesPerCapability\",\"injectGlobals\",\"filesToWatch\",\"execArgv\",\"runnerEnv\",\"runner\",\"shard\",\"specFileRetries\",\"specFileRetriesDelay\",\"specFileRetriesDeferred\",\"reporterSyncInterval\",\"reporterSyncTimeout\",\"cucumberFeaturesWithLineNumbers\",\"autoCompileOpts\",\"mochaOpts\",\"jasmineOpts\",\"cucumberOpts\",\"onPrepare\",\"onWorkerStart\",\"onWorkerEnd\",\"before\",\"beforeSession\",\"beforeSuite\",\"beforeHook\",\"beforeTest\",\"afterTest\",\"afterHook\",\"afterSuite\",\"afterSession\",\"after\",\"onComplete\",\"beforeAssertion\",\"afterAssertion\",\"beforeFeature\",\"beforeScenario\",\"beforeStep\",\"afterStep\",\"afterScenario\",\"afterFeature\",\"_\",\"suite\",\"$0\",\"ignoredWorkerServices\",\"wdi5\"]"}]}
COMMAND: POST /session/2c43d02fb6ccc6d518c848919d0720f8/execute/async - {"script":"<script> [21126 bytes]","args":[35000]}
RESULT: {"script":"<script> [21126 bytes]","args":[35000]}
COMMAND: POST /session/2c43d02fb6ccc6d518c848919d0720f8/execute/async - {"script":"<script> [1562 bytes]","args":[{"selector":{"controlType":"sap.m.SearchField","viewName":"etm.portal.ui.managehandovers.view.MasterHO","bindingPath":{"path":"","propertyPath":"/_BASIC_SEARCH_FIELD","modelName":"fi1t3rM0d31"},"interaction":{"idSuffix":"I"}},"wdio_ui5_key":"etmportal.ui.managehandovers.view.MasterHOsap.m.SearchField{\"path\":\"\",\"propertyPath\":\"/_BASIC_SEARCH_FIELD\",\"modelName\":\"fi1t3rM0d31\"}"}]}
RESULT: {"script":"<script> [1562 bytes]","args":[{"selector":{"controlType":"sap.m.SearchField","viewName":"etm.portal.ui.managehandovers.view.MasterHO","bindingPath":{"path":"","propertyPath":"/_BASIC_SEARCH_FIELD","modelName":"fi1t3rM0d31"},"interaction":{"idSuffix":"I"}},"wdio_ui5_key":"etmportal.ui.managehandovers.view.MasterHOsap.m.SearchField{\"path\":\"\",\"propertyPath\":\"/_BASIC_SEARCH_FIELD\",\"modelName\":\"fi1t3rM0d31\"}"}]}
RESULT: undefined
COMMAND: POST /session/2c43d02fb6ccc6d518c848919d0720f8/execute/async - {"script":"<script> [776 bytes]","args":[{"enterText":"30892","selector":{"controlType":"sap.m.SearchField","viewName":"etm.portal.ui.managehandovers.view.MasterHO","bindingPath":{"path":"","propertyPath":"/_BASIC_SEARCH_FIELD","modelName":"fi1t3rM0d31"},"interaction":{"idSuffix":"I"}},"clearTextFirst":true,"interactionType":"ENTER_TEXT"}]}
RESULT: {"script":"<script> [776 bytes]","args":[{"enterText":"30892","selector":{"controlType":"sap.m.SearchField","viewName":"etm.portal.ui.managehandovers.view.MasterHO","bindingPath":{"path":"","propertyPath":"/_BASIC_SEARCH_FIELD","modelName":"fi1t3rM0d31"},"interaction":{"idSuffix":"I"}},"clearTextFirst":true,"interactionType":"ENTER_TEXT"}]}
COMMAND: POST /session/2c43d02fb6ccc6d518c848919d0720f8/actions - {"actions":[{"id":"action86","type":"key","parameters":{},"actions":[{"type":"keyDown","value":""},{"type":"pause","duration":10},{"type":"keyUp","value":""}]}]}
RESULT: {"actions":[{"id":"action86","type":"key","parameters":{},"actions":[{"type":"keyDown","value":""},{"type":"pause","duration":10},{"type":"keyUp","value":""}]}]}
COMMAND: GET /session/2c43d02fb6ccc6d518c848919d0720f8/screenshot - {}
RESULT: {}
COMMAND: POST /session/2c43d02fb6ccc6d518c848919d0720f8/execute/async - {"script":"<script> [1562 bytes]","args":[{"selector":{"controlType":"sap.m.Title","viewName":"etm.portal.ui.managehandovers.view.MasterHO","properties":{"text":"Records (1)"}},"wdio_ui5_key":"etmportal.ui.managehandovers.view.MasterHOsap.m.Title{\"text\":\"Records (1)\"}"}]}
RESULT: {"script":"<script> [1562 bytes]","args":[{"selector":{"controlType":"sap.m.Title","viewName":"etm.portal.ui.managehandovers.view.MasterHO","properties":{"text":"Records (1)"}},"wdio_ui5_key":"etmportal.ui.managehandovers.view.MasterHOsap.m.Title{\"text\":\"Records (1)\"}"}]}
RESULT: undefined
COMMAND: POST /session/2c43d02fb6ccc6d518c848919d0720f8/execute/async - {"script":"<script> [6424 bytes]","args":[{"element-6066-11e4-a52e-4f735466cecf":"f.291337A451B92CFAEC554A5CFCD049A1.d.AA778F9FBC0B0BF9F2BD11286B7FDFEB.e.18424"},"getText",[]]}
RESULT: {"script":"<script> [6424 bytes]","args":[{"element-6066-11e4-a52e-4f735466cecf":"f.291337A451B92CFAEC554A5CFCD049A1.d.AA778F9FBC0B0BF9F2BD11286B7FDFEB.e.18424"},"getText",[]]}
COMMAND: POST /session/2c43d02fb6ccc6d518c848919d0720f8/execute/async - {"script":"<script> [1562 bytes]","args":[{"selector":{"controlType":"sap.ui.core.Icon","viewName":"etm.portal.ui.managehandovers.view.MasterHO","properties":{"src":{"regex":{"source":"slim\\-arrow\\-right"}}}},"wdio_ui5_key":"etmportal.ui.managehandovers.view.MasterHOsap.ui.core.Icon{\"src\":{\"regex\":{\"source\":\"slim\\\\-arrow\\\\-right\"}}}"}]}
RESULT: {"script":"<script> [1562 bytes]","args":[{"selector":{"controlType":"sap.ui.core.Icon","viewName":"etm.portal.ui.managehandovers.view.MasterHO","properties":{"src":{"regex":{"source":"slim\\-arrow\\-right"}}}},"wdio_ui5_key":"etmportal.ui.managehandovers.view.MasterHOsap.ui.core.Icon{\"src\":{\"regex\":{\"source\":\"slim\\\\-arrow\\\\-right\"}}}"}]}
RESULT: undefined
COMMAND: POST /session/2c43d02fb6ccc6d518c848919d0720f8/element - {"using":"xpath","value":"//*[@id=\"__item27-__clone17-imgNav\"]"}
RESULT: {"using":"xpath","value":"//*[@id=\"__item27-__clone17-imgNav\"]"}
COMMAND: POST /session/2c43d02fb6ccc6d518c848919d0720f8/element/f.291337A451B92CFAEC554A5CFCD049A1.d.AA778F9FBC0B0BF9F2BD11286B7FDFEB.e.18423/click - {}
RESULT: {}
COMMAND: GET /session/2c43d02fb6ccc6d518c848919d0720f8/screenshot - {}
RESULT: {}
COMMAND: POST /session/2c43d02fb6ccc6d518c848919d0720f8/execute/async - {"script":"<script> [1562 bytes]","args":[{"selector":{"controlType":"sap.m.ObjectStatus","viewName":"etm.portal.ui.managehandovers.view.DetailExecuteHO","labelFor":{"text":"Status"}},"wdio_ui5_key":"etmportal.ui.managehandovers.view.DetailExecuteHOsap.m.ObjectStatus{\"text\":\"Status\"}"}]}
RESULT: {"script":"<script> [1562 bytes]","args":[{"selector":{"controlType":"sap.m.ObjectStatus","viewName":"etm.portal.ui.managehandovers.view.DetailExecuteHO","labelFor":{"text":"Status"}},"wdio_ui5_key":"etmportal.ui.managehandovers.view.DetailExecuteHOsap.m.ObjectStatus{\"text\":\"Status\"}"}]}
RESULT: undefined
COMMAND: POST /session/2c43d02fb6ccc6d518c848919d0720f8/execute/async - {"script":"<script> [6424 bytes]","args":[{"element-6066-11e4-a52e-4f735466cecf":"f.291337A451B92CFAEC554A5CFCD049A1.d.AA778F9FBC0B0BF9F2BD11286B7FDFEB.e.18517"},"getText",[]]}
RESULT: {"script":"<script> [6424 bytes]","args":[{"element-6066-11e4-a52e-4f735466cecf":"f.291337A451B92CFAEC554A5CFCD049A1.d.AA778F9FBC0B0BF9F2BD11286B7FDFEB.e.18517"},"getText",[]]}
COMMAND: POST /session/2c43d02fb6ccc6d518c848919d0720f8/execute/async - {"script":"<script> [1562 bytes]","args":[{"selector":{"controlType":"sap.m.Button","viewName":"etm.portal.ui.managehandovers.view.DetailExecuteHO","i18NText":{"propertyName":"text","key":"confirmAll"},"interaction":{"idSuffix":"BDI-content"}},"wdio_ui5_key":"etmportal.ui.managehandovers.view.DetailExecuteHOsap.m.Button{\"propertyName\":\"text\",\"key\":\"confirmAll\"}"}]}
RESULT: {"script":"<script> [1562 bytes]","args":[{"selector":{"controlType":"sap.m.Button","viewName":"etm.portal.ui.managehandovers.view.DetailExecuteHO","i18NText":{"propertyName":"text","key":"confirmAll"},"interaction":{"idSuffix":"BDI-content"}},"wdio_ui5_key":"etmportal.ui.managehandovers.view.DetailExecuteHOsap.m.Button{\"propertyName\":\"text\",\"key\":\"confirmAll\"}"}]}
RESULT: undefined
COMMAND: POST /session/2c43d02fb6ccc6d518c848919d0720f8/element - {"using":"xpath","value":"//*[@id=\"__button30\"]"}
RESULT: {"using":"xpath","value":"//*[@id=\"__button30\"]"}
COMMAND: POST /session/2c43d02fb6ccc6d518c848919d0720f8/element/f.291337A451B92CFAEC554A5CFCD049A1.d.AA778F9FBC0B0BF9F2BD11286B7FDFEB.e.18519/click - {}
RESULT: {}
COMMAND: GET /session/2c43d02fb6ccc6d518c848919d0720f8/screenshot - {}
RESULT: {}
COMMAND: POST /session/2c43d02fb6ccc6d518c848919d0720f8/execute/async - {"script":"<script> [1562 bytes]","args":[{"selector":{"controlType":"sap.m.Button","properties":{"text":"OK"},"searchOpenDialogs":true,"interaction":{"idSuffix":"BDI-content"}},"wdio_ui5_key":"sapm.Button{\"text\":\"OK\"}"}]}
RESULT: {"script":"<script> [1562 bytes]","args":[{"selector":{"controlType":"sap.m.Button","properties":{"text":"OK"},"searchOpenDialogs":true,"interaction":{"idSuffix":"BDI-content"}},"wdio_ui5_key":"sapm.Button{\"text\":\"OK\"}"}]}
RESULT: undefined
COMMAND: POST /session/2c43d02fb6ccc6d518c848919d0720f8/element - {"using":"xpath","value":"//*[@id=\"__mbox-btn-0\"]"}
RESULT: {"using":"xpath","value":"//*[@id=\"__mbox-btn-0\"]"}
COMMAND: POST /session/2c43d02fb6ccc6d518c848919d0720f8/element/f.291337A451B92CFAEC554A5CFCD049A1.d.AA778F9FBC0B0BF9F2BD11286B7FDFEB.e.18520/click - {}
RESULT: {}
COMMAND: GET /session/2c43d02fb6ccc6d518c848919d0720f8/screenshot - {}
RESULT: {}
COMMAND: POST /session/2c43d02fb6ccc6d518c848919d0720f8/element - {"using":"xpath","value":"//button[contains(@data-kt ,\"execHoReceiveFooterButton\")]"}
RESULT: {"using":"xpath","value":"//button[contains(@data-kt ,\"execHoReceiveFooterButton\")]"}
COMMAND: POST /session/2c43d02fb6ccc6d518c848919d0720f8/element/f.291337A451B92CFAEC554A5CFCD049A1.d.AA778F9FBC0B0BF9F2BD11286B7FDFEB.e.18475/click - {}
RESULT: {}
COMMAND: GET /session/2c43d02fb6ccc6d518c848919d0720f8/screenshot - {}
RESULT: {}
COMMAND: POST /session/2c43d02fb6ccc6d518c848919d0720f8/refresh - {}
RESULT: {}
COMMAND: GET /session/2c43d02fb6ccc6d518c848919d0720f8/screenshot - {}
RESULT: {}
COMMAND: POST /session/2c43d02fb6ccc6d518c848919d0720f8/refresh - {}
RESULT: {}
COMMAND: GET /session/2c43d02fb6ccc6d518c848919d0720f8/screenshot - {}
RESULT: {}
COMMAND: POST /session/2c43d02fb6ccc6d518c848919d0720f8/window/fullscreen - {}
RESULT: {}
COMMAND: POST /session/2c43d02fb6ccc6d518c848919d0720f8/execute/async - {"script":"<script> [189 bytes]","args":[]}
RESULT: {"script":"<script> [189 bytes]","args":[]}
COMMAND: POST /session/2c43d02fb6ccc6d518c848919d0720f8/execute/async - {"script":"<script> [123 bytes]","args":[]}
RESULT: {"script":"<script> [123 bytes]","args":[]}
COMMAND: POST /session/2c43d02fb6ccc6d518c848919d0720f8/timeouts - {"script":"<number>"}
RESULT: {"script":"<number>"}
COMMAND: GET /session/2c43d02fb6ccc6d518c848919d0720f8/timeouts - {}
RESULT: {}
RESULT: undefined
COMMAND: POST /session/2c43d02fb6ccc6d518c848919d0720f8/execute/async - {"script":"<script> [2676 bytes]","args":[]}
RESULT: {"script":"<script> [2676 bytes]","args":[]}
COMMAND: POST /session/2c43d02fb6ccc6d518c848919d0720f8/execute/async - {"script":"<script> [2342 bytes]","args":[{"protocol":"http","hostname":"0.0.0.0","path":"/","capabilities":{"browserName":"chrome","goog:chromeOptions":{"binary":"C:\\Program Files\\Google\\Chrome\\Application\\chrome.exe","args":["--start-maximized"]}},"logLevel":"warn","connectionRetryTimeout":120000,"connectionRetryCount":3,"logLevels":{},"enableDirectConnect":true,"strictSSL":true,"_":"65 more keys: [\"cacheDir\",\"port\",\"requestedCapabilities\",\"automationProtocol\",\"baseUrl\",\"waitforInterval\",\"waitforTimeout\",\"onReload\",\"beforeCommand\",\"afterCommand\",\"rootDir\",\"specs\",\"suites\",\"exclude\",\"groupLogsByTestSpec\",\"excludeDriverLogs\",\"bail\",\"framework\",\"reporters\",\"services\",\"maxInstances\",\"maxInstancesPerCapability\",\"injectGlobals\",\"filesToWatch\",\"execArgv\",\"runnerEnv\",\"runner\",\"shard\",\"specFileRetries\",\"specFileRetriesDelay\",\"specFileRetriesDeferred\",\"reporterSyncInterval\",\"reporterSyncTimeout\",\"cucumberFeaturesWithLineNumbers\",\"autoCompileOpts\",\"mochaOpts\",\"jasmineOpts\",\"cucumberOpts\",\"onPrepare\",\"onWorkerStart\",\"onWorkerEnd\",\"before\",\"beforeSession\",\"beforeSuite\",\"beforeHook\",\"beforeTest\",\"afterTest\",\"afterHook\",\"afterSuite\",\"afterSession\",\"after\",\"onComplete\",\"beforeAssertion\",\"afterAssertion\",\"beforeFeature\",\"beforeScenario\",\"beforeStep\",\"afterStep\",\"afterScenario\",\"afterFeature\",\"_\",\"suite\",\"$0\",\"ignoredWorkerServices\",\"wdi5\"]"}]}
RESULT: {"script":"<script> [2342 bytes]","args":[{"protocol":"http","hostname":"0.0.0.0","path":"/","capabilities":{"browserName":"chrome","goog:chromeOptions":{"binary":"C:\\Program Files\\Google\\Chrome\\Application\\chrome.exe","args":["--start-maximized"]}},"logLevel":"warn","connectionRetryTimeout":120000,"connectionRetryCount":3,"logLevels":{},"enableDirectConnect":true,"strictSSL":true,"_":"65 more keys: [\"cacheDir\",\"port\",\"requestedCapabilities\",\"automationProtocol\",\"baseUrl\",\"waitforInterval\",\"waitforTimeout\",\"onReload\",\"beforeCommand\",\"afterCommand\",\"rootDir\",\"specs\",\"suites\",\"exclude\",\"groupLogsByTestSpec\",\"excludeDriverLogs\",\"bail\",\"framework\",\"reporters\",\"services\",\"maxInstances\",\"maxInstancesPerCapability\",\"injectGlobals\",\"filesToWatch\",\"execArgv\",\"runnerEnv\",\"runner\",\"shard\",\"specFileRetries\",\"specFileRetriesDelay\",\"specFileRetriesDeferred\",\"reporterSyncInterval\",\"reporterSyncTimeout\",\"cucumberFeaturesWithLineNumbers\",\"autoCompileOpts\",\"mochaOpts\",\"jasmineOpts\",\"cucumberOpts\",\"onPrepare\",\"onWorkerStart\",\"onWorkerEnd\",\"before\",\"beforeSession\",\"beforeSuite\",\"beforeHook\",\"beforeTest\",\"afterTest\",\"afterHook\",\"afterSuite\",\"afterSession\",\"after\",\"onComplete\",\"beforeAssertion\",\"afterAssertion\",\"beforeFeature\",\"beforeScenario\",\"beforeStep\",\"afterStep\",\"afterScenario\",\"afterFeature\",\"_\",\"suite\",\"$0\",\"ignoredWorkerServices\",\"wdi5\"]"}]}
COMMAND: POST /session/2c43d02fb6ccc6d518c848919d0720f8/execute/async - {"script":"<script> [21126 bytes]","args":[35000]}
RESULT: {"script":"<script> [21126 bytes]","args":[35000]}
COMMAND: POST /session/2c43d02fb6ccc6d518c848919d0720f8/execute/async - {"script":"<script> [1562 bytes]","args":[{"selector":{"controlType":"sap.m.SearchField","viewName":"etm.portal.ui.managehandovers.view.MasterHO","bindingPath":{"path":"","propertyPath":"/_BASIC_SEARCH_FIELD","modelName":"fi1t3rM0d31"},"interaction":{"idSuffix":"I"}},"wdio_ui5_key":"etmportal.ui.managehandovers.view.MasterHOsap.m.SearchField{\"path\":\"\",\"propertyPath\":\"/_BASIC_SEARCH_FIELD\",\"modelName\":\"fi1t3rM0d31\"}"}]}
RESULT: {"script":"<script> [1562 bytes]","args":[{"selector":{"controlType":"sap.m.SearchField","viewName":"etm.portal.ui.managehandovers.view.MasterHO","bindingPath":{"path":"","propertyPath":"/_BASIC_SEARCH_FIELD","modelName":"fi1t3rM0d31"},"interaction":{"idSuffix":"I"}},"wdio_ui5_key":"etmportal.ui.managehandovers.view.MasterHOsap.m.SearchField{\"path\":\"\",\"propertyPath\":\"/_BASIC_SEARCH_FIELD\",\"modelName\":\"fi1t3rM0d31\"}"}]}
RESULT: undefined
COMMAND: POST /session/2c43d02fb6ccc6d518c848919d0720f8/execute/async - {"script":"<script> [776 bytes]","args":[{"enterText":"30892","selector":{"controlType":"sap.m.SearchField","viewName":"etm.portal.ui.managehandovers.view.MasterHO","bindingPath":{"path":"","propertyPath":"/_BASIC_SEARCH_FIELD","modelName":"fi1t3rM0d31"},"interaction":{"idSuffix":"I"}},"clearTextFirst":true,"interactionType":"ENTER_TEXT"}]}
RESULT: {"script":"<script> [776 bytes]","args":[{"enterText":"30892","selector":{"controlType":"sap.m.SearchField","viewName":"etm.portal.ui.managehandovers.view.MasterHO","bindingPath":{"path":"","propertyPath":"/_BASIC_SEARCH_FIELD","modelName":"fi1t3rM0d31"},"interaction":{"idSuffix":"I"}},"clearTextFirst":true,"interactionType":"ENTER_TEXT"}]}
COMMAND: POST /session/2c43d02fb6ccc6d518c848919d0720f8/actions - {"actions":[{"id":"action87","type":"key","parameters":{},"actions":[{"type":"keyDown","value":""},{"type":"pause","duration":10},{"type":"keyUp","value":""}]}]}
RESULT: {"actions":[{"id":"action87","type":"key","parameters":{},"actions":[{"type":"keyDown","value":""},{"type":"pause","duration":10},{"type":"keyUp","value":""}]}]}
COMMAND: GET /session/2c43d02fb6ccc6d518c848919d0720f8/screenshot - {}
RESULT: {}
COMMAND: POST /session/2c43d02fb6ccc6d518c848919d0720f8/execute/async - {"script":"<script> [1562 bytes]","args":[{"selector":{"controlType":"sap.m.Title","viewName":"etm.portal.ui.managehandovers.view.MasterHO","properties":{"text":"Records (1)"}},"wdio_ui5_key":"etmportal.ui.managehandovers.view.MasterHOsap.m.Title{\"text\":\"Records (1)\"}"}]}
RESULT: {"script":"<script> [1562 bytes]","args":[{"selector":{"controlType":"sap.m.Title","viewName":"etm.portal.ui.managehandovers.view.MasterHO","properties":{"text":"Records (1)"}},"wdio_ui5_key":"etmportal.ui.managehandovers.view.MasterHOsap.m.Title{\"text\":\"Records (1)\"}"}]}
RESULT: undefined
COMMAND: POST /session/2c43d02fb6ccc6d518c848919d0720f8/execute/async - {"script":"<script> [6424 bytes]","args":[{"element-6066-11e4-a52e-4f735466cecf":"f.291337A451B92CFAEC554A5CFCD049A1.d.3E7E0BCAC20AA897C8C59924B37E77B1.e.18695"},"getText",[]]}
RESULT: {"script":"<script> [6424 bytes]","args":[{"element-6066-11e4-a52e-4f735466cecf":"f.291337A451B92CFAEC554A5CFCD049A1.d.3E7E0BCAC20AA897C8C59924B37E77B1.e.18695"},"getText",[]]}
COMMAND: POST /session/2c43d02fb6ccc6d518c848919d0720f8/execute/async - {"script":"<script> [1562 bytes]","args":[{"selector":{"controlType":"sap.ui.core.Icon","viewName":"etm.portal.ui.managehandovers.view.MasterHO","properties":{"src":{"regex":{"source":"slim\\-arrow\\-right"}}}},"wdio_ui5_key":"etmportal.ui.managehandovers.view.MasterHOsap.ui.core.Icon{\"src\":{\"regex\":{\"source\":\"slim\\\\-arrow\\\\-right\"}}}"}]}
RESULT: {"script":"<script> [1562 bytes]","args":[{"selector":{"controlType":"sap.ui.core.Icon","viewName":"etm.portal.ui.managehandovers.view.MasterHO","properties":{"src":{"regex":{"source":"slim\\-arrow\\-right"}}}},"wdio_ui5_key":"etmportal.ui.managehandovers.view.MasterHOsap.ui.core.Icon{\"src\":{\"regex\":{\"source\":\"slim\\\\-arrow\\\\-right\"}}}"}]}
RESULT: undefined
COMMAND: POST /session/2c43d02fb6ccc6d518c848919d0720f8/element - {"using":"xpath","value":"//*[@id=\"__item27-__clone17-imgNav\"]"}
RESULT: {"using":"xpath","value":"//*[@id=\"__item27-__clone17-imgNav\"]"}
COMMAND: POST /session/2c43d02fb6ccc6d518c848919d0720f8/element/f.291337A451B92CFAEC554A5CFCD049A1.d.3E7E0BCAC20AA897C8C59924B37E77B1.e.18694/click - {}
RESULT: {}
COMMAND: GET /session/2c43d02fb6ccc6d518c848919d0720f8/screenshot - {}
RESULT: {}
COMMAND: POST /session/2c43d02fb6ccc6d518c848919d0720f8/execute/async - {"script":"<script> [1562 bytes]","args":[{"selector":{"controlType":"sap.m.ObjectStatus","viewName":"etm.portal.ui.managehandovers.view.DetailManageHO","viewId":"application-managehandovers-display-component---detailManageHO","labelFor":{"text":"Status"}},"wdio_ui5_key":"etmportal.ui.managehandovers.view.DetailManageHOsap.m.ObjectStatus{\"text\":\"Status\"}"}]}
RESULT: {"script":"<script> [1562 bytes]","args":[{"selector":{"controlType":"sap.m.ObjectStatus","viewName":"etm.portal.ui.managehandovers.view.DetailManageHO","viewId":"application-managehandovers-display-component---detailManageHO","labelFor":{"text":"Status"}},"wdio_ui5_key":"etmportal.ui.managehandovers.view.DetailManageHOsap.m.ObjectStatus{\"text\":\"Status\"}"}]}
RESULT: undefined
COMMAND: POST /session/2c43d02fb6ccc6d518c848919d0720f8/execute/async - {"script":"<script> [6424 bytes]","args":[{"element-6066-11e4-a52e-4f735466cecf":"f.291337A451B92CFAEC554A5CFCD049A1.d.3E7E0BCAC20AA897C8C59924B37E77B1.e.18790"},"getText",[]]}
RESULT: {"script":"<script> [6424 bytes]","args":[{"element-6066-11e4-a52e-4f735466cecf":"f.291337A451B92CFAEC554A5CFCD049A1.d.3E7E0BCAC20AA897C8C59924B37E77B1.e.18790"},"getText",[]]}
COMMAND: POST /session/2c43d02fb6ccc6d518c848919d0720f8/element - {"using":"xpath","value":"//a[contains(@data-kt ,\"GeneralSectionReceiveContracttLink\")]"}
RESULT: {"using":"xpath","value":"//a[contains(@data-kt ,\"GeneralSectionReceiveContracttLink\")]"}
COMMAND: POST /session/2c43d02fb6ccc6d518c848919d0720f8/element/f.291337A451B92CFAEC554A5CFCD049A1.d.3E7E0BCAC20AA897C8C59924B37E77B1.e.18791/click - {}
RESULT: {}
COMMAND: GET /session/2c43d02fb6ccc6d518c848919d0720f8/screenshot - {}
RESULT: {}
COMMAND: POST /session/2c43d02fb6ccc6d518c848919d0720f8/element - {"using":"xpath","value":"//a[contains(@data-kt ,\"ContextMenuId2Link\")]"}
RESULT: {"using":"xpath","value":"//a[contains(@data-kt ,\"ContextMenuId2Link\")]"}
COMMAND: POST /session/2c43d02fb6ccc6d518c848919d0720f8/element/f.291337A451B92CFAEC554A5CFCD049A1.d.3E7E0BCAC20AA897C8C59924B37E77B1.e.18794/click - {}
RESULT: {}
COMMAND: GET /session/2c43d02fb6ccc6d518c848919d0720f8/screenshot - {}
RESULT: {}
COMMAND: POST /session/2c43d02fb6ccc6d518c848919d0720f8/execute/async - {"script":"<script> [1562 bytes]","args":[{"selector":{"controlType":"sap.m.ObjectStatus","viewName":"etm.portal.ui.managecontracts.view.Detail","bindingPath":{"propertyPath":"LINK_TO_LOGISTICAL_STATUS/DESCRIPTION","modelName":"catalogModel"}},"wdio_ui5_key":"etmportal.ui.managecontracts.view.Detailsap.m.ObjectStatus{\"propertyPath\":\"LINK_TO_LOGISTICAL_STATUS/DESCRIPTION\",\"modelName\":\"catalogModel\"}"}]}
RESULT: {"script":"<script> [1562 bytes]","args":[{"selector":{"controlType":"sap.m.ObjectStatus","viewName":"etm.portal.ui.managecontracts.view.Detail","bindingPath":{"propertyPath":"LINK_TO_LOGISTICAL_STATUS/DESCRIPTION","modelName":"catalogModel"}},"wdio_ui5_key":"etmportal.ui.managecontracts.view.Detailsap.m.ObjectStatus{\"propertyPath\":\"LINK_TO_LOGISTICAL_STATUS/DESCRIPTION\",\"modelName\":\"catalogModel\"}"}]}
RESULT: undefined
COMMAND: POST /session/2c43d02fb6ccc6d518c848919d0720f8/execute/async - {"script":"<script> [6424 bytes]","args":[{"element-6066-11e4-a52e-4f735466cecf":"f.291337A451B92CFAEC554A5CFCD049A1.d.3E7E0BCAC20AA897C8C59924B37E77B1.e.19030"},"getText",[]]}
RESULT: {"script":"<script> [6424 bytes]","args":[{"element-6066-11e4-a52e-4f735466cecf":"f.291337A451B92CFAEC554A5CFCD049A1.d.3E7E0BCAC20AA897C8C59924B37E77B1.e.19030"},"getText",[]]}
COMMAND: POST /session/2c43d02fb6ccc6d518c848919d0720f8/execute/async - {"script":"<script> [1562 bytes]","args":[{"selector":{"controlType":"sap.m.ObjectStatus","viewName":"etm.portal.ui.managecontracts.view.Detail","bindingPath":{"propertyPath":"LINK_TO_COMMERCIAL_STATUS/DESCRIPTION","modelName":"catalogModel"}},"wdio_ui5_key":"etmportal.ui.managecontracts.view.Detailsap.m.ObjectStatus{\"propertyPath\":\"LINK_TO_COMMERCIAL_STATUS/DESCRIPTION\",\"modelName\":\"catalogModel\"}"}]}
RESULT: {"script":"<script> [1562 bytes]","args":[{"selector":{"controlType":"sap.m.ObjectStatus","viewName":"etm.portal.ui.managecontracts.view.Detail","bindingPath":{"propertyPath":"LINK_TO_COMMERCIAL_STATUS/DESCRIPTION","modelName":"catalogModel"}},"wdio_ui5_key":"etmportal.ui.managecontracts.view.Detailsap.m.ObjectStatus{\"propertyPath\":\"LINK_TO_COMMERCIAL_STATUS/DESCRIPTION\",\"modelName\":\"catalogModel\"}"}]}
RESULT: undefined
COMMAND: POST /session/2c43d02fb6ccc6d518c848919d0720f8/execute/async - {"script":"<script> [6424 bytes]","args":[{"element-6066-11e4-a52e-4f735466cecf":"f.291337A451B92CFAEC554A5CFCD049A1.d.3E7E0BCAC20AA897C8C59924B37E77B1.e.19031"},"getText",[]]}
RESULT: {"script":"<script> [6424 bytes]","args":[{"element-6066-11e4-a52e-4f735466cecf":"f.291337A451B92CFAEC554A5CFCD049A1.d.3E7E0BCAC20AA897C8C59924B37E77B1.e.19031"},"getText",[]]}
]]></system-out>
    </testcase>
    <testcase classname="chrome.136_0_7103_93.windows.E2E_-_Logistical_and_commercial_statuses" name="It should follow the handover steps to the status fully returned" time="241.694">
      <system-out><![CDATA[
COMMAND: POST /session/2c43d02fb6ccc6d518c848919d0720f8/execute/async - {"script":"<script> [1562 bytes]","args":[{"selector":{"id":"contractDetailReturnButton","viewName":"etm.portal.ui.managecontracts.view.Detail","interaction":{"idSuffix":"BDI-content"}},"wdio_ui5_key":"contractDetailReturnButtonetmportal.ui.managecontracts.view.Detail"}]}
RESULT: {"script":"<script> [1562 bytes]","args":[{"selector":{"id":"contractDetailReturnButton","viewName":"etm.portal.ui.managecontracts.view.Detail","interaction":{"idSuffix":"BDI-content"}},"wdio_ui5_key":"contractDetailReturnButtonetmportal.ui.managecontracts.view.Detail"}]}
RESULT: undefined
COMMAND: POST /session/2c43d02fb6ccc6d518c848919d0720f8/element - {"using":"xpath","value":"//*[@id=\"__xmlview2--contractDetailReturnButton\"]"}
RESULT: {"using":"xpath","value":"//*[@id=\"__xmlview2--contractDetailReturnButton\"]"}
COMMAND: POST /session/2c43d02fb6ccc6d518c848919d0720f8/element/f.291337A451B92CFAEC554A5CFCD049A1.d.3E7E0BCAC20AA897C8C59924B37E77B1.e.18895/click - {}
RESULT: {}
COMMAND: POST /session/2c43d02fb6ccc6d518c848919d0720f8/execute/async - {"script":"<script> [1562 bytes]","args":[{"selector":{"id":"application-managehandovers-display-component---AddNewHO--dueDate","interaction":{"idSuffix":"inner"}},"wdio_ui5_key":"applicationmanagehandovers-display-component---AddNewHO--dueDate"}]}
COMMAND: GET /session/2c43d02fb6ccc6d518c848919d0720f8/screenshot - {}
RESULT: {"script":"<script> [1562 bytes]","args":[{"selector":{"id":"application-managehandovers-display-component---AddNewHO--dueDate","interaction":{"idSuffix":"inner"}},"wdio_ui5_key":"applicationmanagehandovers-display-component---AddNewHO--dueDate"}]}
RESULT: undefined
COMMAND: POST /session/2c43d02fb6ccc6d518c848919d0720f8/execute/async - {"script":"<script> [776 bytes]","args":[{"enterText":"06/01/25","selector":{"id":"application-managehandovers-display-component---AddNewHO--dueDate","interaction":{"idSuffix":"inner"}},"clearTextFirst":true,"interactionType":"ENTER_TEXT"}]}
RESULT: {}
RESULT: {"script":"<script> [776 bytes]","args":[{"enterText":"06/01/25","selector":{"id":"application-managehandovers-display-component---AddNewHO--dueDate","interaction":{"idSuffix":"inner"}},"clearTextFirst":true,"interactionType":"ENTER_TEXT"}]}
COMMAND: POST /session/2c43d02fb6ccc6d518c848919d0720f8/element - {"using":"xpath","value":"//bdi[contains(@id ,\"application-managehandovers-display-component---AddNewHO--ObjectPageLayout-anchBar-application-managehandovers-display-component---AddNewHO--section4-anchor-BDI-content\")]"}
RESULT: {"using":"xpath","value":"//bdi[contains(@id ,\"application-managehandovers-display-component---AddNewHO--ObjectPageLayout-anchBar-application-managehandovers-display-component---AddNewHO--section4-anchor-BDI-content\")]"}
COMMAND: POST /session/2c43d02fb6ccc6d518c848919d0720f8/element/f.291337A451B92CFAEC554A5CFCD049A1.d.3E7E0BCAC20AA897C8C59924B37E77B1.e.19370/click - {}
RESULT: {}
COMMAND: GET /session/2c43d02fb6ccc6d518c848919d0720f8/screenshot - {}
RESULT: {}
COMMAND: POST /session/2c43d02fb6ccc6d518c848919d0720f8/element - {"using":"xpath","value":"//button[contains(@data-kt ,\"AddNewHOProvideAddItemsButton\")]"}
RESULT: {"using":"xpath","value":"//button[contains(@data-kt ,\"AddNewHOProvideAddItemsButton\")]"}
COMMAND: POST /session/2c43d02fb6ccc6d518c848919d0720f8/element/f.291337A451B92CFAEC554A5CFCD049A1.d.3E7E0BCAC20AA897C8C59924B37E77B1.e.19205/click - {}
RESULT: {}
COMMAND: GET /session/2c43d02fb6ccc6d518c848919d0720f8/screenshot - {}
RESULT: {}
COMMAND: POST /session/2c43d02fb6ccc6d518c848919d0720f8/execute/async - {"script":"<script> [1562 bytes]","args":[{"selector":{"id":"application-managehandovers-display-component---AddNewHO--popup-sa","searchOpenDialogs":true,"interaction":{"idSuffix":"CbBg"}},"wdio_ui5_key":"applicationmanagehandovers-display-component---AddNewHO--popup-sa"}]}
RESULT: {"script":"<script> [1562 bytes]","args":[{"selector":{"id":"application-managehandovers-display-component---AddNewHO--popup-sa","searchOpenDialogs":true,"interaction":{"idSuffix":"CbBg"}},"wdio_ui5_key":"applicationmanagehandovers-display-component---AddNewHO--popup-sa"}]}
RESULT: undefined
COMMAND: POST /session/2c43d02fb6ccc6d518c848919d0720f8/element - {"using":"xpath","value":"//*[@id=\"application-managehandovers-display-component---AddNewHO--popup-sa\"]"}
RESULT: {"using":"xpath","value":"//*[@id=\"application-managehandovers-display-component---AddNewHO--popup-sa\"]"}
COMMAND: POST /session/2c43d02fb6ccc6d518c848919d0720f8/element/f.291337A451B92CFAEC554A5CFCD049A1.d.3E7E0BCAC20AA897C8C59924B37E77B1.e.19391/click - {}
RESULT: {}
COMMAND: POST /session/2c43d02fb6ccc6d518c848919d0720f8/execute/async - {"script":"<script> [1562 bytes]","args":[{"selector":{"controlType":"sap.m.Button","viewName":"etm.portal.ui.managehandovers.view.AddNewHO","viewId":"application-managehandovers-display-component---AddNewHO","i18NText":{"propertyName":"text","key":"select"},"searchOpenDialogs":true,"interaction":{"idSuffix":"BDI-content"}},"wdio_ui5_key":"etmportal.ui.managehandovers.view.AddNewHOsap.m.Button{\"propertyName\":\"text\",\"key\":\"select\"}"}]}
COMMAND: GET /session/2c43d02fb6ccc6d518c848919d0720f8/screenshot - {}
RESULT: {"script":"<script> [1562 bytes]","args":[{"selector":{"controlType":"sap.m.Button","viewName":"etm.portal.ui.managehandovers.view.AddNewHO","viewId":"application-managehandovers-display-component---AddNewHO","i18NText":{"propertyName":"text","key":"select"},"searchOpenDialogs":true,"interaction":{"idSuffix":"BDI-content"}},"wdio_ui5_key":"etmportal.ui.managehandovers.view.AddNewHOsap.m.Button{\"propertyName\":\"text\",\"key\":\"select\"}"}]}
RESULT: undefined
COMMAND: POST /session/2c43d02fb6ccc6d518c848919d0720f8/element - {"using":"xpath","value":"//*[@id=\"__button61\"]"}
RESULT: {}
RESULT: {"using":"xpath","value":"//*[@id=\"__button61\"]"}
COMMAND: POST /session/2c43d02fb6ccc6d518c848919d0720f8/element/f.291337A451B92CFAEC554A5CFCD049A1.d.3E7E0BCAC20AA897C8C59924B37E77B1.e.19394/click - {}
RESULT: {}
COMMAND: GET /session/2c43d02fb6ccc6d518c848919d0720f8/screenshot - {}
RESULT: {}
COMMAND: POST /session/2c43d02fb6ccc6d518c848919d0720f8/execute/async - {"script":"<script> [1562 bytes]","args":[{"selector":{"id":"application-managehandovers-display-component---AddNewHO--confirmCreationButton","interaction":{"idSuffix":"BDI-content"}},"wdio_ui5_key":"applicationmanagehandovers-display-component---AddNewHO--confirmCreationButton"}]}
RESULT: {"script":"<script> [1562 bytes]","args":[{"selector":{"id":"application-managehandovers-display-component---AddNewHO--confirmCreationButton","interaction":{"idSuffix":"BDI-content"}},"wdio_ui5_key":"applicationmanagehandovers-display-component---AddNewHO--confirmCreationButton"}]}
RESULT: undefined
COMMAND: POST /session/2c43d02fb6ccc6d518c848919d0720f8/element - {"using":"xpath","value":"//*[@id=\"application-managehandovers-display-component---AddNewHO--confirmCreationButton\"]"}
RESULT: {"using":"xpath","value":"//*[@id=\"application-managehandovers-display-component---AddNewHO--confirmCreationButton\"]"}
COMMAND: POST /session/2c43d02fb6ccc6d518c848919d0720f8/element/f.291337A451B92CFAEC554A5CFCD049A1.d.3E7E0BCAC20AA897C8C59924B37E77B1.e.19152/click - {}
RESULT: {}
COMMAND: GET /session/2c43d02fb6ccc6d518c848919d0720f8/screenshot - {}
RESULT: {}
COMMAND: POST /session/2c43d02fb6ccc6d518c848919d0720f8/execute/async - {"script":"<script> [1562 bytes]","args":[{"selector":{"controlType":"sap.m.Text","viewName":"etm.portal.ui.managehandovers.view.DetailExecuteHO","bindingPath":{"propertyPath":"NO","modelName":"catalogModel"}},"wdio_ui5_key":"etmportal.ui.managehandovers.view.DetailExecuteHOsap.m.Text{\"propertyPath\":\"NO\",\"modelName\":\"catalogModel\"}"}]}
RESULT: {"script":"<script> [1562 bytes]","args":[{"selector":{"controlType":"sap.m.Text","viewName":"etm.portal.ui.managehandovers.view.DetailExecuteHO","bindingPath":{"propertyPath":"NO","modelName":"catalogModel"}},"wdio_ui5_key":"etmportal.ui.managehandovers.view.DetailExecuteHOsap.m.Text{\"propertyPath\":\"NO\",\"modelName\":\"catalogModel\"}"}]}
RESULT: undefined
COMMAND: POST /session/2c43d02fb6ccc6d518c848919d0720f8/execute/async - {"script":"<script> [6424 bytes]","args":[{"element-6066-11e4-a52e-4f735466cecf":"f.291337A451B92CFAEC554A5CFCD049A1.d.3E7E0BCAC20AA897C8C59924B37E77B1.e.19453"},"getText",[]]}
RESULT: {"script":"<script> [6424 bytes]","args":[{"element-6066-11e4-a52e-4f735466cecf":"f.291337A451B92CFAEC554A5CFCD049A1.d.3E7E0BCAC20AA897C8C59924B37E77B1.e.19453"},"getText",[]]}
COMMAND: POST /session/2c43d02fb6ccc6d518c848919d0720f8/element - {"using":"xpath","value":"//a[contains(@data-kt ,\"GeneralSectionSendContractLink\")]"}
RESULT: {"using":"xpath","value":"//a[contains(@data-kt ,\"GeneralSectionSendContractLink\")]"}
COMMAND: POST /session/2c43d02fb6ccc6d518c848919d0720f8/element/f.291337A451B92CFAEC554A5CFCD049A1.d.3E7E0BCAC20AA897C8C59924B37E77B1.e.19454/click - {}
RESULT: {}
COMMAND: GET /session/2c43d02fb6ccc6d518c848919d0720f8/screenshot - {}
RESULT: {}
COMMAND: POST /session/2c43d02fb6ccc6d518c848919d0720f8/element - {"using":"xpath","value":"//a[contains(@data-kt ,\"ContextMenuId2Link\")]"}
RESULT: {"using":"xpath","value":"//a[contains(@data-kt ,\"ContextMenuId2Link\")]"}
COMMAND: POST /session/2c43d02fb6ccc6d518c848919d0720f8/elements - {"using":"xpath","value":"//a[contains(@data-kt ,\"ContextMenuId2Link\")]"}
RESULT: {"using":"xpath","value":"//a[contains(@data-kt ,\"ContextMenuId2Link\")]"}
COMMAND: POST /session/2c43d02fb6ccc6d518c848919d0720f8/element/f.291337A451B92CFAEC554A5CFCD049A1.d.3E7E0BCAC20AA897C8C59924B37E77B1.e.19458/click - {}
RESULT: {}
COMMAND: GET /session/2c43d02fb6ccc6d518c848919d0720f8/screenshot - {}
RESULT: {}
COMMAND: POST /session/2c43d02fb6ccc6d518c848919d0720f8/execute/async - {"script":"<script> [1562 bytes]","args":[{"selector":{"controlType":"sap.m.Link","viewName":"etm.portal.ui.managehandovers.view.DetailExecuteHO","properties":{"text":"Contract Overview"},"searchOpenDialogs":true},"wdio_ui5_key":"etmportal.ui.managehandovers.view.DetailExecuteHOsap.m.Link{\"text\":\"Contract Overview\"}"}]}
RESULT: {"script":"<script> [1562 bytes]","args":[{"selector":{"controlType":"sap.m.Link","viewName":"etm.portal.ui.managehandovers.view.DetailExecuteHO","properties":{"text":"Contract Overview"},"searchOpenDialogs":true},"wdio_ui5_key":"etmportal.ui.managehandovers.view.DetailExecuteHOsap.m.Link{\"text\":\"Contract Overview\"}"}]}
RESULT: undefined
RESULT: undefined
COMMAND: POST /session/2c43d02fb6ccc6d518c848919d0720f8/execute/async - {"script":"<script> [6424 bytes]","args":[{"element-6066-11e4-a52e-4f735466cecf":"f.291337A451B92CFAEC554A5CFCD049A1.d.3E7E0BCAC20AA897C8C59924B37E77B1.e.19030"},"getText",[]]}
COMMAND: POST /session/2c43d02fb6ccc6d518c848919d0720f8/execute/async - {"script":"<script> [1562 bytes]","args":[{"selector":{"controlType":"sap.m.ObjectStatus","viewName":"etm.portal.ui.managecontracts.view.Detail","bindingPath":{"propertyPath":"LINK_TO_LOGISTICAL_STATUS/DESCRIPTION","modelName":"catalogModel"}},"wdio_ui5_key":"etmportal.ui.managecontracts.view.Detailsap.m.ObjectStatus{\"propertyPath\":\"LINK_TO_LOGISTICAL_STATUS/DESCRIPTION\",\"modelName\":\"catalogModel\"}"}]}
RESULT: {"script":"<script> [1562 bytes]","args":[{"selector":{"controlType":"sap.m.ObjectStatus","viewName":"etm.portal.ui.managecontracts.view.Detail","bindingPath":{"propertyPath":"LINK_TO_LOGISTICAL_STATUS/DESCRIPTION","modelName":"catalogModel"}},"wdio_ui5_key":"etmportal.ui.managecontracts.view.Detailsap.m.ObjectStatus{\"propertyPath\":\"LINK_TO_LOGISTICAL_STATUS/DESCRIPTION\",\"modelName\":\"catalogModel\"}"}]}
COMMAND: POST /session/2c43d02fb6ccc6d518c848919d0720f8/execute/async - {"script":"<script> [6424 bytes]","args":[{"element-6066-11e4-a52e-4f735466cecf":"f.291337A451B92CFAEC554A5CFCD049A1.d.3E7E0BCAC20AA897C8C59924B37E77B1.e.19695"},"getText",[]]}
RESULT: {"script":"<script> [6424 bytes]","args":[{"element-6066-11e4-a52e-4f735466cecf":"f.291337A451B92CFAEC554A5CFCD049A1.d.3E7E0BCAC20AA897C8C59924B37E77B1.e.19695"},"getText",[]]}
RESULT: undefined
COMMAND: POST /session/2c43d02fb6ccc6d518c848919d0720f8/execute/async - {"script":"<script> [6424 bytes]","args":[{"element-6066-11e4-a52e-4f735466cecf":"f.291337A451B92CFAEC554A5CFCD049A1.d.3E7E0BCAC20AA897C8C59924B37E77B1.e.19031"},"getText",[]]}
COMMAND: POST /session/2c43d02fb6ccc6d518c848919d0720f8/execute/async - {"script":"<script> [1562 bytes]","args":[{"selector":{"controlType":"sap.m.ObjectStatus","viewName":"etm.portal.ui.managecontracts.view.Detail","bindingPath":{"propertyPath":"LINK_TO_COMMERCIAL_STATUS/DESCRIPTION","modelName":"catalogModel"}},"wdio_ui5_key":"etmportal.ui.managecontracts.view.Detailsap.m.ObjectStatus{\"propertyPath\":\"LINK_TO_COMMERCIAL_STATUS/DESCRIPTION\",\"modelName\":\"catalogModel\"}"}]}
RESULT: {"script":"<script> [1562 bytes]","args":[{"selector":{"controlType":"sap.m.ObjectStatus","viewName":"etm.portal.ui.managecontracts.view.Detail","bindingPath":{"propertyPath":"LINK_TO_COMMERCIAL_STATUS/DESCRIPTION","modelName":"catalogModel"}},"wdio_ui5_key":"etmportal.ui.managecontracts.view.Detailsap.m.ObjectStatus{\"propertyPath\":\"LINK_TO_COMMERCIAL_STATUS/DESCRIPTION\",\"modelName\":\"catalogModel\"}"}]}
COMMAND: POST /session/2c43d02fb6ccc6d518c848919d0720f8/execute/async - {"script":"<script> [6424 bytes]","args":[{"element-6066-11e4-a52e-4f735466cecf":"f.291337A451B92CFAEC554A5CFCD049A1.d.3E7E0BCAC20AA897C8C59924B37E77B1.e.19696"},"getText",[]]}
RESULT: {"script":"<script> [6424 bytes]","args":[{"element-6066-11e4-a52e-4f735466cecf":"f.291337A451B92CFAEC554A5CFCD049A1.d.3E7E0BCAC20AA897C8C59924B37E77B1.e.19696"},"getText",[]]}
COMMAND: POST /session/2c43d02fb6ccc6d518c848919d0720f8/execute/async - {"script":"<script> [1562 bytes]","args":[{"selector":{"id":"backBtn"},"wdio_ui5_key":"backBtn"}]}
RESULT: {"script":"<script> [1562 bytes]","args":[{"selector":{"id":"backBtn"},"wdio_ui5_key":"backBtn"}]}
RESULT: undefined
COMMAND: POST /session/2c43d02fb6ccc6d518c848919d0720f8/element - {"using":"xpath","value":"//*[@id=\"backBtn\"]"}
RESULT: {"using":"xpath","value":"//*[@id=\"backBtn\"]"}
COMMAND: POST /session/2c43d02fb6ccc6d518c848919d0720f8/element/f.291337A451B92CFAEC554A5CFCD049A1.d.3E7E0BCAC20AA897C8C59924B37E77B1.e.19697/click - {}
RESULT: {}
COMMAND: GET /session/2c43d02fb6ccc6d518c848919d0720f8/screenshot - {}
RESULT: {}
COMMAND: POST /session/2c43d02fb6ccc6d518c848919d0720f8/element - {"using":"xpath","value":"//input[contains(@id ,\"issueDatePicker-inner\")]"}
RESULT: {"using":"xpath","value":"//input[contains(@id ,\"issueDatePicker-inner\")]"}
COMMAND: GET /session/2c43d02fb6ccc6d518c848919d0720f8/element/f.291337A451B92CFAEC554A5CFCD049A1.d.3E7E0BCAC20AA897C8C59924B37E77B1.e.19980/property/value - {}
RESULT: {}
COMMAND: POST /session/2c43d02fb6ccc6d518c848919d0720f8/element/f.291337A451B92CFAEC554A5CFCD049A1.d.3E7E0BCAC20AA897C8C59924B37E77B1.e.19980/clear - {}
COMMAND: GET /session/2c43d02fb6ccc6d518c848919d0720f8/screenshot - {}
RESULT: {}
COMMAND: POST /session/2c43d02fb6ccc6d518c848919d0720f8/element/f.291337A451B92CFAEC554A5CFCD049A1.d.3E7E0BCAC20AA897C8C59924B37E77B1.e.19980/value - {"text":"06/01/25"}
COMMAND: GET /session/2c43d02fb6ccc6d518c848919d0720f8/screenshot - {}
RESULT: {}
RESULT: {"text":"06/01/25"}
COMMAND: GET /session/2c43d02fb6ccc6d518c848919d0720f8/screenshot - {}
RESULT: {}
RESULT: {}
COMMAND: POST /session/2c43d02fb6ccc6d518c848919d0720f8/execute/async - {"script":"<script> [1562 bytes]","args":[{"selector":{"controlType":"sap.m.Button","viewName":"etm.portal.ui.managehandovers.view.DetailExecuteHO","i18NText":{"propertyName":"text","key":"confirmAll"},"interaction":{"idSuffix":"inner"}},"wdio_ui5_key":"etmportal.ui.managehandovers.view.DetailExecuteHOsap.m.Button{\"propertyName\":\"text\",\"key\":\"confirmAll\"}"}]}
RESULT: {"script":"<script> [1562 bytes]","args":[{"selector":{"controlType":"sap.m.Button","viewName":"etm.portal.ui.managehandovers.view.DetailExecuteHO","i18NText":{"propertyName":"text","key":"confirmAll"},"interaction":{"idSuffix":"inner"}},"wdio_ui5_key":"etmportal.ui.managehandovers.view.DetailExecuteHOsap.m.Button{\"propertyName\":\"text\",\"key\":\"confirmAll\"}"}]}
RESULT: undefined
COMMAND: POST /session/2c43d02fb6ccc6d518c848919d0720f8/element - {"using":"xpath","value":"//*[@id=\"__button145\"]"}
RESULT: {"using":"xpath","value":"//*[@id=\"__button145\"]"}
COMMAND: POST /session/2c43d02fb6ccc6d518c848919d0720f8/element/f.291337A451B92CFAEC554A5CFCD049A1.d.3E7E0BCAC20AA897C8C59924B37E77B1.e.20003/click - {}
RESULT: {}
COMMAND: GET /session/2c43d02fb6ccc6d518c848919d0720f8/screenshot - {}
RESULT: {}
COMMAND: POST /session/2c43d02fb6ccc6d518c848919d0720f8/actions - {"actions":[{"id":"action88","type":"key","parameters":{},"actions":[{"type":"keyDown","value":""},{"type":"pause","duration":10},{"type":"keyUp","value":""}]}]}
RESULT: {"actions":[{"id":"action88","type":"key","parameters":{},"actions":[{"type":"keyDown","value":""},{"type":"pause","duration":10},{"type":"keyUp","value":""}]}]}
COMMAND: GET /session/2c43d02fb6ccc6d518c848919d0720f8/screenshot - {}
RESULT: {}
RESULT: undefined
COMMAND: POST /session/2c43d02fb6ccc6d518c848919d0720f8/element - {"using":"xpath","value":"//*[@id=\"__button145\"]"}
RESULT: {"using":"xpath","value":"//*[@id=\"__button145\"]"}
COMMAND: POST /session/2c43d02fb6ccc6d518c848919d0720f8/element/f.291337A451B92CFAEC554A5CFCD049A1.d.3E7E0BCAC20AA897C8C59924B37E77B1.e.20003/click - {}
RESULT: {}
COMMAND: GET /session/2c43d02fb6ccc6d518c848919d0720f8/screenshot - {}
RESULT: {}
COMMAND: POST /session/2c43d02fb6ccc6d518c848919d0720f8/execute/async - {"script":"<script> [1562 bytes]","args":[{"selector":{"controlType":"sap.m.Button","properties":{"text":"OK"},"searchOpenDialogs":true,"interaction":{"idSuffix":"content"}},"wdio_ui5_key":"sapm.Button{\"text\":\"OK\"}"}]}
RESULT: {"script":"<script> [1562 bytes]","args":[{"selector":{"controlType":"sap.m.Button","properties":{"text":"OK"},"searchOpenDialogs":true,"interaction":{"idSuffix":"content"}},"wdio_ui5_key":"sapm.Button{\"text\":\"OK\"}"}]}
RESULT: undefined
COMMAND: POST /session/2c43d02fb6ccc6d518c848919d0720f8/element - {"using":"xpath","value":"//*[@id=\"__mbox-btn-2\"]"}
RESULT: {"using":"xpath","value":"//*[@id=\"__mbox-btn-2\"]"}
COMMAND: POST /session/2c43d02fb6ccc6d518c848919d0720f8/element/f.291337A451B92CFAEC554A5CFCD049A1.d.3E7E0BCAC20AA897C8C59924B37E77B1.e.20011/click - {}
RESULT: {}
COMMAND: GET /session/2c43d02fb6ccc6d518c848919d0720f8/screenshot - {}
RESULT: {}
COMMAND: POST /session/2c43d02fb6ccc6d518c848919d0720f8/element - {"using":"xpath","value":"//button[contains(@data-kt ,\"execHoIssueFooterButton\")]"}
RESULT: {"using":"xpath","value":"//button[contains(@data-kt ,\"execHoIssueFooterButton\")]"}
COMMAND: POST /session/2c43d02fb6ccc6d518c848919d0720f8/element/f.291337A451B92CFAEC554A5CFCD049A1.d.3E7E0BCAC20AA897C8C59924B37E77B1.e.20015/click - {}
RESULT: {}
COMMAND: GET /session/2c43d02fb6ccc6d518c848919d0720f8/screenshot - {}
RESULT: {}
COMMAND: POST /session/2c43d02fb6ccc6d518c848919d0720f8/refresh - {}
RESULT: {}
COMMAND: GET /session/2c43d02fb6ccc6d518c848919d0720f8/screenshot - {}
RESULT: {}
COMMAND: POST /session/2c43d02fb6ccc6d518c848919d0720f8/refresh - {}
RESULT: {}
COMMAND: GET /session/2c43d02fb6ccc6d518c848919d0720f8/screenshot - {}
RESULT: {}
COMMAND: POST /session/2c43d02fb6ccc6d518c848919d0720f8/window/fullscreen - {}
RESULT: {}
COMMAND: POST /session/2c43d02fb6ccc6d518c848919d0720f8/execute/async - {"script":"<script> [189 bytes]","args":[]}
RESULT: {"script":"<script> [189 bytes]","args":[]}
COMMAND: POST /session/2c43d02fb6ccc6d518c848919d0720f8/execute/async - {"script":"<script> [123 bytes]","args":[]}
RESULT: {"script":"<script> [123 bytes]","args":[]}
COMMAND: POST /session/2c43d02fb6ccc6d518c848919d0720f8/timeouts - {"script":"<number>"}
RESULT: {"script":"<number>"}
COMMAND: GET /session/2c43d02fb6ccc6d518c848919d0720f8/timeouts - {}
RESULT: {}
RESULT: undefined
COMMAND: POST /session/2c43d02fb6ccc6d518c848919d0720f8/execute/async - {"script":"<script> [2676 bytes]","args":[]}
RESULT: {"script":"<script> [2676 bytes]","args":[]}
COMMAND: POST /session/2c43d02fb6ccc6d518c848919d0720f8/execute/async - {"script":"<script> [2342 bytes]","args":[{"protocol":"http","hostname":"0.0.0.0","path":"/","capabilities":{"browserName":"chrome","goog:chromeOptions":{"binary":"C:\\Program Files\\Google\\Chrome\\Application\\chrome.exe","args":["--start-maximized"]}},"logLevel":"warn","connectionRetryTimeout":120000,"connectionRetryCount":3,"logLevels":{},"enableDirectConnect":true,"strictSSL":true,"_":"65 more keys: [\"cacheDir\",\"port\",\"requestedCapabilities\",\"automationProtocol\",\"baseUrl\",\"waitforInterval\",\"waitforTimeout\",\"onReload\",\"beforeCommand\",\"afterCommand\",\"rootDir\",\"specs\",\"suites\",\"exclude\",\"groupLogsByTestSpec\",\"excludeDriverLogs\",\"bail\",\"framework\",\"reporters\",\"services\",\"maxInstances\",\"maxInstancesPerCapability\",\"injectGlobals\",\"filesToWatch\",\"execArgv\",\"runnerEnv\",\"runner\",\"shard\",\"specFileRetries\",\"specFileRetriesDelay\",\"specFileRetriesDeferred\",\"reporterSyncInterval\",\"reporterSyncTimeout\",\"cucumberFeaturesWithLineNumbers\",\"autoCompileOpts\",\"mochaOpts\",\"jasmineOpts\",\"cucumberOpts\",\"onPrepare\",\"onWorkerStart\",\"onWorkerEnd\",\"before\",\"beforeSession\",\"beforeSuite\",\"beforeHook\",\"beforeTest\",\"afterTest\",\"afterHook\",\"afterSuite\",\"afterSession\",\"after\",\"onComplete\",\"beforeAssertion\",\"afterAssertion\",\"beforeFeature\",\"beforeScenario\",\"beforeStep\",\"afterStep\",\"afterScenario\",\"afterFeature\",\"_\",\"suite\",\"$0\",\"ignoredWorkerServices\",\"wdi5\"]"}]}
RESULT: {"script":"<script> [2342 bytes]","args":[{"protocol":"http","hostname":"0.0.0.0","path":"/","capabilities":{"browserName":"chrome","goog:chromeOptions":{"binary":"C:\\Program Files\\Google\\Chrome\\Application\\chrome.exe","args":["--start-maximized"]}},"logLevel":"warn","connectionRetryTimeout":120000,"connectionRetryCount":3,"logLevels":{},"enableDirectConnect":true,"strictSSL":true,"_":"65 more keys: [\"cacheDir\",\"port\",\"requestedCapabilities\",\"automationProtocol\",\"baseUrl\",\"waitforInterval\",\"waitforTimeout\",\"onReload\",\"beforeCommand\",\"afterCommand\",\"rootDir\",\"specs\",\"suites\",\"exclude\",\"groupLogsByTestSpec\",\"excludeDriverLogs\",\"bail\",\"framework\",\"reporters\",\"services\",\"maxInstances\",\"maxInstancesPerCapability\",\"injectGlobals\",\"filesToWatch\",\"execArgv\",\"runnerEnv\",\"runner\",\"shard\",\"specFileRetries\",\"specFileRetriesDelay\",\"specFileRetriesDeferred\",\"reporterSyncInterval\",\"reporterSyncTimeout\",\"cucumberFeaturesWithLineNumbers\",\"autoCompileOpts\",\"mochaOpts\",\"jasmineOpts\",\"cucumberOpts\",\"onPrepare\",\"onWorkerStart\",\"onWorkerEnd\",\"before\",\"beforeSession\",\"beforeSuite\",\"beforeHook\",\"beforeTest\",\"afterTest\",\"afterHook\",\"afterSuite\",\"afterSession\",\"after\",\"onComplete\",\"beforeAssertion\",\"afterAssertion\",\"beforeFeature\",\"beforeScenario\",\"beforeStep\",\"afterStep\",\"afterScenario\",\"afterFeature\",\"_\",\"suite\",\"$0\",\"ignoredWorkerServices\",\"wdi5\"]"}]}
COMMAND: POST /session/2c43d02fb6ccc6d518c848919d0720f8/execute/async - {"script":"<script> [21126 bytes]","args":[35000]}
RESULT: {"script":"<script> [21126 bytes]","args":[35000]}
COMMAND: POST /session/2c43d02fb6ccc6d518c848919d0720f8/execute/async - {"script":"<script> [1562 bytes]","args":[{"selector":{"controlType":"sap.m.SearchField","viewName":"etm.portal.ui.managehandovers.view.MasterHO","bindingPath":{"path":"","propertyPath":"/_BASIC_SEARCH_FIELD","modelName":"fi1t3rM0d31"},"interaction":{"idSuffix":"I"}},"wdio_ui5_key":"etmportal.ui.managehandovers.view.MasterHOsap.m.SearchField{\"path\":\"\",\"propertyPath\":\"/_BASIC_SEARCH_FIELD\",\"modelName\":\"fi1t3rM0d31\"}"}]}
RESULT: {"script":"<script> [1562 bytes]","args":[{"selector":{"controlType":"sap.m.SearchField","viewName":"etm.portal.ui.managehandovers.view.MasterHO","bindingPath":{"path":"","propertyPath":"/_BASIC_SEARCH_FIELD","modelName":"fi1t3rM0d31"},"interaction":{"idSuffix":"I"}},"wdio_ui5_key":"etmportal.ui.managehandovers.view.MasterHOsap.m.SearchField{\"path\":\"\",\"propertyPath\":\"/_BASIC_SEARCH_FIELD\",\"modelName\":\"fi1t3rM0d31\"}"}]}
RESULT: undefined
COMMAND: POST /session/2c43d02fb6ccc6d518c848919d0720f8/execute/async - {"script":"<script> [776 bytes]","args":[{"enterText":"30893","selector":{"controlType":"sap.m.SearchField","viewName":"etm.portal.ui.managehandovers.view.MasterHO","bindingPath":{"path":"","propertyPath":"/_BASIC_SEARCH_FIELD","modelName":"fi1t3rM0d31"},"interaction":{"idSuffix":"I"}},"clearTextFirst":true,"interactionType":"ENTER_TEXT"}]}
RESULT: {"script":"<script> [776 bytes]","args":[{"enterText":"30893","selector":{"controlType":"sap.m.SearchField","viewName":"etm.portal.ui.managehandovers.view.MasterHO","bindingPath":{"path":"","propertyPath":"/_BASIC_SEARCH_FIELD","modelName":"fi1t3rM0d31"},"interaction":{"idSuffix":"I"}},"clearTextFirst":true,"interactionType":"ENTER_TEXT"}]}
COMMAND: POST /session/2c43d02fb6ccc6d518c848919d0720f8/actions - {"actions":[{"id":"action89","type":"key","parameters":{},"actions":[{"type":"keyDown","value":""},{"type":"pause","duration":10},{"type":"keyUp","value":""}]}]}
RESULT: {"actions":[{"id":"action89","type":"key","parameters":{},"actions":[{"type":"keyDown","value":""},{"type":"pause","duration":10},{"type":"keyUp","value":""}]}]}
COMMAND: GET /session/2c43d02fb6ccc6d518c848919d0720f8/screenshot - {}
RESULT: {}
COMMAND: POST /session/2c43d02fb6ccc6d518c848919d0720f8/execute/async - {"script":"<script> [1562 bytes]","args":[{"selector":{"controlType":"sap.m.Title","viewName":"etm.portal.ui.managehandovers.view.MasterHO","properties":{"text":"Records (1)"}},"wdio_ui5_key":"etmportal.ui.managehandovers.view.MasterHOsap.m.Title{\"text\":\"Records (1)\"}"}]}
RESULT: {"script":"<script> [1562 bytes]","args":[{"selector":{"controlType":"sap.m.Title","viewName":"etm.portal.ui.managehandovers.view.MasterHO","properties":{"text":"Records (1)"}},"wdio_ui5_key":"etmportal.ui.managehandovers.view.MasterHOsap.m.Title{\"text\":\"Records (1)\"}"}]}
RESULT: undefined
COMMAND: POST /session/2c43d02fb6ccc6d518c848919d0720f8/execute/async - {"script":"<script> [6424 bytes]","args":[{"element-6066-11e4-a52e-4f735466cecf":"f.291337A451B92CFAEC554A5CFCD049A1.d.6115130B6B86000DA9ACDDF3F55A1DA9.e.20320"},"getText",[]]}
RESULT: {"script":"<script> [6424 bytes]","args":[{"element-6066-11e4-a52e-4f735466cecf":"f.291337A451B92CFAEC554A5CFCD049A1.d.6115130B6B86000DA9ACDDF3F55A1DA9.e.20320"},"getText",[]]}
COMMAND: POST /session/2c43d02fb6ccc6d518c848919d0720f8/execute/async - {"script":"<script> [1562 bytes]","args":[{"selector":{"controlType":"sap.ui.core.Icon","viewName":"etm.portal.ui.managehandovers.view.MasterHO","properties":{"src":{"regex":{"source":"slim\\-arrow\\-right"}}}},"wdio_ui5_key":"etmportal.ui.managehandovers.view.MasterHOsap.ui.core.Icon{\"src\":{\"regex\":{\"source\":\"slim\\\\-arrow\\\\-right\"}}}"}]}
RESULT: {"script":"<script> [1562 bytes]","args":[{"selector":{"controlType":"sap.ui.core.Icon","viewName":"etm.portal.ui.managehandovers.view.MasterHO","properties":{"src":{"regex":{"source":"slim\\-arrow\\-right"}}}},"wdio_ui5_key":"etmportal.ui.managehandovers.view.MasterHOsap.ui.core.Icon{\"src\":{\"regex\":{\"source\":\"slim\\\\-arrow\\\\-right\"}}}"}]}
RESULT: undefined
COMMAND: POST /session/2c43d02fb6ccc6d518c848919d0720f8/element - {"using":"xpath","value":"//*[@id=\"__item27-__clone17-imgNav\"]"}
RESULT: {"using":"xpath","value":"//*[@id=\"__item27-__clone17-imgNav\"]"}
COMMAND: POST /session/2c43d02fb6ccc6d518c848919d0720f8/element/f.291337A451B92CFAEC554A5CFCD049A1.d.6115130B6B86000DA9ACDDF3F55A1DA9.e.20319/click - {}
RESULT: {}
COMMAND: GET /session/2c43d02fb6ccc6d518c848919d0720f8/screenshot - {}
RESULT: {}
COMMAND: POST /session/2c43d02fb6ccc6d518c848919d0720f8/execute/async - {"script":"<script> [1562 bytes]","args":[{"selector":{"controlType":"sap.m.ObjectStatus","viewName":"etm.portal.ui.managehandovers.view.DetailManageHO","viewId":"application-managehandovers-display-component---detailManageHO","labelFor":{"text":"Status"}},"wdio_ui5_key":"etmportal.ui.managehandovers.view.DetailManageHOsap.m.ObjectStatus{\"text\":\"Status\"}"}]}
RESULT: {"script":"<script> [1562 bytes]","args":[{"selector":{"controlType":"sap.m.ObjectStatus","viewName":"etm.portal.ui.managehandovers.view.DetailManageHO","viewId":"application-managehandovers-display-component---detailManageHO","labelFor":{"text":"Status"}},"wdio_ui5_key":"etmportal.ui.managehandovers.view.DetailManageHOsap.m.ObjectStatus{\"text\":\"Status\"}"}]}
RESULT: undefined
COMMAND: POST /session/2c43d02fb6ccc6d518c848919d0720f8/execute/async - {"script":"<script> [6424 bytes]","args":[{"element-6066-11e4-a52e-4f735466cecf":"f.291337A451B92CFAEC554A5CFCD049A1.d.6115130B6B86000DA9ACDDF3F55A1DA9.e.20412"},"getText",[]]}
RESULT: {"script":"<script> [6424 bytes]","args":[{"element-6066-11e4-a52e-4f735466cecf":"f.291337A451B92CFAEC554A5CFCD049A1.d.6115130B6B86000DA9ACDDF3F55A1DA9.e.20412"},"getText",[]]}
COMMAND: POST /session/2c43d02fb6ccc6d518c848919d0720f8/element - {"using":"xpath","value":"//a[contains(@data-kt ,\"GeneralSectionSendContractLink\")]"}
RESULT: {"using":"xpath","value":"//a[contains(@data-kt ,\"GeneralSectionSendContractLink\")]"}
COMMAND: POST /session/2c43d02fb6ccc6d518c848919d0720f8/element/f.291337A451B92CFAEC554A5CFCD049A1.d.6115130B6B86000DA9ACDDF3F55A1DA9.e.20413/click - {}
RESULT: {}
COMMAND: GET /session/2c43d02fb6ccc6d518c848919d0720f8/screenshot - {}
RESULT: {}
COMMAND: POST /session/2c43d02fb6ccc6d518c848919d0720f8/elements - {"using":"xpath","value":"//a[contains(@data-kt ,\"ContextMenuId2Link\")]"}
RESULT: {"using":"xpath","value":"//a[contains(@data-kt ,\"ContextMenuId2Link\")]"}
COMMAND: POST /session/2c43d02fb6ccc6d518c848919d0720f8/element/f.291337A451B92CFAEC554A5CFCD049A1.d.3E7E0BCAC20AA897C8C59924B37E77B1.e.19458/click - {}
COMMAND: POST /session/2c43d02fb6ccc6d518c848919d0720f8/element - {"using":"xpath","value":"//a[contains(@data-kt ,\"ContextMenuId2Link\")]"}
RESULT: {"using":"xpath","value":"//a[contains(@data-kt ,\"ContextMenuId2Link\")]"}
COMMAND: POST /session/2c43d02fb6ccc6d518c848919d0720f8/element/f.291337A451B92CFAEC554A5CFCD049A1.d.3E7E0BCAC20AA897C8C59924B37E77B1.e.19458/click - {}
COMMAND: POST /session/2c43d02fb6ccc6d518c848919d0720f8/element - {"using":"xpath","value":"//a[contains(@data-kt ,\"ContextMenuId2Link\")]"}
RESULT: {"using":"xpath","value":"//a[contains(@data-kt ,\"ContextMenuId2Link\")]"}
COMMAND: POST /session/2c43d02fb6ccc6d518c848919d0720f8/element/f.291337A451B92CFAEC554A5CFCD049A1.d.6115130B6B86000DA9ACDDF3F55A1DA9.e.20417/click - {}
RESULT: {}
COMMAND: GET /session/2c43d02fb6ccc6d518c848919d0720f8/screenshot - {}
RESULT: {}
COMMAND: POST /session/2c43d02fb6ccc6d518c848919d0720f8/execute/async - {"script":"<script> [1562 bytes]","args":[{"selector":{"controlType":"sap.m.ObjectStatus","viewName":"etm.portal.ui.managecontracts.view.Detail","bindingPath":{"propertyPath":"LINK_TO_COMMERCIAL_STATUS/DESCRIPTION","modelName":"catalogModel"}},"wdio_ui5_key":"etmportal.ui.managecontracts.view.Detailsap.m.ObjectStatus{\"propertyPath\":\"LINK_TO_COMMERCIAL_STATUS/DESCRIPTION\",\"modelName\":\"catalogModel\"}"}]}
RESULT: {"script":"<script> [1562 bytes]","args":[{"selector":{"controlType":"sap.m.ObjectStatus","viewName":"etm.portal.ui.managecontracts.view.Detail","bindingPath":{"propertyPath":"LINK_TO_COMMERCIAL_STATUS/DESCRIPTION","modelName":"catalogModel"}},"wdio_ui5_key":"etmportal.ui.managecontracts.view.Detailsap.m.ObjectStatus{\"propertyPath\":\"LINK_TO_COMMERCIAL_STATUS/DESCRIPTION\",\"modelName\":\"catalogModel\"}"}]}
RESULT: undefined
COMMAND: POST /session/2c43d02fb6ccc6d518c848919d0720f8/execute/async - {"script":"<script> [6424 bytes]","args":[{"element-6066-11e4-a52e-4f735466cecf":"f.291337A451B92CFAEC554A5CFCD049A1.d.6115130B6B86000DA9ACDDF3F55A1DA9.e.20651"},"getText",[]]}
RESULT: {"script":"<script> [6424 bytes]","args":[{"element-6066-11e4-a52e-4f735466cecf":"f.291337A451B92CFAEC554A5CFCD049A1.d.6115130B6B86000DA9ACDDF3F55A1DA9.e.20651"},"getText",[]]}
COMMAND: POST /session/2c43d02fb6ccc6d518c848919d0720f8/execute/async - {"script":"<script> [1562 bytes]","args":[{"selector":{"controlType":"sap.m.ObjectStatus","viewName":"etm.portal.ui.managecontracts.view.Detail","bindingPath":{"propertyPath":"LINK_TO_LOGISTICAL_STATUS/DESCRIPTION","modelName":"catalogModel"}},"wdio_ui5_key":"etmportal.ui.managecontracts.view.Detailsap.m.ObjectStatus{\"propertyPath\":\"LINK_TO_LOGISTICAL_STATUS/DESCRIPTION\",\"modelName\":\"catalogModel\"}"}]}
RESULT: {"script":"<script> [1562 bytes]","args":[{"selector":{"controlType":"sap.m.ObjectStatus","viewName":"etm.portal.ui.managecontracts.view.Detail","bindingPath":{"propertyPath":"LINK_TO_LOGISTICAL_STATUS/DESCRIPTION","modelName":"catalogModel"}},"wdio_ui5_key":"etmportal.ui.managecontracts.view.Detailsap.m.ObjectStatus{\"propertyPath\":\"LINK_TO_LOGISTICAL_STATUS/DESCRIPTION\",\"modelName\":\"catalogModel\"}"}]}
RESULT: undefined
COMMAND: POST /session/2c43d02fb6ccc6d518c848919d0720f8/execute/async - {"script":"<script> [6424 bytes]","args":[{"element-6066-11e4-a52e-4f735466cecf":"f.291337A451B92CFAEC554A5CFCD049A1.d.6115130B6B86000DA9ACDDF3F55A1DA9.e.20652"},"getText",[]]}
RESULT: {"script":"<script> [6424 bytes]","args":[{"element-6066-11e4-a52e-4f735466cecf":"f.291337A451B92CFAEC554A5CFCD049A1.d.6115130B6B86000DA9ACDDF3F55A1DA9.e.20652"},"getText",[]]}
COMMAND: POST /session/2c43d02fb6ccc6d518c848919d0720f8/element - {"using":"xpath","value":"//button[@data-kt=\"contractDetailEditBtnButton\"]"}
RESULT: {"using":"xpath","value":"//button[@data-kt=\"contractDetailEditBtnButton\"]"}
COMMAND: POST /session/2c43d02fb6ccc6d518c848919d0720f8/element/f.291337A451B92CFAEC554A5CFCD049A1.d.6115130B6B86000DA9ACDDF3F55A1DA9.e.20480/click - {}
RESULT: {}
COMMAND: GET /session/2c43d02fb6ccc6d518c848919d0720f8/screenshot - {}
RESULT: {}
COMMAND: POST /session/2c43d02fb6ccc6d518c848919d0720f8/element - {"using":"xpath","value":"(//span[contains(text(), \"Additional Addresses\")])[2]"}
RESULT: {"using":"xpath","value":"(//span[contains(text(), \"Additional Addresses\")])[2]"}
COMMAND: POST /session/2c43d02fb6ccc6d518c848919d0720f8/element/f.291337A451B92CFAEC554A5CFCD049A1.d.6115130B6B86000DA9ACDDF3F55A1DA9.e.20714/click - {}
RESULT: {}
COMMAND: GET /session/2c43d02fb6ccc6d518c848919d0720f8/screenshot - {}
RESULT: {}
COMMAND: POST /session/2c43d02fb6ccc6d518c848919d0720f8/element - {"using":"xpath","value":"//button[@data-kt=\"btnAddTableRowOverflowToolbarButton\"]"}
RESULT: {"using":"xpath","value":"//button[@data-kt=\"btnAddTableRowOverflowToolbarButton\"]"}
COMMAND: POST /session/2c43d02fb6ccc6d518c848919d0720f8/element/f.291337A451B92CFAEC554A5CFCD049A1.d.6115130B6B86000DA9ACDDF3F55A1DA9.e.20716/click - {}
RESULT: {}
COMMAND: GET /session/2c43d02fb6ccc6d518c848919d0720f8/screenshot - {}
RESULT: {}
COMMAND: POST /session/2c43d02fb6ccc6d518c848919d0720f8/element - {"using":"xpath","value":"//div[(text() = 'Standard Entry' or . = 'Standard Entry')]"}
RESULT: {"using":"xpath","value":"//div[(text() = 'Standard Entry' or . = 'Standard Entry')]"}
COMMAND: POST /session/2c43d02fb6ccc6d518c848919d0720f8/element/f.291337A451B92CFAEC554A5CFCD049A1.d.6115130B6B86000DA9ACDDF3F55A1DA9.e.20718/click - {}
RESULT: {}
COMMAND: POST /session/2c43d02fb6ccc6d518c848919d0720f8/execute/async - {"script":"<script> [1562 bytes]","args":[{"selector":{"controlType":"sap.ui.core.Icon","viewName":"etm.portal.ui.managecontracts.view.EditContract","properties":{"src":{"regex":{"source":"slim\\-arrow\\-down"}}},"ancestor":{"controlType":"sap.m.ComboBox","viewName":"etm.portal.ui.managecontracts.view.EditContract","bindingPath":{"propertyPath":"RU_TYPE","modelName":"catalogModel"}}},"wdio_ui5_key":"etmportal.ui.managecontracts.view.EditContractsap.ui.core.Icon{\"src\":{\"regex\":{\"source\":\"slim\\\\-arrow\\\\-down\"}}}{\"controlType\":\"sap.m.ComboBox\",\"viewName\":\"etm.portal.ui.managecontracts.view.EditContract\",\"bindingPath\":{\"propertyPath\":\"RU_TYPE\",\"modelName\":\"catalogModel\"}}"}]}
COMMAND: GET /session/2c43d02fb6ccc6d518c848919d0720f8/screenshot - {}
RESULT: {"script":"<script> [1562 bytes]","args":[{"selector":{"controlType":"sap.ui.core.Icon","viewName":"etm.portal.ui.managecontracts.view.EditContract","properties":{"src":{"regex":{"source":"slim\\-arrow\\-down"}}},"ancestor":{"controlType":"sap.m.ComboBox","viewName":"etm.portal.ui.managecontracts.view.EditContract","bindingPath":{"propertyPath":"RU_TYPE","modelName":"catalogModel"}}},"wdio_ui5_key":"etmportal.ui.managecontracts.view.EditContractsap.ui.core.Icon{\"src\":{\"regex\":{\"source\":\"slim\\\\-arrow\\\\-down\"}}}{\"controlType\":\"sap.m.ComboBox\",\"viewName\":\"etm.portal.ui.managecontracts.view.EditContract\",\"bindingPath\":{\"propertyPath\":\"RU_TYPE\",\"modelName\":\"catalogModel\"}}"}]}
RESULT: undefined
COMMAND: POST /session/2c43d02fb6ccc6d518c848919d0720f8/element - {"using":"xpath","value":"//*[@id=\"__box19-arrow\"]"}
RESULT: {}
RESULT: {"using":"xpath","value":"//*[@id=\"__box19-arrow\"]"}
COMMAND: POST /session/2c43d02fb6ccc6d518c848919d0720f8/element/f.291337A451B92CFAEC554A5CFCD049A1.d.6115130B6B86000DA9ACDDF3F55A1DA9.e.20733/click - {}
RESULT: {}
COMMAND: POST /session/2c43d02fb6ccc6d518c848919d0720f8/execute/async - {"script":"<script> [1562 bytes]","args":[{"selector":{"controlType":"sap.m.StandardListItem","viewName":"etm.portal.ui.managecontracts.view.EditContract","properties":{"title":"Material"},"searchOpenDialogs":true,"interaction":{"idSuffix":"content"}},"wdio_ui5_key":"etmportal.ui.managecontracts.view.EditContractsap.m.StandardListItem{\"title\":\"Material\"}"}]}
COMMAND: GET /session/2c43d02fb6ccc6d518c848919d0720f8/screenshot - {}
RESULT: {"script":"<script> [1562 bytes]","args":[{"selector":{"controlType":"sap.m.StandardListItem","viewName":"etm.portal.ui.managecontracts.view.EditContract","properties":{"title":"Material"},"searchOpenDialogs":true,"interaction":{"idSuffix":"content"}},"wdio_ui5_key":"etmportal.ui.managecontracts.view.EditContractsap.m.StandardListItem{\"title\":\"Material\"}"}]}
RESULT: undefined
COMMAND: POST /session/2c43d02fb6ccc6d518c848919d0720f8/element - {"using":"xpath","value":"//*[@id=\"__item94\"]"}
RESULT: {}
RESULT: {"using":"xpath","value":"//*[@id=\"__item94\"]"}
COMMAND: POST /session/2c43d02fb6ccc6d518c848919d0720f8/element/f.291337A451B92CFAEC554A5CFCD049A1.d.6115130B6B86000DA9ACDDF3F55A1DA9.e.20736/click - {}
RESULT: {}
COMMAND: POST /session/2c43d02fb6ccc6d518c848919d0720f8/element - {"using":"xpath","value":"//td[7]/div/div/input"}
COMMAND: GET /session/2c43d02fb6ccc6d518c848919d0720f8/screenshot - {}
RESULT: {"using":"xpath","value":"//td[7]/div/div/input"}
COMMAND: POST /session/2c43d02fb6ccc6d518c848919d0720f8/element/f.291337A451B92CFAEC554A5CFCD049A1.d.6115130B6B86000DA9ACDDF3F55A1DA9.e.20739/clear - {}
RESULT: {}
RESULT: {}
COMMAND: POST /session/2c43d02fb6ccc6d518c848919d0720f8/element/f.291337A451B92CFAEC554A5CFCD049A1.d.6115130B6B86000DA9ACDDF3F55A1DA9.e.20739/value - {"text":"WebdriverMatTesto1rn8"}
COMMAND: GET /session/2c43d02fb6ccc6d518c848919d0720f8/screenshot - {}
RESULT: {"text":"WebdriverMatTesto1rn8"}
COMMAND: GET /session/2c43d02fb6ccc6d518c848919d0720f8/screenshot - {}
RESULT: {}
RESULT: {}
COMMAND: POST /session/2c43d02fb6ccc6d518c848919d0720f8/actions - {"actions":[{"id":"action90","type":"key","parameters":{},"actions":[{"type":"keyDown","value":""},{"type":"pause","duration":10},{"type":"keyUp","value":""}]}]}
RESULT: {"actions":[{"id":"action90","type":"key","parameters":{},"actions":[{"type":"keyDown","value":""},{"type":"pause","duration":10},{"type":"keyUp","value":""}]}]}
COMMAND: GET /session/2c43d02fb6ccc6d518c848919d0720f8/screenshot - {}
RESULT: {}
COMMAND: POST /session/2c43d02fb6ccc6d518c848919d0720f8/element - {"using":"xpath","value":"//button[@data-kt=\"saveButton\"]"}
RESULT: {"using":"xpath","value":"//button[@data-kt=\"saveButton\"]"}
COMMAND: POST /session/2c43d02fb6ccc6d518c848919d0720f8/element/f.291337A451B92CFAEC554A5CFCD049A1.d.6115130B6B86000DA9ACDDF3F55A1DA9.e.20762/click - {}
RESULT: {}
COMMAND: GET /session/2c43d02fb6ccc6d518c848919d0720f8/screenshot - {}
RESULT: {}
RESULT: undefined
COMMAND: POST /session/2c43d02fb6ccc6d518c848919d0720f8/execute/async - {"script":"<script> [6424 bytes]","args":[{"element-6066-11e4-a52e-4f735466cecf":"f.291337A451B92CFAEC554A5CFCD049A1.d.6115130B6B86000DA9ACDDF3F55A1DA9.e.20652"},"getText",[]]}
RESULT: {"script":"<script> [6424 bytes]","args":[{"element-6066-11e4-a52e-4f735466cecf":"f.291337A451B92CFAEC554A5CFCD049A1.d.6115130B6B86000DA9ACDDF3F55A1DA9.e.20652"},"getText",[]]}
COMMAND: DELETE /session/2c43d02fb6ccc6d518c848919d0720f8 - {}
RESULT: {}
]]></system-out>
    </testcase>
  </testsuite>
</testsuites>