<?xml version="1.0" encoding="UTF-8"?>
<testsuites tests="23" failures="2" errors="2" skipped="0">
  <testsuite timestamp="2025-05-08T05:38:37" time="1151.312" tests="6" failures="0" errors="0" skipped="0">
    <properties>
      <property name="specId" value="0" />
      <property name="suiteName" value="Standard contract - add contract items by Insert Request US118222" />
      <property name="capabilities" value="chrome.136_0_7103_49.windows" />
      <property name="file" value="file:///D:/a/1/s/test/specs/R2C/standard-contract-add-contract-items-by-insert-request.spec.js" />
    </properties>
    <testcase classname="chrome.136_0_7103_49.windows.Standard_contract_-_add_contract_items_by_Insert_Request_US118222" name="Should create prerequisites yard partner site material and equipment" time="326.064">
      <system-out><![CDATA[
COMMAND: POST /session/76d7290d120ab2421d75a09a4cbbcc0c/execute/async - {"script":"<script> [1562 bytes]","args":[{"selector":{"controlType":"sap.m.GenericTile","properties":{"header":"Manage Yards"}},"wdio_ui5_key":"sapm.GenericTile{\"header\":\"Manage Yards\"}"}]}
RESULT: {"script":"<script> [1562 bytes]","args":[{"selector":{"controlType":"sap.m.GenericTile","properties":{"header":"Manage Yards"}},"wdio_ui5_key":"sapm.GenericTile{\"header\":\"Manage Yards\"}"}]}
RESULT: undefined
COMMAND: POST /session/76d7290d120ab2421d75a09a4cbbcc0c/element - {"using":"xpath","value":"//*[@id=\"__tile41\"]"}
RESULT: {"using":"xpath","value":"//*[@id=\"__tile41\"]"}
COMMAND: POST /session/76d7290d120ab2421d75a09a4cbbcc0c/element/f.593288CD5F674EF5C803DB8E0F1C2C84.d.EE9722525F15B30C7F30DEF3A58F2764.e.126/click - {}
RESULT: {}
COMMAND: GET /session/76d7290d120ab2421d75a09a4cbbcc0c/screenshot - {}
RESULT: {}
COMMAND: POST /session/76d7290d120ab2421d75a09a4cbbcc0c/execute/async - {"script":"<script> [1562 bytes]","args":[{"selector":{"controlType":"sap.ui.core.Icon","viewName":"etm.portal.ui.manageyards.view.Master","viewId":"application-manageyards-display-component---masterYard","properties":{"src":{"regex":{"source":"add"}}}},"wdio_ui5_key":"etmportal.ui.manageyards.view.Mastersap.ui.core.Icon{\"src\":{\"regex\":{\"source\":\"add\"}}}"}]}
RESULT: {"script":"<script> [1562 bytes]","args":[{"selector":{"controlType":"sap.ui.core.Icon","viewName":"etm.portal.ui.manageyards.view.Master","viewId":"application-manageyards-display-component---masterYard","properties":{"src":{"regex":{"source":"add"}}}},"wdio_ui5_key":"etmportal.ui.manageyards.view.Mastersap.ui.core.Icon{\"src\":{\"regex\":{\"source\":\"add\"}}}"}]}
RESULT: undefined
COMMAND: POST /session/76d7290d120ab2421d75a09a4cbbcc0c/element - {"using":"xpath","value":"//*[@id=\"__button4-img\"]"}
RESULT: {"using":"xpath","value":"//*[@id=\"__button4-img\"]"}
COMMAND: POST /session/76d7290d120ab2421d75a09a4cbbcc0c/element/f.593288CD5F674EF5C803DB8E0F1C2C84.d.EE9722525F15B30C7F30DEF3A58F2764.e.174/click - {}
RESULT: {}
COMMAND: GET /session/76d7290d120ab2421d75a09a4cbbcc0c/screenshot - {}
RESULT: {}
COMMAND: POST /session/76d7290d120ab2421d75a09a4cbbcc0c/execute/async - {"script":"<script> [1562 bytes]","args":[{"selector":{"id":"application-manageyards-display-component---NewYard--yardId","interaction":{"idSuffix":"inner"}},"wdio_ui5_key":"applicationmanageyards-display-component---NewYard--yardId"}]}
RESULT: {"script":"<script> [1562 bytes]","args":[{"selector":{"id":"application-manageyards-display-component---NewYard--yardId","interaction":{"idSuffix":"inner"}},"wdio_ui5_key":"applicationmanageyards-display-component---NewYard--yardId"}]}
RESULT: undefined
COMMAND: POST /session/76d7290d120ab2421d75a09a4cbbcc0c/element - {"using":"xpath","value":"//*[@id=\"application-manageyards-display-component---NewYard--addressDetailDetailsName1-inner\"]"}
RESULT: {"using":"xpath","value":"//*[@id=\"application-manageyards-display-component---NewYard--addressDetailDetailsName1-inner\"]"}
COMMAND: POST /session/76d7290d120ab2421d75a09a4cbbcc0c/element/f.593288CD5F674EF5C803DB8E0F1C2C84.d.EE9722525F15B30C7F30DEF3A58F2764.e.387/clear - {}
RESULT: {}
COMMAND: POST /session/76d7290d120ab2421d75a09a4cbbcc0c/element/f.593288CD5F674EF5C803DB8E0F1C2C84.d.EE9722525F15B30C7F30DEF3A58F2764.e.387/value - {"text":"WebdriverYardyi38p"}
COMMAND: GET /session/76d7290d120ab2421d75a09a4cbbcc0c/screenshot - {}
RESULT: {"text":"WebdriverYardyi38p"}
COMMAND: POST /session/76d7290d120ab2421d75a09a4cbbcc0c/element - {"using":"xpath","value":"//*[@id=\"application-manageyards-display-component---NewYard--addressDetailDetailsLanguage-inner\"]"}
COMMAND: GET /session/76d7290d120ab2421d75a09a4cbbcc0c/screenshot - {}
RESULT: {}
RESULT: {"using":"xpath","value":"//*[@id=\"application-manageyards-display-component---NewYard--addressDetailDetailsLanguage-inner\"]"}
COMMAND: POST /session/76d7290d120ab2421d75a09a4cbbcc0c/element/f.593288CD5F674EF5C803DB8E0F1C2C84.d.EE9722525F15B30C7F30DEF3A58F2764.e.388/clear - {}
RESULT: {}
RESULT: {}
COMMAND: POST /session/76d7290d120ab2421d75a09a4cbbcc0c/element/f.593288CD5F674EF5C803DB8E0F1C2C84.d.EE9722525F15B30C7F30DEF3A58F2764.e.388/value - {"text":"Romanian"}
COMMAND: GET /session/76d7290d120ab2421d75a09a4cbbcc0c/screenshot - {}
RESULT: {"text":"Romanian"}
COMMAND: POST /session/76d7290d120ab2421d75a09a4cbbcc0c/element - {"using":"xpath","value":"//input[contains(@id ,\"application-manageyards-display-component---NewYard--addressDetailDetailsName1-inner\")]"}
COMMAND: GET /session/76d7290d120ab2421d75a09a4cbbcc0c/screenshot - {}
RESULT: {}
RESULT: {"using":"xpath","value":"//input[contains(@id ,\"application-manageyards-display-component---NewYard--addressDetailDetailsName1-inner\")]"}
COMMAND: GET /session/76d7290d120ab2421d75a09a4cbbcc0c/element/f.593288CD5F674EF5C803DB8E0F1C2C84.d.EE9722525F15B30C7F30DEF3A58F2764.e.387/property/value - {}
RESULT: {}
RESULT: {}
COMMAND: GET /session/76d7290d120ab2421d75a09a4cbbcc0c/screenshot - {}
RESULT: {}
COMMAND: POST /session/76d7290d120ab2421d75a09a4cbbcc0c/element - {"using":"xpath","value":"//*[@id=\"application-manageyards-display-component---NewYard--addressDetailDetailsCity1-inner\"]"}
RESULT: {"using":"xpath","value":"//*[@id=\"application-manageyards-display-component---NewYard--addressDetailDetailsCity1-inner\"]"}
COMMAND: POST /session/76d7290d120ab2421d75a09a4cbbcc0c/element/f.593288CD5F674EF5C803DB8E0F1C2C84.d.EE9722525F15B30C7F30DEF3A58F2764.e.390/clear - {}
RESULT: {}
COMMAND: POST /session/76d7290d120ab2421d75a09a4cbbcc0c/element/f.593288CD5F674EF5C803DB8E0F1C2C84.d.EE9722525F15B30C7F30DEF3A58F2764.e.390/value - {"text":"Bucuresti"}
COMMAND: GET /session/76d7290d120ab2421d75a09a4cbbcc0c/screenshot - {}
RESULT: {"text":"Bucuresti"}
COMMAND: GET /session/76d7290d120ab2421d75a09a4cbbcc0c/screenshot - {}
RESULT: {}
RESULT: {}
COMMAND: POST /session/76d7290d120ab2421d75a09a4cbbcc0c/element - {"using":"xpath","value":"//*[@id=\"application-manageyards-display-component---NewYard--addressDetailDetailsCountry-inner\"]"}
RESULT: {"using":"xpath","value":"//*[@id=\"application-manageyards-display-component---NewYard--addressDetailDetailsCountry-inner\"]"}
COMMAND: POST /session/76d7290d120ab2421d75a09a4cbbcc0c/element/f.593288CD5F674EF5C803DB8E0F1C2C84.d.EE9722525F15B30C7F30DEF3A58F2764.e.394/clear - {}
RESULT: {}
COMMAND: POST /session/76d7290d120ab2421d75a09a4cbbcc0c/element/f.593288CD5F674EF5C803DB8E0F1C2C84.d.EE9722525F15B30C7F30DEF3A58F2764.e.394/value - {"text":"Romania"}
COMMAND: GET /session/76d7290d120ab2421d75a09a4cbbcc0c/screenshot - {}
RESULT: {"text":"Romania"}
COMMAND: GET /session/76d7290d120ab2421d75a09a4cbbcc0c/screenshot - {}
RESULT: {}
RESULT: {}
COMMAND: POST /session/76d7290d120ab2421d75a09a4cbbcc0c/element - {"using":"xpath","value":"//div[contains(text(), \"Commercial\")]"}
RESULT: {"using":"xpath","value":"//div[contains(text(), \"Commercial\")]"}
COMMAND: GET /session/76d7290d120ab2421d75a09a4cbbcc0c/element/f.593288CD5F674EF5C803DB8E0F1C2C84.d.EE9722525F15B30C7F30DEF3A58F2764.e.582/rect - {}
RESULT: {}
COMMAND: GET /session/76d7290d120ab2421d75a09a4cbbcc0c/window/rect - {}
RESULT: {}
COMMAND: POST /session/76d7290d120ab2421d75a09a4cbbcc0c/execute/sync - {"script":"<script> [92 bytes]","args":[]}
RESULT: {"script":"<script> [92 bytes]","args":[]}
COMMAND: POST /session/76d7290d120ab2421d75a09a4cbbcc0c/actions - {"actions":[{"id":"action1","type":"wheel","parameters":{},"actions":[{"type":"scroll","x":-1841,"y":-44,"deltaX":0,"deltaY":0,"duration":0,"origin":{"element-6066-11e4-a52e-4f735466cecf":"f.593288CD5F674EF5C803DB8E0F1C2C84.d.EE9722525F15B30C7F30DEF3A58F2764.e.582"}}]}]}
COMMAND: GET /session/76d7290d120ab2421d75a09a4cbbcc0c/screenshot - {}
RESULT: {}
COMMAND: POST /session/76d7290d120ab2421d75a09a4cbbcc0c/execute/sync - {"script":"<script> [79 bytes]","args":[{"element-6066-11e4-a52e-4f735466cecf":"f.593288CD5F674EF5C803DB8E0F1C2C84.d.EE9722525F15B30C7F30DEF3A58F2764.e.582","ELEMENT":"f.593288CD5F674EF5C803DB8E0F1C2C84.d.EE9722525F15B30C7F30DEF3A58F2764.e.582"},{"block":"start","inline":"nearest"}]}
RESULT: {"script":"<script> [79 bytes]","args":[{"element-6066-11e4-a52e-4f735466cecf":"f.593288CD5F674EF5C803DB8E0F1C2C84.d.EE9722525F15B30C7F30DEF3A58F2764.e.582","ELEMENT":"f.593288CD5F674EF5C803DB8E0F1C2C84.d.EE9722525F15B30C7F30DEF3A58F2764.e.582"},{"block":"start","inline":"nearest"}]}
COMMAND: GET /session/76d7290d120ab2421d75a09a4cbbcc0c/screenshot - {}
RESULT: {}
COMMAND: POST /session/76d7290d120ab2421d75a09a4cbbcc0c/execute/async - {"script":"<script> [1562 bytes]","args":[{"selector":{"id":"application-manageyards-display-component---NewYard--addressEditDetailsCostObjectCstType-arrow"},"wdio_ui5_key":"applicationmanageyards-display-component---NewYard--addressEditDetailsCostObjectCstType-arrow"}]}
RESULT: {"script":"<script> [1562 bytes]","args":[{"selector":{"id":"application-manageyards-display-component---NewYard--addressEditDetailsCostObjectCstType-arrow"},"wdio_ui5_key":"applicationmanageyards-display-component---NewYard--addressEditDetailsCostObjectCstType-arrow"}]}
RESULT: undefined
COMMAND: POST /session/76d7290d120ab2421d75a09a4cbbcc0c/element - {"using":"xpath","value":"//*[@id=\"application-manageyards-display-component---NewYard--addressEditDetailsCostObjectCstType-arrow\"]"}
RESULT: {"using":"xpath","value":"//*[@id=\"application-manageyards-display-component---NewYard--addressEditDetailsCostObjectCstType-arrow\"]"}
COMMAND: POST /session/76d7290d120ab2421d75a09a4cbbcc0c/element/f.593288CD5F674EF5C803DB8E0F1C2C84.d.EE9722525F15B30C7F30DEF3A58F2764.e.591/click - {}
RESULT: {}
COMMAND: POST /session/76d7290d120ab2421d75a09a4cbbcc0c/element - {"using":"xpath","value":"//span[contains(text(), \"Cost Center\")]"}
COMMAND: GET /session/76d7290d120ab2421d75a09a4cbbcc0c/screenshot - {}
RESULT: {"using":"xpath","value":"//span[contains(text(), \"Cost Center\")]"}
COMMAND: POST /session/76d7290d120ab2421d75a09a4cbbcc0c/element/f.593288CD5F674EF5C803DB8E0F1C2C84.d.EE9722525F15B30C7F30DEF3A58F2764.e.592/click - {}
RESULT: {}
RESULT: {}
COMMAND: GET /session/76d7290d120ab2421d75a09a4cbbcc0c/screenshot - {}
RESULT: {}
COMMAND: POST /session/76d7290d120ab2421d75a09a4cbbcc0c/execute/async - {"script":"<script> [1562 bytes]","args":[{"selector":{"id":"application-manageyards-display-component---NewYard--addressNewCostObjectCstID-vhi"},"wdio_ui5_key":"applicationmanageyards-display-component---NewYard--addressNewCostObjectCstID-vhi"}]}
RESULT: {"script":"<script> [1562 bytes]","args":[{"selector":{"id":"application-manageyards-display-component---NewYard--addressNewCostObjectCstID-vhi"},"wdio_ui5_key":"applicationmanageyards-display-component---NewYard--addressNewCostObjectCstID-vhi"}]}
RESULT: undefined
COMMAND: POST /session/76d7290d120ab2421d75a09a4cbbcc0c/element - {"using":"xpath","value":"//*[@id=\"application-manageyards-display-component---NewYard--addressNewCostObjectCstID-vhi\"]"}
RESULT: {"using":"xpath","value":"//*[@id=\"application-manageyards-display-component---NewYard--addressNewCostObjectCstID-vhi\"]"}
COMMAND: POST /session/76d7290d120ab2421d75a09a4cbbcc0c/element/f.593288CD5F674EF5C803DB8E0F1C2C84.d.EE9722525F15B30C7F30DEF3A58F2764.e.608/click - {}
RESULT: {}
COMMAND: GET /session/76d7290d120ab2421d75a09a4cbbcc0c/screenshot - {}
RESULT: {}
COMMAND: POST /session/76d7290d120ab2421d75a09a4cbbcc0c/execute/async - {"script":"<script> [1562 bytes]","args":[{"selector":{"controlType":"sap.m.SearchField","properties":{"placeholder":"Search"},"searchOpenDialogs":true,"interaction":{"idSuffix":"I"}},"wdio_ui5_key":"sapm.SearchField{\"placeholder\":\"Search\"}"}]}
RESULT: {"script":"<script> [1562 bytes]","args":[{"selector":{"controlType":"sap.m.SearchField","properties":{"placeholder":"Search"},"searchOpenDialogs":true,"interaction":{"idSuffix":"I"}},"wdio_ui5_key":"sapm.SearchField{\"placeholder\":\"Search\"}"}]}
RESULT: undefined
COMMAND: POST /session/76d7290d120ab2421d75a09a4cbbcc0c/execute/async - {"script":"<script> [776 bytes]","args":[{"enterText":"10001013","selector":{"controlType":"sap.m.SearchField","properties":{"placeholder":"Search"},"searchOpenDialogs":true,"interaction":{"idSuffix":"I"}},"clearTextFirst":true,"interactionType":"ENTER_TEXT"}]}
RESULT: {"script":"<script> [776 bytes]","args":[{"enterText":"10001013","selector":{"controlType":"sap.m.SearchField","properties":{"placeholder":"Search"},"searchOpenDialogs":true,"interaction":{"idSuffix":"I"}},"clearTextFirst":true,"interactionType":"ENTER_TEXT"}]}
COMMAND: POST /session/76d7290d120ab2421d75a09a4cbbcc0c/actions - {"actions":[{"id":"action2","type":"key","parameters":{},"actions":[{"type":"keyDown","value":"î€‡"},{"type":"pause","duration":10},{"type":"keyUp","value":"î€‡"}]}]}
RESULT: {"actions":[{"id":"action2","type":"key","parameters":{},"actions":[{"type":"keyDown","value":"î€‡"},{"type":"pause","duration":10},{"type":"keyUp","value":"î€‡"}]}]}
COMMAND: GET /session/76d7290d120ab2421d75a09a4cbbcc0c/screenshot - {}
RESULT: {}
COMMAND: POST /session/76d7290d120ab2421d75a09a4cbbcc0c/element - {"using":"xpath","value":"//span[contains(text(), \"General Management\")]"}
RESULT: {"using":"xpath","value":"//span[contains(text(), \"General Management\")]"}
COMMAND: POST /session/76d7290d120ab2421d75a09a4cbbcc0c/element/f.593288CD5F674EF5C803DB8E0F1C2C84.d.EE9722525F15B30C7F30DEF3A58F2764.e.649/click - {}
RESULT: {}
COMMAND: GET /session/76d7290d120ab2421d75a09a4cbbcc0c/screenshot - {}
RESULT: {}
COMMAND: POST /session/76d7290d120ab2421d75a09a4cbbcc0c/element - {"using":"xpath","value":"//bdi[contains(text(), \"OK\")]"}
RESULT: {"using":"xpath","value":"//bdi[contains(text(), \"OK\")]"}
COMMAND: POST /session/76d7290d120ab2421d75a09a4cbbcc0c/element/f.593288CD5F674EF5C803DB8E0F1C2C84.d.EE9722525F15B30C7F30DEF3A58F2764.e.650/click - {}
RESULT: {}
COMMAND: GET /session/76d7290d120ab2421d75a09a4cbbcc0c/screenshot - {}
RESULT: {}
COMMAND: POST /session/76d7290d120ab2421d75a09a4cbbcc0c/execute/async - {"script":"<script> [1562 bytes]","args":[{"selector":{"controlType":"sap.m.Button","viewName":"etm.portal.ui.manageyards.view.New","viewId":"application-manageyards-display-component---NewYard","i18NText":{"propertyName":"text","key":"save"},"interaction":{"idSuffix":"inner"}},"wdio_ui5_key":"etmportal.ui.manageyards.view.Newsap.m.Button{\"propertyName\":\"text\",\"key\":\"save\"}"}]}
RESULT: {"script":"<script> [1562 bytes]","args":[{"selector":{"controlType":"sap.m.Button","viewName":"etm.portal.ui.manageyards.view.New","viewId":"application-manageyards-display-component---NewYard","i18NText":{"propertyName":"text","key":"save"},"interaction":{"idSuffix":"inner"}},"wdio_ui5_key":"etmportal.ui.manageyards.view.Newsap.m.Button{\"propertyName\":\"text\",\"key\":\"save\"}"}]}
RESULT: undefined
COMMAND: POST /session/76d7290d120ab2421d75a09a4cbbcc0c/element - {"using":"xpath","value":"//*[@id=\"__button18\"]"}
RESULT: {"using":"xpath","value":"//*[@id=\"__button18\"]"}
COMMAND: POST /session/76d7290d120ab2421d75a09a4cbbcc0c/element/f.593288CD5F674EF5C803DB8E0F1C2C84.d.EE9722525F15B30C7F30DEF3A58F2764.e.562/click - {}
RESULT: {}
COMMAND: GET /session/76d7290d120ab2421d75a09a4cbbcc0c/screenshot - {}
RESULT: {}
COMMAND: POST /session/76d7290d120ab2421d75a09a4cbbcc0c/element - {"using":"xpath","value":"//header/div/div[2]/div[2]/span"}
RESULT: {"using":"xpath","value":"//header/div/div[2]/div[2]/span"}
COMMAND: GET /session/76d7290d120ab2421d75a09a4cbbcc0c/element/f.593288CD5F674EF5C803DB8E0F1C2C84.d.EE9722525F15B30C7F30DEF3A58F2764.e.850/text - {}
RESULT: {}
COMMAND: POST /session/76d7290d120ab2421d75a09a4cbbcc0c/execute/async - {"script":"<script> [1562 bytes]","args":[{"selector":{"controlType":"sap.m.OverflowToolbarButton","viewName":"etm.portal.ui.manageyards.view.Detail","viewId":"application-manageyards-display-component---detailYard","i18NText":{"propertyName":"tooltip","key":"closeColumn"},"interaction":{"idSuffix":"inner"}},"wdio_ui5_key":"etmportal.ui.manageyards.view.Detailsap.m.OverflowToolbarButton{\"propertyName\":\"tooltip\",\"key\":\"closeColumn\"}"}]}
RESULT: {"script":"<script> [1562 bytes]","args":[{"selector":{"controlType":"sap.m.OverflowToolbarButton","viewName":"etm.portal.ui.manageyards.view.Detail","viewId":"application-manageyards-display-component---detailYard","i18NText":{"propertyName":"tooltip","key":"closeColumn"},"interaction":{"idSuffix":"inner"}},"wdio_ui5_key":"etmportal.ui.manageyards.view.Detailsap.m.OverflowToolbarButton{\"propertyName\":\"tooltip\",\"key\":\"closeColumn\"}"}]}
RESULT: undefined
COMMAND: POST /session/76d7290d120ab2421d75a09a4cbbcc0c/element - {"using":"xpath","value":"//*[@id=\"__button42\"]"}
RESULT: {"using":"xpath","value":"//*[@id=\"__button42\"]"}
COMMAND: POST /session/76d7290d120ab2421d75a09a4cbbcc0c/element/f.593288CD5F674EF5C803DB8E0F1C2C84.d.EE9722525F15B30C7F30DEF3A58F2764.e.852/click - {}
RESULT: {}
COMMAND: GET /session/76d7290d120ab2421d75a09a4cbbcc0c/screenshot - {}
RESULT: {}
COMMAND: POST /session/76d7290d120ab2421d75a09a4cbbcc0c/element - {"using":"css selector","value":"#shell-header-logo"}
RESULT: {"using":"css selector","value":"#shell-header-logo"}
COMMAND: POST /session/76d7290d120ab2421d75a09a4cbbcc0c/element/f.593288CD5F674EF5C803DB8E0F1C2C84.d.EE9722525F15B30C7F30DEF3A58F2764.e.129/click - {}
RESULT: {}
COMMAND: GET /session/76d7290d120ab2421d75a09a4cbbcc0c/screenshot - {}
RESULT: {}
COMMAND: POST /session/76d7290d120ab2421d75a09a4cbbcc0c/refresh - {}
RESULT: {}
COMMAND: GET /session/76d7290d120ab2421d75a09a4cbbcc0c/screenshot - {}
RESULT: {}
COMMAND: POST /session/76d7290d120ab2421d75a09a4cbbcc0c/execute/async - {"script":"<script> [189 bytes]","args":[]}
RESULT: {"script":"<script> [189 bytes]","args":[]}
COMMAND: POST /session/76d7290d120ab2421d75a09a4cbbcc0c/execute/async - {"script":"<script> [123 bytes]","args":[]}
RESULT: {"script":"<script> [123 bytes]","args":[]}
COMMAND: POST /session/76d7290d120ab2421d75a09a4cbbcc0c/timeouts - {"script":"<number>"}
RESULT: {"script":"<number>"}
COMMAND: GET /session/76d7290d120ab2421d75a09a4cbbcc0c/timeouts - {}
RESULT: {}
RESULT: undefined
COMMAND: POST /session/76d7290d120ab2421d75a09a4cbbcc0c/execute/async - {"script":"<script> [2676 bytes]","args":[]}
RESULT: {"script":"<script> [2676 bytes]","args":[]}
COMMAND: POST /session/76d7290d120ab2421d75a09a4cbbcc0c/execute/async - {"script":"<script> [2342 bytes]","args":[{"protocol":"http","hostname":"0.0.0.0","path":"/","capabilities":{"browserName":"chrome","goog:chromeOptions":{"binary":"C:\\Program Files\\Google\\Chrome\\Application\\chrome.exe","args":["--start-maximized"]}},"logLevel":"warn","connectionRetryTimeout":120000,"connectionRetryCount":3,"logLevels":{},"enableDirectConnect":true,"strictSSL":true,"_":"65 more keys: [\"cacheDir\",\"port\",\"requestedCapabilities\",\"automationProtocol\",\"baseUrl\",\"waitforInterval\",\"waitforTimeout\",\"onReload\",\"beforeCommand\",\"afterCommand\",\"rootDir\",\"specs\",\"suites\",\"exclude\",\"groupLogsByTestSpec\",\"excludeDriverLogs\",\"bail\",\"framework\",\"reporters\",\"services\",\"maxInstances\",\"maxInstancesPerCapability\",\"injectGlobals\",\"filesToWatch\",\"execArgv\",\"runnerEnv\",\"runner\",\"shard\",\"specFileRetries\",\"specFileRetriesDelay\",\"specFileRetriesDeferred\",\"reporterSyncInterval\",\"reporterSyncTimeout\",\"cucumberFeaturesWithLineNumbers\",\"autoCompileOpts\",\"mochaOpts\",\"jasmineOpts\",\"cucumberOpts\",\"onPrepare\",\"onWorkerStart\",\"onWorkerEnd\",\"before\",\"beforeSession\",\"beforeSuite\",\"beforeHook\",\"beforeTest\",\"afterTest\",\"afterHook\",\"afterSuite\",\"afterSession\",\"after\",\"onComplete\",\"beforeAssertion\",\"afterAssertion\",\"beforeFeature\",\"beforeScenario\",\"beforeStep\",\"afterStep\",\"afterScenario\",\"afterFeature\",\"_\",\"suite\",\"$0\",\"ignoredWorkerServices\",\"wdi5\"]"}]}
RESULT: {"script":"<script> [2342 bytes]","args":[{"protocol":"http","hostname":"0.0.0.0","path":"/","capabilities":{"browserName":"chrome","goog:chromeOptions":{"binary":"C:\\Program Files\\Google\\Chrome\\Application\\chrome.exe","args":["--start-maximized"]}},"logLevel":"warn","connectionRetryTimeout":120000,"connectionRetryCount":3,"logLevels":{},"enableDirectConnect":true,"strictSSL":true,"_":"65 more keys: [\"cacheDir\",\"port\",\"requestedCapabilities\",\"automationProtocol\",\"baseUrl\",\"waitforInterval\",\"waitforTimeout\",\"onReload\",\"beforeCommand\",\"afterCommand\",\"rootDir\",\"specs\",\"suites\",\"exclude\",\"groupLogsByTestSpec\",\"excludeDriverLogs\",\"bail\",\"framework\",\"reporters\",\"services\",\"maxInstances\",\"maxInstancesPerCapability\",\"injectGlobals\",\"filesToWatch\",\"execArgv\",\"runnerEnv\",\"runner\",\"shard\",\"specFileRetries\",\"specFileRetriesDelay\",\"specFileRetriesDeferred\",\"reporterSyncInterval\",\"reporterSyncTimeout\",\"cucumberFeaturesWithLineNumbers\",\"autoCompileOpts\",\"mochaOpts\",\"jasmineOpts\",\"cucumberOpts\",\"onPrepare\",\"onWorkerStart\",\"onWorkerEnd\",\"before\",\"beforeSession\",\"beforeSuite\",\"beforeHook\",\"beforeTest\",\"afterTest\",\"afterHook\",\"afterSuite\",\"afterSession\",\"after\",\"onComplete\",\"beforeAssertion\",\"afterAssertion\",\"beforeFeature\",\"beforeScenario\",\"beforeStep\",\"afterStep\",\"afterScenario\",\"afterFeature\",\"_\",\"suite\",\"$0\",\"ignoredWorkerServices\",\"wdi5\"]"}]}
COMMAND: POST /session/76d7290d120ab2421d75a09a4cbbcc0c/execute/async - {"script":"<script> [21126 bytes]","args":[35000]}
RESULT: {"script":"<script> [21126 bytes]","args":[35000]}
COMMAND: POST /session/76d7290d120ab2421d75a09a4cbbcc0c/execute/async - {"script":"<script> [1562 bytes]","args":[{"selector":{"controlType":"sap.m.GenericTile","properties":{"header":"Manage Partners"}},"wdio_ui5_key":"sapm.GenericTile{\"header\":\"Manage Partners\"}"}]}
RESULT: {"script":"<script> [1562 bytes]","args":[{"selector":{"controlType":"sap.m.GenericTile","properties":{"header":"Manage Partners"}},"wdio_ui5_key":"sapm.GenericTile{\"header\":\"Manage Partners\"}"}]}
RESULT: undefined
COMMAND: POST /session/76d7290d120ab2421d75a09a4cbbcc0c/element - {"using":"xpath","value":"//*[@id=\"__tile38\"]"}
RESULT: {"using":"xpath","value":"//*[@id=\"__tile38\"]"}
COMMAND: POST /session/76d7290d120ab2421d75a09a4cbbcc0c/element/f.593288CD5F674EF5C803DB8E0F1C2C84.d.0FD4A563CB1F4222AE78EEED666D05B4.e.1204/click - {}
RESULT: {}
COMMAND: GET /session/76d7290d120ab2421d75a09a4cbbcc0c/screenshot - {}
RESULT: {}
COMMAND: POST /session/76d7290d120ab2421d75a09a4cbbcc0c/execute/async - {"script":"<script> [1562 bytes]","args":[{"selector":{"controlType":"sap.ui.core.Icon","viewName":"etm.portal.ui.managepartners.view.Master","viewId":"application-managepartners-display-component---masterPtm","properties":{"src":{"regex":{"source":"add"}}}},"wdio_ui5_key":"etmportal.ui.managepartners.view.Mastersap.ui.core.Icon{\"src\":{\"regex\":{\"source\":\"add\"}}}"}]}
RESULT: {"script":"<script> [1562 bytes]","args":[{"selector":{"controlType":"sap.ui.core.Icon","viewName":"etm.portal.ui.managepartners.view.Master","viewId":"application-managepartners-display-component---masterPtm","properties":{"src":{"regex":{"source":"add"}}}},"wdio_ui5_key":"etmportal.ui.managepartners.view.Mastersap.ui.core.Icon{\"src\":{\"regex\":{\"source\":\"add\"}}}"}]}
RESULT: undefined
COMMAND: POST /session/76d7290d120ab2421d75a09a4cbbcc0c/element - {"using":"xpath","value":"//*[@id=\"__button4-img\"]"}
RESULT: {"using":"xpath","value":"//*[@id=\"__button4-img\"]"}
COMMAND: POST /session/76d7290d120ab2421d75a09a4cbbcc0c/element/f.593288CD5F674EF5C803DB8E0F1C2C84.d.0FD4A563CB1F4222AE78EEED666D05B4.e.1256/click - {}
RESULT: {}
COMMAND: GET /session/76d7290d120ab2421d75a09a4cbbcc0c/screenshot - {}
RESULT: {}
COMMAND: POST /session/76d7290d120ab2421d75a09a4cbbcc0c/execute/async - {"script":"<script> [1562 bytes]","args":[{"selector":{"id":"application-managepartners-display-component---NewPartner--partnerId","interaction":{"idSuffix":"inner"}},"wdio_ui5_key":"applicationmanagepartners-display-component---NewPartner--partnerId"}]}
RESULT: {"script":"<script> [1562 bytes]","args":[{"selector":{"id":"application-managepartners-display-component---NewPartner--partnerId","interaction":{"idSuffix":"inner"}},"wdio_ui5_key":"applicationmanagepartners-display-component---NewPartner--partnerId"}]}
RESULT: undefined
COMMAND: POST /session/76d7290d120ab2421d75a09a4cbbcc0c/execute/async - {"script":"<script> [1562 bytes]","args":[{"selector":{"id":"application-managepartners-display-component---NewPartner--addressDetailDetailsName1","interaction":{"idSuffix":"inner"}},"wdio_ui5_key":"applicationmanagepartners-display-component---NewPartner--addressDetailDetailsName1"}]}
RESULT: {"script":"<script> [1562 bytes]","args":[{"selector":{"id":"application-managepartners-display-component---NewPartner--addressDetailDetailsName1","interaction":{"idSuffix":"inner"}},"wdio_ui5_key":"applicationmanagepartners-display-component---NewPartner--addressDetailDetailsName1"}]}
RESULT: undefined
COMMAND: POST /session/76d7290d120ab2421d75a09a4cbbcc0c/execute/async - {"script":"<script> [776 bytes]","args":[{"enterText":"WebdriverPartnerznssg","selector":{"id":"application-managepartners-display-component---NewPartner--addressDetailDetailsName1","interaction":{"idSuffix":"inner"}},"clearTextFirst":true,"interactionType":"ENTER_TEXT"}]}
RESULT: {"script":"<script> [776 bytes]","args":[{"enterText":"WebdriverPartnerznssg","selector":{"id":"application-managepartners-display-component---NewPartner--addressDetailDetailsName1","interaction":{"idSuffix":"inner"}},"clearTextFirst":true,"interactionType":"ENTER_TEXT"}]}
COMMAND: POST /session/76d7290d120ab2421d75a09a4cbbcc0c/execute/async - {"script":"<script> [1562 bytes]","args":[{"selector":{"id":"application-managepartners-display-component---NewPartner--addressDetailDetailsLanguage","interaction":{"idSuffix":"inner"}},"wdio_ui5_key":"applicationmanagepartners-display-component---NewPartner--addressDetailDetailsLanguage"}]}
RESULT: {"script":"<script> [1562 bytes]","args":[{"selector":{"id":"application-managepartners-display-component---NewPartner--addressDetailDetailsLanguage","interaction":{"idSuffix":"inner"}},"wdio_ui5_key":"applicationmanagepartners-display-component---NewPartner--addressDetailDetailsLanguage"}]}
RESULT: undefined
COMMAND: POST /session/76d7290d120ab2421d75a09a4cbbcc0c/execute/async - {"script":"<script> [776 bytes]","args":[{"enterText":"Romanian","selector":{"id":"application-managepartners-display-component---NewPartner--addressDetailDetailsLanguage","interaction":{"idSuffix":"inner"}},"clearTextFirst":true,"interactionType":"ENTER_TEXT"}]}
RESULT: {"script":"<script> [776 bytes]","args":[{"enterText":"Romanian","selector":{"id":"application-managepartners-display-component---NewPartner--addressDetailDetailsLanguage","interaction":{"idSuffix":"inner"}},"clearTextFirst":true,"interactionType":"ENTER_TEXT"}]}
COMMAND: POST /session/76d7290d120ab2421d75a09a4cbbcc0c/element - {"using":"xpath","value":"//input[contains(@id ,\"application-managepartners-display-component---NewPartner--addressDetailDetailsName1-inner\")]"}
RESULT: {"using":"xpath","value":"//input[contains(@id ,\"application-managepartners-display-component---NewPartner--addressDetailDetailsName1-inner\")]"}
COMMAND: GET /session/76d7290d120ab2421d75a09a4cbbcc0c/element/f.593288CD5F674EF5C803DB8E0F1C2C84.d.0FD4A563CB1F4222AE78EEED666D05B4.e.1431/property/value - {}
RESULT: {}
COMMAND: POST /session/76d7290d120ab2421d75a09a4cbbcc0c/execute/async - {"script":"<script> [1562 bytes]","args":[{"selector":{"id":"application-managepartners-display-component---NewPartner--addressDetailDetailsCity1","interaction":{"idSuffix":"inner"}},"wdio_ui5_key":"applicationmanagepartners-display-component---NewPartner--addressDetailDetailsCity1"}]}
COMMAND: GET /session/76d7290d120ab2421d75a09a4cbbcc0c/screenshot - {}
RESULT: {"script":"<script> [1562 bytes]","args":[{"selector":{"id":"application-managepartners-display-component---NewPartner--addressDetailDetailsCity1","interaction":{"idSuffix":"inner"}},"wdio_ui5_key":"applicationmanagepartners-display-component---NewPartner--addressDetailDetailsCity1"}]}
RESULT: undefined
COMMAND: POST /session/76d7290d120ab2421d75a09a4cbbcc0c/execute/async - {"script":"<script> [776 bytes]","args":[{"enterText":"Bucharest","selector":{"id":"application-managepartners-display-component---NewPartner--addressDetailDetailsCity1","interaction":{"idSuffix":"inner"}},"clearTextFirst":true,"interactionType":"ENTER_TEXT"}]}
RESULT: {}
RESULT: {"script":"<script> [776 bytes]","args":[{"enterText":"Bucharest","selector":{"id":"application-managepartners-display-component---NewPartner--addressDetailDetailsCity1","interaction":{"idSuffix":"inner"}},"clearTextFirst":true,"interactionType":"ENTER_TEXT"}]}
COMMAND: POST /session/76d7290d120ab2421d75a09a4cbbcc0c/execute/async - {"script":"<script> [1562 bytes]","args":[{"selector":{"id":"application-managepartners-display-component---NewPartner--addressDetailDetailsCountry","interaction":{"idSuffix":"inner"}},"wdio_ui5_key":"applicationmanagepartners-display-component---NewPartner--addressDetailDetailsCountry"}]}
RESULT: {"script":"<script> [1562 bytes]","args":[{"selector":{"id":"application-managepartners-display-component---NewPartner--addressDetailDetailsCountry","interaction":{"idSuffix":"inner"}},"wdio_ui5_key":"applicationmanagepartners-display-component---NewPartner--addressDetailDetailsCountry"}]}
RESULT: undefined
COMMAND: POST /session/76d7290d120ab2421d75a09a4cbbcc0c/execute/async - {"script":"<script> [6424 bytes]","args":[{"element-6066-11e4-a52e-4f735466cecf":"f.593288CD5F674EF5C803DB8E0F1C2C84.d.0FD4A563CB1F4222AE78EEED666D05B4.e.1438"},"setValue",["Romania"]]}
RESULT: {"script":"<script> [6424 bytes]","args":[{"element-6066-11e4-a52e-4f735466cecf":"f.593288CD5F674EF5C803DB8E0F1C2C84.d.0FD4A563CB1F4222AE78EEED666D05B4.e.1438"},"setValue",["Romania"]]}
COMMAND: POST /session/76d7290d120ab2421d75a09a4cbbcc0c/execute/async - {"script":"<script> [1562 bytes]","args":[{"selector":{"id":"application-managepartners-display-component---NewPartner--partnerDetailInternal","interaction":{"idSuffix":"inner"}},"wdio_ui5_key":"applicationmanagepartners-display-component---NewPartner--partnerDetailInternal"}]}
RESULT: {"script":"<script> [1562 bytes]","args":[{"selector":{"id":"application-managepartners-display-component---NewPartner--partnerDetailInternal","interaction":{"idSuffix":"inner"}},"wdio_ui5_key":"applicationmanagepartners-display-component---NewPartner--partnerDetailInternal"}]}
RESULT: undefined
COMMAND: POST /session/76d7290d120ab2421d75a09a4cbbcc0c/execute/async - {"script":"<script> [776 bytes]","args":[{"enterText":"External partner","selector":{"id":"application-managepartners-display-component---NewPartner--partnerDetailInternal","interaction":{"idSuffix":"inner"}},"clearTextFirst":true,"interactionType":"ENTER_TEXT"}]}
RESULT: {"script":"<script> [776 bytes]","args":[{"enterText":"External partner","selector":{"id":"application-managepartners-display-component---NewPartner--partnerDetailInternal","interaction":{"idSuffix":"inner"}},"clearTextFirst":true,"interactionType":"ENTER_TEXT"}]}
COMMAND: POST /session/76d7290d120ab2421d75a09a4cbbcc0c/execute/async - {"script":"<script> [1562 bytes]","args":[{"selector":{"id":"application-managepartners-display-component---NewPartner--partnerDetailsCurrency","interaction":{"idSuffix":"inner"}},"wdio_ui5_key":"applicationmanagepartners-display-component---NewPartner--partnerDetailsCurrency"}]}
RESULT: {"script":"<script> [1562 bytes]","args":[{"selector":{"id":"application-managepartners-display-component---NewPartner--partnerDetailsCurrency","interaction":{"idSuffix":"inner"}},"wdio_ui5_key":"applicationmanagepartners-display-component---NewPartner--partnerDetailsCurrency"}]}
RESULT: undefined
COMMAND: POST /session/76d7290d120ab2421d75a09a4cbbcc0c/execute/async - {"script":"<script> [776 bytes]","args":[{"enterText":"Euro","selector":{"id":"application-managepartners-display-component---NewPartner--partnerDetailsCurrency","interaction":{"idSuffix":"inner"}},"clearTextFirst":true,"interactionType":"ENTER_TEXT"}]}
RESULT: {"script":"<script> [776 bytes]","args":[{"enterText":"Euro","selector":{"id":"application-managepartners-display-component---NewPartner--partnerDetailsCurrency","interaction":{"idSuffix":"inner"}},"clearTextFirst":true,"interactionType":"ENTER_TEXT"}]}
COMMAND: POST /session/76d7290d120ab2421d75a09a4cbbcc0c/execute/async - {"script":"<script> [1562 bytes]","args":[{"selector":{"controlType":"sap.m.Button","viewName":"etm.portal.ui.managepartners.view.NewPartner","viewId":"application-managepartners-display-component---NewPartner","properties":{"text":"Commercial"},"interaction":{"idSuffix":"BDI-content"}},"wdio_ui5_key":"etmportal.ui.managepartners.view.NewPartnersap.m.Button{\"text\":\"Commercial\"}"}]}
RESULT: {"script":"<script> [1562 bytes]","args":[{"selector":{"controlType":"sap.m.Button","viewName":"etm.portal.ui.managepartners.view.NewPartner","viewId":"application-managepartners-display-component---NewPartner","properties":{"text":"Commercial"},"interaction":{"idSuffix":"BDI-content"}},"wdio_ui5_key":"etmportal.ui.managepartners.view.NewPartnersap.m.Button{\"text\":\"Commercial\"}"}]}
RESULT: undefined
COMMAND: POST /session/76d7290d120ab2421d75a09a4cbbcc0c/element - {"using":"xpath","value":"//*[@id=\"application-managepartners-display-component---NewPartner--ObjectPageLayout-anchBar-__section5-anchor\"]"}
RESULT: {"using":"xpath","value":"//*[@id=\"application-managepartners-display-component---NewPartner--ObjectPageLayout-anchBar-__section5-anchor\"]"}
COMMAND: POST /session/76d7290d120ab2421d75a09a4cbbcc0c/element/f.593288CD5F674EF5C803DB8E0F1C2C84.d.0FD4A563CB1F4222AE78EEED666D05B4.e.1675/click - {}
RESULT: {}
COMMAND: GET /session/76d7290d120ab2421d75a09a4cbbcc0c/screenshot - {}
RESULT: {}
COMMAND: POST /session/76d7290d120ab2421d75a09a4cbbcc0c/execute/async - {"script":"<script> [1562 bytes]","args":[{"selector":{"id":"application-managepartners-display-component---NewPartner--btnAddTableRow-img"},"wdio_ui5_key":"applicationmanagepartners-display-component---NewPartner--btnAddTableRow-img"}]}
RESULT: {"script":"<script> [1562 bytes]","args":[{"selector":{"id":"application-managepartners-display-component---NewPartner--btnAddTableRow-img"},"wdio_ui5_key":"applicationmanagepartners-display-component---NewPartner--btnAddTableRow-img"}]}
RESULT: undefined
COMMAND: POST /session/76d7290d120ab2421d75a09a4cbbcc0c/element - {"using":"xpath","value":"//*[@id=\"application-managepartners-display-component---NewPartner--btnAddTableRow-img\"]"}
RESULT: {"using":"xpath","value":"//*[@id=\"application-managepartners-display-component---NewPartner--btnAddTableRow-img\"]"}
COMMAND: POST /session/76d7290d120ab2421d75a09a4cbbcc0c/element/f.593288CD5F674EF5C803DB8E0F1C2C84.d.0FD4A563CB1F4222AE78EEED666D05B4.e.1681/click - {}
RESULT: {}
COMMAND: POST /session/76d7290d120ab2421d75a09a4cbbcc0c/element - {"using":"xpath","value":"//input[contains(@id ,\"application-managepartners-display-component---NewPartner--assignmentYard-application-managepartners-display-component---NewPartner\")]"}
COMMAND: GET /session/76d7290d120ab2421d75a09a4cbbcc0c/screenshot - {}
RESULT: {"using":"xpath","value":"//input[contains(@id ,\"application-managepartners-display-component---NewPartner--assignmentYard-application-managepartners-display-component---NewPartner\")]"}
COMMAND: POST /session/76d7290d120ab2421d75a09a4cbbcc0c/element/f.593288CD5F674EF5C803DB8E0F1C2C84.d.0FD4A563CB1F4222AE78EEED666D05B4.e.1684/clear - {}
RESULT: {}
RESULT: {}
COMMAND: POST /session/76d7290d120ab2421d75a09a4cbbcc0c/element/f.593288CD5F674EF5C803DB8E0F1C2C84.d.0FD4A563CB1F4222AE78EEED666D05B4.e.1684/value - {"text":"691"}
COMMAND: GET /session/76d7290d120ab2421d75a09a4cbbcc0c/screenshot - {}
RESULT: {"text":"691"}
COMMAND: GET /session/76d7290d120ab2421d75a09a4cbbcc0c/screenshot - {}
RESULT: {}
RESULT: {}
COMMAND: POST /session/76d7290d120ab2421d75a09a4cbbcc0c/execute/async - {"script":"<script> [1562 bytes]","args":[{"selector":{"controlType":"sap.m.Button","viewName":"etm.portal.ui.managepartners.view.NewPartner","viewId":"application-managepartners-display-component---NewPartner","i18NText":{"propertyName":"text","key":"save"},"interaction":{"idSuffix":"BDI-content"}},"wdio_ui5_key":"etmportal.ui.managepartners.view.NewPartnersap.m.Button{\"propertyName\":\"text\",\"key\":\"save\"}"}]}
RESULT: {"script":"<script> [1562 bytes]","args":[{"selector":{"controlType":"sap.m.Button","viewName":"etm.portal.ui.managepartners.view.NewPartner","viewId":"application-managepartners-display-component---NewPartner","i18NText":{"propertyName":"text","key":"save"},"interaction":{"idSuffix":"BDI-content"}},"wdio_ui5_key":"etmportal.ui.managepartners.view.NewPartnersap.m.Button{\"propertyName\":\"text\",\"key\":\"save\"}"}]}
RESULT: undefined
COMMAND: POST /session/76d7290d120ab2421d75a09a4cbbcc0c/element - {"using":"xpath","value":"//*[@id=\"__button12\"]"}
RESULT: {"using":"xpath","value":"//*[@id=\"__button12\"]"}
COMMAND: POST /session/76d7290d120ab2421d75a09a4cbbcc0c/element/f.593288CD5F674EF5C803DB8E0F1C2C84.d.0FD4A563CB1F4222AE78EEED666D05B4.e.1648/click - {}
RESULT: {}
COMMAND: GET /session/76d7290d120ab2421d75a09a4cbbcc0c/screenshot - {}
RESULT: {}
COMMAND: POST /session/76d7290d120ab2421d75a09a4cbbcc0c/element - {"using":"xpath","value":"//header/div/div[2]/div[2]/span"}
RESULT: {"using":"xpath","value":"//header/div/div[2]/div[2]/span"}
COMMAND: GET /session/76d7290d120ab2421d75a09a4cbbcc0c/element/f.593288CD5F674EF5C803DB8E0F1C2C84.d.0FD4A563CB1F4222AE78EEED666D05B4.e.1853/text - {}
RESULT: {}
COMMAND: POST /session/76d7290d120ab2421d75a09a4cbbcc0c/element - {"using":"xpath","value":"//header/div/div/div/div/div/div[2]/div/span"}
RESULT: {"using":"xpath","value":"//header/div/div/div/div/div/div[2]/div/span"}
COMMAND: GET /session/76d7290d120ab2421d75a09a4cbbcc0c/element/f.593288CD5F674EF5C803DB8E0F1C2C84.d.0FD4A563CB1F4222AE78EEED666D05B4.e.1854/text - {}
RESULT: {}
COMMAND: POST /session/76d7290d120ab2421d75a09a4cbbcc0c/execute/async - {"script":"<script> [1562 bytes]","args":[{"selector":{"id":"application-managepartners-display-component---detailPtm--partnerType"},"wdio_ui5_key":"applicationmanagepartners-display-component---detailPtm--partnerType"}]}
RESULT: {"script":"<script> [1562 bytes]","args":[{"selector":{"id":"application-managepartners-display-component---detailPtm--partnerType"},"wdio_ui5_key":"applicationmanagepartners-display-component---detailPtm--partnerType"}]}
RESULT: undefined
COMMAND: POST /session/76d7290d120ab2421d75a09a4cbbcc0c/execute/async - {"script":"<script> [6424 bytes]","args":[{"element-6066-11e4-a52e-4f735466cecf":"f.593288CD5F674EF5C803DB8E0F1C2C84.d.0FD4A563CB1F4222AE78EEED666D05B4.e.1855"},"getText",[]]}
RESULT: {"script":"<script> [6424 bytes]","args":[{"element-6066-11e4-a52e-4f735466cecf":"f.593288CD5F674EF5C803DB8E0F1C2C84.d.0FD4A563CB1F4222AE78EEED666D05B4.e.1855"},"getText",[]]}
COMMAND: POST /session/76d7290d120ab2421d75a09a4cbbcc0c/element - {"using":"css selector","value":"#shell-header-logo"}
RESULT: {"using":"css selector","value":"#shell-header-logo"}
COMMAND: POST /session/76d7290d120ab2421d75a09a4cbbcc0c/element/f.593288CD5F674EF5C803DB8E0F1C2C84.d.0FD4A563CB1F4222AE78EEED666D05B4.e.1207/click - {}
RESULT: {}
COMMAND: GET /session/76d7290d120ab2421d75a09a4cbbcc0c/screenshot - {}
RESULT: {}
COMMAND: POST /session/76d7290d120ab2421d75a09a4cbbcc0c/execute/async - {"script":"<script> [1562 bytes]","args":[{"selector":{"controlType":"sap.m.GenericTile","properties":{"header":"Manage Sites"}},"wdio_ui5_key":"sapm.GenericTile{\"header\":\"Manage Sites\"}"}]}
RESULT: {"script":"<script> [1562 bytes]","args":[{"selector":{"controlType":"sap.m.GenericTile","properties":{"header":"Manage Sites"}},"wdio_ui5_key":"sapm.GenericTile{\"header\":\"Manage Sites\"}"}]}
RESULT: undefined
COMMAND: POST /session/76d7290d120ab2421d75a09a4cbbcc0c/element - {"using":"xpath","value":"//*[@id=\"__tile40\"]"}
RESULT: {"using":"xpath","value":"//*[@id=\"__tile40\"]"}
COMMAND: POST /session/76d7290d120ab2421d75a09a4cbbcc0c/element/f.593288CD5F674EF5C803DB8E0F1C2C84.d.0FD4A563CB1F4222AE78EEED666D05B4.e.1857/click - {}
RESULT: {}
COMMAND: GET /session/76d7290d120ab2421d75a09a4cbbcc0c/screenshot - {}
RESULT: {}
COMMAND: POST /session/76d7290d120ab2421d75a09a4cbbcc0c/execute/async - {"script":"<script> [1562 bytes]","args":[{"selector":{"controlType":"sap.ui.core.Icon","viewName":"etm.portal.ui.managesites.view.Master","viewId":"application-managesites-display-component---masterSite","properties":{"src":{"regex":{"source":"add"}}}},"wdio_ui5_key":"etmportal.ui.managesites.view.Mastersap.ui.core.Icon{\"src\":{\"regex\":{\"source\":\"add\"}}}"}]}
RESULT: {"script":"<script> [1562 bytes]","args":[{"selector":{"controlType":"sap.ui.core.Icon","viewName":"etm.portal.ui.managesites.view.Master","viewId":"application-managesites-display-component---masterSite","properties":{"src":{"regex":{"source":"add"}}}},"wdio_ui5_key":"etmportal.ui.managesites.view.Mastersap.ui.core.Icon{\"src\":{\"regex\":{\"source\":\"add\"}}}"}]}
RESULT: undefined
COMMAND: POST /session/76d7290d120ab2421d75a09a4cbbcc0c/element - {"using":"xpath","value":"//*[@id=\"__button52-img\"]"}
RESULT: {"using":"xpath","value":"//*[@id=\"__button52-img\"]"}
COMMAND: POST /session/76d7290d120ab2421d75a09a4cbbcc0c/element/f.593288CD5F674EF5C803DB8E0F1C2C84.d.0FD4A563CB1F4222AE78EEED666D05B4.e.1907/click - {}
RESULT: {}
COMMAND: POST /session/76d7290d120ab2421d75a09a4cbbcc0c/execute/async - {"script":"<script> [1562 bytes]","args":[{"selector":{"id":"application-managesites-display-component---NewSite--siteId","interaction":{"idSuffix":"inner"}},"wdio_ui5_key":"applicationmanagesites-display-component---NewSite--siteId"}]}
COMMAND: GET /session/76d7290d120ab2421d75a09a4cbbcc0c/screenshot - {}
RESULT: {"script":"<script> [1562 bytes]","args":[{"selector":{"id":"application-managesites-display-component---NewSite--siteId","interaction":{"idSuffix":"inner"}},"wdio_ui5_key":"applicationmanagesites-display-component---NewSite--siteId"}]}
RESULT: undefined
COMMAND: POST /session/76d7290d120ab2421d75a09a4cbbcc0c/execute/async - {"script":"<script> [1562 bytes]","args":[{"selector":{"id":"application-managesites-display-component---NewSite--addressDetailDetailsName1","interaction":{"idSuffix":"inner"}},"wdio_ui5_key":"applicationmanagesites-display-component---NewSite--addressDetailDetailsName1"}]}
RESULT: {}
RESULT: {"script":"<script> [1562 bytes]","args":[{"selector":{"id":"application-managesites-display-component---NewSite--addressDetailDetailsName1","interaction":{"idSuffix":"inner"}},"wdio_ui5_key":"applicationmanagesites-display-component---NewSite--addressDetailDetailsName1"}]}
RESULT: undefined
COMMAND: POST /session/76d7290d120ab2421d75a09a4cbbcc0c/execute/async - {"script":"<script> [776 bytes]","args":[{"enterText":"WebdriverSiteleprc","selector":{"id":"application-managesites-display-component---NewSite--addressDetailDetailsName1","interaction":{"idSuffix":"inner"}},"clearTextFirst":true,"interactionType":"ENTER_TEXT"}]}
RESULT: {"script":"<script> [776 bytes]","args":[{"enterText":"WebdriverSiteleprc","selector":{"id":"application-managesites-display-component---NewSite--addressDetailDetailsName1","interaction":{"idSuffix":"inner"}},"clearTextFirst":true,"interactionType":"ENTER_TEXT"}]}
COMMAND: POST /session/76d7290d120ab2421d75a09a4cbbcc0c/execute/async - {"script":"<script> [1562 bytes]","args":[{"selector":{"id":"application-managesites-display-component---NewSite--addressDetailDetailsLanguage","interaction":{"idSuffix":"inner"}},"wdio_ui5_key":"applicationmanagesites-display-component---NewSite--addressDetailDetailsLanguage"}]}
RESULT: {"script":"<script> [1562 bytes]","args":[{"selector":{"id":"application-managesites-display-component---NewSite--addressDetailDetailsLanguage","interaction":{"idSuffix":"inner"}},"wdio_ui5_key":"applicationmanagesites-display-component---NewSite--addressDetailDetailsLanguage"}]}
RESULT: undefined
COMMAND: POST /session/76d7290d120ab2421d75a09a4cbbcc0c/execute/async - {"script":"<script> [776 bytes]","args":[{"enterText":"Romanian","selector":{"id":"application-managesites-display-component---NewSite--addressDetailDetailsLanguage","interaction":{"idSuffix":"inner"}},"clearTextFirst":true,"interactionType":"ENTER_TEXT"}]}
RESULT: {"script":"<script> [776 bytes]","args":[{"enterText":"Romanian","selector":{"id":"application-managesites-display-component---NewSite--addressDetailDetailsLanguage","interaction":{"idSuffix":"inner"}},"clearTextFirst":true,"interactionType":"ENTER_TEXT"}]}
COMMAND: POST /session/76d7290d120ab2421d75a09a4cbbcc0c/execute/async - {"script":"<script> [1562 bytes]","args":[{"selector":{"id":"application-managesites-display-component---NewSite--addressDetailDetailsCity1","interaction":{"idSuffix":"inner"}},"wdio_ui5_key":"applicationmanagesites-display-component---NewSite--addressDetailDetailsCity1"}]}
RESULT: {"script":"<script> [1562 bytes]","args":[{"selector":{"id":"application-managesites-display-component---NewSite--addressDetailDetailsCity1","interaction":{"idSuffix":"inner"}},"wdio_ui5_key":"applicationmanagesites-display-component---NewSite--addressDetailDetailsCity1"}]}
RESULT: undefined
COMMAND: POST /session/76d7290d120ab2421d75a09a4cbbcc0c/execute/async - {"script":"<script> [776 bytes]","args":[{"enterText":"Bucharest","selector":{"id":"application-managesites-display-component---NewSite--addressDetailDetailsCity1","interaction":{"idSuffix":"inner"}},"clearTextFirst":true,"interactionType":"ENTER_TEXT"}]}
RESULT: {"script":"<script> [776 bytes]","args":[{"enterText":"Bucharest","selector":{"id":"application-managesites-display-component---NewSite--addressDetailDetailsCity1","interaction":{"idSuffix":"inner"}},"clearTextFirst":true,"interactionType":"ENTER_TEXT"}]}
COMMAND: POST /session/76d7290d120ab2421d75a09a4cbbcc0c/execute/async - {"script":"<script> [1562 bytes]","args":[{"selector":{"id":"application-managesites-display-component---NewSite--addressDetailDetailsCountry","interaction":{"idSuffix":"inner"}},"wdio_ui5_key":"applicationmanagesites-display-component---NewSite--addressDetailDetailsCountry"}]}
RESULT: {"script":"<script> [1562 bytes]","args":[{"selector":{"id":"application-managesites-display-component---NewSite--addressDetailDetailsCountry","interaction":{"idSuffix":"inner"}},"wdio_ui5_key":"applicationmanagesites-display-component---NewSite--addressDetailDetailsCountry"}]}
RESULT: undefined
COMMAND: POST /session/76d7290d120ab2421d75a09a4cbbcc0c/execute/async - {"script":"<script> [776 bytes]","args":[{"enterText":"Romania","selector":{"id":"application-managesites-display-component---NewSite--addressDetailDetailsCountry","interaction":{"idSuffix":"inner"}},"clearTextFirst":true,"interactionType":"ENTER_TEXT"}]}
RESULT: {"script":"<script> [776 bytes]","args":[{"enterText":"Romania","selector":{"id":"application-managesites-display-component---NewSite--addressDetailDetailsCountry","interaction":{"idSuffix":"inner"}},"clearTextFirst":true,"interactionType":"ENTER_TEXT"}]}
COMMAND: POST /session/76d7290d120ab2421d75a09a4cbbcc0c/element - {"using":"css selector","value":"#application-managesites-display-component---NewSite--addressDetailDetailsCalendar-inner"}
RESULT: {"using":"css selector","value":"#application-managesites-display-component---NewSite--addressDetailDetailsCalendar-inner"}
COMMAND: POST /session/76d7290d120ab2421d75a09a4cbbcc0c/element/f.593288CD5F674EF5C803DB8E0F1C2C84.d.0FD4A563CB1F4222AE78EEED666D05B4.e.2141/clear - {}
RESULT: {}
COMMAND: POST /session/76d7290d120ab2421d75a09a4cbbcc0c/element/f.593288CD5F674EF5C803DB8E0F1C2C84.d.0FD4A563CB1F4222AE78EEED666D05B4.e.2141/value - {"text":"Germany"}
COMMAND: GET /session/76d7290d120ab2421d75a09a4cbbcc0c/screenshot - {}
RESULT: {"text":"Germany"}
COMMAND: POST /session/76d7290d120ab2421d75a09a4cbbcc0c/execute/async - {"script":"<script> [1562 bytes]","args":[{"selector":{"id":"application-managesites-display-component---NewSite--addressEditDetailsCostObjectCstType-arrow"},"wdio_ui5_key":"applicationmanagesites-display-component---NewSite--addressEditDetailsCostObjectCstType-arrow"}]}
COMMAND: GET /session/76d7290d120ab2421d75a09a4cbbcc0c/screenshot - {}
RESULT: {}
RESULT: {"script":"<script> [1562 bytes]","args":[{"selector":{"id":"application-managesites-display-component---NewSite--addressEditDetailsCostObjectCstType-arrow"},"wdio_ui5_key":"applicationmanagesites-display-component---NewSite--addressEditDetailsCostObjectCstType-arrow"}]}
RESULT: undefined
COMMAND: POST /session/76d7290d120ab2421d75a09a4cbbcc0c/element - {"using":"xpath","value":"//*[@id=\"application-managesites-display-component---NewSite--addressEditDetailsCostObjectCstType-arrow\"]"}
RESULT: {}
RESULT: {"using":"xpath","value":"//*[@id=\"application-managesites-display-component---NewSite--addressEditDetailsCostObjectCstType-arrow\"]"}
COMMAND: POST /session/76d7290d120ab2421d75a09a4cbbcc0c/element/f.593288CD5F674EF5C803DB8E0F1C2C84.d.0FD4A563CB1F4222AE78EEED666D05B4.e.2295/click - {}
RESULT: {}
COMMAND: POST /session/76d7290d120ab2421d75a09a4cbbcc0c/element - {"using":"xpath","value":"//span[contains(text(), \"Work Breakdown Structure\")]"}
COMMAND: GET /session/76d7290d120ab2421d75a09a4cbbcc0c/screenshot - {}
RESULT: {"using":"xpath","value":"//span[contains(text(), \"Work Breakdown Structure\")]"}
COMMAND: POST /session/76d7290d120ab2421d75a09a4cbbcc0c/element/f.593288CD5F674EF5C803DB8E0F1C2C84.d.0FD4A563CB1F4222AE78EEED666D05B4.e.2296/click - {}
RESULT: {}
RESULT: {}
COMMAND: GET /session/76d7290d120ab2421d75a09a4cbbcc0c/screenshot - {}
RESULT: {}
COMMAND: POST /session/76d7290d120ab2421d75a09a4cbbcc0c/execute/async - {"script":"<script> [1562 bytes]","args":[{"selector":{"id":"application-managesites-display-component---NewSite--addressNewCostObjectCstID-vhi"},"wdio_ui5_key":"applicationmanagesites-display-component---NewSite--addressNewCostObjectCstID-vhi"}]}
RESULT: {"script":"<script> [1562 bytes]","args":[{"selector":{"id":"application-managesites-display-component---NewSite--addressNewCostObjectCstID-vhi"},"wdio_ui5_key":"applicationmanagesites-display-component---NewSite--addressNewCostObjectCstID-vhi"}]}
RESULT: undefined
COMMAND: POST /session/76d7290d120ab2421d75a09a4cbbcc0c/element - {"using":"xpath","value":"//*[@id=\"application-managesites-display-component---NewSite--addressNewCostObjectCstID-vhi\"]"}
RESULT: {"using":"xpath","value":"//*[@id=\"application-managesites-display-component---NewSite--addressNewCostObjectCstID-vhi\"]"}
COMMAND: POST /session/76d7290d120ab2421d75a09a4cbbcc0c/element/f.593288CD5F674EF5C803DB8E0F1C2C84.d.0FD4A563CB1F4222AE78EEED666D05B4.e.2301/click - {}
RESULT: {}
COMMAND: GET /session/76d7290d120ab2421d75a09a4cbbcc0c/screenshot - {}
RESULT: {}
COMMAND: POST /session/76d7290d120ab2421d75a09a4cbbcc0c/execute/async - {"script":"<script> [1562 bytes]","args":[{"selector":{"controlType":"sap.m.SearchField","properties":{"placeholder":"Search"},"searchOpenDialogs":true,"interaction":{"idSuffix":"I"}},"wdio_ui5_key":"sapm.SearchField{\"placeholder\":\"Search\"}"}]}
RESULT: {"script":"<script> [1562 bytes]","args":[{"selector":{"controlType":"sap.m.SearchField","properties":{"placeholder":"Search"},"searchOpenDialogs":true,"interaction":{"idSuffix":"I"}},"wdio_ui5_key":"sapm.SearchField{\"placeholder\":\"Search\"}"}]}
RESULT: undefined
COMMAND: POST /session/76d7290d120ab2421d75a09a4cbbcc0c/execute/async - {"script":"<script> [776 bytes]","args":[{"enterText":"A1-000100-01","selector":{"controlType":"sap.m.SearchField","properties":{"placeholder":"Search"},"searchOpenDialogs":true,"interaction":{"idSuffix":"I"}},"clearTextFirst":true,"interactionType":"ENTER_TEXT"}]}
RESULT: {"script":"<script> [776 bytes]","args":[{"enterText":"A1-000100-01","selector":{"controlType":"sap.m.SearchField","properties":{"placeholder":"Search"},"searchOpenDialogs":true,"interaction":{"idSuffix":"I"}},"clearTextFirst":true,"interactionType":"ENTER_TEXT"}]}
COMMAND: POST /session/76d7290d120ab2421d75a09a4cbbcc0c/actions - {"actions":[{"id":"action3","type":"key","parameters":{},"actions":[{"type":"keyDown","value":"î€‡"},{"type":"pause","duration":10},{"type":"keyUp","value":"î€‡"}]}]}
RESULT: {"actions":[{"id":"action3","type":"key","parameters":{},"actions":[{"type":"keyDown","value":"î€‡"},{"type":"pause","duration":10},{"type":"keyUp","value":"î€‡"}]}]}
COMMAND: GET /session/76d7290d120ab2421d75a09a4cbbcc0c/screenshot - {}
RESULT: {}
COMMAND: POST /session/76d7290d120ab2421d75a09a4cbbcc0c/element - {"using":"xpath","value":"//span[contains(text(), \"Template for ETO-Process\")]"}
RESULT: {"using":"xpath","value":"//span[contains(text(), \"Template for ETO-Process\")]"}
COMMAND: POST /session/76d7290d120ab2421d75a09a4cbbcc0c/element/f.593288CD5F674EF5C803DB8E0F1C2C84.d.0FD4A563CB1F4222AE78EEED666D05B4.e.2321/click - {}
RESULT: {}
COMMAND: GET /session/76d7290d120ab2421d75a09a4cbbcc0c/screenshot - {}
RESULT: {}
COMMAND: POST /session/76d7290d120ab2421d75a09a4cbbcc0c/element - {"using":"xpath","value":"//bdi[contains(text(), \"OK\")]"}
RESULT: {"using":"xpath","value":"//bdi[contains(text(), \"OK\")]"}
COMMAND: POST /session/76d7290d120ab2421d75a09a4cbbcc0c/element/f.593288CD5F674EF5C803DB8E0F1C2C84.d.0FD4A563CB1F4222AE78EEED666D05B4.e.2322/click - {}
RESULT: {}
COMMAND: GET /session/76d7290d120ab2421d75a09a4cbbcc0c/screenshot - {}
RESULT: {}
COMMAND: POST /session/76d7290d120ab2421d75a09a4cbbcc0c/element - {"using":"xpath","value":"//input[@id=\"application-managesites-display-component---NewSite--addressDetailDetailsYard-inner\"]"}
RESULT: {"using":"xpath","value":"//input[@id=\"application-managesites-display-component---NewSite--addressDetailDetailsYard-inner\"]"}
COMMAND: POST /session/76d7290d120ab2421d75a09a4cbbcc0c/element/f.593288CD5F674EF5C803DB8E0F1C2C84.d.0FD4A563CB1F4222AE78EEED666D05B4.e.2142/value - {"text":"691"}
RESULT: {"text":"691"}
COMMAND: GET /session/76d7290d120ab2421d75a09a4cbbcc0c/screenshot - {}
RESULT: {}
COMMAND: POST /session/76d7290d120ab2421d75a09a4cbbcc0c/actions - {"actions":[{"id":"action4","type":"key","parameters":{},"actions":[{"type":"keyDown","value":"î€‡"},{"type":"pause","duration":10},{"type":"keyUp","value":"î€‡"}]}]}
RESULT: {"actions":[{"id":"action4","type":"key","parameters":{},"actions":[{"type":"keyDown","value":"î€‡"},{"type":"pause","duration":10},{"type":"keyUp","value":"î€‡"}]}]}
COMMAND: GET /session/76d7290d120ab2421d75a09a4cbbcc0c/screenshot - {}
RESULT: {}
COMMAND: POST /session/76d7290d120ab2421d75a09a4cbbcc0c/element - {"using":"xpath","value":"//input[@id=\"application-managesites-display-component---NewSite--addressDetailDetailsPartner-inner\"]"}
RESULT: {"using":"xpath","value":"//input[@id=\"application-managesites-display-component---NewSite--addressDetailDetailsPartner-inner\"]"}
COMMAND: POST /session/76d7290d120ab2421d75a09a4cbbcc0c/elements - {"using":"xpath","value":"//input[@id=\"application-managesites-display-component---NewSite--addressDetailDetailsPartner-inner\"]"}
RESULT: {"using":"xpath","value":"//input[@id=\"application-managesites-display-component---NewSite--addressDetailDetailsPartner-inner\"]"}
COMMAND: POST /session/76d7290d120ab2421d75a09a4cbbcc0c/execute/async - {"script":"<script> [1562 bytes]","args":[{"selector":{"controlType":"sap.m.Button","viewName":"etm.portal.ui.managesites.view.NewSmartSite","viewId":"application-managesites-display-component---NewSite","properties":{"text":"Commercial"},"interaction":{"idSuffix":"BDI-content"}},"wdio_ui5_key":"etmportal.ui.managesites.view.NewSmartSitesap.m.Button{\"text\":\"Commercial\"}"}]}
RESULT: {"script":"<script> [1562 bytes]","args":[{"selector":{"controlType":"sap.m.Button","viewName":"etm.portal.ui.managesites.view.NewSmartSite","viewId":"application-managesites-display-component---NewSite","properties":{"text":"Commercial"},"interaction":{"idSuffix":"BDI-content"}},"wdio_ui5_key":"etmportal.ui.managesites.view.NewSmartSitesap.m.Button{\"text\":\"Commercial\"}"}]}
RESULT: undefined
COMMAND: POST /session/76d7290d120ab2421d75a09a4cbbcc0c/element - {"using":"xpath","value":"//*[@id=\"application-managesites-display-component---NewSite--ObjectPageLayout-anchBar-__section31-anchor\"]"}
RESULT: {"using":"xpath","value":"//*[@id=\"application-managesites-display-component---NewSite--ObjectPageLayout-anchBar-__section31-anchor\"]"}
COMMAND: POST /session/76d7290d120ab2421d75a09a4cbbcc0c/element/f.593288CD5F674EF5C803DB8E0F1C2C84.d.0FD4A563CB1F4222AE78EEED666D05B4.e.2329/click - {}
RESULT: {}
COMMAND: POST /session/76d7290d120ab2421d75a09a4cbbcc0c/execute/async - {"script":"<script> [1562 bytes]","args":[{"selector":{"controlType":"sap.m.Button","viewName":"etm.portal.ui.managesites.view.NewSmartSite","viewId":"application-managesites-display-component---NewSite","i18NText":{"propertyName":"text","key":"save"},"interaction":{"idSuffix":"BDI-content"}},"wdio_ui5_key":"etmportal.ui.managesites.view.NewSmartSitesap.m.Button{\"propertyName\":\"text\",\"key\":\"save\"}"}]}
COMMAND: GET /session/76d7290d120ab2421d75a09a4cbbcc0c/screenshot - {}
RESULT: {"script":"<script> [1562 bytes]","args":[{"selector":{"controlType":"sap.m.Button","viewName":"etm.portal.ui.managesites.view.NewSmartSite","viewId":"application-managesites-display-component---NewSite","i18NText":{"propertyName":"text","key":"save"},"interaction":{"idSuffix":"BDI-content"}},"wdio_ui5_key":"etmportal.ui.managesites.view.NewSmartSitesap.m.Button{\"propertyName\":\"text\",\"key\":\"save\"}"}]}
RESULT: undefined
COMMAND: POST /session/76d7290d120ab2421d75a09a4cbbcc0c/element - {"using":"xpath","value":"//*[@id=\"__button64\"]"}
RESULT: {}
RESULT: {"using":"xpath","value":"//*[@id=\"__button64\"]"}
COMMAND: POST /session/76d7290d120ab2421d75a09a4cbbcc0c/element/f.593288CD5F674EF5C803DB8E0F1C2C84.d.0FD4A563CB1F4222AE78EEED666D05B4.e.2275/click - {}
RESULT: {}
COMMAND: GET /session/76d7290d120ab2421d75a09a4cbbcc0c/screenshot - {}
RESULT: {}
COMMAND: POST /session/76d7290d120ab2421d75a09a4cbbcc0c/execute/async - {"script":"<script> [1562 bytes]","args":[{"selector":{"id":"application-managesites-display-component---detailSite--addressDetailDetailsYardText"},"wdio_ui5_key":"applicationmanagesites-display-component---detailSite--addressDetailDetailsYardText"}]}
RESULT: {"script":"<script> [1562 bytes]","args":[{"selector":{"id":"application-managesites-display-component---detailSite--addressDetailDetailsYardText"},"wdio_ui5_key":"applicationmanagesites-display-component---detailSite--addressDetailDetailsYardText"}]}
RESULT: undefined
COMMAND: POST /session/76d7290d120ab2421d75a09a4cbbcc0c/element - {"using":"xpath","value":"//header/div/div[2]/div[2]/span"}
RESULT: {"using":"xpath","value":"//header/div/div[2]/div[2]/span"}
COMMAND: GET /session/76d7290d120ab2421d75a09a4cbbcc0c/element/f.593288CD5F674EF5C803DB8E0F1C2C84.d.0FD4A563CB1F4222AE78EEED666D05B4.e.2528/text - {}
RESULT: {}
COMMAND: POST /session/76d7290d120ab2421d75a09a4cbbcc0c/element - {"using":"xpath","value":"//header/div/div/div/div/div/div[2]/div/span"}
RESULT: {"using":"xpath","value":"//header/div/div/div/div/div/div[2]/div/span"}
COMMAND: GET /session/76d7290d120ab2421d75a09a4cbbcc0c/element/f.593288CD5F674EF5C803DB8E0F1C2C84.d.0FD4A563CB1F4222AE78EEED666D05B4.e.2529/text - {}
RESULT: {}
COMMAND: POST /session/76d7290d120ab2421d75a09a4cbbcc0c/element - {"using":"css selector","value":"#shell-header-logo"}
RESULT: {"using":"css selector","value":"#shell-header-logo"}
COMMAND: POST /session/76d7290d120ab2421d75a09a4cbbcc0c/element/f.593288CD5F674EF5C803DB8E0F1C2C84.d.0FD4A563CB1F4222AE78EEED666D05B4.e.1862/click - {}
RESULT: {}
COMMAND: GET /session/76d7290d120ab2421d75a09a4cbbcc0c/screenshot - {}
RESULT: {}
]]></system-out>
    </testcase>
    <testcase classname="chrome.136_0_7103_49.windows.Standard_contract_-_add_contract_items_by_Insert_Request_US118222" name="Should create 2 new resources and a catalog item" time="403.488">
      <system-out><![CDATA[
COMMAND: POST /session/76d7290d120ab2421d75a09a4cbbcc0c/execute/async - {"script":"<script> [1562 bytes]","args":[{"selector":{"controlType":"sap.m.GenericTile","properties":{"header":"Manage Resources"}},"wdio_ui5_key":"sapm.GenericTile{\"header\":\"Manage Resources\"}"}]}
RESULT: {"script":"<script> [1562 bytes]","args":[{"selector":{"controlType":"sap.m.GenericTile","properties":{"header":"Manage Resources"}},"wdio_ui5_key":"sapm.GenericTile{\"header\":\"Manage Resources\"}"}]}
RESULT: undefined
COMMAND: POST /session/76d7290d120ab2421d75a09a4cbbcc0c/element - {"using":"xpath","value":"//*[@id=\"__tile39\"]"}
RESULT: {"using":"xpath","value":"//*[@id=\"__tile39\"]"}
COMMAND: POST /session/76d7290d120ab2421d75a09a4cbbcc0c/element/f.593288CD5F674EF5C803DB8E0F1C2C84.d.0FD4A563CB1F4222AE78EEED666D05B4.e.2531/click - {}
RESULT: {}
COMMAND: GET /session/76d7290d120ab2421d75a09a4cbbcc0c/screenshot - {}
RESULT: {}
COMMAND: POST /session/76d7290d120ab2421d75a09a4cbbcc0c/element - {"using":"xpath","value":"//button[@data-kt=\"addNewRUOverflowToolbarButton\"]"}
RESULT: {"using":"xpath","value":"//button[@data-kt=\"addNewRUOverflowToolbarButton\"]"}
COMMAND: POST /session/76d7290d120ab2421d75a09a4cbbcc0c/execute/sync - {"script":"<script> [8489 bytes]","args":[{"element-6066-11e4-a52e-4f735466cecf":"f.593288CD5F674EF5C803DB8E0F1C2C84.d.0FD4A563CB1F4222AE78EEED666D05B4.e.2561","ELEMENT":"f.593288CD5F674EF5C803DB8E0F1C2C84.d.0FD4A563CB1F4222AE78EEED666D05B4.e.2561"}]}
RESULT: {"script":"<script> [8489 bytes]","args":[{"element-6066-11e4-a52e-4f735466cecf":"f.593288CD5F674EF5C803DB8E0F1C2C84.d.0FD4A563CB1F4222AE78EEED666D05B4.e.2561","ELEMENT":"f.593288CD5F674EF5C803DB8E0F1C2C84.d.0FD4A563CB1F4222AE78EEED666D05B4.e.2561"}]}
COMMAND: POST /session/76d7290d120ab2421d75a09a4cbbcc0c/element/f.593288CD5F674EF5C803DB8E0F1C2C84.d.0FD4A563CB1F4222AE78EEED666D05B4.e.2561/click - {}
COMMAND: GET /session/76d7290d120ab2421d75a09a4cbbcc0c/screenshot - {}
RESULT: {}
COMMAND: POST /session/76d7290d120ab2421d75a09a4cbbcc0c/execute/async - {"script":"<script> [1562 bytes]","args":[{"selector":{"id":"application-manageresources-display-component---newResourceUnit--TYPE-arrow"},"wdio_ui5_key":"applicationmanageresources-display-component---newResourceUnit--TYPE-arrow"}]}
COMMAND: GET /session/76d7290d120ab2421d75a09a4cbbcc0c/screenshot - {}
RESULT: {}
RESULT: {"script":"<script> [1562 bytes]","args":[{"selector":{"id":"application-manageresources-display-component---newResourceUnit--TYPE-arrow"},"wdio_ui5_key":"applicationmanageresources-display-component---newResourceUnit--TYPE-arrow"}]}
RESULT: undefined
COMMAND: POST /session/76d7290d120ab2421d75a09a4cbbcc0c/element - {"using":"xpath","value":"//*[@id=\"application-manageresources-display-component---newResourceUnit--TYPE-arrow\"]"}
RESULT: {}
RESULT: {"using":"xpath","value":"//*[@id=\"application-manageresources-display-component---newResourceUnit--TYPE-arrow\"]"}
COMMAND: POST /session/76d7290d120ab2421d75a09a4cbbcc0c/element/f.593288CD5F674EF5C803DB8E0F1C2C84.d.0FD4A563CB1F4222AE78EEED666D05B4.e.2951/click - {}
RESULT: {}
COMMAND: POST /session/76d7290d120ab2421d75a09a4cbbcc0c/execute/async - {"script":"<script> [1562 bytes]","args":[{"selector":{"controlType":"sap.m.StandardListItem","viewName":"reusables.view.manageresources.NewResourceUnit","viewId":"application-manageresources-display-component---newResourceUnit","properties":{"title":"Material"},"searchOpenDialogs":true,"interaction":{"idSuffix":"titleText"}},"wdio_ui5_key":"reusablesview.manageresources.NewResourceUnitsap.m.StandardListItem{\"title\":\"Material\"}"}]}
COMMAND: GET /session/76d7290d120ab2421d75a09a4cbbcc0c/screenshot - {}
RESULT: {"script":"<script> [1562 bytes]","args":[{"selector":{"controlType":"sap.m.StandardListItem","viewName":"reusables.view.manageresources.NewResourceUnit","viewId":"application-manageresources-display-component---newResourceUnit","properties":{"title":"Material"},"searchOpenDialogs":true,"interaction":{"idSuffix":"titleText"}},"wdio_ui5_key":"reusablesview.manageresources.NewResourceUnitsap.m.StandardListItem{\"title\":\"Material\"}"}]}
RESULT: undefined
COMMAND: POST /session/76d7290d120ab2421d75a09a4cbbcc0c/element - {"using":"xpath","value":"//*[@id=\"__item1283\"]"}
RESULT: {}
RESULT: {"using":"xpath","value":"//*[@id=\"__item1283\"]"}
COMMAND: POST /session/76d7290d120ab2421d75a09a4cbbcc0c/element/f.593288CD5F674EF5C803DB8E0F1C2C84.d.0FD4A563CB1F4222AE78EEED666D05B4.e.2954/click - {}
RESULT: {}
COMMAND: POST /session/76d7290d120ab2421d75a09a4cbbcc0c/execute/async - {"script":"<script> [1562 bytes]","args":[{"selector":{"id":"application-manageresources-display-component---newResourceUnit--SHORT_TEXT","interaction":{"idSuffix":"inner"}},"wdio_ui5_key":"applicationmanageresources-display-component---newResourceUnit--SHORT_TEXT"}]}
COMMAND: GET /session/76d7290d120ab2421d75a09a4cbbcc0c/screenshot - {}
RESULT: {"script":"<script> [1562 bytes]","args":[{"selector":{"id":"application-manageresources-display-component---newResourceUnit--SHORT_TEXT","interaction":{"idSuffix":"inner"}},"wdio_ui5_key":"applicationmanageresources-display-component---newResourceUnit--SHORT_TEXT"}]}
RESULT: undefined
COMMAND: POST /session/76d7290d120ab2421d75a09a4cbbcc0c/execute/async - {"script":"<script> [776 bytes]","args":[{"enterText":"WebdriverRUR2Cua91j","selector":{"id":"application-manageresources-display-component---newResourceUnit--SHORT_TEXT","interaction":{"idSuffix":"inner"}},"clearTextFirst":true,"interactionType":"ENTER_TEXT"}]}
RESULT: {}
RESULT: {"script":"<script> [776 bytes]","args":[{"enterText":"WebdriverRUR2Cua91j","selector":{"id":"application-manageresources-display-component---newResourceUnit--SHORT_TEXT","interaction":{"idSuffix":"inner"}},"clearTextFirst":true,"interactionType":"ENTER_TEXT"}]}
COMMAND: POST /session/76d7290d120ab2421d75a09a4cbbcc0c/execute/async - {"script":"<script> [1562 bytes]","args":[{"selector":{"id":"application-manageresources-display-component---newResourceUnit--BASE_UNIT_OF_MEASURE-arrow"},"wdio_ui5_key":"applicationmanageresources-display-component---newResourceUnit--BASE_UNIT_OF_MEASURE-arrow"}]}
RESULT: {"script":"<script> [1562 bytes]","args":[{"selector":{"id":"application-manageresources-display-component---newResourceUnit--BASE_UNIT_OF_MEASURE-arrow"},"wdio_ui5_key":"applicationmanageresources-display-component---newResourceUnit--BASE_UNIT_OF_MEASURE-arrow"}]}
RESULT: undefined
COMMAND: POST /session/76d7290d120ab2421d75a09a4cbbcc0c/element - {"using":"xpath","value":"//*[@id=\"application-manageresources-display-component---newResourceUnit--BASE_UNIT_OF_MEASURE-arrow\"]"}
RESULT: {"using":"xpath","value":"//*[@id=\"application-manageresources-display-component---newResourceUnit--BASE_UNIT_OF_MEASURE-arrow\"]"}
COMMAND: POST /session/76d7290d120ab2421d75a09a4cbbcc0c/element/f.593288CD5F674EF5C803DB8E0F1C2C84.d.0FD4A563CB1F4222AE78EEED666D05B4.e.3010/click - {}
RESULT: {}
COMMAND: POST /session/76d7290d120ab2421d75a09a4cbbcc0c/execute/async - {"script":"<script> [1562 bytes]","args":[{"selector":{"controlType":"sap.m.StandardListItem","viewName":"reusables.view.manageresources.NewResourceUnit","viewId":"application-manageresources-display-component---newResourceUnit","properties":{"title":"Piece"},"searchOpenDialogs":true,"interaction":{"idSuffix":"titleText"}},"wdio_ui5_key":"reusablesview.manageresources.NewResourceUnitsap.m.StandardListItem{\"title\":\"Piece\"}"}]}
COMMAND: GET /session/76d7290d120ab2421d75a09a4cbbcc0c/screenshot - {}
RESULT: {"script":"<script> [1562 bytes]","args":[{"selector":{"controlType":"sap.m.StandardListItem","viewName":"reusables.view.manageresources.NewResourceUnit","viewId":"application-manageresources-display-component---newResourceUnit","properties":{"title":"Piece"},"searchOpenDialogs":true,"interaction":{"idSuffix":"titleText"}},"wdio_ui5_key":"reusablesview.manageresources.NewResourceUnitsap.m.StandardListItem{\"title\":\"Piece\"}"}]}
RESULT: undefined
COMMAND: POST /session/76d7290d120ab2421d75a09a4cbbcc0c/element - {"using":"xpath","value":"//*[@id=\"__item1327\"]"}
RESULT: {}
RESULT: {"using":"xpath","value":"//*[@id=\"__item1327\"]"}
COMMAND: POST /session/76d7290d120ab2421d75a09a4cbbcc0c/element/f.593288CD5F674EF5C803DB8E0F1C2C84.d.0FD4A563CB1F4222AE78EEED666D05B4.e.3012/click - {}
RESULT: {}
COMMAND: POST /session/76d7290d120ab2421d75a09a4cbbcc0c/element - {"using":"xpath","value":"//input[contains(@id ,\"application-manageresources-display-component---newResourceUnit--SHORT_TEXT-inner\")]"}
COMMAND: GET /session/76d7290d120ab2421d75a09a4cbbcc0c/screenshot - {}
RESULT: {"using":"xpath","value":"//input[contains(@id ,\"application-manageresources-display-component---newResourceUnit--SHORT_TEXT-inner\")]"}
COMMAND: GET /session/76d7290d120ab2421d75a09a4cbbcc0c/element/f.593288CD5F674EF5C803DB8E0F1C2C84.d.0FD4A563CB1F4222AE78EEED666D05B4.e.2971/property/value - {}
RESULT: {}
RESULT: {}
COMMAND: POST /session/76d7290d120ab2421d75a09a4cbbcc0c/execute/async - {"script":"<script> [1562 bytes]","args":[{"selector":{"id":"application-manageresources-display-component---newResourceUnit--WEIGHT_UNIT-arrow"},"wdio_ui5_key":"applicationmanageresources-display-component---newResourceUnit--WEIGHT_UNIT-arrow"}]}
COMMAND: GET /session/76d7290d120ab2421d75a09a4cbbcc0c/screenshot - {}
RESULT: {"script":"<script> [1562 bytes]","args":[{"selector":{"id":"application-manageresources-display-component---newResourceUnit--WEIGHT_UNIT-arrow"},"wdio_ui5_key":"applicationmanageresources-display-component---newResourceUnit--WEIGHT_UNIT-arrow"}]}
RESULT: undefined
COMMAND: POST /session/76d7290d120ab2421d75a09a4cbbcc0c/element - {"using":"xpath","value":"//*[@id=\"application-manageresources-display-component---newResourceUnit--WEIGHT_UNIT-arrow\"]"}
RESULT: {}
RESULT: {"using":"xpath","value":"//*[@id=\"application-manageresources-display-component---newResourceUnit--WEIGHT_UNIT-arrow\"]"}
COMMAND: POST /session/76d7290d120ab2421d75a09a4cbbcc0c/element/f.593288CD5F674EF5C803DB8E0F1C2C84.d.0FD4A563CB1F4222AE78EEED666D05B4.e.3013/click - {}
RESULT: {}
COMMAND: POST /session/76d7290d120ab2421d75a09a4cbbcc0c/execute/async - {"script":"<script> [1562 bytes]","args":[{"selector":{"controlType":"sap.m.StandardListItem","viewName":"reusables.view.manageresources.NewResourceUnit","viewId":"application-manageresources-display-component---newResourceUnit","properties":{"title":"Gram"},"searchOpenDialogs":true,"interaction":{"idSuffix":"content"}},"wdio_ui5_key":"reusablesview.manageresources.NewResourceUnitsap.m.StandardListItem{\"title\":\"Gram\"}"}]}
COMMAND: GET /session/76d7290d120ab2421d75a09a4cbbcc0c/screenshot - {}
RESULT: {"script":"<script> [1562 bytes]","args":[{"selector":{"controlType":"sap.m.StandardListItem","viewName":"reusables.view.manageresources.NewResourceUnit","viewId":"application-manageresources-display-component---newResourceUnit","properties":{"title":"Gram"},"searchOpenDialogs":true,"interaction":{"idSuffix":"content"}},"wdio_ui5_key":"reusablesview.manageresources.NewResourceUnitsap.m.StandardListItem{\"title\":\"Gram\"}"}]}
RESULT: undefined
COMMAND: POST /session/76d7290d120ab2421d75a09a4cbbcc0c/element - {"using":"xpath","value":"//*[@id=\"__item1392\"]"}
RESULT: {}
RESULT: {"using":"xpath","value":"//*[@id=\"__item1392\"]"}
COMMAND: POST /session/76d7290d120ab2421d75a09a4cbbcc0c/element/f.593288CD5F674EF5C803DB8E0F1C2C84.d.0FD4A563CB1F4222AE78EEED666D05B4.e.3015/click - {}
RESULT: {}
COMMAND: POST /session/76d7290d120ab2421d75a09a4cbbcc0c/execute/async - {"script":"<script> [1562 bytes]","args":[{"selector":{"id":"application-manageresources-display-component---newResourceUnit--newRRUPage-OPHeaderContent-collapseBtn-img"},"wdio_ui5_key":"applicationmanageresources-display-component---newResourceUnit--newRRUPage-OPHeaderContent-collapseBtn-img"}]}
COMMAND: GET /session/76d7290d120ab2421d75a09a4cbbcc0c/screenshot - {}
RESULT: {"script":"<script> [1562 bytes]","args":[{"selector":{"id":"application-manageresources-display-component---newResourceUnit--newRRUPage-OPHeaderContent-collapseBtn-img"},"wdio_ui5_key":"applicationmanageresources-display-component---newResourceUnit--newRRUPage-OPHeaderContent-collapseBtn-img"}]}
RESULT: undefined
COMMAND: POST /session/76d7290d120ab2421d75a09a4cbbcc0c/element - {"using":"xpath","value":"//*[@id=\"application-manageresources-display-component---newResourceUnit--newRRUPage-OPHeaderContent-collapseBtn-img\"]"}
RESULT: {}
RESULT: {"using":"xpath","value":"//*[@id=\"application-manageresources-display-component---newResourceUnit--newRRUPage-OPHeaderContent-collapseBtn-img\"]"}
COMMAND: POST /session/76d7290d120ab2421d75a09a4cbbcc0c/element/f.593288CD5F674EF5C803DB8E0F1C2C84.d.0FD4A563CB1F4222AE78EEED666D05B4.e.2961/click - {}
RESULT: {}
COMMAND: GET /session/76d7290d120ab2421d75a09a4cbbcc0c/screenshot - {}
RESULT: {}
COMMAND: POST /session/76d7290d120ab2421d75a09a4cbbcc0c/element - {"using":"xpath","value":"(//span[contains(@id ,\"application-manageresources-display-component---newResourceUnit--DIMENSION_UNIT-arrow\")])[1]"}
RESULT: {"using":"xpath","value":"(//span[contains(@id ,\"application-manageresources-display-component---newResourceUnit--DIMENSION_UNIT-arrow\")])[1]"}
COMMAND: POST /session/76d7290d120ab2421d75a09a4cbbcc0c/element/f.593288CD5F674EF5C803DB8E0F1C2C84.d.0FD4A563CB1F4222AE78EEED666D05B4.e.3022/click - {}
RESULT: {}
COMMAND: GET /session/76d7290d120ab2421d75a09a4cbbcc0c/screenshot - {}
RESULT: {}
COMMAND: POST /session/76d7290d120ab2421d75a09a4cbbcc0c/execute/async - {"script":"<script> [1562 bytes]","args":[{"selector":{"controlType":"sap.m.StandardListItem","viewName":"reusables.view.manageresources.NewResourceUnit","viewId":"application-manageresources-display-component---newResourceUnit","properties":{"title":"Centimeter"},"searchOpenDialogs":true,"interaction":{"idSuffix":"titleText"}},"wdio_ui5_key":"reusablesview.manageresources.NewResourceUnitsap.m.StandardListItem{\"title\":\"Centimeter\"}"}]}
RESULT: {"script":"<script> [1562 bytes]","args":[{"selector":{"controlType":"sap.m.StandardListItem","viewName":"reusables.view.manageresources.NewResourceUnit","viewId":"application-manageresources-display-component---newResourceUnit","properties":{"title":"Centimeter"},"searchOpenDialogs":true,"interaction":{"idSuffix":"titleText"}},"wdio_ui5_key":"reusablesview.manageresources.NewResourceUnitsap.m.StandardListItem{\"title\":\"Centimeter\"}"}]}
RESULT: undefined
COMMAND: POST /session/76d7290d120ab2421d75a09a4cbbcc0c/element - {"using":"xpath","value":"//*[@id=\"__item1395\"]"}
RESULT: {"using":"xpath","value":"//*[@id=\"__item1395\"]"}
COMMAND: POST /session/76d7290d120ab2421d75a09a4cbbcc0c/element/f.593288CD5F674EF5C803DB8E0F1C2C84.d.0FD4A563CB1F4222AE78EEED666D05B4.e.3024/click - {}
RESULT: {}
COMMAND: POST /session/76d7290d120ab2421d75a09a4cbbcc0c/execute/async - {"script":"<script> [1562 bytes]","args":[{"selector":{"id":"application-manageresources-display-component---newResourceUnit--newRRUPage-anchBar-application-manageresources-display-component---newResourceUnit--reference-anchor","interaction":{"idSuffix":"BDI-content"}},"wdio_ui5_key":"applicationmanageresources-display-component---newResourceUnit--newRRUPage-anchBar-application-manageresources-display-component---newResourceUnit--reference-anchor"}]}
COMMAND: GET /session/76d7290d120ab2421d75a09a4cbbcc0c/screenshot - {}
RESULT: {"script":"<script> [1562 bytes]","args":[{"selector":{"id":"application-manageresources-display-component---newResourceUnit--newRRUPage-anchBar-application-manageresources-display-component---newResourceUnit--reference-anchor","interaction":{"idSuffix":"BDI-content"}},"wdio_ui5_key":"applicationmanageresources-display-component---newResourceUnit--newRRUPage-anchBar-application-manageresources-display-component---newResourceUnit--reference-anchor"}]}
RESULT: undefined
COMMAND: POST /session/76d7290d120ab2421d75a09a4cbbcc0c/element - {"using":"xpath","value":"//*[@id=\"application-manageresources-display-component---newResourceUnit--newRRUPage-anchBar-application-manageresources-display-component---newResourceUnit--reference-anchor\"]"}
RESULT: {}
RESULT: {"using":"xpath","value":"//*[@id=\"application-manageresources-display-component---newResourceUnit--newRRUPage-anchBar-application-manageresources-display-component---newResourceUnit--reference-anchor\"]"}
COMMAND: POST /session/76d7290d120ab2421d75a09a4cbbcc0c/element/f.593288CD5F674EF5C803DB8E0F1C2C84.d.0FD4A563CB1F4222AE78EEED666D05B4.e.3026/click - {}
RESULT: {}
COMMAND: POST /session/76d7290d120ab2421d75a09a4cbbcc0c/execute/async - {"script":"<script> [1562 bytes]","args":[{"selector":{"id":"application-manageresources-display-component---newResourceUnit--PLANNING_GROUP-arrow"},"wdio_ui5_key":"applicationmanageresources-display-component---newResourceUnit--PLANNING_GROUP-arrow"}]}
COMMAND: GET /session/76d7290d120ab2421d75a09a4cbbcc0c/screenshot - {}
RESULT: {"script":"<script> [1562 bytes]","args":[{"selector":{"id":"application-manageresources-display-component---newResourceUnit--PLANNING_GROUP-arrow"},"wdio_ui5_key":"applicationmanageresources-display-component---newResourceUnit--PLANNING_GROUP-arrow"}]}
RESULT: undefined
COMMAND: POST /session/76d7290d120ab2421d75a09a4cbbcc0c/element - {"using":"xpath","value":"//*[@id=\"application-manageresources-display-component---newResourceUnit--PLANNING_GROUP-arrow\"]"}
RESULT: {}
RESULT: {"using":"xpath","value":"//*[@id=\"application-manageresources-display-component---newResourceUnit--PLANNING_GROUP-arrow\"]"}
COMMAND: POST /session/76d7290d120ab2421d75a09a4cbbcc0c/element/f.593288CD5F674EF5C803DB8E0F1C2C84.d.0FD4A563CB1F4222AE78EEED666D05B4.e.3030/click - {}
RESULT: {}
COMMAND: POST /session/76d7290d120ab2421d75a09a4cbbcc0c/execute/async - {"script":"<script> [1562 bytes]","args":[{"selector":{"controlType":"sap.m.StandardListItem","viewName":"reusables.view.manageresources.NewResourceUnit","viewId":"application-manageresources-display-component---newResourceUnit","properties":{"title":"Heavy Equi"},"searchOpenDialogs":true,"interaction":{"idSuffix":"content"}},"wdio_ui5_key":"reusablesview.manageresources.NewResourceUnitsap.m.StandardListItem{\"title\":\"Heavy Equi\"}"}]}
COMMAND: GET /session/76d7290d120ab2421d75a09a4cbbcc0c/screenshot - {}
RESULT: {"script":"<script> [1562 bytes]","args":[{"selector":{"controlType":"sap.m.StandardListItem","viewName":"reusables.view.manageresources.NewResourceUnit","viewId":"application-manageresources-display-component---newResourceUnit","properties":{"title":"Heavy Equi"},"searchOpenDialogs":true,"interaction":{"idSuffix":"content"}},"wdio_ui5_key":"reusablesview.manageresources.NewResourceUnitsap.m.StandardListItem{\"title\":\"Heavy Equi\"}"}]}
RESULT: undefined
COMMAND: POST /session/76d7290d120ab2421d75a09a4cbbcc0c/element - {"using":"xpath","value":"//*[@id=\"__item1403\"]"}
RESULT: {}
RESULT: {"using":"xpath","value":"//*[@id=\"__item1403\"]"}
COMMAND: POST /session/76d7290d120ab2421d75a09a4cbbcc0c/element/f.593288CD5F674EF5C803DB8E0F1C2C84.d.0FD4A563CB1F4222AE78EEED666D05B4.e.3032/click - {}
RESULT: {}
COMMAND: GET /session/76d7290d120ab2421d75a09a4cbbcc0c/screenshot - {}
RESULT: {}
COMMAND: POST /session/76d7290d120ab2421d75a09a4cbbcc0c/execute/async - {"script":"<script> [1562 bytes]","args":[{"selector":{"id":"application-manageresources-display-component---newResourceUnit--PLANNING_INDICATOR-arrow"},"wdio_ui5_key":"applicationmanageresources-display-component---newResourceUnit--PLANNING_INDICATOR-arrow"}]}
RESULT: {"script":"<script> [1562 bytes]","args":[{"selector":{"id":"application-manageresources-display-component---newResourceUnit--PLANNING_INDICATOR-arrow"},"wdio_ui5_key":"applicationmanageresources-display-component---newResourceUnit--PLANNING_INDICATOR-arrow"}]}
RESULT: undefined
COMMAND: POST /session/76d7290d120ab2421d75a09a4cbbcc0c/element - {"using":"xpath","value":"//*[@id=\"application-manageresources-display-component---newResourceUnit--PLANNING_INDICATOR-arrow\"]"}
RESULT: {"using":"xpath","value":"//*[@id=\"application-manageresources-display-component---newResourceUnit--PLANNING_INDICATOR-arrow\"]"}
COMMAND: POST /session/76d7290d120ab2421d75a09a4cbbcc0c/element/f.593288CD5F674EF5C803DB8E0F1C2C84.d.0FD4A563CB1F4222AE78EEED666D05B4.e.3033/click - {}
RESULT: {}
COMMAND: POST /session/76d7290d120ab2421d75a09a4cbbcc0c/execute/async - {"script":"<script> [1562 bytes]","args":[{"selector":{"controlType":"sap.m.StandardListItem","viewName":"reusables.view.manageresources.NewResourceUnit","viewId":"application-manageresources-display-component---newResourceUnit","properties":{"title":"10 - infinite"},"searchOpenDialogs":true,"interaction":{"idSuffix":"content"}},"wdio_ui5_key":"reusablesview.manageresources.NewResourceUnitsap.m.StandardListItem{\"title\":\"10 - infinite\"}"}]}
COMMAND: GET /session/76d7290d120ab2421d75a09a4cbbcc0c/screenshot - {}
RESULT: {"script":"<script> [1562 bytes]","args":[{"selector":{"controlType":"sap.m.StandardListItem","viewName":"reusables.view.manageresources.NewResourceUnit","viewId":"application-manageresources-display-component---newResourceUnit","properties":{"title":"10 - infinite"},"searchOpenDialogs":true,"interaction":{"idSuffix":"content"}},"wdio_ui5_key":"reusablesview.manageresources.NewResourceUnitsap.m.StandardListItem{\"title\":\"10 - infinite\"}"}]}
RESULT: undefined
COMMAND: POST /session/76d7290d120ab2421d75a09a4cbbcc0c/element - {"using":"xpath","value":"//*[@id=\"__item1413\"]"}
RESULT: {}
RESULT: {"using":"xpath","value":"//*[@id=\"__item1413\"]"}
COMMAND: POST /session/76d7290d120ab2421d75a09a4cbbcc0c/element/f.593288CD5F674EF5C803DB8E0F1C2C84.d.0FD4A563CB1F4222AE78EEED666D05B4.e.3035/click - {}
RESULT: {}
COMMAND: GET /session/76d7290d120ab2421d75a09a4cbbcc0c/screenshot - {}
RESULT: {}
COMMAND: POST /session/76d7290d120ab2421d75a09a4cbbcc0c/element - {"using":"xpath","value":"//bdi[contains(text(), \"Time Segment\")]"}
RESULT: {"using":"xpath","value":"//bdi[contains(text(), \"Time Segment\")]"}
COMMAND: GET /session/76d7290d120ab2421d75a09a4cbbcc0c/element/f.593288CD5F674EF5C803DB8E0F1C2C84.d.0FD4A563CB1F4222AE78EEED666D05B4.e.3036/rect - {}
RESULT: {}
COMMAND: GET /session/76d7290d120ab2421d75a09a4cbbcc0c/window/rect - {}
RESULT: {}
COMMAND: POST /session/76d7290d120ab2421d75a09a4cbbcc0c/execute/sync - {"script":"<script> [92 bytes]","args":[]}
RESULT: {"script":"<script> [92 bytes]","args":[]}
COMMAND: POST /session/76d7290d120ab2421d75a09a4cbbcc0c/actions - {"actions":[{"id":"action5","type":"wheel","parameters":{},"actions":[{"type":"scroll","x":-1820,"y":-21,"deltaX":0,"deltaY":0,"duration":0,"origin":{"element-6066-11e4-a52e-4f735466cecf":"f.593288CD5F674EF5C803DB8E0F1C2C84.d.0FD4A563CB1F4222AE78EEED666D05B4.e.3036"}}]}]}
COMMAND: GET /session/76d7290d120ab2421d75a09a4cbbcc0c/screenshot - {}
RESULT: {}
COMMAND: POST /session/76d7290d120ab2421d75a09a4cbbcc0c/execute/sync - {"script":"<script> [79 bytes]","args":[{"element-6066-11e4-a52e-4f735466cecf":"f.593288CD5F674EF5C803DB8E0F1C2C84.d.0FD4A563CB1F4222AE78EEED666D05B4.e.3036","ELEMENT":"f.593288CD5F674EF5C803DB8E0F1C2C84.d.0FD4A563CB1F4222AE78EEED666D05B4.e.3036"},{"block":"start","inline":"nearest"}]}
RESULT: {"script":"<script> [79 bytes]","args":[{"element-6066-11e4-a52e-4f735466cecf":"f.593288CD5F674EF5C803DB8E0F1C2C84.d.0FD4A563CB1F4222AE78EEED666D05B4.e.3036","ELEMENT":"f.593288CD5F674EF5C803DB8E0F1C2C84.d.0FD4A563CB1F4222AE78EEED666D05B4.e.3036"},{"block":"start","inline":"nearest"}]}
COMMAND: GET /session/76d7290d120ab2421d75a09a4cbbcc0c/screenshot - {}
RESULT: {}
COMMAND: POST /session/76d7290d120ab2421d75a09a4cbbcc0c/element - {"using":"xpath","value":"//span[@id=\"application-manageresources-display-component---newResourceUnit--btnAddTimeSegment-img\"]"}
RESULT: {"using":"xpath","value":"//span[@id=\"application-manageresources-display-component---newResourceUnit--btnAddTimeSegment-img\"]"}
COMMAND: POST /session/76d7290d120ab2421d75a09a4cbbcc0c/execute/sync - {"script":"<script> [8489 bytes]","args":[{"element-6066-11e4-a52e-4f735466cecf":"f.593288CD5F674EF5C803DB8E0F1C2C84.d.0FD4A563CB1F4222AE78EEED666D05B4.e.3039","ELEMENT":"f.593288CD5F674EF5C803DB8E0F1C2C84.d.0FD4A563CB1F4222AE78EEED666D05B4.e.3039"}]}
RESULT: {"script":"<script> [8489 bytes]","args":[{"element-6066-11e4-a52e-4f735466cecf":"f.593288CD5F674EF5C803DB8E0F1C2C84.d.0FD4A563CB1F4222AE78EEED666D05B4.e.3039","ELEMENT":"f.593288CD5F674EF5C803DB8E0F1C2C84.d.0FD4A563CB1F4222AE78EEED666D05B4.e.3039"}]}
COMMAND: POST /session/76d7290d120ab2421d75a09a4cbbcc0c/element/f.593288CD5F674EF5C803DB8E0F1C2C84.d.0FD4A563CB1F4222AE78EEED666D05B4.e.3039/click - {}
COMMAND: GET /session/76d7290d120ab2421d75a09a4cbbcc0c/screenshot - {}
RESULT: {}
COMMAND: GET /session/76d7290d120ab2421d75a09a4cbbcc0c/screenshot - {}
RESULT: {}
RESULT: {}
COMMAND: POST /session/76d7290d120ab2421d75a09a4cbbcc0c/element - {"using":"xpath","value":"//input[@id=\"application-manageresources-display-component---newResourceUnit--idRuTSAdmin-application-manageresources-display-component---newResourceUnit--RUTimeSegment-0-inner\"]"}
RESULT: {"using":"xpath","value":"//input[@id=\"application-manageresources-display-component---newResourceUnit--idRuTSAdmin-application-manageresources-display-component---newResourceUnit--RUTimeSegment-0-inner\"]"}
COMMAND: POST /session/76d7290d120ab2421d75a09a4cbbcc0c/element/f.593288CD5F674EF5C803DB8E0F1C2C84.d.0FD4A563CB1F4222AE78EEED666D05B4.e.3042/clear - {}
RESULT: {}
COMMAND: POST /session/76d7290d120ab2421d75a09a4cbbcc0c/element/f.593288CD5F674EF5C803DB8E0F1C2C84.d.0FD4A563CB1F4222AE78EEED666D05B4.e.3042/value - {"text":"WebdriverYardyi38p"}
COMMAND: GET /session/76d7290d120ab2421d75a09a4cbbcc0c/screenshot - {}
RESULT: {"text":"WebdriverYardyi38p"}
COMMAND: GET /session/76d7290d120ab2421d75a09a4cbbcc0c/screenshot - {}
RESULT: {}
RESULT: {}
COMMAND: POST /session/76d7290d120ab2421d75a09a4cbbcc0c/actions - {"actions":[{"id":"action6","type":"key","parameters":{},"actions":[{"type":"keyDown","value":"î€‡"},{"type":"pause","duration":10},{"type":"keyUp","value":"î€‡"}]}]}
RESULT: {"actions":[{"id":"action6","type":"key","parameters":{},"actions":[{"type":"keyDown","value":"î€‡"},{"type":"pause","duration":10},{"type":"keyUp","value":"î€‡"}]}]}
COMMAND: GET /session/76d7290d120ab2421d75a09a4cbbcc0c/screenshot - {}
RESULT: {}
COMMAND: POST /session/76d7290d120ab2421d75a09a4cbbcc0c/execute/async - {"script":"<script> [1562 bytes]","args":[{"selector":{"controlType":"sap.m.Button","viewName":"reusables.view.manageresources.NewResourceUnit","viewId":"application-manageresources-display-component---newResourceUnit","i18NText":{"propertyName":"tooltip","key":"save"},"interaction":{"idSuffix":"BDI-content"}},"wdio_ui5_key":"reusablesview.manageresources.NewResourceUnitsap.m.Button{\"propertyName\":\"tooltip\",\"key\":\"save\"}"}]}
RESULT: {"script":"<script> [1562 bytes]","args":[{"selector":{"controlType":"sap.m.Button","viewName":"reusables.view.manageresources.NewResourceUnit","viewId":"application-manageresources-display-component---newResourceUnit","i18NText":{"propertyName":"tooltip","key":"save"},"interaction":{"idSuffix":"BDI-content"}},"wdio_ui5_key":"reusablesview.manageresources.NewResourceUnitsap.m.Button{\"propertyName\":\"tooltip\",\"key\":\"save\"}"}]}
RESULT: undefined
COMMAND: POST /session/76d7290d120ab2421d75a09a4cbbcc0c/element - {"using":"xpath","value":"//*[@id=\"application-manageresources-display-component---newResourceUnit--createRuButton\"]"}
RESULT: {"using":"xpath","value":"//*[@id=\"application-manageresources-display-component---newResourceUnit--createRuButton\"]"}
COMMAND: POST /session/76d7290d120ab2421d75a09a4cbbcc0c/element/f.593288CD5F674EF5C803DB8E0F1C2C84.d.0FD4A563CB1F4222AE78EEED666D05B4.e.2967/click - {}
RESULT: {}
COMMAND: GET /session/76d7290d120ab2421d75a09a4cbbcc0c/screenshot - {}
RESULT: {}
COMMAND: POST /session/76d7290d120ab2421d75a09a4cbbcc0c/execute/async - {"script":"<script> [1562 bytes]","args":[{"selector":{"controlType":"sap.m.Title","properties":{"text":"Success"},"searchOpenDialogs":true},"wdio_ui5_key":"sapm.Title{\"text\":\"Success\"}"}]}
RESULT: {"script":"<script> [1562 bytes]","args":[{"selector":{"controlType":"sap.m.Title","properties":{"text":"Success"},"searchOpenDialogs":true},"wdio_ui5_key":"sapm.Title{\"text\":\"Success\"}"}]}
RESULT: undefined
COMMAND: POST /session/76d7290d120ab2421d75a09a4cbbcc0c/execute/async - {"script":"<script> [6424 bytes]","args":[{"element-6066-11e4-a52e-4f735466cecf":"f.593288CD5F674EF5C803DB8E0F1C2C84.d.0FD4A563CB1F4222AE78EEED666D05B4.e.3056"},"getText",[]]}
RESULT: {"script":"<script> [6424 bytes]","args":[{"element-6066-11e4-a52e-4f735466cecf":"f.593288CD5F674EF5C803DB8E0F1C2C84.d.0FD4A563CB1F4222AE78EEED666D05B4.e.3056"},"getText",[]]}
COMMAND: POST /session/76d7290d120ab2421d75a09a4cbbcc0c/element - {"using":"xpath","value":"//*[contains(@id, '__text') and (contains(text(), 'successfully created') or contains(., 'successfully created'))]"}
RESULT: {"using":"xpath","value":"//*[contains(@id, '__text') and (contains(text(), 'successfully created') or contains(., 'successfully created'))]"}
COMMAND: GET /session/76d7290d120ab2421d75a09a4cbbcc0c/element/f.593288CD5F674EF5C803DB8E0F1C2C84.d.0FD4A563CB1F4222AE78EEED666D05B4.e.3055/text - {}
RESULT: {}
COMMAND: POST /session/76d7290d120ab2421d75a09a4cbbcc0c/execute/async - {"script":"<script> [1562 bytes]","args":[{"selector":{"controlType":"sap.m.Button","properties":{"text":"Close"},"searchOpenDialogs":true,"interaction":{"idSuffix":"BDI-content"}},"wdio_ui5_key":"sapm.Button{\"text\":\"Close\"}"}]}
RESULT: {"script":"<script> [1562 bytes]","args":[{"selector":{"controlType":"sap.m.Button","properties":{"text":"Close"},"searchOpenDialogs":true,"interaction":{"idSuffix":"BDI-content"}},"wdio_ui5_key":"sapm.Button{\"text\":\"Close\"}"}]}
RESULT: undefined
COMMAND: POST /session/76d7290d120ab2421d75a09a4cbbcc0c/element - {"using":"xpath","value":"//*[@id=\"__mbox-btn-0\"]"}
RESULT: {"using":"xpath","value":"//*[@id=\"__mbox-btn-0\"]"}
COMMAND: POST /session/76d7290d120ab2421d75a09a4cbbcc0c/element/f.593288CD5F674EF5C803DB8E0F1C2C84.d.0FD4A563CB1F4222AE78EEED666D05B4.e.3053/click - {}
RESULT: {}
COMMAND: GET /session/76d7290d120ab2421d75a09a4cbbcc0c/screenshot - {}
RESULT: {}
COMMAND: POST /session/76d7290d120ab2421d75a09a4cbbcc0c/execute/async - {"script":"<script> [1562 bytes]","args":[{"selector":{"controlType":"sap.ui.core.Icon","viewName":"etm.portal.ui.manageresources.view.Detail","viewId":"application-manageresources-display-component---detailRU","properties":{"src":{"regex":{"source":"overflow"}}}},"wdio_ui5_key":"etmportal.ui.manageresources.view.Detailsap.ui.core.Icon{\"src\":{\"regex\":{\"source\":\"overflow\"}}}"}]}
RESULT: {"script":"<script> [1562 bytes]","args":[{"selector":{"controlType":"sap.ui.core.Icon","viewName":"etm.portal.ui.manageresources.view.Detail","viewId":"application-manageresources-display-component---detailRU","properties":{"src":{"regex":{"source":"overflow"}}}},"wdio_ui5_key":"etmportal.ui.manageresources.view.Detailsap.ui.core.Icon{\"src\":{\"regex\":{\"source\":\"overflow\"}}}"}]}
RESULT: undefined
COMMAND: POST /session/76d7290d120ab2421d75a09a4cbbcc0c/element - {"using":"xpath","value":"//*[@id=\"__title36-_actionsToolbar-overflowButton-img\"]"}
RESULT: {"using":"xpath","value":"//*[@id=\"__title36-_actionsToolbar-overflowButton-img\"]"}
COMMAND: POST /session/76d7290d120ab2421d75a09a4cbbcc0c/element/f.593288CD5F674EF5C803DB8E0F1C2C84.d.0FD4A563CB1F4222AE78EEED666D05B4.e.3088/click - {}
RESULT: {}
COMMAND: POST /session/76d7290d120ab2421d75a09a4cbbcc0c/execute/async - {"script":"<script> [1562 bytes]","args":[{"selector":{"controlType":"sap.m.Button","viewName":"etm.portal.ui.manageresources.view.Detail","viewId":"application-manageresources-display-component---detailRU","i18NText":{"propertyName":"tooltip","key":"closeColumn"},"searchOpenDialogs":true,"interaction":{"idSuffix":"inner"}},"wdio_ui5_key":"etmportal.ui.manageresources.view.Detailsap.m.Button{\"propertyName\":\"tooltip\",\"key\":\"closeColumn\"}"}]}
COMMAND: GET /session/76d7290d120ab2421d75a09a4cbbcc0c/screenshot - {}
RESULT: {"script":"<script> [1562 bytes]","args":[{"selector":{"controlType":"sap.m.Button","viewName":"etm.portal.ui.manageresources.view.Detail","viewId":"application-manageresources-display-component---detailRU","i18NText":{"propertyName":"tooltip","key":"closeColumn"},"searchOpenDialogs":true,"interaction":{"idSuffix":"inner"}},"wdio_ui5_key":"etmportal.ui.manageresources.view.Detailsap.m.Button{\"propertyName\":\"tooltip\",\"key\":\"closeColumn\"}"}]}
RESULT: undefined
COMMAND: POST /session/76d7290d120ab2421d75a09a4cbbcc0c/element - {"using":"xpath","value":"//*[@id=\"__button147\"]"}
RESULT: {}
RESULT: {"using":"xpath","value":"//*[@id=\"__button147\"]"}
COMMAND: POST /session/76d7290d120ab2421d75a09a4cbbcc0c/element/f.593288CD5F674EF5C803DB8E0F1C2C84.d.0FD4A563CB1F4222AE78EEED666D05B4.e.3090/click - {}
RESULT: {}
COMMAND: GET /session/76d7290d120ab2421d75a09a4cbbcc0c/screenshot - {}
RESULT: {}
COMMAND: POST /session/76d7290d120ab2421d75a09a4cbbcc0c/refresh - {}
RESULT: {}
COMMAND: GET /session/76d7290d120ab2421d75a09a4cbbcc0c/screenshot - {}
RESULT: {}
COMMAND: POST /session/76d7290d120ab2421d75a09a4cbbcc0c/execute/async - {"script":"<script> [189 bytes]","args":[]}
RESULT: {"script":"<script> [189 bytes]","args":[]}
COMMAND: POST /session/76d7290d120ab2421d75a09a4cbbcc0c/execute/async - {"script":"<script> [123 bytes]","args":[]}
RESULT: {"script":"<script> [123 bytes]","args":[]}
COMMAND: POST /session/76d7290d120ab2421d75a09a4cbbcc0c/timeouts - {"script":"<number>"}
RESULT: {"script":"<number>"}
COMMAND: GET /session/76d7290d120ab2421d75a09a4cbbcc0c/timeouts - {}
RESULT: {}
RESULT: undefined
COMMAND: POST /session/76d7290d120ab2421d75a09a4cbbcc0c/execute/async - {"script":"<script> [2676 bytes]","args":[]}
RESULT: {"script":"<script> [2676 bytes]","args":[]}
COMMAND: POST /session/76d7290d120ab2421d75a09a4cbbcc0c/execute/async - {"script":"<script> [2342 bytes]","args":[{"protocol":"http","hostname":"0.0.0.0","path":"/","capabilities":{"browserName":"chrome","goog:chromeOptions":{"binary":"C:\\Program Files\\Google\\Chrome\\Application\\chrome.exe","args":["--start-maximized"]}},"logLevel":"warn","connectionRetryTimeout":120000,"connectionRetryCount":3,"logLevels":{},"enableDirectConnect":true,"strictSSL":true,"_":"65 more keys: [\"cacheDir\",\"port\",\"requestedCapabilities\",\"automationProtocol\",\"baseUrl\",\"waitforInterval\",\"waitforTimeout\",\"onReload\",\"beforeCommand\",\"afterCommand\",\"rootDir\",\"specs\",\"suites\",\"exclude\",\"groupLogsByTestSpec\",\"excludeDriverLogs\",\"bail\",\"framework\",\"reporters\",\"services\",\"maxInstances\",\"maxInstancesPerCapability\",\"injectGlobals\",\"filesToWatch\",\"execArgv\",\"runnerEnv\",\"runner\",\"shard\",\"specFileRetries\",\"specFileRetriesDelay\",\"specFileRetriesDeferred\",\"reporterSyncInterval\",\"reporterSyncTimeout\",\"cucumberFeaturesWithLineNumbers\",\"autoCompileOpts\",\"mochaOpts\",\"jasmineOpts\",\"cucumberOpts\",\"onPrepare\",\"onWorkerStart\",\"onWorkerEnd\",\"before\",\"beforeSession\",\"beforeSuite\",\"beforeHook\",\"beforeTest\",\"afterTest\",\"afterHook\",\"afterSuite\",\"afterSession\",\"after\",\"onComplete\",\"beforeAssertion\",\"afterAssertion\",\"beforeFeature\",\"beforeScenario\",\"beforeStep\",\"afterStep\",\"afterScenario\",\"afterFeature\",\"_\",\"suite\",\"$0\",\"ignoredWorkerServices\",\"wdi5\"]"}]}
RESULT: {"script":"<script> [2342 bytes]","args":[{"protocol":"http","hostname":"0.0.0.0","path":"/","capabilities":{"browserName":"chrome","goog:chromeOptions":{"binary":"C:\\Program Files\\Google\\Chrome\\Application\\chrome.exe","args":["--start-maximized"]}},"logLevel":"warn","connectionRetryTimeout":120000,"connectionRetryCount":3,"logLevels":{},"enableDirectConnect":true,"strictSSL":true,"_":"65 more keys: [\"cacheDir\",\"port\",\"requestedCapabilities\",\"automationProtocol\",\"baseUrl\",\"waitforInterval\",\"waitforTimeout\",\"onReload\",\"beforeCommand\",\"afterCommand\",\"rootDir\",\"specs\",\"suites\",\"exclude\",\"groupLogsByTestSpec\",\"excludeDriverLogs\",\"bail\",\"framework\",\"reporters\",\"services\",\"maxInstances\",\"maxInstancesPerCapability\",\"injectGlobals\",\"filesToWatch\",\"execArgv\",\"runnerEnv\",\"runner\",\"shard\",\"specFileRetries\",\"specFileRetriesDelay\",\"specFileRetriesDeferred\",\"reporterSyncInterval\",\"reporterSyncTimeout\",\"cucumberFeaturesWithLineNumbers\",\"autoCompileOpts\",\"mochaOpts\",\"jasmineOpts\",\"cucumberOpts\",\"onPrepare\",\"onWorkerStart\",\"onWorkerEnd\",\"before\",\"beforeSession\",\"beforeSuite\",\"beforeHook\",\"beforeTest\",\"afterTest\",\"afterHook\",\"afterSuite\",\"afterSession\",\"after\",\"onComplete\",\"beforeAssertion\",\"afterAssertion\",\"beforeFeature\",\"beforeScenario\",\"beforeStep\",\"afterStep\",\"afterScenario\",\"afterFeature\",\"_\",\"suite\",\"$0\",\"ignoredWorkerServices\",\"wdi5\"]"}]}
COMMAND: POST /session/76d7290d120ab2421d75a09a4cbbcc0c/execute/async - {"script":"<script> [21126 bytes]","args":[35000]}
RESULT: {"script":"<script> [21126 bytes]","args":[35000]}
COMMAND: POST /session/76d7290d120ab2421d75a09a4cbbcc0c/element - {"using":"css selector","value":"#shell-header-logo"}
RESULT: {"using":"css selector","value":"#shell-header-logo"}
COMMAND: POST /session/76d7290d120ab2421d75a09a4cbbcc0c/element/f.593288CD5F674EF5C803DB8E0F1C2C84.d.C3A9A6507183C74EE9D419E528FC0461.e.3181/click - {}
RESULT: {}
COMMAND: GET /session/76d7290d120ab2421d75a09a4cbbcc0c/screenshot - {}
RESULT: {}
COMMAND: POST /session/76d7290d120ab2421d75a09a4cbbcc0c/execute/async - {"script":"<script> [1562 bytes]","args":[{"selector":{"controlType":"sap.m.GenericTile","properties":{"header":"Manage Resources"}},"wdio_ui5_key":"sapm.GenericTile{\"header\":\"Manage Resources\"}"}]}
RESULT: {"script":"<script> [1562 bytes]","args":[{"selector":{"controlType":"sap.m.GenericTile","properties":{"header":"Manage Resources"}},"wdio_ui5_key":"sapm.GenericTile{\"header\":\"Manage Resources\"}"}]}
RESULT: undefined
COMMAND: POST /session/76d7290d120ab2421d75a09a4cbbcc0c/element - {"using":"xpath","value":"//*[@id=\"__tile39\"]"}
RESULT: {"using":"xpath","value":"//*[@id=\"__tile39\"]"}
COMMAND: POST /session/76d7290d120ab2421d75a09a4cbbcc0c/element/f.593288CD5F674EF5C803DB8E0F1C2C84.d.C3A9A6507183C74EE9D419E528FC0461.e.3225/click - {}
RESULT: {}
COMMAND: GET /session/76d7290d120ab2421d75a09a4cbbcc0c/screenshot - {}
RESULT: {}
COMMAND: POST /session/76d7290d120ab2421d75a09a4cbbcc0c/element - {"using":"xpath","value":"//button[@data-kt=\"addNewRUOverflowToolbarButton\"]"}
RESULT: {"using":"xpath","value":"//button[@data-kt=\"addNewRUOverflowToolbarButton\"]"}
COMMAND: POST /session/76d7290d120ab2421d75a09a4cbbcc0c/execute/sync - {"script":"<script> [8489 bytes]","args":[{"element-6066-11e4-a52e-4f735466cecf":"f.593288CD5F674EF5C803DB8E0F1C2C84.d.C3A9A6507183C74EE9D419E528FC0461.e.3279","ELEMENT":"f.593288CD5F674EF5C803DB8E0F1C2C84.d.C3A9A6507183C74EE9D419E528FC0461.e.3279"}]}
RESULT: {"script":"<script> [8489 bytes]","args":[{"element-6066-11e4-a52e-4f735466cecf":"f.593288CD5F674EF5C803DB8E0F1C2C84.d.C3A9A6507183C74EE9D419E528FC0461.e.3279","ELEMENT":"f.593288CD5F674EF5C803DB8E0F1C2C84.d.C3A9A6507183C74EE9D419E528FC0461.e.3279"}]}
COMMAND: POST /session/76d7290d120ab2421d75a09a4cbbcc0c/element/f.593288CD5F674EF5C803DB8E0F1C2C84.d.C3A9A6507183C74EE9D419E528FC0461.e.3279/click - {}
COMMAND: GET /session/76d7290d120ab2421d75a09a4cbbcc0c/screenshot - {}
RESULT: {}
COMMAND: GET /session/76d7290d120ab2421d75a09a4cbbcc0c/screenshot - {}
RESULT: {}
COMMAND: POST /session/76d7290d120ab2421d75a09a4cbbcc0c/execute/async - {"script":"<script> [1562 bytes]","args":[{"selector":{"id":"application-manageresources-display-component---newResourceUnit--TYPE-arrow"},"wdio_ui5_key":"applicationmanageresources-display-component---newResourceUnit--TYPE-arrow"}]}
RESULT: {}
RESULT: {"script":"<script> [1562 bytes]","args":[{"selector":{"id":"application-manageresources-display-component---newResourceUnit--TYPE-arrow"},"wdio_ui5_key":"applicationmanageresources-display-component---newResourceUnit--TYPE-arrow"}]}
RESULT: undefined
COMMAND: POST /session/76d7290d120ab2421d75a09a4cbbcc0c/element - {"using":"xpath","value":"//*[@id=\"application-manageresources-display-component---newResourceUnit--TYPE-arrow\"]"}
RESULT: {"using":"xpath","value":"//*[@id=\"application-manageresources-display-component---newResourceUnit--TYPE-arrow\"]"}
COMMAND: POST /session/76d7290d120ab2421d75a09a4cbbcc0c/element/f.593288CD5F674EF5C803DB8E0F1C2C84.d.C3A9A6507183C74EE9D419E528FC0461.e.3617/click - {}
RESULT: {}
COMMAND: POST /session/76d7290d120ab2421d75a09a4cbbcc0c/execute/async - {"script":"<script> [1562 bytes]","args":[{"selector":{"controlType":"sap.m.StandardListItem","viewName":"reusables.view.manageresources.NewResourceUnit","viewId":"application-manageresources-display-component---newResourceUnit","properties":{"title":"Equipment"},"searchOpenDialogs":true,"interaction":{"idSuffix":"content"}},"wdio_ui5_key":"reusablesview.manageresources.NewResourceUnitsap.m.StandardListItem{\"title\":\"Equipment\"}"}]}
COMMAND: GET /session/76d7290d120ab2421d75a09a4cbbcc0c/screenshot - {}
RESULT: {"script":"<script> [1562 bytes]","args":[{"selector":{"controlType":"sap.m.StandardListItem","viewName":"reusables.view.manageresources.NewResourceUnit","viewId":"application-manageresources-display-component---newResourceUnit","properties":{"title":"Equipment"},"searchOpenDialogs":true,"interaction":{"idSuffix":"content"}},"wdio_ui5_key":"reusablesview.manageresources.NewResourceUnitsap.m.StandardListItem{\"title\":\"Equipment\"}"}]}
RESULT: undefined
COMMAND: POST /session/76d7290d120ab2421d75a09a4cbbcc0c/element - {"using":"xpath","value":"//*[@id=\"__item181\"]"}
RESULT: {}
RESULT: {"using":"xpath","value":"//*[@id=\"__item181\"]"}
COMMAND: POST /session/76d7290d120ab2421d75a09a4cbbcc0c/element/f.593288CD5F674EF5C803DB8E0F1C2C84.d.C3A9A6507183C74EE9D419E528FC0461.e.3620/click - {}
RESULT: {}
COMMAND: POST /session/76d7290d120ab2421d75a09a4cbbcc0c/execute/async - {"script":"<script> [1562 bytes]","args":[{"selector":{"id":"application-manageresources-display-component---newResourceUnit--resourceId","interaction":{"idSuffix":"inner"}},"wdio_ui5_key":"applicationmanageresources-display-component---newResourceUnit--resourceId"}]}
COMMAND: GET /session/76d7290d120ab2421d75a09a4cbbcc0c/screenshot - {}
RESULT: {"script":"<script> [1562 bytes]","args":[{"selector":{"id":"application-manageresources-display-component---newResourceUnit--resourceId","interaction":{"idSuffix":"inner"}},"wdio_ui5_key":"applicationmanageresources-display-component---newResourceUnit--resourceId"}]}
RESULT: undefined
COMMAND: POST /session/76d7290d120ab2421d75a09a4cbbcc0c/execute/async - {"script":"<script> [776 bytes]","args":[{"enterText":"WdIOR2cEquipmomap","selector":{"id":"application-manageresources-display-component---newResourceUnit--resourceId","interaction":{"idSuffix":"inner"}},"clearTextFirst":true,"interactionType":"ENTER_TEXT"}]}
RESULT: {}
RESULT: {"script":"<script> [776 bytes]","args":[{"enterText":"WdIOR2cEquipmomap","selector":{"id":"application-manageresources-display-component---newResourceUnit--resourceId","interaction":{"idSuffix":"inner"}},"clearTextFirst":true,"interactionType":"ENTER_TEXT"}]}
COMMAND: POST /session/76d7290d120ab2421d75a09a4cbbcc0c/execute/async - {"script":"<script> [1562 bytes]","args":[{"selector":{"id":"application-manageresources-display-component---newResourceUnit--SHORT_TEXT","interaction":{"idSuffix":"inner"}},"wdio_ui5_key":"applicationmanageresources-display-component---newResourceUnit--SHORT_TEXT"}]}
RESULT: {"script":"<script> [1562 bytes]","args":[{"selector":{"id":"application-manageresources-display-component---newResourceUnit--SHORT_TEXT","interaction":{"idSuffix":"inner"}},"wdio_ui5_key":"applicationmanageresources-display-component---newResourceUnit--SHORT_TEXT"}]}
RESULT: undefined
COMMAND: POST /session/76d7290d120ab2421d75a09a4cbbcc0c/execute/async - {"script":"<script> [776 bytes]","args":[{"enterText":"WdIOR2cEquipmomap","selector":{"id":"application-manageresources-display-component---newResourceUnit--SHORT_TEXT","interaction":{"idSuffix":"inner"}},"clearTextFirst":true,"interactionType":"ENTER_TEXT"}]}
RESULT: {"script":"<script> [776 bytes]","args":[{"enterText":"WdIOR2cEquipmomap","selector":{"id":"application-manageresources-display-component---newResourceUnit--SHORT_TEXT","interaction":{"idSuffix":"inner"}},"clearTextFirst":true,"interactionType":"ENTER_TEXT"}]}
COMMAND: POST /session/76d7290d120ab2421d75a09a4cbbcc0c/execute/async - {"script":"<script> [1562 bytes]","args":[{"selector":{"id":"application-manageresources-display-component---newResourceUnit--BASE_UNIT_OF_MEASURE","interaction":{"idSuffix":"inner"}},"wdio_ui5_key":"applicationmanageresources-display-component---newResourceUnit--BASE_UNIT_OF_MEASURE"}]}
RESULT: {"script":"<script> [1562 bytes]","args":[{"selector":{"id":"application-manageresources-display-component---newResourceUnit--BASE_UNIT_OF_MEASURE","interaction":{"idSuffix":"inner"}},"wdio_ui5_key":"applicationmanageresources-display-component---newResourceUnit--BASE_UNIT_OF_MEASURE"}]}
RESULT: undefined
COMMAND: POST /session/76d7290d120ab2421d75a09a4cbbcc0c/execute/async - {"script":"<script> [776 bytes]","args":[{"enterText":"Piece","selector":{"id":"application-manageresources-display-component---newResourceUnit--BASE_UNIT_OF_MEASURE","interaction":{"idSuffix":"inner"}},"clearTextFirst":true,"interactionType":"ENTER_TEXT"}]}
RESULT: {"script":"<script> [776 bytes]","args":[{"enterText":"Piece","selector":{"id":"application-manageresources-display-component---newResourceUnit--BASE_UNIT_OF_MEASURE","interaction":{"idSuffix":"inner"}},"clearTextFirst":true,"interactionType":"ENTER_TEXT"}]}
COMMAND: POST /session/76d7290d120ab2421d75a09a4cbbcc0c/execute/async - {"script":"<script> [1562 bytes]","args":[{"selector":{"id":"application-manageresources-display-component---newResourceUnit--WEIGHT_UNIT","interaction":{"idSuffix":"inner"}},"wdio_ui5_key":"applicationmanageresources-display-component---newResourceUnit--WEIGHT_UNIT"}]}
RESULT: {"script":"<script> [1562 bytes]","args":[{"selector":{"id":"application-manageresources-display-component---newResourceUnit--WEIGHT_UNIT","interaction":{"idSuffix":"inner"}},"wdio_ui5_key":"applicationmanageresources-display-component---newResourceUnit--WEIGHT_UNIT"}]}
RESULT: undefined
COMMAND: POST /session/76d7290d120ab2421d75a09a4cbbcc0c/execute/async - {"script":"<script> [776 bytes]","args":[{"enterText":"Gram","selector":{"id":"application-manageresources-display-component---newResourceUnit--WEIGHT_UNIT","interaction":{"idSuffix":"inner"}},"clearTextFirst":true,"interactionType":"ENTER_TEXT"}]}
RESULT: {"script":"<script> [776 bytes]","args":[{"enterText":"Gram","selector":{"id":"application-manageresources-display-component---newResourceUnit--WEIGHT_UNIT","interaction":{"idSuffix":"inner"}},"clearTextFirst":true,"interactionType":"ENTER_TEXT"}]}
COMMAND: POST /session/76d7290d120ab2421d75a09a4cbbcc0c/execute/async - {"script":"<script> [1562 bytes]","args":[{"selector":{"id":"application-manageresources-display-component---newResourceUnit--newRRUPage-OPHeaderContent-collapseBtn-img"},"wdio_ui5_key":"applicationmanageresources-display-component---newResourceUnit--newRRUPage-OPHeaderContent-collapseBtn-img"}]}
RESULT: {"script":"<script> [1562 bytes]","args":[{"selector":{"id":"application-manageresources-display-component---newResourceUnit--newRRUPage-OPHeaderContent-collapseBtn-img"},"wdio_ui5_key":"applicationmanageresources-display-component---newResourceUnit--newRRUPage-OPHeaderContent-collapseBtn-img"}]}
RESULT: undefined
COMMAND: POST /session/76d7290d120ab2421d75a09a4cbbcc0c/element - {"using":"xpath","value":"//*[@id=\"application-manageresources-display-component---newResourceUnit--newRRUPage-OPHeaderContent-collapseBtn-img\"]"}
RESULT: {"using":"xpath","value":"//*[@id=\"application-manageresources-display-component---newResourceUnit--newRRUPage-OPHeaderContent-collapseBtn-img\"]"}
COMMAND: POST /session/76d7290d120ab2421d75a09a4cbbcc0c/element/f.593288CD5F674EF5C803DB8E0F1C2C84.d.C3A9A6507183C74EE9D419E528FC0461.e.3628/click - {}
RESULT: {}
COMMAND: GET /session/76d7290d120ab2421d75a09a4cbbcc0c/screenshot - {}
RESULT: {}
COMMAND: POST /session/76d7290d120ab2421d75a09a4cbbcc0c/element - {"using":"xpath","value":"(//span[contains(@id ,\"application-manageresources-display-component---newResourceUnit--DIMENSION_UNIT-arrow\")])[1]"}
RESULT: {"using":"xpath","value":"(//span[contains(@id ,\"application-manageresources-display-component---newResourceUnit--DIMENSION_UNIT-arrow\")])[1]"}
COMMAND: POST /session/76d7290d120ab2421d75a09a4cbbcc0c/element/f.593288CD5F674EF5C803DB8E0F1C2C84.d.C3A9A6507183C74EE9D419E528FC0461.e.3751/click - {}
RESULT: {}
COMMAND: GET /session/76d7290d120ab2421d75a09a4cbbcc0c/screenshot - {}
RESULT: {}
COMMAND: POST /session/76d7290d120ab2421d75a09a4cbbcc0c/execute/async - {"script":"<script> [1562 bytes]","args":[{"selector":{"controlType":"sap.m.StandardListItem","viewName":"reusables.view.manageresources.NewResourceUnit","viewId":"application-manageresources-display-component---newResourceUnit","properties":{"title":"Centimeter"},"searchOpenDialogs":true,"interaction":{"idSuffix":"titleText"}},"wdio_ui5_key":"reusablesview.manageresources.NewResourceUnitsap.m.StandardListItem{\"title\":\"Centimeter\"}"}]}
RESULT: {"script":"<script> [1562 bytes]","args":[{"selector":{"controlType":"sap.m.StandardListItem","viewName":"reusables.view.manageresources.NewResourceUnit","viewId":"application-manageresources-display-component---newResourceUnit","properties":{"title":"Centimeter"},"searchOpenDialogs":true,"interaction":{"idSuffix":"titleText"}},"wdio_ui5_key":"reusablesview.manageresources.NewResourceUnitsap.m.StandardListItem{\"title\":\"Centimeter\"}"}]}
RESULT: undefined
COMMAND: POST /session/76d7290d120ab2421d75a09a4cbbcc0c/element - {"using":"xpath","value":"//*[@id=\"__item224\"]"}
RESULT: {"using":"xpath","value":"//*[@id=\"__item224\"]"}
COMMAND: POST /session/76d7290d120ab2421d75a09a4cbbcc0c/element/f.593288CD5F674EF5C803DB8E0F1C2C84.d.C3A9A6507183C74EE9D419E528FC0461.e.3755/click - {}
RESULT: {}
COMMAND: GET /session/76d7290d120ab2421d75a09a4cbbcc0c/screenshot - {}
RESULT: {}
COMMAND: POST /session/76d7290d120ab2421d75a09a4cbbcc0c/execute/async - {"script":"<script> [1562 bytes]","args":[{"selector":{"id":"application-manageresources-display-component---newResourceUnit--newRRUPage-anchBar-application-manageresources-display-component---newResourceUnit--control-anchor","interaction":{"idSuffix":"BDI-content"}},"wdio_ui5_key":"applicationmanageresources-display-component---newResourceUnit--newRRUPage-anchBar-application-manageresources-display-component---newResourceUnit--control-anchor"}]}
RESULT: {"script":"<script> [1562 bytes]","args":[{"selector":{"id":"application-manageresources-display-component---newResourceUnit--newRRUPage-anchBar-application-manageresources-display-component---newResourceUnit--control-anchor","interaction":{"idSuffix":"BDI-content"}},"wdio_ui5_key":"applicationmanageresources-display-component---newResourceUnit--newRRUPage-anchBar-application-manageresources-display-component---newResourceUnit--control-anchor"}]}
RESULT: undefined
COMMAND: POST /session/76d7290d120ab2421d75a09a4cbbcc0c/element - {"using":"xpath","value":"//*[@id=\"application-manageresources-display-component---newResourceUnit--newRRUPage-anchBar-application-manageresources-display-component---newResourceUnit--control-anchor\"]"}
RESULT: {"using":"xpath","value":"//*[@id=\"application-manageresources-display-component---newResourceUnit--newRRUPage-anchBar-application-manageresources-display-component---newResourceUnit--control-anchor\"]"}
COMMAND: POST /session/76d7290d120ab2421d75a09a4cbbcc0c/element/f.593288CD5F674EF5C803DB8E0F1C2C84.d.C3A9A6507183C74EE9D419E528FC0461.e.3757/click - {}
RESULT: {}
COMMAND: POST /session/76d7290d120ab2421d75a09a4cbbcc0c/execute/async - {"script":"<script> [1562 bytes]","args":[{"selector":{"id":"application-manageresources-display-component---newResourceUnit--PLANNING_GROUP","interaction":{"idSuffix":"inner"}},"wdio_ui5_key":"applicationmanageresources-display-component---newResourceUnit--PLANNING_GROUP"}]}
COMMAND: GET /session/76d7290d120ab2421d75a09a4cbbcc0c/screenshot - {}
RESULT: {"script":"<script> [1562 bytes]","args":[{"selector":{"id":"application-manageresources-display-component---newResourceUnit--PLANNING_GROUP","interaction":{"idSuffix":"inner"}},"wdio_ui5_key":"applicationmanageresources-display-component---newResourceUnit--PLANNING_GROUP"}]}
RESULT: undefined
COMMAND: POST /session/76d7290d120ab2421d75a09a4cbbcc0c/execute/async - {"script":"<script> [776 bytes]","args":[{"enterText":"Heavy Equi","selector":{"id":"application-manageresources-display-component---newResourceUnit--PLANNING_GROUP","interaction":{"idSuffix":"inner"}},"clearTextFirst":true,"interactionType":"ENTER_TEXT"}]}
RESULT: {}
RESULT: {"script":"<script> [776 bytes]","args":[{"enterText":"Heavy Equi","selector":{"id":"application-manageresources-display-component---newResourceUnit--PLANNING_GROUP","interaction":{"idSuffix":"inner"}},"clearTextFirst":true,"interactionType":"ENTER_TEXT"}]}
COMMAND: POST /session/76d7290d120ab2421d75a09a4cbbcc0c/execute/async - {"script":"<script> [1562 bytes]","args":[{"selector":{"id":"application-manageresources-display-component---newResourceUnit--ITEM_TYPE-arrow"},"wdio_ui5_key":"applicationmanageresources-display-component---newResourceUnit--ITEM_TYPE-arrow"}]}
RESULT: {"script":"<script> [1562 bytes]","args":[{"selector":{"id":"application-manageresources-display-component---newResourceUnit--ITEM_TYPE-arrow"},"wdio_ui5_key":"applicationmanageresources-display-component---newResourceUnit--ITEM_TYPE-arrow"}]}
RESULT: undefined
COMMAND: POST /session/76d7290d120ab2421d75a09a4cbbcc0c/element - {"using":"xpath","value":"//*[@id=\"application-manageresources-display-component---newResourceUnit--ITEM_TYPE-arrow\"]"}
RESULT: {"using":"xpath","value":"//*[@id=\"application-manageresources-display-component---newResourceUnit--ITEM_TYPE-arrow\"]"}
COMMAND: POST /session/76d7290d120ab2421d75a09a4cbbcc0c/element/f.593288CD5F674EF5C803DB8E0F1C2C84.d.C3A9A6507183C74EE9D419E528FC0461.e.3762/click - {}
RESULT: {}
COMMAND: POST /session/76d7290d120ab2421d75a09a4cbbcc0c/execute/async - {"script":"<script> [1562 bytes]","args":[{"selector":{"controlType":"sap.m.StandardListItem","viewName":"reusables.view.manageresources.NewResourceUnit","viewId":"application-manageresources-display-component---newResourceUnit","properties":{"title":"Resource Unit"},"searchOpenDialogs":true,"interaction":{"idSuffix":"titleText"}},"wdio_ui5_key":"reusablesview.manageresources.NewResourceUnitsap.m.StandardListItem{\"title\":\"Resource Unit\"}"}]}
COMMAND: GET /session/76d7290d120ab2421d75a09a4cbbcc0c/screenshot - {}
RESULT: {"script":"<script> [1562 bytes]","args":[{"selector":{"controlType":"sap.m.StandardListItem","viewName":"reusables.view.manageresources.NewResourceUnit","viewId":"application-manageresources-display-component---newResourceUnit","properties":{"title":"Resource Unit"},"searchOpenDialogs":true,"interaction":{"idSuffix":"titleText"}},"wdio_ui5_key":"reusablesview.manageresources.NewResourceUnitsap.m.StandardListItem{\"title\":\"Resource Unit\"}"}]}
RESULT: undefined
COMMAND: POST /session/76d7290d120ab2421d75a09a4cbbcc0c/element - {"using":"xpath","value":"//*[@id=\"__item246\"]"}
RESULT: {}
RESULT: {"using":"xpath","value":"//*[@id=\"__item246\"]"}
COMMAND: POST /session/76d7290d120ab2421d75a09a4cbbcc0c/element/f.593288CD5F674EF5C803DB8E0F1C2C84.d.C3A9A6507183C74EE9D419E528FC0461.e.3764/click - {}
RESULT: {}
COMMAND: POST /session/76d7290d120ab2421d75a09a4cbbcc0c/element - {"using":"xpath","value":"//bdi[contains(text(), \"Time Segment\")]"}
COMMAND: GET /session/76d7290d120ab2421d75a09a4cbbcc0c/screenshot - {}
RESULT: {"using":"xpath","value":"//bdi[contains(text(), \"Time Segment\")]"}
COMMAND: GET /session/76d7290d120ab2421d75a09a4cbbcc0c/element/f.593288CD5F674EF5C803DB8E0F1C2C84.d.C3A9A6507183C74EE9D419E528FC0461.e.3765/rect - {}
RESULT: {}
RESULT: {}
COMMAND: GET /session/76d7290d120ab2421d75a09a4cbbcc0c/window/rect - {}
RESULT: {}
COMMAND: POST /session/76d7290d120ab2421d75a09a4cbbcc0c/execute/sync - {"script":"<script> [92 bytes]","args":[]}
RESULT: {"script":"<script> [92 bytes]","args":[]}
COMMAND: POST /session/76d7290d120ab2421d75a09a4cbbcc0c/actions - {"actions":[{"id":"action7","type":"wheel","parameters":{},"actions":[{"type":"scroll","x":-1820,"y":-21,"deltaX":0,"deltaY":0,"duration":0,"origin":{"element-6066-11e4-a52e-4f735466cecf":"f.593288CD5F674EF5C803DB8E0F1C2C84.d.C3A9A6507183C74EE9D419E528FC0461.e.3765"}}]}]}
COMMAND: GET /session/76d7290d120ab2421d75a09a4cbbcc0c/screenshot - {}
RESULT: {}
COMMAND: POST /session/76d7290d120ab2421d75a09a4cbbcc0c/execute/sync - {"script":"<script> [79 bytes]","args":[{"element-6066-11e4-a52e-4f735466cecf":"f.593288CD5F674EF5C803DB8E0F1C2C84.d.C3A9A6507183C74EE9D419E528FC0461.e.3765","ELEMENT":"f.593288CD5F674EF5C803DB8E0F1C2C84.d.C3A9A6507183C74EE9D419E528FC0461.e.3765"},{"block":"start","inline":"nearest"}]}
RESULT: {"script":"<script> [79 bytes]","args":[{"element-6066-11e4-a52e-4f735466cecf":"f.593288CD5F674EF5C803DB8E0F1C2C84.d.C3A9A6507183C74EE9D419E528FC0461.e.3765","ELEMENT":"f.593288CD5F674EF5C803DB8E0F1C2C84.d.C3A9A6507183C74EE9D419E528FC0461.e.3765"},{"block":"start","inline":"nearest"}]}
COMMAND: POST /session/76d7290d120ab2421d75a09a4cbbcc0c/execute/async - {"script":"<script> [1562 bytes]","args":[{"selector":{"id":"application-manageresources-display-component---newResourceUnit--btnAddTimeSegment-img"},"wdio_ui5_key":"applicationmanageresources-display-component---newResourceUnit--btnAddTimeSegment-img"}]}
COMMAND: GET /session/76d7290d120ab2421d75a09a4cbbcc0c/screenshot - {}
RESULT: {"script":"<script> [1562 bytes]","args":[{"selector":{"id":"application-manageresources-display-component---newResourceUnit--btnAddTimeSegment-img"},"wdio_ui5_key":"applicationmanageresources-display-component---newResourceUnit--btnAddTimeSegment-img"}]}
RESULT: undefined
COMMAND: POST /session/76d7290d120ab2421d75a09a4cbbcc0c/element - {"using":"xpath","value":"//*[@id=\"application-manageresources-display-component---newResourceUnit--btnAddTimeSegment-img\"]"}
RESULT: {}
RESULT: {"using":"xpath","value":"//*[@id=\"application-manageresources-display-component---newResourceUnit--btnAddTimeSegment-img\"]"}
COMMAND: POST /session/76d7290d120ab2421d75a09a4cbbcc0c/element/f.593288CD5F674EF5C803DB8E0F1C2C84.d.C3A9A6507183C74EE9D419E528FC0461.e.3768/click - {}
RESULT: {}
COMMAND: GET /session/76d7290d120ab2421d75a09a4cbbcc0c/screenshot - {}
COMMAND: POST /session/76d7290d120ab2421d75a09a4cbbcc0c/element - {"using":"xpath","value":"//input[@id=\"application-manageresources-display-component---newResourceUnit--idRuTSAdmin-application-manageresources-display-component---newResourceUnit--RUTimeSegment-0-inner\"]"}
RESULT: {}
RESULT: {"using":"xpath","value":"//input[@id=\"application-manageresources-display-component---newResourceUnit--idRuTSAdmin-application-manageresources-display-component---newResourceUnit--RUTimeSegment-0-inner\"]"}
COMMAND: POST /session/76d7290d120ab2421d75a09a4cbbcc0c/element/f.593288CD5F674EF5C803DB8E0F1C2C84.d.C3A9A6507183C74EE9D419E528FC0461.e.3772/clear - {}
RESULT: {}
COMMAND: POST /session/76d7290d120ab2421d75a09a4cbbcc0c/element/f.593288CD5F674EF5C803DB8E0F1C2C84.d.C3A9A6507183C74EE9D419E528FC0461.e.3772/value - {"text":"WebdriverYardyi38p"}
COMMAND: GET /session/76d7290d120ab2421d75a09a4cbbcc0c/screenshot - {}
RESULT: {"text":"WebdriverYardyi38p"}
COMMAND: GET /session/76d7290d120ab2421d75a09a4cbbcc0c/screenshot - {}
RESULT: {}
RESULT: {}
COMMAND: POST /session/76d7290d120ab2421d75a09a4cbbcc0c/actions - {"actions":[{"id":"action8","type":"key","parameters":{},"actions":[{"type":"keyDown","value":"î€‡"},{"type":"pause","duration":10},{"type":"keyUp","value":"î€‡"}]}]}
RESULT: {"actions":[{"id":"action8","type":"key","parameters":{},"actions":[{"type":"keyDown","value":"î€‡"},{"type":"pause","duration":10},{"type":"keyUp","value":"î€‡"}]}]}
COMMAND: POST /session/76d7290d120ab2421d75a09a4cbbcc0c/execute/async - {"script":"<script> [1562 bytes]","args":[{"selector":{"controlType":"sap.ui.core.Icon","viewName":"reusables.view.manageresources.NewResourceUnit","viewId":"application-manageresources-display-component---newResourceUnit","properties":{"src":{"regex":{"source":"slim\\-arrow\\-down"}}},"ancestor":{"controlType":"sap.m.ComboBox","viewName":"reusables.view.manageresources.NewResourceUnit","viewId":"application-manageresources-display-component---newResourceUnit","bindingPath":{"path":"/RESOURCE_UNIT_TIME_SEQUENCES/0","propertyPath":"COST_OBJECT_ADMIN_CST_TYPE","modelName":"oNewRruModel"}}},"wdio_ui5_key":"reusablesview.manageresources.NewResourceUnitsap.ui.core.Icon{\"src\":{\"regex\":{\"source\":\"slim\\\\-arrow\\\\-down\"}}}{\"controlType\":\"sap.m.ComboBox\",\"viewName\":\"reusables.view.manageresources.NewResourceUnit\",\"viewId\":\"application-manageresources-display-component---newResourceUnit\",\"bindingPath\":{\"path\":\"/RESOURCE_UNIT_TIME_SEQUENCES/0\",\"propertyPath\":\"COST_OBJECT_ADMIN_CST_TYPE\",\"modelName\":\"oNewRruModel\"}}"}]}
COMMAND: GET /session/76d7290d120ab2421d75a09a4cbbcc0c/screenshot - {}
RESULT: {"script":"<script> [1562 bytes]","args":[{"selector":{"controlType":"sap.ui.core.Icon","viewName":"reusables.view.manageresources.NewResourceUnit","viewId":"application-manageresources-display-component---newResourceUnit","properties":{"src":{"regex":{"source":"slim\\-arrow\\-down"}}},"ancestor":{"controlType":"sap.m.ComboBox","viewName":"reusables.view.manageresources.NewResourceUnit","viewId":"application-manageresources-display-component---newResourceUnit","bindingPath":{"path":"/RESOURCE_UNIT_TIME_SEQUENCES/0","propertyPath":"COST_OBJECT_ADMIN_CST_TYPE","modelName":"oNewRruModel"}}},"wdio_ui5_key":"reusablesview.manageresources.NewResourceUnitsap.ui.core.Icon{\"src\":{\"regex\":{\"source\":\"slim\\\\-arrow\\\\-down\"}}}{\"controlType\":\"sap.m.ComboBox\",\"viewName\":\"reusables.view.manageresources.NewResourceUnit\",\"viewId\":\"application-manageresources-display-component---newResourceUnit\",\"bindingPath\":{\"path\":\"/RESOURCE_UNIT_TIME_SEQUENCES/0\",\"propertyPath\":\"COST_OBJECT_ADMIN_CST_TYPE\",\"modelName\":\"oNewRruModel\"}}"}]}
RESULT: undefined
COMMAND: POST /session/76d7290d120ab2421d75a09a4cbbcc0c/element - {"using":"xpath","value":"//*[@id=\"__box7-application-manageresources-display-component---newResourceUnit--RUTimeSegment-0-arrow\"]"}
RESULT: {}
RESULT: {"using":"xpath","value":"//*[@id=\"__box7-application-manageresources-display-component---newResourceUnit--RUTimeSegment-0-arrow\"]"}
COMMAND: POST /session/76d7290d120ab2421d75a09a4cbbcc0c/element/f.593288CD5F674EF5C803DB8E0F1C2C84.d.C3A9A6507183C74EE9D419E528FC0461.e.3787/click - {}
RESULT: {}
COMMAND: POST /session/76d7290d120ab2421d75a09a4cbbcc0c/execute/async - {"script":"<script> [1562 bytes]","args":[{"selector":{"controlType":"sap.m.StandardListItem","viewName":"reusables.view.manageresources.NewResourceUnit","viewId":"application-manageresources-display-component---newResourceUnit","properties":{"title":"PM Order"},"searchOpenDialogs":true,"interaction":{"idSuffix":"titleText"}},"wdio_ui5_key":"reusablesview.manageresources.NewResourceUnitsap.m.StandardListItem{\"title\":\"PM Order\"}"}]}
COMMAND: GET /session/76d7290d120ab2421d75a09a4cbbcc0c/screenshot - {}
RESULT: {"script":"<script> [1562 bytes]","args":[{"selector":{"controlType":"sap.m.StandardListItem","viewName":"reusables.view.manageresources.NewResourceUnit","viewId":"application-manageresources-display-component---newResourceUnit","properties":{"title":"PM Order"},"searchOpenDialogs":true,"interaction":{"idSuffix":"titleText"}},"wdio_ui5_key":"reusablesview.manageresources.NewResourceUnitsap.m.StandardListItem{\"title\":\"PM Order\"}"}]}
RESULT: undefined
COMMAND: POST /session/76d7290d120ab2421d75a09a4cbbcc0c/element - {"using":"xpath","value":"//*[@id=\"__item1360\"]"}
RESULT: {}
RESULT: {"using":"xpath","value":"//*[@id=\"__item1360\"]"}
COMMAND: POST /session/76d7290d120ab2421d75a09a4cbbcc0c/element/f.593288CD5F674EF5C803DB8E0F1C2C84.d.C3A9A6507183C74EE9D419E528FC0461.e.3791/click - {}
RESULT: {}
COMMAND: GET /session/76d7290d120ab2421d75a09a4cbbcc0c/screenshot - {}
RESULT: {}
COMMAND: POST /session/76d7290d120ab2421d75a09a4cbbcc0c/element - {"using":"xpath","value":"(//input[contains(@id ,\"-application-manageresources-display-component---newResourceUnit--RUTimeSegment-0-inner\")])[8]"}
RESULT: {"using":"xpath","value":"(//input[contains(@id ,\"-application-manageresources-display-component---newResourceUnit--RUTimeSegment-0-inner\")])[8]"}
COMMAND: POST /session/76d7290d120ab2421d75a09a4cbbcc0c/element/f.593288CD5F674EF5C803DB8E0F1C2C84.d.C3A9A6507183C74EE9D419E528FC0461.e.3794/clear - {}
RESULT: {}
COMMAND: POST /session/76d7290d120ab2421d75a09a4cbbcc0c/element/f.593288CD5F674EF5C803DB8E0F1C2C84.d.C3A9A6507183C74EE9D419E528FC0461.e.3794/value - {"text":"4000360"}
COMMAND: GET /session/76d7290d120ab2421d75a09a4cbbcc0c/screenshot - {}
RESULT: {"text":"4000360"}
COMMAND: GET /session/76d7290d120ab2421d75a09a4cbbcc0c/screenshot - {}
RESULT: {}
RESULT: {}
COMMAND: POST /session/76d7290d120ab2421d75a09a4cbbcc0c/actions - {"actions":[{"id":"action9","type":"key","parameters":{},"actions":[{"type":"keyDown","value":"î€‡"},{"type":"pause","duration":10},{"type":"keyUp","value":"î€‡"}]}]}
RESULT: {"actions":[{"id":"action9","type":"key","parameters":{},"actions":[{"type":"keyDown","value":"î€‡"},{"type":"pause","duration":10},{"type":"keyUp","value":"î€‡"}]}]}
COMMAND: GET /session/76d7290d120ab2421d75a09a4cbbcc0c/screenshot - {}
RESULT: {}
COMMAND: POST /session/76d7290d120ab2421d75a09a4cbbcc0c/element - {"using":"xpath","value":"//input[contains(@id ,\"application-manageresources-display-component---newResourceUnit--newTimeSegmentFromDatePicker-application-manageresources-display-component---newResourceUnit--RUTimeSegment-0-inner\")]"}
RESULT: {"using":"xpath","value":"//input[contains(@id ,\"application-manageresources-display-component---newResourceUnit--newTimeSegmentFromDatePicker-application-manageresources-display-component---newResourceUnit--RUTimeSegment-0-inner\")]"}
COMMAND: POST /session/76d7290d120ab2421d75a09a4cbbcc0c/element/f.593288CD5F674EF5C803DB8E0F1C2C84.d.C3A9A6507183C74EE9D419E528FC0461.e.3779/clear - {}
RESULT: {}
COMMAND: POST /session/76d7290d120ab2421d75a09a4cbbcc0c/element/f.593288CD5F674EF5C803DB8E0F1C2C84.d.C3A9A6507183C74EE9D419E528FC0461.e.3779/clear - {}
COMMAND: GET /session/76d7290d120ab2421d75a09a4cbbcc0c/screenshot - {}
RESULT: {}
COMMAND: POST /session/76d7290d120ab2421d75a09a4cbbcc0c/element/f.593288CD5F674EF5C803DB8E0F1C2C84.d.C3A9A6507183C74EE9D419E528FC0461.e.3779/value - {"text":"06/08/24"}
COMMAND: GET /session/76d7290d120ab2421d75a09a4cbbcc0c/screenshot - {}
RESULT: {}
RESULT: {"text":"06/08/24"}
COMMAND: POST /session/76d7290d120ab2421d75a09a4cbbcc0c/execute/async - {"script":"<script> [1562 bytes]","args":[{"selector":{"id":"application-manageresources-display-component---newResourceUnit--newRRUPage-anchBar-application-manageresources-display-component---newResourceUnit--resource-anchor","interaction":{"idSuffix":"BDI-content"}},"wdio_ui5_key":"applicationmanageresources-display-component---newResourceUnit--newRRUPage-anchBar-application-manageresources-display-component---newResourceUnit--resource-anchor"}]}
COMMAND: GET /session/76d7290d120ab2421d75a09a4cbbcc0c/screenshot - {}
RESULT: {}
RESULT: {"script":"<script> [1562 bytes]","args":[{"selector":{"id":"application-manageresources-display-component---newResourceUnit--newRRUPage-anchBar-application-manageresources-display-component---newResourceUnit--resource-anchor","interaction":{"idSuffix":"BDI-content"}},"wdio_ui5_key":"applicationmanageresources-display-component---newResourceUnit--newRRUPage-anchBar-application-manageresources-display-component---newResourceUnit--resource-anchor"}]}
RESULT: undefined
COMMAND: POST /session/76d7290d120ab2421d75a09a4cbbcc0c/element - {"using":"xpath","value":"//*[@id=\"application-manageresources-display-component---newResourceUnit--newRRUPage-anchBar-application-manageresources-display-component---newResourceUnit--resource-anchor\"]"}
RESULT: {}
RESULT: {"using":"xpath","value":"//*[@id=\"application-manageresources-display-component---newResourceUnit--newRRUPage-anchBar-application-manageresources-display-component---newResourceUnit--resource-anchor\"]"}
COMMAND: POST /session/76d7290d120ab2421d75a09a4cbbcc0c/element/f.593288CD5F674EF5C803DB8E0F1C2C84.d.C3A9A6507183C74EE9D419E528FC0461.e.3815/click - {}
RESULT: {}
COMMAND: POST /session/76d7290d120ab2421d75a09a4cbbcc0c/execute/async - {"script":"<script> [1562 bytes]","args":[{"selector":{"id":"application-manageresources-display-component---newResourceUnit--PLANNED_DELIVERY_DATE","interaction":{"idSuffix":"inner"}},"wdio_ui5_key":"applicationmanageresources-display-component---newResourceUnit--PLANNED_DELIVERY_DATE"}]}
COMMAND: GET /session/76d7290d120ab2421d75a09a4cbbcc0c/screenshot - {}
RESULT: {"script":"<script> [1562 bytes]","args":[{"selector":{"id":"application-manageresources-display-component---newResourceUnit--PLANNED_DELIVERY_DATE","interaction":{"idSuffix":"inner"}},"wdio_ui5_key":"applicationmanageresources-display-component---newResourceUnit--PLANNED_DELIVERY_DATE"}]}
RESULT: undefined
COMMAND: POST /session/76d7290d120ab2421d75a09a4cbbcc0c/execute/async - {"script":"<script> [6424 bytes]","args":[{"element-6066-11e4-a52e-4f735466cecf":"f.593288CD5F674EF5C803DB8E0F1C2C84.d.C3A9A6507183C74EE9D419E528FC0461.e.3674"},"setValue",["06/08/24"]]}
RESULT: {}
RESULT: {"script":"<script> [6424 bytes]","args":[{"element-6066-11e4-a52e-4f735466cecf":"f.593288CD5F674EF5C803DB8E0F1C2C84.d.C3A9A6507183C74EE9D419E528FC0461.e.3674"},"setValue",["06/08/24"]]}
COMMAND: POST /session/76d7290d120ab2421d75a09a4cbbcc0c/execute/async - {"script":"<script> [1562 bytes]","args":[{"selector":{"id":"application-manageresources-display-component---newResourceUnit--RETIRE_PLANNED_DATE","interaction":{"idSuffix":"inner"}},"wdio_ui5_key":"applicationmanageresources-display-component---newResourceUnit--RETIRE_PLANNED_DATE"}]}
RESULT: {"script":"<script> [1562 bytes]","args":[{"selector":{"id":"application-manageresources-display-component---newResourceUnit--RETIRE_PLANNED_DATE","interaction":{"idSuffix":"inner"}},"wdio_ui5_key":"applicationmanageresources-display-component---newResourceUnit--RETIRE_PLANNED_DATE"}]}
RESULT: undefined
COMMAND: POST /session/76d7290d120ab2421d75a09a4cbbcc0c/execute/async - {"script":"<script> [776 bytes]","args":[{"enterText":"3/14/29","selector":{"id":"application-manageresources-display-component---newResourceUnit--RETIRE_PLANNED_DATE","interaction":{"idSuffix":"inner"}},"clearTextFirst":true,"interactionType":"ENTER_TEXT"}]}
RESULT: {"script":"<script> [776 bytes]","args":[{"enterText":"3/14/29","selector":{"id":"application-manageresources-display-component---newResourceUnit--RETIRE_PLANNED_DATE","interaction":{"idSuffix":"inner"}},"clearTextFirst":true,"interactionType":"ENTER_TEXT"}]}
COMMAND: POST /session/76d7290d120ab2421d75a09a4cbbcc0c/execute/async - {"script":"<script> [1562 bytes]","args":[{"selector":{"controlType":"sap.m.Button","viewName":"reusables.view.manageresources.NewResourceUnit","viewId":"application-manageresources-display-component---newResourceUnit","i18NText":{"propertyName":"tooltip","key":"save"},"interaction":{"idSuffix":"BDI-content"}},"wdio_ui5_key":"reusablesview.manageresources.NewResourceUnitsap.m.Button{\"propertyName\":\"tooltip\",\"key\":\"save\"}"}]}
RESULT: {"script":"<script> [1562 bytes]","args":[{"selector":{"controlType":"sap.m.Button","viewName":"reusables.view.manageresources.NewResourceUnit","viewId":"application-manageresources-display-component---newResourceUnit","i18NText":{"propertyName":"tooltip","key":"save"},"interaction":{"idSuffix":"BDI-content"}},"wdio_ui5_key":"reusablesview.manageresources.NewResourceUnitsap.m.Button{\"propertyName\":\"tooltip\",\"key\":\"save\"}"}]}
RESULT: undefined
COMMAND: POST /session/76d7290d120ab2421d75a09a4cbbcc0c/element - {"using":"xpath","value":"//*[@id=\"application-manageresources-display-component---newResourceUnit--createRuButton\"]"}
RESULT: {"using":"xpath","value":"//*[@id=\"application-manageresources-display-component---newResourceUnit--createRuButton\"]"}
COMMAND: POST /session/76d7290d120ab2421d75a09a4cbbcc0c/element/f.593288CD5F674EF5C803DB8E0F1C2C84.d.C3A9A6507183C74EE9D419E528FC0461.e.3634/click - {}
RESULT: {}
COMMAND: GET /session/76d7290d120ab2421d75a09a4cbbcc0c/screenshot - {}
RESULT: {}
COMMAND: POST /session/76d7290d120ab2421d75a09a4cbbcc0c/execute/async - {"script":"<script> [1562 bytes]","args":[{"selector":{"controlType":"sap.m.Button","properties":{"text":"Close"},"searchOpenDialogs":true,"interaction":{"idSuffix":"inner"}},"wdio_ui5_key":"sapm.Button{\"text\":\"Close\"}"}]}
RESULT: {"script":"<script> [1562 bytes]","args":[{"selector":{"controlType":"sap.m.Button","properties":{"text":"Close"},"searchOpenDialogs":true,"interaction":{"idSuffix":"inner"}},"wdio_ui5_key":"sapm.Button{\"text\":\"Close\"}"}]}
RESULT: undefined
COMMAND: POST /session/76d7290d120ab2421d75a09a4cbbcc0c/element - {"using":"xpath","value":"//*[@id=\"__mbox-btn-0\"]"}
RESULT: {"using":"xpath","value":"//*[@id=\"__mbox-btn-0\"]"}
COMMAND: POST /session/76d7290d120ab2421d75a09a4cbbcc0c/element/f.593288CD5F674EF5C803DB8E0F1C2C84.d.C3A9A6507183C74EE9D419E528FC0461.e.3823/click - {}
RESULT: {}
COMMAND: GET /session/76d7290d120ab2421d75a09a4cbbcc0c/screenshot - {}
RESULT: {}
COMMAND: POST /session/76d7290d120ab2421d75a09a4cbbcc0c/execute/async - {"script":"<script> [1562 bytes]","args":[{"selector":{"controlType":"sap.m.Text","viewName":"etm.portal.ui.manageresources.view.Detail","viewId":"application-manageresources-display-component---detailRU","bindingPath":{"propertyPath":"ID","modelName":"catalogModel"}},"wdio_ui5_key":"etmportal.ui.manageresources.view.Detailsap.m.Text{\"propertyPath\":\"ID\",\"modelName\":\"catalogModel\"}"}]}
RESULT: {"script":"<script> [1562 bytes]","args":[{"selector":{"controlType":"sap.m.Text","viewName":"etm.portal.ui.manageresources.view.Detail","viewId":"application-manageresources-display-component---detailRU","bindingPath":{"propertyPath":"ID","modelName":"catalogModel"}},"wdio_ui5_key":"etmportal.ui.manageresources.view.Detailsap.m.Text{\"propertyPath\":\"ID\",\"modelName\":\"catalogModel\"}"}]}
RESULT: undefined
COMMAND: POST /session/76d7290d120ab2421d75a09a4cbbcc0c/execute/async - {"script":"<script> [6424 bytes]","args":[{"element-6066-11e4-a52e-4f735466cecf":"f.593288CD5F674EF5C803DB8E0F1C2C84.d.C3A9A6507183C74EE9D419E528FC0461.e.3878"},"getText",[]]}
RESULT: {"script":"<script> [6424 bytes]","args":[{"element-6066-11e4-a52e-4f735466cecf":"f.593288CD5F674EF5C803DB8E0F1C2C84.d.C3A9A6507183C74EE9D419E528FC0461.e.3878"},"getText",[]]}
COMMAND: POST /session/76d7290d120ab2421d75a09a4cbbcc0c/element - {"using":"css selector","value":"#shell-header-logo"}
RESULT: {"using":"css selector","value":"#shell-header-logo"}
COMMAND: POST /session/76d7290d120ab2421d75a09a4cbbcc0c/element/f.593288CD5F674EF5C803DB8E0F1C2C84.d.C3A9A6507183C74EE9D419E528FC0461.e.3228/click - {}
RESULT: {}
COMMAND: GET /session/76d7290d120ab2421d75a09a4cbbcc0c/screenshot - {}
RESULT: {}
COMMAND: POST /session/76d7290d120ab2421d75a09a4cbbcc0c/execute/async - {"script":"<script> [1562 bytes]","args":[{"selector":{"controlType":"sap.m.GenericTile","properties":{"header":"Manage Catalogs"}},"wdio_ui5_key":"sapm.GenericTile{\"header\":\"Manage Catalogs\"}"}]}
RESULT: {"script":"<script> [1562 bytes]","args":[{"selector":{"controlType":"sap.m.GenericTile","properties":{"header":"Manage Catalogs"}},"wdio_ui5_key":"sapm.GenericTile{\"header\":\"Manage Catalogs\"}"}]}
RESULT: undefined
COMMAND: POST /session/76d7290d120ab2421d75a09a4cbbcc0c/element - {"using":"xpath","value":"//*[@id=\"__tile37\"]"}
RESULT: {"using":"xpath","value":"//*[@id=\"__tile37\"]"}
COMMAND: POST /session/76d7290d120ab2421d75a09a4cbbcc0c/element/f.593288CD5F674EF5C803DB8E0F1C2C84.d.C3A9A6507183C74EE9D419E528FC0461.e.3880/click - {}
RESULT: {}
COMMAND: GET /session/76d7290d120ab2421d75a09a4cbbcc0c/screenshot - {}
RESULT: {}
COMMAND: POST /session/76d7290d120ab2421d75a09a4cbbcc0c/execute/async - {"script":"<script> [1562 bytes]","args":[{"selector":{"controlType":"sap.m.Text","viewName":"etm.portal.ui.managecatalogs.view.MasterCatalogs","viewId":"application-managecatalogs-display-component---masterCatalogs","bindingPath":{"path":"/Catalogs('0D7502D073D53A0F1700BE067B89AFF9')","propertyPath":"DESCRIPTION","modelName":"catalogModel"}},"wdio_ui5_key":"etmportal.ui.managecatalogs.view.MasterCatalogssap.m.Text{\"path\":\"/Catalogs('0D7502D073D53A0F1700BE067B89AFF9')\",\"propertyPath\":\"DESCRIPTION\",\"modelName\":\"catalogModel\"}"}]}
RESULT: {"script":"<script> [1562 bytes]","args":[{"selector":{"controlType":"sap.m.Text","viewName":"etm.portal.ui.managecatalogs.view.MasterCatalogs","viewId":"application-managecatalogs-display-component---masterCatalogs","bindingPath":{"path":"/Catalogs('0D7502D073D53A0F1700BE067B89AFF9')","propertyPath":"DESCRIPTION","modelName":"catalogModel"}},"wdio_ui5_key":"etmportal.ui.managecatalogs.view.MasterCatalogssap.m.Text{\"path\":\"/Catalogs('0D7502D073D53A0F1700BE067B89AFF9')\",\"propertyPath\":\"DESCRIPTION\",\"modelName\":\"catalogModel\"}"}]}
RESULT: undefined
COMMAND: POST /session/76d7290d120ab2421d75a09a4cbbcc0c/element - {"using":"xpath","value":"//*[@id=\"__text939-application-managecatalogs-display-component---masterCatalogs--CatalogsTable-11\"]"}
RESULT: {"using":"xpath","value":"//*[@id=\"__text939-application-managecatalogs-display-component---masterCatalogs--CatalogsTable-11\"]"}
COMMAND: POST /session/76d7290d120ab2421d75a09a4cbbcc0c/element/f.593288CD5F674EF5C803DB8E0F1C2C84.d.C3A9A6507183C74EE9D419E528FC0461.e.3949/click - {}
RESULT: {}
COMMAND: POST /session/76d7290d120ab2421d75a09a4cbbcc0c/execute/async - {"script":"<script> [1562 bytes]","args":[{"selector":{"controlType":"sap.ui.layout.HorizontalLayout","viewName":"etm.portal.ui.managecatalogs.view.MasterItems","viewId":"application-managecatalogs-display-component---masterCatalogItems","ancestor":{"id":"application-managecatalogs-display-component---masterCatalogItems--idCatalogItemsTree-rows-row0"}},"wdio_ui5_key":"etmportal.ui.managecatalogs.view.MasterItemssap.ui.layout.HorizontalLayout{\"id\":\"application-managecatalogs-display-component---masterCatalogItems--idCatalogItemsTree-rows-row0\"}"}]}
COMMAND: GET /session/76d7290d120ab2421d75a09a4cbbcc0c/screenshot - {}
RESULT: {"script":"<script> [1562 bytes]","args":[{"selector":{"controlType":"sap.ui.layout.HorizontalLayout","viewName":"etm.portal.ui.managecatalogs.view.MasterItems","viewId":"application-managecatalogs-display-component---masterCatalogItems","ancestor":{"id":"application-managecatalogs-display-component---masterCatalogItems--idCatalogItemsTree-rows-row0"}},"wdio_ui5_key":"etmportal.ui.managecatalogs.view.MasterItemssap.ui.layout.HorizontalLayout{\"id\":\"application-managecatalogs-display-component---masterCatalogItems--idCatalogItemsTree-rows-row0\"}"}]}
RESULT: undefined
COMMAND: POST /session/76d7290d120ab2421d75a09a4cbbcc0c/element - {"using":"xpath","value":"//*[@id=\"__layout280-__clone3982\"]"}
RESULT: {}
RESULT: {"using":"xpath","value":"//*[@id=\"__layout280-__clone3982\"]"}
COMMAND: POST /session/76d7290d120ab2421d75a09a4cbbcc0c/element/f.593288CD5F674EF5C803DB8E0F1C2C84.d.C3A9A6507183C74EE9D419E528FC0461.e.3984/click - {}
RESULT: {}
COMMAND: GET /session/76d7290d120ab2421d75a09a4cbbcc0c/screenshot - {}
COMMAND: POST /session/76d7290d120ab2421d75a09a4cbbcc0c/execute/async - {"script":"<script> [1562 bytes]","args":[{"selector":{"controlType":"sap.m.Button","viewName":"etm.portal.ui.managecatalogs.view.Detail","viewId":"application-managecatalogs-display-component---detailCatalog","i18NText":{"propertyName":"text","key":"edit"},"interaction":{"idSuffix":"BDI-content"}},"wdio_ui5_key":"etmportal.ui.managecatalogs.view.Detailsap.m.Button{\"propertyName\":\"text\",\"key\":\"edit\"}"}]}
RESULT: {}
RESULT: {"script":"<script> [1562 bytes]","args":[{"selector":{"controlType":"sap.m.Button","viewName":"etm.portal.ui.managecatalogs.view.Detail","viewId":"application-managecatalogs-display-component---detailCatalog","i18NText":{"propertyName":"text","key":"edit"},"interaction":{"idSuffix":"BDI-content"}},"wdio_ui5_key":"etmportal.ui.managecatalogs.view.Detailsap.m.Button{\"propertyName\":\"text\",\"key\":\"edit\"}"}]}
RESULT: undefined
COMMAND: POST /session/76d7290d120ab2421d75a09a4cbbcc0c/element - {"using":"xpath","value":"//*[@id=\"__button122\"]"}
RESULT: {"using":"xpath","value":"//*[@id=\"__button122\"]"}
COMMAND: POST /session/76d7290d120ab2421d75a09a4cbbcc0c/element/f.593288CD5F674EF5C803DB8E0F1C2C84.d.C3A9A6507183C74EE9D419E528FC0461.e.4098/click - {}
RESULT: {}
COMMAND: GET /session/76d7290d120ab2421d75a09a4cbbcc0c/screenshot - {}
RESULT: {}
COMMAND: POST /session/76d7290d120ab2421d75a09a4cbbcc0c/element - {"using":"xpath","value":"//bdi[contains(text(), \"Unlock\")]"}
RESULT: {"using":"xpath","value":"//bdi[contains(text(), \"Unlock\")]"}
COMMAND: POST /session/76d7290d120ab2421d75a09a4cbbcc0c/elements - {"using":"xpath","value":"//bdi[contains(text(), \"Unlock\")]"}
RESULT: {"using":"xpath","value":"//bdi[contains(text(), \"Unlock\")]"}
COMMAND: POST /session/76d7290d120ab2421d75a09a4cbbcc0c/execute/async - {"script":"<script> [1562 bytes]","args":[{"selector":{"controlType":"sap.ui.core.Icon","viewName":"etm.portal.ui.managecatalogs.view.Detail","viewId":"application-managecatalogs-display-component---detailCatalog","properties":{"src":{"regex":{"source":"add\\-folder"}}}},"wdio_ui5_key":"etmportal.ui.managecatalogs.view.Detailsap.ui.core.Icon{\"src\":{\"regex\":{\"source\":\"add\\\\-folder\"}}}"}]}
RESULT: {"script":"<script> [1562 bytes]","args":[{"selector":{"controlType":"sap.ui.core.Icon","viewName":"etm.portal.ui.managecatalogs.view.Detail","viewId":"application-managecatalogs-display-component---detailCatalog","properties":{"src":{"regex":{"source":"add\\-folder"}}}},"wdio_ui5_key":"etmportal.ui.managecatalogs.view.Detailsap.ui.core.Icon{\"src\":{\"regex\":{\"source\":\"add\\\\-folder\"}}}"}]}
RESULT: undefined
COMMAND: POST /session/76d7290d120ab2421d75a09a4cbbcc0c/element - {"using":"xpath","value":"//*[@id=\"__button130-img\"]"}
RESULT: {"using":"xpath","value":"//*[@id=\"__button130-img\"]"}
COMMAND: POST /session/76d7290d120ab2421d75a09a4cbbcc0c/element/f.593288CD5F674EF5C803DB8E0F1C2C84.d.C3A9A6507183C74EE9D419E528FC0461.e.4107/click - {}
RESULT: {}
COMMAND: GET /session/76d7290d120ab2421d75a09a4cbbcc0c/screenshot - {}
RESULT: {}
COMMAND: POST /session/76d7290d120ab2421d75a09a4cbbcc0c/execute/async - {"script":"<script> [1562 bytes]","args":[{"selector":{"id":"application-managecatalogs-display-component---detailCatalog--numberInput","searchOpenDialogs":true,"interaction":{"idSuffix":"inner"}},"wdio_ui5_key":"applicationmanagecatalogs-display-component---detailCatalog--numberInput"}]}
RESULT: {"script":"<script> [1562 bytes]","args":[{"selector":{"id":"application-managecatalogs-display-component---detailCatalog--numberInput","searchOpenDialogs":true,"interaction":{"idSuffix":"inner"}},"wdio_ui5_key":"applicationmanagecatalogs-display-component---detailCatalog--numberInput"}]}
RESULT: undefined
COMMAND: POST /session/76d7290d120ab2421d75a09a4cbbcc0c/execute/async - {"script":"<script> [776 bytes]","args":[{"enterText":"Sectionay05d","selector":{"id":"application-managecatalogs-display-component---detailCatalog--numberInput","searchOpenDialogs":true,"interaction":{"idSuffix":"inner"}},"clearTextFirst":true,"interactionType":"ENTER_TEXT"}]}
RESULT: {"script":"<script> [776 bytes]","args":[{"enterText":"Sectionay05d","selector":{"id":"application-managecatalogs-display-component---detailCatalog--numberInput","searchOpenDialogs":true,"interaction":{"idSuffix":"inner"}},"clearTextFirst":true,"interactionType":"ENTER_TEXT"}]}
COMMAND: POST /session/76d7290d120ab2421d75a09a4cbbcc0c/element - {"using":"css selector","value":"#application-managecatalogs-display-component---detailCatalog--nameInput-inner"}
RESULT: {"using":"css selector","value":"#application-managecatalogs-display-component---detailCatalog--nameInput-inner"}
COMMAND: POST /session/76d7290d120ab2421d75a09a4cbbcc0c/elements - {"using":"css selector","value":"#application-managecatalogs-display-component---detailCatalog--nameInput-inner"}
RESULT: {"using":"css selector","value":"#application-managecatalogs-display-component---detailCatalog--nameInput-inner"}
COMMAND: POST /session/76d7290d120ab2421d75a09a4cbbcc0c/element/f.593288CD5F674EF5C803DB8E0F1C2C84.d.C3A9A6507183C74EE9D419E528FC0461.e.4111/clear - {}
RESULT: {}
COMMAND: POST /session/76d7290d120ab2421d75a09a4cbbcc0c/element/f.593288CD5F674EF5C803DB8E0F1C2C84.d.C3A9A6507183C74EE9D419E528FC0461.e.4111/value - {"text":"Webdriversmbxv"}
COMMAND: GET /session/76d7290d120ab2421d75a09a4cbbcc0c/screenshot - {}
RESULT: {"text":"Webdriversmbxv"}
COMMAND: POST /session/76d7290d120ab2421d75a09a4cbbcc0c/execute/async - {"script":"<script> [1562 bytes]","args":[{"selector":{"controlType":"sap.m.Button","viewName":"etm.portal.ui.managecatalogs.view.Detail","viewId":"application-managecatalogs-display-component---detailCatalog","i18NText":{"propertyName":"text","key":"create"},"searchOpenDialogs":true,"interaction":{"idSuffix":"BDI-content"}},"wdio_ui5_key":"etmportal.ui.managecatalogs.view.Detailsap.m.Button{\"propertyName\":\"text\",\"key\":\"create\"}"}]}
COMMAND: GET /session/76d7290d120ab2421d75a09a4cbbcc0c/screenshot - {}
RESULT: {}
RESULT: {"script":"<script> [1562 bytes]","args":[{"selector":{"controlType":"sap.m.Button","viewName":"etm.portal.ui.managecatalogs.view.Detail","viewId":"application-managecatalogs-display-component---detailCatalog","i18NText":{"propertyName":"text","key":"create"},"searchOpenDialogs":true,"interaction":{"idSuffix":"BDI-content"}},"wdio_ui5_key":"etmportal.ui.managecatalogs.view.Detailsap.m.Button{\"propertyName\":\"text\",\"key\":\"create\"}"}]}
RESULT: undefined
COMMAND: POST /session/76d7290d120ab2421d75a09a4cbbcc0c/element - {"using":"xpath","value":"//*[@id=\"__button100\"]"}
RESULT: {}
RESULT: {"using":"xpath","value":"//*[@id=\"__button100\"]"}
COMMAND: POST /session/76d7290d120ab2421d75a09a4cbbcc0c/element/f.593288CD5F674EF5C803DB8E0F1C2C84.d.C3A9A6507183C74EE9D419E528FC0461.e.4116/click - {}
RESULT: {}
COMMAND: GET /session/76d7290d120ab2421d75a09a4cbbcc0c/screenshot - {}
RESULT: {}
COMMAND: POST /session/76d7290d120ab2421d75a09a4cbbcc0c/element - {"using":"xpath","value":"//button[@title=\"Save\"]"}
RESULT: {"using":"xpath","value":"//button[@title=\"Save\"]"}
COMMAND: POST /session/76d7290d120ab2421d75a09a4cbbcc0c/element/f.593288CD5F674EF5C803DB8E0F1C2C84.d.C3A9A6507183C74EE9D419E528FC0461.e.4117/click - {}
RESULT: {}
COMMAND: POST /session/76d7290d120ab2421d75a09a4cbbcc0c/execute/async - {"script":"<script> [1562 bytes]","args":[{"selector":{"controlType":"sap.ui.core.Icon","viewName":"etm.portal.ui.managecatalogs.view.Detail","viewId":"application-managecatalogs-display-component---detailCatalog","properties":{"src":{"regex":{"source":"decline"}}}},"wdio_ui5_key":"etmportal.ui.managecatalogs.view.Detailsap.ui.core.Icon{\"src\":{\"regex\":{\"source\":\"decline\"}}}"}]}
COMMAND: GET /session/76d7290d120ab2421d75a09a4cbbcc0c/screenshot - {}
RESULT: {"script":"<script> [1562 bytes]","args":[{"selector":{"controlType":"sap.ui.core.Icon","viewName":"etm.portal.ui.managecatalogs.view.Detail","viewId":"application-managecatalogs-display-component---detailCatalog","properties":{"src":{"regex":{"source":"decline"}}}},"wdio_ui5_key":"etmportal.ui.managecatalogs.view.Detailsap.ui.core.Icon{\"src\":{\"regex\":{\"source\":\"decline\"}}}"}]}
RESULT: undefined
COMMAND: POST /session/76d7290d120ab2421d75a09a4cbbcc0c/element - {"using":"xpath","value":"//*[@id=\"__button125-img\"]"}
RESULT: {}
RESULT: {"using":"xpath","value":"//*[@id=\"__button125-img\"]"}
COMMAND: POST /session/76d7290d120ab2421d75a09a4cbbcc0c/element/f.593288CD5F674EF5C803DB8E0F1C2C84.d.C3A9A6507183C74EE9D419E528FC0461.e.4123/click - {}
RESULT: {}
COMMAND: GET /session/76d7290d120ab2421d75a09a4cbbcc0c/screenshot - {}
RESULT: {}
COMMAND: POST /session/76d7290d120ab2421d75a09a4cbbcc0c/execute/async - {"script":"<script> [1562 bytes]","args":[{"selector":{"controlType":"sap.ui.core.Icon","viewName":"etm.portal.ui.managecatalogs.view.MasterItems","viewId":"application-managecatalogs-display-component---masterCatalogItems","properties":{"src":{"regex":{"source":"refresh"}}}},"wdio_ui5_key":"etmportal.ui.managecatalogs.view.MasterItemssap.ui.core.Icon{\"src\":{\"regex\":{\"source\":\"refresh\"}}}"}]}
RESULT: {"script":"<script> [1562 bytes]","args":[{"selector":{"controlType":"sap.ui.core.Icon","viewName":"etm.portal.ui.managecatalogs.view.MasterItems","viewId":"application-managecatalogs-display-component---masterCatalogItems","properties":{"src":{"regex":{"source":"refresh"}}}},"wdio_ui5_key":"etmportal.ui.managecatalogs.view.MasterItemssap.ui.core.Icon{\"src\":{\"regex\":{\"source\":\"refresh\"}}}"}]}
RESULT: undefined
COMMAND: POST /session/76d7290d120ab2421d75a09a4cbbcc0c/element - {"using":"xpath","value":"//*[@id=\"__button98-img\"]"}
RESULT: {"using":"xpath","value":"//*[@id=\"__button98-img\"]"}
COMMAND: POST /session/76d7290d120ab2421d75a09a4cbbcc0c/element/f.593288CD5F674EF5C803DB8E0F1C2C84.d.C3A9A6507183C74EE9D419E528FC0461.e.4159/click - {}
RESULT: {}
COMMAND: POST /session/76d7290d120ab2421d75a09a4cbbcc0c/execute/async - {"script":"<script> [1562 bytes]","args":[{"selector":{"id":"application-managecatalogs-display-component---masterCatalogItems--searchItemsField","interaction":{"idSuffix":"I"}},"wdio_ui5_key":"applicationmanagecatalogs-display-component---masterCatalogItems--searchItemsField"}]}
COMMAND: GET /session/76d7290d120ab2421d75a09a4cbbcc0c/screenshot - {}
RESULT: {"script":"<script> [1562 bytes]","args":[{"selector":{"id":"application-managecatalogs-display-component---masterCatalogItems--searchItemsField","interaction":{"idSuffix":"I"}},"wdio_ui5_key":"applicationmanagecatalogs-display-component---masterCatalogItems--searchItemsField"}]}
RESULT: undefined
COMMAND: POST /session/76d7290d120ab2421d75a09a4cbbcc0c/execute/async - {"script":"<script> [776 bytes]","args":[{"enterText":"Webdriversmbxv","selector":{"id":"application-managecatalogs-display-component---masterCatalogItems--searchItemsField","interaction":{"idSuffix":"I"}},"clearTextFirst":true,"interactionType":"ENTER_TEXT"}]}
RESULT: {}
RESULT: {"script":"<script> [776 bytes]","args":[{"enterText":"Webdriversmbxv","selector":{"id":"application-managecatalogs-display-component---masterCatalogItems--searchItemsField","interaction":{"idSuffix":"I"}},"clearTextFirst":true,"interactionType":"ENTER_TEXT"}]}
COMMAND: POST /session/76d7290d120ab2421d75a09a4cbbcc0c/actions - {"actions":[{"id":"action10","type":"key","parameters":{},"actions":[{"type":"keyDown","value":"î€‡"},{"type":"pause","duration":10},{"type":"keyUp","value":"î€‡"}]}]}
RESULT: {"actions":[{"id":"action10","type":"key","parameters":{},"actions":[{"type":"keyDown","value":"î€‡"},{"type":"pause","duration":10},{"type":"keyUp","value":"î€‡"}]}]}
COMMAND: POST /session/76d7290d120ab2421d75a09a4cbbcc0c/element - {"using":"xpath","value":"(//span[contains(text(), \"Webdriversmbxv\")])[1]"}
COMMAND: GET /session/76d7290d120ab2421d75a09a4cbbcc0c/screenshot - {}
RESULT: {"using":"xpath","value":"(//span[contains(text(), \"Webdriversmbxv\")])[1]"}
COMMAND: POST /session/76d7290d120ab2421d75a09a4cbbcc0c/element/f.593288CD5F674EF5C803DB8E0F1C2C84.d.C3A9A6507183C74EE9D419E528FC0461.e.4162/click - {}
RESULT: {}
RESULT: {}
COMMAND: GET /session/76d7290d120ab2421d75a09a4cbbcc0c/screenshot - {}
RESULT: {}
RESULT: undefined
COMMAND: POST /session/76d7290d120ab2421d75a09a4cbbcc0c/element - {"using":"xpath","value":"//*[@id=\"__button122\"]"}
RESULT: {"using":"xpath","value":"//*[@id=\"__button122\"]"}
COMMAND: POST /session/76d7290d120ab2421d75a09a4cbbcc0c/element/f.593288CD5F674EF5C803DB8E0F1C2C84.d.C3A9A6507183C74EE9D419E528FC0461.e.4195/click - {}
RESULT: {}
COMMAND: GET /session/76d7290d120ab2421d75a09a4cbbcc0c/screenshot - {}
RESULT: {}
RESULT: undefined
COMMAND: POST /session/76d7290d120ab2421d75a09a4cbbcc0c/element - {"using":"xpath","value":"//*[@id=\"__button130-img\"]"}
RESULT: {"using":"xpath","value":"//*[@id=\"__button130-img\"]"}
COMMAND: POST /session/76d7290d120ab2421d75a09a4cbbcc0c/element/f.593288CD5F674EF5C803DB8E0F1C2C84.d.C3A9A6507183C74EE9D419E528FC0461.e.4247/click - {}
RESULT: {}
COMMAND: GET /session/76d7290d120ab2421d75a09a4cbbcc0c/screenshot - {}
RESULT: {}
RESULT: undefined
COMMAND: POST /session/76d7290d120ab2421d75a09a4cbbcc0c/execute/async - {"script":"<script> [776 bytes]","args":[{"enterText":"SecondSectioni2anw","selector":{"id":"application-managecatalogs-display-component---detailCatalog--numberInput","searchOpenDialogs":true,"interaction":{"idSuffix":"inner"}},"clearTextFirst":true,"interactionType":"ENTER_TEXT"}]}
RESULT: {"script":"<script> [776 bytes]","args":[{"enterText":"SecondSectioni2anw","selector":{"id":"application-managecatalogs-display-component---detailCatalog--numberInput","searchOpenDialogs":true,"interaction":{"idSuffix":"inner"}},"clearTextFirst":true,"interactionType":"ENTER_TEXT"}]}
COMMAND: POST /session/76d7290d120ab2421d75a09a4cbbcc0c/element - {"using":"xpath","value":"//input[contains(@id ,\"application-managecatalogs-display-component---detailCatalog--nameInput-inner\")]"}
RESULT: {"using":"xpath","value":"//input[contains(@id ,\"application-managecatalogs-display-component---detailCatalog--nameInput-inner\")]"}
COMMAND: POST /session/76d7290d120ab2421d75a09a4cbbcc0c/elements - {"using":"xpath","value":"//input[contains(@id ,\"application-managecatalogs-display-component---detailCatalog--nameInput-inner\")]"}
RESULT: {"using":"xpath","value":"//input[contains(@id ,\"application-managecatalogs-display-component---detailCatalog--nameInput-inner\")]"}
COMMAND: POST /session/76d7290d120ab2421d75a09a4cbbcc0c/element/f.593288CD5F674EF5C803DB8E0F1C2C84.d.C3A9A6507183C74EE9D419E528FC0461.e.4251/clear - {}
RESULT: {}
COMMAND: POST /session/76d7290d120ab2421d75a09a4cbbcc0c/element/f.593288CD5F674EF5C803DB8E0F1C2C84.d.C3A9A6507183C74EE9D419E528FC0461.e.4251/value - {"text":"webdriversecondozyldk"}
COMMAND: GET /session/76d7290d120ab2421d75a09a4cbbcc0c/screenshot - {}
RESULT: {"text":"webdriversecondozyldk"}
RESULT: undefined
COMMAND: POST /session/76d7290d120ab2421d75a09a4cbbcc0c/element - {"using":"xpath","value":"//*[@id=\"__button100\"]"}
COMMAND: GET /session/76d7290d120ab2421d75a09a4cbbcc0c/screenshot - {}
RESULT: {}
RESULT: {"using":"xpath","value":"//*[@id=\"__button100\"]"}
COMMAND: POST /session/76d7290d120ab2421d75a09a4cbbcc0c/element/f.593288CD5F674EF5C803DB8E0F1C2C84.d.C3A9A6507183C74EE9D419E528FC0461.e.4255/click - {}
RESULT: {}
RESULT: {}
COMMAND: GET /session/76d7290d120ab2421d75a09a4cbbcc0c/screenshot - {}
RESULT: {}
COMMAND: POST /session/76d7290d120ab2421d75a09a4cbbcc0c/element - {"using":"xpath","value":"//button[@title=\"Save\"]"}
RESULT: {"using":"xpath","value":"//button[@title=\"Save\"]"}
COMMAND: POST /session/76d7290d120ab2421d75a09a4cbbcc0c/element/f.593288CD5F674EF5C803DB8E0F1C2C84.d.C3A9A6507183C74EE9D419E528FC0461.e.4233/click - {}
RESULT: {}
COMMAND: GET /session/76d7290d120ab2421d75a09a4cbbcc0c/screenshot - {}
RESULT: {}
RESULT: undefined
COMMAND: POST /session/76d7290d120ab2421d75a09a4cbbcc0c/element - {"using":"xpath","value":"//*[@id=\"__button125-img\"]"}
RESULT: {"using":"xpath","value":"//*[@id=\"__button125-img\"]"}
COMMAND: POST /session/76d7290d120ab2421d75a09a4cbbcc0c/element/f.593288CD5F674EF5C803DB8E0F1C2C84.d.C3A9A6507183C74EE9D419E528FC0461.e.4202/click - {}
RESULT: {}
COMMAND: GET /session/76d7290d120ab2421d75a09a4cbbcc0c/screenshot - {}
RESULT: {}
RESULT: undefined
COMMAND: POST /session/76d7290d120ab2421d75a09a4cbbcc0c/element - {"using":"xpath","value":"//*[@id=\"__button98-img\"]"}
RESULT: {"using":"xpath","value":"//*[@id=\"__button98-img\"]"}
COMMAND: POST /session/76d7290d120ab2421d75a09a4cbbcc0c/element/f.593288CD5F674EF5C803DB8E0F1C2C84.d.C3A9A6507183C74EE9D419E528FC0461.e.4295/click - {}
RESULT: {}
COMMAND: GET /session/76d7290d120ab2421d75a09a4cbbcc0c/screenshot - {}
RESULT: {}
RESULT: undefined
COMMAND: POST /session/76d7290d120ab2421d75a09a4cbbcc0c/execute/async - {"script":"<script> [776 bytes]","args":[{"enterText":"SecondSectioni2anw","selector":{"id":"application-managecatalogs-display-component---masterCatalogItems--searchItemsField","interaction":{"idSuffix":"I"}},"clearTextFirst":true,"interactionType":"ENTER_TEXT"}]}
RESULT: {"script":"<script> [776 bytes]","args":[{"enterText":"SecondSectioni2anw","selector":{"id":"application-managecatalogs-display-component---masterCatalogItems--searchItemsField","interaction":{"idSuffix":"I"}},"clearTextFirst":true,"interactionType":"ENTER_TEXT"}]}
COMMAND: POST /session/76d7290d120ab2421d75a09a4cbbcc0c/actions - {"actions":[{"id":"action11","type":"key","parameters":{},"actions":[{"type":"keyDown","value":"î€‡"},{"type":"pause","duration":10},{"type":"keyUp","value":"î€‡"}]}]}
RESULT: {"actions":[{"id":"action11","type":"key","parameters":{},"actions":[{"type":"keyDown","value":"î€‡"},{"type":"pause","duration":10},{"type":"keyUp","value":"î€‡"}]}]}
COMMAND: POST /session/76d7290d120ab2421d75a09a4cbbcc0c/element - {"using":"xpath","value":"(//span[contains(text(), \"SecondSectioni2anw\")])[1]"}
COMMAND: GET /session/76d7290d120ab2421d75a09a4cbbcc0c/screenshot - {}
RESULT: {"using":"xpath","value":"(//span[contains(text(), \"SecondSectioni2anw\")])[1]"}
COMMAND: POST /session/76d7290d120ab2421d75a09a4cbbcc0c/element/f.593288CD5F674EF5C803DB8E0F1C2C84.d.C3A9A6507183C74EE9D419E528FC0461.e.4298/click - {}
RESULT: {}
RESULT: {}
COMMAND: POST /session/76d7290d120ab2421d75a09a4cbbcc0c/element - {"using":"xpath","value":"(//span[contains(text(), \"SecondSectioni2anw\")])[1]"}
COMMAND: GET /session/76d7290d120ab2421d75a09a4cbbcc0c/screenshot - {}
RESULT: {"using":"xpath","value":"(//span[contains(text(), \"SecondSectioni2anw\")])[1]"}
COMMAND: GET /session/76d7290d120ab2421d75a09a4cbbcc0c/element/f.593288CD5F674EF5C803DB8E0F1C2C84.d.C3A9A6507183C74EE9D419E528FC0461.e.4298/text - {}
RESULT: {}
COMMAND: POST /session/76d7290d120ab2421d75a09a4cbbcc0c/element - {"using":"xpath","value":"(//span[contains(text(), \"SecondSectioni2anw\")])[1]"}
RESULT: {"using":"xpath","value":"(//span[contains(text(), \"SecondSectioni2anw\")])[1]"}
COMMAND: GET /session/76d7290d120ab2421d75a09a4cbbcc0c/element/f.593288CD5F674EF5C803DB8E0F1C2C84.d.C3A9A6507183C74EE9D419E528FC0461.e.4298/text - {}
COMMAND: POST /session/76d7290d120ab2421d75a09a4cbbcc0c/element - {"using":"xpath","value":"(//span[contains(text(), \"SecondSectioni2anw\")])[1]"}
RESULT: {"using":"xpath","value":"(//span[contains(text(), \"SecondSectioni2anw\")])[1]"}
COMMAND: GET /session/76d7290d120ab2421d75a09a4cbbcc0c/element/f.593288CD5F674EF5C803DB8E0F1C2C84.d.C3A9A6507183C74EE9D419E528FC0461.e.4352/text - {}
RESULT: {}
COMMAND: POST /session/76d7290d120ab2421d75a09a4cbbcc0c/refresh - {}
RESULT: {}
COMMAND: GET /session/76d7290d120ab2421d75a09a4cbbcc0c/screenshot - {}
RESULT: {}
COMMAND: POST /session/76d7290d120ab2421d75a09a4cbbcc0c/execute/async - {"script":"<script> [189 bytes]","args":[]}
RESULT: {"script":"<script> [189 bytes]","args":[]}
COMMAND: POST /session/76d7290d120ab2421d75a09a4cbbcc0c/execute/async - {"script":"<script> [123 bytes]","args":[]}
RESULT: {"script":"<script> [123 bytes]","args":[]}
COMMAND: POST /session/76d7290d120ab2421d75a09a4cbbcc0c/timeouts - {"script":"<number>"}
RESULT: {"script":"<number>"}
COMMAND: GET /session/76d7290d120ab2421d75a09a4cbbcc0c/timeouts - {}
RESULT: {}
RESULT: undefined
COMMAND: POST /session/76d7290d120ab2421d75a09a4cbbcc0c/execute/async - {"script":"<script> [2676 bytes]","args":[]}
RESULT: {"script":"<script> [2676 bytes]","args":[]}
COMMAND: POST /session/76d7290d120ab2421d75a09a4cbbcc0c/execute/async - {"script":"<script> [2342 bytes]","args":[{"protocol":"http","hostname":"0.0.0.0","path":"/","capabilities":{"browserName":"chrome","goog:chromeOptions":{"binary":"C:\\Program Files\\Google\\Chrome\\Application\\chrome.exe","args":["--start-maximized"]}},"logLevel":"warn","connectionRetryTimeout":120000,"connectionRetryCount":3,"logLevels":{},"enableDirectConnect":true,"strictSSL":true,"_":"65 more keys: [\"cacheDir\",\"port\",\"requestedCapabilities\",\"automationProtocol\",\"baseUrl\",\"waitforInterval\",\"waitforTimeout\",\"onReload\",\"beforeCommand\",\"afterCommand\",\"rootDir\",\"specs\",\"suites\",\"exclude\",\"groupLogsByTestSpec\",\"excludeDriverLogs\",\"bail\",\"framework\",\"reporters\",\"services\",\"maxInstances\",\"maxInstancesPerCapability\",\"injectGlobals\",\"filesToWatch\",\"execArgv\",\"runnerEnv\",\"runner\",\"shard\",\"specFileRetries\",\"specFileRetriesDelay\",\"specFileRetriesDeferred\",\"reporterSyncInterval\",\"reporterSyncTimeout\",\"cucumberFeaturesWithLineNumbers\",\"autoCompileOpts\",\"mochaOpts\",\"jasmineOpts\",\"cucumberOpts\",\"onPrepare\",\"onWorkerStart\",\"onWorkerEnd\",\"before\",\"beforeSession\",\"beforeSuite\",\"beforeHook\",\"beforeTest\",\"afterTest\",\"afterHook\",\"afterSuite\",\"afterSession\",\"after\",\"onComplete\",\"beforeAssertion\",\"afterAssertion\",\"beforeFeature\",\"beforeScenario\",\"beforeStep\",\"afterStep\",\"afterScenario\",\"afterFeature\",\"_\",\"suite\",\"$0\",\"ignoredWorkerServices\",\"wdi5\"]"}]}
RESULT: {"script":"<script> [2342 bytes]","args":[{"protocol":"http","hostname":"0.0.0.0","path":"/","capabilities":{"browserName":"chrome","goog:chromeOptions":{"binary":"C:\\Program Files\\Google\\Chrome\\Application\\chrome.exe","args":["--start-maximized"]}},"logLevel":"warn","connectionRetryTimeout":120000,"connectionRetryCount":3,"logLevels":{},"enableDirectConnect":true,"strictSSL":true,"_":"65 more keys: [\"cacheDir\",\"port\",\"requestedCapabilities\",\"automationProtocol\",\"baseUrl\",\"waitforInterval\",\"waitforTimeout\",\"onReload\",\"beforeCommand\",\"afterCommand\",\"rootDir\",\"specs\",\"suites\",\"exclude\",\"groupLogsByTestSpec\",\"excludeDriverLogs\",\"bail\",\"framework\",\"reporters\",\"services\",\"maxInstances\",\"maxInstancesPerCapability\",\"injectGlobals\",\"filesToWatch\",\"execArgv\",\"runnerEnv\",\"runner\",\"shard\",\"specFileRetries\",\"specFileRetriesDelay\",\"specFileRetriesDeferred\",\"reporterSyncInterval\",\"reporterSyncTimeout\",\"cucumberFeaturesWithLineNumbers\",\"autoCompileOpts\",\"mochaOpts\",\"jasmineOpts\",\"cucumberOpts\",\"onPrepare\",\"onWorkerStart\",\"onWorkerEnd\",\"before\",\"beforeSession\",\"beforeSuite\",\"beforeHook\",\"beforeTest\",\"afterTest\",\"afterHook\",\"afterSuite\",\"afterSession\",\"after\",\"onComplete\",\"beforeAssertion\",\"afterAssertion\",\"beforeFeature\",\"beforeScenario\",\"beforeStep\",\"afterStep\",\"afterScenario\",\"afterFeature\",\"_\",\"suite\",\"$0\",\"ignoredWorkerServices\",\"wdi5\"]"}]}
COMMAND: POST /session/76d7290d120ab2421d75a09a4cbbcc0c/execute/async - {"script":"<script> [21126 bytes]","args":[35000]}
RESULT: {"script":"<script> [21126 bytes]","args":[35000]}
COMMAND: POST /session/76d7290d120ab2421d75a09a4cbbcc0c/execute/async - {"script":"<script> [1562 bytes]","args":[{"selector":{"controlType":"sap.m.Button","viewName":"etm.portal.ui.managecatalogs.view.Detail","viewId":"application-managecatalogs-display-component---detailCatalog","i18NText":{"propertyName":"text","key":"edit"},"interaction":{"idSuffix":"BDI-content"}},"wdio_ui5_key":"etmportal.ui.managecatalogs.view.Detailsap.m.Button{\"propertyName\":\"text\",\"key\":\"edit\"}"}]}
RESULT: {"script":"<script> [1562 bytes]","args":[{"selector":{"controlType":"sap.m.Button","viewName":"etm.portal.ui.managecatalogs.view.Detail","viewId":"application-managecatalogs-display-component---detailCatalog","i18NText":{"propertyName":"text","key":"edit"},"interaction":{"idSuffix":"BDI-content"}},"wdio_ui5_key":"etmportal.ui.managecatalogs.view.Detailsap.m.Button{\"propertyName\":\"text\",\"key\":\"edit\"}"}]}
RESULT: undefined
COMMAND: POST /session/76d7290d120ab2421d75a09a4cbbcc0c/element - {"using":"xpath","value":"//*[@id=\"__button25\"]"}
RESULT: {"using":"xpath","value":"//*[@id=\"__button25\"]"}
COMMAND: POST /session/76d7290d120ab2421d75a09a4cbbcc0c/element/f.593288CD5F674EF5C803DB8E0F1C2C84.d.BB3F9D016B3E58AEB33EE771E0362E7E.e.4411/click - {}
RESULT: {}
COMMAND: GET /session/76d7290d120ab2421d75a09a4cbbcc0c/screenshot - {}
RESULT: {}
COMMAND: POST /session/76d7290d120ab2421d75a09a4cbbcc0c/element - {"using":"xpath","value":"//button[contains(@title ,\"Create Catalog Item\")]"}
RESULT: {"using":"xpath","value":"//button[contains(@title ,\"Create Catalog Item\")]"}
COMMAND: POST /session/76d7290d120ab2421d75a09a4cbbcc0c/element/f.593288CD5F674EF5C803DB8E0F1C2C84.d.BB3F9D016B3E58AEB33EE771E0362E7E.e.4418/click - {}
RESULT: {}
COMMAND: POST /session/76d7290d120ab2421d75a09a4cbbcc0c/execute/async - {"script":"<script> [1562 bytes]","args":[{"selector":{"id":"application-managecatalogs-display-component---detailCatalog--newItemNumberInput","searchOpenDialogs":true,"interaction":{"idSuffix":"inner"}},"wdio_ui5_key":"applicationmanagecatalogs-display-component---detailCatalog--newItemNumberInput"}]}
COMMAND: GET /session/76d7290d120ab2421d75a09a4cbbcc0c/screenshot - {}
RESULT: {"script":"<script> [1562 bytes]","args":[{"selector":{"id":"application-managecatalogs-display-component---detailCatalog--newItemNumberInput","searchOpenDialogs":true,"interaction":{"idSuffix":"inner"}},"wdio_ui5_key":"applicationmanagecatalogs-display-component---detailCatalog--newItemNumberInput"}]}
RESULT: undefined
COMMAND: POST /session/76d7290d120ab2421d75a09a4cbbcc0c/execute/async - {"script":"<script> [776 bytes]","args":[{"enterText":"catalogItemeoply","selector":{"id":"application-managecatalogs-display-component---detailCatalog--newItemNumberInput","searchOpenDialogs":true,"interaction":{"idSuffix":"inner"}},"clearTextFirst":true,"interactionType":"ENTER_TEXT"}]}
RESULT: {}
RESULT: {"script":"<script> [776 bytes]","args":[{"enterText":"catalogItemeoply","selector":{"id":"application-managecatalogs-display-component---detailCatalog--newItemNumberInput","searchOpenDialogs":true,"interaction":{"idSuffix":"inner"}},"clearTextFirst":true,"interactionType":"ENTER_TEXT"}]}
COMMAND: POST /session/76d7290d120ab2421d75a09a4cbbcc0c/execute/async - {"script":"<script> [1562 bytes]","args":[{"selector":{"controlType":"sap.m.Input","viewName":"etm.portal.ui.managecatalogs.view.Detail","viewId":"application-managecatalogs-display-component---detailCatalog","bindingPath":{"path":"","propertyPath":"/DESCRIPTION"},"searchOpenDialogs":true,"interaction":{"idSuffix":"inner"}},"wdio_ui5_key":"etmportal.ui.managecatalogs.view.Detailsap.m.Input{\"path\":\"\",\"propertyPath\":\"/DESCRIPTION\"}"}]}
RESULT: {"script":"<script> [1562 bytes]","args":[{"selector":{"controlType":"sap.m.Input","viewName":"etm.portal.ui.managecatalogs.view.Detail","viewId":"application-managecatalogs-display-component---detailCatalog","bindingPath":{"path":"","propertyPath":"/DESCRIPTION"},"searchOpenDialogs":true,"interaction":{"idSuffix":"inner"}},"wdio_ui5_key":"etmportal.ui.managecatalogs.view.Detailsap.m.Input{\"path\":\"\",\"propertyPath\":\"/DESCRIPTION\"}"}]}
RESULT: undefined
COMMAND: POST /session/76d7290d120ab2421d75a09a4cbbcc0c/execute/async - {"script":"<script> [776 bytes]","args":[{"enterText":"catalogItemNamenqsdg","selector":{"controlType":"sap.m.Input","viewName":"etm.portal.ui.managecatalogs.view.Detail","viewId":"application-managecatalogs-display-component---detailCatalog","bindingPath":{"path":"","propertyPath":"/DESCRIPTION"},"searchOpenDialogs":true,"interaction":{"idSuffix":"inner"}},"clearTextFirst":true,"interactionType":"ENTER_TEXT"}]}
RESULT: {"script":"<script> [776 bytes]","args":[{"enterText":"catalogItemNamenqsdg","selector":{"controlType":"sap.m.Input","viewName":"etm.portal.ui.managecatalogs.view.Detail","viewId":"application-managecatalogs-display-component---detailCatalog","bindingPath":{"path":"","propertyPath":"/DESCRIPTION"},"searchOpenDialogs":true,"interaction":{"idSuffix":"inner"}},"clearTextFirst":true,"interactionType":"ENTER_TEXT"}]}
COMMAND: POST /session/76d7290d120ab2421d75a09a4cbbcc0c/actions - {"actions":[{"id":"action12","type":"key","parameters":{},"actions":[{"type":"keyDown","value":"î€„"},{"type":"pause","duration":10},{"type":"keyUp","value":"î€„"}]}]}
RESULT: {"actions":[{"id":"action12","type":"key","parameters":{},"actions":[{"type":"keyDown","value":"î€„"},{"type":"pause","duration":10},{"type":"keyUp","value":"î€„"}]}]}
COMMAND: GET /session/76d7290d120ab2421d75a09a4cbbcc0c/screenshot - {}
RESULT: {}
COMMAND: POST /session/76d7290d120ab2421d75a09a4cbbcc0c/actions - {"actions":[{"id":"action13","type":"key","parameters":{},"actions":[{"type":"keyDown","value":"î€‡"},{"type":"pause","duration":10},{"type":"keyUp","value":"î€‡"}]}]}
RESULT: {"actions":[{"id":"action13","type":"key","parameters":{},"actions":[{"type":"keyDown","value":"î€‡"},{"type":"pause","duration":10},{"type":"keyUp","value":"î€‡"}]}]}
COMMAND: GET /session/76d7290d120ab2421d75a09a4cbbcc0c/screenshot - {}
RESULT: {}
COMMAND: POST /session/76d7290d120ab2421d75a09a4cbbcc0c/element - {"using":"xpath","value":"//button[@title=\"Save\"]"}
RESULT: {"using":"xpath","value":"//button[@title=\"Save\"]"}
COMMAND: POST /session/76d7290d120ab2421d75a09a4cbbcc0c/element/f.593288CD5F674EF5C803DB8E0F1C2C84.d.BB3F9D016B3E58AEB33EE771E0362E7E.e.4426/click - {}
RESULT: {}
COMMAND: GET /session/76d7290d120ab2421d75a09a4cbbcc0c/screenshot - {}
RESULT: {}
COMMAND: POST /session/76d7290d120ab2421d75a09a4cbbcc0c/execute/async - {"script":"<script> [1562 bytes]","args":[{"selector":{"controlType":"sap.ui.core.Icon","viewName":"etm.portal.ui.managecatalogs.view.Detail","viewId":"application-managecatalogs-display-component---detailCatalog","properties":{"src":{"regex":{"source":"decline"}}}},"wdio_ui5_key":"etmportal.ui.managecatalogs.view.Detailsap.ui.core.Icon{\"src\":{\"regex\":{\"source\":\"decline\"}}}"}]}
RESULT: {"script":"<script> [1562 bytes]","args":[{"selector":{"controlType":"sap.ui.core.Icon","viewName":"etm.portal.ui.managecatalogs.view.Detail","viewId":"application-managecatalogs-display-component---detailCatalog","properties":{"src":{"regex":{"source":"decline"}}}},"wdio_ui5_key":"etmportal.ui.managecatalogs.view.Detailsap.ui.core.Icon{\"src\":{\"regex\":{\"source\":\"decline\"}}}"}]}
RESULT: undefined
COMMAND: POST /session/76d7290d120ab2421d75a09a4cbbcc0c/element - {"using":"xpath","value":"//*[@id=\"__button28-img\"]"}
RESULT: {"using":"xpath","value":"//*[@id=\"__button28-img\"]"}
COMMAND: POST /session/76d7290d120ab2421d75a09a4cbbcc0c/element/f.593288CD5F674EF5C803DB8E0F1C2C84.d.BB3F9D016B3E58AEB33EE771E0362E7E.e.4433/click - {}
RESULT: {}
COMMAND: GET /session/76d7290d120ab2421d75a09a4cbbcc0c/screenshot - {}
RESULT: {}
COMMAND: POST /session/76d7290d120ab2421d75a09a4cbbcc0c/execute/async - {"script":"<script> [1562 bytes]","args":[{"selector":{"controlType":"sap.ui.core.Icon","viewName":"etm.portal.ui.managecatalogs.view.MasterItems","viewId":"application-managecatalogs-display-component---masterCatalogItems","properties":{"src":{"regex":{"source":"refresh"}}}},"wdio_ui5_key":"etmportal.ui.managecatalogs.view.MasterItemssap.ui.core.Icon{\"src\":{\"regex\":{\"source\":\"refresh\"}}}"}]}
RESULT: {"script":"<script> [1562 bytes]","args":[{"selector":{"controlType":"sap.ui.core.Icon","viewName":"etm.portal.ui.managecatalogs.view.MasterItems","viewId":"application-managecatalogs-display-component---masterCatalogItems","properties":{"src":{"regex":{"source":"refresh"}}}},"wdio_ui5_key":"etmportal.ui.managecatalogs.view.MasterItemssap.ui.core.Icon{\"src\":{\"regex\":{\"source\":\"refresh\"}}}"}]}
RESULT: undefined
COMMAND: POST /session/76d7290d120ab2421d75a09a4cbbcc0c/element - {"using":"xpath","value":"//*[@id=\"__button1-img\"]"}
RESULT: {"using":"xpath","value":"//*[@id=\"__button1-img\"]"}
COMMAND: POST /session/76d7290d120ab2421d75a09a4cbbcc0c/element/f.593288CD5F674EF5C803DB8E0F1C2C84.d.BB3F9D016B3E58AEB33EE771E0362E7E.e.4441/click - {}
RESULT: {}
COMMAND: GET /session/76d7290d120ab2421d75a09a4cbbcc0c/screenshot - {}
RESULT: {}
COMMAND: POST /session/76d7290d120ab2421d75a09a4cbbcc0c/execute/async - {"script":"<script> [1562 bytes]","args":[{"selector":{"id":"application-managecatalogs-display-component---masterCatalogItems--searchItemsField","interaction":{"idSuffix":"I"}},"wdio_ui5_key":"applicationmanagecatalogs-display-component---masterCatalogItems--searchItemsField"}]}
RESULT: {"script":"<script> [1562 bytes]","args":[{"selector":{"id":"application-managecatalogs-display-component---masterCatalogItems--searchItemsField","interaction":{"idSuffix":"I"}},"wdio_ui5_key":"applicationmanagecatalogs-display-component---masterCatalogItems--searchItemsField"}]}
RESULT: undefined
COMMAND: POST /session/76d7290d120ab2421d75a09a4cbbcc0c/execute/async - {"script":"<script> [776 bytes]","args":[{"enterText":"catalogItemNamenqsdg","selector":{"id":"application-managecatalogs-display-component---masterCatalogItems--searchItemsField","interaction":{"idSuffix":"I"}},"clearTextFirst":true,"interactionType":"ENTER_TEXT"}]}
RESULT: {"script":"<script> [776 bytes]","args":[{"enterText":"catalogItemNamenqsdg","selector":{"id":"application-managecatalogs-display-component---masterCatalogItems--searchItemsField","interaction":{"idSuffix":"I"}},"clearTextFirst":true,"interactionType":"ENTER_TEXT"}]}
COMMAND: POST /session/76d7290d120ab2421d75a09a4cbbcc0c/actions - {"actions":[{"id":"action14","type":"key","parameters":{},"actions":[{"type":"keyDown","value":"î€‡"},{"type":"pause","duration":10},{"type":"keyUp","value":"î€‡"}]}]}
RESULT: {"actions":[{"id":"action14","type":"key","parameters":{},"actions":[{"type":"keyDown","value":"î€‡"},{"type":"pause","duration":10},{"type":"keyUp","value":"î€‡"}]}]}
COMMAND: POST /session/76d7290d120ab2421d75a09a4cbbcc0c/element - {"using":"xpath","value":"(//span[contains(text(), \"catalogItemNamenqsdg\")])[1]"}
COMMAND: GET /session/76d7290d120ab2421d75a09a4cbbcc0c/screenshot - {}
RESULT: {"using":"xpath","value":"(//span[contains(text(), \"catalogItemNamenqsdg\")])[1]"}
COMMAND: POST /session/76d7290d120ab2421d75a09a4cbbcc0c/element/f.593288CD5F674EF5C803DB8E0F1C2C84.d.BB3F9D016B3E58AEB33EE771E0362E7E.e.4478/click - {}
RESULT: {}
RESULT: {}
COMMAND: GET /session/76d7290d120ab2421d75a09a4cbbcc0c/screenshot - {}
RESULT: {}
COMMAND: POST /session/76d7290d120ab2421d75a09a4cbbcc0c/element - {"using":"xpath","value":"//span[contains(text(), \"catalogItemeoply\")]"}
RESULT: {"using":"xpath","value":"//span[contains(text(), \"catalogItemeoply\")]"}
COMMAND: GET /session/76d7290d120ab2421d75a09a4cbbcc0c/element/f.593288CD5F674EF5C803DB8E0F1C2C84.d.BB3F9D016B3E58AEB33EE771E0362E7E.e.4539/text - {}
RESULT: {}
]]></system-out>
    </testcase>
    <testcase classname="chrome.136_0_7103_49.windows.Standard_contract_-_add_contract_items_by_Insert_Request_US118222" name="Should assign resources to the catalog item" time="58.544">
      <system-out><![CDATA[
RESULT: undefined
COMMAND: POST /session/76d7290d120ab2421d75a09a4cbbcc0c/element - {"using":"xpath","value":"//*[@id=\"__button25\"]"}
RESULT: {"using":"xpath","value":"//*[@id=\"__button25\"]"}
COMMAND: POST /session/76d7290d120ab2421d75a09a4cbbcc0c/element/f.593288CD5F674EF5C803DB8E0F1C2C84.d.BB3F9D016B3E58AEB33EE771E0362E7E.e.4540/click - {}
RESULT: {}
COMMAND: GET /session/76d7290d120ab2421d75a09a4cbbcc0c/screenshot - {}
RESULT: {}
COMMAND: POST /session/76d7290d120ab2421d75a09a4cbbcc0c/execute/async - {"script":"<script> [1562 bytes]","args":[{"selector":{"id":"application-managecatalogs-display-component---detailCatalog--BASE_UNIT_OF_MEASURE-arrow"},"wdio_ui5_key":"applicationmanagecatalogs-display-component---detailCatalog--BASE_UNIT_OF_MEASURE-arrow"}]}
RESULT: {"script":"<script> [1562 bytes]","args":[{"selector":{"id":"application-managecatalogs-display-component---detailCatalog--BASE_UNIT_OF_MEASURE-arrow"},"wdio_ui5_key":"applicationmanagecatalogs-display-component---detailCatalog--BASE_UNIT_OF_MEASURE-arrow"}]}
RESULT: undefined
COMMAND: POST /session/76d7290d120ab2421d75a09a4cbbcc0c/element - {"using":"xpath","value":"//*[@id=\"application-managecatalogs-display-component---detailCatalog--BASE_UNIT_OF_MEASURE-arrow\"]"}
RESULT: {"using":"xpath","value":"//*[@id=\"application-managecatalogs-display-component---detailCatalog--BASE_UNIT_OF_MEASURE-arrow\"]"}
COMMAND: POST /session/76d7290d120ab2421d75a09a4cbbcc0c/element/f.593288CD5F674EF5C803DB8E0F1C2C84.d.BB3F9D016B3E58AEB33EE771E0362E7E.e.4570/click - {}
RESULT: {}
COMMAND: POST /session/76d7290d120ab2421d75a09a4cbbcc0c/execute/async - {"script":"<script> [1562 bytes]","args":[{"selector":{"controlType":"sap.m.StandardListItem","viewName":"etm.portal.ui.managecatalogs.view.Detail","viewId":"application-managecatalogs-display-component---detailCatalog","properties":{"title":"Piece"},"searchOpenDialogs":true,"interaction":{"idSuffix":"titleText"}},"wdio_ui5_key":"etmportal.ui.managecatalogs.view.Detailsap.m.StandardListItem{\"title\":\"Piece\"}"}]}
COMMAND: GET /session/76d7290d120ab2421d75a09a4cbbcc0c/screenshot - {}
RESULT: {"script":"<script> [1562 bytes]","args":[{"selector":{"controlType":"sap.m.StandardListItem","viewName":"etm.portal.ui.managecatalogs.view.Detail","viewId":"application-managecatalogs-display-component---detailCatalog","properties":{"title":"Piece"},"searchOpenDialogs":true,"interaction":{"idSuffix":"titleText"}},"wdio_ui5_key":"etmportal.ui.managecatalogs.view.Detailsap.m.StandardListItem{\"title\":\"Piece\"}"}]}
RESULT: undefined
COMMAND: POST /session/76d7290d120ab2421d75a09a4cbbcc0c/element - {"using":"xpath","value":"//*[@id=\"__item213\"]"}
RESULT: {}
RESULT: {"using":"xpath","value":"//*[@id=\"__item213\"]"}
COMMAND: POST /session/76d7290d120ab2421d75a09a4cbbcc0c/element/f.593288CD5F674EF5C803DB8E0F1C2C84.d.BB3F9D016B3E58AEB33EE771E0362E7E.e.4572/click - {}
RESULT: {}
COMMAND: POST /session/76d7290d120ab2421d75a09a4cbbcc0c/execute/async - {"script":"<script> [1562 bytes]","args":[{"selector":{"id":"application-managecatalogs-display-component---detailCatalog--ObjectPageLayout-anchBar-application-managecatalogs-display-component---detailCatalog--sectionRUs-anchor","interaction":{"idSuffix":"BDI-content"}},"wdio_ui5_key":"applicationmanagecatalogs-display-component---detailCatalog--ObjectPageLayout-anchBar-application-managecatalogs-display-component---detailCatalog--sectionRUs-anchor"}]}
COMMAND: GET /session/76d7290d120ab2421d75a09a4cbbcc0c/screenshot - {}
RESULT: {"script":"<script> [1562 bytes]","args":[{"selector":{"id":"application-managecatalogs-display-component---detailCatalog--ObjectPageLayout-anchBar-application-managecatalogs-display-component---detailCatalog--sectionRUs-anchor","interaction":{"idSuffix":"BDI-content"}},"wdio_ui5_key":"applicationmanagecatalogs-display-component---detailCatalog--ObjectPageLayout-anchBar-application-managecatalogs-display-component---detailCatalog--sectionRUs-anchor"}]}
RESULT: undefined
COMMAND: POST /session/76d7290d120ab2421d75a09a4cbbcc0c/element - {"using":"xpath","value":"//*[@id=\"application-managecatalogs-display-component---detailCatalog--ObjectPageLayout-anchBar-application-managecatalogs-display-component---detailCatalog--sectionRUs-anchor\"]"}
RESULT: {}
RESULT: {"using":"xpath","value":"//*[@id=\"application-managecatalogs-display-component---detailCatalog--ObjectPageLayout-anchBar-application-managecatalogs-display-component---detailCatalog--sectionRUs-anchor\"]"}
COMMAND: POST /session/76d7290d120ab2421d75a09a4cbbcc0c/element/f.593288CD5F674EF5C803DB8E0F1C2C84.d.BB3F9D016B3E58AEB33EE771E0362E7E.e.4574/click - {}
RESULT: {}
COMMAND: POST /session/76d7290d120ab2421d75a09a4cbbcc0c/element - {"using":"xpath","value":"//button[contains(@data-kt ,\"catalogItemAssignRuButton\")]"}
COMMAND: GET /session/76d7290d120ab2421d75a09a4cbbcc0c/screenshot - {}
RESULT: {"using":"xpath","value":"//button[contains(@data-kt ,\"catalogItemAssignRuButton\")]"}
COMMAND: POST /session/76d7290d120ab2421d75a09a4cbbcc0c/element/f.593288CD5F674EF5C803DB8E0F1C2C84.d.BB3F9D016B3E58AEB33EE771E0362E7E.e.4580/click - {}
RESULT: {}
RESULT: {}
COMMAND: GET /session/76d7290d120ab2421d75a09a4cbbcc0c/screenshot - {}
RESULT: {}
COMMAND: POST /session/76d7290d120ab2421d75a09a4cbbcc0c/actions - {"actions":[{"id":"action15","type":"key","parameters":{},"actions":[{"type":"keyDown","value":"î€‡"},{"type":"pause","duration":10},{"type":"keyUp","value":"î€‡"}]}]}
RESULT: {"actions":[{"id":"action15","type":"key","parameters":{},"actions":[{"type":"keyDown","value":"î€‡"},{"type":"pause","duration":10},{"type":"keyUp","value":"î€‡"}]}]}
COMMAND: POST /session/76d7290d120ab2421d75a09a4cbbcc0c/execute/async - {"script":"<script> [1562 bytes]","args":[{"selector":{"id":"application-managecatalogs-display-component---detailCatalog--assignRUSearchField-vhi","searchOpenDialogs":true},"wdio_ui5_key":"applicationmanagecatalogs-display-component---detailCatalog--assignRUSearchField-vhi"}]}
COMMAND: GET /session/76d7290d120ab2421d75a09a4cbbcc0c/screenshot - {}
RESULT: {"script":"<script> [1562 bytes]","args":[{"selector":{"id":"application-managecatalogs-display-component---detailCatalog--assignRUSearchField-vhi","searchOpenDialogs":true},"wdio_ui5_key":"applicationmanagecatalogs-display-component---detailCatalog--assignRUSearchField-vhi"}]}
RESULT: undefined
COMMAND: POST /session/76d7290d120ab2421d75a09a4cbbcc0c/element - {"using":"xpath","value":"//*[@id=\"application-managecatalogs-display-component---detailCatalog--assignRUSearchField-vhi\"]"}
RESULT: {}
RESULT: {"using":"xpath","value":"//*[@id=\"application-managecatalogs-display-component---detailCatalog--assignRUSearchField-vhi\"]"}
COMMAND: POST /session/76d7290d120ab2421d75a09a4cbbcc0c/element/f.593288CD5F674EF5C803DB8E0F1C2C84.d.BB3F9D016B3E58AEB33EE771E0362E7E.e.4601/click - {}
RESULT: {}
COMMAND: GET /session/76d7290d120ab2421d75a09a4cbbcc0c/screenshot - {}
RESULT: {}
COMMAND: POST /session/76d7290d120ab2421d75a09a4cbbcc0c/element - {"using":"xpath","value":"//input[contains(@id ,\"searchField-I\")]"}
RESULT: {"using":"xpath","value":"//input[contains(@id ,\"searchField-I\")]"}
COMMAND: POST /session/76d7290d120ab2421d75a09a4cbbcc0c/element/f.593288CD5F674EF5C803DB8E0F1C2C84.d.BB3F9D016B3E58AEB33EE771E0362E7E.e.4603/clear - {}
RESULT: {}
COMMAND: POST /session/76d7290d120ab2421d75a09a4cbbcc0c/element/f.593288CD5F674EF5C803DB8E0F1C2C84.d.BB3F9D016B3E58AEB33EE771E0362E7E.e.4603/value - {"text":"WdIOR2cEquipmomap"}
COMMAND: GET /session/76d7290d120ab2421d75a09a4cbbcc0c/screenshot - {}
RESULT: {"text":"WdIOR2cEquipmomap"}
COMMAND: GET /session/76d7290d120ab2421d75a09a4cbbcc0c/screenshot - {}
RESULT: {}
RESULT: {}
COMMAND: POST /session/76d7290d120ab2421d75a09a4cbbcc0c/actions - {"actions":[{"id":"action16","type":"key","parameters":{},"actions":[{"type":"keyDown","value":"î€‡"},{"type":"pause","duration":10},{"type":"keyUp","value":"î€‡"}]}]}
RESULT: {"actions":[{"id":"action16","type":"key","parameters":{},"actions":[{"type":"keyDown","value":"î€‡"},{"type":"pause","duration":10},{"type":"keyUp","value":"î€‡"}]}]}
COMMAND: GET /session/76d7290d120ab2421d75a09a4cbbcc0c/screenshot - {}
RESULT: {}
COMMAND: POST /session/76d7290d120ab2421d75a09a4cbbcc0c/actions - {"actions":[{"id":"action17","type":"key","parameters":{},"actions":[{"type":"keyDown","value":"î€„"},{"type":"pause","duration":10},{"type":"keyUp","value":"î€„"}]}]}
RESULT: {"actions":[{"id":"action17","type":"key","parameters":{},"actions":[{"type":"keyDown","value":"î€„"},{"type":"pause","duration":10},{"type":"keyUp","value":"î€„"}]}]}
COMMAND: GET /session/76d7290d120ab2421d75a09a4cbbcc0c/screenshot - {}
RESULT: {}
COMMAND: POST /session/76d7290d120ab2421d75a09a4cbbcc0c/actions - {"actions":[{"id":"action18","type":"key","parameters":{},"actions":[{"type":"keyDown","value":"î€‡"},{"type":"pause","duration":10},{"type":"keyUp","value":"î€‡"}]}]}
RESULT: {"actions":[{"id":"action18","type":"key","parameters":{},"actions":[{"type":"keyDown","value":"î€‡"},{"type":"pause","duration":10},{"type":"keyUp","value":"î€‡"}]}]}
COMMAND: GET /session/76d7290d120ab2421d75a09a4cbbcc0c/screenshot - {}
RESULT: {}
COMMAND: POST /session/76d7290d120ab2421d75a09a4cbbcc0c/element - {"using":"xpath","value":"//bdi[contains(@id ,\"application-managecatalogs-display-component---detailCatalog--RUAssignmentSaveButton-BDI-content\")]"}
RESULT: {"using":"xpath","value":"//bdi[contains(@id ,\"application-managecatalogs-display-component---detailCatalog--RUAssignmentSaveButton-BDI-content\")]"}
COMMAND: POST /session/76d7290d120ab2421d75a09a4cbbcc0c/element/f.593288CD5F674EF5C803DB8E0F1C2C84.d.BB3F9D016B3E58AEB33EE771E0362E7E.e.4638/click - {}
RESULT: {}
COMMAND: GET /session/76d7290d120ab2421d75a09a4cbbcc0c/screenshot - {}
RESULT: {}
COMMAND: POST /session/76d7290d120ab2421d75a09a4cbbcc0c/element - {"using":"xpath","value":"//bdi[contains(@id ,\"application-managecatalogs-display-component---detailCatalog--ObjectPageLayout-anchBar-application-managecatalogs-display-component---detailCatalog--sectionRUs-anchor-BDI-content\")]"}
RESULT: {"using":"xpath","value":"//bdi[contains(@id ,\"application-managecatalogs-display-component---detailCatalog--ObjectPageLayout-anchBar-application-managecatalogs-display-component---detailCatalog--sectionRUs-anchor-BDI-content\")]"}
COMMAND: POST /session/76d7290d120ab2421d75a09a4cbbcc0c/element/f.593288CD5F674EF5C803DB8E0F1C2C84.d.BB3F9D016B3E58AEB33EE771E0362E7E.e.4662/click - {}
RESULT: {}
COMMAND: GET /session/76d7290d120ab2421d75a09a4cbbcc0c/screenshot - {}
RESULT: {}
COMMAND: POST /session/76d7290d120ab2421d75a09a4cbbcc0c/element - {"using":"xpath","value":"//button[contains(@data-kt ,\"catalogItemAssignRuButton\")]"}
RESULT: {"using":"xpath","value":"//button[contains(@data-kt ,\"catalogItemAssignRuButton\")]"}
COMMAND: POST /session/76d7290d120ab2421d75a09a4cbbcc0c/element/f.593288CD5F674EF5C803DB8E0F1C2C84.d.BB3F9D016B3E58AEB33EE771E0362E7E.e.4580/click - {}
RESULT: {}
COMMAND: GET /session/76d7290d120ab2421d75a09a4cbbcc0c/screenshot - {}
RESULT: {}
COMMAND: POST /session/76d7290d120ab2421d75a09a4cbbcc0c/actions - {"actions":[{"id":"action19","type":"key","parameters":{},"actions":[{"type":"keyDown","value":"î€‡"},{"type":"pause","duration":10},{"type":"keyUp","value":"î€‡"}]}]}
RESULT: {"actions":[{"id":"action19","type":"key","parameters":{},"actions":[{"type":"keyDown","value":"î€‡"},{"type":"pause","duration":10},{"type":"keyUp","value":"î€‡"}]}]}
RESULT: undefined
COMMAND: POST /session/76d7290d120ab2421d75a09a4cbbcc0c/element - {"using":"xpath","value":"//*[@id=\"application-managecatalogs-display-component---detailCatalog--assignRUSearchField-vhi\"]"}
COMMAND: GET /session/76d7290d120ab2421d75a09a4cbbcc0c/screenshot - {}
RESULT: {"using":"xpath","value":"//*[@id=\"application-managecatalogs-display-component---detailCatalog--assignRUSearchField-vhi\"]"}
COMMAND: POST /session/76d7290d120ab2421d75a09a4cbbcc0c/elements - {"using":"xpath","value":"//*[@id=\"application-managecatalogs-display-component---detailCatalog--assignRUSearchField-vhi\"]"}
RESULT: {}
RESULT: {"using":"xpath","value":"//*[@id=\"application-managecatalogs-display-component---detailCatalog--assignRUSearchField-vhi\"]"}
COMMAND: POST /session/76d7290d120ab2421d75a09a4cbbcc0c/element - {"using":"xpath","value":"//*[@id=\"application-managecatalogs-display-component---detailCatalog--assignRUSearchField-vhi\"]"}
RESULT: {"using":"xpath","value":"//*[@id=\"application-managecatalogs-display-component---detailCatalog--assignRUSearchField-vhi\"]"}
COMMAND: POST /session/76d7290d120ab2421d75a09a4cbbcc0c/element/f.593288CD5F674EF5C803DB8E0F1C2C84.d.BB3F9D016B3E58AEB33EE771E0362E7E.e.4679/click - {}
RESULT: {}
COMMAND: POST /session/76d7290d120ab2421d75a09a4cbbcc0c/execute/async - {"script":"<script> [1562 bytes]","args":[{"selector":{"controlType":"sap.m.SearchField","viewName":"etm.portal.ui.managecatalogs.view.Detail","viewId":"application-managecatalogs-display-component---detailCatalog","searchOpenDialogs":true,"interaction":{"idSuffix":"I"}},"wdio_ui5_key":"etmportal.ui.managecatalogs.view.Detailsap.m.SearchField"}]}
COMMAND: GET /session/76d7290d120ab2421d75a09a4cbbcc0c/screenshot - {}
RESULT: {"script":"<script> [1562 bytes]","args":[{"selector":{"controlType":"sap.m.SearchField","viewName":"etm.portal.ui.managecatalogs.view.Detail","viewId":"application-managecatalogs-display-component---detailCatalog","searchOpenDialogs":true,"interaction":{"idSuffix":"I"}},"wdio_ui5_key":"etmportal.ui.managecatalogs.view.Detailsap.m.SearchField"}]}
RESULT: undefined
COMMAND: POST /session/76d7290d120ab2421d75a09a4cbbcc0c/execute/async - {"script":"<script> [776 bytes]","args":[{"enterText":"WebdriverRUR2Cua91j","selector":{"controlType":"sap.m.SearchField","viewName":"etm.portal.ui.managecatalogs.view.Detail","viewId":"application-managecatalogs-display-component---detailCatalog","searchOpenDialogs":true,"interaction":{"idSuffix":"I"}},"clearTextFirst":true,"interactionType":"ENTER_TEXT"}]}
RESULT: {}
RESULT: {"script":"<script> [776 bytes]","args":[{"enterText":"WebdriverRUR2Cua91j","selector":{"controlType":"sap.m.SearchField","viewName":"etm.portal.ui.managecatalogs.view.Detail","viewId":"application-managecatalogs-display-component---detailCatalog","searchOpenDialogs":true,"interaction":{"idSuffix":"I"}},"clearTextFirst":true,"interactionType":"ENTER_TEXT"}]}
COMMAND: POST /session/76d7290d120ab2421d75a09a4cbbcc0c/actions - {"actions":[{"id":"action20","type":"key","parameters":{},"actions":[{"type":"keyDown","value":"î€‡"},{"type":"pause","duration":10},{"type":"keyUp","value":"î€‡"}]}]}
RESULT: {"actions":[{"id":"action20","type":"key","parameters":{},"actions":[{"type":"keyDown","value":"î€‡"},{"type":"pause","duration":10},{"type":"keyUp","value":"î€‡"}]}]}
COMMAND: GET /session/76d7290d120ab2421d75a09a4cbbcc0c/screenshot - {}
RESULT: {}
COMMAND: POST /session/76d7290d120ab2421d75a09a4cbbcc0c/element - {"using":"xpath","value":"(//span[contains(text(), \"WebdriverRUR2Cua91j\")])[1]"}
RESULT: {"using":"xpath","value":"(//span[contains(text(), \"WebdriverRUR2Cua91j\")])[1]"}
COMMAND: POST /session/76d7290d120ab2421d75a09a4cbbcc0c/element/f.593288CD5F674EF5C803DB8E0F1C2C84.d.BB3F9D016B3E58AEB33EE771E0362E7E.e.4699/click - {}
RESULT: {}
COMMAND: POST /session/76d7290d120ab2421d75a09a4cbbcc0c/execute/async - {"script":"<script> [1562 bytes]","args":[{"selector":{"id":"application-managecatalogs-display-component---detailCatalog--RUAssignmentSaveButton","searchOpenDialogs":true,"interaction":{"idSuffix":"BDI-content"}},"wdio_ui5_key":"applicationmanagecatalogs-display-component---detailCatalog--RUAssignmentSaveButton"}]}
COMMAND: GET /session/76d7290d120ab2421d75a09a4cbbcc0c/screenshot - {}
RESULT: {"script":"<script> [1562 bytes]","args":[{"selector":{"id":"application-managecatalogs-display-component---detailCatalog--RUAssignmentSaveButton","searchOpenDialogs":true,"interaction":{"idSuffix":"BDI-content"}},"wdio_ui5_key":"applicationmanagecatalogs-display-component---detailCatalog--RUAssignmentSaveButton"}]}
RESULT: undefined
COMMAND: POST /session/76d7290d120ab2421d75a09a4cbbcc0c/element - {"using":"xpath","value":"//*[@id=\"application-managecatalogs-display-component---detailCatalog--RUAssignmentSaveButton\"]"}
RESULT: {}
RESULT: {"using":"xpath","value":"//*[@id=\"application-managecatalogs-display-component---detailCatalog--RUAssignmentSaveButton\"]"}
COMMAND: POST /session/76d7290d120ab2421d75a09a4cbbcc0c/element/f.593288CD5F674EF5C803DB8E0F1C2C84.d.BB3F9D016B3E58AEB33EE771E0362E7E.e.4702/click - {}
RESULT: {}
COMMAND: GET /session/76d7290d120ab2421d75a09a4cbbcc0c/screenshot - {}
RESULT: {}
COMMAND: POST /session/76d7290d120ab2421d75a09a4cbbcc0c/element - {"using":"xpath","value":"//bdi[contains(text(), \"Save\")]"}
RESULT: {"using":"xpath","value":"//bdi[contains(text(), \"Save\")]"}
COMMAND: POST /session/76d7290d120ab2421d75a09a4cbbcc0c/element/f.593288CD5F674EF5C803DB8E0F1C2C84.d.BB3F9D016B3E58AEB33EE771E0362E7E.e.4712/click - {}
RESULT: {}
COMMAND: GET /session/76d7290d120ab2421d75a09a4cbbcc0c/screenshot - {}
RESULT: {}
COMMAND: POST /session/76d7290d120ab2421d75a09a4cbbcc0c/element - {"using":"css selector","value":"#shell-header-logo"}
RESULT: {"using":"css selector","value":"#shell-header-logo"}
COMMAND: POST /session/76d7290d120ab2421d75a09a4cbbcc0c/element/f.593288CD5F674EF5C803DB8E0F1C2C84.d.BB3F9D016B3E58AEB33EE771E0362E7E.e.4376/click - {}
RESULT: {}
COMMAND: GET /session/76d7290d120ab2421d75a09a4cbbcc0c/screenshot - {}
]]></system-out>
    </testcase>
    <testcase classname="chrome.136_0_7103_49.windows.Standard_contract_-_add_contract_items_by_Insert_Request_US118222" name="Should create a new contract" time="93.97">
      <system-out><![CDATA[
COMMAND: POST /session/76d7290d120ab2421d75a09a4cbbcc0c/execute/async - {"script":"<script> [1562 bytes]","args":[{"selector":{"controlType":"sap.m.Text","viewName":"etm.portal.ui.managecontractstile.view.Master","properties":{"text":"Manage Contracts"},"interaction":{"idSuffix":"inner"}},"wdio_ui5_key":"etmportal.ui.managecontractstile.view.Mastersap.m.Text{\"text\":\"Manage Contracts\"}"}]}
RESULT: {}
RESULT: {"script":"<script> [1562 bytes]","args":[{"selector":{"controlType":"sap.m.Text","viewName":"etm.portal.ui.managecontractstile.view.Master","properties":{"text":"Manage Contracts"},"interaction":{"idSuffix":"inner"}},"wdio_ui5_key":"etmportal.ui.managecontractstile.view.Mastersap.m.Text{\"text\":\"Manage Contracts\"}"}]}
RESULT: undefined
COMMAND: POST /session/76d7290d120ab2421d75a09a4cbbcc0c/element - {"using":"xpath","value":"//*[@id=\"__tile130-title\"]"}
RESULT: {"using":"xpath","value":"//*[@id=\"__tile130-title\"]"}
COMMAND: POST /session/76d7290d120ab2421d75a09a4cbbcc0c/element/f.593288CD5F674EF5C803DB8E0F1C2C84.d.BB3F9D016B3E58AEB33EE771E0362E7E.e.4744/click - {}
RESULT: {}
COMMAND: GET /session/76d7290d120ab2421d75a09a4cbbcc0c/screenshot - {}
RESULT: {}
COMMAND: POST /session/76d7290d120ab2421d75a09a4cbbcc0c/element - {"using":"xpath","value":"//button[@data-kt=\"addButton\"]"}
RESULT: {"using":"xpath","value":"//button[@data-kt=\"addButton\"]"}
COMMAND: POST /session/76d7290d120ab2421d75a09a4cbbcc0c/element/f.593288CD5F674EF5C803DB8E0F1C2C84.d.BB3F9D016B3E58AEB33EE771E0362E7E.e.4796/click - {}
RESULT: {}
COMMAND: GET /session/76d7290d120ab2421d75a09a4cbbcc0c/screenshot - {}
RESULT: {}
COMMAND: POST /session/76d7290d120ab2421d75a09a4cbbcc0c/execute/async - {"script":"<script> [1562 bytes]","args":[{"selector":{"id":"application-managecontracts-display-component---AddNewContract--projectDescription","interaction":{"idSuffix":"inner"}},"wdio_ui5_key":"applicationmanagecontracts-display-component---AddNewContract--projectDescription"}]}
RESULT: {"script":"<script> [1562 bytes]","args":[{"selector":{"id":"application-managecontracts-display-component---AddNewContract--projectDescription","interaction":{"idSuffix":"inner"}},"wdio_ui5_key":"applicationmanagecontracts-display-component---AddNewContract--projectDescription"}]}
RESULT: undefined
COMMAND: POST /session/76d7290d120ab2421d75a09a4cbbcc0c/execute/async - {"script":"<script> [776 bytes]","args":[{"enterText":"WdIOR2cze5rh","selector":{"id":"application-managecontracts-display-component---AddNewContract--projectDescription","interaction":{"idSuffix":"inner"}},"clearTextFirst":true,"interactionType":"ENTER_TEXT"}]}
RESULT: {"script":"<script> [776 bytes]","args":[{"enterText":"WdIOR2cze5rh","selector":{"id":"application-managecontracts-display-component---AddNewContract--projectDescription","interaction":{"idSuffix":"inner"}},"clearTextFirst":true,"interactionType":"ENTER_TEXT"}]}
COMMAND: POST /session/76d7290d120ab2421d75a09a4cbbcc0c/element - {"using":"xpath","value":"//input[@id=\"application-managecontracts-display-component---AddNewContract--yardId-inner\"]"}
RESULT: {"using":"xpath","value":"//input[@id=\"application-managecontracts-display-component---AddNewContract--yardId-inner\"]"}
COMMAND: POST /session/76d7290d120ab2421d75a09a4cbbcc0c/element/f.593288CD5F674EF5C803DB8E0F1C2C84.d.BB3F9D016B3E58AEB33EE771E0362E7E.e.5081/clear - {}
RESULT: {}
COMMAND: POST /session/76d7290d120ab2421d75a09a4cbbcc0c/element/f.593288CD5F674EF5C803DB8E0F1C2C84.d.BB3F9D016B3E58AEB33EE771E0362E7E.e.5081/value - {"text":"WebdriverYardyi38p"}
COMMAND: GET /session/76d7290d120ab2421d75a09a4cbbcc0c/screenshot - {}
RESULT: {"text":"WebdriverYardyi38p"}
COMMAND: GET /session/76d7290d120ab2421d75a09a4cbbcc0c/screenshot - {}
RESULT: {}
RESULT: {}
COMMAND: POST /session/76d7290d120ab2421d75a09a4cbbcc0c/actions - {"actions":[{"id":"action21","type":"key","parameters":{},"actions":[{"type":"keyDown","value":"î€‡"},{"type":"pause","duration":10},{"type":"keyUp","value":"î€‡"}]}]}
RESULT: {"actions":[{"id":"action21","type":"key","parameters":{},"actions":[{"type":"keyDown","value":"î€‡"},{"type":"pause","duration":10},{"type":"keyUp","value":"î€‡"}]}]}
COMMAND: GET /session/76d7290d120ab2421d75a09a4cbbcc0c/screenshot - {}
RESULT: {}
COMMAND: POST /session/76d7290d120ab2421d75a09a4cbbcc0c/element - {"using":"xpath","value":"//input[@id=\"application-managecontracts-display-component---AddNewContract--customerSelect-inner\"]"}
RESULT: {"using":"xpath","value":"//input[@id=\"application-managecontracts-display-component---AddNewContract--customerSelect-inner\"]"}
COMMAND: POST /session/76d7290d120ab2421d75a09a4cbbcc0c/element/f.593288CD5F674EF5C803DB8E0F1C2C84.d.BB3F9D016B3E58AEB33EE771E0362E7E.e.5079/clear - {}
RESULT: {}
COMMAND: POST /session/76d7290d120ab2421d75a09a4cbbcc0c/element/f.593288CD5F674EF5C803DB8E0F1C2C84.d.BB3F9D016B3E58AEB33EE771E0362E7E.e.5079/value - {"text":"WebdriverPartnerznssg"}
COMMAND: GET /session/76d7290d120ab2421d75a09a4cbbcc0c/screenshot - {}
RESULT: {"text":"WebdriverPartnerznssg"}
COMMAND: GET /session/76d7290d120ab2421d75a09a4cbbcc0c/screenshot - {}
RESULT: {}
RESULT: {}
COMMAND: POST /session/76d7290d120ab2421d75a09a4cbbcc0c/actions - {"actions":[{"id":"action22","type":"key","parameters":{},"actions":[{"type":"keyDown","value":"î€‡"},{"type":"pause","duration":10},{"type":"keyUp","value":"î€‡"}]}]}
RESULT: {"actions":[{"id":"action22","type":"key","parameters":{},"actions":[{"type":"keyDown","value":"î€‡"},{"type":"pause","duration":10},{"type":"keyUp","value":"î€‡"}]}]}
COMMAND: GET /session/76d7290d120ab2421d75a09a4cbbcc0c/screenshot - {}
RESULT: {}
COMMAND: POST /session/76d7290d120ab2421d75a09a4cbbcc0c/element - {"using":"xpath","value":"//input[@id=\"application-managecontracts-display-component---AddNewContract--site-inner\"]"}
RESULT: {"using":"xpath","value":"//input[@id=\"application-managecontracts-display-component---AddNewContract--site-inner\"]"}
COMMAND: POST /session/76d7290d120ab2421d75a09a4cbbcc0c/element/f.593288CD5F674EF5C803DB8E0F1C2C84.d.BB3F9D016B3E58AEB33EE771E0362E7E.e.5080/clear - {}
RESULT: {}
COMMAND: POST /session/76d7290d120ab2421d75a09a4cbbcc0c/element/f.593288CD5F674EF5C803DB8E0F1C2C84.d.BB3F9D016B3E58AEB33EE771E0362E7E.e.5080/value - {"text":"WebdriverSiteleprc"}
COMMAND: GET /session/76d7290d120ab2421d75a09a4cbbcc0c/screenshot - {}
RESULT: {"text":"WebdriverSiteleprc"}
COMMAND: GET /session/76d7290d120ab2421d75a09a4cbbcc0c/screenshot - {}
RESULT: {}
RESULT: {}
COMMAND: POST /session/76d7290d120ab2421d75a09a4cbbcc0c/actions - {"actions":[{"id":"action23","type":"key","parameters":{},"actions":[{"type":"keyDown","value":"î€‡"},{"type":"pause","duration":10},{"type":"keyUp","value":"î€‡"}]}]}
RESULT: {"actions":[{"id":"action23","type":"key","parameters":{},"actions":[{"type":"keyDown","value":"î€‡"},{"type":"pause","duration":10},{"type":"keyUp","value":"î€‡"}]}]}
COMMAND: GET /session/76d7290d120ab2421d75a09a4cbbcc0c/screenshot - {}
COMMAND: POST /session/76d7290d120ab2421d75a09a4cbbcc0c/element - {"using":"xpath","value":"//button[@data-kt=\"saveButton\"]"}
RESULT: {}
RESULT: {"using":"xpath","value":"//button[@data-kt=\"saveButton\"]"}
COMMAND: POST /session/76d7290d120ab2421d75a09a4cbbcc0c/element/f.593288CD5F674EF5C803DB8E0F1C2C84.d.BB3F9D016B3E58AEB33EE771E0362E7E.e.5097/click - {}
RESULT: {}
COMMAND: GET /session/76d7290d120ab2421d75a09a4cbbcc0c/screenshot - {}
RESULT: {}
COMMAND: POST /session/76d7290d120ab2421d75a09a4cbbcc0c/execute/async - {"script":"<script> [1562 bytes]","args":[{"selector":{"id":"contractDetailTitleNoExpanded","viewName":"etm.portal.ui.managecontracts.view.Detail"},"wdio_ui5_key":"contractDetailTitleNoExpandedetmportal.ui.managecontracts.view.Detail"}]}
RESULT: {"script":"<script> [1562 bytes]","args":[{"selector":{"id":"contractDetailTitleNoExpanded","viewName":"etm.portal.ui.managecontracts.view.Detail"},"wdio_ui5_key":"contractDetailTitleNoExpandedetmportal.ui.managecontracts.view.Detail"}]}
RESULT: undefined
COMMAND: POST /session/76d7290d120ab2421d75a09a4cbbcc0c/execute/async - {"script":"<script> [6424 bytes]","args":[{"element-6066-11e4-a52e-4f735466cecf":"f.593288CD5F674EF5C803DB8E0F1C2C84.d.BB3F9D016B3E58AEB33EE771E0362E7E.e.5176"},"getText",[]]}
RESULT: {"script":"<script> [6424 bytes]","args":[{"element-6066-11e4-a52e-4f735466cecf":"f.593288CD5F674EF5C803DB8E0F1C2C84.d.BB3F9D016B3E58AEB33EE771E0362E7E.e.5176"},"getText",[]]}
]]></system-out>
    </testcase>
    <testcase classname="chrome.136_0_7103_49.windows.Standard_contract_-_add_contract_items_by_Insert_Request_US118222" name="Should create a new request and plan it" time="168.381">
      <system-out><![CDATA[
COMMAND: POST /session/76d7290d120ab2421d75a09a4cbbcc0c/element - {"using":"css selector","value":"#shell-header-logo"}
RESULT: {"using":"css selector","value":"#shell-header-logo"}
COMMAND: POST /session/76d7290d120ab2421d75a09a4cbbcc0c/element/f.593288CD5F674EF5C803DB8E0F1C2C84.d.BB3F9D016B3E58AEB33EE771E0362E7E.e.4747/click - {}
RESULT: {}
COMMAND: GET /session/76d7290d120ab2421d75a09a4cbbcc0c/screenshot - {}
RESULT: {}
COMMAND: POST /session/76d7290d120ab2421d75a09a4cbbcc0c/execute/async - {"script":"<script> [1562 bytes]","args":[{"selector":{"controlType":"sap.m.GenericTile","properties":{"header":"Manage Requests"}},"wdio_ui5_key":"sapm.GenericTile{\"header\":\"Manage Requests\"}"}]}
RESULT: {"script":"<script> [1562 bytes]","args":[{"selector":{"controlType":"sap.m.GenericTile","properties":{"header":"Manage Requests"}},"wdio_ui5_key":"sapm.GenericTile{\"header\":\"Manage Requests\"}"}]}
RESULT: undefined
COMMAND: POST /session/76d7290d120ab2421d75a09a4cbbcc0c/element - {"using":"xpath","value":"//*[@id=\"__tile47\"]"}
RESULT: {"using":"xpath","value":"//*[@id=\"__tile47\"]"}
COMMAND: POST /session/76d7290d120ab2421d75a09a4cbbcc0c/element/f.593288CD5F674EF5C803DB8E0F1C2C84.d.BB3F9D016B3E58AEB33EE771E0362E7E.e.5181/click - {}
RESULT: {}
COMMAND: GET /session/76d7290d120ab2421d75a09a4cbbcc0c/screenshot - {}
RESULT: {}
COMMAND: POST /session/76d7290d120ab2421d75a09a4cbbcc0c/element - {"using":"xpath","value":"//button[contains(@data-kt ,\"btnCreateNewOverflowToolbarButton\")]"}
COMMAND: POST /session/76d7290d120ab2421d75a09a4cbbcc0c/element - {"using":"xpath","value":"(//span[contains(@class ,\"sapMObjStatusText\")])[1]"}
RESULT: {"using":"xpath","value":"//button[contains(@data-kt ,\"btnCreateNewOverflowToolbarButton\")]"}
COMMAND: POST /session/76d7290d120ab2421d75a09a4cbbcc0c/element/f.593288CD5F674EF5C803DB8E0F1C2C84.d.BB3F9D016B3E58AEB33EE771E0362E7E.e.5219/click - {}
RESULT: {"using":"xpath","value":"(//span[contains(@class ,\"sapMObjStatusText\")])[1]"}
COMMAND: POST /session/76d7290d120ab2421d75a09a4cbbcc0c/execute/sync - {"script":"<script> [8489 bytes]","args":[{"element-6066-11e4-a52e-4f735466cecf":"f.593288CD5F674EF5C803DB8E0F1C2C84.d.BB3F9D016B3E58AEB33EE771E0362E7E.e.5283","ELEMENT":"f.593288CD5F674EF5C803DB8E0F1C2C84.d.BB3F9D016B3E58AEB33EE771E0362E7E.e.5283"}]}
RESULT: {}
COMMAND: GET /session/76d7290d120ab2421d75a09a4cbbcc0c/screenshot - {}
COMMAND: POST /session/76d7290d120ab2421d75a09a4cbbcc0c/element - {"using":"xpath","value":"(//span[contains(@class ,\"sapMObjStatusText\")])[1]"}
RESULT: {}
RESULT: {"using":"xpath","value":"(//span[contains(@class ,\"sapMObjStatusText\")])[1]"}
COMMAND: POST /session/76d7290d120ab2421d75a09a4cbbcc0c/execute/sync - {"script":"<script> [8489 bytes]","args":[{"element-6066-11e4-a52e-4f735466cecf":"f.593288CD5F674EF5C803DB8E0F1C2C84.d.BB3F9D016B3E58AEB33EE771E0362E7E.e.5625","ELEMENT":"f.593288CD5F674EF5C803DB8E0F1C2C84.d.BB3F9D016B3E58AEB33EE771E0362E7E.e.5625"}]}
RESULT: {"script":"<script> [8489 bytes]","args":[{"element-6066-11e4-a52e-4f735466cecf":"f.593288CD5F674EF5C803DB8E0F1C2C84.d.BB3F9D016B3E58AEB33EE771E0362E7E.e.5625","ELEMENT":"f.593288CD5F674EF5C803DB8E0F1C2C84.d.BB3F9D016B3E58AEB33EE771E0362E7E.e.5625"}]}
COMMAND: GET /session/76d7290d120ab2421d75a09a4cbbcc0c/screenshot - {}
RESULT: {}
COMMAND: POST /session/76d7290d120ab2421d75a09a4cbbcc0c/element - {"using":"xpath","value":"//input[contains(@id ,\"yardId-inner\")]"}
RESULT: {"using":"xpath","value":"//input[contains(@id ,\"yardId-inner\")]"}
COMMAND: POST /session/76d7290d120ab2421d75a09a4cbbcc0c/execute/sync - {"script":"<script> [8489 bytes]","args":[{"element-6066-11e4-a52e-4f735466cecf":"f.593288CD5F674EF5C803DB8E0F1C2C84.d.BB3F9D016B3E58AEB33EE771E0362E7E.e.5489","ELEMENT":"f.593288CD5F674EF5C803DB8E0F1C2C84.d.BB3F9D016B3E58AEB33EE771E0362E7E.e.5489"}]}
RESULT: {"script":"<script> [8489 bytes]","args":[{"element-6066-11e4-a52e-4f735466cecf":"f.593288CD5F674EF5C803DB8E0F1C2C84.d.BB3F9D016B3E58AEB33EE771E0362E7E.e.5489","ELEMENT":"f.593288CD5F674EF5C803DB8E0F1C2C84.d.BB3F9D016B3E58AEB33EE771E0362E7E.e.5489"}]}
COMMAND: POST /session/76d7290d120ab2421d75a09a4cbbcc0c/element - {"using":"xpath","value":"//input[contains(@id ,\"requestContractNo-inner\")]"}
COMMAND: POST /session/76d7290d120ab2421d75a09a4cbbcc0c/element - {"using":"xpath","value":"//input[contains(@id ,\"requestContractNo-inner\")]"}
COMMAND: GET /session/76d7290d120ab2421d75a09a4cbbcc0c/screenshot - {}
RESULT: {"using":"xpath","value":"//input[contains(@id ,\"requestContractNo-inner\")]"}
COMMAND: POST /session/76d7290d120ab2421d75a09a4cbbcc0c/element/f.593288CD5F674EF5C803DB8E0F1C2C84.d.BB3F9D016B3E58AEB33EE771E0362E7E.e.5484/value - {"text":"10641"}
RESULT: {"using":"xpath","value":"//input[contains(@id ,\"requestContractNo-inner\")]"}
COMMAND: GET /session/76d7290d120ab2421d75a09a4cbbcc0c/element/f.593288CD5F674EF5C803DB8E0F1C2C84.d.BB3F9D016B3E58AEB33EE771E0362E7E.e.5484/enabled - {}
RESULT: {}
RESULT: {"text":"10641"}
COMMAND: GET /session/76d7290d120ab2421d75a09a4cbbcc0c/screenshot - {}
RESULT: {}
COMMAND: GET /session/76d7290d120ab2421d75a09a4cbbcc0c/screenshot - {}
RESULT: {}
RESULT: {}
COMMAND: POST /session/76d7290d120ab2421d75a09a4cbbcc0c/actions - {"actions":[{"id":"action24","type":"key","parameters":{},"actions":[{"type":"keyDown","value":"î€‡"},{"type":"pause","duration":10},{"type":"keyUp","value":"î€‡"}]}]}
RESULT: {"actions":[{"id":"action24","type":"key","parameters":{},"actions":[{"type":"keyDown","value":"î€‡"},{"type":"pause","duration":10},{"type":"keyUp","value":"î€‡"}]}]}
COMMAND: GET /session/76d7290d120ab2421d75a09a4cbbcc0c/screenshot - {}
RESULT: {}
COMMAND: POST /session/76d7290d120ab2421d75a09a4cbbcc0c/execute/async - {"script":"<script> [1562 bytes]","args":[{"selector":{"controlType":"sap.ui.core.Icon","viewName":"etm.portal.ui.managerequests.view.NewRequest","properties":{"src":{"regex":{"source":"add"}}}},"wdio_ui5_key":"etmportal.ui.managerequests.view.NewRequestsap.ui.core.Icon{\"src\":{\"regex\":{\"source\":\"add\"}}}"}]}
RESULT: {"script":"<script> [1562 bytes]","args":[{"selector":{"controlType":"sap.ui.core.Icon","viewName":"etm.portal.ui.managerequests.view.NewRequest","properties":{"src":{"regex":{"source":"add"}}}},"wdio_ui5_key":"etmportal.ui.managerequests.view.NewRequestsap.ui.core.Icon{\"src\":{\"regex\":{\"source\":\"add\"}}}"}]}
RESULT: undefined
COMMAND: POST /session/76d7290d120ab2421d75a09a4cbbcc0c/element - {"using":"xpath","value":"//*[@id=\"__xmlview61--btnAddTableRow-img\"]"}
RESULT: {"using":"xpath","value":"//*[@id=\"__xmlview61--btnAddTableRow-img\"]"}
COMMAND: POST /session/76d7290d120ab2421d75a09a4cbbcc0c/element/f.593288CD5F674EF5C803DB8E0F1C2C84.d.BB3F9D016B3E58AEB33EE771E0362E7E.e.5463/click - {}
RESULT: {}
COMMAND: GET /session/76d7290d120ab2421d75a09a4cbbcc0c/screenshot - {}
RESULT: {}
COMMAND: POST /session/76d7290d120ab2421d75a09a4cbbcc0c/execute/async - {"script":"<script> [1562 bytes]","args":[{"selector":{"controlType":"sap.ui.unified.MenuItem","viewName":"etm.portal.ui.managerequests.view.NewRequest","i18NText":{"propertyName":"text","key":"standardEntry"},"searchOpenDialogs":true,"interaction":{"idSuffix":"txt"}},"wdio_ui5_key":"etmportal.ui.managerequests.view.NewRequestsap.ui.unified.MenuItem{\"propertyName\":\"text\",\"key\":\"standardEntry\"}"}]}
RESULT: {"script":"<script> [1562 bytes]","args":[{"selector":{"controlType":"sap.ui.unified.MenuItem","viewName":"etm.portal.ui.managerequests.view.NewRequest","i18NText":{"propertyName":"text","key":"standardEntry"},"searchOpenDialogs":true,"interaction":{"idSuffix":"txt"}},"wdio_ui5_key":"etmportal.ui.managerequests.view.NewRequestsap.ui.unified.MenuItem{\"propertyName\":\"text\",\"key\":\"standardEntry\"}"}]}
RESULT: undefined
COMMAND: POST /session/76d7290d120ab2421d75a09a4cbbcc0c/element - {"using":"xpath","value":"//*[@id=\"__item2776\"]"}
RESULT: {"using":"xpath","value":"//*[@id=\"__item2776\"]"}
COMMAND: POST /session/76d7290d120ab2421d75a09a4cbbcc0c/element/f.593288CD5F674EF5C803DB8E0F1C2C84.d.BB3F9D016B3E58AEB33EE771E0362E7E.e.5637/click - {}
RESULT: {}
COMMAND: GET /session/76d7290d120ab2421d75a09a4cbbcc0c/screenshot - {}
RESULT: {}
RESULT: undefined
COMMAND: POST /session/76d7290d120ab2421d75a09a4cbbcc0c/element - {"using":"xpath","value":"//*[@id=\"__xmlview61--btnAddTableRow-img\"]"}
RESULT: {"using":"xpath","value":"//*[@id=\"__xmlview61--btnAddTableRow-img\"]"}
COMMAND: POST /session/76d7290d120ab2421d75a09a4cbbcc0c/element/f.593288CD5F674EF5C803DB8E0F1C2C84.d.BB3F9D016B3E58AEB33EE771E0362E7E.e.5463/click - {}
RESULT: {}
COMMAND: GET /session/76d7290d120ab2421d75a09a4cbbcc0c/screenshot - {}
RESULT: {}
RESULT: undefined
COMMAND: POST /session/76d7290d120ab2421d75a09a4cbbcc0c/element - {"using":"xpath","value":"//*[@id=\"__item2776\"]"}
RESULT: {"using":"xpath","value":"//*[@id=\"__item2776\"]"}
COMMAND: POST /session/76d7290d120ab2421d75a09a4cbbcc0c/element/f.593288CD5F674EF5C803DB8E0F1C2C84.d.BB3F9D016B3E58AEB33EE771E0362E7E.e.5649/click - {}
RESULT: {}
COMMAND: GET /session/76d7290d120ab2421d75a09a4cbbcc0c/screenshot - {}
RESULT: {}
COMMAND: POST /session/76d7290d120ab2421d75a09a4cbbcc0c/element - {"using":"xpath","value":"(//input[contains(@id ,\"requestItemsTable-0-inner\")])[1]"}
RESULT: {"using":"xpath","value":"(//input[contains(@id ,\"requestItemsTable-0-inner\")])[1]"}
COMMAND: POST /session/76d7290d120ab2421d75a09a4cbbcc0c/element/f.593288CD5F674EF5C803DB8E0F1C2C84.d.BB3F9D016B3E58AEB33EE771E0362E7E.e.5639/clear - {}
RESULT: {}
COMMAND: POST /session/76d7290d120ab2421d75a09a4cbbcc0c/element/f.593288CD5F674EF5C803DB8E0F1C2C84.d.BB3F9D016B3E58AEB33EE771E0362E7E.e.5639/value - {"text":"catalogItemeoply"}
COMMAND: GET /session/76d7290d120ab2421d75a09a4cbbcc0c/screenshot - {}
RESULT: {"text":"catalogItemeoply"}
COMMAND: GET /session/76d7290d120ab2421d75a09a4cbbcc0c/screenshot - {}
RESULT: {}
RESULT: {}
COMMAND: POST /session/76d7290d120ab2421d75a09a4cbbcc0c/actions - {"actions":[{"id":"action25","type":"key","parameters":{},"actions":[{"type":"keyDown","value":"î€‡"},{"type":"pause","duration":10},{"type":"keyUp","value":"î€‡"}]}]}
RESULT: {"actions":[{"id":"action25","type":"key","parameters":{},"actions":[{"type":"keyDown","value":"î€‡"},{"type":"pause","duration":10},{"type":"keyUp","value":"î€‡"}]}]}
COMMAND: POST /session/76d7290d120ab2421d75a09a4cbbcc0c/element - {"using":"xpath","value":"(//input[contains(@id ,\"requestItemsTable-1-inner\")])[1]"}
COMMAND: GET /session/76d7290d120ab2421d75a09a4cbbcc0c/screenshot - {}
RESULT: {"using":"xpath","value":"(//input[contains(@id ,\"requestItemsTable-1-inner\")])[1]"}
COMMAND: POST /session/76d7290d120ab2421d75a09a4cbbcc0c/element/f.593288CD5F674EF5C803DB8E0F1C2C84.d.BB3F9D016B3E58AEB33EE771E0362E7E.e.5651/clear - {}
RESULT: {}
RESULT: {}
COMMAND: POST /session/76d7290d120ab2421d75a09a4cbbcc0c/element/f.593288CD5F674EF5C803DB8E0F1C2C84.d.BB3F9D016B3E58AEB33EE771E0362E7E.e.5651/value - {"text":"catalogItemeoply"}
COMMAND: GET /session/76d7290d120ab2421d75a09a4cbbcc0c/screenshot - {}
RESULT: {"text":"catalogItemeoply"}
COMMAND: GET /session/76d7290d120ab2421d75a09a4cbbcc0c/screenshot - {}
RESULT: {}
RESULT: {}
COMMAND: POST /session/76d7290d120ab2421d75a09a4cbbcc0c/actions - {"actions":[{"id":"action26","type":"key","parameters":{},"actions":[{"type":"keyDown","value":"î€‡"},{"type":"pause","duration":10},{"type":"keyUp","value":"î€‡"}]}]}
RESULT: {"actions":[{"id":"action26","type":"key","parameters":{},"actions":[{"type":"keyDown","value":"î€‡"},{"type":"pause","duration":10},{"type":"keyUp","value":"î€‡"}]}]}
COMMAND: GET /session/76d7290d120ab2421d75a09a4cbbcc0c/screenshot - {}
RESULT: {}
COMMAND: POST /session/76d7290d120ab2421d75a09a4cbbcc0c/execute/async - {"script":"<script> [1562 bytes]","args":[{"selector":{"controlType":"sap.ui.core.Icon","viewName":"etm.portal.ui.managerequests.view.NewRequest","properties":{"src":{"regex":{"source":"slim\\-arrow\\-down"}}},"ancestor":{"controlType":"sap.m.Button","viewName":"etm.portal.ui.managerequests.view.NewRequest","properties":{"icon":"sap-icon://slim-arrow-down"}}},"wdio_ui5_key":"etmportal.ui.managerequests.view.NewRequestsap.ui.core.Icon{\"src\":{\"regex\":{\"source\":\"slim\\\\-arrow\\\\-down\"}}}{\"controlType\":\"sap.m.Button\",\"viewName\":\"etm.portal.ui.managerequests.view.NewRequest\",\"properties\":{\"icon\":\"sap-icon://slim-arrow-down\"}}"}]}
RESULT: {"script":"<script> [1562 bytes]","args":[{"selector":{"controlType":"sap.ui.core.Icon","viewName":"etm.portal.ui.managerequests.view.NewRequest","properties":{"src":{"regex":{"source":"slim\\-arrow\\-down"}}},"ancestor":{"controlType":"sap.m.Button","viewName":"etm.portal.ui.managerequests.view.NewRequest","properties":{"icon":"sap-icon://slim-arrow-down"}}},"wdio_ui5_key":"etmportal.ui.managerequests.view.NewRequestsap.ui.core.Icon{\"src\":{\"regex\":{\"source\":\"slim\\\\-arrow\\\\-down\"}}}{\"controlType\":\"sap.m.Button\",\"viewName\":\"etm.portal.ui.managerequests.view.NewRequest\",\"properties\":{\"icon\":\"sap-icon://slim-arrow-down\"}}"}]}
RESULT: undefined
COMMAND: POST /session/76d7290d120ab2421d75a09a4cbbcc0c/element - {"using":"xpath","value":"//*[@id=\"__title48-expandBtn-img\"]"}
RESULT: {"using":"xpath","value":"//*[@id=\"__title48-expandBtn-img\"]"}
COMMAND: POST /session/76d7290d120ab2421d75a09a4cbbcc0c/element/f.593288CD5F674EF5C803DB8E0F1C2C84.d.BB3F9D016B3E58AEB33EE771E0362E7E.e.5672/click - {}
RESULT: {}
COMMAND: POST /session/76d7290d120ab2421d75a09a4cbbcc0c/element - {"using":"xpath","value":"//div[contains(@data-kt ,\"splitAllocationObjectStatus\")]"}
COMMAND: GET /session/76d7290d120ab2421d75a09a4cbbcc0c/screenshot - {}
RESULT: {"using":"xpath","value":"//div[contains(@data-kt ,\"splitAllocationObjectStatus\")]"}
COMMAND: POST /session/76d7290d120ab2421d75a09a4cbbcc0c/elements - {"using":"xpath","value":"//div[contains(@data-kt ,\"splitAllocationObjectStatus\")]"}
RESULT: {}
RESULT: {"using":"xpath","value":"//div[contains(@data-kt ,\"splitAllocationObjectStatus\")]"}
COMMAND: POST /session/76d7290d120ab2421d75a09a4cbbcc0c/execute/async - {"script":"<script> [1562 bytes]","args":[{"selector":{"controlType":"sap.ui.core.Icon","viewName":"etm.portal.ui.managerequests.view.NewRequest","properties":{"src":{"regex":{"source":"message\\-error"}}},"ancestor":{"controlType":"sap.m.ColumnListItem","viewName":"etm.portal.ui.managerequests.view.NewRequest","bindingPath":{"modelName":"newRequestItems","path":"/RequestItems/0"},"ancestor":{"id":"requestItemsTable","viewName":"etm.portal.ui.managerequests.view.NewRequest"}}},"wdio_ui5_key":"etmportal.ui.managerequests.view.NewRequestsap.ui.core.Icon{\"src\":{\"regex\":{\"source\":\"message\\\\-error\"}}}{\"controlType\":\"sap.m.ColumnListItem\",\"viewName\":\"etm.portal.ui.managerequests.view.NewRequest\",\"bindingPath\":{\"modelName\":\"newRequestItems\",\"path\":\"/RequestItems/0\"},\"ancestor\":{\"id\":\"requestItemsTable\",\"viewName\":\"etm.portal.ui.managerequests.view.NewRequest\"}}"}]}
RESULT: {"script":"<script> [1562 bytes]","args":[{"selector":{"controlType":"sap.ui.core.Icon","viewName":"etm.portal.ui.managerequests.view.NewRequest","properties":{"src":{"regex":{"source":"message\\-error"}}},"ancestor":{"controlType":"sap.m.ColumnListItem","viewName":"etm.portal.ui.managerequests.view.NewRequest","bindingPath":{"modelName":"newRequestItems","path":"/RequestItems/0"},"ancestor":{"id":"requestItemsTable","viewName":"etm.portal.ui.managerequests.view.NewRequest"}}},"wdio_ui5_key":"etmportal.ui.managerequests.view.NewRequestsap.ui.core.Icon{\"src\":{\"regex\":{\"source\":\"message\\\\-error\"}}}{\"controlType\":\"sap.m.ColumnListItem\",\"viewName\":\"etm.portal.ui.managerequests.view.NewRequest\",\"bindingPath\":{\"modelName\":\"newRequestItems\",\"path\":\"/RequestItems/0\"},\"ancestor\":{\"id\":\"requestItemsTable\",\"viewName\":\"etm.portal.ui.managerequests.view.NewRequest\"}}"}]}
RESULT: undefined
COMMAND: POST /session/76d7290d120ab2421d75a09a4cbbcc0c/element - {"using":"xpath","value":"//*[@id=\"__status15-__xmlview61--requestItemsTable-0-icon\"]"}
RESULT: {"using":"xpath","value":"//*[@id=\"__status15-__xmlview61--requestItemsTable-0-icon\"]"}
COMMAND: POST /session/76d7290d120ab2421d75a09a4cbbcc0c/element/f.593288CD5F674EF5C803DB8E0F1C2C84.d.BB3F9D016B3E58AEB33EE771E0362E7E.e.5677/click - {}
RESULT: {}
COMMAND: GET /session/76d7290d120ab2421d75a09a4cbbcc0c/screenshot - {}
RESULT: {}
COMMAND: POST /session/76d7290d120ab2421d75a09a4cbbcc0c/execute/async - {"script":"<script> [1562 bytes]","args":[{"selector":{"id":"costObjectAdminTypeComboBox","viewName":"etm.portal.ui.managerequests.view.NewRequest","searchOpenDialogs":true,"interaction":{"idSuffix":"inner"}},"wdio_ui5_key":"costObjectAdminTypeComboBoxetmportal.ui.managerequests.view.NewRequest"}]}
RESULT: {"script":"<script> [1562 bytes]","args":[{"selector":{"id":"costObjectAdminTypeComboBox","viewName":"etm.portal.ui.managerequests.view.NewRequest","searchOpenDialogs":true,"interaction":{"idSuffix":"inner"}},"wdio_ui5_key":"costObjectAdminTypeComboBoxetmportal.ui.managerequests.view.NewRequest"}]}
RESULT: undefined
COMMAND: POST /session/76d7290d120ab2421d75a09a4cbbcc0c/execute/async - {"script":"<script> [776 bytes]","args":[{"enterText":"Cost Center","selector":{"id":"costObjectAdminTypeComboBox","viewName":"etm.portal.ui.managerequests.view.NewRequest","searchOpenDialogs":true,"interaction":{"idSuffix":"inner"}},"clearTextFirst":true,"interactionType":"ENTER_TEXT"}]}
RESULT: {"script":"<script> [776 bytes]","args":[{"enterText":"Cost Center","selector":{"id":"costObjectAdminTypeComboBox","viewName":"etm.portal.ui.managerequests.view.NewRequest","searchOpenDialogs":true,"interaction":{"idSuffix":"inner"}},"clearTextFirst":true,"interactionType":"ENTER_TEXT"}]}
COMMAND: POST /session/76d7290d120ab2421d75a09a4cbbcc0c/actions - {"actions":[{"id":"action27","type":"key","parameters":{},"actions":[{"type":"keyDown","value":"î€‡"},{"type":"pause","duration":10},{"type":"keyUp","value":"î€‡"}]}]}
RESULT: {"actions":[{"id":"action27","type":"key","parameters":{},"actions":[{"type":"keyDown","value":"î€‡"},{"type":"pause","duration":10},{"type":"keyUp","value":"î€‡"}]}]}
COMMAND: GET /session/76d7290d120ab2421d75a09a4cbbcc0c/screenshot - {}
RESULT: {}
COMMAND: POST /session/76d7290d120ab2421d75a09a4cbbcc0c/execute/async - {"script":"<script> [1562 bytes]","args":[{"selector":{"controlType":"sap.ui.core.Icon","viewName":"etm.portal.ui.managerequests.view.NewRequest","properties":{"src":{"regex":{"source":"value\\-help"}}},"searchOpenDialogs":true},"wdio_ui5_key":"etmportal.ui.managerequests.view.NewRequestsap.ui.core.Icon{\"src\":{\"regex\":{\"source\":\"value\\\\-help\"}}}"}]}
RESULT: {"script":"<script> [1562 bytes]","args":[{"selector":{"controlType":"sap.ui.core.Icon","viewName":"etm.portal.ui.managerequests.view.NewRequest","properties":{"src":{"regex":{"source":"value\\-help"}}},"searchOpenDialogs":true},"wdio_ui5_key":"etmportal.ui.managerequests.view.NewRequestsap.ui.core.Icon{\"src\":{\"regex\":{\"source\":\"value\\\\-help\"}}}"}]}
RESULT: undefined
COMMAND: POST /session/76d7290d120ab2421d75a09a4cbbcc0c/element - {"using":"xpath","value":"//*[@id=\"__xmlview61--costObjectIdComboBox-vhi\"]"}
RESULT: {"using":"xpath","value":"//*[@id=\"__xmlview61--costObjectIdComboBox-vhi\"]"}
COMMAND: POST /session/76d7290d120ab2421d75a09a4cbbcc0c/element/f.593288CD5F674EF5C803DB8E0F1C2C84.d.BB3F9D016B3E58AEB33EE771E0362E7E.e.5691/click - {}
RESULT: {}
COMMAND: POST /session/76d7290d120ab2421d75a09a4cbbcc0c/execute/async - {"script":"<script> [1562 bytes]","args":[{"selector":{"controlType":"sap.m.SearchField","properties":{"placeholder":"Search"},"searchOpenDialogs":true,"interaction":{"idSuffix":"I"}},"wdio_ui5_key":"sapm.SearchField{\"placeholder\":\"Search\"}"}]}
COMMAND: GET /session/76d7290d120ab2421d75a09a4cbbcc0c/screenshot - {}
RESULT: {"script":"<script> [1562 bytes]","args":[{"selector":{"controlType":"sap.m.SearchField","properties":{"placeholder":"Search"},"searchOpenDialogs":true,"interaction":{"idSuffix":"I"}},"wdio_ui5_key":"sapm.SearchField{\"placeholder\":\"Search\"}"}]}
RESULT: undefined
COMMAND: POST /session/76d7290d120ab2421d75a09a4cbbcc0c/execute/async - {"script":"<script> [776 bytes]","args":[{"enterText":"10001013","selector":{"controlType":"sap.m.SearchField","properties":{"placeholder":"Search"},"searchOpenDialogs":true,"interaction":{"idSuffix":"I"}},"clearTextFirst":true,"interactionType":"ENTER_TEXT"}]}
RESULT: {}
RESULT: {"script":"<script> [776 bytes]","args":[{"enterText":"10001013","selector":{"controlType":"sap.m.SearchField","properties":{"placeholder":"Search"},"searchOpenDialogs":true,"interaction":{"idSuffix":"I"}},"clearTextFirst":true,"interactionType":"ENTER_TEXT"}]}
COMMAND: POST /session/76d7290d120ab2421d75a09a4cbbcc0c/actions - {"actions":[{"id":"action28","type":"key","parameters":{},"actions":[{"type":"keyDown","value":"î€‡"},{"type":"pause","duration":10},{"type":"keyUp","value":"î€‡"}]}]}
RESULT: {"actions":[{"id":"action28","type":"key","parameters":{},"actions":[{"type":"keyDown","value":"î€‡"},{"type":"pause","duration":10},{"type":"keyUp","value":"î€‡"}]}]}
COMMAND: GET /session/76d7290d120ab2421d75a09a4cbbcc0c/screenshot - {}
RESULT: {}
COMMAND: POST /session/76d7290d120ab2421d75a09a4cbbcc0c/element - {"using":"xpath","value":"//span[contains(text(), \"General Management\")]"}
RESULT: {"using":"xpath","value":"//span[contains(text(), \"General Management\")]"}
COMMAND: POST /session/76d7290d120ab2421d75a09a4cbbcc0c/element/f.593288CD5F674EF5C803DB8E0F1C2C84.d.BB3F9D016B3E58AEB33EE771E0362E7E.e.5731/click - {}
RESULT: {}
COMMAND: GET /session/76d7290d120ab2421d75a09a4cbbcc0c/screenshot - {}
RESULT: {}
COMMAND: POST /session/76d7290d120ab2421d75a09a4cbbcc0c/element - {"using":"xpath","value":"//bdi[contains(text(), \"OK\")]"}
RESULT: {"using":"xpath","value":"//bdi[contains(text(), \"OK\")]"}
COMMAND: POST /session/76d7290d120ab2421d75a09a4cbbcc0c/element/f.593288CD5F674EF5C803DB8E0F1C2C84.d.BB3F9D016B3E58AEB33EE771E0362E7E.e.5732/click - {}
RESULT: {}
COMMAND: GET /session/76d7290d120ab2421d75a09a4cbbcc0c/screenshot - {}
RESULT: {}
COMMAND: POST /session/76d7290d120ab2421d75a09a4cbbcc0c/element - {"using":"xpath","value":"(//bdi[contains(@id ,\"BDI-content\")][contains(text(), \"Save\")])[1]"}
RESULT: {"using":"xpath","value":"(//bdi[contains(@id ,\"BDI-content\")][contains(text(), \"Save\")])[1]"}
COMMAND: POST /session/76d7290d120ab2421d75a09a4cbbcc0c/element/f.593288CD5F674EF5C803DB8E0F1C2C84.d.BB3F9D016B3E58AEB33EE771E0362E7E.e.5736/click - {}
RESULT: {}
COMMAND: GET /session/76d7290d120ab2421d75a09a4cbbcc0c/screenshot - {}
RESULT: {}
COMMAND: POST /session/76d7290d120ab2421d75a09a4cbbcc0c/execute/async - {"script":"<script> [1562 bytes]","args":[{"selector":{"controlType":"sap.ui.core.Icon","viewName":"etm.portal.ui.managerequests.view.NewRequest","properties":{"src":{"regex":{"source":"message\\-error"}}},"ancestor":{"controlType":"sap.m.ColumnListItem","viewName":"etm.portal.ui.managerequests.view.NewRequest","bindingPath":{"modelName":"newRequestItems","path":"/RequestItems/1"},"ancestor":{"id":"requestItemsTable","viewName":"etm.portal.ui.managerequests.view.NewRequest"}}},"wdio_ui5_key":"etmportal.ui.managerequests.view.NewRequestsap.ui.core.Icon{\"src\":{\"regex\":{\"source\":\"message\\\\-error\"}}}{\"controlType\":\"sap.m.ColumnListItem\",\"viewName\":\"etm.portal.ui.managerequests.view.NewRequest\",\"bindingPath\":{\"modelName\":\"newRequestItems\",\"path\":\"/RequestItems/1\"},\"ancestor\":{\"id\":\"requestItemsTable\",\"viewName\":\"etm.portal.ui.managerequests.view.NewRequest\"}}"}]}
RESULT: {"script":"<script> [1562 bytes]","args":[{"selector":{"controlType":"sap.ui.core.Icon","viewName":"etm.portal.ui.managerequests.view.NewRequest","properties":{"src":{"regex":{"source":"message\\-error"}}},"ancestor":{"controlType":"sap.m.ColumnListItem","viewName":"etm.portal.ui.managerequests.view.NewRequest","bindingPath":{"modelName":"newRequestItems","path":"/RequestItems/1"},"ancestor":{"id":"requestItemsTable","viewName":"etm.portal.ui.managerequests.view.NewRequest"}}},"wdio_ui5_key":"etmportal.ui.managerequests.view.NewRequestsap.ui.core.Icon{\"src\":{\"regex\":{\"source\":\"message\\\\-error\"}}}{\"controlType\":\"sap.m.ColumnListItem\",\"viewName\":\"etm.portal.ui.managerequests.view.NewRequest\",\"bindingPath\":{\"modelName\":\"newRequestItems\",\"path\":\"/RequestItems/1\"},\"ancestor\":{\"id\":\"requestItemsTable\",\"viewName\":\"etm.portal.ui.managerequests.view.NewRequest\"}}"}]}
RESULT: undefined
COMMAND: POST /session/76d7290d120ab2421d75a09a4cbbcc0c/element - {"using":"xpath","value":"//*[@id=\"__status15-__xmlview61--requestItemsTable-1-icon\"]"}
RESULT: {"using":"xpath","value":"//*[@id=\"__status15-__xmlview61--requestItemsTable-1-icon\"]"}
COMMAND: POST /session/76d7290d120ab2421d75a09a4cbbcc0c/element/f.593288CD5F674EF5C803DB8E0F1C2C84.d.BB3F9D016B3E58AEB33EE771E0362E7E.e.5739/click - {}
RESULT: {}
COMMAND: GET /session/76d7290d120ab2421d75a09a4cbbcc0c/screenshot - {}
RESULT: {}
RESULT: undefined
COMMAND: POST /session/76d7290d120ab2421d75a09a4cbbcc0c/execute/async - {"script":"<script> [776 bytes]","args":[{"enterText":"Cost Center","selector":{"id":"costObjectAdminTypeComboBox","viewName":"etm.portal.ui.managerequests.view.NewRequest","searchOpenDialogs":true,"interaction":{"idSuffix":"inner"}},"clearTextFirst":true,"interactionType":"ENTER_TEXT"}]}
RESULT: {"script":"<script> [776 bytes]","args":[{"enterText":"Cost Center","selector":{"id":"costObjectAdminTypeComboBox","viewName":"etm.portal.ui.managerequests.view.NewRequest","searchOpenDialogs":true,"interaction":{"idSuffix":"inner"}},"clearTextFirst":true,"interactionType":"ENTER_TEXT"}]}
COMMAND: POST /session/76d7290d120ab2421d75a09a4cbbcc0c/actions - {"actions":[{"id":"action29","type":"key","parameters":{},"actions":[{"type":"keyDown","value":"î€‡"},{"type":"pause","duration":10},{"type":"keyUp","value":"î€‡"}]}]}
RESULT: {"actions":[{"id":"action29","type":"key","parameters":{},"actions":[{"type":"keyDown","value":"î€‡"},{"type":"pause","duration":10},{"type":"keyUp","value":"î€‡"}]}]}
COMMAND: GET /session/76d7290d120ab2421d75a09a4cbbcc0c/screenshot - {}
RESULT: {}
RESULT: undefined
COMMAND: POST /session/76d7290d120ab2421d75a09a4cbbcc0c/element - {"using":"xpath","value":"//*[@id=\"__xmlview61--costObjectIdComboBox-vhi\"]"}
RESULT: {"using":"xpath","value":"//*[@id=\"__xmlview61--costObjectIdComboBox-vhi\"]"}
COMMAND: POST /session/76d7290d120ab2421d75a09a4cbbcc0c/element/f.593288CD5F674EF5C803DB8E0F1C2C84.d.BB3F9D016B3E58AEB33EE771E0362E7E.e.5750/click - {}
RESULT: {}
RESULT: undefined
COMMAND: POST /session/76d7290d120ab2421d75a09a4cbbcc0c/execute/async - {"script":"<script> [776 bytes]","args":[{"enterText":"10001013","selector":{"controlType":"sap.m.SearchField","properties":{"placeholder":"Search"},"searchOpenDialogs":true,"interaction":{"idSuffix":"I"}},"clearTextFirst":true,"interactionType":"ENTER_TEXT"}]}
COMMAND: GET /session/76d7290d120ab2421d75a09a4cbbcc0c/screenshot - {}
RESULT: {"script":"<script> [776 bytes]","args":[{"enterText":"10001013","selector":{"controlType":"sap.m.SearchField","properties":{"placeholder":"Search"},"searchOpenDialogs":true,"interaction":{"idSuffix":"I"}},"clearTextFirst":true,"interactionType":"ENTER_TEXT"}]}
COMMAND: POST /session/76d7290d120ab2421d75a09a4cbbcc0c/actions - {"actions":[{"id":"action30","type":"key","parameters":{},"actions":[{"type":"keyDown","value":"î€‡"},{"type":"pause","duration":10},{"type":"keyUp","value":"î€‡"}]}]}
RESULT: {}
RESULT: {"actions":[{"id":"action30","type":"key","parameters":{},"actions":[{"type":"keyDown","value":"î€‡"},{"type":"pause","duration":10},{"type":"keyUp","value":"î€‡"}]}]}
COMMAND: GET /session/76d7290d120ab2421d75a09a4cbbcc0c/screenshot - {}
RESULT: {}
COMMAND: POST /session/76d7290d120ab2421d75a09a4cbbcc0c/element - {"using":"xpath","value":"//span[contains(text(), \"General Management\")]"}
RESULT: {"using":"xpath","value":"//span[contains(text(), \"General Management\")]"}
COMMAND: POST /session/76d7290d120ab2421d75a09a4cbbcc0c/element/f.593288CD5F674EF5C803DB8E0F1C2C84.d.BB3F9D016B3E58AEB33EE771E0362E7E.e.5788/click - {}
RESULT: {}
COMMAND: GET /session/76d7290d120ab2421d75a09a4cbbcc0c/screenshot - {}
RESULT: {}
COMMAND: POST /session/76d7290d120ab2421d75a09a4cbbcc0c/element - {"using":"xpath","value":"//bdi[contains(text(), \"OK\")]"}
RESULT: {"using":"xpath","value":"//bdi[contains(text(), \"OK\")]"}
COMMAND: POST /session/76d7290d120ab2421d75a09a4cbbcc0c/element/f.593288CD5F674EF5C803DB8E0F1C2C84.d.BB3F9D016B3E58AEB33EE771E0362E7E.e.5789/click - {}
RESULT: {}
COMMAND: GET /session/76d7290d120ab2421d75a09a4cbbcc0c/screenshot - {}
RESULT: {}
COMMAND: POST /session/76d7290d120ab2421d75a09a4cbbcc0c/element - {"using":"xpath","value":"(//bdi[contains(@id ,\"BDI-content\")][contains(text(), \"Save\")])[1]"}
RESULT: {"using":"xpath","value":"(//bdi[contains(@id ,\"BDI-content\")][contains(text(), \"Save\")])[1]"}
COMMAND: POST /session/76d7290d120ab2421d75a09a4cbbcc0c/element/f.593288CD5F674EF5C803DB8E0F1C2C84.d.BB3F9D016B3E58AEB33EE771E0362E7E.e.5793/click - {}
RESULT: {}
COMMAND: GET /session/76d7290d120ab2421d75a09a4cbbcc0c/screenshot - {}
RESULT: {}
COMMAND: POST /session/76d7290d120ab2421d75a09a4cbbcc0c/execute/async - {"script":"<script> [1562 bytes]","args":[{"selector":{"controlType":"sap.m.Button","viewName":"etm.portal.ui.managerequests.view.NewRequest","i18NText":{"propertyName":"tooltip","key":"save"},"interaction":{"idSuffix":"content"}},"wdio_ui5_key":"etmportal.ui.managerequests.view.NewRequestsap.m.Button{\"propertyName\":\"tooltip\",\"key\":\"save\"}"}]}
RESULT: {"script":"<script> [1562 bytes]","args":[{"selector":{"controlType":"sap.m.Button","viewName":"etm.portal.ui.managerequests.view.NewRequest","i18NText":{"propertyName":"tooltip","key":"save"},"interaction":{"idSuffix":"content"}},"wdio_ui5_key":"etmportal.ui.managerequests.view.NewRequestsap.m.Button{\"propertyName\":\"tooltip\",\"key\":\"save\"}"}]}
RESULT: undefined
COMMAND: POST /session/76d7290d120ab2421d75a09a4cbbcc0c/element - {"using":"xpath","value":"//*[@id=\"__button105\"]"}
RESULT: {"using":"xpath","value":"//*[@id=\"__button105\"]"}
COMMAND: POST /session/76d7290d120ab2421d75a09a4cbbcc0c/element/f.593288CD5F674EF5C803DB8E0F1C2C84.d.BB3F9D016B3E58AEB33EE771E0362E7E.e.5609/click - {}
RESULT: {}
COMMAND: GET /session/76d7290d120ab2421d75a09a4cbbcc0c/screenshot - {}
RESULT: {}
COMMAND: POST /session/76d7290d120ab2421d75a09a4cbbcc0c/execute/async - {"script":"<script> [1562 bytes]","args":[{"selector":{"controlType":"sap.m.Title","properties":{"text":"Success"},"searchOpenDialogs":true},"wdio_ui5_key":"sapm.Title{\"text\":\"Success\"}"}]}
RESULT: {"script":"<script> [1562 bytes]","args":[{"selector":{"controlType":"sap.m.Title","properties":{"text":"Success"},"searchOpenDialogs":true},"wdio_ui5_key":"sapm.Title{\"text\":\"Success\"}"}]}
RESULT: undefined
COMMAND: POST /session/76d7290d120ab2421d75a09a4cbbcc0c/execute/async - {"script":"<script> [6424 bytes]","args":[{"element-6066-11e4-a52e-4f735466cecf":"f.593288CD5F674EF5C803DB8E0F1C2C84.d.BB3F9D016B3E58AEB33EE771E0362E7E.e.5799"},"getText",[]]}
RESULT: {"script":"<script> [6424 bytes]","args":[{"element-6066-11e4-a52e-4f735466cecf":"f.593288CD5F674EF5C803DB8E0F1C2C84.d.BB3F9D016B3E58AEB33EE771E0362E7E.e.5799"},"getText",[]]}
COMMAND: POST /session/76d7290d120ab2421d75a09a4cbbcc0c/execute/async - {"script":"<script> [1562 bytes]","args":[{"selector":{"controlType":"sap.m.Button","properties":{"text":"Close"},"searchOpenDialogs":true,"interaction":{"idSuffix":"BDI-content"}},"wdio_ui5_key":"sapm.Button{\"text\":\"Close\"}"}]}
RESULT: {"script":"<script> [1562 bytes]","args":[{"selector":{"controlType":"sap.m.Button","properties":{"text":"Close"},"searchOpenDialogs":true,"interaction":{"idSuffix":"BDI-content"}},"wdio_ui5_key":"sapm.Button{\"text\":\"Close\"}"}]}
RESULT: undefined
COMMAND: POST /session/76d7290d120ab2421d75a09a4cbbcc0c/element - {"using":"xpath","value":"//*[@id=\"__mbox-btn-4\"]"}
RESULT: {"using":"xpath","value":"//*[@id=\"__mbox-btn-4\"]"}
COMMAND: POST /session/76d7290d120ab2421d75a09a4cbbcc0c/element/f.593288CD5F674EF5C803DB8E0F1C2C84.d.BB3F9D016B3E58AEB33EE771E0362E7E.e.5798/click - {}
RESULT: {}
COMMAND: GET /session/76d7290d120ab2421d75a09a4cbbcc0c/screenshot - {}
RESULT: {}
COMMAND: POST /session/76d7290d120ab2421d75a09a4cbbcc0c/execute/async - {"script":"<script> [1562 bytes]","args":[{"selector":{"controlType":"sap.m.Text","viewName":"etm.portal.ui.managerequests.view.Detail","bindingPath":{"propertyPath":"NO","modelName":"catalogModel"}},"wdio_ui5_key":"etmportal.ui.managerequests.view.Detailsap.m.Text{\"propertyPath\":\"NO\",\"modelName\":\"catalogModel\"}"}]}
RESULT: {"script":"<script> [1562 bytes]","args":[{"selector":{"controlType":"sap.m.Text","viewName":"etm.portal.ui.managerequests.view.Detail","bindingPath":{"propertyPath":"NO","modelName":"catalogModel"}},"wdio_ui5_key":"etmportal.ui.managerequests.view.Detailsap.m.Text{\"propertyPath\":\"NO\",\"modelName\":\"catalogModel\"}"}]}
RESULT: undefined
COMMAND: POST /session/76d7290d120ab2421d75a09a4cbbcc0c/execute/async - {"script":"<script> [6424 bytes]","args":[{"element-6066-11e4-a52e-4f735466cecf":"f.593288CD5F674EF5C803DB8E0F1C2C84.d.BB3F9D016B3E58AEB33EE771E0362E7E.e.5931"},"getText",[]]}
RESULT: {"script":"<script> [6424 bytes]","args":[{"element-6066-11e4-a52e-4f735466cecf":"f.593288CD5F674EF5C803DB8E0F1C2C84.d.BB3F9D016B3E58AEB33EE771E0362E7E.e.5931"},"getText",[]]}
COMMAND: POST /session/76d7290d120ab2421d75a09a4cbbcc0c/execute/async - {"script":"<script> [1562 bytes]","args":[{"selector":{"controlType":"sap.ui.core.Icon","viewName":"etm.portal.ui.managerequests.view.Detail","properties":{"src":{"regex":{"source":"date\\-time"}}},"ancestor":{"controlType":"sap.m.ColumnListItem","viewName":"etm.portal.ui.managerequests.view.Detail","bindingPath":{"path":"/SmartRequestItemsPlanningBoard(ITEM=10m,REQUEST='20401')"},"ancestor":{"id":"requestItemsTable","viewName":"etm.portal.ui.managerequests.view.Detail"}}},"wdio_ui5_key":"etmportal.ui.managerequests.view.Detailsap.ui.core.Icon{\"src\":{\"regex\":{\"source\":\"date\\\\-time\"}}}{\"controlType\":\"sap.m.ColumnListItem\",\"viewName\":\"etm.portal.ui.managerequests.view.Detail\",\"bindingPath\":{\"path\":\"/SmartRequestItemsPlanningBoard(ITEM=10m,REQUEST='20401')\"},\"ancestor\":{\"id\":\"requestItemsTable\",\"viewName\":\"etm.portal.ui.managerequests.view.Detail\"}}"}]}
RESULT: {"script":"<script> [1562 bytes]","args":[{"selector":{"controlType":"sap.ui.core.Icon","viewName":"etm.portal.ui.managerequests.view.Detail","properties":{"src":{"regex":{"source":"date\\-time"}}},"ancestor":{"controlType":"sap.m.ColumnListItem","viewName":"etm.portal.ui.managerequests.view.Detail","bindingPath":{"path":"/SmartRequestItemsPlanningBoard(ITEM=10m,REQUEST='20401')"},"ancestor":{"id":"requestItemsTable","viewName":"etm.portal.ui.managerequests.view.Detail"}}},"wdio_ui5_key":"etmportal.ui.managerequests.view.Detailsap.ui.core.Icon{\"src\":{\"regex\":{\"source\":\"date\\\\-time\"}}}{\"controlType\":\"sap.m.ColumnListItem\",\"viewName\":\"etm.portal.ui.managerequests.view.Detail\",\"bindingPath\":{\"path\":\"/SmartRequestItemsPlanningBoard(ITEM=10m,REQUEST='20401')\"},\"ancestor\":{\"id\":\"requestItemsTable\",\"viewName\":\"etm.portal.ui.managerequests.view.Detail\"}}"}]}
RESULT: undefined
COMMAND: POST /session/76d7290d120ab2421d75a09a4cbbcc0c/element - {"using":"xpath","value":"//*[@id=\"__button135-__clone9709-img\"]"}
RESULT: {"using":"xpath","value":"//*[@id=\"__button135-__clone9709-img\"]"}
COMMAND: POST /session/76d7290d120ab2421d75a09a4cbbcc0c/element/f.593288CD5F674EF5C803DB8E0F1C2C84.d.BB3F9D016B3E58AEB33EE771E0362E7E.e.5932/click - {}
RESULT: {}
COMMAND: POST /session/76d7290d120ab2421d75a09a4cbbcc0c/execute/async - {"script":"<script> [1562 bytes]","args":[{"selector":{"controlType":"sap.m.Button","viewName":"etm.portal.ui.managerequests.view.Detail","properties":{"text":"Close"},"searchOpenDialogs":true,"interaction":{"idSuffix":"BDI-content"}},"wdio_ui5_key":"etmportal.ui.managerequests.view.Detailsap.m.Button{\"text\":\"Close\"}"}]}
COMMAND: GET /session/76d7290d120ab2421d75a09a4cbbcc0c/screenshot - {}
RESULT: {"script":"<script> [1562 bytes]","args":[{"selector":{"controlType":"sap.m.Button","viewName":"etm.portal.ui.managerequests.view.Detail","properties":{"text":"Close"},"searchOpenDialogs":true,"interaction":{"idSuffix":"BDI-content"}},"wdio_ui5_key":"etmportal.ui.managerequests.view.Detailsap.m.Button{\"text\":\"Close\"}"}]}
RESULT: undefined
COMMAND: POST /session/76d7290d120ab2421d75a09a4cbbcc0c/element - {"using":"xpath","value":"//*[@id=\"__button145\"]"}
RESULT: {}
RESULT: {"using":"xpath","value":"//*[@id=\"__button145\"]"}
COMMAND: POST /session/76d7290d120ab2421d75a09a4cbbcc0c/element/f.593288CD5F674EF5C803DB8E0F1C2C84.d.BB3F9D016B3E58AEB33EE771E0362E7E.e.5934/click - {}
RESULT: {}
COMMAND: POST /session/76d7290d120ab2421d75a09a4cbbcc0c/execute/async - {"script":"<script> [1562 bytes]","args":[{"selector":{"controlType":"sap.ui.core.Icon","viewName":"etm.portal.ui.managerequests.view.Detail","properties":{"src":{"regex":{"source":"date\\-time"}}},"ancestor":{"controlType":"sap.m.ColumnListItem","viewName":"etm.portal.ui.managerequests.view.Detail","bindingPath":{"path":"/SmartRequestItemsPlanningBoard(ITEM=20m,REQUEST='20401')"},"ancestor":{"id":"requestItemsTable","viewName":"etm.portal.ui.managerequests.view.Detail"}}},"wdio_ui5_key":"etmportal.ui.managerequests.view.Detailsap.ui.core.Icon{\"src\":{\"regex\":{\"source\":\"date\\\\-time\"}}}{\"controlType\":\"sap.m.ColumnListItem\",\"viewName\":\"etm.portal.ui.managerequests.view.Detail\",\"bindingPath\":{\"path\":\"/SmartRequestItemsPlanningBoard(ITEM=20m,REQUEST='20401')\"},\"ancestor\":{\"id\":\"requestItemsTable\",\"viewName\":\"etm.portal.ui.managerequests.view.Detail\"}}"}]}
COMMAND: GET /session/76d7290d120ab2421d75a09a4cbbcc0c/screenshot - {}
RESULT: {"script":"<script> [1562 bytes]","args":[{"selector":{"controlType":"sap.ui.core.Icon","viewName":"etm.portal.ui.managerequests.view.Detail","properties":{"src":{"regex":{"source":"date\\-time"}}},"ancestor":{"controlType":"sap.m.ColumnListItem","viewName":"etm.portal.ui.managerequests.view.Detail","bindingPath":{"path":"/SmartRequestItemsPlanningBoard(ITEM=20m,REQUEST='20401')"},"ancestor":{"id":"requestItemsTable","viewName":"etm.portal.ui.managerequests.view.Detail"}}},"wdio_ui5_key":"etmportal.ui.managerequests.view.Detailsap.ui.core.Icon{\"src\":{\"regex\":{\"source\":\"date\\\\-time\"}}}{\"controlType\":\"sap.m.ColumnListItem\",\"viewName\":\"etm.portal.ui.managerequests.view.Detail\",\"bindingPath\":{\"path\":\"/SmartRequestItemsPlanningBoard(ITEM=20m,REQUEST='20401')\"},\"ancestor\":{\"id\":\"requestItemsTable\",\"viewName\":\"etm.portal.ui.managerequests.view.Detail\"}}"}]}
RESULT: undefined
COMMAND: POST /session/76d7290d120ab2421d75a09a4cbbcc0c/element - {"using":"xpath","value":"//*[@id=\"__button135-__clone9710-img\"]"}
RESULT: {}
RESULT: {"using":"xpath","value":"//*[@id=\"__button135-__clone9710-img\"]"}
COMMAND: POST /session/76d7290d120ab2421d75a09a4cbbcc0c/element/f.593288CD5F674EF5C803DB8E0F1C2C84.d.BB3F9D016B3E58AEB33EE771E0362E7E.e.5941/click - {}
RESULT: {}
RESULT: undefined
COMMAND: POST /session/76d7290d120ab2421d75a09a4cbbcc0c/element - {"using":"xpath","value":"//*[@id=\"__button145\"]"}
COMMAND: GET /session/76d7290d120ab2421d75a09a4cbbcc0c/screenshot - {}
RESULT: {"using":"xpath","value":"//*[@id=\"__button145\"]"}
COMMAND: POST /session/76d7290d120ab2421d75a09a4cbbcc0c/elements - {"using":"xpath","value":"//*[@id=\"__button145\"]"}
RESULT: {}
RESULT: {"using":"xpath","value":"//*[@id=\"__button145\"]"}
COMMAND: POST /session/76d7290d120ab2421d75a09a4cbbcc0c/element - {"using":"xpath","value":"//*[@id=\"__button145\"]"}
RESULT: {"using":"xpath","value":"//*[@id=\"__button145\"]"}
COMMAND: POST /session/76d7290d120ab2421d75a09a4cbbcc0c/element/f.593288CD5F674EF5C803DB8E0F1C2C84.d.BB3F9D016B3E58AEB33EE771E0362E7E.e.5958/click - {}
RESULT: {}
COMMAND: POST /session/76d7290d120ab2421d75a09a4cbbcc0c/element - {"using":"css selector","value":"#shell-header-logo"}
COMMAND: GET /session/76d7290d120ab2421d75a09a4cbbcc0c/screenshot - {}
RESULT: {"using":"css selector","value":"#shell-header-logo"}
COMMAND: POST /session/76d7290d120ab2421d75a09a4cbbcc0c/element/f.593288CD5F674EF5C803DB8E0F1C2C84.d.BB3F9D016B3E58AEB33EE771E0362E7E.e.5186/click - {}
RESULT: {}
RESULT: {}
COMMAND: GET /session/76d7290d120ab2421d75a09a4cbbcc0c/screenshot - {}
RESULT: {}
]]></system-out>
    </testcase>
    <testcase classname="chrome.136_0_7103_49.windows.Standard_contract_-_add_contract_items_by_Insert_Request_US118222" name="Should insert the request into the contract" time="60.66">
      <system-out><![CDATA[
COMMAND: POST /session/76d7290d120ab2421d75a09a4cbbcc0c/execute/async - {"script":"<script> [1562 bytes]","args":[{"selector":{"controlType":"sap.m.GenericTile","properties":{"header":"Manage Contracts"}},"wdio_ui5_key":"sapm.GenericTile{\"header\":\"Manage Contracts\"}"}]}
RESULT: {"script":"<script> [1562 bytes]","args":[{"selector":{"controlType":"sap.m.GenericTile","properties":{"header":"Manage Contracts"}},"wdio_ui5_key":"sapm.GenericTile{\"header\":\"Manage Contracts\"}"}]}
RESULT: undefined
COMMAND: POST /session/76d7290d120ab2421d75a09a4cbbcc0c/element - {"using":"xpath","value":"//*[@id=\"__tile130\"]"}
RESULT: {"using":"xpath","value":"//*[@id=\"__tile130\"]"}
COMMAND: POST /session/76d7290d120ab2421d75a09a4cbbcc0c/element/f.593288CD5F674EF5C803DB8E0F1C2C84.d.BB3F9D016B3E58AEB33EE771E0362E7E.e.5961/click - {}
RESULT: {}
COMMAND: GET /session/76d7290d120ab2421d75a09a4cbbcc0c/screenshot - {}
RESULT: {}
COMMAND: POST /session/76d7290d120ab2421d75a09a4cbbcc0c/execute/async - {"script":"<script> [1562 bytes]","args":[{"selector":{"controlType":"sap.m.SearchField","viewName":"etm.portal.ui.managecontracts.view.Master","bindingPath":{"path":"","propertyPath":"/_BASIC_SEARCH_FIELD","modelName":"fi1t3rM0d31"},"interaction":{"idSuffix":"I"}},"wdio_ui5_key":"etmportal.ui.managecontracts.view.Mastersap.m.SearchField{\"path\":\"\",\"propertyPath\":\"/_BASIC_SEARCH_FIELD\",\"modelName\":\"fi1t3rM0d31\"}"}]}
RESULT: {"script":"<script> [1562 bytes]","args":[{"selector":{"controlType":"sap.m.SearchField","viewName":"etm.portal.ui.managecontracts.view.Master","bindingPath":{"path":"","propertyPath":"/_BASIC_SEARCH_FIELD","modelName":"fi1t3rM0d31"},"interaction":{"idSuffix":"I"}},"wdio_ui5_key":"etmportal.ui.managecontracts.view.Mastersap.m.SearchField{\"path\":\"\",\"propertyPath\":\"/_BASIC_SEARCH_FIELD\",\"modelName\":\"fi1t3rM0d31\"}"}]}
RESULT: undefined
COMMAND: POST /session/76d7290d120ab2421d75a09a4cbbcc0c/execute/async - {"script":"<script> [776 bytes]","args":[{"enterText":"10641","selector":{"controlType":"sap.m.SearchField","viewName":"etm.portal.ui.managecontracts.view.Master","bindingPath":{"path":"","propertyPath":"/_BASIC_SEARCH_FIELD","modelName":"fi1t3rM0d31"},"interaction":{"idSuffix":"I"}},"clearTextFirst":true,"interactionType":"ENTER_TEXT"}]}
RESULT: {"script":"<script> [776 bytes]","args":[{"enterText":"10641","selector":{"controlType":"sap.m.SearchField","viewName":"etm.portal.ui.managecontracts.view.Master","bindingPath":{"path":"","propertyPath":"/_BASIC_SEARCH_FIELD","modelName":"fi1t3rM0d31"},"interaction":{"idSuffix":"I"}},"clearTextFirst":true,"interactionType":"ENTER_TEXT"}]}
COMMAND: POST /session/76d7290d120ab2421d75a09a4cbbcc0c/actions - {"actions":[{"id":"action31","type":"key","parameters":{},"actions":[{"type":"keyDown","value":"î€‡"},{"type":"pause","duration":10},{"type":"keyUp","value":"î€‡"}]}]}
RESULT: {"actions":[{"id":"action31","type":"key","parameters":{},"actions":[{"type":"keyDown","value":"î€‡"},{"type":"pause","duration":10},{"type":"keyUp","value":"î€‡"}]}]}
COMMAND: GET /session/76d7290d120ab2421d75a09a4cbbcc0c/screenshot - {}
RESULT: {}
COMMAND: POST /session/76d7290d120ab2421d75a09a4cbbcc0c/execute/async - {"script":"<script> [1562 bytes]","args":[{"selector":{"controlType":"sap.ui.core.Icon","viewName":"etm.portal.ui.managecontracts.view.Master","properties":{"src":{"regex":{"source":"slim\\-arrow\\-right"}}}},"wdio_ui5_key":"etmportal.ui.managecontracts.view.Mastersap.ui.core.Icon{\"src\":{\"regex\":{\"source\":\"slim\\\\-arrow\\\\-right\"}}}"}]}
RESULT: {"script":"<script> [1562 bytes]","args":[{"selector":{"controlType":"sap.ui.core.Icon","viewName":"etm.portal.ui.managecontracts.view.Master","properties":{"src":{"regex":{"source":"slim\\-arrow\\-right"}}}},"wdio_ui5_key":"etmportal.ui.managecontracts.view.Mastersap.ui.core.Icon{\"src\":{\"regex\":{\"source\":\"slim\\\\-arrow\\\\-right\"}}}"}]}
RESULT: undefined
COMMAND: POST /session/76d7290d120ab2421d75a09a4cbbcc0c/element - {"using":"xpath","value":"//*[@id=\"__item3155-__clone9819-imgNav\"]"}
RESULT: {"using":"xpath","value":"//*[@id=\"__item3155-__clone9819-imgNav\"]"}
COMMAND: POST /session/76d7290d120ab2421d75a09a4cbbcc0c/element/f.593288CD5F674EF5C803DB8E0F1C2C84.d.BB3F9D016B3E58AEB33EE771E0362E7E.e.6088/click - {}
RESULT: {}
COMMAND: POST /session/76d7290d120ab2421d75a09a4cbbcc0c/execute/async - {"script":"<script> [1562 bytes]","args":[{"selector":{"id":"addRequestItemBtn","viewName":"etm.portal.ui.managecontracts.view.Detail","interaction":{"idSuffix":"BDI-content"}},"wdio_ui5_key":"addRequestItemBtnetmportal.ui.managecontracts.view.Detail"}]}
COMMAND: GET /session/76d7290d120ab2421d75a09a4cbbcc0c/screenshot - {}
RESULT: {"script":"<script> [1562 bytes]","args":[{"selector":{"id":"addRequestItemBtn","viewName":"etm.portal.ui.managecontracts.view.Detail","interaction":{"idSuffix":"BDI-content"}},"wdio_ui5_key":"addRequestItemBtnetmportal.ui.managecontracts.view.Detail"}]}
RESULT: undefined
COMMAND: POST /session/76d7290d120ab2421d75a09a4cbbcc0c/element - {"using":"xpath","value":"//*[@id=\"__xmlview64--addRequestItemBtn\"]"}
RESULT: {}
RESULT: {"using":"xpath","value":"//*[@id=\"__xmlview64--addRequestItemBtn\"]"}
COMMAND: POST /session/76d7290d120ab2421d75a09a4cbbcc0c/element/f.593288CD5F674EF5C803DB8E0F1C2C84.d.BB3F9D016B3E58AEB33EE771E0362E7E.e.6198/click - {}
RESULT: {}
COMMAND: GET /session/76d7290d120ab2421d75a09a4cbbcc0c/screenshot - {}
RESULT: {}
COMMAND: POST /session/76d7290d120ab2421d75a09a4cbbcc0c/element - {"using":"xpath","value":"//div[contains(@id ,\"popupRequestTable-sa-CbBg\")]"}
RESULT: {"using":"xpath","value":"//div[contains(@id ,\"popupRequestTable-sa-CbBg\")]"}
COMMAND: POST /session/76d7290d120ab2421d75a09a4cbbcc0c/element/f.593288CD5F674EF5C803DB8E0F1C2C84.d.BB3F9D016B3E58AEB33EE771E0362E7E.e.6232/click - {}
RESULT: {}
COMMAND: GET /session/76d7290d120ab2421d75a09a4cbbcc0c/screenshot - {}
RESULT: {}
COMMAND: POST /session/76d7290d120ab2421d75a09a4cbbcc0c/execute/async - {"script":"<script> [1562 bytes]","args":[{"selector":{"controlType":"sap.m.Button","viewName":"etm.portal.ui.managecontracts.view.Detail","i18NText":{"propertyName":"text","key":"selectionDone"},"searchOpenDialogs":true,"interaction":{"idSuffix":"BDI-content"}},"wdio_ui5_key":"etmportal.ui.managecontracts.view.Detailsap.m.Button{\"propertyName\":\"text\",\"key\":\"selectionDone\"}"}]}
RESULT: {"script":"<script> [1562 bytes]","args":[{"selector":{"controlType":"sap.m.Button","viewName":"etm.portal.ui.managecontracts.view.Detail","i18NText":{"propertyName":"text","key":"selectionDone"},"searchOpenDialogs":true,"interaction":{"idSuffix":"BDI-content"}},"wdio_ui5_key":"etmportal.ui.managecontracts.view.Detailsap.m.Button{\"propertyName\":\"text\",\"key\":\"selectionDone\"}"}]}
RESULT: undefined
COMMAND: POST /session/76d7290d120ab2421d75a09a4cbbcc0c/element - {"using":"xpath","value":"//*[@id=\"__button157\"]"}
RESULT: {"using":"xpath","value":"//*[@id=\"__button157\"]"}
COMMAND: POST /session/76d7290d120ab2421d75a09a4cbbcc0c/element/f.593288CD5F674EF5C803DB8E0F1C2C84.d.BB3F9D016B3E58AEB33EE771E0362E7E.e.6235/click - {}
RESULT: {}
COMMAND: POST /session/76d7290d120ab2421d75a09a4cbbcc0c/execute/async - {"script":"<script> [1562 bytes]","args":[{"selector":{"controlType":"sap.m.Text","properties":{"text":"Started processing request items into the contract."},"searchOpenDialogs":true},"wdio_ui5_key":"sapm.Text{\"text\":\"Started processing request items into the contract.\"}"}]}
COMMAND: GET /session/76d7290d120ab2421d75a09a4cbbcc0c/screenshot - {}
RESULT: {"script":"<script> [1562 bytes]","args":[{"selector":{"controlType":"sap.m.Text","properties":{"text":"Started processing request items into the contract."},"searchOpenDialogs":true},"wdio_ui5_key":"sapm.Text{\"text\":\"Started processing request items into the contract.\"}"}]}
RESULT: undefined
COMMAND: POST /session/76d7290d120ab2421d75a09a4cbbcc0c/execute/async - {"script":"<script> [6424 bytes]","args":[{"element-6066-11e4-a52e-4f735466cecf":"f.593288CD5F674EF5C803DB8E0F1C2C84.d.BB3F9D016B3E58AEB33EE771E0362E7E.e.6237"},"getText",[]]}
RESULT: {}
RESULT: {"script":"<script> [6424 bytes]","args":[{"element-6066-11e4-a52e-4f735466cecf":"f.593288CD5F674EF5C803DB8E0F1C2C84.d.BB3F9D016B3E58AEB33EE771E0362E7E.e.6237"},"getText",[]]}
COMMAND: POST /session/76d7290d120ab2421d75a09a4cbbcc0c/execute/async - {"script":"<script> [1562 bytes]","args":[{"selector":{"controlType":"sap.m.Button","properties":{"text":"OK"},"searchOpenDialogs":true,"interaction":{"idSuffix":"inner"}},"wdio_ui5_key":"sapm.Button{\"text\":\"OK\"}"}]}
RESULT: {"script":"<script> [1562 bytes]","args":[{"selector":{"controlType":"sap.m.Button","properties":{"text":"OK"},"searchOpenDialogs":true,"interaction":{"idSuffix":"inner"}},"wdio_ui5_key":"sapm.Button{\"text\":\"OK\"}"}]}
RESULT: undefined
COMMAND: POST /session/76d7290d120ab2421d75a09a4cbbcc0c/element - {"using":"xpath","value":"//*[@id=\"__mbox-btn-5\"]"}
RESULT: {"using":"xpath","value":"//*[@id=\"__mbox-btn-5\"]"}
COMMAND: POST /session/76d7290d120ab2421d75a09a4cbbcc0c/element/f.593288CD5F674EF5C803DB8E0F1C2C84.d.BB3F9D016B3E58AEB33EE771E0362E7E.e.6236/click - {}
RESULT: {}
COMMAND: POST /session/76d7290d120ab2421d75a09a4cbbcc0c/execute/async - {"script":"<script> [1562 bytes]","args":[{"selector":{"id":"headerBillingItemsTabFilter","viewName":"etm.portal.ui.managecontracts.view.Detail","interaction":{"idSuffix":"text"}},"wdio_ui5_key":"headerBillingItemsTabFilteretmportal.ui.managecontracts.view.Detail"}]}
COMMAND: GET /session/76d7290d120ab2421d75a09a4cbbcc0c/screenshot - {}
RESULT: {"script":"<script> [1562 bytes]","args":[{"selector":{"id":"headerBillingItemsTabFilter","viewName":"etm.portal.ui.managecontracts.view.Detail","interaction":{"idSuffix":"text"}},"wdio_ui5_key":"headerBillingItemsTabFilteretmportal.ui.managecontracts.view.Detail"}]}
RESULT: undefined
COMMAND: POST /session/76d7290d120ab2421d75a09a4cbbcc0c/element - {"using":"xpath","value":"//*[@id=\"__xmlview64--headerBillingItemsTabFilter\"]"}
RESULT: {}
RESULT: {"using":"xpath","value":"//*[@id=\"__xmlview64--headerBillingItemsTabFilter\"]"}
COMMAND: POST /session/76d7290d120ab2421d75a09a4cbbcc0c/element/f.593288CD5F674EF5C803DB8E0F1C2C84.d.BB3F9D016B3E58AEB33EE771E0362E7E.e.6247/click - {}
RESULT: {}
COMMAND: GET /session/76d7290d120ab2421d75a09a4cbbcc0c/screenshot - {}
RESULT: {}
COMMAND: POST /session/76d7290d120ab2421d75a09a4cbbcc0c/execute/async - {"script":"<script> [1562 bytes]","args":[{"selector":{"controlType":"sap.ui.core.Icon","viewName":"etm.portal.ui.managecontracts.view.Detail","properties":{"src":{"regex":{"source":"synchronize"}}}},"wdio_ui5_key":"etmportal.ui.managecontracts.view.Detailsap.ui.core.Icon{\"src\":{\"regex\":{\"source\":\"synchronize\"}}}"}]}
RESULT: {"script":"<script> [1562 bytes]","args":[{"selector":{"controlType":"sap.ui.core.Icon","viewName":"etm.portal.ui.managecontracts.view.Detail","properties":{"src":{"regex":{"source":"synchronize"}}}},"wdio_ui5_key":"etmportal.ui.managecontracts.view.Detailsap.ui.core.Icon{\"src\":{\"regex\":{\"source\":\"synchronize\"}}}"}]}
RESULT: undefined
COMMAND: POST /session/76d7290d120ab2421d75a09a4cbbcc0c/element - {"using":"xpath","value":"//*[@id=\"__xmlview64--btnToggleUpdate-img\"]"}
RESULT: {"using":"xpath","value":"//*[@id=\"__xmlview64--btnToggleUpdate-img\"]"}
COMMAND: POST /session/76d7290d120ab2421d75a09a4cbbcc0c/element/f.593288CD5F674EF5C803DB8E0F1C2C84.d.BB3F9D016B3E58AEB33EE771E0362E7E.e.6249/click - {}
RESULT: {}
COMMAND: GET /session/76d7290d120ab2421d75a09a4cbbcc0c/screenshot - {}
RESULT: {}
RESULT: undefined
COMMAND: POST /session/76d7290d120ab2421d75a09a4cbbcc0c/element - {"using":"xpath","value":"//*[@id=\"__xmlview64--headerBillingItemsTabFilter\"]"}
RESULT: {"using":"xpath","value":"//*[@id=\"__xmlview64--headerBillingItemsTabFilter\"]"}
COMMAND: POST /session/76d7290d120ab2421d75a09a4cbbcc0c/element/f.593288CD5F674EF5C803DB8E0F1C2C84.d.BB3F9D016B3E58AEB33EE771E0362E7E.e.6247/click - {}
RESULT: {}
COMMAND: POST /session/76d7290d120ab2421d75a09a4cbbcc0c/execute/async - {"script":"<script> [1562 bytes]","args":[{"selector":{"controlType":"sap.m.Title","viewName":"etm.portal.ui.managecontracts.view.Detail","properties":{"text":"Contract Items (2)"}},"wdio_ui5_key":"etmportal.ui.managecontracts.view.Detailsap.m.Title{\"text\":\"Contract Items (2)\"}"}]}
COMMAND: GET /session/76d7290d120ab2421d75a09a4cbbcc0c/screenshot - {}
RESULT: {"script":"<script> [1562 bytes]","args":[{"selector":{"controlType":"sap.m.Title","viewName":"etm.portal.ui.managecontracts.view.Detail","properties":{"text":"Contract Items (2)"}},"wdio_ui5_key":"etmportal.ui.managecontracts.view.Detailsap.m.Title{\"text\":\"Contract Items (2)\"}"}]}
RESULT: undefined
COMMAND: POST /session/76d7290d120ab2421d75a09a4cbbcc0c/execute/async - {"script":"<script> [6424 bytes]","args":[{"element-6066-11e4-a52e-4f735466cecf":"f.593288CD5F674EF5C803DB8E0F1C2C84.d.BB3F9D016B3E58AEB33EE771E0362E7E.e.6257"},"getText",[]]}
RESULT: {}
RESULT: {"script":"<script> [6424 bytes]","args":[{"element-6066-11e4-a52e-4f735466cecf":"f.593288CD5F674EF5C803DB8E0F1C2C84.d.BB3F9D016B3E58AEB33EE771E0362E7E.e.6257"},"getText",[]]}
COMMAND: POST /session/76d7290d120ab2421d75a09a4cbbcc0c/execute/async - {"script":"<script> [1562 bytes]","args":[{"selector":{"controlType":"sap.m.ObjectStatus","viewName":"etm.portal.ui.managecontracts.view.Detail","bindingPath":{"path":"/SmartContractItems(CONTRACT='10641',ITEM=10m,SUB_ITEM=0m)","propertyPath":"STATUS"}},"wdio_ui5_key":"etmportal.ui.managecontracts.view.Detailsap.m.ObjectStatus{\"path\":\"/SmartContractItems(CONTRACT='10641',ITEM=10m,SUB_ITEM=0m)\",\"propertyPath\":\"STATUS\"}"}]}
RESULT: {"script":"<script> [1562 bytes]","args":[{"selector":{"controlType":"sap.m.ObjectStatus","viewName":"etm.portal.ui.managecontracts.view.Detail","bindingPath":{"path":"/SmartContractItems(CONTRACT='10641',ITEM=10m,SUB_ITEM=0m)","propertyPath":"STATUS"}},"wdio_ui5_key":"etmportal.ui.managecontracts.view.Detailsap.m.ObjectStatus{\"path\":\"/SmartContractItems(CONTRACT='10641',ITEM=10m,SUB_ITEM=0m)\",\"propertyPath\":\"STATUS\"}"}]}
RESULT: undefined
COMMAND: POST /session/76d7290d120ab2421d75a09a4cbbcc0c/execute/async - {"script":"<script> [6424 bytes]","args":[{"element-6066-11e4-a52e-4f735466cecf":"f.593288CD5F674EF5C803DB8E0F1C2C84.d.BB3F9D016B3E58AEB33EE771E0362E7E.e.6259"},"getText",[]]}
RESULT: {"script":"<script> [6424 bytes]","args":[{"element-6066-11e4-a52e-4f735466cecf":"f.593288CD5F674EF5C803DB8E0F1C2C84.d.BB3F9D016B3E58AEB33EE771E0362E7E.e.6259"},"getText",[]]}
COMMAND: POST /session/76d7290d120ab2421d75a09a4cbbcc0c/execute/async - {"script":"<script> [1562 bytes]","args":[{"selector":{"controlType":"sap.m.ObjectStatus","viewName":"etm.portal.ui.managecontracts.view.Detail","bindingPath":{"path":"/SmartContractItems(CONTRACT='10641',ITEM=20m,SUB_ITEM=0m)","propertyPath":"STATUS"}},"wdio_ui5_key":"etmportal.ui.managecontracts.view.Detailsap.m.ObjectStatus{\"path\":\"/SmartContractItems(CONTRACT='10641',ITEM=20m,SUB_ITEM=0m)\",\"propertyPath\":\"STATUS\"}"}]}
RESULT: {"script":"<script> [1562 bytes]","args":[{"selector":{"controlType":"sap.m.ObjectStatus","viewName":"etm.portal.ui.managecontracts.view.Detail","bindingPath":{"path":"/SmartContractItems(CONTRACT='10641',ITEM=20m,SUB_ITEM=0m)","propertyPath":"STATUS"}},"wdio_ui5_key":"etmportal.ui.managecontracts.view.Detailsap.m.ObjectStatus{\"path\":\"/SmartContractItems(CONTRACT='10641',ITEM=20m,SUB_ITEM=0m)\",\"propertyPath\":\"STATUS\"}"}]}
RESULT: undefined
COMMAND: POST /session/76d7290d120ab2421d75a09a4cbbcc0c/execute/async - {"script":"<script> [6424 bytes]","args":[{"element-6066-11e4-a52e-4f735466cecf":"f.593288CD5F674EF5C803DB8E0F1C2C84.d.BB3F9D016B3E58AEB33EE771E0362E7E.e.6260"},"getText",[]]}
RESULT: {"script":"<script> [6424 bytes]","args":[{"element-6066-11e4-a52e-4f735466cecf":"f.593288CD5F674EF5C803DB8E0F1C2C84.d.BB3F9D016B3E58AEB33EE771E0362E7E.e.6260"},"getText",[]]}
]]></system-out>
    </testcase>
  </testsuite>
  <testsuite timestamp="2025-05-08T05:57:48" time="100.524" tests="1" failures="0" errors="0" skipped="0">
    <properties>
      <property name="specId" value="0" />
      <property name="suiteName" value="Manage contracts - revert request US152962" />
      <property name="capabilities" value="chrome.136_0_7103_49.windows" />
      <property name="file" value="file:///D:/a/1/s/test/specs/R2C/manage-contracts-revert-request.spec.js" />
    </properties>
    <testcase classname="chrome.136_0_7103_49.windows.Manage_contracts_-_revert_request_US152962" name="Should revert the request" time="100.522">
      <system-out><![CDATA[
COMMAND: POST /session/76d7290d120ab2421d75a09a4cbbcc0c/execute/async - {"script":"<script> [1562 bytes]","args":[{"selector":{"id":"revertPlanningBtn","viewName":"etm.portal.ui.managecontracts.view.Detail","interaction":{"idSuffix":"BDI-content"}},"wdio_ui5_key":"revertPlanningBtnetmportal.ui.managecontracts.view.Detail"}]}
RESULT: {"script":"<script> [1562 bytes]","args":[{"selector":{"id":"revertPlanningBtn","viewName":"etm.portal.ui.managecontracts.view.Detail","interaction":{"idSuffix":"BDI-content"}},"wdio_ui5_key":"revertPlanningBtnetmportal.ui.managecontracts.view.Detail"}]}
RESULT: undefined
COMMAND: POST /session/76d7290d120ab2421d75a09a4cbbcc0c/element - {"using":"xpath","value":"//*[@id=\"__xmlview64--revertPlanningBtn\"]"}
RESULT: {"using":"xpath","value":"//*[@id=\"__xmlview64--revertPlanningBtn\"]"}
COMMAND: POST /session/76d7290d120ab2421d75a09a4cbbcc0c/element/f.593288CD5F674EF5C803DB8E0F1C2C84.d.BB3F9D016B3E58AEB33EE771E0362E7E.e.6262/click - {}
RESULT: {}
COMMAND: POST /session/76d7290d120ab2421d75a09a4cbbcc0c/element - {"using":"xpath","value":"(//div[contains(@id ,\"selectMulti-CbBg\")])[2]"}
COMMAND: GET /session/76d7290d120ab2421d75a09a4cbbcc0c/screenshot - {}
RESULT: {"using":"xpath","value":"(//div[contains(@id ,\"selectMulti-CbBg\")])[2]"}
COMMAND: POST /session/76d7290d120ab2421d75a09a4cbbcc0c/element/f.593288CD5F674EF5C803DB8E0F1C2C84.d.BB3F9D016B3E58AEB33EE771E0362E7E.e.6311/click - {}
RESULT: {}
RESULT: {}
COMMAND: GET /session/76d7290d120ab2421d75a09a4cbbcc0c/screenshot - {}
RESULT: {}
COMMAND: POST /session/76d7290d120ab2421d75a09a4cbbcc0c/element - {"using":"xpath","value":"//span[contains(@id ,\"executeRevertPlanningBtn-content\")]"}
RESULT: {"using":"xpath","value":"//span[contains(@id ,\"executeRevertPlanningBtn-content\")]"}
COMMAND: POST /session/76d7290d120ab2421d75a09a4cbbcc0c/element/f.593288CD5F674EF5C803DB8E0F1C2C84.d.BB3F9D016B3E58AEB33EE771E0362E7E.e.6312/click - {}
RESULT: {}
COMMAND: GET /session/76d7290d120ab2421d75a09a4cbbcc0c/screenshot - {}
RESULT: {}
COMMAND: POST /session/76d7290d120ab2421d75a09a4cbbcc0c/actions - {"actions":[{"id":"action32","type":"key","parameters":{},"actions":[{"type":"keyDown","value":"î€‡"},{"type":"pause","duration":10},{"type":"keyUp","value":"î€‡"}]}]}
RESULT: {"actions":[{"id":"action32","type":"key","parameters":{},"actions":[{"type":"keyDown","value":"î€‡"},{"type":"pause","duration":10},{"type":"keyUp","value":"î€‡"}]}]}
COMMAND: GET /session/76d7290d120ab2421d75a09a4cbbcc0c/screenshot - {}
RESULT: {}
COMMAND: POST /session/76d7290d120ab2421d75a09a4cbbcc0c/refresh - {}
RESULT: {}
COMMAND: GET /session/76d7290d120ab2421d75a09a4cbbcc0c/screenshot - {}
RESULT: {}
COMMAND: POST /session/76d7290d120ab2421d75a09a4cbbcc0c/execute/async - {"script":"<script> [189 bytes]","args":[]}
RESULT: {"script":"<script> [189 bytes]","args":[]}
COMMAND: POST /session/76d7290d120ab2421d75a09a4cbbcc0c/execute/async - {"script":"<script> [123 bytes]","args":[]}
RESULT: {"script":"<script> [123 bytes]","args":[]}
COMMAND: POST /session/76d7290d120ab2421d75a09a4cbbcc0c/timeouts - {"script":"<number>"}
RESULT: {"script":"<number>"}
COMMAND: GET /session/76d7290d120ab2421d75a09a4cbbcc0c/timeouts - {}
RESULT: {}
RESULT: undefined
COMMAND: POST /session/76d7290d120ab2421d75a09a4cbbcc0c/execute/async - {"script":"<script> [2676 bytes]","args":[]}
RESULT: {"script":"<script> [2676 bytes]","args":[]}
COMMAND: POST /session/76d7290d120ab2421d75a09a4cbbcc0c/execute/async - {"script":"<script> [2342 bytes]","args":[{"protocol":"http","hostname":"0.0.0.0","path":"/","capabilities":{"browserName":"chrome","goog:chromeOptions":{"binary":"C:\\Program Files\\Google\\Chrome\\Application\\chrome.exe","args":["--start-maximized"]}},"logLevel":"warn","connectionRetryTimeout":120000,"connectionRetryCount":3,"logLevels":{},"enableDirectConnect":true,"strictSSL":true,"_":"65 more keys: [\"cacheDir\",\"port\",\"requestedCapabilities\",\"automationProtocol\",\"baseUrl\",\"waitforInterval\",\"waitforTimeout\",\"onReload\",\"beforeCommand\",\"afterCommand\",\"rootDir\",\"specs\",\"suites\",\"exclude\",\"groupLogsByTestSpec\",\"excludeDriverLogs\",\"bail\",\"framework\",\"reporters\",\"services\",\"maxInstances\",\"maxInstancesPerCapability\",\"injectGlobals\",\"filesToWatch\",\"execArgv\",\"runnerEnv\",\"runner\",\"shard\",\"specFileRetries\",\"specFileRetriesDelay\",\"specFileRetriesDeferred\",\"reporterSyncInterval\",\"reporterSyncTimeout\",\"cucumberFeaturesWithLineNumbers\",\"autoCompileOpts\",\"mochaOpts\",\"jasmineOpts\",\"cucumberOpts\",\"onPrepare\",\"onWorkerStart\",\"onWorkerEnd\",\"before\",\"beforeSession\",\"beforeSuite\",\"beforeHook\",\"beforeTest\",\"afterTest\",\"afterHook\",\"afterSuite\",\"afterSession\",\"after\",\"onComplete\",\"beforeAssertion\",\"afterAssertion\",\"beforeFeature\",\"beforeScenario\",\"beforeStep\",\"afterStep\",\"afterScenario\",\"afterFeature\",\"_\",\"suite\",\"$0\",\"ignoredWorkerServices\",\"wdi5\"]"}]}
RESULT: {"script":"<script> [2342 bytes]","args":[{"protocol":"http","hostname":"0.0.0.0","path":"/","capabilities":{"browserName":"chrome","goog:chromeOptions":{"binary":"C:\\Program Files\\Google\\Chrome\\Application\\chrome.exe","args":["--start-maximized"]}},"logLevel":"warn","connectionRetryTimeout":120000,"connectionRetryCount":3,"logLevels":{},"enableDirectConnect":true,"strictSSL":true,"_":"65 more keys: [\"cacheDir\",\"port\",\"requestedCapabilities\",\"automationProtocol\",\"baseUrl\",\"waitforInterval\",\"waitforTimeout\",\"onReload\",\"beforeCommand\",\"afterCommand\",\"rootDir\",\"specs\",\"suites\",\"exclude\",\"groupLogsByTestSpec\",\"excludeDriverLogs\",\"bail\",\"framework\",\"reporters\",\"services\",\"maxInstances\",\"maxInstancesPerCapability\",\"injectGlobals\",\"filesToWatch\",\"execArgv\",\"runnerEnv\",\"runner\",\"shard\",\"specFileRetries\",\"specFileRetriesDelay\",\"specFileRetriesDeferred\",\"reporterSyncInterval\",\"reporterSyncTimeout\",\"cucumberFeaturesWithLineNumbers\",\"autoCompileOpts\",\"mochaOpts\",\"jasmineOpts\",\"cucumberOpts\",\"onPrepare\",\"onWorkerStart\",\"onWorkerEnd\",\"before\",\"beforeSession\",\"beforeSuite\",\"beforeHook\",\"beforeTest\",\"afterTest\",\"afterHook\",\"afterSuite\",\"afterSession\",\"after\",\"onComplete\",\"beforeAssertion\",\"afterAssertion\",\"beforeFeature\",\"beforeScenario\",\"beforeStep\",\"afterStep\",\"afterScenario\",\"afterFeature\",\"_\",\"suite\",\"$0\",\"ignoredWorkerServices\",\"wdi5\"]"}]}
COMMAND: POST /session/76d7290d120ab2421d75a09a4cbbcc0c/execute/async - {"script":"<script> [21126 bytes]","args":[35000]}
RESULT: {"script":"<script> [21126 bytes]","args":[35000]}
COMMAND: POST /session/76d7290d120ab2421d75a09a4cbbcc0c/execute/async - {"script":"<script> [1562 bytes]","args":[{"selector":{"controlType":"sap.m.Title","viewName":"etm.portal.ui.managecontracts.view.Detail","properties":{"text":"Contract Items (1)"}},"wdio_ui5_key":"etmportal.ui.managecontracts.view.Detailsap.m.Title{\"text\":\"Contract Items (1)\"}"}]}
RESULT: {"script":"<script> [1562 bytes]","args":[{"selector":{"controlType":"sap.m.Title","viewName":"etm.portal.ui.managecontracts.view.Detail","properties":{"text":"Contract Items (1)"}},"wdio_ui5_key":"etmportal.ui.managecontracts.view.Detailsap.m.Title{\"text\":\"Contract Items (1)\"}"}]}
RESULT: undefined
COMMAND: POST /session/76d7290d120ab2421d75a09a4cbbcc0c/execute/async - {"script":"<script> [6424 bytes]","args":[{"element-6066-11e4-a52e-4f735466cecf":"f.593288CD5F674EF5C803DB8E0F1C2C84.d.89A826B0977C897021D7FB402CA80C8D.e.6482"},"getText",[]]}
RESULT: {"script":"<script> [6424 bytes]","args":[{"element-6066-11e4-a52e-4f735466cecf":"f.593288CD5F674EF5C803DB8E0F1C2C84.d.89A826B0977C897021D7FB402CA80C8D.e.6482"},"getText",[]]}
COMMAND: POST /session/76d7290d120ab2421d75a09a4cbbcc0c/execute/async - {"script":"<script> [1562 bytes]","args":[{"selector":{"id":"contractDetailEditBtn","viewName":"etm.portal.ui.managecontracts.view.Detail","interaction":{"idSuffix":"inner"}},"wdio_ui5_key":"contractDetailEditBtnetmportal.ui.managecontracts.view.Detail"}]}
RESULT: {"script":"<script> [1562 bytes]","args":[{"selector":{"id":"contractDetailEditBtn","viewName":"etm.portal.ui.managecontracts.view.Detail","interaction":{"idSuffix":"inner"}},"wdio_ui5_key":"contractDetailEditBtnetmportal.ui.managecontracts.view.Detail"}]}
RESULT: undefined
COMMAND: POST /session/76d7290d120ab2421d75a09a4cbbcc0c/element - {"using":"xpath","value":"//*[@id=\"__xmlview1--contractDetailEditBtn\"]"}
RESULT: {"using":"xpath","value":"//*[@id=\"__xmlview1--contractDetailEditBtn\"]"}
COMMAND: POST /session/76d7290d120ab2421d75a09a4cbbcc0c/element/f.593288CD5F674EF5C803DB8E0F1C2C84.d.89A826B0977C897021D7FB402CA80C8D.e.6484/click - {}
RESULT: {}
COMMAND: GET /session/76d7290d120ab2421d75a09a4cbbcc0c/screenshot - {}
RESULT: {}
COMMAND: POST /session/76d7290d120ab2421d75a09a4cbbcc0c/element - {"using":"xpath","value":"(//span[contains(text(), \"Header Billing Items\")])[2]"}
RESULT: {"using":"xpath","value":"(//span[contains(text(), \"Header Billing Items\")])[2]"}
COMMAND: POST /session/76d7290d120ab2421d75a09a4cbbcc0c/element/f.593288CD5F674EF5C803DB8E0F1C2C84.d.89A826B0977C897021D7FB402CA80C8D.e.6542/click - {}
RESULT: {}
COMMAND: GET /session/76d7290d120ab2421d75a09a4cbbcc0c/screenshot - {}
RESULT: {}
COMMAND: POST /session/76d7290d120ab2421d75a09a4cbbcc0c/element - {"using":"xpath","value":"//div[contains(@id ,\"ProductsTable-sa-CbBg\")]"}
RESULT: {"using":"xpath","value":"//div[contains(@id ,\"ProductsTable-sa-CbBg\")]"}
COMMAND: POST /session/76d7290d120ab2421d75a09a4cbbcc0c/element/f.593288CD5F674EF5C803DB8E0F1C2C84.d.89A826B0977C897021D7FB402CA80C8D.e.6554/click - {}
RESULT: {}
COMMAND: GET /session/76d7290d120ab2421d75a09a4cbbcc0c/screenshot - {}
RESULT: {}
COMMAND: POST /session/76d7290d120ab2421d75a09a4cbbcc0c/execute/async - {"script":"<script> [1562 bytes]","args":[{"selector":{"id":"deleteBtn","viewName":"etm.portal.ui.managecontracts.view.EditContract","interaction":{"idSuffix":"BDI-content"}},"wdio_ui5_key":"deleteBtnetmportal.ui.managecontracts.view.EditContract"}]}
RESULT: {"script":"<script> [1562 bytes]","args":[{"selector":{"id":"deleteBtn","viewName":"etm.portal.ui.managecontracts.view.EditContract","interaction":{"idSuffix":"BDI-content"}},"wdio_ui5_key":"deleteBtnetmportal.ui.managecontracts.view.EditContract"}]}
RESULT: undefined
COMMAND: POST /session/76d7290d120ab2421d75a09a4cbbcc0c/element - {"using":"xpath","value":"//*[@id=\"__xmlview2--deleteBtn\"]"}
RESULT: {"using":"xpath","value":"//*[@id=\"__xmlview2--deleteBtn\"]"}
COMMAND: POST /session/76d7290d120ab2421d75a09a4cbbcc0c/element/f.593288CD5F674EF5C803DB8E0F1C2C84.d.89A826B0977C897021D7FB402CA80C8D.e.6556/click - {}
RESULT: {}
COMMAND: POST /session/76d7290d120ab2421d75a09a4cbbcc0c/element - {"using":"xpath","value":"//bdi[contains(@id ,\"BDI-content\")][contains(text(), \"OK\")]"}
COMMAND: GET /session/76d7290d120ab2421d75a09a4cbbcc0c/screenshot - {}
RESULT: {"using":"xpath","value":"//bdi[contains(@id ,\"BDI-content\")][contains(text(), \"OK\")]"}
COMMAND: POST /session/76d7290d120ab2421d75a09a4cbbcc0c/element/f.593288CD5F674EF5C803DB8E0F1C2C84.d.89A826B0977C897021D7FB402CA80C8D.e.6558/click - {}
RESULT: {}
RESULT: {}
COMMAND: GET /session/76d7290d120ab2421d75a09a4cbbcc0c/screenshot - {}
RESULT: {}
COMMAND: POST /session/76d7290d120ab2421d75a09a4cbbcc0c/element - {"using":"xpath","value":"//bdi[contains(@id ,\"BDI-content\")][contains(text(), \"Save\")]"}
RESULT: {"using":"xpath","value":"//bdi[contains(@id ,\"BDI-content\")][contains(text(), \"Save\")]"}
COMMAND: POST /session/76d7290d120ab2421d75a09a4cbbcc0c/element/f.593288CD5F674EF5C803DB8E0F1C2C84.d.89A826B0977C897021D7FB402CA80C8D.e.6560/click - {}
RESULT: {}
COMMAND: GET /session/76d7290d120ab2421d75a09a4cbbcc0c/screenshot - {}
RESULT: {}
COMMAND: POST /session/76d7290d120ab2421d75a09a4cbbcc0c/element - {"using":"xpath","value":"(//span[contains(text(), \"Header Billing Items\")])[1]"}
RESULT: {"using":"xpath","value":"(//span[contains(text(), \"Header Billing Items\")])[1]"}
COMMAND: POST /session/76d7290d120ab2421d75a09a4cbbcc0c/element/f.593288CD5F674EF5C803DB8E0F1C2C84.d.89A826B0977C897021D7FB402CA80C8D.e.6563/click - {}
RESULT: {}
COMMAND: GET /session/76d7290d120ab2421d75a09a4cbbcc0c/screenshot - {}
RESULT: {}
COMMAND: POST /session/76d7290d120ab2421d75a09a4cbbcc0c/execute/async - {"script":"<script> [1562 bytes]","args":[{"selector":{"controlType":"sap.m.ObjectStatus","viewName":"etm.portal.ui.managecontracts.view.Detail","bindingPath":{"path":"/SmartContractItems(CONTRACT='10641',ITEM=10m,SUB_ITEM=0m)","propertyPath":"STATUS"}},"wdio_ui5_key":"etmportal.ui.managecontracts.view.Detailsap.m.ObjectStatus{\"path\":\"/SmartContractItems(CONTRACT='10641',ITEM=10m,SUB_ITEM=0m)\",\"propertyPath\":\"STATUS\"}"}]}
RESULT: {"script":"<script> [1562 bytes]","args":[{"selector":{"controlType":"sap.m.ObjectStatus","viewName":"etm.portal.ui.managecontracts.view.Detail","bindingPath":{"path":"/SmartContractItems(CONTRACT='10641',ITEM=10m,SUB_ITEM=0m)","propertyPath":"STATUS"}},"wdio_ui5_key":"etmportal.ui.managecontracts.view.Detailsap.m.ObjectStatus{\"path\":\"/SmartContractItems(CONTRACT='10641',ITEM=10m,SUB_ITEM=0m)\",\"propertyPath\":\"STATUS\"}"}]}
RESULT: undefined
COMMAND: POST /session/76d7290d120ab2421d75a09a4cbbcc0c/execute/async - {"script":"<script> [6424 bytes]","args":[{"element-6066-11e4-a52e-4f735466cecf":"f.593288CD5F674EF5C803DB8E0F1C2C84.d.89A826B0977C897021D7FB402CA80C8D.e.6567"},"getText",[]]}
RESULT: {"script":"<script> [6424 bytes]","args":[{"element-6066-11e4-a52e-4f735466cecf":"f.593288CD5F674EF5C803DB8E0F1C2C84.d.89A826B0977C897021D7FB402CA80C8D.e.6567"},"getText",[]]}
COMMAND: POST /session/76d7290d120ab2421d75a09a4cbbcc0c/element - {"using":"css selector","value":"#shell-header-logo"}
RESULT: {"using":"css selector","value":"#shell-header-logo"}
COMMAND: POST /session/76d7290d120ab2421d75a09a4cbbcc0c/element/f.593288CD5F674EF5C803DB8E0F1C2C84.d.89A826B0977C897021D7FB402CA80C8D.e.6423/click - {}
RESULT: {}
COMMAND: GET /session/76d7290d120ab2421d75a09a4cbbcc0c/screenshot - {}
RESULT: {}
COMMAND: POST /session/76d7290d120ab2421d75a09a4cbbcc0c/execute/async - {"script":"<script> [1562 bytes]","args":[{"selector":{"controlType":"sap.m.GenericTile","properties":{"header":"Manage Requests"}},"wdio_ui5_key":"sapm.GenericTile{\"header\":\"Manage Requests\"}"}]}
RESULT: {"script":"<script> [1562 bytes]","args":[{"selector":{"controlType":"sap.m.GenericTile","properties":{"header":"Manage Requests"}},"wdio_ui5_key":"sapm.GenericTile{\"header\":\"Manage Requests\"}"}]}
RESULT: undefined
COMMAND: POST /session/76d7290d120ab2421d75a09a4cbbcc0c/element - {"using":"xpath","value":"//*[@id=\"__tile47\"]"}
RESULT: {"using":"xpath","value":"//*[@id=\"__tile47\"]"}
COMMAND: POST /session/76d7290d120ab2421d75a09a4cbbcc0c/element/f.593288CD5F674EF5C803DB8E0F1C2C84.d.89A826B0977C897021D7FB402CA80C8D.e.6584/click - {}
RESULT: {}
COMMAND: GET /session/76d7290d120ab2421d75a09a4cbbcc0c/screenshot - {}
RESULT: {}
COMMAND: POST /session/76d7290d120ab2421d75a09a4cbbcc0c/execute/async - {"script":"<script> [1562 bytes]","args":[{"selector":{"controlType":"sap.m.SearchField","viewName":"etm.portal.ui.managerequests.view.Master","bindingPath":{"path":"","propertyPath":"/_BASIC_SEARCH_FIELD","modelName":"fi1t3rM0d31"},"interaction":{"idSuffix":"I"}},"wdio_ui5_key":"etmportal.ui.managerequests.view.Mastersap.m.SearchField{\"path\":\"\",\"propertyPath\":\"/_BASIC_SEARCH_FIELD\",\"modelName\":\"fi1t3rM0d31\"}"}]}
RESULT: {"script":"<script> [1562 bytes]","args":[{"selector":{"controlType":"sap.m.SearchField","viewName":"etm.portal.ui.managerequests.view.Master","bindingPath":{"path":"","propertyPath":"/_BASIC_SEARCH_FIELD","modelName":"fi1t3rM0d31"},"interaction":{"idSuffix":"I"}},"wdio_ui5_key":"etmportal.ui.managerequests.view.Mastersap.m.SearchField{\"path\":\"\",\"propertyPath\":\"/_BASIC_SEARCH_FIELD\",\"modelName\":\"fi1t3rM0d31\"}"}]}
RESULT: undefined
COMMAND: POST /session/76d7290d120ab2421d75a09a4cbbcc0c/execute/async - {"script":"<script> [776 bytes]","args":[{"enterText":"20401","selector":{"controlType":"sap.m.SearchField","viewName":"etm.portal.ui.managerequests.view.Master","bindingPath":{"path":"","propertyPath":"/_BASIC_SEARCH_FIELD","modelName":"fi1t3rM0d31"},"interaction":{"idSuffix":"I"}},"clearTextFirst":true,"interactionType":"ENTER_TEXT"}]}
RESULT: {"script":"<script> [776 bytes]","args":[{"enterText":"20401","selector":{"controlType":"sap.m.SearchField","viewName":"etm.portal.ui.managerequests.view.Master","bindingPath":{"path":"","propertyPath":"/_BASIC_SEARCH_FIELD","modelName":"fi1t3rM0d31"},"interaction":{"idSuffix":"I"}},"clearTextFirst":true,"interactionType":"ENTER_TEXT"}]}
COMMAND: POST /session/76d7290d120ab2421d75a09a4cbbcc0c/actions - {"actions":[{"id":"action33","type":"key","parameters":{},"actions":[{"type":"keyDown","value":"î€‡"},{"type":"pause","duration":10},{"type":"keyUp","value":"î€‡"}]}]}
RESULT: {"actions":[{"id":"action33","type":"key","parameters":{},"actions":[{"type":"keyDown","value":"î€‡"},{"type":"pause","duration":10},{"type":"keyUp","value":"î€‡"}]}]}
COMMAND: GET /session/76d7290d120ab2421d75a09a4cbbcc0c/screenshot - {}
RESULT: {}
COMMAND: POST /session/76d7290d120ab2421d75a09a4cbbcc0c/execute/async - {"script":"<script> [1562 bytes]","args":[{"selector":{"controlType":"sap.m.Text","viewName":"etm.portal.ui.managerequests.view.Master","bindingPath":{"path":"/SmartManageRequests('20401')","propertyPath":"NO"}},"wdio_ui5_key":"etmportal.ui.managerequests.view.Mastersap.m.Text{\"path\":\"/SmartManageRequests('20401')\",\"propertyPath\":\"NO\"}"}]}
RESULT: {"script":"<script> [1562 bytes]","args":[{"selector":{"controlType":"sap.m.Text","viewName":"etm.portal.ui.managerequests.view.Master","bindingPath":{"path":"/SmartManageRequests('20401')","propertyPath":"NO"}},"wdio_ui5_key":"etmportal.ui.managerequests.view.Mastersap.m.Text{\"path\":\"/SmartManageRequests('20401')\",\"propertyPath\":\"NO\"}"}]}
RESULT: undefined
COMMAND: POST /session/76d7290d120ab2421d75a09a4cbbcc0c/element - {"using":"xpath","value":"//*[@id=\"__text463-__clone172\"]"}
RESULT: {"using":"xpath","value":"//*[@id=\"__text463-__clone172\"]"}
COMMAND: POST /session/76d7290d120ab2421d75a09a4cbbcc0c/element/f.593288CD5F674EF5C803DB8E0F1C2C84.d.89A826B0977C897021D7FB402CA80C8D.e.6716/click - {}
RESULT: {}
COMMAND: GET /session/76d7290d120ab2421d75a09a4cbbcc0c/screenshot - {}
RESULT: {}
COMMAND: POST /session/76d7290d120ab2421d75a09a4cbbcc0c/execute/async - {"script":"<script> [1562 bytes]","args":[{"selector":{"controlType":"sap.ui.core.Icon","viewName":"etm.portal.ui.managerequests.view.Detail","properties":{"src":{"regex":{"source":"slim\\-arrow\\-up"}}}},"wdio_ui5_key":"etmportal.ui.managerequests.view.Detailsap.ui.core.Icon{\"src\":{\"regex\":{\"source\":\"slim\\\\-arrow\\\\-up\"}}}"}]}
RESULT: {"script":"<script> [1562 bytes]","args":[{"selector":{"controlType":"sap.ui.core.Icon","viewName":"etm.portal.ui.managerequests.view.Detail","properties":{"src":{"regex":{"source":"slim\\-arrow\\-up"}}}},"wdio_ui5_key":"etmportal.ui.managerequests.view.Detailsap.ui.core.Icon{\"src\":{\"regex\":{\"source\":\"slim\\\\-arrow\\\\-up\"}}}"}]}
RESULT: undefined
COMMAND: POST /session/76d7290d120ab2421d75a09a4cbbcc0c/element - {"using":"xpath","value":"//*[@id=\"__xmlview62--detailRequestPage-OPHeaderContent-collapseBtn-img\"]"}
RESULT: {"using":"xpath","value":"//*[@id=\"__xmlview62--detailRequestPage-OPHeaderContent-collapseBtn-img\"]"}
COMMAND: POST /session/76d7290d120ab2421d75a09a4cbbcc0c/element/f.593288CD5F674EF5C803DB8E0F1C2C84.d.89A826B0977C897021D7FB402CA80C8D.e.6872/click - {}
RESULT: {}
COMMAND: GET /session/76d7290d120ab2421d75a09a4cbbcc0c/screenshot - {}
RESULT: {}
COMMAND: POST /session/76d7290d120ab2421d75a09a4cbbcc0c/execute/async - {"script":"<script> [1562 bytes]","args":[{"selector":{"controlType":"sap.m.Text","viewName":"etm.portal.ui.managerequests.view.Detail","bindingPath":{"path":"/SmartRequestItemsPlanningBoard(ITEM=20m,REQUEST='20401')","propertyPath":"STATUS_DESC"}},"wdio_ui5_key":"etmportal.ui.managerequests.view.Detailsap.m.Text{\"path\":\"/SmartRequestItemsPlanningBoard(ITEM=20m,REQUEST='20401')\",\"propertyPath\":\"STATUS_DESC\"}"}]}
RESULT: {"script":"<script> [1562 bytes]","args":[{"selector":{"controlType":"sap.m.Text","viewName":"etm.portal.ui.managerequests.view.Detail","bindingPath":{"path":"/SmartRequestItemsPlanningBoard(ITEM=20m,REQUEST='20401')","propertyPath":"STATUS_DESC"}},"wdio_ui5_key":"etmportal.ui.managerequests.view.Detailsap.m.Text{\"path\":\"/SmartRequestItemsPlanningBoard(ITEM=20m,REQUEST='20401')\",\"propertyPath\":\"STATUS_DESC\"}"}]}
RESULT: undefined
COMMAND: POST /session/76d7290d120ab2421d75a09a4cbbcc0c/execute/async - {"script":"<script> [6424 bytes]","args":[{"element-6066-11e4-a52e-4f735466cecf":"f.593288CD5F674EF5C803DB8E0F1C2C84.d.89A826B0977C897021D7FB402CA80C8D.e.6925"},"getText",[]]}
RESULT: {"script":"<script> [6424 bytes]","args":[{"element-6066-11e4-a52e-4f735466cecf":"f.593288CD5F674EF5C803DB8E0F1C2C84.d.89A826B0977C897021D7FB402CA80C8D.e.6925"},"getText",[]]}
COMMAND: POST /session/76d7290d120ab2421d75a09a4cbbcc0c/element - {"using":"css selector","value":"#shell-header-logo"}
RESULT: {"using":"css selector","value":"#shell-header-logo"}
COMMAND: POST /session/76d7290d120ab2421d75a09a4cbbcc0c/element/f.593288CD5F674EF5C803DB8E0F1C2C84.d.89A826B0977C897021D7FB402CA80C8D.e.6589/click - {}
RESULT: {}
COMMAND: GET /session/76d7290d120ab2421d75a09a4cbbcc0c/screenshot - {}
RESULT: {}
]]></system-out>
    </testcase>
  </testsuite>
  <testsuite timestamp="2025-05-08T05:59:28" time="273.503" tests="4" failures="0" errors="0" skipped="0">
    <properties>
      <property name="specId" value="0" />
      <property name="suiteName" value="Standard contract close-reopen US111278" />
      <property name="capabilities" value="chrome.136_0_7103_49.windows" />
      <property name="file" value="file:///D:/a/1/s/test/specs/R2C/standard-contract-close-reopen.spec.js" />
    </properties>
    <testcase classname="chrome.136_0_7103_49.windows.Standard_contract_close-reopen_US111278" name="Should create a new contract and add an item" time="151.412">
      <system-out><![CDATA[
COMMAND: POST /session/76d7290d120ab2421d75a09a4cbbcc0c/execute/async - {"script":"<script> [1562 bytes]","args":[{"selector":{"controlType":"sap.m.Text","viewName":"etm.portal.ui.managecontractstile.view.Master","properties":{"text":"Manage Contracts"},"interaction":{"idSuffix":"inner"}},"wdio_ui5_key":"etmportal.ui.managecontractstile.view.Mastersap.m.Text{\"text\":\"Manage Contracts\"}"}]}
RESULT: {"script":"<script> [1562 bytes]","args":[{"selector":{"controlType":"sap.m.Text","viewName":"etm.portal.ui.managecontractstile.view.Master","properties":{"text":"Manage Contracts"},"interaction":{"idSuffix":"inner"}},"wdio_ui5_key":"etmportal.ui.managecontractstile.view.Mastersap.m.Text{\"text\":\"Manage Contracts\"}"}]}
RESULT: undefined
COMMAND: POST /session/76d7290d120ab2421d75a09a4cbbcc0c/element - {"using":"xpath","value":"//*[@id=\"__tile131-title\"]"}
RESULT: {"using":"xpath","value":"//*[@id=\"__tile131-title\"]"}
COMMAND: POST /session/76d7290d120ab2421d75a09a4cbbcc0c/element/f.593288CD5F674EF5C803DB8E0F1C2C84.d.89A826B0977C897021D7FB402CA80C8D.e.6931/click - {}
RESULT: {}
COMMAND: GET /session/76d7290d120ab2421d75a09a4cbbcc0c/screenshot - {}
RESULT: {}
COMMAND: POST /session/76d7290d120ab2421d75a09a4cbbcc0c/element - {"using":"xpath","value":"//button[@data-kt=\"addButton\"]"}
RESULT: {"using":"xpath","value":"//button[@data-kt=\"addButton\"]"}
COMMAND: POST /session/76d7290d120ab2421d75a09a4cbbcc0c/element/f.593288CD5F674EF5C803DB8E0F1C2C84.d.89A826B0977C897021D7FB402CA80C8D.e.7002/click - {}
RESULT: {}
COMMAND: GET /session/76d7290d120ab2421d75a09a4cbbcc0c/screenshot - {}
RESULT: {}
COMMAND: POST /session/76d7290d120ab2421d75a09a4cbbcc0c/execute/async - {"script":"<script> [1562 bytes]","args":[{"selector":{"id":"application-managecontracts-display-component---AddNewContract--projectDescription","interaction":{"idSuffix":"inner"}},"wdio_ui5_key":"applicationmanagecontracts-display-component---AddNewContract--projectDescription"}]}
RESULT: {"script":"<script> [1562 bytes]","args":[{"selector":{"id":"application-managecontracts-display-component---AddNewContract--projectDescription","interaction":{"idSuffix":"inner"}},"wdio_ui5_key":"applicationmanagecontracts-display-component---AddNewContract--projectDescription"}]}
RESULT: undefined
COMMAND: POST /session/76d7290d120ab2421d75a09a4cbbcc0c/execute/async - {"script":"<script> [776 bytes]","args":[{"enterText":"WdIOR2cw4qsr","selector":{"id":"application-managecontracts-display-component---AddNewContract--projectDescription","interaction":{"idSuffix":"inner"}},"clearTextFirst":true,"interactionType":"ENTER_TEXT"}]}
RESULT: {"script":"<script> [776 bytes]","args":[{"enterText":"WdIOR2cw4qsr","selector":{"id":"application-managecontracts-display-component---AddNewContract--projectDescription","interaction":{"idSuffix":"inner"}},"clearTextFirst":true,"interactionType":"ENTER_TEXT"}]}
COMMAND: POST /session/76d7290d120ab2421d75a09a4cbbcc0c/element - {"using":"xpath","value":"//input[@id=\"application-managecontracts-display-component---AddNewContract--yardId-inner\"]"}
RESULT: {"using":"xpath","value":"//input[@id=\"application-managecontracts-display-component---AddNewContract--yardId-inner\"]"}
COMMAND: POST /session/76d7290d120ab2421d75a09a4cbbcc0c/element/f.593288CD5F674EF5C803DB8E0F1C2C84.d.89A826B0977C897021D7FB402CA80C8D.e.7259/clear - {}
RESULT: {}
COMMAND: POST /session/76d7290d120ab2421d75a09a4cbbcc0c/element/f.593288CD5F674EF5C803DB8E0F1C2C84.d.89A826B0977C897021D7FB402CA80C8D.e.7259/value - {"text":"WebdriverYardyi38p"}
COMMAND: GET /session/76d7290d120ab2421d75a09a4cbbcc0c/screenshot - {}
RESULT: {"text":"WebdriverYardyi38p"}
COMMAND: GET /session/76d7290d120ab2421d75a09a4cbbcc0c/screenshot - {}
RESULT: {}
RESULT: {}
COMMAND: POST /session/76d7290d120ab2421d75a09a4cbbcc0c/actions - {"actions":[{"id":"action34","type":"key","parameters":{},"actions":[{"type":"keyDown","value":"î€‡"},{"type":"pause","duration":10},{"type":"keyUp","value":"î€‡"}]}]}
RESULT: {"actions":[{"id":"action34","type":"key","parameters":{},"actions":[{"type":"keyDown","value":"î€‡"},{"type":"pause","duration":10},{"type":"keyUp","value":"î€‡"}]}]}
COMMAND: GET /session/76d7290d120ab2421d75a09a4cbbcc0c/screenshot - {}
RESULT: {}
COMMAND: POST /session/76d7290d120ab2421d75a09a4cbbcc0c/element - {"using":"xpath","value":"//input[@id=\"application-managecontracts-display-component---AddNewContract--customerSelect-inner\"]"}
RESULT: {"using":"xpath","value":"//input[@id=\"application-managecontracts-display-component---AddNewContract--customerSelect-inner\"]"}
COMMAND: POST /session/76d7290d120ab2421d75a09a4cbbcc0c/element/f.593288CD5F674EF5C803DB8E0F1C2C84.d.89A826B0977C897021D7FB402CA80C8D.e.7257/clear - {}
RESULT: {}
COMMAND: POST /session/76d7290d120ab2421d75a09a4cbbcc0c/element/f.593288CD5F674EF5C803DB8E0F1C2C84.d.89A826B0977C897021D7FB402CA80C8D.e.7257/value - {"text":"WebdriverPartnerznssg"}
COMMAND: GET /session/76d7290d120ab2421d75a09a4cbbcc0c/screenshot - {}
RESULT: {"text":"WebdriverPartnerznssg"}
COMMAND: GET /session/76d7290d120ab2421d75a09a4cbbcc0c/screenshot - {}
RESULT: {}
RESULT: {}
COMMAND: POST /session/76d7290d120ab2421d75a09a4cbbcc0c/actions - {"actions":[{"id":"action35","type":"key","parameters":{},"actions":[{"type":"keyDown","value":"î€‡"},{"type":"pause","duration":10},{"type":"keyUp","value":"î€‡"}]}]}
RESULT: {"actions":[{"id":"action35","type":"key","parameters":{},"actions":[{"type":"keyDown","value":"î€‡"},{"type":"pause","duration":10},{"type":"keyUp","value":"î€‡"}]}]}
COMMAND: GET /session/76d7290d120ab2421d75a09a4cbbcc0c/screenshot - {}
RESULT: {}
COMMAND: POST /session/76d7290d120ab2421d75a09a4cbbcc0c/element - {"using":"xpath","value":"//input[@id=\"application-managecontracts-display-component---AddNewContract--site-inner\"]"}
RESULT: {"using":"xpath","value":"//input[@id=\"application-managecontracts-display-component---AddNewContract--site-inner\"]"}
COMMAND: POST /session/76d7290d120ab2421d75a09a4cbbcc0c/element/f.593288CD5F674EF5C803DB8E0F1C2C84.d.89A826B0977C897021D7FB402CA80C8D.e.7258/clear - {}
RESULT: {}
COMMAND: POST /session/76d7290d120ab2421d75a09a4cbbcc0c/element/f.593288CD5F674EF5C803DB8E0F1C2C84.d.89A826B0977C897021D7FB402CA80C8D.e.7258/value - {"text":"WebdriverSiteleprc"}
COMMAND: GET /session/76d7290d120ab2421d75a09a4cbbcc0c/screenshot - {}
RESULT: {"text":"WebdriverSiteleprc"}
COMMAND: GET /session/76d7290d120ab2421d75a09a4cbbcc0c/screenshot - {}
RESULT: {}
RESULT: {}
COMMAND: POST /session/76d7290d120ab2421d75a09a4cbbcc0c/actions - {"actions":[{"id":"action36","type":"key","parameters":{},"actions":[{"type":"keyDown","value":"î€‡"},{"type":"pause","duration":10},{"type":"keyUp","value":"î€‡"}]}]}
RESULT: {"actions":[{"id":"action36","type":"key","parameters":{},"actions":[{"type":"keyDown","value":"î€‡"},{"type":"pause","duration":10},{"type":"keyUp","value":"î€‡"}]}]}
COMMAND: GET /session/76d7290d120ab2421d75a09a4cbbcc0c/screenshot - {}
COMMAND: POST /session/76d7290d120ab2421d75a09a4cbbcc0c/element - {"using":"xpath","value":"//button[@data-kt=\"saveButton\"]"}
RESULT: {}
RESULT: {"using":"xpath","value":"//button[@data-kt=\"saveButton\"]"}
COMMAND: POST /session/76d7290d120ab2421d75a09a4cbbcc0c/element/f.593288CD5F674EF5C803DB8E0F1C2C84.d.89A826B0977C897021D7FB402CA80C8D.e.7272/click - {}
RESULT: {}
COMMAND: GET /session/76d7290d120ab2421d75a09a4cbbcc0c/screenshot - {}
RESULT: {}
COMMAND: POST /session/76d7290d120ab2421d75a09a4cbbcc0c/execute/async - {"script":"<script> [1562 bytes]","args":[{"selector":{"id":"contractDetailTitleNoExpanded","viewName":"etm.portal.ui.managecontracts.view.Detail"},"wdio_ui5_key":"contractDetailTitleNoExpandedetmportal.ui.managecontracts.view.Detail"}]}
RESULT: {"script":"<script> [1562 bytes]","args":[{"selector":{"id":"contractDetailTitleNoExpanded","viewName":"etm.portal.ui.managecontracts.view.Detail"},"wdio_ui5_key":"contractDetailTitleNoExpandedetmportal.ui.managecontracts.view.Detail"}]}
RESULT: undefined
COMMAND: POST /session/76d7290d120ab2421d75a09a4cbbcc0c/execute/async - {"script":"<script> [6424 bytes]","args":[{"element-6066-11e4-a52e-4f735466cecf":"f.593288CD5F674EF5C803DB8E0F1C2C84.d.89A826B0977C897021D7FB402CA80C8D.e.7295"},"getText",[]]}
RESULT: {"script":"<script> [6424 bytes]","args":[{"element-6066-11e4-a52e-4f735466cecf":"f.593288CD5F674EF5C803DB8E0F1C2C84.d.89A826B0977C897021D7FB402CA80C8D.e.7295"},"getText",[]]}
COMMAND: POST /session/76d7290d120ab2421d75a09a4cbbcc0c/execute/async - {"script":"<script> [1562 bytes]","args":[{"selector":{"id":"closeContractBtn","viewName":"etm.portal.ui.managecontracts.view.Detail"},"wdio_ui5_key":"closeContractBtnetmportal.ui.managecontracts.view.Detail"}]}
RESULT: {"script":"<script> [1562 bytes]","args":[{"selector":{"id":"closeContractBtn","viewName":"etm.portal.ui.managecontracts.view.Detail"},"wdio_ui5_key":"closeContractBtnetmportal.ui.managecontracts.view.Detail"}]}
RESULT: undefined
COMMAND: POST /session/76d7290d120ab2421d75a09a4cbbcc0c/execute/async - {"script":"<script> [6424 bytes]","args":[{"element-6066-11e4-a52e-4f735466cecf":"f.593288CD5F674EF5C803DB8E0F1C2C84.d.89A826B0977C897021D7FB402CA80C8D.e.7296"},"getEnabled",[]]}
RESULT: {"script":"<script> [6424 bytes]","args":[{"element-6066-11e4-a52e-4f735466cecf":"f.593288CD5F674EF5C803DB8E0F1C2C84.d.89A826B0977C897021D7FB402CA80C8D.e.7296"},"getEnabled",[]]}
COMMAND: POST /session/76d7290d120ab2421d75a09a4cbbcc0c/element - {"using":"xpath","value":"//button[@data-kt=\"contractDetailEditBtnButton\"]"}
RESULT: {"using":"xpath","value":"//button[@data-kt=\"contractDetailEditBtnButton\"]"}
COMMAND: POST /session/76d7290d120ab2421d75a09a4cbbcc0c/element/f.593288CD5F674EF5C803DB8E0F1C2C84.d.89A826B0977C897021D7FB402CA80C8D.e.7297/click - {}
RESULT: {}
COMMAND: GET /session/76d7290d120ab2421d75a09a4cbbcc0c/screenshot - {}
RESULT: {}
COMMAND: POST /session/76d7290d120ab2421d75a09a4cbbcc0c/element - {"using":"xpath","value":"(//span[contains(text(), \"Additional Addresses\")])[2]"}
RESULT: {"using":"xpath","value":"(//span[contains(text(), \"Additional Addresses\")])[2]"}
COMMAND: POST /session/76d7290d120ab2421d75a09a4cbbcc0c/element/f.593288CD5F674EF5C803DB8E0F1C2C84.d.89A826B0977C897021D7FB402CA80C8D.e.7355/click - {}
RESULT: {}
COMMAND: GET /session/76d7290d120ab2421d75a09a4cbbcc0c/screenshot - {}
RESULT: {}
COMMAND: POST /session/76d7290d120ab2421d75a09a4cbbcc0c/element - {"using":"xpath","value":"//button[@data-kt=\"btnAddTableRowOverflowToolbarButton\"]"}
RESULT: {"using":"xpath","value":"//button[@data-kt=\"btnAddTableRowOverflowToolbarButton\"]"}
COMMAND: POST /session/76d7290d120ab2421d75a09a4cbbcc0c/element/f.593288CD5F674EF5C803DB8E0F1C2C84.d.89A826B0977C897021D7FB402CA80C8D.e.7357/click - {}
RESULT: {}
COMMAND: GET /session/76d7290d120ab2421d75a09a4cbbcc0c/screenshot - {}
RESULT: {}
COMMAND: POST /session/76d7290d120ab2421d75a09a4cbbcc0c/element - {"using":"xpath","value":"//div[(text() = 'Standard Entry' or . = 'Standard Entry')]"}
RESULT: {"using":"xpath","value":"//div[(text() = 'Standard Entry' or . = 'Standard Entry')]"}
COMMAND: POST /session/76d7290d120ab2421d75a09a4cbbcc0c/element/f.593288CD5F674EF5C803DB8E0F1C2C84.d.89A826B0977C897021D7FB402CA80C8D.e.7359/click - {}
RESULT: {}
COMMAND: POST /session/76d7290d120ab2421d75a09a4cbbcc0c/element - {"using":"xpath","value":"//td[6]/div/div/input[1]"}
COMMAND: GET /session/76d7290d120ab2421d75a09a4cbbcc0c/screenshot - {}
RESULT: {"using":"xpath","value":"//td[6]/div/div/input[1]"}
COMMAND: POST /session/76d7290d120ab2421d75a09a4cbbcc0c/element/f.593288CD5F674EF5C803DB8E0F1C2C84.d.89A826B0977C897021D7FB402CA80C8D.e.7361/click - {}
RESULT: {}
RESULT: {}
COMMAND: POST /session/76d7290d120ab2421d75a09a4cbbcc0c/actions - {"actions":[{"id":"action37","type":"key","parameters":{},"actions":[{"type":"keyDown","value":"î€ƒ"},{"type":"pause","duration":10},{"type":"keyUp","value":"î€ƒ"}]}]}
COMMAND: GET /session/76d7290d120ab2421d75a09a4cbbcc0c/screenshot - {}
RESULT: {"actions":[{"id":"action37","type":"key","parameters":{},"actions":[{"type":"keyDown","value":"î€ƒ"},{"type":"pause","duration":10},{"type":"keyUp","value":"î€ƒ"}]}]}
COMMAND: POST /session/76d7290d120ab2421d75a09a4cbbcc0c/element - {"using":"xpath","value":"//td[6]/div/div/input[1]"}
COMMAND: GET /session/76d7290d120ab2421d75a09a4cbbcc0c/screenshot - {}
RESULT: {}
RESULT: {"using":"xpath","value":"//td[6]/div/div/input[1]"}
COMMAND: POST /session/76d7290d120ab2421d75a09a4cbbcc0c/element/f.593288CD5F674EF5C803DB8E0F1C2C84.d.89A826B0977C897021D7FB402CA80C8D.e.7361/clear - {}
RESULT: {}
RESULT: {}
COMMAND: POST /session/76d7290d120ab2421d75a09a4cbbcc0c/element/f.593288CD5F674EF5C803DB8E0F1C2C84.d.89A826B0977C897021D7FB402CA80C8D.e.7361/value - {"text":"Material"}
COMMAND: GET /session/76d7290d120ab2421d75a09a4cbbcc0c/screenshot - {}
RESULT: {"text":"Material"}
COMMAND: GET /session/76d7290d120ab2421d75a09a4cbbcc0c/screenshot - {}
RESULT: {}
RESULT: {}
COMMAND: POST /session/76d7290d120ab2421d75a09a4cbbcc0c/actions - {"actions":[{"id":"action38","type":"key","parameters":{},"actions":[{"type":"keyDown","value":"î€‡"},{"type":"pause","duration":10},{"type":"keyUp","value":"î€‡"}]}]}
RESULT: {"actions":[{"id":"action38","type":"key","parameters":{},"actions":[{"type":"keyDown","value":"î€‡"},{"type":"pause","duration":10},{"type":"keyUp","value":"î€‡"}]}]}
COMMAND: GET /session/76d7290d120ab2421d75a09a4cbbcc0c/screenshot - {}
RESULT: {}
COMMAND: POST /session/76d7290d120ab2421d75a09a4cbbcc0c/actions - {"actions":[{"id":"action39","type":"key","parameters":{},"actions":[{"type":"keyDown","value":"î€‡"},{"type":"pause","duration":10},{"type":"keyUp","value":"î€‡"}]}]}
RESULT: {"actions":[{"id":"action39","type":"key","parameters":{},"actions":[{"type":"keyDown","value":"î€‡"},{"type":"pause","duration":10},{"type":"keyUp","value":"î€‡"}]}]}
COMMAND: POST /session/76d7290d120ab2421d75a09a4cbbcc0c/element - {"using":"xpath","value":"//td[7]/div/div/input"}
COMMAND: GET /session/76d7290d120ab2421d75a09a4cbbcc0c/screenshot - {}
RESULT: {"using":"xpath","value":"//td[7]/div/div/input"}
COMMAND: POST /session/76d7290d120ab2421d75a09a4cbbcc0c/element/f.593288CD5F674EF5C803DB8E0F1C2C84.d.89A826B0977C897021D7FB402CA80C8D.e.7374/clear - {}
RESULT: {}
RESULT: {}
COMMAND: POST /session/76d7290d120ab2421d75a09a4cbbcc0c/element/f.593288CD5F674EF5C803DB8E0F1C2C84.d.89A826B0977C897021D7FB402CA80C8D.e.7374/value - {"text":"WebdriverRUR2Cua91j"}
COMMAND: GET /session/76d7290d120ab2421d75a09a4cbbcc0c/screenshot - {}
RESULT: {"text":"WebdriverRUR2Cua91j"}
COMMAND: GET /session/76d7290d120ab2421d75a09a4cbbcc0c/screenshot - {}
RESULT: {}
RESULT: {}
COMMAND: POST /session/76d7290d120ab2421d75a09a4cbbcc0c/actions - {"actions":[{"id":"action40","type":"key","parameters":{},"actions":[{"type":"keyDown","value":"î€‡"},{"type":"pause","duration":10},{"type":"keyUp","value":"î€‡"}]}]}
RESULT: {"actions":[{"id":"action40","type":"key","parameters":{},"actions":[{"type":"keyDown","value":"î€‡"},{"type":"pause","duration":10},{"type":"keyUp","value":"î€‡"}]}]}
COMMAND: GET /session/76d7290d120ab2421d75a09a4cbbcc0c/screenshot - {}
RESULT: {}
COMMAND: POST /session/76d7290d120ab2421d75a09a4cbbcc0c/actions - {"actions":[{"id":"action41","type":"key","parameters":{},"actions":[{"type":"keyDown","value":"î€‡"},{"type":"pause","duration":10},{"type":"keyUp","value":"î€‡"}]}]}
RESULT: {"actions":[{"id":"action41","type":"key","parameters":{},"actions":[{"type":"keyDown","value":"î€‡"},{"type":"pause","duration":10},{"type":"keyUp","value":"î€‡"}]}]}
COMMAND: GET /session/76d7290d120ab2421d75a09a4cbbcc0c/screenshot - {}
RESULT: {}
COMMAND: POST /session/76d7290d120ab2421d75a09a4cbbcc0c/element - {"using":"xpath","value":"(//button[@data-kt=\"saveButton\"])[2]"}
RESULT: {"using":"xpath","value":"(//button[@data-kt=\"saveButton\"])[2]"}
COMMAND: POST /session/76d7290d120ab2421d75a09a4cbbcc0c/element/f.593288CD5F674EF5C803DB8E0F1C2C84.d.89A826B0977C897021D7FB402CA80C8D.e.7400/click - {}
RESULT: {}
COMMAND: GET /session/76d7290d120ab2421d75a09a4cbbcc0c/screenshot - {}
RESULT: {}
]]></system-out>
    </testcase>
    <testcase classname="chrome.136_0_7103_49.windows.Standard_contract_close-reopen_US111278" name="It should close the contract" time="23.863">
      <system-out><![CDATA[
RESULT: undefined
COMMAND: POST /session/76d7290d120ab2421d75a09a4cbbcc0c/element - {"using":"xpath","value":"//*[@id=\"__xmlview64--closeContractBtn\"]"}
RESULT: {"using":"xpath","value":"//*[@id=\"__xmlview64--closeContractBtn\"]"}
COMMAND: POST /session/76d7290d120ab2421d75a09a4cbbcc0c/element/f.593288CD5F674EF5C803DB8E0F1C2C84.d.89A826B0977C897021D7FB402CA80C8D.e.7296/click - {}
RESULT: {}
COMMAND: GET /session/76d7290d120ab2421d75a09a4cbbcc0c/screenshot - {}
RESULT: {}
COMMAND: POST /session/76d7290d120ab2421d75a09a4cbbcc0c/element - {"using":"xpath","value":"//span[contains(text(), \"Do you want to close the whole contract?\")]"}
RESULT: {"using":"xpath","value":"//span[contains(text(), \"Do you want to close the whole contract?\")]"}
COMMAND: POST /session/76d7290d120ab2421d75a09a4cbbcc0c/execute/sync - {"script":"<script> [8489 bytes]","args":[{"element-6066-11e4-a52e-4f735466cecf":"f.593288CD5F674EF5C803DB8E0F1C2C84.d.89A826B0977C897021D7FB402CA80C8D.e.7404","ELEMENT":"f.593288CD5F674EF5C803DB8E0F1C2C84.d.89A826B0977C897021D7FB402CA80C8D.e.7404"}]}
RESULT: {"script":"<script> [8489 bytes]","args":[{"element-6066-11e4-a52e-4f735466cecf":"f.593288CD5F674EF5C803DB8E0F1C2C84.d.89A826B0977C897021D7FB402CA80C8D.e.7404","ELEMENT":"f.593288CD5F674EF5C803DB8E0F1C2C84.d.89A826B0977C897021D7FB402CA80C8D.e.7404"}]}
COMMAND: POST /session/76d7290d120ab2421d75a09a4cbbcc0c/element - {"using":"xpath","value":"//bdi[contains(text(), \"OK\")]"}
COMMAND: GET /session/76d7290d120ab2421d75a09a4cbbcc0c/screenshot - {}
RESULT: {"using":"xpath","value":"//bdi[contains(text(), \"OK\")]"}
COMMAND: POST /session/76d7290d120ab2421d75a09a4cbbcc0c/element/f.593288CD5F674EF5C803DB8E0F1C2C84.d.89A826B0977C897021D7FB402CA80C8D.e.7405/click - {}
RESULT: {}
RESULT: {}
COMMAND: GET /session/76d7290d120ab2421d75a09a4cbbcc0c/screenshot - {}
RESULT: {}
COMMAND: POST /session/76d7290d120ab2421d75a09a4cbbcc0c/element - {"using":"xpath","value":"//input[contains(@id ,\"smartContractFilterBar-btnBasicSearch-I\")]"}
RESULT: {"using":"xpath","value":"//input[contains(@id ,\"smartContractFilterBar-btnBasicSearch-I\")]"}
COMMAND: POST /session/76d7290d120ab2421d75a09a4cbbcc0c/element/f.593288CD5F674EF5C803DB8E0F1C2C84.d.89A826B0977C897021D7FB402CA80C8D.e.6936/clear - {}
RESULT: {}
COMMAND: POST /session/76d7290d120ab2421d75a09a4cbbcc0c/element/f.593288CD5F674EF5C803DB8E0F1C2C84.d.89A826B0977C897021D7FB402CA80C8D.e.6936/value - {"text":"10644"}
COMMAND: GET /session/76d7290d120ab2421d75a09a4cbbcc0c/screenshot - {}
RESULT: {"text":"10644"}
COMMAND: POST /session/76d7290d120ab2421d75a09a4cbbcc0c/actions - {"actions":[{"id":"action42","type":"key","parameters":{},"actions":[{"type":"keyDown","value":"î€‡"},{"type":"pause","duration":10},{"type":"keyUp","value":"î€‡"}]}]}
COMMAND: GET /session/76d7290d120ab2421d75a09a4cbbcc0c/screenshot - {}
RESULT: {}
RESULT: {"actions":[{"id":"action42","type":"key","parameters":{},"actions":[{"type":"keyDown","value":"î€‡"},{"type":"pause","duration":10},{"type":"keyUp","value":"î€‡"}]}]}
COMMAND: GET /session/76d7290d120ab2421d75a09a4cbbcc0c/screenshot - {}
RESULT: {}
RESULT: {}
COMMAND: POST /session/76d7290d120ab2421d75a09a4cbbcc0c/execute/async - {"script":"<script> [1562 bytes]","args":[{"selector":{"controlType":"sap.ui.core.Icon","viewName":"etm.portal.ui.managecontracts.view.Master","properties":{"src":{"regex":{"source":"slim\\-arrow\\-right"}}}},"wdio_ui5_key":"etmportal.ui.managecontracts.view.Mastersap.ui.core.Icon{\"src\":{\"regex\":{\"source\":\"slim\\\\-arrow\\\\-right\"}}}"}]}
RESULT: {"script":"<script> [1562 bytes]","args":[{"selector":{"controlType":"sap.ui.core.Icon","viewName":"etm.portal.ui.managecontracts.view.Master","properties":{"src":{"regex":{"source":"slim\\-arrow\\-right"}}}},"wdio_ui5_key":"etmportal.ui.managecontracts.view.Mastersap.ui.core.Icon{\"src\":{\"regex\":{\"source\":\"slim\\\\-arrow\\\\-right\"}}}"}]}
RESULT: undefined
COMMAND: POST /session/76d7290d120ab2421d75a09a4cbbcc0c/element - {"using":"xpath","value":"//*[@id=\"__item129-__clone12379-imgNav\"]"}
RESULT: {"using":"xpath","value":"//*[@id=\"__item129-__clone12379-imgNav\"]"}
COMMAND: POST /session/76d7290d120ab2421d75a09a4cbbcc0c/element/f.593288CD5F674EF5C803DB8E0F1C2C84.d.89A826B0977C897021D7FB402CA80C8D.e.7610/click - {}
RESULT: {}
COMMAND: POST /session/76d7290d120ab2421d75a09a4cbbcc0c/execute/async - {"script":"<script> [1562 bytes]","args":[{"selector":{"controlType":"sap.m.ObjectStatus","viewName":"etm.portal.ui.managecontracts.view.Detail","bindingPath":{"propertyPath":"LINK_TO_LOGISTICAL_STATUS/DESCRIPTION","modelName":"catalogModel"}},"wdio_ui5_key":"etmportal.ui.managecontracts.view.Detailsap.m.ObjectStatus{\"propertyPath\":\"LINK_TO_LOGISTICAL_STATUS/DESCRIPTION\",\"modelName\":\"catalogModel\"}"}]}
COMMAND: GET /session/76d7290d120ab2421d75a09a4cbbcc0c/screenshot - {}
RESULT: {"script":"<script> [1562 bytes]","args":[{"selector":{"controlType":"sap.m.ObjectStatus","viewName":"etm.portal.ui.managecontracts.view.Detail","bindingPath":{"propertyPath":"LINK_TO_LOGISTICAL_STATUS/DESCRIPTION","modelName":"catalogModel"}},"wdio_ui5_key":"etmportal.ui.managecontracts.view.Detailsap.m.ObjectStatus{\"propertyPath\":\"LINK_TO_LOGISTICAL_STATUS/DESCRIPTION\",\"modelName\":\"catalogModel\"}"}]}
RESULT: undefined
COMMAND: POST /session/76d7290d120ab2421d75a09a4cbbcc0c/execute/async - {"script":"<script> [6424 bytes]","args":[{"element-6066-11e4-a52e-4f735466cecf":"f.593288CD5F674EF5C803DB8E0F1C2C84.d.89A826B0977C897021D7FB402CA80C8D.e.7651"},"getText",[]]}
RESULT: {}
RESULT: {"script":"<script> [6424 bytes]","args":[{"element-6066-11e4-a52e-4f735466cecf":"f.593288CD5F674EF5C803DB8E0F1C2C84.d.89A826B0977C897021D7FB402CA80C8D.e.7651"},"getText",[]]}
]]></system-out>
    </testcase>
    <testcase classname="chrome.136_0_7103_49.windows.Standard_contract_close-reopen_US111278" name="Should reopen the contract" time="10.943">
      <system-out><![CDATA[
COMMAND: POST /session/76d7290d120ab2421d75a09a4cbbcc0c/execute/async - {"script":"<script> [1562 bytes]","args":[{"selector":{"id":"openContractBtn","viewName":"etm.portal.ui.managecontracts.view.Detail"},"wdio_ui5_key":"openContractBtnetmportal.ui.managecontracts.view.Detail"}]}
RESULT: {"script":"<script> [1562 bytes]","args":[{"selector":{"id":"openContractBtn","viewName":"etm.portal.ui.managecontracts.view.Detail"},"wdio_ui5_key":"openContractBtnetmportal.ui.managecontracts.view.Detail"}]}
RESULT: undefined
COMMAND: POST /session/76d7290d120ab2421d75a09a4cbbcc0c/execute/async - {"script":"<script> [6424 bytes]","args":[{"element-6066-11e4-a52e-4f735466cecf":"f.593288CD5F674EF5C803DB8E0F1C2C84.d.89A826B0977C897021D7FB402CA80C8D.e.7630"},"getEnabled",[]]}
RESULT: {"script":"<script> [6424 bytes]","args":[{"element-6066-11e4-a52e-4f735466cecf":"f.593288CD5F674EF5C803DB8E0F1C2C84.d.89A826B0977C897021D7FB402CA80C8D.e.7630"},"getEnabled",[]]}
COMMAND: POST /session/76d7290d120ab2421d75a09a4cbbcc0c/element - {"using":"xpath","value":"//bdi[contains(text(), \"Edit\")]"}
RESULT: {"using":"xpath","value":"//bdi[contains(text(), \"Edit\")]"}
COMMAND: POST /session/76d7290d120ab2421d75a09a4cbbcc0c/element - {"using":"xpath","value":"//bdi[contains(text(), \"Edit\")]"}
RESULT: undefined
COMMAND: POST /session/76d7290d120ab2421d75a09a4cbbcc0c/element - {"using":"xpath","value":"//*[@id=\"__xmlview64--openContractBtn\"]"}
RESULT: {"using":"xpath","value":"//bdi[contains(text(), \"Edit\")]"}
RESULT: {"using":"xpath","value":"//*[@id=\"__xmlview64--openContractBtn\"]"}
COMMAND: POST /session/76d7290d120ab2421d75a09a4cbbcc0c/element/f.593288CD5F674EF5C803DB8E0F1C2C84.d.89A826B0977C897021D7FB402CA80C8D.e.7630/click - {}
RESULT: {}
COMMAND: POST /session/76d7290d120ab2421d75a09a4cbbcc0c/execute/async - {"script":"<script> [1562 bytes]","args":[{"selector":{"controlType":"sap.m.Text","properties":{"text":"Contract has been reopened successfully"},"searchOpenDialogs":true},"wdio_ui5_key":"sapm.Text{\"text\":\"Contract has been reopened successfully\"}"}]}
COMMAND: GET /session/76d7290d120ab2421d75a09a4cbbcc0c/screenshot - {}
RESULT: {"script":"<script> [1562 bytes]","args":[{"selector":{"controlType":"sap.m.Text","properties":{"text":"Contract has been reopened successfully"},"searchOpenDialogs":true},"wdio_ui5_key":"sapm.Text{\"text\":\"Contract has been reopened successfully\"}"}]}
RESULT: undefined
COMMAND: POST /session/76d7290d120ab2421d75a09a4cbbcc0c/execute/async - {"script":"<script> [6424 bytes]","args":[{"element-6066-11e4-a52e-4f735466cecf":"f.593288CD5F674EF5C803DB8E0F1C2C84.d.89A826B0977C897021D7FB402CA80C8D.e.7653"},"getText",[]]}
RESULT: {}
RESULT: {"script":"<script> [6424 bytes]","args":[{"element-6066-11e4-a52e-4f735466cecf":"f.593288CD5F674EF5C803DB8E0F1C2C84.d.89A826B0977C897021D7FB402CA80C8D.e.7653"},"getText",[]]}
COMMAND: POST /session/76d7290d120ab2421d75a09a4cbbcc0c/element - {"using":"xpath","value":"//bdi[contains(text(), \"OK\")]"}
RESULT: {"using":"xpath","value":"//bdi[contains(text(), \"OK\")]"}
COMMAND: POST /session/76d7290d120ab2421d75a09a4cbbcc0c/element/f.593288CD5F674EF5C803DB8E0F1C2C84.d.89A826B0977C897021D7FB402CA80C8D.e.7655/click - {}
RESULT: {}
COMMAND: GET /session/76d7290d120ab2421d75a09a4cbbcc0c/screenshot - {}
RESULT: {}
COMMAND: POST /session/76d7290d120ab2421d75a09a4cbbcc0c/element - {"using":"xpath","value":"//bdi[contains(text(), \"Edit\")]"}
RESULT: undefined
COMMAND: POST /session/76d7290d120ab2421d75a09a4cbbcc0c/execute/async - {"script":"<script> [6424 bytes]","args":[{"element-6066-11e4-a52e-4f735466cecf":"f.593288CD5F674EF5C803DB8E0F1C2C84.d.89A826B0977C897021D7FB402CA80C8D.e.7296"},"getEnabled",[]]}
RESULT: {"using":"xpath","value":"//bdi[contains(text(), \"Edit\")]"}
COMMAND: POST /session/76d7290d120ab2421d75a09a4cbbcc0c/execute/sync - {"script":"<script> [8489 bytes]","args":[{"element-6066-11e4-a52e-4f735466cecf":"f.593288CD5F674EF5C803DB8E0F1C2C84.d.89A826B0977C897021D7FB402CA80C8D.e.7656","ELEMENT":"f.593288CD5F674EF5C803DB8E0F1C2C84.d.89A826B0977C897021D7FB402CA80C8D.e.7656"}]}
COMMAND: POST /session/76d7290d120ab2421d75a09a4cbbcc0c/execute/async - {"script":"<script> [1562 bytes]","args":[{"selector":{"id":"closeContractBtn","viewName":"etm.portal.ui.managecontracts.view.Detail"},"wdio_ui5_key":"closeContractBtnetmportal.ui.managecontracts.view.Detail"}]}
RESULT: {"script":"<script> [8489 bytes]","args":[{"element-6066-11e4-a52e-4f735466cecf":"f.593288CD5F674EF5C803DB8E0F1C2C84.d.89A826B0977C897021D7FB402CA80C8D.e.7656","ELEMENT":"f.593288CD5F674EF5C803DB8E0F1C2C84.d.89A826B0977C897021D7FB402CA80C8D.e.7656"}]}
COMMAND: GET /session/76d7290d120ab2421d75a09a4cbbcc0c/screenshot - {}
RESULT: {"script":"<script> [1562 bytes]","args":[{"selector":{"id":"closeContractBtn","viewName":"etm.portal.ui.managecontracts.view.Detail"},"wdio_ui5_key":"closeContractBtnetmportal.ui.managecontracts.view.Detail"}]}
COMMAND: POST /session/76d7290d120ab2421d75a09a4cbbcc0c/execute/async - {"script":"<script> [6424 bytes]","args":[{"element-6066-11e4-a52e-4f735466cecf":"f.593288CD5F674EF5C803DB8E0F1C2C84.d.89A826B0977C897021D7FB402CA80C8D.e.7657"},"getEnabled",[]]}
RESULT: {}
RESULT: {"script":"<script> [6424 bytes]","args":[{"element-6066-11e4-a52e-4f735466cecf":"f.593288CD5F674EF5C803DB8E0F1C2C84.d.89A826B0977C897021D7FB402CA80C8D.e.7657"},"getEnabled",[]]}
]]></system-out>
    </testcase>
    <testcase classname="chrome.136_0_7103_49.windows.Standard_contract_close-reopen_US111278" name="Should verify for multiple statuses that open button is not visible" time="83.295">
      <system-out><![CDATA[
COMMAND: POST /session/76d7290d120ab2421d75a09a4cbbcc0c/execute/async - {"script":"<script> [1562 bytes]","args":[{"selector":{"controlType":"sap.ui.core.Icon","viewName":"etm.portal.ui.managecontracts.view.Detail","properties":{"src":{"regex":{"source":"decline"}}}},"wdio_ui5_key":"etmportal.ui.managecontracts.view.Detailsap.ui.core.Icon{\"src\":{\"regex\":{\"source\":\"decline\"}}}"}]}
RESULT: {"script":"<script> [1562 bytes]","args":[{"selector":{"controlType":"sap.ui.core.Icon","viewName":"etm.portal.ui.managecontracts.view.Detail","properties":{"src":{"regex":{"source":"decline"}}}},"wdio_ui5_key":"etmportal.ui.managecontracts.view.Detailsap.ui.core.Icon{\"src\":{\"regex\":{\"source\":\"decline\"}}}"}]}
RESULT: undefined
COMMAND: POST /session/76d7290d120ab2421d75a09a4cbbcc0c/element - {"using":"xpath","value":"//*[@id=\"__xmlview64--closeColumnBtn-img\"]"}
RESULT: {"using":"xpath","value":"//*[@id=\"__xmlview64--closeColumnBtn-img\"]"}
COMMAND: POST /session/76d7290d120ab2421d75a09a4cbbcc0c/element/f.593288CD5F674EF5C803DB8E0F1C2C84.d.89A826B0977C897021D7FB402CA80C8D.e.7627/click - {}
RESULT: {}
COMMAND: GET /session/76d7290d120ab2421d75a09a4cbbcc0c/screenshot - {}
COMMAND: POST /session/76d7290d120ab2421d75a09a4cbbcc0c/element - {"using":"xpath","value":"//div[contains(@id ,\"smartContractFilterBar-btnBasicSearch-reset\")]"}
RESULT: {}
RESULT: {"using":"xpath","value":"//div[contains(@id ,\"smartContractFilterBar-btnBasicSearch-reset\")]"}
COMMAND: POST /session/76d7290d120ab2421d75a09a4cbbcc0c/element/f.593288CD5F674EF5C803DB8E0F1C2C84.d.89A826B0977C897021D7FB402CA80C8D.e.7629/click - {}
RESULT: {}
COMMAND: GET /session/76d7290d120ab2421d75a09a4cbbcc0c/screenshot - {}
COMMAND: POST /session/76d7290d120ab2421d75a09a4cbbcc0c/execute/async - {"script":"<script> [1562 bytes]","args":[{"selector":{"controlType":"sap.ui.core.Icon","viewName":"etm.portal.ui.managecontracts.view.Master","properties":{"src":{"regex":{"source":"slim\\-arrow\\-down"}}},"ancestor":{"id":"smartContractStatusFilter","viewName":"etm.portal.ui.managecontracts.view.Master"}},"wdio_ui5_key":"etmportal.ui.managecontracts.view.Mastersap.ui.core.Icon{\"src\":{\"regex\":{\"source\":\"slim\\\\-arrow\\\\-down\"}}}{\"id\":\"smartContractStatusFilter\",\"viewName\":\"etm.portal.ui.managecontracts.view.Master\"}"}]}
RESULT: {}
RESULT: {"script":"<script> [1562 bytes]","args":[{"selector":{"controlType":"sap.ui.core.Icon","viewName":"etm.portal.ui.managecontracts.view.Master","properties":{"src":{"regex":{"source":"slim\\-arrow\\-down"}}},"ancestor":{"id":"smartContractStatusFilter","viewName":"etm.portal.ui.managecontracts.view.Master"}},"wdio_ui5_key":"etmportal.ui.managecontracts.view.Mastersap.ui.core.Icon{\"src\":{\"regex\":{\"source\":\"slim\\\\-arrow\\\\-down\"}}}{\"id\":\"smartContractStatusFilter\",\"viewName\":\"etm.portal.ui.managecontracts.view.Master\"}"}]}
RESULT: undefined
COMMAND: POST /session/76d7290d120ab2421d75a09a4cbbcc0c/element - {"using":"xpath","value":"//*[@id=\"__xmlview63--smartContractStatusFilter-arrow\"]"}
RESULT: {"using":"xpath","value":"//*[@id=\"__xmlview63--smartContractStatusFilter-arrow\"]"}
COMMAND: POST /session/76d7290d120ab2421d75a09a4cbbcc0c/element/f.593288CD5F674EF5C803DB8E0F1C2C84.d.89A826B0977C897021D7FB402CA80C8D.e.7712/click - {}
RESULT: {}
COMMAND: POST /session/76d7290d120ab2421d75a09a4cbbcc0c/execute/async - {"script":"<script> [1562 bytes]","args":[{"selector":{"controlType":"sap.m.CheckBox","viewName":"etm.portal.ui.managecontracts.view.Master","properties":{"editable":true},"searchOpenDialogs":true,"ancestor":{"controlType":"sap.m.StandardListItem","viewName":"etm.portal.ui.managecontracts.view.Master","properties":{"title":"partial provided"},"searchOpenDialogs":true},"interaction":{"idSuffix":"CbBg"}},"wdio_ui5_key":"etmportal.ui.managecontracts.view.Mastersap.m.CheckBox{\"editable\":true}{\"controlType\":\"sap.m.StandardListItem\",\"viewName\":\"etm.portal.ui.managecontracts.view.Master\",\"properties\":{\"title\":\"partial provided\"},\"searchOpenDialogs\":true}"}]}
COMMAND: GET /session/76d7290d120ab2421d75a09a4cbbcc0c/screenshot - {}
RESULT: {"script":"<script> [1562 bytes]","args":[{"selector":{"controlType":"sap.m.CheckBox","viewName":"etm.portal.ui.managecontracts.view.Master","properties":{"editable":true},"searchOpenDialogs":true,"ancestor":{"controlType":"sap.m.StandardListItem","viewName":"etm.portal.ui.managecontracts.view.Master","properties":{"title":"partial provided"},"searchOpenDialogs":true},"interaction":{"idSuffix":"CbBg"}},"wdio_ui5_key":"etmportal.ui.managecontracts.view.Mastersap.m.CheckBox{\"editable\":true}{\"controlType\":\"sap.m.StandardListItem\",\"viewName\":\"etm.portal.ui.managecontracts.view.Master\",\"properties\":{\"title\":\"partial provided\"},\"searchOpenDialogs\":true}"}]}
RESULT: undefined
COMMAND: POST /session/76d7290d120ab2421d75a09a4cbbcc0c/element - {"using":"xpath","value":"//*[@id=\"__item3525-selectMulti\"]"}
RESULT: {}
RESULT: {"using":"xpath","value":"//*[@id=\"__item3525-selectMulti\"]"}
COMMAND: POST /session/76d7290d120ab2421d75a09a4cbbcc0c/element/f.593288CD5F674EF5C803DB8E0F1C2C84.d.89A826B0977C897021D7FB402CA80C8D.e.7721/click - {}
RESULT: {}
COMMAND: GET /session/76d7290d120ab2421d75a09a4cbbcc0c/screenshot - {}
RESULT: {}
COMMAND: POST /session/76d7290d120ab2421d75a09a4cbbcc0c/element - {"using":"xpath","value":"(//span[contains(@title ,\"Navigation\")])[2]"}
RESULT: {"using":"xpath","value":"(//span[contains(@title ,\"Navigation\")])[2]"}
COMMAND: POST /session/76d7290d120ab2421d75a09a4cbbcc0c/element/f.593288CD5F674EF5C803DB8E0F1C2C84.d.89A826B0977C897021D7FB402CA80C8D.e.7740/click - {}
RESULT: {}
COMMAND: GET /session/76d7290d120ab2421d75a09a4cbbcc0c/screenshot - {}
RESULT: {}
COMMAND: POST /session/76d7290d120ab2421d75a09a4cbbcc0c/element - {"using":"xpath","value":"//bdi[contains(@id ,\"closeContractBtn-BDI-content\")]"}
RESULT: {"using":"xpath","value":"//bdi[contains(@id ,\"closeContractBtn-BDI-content\")]"}
COMMAND: POST /session/76d7290d120ab2421d75a09a4cbbcc0c/execute/sync - {"script":"<script> [8489 bytes]","args":[{"element-6066-11e4-a52e-4f735466cecf":"f.593288CD5F674EF5C803DB8E0F1C2C84.d.89A826B0977C897021D7FB402CA80C8D.e.7930","ELEMENT":"f.593288CD5F674EF5C803DB8E0F1C2C84.d.89A826B0977C897021D7FB402CA80C8D.e.7930"}]}
RESULT: undefined
COMMAND: POST /session/76d7290d120ab2421d75a09a4cbbcc0c/element - {"using":"xpath","value":"//*[@id=\"__xmlview64--closeColumnBtn-img\"]"}
RESULT: {"script":"<script> [8489 bytes]","args":[{"element-6066-11e4-a52e-4f735466cecf":"f.593288CD5F674EF5C803DB8E0F1C2C84.d.89A826B0977C897021D7FB402CA80C8D.e.7930","ELEMENT":"f.593288CD5F674EF5C803DB8E0F1C2C84.d.89A826B0977C897021D7FB402CA80C8D.e.7930"}]}
COMMAND: GET /session/76d7290d120ab2421d75a09a4cbbcc0c/screenshot - {}
COMMAND: POST /session/76d7290d120ab2421d75a09a4cbbcc0c/execute/sync - {"script":"<script> [8489 bytes]","args":[{"element-6066-11e4-a52e-4f735466cecf":"f.593288CD5F674EF5C803DB8E0F1C2C84.d.89A826B0977C897021D7FB402CA80C8D.e.7930","ELEMENT":"f.593288CD5F674EF5C803DB8E0F1C2C84.d.89A826B0977C897021D7FB402CA80C8D.e.7930"}]}
RESULT: {"using":"xpath","value":"//*[@id=\"__xmlview64--closeColumnBtn-img\"]"}
COMMAND: POST /session/76d7290d120ab2421d75a09a4cbbcc0c/element/f.593288CD5F674EF5C803DB8E0F1C2C84.d.89A826B0977C897021D7FB402CA80C8D.e.7627/click - {}
RESULT: {}
COMMAND: POST /session/76d7290d120ab2421d75a09a4cbbcc0c/element - {"using":"xpath","value":"//bdi[contains(@id ,\"closeContractBtn-BDI-content\")]"}
RESULT: {}
COMMAND: GET /session/76d7290d120ab2421d75a09a4cbbcc0c/screenshot - {}
COMMAND: POST /session/76d7290d120ab2421d75a09a4cbbcc0c/refresh - {}
RESULT: {"using":"xpath","value":"//bdi[contains(@id ,\"closeContractBtn-BDI-content\")]"}
COMMAND: POST /session/76d7290d120ab2421d75a09a4cbbcc0c/element - {"using":"xpath","value":"//bdi[contains(@id ,\"closeContractBtn-BDI-content\")]"}
RESULT: {}
RESULT: {}
COMMAND: GET /session/76d7290d120ab2421d75a09a4cbbcc0c/screenshot - {}
RESULT: {"using":"xpath","value":"//bdi[contains(@id ,\"closeContractBtn-BDI-content\")]"}
RESULT: {}
COMMAND: POST /session/76d7290d120ab2421d75a09a4cbbcc0c/execute/async - {"script":"<script> [189 bytes]","args":[]}
RESULT: {"script":"<script> [189 bytes]","args":[]}
COMMAND: POST /session/76d7290d120ab2421d75a09a4cbbcc0c/execute/async - {"script":"<script> [123 bytes]","args":[]}
RESULT: {"script":"<script> [123 bytes]","args":[]}
COMMAND: POST /session/76d7290d120ab2421d75a09a4cbbcc0c/timeouts - {"script":"<number>"}
RESULT: {"script":"<number>"}
COMMAND: GET /session/76d7290d120ab2421d75a09a4cbbcc0c/timeouts - {}
RESULT: {}
RESULT: undefined
COMMAND: POST /session/76d7290d120ab2421d75a09a4cbbcc0c/execute/async - {"script":"<script> [2676 bytes]","args":[]}
RESULT: {"script":"<script> [2676 bytes]","args":[]}
COMMAND: POST /session/76d7290d120ab2421d75a09a4cbbcc0c/execute/async - {"script":"<script> [2342 bytes]","args":[{"protocol":"http","hostname":"0.0.0.0","path":"/","capabilities":{"browserName":"chrome","goog:chromeOptions":{"binary":"C:\\Program Files\\Google\\Chrome\\Application\\chrome.exe","args":["--start-maximized"]}},"logLevel":"warn","connectionRetryTimeout":120000,"connectionRetryCount":3,"logLevels":{},"enableDirectConnect":true,"strictSSL":true,"_":"65 more keys: [\"cacheDir\",\"port\",\"requestedCapabilities\",\"automationProtocol\",\"baseUrl\",\"waitforInterval\",\"waitforTimeout\",\"onReload\",\"beforeCommand\",\"afterCommand\",\"rootDir\",\"specs\",\"suites\",\"exclude\",\"groupLogsByTestSpec\",\"excludeDriverLogs\",\"bail\",\"framework\",\"reporters\",\"services\",\"maxInstances\",\"maxInstancesPerCapability\",\"injectGlobals\",\"filesToWatch\",\"execArgv\",\"runnerEnv\",\"runner\",\"shard\",\"specFileRetries\",\"specFileRetriesDelay\",\"specFileRetriesDeferred\",\"reporterSyncInterval\",\"reporterSyncTimeout\",\"cucumberFeaturesWithLineNumbers\",\"autoCompileOpts\",\"mochaOpts\",\"jasmineOpts\",\"cucumberOpts\",\"onPrepare\",\"onWorkerStart\",\"onWorkerEnd\",\"before\",\"beforeSession\",\"beforeSuite\",\"beforeHook\",\"beforeTest\",\"afterTest\",\"afterHook\",\"afterSuite\",\"afterSession\",\"after\",\"onComplete\",\"beforeAssertion\",\"afterAssertion\",\"beforeFeature\",\"beforeScenario\",\"beforeStep\",\"afterStep\",\"afterScenario\",\"afterFeature\",\"_\",\"suite\",\"$0\",\"ignoredWorkerServices\",\"wdi5\"]"}]}
RESULT: {"script":"<script> [2342 bytes]","args":[{"protocol":"http","hostname":"0.0.0.0","path":"/","capabilities":{"browserName":"chrome","goog:chromeOptions":{"binary":"C:\\Program Files\\Google\\Chrome\\Application\\chrome.exe","args":["--start-maximized"]}},"logLevel":"warn","connectionRetryTimeout":120000,"connectionRetryCount":3,"logLevels":{},"enableDirectConnect":true,"strictSSL":true,"_":"65 more keys: [\"cacheDir\",\"port\",\"requestedCapabilities\",\"automationProtocol\",\"baseUrl\",\"waitforInterval\",\"waitforTimeout\",\"onReload\",\"beforeCommand\",\"afterCommand\",\"rootDir\",\"specs\",\"suites\",\"exclude\",\"groupLogsByTestSpec\",\"excludeDriverLogs\",\"bail\",\"framework\",\"reporters\",\"services\",\"maxInstances\",\"maxInstancesPerCapability\",\"injectGlobals\",\"filesToWatch\",\"execArgv\",\"runnerEnv\",\"runner\",\"shard\",\"specFileRetries\",\"specFileRetriesDelay\",\"specFileRetriesDeferred\",\"reporterSyncInterval\",\"reporterSyncTimeout\",\"cucumberFeaturesWithLineNumbers\",\"autoCompileOpts\",\"mochaOpts\",\"jasmineOpts\",\"cucumberOpts\",\"onPrepare\",\"onWorkerStart\",\"onWorkerEnd\",\"before\",\"beforeSession\",\"beforeSuite\",\"beforeHook\",\"beforeTest\",\"afterTest\",\"afterHook\",\"afterSuite\",\"afterSession\",\"after\",\"onComplete\",\"beforeAssertion\",\"afterAssertion\",\"beforeFeature\",\"beforeScenario\",\"beforeStep\",\"afterStep\",\"afterScenario\",\"afterFeature\",\"_\",\"suite\",\"$0\",\"ignoredWorkerServices\",\"wdi5\"]"}]}
COMMAND: POST /session/76d7290d120ab2421d75a09a4cbbcc0c/execute/async - {"script":"<script> [21126 bytes]","args":[35000]}
RESULT: {"script":"<script> [21126 bytes]","args":[35000]}
COMMAND: POST /session/76d7290d120ab2421d75a09a4cbbcc0c/execute/async - {"script":"<script> [1562 bytes]","args":[{"selector":{"controlType":"sap.ui.core.Icon","viewName":"etm.portal.ui.managecontracts.view.Master","properties":{"src":{"regex":{"source":"slim\\-arrow\\-down"}}},"ancestor":{"id":"smartContractStatusFilter","viewName":"etm.portal.ui.managecontracts.view.Master"}},"wdio_ui5_key":"etmportal.ui.managecontracts.view.Mastersap.ui.core.Icon{\"src\":{\"regex\":{\"source\":\"slim\\\\-arrow\\\\-down\"}}}{\"id\":\"smartContractStatusFilter\",\"viewName\":\"etm.portal.ui.managecontracts.view.Master\"}"}]}
RESULT: {"script":"<script> [1562 bytes]","args":[{"selector":{"controlType":"sap.ui.core.Icon","viewName":"etm.portal.ui.managecontracts.view.Master","properties":{"src":{"regex":{"source":"slim\\-arrow\\-down"}}},"ancestor":{"id":"smartContractStatusFilter","viewName":"etm.portal.ui.managecontracts.view.Master"}},"wdio_ui5_key":"etmportal.ui.managecontracts.view.Mastersap.ui.core.Icon{\"src\":{\"regex\":{\"source\":\"slim\\\\-arrow\\\\-down\"}}}{\"id\":\"smartContractStatusFilter\",\"viewName\":\"etm.portal.ui.managecontracts.view.Master\"}"}]}
RESULT: undefined
COMMAND: POST /session/76d7290d120ab2421d75a09a4cbbcc0c/element - {"using":"xpath","value":"//*[@id=\"__xmlview0--smartContractStatusFilter-arrow\"]"}
RESULT: {"using":"xpath","value":"//*[@id=\"__xmlview0--smartContractStatusFilter-arrow\"]"}
COMMAND: POST /session/76d7290d120ab2421d75a09a4cbbcc0c/element/f.593288CD5F674EF5C803DB8E0F1C2C84.d.6EE6A6F64CA6D1081EF15955880A2216.e.8132/click - {}
RESULT: {}
COMMAND: GET /session/76d7290d120ab2421d75a09a4cbbcc0c/screenshot - {}
RESULT: {}
COMMAND: POST /session/76d7290d120ab2421d75a09a4cbbcc0c/execute/async - {"script":"<script> [1562 bytes]","args":[{"selector":{"controlType":"sap.m.CheckBox","viewName":"etm.portal.ui.managecontracts.view.Master","properties":{"editable":true},"searchOpenDialogs":true,"ancestor":{"controlType":"sap.m.StandardListItem","viewName":"etm.portal.ui.managecontracts.view.Master","properties":{"title":"partial billed"},"searchOpenDialogs":true},"interaction":{"idSuffix":"CbBg"}},"wdio_ui5_key":"etmportal.ui.managecontracts.view.Mastersap.m.CheckBox{\"editable\":true}{\"controlType\":\"sap.m.StandardListItem\",\"viewName\":\"etm.portal.ui.managecontracts.view.Master\",\"properties\":{\"title\":\"partial billed\"},\"searchOpenDialogs\":true}"}]}
RESULT: {"script":"<script> [1562 bytes]","args":[{"selector":{"controlType":"sap.m.CheckBox","viewName":"etm.portal.ui.managecontracts.view.Master","properties":{"editable":true},"searchOpenDialogs":true,"ancestor":{"controlType":"sap.m.StandardListItem","viewName":"etm.portal.ui.managecontracts.view.Master","properties":{"title":"partial billed"},"searchOpenDialogs":true},"interaction":{"idSuffix":"CbBg"}},"wdio_ui5_key":"etmportal.ui.managecontracts.view.Mastersap.m.CheckBox{\"editable\":true}{\"controlType\":\"sap.m.StandardListItem\",\"viewName\":\"etm.portal.ui.managecontracts.view.Master\",\"properties\":{\"title\":\"partial billed\"},\"searchOpenDialogs\":true}"}]}
RESULT: undefined
COMMAND: POST /session/76d7290d120ab2421d75a09a4cbbcc0c/element - {"using":"xpath","value":"//*[@id=\"__item41-selectMulti\"]"}
RESULT: {"using":"xpath","value":"//*[@id=\"__item41-selectMulti\"]"}
COMMAND: POST /session/76d7290d120ab2421d75a09a4cbbcc0c/element/f.593288CD5F674EF5C803DB8E0F1C2C84.d.6EE6A6F64CA6D1081EF15955880A2216.e.8141/click - {}
RESULT: {}
COMMAND: GET /session/76d7290d120ab2421d75a09a4cbbcc0c/screenshot - {}
RESULT: {}
COMMAND: POST /session/76d7290d120ab2421d75a09a4cbbcc0c/element - {"using":"xpath","value":"(//span[contains(@title ,\"Navigation\")])[2]"}
RESULT: {"using":"xpath","value":"(//span[contains(@title ,\"Navigation\")])[2]"}
COMMAND: POST /session/76d7290d120ab2421d75a09a4cbbcc0c/element/f.593288CD5F674EF5C803DB8E0F1C2C84.d.6EE6A6F64CA6D1081EF15955880A2216.e.8177/click - {}
RESULT: {}
COMMAND: GET /session/76d7290d120ab2421d75a09a4cbbcc0c/screenshot - {}
COMMAND: POST /session/76d7290d120ab2421d75a09a4cbbcc0c/element - {"using":"xpath","value":"//bdi[contains(@id ,\"closeContractBtn-BDI-content\")]"}
COMMAND: POST /session/76d7290d120ab2421d75a09a4cbbcc0c/element - {"using":"css selector","value":"#shell-header-logo"}
RESULT: {}
RESULT: {"using":"xpath","value":"//bdi[contains(@id ,\"closeContractBtn-BDI-content\")]"}
RESULT: {"using":"css selector","value":"#shell-header-logo"}
COMMAND: POST /session/76d7290d120ab2421d75a09a4cbbcc0c/element/f.593288CD5F674EF5C803DB8E0F1C2C84.d.6EE6A6F64CA6D1081EF15955880A2216.e.8107/click - {}
RESULT: {}
COMMAND: GET /session/76d7290d120ab2421d75a09a4cbbcc0c/screenshot - {}
RESULT: {}
]]></system-out>
    </testcase>
  </testsuite>
  <testsuite timestamp="2025-05-08T06:04:02" time="55.826" tests="1" failures="0" errors="0" skipped="0">
    <properties>
      <property name="specId" value="0" />
      <property name="suiteName" value="Standard contract decline US151279" />
      <property name="capabilities" value="chrome.136_0_7103_49.windows" />
      <property name="file" value="file:///D:/a/1/s/test/specs/R2C/standard-contract-decline.spec.js" />
    </properties>
    <testcase classname="chrome.136_0_7103_49.windows.Standard_contract_decline_US151279" name="Should decline a contract" time="52.013">
      <system-out><![CDATA[
COMMAND: POST /session/76d7290d120ab2421d75a09a4cbbcc0c/execute/async - {"script":"<script> [1562 bytes]","args":[{"selector":{"controlType":"sap.m.GenericTile","properties":{"header":"Manage Contracts"}},"wdio_ui5_key":"sapm.GenericTile{\"header\":\"Manage Contracts\"}"}]}
RESULT: {"script":"<script> [1562 bytes]","args":[{"selector":{"controlType":"sap.m.GenericTile","properties":{"header":"Manage Contracts"}},"wdio_ui5_key":"sapm.GenericTile{\"header\":\"Manage Contracts\"}"}]}
RESULT: undefined
COMMAND: POST /session/76d7290d120ab2421d75a09a4cbbcc0c/element - {"using":"xpath","value":"//*[@id=\"__tile130\"]"}
RESULT: {"using":"xpath","value":"//*[@id=\"__tile130\"]"}
COMMAND: POST /session/76d7290d120ab2421d75a09a4cbbcc0c/element/f.593288CD5F674EF5C803DB8E0F1C2C84.d.6EE6A6F64CA6D1081EF15955880A2216.e.8523/click - {}
RESULT: {}
COMMAND: GET /session/76d7290d120ab2421d75a09a4cbbcc0c/screenshot - {}
COMMAND: POST /session/76d7290d120ab2421d75a09a4cbbcc0c/element - {"using":"xpath","value":"//input[contains(@id ,\"smartContractFilterBar-btnBasicSearch-I\")]"}
RESULT: {}
RESULT: {"using":"xpath","value":"//input[contains(@id ,\"smartContractFilterBar-btnBasicSearch-I\")]"}
COMMAND: POST /session/76d7290d120ab2421d75a09a4cbbcc0c/element/f.593288CD5F674EF5C803DB8E0F1C2C84.d.6EE6A6F64CA6D1081EF15955880A2216.e.8528/clear - {}
RESULT: {}
COMMAND: POST /session/76d7290d120ab2421d75a09a4cbbcc0c/element/f.593288CD5F674EF5C803DB8E0F1C2C84.d.6EE6A6F64CA6D1081EF15955880A2216.e.8528/value - {"text":"10644"}
COMMAND: GET /session/76d7290d120ab2421d75a09a4cbbcc0c/screenshot - {}
RESULT: {"text":"10644"}
COMMAND: POST /session/76d7290d120ab2421d75a09a4cbbcc0c/actions - {"actions":[{"id":"action43","type":"key","parameters":{},"actions":[{"type":"keyDown","value":"î€‡"},{"type":"pause","duration":10},{"type":"keyUp","value":"î€‡"}]}]}
COMMAND: GET /session/76d7290d120ab2421d75a09a4cbbcc0c/screenshot - {}
RESULT: {}
RESULT: {"actions":[{"id":"action43","type":"key","parameters":{},"actions":[{"type":"keyDown","value":"î€‡"},{"type":"pause","duration":10},{"type":"keyUp","value":"î€‡"}]}]}
COMMAND: GET /session/76d7290d120ab2421d75a09a4cbbcc0c/screenshot - {}
RESULT: {}
RESULT: {}
COMMAND: POST /session/76d7290d120ab2421d75a09a4cbbcc0c/execute/async - {"script":"<script> [1562 bytes]","args":[{"selector":{"controlType":"sap.ui.core.Icon","viewName":"etm.portal.ui.managecontracts.view.Master","properties":{"src":{"regex":{"source":"slim\\-arrow\\-right"}}}},"wdio_ui5_key":"etmportal.ui.managecontracts.view.Mastersap.ui.core.Icon{\"src\":{\"regex\":{\"source\":\"slim\\\\-arrow\\\\-right\"}}}"}]}
RESULT: {"script":"<script> [1562 bytes]","args":[{"selector":{"controlType":"sap.ui.core.Icon","viewName":"etm.portal.ui.managecontracts.view.Master","properties":{"src":{"regex":{"source":"slim\\-arrow\\-right"}}}},"wdio_ui5_key":"etmportal.ui.managecontracts.view.Mastersap.ui.core.Icon{\"src\":{\"regex\":{\"source\":\"slim\\\\-arrow\\\\-right\"}}}"}]}
RESULT: undefined
COMMAND: POST /session/76d7290d120ab2421d75a09a4cbbcc0c/element - {"using":"xpath","value":"//*[@id=\"__item77-__clone242-imgNav\"]"}
RESULT: {"using":"xpath","value":"//*[@id=\"__item77-__clone242-imgNav\"]"}
COMMAND: POST /session/76d7290d120ab2421d75a09a4cbbcc0c/element/f.593288CD5F674EF5C803DB8E0F1C2C84.d.6EE6A6F64CA6D1081EF15955880A2216.e.8650/click - {}
RESULT: {}
COMMAND: GET /session/76d7290d120ab2421d75a09a4cbbcc0c/screenshot - {}
RESULT: {}
COMMAND: POST /session/76d7290d120ab2421d75a09a4cbbcc0c/execute/async - {"script":"<script> [1562 bytes]","args":[{"selector":{"id":"cancelContractBtn","viewName":"etm.portal.ui.managecontracts.view.Detail","interaction":{"idSuffix":"BDI-content"}},"wdio_ui5_key":"cancelContractBtnetmportal.ui.managecontracts.view.Detail"}]}
RESULT: {"script":"<script> [1562 bytes]","args":[{"selector":{"id":"cancelContractBtn","viewName":"etm.portal.ui.managecontracts.view.Detail","interaction":{"idSuffix":"BDI-content"}},"wdio_ui5_key":"cancelContractBtnetmportal.ui.managecontracts.view.Detail"}]}
RESULT: undefined
COMMAND: POST /session/76d7290d120ab2421d75a09a4cbbcc0c/element - {"using":"xpath","value":"//*[@id=\"__xmlview61--cancelContractBtn\"]"}
RESULT: {"using":"xpath","value":"//*[@id=\"__xmlview61--cancelContractBtn\"]"}
COMMAND: POST /session/76d7290d120ab2421d75a09a4cbbcc0c/element/f.593288CD5F674EF5C803DB8E0F1C2C84.d.6EE6A6F64CA6D1081EF15955880A2216.e.8718/click - {}
RESULT: {}
COMMAND: GET /session/76d7290d120ab2421d75a09a4cbbcc0c/screenshot - {}
RESULT: {}
COMMAND: POST /session/76d7290d120ab2421d75a09a4cbbcc0c/execute/async - {"script":"<script> [1562 bytes]","args":[{"selector":{"controlType":"sap.m.Text","properties":{"text":"Do you want to cancel the whole contract?"},"searchOpenDialogs":true},"wdio_ui5_key":"sapm.Text{\"text\":\"Do you want to cancel the whole contract?\"}"}]}
RESULT: {"script":"<script> [1562 bytes]","args":[{"selector":{"controlType":"sap.m.Text","properties":{"text":"Do you want to cancel the whole contract?"},"searchOpenDialogs":true},"wdio_ui5_key":"sapm.Text{\"text\":\"Do you want to cancel the whole contract?\"}"}]}
RESULT: undefined
COMMAND: POST /session/76d7290d120ab2421d75a09a4cbbcc0c/execute/async - {"script":"<script> [6424 bytes]","args":[{"element-6066-11e4-a52e-4f735466cecf":"f.593288CD5F674EF5C803DB8E0F1C2C84.d.6EE6A6F64CA6D1081EF15955880A2216.e.8801"},"getText",[]]}
RESULT: {"script":"<script> [6424 bytes]","args":[{"element-6066-11e4-a52e-4f735466cecf":"f.593288CD5F674EF5C803DB8E0F1C2C84.d.6EE6A6F64CA6D1081EF15955880A2216.e.8801"},"getText",[]]}
COMMAND: POST /session/76d7290d120ab2421d75a09a4cbbcc0c/element - {"using":"xpath","value":"//bdi[contains(text(), \"OK\")]"}
RESULT: {"using":"xpath","value":"//bdi[contains(text(), \"OK\")]"}
COMMAND: POST /session/76d7290d120ab2421d75a09a4cbbcc0c/element/f.593288CD5F674EF5C803DB8E0F1C2C84.d.6EE6A6F64CA6D1081EF15955880A2216.e.8802/click - {}
RESULT: {}
COMMAND: GET /session/76d7290d120ab2421d75a09a4cbbcc0c/screenshot - {}
RESULT: {}
COMMAND: POST /session/76d7290d120ab2421d75a09a4cbbcc0c/element - {"using":"xpath","value":"//input[contains(@id ,\"smartContractFilterBar-btnBasicSearch-I\")]"}
RESULT: {"using":"xpath","value":"//input[contains(@id ,\"smartContractFilterBar-btnBasicSearch-I\")]"}
COMMAND: POST /session/76d7290d120ab2421d75a09a4cbbcc0c/element/f.593288CD5F674EF5C803DB8E0F1C2C84.d.6EE6A6F64CA6D1081EF15955880A2216.e.8528/clear - {}
RESULT: {}
COMMAND: POST /session/76d7290d120ab2421d75a09a4cbbcc0c/element/f.593288CD5F674EF5C803DB8E0F1C2C84.d.6EE6A6F64CA6D1081EF15955880A2216.e.8528/value - {"text":"10644"}
COMMAND: GET /session/76d7290d120ab2421d75a09a4cbbcc0c/screenshot - {}
RESULT: {"text":"10644"}
COMMAND: POST /session/76d7290d120ab2421d75a09a4cbbcc0c/actions - {"actions":[{"id":"action44","type":"key","parameters":{},"actions":[{"type":"keyDown","value":"î€‡"},{"type":"pause","duration":10},{"type":"keyUp","value":"î€‡"}]}]}
COMMAND: GET /session/76d7290d120ab2421d75a09a4cbbcc0c/screenshot - {}
RESULT: {}
RESULT: {"actions":[{"id":"action44","type":"key","parameters":{},"actions":[{"type":"keyDown","value":"î€‡"},{"type":"pause","duration":10},{"type":"keyUp","value":"î€‡"}]}]}
COMMAND: GET /session/76d7290d120ab2421d75a09a4cbbcc0c/screenshot - {}
RESULT: {}
RESULT: {}
COMMAND: POST /session/76d7290d120ab2421d75a09a4cbbcc0c/execute/async - {"script":"<script> [1562 bytes]","args":[{"selector":{"controlType":"sap.m.ObjectStatus","viewName":"etm.portal.ui.managecontracts.view.Master","bindingPath":{"path":"/SmartContractHeaders('10644')","propertyPath":"STATUS_DESCRIPTION"}},"wdio_ui5_key":"etmportal.ui.managecontracts.view.Mastersap.m.ObjectStatus{\"path\":\"/SmartContractHeaders('10644')\",\"propertyPath\":\"STATUS_DESCRIPTION\"}"}]}
RESULT: {"script":"<script> [1562 bytes]","args":[{"selector":{"controlType":"sap.m.ObjectStatus","viewName":"etm.portal.ui.managecontracts.view.Master","bindingPath":{"path":"/SmartContractHeaders('10644')","propertyPath":"STATUS_DESCRIPTION"}},"wdio_ui5_key":"etmportal.ui.managecontracts.view.Mastersap.m.ObjectStatus{\"path\":\"/SmartContractHeaders('10644')\",\"propertyPath\":\"STATUS_DESCRIPTION\"}"}]}
RESULT: undefined
COMMAND: POST /session/76d7290d120ab2421d75a09a4cbbcc0c/execute/async - {"script":"<script> [6424 bytes]","args":[{"element-6066-11e4-a52e-4f735466cecf":"f.593288CD5F674EF5C803DB8E0F1C2C84.d.6EE6A6F64CA6D1081EF15955880A2216.e.8853"},"getText",[]]}
RESULT: {"script":"<script> [6424 bytes]","args":[{"element-6066-11e4-a52e-4f735466cecf":"f.593288CD5F674EF5C803DB8E0F1C2C84.d.6EE6A6F64CA6D1081EF15955880A2216.e.8853"},"getText",[]]}
RESULT: undefined
COMMAND: POST /session/76d7290d120ab2421d75a09a4cbbcc0c/element - {"using":"xpath","value":"//*[@id=\"__item77-__clone242-imgNav\"]"}
RESULT: {"using":"xpath","value":"//*[@id=\"__item77-__clone242-imgNav\"]"}
COMMAND: POST /session/76d7290d120ab2421d75a09a4cbbcc0c/element/f.593288CD5F674EF5C803DB8E0F1C2C84.d.6EE6A6F64CA6D1081EF15955880A2216.e.8650/click - {}
RESULT: {}
COMMAND: GET /session/76d7290d120ab2421d75a09a4cbbcc0c/screenshot - {}
RESULT: {}
COMMAND: POST /session/76d7290d120ab2421d75a09a4cbbcc0c/execute/async - {"script":"<script> [1562 bytes]","args":[{"selector":{"controlType":"sap.m.ObjectStatus","viewName":"etm.portal.ui.managecontracts.view.Detail","bindingPath":{"path":"/SmartContractItems(CONTRACT='10644',ITEM=10m,SUB_ITEM=0m)","propertyPath":"STATUS"}},"wdio_ui5_key":"etmportal.ui.managecontracts.view.Detailsap.m.ObjectStatus{\"path\":\"/SmartContractItems(CONTRACT='10644',ITEM=10m,SUB_ITEM=0m)\",\"propertyPath\":\"STATUS\"}"}]}
RESULT: {"script":"<script> [1562 bytes]","args":[{"selector":{"controlType":"sap.m.ObjectStatus","viewName":"etm.portal.ui.managecontracts.view.Detail","bindingPath":{"path":"/SmartContractItems(CONTRACT='10644',ITEM=10m,SUB_ITEM=0m)","propertyPath":"STATUS"}},"wdio_ui5_key":"etmportal.ui.managecontracts.view.Detailsap.m.ObjectStatus{\"path\":\"/SmartContractItems(CONTRACT='10644',ITEM=10m,SUB_ITEM=0m)\",\"propertyPath\":\"STATUS\"}"}]}
RESULT: undefined
COMMAND: POST /session/76d7290d120ab2421d75a09a4cbbcc0c/execute/async - {"script":"<script> [6424 bytes]","args":[{"element-6066-11e4-a52e-4f735466cecf":"f.593288CD5F674EF5C803DB8E0F1C2C84.d.6EE6A6F64CA6D1081EF15955880A2216.e.8879"},"getText",[]]}
RESULT: {"script":"<script> [6424 bytes]","args":[{"element-6066-11e4-a52e-4f735466cecf":"f.593288CD5F674EF5C803DB8E0F1C2C84.d.6EE6A6F64CA6D1081EF15955880A2216.e.8879"},"getText",[]]}
COMMAND: POST /session/76d7290d120ab2421d75a09a4cbbcc0c/element - {"using":"css selector","value":"#shell-header-logo"}
RESULT: {"using":"css selector","value":"#shell-header-logo"}
COMMAND: POST /session/76d7290d120ab2421d75a09a4cbbcc0c/element/f.593288CD5F674EF5C803DB8E0F1C2C84.d.6EE6A6F64CA6D1081EF15955880A2216.e.8526/click - {}
RESULT: {}
COMMAND: GET /session/76d7290d120ab2421d75a09a4cbbcc0c/screenshot - {}
RESULT: {}
]]></system-out>
    </testcase>
  </testsuite>
  <testsuite timestamp="2025-05-08T06:04:58" time="205.763" tests="2" failures="0" errors="0" skipped="0">
    <properties>
      <property name="specId" value="0" />
      <property name="suiteName" value="Insert service into a contract US152956" />
      <property name="capabilities" value="chrome.136_0_7103_49.windows" />
      <property name="file" value="file:///D:/a/1/s/test/specs/R2C/insert-service-into-a-contract.spec.js" />
    </properties>
    <testcase classname="chrome.136_0_7103_49.windows.Insert_service_into_a_contract_US152956" name="Should create a new contract" time="111.101">
      <system-out><![CDATA[
COMMAND: POST /session/76d7290d120ab2421d75a09a4cbbcc0c/execute/async - {"script":"<script> [1562 bytes]","args":[{"selector":{"controlType":"sap.m.Text","viewName":"etm.portal.ui.managecontractstile.view.Master","properties":{"text":"Manage Contracts"},"interaction":{"idSuffix":"inner"}},"wdio_ui5_key":"etmportal.ui.managecontractstile.view.Mastersap.m.Text{\"text\":\"Manage Contracts\"}"}]}
RESULT: {"script":"<script> [1562 bytes]","args":[{"selector":{"controlType":"sap.m.Text","viewName":"etm.portal.ui.managecontractstile.view.Master","properties":{"text":"Manage Contracts"},"interaction":{"idSuffix":"inner"}},"wdio_ui5_key":"etmportal.ui.managecontractstile.view.Mastersap.m.Text{\"text\":\"Manage Contracts\"}"}]}
RESULT: undefined
COMMAND: POST /session/76d7290d120ab2421d75a09a4cbbcc0c/element - {"using":"xpath","value":"//*[@id=\"__tile130-title\"]"}
RESULT: {"using":"xpath","value":"//*[@id=\"__tile130-title\"]"}
COMMAND: POST /session/76d7290d120ab2421d75a09a4cbbcc0c/element/f.593288CD5F674EF5C803DB8E0F1C2C84.d.6EE6A6F64CA6D1081EF15955880A2216.e.8883/click - {}
RESULT: {}
COMMAND: GET /session/76d7290d120ab2421d75a09a4cbbcc0c/screenshot - {}
RESULT: {}
COMMAND: POST /session/76d7290d120ab2421d75a09a4cbbcc0c/element - {"using":"xpath","value":"//button[@data-kt=\"addButton\"]"}
RESULT: {"using":"xpath","value":"//button[@data-kt=\"addButton\"]"}
COMMAND: POST /session/76d7290d120ab2421d75a09a4cbbcc0c/element/f.593288CD5F674EF5C803DB8E0F1C2C84.d.6EE6A6F64CA6D1081EF15955880A2216.e.8956/click - {}
RESULT: {}
COMMAND: GET /session/76d7290d120ab2421d75a09a4cbbcc0c/screenshot - {}
RESULT: {}
COMMAND: POST /session/76d7290d120ab2421d75a09a4cbbcc0c/execute/async - {"script":"<script> [1562 bytes]","args":[{"selector":{"id":"application-managecontracts-display-component---AddNewContract--projectDescription","interaction":{"idSuffix":"inner"}},"wdio_ui5_key":"applicationmanagecontracts-display-component---AddNewContract--projectDescription"}]}
RESULT: {"script":"<script> [1562 bytes]","args":[{"selector":{"id":"application-managecontracts-display-component---AddNewContract--projectDescription","interaction":{"idSuffix":"inner"}},"wdio_ui5_key":"applicationmanagecontracts-display-component---AddNewContract--projectDescription"}]}
RESULT: undefined
COMMAND: POST /session/76d7290d120ab2421d75a09a4cbbcc0c/execute/async - {"script":"<script> [776 bytes]","args":[{"enterText":"WdIOR2ctyjgeg","selector":{"id":"application-managecontracts-display-component---AddNewContract--projectDescription","interaction":{"idSuffix":"inner"}},"clearTextFirst":true,"interactionType":"ENTER_TEXT"}]}
RESULT: {"script":"<script> [776 bytes]","args":[{"enterText":"WdIOR2ctyjgeg","selector":{"id":"application-managecontracts-display-component---AddNewContract--projectDescription","interaction":{"idSuffix":"inner"}},"clearTextFirst":true,"interactionType":"ENTER_TEXT"}]}
COMMAND: POST /session/76d7290d120ab2421d75a09a4cbbcc0c/element - {"using":"xpath","value":"//input[@id=\"application-managecontracts-display-component---AddNewContract--yardId-inner\"]"}
RESULT: {"using":"xpath","value":"//input[@id=\"application-managecontracts-display-component---AddNewContract--yardId-inner\"]"}
COMMAND: POST /session/76d7290d120ab2421d75a09a4cbbcc0c/element/f.593288CD5F674EF5C803DB8E0F1C2C84.d.6EE6A6F64CA6D1081EF15955880A2216.e.9206/clear - {}
RESULT: {}
COMMAND: POST /session/76d7290d120ab2421d75a09a4cbbcc0c/element/f.593288CD5F674EF5C803DB8E0F1C2C84.d.6EE6A6F64CA6D1081EF15955880A2216.e.9206/value - {"text":"WebdriverYardyi38p"}
COMMAND: GET /session/76d7290d120ab2421d75a09a4cbbcc0c/screenshot - {}
RESULT: {"text":"WebdriverYardyi38p"}
COMMAND: GET /session/76d7290d120ab2421d75a09a4cbbcc0c/screenshot - {}
RESULT: {}
RESULT: {}
COMMAND: POST /session/76d7290d120ab2421d75a09a4cbbcc0c/actions - {"actions":[{"id":"action45","type":"key","parameters":{},"actions":[{"type":"keyDown","value":"î€‡"},{"type":"pause","duration":10},{"type":"keyUp","value":"î€‡"}]}]}
RESULT: {"actions":[{"id":"action45","type":"key","parameters":{},"actions":[{"type":"keyDown","value":"î€‡"},{"type":"pause","duration":10},{"type":"keyUp","value":"î€‡"}]}]}
COMMAND: GET /session/76d7290d120ab2421d75a09a4cbbcc0c/screenshot - {}
RESULT: {}
COMMAND: POST /session/76d7290d120ab2421d75a09a4cbbcc0c/element - {"using":"xpath","value":"//input[@id=\"application-managecontracts-display-component---AddNewContract--customerSelect-inner\"]"}
RESULT: {"using":"xpath","value":"//input[@id=\"application-managecontracts-display-component---AddNewContract--customerSelect-inner\"]"}
COMMAND: POST /session/76d7290d120ab2421d75a09a4cbbcc0c/element/f.593288CD5F674EF5C803DB8E0F1C2C84.d.6EE6A6F64CA6D1081EF15955880A2216.e.9204/clear - {}
RESULT: {}
COMMAND: POST /session/76d7290d120ab2421d75a09a4cbbcc0c/element/f.593288CD5F674EF5C803DB8E0F1C2C84.d.6EE6A6F64CA6D1081EF15955880A2216.e.9204/value - {"text":"WebdriverPartnerznssg"}
COMMAND: GET /session/76d7290d120ab2421d75a09a4cbbcc0c/screenshot - {}
RESULT: {"text":"WebdriverPartnerznssg"}
COMMAND: GET /session/76d7290d120ab2421d75a09a4cbbcc0c/screenshot - {}
RESULT: {}
RESULT: {}
COMMAND: POST /session/76d7290d120ab2421d75a09a4cbbcc0c/actions - {"actions":[{"id":"action46","type":"key","parameters":{},"actions":[{"type":"keyDown","value":"î€‡"},{"type":"pause","duration":10},{"type":"keyUp","value":"î€‡"}]}]}
RESULT: {"actions":[{"id":"action46","type":"key","parameters":{},"actions":[{"type":"keyDown","value":"î€‡"},{"type":"pause","duration":10},{"type":"keyUp","value":"î€‡"}]}]}
COMMAND: GET /session/76d7290d120ab2421d75a09a4cbbcc0c/screenshot - {}
RESULT: {}
COMMAND: POST /session/76d7290d120ab2421d75a09a4cbbcc0c/element - {"using":"xpath","value":"//input[@id=\"application-managecontracts-display-component---AddNewContract--site-inner\"]"}
RESULT: {"using":"xpath","value":"//input[@id=\"application-managecontracts-display-component---AddNewContract--site-inner\"]"}
COMMAND: POST /session/76d7290d120ab2421d75a09a4cbbcc0c/element/f.593288CD5F674EF5C803DB8E0F1C2C84.d.6EE6A6F64CA6D1081EF15955880A2216.e.9205/clear - {}
RESULT: {}
COMMAND: POST /session/76d7290d120ab2421d75a09a4cbbcc0c/element/f.593288CD5F674EF5C803DB8E0F1C2C84.d.6EE6A6F64CA6D1081EF15955880A2216.e.9205/value - {"text":"WebdriverSiteleprc"}
COMMAND: GET /session/76d7290d120ab2421d75a09a4cbbcc0c/screenshot - {}
RESULT: {"text":"WebdriverSiteleprc"}
COMMAND: GET /session/76d7290d120ab2421d75a09a4cbbcc0c/screenshot - {}
RESULT: {}
RESULT: {}
COMMAND: POST /session/76d7290d120ab2421d75a09a4cbbcc0c/actions - {"actions":[{"id":"action47","type":"key","parameters":{},"actions":[{"type":"keyDown","value":"î€‡"},{"type":"pause","duration":10},{"type":"keyUp","value":"î€‡"}]}]}
RESULT: {"actions":[{"id":"action47","type":"key","parameters":{},"actions":[{"type":"keyDown","value":"î€‡"},{"type":"pause","duration":10},{"type":"keyUp","value":"î€‡"}]}]}
COMMAND: GET /session/76d7290d120ab2421d75a09a4cbbcc0c/screenshot - {}
COMMAND: POST /session/76d7290d120ab2421d75a09a4cbbcc0c/element - {"using":"xpath","value":"//button[@data-kt=\"saveButton\"]"}
RESULT: {}
RESULT: {"using":"xpath","value":"//button[@data-kt=\"saveButton\"]"}
COMMAND: POST /session/76d7290d120ab2421d75a09a4cbbcc0c/element/f.593288CD5F674EF5C803DB8E0F1C2C84.d.6EE6A6F64CA6D1081EF15955880A2216.e.9222/click - {}
RESULT: {}
COMMAND: GET /session/76d7290d120ab2421d75a09a4cbbcc0c/screenshot - {}
RESULT: {}
COMMAND: POST /session/76d7290d120ab2421d75a09a4cbbcc0c/execute/async - {"script":"<script> [1562 bytes]","args":[{"selector":{"id":"contractDetailTitleNoExpanded","viewName":"etm.portal.ui.managecontracts.view.Detail"},"wdio_ui5_key":"contractDetailTitleNoExpandedetmportal.ui.managecontracts.view.Detail"}]}
RESULT: {"script":"<script> [1562 bytes]","args":[{"selector":{"id":"contractDetailTitleNoExpanded","viewName":"etm.portal.ui.managecontracts.view.Detail"},"wdio_ui5_key":"contractDetailTitleNoExpandedetmportal.ui.managecontracts.view.Detail"}]}
RESULT: undefined
COMMAND: POST /session/76d7290d120ab2421d75a09a4cbbcc0c/execute/async - {"script":"<script> [6424 bytes]","args":[{"element-6066-11e4-a52e-4f735466cecf":"f.593288CD5F674EF5C803DB8E0F1C2C84.d.6EE6A6F64CA6D1081EF15955880A2216.e.9301"},"getText",[]]}
RESULT: {"script":"<script> [6424 bytes]","args":[{"element-6066-11e4-a52e-4f735466cecf":"f.593288CD5F674EF5C803DB8E0F1C2C84.d.6EE6A6F64CA6D1081EF15955880A2216.e.9301"},"getText",[]]}
]]></system-out>
    </testcase>
    <testcase classname="chrome.136_0_7103_49.windows.Insert_service_into_a_contract_US152956" name="Should add a service unit and a service group to the contract" time="90.517">
      <system-out><![CDATA[
COMMAND: POST /session/76d7290d120ab2421d75a09a4cbbcc0c/element - {"using":"xpath","value":"//button[@data-kt=\"contractDetailEditBtnButton\"]"}
RESULT: {"using":"xpath","value":"//button[@data-kt=\"contractDetailEditBtnButton\"]"}
COMMAND: POST /session/76d7290d120ab2421d75a09a4cbbcc0c/execute/sync - {"script":"<script> [8489 bytes]","args":[{"element-6066-11e4-a52e-4f735466cecf":"f.593288CD5F674EF5C803DB8E0F1C2C84.d.6EE6A6F64CA6D1081EF15955880A2216.e.9302","ELEMENT":"f.593288CD5F674EF5C803DB8E0F1C2C84.d.6EE6A6F64CA6D1081EF15955880A2216.e.9302"}]}
RESULT: {"script":"<script> [8489 bytes]","args":[{"element-6066-11e4-a52e-4f735466cecf":"f.593288CD5F674EF5C803DB8E0F1C2C84.d.6EE6A6F64CA6D1081EF15955880A2216.e.9302","ELEMENT":"f.593288CD5F674EF5C803DB8E0F1C2C84.d.6EE6A6F64CA6D1081EF15955880A2216.e.9302"}]}
COMMAND: POST /session/76d7290d120ab2421d75a09a4cbbcc0c/execute/sync - {"script":"<script> [8489 bytes]","args":[{"element-6066-11e4-a52e-4f735466cecf":"f.593288CD5F674EF5C803DB8E0F1C2C84.d.6EE6A6F64CA6D1081EF15955880A2216.e.9302","ELEMENT":"f.593288CD5F674EF5C803DB8E0F1C2C84.d.6EE6A6F64CA6D1081EF15955880A2216.e.9302"}]}
RESULT: {"script":"<script> [8489 bytes]","args":[{"element-6066-11e4-a52e-4f735466cecf":"f.593288CD5F674EF5C803DB8E0F1C2C84.d.6EE6A6F64CA6D1081EF15955880A2216.e.9302","ELEMENT":"f.593288CD5F674EF5C803DB8E0F1C2C84.d.6EE6A6F64CA6D1081EF15955880A2216.e.9302"}]}
COMMAND: POST /session/76d7290d120ab2421d75a09a4cbbcc0c/execute/sync - {"script":"<script> [5351 bytes]","args":[{"element-6066-11e4-a52e-4f735466cecf":"f.593288CD5F674EF5C803DB8E0F1C2C84.d.6EE6A6F64CA6D1081EF15955880A2216.e.9302","ELEMENT":"f.593288CD5F674EF5C803DB8E0F1C2C84.d.6EE6A6F64CA6D1081EF15955880A2216.e.9302"}]}
RESULT: {"script":"<script> [5351 bytes]","args":[{"element-6066-11e4-a52e-4f735466cecf":"f.593288CD5F674EF5C803DB8E0F1C2C84.d.6EE6A6F64CA6D1081EF15955880A2216.e.9302","ELEMENT":"f.593288CD5F674EF5C803DB8E0F1C2C84.d.6EE6A6F64CA6D1081EF15955880A2216.e.9302"}]}
COMMAND: POST /session/76d7290d120ab2421d75a09a4cbbcc0c/element/f.593288CD5F674EF5C803DB8E0F1C2C84.d.6EE6A6F64CA6D1081EF15955880A2216.e.9302/click - {}
COMMAND: GET /session/76d7290d120ab2421d75a09a4cbbcc0c/screenshot - {}
COMMAND: GET /session/76d7290d120ab2421d75a09a4cbbcc0c/screenshot - {}
COMMAND: GET /session/76d7290d120ab2421d75a09a4cbbcc0c/screenshot - {}
RESULT: {}
COMMAND: GET /session/76d7290d120ab2421d75a09a4cbbcc0c/screenshot - {}
RESULT: {}
RESULT: {}
RESULT: {}
RESULT: {}
COMMAND: POST /session/76d7290d120ab2421d75a09a4cbbcc0c/element - {"using":"xpath","value":"(//span[contains(text(), \"Additional Addresses\")])[2]"}
RESULT: {"using":"xpath","value":"(//span[contains(text(), \"Additional Addresses\")])[2]"}
COMMAND: POST /session/76d7290d120ab2421d75a09a4cbbcc0c/element/f.593288CD5F674EF5C803DB8E0F1C2C84.d.6EE6A6F64CA6D1081EF15955880A2216.e.9363/click - {}
RESULT: {}
COMMAND: GET /session/76d7290d120ab2421d75a09a4cbbcc0c/screenshot - {}
RESULT: {}
COMMAND: POST /session/76d7290d120ab2421d75a09a4cbbcc0c/element - {"using":"xpath","value":"//button[@data-kt=\"btnAddTableRowOverflowToolbarButton\"]"}
RESULT: {"using":"xpath","value":"//button[@data-kt=\"btnAddTableRowOverflowToolbarButton\"]"}
COMMAND: POST /session/76d7290d120ab2421d75a09a4cbbcc0c/element/f.593288CD5F674EF5C803DB8E0F1C2C84.d.6EE6A6F64CA6D1081EF15955880A2216.e.9365/click - {}
RESULT: {}
COMMAND: GET /session/76d7290d120ab2421d75a09a4cbbcc0c/screenshot - {}
RESULT: {}
COMMAND: POST /session/76d7290d120ab2421d75a09a4cbbcc0c/element - {"using":"xpath","value":"//div[(text() = 'Standard Entry' or . = 'Standard Entry')]"}
RESULT: {"using":"xpath","value":"//div[(text() = 'Standard Entry' or . = 'Standard Entry')]"}
COMMAND: POST /session/76d7290d120ab2421d75a09a4cbbcc0c/element/f.593288CD5F674EF5C803DB8E0F1C2C84.d.6EE6A6F64CA6D1081EF15955880A2216.e.9367/click - {}
RESULT: {}
COMMAND: POST /session/76d7290d120ab2421d75a09a4cbbcc0c/element - {"using":"xpath","value":"//button[@data-kt=\"btnAddTableRowOverflowToolbarButton\"]"}
COMMAND: GET /session/76d7290d120ab2421d75a09a4cbbcc0c/screenshot - {}
RESULT: {"using":"xpath","value":"//button[@data-kt=\"btnAddTableRowOverflowToolbarButton\"]"}
COMMAND: POST /session/76d7290d120ab2421d75a09a4cbbcc0c/element/f.593288CD5F674EF5C803DB8E0F1C2C84.d.6EE6A6F64CA6D1081EF15955880A2216.e.9365/click - {}
RESULT: {}
RESULT: {}
COMMAND: GET /session/76d7290d120ab2421d75a09a4cbbcc0c/screenshot - {}
RESULT: {}
COMMAND: POST /session/76d7290d120ab2421d75a09a4cbbcc0c/element - {"using":"xpath","value":"//div[(text() = 'Standard Entry' or . = 'Standard Entry')]"}
RESULT: {"using":"xpath","value":"//div[(text() = 'Standard Entry' or . = 'Standard Entry')]"}
COMMAND: POST /session/76d7290d120ab2421d75a09a4cbbcc0c/element/f.593288CD5F674EF5C803DB8E0F1C2C84.d.6EE6A6F64CA6D1081EF15955880A2216.e.9379/click - {}
RESULT: {}
COMMAND: POST /session/76d7290d120ab2421d75a09a4cbbcc0c/element - {"using":"xpath","value":"(//td[6]/div/div/input)[1]"}
COMMAND: GET /session/76d7290d120ab2421d75a09a4cbbcc0c/screenshot - {}
RESULT: {"using":"xpath","value":"(//td[6]/div/div/input)[1]"}
COMMAND: POST /session/76d7290d120ab2421d75a09a4cbbcc0c/element/f.593288CD5F674EF5C803DB8E0F1C2C84.d.6EE6A6F64CA6D1081EF15955880A2216.e.9381/click - {}
RESULT: {}
RESULT: {}
COMMAND: POST /session/76d7290d120ab2421d75a09a4cbbcc0c/actions - {"actions":[{"id":"action48","type":"key","parameters":{},"actions":[{"type":"keyDown","value":"î€ƒ"},{"type":"pause","duration":10},{"type":"keyUp","value":"î€ƒ"}]}]}
COMMAND: GET /session/76d7290d120ab2421d75a09a4cbbcc0c/screenshot - {}
RESULT: {"actions":[{"id":"action48","type":"key","parameters":{},"actions":[{"type":"keyDown","value":"î€ƒ"},{"type":"pause","duration":10},{"type":"keyUp","value":"î€ƒ"}]}]}
COMMAND: POST /session/76d7290d120ab2421d75a09a4cbbcc0c/element - {"using":"xpath","value":"(//td[6]/div/div/input)[1]"}
COMMAND: GET /session/76d7290d120ab2421d75a09a4cbbcc0c/screenshot - {}
RESULT: {}
RESULT: {}
RESULT: {"using":"xpath","value":"(//td[6]/div/div/input)[1]"}
COMMAND: POST /session/76d7290d120ab2421d75a09a4cbbcc0c/element/f.593288CD5F674EF5C803DB8E0F1C2C84.d.6EE6A6F64CA6D1081EF15955880A2216.e.9381/clear - {}
RESULT: {}
COMMAND: POST /session/76d7290d120ab2421d75a09a4cbbcc0c/element/f.593288CD5F674EF5C803DB8E0F1C2C84.d.6EE6A6F64CA6D1081EF15955880A2216.e.9381/value - {"text":"Service Unit"}
COMMAND: GET /session/76d7290d120ab2421d75a09a4cbbcc0c/screenshot - {}
RESULT: {"text":"Service Unit"}
COMMAND: GET /session/76d7290d120ab2421d75a09a4cbbcc0c/screenshot - {}
RESULT: {}
RESULT: {}
COMMAND: POST /session/76d7290d120ab2421d75a09a4cbbcc0c/actions - {"actions":[{"id":"action49","type":"key","parameters":{},"actions":[{"type":"keyDown","value":"î€‡"},{"type":"pause","duration":10},{"type":"keyUp","value":"î€‡"}]}]}
RESULT: {"actions":[{"id":"action49","type":"key","parameters":{},"actions":[{"type":"keyDown","value":"î€‡"},{"type":"pause","duration":10},{"type":"keyUp","value":"î€‡"}]}]}
COMMAND: GET /session/76d7290d120ab2421d75a09a4cbbcc0c/screenshot - {}
RESULT: {}
COMMAND: POST /session/76d7290d120ab2421d75a09a4cbbcc0c/actions - {"actions":[{"id":"action50","type":"key","parameters":{},"actions":[{"type":"keyDown","value":"î€‡"},{"type":"pause","duration":10},{"type":"keyUp","value":"î€‡"}]}]}
RESULT: {"actions":[{"id":"action50","type":"key","parameters":{},"actions":[{"type":"keyDown","value":"î€‡"},{"type":"pause","duration":10},{"type":"keyUp","value":"î€‡"}]}]}
COMMAND: POST /session/76d7290d120ab2421d75a09a4cbbcc0c/element - {"using":"xpath","value":"(//td[7]/div/div/input)[1]"}
COMMAND: GET /session/76d7290d120ab2421d75a09a4cbbcc0c/screenshot - {}
RESULT: {"using":"xpath","value":"(//td[7]/div/div/input)[1]"}
COMMAND: POST /session/76d7290d120ab2421d75a09a4cbbcc0c/element/f.593288CD5F674EF5C803DB8E0F1C2C84.d.6EE6A6F64CA6D1081EF15955880A2216.e.9397/clear - {}
RESULT: {}
RESULT: {}
COMMAND: POST /session/76d7290d120ab2421d75a09a4cbbcc0c/element/f.593288CD5F674EF5C803DB8E0F1C2C84.d.6EE6A6F64CA6D1081EF15955880A2216.e.9397/value - {"text":"1000001"}
COMMAND: GET /session/76d7290d120ab2421d75a09a4cbbcc0c/screenshot - {}
RESULT: {"text":"1000001"}
COMMAND: GET /session/76d7290d120ab2421d75a09a4cbbcc0c/screenshot - {}
RESULT: {}
RESULT: {}
COMMAND: POST /session/76d7290d120ab2421d75a09a4cbbcc0c/actions - {"actions":[{"id":"action51","type":"key","parameters":{},"actions":[{"type":"keyDown","value":"î€‡"},{"type":"pause","duration":10},{"type":"keyUp","value":"î€‡"}]}]}
RESULT: {"actions":[{"id":"action51","type":"key","parameters":{},"actions":[{"type":"keyDown","value":"î€‡"},{"type":"pause","duration":10},{"type":"keyUp","value":"î€‡"}]}]}
COMMAND: GET /session/76d7290d120ab2421d75a09a4cbbcc0c/screenshot - {}
RESULT: {}
COMMAND: POST /session/76d7290d120ab2421d75a09a4cbbcc0c/actions - {"actions":[{"id":"action52","type":"key","parameters":{},"actions":[{"type":"keyDown","value":"î€‡"},{"type":"pause","duration":10},{"type":"keyUp","value":"î€‡"}]}]}
RESULT: {"actions":[{"id":"action52","type":"key","parameters":{},"actions":[{"type":"keyDown","value":"î€‡"},{"type":"pause","duration":10},{"type":"keyUp","value":"î€‡"}]}]}
COMMAND: GET /session/76d7290d120ab2421d75a09a4cbbcc0c/screenshot - {}
RESULT: {}
COMMAND: POST /session/76d7290d120ab2421d75a09a4cbbcc0c/element - {"using":"xpath","value":"(//td[6]/div/div/input)[2]"}
RESULT: {"using":"xpath","value":"(//td[6]/div/div/input)[2]"}
COMMAND: POST /session/76d7290d120ab2421d75a09a4cbbcc0c/element/f.593288CD5F674EF5C803DB8E0F1C2C84.d.6EE6A6F64CA6D1081EF15955880A2216.e.9369/click - {}
RESULT: {}
COMMAND: POST /session/76d7290d120ab2421d75a09a4cbbcc0c/actions - {"actions":[{"id":"action53","type":"key","parameters":{},"actions":[{"type":"keyDown","value":"î€ƒ"},{"type":"pause","duration":10},{"type":"keyUp","value":"î€ƒ"}]}]}
COMMAND: GET /session/76d7290d120ab2421d75a09a4cbbcc0c/screenshot - {}
RESULT: {"actions":[{"id":"action53","type":"key","parameters":{},"actions":[{"type":"keyDown","value":"î€ƒ"},{"type":"pause","duration":10},{"type":"keyUp","value":"î€ƒ"}]}]}
COMMAND: POST /session/76d7290d120ab2421d75a09a4cbbcc0c/element - {"using":"xpath","value":"(//td[6]/div/div/input)[2]"}
COMMAND: GET /session/76d7290d120ab2421d75a09a4cbbcc0c/screenshot - {}
RESULT: {}
RESULT: {"using":"xpath","value":"(//td[6]/div/div/input)[2]"}
COMMAND: POST /session/76d7290d120ab2421d75a09a4cbbcc0c/element/f.593288CD5F674EF5C803DB8E0F1C2C84.d.6EE6A6F64CA6D1081EF15955880A2216.e.9369/clear - {}
RESULT: {}
RESULT: {}
COMMAND: POST /session/76d7290d120ab2421d75a09a4cbbcc0c/element/f.593288CD5F674EF5C803DB8E0F1C2C84.d.6EE6A6F64CA6D1081EF15955880A2216.e.9369/value - {"text":"Service Unit Group"}
COMMAND: GET /session/76d7290d120ab2421d75a09a4cbbcc0c/screenshot - {}
RESULT: {"text":"Service Unit Group"}
COMMAND: GET /session/76d7290d120ab2421d75a09a4cbbcc0c/screenshot - {}
RESULT: {}
RESULT: {}
COMMAND: POST /session/76d7290d120ab2421d75a09a4cbbcc0c/actions - {"actions":[{"id":"action54","type":"key","parameters":{},"actions":[{"type":"keyDown","value":"î€‡"},{"type":"pause","duration":10},{"type":"keyUp","value":"î€‡"}]}]}
RESULT: {"actions":[{"id":"action54","type":"key","parameters":{},"actions":[{"type":"keyDown","value":"î€‡"},{"type":"pause","duration":10},{"type":"keyUp","value":"î€‡"}]}]}
COMMAND: GET /session/76d7290d120ab2421d75a09a4cbbcc0c/screenshot - {}
RESULT: {}
COMMAND: POST /session/76d7290d120ab2421d75a09a4cbbcc0c/actions - {"actions":[{"id":"action55","type":"key","parameters":{},"actions":[{"type":"keyDown","value":"î€‡"},{"type":"pause","duration":10},{"type":"keyUp","value":"î€‡"}]}]}
RESULT: {"actions":[{"id":"action55","type":"key","parameters":{},"actions":[{"type":"keyDown","value":"î€‡"},{"type":"pause","duration":10},{"type":"keyUp","value":"î€‡"}]}]}
COMMAND: POST /session/76d7290d120ab2421d75a09a4cbbcc0c/element - {"using":"xpath","value":"(//td[7]/div/div/input)[2]"}
COMMAND: GET /session/76d7290d120ab2421d75a09a4cbbcc0c/screenshot - {}
RESULT: {"using":"xpath","value":"(//td[7]/div/div/input)[2]"}
COMMAND: POST /session/76d7290d120ab2421d75a09a4cbbcc0c/element/f.593288CD5F674EF5C803DB8E0F1C2C84.d.6EE6A6F64CA6D1081EF15955880A2216.e.9426/clear - {}
RESULT: {}
RESULT: {}
COMMAND: POST /session/76d7290d120ab2421d75a09a4cbbcc0c/element/f.593288CD5F674EF5C803DB8E0F1C2C84.d.6EE6A6F64CA6D1081EF15955880A2216.e.9426/value - {"text":"1100001"}
COMMAND: GET /session/76d7290d120ab2421d75a09a4cbbcc0c/screenshot - {}
RESULT: {"text":"1100001"}
COMMAND: GET /session/76d7290d120ab2421d75a09a4cbbcc0c/screenshot - {}
RESULT: {}
RESULT: {}
COMMAND: POST /session/76d7290d120ab2421d75a09a4cbbcc0c/actions - {"actions":[{"id":"action56","type":"key","parameters":{},"actions":[{"type":"keyDown","value":"î€‡"},{"type":"pause","duration":10},{"type":"keyUp","value":"î€‡"}]}]}
RESULT: {"actions":[{"id":"action56","type":"key","parameters":{},"actions":[{"type":"keyDown","value":"î€‡"},{"type":"pause","duration":10},{"type":"keyUp","value":"î€‡"}]}]}
COMMAND: GET /session/76d7290d120ab2421d75a09a4cbbcc0c/screenshot - {}
RESULT: {}
COMMAND: POST /session/76d7290d120ab2421d75a09a4cbbcc0c/actions - {"actions":[{"id":"action57","type":"key","parameters":{},"actions":[{"type":"keyDown","value":"î€‡"},{"type":"pause","duration":10},{"type":"keyUp","value":"î€‡"}]}]}
RESULT: {"actions":[{"id":"action57","type":"key","parameters":{},"actions":[{"type":"keyDown","value":"î€‡"},{"type":"pause","duration":10},{"type":"keyUp","value":"î€‡"}]}]}
COMMAND: GET /session/76d7290d120ab2421d75a09a4cbbcc0c/screenshot - {}
RESULT: {}
COMMAND: POST /session/76d7290d120ab2421d75a09a4cbbcc0c/element - {"using":"xpath","value":"(//button[@data-kt=\"saveButton\"])[2]"}
RESULT: {"using":"xpath","value":"(//button[@data-kt=\"saveButton\"])[2]"}
COMMAND: POST /session/76d7290d120ab2421d75a09a4cbbcc0c/element/f.593288CD5F674EF5C803DB8E0F1C2C84.d.6EE6A6F64CA6D1081EF15955880A2216.e.9450/click - {}
RESULT: {}
COMMAND: GET /session/76d7290d120ab2421d75a09a4cbbcc0c/screenshot - {}
RESULT: {}
COMMAND: POST /session/76d7290d120ab2421d75a09a4cbbcc0c/element - {"using":"xpath","value":"(//span[contains(text(), \"Additional Addresses\")])[1]"}
RESULT: {"using":"xpath","value":"(//span[contains(text(), \"Additional Addresses\")])[1]"}
COMMAND: POST /session/76d7290d120ab2421d75a09a4cbbcc0c/element/f.593288CD5F674EF5C803DB8E0F1C2C84.d.6EE6A6F64CA6D1081EF15955880A2216.e.9453/click - {}
RESULT: {}
COMMAND: GET /session/76d7290d120ab2421d75a09a4cbbcc0c/screenshot - {}
RESULT: {}
COMMAND: POST /session/76d7290d120ab2421d75a09a4cbbcc0c/execute/async - {"script":"<script> [1562 bytes]","args":[{"selector":{"controlType":"sap.m.Title","viewName":"etm.portal.ui.managecontracts.view.Detail","properties":{"text":"Contract Items (2)"}},"wdio_ui5_key":"etmportal.ui.managecontracts.view.Detailsap.m.Title{\"text\":\"Contract Items (2)\"}"}]}
RESULT: {"script":"<script> [1562 bytes]","args":[{"selector":{"controlType":"sap.m.Title","viewName":"etm.portal.ui.managecontracts.view.Detail","properties":{"text":"Contract Items (2)"}},"wdio_ui5_key":"etmportal.ui.managecontracts.view.Detailsap.m.Title{\"text\":\"Contract Items (2)\"}"}]}
RESULT: undefined
COMMAND: POST /session/76d7290d120ab2421d75a09a4cbbcc0c/execute/async - {"script":"<script> [6424 bytes]","args":[{"element-6066-11e4-a52e-4f735466cecf":"f.593288CD5F674EF5C803DB8E0F1C2C84.d.6EE6A6F64CA6D1081EF15955880A2216.e.9455"},"getText",[]]}
RESULT: {"script":"<script> [6424 bytes]","args":[{"element-6066-11e4-a52e-4f735466cecf":"f.593288CD5F674EF5C803DB8E0F1C2C84.d.6EE6A6F64CA6D1081EF15955880A2216.e.9455"},"getText",[]]}
COMMAND: POST /session/76d7290d120ab2421d75a09a4cbbcc0c/element - {"using":"xpath","value":"(//span[contains(@class ,\"sapMObjStatusText\")])[1]"}
RESULT: {"using":"xpath","value":"(//span[contains(@class ,\"sapMObjStatusText\")])[1]"}
COMMAND: GET /session/76d7290d120ab2421d75a09a4cbbcc0c/element/f.593288CD5F674EF5C803DB8E0F1C2C84.d.6EE6A6F64CA6D1081EF15955880A2216.e.9456/text - {}
RESULT: {}
COMMAND: POST /session/76d7290d120ab2421d75a09a4cbbcc0c/element - {"using":"xpath","value":"(//span[contains(@class ,\"sapMObjStatusText\")])[4]"}
RESULT: {"using":"xpath","value":"(//span[contains(@class ,\"sapMObjStatusText\")])[4]"}
COMMAND: GET /session/76d7290d120ab2421d75a09a4cbbcc0c/element/f.593288CD5F674EF5C803DB8E0F1C2C84.d.6EE6A6F64CA6D1081EF15955880A2216.e.9457/text - {}
RESULT: {}
COMMAND: POST /session/76d7290d120ab2421d75a09a4cbbcc0c/element - {"using":"css selector","value":"#shell-header-logo"}
RESULT: {"using":"css selector","value":"#shell-header-logo"}
COMMAND: POST /session/76d7290d120ab2421d75a09a4cbbcc0c/element/f.593288CD5F674EF5C803DB8E0F1C2C84.d.6EE6A6F64CA6D1081EF15955880A2216.e.8886/click - {}
RESULT: {}
COMMAND: GET /session/76d7290d120ab2421d75a09a4cbbcc0c/screenshot - {}
RESULT: {}
]]></system-out>
    </testcase>
  </testsuite>
  <testsuite timestamp="2025-05-08T06:08:24" time="208.441" tests="2" failures="0" errors="0" skipped="0">
    <properties>
      <property name="specId" value="0" />
      <property name="suiteName" value="Reduced contract US151275" />
      <property name="capabilities" value="chrome.136_0_7103_49.windows" />
      <property name="file" value="file:///D:/a/1/s/test/specs/R2C/reduced-contract-creation.spec.js" />
    </properties>
    <testcase classname="chrome.136_0_7103_49.windows.Reduced_contract_US151275" name="Should create a new reduced contract" time="147.427">
      <system-out><![CDATA[
RESULT: undefined
COMMAND: POST /session/76d7290d120ab2421d75a09a4cbbcc0c/element - {"using":"xpath","value":"//*[@id=\"__tile130\"]"}
RESULT: {"using":"xpath","value":"//*[@id=\"__tile130\"]"}
COMMAND: POST /session/76d7290d120ab2421d75a09a4cbbcc0c/element/f.593288CD5F674EF5C803DB8E0F1C2C84.d.6EE6A6F64CA6D1081EF15955880A2216.e.8523/click - {}
RESULT: {}
COMMAND: GET /session/76d7290d120ab2421d75a09a4cbbcc0c/screenshot - {}
RESULT: {}
COMMAND: POST /session/76d7290d120ab2421d75a09a4cbbcc0c/element - {"using":"xpath","value":"//button[@data-kt=\"addButton\"]"}
RESULT: {"using":"xpath","value":"//button[@data-kt=\"addButton\"]"}
COMMAND: POST /session/76d7290d120ab2421d75a09a4cbbcc0c/element/f.593288CD5F674EF5C803DB8E0F1C2C84.d.6EE6A6F64CA6D1081EF15955880A2216.e.9534/click - {}
RESULT: {}
COMMAND: GET /session/76d7290d120ab2421d75a09a4cbbcc0c/screenshot - {}
RESULT: {}
COMMAND: POST /session/76d7290d120ab2421d75a09a4cbbcc0c/refresh - {}
RESULT: {}
COMMAND: GET /session/76d7290d120ab2421d75a09a4cbbcc0c/screenshot - {}
RESULT: {}
COMMAND: POST /session/76d7290d120ab2421d75a09a4cbbcc0c/execute/async - {"script":"<script> [189 bytes]","args":[]}
RESULT: {"script":"<script> [189 bytes]","args":[]}
COMMAND: POST /session/76d7290d120ab2421d75a09a4cbbcc0c/execute/async - {"script":"<script> [123 bytes]","args":[]}
RESULT: {"script":"<script> [123 bytes]","args":[]}
COMMAND: POST /session/76d7290d120ab2421d75a09a4cbbcc0c/timeouts - {"script":"<number>"}
RESULT: {"script":"<number>"}
COMMAND: GET /session/76d7290d120ab2421d75a09a4cbbcc0c/timeouts - {}
RESULT: {}
RESULT: undefined
COMMAND: POST /session/76d7290d120ab2421d75a09a4cbbcc0c/execute/async - {"script":"<script> [2676 bytes]","args":[]}
RESULT: {"script":"<script> [2676 bytes]","args":[]}
COMMAND: POST /session/76d7290d120ab2421d75a09a4cbbcc0c/execute/async - {"script":"<script> [2342 bytes]","args":[{"protocol":"http","hostname":"0.0.0.0","path":"/","capabilities":{"browserName":"chrome","goog:chromeOptions":{"binary":"C:\\Program Files\\Google\\Chrome\\Application\\chrome.exe","args":["--start-maximized"]}},"logLevel":"warn","connectionRetryTimeout":120000,"connectionRetryCount":3,"logLevels":{},"enableDirectConnect":true,"strictSSL":true,"_":"65 more keys: [\"cacheDir\",\"port\",\"requestedCapabilities\",\"automationProtocol\",\"baseUrl\",\"waitforInterval\",\"waitforTimeout\",\"onReload\",\"beforeCommand\",\"afterCommand\",\"rootDir\",\"specs\",\"suites\",\"exclude\",\"groupLogsByTestSpec\",\"excludeDriverLogs\",\"bail\",\"framework\",\"reporters\",\"services\",\"maxInstances\",\"maxInstancesPerCapability\",\"injectGlobals\",\"filesToWatch\",\"execArgv\",\"runnerEnv\",\"runner\",\"shard\",\"specFileRetries\",\"specFileRetriesDelay\",\"specFileRetriesDeferred\",\"reporterSyncInterval\",\"reporterSyncTimeout\",\"cucumberFeaturesWithLineNumbers\",\"autoCompileOpts\",\"mochaOpts\",\"jasmineOpts\",\"cucumberOpts\",\"onPrepare\",\"onWorkerStart\",\"onWorkerEnd\",\"before\",\"beforeSession\",\"beforeSuite\",\"beforeHook\",\"beforeTest\",\"afterTest\",\"afterHook\",\"afterSuite\",\"afterSession\",\"after\",\"onComplete\",\"beforeAssertion\",\"afterAssertion\",\"beforeFeature\",\"beforeScenario\",\"beforeStep\",\"afterStep\",\"afterScenario\",\"afterFeature\",\"_\",\"suite\",\"$0\",\"ignoredWorkerServices\",\"wdi5\"]"}]}
RESULT: undefined
RESULT: {"script":"<script> [2342 bytes]","args":[{"protocol":"http","hostname":"0.0.0.0","path":"/","capabilities":{"browserName":"chrome","goog:chromeOptions":{"binary":"C:\\Program Files\\Google\\Chrome\\Application\\chrome.exe","args":["--start-maximized"]}},"logLevel":"warn","connectionRetryTimeout":120000,"connectionRetryCount":3,"logLevels":{},"enableDirectConnect":true,"strictSSL":true,"_":"65 more keys: [\"cacheDir\",\"port\",\"requestedCapabilities\",\"automationProtocol\",\"baseUrl\",\"waitforInterval\",\"waitforTimeout\",\"onReload\",\"beforeCommand\",\"afterCommand\",\"rootDir\",\"specs\",\"suites\",\"exclude\",\"groupLogsByTestSpec\",\"excludeDriverLogs\",\"bail\",\"framework\",\"reporters\",\"services\",\"maxInstances\",\"maxInstancesPerCapability\",\"injectGlobals\",\"filesToWatch\",\"execArgv\",\"runnerEnv\",\"runner\",\"shard\",\"specFileRetries\",\"specFileRetriesDelay\",\"specFileRetriesDeferred\",\"reporterSyncInterval\",\"reporterSyncTimeout\",\"cucumberFeaturesWithLineNumbers\",\"autoCompileOpts\",\"mochaOpts\",\"jasmineOpts\",\"cucumberOpts\",\"onPrepare\",\"onWorkerStart\",\"onWorkerEnd\",\"before\",\"beforeSession\",\"beforeSuite\",\"beforeHook\",\"beforeTest\",\"afterTest\",\"afterHook\",\"afterSuite\",\"afterSession\",\"after\",\"onComplete\",\"beforeAssertion\",\"afterAssertion\",\"beforeFeature\",\"beforeScenario\",\"beforeStep\",\"afterStep\",\"afterScenario\",\"afterFeature\",\"_\",\"suite\",\"$0\",\"ignoredWorkerServices\",\"wdi5\"]"}]}
COMMAND: POST /session/76d7290d120ab2421d75a09a4cbbcc0c/execute/async - {"script":"<script> [21126 bytes]","args":[35000]}
RESULT: {"script":"<script> [21126 bytes]","args":[35000]}
COMMAND: POST /session/76d7290d120ab2421d75a09a4cbbcc0c/execute/async - {"script":"<script> [1562 bytes]","args":[{"selector":{"id":"application-managecontracts-display-component---AddNewContract--contractType","interaction":{"idSuffix":"arrow"}},"wdio_ui5_key":"applicationmanagecontracts-display-component---AddNewContract--contractType"}]}
RESULT: {"script":"<script> [1562 bytes]","args":[{"selector":{"id":"application-managecontracts-display-component---AddNewContract--contractType","interaction":{"idSuffix":"arrow"}},"wdio_ui5_key":"applicationmanagecontracts-display-component---AddNewContract--contractType"}]}
RESULT: undefined
COMMAND: POST /session/76d7290d120ab2421d75a09a4cbbcc0c/element - {"using":"xpath","value":"//*[@id=\"application-managecontracts-display-component---AddNewContract--contractType\"]"}
RESULT: {"using":"xpath","value":"//*[@id=\"application-managecontracts-display-component---AddNewContract--contractType\"]"}
COMMAND: POST /session/76d7290d120ab2421d75a09a4cbbcc0c/element/f.593288CD5F674EF5C803DB8E0F1C2C84.d.5F4DFA9E6308D681122BF08B8010EDC5.e.9984/click - {}
RESULT: {}
COMMAND: GET /session/76d7290d120ab2421d75a09a4cbbcc0c/screenshot - {}
RESULT: {}
COMMAND: POST /session/76d7290d120ab2421d75a09a4cbbcc0c/execute/async - {"script":"<script> [1562 bytes]","args":[{"selector":{"controlType":"sap.ui.core.Item","viewName":"etm.portal.ui.managecontracts.view.AddNewContract","viewId":"application-managecontracts-display-component---AddNewContract","bindingPath":{"path":"/ContractTypes('02')","propertyPath":"ID","modelName":"catalogModel"},"searchOpenDialogs":true},"wdio_ui5_key":"etmportal.ui.managecontracts.view.AddNewContractsap.ui.core.Item{\"path\":\"/ContractTypes('02')\",\"propertyPath\":\"ID\",\"modelName\":\"catalogModel\"}"}]}
RESULT: {"script":"<script> [1562 bytes]","args":[{"selector":{"controlType":"sap.ui.core.Item","viewName":"etm.portal.ui.managecontracts.view.AddNewContract","viewId":"application-managecontracts-display-component---AddNewContract","bindingPath":{"path":"/ContractTypes('02')","propertyPath":"ID","modelName":"catalogModel"},"searchOpenDialogs":true},"wdio_ui5_key":"etmportal.ui.managecontracts.view.AddNewContractsap.ui.core.Item{\"path\":\"/ContractTypes('02')\",\"propertyPath\":\"ID\",\"modelName\":\"catalogModel\"}"}]}
RESULT: undefined
COMMAND: POST /session/76d7290d120ab2421d75a09a4cbbcc0c/element - {"using":"xpath","value":"//*[@id=\"__item44-application-managecontracts-display-component---AddNewContract--contractType-1\"]"}
RESULT: {"using":"xpath","value":"//*[@id=\"__item44-application-managecontracts-display-component---AddNewContract--contractType-1\"]"}
COMMAND: POST /session/76d7290d120ab2421d75a09a4cbbcc0c/element/f.593288CD5F674EF5C803DB8E0F1C2C84.d.5F4DFA9E6308D681122BF08B8010EDC5.e.9985/click - {}
RESULT: {}
COMMAND: GET /session/76d7290d120ab2421d75a09a4cbbcc0c/screenshot - {}
RESULT: {}
COMMAND: POST /session/76d7290d120ab2421d75a09a4cbbcc0c/execute/async - {"script":"<script> [1562 bytes]","args":[{"selector":{"id":"application-managecontracts-display-component---AddNewContract--projectDescription","interaction":{"idSuffix":"inner"}},"wdio_ui5_key":"applicationmanagecontracts-display-component---AddNewContract--projectDescription"}]}
RESULT: {"script":"<script> [1562 bytes]","args":[{"selector":{"id":"application-managecontracts-display-component---AddNewContract--projectDescription","interaction":{"idSuffix":"inner"}},"wdio_ui5_key":"applicationmanagecontracts-display-component---AddNewContract--projectDescription"}]}
RESULT: undefined
COMMAND: POST /session/76d7290d120ab2421d75a09a4cbbcc0c/execute/async - {"script":"<script> [776 bytes]","args":[{"enterText":"WdIOReducedj9xt1","selector":{"id":"application-managecontracts-display-component---AddNewContract--projectDescription","interaction":{"idSuffix":"inner"}},"clearTextFirst":true,"interactionType":"ENTER_TEXT"}]}
RESULT: {"script":"<script> [776 bytes]","args":[{"enterText":"WdIOReducedj9xt1","selector":{"id":"application-managecontracts-display-component---AddNewContract--projectDescription","interaction":{"idSuffix":"inner"}},"clearTextFirst":true,"interactionType":"ENTER_TEXT"}]}
COMMAND: POST /session/76d7290d120ab2421d75a09a4cbbcc0c/element - {"using":"xpath","value":"//input[@id=\"application-managecontracts-display-component---AddNewContract--yardId-inner\"]"}
RESULT: {"using":"xpath","value":"//input[@id=\"application-managecontracts-display-component---AddNewContract--yardId-inner\"]"}
COMMAND: POST /session/76d7290d120ab2421d75a09a4cbbcc0c/element/f.593288CD5F674EF5C803DB8E0F1C2C84.d.5F4DFA9E6308D681122BF08B8010EDC5.e.9913/clear - {}
RESULT: {}
COMMAND: POST /session/76d7290d120ab2421d75a09a4cbbcc0c/element/f.593288CD5F674EF5C803DB8E0F1C2C84.d.5F4DFA9E6308D681122BF08B8010EDC5.e.9913/value - {"text":"WebdriverYardyi38p"}
COMMAND: GET /session/76d7290d120ab2421d75a09a4cbbcc0c/screenshot - {}
RESULT: {"text":"WebdriverYardyi38p"}
COMMAND: GET /session/76d7290d120ab2421d75a09a4cbbcc0c/screenshot - {}
RESULT: {}
RESULT: {}
COMMAND: POST /session/76d7290d120ab2421d75a09a4cbbcc0c/actions - {"actions":[{"id":"action58","type":"key","parameters":{},"actions":[{"type":"keyDown","value":"î€‡"},{"type":"pause","duration":10},{"type":"keyUp","value":"î€‡"}]}]}
RESULT: {"actions":[{"id":"action58","type":"key","parameters":{},"actions":[{"type":"keyDown","value":"î€‡"},{"type":"pause","duration":10},{"type":"keyUp","value":"î€‡"}]}]}
COMMAND: GET /session/76d7290d120ab2421d75a09a4cbbcc0c/screenshot - {}
RESULT: {}
COMMAND: POST /session/76d7290d120ab2421d75a09a4cbbcc0c/element - {"using":"xpath","value":"//input[@id=\"application-managecontracts-display-component---AddNewContract--customerSelect-inner\"]"}
RESULT: {"using":"xpath","value":"//input[@id=\"application-managecontracts-display-component---AddNewContract--customerSelect-inner\"]"}
COMMAND: POST /session/76d7290d120ab2421d75a09a4cbbcc0c/element/f.593288CD5F674EF5C803DB8E0F1C2C84.d.5F4DFA9E6308D681122BF08B8010EDC5.e.9911/clear - {}
RESULT: {}
COMMAND: POST /session/76d7290d120ab2421d75a09a4cbbcc0c/element/f.593288CD5F674EF5C803DB8E0F1C2C84.d.5F4DFA9E6308D681122BF08B8010EDC5.e.9911/value - {"text":"WebdriverPartnerznssg"}
COMMAND: GET /session/76d7290d120ab2421d75a09a4cbbcc0c/screenshot - {}
RESULT: {"text":"WebdriverPartnerznssg"}
COMMAND: GET /session/76d7290d120ab2421d75a09a4cbbcc0c/screenshot - {}
RESULT: {}
RESULT: {}
COMMAND: POST /session/76d7290d120ab2421d75a09a4cbbcc0c/actions - {"actions":[{"id":"action59","type":"key","parameters":{},"actions":[{"type":"keyDown","value":"î€‡"},{"type":"pause","duration":10},{"type":"keyUp","value":"î€‡"}]}]}
RESULT: {"actions":[{"id":"action59","type":"key","parameters":{},"actions":[{"type":"keyDown","value":"î€‡"},{"type":"pause","duration":10},{"type":"keyUp","value":"î€‡"}]}]}
COMMAND: GET /session/76d7290d120ab2421d75a09a4cbbcc0c/screenshot - {}
RESULT: {}
COMMAND: POST /session/76d7290d120ab2421d75a09a4cbbcc0c/execute/async - {"script":"<script> [1562 bytes]","args":[{"selector":{"id":"application-managecontracts-display-component---AddNewContract--calendarInput-arrow"},"wdio_ui5_key":"applicationmanagecontracts-display-component---AddNewContract--calendarInput-arrow"}]}
RESULT: {"script":"<script> [1562 bytes]","args":[{"selector":{"id":"application-managecontracts-display-component---AddNewContract--calendarInput-arrow"},"wdio_ui5_key":"applicationmanagecontracts-display-component---AddNewContract--calendarInput-arrow"}]}
RESULT: undefined
COMMAND: POST /session/76d7290d120ab2421d75a09a4cbbcc0c/element - {"using":"xpath","value":"//*[@id=\"application-managecontracts-display-component---AddNewContract--calendarInput-arrow\"]"}
RESULT: {"using":"xpath","value":"//*[@id=\"application-managecontracts-display-component---AddNewContract--calendarInput-arrow\"]"}
COMMAND: POST /session/76d7290d120ab2421d75a09a4cbbcc0c/element/f.593288CD5F674EF5C803DB8E0F1C2C84.d.5F4DFA9E6308D681122BF08B8010EDC5.e.9989/click - {}
RESULT: {}
COMMAND: GET /session/76d7290d120ab2421d75a09a4cbbcc0c/screenshot - {}
RESULT: {}
COMMAND: POST /session/76d7290d120ab2421d75a09a4cbbcc0c/execute/async - {"script":"<script> [1562 bytes]","args":[{"selector":{"controlType":"sap.m.StandardListItem","viewName":"etm.portal.ui.managecontracts.view.AddNewContract","viewId":"application-managecontracts-display-component---AddNewContract","properties":{"title":"1 - Calendar unit test patch"},"searchOpenDialogs":true,"interaction":{"idSuffix":"titleText"}},"wdio_ui5_key":"etmportal.ui.managecontracts.view.AddNewContractsap.m.StandardListItem{\"title\":\"1 - Calendar unit test patch\"}"}]}
RESULT: {"script":"<script> [1562 bytes]","args":[{"selector":{"controlType":"sap.m.StandardListItem","viewName":"etm.portal.ui.managecontracts.view.AddNewContract","viewId":"application-managecontracts-display-component---AddNewContract","properties":{"title":"1 - Calendar unit test patch"},"searchOpenDialogs":true,"interaction":{"idSuffix":"titleText"}},"wdio_ui5_key":"etmportal.ui.managecontracts.view.AddNewContractsap.m.StandardListItem{\"title\":\"1 - Calendar unit test patch\"}"}]}
RESULT: undefined
COMMAND: POST /session/76d7290d120ab2421d75a09a4cbbcc0c/element - {"using":"xpath","value":"//*[@id=\"__item1212\"]"}
RESULT: {"using":"xpath","value":"//*[@id=\"__item1212\"]"}
COMMAND: POST /session/76d7290d120ab2421d75a09a4cbbcc0c/element/f.593288CD5F674EF5C803DB8E0F1C2C84.d.5F4DFA9E6308D681122BF08B8010EDC5.e.9991/click - {}
RESULT: {}
COMMAND: GET /session/76d7290d120ab2421d75a09a4cbbcc0c/screenshot - {}
RESULT: {}
COMMAND: POST /session/76d7290d120ab2421d75a09a4cbbcc0c/execute/async - {"script":"<script> [1562 bytes]","args":[{"selector":{"id":"application-managecontracts-display-component---AddNewContract--streetInput","interaction":{"idSuffix":"inner"}},"wdio_ui5_key":"applicationmanagecontracts-display-component---AddNewContract--streetInput"}]}
RESULT: {"script":"<script> [1562 bytes]","args":[{"selector":{"id":"application-managecontracts-display-component---AddNewContract--streetInput","interaction":{"idSuffix":"inner"}},"wdio_ui5_key":"applicationmanagecontracts-display-component---AddNewContract--streetInput"}]}
RESULT: undefined
COMMAND: POST /session/76d7290d120ab2421d75a09a4cbbcc0c/execute/async - {"script":"<script> [776 bytes]","args":[{"enterText":"StreetWdIO","selector":{"id":"application-managecontracts-display-component---AddNewContract--streetInput","interaction":{"idSuffix":"inner"}},"clearTextFirst":true,"interactionType":"ENTER_TEXT"}]}
RESULT: {"script":"<script> [776 bytes]","args":[{"enterText":"StreetWdIO","selector":{"id":"application-managecontracts-display-component---AddNewContract--streetInput","interaction":{"idSuffix":"inner"}},"clearTextFirst":true,"interactionType":"ENTER_TEXT"}]}
COMMAND: POST /session/76d7290d120ab2421d75a09a4cbbcc0c/execute/async - {"script":"<script> [1562 bytes]","args":[{"selector":{"id":"application-managecontracts-display-component---AddNewContract--numberInput","interaction":{"idSuffix":"inner"}},"wdio_ui5_key":"applicationmanagecontracts-display-component---AddNewContract--numberInput"}]}
RESULT: {"script":"<script> [1562 bytes]","args":[{"selector":{"id":"application-managecontracts-display-component---AddNewContract--numberInput","interaction":{"idSuffix":"inner"}},"wdio_ui5_key":"applicationmanagecontracts-display-component---AddNewContract--numberInput"}]}
RESULT: undefined
COMMAND: POST /session/76d7290d120ab2421d75a09a4cbbcc0c/execute/async - {"script":"<script> [776 bytes]","args":[{"enterText":"3","selector":{"id":"application-managecontracts-display-component---AddNewContract--numberInput","interaction":{"idSuffix":"inner"}},"clearTextFirst":true,"interactionType":"ENTER_TEXT"}]}
RESULT: {"script":"<script> [776 bytes]","args":[{"enterText":"3","selector":{"id":"application-managecontracts-display-component---AddNewContract--numberInput","interaction":{"idSuffix":"inner"}},"clearTextFirst":true,"interactionType":"ENTER_TEXT"}]}
COMMAND: POST /session/76d7290d120ab2421d75a09a4cbbcc0c/execute/async - {"script":"<script> [1562 bytes]","args":[{"selector":{"id":"application-managecontracts-display-component---AddNewContract--cityInput","interaction":{"idSuffix":"inner"}},"wdio_ui5_key":"applicationmanagecontracts-display-component---AddNewContract--cityInput"}]}
RESULT: {"script":"<script> [1562 bytes]","args":[{"selector":{"id":"application-managecontracts-display-component---AddNewContract--cityInput","interaction":{"idSuffix":"inner"}},"wdio_ui5_key":"applicationmanagecontracts-display-component---AddNewContract--cityInput"}]}
RESULT: undefined
COMMAND: POST /session/76d7290d120ab2421d75a09a4cbbcc0c/execute/async - {"script":"<script> [776 bytes]","args":[{"enterText":"Bucharest","selector":{"id":"application-managecontracts-display-component---AddNewContract--cityInput","interaction":{"idSuffix":"inner"}},"clearTextFirst":true,"interactionType":"ENTER_TEXT"}]}
RESULT: {"script":"<script> [776 bytes]","args":[{"enterText":"Bucharest","selector":{"id":"application-managecontracts-display-component---AddNewContract--cityInput","interaction":{"idSuffix":"inner"}},"clearTextFirst":true,"interactionType":"ENTER_TEXT"}]}
COMMAND: POST /session/76d7290d120ab2421d75a09a4cbbcc0c/execute/async - {"script":"<script> [1562 bytes]","args":[{"selector":{"id":"application-managecontracts-display-component---AddNewContract--zipInput","interaction":{"idSuffix":"inner"}},"wdio_ui5_key":"applicationmanagecontracts-display-component---AddNewContract--zipInput"}]}
RESULT: {"script":"<script> [1562 bytes]","args":[{"selector":{"id":"application-managecontracts-display-component---AddNewContract--zipInput","interaction":{"idSuffix":"inner"}},"wdio_ui5_key":"applicationmanagecontracts-display-component---AddNewContract--zipInput"}]}
RESULT: undefined
COMMAND: POST /session/76d7290d120ab2421d75a09a4cbbcc0c/execute/async - {"script":"<script> [776 bytes]","args":[{"enterText":"021210","selector":{"id":"application-managecontracts-display-component---AddNewContract--zipInput","interaction":{"idSuffix":"inner"}},"clearTextFirst":true,"interactionType":"ENTER_TEXT"}]}
RESULT: {"script":"<script> [776 bytes]","args":[{"enterText":"021210","selector":{"id":"application-managecontracts-display-component---AddNewContract--zipInput","interaction":{"idSuffix":"inner"}},"clearTextFirst":true,"interactionType":"ENTER_TEXT"}]}
COMMAND: POST /session/76d7290d120ab2421d75a09a4cbbcc0c/element - {"using":"xpath","value":"//bdi[contains(@id ,\"application-managecontracts-display-component---AddNewContract--saveBtn-BDI-content\")]"}
RESULT: {"using":"xpath","value":"//bdi[contains(@id ,\"application-managecontracts-display-component---AddNewContract--saveBtn-BDI-content\")]"}
COMMAND: POST /session/76d7290d120ab2421d75a09a4cbbcc0c/element/f.593288CD5F674EF5C803DB8E0F1C2C84.d.5F4DFA9E6308D681122BF08B8010EDC5.e.9996/click - {}
RESULT: {}
COMMAND: GET /session/76d7290d120ab2421d75a09a4cbbcc0c/screenshot - {}
RESULT: {}
COMMAND: POST /session/76d7290d120ab2421d75a09a4cbbcc0c/element - {"using":"xpath","value":"//button[contains(@data-kt ,\"contractDetailEditBtnButton\")]"}
RESULT: {"using":"xpath","value":"//button[contains(@data-kt ,\"contractDetailEditBtnButton\")]"}
COMMAND: POST /session/76d7290d120ab2421d75a09a4cbbcc0c/execute/sync - {"script":"<script> [8489 bytes]","args":[{"element-6066-11e4-a52e-4f735466cecf":"f.593288CD5F674EF5C803DB8E0F1C2C84.d.5F4DFA9E6308D681122BF08B8010EDC5.e.10028","ELEMENT":"f.593288CD5F674EF5C803DB8E0F1C2C84.d.5F4DFA9E6308D681122BF08B8010EDC5.e.10028"}]}
RESULT: {"script":"<script> [8489 bytes]","args":[{"element-6066-11e4-a52e-4f735466cecf":"f.593288CD5F674EF5C803DB8E0F1C2C84.d.5F4DFA9E6308D681122BF08B8010EDC5.e.10028","ELEMENT":"f.593288CD5F674EF5C803DB8E0F1C2C84.d.5F4DFA9E6308D681122BF08B8010EDC5.e.10028"}]}
COMMAND: POST /session/76d7290d120ab2421d75a09a4cbbcc0c/execute/sync - {"script":"<script> [8489 bytes]","args":[{"element-6066-11e4-a52e-4f735466cecf":"f.593288CD5F674EF5C803DB8E0F1C2C84.d.5F4DFA9E6308D681122BF08B8010EDC5.e.10028","ELEMENT":"f.593288CD5F674EF5C803DB8E0F1C2C84.d.5F4DFA9E6308D681122BF08B8010EDC5.e.10028"}]}
COMMAND: GET /session/76d7290d120ab2421d75a09a4cbbcc0c/screenshot - {}
RESULT: {"script":"<script> [8489 bytes]","args":[{"element-6066-11e4-a52e-4f735466cecf":"f.593288CD5F674EF5C803DB8E0F1C2C84.d.5F4DFA9E6308D681122BF08B8010EDC5.e.10028","ELEMENT":"f.593288CD5F674EF5C803DB8E0F1C2C84.d.5F4DFA9E6308D681122BF08B8010EDC5.e.10028"}]}
COMMAND: POST /session/76d7290d120ab2421d75a09a4cbbcc0c/execute/sync - {"script":"<script> [5351 bytes]","args":[{"element-6066-11e4-a52e-4f735466cecf":"f.593288CD5F674EF5C803DB8E0F1C2C84.d.5F4DFA9E6308D681122BF08B8010EDC5.e.10028","ELEMENT":"f.593288CD5F674EF5C803DB8E0F1C2C84.d.5F4DFA9E6308D681122BF08B8010EDC5.e.10028"}]}
COMMAND: GET /session/76d7290d120ab2421d75a09a4cbbcc0c/screenshot - {}
RESULT: {}
RESULT: {"script":"<script> [5351 bytes]","args":[{"element-6066-11e4-a52e-4f735466cecf":"f.593288CD5F674EF5C803DB8E0F1C2C84.d.5F4DFA9E6308D681122BF08B8010EDC5.e.10028","ELEMENT":"f.593288CD5F674EF5C803DB8E0F1C2C84.d.5F4DFA9E6308D681122BF08B8010EDC5.e.10028"}]}
COMMAND: POST /session/76d7290d120ab2421d75a09a4cbbcc0c/execute/async - {"script":"<script> [1562 bytes]","args":[{"selector":{"controlType":"sap.m.Text","viewName":"etm.portal.ui.managecontracts.view.Detail","bindingPath":{"propertyPath":"LINK_TO_C_CONTRACT_TYPES/DESCRIPTION","modelName":"catalogModel"}},"wdio_ui5_key":"etmportal.ui.managecontracts.view.Detailsap.m.Text{\"propertyPath\":\"LINK_TO_C_CONTRACT_TYPES/DESCRIPTION\",\"modelName\":\"catalogModel\"}"}]}
COMMAND: GET /session/76d7290d120ab2421d75a09a4cbbcc0c/screenshot - {}
RESULT: {}
RESULT: {"script":"<script> [1562 bytes]","args":[{"selector":{"controlType":"sap.m.Text","viewName":"etm.portal.ui.managecontracts.view.Detail","bindingPath":{"propertyPath":"LINK_TO_C_CONTRACT_TYPES/DESCRIPTION","modelName":"catalogModel"}},"wdio_ui5_key":"etmportal.ui.managecontracts.view.Detailsap.m.Text{\"propertyPath\":\"LINK_TO_C_CONTRACT_TYPES/DESCRIPTION\",\"modelName\":\"catalogModel\"}"}]}
RESULT: undefined
COMMAND: POST /session/76d7290d120ab2421d75a09a4cbbcc0c/execute/async - {"script":"<script> [6424 bytes]","args":[{"element-6066-11e4-a52e-4f735466cecf":"f.593288CD5F674EF5C803DB8E0F1C2C84.d.5F4DFA9E6308D681122BF08B8010EDC5.e.10029"},"getText",[]]}
RESULT: {}
RESULT: {"script":"<script> [6424 bytes]","args":[{"element-6066-11e4-a52e-4f735466cecf":"f.593288CD5F674EF5C803DB8E0F1C2C84.d.5F4DFA9E6308D681122BF08B8010EDC5.e.10029"},"getText",[]]}
COMMAND: POST /session/76d7290d120ab2421d75a09a4cbbcc0c/element/f.593288CD5F674EF5C803DB8E0F1C2C84.d.5F4DFA9E6308D681122BF08B8010EDC5.e.10028/click - {}
RESULT: {}
COMMAND: GET /session/76d7290d120ab2421d75a09a4cbbcc0c/screenshot - {}
RESULT: {}
]]></system-out>
    </testcase>
    <testcase classname="chrome.136_0_7103_49.windows.Reduced_contract_US151275" name="Should add a RU to the contract" time="53.223">
      <system-out><![CDATA[
COMMAND: POST /session/76d7290d120ab2421d75a09a4cbbcc0c/element - {"using":"xpath","value":"(//span[contains(text(), \"Header Billing Items\")])[2]"}
RESULT: {"using":"xpath","value":"(//span[contains(text(), \"Header Billing Items\")])[2]"}
COMMAND: POST /session/76d7290d120ab2421d75a09a4cbbcc0c/element/f.593288CD5F674EF5C803DB8E0F1C2C84.d.5F4DFA9E6308D681122BF08B8010EDC5.e.10080/click - {}
RESULT: {}
COMMAND: GET /session/76d7290d120ab2421d75a09a4cbbcc0c/screenshot - {}
RESULT: {}
COMMAND: POST /session/76d7290d120ab2421d75a09a4cbbcc0c/element - {"using":"xpath","value":"//button[@data-kt=\"btnAddTableRowOverflowToolbarButton\"]"}
RESULT: {"using":"xpath","value":"//button[@data-kt=\"btnAddTableRowOverflowToolbarButton\"]"}
COMMAND: POST /session/76d7290d120ab2421d75a09a4cbbcc0c/element/f.593288CD5F674EF5C803DB8E0F1C2C84.d.5F4DFA9E6308D681122BF08B8010EDC5.e.10085/click - {}
RESULT: {}
COMMAND: GET /session/76d7290d120ab2421d75a09a4cbbcc0c/screenshot - {}
RESULT: {}
COMMAND: POST /session/76d7290d120ab2421d75a09a4cbbcc0c/element - {"using":"xpath","value":"//div[(text() = 'Standard Entry' or . = 'Standard Entry')]"}
RESULT: {"using":"xpath","value":"//div[(text() = 'Standard Entry' or . = 'Standard Entry')]"}
COMMAND: POST /session/76d7290d120ab2421d75a09a4cbbcc0c/element/f.593288CD5F674EF5C803DB8E0F1C2C84.d.5F4DFA9E6308D681122BF08B8010EDC5.e.10087/click - {}
RESULT: {}
COMMAND: POST /session/76d7290d120ab2421d75a09a4cbbcc0c/element - {"using":"xpath","value":"//td[6]/div/div/input[1]"}
COMMAND: GET /session/76d7290d120ab2421d75a09a4cbbcc0c/screenshot - {}
RESULT: {"using":"xpath","value":"//td[6]/div/div/input[1]"}
COMMAND: POST /session/76d7290d120ab2421d75a09a4cbbcc0c/element/f.593288CD5F674EF5C803DB8E0F1C2C84.d.5F4DFA9E6308D681122BF08B8010EDC5.e.10089/click - {}
RESULT: {}
RESULT: {}
COMMAND: POST /session/76d7290d120ab2421d75a09a4cbbcc0c/actions - {"actions":[{"id":"action60","type":"key","parameters":{},"actions":[{"type":"keyDown","value":"î€ƒ"},{"type":"pause","duration":10},{"type":"keyUp","value":"î€ƒ"}]}]}
COMMAND: GET /session/76d7290d120ab2421d75a09a4cbbcc0c/screenshot - {}
RESULT: {"actions":[{"id":"action60","type":"key","parameters":{},"actions":[{"type":"keyDown","value":"î€ƒ"},{"type":"pause","duration":10},{"type":"keyUp","value":"î€ƒ"}]}]}
COMMAND: POST /session/76d7290d120ab2421d75a09a4cbbcc0c/element - {"using":"xpath","value":"//td[6]/div/div/input[1]"}
COMMAND: GET /session/76d7290d120ab2421d75a09a4cbbcc0c/screenshot - {}
RESULT: {}
RESULT: {"using":"xpath","value":"//td[6]/div/div/input[1]"}
COMMAND: POST /session/76d7290d120ab2421d75a09a4cbbcc0c/element/f.593288CD5F674EF5C803DB8E0F1C2C84.d.5F4DFA9E6308D681122BF08B8010EDC5.e.10089/clear - {}
RESULT: {}
RESULT: {}
COMMAND: POST /session/76d7290d120ab2421d75a09a4cbbcc0c/element/f.593288CD5F674EF5C803DB8E0F1C2C84.d.5F4DFA9E6308D681122BF08B8010EDC5.e.10089/value - {"text":"Material"}
COMMAND: GET /session/76d7290d120ab2421d75a09a4cbbcc0c/screenshot - {}
RESULT: {"text":"Material"}
COMMAND: GET /session/76d7290d120ab2421d75a09a4cbbcc0c/screenshot - {}
RESULT: {}
RESULT: {}
COMMAND: POST /session/76d7290d120ab2421d75a09a4cbbcc0c/actions - {"actions":[{"id":"action61","type":"key","parameters":{},"actions":[{"type":"keyDown","value":"î€‡"},{"type":"pause","duration":10},{"type":"keyUp","value":"î€‡"}]}]}
RESULT: {"actions":[{"id":"action61","type":"key","parameters":{},"actions":[{"type":"keyDown","value":"î€‡"},{"type":"pause","duration":10},{"type":"keyUp","value":"î€‡"}]}]}
COMMAND: GET /session/76d7290d120ab2421d75a09a4cbbcc0c/screenshot - {}
RESULT: {}
COMMAND: POST /session/76d7290d120ab2421d75a09a4cbbcc0c/actions - {"actions":[{"id":"action62","type":"key","parameters":{},"actions":[{"type":"keyDown","value":"î€‡"},{"type":"pause","duration":10},{"type":"keyUp","value":"î€‡"}]}]}
RESULT: {"actions":[{"id":"action62","type":"key","parameters":{},"actions":[{"type":"keyDown","value":"î€‡"},{"type":"pause","duration":10},{"type":"keyUp","value":"î€‡"}]}]}
COMMAND: POST /session/76d7290d120ab2421d75a09a4cbbcc0c/element - {"using":"xpath","value":"//td[7]/div/div/input"}
COMMAND: GET /session/76d7290d120ab2421d75a09a4cbbcc0c/screenshot - {}
RESULT: {"using":"xpath","value":"//td[7]/div/div/input"}
COMMAND: POST /session/76d7290d120ab2421d75a09a4cbbcc0c/element/f.593288CD5F674EF5C803DB8E0F1C2C84.d.5F4DFA9E6308D681122BF08B8010EDC5.e.10102/clear - {}
RESULT: {}
RESULT: {}
COMMAND: POST /session/76d7290d120ab2421d75a09a4cbbcc0c/element/f.593288CD5F674EF5C803DB8E0F1C2C84.d.5F4DFA9E6308D681122BF08B8010EDC5.e.10102/value - {"text":"WebdriverRUR2C"}
COMMAND: GET /session/76d7290d120ab2421d75a09a4cbbcc0c/screenshot - {}
RESULT: {"text":"WebdriverRUR2C"}
COMMAND: GET /session/76d7290d120ab2421d75a09a4cbbcc0c/screenshot - {}
RESULT: {}
RESULT: {}
COMMAND: POST /session/76d7290d120ab2421d75a09a4cbbcc0c/actions - {"actions":[{"id":"action63","type":"key","parameters":{},"actions":[{"type":"keyDown","value":"î€‡"},{"type":"pause","duration":10},{"type":"keyUp","value":"î€‡"}]}]}
RESULT: {"actions":[{"id":"action63","type":"key","parameters":{},"actions":[{"type":"keyDown","value":"î€‡"},{"type":"pause","duration":10},{"type":"keyUp","value":"î€‡"}]}]}
COMMAND: GET /session/76d7290d120ab2421d75a09a4cbbcc0c/screenshot - {}
RESULT: {}
COMMAND: POST /session/76d7290d120ab2421d75a09a4cbbcc0c/actions - {"actions":[{"id":"action64","type":"key","parameters":{},"actions":[{"type":"keyDown","value":"î€‡"},{"type":"pause","duration":10},{"type":"keyUp","value":"î€‡"}]}]}
RESULT: {"actions":[{"id":"action64","type":"key","parameters":{},"actions":[{"type":"keyDown","value":"î€‡"},{"type":"pause","duration":10},{"type":"keyUp","value":"î€‡"}]}]}
COMMAND: GET /session/76d7290d120ab2421d75a09a4cbbcc0c/screenshot - {}
RESULT: {}
COMMAND: POST /session/76d7290d120ab2421d75a09a4cbbcc0c/element - {"using":"xpath","value":"(//button[@data-kt=\"saveButton\"])[2]"}
RESULT: {"using":"xpath","value":"(//button[@data-kt=\"saveButton\"])[2]"}
COMMAND: POST /session/76d7290d120ab2421d75a09a4cbbcc0c/element/f.593288CD5F674EF5C803DB8E0F1C2C84.d.5F4DFA9E6308D681122BF08B8010EDC5.e.10127/click - {}
RESULT: {}
COMMAND: GET /session/76d7290d120ab2421d75a09a4cbbcc0c/screenshot - {}
RESULT: {}
COMMAND: POST /session/76d7290d120ab2421d75a09a4cbbcc0c/element - {"using":"xpath","value":"//button[contains(@data-kt ,\"contractDetailEditBtnButton\")]"}
RESULT: {"using":"xpath","value":"//button[contains(@data-kt ,\"contractDetailEditBtnButton\")]"}
COMMAND: POST /session/76d7290d120ab2421d75a09a4cbbcc0c/execute/sync - {"script":"<script> [8489 bytes]","args":[{"element-6066-11e4-a52e-4f735466cecf":"f.593288CD5F674EF5C803DB8E0F1C2C84.d.5F4DFA9E6308D681122BF08B8010EDC5.e.10028","ELEMENT":"f.593288CD5F674EF5C803DB8E0F1C2C84.d.5F4DFA9E6308D681122BF08B8010EDC5.e.10028"}]}
RESULT: {"script":"<script> [8489 bytes]","args":[{"element-6066-11e4-a52e-4f735466cecf":"f.593288CD5F674EF5C803DB8E0F1C2C84.d.5F4DFA9E6308D681122BF08B8010EDC5.e.10028","ELEMENT":"f.593288CD5F674EF5C803DB8E0F1C2C84.d.5F4DFA9E6308D681122BF08B8010EDC5.e.10028"}]}
COMMAND: POST /session/76d7290d120ab2421d75a09a4cbbcc0c/execute/sync - {"script":"<script> [8489 bytes]","args":[{"element-6066-11e4-a52e-4f735466cecf":"f.593288CD5F674EF5C803DB8E0F1C2C84.d.5F4DFA9E6308D681122BF08B8010EDC5.e.10028","ELEMENT":"f.593288CD5F674EF5C803DB8E0F1C2C84.d.5F4DFA9E6308D681122BF08B8010EDC5.e.10028"}]}
COMMAND: GET /session/76d7290d120ab2421d75a09a4cbbcc0c/screenshot - {}
RESULT: {"script":"<script> [8489 bytes]","args":[{"element-6066-11e4-a52e-4f735466cecf":"f.593288CD5F674EF5C803DB8E0F1C2C84.d.5F4DFA9E6308D681122BF08B8010EDC5.e.10028","ELEMENT":"f.593288CD5F674EF5C803DB8E0F1C2C84.d.5F4DFA9E6308D681122BF08B8010EDC5.e.10028"}]}
COMMAND: POST /session/76d7290d120ab2421d75a09a4cbbcc0c/execute/sync - {"script":"<script> [5351 bytes]","args":[{"element-6066-11e4-a52e-4f735466cecf":"f.593288CD5F674EF5C803DB8E0F1C2C84.d.5F4DFA9E6308D681122BF08B8010EDC5.e.10028","ELEMENT":"f.593288CD5F674EF5C803DB8E0F1C2C84.d.5F4DFA9E6308D681122BF08B8010EDC5.e.10028"}]}
COMMAND: GET /session/76d7290d120ab2421d75a09a4cbbcc0c/screenshot - {}
RESULT: {}
RESULT: {"script":"<script> [5351 bytes]","args":[{"element-6066-11e4-a52e-4f735466cecf":"f.593288CD5F674EF5C803DB8E0F1C2C84.d.5F4DFA9E6308D681122BF08B8010EDC5.e.10028","ELEMENT":"f.593288CD5F674EF5C803DB8E0F1C2C84.d.5F4DFA9E6308D681122BF08B8010EDC5.e.10028"}]}
COMMAND: POST /session/76d7290d120ab2421d75a09a4cbbcc0c/element - {"using":"xpath","value":"(//span[contains(text(), \"Header Billing Items\")])[1]"}
COMMAND: GET /session/76d7290d120ab2421d75a09a4cbbcc0c/screenshot - {}
RESULT: {}
RESULT: {"using":"xpath","value":"(//span[contains(text(), \"Header Billing Items\")])[1]"}
COMMAND: POST /session/76d7290d120ab2421d75a09a4cbbcc0c/element/f.593288CD5F674EF5C803DB8E0F1C2C84.d.5F4DFA9E6308D681122BF08B8010EDC5.e.10130/click - {}
RESULT: {}
RESULT: {}
COMMAND: GET /session/76d7290d120ab2421d75a09a4cbbcc0c/screenshot - {}
RESULT: {}
COMMAND: POST /session/76d7290d120ab2421d75a09a4cbbcc0c/execute/async - {"script":"<script> [1562 bytes]","args":[{"selector":{"controlType":"sap.m.Title","viewName":"etm.portal.ui.managecontracts.view.Detail","properties":{"text":"Contract Items (1)"}},"wdio_ui5_key":"etmportal.ui.managecontracts.view.Detailsap.m.Title{\"text\":\"Contract Items (1)\"}"}]}
RESULT: {"script":"<script> [1562 bytes]","args":[{"selector":{"controlType":"sap.m.Title","viewName":"etm.portal.ui.managecontracts.view.Detail","properties":{"text":"Contract Items (1)"}},"wdio_ui5_key":"etmportal.ui.managecontracts.view.Detailsap.m.Title{\"text\":\"Contract Items (1)\"}"}]}
RESULT: undefined
COMMAND: POST /session/76d7290d120ab2421d75a09a4cbbcc0c/execute/async - {"script":"<script> [6424 bytes]","args":[{"element-6066-11e4-a52e-4f735466cecf":"f.593288CD5F674EF5C803DB8E0F1C2C84.d.5F4DFA9E6308D681122BF08B8010EDC5.e.10134"},"getText",[]]}
RESULT: {"script":"<script> [6424 bytes]","args":[{"element-6066-11e4-a52e-4f735466cecf":"f.593288CD5F674EF5C803DB8E0F1C2C84.d.5F4DFA9E6308D681122BF08B8010EDC5.e.10134"},"getText",[]]}
COMMAND: POST /session/76d7290d120ab2421d75a09a4cbbcc0c/element - {"using":"xpath","value":"(//span[contains(@class ,\"sapMObjStatusText\")])[1]"}
RESULT: {"using":"xpath","value":"(//span[contains(@class ,\"sapMObjStatusText\")])[1]"}
COMMAND: GET /session/76d7290d120ab2421d75a09a4cbbcc0c/element/f.593288CD5F674EF5C803DB8E0F1C2C84.d.5F4DFA9E6308D681122BF08B8010EDC5.e.10135/text - {}
RESULT: {}
COMMAND: POST /session/76d7290d120ab2421d75a09a4cbbcc0c/refresh - {}
RESULT: {}
COMMAND: GET /session/76d7290d120ab2421d75a09a4cbbcc0c/screenshot - {}
RESULT: {}
COMMAND: POST /session/76d7290d120ab2421d75a09a4cbbcc0c/execute/async - {"script":"<script> [189 bytes]","args":[]}
RESULT: {"script":"<script> [189 bytes]","args":[]}
COMMAND: POST /session/76d7290d120ab2421d75a09a4cbbcc0c/execute/async - {"script":"<script> [123 bytes]","args":[]}
RESULT: {"script":"<script> [123 bytes]","args":[]}
COMMAND: POST /session/76d7290d120ab2421d75a09a4cbbcc0c/timeouts - {"script":"<number>"}
RESULT: {"script":"<number>"}
COMMAND: GET /session/76d7290d120ab2421d75a09a4cbbcc0c/timeouts - {}
RESULT: {}
RESULT: undefined
COMMAND: POST /session/76d7290d120ab2421d75a09a4cbbcc0c/execute/async - {"script":"<script> [2676 bytes]","args":[]}
RESULT: {"script":"<script> [2676 bytes]","args":[]}
COMMAND: POST /session/76d7290d120ab2421d75a09a4cbbcc0c/execute/async - {"script":"<script> [2342 bytes]","args":[{"protocol":"http","hostname":"0.0.0.0","path":"/","capabilities":{"browserName":"chrome","goog:chromeOptions":{"binary":"C:\\Program Files\\Google\\Chrome\\Application\\chrome.exe","args":["--start-maximized"]}},"logLevel":"warn","connectionRetryTimeout":120000,"connectionRetryCount":3,"logLevels":{},"enableDirectConnect":true,"strictSSL":true,"_":"65 more keys: [\"cacheDir\",\"port\",\"requestedCapabilities\",\"automationProtocol\",\"baseUrl\",\"waitforInterval\",\"waitforTimeout\",\"onReload\",\"beforeCommand\",\"afterCommand\",\"rootDir\",\"specs\",\"suites\",\"exclude\",\"groupLogsByTestSpec\",\"excludeDriverLogs\",\"bail\",\"framework\",\"reporters\",\"services\",\"maxInstances\",\"maxInstancesPerCapability\",\"injectGlobals\",\"filesToWatch\",\"execArgv\",\"runnerEnv\",\"runner\",\"shard\",\"specFileRetries\",\"specFileRetriesDelay\",\"specFileRetriesDeferred\",\"reporterSyncInterval\",\"reporterSyncTimeout\",\"cucumberFeaturesWithLineNumbers\",\"autoCompileOpts\",\"mochaOpts\",\"jasmineOpts\",\"cucumberOpts\",\"onPrepare\",\"onWorkerStart\",\"onWorkerEnd\",\"before\",\"beforeSession\",\"beforeSuite\",\"beforeHook\",\"beforeTest\",\"afterTest\",\"afterHook\",\"afterSuite\",\"afterSession\",\"after\",\"onComplete\",\"beforeAssertion\",\"afterAssertion\",\"beforeFeature\",\"beforeScenario\",\"beforeStep\",\"afterStep\",\"afterScenario\",\"afterFeature\",\"_\",\"suite\",\"$0\",\"ignoredWorkerServices\",\"wdi5\"]"}]}
RESULT: {"script":"<script> [2342 bytes]","args":[{"protocol":"http","hostname":"0.0.0.0","path":"/","capabilities":{"browserName":"chrome","goog:chromeOptions":{"binary":"C:\\Program Files\\Google\\Chrome\\Application\\chrome.exe","args":["--start-maximized"]}},"logLevel":"warn","connectionRetryTimeout":120000,"connectionRetryCount":3,"logLevels":{},"enableDirectConnect":true,"strictSSL":true,"_":"65 more keys: [\"cacheDir\",\"port\",\"requestedCapabilities\",\"automationProtocol\",\"baseUrl\",\"waitforInterval\",\"waitforTimeout\",\"onReload\",\"beforeCommand\",\"afterCommand\",\"rootDir\",\"specs\",\"suites\",\"exclude\",\"groupLogsByTestSpec\",\"excludeDriverLogs\",\"bail\",\"framework\",\"reporters\",\"services\",\"maxInstances\",\"maxInstancesPerCapability\",\"injectGlobals\",\"filesToWatch\",\"execArgv\",\"runnerEnv\",\"runner\",\"shard\",\"specFileRetries\",\"specFileRetriesDelay\",\"specFileRetriesDeferred\",\"reporterSyncInterval\",\"reporterSyncTimeout\",\"cucumberFeaturesWithLineNumbers\",\"autoCompileOpts\",\"mochaOpts\",\"jasmineOpts\",\"cucumberOpts\",\"onPrepare\",\"onWorkerStart\",\"onWorkerEnd\",\"before\",\"beforeSession\",\"beforeSuite\",\"beforeHook\",\"beforeTest\",\"afterTest\",\"afterHook\",\"afterSuite\",\"afterSession\",\"after\",\"onComplete\",\"beforeAssertion\",\"afterAssertion\",\"beforeFeature\",\"beforeScenario\",\"beforeStep\",\"afterStep\",\"afterScenario\",\"afterFeature\",\"_\",\"suite\",\"$0\",\"ignoredWorkerServices\",\"wdi5\"]"}]}
COMMAND: POST /session/76d7290d120ab2421d75a09a4cbbcc0c/execute/async - {"script":"<script> [21126 bytes]","args":[35000]}
RESULT: {"script":"<script> [21126 bytes]","args":[35000]}
COMMAND: POST /session/76d7290d120ab2421d75a09a4cbbcc0c/element - {"using":"css selector","value":"#shell-header-logo"}
RESULT: {"using":"css selector","value":"#shell-header-logo"}
COMMAND: POST /session/76d7290d120ab2421d75a09a4cbbcc0c/element/f.593288CD5F674EF5C803DB8E0F1C2C84.d.4DBA6EA3E7216936FA435C1862B772C1.e.10143/click - {}
RESULT: {}
COMMAND: GET /session/76d7290d120ab2421d75a09a4cbbcc0c/screenshot - {}
RESULT: {}
]]></system-out>
    </testcase>
  </testsuite>
  <testsuite timestamp="2025-05-08T06:11:52" time="1179.355" tests="7" failures="2" errors="2" skipped="0">
    <properties>
      <property name="specId" value="0" />
      <property name="suiteName" value="E2E - Logistical and commercial statuses" />
      <property name="capabilities" value="chrome.136_0_7103_49.windows" />
      <property name="file" value="file:///D:/a/1/s/test/specs/R2C/E2E-Logistical-and-commercial-status.spec.js" />
    </properties>
    <testcase classname="chrome.136_0_7103_49.windows.E2E_-_Logistical_and_commercial_statuses" name="Should create prerequisites yard partner and site" time="295.885">
      <system-out><![CDATA[
COMMAND: POST /session/76d7290d120ab2421d75a09a4cbbcc0c/execute/async - {"script":"<script> [1562 bytes]","args":[{"selector":{"controlType":"sap.m.GenericTile","properties":{"header":"Manage Yards"}},"wdio_ui5_key":"sapm.GenericTile{\"header\":\"Manage Yards\"}"}]}
RESULT: {"script":"<script> [1562 bytes]","args":[{"selector":{"controlType":"sap.m.GenericTile","properties":{"header":"Manage Yards"}},"wdio_ui5_key":"sapm.GenericTile{\"header\":\"Manage Yards\"}"}]}
RESULT: undefined
COMMAND: POST /session/76d7290d120ab2421d75a09a4cbbcc0c/element - {"using":"xpath","value":"//*[@id=\"__tile41\"]"}
RESULT: {"using":"xpath","value":"//*[@id=\"__tile41\"]"}
COMMAND: POST /session/76d7290d120ab2421d75a09a4cbbcc0c/element/f.593288CD5F674EF5C803DB8E0F1C2C84.d.4DBA6EA3E7216936FA435C1862B772C1.e.10359/click - {}
RESULT: {}
COMMAND: GET /session/76d7290d120ab2421d75a09a4cbbcc0c/screenshot - {}
RESULT: {}
COMMAND: POST /session/76d7290d120ab2421d75a09a4cbbcc0c/execute/async - {"script":"<script> [1562 bytes]","args":[{"selector":{"controlType":"sap.ui.core.Icon","viewName":"etm.portal.ui.manageyards.view.Master","viewId":"application-manageyards-display-component---masterYard","properties":{"src":{"regex":{"source":"add"}}}},"wdio_ui5_key":"etmportal.ui.manageyards.view.Mastersap.ui.core.Icon{\"src\":{\"regex\":{\"source\":\"add\"}}}"}]}
RESULT: {"script":"<script> [1562 bytes]","args":[{"selector":{"controlType":"sap.ui.core.Icon","viewName":"etm.portal.ui.manageyards.view.Master","viewId":"application-manageyards-display-component---masterYard","properties":{"src":{"regex":{"source":"add"}}}},"wdio_ui5_key":"etmportal.ui.manageyards.view.Mastersap.ui.core.Icon{\"src\":{\"regex\":{\"source\":\"add\"}}}"}]}
RESULT: undefined
COMMAND: POST /session/76d7290d120ab2421d75a09a4cbbcc0c/element - {"using":"xpath","value":"//*[@id=\"__button15-img\"]"}
RESULT: {"using":"xpath","value":"//*[@id=\"__button15-img\"]"}
COMMAND: POST /session/76d7290d120ab2421d75a09a4cbbcc0c/element/f.593288CD5F674EF5C803DB8E0F1C2C84.d.4DBA6EA3E7216936FA435C1862B772C1.e.10396/click - {}
RESULT: {}
COMMAND: GET /session/76d7290d120ab2421d75a09a4cbbcc0c/screenshot - {}
RESULT: {}
COMMAND: POST /session/76d7290d120ab2421d75a09a4cbbcc0c/execute/async - {"script":"<script> [1562 bytes]","args":[{"selector":{"id":"application-manageyards-display-component---NewYard--yardId","interaction":{"idSuffix":"inner"}},"wdio_ui5_key":"applicationmanageyards-display-component---NewYard--yardId"}]}
RESULT: {"script":"<script> [1562 bytes]","args":[{"selector":{"id":"application-manageyards-display-component---NewYard--yardId","interaction":{"idSuffix":"inner"}},"wdio_ui5_key":"applicationmanageyards-display-component---NewYard--yardId"}]}
RESULT: undefined
COMMAND: POST /session/76d7290d120ab2421d75a09a4cbbcc0c/element - {"using":"xpath","value":"//*[@id=\"application-manageyards-display-component---NewYard--addressDetailDetailsName1-inner\"]"}
RESULT: {"using":"xpath","value":"//*[@id=\"application-manageyards-display-component---NewYard--addressDetailDetailsName1-inner\"]"}
COMMAND: POST /session/76d7290d120ab2421d75a09a4cbbcc0c/element/f.593288CD5F674EF5C803DB8E0F1C2C84.d.4DBA6EA3E7216936FA435C1862B772C1.e.10631/clear - {}
RESULT: {}
COMMAND: POST /session/76d7290d120ab2421d75a09a4cbbcc0c/element/f.593288CD5F674EF5C803DB8E0F1C2C84.d.4DBA6EA3E7216936FA435C1862B772C1.e.10631/value - {"text":"WebdriverYard55stu"}
COMMAND: GET /session/76d7290d120ab2421d75a09a4cbbcc0c/screenshot - {}
RESULT: {"text":"WebdriverYard55stu"}
COMMAND: POST /session/76d7290d120ab2421d75a09a4cbbcc0c/element - {"using":"xpath","value":"//*[@id=\"application-manageyards-display-component---NewYard--addressDetailDetailsLanguage-inner\"]"}
COMMAND: GET /session/76d7290d120ab2421d75a09a4cbbcc0c/screenshot - {}
RESULT: {}
RESULT: {"using":"xpath","value":"//*[@id=\"application-manageyards-display-component---NewYard--addressDetailDetailsLanguage-inner\"]"}
COMMAND: POST /session/76d7290d120ab2421d75a09a4cbbcc0c/element/f.593288CD5F674EF5C803DB8E0F1C2C84.d.4DBA6EA3E7216936FA435C1862B772C1.e.10632/clear - {}
RESULT: {}
RESULT: {}
COMMAND: POST /session/76d7290d120ab2421d75a09a4cbbcc0c/element/f.593288CD5F674EF5C803DB8E0F1C2C84.d.4DBA6EA3E7216936FA435C1862B772C1.e.10632/value - {"text":"Romanian"}
COMMAND: GET /session/76d7290d120ab2421d75a09a4cbbcc0c/screenshot - {}
RESULT: {"text":"Romanian"}
COMMAND: POST /session/76d7290d120ab2421d75a09a4cbbcc0c/element - {"using":"xpath","value":"//input[contains(@id ,\"application-manageyards-display-component---NewYard--addressDetailDetailsName1-inner\")]"}
COMMAND: GET /session/76d7290d120ab2421d75a09a4cbbcc0c/screenshot - {}
RESULT: {}
RESULT: {"using":"xpath","value":"//input[contains(@id ,\"application-manageyards-display-component---NewYard--addressDetailDetailsName1-inner\")]"}
COMMAND: GET /session/76d7290d120ab2421d75a09a4cbbcc0c/element/f.593288CD5F674EF5C803DB8E0F1C2C84.d.4DBA6EA3E7216936FA435C1862B772C1.e.10631/property/value - {}
RESULT: {}
RESULT: {}
COMMAND: GET /session/76d7290d120ab2421d75a09a4cbbcc0c/screenshot - {}
RESULT: {}
COMMAND: POST /session/76d7290d120ab2421d75a09a4cbbcc0c/element - {"using":"xpath","value":"//*[@id=\"application-manageyards-display-component---NewYard--addressDetailDetailsCity1-inner\"]"}
RESULT: {"using":"xpath","value":"//*[@id=\"application-manageyards-display-component---NewYard--addressDetailDetailsCity1-inner\"]"}
COMMAND: POST /session/76d7290d120ab2421d75a09a4cbbcc0c/element/f.593288CD5F674EF5C803DB8E0F1C2C84.d.4DBA6EA3E7216936FA435C1862B772C1.e.10634/clear - {}
RESULT: {}
COMMAND: POST /session/76d7290d120ab2421d75a09a4cbbcc0c/element/f.593288CD5F674EF5C803DB8E0F1C2C84.d.4DBA6EA3E7216936FA435C1862B772C1.e.10634/value - {"text":"Bucuresti"}
RESULT: {"text":"Bucuresti"}
COMMAND: GET /session/76d7290d120ab2421d75a09a4cbbcc0c/screenshot - {}
COMMAND: GET /session/76d7290d120ab2421d75a09a4cbbcc0c/screenshot - {}
RESULT: {}
RESULT: {}
COMMAND: POST /session/76d7290d120ab2421d75a09a4cbbcc0c/element - {"using":"xpath","value":"//*[@id=\"application-manageyards-display-component---NewYard--addressDetailDetailsCountry-inner\"]"}
RESULT: {"using":"xpath","value":"//*[@id=\"application-manageyards-display-component---NewYard--addressDetailDetailsCountry-inner\"]"}
COMMAND: POST /session/76d7290d120ab2421d75a09a4cbbcc0c/element/f.593288CD5F674EF5C803DB8E0F1C2C84.d.4DBA6EA3E7216936FA435C1862B772C1.e.10638/clear - {}
RESULT: {}
COMMAND: POST /session/76d7290d120ab2421d75a09a4cbbcc0c/element/f.593288CD5F674EF5C803DB8E0F1C2C84.d.4DBA6EA3E7216936FA435C1862B772C1.e.10638/value - {"text":"Romania"}
COMMAND: GET /session/76d7290d120ab2421d75a09a4cbbcc0c/screenshot - {}
RESULT: {"text":"Romania"}
COMMAND: GET /session/76d7290d120ab2421d75a09a4cbbcc0c/screenshot - {}
RESULT: {}
RESULT: {}
COMMAND: POST /session/76d7290d120ab2421d75a09a4cbbcc0c/element - {"using":"xpath","value":"//div[contains(text(), \"Commercial\")]"}
RESULT: {"using":"xpath","value":"//div[contains(text(), \"Commercial\")]"}
COMMAND: GET /session/76d7290d120ab2421d75a09a4cbbcc0c/element/f.593288CD5F674EF5C803DB8E0F1C2C84.d.4DBA6EA3E7216936FA435C1862B772C1.e.10827/rect - {}
RESULT: {}
COMMAND: GET /session/76d7290d120ab2421d75a09a4cbbcc0c/window/rect - {}
RESULT: {}
COMMAND: POST /session/76d7290d120ab2421d75a09a4cbbcc0c/execute/sync - {"script":"<script> [92 bytes]","args":[]}
RESULT: {"script":"<script> [92 bytes]","args":[]}
COMMAND: POST /session/76d7290d120ab2421d75a09a4cbbcc0c/actions - {"actions":[{"id":"action65","type":"wheel","parameters":{},"actions":[{"type":"scroll","x":-1841,"y":-44,"deltaX":0,"deltaY":0,"duration":0,"origin":{"element-6066-11e4-a52e-4f735466cecf":"f.593288CD5F674EF5C803DB8E0F1C2C84.d.4DBA6EA3E7216936FA435C1862B772C1.e.10827"}}]}]}
COMMAND: GET /session/76d7290d120ab2421d75a09a4cbbcc0c/screenshot - {}
RESULT: {}
COMMAND: POST /session/76d7290d120ab2421d75a09a4cbbcc0c/execute/sync - {"script":"<script> [79 bytes]","args":[{"element-6066-11e4-a52e-4f735466cecf":"f.593288CD5F674EF5C803DB8E0F1C2C84.d.4DBA6EA3E7216936FA435C1862B772C1.e.10827","ELEMENT":"f.593288CD5F674EF5C803DB8E0F1C2C84.d.4DBA6EA3E7216936FA435C1862B772C1.e.10827"},{"block":"start","inline":"nearest"}]}
RESULT: {"script":"<script> [79 bytes]","args":[{"element-6066-11e4-a52e-4f735466cecf":"f.593288CD5F674EF5C803DB8E0F1C2C84.d.4DBA6EA3E7216936FA435C1862B772C1.e.10827","ELEMENT":"f.593288CD5F674EF5C803DB8E0F1C2C84.d.4DBA6EA3E7216936FA435C1862B772C1.e.10827"},{"block":"start","inline":"nearest"}]}
COMMAND: GET /session/76d7290d120ab2421d75a09a4cbbcc0c/screenshot - {}
RESULT: {}
COMMAND: POST /session/76d7290d120ab2421d75a09a4cbbcc0c/execute/async - {"script":"<script> [1562 bytes]","args":[{"selector":{"id":"application-manageyards-display-component---NewYard--addressEditDetailsCostObjectCstType-arrow"},"wdio_ui5_key":"applicationmanageyards-display-component---NewYard--addressEditDetailsCostObjectCstType-arrow"}]}
RESULT: {"script":"<script> [1562 bytes]","args":[{"selector":{"id":"application-manageyards-display-component---NewYard--addressEditDetailsCostObjectCstType-arrow"},"wdio_ui5_key":"applicationmanageyards-display-component---NewYard--addressEditDetailsCostObjectCstType-arrow"}]}
RESULT: undefined
COMMAND: POST /session/76d7290d120ab2421d75a09a4cbbcc0c/element - {"using":"xpath","value":"//*[@id=\"application-manageyards-display-component---NewYard--addressEditDetailsCostObjectCstType-arrow\"]"}
RESULT: {"using":"xpath","value":"//*[@id=\"application-manageyards-display-component---NewYard--addressEditDetailsCostObjectCstType-arrow\"]"}
COMMAND: POST /session/76d7290d120ab2421d75a09a4cbbcc0c/element/f.593288CD5F674EF5C803DB8E0F1C2C84.d.4DBA6EA3E7216936FA435C1862B772C1.e.10836/click - {}
RESULT: {}
COMMAND: POST /session/76d7290d120ab2421d75a09a4cbbcc0c/element - {"using":"xpath","value":"//span[contains(text(), \"Cost Center\")]"}
COMMAND: GET /session/76d7290d120ab2421d75a09a4cbbcc0c/screenshot - {}
RESULT: {"using":"xpath","value":"//span[contains(text(), \"Cost Center\")]"}
COMMAND: POST /session/76d7290d120ab2421d75a09a4cbbcc0c/element/f.593288CD5F674EF5C803DB8E0F1C2C84.d.4DBA6EA3E7216936FA435C1862B772C1.e.10837/click - {}
RESULT: {}
RESULT: {}
COMMAND: GET /session/76d7290d120ab2421d75a09a4cbbcc0c/screenshot - {}
RESULT: {}
COMMAND: POST /session/76d7290d120ab2421d75a09a4cbbcc0c/execute/async - {"script":"<script> [1562 bytes]","args":[{"selector":{"id":"application-manageyards-display-component---NewYard--addressNewCostObjectCstID-vhi"},"wdio_ui5_key":"applicationmanageyards-display-component---NewYard--addressNewCostObjectCstID-vhi"}]}
RESULT: {"script":"<script> [1562 bytes]","args":[{"selector":{"id":"application-manageyards-display-component---NewYard--addressNewCostObjectCstID-vhi"},"wdio_ui5_key":"applicationmanageyards-display-component---NewYard--addressNewCostObjectCstID-vhi"}]}
RESULT: undefined
COMMAND: POST /session/76d7290d120ab2421d75a09a4cbbcc0c/element - {"using":"xpath","value":"//*[@id=\"application-manageyards-display-component---NewYard--addressNewCostObjectCstID-vhi\"]"}
RESULT: {"using":"xpath","value":"//*[@id=\"application-manageyards-display-component---NewYard--addressNewCostObjectCstID-vhi\"]"}
COMMAND: POST /session/76d7290d120ab2421d75a09a4cbbcc0c/element/f.593288CD5F674EF5C803DB8E0F1C2C84.d.4DBA6EA3E7216936FA435C1862B772C1.e.10841/click - {}
RESULT: {}
COMMAND: GET /session/76d7290d120ab2421d75a09a4cbbcc0c/screenshot - {}
RESULT: {}
COMMAND: POST /session/76d7290d120ab2421d75a09a4cbbcc0c/execute/async - {"script":"<script> [1562 bytes]","args":[{"selector":{"controlType":"sap.m.SearchField","properties":{"placeholder":"Search"},"searchOpenDialogs":true,"interaction":{"idSuffix":"I"}},"wdio_ui5_key":"sapm.SearchField{\"placeholder\":\"Search\"}"}]}
RESULT: {"script":"<script> [1562 bytes]","args":[{"selector":{"controlType":"sap.m.SearchField","properties":{"placeholder":"Search"},"searchOpenDialogs":true,"interaction":{"idSuffix":"I"}},"wdio_ui5_key":"sapm.SearchField{\"placeholder\":\"Search\"}"}]}
RESULT: undefined
COMMAND: POST /session/76d7290d120ab2421d75a09a4cbbcc0c/execute/async - {"script":"<script> [776 bytes]","args":[{"enterText":"10001013","selector":{"controlType":"sap.m.SearchField","properties":{"placeholder":"Search"},"searchOpenDialogs":true,"interaction":{"idSuffix":"I"}},"clearTextFirst":true,"interactionType":"ENTER_TEXT"}]}
RESULT: {"script":"<script> [776 bytes]","args":[{"enterText":"10001013","selector":{"controlType":"sap.m.SearchField","properties":{"placeholder":"Search"},"searchOpenDialogs":true,"interaction":{"idSuffix":"I"}},"clearTextFirst":true,"interactionType":"ENTER_TEXT"}]}
COMMAND: POST /session/76d7290d120ab2421d75a09a4cbbcc0c/actions - {"actions":[{"id":"action66","type":"key","parameters":{},"actions":[{"type":"keyDown","value":"î€‡"},{"type":"pause","duration":10},{"type":"keyUp","value":"î€‡"}]}]}
RESULT: {"actions":[{"id":"action66","type":"key","parameters":{},"actions":[{"type":"keyDown","value":"î€‡"},{"type":"pause","duration":10},{"type":"keyUp","value":"î€‡"}]}]}
COMMAND: GET /session/76d7290d120ab2421d75a09a4cbbcc0c/screenshot - {}
RESULT: {}
COMMAND: POST /session/76d7290d120ab2421d75a09a4cbbcc0c/element - {"using":"xpath","value":"//span[contains(text(), \"General Management\")]"}
RESULT: {"using":"xpath","value":"//span[contains(text(), \"General Management\")]"}
COMMAND: POST /session/76d7290d120ab2421d75a09a4cbbcc0c/element/f.593288CD5F674EF5C803DB8E0F1C2C84.d.4DBA6EA3E7216936FA435C1862B772C1.e.10883/click - {}
RESULT: {}
COMMAND: GET /session/76d7290d120ab2421d75a09a4cbbcc0c/screenshot - {}
RESULT: {}
COMMAND: POST /session/76d7290d120ab2421d75a09a4cbbcc0c/element - {"using":"xpath","value":"//bdi[contains(text(), \"OK\")]"}
RESULT: {"using":"xpath","value":"//bdi[contains(text(), \"OK\")]"}
COMMAND: POST /session/76d7290d120ab2421d75a09a4cbbcc0c/element/f.593288CD5F674EF5C803DB8E0F1C2C84.d.4DBA6EA3E7216936FA435C1862B772C1.e.10884/click - {}
RESULT: {}
COMMAND: GET /session/76d7290d120ab2421d75a09a4cbbcc0c/screenshot - {}
RESULT: {}
COMMAND: POST /session/76d7290d120ab2421d75a09a4cbbcc0c/execute/async - {"script":"<script> [1562 bytes]","args":[{"selector":{"controlType":"sap.m.Button","viewName":"etm.portal.ui.manageyards.view.New","viewId":"application-manageyards-display-component---NewYard","i18NText":{"propertyName":"text","key":"save"},"interaction":{"idSuffix":"inner"}},"wdio_ui5_key":"etmportal.ui.manageyards.view.Newsap.m.Button{\"propertyName\":\"text\",\"key\":\"save\"}"}]}
RESULT: {"script":"<script> [1562 bytes]","args":[{"selector":{"controlType":"sap.m.Button","viewName":"etm.portal.ui.manageyards.view.New","viewId":"application-manageyards-display-component---NewYard","i18NText":{"propertyName":"text","key":"save"},"interaction":{"idSuffix":"inner"}},"wdio_ui5_key":"etmportal.ui.manageyards.view.Newsap.m.Button{\"propertyName\":\"text\",\"key\":\"save\"}"}]}
RESULT: undefined
COMMAND: POST /session/76d7290d120ab2421d75a09a4cbbcc0c/element - {"using":"xpath","value":"//*[@id=\"__button29\"]"}
RESULT: {"using":"xpath","value":"//*[@id=\"__button29\"]"}
COMMAND: POST /session/76d7290d120ab2421d75a09a4cbbcc0c/element/f.593288CD5F674EF5C803DB8E0F1C2C84.d.4DBA6EA3E7216936FA435C1862B772C1.e.10815/click - {}
RESULT: {}
COMMAND: GET /session/76d7290d120ab2421d75a09a4cbbcc0c/screenshot - {}
RESULT: {}
COMMAND: POST /session/76d7290d120ab2421d75a09a4cbbcc0c/element - {"using":"xpath","value":"//header/div/div[2]/div[2]/span"}
RESULT: {"using":"xpath","value":"//header/div/div[2]/div[2]/span"}
COMMAND: GET /session/76d7290d120ab2421d75a09a4cbbcc0c/element/f.593288CD5F674EF5C803DB8E0F1C2C84.d.4DBA6EA3E7216936FA435C1862B772C1.e.11081/text - {}
RESULT: {}
COMMAND: POST /session/76d7290d120ab2421d75a09a4cbbcc0c/execute/async - {"script":"<script> [1562 bytes]","args":[{"selector":{"controlType":"sap.m.OverflowToolbarButton","viewName":"etm.portal.ui.manageyards.view.Detail","viewId":"application-manageyards-display-component---detailYard","i18NText":{"propertyName":"tooltip","key":"closeColumn"},"interaction":{"idSuffix":"inner"}},"wdio_ui5_key":"etmportal.ui.manageyards.view.Detailsap.m.OverflowToolbarButton{\"propertyName\":\"tooltip\",\"key\":\"closeColumn\"}"}]}
RESULT: {"script":"<script> [1562 bytes]","args":[{"selector":{"controlType":"sap.m.OverflowToolbarButton","viewName":"etm.portal.ui.manageyards.view.Detail","viewId":"application-manageyards-display-component---detailYard","i18NText":{"propertyName":"tooltip","key":"closeColumn"},"interaction":{"idSuffix":"inner"}},"wdio_ui5_key":"etmportal.ui.manageyards.view.Detailsap.m.OverflowToolbarButton{\"propertyName\":\"tooltip\",\"key\":\"closeColumn\"}"}]}
RESULT: undefined
COMMAND: POST /session/76d7290d120ab2421d75a09a4cbbcc0c/element - {"using":"xpath","value":"//*[@id=\"__button53\"]"}
RESULT: {"using":"xpath","value":"//*[@id=\"__button53\"]"}
COMMAND: POST /session/76d7290d120ab2421d75a09a4cbbcc0c/element/f.593288CD5F674EF5C803DB8E0F1C2C84.d.4DBA6EA3E7216936FA435C1862B772C1.e.11083/click - {}
RESULT: {}
COMMAND: GET /session/76d7290d120ab2421d75a09a4cbbcc0c/screenshot - {}
RESULT: {}
COMMAND: POST /session/76d7290d120ab2421d75a09a4cbbcc0c/element - {"using":"css selector","value":"#shell-header-logo"}
RESULT: {"using":"css selector","value":"#shell-header-logo"}
COMMAND: POST /session/76d7290d120ab2421d75a09a4cbbcc0c/element/f.593288CD5F674EF5C803DB8E0F1C2C84.d.4DBA6EA3E7216936FA435C1862B772C1.e.10362/click - {}
RESULT: {}
COMMAND: GET /session/76d7290d120ab2421d75a09a4cbbcc0c/screenshot - {}
RESULT: {}
COMMAND: POST /session/76d7290d120ab2421d75a09a4cbbcc0c/refresh - {}
RESULT: {}
COMMAND: GET /session/76d7290d120ab2421d75a09a4cbbcc0c/screenshot - {}
RESULT: {}
COMMAND: POST /session/76d7290d120ab2421d75a09a4cbbcc0c/execute/async - {"script":"<script> [189 bytes]","args":[]}
RESULT: {"script":"<script> [189 bytes]","args":[]}
COMMAND: POST /session/76d7290d120ab2421d75a09a4cbbcc0c/execute/async - {"script":"<script> [123 bytes]","args":[]}
RESULT: {"script":"<script> [123 bytes]","args":[]}
COMMAND: POST /session/76d7290d120ab2421d75a09a4cbbcc0c/timeouts - {"script":"<number>"}
RESULT: {"script":"<number>"}
COMMAND: GET /session/76d7290d120ab2421d75a09a4cbbcc0c/timeouts - {}
RESULT: {}
RESULT: undefined
COMMAND: POST /session/76d7290d120ab2421d75a09a4cbbcc0c/execute/async - {"script":"<script> [2676 bytes]","args":[]}
RESULT: {"script":"<script> [2676 bytes]","args":[]}
COMMAND: POST /session/76d7290d120ab2421d75a09a4cbbcc0c/execute/async - {"script":"<script> [2342 bytes]","args":[{"protocol":"http","hostname":"0.0.0.0","path":"/","capabilities":{"browserName":"chrome","goog:chromeOptions":{"binary":"C:\\Program Files\\Google\\Chrome\\Application\\chrome.exe","args":["--start-maximized"]}},"logLevel":"warn","connectionRetryTimeout":120000,"connectionRetryCount":3,"logLevels":{},"enableDirectConnect":true,"strictSSL":true,"_":"65 more keys: [\"cacheDir\",\"port\",\"requestedCapabilities\",\"automationProtocol\",\"baseUrl\",\"waitforInterval\",\"waitforTimeout\",\"onReload\",\"beforeCommand\",\"afterCommand\",\"rootDir\",\"specs\",\"suites\",\"exclude\",\"groupLogsByTestSpec\",\"excludeDriverLogs\",\"bail\",\"framework\",\"reporters\",\"services\",\"maxInstances\",\"maxInstancesPerCapability\",\"injectGlobals\",\"filesToWatch\",\"execArgv\",\"runnerEnv\",\"runner\",\"shard\",\"specFileRetries\",\"specFileRetriesDelay\",\"specFileRetriesDeferred\",\"reporterSyncInterval\",\"reporterSyncTimeout\",\"cucumberFeaturesWithLineNumbers\",\"autoCompileOpts\",\"mochaOpts\",\"jasmineOpts\",\"cucumberOpts\",\"onPrepare\",\"onWorkerStart\",\"onWorkerEnd\",\"before\",\"beforeSession\",\"beforeSuite\",\"beforeHook\",\"beforeTest\",\"afterTest\",\"afterHook\",\"afterSuite\",\"afterSession\",\"after\",\"onComplete\",\"beforeAssertion\",\"afterAssertion\",\"beforeFeature\",\"beforeScenario\",\"beforeStep\",\"afterStep\",\"afterScenario\",\"afterFeature\",\"_\",\"suite\",\"$0\",\"ignoredWorkerServices\",\"wdi5\"]"}]}
RESULT: {"script":"<script> [2342 bytes]","args":[{"protocol":"http","hostname":"0.0.0.0","path":"/","capabilities":{"browserName":"chrome","goog:chromeOptions":{"binary":"C:\\Program Files\\Google\\Chrome\\Application\\chrome.exe","args":["--start-maximized"]}},"logLevel":"warn","connectionRetryTimeout":120000,"connectionRetryCount":3,"logLevels":{},"enableDirectConnect":true,"strictSSL":true,"_":"65 more keys: [\"cacheDir\",\"port\",\"requestedCapabilities\",\"automationProtocol\",\"baseUrl\",\"waitforInterval\",\"waitforTimeout\",\"onReload\",\"beforeCommand\",\"afterCommand\",\"rootDir\",\"specs\",\"suites\",\"exclude\",\"groupLogsByTestSpec\",\"excludeDriverLogs\",\"bail\",\"framework\",\"reporters\",\"services\",\"maxInstances\",\"maxInstancesPerCapability\",\"injectGlobals\",\"filesToWatch\",\"execArgv\",\"runnerEnv\",\"runner\",\"shard\",\"specFileRetries\",\"specFileRetriesDelay\",\"specFileRetriesDeferred\",\"reporterSyncInterval\",\"reporterSyncTimeout\",\"cucumberFeaturesWithLineNumbers\",\"autoCompileOpts\",\"mochaOpts\",\"jasmineOpts\",\"cucumberOpts\",\"onPrepare\",\"onWorkerStart\",\"onWorkerEnd\",\"before\",\"beforeSession\",\"beforeSuite\",\"beforeHook\",\"beforeTest\",\"afterTest\",\"afterHook\",\"afterSuite\",\"afterSession\",\"after\",\"onComplete\",\"beforeAssertion\",\"afterAssertion\",\"beforeFeature\",\"beforeScenario\",\"beforeStep\",\"afterStep\",\"afterScenario\",\"afterFeature\",\"_\",\"suite\",\"$0\",\"ignoredWorkerServices\",\"wdi5\"]"}]}
COMMAND: POST /session/76d7290d120ab2421d75a09a4cbbcc0c/execute/async - {"script":"<script> [21126 bytes]","args":[35000]}
RESULT: {"script":"<script> [21126 bytes]","args":[35000]}
COMMAND: POST /session/76d7290d120ab2421d75a09a4cbbcc0c/execute/async - {"script":"<script> [1562 bytes]","args":[{"selector":{"controlType":"sap.m.GenericTile","properties":{"header":"Manage Partners"}},"wdio_ui5_key":"sapm.GenericTile{\"header\":\"Manage Partners\"}"}]}
RESULT: {"script":"<script> [1562 bytes]","args":[{"selector":{"controlType":"sap.m.GenericTile","properties":{"header":"Manage Partners"}},"wdio_ui5_key":"sapm.GenericTile{\"header\":\"Manage Partners\"}"}]}
RESULT: undefined
COMMAND: POST /session/76d7290d120ab2421d75a09a4cbbcc0c/element - {"using":"xpath","value":"//*[@id=\"__tile38\"]"}
RESULT: {"using":"xpath","value":"//*[@id=\"__tile38\"]"}
COMMAND: POST /session/76d7290d120ab2421d75a09a4cbbcc0c/element/f.593288CD5F674EF5C803DB8E0F1C2C84.d.6E87DD13D17CD45FFE19552CB663E445.e.11436/click - {}
RESULT: {}
COMMAND: GET /session/76d7290d120ab2421d75a09a4cbbcc0c/screenshot - {}
RESULT: {}
COMMAND: POST /session/76d7290d120ab2421d75a09a4cbbcc0c/execute/async - {"script":"<script> [1562 bytes]","args":[{"selector":{"controlType":"sap.ui.core.Icon","viewName":"etm.portal.ui.managepartners.view.Master","viewId":"application-managepartners-display-component---masterPtm","properties":{"src":{"regex":{"source":"add"}}}},"wdio_ui5_key":"etmportal.ui.managepartners.view.Mastersap.ui.core.Icon{\"src\":{\"regex\":{\"source\":\"add\"}}}"}]}
RESULT: {"script":"<script> [1562 bytes]","args":[{"selector":{"controlType":"sap.ui.core.Icon","viewName":"etm.portal.ui.managepartners.view.Master","viewId":"application-managepartners-display-component---masterPtm","properties":{"src":{"regex":{"source":"add"}}}},"wdio_ui5_key":"etmportal.ui.managepartners.view.Mastersap.ui.core.Icon{\"src\":{\"regex\":{\"source\":\"add\"}}}"}]}
RESULT: undefined
COMMAND: POST /session/76d7290d120ab2421d75a09a4cbbcc0c/element - {"using":"xpath","value":"//*[@id=\"__button4-img\"]"}
RESULT: {"using":"xpath","value":"//*[@id=\"__button4-img\"]"}
COMMAND: POST /session/76d7290d120ab2421d75a09a4cbbcc0c/element/f.593288CD5F674EF5C803DB8E0F1C2C84.d.6E87DD13D17CD45FFE19552CB663E445.e.11486/click - {}
RESULT: {}
COMMAND: GET /session/76d7290d120ab2421d75a09a4cbbcc0c/screenshot - {}
COMMAND: POST /session/76d7290d120ab2421d75a09a4cbbcc0c/execute/async - {"script":"<script> [1562 bytes]","args":[{"selector":{"id":"application-managepartners-display-component---NewPartner--partnerId","interaction":{"idSuffix":"inner"}},"wdio_ui5_key":"applicationmanagepartners-display-component---NewPartner--partnerId"}]}
RESULT: {}
RESULT: {"script":"<script> [1562 bytes]","args":[{"selector":{"id":"application-managepartners-display-component---NewPartner--partnerId","interaction":{"idSuffix":"inner"}},"wdio_ui5_key":"applicationmanagepartners-display-component---NewPartner--partnerId"}]}
RESULT: undefined
COMMAND: POST /session/76d7290d120ab2421d75a09a4cbbcc0c/execute/async - {"script":"<script> [1562 bytes]","args":[{"selector":{"id":"application-managepartners-display-component---NewPartner--addressDetailDetailsName1","interaction":{"idSuffix":"inner"}},"wdio_ui5_key":"applicationmanagepartners-display-component---NewPartner--addressDetailDetailsName1"}]}
RESULT: {"script":"<script> [1562 bytes]","args":[{"selector":{"id":"application-managepartners-display-component---NewPartner--addressDetailDetailsName1","interaction":{"idSuffix":"inner"}},"wdio_ui5_key":"applicationmanagepartners-display-component---NewPartner--addressDetailDetailsName1"}]}
RESULT: undefined
COMMAND: POST /session/76d7290d120ab2421d75a09a4cbbcc0c/execute/async - {"script":"<script> [776 bytes]","args":[{"enterText":"WebdriverPartnerfbptc","selector":{"id":"application-managepartners-display-component---NewPartner--addressDetailDetailsName1","interaction":{"idSuffix":"inner"}},"clearTextFirst":true,"interactionType":"ENTER_TEXT"}]}
RESULT: {"script":"<script> [776 bytes]","args":[{"enterText":"WebdriverPartnerfbptc","selector":{"id":"application-managepartners-display-component---NewPartner--addressDetailDetailsName1","interaction":{"idSuffix":"inner"}},"clearTextFirst":true,"interactionType":"ENTER_TEXT"}]}
COMMAND: POST /session/76d7290d120ab2421d75a09a4cbbcc0c/execute/async - {"script":"<script> [1562 bytes]","args":[{"selector":{"id":"application-managepartners-display-component---NewPartner--addressDetailDetailsLanguage","interaction":{"idSuffix":"inner"}},"wdio_ui5_key":"applicationmanagepartners-display-component---NewPartner--addressDetailDetailsLanguage"}]}
RESULT: {"script":"<script> [1562 bytes]","args":[{"selector":{"id":"application-managepartners-display-component---NewPartner--addressDetailDetailsLanguage","interaction":{"idSuffix":"inner"}},"wdio_ui5_key":"applicationmanagepartners-display-component---NewPartner--addressDetailDetailsLanguage"}]}
RESULT: undefined
COMMAND: POST /session/76d7290d120ab2421d75a09a4cbbcc0c/execute/async - {"script":"<script> [776 bytes]","args":[{"enterText":"Romanian","selector":{"id":"application-managepartners-display-component---NewPartner--addressDetailDetailsLanguage","interaction":{"idSuffix":"inner"}},"clearTextFirst":true,"interactionType":"ENTER_TEXT"}]}
RESULT: {"script":"<script> [776 bytes]","args":[{"enterText":"Romanian","selector":{"id":"application-managepartners-display-component---NewPartner--addressDetailDetailsLanguage","interaction":{"idSuffix":"inner"}},"clearTextFirst":true,"interactionType":"ENTER_TEXT"}]}
COMMAND: POST /session/76d7290d120ab2421d75a09a4cbbcc0c/element - {"using":"xpath","value":"//input[contains(@id ,\"application-managepartners-display-component---NewPartner--addressDetailDetailsName1-inner\")]"}
RESULT: {"using":"xpath","value":"//input[contains(@id ,\"application-managepartners-display-component---NewPartner--addressDetailDetailsName1-inner\")]"}
COMMAND: GET /session/76d7290d120ab2421d75a09a4cbbcc0c/element/f.593288CD5F674EF5C803DB8E0F1C2C84.d.6E87DD13D17CD45FFE19552CB663E445.e.11736/property/value - {}
RESULT: {}
COMMAND: POST /session/76d7290d120ab2421d75a09a4cbbcc0c/execute/async - {"script":"<script> [1562 bytes]","args":[{"selector":{"id":"application-managepartners-display-component---NewPartner--addressDetailDetailsCity1","interaction":{"idSuffix":"inner"}},"wdio_ui5_key":"applicationmanagepartners-display-component---NewPartner--addressDetailDetailsCity1"}]}
COMMAND: GET /session/76d7290d120ab2421d75a09a4cbbcc0c/screenshot - {}
RESULT: {"script":"<script> [1562 bytes]","args":[{"selector":{"id":"application-managepartners-display-component---NewPartner--addressDetailDetailsCity1","interaction":{"idSuffix":"inner"}},"wdio_ui5_key":"applicationmanagepartners-display-component---NewPartner--addressDetailDetailsCity1"}]}
RESULT: undefined
COMMAND: POST /session/76d7290d120ab2421d75a09a4cbbcc0c/execute/async - {"script":"<script> [776 bytes]","args":[{"enterText":"Bucharest","selector":{"id":"application-managepartners-display-component---NewPartner--addressDetailDetailsCity1","interaction":{"idSuffix":"inner"}},"clearTextFirst":true,"interactionType":"ENTER_TEXT"}]}
RESULT: {}
RESULT: {"script":"<script> [776 bytes]","args":[{"enterText":"Bucharest","selector":{"id":"application-managepartners-display-component---NewPartner--addressDetailDetailsCity1","interaction":{"idSuffix":"inner"}},"clearTextFirst":true,"interactionType":"ENTER_TEXT"}]}
COMMAND: POST /session/76d7290d120ab2421d75a09a4cbbcc0c/execute/async - {"script":"<script> [1562 bytes]","args":[{"selector":{"id":"application-managepartners-display-component---NewPartner--addressDetailDetailsCountry","interaction":{"idSuffix":"inner"}},"wdio_ui5_key":"applicationmanagepartners-display-component---NewPartner--addressDetailDetailsCountry"}]}
RESULT: {"script":"<script> [1562 bytes]","args":[{"selector":{"id":"application-managepartners-display-component---NewPartner--addressDetailDetailsCountry","interaction":{"idSuffix":"inner"}},"wdio_ui5_key":"applicationmanagepartners-display-component---NewPartner--addressDetailDetailsCountry"}]}
RESULT: undefined
COMMAND: POST /session/76d7290d120ab2421d75a09a4cbbcc0c/execute/async - {"script":"<script> [6424 bytes]","args":[{"element-6066-11e4-a52e-4f735466cecf":"f.593288CD5F674EF5C803DB8E0F1C2C84.d.6E87DD13D17CD45FFE19552CB663E445.e.11743"},"setValue",["Romania"]]}
RESULT: {"script":"<script> [6424 bytes]","args":[{"element-6066-11e4-a52e-4f735466cecf":"f.593288CD5F674EF5C803DB8E0F1C2C84.d.6E87DD13D17CD45FFE19552CB663E445.e.11743"},"setValue",["Romania"]]}
COMMAND: POST /session/76d7290d120ab2421d75a09a4cbbcc0c/execute/async - {"script":"<script> [1562 bytes]","args":[{"selector":{"id":"application-managepartners-display-component---NewPartner--partnerDetailInternal","interaction":{"idSuffix":"inner"}},"wdio_ui5_key":"applicationmanagepartners-display-component---NewPartner--partnerDetailInternal"}]}
RESULT: {"script":"<script> [1562 bytes]","args":[{"selector":{"id":"application-managepartners-display-component---NewPartner--partnerDetailInternal","interaction":{"idSuffix":"inner"}},"wdio_ui5_key":"applicationmanagepartners-display-component---NewPartner--partnerDetailInternal"}]}
RESULT: undefined
COMMAND: POST /session/76d7290d120ab2421d75a09a4cbbcc0c/execute/async - {"script":"<script> [776 bytes]","args":[{"enterText":"External partner","selector":{"id":"application-managepartners-display-component---NewPartner--partnerDetailInternal","interaction":{"idSuffix":"inner"}},"clearTextFirst":true,"interactionType":"ENTER_TEXT"}]}
RESULT: {"script":"<script> [776 bytes]","args":[{"enterText":"External partner","selector":{"id":"application-managepartners-display-component---NewPartner--partnerDetailInternal","interaction":{"idSuffix":"inner"}},"clearTextFirst":true,"interactionType":"ENTER_TEXT"}]}
COMMAND: POST /session/76d7290d120ab2421d75a09a4cbbcc0c/execute/async - {"script":"<script> [1562 bytes]","args":[{"selector":{"id":"application-managepartners-display-component---NewPartner--partnerDetailsCurrency","interaction":{"idSuffix":"inner"}},"wdio_ui5_key":"applicationmanagepartners-display-component---NewPartner--partnerDetailsCurrency"}]}
RESULT: {"script":"<script> [1562 bytes]","args":[{"selector":{"id":"application-managepartners-display-component---NewPartner--partnerDetailsCurrency","interaction":{"idSuffix":"inner"}},"wdio_ui5_key":"applicationmanagepartners-display-component---NewPartner--partnerDetailsCurrency"}]}
RESULT: undefined
COMMAND: POST /session/76d7290d120ab2421d75a09a4cbbcc0c/execute/async - {"script":"<script> [776 bytes]","args":[{"enterText":"Euro","selector":{"id":"application-managepartners-display-component---NewPartner--partnerDetailsCurrency","interaction":{"idSuffix":"inner"}},"clearTextFirst":true,"interactionType":"ENTER_TEXT"}]}
RESULT: {"script":"<script> [776 bytes]","args":[{"enterText":"Euro","selector":{"id":"application-managepartners-display-component---NewPartner--partnerDetailsCurrency","interaction":{"idSuffix":"inner"}},"clearTextFirst":true,"interactionType":"ENTER_TEXT"}]}
COMMAND: POST /session/76d7290d120ab2421d75a09a4cbbcc0c/execute/async - {"script":"<script> [1562 bytes]","args":[{"selector":{"controlType":"sap.m.Button","viewName":"etm.portal.ui.managepartners.view.NewPartner","viewId":"application-managepartners-display-component---NewPartner","properties":{"text":"Commercial"},"interaction":{"idSuffix":"BDI-content"}},"wdio_ui5_key":"etmportal.ui.managepartners.view.NewPartnersap.m.Button{\"text\":\"Commercial\"}"}]}
RESULT: {"script":"<script> [1562 bytes]","args":[{"selector":{"controlType":"sap.m.Button","viewName":"etm.portal.ui.managepartners.view.NewPartner","viewId":"application-managepartners-display-component---NewPartner","properties":{"text":"Commercial"},"interaction":{"idSuffix":"BDI-content"}},"wdio_ui5_key":"etmportal.ui.managepartners.view.NewPartnersap.m.Button{\"text\":\"Commercial\"}"}]}
RESULT: undefined
COMMAND: POST /session/76d7290d120ab2421d75a09a4cbbcc0c/element - {"using":"xpath","value":"//*[@id=\"application-managepartners-display-component---NewPartner--ObjectPageLayout-anchBar-__section5-anchor\"]"}
RESULT: {"using":"xpath","value":"//*[@id=\"application-managepartners-display-component---NewPartner--ObjectPageLayout-anchBar-__section5-anchor\"]"}
COMMAND: POST /session/76d7290d120ab2421d75a09a4cbbcc0c/element/f.593288CD5F674EF5C803DB8E0F1C2C84.d.6E87DD13D17CD45FFE19552CB663E445.e.11907/click - {}
RESULT: {}
COMMAND: GET /session/76d7290d120ab2421d75a09a4cbbcc0c/screenshot - {}
RESULT: {}
COMMAND: POST /session/76d7290d120ab2421d75a09a4cbbcc0c/execute/async - {"script":"<script> [1562 bytes]","args":[{"selector":{"id":"application-managepartners-display-component---NewPartner--btnAddTableRow-img"},"wdio_ui5_key":"applicationmanagepartners-display-component---NewPartner--btnAddTableRow-img"}]}
RESULT: {"script":"<script> [1562 bytes]","args":[{"selector":{"id":"application-managepartners-display-component---NewPartner--btnAddTableRow-img"},"wdio_ui5_key":"applicationmanagepartners-display-component---NewPartner--btnAddTableRow-img"}]}
RESULT: undefined
COMMAND: POST /session/76d7290d120ab2421d75a09a4cbbcc0c/element - {"using":"xpath","value":"//*[@id=\"application-managepartners-display-component---NewPartner--btnAddTableRow-img\"]"}
RESULT: {"using":"xpath","value":"//*[@id=\"application-managepartners-display-component---NewPartner--btnAddTableRow-img\"]"}
COMMAND: POST /session/76d7290d120ab2421d75a09a4cbbcc0c/element/f.593288CD5F674EF5C803DB8E0F1C2C84.d.6E87DD13D17CD45FFE19552CB663E445.e.11913/click - {}
RESULT: {}
COMMAND: POST /session/76d7290d120ab2421d75a09a4cbbcc0c/element - {"using":"xpath","value":"//input[contains(@id ,\"application-managepartners-display-component---NewPartner--assignmentYard-application-managepartners-display-component---NewPartner\")]"}
COMMAND: GET /session/76d7290d120ab2421d75a09a4cbbcc0c/screenshot - {}
RESULT: {"using":"xpath","value":"//input[contains(@id ,\"application-managepartners-display-component---NewPartner--assignmentYard-application-managepartners-display-component---NewPartner\")]"}
COMMAND: POST /session/76d7290d120ab2421d75a09a4cbbcc0c/element/f.593288CD5F674EF5C803DB8E0F1C2C84.d.6E87DD13D17CD45FFE19552CB663E445.e.11916/clear - {}
RESULT: {}
RESULT: {}
COMMAND: POST /session/76d7290d120ab2421d75a09a4cbbcc0c/element/f.593288CD5F674EF5C803DB8E0F1C2C84.d.6E87DD13D17CD45FFE19552CB663E445.e.11916/value - {"text":"695"}
COMMAND: GET /session/76d7290d120ab2421d75a09a4cbbcc0c/screenshot - {}
RESULT: {"text":"695"}
COMMAND: GET /session/76d7290d120ab2421d75a09a4cbbcc0c/screenshot - {}
RESULT: {}
RESULT: {}
COMMAND: POST /session/76d7290d120ab2421d75a09a4cbbcc0c/execute/async - {"script":"<script> [1562 bytes]","args":[{"selector":{"controlType":"sap.m.Button","viewName":"etm.portal.ui.managepartners.view.NewPartner","viewId":"application-managepartners-display-component---NewPartner","i18NText":{"propertyName":"text","key":"save"},"interaction":{"idSuffix":"BDI-content"}},"wdio_ui5_key":"etmportal.ui.managepartners.view.NewPartnersap.m.Button{\"propertyName\":\"text\",\"key\":\"save\"}"}]}
RESULT: {"script":"<script> [1562 bytes]","args":[{"selector":{"controlType":"sap.m.Button","viewName":"etm.portal.ui.managepartners.view.NewPartner","viewId":"application-managepartners-display-component---NewPartner","i18NText":{"propertyName":"text","key":"save"},"interaction":{"idSuffix":"BDI-content"}},"wdio_ui5_key":"etmportal.ui.managepartners.view.NewPartnersap.m.Button{\"propertyName\":\"text\",\"key\":\"save\"}"}]}
RESULT: undefined
COMMAND: POST /session/76d7290d120ab2421d75a09a4cbbcc0c/element - {"using":"xpath","value":"//*[@id=\"__button12\"]"}
RESULT: {"using":"xpath","value":"//*[@id=\"__button12\"]"}
COMMAND: POST /session/76d7290d120ab2421d75a09a4cbbcc0c/element/f.593288CD5F674EF5C803DB8E0F1C2C84.d.6E87DD13D17CD45FFE19552CB663E445.e.11881/click - {}
RESULT: {}
COMMAND: GET /session/76d7290d120ab2421d75a09a4cbbcc0c/screenshot - {}
RESULT: {}
COMMAND: POST /session/76d7290d120ab2421d75a09a4cbbcc0c/element - {"using":"xpath","value":"//header/div/div[2]/div[2]/span"}
RESULT: {"using":"xpath","value":"//header/div/div[2]/div[2]/span"}
COMMAND: GET /session/76d7290d120ab2421d75a09a4cbbcc0c/element/f.593288CD5F674EF5C803DB8E0F1C2C84.d.6E87DD13D17CD45FFE19552CB663E445.e.12087/text - {}
RESULT: {}
COMMAND: POST /session/76d7290d120ab2421d75a09a4cbbcc0c/element - {"using":"xpath","value":"//header/div/div/div/div/div/div[2]/div/span"}
RESULT: {"using":"xpath","value":"//header/div/div/div/div/div/div[2]/div/span"}
COMMAND: GET /session/76d7290d120ab2421d75a09a4cbbcc0c/element/f.593288CD5F674EF5C803DB8E0F1C2C84.d.6E87DD13D17CD45FFE19552CB663E445.e.12088/text - {}
RESULT: {}
COMMAND: POST /session/76d7290d120ab2421d75a09a4cbbcc0c/execute/async - {"script":"<script> [1562 bytes]","args":[{"selector":{"id":"application-managepartners-display-component---detailPtm--partnerType"},"wdio_ui5_key":"applicationmanagepartners-display-component---detailPtm--partnerType"}]}
RESULT: {"script":"<script> [1562 bytes]","args":[{"selector":{"id":"application-managepartners-display-component---detailPtm--partnerType"},"wdio_ui5_key":"applicationmanagepartners-display-component---detailPtm--partnerType"}]}
RESULT: undefined
COMMAND: POST /session/76d7290d120ab2421d75a09a4cbbcc0c/execute/async - {"script":"<script> [6424 bytes]","args":[{"element-6066-11e4-a52e-4f735466cecf":"f.593288CD5F674EF5C803DB8E0F1C2C84.d.6E87DD13D17CD45FFE19552CB663E445.e.12089"},"getText",[]]}
RESULT: {"script":"<script> [6424 bytes]","args":[{"element-6066-11e4-a52e-4f735466cecf":"f.593288CD5F674EF5C803DB8E0F1C2C84.d.6E87DD13D17CD45FFE19552CB663E445.e.12089"},"getText",[]]}
COMMAND: POST /session/76d7290d120ab2421d75a09a4cbbcc0c/element - {"using":"css selector","value":"#shell-header-logo"}
RESULT: {"using":"css selector","value":"#shell-header-logo"}
COMMAND: POST /session/76d7290d120ab2421d75a09a4cbbcc0c/element/f.593288CD5F674EF5C803DB8E0F1C2C84.d.6E87DD13D17CD45FFE19552CB663E445.e.11437/click - {}
RESULT: {}
COMMAND: GET /session/76d7290d120ab2421d75a09a4cbbcc0c/screenshot - {}
RESULT: {}
COMMAND: POST /session/76d7290d120ab2421d75a09a4cbbcc0c/execute/async - {"script":"<script> [1562 bytes]","args":[{"selector":{"controlType":"sap.m.GenericTile","properties":{"header":"Manage Sites"}},"wdio_ui5_key":"sapm.GenericTile{\"header\":\"Manage Sites\"}"}]}
RESULT: {"script":"<script> [1562 bytes]","args":[{"selector":{"controlType":"sap.m.GenericTile","properties":{"header":"Manage Sites"}},"wdio_ui5_key":"sapm.GenericTile{\"header\":\"Manage Sites\"}"}]}
RESULT: undefined
COMMAND: POST /session/76d7290d120ab2421d75a09a4cbbcc0c/element - {"using":"xpath","value":"//*[@id=\"__tile40\"]"}
RESULT: {"using":"xpath","value":"//*[@id=\"__tile40\"]"}
COMMAND: POST /session/76d7290d120ab2421d75a09a4cbbcc0c/element/f.593288CD5F674EF5C803DB8E0F1C2C84.d.6E87DD13D17CD45FFE19552CB663E445.e.12091/click - {}
RESULT: {}
COMMAND: GET /session/76d7290d120ab2421d75a09a4cbbcc0c/screenshot - {}
RESULT: {}
COMMAND: POST /session/76d7290d120ab2421d75a09a4cbbcc0c/execute/async - {"script":"<script> [1562 bytes]","args":[{"selector":{"controlType":"sap.ui.core.Icon","viewName":"etm.portal.ui.managesites.view.Master","viewId":"application-managesites-display-component---masterSite","properties":{"src":{"regex":{"source":"add"}}}},"wdio_ui5_key":"etmportal.ui.managesites.view.Mastersap.ui.core.Icon{\"src\":{\"regex\":{\"source\":\"add\"}}}"}]}
RESULT: {"script":"<script> [1562 bytes]","args":[{"selector":{"controlType":"sap.ui.core.Icon","viewName":"etm.portal.ui.managesites.view.Master","viewId":"application-managesites-display-component---masterSite","properties":{"src":{"regex":{"source":"add"}}}},"wdio_ui5_key":"etmportal.ui.managesites.view.Mastersap.ui.core.Icon{\"src\":{\"regex\":{\"source\":\"add\"}}}"}]}
RESULT: undefined
COMMAND: POST /session/76d7290d120ab2421d75a09a4cbbcc0c/element - {"using":"xpath","value":"//*[@id=\"__button52-img\"]"}
RESULT: {"using":"xpath","value":"//*[@id=\"__button52-img\"]"}
COMMAND: POST /session/76d7290d120ab2421d75a09a4cbbcc0c/element/f.593288CD5F674EF5C803DB8E0F1C2C84.d.6E87DD13D17CD45FFE19552CB663E445.e.12141/click - {}
RESULT: {}
COMMAND: POST /session/76d7290d120ab2421d75a09a4cbbcc0c/execute/async - {"script":"<script> [1562 bytes]","args":[{"selector":{"id":"application-managesites-display-component---NewSite--siteId","interaction":{"idSuffix":"inner"}},"wdio_ui5_key":"applicationmanagesites-display-component---NewSite--siteId"}]}
COMMAND: GET /session/76d7290d120ab2421d75a09a4cbbcc0c/screenshot - {}
RESULT: {"script":"<script> [1562 bytes]","args":[{"selector":{"id":"application-managesites-display-component---NewSite--siteId","interaction":{"idSuffix":"inner"}},"wdio_ui5_key":"applicationmanagesites-display-component---NewSite--siteId"}]}
RESULT: undefined
COMMAND: POST /session/76d7290d120ab2421d75a09a4cbbcc0c/execute/async - {"script":"<script> [1562 bytes]","args":[{"selector":{"id":"application-managesites-display-component---NewSite--addressDetailDetailsName1","interaction":{"idSuffix":"inner"}},"wdio_ui5_key":"applicationmanagesites-display-component---NewSite--addressDetailDetailsName1"}]}
RESULT: {}
RESULT: {"script":"<script> [1562 bytes]","args":[{"selector":{"id":"application-managesites-display-component---NewSite--addressDetailDetailsName1","interaction":{"idSuffix":"inner"}},"wdio_ui5_key":"applicationmanagesites-display-component---NewSite--addressDetailDetailsName1"}]}
RESULT: undefined
COMMAND: POST /session/76d7290d120ab2421d75a09a4cbbcc0c/execute/async - {"script":"<script> [776 bytes]","args":[{"enterText":"WebdriverSites4k07","selector":{"id":"application-managesites-display-component---NewSite--addressDetailDetailsName1","interaction":{"idSuffix":"inner"}},"clearTextFirst":true,"interactionType":"ENTER_TEXT"}]}
RESULT: {"script":"<script> [776 bytes]","args":[{"enterText":"WebdriverSites4k07","selector":{"id":"application-managesites-display-component---NewSite--addressDetailDetailsName1","interaction":{"idSuffix":"inner"}},"clearTextFirst":true,"interactionType":"ENTER_TEXT"}]}
COMMAND: POST /session/76d7290d120ab2421d75a09a4cbbcc0c/execute/async - {"script":"<script> [1562 bytes]","args":[{"selector":{"id":"application-managesites-display-component---NewSite--addressDetailDetailsLanguage","interaction":{"idSuffix":"inner"}},"wdio_ui5_key":"applicationmanagesites-display-component---NewSite--addressDetailDetailsLanguage"}]}
RESULT: {"script":"<script> [1562 bytes]","args":[{"selector":{"id":"application-managesites-display-component---NewSite--addressDetailDetailsLanguage","interaction":{"idSuffix":"inner"}},"wdio_ui5_key":"applicationmanagesites-display-component---NewSite--addressDetailDetailsLanguage"}]}
RESULT: undefined
COMMAND: POST /session/76d7290d120ab2421d75a09a4cbbcc0c/execute/async - {"script":"<script> [776 bytes]","args":[{"enterText":"Romanian","selector":{"id":"application-managesites-display-component---NewSite--addressDetailDetailsLanguage","interaction":{"idSuffix":"inner"}},"clearTextFirst":true,"interactionType":"ENTER_TEXT"}]}
RESULT: {"script":"<script> [776 bytes]","args":[{"enterText":"Romanian","selector":{"id":"application-managesites-display-component---NewSite--addressDetailDetailsLanguage","interaction":{"idSuffix":"inner"}},"clearTextFirst":true,"interactionType":"ENTER_TEXT"}]}
COMMAND: POST /session/76d7290d120ab2421d75a09a4cbbcc0c/execute/async - {"script":"<script> [1562 bytes]","args":[{"selector":{"id":"application-managesites-display-component---NewSite--addressDetailDetailsCity1","interaction":{"idSuffix":"inner"}},"wdio_ui5_key":"applicationmanagesites-display-component---NewSite--addressDetailDetailsCity1"}]}
RESULT: {"script":"<script> [1562 bytes]","args":[{"selector":{"id":"application-managesites-display-component---NewSite--addressDetailDetailsCity1","interaction":{"idSuffix":"inner"}},"wdio_ui5_key":"applicationmanagesites-display-component---NewSite--addressDetailDetailsCity1"}]}
RESULT: undefined
COMMAND: POST /session/76d7290d120ab2421d75a09a4cbbcc0c/execute/async - {"script":"<script> [776 bytes]","args":[{"enterText":"Bucharest","selector":{"id":"application-managesites-display-component---NewSite--addressDetailDetailsCity1","interaction":{"idSuffix":"inner"}},"clearTextFirst":true,"interactionType":"ENTER_TEXT"}]}
RESULT: {"script":"<script> [776 bytes]","args":[{"enterText":"Bucharest","selector":{"id":"application-managesites-display-component---NewSite--addressDetailDetailsCity1","interaction":{"idSuffix":"inner"}},"clearTextFirst":true,"interactionType":"ENTER_TEXT"}]}
COMMAND: POST /session/76d7290d120ab2421d75a09a4cbbcc0c/execute/async - {"script":"<script> [1562 bytes]","args":[{"selector":{"id":"application-managesites-display-component---NewSite--addressDetailDetailsCountry","interaction":{"idSuffix":"inner"}},"wdio_ui5_key":"applicationmanagesites-display-component---NewSite--addressDetailDetailsCountry"}]}
RESULT: {"script":"<script> [1562 bytes]","args":[{"selector":{"id":"application-managesites-display-component---NewSite--addressDetailDetailsCountry","interaction":{"idSuffix":"inner"}},"wdio_ui5_key":"applicationmanagesites-display-component---NewSite--addressDetailDetailsCountry"}]}
RESULT: undefined
COMMAND: POST /session/76d7290d120ab2421d75a09a4cbbcc0c/execute/async - {"script":"<script> [776 bytes]","args":[{"enterText":"Romania","selector":{"id":"application-managesites-display-component---NewSite--addressDetailDetailsCountry","interaction":{"idSuffix":"inner"}},"clearTextFirst":true,"interactionType":"ENTER_TEXT"}]}
RESULT: {"script":"<script> [776 bytes]","args":[{"enterText":"Romania","selector":{"id":"application-managesites-display-component---NewSite--addressDetailDetailsCountry","interaction":{"idSuffix":"inner"}},"clearTextFirst":true,"interactionType":"ENTER_TEXT"}]}
COMMAND: POST /session/76d7290d120ab2421d75a09a4cbbcc0c/element - {"using":"css selector","value":"#application-managesites-display-component---NewSite--addressDetailDetailsCalendar-inner"}
RESULT: {"using":"css selector","value":"#application-managesites-display-component---NewSite--addressDetailDetailsCalendar-inner"}
COMMAND: POST /session/76d7290d120ab2421d75a09a4cbbcc0c/element/f.593288CD5F674EF5C803DB8E0F1C2C84.d.6E87DD13D17CD45FFE19552CB663E445.e.12337/clear - {}
RESULT: {}
COMMAND: POST /session/76d7290d120ab2421d75a09a4cbbcc0c/element/f.593288CD5F674EF5C803DB8E0F1C2C84.d.6E87DD13D17CD45FFE19552CB663E445.e.12337/value - {"text":"Germany"}
COMMAND: GET /session/76d7290d120ab2421d75a09a4cbbcc0c/screenshot - {}
RESULT: {"text":"Germany"}
COMMAND: POST /session/76d7290d120ab2421d75a09a4cbbcc0c/execute/async - {"script":"<script> [1562 bytes]","args":[{"selector":{"id":"application-managesites-display-component---NewSite--addressEditDetailsCostObjectCstType-arrow"},"wdio_ui5_key":"applicationmanagesites-display-component---NewSite--addressEditDetailsCostObjectCstType-arrow"}]}
COMMAND: GET /session/76d7290d120ab2421d75a09a4cbbcc0c/screenshot - {}
RESULT: {}
RESULT: {"script":"<script> [1562 bytes]","args":[{"selector":{"id":"application-managesites-display-component---NewSite--addressEditDetailsCostObjectCstType-arrow"},"wdio_ui5_key":"applicationmanagesites-display-component---NewSite--addressEditDetailsCostObjectCstType-arrow"}]}
RESULT: undefined
COMMAND: POST /session/76d7290d120ab2421d75a09a4cbbcc0c/element - {"using":"xpath","value":"//*[@id=\"application-managesites-display-component---NewSite--addressEditDetailsCostObjectCstType-arrow\"]"}
RESULT: {}
RESULT: {"using":"xpath","value":"//*[@id=\"application-managesites-display-component---NewSite--addressEditDetailsCostObjectCstType-arrow\"]"}
COMMAND: POST /session/76d7290d120ab2421d75a09a4cbbcc0c/element/f.593288CD5F674EF5C803DB8E0F1C2C84.d.6E87DD13D17CD45FFE19552CB663E445.e.12532/click - {}
RESULT: {}
COMMAND: POST /session/76d7290d120ab2421d75a09a4cbbcc0c/element - {"using":"xpath","value":"//span[contains(text(), \"Work Breakdown Structure\")]"}
COMMAND: GET /session/76d7290d120ab2421d75a09a4cbbcc0c/screenshot - {}
RESULT: {"using":"xpath","value":"//span[contains(text(), \"Work Breakdown Structure\")]"}
COMMAND: POST /session/76d7290d120ab2421d75a09a4cbbcc0c/element/f.593288CD5F674EF5C803DB8E0F1C2C84.d.6E87DD13D17CD45FFE19552CB663E445.e.12533/click - {}
RESULT: {}
RESULT: {}
COMMAND: GET /session/76d7290d120ab2421d75a09a4cbbcc0c/screenshot - {}
RESULT: {}
COMMAND: POST /session/76d7290d120ab2421d75a09a4cbbcc0c/execute/async - {"script":"<script> [1562 bytes]","args":[{"selector":{"id":"application-managesites-display-component---NewSite--addressNewCostObjectCstID-vhi"},"wdio_ui5_key":"applicationmanagesites-display-component---NewSite--addressNewCostObjectCstID-vhi"}]}
RESULT: {"script":"<script> [1562 bytes]","args":[{"selector":{"id":"application-managesites-display-component---NewSite--addressNewCostObjectCstID-vhi"},"wdio_ui5_key":"applicationmanagesites-display-component---NewSite--addressNewCostObjectCstID-vhi"}]}
RESULT: undefined
COMMAND: POST /session/76d7290d120ab2421d75a09a4cbbcc0c/element - {"using":"xpath","value":"//*[@id=\"application-managesites-display-component---NewSite--addressNewCostObjectCstID-vhi\"]"}
RESULT: {"using":"xpath","value":"//*[@id=\"application-managesites-display-component---NewSite--addressNewCostObjectCstID-vhi\"]"}
COMMAND: POST /session/76d7290d120ab2421d75a09a4cbbcc0c/element/f.593288CD5F674EF5C803DB8E0F1C2C84.d.6E87DD13D17CD45FFE19552CB663E445.e.12538/click - {}
RESULT: {}
COMMAND: GET /session/76d7290d120ab2421d75a09a4cbbcc0c/screenshot - {}
RESULT: {}
COMMAND: POST /session/76d7290d120ab2421d75a09a4cbbcc0c/execute/async - {"script":"<script> [1562 bytes]","args":[{"selector":{"controlType":"sap.m.SearchField","properties":{"placeholder":"Search"},"searchOpenDialogs":true,"interaction":{"idSuffix":"I"}},"wdio_ui5_key":"sapm.SearchField{\"placeholder\":\"Search\"}"}]}
RESULT: {"script":"<script> [1562 bytes]","args":[{"selector":{"controlType":"sap.m.SearchField","properties":{"placeholder":"Search"},"searchOpenDialogs":true,"interaction":{"idSuffix":"I"}},"wdio_ui5_key":"sapm.SearchField{\"placeholder\":\"Search\"}"}]}
RESULT: undefined
COMMAND: POST /session/76d7290d120ab2421d75a09a4cbbcc0c/execute/async - {"script":"<script> [776 bytes]","args":[{"enterText":"A1-000100-01","selector":{"controlType":"sap.m.SearchField","properties":{"placeholder":"Search"},"searchOpenDialogs":true,"interaction":{"idSuffix":"I"}},"clearTextFirst":true,"interactionType":"ENTER_TEXT"}]}
RESULT: {"script":"<script> [776 bytes]","args":[{"enterText":"A1-000100-01","selector":{"controlType":"sap.m.SearchField","properties":{"placeholder":"Search"},"searchOpenDialogs":true,"interaction":{"idSuffix":"I"}},"clearTextFirst":true,"interactionType":"ENTER_TEXT"}]}
COMMAND: POST /session/76d7290d120ab2421d75a09a4cbbcc0c/actions - {"actions":[{"id":"action67","type":"key","parameters":{},"actions":[{"type":"keyDown","value":"î€‡"},{"type":"pause","duration":10},{"type":"keyUp","value":"î€‡"}]}]}
RESULT: {"actions":[{"id":"action67","type":"key","parameters":{},"actions":[{"type":"keyDown","value":"î€‡"},{"type":"pause","duration":10},{"type":"keyUp","value":"î€‡"}]}]}
COMMAND: GET /session/76d7290d120ab2421d75a09a4cbbcc0c/screenshot - {}
RESULT: {}
COMMAND: POST /session/76d7290d120ab2421d75a09a4cbbcc0c/element - {"using":"xpath","value":"//span[contains(text(), \"Template for ETO-Process\")]"}
RESULT: {"using":"xpath","value":"//span[contains(text(), \"Template for ETO-Process\")]"}
COMMAND: POST /session/76d7290d120ab2421d75a09a4cbbcc0c/element/f.593288CD5F674EF5C803DB8E0F1C2C84.d.6E87DD13D17CD45FFE19552CB663E445.e.12557/click - {}
RESULT: {}
COMMAND: GET /session/76d7290d120ab2421d75a09a4cbbcc0c/screenshot - {}
RESULT: {}
COMMAND: POST /session/76d7290d120ab2421d75a09a4cbbcc0c/element - {"using":"xpath","value":"//bdi[contains(text(), \"OK\")]"}
RESULT: {"using":"xpath","value":"//bdi[contains(text(), \"OK\")]"}
COMMAND: POST /session/76d7290d120ab2421d75a09a4cbbcc0c/element/f.593288CD5F674EF5C803DB8E0F1C2C84.d.6E87DD13D17CD45FFE19552CB663E445.e.12558/click - {}
RESULT: {}
COMMAND: GET /session/76d7290d120ab2421d75a09a4cbbcc0c/screenshot - {}
RESULT: {}
COMMAND: POST /session/76d7290d120ab2421d75a09a4cbbcc0c/element - {"using":"xpath","value":"//input[@id=\"application-managesites-display-component---NewSite--addressDetailDetailsYard-inner\"]"}
RESULT: {"using":"xpath","value":"//input[@id=\"application-managesites-display-component---NewSite--addressDetailDetailsYard-inner\"]"}
COMMAND: POST /session/76d7290d120ab2421d75a09a4cbbcc0c/element/f.593288CD5F674EF5C803DB8E0F1C2C84.d.6E87DD13D17CD45FFE19552CB663E445.e.12338/value - {"text":"695"}
RESULT: {"text":"695"}
COMMAND: GET /session/76d7290d120ab2421d75a09a4cbbcc0c/screenshot - {}
RESULT: {}
COMMAND: POST /session/76d7290d120ab2421d75a09a4cbbcc0c/actions - {"actions":[{"id":"action68","type":"key","parameters":{},"actions":[{"type":"keyDown","value":"î€‡"},{"type":"pause","duration":10},{"type":"keyUp","value":"î€‡"}]}]}
RESULT: {"actions":[{"id":"action68","type":"key","parameters":{},"actions":[{"type":"keyDown","value":"î€‡"},{"type":"pause","duration":10},{"type":"keyUp","value":"î€‡"}]}]}
COMMAND: GET /session/76d7290d120ab2421d75a09a4cbbcc0c/screenshot - {}
RESULT: {}
COMMAND: POST /session/76d7290d120ab2421d75a09a4cbbcc0c/element - {"using":"xpath","value":"//input[@id=\"application-managesites-display-component---NewSite--addressDetailDetailsPartner-inner\"]"}
RESULT: {"using":"xpath","value":"//input[@id=\"application-managesites-display-component---NewSite--addressDetailDetailsPartner-inner\"]"}
COMMAND: POST /session/76d7290d120ab2421d75a09a4cbbcc0c/elements - {"using":"xpath","value":"//input[@id=\"application-managesites-display-component---NewSite--addressDetailDetailsPartner-inner\"]"}
RESULT: {"using":"xpath","value":"//input[@id=\"application-managesites-display-component---NewSite--addressDetailDetailsPartner-inner\"]"}
COMMAND: POST /session/76d7290d120ab2421d75a09a4cbbcc0c/execute/async - {"script":"<script> [1562 bytes]","args":[{"selector":{"controlType":"sap.m.Button","viewName":"etm.portal.ui.managesites.view.NewSmartSite","viewId":"application-managesites-display-component---NewSite","properties":{"text":"Commercial"},"interaction":{"idSuffix":"BDI-content"}},"wdio_ui5_key":"etmportal.ui.managesites.view.NewSmartSitesap.m.Button{\"text\":\"Commercial\"}"}]}
RESULT: {"script":"<script> [1562 bytes]","args":[{"selector":{"controlType":"sap.m.Button","viewName":"etm.portal.ui.managesites.view.NewSmartSite","viewId":"application-managesites-display-component---NewSite","properties":{"text":"Commercial"},"interaction":{"idSuffix":"BDI-content"}},"wdio_ui5_key":"etmportal.ui.managesites.view.NewSmartSitesap.m.Button{\"text\":\"Commercial\"}"}]}
RESULT: undefined
COMMAND: POST /session/76d7290d120ab2421d75a09a4cbbcc0c/element - {"using":"xpath","value":"//*[@id=\"application-managesites-display-component---NewSite--ObjectPageLayout-anchBar-__section31-anchor\"]"}
RESULT: {"using":"xpath","value":"//*[@id=\"application-managesites-display-component---NewSite--ObjectPageLayout-anchBar-__section31-anchor\"]"}
COMMAND: POST /session/76d7290d120ab2421d75a09a4cbbcc0c/element/f.593288CD5F674EF5C803DB8E0F1C2C84.d.6E87DD13D17CD45FFE19552CB663E445.e.12565/click - {}
RESULT: {}
COMMAND: POST /session/76d7290d120ab2421d75a09a4cbbcc0c/execute/async - {"script":"<script> [1562 bytes]","args":[{"selector":{"controlType":"sap.m.Button","viewName":"etm.portal.ui.managesites.view.NewSmartSite","viewId":"application-managesites-display-component---NewSite","i18NText":{"propertyName":"text","key":"save"},"interaction":{"idSuffix":"BDI-content"}},"wdio_ui5_key":"etmportal.ui.managesites.view.NewSmartSitesap.m.Button{\"propertyName\":\"text\",\"key\":\"save\"}"}]}
COMMAND: GET /session/76d7290d120ab2421d75a09a4cbbcc0c/screenshot - {}
RESULT: {"script":"<script> [1562 bytes]","args":[{"selector":{"controlType":"sap.m.Button","viewName":"etm.portal.ui.managesites.view.NewSmartSite","viewId":"application-managesites-display-component---NewSite","i18NText":{"propertyName":"text","key":"save"},"interaction":{"idSuffix":"BDI-content"}},"wdio_ui5_key":"etmportal.ui.managesites.view.NewSmartSitesap.m.Button{\"propertyName\":\"text\",\"key\":\"save\"}"}]}
RESULT: undefined
COMMAND: POST /session/76d7290d120ab2421d75a09a4cbbcc0c/element - {"using":"xpath","value":"//*[@id=\"__button64\"]"}
RESULT: {}
RESULT: {"using":"xpath","value":"//*[@id=\"__button64\"]"}
COMMAND: POST /session/76d7290d120ab2421d75a09a4cbbcc0c/element/f.593288CD5F674EF5C803DB8E0F1C2C84.d.6E87DD13D17CD45FFE19552CB663E445.e.12512/click - {}
RESULT: {}
COMMAND: GET /session/76d7290d120ab2421d75a09a4cbbcc0c/screenshot - {}
RESULT: {}
COMMAND: POST /session/76d7290d120ab2421d75a09a4cbbcc0c/execute/async - {"script":"<script> [1562 bytes]","args":[{"selector":{"id":"application-managesites-display-component---detailSite--addressDetailDetailsYardText"},"wdio_ui5_key":"applicationmanagesites-display-component---detailSite--addressDetailDetailsYardText"}]}
RESULT: {"script":"<script> [1562 bytes]","args":[{"selector":{"id":"application-managesites-display-component---detailSite--addressDetailDetailsYardText"},"wdio_ui5_key":"applicationmanagesites-display-component---detailSite--addressDetailDetailsYardText"}]}
RESULT: undefined
COMMAND: POST /session/76d7290d120ab2421d75a09a4cbbcc0c/element - {"using":"xpath","value":"//header/div/div[2]/div[2]/span"}
RESULT: {"using":"xpath","value":"//header/div/div[2]/div[2]/span"}
COMMAND: GET /session/76d7290d120ab2421d75a09a4cbbcc0c/element/f.593288CD5F674EF5C803DB8E0F1C2C84.d.6E87DD13D17CD45FFE19552CB663E445.e.12767/text - {}
RESULT: {}
COMMAND: POST /session/76d7290d120ab2421d75a09a4cbbcc0c/element - {"using":"xpath","value":"//header/div/div/div/div/div/div[2]/div/span"}
RESULT: {"using":"xpath","value":"//header/div/div/div/div/div/div[2]/div/span"}
COMMAND: GET /session/76d7290d120ab2421d75a09a4cbbcc0c/element/f.593288CD5F674EF5C803DB8E0F1C2C84.d.6E87DD13D17CD45FFE19552CB663E445.e.12768/text - {}
RESULT: {}
COMMAND: POST /session/76d7290d120ab2421d75a09a4cbbcc0c/element - {"using":"css selector","value":"#shell-header-logo"}
RESULT: {"using":"css selector","value":"#shell-header-logo"}
COMMAND: POST /session/76d7290d120ab2421d75a09a4cbbcc0c/element/f.593288CD5F674EF5C803DB8E0F1C2C84.d.6E87DD13D17CD45FFE19552CB663E445.e.12094/click - {}
RESULT: {}
COMMAND: GET /session/76d7290d120ab2421d75a09a4cbbcc0c/screenshot - {}
RESULT: {}
]]></system-out>
    </testcase>
    <testcase classname="chrome.136_0_7103_49.windows.E2E_-_Logistical_and_commercial_statuses" name="It should stock increase the resource" time="224.36">
      <system-out><![CDATA[
COMMAND: POST /session/76d7290d120ab2421d75a09a4cbbcc0c/execute/async - {"script":"<script> [1562 bytes]","args":[{"selector":{"controlType":"sap.m.GenericTile","properties":{"header":"Manage Resources"}},"wdio_ui5_key":"sapm.GenericTile{\"header\":\"Manage Resources\"}"}]}
RESULT: {"script":"<script> [1562 bytes]","args":[{"selector":{"controlType":"sap.m.GenericTile","properties":{"header":"Manage Resources"}},"wdio_ui5_key":"sapm.GenericTile{\"header\":\"Manage Resources\"}"}]}
RESULT: undefined
COMMAND: POST /session/76d7290d120ab2421d75a09a4cbbcc0c/element - {"using":"xpath","value":"//*[@id=\"__tile39\"]"}
RESULT: {"using":"xpath","value":"//*[@id=\"__tile39\"]"}
COMMAND: POST /session/76d7290d120ab2421d75a09a4cbbcc0c/element/f.593288CD5F674EF5C803DB8E0F1C2C84.d.6E87DD13D17CD45FFE19552CB663E445.e.12770/click - {}
RESULT: {}
COMMAND: GET /session/76d7290d120ab2421d75a09a4cbbcc0c/screenshot - {}
RESULT: {}
COMMAND: POST /session/76d7290d120ab2421d75a09a4cbbcc0c/element - {"using":"xpath","value":"//button[@data-kt=\"addNewRUOverflowToolbarButton\"]"}
RESULT: {"using":"xpath","value":"//button[@data-kt=\"addNewRUOverflowToolbarButton\"]"}
COMMAND: POST /session/76d7290d120ab2421d75a09a4cbbcc0c/execute/sync - {"script":"<script> [8489 bytes]","args":[{"element-6066-11e4-a52e-4f735466cecf":"f.593288CD5F674EF5C803DB8E0F1C2C84.d.6E87DD13D17CD45FFE19552CB663E445.e.12913","ELEMENT":"f.593288CD5F674EF5C803DB8E0F1C2C84.d.6E87DD13D17CD45FFE19552CB663E445.e.12913"}]}
RESULT: {"script":"<script> [8489 bytes]","args":[{"element-6066-11e4-a52e-4f735466cecf":"f.593288CD5F674EF5C803DB8E0F1C2C84.d.6E87DD13D17CD45FFE19552CB663E445.e.12913","ELEMENT":"f.593288CD5F674EF5C803DB8E0F1C2C84.d.6E87DD13D17CD45FFE19552CB663E445.e.12913"}]}
COMMAND: POST /session/76d7290d120ab2421d75a09a4cbbcc0c/element/f.593288CD5F674EF5C803DB8E0F1C2C84.d.6E87DD13D17CD45FFE19552CB663E445.e.12913/click - {}
COMMAND: GET /session/76d7290d120ab2421d75a09a4cbbcc0c/screenshot - {}
RESULT: {}
COMMAND: POST /session/76d7290d120ab2421d75a09a4cbbcc0c/execute/async - {"script":"<script> [1562 bytes]","args":[{"selector":{"id":"application-manageresources-display-component---newResourceUnit--TYPE-arrow"},"wdio_ui5_key":"applicationmanageresources-display-component---newResourceUnit--TYPE-arrow"}]}
COMMAND: GET /session/76d7290d120ab2421d75a09a4cbbcc0c/screenshot - {}
RESULT: {}
RESULT: {"script":"<script> [1562 bytes]","args":[{"selector":{"id":"application-manageresources-display-component---newResourceUnit--TYPE-arrow"},"wdio_ui5_key":"applicationmanageresources-display-component---newResourceUnit--TYPE-arrow"}]}
RESULT: undefined
COMMAND: POST /session/76d7290d120ab2421d75a09a4cbbcc0c/element - {"using":"xpath","value":"//*[@id=\"application-manageresources-display-component---newResourceUnit--TYPE-arrow\"]"}
RESULT: {}
RESULT: {"using":"xpath","value":"//*[@id=\"application-manageresources-display-component---newResourceUnit--TYPE-arrow\"]"}
COMMAND: POST /session/76d7290d120ab2421d75a09a4cbbcc0c/element/f.593288CD5F674EF5C803DB8E0F1C2C84.d.6E87DD13D17CD45FFE19552CB663E445.e.13122/click - {}
RESULT: {}
COMMAND: POST /session/76d7290d120ab2421d75a09a4cbbcc0c/execute/async - {"script":"<script> [1562 bytes]","args":[{"selector":{"controlType":"sap.m.StandardListItem","viewName":"reusables.view.manageresources.NewResourceUnit","viewId":"application-manageresources-display-component---newResourceUnit","properties":{"title":"Material"},"searchOpenDialogs":true,"interaction":{"idSuffix":"titleText"}},"wdio_ui5_key":"reusablesview.manageresources.NewResourceUnitsap.m.StandardListItem{\"title\":\"Material\"}"}]}
COMMAND: GET /session/76d7290d120ab2421d75a09a4cbbcc0c/screenshot - {}
RESULT: {"script":"<script> [1562 bytes]","args":[{"selector":{"controlType":"sap.m.StandardListItem","viewName":"reusables.view.manageresources.NewResourceUnit","viewId":"application-manageresources-display-component---newResourceUnit","properties":{"title":"Material"},"searchOpenDialogs":true,"interaction":{"idSuffix":"titleText"}},"wdio_ui5_key":"reusablesview.manageresources.NewResourceUnitsap.m.StandardListItem{\"title\":\"Material\"}"}]}
RESULT: undefined
COMMAND: POST /session/76d7290d120ab2421d75a09a4cbbcc0c/element - {"using":"xpath","value":"//*[@id=\"__item1286\"]"}
RESULT: {}
RESULT: {"using":"xpath","value":"//*[@id=\"__item1286\"]"}
COMMAND: POST /session/76d7290d120ab2421d75a09a4cbbcc0c/element/f.593288CD5F674EF5C803DB8E0F1C2C84.d.6E87DD13D17CD45FFE19552CB663E445.e.13125/click - {}
RESULT: {}
COMMAND: POST /session/76d7290d120ab2421d75a09a4cbbcc0c/execute/async - {"script":"<script> [1562 bytes]","args":[{"selector":{"id":"application-manageresources-display-component---newResourceUnit--SHORT_TEXT","interaction":{"idSuffix":"inner"}},"wdio_ui5_key":"applicationmanageresources-display-component---newResourceUnit--SHORT_TEXT"}]}
COMMAND: GET /session/76d7290d120ab2421d75a09a4cbbcc0c/screenshot - {}
RESULT: {"script":"<script> [1562 bytes]","args":[{"selector":{"id":"application-manageresources-display-component---newResourceUnit--SHORT_TEXT","interaction":{"idSuffix":"inner"}},"wdio_ui5_key":"applicationmanageresources-display-component---newResourceUnit--SHORT_TEXT"}]}
RESULT: undefined
COMMAND: POST /session/76d7290d120ab2421d75a09a4cbbcc0c/execute/async - {"script":"<script> [776 bytes]","args":[{"enterText":"WebdriverRUR2Cy10r9","selector":{"id":"application-manageresources-display-component---newResourceUnit--SHORT_TEXT","interaction":{"idSuffix":"inner"}},"clearTextFirst":true,"interactionType":"ENTER_TEXT"}]}
RESULT: {}
RESULT: {"script":"<script> [776 bytes]","args":[{"enterText":"WebdriverRUR2Cy10r9","selector":{"id":"application-manageresources-display-component---newResourceUnit--SHORT_TEXT","interaction":{"idSuffix":"inner"}},"clearTextFirst":true,"interactionType":"ENTER_TEXT"}]}
COMMAND: POST /session/76d7290d120ab2421d75a09a4cbbcc0c/execute/async - {"script":"<script> [1562 bytes]","args":[{"selector":{"id":"application-manageresources-display-component---newResourceUnit--BASE_UNIT_OF_MEASURE-arrow"},"wdio_ui5_key":"applicationmanageresources-display-component---newResourceUnit--BASE_UNIT_OF_MEASURE-arrow"}]}
RESULT: {"script":"<script> [1562 bytes]","args":[{"selector":{"id":"application-manageresources-display-component---newResourceUnit--BASE_UNIT_OF_MEASURE-arrow"},"wdio_ui5_key":"applicationmanageresources-display-component---newResourceUnit--BASE_UNIT_OF_MEASURE-arrow"}]}
RESULT: undefined
COMMAND: POST /session/76d7290d120ab2421d75a09a4cbbcc0c/element - {"using":"xpath","value":"//*[@id=\"application-manageresources-display-component---newResourceUnit--BASE_UNIT_OF_MEASURE-arrow\"]"}
RESULT: {"using":"xpath","value":"//*[@id=\"application-manageresources-display-component---newResourceUnit--BASE_UNIT_OF_MEASURE-arrow\"]"}
COMMAND: POST /session/76d7290d120ab2421d75a09a4cbbcc0c/element/f.593288CD5F674EF5C803DB8E0F1C2C84.d.6E87DD13D17CD45FFE19552CB663E445.e.13181/click - {}
RESULT: {}
COMMAND: POST /session/76d7290d120ab2421d75a09a4cbbcc0c/execute/async - {"script":"<script> [1562 bytes]","args":[{"selector":{"controlType":"sap.m.StandardListItem","viewName":"reusables.view.manageresources.NewResourceUnit","viewId":"application-manageresources-display-component---newResourceUnit","properties":{"title":"Piece"},"searchOpenDialogs":true,"interaction":{"idSuffix":"titleText"}},"wdio_ui5_key":"reusablesview.manageresources.NewResourceUnitsap.m.StandardListItem{\"title\":\"Piece\"}"}]}
COMMAND: GET /session/76d7290d120ab2421d75a09a4cbbcc0c/screenshot - {}
RESULT: {"script":"<script> [1562 bytes]","args":[{"selector":{"controlType":"sap.m.StandardListItem","viewName":"reusables.view.manageresources.NewResourceUnit","viewId":"application-manageresources-display-component---newResourceUnit","properties":{"title":"Piece"},"searchOpenDialogs":true,"interaction":{"idSuffix":"titleText"}},"wdio_ui5_key":"reusablesview.manageresources.NewResourceUnitsap.m.StandardListItem{\"title\":\"Piece\"}"}]}
RESULT: undefined
COMMAND: POST /session/76d7290d120ab2421d75a09a4cbbcc0c/element - {"using":"xpath","value":"//*[@id=\"__item1330\"]"}
RESULT: {}
RESULT: {"using":"xpath","value":"//*[@id=\"__item1330\"]"}
COMMAND: POST /session/76d7290d120ab2421d75a09a4cbbcc0c/element/f.593288CD5F674EF5C803DB8E0F1C2C84.d.6E87DD13D17CD45FFE19552CB663E445.e.13183/click - {}
RESULT: {}
COMMAND: POST /session/76d7290d120ab2421d75a09a4cbbcc0c/element - {"using":"xpath","value":"//input[contains(@id ,\"application-manageresources-display-component---newResourceUnit--SHORT_TEXT-inner\")]"}
COMMAND: GET /session/76d7290d120ab2421d75a09a4cbbcc0c/screenshot - {}
RESULT: {"using":"xpath","value":"//input[contains(@id ,\"application-manageresources-display-component---newResourceUnit--SHORT_TEXT-inner\")]"}
COMMAND: GET /session/76d7290d120ab2421d75a09a4cbbcc0c/element/f.593288CD5F674EF5C803DB8E0F1C2C84.d.6E87DD13D17CD45FFE19552CB663E445.e.13142/property/value - {}
RESULT: {}
RESULT: {}
COMMAND: POST /session/76d7290d120ab2421d75a09a4cbbcc0c/execute/async - {"script":"<script> [1562 bytes]","args":[{"selector":{"id":"application-manageresources-display-component---newResourceUnit--WEIGHT_UNIT-arrow"},"wdio_ui5_key":"applicationmanageresources-display-component---newResourceUnit--WEIGHT_UNIT-arrow"}]}
COMMAND: GET /session/76d7290d120ab2421d75a09a4cbbcc0c/screenshot - {}
RESULT: {"script":"<script> [1562 bytes]","args":[{"selector":{"id":"application-manageresources-display-component---newResourceUnit--WEIGHT_UNIT-arrow"},"wdio_ui5_key":"applicationmanageresources-display-component---newResourceUnit--WEIGHT_UNIT-arrow"}]}
RESULT: undefined
COMMAND: POST /session/76d7290d120ab2421d75a09a4cbbcc0c/element - {"using":"xpath","value":"//*[@id=\"application-manageresources-display-component---newResourceUnit--WEIGHT_UNIT-arrow\"]"}
RESULT: {}
RESULT: {"using":"xpath","value":"//*[@id=\"application-manageresources-display-component---newResourceUnit--WEIGHT_UNIT-arrow\"]"}
COMMAND: POST /session/76d7290d120ab2421d75a09a4cbbcc0c/element/f.593288CD5F674EF5C803DB8E0F1C2C84.d.6E87DD13D17CD45FFE19552CB663E445.e.13184/click - {}
RESULT: {}
COMMAND: POST /session/76d7290d120ab2421d75a09a4cbbcc0c/execute/async - {"script":"<script> [1562 bytes]","args":[{"selector":{"controlType":"sap.m.StandardListItem","viewName":"reusables.view.manageresources.NewResourceUnit","viewId":"application-manageresources-display-component---newResourceUnit","properties":{"title":"Gram"},"searchOpenDialogs":true,"interaction":{"idSuffix":"content"}},"wdio_ui5_key":"reusablesview.manageresources.NewResourceUnitsap.m.StandardListItem{\"title\":\"Gram\"}"}]}
COMMAND: GET /session/76d7290d120ab2421d75a09a4cbbcc0c/screenshot - {}
RESULT: {"script":"<script> [1562 bytes]","args":[{"selector":{"controlType":"sap.m.StandardListItem","viewName":"reusables.view.manageresources.NewResourceUnit","viewId":"application-manageresources-display-component---newResourceUnit","properties":{"title":"Gram"},"searchOpenDialogs":true,"interaction":{"idSuffix":"content"}},"wdio_ui5_key":"reusablesview.manageresources.NewResourceUnitsap.m.StandardListItem{\"title\":\"Gram\"}"}]}
RESULT: undefined
COMMAND: POST /session/76d7290d120ab2421d75a09a4cbbcc0c/element - {"using":"xpath","value":"//*[@id=\"__item1395\"]"}
RESULT: {}
RESULT: {"using":"xpath","value":"//*[@id=\"__item1395\"]"}
COMMAND: POST /session/76d7290d120ab2421d75a09a4cbbcc0c/element/f.593288CD5F674EF5C803DB8E0F1C2C84.d.6E87DD13D17CD45FFE19552CB663E445.e.13186/click - {}
RESULT: {}
COMMAND: POST /session/76d7290d120ab2421d75a09a4cbbcc0c/execute/async - {"script":"<script> [1562 bytes]","args":[{"selector":{"id":"application-manageresources-display-component---newResourceUnit--newRRUPage-OPHeaderContent-collapseBtn-img"},"wdio_ui5_key":"applicationmanageresources-display-component---newResourceUnit--newRRUPage-OPHeaderContent-collapseBtn-img"}]}
COMMAND: GET /session/76d7290d120ab2421d75a09a4cbbcc0c/screenshot - {}
RESULT: {"script":"<script> [1562 bytes]","args":[{"selector":{"id":"application-manageresources-display-component---newResourceUnit--newRRUPage-OPHeaderContent-collapseBtn-img"},"wdio_ui5_key":"applicationmanageresources-display-component---newResourceUnit--newRRUPage-OPHeaderContent-collapseBtn-img"}]}
RESULT: undefined
COMMAND: POST /session/76d7290d120ab2421d75a09a4cbbcc0c/element - {"using":"xpath","value":"//*[@id=\"application-manageresources-display-component---newResourceUnit--newRRUPage-OPHeaderContent-collapseBtn-img\"]"}
RESULT: {}
RESULT: {"using":"xpath","value":"//*[@id=\"application-manageresources-display-component---newResourceUnit--newRRUPage-OPHeaderContent-collapseBtn-img\"]"}
COMMAND: POST /session/76d7290d120ab2421d75a09a4cbbcc0c/element/f.593288CD5F674EF5C803DB8E0F1C2C84.d.6E87DD13D17CD45FFE19552CB663E445.e.13132/click - {}
RESULT: {}
COMMAND: GET /session/76d7290d120ab2421d75a09a4cbbcc0c/screenshot - {}
RESULT: {}
COMMAND: POST /session/76d7290d120ab2421d75a09a4cbbcc0c/element - {"using":"xpath","value":"(//span[contains(@id ,\"application-manageresources-display-component---newResourceUnit--DIMENSION_UNIT-arrow\")])[1]"}
RESULT: {"using":"xpath","value":"(//span[contains(@id ,\"application-manageresources-display-component---newResourceUnit--DIMENSION_UNIT-arrow\")])[1]"}
COMMAND: POST /session/76d7290d120ab2421d75a09a4cbbcc0c/element/f.593288CD5F674EF5C803DB8E0F1C2C84.d.6E87DD13D17CD45FFE19552CB663E445.e.13190/click - {}
RESULT: {}
COMMAND: GET /session/76d7290d120ab2421d75a09a4cbbcc0c/screenshot - {}
RESULT: {}
COMMAND: POST /session/76d7290d120ab2421d75a09a4cbbcc0c/execute/async - {"script":"<script> [1562 bytes]","args":[{"selector":{"controlType":"sap.m.StandardListItem","viewName":"reusables.view.manageresources.NewResourceUnit","viewId":"application-manageresources-display-component---newResourceUnit","properties":{"title":"Centimeter"},"searchOpenDialogs":true,"interaction":{"idSuffix":"titleText"}},"wdio_ui5_key":"reusablesview.manageresources.NewResourceUnitsap.m.StandardListItem{\"title\":\"Centimeter\"}"}]}
RESULT: {"script":"<script> [1562 bytes]","args":[{"selector":{"controlType":"sap.m.StandardListItem","viewName":"reusables.view.manageresources.NewResourceUnit","viewId":"application-manageresources-display-component---newResourceUnit","properties":{"title":"Centimeter"},"searchOpenDialogs":true,"interaction":{"idSuffix":"titleText"}},"wdio_ui5_key":"reusablesview.manageresources.NewResourceUnitsap.m.StandardListItem{\"title\":\"Centimeter\"}"}]}
RESULT: undefined
COMMAND: POST /session/76d7290d120ab2421d75a09a4cbbcc0c/element - {"using":"xpath","value":"//*[@id=\"__item1398\"]"}
RESULT: {"using":"xpath","value":"//*[@id=\"__item1398\"]"}
COMMAND: POST /session/76d7290d120ab2421d75a09a4cbbcc0c/element/f.593288CD5F674EF5C803DB8E0F1C2C84.d.6E87DD13D17CD45FFE19552CB663E445.e.13194/click - {}
RESULT: {}
COMMAND: POST /session/76d7290d120ab2421d75a09a4cbbcc0c/execute/async - {"script":"<script> [1562 bytes]","args":[{"selector":{"id":"application-manageresources-display-component---newResourceUnit--newRRUPage-anchBar-application-manageresources-display-component---newResourceUnit--reference-anchor","interaction":{"idSuffix":"BDI-content"}},"wdio_ui5_key":"applicationmanageresources-display-component---newResourceUnit--newRRUPage-anchBar-application-manageresources-display-component---newResourceUnit--reference-anchor"}]}
COMMAND: GET /session/76d7290d120ab2421d75a09a4cbbcc0c/screenshot - {}
RESULT: {"script":"<script> [1562 bytes]","args":[{"selector":{"id":"application-manageresources-display-component---newResourceUnit--newRRUPage-anchBar-application-manageresources-display-component---newResourceUnit--reference-anchor","interaction":{"idSuffix":"BDI-content"}},"wdio_ui5_key":"applicationmanageresources-display-component---newResourceUnit--newRRUPage-anchBar-application-manageresources-display-component---newResourceUnit--reference-anchor"}]}
RESULT: undefined
COMMAND: POST /session/76d7290d120ab2421d75a09a4cbbcc0c/element - {"using":"xpath","value":"//*[@id=\"application-manageresources-display-component---newResourceUnit--newRRUPage-anchBar-application-manageresources-display-component---newResourceUnit--reference-anchor\"]"}
RESULT: {}
RESULT: {"using":"xpath","value":"//*[@id=\"application-manageresources-display-component---newResourceUnit--newRRUPage-anchBar-application-manageresources-display-component---newResourceUnit--reference-anchor\"]"}
COMMAND: POST /session/76d7290d120ab2421d75a09a4cbbcc0c/element/f.593288CD5F674EF5C803DB8E0F1C2C84.d.6E87DD13D17CD45FFE19552CB663E445.e.13196/click - {}
RESULT: {}
COMMAND: POST /session/76d7290d120ab2421d75a09a4cbbcc0c/execute/async - {"script":"<script> [1562 bytes]","args":[{"selector":{"id":"application-manageresources-display-component---newResourceUnit--PLANNING_GROUP-arrow"},"wdio_ui5_key":"applicationmanageresources-display-component---newResourceUnit--PLANNING_GROUP-arrow"}]}
COMMAND: GET /session/76d7290d120ab2421d75a09a4cbbcc0c/screenshot - {}
RESULT: {"script":"<script> [1562 bytes]","args":[{"selector":{"id":"application-manageresources-display-component---newResourceUnit--PLANNING_GROUP-arrow"},"wdio_ui5_key":"applicationmanageresources-display-component---newResourceUnit--PLANNING_GROUP-arrow"}]}
RESULT: undefined
COMMAND: POST /session/76d7290d120ab2421d75a09a4cbbcc0c/element - {"using":"xpath","value":"//*[@id=\"application-manageresources-display-component---newResourceUnit--PLANNING_GROUP-arrow\"]"}
RESULT: {}
RESULT: {"using":"xpath","value":"//*[@id=\"application-manageresources-display-component---newResourceUnit--PLANNING_GROUP-arrow\"]"}
COMMAND: POST /session/76d7290d120ab2421d75a09a4cbbcc0c/element/f.593288CD5F674EF5C803DB8E0F1C2C84.d.6E87DD13D17CD45FFE19552CB663E445.e.13199/click - {}
RESULT: {}
COMMAND: POST /session/76d7290d120ab2421d75a09a4cbbcc0c/execute/async - {"script":"<script> [1562 bytes]","args":[{"selector":{"controlType":"sap.m.StandardListItem","viewName":"reusables.view.manageresources.NewResourceUnit","viewId":"application-manageresources-display-component---newResourceUnit","properties":{"title":"Heavy Equi"},"searchOpenDialogs":true,"interaction":{"idSuffix":"content"}},"wdio_ui5_key":"reusablesview.manageresources.NewResourceUnitsap.m.StandardListItem{\"title\":\"Heavy Equi\"}"}]}
COMMAND: GET /session/76d7290d120ab2421d75a09a4cbbcc0c/screenshot - {}
RESULT: {"script":"<script> [1562 bytes]","args":[{"selector":{"controlType":"sap.m.StandardListItem","viewName":"reusables.view.manageresources.NewResourceUnit","viewId":"application-manageresources-display-component---newResourceUnit","properties":{"title":"Heavy Equi"},"searchOpenDialogs":true,"interaction":{"idSuffix":"content"}},"wdio_ui5_key":"reusablesview.manageresources.NewResourceUnitsap.m.StandardListItem{\"title\":\"Heavy Equi\"}"}]}
RESULT: undefined
COMMAND: POST /session/76d7290d120ab2421d75a09a4cbbcc0c/element - {"using":"xpath","value":"//*[@id=\"__item1406\"]"}
RESULT: {}
RESULT: {"using":"xpath","value":"//*[@id=\"__item1406\"]"}
COMMAND: POST /session/76d7290d120ab2421d75a09a4cbbcc0c/element/f.593288CD5F674EF5C803DB8E0F1C2C84.d.6E87DD13D17CD45FFE19552CB663E445.e.13203/click - {}
RESULT: {}
COMMAND: GET /session/76d7290d120ab2421d75a09a4cbbcc0c/screenshot - {}
RESULT: {}
COMMAND: POST /session/76d7290d120ab2421d75a09a4cbbcc0c/execute/async - {"script":"<script> [1562 bytes]","args":[{"selector":{"id":"application-manageresources-display-component---newResourceUnit--PLANNING_INDICATOR-arrow"},"wdio_ui5_key":"applicationmanageresources-display-component---newResourceUnit--PLANNING_INDICATOR-arrow"}]}
RESULT: {"script":"<script> [1562 bytes]","args":[{"selector":{"id":"application-manageresources-display-component---newResourceUnit--PLANNING_INDICATOR-arrow"},"wdio_ui5_key":"applicationmanageresources-display-component---newResourceUnit--PLANNING_INDICATOR-arrow"}]}
RESULT: undefined
COMMAND: POST /session/76d7290d120ab2421d75a09a4cbbcc0c/element - {"using":"xpath","value":"//*[@id=\"application-manageresources-display-component---newResourceUnit--PLANNING_INDICATOR-arrow\"]"}
RESULT: {"using":"xpath","value":"//*[@id=\"application-manageresources-display-component---newResourceUnit--PLANNING_INDICATOR-arrow\"]"}
COMMAND: POST /session/76d7290d120ab2421d75a09a4cbbcc0c/element/f.593288CD5F674EF5C803DB8E0F1C2C84.d.6E87DD13D17CD45FFE19552CB663E445.e.13204/click - {}
RESULT: {}
COMMAND: POST /session/76d7290d120ab2421d75a09a4cbbcc0c/execute/async - {"script":"<script> [1562 bytes]","args":[{"selector":{"controlType":"sap.m.StandardListItem","viewName":"reusables.view.manageresources.NewResourceUnit","viewId":"application-manageresources-display-component---newResourceUnit","properties":{"title":"10 - infinite"},"searchOpenDialogs":true,"interaction":{"idSuffix":"content"}},"wdio_ui5_key":"reusablesview.manageresources.NewResourceUnitsap.m.StandardListItem{\"title\":\"10 - infinite\"}"}]}
COMMAND: GET /session/76d7290d120ab2421d75a09a4cbbcc0c/screenshot - {}
RESULT: {"script":"<script> [1562 bytes]","args":[{"selector":{"controlType":"sap.m.StandardListItem","viewName":"reusables.view.manageresources.NewResourceUnit","viewId":"application-manageresources-display-component---newResourceUnit","properties":{"title":"10 - infinite"},"searchOpenDialogs":true,"interaction":{"idSuffix":"content"}},"wdio_ui5_key":"reusablesview.manageresources.NewResourceUnitsap.m.StandardListItem{\"title\":\"10 - infinite\"}"}]}
RESULT: undefined
COMMAND: POST /session/76d7290d120ab2421d75a09a4cbbcc0c/element - {"using":"xpath","value":"//*[@id=\"__item1416\"]"}
RESULT: {}
RESULT: {"using":"xpath","value":"//*[@id=\"__item1416\"]"}
COMMAND: POST /session/76d7290d120ab2421d75a09a4cbbcc0c/element/f.593288CD5F674EF5C803DB8E0F1C2C84.d.6E87DD13D17CD45FFE19552CB663E445.e.13206/click - {}
RESULT: {}
COMMAND: GET /session/76d7290d120ab2421d75a09a4cbbcc0c/screenshot - {}
RESULT: {}
COMMAND: POST /session/76d7290d120ab2421d75a09a4cbbcc0c/element - {"using":"xpath","value":"//bdi[contains(text(), \"Time Segment\")]"}
RESULT: {"using":"xpath","value":"//bdi[contains(text(), \"Time Segment\")]"}
COMMAND: GET /session/76d7290d120ab2421d75a09a4cbbcc0c/element/f.593288CD5F674EF5C803DB8E0F1C2C84.d.6E87DD13D17CD45FFE19552CB663E445.e.13207/rect - {}
RESULT: {}
COMMAND: GET /session/76d7290d120ab2421d75a09a4cbbcc0c/window/rect - {}
RESULT: {}
COMMAND: POST /session/76d7290d120ab2421d75a09a4cbbcc0c/execute/sync - {"script":"<script> [92 bytes]","args":[]}
RESULT: {"script":"<script> [92 bytes]","args":[]}
COMMAND: POST /session/76d7290d120ab2421d75a09a4cbbcc0c/actions - {"actions":[{"id":"action69","type":"wheel","parameters":{},"actions":[{"type":"scroll","x":-1820,"y":-21,"deltaX":0,"deltaY":0,"duration":0,"origin":{"element-6066-11e4-a52e-4f735466cecf":"f.593288CD5F674EF5C803DB8E0F1C2C84.d.6E87DD13D17CD45FFE19552CB663E445.e.13207"}}]}]}
COMMAND: GET /session/76d7290d120ab2421d75a09a4cbbcc0c/screenshot - {}
RESULT: {}
COMMAND: POST /session/76d7290d120ab2421d75a09a4cbbcc0c/execute/sync - {"script":"<script> [79 bytes]","args":[{"element-6066-11e4-a52e-4f735466cecf":"f.593288CD5F674EF5C803DB8E0F1C2C84.d.6E87DD13D17CD45FFE19552CB663E445.e.13207","ELEMENT":"f.593288CD5F674EF5C803DB8E0F1C2C84.d.6E87DD13D17CD45FFE19552CB663E445.e.13207"},{"block":"start","inline":"nearest"}]}
RESULT: {"script":"<script> [79 bytes]","args":[{"element-6066-11e4-a52e-4f735466cecf":"f.593288CD5F674EF5C803DB8E0F1C2C84.d.6E87DD13D17CD45FFE19552CB663E445.e.13207","ELEMENT":"f.593288CD5F674EF5C803DB8E0F1C2C84.d.6E87DD13D17CD45FFE19552CB663E445.e.13207"},{"block":"start","inline":"nearest"}]}
COMMAND: GET /session/76d7290d120ab2421d75a09a4cbbcc0c/screenshot - {}
RESULT: {}
COMMAND: POST /session/76d7290d120ab2421d75a09a4cbbcc0c/element - {"using":"xpath","value":"//span[@id=\"application-manageresources-display-component---newResourceUnit--btnAddTimeSegment-img\"]"}
RESULT: {"using":"xpath","value":"//span[@id=\"application-manageresources-display-component---newResourceUnit--btnAddTimeSegment-img\"]"}
COMMAND: POST /session/76d7290d120ab2421d75a09a4cbbcc0c/execute/sync - {"script":"<script> [8489 bytes]","args":[{"element-6066-11e4-a52e-4f735466cecf":"f.593288CD5F674EF5C803DB8E0F1C2C84.d.6E87DD13D17CD45FFE19552CB663E445.e.13210","ELEMENT":"f.593288CD5F674EF5C803DB8E0F1C2C84.d.6E87DD13D17CD45FFE19552CB663E445.e.13210"}]}
RESULT: {"script":"<script> [8489 bytes]","args":[{"element-6066-11e4-a52e-4f735466cecf":"f.593288CD5F674EF5C803DB8E0F1C2C84.d.6E87DD13D17CD45FFE19552CB663E445.e.13210","ELEMENT":"f.593288CD5F674EF5C803DB8E0F1C2C84.d.6E87DD13D17CD45FFE19552CB663E445.e.13210"}]}
COMMAND: POST /session/76d7290d120ab2421d75a09a4cbbcc0c/element/f.593288CD5F674EF5C803DB8E0F1C2C84.d.6E87DD13D17CD45FFE19552CB663E445.e.13210/click - {}
COMMAND: GET /session/76d7290d120ab2421d75a09a4cbbcc0c/screenshot - {}
RESULT: {}
COMMAND: GET /session/76d7290d120ab2421d75a09a4cbbcc0c/screenshot - {}
COMMAND: POST /session/76d7290d120ab2421d75a09a4cbbcc0c/element - {"using":"xpath","value":"//input[@id=\"application-manageresources-display-component---newResourceUnit--idRuTSAdmin-application-manageresources-display-component---newResourceUnit--RUTimeSegment-0-inner\"]"}
RESULT: {}
RESULT: {}
RESULT: {"using":"xpath","value":"//input[@id=\"application-manageresources-display-component---newResourceUnit--idRuTSAdmin-application-manageresources-display-component---newResourceUnit--RUTimeSegment-0-inner\"]"}
COMMAND: POST /session/76d7290d120ab2421d75a09a4cbbcc0c/element/f.593288CD5F674EF5C803DB8E0F1C2C84.d.6E87DD13D17CD45FFE19552CB663E445.e.13213/clear - {}
RESULT: {}
COMMAND: POST /session/76d7290d120ab2421d75a09a4cbbcc0c/element/f.593288CD5F674EF5C803DB8E0F1C2C84.d.6E87DD13D17CD45FFE19552CB663E445.e.13213/value - {"text":"WebdriverYard55stu"}
COMMAND: GET /session/76d7290d120ab2421d75a09a4cbbcc0c/screenshot - {}
RESULT: {"text":"WebdriverYard55stu"}
COMMAND: GET /session/76d7290d120ab2421d75a09a4cbbcc0c/screenshot - {}
RESULT: {}
RESULT: {}
COMMAND: POST /session/76d7290d120ab2421d75a09a4cbbcc0c/actions - {"actions":[{"id":"action70","type":"key","parameters":{},"actions":[{"type":"keyDown","value":"î€‡"},{"type":"pause","duration":10},{"type":"keyUp","value":"î€‡"}]}]}
RESULT: {"actions":[{"id":"action70","type":"key","parameters":{},"actions":[{"type":"keyDown","value":"î€‡"},{"type":"pause","duration":10},{"type":"keyUp","value":"î€‡"}]}]}
COMMAND: GET /session/76d7290d120ab2421d75a09a4cbbcc0c/screenshot - {}
RESULT: {}
COMMAND: POST /session/76d7290d120ab2421d75a09a4cbbcc0c/execute/async - {"script":"<script> [1562 bytes]","args":[{"selector":{"controlType":"sap.m.Button","viewName":"reusables.view.manageresources.NewResourceUnit","viewId":"application-manageresources-display-component---newResourceUnit","i18NText":{"propertyName":"tooltip","key":"save"},"interaction":{"idSuffix":"BDI-content"}},"wdio_ui5_key":"reusablesview.manageresources.NewResourceUnitsap.m.Button{\"propertyName\":\"tooltip\",\"key\":\"save\"}"}]}
RESULT: {"script":"<script> [1562 bytes]","args":[{"selector":{"controlType":"sap.m.Button","viewName":"reusables.view.manageresources.NewResourceUnit","viewId":"application-manageresources-display-component---newResourceUnit","i18NText":{"propertyName":"tooltip","key":"save"},"interaction":{"idSuffix":"BDI-content"}},"wdio_ui5_key":"reusablesview.manageresources.NewResourceUnitsap.m.Button{\"propertyName\":\"tooltip\",\"key\":\"save\"}"}]}
RESULT: undefined
COMMAND: POST /session/76d7290d120ab2421d75a09a4cbbcc0c/element - {"using":"xpath","value":"//*[@id=\"application-manageresources-display-component---newResourceUnit--createRuButton\"]"}
RESULT: {"using":"xpath","value":"//*[@id=\"application-manageresources-display-component---newResourceUnit--createRuButton\"]"}
COMMAND: POST /session/76d7290d120ab2421d75a09a4cbbcc0c/element/f.593288CD5F674EF5C803DB8E0F1C2C84.d.6E87DD13D17CD45FFE19552CB663E445.e.13138/click - {}
RESULT: {}
COMMAND: GET /session/76d7290d120ab2421d75a09a4cbbcc0c/screenshot - {}
RESULT: {}
COMMAND: POST /session/76d7290d120ab2421d75a09a4cbbcc0c/execute/async - {"script":"<script> [1562 bytes]","args":[{"selector":{"controlType":"sap.m.Title","properties":{"text":"Success"},"searchOpenDialogs":true},"wdio_ui5_key":"sapm.Title{\"text\":\"Success\"}"}]}
RESULT: {"script":"<script> [1562 bytes]","args":[{"selector":{"controlType":"sap.m.Title","properties":{"text":"Success"},"searchOpenDialogs":true},"wdio_ui5_key":"sapm.Title{\"text\":\"Success\"}"}]}
RESULT: undefined
COMMAND: POST /session/76d7290d120ab2421d75a09a4cbbcc0c/execute/async - {"script":"<script> [6424 bytes]","args":[{"element-6066-11e4-a52e-4f735466cecf":"f.593288CD5F674EF5C803DB8E0F1C2C84.d.6E87DD13D17CD45FFE19552CB663E445.e.13229"},"getText",[]]}
RESULT: {"script":"<script> [6424 bytes]","args":[{"element-6066-11e4-a52e-4f735466cecf":"f.593288CD5F674EF5C803DB8E0F1C2C84.d.6E87DD13D17CD45FFE19552CB663E445.e.13229"},"getText",[]]}
COMMAND: POST /session/76d7290d120ab2421d75a09a4cbbcc0c/element - {"using":"xpath","value":"//*[contains(@id, '__text') and (contains(text(), 'successfully created') or contains(., 'successfully created'))]"}
RESULT: {"using":"xpath","value":"//*[contains(@id, '__text') and (contains(text(), 'successfully created') or contains(., 'successfully created'))]"}
COMMAND: GET /session/76d7290d120ab2421d75a09a4cbbcc0c/element/f.593288CD5F674EF5C803DB8E0F1C2C84.d.6E87DD13D17CD45FFE19552CB663E445.e.13228/text - {}
RESULT: {}
COMMAND: POST /session/76d7290d120ab2421d75a09a4cbbcc0c/execute/async - {"script":"<script> [1562 bytes]","args":[{"selector":{"controlType":"sap.m.Button","properties":{"text":"Close"},"searchOpenDialogs":true,"interaction":{"idSuffix":"BDI-content"}},"wdio_ui5_key":"sapm.Button{\"text\":\"Close\"}"}]}
RESULT: {"script":"<script> [1562 bytes]","args":[{"selector":{"controlType":"sap.m.Button","properties":{"text":"Close"},"searchOpenDialogs":true,"interaction":{"idSuffix":"BDI-content"}},"wdio_ui5_key":"sapm.Button{\"text\":\"Close\"}"}]}
RESULT: undefined
COMMAND: POST /session/76d7290d120ab2421d75a09a4cbbcc0c/element - {"using":"xpath","value":"//*[@id=\"__mbox-btn-0\"]"}
RESULT: {"using":"xpath","value":"//*[@id=\"__mbox-btn-0\"]"}
COMMAND: POST /session/76d7290d120ab2421d75a09a4cbbcc0c/element/f.593288CD5F674EF5C803DB8E0F1C2C84.d.6E87DD13D17CD45FFE19552CB663E445.e.13226/click - {}
RESULT: {}
COMMAND: GET /session/76d7290d120ab2421d75a09a4cbbcc0c/screenshot - {}
RESULT: {}
COMMAND: POST /session/76d7290d120ab2421d75a09a4cbbcc0c/execute/async - {"script":"<script> [1562 bytes]","args":[{"selector":{"controlType":"sap.ui.core.Icon","viewName":"etm.portal.ui.manageresources.view.Detail","viewId":"application-manageresources-display-component---detailRU","properties":{"src":{"regex":{"source":"overflow"}}}},"wdio_ui5_key":"etmportal.ui.manageresources.view.Detailsap.ui.core.Icon{\"src\":{\"regex\":{\"source\":\"overflow\"}}}"}]}
RESULT: {"script":"<script> [1562 bytes]","args":[{"selector":{"controlType":"sap.ui.core.Icon","viewName":"etm.portal.ui.manageresources.view.Detail","viewId":"application-manageresources-display-component---detailRU","properties":{"src":{"regex":{"source":"overflow"}}}},"wdio_ui5_key":"etmportal.ui.manageresources.view.Detailsap.ui.core.Icon{\"src\":{\"regex\":{\"source\":\"overflow\"}}}"}]}
RESULT: undefined
COMMAND: POST /session/76d7290d120ab2421d75a09a4cbbcc0c/element - {"using":"xpath","value":"//*[@id=\"__title36-_actionsToolbar-overflowButton-img\"]"}
RESULT: {"using":"xpath","value":"//*[@id=\"__title36-_actionsToolbar-overflowButton-img\"]"}
COMMAND: POST /session/76d7290d120ab2421d75a09a4cbbcc0c/element/f.593288CD5F674EF5C803DB8E0F1C2C84.d.6E87DD13D17CD45FFE19552CB663E445.e.13262/click - {}
RESULT: {}
COMMAND: POST /session/76d7290d120ab2421d75a09a4cbbcc0c/execute/async - {"script":"<script> [1562 bytes]","args":[{"selector":{"controlType":"sap.m.Button","viewName":"etm.portal.ui.manageresources.view.Detail","viewId":"application-manageresources-display-component---detailRU","i18NText":{"propertyName":"tooltip","key":"closeColumn"},"searchOpenDialogs":true,"interaction":{"idSuffix":"inner"}},"wdio_ui5_key":"etmportal.ui.manageresources.view.Detailsap.m.Button{\"propertyName\":\"tooltip\",\"key\":\"closeColumn\"}"}]}
COMMAND: GET /session/76d7290d120ab2421d75a09a4cbbcc0c/screenshot - {}
RESULT: {"script":"<script> [1562 bytes]","args":[{"selector":{"controlType":"sap.m.Button","viewName":"etm.portal.ui.manageresources.view.Detail","viewId":"application-manageresources-display-component---detailRU","i18NText":{"propertyName":"tooltip","key":"closeColumn"},"searchOpenDialogs":true,"interaction":{"idSuffix":"inner"}},"wdio_ui5_key":"etmportal.ui.manageresources.view.Detailsap.m.Button{\"propertyName\":\"tooltip\",\"key\":\"closeColumn\"}"}]}
RESULT: undefined
COMMAND: POST /session/76d7290d120ab2421d75a09a4cbbcc0c/element - {"using":"xpath","value":"//*[@id=\"__button147\"]"}
RESULT: {}
RESULT: {"using":"xpath","value":"//*[@id=\"__button147\"]"}
COMMAND: POST /session/76d7290d120ab2421d75a09a4cbbcc0c/element/f.593288CD5F674EF5C803DB8E0F1C2C84.d.6E87DD13D17CD45FFE19552CB663E445.e.13266/click - {}
RESULT: {}
COMMAND: GET /session/76d7290d120ab2421d75a09a4cbbcc0c/screenshot - {}
RESULT: {}
COMMAND: POST /session/76d7290d120ab2421d75a09a4cbbcc0c/refresh - {}
RESULT: {}
COMMAND: GET /session/76d7290d120ab2421d75a09a4cbbcc0c/screenshot - {}
RESULT: {}
COMMAND: POST /session/76d7290d120ab2421d75a09a4cbbcc0c/execute/async - {"script":"<script> [189 bytes]","args":[]}
RESULT: {"script":"<script> [189 bytes]","args":[]}
COMMAND: POST /session/76d7290d120ab2421d75a09a4cbbcc0c/execute/async - {"script":"<script> [123 bytes]","args":[]}
RESULT: {"script":"<script> [123 bytes]","args":[]}
COMMAND: POST /session/76d7290d120ab2421d75a09a4cbbcc0c/timeouts - {"script":"<number>"}
RESULT: {"script":"<number>"}
COMMAND: GET /session/76d7290d120ab2421d75a09a4cbbcc0c/timeouts - {}
RESULT: {}
RESULT: undefined
COMMAND: POST /session/76d7290d120ab2421d75a09a4cbbcc0c/execute/async - {"script":"<script> [2676 bytes]","args":[]}
RESULT: {"script":"<script> [2676 bytes]","args":[]}
COMMAND: POST /session/76d7290d120ab2421d75a09a4cbbcc0c/execute/async - {"script":"<script> [2342 bytes]","args":[{"protocol":"http","hostname":"0.0.0.0","path":"/","capabilities":{"browserName":"chrome","goog:chromeOptions":{"binary":"C:\\Program Files\\Google\\Chrome\\Application\\chrome.exe","args":["--start-maximized"]}},"logLevel":"warn","connectionRetryTimeout":120000,"connectionRetryCount":3,"logLevels":{},"enableDirectConnect":true,"strictSSL":true,"_":"65 more keys: [\"cacheDir\",\"port\",\"requestedCapabilities\",\"automationProtocol\",\"baseUrl\",\"waitforInterval\",\"waitforTimeout\",\"onReload\",\"beforeCommand\",\"afterCommand\",\"rootDir\",\"specs\",\"suites\",\"exclude\",\"groupLogsByTestSpec\",\"excludeDriverLogs\",\"bail\",\"framework\",\"reporters\",\"services\",\"maxInstances\",\"maxInstancesPerCapability\",\"injectGlobals\",\"filesToWatch\",\"execArgv\",\"runnerEnv\",\"runner\",\"shard\",\"specFileRetries\",\"specFileRetriesDelay\",\"specFileRetriesDeferred\",\"reporterSyncInterval\",\"reporterSyncTimeout\",\"cucumberFeaturesWithLineNumbers\",\"autoCompileOpts\",\"mochaOpts\",\"jasmineOpts\",\"cucumberOpts\",\"onPrepare\",\"onWorkerStart\",\"onWorkerEnd\",\"before\",\"beforeSession\",\"beforeSuite\",\"beforeHook\",\"beforeTest\",\"afterTest\",\"afterHook\",\"afterSuite\",\"afterSession\",\"after\",\"onComplete\",\"beforeAssertion\",\"afterAssertion\",\"beforeFeature\",\"beforeScenario\",\"beforeStep\",\"afterStep\",\"afterScenario\",\"afterFeature\",\"_\",\"suite\",\"$0\",\"ignoredWorkerServices\",\"wdi5\"]"}]}
RESULT: {"script":"<script> [2342 bytes]","args":[{"protocol":"http","hostname":"0.0.0.0","path":"/","capabilities":{"browserName":"chrome","goog:chromeOptions":{"binary":"C:\\Program Files\\Google\\Chrome\\Application\\chrome.exe","args":["--start-maximized"]}},"logLevel":"warn","connectionRetryTimeout":120000,"connectionRetryCount":3,"logLevels":{},"enableDirectConnect":true,"strictSSL":true,"_":"65 more keys: [\"cacheDir\",\"port\",\"requestedCapabilities\",\"automationProtocol\",\"baseUrl\",\"waitforInterval\",\"waitforTimeout\",\"onReload\",\"beforeCommand\",\"afterCommand\",\"rootDir\",\"specs\",\"suites\",\"exclude\",\"groupLogsByTestSpec\",\"excludeDriverLogs\",\"bail\",\"framework\",\"reporters\",\"services\",\"maxInstances\",\"maxInstancesPerCapability\",\"injectGlobals\",\"filesToWatch\",\"execArgv\",\"runnerEnv\",\"runner\",\"shard\",\"specFileRetries\",\"specFileRetriesDelay\",\"specFileRetriesDeferred\",\"reporterSyncInterval\",\"reporterSyncTimeout\",\"cucumberFeaturesWithLineNumbers\",\"autoCompileOpts\",\"mochaOpts\",\"jasmineOpts\",\"cucumberOpts\",\"onPrepare\",\"onWorkerStart\",\"onWorkerEnd\",\"before\",\"beforeSession\",\"beforeSuite\",\"beforeHook\",\"beforeTest\",\"afterTest\",\"afterHook\",\"afterSuite\",\"afterSession\",\"after\",\"onComplete\",\"beforeAssertion\",\"afterAssertion\",\"beforeFeature\",\"beforeScenario\",\"beforeStep\",\"afterStep\",\"afterScenario\",\"afterFeature\",\"_\",\"suite\",\"$0\",\"ignoredWorkerServices\",\"wdi5\"]"}]}
COMMAND: POST /session/76d7290d120ab2421d75a09a4cbbcc0c/execute/async - {"script":"<script> [21126 bytes]","args":[35000]}
RESULT: {"script":"<script> [21126 bytes]","args":[35000]}
COMMAND: POST /session/76d7290d120ab2421d75a09a4cbbcc0c/element - {"using":"css selector","value":"#shell-header-logo"}
RESULT: {"using":"css selector","value":"#shell-header-logo"}
COMMAND: POST /session/76d7290d120ab2421d75a09a4cbbcc0c/element/f.593288CD5F674EF5C803DB8E0F1C2C84.d.AA66BFF19591E97989BF9D8EB61F0763.e.13373/click - {}
RESULT: {}
COMMAND: GET /session/76d7290d120ab2421d75a09a4cbbcc0c/screenshot - {}
RESULT: {}
COMMAND: POST /session/76d7290d120ab2421d75a09a4cbbcc0c/execute/async - {"script":"<script> [1562 bytes]","args":[{"selector":{"controlType":"sap.m.Text","viewName":"etm.portal.ui.managehandoverstile.view.Master","properties":{"text":"Manage Handovers"},"interaction":{"idSuffix":"inner"}},"wdio_ui5_key":"etmportal.ui.managehandoverstile.view.Mastersap.m.Text{\"text\":\"Manage Handovers\"}"}]}
RESULT: {"script":"<script> [1562 bytes]","args":[{"selector":{"controlType":"sap.m.Text","viewName":"etm.portal.ui.managehandoverstile.view.Master","properties":{"text":"Manage Handovers"},"interaction":{"idSuffix":"inner"}},"wdio_ui5_key":"etmportal.ui.managehandoverstile.view.Mastersap.m.Text{\"text\":\"Manage Handovers\"}"}]}
RESULT: undefined
COMMAND: POST /session/76d7290d120ab2421d75a09a4cbbcc0c/element - {"using":"xpath","value":"//*[@id=\"__tile132-title\"]"}
RESULT: {"using":"xpath","value":"//*[@id=\"__tile132-title\"]"}
COMMAND: POST /session/76d7290d120ab2421d75a09a4cbbcc0c/element/f.593288CD5F674EF5C803DB8E0F1C2C84.d.AA66BFF19591E97989BF9D8EB61F0763.e.13567/click - {}
RESULT: {}
COMMAND: GET /session/76d7290d120ab2421d75a09a4cbbcc0c/screenshot - {}
RESULT: {}
COMMAND: POST /session/76d7290d120ab2421d75a09a4cbbcc0c/element - {"using":"xpath","value":"//button[@data-kt=\"masterHOAddButton\"]"}
RESULT: {"using":"xpath","value":"//button[@data-kt=\"masterHOAddButton\"]"}
COMMAND: POST /session/76d7290d120ab2421d75a09a4cbbcc0c/element - {"using":"xpath","value":"//button[@data-kt=\"masterHOAddButton\"]"}
RESULT: {"using":"xpath","value":"//button[@data-kt=\"masterHOAddButton\"]"}
COMMAND: POST /session/76d7290d120ab2421d75a09a4cbbcc0c/element - {"using":"xpath","value":"//button[@data-kt=\"masterHOAddButton\"]"}
RESULT: {"using":"xpath","value":"//button[@data-kt=\"masterHOAddButton\"]"}
COMMAND: POST /session/76d7290d120ab2421d75a09a4cbbcc0c/execute/sync - {"script":"<script> [8489 bytes]","args":[{"element-6066-11e4-a52e-4f735466cecf":"f.593288CD5F674EF5C803DB8E0F1C2C84.d.AA66BFF19591E97989BF9D8EB61F0763.e.13598","ELEMENT":"f.593288CD5F674EF5C803DB8E0F1C2C84.d.AA66BFF19591E97989BF9D8EB61F0763.e.13598"}]}
RESULT: {"script":"<script> [8489 bytes]","args":[{"element-6066-11e4-a52e-4f735466cecf":"f.593288CD5F674EF5C803DB8E0F1C2C84.d.AA66BFF19591E97989BF9D8EB61F0763.e.13598","ELEMENT":"f.593288CD5F674EF5C803DB8E0F1C2C84.d.AA66BFF19591E97989BF9D8EB61F0763.e.13598"}]}
COMMAND: POST /session/76d7290d120ab2421d75a09a4cbbcc0c/element/f.593288CD5F674EF5C803DB8E0F1C2C84.d.AA66BFF19591E97989BF9D8EB61F0763.e.13598/click - {}
COMMAND: GET /session/76d7290d120ab2421d75a09a4cbbcc0c/screenshot - {}
RESULT: {}
COMMAND: GET /session/76d7290d120ab2421d75a09a4cbbcc0c/screenshot - {}
COMMAND: POST /session/76d7290d120ab2421d75a09a4cbbcc0c/element - {"using":"xpath","value":"//span[contains(@id ,\"AddNewHO--typeSelect-arrow\")]"}
RESULT: {}
RESULT: {}
RESULT: {"using":"xpath","value":"//span[contains(@id ,\"AddNewHO--typeSelect-arrow\")]"}
COMMAND: POST /session/76d7290d120ab2421d75a09a4cbbcc0c/element/f.593288CD5F674EF5C803DB8E0F1C2C84.d.AA66BFF19591E97989BF9D8EB61F0763.e.13835/click - {}
RESULT: {}
COMMAND: GET /session/76d7290d120ab2421d75a09a4cbbcc0c/screenshot - {}
RESULT: {}
COMMAND: POST /session/76d7290d120ab2421d75a09a4cbbcc0c/element - {"using":"xpath","value":"(//li[contains(text(), \"stock increase yard\")])[1]"}
RESULT: {"using":"xpath","value":"(//li[contains(text(), \"stock increase yard\")])[1]"}
COMMAND: POST /session/76d7290d120ab2421d75a09a4cbbcc0c/element/f.593288CD5F674EF5C803DB8E0F1C2C84.d.AA66BFF19591E97989BF9D8EB61F0763.e.13838/click - {}
RESULT: {}
COMMAND: GET /session/76d7290d120ab2421d75a09a4cbbcc0c/screenshot - {}
RESULT: {}
COMMAND: POST /session/76d7290d120ab2421d75a09a4cbbcc0c/execute/async - {"script":"<script> [1562 bytes]","args":[{"selector":{"id":"application-managehandovers-display-component---AddNewHO--dueDate","interaction":{"idSuffix":"inner"}},"wdio_ui5_key":"applicationmanagehandovers-display-component---AddNewHO--dueDate"}]}
RESULT: {"script":"<script> [1562 bytes]","args":[{"selector":{"id":"application-managehandovers-display-component---AddNewHO--dueDate","interaction":{"idSuffix":"inner"}},"wdio_ui5_key":"applicationmanagehandovers-display-component---AddNewHO--dueDate"}]}
RESULT: undefined
COMMAND: POST /session/76d7290d120ab2421d75a09a4cbbcc0c/execute/async - {"script":"<script> [6424 bytes]","args":[{"element-6066-11e4-a52e-4f735466cecf":"f.593288CD5F674EF5C803DB8E0F1C2C84.d.AA66BFF19591E97989BF9D8EB61F0763.e.13839"},"setValue",["05/08/2025"]]}
RESULT: {"script":"<script> [6424 bytes]","args":[{"element-6066-11e4-a52e-4f735466cecf":"f.593288CD5F674EF5C803DB8E0F1C2C84.d.AA66BFF19591E97989BF9D8EB61F0763.e.13839"},"setValue",["05/08/2025"]]}
COMMAND: POST /session/76d7290d120ab2421d75a09a4cbbcc0c/element - {"using":"xpath","value":"//input[@id=\"generalSectionFrg--receiveYard-inner\"]"}
RESULT: {"using":"xpath","value":"//input[@id=\"generalSectionFrg--receiveYard-inner\"]"}
COMMAND: POST /session/76d7290d120ab2421d75a09a4cbbcc0c/element/f.593288CD5F674EF5C803DB8E0F1C2C84.d.AA66BFF19591E97989BF9D8EB61F0763.e.13845/clear - {}
RESULT: {}
COMMAND: POST /session/76d7290d120ab2421d75a09a4cbbcc0c/element/f.593288CD5F674EF5C803DB8E0F1C2C84.d.AA66BFF19591E97989BF9D8EB61F0763.e.13845/value - {"text":"WebdriverYard55stu"}
COMMAND: GET /session/76d7290d120ab2421d75a09a4cbbcc0c/screenshot - {}
RESULT: {"text":"WebdriverYard55stu"}
COMMAND: GET /session/76d7290d120ab2421d75a09a4cbbcc0c/screenshot - {}
RESULT: {}
RESULT: {}
COMMAND: POST /session/76d7290d120ab2421d75a09a4cbbcc0c/execute/async - {"script":"<script> [1562 bytes]","args":[{"selector":{"id":"application-managehandovers-display-component---AddNewHO--ObjectPageLayout-anchBar-application-managehandovers-display-component---AddNewHO--section4-anchor","interaction":{"idSuffix":"BDI-content"}},"wdio_ui5_key":"applicationmanagehandovers-display-component---AddNewHO--ObjectPageLayout-anchBar-application-managehandovers-display-component---AddNewHO--section4-anchor"}]}
RESULT: {"script":"<script> [1562 bytes]","args":[{"selector":{"id":"application-managehandovers-display-component---AddNewHO--ObjectPageLayout-anchBar-application-managehandovers-display-component---AddNewHO--section4-anchor","interaction":{"idSuffix":"BDI-content"}},"wdio_ui5_key":"applicationmanagehandovers-display-component---AddNewHO--ObjectPageLayout-anchBar-application-managehandovers-display-component---AddNewHO--section4-anchor"}]}
RESULT: undefined
COMMAND: POST /session/76d7290d120ab2421d75a09a4cbbcc0c/element - {"using":"xpath","value":"//*[@id=\"application-managehandovers-display-component---AddNewHO--ObjectPageLayout-anchBar-application-managehandovers-display-component---AddNewHO--section4-anchor\"]"}
RESULT: {"using":"xpath","value":"//*[@id=\"application-managehandovers-display-component---AddNewHO--ObjectPageLayout-anchBar-application-managehandovers-display-component---AddNewHO--section4-anchor\"]"}
COMMAND: POST /session/76d7290d120ab2421d75a09a4cbbcc0c/element/f.593288CD5F674EF5C803DB8E0F1C2C84.d.AA66BFF19591E97989BF9D8EB61F0763.e.13864/click - {}
RESULT: {}
COMMAND: GET /session/76d7290d120ab2421d75a09a4cbbcc0c/screenshot - {}
RESULT: {}
COMMAND: POST /session/76d7290d120ab2421d75a09a4cbbcc0c/element - {"using":"xpath","value":"//button[@aria-label=\"Add\"]"}
RESULT: {"using":"xpath","value":"//button[@aria-label=\"Add\"]"}
COMMAND: POST /session/76d7290d120ab2421d75a09a4cbbcc0c/element/f.593288CD5F674EF5C803DB8E0F1C2C84.d.AA66BFF19591E97989BF9D8EB61F0763.e.13868/click - {}
RESULT: {}
COMMAND: GET /session/76d7290d120ab2421d75a09a4cbbcc0c/screenshot - {}
RESULT: {}
COMMAND: POST /session/76d7290d120ab2421d75a09a4cbbcc0c/execute/async - {"script":"<script> [1562 bytes]","args":[{"selector":{"id":"application-managehandovers-display-component---AddNewHO--smartFilterBar-btnBasicSearch","searchOpenDialogs":true,"interaction":{"idSuffix":"I"}},"wdio_ui5_key":"applicationmanagehandovers-display-component---AddNewHO--smartFilterBar-btnBasicSearch"}]}
RESULT: {"script":"<script> [1562 bytes]","args":[{"selector":{"id":"application-managehandovers-display-component---AddNewHO--smartFilterBar-btnBasicSearch","searchOpenDialogs":true,"interaction":{"idSuffix":"I"}},"wdio_ui5_key":"applicationmanagehandovers-display-component---AddNewHO--smartFilterBar-btnBasicSearch"}]}
RESULT: undefined
COMMAND: POST /session/76d7290d120ab2421d75a09a4cbbcc0c/execute/async - {"script":"<script> [776 bytes]","args":[{"enterText":"WebdriverRUR2Cy10r9","selector":{"id":"application-managehandovers-display-component---AddNewHO--smartFilterBar-btnBasicSearch","searchOpenDialogs":true,"interaction":{"idSuffix":"I"}},"clearTextFirst":true,"interactionType":"ENTER_TEXT"}]}
RESULT: {"script":"<script> [776 bytes]","args":[{"enterText":"WebdriverRUR2Cy10r9","selector":{"id":"application-managehandovers-display-component---AddNewHO--smartFilterBar-btnBasicSearch","searchOpenDialogs":true,"interaction":{"idSuffix":"I"}},"clearTextFirst":true,"interactionType":"ENTER_TEXT"}]}
COMMAND: POST /session/76d7290d120ab2421d75a09a4cbbcc0c/actions - {"actions":[{"id":"action71","type":"key","parameters":{},"actions":[{"type":"keyDown","value":"î€‡"},{"type":"pause","duration":10},{"type":"keyUp","value":"î€‡"}]}]}
RESULT: {"actions":[{"id":"action71","type":"key","parameters":{},"actions":[{"type":"keyDown","value":"î€‡"},{"type":"pause","duration":10},{"type":"keyUp","value":"î€‡"}]}]}
COMMAND: POST /session/76d7290d120ab2421d75a09a4cbbcc0c/execute/async - {"script":"<script> [1562 bytes]","args":[{"selector":{"id":"application-managehandovers-display-component---AddNewHO--popup-sa","searchOpenDialogs":true,"interaction":{"idSuffix":"CbBg"}},"wdio_ui5_key":"applicationmanagehandovers-display-component---AddNewHO--popup-sa"}]}
COMMAND: GET /session/76d7290d120ab2421d75a09a4cbbcc0c/screenshot - {}
RESULT: {"script":"<script> [1562 bytes]","args":[{"selector":{"id":"application-managehandovers-display-component---AddNewHO--popup-sa","searchOpenDialogs":true,"interaction":{"idSuffix":"CbBg"}},"wdio_ui5_key":"applicationmanagehandovers-display-component---AddNewHO--popup-sa"}]}
RESULT: undefined
COMMAND: POST /session/76d7290d120ab2421d75a09a4cbbcc0c/element - {"using":"xpath","value":"//*[@id=\"application-managehandovers-display-component---AddNewHO--popup-sa\"]"}
RESULT: {}
RESULT: {"using":"xpath","value":"//*[@id=\"application-managehandovers-display-component---AddNewHO--popup-sa\"]"}
COMMAND: POST /session/76d7290d120ab2421d75a09a4cbbcc0c/element/f.593288CD5F674EF5C803DB8E0F1C2C84.d.AA66BFF19591E97989BF9D8EB61F0763.e.14023/click - {}
RESULT: {}
COMMAND: GET /session/76d7290d120ab2421d75a09a4cbbcc0c/screenshot - {}
RESULT: {}
COMMAND: POST /session/76d7290d120ab2421d75a09a4cbbcc0c/element - {"using":"xpath","value":"//bdi[contains(text(), \"Select\")]"}
RESULT: {"using":"xpath","value":"//bdi[contains(text(), \"Select\")]"}
COMMAND: POST /session/76d7290d120ab2421d75a09a4cbbcc0c/element/f.593288CD5F674EF5C803DB8E0F1C2C84.d.AA66BFF19591E97989BF9D8EB61F0763.e.14024/click - {}
RESULT: {}
COMMAND: GET /session/76d7290d120ab2421d75a09a4cbbcc0c/screenshot - {}
RESULT: {}
COMMAND: POST /session/76d7290d120ab2421d75a09a4cbbcc0c/execute/async - {"script":"<script> [1562 bytes]","args":[{"selector":{"controlType":"sap.m.Input","viewName":"etm.portal.ui.managehandovers.view.AddNewHO","viewId":"application-managehandovers-display-component---AddNewHO","bindingPath":{"path":"/items/0","propertyPath":"TYPE","modelName":"hoItemsModel"},"interaction":{"idSuffix":"inner"}},"wdio_ui5_key":"etmportal.ui.managehandovers.view.AddNewHOsap.m.Input{\"path\":\"/items/0\",\"propertyPath\":\"TYPE\",\"modelName\":\"hoItemsModel\"}"}]}
RESULT: {"script":"<script> [1562 bytes]","args":[{"selector":{"controlType":"sap.m.Input","viewName":"etm.portal.ui.managehandovers.view.AddNewHO","viewId":"application-managehandovers-display-component---AddNewHO","bindingPath":{"path":"/items/0","propertyPath":"TYPE","modelName":"hoItemsModel"},"interaction":{"idSuffix":"inner"}},"wdio_ui5_key":"etmportal.ui.managehandovers.view.AddNewHOsap.m.Input{\"path\":\"/items/0\",\"propertyPath\":\"TYPE\",\"modelName\":\"hoItemsModel\"}"}]}
RESULT: undefined
COMMAND: POST /session/76d7290d120ab2421d75a09a4cbbcc0c/execute/async - {"script":"<script> [776 bytes]","args":[{"enterText":"100","selector":{"controlType":"sap.m.Input","viewName":"etm.portal.ui.managehandovers.view.AddNewHO","viewId":"application-managehandovers-display-component---AddNewHO","bindingPath":{"path":"/items/0","propertyPath":"TYPE","modelName":"hoItemsModel"},"interaction":{"idSuffix":"inner"}},"clearTextFirst":true,"interactionType":"ENTER_TEXT"}]}
RESULT: {"script":"<script> [776 bytes]","args":[{"enterText":"100","selector":{"controlType":"sap.m.Input","viewName":"etm.portal.ui.managehandovers.view.AddNewHO","viewId":"application-managehandovers-display-component---AddNewHO","bindingPath":{"path":"/items/0","propertyPath":"TYPE","modelName":"hoItemsModel"},"interaction":{"idSuffix":"inner"}},"clearTextFirst":true,"interactionType":"ENTER_TEXT"}]}
COMMAND: POST /session/76d7290d120ab2421d75a09a4cbbcc0c/element - {"using":"xpath","value":"//button[@data-kt=\"AddNewHOSaveButton\"]"}
RESULT: {"using":"xpath","value":"//button[@data-kt=\"AddNewHOSaveButton\"]"}
COMMAND: POST /session/76d7290d120ab2421d75a09a4cbbcc0c/element/f.593288CD5F674EF5C803DB8E0F1C2C84.d.AA66BFF19591E97989BF9D8EB61F0763.e.14029/click - {}
RESULT: {}
COMMAND: GET /session/76d7290d120ab2421d75a09a4cbbcc0c/screenshot - {}
RESULT: {}
COMMAND: POST /session/76d7290d120ab2421d75a09a4cbbcc0c/execute/async - {"script":"<script> [1562 bytes]","args":[{"selector":{"id":"receiptDatePicker","viewName":"etm.portal.ui.managehandovers.view.DetailExecuteHO","interaction":{"idSuffix":"inner"}},"wdio_ui5_key":"receiptDatePickeretmportal.ui.managehandovers.view.DetailExecuteHO"}]}
RESULT: {"script":"<script> [1562 bytes]","args":[{"selector":{"id":"receiptDatePicker","viewName":"etm.portal.ui.managehandovers.view.DetailExecuteHO","interaction":{"idSuffix":"inner"}},"wdio_ui5_key":"receiptDatePickeretmportal.ui.managehandovers.view.DetailExecuteHO"}]}
RESULT: undefined
COMMAND: POST /session/76d7290d120ab2421d75a09a4cbbcc0c/execute/async - {"script":"<script> [6424 bytes]","args":[{"element-6066-11e4-a52e-4f735466cecf":"f.593288CD5F674EF5C803DB8E0F1C2C84.d.AA66BFF19591E97989BF9D8EB61F0763.e.14058"},"setValue",["05/08/2025"]]}
RESULT: {"script":"<script> [6424 bytes]","args":[{"element-6066-11e4-a52e-4f735466cecf":"f.593288CD5F674EF5C803DB8E0F1C2C84.d.AA66BFF19591E97989BF9D8EB61F0763.e.14058"},"setValue",["05/08/2025"]]}
COMMAND: POST /session/76d7290d120ab2421d75a09a4cbbcc0c/element - {"using":"xpath","value":"//button[@data-kt=\"PickingTableConfirmAllButton\"]"}
RESULT: {"using":"xpath","value":"//button[@data-kt=\"PickingTableConfirmAllButton\"]"}
COMMAND: POST /session/76d7290d120ab2421d75a09a4cbbcc0c/element/f.593288CD5F674EF5C803DB8E0F1C2C84.d.AA66BFF19591E97989BF9D8EB61F0763.e.14073/click - {}
RESULT: {}
COMMAND: GET /session/76d7290d120ab2421d75a09a4cbbcc0c/screenshot - {}
RESULT: {}
COMMAND: POST /session/76d7290d120ab2421d75a09a4cbbcc0c/element - {"using":"xpath","value":"//bdi[contains(text(), \"OK\")]"}
RESULT: {"using":"xpath","value":"//bdi[contains(text(), \"OK\")]"}
COMMAND: POST /session/76d7290d120ab2421d75a09a4cbbcc0c/element/f.593288CD5F674EF5C803DB8E0F1C2C84.d.AA66BFF19591E97989BF9D8EB61F0763.e.14076/click - {}
RESULT: {}
COMMAND: GET /session/76d7290d120ab2421d75a09a4cbbcc0c/screenshot - {}
RESULT: {}
COMMAND: POST /session/76d7290d120ab2421d75a09a4cbbcc0c/element - {"using":"xpath","value":"(//bdi[contains(text(), \"Receive\")])[2]"}
RESULT: {"using":"xpath","value":"(//bdi[contains(text(), \"Receive\")])[2]"}
COMMAND: POST /session/76d7290d120ab2421d75a09a4cbbcc0c/element/f.593288CD5F674EF5C803DB8E0F1C2C84.d.AA66BFF19591E97989BF9D8EB61F0763.e.14077/click - {}
RESULT: {}
COMMAND: GET /session/76d7290d120ab2421d75a09a4cbbcc0c/screenshot - {}
RESULT: {}
COMMAND: POST /session/76d7290d120ab2421d75a09a4cbbcc0c/element - {"using":"css selector","value":"#shell-header-logo"}
RESULT: {"using":"css selector","value":"#shell-header-logo"}
COMMAND: POST /session/76d7290d120ab2421d75a09a4cbbcc0c/element/f.593288CD5F674EF5C803DB8E0F1C2C84.d.AA66BFF19591E97989BF9D8EB61F0763.e.13570/click - {}
RESULT: {}
]]></system-out>
    </testcase>
    <testcase classname="chrome.136_0_7103_49.windows.E2E_-_Logistical_and_commercial_statuses" name="Should add a pricing rule and a condition to the RU" time="102.24">
      <system-out><![CDATA[
COMMAND: POST /session/76d7290d120ab2421d75a09a4cbbcc0c/execute/async - {"script":"<script> [1562 bytes]","args":[{"selector":{"controlType":"sap.m.GenericTile","properties":{"header":"Manage Pricing Rules"}},"wdio_ui5_key":"sapm.GenericTile{\"header\":\"Manage Pricing Rules\"}"}]}
COMMAND: GET /session/76d7290d120ab2421d75a09a4cbbcc0c/screenshot - {}
RESULT: {"script":"<script> [1562 bytes]","args":[{"selector":{"controlType":"sap.m.GenericTile","properties":{"header":"Manage Pricing Rules"}},"wdio_ui5_key":"sapm.GenericTile{\"header\":\"Manage Pricing Rules\"}"}]}
RESULT: undefined
COMMAND: POST /session/76d7290d120ab2421d75a09a4cbbcc0c/element - {"using":"xpath","value":"//*[@id=\"__tile55\"]"}
RESULT: {}
RESULT: {"using":"xpath","value":"//*[@id=\"__tile55\"]"}
COMMAND: POST /session/76d7290d120ab2421d75a09a4cbbcc0c/element/f.593288CD5F674EF5C803DB8E0F1C2C84.d.AA66BFF19591E97989BF9D8EB61F0763.e.14224/click - {}
RESULT: {}
COMMAND: GET /session/76d7290d120ab2421d75a09a4cbbcc0c/screenshot - {}
RESULT: {}
COMMAND: POST /session/76d7290d120ab2421d75a09a4cbbcc0c/execute/async - {"script":"<script> [1562 bytes]","args":[{"selector":{"controlType":"sap.ui.core.Icon","viewName":"etm.portal.ui.managepricingrules.view.MasterHeader","viewId":"application-managepricingrules-display-component---priceInfoHeader","properties":{"src":{"regex":{"source":"activity\\-items"}}}},"wdio_ui5_key":"etmportal.ui.managepricingrules.view.MasterHeadersap.ui.core.Icon{\"src\":{\"regex\":{\"source\":\"activity\\\\-items\"}}}"}]}
RESULT: {"script":"<script> [1562 bytes]","args":[{"selector":{"controlType":"sap.ui.core.Icon","viewName":"etm.portal.ui.managepricingrules.view.MasterHeader","viewId":"application-managepricingrules-display-component---priceInfoHeader","properties":{"src":{"regex":{"source":"activity\\-items"}}}},"wdio_ui5_key":"etmportal.ui.managepricingrules.view.MasterHeadersap.ui.core.Icon{\"src\":{\"regex\":{\"source\":\"activity\\\\-items\"}}}"}]}
RESULT: undefined
COMMAND: POST /session/76d7290d120ab2421d75a09a4cbbcc0c/element - {"using":"xpath","value":"//*[@id=\"__filter22-icon\"]"}
RESULT: {"using":"xpath","value":"//*[@id=\"__filter22-icon\"]"}
COMMAND: POST /session/76d7290d120ab2421d75a09a4cbbcc0c/element/f.593288CD5F674EF5C803DB8E0F1C2C84.d.AA66BFF19591E97989BF9D8EB61F0763.e.14273/click - {}
RESULT: {}
COMMAND: GET /session/76d7290d120ab2421d75a09a4cbbcc0c/screenshot - {}
RESULT: {}
COMMAND: POST /session/76d7290d120ab2421d75a09a4cbbcc0c/execute/async - {"script":"<script> [1562 bytes]","args":[{"selector":{"controlType":"sap.ui.core.Icon","viewName":"etm.portal.ui.managepricingrules.view.MasterItem","viewId":"application-managepricingrules-display-component---priceInfoItem","properties":{"src":{"regex":{"source":"add"}}}},"wdio_ui5_key":"etmportal.ui.managepricingrules.view.MasterItemsap.ui.core.Icon{\"src\":{\"regex\":{\"source\":\"add\"}}}"}]}
RESULT: {"script":"<script> [1562 bytes]","args":[{"selector":{"controlType":"sap.ui.core.Icon","viewName":"etm.portal.ui.managepricingrules.view.MasterItem","viewId":"application-managepricingrules-display-component---priceInfoItem","properties":{"src":{"regex":{"source":"add"}}}},"wdio_ui5_key":"etmportal.ui.managepricingrules.view.MasterItemsap.ui.core.Icon{\"src\":{\"regex\":{\"source\":\"add\"}}}"}]}
RESULT: undefined
COMMAND: POST /session/76d7290d120ab2421d75a09a4cbbcc0c/element - {"using":"xpath","value":"//*[@id=\"__button76-img\"]"}
RESULT: {"using":"xpath","value":"//*[@id=\"__button76-img\"]"}
COMMAND: POST /session/76d7290d120ab2421d75a09a4cbbcc0c/element/f.593288CD5F674EF5C803DB8E0F1C2C84.d.AA66BFF19591E97989BF9D8EB61F0763.e.14320/click - {}
RESULT: {}
COMMAND: GET /session/76d7290d120ab2421d75a09a4cbbcc0c/screenshot - {}
RESULT: {}
COMMAND: POST /session/76d7290d120ab2421d75a09a4cbbcc0c/element - {"using":"xpath","value":"//input[@id=\"application-managepricingrules-display-component---newInfoPriceItem--condRU-inner\"]"}
RESULT: {"using":"xpath","value":"//input[@id=\"application-managepricingrules-display-component---newInfoPriceItem--condRU-inner\"]"}
COMMAND: POST /session/76d7290d120ab2421d75a09a4cbbcc0c/element/f.593288CD5F674EF5C803DB8E0F1C2C84.d.AA66BFF19591E97989BF9D8EB61F0763.e.14532/clear - {}
RESULT: {}
COMMAND: POST /session/76d7290d120ab2421d75a09a4cbbcc0c/element/f.593288CD5F674EF5C803DB8E0F1C2C84.d.AA66BFF19591E97989BF9D8EB61F0763.e.14532/value - {"text":"WebdriverRUR2Cy10r9"}
COMMAND: GET /session/76d7290d120ab2421d75a09a4cbbcc0c/screenshot - {}
RESULT: {"text":"WebdriverRUR2Cy10r9"}
COMMAND: POST /session/76d7290d120ab2421d75a09a4cbbcc0c/execute/async - {"script":"<script> [1562 bytes]","args":[{"selector":{"id":"application-managepricingrules-display-component---newInfoPriceItem--condValidTo","interaction":{"idSuffix":"inner"}},"wdio_ui5_key":"applicationmanagepricingrules-display-component---newInfoPriceItem--condValidTo"}]}
COMMAND: GET /session/76d7290d120ab2421d75a09a4cbbcc0c/screenshot - {}
RESULT: {}
RESULT: {"script":"<script> [1562 bytes]","args":[{"selector":{"id":"application-managepricingrules-display-component---newInfoPriceItem--condValidTo","interaction":{"idSuffix":"inner"}},"wdio_ui5_key":"applicationmanagepricingrules-display-component---newInfoPriceItem--condValidTo"}]}
RESULT: undefined
COMMAND: POST /session/76d7290d120ab2421d75a09a4cbbcc0c/execute/async - {"script":"<script> [776 bytes]","args":[{"enterText":"5/18/33","selector":{"id":"application-managepricingrules-display-component---newInfoPriceItem--condValidTo","interaction":{"idSuffix":"inner"}},"clearTextFirst":true,"interactionType":"ENTER_TEXT"}]}
RESULT: {}
RESULT: {"script":"<script> [776 bytes]","args":[{"enterText":"5/18/33","selector":{"id":"application-managepricingrules-display-component---newInfoPriceItem--condValidTo","interaction":{"idSuffix":"inner"}},"clearTextFirst":true,"interactionType":"ENTER_TEXT"}]}
COMMAND: POST /session/76d7290d120ab2421d75a09a4cbbcc0c/execute/async - {"script":"<script> [1562 bytes]","args":[{"selector":{"id":"application-managepricingrules-display-component---newInfoPriceItem--billType-arrow"},"wdio_ui5_key":"applicationmanagepricingrules-display-component---newInfoPriceItem--billType-arrow"}]}
RESULT: {"script":"<script> [1562 bytes]","args":[{"selector":{"id":"application-managepricingrules-display-component---newInfoPriceItem--billType-arrow"},"wdio_ui5_key":"applicationmanagepricingrules-display-component---newInfoPriceItem--billType-arrow"}]}
RESULT: undefined
COMMAND: POST /session/76d7290d120ab2421d75a09a4cbbcc0c/element - {"using":"xpath","value":"//*[@id=\"application-managepricingrules-display-component---newInfoPriceItem--billType-arrow\"]"}
RESULT: {"using":"xpath","value":"//*[@id=\"application-managepricingrules-display-component---newInfoPriceItem--billType-arrow\"]"}
COMMAND: POST /session/76d7290d120ab2421d75a09a4cbbcc0c/element/f.593288CD5F674EF5C803DB8E0F1C2C84.d.AA66BFF19591E97989BF9D8EB61F0763.e.14620/click - {}
RESULT: {}
COMMAND: POST /session/76d7290d120ab2421d75a09a4cbbcc0c/element - {"using":"xpath","value":"//span[contains(text(), \"TB - Time based\")]"}
COMMAND: GET /session/76d7290d120ab2421d75a09a4cbbcc0c/screenshot - {}
RESULT: {"using":"xpath","value":"//span[contains(text(), \"TB - Time based\")]"}
COMMAND: POST /session/76d7290d120ab2421d75a09a4cbbcc0c/element/f.593288CD5F674EF5C803DB8E0F1C2C84.d.AA66BFF19591E97989BF9D8EB61F0763.e.14669/click - {}
RESULT: {}
RESULT: {}
COMMAND: POST /session/76d7290d120ab2421d75a09a4cbbcc0c/execute/async - {"script":"<script> [1562 bytes]","args":[{"selector":{"id":"application-managepricingrules-display-component---newInfoPriceItem--priceProc-arrow"},"wdio_ui5_key":"applicationmanagepricingrules-display-component---newInfoPriceItem--priceProc-arrow"}]}
COMMAND: GET /session/76d7290d120ab2421d75a09a4cbbcc0c/screenshot - {}
RESULT: {"script":"<script> [1562 bytes]","args":[{"selector":{"id":"application-managepricingrules-display-component---newInfoPriceItem--priceProc-arrow"},"wdio_ui5_key":"applicationmanagepricingrules-display-component---newInfoPriceItem--priceProc-arrow"}]}
RESULT: undefined
COMMAND: POST /session/76d7290d120ab2421d75a09a4cbbcc0c/element - {"using":"xpath","value":"//*[@id=\"application-managepricingrules-display-component---newInfoPriceItem--priceProc-arrow\"]"}
RESULT: {}
RESULT: {"using":"xpath","value":"//*[@id=\"application-managepricingrules-display-component---newInfoPriceItem--priceProc-arrow\"]"}
COMMAND: POST /session/76d7290d120ab2421d75a09a4cbbcc0c/element/f.593288CD5F674EF5C803DB8E0F1C2C84.d.AA66BFF19591E97989BF9D8EB61F0763.e.14627/click - {}
RESULT: {}
COMMAND: POST /session/76d7290d120ab2421d75a09a4cbbcc0c/element - {"using":"xpath","value":"//span[contains(text(), \"TBS - Time based standard\")]"}
COMMAND: GET /session/76d7290d120ab2421d75a09a4cbbcc0c/screenshot - {}
RESULT: {"using":"xpath","value":"//span[contains(text(), \"TBS - Time based standard\")]"}
COMMAND: POST /session/76d7290d120ab2421d75a09a4cbbcc0c/element/f.593288CD5F674EF5C803DB8E0F1C2C84.d.AA66BFF19591E97989BF9D8EB61F0763.e.14670/click - {}
RESULT: {}
RESULT: {}
COMMAND: POST /session/76d7290d120ab2421d75a09a4cbbcc0c/execute/async - {"script":"<script> [1562 bytes]","args":[{"selector":{"id":"application-managepricingrules-display-component---newInfoPriceItem--calcBase-arrow"},"wdio_ui5_key":"applicationmanagepricingrules-display-component---newInfoPriceItem--calcBase-arrow"}]}
COMMAND: GET /session/76d7290d120ab2421d75a09a4cbbcc0c/screenshot - {}
RESULT: {"script":"<script> [1562 bytes]","args":[{"selector":{"id":"application-managepricingrules-display-component---newInfoPriceItem--calcBase-arrow"},"wdio_ui5_key":"applicationmanagepricingrules-display-component---newInfoPriceItem--calcBase-arrow"}]}
RESULT: undefined
COMMAND: POST /session/76d7290d120ab2421d75a09a4cbbcc0c/element - {"using":"xpath","value":"//*[@id=\"application-managepricingrules-display-component---newInfoPriceItem--calcBase-arrow\"]"}
RESULT: {}
RESULT: {"using":"xpath","value":"//*[@id=\"application-managepricingrules-display-component---newInfoPriceItem--calcBase-arrow\"]"}
COMMAND: POST /session/76d7290d120ab2421d75a09a4cbbcc0c/element/f.593288CD5F674EF5C803DB8E0F1C2C84.d.AA66BFF19591E97989BF9D8EB61F0763.e.14634/click - {}
RESULT: {}
COMMAND: GET /session/76d7290d120ab2421d75a09a4cbbcc0c/screenshot - {}
RESULT: {}
COMMAND: POST /session/76d7290d120ab2421d75a09a4cbbcc0c/element - {"using":"xpath","value":"//span[contains(text(), \"0006 - TB(calendar days)\")]"}
RESULT: {"using":"xpath","value":"//span[contains(text(), \"0006 - TB(calendar days)\")]"}
COMMAND: POST /session/76d7290d120ab2421d75a09a4cbbcc0c/element/f.593288CD5F674EF5C803DB8E0F1C2C84.d.AA66BFF19591E97989BF9D8EB61F0763.e.14671/click - {}
RESULT: {}
COMMAND: POST /session/76d7290d120ab2421d75a09a4cbbcc0c/execute/async - {"script":"<script> [1562 bytes]","args":[{"selector":{"id":"application-managepricingrules-display-component---newInfoPriceItem--daysMonth","interaction":{"idSuffix":"inner"}},"wdio_ui5_key":"applicationmanagepricingrules-display-component---newInfoPriceItem--daysMonth"}]}
COMMAND: GET /session/76d7290d120ab2421d75a09a4cbbcc0c/screenshot - {}
RESULT: {"script":"<script> [1562 bytes]","args":[{"selector":{"id":"application-managepricingrules-display-component---newInfoPriceItem--daysMonth","interaction":{"idSuffix":"inner"}},"wdio_ui5_key":"applicationmanagepricingrules-display-component---newInfoPriceItem--daysMonth"}]}
RESULT: undefined
COMMAND: POST /session/76d7290d120ab2421d75a09a4cbbcc0c/execute/async - {"script":"<script> [776 bytes]","args":[{"enterText":"30","selector":{"id":"application-managepricingrules-display-component---newInfoPriceItem--daysMonth","interaction":{"idSuffix":"inner"}},"clearTextFirst":true,"interactionType":"ENTER_TEXT"}]}
RESULT: {}
RESULT: {"script":"<script> [776 bytes]","args":[{"enterText":"30","selector":{"id":"application-managepricingrules-display-component---newInfoPriceItem--daysMonth","interaction":{"idSuffix":"inner"}},"clearTextFirst":true,"interactionType":"ENTER_TEXT"}]}
COMMAND: POST /session/76d7290d120ab2421d75a09a4cbbcc0c/element - {"using":"xpath","value":"//button[@data-kt=\"saveNewRuleButton\"]"}
RESULT: {"using":"xpath","value":"//button[@data-kt=\"saveNewRuleButton\"]"}
COMMAND: POST /session/76d7290d120ab2421d75a09a4cbbcc0c/element/f.593288CD5F674EF5C803DB8E0F1C2C84.d.AA66BFF19591E97989BF9D8EB61F0763.e.14655/click - {}
RESULT: {}
COMMAND: GET /session/76d7290d120ab2421d75a09a4cbbcc0c/screenshot - {}
RESULT: {}
COMMAND: POST /session/76d7290d120ab2421d75a09a4cbbcc0c/element - {"using":"css selector","value":"#shell-header-logo"}
RESULT: {"using":"css selector","value":"#shell-header-logo"}
COMMAND: POST /session/76d7290d120ab2421d75a09a4cbbcc0c/element/f.593288CD5F674EF5C803DB8E0F1C2C84.d.AA66BFF19591E97989BF9D8EB61F0763.e.14227/click - {}
RESULT: {}
COMMAND: GET /session/76d7290d120ab2421d75a09a4cbbcc0c/screenshot - {}
RESULT: {}
COMMAND: POST /session/76d7290d120ab2421d75a09a4cbbcc0c/execute/async - {"script":"<script> [1562 bytes]","args":[{"selector":{"controlType":"sap.m.Text","properties":{"text":"Manage Conditions & Prices"},"interaction":{"idSuffix":"inner"}},"wdio_ui5_key":"sapm.Text{\"text\":\"Manage Conditions & Prices\"}"}]}
RESULT: {"script":"<script> [1562 bytes]","args":[{"selector":{"controlType":"sap.m.Text","properties":{"text":"Manage Conditions & Prices"},"interaction":{"idSuffix":"inner"}},"wdio_ui5_key":"sapm.Text{\"text\":\"Manage Conditions & Prices\"}"}]}
RESULT: undefined
COMMAND: POST /session/76d7290d120ab2421d75a09a4cbbcc0c/element - {"using":"xpath","value":"//*[@id=\"__tile53-title\"]"}
RESULT: {"using":"xpath","value":"//*[@id=\"__tile53-title\"]"}
COMMAND: POST /session/76d7290d120ab2421d75a09a4cbbcc0c/element/f.593288CD5F674EF5C803DB8E0F1C2C84.d.AA66BFF19591E97989BF9D8EB61F0763.e.14689/click - {}
RESULT: {}
COMMAND: GET /session/76d7290d120ab2421d75a09a4cbbcc0c/screenshot - {}
RESULT: {}
COMMAND: POST /session/76d7290d120ab2421d75a09a4cbbcc0c/element - {"using":"xpath","value":"//button[@aria-label=\"Create\"]"}
RESULT: {"using":"xpath","value":"//button[@aria-label=\"Create\"]"}
COMMAND: POST /session/76d7290d120ab2421d75a09a4cbbcc0c/elements - {"using":"xpath","value":"//button[@aria-label=\"Create\"]"}
RESULT: {"using":"xpath","value":"//button[@aria-label=\"Create\"]"}
COMMAND: POST /session/76d7290d120ab2421d75a09a4cbbcc0c/elements - {"using":"xpath","value":"//button[@aria-label=\"Create\"]"}
RESULT: {"using":"xpath","value":"//button[@aria-label=\"Create\"]"}
COMMAND: POST /session/76d7290d120ab2421d75a09a4cbbcc0c/element - {"using":"xpath","value":"//button[@aria-label=\"Create\"]"}
RESULT: {"using":"xpath","value":"//button[@aria-label=\"Create\"]"}
COMMAND: POST /session/76d7290d120ab2421d75a09a4cbbcc0c/element/f.593288CD5F674EF5C803DB8E0F1C2C84.d.AA66BFF19591E97989BF9D8EB61F0763.e.14721/click - {}
RESULT: {}
COMMAND: POST /session/76d7290d120ab2421d75a09a4cbbcc0c/actions - {"actions":[{"id":"action72","type":"key","parameters":{},"actions":[{"type":"keyDown","value":"î€‡"},{"type":"pause","duration":10},{"type":"keyUp","value":"î€‡"}]}]}
COMMAND: GET /session/76d7290d120ab2421d75a09a4cbbcc0c/screenshot - {}
RESULT: {"actions":[{"id":"action72","type":"key","parameters":{},"actions":[{"type":"keyDown","value":"î€‡"},{"type":"pause","duration":10},{"type":"keyUp","value":"î€‡"}]}]}
COMMAND: GET /session/76d7290d120ab2421d75a09a4cbbcc0c/screenshot - {}
RESULT: {}
COMMAND: POST /session/76d7290d120ab2421d75a09a4cbbcc0c/execute/async - {"script":"<script> [1562 bytes]","args":[{"selector":{"id":"application-manageconditionprice-display-component---newCondition--condBillCond-arrow"},"wdio_ui5_key":"applicationmanageconditionprice-display-component---newCondition--condBillCond-arrow"}]}
RESULT: {}
RESULT: {"script":"<script> [1562 bytes]","args":[{"selector":{"id":"application-manageconditionprice-display-component---newCondition--condBillCond-arrow"},"wdio_ui5_key":"applicationmanageconditionprice-display-component---newCondition--condBillCond-arrow"}]}
RESULT: undefined
COMMAND: POST /session/76d7290d120ab2421d75a09a4cbbcc0c/element - {"using":"xpath","value":"//*[@id=\"application-manageconditionprice-display-component---newCondition--condBillCond-arrow\"]"}
RESULT: {"using":"xpath","value":"//*[@id=\"application-manageconditionprice-display-component---newCondition--condBillCond-arrow\"]"}
COMMAND: POST /session/76d7290d120ab2421d75a09a4cbbcc0c/element/f.593288CD5F674EF5C803DB8E0F1C2C84.d.AA66BFF19591E97989BF9D8EB61F0763.e.15066/click - {}
RESULT: {}
COMMAND: POST /session/76d7290d120ab2421d75a09a4cbbcc0c/element - {"using":"xpath","value":"//span[contains(text(), \"DISP - D&I special price\")]"}
COMMAND: GET /session/76d7290d120ab2421d75a09a4cbbcc0c/screenshot - {}
RESULT: {"using":"xpath","value":"//span[contains(text(), \"DISP - D&I special price\")]"}
COMMAND: POST /session/76d7290d120ab2421d75a09a4cbbcc0c/element/f.593288CD5F674EF5C803DB8E0F1C2C84.d.AA66BFF19591E97989BF9D8EB61F0763.e.15067/click - {}
RESULT: {}
RESULT: {}
COMMAND: POST /session/76d7290d120ab2421d75a09a4cbbcc0c/execute/async - {"script":"<script> [1562 bytes]","args":[{"selector":{"id":"application-manageconditionprice-display-component---newCondition--condValidTo","interaction":{"idSuffix":"inner"}},"wdio_ui5_key":"applicationmanageconditionprice-display-component---newCondition--condValidTo"}]}
COMMAND: GET /session/76d7290d120ab2421d75a09a4cbbcc0c/screenshot - {}
RESULT: {"script":"<script> [1562 bytes]","args":[{"selector":{"id":"application-manageconditionprice-display-component---newCondition--condValidTo","interaction":{"idSuffix":"inner"}},"wdio_ui5_key":"applicationmanageconditionprice-display-component---newCondition--condValidTo"}]}
RESULT: undefined
COMMAND: POST /session/76d7290d120ab2421d75a09a4cbbcc0c/execute/async - {"script":"<script> [776 bytes]","args":[{"enterText":"5/11/33","selector":{"id":"application-manageconditionprice-display-component---newCondition--condValidTo","interaction":{"idSuffix":"inner"}},"clearTextFirst":true,"interactionType":"ENTER_TEXT"}]}
RESULT: {}
RESULT: {"script":"<script> [776 bytes]","args":[{"enterText":"5/11/33","selector":{"id":"application-manageconditionprice-display-component---newCondition--condValidTo","interaction":{"idSuffix":"inner"}},"clearTextFirst":true,"interactionType":"ENTER_TEXT"}]}
COMMAND: POST /session/76d7290d120ab2421d75a09a4cbbcc0c/element - {"using":"xpath","value":"//input[@id=\"application-manageconditionprice-display-component---newCondition--condRU-inner\"]"}
RESULT: {"using":"xpath","value":"//input[@id=\"application-manageconditionprice-display-component---newCondition--condRU-inner\"]"}
COMMAND: POST /session/76d7290d120ab2421d75a09a4cbbcc0c/element/f.593288CD5F674EF5C803DB8E0F1C2C84.d.AA66BFF19591E97989BF9D8EB61F0763.e.14777/clear - {}
RESULT: {}
COMMAND: POST /session/76d7290d120ab2421d75a09a4cbbcc0c/element/f.593288CD5F674EF5C803DB8E0F1C2C84.d.AA66BFF19591E97989BF9D8EB61F0763.e.14777/value - {"text":"WebdriverRUR2Cy10r9"}
COMMAND: GET /session/76d7290d120ab2421d75a09a4cbbcc0c/screenshot - {}
RESULT: {"text":"WebdriverRUR2Cy10r9"}
COMMAND: GET /session/76d7290d120ab2421d75a09a4cbbcc0c/screenshot - {}
RESULT: {}
RESULT: {}
COMMAND: POST /session/76d7290d120ab2421d75a09a4cbbcc0c/actions - {"actions":[{"id":"action73","type":"key","parameters":{},"actions":[{"type":"keyDown","value":"î€‡"},{"type":"pause","duration":10},{"type":"keyUp","value":"î€‡"}]}]}
RESULT: {"actions":[{"id":"action73","type":"key","parameters":{},"actions":[{"type":"keyDown","value":"î€‡"},{"type":"pause","duration":10},{"type":"keyUp","value":"î€‡"}]}]}
COMMAND: POST /session/76d7290d120ab2421d75a09a4cbbcc0c/execute/async - {"script":"<script> [1562 bytes]","args":[{"selector":{"id":"application-manageconditionprice-display-component---newCondition--condBaseQty","interaction":{"idSuffix":"inner"}},"wdio_ui5_key":"applicationmanageconditionprice-display-component---newCondition--condBaseQty"}]}
COMMAND: GET /session/76d7290d120ab2421d75a09a4cbbcc0c/screenshot - {}
RESULT: {"script":"<script> [1562 bytes]","args":[{"selector":{"id":"application-manageconditionprice-display-component---newCondition--condBaseQty","interaction":{"idSuffix":"inner"}},"wdio_ui5_key":"applicationmanageconditionprice-display-component---newCondition--condBaseQty"}]}
RESULT: undefined
COMMAND: POST /session/76d7290d120ab2421d75a09a4cbbcc0c/execute/async - {"script":"<script> [776 bytes]","args":[{"enterText":"1","selector":{"id":"application-manageconditionprice-display-component---newCondition--condBaseQty","interaction":{"idSuffix":"inner"}},"clearTextFirst":true,"interactionType":"ENTER_TEXT"}]}
RESULT: {}
RESULT: {"script":"<script> [776 bytes]","args":[{"enterText":"1","selector":{"id":"application-manageconditionprice-display-component---newCondition--condBaseQty","interaction":{"idSuffix":"inner"}},"clearTextFirst":true,"interactionType":"ENTER_TEXT"}]}
COMMAND: POST /session/76d7290d120ab2421d75a09a4cbbcc0c/execute/async - {"script":"<script> [1562 bytes]","args":[{"selector":{"id":"application-manageconditionprice-display-component---newCondition--condValue","interaction":{"idSuffix":"inner"}},"wdio_ui5_key":"applicationmanageconditionprice-display-component---newCondition--condValue"}]}
RESULT: {"script":"<script> [1562 bytes]","args":[{"selector":{"id":"application-manageconditionprice-display-component---newCondition--condValue","interaction":{"idSuffix":"inner"}},"wdio_ui5_key":"applicationmanageconditionprice-display-component---newCondition--condValue"}]}
RESULT: undefined
COMMAND: POST /session/76d7290d120ab2421d75a09a4cbbcc0c/execute/async - {"script":"<script> [776 bytes]","args":[{"enterText":"100","selector":{"id":"application-manageconditionprice-display-component---newCondition--condValue","interaction":{"idSuffix":"inner"}},"clearTextFirst":true,"interactionType":"ENTER_TEXT"}]}
RESULT: {"script":"<script> [776 bytes]","args":[{"enterText":"100","selector":{"id":"application-manageconditionprice-display-component---newCondition--condValue","interaction":{"idSuffix":"inner"}},"clearTextFirst":true,"interactionType":"ENTER_TEXT"}]}
COMMAND: POST /session/76d7290d120ab2421d75a09a4cbbcc0c/execute/async - {"script":"<script> [1562 bytes]","args":[{"selector":{"id":"application-manageconditionprice-display-component---newCondition--condCurr-arrow"},"wdio_ui5_key":"applicationmanageconditionprice-display-component---newCondition--condCurr-arrow"}]}
RESULT: {"script":"<script> [1562 bytes]","args":[{"selector":{"id":"application-manageconditionprice-display-component---newCondition--condCurr-arrow"},"wdio_ui5_key":"applicationmanageconditionprice-display-component---newCondition--condCurr-arrow"}]}
RESULT: undefined
COMMAND: POST /session/76d7290d120ab2421d75a09a4cbbcc0c/element - {"using":"xpath","value":"//*[@id=\"application-manageconditionprice-display-component---newCondition--condCurr-arrow\"]"}
RESULT: {"using":"xpath","value":"//*[@id=\"application-manageconditionprice-display-component---newCondition--condCurr-arrow\"]"}
COMMAND: POST /session/76d7290d120ab2421d75a09a4cbbcc0c/element/f.593288CD5F674EF5C803DB8E0F1C2C84.d.AA66BFF19591E97989BF9D8EB61F0763.e.14923/click - {}
RESULT: {}
COMMAND: POST /session/76d7290d120ab2421d75a09a4cbbcc0c/element - {"using":"xpath","value":"//span[contains(text(), \"Euro\")]"}
COMMAND: GET /session/76d7290d120ab2421d75a09a4cbbcc0c/screenshot - {}
RESULT: {"using":"xpath","value":"//span[contains(text(), \"Euro\")]"}
COMMAND: POST /session/76d7290d120ab2421d75a09a4cbbcc0c/element/f.593288CD5F674EF5C803DB8E0F1C2C84.d.AA66BFF19591E97989BF9D8EB61F0763.e.15105/click - {}
RESULT: {}
RESULT: {}
COMMAND: POST /session/76d7290d120ab2421d75a09a4cbbcc0c/element - {"using":"xpath","value":"//button[@data-kt=\"saveButton\"]"}
COMMAND: GET /session/76d7290d120ab2421d75a09a4cbbcc0c/screenshot - {}
RESULT: {"using":"xpath","value":"//button[@data-kt=\"saveButton\"]"}
COMMAND: POST /session/76d7290d120ab2421d75a09a4cbbcc0c/element/f.593288CD5F674EF5C803DB8E0F1C2C84.d.AA66BFF19591E97989BF9D8EB61F0763.e.14924/click - {}
RESULT: {}
RESULT: {}
COMMAND: GET /session/76d7290d120ab2421d75a09a4cbbcc0c/screenshot - {}
RESULT: {}
COMMAND: POST /session/76d7290d120ab2421d75a09a4cbbcc0c/element - {"using":"css selector","value":"#shell-header-logo"}
RESULT: {"using":"css selector","value":"#shell-header-logo"}
COMMAND: POST /session/76d7290d120ab2421d75a09a4cbbcc0c/element/f.593288CD5F674EF5C803DB8E0F1C2C84.d.AA66BFF19591E97989BF9D8EB61F0763.e.14692/click - {}
RESULT: {}
COMMAND: GET /session/76d7290d120ab2421d75a09a4cbbcc0c/screenshot - {}
RESULT: {}
]]></system-out>
    </testcase>
    <testcase classname="chrome.136_0_7103_49.windows.E2E_-_Logistical_and_commercial_statuses" name="Should create a new contract" time="69.744">
      <system-out><![CDATA[
COMMAND: POST /session/76d7290d120ab2421d75a09a4cbbcc0c/execute/async - {"script":"<script> [1562 bytes]","args":[{"selector":{"controlType":"sap.m.GenericTile","viewName":"etm.portal.ui.managecontractstile.view.Master","i18NText":{"propertyName":"header","key":"manageContractsTileTitle"}},"wdio_ui5_key":"etmportal.ui.managecontractstile.view.Mastersap.m.GenericTile{\"propertyName\":\"header\",\"key\":\"manageContractsTileTitle\"}"}]}
RESULT: {"script":"<script> [1562 bytes]","args":[{"selector":{"controlType":"sap.m.GenericTile","viewName":"etm.portal.ui.managecontractstile.view.Master","i18NText":{"propertyName":"header","key":"manageContractsTileTitle"}},"wdio_ui5_key":"etmportal.ui.managecontractstile.view.Mastersap.m.GenericTile{\"propertyName\":\"header\",\"key\":\"manageContractsTileTitle\"}"}]}
RESULT: undefined
COMMAND: POST /session/76d7290d120ab2421d75a09a4cbbcc0c/element - {"using":"xpath","value":"//*[@id=\"__tile130\"]"}
RESULT: {"using":"xpath","value":"//*[@id=\"__tile130\"]"}
COMMAND: POST /session/76d7290d120ab2421d75a09a4cbbcc0c/element/f.593288CD5F674EF5C803DB8E0F1C2C84.d.AA66BFF19591E97989BF9D8EB61F0763.e.15109/click - {}
RESULT: {}
COMMAND: GET /session/76d7290d120ab2421d75a09a4cbbcc0c/screenshot - {}
RESULT: {}
COMMAND: POST /session/76d7290d120ab2421d75a09a4cbbcc0c/element - {"using":"xpath","value":"//button[@data-kt=\"addButton\"]"}
RESULT: {"using":"xpath","value":"//button[@data-kt=\"addButton\"]"}
COMMAND: POST /session/76d7290d120ab2421d75a09a4cbbcc0c/element/f.593288CD5F674EF5C803DB8E0F1C2C84.d.AA66BFF19591E97989BF9D8EB61F0763.e.15183/click - {}
RESULT: {}
COMMAND: GET /session/76d7290d120ab2421d75a09a4cbbcc0c/screenshot - {}
COMMAND: POST /session/76d7290d120ab2421d75a09a4cbbcc0c/execute/async - {"script":"<script> [1562 bytes]","args":[{"selector":{"id":"application-managecontracts-display-component---AddNewContract--projectDescription","interaction":{"idSuffix":"inner"}},"wdio_ui5_key":"applicationmanagecontracts-display-component---AddNewContract--projectDescription"}]}
RESULT: {}
RESULT: {"script":"<script> [1562 bytes]","args":[{"selector":{"id":"application-managecontracts-display-component---AddNewContract--projectDescription","interaction":{"idSuffix":"inner"}},"wdio_ui5_key":"applicationmanagecontracts-display-component---AddNewContract--projectDescription"}]}
RESULT: undefined
COMMAND: POST /session/76d7290d120ab2421d75a09a4cbbcc0c/execute/async - {"script":"<script> [776 bytes]","args":[{"enterText":"WdIOR2c50vnn","selector":{"id":"application-managecontracts-display-component---AddNewContract--projectDescription","interaction":{"idSuffix":"inner"}},"clearTextFirst":true,"interactionType":"ENTER_TEXT"}]}
RESULT: {"script":"<script> [776 bytes]","args":[{"enterText":"WdIOR2c50vnn","selector":{"id":"application-managecontracts-display-component---AddNewContract--projectDescription","interaction":{"idSuffix":"inner"}},"clearTextFirst":true,"interactionType":"ENTER_TEXT"}]}
COMMAND: POST /session/76d7290d120ab2421d75a09a4cbbcc0c/element - {"using":"xpath","value":"//input[@id=\"application-managecontracts-display-component---AddNewContract--yardId-inner\"]"}
RESULT: {"using":"xpath","value":"//input[@id=\"application-managecontracts-display-component---AddNewContract--yardId-inner\"]"}
COMMAND: POST /session/76d7290d120ab2421d75a09a4cbbcc0c/element/f.593288CD5F674EF5C803DB8E0F1C2C84.d.AA66BFF19591E97989BF9D8EB61F0763.e.15441/clear - {}
RESULT: {}
COMMAND: POST /session/76d7290d120ab2421d75a09a4cbbcc0c/element/f.593288CD5F674EF5C803DB8E0F1C2C84.d.AA66BFF19591E97989BF9D8EB61F0763.e.15441/value - {"text":"WebdriverYard55stu"}
COMMAND: GET /session/76d7290d120ab2421d75a09a4cbbcc0c/screenshot - {}
RESULT: {"text":"WebdriverYard55stu"}
COMMAND: GET /session/76d7290d120ab2421d75a09a4cbbcc0c/screenshot - {}
RESULT: {}
RESULT: {}
COMMAND: POST /session/76d7290d120ab2421d75a09a4cbbcc0c/actions - {"actions":[{"id":"action74","type":"key","parameters":{},"actions":[{"type":"keyDown","value":"î€‡"},{"type":"pause","duration":10},{"type":"keyUp","value":"î€‡"}]}]}
RESULT: {"actions":[{"id":"action74","type":"key","parameters":{},"actions":[{"type":"keyDown","value":"î€‡"},{"type":"pause","duration":10},{"type":"keyUp","value":"î€‡"}]}]}
COMMAND: GET /session/76d7290d120ab2421d75a09a4cbbcc0c/screenshot - {}
RESULT: {}
COMMAND: POST /session/76d7290d120ab2421d75a09a4cbbcc0c/element - {"using":"xpath","value":"//input[@id=\"application-managecontracts-display-component---AddNewContract--customerSelect-inner\"]"}
RESULT: {"using":"xpath","value":"//input[@id=\"application-managecontracts-display-component---AddNewContract--customerSelect-inner\"]"}
COMMAND: POST /session/76d7290d120ab2421d75a09a4cbbcc0c/element/f.593288CD5F674EF5C803DB8E0F1C2C84.d.AA66BFF19591E97989BF9D8EB61F0763.e.15439/clear - {}
RESULT: {}
COMMAND: POST /session/76d7290d120ab2421d75a09a4cbbcc0c/element/f.593288CD5F674EF5C803DB8E0F1C2C84.d.AA66BFF19591E97989BF9D8EB61F0763.e.15439/value - {"text":"WebdriverPartnerfbptc"}
COMMAND: GET /session/76d7290d120ab2421d75a09a4cbbcc0c/screenshot - {}
RESULT: {"text":"WebdriverPartnerfbptc"}
COMMAND: GET /session/76d7290d120ab2421d75a09a4cbbcc0c/screenshot - {}
RESULT: {}
RESULT: {}
COMMAND: POST /session/76d7290d120ab2421d75a09a4cbbcc0c/actions - {"actions":[{"id":"action75","type":"key","parameters":{},"actions":[{"type":"keyDown","value":"î€‡"},{"type":"pause","duration":10},{"type":"keyUp","value":"î€‡"}]}]}
RESULT: {"actions":[{"id":"action75","type":"key","parameters":{},"actions":[{"type":"keyDown","value":"î€‡"},{"type":"pause","duration":10},{"type":"keyUp","value":"î€‡"}]}]}
COMMAND: GET /session/76d7290d120ab2421d75a09a4cbbcc0c/screenshot - {}
RESULT: {}
COMMAND: POST /session/76d7290d120ab2421d75a09a4cbbcc0c/element - {"using":"xpath","value":"//input[@id=\"application-managecontracts-display-component---AddNewContract--site-inner\"]"}
RESULT: {"using":"xpath","value":"//input[@id=\"application-managecontracts-display-component---AddNewContract--site-inner\"]"}
COMMAND: POST /session/76d7290d120ab2421d75a09a4cbbcc0c/element/f.593288CD5F674EF5C803DB8E0F1C2C84.d.AA66BFF19591E97989BF9D8EB61F0763.e.15440/clear - {}
RESULT: {}
COMMAND: POST /session/76d7290d120ab2421d75a09a4cbbcc0c/element/f.593288CD5F674EF5C803DB8E0F1C2C84.d.AA66BFF19591E97989BF9D8EB61F0763.e.15440/value - {"text":"WebdriverSites4k07"}
RESULT: {"text":"WebdriverSites4k07"}
COMMAND: GET /session/76d7290d120ab2421d75a09a4cbbcc0c/screenshot - {}
COMMAND: GET /session/76d7290d120ab2421d75a09a4cbbcc0c/screenshot - {}
RESULT: {}
RESULT: {}
COMMAND: POST /session/76d7290d120ab2421d75a09a4cbbcc0c/actions - {"actions":[{"id":"action76","type":"key","parameters":{},"actions":[{"type":"keyDown","value":"î€‡"},{"type":"pause","duration":10},{"type":"keyUp","value":"î€‡"}]}]}
RESULT: {"actions":[{"id":"action76","type":"key","parameters":{},"actions":[{"type":"keyDown","value":"î€‡"},{"type":"pause","duration":10},{"type":"keyUp","value":"î€‡"}]}]}
COMMAND: POST /session/76d7290d120ab2421d75a09a4cbbcc0c/element - {"using":"xpath","value":"//button[@data-kt=\"saveButton\"]"}
COMMAND: GET /session/76d7290d120ab2421d75a09a4cbbcc0c/screenshot - {}
RESULT: {"using":"xpath","value":"//button[@data-kt=\"saveButton\"]"}
COMMAND: POST /session/76d7290d120ab2421d75a09a4cbbcc0c/element/f.593288CD5F674EF5C803DB8E0F1C2C84.d.AA66BFF19591E97989BF9D8EB61F0763.e.15457/click - {}
RESULT: {}
RESULT: {}
COMMAND: GET /session/76d7290d120ab2421d75a09a4cbbcc0c/screenshot - {}
RESULT: {}
COMMAND: POST /session/76d7290d120ab2421d75a09a4cbbcc0c/execute/async - {"script":"<script> [1562 bytes]","args":[{"selector":{"id":"contractDetailTitleNoExpanded","viewName":"etm.portal.ui.managecontracts.view.Detail"},"wdio_ui5_key":"contractDetailTitleNoExpandedetmportal.ui.managecontracts.view.Detail"}]}
RESULT: {"script":"<script> [1562 bytes]","args":[{"selector":{"id":"contractDetailTitleNoExpanded","viewName":"etm.portal.ui.managecontracts.view.Detail"},"wdio_ui5_key":"contractDetailTitleNoExpandedetmportal.ui.managecontracts.view.Detail"}]}
RESULT: undefined
COMMAND: POST /session/76d7290d120ab2421d75a09a4cbbcc0c/execute/async - {"script":"<script> [6424 bytes]","args":[{"element-6066-11e4-a52e-4f735466cecf":"f.593288CD5F674EF5C803DB8E0F1C2C84.d.AA66BFF19591E97989BF9D8EB61F0763.e.15481"},"getText",[]]}
RESULT: {"script":"<script> [6424 bytes]","args":[{"element-6066-11e4-a52e-4f735466cecf":"f.593288CD5F674EF5C803DB8E0F1C2C84.d.AA66BFF19591E97989BF9D8EB61F0763.e.15481"},"getText",[]]}
]]></system-out>
    </testcase>
    <testcase classname="chrome.136_0_7103_49.windows.E2E_-_Logistical_and_commercial_statuses" name="Should add materialID to the contract" time="48.881">
      <system-out><![CDATA[
COMMAND: POST /session/76d7290d120ab2421d75a09a4cbbcc0c/element - {"using":"xpath","value":"//button[@data-kt=\"contractDetailEditBtnButton\"]"}
RESULT: {"using":"xpath","value":"//button[@data-kt=\"contractDetailEditBtnButton\"]"}
COMMAND: POST /session/76d7290d120ab2421d75a09a4cbbcc0c/element/f.593288CD5F674EF5C803DB8E0F1C2C84.d.AA66BFF19591E97989BF9D8EB61F0763.e.15482/click - {}
RESULT: {}
COMMAND: GET /session/76d7290d120ab2421d75a09a4cbbcc0c/screenshot - {}
RESULT: {}
COMMAND: POST /session/76d7290d120ab2421d75a09a4cbbcc0c/element - {"using":"xpath","value":"(//span[contains(text(), \"Additional Addresses\")])[2]"}
RESULT: {"using":"xpath","value":"(//span[contains(text(), \"Additional Addresses\")])[2]"}
COMMAND: POST /session/76d7290d120ab2421d75a09a4cbbcc0c/element/f.593288CD5F674EF5C803DB8E0F1C2C84.d.AA66BFF19591E97989BF9D8EB61F0763.e.15540/click - {}
RESULT: {}
COMMAND: GET /session/76d7290d120ab2421d75a09a4cbbcc0c/screenshot - {}
RESULT: {}
COMMAND: POST /session/76d7290d120ab2421d75a09a4cbbcc0c/element - {"using":"xpath","value":"//button[@data-kt=\"btnAddTableRowOverflowToolbarButton\"]"}
RESULT: {"using":"xpath","value":"//button[@data-kt=\"btnAddTableRowOverflowToolbarButton\"]"}
COMMAND: POST /session/76d7290d120ab2421d75a09a4cbbcc0c/element/f.593288CD5F674EF5C803DB8E0F1C2C84.d.AA66BFF19591E97989BF9D8EB61F0763.e.15542/click - {}
RESULT: {}
COMMAND: GET /session/76d7290d120ab2421d75a09a4cbbcc0c/screenshot - {}
RESULT: {}
COMMAND: POST /session/76d7290d120ab2421d75a09a4cbbcc0c/element - {"using":"xpath","value":"//div[(text() = 'Standard Entry' or . = 'Standard Entry')]"}
RESULT: {"using":"xpath","value":"//div[(text() = 'Standard Entry' or . = 'Standard Entry')]"}
COMMAND: POST /session/76d7290d120ab2421d75a09a4cbbcc0c/element/f.593288CD5F674EF5C803DB8E0F1C2C84.d.AA66BFF19591E97989BF9D8EB61F0763.e.15544/click - {}
RESULT: {}
COMMAND: POST /session/76d7290d120ab2421d75a09a4cbbcc0c/element - {"using":"xpath","value":"//td[6]/div/div/input[1]"}
COMMAND: GET /session/76d7290d120ab2421d75a09a4cbbcc0c/screenshot - {}
RESULT: {"using":"xpath","value":"//td[6]/div/div/input[1]"}
COMMAND: POST /session/76d7290d120ab2421d75a09a4cbbcc0c/element/f.593288CD5F674EF5C803DB8E0F1C2C84.d.AA66BFF19591E97989BF9D8EB61F0763.e.15546/click - {}
RESULT: {}
RESULT: {}
COMMAND: POST /session/76d7290d120ab2421d75a09a4cbbcc0c/actions - {"actions":[{"id":"action77","type":"key","parameters":{},"actions":[{"type":"keyDown","value":"î€ƒ"},{"type":"pause","duration":10},{"type":"keyUp","value":"î€ƒ"}]}]}
COMMAND: GET /session/76d7290d120ab2421d75a09a4cbbcc0c/screenshot - {}
RESULT: {"actions":[{"id":"action77","type":"key","parameters":{},"actions":[{"type":"keyDown","value":"î€ƒ"},{"type":"pause","duration":10},{"type":"keyUp","value":"î€ƒ"}]}]}
COMMAND: POST /session/76d7290d120ab2421d75a09a4cbbcc0c/element - {"using":"xpath","value":"//td[6]/div/div/input[1]"}
COMMAND: GET /session/76d7290d120ab2421d75a09a4cbbcc0c/screenshot - {}
RESULT: {}
RESULT: {"using":"xpath","value":"//td[6]/div/div/input[1]"}
COMMAND: POST /session/76d7290d120ab2421d75a09a4cbbcc0c/element/f.593288CD5F674EF5C803DB8E0F1C2C84.d.AA66BFF19591E97989BF9D8EB61F0763.e.15546/clear - {}
RESULT: {}
RESULT: {}
COMMAND: POST /session/76d7290d120ab2421d75a09a4cbbcc0c/element/f.593288CD5F674EF5C803DB8E0F1C2C84.d.AA66BFF19591E97989BF9D8EB61F0763.e.15546/value - {"text":"Material"}
COMMAND: GET /session/76d7290d120ab2421d75a09a4cbbcc0c/screenshot - {}
RESULT: {"text":"Material"}
COMMAND: GET /session/76d7290d120ab2421d75a09a4cbbcc0c/screenshot - {}
RESULT: {}
RESULT: {}
COMMAND: POST /session/76d7290d120ab2421d75a09a4cbbcc0c/actions - {"actions":[{"id":"action78","type":"key","parameters":{},"actions":[{"type":"keyDown","value":"î€‡"},{"type":"pause","duration":10},{"type":"keyUp","value":"î€‡"}]}]}
RESULT: {"actions":[{"id":"action78","type":"key","parameters":{},"actions":[{"type":"keyDown","value":"î€‡"},{"type":"pause","duration":10},{"type":"keyUp","value":"î€‡"}]}]}
COMMAND: GET /session/76d7290d120ab2421d75a09a4cbbcc0c/screenshot - {}
RESULT: {}
COMMAND: POST /session/76d7290d120ab2421d75a09a4cbbcc0c/actions - {"actions":[{"id":"action79","type":"key","parameters":{},"actions":[{"type":"keyDown","value":"î€‡"},{"type":"pause","duration":10},{"type":"keyUp","value":"î€‡"}]}]}
RESULT: {"actions":[{"id":"action79","type":"key","parameters":{},"actions":[{"type":"keyDown","value":"î€‡"},{"type":"pause","duration":10},{"type":"keyUp","value":"î€‡"}]}]}
COMMAND: POST /session/76d7290d120ab2421d75a09a4cbbcc0c/element - {"using":"xpath","value":"//td[7]/div/div/input"}
COMMAND: GET /session/76d7290d120ab2421d75a09a4cbbcc0c/screenshot - {}
RESULT: {"using":"xpath","value":"//td[7]/div/div/input"}
COMMAND: POST /session/76d7290d120ab2421d75a09a4cbbcc0c/element/f.593288CD5F674EF5C803DB8E0F1C2C84.d.AA66BFF19591E97989BF9D8EB61F0763.e.15559/clear - {}
RESULT: {}
RESULT: {}
COMMAND: POST /session/76d7290d120ab2421d75a09a4cbbcc0c/element/f.593288CD5F674EF5C803DB8E0F1C2C84.d.AA66BFF19591E97989BF9D8EB61F0763.e.15559/value - {"text":"WebdriverRUR2Cy10r9"}
COMMAND: GET /session/76d7290d120ab2421d75a09a4cbbcc0c/screenshot - {}
RESULT: {"text":"WebdriverRUR2Cy10r9"}
COMMAND: GET /session/76d7290d120ab2421d75a09a4cbbcc0c/screenshot - {}
RESULT: {}
RESULT: {}
COMMAND: POST /session/76d7290d120ab2421d75a09a4cbbcc0c/actions - {"actions":[{"id":"action80","type":"key","parameters":{},"actions":[{"type":"keyDown","value":"î€‡"},{"type":"pause","duration":10},{"type":"keyUp","value":"î€‡"}]}]}
RESULT: {"actions":[{"id":"action80","type":"key","parameters":{},"actions":[{"type":"keyDown","value":"î€‡"},{"type":"pause","duration":10},{"type":"keyUp","value":"î€‡"}]}]}
COMMAND: GET /session/76d7290d120ab2421d75a09a4cbbcc0c/screenshot - {}
RESULT: {}
COMMAND: POST /session/76d7290d120ab2421d75a09a4cbbcc0c/actions - {"actions":[{"id":"action81","type":"key","parameters":{},"actions":[{"type":"keyDown","value":"î€‡"},{"type":"pause","duration":10},{"type":"keyUp","value":"î€‡"}]}]}
RESULT: {"actions":[{"id":"action81","type":"key","parameters":{},"actions":[{"type":"keyDown","value":"î€‡"},{"type":"pause","duration":10},{"type":"keyUp","value":"î€‡"}]}]}
COMMAND: GET /session/76d7290d120ab2421d75a09a4cbbcc0c/screenshot - {}
RESULT: {}
COMMAND: POST /session/76d7290d120ab2421d75a09a4cbbcc0c/element - {"using":"xpath","value":"(//button[@data-kt=\"saveButton\"])[2]"}
RESULT: {"using":"xpath","value":"(//button[@data-kt=\"saveButton\"])[2]"}
COMMAND: POST /session/76d7290d120ab2421d75a09a4cbbcc0c/element/f.593288CD5F674EF5C803DB8E0F1C2C84.d.AA66BFF19591E97989BF9D8EB61F0763.e.15582/click - {}
RESULT: {}
COMMAND: GET /session/76d7290d120ab2421d75a09a4cbbcc0c/screenshot - {}
RESULT: {}
]]></system-out>
    </testcase>
  </testsuite>
</testsuites>