<?xml version="1.0" encoding="UTF-8"?>
<testsuites tests="3" failures="0" errors="0" skipped="0">
  <testsuite timestamp="2025-05-17T17:58:46" time="230.532" tests="3" failures="0" errors="0" skipped="0">
    <properties>
      <property name="specId" value="0" />
      <property name="suiteName" value="Address Management Tests US151165 US151160" />
      <property name="capabilities" value="chrome.136_0_7103_93.windows" />
      <property name="file" value="file:///D:/a/1/s/test/specs/BTS/address-management.spec.js" />
    </properties>
    <testcase classname="chrome.136_0_7103_93.windows.Address_Management_Tests_US151165_US151160" name="Step 1 Will check existence of address created with generated name if none then we create" time="70.488">
      <system-out><![CDATA[
COMMAND: POST /session/a86e82d57c1d2c57643327e2c742012e/execute/async - {"script":"<script> [1562 bytes]","args":[{"selector":{"controlType":"sap.m.GenericTile","properties":{"header":"Address Management"}},"wdio_ui5_key":"sapm.GenericTile{\"header\":\"Address Management\"}"}]}
RESULT: {"script":"<script> [1562 bytes]","args":[{"selector":{"controlType":"sap.m.GenericTile","properties":{"header":"Address Management"}},"wdio_ui5_key":"sapm.GenericTile{\"header\":\"Address Management\"}"}]}
RESULT: undefined
COMMAND: POST /session/a86e82d57c1d2c57643327e2c742012e/element - {"using":"xpath","value":"//*[@id=\"__tile33\"]"}
RESULT: {"using":"xpath","value":"//*[@id=\"__tile33\"]"}
COMMAND: POST /session/a86e82d57c1d2c57643327e2c742012e/element/f.91EF58FC5DC15A3E2D09041E6D6CFBFA.d.072AF3939A2E8E40C10C54327887745E.e.225/click - {}
RESULT: {}
COMMAND: GET /session/a86e82d57c1d2c57643327e2c742012e/screenshot - {}
RESULT: {}
COMMAND: POST /session/a86e82d57c1d2c57643327e2c742012e/elements - {"using":"xpath","value":"//span[text()='Error']"}
RESULT: {"using":"xpath","value":"//span[text()='Error']"}
COMMAND: POST /session/a86e82d57c1d2c57643327e2c742012e/element - {"using":"xpath","value":"//button[@data-kt=\"addButton\"]"}
RESULT: {"using":"xpath","value":"//button[@data-kt=\"addButton\"]"}
COMMAND: POST /session/a86e82d57c1d2c57643327e2c742012e/elements - {"using":"xpath","value":"//button[@data-kt=\"addButton\"]"}
RESULT: {"using":"xpath","value":"//button[@data-kt=\"addButton\"]"}
COMMAND: POST /session/a86e82d57c1d2c57643327e2c742012e/elements - {"using":"xpath","value":"//button[@data-kt=\"addButton\"]"}
RESULT: {"using":"xpath","value":"//button[@data-kt=\"addButton\"]"}
COMMAND: POST /session/a86e82d57c1d2c57643327e2c742012e/elements - {"using":"xpath","value":"//button[@data-kt=\"addButton\"]"}
RESULT: {"using":"xpath","value":"//button[@data-kt=\"addButton\"]"}
COMMAND: POST /session/a86e82d57c1d2c57643327e2c742012e/elements - {"using":"xpath","value":"//button[@data-kt=\"addButton\"]"}
RESULT: {"using":"xpath","value":"//button[@data-kt=\"addButton\"]"}
COMMAND: POST /session/a86e82d57c1d2c57643327e2c742012e/elements - {"using":"xpath","value":"//button[@data-kt=\"addButton\"]"}
RESULT: {"using":"xpath","value":"//button[@data-kt=\"addButton\"]"}
COMMAND: POST /session/a86e82d57c1d2c57643327e2c742012e/elements - {"using":"xpath","value":"//button[@data-kt=\"addButton\"]"}
RESULT: {"using":"xpath","value":"//button[@data-kt=\"addButton\"]"}
COMMAND: POST /session/a86e82d57c1d2c57643327e2c742012e/elements - {"using":"xpath","value":"//button[@data-kt=\"addButton\"]"}
RESULT: {"using":"xpath","value":"//button[@data-kt=\"addButton\"]"}
COMMAND: POST /session/a86e82d57c1d2c57643327e2c742012e/elements - {"using":"xpath","value":"//button[@data-kt=\"addButton\"]"}
RESULT: {"using":"xpath","value":"//button[@data-kt=\"addButton\"]"}
COMMAND: POST /session/a86e82d57c1d2c57643327e2c742012e/element - {"using":"xpath","value":"//button[@data-kt=\"addButton\"]"}
RESULT: {"using":"xpath","value":"//button[@data-kt=\"addButton\"]"}
COMMAND: POST /session/a86e82d57c1d2c57643327e2c742012e/execute/sync - {"script":"<script> [8489 bytes]","args":[{"element-6066-11e4-a52e-4f735466cecf":"f.91EF58FC5DC15A3E2D09041E6D6CFBFA.d.072AF3939A2E8E40C10C54327887745E.e.311","ELEMENT":"f.91EF58FC5DC15A3E2D09041E6D6CFBFA.d.072AF3939A2E8E40C10C54327887745E.e.311"}]}
RESULT: {"script":"<script> [8489 bytes]","args":[{"element-6066-11e4-a52e-4f735466cecf":"f.91EF58FC5DC15A3E2D09041E6D6CFBFA.d.072AF3939A2E8E40C10C54327887745E.e.311","ELEMENT":"f.91EF58FC5DC15A3E2D09041E6D6CFBFA.d.072AF3939A2E8E40C10C54327887745E.e.311"}]}
COMMAND: GET /session/a86e82d57c1d2c57643327e2c742012e/element/f.91EF58FC5DC15A3E2D09041E6D6CFBFA.d.072AF3939A2E8E40C10C54327887745E.e.311/enabled - {}
COMMAND: GET /session/a86e82d57c1d2c57643327e2c742012e/screenshot - {}
RESULT: {}
COMMAND: POST /session/a86e82d57c1d2c57643327e2c742012e/execute/sync - {"script":"<script> [8489 bytes]","args":[{"element-6066-11e4-a52e-4f735466cecf":"f.91EF58FC5DC15A3E2D09041E6D6CFBFA.d.072AF3939A2E8E40C10C54327887745E.e.311","ELEMENT":"f.91EF58FC5DC15A3E2D09041E6D6CFBFA.d.072AF3939A2E8E40C10C54327887745E.e.311"}]}
COMMAND: GET /session/a86e82d57c1d2c57643327e2c742012e/screenshot - {}
RESULT: {}
RESULT: {"script":"<script> [8489 bytes]","args":[{"element-6066-11e4-a52e-4f735466cecf":"f.91EF58FC5DC15A3E2D09041E6D6CFBFA.d.072AF3939A2E8E40C10C54327887745E.e.311","ELEMENT":"f.91EF58FC5DC15A3E2D09041E6D6CFBFA.d.072AF3939A2E8E40C10C54327887745E.e.311"}]}
COMMAND: POST /session/a86e82d57c1d2c57643327e2c742012e/execute/sync - {"script":"<script> [5351 bytes]","args":[{"element-6066-11e4-a52e-4f735466cecf":"f.91EF58FC5DC15A3E2D09041E6D6CFBFA.d.072AF3939A2E8E40C10C54327887745E.e.311","ELEMENT":"f.91EF58FC5DC15A3E2D09041E6D6CFBFA.d.072AF3939A2E8E40C10C54327887745E.e.311"}]}
COMMAND: GET /session/a86e82d57c1d2c57643327e2c742012e/screenshot - {}
RESULT: {}
RESULT: {"script":"<script> [5351 bytes]","args":[{"element-6066-11e4-a52e-4f735466cecf":"f.91EF58FC5DC15A3E2D09041E6D6CFBFA.d.072AF3939A2E8E40C10C54327887745E.e.311","ELEMENT":"f.91EF58FC5DC15A3E2D09041E6D6CFBFA.d.072AF3939A2E8E40C10C54327887745E.e.311"}]}
COMMAND: GET /session/a86e82d57c1d2c57643327e2c742012e/screenshot - {}
RESULT: {}
RESULT: {}
COMMAND: POST /session/a86e82d57c1d2c57643327e2c742012e/execute/async - {"script":"<script> [1562 bytes]","args":[{"selector":{"id":"application-addressmanagement-display-component---masterAdm--smartFilterBar-btnBasicSearch","interaction":{"idSuffix":"I"}},"wdio_ui5_key":"applicationaddressmanagement-display-component---masterAdm--smartFilterBar-btnBasicSearch"}]}
RESULT: {"script":"<script> [1562 bytes]","args":[{"selector":{"id":"application-addressmanagement-display-component---masterAdm--smartFilterBar-btnBasicSearch","interaction":{"idSuffix":"I"}},"wdio_ui5_key":"applicationaddressmanagement-display-component---masterAdm--smartFilterBar-btnBasicSearch"}]}
RESULT: undefined
COMMAND: POST /session/a86e82d57c1d2c57643327e2c742012e/execute/async - {"script":"<script> [776 bytes]","args":[{"enterText":"uQKPf1klZn","selector":{"id":"application-addressmanagement-display-component---masterAdm--smartFilterBar-btnBasicSearch","interaction":{"idSuffix":"I"}},"clearTextFirst":true,"interactionType":"ENTER_TEXT"}]}
RESULT: {"script":"<script> [776 bytes]","args":[{"enterText":"uQKPf1klZn","selector":{"id":"application-addressmanagement-display-component---masterAdm--smartFilterBar-btnBasicSearch","interaction":{"idSuffix":"I"}},"clearTextFirst":true,"interactionType":"ENTER_TEXT"}]}
COMMAND: POST /session/a86e82d57c1d2c57643327e2c742012e/actions - {"actions":[{"id":"action1","type":"key","parameters":{},"actions":[{"type":"keyDown","value":"î€‡"},{"type":"pause","duration":10},{"type":"keyUp","value":"î€‡"}]}]}
RESULT: {"actions":[{"id":"action1","type":"key","parameters":{},"actions":[{"type":"keyDown","value":"î€‡"},{"type":"pause","duration":10},{"type":"keyUp","value":"î€‡"}]}]}
COMMAND: GET /session/a86e82d57c1d2c57643327e2c742012e/screenshot - {}
RESULT: {}
COMMAND: POST /session/a86e82d57c1d2c57643327e2c742012e/elements - {"using":"xpath","value":"//table[contains(@id, \"customPersonsAddressesTable-listUl\")]/tbody/tr"}
RESULT: {"using":"xpath","value":"//table[contains(@id, \"customPersonsAddressesTable-listUl\")]/tbody/tr"}
COMMAND: POST /session/a86e82d57c1d2c57643327e2c742012e/element - {"using":"xpath","value":"//table[contains(@id, \"customPersonsAddressesTable-listUl\")]/tbody/tr[1]/td[5]/span/span"}
RESULT: {"using":"xpath","value":"//table[contains(@id, \"customPersonsAddressesTable-listUl\")]/tbody/tr[1]/td[5]/span/span"}
COMMAND: POST /session/a86e82d57c1d2c57643327e2c742012e/element - {"using":"xpath","value":"//table[contains(@id, \"customPersonsAddressesTable-listUl\")]/tbody/tr[1]/td[3]/span"}
RESULT: {"using":"xpath","value":"//table[contains(@id, \"customPersonsAddressesTable-listUl\")]/tbody/tr[1]/td[3]/span"}
COMMAND: POST /session/a86e82d57c1d2c57643327e2c742012e/elements - {"using":"xpath","value":"//table[contains(@id, \"customPersonsAddressesTable-listUl\")]/tbody/tr[1]/td[5]/span/span"}
RESULT: {"using":"xpath","value":"//table[contains(@id, \"customPersonsAddressesTable-listUl\")]/tbody/tr[1]/td[5]/span/span"}
COMMAND: POST /session/a86e82d57c1d2c57643327e2c742012e/element - {"using":"xpath","value":"//span[@id=\"application-addressmanagement-display-component---masterAdm--smartTable-header-inner\"]"}
RESULT: {"using":"xpath","value":"//span[@id=\"application-addressmanagement-display-component---masterAdm--smartTable-header-inner\"]"}
COMMAND: POST /session/a86e82d57c1d2c57643327e2c742012e/elements - {"using":"xpath","value":"//span[@id=\"application-addressmanagement-display-component---masterAdm--smartTable-header-inner\"]"}
RESULT: {"using":"xpath","value":"//span[@id=\"application-addressmanagement-display-component---masterAdm--smartTable-header-inner\"]"}
COMMAND: POST /session/a86e82d57c1d2c57643327e2c742012e/execute/sync - {"script":"<script> [56 bytes]","args":[{"element-6066-11e4-a52e-4f735466cecf":"f.91EF58FC5DC15A3E2D09041E6D6CFBFA.d.072AF3939A2E8E40C10C54327887745E.e.453","ELEMENT":"f.91EF58FC5DC15A3E2D09041E6D6CFBFA.d.072AF3939A2E8E40C10C54327887745E.e.453"}]}
RESULT: {"script":"<script> [56 bytes]","args":[{"element-6066-11e4-a52e-4f735466cecf":"f.91EF58FC5DC15A3E2D09041E6D6CFBFA.d.072AF3939A2E8E40C10C54327887745E.e.453","ELEMENT":"f.91EF58FC5DC15A3E2D09041E6D6CFBFA.d.072AF3939A2E8E40C10C54327887745E.e.453"}]}
COMMAND: POST /session/a86e82d57c1d2c57643327e2c742012e/element - {"using":"xpath","value":"//button[@data-kt=\"addButton\"]"}
COMMAND: GET /session/a86e82d57c1d2c57643327e2c742012e/screenshot - {}
RESULT: {"using":"xpath","value":"//button[@data-kt=\"addButton\"]"}
COMMAND: POST /session/a86e82d57c1d2c57643327e2c742012e/element/f.91EF58FC5DC15A3E2D09041E6D6CFBFA.d.072AF3939A2E8E40C10C54327887745E.e.311/click - {}
RESULT: {}
RESULT: {}
COMMAND: GET /session/a86e82d57c1d2c57643327e2c742012e/screenshot - {}
RESULT: {}
COMMAND: POST /session/a86e82d57c1d2c57643327e2c742012e/execute/async - {"script":"<script> [1562 bytes]","args":[{"selector":{"controlType":"sap.ui.core.Icon","viewName":"etm.portal.ui.addressmanagement.view.NewAddress","properties":{"src":{"regex":{"source":"slim\\-arrow\\-down"}}},"ancestor":{"id":"addressTitle","viewName":"etm.portal.ui.addressmanagement.view.NewAddress"}},"wdio_ui5_key":"etmportal.ui.addressmanagement.view.NewAddresssap.ui.core.Icon{\"src\":{\"regex\":{\"source\":\"slim\\\\-arrow\\\\-down\"}}}{\"id\":\"addressTitle\",\"viewName\":\"etm.portal.ui.addressmanagement.view.NewAddress\"}"}]}
RESULT: {"script":"<script> [1562 bytes]","args":[{"selector":{"controlType":"sap.ui.core.Icon","viewName":"etm.portal.ui.addressmanagement.view.NewAddress","properties":{"src":{"regex":{"source":"slim\\-arrow\\-down"}}},"ancestor":{"id":"addressTitle","viewName":"etm.portal.ui.addressmanagement.view.NewAddress"}},"wdio_ui5_key":"etmportal.ui.addressmanagement.view.NewAddresssap.ui.core.Icon{\"src\":{\"regex\":{\"source\":\"slim\\\\-arrow\\\\-down\"}}}{\"id\":\"addressTitle\",\"viewName\":\"etm.portal.ui.addressmanagement.view.NewAddress\"}"}]}
RESULT: undefined
COMMAND: POST /session/a86e82d57c1d2c57643327e2c742012e/element - {"using":"xpath","value":"//*[@id=\"__xmlview58--addressTitle-arrow\"]"}
RESULT: {"using":"xpath","value":"//*[@id=\"__xmlview58--addressTitle-arrow\"]"}
COMMAND: POST /session/a86e82d57c1d2c57643327e2c742012e/element/f.91EF58FC5DC15A3E2D09041E6D6CFBFA.d.072AF3939A2E8E40C10C54327887745E.e.510/click - {}
RESULT: {}
COMMAND: GET /session/a86e82d57c1d2c57643327e2c742012e/screenshot - {}
RESULT: {}
COMMAND: POST /session/a86e82d57c1d2c57643327e2c742012e/element - {"using":"xpath","value":"//li[.//span[text()=\"Dr.\"]]"}
RESULT: {"using":"xpath","value":"//li[.//span[text()=\"Dr.\"]]"}
COMMAND: POST /session/a86e82d57c1d2c57643327e2c742012e/element/f.91EF58FC5DC15A3E2D09041E6D6CFBFA.d.072AF3939A2E8E40C10C54327887745E.e.595/click - {}
RESULT: {}
COMMAND: POST /session/a86e82d57c1d2c57643327e2c742012e/execute/async - {"script":"<script> [1562 bytes]","args":[{"selector":{"controlType":"sap.ui.core.Icon","viewName":"etm.portal.ui.addressmanagement.view.NewAddress","properties":{"src":{"regex":{"source":"slim\\-arrow\\-down"}}},"ancestor":{"id":"addressDetailDetailsLanguage","viewName":"etm.portal.ui.addressmanagement.view.NewAddress"}},"wdio_ui5_key":"etmportal.ui.addressmanagement.view.NewAddresssap.ui.core.Icon{\"src\":{\"regex\":{\"source\":\"slim\\\\-arrow\\\\-down\"}}}{\"id\":\"addressDetailDetailsLanguage\",\"viewName\":\"etm.portal.ui.addressmanagement.view.NewAddress\"}"}]}
COMMAND: GET /session/a86e82d57c1d2c57643327e2c742012e/screenshot - {}
RESULT: {"script":"<script> [1562 bytes]","args":[{"selector":{"controlType":"sap.ui.core.Icon","viewName":"etm.portal.ui.addressmanagement.view.NewAddress","properties":{"src":{"regex":{"source":"slim\\-arrow\\-down"}}},"ancestor":{"id":"addressDetailDetailsLanguage","viewName":"etm.portal.ui.addressmanagement.view.NewAddress"}},"wdio_ui5_key":"etmportal.ui.addressmanagement.view.NewAddresssap.ui.core.Icon{\"src\":{\"regex\":{\"source\":\"slim\\\\-arrow\\\\-down\"}}}{\"id\":\"addressDetailDetailsLanguage\",\"viewName\":\"etm.portal.ui.addressmanagement.view.NewAddress\"}"}]}
RESULT: undefined
COMMAND: POST /session/a86e82d57c1d2c57643327e2c742012e/element - {"using":"xpath","value":"//*[@id=\"__xmlview58--addressDetailDetailsLanguage-arrow\"]"}
RESULT: {}
RESULT: {"using":"xpath","value":"//*[@id=\"__xmlview58--addressDetailDetailsLanguage-arrow\"]"}
COMMAND: POST /session/a86e82d57c1d2c57643327e2c742012e/element/f.91EF58FC5DC15A3E2D09041E6D6CFBFA.d.072AF3939A2E8E40C10C54327887745E.e.523/click - {}
RESULT: {}
COMMAND: GET /session/a86e82d57c1d2c57643327e2c742012e/screenshot - {}
RESULT: {}
COMMAND: POST /session/a86e82d57c1d2c57643327e2c742012e/element - {"using":"xpath","value":"//span[contains(text(), \"English\")]"}
RESULT: {"using":"xpath","value":"//span[contains(text(), \"English\")]"}
COMMAND: POST /session/a86e82d57c1d2c57643327e2c742012e/element/f.91EF58FC5DC15A3E2D09041E6D6CFBFA.d.072AF3939A2E8E40C10C54327887745E.e.596/click - {}
RESULT: {}
COMMAND: POST /session/a86e82d57c1d2c57643327e2c742012e/execute/async - {"script":"<script> [1562 bytes]","args":[{"selector":{"controlType":"sap.m.Input","viewName":"etm.portal.ui.addressmanagement.view.NewAddress","labelFor":{"text":"Name"},"interaction":{"idSuffix":"inner"}},"wdio_ui5_key":"etmportal.ui.addressmanagement.view.NewAddresssap.m.Input{\"text\":\"Name\"}"}]}
COMMAND: GET /session/a86e82d57c1d2c57643327e2c742012e/screenshot - {}
RESULT: {"script":"<script> [1562 bytes]","args":[{"selector":{"controlType":"sap.m.Input","viewName":"etm.portal.ui.addressmanagement.view.NewAddress","labelFor":{"text":"Name"},"interaction":{"idSuffix":"inner"}},"wdio_ui5_key":"etmportal.ui.addressmanagement.view.NewAddresssap.m.Input{\"text\":\"Name\"}"}]}
RESULT: undefined
COMMAND: POST /session/a86e82d57c1d2c57643327e2c742012e/execute/async - {"script":"<script> [776 bytes]","args":[{"enterText":"uQKPf1klZn","selector":{"controlType":"sap.m.Input","viewName":"etm.portal.ui.addressmanagement.view.NewAddress","labelFor":{"text":"Name"},"interaction":{"idSuffix":"inner"}},"clearTextFirst":true,"interactionType":"ENTER_TEXT"}]}
RESULT: {}
RESULT: {"script":"<script> [776 bytes]","args":[{"enterText":"uQKPf1klZn","selector":{"controlType":"sap.m.Input","viewName":"etm.portal.ui.addressmanagement.view.NewAddress","labelFor":{"text":"Name"},"interaction":{"idSuffix":"inner"}},"clearTextFirst":true,"interactionType":"ENTER_TEXT"}]}
COMMAND: POST /session/a86e82d57c1d2c57643327e2c742012e/element - {"using":"xpath","value":"//button[@title=\"Save\"]"}
RESULT: {"using":"xpath","value":"//button[@title=\"Save\"]"}
COMMAND: POST /session/a86e82d57c1d2c57643327e2c742012e/element/f.91EF58FC5DC15A3E2D09041E6D6CFBFA.d.072AF3939A2E8E40C10C54327887745E.e.576/click - {}
RESULT: {}
COMMAND: GET /session/a86e82d57c1d2c57643327e2c742012e/screenshot - {}
RESULT: {}
COMMAND: POST /session/a86e82d57c1d2c57643327e2c742012e/element - {"using":"xpath","value":"//header[contains(@id, \"application-addressmanagement-display-component---detailAdm--ObjectPageLayout-headerTitle\")]/div[1]/div[3]/div[2]/span"}
RESULT: {"using":"xpath","value":"//header[contains(@id, \"application-addressmanagement-display-component---detailAdm--ObjectPageLayout-headerTitle\")]/div[1]/div[3]/div[2]/span"}
COMMAND: POST /session/a86e82d57c1d2c57643327e2c742012e/elements - {"using":"xpath","value":"//header[contains(@id, \"application-addressmanagement-display-component---detailAdm--ObjectPageLayout-headerTitle\")]/div[1]/div[3]/div[2]/span"}
RESULT: {"using":"xpath","value":"//header[contains(@id, \"application-addressmanagement-display-component---detailAdm--ObjectPageLayout-headerTitle\")]/div[1]/div[3]/div[2]/span"}
COMMAND: POST /session/a86e82d57c1d2c57643327e2c742012e/execute/sync - {"script":"<script> [56 bytes]","args":[{"element-6066-11e4-a52e-4f735466cecf":"f.91EF58FC5DC15A3E2D09041E6D6CFBFA.d.072AF3939A2E8E40C10C54327887745E.e.624","ELEMENT":"f.91EF58FC5DC15A3E2D09041E6D6CFBFA.d.072AF3939A2E8E40C10C54327887745E.e.624"}]}
RESULT: {"script":"<script> [56 bytes]","args":[{"element-6066-11e4-a52e-4f735466cecf":"f.91EF58FC5DC15A3E2D09041E6D6CFBFA.d.072AF3939A2E8E40C10C54327887745E.e.624","ELEMENT":"f.91EF58FC5DC15A3E2D09041E6D6CFBFA.d.072AF3939A2E8E40C10C54327887745E.e.624"}]}
COMMAND: GET /session/a86e82d57c1d2c57643327e2c742012e/screenshot - {}
RESULT: {}
COMMAND: POST /session/a86e82d57c1d2c57643327e2c742012e/element - {"using":"css selector","value":"#shell-header-logo"}
RESULT: {"using":"css selector","value":"#shell-header-logo"}
COMMAND: POST /session/a86e82d57c1d2c57643327e2c742012e/element/f.91EF58FC5DC15A3E2D09041E6D6CFBFA.d.072AF3939A2E8E40C10C54327887745E.e.274/click - {}
RESULT: {}
COMMAND: GET /session/a86e82d57c1d2c57643327e2c742012e/screenshot - {}
RESULT: {}
]]></system-out>
    </testcase>
    <testcase classname="chrome.136_0_7103_93.windows.Address_Management_Tests_US151165_US151160" name="Step 2 Should deactivate the created address in earlier step US151165" time="46.007">
      <system-out><![CDATA[
RESULT: undefined
COMMAND: POST /session/a86e82d57c1d2c57643327e2c742012e/element - {"using":"xpath","value":"//*[@id=\"__tile33\"]"}
RESULT: {"using":"xpath","value":"//*[@id=\"__tile33\"]"}
COMMAND: POST /session/a86e82d57c1d2c57643327e2c742012e/element/f.91EF58FC5DC15A3E2D09041E6D6CFBFA.d.072AF3939A2E8E40C10C54327887745E.e.225/click - {}
RESULT: {}
COMMAND: GET /session/a86e82d57c1d2c57643327e2c742012e/screenshot - {}
RESULT: {}
COMMAND: POST /session/a86e82d57c1d2c57643327e2c742012e/elements - {"using":"xpath","value":"//span[text()='Error']"}
RESULT: {"using":"xpath","value":"//span[text()='Error']"}
COMMAND: POST /session/a86e82d57c1d2c57643327e2c742012e/element - {"using":"xpath","value":"//button[@data-kt=\"addButton\"]"}
RESULT: {"using":"xpath","value":"//button[@data-kt=\"addButton\"]"}
COMMAND: POST /session/a86e82d57c1d2c57643327e2c742012e/elements - {"using":"xpath","value":"//button[@data-kt=\"addButton\"]"}
RESULT: {"using":"xpath","value":"//button[@data-kt=\"addButton\"]"}
COMMAND: POST /session/a86e82d57c1d2c57643327e2c742012e/execute/sync - {"script":"<script> [8489 bytes]","args":[{"element-6066-11e4-a52e-4f735466cecf":"f.91EF58FC5DC15A3E2D09041E6D6CFBFA.d.072AF3939A2E8E40C10C54327887745E.e.672","ELEMENT":"f.91EF58FC5DC15A3E2D09041E6D6CFBFA.d.072AF3939A2E8E40C10C54327887745E.e.672"}]}
RESULT: {"script":"<script> [8489 bytes]","args":[{"element-6066-11e4-a52e-4f735466cecf":"f.91EF58FC5DC15A3E2D09041E6D6CFBFA.d.072AF3939A2E8E40C10C54327887745E.e.672","ELEMENT":"f.91EF58FC5DC15A3E2D09041E6D6CFBFA.d.072AF3939A2E8E40C10C54327887745E.e.672"}]}
COMMAND: GET /session/a86e82d57c1d2c57643327e2c742012e/element/f.91EF58FC5DC15A3E2D09041E6D6CFBFA.d.072AF3939A2E8E40C10C54327887745E.e.672/enabled - {}
COMMAND: GET /session/a86e82d57c1d2c57643327e2c742012e/screenshot - {}
RESULT: {}
COMMAND: POST /session/a86e82d57c1d2c57643327e2c742012e/execute/sync - {"script":"<script> [8489 bytes]","args":[{"element-6066-11e4-a52e-4f735466cecf":"f.91EF58FC5DC15A3E2D09041E6D6CFBFA.d.072AF3939A2E8E40C10C54327887745E.e.672","ELEMENT":"f.91EF58FC5DC15A3E2D09041E6D6CFBFA.d.072AF3939A2E8E40C10C54327887745E.e.672"}]}
COMMAND: GET /session/a86e82d57c1d2c57643327e2c742012e/screenshot - {}
RESULT: {}
RESULT: {"script":"<script> [8489 bytes]","args":[{"element-6066-11e4-a52e-4f735466cecf":"f.91EF58FC5DC15A3E2D09041E6D6CFBFA.d.072AF3939A2E8E40C10C54327887745E.e.672","ELEMENT":"f.91EF58FC5DC15A3E2D09041E6D6CFBFA.d.072AF3939A2E8E40C10C54327887745E.e.672"}]}
COMMAND: POST /session/a86e82d57c1d2c57643327e2c742012e/execute/sync - {"script":"<script> [5351 bytes]","args":[{"element-6066-11e4-a52e-4f735466cecf":"f.91EF58FC5DC15A3E2D09041E6D6CFBFA.d.072AF3939A2E8E40C10C54327887745E.e.672","ELEMENT":"f.91EF58FC5DC15A3E2D09041E6D6CFBFA.d.072AF3939A2E8E40C10C54327887745E.e.672"}]}
COMMAND: GET /session/a86e82d57c1d2c57643327e2c742012e/screenshot - {}
RESULT: {}
RESULT: {"script":"<script> [5351 bytes]","args":[{"element-6066-11e4-a52e-4f735466cecf":"f.91EF58FC5DC15A3E2D09041E6D6CFBFA.d.072AF3939A2E8E40C10C54327887745E.e.672","ELEMENT":"f.91EF58FC5DC15A3E2D09041E6D6CFBFA.d.072AF3939A2E8E40C10C54327887745E.e.672"}]}
COMMAND: GET /session/a86e82d57c1d2c57643327e2c742012e/screenshot - {}
RESULT: {}
RESULT: {}
RESULT: undefined
COMMAND: POST /session/a86e82d57c1d2c57643327e2c742012e/execute/async - {"script":"<script> [776 bytes]","args":[{"enterText":"uQKPf1klZn","selector":{"id":"application-addressmanagement-display-component---masterAdm--smartFilterBar-btnBasicSearch","interaction":{"idSuffix":"I"}},"clearTextFirst":true,"interactionType":"ENTER_TEXT"}]}
RESULT: {"script":"<script> [776 bytes]","args":[{"enterText":"uQKPf1klZn","selector":{"id":"application-addressmanagement-display-component---masterAdm--smartFilterBar-btnBasicSearch","interaction":{"idSuffix":"I"}},"clearTextFirst":true,"interactionType":"ENTER_TEXT"}]}
COMMAND: POST /session/a86e82d57c1d2c57643327e2c742012e/actions - {"actions":[{"id":"action2","type":"key","parameters":{},"actions":[{"type":"keyDown","value":"î€‡"},{"type":"pause","duration":10},{"type":"keyUp","value":"î€‡"}]}]}
RESULT: {"actions":[{"id":"action2","type":"key","parameters":{},"actions":[{"type":"keyDown","value":"î€‡"},{"type":"pause","duration":10},{"type":"keyUp","value":"î€‡"}]}]}
COMMAND: GET /session/a86e82d57c1d2c57643327e2c742012e/screenshot - {}
RESULT: {}
COMMAND: POST /session/a86e82d57c1d2c57643327e2c742012e/elements - {"using":"xpath","value":"//table[contains(@id, \"customPersonsAddressesTable-listUl\")]/tbody/tr"}
RESULT: {"using":"xpath","value":"//table[contains(@id, \"customPersonsAddressesTable-listUl\")]/tbody/tr"}
COMMAND: POST /session/a86e82d57c1d2c57643327e2c742012e/element - {"using":"xpath","value":"//table[contains(@id, \"customPersonsAddressesTable-listUl\")]/tbody/tr[1]/td[5]/span/span"}
RESULT: {"using":"xpath","value":"//table[contains(@id, \"customPersonsAddressesTable-listUl\")]/tbody/tr[1]/td[5]/span/span"}
COMMAND: POST /session/a86e82d57c1d2c57643327e2c742012e/element - {"using":"xpath","value":"//table[contains(@id, \"customPersonsAddressesTable-listUl\")]/tbody/tr[1]/td[3]/span"}
RESULT: {"using":"xpath","value":"//table[contains(@id, \"customPersonsAddressesTable-listUl\")]/tbody/tr[1]/td[3]/span"}
COMMAND: POST /session/a86e82d57c1d2c57643327e2c742012e/elements - {"using":"xpath","value":"//table[contains(@id, \"customPersonsAddressesTable-listUl\")]/tbody/tr[1]/td[5]/span/span"}
RESULT: {"using":"xpath","value":"//table[contains(@id, \"customPersonsAddressesTable-listUl\")]/tbody/tr[1]/td[5]/span/span"}
COMMAND: POST /session/a86e82d57c1d2c57643327e2c742012e/execute/sync - {"script":"<script> [56 bytes]","args":[{"element-6066-11e4-a52e-4f735466cecf":"f.91EF58FC5DC15A3E2D09041E6D6CFBFA.d.072AF3939A2E8E40C10C54327887745E.e.819","ELEMENT":"f.91EF58FC5DC15A3E2D09041E6D6CFBFA.d.072AF3939A2E8E40C10C54327887745E.e.819"}]}
RESULT: {"script":"<script> [56 bytes]","args":[{"element-6066-11e4-a52e-4f735466cecf":"f.91EF58FC5DC15A3E2D09041E6D6CFBFA.d.072AF3939A2E8E40C10C54327887745E.e.819","ELEMENT":"f.91EF58FC5DC15A3E2D09041E6D6CFBFA.d.072AF3939A2E8E40C10C54327887745E.e.819"}]}
COMMAND: POST /session/a86e82d57c1d2c57643327e2c742012e/execute/sync - {"script":"<script> [56 bytes]","args":[{"element-6066-11e4-a52e-4f735466cecf":"f.91EF58FC5DC15A3E2D09041E6D6CFBFA.d.072AF3939A2E8E40C10C54327887745E.e.820","ELEMENT":"f.91EF58FC5DC15A3E2D09041E6D6CFBFA.d.072AF3939A2E8E40C10C54327887745E.e.820"}]}
COMMAND: GET /session/a86e82d57c1d2c57643327e2c742012e/screenshot - {}
RESULT: {"script":"<script> [56 bytes]","args":[{"element-6066-11e4-a52e-4f735466cecf":"f.91EF58FC5DC15A3E2D09041E6D6CFBFA.d.072AF3939A2E8E40C10C54327887745E.e.820","ELEMENT":"f.91EF58FC5DC15A3E2D09041E6D6CFBFA.d.072AF3939A2E8E40C10C54327887745E.e.820"}]}
COMMAND: POST /session/a86e82d57c1d2c57643327e2c742012e/element - {"using":"xpath","value":"//table[contains(@id, \"customPersonsAddressesTable-listUl\")]/tbody/tr[1]/td[10]/div/span"}
COMMAND: GET /session/a86e82d57c1d2c57643327e2c742012e/screenshot - {}
RESULT: {}
RESULT: {"using":"xpath","value":"//table[contains(@id, \"customPersonsAddressesTable-listUl\")]/tbody/tr[1]/td[10]/div/span"}
COMMAND: POST /session/a86e82d57c1d2c57643327e2c742012e/execute/sync - {"script":"<script> [56 bytes]","args":[{"element-6066-11e4-a52e-4f735466cecf":"f.91EF58FC5DC15A3E2D09041E6D6CFBFA.d.072AF3939A2E8E40C10C54327887745E.e.821","ELEMENT":"f.91EF58FC5DC15A3E2D09041E6D6CFBFA.d.072AF3939A2E8E40C10C54327887745E.e.821"}]}
RESULT: {}
RESULT: {"script":"<script> [56 bytes]","args":[{"element-6066-11e4-a52e-4f735466cecf":"f.91EF58FC5DC15A3E2D09041E6D6CFBFA.d.072AF3939A2E8E40C10C54327887745E.e.821","ELEMENT":"f.91EF58FC5DC15A3E2D09041E6D6CFBFA.d.072AF3939A2E8E40C10C54327887745E.e.821"}]}
COMMAND: POST /session/a86e82d57c1d2c57643327e2c742012e/element - {"using":"xpath","value":"//table[contains(@id, \"customPersonsAddressesTable-listUl\")]/tbody/tr[1]/td[2]/div/div"}
COMMAND: GET /session/a86e82d57c1d2c57643327e2c742012e/screenshot - {}
RESULT: {"using":"xpath","value":"//table[contains(@id, \"customPersonsAddressesTable-listUl\")]/tbody/tr[1]/td[2]/div/div"}
COMMAND: POST /session/a86e82d57c1d2c57643327e2c742012e/element/f.91EF58FC5DC15A3E2D09041E6D6CFBFA.d.072AF3939A2E8E40C10C54327887745E.e.822/click - {}
RESULT: {}
RESULT: {}
COMMAND: GET /session/a86e82d57c1d2c57643327e2c742012e/screenshot - {}
RESULT: {}
COMMAND: POST /session/a86e82d57c1d2c57643327e2c742012e/element - {"using":"xpath","value":"//bdi[contains(text(), \"Deactivate\")]"}
RESULT: {"using":"xpath","value":"//bdi[contains(text(), \"Deactivate\")]"}
COMMAND: POST /session/a86e82d57c1d2c57643327e2c742012e/element/f.91EF58FC5DC15A3E2D09041E6D6CFBFA.d.072AF3939A2E8E40C10C54327887745E.e.823/click - {}
RESULT: {}
COMMAND: GET /session/a86e82d57c1d2c57643327e2c742012e/screenshot - {}
RESULT: {}
COMMAND: POST /session/a86e82d57c1d2c57643327e2c742012e/element - {"using":"xpath","value":"//bdi[contains(text(), \"Yes\")]"}
RESULT: {"using":"xpath","value":"//bdi[contains(text(), \"Yes\")]"}
COMMAND: POST /session/a86e82d57c1d2c57643327e2c742012e/element/f.91EF58FC5DC15A3E2D09041E6D6CFBFA.d.072AF3939A2E8E40C10C54327887745E.e.825/click - {}
RESULT: {}
COMMAND: GET /session/a86e82d57c1d2c57643327e2c742012e/screenshot - {}
RESULT: {}
COMMAND: POST /session/a86e82d57c1d2c57643327e2c742012e/element - {"using":"xpath","value":"//table[contains(@id, \"customPersonsAddressesTable-listUl\")]/tbody/tr[1]/td[10]/div/span"}
RESULT: {"using":"xpath","value":"//table[contains(@id, \"customPersonsAddressesTable-listUl\")]/tbody/tr[1]/td[10]/div/span"}
COMMAND: POST /session/a86e82d57c1d2c57643327e2c742012e/execute/sync - {"script":"<script> [56 bytes]","args":[{"element-6066-11e4-a52e-4f735466cecf":"f.91EF58FC5DC15A3E2D09041E6D6CFBFA.d.072AF3939A2E8E40C10C54327887745E.e.821","ELEMENT":"f.91EF58FC5DC15A3E2D09041E6D6CFBFA.d.072AF3939A2E8E40C10C54327887745E.e.821"}]}
RESULT: {"script":"<script> [56 bytes]","args":[{"element-6066-11e4-a52e-4f735466cecf":"f.91EF58FC5DC15A3E2D09041E6D6CFBFA.d.072AF3939A2E8E40C10C54327887745E.e.821","ELEMENT":"f.91EF58FC5DC15A3E2D09041E6D6CFBFA.d.072AF3939A2E8E40C10C54327887745E.e.821"}]}
COMMAND: GET /session/a86e82d57c1d2c57643327e2c742012e/screenshot - {}
RESULT: {}
COMMAND: POST /session/a86e82d57c1d2c57643327e2c742012e/element - {"using":"css selector","value":"#shell-header-logo"}
RESULT: {"using":"css selector","value":"#shell-header-logo"}
COMMAND: POST /session/a86e82d57c1d2c57643327e2c742012e/element/f.91EF58FC5DC15A3E2D09041E6D6CFBFA.d.072AF3939A2E8E40C10C54327887745E.e.629/click - {}
RESULT: {}
COMMAND: GET /session/a86e82d57c1d2c57643327e2c742012e/screenshot - {}
RESULT: {}
]]></system-out>
    </testcase>
    <testcase classname="chrome.136_0_7103_93.windows.Address_Management_Tests_US151165_US151160" name="Step 3 Should activate the created address back again US151160" time="46.606">
      <system-out><![CDATA[
RESULT: undefined
COMMAND: POST /session/a86e82d57c1d2c57643327e2c742012e/element - {"using":"xpath","value":"//*[@id=\"__tile33\"]"}
RESULT: {"using":"xpath","value":"//*[@id=\"__tile33\"]"}
COMMAND: POST /session/a86e82d57c1d2c57643327e2c742012e/element/f.91EF58FC5DC15A3E2D09041E6D6CFBFA.d.072AF3939A2E8E40C10C54327887745E.e.225/click - {}
RESULT: {}
COMMAND: GET /session/a86e82d57c1d2c57643327e2c742012e/screenshot - {}
COMMAND: POST /session/a86e82d57c1d2c57643327e2c742012e/elements - {"using":"xpath","value":"//span[text()='Error']"}
RESULT: {}
RESULT: {"using":"xpath","value":"//span[text()='Error']"}
COMMAND: POST /session/a86e82d57c1d2c57643327e2c742012e/element - {"using":"xpath","value":"//button[@data-kt=\"addButton\"]"}
RESULT: {"using":"xpath","value":"//button[@data-kt=\"addButton\"]"}
COMMAND: POST /session/a86e82d57c1d2c57643327e2c742012e/elements - {"using":"xpath","value":"//button[@data-kt=\"addButton\"]"}
RESULT: {"using":"xpath","value":"//button[@data-kt=\"addButton\"]"}
COMMAND: POST /session/a86e82d57c1d2c57643327e2c742012e/execute/sync - {"script":"<script> [8489 bytes]","args":[{"element-6066-11e4-a52e-4f735466cecf":"f.91EF58FC5DC15A3E2D09041E6D6CFBFA.d.072AF3939A2E8E40C10C54327887745E.e.871","ELEMENT":"f.91EF58FC5DC15A3E2D09041E6D6CFBFA.d.072AF3939A2E8E40C10C54327887745E.e.871"}]}
RESULT: {"script":"<script> [8489 bytes]","args":[{"element-6066-11e4-a52e-4f735466cecf":"f.91EF58FC5DC15A3E2D09041E6D6CFBFA.d.072AF3939A2E8E40C10C54327887745E.e.871","ELEMENT":"f.91EF58FC5DC15A3E2D09041E6D6CFBFA.d.072AF3939A2E8E40C10C54327887745E.e.871"}]}
COMMAND: GET /session/a86e82d57c1d2c57643327e2c742012e/element/f.91EF58FC5DC15A3E2D09041E6D6CFBFA.d.072AF3939A2E8E40C10C54327887745E.e.871/enabled - {}
COMMAND: GET /session/a86e82d57c1d2c57643327e2c742012e/screenshot - {}
RESULT: {}
COMMAND: POST /session/a86e82d57c1d2c57643327e2c742012e/execute/sync - {"script":"<script> [8489 bytes]","args":[{"element-6066-11e4-a52e-4f735466cecf":"f.91EF58FC5DC15A3E2D09041E6D6CFBFA.d.072AF3939A2E8E40C10C54327887745E.e.871","ELEMENT":"f.91EF58FC5DC15A3E2D09041E6D6CFBFA.d.072AF3939A2E8E40C10C54327887745E.e.871"}]}
COMMAND: GET /session/a86e82d57c1d2c57643327e2c742012e/screenshot - {}
RESULT: {}
RESULT: {"script":"<script> [8489 bytes]","args":[{"element-6066-11e4-a52e-4f735466cecf":"f.91EF58FC5DC15A3E2D09041E6D6CFBFA.d.072AF3939A2E8E40C10C54327887745E.e.871","ELEMENT":"f.91EF58FC5DC15A3E2D09041E6D6CFBFA.d.072AF3939A2E8E40C10C54327887745E.e.871"}]}
COMMAND: POST /session/a86e82d57c1d2c57643327e2c742012e/execute/sync - {"script":"<script> [5351 bytes]","args":[{"element-6066-11e4-a52e-4f735466cecf":"f.91EF58FC5DC15A3E2D09041E6D6CFBFA.d.072AF3939A2E8E40C10C54327887745E.e.871","ELEMENT":"f.91EF58FC5DC15A3E2D09041E6D6CFBFA.d.072AF3939A2E8E40C10C54327887745E.e.871"}]}
COMMAND: GET /session/a86e82d57c1d2c57643327e2c742012e/screenshot - {}
RESULT: {}
RESULT: {"script":"<script> [5351 bytes]","args":[{"element-6066-11e4-a52e-4f735466cecf":"f.91EF58FC5DC15A3E2D09041E6D6CFBFA.d.072AF3939A2E8E40C10C54327887745E.e.871","ELEMENT":"f.91EF58FC5DC15A3E2D09041E6D6CFBFA.d.072AF3939A2E8E40C10C54327887745E.e.871"}]}
COMMAND: GET /session/a86e82d57c1d2c57643327e2c742012e/screenshot - {}
RESULT: {}
RESULT: {}
RESULT: undefined
COMMAND: POST /session/a86e82d57c1d2c57643327e2c742012e/execute/async - {"script":"<script> [776 bytes]","args":[{"enterText":"uQKPf1klZn","selector":{"id":"application-addressmanagement-display-component---masterAdm--smartFilterBar-btnBasicSearch","interaction":{"idSuffix":"I"}},"clearTextFirst":true,"interactionType":"ENTER_TEXT"}]}
RESULT: {"script":"<script> [776 bytes]","args":[{"enterText":"uQKPf1klZn","selector":{"id":"application-addressmanagement-display-component---masterAdm--smartFilterBar-btnBasicSearch","interaction":{"idSuffix":"I"}},"clearTextFirst":true,"interactionType":"ENTER_TEXT"}]}
COMMAND: POST /session/a86e82d57c1d2c57643327e2c742012e/actions - {"actions":[{"id":"action3","type":"key","parameters":{},"actions":[{"type":"keyDown","value":"î€‡"},{"type":"pause","duration":10},{"type":"keyUp","value":"î€‡"}]}]}
RESULT: {"actions":[{"id":"action3","type":"key","parameters":{},"actions":[{"type":"keyDown","value":"î€‡"},{"type":"pause","duration":10},{"type":"keyUp","value":"î€‡"}]}]}
COMMAND: GET /session/a86e82d57c1d2c57643327e2c742012e/screenshot - {}
RESULT: {}
COMMAND: POST /session/a86e82d57c1d2c57643327e2c742012e/elements - {"using":"xpath","value":"//table[contains(@id, \"customPersonsAddressesTable-listUl\")]/tbody/tr"}
RESULT: {"using":"xpath","value":"//table[contains(@id, \"customPersonsAddressesTable-listUl\")]/tbody/tr"}
COMMAND: POST /session/a86e82d57c1d2c57643327e2c742012e/element - {"using":"xpath","value":"//table[contains(@id, \"customPersonsAddressesTable-listUl\")]/tbody/tr[1]/td[5]/span/span"}
RESULT: {"using":"xpath","value":"//table[contains(@id, \"customPersonsAddressesTable-listUl\")]/tbody/tr[1]/td[5]/span/span"}
COMMAND: POST /session/a86e82d57c1d2c57643327e2c742012e/element - {"using":"xpath","value":"//table[contains(@id, \"customPersonsAddressesTable-listUl\")]/tbody/tr[1]/td[3]/span"}
RESULT: {"using":"xpath","value":"//table[contains(@id, \"customPersonsAddressesTable-listUl\")]/tbody/tr[1]/td[3]/span"}
COMMAND: POST /session/a86e82d57c1d2c57643327e2c742012e/elements - {"using":"xpath","value":"//table[contains(@id, \"customPersonsAddressesTable-listUl\")]/tbody/tr[1]/td[5]/span/span"}
RESULT: {"using":"xpath","value":"//table[contains(@id, \"customPersonsAddressesTable-listUl\")]/tbody/tr[1]/td[5]/span/span"}
COMMAND: POST /session/a86e82d57c1d2c57643327e2c742012e/execute/sync - {"script":"<script> [56 bytes]","args":[{"element-6066-11e4-a52e-4f735466cecf":"f.91EF58FC5DC15A3E2D09041E6D6CFBFA.d.072AF3939A2E8E40C10C54327887745E.e.1022","ELEMENT":"f.91EF58FC5DC15A3E2D09041E6D6CFBFA.d.072AF3939A2E8E40C10C54327887745E.e.1022"}]}
RESULT: {"script":"<script> [56 bytes]","args":[{"element-6066-11e4-a52e-4f735466cecf":"f.91EF58FC5DC15A3E2D09041E6D6CFBFA.d.072AF3939A2E8E40C10C54327887745E.e.1022","ELEMENT":"f.91EF58FC5DC15A3E2D09041E6D6CFBFA.d.072AF3939A2E8E40C10C54327887745E.e.1022"}]}
COMMAND: POST /session/a86e82d57c1d2c57643327e2c742012e/execute/sync - {"script":"<script> [56 bytes]","args":[{"element-6066-11e4-a52e-4f735466cecf":"f.91EF58FC5DC15A3E2D09041E6D6CFBFA.d.072AF3939A2E8E40C10C54327887745E.e.1023","ELEMENT":"f.91EF58FC5DC15A3E2D09041E6D6CFBFA.d.072AF3939A2E8E40C10C54327887745E.e.1023"}]}
COMMAND: GET /session/a86e82d57c1d2c57643327e2c742012e/screenshot - {}
RESULT: {"script":"<script> [56 bytes]","args":[{"element-6066-11e4-a52e-4f735466cecf":"f.91EF58FC5DC15A3E2D09041E6D6CFBFA.d.072AF3939A2E8E40C10C54327887745E.e.1023","ELEMENT":"f.91EF58FC5DC15A3E2D09041E6D6CFBFA.d.072AF3939A2E8E40C10C54327887745E.e.1023"}]}
COMMAND: POST /session/a86e82d57c1d2c57643327e2c742012e/element - {"using":"xpath","value":"//table[contains(@id, \"customPersonsAddressesTable-listUl\")]/tbody/tr[1]/td[10]/div/span"}
COMMAND: GET /session/a86e82d57c1d2c57643327e2c742012e/screenshot - {}
RESULT: {}
RESULT: {"using":"xpath","value":"//table[contains(@id, \"customPersonsAddressesTable-listUl\")]/tbody/tr[1]/td[10]/div/span"}
COMMAND: POST /session/a86e82d57c1d2c57643327e2c742012e/execute/sync - {"script":"<script> [56 bytes]","args":[{"element-6066-11e4-a52e-4f735466cecf":"f.91EF58FC5DC15A3E2D09041E6D6CFBFA.d.072AF3939A2E8E40C10C54327887745E.e.1024","ELEMENT":"f.91EF58FC5DC15A3E2D09041E6D6CFBFA.d.072AF3939A2E8E40C10C54327887745E.e.1024"}]}
RESULT: {}
RESULT: {"script":"<script> [56 bytes]","args":[{"element-6066-11e4-a52e-4f735466cecf":"f.91EF58FC5DC15A3E2D09041E6D6CFBFA.d.072AF3939A2E8E40C10C54327887745E.e.1024","ELEMENT":"f.91EF58FC5DC15A3E2D09041E6D6CFBFA.d.072AF3939A2E8E40C10C54327887745E.e.1024"}]}
COMMAND: POST /session/a86e82d57c1d2c57643327e2c742012e/element - {"using":"xpath","value":"//table[contains(@id, \"customPersonsAddressesTable-listUl\")]/tbody/tr[1]/td[2]/div/div"}
COMMAND: GET /session/a86e82d57c1d2c57643327e2c742012e/screenshot - {}
RESULT: {"using":"xpath","value":"//table[contains(@id, \"customPersonsAddressesTable-listUl\")]/tbody/tr[1]/td[2]/div/div"}
COMMAND: POST /session/a86e82d57c1d2c57643327e2c742012e/element/f.91EF58FC5DC15A3E2D09041E6D6CFBFA.d.072AF3939A2E8E40C10C54327887745E.e.1025/click - {}
RESULT: {}
RESULT: {}
COMMAND: GET /session/a86e82d57c1d2c57643327e2c742012e/screenshot - {}
RESULT: {}
COMMAND: POST /session/a86e82d57c1d2c57643327e2c742012e/element - {"using":"xpath","value":"//bdi[contains(text(), \"Activate\")]"}
RESULT: {"using":"xpath","value":"//bdi[contains(text(), \"Activate\")]"}
COMMAND: POST /session/a86e82d57c1d2c57643327e2c742012e/element/f.91EF58FC5DC15A3E2D09041E6D6CFBFA.d.072AF3939A2E8E40C10C54327887745E.e.1026/click - {}
RESULT: {}
COMMAND: GET /session/a86e82d57c1d2c57643327e2c742012e/screenshot - {}
RESULT: {}
COMMAND: POST /session/a86e82d57c1d2c57643327e2c742012e/element - {"using":"xpath","value":"//bdi[contains(text(), \"Yes\")]"}
RESULT: {"using":"xpath","value":"//bdi[contains(text(), \"Yes\")]"}
COMMAND: POST /session/a86e82d57c1d2c57643327e2c742012e/element/f.91EF58FC5DC15A3E2D09041E6D6CFBFA.d.072AF3939A2E8E40C10C54327887745E.e.1028/click - {}
RESULT: {}
COMMAND: GET /session/a86e82d57c1d2c57643327e2c742012e/screenshot - {}
RESULT: {}
COMMAND: POST /session/a86e82d57c1d2c57643327e2c742012e/element - {"using":"xpath","value":"//table[contains(@id, \"customPersonsAddressesTable-listUl\")]/tbody/tr[1]/td[10]/div/span"}
RESULT: {"using":"xpath","value":"//table[contains(@id, \"customPersonsAddressesTable-listUl\")]/tbody/tr[1]/td[10]/div/span"}
COMMAND: POST /session/a86e82d57c1d2c57643327e2c742012e/execute/sync - {"script":"<script> [56 bytes]","args":[{"element-6066-11e4-a52e-4f735466cecf":"f.91EF58FC5DC15A3E2D09041E6D6CFBFA.d.072AF3939A2E8E40C10C54327887745E.e.1024","ELEMENT":"f.91EF58FC5DC15A3E2D09041E6D6CFBFA.d.072AF3939A2E8E40C10C54327887745E.e.1024"}]}
RESULT: {"script":"<script> [56 bytes]","args":[{"element-6066-11e4-a52e-4f735466cecf":"f.91EF58FC5DC15A3E2D09041E6D6CFBFA.d.072AF3939A2E8E40C10C54327887745E.e.1024","ELEMENT":"f.91EF58FC5DC15A3E2D09041E6D6CFBFA.d.072AF3939A2E8E40C10C54327887745E.e.1024"}]}
COMMAND: GET /session/a86e82d57c1d2c57643327e2c742012e/screenshot - {}
RESULT: {}
COMMAND: POST /session/a86e82d57c1d2c57643327e2c742012e/element - {"using":"css selector","value":"#shell-header-logo"}
RESULT: {"using":"css selector","value":"#shell-header-logo"}
COMMAND: POST /session/a86e82d57c1d2c57643327e2c742012e/element/f.91EF58FC5DC15A3E2D09041E6D6CFBFA.d.072AF3939A2E8E40C10C54327887745E.e.833/click - {}
RESULT: {}
COMMAND: GET /session/a86e82d57c1d2c57643327e2c742012e/screenshot - {}
RESULT: {}
COMMAND: DELETE /session/a86e82d57c1d2c57643327e2c742012e - {}
RESULT: {}
]]></system-out>
    </testcase>
  </testsuite>
</testsuites>