<?xml version="1.0" encoding="UTF-8"?>
<testsuites tests="9" failures="0" errors="0" skipped="0">
  <testsuite timestamp="2025-05-06T15:49:43" time="88.59" tests="1" failures="0" errors="0" skipped="0">
    <properties>
      <property name="specId" value="0" />
      <property name="suiteName" value="Create a new catalogs section" />
      <property name="capabilities" value="chrome.135_0_7049_115.windows" />
      <property name="file" value="file:///D:/a/1/s/test/specs/R2C/create-new-webshop-catalog-section.spec.js" />
    </properties>
    <testcase classname="chrome.135_0_7049_115.windows.Create_a_new_catalogs_section" name="Should navigate to manage catalogs and add a new section on webshop catalog" time="69.456">
      <system-out><![CDATA[
COMMAND: POST /session/9922d70a8c737b1f7759c684aa08a55f/element - {"using":"xpath","value":"//*[contains(@href, 'etm.portal.ui.managecatalogs')]"}
RESULT: {"using":"xpath","value":"//*[contains(@href, 'etm.portal.ui.managecatalogs')]"}
COMMAND: POST /session/9922d70a8c737b1f7759c684aa08a55f/element/f.CBB1D6F42E6F9AF68048B8EF7F8EAAC4.d.7200C45B12CDEC7237B7D8CF9FDB28ED.e.109/click - {}
RESULT: {}
COMMAND: GET /session/9922d70a8c737b1f7759c684aa08a55f/screenshot - {}
RESULT: {}
COMMAND: POST /session/9922d70a8c737b1f7759c684aa08a55f/execute/async - {"script":"<script> [1562 bytes]","args":[{"selector":{"controlType":"sap.m.Text","viewName":"etm.portal.ui.managecatalogs.view.MasterCatalogs","viewId":"application-managecatalogs-display-component---masterCatalogs","bindingPath":{"path":"/Catalogs('0D7502D073D53A0F1700BE067B89AFF9')","propertyPath":"DESCRIPTION","modelName":"catalogModel"}},"wdio_ui5_key":"etmportal.ui.managecatalogs.view.MasterCatalogssap.m.Text{\"path\":\"/Catalogs('0D7502D073D53A0F1700BE067B89AFF9')\",\"propertyPath\":\"DESCRIPTION\",\"modelName\":\"catalogModel\"}"}]}
RESULT: {"script":"<script> [1562 bytes]","args":[{"selector":{"controlType":"sap.m.Text","viewName":"etm.portal.ui.managecatalogs.view.MasterCatalogs","viewId":"application-managecatalogs-display-component---masterCatalogs","bindingPath":{"path":"/Catalogs('0D7502D073D53A0F1700BE067B89AFF9')","propertyPath":"DESCRIPTION","modelName":"catalogModel"}},"wdio_ui5_key":"etmportal.ui.managecatalogs.view.MasterCatalogssap.m.Text{\"path\":\"/Catalogs('0D7502D073D53A0F1700BE067B89AFF9')\",\"propertyPath\":\"DESCRIPTION\",\"modelName\":\"catalogModel\"}"}]}
RESULT: undefined
COMMAND: POST /session/9922d70a8c737b1f7759c684aa08a55f/element - {"using":"xpath","value":"//*[@id=\"__text39-application-managecatalogs-display-component---masterCatalogs--CatalogsTable-11\"]"}
RESULT: {"using":"xpath","value":"//*[@id=\"__text39-application-managecatalogs-display-component---masterCatalogs--CatalogsTable-11\"]"}
COMMAND: POST /session/9922d70a8c737b1f7759c684aa08a55f/element/f.CBB1D6F42E6F9AF68048B8EF7F8EAAC4.d.7200C45B12CDEC7237B7D8CF9FDB28ED.e.137/click - {}
RESULT: {}
COMMAND: POST /session/9922d70a8c737b1f7759c684aa08a55f/execute/async - {"script":"<script> [1562 bytes]","args":[{"selector":{"controlType":"sap.ui.layout.HorizontalLayout","viewName":"etm.portal.ui.managecatalogs.view.MasterItems","viewId":"application-managecatalogs-display-component---masterCatalogItems","ancestor":{"id":"application-managecatalogs-display-component---masterCatalogItems--idCatalogItemsTree-rows-row0"}},"wdio_ui5_key":"etmportal.ui.managecatalogs.view.MasterItemssap.ui.layout.HorizontalLayout{\"id\":\"application-managecatalogs-display-component---masterCatalogItems--idCatalogItemsTree-rows-row0\"}"}]}
COMMAND: GET /session/9922d70a8c737b1f7759c684aa08a55f/screenshot - {}
RESULT: {"script":"<script> [1562 bytes]","args":[{"selector":{"controlType":"sap.ui.layout.HorizontalLayout","viewName":"etm.portal.ui.managecatalogs.view.MasterItems","viewId":"application-managecatalogs-display-component---masterCatalogItems","ancestor":{"id":"application-managecatalogs-display-component---masterCatalogItems--idCatalogItemsTree-rows-row0"}},"wdio_ui5_key":"etmportal.ui.managecatalogs.view.MasterItemssap.ui.layout.HorizontalLayout{\"id\":\"application-managecatalogs-display-component---masterCatalogItems--idCatalogItemsTree-rows-row0\"}"}]}
RESULT: undefined
COMMAND: POST /session/9922d70a8c737b1f7759c684aa08a55f/element - {"using":"xpath","value":"//*[@id=\"__layout3-__clone11\"]"}
RESULT: {}
RESULT: {"using":"xpath","value":"//*[@id=\"__layout3-__clone11\"]"}
COMMAND: POST /session/9922d70a8c737b1f7759c684aa08a55f/element/f.CBB1D6F42E6F9AF68048B8EF7F8EAAC4.d.7200C45B12CDEC7237B7D8CF9FDB28ED.e.173/click - {}
RESULT: {}
COMMAND: GET /session/9922d70a8c737b1f7759c684aa08a55f/screenshot - {}
RESULT: {}
COMMAND: POST /session/9922d70a8c737b1f7759c684aa08a55f/execute/async - {"script":"<script> [1562 bytes]","args":[{"selector":{"controlType":"sap.m.Button","viewName":"etm.portal.ui.managecatalogs.view.Detail","viewId":"application-managecatalogs-display-component---detailCatalog","i18NText":{"propertyName":"text","key":"edit"},"interaction":{"idSuffix":"BDI-content"}},"wdio_ui5_key":"etmportal.ui.managecatalogs.view.Detailsap.m.Button{\"propertyName\":\"text\",\"key\":\"edit\"}"}]}
RESULT: {"script":"<script> [1562 bytes]","args":[{"selector":{"controlType":"sap.m.Button","viewName":"etm.portal.ui.managecatalogs.view.Detail","viewId":"application-managecatalogs-display-component---detailCatalog","i18NText":{"propertyName":"text","key":"edit"},"interaction":{"idSuffix":"BDI-content"}},"wdio_ui5_key":"etmportal.ui.managecatalogs.view.Detailsap.m.Button{\"propertyName\":\"text\",\"key\":\"edit\"}"}]}
RESULT: undefined
COMMAND: POST /session/9922d70a8c737b1f7759c684aa08a55f/element - {"using":"xpath","value":"//*[@id=\"__button35\"]"}
RESULT: {"using":"xpath","value":"//*[@id=\"__button35\"]"}
COMMAND: POST /session/9922d70a8c737b1f7759c684aa08a55f/element/f.CBB1D6F42E6F9AF68048B8EF7F8EAAC4.d.7200C45B12CDEC7237B7D8CF9FDB28ED.e.284/click - {}
RESULT: {}
COMMAND: GET /session/9922d70a8c737b1f7759c684aa08a55f/screenshot - {}
RESULT: {}
COMMAND: POST /session/9922d70a8c737b1f7759c684aa08a55f/element - {"using":"xpath","value":"//bdi[contains(text(), \"Unlock\")]"}
RESULT: {"using":"xpath","value":"//bdi[contains(text(), \"Unlock\")]"}
COMMAND: POST /session/9922d70a8c737b1f7759c684aa08a55f/elements - {"using":"xpath","value":"//bdi[contains(text(), \"Unlock\")]"}
RESULT: {"using":"xpath","value":"//bdi[contains(text(), \"Unlock\")]"}
COMMAND: POST /session/9922d70a8c737b1f7759c684aa08a55f/execute/async - {"script":"<script> [1562 bytes]","args":[{"selector":{"controlType":"sap.ui.core.Icon","viewName":"etm.portal.ui.managecatalogs.view.Detail","viewId":"application-managecatalogs-display-component---detailCatalog","properties":{"src":{"regex":{"source":"add\\-folder"}}}},"wdio_ui5_key":"etmportal.ui.managecatalogs.view.Detailsap.ui.core.Icon{\"src\":{\"regex\":{\"source\":\"add\\\\-folder\"}}}"}]}
RESULT: {"script":"<script> [1562 bytes]","args":[{"selector":{"controlType":"sap.ui.core.Icon","viewName":"etm.portal.ui.managecatalogs.view.Detail","viewId":"application-managecatalogs-display-component---detailCatalog","properties":{"src":{"regex":{"source":"add\\-folder"}}}},"wdio_ui5_key":"etmportal.ui.managecatalogs.view.Detailsap.ui.core.Icon{\"src\":{\"regex\":{\"source\":\"add\\\\-folder\"}}}"}]}
RESULT: undefined
COMMAND: POST /session/9922d70a8c737b1f7759c684aa08a55f/element - {"using":"xpath","value":"//*[@id=\"__button43-img\"]"}
RESULT: {"using":"xpath","value":"//*[@id=\"__button43-img\"]"}
COMMAND: POST /session/9922d70a8c737b1f7759c684aa08a55f/element/f.CBB1D6F42E6F9AF68048B8EF7F8EAAC4.d.7200C45B12CDEC7237B7D8CF9FDB28ED.e.292/click - {}
RESULT: {}
COMMAND: GET /session/9922d70a8c737b1f7759c684aa08a55f/screenshot - {}
RESULT: {}
COMMAND: POST /session/9922d70a8c737b1f7759c684aa08a55f/execute/async - {"script":"<script> [1562 bytes]","args":[{"selector":{"id":"application-managecatalogs-display-component---detailCatalog--numberInput","searchOpenDialogs":true,"interaction":{"idSuffix":"inner"}},"wdio_ui5_key":"applicationmanagecatalogs-display-component---detailCatalog--numberInput"}]}
RESULT: {"script":"<script> [1562 bytes]","args":[{"selector":{"id":"application-managecatalogs-display-component---detailCatalog--numberInput","searchOpenDialogs":true,"interaction":{"idSuffix":"inner"}},"wdio_ui5_key":"applicationmanagecatalogs-display-component---detailCatalog--numberInput"}]}
RESULT: undefined
COMMAND: POST /session/9922d70a8c737b1f7759c684aa08a55f/execute/async - {"script":"<script> [776 bytes]","args":[{"enterText":"Sectionhpfas","selector":{"id":"application-managecatalogs-display-component---detailCatalog--numberInput","searchOpenDialogs":true,"interaction":{"idSuffix":"inner"}},"clearTextFirst":true,"interactionType":"ENTER_TEXT"}]}
RESULT: {"script":"<script> [776 bytes]","args":[{"enterText":"Sectionhpfas","selector":{"id":"application-managecatalogs-display-component---detailCatalog--numberInput","searchOpenDialogs":true,"interaction":{"idSuffix":"inner"}},"clearTextFirst":true,"interactionType":"ENTER_TEXT"}]}
COMMAND: POST /session/9922d70a8c737b1f7759c684aa08a55f/element - {"using":"css selector","value":"#application-managecatalogs-display-component---detailCatalog--nameInput-inner"}
RESULT: {"using":"css selector","value":"#application-managecatalogs-display-component---detailCatalog--nameInput-inner"}
COMMAND: POST /session/9922d70a8c737b1f7759c684aa08a55f/elements - {"using":"css selector","value":"#application-managecatalogs-display-component---detailCatalog--nameInput-inner"}
RESULT: {"using":"css selector","value":"#application-managecatalogs-display-component---detailCatalog--nameInput-inner"}
COMMAND: POST /session/9922d70a8c737b1f7759c684aa08a55f/element/f.CBB1D6F42E6F9AF68048B8EF7F8EAAC4.d.7200C45B12CDEC7237B7D8CF9FDB28ED.e.296/clear - {}
RESULT: {}
COMMAND: POST /session/9922d70a8c737b1f7759c684aa08a55f/element/f.CBB1D6F42E6F9AF68048B8EF7F8EAAC4.d.7200C45B12CDEC7237B7D8CF9FDB28ED.e.296/value - {"text":"Webdriverxrl8tg"}
COMMAND: GET /session/9922d70a8c737b1f7759c684aa08a55f/screenshot - {}
RESULT: {"text":"Webdriverxrl8tg"}
COMMAND: POST /session/9922d70a8c737b1f7759c684aa08a55f/execute/async - {"script":"<script> [1562 bytes]","args":[{"selector":{"controlType":"sap.m.Button","viewName":"etm.portal.ui.managecatalogs.view.Detail","viewId":"application-managecatalogs-display-component---detailCatalog","i18NText":{"propertyName":"text","key":"create"},"searchOpenDialogs":true,"interaction":{"idSuffix":"BDI-content"}},"wdio_ui5_key":"etmportal.ui.managecatalogs.view.Detailsap.m.Button{\"propertyName\":\"text\",\"key\":\"create\"}"}]}
COMMAND: GET /session/9922d70a8c737b1f7759c684aa08a55f/screenshot - {}
RESULT: {}
RESULT: {"script":"<script> [1562 bytes]","args":[{"selector":{"controlType":"sap.m.Button","viewName":"etm.portal.ui.managecatalogs.view.Detail","viewId":"application-managecatalogs-display-component---detailCatalog","i18NText":{"propertyName":"text","key":"create"},"searchOpenDialogs":true,"interaction":{"idSuffix":"BDI-content"}},"wdio_ui5_key":"etmportal.ui.managecatalogs.view.Detailsap.m.Button{\"propertyName\":\"text\",\"key\":\"create\"}"}]}
RESULT: undefined
COMMAND: POST /session/9922d70a8c737b1f7759c684aa08a55f/element - {"using":"xpath","value":"//*[@id=\"__button13\"]"}
RESULT: {}
RESULT: {"using":"xpath","value":"//*[@id=\"__button13\"]"}
COMMAND: POST /session/9922d70a8c737b1f7759c684aa08a55f/element/f.CBB1D6F42E6F9AF68048B8EF7F8EAAC4.d.7200C45B12CDEC7237B7D8CF9FDB28ED.e.302/click - {}
RESULT: {}
COMMAND: GET /session/9922d70a8c737b1f7759c684aa08a55f/screenshot - {}
RESULT: {}
COMMAND: POST /session/9922d70a8c737b1f7759c684aa08a55f/element - {"using":"xpath","value":"//button[@title=\"Save\"]"}
RESULT: {"using":"xpath","value":"//button[@title=\"Save\"]"}
COMMAND: POST /session/9922d70a8c737b1f7759c684aa08a55f/element/f.CBB1D6F42E6F9AF68048B8EF7F8EAAC4.d.7200C45B12CDEC7237B7D8CF9FDB28ED.e.303/click - {}
RESULT: {}
COMMAND: POST /session/9922d70a8c737b1f7759c684aa08a55f/execute/async - {"script":"<script> [1562 bytes]","args":[{"selector":{"controlType":"sap.ui.core.Icon","viewName":"etm.portal.ui.managecatalogs.view.Detail","viewId":"application-managecatalogs-display-component---detailCatalog","properties":{"src":{"regex":{"source":"decline"}}}},"wdio_ui5_key":"etmportal.ui.managecatalogs.view.Detailsap.ui.core.Icon{\"src\":{\"regex\":{\"source\":\"decline\"}}}"}]}
COMMAND: GET /session/9922d70a8c737b1f7759c684aa08a55f/screenshot - {}
RESULT: {"script":"<script> [1562 bytes]","args":[{"selector":{"controlType":"sap.ui.core.Icon","viewName":"etm.portal.ui.managecatalogs.view.Detail","viewId":"application-managecatalogs-display-component---detailCatalog","properties":{"src":{"regex":{"source":"decline"}}}},"wdio_ui5_key":"etmportal.ui.managecatalogs.view.Detailsap.ui.core.Icon{\"src\":{\"regex\":{\"source\":\"decline\"}}}"}]}
RESULT: undefined
COMMAND: POST /session/9922d70a8c737b1f7759c684aa08a55f/element - {"using":"xpath","value":"//*[@id=\"__button38-img\"]"}
RESULT: {}
RESULT: {"using":"xpath","value":"//*[@id=\"__button38-img\"]"}
COMMAND: POST /session/9922d70a8c737b1f7759c684aa08a55f/element/f.CBB1D6F42E6F9AF68048B8EF7F8EAAC4.d.7200C45B12CDEC7237B7D8CF9FDB28ED.e.309/click - {}
RESULT: {}
COMMAND: GET /session/9922d70a8c737b1f7759c684aa08a55f/screenshot - {}
RESULT: {}
COMMAND: POST /session/9922d70a8c737b1f7759c684aa08a55f/execute/async - {"script":"<script> [1562 bytes]","args":[{"selector":{"controlType":"sap.ui.core.Icon","viewName":"etm.portal.ui.managecatalogs.view.MasterItems","viewId":"application-managecatalogs-display-component---masterCatalogItems","properties":{"src":{"regex":{"source":"refresh"}}}},"wdio_ui5_key":"etmportal.ui.managecatalogs.view.MasterItemssap.ui.core.Icon{\"src\":{\"regex\":{\"source\":\"refresh\"}}}"}]}
RESULT: {"script":"<script> [1562 bytes]","args":[{"selector":{"controlType":"sap.ui.core.Icon","viewName":"etm.portal.ui.managecatalogs.view.MasterItems","viewId":"application-managecatalogs-display-component---masterCatalogItems","properties":{"src":{"regex":{"source":"refresh"}}}},"wdio_ui5_key":"etmportal.ui.managecatalogs.view.MasterItemssap.ui.core.Icon{\"src\":{\"regex\":{\"source\":\"refresh\"}}}"}]}
RESULT: undefined
COMMAND: POST /session/9922d70a8c737b1f7759c684aa08a55f/element - {"using":"xpath","value":"//*[@id=\"__button11-img\"]"}
RESULT: {"using":"xpath","value":"//*[@id=\"__button11-img\"]"}
COMMAND: POST /session/9922d70a8c737b1f7759c684aa08a55f/element/f.CBB1D6F42E6F9AF68048B8EF7F8EAAC4.d.7200C45B12CDEC7237B7D8CF9FDB28ED.e.343/click - {}
RESULT: {}
COMMAND: POST /session/9922d70a8c737b1f7759c684aa08a55f/execute/async - {"script":"<script> [1562 bytes]","args":[{"selector":{"id":"application-managecatalogs-display-component---masterCatalogItems--searchItemsField","interaction":{"idSuffix":"I"}},"wdio_ui5_key":"applicationmanagecatalogs-display-component---masterCatalogItems--searchItemsField"}]}
COMMAND: GET /session/9922d70a8c737b1f7759c684aa08a55f/screenshot - {}
RESULT: {"script":"<script> [1562 bytes]","args":[{"selector":{"id":"application-managecatalogs-display-component---masterCatalogItems--searchItemsField","interaction":{"idSuffix":"I"}},"wdio_ui5_key":"applicationmanagecatalogs-display-component---masterCatalogItems--searchItemsField"}]}
RESULT: undefined
COMMAND: POST /session/9922d70a8c737b1f7759c684aa08a55f/execute/async - {"script":"<script> [776 bytes]","args":[{"enterText":"Webdriverxrl8tg","selector":{"id":"application-managecatalogs-display-component---masterCatalogItems--searchItemsField","interaction":{"idSuffix":"I"}},"clearTextFirst":true,"interactionType":"ENTER_TEXT"}]}
RESULT: {}
RESULT: {"script":"<script> [776 bytes]","args":[{"enterText":"Webdriverxrl8tg","selector":{"id":"application-managecatalogs-display-component---masterCatalogItems--searchItemsField","interaction":{"idSuffix":"I"}},"clearTextFirst":true,"interactionType":"ENTER_TEXT"}]}
COMMAND: POST /session/9922d70a8c737b1f7759c684aa08a55f/actions - {"actions":[{"id":"action1","type":"key","parameters":{},"actions":[{"type":"keyDown","value":"î€‡"},{"type":"pause","duration":10},{"type":"keyUp","value":"î€‡"}]}]}
RESULT: {"actions":[{"id":"action1","type":"key","parameters":{},"actions":[{"type":"keyDown","value":"î€‡"},{"type":"pause","duration":10},{"type":"keyUp","value":"î€‡"}]}]}
COMMAND: POST /session/9922d70a8c737b1f7759c684aa08a55f/element - {"using":"xpath","value":"(//span[contains(text(), \"Webdriverxrl8tg\")])[1]"}
COMMAND: GET /session/9922d70a8c737b1f7759c684aa08a55f/screenshot - {}
RESULT: {"using":"xpath","value":"(//span[contains(text(), \"Webdriverxrl8tg\")])[1]"}
COMMAND: POST /session/9922d70a8c737b1f7759c684aa08a55f/element/f.CBB1D6F42E6F9AF68048B8EF7F8EAAC4.d.7200C45B12CDEC7237B7D8CF9FDB28ED.e.346/click - {}
RESULT: {}
RESULT: {}
COMMAND: GET /session/9922d70a8c737b1f7759c684aa08a55f/screenshot - {}
RESULT: {}
RESULT: undefined
COMMAND: POST /session/9922d70a8c737b1f7759c684aa08a55f/element - {"using":"xpath","value":"//*[@id=\"__button35\"]"}
RESULT: {"using":"xpath","value":"//*[@id=\"__button35\"]"}
COMMAND: POST /session/9922d70a8c737b1f7759c684aa08a55f/element/f.CBB1D6F42E6F9AF68048B8EF7F8EAAC4.d.7200C45B12CDEC7237B7D8CF9FDB28ED.e.383/click - {}
RESULT: {}
COMMAND: GET /session/9922d70a8c737b1f7759c684aa08a55f/screenshot - {}
RESULT: {}
RESULT: undefined
COMMAND: POST /session/9922d70a8c737b1f7759c684aa08a55f/element - {"using":"xpath","value":"//*[@id=\"__button43-img\"]"}
RESULT: {"using":"xpath","value":"//*[@id=\"__button43-img\"]"}
COMMAND: POST /session/9922d70a8c737b1f7759c684aa08a55f/element/f.CBB1D6F42E6F9AF68048B8EF7F8EAAC4.d.7200C45B12CDEC7237B7D8CF9FDB28ED.e.430/click - {}
RESULT: {}
COMMAND: GET /session/9922d70a8c737b1f7759c684aa08a55f/screenshot - {}
RESULT: {}
RESULT: undefined
COMMAND: POST /session/9922d70a8c737b1f7759c684aa08a55f/execute/async - {"script":"<script> [776 bytes]","args":[{"enterText":"SecondSections28h6","selector":{"id":"application-managecatalogs-display-component---detailCatalog--numberInput","searchOpenDialogs":true,"interaction":{"idSuffix":"inner"}},"clearTextFirst":true,"interactionType":"ENTER_TEXT"}]}
RESULT: {"script":"<script> [776 bytes]","args":[{"enterText":"SecondSections28h6","selector":{"id":"application-managecatalogs-display-component---detailCatalog--numberInput","searchOpenDialogs":true,"interaction":{"idSuffix":"inner"}},"clearTextFirst":true,"interactionType":"ENTER_TEXT"}]}
COMMAND: POST /session/9922d70a8c737b1f7759c684aa08a55f/element - {"using":"xpath","value":"//input[contains(@id ,\"application-managecatalogs-display-component---detailCatalog--nameInput-inner\")]"}
RESULT: {"using":"xpath","value":"//input[contains(@id ,\"application-managecatalogs-display-component---detailCatalog--nameInput-inner\")]"}
COMMAND: POST /session/9922d70a8c737b1f7759c684aa08a55f/elements - {"using":"xpath","value":"//input[contains(@id ,\"application-managecatalogs-display-component---detailCatalog--nameInput-inner\")]"}
RESULT: {"using":"xpath","value":"//input[contains(@id ,\"application-managecatalogs-display-component---detailCatalog--nameInput-inner\")]"}
COMMAND: POST /session/9922d70a8c737b1f7759c684aa08a55f/element/f.CBB1D6F42E6F9AF68048B8EF7F8EAAC4.d.7200C45B12CDEC7237B7D8CF9FDB28ED.e.434/clear - {}
RESULT: {}
COMMAND: POST /session/9922d70a8c737b1f7759c684aa08a55f/element/f.CBB1D6F42E6F9AF68048B8EF7F8EAAC4.d.7200C45B12CDEC7237B7D8CF9FDB28ED.e.434/value - {"text":"webdriversecondwnxo9"}
COMMAND: GET /session/9922d70a8c737b1f7759c684aa08a55f/screenshot - {}
RESULT: {"text":"webdriversecondwnxo9"}
COMMAND: POST /session/9922d70a8c737b1f7759c684aa08a55f/execute/async - {"script":"<script> [1562 bytes]","args":[{"selector":{"id":"application-managecatalogs-display-component---detailCatalog--nameInput","searchOpenDialogs":true,"interaction":{"idSuffix":"inner"}},"wdio_ui5_key":"applicationmanagecatalogs-display-component---detailCatalog--nameInput"}]}
COMMAND: GET /session/9922d70a8c737b1f7759c684aa08a55f/screenshot - {}
RESULT: {}
RESULT: {"script":"<script> [1562 bytes]","args":[{"selector":{"id":"application-managecatalogs-display-component---detailCatalog--nameInput","searchOpenDialogs":true,"interaction":{"idSuffix":"inner"}},"wdio_ui5_key":"applicationmanagecatalogs-display-component---detailCatalog--nameInput"}]}
RESULT: undefined
COMMAND: POST /session/9922d70a8c737b1f7759c684aa08a55f/execute/async - {"script":"<script> [776 bytes]","args":[{"enterText":"webdriversecondwnxo9","selector":{"id":"application-managecatalogs-display-component---detailCatalog--nameInput","searchOpenDialogs":true,"interaction":{"idSuffix":"inner"}},"clearTextFirst":true,"interactionType":"ENTER_TEXT"}]}
RESULT: {}
RESULT: {"script":"<script> [776 bytes]","args":[{"enterText":"webdriversecondwnxo9","selector":{"id":"application-managecatalogs-display-component---detailCatalog--nameInput","searchOpenDialogs":true,"interaction":{"idSuffix":"inner"}},"clearTextFirst":true,"interactionType":"ENTER_TEXT"}]}
RESULT: undefined
COMMAND: POST /session/9922d70a8c737b1f7759c684aa08a55f/element - {"using":"xpath","value":"//*[@id=\"__button13\"]"}
RESULT: {"using":"xpath","value":"//*[@id=\"__button13\"]"}
COMMAND: POST /session/9922d70a8c737b1f7759c684aa08a55f/element/f.CBB1D6F42E6F9AF68048B8EF7F8EAAC4.d.7200C45B12CDEC7237B7D8CF9FDB28ED.e.438/click - {}
RESULT: {}
COMMAND: GET /session/9922d70a8c737b1f7759c684aa08a55f/screenshot - {}
RESULT: {}
COMMAND: POST /session/9922d70a8c737b1f7759c684aa08a55f/element - {"using":"xpath","value":"//button[@title=\"Save\"]"}
RESULT: {"using":"xpath","value":"//button[@title=\"Save\"]"}
COMMAND: POST /session/9922d70a8c737b1f7759c684aa08a55f/element/f.CBB1D6F42E6F9AF68048B8EF7F8EAAC4.d.7200C45B12CDEC7237B7D8CF9FDB28ED.e.416/click - {}
RESULT: {}
COMMAND: GET /session/9922d70a8c737b1f7759c684aa08a55f/screenshot - {}
RESULT: {}
RESULT: undefined
COMMAND: POST /session/9922d70a8c737b1f7759c684aa08a55f/element - {"using":"xpath","value":"//*[@id=\"__button38-img\"]"}
RESULT: {"using":"xpath","value":"//*[@id=\"__button38-img\"]"}
COMMAND: POST /session/9922d70a8c737b1f7759c684aa08a55f/element/f.CBB1D6F42E6F9AF68048B8EF7F8EAAC4.d.7200C45B12CDEC7237B7D8CF9FDB28ED.e.390/click - {}
RESULT: {}
COMMAND: GET /session/9922d70a8c737b1f7759c684aa08a55f/screenshot - {}
RESULT: {}
RESULT: undefined
COMMAND: POST /session/9922d70a8c737b1f7759c684aa08a55f/element - {"using":"xpath","value":"//*[@id=\"__button11-img\"]"}
RESULT: {"using":"xpath","value":"//*[@id=\"__button11-img\"]"}
COMMAND: POST /session/9922d70a8c737b1f7759c684aa08a55f/element/f.CBB1D6F42E6F9AF68048B8EF7F8EAAC4.d.7200C45B12CDEC7237B7D8CF9FDB28ED.e.476/click - {}
RESULT: {}
COMMAND: GET /session/9922d70a8c737b1f7759c684aa08a55f/screenshot - {}
RESULT: {}
RESULT: undefined
COMMAND: POST /session/9922d70a8c737b1f7759c684aa08a55f/execute/async - {"script":"<script> [776 bytes]","args":[{"enterText":"SecondSections28h6","selector":{"id":"application-managecatalogs-display-component---masterCatalogItems--searchItemsField","interaction":{"idSuffix":"I"}},"clearTextFirst":true,"interactionType":"ENTER_TEXT"}]}
RESULT: {"script":"<script> [776 bytes]","args":[{"enterText":"SecondSections28h6","selector":{"id":"application-managecatalogs-display-component---masterCatalogItems--searchItemsField","interaction":{"idSuffix":"I"}},"clearTextFirst":true,"interactionType":"ENTER_TEXT"}]}
COMMAND: POST /session/9922d70a8c737b1f7759c684aa08a55f/actions - {"actions":[{"id":"action2","type":"key","parameters":{},"actions":[{"type":"keyDown","value":"î€‡"},{"type":"pause","duration":10},{"type":"keyUp","value":"î€‡"}]}]}
RESULT: {"actions":[{"id":"action2","type":"key","parameters":{},"actions":[{"type":"keyDown","value":"î€‡"},{"type":"pause","duration":10},{"type":"keyUp","value":"î€‡"}]}]}
COMMAND: POST /session/9922d70a8c737b1f7759c684aa08a55f/element - {"using":"xpath","value":"(//span[contains(text(), \"SecondSections28h6\")])[1]"}
COMMAND: GET /session/9922d70a8c737b1f7759c684aa08a55f/screenshot - {}
RESULT: {"using":"xpath","value":"(//span[contains(text(), \"SecondSections28h6\")])[1]"}
COMMAND: POST /session/9922d70a8c737b1f7759c684aa08a55f/element/f.CBB1D6F42E6F9AF68048B8EF7F8EAAC4.d.7200C45B12CDEC7237B7D8CF9FDB28ED.e.479/click - {}
RESULT: {}
RESULT: {}
COMMAND: POST /session/9922d70a8c737b1f7759c684aa08a55f/element - {"using":"xpath","value":"(//span[contains(text(), \"SecondSections28h6\")])[1]"}
COMMAND: GET /session/9922d70a8c737b1f7759c684aa08a55f/screenshot - {}
RESULT: {"using":"xpath","value":"(//span[contains(text(), \"SecondSections28h6\")])[1]"}
COMMAND: GET /session/9922d70a8c737b1f7759c684aa08a55f/element/f.CBB1D6F42E6F9AF68048B8EF7F8EAAC4.d.7200C45B12CDEC7237B7D8CF9FDB28ED.e.479/text - {}
RESULT: {}
COMMAND: POST /session/9922d70a8c737b1f7759c684aa08a55f/element - {"using":"xpath","value":"(//span[contains(text(), \"SecondSections28h6\")])[1]"}
RESULT: {"using":"xpath","value":"(//span[contains(text(), \"SecondSections28h6\")])[1]"}
COMMAND: GET /session/9922d70a8c737b1f7759c684aa08a55f/element/f.CBB1D6F42E6F9AF68048B8EF7F8EAAC4.d.7200C45B12CDEC7237B7D8CF9FDB28ED.e.479/text - {}
COMMAND: POST /session/9922d70a8c737b1f7759c684aa08a55f/element - {"using":"xpath","value":"(//span[contains(text(), \"SecondSections28h6\")])[1]"}
RESULT: {"using":"xpath","value":"(//span[contains(text(), \"SecondSections28h6\")])[1]"}
COMMAND: GET /session/9922d70a8c737b1f7759c684aa08a55f/element/f.CBB1D6F42E6F9AF68048B8EF7F8EAAC4.d.7200C45B12CDEC7237B7D8CF9FDB28ED.e.531/text - {}
RESULT: {}
COMMAND: POST /session/9922d70a8c737b1f7759c684aa08a55f/element - {"using":"css selector","value":"#shell-header-logo"}
RESULT: {"using":"css selector","value":"#shell-header-logo"}
COMMAND: POST /session/9922d70a8c737b1f7759c684aa08a55f/element/f.CBB1D6F42E6F9AF68048B8EF7F8EAAC4.d.7200C45B12CDEC7237B7D8CF9FDB28ED.e.112/click - {}
RESULT: {}
COMMAND: GET /session/9922d70a8c737b1f7759c684aa08a55f/screenshot - {}
RESULT: {}
COMMAND: POST /session/9922d70a8c737b1f7759c684aa08a55f/execute/async - {"script":"<script> [1562 bytes]","args":[{"selector":{"controlType":"sap.m.GenericTile","properties":{"header":"Manage Classifications"}},"wdio_ui5_key":"sapm.GenericTile{\"header\":\"Manage Classifications\"}"}]}
RESULT: {"script":"<script> [1562 bytes]","args":[{"selector":{"controlType":"sap.m.GenericTile","properties":{"header":"Manage Classifications"}},"wdio_ui5_key":"sapm.GenericTile{\"header\":\"Manage Classifications\"}"}]}
RESULT: undefined
COMMAND: POST /session/9922d70a8c737b1f7759c684aa08a55f/element - {"using":"xpath","value":"//*[@id=\"__tile115\"]"}
RESULT: {"using":"xpath","value":"//*[@id=\"__tile115\"]"}
COMMAND: POST /session/9922d70a8c737b1f7759c684aa08a55f/element/f.CBB1D6F42E6F9AF68048B8EF7F8EAAC4.d.7200C45B12CDEC7237B7D8CF9FDB28ED.e.537/click - {}
RESULT: {}
COMMAND: GET /session/9922d70a8c737b1f7759c684aa08a55f/screenshot - {}
RESULT: {}
]]></system-out>
    </testcase>
  </testsuite>
  <testsuite timestamp="2025-05-06T15:51:12" time="211.87" tests="3" failures="0" errors="0" skipped="0">
    <properties>
      <property name="specId" value="0" />
      <property name="suiteName" value="Manage catalogs - yard assignment classification US138930" />
      <property name="capabilities" value="chrome.135_0_7049_115.windows" />
      <property name="file" value="file:///D:/a/1/s/test/specs/R2C/manage-catalogs-yard-assignment-classification.spec.js" />
    </properties>
    <testcase classname="chrome.135_0_7049_115.windows.Manage_catalogs_-_yard_assignment_classification_US138930" name="Should create a new classification of type yard assignment" time="34.874">
      <system-out><![CDATA[
COMMAND: POST /session/9922d70a8c737b1f7759c684aa08a55f/execute/async - {"script":"<script> [1562 bytes]","args":[{"selector":{"controlType":"sap.ui.core.Icon","viewName":"etm.portal.ui.manageclassifications.view.Master","viewId":"application-manageclassifications-display-component---classificationMaster","properties":{"src":{"regex":{"source":"add"}}}},"wdio_ui5_key":"etmportal.ui.manageclassifications.view.Mastersap.ui.core.Icon{\"src\":{\"regex\":{\"source\":\"add\"}}}"}]}
RESULT: {"script":"<script> [1562 bytes]","args":[{"selector":{"controlType":"sap.ui.core.Icon","viewName":"etm.portal.ui.manageclassifications.view.Master","viewId":"application-manageclassifications-display-component---classificationMaster","properties":{"src":{"regex":{"source":"add"}}}},"wdio_ui5_key":"etmportal.ui.manageclassifications.view.Mastersap.ui.core.Icon{\"src\":{\"regex\":{\"source\":\"add\"}}}"}]}
RESULT: undefined
COMMAND: POST /session/9922d70a8c737b1f7759c684aa08a55f/element - {"using":"xpath","value":"//*[@id=\"__button77-img\"]"}
RESULT: {"using":"xpath","value":"//*[@id=\"__button77-img\"]"}
COMMAND: POST /session/9922d70a8c737b1f7759c684aa08a55f/element/f.CBB1D6F42E6F9AF68048B8EF7F8EAAC4.d.7200C45B12CDEC7237B7D8CF9FDB28ED.e.578/click - {}
RESULT: {}
COMMAND: POST /session/9922d70a8c737b1f7759c684aa08a55f/execute/async - {"script":"<script> [1562 bytes]","args":[{"selector":{"id":"application-manageclassifications-display-component---classificationCreate--classHeaderName","interaction":{"idSuffix":"inner"}},"wdio_ui5_key":"applicationmanageclassifications-display-component---classificationCreate--classHeaderName"}]}
COMMAND: GET /session/9922d70a8c737b1f7759c684aa08a55f/screenshot - {}
RESULT: {"script":"<script> [1562 bytes]","args":[{"selector":{"id":"application-manageclassifications-display-component---classificationCreate--classHeaderName","interaction":{"idSuffix":"inner"}},"wdio_ui5_key":"applicationmanageclassifications-display-component---classificationCreate--classHeaderName"}]}
RESULT: undefined
COMMAND: POST /session/9922d70a8c737b1f7759c684aa08a55f/execute/async - {"script":"<script> [776 bytes]","args":[{"enterText":"WebdriverYardClass34uyh","selector":{"id":"application-manageclassifications-display-component---classificationCreate--classHeaderName","interaction":{"idSuffix":"inner"}},"clearTextFirst":true,"interactionType":"ENTER_TEXT"}]}
RESULT: {}
RESULT: {"script":"<script> [776 bytes]","args":[{"enterText":"WebdriverYardClass34uyh","selector":{"id":"application-manageclassifications-display-component---classificationCreate--classHeaderName","interaction":{"idSuffix":"inner"}},"clearTextFirst":true,"interactionType":"ENTER_TEXT"}]}
COMMAND: POST /session/9922d70a8c737b1f7759c684aa08a55f/execute/async - {"script":"<script> [1562 bytes]","args":[{"selector":{"controlType":"sap.ui.core.Icon","viewName":"etm.portal.ui.manageclassifications.view.Create","viewId":"application-manageclassifications-display-component---classificationCreate","properties":{"src":{"regex":{"source":"slim\\-arrow\\-down"}}}},"wdio_ui5_key":"etmportal.ui.manageclassifications.view.Createsap.ui.core.Icon{\"src\":{\"regex\":{\"source\":\"slim\\\\-arrow\\\\-down\"}}}"}]}
RESULT: {"script":"<script> [1562 bytes]","args":[{"selector":{"controlType":"sap.ui.core.Icon","viewName":"etm.portal.ui.manageclassifications.view.Create","viewId":"application-manageclassifications-display-component---classificationCreate","properties":{"src":{"regex":{"source":"slim\\-arrow\\-down"}}}},"wdio_ui5_key":"etmportal.ui.manageclassifications.view.Createsap.ui.core.Icon{\"src\":{\"regex\":{\"source\":\"slim\\\\-arrow\\\\-down\"}}}"}]}
RESULT: undefined
COMMAND: POST /session/9922d70a8c737b1f7759c684aa08a55f/element - {"using":"xpath","value":"//*[@id=\"__box48-arrow\"]"}
RESULT: {"using":"xpath","value":"//*[@id=\"__box48-arrow\"]"}
COMMAND: POST /session/9922d70a8c737b1f7759c684aa08a55f/element/f.CBB1D6F42E6F9AF68048B8EF7F8EAAC4.d.7200C45B12CDEC7237B7D8CF9FDB28ED.e.996/click - {}
RESULT: {}
COMMAND: POST /session/9922d70a8c737b1f7759c684aa08a55f/execute/async - {"script":"<script> [1562 bytes]","args":[{"selector":{"controlType":"sap.m.StandardListItem","viewName":"etm.portal.ui.manageclassifications.view.Create","viewId":"application-manageclassifications-display-component---classificationCreate","properties":{"title":"Yard assignment"},"searchOpenDialogs":true,"interaction":{"idSuffix":"titleText"}},"wdio_ui5_key":"etmportal.ui.manageclassifications.view.Createsap.m.StandardListItem{\"title\":\"Yard assignment\"}"}]}
COMMAND: GET /session/9922d70a8c737b1f7759c684aa08a55f/screenshot - {}
RESULT: {"script":"<script> [1562 bytes]","args":[{"selector":{"controlType":"sap.m.StandardListItem","viewName":"etm.portal.ui.manageclassifications.view.Create","viewId":"application-manageclassifications-display-component---classificationCreate","properties":{"title":"Yard assignment"},"searchOpenDialogs":true,"interaction":{"idSuffix":"titleText"}},"wdio_ui5_key":"etmportal.ui.manageclassifications.view.Createsap.m.StandardListItem{\"title\":\"Yard assignment\"}"}]}
RESULT: undefined
COMMAND: POST /session/9922d70a8c737b1f7759c684aa08a55f/element - {"using":"xpath","value":"//*[@id=\"__item299\"]"}
RESULT: {}
RESULT: {"using":"xpath","value":"//*[@id=\"__item299\"]"}
COMMAND: POST /session/9922d70a8c737b1f7759c684aa08a55f/element/f.CBB1D6F42E6F9AF68048B8EF7F8EAAC4.d.7200C45B12CDEC7237B7D8CF9FDB28ED.e.1034/click - {}
RESULT: {}
COMMAND: POST /session/9922d70a8c737b1f7759c684aa08a55f/execute/async - {"script":"<script> [1562 bytes]","args":[{"selector":{"controlType":"sap.ui.core.Icon","viewName":"etm.portal.ui.manageclassifications.view.Create","viewId":"application-manageclassifications-display-component---classificationCreate","properties":{"src":{"regex":{"source":"add"}}}},"wdio_ui5_key":"etmportal.ui.manageclassifications.view.Createsap.ui.core.Icon{\"src\":{\"regex\":{\"source\":\"add\"}}}"}]}
COMMAND: GET /session/9922d70a8c737b1f7759c684aa08a55f/screenshot - {}
RESULT: {"script":"<script> [1562 bytes]","args":[{"selector":{"controlType":"sap.ui.core.Icon","viewName":"etm.portal.ui.manageclassifications.view.Create","viewId":"application-manageclassifications-display-component---classificationCreate","properties":{"src":{"regex":{"source":"add"}}}},"wdio_ui5_key":"etmportal.ui.manageclassifications.view.Createsap.ui.core.Icon{\"src\":{\"regex\":{\"source\":\"add\"}}}"}]}
RESULT: undefined
COMMAND: POST /session/9922d70a8c737b1f7759c684aa08a55f/element - {"using":"xpath","value":"//*[@id=\"__button82-img\"]"}
RESULT: {}
RESULT: {"using":"xpath","value":"//*[@id=\"__button82-img\"]"}
COMMAND: POST /session/9922d70a8c737b1f7759c684aa08a55f/element/f.CBB1D6F42E6F9AF68048B8EF7F8EAAC4.d.7200C45B12CDEC7237B7D8CF9FDB28ED.e.999/click - {}
RESULT: {}
COMMAND: POST /session/9922d70a8c737b1f7759c684aa08a55f/execute/async - {"script":"<script> [1562 bytes]","args":[{"selector":{"controlType":"sap.m.Input","viewName":"etm.portal.ui.manageclassifications.view.Create","viewId":"application-manageclassifications-display-component---classificationCreate","bindingPath":{"path":"/0","propertyPath":"PROPERTY","modelName":"newConfigModel"},"interaction":{"idSuffix":"inner"}},"wdio_ui5_key":"etmportal.ui.manageclassifications.view.Createsap.m.Input{\"path\":\"/0\",\"propertyPath\":\"PROPERTY\",\"modelName\":\"newConfigModel\"}"}]}
COMMAND: GET /session/9922d70a8c737b1f7759c684aa08a55f/screenshot - {}
RESULT: {"script":"<script> [1562 bytes]","args":[{"selector":{"controlType":"sap.m.Input","viewName":"etm.portal.ui.manageclassifications.view.Create","viewId":"application-manageclassifications-display-component---classificationCreate","bindingPath":{"path":"/0","propertyPath":"PROPERTY","modelName":"newConfigModel"},"interaction":{"idSuffix":"inner"}},"wdio_ui5_key":"etmportal.ui.manageclassifications.view.Createsap.m.Input{\"path\":\"/0\",\"propertyPath\":\"PROPERTY\",\"modelName\":\"newConfigModel\"}"}]}
RESULT: undefined
COMMAND: POST /session/9922d70a8c737b1f7759c684aa08a55f/execute/async - {"script":"<script> [776 bytes]","args":[{"enterText":"101","selector":{"controlType":"sap.m.Input","viewName":"etm.portal.ui.manageclassifications.view.Create","viewId":"application-manageclassifications-display-component---classificationCreate","bindingPath":{"path":"/0","propertyPath":"PROPERTY","modelName":"newConfigModel"},"interaction":{"idSuffix":"inner"}},"clearTextFirst":true,"interactionType":"ENTER_TEXT"}]}
RESULT: {}
RESULT: {"script":"<script> [776 bytes]","args":[{"enterText":"101","selector":{"controlType":"sap.m.Input","viewName":"etm.portal.ui.manageclassifications.view.Create","viewId":"application-manageclassifications-display-component---classificationCreate","bindingPath":{"path":"/0","propertyPath":"PROPERTY","modelName":"newConfigModel"},"interaction":{"idSuffix":"inner"}},"clearTextFirst":true,"interactionType":"ENTER_TEXT"}]}
COMMAND: POST /session/9922d70a8c737b1f7759c684aa08a55f/execute/async - {"script":"<script> [1562 bytes]","args":[{"selector":{"controlType":"sap.m.Input","viewName":"etm.portal.ui.manageclassifications.view.Create","viewId":"application-manageclassifications-display-component---classificationCreate","bindingPath":{"path":"/0","propertyPath":"DESCRIPTION","modelName":"newConfigModel"},"interaction":{"idSuffix":"inner"}},"wdio_ui5_key":"etmportal.ui.manageclassifications.view.Createsap.m.Input{\"path\":\"/0\",\"propertyPath\":\"DESCRIPTION\",\"modelName\":\"newConfigModel\"}"}]}
RESULT: {"script":"<script> [1562 bytes]","args":[{"selector":{"controlType":"sap.m.Input","viewName":"etm.portal.ui.manageclassifications.view.Create","viewId":"application-manageclassifications-display-component---classificationCreate","bindingPath":{"path":"/0","propertyPath":"DESCRIPTION","modelName":"newConfigModel"},"interaction":{"idSuffix":"inner"}},"wdio_ui5_key":"etmportal.ui.manageclassifications.view.Createsap.m.Input{\"path\":\"/0\",\"propertyPath\":\"DESCRIPTION\",\"modelName\":\"newConfigModel\"}"}]}
RESULT: undefined
COMMAND: POST /session/9922d70a8c737b1f7759c684aa08a55f/execute/async - {"script":"<script> [776 bytes]","args":[{"enterText":"yard1","selector":{"controlType":"sap.m.Input","viewName":"etm.portal.ui.manageclassifications.view.Create","viewId":"application-manageclassifications-display-component---classificationCreate","bindingPath":{"path":"/0","propertyPath":"DESCRIPTION","modelName":"newConfigModel"},"interaction":{"idSuffix":"inner"}},"clearTextFirst":true,"interactionType":"ENTER_TEXT"}]}
RESULT: {"script":"<script> [776 bytes]","args":[{"enterText":"yard1","selector":{"controlType":"sap.m.Input","viewName":"etm.portal.ui.manageclassifications.view.Create","viewId":"application-manageclassifications-display-component---classificationCreate","bindingPath":{"path":"/0","propertyPath":"DESCRIPTION","modelName":"newConfigModel"},"interaction":{"idSuffix":"inner"}},"clearTextFirst":true,"interactionType":"ENTER_TEXT"}]}
COMMAND: POST /session/9922d70a8c737b1f7759c684aa08a55f/execute/async - {"script":"<script> [1562 bytes]","args":[{"selector":{"controlType":"sap.ui.core.Icon","viewName":"etm.portal.ui.manageclassifications.view.Create","viewId":"application-manageclassifications-display-component---classificationCreate","properties":{"src":{"regex":{"source":"slim\\-arrow\\-down"}}},"ancestor":{"controlType":"sap.m.ComboBox","viewName":"etm.portal.ui.manageclassifications.view.Create","viewId":"application-manageclassifications-display-component---classificationCreate","bindingPath":{"path":"/0","propertyPath":"VALUE_TYPE","modelName":"newConfigModel"}}},"wdio_ui5_key":"etmportal.ui.manageclassifications.view.Createsap.ui.core.Icon{\"src\":{\"regex\":{\"source\":\"slim\\\\-arrow\\\\-down\"}}}{\"controlType\":\"sap.m.ComboBox\",\"viewName\":\"etm.portal.ui.manageclassifications.view.Create\",\"viewId\":\"application-manageclassifications-display-component---classificationCreate\",\"bindingPath\":{\"path\":\"/0\",\"propertyPath\":\"VALUE_TYPE\",\"modelName\":\"newConfigModel\"}}"}]}
RESULT: {"script":"<script> [1562 bytes]","args":[{"selector":{"controlType":"sap.ui.core.Icon","viewName":"etm.portal.ui.manageclassifications.view.Create","viewId":"application-manageclassifications-display-component---classificationCreate","properties":{"src":{"regex":{"source":"slim\\-arrow\\-down"}}},"ancestor":{"controlType":"sap.m.ComboBox","viewName":"etm.portal.ui.manageclassifications.view.Create","viewId":"application-manageclassifications-display-component---classificationCreate","bindingPath":{"path":"/0","propertyPath":"VALUE_TYPE","modelName":"newConfigModel"}}},"wdio_ui5_key":"etmportal.ui.manageclassifications.view.Createsap.ui.core.Icon{\"src\":{\"regex\":{\"source\":\"slim\\\\-arrow\\\\-down\"}}}{\"controlType\":\"sap.m.ComboBox\",\"viewName\":\"etm.portal.ui.manageclassifications.view.Create\",\"viewId\":\"application-manageclassifications-display-component---classificationCreate\",\"bindingPath\":{\"path\":\"/0\",\"propertyPath\":\"VALUE_TYPE\",\"modelName\":\"newConfigModel\"}}"}]}
RESULT: undefined
COMMAND: POST /session/9922d70a8c737b1f7759c684aa08a55f/element - {"using":"xpath","value":"//*[@id=\"__box49-application-manageclassifications-display-component---classificationCreate--configurationList-0-arrow\"]"}
RESULT: {"using":"xpath","value":"//*[@id=\"__box49-application-manageclassifications-display-component---classificationCreate--configurationList-0-arrow\"]"}
COMMAND: POST /session/9922d70a8c737b1f7759c684aa08a55f/element/f.CBB1D6F42E6F9AF68048B8EF7F8EAAC4.d.7200C45B12CDEC7237B7D8CF9FDB28ED.e.1043/click - {}
RESULT: {}
COMMAND: POST /session/9922d70a8c737b1f7759c684aa08a55f/execute/async - {"script":"<script> [1562 bytes]","args":[{"selector":{"controlType":"sap.m.StandardListItem","viewName":"etm.portal.ui.manageclassifications.view.Create","viewId":"application-manageclassifications-display-component---classificationCreate","properties":{"title":"Boolean"},"searchOpenDialogs":true,"interaction":{"idSuffix":"content"}},"wdio_ui5_key":"etmportal.ui.manageclassifications.view.Createsap.m.StandardListItem{\"title\":\"Boolean\"}"}]}
COMMAND: GET /session/9922d70a8c737b1f7759c684aa08a55f/screenshot - {}
RESULT: {"script":"<script> [1562 bytes]","args":[{"selector":{"controlType":"sap.m.StandardListItem","viewName":"etm.portal.ui.manageclassifications.view.Create","viewId":"application-manageclassifications-display-component---classificationCreate","properties":{"title":"Boolean"},"searchOpenDialogs":true,"interaction":{"idSuffix":"content"}},"wdio_ui5_key":"etmportal.ui.manageclassifications.view.Createsap.m.StandardListItem{\"title\":\"Boolean\"}"}]}
RESULT: undefined
COMMAND: POST /session/9922d70a8c737b1f7759c684aa08a55f/element - {"using":"xpath","value":"//*[@id=\"__item302\"]"}
RESULT: {}
RESULT: {"using":"xpath","value":"//*[@id=\"__item302\"]"}
COMMAND: POST /session/9922d70a8c737b1f7759c684aa08a55f/element/f.CBB1D6F42E6F9AF68048B8EF7F8EAAC4.d.7200C45B12CDEC7237B7D8CF9FDB28ED.e.1045/click - {}
RESULT: {}
COMMAND: POST /session/9922d70a8c737b1f7759c684aa08a55f/element - {"using":"xpath","value":"//input[contains(@id ,\"application-manageclassifications-display-component---classificationCreate--classHeaderName-inner\")]"}
COMMAND: GET /session/9922d70a8c737b1f7759c684aa08a55f/screenshot - {}
RESULT: {"using":"xpath","value":"//input[contains(@id ,\"application-manageclassifications-display-component---classificationCreate--classHeaderName-inner\")]"}
COMMAND: GET /session/9922d70a8c737b1f7759c684aa08a55f/element/f.CBB1D6F42E6F9AF68048B8EF7F8EAAC4.d.7200C45B12CDEC7237B7D8CF9FDB28ED.e.903/property/value - {}
RESULT: {}
RESULT: {}
COMMAND: GET /session/9922d70a8c737b1f7759c684aa08a55f/screenshot - {}
RESULT: {}
COMMAND: POST /session/9922d70a8c737b1f7759c684aa08a55f/element - {"using":"xpath","value":"//button[@title=\"Save\"]"}
RESULT: {"using":"xpath","value":"//button[@title=\"Save\"]"}
COMMAND: POST /session/9922d70a8c737b1f7759c684aa08a55f/element/f.CBB1D6F42E6F9AF68048B8EF7F8EAAC4.d.7200C45B12CDEC7237B7D8CF9FDB28ED.e.1007/click - {}
RESULT: {}
COMMAND: GET /session/9922d70a8c737b1f7759c684aa08a55f/screenshot - {}
RESULT: {}
COMMAND: POST /session/9922d70a8c737b1f7759c684aa08a55f/execute/async - {"script":"<script> [1562 bytes]","args":[{"selector":{"id":"application-manageclassifications-display-component---classificationMaster--smartFilterBar-btnBasicSearch","interaction":{"idSuffix":"I"}},"wdio_ui5_key":"applicationmanageclassifications-display-component---classificationMaster--smartFilterBar-btnBasicSearch"}]}
RESULT: {"script":"<script> [1562 bytes]","args":[{"selector":{"id":"application-manageclassifications-display-component---classificationMaster--smartFilterBar-btnBasicSearch","interaction":{"idSuffix":"I"}},"wdio_ui5_key":"applicationmanageclassifications-display-component---classificationMaster--smartFilterBar-btnBasicSearch"}]}
RESULT: undefined
COMMAND: POST /session/9922d70a8c737b1f7759c684aa08a55f/execute/async - {"script":"<script> [776 bytes]","args":[{"enterText":"WebdriverYardClass34uyh","selector":{"id":"application-manageclassifications-display-component---classificationMaster--smartFilterBar-btnBasicSearch","interaction":{"idSuffix":"I"}},"clearTextFirst":true,"interactionType":"ENTER_TEXT"}]}
RESULT: {"script":"<script> [776 bytes]","args":[{"enterText":"WebdriverYardClass34uyh","selector":{"id":"application-manageclassifications-display-component---classificationMaster--smartFilterBar-btnBasicSearch","interaction":{"idSuffix":"I"}},"clearTextFirst":true,"interactionType":"ENTER_TEXT"}]}
COMMAND: POST /session/9922d70a8c737b1f7759c684aa08a55f/actions - {"actions":[{"id":"action3","type":"key","parameters":{},"actions":[{"type":"keyDown","value":"î€‡"},{"type":"pause","duration":10},{"type":"keyUp","value":"î€‡"}]}]}
RESULT: {"actions":[{"id":"action3","type":"key","parameters":{},"actions":[{"type":"keyDown","value":"î€‡"},{"type":"pause","duration":10},{"type":"keyUp","value":"î€‡"}]}]}
COMMAND: POST /session/9922d70a8c737b1f7759c684aa08a55f/execute/async - {"script":"<script> [1562 bytes]","args":[{"selector":{"id":"application-manageclassifications-display-component---classificationMaster--smartTable-header"},"wdio_ui5_key":"applicationmanageclassifications-display-component---classificationMaster--smartTable-header"}]}
COMMAND: GET /session/9922d70a8c737b1f7759c684aa08a55f/screenshot - {}
RESULT: {"script":"<script> [1562 bytes]","args":[{"selector":{"id":"application-manageclassifications-display-component---classificationMaster--smartTable-header"},"wdio_ui5_key":"applicationmanageclassifications-display-component---classificationMaster--smartTable-header"}]}
RESULT: undefined
COMMAND: POST /session/9922d70a8c737b1f7759c684aa08a55f/execute/async - {"script":"<script> [6424 bytes]","args":[{"element-6066-11e4-a52e-4f735466cecf":"f.CBB1D6F42E6F9AF68048B8EF7F8EAAC4.d.7200C45B12CDEC7237B7D8CF9FDB28ED.e.1258"},"getText",[]]}
RESULT: {}
RESULT: {"script":"<script> [6424 bytes]","args":[{"element-6066-11e4-a52e-4f735466cecf":"f.CBB1D6F42E6F9AF68048B8EF7F8EAAC4.d.7200C45B12CDEC7237B7D8CF9FDB28ED.e.1258"},"getText",[]]}
COMMAND: POST /session/9922d70a8c737b1f7759c684aa08a55f/element - {"using":"css selector","value":"#shell-header-logo"}
RESULT: {"using":"css selector","value":"#shell-header-logo"}
COMMAND: POST /session/9922d70a8c737b1f7759c684aa08a55f/element/f.CBB1D6F42E6F9AF68048B8EF7F8EAAC4.d.7200C45B12CDEC7237B7D8CF9FDB28ED.e.543/click - {}
RESULT: {}
COMMAND: GET /session/9922d70a8c737b1f7759c684aa08a55f/screenshot - {}
RESULT: {}
]]></system-out>
    </testcase>
    <testcase classname="chrome.135_0_7049_115.windows.Manage_catalogs_-_yard_assignment_classification_US138930" name="Should add the yard classification to a catalog item" time="101.616">
      <system-out><![CDATA[
COMMAND: POST /session/9922d70a8c737b1f7759c684aa08a55f/execute/async - {"script":"<script> [1562 bytes]","args":[{"selector":{"controlType":"sap.m.GenericTile","properties":{"header":"Manage Catalogs"}},"wdio_ui5_key":"sapm.GenericTile{\"header\":\"Manage Catalogs\"}"}]}
RESULT: {"script":"<script> [1562 bytes]","args":[{"selector":{"controlType":"sap.m.GenericTile","properties":{"header":"Manage Catalogs"}},"wdio_ui5_key":"sapm.GenericTile{\"header\":\"Manage Catalogs\"}"}]}
RESULT: undefined
COMMAND: POST /session/9922d70a8c737b1f7759c684aa08a55f/element - {"using":"xpath","value":"//*[@id=\"__tile37\"]"}
RESULT: {"using":"xpath","value":"//*[@id=\"__tile37\"]"}
COMMAND: POST /session/9922d70a8c737b1f7759c684aa08a55f/element/f.CBB1D6F42E6F9AF68048B8EF7F8EAAC4.d.7200C45B12CDEC7237B7D8CF9FDB28ED.e.109/click - {}
RESULT: {}
COMMAND: GET /session/9922d70a8c737b1f7759c684aa08a55f/screenshot - {}
RESULT: {}
COMMAND: POST /session/9922d70a8c737b1f7759c684aa08a55f/refresh - {}
RESULT: {}
COMMAND: GET /session/9922d70a8c737b1f7759c684aa08a55f/screenshot - {}
RESULT: {}
COMMAND: POST /session/9922d70a8c737b1f7759c684aa08a55f/execute/async - {"script":"<script> [189 bytes]","args":[]}
RESULT: {"script":"<script> [189 bytes]","args":[]}
COMMAND: POST /session/9922d70a8c737b1f7759c684aa08a55f/execute/async - {"script":"<script> [123 bytes]","args":[]}
RESULT: {"script":"<script> [123 bytes]","args":[]}
COMMAND: POST /session/9922d70a8c737b1f7759c684aa08a55f/timeouts - {"script":"<number>"}
RESULT: {"script":"<number>"}
COMMAND: GET /session/9922d70a8c737b1f7759c684aa08a55f/timeouts - {}
RESULT: {}
RESULT: undefined
COMMAND: POST /session/9922d70a8c737b1f7759c684aa08a55f/execute/async - {"script":"<script> [2676 bytes]","args":[]}
RESULT: {"script":"<script> [2676 bytes]","args":[]}
COMMAND: POST /session/9922d70a8c737b1f7759c684aa08a55f/execute/async - {"script":"<script> [2342 bytes]","args":[{"protocol":"http","hostname":"0.0.0.0","path":"/","capabilities":{"browserName":"chrome","goog:chromeOptions":{"binary":"C:\\Program Files\\Google\\Chrome\\Application\\chrome.exe","args":["--start-maximized"]}},"logLevel":"warn","connectionRetryTimeout":120000,"connectionRetryCount":3,"logLevels":{},"enableDirectConnect":true,"strictSSL":true,"_":"65 more keys: [\"cacheDir\",\"port\",\"requestedCapabilities\",\"automationProtocol\",\"baseUrl\",\"waitforInterval\",\"waitforTimeout\",\"onReload\",\"beforeCommand\",\"afterCommand\",\"rootDir\",\"specs\",\"suites\",\"exclude\",\"groupLogsByTestSpec\",\"excludeDriverLogs\",\"bail\",\"framework\",\"reporters\",\"services\",\"maxInstances\",\"maxInstancesPerCapability\",\"injectGlobals\",\"filesToWatch\",\"execArgv\",\"runnerEnv\",\"runner\",\"shard\",\"specFileRetries\",\"specFileRetriesDelay\",\"specFileRetriesDeferred\",\"reporterSyncInterval\",\"reporterSyncTimeout\",\"cucumberFeaturesWithLineNumbers\",\"autoCompileOpts\",\"mochaOpts\",\"jasmineOpts\",\"cucumberOpts\",\"onPrepare\",\"onWorkerStart\",\"onWorkerEnd\",\"before\",\"beforeSession\",\"beforeSuite\",\"beforeHook\",\"beforeTest\",\"afterTest\",\"afterHook\",\"afterSuite\",\"afterSession\",\"after\",\"onComplete\",\"beforeAssertion\",\"afterAssertion\",\"beforeFeature\",\"beforeScenario\",\"beforeStep\",\"afterStep\",\"afterScenario\",\"afterFeature\",\"_\",\"suite\",\"$0\",\"ignoredWorkerServices\",\"wdi5\"]"}]}
RESULT: {"script":"<script> [2342 bytes]","args":[{"protocol":"http","hostname":"0.0.0.0","path":"/","capabilities":{"browserName":"chrome","goog:chromeOptions":{"binary":"C:\\Program Files\\Google\\Chrome\\Application\\chrome.exe","args":["--start-maximized"]}},"logLevel":"warn","connectionRetryTimeout":120000,"connectionRetryCount":3,"logLevels":{},"enableDirectConnect":true,"strictSSL":true,"_":"65 more keys: [\"cacheDir\",\"port\",\"requestedCapabilities\",\"automationProtocol\",\"baseUrl\",\"waitforInterval\",\"waitforTimeout\",\"onReload\",\"beforeCommand\",\"afterCommand\",\"rootDir\",\"specs\",\"suites\",\"exclude\",\"groupLogsByTestSpec\",\"excludeDriverLogs\",\"bail\",\"framework\",\"reporters\",\"services\",\"maxInstances\",\"maxInstancesPerCapability\",\"injectGlobals\",\"filesToWatch\",\"execArgv\",\"runnerEnv\",\"runner\",\"shard\",\"specFileRetries\",\"specFileRetriesDelay\",\"specFileRetriesDeferred\",\"reporterSyncInterval\",\"reporterSyncTimeout\",\"cucumberFeaturesWithLineNumbers\",\"autoCompileOpts\",\"mochaOpts\",\"jasmineOpts\",\"cucumberOpts\",\"onPrepare\",\"onWorkerStart\",\"onWorkerEnd\",\"before\",\"beforeSession\",\"beforeSuite\",\"beforeHook\",\"beforeTest\",\"afterTest\",\"afterHook\",\"afterSuite\",\"afterSession\",\"after\",\"onComplete\",\"beforeAssertion\",\"afterAssertion\",\"beforeFeature\",\"beforeScenario\",\"beforeStep\",\"afterStep\",\"afterScenario\",\"afterFeature\",\"_\",\"suite\",\"$0\",\"ignoredWorkerServices\",\"wdi5\"]"}]}
COMMAND: POST /session/9922d70a8c737b1f7759c684aa08a55f/execute/async - {"script":"<script> [21126 bytes]","args":[35000]}
RESULT: {"script":"<script> [21126 bytes]","args":[35000]}
COMMAND: POST /session/9922d70a8c737b1f7759c684aa08a55f/element - {"using":"xpath","value":"//span[contains(text(), \"Webshop Catalog\")][contains(@id ,\"masterCatalogs\")]"}
RESULT: {"using":"xpath","value":"//span[contains(text(), \"Webshop Catalog\")][contains(@id ,\"masterCatalogs\")]"}
COMMAND: POST /session/9922d70a8c737b1f7759c684aa08a55f/element/f.CBB1D6F42E6F9AF68048B8EF7F8EAAC4.d.8E0BB5B734BC3C8D0FC2234AB0231FD3.e.1361/click - {}
RESULT: {}
COMMAND: GET /session/9922d70a8c737b1f7759c684aa08a55f/screenshot - {}
RESULT: {}
COMMAND: POST /session/9922d70a8c737b1f7759c684aa08a55f/element - {"using":"xpath","value":"//input[contains(@id ,\"application-managecatalogs-display-component---masterCatalogItems--searchItemsField-I\")]"}
RESULT: {"using":"xpath","value":"//input[contains(@id ,\"application-managecatalogs-display-component---masterCatalogItems--searchItemsField-I\")]"}
COMMAND: POST /session/9922d70a8c737b1f7759c684aa08a55f/element/f.CBB1D6F42E6F9AF68048B8EF7F8EAAC4.d.8E0BB5B734BC3C8D0FC2234AB0231FD3.e.1364/value - {"text":"SecondSections28h6"}
RESULT: {"text":"SecondSections28h6"}
COMMAND: POST /session/9922d70a8c737b1f7759c684aa08a55f/actions - {"actions":[{"id":"action4","type":"key","parameters":{},"actions":[{"type":"keyDown","value":"î€‡"},{"type":"pause","duration":10},{"type":"keyUp","value":"î€‡"}]}]}
COMMAND: GET /session/9922d70a8c737b1f7759c684aa08a55f/screenshot - {}
RESULT: {"actions":[{"id":"action4","type":"key","parameters":{},"actions":[{"type":"keyDown","value":"î€‡"},{"type":"pause","duration":10},{"type":"keyUp","value":"î€‡"}]}]}
COMMAND: GET /session/9922d70a8c737b1f7759c684aa08a55f/screenshot - {}
RESULT: {}
RESULT: {}
COMMAND: POST /session/9922d70a8c737b1f7759c684aa08a55f/element - {"using":"xpath","value":"(//span[contains(text(), \"SecondSections28h6\")])[1]"}
RESULT: {"using":"xpath","value":"(//span[contains(text(), \"SecondSections28h6\")])[1]"}
COMMAND: POST /session/9922d70a8c737b1f7759c684aa08a55f/element/f.CBB1D6F42E6F9AF68048B8EF7F8EAAC4.d.8E0BB5B734BC3C8D0FC2234AB0231FD3.e.1398/click - {}
RESULT: {}
COMMAND: POST /session/9922d70a8c737b1f7759c684aa08a55f/execute/async - {"script":"<script> [1562 bytes]","args":[{"selector":{"controlType":"sap.m.Button","viewName":"etm.portal.ui.managecatalogs.view.Detail","viewId":"application-managecatalogs-display-component---detailCatalog","i18NText":{"propertyName":"text","key":"edit"},"interaction":{"idSuffix":"BDI-content"}},"wdio_ui5_key":"etmportal.ui.managecatalogs.view.Detailsap.m.Button{\"propertyName\":\"text\",\"key\":\"edit\"}"}]}
COMMAND: GET /session/9922d70a8c737b1f7759c684aa08a55f/screenshot - {}
RESULT: {"script":"<script> [1562 bytes]","args":[{"selector":{"controlType":"sap.m.Button","viewName":"etm.portal.ui.managecatalogs.view.Detail","viewId":"application-managecatalogs-display-component---detailCatalog","i18NText":{"propertyName":"text","key":"edit"},"interaction":{"idSuffix":"BDI-content"}},"wdio_ui5_key":"etmportal.ui.managecatalogs.view.Detailsap.m.Button{\"propertyName\":\"text\",\"key\":\"edit\"}"}]}
RESULT: undefined
COMMAND: POST /session/9922d70a8c737b1f7759c684aa08a55f/element - {"using":"xpath","value":"//*[@id=\"__button33\"]"}
RESULT: {}
RESULT: {"using":"xpath","value":"//*[@id=\"__button33\"]"}
COMMAND: POST /session/9922d70a8c737b1f7759c684aa08a55f/element/f.CBB1D6F42E6F9AF68048B8EF7F8EAAC4.d.8E0BB5B734BC3C8D0FC2234AB0231FD3.e.1467/click - {}
RESULT: {}
COMMAND: POST /session/9922d70a8c737b1f7759c684aa08a55f/execute/async - {"script":"<script> [1562 bytes]","args":[{"selector":{"controlType":"sap.ui.core.Icon","viewName":"etm.portal.ui.managecatalogs.view.Detail","viewId":"application-managecatalogs-display-component---detailCatalog","properties":{"src":{"regex":{"source":"add\\-document"}}}},"wdio_ui5_key":"etmportal.ui.managecatalogs.view.Detailsap.ui.core.Icon{\"src\":{\"regex\":{\"source\":\"add\\\\-document\"}}}"}]}
COMMAND: GET /session/9922d70a8c737b1f7759c684aa08a55f/screenshot - {}
RESULT: {"script":"<script> [1562 bytes]","args":[{"selector":{"controlType":"sap.ui.core.Icon","viewName":"etm.portal.ui.managecatalogs.view.Detail","viewId":"application-managecatalogs-display-component---detailCatalog","properties":{"src":{"regex":{"source":"add\\-document"}}}},"wdio_ui5_key":"etmportal.ui.managecatalogs.view.Detailsap.ui.core.Icon{\"src\":{\"regex\":{\"source\":\"add\\\\-document\"}}}"}]}
RESULT: undefined
COMMAND: POST /session/9922d70a8c737b1f7759c684aa08a55f/element - {"using":"xpath","value":"//*[@id=\"__button42-img\"]"}
RESULT: {}
RESULT: {"using":"xpath","value":"//*[@id=\"__button42-img\"]"}
COMMAND: POST /session/9922d70a8c737b1f7759c684aa08a55f/element/f.CBB1D6F42E6F9AF68048B8EF7F8EAAC4.d.8E0BB5B734BC3C8D0FC2234AB0231FD3.e.1474/click - {}
RESULT: {}
COMMAND: POST /session/9922d70a8c737b1f7759c684aa08a55f/execute/async - {"script":"<script> [1562 bytes]","args":[{"selector":{"id":"application-managecatalogs-display-component---detailCatalog--newItemNumberInput","searchOpenDialogs":true,"interaction":{"idSuffix":"inner"}},"wdio_ui5_key":"applicationmanagecatalogs-display-component---detailCatalog--newItemNumberInput"}]}
COMMAND: GET /session/9922d70a8c737b1f7759c684aa08a55f/screenshot - {}
RESULT: {"script":"<script> [1562 bytes]","args":[{"selector":{"id":"application-managecatalogs-display-component---detailCatalog--newItemNumberInput","searchOpenDialogs":true,"interaction":{"idSuffix":"inner"}},"wdio_ui5_key":"applicationmanagecatalogs-display-component---detailCatalog--newItemNumberInput"}]}
RESULT: undefined
COMMAND: POST /session/9922d70a8c737b1f7759c684aa08a55f/execute/async - {"script":"<script> [776 bytes]","args":[{"enterText":"catalogItemvid3b","selector":{"id":"application-managecatalogs-display-component---detailCatalog--newItemNumberInput","searchOpenDialogs":true,"interaction":{"idSuffix":"inner"}},"clearTextFirst":true,"interactionType":"ENTER_TEXT"}]}
RESULT: {}
RESULT: {"script":"<script> [776 bytes]","args":[{"enterText":"catalogItemvid3b","selector":{"id":"application-managecatalogs-display-component---detailCatalog--newItemNumberInput","searchOpenDialogs":true,"interaction":{"idSuffix":"inner"}},"clearTextFirst":true,"interactionType":"ENTER_TEXT"}]}
COMMAND: POST /session/9922d70a8c737b1f7759c684aa08a55f/execute/async - {"script":"<script> [1562 bytes]","args":[{"selector":{"controlType":"sap.m.Input","viewName":"etm.portal.ui.managecatalogs.view.Detail","viewId":"application-managecatalogs-display-component---detailCatalog","bindingPath":{"path":"","propertyPath":"/DESCRIPTION"},"searchOpenDialogs":true,"interaction":{"idSuffix":"inner"}},"wdio_ui5_key":"etmportal.ui.managecatalogs.view.Detailsap.m.Input{\"path\":\"\",\"propertyPath\":\"/DESCRIPTION\"}"}]}
RESULT: {"script":"<script> [1562 bytes]","args":[{"selector":{"controlType":"sap.m.Input","viewName":"etm.portal.ui.managecatalogs.view.Detail","viewId":"application-managecatalogs-display-component---detailCatalog","bindingPath":{"path":"","propertyPath":"/DESCRIPTION"},"searchOpenDialogs":true,"interaction":{"idSuffix":"inner"}},"wdio_ui5_key":"etmportal.ui.managecatalogs.view.Detailsap.m.Input{\"path\":\"\",\"propertyPath\":\"/DESCRIPTION\"}"}]}
RESULT: undefined
COMMAND: POST /session/9922d70a8c737b1f7759c684aa08a55f/execute/async - {"script":"<script> [776 bytes]","args":[{"enterText":"catalogItemNamedf4ko","selector":{"controlType":"sap.m.Input","viewName":"etm.portal.ui.managecatalogs.view.Detail","viewId":"application-managecatalogs-display-component---detailCatalog","bindingPath":{"path":"","propertyPath":"/DESCRIPTION"},"searchOpenDialogs":true,"interaction":{"idSuffix":"inner"}},"clearTextFirst":true,"interactionType":"ENTER_TEXT"}]}
RESULT: {"script":"<script> [776 bytes]","args":[{"enterText":"catalogItemNamedf4ko","selector":{"controlType":"sap.m.Input","viewName":"etm.portal.ui.managecatalogs.view.Detail","viewId":"application-managecatalogs-display-component---detailCatalog","bindingPath":{"path":"","propertyPath":"/DESCRIPTION"},"searchOpenDialogs":true,"interaction":{"idSuffix":"inner"}},"clearTextFirst":true,"interactionType":"ENTER_TEXT"}]}
COMMAND: POST /session/9922d70a8c737b1f7759c684aa08a55f/execute/async - {"script":"<script> [1562 bytes]","args":[{"selector":{"controlType":"sap.m.Button","viewName":"etm.portal.ui.managecatalogs.view.Detail","viewId":"application-managecatalogs-display-component---detailCatalog","i18NText":{"propertyName":"text","key":"create"},"searchOpenDialogs":true,"interaction":{"idSuffix":"BDI-content"}},"wdio_ui5_key":"etmportal.ui.managecatalogs.view.Detailsap.m.Button{\"propertyName\":\"text\",\"key\":\"create\"}"}]}
RESULT: {"script":"<script> [1562 bytes]","args":[{"selector":{"controlType":"sap.m.Button","viewName":"etm.portal.ui.managecatalogs.view.Detail","viewId":"application-managecatalogs-display-component---detailCatalog","i18NText":{"propertyName":"text","key":"create"},"searchOpenDialogs":true,"interaction":{"idSuffix":"BDI-content"}},"wdio_ui5_key":"etmportal.ui.managecatalogs.view.Detailsap.m.Button{\"propertyName\":\"text\",\"key\":\"create\"}"}]}
RESULT: undefined
COMMAND: POST /session/9922d70a8c737b1f7759c684aa08a55f/element - {"using":"xpath","value":"//*[@id=\"__button17\"]"}
RESULT: {"using":"xpath","value":"//*[@id=\"__button17\"]"}
COMMAND: POST /session/9922d70a8c737b1f7759c684aa08a55f/element/f.CBB1D6F42E6F9AF68048B8EF7F8EAAC4.d.8E0BB5B734BC3C8D0FC2234AB0231FD3.e.1484/click - {}
RESULT: {}
COMMAND: GET /session/9922d70a8c737b1f7759c684aa08a55f/screenshot - {}
RESULT: {}
COMMAND: POST /session/9922d70a8c737b1f7759c684aa08a55f/element - {"using":"xpath","value":"//button[@title=\"Save\"]"}
RESULT: {"using":"xpath","value":"//button[@title=\"Save\"]"}
COMMAND: POST /session/9922d70a8c737b1f7759c684aa08a55f/element/f.CBB1D6F42E6F9AF68048B8EF7F8EAAC4.d.8E0BB5B734BC3C8D0FC2234AB0231FD3.e.1485/click - {}
RESULT: {}
COMMAND: GET /session/9922d70a8c737b1f7759c684aa08a55f/screenshot - {}
RESULT: {}
COMMAND: POST /session/9922d70a8c737b1f7759c684aa08a55f/execute/async - {"script":"<script> [1562 bytes]","args":[{"selector":{"controlType":"sap.ui.core.Icon","viewName":"etm.portal.ui.managecatalogs.view.Detail","viewId":"application-managecatalogs-display-component---detailCatalog","properties":{"src":{"regex":{"source":"decline"}}}},"wdio_ui5_key":"etmportal.ui.managecatalogs.view.Detailsap.ui.core.Icon{\"src\":{\"regex\":{\"source\":\"decline\"}}}"}]}
RESULT: {"script":"<script> [1562 bytes]","args":[{"selector":{"controlType":"sap.ui.core.Icon","viewName":"etm.portal.ui.managecatalogs.view.Detail","viewId":"application-managecatalogs-display-component---detailCatalog","properties":{"src":{"regex":{"source":"decline"}}}},"wdio_ui5_key":"etmportal.ui.managecatalogs.view.Detailsap.ui.core.Icon{\"src\":{\"regex\":{\"source\":\"decline\"}}}"}]}
RESULT: undefined
COMMAND: POST /session/9922d70a8c737b1f7759c684aa08a55f/element - {"using":"xpath","value":"//*[@id=\"__button36-img\"]"}
RESULT: {"using":"xpath","value":"//*[@id=\"__button36-img\"]"}
COMMAND: POST /session/9922d70a8c737b1f7759c684aa08a55f/element/f.CBB1D6F42E6F9AF68048B8EF7F8EAAC4.d.8E0BB5B734BC3C8D0FC2234AB0231FD3.e.1492/click - {}
RESULT: {}
COMMAND: GET /session/9922d70a8c737b1f7759c684aa08a55f/screenshot - {}
RESULT: {}
COMMAND: POST /session/9922d70a8c737b1f7759c684aa08a55f/execute/async - {"script":"<script> [1562 bytes]","args":[{"selector":{"controlType":"sap.ui.core.Icon","viewName":"etm.portal.ui.managecatalogs.view.MasterItems","viewId":"application-managecatalogs-display-component---masterCatalogItems","properties":{"src":{"regex":{"source":"refresh"}}}},"wdio_ui5_key":"etmportal.ui.managecatalogs.view.MasterItemssap.ui.core.Icon{\"src\":{\"regex\":{\"source\":\"refresh\"}}}"}]}
RESULT: {"script":"<script> [1562 bytes]","args":[{"selector":{"controlType":"sap.ui.core.Icon","viewName":"etm.portal.ui.managecatalogs.view.MasterItems","viewId":"application-managecatalogs-display-component---masterCatalogItems","properties":{"src":{"regex":{"source":"refresh"}}}},"wdio_ui5_key":"etmportal.ui.managecatalogs.view.MasterItemssap.ui.core.Icon{\"src\":{\"regex\":{\"source\":\"refresh\"}}}"}]}
RESULT: undefined
COMMAND: POST /session/9922d70a8c737b1f7759c684aa08a55f/element - {"using":"xpath","value":"//*[@id=\"__button9-img\"]"}
RESULT: {"using":"xpath","value":"//*[@id=\"__button9-img\"]"}
COMMAND: POST /session/9922d70a8c737b1f7759c684aa08a55f/element/f.CBB1D6F42E6F9AF68048B8EF7F8EAAC4.d.8E0BB5B734BC3C8D0FC2234AB0231FD3.e.1529/click - {}
RESULT: {}
COMMAND: GET /session/9922d70a8c737b1f7759c684aa08a55f/screenshot - {}
RESULT: {}
COMMAND: POST /session/9922d70a8c737b1f7759c684aa08a55f/execute/async - {"script":"<script> [1562 bytes]","args":[{"selector":{"id":"application-managecatalogs-display-component---masterCatalogItems--searchItemsField","interaction":{"idSuffix":"I"}},"wdio_ui5_key":"applicationmanagecatalogs-display-component---masterCatalogItems--searchItemsField"}]}
RESULT: {"script":"<script> [1562 bytes]","args":[{"selector":{"id":"application-managecatalogs-display-component---masterCatalogItems--searchItemsField","interaction":{"idSuffix":"I"}},"wdio_ui5_key":"applicationmanagecatalogs-display-component---masterCatalogItems--searchItemsField"}]}
RESULT: undefined
COMMAND: POST /session/9922d70a8c737b1f7759c684aa08a55f/execute/async - {"script":"<script> [776 bytes]","args":[{"enterText":"catalogItemNamedf4ko","selector":{"id":"application-managecatalogs-display-component---masterCatalogItems--searchItemsField","interaction":{"idSuffix":"I"}},"clearTextFirst":true,"interactionType":"ENTER_TEXT"}]}
RESULT: {"script":"<script> [776 bytes]","args":[{"enterText":"catalogItemNamedf4ko","selector":{"id":"application-managecatalogs-display-component---masterCatalogItems--searchItemsField","interaction":{"idSuffix":"I"}},"clearTextFirst":true,"interactionType":"ENTER_TEXT"}]}
COMMAND: POST /session/9922d70a8c737b1f7759c684aa08a55f/actions - {"actions":[{"id":"action5","type":"key","parameters":{},"actions":[{"type":"keyDown","value":"î€‡"},{"type":"pause","duration":10},{"type":"keyUp","value":"î€‡"}]}]}
RESULT: {"actions":[{"id":"action5","type":"key","parameters":{},"actions":[{"type":"keyDown","value":"î€‡"},{"type":"pause","duration":10},{"type":"keyUp","value":"î€‡"}]}]}
COMMAND: POST /session/9922d70a8c737b1f7759c684aa08a55f/element - {"using":"xpath","value":"(//span[contains(text(), \"catalogItemNamedf4ko\")])[1]"}
COMMAND: GET /session/9922d70a8c737b1f7759c684aa08a55f/screenshot - {}
RESULT: {"using":"xpath","value":"(//span[contains(text(), \"catalogItemNamedf4ko\")])[1]"}
COMMAND: POST /session/9922d70a8c737b1f7759c684aa08a55f/element/f.CBB1D6F42E6F9AF68048B8EF7F8EAAC4.d.8E0BB5B734BC3C8D0FC2234AB0231FD3.e.1536/click - {}
RESULT: {}
RESULT: {}
COMMAND: GET /session/9922d70a8c737b1f7759c684aa08a55f/screenshot - {}
RESULT: {}
COMMAND: POST /session/9922d70a8c737b1f7759c684aa08a55f/element - {"using":"xpath","value":"//span[contains(text(), \"catalogItemvid3b\")]"}
RESULT: {"using":"xpath","value":"//span[contains(text(), \"catalogItemvid3b\")]"}
COMMAND: GET /session/9922d70a8c737b1f7759c684aa08a55f/element/f.CBB1D6F42E6F9AF68048B8EF7F8EAAC4.d.8E0BB5B734BC3C8D0FC2234AB0231FD3.e.1595/text - {}
RESULT: {}
RESULT: undefined
COMMAND: POST /session/9922d70a8c737b1f7759c684aa08a55f/element - {"using":"xpath","value":"//*[@id=\"__button33\"]"}
RESULT: {"using":"xpath","value":"//*[@id=\"__button33\"]"}
COMMAND: POST /session/9922d70a8c737b1f7759c684aa08a55f/element/f.CBB1D6F42E6F9AF68048B8EF7F8EAAC4.d.8E0BB5B734BC3C8D0FC2234AB0231FD3.e.1596/click - {}
RESULT: {}
COMMAND: GET /session/9922d70a8c737b1f7759c684aa08a55f/screenshot - {}
RESULT: {}
COMMAND: POST /session/9922d70a8c737b1f7759c684aa08a55f/execute/async - {"script":"<script> [1562 bytes]","args":[{"selector":{"id":"application-managecatalogs-display-component---detailCatalog--BASE_UNIT_OF_MEASURE-arrow"},"wdio_ui5_key":"applicationmanagecatalogs-display-component---detailCatalog--BASE_UNIT_OF_MEASURE-arrow"}]}
RESULT: {"script":"<script> [1562 bytes]","args":[{"selector":{"id":"application-managecatalogs-display-component---detailCatalog--BASE_UNIT_OF_MEASURE-arrow"},"wdio_ui5_key":"applicationmanagecatalogs-display-component---detailCatalog--BASE_UNIT_OF_MEASURE-arrow"}]}
RESULT: undefined
COMMAND: POST /session/9922d70a8c737b1f7759c684aa08a55f/element - {"using":"xpath","value":"//*[@id=\"application-managecatalogs-display-component---detailCatalog--BASE_UNIT_OF_MEASURE-arrow\"]"}
RESULT: {"using":"xpath","value":"//*[@id=\"application-managecatalogs-display-component---detailCatalog--BASE_UNIT_OF_MEASURE-arrow\"]"}
COMMAND: POST /session/9922d70a8c737b1f7759c684aa08a55f/element/f.CBB1D6F42E6F9AF68048B8EF7F8EAAC4.d.8E0BB5B734BC3C8D0FC2234AB0231FD3.e.1625/click - {}
RESULT: {}
COMMAND: GET /session/9922d70a8c737b1f7759c684aa08a55f/screenshot - {}
RESULT: {}
COMMAND: POST /session/9922d70a8c737b1f7759c684aa08a55f/execute/async - {"script":"<script> [1562 bytes]","args":[{"selector":{"controlType":"sap.m.StandardListItem","viewName":"etm.portal.ui.managecatalogs.view.Detail","viewId":"application-managecatalogs-display-component---detailCatalog","properties":{"title":"Piece"},"searchOpenDialogs":true,"interaction":{"idSuffix":"titleText"}},"wdio_ui5_key":"etmportal.ui.managecatalogs.view.Detailsap.m.StandardListItem{\"title\":\"Piece\"}"}]}
RESULT: {"script":"<script> [1562 bytes]","args":[{"selector":{"controlType":"sap.m.StandardListItem","viewName":"etm.portal.ui.managecatalogs.view.Detail","viewId":"application-managecatalogs-display-component---detailCatalog","properties":{"title":"Piece"},"searchOpenDialogs":true,"interaction":{"idSuffix":"titleText"}},"wdio_ui5_key":"etmportal.ui.managecatalogs.view.Detailsap.m.StandardListItem{\"title\":\"Piece\"}"}]}
RESULT: undefined
COMMAND: POST /session/9922d70a8c737b1f7759c684aa08a55f/element - {"using":"xpath","value":"//*[@id=\"__item215\"]"}
RESULT: {"using":"xpath","value":"//*[@id=\"__item215\"]"}
COMMAND: POST /session/9922d70a8c737b1f7759c684aa08a55f/element/f.CBB1D6F42E6F9AF68048B8EF7F8EAAC4.d.8E0BB5B734BC3C8D0FC2234AB0231FD3.e.1629/click - {}
RESULT: {}
COMMAND: POST /session/9922d70a8c737b1f7759c684aa08a55f/execute/async - {"script":"<script> [1562 bytes]","args":[{"selector":{"controlType":"sap.ui.core.Icon","viewName":"etm.portal.ui.managecatalogs.view.Detail","viewId":"application-managecatalogs-display-component---detailCatalog","properties":{"src":{"regex":{"source":"add"}}},"ancestor":{"controlType":"sap.m.Button","viewName":"etm.portal.ui.managecatalogs.view.Detail","viewId":"application-managecatalogs-display-component---detailCatalog","i18NText":{"propertyName":"tooltip","key":"addClass"}}},"wdio_ui5_key":"etmportal.ui.managecatalogs.view.Detailsap.ui.core.Icon{\"src\":{\"regex\":{\"source\":\"add\"}}}{\"controlType\":\"sap.m.Button\",\"viewName\":\"etm.portal.ui.managecatalogs.view.Detail\",\"viewId\":\"application-managecatalogs-display-component---detailCatalog\",\"i18NText\":{\"propertyName\":\"tooltip\",\"key\":\"addClass\"}}"}]}
COMMAND: GET /session/9922d70a8c737b1f7759c684aa08a55f/screenshot - {}
RESULT: {"script":"<script> [1562 bytes]","args":[{"selector":{"controlType":"sap.ui.core.Icon","viewName":"etm.portal.ui.managecatalogs.view.Detail","viewId":"application-managecatalogs-display-component---detailCatalog","properties":{"src":{"regex":{"source":"add"}}},"ancestor":{"controlType":"sap.m.Button","viewName":"etm.portal.ui.managecatalogs.view.Detail","viewId":"application-managecatalogs-display-component---detailCatalog","i18NText":{"propertyName":"tooltip","key":"addClass"}}},"wdio_ui5_key":"etmportal.ui.managecatalogs.view.Detailsap.ui.core.Icon{\"src\":{\"regex\":{\"source\":\"add\"}}}{\"controlType\":\"sap.m.Button\",\"viewName\":\"etm.portal.ui.managecatalogs.view.Detail\",\"viewId\":\"application-managecatalogs-display-component---detailCatalog\",\"i18NText\":{\"propertyName\":\"tooltip\",\"key\":\"addClass\"}}"}]}
RESULT: undefined
COMMAND: POST /session/9922d70a8c737b1f7759c684aa08a55f/element - {"using":"xpath","value":"//*[@id=\"__button39-img\"]"}
RESULT: {}
RESULT: {"using":"xpath","value":"//*[@id=\"__button39-img\"]"}
COMMAND: POST /session/9922d70a8c737b1f7759c684aa08a55f/element/f.CBB1D6F42E6F9AF68048B8EF7F8EAAC4.d.8E0BB5B734BC3C8D0FC2234AB0231FD3.e.1630/click - {}
RESULT: {}
COMMAND: GET /session/9922d70a8c737b1f7759c684aa08a55f/screenshot - {}
RESULT: {}
COMMAND: POST /session/9922d70a8c737b1f7759c684aa08a55f/element - {"using":"xpath","value":"//input[contains(@id ,\"searchField-I\")]"}
RESULT: {"using":"xpath","value":"//input[contains(@id ,\"searchField-I\")]"}
COMMAND: POST /session/9922d70a8c737b1f7759c684aa08a55f/element/f.CBB1D6F42E6F9AF68048B8EF7F8EAAC4.d.8E0BB5B734BC3C8D0FC2234AB0231FD3.e.1634/value - {"text":"WebdriverYardClass34uyh"}
RESULT: {"text":"WebdriverYardClass34uyh"}
COMMAND: POST /session/9922d70a8c737b1f7759c684aa08a55f/actions - {"actions":[{"id":"action6","type":"key","parameters":{},"actions":[{"type":"keyDown","value":"î€‡"},{"type":"pause","duration":10},{"type":"keyUp","value":"î€‡"}]}]}
COMMAND: GET /session/9922d70a8c737b1f7759c684aa08a55f/screenshot - {}
RESULT: {"actions":[{"id":"action6","type":"key","parameters":{},"actions":[{"type":"keyDown","value":"î€‡"},{"type":"pause","duration":10},{"type":"keyUp","value":"î€‡"}]}]}
COMMAND: GET /session/9922d70a8c737b1f7759c684aa08a55f/screenshot - {}
RESULT: {}
RESULT: {}
COMMAND: POST /session/9922d70a8c737b1f7759c684aa08a55f/element - {"using":"xpath","value":"//span[contains(text(), \"WebdriverYardClass34uyh\")]"}
RESULT: {"using":"xpath","value":"//span[contains(text(), \"WebdriverYardClass34uyh\")]"}
COMMAND: POST /session/9922d70a8c737b1f7759c684aa08a55f/element/f.CBB1D6F42E6F9AF68048B8EF7F8EAAC4.d.8E0BB5B734BC3C8D0FC2234AB0231FD3.e.1651/click - {}
RESULT: {}
COMMAND: GET /session/9922d70a8c737b1f7759c684aa08a55f/screenshot - {}
RESULT: {}
COMMAND: POST /session/9922d70a8c737b1f7759c684aa08a55f/execute/async - {"script":"<script> [1562 bytes]","args":[{"selector":{"controlType":"sap.m.Button","viewName":"etm.portal.ui.managecatalogs.view.Detail","viewId":"application-managecatalogs-display-component---detailCatalog","properties":{"text":"Classification"},"interaction":{"idSuffix":"BDI-content"}},"wdio_ui5_key":"etmportal.ui.managecatalogs.view.Detailsap.m.Button{\"text\":\"Classification\"}"}]}
RESULT: {"script":"<script> [1562 bytes]","args":[{"selector":{"controlType":"sap.m.Button","viewName":"etm.portal.ui.managecatalogs.view.Detail","viewId":"application-managecatalogs-display-component---detailCatalog","properties":{"text":"Classification"},"interaction":{"idSuffix":"BDI-content"}},"wdio_ui5_key":"etmportal.ui.managecatalogs.view.Detailsap.m.Button{\"text\":\"Classification\"}"}]}
RESULT: undefined
COMMAND: POST /session/9922d70a8c737b1f7759c684aa08a55f/element - {"using":"xpath","value":"//*[@id=\"application-managecatalogs-display-component---detailCatalog--ObjectPageLayout-anchBar-__section3-anchor\"]"}
RESULT: {"using":"xpath","value":"//*[@id=\"application-managecatalogs-display-component---detailCatalog--ObjectPageLayout-anchBar-__section3-anchor\"]"}
COMMAND: POST /session/9922d70a8c737b1f7759c684aa08a55f/element/f.CBB1D6F42E6F9AF68048B8EF7F8EAAC4.d.8E0BB5B734BC3C8D0FC2234AB0231FD3.e.1657/click - {}
RESULT: {}
COMMAND: GET /session/9922d70a8c737b1f7759c684aa08a55f/screenshot - {}
RESULT: {}
COMMAND: POST /session/9922d70a8c737b1f7759c684aa08a55f/element - {"using":"xpath","value":"//span[contains(@id ,\"expandButton-img\")]"}
RESULT: {"using":"xpath","value":"//span[contains(@id ,\"expandButton-img\")]"}
COMMAND: POST /session/9922d70a8c737b1f7759c684aa08a55f/element/f.CBB1D6F42E6F9AF68048B8EF7F8EAAC4.d.8E0BB5B734BC3C8D0FC2234AB0231FD3.e.1662/click - {}
RESULT: {}
COMMAND: POST /session/9922d70a8c737b1f7759c684aa08a55f/execute/async - {"script":"<script> [1562 bytes]","args":[{"selector":{"controlType":"sap.m.CheckBox","viewName":"etm.portal.ui.managecatalogs.view.Detail","viewId":"application-managecatalogs-display-component---detailCatalog","bindingPath":{"path":"/data/0/PROPERTIES/0","propertyPath":"SELECTED","modelName":"classModel"},"interaction":{"idSuffix":"CbBg"}},"wdio_ui5_key":"etmportal.ui.managecatalogs.view.Detailsap.m.CheckBox{\"path\":\"/data/0/PROPERTIES/0\",\"propertyPath\":\"SELECTED\",\"modelName\":\"classModel\"}"}]}
COMMAND: GET /session/9922d70a8c737b1f7759c684aa08a55f/screenshot - {}
RESULT: {"script":"<script> [1562 bytes]","args":[{"selector":{"controlType":"sap.m.CheckBox","viewName":"etm.portal.ui.managecatalogs.view.Detail","viewId":"application-managecatalogs-display-component---detailCatalog","bindingPath":{"path":"/data/0/PROPERTIES/0","propertyPath":"SELECTED","modelName":"classModel"},"interaction":{"idSuffix":"CbBg"}},"wdio_ui5_key":"etmportal.ui.managecatalogs.view.Detailsap.m.CheckBox{\"path\":\"/data/0/PROPERTIES/0\",\"propertyPath\":\"SELECTED\",\"modelName\":\"classModel\"}"}]}
RESULT: undefined
COMMAND: POST /session/9922d70a8c737b1f7759c684aa08a55f/element - {"using":"xpath","value":"//*[@id=\"__box32\"]"}
RESULT: {}
RESULT: {"using":"xpath","value":"//*[@id=\"__box32\"]"}
COMMAND: POST /session/9922d70a8c737b1f7759c684aa08a55f/element/f.CBB1D6F42E6F9AF68048B8EF7F8EAAC4.d.8E0BB5B734BC3C8D0FC2234AB0231FD3.e.1677/click - {}
RESULT: {}
RESULT: undefined
COMMAND: POST /session/9922d70a8c737b1f7759c684aa08a55f/execute/async - {"script":"<script> [6424 bytes]","args":[{"element-6066-11e4-a52e-4f735466cecf":"f.CBB1D6F42E6F9AF68048B8EF7F8EAAC4.d.8E0BB5B734BC3C8D0FC2234AB0231FD3.e.1675"},"getSelected",[]]}
COMMAND: GET /session/9922d70a8c737b1f7759c684aa08a55f/screenshot - {}
RESULT: {"script":"<script> [6424 bytes]","args":[{"element-6066-11e4-a52e-4f735466cecf":"f.CBB1D6F42E6F9AF68048B8EF7F8EAAC4.d.8E0BB5B734BC3C8D0FC2234AB0231FD3.e.1675"},"getSelected",[]]}
COMMAND: POST /session/9922d70a8c737b1f7759c684aa08a55f/execute/async - {"script":"<script> [1562 bytes]","args":[{"selector":{"controlType":"sap.m.Button","viewName":"etm.portal.ui.managecatalogs.view.Detail","viewId":"application-managecatalogs-display-component---detailCatalog","i18NText":{"propertyName":"text","key":"save"},"interaction":{"idSuffix":"BDI-content"}},"wdio_ui5_key":"etmportal.ui.managecatalogs.view.Detailsap.m.Button{\"propertyName\":\"text\",\"key\":\"save\"}"}]}
RESULT: {}
RESULT: {"script":"<script> [1562 bytes]","args":[{"selector":{"controlType":"sap.m.Button","viewName":"etm.portal.ui.managecatalogs.view.Detail","viewId":"application-managecatalogs-display-component---detailCatalog","i18NText":{"propertyName":"text","key":"save"},"interaction":{"idSuffix":"BDI-content"}},"wdio_ui5_key":"etmportal.ui.managecatalogs.view.Detailsap.m.Button{\"propertyName\":\"text\",\"key\":\"save\"}"}]}
RESULT: undefined
COMMAND: POST /session/9922d70a8c737b1f7759c684aa08a55f/element - {"using":"xpath","value":"//*[@id=\"__button51\"]"}
RESULT: {"using":"xpath","value":"//*[@id=\"__button51\"]"}
COMMAND: POST /session/9922d70a8c737b1f7759c684aa08a55f/element/f.CBB1D6F42E6F9AF68048B8EF7F8EAAC4.d.8E0BB5B734BC3C8D0FC2234AB0231FD3.e.1599/click - {}
RESULT: {}
COMMAND: GET /session/9922d70a8c737b1f7759c684aa08a55f/screenshot - {}
RESULT: {}
COMMAND: POST /session/9922d70a8c737b1f7759c684aa08a55f/element - {"using":"css selector","value":"#shell-header-logo"}
RESULT: {"using":"css selector","value":"#shell-header-logo"}
COMMAND: POST /session/9922d70a8c737b1f7759c684aa08a55f/element/f.CBB1D6F42E6F9AF68048B8EF7F8EAAC4.d.8E0BB5B734BC3C8D0FC2234AB0231FD3.e.1359/click - {}
RESULT: {}
COMMAND: GET /session/9922d70a8c737b1f7759c684aa08a55f/screenshot - {}
RESULT: {}
]]></system-out>
    </testcase>
    <testcase classname="chrome.135_0_7049_115.windows.Manage_catalogs_-_yard_assignment_classification_US138930" name="Should verify if the catalog item is visible after selecting the yard" time="58.355">
      <system-out><![CDATA[
COMMAND: POST /session/9922d70a8c737b1f7759c684aa08a55f/execute/async - {"script":"<script> [1562 bytes]","args":[{"selector":{"controlType":"sap.m.Text","properties":{"text":"Webshop"},"interaction":{"idSuffix":"inner"}},"wdio_ui5_key":"sapm.Text{\"text\":\"Webshop\"}"}]}
RESULT: {"script":"<script> [1562 bytes]","args":[{"selector":{"controlType":"sap.m.Text","properties":{"text":"Webshop"},"interaction":{"idSuffix":"inner"}},"wdio_ui5_key":"sapm.Text{\"text\":\"Webshop\"}"}]}
RESULT: undefined
COMMAND: POST /session/9922d70a8c737b1f7759c684aa08a55f/element - {"using":"xpath","value":"//*[@id=\"__tile49-title\"]"}
RESULT: {"using":"xpath","value":"//*[@id=\"__tile49-title\"]"}
COMMAND: POST /session/9922d70a8c737b1f7759c684aa08a55f/element/f.CBB1D6F42E6F9AF68048B8EF7F8EAAC4.d.8E0BB5B734BC3C8D0FC2234AB0231FD3.e.1704/click - {}
RESULT: {}
COMMAND: GET /session/9922d70a8c737b1f7759c684aa08a55f/screenshot - {}
RESULT: {}
COMMAND: POST /session/9922d70a8c737b1f7759c684aa08a55f/element - {"using":"css selector","value":"#requestCreationDialog--createRequestPopUp-title-inner"}
RESULT: {"using":"css selector","value":"#requestCreationDialog--createRequestPopUp-title-inner"}
COMMAND: POST /session/9922d70a8c737b1f7759c684aa08a55f/execute/sync - {"script":"<script> [8489 bytes]","args":[{"element-6066-11e4-a52e-4f735466cecf":"f.CBB1D6F42E6F9AF68048B8EF7F8EAAC4.d.8E0BB5B734BC3C8D0FC2234AB0231FD3.e.1734","ELEMENT":"f.CBB1D6F42E6F9AF68048B8EF7F8EAAC4.d.8E0BB5B734BC3C8D0FC2234AB0231FD3.e.1734"}]}
RESULT: {"script":"<script> [8489 bytes]","args":[{"element-6066-11e4-a52e-4f735466cecf":"f.CBB1D6F42E6F9AF68048B8EF7F8EAAC4.d.8E0BB5B734BC3C8D0FC2234AB0231FD3.e.1734","ELEMENT":"f.CBB1D6F42E6F9AF68048B8EF7F8EAAC4.d.8E0BB5B734BC3C8D0FC2234AB0231FD3.e.1734"}]}
COMMAND: GET /session/9922d70a8c737b1f7759c684aa08a55f/element/f.CBB1D6F42E6F9AF68048B8EF7F8EAAC4.d.8E0BB5B734BC3C8D0FC2234AB0231FD3.e.1734/enabled - {}
COMMAND: GET /session/9922d70a8c737b1f7759c684aa08a55f/screenshot - {}
RESULT: {}
COMMAND: POST /session/9922d70a8c737b1f7759c684aa08a55f/elements - {"using":"css selector","value":"#requestCreationDialog--createRequestPopUp-title-inner"}
COMMAND: GET /session/9922d70a8c737b1f7759c684aa08a55f/screenshot - {}
RESULT: {}
RESULT: {"using":"css selector","value":"#requestCreationDialog--createRequestPopUp-title-inner"}
COMMAND: POST /session/9922d70a8c737b1f7759c684aa08a55f/execute/async - {"script":"<script> [1562 bytes]","args":[{"selector":{"id":"requestCreationDialog--requestName","searchOpenDialogs":true,"interaction":{"idSuffix":"inner"}},"wdio_ui5_key":"requestCreationDialogrequestName"}]}
RESULT: {}
RESULT: {"script":"<script> [1562 bytes]","args":[{"selector":{"id":"requestCreationDialog--requestName","searchOpenDialogs":true,"interaction":{"idSuffix":"inner"}},"wdio_ui5_key":"requestCreationDialogrequestName"}]}
RESULT: undefined
COMMAND: POST /session/9922d70a8c737b1f7759c684aa08a55f/execute/async - {"script":"<script> [776 bytes]","args":[{"enterText":"WebdriverTest","selector":{"id":"requestCreationDialog--requestName","searchOpenDialogs":true,"interaction":{"idSuffix":"inner"}},"clearTextFirst":true,"interactionType":"ENTER_TEXT"}]}
RESULT: {"script":"<script> [776 bytes]","args":[{"enterText":"WebdriverTest","selector":{"id":"requestCreationDialog--requestName","searchOpenDialogs":true,"interaction":{"idSuffix":"inner"}},"clearTextFirst":true,"interactionType":"ENTER_TEXT"}]}
COMMAND: POST /session/9922d70a8c737b1f7759c684aa08a55f/element - {"using":"xpath","value":"//input[contains(@id ,\"requestCreationDialog--yardId-inner\")]"}
RESULT: {"using":"xpath","value":"//input[contains(@id ,\"requestCreationDialog--yardId-inner\")]"}
COMMAND: POST /session/9922d70a8c737b1f7759c684aa08a55f/element/f.CBB1D6F42E6F9AF68048B8EF7F8EAAC4.d.8E0BB5B734BC3C8D0FC2234AB0231FD3.e.1722/clear - {}
RESULT: {}
COMMAND: POST /session/9922d70a8c737b1f7759c684aa08a55f/element/f.CBB1D6F42E6F9AF68048B8EF7F8EAAC4.d.8E0BB5B734BC3C8D0FC2234AB0231FD3.e.1722/value - {"text":"101"}
COMMAND: GET /session/9922d70a8c737b1f7759c684aa08a55f/screenshot - {}
RESULT: {"text":"101"}
COMMAND: GET /session/9922d70a8c737b1f7759c684aa08a55f/screenshot - {}
RESULT: {}
RESULT: {}
COMMAND: POST /session/9922d70a8c737b1f7759c684aa08a55f/execute/async - {"script":"<script> [1562 bytes]","args":[{"selector":{"id":"requestCreationDialog--okButton","searchOpenDialogs":true,"interaction":{"idSuffix":"BDI-content"}},"wdio_ui5_key":"requestCreationDialogokButton"}]}
RESULT: {"script":"<script> [1562 bytes]","args":[{"selector":{"id":"requestCreationDialog--okButton","searchOpenDialogs":true,"interaction":{"idSuffix":"BDI-content"}},"wdio_ui5_key":"requestCreationDialogokButton"}]}
RESULT: undefined
COMMAND: POST /session/9922d70a8c737b1f7759c684aa08a55f/element - {"using":"xpath","value":"//*[@id=\"requestCreationDialog--okButton\"]"}
RESULT: {"using":"xpath","value":"//*[@id=\"requestCreationDialog--okButton\"]"}
COMMAND: POST /session/9922d70a8c737b1f7759c684aa08a55f/element/f.CBB1D6F42E6F9AF68048B8EF7F8EAAC4.d.8E0BB5B734BC3C8D0FC2234AB0231FD3.e.1741/click - {}
RESULT: {}
COMMAND: GET /session/9922d70a8c737b1f7759c684aa08a55f/screenshot - {}
RESULT: {}
COMMAND: POST /session/9922d70a8c737b1f7759c684aa08a55f/element - {"using":"xpath","value":"//input[contains(@id ,\"searchFiledId-I\")]"}
RESULT: {"using":"xpath","value":"//input[contains(@id ,\"searchFiledId-I\")]"}
COMMAND: POST /session/9922d70a8c737b1f7759c684aa08a55f/element/f.CBB1D6F42E6F9AF68048B8EF7F8EAAC4.d.8E0BB5B734BC3C8D0FC2234AB0231FD3.e.1711/value - {"text":"catalogItemvid3b"}
RESULT: {"text":"catalogItemvid3b"}
COMMAND: POST /session/9922d70a8c737b1f7759c684aa08a55f/actions - {"actions":[{"id":"action7","type":"key","parameters":{},"actions":[{"type":"keyDown","value":"î€‡"},{"type":"pause","duration":10},{"type":"keyUp","value":"î€‡"}]}]}
COMMAND: GET /session/9922d70a8c737b1f7759c684aa08a55f/screenshot - {}
RESULT: {"actions":[{"id":"action7","type":"key","parameters":{},"actions":[{"type":"keyDown","value":"î€‡"},{"type":"pause","duration":10},{"type":"keyUp","value":"î€‡"}]}]}
COMMAND: GET /session/9922d70a8c737b1f7759c684aa08a55f/screenshot - {}
RESULT: {}
RESULT: {}
COMMAND: POST /session/9922d70a8c737b1f7759c684aa08a55f/element - {"using":"xpath","value":"//span[contains(@id ,\"subTitle\")][contains(text(), \"catalogItemvid3b\")]"}
RESULT: {"using":"xpath","value":"//span[contains(@id ,\"subTitle\")][contains(text(), \"catalogItemvid3b\")]"}
COMMAND: POST /session/9922d70a8c737b1f7759c684aa08a55f/element - {"using":"xpath","value":"//span[contains(@id ,\"subTitle\")][contains(text(), \"catalogItemvid3b\")]"}
RESULT: {"using":"xpath","value":"//span[contains(@id ,\"subTitle\")][contains(text(), \"catalogItemvid3b\")]"}
COMMAND: POST /session/9922d70a8c737b1f7759c684aa08a55f/execute/async - {"script":"<script> [1562 bytes]","args":[{"selector":{"controlType":"sap.tnt.NavigationListItem","viewName":"etm.portal.ui.webshop.view.Homepage","i18NText":{"propertyName":"text","key":"exit"},"interaction":{"idSuffix":"a"}},"wdio_ui5_key":"etmportal.ui.webshop.view.Homepagesap.tnt.NavigationListItem{\"propertyName\":\"text\",\"key\":\"exit\"}"}]}
RESULT: {"script":"<script> [1562 bytes]","args":[{"selector":{"controlType":"sap.tnt.NavigationListItem","viewName":"etm.portal.ui.webshop.view.Homepage","i18NText":{"propertyName":"text","key":"exit"},"interaction":{"idSuffix":"a"}},"wdio_ui5_key":"etmportal.ui.webshop.view.Homepagesap.tnt.NavigationListItem{\"propertyName\":\"text\",\"key\":\"exit\"}"}]}
RESULT: undefined
COMMAND: POST /session/9922d70a8c737b1f7759c684aa08a55f/element - {"using":"xpath","value":"//*[@id=\"__item275\"]"}
RESULT: {"using":"xpath","value":"//*[@id=\"__item275\"]"}
COMMAND: POST /session/9922d70a8c737b1f7759c684aa08a55f/element/f.CBB1D6F42E6F9AF68048B8EF7F8EAAC4.d.8E0BB5B734BC3C8D0FC2234AB0231FD3.e.1749/click - {}
RESULT: {}
]]></system-out>
    </testcase>
  </testsuite>
  <testsuite timestamp="2025-05-06T15:54:43" time="11.516" tests="1" failures="0" errors="0" skipped="0">
    <properties>
      <property name="specId" value="0" />
      <property name="suiteName" value="Catalogs section" />
      <property name="capabilities" value="chrome.135_0_7049_115.windows" />
      <property name="file" value="file:///D:/a/1/s/test/specs/R2C/manage-catalogs-values-section.spec.js" />
    </properties>
    <testcase classname="chrome.135_0_7049_115.windows.Catalogs_section" name="Should add values to a catalog item" time="11.515">
      <system-out><![CDATA[
COMMAND: POST /session/9922d70a8c737b1f7759c684aa08a55f/element - {"using":"xpath","value":"//li[contains(@data-kt ,\"exitNavigationListItem\")]"}
COMMAND: GET /session/9922d70a8c737b1f7759c684aa08a55f/screenshot - {}
RESULT: {"using":"xpath","value":"//li[contains(@data-kt ,\"exitNavigationListItem\")]"}
COMMAND: POST /session/9922d70a8c737b1f7759c684aa08a55f/execute/sync - {"script":"<script> [8489 bytes]","args":[{"element-6066-11e4-a52e-4f735466cecf":"f.CBB1D6F42E6F9AF68048B8EF7F8EAAC4.d.8E0BB5B734BC3C8D0FC2234AB0231FD3.e.1749","ELEMENT":"f.CBB1D6F42E6F9AF68048B8EF7F8EAAC4.d.8E0BB5B734BC3C8D0FC2234AB0231FD3.e.1749"}]}
RESULT: {}
COMMAND: POST /session/9922d70a8c737b1f7759c684aa08a55f/element - {"using":"xpath","value":"//li[contains(@data-kt ,\"exitNavigationListItem\")]"}
RESULT: {"using":"xpath","value":"//li[contains(@data-kt ,\"exitNavigationListItem\")]"}
COMMAND: POST /session/9922d70a8c737b1f7759c684aa08a55f/element - {"using":"xpath","value":"//li[contains(@data-kt ,\"exitNavigationListItem\")]"}
RESULT: {"using":"xpath","value":"//li[contains(@data-kt ,\"exitNavigationListItem\")]"}
COMMAND: POST /session/9922d70a8c737b1f7759c684aa08a55f/element - {"using":"xpath","value":"//span[contains(@id ,\"requestCreationDialog--createRequestPopUp-title-inner\")]"}
RESULT: {"using":"xpath","value":"//span[contains(@id ,\"requestCreationDialog--createRequestPopUp-title-inner\")]"}
COMMAND: POST /session/9922d70a8c737b1f7759c684aa08a55f/elements - {"using":"xpath","value":"//span[contains(@id ,\"requestCreationDialog--createRequestPopUp-title-inner\")]"}
RESULT: {"using":"xpath","value":"//span[contains(@id ,\"requestCreationDialog--createRequestPopUp-title-inner\")]"}
COMMAND: POST /session/9922d70a8c737b1f7759c684aa08a55f/element - {"using":"css selector","value":"#shell-header-logo"}
RESULT: {"using":"css selector","value":"#shell-header-logo"}
COMMAND: POST /session/9922d70a8c737b1f7759c684aa08a55f/element/f.CBB1D6F42E6F9AF68048B8EF7F8EAAC4.d.8E0BB5B734BC3C8D0FC2234AB0231FD3.e.1755/click - {}
RESULT: {}
COMMAND: GET /session/9922d70a8c737b1f7759c684aa08a55f/screenshot - {}
RESULT: {}
]]></system-out>
    </testcase>
  </testsuite>
  <testsuite timestamp="2025-05-06T15:54:55" time="326.495" tests="4" failures="0" errors="0" skipped="0">
    <properties>
      <property name="specId" value="0" />
      <property name="suiteName" value="Verify RU inventory split cost information US139363" />
      <property name="capabilities" value="chrome.135_0_7049_115.windows" />
      <property name="file" value="file:///D:/a/1/s/test/specs/R2C/verify-ru-inventory-split-cost-information.spec.js" />
    </properties>
    <testcase classname="chrome.135_0_7049_115.windows.Verify_RU_inventory_split_cost_information_US139363" name="Should create a new contract" time="83.583">
      <system-out><![CDATA[
COMMAND: POST /session/9922d70a8c737b1f7759c684aa08a55f/execute/async - {"script":"<script> [1562 bytes]","args":[{"selector":{"controlType":"sap.m.Text","viewName":"etm.portal.ui.managecontractstile.view.Master","properties":{"text":"Manage Contracts"},"interaction":{"idSuffix":"inner"}},"wdio_ui5_key":"etmportal.ui.managecontractstile.view.Mastersap.m.Text{\"text\":\"Manage Contracts\"}"}]}
RESULT: {"script":"<script> [1562 bytes]","args":[{"selector":{"controlType":"sap.m.Text","viewName":"etm.portal.ui.managecontractstile.view.Master","properties":{"text":"Manage Contracts"},"interaction":{"idSuffix":"inner"}},"wdio_ui5_key":"etmportal.ui.managecontractstile.view.Mastersap.m.Text{\"text\":\"Manage Contracts\"}"}]}
RESULT: undefined
COMMAND: POST /session/9922d70a8c737b1f7759c684aa08a55f/element - {"using":"xpath","value":"//*[@id=\"__tile133-title\"]"}
RESULT: {"using":"xpath","value":"//*[@id=\"__tile133-title\"]"}
COMMAND: POST /session/9922d70a8c737b1f7759c684aa08a55f/element/f.CBB1D6F42E6F9AF68048B8EF7F8EAAC4.d.8E0BB5B734BC3C8D0FC2234AB0231FD3.e.1757/click - {}
RESULT: {}
COMMAND: GET /session/9922d70a8c737b1f7759c684aa08a55f/screenshot - {}
RESULT: {}
COMMAND: POST /session/9922d70a8c737b1f7759c684aa08a55f/element - {"using":"xpath","value":"//button[@data-kt=\"addButton\"]"}
RESULT: {"using":"xpath","value":"//button[@data-kt=\"addButton\"]"}
COMMAND: POST /session/9922d70a8c737b1f7759c684aa08a55f/element/f.CBB1D6F42E6F9AF68048B8EF7F8EAAC4.d.8E0BB5B734BC3C8D0FC2234AB0231FD3.e.1802/click - {}
RESULT: {}
COMMAND: GET /session/9922d70a8c737b1f7759c684aa08a55f/screenshot - {}
RESULT: {}
COMMAND: POST /session/9922d70a8c737b1f7759c684aa08a55f/execute/async - {"script":"<script> [1562 bytes]","args":[{"selector":{"id":"application-managecontracts-display-component---AddNewContract--projectDescription","interaction":{"idSuffix":"inner"}},"wdio_ui5_key":"applicationmanagecontracts-display-component---AddNewContract--projectDescription"}]}
RESULT: {"script":"<script> [1562 bytes]","args":[{"selector":{"id":"application-managecontracts-display-component---AddNewContract--projectDescription","interaction":{"idSuffix":"inner"}},"wdio_ui5_key":"applicationmanagecontracts-display-component---AddNewContract--projectDescription"}]}
RESULT: undefined
COMMAND: POST /session/9922d70a8c737b1f7759c684aa08a55f/execute/async - {"script":"<script> [776 bytes]","args":[{"enterText":"WdIOR2cms9t8","selector":{"id":"application-managecontracts-display-component---AddNewContract--projectDescription","interaction":{"idSuffix":"inner"}},"clearTextFirst":true,"interactionType":"ENTER_TEXT"}]}
RESULT: {"script":"<script> [776 bytes]","args":[{"enterText":"WdIOR2cms9t8","selector":{"id":"application-managecontracts-display-component---AddNewContract--projectDescription","interaction":{"idSuffix":"inner"}},"clearTextFirst":true,"interactionType":"ENTER_TEXT"}]}
COMMAND: POST /session/9922d70a8c737b1f7759c684aa08a55f/element - {"using":"xpath","value":"//input[@id=\"application-managecontracts-display-component---AddNewContract--yardId-inner\"]"}
RESULT: {"using":"xpath","value":"//input[@id=\"application-managecontracts-display-component---AddNewContract--yardId-inner\"]"}
COMMAND: POST /session/9922d70a8c737b1f7759c684aa08a55f/element/f.CBB1D6F42E6F9AF68048B8EF7F8EAAC4.d.8E0BB5B734BC3C8D0FC2234AB0231FD3.e.2086/clear - {}
RESULT: {}
COMMAND: POST /session/9922d70a8c737b1f7759c684aa08a55f/element/f.CBB1D6F42E6F9AF68048B8EF7F8EAAC4.d.8E0BB5B734BC3C8D0FC2234AB0231FD3.e.2086/value - {"text":"webdriveryard"}
COMMAND: GET /session/9922d70a8c737b1f7759c684aa08a55f/screenshot - {}
RESULT: {"text":"webdriveryard"}
COMMAND: GET /session/9922d70a8c737b1f7759c684aa08a55f/screenshot - {}
RESULT: {}
RESULT: {}
COMMAND: POST /session/9922d70a8c737b1f7759c684aa08a55f/actions - {"actions":[{"id":"action8","type":"key","parameters":{},"actions":[{"type":"keyDown","value":"î€‡"},{"type":"pause","duration":10},{"type":"keyUp","value":"î€‡"}]}]}
RESULT: {"actions":[{"id":"action8","type":"key","parameters":{},"actions":[{"type":"keyDown","value":"î€‡"},{"type":"pause","duration":10},{"type":"keyUp","value":"î€‡"}]}]}
COMMAND: GET /session/9922d70a8c737b1f7759c684aa08a55f/screenshot - {}
RESULT: {}
COMMAND: POST /session/9922d70a8c737b1f7759c684aa08a55f/element - {"using":"xpath","value":"//input[@id=\"application-managecontracts-display-component---AddNewContract--customerSelect-inner\"]"}
RESULT: {"using":"xpath","value":"//input[@id=\"application-managecontracts-display-component---AddNewContract--customerSelect-inner\"]"}
COMMAND: POST /session/9922d70a8c737b1f7759c684aa08a55f/element/f.CBB1D6F42E6F9AF68048B8EF7F8EAAC4.d.8E0BB5B734BC3C8D0FC2234AB0231FD3.e.2084/clear - {}
RESULT: {}
COMMAND: POST /session/9922d70a8c737b1f7759c684aa08a55f/element/f.CBB1D6F42E6F9AF68048B8EF7F8EAAC4.d.8E0BB5B734BC3C8D0FC2234AB0231FD3.e.2084/value - {"text":"webdriverpartner"}
COMMAND: GET /session/9922d70a8c737b1f7759c684aa08a55f/screenshot - {}
RESULT: {"text":"webdriverpartner"}
COMMAND: GET /session/9922d70a8c737b1f7759c684aa08a55f/screenshot - {}
RESULT: {}
RESULT: {}
COMMAND: POST /session/9922d70a8c737b1f7759c684aa08a55f/actions - {"actions":[{"id":"action9","type":"key","parameters":{},"actions":[{"type":"keyDown","value":"î€‡"},{"type":"pause","duration":10},{"type":"keyUp","value":"î€‡"}]}]}
RESULT: {"actions":[{"id":"action9","type":"key","parameters":{},"actions":[{"type":"keyDown","value":"î€‡"},{"type":"pause","duration":10},{"type":"keyUp","value":"î€‡"}]}]}
COMMAND: GET /session/9922d70a8c737b1f7759c684aa08a55f/screenshot - {}
RESULT: {}
COMMAND: POST /session/9922d70a8c737b1f7759c684aa08a55f/element - {"using":"xpath","value":"//input[@id=\"application-managecontracts-display-component---AddNewContract--site-inner\"]"}
RESULT: {"using":"xpath","value":"//input[@id=\"application-managecontracts-display-component---AddNewContract--site-inner\"]"}
COMMAND: POST /session/9922d70a8c737b1f7759c684aa08a55f/element/f.CBB1D6F42E6F9AF68048B8EF7F8EAAC4.d.8E0BB5B734BC3C8D0FC2234AB0231FD3.e.2085/clear - {}
RESULT: {}
COMMAND: POST /session/9922d70a8c737b1f7759c684aa08a55f/element/f.CBB1D6F42E6F9AF68048B8EF7F8EAAC4.d.8E0BB5B734BC3C8D0FC2234AB0231FD3.e.2085/value - {"text":"Webdriversite"}
COMMAND: GET /session/9922d70a8c737b1f7759c684aa08a55f/screenshot - {}
RESULT: {"text":"Webdriversite"}
COMMAND: GET /session/9922d70a8c737b1f7759c684aa08a55f/screenshot - {}
RESULT: {}
RESULT: {}
COMMAND: POST /session/9922d70a8c737b1f7759c684aa08a55f/actions - {"actions":[{"id":"action10","type":"key","parameters":{},"actions":[{"type":"keyDown","value":"î€‡"},{"type":"pause","duration":10},{"type":"keyUp","value":"î€‡"}]}]}
RESULT: {"actions":[{"id":"action10","type":"key","parameters":{},"actions":[{"type":"keyDown","value":"î€‡"},{"type":"pause","duration":10},{"type":"keyUp","value":"î€‡"}]}]}
COMMAND: GET /session/9922d70a8c737b1f7759c684aa08a55f/screenshot - {}
RESULT: {}
COMMAND: POST /session/9922d70a8c737b1f7759c684aa08a55f/element - {"using":"xpath","value":"//button[@data-kt=\"saveButton\"]"}
RESULT: {"using":"xpath","value":"//button[@data-kt=\"saveButton\"]"}
COMMAND: POST /session/9922d70a8c737b1f7759c684aa08a55f/element/f.CBB1D6F42E6F9AF68048B8EF7F8EAAC4.d.8E0BB5B734BC3C8D0FC2234AB0231FD3.e.2104/click - {}
RESULT: {}
COMMAND: GET /session/9922d70a8c737b1f7759c684aa08a55f/screenshot - {}
RESULT: {}
COMMAND: POST /session/9922d70a8c737b1f7759c684aa08a55f/execute/async - {"script":"<script> [1562 bytes]","args":[{"selector":{"id":"contractDetailTitleNoExpanded","viewName":"etm.portal.ui.managecontracts.view.Detail"},"wdio_ui5_key":"contractDetailTitleNoExpandedetmportal.ui.managecontracts.view.Detail"}]}
RESULT: {"script":"<script> [1562 bytes]","args":[{"selector":{"id":"contractDetailTitleNoExpanded","viewName":"etm.portal.ui.managecontracts.view.Detail"},"wdio_ui5_key":"contractDetailTitleNoExpandedetmportal.ui.managecontracts.view.Detail"}]}
RESULT: undefined
COMMAND: POST /session/9922d70a8c737b1f7759c684aa08a55f/execute/async - {"script":"<script> [6424 bytes]","args":[{"element-6066-11e4-a52e-4f735466cecf":"f.CBB1D6F42E6F9AF68048B8EF7F8EAAC4.d.8E0BB5B734BC3C8D0FC2234AB0231FD3.e.2122"},"getText",[]]}
RESULT: {"script":"<script> [6424 bytes]","args":[{"element-6066-11e4-a52e-4f735466cecf":"f.CBB1D6F42E6F9AF68048B8EF7F8EAAC4.d.8E0BB5B734BC3C8D0FC2234AB0231FD3.e.2122"},"getText",[]]}
COMMAND: POST /session/9922d70a8c737b1f7759c684aa08a55f/element - {"using":"css selector","value":"#shell-header-logo"}
RESULT: {"using":"css selector","value":"#shell-header-logo"}
COMMAND: POST /session/9922d70a8c737b1f7759c684aa08a55f/element/f.CBB1D6F42E6F9AF68048B8EF7F8EAAC4.d.8E0BB5B734BC3C8D0FC2234AB0231FD3.e.1755/click - {}
RESULT: {}
COMMAND: GET /session/9922d70a8c737b1f7759c684aa08a55f/screenshot - {}
RESULT: {}
]]></system-out>
    </testcase>
    <testcase classname="chrome.135_0_7049_115.windows.Verify_RU_inventory_split_cost_information_US139363" name="Should create a new equipment" time="98.621">
      <system-out><![CDATA[
COMMAND: POST /session/9922d70a8c737b1f7759c684aa08a55f/execute/async - {"script":"<script> [1562 bytes]","args":[{"selector":{"controlType":"sap.m.GenericTile","properties":{"header":"Manage Resources"}},"wdio_ui5_key":"sapm.GenericTile{\"header\":\"Manage Resources\"}"}]}
RESULT: {"script":"<script> [1562 bytes]","args":[{"selector":{"controlType":"sap.m.GenericTile","properties":{"header":"Manage Resources"}},"wdio_ui5_key":"sapm.GenericTile{\"header\":\"Manage Resources\"}"}]}
RESULT: undefined
COMMAND: POST /session/9922d70a8c737b1f7759c684aa08a55f/element - {"using":"xpath","value":"//*[@id=\"__tile39\"]"}
RESULT: {"using":"xpath","value":"//*[@id=\"__tile39\"]"}
COMMAND: POST /session/9922d70a8c737b1f7759c684aa08a55f/element/f.CBB1D6F42E6F9AF68048B8EF7F8EAAC4.d.8E0BB5B734BC3C8D0FC2234AB0231FD3.e.2126/click - {}
RESULT: {}
COMMAND: GET /session/9922d70a8c737b1f7759c684aa08a55f/screenshot - {}
RESULT: {}
COMMAND: POST /session/9922d70a8c737b1f7759c684aa08a55f/element - {"using":"xpath","value":"//button[@data-kt=\"addNewRUOverflowToolbarButton\"]"}
RESULT: {"using":"xpath","value":"//button[@data-kt=\"addNewRUOverflowToolbarButton\"]"}
COMMAND: POST /session/9922d70a8c737b1f7759c684aa08a55f/execute/sync - {"script":"<script> [8489 bytes]","args":[{"element-6066-11e4-a52e-4f735466cecf":"f.CBB1D6F42E6F9AF68048B8EF7F8EAAC4.d.8E0BB5B734BC3C8D0FC2234AB0231FD3.e.2167","ELEMENT":"f.CBB1D6F42E6F9AF68048B8EF7F8EAAC4.d.8E0BB5B734BC3C8D0FC2234AB0231FD3.e.2167"}]}
RESULT: {"script":"<script> [8489 bytes]","args":[{"element-6066-11e4-a52e-4f735466cecf":"f.CBB1D6F42E6F9AF68048B8EF7F8EAAC4.d.8E0BB5B734BC3C8D0FC2234AB0231FD3.e.2167","ELEMENT":"f.CBB1D6F42E6F9AF68048B8EF7F8EAAC4.d.8E0BB5B734BC3C8D0FC2234AB0231FD3.e.2167"}]}
COMMAND: POST /session/9922d70a8c737b1f7759c684aa08a55f/element/f.CBB1D6F42E6F9AF68048B8EF7F8EAAC4.d.8E0BB5B734BC3C8D0FC2234AB0231FD3.e.2167/click - {}
COMMAND: GET /session/9922d70a8c737b1f7759c684aa08a55f/screenshot - {}
RESULT: {}
COMMAND: GET /session/9922d70a8c737b1f7759c684aa08a55f/screenshot - {}
RESULT: {}
RESULT: {}
COMMAND: POST /session/9922d70a8c737b1f7759c684aa08a55f/execute/async - {"script":"<script> [1562 bytes]","args":[{"selector":{"id":"application-manageresources-display-component---newResourceUnit--TYPE-arrow"},"wdio_ui5_key":"applicationmanageresources-display-component---newResourceUnit--TYPE-arrow"}]}
RESULT: {"script":"<script> [1562 bytes]","args":[{"selector":{"id":"application-manageresources-display-component---newResourceUnit--TYPE-arrow"},"wdio_ui5_key":"applicationmanageresources-display-component---newResourceUnit--TYPE-arrow"}]}
RESULT: undefined
COMMAND: POST /session/9922d70a8c737b1f7759c684aa08a55f/element - {"using":"xpath","value":"//*[@id=\"application-manageresources-display-component---newResourceUnit--TYPE-arrow\"]"}
RESULT: {"using":"xpath","value":"//*[@id=\"application-manageresources-display-component---newResourceUnit--TYPE-arrow\"]"}
COMMAND: POST /session/9922d70a8c737b1f7759c684aa08a55f/element/f.CBB1D6F42E6F9AF68048B8EF7F8EAAC4.d.8E0BB5B734BC3C8D0FC2234AB0231FD3.e.2493/click - {}
RESULT: {}
COMMAND: POST /session/9922d70a8c737b1f7759c684aa08a55f/execute/async - {"script":"<script> [1562 bytes]","args":[{"selector":{"controlType":"sap.m.StandardListItem","viewName":"reusables.view.manageresources.NewResourceUnit","viewId":"application-manageresources-display-component---newResourceUnit","properties":{"title":"Equipment"},"searchOpenDialogs":true,"interaction":{"idSuffix":"content"}},"wdio_ui5_key":"reusablesview.manageresources.NewResourceUnitsap.m.StandardListItem{\"title\":\"Equipment\"}"}]}
COMMAND: GET /session/9922d70a8c737b1f7759c684aa08a55f/screenshot - {}
RESULT: {"script":"<script> [1562 bytes]","args":[{"selector":{"controlType":"sap.m.StandardListItem","viewName":"reusables.view.manageresources.NewResourceUnit","viewId":"application-manageresources-display-component---newResourceUnit","properties":{"title":"Equipment"},"searchOpenDialogs":true,"interaction":{"idSuffix":"content"}},"wdio_ui5_key":"reusablesview.manageresources.NewResourceUnitsap.m.StandardListItem{\"title\":\"Equipment\"}"}]}
RESULT: undefined
COMMAND: POST /session/9922d70a8c737b1f7759c684aa08a55f/element - {"using":"xpath","value":"//*[@id=\"__item3411\"]"}
RESULT: {}
RESULT: {"using":"xpath","value":"//*[@id=\"__item3411\"]"}
COMMAND: POST /session/9922d70a8c737b1f7759c684aa08a55f/element/f.CBB1D6F42E6F9AF68048B8EF7F8EAAC4.d.8E0BB5B734BC3C8D0FC2234AB0231FD3.e.2496/click - {}
RESULT: {}
COMMAND: POST /session/9922d70a8c737b1f7759c684aa08a55f/execute/async - {"script":"<script> [1562 bytes]","args":[{"selector":{"id":"application-manageresources-display-component---newResourceUnit--resourceId","interaction":{"idSuffix":"inner"}},"wdio_ui5_key":"applicationmanageresources-display-component---newResourceUnit--resourceId"}]}
COMMAND: GET /session/9922d70a8c737b1f7759c684aa08a55f/screenshot - {}
RESULT: {"script":"<script> [1562 bytes]","args":[{"selector":{"id":"application-manageresources-display-component---newResourceUnit--resourceId","interaction":{"idSuffix":"inner"}},"wdio_ui5_key":"applicationmanageresources-display-component---newResourceUnit--resourceId"}]}
RESULT: undefined
COMMAND: POST /session/9922d70a8c737b1f7759c684aa08a55f/execute/async - {"script":"<script> [776 bytes]","args":[{"enterText":"WdIOR2cEquip9rlssj","selector":{"id":"application-manageresources-display-component---newResourceUnit--resourceId","interaction":{"idSuffix":"inner"}},"clearTextFirst":true,"interactionType":"ENTER_TEXT"}]}
RESULT: {}
RESULT: {"script":"<script> [776 bytes]","args":[{"enterText":"WdIOR2cEquip9rlssj","selector":{"id":"application-manageresources-display-component---newResourceUnit--resourceId","interaction":{"idSuffix":"inner"}},"clearTextFirst":true,"interactionType":"ENTER_TEXT"}]}
COMMAND: POST /session/9922d70a8c737b1f7759c684aa08a55f/execute/async - {"script":"<script> [1562 bytes]","args":[{"selector":{"id":"application-manageresources-display-component---newResourceUnit--SHORT_TEXT","interaction":{"idSuffix":"inner"}},"wdio_ui5_key":"applicationmanageresources-display-component---newResourceUnit--SHORT_TEXT"}]}
RESULT: {"script":"<script> [1562 bytes]","args":[{"selector":{"id":"application-manageresources-display-component---newResourceUnit--SHORT_TEXT","interaction":{"idSuffix":"inner"}},"wdio_ui5_key":"applicationmanageresources-display-component---newResourceUnit--SHORT_TEXT"}]}
RESULT: undefined
COMMAND: POST /session/9922d70a8c737b1f7759c684aa08a55f/execute/async - {"script":"<script> [776 bytes]","args":[{"enterText":"WdIOR2cEquip9rlssj","selector":{"id":"application-manageresources-display-component---newResourceUnit--SHORT_TEXT","interaction":{"idSuffix":"inner"}},"clearTextFirst":true,"interactionType":"ENTER_TEXT"}]}
RESULT: {"script":"<script> [776 bytes]","args":[{"enterText":"WdIOR2cEquip9rlssj","selector":{"id":"application-manageresources-display-component---newResourceUnit--SHORT_TEXT","interaction":{"idSuffix":"inner"}},"clearTextFirst":true,"interactionType":"ENTER_TEXT"}]}
COMMAND: POST /session/9922d70a8c737b1f7759c684aa08a55f/execute/async - {"script":"<script> [1562 bytes]","args":[{"selector":{"id":"application-manageresources-display-component---newResourceUnit--BASE_UNIT_OF_MEASURE","interaction":{"idSuffix":"inner"}},"wdio_ui5_key":"applicationmanageresources-display-component---newResourceUnit--BASE_UNIT_OF_MEASURE"}]}
RESULT: {"script":"<script> [1562 bytes]","args":[{"selector":{"id":"application-manageresources-display-component---newResourceUnit--BASE_UNIT_OF_MEASURE","interaction":{"idSuffix":"inner"}},"wdio_ui5_key":"applicationmanageresources-display-component---newResourceUnit--BASE_UNIT_OF_MEASURE"}]}
RESULT: undefined
COMMAND: POST /session/9922d70a8c737b1f7759c684aa08a55f/execute/async - {"script":"<script> [776 bytes]","args":[{"enterText":"Piece","selector":{"id":"application-manageresources-display-component---newResourceUnit--BASE_UNIT_OF_MEASURE","interaction":{"idSuffix":"inner"}},"clearTextFirst":true,"interactionType":"ENTER_TEXT"}]}
RESULT: {"script":"<script> [776 bytes]","args":[{"enterText":"Piece","selector":{"id":"application-manageresources-display-component---newResourceUnit--BASE_UNIT_OF_MEASURE","interaction":{"idSuffix":"inner"}},"clearTextFirst":true,"interactionType":"ENTER_TEXT"}]}
COMMAND: POST /session/9922d70a8c737b1f7759c684aa08a55f/execute/async - {"script":"<script> [1562 bytes]","args":[{"selector":{"id":"application-manageresources-display-component---newResourceUnit--WEIGHT_UNIT","interaction":{"idSuffix":"inner"}},"wdio_ui5_key":"applicationmanageresources-display-component---newResourceUnit--WEIGHT_UNIT"}]}
RESULT: {"script":"<script> [1562 bytes]","args":[{"selector":{"id":"application-manageresources-display-component---newResourceUnit--WEIGHT_UNIT","interaction":{"idSuffix":"inner"}},"wdio_ui5_key":"applicationmanageresources-display-component---newResourceUnit--WEIGHT_UNIT"}]}
RESULT: undefined
COMMAND: POST /session/9922d70a8c737b1f7759c684aa08a55f/execute/async - {"script":"<script> [776 bytes]","args":[{"enterText":"Gram","selector":{"id":"application-manageresources-display-component---newResourceUnit--WEIGHT_UNIT","interaction":{"idSuffix":"inner"}},"clearTextFirst":true,"interactionType":"ENTER_TEXT"}]}
RESULT: {"script":"<script> [776 bytes]","args":[{"enterText":"Gram","selector":{"id":"application-manageresources-display-component---newResourceUnit--WEIGHT_UNIT","interaction":{"idSuffix":"inner"}},"clearTextFirst":true,"interactionType":"ENTER_TEXT"}]}
COMMAND: POST /session/9922d70a8c737b1f7759c684aa08a55f/execute/async - {"script":"<script> [1562 bytes]","args":[{"selector":{"id":"application-manageresources-display-component---newResourceUnit--newRRUPage-OPHeaderContent-collapseBtn-img"},"wdio_ui5_key":"applicationmanageresources-display-component---newResourceUnit--newRRUPage-OPHeaderContent-collapseBtn-img"}]}
RESULT: {"script":"<script> [1562 bytes]","args":[{"selector":{"id":"application-manageresources-display-component---newResourceUnit--newRRUPage-OPHeaderContent-collapseBtn-img"},"wdio_ui5_key":"applicationmanageresources-display-component---newResourceUnit--newRRUPage-OPHeaderContent-collapseBtn-img"}]}
RESULT: undefined
COMMAND: POST /session/9922d70a8c737b1f7759c684aa08a55f/element - {"using":"xpath","value":"//*[@id=\"application-manageresources-display-component---newResourceUnit--newRRUPage-OPHeaderContent-collapseBtn-img\"]"}
RESULT: {"using":"xpath","value":"//*[@id=\"application-manageresources-display-component---newResourceUnit--newRRUPage-OPHeaderContent-collapseBtn-img\"]"}
COMMAND: POST /session/9922d70a8c737b1f7759c684aa08a55f/element/f.CBB1D6F42E6F9AF68048B8EF7F8EAAC4.d.8E0BB5B734BC3C8D0FC2234AB0231FD3.e.2503/click - {}
RESULT: {}
COMMAND: GET /session/9922d70a8c737b1f7759c684aa08a55f/screenshot - {}
RESULT: {}
COMMAND: POST /session/9922d70a8c737b1f7759c684aa08a55f/element - {"using":"xpath","value":"(//span[contains(@id ,\"application-manageresources-display-component---newResourceUnit--DIMENSION_UNIT-arrow\")])[1]"}
RESULT: {"using":"xpath","value":"(//span[contains(@id ,\"application-manageresources-display-component---newResourceUnit--DIMENSION_UNIT-arrow\")])[1]"}
COMMAND: POST /session/9922d70a8c737b1f7759c684aa08a55f/element/f.CBB1D6F42E6F9AF68048B8EF7F8EAAC4.d.8E0BB5B734BC3C8D0FC2234AB0231FD3.e.2628/click - {}
RESULT: {}
COMMAND: GET /session/9922d70a8c737b1f7759c684aa08a55f/screenshot - {}
RESULT: {}
COMMAND: POST /session/9922d70a8c737b1f7759c684aa08a55f/execute/async - {"script":"<script> [1562 bytes]","args":[{"selector":{"controlType":"sap.m.StandardListItem","viewName":"reusables.view.manageresources.NewResourceUnit","viewId":"application-manageresources-display-component---newResourceUnit","properties":{"title":"Centimeter"},"searchOpenDialogs":true,"interaction":{"idSuffix":"titleText"}},"wdio_ui5_key":"reusablesview.manageresources.NewResourceUnitsap.m.StandardListItem{\"title\":\"Centimeter\"}"}]}
RESULT: {"script":"<script> [1562 bytes]","args":[{"selector":{"controlType":"sap.m.StandardListItem","viewName":"reusables.view.manageresources.NewResourceUnit","viewId":"application-manageresources-display-component---newResourceUnit","properties":{"title":"Centimeter"},"searchOpenDialogs":true,"interaction":{"idSuffix":"titleText"}},"wdio_ui5_key":"reusablesview.manageresources.NewResourceUnitsap.m.StandardListItem{\"title\":\"Centimeter\"}"}]}
RESULT: undefined
COMMAND: POST /session/9922d70a8c737b1f7759c684aa08a55f/element - {"using":"xpath","value":"//*[@id=\"__item3454\"]"}
RESULT: {"using":"xpath","value":"//*[@id=\"__item3454\"]"}
COMMAND: POST /session/9922d70a8c737b1f7759c684aa08a55f/element/f.CBB1D6F42E6F9AF68048B8EF7F8EAAC4.d.8E0BB5B734BC3C8D0FC2234AB0231FD3.e.2630/click - {}
RESULT: {}
COMMAND: GET /session/9922d70a8c737b1f7759c684aa08a55f/screenshot - {}
RESULT: {}
COMMAND: POST /session/9922d70a8c737b1f7759c684aa08a55f/execute/async - {"script":"<script> [1562 bytes]","args":[{"selector":{"id":"application-manageresources-display-component---newResourceUnit--newRRUPage-anchBar-application-manageresources-display-component---newResourceUnit--control-anchor","interaction":{"idSuffix":"BDI-content"}},"wdio_ui5_key":"applicationmanageresources-display-component---newResourceUnit--newRRUPage-anchBar-application-manageresources-display-component---newResourceUnit--control-anchor"}]}
RESULT: {"script":"<script> [1562 bytes]","args":[{"selector":{"id":"application-manageresources-display-component---newResourceUnit--newRRUPage-anchBar-application-manageresources-display-component---newResourceUnit--control-anchor","interaction":{"idSuffix":"BDI-content"}},"wdio_ui5_key":"applicationmanageresources-display-component---newResourceUnit--newRRUPage-anchBar-application-manageresources-display-component---newResourceUnit--control-anchor"}]}
RESULT: undefined
COMMAND: POST /session/9922d70a8c737b1f7759c684aa08a55f/element - {"using":"xpath","value":"//*[@id=\"application-manageresources-display-component---newResourceUnit--newRRUPage-anchBar-application-manageresources-display-component---newResourceUnit--control-anchor\"]"}
RESULT: {"using":"xpath","value":"//*[@id=\"application-manageresources-display-component---newResourceUnit--newRRUPage-anchBar-application-manageresources-display-component---newResourceUnit--control-anchor\"]"}
COMMAND: POST /session/9922d70a8c737b1f7759c684aa08a55f/element/f.CBB1D6F42E6F9AF68048B8EF7F8EAAC4.d.8E0BB5B734BC3C8D0FC2234AB0231FD3.e.2632/click - {}
RESULT: {}
COMMAND: POST /session/9922d70a8c737b1f7759c684aa08a55f/execute/async - {"script":"<script> [1562 bytes]","args":[{"selector":{"id":"application-manageresources-display-component---newResourceUnit--PLANNING_GROUP","interaction":{"idSuffix":"inner"}},"wdio_ui5_key":"applicationmanageresources-display-component---newResourceUnit--PLANNING_GROUP"}]}
COMMAND: GET /session/9922d70a8c737b1f7759c684aa08a55f/screenshot - {}
RESULT: {"script":"<script> [1562 bytes]","args":[{"selector":{"id":"application-manageresources-display-component---newResourceUnit--PLANNING_GROUP","interaction":{"idSuffix":"inner"}},"wdio_ui5_key":"applicationmanageresources-display-component---newResourceUnit--PLANNING_GROUP"}]}
RESULT: undefined
COMMAND: POST /session/9922d70a8c737b1f7759c684aa08a55f/execute/async - {"script":"<script> [776 bytes]","args":[{"enterText":"Heavy Equi","selector":{"id":"application-manageresources-display-component---newResourceUnit--PLANNING_GROUP","interaction":{"idSuffix":"inner"}},"clearTextFirst":true,"interactionType":"ENTER_TEXT"}]}
RESULT: {}
RESULT: {"script":"<script> [776 bytes]","args":[{"enterText":"Heavy Equi","selector":{"id":"application-manageresources-display-component---newResourceUnit--PLANNING_GROUP","interaction":{"idSuffix":"inner"}},"clearTextFirst":true,"interactionType":"ENTER_TEXT"}]}
COMMAND: POST /session/9922d70a8c737b1f7759c684aa08a55f/execute/async - {"script":"<script> [1562 bytes]","args":[{"selector":{"id":"application-manageresources-display-component---newResourceUnit--ITEM_TYPE-arrow"},"wdio_ui5_key":"applicationmanageresources-display-component---newResourceUnit--ITEM_TYPE-arrow"}]}
RESULT: {"script":"<script> [1562 bytes]","args":[{"selector":{"id":"application-manageresources-display-component---newResourceUnit--ITEM_TYPE-arrow"},"wdio_ui5_key":"applicationmanageresources-display-component---newResourceUnit--ITEM_TYPE-arrow"}]}
RESULT: undefined
COMMAND: POST /session/9922d70a8c737b1f7759c684aa08a55f/element - {"using":"xpath","value":"//*[@id=\"application-manageresources-display-component---newResourceUnit--ITEM_TYPE-arrow\"]"}
RESULT: {"using":"xpath","value":"//*[@id=\"application-manageresources-display-component---newResourceUnit--ITEM_TYPE-arrow\"]"}
COMMAND: POST /session/9922d70a8c737b1f7759c684aa08a55f/element/f.CBB1D6F42E6F9AF68048B8EF7F8EAAC4.d.8E0BB5B734BC3C8D0FC2234AB0231FD3.e.2637/click - {}
RESULT: {}
COMMAND: POST /session/9922d70a8c737b1f7759c684aa08a55f/execute/async - {"script":"<script> [1562 bytes]","args":[{"selector":{"controlType":"sap.m.StandardListItem","viewName":"reusables.view.manageresources.NewResourceUnit","viewId":"application-manageresources-display-component---newResourceUnit","properties":{"title":"Resource Unit"},"searchOpenDialogs":true,"interaction":{"idSuffix":"titleText"}},"wdio_ui5_key":"reusablesview.manageresources.NewResourceUnitsap.m.StandardListItem{\"title\":\"Resource Unit\"}"}]}
COMMAND: GET /session/9922d70a8c737b1f7759c684aa08a55f/screenshot - {}
RESULT: {"script":"<script> [1562 bytes]","args":[{"selector":{"controlType":"sap.m.StandardListItem","viewName":"reusables.view.manageresources.NewResourceUnit","viewId":"application-manageresources-display-component---newResourceUnit","properties":{"title":"Resource Unit"},"searchOpenDialogs":true,"interaction":{"idSuffix":"titleText"}},"wdio_ui5_key":"reusablesview.manageresources.NewResourceUnitsap.m.StandardListItem{\"title\":\"Resource Unit\"}"}]}
RESULT: undefined
COMMAND: POST /session/9922d70a8c737b1f7759c684aa08a55f/element - {"using":"xpath","value":"//*[@id=\"__item3476\"]"}
RESULT: {}
RESULT: {"using":"xpath","value":"//*[@id=\"__item3476\"]"}
COMMAND: POST /session/9922d70a8c737b1f7759c684aa08a55f/element/f.CBB1D6F42E6F9AF68048B8EF7F8EAAC4.d.8E0BB5B734BC3C8D0FC2234AB0231FD3.e.2639/click - {}
RESULT: {}
COMMAND: POST /session/9922d70a8c737b1f7759c684aa08a55f/element - {"using":"xpath","value":"//bdi[contains(text(), \"Time Segment\")]"}
COMMAND: GET /session/9922d70a8c737b1f7759c684aa08a55f/screenshot - {}
RESULT: {"using":"xpath","value":"//bdi[contains(text(), \"Time Segment\")]"}
COMMAND: GET /session/9922d70a8c737b1f7759c684aa08a55f/element/f.CBB1D6F42E6F9AF68048B8EF7F8EAAC4.d.8E0BB5B734BC3C8D0FC2234AB0231FD3.e.2640/rect - {}
RESULT: {}
RESULT: {}
COMMAND: GET /session/9922d70a8c737b1f7759c684aa08a55f/window/rect - {}
RESULT: {}
COMMAND: POST /session/9922d70a8c737b1f7759c684aa08a55f/execute/sync - {"script":"<script> [92 bytes]","args":[]}
RESULT: {"script":"<script> [92 bytes]","args":[]}
COMMAND: POST /session/9922d70a8c737b1f7759c684aa08a55f/actions - {"actions":[{"id":"action11","type":"wheel","parameters":{},"actions":[{"type":"scroll","x":-1820,"y":-21,"deltaX":0,"deltaY":0,"duration":0,"origin":{"element-6066-11e4-a52e-4f735466cecf":"f.CBB1D6F42E6F9AF68048B8EF7F8EAAC4.d.8E0BB5B734BC3C8D0FC2234AB0231FD3.e.2640"}}]}]}
COMMAND: GET /session/9922d70a8c737b1f7759c684aa08a55f/screenshot - {}
RESULT: {}
COMMAND: POST /session/9922d70a8c737b1f7759c684aa08a55f/execute/sync - {"script":"<script> [79 bytes]","args":[{"element-6066-11e4-a52e-4f735466cecf":"f.CBB1D6F42E6F9AF68048B8EF7F8EAAC4.d.8E0BB5B734BC3C8D0FC2234AB0231FD3.e.2640","ELEMENT":"f.CBB1D6F42E6F9AF68048B8EF7F8EAAC4.d.8E0BB5B734BC3C8D0FC2234AB0231FD3.e.2640"},{"block":"start","inline":"nearest"}]}
RESULT: {"script":"<script> [79 bytes]","args":[{"element-6066-11e4-a52e-4f735466cecf":"f.CBB1D6F42E6F9AF68048B8EF7F8EAAC4.d.8E0BB5B734BC3C8D0FC2234AB0231FD3.e.2640","ELEMENT":"f.CBB1D6F42E6F9AF68048B8EF7F8EAAC4.d.8E0BB5B734BC3C8D0FC2234AB0231FD3.e.2640"},{"block":"start","inline":"nearest"}]}
COMMAND: POST /session/9922d70a8c737b1f7759c684aa08a55f/execute/async - {"script":"<script> [1562 bytes]","args":[{"selector":{"id":"application-manageresources-display-component---newResourceUnit--btnAddTimeSegment-img"},"wdio_ui5_key":"applicationmanageresources-display-component---newResourceUnit--btnAddTimeSegment-img"}]}
COMMAND: GET /session/9922d70a8c737b1f7759c684aa08a55f/screenshot - {}
RESULT: {"script":"<script> [1562 bytes]","args":[{"selector":{"id":"application-manageresources-display-component---newResourceUnit--btnAddTimeSegment-img"},"wdio_ui5_key":"applicationmanageresources-display-component---newResourceUnit--btnAddTimeSegment-img"}]}
RESULT: undefined
COMMAND: POST /session/9922d70a8c737b1f7759c684aa08a55f/element - {"using":"xpath","value":"//*[@id=\"application-manageresources-display-component---newResourceUnit--btnAddTimeSegment-img\"]"}
RESULT: {}
RESULT: {"using":"xpath","value":"//*[@id=\"application-manageresources-display-component---newResourceUnit--btnAddTimeSegment-img\"]"}
COMMAND: POST /session/9922d70a8c737b1f7759c684aa08a55f/element/f.CBB1D6F42E6F9AF68048B8EF7F8EAAC4.d.8E0BB5B734BC3C8D0FC2234AB0231FD3.e.2643/click - {}
RESULT: {}
COMMAND: GET /session/9922d70a8c737b1f7759c684aa08a55f/screenshot - {}
RESULT: {}
COMMAND: POST /session/9922d70a8c737b1f7759c684aa08a55f/element - {"using":"xpath","value":"//input[@id=\"application-manageresources-display-component---newResourceUnit--idRuTSAdmin-application-manageresources-display-component---newResourceUnit--RUTimeSegment-0-inner\"]"}
RESULT: {"using":"xpath","value":"//input[@id=\"application-manageresources-display-component---newResourceUnit--idRuTSAdmin-application-manageresources-display-component---newResourceUnit--RUTimeSegment-0-inner\"]"}
COMMAND: POST /session/9922d70a8c737b1f7759c684aa08a55f/element/f.CBB1D6F42E6F9AF68048B8EF7F8EAAC4.d.8E0BB5B734BC3C8D0FC2234AB0231FD3.e.2647/clear - {}
RESULT: {}
COMMAND: POST /session/9922d70a8c737b1f7759c684aa08a55f/element/f.CBB1D6F42E6F9AF68048B8EF7F8EAAC4.d.8E0BB5B734BC3C8D0FC2234AB0231FD3.e.2647/value - {"text":"webdriveryard"}
COMMAND: GET /session/9922d70a8c737b1f7759c684aa08a55f/screenshot - {}
RESULT: {"text":"webdriveryard"}
COMMAND: GET /session/9922d70a8c737b1f7759c684aa08a55f/screenshot - {}
RESULT: {}
RESULT: {}
COMMAND: POST /session/9922d70a8c737b1f7759c684aa08a55f/actions - {"actions":[{"id":"action12","type":"key","parameters":{},"actions":[{"type":"keyDown","value":"î€‡"},{"type":"pause","duration":10},{"type":"keyUp","value":"î€‡"}]}]}
RESULT: {"actions":[{"id":"action12","type":"key","parameters":{},"actions":[{"type":"keyDown","value":"î€‡"},{"type":"pause","duration":10},{"type":"keyUp","value":"î€‡"}]}]}
COMMAND: POST /session/9922d70a8c737b1f7759c684aa08a55f/execute/async - {"script":"<script> [1562 bytes]","args":[{"selector":{"controlType":"sap.ui.core.Icon","viewName":"reusables.view.manageresources.NewResourceUnit","viewId":"application-manageresources-display-component---newResourceUnit","properties":{"src":{"regex":{"source":"slim\\-arrow\\-down"}}},"ancestor":{"controlType":"sap.m.ComboBox","viewName":"reusables.view.manageresources.NewResourceUnit","viewId":"application-manageresources-display-component---newResourceUnit","bindingPath":{"path":"/RESOURCE_UNIT_TIME_SEQUENCES/0","propertyPath":"COST_OBJECT_ADMIN_CST_TYPE","modelName":"oNewRruModel"}}},"wdio_ui5_key":"reusablesview.manageresources.NewResourceUnitsap.ui.core.Icon{\"src\":{\"regex\":{\"source\":\"slim\\\\-arrow\\\\-down\"}}}{\"controlType\":\"sap.m.ComboBox\",\"viewName\":\"reusables.view.manageresources.NewResourceUnit\",\"viewId\":\"application-manageresources-display-component---newResourceUnit\",\"bindingPath\":{\"path\":\"/RESOURCE_UNIT_TIME_SEQUENCES/0\",\"propertyPath\":\"COST_OBJECT_ADMIN_CST_TYPE\",\"modelName\":\"oNewRruModel\"}}"}]}
COMMAND: GET /session/9922d70a8c737b1f7759c684aa08a55f/screenshot - {}
RESULT: {"script":"<script> [1562 bytes]","args":[{"selector":{"controlType":"sap.ui.core.Icon","viewName":"reusables.view.manageresources.NewResourceUnit","viewId":"application-manageresources-display-component---newResourceUnit","properties":{"src":{"regex":{"source":"slim\\-arrow\\-down"}}},"ancestor":{"controlType":"sap.m.ComboBox","viewName":"reusables.view.manageresources.NewResourceUnit","viewId":"application-manageresources-display-component---newResourceUnit","bindingPath":{"path":"/RESOURCE_UNIT_TIME_SEQUENCES/0","propertyPath":"COST_OBJECT_ADMIN_CST_TYPE","modelName":"oNewRruModel"}}},"wdio_ui5_key":"reusablesview.manageresources.NewResourceUnitsap.ui.core.Icon{\"src\":{\"regex\":{\"source\":\"slim\\\\-arrow\\\\-down\"}}}{\"controlType\":\"sap.m.ComboBox\",\"viewName\":\"reusables.view.manageresources.NewResourceUnit\",\"viewId\":\"application-manageresources-display-component---newResourceUnit\",\"bindingPath\":{\"path\":\"/RESOURCE_UNIT_TIME_SEQUENCES/0\",\"propertyPath\":\"COST_OBJECT_ADMIN_CST_TYPE\",\"modelName\":\"oNewRruModel\"}}"}]}
RESULT: undefined
COMMAND: POST /session/9922d70a8c737b1f7759c684aa08a55f/element - {"using":"xpath","value":"//*[@id=\"__box58-application-manageresources-display-component---newResourceUnit--RUTimeSegment-0-arrow\"]"}
RESULT: {}
RESULT: {"using":"xpath","value":"//*[@id=\"__box58-application-manageresources-display-component---newResourceUnit--RUTimeSegment-0-arrow\"]"}
COMMAND: POST /session/9922d70a8c737b1f7759c684aa08a55f/element/f.CBB1D6F42E6F9AF68048B8EF7F8EAAC4.d.8E0BB5B734BC3C8D0FC2234AB0231FD3.e.2661/click - {}
RESULT: {}
COMMAND: POST /session/9922d70a8c737b1f7759c684aa08a55f/execute/async - {"script":"<script> [1562 bytes]","args":[{"selector":{"controlType":"sap.m.StandardListItem","viewName":"reusables.view.manageresources.NewResourceUnit","viewId":"application-manageresources-display-component---newResourceUnit","properties":{"title":"PM Order"},"searchOpenDialogs":true,"interaction":{"idSuffix":"titleText"}},"wdio_ui5_key":"reusablesview.manageresources.NewResourceUnitsap.m.StandardListItem{\"title\":\"PM Order\"}"}]}
COMMAND: GET /session/9922d70a8c737b1f7759c684aa08a55f/screenshot - {}
RESULT: {"script":"<script> [1562 bytes]","args":[{"selector":{"controlType":"sap.m.StandardListItem","viewName":"reusables.view.manageresources.NewResourceUnit","viewId":"application-manageresources-display-component---newResourceUnit","properties":{"title":"PM Order"},"searchOpenDialogs":true,"interaction":{"idSuffix":"titleText"}},"wdio_ui5_key":"reusablesview.manageresources.NewResourceUnitsap.m.StandardListItem{\"title\":\"PM Order\"}"}]}
RESULT: undefined
COMMAND: POST /session/9922d70a8c737b1f7759c684aa08a55f/element - {"using":"xpath","value":"//*[@id=\"__item4153\"]"}
RESULT: {}
RESULT: {"using":"xpath","value":"//*[@id=\"__item4153\"]"}
COMMAND: POST /session/9922d70a8c737b1f7759c684aa08a55f/element/f.CBB1D6F42E6F9AF68048B8EF7F8EAAC4.d.8E0BB5B734BC3C8D0FC2234AB0231FD3.e.2665/click - {}
RESULT: {}
COMMAND: GET /session/9922d70a8c737b1f7759c684aa08a55f/screenshot - {}
RESULT: {}
COMMAND: POST /session/9922d70a8c737b1f7759c684aa08a55f/element - {"using":"xpath","value":"(//input[contains(@id ,\"-application-manageresources-display-component---newResourceUnit--RUTimeSegment-0-inner\")])[8]"}
RESULT: {"using":"xpath","value":"(//input[contains(@id ,\"-application-manageresources-display-component---newResourceUnit--RUTimeSegment-0-inner\")])[8]"}
COMMAND: POST /session/9922d70a8c737b1f7759c684aa08a55f/element/f.CBB1D6F42E6F9AF68048B8EF7F8EAAC4.d.8E0BB5B734BC3C8D0FC2234AB0231FD3.e.2668/clear - {}
RESULT: {}
COMMAND: POST /session/9922d70a8c737b1f7759c684aa08a55f/element/f.CBB1D6F42E6F9AF68048B8EF7F8EAAC4.d.8E0BB5B734BC3C8D0FC2234AB0231FD3.e.2668/value - {"text":"4000360"}
COMMAND: GET /session/9922d70a8c737b1f7759c684aa08a55f/screenshot - {}
RESULT: {"text":"4000360"}
COMMAND: GET /session/9922d70a8c737b1f7759c684aa08a55f/screenshot - {}
RESULT: {}
RESULT: {}
COMMAND: POST /session/9922d70a8c737b1f7759c684aa08a55f/actions - {"actions":[{"id":"action13","type":"key","parameters":{},"actions":[{"type":"keyDown","value":"î€‡"},{"type":"pause","duration":10},{"type":"keyUp","value":"î€‡"}]}]}
RESULT: {"actions":[{"id":"action13","type":"key","parameters":{},"actions":[{"type":"keyDown","value":"î€‡"},{"type":"pause","duration":10},{"type":"keyUp","value":"î€‡"}]}]}
COMMAND: GET /session/9922d70a8c737b1f7759c684aa08a55f/screenshot - {}
RESULT: {}
COMMAND: POST /session/9922d70a8c737b1f7759c684aa08a55f/element - {"using":"xpath","value":"//input[contains(@id ,\"application-manageresources-display-component---newResourceUnit--newTimeSegmentFromDatePicker-application-manageresources-display-component---newResourceUnit--RUTimeSegment-0-inner\")]"}
RESULT: {"using":"xpath","value":"//input[contains(@id ,\"application-manageresources-display-component---newResourceUnit--newTimeSegmentFromDatePicker-application-manageresources-display-component---newResourceUnit--RUTimeSegment-0-inner\")]"}
COMMAND: POST /session/9922d70a8c737b1f7759c684aa08a55f/element/f.CBB1D6F42E6F9AF68048B8EF7F8EAAC4.d.8E0BB5B734BC3C8D0FC2234AB0231FD3.e.2654/clear - {}
RESULT: {}
COMMAND: POST /session/9922d70a8c737b1f7759c684aa08a55f/element/f.CBB1D6F42E6F9AF68048B8EF7F8EAAC4.d.8E0BB5B734BC3C8D0FC2234AB0231FD3.e.2654/clear - {}
COMMAND: GET /session/9922d70a8c737b1f7759c684aa08a55f/screenshot - {}
RESULT: {}
COMMAND: POST /session/9922d70a8c737b1f7759c684aa08a55f/element/f.CBB1D6F42E6F9AF68048B8EF7F8EAAC4.d.8E0BB5B734BC3C8D0FC2234AB0231FD3.e.2654/value - {"text":"06/06/24"}
COMMAND: GET /session/9922d70a8c737b1f7759c684aa08a55f/screenshot - {}
RESULT: {}
RESULT: {"text":"06/06/24"}
COMMAND: POST /session/9922d70a8c737b1f7759c684aa08a55f/execute/async - {"script":"<script> [1562 bytes]","args":[{"selector":{"id":"application-manageresources-display-component---newResourceUnit--newRRUPage-anchBar-application-manageresources-display-component---newResourceUnit--resource-anchor","interaction":{"idSuffix":"BDI-content"}},"wdio_ui5_key":"applicationmanageresources-display-component---newResourceUnit--newRRUPage-anchBar-application-manageresources-display-component---newResourceUnit--resource-anchor"}]}
COMMAND: GET /session/9922d70a8c737b1f7759c684aa08a55f/screenshot - {}
RESULT: {}
RESULT: {"script":"<script> [1562 bytes]","args":[{"selector":{"id":"application-manageresources-display-component---newResourceUnit--newRRUPage-anchBar-application-manageresources-display-component---newResourceUnit--resource-anchor","interaction":{"idSuffix":"BDI-content"}},"wdio_ui5_key":"applicationmanageresources-display-component---newResourceUnit--newRRUPage-anchBar-application-manageresources-display-component---newResourceUnit--resource-anchor"}]}
RESULT: undefined
COMMAND: POST /session/9922d70a8c737b1f7759c684aa08a55f/element - {"using":"xpath","value":"//*[@id=\"application-manageresources-display-component---newResourceUnit--newRRUPage-anchBar-application-manageresources-display-component---newResourceUnit--resource-anchor\"]"}
RESULT: {}
RESULT: {"using":"xpath","value":"//*[@id=\"application-manageresources-display-component---newResourceUnit--newRRUPage-anchBar-application-manageresources-display-component---newResourceUnit--resource-anchor\"]"}
COMMAND: POST /session/9922d70a8c737b1f7759c684aa08a55f/element/f.CBB1D6F42E6F9AF68048B8EF7F8EAAC4.d.8E0BB5B734BC3C8D0FC2234AB0231FD3.e.2688/click - {}
RESULT: {}
COMMAND: POST /session/9922d70a8c737b1f7759c684aa08a55f/execute/async - {"script":"<script> [1562 bytes]","args":[{"selector":{"id":"application-manageresources-display-component---newResourceUnit--PLANNED_DELIVERY_DATE","interaction":{"idSuffix":"inner"}},"wdio_ui5_key":"applicationmanageresources-display-component---newResourceUnit--PLANNED_DELIVERY_DATE"}]}
COMMAND: GET /session/9922d70a8c737b1f7759c684aa08a55f/screenshot - {}
RESULT: {"script":"<script> [1562 bytes]","args":[{"selector":{"id":"application-manageresources-display-component---newResourceUnit--PLANNED_DELIVERY_DATE","interaction":{"idSuffix":"inner"}},"wdio_ui5_key":"applicationmanageresources-display-component---newResourceUnit--PLANNED_DELIVERY_DATE"}]}
RESULT: undefined
COMMAND: POST /session/9922d70a8c737b1f7759c684aa08a55f/execute/async - {"script":"<script> [6424 bytes]","args":[{"element-6066-11e4-a52e-4f735466cecf":"f.CBB1D6F42E6F9AF68048B8EF7F8EAAC4.d.8E0BB5B734BC3C8D0FC2234AB0231FD3.e.2549"},"setValue",["06/06/24"]]}
RESULT: {}
RESULT: {"script":"<script> [6424 bytes]","args":[{"element-6066-11e4-a52e-4f735466cecf":"f.CBB1D6F42E6F9AF68048B8EF7F8EAAC4.d.8E0BB5B734BC3C8D0FC2234AB0231FD3.e.2549"},"setValue",["06/06/24"]]}
COMMAND: POST /session/9922d70a8c737b1f7759c684aa08a55f/execute/async - {"script":"<script> [1562 bytes]","args":[{"selector":{"id":"application-manageresources-display-component---newResourceUnit--RETIRE_PLANNED_DATE","interaction":{"idSuffix":"inner"}},"wdio_ui5_key":"applicationmanageresources-display-component---newResourceUnit--RETIRE_PLANNED_DATE"}]}
RESULT: {"script":"<script> [1562 bytes]","args":[{"selector":{"id":"application-manageresources-display-component---newResourceUnit--RETIRE_PLANNED_DATE","interaction":{"idSuffix":"inner"}},"wdio_ui5_key":"applicationmanageresources-display-component---newResourceUnit--RETIRE_PLANNED_DATE"}]}
RESULT: undefined
COMMAND: POST /session/9922d70a8c737b1f7759c684aa08a55f/execute/async - {"script":"<script> [776 bytes]","args":[{"enterText":"3/14/29","selector":{"id":"application-manageresources-display-component---newResourceUnit--RETIRE_PLANNED_DATE","interaction":{"idSuffix":"inner"}},"clearTextFirst":true,"interactionType":"ENTER_TEXT"}]}
RESULT: {"script":"<script> [776 bytes]","args":[{"enterText":"3/14/29","selector":{"id":"application-manageresources-display-component---newResourceUnit--RETIRE_PLANNED_DATE","interaction":{"idSuffix":"inner"}},"clearTextFirst":true,"interactionType":"ENTER_TEXT"}]}
COMMAND: POST /session/9922d70a8c737b1f7759c684aa08a55f/execute/async - {"script":"<script> [1562 bytes]","args":[{"selector":{"controlType":"sap.m.Button","viewName":"reusables.view.manageresources.NewResourceUnit","viewId":"application-manageresources-display-component---newResourceUnit","i18NText":{"propertyName":"tooltip","key":"save"},"interaction":{"idSuffix":"BDI-content"}},"wdio_ui5_key":"reusablesview.manageresources.NewResourceUnitsap.m.Button{\"propertyName\":\"tooltip\",\"key\":\"save\"}"}]}
RESULT: {"script":"<script> [1562 bytes]","args":[{"selector":{"controlType":"sap.m.Button","viewName":"reusables.view.manageresources.NewResourceUnit","viewId":"application-manageresources-display-component---newResourceUnit","i18NText":{"propertyName":"tooltip","key":"save"},"interaction":{"idSuffix":"BDI-content"}},"wdio_ui5_key":"reusablesview.manageresources.NewResourceUnitsap.m.Button{\"propertyName\":\"tooltip\",\"key\":\"save\"}"}]}
RESULT: undefined
COMMAND: POST /session/9922d70a8c737b1f7759c684aa08a55f/element - {"using":"xpath","value":"//*[@id=\"application-manageresources-display-component---newResourceUnit--createRuButton\"]"}
RESULT: {"using":"xpath","value":"//*[@id=\"application-manageresources-display-component---newResourceUnit--createRuButton\"]"}
COMMAND: POST /session/9922d70a8c737b1f7759c684aa08a55f/element/f.CBB1D6F42E6F9AF68048B8EF7F8EAAC4.d.8E0BB5B734BC3C8D0FC2234AB0231FD3.e.2509/click - {}
RESULT: {}
COMMAND: GET /session/9922d70a8c737b1f7759c684aa08a55f/screenshot - {}
RESULT: {}
COMMAND: POST /session/9922d70a8c737b1f7759c684aa08a55f/execute/async - {"script":"<script> [1562 bytes]","args":[{"selector":{"controlType":"sap.m.Button","properties":{"text":"Close"},"searchOpenDialogs":true,"interaction":{"idSuffix":"inner"}},"wdio_ui5_key":"sapm.Button{\"text\":\"Close\"}"}]}
RESULT: {"script":"<script> [1562 bytes]","args":[{"selector":{"controlType":"sap.m.Button","properties":{"text":"Close"},"searchOpenDialogs":true,"interaction":{"idSuffix":"inner"}},"wdio_ui5_key":"sapm.Button{\"text\":\"Close\"}"}]}
RESULT: undefined
COMMAND: POST /session/9922d70a8c737b1f7759c684aa08a55f/element - {"using":"xpath","value":"//*[@id=\"__mbox-btn-0\"]"}
RESULT: {"using":"xpath","value":"//*[@id=\"__mbox-btn-0\"]"}
COMMAND: POST /session/9922d70a8c737b1f7759c684aa08a55f/element/f.CBB1D6F42E6F9AF68048B8EF7F8EAAC4.d.8E0BB5B734BC3C8D0FC2234AB0231FD3.e.2696/click - {}
RESULT: {}
COMMAND: GET /session/9922d70a8c737b1f7759c684aa08a55f/screenshot - {}
RESULT: {}
COMMAND: POST /session/9922d70a8c737b1f7759c684aa08a55f/execute/async - {"script":"<script> [1562 bytes]","args":[{"selector":{"controlType":"sap.m.Text","viewName":"etm.portal.ui.manageresources.view.Detail","viewId":"application-manageresources-display-component---detailRU","bindingPath":{"propertyPath":"ID","modelName":"catalogModel"}},"wdio_ui5_key":"etmportal.ui.manageresources.view.Detailsap.m.Text{\"propertyPath\":\"ID\",\"modelName\":\"catalogModel\"}"}]}
RESULT: {"script":"<script> [1562 bytes]","args":[{"selector":{"controlType":"sap.m.Text","viewName":"etm.portal.ui.manageresources.view.Detail","viewId":"application-manageresources-display-component---detailRU","bindingPath":{"propertyPath":"ID","modelName":"catalogModel"}},"wdio_ui5_key":"etmportal.ui.manageresources.view.Detailsap.m.Text{\"propertyPath\":\"ID\",\"modelName\":\"catalogModel\"}"}]}
RESULT: undefined
COMMAND: POST /session/9922d70a8c737b1f7759c684aa08a55f/execute/async - {"script":"<script> [6424 bytes]","args":[{"element-6066-11e4-a52e-4f735466cecf":"f.CBB1D6F42E6F9AF68048B8EF7F8EAAC4.d.8E0BB5B734BC3C8D0FC2234AB0231FD3.e.2749"},"getText",[]]}
RESULT: {"script":"<script> [6424 bytes]","args":[{"element-6066-11e4-a52e-4f735466cecf":"f.CBB1D6F42E6F9AF68048B8EF7F8EAAC4.d.8E0BB5B734BC3C8D0FC2234AB0231FD3.e.2749"},"getText",[]]}
COMMAND: POST /session/9922d70a8c737b1f7759c684aa08a55f/element - {"using":"css selector","value":"#shell-header-logo"}
RESULT: {"using":"css selector","value":"#shell-header-logo"}
COMMAND: POST /session/9922d70a8c737b1f7759c684aa08a55f/element/f.CBB1D6F42E6F9AF68048B8EF7F8EAAC4.d.8E0BB5B734BC3C8D0FC2234AB0231FD3.e.2128/click - {}
RESULT: {}
COMMAND: GET /session/9922d70a8c737b1f7759c684aa08a55f/screenshot - {}
RESULT: {}
]]></system-out>
    </testcase>
    <testcase classname="chrome.135_0_7049_115.windows.Verify_RU_inventory_split_cost_information_US139363" name="Should do a stock increase for the equipment" time="67.804">
      <system-out><![CDATA[
COMMAND: POST /session/9922d70a8c737b1f7759c684aa08a55f/execute/async - {"script":"<script> [1562 bytes]","args":[{"selector":{"controlType":"sap.m.Text","viewName":"etm.portal.ui.managehandoverstile.view.Master","properties":{"text":"Manage Handovers"},"interaction":{"idSuffix":"inner"}},"wdio_ui5_key":"etmportal.ui.managehandoverstile.view.Mastersap.m.Text{\"text\":\"Manage Handovers\"}"}]}
RESULT: {"script":"<script> [1562 bytes]","args":[{"selector":{"controlType":"sap.m.Text","viewName":"etm.portal.ui.managehandoverstile.view.Master","properties":{"text":"Manage Handovers"},"interaction":{"idSuffix":"inner"}},"wdio_ui5_key":"etmportal.ui.managehandoverstile.view.Mastersap.m.Text{\"text\":\"Manage Handovers\"}"}]}
RESULT: undefined
COMMAND: POST /session/9922d70a8c737b1f7759c684aa08a55f/element - {"using":"xpath","value":"//*[@id=\"__tile130-title\"]"}
RESULT: {"using":"xpath","value":"//*[@id=\"__tile130-title\"]"}
COMMAND: POST /session/9922d70a8c737b1f7759c684aa08a55f/element/f.CBB1D6F42E6F9AF68048B8EF7F8EAAC4.d.8E0BB5B734BC3C8D0FC2234AB0231FD3.e.2752/click - {}
RESULT: {}
COMMAND: GET /session/9922d70a8c737b1f7759c684aa08a55f/screenshot - {}
RESULT: {}
COMMAND: POST /session/9922d70a8c737b1f7759c684aa08a55f/element - {"using":"xpath","value":"//button[@data-kt=\"masterHOAddButton\"]"}
RESULT: {"using":"xpath","value":"//button[@data-kt=\"masterHOAddButton\"]"}
COMMAND: POST /session/9922d70a8c737b1f7759c684aa08a55f/execute/sync - {"script":"<script> [8489 bytes]","args":[{"element-6066-11e4-a52e-4f735466cecf":"f.CBB1D6F42E6F9AF68048B8EF7F8EAAC4.d.8E0BB5B734BC3C8D0FC2234AB0231FD3.e.2806","ELEMENT":"f.CBB1D6F42E6F9AF68048B8EF7F8EAAC4.d.8E0BB5B734BC3C8D0FC2234AB0231FD3.e.2806"}]}
RESULT: {"script":"<script> [8489 bytes]","args":[{"element-6066-11e4-a52e-4f735466cecf":"f.CBB1D6F42E6F9AF68048B8EF7F8EAAC4.d.8E0BB5B734BC3C8D0FC2234AB0231FD3.e.2806","ELEMENT":"f.CBB1D6F42E6F9AF68048B8EF7F8EAAC4.d.8E0BB5B734BC3C8D0FC2234AB0231FD3.e.2806"}]}
COMMAND: POST /session/9922d70a8c737b1f7759c684aa08a55f/element/f.CBB1D6F42E6F9AF68048B8EF7F8EAAC4.d.8E0BB5B734BC3C8D0FC2234AB0231FD3.e.2806/click - {}
COMMAND: GET /session/9922d70a8c737b1f7759c684aa08a55f/screenshot - {}
RESULT: {}
COMMAND: GET /session/9922d70a8c737b1f7759c684aa08a55f/screenshot - {}
COMMAND: POST /session/9922d70a8c737b1f7759c684aa08a55f/element - {"using":"xpath","value":"//span[contains(@id ,\"AddNewHO--typeSelect-arrow\")]"}
RESULT: {}
RESULT: {}
RESULT: {"using":"xpath","value":"//span[contains(@id ,\"AddNewHO--typeSelect-arrow\")]"}
COMMAND: POST /session/9922d70a8c737b1f7759c684aa08a55f/element/f.CBB1D6F42E6F9AF68048B8EF7F8EAAC4.d.8E0BB5B734BC3C8D0FC2234AB0231FD3.e.3168/click - {}
RESULT: {}
COMMAND: GET /session/9922d70a8c737b1f7759c684aa08a55f/screenshot - {}
RESULT: {}
COMMAND: POST /session/9922d70a8c737b1f7759c684aa08a55f/element - {"using":"xpath","value":"(//li[contains(text(), \"stock increase yard\")])[1]"}
RESULT: {"using":"xpath","value":"(//li[contains(text(), \"stock increase yard\")])[1]"}
COMMAND: POST /session/9922d70a8c737b1f7759c684aa08a55f/element/f.CBB1D6F42E6F9AF68048B8EF7F8EAAC4.d.8E0BB5B734BC3C8D0FC2234AB0231FD3.e.3169/click - {}
RESULT: {}
COMMAND: GET /session/9922d70a8c737b1f7759c684aa08a55f/screenshot - {}
RESULT: {}
COMMAND: POST /session/9922d70a8c737b1f7759c684aa08a55f/execute/async - {"script":"<script> [1562 bytes]","args":[{"selector":{"id":"application-managehandovers-display-component---AddNewHO--dueDate","interaction":{"idSuffix":"inner"}},"wdio_ui5_key":"applicationmanagehandovers-display-component---AddNewHO--dueDate"}]}
RESULT: {"script":"<script> [1562 bytes]","args":[{"selector":{"id":"application-managehandovers-display-component---AddNewHO--dueDate","interaction":{"idSuffix":"inner"}},"wdio_ui5_key":"applicationmanagehandovers-display-component---AddNewHO--dueDate"}]}
RESULT: undefined
COMMAND: POST /session/9922d70a8c737b1f7759c684aa08a55f/execute/async - {"script":"<script> [6424 bytes]","args":[{"element-6066-11e4-a52e-4f735466cecf":"f.CBB1D6F42E6F9AF68048B8EF7F8EAAC4.d.8E0BB5B734BC3C8D0FC2234AB0231FD3.e.3171"},"setValue",["05/06/2025"]]}
RESULT: {"script":"<script> [6424 bytes]","args":[{"element-6066-11e4-a52e-4f735466cecf":"f.CBB1D6F42E6F9AF68048B8EF7F8EAAC4.d.8E0BB5B734BC3C8D0FC2234AB0231FD3.e.3171"},"setValue",["05/06/2025"]]}
COMMAND: POST /session/9922d70a8c737b1f7759c684aa08a55f/element - {"using":"xpath","value":"//input[@id=\"generalSectionFrg--receiveYard-inner\"]"}
RESULT: {"using":"xpath","value":"//input[@id=\"generalSectionFrg--receiveYard-inner\"]"}
COMMAND: POST /session/9922d70a8c737b1f7759c684aa08a55f/element/f.CBB1D6F42E6F9AF68048B8EF7F8EAAC4.d.8E0BB5B734BC3C8D0FC2234AB0231FD3.e.3177/clear - {}
RESULT: {}
COMMAND: POST /session/9922d70a8c737b1f7759c684aa08a55f/element/f.CBB1D6F42E6F9AF68048B8EF7F8EAAC4.d.8E0BB5B734BC3C8D0FC2234AB0231FD3.e.3177/value - {"text":"webdriveryard"}
COMMAND: GET /session/9922d70a8c737b1f7759c684aa08a55f/screenshot - {}
RESULT: {"text":"webdriveryard"}
COMMAND: GET /session/9922d70a8c737b1f7759c684aa08a55f/screenshot - {}
RESULT: {}
RESULT: {}
COMMAND: POST /session/9922d70a8c737b1f7759c684aa08a55f/execute/async - {"script":"<script> [1562 bytes]","args":[{"selector":{"id":"application-managehandovers-display-component---AddNewHO--ObjectPageLayout-anchBar-application-managehandovers-display-component---AddNewHO--section4-anchor","interaction":{"idSuffix":"BDI-content"}},"wdio_ui5_key":"applicationmanagehandovers-display-component---AddNewHO--ObjectPageLayout-anchBar-application-managehandovers-display-component---AddNewHO--section4-anchor"}]}
RESULT: {"script":"<script> [1562 bytes]","args":[{"selector":{"id":"application-managehandovers-display-component---AddNewHO--ObjectPageLayout-anchBar-application-managehandovers-display-component---AddNewHO--section4-anchor","interaction":{"idSuffix":"BDI-content"}},"wdio_ui5_key":"applicationmanagehandovers-display-component---AddNewHO--ObjectPageLayout-anchBar-application-managehandovers-display-component---AddNewHO--section4-anchor"}]}
RESULT: undefined
COMMAND: POST /session/9922d70a8c737b1f7759c684aa08a55f/element - {"using":"xpath","value":"//*[@id=\"application-managehandovers-display-component---AddNewHO--ObjectPageLayout-anchBar-application-managehandovers-display-component---AddNewHO--section4-anchor\"]"}
RESULT: {"using":"xpath","value":"//*[@id=\"application-managehandovers-display-component---AddNewHO--ObjectPageLayout-anchBar-application-managehandovers-display-component---AddNewHO--section4-anchor\"]"}
COMMAND: POST /session/9922d70a8c737b1f7759c684aa08a55f/element/f.CBB1D6F42E6F9AF68048B8EF7F8EAAC4.d.8E0BB5B734BC3C8D0FC2234AB0231FD3.e.3198/click - {}
RESULT: {}
COMMAND: GET /session/9922d70a8c737b1f7759c684aa08a55f/screenshot - {}
RESULT: {}
COMMAND: POST /session/9922d70a8c737b1f7759c684aa08a55f/element - {"using":"xpath","value":"//button[@aria-label=\"Add\"]"}
RESULT: {"using":"xpath","value":"//button[@aria-label=\"Add\"]"}
COMMAND: POST /session/9922d70a8c737b1f7759c684aa08a55f/element/f.CBB1D6F42E6F9AF68048B8EF7F8EAAC4.d.8E0BB5B734BC3C8D0FC2234AB0231FD3.e.3202/click - {}
RESULT: {}
COMMAND: GET /session/9922d70a8c737b1f7759c684aa08a55f/screenshot - {}
RESULT: {}
COMMAND: POST /session/9922d70a8c737b1f7759c684aa08a55f/execute/async - {"script":"<script> [1562 bytes]","args":[{"selector":{"id":"application-managehandovers-display-component---AddNewHO--smartFilterBar-btnBasicSearch","searchOpenDialogs":true,"interaction":{"idSuffix":"I"}},"wdio_ui5_key":"applicationmanagehandovers-display-component---AddNewHO--smartFilterBar-btnBasicSearch"}]}
RESULT: {"script":"<script> [1562 bytes]","args":[{"selector":{"id":"application-managehandovers-display-component---AddNewHO--smartFilterBar-btnBasicSearch","searchOpenDialogs":true,"interaction":{"idSuffix":"I"}},"wdio_ui5_key":"applicationmanagehandovers-display-component---AddNewHO--smartFilterBar-btnBasicSearch"}]}
RESULT: undefined
COMMAND: POST /session/9922d70a8c737b1f7759c684aa08a55f/execute/async - {"script":"<script> [776 bytes]","args":[{"enterText":"WdIOR2cEquip9rlssj","selector":{"id":"application-managehandovers-display-component---AddNewHO--smartFilterBar-btnBasicSearch","searchOpenDialogs":true,"interaction":{"idSuffix":"I"}},"clearTextFirst":true,"interactionType":"ENTER_TEXT"}]}
RESULT: {"script":"<script> [776 bytes]","args":[{"enterText":"WdIOR2cEquip9rlssj","selector":{"id":"application-managehandovers-display-component---AddNewHO--smartFilterBar-btnBasicSearch","searchOpenDialogs":true,"interaction":{"idSuffix":"I"}},"clearTextFirst":true,"interactionType":"ENTER_TEXT"}]}
COMMAND: POST /session/9922d70a8c737b1f7759c684aa08a55f/actions - {"actions":[{"id":"action14","type":"key","parameters":{},"actions":[{"type":"keyDown","value":"î€‡"},{"type":"pause","duration":10},{"type":"keyUp","value":"î€‡"}]}]}
RESULT: {"actions":[{"id":"action14","type":"key","parameters":{},"actions":[{"type":"keyDown","value":"î€‡"},{"type":"pause","duration":10},{"type":"keyUp","value":"î€‡"}]}]}
COMMAND: POST /session/9922d70a8c737b1f7759c684aa08a55f/execute/async - {"script":"<script> [1562 bytes]","args":[{"selector":{"id":"application-managehandovers-display-component---AddNewHO--popup-sa","searchOpenDialogs":true,"interaction":{"idSuffix":"CbBg"}},"wdio_ui5_key":"applicationmanagehandovers-display-component---AddNewHO--popup-sa"}]}
COMMAND: GET /session/9922d70a8c737b1f7759c684aa08a55f/screenshot - {}
RESULT: {"script":"<script> [1562 bytes]","args":[{"selector":{"id":"application-managehandovers-display-component---AddNewHO--popup-sa","searchOpenDialogs":true,"interaction":{"idSuffix":"CbBg"}},"wdio_ui5_key":"applicationmanagehandovers-display-component---AddNewHO--popup-sa"}]}
RESULT: undefined
COMMAND: POST /session/9922d70a8c737b1f7759c684aa08a55f/element - {"using":"xpath","value":"//*[@id=\"application-managehandovers-display-component---AddNewHO--popup-sa\"]"}
RESULT: {}
RESULT: {"using":"xpath","value":"//*[@id=\"application-managehandovers-display-component---AddNewHO--popup-sa\"]"}
COMMAND: POST /session/9922d70a8c737b1f7759c684aa08a55f/element/f.CBB1D6F42E6F9AF68048B8EF7F8EAAC4.d.8E0BB5B734BC3C8D0FC2234AB0231FD3.e.3354/click - {}
RESULT: {}
COMMAND: GET /session/9922d70a8c737b1f7759c684aa08a55f/screenshot - {}
RESULT: {}
COMMAND: POST /session/9922d70a8c737b1f7759c684aa08a55f/element - {"using":"xpath","value":"//bdi[contains(text(), \"Select\")]"}
RESULT: {"using":"xpath","value":"//bdi[contains(text(), \"Select\")]"}
COMMAND: POST /session/9922d70a8c737b1f7759c684aa08a55f/element/f.CBB1D6F42E6F9AF68048B8EF7F8EAAC4.d.8E0BB5B734BC3C8D0FC2234AB0231FD3.e.3355/click - {}
RESULT: {}
COMMAND: GET /session/9922d70a8c737b1f7759c684aa08a55f/screenshot - {}
RESULT: {}
COMMAND: POST /session/9922d70a8c737b1f7759c684aa08a55f/element - {"using":"xpath","value":"//button[@data-kt=\"AddNewHOSaveButton\"]"}
RESULT: {"using":"xpath","value":"//button[@data-kt=\"AddNewHOSaveButton\"]"}
COMMAND: POST /session/9922d70a8c737b1f7759c684aa08a55f/element/f.CBB1D6F42E6F9AF68048B8EF7F8EAAC4.d.8E0BB5B734BC3C8D0FC2234AB0231FD3.e.3359/click - {}
RESULT: {}
COMMAND: GET /session/9922d70a8c737b1f7759c684aa08a55f/screenshot - {}
RESULT: {}
COMMAND: POST /session/9922d70a8c737b1f7759c684aa08a55f/execute/async - {"script":"<script> [1562 bytes]","args":[{"selector":{"id":"receiptDatePicker","viewName":"etm.portal.ui.managehandovers.view.DetailExecuteHO","interaction":{"idSuffix":"inner"}},"wdio_ui5_key":"receiptDatePickeretmportal.ui.managehandovers.view.DetailExecuteHO"}]}
RESULT: {"script":"<script> [1562 bytes]","args":[{"selector":{"id":"receiptDatePicker","viewName":"etm.portal.ui.managehandovers.view.DetailExecuteHO","interaction":{"idSuffix":"inner"}},"wdio_ui5_key":"receiptDatePickeretmportal.ui.managehandovers.view.DetailExecuteHO"}]}
RESULT: undefined
COMMAND: POST /session/9922d70a8c737b1f7759c684aa08a55f/execute/async - {"script":"<script> [6424 bytes]","args":[{"element-6066-11e4-a52e-4f735466cecf":"f.CBB1D6F42E6F9AF68048B8EF7F8EAAC4.d.8E0BB5B734BC3C8D0FC2234AB0231FD3.e.3384"},"setValue",["05/06/2025"]]}
RESULT: {"script":"<script> [6424 bytes]","args":[{"element-6066-11e4-a52e-4f735466cecf":"f.CBB1D6F42E6F9AF68048B8EF7F8EAAC4.d.8E0BB5B734BC3C8D0FC2234AB0231FD3.e.3384"},"setValue",["05/06/2025"]]}
COMMAND: POST /session/9922d70a8c737b1f7759c684aa08a55f/element - {"using":"xpath","value":"//button[@data-kt=\"PickingTableConfirmAllButton\"]"}
RESULT: {"using":"xpath","value":"//button[@data-kt=\"PickingTableConfirmAllButton\"]"}
COMMAND: POST /session/9922d70a8c737b1f7759c684aa08a55f/element/f.CBB1D6F42E6F9AF68048B8EF7F8EAAC4.d.8E0BB5B734BC3C8D0FC2234AB0231FD3.e.3401/click - {}
RESULT: {}
COMMAND: GET /session/9922d70a8c737b1f7759c684aa08a55f/screenshot - {}
RESULT: {}
COMMAND: POST /session/9922d70a8c737b1f7759c684aa08a55f/element - {"using":"xpath","value":"//bdi[contains(text(), \"OK\")]"}
RESULT: {"using":"xpath","value":"//bdi[contains(text(), \"OK\")]"}
COMMAND: POST /session/9922d70a8c737b1f7759c684aa08a55f/element/f.CBB1D6F42E6F9AF68048B8EF7F8EAAC4.d.8E0BB5B734BC3C8D0FC2234AB0231FD3.e.3403/click - {}
RESULT: {}
COMMAND: GET /session/9922d70a8c737b1f7759c684aa08a55f/screenshot - {}
RESULT: {}
COMMAND: POST /session/9922d70a8c737b1f7759c684aa08a55f/element - {"using":"xpath","value":"(//bdi[contains(text(), \"Receive\")])[2]"}
RESULT: {"using":"xpath","value":"(//bdi[contains(text(), \"Receive\")])[2]"}
COMMAND: POST /session/9922d70a8c737b1f7759c684aa08a55f/element/f.CBB1D6F42E6F9AF68048B8EF7F8EAAC4.d.8E0BB5B734BC3C8D0FC2234AB0231FD3.e.3405/click - {}
RESULT: {}
COMMAND: GET /session/9922d70a8c737b1f7759c684aa08a55f/screenshot - {}
RESULT: {}
COMMAND: POST /session/9922d70a8c737b1f7759c684aa08a55f/element - {"using":"css selector","value":"#shell-header-logo"}
RESULT: {"using":"css selector","value":"#shell-header-logo"}
COMMAND: POST /session/9922d70a8c737b1f7759c684aa08a55f/element/f.CBB1D6F42E6F9AF68048B8EF7F8EAAC4.d.8E0BB5B734BC3C8D0FC2234AB0231FD3.e.2756/click - {}
RESULT: {}
]]></system-out>
    </testcase>
    <testcase classname="chrome.135_0_7049_115.windows.Verify_RU_inventory_split_cost_information_US139363" name="Should navigate to RU inventory and add the resource to the contract" time="72.326">
      <system-out><![CDATA[
COMMAND: POST /session/9922d70a8c737b1f7759c684aa08a55f/execute/async - {"script":"<script> [1562 bytes]","args":[{"selector":{"controlType":"sap.m.GenericTile","properties":{"header":"RU Inventory List"}},"wdio_ui5_key":"sapm.GenericTile{\"header\":\"RU Inventory List\"}"}]}
COMMAND: GET /session/9922d70a8c737b1f7759c684aa08a55f/screenshot - {}
RESULT: {"script":"<script> [1562 bytes]","args":[{"selector":{"controlType":"sap.m.GenericTile","properties":{"header":"RU Inventory List"}},"wdio_ui5_key":"sapm.GenericTile{\"header\":\"RU Inventory List\"}"}]}
RESULT: undefined
COMMAND: POST /session/9922d70a8c737b1f7759c684aa08a55f/element - {"using":"xpath","value":"//*[@id=\"__tile99\"]"}
RESULT: {}
RESULT: {"using":"xpath","value":"//*[@id=\"__tile99\"]"}
COMMAND: POST /session/9922d70a8c737b1f7759c684aa08a55f/element/f.CBB1D6F42E6F9AF68048B8EF7F8EAAC4.d.8E0BB5B734BC3C8D0FC2234AB0231FD3.e.3553/click - {}
RESULT: {}
COMMAND: GET /session/9922d70a8c737b1f7759c684aa08a55f/screenshot - {}
RESULT: {}
COMMAND: POST /session/9922d70a8c737b1f7759c684aa08a55f/execute/async - {"script":"<script> [1562 bytes]","args":[{"selector":{"id":"application-ruinventorylist-display-component---Master--smartFilterBar-btnBasicSearch","interaction":{"idSuffix":"I"}},"wdio_ui5_key":"applicationruinventorylist-display-component---Master--smartFilterBar-btnBasicSearch"}]}
RESULT: {"script":"<script> [1562 bytes]","args":[{"selector":{"id":"application-ruinventorylist-display-component---Master--smartFilterBar-btnBasicSearch","interaction":{"idSuffix":"I"}},"wdio_ui5_key":"applicationruinventorylist-display-component---Master--smartFilterBar-btnBasicSearch"}]}
RESULT: undefined
COMMAND: POST /session/9922d70a8c737b1f7759c684aa08a55f/execute/async - {"script":"<script> [776 bytes]","args":[{"enterText":"WdIOR2cEquip9rlssj","selector":{"id":"application-ruinventorylist-display-component---Master--smartFilterBar-btnBasicSearch","interaction":{"idSuffix":"I"}},"clearTextFirst":true,"interactionType":"ENTER_TEXT"}]}
RESULT: {"script":"<script> [776 bytes]","args":[{"enterText":"WdIOR2cEquip9rlssj","selector":{"id":"application-ruinventorylist-display-component---Master--smartFilterBar-btnBasicSearch","interaction":{"idSuffix":"I"}},"clearTextFirst":true,"interactionType":"ENTER_TEXT"}]}
COMMAND: POST /session/9922d70a8c737b1f7759c684aa08a55f/actions - {"actions":[{"id":"action15","type":"key","parameters":{},"actions":[{"type":"keyDown","value":"î€‡"},{"type":"pause","duration":10},{"type":"keyUp","value":"î€‡"}]}]}
RESULT: {"actions":[{"id":"action15","type":"key","parameters":{},"actions":[{"type":"keyDown","value":"î€‡"},{"type":"pause","duration":10},{"type":"keyUp","value":"î€‡"}]}]}
COMMAND: GET /session/9922d70a8c737b1f7759c684aa08a55f/screenshot - {}
RESULT: {}
COMMAND: POST /session/9922d70a8c737b1f7759c684aa08a55f/execute/async - {"script":"<script> [1562 bytes]","args":[{"selector":{"id":"application-ruinventorylist-display-component---Master--smartTableRuInventoryList-header"},"wdio_ui5_key":"applicationruinventorylist-display-component---Master--smartTableRuInventoryList-header"}]}
RESULT: {"script":"<script> [1562 bytes]","args":[{"selector":{"id":"application-ruinventorylist-display-component---Master--smartTableRuInventoryList-header"},"wdio_ui5_key":"applicationruinventorylist-display-component---Master--smartTableRuInventoryList-header"}]}
RESULT: undefined
COMMAND: POST /session/9922d70a8c737b1f7759c684aa08a55f/execute/async - {"script":"<script> [6424 bytes]","args":[{"element-6066-11e4-a52e-4f735466cecf":"f.CBB1D6F42E6F9AF68048B8EF7F8EAAC4.d.8E0BB5B734BC3C8D0FC2234AB0231FD3.e.3762"},"getText",[]]}
RESULT: {"script":"<script> [6424 bytes]","args":[{"element-6066-11e4-a52e-4f735466cecf":"f.CBB1D6F42E6F9AF68048B8EF7F8EAAC4.d.8E0BB5B734BC3C8D0FC2234AB0231FD3.e.3762"},"getText",[]]}
COMMAND: POST /session/9922d70a8c737b1f7759c684aa08a55f/execute/async - {"script":"<script> [1562 bytes]","args":[{"selector":{"id":"application-ruinventorylist-display-component---Master--createContractItemsBtn-img"},"wdio_ui5_key":"applicationruinventorylist-display-component---Master--createContractItemsBtn-img"}]}
RESULT: {"script":"<script> [1562 bytes]","args":[{"selector":{"id":"application-ruinventorylist-display-component---Master--createContractItemsBtn-img"},"wdio_ui5_key":"applicationruinventorylist-display-component---Master--createContractItemsBtn-img"}]}
RESULT: undefined
COMMAND: POST /session/9922d70a8c737b1f7759c684aa08a55f/element - {"using":"xpath","value":"//*[@id=\"application-ruinventorylist-display-component---Master--createContractItemsBtn-img\"]"}
RESULT: {"using":"xpath","value":"//*[@id=\"application-ruinventorylist-display-component---Master--createContractItemsBtn-img\"]"}
COMMAND: POST /session/9922d70a8c737b1f7759c684aa08a55f/element/f.CBB1D6F42E6F9AF68048B8EF7F8EAAC4.d.8E0BB5B734BC3C8D0FC2234AB0231FD3.e.3600/click - {}
RESULT: {}
COMMAND: GET /session/9922d70a8c737b1f7759c684aa08a55f/screenshot - {}
RESULT: {}
COMMAND: POST /session/9922d70a8c737b1f7759c684aa08a55f/element - {"using":"xpath","value":"//div[contains(@id ,\"application-ruinventorylist-display-component---Master--tableRuInventoryList-sa-CbBg\")]"}
RESULT: {"using":"xpath","value":"//div[contains(@id ,\"application-ruinventorylist-display-component---Master--tableRuInventoryList-sa-CbBg\")]"}
COMMAND: POST /session/9922d70a8c737b1f7759c684aa08a55f/element/f.CBB1D6F42E6F9AF68048B8EF7F8EAAC4.d.8E0BB5B734BC3C8D0FC2234AB0231FD3.e.3771/click - {}
RESULT: {}
RESULT: undefined
COMMAND: POST /session/9922d70a8c737b1f7759c684aa08a55f/element - {"using":"xpath","value":"//*[@id=\"application-ruinventorylist-display-component---Master--createContractItemsBtn-img\"]"}
COMMAND: GET /session/9922d70a8c737b1f7759c684aa08a55f/screenshot - {}
RESULT: {"using":"xpath","value":"//*[@id=\"application-ruinventorylist-display-component---Master--createContractItemsBtn-img\"]"}
COMMAND: POST /session/9922d70a8c737b1f7759c684aa08a55f/element/f.CBB1D6F42E6F9AF68048B8EF7F8EAAC4.d.8E0BB5B734BC3C8D0FC2234AB0231FD3.e.3600/click - {}
RESULT: {}
RESULT: {}
COMMAND: GET /session/9922d70a8c737b1f7759c684aa08a55f/screenshot - {}
RESULT: {}
COMMAND: POST /session/9922d70a8c737b1f7759c684aa08a55f/element - {"using":"xpath","value":"//div[contains(@class ,\"sapMObjStatus sapMObjStatusError sapMObjStatusActive\")]"}
RESULT: {"using":"xpath","value":"//div[contains(@class ,\"sapMObjStatus sapMObjStatusError sapMObjStatusActive\")]"}
COMMAND: POST /session/9922d70a8c737b1f7759c684aa08a55f/elements - {"using":"xpath","value":"//div[contains(@class ,\"sapMObjStatus sapMObjStatusError sapMObjStatusActive\")]"}
RESULT: {"using":"xpath","value":"//div[contains(@class ,\"sapMObjStatus sapMObjStatusError sapMObjStatusActive\")]"}
COMMAND: POST /session/9922d70a8c737b1f7759c684aa08a55f/element - {"using":"xpath","value":"//input[contains(@id, \"application-ruinventorylist-display-component---Master--contractCb-inner\")]"}
RESULT: {"using":"xpath","value":"//input[contains(@id, \"application-ruinventorylist-display-component---Master--contractCb-inner\")]"}
COMMAND: POST /session/9922d70a8c737b1f7759c684aa08a55f/element/f.CBB1D6F42E6F9AF68048B8EF7F8EAAC4.d.8E0BB5B734BC3C8D0FC2234AB0231FD3.e.3774/clear - {}
RESULT: {}
COMMAND: POST /session/9922d70a8c737b1f7759c684aa08a55f/element/f.CBB1D6F42E6F9AF68048B8EF7F8EAAC4.d.8E0BB5B734BC3C8D0FC2234AB0231FD3.e.3774/value - {"text":"10585"}
COMMAND: GET /session/9922d70a8c737b1f7759c684aa08a55f/screenshot - {}
RESULT: {"text":"10585"}
COMMAND: GET /session/9922d70a8c737b1f7759c684aa08a55f/screenshot - {}
RESULT: {}
RESULT: {}
COMMAND: POST /session/9922d70a8c737b1f7759c684aa08a55f/actions - {"actions":[{"id":"action16","type":"key","parameters":{},"actions":[{"type":"keyDown","value":"î€‡"},{"type":"pause","duration":10},{"type":"keyUp","value":"î€‡"}]}]}
RESULT: {"actions":[{"id":"action16","type":"key","parameters":{},"actions":[{"type":"keyDown","value":"î€‡"},{"type":"pause","duration":10},{"type":"keyUp","value":"î€‡"}]}]}
COMMAND: GET /session/9922d70a8c737b1f7759c684aa08a55f/screenshot - {}
RESULT: {}
COMMAND: POST /session/9922d70a8c737b1f7759c684aa08a55f/actions - {"actions":[{"id":"action17","type":"key","parameters":{},"actions":[{"type":"keyDown","value":"î€‡"},{"type":"pause","duration":10},{"type":"keyUp","value":"î€‡"}]}]}
RESULT: {"actions":[{"id":"action17","type":"key","parameters":{},"actions":[{"type":"keyDown","value":"î€‡"},{"type":"pause","duration":10},{"type":"keyUp","value":"î€‡"}]}]}
COMMAND: GET /session/9922d70a8c737b1f7759c684aa08a55f/screenshot - {}
RESULT: {}
COMMAND: POST /session/9922d70a8c737b1f7759c684aa08a55f/element - {"using":"xpath","value":"//input[contains(@id, \"application-ruinventorylist-display-component---Master--endDate-inner\")]"}
RESULT: {"using":"xpath","value":"//input[contains(@id, \"application-ruinventorylist-display-component---Master--endDate-inner\")]"}
COMMAND: POST /session/9922d70a8c737b1f7759c684aa08a55f/element/f.CBB1D6F42E6F9AF68048B8EF7F8EAAC4.d.8E0BB5B734BC3C8D0FC2234AB0231FD3.e.3777/clear - {}
RESULT: {}
COMMAND: POST /session/9922d70a8c737b1f7759c684aa08a55f/element/f.CBB1D6F42E6F9AF68048B8EF7F8EAAC4.d.8E0BB5B734BC3C8D0FC2234AB0231FD3.e.3777/value - {"text":"05/07/25"}
COMMAND: GET /session/9922d70a8c737b1f7759c684aa08a55f/screenshot - {}
RESULT: {"text":"05/07/25"}
COMMAND: POST /session/9922d70a8c737b1f7759c684aa08a55f/element - {"using":"xpath","value":"(//div[contains(@data-kt ,\"characteristicsObjectStatus\")])[2]"}
COMMAND: GET /session/9922d70a8c737b1f7759c684aa08a55f/screenshot - {}
RESULT: {}
RESULT: {"using":"xpath","value":"(//div[contains(@data-kt ,\"characteristicsObjectStatus\")])[2]"}
COMMAND: POST /session/9922d70a8c737b1f7759c684aa08a55f/element/f.CBB1D6F42E6F9AF68048B8EF7F8EAAC4.d.8E0BB5B734BC3C8D0FC2234AB0231FD3.e.3791/click - {}
RESULT: {}
RESULT: {}
COMMAND: GET /session/9922d70a8c737b1f7759c684aa08a55f/screenshot - {}
RESULT: {}
COMMAND: POST /session/9922d70a8c737b1f7759c684aa08a55f/element - {"using":"xpath","value":"//span[contains(@id ,\"application-ruinventorylist-display-component---Master--addSplitCharacteristicsRowButton-img\")]"}
RESULT: {"using":"xpath","value":"//span[contains(@id ,\"application-ruinventorylist-display-component---Master--addSplitCharacteristicsRowButton-img\")]"}
COMMAND: POST /session/9922d70a8c737b1f7759c684aa08a55f/element/f.CBB1D6F42E6F9AF68048B8EF7F8EAAC4.d.8E0BB5B734BC3C8D0FC2234AB0231FD3.e.3794/click - {}
RESULT: {}
COMMAND: POST /session/9922d70a8c737b1f7759c684aa08a55f/element - {"using":"xpath","value":"(//input[contains(@id ,\"application-ruinventorylist-display-component---Master--splitCharacteristicsTable-0-inner\")])[1]"}
COMMAND: GET /session/9922d70a8c737b1f7759c684aa08a55f/screenshot - {}
RESULT: {"using":"xpath","value":"(//input[contains(@id ,\"application-ruinventorylist-display-component---Master--splitCharacteristicsTable-0-inner\")])[1]"}
COMMAND: POST /session/9922d70a8c737b1f7759c684aa08a55f/element/f.CBB1D6F42E6F9AF68048B8EF7F8EAAC4.d.8E0BB5B734BC3C8D0FC2234AB0231FD3.e.3797/clear - {}
RESULT: {}
RESULT: {}
COMMAND: POST /session/9922d70a8c737b1f7759c684aa08a55f/element/f.CBB1D6F42E6F9AF68048B8EF7F8EAAC4.d.8E0BB5B734BC3C8D0FC2234AB0231FD3.e.3797/value - {"text":"Cost Center"}
COMMAND: GET /session/9922d70a8c737b1f7759c684aa08a55f/screenshot - {}
RESULT: {"text":"Cost Center"}
COMMAND: GET /session/9922d70a8c737b1f7759c684aa08a55f/screenshot - {}
RESULT: {}
RESULT: {}
COMMAND: POST /session/9922d70a8c737b1f7759c684aa08a55f/actions - {"actions":[{"id":"action18","type":"key","parameters":{},"actions":[{"type":"keyDown","value":"î€‡"},{"type":"pause","duration":10},{"type":"keyUp","value":"î€‡"}]}]}
RESULT: {"actions":[{"id":"action18","type":"key","parameters":{},"actions":[{"type":"keyDown","value":"î€‡"},{"type":"pause","duration":10},{"type":"keyUp","value":"î€‡"}]}]}
COMMAND: POST /session/9922d70a8c737b1f7759c684aa08a55f/execute/async - {"script":"<script> [1562 bytes]","args":[{"selector":{"controlType":"sap.ui.core.Icon","viewName":"etm.portal.ui.ruinventorylist.view.Master","viewId":"application-ruinventorylist-display-component---Master","properties":{"src":{"regex":{"source":"value\\-help"}}},"searchOpenDialogs":true,"ancestor":{"controlType":"sap.m.ColumnListItem","viewName":"etm.portal.ui.ruinventorylist.view.Master","viewId":"application-ruinventorylist-display-component---Master","bindingPath":{"modelName":"additionalRequiredFields","path":"/currentCharacteristics/0"},"ancestor":{"id":"application-ruinventorylist-display-component---Master--splitCharacteristicsTable","searchOpenDialogs":true}}},"wdio_ui5_key":"etmportal.ui.ruinventorylist.view.Mastersap.ui.core.Icon{\"src\":{\"regex\":{\"source\":\"value\\\\-help\"}}}{\"controlType\":\"sap.m.ColumnListItem\",\"viewName\":\"etm.portal.ui.ruinventorylist.view.Master\",\"viewId\":\"application-ruinventorylist-display-component---Master\",\"bindingPath\":{\"modelName\":\"additionalRequiredFields\",\"path\":\"/currentCharacteristics/0\"},\"ancestor\":{\"id\":\"application-ruinventorylist-display-component---Master--splitCharacteristicsTable\",\"searchOpenDialogs\":true}}"}]}
COMMAND: GET /session/9922d70a8c737b1f7759c684aa08a55f/screenshot - {}
RESULT: {"script":"<script> [1562 bytes]","args":[{"selector":{"controlType":"sap.ui.core.Icon","viewName":"etm.portal.ui.ruinventorylist.view.Master","viewId":"application-ruinventorylist-display-component---Master","properties":{"src":{"regex":{"source":"value\\-help"}}},"searchOpenDialogs":true,"ancestor":{"controlType":"sap.m.ColumnListItem","viewName":"etm.portal.ui.ruinventorylist.view.Master","viewId":"application-ruinventorylist-display-component---Master","bindingPath":{"modelName":"additionalRequiredFields","path":"/currentCharacteristics/0"},"ancestor":{"id":"application-ruinventorylist-display-component---Master--splitCharacteristicsTable","searchOpenDialogs":true}}},"wdio_ui5_key":"etmportal.ui.ruinventorylist.view.Mastersap.ui.core.Icon{\"src\":{\"regex\":{\"source\":\"value\\\\-help\"}}}{\"controlType\":\"sap.m.ColumnListItem\",\"viewName\":\"etm.portal.ui.ruinventorylist.view.Master\",\"viewId\":\"application-ruinventorylist-display-component---Master\",\"bindingPath\":{\"modelName\":\"additionalRequiredFields\",\"path\":\"/currentCharacteristics/0\"},\"ancestor\":{\"id\":\"application-ruinventorylist-display-component---Master--splitCharacteristicsTable\",\"searchOpenDialogs\":true}}"}]}
RESULT: undefined
COMMAND: POST /session/9922d70a8c737b1f7759c684aa08a55f/element - {"using":"xpath","value":"//*[@id=\"__help4-application-ruinventorylist-display-component---Master--splitCharacteristicsTable-0-vhi\"]"}
RESULT: {}
RESULT: {"using":"xpath","value":"//*[@id=\"__help4-application-ruinventorylist-display-component---Master--splitCharacteristicsTable-0-vhi\"]"}
COMMAND: POST /session/9922d70a8c737b1f7759c684aa08a55f/element/f.CBB1D6F42E6F9AF68048B8EF7F8EAAC4.d.8E0BB5B734BC3C8D0FC2234AB0231FD3.e.3805/click - {}
RESULT: {}
COMMAND: POST /session/9922d70a8c737b1f7759c684aa08a55f/element - {"using":"xpath","value":"(//input[contains(@aria-label ,\"Search\")])[1]"}
COMMAND: GET /session/9922d70a8c737b1f7759c684aa08a55f/screenshot - {}
RESULT: {"using":"xpath","value":"(//input[contains(@aria-label ,\"Search\")])[1]"}
COMMAND: POST /session/9922d70a8c737b1f7759c684aa08a55f/element/f.CBB1D6F42E6F9AF68048B8EF7F8EAAC4.d.8E0BB5B734BC3C8D0FC2234AB0231FD3.e.3808/clear - {}
RESULT: {}
RESULT: {}
COMMAND: POST /session/9922d70a8c737b1f7759c684aa08a55f/element/f.CBB1D6F42E6F9AF68048B8EF7F8EAAC4.d.8E0BB5B734BC3C8D0FC2234AB0231FD3.e.3808/value - {"text":"10001010"}
COMMAND: GET /session/9922d70a8c737b1f7759c684aa08a55f/screenshot - {}
RESULT: {"text":"10001010"}
COMMAND: POST /session/9922d70a8c737b1f7759c684aa08a55f/actions - {"actions":[{"id":"action19","type":"key","parameters":{},"actions":[{"type":"keyDown","value":"î€‡"},{"type":"pause","duration":10},{"type":"keyUp","value":"î€‡"}]}]}
COMMAND: GET /session/9922d70a8c737b1f7759c684aa08a55f/screenshot - {}
RESULT: {}
RESULT: {"actions":[{"id":"action19","type":"key","parameters":{},"actions":[{"type":"keyDown","value":"î€‡"},{"type":"pause","duration":10},{"type":"keyUp","value":"î€‡"}]}]}
COMMAND: GET /session/9922d70a8c737b1f7759c684aa08a55f/screenshot - {}
RESULT: {}
RESULT: {}
COMMAND: POST /session/9922d70a8c737b1f7759c684aa08a55f/element - {"using":"xpath","value":"(//span[contains(text(), \"Purchasing\")])[1]"}
RESULT: {"using":"xpath","value":"(//span[contains(text(), \"Purchasing\")])[1]"}
COMMAND: POST /session/9922d70a8c737b1f7759c684aa08a55f/element/f.CBB1D6F42E6F9AF68048B8EF7F8EAAC4.d.8E0BB5B734BC3C8D0FC2234AB0231FD3.e.3845/click - {}
RESULT: {}
COMMAND: GET /session/9922d70a8c737b1f7759c684aa08a55f/screenshot - {}
RESULT: {}
COMMAND: POST /session/9922d70a8c737b1f7759c684aa08a55f/element - {"using":"xpath","value":"//span[contains(@id ,\"ok-content\")]"}
RESULT: {"using":"xpath","value":"//span[contains(@id ,\"ok-content\")]"}
COMMAND: POST /session/9922d70a8c737b1f7759c684aa08a55f/element/f.CBB1D6F42E6F9AF68048B8EF7F8EAAC4.d.8E0BB5B734BC3C8D0FC2234AB0231FD3.e.3846/click - {}
RESULT: {}
COMMAND: GET /session/9922d70a8c737b1f7759c684aa08a55f/screenshot - {}
RESULT: {}
COMMAND: POST /session/9922d70a8c737b1f7759c684aa08a55f/element - {"using":"xpath","value":"//bdi[contains(text(), \"Save\")]"}
RESULT: {"using":"xpath","value":"//bdi[contains(text(), \"Save\")]"}
COMMAND: POST /session/9922d70a8c737b1f7759c684aa08a55f/element/f.CBB1D6F42E6F9AF68048B8EF7F8EAAC4.d.8E0BB5B734BC3C8D0FC2234AB0231FD3.e.3849/click - {}
RESULT: {}
COMMAND: GET /session/9922d70a8c737b1f7759c684aa08a55f/screenshot - {}
RESULT: {}
COMMAND: POST /session/9922d70a8c737b1f7759c684aa08a55f/element - {"using":"xpath","value":"//bdi[contains(text(), \"OK\")]"}
RESULT: {"using":"xpath","value":"//bdi[contains(text(), \"OK\")]"}
COMMAND: POST /session/9922d70a8c737b1f7759c684aa08a55f/element/f.CBB1D6F42E6F9AF68048B8EF7F8EAAC4.d.8E0BB5B734BC3C8D0FC2234AB0231FD3.e.3851/click - {}
RESULT: {}
COMMAND: GET /session/9922d70a8c737b1f7759c684aa08a55f/screenshot - {}
RESULT: {}
COMMAND: POST /session/9922d70a8c737b1f7759c684aa08a55f/actions - {"actions":[{"id":"action20","type":"key","parameters":{},"actions":[{"type":"keyDown","value":"î€‡"},{"type":"pause","duration":10},{"type":"keyUp","value":"î€‡"}]}]}
RESULT: {"actions":[{"id":"action20","type":"key","parameters":{},"actions":[{"type":"keyDown","value":"î€‡"},{"type":"pause","duration":10},{"type":"keyUp","value":"î€‡"}]}]}
COMMAND: GET /session/9922d70a8c737b1f7759c684aa08a55f/screenshot - {}
RESULT: {}
COMMAND: POST /session/9922d70a8c737b1f7759c684aa08a55f/execute/async - {"script":"<script> [1562 bytes]","args":[{"selector":{"controlType":"sap.m.Title","viewName":"etm.portal.ui.managecontracts.view.Detail","properties":{"text":"Contract Items (1)"}},"wdio_ui5_key":"etmportal.ui.managecontracts.view.Detailsap.m.Title{\"text\":\"Contract Items (1)\"}"}]}
RESULT: {"script":"<script> [1562 bytes]","args":[{"selector":{"controlType":"sap.m.Title","viewName":"etm.portal.ui.managecontracts.view.Detail","properties":{"text":"Contract Items (1)"}},"wdio_ui5_key":"etmportal.ui.managecontracts.view.Detailsap.m.Title{\"text\":\"Contract Items (1)\"}"}]}
RESULT: undefined
COMMAND: POST /session/9922d70a8c737b1f7759c684aa08a55f/execute/async - {"script":"<script> [6424 bytes]","args":[{"element-6066-11e4-a52e-4f735466cecf":"f.CBB1D6F42E6F9AF68048B8EF7F8EAAC4.d.8E0BB5B734BC3C8D0FC2234AB0231FD3.e.4073"},"getText",[]]}
RESULT: {"script":"<script> [6424 bytes]","args":[{"element-6066-11e4-a52e-4f735466cecf":"f.CBB1D6F42E6F9AF68048B8EF7F8EAAC4.d.8E0BB5B734BC3C8D0FC2234AB0231FD3.e.4073"},"getText",[]]}
COMMAND: POST /session/9922d70a8c737b1f7759c684aa08a55f/element - {"using":"xpath","value":"//div[contains(@data-kt ,\"characteristicsObjectStatus\")]"}
RESULT: {"using":"xpath","value":"//div[contains(@data-kt ,\"characteristicsObjectStatus\")]"}
COMMAND: POST /session/9922d70a8c737b1f7759c684aa08a55f/element/f.CBB1D6F42E6F9AF68048B8EF7F8EAAC4.d.8E0BB5B734BC3C8D0FC2234AB0231FD3.e.4074/click - {}
RESULT: {}
COMMAND: GET /session/9922d70a8c737b1f7759c684aa08a55f/screenshot - {}
RESULT: {}
COMMAND: POST /session/9922d70a8c737b1f7759c684aa08a55f/element - {"using":"xpath","value":"(//input[contains(@class ,\"sapMInputBaseInner sapMComboBoxInner\")])[2]"}
RESULT: {"using":"xpath","value":"(//input[contains(@class ,\"sapMInputBaseInner sapMComboBoxInner\")])[2]"}
COMMAND: GET /session/9922d70a8c737b1f7759c684aa08a55f/element/f.CBB1D6F42E6F9AF68048B8EF7F8EAAC4.d.8E0BB5B734BC3C8D0FC2234AB0231FD3.e.4080/property/value - {}
RESULT: {}
COMMAND: POST /session/9922d70a8c737b1f7759c684aa08a55f/element - {"using":"xpath","value":"//span[contains(text(), \"Input (10001010) 10001010 - Purchasing\")]"}
COMMAND: GET /session/9922d70a8c737b1f7759c684aa08a55f/screenshot - {}
RESULT: {"using":"xpath","value":"//span[contains(text(), \"Input (10001010) 10001010 - Purchasing\")]"}
COMMAND: POST /session/9922d70a8c737b1f7759c684aa08a55f/elements - {"using":"xpath","value":"//span[contains(text(), \"Input (10001010) 10001010 - Purchasing\")]"}
RESULT: {}
RESULT: {"using":"xpath","value":"//span[contains(text(), \"Input (10001010) 10001010 - Purchasing\")]"}
COMMAND: POST /session/9922d70a8c737b1f7759c684aa08a55f/elements - {"using":"xpath","value":"//span[contains(text(), \"Input (10001010) 10001010 - Purchasing\")]"}
RESULT: {"using":"xpath","value":"//span[contains(text(), \"Input (10001010) 10001010 - Purchasing\")]"}
COMMAND: POST /session/9922d70a8c737b1f7759c684aa08a55f/elements - {"using":"xpath","value":"//span[contains(text(), \"Input (10001010) 10001010 - Purchasing\")]"}
RESULT: {"using":"xpath","value":"//span[contains(text(), \"Input (10001010) 10001010 - Purchasing\")]"}
COMMAND: POST /session/9922d70a8c737b1f7759c684aa08a55f/elements - {"using":"xpath","value":"//span[contains(text(), \"Input (10001010) 10001010 - Purchasing\")]"}
RESULT: {"using":"xpath","value":"//span[contains(text(), \"Input (10001010) 10001010 - Purchasing\")]"}
COMMAND: POST /session/9922d70a8c737b1f7759c684aa08a55f/elements - {"using":"xpath","value":"//span[contains(text(), \"Input (10001010) 10001010 - Purchasing\")]"}
RESULT: {"using":"xpath","value":"//span[contains(text(), \"Input (10001010) 10001010 - Purchasing\")]"}
COMMAND: POST /session/9922d70a8c737b1f7759c684aa08a55f/elements - {"using":"xpath","value":"//span[contains(text(), \"Input (10001010) 10001010 - Purchasing\")]"}
RESULT: {"using":"xpath","value":"//span[contains(text(), \"Input (10001010) 10001010 - Purchasing\")]"}
COMMAND: POST /session/9922d70a8c737b1f7759c684aa08a55f/elements - {"using":"xpath","value":"//span[contains(text(), \"Input (10001010) 10001010 - Purchasing\")]"}
RESULT: {"using":"xpath","value":"//span[contains(text(), \"Input (10001010) 10001010 - Purchasing\")]"}
COMMAND: POST /session/9922d70a8c737b1f7759c684aa08a55f/elements - {"using":"xpath","value":"//span[contains(text(), \"Input (10001010) 10001010 - Purchasing\")]"}
RESULT: {"using":"xpath","value":"//span[contains(text(), \"Input (10001010) 10001010 - Purchasing\")]"}
COMMAND: POST /session/9922d70a8c737b1f7759c684aa08a55f/elements - {"using":"xpath","value":"//span[contains(text(), \"Input (10001010) 10001010 - Purchasing\")]"}
RESULT: {"using":"xpath","value":"//span[contains(text(), \"Input (10001010) 10001010 - Purchasing\")]"}
COMMAND: POST /session/9922d70a8c737b1f7759c684aa08a55f/elements - {"using":"xpath","value":"//span[contains(text(), \"Input (10001010) 10001010 - Purchasing\")]"}
RESULT: {"using":"xpath","value":"//span[contains(text(), \"Input (10001010) 10001010 - Purchasing\")]"}
COMMAND: POST /session/9922d70a8c737b1f7759c684aa08a55f/elements - {"using":"xpath","value":"//span[contains(text(), \"Input (10001010) 10001010 - Purchasing\")]"}
RESULT: {"using":"xpath","value":"//span[contains(text(), \"Input (10001010) 10001010 - Purchasing\")]"}
COMMAND: POST /session/9922d70a8c737b1f7759c684aa08a55f/elements - {"using":"xpath","value":"//span[contains(text(), \"Input (10001010) 10001010 - Purchasing\")]"}
RESULT: {"using":"xpath","value":"//span[contains(text(), \"Input (10001010) 10001010 - Purchasing\")]"}
COMMAND: POST /session/9922d70a8c737b1f7759c684aa08a55f/elements - {"using":"xpath","value":"//span[contains(text(), \"Input (10001010) 10001010 - Purchasing\")]"}
RESULT: {"using":"xpath","value":"//span[contains(text(), \"Input (10001010) 10001010 - Purchasing\")]"}
COMMAND: POST /session/9922d70a8c737b1f7759c684aa08a55f/elements - {"using":"xpath","value":"//span[contains(text(), \"Input (10001010) 10001010 - Purchasing\")]"}
RESULT: {"using":"xpath","value":"//span[contains(text(), \"Input (10001010) 10001010 - Purchasing\")]"}
COMMAND: POST /session/9922d70a8c737b1f7759c684aa08a55f/elements - {"using":"xpath","value":"//span[contains(text(), \"Input (10001010) 10001010 - Purchasing\")]"}
RESULT: {"using":"xpath","value":"//span[contains(text(), \"Input (10001010) 10001010 - Purchasing\")]"}
COMMAND: POST /session/9922d70a8c737b1f7759c684aa08a55f/elements - {"using":"xpath","value":"//span[contains(text(), \"Input (10001010) 10001010 - Purchasing\")]"}
RESULT: {"using":"xpath","value":"//span[contains(text(), \"Input (10001010) 10001010 - Purchasing\")]"}
COMMAND: POST /session/9922d70a8c737b1f7759c684aa08a55f/elements - {"using":"xpath","value":"//span[contains(text(), \"Input (10001010) 10001010 - Purchasing\")]"}
RESULT: {"using":"xpath","value":"//span[contains(text(), \"Input (10001010) 10001010 - Purchasing\")]"}
COMMAND: POST /session/9922d70a8c737b1f7759c684aa08a55f/elements - {"using":"xpath","value":"//span[contains(text(), \"Input (10001010) 10001010 - Purchasing\")]"}
RESULT: {"using":"xpath","value":"//span[contains(text(), \"Input (10001010) 10001010 - Purchasing\")]"}
COMMAND: POST /session/9922d70a8c737b1f7759c684aa08a55f/elements - {"using":"xpath","value":"//span[contains(text(), \"Input (10001010) 10001010 - Purchasing\")]"}
RESULT: {"using":"xpath","value":"//span[contains(text(), \"Input (10001010) 10001010 - Purchasing\")]"}
COMMAND: DELETE /session/9922d70a8c737b1f7759c684aa08a55f - {}
RESULT: {}
]]></system-out>
    </testcase>
  </testsuite>
</testsuites>