<?xml version="1.0" encoding="UTF-8"?>
<testsuites tests="80" failures="1" errors="1" skipped="0">
  <testsuite timestamp="2025-05-21T16:18:40" time="789.717" tests="8" failures="0" errors="0" skipped="0">
    <properties>
      <property name="specId" value="0"/>
      <property name="suiteName" value="Stock increase - with WHM US125587"/>
      <property name="capabilities" value="chrome.136_0_7103_93.windows"/>
      <property name="file" value="file:///D:/a/1/s/test/specs/HTR/stock-increase.spec.js"/>
    </properties>
    <testcase classname="chrome.136_0_7103_93.windows.Stock_increase_-_with_WHM_US125587" name="Should create a new WHM yard" time="129.347">
      <system-out><![CDATA[
COMMAND: POST /session/7d4ef5db813d7a6cede0ad9a34edc09c/window/fullscreen - {}
RESULT: {}
COMMAND: POST /session/7d4ef5db813d7a6cede0ad9a34edc09c/execute/async - {"script":"<script> [1562 bytes]","args":[{"selector":{"controlType":"sap.m.GenericTile","properties":{"header":"Manage Yards"}},"wdio_ui5_key":"sapm.GenericTile{\"header\":\"Manage Yards\"}"}]}
RESULT: {"script":"<script> [1562 bytes]","args":[{"selector":{"controlType":"sap.m.GenericTile","properties":{"header":"Manage Yards"}},"wdio_ui5_key":"sapm.GenericTile{\"header\":\"Manage Yards\"}"}]}
RESULT: undefined
COMMAND: POST /session/7d4ef5db813d7a6cede0ad9a34edc09c/element - {"using":"xpath","value":"//*[@id=\"__tile41\"]"}
RESULT: {"using":"xpath","value":"//*[@id=\"__tile41\"]"}
COMMAND: POST /session/7d4ef5db813d7a6cede0ad9a34edc09c/element/f.A871513E4156B49FEA6A1325266FBBC5.d.D2482B9A0456A307A031AC8ED5F6A95C.e.124/click - {}
RESULT: {}
COMMAND: GET /session/7d4ef5db813d7a6cede0ad9a34edc09c/screenshot - {}
RESULT: {}
COMMAND: POST /session/7d4ef5db813d7a6cede0ad9a34edc09c/elements - {"using":"xpath","value":"//span[text()='Error']"}
RESULT: {"using":"xpath","value":"//span[text()='Error']"}
COMMAND: POST /session/7d4ef5db813d7a6cede0ad9a34edc09c/element - {"using":"xpath","value":"//button[@data-kt=\"addNewYardOverflowToolbarButton\"]"}
RESULT: {"using":"xpath","value":"//button[@data-kt=\"addNewYardOverflowToolbarButton\"]"}
COMMAND: POST /session/7d4ef5db813d7a6cede0ad9a34edc09c/elements - {"using":"xpath","value":"//button[@data-kt=\"addNewYardOverflowToolbarButton\"]"}
RESULT: {"using":"xpath","value":"//button[@data-kt=\"addNewYardOverflowToolbarButton\"]"}
COMMAND: POST /session/7d4ef5db813d7a6cede0ad9a34edc09c/elements - {"using":"xpath","value":"//button[@data-kt=\"addNewYardOverflowToolbarButton\"]"}
RESULT: {"using":"xpath","value":"//button[@data-kt=\"addNewYardOverflowToolbarButton\"]"}
COMMAND: POST /session/7d4ef5db813d7a6cede0ad9a34edc09c/elements - {"using":"xpath","value":"//button[@data-kt=\"addNewYardOverflowToolbarButton\"]"}
RESULT: {"using":"xpath","value":"//button[@data-kt=\"addNewYardOverflowToolbarButton\"]"}
COMMAND: POST /session/7d4ef5db813d7a6cede0ad9a34edc09c/elements - {"using":"xpath","value":"//button[@data-kt=\"addNewYardOverflowToolbarButton\"]"}
RESULT: {"using":"xpath","value":"//button[@data-kt=\"addNewYardOverflowToolbarButton\"]"}
COMMAND: POST /session/7d4ef5db813d7a6cede0ad9a34edc09c/elements - {"using":"xpath","value":"//button[@data-kt=\"addNewYardOverflowToolbarButton\"]"}
RESULT: {"using":"xpath","value":"//button[@data-kt=\"addNewYardOverflowToolbarButton\"]"}
COMMAND: POST /session/7d4ef5db813d7a6cede0ad9a34edc09c/elements - {"using":"xpath","value":"//button[@data-kt=\"addNewYardOverflowToolbarButton\"]"}
RESULT: {"using":"xpath","value":"//button[@data-kt=\"addNewYardOverflowToolbarButton\"]"}
COMMAND: POST /session/7d4ef5db813d7a6cede0ad9a34edc09c/elements - {"using":"xpath","value":"//button[@data-kt=\"addNewYardOverflowToolbarButton\"]"}
RESULT: {"using":"xpath","value":"//button[@data-kt=\"addNewYardOverflowToolbarButton\"]"}
COMMAND: POST /session/7d4ef5db813d7a6cede0ad9a34edc09c/elements - {"using":"xpath","value":"//button[@data-kt=\"addNewYardOverflowToolbarButton\"]"}
RESULT: {"using":"xpath","value":"//button[@data-kt=\"addNewYardOverflowToolbarButton\"]"}
COMMAND: POST /session/7d4ef5db813d7a6cede0ad9a34edc09c/elements - {"using":"xpath","value":"//button[@data-kt=\"addNewYardOverflowToolbarButton\"]"}
RESULT: {"using":"xpath","value":"//button[@data-kt=\"addNewYardOverflowToolbarButton\"]"}
COMMAND: POST /session/7d4ef5db813d7a6cede0ad9a34edc09c/element - {"using":"xpath","value":"//button[@data-kt=\"addNewYardOverflowToolbarButton\"]"}
RESULT: {"using":"xpath","value":"//button[@data-kt=\"addNewYardOverflowToolbarButton\"]"}
COMMAND: POST /session/7d4ef5db813d7a6cede0ad9a34edc09c/execute/sync - {"script":"<script> [8489 bytes]","args":[{"element-6066-11e4-a52e-4f735466cecf":"f.A871513E4156B49FEA6A1325266FBBC5.d.D2482B9A0456A307A031AC8ED5F6A95C.e.255","ELEMENT":"f.A871513E4156B49FEA6A1325266FBBC5.d.D2482B9A0456A307A031AC8ED5F6A95C.e.255"}]}
RESULT: {"script":"<script> [8489 bytes]","args":[{"element-6066-11e4-a52e-4f735466cecf":"f.A871513E4156B49FEA6A1325266FBBC5.d.D2482B9A0456A307A031AC8ED5F6A95C.e.255","ELEMENT":"f.A871513E4156B49FEA6A1325266FBBC5.d.D2482B9A0456A307A031AC8ED5F6A95C.e.255"}]}
COMMAND: GET /session/7d4ef5db813d7a6cede0ad9a34edc09c/element/f.A871513E4156B49FEA6A1325266FBBC5.d.D2482B9A0456A307A031AC8ED5F6A95C.e.255/enabled - {}
COMMAND: GET /session/7d4ef5db813d7a6cede0ad9a34edc09c/screenshot - {}
RESULT: {}
COMMAND: POST /session/7d4ef5db813d7a6cede0ad9a34edc09c/execute/sync - {"script":"<script> [8489 bytes]","args":[{"element-6066-11e4-a52e-4f735466cecf":"f.A871513E4156B49FEA6A1325266FBBC5.d.D2482B9A0456A307A031AC8ED5F6A95C.e.255","ELEMENT":"f.A871513E4156B49FEA6A1325266FBBC5.d.D2482B9A0456A307A031AC8ED5F6A95C.e.255"}]}
COMMAND: GET /session/7d4ef5db813d7a6cede0ad9a34edc09c/screenshot - {}
RESULT: {}
RESULT: {"script":"<script> [8489 bytes]","args":[{"element-6066-11e4-a52e-4f735466cecf":"f.A871513E4156B49FEA6A1325266FBBC5.d.D2482B9A0456A307A031AC8ED5F6A95C.e.255","ELEMENT":"f.A871513E4156B49FEA6A1325266FBBC5.d.D2482B9A0456A307A031AC8ED5F6A95C.e.255"}]}
COMMAND: POST /session/7d4ef5db813d7a6cede0ad9a34edc09c/execute/sync - {"script":"<script> [5351 bytes]","args":[{"element-6066-11e4-a52e-4f735466cecf":"f.A871513E4156B49FEA6A1325266FBBC5.d.D2482B9A0456A307A031AC8ED5F6A95C.e.255","ELEMENT":"f.A871513E4156B49FEA6A1325266FBBC5.d.D2482B9A0456A307A031AC8ED5F6A95C.e.255"}]}
COMMAND: GET /session/7d4ef5db813d7a6cede0ad9a34edc09c/screenshot - {}
RESULT: {}
RESULT: {"script":"<script> [5351 bytes]","args":[{"element-6066-11e4-a52e-4f735466cecf":"f.A871513E4156B49FEA6A1325266FBBC5.d.D2482B9A0456A307A031AC8ED5F6A95C.e.255","ELEMENT":"f.A871513E4156B49FEA6A1325266FBBC5.d.D2482B9A0456A307A031AC8ED5F6A95C.e.255"}]}
COMMAND: POST /session/7d4ef5db813d7a6cede0ad9a34edc09c/element/f.A871513E4156B49FEA6A1325266FBBC5.d.D2482B9A0456A307A031AC8ED5F6A95C.e.255/click - {}
COMMAND: GET /session/7d4ef5db813d7a6cede0ad9a34edc09c/screenshot - {}
RESULT: {}
RESULT: {}
COMMAND: GET /session/7d4ef5db813d7a6cede0ad9a34edc09c/screenshot - {}
RESULT: {}
RESULT: {}
COMMAND: POST /session/7d4ef5db813d7a6cede0ad9a34edc09c/element - {"using":"xpath","value":"//input[@id=\"application-manageyards-display-component---NewYard--yardId-inner\"]"}
RESULT: {"using":"xpath","value":"//input[@id=\"application-manageyards-display-component---NewYard--yardId-inner\"]"}
COMMAND: POST /session/7d4ef5db813d7a6cede0ad9a34edc09c/element - {"using":"xpath","value":"//input[@id=\"application-manageyards-display-component---NewYard--yardId-inner\"]"}
RESULT: {"using":"xpath","value":"//input[@id=\"application-manageyards-display-component---NewYard--yardId-inner\"]"}
COMMAND: POST /session/7d4ef5db813d7a6cede0ad9a34edc09c/execute/async - {"script":"<script> [1562 bytes]","args":[{"selector":{"id":"application-manageyards-display-component---NewYard--addressDetailDetailsName1","interaction":{"idSuffix":"inner"}},"wdio_ui5_key":"applicationmanageyards-display-component---NewYard--addressDetailDetailsName1"}]}
RESULT: {"script":"<script> [1562 bytes]","args":[{"selector":{"id":"application-manageyards-display-component---NewYard--addressDetailDetailsName1","interaction":{"idSuffix":"inner"}},"wdio_ui5_key":"applicationmanageyards-display-component---NewYard--addressDetailDetailsName1"}]}
RESULT: undefined
COMMAND: POST /session/7d4ef5db813d7a6cede0ad9a34edc09c/execute/async - {"script":"<script> [776 bytes]","args":[{"enterText":"Warehouse Managed WDIO","selector":{"id":"application-manageyards-display-component---NewYard--addressDetailDetailsName1","interaction":{"idSuffix":"inner"}},"clearTextFirst":true,"interactionType":"ENTER_TEXT"}]}
RESULT: {"script":"<script> [776 bytes]","args":[{"enterText":"Warehouse Managed WDIO","selector":{"id":"application-manageyards-display-component---NewYard--addressDetailDetailsName1","interaction":{"idSuffix":"inner"}},"clearTextFirst":true,"interactionType":"ENTER_TEXT"}]}
COMMAND: POST /session/7d4ef5db813d7a6cede0ad9a34edc09c/execute/async - {"script":"<script> [1562 bytes]","args":[{"selector":{"id":"application-manageyards-display-component---NewYard--addressDetailDetailsLanguage-arrow"},"wdio_ui5_key":"applicationmanageyards-display-component---NewYard--addressDetailDetailsLanguage-arrow"}]}
RESULT: {"script":"<script> [1562 bytes]","args":[{"selector":{"id":"application-manageyards-display-component---NewYard--addressDetailDetailsLanguage-arrow"},"wdio_ui5_key":"applicationmanageyards-display-component---NewYard--addressDetailDetailsLanguage-arrow"}]}
RESULT: undefined
COMMAND: POST /session/7d4ef5db813d7a6cede0ad9a34edc09c/element - {"using":"xpath","value":"//*[@id=\"application-manageyards-display-component---NewYard--addressDetailDetailsLanguage-arrow\"]"}
RESULT: {"using":"xpath","value":"//*[@id=\"application-manageyards-display-component---NewYard--addressDetailDetailsLanguage-arrow\"]"}
COMMAND: POST /session/7d4ef5db813d7a6cede0ad9a34edc09c/element/f.A871513E4156B49FEA6A1325266FBBC5.d.D2482B9A0456A307A031AC8ED5F6A95C.e.687/click - {}
RESULT: {}
COMMAND: POST /session/7d4ef5db813d7a6cede0ad9a34edc09c/element - {"using":"xpath","value":"//span[contains(text(), \"English\")]"}
COMMAND: GET /session/7d4ef5db813d7a6cede0ad9a34edc09c/screenshot - {}
RESULT: {"using":"xpath","value":"//span[contains(text(), \"English\")]"}
COMMAND: POST /session/7d4ef5db813d7a6cede0ad9a34edc09c/element/f.A871513E4156B49FEA6A1325266FBBC5.d.D2482B9A0456A307A031AC8ED5F6A95C.e.688/click - {}
RESULT: {}
RESULT: {}
COMMAND: POST /session/7d4ef5db813d7a6cede0ad9a34edc09c/execute/async - {"script":"<script> [1562 bytes]","args":[{"selector":{"id":"application-manageyards-display-component---NewYard--addressDetailDetailsCity1","interaction":{"idSuffix":"inner"}},"wdio_ui5_key":"applicationmanageyards-display-component---NewYard--addressDetailDetailsCity1"}]}
COMMAND: GET /session/7d4ef5db813d7a6cede0ad9a34edc09c/screenshot - {}
RESULT: {"script":"<script> [1562 bytes]","args":[{"selector":{"id":"application-manageyards-display-component---NewYard--addressDetailDetailsCity1","interaction":{"idSuffix":"inner"}},"wdio_ui5_key":"applicationmanageyards-display-component---NewYard--addressDetailDetailsCity1"}]}
RESULT: undefined
COMMAND: POST /session/7d4ef5db813d7a6cede0ad9a34edc09c/execute/async - {"script":"<script> [776 bytes]","args":[{"enterText":"Rosario","selector":{"id":"application-manageyards-display-component---NewYard--addressDetailDetailsCity1","interaction":{"idSuffix":"inner"}},"clearTextFirst":true,"interactionType":"ENTER_TEXT"}]}
RESULT: {}
RESULT: {"script":"<script> [776 bytes]","args":[{"enterText":"Rosario","selector":{"id":"application-manageyards-display-component---NewYard--addressDetailDetailsCity1","interaction":{"idSuffix":"inner"}},"clearTextFirst":true,"interactionType":"ENTER_TEXT"}]}
COMMAND: POST /session/7d4ef5db813d7a6cede0ad9a34edc09c/execute/async - {"script":"<script> [1562 bytes]","args":[{"selector":{"id":"application-manageyards-display-component---NewYard--addressDetailDetailsCountry-arrow"},"wdio_ui5_key":"applicationmanageyards-display-component---NewYard--addressDetailDetailsCountry-arrow"}]}
RESULT: {"script":"<script> [1562 bytes]","args":[{"selector":{"id":"application-manageyards-display-component---NewYard--addressDetailDetailsCountry-arrow"},"wdio_ui5_key":"applicationmanageyards-display-component---NewYard--addressDetailDetailsCountry-arrow"}]}
RESULT: undefined
COMMAND: POST /session/7d4ef5db813d7a6cede0ad9a34edc09c/element - {"using":"xpath","value":"//*[@id=\"application-manageyards-display-component---NewYard--addressDetailDetailsCountry-arrow\"]"}
RESULT: {"using":"xpath","value":"//*[@id=\"application-manageyards-display-component---NewYard--addressDetailDetailsCountry-arrow\"]"}
COMMAND: POST /session/7d4ef5db813d7a6cede0ad9a34edc09c/element/f.A871513E4156B49FEA6A1325266FBBC5.d.D2482B9A0456A307A031AC8ED5F6A95C.e.690/click - {}
RESULT: {}
COMMAND: POST /session/7d4ef5db813d7a6cede0ad9a34edc09c/element - {"using":"xpath","value":"//span[contains(text(), \"Argentina\")]"}
COMMAND: GET /session/7d4ef5db813d7a6cede0ad9a34edc09c/screenshot - {}
RESULT: {"using":"xpath","value":"//span[contains(text(), \"Argentina\")]"}
COMMAND: POST /session/7d4ef5db813d7a6cede0ad9a34edc09c/element/f.A871513E4156B49FEA6A1325266FBBC5.d.D2482B9A0456A307A031AC8ED5F6A95C.e.691/click - {}
RESULT: {}
RESULT: {}
COMMAND: POST /session/7d4ef5db813d7a6cede0ad9a34edc09c/execute/async - {"script":"<script> [1562 bytes]","args":[{"selector":{"id":"application-manageyards-display-component---NewYard--addressEditDetailsCostObjectCstType-arrow"},"wdio_ui5_key":"applicationmanageyards-display-component---NewYard--addressEditDetailsCostObjectCstType-arrow"}]}
COMMAND: GET /session/7d4ef5db813d7a6cede0ad9a34edc09c/screenshot - {}
RESULT: {"script":"<script> [1562 bytes]","args":[{"selector":{"id":"application-manageyards-display-component---NewYard--addressEditDetailsCostObjectCstType-arrow"},"wdio_ui5_key":"applicationmanageyards-display-component---NewYard--addressEditDetailsCostObjectCstType-arrow"}]}
RESULT: undefined
COMMAND: POST /session/7d4ef5db813d7a6cede0ad9a34edc09c/element - {"using":"xpath","value":"//*[@id=\"application-manageyards-display-component---NewYard--addressEditDetailsCostObjectCstType-arrow\"]"}
RESULT: {}
RESULT: {"using":"xpath","value":"//*[@id=\"application-manageyards-display-component---NewYard--addressEditDetailsCostObjectCstType-arrow\"]"}
COMMAND: POST /session/7d4ef5db813d7a6cede0ad9a34edc09c/element/f.A871513E4156B49FEA6A1325266FBBC5.d.D2482B9A0456A307A031AC8ED5F6A95C.e.693/click - {}
RESULT: {}
COMMAND: POST /session/7d4ef5db813d7a6cede0ad9a34edc09c/element - {"using":"xpath","value":"//span[contains(text(), \"Cost Center\")]"}
COMMAND: GET /session/7d4ef5db813d7a6cede0ad9a34edc09c/screenshot - {}
RESULT: {"using":"xpath","value":"//span[contains(text(), \"Cost Center\")]"}
COMMAND: POST /session/7d4ef5db813d7a6cede0ad9a34edc09c/element/f.A871513E4156B49FEA6A1325266FBBC5.d.D2482B9A0456A307A031AC8ED5F6A95C.e.694/click - {}
RESULT: {}
RESULT: {}
COMMAND: GET /session/7d4ef5db813d7a6cede0ad9a34edc09c/screenshot - {}
RESULT: {}
COMMAND: POST /session/7d4ef5db813d7a6cede0ad9a34edc09c/element - {"using":"xpath","value":"//span[@id=\"application-manageyards-display-component---NewYard--addressNewCostObjectCstID-vhi\"]"}
RESULT: {"using":"xpath","value":"//span[@id=\"application-manageyards-display-component---NewYard--addressNewCostObjectCstID-vhi\"]"}
COMMAND: POST /session/7d4ef5db813d7a6cede0ad9a34edc09c/execute/sync - {"script":"<script> [8489 bytes]","args":[{"element-6066-11e4-a52e-4f735466cecf":"f.A871513E4156B49FEA6A1325266FBBC5.d.D2482B9A0456A307A031AC8ED5F6A95C.e.698","ELEMENT":"f.A871513E4156B49FEA6A1325266FBBC5.d.D2482B9A0456A307A031AC8ED5F6A95C.e.698"}]}
RESULT: {"script":"<script> [8489 bytes]","args":[{"element-6066-11e4-a52e-4f735466cecf":"f.A871513E4156B49FEA6A1325266FBBC5.d.D2482B9A0456A307A031AC8ED5F6A95C.e.698","ELEMENT":"f.A871513E4156B49FEA6A1325266FBBC5.d.D2482B9A0456A307A031AC8ED5F6A95C.e.698"}]}
COMMAND: POST /session/7d4ef5db813d7a6cede0ad9a34edc09c/execute/async - {"script":"<script> [1562 bytes]","args":[{"selector":{"id":"application-manageyards-display-component---NewYard--addressNewCostObjectCstID-vhi"},"wdio_ui5_key":"applicationmanageyards-display-component---NewYard--addressNewCostObjectCstID-vhi"}]}
COMMAND: GET /session/7d4ef5db813d7a6cede0ad9a34edc09c/screenshot - {}
RESULT: {"script":"<script> [1562 bytes]","args":[{"selector":{"id":"application-manageyards-display-component---NewYard--addressNewCostObjectCstID-vhi"},"wdio_ui5_key":"applicationmanageyards-display-component---NewYard--addressNewCostObjectCstID-vhi"}]}
RESULT: undefined
COMMAND: POST /session/7d4ef5db813d7a6cede0ad9a34edc09c/element - {"using":"xpath","value":"//*[@id=\"application-manageyards-display-component---NewYard--addressNewCostObjectCstID-vhi\"]"}
RESULT: {}
RESULT: {"using":"xpath","value":"//*[@id=\"application-manageyards-display-component---NewYard--addressNewCostObjectCstID-vhi\"]"}
COMMAND: POST /session/7d4ef5db813d7a6cede0ad9a34edc09c/element/f.A871513E4156B49FEA6A1325266FBBC5.d.D2482B9A0456A307A031AC8ED5F6A95C.e.698/click - {}
RESULT: {}
COMMAND: GET /session/7d4ef5db813d7a6cede0ad9a34edc09c/screenshot - {}
RESULT: {}
COMMAND: POST /session/7d4ef5db813d7a6cede0ad9a34edc09c/execute/async - {"script":"<script> [1562 bytes]","args":[{"selector":{"controlType":"sap.m.SearchField","properties":{"placeholder":"Search"},"searchOpenDialogs":true,"interaction":{"idSuffix":"I"}},"wdio_ui5_key":"sapm.SearchField{\"placeholder\":\"Search\"}"}]}
RESULT: {"script":"<script> [1562 bytes]","args":[{"selector":{"controlType":"sap.m.SearchField","properties":{"placeholder":"Search"},"searchOpenDialogs":true,"interaction":{"idSuffix":"I"}},"wdio_ui5_key":"sapm.SearchField{\"placeholder\":\"Search\"}"}]}
RESULT: undefined
COMMAND: POST /session/7d4ef5db813d7a6cede0ad9a34edc09c/execute/async - {"script":"<script> [776 bytes]","args":[{"enterText":"bauh_b","selector":{"controlType":"sap.m.SearchField","properties":{"placeholder":"Search"},"searchOpenDialogs":true,"interaction":{"idSuffix":"I"}},"clearTextFirst":true,"interactionType":"ENTER_TEXT"}]}
RESULT: {"script":"<script> [776 bytes]","args":[{"enterText":"bauh_b","selector":{"controlType":"sap.m.SearchField","properties":{"placeholder":"Search"},"searchOpenDialogs":true,"interaction":{"idSuffix":"I"}},"clearTextFirst":true,"interactionType":"ENTER_TEXT"}]}
COMMAND: POST /session/7d4ef5db813d7a6cede0ad9a34edc09c/actions - {"actions":[{"id":"action1","type":"key","parameters":{},"actions":[{"type":"keyDown","value":""},{"type":"pause","duration":10},{"type":"keyUp","value":""}]}]}
RESULT: {"actions":[{"id":"action1","type":"key","parameters":{},"actions":[{"type":"keyDown","value":""},{"type":"pause","duration":10},{"type":"keyUp","value":""}]}]}
COMMAND: GET /session/7d4ef5db813d7a6cede0ad9a34edc09c/screenshot - {}
RESULT: {}
COMMAND: POST /session/7d4ef5db813d7a6cede0ad9a34edc09c/element - {"using":"xpath","value":"//span[contains(text(), \"Demo Yard\")]"}
RESULT: {"using":"xpath","value":"//span[contains(text(), \"Demo Yard\")]"}
COMMAND: POST /session/7d4ef5db813d7a6cede0ad9a34edc09c/element/f.A871513E4156B49FEA6A1325266FBBC5.d.D2482B9A0456A307A031AC8ED5F6A95C.e.739/click - {}
RESULT: {}
COMMAND: GET /session/7d4ef5db813d7a6cede0ad9a34edc09c/screenshot - {}
RESULT: {}
COMMAND: POST /session/7d4ef5db813d7a6cede0ad9a34edc09c/element - {"using":"xpath","value":"//bdi[contains(text(), \"OK\")]"}
RESULT: {"using":"xpath","value":"//bdi[contains(text(), \"OK\")]"}
COMMAND: POST /session/7d4ef5db813d7a6cede0ad9a34edc09c/element/f.A871513E4156B49FEA6A1325266FBBC5.d.D2482B9A0456A307A031AC8ED5F6A95C.e.740/click - {}
RESULT: {}
COMMAND: GET /session/7d4ef5db813d7a6cede0ad9a34edc09c/screenshot - {}
RESULT: {}
COMMAND: POST /session/7d4ef5db813d7a6cede0ad9a34edc09c/execute/async - {"script":"<script> [1562 bytes]","args":[{"selector":{"id":"application-manageyards-display-component---NewYard--addressEditDetailsCurrency-arrow"},"wdio_ui5_key":"applicationmanageyards-display-component---NewYard--addressEditDetailsCurrency-arrow"}]}
RESULT: {"script":"<script> [1562 bytes]","args":[{"selector":{"id":"application-manageyards-display-component---NewYard--addressEditDetailsCurrency-arrow"},"wdio_ui5_key":"applicationmanageyards-display-component---NewYard--addressEditDetailsCurrency-arrow"}]}
RESULT: undefined
COMMAND: POST /session/7d4ef5db813d7a6cede0ad9a34edc09c/element - {"using":"xpath","value":"//*[@id=\"application-manageyards-display-component---NewYard--addressEditDetailsCurrency-arrow\"]"}
RESULT: {"using":"xpath","value":"//*[@id=\"application-manageyards-display-component---NewYard--addressEditDetailsCurrency-arrow\"]"}
COMMAND: POST /session/7d4ef5db813d7a6cede0ad9a34edc09c/element/f.A871513E4156B49FEA6A1325266FBBC5.d.D2482B9A0456A307A031AC8ED5F6A95C.e.743/click - {}
RESULT: {}
COMMAND: POST /session/7d4ef5db813d7a6cede0ad9a34edc09c/element - {"using":"xpath","value":"//span[contains(text(), \"Euro\")]"}
COMMAND: GET /session/7d4ef5db813d7a6cede0ad9a34edc09c/screenshot - {}
RESULT: {"using":"xpath","value":"//span[contains(text(), \"Euro\")]"}
COMMAND: POST /session/7d4ef5db813d7a6cede0ad9a34edc09c/element/f.A871513E4156B49FEA6A1325266FBBC5.d.D2482B9A0456A307A031AC8ED5F6A95C.e.744/click - {}
RESULT: {}
RESULT: {}
COMMAND: POST /session/7d4ef5db813d7a6cede0ad9a34edc09c/execute/async - {"script":"<script> [1562 bytes]","args":[{"selector":{"controlType":"sap.m.Input","viewName":"etm.portal.ui.manageyards.view.New","viewId":"application-manageyards-display-component---NewYard","bindingPath":{"path":"","propertyPath":"/CONTROLLING_AREA","modelName":"NewYardModel"},"interaction":{"idSuffix":"inner"}},"wdio_ui5_key":"etmportal.ui.manageyards.view.Newsap.m.Input{\"path\":\"\",\"propertyPath\":\"/CONTROLLING_AREA\",\"modelName\":\"NewYardModel\"}"}]}
COMMAND: GET /session/7d4ef5db813d7a6cede0ad9a34edc09c/screenshot - {}
RESULT: {"script":"<script> [1562 bytes]","args":[{"selector":{"controlType":"sap.m.Input","viewName":"etm.portal.ui.manageyards.view.New","viewId":"application-manageyards-display-component---NewYard","bindingPath":{"path":"","propertyPath":"/CONTROLLING_AREA","modelName":"NewYardModel"},"interaction":{"idSuffix":"inner"}},"wdio_ui5_key":"etmportal.ui.manageyards.view.Newsap.m.Input{\"path\":\"\",\"propertyPath\":\"/CONTROLLING_AREA\",\"modelName\":\"NewYardModel\"}"}]}
RESULT: undefined
COMMAND: POST /session/7d4ef5db813d7a6cede0ad9a34edc09c/execute/async - {"script":"<script> [776 bytes]","args":[{"enterText":"Z001","selector":{"controlType":"sap.m.Input","viewName":"etm.portal.ui.manageyards.view.New","viewId":"application-manageyards-display-component---NewYard","bindingPath":{"path":"","propertyPath":"/CONTROLLING_AREA","modelName":"NewYardModel"},"interaction":{"idSuffix":"inner"}},"clearTextFirst":true,"interactionType":"ENTER_TEXT"}]}
RESULT: {}
RESULT: {"script":"<script> [776 bytes]","args":[{"enterText":"Z001","selector":{"controlType":"sap.m.Input","viewName":"etm.portal.ui.manageyards.view.New","viewId":"application-manageyards-display-component---NewYard","bindingPath":{"path":"","propertyPath":"/CONTROLLING_AREA","modelName":"NewYardModel"},"interaction":{"idSuffix":"inner"}},"clearTextFirst":true,"interactionType":"ENTER_TEXT"}]}
COMMAND: POST /session/7d4ef5db813d7a6cede0ad9a34edc09c/execute/async - {"script":"<script> [1562 bytes]","args":[{"selector":{"id":"application-manageyards-display-component---NewYard--companyCodeComboBox","interaction":{"idSuffix":"inner"}},"wdio_ui5_key":"applicationmanageyards-display-component---NewYard--companyCodeComboBox"}]}
RESULT: {"script":"<script> [1562 bytes]","args":[{"selector":{"id":"application-manageyards-display-component---NewYard--companyCodeComboBox","interaction":{"idSuffix":"inner"}},"wdio_ui5_key":"applicationmanageyards-display-component---NewYard--companyCodeComboBox"}]}
RESULT: undefined
COMMAND: POST /session/7d4ef5db813d7a6cede0ad9a34edc09c/execute/async - {"script":"<script> [776 bytes]","args":[{"enterText":"1000","selector":{"id":"application-manageyards-display-component---NewYard--companyCodeComboBox","interaction":{"idSuffix":"inner"}},"clearTextFirst":true,"interactionType":"ENTER_TEXT"}]}
RESULT: {"script":"<script> [776 bytes]","args":[{"enterText":"1000","selector":{"id":"application-manageyards-display-component---NewYard--companyCodeComboBox","interaction":{"idSuffix":"inner"}},"clearTextFirst":true,"interactionType":"ENTER_TEXT"}]}
COMMAND: POST /session/7d4ef5db813d7a6cede0ad9a34edc09c/execute/async - {"script":"<script> [1562 bytes]","args":[{"selector":{"controlType":"sap.m.Input","viewName":"etm.portal.ui.manageyards.view.New","viewId":"application-manageyards-display-component---NewYard","bindingPath":{"path":"","propertyPath":"/PLANT","modelName":"NewYardModel"},"interaction":{"idSuffix":"inner"}},"wdio_ui5_key":"etmportal.ui.manageyards.view.Newsap.m.Input{\"path\":\"\",\"propertyPath\":\"/PLANT\",\"modelName\":\"NewYardModel\"}"}]}
RESULT: {"script":"<script> [1562 bytes]","args":[{"selector":{"controlType":"sap.m.Input","viewName":"etm.portal.ui.manageyards.view.New","viewId":"application-manageyards-display-component---NewYard","bindingPath":{"path":"","propertyPath":"/PLANT","modelName":"NewYardModel"},"interaction":{"idSuffix":"inner"}},"wdio_ui5_key":"etmportal.ui.manageyards.view.Newsap.m.Input{\"path\":\"\",\"propertyPath\":\"/PLANT\",\"modelName\":\"NewYardModel\"}"}]}
RESULT: undefined
COMMAND: POST /session/7d4ef5db813d7a6cede0ad9a34edc09c/execute/async - {"script":"<script> [776 bytes]","args":[{"enterText":"1001","selector":{"controlType":"sap.m.Input","viewName":"etm.portal.ui.manageyards.view.New","viewId":"application-manageyards-display-component---NewYard","bindingPath":{"path":"","propertyPath":"/PLANT","modelName":"NewYardModel"},"interaction":{"idSuffix":"inner"}},"clearTextFirst":true,"interactionType":"ENTER_TEXT"}]}
RESULT: {"script":"<script> [776 bytes]","args":[{"enterText":"1001","selector":{"controlType":"sap.m.Input","viewName":"etm.portal.ui.manageyards.view.New","viewId":"application-manageyards-display-component---NewYard","bindingPath":{"path":"","propertyPath":"/PLANT","modelName":"NewYardModel"},"interaction":{"idSuffix":"inner"}},"clearTextFirst":true,"interactionType":"ENTER_TEXT"}]}
COMMAND: POST /session/7d4ef5db813d7a6cede0ad9a34edc09c/execute/async - {"script":"<script> [1562 bytes]","args":[{"selector":{"controlType":"sap.m.Input","viewName":"etm.portal.ui.manageyards.view.New","viewId":"application-manageyards-display-component---NewYard","bindingPath":{"path":"","propertyPath":"/SALES_AREA_VKORG","modelName":"NewYardModel"},"interaction":{"idSuffix":"inner"}},"wdio_ui5_key":"etmportal.ui.manageyards.view.Newsap.m.Input{\"path\":\"\",\"propertyPath\":\"/SALES_AREA_VKORG\",\"modelName\":\"NewYardModel\"}"}]}
RESULT: {"script":"<script> [1562 bytes]","args":[{"selector":{"controlType":"sap.m.Input","viewName":"etm.portal.ui.manageyards.view.New","viewId":"application-manageyards-display-component---NewYard","bindingPath":{"path":"","propertyPath":"/SALES_AREA_VKORG","modelName":"NewYardModel"},"interaction":{"idSuffix":"inner"}},"wdio_ui5_key":"etmportal.ui.manageyards.view.Newsap.m.Input{\"path\":\"\",\"propertyPath\":\"/SALES_AREA_VKORG\",\"modelName\":\"NewYardModel\"}"}]}
RESULT: undefined
COMMAND: POST /session/7d4ef5db813d7a6cede0ad9a34edc09c/execute/async - {"script":"<script> [776 bytes]","args":[{"enterText":"C002","selector":{"controlType":"sap.m.Input","viewName":"etm.portal.ui.manageyards.view.New","viewId":"application-manageyards-display-component---NewYard","bindingPath":{"path":"","propertyPath":"/SALES_AREA_VKORG","modelName":"NewYardModel"},"interaction":{"idSuffix":"inner"}},"clearTextFirst":true,"interactionType":"ENTER_TEXT"}]}
RESULT: {"script":"<script> [776 bytes]","args":[{"enterText":"C002","selector":{"controlType":"sap.m.Input","viewName":"etm.portal.ui.manageyards.view.New","viewId":"application-manageyards-display-component---NewYard","bindingPath":{"path":"","propertyPath":"/SALES_AREA_VKORG","modelName":"NewYardModel"},"interaction":{"idSuffix":"inner"}},"clearTextFirst":true,"interactionType":"ENTER_TEXT"}]}
COMMAND: POST /session/7d4ef5db813d7a6cede0ad9a34edc09c/execute/async - {"script":"<script> [1562 bytes]","args":[{"selector":{"controlType":"sap.m.Input","viewName":"etm.portal.ui.manageyards.view.New","viewId":"application-manageyards-display-component---NewYard","bindingPath":{"path":"","propertyPath":"/SALES_AREA_VTWEG","modelName":"NewYardModel"},"interaction":{"idSuffix":"inner"}},"wdio_ui5_key":"etmportal.ui.manageyards.view.Newsap.m.Input{\"path\":\"\",\"propertyPath\":\"/SALES_AREA_VTWEG\",\"modelName\":\"NewYardModel\"}"}]}
RESULT: {"script":"<script> [1562 bytes]","args":[{"selector":{"controlType":"sap.m.Input","viewName":"etm.portal.ui.manageyards.view.New","viewId":"application-manageyards-display-component---NewYard","bindingPath":{"path":"","propertyPath":"/SALES_AREA_VTWEG","modelName":"NewYardModel"},"interaction":{"idSuffix":"inner"}},"wdio_ui5_key":"etmportal.ui.manageyards.view.Newsap.m.Input{\"path\":\"\",\"propertyPath\":\"/SALES_AREA_VTWEG\",\"modelName\":\"NewYardModel\"}"}]}
RESULT: undefined
COMMAND: POST /session/7d4ef5db813d7a6cede0ad9a34edc09c/execute/async - {"script":"<script> [776 bytes]","args":[{"enterText":"C2","selector":{"controlType":"sap.m.Input","viewName":"etm.portal.ui.manageyards.view.New","viewId":"application-manageyards-display-component---NewYard","bindingPath":{"path":"","propertyPath":"/SALES_AREA_VTWEG","modelName":"NewYardModel"},"interaction":{"idSuffix":"inner"}},"clearTextFirst":true,"interactionType":"ENTER_TEXT"}]}
RESULT: {"script":"<script> [776 bytes]","args":[{"enterText":"C2","selector":{"controlType":"sap.m.Input","viewName":"etm.portal.ui.manageyards.view.New","viewId":"application-manageyards-display-component---NewYard","bindingPath":{"path":"","propertyPath":"/SALES_AREA_VTWEG","modelName":"NewYardModel"},"interaction":{"idSuffix":"inner"}},"clearTextFirst":true,"interactionType":"ENTER_TEXT"}]}
COMMAND: POST /session/7d4ef5db813d7a6cede0ad9a34edc09c/execute/async - {"script":"<script> [1562 bytes]","args":[{"selector":{"controlType":"sap.m.Input","viewName":"etm.portal.ui.manageyards.view.New","viewId":"application-manageyards-display-component---NewYard","bindingPath":{"path":"","propertyPath":"/SALES_AREA_SPART","modelName":"NewYardModel"},"interaction":{"idSuffix":"inner"}},"wdio_ui5_key":"etmportal.ui.manageyards.view.Newsap.m.Input{\"path\":\"\",\"propertyPath\":\"/SALES_AREA_SPART\",\"modelName\":\"NewYardModel\"}"}]}
RESULT: {"script":"<script> [1562 bytes]","args":[{"selector":{"controlType":"sap.m.Input","viewName":"etm.portal.ui.manageyards.view.New","viewId":"application-manageyards-display-component---NewYard","bindingPath":{"path":"","propertyPath":"/SALES_AREA_SPART","modelName":"NewYardModel"},"interaction":{"idSuffix":"inner"}},"wdio_ui5_key":"etmportal.ui.manageyards.view.Newsap.m.Input{\"path\":\"\",\"propertyPath\":\"/SALES_AREA_SPART\",\"modelName\":\"NewYardModel\"}"}]}
RESULT: undefined
COMMAND: POST /session/7d4ef5db813d7a6cede0ad9a34edc09c/execute/async - {"script":"<script> [776 bytes]","args":[{"enterText":"C2","selector":{"controlType":"sap.m.Input","viewName":"etm.portal.ui.manageyards.view.New","viewId":"application-manageyards-display-component---NewYard","bindingPath":{"path":"","propertyPath":"/SALES_AREA_SPART","modelName":"NewYardModel"},"interaction":{"idSuffix":"inner"}},"clearTextFirst":true,"interactionType":"ENTER_TEXT"}]}
RESULT: {"script":"<script> [776 bytes]","args":[{"enterText":"C2","selector":{"controlType":"sap.m.Input","viewName":"etm.portal.ui.manageyards.view.New","viewId":"application-manageyards-display-component---NewYard","bindingPath":{"path":"","propertyPath":"/SALES_AREA_SPART","modelName":"NewYardModel"},"interaction":{"idSuffix":"inner"}},"clearTextFirst":true,"interactionType":"ENTER_TEXT"}]}
COMMAND: POST /session/7d4ef5db813d7a6cede0ad9a34edc09c/execute/async - {"script":"<script> [1562 bytes]","args":[{"selector":{"controlType":"sap.m.Input","viewName":"etm.portal.ui.manageyards.view.New","viewId":"application-manageyards-display-component---NewYard","bindingPath":{"path":"","propertyPath":"/SHIP_POINT","modelName":"NewYardModel"},"interaction":{"idSuffix":"inner"}},"wdio_ui5_key":"etmportal.ui.manageyards.view.Newsap.m.Input{\"path\":\"\",\"propertyPath\":\"/SHIP_POINT\",\"modelName\":\"NewYardModel\"}"}]}
RESULT: {"script":"<script> [1562 bytes]","args":[{"selector":{"controlType":"sap.m.Input","viewName":"etm.portal.ui.manageyards.view.New","viewId":"application-manageyards-display-component---NewYard","bindingPath":{"path":"","propertyPath":"/SHIP_POINT","modelName":"NewYardModel"},"interaction":{"idSuffix":"inner"}},"wdio_ui5_key":"etmportal.ui.manageyards.view.Newsap.m.Input{\"path\":\"\",\"propertyPath\":\"/SHIP_POINT\",\"modelName\":\"NewYardModel\"}"}]}
RESULT: undefined
COMMAND: POST /session/7d4ef5db813d7a6cede0ad9a34edc09c/execute/async - {"script":"<script> [776 bytes]","args":[{"enterText":"1710","selector":{"controlType":"sap.m.Input","viewName":"etm.portal.ui.manageyards.view.New","viewId":"application-manageyards-display-component---NewYard","bindingPath":{"path":"","propertyPath":"/SHIP_POINT","modelName":"NewYardModel"},"interaction":{"idSuffix":"inner"}},"clearTextFirst":true,"interactionType":"ENTER_TEXT"}]}
RESULT: {"script":"<script> [776 bytes]","args":[{"enterText":"1710","selector":{"controlType":"sap.m.Input","viewName":"etm.portal.ui.manageyards.view.New","viewId":"application-manageyards-display-component---NewYard","bindingPath":{"path":"","propertyPath":"/SHIP_POINT","modelName":"NewYardModel"},"interaction":{"idSuffix":"inner"}},"clearTextFirst":true,"interactionType":"ENTER_TEXT"}]}
COMMAND: POST /session/7d4ef5db813d7a6cede0ad9a34edc09c/execute/async - {"script":"<script> [1562 bytes]","args":[{"selector":{"controlType":"sap.m.Input","viewName":"etm.portal.ui.manageyards.view.New","viewId":"application-manageyards-display-component---NewYard","bindingPath":{"path":"","propertyPath":"/DELIVERY_TYPE","modelName":"NewYardModel"},"interaction":{"idSuffix":"inner"}},"wdio_ui5_key":"etmportal.ui.manageyards.view.Newsap.m.Input{\"path\":\"\",\"propertyPath\":\"/DELIVERY_TYPE\",\"modelName\":\"NewYardModel\"}"}]}
RESULT: {"script":"<script> [1562 bytes]","args":[{"selector":{"controlType":"sap.m.Input","viewName":"etm.portal.ui.manageyards.view.New","viewId":"application-manageyards-display-component---NewYard","bindingPath":{"path":"","propertyPath":"/DELIVERY_TYPE","modelName":"NewYardModel"},"interaction":{"idSuffix":"inner"}},"wdio_ui5_key":"etmportal.ui.manageyards.view.Newsap.m.Input{\"path\":\"\",\"propertyPath\":\"/DELIVERY_TYPE\",\"modelName\":\"NewYardModel\"}"}]}
RESULT: undefined
COMMAND: POST /session/7d4ef5db813d7a6cede0ad9a34edc09c/execute/async - {"script":"<script> [776 bytes]","args":[{"enterText":"ZL01","selector":{"controlType":"sap.m.Input","viewName":"etm.portal.ui.manageyards.view.New","viewId":"application-manageyards-display-component---NewYard","bindingPath":{"path":"","propertyPath":"/DELIVERY_TYPE","modelName":"NewYardModel"},"interaction":{"idSuffix":"inner"}},"clearTextFirst":true,"interactionType":"ENTER_TEXT"}]}
RESULT: {"script":"<script> [776 bytes]","args":[{"enterText":"ZL01","selector":{"controlType":"sap.m.Input","viewName":"etm.portal.ui.manageyards.view.New","viewId":"application-manageyards-display-component---NewYard","bindingPath":{"path":"","propertyPath":"/DELIVERY_TYPE","modelName":"NewYardModel"},"interaction":{"idSuffix":"inner"}},"clearTextFirst":true,"interactionType":"ENTER_TEXT"}]}
COMMAND: POST /session/7d4ef5db813d7a6cede0ad9a34edc09c/execute/async - {"script":"<script> [1562 bytes]","args":[{"selector":{"controlType":"sap.m.Input","viewName":"etm.portal.ui.manageyards.view.New","viewId":"application-manageyards-display-component---NewYard","bindingPath":{"path":"","propertyPath":"/AUART","modelName":"NewYardModel"},"interaction":{"idSuffix":"inner"}},"wdio_ui5_key":"etmportal.ui.manageyards.view.Newsap.m.Input{\"path\":\"\",\"propertyPath\":\"/AUART\",\"modelName\":\"NewYardModel\"}"}]}
RESULT: {"script":"<script> [1562 bytes]","args":[{"selector":{"controlType":"sap.m.Input","viewName":"etm.portal.ui.manageyards.view.New","viewId":"application-manageyards-display-component---NewYard","bindingPath":{"path":"","propertyPath":"/AUART","modelName":"NewYardModel"},"interaction":{"idSuffix":"inner"}},"wdio_ui5_key":"etmportal.ui.manageyards.view.Newsap.m.Input{\"path\":\"\",\"propertyPath\":\"/AUART\",\"modelName\":\"NewYardModel\"}"}]}
RESULT: undefined
COMMAND: POST /session/7d4ef5db813d7a6cede0ad9a34edc09c/execute/async - {"script":"<script> [776 bytes]","args":[{"enterText":"TA","selector":{"controlType":"sap.m.Input","viewName":"etm.portal.ui.manageyards.view.New","viewId":"application-manageyards-display-component---NewYard","bindingPath":{"path":"","propertyPath":"/AUART","modelName":"NewYardModel"},"interaction":{"idSuffix":"inner"}},"clearTextFirst":true,"interactionType":"ENTER_TEXT"}]}
RESULT: {"script":"<script> [776 bytes]","args":[{"enterText":"TA","selector":{"controlType":"sap.m.Input","viewName":"etm.portal.ui.manageyards.view.New","viewId":"application-manageyards-display-component---NewYard","bindingPath":{"path":"","propertyPath":"/AUART","modelName":"NewYardModel"},"interaction":{"idSuffix":"inner"}},"clearTextFirst":true,"interactionType":"ENTER_TEXT"}]}
COMMAND: POST /session/7d4ef5db813d7a6cede0ad9a34edc09c/execute/async - {"script":"<script> [1562 bytes]","args":[{"selector":{"id":"application-manageyards-display-component---NewYard--whmCheckBox","interaction":{"idSuffix":"CbBg"}},"wdio_ui5_key":"applicationmanageyards-display-component---NewYard--whmCheckBox"}]}
RESULT: {"script":"<script> [1562 bytes]","args":[{"selector":{"id":"application-manageyards-display-component---NewYard--whmCheckBox","interaction":{"idSuffix":"CbBg"}},"wdio_ui5_key":"applicationmanageyards-display-component---NewYard--whmCheckBox"}]}
RESULT: undefined
COMMAND: POST /session/7d4ef5db813d7a6cede0ad9a34edc09c/element - {"using":"xpath","value":"//*[@id=\"application-manageyards-display-component---NewYard--whmCheckBox\"]"}
RESULT: {"using":"xpath","value":"//*[@id=\"application-manageyards-display-component---NewYard--whmCheckBox\"]"}
COMMAND: POST /session/7d4ef5db813d7a6cede0ad9a34edc09c/element/f.A871513E4156B49FEA6A1325266FBBC5.d.D2482B9A0456A307A031AC8ED5F6A95C.e.764/click - {}
RESULT: {}
COMMAND: GET /session/7d4ef5db813d7a6cede0ad9a34edc09c/screenshot - {}
RESULT: {}
COMMAND: POST /session/7d4ef5db813d7a6cede0ad9a34edc09c/element - {"using":"xpath","value":"//button[@data-kt=\"newYardSaveButton\"]"}
RESULT: {"using":"xpath","value":"//button[@data-kt=\"newYardSaveButton\"]"}
COMMAND: POST /session/7d4ef5db813d7a6cede0ad9a34edc09c/element/f.A871513E4156B49FEA6A1325266FBBC5.d.D2482B9A0456A307A031AC8ED5F6A95C.e.641/click - {}
RESULT: {}
COMMAND: GET /session/7d4ef5db813d7a6cede0ad9a34edc09c/screenshot - {}
RESULT: {}
COMMAND: POST /session/7d4ef5db813d7a6cede0ad9a34edc09c/element - {"using":"xpath","value":"//header[contains(@id, 'ObjectPageLayout-headerTitle')]/div[1]/div[2]/div[1]/span[1]"}
RESULT: {"using":"xpath","value":"//header[contains(@id, 'ObjectPageLayout-headerTitle')]/div[1]/div[2]/div[1]/span[1]"}
COMMAND: POST /session/7d4ef5db813d7a6cede0ad9a34edc09c/elements - {"using":"xpath","value":"//header[contains(@id, 'ObjectPageLayout-headerTitle')]/div[1]/div[2]/div[1]/span[1]"}
RESULT: {"using":"xpath","value":"//header[contains(@id, 'ObjectPageLayout-headerTitle')]/div[1]/div[2]/div[1]/span[1]"}
COMMAND: POST /session/7d4ef5db813d7a6cede0ad9a34edc09c/execute/sync - {"script":"<script> [56 bytes]","args":[{"element-6066-11e4-a52e-4f735466cecf":"f.A871513E4156B49FEA6A1325266FBBC5.d.D2482B9A0456A307A031AC8ED5F6A95C.e.972","ELEMENT":"f.A871513E4156B49FEA6A1325266FBBC5.d.D2482B9A0456A307A031AC8ED5F6A95C.e.972"}]}
RESULT: {"script":"<script> [56 bytes]","args":[{"element-6066-11e4-a52e-4f735466cecf":"f.A871513E4156B49FEA6A1325266FBBC5.d.D2482B9A0456A307A031AC8ED5F6A95C.e.972","ELEMENT":"f.A871513E4156B49FEA6A1325266FBBC5.d.D2482B9A0456A307A031AC8ED5F6A95C.e.972"}]}
COMMAND: GET /session/7d4ef5db813d7a6cede0ad9a34edc09c/screenshot - {}
RESULT: {}
COMMAND: POST /session/7d4ef5db813d7a6cede0ad9a34edc09c/element - {"using":"css selector","value":"#shell-header-logo"}
RESULT: {"using":"css selector","value":"#shell-header-logo"}
COMMAND: POST /session/7d4ef5db813d7a6cede0ad9a34edc09c/element/f.A871513E4156B49FEA6A1325266FBBC5.d.D2482B9A0456A307A031AC8ED5F6A95C.e.225/click - {}
RESULT: {}
COMMAND: GET /session/7d4ef5db813d7a6cede0ad9a34edc09c/screenshot - {}
RESULT: {}
COMMAND: POST /session/7d4ef5db813d7a6cede0ad9a34edc09c/execute/sync - {"script":"<script> [299 bytes]","args":[["getModel","getResource"]]}
RESULT: {"script":"<script> [299 bytes]","args":[["getModel","getResource"]]}
]]></system-out>
    </testcase>
    <testcase classname="chrome.136_0_7103_93.windows.Stock_increase_-_with_WHM_US125587" name="Should create a new external WHM partner" time="95.739">
      <system-out><![CDATA[
COMMAND: POST /session/7d4ef5db813d7a6cede0ad9a34edc09c/window/fullscreen - {}
COMMAND: GET /session/7d4ef5db813d7a6cede0ad9a34edc09c/screenshot - {}
RESULT: {}
COMMAND: POST /session/7d4ef5db813d7a6cede0ad9a34edc09c/execute/async - {"script":"<script> [1562 bytes]","args":[{"selector":{"controlType":"sap.m.GenericTile","properties":{"header":"Manage Partners"}},"wdio_ui5_key":"sapm.GenericTile{\"header\":\"Manage Partners\"}"}]}
RESULT: {}
RESULT: {"script":"<script> [1562 bytes]","args":[{"selector":{"controlType":"sap.m.GenericTile","properties":{"header":"Manage Partners"}},"wdio_ui5_key":"sapm.GenericTile{\"header\":\"Manage Partners\"}"}]}
RESULT: undefined
COMMAND: POST /session/7d4ef5db813d7a6cede0ad9a34edc09c/element - {"using":"xpath","value":"//*[@id=\"__tile38\"]"}
RESULT: {"using":"xpath","value":"//*[@id=\"__tile38\"]"}
COMMAND: POST /session/7d4ef5db813d7a6cede0ad9a34edc09c/element/f.A871513E4156B49FEA6A1325266FBBC5.d.D2482B9A0456A307A031AC8ED5F6A95C.e.115/click - {}
RESULT: {}
COMMAND: GET /session/7d4ef5db813d7a6cede0ad9a34edc09c/screenshot - {}
RESULT: {}
COMMAND: POST /session/7d4ef5db813d7a6cede0ad9a34edc09c/elements - {"using":"xpath","value":"//span[text()='Error']"}
RESULT: {"using":"xpath","value":"//span[text()='Error']"}
COMMAND: POST /session/7d4ef5db813d7a6cede0ad9a34edc09c/element - {"using":"xpath","value":"//button[@data-kt=\"addButton\"]"}
RESULT: {"using":"xpath","value":"//button[@data-kt=\"addButton\"]"}
COMMAND: POST /session/7d4ef5db813d7a6cede0ad9a34edc09c/elements - {"using":"xpath","value":"//button[@data-kt=\"addButton\"]"}
RESULT: {"using":"xpath","value":"//button[@data-kt=\"addButton\"]"}
COMMAND: POST /session/7d4ef5db813d7a6cede0ad9a34edc09c/execute/sync - {"script":"<script> [8489 bytes]","args":[{"element-6066-11e4-a52e-4f735466cecf":"f.A871513E4156B49FEA6A1325266FBBC5.d.D2482B9A0456A307A031AC8ED5F6A95C.e.1010","ELEMENT":"f.A871513E4156B49FEA6A1325266FBBC5.d.D2482B9A0456A307A031AC8ED5F6A95C.e.1010"}]}
RESULT: {"script":"<script> [8489 bytes]","args":[{"element-6066-11e4-a52e-4f735466cecf":"f.A871513E4156B49FEA6A1325266FBBC5.d.D2482B9A0456A307A031AC8ED5F6A95C.e.1010","ELEMENT":"f.A871513E4156B49FEA6A1325266FBBC5.d.D2482B9A0456A307A031AC8ED5F6A95C.e.1010"}]}
COMMAND: GET /session/7d4ef5db813d7a6cede0ad9a34edc09c/element/f.A871513E4156B49FEA6A1325266FBBC5.d.D2482B9A0456A307A031AC8ED5F6A95C.e.1010/enabled - {}
COMMAND: GET /session/7d4ef5db813d7a6cede0ad9a34edc09c/screenshot - {}
RESULT: {}
COMMAND: POST /session/7d4ef5db813d7a6cede0ad9a34edc09c/execute/sync - {"script":"<script> [8489 bytes]","args":[{"element-6066-11e4-a52e-4f735466cecf":"f.A871513E4156B49FEA6A1325266FBBC5.d.D2482B9A0456A307A031AC8ED5F6A95C.e.1010","ELEMENT":"f.A871513E4156B49FEA6A1325266FBBC5.d.D2482B9A0456A307A031AC8ED5F6A95C.e.1010"}]}
COMMAND: GET /session/7d4ef5db813d7a6cede0ad9a34edc09c/screenshot - {}
RESULT: {}
RESULT: {"script":"<script> [8489 bytes]","args":[{"element-6066-11e4-a52e-4f735466cecf":"f.A871513E4156B49FEA6A1325266FBBC5.d.D2482B9A0456A307A031AC8ED5F6A95C.e.1010","ELEMENT":"f.A871513E4156B49FEA6A1325266FBBC5.d.D2482B9A0456A307A031AC8ED5F6A95C.e.1010"}]}
COMMAND: POST /session/7d4ef5db813d7a6cede0ad9a34edc09c/execute/sync - {"script":"<script> [5351 bytes]","args":[{"element-6066-11e4-a52e-4f735466cecf":"f.A871513E4156B49FEA6A1325266FBBC5.d.D2482B9A0456A307A031AC8ED5F6A95C.e.1010","ELEMENT":"f.A871513E4156B49FEA6A1325266FBBC5.d.D2482B9A0456A307A031AC8ED5F6A95C.e.1010"}]}
COMMAND: GET /session/7d4ef5db813d7a6cede0ad9a34edc09c/screenshot - {}
RESULT: {}
RESULT: {"script":"<script> [5351 bytes]","args":[{"element-6066-11e4-a52e-4f735466cecf":"f.A871513E4156B49FEA6A1325266FBBC5.d.D2482B9A0456A307A031AC8ED5F6A95C.e.1010","ELEMENT":"f.A871513E4156B49FEA6A1325266FBBC5.d.D2482B9A0456A307A031AC8ED5F6A95C.e.1010"}]}
COMMAND: POST /session/7d4ef5db813d7a6cede0ad9a34edc09c/element/f.A871513E4156B49FEA6A1325266FBBC5.d.D2482B9A0456A307A031AC8ED5F6A95C.e.1010/click - {}
COMMAND: GET /session/7d4ef5db813d7a6cede0ad9a34edc09c/screenshot - {}
RESULT: {}
RESULT: {}
COMMAND: GET /session/7d4ef5db813d7a6cede0ad9a34edc09c/screenshot - {}
COMMAND: POST /session/7d4ef5db813d7a6cede0ad9a34edc09c/execute/async - {"script":"<script> [1562 bytes]","args":[{"selector":{"id":"application-managepartners-display-component---NewPartner--addressDetailDetailsName1","interaction":{"idSuffix":"inner"}},"wdio_ui5_key":"applicationmanagepartners-display-component---NewPartner--addressDetailDetailsName1"}]}
RESULT: {}
RESULT: {}
RESULT: {"script":"<script> [1562 bytes]","args":[{"selector":{"id":"application-managepartners-display-component---NewPartner--addressDetailDetailsName1","interaction":{"idSuffix":"inner"}},"wdio_ui5_key":"applicationmanagepartners-display-component---NewPartner--addressDetailDetailsName1"}]}
RESULT: undefined
COMMAND: POST /session/7d4ef5db813d7a6cede0ad9a34edc09c/execute/async - {"script":"<script> [776 bytes]","args":[{"enterText":"External Partner WDIO","selector":{"id":"application-managepartners-display-component---NewPartner--addressDetailDetailsName1","interaction":{"idSuffix":"inner"}},"clearTextFirst":true,"interactionType":"ENTER_TEXT"}]}
RESULT: {"script":"<script> [776 bytes]","args":[{"enterText":"External Partner WDIO","selector":{"id":"application-managepartners-display-component---NewPartner--addressDetailDetailsName1","interaction":{"idSuffix":"inner"}},"clearTextFirst":true,"interactionType":"ENTER_TEXT"}]}
COMMAND: POST /session/7d4ef5db813d7a6cede0ad9a34edc09c/execute/async - {"script":"<script> [1562 bytes]","args":[{"selector":{"id":"application-managepartners-display-component---NewPartner--addressDetailDetailsLanguage-arrow"},"wdio_ui5_key":"applicationmanagepartners-display-component---NewPartner--addressDetailDetailsLanguage-arrow"}]}
RESULT: {"script":"<script> [1562 bytes]","args":[{"selector":{"id":"application-managepartners-display-component---NewPartner--addressDetailDetailsLanguage-arrow"},"wdio_ui5_key":"applicationmanagepartners-display-component---NewPartner--addressDetailDetailsLanguage-arrow"}]}
RESULT: undefined
COMMAND: POST /session/7d4ef5db813d7a6cede0ad9a34edc09c/element - {"using":"xpath","value":"//*[@id=\"application-managepartners-display-component---NewPartner--addressDetailDetailsLanguage-arrow\"]"}
RESULT: {"using":"xpath","value":"//*[@id=\"application-managepartners-display-component---NewPartner--addressDetailDetailsLanguage-arrow\"]"}
COMMAND: POST /session/7d4ef5db813d7a6cede0ad9a34edc09c/element/f.A871513E4156B49FEA6A1325266FBBC5.d.D2482B9A0456A307A031AC8ED5F6A95C.e.1462/click - {}
RESULT: {}
COMMAND: POST /session/7d4ef5db813d7a6cede0ad9a34edc09c/element - {"using":"xpath","value":"//span[contains(text(), \"English\")]"}
COMMAND: GET /session/7d4ef5db813d7a6cede0ad9a34edc09c/screenshot - {}
RESULT: {"using":"xpath","value":"//span[contains(text(), \"English\")]"}
COMMAND: POST /session/7d4ef5db813d7a6cede0ad9a34edc09c/element/f.A871513E4156B49FEA6A1325266FBBC5.d.D2482B9A0456A307A031AC8ED5F6A95C.e.1463/click - {}
RESULT: {}
RESULT: {}
COMMAND: GET /session/7d4ef5db813d7a6cede0ad9a34edc09c/screenshot - {}
RESULT: {}
COMMAND: POST /session/7d4ef5db813d7a6cede0ad9a34edc09c/execute/async - {"script":"<script> [1562 bytes]","args":[{"selector":{"id":"application-managepartners-display-component---NewPartner--addressDetailDetailsCity1","interaction":{"idSuffix":"inner"}},"wdio_ui5_key":"applicationmanagepartners-display-component---NewPartner--addressDetailDetailsCity1"}]}
RESULT: {"script":"<script> [1562 bytes]","args":[{"selector":{"id":"application-managepartners-display-component---NewPartner--addressDetailDetailsCity1","interaction":{"idSuffix":"inner"}},"wdio_ui5_key":"applicationmanagepartners-display-component---NewPartner--addressDetailDetailsCity1"}]}
RESULT: undefined
COMMAND: POST /session/7d4ef5db813d7a6cede0ad9a34edc09c/execute/async - {"script":"<script> [776 bytes]","args":[{"enterText":"Rosario","selector":{"id":"application-managepartners-display-component---NewPartner--addressDetailDetailsCity1","interaction":{"idSuffix":"inner"}},"clearTextFirst":true,"interactionType":"ENTER_TEXT"}]}
RESULT: {"script":"<script> [776 bytes]","args":[{"enterText":"Rosario","selector":{"id":"application-managepartners-display-component---NewPartner--addressDetailDetailsCity1","interaction":{"idSuffix":"inner"}},"clearTextFirst":true,"interactionType":"ENTER_TEXT"}]}
COMMAND: POST /session/7d4ef5db813d7a6cede0ad9a34edc09c/execute/async - {"script":"<script> [1562 bytes]","args":[{"selector":{"id":"application-managepartners-display-component---NewPartner--addressDetailDetailsCountry-arrow"},"wdio_ui5_key":"applicationmanagepartners-display-component---NewPartner--addressDetailDetailsCountry-arrow"}]}
RESULT: {"script":"<script> [1562 bytes]","args":[{"selector":{"id":"application-managepartners-display-component---NewPartner--addressDetailDetailsCountry-arrow"},"wdio_ui5_key":"applicationmanagepartners-display-component---NewPartner--addressDetailDetailsCountry-arrow"}]}
RESULT: undefined
COMMAND: POST /session/7d4ef5db813d7a6cede0ad9a34edc09c/element - {"using":"xpath","value":"//*[@id=\"application-managepartners-display-component---NewPartner--addressDetailDetailsCountry-arrow\"]"}
RESULT: {"using":"xpath","value":"//*[@id=\"application-managepartners-display-component---NewPartner--addressDetailDetailsCountry-arrow\"]"}
COMMAND: POST /session/7d4ef5db813d7a6cede0ad9a34edc09c/element/f.A871513E4156B49FEA6A1325266FBBC5.d.D2482B9A0456A307A031AC8ED5F6A95C.e.1449/click - {}
RESULT: {}
COMMAND: POST /session/7d4ef5db813d7a6cede0ad9a34edc09c/element - {"using":"xpath","value":"//span[contains(text(), \"Argentina\")]"}
COMMAND: GET /session/7d4ef5db813d7a6cede0ad9a34edc09c/screenshot - {}
RESULT: {"using":"xpath","value":"//span[contains(text(), \"Argentina\")]"}
COMMAND: POST /session/7d4ef5db813d7a6cede0ad9a34edc09c/element/f.A871513E4156B49FEA6A1325266FBBC5.d.D2482B9A0456A307A031AC8ED5F6A95C.e.1465/click - {}
RESULT: {}
RESULT: {}
COMMAND: GET /session/7d4ef5db813d7a6cede0ad9a34edc09c/screenshot - {}
RESULT: {}
COMMAND: POST /session/7d4ef5db813d7a6cede0ad9a34edc09c/element - {"using":"xpath","value":"//bdi[contains(text(), \"Commercial\")]"}
RESULT: {"using":"xpath","value":"//bdi[contains(text(), \"Commercial\")]"}
COMMAND: POST /session/7d4ef5db813d7a6cede0ad9a34edc09c/element/f.A871513E4156B49FEA6A1325266FBBC5.d.D2482B9A0456A307A031AC8ED5F6A95C.e.1466/click - {}
RESULT: {}
COMMAND: GET /session/7d4ef5db813d7a6cede0ad9a34edc09c/screenshot - {}
RESULT: {}
COMMAND: POST /session/7d4ef5db813d7a6cede0ad9a34edc09c/execute/async - {"script":"<script> [1562 bytes]","args":[{"selector":{"id":"application-managepartners-display-component---NewPartner--partnerDetailInternal-arrow"},"wdio_ui5_key":"applicationmanagepartners-display-component---NewPartner--partnerDetailInternal-arrow"}]}
RESULT: {"script":"<script> [1562 bytes]","args":[{"selector":{"id":"application-managepartners-display-component---NewPartner--partnerDetailInternal-arrow"},"wdio_ui5_key":"applicationmanagepartners-display-component---NewPartner--partnerDetailInternal-arrow"}]}
RESULT: undefined
COMMAND: POST /session/7d4ef5db813d7a6cede0ad9a34edc09c/element - {"using":"xpath","value":"//*[@id=\"application-managepartners-display-component---NewPartner--partnerDetailInternal-arrow\"]"}
RESULT: {"using":"xpath","value":"//*[@id=\"application-managepartners-display-component---NewPartner--partnerDetailInternal-arrow\"]"}
COMMAND: POST /session/7d4ef5db813d7a6cede0ad9a34edc09c/element/f.A871513E4156B49FEA6A1325266FBBC5.d.D2482B9A0456A307A031AC8ED5F6A95C.e.1472/click - {}
RESULT: {}
COMMAND: POST /session/7d4ef5db813d7a6cede0ad9a34edc09c/element - {"using":"xpath","value":"//span[contains(text(), \"External partner\")]"}
COMMAND: GET /session/7d4ef5db813d7a6cede0ad9a34edc09c/screenshot - {}
RESULT: {"using":"xpath","value":"//span[contains(text(), \"External partner\")]"}
COMMAND: POST /session/7d4ef5db813d7a6cede0ad9a34edc09c/element/f.A871513E4156B49FEA6A1325266FBBC5.d.D2482B9A0456A307A031AC8ED5F6A95C.e.1475/click - {}
RESULT: {}
RESULT: {}
COMMAND: POST /session/7d4ef5db813d7a6cede0ad9a34edc09c/execute/async - {"script":"<script> [1562 bytes]","args":[{"selector":{"id":"application-managepartners-display-component---NewPartner--partnerDetailsCurrency-arrow"},"wdio_ui5_key":"applicationmanagepartners-display-component---NewPartner--partnerDetailsCurrency-arrow"}]}
COMMAND: GET /session/7d4ef5db813d7a6cede0ad9a34edc09c/screenshot - {}
RESULT: {"script":"<script> [1562 bytes]","args":[{"selector":{"id":"application-managepartners-display-component---NewPartner--partnerDetailsCurrency-arrow"},"wdio_ui5_key":"applicationmanagepartners-display-component---NewPartner--partnerDetailsCurrency-arrow"}]}
RESULT: undefined
COMMAND: POST /session/7d4ef5db813d7a6cede0ad9a34edc09c/element - {"using":"xpath","value":"//*[@id=\"application-managepartners-display-component---NewPartner--partnerDetailsCurrency-arrow\"]"}
RESULT: {}
RESULT: {"using":"xpath","value":"//*[@id=\"application-managepartners-display-component---NewPartner--partnerDetailsCurrency-arrow\"]"}
COMMAND: POST /session/7d4ef5db813d7a6cede0ad9a34edc09c/element/f.A871513E4156B49FEA6A1325266FBBC5.d.D2482B9A0456A307A031AC8ED5F6A95C.e.1480/click - {}
RESULT: {}
COMMAND: POST /session/7d4ef5db813d7a6cede0ad9a34edc09c/element - {"using":"xpath","value":"//span[contains(text(), \"US Dollar\")]"}
COMMAND: GET /session/7d4ef5db813d7a6cede0ad9a34edc09c/screenshot - {}
RESULT: {"using":"xpath","value":"//span[contains(text(), \"US Dollar\")]"}
COMMAND: POST /session/7d4ef5db813d7a6cede0ad9a34edc09c/element/f.A871513E4156B49FEA6A1325266FBBC5.d.D2482B9A0456A307A031AC8ED5F6A95C.e.1481/click - {}
RESULT: {}
RESULT: {}
COMMAND: GET /session/7d4ef5db813d7a6cede0ad9a34edc09c/screenshot - {}
RESULT: {}
COMMAND: POST /session/7d4ef5db813d7a6cede0ad9a34edc09c/element - {"using":"xpath","value":"//input[@id=\"application-managepartners-display-component---NewPartner--companyCodeComboBox-inner\"]"}
RESULT: {"using":"xpath","value":"//input[@id=\"application-managepartners-display-component---NewPartner--companyCodeComboBox-inner\"]"}
COMMAND: POST /session/7d4ef5db813d7a6cede0ad9a34edc09c/element/f.A871513E4156B49FEA6A1325266FBBC5.d.D2482B9A0456A307A031AC8ED5F6A95C.e.1322/clear - {}
RESULT: {}
COMMAND: POST /session/7d4ef5db813d7a6cede0ad9a34edc09c/element/f.A871513E4156B49FEA6A1325266FBBC5.d.D2482B9A0456A307A031AC8ED5F6A95C.e.1322/value - {"text":"C002"}
COMMAND: GET /session/7d4ef5db813d7a6cede0ad9a34edc09c/screenshot - {}
RESULT: {"text":"C002"}
COMMAND: GET /session/7d4ef5db813d7a6cede0ad9a34edc09c/screenshot - {}
RESULT: {}
RESULT: {}
COMMAND: POST /session/7d4ef5db813d7a6cede0ad9a34edc09c/element - {"using":"xpath","value":"//li[.//span[text()= \"C002\"]]"}
RESULT: {"using":"xpath","value":"//li[.//span[text()= \"C002\"]]"}
COMMAND: POST /session/7d4ef5db813d7a6cede0ad9a34edc09c/element/f.A871513E4156B49FEA6A1325266FBBC5.d.D2482B9A0456A307A031AC8ED5F6A95C.e.1485/click - {}
RESULT: {}
COMMAND: GET /session/7d4ef5db813d7a6cede0ad9a34edc09c/screenshot - {}
RESULT: {}
COMMAND: POST /session/7d4ef5db813d7a6cede0ad9a34edc09c/execute/async - {"script":"<script> [1562 bytes]","args":[{"selector":{"id":"application-managepartners-display-component---NewPartner--btnAddTableRow-img"},"wdio_ui5_key":"applicationmanagepartners-display-component---NewPartner--btnAddTableRow-img"}]}
RESULT: {"script":"<script> [1562 bytes]","args":[{"selector":{"id":"application-managepartners-display-component---NewPartner--btnAddTableRow-img"},"wdio_ui5_key":"applicationmanagepartners-display-component---NewPartner--btnAddTableRow-img"}]}
RESULT: undefined
COMMAND: POST /session/7d4ef5db813d7a6cede0ad9a34edc09c/element - {"using":"xpath","value":"//*[@id=\"application-managepartners-display-component---NewPartner--btnAddTableRow-img\"]"}
RESULT: {"using":"xpath","value":"//*[@id=\"application-managepartners-display-component---NewPartner--btnAddTableRow-img\"]"}
COMMAND: POST /session/7d4ef5db813d7a6cede0ad9a34edc09c/element/f.A871513E4156B49FEA6A1325266FBBC5.d.D2482B9A0456A307A031AC8ED5F6A95C.e.1486/click - {}
RESULT: {}
COMMAND: GET /session/7d4ef5db813d7a6cede0ad9a34edc09c/screenshot - {}
RESULT: {}
COMMAND: POST /session/7d4ef5db813d7a6cede0ad9a34edc09c/element - {"using":"xpath","value":"//input[@id=\"application-managepartners-display-component---NewPartner--assignmentYard-application-managepartners-display-component---NewPartner--assignmentsTable-0-inner\"]"}
RESULT: {"using":"xpath","value":"//input[@id=\"application-managepartners-display-component---NewPartner--assignmentYard-application-managepartners-display-component---NewPartner--assignmentsTable-0-inner\"]"}
COMMAND: POST /session/7d4ef5db813d7a6cede0ad9a34edc09c/element/f.A871513E4156B49FEA6A1325266FBBC5.d.D2482B9A0456A307A031AC8ED5F6A95C.e.1489/clear - {}
RESULT: {}
COMMAND: POST /session/7d4ef5db813d7a6cede0ad9a34edc09c/element/f.A871513E4156B49FEA6A1325266FBBC5.d.D2482B9A0456A307A031AC8ED5F6A95C.e.1489/value - {"text":"632"}
COMMAND: GET /session/7d4ef5db813d7a6cede0ad9a34edc09c/screenshot - {}
RESULT: {"text":"632"}
COMMAND: GET /session/7d4ef5db813d7a6cede0ad9a34edc09c/screenshot - {}
RESULT: {}
RESULT: {}
COMMAND: POST /session/7d4ef5db813d7a6cede0ad9a34edc09c/element - {"using":"xpath","value":"//li[.//span[text()='632']]"}
RESULT: {"using":"xpath","value":"//li[.//span[text()='632']]"}
COMMAND: POST /session/7d4ef5db813d7a6cede0ad9a34edc09c/element/f.A871513E4156B49FEA6A1325266FBBC5.d.D2482B9A0456A307A031AC8ED5F6A95C.e.1497/click - {}
RESULT: {}
COMMAND: GET /session/7d4ef5db813d7a6cede0ad9a34edc09c/screenshot - {}
RESULT: {}
COMMAND: POST /session/7d4ef5db813d7a6cede0ad9a34edc09c/actions - {"actions":[{"id":"action2","type":"key","parameters":{},"actions":[{"type":"keyDown","value":""},{"type":"pause","duration":10},{"type":"keyUp","value":""}]}]}
RESULT: {"actions":[{"id":"action2","type":"key","parameters":{},"actions":[{"type":"keyDown","value":""},{"type":"pause","duration":10},{"type":"keyUp","value":""}]}]}
COMMAND: POST /session/7d4ef5db813d7a6cede0ad9a34edc09c/element - {"using":"xpath","value":"//td[contains(@id, \"assignmentsTable-0-cell2\")]/div/div"}
COMMAND: GET /session/7d4ef5db813d7a6cede0ad9a34edc09c/screenshot - {}
RESULT: {"using":"xpath","value":"//td[contains(@id, \"assignmentsTable-0-cell2\")]/div/div"}
COMMAND: POST /session/7d4ef5db813d7a6cede0ad9a34edc09c/element/f.A871513E4156B49FEA6A1325266FBBC5.d.D2482B9A0456A307A031AC8ED5F6A95C.e.1500/click - {}
RESULT: {}
RESULT: {}
COMMAND: GET /session/7d4ef5db813d7a6cede0ad9a34edc09c/screenshot - {}
RESULT: {}
COMMAND: POST /session/7d4ef5db813d7a6cede0ad9a34edc09c/element - {"using":"xpath","value":"//button[@data-kt=\"saveButton\"]"}
RESULT: {"using":"xpath","value":"//button[@data-kt=\"saveButton\"]"}
COMMAND: POST /session/7d4ef5db813d7a6cede0ad9a34edc09c/element/f.A871513E4156B49FEA6A1325266FBBC5.d.D2482B9A0456A307A031AC8ED5F6A95C.e.1388/click - {}
RESULT: {}
COMMAND: GET /session/7d4ef5db813d7a6cede0ad9a34edc09c/screenshot - {}
RESULT: {}
COMMAND: POST /session/7d4ef5db813d7a6cede0ad9a34edc09c/element - {"using":"xpath","value":"//header[contains(@id, 'ObjectPageLayout-headerTitle')]/div[1]/div[2]/div[2]/span[1]"}
RESULT: {"using":"xpath","value":"//header[contains(@id, 'ObjectPageLayout-headerTitle')]/div[1]/div[2]/div[2]/span[1]"}
COMMAND: POST /session/7d4ef5db813d7a6cede0ad9a34edc09c/elements - {"using":"xpath","value":"//header[contains(@id, 'ObjectPageLayout-headerTitle')]/div[1]/div[2]/div[2]/span[1]"}
RESULT: {"using":"xpath","value":"//header[contains(@id, 'ObjectPageLayout-headerTitle')]/div[1]/div[2]/div[2]/span[1]"}
COMMAND: POST /session/7d4ef5db813d7a6cede0ad9a34edc09c/execute/sync - {"script":"<script> [56 bytes]","args":[{"element-6066-11e4-a52e-4f735466cecf":"f.A871513E4156B49FEA6A1325266FBBC5.d.D2482B9A0456A307A031AC8ED5F6A95C.e.1662","ELEMENT":"f.A871513E4156B49FEA6A1325266FBBC5.d.D2482B9A0456A307A031AC8ED5F6A95C.e.1662"}]}
RESULT: {"script":"<script> [56 bytes]","args":[{"element-6066-11e4-a52e-4f735466cecf":"f.A871513E4156B49FEA6A1325266FBBC5.d.D2482B9A0456A307A031AC8ED5F6A95C.e.1662","ELEMENT":"f.A871513E4156B49FEA6A1325266FBBC5.d.D2482B9A0456A307A031AC8ED5F6A95C.e.1662"}]}
COMMAND: POST /session/7d4ef5db813d7a6cede0ad9a34edc09c/element - {"using":"css selector","value":"#shell-header-logo"}
COMMAND: GET /session/7d4ef5db813d7a6cede0ad9a34edc09c/screenshot - {}
RESULT: {"using":"css selector","value":"#shell-header-logo"}
COMMAND: POST /session/7d4ef5db813d7a6cede0ad9a34edc09c/element/f.A871513E4156B49FEA6A1325266FBBC5.d.D2482B9A0456A307A031AC8ED5F6A95C.e.977/click - {}
RESULT: {}
RESULT: {}
COMMAND: GET /session/7d4ef5db813d7a6cede0ad9a34edc09c/screenshot - {}
RESULT: {}
COMMAND: POST /session/7d4ef5db813d7a6cede0ad9a34edc09c/execute/sync - {"script":"<script> [299 bytes]","args":[["getModel","getResource"]]}
RESULT: {"script":"<script> [299 bytes]","args":[["getModel","getResource"]]}
]]></system-out>
    </testcase>
    <testcase classname="chrome.136_0_7103_93.windows.Stock_increase_-_with_WHM_US125587" name="Should create a new WHM site" time="102.7">
      <system-out><![CDATA[
COMMAND: POST /session/7d4ef5db813d7a6cede0ad9a34edc09c/execute/async - {"script":"<script> [1562 bytes]","args":[{"selector":{"controlType":"sap.m.GenericTile","properties":{"header":"Manage Sites"}},"wdio_ui5_key":"sapm.GenericTile{\"header\":\"Manage Sites\"}"}]}
COMMAND: GET /session/7d4ef5db813d7a6cede0ad9a34edc09c/screenshot - {}
RESULT: {"script":"<script> [1562 bytes]","args":[{"selector":{"controlType":"sap.m.GenericTile","properties":{"header":"Manage Sites"}},"wdio_ui5_key":"sapm.GenericTile{\"header\":\"Manage Sites\"}"}]}
RESULT: undefined
COMMAND: POST /session/7d4ef5db813d7a6cede0ad9a34edc09c/element - {"using":"xpath","value":"//*[@id=\"__tile40\"]"}
RESULT: {}
RESULT: {"using":"xpath","value":"//*[@id=\"__tile40\"]"}
COMMAND: POST /session/7d4ef5db813d7a6cede0ad9a34edc09c/element/f.A871513E4156B49FEA6A1325266FBBC5.d.D2482B9A0456A307A031AC8ED5F6A95C.e.121/click - {}
RESULT: {}
COMMAND: GET /session/7d4ef5db813d7a6cede0ad9a34edc09c/screenshot - {}
RESULT: {}
COMMAND: POST /session/7d4ef5db813d7a6cede0ad9a34edc09c/elements - {"using":"xpath","value":"//span[text()='Error']"}
RESULT: {"using":"xpath","value":"//span[text()='Error']"}
COMMAND: POST /session/7d4ef5db813d7a6cede0ad9a34edc09c/element - {"using":"xpath","value":"//button[@data-kt=\"addOverflowToolbarButton\"]"}
RESULT: {"using":"xpath","value":"//button[@data-kt=\"addOverflowToolbarButton\"]"}
COMMAND: POST /session/7d4ef5db813d7a6cede0ad9a34edc09c/elements - {"using":"xpath","value":"//button[@data-kt=\"addOverflowToolbarButton\"]"}
RESULT: {"using":"xpath","value":"//button[@data-kt=\"addOverflowToolbarButton\"]"}
COMMAND: POST /session/7d4ef5db813d7a6cede0ad9a34edc09c/execute/sync - {"script":"<script> [8489 bytes]","args":[{"element-6066-11e4-a52e-4f735466cecf":"f.A871513E4156B49FEA6A1325266FBBC5.d.D2482B9A0456A307A031AC8ED5F6A95C.e.1709","ELEMENT":"f.A871513E4156B49FEA6A1325266FBBC5.d.D2482B9A0456A307A031AC8ED5F6A95C.e.1709"}]}
RESULT: {"script":"<script> [8489 bytes]","args":[{"element-6066-11e4-a52e-4f735466cecf":"f.A871513E4156B49FEA6A1325266FBBC5.d.D2482B9A0456A307A031AC8ED5F6A95C.e.1709","ELEMENT":"f.A871513E4156B49FEA6A1325266FBBC5.d.D2482B9A0456A307A031AC8ED5F6A95C.e.1709"}]}
COMMAND: GET /session/7d4ef5db813d7a6cede0ad9a34edc09c/element/f.A871513E4156B49FEA6A1325266FBBC5.d.D2482B9A0456A307A031AC8ED5F6A95C.e.1709/enabled - {}
COMMAND: GET /session/7d4ef5db813d7a6cede0ad9a34edc09c/screenshot - {}
RESULT: {}
COMMAND: POST /session/7d4ef5db813d7a6cede0ad9a34edc09c/execute/sync - {"script":"<script> [8489 bytes]","args":[{"element-6066-11e4-a52e-4f735466cecf":"f.A871513E4156B49FEA6A1325266FBBC5.d.D2482B9A0456A307A031AC8ED5F6A95C.e.1709","ELEMENT":"f.A871513E4156B49FEA6A1325266FBBC5.d.D2482B9A0456A307A031AC8ED5F6A95C.e.1709"}]}
COMMAND: GET /session/7d4ef5db813d7a6cede0ad9a34edc09c/screenshot - {}
RESULT: {}
RESULT: {}
RESULT: {"script":"<script> [8489 bytes]","args":[{"element-6066-11e4-a52e-4f735466cecf":"f.A871513E4156B49FEA6A1325266FBBC5.d.D2482B9A0456A307A031AC8ED5F6A95C.e.1709","ELEMENT":"f.A871513E4156B49FEA6A1325266FBBC5.d.D2482B9A0456A307A031AC8ED5F6A95C.e.1709"}]}
COMMAND: POST /session/7d4ef5db813d7a6cede0ad9a34edc09c/execute/sync - {"script":"<script> [5351 bytes]","args":[{"element-6066-11e4-a52e-4f735466cecf":"f.A871513E4156B49FEA6A1325266FBBC5.d.D2482B9A0456A307A031AC8ED5F6A95C.e.1709","ELEMENT":"f.A871513E4156B49FEA6A1325266FBBC5.d.D2482B9A0456A307A031AC8ED5F6A95C.e.1709"}]}
COMMAND: GET /session/7d4ef5db813d7a6cede0ad9a34edc09c/screenshot - {}
RESULT: {"script":"<script> [5351 bytes]","args":[{"element-6066-11e4-a52e-4f735466cecf":"f.A871513E4156B49FEA6A1325266FBBC5.d.D2482B9A0456A307A031AC8ED5F6A95C.e.1709","ELEMENT":"f.A871513E4156B49FEA6A1325266FBBC5.d.D2482B9A0456A307A031AC8ED5F6A95C.e.1709"}]}
COMMAND: POST /session/7d4ef5db813d7a6cede0ad9a34edc09c/element/f.A871513E4156B49FEA6A1325266FBBC5.d.D2482B9A0456A307A031AC8ED5F6A95C.e.1709/click - {}
COMMAND: GET /session/7d4ef5db813d7a6cede0ad9a34edc09c/screenshot - {}
RESULT: {}
RESULT: {}
RESULT: {}
COMMAND: GET /session/7d4ef5db813d7a6cede0ad9a34edc09c/screenshot - {}
COMMAND: POST /session/7d4ef5db813d7a6cede0ad9a34edc09c/element - {"using":"xpath","value":"//input[@id=\"application-managesites-display-component---NewSite--siteId-inner\"]"}
RESULT: {}
RESULT: {"using":"xpath","value":"//input[@id=\"application-managesites-display-component---NewSite--siteId-inner\"]"}
COMMAND: POST /session/7d4ef5db813d7a6cede0ad9a34edc09c/element - {"using":"xpath","value":"//input[@id=\"application-managesites-display-component---NewSite--siteId-inner\"]"}
RESULT: {"using":"xpath","value":"//input[@id=\"application-managesites-display-component---NewSite--siteId-inner\"]"}
COMMAND: POST /session/7d4ef5db813d7a6cede0ad9a34edc09c/execute/async - {"script":"<script> [1562 bytes]","args":[{"selector":{"id":"application-managesites-display-component---NewSite--addressDetailDetailsName1","interaction":{"idSuffix":"inner"}},"wdio_ui5_key":"applicationmanagesites-display-component---NewSite--addressDetailDetailsName1"}]}
RESULT: {"script":"<script> [1562 bytes]","args":[{"selector":{"id":"application-managesites-display-component---NewSite--addressDetailDetailsName1","interaction":{"idSuffix":"inner"}},"wdio_ui5_key":"applicationmanagesites-display-component---NewSite--addressDetailDetailsName1"}]}
RESULT: undefined
COMMAND: POST /session/7d4ef5db813d7a6cede0ad9a34edc09c/execute/async - {"script":"<script> [776 bytes]","args":[{"enterText":"Warehouse Managed Site WDIO","selector":{"id":"application-managesites-display-component---NewSite--addressDetailDetailsName1","interaction":{"idSuffix":"inner"}},"clearTextFirst":true,"interactionType":"ENTER_TEXT"}]}
RESULT: {"script":"<script> [776 bytes]","args":[{"enterText":"Warehouse Managed Site WDIO","selector":{"id":"application-managesites-display-component---NewSite--addressDetailDetailsName1","interaction":{"idSuffix":"inner"}},"clearTextFirst":true,"interactionType":"ENTER_TEXT"}]}
COMMAND: POST /session/7d4ef5db813d7a6cede0ad9a34edc09c/execute/async - {"script":"<script> [1562 bytes]","args":[{"selector":{"id":"application-managesites-display-component---NewSite--addressDetailDetailsLanguage-arrow"},"wdio_ui5_key":"applicationmanagesites-display-component---NewSite--addressDetailDetailsLanguage-arrow"}]}
RESULT: {"script":"<script> [1562 bytes]","args":[{"selector":{"id":"application-managesites-display-component---NewSite--addressDetailDetailsLanguage-arrow"},"wdio_ui5_key":"applicationmanagesites-display-component---NewSite--addressDetailDetailsLanguage-arrow"}]}
RESULT: undefined
COMMAND: POST /session/7d4ef5db813d7a6cede0ad9a34edc09c/element - {"using":"xpath","value":"//*[@id=\"application-managesites-display-component---NewSite--addressDetailDetailsLanguage-arrow\"]"}
RESULT: {"using":"xpath","value":"//*[@id=\"application-managesites-display-component---NewSite--addressDetailDetailsLanguage-arrow\"]"}
COMMAND: POST /session/7d4ef5db813d7a6cede0ad9a34edc09c/element/f.A871513E4156B49FEA6A1325266FBBC5.d.D2482B9A0456A307A031AC8ED5F6A95C.e.2112/click - {}
RESULT: {}
COMMAND: POST /session/7d4ef5db813d7a6cede0ad9a34edc09c/element - {"using":"xpath","value":"//span[contains(text(), \"English\")]"}
COMMAND: GET /session/7d4ef5db813d7a6cede0ad9a34edc09c/screenshot - {}
RESULT: {"using":"xpath","value":"//span[contains(text(), \"English\")]"}
COMMAND: POST /session/7d4ef5db813d7a6cede0ad9a34edc09c/element/f.A871513E4156B49FEA6A1325266FBBC5.d.D2482B9A0456A307A031AC8ED5F6A95C.e.2113/click - {}
RESULT: {}
RESULT: {}
COMMAND: POST /session/7d4ef5db813d7a6cede0ad9a34edc09c/execute/async - {"script":"<script> [1562 bytes]","args":[{"selector":{"id":"application-managesites-display-component---NewSite--addressDetailDetailsCity1","interaction":{"idSuffix":"inner"}},"wdio_ui5_key":"applicationmanagesites-display-component---NewSite--addressDetailDetailsCity1"}]}
COMMAND: GET /session/7d4ef5db813d7a6cede0ad9a34edc09c/screenshot - {}
RESULT: {"script":"<script> [1562 bytes]","args":[{"selector":{"id":"application-managesites-display-component---NewSite--addressDetailDetailsCity1","interaction":{"idSuffix":"inner"}},"wdio_ui5_key":"applicationmanagesites-display-component---NewSite--addressDetailDetailsCity1"}]}
RESULT: undefined
COMMAND: POST /session/7d4ef5db813d7a6cede0ad9a34edc09c/execute/async - {"script":"<script> [776 bytes]","args":[{"enterText":"Rosario","selector":{"id":"application-managesites-display-component---NewSite--addressDetailDetailsCity1","interaction":{"idSuffix":"inner"}},"clearTextFirst":true,"interactionType":"ENTER_TEXT"}]}
RESULT: {}
RESULT: {"script":"<script> [776 bytes]","args":[{"enterText":"Rosario","selector":{"id":"application-managesites-display-component---NewSite--addressDetailDetailsCity1","interaction":{"idSuffix":"inner"}},"clearTextFirst":true,"interactionType":"ENTER_TEXT"}]}
COMMAND: POST /session/7d4ef5db813d7a6cede0ad9a34edc09c/execute/async - {"script":"<script> [1562 bytes]","args":[{"selector":{"id":"application-managesites-display-component---NewSite--addressDetailDetailsCountry-arrow"},"wdio_ui5_key":"applicationmanagesites-display-component---NewSite--addressDetailDetailsCountry-arrow"}]}
RESULT: {"script":"<script> [1562 bytes]","args":[{"selector":{"id":"application-managesites-display-component---NewSite--addressDetailDetailsCountry-arrow"},"wdio_ui5_key":"applicationmanagesites-display-component---NewSite--addressDetailDetailsCountry-arrow"}]}
RESULT: undefined
COMMAND: POST /session/7d4ef5db813d7a6cede0ad9a34edc09c/element - {"using":"xpath","value":"//*[@id=\"application-managesites-display-component---NewSite--addressDetailDetailsCountry-arrow\"]"}
RESULT: {"using":"xpath","value":"//*[@id=\"application-managesites-display-component---NewSite--addressDetailDetailsCountry-arrow\"]"}
COMMAND: POST /session/7d4ef5db813d7a6cede0ad9a34edc09c/element/f.A871513E4156B49FEA6A1325266FBBC5.d.D2482B9A0456A307A031AC8ED5F6A95C.e.2115/click - {}
RESULT: {}
COMMAND: POST /session/7d4ef5db813d7a6cede0ad9a34edc09c/element - {"using":"xpath","value":"//span[contains(text(), \"Argentina\")]"}
COMMAND: GET /session/7d4ef5db813d7a6cede0ad9a34edc09c/screenshot - {}
RESULT: {"using":"xpath","value":"//span[contains(text(), \"Argentina\")]"}
COMMAND: POST /session/7d4ef5db813d7a6cede0ad9a34edc09c/element/f.A871513E4156B49FEA6A1325266FBBC5.d.D2482B9A0456A307A031AC8ED5F6A95C.e.2116/click - {}
RESULT: {}
RESULT: {}
COMMAND: GET /session/7d4ef5db813d7a6cede0ad9a34edc09c/screenshot - {}
RESULT: {}
COMMAND: POST /session/7d4ef5db813d7a6cede0ad9a34edc09c/execute/async - {"script":"<script> [1562 bytes]","args":[{"selector":{"id":"application-managesites-display-component---NewSite--addressEditDetailsCostObjectCstType-arrow"},"wdio_ui5_key":"applicationmanagesites-display-component---NewSite--addressEditDetailsCostObjectCstType-arrow"}]}
RESULT: {"script":"<script> [1562 bytes]","args":[{"selector":{"id":"application-managesites-display-component---NewSite--addressEditDetailsCostObjectCstType-arrow"},"wdio_ui5_key":"applicationmanagesites-display-component---NewSite--addressEditDetailsCostObjectCstType-arrow"}]}
RESULT: undefined
COMMAND: POST /session/7d4ef5db813d7a6cede0ad9a34edc09c/element - {"using":"xpath","value":"//*[@id=\"application-managesites-display-component---NewSite--addressEditDetailsCostObjectCstType-arrow\"]"}
RESULT: {"using":"xpath","value":"//*[@id=\"application-managesites-display-component---NewSite--addressEditDetailsCostObjectCstType-arrow\"]"}
COMMAND: POST /session/7d4ef5db813d7a6cede0ad9a34edc09c/element/f.A871513E4156B49FEA6A1325266FBBC5.d.D2482B9A0456A307A031AC8ED5F6A95C.e.2118/click - {}
RESULT: {}
COMMAND: POST /session/7d4ef5db813d7a6cede0ad9a34edc09c/element - {"using":"xpath","value":"//span[contains(text(), \"Cost Center\")]"}
COMMAND: GET /session/7d4ef5db813d7a6cede0ad9a34edc09c/screenshot - {}
RESULT: {"using":"xpath","value":"//span[contains(text(), \"Cost Center\")]"}
COMMAND: POST /session/7d4ef5db813d7a6cede0ad9a34edc09c/element/f.A871513E4156B49FEA6A1325266FBBC5.d.D2482B9A0456A307A031AC8ED5F6A95C.e.2119/click - {}
RESULT: {}
RESULT: {}
COMMAND: GET /session/7d4ef5db813d7a6cede0ad9a34edc09c/screenshot - {}
RESULT: {}
COMMAND: POST /session/7d4ef5db813d7a6cede0ad9a34edc09c/element - {"using":"xpath","value":"//span[@id=\"application-managesites-display-component---NewSite--addressNewCostObjectCstID-vhi\"]"}
RESULT: {"using":"xpath","value":"//span[@id=\"application-managesites-display-component---NewSite--addressNewCostObjectCstID-vhi\"]"}
COMMAND: POST /session/7d4ef5db813d7a6cede0ad9a34edc09c/execute/sync - {"script":"<script> [8489 bytes]","args":[{"element-6066-11e4-a52e-4f735466cecf":"f.A871513E4156B49FEA6A1325266FBBC5.d.D2482B9A0456A307A031AC8ED5F6A95C.e.2124","ELEMENT":"f.A871513E4156B49FEA6A1325266FBBC5.d.D2482B9A0456A307A031AC8ED5F6A95C.e.2124"}]}
RESULT: {"script":"<script> [8489 bytes]","args":[{"element-6066-11e4-a52e-4f735466cecf":"f.A871513E4156B49FEA6A1325266FBBC5.d.D2482B9A0456A307A031AC8ED5F6A95C.e.2124","ELEMENT":"f.A871513E4156B49FEA6A1325266FBBC5.d.D2482B9A0456A307A031AC8ED5F6A95C.e.2124"}]}
COMMAND: POST /session/7d4ef5db813d7a6cede0ad9a34edc09c/execute/async - {"script":"<script> [1562 bytes]","args":[{"selector":{"id":"application-managesites-display-component---NewSite--addressNewCostObjectCstID-vhi"},"wdio_ui5_key":"applicationmanagesites-display-component---NewSite--addressNewCostObjectCstID-vhi"}]}
COMMAND: GET /session/7d4ef5db813d7a6cede0ad9a34edc09c/screenshot - {}
RESULT: {"script":"<script> [1562 bytes]","args":[{"selector":{"id":"application-managesites-display-component---NewSite--addressNewCostObjectCstID-vhi"},"wdio_ui5_key":"applicationmanagesites-display-component---NewSite--addressNewCostObjectCstID-vhi"}]}
RESULT: undefined
COMMAND: POST /session/7d4ef5db813d7a6cede0ad9a34edc09c/element - {"using":"xpath","value":"//*[@id=\"application-managesites-display-component---NewSite--addressNewCostObjectCstID-vhi\"]"}
RESULT: {}
RESULT: {"using":"xpath","value":"//*[@id=\"application-managesites-display-component---NewSite--addressNewCostObjectCstID-vhi\"]"}
COMMAND: POST /session/7d4ef5db813d7a6cede0ad9a34edc09c/element/f.A871513E4156B49FEA6A1325266FBBC5.d.D2482B9A0456A307A031AC8ED5F6A95C.e.2124/click - {}
RESULT: {}
COMMAND: GET /session/7d4ef5db813d7a6cede0ad9a34edc09c/screenshot - {}
RESULT: {}
RESULT: undefined
COMMAND: POST /session/7d4ef5db813d7a6cede0ad9a34edc09c/execute/async - {"script":"<script> [776 bytes]","args":[{"enterText":"10001013","selector":{"controlType":"sap.m.SearchField","properties":{"placeholder":"Search"},"searchOpenDialogs":true,"interaction":{"idSuffix":"I"}},"clearTextFirst":true,"interactionType":"ENTER_TEXT"}]}
RESULT: {"script":"<script> [776 bytes]","args":[{"enterText":"10001013","selector":{"controlType":"sap.m.SearchField","properties":{"placeholder":"Search"},"searchOpenDialogs":true,"interaction":{"idSuffix":"I"}},"clearTextFirst":true,"interactionType":"ENTER_TEXT"}]}
COMMAND: POST /session/7d4ef5db813d7a6cede0ad9a34edc09c/actions - {"actions":[{"id":"action3","type":"key","parameters":{},"actions":[{"type":"keyDown","value":""},{"type":"pause","duration":10},{"type":"keyUp","value":""}]}]}
RESULT: {"actions":[{"id":"action3","type":"key","parameters":{},"actions":[{"type":"keyDown","value":""},{"type":"pause","duration":10},{"type":"keyUp","value":""}]}]}
COMMAND: GET /session/7d4ef5db813d7a6cede0ad9a34edc09c/screenshot - {}
RESULT: {}
COMMAND: POST /session/7d4ef5db813d7a6cede0ad9a34edc09c/element - {"using":"xpath","value":"//span[contains(text(), \"General Management\")]"}
RESULT: {"using":"xpath","value":"//span[contains(text(), \"General Management\")]"}
COMMAND: POST /session/7d4ef5db813d7a6cede0ad9a34edc09c/element/f.A871513E4156B49FEA6A1325266FBBC5.d.D2482B9A0456A307A031AC8ED5F6A95C.e.2162/click - {}
RESULT: {}
COMMAND: GET /session/7d4ef5db813d7a6cede0ad9a34edc09c/screenshot - {}
RESULT: {}
COMMAND: POST /session/7d4ef5db813d7a6cede0ad9a34edc09c/element - {"using":"xpath","value":"//bdi[contains(text(), \"OK\")]"}
RESULT: {"using":"xpath","value":"//bdi[contains(text(), \"OK\")]"}
COMMAND: POST /session/7d4ef5db813d7a6cede0ad9a34edc09c/element/f.A871513E4156B49FEA6A1325266FBBC5.d.D2482B9A0456A307A031AC8ED5F6A95C.e.2163/click - {}
RESULT: {}
COMMAND: GET /session/7d4ef5db813d7a6cede0ad9a34edc09c/screenshot - {}
RESULT: {}
COMMAND: POST /session/7d4ef5db813d7a6cede0ad9a34edc09c/element - {"using":"xpath","value":"//input[@id=\"application-managesites-display-component---NewSite--addressDetailDetailsCalendar-inner\"]"}
RESULT: {"using":"xpath","value":"//input[@id=\"application-managesites-display-component---NewSite--addressDetailDetailsCalendar-inner\"]"}
COMMAND: POST /session/7d4ef5db813d7a6cede0ad9a34edc09c/element/f.A871513E4156B49FEA6A1325266FBBC5.d.D2482B9A0456A307A031AC8ED5F6A95C.e.1879/clear - {}
RESULT: {}
COMMAND: POST /session/7d4ef5db813d7a6cede0ad9a34edc09c/element/f.A871513E4156B49FEA6A1325266FBBC5.d.D2482B9A0456A307A031AC8ED5F6A95C.e.1879/value - {"text":"Unit"}
COMMAND: GET /session/7d4ef5db813d7a6cede0ad9a34edc09c/screenshot - {}
RESULT: {"text":"Unit"}
COMMAND: GET /session/7d4ef5db813d7a6cede0ad9a34edc09c/screenshot - {}
RESULT: {}
RESULT: {}
COMMAND: POST /session/7d4ef5db813d7a6cede0ad9a34edc09c/actions - {"actions":[{"id":"action4","type":"key","parameters":{},"actions":[{"type":"keyDown","value":""},{"type":"pause","duration":10},{"type":"keyUp","value":""}]}]}
RESULT: {"actions":[{"id":"action4","type":"key","parameters":{},"actions":[{"type":"keyDown","value":""},{"type":"pause","duration":10},{"type":"keyUp","value":""}]}]}
COMMAND: POST /session/7d4ef5db813d7a6cede0ad9a34edc09c/element - {"using":"xpath","value":"//input[@id=\"application-managesites-display-component---NewSite--addressDetailDetailsYard-inner\"]"}
COMMAND: GET /session/7d4ef5db813d7a6cede0ad9a34edc09c/screenshot - {}
RESULT: {"using":"xpath","value":"//input[@id=\"application-managesites-display-component---NewSite--addressDetailDetailsYard-inner\"]"}
COMMAND: POST /session/7d4ef5db813d7a6cede0ad9a34edc09c/element/f.A871513E4156B49FEA6A1325266FBBC5.d.D2482B9A0456A307A031AC8ED5F6A95C.e.1880/clear - {}
RESULT: {}
RESULT: {}
COMMAND: POST /session/7d4ef5db813d7a6cede0ad9a34edc09c/element/f.A871513E4156B49FEA6A1325266FBBC5.d.D2482B9A0456A307A031AC8ED5F6A95C.e.1880/value - {"text":"632"}
COMMAND: GET /session/7d4ef5db813d7a6cede0ad9a34edc09c/screenshot - {}
RESULT: {"text":"632"}
COMMAND: GET /session/7d4ef5db813d7a6cede0ad9a34edc09c/screenshot - {}
RESULT: {}
RESULT: {}
COMMAND: POST /session/7d4ef5db813d7a6cede0ad9a34edc09c/element - {"using":"xpath","value":"//li[.//span[text()='632']]"}
RESULT: {"using":"xpath","value":"//li[.//span[text()='632']]"}
COMMAND: POST /session/7d4ef5db813d7a6cede0ad9a34edc09c/element/f.A871513E4156B49FEA6A1325266FBBC5.d.D2482B9A0456A307A031AC8ED5F6A95C.e.2171/click - {}
RESULT: {}
COMMAND: GET /session/7d4ef5db813d7a6cede0ad9a34edc09c/screenshot - {}
RESULT: {}
COMMAND: POST /session/7d4ef5db813d7a6cede0ad9a34edc09c/element - {"using":"xpath","value":"//input[@id=\"application-managesites-display-component---NewSite--addressDetailDetailsPartner-inner\"]"}
RESULT: {"using":"xpath","value":"//input[@id=\"application-managesites-display-component---NewSite--addressDetailDetailsPartner-inner\"]"}
COMMAND: POST /session/7d4ef5db813d7a6cede0ad9a34edc09c/element - {"using":"xpath","value":"//input[@id=\"application-managesites-display-component---NewSite--addressDetailDetailsPartner-inner\"]"}
RESULT: {"using":"xpath","value":"//input[@id=\"application-managesites-display-component---NewSite--addressDetailDetailsPartner-inner\"]"}
COMMAND: POST /session/7d4ef5db813d7a6cede0ad9a34edc09c/execute/async - {"script":"<script> [1562 bytes]","args":[{"selector":{"id":"application-managesites-display-component---NewSite--siteWhmCheckBox-label","interaction":{"idSuffix":"bdi"}},"wdio_ui5_key":"applicationmanagesites-display-component---NewSite--siteWhmCheckBox-label"}]}
RESULT: {"script":"<script> [1562 bytes]","args":[{"selector":{"id":"application-managesites-display-component---NewSite--siteWhmCheckBox-label","interaction":{"idSuffix":"bdi"}},"wdio_ui5_key":"applicationmanagesites-display-component---NewSite--siteWhmCheckBox-label"}]}
RESULT: undefined
COMMAND: POST /session/7d4ef5db813d7a6cede0ad9a34edc09c/element - {"using":"xpath","value":"//*[@id=\"application-managesites-display-component---NewSite--siteWhmCheckBox-label\"]"}
RESULT: {"using":"xpath","value":"//*[@id=\"application-managesites-display-component---NewSite--siteWhmCheckBox-label\"]"}
COMMAND: POST /session/7d4ef5db813d7a6cede0ad9a34edc09c/element/f.A871513E4156B49FEA6A1325266FBBC5.d.D2482B9A0456A307A031AC8ED5F6A95C.e.2173/click - {}
RESULT: {}
COMMAND: GET /session/7d4ef5db813d7a6cede0ad9a34edc09c/screenshot - {}
RESULT: {}
COMMAND: POST /session/7d4ef5db813d7a6cede0ad9a34edc09c/element - {"using":"xpath","value":"//button[@data-kt=\"saveButton\"]"}
RESULT: {"using":"xpath","value":"//button[@data-kt=\"saveButton\"]"}
COMMAND: POST /session/7d4ef5db813d7a6cede0ad9a34edc09c/element/f.A871513E4156B49FEA6A1325266FBBC5.d.D2482B9A0456A307A031AC8ED5F6A95C.e.2065/click - {}
RESULT: {}
COMMAND: GET /session/7d4ef5db813d7a6cede0ad9a34edc09c/screenshot - {}
RESULT: {}
COMMAND: POST /session/7d4ef5db813d7a6cede0ad9a34edc09c/element - {"using":"xpath","value":"//header[contains(@id, 'ObjectPageLayout-headerTitle')]/div[1]/div[2]/div[2]/span[1]"}
RESULT: {"using":"xpath","value":"//header[contains(@id, 'ObjectPageLayout-headerTitle')]/div[1]/div[2]/div[2]/span[1]"}
COMMAND: POST /session/7d4ef5db813d7a6cede0ad9a34edc09c/elements - {"using":"xpath","value":"//header[contains(@id, 'ObjectPageLayout-headerTitle')]/div[1]/div[2]/div[2]/span[1]"}
RESULT: {"using":"xpath","value":"//header[contains(@id, 'ObjectPageLayout-headerTitle')]/div[1]/div[2]/div[2]/span[1]"}
COMMAND: POST /session/7d4ef5db813d7a6cede0ad9a34edc09c/execute/sync - {"script":"<script> [56 bytes]","args":[{"element-6066-11e4-a52e-4f735466cecf":"f.A871513E4156B49FEA6A1325266FBBC5.d.D2482B9A0456A307A031AC8ED5F6A95C.e.2380","ELEMENT":"f.A871513E4156B49FEA6A1325266FBBC5.d.D2482B9A0456A307A031AC8ED5F6A95C.e.2380"}]}
RESULT: {"script":"<script> [56 bytes]","args":[{"element-6066-11e4-a52e-4f735466cecf":"f.A871513E4156B49FEA6A1325266FBBC5.d.D2482B9A0456A307A031AC8ED5F6A95C.e.2380","ELEMENT":"f.A871513E4156B49FEA6A1325266FBBC5.d.D2482B9A0456A307A031AC8ED5F6A95C.e.2380"}]}
COMMAND: POST /session/7d4ef5db813d7a6cede0ad9a34edc09c/element - {"using":"css selector","value":"#shell-header-logo"}
COMMAND: GET /session/7d4ef5db813d7a6cede0ad9a34edc09c/screenshot - {}
RESULT: {"using":"css selector","value":"#shell-header-logo"}
COMMAND: POST /session/7d4ef5db813d7a6cede0ad9a34edc09c/element/f.A871513E4156B49FEA6A1325266FBBC5.d.D2482B9A0456A307A031AC8ED5F6A95C.e.1667/click - {}
RESULT: {}
RESULT: {}
COMMAND: GET /session/7d4ef5db813d7a6cede0ad9a34edc09c/screenshot - {}
RESULT: {}
COMMAND: POST /session/7d4ef5db813d7a6cede0ad9a34edc09c/execute/sync - {"script":"<script> [299 bytes]","args":[["getModel","getResource"]]}
RESULT: {"script":"<script> [299 bytes]","args":[["getModel","getResource"]]}
COMMAND: GET /session/7d4ef5db813d7a6cede0ad9a34edc09c/screenshot - {}
]]></system-out>
    </testcase>
    <testcase classname="chrome.136_0_7103_93.windows.Stock_increase_-_with_WHM_US125587" name="Should create a new material" time="126.388">
      <system-out><![CDATA[
COMMAND: POST /session/7d4ef5db813d7a6cede0ad9a34edc09c/execute/async - {"script":"<script> [1562 bytes]","args":[{"selector":{"controlType":"sap.m.GenericTile","properties":{"header":"Manage Resources"}},"wdio_ui5_key":"sapm.GenericTile{\"header\":\"Manage Resources\"}"}]}
RESULT: {}
RESULT: {"script":"<script> [1562 bytes]","args":[{"selector":{"controlType":"sap.m.GenericTile","properties":{"header":"Manage Resources"}},"wdio_ui5_key":"sapm.GenericTile{\"header\":\"Manage Resources\"}"}]}
RESULT: undefined
COMMAND: POST /session/7d4ef5db813d7a6cede0ad9a34edc09c/element - {"using":"xpath","value":"//*[@id=\"__tile39\"]"}
RESULT: {"using":"xpath","value":"//*[@id=\"__tile39\"]"}
COMMAND: POST /session/7d4ef5db813d7a6cede0ad9a34edc09c/element/f.A871513E4156B49FEA6A1325266FBBC5.d.D2482B9A0456A307A031AC8ED5F6A95C.e.118/click - {}
RESULT: {}
COMMAND: GET /session/7d4ef5db813d7a6cede0ad9a34edc09c/screenshot - {}
RESULT: {}
COMMAND: POST /session/7d4ef5db813d7a6cede0ad9a34edc09c/elements - {"using":"xpath","value":"//span[text()='Error']"}
RESULT: {"using":"xpath","value":"//span[text()='Error']"}
COMMAND: POST /session/7d4ef5db813d7a6cede0ad9a34edc09c/element - {"using":"xpath","value":"//button[@data-kt=\"addNewRUOverflowToolbarButton\"]"}
RESULT: {"using":"xpath","value":"//button[@data-kt=\"addNewRUOverflowToolbarButton\"]"}
COMMAND: POST /session/7d4ef5db813d7a6cede0ad9a34edc09c/elements - {"using":"xpath","value":"//button[@data-kt=\"addNewRUOverflowToolbarButton\"]"}
RESULT: {"using":"xpath","value":"//button[@data-kt=\"addNewRUOverflowToolbarButton\"]"}
COMMAND: POST /session/7d4ef5db813d7a6cede0ad9a34edc09c/elements - {"using":"xpath","value":"//button[@data-kt=\"addNewRUOverflowToolbarButton\"]"}
RESULT: {"using":"xpath","value":"//button[@data-kt=\"addNewRUOverflowToolbarButton\"]"}
COMMAND: POST /session/7d4ef5db813d7a6cede0ad9a34edc09c/element - {"using":"xpath","value":"//button[@data-kt=\"addNewRUOverflowToolbarButton\"]"}
RESULT: {"using":"xpath","value":"//button[@data-kt=\"addNewRUOverflowToolbarButton\"]"}
COMMAND: POST /session/7d4ef5db813d7a6cede0ad9a34edc09c/execute/sync - {"script":"<script> [8489 bytes]","args":[{"element-6066-11e4-a52e-4f735466cecf":"f.A871513E4156B49FEA6A1325266FBBC5.d.D2482B9A0456A307A031AC8ED5F6A95C.e.2424","ELEMENT":"f.A871513E4156B49FEA6A1325266FBBC5.d.D2482B9A0456A307A031AC8ED5F6A95C.e.2424"}]}
RESULT: {"script":"<script> [8489 bytes]","args":[{"element-6066-11e4-a52e-4f735466cecf":"f.A871513E4156B49FEA6A1325266FBBC5.d.D2482B9A0456A307A031AC8ED5F6A95C.e.2424","ELEMENT":"f.A871513E4156B49FEA6A1325266FBBC5.d.D2482B9A0456A307A031AC8ED5F6A95C.e.2424"}]}
COMMAND: GET /session/7d4ef5db813d7a6cede0ad9a34edc09c/element/f.A871513E4156B49FEA6A1325266FBBC5.d.D2482B9A0456A307A031AC8ED5F6A95C.e.2424/enabled - {}
COMMAND: GET /session/7d4ef5db813d7a6cede0ad9a34edc09c/screenshot - {}
RESULT: {}
COMMAND: POST /session/7d4ef5db813d7a6cede0ad9a34edc09c/execute/sync - {"script":"<script> [8489 bytes]","args":[{"element-6066-11e4-a52e-4f735466cecf":"f.A871513E4156B49FEA6A1325266FBBC5.d.D2482B9A0456A307A031AC8ED5F6A95C.e.2424","ELEMENT":"f.A871513E4156B49FEA6A1325266FBBC5.d.D2482B9A0456A307A031AC8ED5F6A95C.e.2424"}]}
COMMAND: GET /session/7d4ef5db813d7a6cede0ad9a34edc09c/screenshot - {}
RESULT: {}
RESULT: {"script":"<script> [8489 bytes]","args":[{"element-6066-11e4-a52e-4f735466cecf":"f.A871513E4156B49FEA6A1325266FBBC5.d.D2482B9A0456A307A031AC8ED5F6A95C.e.2424","ELEMENT":"f.A871513E4156B49FEA6A1325266FBBC5.d.D2482B9A0456A307A031AC8ED5F6A95C.e.2424"}]}
COMMAND: POST /session/7d4ef5db813d7a6cede0ad9a34edc09c/execute/sync - {"script":"<script> [5351 bytes]","args":[{"element-6066-11e4-a52e-4f735466cecf":"f.A871513E4156B49FEA6A1325266FBBC5.d.D2482B9A0456A307A031AC8ED5F6A95C.e.2424","ELEMENT":"f.A871513E4156B49FEA6A1325266FBBC5.d.D2482B9A0456A307A031AC8ED5F6A95C.e.2424"}]}
COMMAND: GET /session/7d4ef5db813d7a6cede0ad9a34edc09c/screenshot - {}
RESULT: {}
RESULT: {"script":"<script> [5351 bytes]","args":[{"element-6066-11e4-a52e-4f735466cecf":"f.A871513E4156B49FEA6A1325266FBBC5.d.D2482B9A0456A307A031AC8ED5F6A95C.e.2424","ELEMENT":"f.A871513E4156B49FEA6A1325266FBBC5.d.D2482B9A0456A307A031AC8ED5F6A95C.e.2424"}]}
COMMAND: POST /session/7d4ef5db813d7a6cede0ad9a34edc09c/element/f.A871513E4156B49FEA6A1325266FBBC5.d.D2482B9A0456A307A031AC8ED5F6A95C.e.2424/click - {}
COMMAND: GET /session/7d4ef5db813d7a6cede0ad9a34edc09c/screenshot - {}
RESULT: {}
RESULT: {}
COMMAND: GET /session/7d4ef5db813d7a6cede0ad9a34edc09c/screenshot - {}
COMMAND: POST /session/7d4ef5db813d7a6cede0ad9a34edc09c/execute/async - {"script":"<script> [1562 bytes]","args":[{"selector":{"id":"application-manageresources-display-component---newResourceUnit--TYPE-arrow"},"wdio_ui5_key":"applicationmanageresources-display-component---newResourceUnit--TYPE-arrow"}]}
RESULT: {}
RESULT: {}
RESULT: {"script":"<script> [1562 bytes]","args":[{"selector":{"id":"application-manageresources-display-component---newResourceUnit--TYPE-arrow"},"wdio_ui5_key":"applicationmanageresources-display-component---newResourceUnit--TYPE-arrow"}]}
RESULT: undefined
COMMAND: POST /session/7d4ef5db813d7a6cede0ad9a34edc09c/element - {"using":"xpath","value":"//*[@id=\"application-manageresources-display-component---newResourceUnit--TYPE-arrow\"]"}
RESULT: {"using":"xpath","value":"//*[@id=\"application-manageresources-display-component---newResourceUnit--TYPE-arrow\"]"}
COMMAND: POST /session/7d4ef5db813d7a6cede0ad9a34edc09c/element/f.A871513E4156B49FEA6A1325266FBBC5.d.D2482B9A0456A307A031AC8ED5F6A95C.e.2774/click - {}
RESULT: {}
COMMAND: POST /session/7d4ef5db813d7a6cede0ad9a34edc09c/element - {"using":"xpath","value":"//input[@id=\"application-manageresources-display-component---newResourceUnit--TYPE-inner\"]"}
COMMAND: GET /session/7d4ef5db813d7a6cede0ad9a34edc09c/screenshot - {}
RESULT: {"using":"xpath","value":"//input[@id=\"application-manageresources-display-component---newResourceUnit--TYPE-inner\"]"}
COMMAND: POST /session/7d4ef5db813d7a6cede0ad9a34edc09c/element/f.A871513E4156B49FEA6A1325266FBBC5.d.D2482B9A0456A307A031AC8ED5F6A95C.e.2766/clear - {}
RESULT: {}
RESULT: {}
COMMAND: POST /session/7d4ef5db813d7a6cede0ad9a34edc09c/element/f.A871513E4156B49FEA6A1325266FBBC5.d.D2482B9A0456A307A031AC8ED5F6A95C.e.2766/value - {"text":"Material"}
COMMAND: GET /session/7d4ef5db813d7a6cede0ad9a34edc09c/screenshot - {}
RESULT: {"text":"Material"}
COMMAND: GET /session/7d4ef5db813d7a6cede0ad9a34edc09c/screenshot - {}
RESULT: {}
RESULT: {}
COMMAND: POST /session/7d4ef5db813d7a6cede0ad9a34edc09c/actions - {"actions":[{"id":"action5","type":"key","parameters":{},"actions":[{"type":"keyDown","value":""},{"type":"pause","duration":10},{"type":"keyUp","value":""}]}]}
RESULT: {"actions":[{"id":"action5","type":"key","parameters":{},"actions":[{"type":"keyDown","value":""},{"type":"pause","duration":10},{"type":"keyUp","value":""}]}]}
COMMAND: POST /session/7d4ef5db813d7a6cede0ad9a34edc09c/execute/async - {"script":"<script> [1562 bytes]","args":[{"selector":{"id":"application-manageresources-display-component---newResourceUnit--SHORT_TEXT","interaction":{"idSuffix":"inner"}},"wdio_ui5_key":"applicationmanageresources-display-component---newResourceUnit--SHORT_TEXT"}]}
COMMAND: GET /session/7d4ef5db813d7a6cede0ad9a34edc09c/screenshot - {}
RESULT: {"script":"<script> [1562 bytes]","args":[{"selector":{"id":"application-manageresources-display-component---newResourceUnit--SHORT_TEXT","interaction":{"idSuffix":"inner"}},"wdio_ui5_key":"applicationmanageresources-display-component---newResourceUnit--SHORT_TEXT"}]}
RESULT: undefined
COMMAND: POST /session/7d4ef5db813d7a6cede0ad9a34edc09c/execute/async - {"script":"<script> [776 bytes]","args":[{"enterText":"Cement WDIO","selector":{"id":"application-manageresources-display-component---newResourceUnit--SHORT_TEXT","interaction":{"idSuffix":"inner"}},"clearTextFirst":true,"interactionType":"ENTER_TEXT"}]}
RESULT: {}
RESULT: {"script":"<script> [776 bytes]","args":[{"enterText":"Cement WDIO","selector":{"id":"application-manageresources-display-component---newResourceUnit--SHORT_TEXT","interaction":{"idSuffix":"inner"}},"clearTextFirst":true,"interactionType":"ENTER_TEXT"}]}
COMMAND: POST /session/7d4ef5db813d7a6cede0ad9a34edc09c/execute/async - {"script":"<script> [1562 bytes]","args":[{"selector":{"id":"application-manageresources-display-component---newResourceUnit--BASE_UNIT_OF_MEASURE","interaction":{"idSuffix":"inner"}},"wdio_ui5_key":"applicationmanageresources-display-component---newResourceUnit--BASE_UNIT_OF_MEASURE"}]}
RESULT: {"script":"<script> [1562 bytes]","args":[{"selector":{"id":"application-manageresources-display-component---newResourceUnit--BASE_UNIT_OF_MEASURE","interaction":{"idSuffix":"inner"}},"wdio_ui5_key":"applicationmanageresources-display-component---newResourceUnit--BASE_UNIT_OF_MEASURE"}]}
RESULT: undefined
COMMAND: POST /session/7d4ef5db813d7a6cede0ad9a34edc09c/execute/async - {"script":"<script> [776 bytes]","args":[{"enterText":"Piece","selector":{"id":"application-manageresources-display-component---newResourceUnit--BASE_UNIT_OF_MEASURE","interaction":{"idSuffix":"inner"}},"clearTextFirst":true,"interactionType":"ENTER_TEXT"}]}
RESULT: {"script":"<script> [776 bytes]","args":[{"enterText":"Piece","selector":{"id":"application-manageresources-display-component---newResourceUnit--BASE_UNIT_OF_MEASURE","interaction":{"idSuffix":"inner"}},"clearTextFirst":true,"interactionType":"ENTER_TEXT"}]}
COMMAND: POST /session/7d4ef5db813d7a6cede0ad9a34edc09c/execute/async - {"script":"<script> [1562 bytes]","args":[{"selector":{"id":"application-manageresources-display-component---newResourceUnit--WEIGHT_UNIT","interaction":{"idSuffix":"inner"}},"wdio_ui5_key":"applicationmanageresources-display-component---newResourceUnit--WEIGHT_UNIT"}]}
RESULT: {"script":"<script> [1562 bytes]","args":[{"selector":{"id":"application-manageresources-display-component---newResourceUnit--WEIGHT_UNIT","interaction":{"idSuffix":"inner"}},"wdio_ui5_key":"applicationmanageresources-display-component---newResourceUnit--WEIGHT_UNIT"}]}
RESULT: undefined
COMMAND: POST /session/7d4ef5db813d7a6cede0ad9a34edc09c/execute/async - {"script":"<script> [776 bytes]","args":[{"enterText":"Gram","selector":{"id":"application-manageresources-display-component---newResourceUnit--WEIGHT_UNIT","interaction":{"idSuffix":"inner"}},"clearTextFirst":true,"interactionType":"ENTER_TEXT"}]}
RESULT: {"script":"<script> [776 bytes]","args":[{"enterText":"Gram","selector":{"id":"application-manageresources-display-component---newResourceUnit--WEIGHT_UNIT","interaction":{"idSuffix":"inner"}},"clearTextFirst":true,"interactionType":"ENTER_TEXT"}]}
COMMAND: POST /session/7d4ef5db813d7a6cede0ad9a34edc09c/execute/async - {"script":"<script> [1562 bytes]","args":[{"selector":{"id":"application-manageresources-display-component---newResourceUnit--DIMENSION_UNIT","interaction":{"idSuffix":"inner"}},"wdio_ui5_key":"applicationmanageresources-display-component---newResourceUnit--DIMENSION_UNIT"}]}
RESULT: {"script":"<script> [1562 bytes]","args":[{"selector":{"id":"application-manageresources-display-component---newResourceUnit--DIMENSION_UNIT","interaction":{"idSuffix":"inner"}},"wdio_ui5_key":"applicationmanageresources-display-component---newResourceUnit--DIMENSION_UNIT"}]}
RESULT: undefined
COMMAND: POST /session/7d4ef5db813d7a6cede0ad9a34edc09c/execute/async - {"script":"<script> [776 bytes]","args":[{"enterText":"Meter","selector":{"id":"application-manageresources-display-component---newResourceUnit--DIMENSION_UNIT","interaction":{"idSuffix":"inner"}},"clearTextFirst":true,"interactionType":"ENTER_TEXT"}]}
RESULT: {"script":"<script> [776 bytes]","args":[{"enterText":"Meter","selector":{"id":"application-manageresources-display-component---newResourceUnit--DIMENSION_UNIT","interaction":{"idSuffix":"inner"}},"clearTextFirst":true,"interactionType":"ENTER_TEXT"}]}
COMMAND: POST /session/7d4ef5db813d7a6cede0ad9a34edc09c/execute/async - {"script":"<script> [1562 bytes]","args":[{"selector":{"id":"application-manageresources-display-component---newResourceUnit--newRRUPage-anchBar-application-manageresources-display-component---newResourceUnit--control-anchor","interaction":{"idSuffix":"BDI-content"}},"wdio_ui5_key":"applicationmanageresources-display-component---newResourceUnit--newRRUPage-anchBar-application-manageresources-display-component---newResourceUnit--control-anchor"}]}
RESULT: {"script":"<script> [1562 bytes]","args":[{"selector":{"id":"application-manageresources-display-component---newResourceUnit--newRRUPage-anchBar-application-manageresources-display-component---newResourceUnit--control-anchor","interaction":{"idSuffix":"BDI-content"}},"wdio_ui5_key":"applicationmanageresources-display-component---newResourceUnit--newRRUPage-anchBar-application-manageresources-display-component---newResourceUnit--control-anchor"}]}
RESULT: undefined
COMMAND: POST /session/7d4ef5db813d7a6cede0ad9a34edc09c/element - {"using":"xpath","value":"//*[@id=\"application-manageresources-display-component---newResourceUnit--newRRUPage-anchBar-application-manageresources-display-component---newResourceUnit--control-anchor\"]"}
RESULT: {"using":"xpath","value":"//*[@id=\"application-manageresources-display-component---newResourceUnit--newRRUPage-anchBar-application-manageresources-display-component---newResourceUnit--control-anchor\"]"}
COMMAND: POST /session/7d4ef5db813d7a6cede0ad9a34edc09c/element/f.A871513E4156B49FEA6A1325266FBBC5.d.D2482B9A0456A307A031AC8ED5F6A95C.e.2839/click - {}
RESULT: {}
COMMAND: POST /session/7d4ef5db813d7a6cede0ad9a34edc09c/execute/async - {"script":"<script> [1562 bytes]","args":[{"selector":{"id":"application-manageresources-display-component---newResourceUnit--PLANNING_GROUP","interaction":{"idSuffix":"inner"}},"wdio_ui5_key":"applicationmanageresources-display-component---newResourceUnit--PLANNING_GROUP"}]}
COMMAND: GET /session/7d4ef5db813d7a6cede0ad9a34edc09c/screenshot - {}
RESULT: {"script":"<script> [1562 bytes]","args":[{"selector":{"id":"application-manageresources-display-component---newResourceUnit--PLANNING_GROUP","interaction":{"idSuffix":"inner"}},"wdio_ui5_key":"applicationmanageresources-display-component---newResourceUnit--PLANNING_GROUP"}]}
RESULT: undefined
COMMAND: POST /session/7d4ef5db813d7a6cede0ad9a34edc09c/execute/async - {"script":"<script> [776 bytes]","args":[{"enterText":"Material","selector":{"id":"application-manageresources-display-component---newResourceUnit--PLANNING_GROUP","interaction":{"idSuffix":"inner"}},"clearTextFirst":true,"interactionType":"ENTER_TEXT"}]}
RESULT: {}
RESULT: {"script":"<script> [776 bytes]","args":[{"enterText":"Material","selector":{"id":"application-manageresources-display-component---newResourceUnit--PLANNING_GROUP","interaction":{"idSuffix":"inner"}},"clearTextFirst":true,"interactionType":"ENTER_TEXT"}]}
COMMAND: POST /session/7d4ef5db813d7a6cede0ad9a34edc09c/execute/async - {"script":"<script> [1562 bytes]","args":[{"selector":{"id":"application-manageresources-display-component---newResourceUnit--PLANNING_INDICATOR","interaction":{"idSuffix":"inner"}},"wdio_ui5_key":"applicationmanageresources-display-component---newResourceUnit--PLANNING_INDICATOR"}]}
RESULT: {"script":"<script> [1562 bytes]","args":[{"selector":{"id":"application-manageresources-display-component---newResourceUnit--PLANNING_INDICATOR","interaction":{"idSuffix":"inner"}},"wdio_ui5_key":"applicationmanageresources-display-component---newResourceUnit--PLANNING_INDICATOR"}]}
RESULT: undefined
COMMAND: POST /session/7d4ef5db813d7a6cede0ad9a34edc09c/execute/async - {"script":"<script> [776 bytes]","args":[{"enterText":"10 - infinite","selector":{"id":"application-manageresources-display-component---newResourceUnit--PLANNING_INDICATOR","interaction":{"idSuffix":"inner"}},"clearTextFirst":true,"interactionType":"ENTER_TEXT"}]}
RESULT: {"script":"<script> [776 bytes]","args":[{"enterText":"10 - infinite","selector":{"id":"application-manageresources-display-component---newResourceUnit--PLANNING_INDICATOR","interaction":{"idSuffix":"inner"}},"clearTextFirst":true,"interactionType":"ENTER_TEXT"}]}
COMMAND: POST /session/7d4ef5db813d7a6cede0ad9a34edc09c/element - {"using":"css selector","value":"#application-manageresources-display-component---newResourceUnit--btnAddTimeSegment"}
RESULT: {"using":"css selector","value":"#application-manageresources-display-component---newResourceUnit--btnAddTimeSegment"}
COMMAND: GET /session/7d4ef5db813d7a6cede0ad9a34edc09c/element/f.A871513E4156B49FEA6A1325266FBBC5.d.D2482B9A0456A307A031AC8ED5F6A95C.e.2849/rect - {}
RESULT: {}
COMMAND: GET /session/7d4ef5db813d7a6cede0ad9a34edc09c/window/rect - {}
RESULT: {}
COMMAND: POST /session/7d4ef5db813d7a6cede0ad9a34edc09c/execute/sync - {"script":"<script> [92 bytes]","args":[]}
RESULT: {"script":"<script> [92 bytes]","args":[]}
COMMAND: POST /session/7d4ef5db813d7a6cede0ad9a34edc09c/actions - {"actions":[{"id":"action6","type":"wheel","parameters":{},"actions":[{"type":"scroll","x":-1888,"y":-32,"deltaX":0,"deltaY":0,"duration":0,"origin":{"element-6066-11e4-a52e-4f735466cecf":"f.A871513E4156B49FEA6A1325266FBBC5.d.D2482B9A0456A307A031AC8ED5F6A95C.e.2849"}}]}]}
COMMAND: GET /session/7d4ef5db813d7a6cede0ad9a34edc09c/screenshot - {}
RESULT: {}
COMMAND: POST /session/7d4ef5db813d7a6cede0ad9a34edc09c/execute/sync - {"script":"<script> [79 bytes]","args":[{"element-6066-11e4-a52e-4f735466cecf":"f.A871513E4156B49FEA6A1325266FBBC5.d.D2482B9A0456A307A031AC8ED5F6A95C.e.2849","ELEMENT":"f.A871513E4156B49FEA6A1325266FBBC5.d.D2482B9A0456A307A031AC8ED5F6A95C.e.2849"},{"block":"start","inline":"nearest"}]}
RESULT: {"script":"<script> [79 bytes]","args":[{"element-6066-11e4-a52e-4f735466cecf":"f.A871513E4156B49FEA6A1325266FBBC5.d.D2482B9A0456A307A031AC8ED5F6A95C.e.2849","ELEMENT":"f.A871513E4156B49FEA6A1325266FBBC5.d.D2482B9A0456A307A031AC8ED5F6A95C.e.2849"},{"block":"start","inline":"nearest"}]}
COMMAND: POST /session/7d4ef5db813d7a6cede0ad9a34edc09c/execute/async - {"script":"<script> [1562 bytes]","args":[{"selector":{"id":"application-manageresources-display-component---newResourceUnit--btnAddTimeSegment","interaction":{"idSuffix":"inner"}},"wdio_ui5_key":"applicationmanageresources-display-component---newResourceUnit--btnAddTimeSegment"}]}
COMMAND: GET /session/7d4ef5db813d7a6cede0ad9a34edc09c/screenshot - {}
RESULT: {"script":"<script> [1562 bytes]","args":[{"selector":{"id":"application-manageresources-display-component---newResourceUnit--btnAddTimeSegment","interaction":{"idSuffix":"inner"}},"wdio_ui5_key":"applicationmanageresources-display-component---newResourceUnit--btnAddTimeSegment"}]}
RESULT: undefined
COMMAND: POST /session/7d4ef5db813d7a6cede0ad9a34edc09c/element - {"using":"xpath","value":"//*[@id=\"application-manageresources-display-component---newResourceUnit--btnAddTimeSegment\"]"}
RESULT: {}
RESULT: {"using":"xpath","value":"//*[@id=\"application-manageresources-display-component---newResourceUnit--btnAddTimeSegment\"]"}
COMMAND: POST /session/7d4ef5db813d7a6cede0ad9a34edc09c/element/f.A871513E4156B49FEA6A1325266FBBC5.d.D2482B9A0456A307A031AC8ED5F6A95C.e.2849/click - {}
RESULT: {}
COMMAND: GET /session/7d4ef5db813d7a6cede0ad9a34edc09c/screenshot - {}
RESULT: {}
COMMAND: POST /session/7d4ef5db813d7a6cede0ad9a34edc09c/element - {"using":"xpath","value":"//input[@id=\"application-manageresources-display-component---newResourceUnit--idRuTSAdmin-application-manageresources-display-component---newResourceUnit--RUTimeSegment-0-inner\"]"}
RESULT: {"using":"xpath","value":"//input[@id=\"application-manageresources-display-component---newResourceUnit--idRuTSAdmin-application-manageresources-display-component---newResourceUnit--RUTimeSegment-0-inner\"]"}
COMMAND: POST /session/7d4ef5db813d7a6cede0ad9a34edc09c/element/f.A871513E4156B49FEA6A1325266FBBC5.d.D2482B9A0456A307A031AC8ED5F6A95C.e.2854/clear - {}
RESULT: {}
COMMAND: POST /session/7d4ef5db813d7a6cede0ad9a34edc09c/element/f.A871513E4156B49FEA6A1325266FBBC5.d.D2482B9A0456A307A031AC8ED5F6A95C.e.2854/value - {"text":"632"}
COMMAND: GET /session/7d4ef5db813d7a6cede0ad9a34edc09c/screenshot - {}
RESULT: {"text":"632"}
COMMAND: GET /session/7d4ef5db813d7a6cede0ad9a34edc09c/screenshot - {}
RESULT: {}
RESULT: {}
COMMAND: POST /session/7d4ef5db813d7a6cede0ad9a34edc09c/element - {"using":"xpath","value":"//li[.//span[text()='632']]"}
RESULT: {"using":"xpath","value":"//li[.//span[text()='632']]"}
COMMAND: POST /session/7d4ef5db813d7a6cede0ad9a34edc09c/element/f.A871513E4156B49FEA6A1325266FBBC5.d.D2482B9A0456A307A031AC8ED5F6A95C.e.2865/click - {}
RESULT: {}
COMMAND: GET /session/7d4ef5db813d7a6cede0ad9a34edc09c/screenshot - {}
RESULT: {}
COMMAND: POST /session/7d4ef5db813d7a6cede0ad9a34edc09c/element - {"using":"xpath","value":"(//span[contains(@id, \"-application-manageresources-display-component---newResourceUnit--RUTimeSegment-0-arrow\")])[2]"}
RESULT: {"using":"xpath","value":"(//span[contains(@id, \"-application-manageresources-display-component---newResourceUnit--RUTimeSegment-0-arrow\")])[2]"}
COMMAND: POST /session/7d4ef5db813d7a6cede0ad9a34edc09c/element/f.A871513E4156B49FEA6A1325266FBBC5.d.D2482B9A0456A307A031AC8ED5F6A95C.e.2866/click - {}
RESULT: {}
COMMAND: POST /session/7d4ef5db813d7a6cede0ad9a34edc09c/element - {"using":"xpath","value":"//span[contains(text(), \"PM Order\")]"}
COMMAND: GET /session/7d4ef5db813d7a6cede0ad9a34edc09c/screenshot - {}
RESULT: {"using":"xpath","value":"//span[contains(text(), \"PM Order\")]"}
COMMAND: POST /session/7d4ef5db813d7a6cede0ad9a34edc09c/element/f.A871513E4156B49FEA6A1325266FBBC5.d.D2482B9A0456A307A031AC8ED5F6A95C.e.2867/click - {}
RESULT: {}
RESULT: {}
COMMAND: GET /session/7d4ef5db813d7a6cede0ad9a34edc09c/screenshot - {}
RESULT: {}
COMMAND: POST /session/7d4ef5db813d7a6cede0ad9a34edc09c/element - {"using":"xpath","value":"//td/div/div/div/span[contains(@id, \"newResourceUnit--RUTimeSegment-0-vhi\")][1]"}
RESULT: {"using":"xpath","value":"//td/div/div/div/span[contains(@id, \"newResourceUnit--RUTimeSegment-0-vhi\")][1]"}
COMMAND: GET /session/7d4ef5db813d7a6cede0ad9a34edc09c/element/f.A871513E4156B49FEA6A1325266FBBC5.d.D2482B9A0456A307A031AC8ED5F6A95C.e.2871/rect - {}
RESULT: {}
COMMAND: GET /session/7d4ef5db813d7a6cede0ad9a34edc09c/window/rect - {}
RESULT: {}
COMMAND: POST /session/7d4ef5db813d7a6cede0ad9a34edc09c/execute/sync - {"script":"<script> [92 bytes]","args":[]}
RESULT: {"script":"<script> [92 bytes]","args":[]}
COMMAND: POST /session/7d4ef5db813d7a6cede0ad9a34edc09c/actions - {"actions":[{"id":"action7","type":"wheel","parameters":{},"actions":[{"type":"scroll","x":-1888,"y":-24,"deltaX":0,"deltaY":0,"duration":0,"origin":{"element-6066-11e4-a52e-4f735466cecf":"f.A871513E4156B49FEA6A1325266FBBC5.d.D2482B9A0456A307A031AC8ED5F6A95C.e.2871"}}]}]}
COMMAND: GET /session/7d4ef5db813d7a6cede0ad9a34edc09c/screenshot - {}
RESULT: {}
COMMAND: POST /session/7d4ef5db813d7a6cede0ad9a34edc09c/execute/sync - {"script":"<script> [79 bytes]","args":[{"element-6066-11e4-a52e-4f735466cecf":"f.A871513E4156B49FEA6A1325266FBBC5.d.D2482B9A0456A307A031AC8ED5F6A95C.e.2871","ELEMENT":"f.A871513E4156B49FEA6A1325266FBBC5.d.D2482B9A0456A307A031AC8ED5F6A95C.e.2871"},{"block":"start","inline":"nearest"}]}
RESULT: {"script":"<script> [79 bytes]","args":[{"element-6066-11e4-a52e-4f735466cecf":"f.A871513E4156B49FEA6A1325266FBBC5.d.D2482B9A0456A307A031AC8ED5F6A95C.e.2871","ELEMENT":"f.A871513E4156B49FEA6A1325266FBBC5.d.D2482B9A0456A307A031AC8ED5F6A95C.e.2871"},{"block":"start","inline":"nearest"}]}
COMMAND: GET /session/7d4ef5db813d7a6cede0ad9a34edc09c/screenshot - {}
RESULT: {}
COMMAND: POST /session/7d4ef5db813d7a6cede0ad9a34edc09c/element/f.A871513E4156B49FEA6A1325266FBBC5.d.D2482B9A0456A307A031AC8ED5F6A95C.e.2871/click - {}
RESULT: {}
COMMAND: GET /session/7d4ef5db813d7a6cede0ad9a34edc09c/screenshot - {}
RESULT: {}
RESULT: undefined
COMMAND: POST /session/7d4ef5db813d7a6cede0ad9a34edc09c/execute/async - {"script":"<script> [776 bytes]","args":[{"enterText":"4000360","selector":{"controlType":"sap.m.SearchField","properties":{"placeholder":"Search"},"searchOpenDialogs":true,"interaction":{"idSuffix":"I"}},"clearTextFirst":true,"interactionType":"ENTER_TEXT"}]}
RESULT: {"script":"<script> [776 bytes]","args":[{"enterText":"4000360","selector":{"controlType":"sap.m.SearchField","properties":{"placeholder":"Search"},"searchOpenDialogs":true,"interaction":{"idSuffix":"I"}},"clearTextFirst":true,"interactionType":"ENTER_TEXT"}]}
COMMAND: POST /session/7d4ef5db813d7a6cede0ad9a34edc09c/actions - {"actions":[{"id":"action8","type":"key","parameters":{},"actions":[{"type":"keyDown","value":""},{"type":"pause","duration":10},{"type":"keyUp","value":""}]}]}
RESULT: {"actions":[{"id":"action8","type":"key","parameters":{},"actions":[{"type":"keyDown","value":""},{"type":"pause","duration":10},{"type":"keyUp","value":""}]}]}
COMMAND: GET /session/7d4ef5db813d7a6cede0ad9a34edc09c/screenshot - {}
RESULT: {}
COMMAND: POST /session/7d4ef5db813d7a6cede0ad9a34edc09c/element - {"using":"xpath","value":"//td/div/span[contains(text(), \"BGL Vehicles\")]"}
RESULT: {"using":"xpath","value":"//td/div/span[contains(text(), \"BGL Vehicles\")]"}
COMMAND: POST /session/7d4ef5db813d7a6cede0ad9a34edc09c/element/f.A871513E4156B49FEA6A1325266FBBC5.d.D2482B9A0456A307A031AC8ED5F6A95C.e.2890/click - {}
RESULT: {}
COMMAND: GET /session/7d4ef5db813d7a6cede0ad9a34edc09c/screenshot - {}
RESULT: {}
COMMAND: POST /session/7d4ef5db813d7a6cede0ad9a34edc09c/element - {"using":"xpath","value":"//bdi[contains(text(), \"OK\")]"}
RESULT: {"using":"xpath","value":"//bdi[contains(text(), \"OK\")]"}
COMMAND: POST /session/7d4ef5db813d7a6cede0ad9a34edc09c/element/f.A871513E4156B49FEA6A1325266FBBC5.d.D2482B9A0456A307A031AC8ED5F6A95C.e.2891/click - {}
RESULT: {}
COMMAND: GET /session/7d4ef5db813d7a6cede0ad9a34edc09c/screenshot - {}
RESULT: {}
COMMAND: POST /session/7d4ef5db813d7a6cede0ad9a34edc09c/element - {"using":"xpath","value":"//label[contains(@class, 'sapMLabelRequired') and .//bdi[contains(text(), 'Planned Retirement')]]"}
RESULT: {"using":"xpath","value":"//label[contains(@class, 'sapMLabelRequired') and .//bdi[contains(text(), 'Planned Retirement')]]"}
COMMAND: POST /session/7d4ef5db813d7a6cede0ad9a34edc09c/elements - {"using":"xpath","value":"//label[contains(@class, 'sapMLabelRequired') and .//bdi[contains(text(), 'Planned Retirement')]]"}
RESULT: {"using":"xpath","value":"//label[contains(@class, 'sapMLabelRequired') and .//bdi[contains(text(), 'Planned Retirement')]]"}
COMMAND: POST /session/7d4ef5db813d7a6cede0ad9a34edc09c/element - {"using":"xpath","value":"//button[@data-kt=\"resourceUnitSaveButton\"]"}
RESULT: {"using":"xpath","value":"//button[@data-kt=\"resourceUnitSaveButton\"]"}
COMMAND: POST /session/7d4ef5db813d7a6cede0ad9a34edc09c/element/f.A871513E4156B49FEA6A1325266FBBC5.d.D2482B9A0456A307A031AC8ED5F6A95C.e.2792/click - {}
RESULT: {}
COMMAND: GET /session/7d4ef5db813d7a6cede0ad9a34edc09c/screenshot - {}
RESULT: {}
COMMAND: POST /session/7d4ef5db813d7a6cede0ad9a34edc09c/element - {"using":"xpath","value":"//bdi[contains(text(), \"Close\")]"}
RESULT: {"using":"xpath","value":"//bdi[contains(text(), \"Close\")]"}
COMMAND: POST /session/7d4ef5db813d7a6cede0ad9a34edc09c/element/f.A871513E4156B49FEA6A1325266FBBC5.d.D2482B9A0456A307A031AC8ED5F6A95C.e.2898/click - {}
RESULT: {}
COMMAND: GET /session/7d4ef5db813d7a6cede0ad9a34edc09c/screenshot - {}
RESULT: {}
COMMAND: POST /session/7d4ef5db813d7a6cede0ad9a34edc09c/element - {"using":"xpath","value":"//header[contains(@id, 'detailRruPage-headerTitle')]/div[1]/div[2]/div[2]/span[1]"}
RESULT: {"using":"xpath","value":"//header[contains(@id, 'detailRruPage-headerTitle')]/div[1]/div[2]/div[2]/span[1]"}
COMMAND: POST /session/7d4ef5db813d7a6cede0ad9a34edc09c/elements - {"using":"xpath","value":"//header[contains(@id, 'detailRruPage-headerTitle')]/div[1]/div[2]/div[2]/span[1]"}
RESULT: {"using":"xpath","value":"//header[contains(@id, 'detailRruPage-headerTitle')]/div[1]/div[2]/div[2]/span[1]"}
COMMAND: POST /session/7d4ef5db813d7a6cede0ad9a34edc09c/execute/sync - {"script":"<script> [56 bytes]","args":[{"element-6066-11e4-a52e-4f735466cecf":"f.A871513E4156B49FEA6A1325266FBBC5.d.D2482B9A0456A307A031AC8ED5F6A95C.e.2926","ELEMENT":"f.A871513E4156B49FEA6A1325266FBBC5.d.D2482B9A0456A307A031AC8ED5F6A95C.e.2926"}]}
RESULT: {"script":"<script> [56 bytes]","args":[{"element-6066-11e4-a52e-4f735466cecf":"f.A871513E4156B49FEA6A1325266FBBC5.d.D2482B9A0456A307A031AC8ED5F6A95C.e.2926","ELEMENT":"f.A871513E4156B49FEA6A1325266FBBC5.d.D2482B9A0456A307A031AC8ED5F6A95C.e.2926"}]}
COMMAND: POST /session/7d4ef5db813d7a6cede0ad9a34edc09c/element - {"using":"css selector","value":"#shell-header-logo"}
COMMAND: GET /session/7d4ef5db813d7a6cede0ad9a34edc09c/screenshot - {}
RESULT: {"using":"css selector","value":"#shell-header-logo"}
COMMAND: POST /session/7d4ef5db813d7a6cede0ad9a34edc09c/element/f.A871513E4156B49FEA6A1325266FBBC5.d.D2482B9A0456A307A031AC8ED5F6A95C.e.2384/click - {}
RESULT: {}
RESULT: {}
COMMAND: GET /session/7d4ef5db813d7a6cede0ad9a34edc09c/screenshot - {}
RESULT: {}
]]></system-out>
    </testcase>
    <testcase classname="chrome.136_0_7103_93.windows.Stock_increase_-_with_WHM_US125587" name="Bin Status Report Should Create New Organization yard" time="85.902">
      <system-out><![CDATA[
COMMAND: POST /session/7d4ef5db813d7a6cede0ad9a34edc09c/execute/async - {"script":"<script> [1562 bytes]","args":[{"selector":{"controlType":"sap.m.GenericTile","properties":{"header":"Bin Status Report"}},"wdio_ui5_key":"sapm.GenericTile{\"header\":\"Bin Status Report\"}"}]}
RESULT: {"script":"<script> [1562 bytes]","args":[{"selector":{"controlType":"sap.m.GenericTile","properties":{"header":"Bin Status Report"}},"wdio_ui5_key":"sapm.GenericTile{\"header\":\"Bin Status Report\"}"}]}
RESULT: undefined
COMMAND: POST /session/7d4ef5db813d7a6cede0ad9a34edc09c/element - {"using":"xpath","value":"//*[@id=\"__tile104\"]"}
RESULT: {"using":"xpath","value":"//*[@id=\"__tile104\"]"}
COMMAND: POST /session/7d4ef5db813d7a6cede0ad9a34edc09c/element/f.A871513E4156B49FEA6A1325266FBBC5.d.D2482B9A0456A307A031AC8ED5F6A95C.e.2928/click - {}
RESULT: {}
COMMAND: GET /session/7d4ef5db813d7a6cede0ad9a34edc09c/screenshot - {}
RESULT: {}
COMMAND: POST /session/7d4ef5db813d7a6cede0ad9a34edc09c/elements - {"using":"xpath","value":"//span[text()='Error']"}
RESULT: {"using":"xpath","value":"//span[text()='Error']"}
COMMAND: POST /session/7d4ef5db813d7a6cede0ad9a34edc09c/element - {"using":"xpath","value":"//button[@id=\"application-binstatusreport-display-component---warehousing--createOrgBtn\"]"}
RESULT: {"using":"xpath","value":"//button[@id=\"application-binstatusreport-display-component---warehousing--createOrgBtn\"]"}
COMMAND: POST /session/7d4ef5db813d7a6cede0ad9a34edc09c/elements - {"using":"xpath","value":"//button[@id=\"application-binstatusreport-display-component---warehousing--createOrgBtn\"]"}
RESULT: {"using":"xpath","value":"//button[@id=\"application-binstatusreport-display-component---warehousing--createOrgBtn\"]"}
COMMAND: POST /session/7d4ef5db813d7a6cede0ad9a34edc09c/execute/sync - {"script":"<script> [8489 bytes]","args":[{"element-6066-11e4-a52e-4f735466cecf":"f.A871513E4156B49FEA6A1325266FBBC5.d.D2482B9A0456A307A031AC8ED5F6A95C.e.2974","ELEMENT":"f.A871513E4156B49FEA6A1325266FBBC5.d.D2482B9A0456A307A031AC8ED5F6A95C.e.2974"}]}
RESULT: {"script":"<script> [8489 bytes]","args":[{"element-6066-11e4-a52e-4f735466cecf":"f.A871513E4156B49FEA6A1325266FBBC5.d.D2482B9A0456A307A031AC8ED5F6A95C.e.2974","ELEMENT":"f.A871513E4156B49FEA6A1325266FBBC5.d.D2482B9A0456A307A031AC8ED5F6A95C.e.2974"}]}
COMMAND: GET /session/7d4ef5db813d7a6cede0ad9a34edc09c/element/f.A871513E4156B49FEA6A1325266FBBC5.d.D2482B9A0456A307A031AC8ED5F6A95C.e.2974/enabled - {}
COMMAND: GET /session/7d4ef5db813d7a6cede0ad9a34edc09c/screenshot - {}
RESULT: {}
COMMAND: POST /session/7d4ef5db813d7a6cede0ad9a34edc09c/execute/sync - {"script":"<script> [8489 bytes]","args":[{"element-6066-11e4-a52e-4f735466cecf":"f.A871513E4156B49FEA6A1325266FBBC5.d.D2482B9A0456A307A031AC8ED5F6A95C.e.2974","ELEMENT":"f.A871513E4156B49FEA6A1325266FBBC5.d.D2482B9A0456A307A031AC8ED5F6A95C.e.2974"}]}
COMMAND: GET /session/7d4ef5db813d7a6cede0ad9a34edc09c/screenshot - {}
RESULT: {}
RESULT: {"script":"<script> [8489 bytes]","args":[{"element-6066-11e4-a52e-4f735466cecf":"f.A871513E4156B49FEA6A1325266FBBC5.d.D2482B9A0456A307A031AC8ED5F6A95C.e.2974","ELEMENT":"f.A871513E4156B49FEA6A1325266FBBC5.d.D2482B9A0456A307A031AC8ED5F6A95C.e.2974"}]}
COMMAND: POST /session/7d4ef5db813d7a6cede0ad9a34edc09c/execute/sync - {"script":"<script> [5351 bytes]","args":[{"element-6066-11e4-a52e-4f735466cecf":"f.A871513E4156B49FEA6A1325266FBBC5.d.D2482B9A0456A307A031AC8ED5F6A95C.e.2974","ELEMENT":"f.A871513E4156B49FEA6A1325266FBBC5.d.D2482B9A0456A307A031AC8ED5F6A95C.e.2974"}]}
COMMAND: GET /session/7d4ef5db813d7a6cede0ad9a34edc09c/screenshot - {}
RESULT: {}
RESULT: {"script":"<script> [5351 bytes]","args":[{"element-6066-11e4-a52e-4f735466cecf":"f.A871513E4156B49FEA6A1325266FBBC5.d.D2482B9A0456A307A031AC8ED5F6A95C.e.2974","ELEMENT":"f.A871513E4156B49FEA6A1325266FBBC5.d.D2482B9A0456A307A031AC8ED5F6A95C.e.2974"}]}
COMMAND: GET /session/7d4ef5db813d7a6cede0ad9a34edc09c/screenshot - {}
RESULT: {}
RESULT: {}
COMMAND: POST /session/7d4ef5db813d7a6cede0ad9a34edc09c/element/f.A871513E4156B49FEA6A1325266FBBC5.d.D2482B9A0456A307A031AC8ED5F6A95C.e.2974/click - {}
RESULT: {}
COMMAND: GET /session/7d4ef5db813d7a6cede0ad9a34edc09c/screenshot - {}
RESULT: {}
COMMAND: POST /session/7d4ef5db813d7a6cede0ad9a34edc09c/execute/async - {"script":"<script> [1562 bytes]","args":[{"selector":{"id":"createOrganizationPop--sectionInput","searchOpenDialogs":true,"interaction":{"idSuffix":"inner"}},"wdio_ui5_key":"createOrganizationPopsectionInput"}]}
RESULT: {"script":"<script> [1562 bytes]","args":[{"selector":{"id":"createOrganizationPop--sectionInput","searchOpenDialogs":true,"interaction":{"idSuffix":"inner"}},"wdio_ui5_key":"createOrganizationPopsectionInput"}]}
RESULT: undefined
COMMAND: POST /session/7d4ef5db813d7a6cede0ad9a34edc09c/execute/async - {"script":"<script> [776 bytes]","args":[{"enterText":"WDIO-632","selector":{"id":"createOrganizationPop--sectionInput","searchOpenDialogs":true,"interaction":{"idSuffix":"inner"}},"clearTextFirst":true,"interactionType":"ENTER_TEXT"}]}
RESULT: {"script":"<script> [776 bytes]","args":[{"enterText":"WDIO-632","selector":{"id":"createOrganizationPop--sectionInput","searchOpenDialogs":true,"interaction":{"idSuffix":"inner"}},"clearTextFirst":true,"interactionType":"ENTER_TEXT"}]}
COMMAND: POST /session/7d4ef5db813d7a6cede0ad9a34edc09c/execute/async - {"script":"<script> [1562 bytes]","args":[{"selector":{"id":"createOrganizationPop--descriptionInput","searchOpenDialogs":true,"interaction":{"idSuffix":"inner"}},"wdio_ui5_key":"createOrganizationPopdescriptionInput"}]}
RESULT: {"script":"<script> [1562 bytes]","args":[{"selector":{"id":"createOrganizationPop--descriptionInput","searchOpenDialogs":true,"interaction":{"idSuffix":"inner"}},"wdio_ui5_key":"createOrganizationPopdescriptionInput"}]}
RESULT: undefined
COMMAND: POST /session/7d4ef5db813d7a6cede0ad9a34edc09c/execute/async - {"script":"<script> [776 bytes]","args":[{"enterText":"Shipping-632","selector":{"id":"createOrganizationPop--descriptionInput","searchOpenDialogs":true,"interaction":{"idSuffix":"inner"}},"clearTextFirst":true,"interactionType":"ENTER_TEXT"}]}
RESULT: {"script":"<script> [776 bytes]","args":[{"enterText":"Shipping-632","selector":{"id":"createOrganizationPop--descriptionInput","searchOpenDialogs":true,"interaction":{"idSuffix":"inner"}},"clearTextFirst":true,"interactionType":"ENTER_TEXT"}]}
COMMAND: POST /session/7d4ef5db813d7a6cede0ad9a34edc09c/element - {"using":"css selector","value":"#createOrganizationPop--yardOrg-inner"}
RESULT: {"using":"css selector","value":"#createOrganizationPop--yardOrg-inner"}
COMMAND: POST /session/7d4ef5db813d7a6cede0ad9a34edc09c/element/f.A871513E4156B49FEA6A1325266FBBC5.d.D2482B9A0456A307A031AC8ED5F6A95C.e.3022/clear - {}
RESULT: {}
COMMAND: POST /session/7d4ef5db813d7a6cede0ad9a34edc09c/element/f.A871513E4156B49FEA6A1325266FBBC5.d.D2482B9A0456A307A031AC8ED5F6A95C.e.3022/value - {"text":"632"}
COMMAND: GET /session/7d4ef5db813d7a6cede0ad9a34edc09c/screenshot - {}
RESULT: {"text":"632"}
COMMAND: GET /session/7d4ef5db813d7a6cede0ad9a34edc09c/screenshot - {}
RESULT: {}
RESULT: {}
COMMAND: POST /session/7d4ef5db813d7a6cede0ad9a34edc09c/actions - {"actions":[{"id":"action9","type":"key","parameters":{},"actions":[{"type":"keyDown","value":""},{"type":"pause","duration":10},{"type":"keyUp","value":""}]}]}
RESULT: {"actions":[{"id":"action9","type":"key","parameters":{},"actions":[{"type":"keyDown","value":""},{"type":"pause","duration":10},{"type":"keyUp","value":""}]}]}
COMMAND: POST /session/7d4ef5db813d7a6cede0ad9a34edc09c/execute/async - {"script":"<script> [1562 bytes]","args":[{"selector":{"id":"createOrganizationPop--grZone","searchOpenDialogs":true,"interaction":{"idSuffix":"CbBg"}},"wdio_ui5_key":"createOrganizationPopgrZone"}]}
COMMAND: GET /session/7d4ef5db813d7a6cede0ad9a34edc09c/screenshot - {}
RESULT: {"script":"<script> [1562 bytes]","args":[{"selector":{"id":"createOrganizationPop--grZone","searchOpenDialogs":true,"interaction":{"idSuffix":"CbBg"}},"wdio_ui5_key":"createOrganizationPopgrZone"}]}
RESULT: undefined
COMMAND: POST /session/7d4ef5db813d7a6cede0ad9a34edc09c/element - {"using":"xpath","value":"//*[@id=\"createOrganizationPop--grZone\"]"}
RESULT: {}
RESULT: {"using":"xpath","value":"//*[@id=\"createOrganizationPop--grZone\"]"}
COMMAND: POST /session/7d4ef5db813d7a6cede0ad9a34edc09c/element/f.A871513E4156B49FEA6A1325266FBBC5.d.D2482B9A0456A307A031AC8ED5F6A95C.e.3043/click - {}
RESULT: {}
COMMAND: GET /session/7d4ef5db813d7a6cede0ad9a34edc09c/screenshot - {}
RESULT: {}
COMMAND: POST /session/7d4ef5db813d7a6cede0ad9a34edc09c/execute/async - {"script":"<script> [1562 bytes]","args":[{"selector":{"id":"createOrganizationPop--giZone","searchOpenDialogs":true,"interaction":{"idSuffix":"CbBg"}},"wdio_ui5_key":"createOrganizationPopgiZone"}]}
RESULT: {"script":"<script> [1562 bytes]","args":[{"selector":{"id":"createOrganizationPop--giZone","searchOpenDialogs":true,"interaction":{"idSuffix":"CbBg"}},"wdio_ui5_key":"createOrganizationPopgiZone"}]}
RESULT: undefined
COMMAND: POST /session/7d4ef5db813d7a6cede0ad9a34edc09c/element - {"using":"xpath","value":"//*[@id=\"createOrganizationPop--giZone\"]"}
RESULT: {"using":"xpath","value":"//*[@id=\"createOrganizationPop--giZone\"]"}
COMMAND: POST /session/7d4ef5db813d7a6cede0ad9a34edc09c/element/f.A871513E4156B49FEA6A1325266FBBC5.d.D2482B9A0456A307A031AC8ED5F6A95C.e.3045/click - {}
RESULT: {}
COMMAND: GET /session/7d4ef5db813d7a6cede0ad9a34edc09c/screenshot - {}
RESULT: {}
COMMAND: POST /session/7d4ef5db813d7a6cede0ad9a34edc09c/execute/async - {"script":"<script> [1562 bytes]","args":[{"selector":{"id":"createOrganizationPop--binNoInput","searchOpenDialogs":true,"interaction":{"idSuffix":"inner"}},"wdio_ui5_key":"createOrganizationPopbinNoInput"}]}
RESULT: {"script":"<script> [1562 bytes]","args":[{"selector":{"id":"createOrganizationPop--binNoInput","searchOpenDialogs":true,"interaction":{"idSuffix":"inner"}},"wdio_ui5_key":"createOrganizationPopbinNoInput"}]}
RESULT: undefined
COMMAND: POST /session/7d4ef5db813d7a6cede0ad9a34edc09c/execute/async - {"script":"<script> [776 bytes]","args":[{"enterText":"Bin-Wd","selector":{"id":"createOrganizationPop--binNoInput","searchOpenDialogs":true,"interaction":{"idSuffix":"inner"}},"clearTextFirst":true,"interactionType":"ENTER_TEXT"}]}
RESULT: {"script":"<script> [776 bytes]","args":[{"enterText":"Bin-Wd","selector":{"id":"createOrganizationPop--binNoInput","searchOpenDialogs":true,"interaction":{"idSuffix":"inner"}},"clearTextFirst":true,"interactionType":"ENTER_TEXT"}]}
COMMAND: POST /session/7d4ef5db813d7a6cede0ad9a34edc09c/execute/async - {"script":"<script> [1562 bytes]","args":[{"selector":{"id":"createOrganizationPop--descriptionId","searchOpenDialogs":true,"interaction":{"idSuffix":"inner"}},"wdio_ui5_key":"createOrganizationPopdescriptionId"}]}
RESULT: {"script":"<script> [1562 bytes]","args":[{"selector":{"id":"createOrganizationPop--descriptionId","searchOpenDialogs":true,"interaction":{"idSuffix":"inner"}},"wdio_ui5_key":"createOrganizationPopdescriptionId"}]}
RESULT: undefined
COMMAND: POST /session/7d4ef5db813d7a6cede0ad9a34edc09c/execute/async - {"script":"<script> [776 bytes]","args":[{"enterText":"Shipping-Wd","selector":{"id":"createOrganizationPop--descriptionId","searchOpenDialogs":true,"interaction":{"idSuffix":"inner"}},"clearTextFirst":true,"interactionType":"ENTER_TEXT"}]}
RESULT: {"script":"<script> [776 bytes]","args":[{"enterText":"Shipping-Wd","selector":{"id":"createOrganizationPop--descriptionId","searchOpenDialogs":true,"interaction":{"idSuffix":"inner"}},"clearTextFirst":true,"interactionType":"ENTER_TEXT"}]}
COMMAND: POST /session/7d4ef5db813d7a6cede0ad9a34edc09c/execute/async - {"script":"<script> [1562 bytes]","args":[{"selector":{"controlType":"sap.m.CheckBox","viewName":"etm.portal.ui.binstatusreport.view.MasterWareBins","viewId":"application-binstatusreport-display-component---warehousing","bindingPath":{"path":"","propertyPath":"/ZONE","modelName":"newBin"},"searchOpenDialogs":true,"interaction":{"idSuffix":"CbBg"}},"wdio_ui5_key":"etmportal.ui.binstatusreport.view.MasterWareBinssap.m.CheckBox{\"path\":\"\",\"propertyPath\":\"/ZONE\",\"modelName\":\"newBin\"}"}]}
RESULT: {"script":"<script> [1562 bytes]","args":[{"selector":{"controlType":"sap.m.CheckBox","viewName":"etm.portal.ui.binstatusreport.view.MasterWareBins","viewId":"application-binstatusreport-display-component---warehousing","bindingPath":{"path":"","propertyPath":"/ZONE","modelName":"newBin"},"searchOpenDialogs":true,"interaction":{"idSuffix":"CbBg"}},"wdio_ui5_key":"etmportal.ui.binstatusreport.view.MasterWareBinssap.m.CheckBox{\"path\":\"\",\"propertyPath\":\"/ZONE\",\"modelName\":\"newBin\"}"}]}
RESULT: undefined
COMMAND: POST /session/7d4ef5db813d7a6cede0ad9a34edc09c/element - {"using":"xpath","value":"//*[@id=\"__box56\"]"}
RESULT: {"using":"xpath","value":"//*[@id=\"__box56\"]"}
COMMAND: POST /session/7d4ef5db813d7a6cede0ad9a34edc09c/element/f.A871513E4156B49FEA6A1325266FBBC5.d.D2482B9A0456A307A031AC8ED5F6A95C.e.3049/click - {}
RESULT: {}
COMMAND: GET /session/7d4ef5db813d7a6cede0ad9a34edc09c/screenshot - {}
RESULT: {}
COMMAND: POST /session/7d4ef5db813d7a6cede0ad9a34edc09c/execute/async - {"script":"<script> [1562 bytes]","args":[{"selector":{"id":"createOrganizationPop--binTypesCB","searchOpenDialogs":true,"interaction":{"idSuffix":"inner"}},"wdio_ui5_key":"createOrganizationPopbinTypesCB"}]}
RESULT: {"script":"<script> [1562 bytes]","args":[{"selector":{"id":"createOrganizationPop--binTypesCB","searchOpenDialogs":true,"interaction":{"idSuffix":"inner"}},"wdio_ui5_key":"createOrganizationPopbinTypesCB"}]}
RESULT: undefined
COMMAND: POST /session/7d4ef5db813d7a6cede0ad9a34edc09c/execute/async - {"script":"<script> [776 bytes]","args":[{"enterText":"1 - General / No capacity check","selector":{"id":"createOrganizationPop--binTypesCB","searchOpenDialogs":true,"interaction":{"idSuffix":"inner"}},"clearTextFirst":true,"interactionType":"ENTER_TEXT"}]}
RESULT: {"script":"<script> [776 bytes]","args":[{"enterText":"1 - General / No capacity check","selector":{"id":"createOrganizationPop--binTypesCB","searchOpenDialogs":true,"interaction":{"idSuffix":"inner"}},"clearTextFirst":true,"interactionType":"ENTER_TEXT"}]}
COMMAND: POST /session/7d4ef5db813d7a6cede0ad9a34edc09c/actions - {"actions":[{"id":"action10","type":"key","parameters":{},"actions":[{"type":"keyDown","value":""},{"type":"pause","duration":10},{"type":"keyUp","value":""}]}]}
RESULT: {"actions":[{"id":"action10","type":"key","parameters":{},"actions":[{"type":"keyDown","value":""},{"type":"pause","duration":10},{"type":"keyUp","value":""}]}]}
COMMAND: GET /session/7d4ef5db813d7a6cede0ad9a34edc09c/screenshot - {}
RESULT: {}
COMMAND: POST /session/7d4ef5db813d7a6cede0ad9a34edc09c/execute/async - {"script":"<script> [1562 bytes]","args":[{"selector":{"id":"createOrganizationPop--finishBtn","searchOpenDialogs":true,"interaction":{"idSuffix":"BDI-content"}},"wdio_ui5_key":"createOrganizationPopfinishBtn"}]}
RESULT: {"script":"<script> [1562 bytes]","args":[{"selector":{"id":"createOrganizationPop--finishBtn","searchOpenDialogs":true,"interaction":{"idSuffix":"BDI-content"}},"wdio_ui5_key":"createOrganizationPopfinishBtn"}]}
RESULT: undefined
COMMAND: POST /session/7d4ef5db813d7a6cede0ad9a34edc09c/element - {"using":"xpath","value":"//*[@id=\"createOrganizationPop--finishBtn\"]"}
RESULT: {"using":"xpath","value":"//*[@id=\"createOrganizationPop--finishBtn\"]"}
COMMAND: POST /session/7d4ef5db813d7a6cede0ad9a34edc09c/element/f.A871513E4156B49FEA6A1325266FBBC5.d.D2482B9A0456A307A031AC8ED5F6A95C.e.3058/click - {}
RESULT: {}
COMMAND: GET /session/7d4ef5db813d7a6cede0ad9a34edc09c/screenshot - {}
RESULT: {}
COMMAND: POST /session/7d4ef5db813d7a6cede0ad9a34edc09c/element - {"using":"css selector","value":"#shell-header-logo"}
RESULT: {"using":"css selector","value":"#shell-header-logo"}
COMMAND: POST /session/7d4ef5db813d7a6cede0ad9a34edc09c/element/f.A871513E4156B49FEA6A1325266FBBC5.d.D2482B9A0456A307A031AC8ED5F6A95C.e.2935/click - {}
RESULT: {}
COMMAND: GET /session/7d4ef5db813d7a6cede0ad9a34edc09c/screenshot - {}
RESULT: {}
]]></system-out>
    </testcase>
    <testcase classname="chrome.136_0_7103_93.windows.Stock_increase_-_with_WHM_US125587" name="Bin Status Report Should Create New Organization for Site" time="88.208">
      <system-out><![CDATA[
RESULT: undefined
COMMAND: POST /session/7d4ef5db813d7a6cede0ad9a34edc09c/element - {"using":"xpath","value":"//*[@id=\"__tile104\"]"}
RESULT: {"using":"xpath","value":"//*[@id=\"__tile104\"]"}
COMMAND: POST /session/7d4ef5db813d7a6cede0ad9a34edc09c/element/f.A871513E4156B49FEA6A1325266FBBC5.d.D2482B9A0456A307A031AC8ED5F6A95C.e.2928/click - {}
RESULT: {}
COMMAND: GET /session/7d4ef5db813d7a6cede0ad9a34edc09c/screenshot - {}
RESULT: {}
COMMAND: POST /session/7d4ef5db813d7a6cede0ad9a34edc09c/elements - {"using":"xpath","value":"//span[text()='Error']"}
RESULT: {"using":"xpath","value":"//span[text()='Error']"}
COMMAND: POST /session/7d4ef5db813d7a6cede0ad9a34edc09c/element - {"using":"xpath","value":"//button[@id=\"application-binstatusreport-display-component---warehousing--createOrgBtn\"]"}
RESULT: {"using":"xpath","value":"//button[@id=\"application-binstatusreport-display-component---warehousing--createOrgBtn\"]"}
COMMAND: POST /session/7d4ef5db813d7a6cede0ad9a34edc09c/elements - {"using":"xpath","value":"//button[@id=\"application-binstatusreport-display-component---warehousing--createOrgBtn\"]"}
RESULT: {"using":"xpath","value":"//button[@id=\"application-binstatusreport-display-component---warehousing--createOrgBtn\"]"}
COMMAND: POST /session/7d4ef5db813d7a6cede0ad9a34edc09c/execute/sync - {"script":"<script> [8489 bytes]","args":[{"element-6066-11e4-a52e-4f735466cecf":"f.A871513E4156B49FEA6A1325266FBBC5.d.D2482B9A0456A307A031AC8ED5F6A95C.e.3118","ELEMENT":"f.A871513E4156B49FEA6A1325266FBBC5.d.D2482B9A0456A307A031AC8ED5F6A95C.e.3118"}]}
RESULT: {"script":"<script> [8489 bytes]","args":[{"element-6066-11e4-a52e-4f735466cecf":"f.A871513E4156B49FEA6A1325266FBBC5.d.D2482B9A0456A307A031AC8ED5F6A95C.e.3118","ELEMENT":"f.A871513E4156B49FEA6A1325266FBBC5.d.D2482B9A0456A307A031AC8ED5F6A95C.e.3118"}]}
COMMAND: GET /session/7d4ef5db813d7a6cede0ad9a34edc09c/element/f.A871513E4156B49FEA6A1325266FBBC5.d.D2482B9A0456A307A031AC8ED5F6A95C.e.3118/enabled - {}
COMMAND: GET /session/7d4ef5db813d7a6cede0ad9a34edc09c/screenshot - {}
RESULT: {}
COMMAND: POST /session/7d4ef5db813d7a6cede0ad9a34edc09c/execute/sync - {"script":"<script> [8489 bytes]","args":[{"element-6066-11e4-a52e-4f735466cecf":"f.A871513E4156B49FEA6A1325266FBBC5.d.D2482B9A0456A307A031AC8ED5F6A95C.e.3118","ELEMENT":"f.A871513E4156B49FEA6A1325266FBBC5.d.D2482B9A0456A307A031AC8ED5F6A95C.e.3118"}]}
COMMAND: GET /session/7d4ef5db813d7a6cede0ad9a34edc09c/screenshot - {}
RESULT: {}
RESULT: {"script":"<script> [8489 bytes]","args":[{"element-6066-11e4-a52e-4f735466cecf":"f.A871513E4156B49FEA6A1325266FBBC5.d.D2482B9A0456A307A031AC8ED5F6A95C.e.3118","ELEMENT":"f.A871513E4156B49FEA6A1325266FBBC5.d.D2482B9A0456A307A031AC8ED5F6A95C.e.3118"}]}
COMMAND: POST /session/7d4ef5db813d7a6cede0ad9a34edc09c/execute/sync - {"script":"<script> [5351 bytes]","args":[{"element-6066-11e4-a52e-4f735466cecf":"f.A871513E4156B49FEA6A1325266FBBC5.d.D2482B9A0456A307A031AC8ED5F6A95C.e.3118","ELEMENT":"f.A871513E4156B49FEA6A1325266FBBC5.d.D2482B9A0456A307A031AC8ED5F6A95C.e.3118"}]}
COMMAND: GET /session/7d4ef5db813d7a6cede0ad9a34edc09c/screenshot - {}
RESULT: {}
RESULT: {"script":"<script> [5351 bytes]","args":[{"element-6066-11e4-a52e-4f735466cecf":"f.A871513E4156B49FEA6A1325266FBBC5.d.D2482B9A0456A307A031AC8ED5F6A95C.e.3118","ELEMENT":"f.A871513E4156B49FEA6A1325266FBBC5.d.D2482B9A0456A307A031AC8ED5F6A95C.e.3118"}]}
COMMAND: GET /session/7d4ef5db813d7a6cede0ad9a34edc09c/screenshot - {}
RESULT: {}
RESULT: {}
COMMAND: POST /session/7d4ef5db813d7a6cede0ad9a34edc09c/element/f.A871513E4156B49FEA6A1325266FBBC5.d.D2482B9A0456A307A031AC8ED5F6A95C.e.3118/click - {}
RESULT: {}
COMMAND: GET /session/7d4ef5db813d7a6cede0ad9a34edc09c/screenshot - {}
RESULT: {}
RESULT: undefined
COMMAND: POST /session/7d4ef5db813d7a6cede0ad9a34edc09c/execute/async - {"script":"<script> [776 bytes]","args":[{"enterText":"2335","selector":{"id":"createOrganizationPop--sectionInput","searchOpenDialogs":true,"interaction":{"idSuffix":"inner"}},"clearTextFirst":true,"interactionType":"ENTER_TEXT"}]}
RESULT: {"script":"<script> [776 bytes]","args":[{"enterText":"2335","selector":{"id":"createOrganizationPop--sectionInput","searchOpenDialogs":true,"interaction":{"idSuffix":"inner"}},"clearTextFirst":true,"interactionType":"ENTER_TEXT"}]}
RESULT: undefined
COMMAND: POST /session/7d4ef5db813d7a6cede0ad9a34edc09c/execute/async - {"script":"<script> [776 bytes]","args":[{"enterText":"WDIO-2335","selector":{"id":"createOrganizationPop--descriptionInput","searchOpenDialogs":true,"interaction":{"idSuffix":"inner"}},"clearTextFirst":true,"interactionType":"ENTER_TEXT"}]}
RESULT: {"script":"<script> [776 bytes]","args":[{"enterText":"WDIO-2335","selector":{"id":"createOrganizationPop--descriptionInput","searchOpenDialogs":true,"interaction":{"idSuffix":"inner"}},"clearTextFirst":true,"interactionType":"ENTER_TEXT"}]}
COMMAND: POST /session/7d4ef5db813d7a6cede0ad9a34edc09c/element - {"using":"css selector","value":"#createOrganizationPop--siteOrg-inner"}
RESULT: {"using":"css selector","value":"#createOrganizationPop--siteOrg-inner"}
COMMAND: POST /session/7d4ef5db813d7a6cede0ad9a34edc09c/element/f.A871513E4156B49FEA6A1325266FBBC5.d.D2482B9A0456A307A031AC8ED5F6A95C.e.3139/clear - {}
RESULT: {}
COMMAND: POST /session/7d4ef5db813d7a6cede0ad9a34edc09c/element/f.A871513E4156B49FEA6A1325266FBBC5.d.D2482B9A0456A307A031AC8ED5F6A95C.e.3139/value - {"text":"2335"}
COMMAND: GET /session/7d4ef5db813d7a6cede0ad9a34edc09c/screenshot - {}
RESULT: {"text":"2335"}
COMMAND: GET /session/7d4ef5db813d7a6cede0ad9a34edc09c/screenshot - {}
RESULT: {}
RESULT: {}
COMMAND: POST /session/7d4ef5db813d7a6cede0ad9a34edc09c/actions - {"actions":[{"id":"action11","type":"key","parameters":{},"actions":[{"type":"keyDown","value":""},{"type":"pause","duration":10},{"type":"keyUp","value":""}]}]}
RESULT: {"actions":[{"id":"action11","type":"key","parameters":{},"actions":[{"type":"keyDown","value":""},{"type":"pause","duration":10},{"type":"keyUp","value":""}]}]}
RESULT: undefined
COMMAND: POST /session/7d4ef5db813d7a6cede0ad9a34edc09c/element - {"using":"xpath","value":"//*[@id=\"createOrganizationPop--giZone\"]"}
COMMAND: GET /session/7d4ef5db813d7a6cede0ad9a34edc09c/screenshot - {}
RESULT: {"using":"xpath","value":"//*[@id=\"createOrganizationPop--giZone\"]"}
COMMAND: POST /session/7d4ef5db813d7a6cede0ad9a34edc09c/element/f.A871513E4156B49FEA6A1325266FBBC5.d.D2482B9A0456A307A031AC8ED5F6A95C.e.3157/click - {}
RESULT: {}
RESULT: {}
COMMAND: GET /session/7d4ef5db813d7a6cede0ad9a34edc09c/screenshot - {}
RESULT: {}
RESULT: undefined
COMMAND: POST /session/7d4ef5db813d7a6cede0ad9a34edc09c/execute/async - {"script":"<script> [776 bytes]","args":[{"enterText":"WD-BIN","selector":{"id":"createOrganizationPop--binNoInput","searchOpenDialogs":true,"interaction":{"idSuffix":"inner"}},"clearTextFirst":true,"interactionType":"ENTER_TEXT"}]}
RESULT: {"script":"<script> [776 bytes]","args":[{"enterText":"WD-BIN","selector":{"id":"createOrganizationPop--binNoInput","searchOpenDialogs":true,"interaction":{"idSuffix":"inner"}},"clearTextFirst":true,"interactionType":"ENTER_TEXT"}]}
RESULT: undefined
COMMAND: POST /session/7d4ef5db813d7a6cede0ad9a34edc09c/execute/async - {"script":"<script> [776 bytes]","args":[{"enterText":"WD-BIN","selector":{"id":"createOrganizationPop--descriptionId","searchOpenDialogs":true,"interaction":{"idSuffix":"inner"}},"clearTextFirst":true,"interactionType":"ENTER_TEXT"}]}
RESULT: {"script":"<script> [776 bytes]","args":[{"enterText":"WD-BIN","selector":{"id":"createOrganizationPop--descriptionId","searchOpenDialogs":true,"interaction":{"idSuffix":"inner"}},"clearTextFirst":true,"interactionType":"ENTER_TEXT"}]}
COMMAND: POST /session/7d4ef5db813d7a6cede0ad9a34edc09c/execute/async - {"script":"<script> [1562 bytes]","args":[{"selector":{"controlType":"sap.m.CheckBox","viewName":"etm.portal.ui.binstatusreport.view.MasterWareBins","viewId":"application-binstatusreport-display-component---warehousing","bindingPath":{"propertyPath":"/ZONE","modelName":"newBin"},"searchOpenDialogs":true,"interaction":{"idSuffix":"CbBg"}},"wdio_ui5_key":"etmportal.ui.binstatusreport.view.MasterWareBinssap.m.CheckBox{\"propertyPath\":\"/ZONE\",\"modelName\":\"newBin\"}"}]}
RESULT: {"script":"<script> [1562 bytes]","args":[{"selector":{"controlType":"sap.m.CheckBox","viewName":"etm.portal.ui.binstatusreport.view.MasterWareBins","viewId":"application-binstatusreport-display-component---warehousing","bindingPath":{"propertyPath":"/ZONE","modelName":"newBin"},"searchOpenDialogs":true,"interaction":{"idSuffix":"CbBg"}},"wdio_ui5_key":"etmportal.ui.binstatusreport.view.MasterWareBinssap.m.CheckBox{\"propertyPath\":\"/ZONE\",\"modelName\":\"newBin\"}"}]}
RESULT: undefined
COMMAND: POST /session/7d4ef5db813d7a6cede0ad9a34edc09c/element - {"using":"xpath","value":"//*[@id=\"__box68\"]"}
RESULT: {"using":"xpath","value":"//*[@id=\"__box68\"]"}
COMMAND: POST /session/7d4ef5db813d7a6cede0ad9a34edc09c/element/f.A871513E4156B49FEA6A1325266FBBC5.d.D2482B9A0456A307A031AC8ED5F6A95C.e.3159/click - {}
RESULT: {}
COMMAND: GET /session/7d4ef5db813d7a6cede0ad9a34edc09c/screenshot - {}
RESULT: {}
RESULT: undefined
COMMAND: POST /session/7d4ef5db813d7a6cede0ad9a34edc09c/execute/async - {"script":"<script> [776 bytes]","args":[{"enterText":"1 - General / No capacity check","selector":{"id":"createOrganizationPop--binTypesCB","searchOpenDialogs":true,"interaction":{"idSuffix":"inner"}},"clearTextFirst":true,"interactionType":"ENTER_TEXT"}]}
RESULT: {"script":"<script> [776 bytes]","args":[{"enterText":"1 - General / No capacity check","selector":{"id":"createOrganizationPop--binTypesCB","searchOpenDialogs":true,"interaction":{"idSuffix":"inner"}},"clearTextFirst":true,"interactionType":"ENTER_TEXT"}]}
COMMAND: POST /session/7d4ef5db813d7a6cede0ad9a34edc09c/execute/async - {"script":"<script> [1562 bytes]","args":[{"selector":{"id":"createOrganizationPop--capacityId","searchOpenDialogs":true,"interaction":{"idSuffix":"inner"}},"wdio_ui5_key":"createOrganizationPopcapacityId"}]}
RESULT: {"script":"<script> [1562 bytes]","args":[{"selector":{"id":"createOrganizationPop--capacityId","searchOpenDialogs":true,"interaction":{"idSuffix":"inner"}},"wdio_ui5_key":"createOrganizationPopcapacityId"}]}
RESULT: undefined
COMMAND: POST /session/7d4ef5db813d7a6cede0ad9a34edc09c/actions - {"actions":[{"id":"action12","type":"key","parameters":{},"actions":[{"type":"keyDown","value":""},{"type":"pause","duration":10},{"type":"keyUp","value":""}]}]}
RESULT: {"actions":[{"id":"action12","type":"key","parameters":{},"actions":[{"type":"keyDown","value":""},{"type":"pause","duration":10},{"type":"keyUp","value":""}]}]}
COMMAND: GET /session/7d4ef5db813d7a6cede0ad9a34edc09c/screenshot - {}
RESULT: {}
RESULT: undefined
COMMAND: POST /session/7d4ef5db813d7a6cede0ad9a34edc09c/element - {"using":"xpath","value":"//*[@id=\"createOrganizationPop--finishBtn\"]"}
RESULT: {"using":"xpath","value":"//*[@id=\"createOrganizationPop--finishBtn\"]"}
COMMAND: POST /session/7d4ef5db813d7a6cede0ad9a34edc09c/element/f.A871513E4156B49FEA6A1325266FBBC5.d.D2482B9A0456A307A031AC8ED5F6A95C.e.3160/click - {}
RESULT: {}
COMMAND: GET /session/7d4ef5db813d7a6cede0ad9a34edc09c/screenshot - {}
RESULT: {}
COMMAND: POST /session/7d4ef5db813d7a6cede0ad9a34edc09c/element - {"using":"css selector","value":"#shell-header-logo"}
RESULT: {"using":"css selector","value":"#shell-header-logo"}
COMMAND: POST /session/7d4ef5db813d7a6cede0ad9a34edc09c/element/f.A871513E4156B49FEA6A1325266FBBC5.d.D2482B9A0456A307A031AC8ED5F6A95C.e.3066/click - {}
RESULT: {}
COMMAND: GET /session/7d4ef5db813d7a6cede0ad9a34edc09c/screenshot - {}
RESULT: {}
]]></system-out>
    </testcase>
    <testcase classname="chrome.136_0_7103_93.windows.Stock_increase_-_with_WHM_US125587" name="Create a Warehouse Movement for created yard" time="46.496">
      <system-out><![CDATA[
COMMAND: POST /session/7d4ef5db813d7a6cede0ad9a34edc09c/execute/async - {"script":"<script> [1562 bytes]","args":[{"selector":{"controlType":"sap.m.GenericTile","properties":{"header":"Manage Warehouse Movements"}},"wdio_ui5_key":"sapm.GenericTile{\"header\":\"Manage Warehouse Movements\"}"}]}
RESULT: {"script":"<script> [1562 bytes]","args":[{"selector":{"controlType":"sap.m.GenericTile","properties":{"header":"Manage Warehouse Movements"}},"wdio_ui5_key":"sapm.GenericTile{\"header\":\"Manage Warehouse Movements\"}"}]}
RESULT: undefined
COMMAND: POST /session/7d4ef5db813d7a6cede0ad9a34edc09c/element - {"using":"xpath","value":"//*[@id=\"__tile105\"]"}
RESULT: {"using":"xpath","value":"//*[@id=\"__tile105\"]"}
COMMAND: POST /session/7d4ef5db813d7a6cede0ad9a34edc09c/element/f.A871513E4156B49FEA6A1325266FBBC5.d.D2482B9A0456A307A031AC8ED5F6A95C.e.3164/click - {}
RESULT: {}
COMMAND: GET /session/7d4ef5db813d7a6cede0ad9a34edc09c/screenshot - {}
RESULT: {}
COMMAND: POST /session/7d4ef5db813d7a6cede0ad9a34edc09c/elements - {"using":"xpath","value":"//span[text()='Error']"}
RESULT: {"using":"xpath","value":"//span[text()='Error']"}
COMMAND: POST /session/7d4ef5db813d7a6cede0ad9a34edc09c/element - {"using":"xpath","value":"//input[@id='application-warehousemovements-display-component---warehouseMovements--smartFilterBar-filterItemControl_BASIC-YARD-inner']"}
RESULT: {"using":"xpath","value":"//input[@id='application-warehousemovements-display-component---warehouseMovements--smartFilterBar-filterItemControl_BASIC-YARD-inner']"}
COMMAND: POST /session/7d4ef5db813d7a6cede0ad9a34edc09c/elements - {"using":"xpath","value":"//input[@id='application-warehousemovements-display-component---warehouseMovements--smartFilterBar-filterItemControl_BASIC-YARD-inner']"}
RESULT: {"using":"xpath","value":"//input[@id='application-warehousemovements-display-component---warehouseMovements--smartFilterBar-filterItemControl_BASIC-YARD-inner']"}
COMMAND: POST /session/7d4ef5db813d7a6cede0ad9a34edc09c/execute/sync - {"script":"<script> [8489 bytes]","args":[{"element-6066-11e4-a52e-4f735466cecf":"f.A871513E4156B49FEA6A1325266FBBC5.d.D2482B9A0456A307A031AC8ED5F6A95C.e.3187","ELEMENT":"f.A871513E4156B49FEA6A1325266FBBC5.d.D2482B9A0456A307A031AC8ED5F6A95C.e.3187"}]}
RESULT: {"script":"<script> [8489 bytes]","args":[{"element-6066-11e4-a52e-4f735466cecf":"f.A871513E4156B49FEA6A1325266FBBC5.d.D2482B9A0456A307A031AC8ED5F6A95C.e.3187","ELEMENT":"f.A871513E4156B49FEA6A1325266FBBC5.d.D2482B9A0456A307A031AC8ED5F6A95C.e.3187"}]}
COMMAND: GET /session/7d4ef5db813d7a6cede0ad9a34edc09c/element/f.A871513E4156B49FEA6A1325266FBBC5.d.D2482B9A0456A307A031AC8ED5F6A95C.e.3187/enabled - {}
COMMAND: GET /session/7d4ef5db813d7a6cede0ad9a34edc09c/screenshot - {}
RESULT: {}
COMMAND: POST /session/7d4ef5db813d7a6cede0ad9a34edc09c/execute/sync - {"script":"<script> [8489 bytes]","args":[{"element-6066-11e4-a52e-4f735466cecf":"f.A871513E4156B49FEA6A1325266FBBC5.d.D2482B9A0456A307A031AC8ED5F6A95C.e.3187","ELEMENT":"f.A871513E4156B49FEA6A1325266FBBC5.d.D2482B9A0456A307A031AC8ED5F6A95C.e.3187"}]}
COMMAND: GET /session/7d4ef5db813d7a6cede0ad9a34edc09c/screenshot - {}
RESULT: {}
RESULT: {"script":"<script> [8489 bytes]","args":[{"element-6066-11e4-a52e-4f735466cecf":"f.A871513E4156B49FEA6A1325266FBBC5.d.D2482B9A0456A307A031AC8ED5F6A95C.e.3187","ELEMENT":"f.A871513E4156B49FEA6A1325266FBBC5.d.D2482B9A0456A307A031AC8ED5F6A95C.e.3187"}]}
COMMAND: POST /session/7d4ef5db813d7a6cede0ad9a34edc09c/execute/sync - {"script":"<script> [5351 bytes]","args":[{"element-6066-11e4-a52e-4f735466cecf":"f.A871513E4156B49FEA6A1325266FBBC5.d.D2482B9A0456A307A031AC8ED5F6A95C.e.3187","ELEMENT":"f.A871513E4156B49FEA6A1325266FBBC5.d.D2482B9A0456A307A031AC8ED5F6A95C.e.3187"}]}
COMMAND: GET /session/7d4ef5db813d7a6cede0ad9a34edc09c/screenshot - {}
RESULT: {}
RESULT: {"script":"<script> [5351 bytes]","args":[{"element-6066-11e4-a52e-4f735466cecf":"f.A871513E4156B49FEA6A1325266FBBC5.d.D2482B9A0456A307A031AC8ED5F6A95C.e.3187","ELEMENT":"f.A871513E4156B49FEA6A1325266FBBC5.d.D2482B9A0456A307A031AC8ED5F6A95C.e.3187"}]}
COMMAND: GET /session/7d4ef5db813d7a6cede0ad9a34edc09c/screenshot - {}
RESULT: {}
RESULT: {}
COMMAND: POST /session/7d4ef5db813d7a6cede0ad9a34edc09c/element/f.A871513E4156B49FEA6A1325266FBBC5.d.D2482B9A0456A307A031AC8ED5F6A95C.e.3187/clear - {}
RESULT: {}
COMMAND: POST /session/7d4ef5db813d7a6cede0ad9a34edc09c/element/f.A871513E4156B49FEA6A1325266FBBC5.d.D2482B9A0456A307A031AC8ED5F6A95C.e.3187/value - {"text":"632"}
COMMAND: GET /session/7d4ef5db813d7a6cede0ad9a34edc09c/screenshot - {}
RESULT: {"text":"632"}
COMMAND: POST /session/7d4ef5db813d7a6cede0ad9a34edc09c/actions - {"actions":[{"id":"action13","type":"key","parameters":{},"actions":[{"type":"keyDown","value":""},{"type":"pause","duration":10},{"type":"keyUp","value":""}]}]}
COMMAND: GET /session/7d4ef5db813d7a6cede0ad9a34edc09c/screenshot - {}
RESULT: {}
RESULT: {"actions":[{"id":"action13","type":"key","parameters":{},"actions":[{"type":"keyDown","value":""},{"type":"pause","duration":10},{"type":"keyUp","value":""}]}]}
COMMAND: GET /session/7d4ef5db813d7a6cede0ad9a34edc09c/screenshot - {}
RESULT: {}
RESULT: {}
COMMAND: POST /session/7d4ef5db813d7a6cede0ad9a34edc09c/element - {"using":"xpath","value":"//button[contains(@data-kt, \"MasterMovementAddOverflowToolbarButton\")]"}
RESULT: {"using":"xpath","value":"//button[contains(@data-kt, \"MasterMovementAddOverflowToolbarButton\")]"}
COMMAND: POST /session/7d4ef5db813d7a6cede0ad9a34edc09c/element/f.A871513E4156B49FEA6A1325266FBBC5.d.D2482B9A0456A307A031AC8ED5F6A95C.e.3211/click - {}
RESULT: {}
COMMAND: GET /session/7d4ef5db813d7a6cede0ad9a34edc09c/screenshot - {}
RESULT: {}
COMMAND: POST /session/7d4ef5db813d7a6cede0ad9a34edc09c/element - {"using":"xpath","value":"//*[@id=\"application-warehousemovements-display-component---addMovement--sectionsList-arrow\"]"}
RESULT: {"using":"xpath","value":"//*[@id=\"application-warehousemovements-display-component---addMovement--sectionsList-arrow\"]"}
COMMAND: POST /session/7d4ef5db813d7a6cede0ad9a34edc09c/element/f.A871513E4156B49FEA6A1325266FBBC5.d.D2482B9A0456A307A031AC8ED5F6A95C.e.3380/click - {}
RESULT: {}
COMMAND: POST /session/7d4ef5db813d7a6cede0ad9a34edc09c/actions - {"actions":[{"id":"action14","type":"key","parameters":{},"actions":[{"type":"keyDown","value":""},{"type":"pause","duration":10},{"type":"keyUp","value":""}]}]}
COMMAND: GET /session/7d4ef5db813d7a6cede0ad9a34edc09c/screenshot - {}
RESULT: {"actions":[{"id":"action14","type":"key","parameters":{},"actions":[{"type":"keyDown","value":""},{"type":"pause","duration":10},{"type":"keyUp","value":""}]}]}
COMMAND: GET /session/7d4ef5db813d7a6cede0ad9a34edc09c/screenshot - {}
RESULT: {}
RESULT: {}
COMMAND: POST /session/7d4ef5db813d7a6cede0ad9a34edc09c/actions - {"actions":[{"id":"action15","type":"key","parameters":{},"actions":[{"type":"keyDown","value":""},{"type":"pause","duration":10},{"type":"keyUp","value":""}]}]}
RESULT: {"actions":[{"id":"action15","type":"key","parameters":{},"actions":[{"type":"keyDown","value":""},{"type":"pause","duration":10},{"type":"keyUp","value":""}]}]}
COMMAND: GET /session/7d4ef5db813d7a6cede0ad9a34edc09c/screenshot - {}
RESULT: {}
COMMAND: POST /session/7d4ef5db813d7a6cede0ad9a34edc09c/element - {"using":"xpath","value":"//*[@id=\"application-warehousemovements-display-component---addMovement--saveMovementBtn-BDI-content\" and text()=\"Save\"]"}
RESULT: {"using":"xpath","value":"//*[@id=\"application-warehousemovements-display-component---addMovement--saveMovementBtn-BDI-content\" and text()=\"Save\"]"}
COMMAND: POST /session/7d4ef5db813d7a6cede0ad9a34edc09c/element/f.A871513E4156B49FEA6A1325266FBBC5.d.D2482B9A0456A307A031AC8ED5F6A95C.e.3381/click - {}
RESULT: {}
COMMAND: GET /session/7d4ef5db813d7a6cede0ad9a34edc09c/screenshot - {}
RESULT: {}
COMMAND: POST /session/7d4ef5db813d7a6cede0ad9a34edc09c/element - {"using":"css selector","value":"#shell-header-logo"}
RESULT: {"using":"css selector","value":"#shell-header-logo"}
COMMAND: POST /session/7d4ef5db813d7a6cede0ad9a34edc09c/element/f.A871513E4156B49FEA6A1325266FBBC5.d.D2482B9A0456A307A031AC8ED5F6A95C.e.3168/click - {}
RESULT: {}
COMMAND: GET /session/7d4ef5db813d7a6cede0ad9a34edc09c/screenshot - {}
RESULT: {}
]]></system-out>
    </testcase>
    <testcase classname="chrome.136_0_7103_93.windows.Stock_increase_-_with_WHM_US125587" name="Should do a stock increase handover" time="95.118">
      <system-out><![CDATA[
COMMAND: POST /session/7d4ef5db813d7a6cede0ad9a34edc09c/execute/async - {"script":"<script> [1562 bytes]","args":[{"selector":{"controlType":"sap.m.GenericTile","properties":{"header":"Manage Handovers"}},"wdio_ui5_key":"sapm.GenericTile{\"header\":\"Manage Handovers\"}"}]}
RESULT: {"script":"<script> [1562 bytes]","args":[{"selector":{"controlType":"sap.m.GenericTile","properties":{"header":"Manage Handovers"}},"wdio_ui5_key":"sapm.GenericTile{\"header\":\"Manage Handovers\"}"}]}
RESULT: undefined
COMMAND: POST /session/7d4ef5db813d7a6cede0ad9a34edc09c/element - {"using":"xpath","value":"//*[@id=\"__tile130\"]"}
RESULT: {"using":"xpath","value":"//*[@id=\"__tile130\"]"}
COMMAND: POST /session/7d4ef5db813d7a6cede0ad9a34edc09c/element/f.A871513E4156B49FEA6A1325266FBBC5.d.D2482B9A0456A307A031AC8ED5F6A95C.e.199/click - {}
RESULT: {}
COMMAND: GET /session/7d4ef5db813d7a6cede0ad9a34edc09c/screenshot - {}
RESULT: {}
COMMAND: POST /session/7d4ef5db813d7a6cede0ad9a34edc09c/elements - {"using":"xpath","value":"//span[text()='Error']"}
RESULT: {"using":"xpath","value":"//span[text()='Error']"}
COMMAND: POST /session/7d4ef5db813d7a6cede0ad9a34edc09c/element - {"using":"xpath","value":"//button[@data-kt=\"masterHOAddButton\"]"}
RESULT: {"using":"xpath","value":"//button[@data-kt=\"masterHOAddButton\"]"}
COMMAND: POST /session/7d4ef5db813d7a6cede0ad9a34edc09c/elements - {"using":"xpath","value":"//button[@data-kt=\"masterHOAddButton\"]"}
RESULT: {"using":"xpath","value":"//button[@data-kt=\"masterHOAddButton\"]"}
COMMAND: POST /session/7d4ef5db813d7a6cede0ad9a34edc09c/elements - {"using":"xpath","value":"//button[@data-kt=\"masterHOAddButton\"]"}
RESULT: {"using":"xpath","value":"//button[@data-kt=\"masterHOAddButton\"]"}
COMMAND: POST /session/7d4ef5db813d7a6cede0ad9a34edc09c/element - {"using":"xpath","value":"//button[@data-kt=\"masterHOAddButton\"]"}
RESULT: {"using":"xpath","value":"//button[@data-kt=\"masterHOAddButton\"]"}
COMMAND: POST /session/7d4ef5db813d7a6cede0ad9a34edc09c/execute/sync - {"script":"<script> [8489 bytes]","args":[{"element-6066-11e4-a52e-4f735466cecf":"f.A871513E4156B49FEA6A1325266FBBC5.d.D2482B9A0456A307A031AC8ED5F6A95C.e.3491","ELEMENT":"f.A871513E4156B49FEA6A1325266FBBC5.d.D2482B9A0456A307A031AC8ED5F6A95C.e.3491"}]}
RESULT: {"script":"<script> [8489 bytes]","args":[{"element-6066-11e4-a52e-4f735466cecf":"f.A871513E4156B49FEA6A1325266FBBC5.d.D2482B9A0456A307A031AC8ED5F6A95C.e.3491","ELEMENT":"f.A871513E4156B49FEA6A1325266FBBC5.d.D2482B9A0456A307A031AC8ED5F6A95C.e.3491"}]}
COMMAND: GET /session/7d4ef5db813d7a6cede0ad9a34edc09c/element/f.A871513E4156B49FEA6A1325266FBBC5.d.D2482B9A0456A307A031AC8ED5F6A95C.e.3491/enabled - {}
COMMAND: GET /session/7d4ef5db813d7a6cede0ad9a34edc09c/screenshot - {}
RESULT: {}
COMMAND: POST /session/7d4ef5db813d7a6cede0ad9a34edc09c/execute/sync - {"script":"<script> [8489 bytes]","args":[{"element-6066-11e4-a52e-4f735466cecf":"f.A871513E4156B49FEA6A1325266FBBC5.d.D2482B9A0456A307A031AC8ED5F6A95C.e.3491","ELEMENT":"f.A871513E4156B49FEA6A1325266FBBC5.d.D2482B9A0456A307A031AC8ED5F6A95C.e.3491"}]}
COMMAND: GET /session/7d4ef5db813d7a6cede0ad9a34edc09c/screenshot - {}
RESULT: {}
RESULT: {"script":"<script> [8489 bytes]","args":[{"element-6066-11e4-a52e-4f735466cecf":"f.A871513E4156B49FEA6A1325266FBBC5.d.D2482B9A0456A307A031AC8ED5F6A95C.e.3491","ELEMENT":"f.A871513E4156B49FEA6A1325266FBBC5.d.D2482B9A0456A307A031AC8ED5F6A95C.e.3491"}]}
COMMAND: POST /session/7d4ef5db813d7a6cede0ad9a34edc09c/execute/sync - {"script":"<script> [5351 bytes]","args":[{"element-6066-11e4-a52e-4f735466cecf":"f.A871513E4156B49FEA6A1325266FBBC5.d.D2482B9A0456A307A031AC8ED5F6A95C.e.3491","ELEMENT":"f.A871513E4156B49FEA6A1325266FBBC5.d.D2482B9A0456A307A031AC8ED5F6A95C.e.3491"}]}
COMMAND: GET /session/7d4ef5db813d7a6cede0ad9a34edc09c/screenshot - {}
RESULT: {}
RESULT: {"script":"<script> [5351 bytes]","args":[{"element-6066-11e4-a52e-4f735466cecf":"f.A871513E4156B49FEA6A1325266FBBC5.d.D2482B9A0456A307A031AC8ED5F6A95C.e.3491","ELEMENT":"f.A871513E4156B49FEA6A1325266FBBC5.d.D2482B9A0456A307A031AC8ED5F6A95C.e.3491"}]}
COMMAND: POST /session/7d4ef5db813d7a6cede0ad9a34edc09c/element/f.A871513E4156B49FEA6A1325266FBBC5.d.D2482B9A0456A307A031AC8ED5F6A95C.e.3491/click - {}
COMMAND: GET /session/7d4ef5db813d7a6cede0ad9a34edc09c/screenshot - {}
RESULT: {}
RESULT: {}
COMMAND: GET /session/7d4ef5db813d7a6cede0ad9a34edc09c/screenshot - {}
RESULT: {}
COMMAND: POST /session/7d4ef5db813d7a6cede0ad9a34edc09c/element - {"using":"xpath","value":"//span[contains(@id ,\"AddNewHO--typeSelect-arrow\")]"}
RESULT: {}
RESULT: {"using":"xpath","value":"//span[contains(@id ,\"AddNewHO--typeSelect-arrow\")]"}
COMMAND: POST /session/7d4ef5db813d7a6cede0ad9a34edc09c/element/f.A871513E4156B49FEA6A1325266FBBC5.d.D2482B9A0456A307A031AC8ED5F6A95C.e.3827/click - {}
RESULT: {}
COMMAND: GET /session/7d4ef5db813d7a6cede0ad9a34edc09c/screenshot - {}
RESULT: {}
COMMAND: POST /session/7d4ef5db813d7a6cede0ad9a34edc09c/element - {"using":"xpath","value":"(//li[contains(text(), \"stock increase yard\")])[1]"}
RESULT: {"using":"xpath","value":"(//li[contains(text(), \"stock increase yard\")])[1]"}
COMMAND: POST /session/7d4ef5db813d7a6cede0ad9a34edc09c/element/f.A871513E4156B49FEA6A1325266FBBC5.d.D2482B9A0456A307A031AC8ED5F6A95C.e.3828/click - {}
RESULT: {}
COMMAND: GET /session/7d4ef5db813d7a6cede0ad9a34edc09c/screenshot - {}
RESULT: {}
COMMAND: POST /session/7d4ef5db813d7a6cede0ad9a34edc09c/execute/async - {"script":"<script> [1562 bytes]","args":[{"selector":{"id":"application-managehandovers-display-component---AddNewHO--dueDate","interaction":{"idSuffix":"inner"}},"wdio_ui5_key":"applicationmanagehandovers-display-component---AddNewHO--dueDate"}]}
RESULT: {"script":"<script> [1562 bytes]","args":[{"selector":{"id":"application-managehandovers-display-component---AddNewHO--dueDate","interaction":{"idSuffix":"inner"}},"wdio_ui5_key":"applicationmanagehandovers-display-component---AddNewHO--dueDate"}]}
RESULT: undefined
COMMAND: POST /session/7d4ef5db813d7a6cede0ad9a34edc09c/execute/async - {"script":"<script> [6424 bytes]","args":[{"element-6066-11e4-a52e-4f735466cecf":"f.A871513E4156B49FEA6A1325266FBBC5.d.D2482B9A0456A307A031AC8ED5F6A95C.e.3830"},"setValue",["5/21/25"]]}
RESULT: {"script":"<script> [6424 bytes]","args":[{"element-6066-11e4-a52e-4f735466cecf":"f.A871513E4156B49FEA6A1325266FBBC5.d.D2482B9A0456A307A031AC8ED5F6A95C.e.3830"},"setValue",["5/21/25"]]}
COMMAND: POST /session/7d4ef5db813d7a6cede0ad9a34edc09c/element - {"using":"xpath","value":"//input[@id=\"generalSectionFrg--receiveYard-inner\"]"}
RESULT: {"using":"xpath","value":"//input[@id=\"generalSectionFrg--receiveYard-inner\"]"}
COMMAND: POST /session/7d4ef5db813d7a6cede0ad9a34edc09c/element/f.A871513E4156B49FEA6A1325266FBBC5.d.D2482B9A0456A307A031AC8ED5F6A95C.e.3834/clear - {}
RESULT: {}
COMMAND: POST /session/7d4ef5db813d7a6cede0ad9a34edc09c/element/f.A871513E4156B49FEA6A1325266FBBC5.d.D2482B9A0456A307A031AC8ED5F6A95C.e.3834/value - {"text":"632"}
COMMAND: GET /session/7d4ef5db813d7a6cede0ad9a34edc09c/screenshot - {}
RESULT: {"text":"632"}
COMMAND: GET /session/7d4ef5db813d7a6cede0ad9a34edc09c/screenshot - {}
RESULT: {}
RESULT: {}
COMMAND: POST /session/7d4ef5db813d7a6cede0ad9a34edc09c/element - {"using":"xpath","value":"//li[.//span[text()='632']]"}
RESULT: {"using":"xpath","value":"//li[.//span[text()='632']]"}
COMMAND: POST /session/7d4ef5db813d7a6cede0ad9a34edc09c/element/f.A871513E4156B49FEA6A1325266FBBC5.d.D2482B9A0456A307A031AC8ED5F6A95C.e.3852/click - {}
RESULT: {}
COMMAND: GET /session/7d4ef5db813d7a6cede0ad9a34edc09c/screenshot - {}
RESULT: {}
COMMAND: POST /session/7d4ef5db813d7a6cede0ad9a34edc09c/execute/async - {"script":"<script> [1562 bytes]","args":[{"selector":{"id":"application-managehandovers-display-component---AddNewHO--ObjectPageLayout-anchBar-application-managehandovers-display-component---AddNewHO--section4-anchor","interaction":{"idSuffix":"BDI-content"}},"wdio_ui5_key":"applicationmanagehandovers-display-component---AddNewHO--ObjectPageLayout-anchBar-application-managehandovers-display-component---AddNewHO--section4-anchor"}]}
RESULT: {"script":"<script> [1562 bytes]","args":[{"selector":{"id":"application-managehandovers-display-component---AddNewHO--ObjectPageLayout-anchBar-application-managehandovers-display-component---AddNewHO--section4-anchor","interaction":{"idSuffix":"BDI-content"}},"wdio_ui5_key":"applicationmanagehandovers-display-component---AddNewHO--ObjectPageLayout-anchBar-application-managehandovers-display-component---AddNewHO--section4-anchor"}]}
RESULT: undefined
COMMAND: POST /session/7d4ef5db813d7a6cede0ad9a34edc09c/element - {"using":"xpath","value":"//*[@id=\"application-managehandovers-display-component---AddNewHO--ObjectPageLayout-anchBar-application-managehandovers-display-component---AddNewHO--section4-anchor\"]"}
RESULT: {"using":"xpath","value":"//*[@id=\"application-managehandovers-display-component---AddNewHO--ObjectPageLayout-anchBar-application-managehandovers-display-component---AddNewHO--section4-anchor\"]"}
COMMAND: POST /session/7d4ef5db813d7a6cede0ad9a34edc09c/element/f.A871513E4156B49FEA6A1325266FBBC5.d.D2482B9A0456A307A031AC8ED5F6A95C.e.3854/click - {}
RESULT: {}
COMMAND: POST /session/7d4ef5db813d7a6cede0ad9a34edc09c/element - {"using":"xpath","value":"//button[@aria-label=\"Add\"]"}
COMMAND: GET /session/7d4ef5db813d7a6cede0ad9a34edc09c/screenshot - {}
RESULT: {"using":"xpath","value":"//button[@aria-label=\"Add\"]"}
COMMAND: POST /session/7d4ef5db813d7a6cede0ad9a34edc09c/element/f.A871513E4156B49FEA6A1325266FBBC5.d.D2482B9A0456A307A031AC8ED5F6A95C.e.3856/click - {}
RESULT: {}
RESULT: {}
COMMAND: GET /session/7d4ef5db813d7a6cede0ad9a34edc09c/screenshot - {}
RESULT: {}
COMMAND: POST /session/7d4ef5db813d7a6cede0ad9a34edc09c/execute/async - {"script":"<script> [1562 bytes]","args":[{"selector":{"id":"application-managehandovers-display-component---AddNewHO--smartFilterBar-btnBasicSearch","searchOpenDialogs":true,"interaction":{"idSuffix":"I"}},"wdio_ui5_key":"applicationmanagehandovers-display-component---AddNewHO--smartFilterBar-btnBasicSearch"}]}
RESULT: {"script":"<script> [1562 bytes]","args":[{"selector":{"id":"application-managehandovers-display-component---AddNewHO--smartFilterBar-btnBasicSearch","searchOpenDialogs":true,"interaction":{"idSuffix":"I"}},"wdio_ui5_key":"applicationmanagehandovers-display-component---AddNewHO--smartFilterBar-btnBasicSearch"}]}
RESULT: undefined
COMMAND: POST /session/7d4ef5db813d7a6cede0ad9a34edc09c/execute/async - {"script":"<script> [776 bytes]","args":[{"enterText":"200376","selector":{"id":"application-managehandovers-display-component---AddNewHO--smartFilterBar-btnBasicSearch","searchOpenDialogs":true,"interaction":{"idSuffix":"I"}},"clearTextFirst":true,"interactionType":"ENTER_TEXT"}]}
RESULT: {"script":"<script> [776 bytes]","args":[{"enterText":"200376","selector":{"id":"application-managehandovers-display-component---AddNewHO--smartFilterBar-btnBasicSearch","searchOpenDialogs":true,"interaction":{"idSuffix":"I"}},"clearTextFirst":true,"interactionType":"ENTER_TEXT"}]}
COMMAND: POST /session/7d4ef5db813d7a6cede0ad9a34edc09c/actions - {"actions":[{"id":"action16","type":"key","parameters":{},"actions":[{"type":"keyDown","value":""},{"type":"pause","duration":10},{"type":"keyUp","value":""}]}]}
RESULT: {"actions":[{"id":"action16","type":"key","parameters":{},"actions":[{"type":"keyDown","value":""},{"type":"pause","duration":10},{"type":"keyUp","value":""}]}]}
COMMAND: GET /session/7d4ef5db813d7a6cede0ad9a34edc09c/screenshot - {}
RESULT: {}
COMMAND: POST /session/7d4ef5db813d7a6cede0ad9a34edc09c/execute/async - {"script":"<script> [1562 bytes]","args":[{"selector":{"id":"application-managehandovers-display-component---AddNewHO--popup-sa","searchOpenDialogs":true,"interaction":{"idSuffix":"CbBg"}},"wdio_ui5_key":"applicationmanagehandovers-display-component---AddNewHO--popup-sa"}]}
RESULT: {"script":"<script> [1562 bytes]","args":[{"selector":{"id":"application-managehandovers-display-component---AddNewHO--popup-sa","searchOpenDialogs":true,"interaction":{"idSuffix":"CbBg"}},"wdio_ui5_key":"applicationmanagehandovers-display-component---AddNewHO--popup-sa"}]}
RESULT: undefined
COMMAND: POST /session/7d4ef5db813d7a6cede0ad9a34edc09c/element - {"using":"xpath","value":"//*[@id=\"application-managehandovers-display-component---AddNewHO--popup-sa\"]"}
RESULT: {"using":"xpath","value":"//*[@id=\"application-managehandovers-display-component---AddNewHO--popup-sa\"]"}
COMMAND: POST /session/7d4ef5db813d7a6cede0ad9a34edc09c/element/f.A871513E4156B49FEA6A1325266FBBC5.d.D2482B9A0456A307A031AC8ED5F6A95C.e.4010/click - {}
RESULT: {}
COMMAND: GET /session/7d4ef5db813d7a6cede0ad9a34edc09c/screenshot - {}
RESULT: {}
COMMAND: POST /session/7d4ef5db813d7a6cede0ad9a34edc09c/element - {"using":"xpath","value":"//bdi[contains(text(), \"Select\")]"}
RESULT: {"using":"xpath","value":"//bdi[contains(text(), \"Select\")]"}
COMMAND: POST /session/7d4ef5db813d7a6cede0ad9a34edc09c/element/f.A871513E4156B49FEA6A1325266FBBC5.d.D2482B9A0456A307A031AC8ED5F6A95C.e.4011/click - {}
RESULT: {}
COMMAND: GET /session/7d4ef5db813d7a6cede0ad9a34edc09c/screenshot - {}
RESULT: {}
COMMAND: POST /session/7d4ef5db813d7a6cede0ad9a34edc09c/element - {"using":"xpath","value":"//button[@data-kt=\"AddNewHOSaveButton\"]"}
RESULT: {"using":"xpath","value":"//button[@data-kt=\"AddNewHOSaveButton\"]"}
COMMAND: POST /session/7d4ef5db813d7a6cede0ad9a34edc09c/element/f.A871513E4156B49FEA6A1325266FBBC5.d.D2482B9A0456A307A031AC8ED5F6A95C.e.4015/click - {}
RESULT: {}
COMMAND: GET /session/7d4ef5db813d7a6cede0ad9a34edc09c/screenshot - {}
RESULT: {}
COMMAND: POST /session/7d4ef5db813d7a6cede0ad9a34edc09c/execute/async - {"script":"<script> [1562 bytes]","args":[{"selector":{"id":"receiptDatePicker","viewName":"etm.portal.ui.managehandovers.view.DetailExecuteHO","interaction":{"idSuffix":"inner"}},"wdio_ui5_key":"receiptDatePickeretmportal.ui.managehandovers.view.DetailExecuteHO"}]}
RESULT: {"script":"<script> [1562 bytes]","args":[{"selector":{"id":"receiptDatePicker","viewName":"etm.portal.ui.managehandovers.view.DetailExecuteHO","interaction":{"idSuffix":"inner"}},"wdio_ui5_key":"receiptDatePickeretmportal.ui.managehandovers.view.DetailExecuteHO"}]}
RESULT: undefined
COMMAND: POST /session/7d4ef5db813d7a6cede0ad9a34edc09c/execute/async - {"script":"<script> [6424 bytes]","args":[{"element-6066-11e4-a52e-4f735466cecf":"f.A871513E4156B49FEA6A1325266FBBC5.d.D2482B9A0456A307A031AC8ED5F6A95C.e.4035"},"setValue",["5/21/25"]]}
RESULT: {"script":"<script> [6424 bytes]","args":[{"element-6066-11e4-a52e-4f735466cecf":"f.A871513E4156B49FEA6A1325266FBBC5.d.D2482B9A0456A307A031AC8ED5F6A95C.e.4035"},"setValue",["5/21/25"]]}
COMMAND: POST /session/7d4ef5db813d7a6cede0ad9a34edc09c/element - {"using":"xpath","value":"//button[@data-kt=\"PickingTableConfirmAllButton\"]"}
RESULT: {"using":"xpath","value":"//button[@data-kt=\"PickingTableConfirmAllButton\"]"}
COMMAND: POST /session/7d4ef5db813d7a6cede0ad9a34edc09c/element/f.A871513E4156B49FEA6A1325266FBBC5.d.D2482B9A0456A307A031AC8ED5F6A95C.e.4051/click - {}
RESULT: {}
COMMAND: GET /session/7d4ef5db813d7a6cede0ad9a34edc09c/screenshot - {}
RESULT: {}
COMMAND: POST /session/7d4ef5db813d7a6cede0ad9a34edc09c/element - {"using":"xpath","value":"//bdi[contains(text(), \"OK\")]"}
RESULT: {"using":"xpath","value":"//bdi[contains(text(), \"OK\")]"}
COMMAND: POST /session/7d4ef5db813d7a6cede0ad9a34edc09c/element/f.A871513E4156B49FEA6A1325266FBBC5.d.D2482B9A0456A307A031AC8ED5F6A95C.e.4053/click - {}
RESULT: {}
COMMAND: GET /session/7d4ef5db813d7a6cede0ad9a34edc09c/screenshot - {}
RESULT: {}
COMMAND: POST /session/7d4ef5db813d7a6cede0ad9a34edc09c/element - {"using":"xpath","value":"(//bdi[contains(text(), \"Receive\")])[2]"}
RESULT: {"using":"xpath","value":"(//bdi[contains(text(), \"Receive\")])[2]"}
COMMAND: POST /session/7d4ef5db813d7a6cede0ad9a34edc09c/element/f.A871513E4156B49FEA6A1325266FBBC5.d.D2482B9A0456A307A031AC8ED5F6A95C.e.4055/click - {}
RESULT: {}
COMMAND: GET /session/7d4ef5db813d7a6cede0ad9a34edc09c/screenshot - {}
RESULT: {}
COMMAND: POST /session/7d4ef5db813d7a6cede0ad9a34edc09c/element - {"using":"css selector","value":"#shell-header-logo"}
RESULT: {"using":"css selector","value":"#shell-header-logo"}
COMMAND: POST /session/7d4ef5db813d7a6cede0ad9a34edc09c/element/f.A871513E4156B49FEA6A1325266FBBC5.d.D2482B9A0456A307A031AC8ED5F6A95C.e.3452/click - {}
RESULT: {}
COMMAND: GET /session/7d4ef5db813d7a6cede0ad9a34edc09c/screenshot - {}
RESULT: {}
COMMAND: POST /session/7d4ef5db813d7a6cede0ad9a34edc09c/element - {"using":"css selector","value":"#j_username"}
COMMAND: POST /session/7d4ef5db813d7a6cede0ad9a34edc09c/url - {"url":"https://qa-testing-00-live-etm-ui.cfapps.eu10-004.hana.ondemand.com/"}
RESULT: {"using":"css selector","value":"#j_username"}
COMMAND: POST /session/7d4ef5db813d7a6cede0ad9a34edc09c/element - {"using":"css selector","value":"#j_username"}
RESULT: {"url":"https://qa-testing-00-live-etm-ui.cfapps.eu10-004.hana.ondemand.com/"}
RESULT: undefined
COMMAND: GET /session/7d4ef5db813d7a6cede0ad9a34edc09c/screenshot - {}
RESULT: {"using":"css selector","value":"#j_username"}
COMMAND: POST /session/7d4ef5db813d7a6cede0ad9a34edc09c/element - {"using":"css selector","value":"#shell-header-logo"}
RESULT: {}
RESULT: {"using":"css selector","value":"#shell-header-logo"}
COMMAND: POST /session/7d4ef5db813d7a6cede0ad9a34edc09c/execute/sync - {"script":"<script> [8489 bytes]","args":[{"element-6066-11e4-a52e-4f735466cecf":"f.A871513E4156B49FEA6A1325266FBBC5.d.2AE14D8D224CC7C348ADE92F7C27EF84.e.4234","ELEMENT":"f.A871513E4156B49FEA6A1325266FBBC5.d.2AE14D8D224CC7C348ADE92F7C27EF84.e.4234"}]}
RESULT: {"script":"<script> [8489 bytes]","args":[{"element-6066-11e4-a52e-4f735466cecf":"f.A871513E4156B49FEA6A1325266FBBC5.d.2AE14D8D224CC7C348ADE92F7C27EF84.e.4234","ELEMENT":"f.A871513E4156B49FEA6A1325266FBBC5.d.2AE14D8D224CC7C348ADE92F7C27EF84.e.4234"}]}
COMMAND: POST /session/7d4ef5db813d7a6cede0ad9a34edc09c/element - {"using":"css selector","value":"#shell-header-logo"}
COMMAND: GET /session/7d4ef5db813d7a6cede0ad9a34edc09c/screenshot - {}
RESULT: {"using":"css selector","value":"#shell-header-logo"}
COMMAND: POST /session/7d4ef5db813d7a6cede0ad9a34edc09c/execute/sync - {"script":"<script> [8489 bytes]","args":[{"element-6066-11e4-a52e-4f735466cecf":"f.A871513E4156B49FEA6A1325266FBBC5.d.2AE14D8D224CC7C348ADE92F7C27EF84.e.4234","ELEMENT":"f.A871513E4156B49FEA6A1325266FBBC5.d.2AE14D8D224CC7C348ADE92F7C27EF84.e.4234"}]}
RESULT: {}
RESULT: {"script":"<script> [8489 bytes]","args":[{"element-6066-11e4-a52e-4f735466cecf":"f.A871513E4156B49FEA6A1325266FBBC5.d.2AE14D8D224CC7C348ADE92F7C27EF84.e.4234","ELEMENT":"f.A871513E4156B49FEA6A1325266FBBC5.d.2AE14D8D224CC7C348ADE92F7C27EF84.e.4234"}]}
COMMAND: POST /session/7d4ef5db813d7a6cede0ad9a34edc09c/execute/sync - {"script":"<script> [5351 bytes]","args":[{"element-6066-11e4-a52e-4f735466cecf":"f.A871513E4156B49FEA6A1325266FBBC5.d.2AE14D8D224CC7C348ADE92F7C27EF84.e.4234","ELEMENT":"f.A871513E4156B49FEA6A1325266FBBC5.d.2AE14D8D224CC7C348ADE92F7C27EF84.e.4234"}]}
COMMAND: GET /session/7d4ef5db813d7a6cede0ad9a34edc09c/screenshot - {}
RESULT: {"script":"<script> [5351 bytes]","args":[{"element-6066-11e4-a52e-4f735466cecf":"f.A871513E4156B49FEA6A1325266FBBC5.d.2AE14D8D224CC7C348ADE92F7C27EF84.e.4234","ELEMENT":"f.A871513E4156B49FEA6A1325266FBBC5.d.2AE14D8D224CC7C348ADE92F7C27EF84.e.4234"}]}
COMMAND: POST /session/7d4ef5db813d7a6cede0ad9a34edc09c/element - {"using":"css selector","value":"#shell-header-logo"}
COMMAND: GET /session/7d4ef5db813d7a6cede0ad9a34edc09c/screenshot - {}
RESULT: {}
RESULT: {"using":"css selector","value":"#shell-header-logo"}
COMMAND: POST /session/7d4ef5db813d7a6cede0ad9a34edc09c/element/f.A871513E4156B49FEA6A1325266FBBC5.d.2AE14D8D224CC7C348ADE92F7C27EF84.e.4234/click - {}
RESULT: {}
RESULT: {}
COMMAND: GET /session/7d4ef5db813d7a6cede0ad9a34edc09c/screenshot - {}
RESULT: {}
COMMAND: POST /session/7d4ef5db813d7a6cede0ad9a34edc09c/execute/async - {"script":"<script> [189 bytes]","args":[]}
RESULT: {"script":"<script> [189 bytes]","args":[]}
COMMAND: POST /session/7d4ef5db813d7a6cede0ad9a34edc09c/execute/async - {"script":"<script> [123 bytes]","args":[]}
RESULT: {"script":"<script> [123 bytes]","args":[]}
COMMAND: POST /session/7d4ef5db813d7a6cede0ad9a34edc09c/timeouts - {"script":"<number>"}
RESULT: {"script":"<number>"}
COMMAND: GET /session/7d4ef5db813d7a6cede0ad9a34edc09c/timeouts - {}
RESULT: {}
RESULT: undefined
COMMAND: POST /session/7d4ef5db813d7a6cede0ad9a34edc09c/execute/async - {"script":"<script> [2676 bytes]","args":[]}
RESULT: {"script":"<script> [2676 bytes]","args":[]}
COMMAND: POST /session/7d4ef5db813d7a6cede0ad9a34edc09c/execute/async - {"script":"<script> [2342 bytes]","args":[{"protocol":"http","hostname":"0.0.0.0","path":"/","capabilities":{"browserName":"chrome","goog:chromeOptions":{"binary":"C:\\Program Files\\Google\\Chrome\\Application\\chrome.exe","args":["--start-maximized"]}},"logLevel":"warn","connectionRetryTimeout":120000,"connectionRetryCount":3,"logLevels":{},"enableDirectConnect":true,"strictSSL":true,"_":"65 more keys: [\"cacheDir\",\"port\",\"requestedCapabilities\",\"automationProtocol\",\"baseUrl\",\"waitforInterval\",\"waitforTimeout\",\"onReload\",\"beforeCommand\",\"afterCommand\",\"rootDir\",\"specs\",\"suites\",\"exclude\",\"groupLogsByTestSpec\",\"excludeDriverLogs\",\"bail\",\"framework\",\"reporters\",\"services\",\"maxInstances\",\"maxInstancesPerCapability\",\"injectGlobals\",\"filesToWatch\",\"execArgv\",\"runnerEnv\",\"runner\",\"shard\",\"specFileRetries\",\"specFileRetriesDelay\",\"specFileRetriesDeferred\",\"reporterSyncInterval\",\"reporterSyncTimeout\",\"cucumberFeaturesWithLineNumbers\",\"autoCompileOpts\",\"mochaOpts\",\"jasmineOpts\",\"cucumberOpts\",\"onPrepare\",\"onWorkerStart\",\"onWorkerEnd\",\"before\",\"beforeSession\",\"beforeSuite\",\"beforeHook\",\"beforeTest\",\"afterTest\",\"afterHook\",\"afterSuite\",\"afterSession\",\"after\",\"onComplete\",\"beforeAssertion\",\"afterAssertion\",\"beforeFeature\",\"beforeScenario\",\"beforeStep\",\"afterStep\",\"afterScenario\",\"afterFeature\",\"_\",\"suite\",\"$0\",\"ignoredWorkerServices\",\"wdi5\"]"}]}
RESULT: {"script":"<script> [2342 bytes]","args":[{"protocol":"http","hostname":"0.0.0.0","path":"/","capabilities":{"browserName":"chrome","goog:chromeOptions":{"binary":"C:\\Program Files\\Google\\Chrome\\Application\\chrome.exe","args":["--start-maximized"]}},"logLevel":"warn","connectionRetryTimeout":120000,"connectionRetryCount":3,"logLevels":{},"enableDirectConnect":true,"strictSSL":true,"_":"65 more keys: [\"cacheDir\",\"port\",\"requestedCapabilities\",\"automationProtocol\",\"baseUrl\",\"waitforInterval\",\"waitforTimeout\",\"onReload\",\"beforeCommand\",\"afterCommand\",\"rootDir\",\"specs\",\"suites\",\"exclude\",\"groupLogsByTestSpec\",\"excludeDriverLogs\",\"bail\",\"framework\",\"reporters\",\"services\",\"maxInstances\",\"maxInstancesPerCapability\",\"injectGlobals\",\"filesToWatch\",\"execArgv\",\"runnerEnv\",\"runner\",\"shard\",\"specFileRetries\",\"specFileRetriesDelay\",\"specFileRetriesDeferred\",\"reporterSyncInterval\",\"reporterSyncTimeout\",\"cucumberFeaturesWithLineNumbers\",\"autoCompileOpts\",\"mochaOpts\",\"jasmineOpts\",\"cucumberOpts\",\"onPrepare\",\"onWorkerStart\",\"onWorkerEnd\",\"before\",\"beforeSession\",\"beforeSuite\",\"beforeHook\",\"beforeTest\",\"afterTest\",\"afterHook\",\"afterSuite\",\"afterSession\",\"after\",\"onComplete\",\"beforeAssertion\",\"afterAssertion\",\"beforeFeature\",\"beforeScenario\",\"beforeStep\",\"afterStep\",\"afterScenario\",\"afterFeature\",\"_\",\"suite\",\"$0\",\"ignoredWorkerServices\",\"wdi5\"]"}]}
COMMAND: POST /session/7d4ef5db813d7a6cede0ad9a34edc09c/execute/async - {"script":"<script> [21126 bytes]","args":[35000]}
RESULT: {"script":"<script> [21126 bytes]","args":[35000]}
COMMAND: POST /session/7d4ef5db813d7a6cede0ad9a34edc09c/window/maximize - {}
RESULT: {}
COMMAND: POST /session/7d4ef5db813d7a6cede0ad9a34edc09c/execute/async - {"script":"<script> [1562 bytes]","args":[{"selector":{"id":"shell-header","interaction":{"idSuffix":"icon"}},"wdio_ui5_key":"shellheader"}]}
COMMAND: GET /session/7d4ef5db813d7a6cede0ad9a34edc09c/screenshot - {}
RESULT: {"script":"<script> [1562 bytes]","args":[{"selector":{"id":"shell-header","interaction":{"idSuffix":"icon"}},"wdio_ui5_key":"shellheader"}]}
RESULT: undefined
COMMAND: POST /session/7d4ef5db813d7a6cede0ad9a34edc09c/window/fullscreen - {}
RESULT: {}
RESULT: {}
]]></system-out>
    </testcase>
  </testsuite>
  <testsuite timestamp="2025-05-21T16:31:50" time="139.718" tests="6" failures="0" errors="0" skipped="0">
    <properties>
      <property name="specId" value="0"/>
      <property name="suiteName" value="Provide to Site w/ warehouse management w/ clarification US115878"/>
      <property name="capabilities" value="chrome.136_0_7103_93.windows"/>
      <property name="file" value="file:///D:/a/1/s/test/specs/HTR/provide-to-site-w-warehouse-w-clarification.spec.js"/>
    </properties>
    <testcase classname="chrome.136_0_7103_93.windows.Provide_to_Site_w/_warehouse_management_w/_clarification_US115878" name="Should create a new WHM yard" time="0.026">
      <system-out><![CDATA[
COMMAND: POST /session/7d4ef5db813d7a6cede0ad9a34edc09c/window/fullscreen - {}
RESULT: {}
]]></system-out>
    </testcase>
    <testcase classname="chrome.136_0_7103_93.windows.Provide_to_Site_w/_warehouse_management_w/_clarification_US115878" name="Should create a new external WHM partner" time="0.005"/>
    <testcase classname="chrome.136_0_7103_93.windows.Provide_to_Site_w/_warehouse_management_w/_clarification_US115878" name="Should create a new WHM site" time="0.004"/>
    <testcase classname="chrome.136_0_7103_93.windows.Provide_to_Site_w/_warehouse_management_w/_clarification_US115878" name="Should create a new material" time="123.462">
      <system-out><![CDATA[
COMMAND: POST /session/7d4ef5db813d7a6cede0ad9a34edc09c/execute/async - {"script":"<script> [1562 bytes]","args":[{"selector":{"controlType":"sap.m.GenericTile","properties":{"header":"Manage Resources"}},"wdio_ui5_key":"sapm.GenericTile{\"header\":\"Manage Resources\"}"}]}
RESULT: {"script":"<script> [1562 bytes]","args":[{"selector":{"controlType":"sap.m.GenericTile","properties":{"header":"Manage Resources"}},"wdio_ui5_key":"sapm.GenericTile{\"header\":\"Manage Resources\"}"}]}
RESULT: undefined
COMMAND: POST /session/7d4ef5db813d7a6cede0ad9a34edc09c/element - {"using":"xpath","value":"//*[@id=\"__tile31\"]"}
RESULT: {"using":"xpath","value":"//*[@id=\"__tile31\"]"}
COMMAND: POST /session/7d4ef5db813d7a6cede0ad9a34edc09c/element/f.A871513E4156B49FEA6A1325266FBBC5.d.2AE14D8D224CC7C348ADE92F7C27EF84.e.4257/click - {}
RESULT: {}
COMMAND: GET /session/7d4ef5db813d7a6cede0ad9a34edc09c/screenshot - {}
RESULT: {}
COMMAND: POST /session/7d4ef5db813d7a6cede0ad9a34edc09c/elements - {"using":"xpath","value":"//span[text()='Error']"}
RESULT: {"using":"xpath","value":"//span[text()='Error']"}
COMMAND: POST /session/7d4ef5db813d7a6cede0ad9a34edc09c/element - {"using":"xpath","value":"//button[@data-kt=\"addNewRUOverflowToolbarButton\"]"}
RESULT: {"using":"xpath","value":"//button[@data-kt=\"addNewRUOverflowToolbarButton\"]"}
COMMAND: POST /session/7d4ef5db813d7a6cede0ad9a34edc09c/elements - {"using":"xpath","value":"//button[@data-kt=\"addNewRUOverflowToolbarButton\"]"}
RESULT: {"using":"xpath","value":"//button[@data-kt=\"addNewRUOverflowToolbarButton\"]"}
COMMAND: POST /session/7d4ef5db813d7a6cede0ad9a34edc09c/elements - {"using":"xpath","value":"//button[@data-kt=\"addNewRUOverflowToolbarButton\"]"}
RESULT: {"using":"xpath","value":"//button[@data-kt=\"addNewRUOverflowToolbarButton\"]"}
COMMAND: POST /session/7d4ef5db813d7a6cede0ad9a34edc09c/element - {"using":"xpath","value":"//button[@data-kt=\"addNewRUOverflowToolbarButton\"]"}
RESULT: {"using":"xpath","value":"//button[@data-kt=\"addNewRUOverflowToolbarButton\"]"}
COMMAND: POST /session/7d4ef5db813d7a6cede0ad9a34edc09c/execute/sync - {"script":"<script> [8489 bytes]","args":[{"element-6066-11e4-a52e-4f735466cecf":"f.A871513E4156B49FEA6A1325266FBBC5.d.2AE14D8D224CC7C348ADE92F7C27EF84.e.4388","ELEMENT":"f.A871513E4156B49FEA6A1325266FBBC5.d.2AE14D8D224CC7C348ADE92F7C27EF84.e.4388"}]}
RESULT: {"script":"<script> [8489 bytes]","args":[{"element-6066-11e4-a52e-4f735466cecf":"f.A871513E4156B49FEA6A1325266FBBC5.d.2AE14D8D224CC7C348ADE92F7C27EF84.e.4388","ELEMENT":"f.A871513E4156B49FEA6A1325266FBBC5.d.2AE14D8D224CC7C348ADE92F7C27EF84.e.4388"}]}
COMMAND: GET /session/7d4ef5db813d7a6cede0ad9a34edc09c/element/f.A871513E4156B49FEA6A1325266FBBC5.d.2AE14D8D224CC7C348ADE92F7C27EF84.e.4388/enabled - {}
COMMAND: GET /session/7d4ef5db813d7a6cede0ad9a34edc09c/screenshot - {}
RESULT: {}
COMMAND: POST /session/7d4ef5db813d7a6cede0ad9a34edc09c/execute/sync - {"script":"<script> [8489 bytes]","args":[{"element-6066-11e4-a52e-4f735466cecf":"f.A871513E4156B49FEA6A1325266FBBC5.d.2AE14D8D224CC7C348ADE92F7C27EF84.e.4388","ELEMENT":"f.A871513E4156B49FEA6A1325266FBBC5.d.2AE14D8D224CC7C348ADE92F7C27EF84.e.4388"}]}
COMMAND: GET /session/7d4ef5db813d7a6cede0ad9a34edc09c/screenshot - {}
RESULT: {}
RESULT: {"script":"<script> [8489 bytes]","args":[{"element-6066-11e4-a52e-4f735466cecf":"f.A871513E4156B49FEA6A1325266FBBC5.d.2AE14D8D224CC7C348ADE92F7C27EF84.e.4388","ELEMENT":"f.A871513E4156B49FEA6A1325266FBBC5.d.2AE14D8D224CC7C348ADE92F7C27EF84.e.4388"}]}
COMMAND: POST /session/7d4ef5db813d7a6cede0ad9a34edc09c/execute/sync - {"script":"<script> [5351 bytes]","args":[{"element-6066-11e4-a52e-4f735466cecf":"f.A871513E4156B49FEA6A1325266FBBC5.d.2AE14D8D224CC7C348ADE92F7C27EF84.e.4388","ELEMENT":"f.A871513E4156B49FEA6A1325266FBBC5.d.2AE14D8D224CC7C348ADE92F7C27EF84.e.4388"}]}
COMMAND: GET /session/7d4ef5db813d7a6cede0ad9a34edc09c/screenshot - {}
RESULT: {}
RESULT: {"script":"<script> [5351 bytes]","args":[{"element-6066-11e4-a52e-4f735466cecf":"f.A871513E4156B49FEA6A1325266FBBC5.d.2AE14D8D224CC7C348ADE92F7C27EF84.e.4388","ELEMENT":"f.A871513E4156B49FEA6A1325266FBBC5.d.2AE14D8D224CC7C348ADE92F7C27EF84.e.4388"}]}
COMMAND: POST /session/7d4ef5db813d7a6cede0ad9a34edc09c/element/f.A871513E4156B49FEA6A1325266FBBC5.d.2AE14D8D224CC7C348ADE92F7C27EF84.e.4388/click - {}
COMMAND: GET /session/7d4ef5db813d7a6cede0ad9a34edc09c/screenshot - {}
RESULT: {}
RESULT: {}
COMMAND: GET /session/7d4ef5db813d7a6cede0ad9a34edc09c/screenshot - {}
RESULT: {}
RESULT: {}
COMMAND: POST /session/7d4ef5db813d7a6cede0ad9a34edc09c/execute/async - {"script":"<script> [1562 bytes]","args":[{"selector":{"id":"application-manageresources-display-component---newResourceUnit--TYPE-arrow"},"wdio_ui5_key":"applicationmanageresources-display-component---newResourceUnit--TYPE-arrow"}]}
RESULT: {"script":"<script> [1562 bytes]","args":[{"selector":{"id":"application-manageresources-display-component---newResourceUnit--TYPE-arrow"},"wdio_ui5_key":"applicationmanageresources-display-component---newResourceUnit--TYPE-arrow"}]}
RESULT: undefined
COMMAND: POST /session/7d4ef5db813d7a6cede0ad9a34edc09c/element - {"using":"xpath","value":"//*[@id=\"application-manageresources-display-component---newResourceUnit--TYPE-arrow\"]"}
RESULT: {"using":"xpath","value":"//*[@id=\"application-manageresources-display-component---newResourceUnit--TYPE-arrow\"]"}
COMMAND: POST /session/7d4ef5db813d7a6cede0ad9a34edc09c/element/f.A871513E4156B49FEA6A1325266FBBC5.d.2AE14D8D224CC7C348ADE92F7C27EF84.e.4747/click - {}
RESULT: {}
COMMAND: POST /session/7d4ef5db813d7a6cede0ad9a34edc09c/element - {"using":"xpath","value":"//input[@id=\"application-manageresources-display-component---newResourceUnit--TYPE-inner\"]"}
COMMAND: GET /session/7d4ef5db813d7a6cede0ad9a34edc09c/screenshot - {}
RESULT: {"using":"xpath","value":"//input[@id=\"application-manageresources-display-component---newResourceUnit--TYPE-inner\"]"}
COMMAND: POST /session/7d4ef5db813d7a6cede0ad9a34edc09c/element/f.A871513E4156B49FEA6A1325266FBBC5.d.2AE14D8D224CC7C348ADE92F7C27EF84.e.4740/clear - {}
RESULT: {}
RESULT: {}
COMMAND: POST /session/7d4ef5db813d7a6cede0ad9a34edc09c/element/f.A871513E4156B49FEA6A1325266FBBC5.d.2AE14D8D224CC7C348ADE92F7C27EF84.e.4740/value - {"text":"Material"}
COMMAND: GET /session/7d4ef5db813d7a6cede0ad9a34edc09c/screenshot - {}
RESULT: {"text":"Material"}
COMMAND: GET /session/7d4ef5db813d7a6cede0ad9a34edc09c/screenshot - {}
RESULT: {}
RESULT: {}
COMMAND: POST /session/7d4ef5db813d7a6cede0ad9a34edc09c/actions - {"actions":[{"id":"action17","type":"key","parameters":{},"actions":[{"type":"keyDown","value":""},{"type":"pause","duration":10},{"type":"keyUp","value":""}]}]}
RESULT: {"actions":[{"id":"action17","type":"key","parameters":{},"actions":[{"type":"keyDown","value":""},{"type":"pause","duration":10},{"type":"keyUp","value":""}]}]}
COMMAND: POST /session/7d4ef5db813d7a6cede0ad9a34edc09c/execute/async - {"script":"<script> [1562 bytes]","args":[{"selector":{"id":"application-manageresources-display-component---newResourceUnit--SHORT_TEXT","interaction":{"idSuffix":"inner"}},"wdio_ui5_key":"applicationmanageresources-display-component---newResourceUnit--SHORT_TEXT"}]}
COMMAND: GET /session/7d4ef5db813d7a6cede0ad9a34edc09c/screenshot - {}
RESULT: {"script":"<script> [1562 bytes]","args":[{"selector":{"id":"application-manageresources-display-component---newResourceUnit--SHORT_TEXT","interaction":{"idSuffix":"inner"}},"wdio_ui5_key":"applicationmanageresources-display-component---newResourceUnit--SHORT_TEXT"}]}
RESULT: undefined
COMMAND: POST /session/7d4ef5db813d7a6cede0ad9a34edc09c/execute/async - {"script":"<script> [776 bytes]","args":[{"enterText":"Cement WDIO","selector":{"id":"application-manageresources-display-component---newResourceUnit--SHORT_TEXT","interaction":{"idSuffix":"inner"}},"clearTextFirst":true,"interactionType":"ENTER_TEXT"}]}
RESULT: {}
RESULT: {"script":"<script> [776 bytes]","args":[{"enterText":"Cement WDIO","selector":{"id":"application-manageresources-display-component---newResourceUnit--SHORT_TEXT","interaction":{"idSuffix":"inner"}},"clearTextFirst":true,"interactionType":"ENTER_TEXT"}]}
COMMAND: POST /session/7d4ef5db813d7a6cede0ad9a34edc09c/execute/async - {"script":"<script> [1562 bytes]","args":[{"selector":{"id":"application-manageresources-display-component---newResourceUnit--BASE_UNIT_OF_MEASURE","interaction":{"idSuffix":"inner"}},"wdio_ui5_key":"applicationmanageresources-display-component---newResourceUnit--BASE_UNIT_OF_MEASURE"}]}
RESULT: {"script":"<script> [1562 bytes]","args":[{"selector":{"id":"application-manageresources-display-component---newResourceUnit--BASE_UNIT_OF_MEASURE","interaction":{"idSuffix":"inner"}},"wdio_ui5_key":"applicationmanageresources-display-component---newResourceUnit--BASE_UNIT_OF_MEASURE"}]}
RESULT: undefined
COMMAND: POST /session/7d4ef5db813d7a6cede0ad9a34edc09c/execute/async - {"script":"<script> [776 bytes]","args":[{"enterText":"Piece","selector":{"id":"application-manageresources-display-component---newResourceUnit--BASE_UNIT_OF_MEASURE","interaction":{"idSuffix":"inner"}},"clearTextFirst":true,"interactionType":"ENTER_TEXT"}]}
RESULT: {"script":"<script> [776 bytes]","args":[{"enterText":"Piece","selector":{"id":"application-manageresources-display-component---newResourceUnit--BASE_UNIT_OF_MEASURE","interaction":{"idSuffix":"inner"}},"clearTextFirst":true,"interactionType":"ENTER_TEXT"}]}
COMMAND: POST /session/7d4ef5db813d7a6cede0ad9a34edc09c/execute/async - {"script":"<script> [1562 bytes]","args":[{"selector":{"id":"application-manageresources-display-component---newResourceUnit--WEIGHT_UNIT","interaction":{"idSuffix":"inner"}},"wdio_ui5_key":"applicationmanageresources-display-component---newResourceUnit--WEIGHT_UNIT"}]}
RESULT: {"script":"<script> [1562 bytes]","args":[{"selector":{"id":"application-manageresources-display-component---newResourceUnit--WEIGHT_UNIT","interaction":{"idSuffix":"inner"}},"wdio_ui5_key":"applicationmanageresources-display-component---newResourceUnit--WEIGHT_UNIT"}]}
RESULT: undefined
COMMAND: POST /session/7d4ef5db813d7a6cede0ad9a34edc09c/execute/async - {"script":"<script> [776 bytes]","args":[{"enterText":"Gram","selector":{"id":"application-manageresources-display-component---newResourceUnit--WEIGHT_UNIT","interaction":{"idSuffix":"inner"}},"clearTextFirst":true,"interactionType":"ENTER_TEXT"}]}
RESULT: {"script":"<script> [776 bytes]","args":[{"enterText":"Gram","selector":{"id":"application-manageresources-display-component---newResourceUnit--WEIGHT_UNIT","interaction":{"idSuffix":"inner"}},"clearTextFirst":true,"interactionType":"ENTER_TEXT"}]}
COMMAND: POST /session/7d4ef5db813d7a6cede0ad9a34edc09c/execute/async - {"script":"<script> [1562 bytes]","args":[{"selector":{"id":"application-manageresources-display-component---newResourceUnit--DIMENSION_UNIT","interaction":{"idSuffix":"inner"}},"wdio_ui5_key":"applicationmanageresources-display-component---newResourceUnit--DIMENSION_UNIT"}]}
RESULT: {"script":"<script> [1562 bytes]","args":[{"selector":{"id":"application-manageresources-display-component---newResourceUnit--DIMENSION_UNIT","interaction":{"idSuffix":"inner"}},"wdio_ui5_key":"applicationmanageresources-display-component---newResourceUnit--DIMENSION_UNIT"}]}
RESULT: undefined
COMMAND: POST /session/7d4ef5db813d7a6cede0ad9a34edc09c/execute/async - {"script":"<script> [776 bytes]","args":[{"enterText":"Meter","selector":{"id":"application-manageresources-display-component---newResourceUnit--DIMENSION_UNIT","interaction":{"idSuffix":"inner"}},"clearTextFirst":true,"interactionType":"ENTER_TEXT"}]}
RESULT: {"script":"<script> [776 bytes]","args":[{"enterText":"Meter","selector":{"id":"application-manageresources-display-component---newResourceUnit--DIMENSION_UNIT","interaction":{"idSuffix":"inner"}},"clearTextFirst":true,"interactionType":"ENTER_TEXT"}]}
COMMAND: POST /session/7d4ef5db813d7a6cede0ad9a34edc09c/execute/async - {"script":"<script> [1562 bytes]","args":[{"selector":{"id":"application-manageresources-display-component---newResourceUnit--newRRUPage-anchBar-application-manageresources-display-component---newResourceUnit--control-anchor","interaction":{"idSuffix":"BDI-content"}},"wdio_ui5_key":"applicationmanageresources-display-component---newResourceUnit--newRRUPage-anchBar-application-manageresources-display-component---newResourceUnit--control-anchor"}]}
RESULT: {"script":"<script> [1562 bytes]","args":[{"selector":{"id":"application-manageresources-display-component---newResourceUnit--newRRUPage-anchBar-application-manageresources-display-component---newResourceUnit--control-anchor","interaction":{"idSuffix":"BDI-content"}},"wdio_ui5_key":"applicationmanageresources-display-component---newResourceUnit--newRRUPage-anchBar-application-manageresources-display-component---newResourceUnit--control-anchor"}]}
RESULT: undefined
COMMAND: POST /session/7d4ef5db813d7a6cede0ad9a34edc09c/element - {"using":"xpath","value":"//*[@id=\"application-manageresources-display-component---newResourceUnit--newRRUPage-anchBar-application-manageresources-display-component---newResourceUnit--control-anchor\"]"}
RESULT: {"using":"xpath","value":"//*[@id=\"application-manageresources-display-component---newResourceUnit--newRRUPage-anchBar-application-manageresources-display-component---newResourceUnit--control-anchor\"]"}
COMMAND: POST /session/7d4ef5db813d7a6cede0ad9a34edc09c/element/f.A871513E4156B49FEA6A1325266FBBC5.d.2AE14D8D224CC7C348ADE92F7C27EF84.e.4812/click - {}
RESULT: {}
COMMAND: POST /session/7d4ef5db813d7a6cede0ad9a34edc09c/execute/async - {"script":"<script> [1562 bytes]","args":[{"selector":{"id":"application-manageresources-display-component---newResourceUnit--PLANNING_GROUP","interaction":{"idSuffix":"inner"}},"wdio_ui5_key":"applicationmanageresources-display-component---newResourceUnit--PLANNING_GROUP"}]}
COMMAND: GET /session/7d4ef5db813d7a6cede0ad9a34edc09c/screenshot - {}
RESULT: {"script":"<script> [1562 bytes]","args":[{"selector":{"id":"application-manageresources-display-component---newResourceUnit--PLANNING_GROUP","interaction":{"idSuffix":"inner"}},"wdio_ui5_key":"applicationmanageresources-display-component---newResourceUnit--PLANNING_GROUP"}]}
RESULT: undefined
COMMAND: POST /session/7d4ef5db813d7a6cede0ad9a34edc09c/execute/async - {"script":"<script> [776 bytes]","args":[{"enterText":"Material","selector":{"id":"application-manageresources-display-component---newResourceUnit--PLANNING_GROUP","interaction":{"idSuffix":"inner"}},"clearTextFirst":true,"interactionType":"ENTER_TEXT"}]}
RESULT: {}
RESULT: {"script":"<script> [776 bytes]","args":[{"enterText":"Material","selector":{"id":"application-manageresources-display-component---newResourceUnit--PLANNING_GROUP","interaction":{"idSuffix":"inner"}},"clearTextFirst":true,"interactionType":"ENTER_TEXT"}]}
COMMAND: POST /session/7d4ef5db813d7a6cede0ad9a34edc09c/execute/async - {"script":"<script> [1562 bytes]","args":[{"selector":{"id":"application-manageresources-display-component---newResourceUnit--PLANNING_INDICATOR","interaction":{"idSuffix":"inner"}},"wdio_ui5_key":"applicationmanageresources-display-component---newResourceUnit--PLANNING_INDICATOR"}]}
RESULT: {"script":"<script> [1562 bytes]","args":[{"selector":{"id":"application-manageresources-display-component---newResourceUnit--PLANNING_INDICATOR","interaction":{"idSuffix":"inner"}},"wdio_ui5_key":"applicationmanageresources-display-component---newResourceUnit--PLANNING_INDICATOR"}]}
RESULT: undefined
COMMAND: POST /session/7d4ef5db813d7a6cede0ad9a34edc09c/execute/async - {"script":"<script> [776 bytes]","args":[{"enterText":"10 - infinite","selector":{"id":"application-manageresources-display-component---newResourceUnit--PLANNING_INDICATOR","interaction":{"idSuffix":"inner"}},"clearTextFirst":true,"interactionType":"ENTER_TEXT"}]}
RESULT: {"script":"<script> [776 bytes]","args":[{"enterText":"10 - infinite","selector":{"id":"application-manageresources-display-component---newResourceUnit--PLANNING_INDICATOR","interaction":{"idSuffix":"inner"}},"clearTextFirst":true,"interactionType":"ENTER_TEXT"}]}
COMMAND: POST /session/7d4ef5db813d7a6cede0ad9a34edc09c/element - {"using":"css selector","value":"#application-manageresources-display-component---newResourceUnit--btnAddTimeSegment"}
RESULT: {"using":"css selector","value":"#application-manageresources-display-component---newResourceUnit--btnAddTimeSegment"}
COMMAND: GET /session/7d4ef5db813d7a6cede0ad9a34edc09c/element/f.A871513E4156B49FEA6A1325266FBBC5.d.2AE14D8D224CC7C348ADE92F7C27EF84.e.4822/rect - {}
RESULT: {}
COMMAND: GET /session/7d4ef5db813d7a6cede0ad9a34edc09c/window/rect - {}
RESULT: {}
COMMAND: POST /session/7d4ef5db813d7a6cede0ad9a34edc09c/execute/sync - {"script":"<script> [92 bytes]","args":[]}
RESULT: {"script":"<script> [92 bytes]","args":[]}
COMMAND: POST /session/7d4ef5db813d7a6cede0ad9a34edc09c/actions - {"actions":[{"id":"action18","type":"wheel","parameters":{},"actions":[{"type":"scroll","x":-1888,"y":-32,"deltaX":0,"deltaY":0,"duration":0,"origin":{"element-6066-11e4-a52e-4f735466cecf":"f.A871513E4156B49FEA6A1325266FBBC5.d.2AE14D8D224CC7C348ADE92F7C27EF84.e.4822"}}]}]}
COMMAND: GET /session/7d4ef5db813d7a6cede0ad9a34edc09c/screenshot - {}
RESULT: {}
COMMAND: POST /session/7d4ef5db813d7a6cede0ad9a34edc09c/execute/sync - {"script":"<script> [79 bytes]","args":[{"element-6066-11e4-a52e-4f735466cecf":"f.A871513E4156B49FEA6A1325266FBBC5.d.2AE14D8D224CC7C348ADE92F7C27EF84.e.4822","ELEMENT":"f.A871513E4156B49FEA6A1325266FBBC5.d.2AE14D8D224CC7C348ADE92F7C27EF84.e.4822"},{"block":"start","inline":"nearest"}]}
RESULT: {"script":"<script> [79 bytes]","args":[{"element-6066-11e4-a52e-4f735466cecf":"f.A871513E4156B49FEA6A1325266FBBC5.d.2AE14D8D224CC7C348ADE92F7C27EF84.e.4822","ELEMENT":"f.A871513E4156B49FEA6A1325266FBBC5.d.2AE14D8D224CC7C348ADE92F7C27EF84.e.4822"},{"block":"start","inline":"nearest"}]}
COMMAND: POST /session/7d4ef5db813d7a6cede0ad9a34edc09c/execute/async - {"script":"<script> [1562 bytes]","args":[{"selector":{"id":"application-manageresources-display-component---newResourceUnit--btnAddTimeSegment","interaction":{"idSuffix":"inner"}},"wdio_ui5_key":"applicationmanageresources-display-component---newResourceUnit--btnAddTimeSegment"}]}
COMMAND: GET /session/7d4ef5db813d7a6cede0ad9a34edc09c/screenshot - {}
RESULT: {"script":"<script> [1562 bytes]","args":[{"selector":{"id":"application-manageresources-display-component---newResourceUnit--btnAddTimeSegment","interaction":{"idSuffix":"inner"}},"wdio_ui5_key":"applicationmanageresources-display-component---newResourceUnit--btnAddTimeSegment"}]}
RESULT: undefined
COMMAND: POST /session/7d4ef5db813d7a6cede0ad9a34edc09c/element - {"using":"xpath","value":"//*[@id=\"application-manageresources-display-component---newResourceUnit--btnAddTimeSegment\"]"}
RESULT: {}
RESULT: {"using":"xpath","value":"//*[@id=\"application-manageresources-display-component---newResourceUnit--btnAddTimeSegment\"]"}
COMMAND: POST /session/7d4ef5db813d7a6cede0ad9a34edc09c/element/f.A871513E4156B49FEA6A1325266FBBC5.d.2AE14D8D224CC7C348ADE92F7C27EF84.e.4822/click - {}
RESULT: {}
COMMAND: GET /session/7d4ef5db813d7a6cede0ad9a34edc09c/screenshot - {}
RESULT: {}
COMMAND: POST /session/7d4ef5db813d7a6cede0ad9a34edc09c/element - {"using":"xpath","value":"//input[@id=\"application-manageresources-display-component---newResourceUnit--idRuTSAdmin-application-manageresources-display-component---newResourceUnit--RUTimeSegment-0-inner\"]"}
RESULT: {"using":"xpath","value":"//input[@id=\"application-manageresources-display-component---newResourceUnit--idRuTSAdmin-application-manageresources-display-component---newResourceUnit--RUTimeSegment-0-inner\"]"}
COMMAND: POST /session/7d4ef5db813d7a6cede0ad9a34edc09c/element/f.A871513E4156B49FEA6A1325266FBBC5.d.2AE14D8D224CC7C348ADE92F7C27EF84.e.4827/clear - {}
RESULT: {}
COMMAND: POST /session/7d4ef5db813d7a6cede0ad9a34edc09c/element/f.A871513E4156B49FEA6A1325266FBBC5.d.2AE14D8D224CC7C348ADE92F7C27EF84.e.4827/value - {"text":"632"}
COMMAND: GET /session/7d4ef5db813d7a6cede0ad9a34edc09c/screenshot - {}
RESULT: {"text":"632"}
COMMAND: GET /session/7d4ef5db813d7a6cede0ad9a34edc09c/screenshot - {}
RESULT: {}
RESULT: {}
COMMAND: POST /session/7d4ef5db813d7a6cede0ad9a34edc09c/element - {"using":"xpath","value":"//li[.//span[text()='632']]"}
RESULT: {"using":"xpath","value":"//li[.//span[text()='632']]"}
COMMAND: POST /session/7d4ef5db813d7a6cede0ad9a34edc09c/element/f.A871513E4156B49FEA6A1325266FBBC5.d.2AE14D8D224CC7C348ADE92F7C27EF84.e.4836/click - {}
RESULT: {}
COMMAND: GET /session/7d4ef5db813d7a6cede0ad9a34edc09c/screenshot - {}
RESULT: {}
COMMAND: POST /session/7d4ef5db813d7a6cede0ad9a34edc09c/element - {"using":"xpath","value":"(//span[contains(@id, \"-application-manageresources-display-component---newResourceUnit--RUTimeSegment-0-arrow\")])[2]"}
RESULT: {"using":"xpath","value":"(//span[contains(@id, \"-application-manageresources-display-component---newResourceUnit--RUTimeSegment-0-arrow\")])[2]"}
COMMAND: POST /session/7d4ef5db813d7a6cede0ad9a34edc09c/element/f.A871513E4156B49FEA6A1325266FBBC5.d.2AE14D8D224CC7C348ADE92F7C27EF84.e.4837/click - {}
RESULT: {}
COMMAND: POST /session/7d4ef5db813d7a6cede0ad9a34edc09c/element - {"using":"xpath","value":"//span[contains(text(), \"PM Order\")]"}
COMMAND: GET /session/7d4ef5db813d7a6cede0ad9a34edc09c/screenshot - {}
RESULT: {"using":"xpath","value":"//span[contains(text(), \"PM Order\")]"}
COMMAND: POST /session/7d4ef5db813d7a6cede0ad9a34edc09c/element/f.A871513E4156B49FEA6A1325266FBBC5.d.2AE14D8D224CC7C348ADE92F7C27EF84.e.4838/click - {}
RESULT: {}
RESULT: {}
COMMAND: GET /session/7d4ef5db813d7a6cede0ad9a34edc09c/screenshot - {}
RESULT: {}
COMMAND: POST /session/7d4ef5db813d7a6cede0ad9a34edc09c/element - {"using":"xpath","value":"//td/div/div/div/span[contains(@id, \"newResourceUnit--RUTimeSegment-0-vhi\")][1]"}
RESULT: {"using":"xpath","value":"//td/div/div/div/span[contains(@id, \"newResourceUnit--RUTimeSegment-0-vhi\")][1]"}
COMMAND: GET /session/7d4ef5db813d7a6cede0ad9a34edc09c/element/f.A871513E4156B49FEA6A1325266FBBC5.d.2AE14D8D224CC7C348ADE92F7C27EF84.e.4842/rect - {}
RESULT: {}
COMMAND: GET /session/7d4ef5db813d7a6cede0ad9a34edc09c/window/rect - {}
RESULT: {}
COMMAND: POST /session/7d4ef5db813d7a6cede0ad9a34edc09c/execute/sync - {"script":"<script> [92 bytes]","args":[]}
RESULT: {"script":"<script> [92 bytes]","args":[]}
COMMAND: POST /session/7d4ef5db813d7a6cede0ad9a34edc09c/actions - {"actions":[{"id":"action19","type":"wheel","parameters":{},"actions":[{"type":"scroll","x":-1888,"y":-24,"deltaX":0,"deltaY":0,"duration":0,"origin":{"element-6066-11e4-a52e-4f735466cecf":"f.A871513E4156B49FEA6A1325266FBBC5.d.2AE14D8D224CC7C348ADE92F7C27EF84.e.4842"}}]}]}
COMMAND: GET /session/7d4ef5db813d7a6cede0ad9a34edc09c/screenshot - {}
RESULT: {}
COMMAND: POST /session/7d4ef5db813d7a6cede0ad9a34edc09c/execute/sync - {"script":"<script> [79 bytes]","args":[{"element-6066-11e4-a52e-4f735466cecf":"f.A871513E4156B49FEA6A1325266FBBC5.d.2AE14D8D224CC7C348ADE92F7C27EF84.e.4842","ELEMENT":"f.A871513E4156B49FEA6A1325266FBBC5.d.2AE14D8D224CC7C348ADE92F7C27EF84.e.4842"},{"block":"start","inline":"nearest"}]}
RESULT: {"script":"<script> [79 bytes]","args":[{"element-6066-11e4-a52e-4f735466cecf":"f.A871513E4156B49FEA6A1325266FBBC5.d.2AE14D8D224CC7C348ADE92F7C27EF84.e.4842","ELEMENT":"f.A871513E4156B49FEA6A1325266FBBC5.d.2AE14D8D224CC7C348ADE92F7C27EF84.e.4842"},{"block":"start","inline":"nearest"}]}
COMMAND: GET /session/7d4ef5db813d7a6cede0ad9a34edc09c/screenshot - {}
RESULT: {}
COMMAND: POST /session/7d4ef5db813d7a6cede0ad9a34edc09c/element/f.A871513E4156B49FEA6A1325266FBBC5.d.2AE14D8D224CC7C348ADE92F7C27EF84.e.4842/click - {}
RESULT: {}
COMMAND: GET /session/7d4ef5db813d7a6cede0ad9a34edc09c/screenshot - {}
RESULT: {}
COMMAND: POST /session/7d4ef5db813d7a6cede0ad9a34edc09c/execute/async - {"script":"<script> [1562 bytes]","args":[{"selector":{"controlType":"sap.m.SearchField","properties":{"placeholder":"Search"},"searchOpenDialogs":true,"interaction":{"idSuffix":"I"}},"wdio_ui5_key":"sapm.SearchField{\"placeholder\":\"Search\"}"}]}
RESULT: {"script":"<script> [1562 bytes]","args":[{"selector":{"controlType":"sap.m.SearchField","properties":{"placeholder":"Search"},"searchOpenDialogs":true,"interaction":{"idSuffix":"I"}},"wdio_ui5_key":"sapm.SearchField{\"placeholder\":\"Search\"}"}]}
RESULT: undefined
COMMAND: POST /session/7d4ef5db813d7a6cede0ad9a34edc09c/execute/async - {"script":"<script> [776 bytes]","args":[{"enterText":"4000360","selector":{"controlType":"sap.m.SearchField","properties":{"placeholder":"Search"},"searchOpenDialogs":true,"interaction":{"idSuffix":"I"}},"clearTextFirst":true,"interactionType":"ENTER_TEXT"}]}
RESULT: {"script":"<script> [776 bytes]","args":[{"enterText":"4000360","selector":{"controlType":"sap.m.SearchField","properties":{"placeholder":"Search"},"searchOpenDialogs":true,"interaction":{"idSuffix":"I"}},"clearTextFirst":true,"interactionType":"ENTER_TEXT"}]}
COMMAND: POST /session/7d4ef5db813d7a6cede0ad9a34edc09c/actions - {"actions":[{"id":"action20","type":"key","parameters":{},"actions":[{"type":"keyDown","value":""},{"type":"pause","duration":10},{"type":"keyUp","value":""}]}]}
RESULT: {"actions":[{"id":"action20","type":"key","parameters":{},"actions":[{"type":"keyDown","value":""},{"type":"pause","duration":10},{"type":"keyUp","value":""}]}]}
COMMAND: GET /session/7d4ef5db813d7a6cede0ad9a34edc09c/screenshot - {}
RESULT: {}
COMMAND: POST /session/7d4ef5db813d7a6cede0ad9a34edc09c/element - {"using":"xpath","value":"//td/div/span[contains(text(), \"BGL Vehicles\")]"}
RESULT: {"using":"xpath","value":"//td/div/span[contains(text(), \"BGL Vehicles\")]"}
COMMAND: POST /session/7d4ef5db813d7a6cede0ad9a34edc09c/element/f.A871513E4156B49FEA6A1325266FBBC5.d.2AE14D8D224CC7C348ADE92F7C27EF84.e.4863/click - {}
RESULT: {}
COMMAND: GET /session/7d4ef5db813d7a6cede0ad9a34edc09c/screenshot - {}
RESULT: {}
COMMAND: POST /session/7d4ef5db813d7a6cede0ad9a34edc09c/element - {"using":"xpath","value":"//bdi[contains(text(), \"OK\")]"}
RESULT: {"using":"xpath","value":"//bdi[contains(text(), \"OK\")]"}
COMMAND: POST /session/7d4ef5db813d7a6cede0ad9a34edc09c/element/f.A871513E4156B49FEA6A1325266FBBC5.d.2AE14D8D224CC7C348ADE92F7C27EF84.e.4864/click - {}
RESULT: {}
COMMAND: GET /session/7d4ef5db813d7a6cede0ad9a34edc09c/screenshot - {}
RESULT: {}
COMMAND: POST /session/7d4ef5db813d7a6cede0ad9a34edc09c/element - {"using":"xpath","value":"//label[contains(@class, 'sapMLabelRequired') and .//bdi[contains(text(), 'Planned Retirement')]]"}
RESULT: {"using":"xpath","value":"//label[contains(@class, 'sapMLabelRequired') and .//bdi[contains(text(), 'Planned Retirement')]]"}
COMMAND: POST /session/7d4ef5db813d7a6cede0ad9a34edc09c/elements - {"using":"xpath","value":"//label[contains(@class, 'sapMLabelRequired') and .//bdi[contains(text(), 'Planned Retirement')]]"}
RESULT: {"using":"xpath","value":"//label[contains(@class, 'sapMLabelRequired') and .//bdi[contains(text(), 'Planned Retirement')]]"}
COMMAND: POST /session/7d4ef5db813d7a6cede0ad9a34edc09c/element - {"using":"xpath","value":"//button[@data-kt=\"resourceUnitSaveButton\"]"}
RESULT: {"using":"xpath","value":"//button[@data-kt=\"resourceUnitSaveButton\"]"}
COMMAND: POST /session/7d4ef5db813d7a6cede0ad9a34edc09c/element/f.A871513E4156B49FEA6A1325266FBBC5.d.2AE14D8D224CC7C348ADE92F7C27EF84.e.4764/click - {}
RESULT: {}
COMMAND: GET /session/7d4ef5db813d7a6cede0ad9a34edc09c/screenshot - {}
RESULT: {}
COMMAND: POST /session/7d4ef5db813d7a6cede0ad9a34edc09c/element - {"using":"xpath","value":"//bdi[contains(text(), \"Close\")]"}
RESULT: {"using":"xpath","value":"//bdi[contains(text(), \"Close\")]"}
COMMAND: POST /session/7d4ef5db813d7a6cede0ad9a34edc09c/element/f.A871513E4156B49FEA6A1325266FBBC5.d.2AE14D8D224CC7C348ADE92F7C27EF84.e.4870/click - {}
RESULT: {}
COMMAND: GET /session/7d4ef5db813d7a6cede0ad9a34edc09c/screenshot - {}
RESULT: {}
COMMAND: POST /session/7d4ef5db813d7a6cede0ad9a34edc09c/element - {"using":"xpath","value":"//header[contains(@id, 'detailRruPage-headerTitle')]/div[1]/div[2]/div[2]/span[1]"}
RESULT: {"using":"xpath","value":"//header[contains(@id, 'detailRruPage-headerTitle')]/div[1]/div[2]/div[2]/span[1]"}
COMMAND: POST /session/7d4ef5db813d7a6cede0ad9a34edc09c/elements - {"using":"xpath","value":"//header[contains(@id, 'detailRruPage-headerTitle')]/div[1]/div[2]/div[2]/span[1]"}
RESULT: {"using":"xpath","value":"//header[contains(@id, 'detailRruPage-headerTitle')]/div[1]/div[2]/div[2]/span[1]"}
COMMAND: POST /session/7d4ef5db813d7a6cede0ad9a34edc09c/execute/sync - {"script":"<script> [56 bytes]","args":[{"element-6066-11e4-a52e-4f735466cecf":"f.A871513E4156B49FEA6A1325266FBBC5.d.2AE14D8D224CC7C348ADE92F7C27EF84.e.4904","ELEMENT":"f.A871513E4156B49FEA6A1325266FBBC5.d.2AE14D8D224CC7C348ADE92F7C27EF84.e.4904"}]}
RESULT: {"script":"<script> [56 bytes]","args":[{"element-6066-11e4-a52e-4f735466cecf":"f.A871513E4156B49FEA6A1325266FBBC5.d.2AE14D8D224CC7C348ADE92F7C27EF84.e.4904","ELEMENT":"f.A871513E4156B49FEA6A1325266FBBC5.d.2AE14D8D224CC7C348ADE92F7C27EF84.e.4904"}]}
COMMAND: POST /session/7d4ef5db813d7a6cede0ad9a34edc09c/element - {"using":"css selector","value":"#shell-header-logo"}
COMMAND: GET /session/7d4ef5db813d7a6cede0ad9a34edc09c/screenshot - {}
RESULT: {"using":"css selector","value":"#shell-header-logo"}
COMMAND: POST /session/7d4ef5db813d7a6cede0ad9a34edc09c/element/f.A871513E4156B49FEA6A1325266FBBC5.d.2AE14D8D224CC7C348ADE92F7C27EF84.e.4234/click - {}
RESULT: {}
RESULT: {}
COMMAND: GET /session/7d4ef5db813d7a6cede0ad9a34edc09c/screenshot - {}
RESULT: {}
]]></system-out>
    </testcase>
    <testcase classname="chrome.136_0_7103_93.windows.Provide_to_Site_w/_warehouse_management_w/_clarification_US115878" name="Bin Status Report Should Create New Organization yard" time="0.005"/>
    <testcase classname="chrome.136_0_7103_93.windows.Provide_to_Site_w/_warehouse_management_w/_clarification_US115878" name="Bin Status Report Should Create New Organization for Site" time="0.004"/>
  </testsuite>
  <testsuite timestamp="2025-05-21T16:34:09" time="465.269" tests="6" failures="0" errors="0" skipped="0">
    <properties>
      <property name="specId" value="0"/>
      <property name="suiteName" value="Provide to Site w/ warehouse management w clarification"/>
      <property name="capabilities" value="chrome.136_0_7103_93.windows"/>
      <property name="file" value="file:///D:/a/1/s/test/specs/HTR/provide-to-site-w-warehouse-w-clarification.spec.js"/>
    </properties>
    <testcase classname="chrome.136_0_7103_93.windows.Provide_to_Site_w/_warehouse_management_w_clarification" name="Should do a stock increase handover" time="92.016">
      <system-out><![CDATA[
COMMAND: POST /session/7d4ef5db813d7a6cede0ad9a34edc09c/execute/async - {"script":"<script> [1562 bytes]","args":[{"selector":{"controlType":"sap.m.GenericTile","properties":{"header":"Manage Handovers"}},"wdio_ui5_key":"sapm.GenericTile{\"header\":\"Manage Handovers\"}"}]}
RESULT: {"script":"<script> [1562 bytes]","args":[{"selector":{"controlType":"sap.m.GenericTile","properties":{"header":"Manage Handovers"}},"wdio_ui5_key":"sapm.GenericTile{\"header\":\"Manage Handovers\"}"}]}
RESULT: undefined
COMMAND: POST /session/7d4ef5db813d7a6cede0ad9a34edc09c/element - {"using":"xpath","value":"//*[@id=\"__tile132\"]"}
RESULT: {"using":"xpath","value":"//*[@id=\"__tile132\"]"}
COMMAND: POST /session/7d4ef5db813d7a6cede0ad9a34edc09c/element/f.A871513E4156B49FEA6A1325266FBBC5.d.2AE14D8D224CC7C348ADE92F7C27EF84.e.4284/click - {}
RESULT: {}
COMMAND: GET /session/7d4ef5db813d7a6cede0ad9a34edc09c/screenshot - {}
RESULT: {}
COMMAND: POST /session/7d4ef5db813d7a6cede0ad9a34edc09c/elements - {"using":"xpath","value":"//span[text()='Error']"}
RESULT: {"using":"xpath","value":"//span[text()='Error']"}
COMMAND: POST /session/7d4ef5db813d7a6cede0ad9a34edc09c/element - {"using":"xpath","value":"//button[@data-kt=\"masterHOAddButton\"]"}
RESULT: {"using":"xpath","value":"//button[@data-kt=\"masterHOAddButton\"]"}
COMMAND: POST /session/7d4ef5db813d7a6cede0ad9a34edc09c/elements - {"using":"xpath","value":"//button[@data-kt=\"masterHOAddButton\"]"}
RESULT: {"using":"xpath","value":"//button[@data-kt=\"masterHOAddButton\"]"}
COMMAND: POST /session/7d4ef5db813d7a6cede0ad9a34edc09c/execute/sync - {"script":"<script> [8489 bytes]","args":[{"element-6066-11e4-a52e-4f735466cecf":"f.A871513E4156B49FEA6A1325266FBBC5.d.2AE14D8D224CC7C348ADE92F7C27EF84.e.4942","ELEMENT":"f.A871513E4156B49FEA6A1325266FBBC5.d.2AE14D8D224CC7C348ADE92F7C27EF84.e.4942"}]}
RESULT: {"script":"<script> [8489 bytes]","args":[{"element-6066-11e4-a52e-4f735466cecf":"f.A871513E4156B49FEA6A1325266FBBC5.d.2AE14D8D224CC7C348ADE92F7C27EF84.e.4942","ELEMENT":"f.A871513E4156B49FEA6A1325266FBBC5.d.2AE14D8D224CC7C348ADE92F7C27EF84.e.4942"}]}
COMMAND: GET /session/7d4ef5db813d7a6cede0ad9a34edc09c/element/f.A871513E4156B49FEA6A1325266FBBC5.d.2AE14D8D224CC7C348ADE92F7C27EF84.e.4942/enabled - {}
COMMAND: GET /session/7d4ef5db813d7a6cede0ad9a34edc09c/screenshot - {}
RESULT: {}
COMMAND: POST /session/7d4ef5db813d7a6cede0ad9a34edc09c/execute/sync - {"script":"<script> [8489 bytes]","args":[{"element-6066-11e4-a52e-4f735466cecf":"f.A871513E4156B49FEA6A1325266FBBC5.d.2AE14D8D224CC7C348ADE92F7C27EF84.e.4942","ELEMENT":"f.A871513E4156B49FEA6A1325266FBBC5.d.2AE14D8D224CC7C348ADE92F7C27EF84.e.4942"}]}
COMMAND: GET /session/7d4ef5db813d7a6cede0ad9a34edc09c/screenshot - {}
RESULT: {}
RESULT: {"script":"<script> [8489 bytes]","args":[{"element-6066-11e4-a52e-4f735466cecf":"f.A871513E4156B49FEA6A1325266FBBC5.d.2AE14D8D224CC7C348ADE92F7C27EF84.e.4942","ELEMENT":"f.A871513E4156B49FEA6A1325266FBBC5.d.2AE14D8D224CC7C348ADE92F7C27EF84.e.4942"}]}
COMMAND: POST /session/7d4ef5db813d7a6cede0ad9a34edc09c/execute/sync - {"script":"<script> [5351 bytes]","args":[{"element-6066-11e4-a52e-4f735466cecf":"f.A871513E4156B49FEA6A1325266FBBC5.d.2AE14D8D224CC7C348ADE92F7C27EF84.e.4942","ELEMENT":"f.A871513E4156B49FEA6A1325266FBBC5.d.2AE14D8D224CC7C348ADE92F7C27EF84.e.4942"}]}
COMMAND: GET /session/7d4ef5db813d7a6cede0ad9a34edc09c/screenshot - {}
RESULT: {}
RESULT: {"script":"<script> [5351 bytes]","args":[{"element-6066-11e4-a52e-4f735466cecf":"f.A871513E4156B49FEA6A1325266FBBC5.d.2AE14D8D224CC7C348ADE92F7C27EF84.e.4942","ELEMENT":"f.A871513E4156B49FEA6A1325266FBBC5.d.2AE14D8D224CC7C348ADE92F7C27EF84.e.4942"}]}
COMMAND: POST /session/7d4ef5db813d7a6cede0ad9a34edc09c/element/f.A871513E4156B49FEA6A1325266FBBC5.d.2AE14D8D224CC7C348ADE92F7C27EF84.e.4942/click - {}
COMMAND: GET /session/7d4ef5db813d7a6cede0ad9a34edc09c/screenshot - {}
RESULT: {}
RESULT: {}
COMMAND: GET /session/7d4ef5db813d7a6cede0ad9a34edc09c/screenshot - {}
COMMAND: POST /session/7d4ef5db813d7a6cede0ad9a34edc09c/element - {"using":"xpath","value":"//span[contains(@id ,\"AddNewHO--typeSelect-arrow\")]"}
RESULT: {}
RESULT: {}
RESULT: {"using":"xpath","value":"//span[contains(@id ,\"AddNewHO--typeSelect-arrow\")]"}
COMMAND: POST /session/7d4ef5db813d7a6cede0ad9a34edc09c/element/f.A871513E4156B49FEA6A1325266FBBC5.d.2AE14D8D224CC7C348ADE92F7C27EF84.e.5301/click - {}
RESULT: {}
COMMAND: GET /session/7d4ef5db813d7a6cede0ad9a34edc09c/screenshot - {}
RESULT: {}
COMMAND: POST /session/7d4ef5db813d7a6cede0ad9a34edc09c/element - {"using":"xpath","value":"(//li[contains(text(), \"stock increase yard\")])[1]"}
RESULT: {"using":"xpath","value":"(//li[contains(text(), \"stock increase yard\")])[1]"}
COMMAND: POST /session/7d4ef5db813d7a6cede0ad9a34edc09c/element/f.A871513E4156B49FEA6A1325266FBBC5.d.2AE14D8D224CC7C348ADE92F7C27EF84.e.5302/click - {}
RESULT: {}
COMMAND: GET /session/7d4ef5db813d7a6cede0ad9a34edc09c/screenshot - {}
RESULT: {}
COMMAND: POST /session/7d4ef5db813d7a6cede0ad9a34edc09c/execute/async - {"script":"<script> [1562 bytes]","args":[{"selector":{"id":"application-managehandovers-display-component---AddNewHO--dueDate","interaction":{"idSuffix":"inner"}},"wdio_ui5_key":"applicationmanagehandovers-display-component---AddNewHO--dueDate"}]}
RESULT: {"script":"<script> [1562 bytes]","args":[{"selector":{"id":"application-managehandovers-display-component---AddNewHO--dueDate","interaction":{"idSuffix":"inner"}},"wdio_ui5_key":"applicationmanagehandovers-display-component---AddNewHO--dueDate"}]}
RESULT: undefined
COMMAND: POST /session/7d4ef5db813d7a6cede0ad9a34edc09c/execute/async - {"script":"<script> [6424 bytes]","args":[{"element-6066-11e4-a52e-4f735466cecf":"f.A871513E4156B49FEA6A1325266FBBC5.d.2AE14D8D224CC7C348ADE92F7C27EF84.e.5306"},"setValue",["5/21/25"]]}
RESULT: {"script":"<script> [6424 bytes]","args":[{"element-6066-11e4-a52e-4f735466cecf":"f.A871513E4156B49FEA6A1325266FBBC5.d.2AE14D8D224CC7C348ADE92F7C27EF84.e.5306"},"setValue",["5/21/25"]]}
COMMAND: POST /session/7d4ef5db813d7a6cede0ad9a34edc09c/element - {"using":"xpath","value":"//input[@id=\"generalSectionFrg--receiveYard-inner\"]"}
RESULT: {"using":"xpath","value":"//input[@id=\"generalSectionFrg--receiveYard-inner\"]"}
COMMAND: POST /session/7d4ef5db813d7a6cede0ad9a34edc09c/element/f.A871513E4156B49FEA6A1325266FBBC5.d.2AE14D8D224CC7C348ADE92F7C27EF84.e.5310/clear - {}
RESULT: {}
COMMAND: POST /session/7d4ef5db813d7a6cede0ad9a34edc09c/element/f.A871513E4156B49FEA6A1325266FBBC5.d.2AE14D8D224CC7C348ADE92F7C27EF84.e.5310/value - {"text":"632"}
COMMAND: GET /session/7d4ef5db813d7a6cede0ad9a34edc09c/screenshot - {}
RESULT: {"text":"632"}
COMMAND: GET /session/7d4ef5db813d7a6cede0ad9a34edc09c/screenshot - {}
RESULT: {}
RESULT: {}
COMMAND: POST /session/7d4ef5db813d7a6cede0ad9a34edc09c/element - {"using":"xpath","value":"//li[.//span[text()='632']]"}
RESULT: {"using":"xpath","value":"//li[.//span[text()='632']]"}
COMMAND: POST /session/7d4ef5db813d7a6cede0ad9a34edc09c/element/f.A871513E4156B49FEA6A1325266FBBC5.d.2AE14D8D224CC7C348ADE92F7C27EF84.e.5324/click - {}
RESULT: {}
COMMAND: GET /session/7d4ef5db813d7a6cede0ad9a34edc09c/screenshot - {}
RESULT: {}
COMMAND: POST /session/7d4ef5db813d7a6cede0ad9a34edc09c/execute/async - {"script":"<script> [1562 bytes]","args":[{"selector":{"id":"application-managehandovers-display-component---AddNewHO--ObjectPageLayout-anchBar-application-managehandovers-display-component---AddNewHO--section4-anchor","interaction":{"idSuffix":"BDI-content"}},"wdio_ui5_key":"applicationmanagehandovers-display-component---AddNewHO--ObjectPageLayout-anchBar-application-managehandovers-display-component---AddNewHO--section4-anchor"}]}
RESULT: {"script":"<script> [1562 bytes]","args":[{"selector":{"id":"application-managehandovers-display-component---AddNewHO--ObjectPageLayout-anchBar-application-managehandovers-display-component---AddNewHO--section4-anchor","interaction":{"idSuffix":"BDI-content"}},"wdio_ui5_key":"applicationmanagehandovers-display-component---AddNewHO--ObjectPageLayout-anchBar-application-managehandovers-display-component---AddNewHO--section4-anchor"}]}
RESULT: undefined
COMMAND: POST /session/7d4ef5db813d7a6cede0ad9a34edc09c/element - {"using":"xpath","value":"//*[@id=\"application-managehandovers-display-component---AddNewHO--ObjectPageLayout-anchBar-application-managehandovers-display-component---AddNewHO--section4-anchor\"]"}
RESULT: {"using":"xpath","value":"//*[@id=\"application-managehandovers-display-component---AddNewHO--ObjectPageLayout-anchBar-application-managehandovers-display-component---AddNewHO--section4-anchor\"]"}
COMMAND: POST /session/7d4ef5db813d7a6cede0ad9a34edc09c/element/f.A871513E4156B49FEA6A1325266FBBC5.d.2AE14D8D224CC7C348ADE92F7C27EF84.e.5326/click - {}
RESULT: {}
COMMAND: POST /session/7d4ef5db813d7a6cede0ad9a34edc09c/element - {"using":"xpath","value":"//button[@aria-label=\"Add\"]"}
COMMAND: GET /session/7d4ef5db813d7a6cede0ad9a34edc09c/screenshot - {}
RESULT: {"using":"xpath","value":"//button[@aria-label=\"Add\"]"}
COMMAND: POST /session/7d4ef5db813d7a6cede0ad9a34edc09c/element/f.A871513E4156B49FEA6A1325266FBBC5.d.2AE14D8D224CC7C348ADE92F7C27EF84.e.5328/click - {}
RESULT: {}
RESULT: {}
COMMAND: GET /session/7d4ef5db813d7a6cede0ad9a34edc09c/screenshot - {}
RESULT: {}
COMMAND: POST /session/7d4ef5db813d7a6cede0ad9a34edc09c/execute/async - {"script":"<script> [1562 bytes]","args":[{"selector":{"id":"application-managehandovers-display-component---AddNewHO--smartFilterBar-btnBasicSearch","searchOpenDialogs":true,"interaction":{"idSuffix":"I"}},"wdio_ui5_key":"applicationmanagehandovers-display-component---AddNewHO--smartFilterBar-btnBasicSearch"}]}
RESULT: {"script":"<script> [1562 bytes]","args":[{"selector":{"id":"application-managehandovers-display-component---AddNewHO--smartFilterBar-btnBasicSearch","searchOpenDialogs":true,"interaction":{"idSuffix":"I"}},"wdio_ui5_key":"applicationmanagehandovers-display-component---AddNewHO--smartFilterBar-btnBasicSearch"}]}
RESULT: undefined
COMMAND: POST /session/7d4ef5db813d7a6cede0ad9a34edc09c/execute/async - {"script":"<script> [776 bytes]","args":[{"enterText":"200377","selector":{"id":"application-managehandovers-display-component---AddNewHO--smartFilterBar-btnBasicSearch","searchOpenDialogs":true,"interaction":{"idSuffix":"I"}},"clearTextFirst":true,"interactionType":"ENTER_TEXT"}]}
RESULT: {"script":"<script> [776 bytes]","args":[{"enterText":"200377","selector":{"id":"application-managehandovers-display-component---AddNewHO--smartFilterBar-btnBasicSearch","searchOpenDialogs":true,"interaction":{"idSuffix":"I"}},"clearTextFirst":true,"interactionType":"ENTER_TEXT"}]}
COMMAND: POST /session/7d4ef5db813d7a6cede0ad9a34edc09c/actions - {"actions":[{"id":"action21","type":"key","parameters":{},"actions":[{"type":"keyDown","value":""},{"type":"pause","duration":10},{"type":"keyUp","value":""}]}]}
RESULT: {"actions":[{"id":"action21","type":"key","parameters":{},"actions":[{"type":"keyDown","value":""},{"type":"pause","duration":10},{"type":"keyUp","value":""}]}]}
COMMAND: GET /session/7d4ef5db813d7a6cede0ad9a34edc09c/screenshot - {}
RESULT: {}
COMMAND: POST /session/7d4ef5db813d7a6cede0ad9a34edc09c/execute/async - {"script":"<script> [1562 bytes]","args":[{"selector":{"id":"application-managehandovers-display-component---AddNewHO--popup-sa","searchOpenDialogs":true,"interaction":{"idSuffix":"CbBg"}},"wdio_ui5_key":"applicationmanagehandovers-display-component---AddNewHO--popup-sa"}]}
RESULT: {"script":"<script> [1562 bytes]","args":[{"selector":{"id":"application-managehandovers-display-component---AddNewHO--popup-sa","searchOpenDialogs":true,"interaction":{"idSuffix":"CbBg"}},"wdio_ui5_key":"applicationmanagehandovers-display-component---AddNewHO--popup-sa"}]}
RESULT: undefined
COMMAND: POST /session/7d4ef5db813d7a6cede0ad9a34edc09c/element - {"using":"xpath","value":"//*[@id=\"application-managehandovers-display-component---AddNewHO--popup-sa\"]"}
RESULT: {"using":"xpath","value":"//*[@id=\"application-managehandovers-display-component---AddNewHO--popup-sa\"]"}
COMMAND: POST /session/7d4ef5db813d7a6cede0ad9a34edc09c/element/f.A871513E4156B49FEA6A1325266FBBC5.d.2AE14D8D224CC7C348ADE92F7C27EF84.e.5481/click - {}
RESULT: {}
COMMAND: GET /session/7d4ef5db813d7a6cede0ad9a34edc09c/screenshot - {}
RESULT: {}
COMMAND: POST /session/7d4ef5db813d7a6cede0ad9a34edc09c/element - {"using":"xpath","value":"//bdi[contains(text(), \"Select\")]"}
RESULT: {"using":"xpath","value":"//bdi[contains(text(), \"Select\")]"}
COMMAND: POST /session/7d4ef5db813d7a6cede0ad9a34edc09c/element/f.A871513E4156B49FEA6A1325266FBBC5.d.2AE14D8D224CC7C348ADE92F7C27EF84.e.5482/click - {}
RESULT: {}
COMMAND: GET /session/7d4ef5db813d7a6cede0ad9a34edc09c/screenshot - {}
RESULT: {}
COMMAND: POST /session/7d4ef5db813d7a6cede0ad9a34edc09c/element - {"using":"xpath","value":"//button[@data-kt=\"AddNewHOSaveButton\"]"}
RESULT: {"using":"xpath","value":"//button[@data-kt=\"AddNewHOSaveButton\"]"}
COMMAND: POST /session/7d4ef5db813d7a6cede0ad9a34edc09c/element/f.A871513E4156B49FEA6A1325266FBBC5.d.2AE14D8D224CC7C348ADE92F7C27EF84.e.5486/click - {}
RESULT: {}
COMMAND: GET /session/7d4ef5db813d7a6cede0ad9a34edc09c/screenshot - {}
RESULT: {}
COMMAND: POST /session/7d4ef5db813d7a6cede0ad9a34edc09c/execute/async - {"script":"<script> [1562 bytes]","args":[{"selector":{"id":"receiptDatePicker","viewName":"etm.portal.ui.managehandovers.view.DetailExecuteHO","interaction":{"idSuffix":"inner"}},"wdio_ui5_key":"receiptDatePickeretmportal.ui.managehandovers.view.DetailExecuteHO"}]}
RESULT: {"script":"<script> [1562 bytes]","args":[{"selector":{"id":"receiptDatePicker","viewName":"etm.portal.ui.managehandovers.view.DetailExecuteHO","interaction":{"idSuffix":"inner"}},"wdio_ui5_key":"receiptDatePickeretmportal.ui.managehandovers.view.DetailExecuteHO"}]}
RESULT: undefined
COMMAND: POST /session/7d4ef5db813d7a6cede0ad9a34edc09c/execute/async - {"script":"<script> [6424 bytes]","args":[{"element-6066-11e4-a52e-4f735466cecf":"f.A871513E4156B49FEA6A1325266FBBC5.d.2AE14D8D224CC7C348ADE92F7C27EF84.e.5523"},"setValue",["5/21/25"]]}
RESULT: {"script":"<script> [6424 bytes]","args":[{"element-6066-11e4-a52e-4f735466cecf":"f.A871513E4156B49FEA6A1325266FBBC5.d.2AE14D8D224CC7C348ADE92F7C27EF84.e.5523"},"setValue",["5/21/25"]]}
COMMAND: POST /session/7d4ef5db813d7a6cede0ad9a34edc09c/element - {"using":"xpath","value":"//button[@data-kt=\"PickingTableConfirmAllButton\"]"}
RESULT: {"using":"xpath","value":"//button[@data-kt=\"PickingTableConfirmAllButton\"]"}
COMMAND: POST /session/7d4ef5db813d7a6cede0ad9a34edc09c/element/f.A871513E4156B49FEA6A1325266FBBC5.d.2AE14D8D224CC7C348ADE92F7C27EF84.e.5539/click - {}
RESULT: {}
COMMAND: GET /session/7d4ef5db813d7a6cede0ad9a34edc09c/screenshot - {}
RESULT: {}
COMMAND: POST /session/7d4ef5db813d7a6cede0ad9a34edc09c/element - {"using":"xpath","value":"//bdi[contains(text(), \"OK\")]"}
RESULT: {"using":"xpath","value":"//bdi[contains(text(), \"OK\")]"}
COMMAND: POST /session/7d4ef5db813d7a6cede0ad9a34edc09c/element/f.A871513E4156B49FEA6A1325266FBBC5.d.2AE14D8D224CC7C348ADE92F7C27EF84.e.5541/click - {}
RESULT: {}
COMMAND: GET /session/7d4ef5db813d7a6cede0ad9a34edc09c/screenshot - {}
RESULT: {}
COMMAND: POST /session/7d4ef5db813d7a6cede0ad9a34edc09c/element - {"using":"xpath","value":"(//bdi[contains(text(), \"Receive\")])[2]"}
RESULT: {"using":"xpath","value":"(//bdi[contains(text(), \"Receive\")])[2]"}
COMMAND: POST /session/7d4ef5db813d7a6cede0ad9a34edc09c/element/f.A871513E4156B49FEA6A1325266FBBC5.d.2AE14D8D224CC7C348ADE92F7C27EF84.e.5543/click - {}
RESULT: {}
COMMAND: GET /session/7d4ef5db813d7a6cede0ad9a34edc09c/screenshot - {}
RESULT: {}
COMMAND: POST /session/7d4ef5db813d7a6cede0ad9a34edc09c/element - {"using":"css selector","value":"#shell-header-logo"}
RESULT: {"using":"css selector","value":"#shell-header-logo"}
COMMAND: POST /session/7d4ef5db813d7a6cede0ad9a34edc09c/element/f.A871513E4156B49FEA6A1325266FBBC5.d.2AE14D8D224CC7C348ADE92F7C27EF84.e.4907/click - {}
RESULT: {}
COMMAND: GET /session/7d4ef5db813d7a6cede0ad9a34edc09c/screenshot - {}
RESULT: {}
]]></system-out>
    </testcase>
    <testcase classname="chrome.136_0_7103_93.windows.Provide_to_Site_w/_warehouse_management_w_clarification" name="Should create a new contract" time="65.362">
      <system-out><![CDATA[
COMMAND: POST /session/7d4ef5db813d7a6cede0ad9a34edc09c/execute/async - {"script":"<script> [1562 bytes]","args":[{"selector":{"controlType":"sap.m.GenericTile","properties":{"header":"Manage Contracts"}},"wdio_ui5_key":"sapm.GenericTile{\"header\":\"Manage Contracts\"}"}]}
RESULT: {"script":"<script> [1562 bytes]","args":[{"selector":{"controlType":"sap.m.GenericTile","properties":{"header":"Manage Contracts"}},"wdio_ui5_key":"sapm.GenericTile{\"header\":\"Manage Contracts\"}"}]}
RESULT: undefined
COMMAND: POST /session/7d4ef5db813d7a6cede0ad9a34edc09c/element - {"using":"xpath","value":"//*[@id=\"__tile130\"]"}
RESULT: {"using":"xpath","value":"//*[@id=\"__tile130\"]"}
COMMAND: POST /session/7d4ef5db813d7a6cede0ad9a34edc09c/element/f.A871513E4156B49FEA6A1325266FBBC5.d.2AE14D8D224CC7C348ADE92F7C27EF84.e.4273/click - {}
RESULT: {}
COMMAND: GET /session/7d4ef5db813d7a6cede0ad9a34edc09c/screenshot - {}
RESULT: {}
COMMAND: POST /session/7d4ef5db813d7a6cede0ad9a34edc09c/elements - {"using":"xpath","value":"//span[text()='Error']"}
RESULT: {"using":"xpath","value":"//span[text()='Error']"}
COMMAND: POST /session/7d4ef5db813d7a6cede0ad9a34edc09c/element - {"using":"xpath","value":"//button[@data-kt=\"addButton\"]"}
RESULT: {"using":"xpath","value":"//button[@data-kt=\"addButton\"]"}
COMMAND: POST /session/7d4ef5db813d7a6cede0ad9a34edc09c/elements - {"using":"xpath","value":"//button[@data-kt=\"addButton\"]"}
RESULT: {"using":"xpath","value":"//button[@data-kt=\"addButton\"]"}
COMMAND: POST /session/7d4ef5db813d7a6cede0ad9a34edc09c/execute/sync - {"script":"<script> [8489 bytes]","args":[{"element-6066-11e4-a52e-4f735466cecf":"f.A871513E4156B49FEA6A1325266FBBC5.d.2AE14D8D224CC7C348ADE92F7C27EF84.e.5887","ELEMENT":"f.A871513E4156B49FEA6A1325266FBBC5.d.2AE14D8D224CC7C348ADE92F7C27EF84.e.5887"}]}
RESULT: {"script":"<script> [8489 bytes]","args":[{"element-6066-11e4-a52e-4f735466cecf":"f.A871513E4156B49FEA6A1325266FBBC5.d.2AE14D8D224CC7C348ADE92F7C27EF84.e.5887","ELEMENT":"f.A871513E4156B49FEA6A1325266FBBC5.d.2AE14D8D224CC7C348ADE92F7C27EF84.e.5887"}]}
COMMAND: GET /session/7d4ef5db813d7a6cede0ad9a34edc09c/element/f.A871513E4156B49FEA6A1325266FBBC5.d.2AE14D8D224CC7C348ADE92F7C27EF84.e.5887/enabled - {}
COMMAND: GET /session/7d4ef5db813d7a6cede0ad9a34edc09c/screenshot - {}
RESULT: {}
COMMAND: POST /session/7d4ef5db813d7a6cede0ad9a34edc09c/execute/sync - {"script":"<script> [8489 bytes]","args":[{"element-6066-11e4-a52e-4f735466cecf":"f.A871513E4156B49FEA6A1325266FBBC5.d.2AE14D8D224CC7C348ADE92F7C27EF84.e.5887","ELEMENT":"f.A871513E4156B49FEA6A1325266FBBC5.d.2AE14D8D224CC7C348ADE92F7C27EF84.e.5887"}]}
COMMAND: GET /session/7d4ef5db813d7a6cede0ad9a34edc09c/screenshot - {}
RESULT: {}
RESULT: {"script":"<script> [8489 bytes]","args":[{"element-6066-11e4-a52e-4f735466cecf":"f.A871513E4156B49FEA6A1325266FBBC5.d.2AE14D8D224CC7C348ADE92F7C27EF84.e.5887","ELEMENT":"f.A871513E4156B49FEA6A1325266FBBC5.d.2AE14D8D224CC7C348ADE92F7C27EF84.e.5887"}]}
COMMAND: POST /session/7d4ef5db813d7a6cede0ad9a34edc09c/execute/sync - {"script":"<script> [5351 bytes]","args":[{"element-6066-11e4-a52e-4f735466cecf":"f.A871513E4156B49FEA6A1325266FBBC5.d.2AE14D8D224CC7C348ADE92F7C27EF84.e.5887","ELEMENT":"f.A871513E4156B49FEA6A1325266FBBC5.d.2AE14D8D224CC7C348ADE92F7C27EF84.e.5887"}]}
COMMAND: GET /session/7d4ef5db813d7a6cede0ad9a34edc09c/screenshot - {}
RESULT: {}
RESULT: {"script":"<script> [5351 bytes]","args":[{"element-6066-11e4-a52e-4f735466cecf":"f.A871513E4156B49FEA6A1325266FBBC5.d.2AE14D8D224CC7C348ADE92F7C27EF84.e.5887","ELEMENT":"f.A871513E4156B49FEA6A1325266FBBC5.d.2AE14D8D224CC7C348ADE92F7C27EF84.e.5887"}]}
COMMAND: GET /session/7d4ef5db813d7a6cede0ad9a34edc09c/screenshot - {}
RESULT: {}
RESULT: {}
COMMAND: POST /session/7d4ef5db813d7a6cede0ad9a34edc09c/element/f.A871513E4156B49FEA6A1325266FBBC5.d.2AE14D8D224CC7C348ADE92F7C27EF84.e.5887/click - {}
RESULT: {}
COMMAND: GET /session/7d4ef5db813d7a6cede0ad9a34edc09c/screenshot - {}
COMMAND: POST /session/7d4ef5db813d7a6cede0ad9a34edc09c/execute/async - {"script":"<script> [1562 bytes]","args":[{"selector":{"id":"application-managecontracts-display-component---AddNewContract--projectDescription","interaction":{"idSuffix":"inner"}},"wdio_ui5_key":"applicationmanagecontracts-display-component---AddNewContract--projectDescription"}]}
RESULT: {}
RESULT: {"script":"<script> [1562 bytes]","args":[{"selector":{"id":"application-managecontracts-display-component---AddNewContract--projectDescription","interaction":{"idSuffix":"inner"}},"wdio_ui5_key":"applicationmanagecontracts-display-component---AddNewContract--projectDescription"}]}
RESULT: undefined
COMMAND: POST /session/7d4ef5db813d7a6cede0ad9a34edc09c/execute/async - {"script":"<script> [776 bytes]","args":[{"enterText":"Contract WDIO","selector":{"id":"application-managecontracts-display-component---AddNewContract--projectDescription","interaction":{"idSuffix":"inner"}},"clearTextFirst":true,"interactionType":"ENTER_TEXT"}]}
RESULT: {"script":"<script> [776 bytes]","args":[{"enterText":"Contract WDIO","selector":{"id":"application-managecontracts-display-component---AddNewContract--projectDescription","interaction":{"idSuffix":"inner"}},"clearTextFirst":true,"interactionType":"ENTER_TEXT"}]}
COMMAND: POST /session/7d4ef5db813d7a6cede0ad9a34edc09c/element - {"using":"xpath","value":"//input[@id=\"application-managecontracts-display-component---AddNewContract--site-inner\"]"}
RESULT: {"using":"xpath","value":"//input[@id=\"application-managecontracts-display-component---AddNewContract--site-inner\"]"}
COMMAND: POST /session/7d4ef5db813d7a6cede0ad9a34edc09c/element/f.A871513E4156B49FEA6A1325266FBBC5.d.2AE14D8D224CC7C348ADE92F7C27EF84.e.6080/clear - {}
RESULT: {}
COMMAND: POST /session/7d4ef5db813d7a6cede0ad9a34edc09c/element/f.A871513E4156B49FEA6A1325266FBBC5.d.2AE14D8D224CC7C348ADE92F7C27EF84.e.6080/value - {"text":"2335"}
COMMAND: GET /session/7d4ef5db813d7a6cede0ad9a34edc09c/screenshot - {}
RESULT: {"text":"2335"}
COMMAND: GET /session/7d4ef5db813d7a6cede0ad9a34edc09c/screenshot - {}
RESULT: {}
RESULT: {}
COMMAND: POST /session/7d4ef5db813d7a6cede0ad9a34edc09c/element - {"using":"xpath","value":"//li[.//span[text()='2335']]"}
RESULT: {"using":"xpath","value":"//li[.//span[text()='2335']]"}
COMMAND: POST /session/7d4ef5db813d7a6cede0ad9a34edc09c/element/f.A871513E4156B49FEA6A1325266FBBC5.d.2AE14D8D224CC7C348ADE92F7C27EF84.e.6240/click - {}
RESULT: {}
COMMAND: GET /session/7d4ef5db813d7a6cede0ad9a34edc09c/screenshot - {}
RESULT: {}
COMMAND: POST /session/7d4ef5db813d7a6cede0ad9a34edc09c/element - {"using":"xpath","value":"//input[@id=\"application-managecontracts-display-component---AddNewContract--yardId-inner\"]"}
RESULT: {"using":"xpath","value":"//input[@id=\"application-managecontracts-display-component---AddNewContract--yardId-inner\"]"}
COMMAND: GET /session/7d4ef5db813d7a6cede0ad9a34edc09c/element/f.A871513E4156B49FEA6A1325266FBBC5.d.2AE14D8D224CC7C348ADE92F7C27EF84.e.6081/property/value - {}
RESULT: {}
COMMAND: POST /session/7d4ef5db813d7a6cede0ad9a34edc09c/element - {"using":"xpath","value":"//input[@id=\"application-managecontracts-display-component---AddNewContract--customerSelect-inner\"]"}
COMMAND: GET /session/7d4ef5db813d7a6cede0ad9a34edc09c/screenshot - {}
RESULT: {"using":"xpath","value":"//input[@id=\"application-managecontracts-display-component---AddNewContract--customerSelect-inner\"]"}
COMMAND: POST /session/7d4ef5db813d7a6cede0ad9a34edc09c/element/f.A871513E4156B49FEA6A1325266FBBC5.d.2AE14D8D224CC7C348ADE92F7C27EF84.e.6079/clear - {}
RESULT: {}
RESULT: {}
COMMAND: POST /session/7d4ef5db813d7a6cede0ad9a34edc09c/element/f.A871513E4156B49FEA6A1325266FBBC5.d.2AE14D8D224CC7C348ADE92F7C27EF84.e.6079/value - {"text":"1400"}
COMMAND: GET /session/7d4ef5db813d7a6cede0ad9a34edc09c/screenshot - {}
RESULT: {"text":"1400"}
COMMAND: GET /session/7d4ef5db813d7a6cede0ad9a34edc09c/screenshot - {}
RESULT: {}
RESULT: {}
COMMAND: POST /session/7d4ef5db813d7a6cede0ad9a34edc09c/element - {"using":"xpath","value":"//li[.//span[text()='1400']]"}
RESULT: {"using":"xpath","value":"//li[.//span[text()='1400']]"}
COMMAND: POST /session/7d4ef5db813d7a6cede0ad9a34edc09c/element/f.A871513E4156B49FEA6A1325266FBBC5.d.2AE14D8D224CC7C348ADE92F7C27EF84.e.6243/click - {}
RESULT: {}
COMMAND: GET /session/7d4ef5db813d7a6cede0ad9a34edc09c/screenshot - {}
RESULT: {}
COMMAND: POST /session/7d4ef5db813d7a6cede0ad9a34edc09c/element - {"using":"xpath","value":"//button[@data-kt=\"saveButton\"]"}
RESULT: {"using":"xpath","value":"//button[@data-kt=\"saveButton\"]"}
COMMAND: POST /session/7d4ef5db813d7a6cede0ad9a34edc09c/element/f.A871513E4156B49FEA6A1325266FBBC5.d.2AE14D8D224CC7C348ADE92F7C27EF84.e.6244/click - {}
RESULT: {}
COMMAND: GET /session/7d4ef5db813d7a6cede0ad9a34edc09c/screenshot - {}
RESULT: {}
COMMAND: POST /session/7d4ef5db813d7a6cede0ad9a34edc09c/element - {"using":"xpath","value":"//span[contains(@id ,\"contractDetailTitleNoExpanded\")]"}
RESULT: {"using":"xpath","value":"//span[contains(@id ,\"contractDetailTitleNoExpanded\")]"}
COMMAND: POST /session/7d4ef5db813d7a6cede0ad9a34edc09c/elements - {"using":"xpath","value":"//span[contains(@id ,\"contractDetailTitleNoExpanded\")]"}
RESULT: {"using":"xpath","value":"//span[contains(@id ,\"contractDetailTitleNoExpanded\")]"}
COMMAND: POST /session/7d4ef5db813d7a6cede0ad9a34edc09c/execute/sync - {"script":"<script> [56 bytes]","args":[{"element-6066-11e4-a52e-4f735466cecf":"f.A871513E4156B49FEA6A1325266FBBC5.d.2AE14D8D224CC7C348ADE92F7C27EF84.e.6315","ELEMENT":"f.A871513E4156B49FEA6A1325266FBBC5.d.2AE14D8D224CC7C348ADE92F7C27EF84.e.6315"}]}
RESULT: {"script":"<script> [56 bytes]","args":[{"element-6066-11e4-a52e-4f735466cecf":"f.A871513E4156B49FEA6A1325266FBBC5.d.2AE14D8D224CC7C348ADE92F7C27EF84.e.6315","ELEMENT":"f.A871513E4156B49FEA6A1325266FBBC5.d.2AE14D8D224CC7C348ADE92F7C27EF84.e.6315"}]}
COMMAND: GET /session/7d4ef5db813d7a6cede0ad9a34edc09c/screenshot - {}
RESULT: {}
]]></system-out>
    </testcase>
    <testcase classname="chrome.136_0_7103_93.windows.Provide_to_Site_w/_warehouse_management_w_clarification" name="Should add equipment to the contract" time="58.898">
      <system-out><![CDATA[
COMMAND: POST /session/7d4ef5db813d7a6cede0ad9a34edc09c/element - {"using":"xpath","value":"//button[@data-kt=\"contractDetailEditBtnButton\"]"}
RESULT: {"using":"xpath","value":"//button[@data-kt=\"contractDetailEditBtnButton\"]"}
COMMAND: POST /session/7d4ef5db813d7a6cede0ad9a34edc09c/element/f.A871513E4156B49FEA6A1325266FBBC5.d.2AE14D8D224CC7C348ADE92F7C27EF84.e.6318/click - {}
RESULT: {}
COMMAND: GET /session/7d4ef5db813d7a6cede0ad9a34edc09c/screenshot - {}
RESULT: {}
COMMAND: POST /session/7d4ef5db813d7a6cede0ad9a34edc09c/element - {"using":"xpath","value":"(//span[contains(text(), \"Additional Addresses\")])[2]"}
RESULT: {"using":"xpath","value":"(//span[contains(text(), \"Additional Addresses\")])[2]"}
COMMAND: POST /session/7d4ef5db813d7a6cede0ad9a34edc09c/element/f.A871513E4156B49FEA6A1325266FBBC5.d.2AE14D8D224CC7C348ADE92F7C27EF84.e.6372/click - {}
RESULT: {}
COMMAND: GET /session/7d4ef5db813d7a6cede0ad9a34edc09c/screenshot - {}
RESULT: {}
COMMAND: POST /session/7d4ef5db813d7a6cede0ad9a34edc09c/element - {"using":"xpath","value":"//button[@data-kt=\"btnAddTableRowOverflowToolbarButton\"]"}
RESULT: {"using":"xpath","value":"//button[@data-kt=\"btnAddTableRowOverflowToolbarButton\"]"}
COMMAND: POST /session/7d4ef5db813d7a6cede0ad9a34edc09c/element/f.A871513E4156B49FEA6A1325266FBBC5.d.2AE14D8D224CC7C348ADE92F7C27EF84.e.6376/click - {}
RESULT: {}
COMMAND: GET /session/7d4ef5db813d7a6cede0ad9a34edc09c/screenshot - {}
RESULT: {}
COMMAND: POST /session/7d4ef5db813d7a6cede0ad9a34edc09c/element - {"using":"xpath","value":"//div[(text() = 'Standard Entry' or . = 'Standard Entry')]"}
RESULT: {"using":"xpath","value":"//div[(text() = 'Standard Entry' or . = 'Standard Entry')]"}
COMMAND: POST /session/7d4ef5db813d7a6cede0ad9a34edc09c/element/f.A871513E4156B49FEA6A1325266FBBC5.d.2AE14D8D224CC7C348ADE92F7C27EF84.e.6378/click - {}
RESULT: {}
COMMAND: GET /session/7d4ef5db813d7a6cede0ad9a34edc09c/screenshot - {}
RESULT: {}
COMMAND: POST /session/7d4ef5db813d7a6cede0ad9a34edc09c/element - {"using":"xpath","value":"//td[6]/div/div/div/span"}
RESULT: {"using":"xpath","value":"//td[6]/div/div/div/span"}
COMMAND: POST /session/7d4ef5db813d7a6cede0ad9a34edc09c/element/f.A871513E4156B49FEA6A1325266FBBC5.d.2AE14D8D224CC7C348ADE92F7C27EF84.e.6390/click - {}
RESULT: {}
COMMAND: GET /session/7d4ef5db813d7a6cede0ad9a34edc09c/screenshot - {}
RESULT: {}
COMMAND: POST /session/7d4ef5db813d7a6cede0ad9a34edc09c/element - {"using":"xpath","value":"(//span[contains(text(), \"Material\")])"}
RESULT: {"using":"xpath","value":"(//span[contains(text(), \"Material\")])"}
COMMAND: POST /session/7d4ef5db813d7a6cede0ad9a34edc09c/element/f.A871513E4156B49FEA6A1325266FBBC5.d.2AE14D8D224CC7C348ADE92F7C27EF84.e.6391/click - {}
RESULT: {}
COMMAND: GET /session/7d4ef5db813d7a6cede0ad9a34edc09c/screenshot - {}
RESULT: {}
COMMAND: POST /session/7d4ef5db813d7a6cede0ad9a34edc09c/element - {"using":"xpath","value":"//td[7]/div/div/input"}
RESULT: {"using":"xpath","value":"//td[7]/div/div/input"}
COMMAND: POST /session/7d4ef5db813d7a6cede0ad9a34edc09c/element/f.A871513E4156B49FEA6A1325266FBBC5.d.2AE14D8D224CC7C348ADE92F7C27EF84.e.6395/clear - {}
RESULT: {}
COMMAND: POST /session/7d4ef5db813d7a6cede0ad9a34edc09c/element/f.A871513E4156B49FEA6A1325266FBBC5.d.2AE14D8D224CC7C348ADE92F7C27EF84.e.6395/value - {"text":"200377"}
COMMAND: GET /session/7d4ef5db813d7a6cede0ad9a34edc09c/screenshot - {}
RESULT: {"text":"200377"}
COMMAND: GET /session/7d4ef5db813d7a6cede0ad9a34edc09c/screenshot - {}
RESULT: {}
RESULT: {}
COMMAND: POST /session/7d4ef5db813d7a6cede0ad9a34edc09c/actions - {"actions":[{"id":"action22","type":"key","parameters":{},"actions":[{"type":"keyDown","value":""},{"type":"pause","duration":10},{"type":"keyUp","value":""}]}]}
RESULT: {"actions":[{"id":"action22","type":"key","parameters":{},"actions":[{"type":"keyDown","value":""},{"type":"pause","duration":10},{"type":"keyUp","value":""}]}]}
COMMAND: GET /session/7d4ef5db813d7a6cede0ad9a34edc09c/screenshot - {}
RESULT: {}
COMMAND: POST /session/7d4ef5db813d7a6cede0ad9a34edc09c/execute/sync - {"script":"<script> [276 bytes]","args":["No pricing information was found"]}
RESULT: {"script":"<script> [276 bytes]","args":["No pricing information was found"]}
COMMAND: POST /session/7d4ef5db813d7a6cede0ad9a34edc09c/element - {"using":"xpath","value":"//bdi[contains(text(), \"OK\")]"}
COMMAND: GET /session/7d4ef5db813d7a6cede0ad9a34edc09c/screenshot - {}
RESULT: {"using":"xpath","value":"//bdi[contains(text(), \"OK\")]"}
COMMAND: POST /session/7d4ef5db813d7a6cede0ad9a34edc09c/element/f.A871513E4156B49FEA6A1325266FBBC5.d.2AE14D8D224CC7C348ADE92F7C27EF84.e.6421/click - {}
RESULT: {}
RESULT: {}
COMMAND: GET /session/7d4ef5db813d7a6cede0ad9a34edc09c/screenshot - {}
RESULT: {}
COMMAND: POST /session/7d4ef5db813d7a6cede0ad9a34edc09c/element - {"using":"xpath","value":"(//button[@data-kt=\"saveButton\"])[2]"}
RESULT: {"using":"xpath","value":"(//button[@data-kt=\"saveButton\"])[2]"}
COMMAND: POST /session/7d4ef5db813d7a6cede0ad9a34edc09c/element/f.A871513E4156B49FEA6A1325266FBBC5.d.2AE14D8D224CC7C348ADE92F7C27EF84.e.6422/click - {}
RESULT: {}
COMMAND: GET /session/7d4ef5db813d7a6cede0ad9a34edc09c/screenshot - {}
RESULT: {}
COMMAND: POST /session/7d4ef5db813d7a6cede0ad9a34edc09c/execute/sync - {"script":"<script> [276 bytes]","args":["Some contract items are having rental validity exceeding header rental validity"]}
RESULT: {"script":"<script> [276 bytes]","args":["Some contract items are having rental validity exceeding header rental validity"]}
COMMAND: GET /session/7d4ef5db813d7a6cede0ad9a34edc09c/screenshot - {}
RESULT: {}
COMMAND: POST /session/7d4ef5db813d7a6cede0ad9a34edc09c/element - {"using":"xpath","value":"//span[contains(@id ,\"contractItemsSmartTable-header-inner\")]"}
RESULT: {"using":"xpath","value":"//span[contains(@id ,\"contractItemsSmartTable-header-inner\")]"}
COMMAND: POST /session/7d4ef5db813d7a6cede0ad9a34edc09c/elements - {"using":"xpath","value":"//span[contains(@id ,\"contractItemsSmartTable-header-inner\")]"}
RESULT: {"using":"xpath","value":"//span[contains(@id ,\"contractItemsSmartTable-header-inner\")]"}
COMMAND: POST /session/7d4ef5db813d7a6cede0ad9a34edc09c/execute/sync - {"script":"<script> [56 bytes]","args":[{"element-6066-11e4-a52e-4f735466cecf":"f.A871513E4156B49FEA6A1325266FBBC5.d.2AE14D8D224CC7C348ADE92F7C27EF84.e.6426","ELEMENT":"f.A871513E4156B49FEA6A1325266FBBC5.d.2AE14D8D224CC7C348ADE92F7C27EF84.e.6426"}]}
RESULT: {"script":"<script> [56 bytes]","args":[{"element-6066-11e4-a52e-4f735466cecf":"f.A871513E4156B49FEA6A1325266FBBC5.d.2AE14D8D224CC7C348ADE92F7C27EF84.e.6426","ELEMENT":"f.A871513E4156B49FEA6A1325266FBBC5.d.2AE14D8D224CC7C348ADE92F7C27EF84.e.6426"}]}
]]></system-out>
    </testcase>
    <testcase classname="chrome.136_0_7103_93.windows.Provide_to_Site_w/_warehouse_management_w_clarification" name="Should provide to site" time="39.242">
      <system-out><![CDATA[
COMMAND: POST /session/7d4ef5db813d7a6cede0ad9a34edc09c/element - {"using":"xpath","value":"//button[@data-kt=\"provideButton\"]"}
COMMAND: GET /session/7d4ef5db813d7a6cede0ad9a34edc09c/screenshot - {}
RESULT: {"using":"xpath","value":"//button[@data-kt=\"provideButton\"]"}
COMMAND: POST /session/7d4ef5db813d7a6cede0ad9a34edc09c/element/f.A871513E4156B49FEA6A1325266FBBC5.d.2AE14D8D224CC7C348ADE92F7C27EF84.e.6427/click - {}
RESULT: {}
RESULT: {}
COMMAND: GET /session/7d4ef5db813d7a6cede0ad9a34edc09c/screenshot - {}
RESULT: undefined
COMMAND: POST /session/7d4ef5db813d7a6cede0ad9a34edc09c/execute/async - {"script":"<script> [6424 bytes]","args":[{"element-6066-11e4-a52e-4f735466cecf":"f.A871513E4156B49FEA6A1325266FBBC5.d.2AE14D8D224CC7C348ADE92F7C27EF84.e.5306"},"setValue",["05/21/25"]]}
RESULT: {}
COMMAND: POST /session/7d4ef5db813d7a6cede0ad9a34edc09c/execute/async - {"script":"<script> [1562 bytes]","args":[{"selector":{"id":"application-managehandovers-display-component---AddNewHO--dueDate","interaction":{"idSuffix":"inner"}},"wdio_ui5_key":"applicationmanagehandovers-display-component---AddNewHO--dueDate"}]}
RESULT: {"script":"<script> [1562 bytes]","args":[{"selector":{"id":"application-managehandovers-display-component---AddNewHO--dueDate","interaction":{"idSuffix":"inner"}},"wdio_ui5_key":"applicationmanagehandovers-display-component---AddNewHO--dueDate"}]}
COMMAND: POST /session/7d4ef5db813d7a6cede0ad9a34edc09c/execute/async - {"script":"<script> [6424 bytes]","args":[{"element-6066-11e4-a52e-4f735466cecf":"f.A871513E4156B49FEA6A1325266FBBC5.d.2AE14D8D224CC7C348ADE92F7C27EF84.e.6503"},"setValue",["05/21/25"]]}
RESULT: {"script":"<script> [6424 bytes]","args":[{"element-6066-11e4-a52e-4f735466cecf":"f.A871513E4156B49FEA6A1325266FBBC5.d.2AE14D8D224CC7C348ADE92F7C27EF84.e.6503"},"setValue",["05/21/25"]]}
COMMAND: POST /session/7d4ef5db813d7a6cede0ad9a34edc09c/element - {"using":"xpath","value":"//bdi[contains(text(), \"Instructions\")]"}
RESULT: {"using":"xpath","value":"//bdi[contains(text(), \"Instructions\")]"}
COMMAND: POST /session/7d4ef5db813d7a6cede0ad9a34edc09c/element/f.A871513E4156B49FEA6A1325266FBBC5.d.2AE14D8D224CC7C348ADE92F7C27EF84.e.6736/click - {}
RESULT: {}
COMMAND: GET /session/7d4ef5db813d7a6cede0ad9a34edc09c/screenshot - {}
RESULT: {}
COMMAND: POST /session/7d4ef5db813d7a6cede0ad9a34edc09c/element - {"using":"xpath","value":"//button[@data-kt=\"AddNewHOProvideAddItemsButton\"]"}
RESULT: {"using":"xpath","value":"//button[@data-kt=\"AddNewHOProvideAddItemsButton\"]"}
COMMAND: POST /session/7d4ef5db813d7a6cede0ad9a34edc09c/element/f.A871513E4156B49FEA6A1325266FBBC5.d.2AE14D8D224CC7C348ADE92F7C27EF84.e.6740/click - {}
RESULT: {}
COMMAND: GET /session/7d4ef5db813d7a6cede0ad9a34edc09c/screenshot - {}
RESULT: {}
RESULT: undefined
COMMAND: POST /session/7d4ef5db813d7a6cede0ad9a34edc09c/element - {"using":"xpath","value":"//*[@id=\"application-managehandovers-display-component---AddNewHO--popup-sa\"]"}
RESULT: {"using":"xpath","value":"//*[@id=\"application-managehandovers-display-component---AddNewHO--popup-sa\"]"}
COMMAND: POST /session/7d4ef5db813d7a6cede0ad9a34edc09c/element/f.A871513E4156B49FEA6A1325266FBBC5.d.2AE14D8D224CC7C348ADE92F7C27EF84.e.6745/click - {}
RESULT: {}
COMMAND: GET /session/7d4ef5db813d7a6cede0ad9a34edc09c/screenshot - {}
RESULT: {}
COMMAND: POST /session/7d4ef5db813d7a6cede0ad9a34edc09c/element - {"using":"xpath","value":"//*[contains(@id ,\"BDI-content\")][contains(text(), \"Select\")]"}
RESULT: {"using":"xpath","value":"//*[contains(@id ,\"BDI-content\")][contains(text(), \"Select\")]"}
COMMAND: POST /session/7d4ef5db813d7a6cede0ad9a34edc09c/element/f.A871513E4156B49FEA6A1325266FBBC5.d.2AE14D8D224CC7C348ADE92F7C27EF84.e.6746/click - {}
RESULT: {}
COMMAND: GET /session/7d4ef5db813d7a6cede0ad9a34edc09c/screenshot - {}
RESULT: {}
COMMAND: POST /session/7d4ef5db813d7a6cede0ad9a34edc09c/element - {"using":"xpath","value":"//bdi[(text() = 'Save' or . = 'Save')]"}
RESULT: {"using":"xpath","value":"//bdi[(text() = 'Save' or . = 'Save')]"}
COMMAND: POST /session/7d4ef5db813d7a6cede0ad9a34edc09c/element/f.A871513E4156B49FEA6A1325266FBBC5.d.2AE14D8D224CC7C348ADE92F7C27EF84.e.6749/click - {}
RESULT: {}
COMMAND: GET /session/7d4ef5db813d7a6cede0ad9a34edc09c/screenshot - {}
RESULT: {}
]]></system-out>
    </testcase>
    <testcase classname="chrome.136_0_7103_93.windows.Provide_to_Site_w/_warehouse_management_w_clarification" name="Should test for Handover Execution" time="145.366">
      <system-out><![CDATA[
COMMAND: POST /session/7d4ef5db813d7a6cede0ad9a34edc09c/execute/async - {"script":"<script> [1562 bytes]","args":[{"selector":{"controlType":"sap.m.Link","viewName":"etm.portal.ui.managehandovers.view.DetailExecuteHO","bindingPath":{"path":"","propertyPath":"/wmDoc","modelName":"warehouseMovModel"}},"wdio_ui5_key":"etmportal.ui.managehandovers.view.DetailExecuteHOsap.m.Link{\"path\":\"\",\"propertyPath\":\"/wmDoc\",\"modelName\":\"warehouseMovModel\"}"}]}
RESULT: {"script":"<script> [1562 bytes]","args":[{"selector":{"controlType":"sap.m.Link","viewName":"etm.portal.ui.managehandovers.view.DetailExecuteHO","bindingPath":{"path":"","propertyPath":"/wmDoc","modelName":"warehouseMovModel"}},"wdio_ui5_key":"etmportal.ui.managehandovers.view.DetailExecuteHOsap.m.Link{\"path\":\"\",\"propertyPath\":\"/wmDoc\",\"modelName\":\"warehouseMovModel\"}"}]}
RESULT: undefined
COMMAND: POST /session/7d4ef5db813d7a6cede0ad9a34edc09c/element - {"using":"xpath","value":"//*[@id=\"__link81\"]"}
RESULT: {"using":"xpath","value":"//*[@id=\"__link81\"]"}
COMMAND: POST /session/7d4ef5db813d7a6cede0ad9a34edc09c/element/f.A871513E4156B49FEA6A1325266FBBC5.d.2AE14D8D224CC7C348ADE92F7C27EF84.e.6781/click - {}
RESULT: {}
COMMAND: GET /session/7d4ef5db813d7a6cede0ad9a34edc09c/screenshot - {}
RESULT: {}
COMMAND: POST /session/7d4ef5db813d7a6cede0ad9a34edc09c/execute/async - {"script":"<script> [1562 bytes]","args":[{"selector":{"controlType":"sap.m.Link","viewName":"etm.portal.ui.managehandovers.view.DetailExecuteHO","properties":{"text":"Warehouse Overview"},"searchOpenDialogs":true},"wdio_ui5_key":"etmportal.ui.managehandovers.view.DetailExecuteHOsap.m.Link{\"text\":\"Warehouse Overview\"}"}]}
RESULT: {"script":"<script> [1562 bytes]","args":[{"selector":{"controlType":"sap.m.Link","viewName":"etm.portal.ui.managehandovers.view.DetailExecuteHO","properties":{"text":"Warehouse Overview"},"searchOpenDialogs":true},"wdio_ui5_key":"etmportal.ui.managehandovers.view.DetailExecuteHOsap.m.Link{\"text\":\"Warehouse Overview\"}"}]}
RESULT: undefined
COMMAND: POST /session/7d4ef5db813d7a6cede0ad9a34edc09c/element - {"using":"xpath","value":"//*[@id=\"__link96\"]"}
RESULT: {"using":"xpath","value":"//*[@id=\"__link96\"]"}
COMMAND: POST /session/7d4ef5db813d7a6cede0ad9a34edc09c/element/f.A871513E4156B49FEA6A1325266FBBC5.d.2AE14D8D224CC7C348ADE92F7C27EF84.e.6783/click - {}
RESULT: {}
COMMAND: GET /session/7d4ef5db813d7a6cede0ad9a34edc09c/screenshot - {}
RESULT: {}
COMMAND: POST /session/7d4ef5db813d7a6cede0ad9a34edc09c/execute/async - {"script":"<script> [1562 bytes]","args":[{"selector":{"controlType":"sap.m.Button","viewName":"etm.portal.ui.warehousemovements.view.DisplayMovement","viewId":"application-warehousemovements-display-component---displayMovement","i18NText":{"propertyName":"text","key":"execution"},"interaction":{"idSuffix":"BDI-content"}},"wdio_ui5_key":"etmportal.ui.warehousemovements.view.DisplayMovementsap.m.Button{\"propertyName\":\"text\",\"key\":\"execution\"}"}]}
RESULT: {"script":"<script> [1562 bytes]","args":[{"selector":{"controlType":"sap.m.Button","viewName":"etm.portal.ui.warehousemovements.view.DisplayMovement","viewId":"application-warehousemovements-display-component---displayMovement","i18NText":{"propertyName":"text","key":"execution"},"interaction":{"idSuffix":"BDI-content"}},"wdio_ui5_key":"etmportal.ui.warehousemovements.view.DisplayMovementsap.m.Button{\"propertyName\":\"text\",\"key\":\"execution\"}"}]}
RESULT: undefined
COMMAND: POST /session/7d4ef5db813d7a6cede0ad9a34edc09c/element - {"using":"xpath","value":"//*[@id=\"__button219\"]"}
RESULT: {"using":"xpath","value":"//*[@id=\"__button219\"]"}
COMMAND: POST /session/7d4ef5db813d7a6cede0ad9a34edc09c/element/f.A871513E4156B49FEA6A1325266FBBC5.d.2AE14D8D224CC7C348ADE92F7C27EF84.e.6957/click - {}
RESULT: {}
COMMAND: GET /session/7d4ef5db813d7a6cede0ad9a34edc09c/screenshot - {}
RESULT: {}
COMMAND: POST /session/7d4ef5db813d7a6cede0ad9a34edc09c/execute/async - {"script":"<script> [1562 bytes]","args":[{"selector":{"controlType":"sap.m.Button","viewName":"etm.portal.ui.warehousemovements.view.ExecuteMovement","viewId":"application-warehousemovements-display-component---executeMovement","properties":{"text":"Items"},"interaction":{"idSuffix":"BDI-content"}},"wdio_ui5_key":"etmportal.ui.warehousemovements.view.ExecuteMovementsap.m.Button{\"text\":\"Items\"}"}]}
RESULT: {"script":"<script> [1562 bytes]","args":[{"selector":{"controlType":"sap.m.Button","viewName":"etm.portal.ui.warehousemovements.view.ExecuteMovement","viewId":"application-warehousemovements-display-component---executeMovement","properties":{"text":"Items"},"interaction":{"idSuffix":"BDI-content"}},"wdio_ui5_key":"etmportal.ui.warehousemovements.view.ExecuteMovementsap.m.Button{\"text\":\"Items\"}"}]}
RESULT: undefined
COMMAND: POST /session/7d4ef5db813d7a6cede0ad9a34edc09c/element - {"using":"xpath","value":"//*[@id=\"__layout353-anchBar-application-warehousemovements-display-component---executeMovement--itemsSection-anchor\"]"}
RESULT: {"using":"xpath","value":"//*[@id=\"__layout353-anchBar-application-warehousemovements-display-component---executeMovement--itemsSection-anchor\"]"}
COMMAND: POST /session/7d4ef5db813d7a6cede0ad9a34edc09c/element/f.A871513E4156B49FEA6A1325266FBBC5.d.2AE14D8D224CC7C348ADE92F7C27EF84.e.7054/click - {}
RESULT: {}
COMMAND: GET /session/7d4ef5db813d7a6cede0ad9a34edc09c/screenshot - {}
RESULT: {}
COMMAND: POST /session/7d4ef5db813d7a6cede0ad9a34edc09c/execute/async - {"script":"<script> [1562 bytes]","args":[{"selector":{"controlType":"sap.m.ToggleButton","viewName":"etm.portal.ui.warehousemovements.view.ExecuteMovement","viewId":"application-warehousemovements-display-component---executeMovement","bindingPath":{"propertyPath":"STATUS","modelName":"catalogModel"},"interaction":{"idSuffix":"BDI-content"}},"wdio_ui5_key":"etmportal.ui.warehousemovements.view.ExecuteMovementsap.m.ToggleButton{\"propertyPath\":\"STATUS\",\"modelName\":\"catalogModel\"}"}]}
RESULT: {"script":"<script> [1562 bytes]","args":[{"selector":{"controlType":"sap.m.ToggleButton","viewName":"etm.portal.ui.warehousemovements.view.ExecuteMovement","viewId":"application-warehousemovements-display-component---executeMovement","bindingPath":{"propertyPath":"STATUS","modelName":"catalogModel"},"interaction":{"idSuffix":"BDI-content"}},"wdio_ui5_key":"etmportal.ui.warehousemovements.view.ExecuteMovementsap.m.ToggleButton{\"propertyPath\":\"STATUS\",\"modelName\":\"catalogModel\"}"}]}
RESULT: undefined
COMMAND: POST /session/7d4ef5db813d7a6cede0ad9a34edc09c/element - {"using":"xpath","value":"//*[@id=\"__button242-__clone3766\"]"}
RESULT: {"using":"xpath","value":"//*[@id=\"__button242-__clone3766\"]"}
COMMAND: POST /session/7d4ef5db813d7a6cede0ad9a34edc09c/element/f.A871513E4156B49FEA6A1325266FBBC5.d.2AE14D8D224CC7C348ADE92F7C27EF84.e.7025/click - {}
RESULT: {}
RESULT: undefined
COMMAND: POST /session/7d4ef5db813d7a6cede0ad9a34edc09c/element - {"using":"xpath","value":"//*[@id=\"__button242-__clone3766\"]"}
COMMAND: GET /session/7d4ef5db813d7a6cede0ad9a34edc09c/screenshot - {}
RESULT: {"using":"xpath","value":"//*[@id=\"__button242-__clone3766\"]"}
COMMAND: POST /session/7d4ef5db813d7a6cede0ad9a34edc09c/element/f.A871513E4156B49FEA6A1325266FBBC5.d.2AE14D8D224CC7C348ADE92F7C27EF84.e.7025/click - {}
RESULT: {}
RESULT: {}
COMMAND: GET /session/7d4ef5db813d7a6cede0ad9a34edc09c/screenshot - {}
RESULT: {}
COMMAND: POST /session/7d4ef5db813d7a6cede0ad9a34edc09c/element - {"using":"xpath","value":"//section[contains(@id,\"FC-NoHead\")]/div[1]/div[5]/div[2]/span"}
RESULT: {"using":"xpath","value":"//section[contains(@id,\"FC-NoHead\")]/div[1]/div[5]/div[2]/span"}
COMMAND: POST /session/7d4ef5db813d7a6cede0ad9a34edc09c/elements - {"using":"xpath","value":"//section[contains(@id,\"FC-NoHead\")]/div[1]/div[5]/div[2]/span"}
RESULT: {"using":"xpath","value":"//section[contains(@id,\"FC-NoHead\")]/div[1]/div[5]/div[2]/span"}
COMMAND: POST /session/7d4ef5db813d7a6cede0ad9a34edc09c/execute/sync - {"script":"<script> [56 bytes]","args":[{"element-6066-11e4-a52e-4f735466cecf":"f.A871513E4156B49FEA6A1325266FBBC5.d.2AE14D8D224CC7C348ADE92F7C27EF84.e.7060","ELEMENT":"f.A871513E4156B49FEA6A1325266FBBC5.d.2AE14D8D224CC7C348ADE92F7C27EF84.e.7060"}]}
RESULT: {"script":"<script> [56 bytes]","args":[{"element-6066-11e4-a52e-4f735466cecf":"f.A871513E4156B49FEA6A1325266FBBC5.d.2AE14D8D224CC7C348ADE92F7C27EF84.e.7060","ELEMENT":"f.A871513E4156B49FEA6A1325266FBBC5.d.2AE14D8D224CC7C348ADE92F7C27EF84.e.7060"}]}
COMMAND: POST /session/7d4ef5db813d7a6cede0ad9a34edc09c/actions - {"actions":[{"id":"action23","type":"key","parameters":{},"actions":[{"type":"keyDown","value":""},{"type":"pause","duration":10},{"type":"keyUp","value":""}]}]}
COMMAND: GET /session/7d4ef5db813d7a6cede0ad9a34edc09c/screenshot - {}
RESULT: {"actions":[{"id":"action23","type":"key","parameters":{},"actions":[{"type":"keyDown","value":""},{"type":"pause","duration":10},{"type":"keyUp","value":""}]}]}
COMMAND: POST /session/7d4ef5db813d7a6cede0ad9a34edc09c/execute/async - {"script":"<script> [1562 bytes]","args":[{"selector":{"id":"application-warehousemovements-display-component---executeMovement--executeId","interaction":{"idSuffix":"BDI-content"}},"wdio_ui5_key":"applicationwarehousemovements-display-component---executeMovement--executeId"}]}
COMMAND: GET /session/7d4ef5db813d7a6cede0ad9a34edc09c/screenshot - {}
RESULT: {}
RESULT: {"script":"<script> [1562 bytes]","args":[{"selector":{"id":"application-warehousemovements-display-component---executeMovement--executeId","interaction":{"idSuffix":"BDI-content"}},"wdio_ui5_key":"applicationwarehousemovements-display-component---executeMovement--executeId"}]}
RESULT: undefined
COMMAND: POST /session/7d4ef5db813d7a6cede0ad9a34edc09c/element - {"using":"xpath","value":"//*[@id=\"application-warehousemovements-display-component---executeMovement--executeId\"]"}
RESULT: {}
RESULT: {"using":"xpath","value":"//*[@id=\"application-warehousemovements-display-component---executeMovement--executeId\"]"}
COMMAND: POST /session/7d4ef5db813d7a6cede0ad9a34edc09c/element/f.A871513E4156B49FEA6A1325266FBBC5.d.2AE14D8D224CC7C348ADE92F7C27EF84.e.7019/click - {}
RESULT: {}
COMMAND: GET /session/7d4ef5db813d7a6cede0ad9a34edc09c/screenshot - {}
RESULT: {}
COMMAND: POST /session/7d4ef5db813d7a6cede0ad9a34edc09c/element - {"using":"css selector","value":"#shell-header-logo"}
RESULT: {"using":"css selector","value":"#shell-header-logo"}
COMMAND: POST /session/7d4ef5db813d7a6cede0ad9a34edc09c/element/f.A871513E4156B49FEA6A1325266FBBC5.d.2AE14D8D224CC7C348ADE92F7C27EF84.e.5837/click - {}
RESULT: {}
COMMAND: GET /session/7d4ef5db813d7a6cede0ad9a34edc09c/screenshot - {}
RESULT: {}
RESULT: undefined
COMMAND: POST /session/7d4ef5db813d7a6cede0ad9a34edc09c/element - {"using":"xpath","value":"//*[@id=\"__tile132\"]"}
RESULT: {"using":"xpath","value":"//*[@id=\"__tile132\"]"}
COMMAND: POST /session/7d4ef5db813d7a6cede0ad9a34edc09c/element/f.A871513E4156B49FEA6A1325266FBBC5.d.2AE14D8D224CC7C348ADE92F7C27EF84.e.4284/click - {}
RESULT: {}
COMMAND: GET /session/7d4ef5db813d7a6cede0ad9a34edc09c/screenshot - {}
RESULT: {}
COMMAND: POST /session/7d4ef5db813d7a6cede0ad9a34edc09c/elements - {"using":"xpath","value":"//span[text()='Error']"}
RESULT: {"using":"xpath","value":"//span[text()='Error']"}
COMMAND: POST /session/7d4ef5db813d7a6cede0ad9a34edc09c/execute/async - {"script":"<script> [1562 bytes]","args":[{"selector":{"controlType":"sap.m.SearchField","viewName":"etm.portal.ui.managehandovers.view.MasterHO","bindingPath":{"propertyPath":"/_BASIC_SEARCH_FIELD","modelName":"fi1t3rM0d31"},"interaction":{"idSuffix":"I"}},"wdio_ui5_key":"etmportal.ui.managehandovers.view.MasterHOsap.m.SearchField{\"propertyPath\":\"/_BASIC_SEARCH_FIELD\",\"modelName\":\"fi1t3rM0d31\"}"}]}
RESULT: {"script":"<script> [1562 bytes]","args":[{"selector":{"controlType":"sap.m.SearchField","viewName":"etm.portal.ui.managehandovers.view.MasterHO","bindingPath":{"propertyPath":"/_BASIC_SEARCH_FIELD","modelName":"fi1t3rM0d31"},"interaction":{"idSuffix":"I"}},"wdio_ui5_key":"etmportal.ui.managehandovers.view.MasterHOsap.m.SearchField{\"propertyPath\":\"/_BASIC_SEARCH_FIELD\",\"modelName\":\"fi1t3rM0d31\"}"}]}
RESULT: undefined
COMMAND: POST /session/7d4ef5db813d7a6cede0ad9a34edc09c/execute/async - {"script":"<script> [776 bytes]","args":[{"enterText":"30949","selector":{"controlType":"sap.m.SearchField","viewName":"etm.portal.ui.managehandovers.view.MasterHO","bindingPath":{"propertyPath":"/_BASIC_SEARCH_FIELD","modelName":"fi1t3rM0d31"},"interaction":{"idSuffix":"I"}},"clearTextFirst":true,"interactionType":"ENTER_TEXT"}]}
RESULT: {"script":"<script> [776 bytes]","args":[{"enterText":"30949","selector":{"controlType":"sap.m.SearchField","viewName":"etm.portal.ui.managehandovers.view.MasterHO","bindingPath":{"propertyPath":"/_BASIC_SEARCH_FIELD","modelName":"fi1t3rM0d31"},"interaction":{"idSuffix":"I"}},"clearTextFirst":true,"interactionType":"ENTER_TEXT"}]}
COMMAND: POST /session/7d4ef5db813d7a6cede0ad9a34edc09c/actions - {"actions":[{"id":"action24","type":"key","parameters":{},"actions":[{"type":"keyDown","value":""},{"type":"pause","duration":10},{"type":"keyUp","value":""}]}]}
RESULT: {"actions":[{"id":"action24","type":"key","parameters":{},"actions":[{"type":"keyDown","value":""},{"type":"pause","duration":10},{"type":"keyUp","value":""}]}]}
COMMAND: GET /session/7d4ef5db813d7a6cede0ad9a34edc09c/screenshot - {}
RESULT: {}
COMMAND: POST /session/7d4ef5db813d7a6cede0ad9a34edc09c/execute/async - {"script":"<script> [1562 bytes]","args":[{"selector":{"controlType":"sap.ui.core.Icon","viewName":"etm.portal.ui.managehandovers.view.MasterHO","properties":{"src":{"regex":{"source":"slim\\-arrow\\-right"}}}},"wdio_ui5_key":"etmportal.ui.managehandovers.view.MasterHOsap.ui.core.Icon{\"src\":{\"regex\":{\"source\":\"slim\\\\-arrow\\\\-right\"}}}"}]}
RESULT: {"script":"<script> [1562 bytes]","args":[{"selector":{"controlType":"sap.ui.core.Icon","viewName":"etm.portal.ui.managehandovers.view.MasterHO","properties":{"src":{"regex":{"source":"slim\\-arrow\\-right"}}}},"wdio_ui5_key":"etmportal.ui.managehandovers.view.MasterHOsap.ui.core.Icon{\"src\":{\"regex\":{\"source\":\"slim\\\\-arrow\\\\-right\"}}}"}]}
RESULT: undefined
COMMAND: POST /session/7d4ef5db813d7a6cede0ad9a34edc09c/element - {"using":"xpath","value":"//*[@id=\"__item2024-__clone3845-imgNav\"]"}
RESULT: {"using":"xpath","value":"//*[@id=\"__item2024-__clone3845-imgNav\"]"}
COMMAND: POST /session/7d4ef5db813d7a6cede0ad9a34edc09c/element/f.A871513E4156B49FEA6A1325266FBBC5.d.2AE14D8D224CC7C348ADE92F7C27EF84.e.7251/click - {}
RESULT: {}
COMMAND: GET /session/7d4ef5db813d7a6cede0ad9a34edc09c/screenshot - {}
RESULT: {}
COMMAND: POST /session/7d4ef5db813d7a6cede0ad9a34edc09c/execute/async - {"script":"<script> [1562 bytes]","args":[{"selector":{"controlType":"sap.m.Button","viewName":"etm.portal.ui.managehandovers.view.DetailExecuteHO","i18NText":{"propertyName":"text","key":"confirmAll"},"interaction":{"idSuffix":"BDI-content"}},"wdio_ui5_key":"etmportal.ui.managehandovers.view.DetailExecuteHOsap.m.Button{\"propertyName\":\"text\",\"key\":\"confirmAll\"}"}]}
RESULT: {"script":"<script> [1562 bytes]","args":[{"selector":{"controlType":"sap.m.Button","viewName":"etm.portal.ui.managehandovers.view.DetailExecuteHO","i18NText":{"propertyName":"text","key":"confirmAll"},"interaction":{"idSuffix":"BDI-content"}},"wdio_ui5_key":"etmportal.ui.managehandovers.view.DetailExecuteHOsap.m.Button{\"propertyName\":\"text\",\"key\":\"confirmAll\"}"}]}
RESULT: undefined
COMMAND: POST /session/7d4ef5db813d7a6cede0ad9a34edc09c/element - {"using":"xpath","value":"//*[@id=\"__button280\"]"}
RESULT: {"using":"xpath","value":"//*[@id=\"__button280\"]"}
COMMAND: POST /session/7d4ef5db813d7a6cede0ad9a34edc09c/element/f.A871513E4156B49FEA6A1325266FBBC5.d.2AE14D8D224CC7C348ADE92F7C27EF84.e.7334/click - {}
RESULT: {}
COMMAND: GET /session/7d4ef5db813d7a6cede0ad9a34edc09c/screenshot - {}
RESULT: {}
COMMAND: POST /session/7d4ef5db813d7a6cede0ad9a34edc09c/actions - {"actions":[{"id":"action25","type":"key","parameters":{},"actions":[{"type":"keyDown","value":""},{"type":"pause","duration":10},{"type":"keyUp","value":""}]}]}
RESULT: {"actions":[{"id":"action25","type":"key","parameters":{},"actions":[{"type":"keyDown","value":""},{"type":"pause","duration":10},{"type":"keyUp","value":""}]}]}
COMMAND: GET /session/7d4ef5db813d7a6cede0ad9a34edc09c/screenshot - {}
RESULT: {}
COMMAND: POST /session/7d4ef5db813d7a6cede0ad9a34edc09c/element - {"using":"xpath","value":"//button[@data-kt=\"execHoIssueButton\"]"}
RESULT: {"using":"xpath","value":"//button[@data-kt=\"execHoIssueButton\"]"}
COMMAND: POST /session/7d4ef5db813d7a6cede0ad9a34edc09c/element/f.A871513E4156B49FEA6A1325266FBBC5.d.2AE14D8D224CC7C348ADE92F7C27EF84.e.7343/click - {}
RESULT: {}
COMMAND: GET /session/7d4ef5db813d7a6cede0ad9a34edc09c/screenshot - {}
RESULT: {}
RESULT: undefined
COMMAND: POST /session/7d4ef5db813d7a6cede0ad9a34edc09c/execute/async - {"script":"<script> [776 bytes]","args":[{"enterText":"30949","selector":{"controlType":"sap.m.SearchField","viewName":"etm.portal.ui.managehandovers.view.MasterHO","bindingPath":{"propertyPath":"/_BASIC_SEARCH_FIELD","modelName":"fi1t3rM0d31"},"interaction":{"idSuffix":"I"}},"clearTextFirst":true,"interactionType":"ENTER_TEXT"}]}
RESULT: {"script":"<script> [776 bytes]","args":[{"enterText":"30949","selector":{"controlType":"sap.m.SearchField","viewName":"etm.portal.ui.managehandovers.view.MasterHO","bindingPath":{"propertyPath":"/_BASIC_SEARCH_FIELD","modelName":"fi1t3rM0d31"},"interaction":{"idSuffix":"I"}},"clearTextFirst":true,"interactionType":"ENTER_TEXT"}]}
COMMAND: POST /session/7d4ef5db813d7a6cede0ad9a34edc09c/actions - {"actions":[{"id":"action26","type":"key","parameters":{},"actions":[{"type":"keyDown","value":""},{"type":"pause","duration":10},{"type":"keyUp","value":""}]}]}
RESULT: {"actions":[{"id":"action26","type":"key","parameters":{},"actions":[{"type":"keyDown","value":""},{"type":"pause","duration":10},{"type":"keyUp","value":""}]}]}
COMMAND: GET /session/7d4ef5db813d7a6cede0ad9a34edc09c/screenshot - {}
RESULT: {}
COMMAND: POST /session/7d4ef5db813d7a6cede0ad9a34edc09c/element - {"using":"xpath","value":"//span[(text() = '30949' or . = '30949')]"}
RESULT: {"using":"xpath","value":"//span[(text() = '30949' or . = '30949')]"}
COMMAND: POST /session/7d4ef5db813d7a6cede0ad9a34edc09c/element/f.A871513E4156B49FEA6A1325266FBBC5.d.2AE14D8D224CC7C348ADE92F7C27EF84.e.7386/click - {}
RESULT: {}
COMMAND: GET /session/7d4ef5db813d7a6cede0ad9a34edc09c/screenshot - {}
RESULT: {}
COMMAND: POST /session/7d4ef5db813d7a6cede0ad9a34edc09c/element - {"using":"xpath","value":"//span[contains(text(), \"Instructions\")]"}
RESULT: {"using":"xpath","value":"//span[contains(text(), \"Instructions\")]"}
COMMAND: POST /session/7d4ef5db813d7a6cede0ad9a34edc09c/element/f.A871513E4156B49FEA6A1325266FBBC5.d.2AE14D8D224CC7C348ADE92F7C27EF84.e.7426/click - {}
RESULT: {}
COMMAND: GET /session/7d4ef5db813d7a6cede0ad9a34edc09c/screenshot - {}
RESULT: {}
COMMAND: POST /session/7d4ef5db813d7a6cede0ad9a34edc09c/element - {"using":"xpath","value":"//span[contains(text(), \"Instructions\")]"}
RESULT: {"using":"xpath","value":"//span[contains(text(), \"Instructions\")]"}
COMMAND: POST /session/7d4ef5db813d7a6cede0ad9a34edc09c/element/f.A871513E4156B49FEA6A1325266FBBC5.d.2AE14D8D224CC7C348ADE92F7C27EF84.e.7426/click - {}
RESULT: {}
COMMAND: GET /session/7d4ef5db813d7a6cede0ad9a34edc09c/screenshot - {}
RESULT: {}
COMMAND: POST /session/7d4ef5db813d7a6cede0ad9a34edc09c/execute/async - {"script":"<script> [1562 bytes]","args":[{"selector":{"controlType":"sap.m.ComboBox","viewName":"etm.portal.ui.managehandovers.view.DetailExecuteHO","bindingPath":{"propertyPath":"RECEIVING_SECTION","modelName":"catalogModel"},"interaction":{"idSuffix":"inner"}},"wdio_ui5_key":"etmportal.ui.managehandovers.view.DetailExecuteHOsap.m.ComboBox{\"propertyPath\":\"RECEIVING_SECTION\",\"modelName\":\"catalogModel\"}"}]}
RESULT: {"script":"<script> [1562 bytes]","args":[{"selector":{"controlType":"sap.m.ComboBox","viewName":"etm.portal.ui.managehandovers.view.DetailExecuteHO","bindingPath":{"propertyPath":"RECEIVING_SECTION","modelName":"catalogModel"},"interaction":{"idSuffix":"inner"}},"wdio_ui5_key":"etmportal.ui.managehandovers.view.DetailExecuteHOsap.m.ComboBox{\"propertyPath\":\"RECEIVING_SECTION\",\"modelName\":\"catalogModel\"}"}]}
RESULT: undefined
COMMAND: POST /session/7d4ef5db813d7a6cede0ad9a34edc09c/execute/async - {"script":"<script> [776 bytes]","args":[{"enterText":"WDIO-2335","selector":{"controlType":"sap.m.ComboBox","viewName":"etm.portal.ui.managehandovers.view.DetailExecuteHO","bindingPath":{"propertyPath":"RECEIVING_SECTION","modelName":"catalogModel"},"interaction":{"idSuffix":"inner"}},"clearTextFirst":true,"interactionType":"ENTER_TEXT"}]}
RESULT: {"script":"<script> [776 bytes]","args":[{"enterText":"WDIO-2335","selector":{"controlType":"sap.m.ComboBox","viewName":"etm.portal.ui.managehandovers.view.DetailExecuteHO","bindingPath":{"propertyPath":"RECEIVING_SECTION","modelName":"catalogModel"},"interaction":{"idSuffix":"inner"}},"clearTextFirst":true,"interactionType":"ENTER_TEXT"}]}
COMMAND: POST /session/7d4ef5db813d7a6cede0ad9a34edc09c/actions - {"actions":[{"id":"action27","type":"key","parameters":{},"actions":[{"type":"keyDown","value":""},{"type":"pause","duration":10},{"type":"keyUp","value":""}]}]}
RESULT: {"actions":[{"id":"action27","type":"key","parameters":{},"actions":[{"type":"keyDown","value":""},{"type":"pause","duration":10},{"type":"keyUp","value":""}]}]}
COMMAND: GET /session/7d4ef5db813d7a6cede0ad9a34edc09c/screenshot - {}
RESULT: {}
COMMAND: POST /session/7d4ef5db813d7a6cede0ad9a34edc09c/element - {"using":"xpath","value":"//button[@data-kt= \"execHoReceiveButton\"]"}
RESULT: {"using":"xpath","value":"//button[@data-kt= \"execHoReceiveButton\"]"}
COMMAND: POST /session/7d4ef5db813d7a6cede0ad9a34edc09c/element/f.A871513E4156B49FEA6A1325266FBBC5.d.2AE14D8D224CC7C348ADE92F7C27EF84.e.7431/click - {}
RESULT: {}
COMMAND: GET /session/7d4ef5db813d7a6cede0ad9a34edc09c/screenshot - {}
RESULT: {}
COMMAND: POST /session/7d4ef5db813d7a6cede0ad9a34edc09c/execute/async - {"script":"<script> [1562 bytes]","args":[{"selector":{"controlType":"sap.m.Button","properties":{"text":"Continue"},"searchOpenDialogs":true,"interaction":{"idSuffix":"content"}},"wdio_ui5_key":"sapm.Button{\"text\":\"Continue\"}"}]}
RESULT: {"script":"<script> [1562 bytes]","args":[{"selector":{"controlType":"sap.m.Button","properties":{"text":"Continue"},"searchOpenDialogs":true,"interaction":{"idSuffix":"content"}},"wdio_ui5_key":"sapm.Button{\"text\":\"Continue\"}"}]}
RESULT: undefined
COMMAND: POST /session/7d4ef5db813d7a6cede0ad9a34edc09c/element - {"using":"xpath","value":"//*[@id=\"__mbox-btn-6\"]"}
RESULT: {"using":"xpath","value":"//*[@id=\"__mbox-btn-6\"]"}
COMMAND: POST /session/7d4ef5db813d7a6cede0ad9a34edc09c/element/f.A871513E4156B49FEA6A1325266FBBC5.d.2AE14D8D224CC7C348ADE92F7C27EF84.e.7432/click - {}
RESULT: {}
COMMAND: GET /session/7d4ef5db813d7a6cede0ad9a34edc09c/screenshot - {}
RESULT: {}
COMMAND: POST /session/7d4ef5db813d7a6cede0ad9a34edc09c/element - {"using":"css selector","value":"#shell-header-logo"}
RESULT: {"using":"css selector","value":"#shell-header-logo"}
COMMAND: POST /session/7d4ef5db813d7a6cede0ad9a34edc09c/element/f.A871513E4156B49FEA6A1325266FBBC5.d.2AE14D8D224CC7C348ADE92F7C27EF84.e.7126/click - {}
RESULT: {}
COMMAND: GET /session/7d4ef5db813d7a6cede0ad9a34edc09c/screenshot - {}
RESULT: {}
]]></system-out>
    </testcase>
    <testcase classname="chrome.136_0_7103_93.windows.Provide_to_Site_w/_warehouse_management_w_clarification" name="Should test for Clarification" time="64.376">
      <system-out><![CDATA[
RESULT: undefined
COMMAND: POST /session/7d4ef5db813d7a6cede0ad9a34edc09c/element - {"using":"xpath","value":"//*[@id=\"__tile132\"]"}
RESULT: {"using":"xpath","value":"//*[@id=\"__tile132\"]"}
COMMAND: POST /session/7d4ef5db813d7a6cede0ad9a34edc09c/element/f.A871513E4156B49FEA6A1325266FBBC5.d.2AE14D8D224CC7C348ADE92F7C27EF84.e.4284/click - {}
RESULT: {}
COMMAND: GET /session/7d4ef5db813d7a6cede0ad9a34edc09c/screenshot - {}
RESULT: {}
COMMAND: POST /session/7d4ef5db813d7a6cede0ad9a34edc09c/elements - {"using":"xpath","value":"//span[text()='Error']"}
RESULT: {"using":"xpath","value":"//span[text()='Error']"}
RESULT: undefined
COMMAND: POST /session/7d4ef5db813d7a6cede0ad9a34edc09c/execute/async - {"script":"<script> [776 bytes]","args":[{"enterText":"30949","selector":{"controlType":"sap.m.SearchField","viewName":"etm.portal.ui.managehandovers.view.MasterHO","bindingPath":{"propertyPath":"/_BASIC_SEARCH_FIELD","modelName":"fi1t3rM0d31"},"interaction":{"idSuffix":"I"}},"clearTextFirst":true,"interactionType":"ENTER_TEXT"}]}
RESULT: {"script":"<script> [776 bytes]","args":[{"enterText":"30949","selector":{"controlType":"sap.m.SearchField","viewName":"etm.portal.ui.managehandovers.view.MasterHO","bindingPath":{"propertyPath":"/_BASIC_SEARCH_FIELD","modelName":"fi1t3rM0d31"},"interaction":{"idSuffix":"I"}},"clearTextFirst":true,"interactionType":"ENTER_TEXT"}]}
COMMAND: POST /session/7d4ef5db813d7a6cede0ad9a34edc09c/actions - {"actions":[{"id":"action28","type":"key","parameters":{},"actions":[{"type":"keyDown","value":""},{"type":"pause","duration":10},{"type":"keyUp","value":""}]}]}
RESULT: {"actions":[{"id":"action28","type":"key","parameters":{},"actions":[{"type":"keyDown","value":""},{"type":"pause","duration":10},{"type":"keyUp","value":""}]}]}
COMMAND: GET /session/7d4ef5db813d7a6cede0ad9a34edc09c/screenshot - {}
RESULT: {}
COMMAND: POST /session/7d4ef5db813d7a6cede0ad9a34edc09c/element - {"using":"xpath","value":"//span[(text() = '30949' or . = '30949')]"}
RESULT: {"using":"xpath","value":"//span[(text() = '30949' or . = '30949')]"}
COMMAND: POST /session/7d4ef5db813d7a6cede0ad9a34edc09c/element/f.A871513E4156B49FEA6A1325266FBBC5.d.2AE14D8D224CC7C348ADE92F7C27EF84.e.7596/click - {}
RESULT: {}
COMMAND: GET /session/7d4ef5db813d7a6cede0ad9a34edc09c/screenshot - {}
RESULT: {}
COMMAND: POST /session/7d4ef5db813d7a6cede0ad9a34edc09c/element - {"using":"xpath","value":"//span[contains(text(), \"Instructions\")]"}
RESULT: {"using":"xpath","value":"//span[contains(text(), \"Instructions\")]"}
COMMAND: POST /session/7d4ef5db813d7a6cede0ad9a34edc09c/element/f.A871513E4156B49FEA6A1325266FBBC5.d.2AE14D8D224CC7C348ADE92F7C27EF84.e.7680/click - {}
RESULT: {}
COMMAND: GET /session/7d4ef5db813d7a6cede0ad9a34edc09c/screenshot - {}
RESULT: {}
COMMAND: POST /session/7d4ef5db813d7a6cede0ad9a34edc09c/element - {"using":"xpath","value":"//span[contains(text(), \"Instructions\")]"}
RESULT: {"using":"xpath","value":"//span[contains(text(), \"Instructions\")]"}
COMMAND: POST /session/7d4ef5db813d7a6cede0ad9a34edc09c/element/f.A871513E4156B49FEA6A1325266FBBC5.d.2AE14D8D224CC7C348ADE92F7C27EF84.e.7680/click - {}
RESULT: {}
COMMAND: GET /session/7d4ef5db813d7a6cede0ad9a34edc09c/screenshot - {}
RESULT: {}
COMMAND: POST /session/7d4ef5db813d7a6cede0ad9a34edc09c/element - {"using":"xpath","value":"//button[.//bdi[text() = \"Refuse\"]]"}
RESULT: {"using":"xpath","value":"//button[.//bdi[text() = \"Refuse\"]]"}
COMMAND: POST /session/7d4ef5db813d7a6cede0ad9a34edc09c/element/f.A871513E4156B49FEA6A1325266FBBC5.d.2AE14D8D224CC7C348ADE92F7C27EF84.e.7685/click - {}
RESULT: {}
COMMAND: GET /session/7d4ef5db813d7a6cede0ad9a34edc09c/screenshot - {}
RESULT: {}
COMMAND: POST /session/7d4ef5db813d7a6cede0ad9a34edc09c/element - {"using":"xpath","value":"//button[@data-kt= \"execHoReceiveRefuseButton\"]"}
RESULT: {"using":"xpath","value":"//button[@data-kt= \"execHoReceiveRefuseButton\"]"}
COMMAND: POST /session/7d4ef5db813d7a6cede0ad9a34edc09c/element/f.A871513E4156B49FEA6A1325266FBBC5.d.2AE14D8D224CC7C348ADE92F7C27EF84.e.7687/click - {}
RESULT: {}
COMMAND: GET /session/7d4ef5db813d7a6cede0ad9a34edc09c/screenshot - {}
RESULT: {}
COMMAND: POST /session/7d4ef5db813d7a6cede0ad9a34edc09c/element - {"using":"css selector","value":"#shell-header-logo"}
RESULT: {"using":"css selector","value":"#shell-header-logo"}
COMMAND: POST /session/7d4ef5db813d7a6cede0ad9a34edc09c/element/f.A871513E4156B49FEA6A1325266FBBC5.d.2AE14D8D224CC7C348ADE92F7C27EF84.e.7473/click - {}
RESULT: {}
COMMAND: GET /session/7d4ef5db813d7a6cede0ad9a34edc09c/screenshot - {}
RESULT: {}
COMMAND: POST /session/7d4ef5db813d7a6cede0ad9a34edc09c/element - {"using":"css selector","value":"#j_username"}
COMMAND: POST /session/7d4ef5db813d7a6cede0ad9a34edc09c/url - {"url":"https://qa-testing-00-live-etm-ui.cfapps.eu10-004.hana.ondemand.com/"}
RESULT: {"using":"css selector","value":"#j_username"}
COMMAND: POST /session/7d4ef5db813d7a6cede0ad9a34edc09c/element - {"using":"css selector","value":"#j_username"}
RESULT: {"url":"https://qa-testing-00-live-etm-ui.cfapps.eu10-004.hana.ondemand.com/"}
RESULT: undefined
COMMAND: GET /session/7d4ef5db813d7a6cede0ad9a34edc09c/screenshot - {}
RESULT: {"using":"css selector","value":"#j_username"}
COMMAND: POST /session/7d4ef5db813d7a6cede0ad9a34edc09c/element - {"using":"css selector","value":"#shell-header-logo"}
RESULT: {}
RESULT: {"using":"css selector","value":"#shell-header-logo"}
COMMAND: POST /session/7d4ef5db813d7a6cede0ad9a34edc09c/execute/sync - {"script":"<script> [8489 bytes]","args":[{"element-6066-11e4-a52e-4f735466cecf":"f.A871513E4156B49FEA6A1325266FBBC5.d.CB956D067771680ACE8F900FB2658BB3.e.7754","ELEMENT":"f.A871513E4156B49FEA6A1325266FBBC5.d.CB956D067771680ACE8F900FB2658BB3.e.7754"}]}
RESULT: {"script":"<script> [8489 bytes]","args":[{"element-6066-11e4-a52e-4f735466cecf":"f.A871513E4156B49FEA6A1325266FBBC5.d.CB956D067771680ACE8F900FB2658BB3.e.7754","ELEMENT":"f.A871513E4156B49FEA6A1325266FBBC5.d.CB956D067771680ACE8F900FB2658BB3.e.7754"}]}
COMMAND: POST /session/7d4ef5db813d7a6cede0ad9a34edc09c/element - {"using":"css selector","value":"#shell-header-logo"}
COMMAND: GET /session/7d4ef5db813d7a6cede0ad9a34edc09c/screenshot - {}
RESULT: {"using":"css selector","value":"#shell-header-logo"}
COMMAND: POST /session/7d4ef5db813d7a6cede0ad9a34edc09c/execute/sync - {"script":"<script> [8489 bytes]","args":[{"element-6066-11e4-a52e-4f735466cecf":"f.A871513E4156B49FEA6A1325266FBBC5.d.CB956D067771680ACE8F900FB2658BB3.e.7754","ELEMENT":"f.A871513E4156B49FEA6A1325266FBBC5.d.CB956D067771680ACE8F900FB2658BB3.e.7754"}]}
RESULT: {}
RESULT: {"script":"<script> [8489 bytes]","args":[{"element-6066-11e4-a52e-4f735466cecf":"f.A871513E4156B49FEA6A1325266FBBC5.d.CB956D067771680ACE8F900FB2658BB3.e.7754","ELEMENT":"f.A871513E4156B49FEA6A1325266FBBC5.d.CB956D067771680ACE8F900FB2658BB3.e.7754"}]}
COMMAND: POST /session/7d4ef5db813d7a6cede0ad9a34edc09c/execute/sync - {"script":"<script> [5351 bytes]","args":[{"element-6066-11e4-a52e-4f735466cecf":"f.A871513E4156B49FEA6A1325266FBBC5.d.CB956D067771680ACE8F900FB2658BB3.e.7754","ELEMENT":"f.A871513E4156B49FEA6A1325266FBBC5.d.CB956D067771680ACE8F900FB2658BB3.e.7754"}]}
COMMAND: GET /session/7d4ef5db813d7a6cede0ad9a34edc09c/screenshot - {}
RESULT: {"script":"<script> [5351 bytes]","args":[{"element-6066-11e4-a52e-4f735466cecf":"f.A871513E4156B49FEA6A1325266FBBC5.d.CB956D067771680ACE8F900FB2658BB3.e.7754","ELEMENT":"f.A871513E4156B49FEA6A1325266FBBC5.d.CB956D067771680ACE8F900FB2658BB3.e.7754"}]}
COMMAND: POST /session/7d4ef5db813d7a6cede0ad9a34edc09c/element - {"using":"css selector","value":"#shell-header-logo"}
COMMAND: GET /session/7d4ef5db813d7a6cede0ad9a34edc09c/screenshot - {}
RESULT: {}
RESULT: {"using":"css selector","value":"#shell-header-logo"}
COMMAND: POST /session/7d4ef5db813d7a6cede0ad9a34edc09c/element/f.A871513E4156B49FEA6A1325266FBBC5.d.CB956D067771680ACE8F900FB2658BB3.e.7754/click - {}
RESULT: {}
RESULT: {}
COMMAND: GET /session/7d4ef5db813d7a6cede0ad9a34edc09c/screenshot - {}
RESULT: {}
COMMAND: POST /session/7d4ef5db813d7a6cede0ad9a34edc09c/execute/async - {"script":"<script> [189 bytes]","args":[]}
RESULT: {"script":"<script> [189 bytes]","args":[]}
COMMAND: POST /session/7d4ef5db813d7a6cede0ad9a34edc09c/execute/async - {"script":"<script> [123 bytes]","args":[]}
RESULT: {"script":"<script> [123 bytes]","args":[]}
COMMAND: POST /session/7d4ef5db813d7a6cede0ad9a34edc09c/timeouts - {"script":"<number>"}
RESULT: {"script":"<number>"}
COMMAND: GET /session/7d4ef5db813d7a6cede0ad9a34edc09c/timeouts - {}
RESULT: {}
RESULT: undefined
COMMAND: POST /session/7d4ef5db813d7a6cede0ad9a34edc09c/execute/async - {"script":"<script> [2676 bytes]","args":[]}
RESULT: {"script":"<script> [2676 bytes]","args":[]}
COMMAND: POST /session/7d4ef5db813d7a6cede0ad9a34edc09c/execute/async - {"script":"<script> [2342 bytes]","args":[{"protocol":"http","hostname":"0.0.0.0","path":"/","capabilities":{"browserName":"chrome","goog:chromeOptions":{"binary":"C:\\Program Files\\Google\\Chrome\\Application\\chrome.exe","args":["--start-maximized"]}},"logLevel":"warn","connectionRetryTimeout":120000,"connectionRetryCount":3,"logLevels":{},"enableDirectConnect":true,"strictSSL":true,"_":"65 more keys: [\"cacheDir\",\"port\",\"requestedCapabilities\",\"automationProtocol\",\"baseUrl\",\"waitforInterval\",\"waitforTimeout\",\"onReload\",\"beforeCommand\",\"afterCommand\",\"rootDir\",\"specs\",\"suites\",\"exclude\",\"groupLogsByTestSpec\",\"excludeDriverLogs\",\"bail\",\"framework\",\"reporters\",\"services\",\"maxInstances\",\"maxInstancesPerCapability\",\"injectGlobals\",\"filesToWatch\",\"execArgv\",\"runnerEnv\",\"runner\",\"shard\",\"specFileRetries\",\"specFileRetriesDelay\",\"specFileRetriesDeferred\",\"reporterSyncInterval\",\"reporterSyncTimeout\",\"cucumberFeaturesWithLineNumbers\",\"autoCompileOpts\",\"mochaOpts\",\"jasmineOpts\",\"cucumberOpts\",\"onPrepare\",\"onWorkerStart\",\"onWorkerEnd\",\"before\",\"beforeSession\",\"beforeSuite\",\"beforeHook\",\"beforeTest\",\"afterTest\",\"afterHook\",\"afterSuite\",\"afterSession\",\"after\",\"onComplete\",\"beforeAssertion\",\"afterAssertion\",\"beforeFeature\",\"beforeScenario\",\"beforeStep\",\"afterStep\",\"afterScenario\",\"afterFeature\",\"_\",\"suite\",\"$0\",\"ignoredWorkerServices\",\"wdi5\"]"}]}
RESULT: {"script":"<script> [2342 bytes]","args":[{"protocol":"http","hostname":"0.0.0.0","path":"/","capabilities":{"browserName":"chrome","goog:chromeOptions":{"binary":"C:\\Program Files\\Google\\Chrome\\Application\\chrome.exe","args":["--start-maximized"]}},"logLevel":"warn","connectionRetryTimeout":120000,"connectionRetryCount":3,"logLevels":{},"enableDirectConnect":true,"strictSSL":true,"_":"65 more keys: [\"cacheDir\",\"port\",\"requestedCapabilities\",\"automationProtocol\",\"baseUrl\",\"waitforInterval\",\"waitforTimeout\",\"onReload\",\"beforeCommand\",\"afterCommand\",\"rootDir\",\"specs\",\"suites\",\"exclude\",\"groupLogsByTestSpec\",\"excludeDriverLogs\",\"bail\",\"framework\",\"reporters\",\"services\",\"maxInstances\",\"maxInstancesPerCapability\",\"injectGlobals\",\"filesToWatch\",\"execArgv\",\"runnerEnv\",\"runner\",\"shard\",\"specFileRetries\",\"specFileRetriesDelay\",\"specFileRetriesDeferred\",\"reporterSyncInterval\",\"reporterSyncTimeout\",\"cucumberFeaturesWithLineNumbers\",\"autoCompileOpts\",\"mochaOpts\",\"jasmineOpts\",\"cucumberOpts\",\"onPrepare\",\"onWorkerStart\",\"onWorkerEnd\",\"before\",\"beforeSession\",\"beforeSuite\",\"beforeHook\",\"beforeTest\",\"afterTest\",\"afterHook\",\"afterSuite\",\"afterSession\",\"after\",\"onComplete\",\"beforeAssertion\",\"afterAssertion\",\"beforeFeature\",\"beforeScenario\",\"beforeStep\",\"afterStep\",\"afterScenario\",\"afterFeature\",\"_\",\"suite\",\"$0\",\"ignoredWorkerServices\",\"wdi5\"]"}]}
COMMAND: POST /session/7d4ef5db813d7a6cede0ad9a34edc09c/execute/async - {"script":"<script> [21126 bytes]","args":[35000]}
RESULT: {"script":"<script> [21126 bytes]","args":[35000]}
COMMAND: POST /session/7d4ef5db813d7a6cede0ad9a34edc09c/window/maximize - {}
RESULT: {}
COMMAND: POST /session/7d4ef5db813d7a6cede0ad9a34edc09c/execute/async - {"script":"<script> [1562 bytes]","args":[{"selector":{"id":"shell-header","interaction":{"idSuffix":"icon"}},"wdio_ui5_key":"shellheader"}]}
COMMAND: GET /session/7d4ef5db813d7a6cede0ad9a34edc09c/screenshot - {}
RESULT: {"script":"<script> [1562 bytes]","args":[{"selector":{"id":"shell-header","interaction":{"idSuffix":"icon"}},"wdio_ui5_key":"shellheader"}]}
RESULT: undefined
COMMAND: POST /session/7d4ef5db813d7a6cede0ad9a34edc09c/window/fullscreen - {}
RESULT: {}
RESULT: {}
]]></system-out>
    </testcase>
  </testsuite>
  <testsuite timestamp="2025-05-21T16:41:55" time="140.728" tests="6" failures="0" errors="0" skipped="0">
    <properties>
      <property name="specId" value="0"/>
      <property name="suiteName" value="Provide to Site w/ warehouse management w/o clarification US113782 "/>
      <property name="capabilities" value="chrome.136_0_7103_93.windows"/>
      <property name="file" value="file:///D:/a/1/s/test/specs/HTR/provide-to-site-w-warehouse-wo-clarification.spec.js"/>
    </properties>
    <testcase classname="chrome.136_0_7103_93.windows.Provide_to_Site_w/_warehouse_management_w/o_clarification_US113782_" name="Should create a new WHM yard" time="0.03">
      <system-out><![CDATA[
COMMAND: POST /session/7d4ef5db813d7a6cede0ad9a34edc09c/window/fullscreen - {}
RESULT: {}
]]></system-out>
    </testcase>
    <testcase classname="chrome.136_0_7103_93.windows.Provide_to_Site_w/_warehouse_management_w/o_clarification_US113782_" name="Should create a new external WHM partner" time="0.005"/>
    <testcase classname="chrome.136_0_7103_93.windows.Provide_to_Site_w/_warehouse_management_w/o_clarification_US113782_" name="Should create a new WHM site" time="0.004"/>
    <testcase classname="chrome.136_0_7103_93.windows.Provide_to_Site_w/_warehouse_management_w/o_clarification_US113782_" name="Should create a new material" time="125.92">
      <system-out><![CDATA[
COMMAND: POST /session/7d4ef5db813d7a6cede0ad9a34edc09c/execute/async - {"script":"<script> [1562 bytes]","args":[{"selector":{"controlType":"sap.m.GenericTile","properties":{"header":"Manage Resources"}},"wdio_ui5_key":"sapm.GenericTile{\"header\":\"Manage Resources\"}"}]}
RESULT: {"script":"<script> [1562 bytes]","args":[{"selector":{"controlType":"sap.m.GenericTile","properties":{"header":"Manage Resources"}},"wdio_ui5_key":"sapm.GenericTile{\"header\":\"Manage Resources\"}"}]}
RESULT: undefined
COMMAND: POST /session/7d4ef5db813d7a6cede0ad9a34edc09c/element - {"using":"xpath","value":"//*[@id=\"__tile31\"]"}
RESULT: {"using":"xpath","value":"//*[@id=\"__tile31\"]"}
COMMAND: POST /session/7d4ef5db813d7a6cede0ad9a34edc09c/element/f.A871513E4156B49FEA6A1325266FBBC5.d.CB956D067771680ACE8F900FB2658BB3.e.7780/click - {}
RESULT: {}
COMMAND: GET /session/7d4ef5db813d7a6cede0ad9a34edc09c/screenshot - {}
RESULT: {}
COMMAND: POST /session/7d4ef5db813d7a6cede0ad9a34edc09c/elements - {"using":"xpath","value":"//span[text()='Error']"}
RESULT: {"using":"xpath","value":"//span[text()='Error']"}
COMMAND: POST /session/7d4ef5db813d7a6cede0ad9a34edc09c/element - {"using":"xpath","value":"//button[@data-kt=\"addNewRUOverflowToolbarButton\"]"}
RESULT: {"using":"xpath","value":"//button[@data-kt=\"addNewRUOverflowToolbarButton\"]"}
COMMAND: POST /session/7d4ef5db813d7a6cede0ad9a34edc09c/elements - {"using":"xpath","value":"//button[@data-kt=\"addNewRUOverflowToolbarButton\"]"}
RESULT: {"using":"xpath","value":"//button[@data-kt=\"addNewRUOverflowToolbarButton\"]"}
COMMAND: POST /session/7d4ef5db813d7a6cede0ad9a34edc09c/execute/sync - {"script":"<script> [8489 bytes]","args":[{"element-6066-11e4-a52e-4f735466cecf":"f.A871513E4156B49FEA6A1325266FBBC5.d.CB956D067771680ACE8F900FB2658BB3.e.7908","ELEMENT":"f.A871513E4156B49FEA6A1325266FBBC5.d.CB956D067771680ACE8F900FB2658BB3.e.7908"}]}
RESULT: {"script":"<script> [8489 bytes]","args":[{"element-6066-11e4-a52e-4f735466cecf":"f.A871513E4156B49FEA6A1325266FBBC5.d.CB956D067771680ACE8F900FB2658BB3.e.7908","ELEMENT":"f.A871513E4156B49FEA6A1325266FBBC5.d.CB956D067771680ACE8F900FB2658BB3.e.7908"}]}
COMMAND: GET /session/7d4ef5db813d7a6cede0ad9a34edc09c/element/f.A871513E4156B49FEA6A1325266FBBC5.d.CB956D067771680ACE8F900FB2658BB3.e.7908/enabled - {}
COMMAND: GET /session/7d4ef5db813d7a6cede0ad9a34edc09c/screenshot - {}
RESULT: {}
COMMAND: POST /session/7d4ef5db813d7a6cede0ad9a34edc09c/execute/sync - {"script":"<script> [8489 bytes]","args":[{"element-6066-11e4-a52e-4f735466cecf":"f.A871513E4156B49FEA6A1325266FBBC5.d.CB956D067771680ACE8F900FB2658BB3.e.7908","ELEMENT":"f.A871513E4156B49FEA6A1325266FBBC5.d.CB956D067771680ACE8F900FB2658BB3.e.7908"}]}
COMMAND: GET /session/7d4ef5db813d7a6cede0ad9a34edc09c/screenshot - {}
RESULT: {}
RESULT: {"script":"<script> [8489 bytes]","args":[{"element-6066-11e4-a52e-4f735466cecf":"f.A871513E4156B49FEA6A1325266FBBC5.d.CB956D067771680ACE8F900FB2658BB3.e.7908","ELEMENT":"f.A871513E4156B49FEA6A1325266FBBC5.d.CB956D067771680ACE8F900FB2658BB3.e.7908"}]}
COMMAND: POST /session/7d4ef5db813d7a6cede0ad9a34edc09c/execute/sync - {"script":"<script> [5351 bytes]","args":[{"element-6066-11e4-a52e-4f735466cecf":"f.A871513E4156B49FEA6A1325266FBBC5.d.CB956D067771680ACE8F900FB2658BB3.e.7908","ELEMENT":"f.A871513E4156B49FEA6A1325266FBBC5.d.CB956D067771680ACE8F900FB2658BB3.e.7908"}]}
COMMAND: GET /session/7d4ef5db813d7a6cede0ad9a34edc09c/screenshot - {}
RESULT: {}
RESULT: {"script":"<script> [5351 bytes]","args":[{"element-6066-11e4-a52e-4f735466cecf":"f.A871513E4156B49FEA6A1325266FBBC5.d.CB956D067771680ACE8F900FB2658BB3.e.7908","ELEMENT":"f.A871513E4156B49FEA6A1325266FBBC5.d.CB956D067771680ACE8F900FB2658BB3.e.7908"}]}
COMMAND: POST /session/7d4ef5db813d7a6cede0ad9a34edc09c/element/f.A871513E4156B49FEA6A1325266FBBC5.d.CB956D067771680ACE8F900FB2658BB3.e.7908/click - {}
COMMAND: GET /session/7d4ef5db813d7a6cede0ad9a34edc09c/screenshot - {}
RESULT: {}
RESULT: {}
COMMAND: GET /session/7d4ef5db813d7a6cede0ad9a34edc09c/screenshot - {}
RESULT: {}
RESULT: {}
COMMAND: POST /session/7d4ef5db813d7a6cede0ad9a34edc09c/execute/async - {"script":"<script> [1562 bytes]","args":[{"selector":{"id":"application-manageresources-display-component---newResourceUnit--TYPE-arrow"},"wdio_ui5_key":"applicationmanageresources-display-component---newResourceUnit--TYPE-arrow"}]}
RESULT: {"script":"<script> [1562 bytes]","args":[{"selector":{"id":"application-manageresources-display-component---newResourceUnit--TYPE-arrow"},"wdio_ui5_key":"applicationmanageresources-display-component---newResourceUnit--TYPE-arrow"}]}
RESULT: undefined
COMMAND: POST /session/7d4ef5db813d7a6cede0ad9a34edc09c/element - {"using":"xpath","value":"//*[@id=\"application-manageresources-display-component---newResourceUnit--TYPE-arrow\"]"}
RESULT: {"using":"xpath","value":"//*[@id=\"application-manageresources-display-component---newResourceUnit--TYPE-arrow\"]"}
COMMAND: POST /session/7d4ef5db813d7a6cede0ad9a34edc09c/element/f.A871513E4156B49FEA6A1325266FBBC5.d.CB956D067771680ACE8F900FB2658BB3.e.8079/click - {}
RESULT: {}
COMMAND: POST /session/7d4ef5db813d7a6cede0ad9a34edc09c/element - {"using":"xpath","value":"//input[@id=\"application-manageresources-display-component---newResourceUnit--TYPE-inner\"]"}
COMMAND: GET /session/7d4ef5db813d7a6cede0ad9a34edc09c/screenshot - {}
RESULT: {"using":"xpath","value":"//input[@id=\"application-manageresources-display-component---newResourceUnit--TYPE-inner\"]"}
COMMAND: POST /session/7d4ef5db813d7a6cede0ad9a34edc09c/element/f.A871513E4156B49FEA6A1325266FBBC5.d.CB956D067771680ACE8F900FB2658BB3.e.7960/clear - {}
RESULT: {}
RESULT: {}
COMMAND: POST /session/7d4ef5db813d7a6cede0ad9a34edc09c/element/f.A871513E4156B49FEA6A1325266FBBC5.d.CB956D067771680ACE8F900FB2658BB3.e.7960/value - {"text":"Material"}
COMMAND: GET /session/7d4ef5db813d7a6cede0ad9a34edc09c/screenshot - {}
RESULT: {"text":"Material"}
COMMAND: GET /session/7d4ef5db813d7a6cede0ad9a34edc09c/screenshot - {}
RESULT: {}
RESULT: {}
COMMAND: POST /session/7d4ef5db813d7a6cede0ad9a34edc09c/actions - {"actions":[{"id":"action29","type":"key","parameters":{},"actions":[{"type":"keyDown","value":""},{"type":"pause","duration":10},{"type":"keyUp","value":""}]}]}
RESULT: {"actions":[{"id":"action29","type":"key","parameters":{},"actions":[{"type":"keyDown","value":""},{"type":"pause","duration":10},{"type":"keyUp","value":""}]}]}
COMMAND: POST /session/7d4ef5db813d7a6cede0ad9a34edc09c/execute/async - {"script":"<script> [1562 bytes]","args":[{"selector":{"id":"application-manageresources-display-component---newResourceUnit--SHORT_TEXT","interaction":{"idSuffix":"inner"}},"wdio_ui5_key":"applicationmanageresources-display-component---newResourceUnit--SHORT_TEXT"}]}
COMMAND: GET /session/7d4ef5db813d7a6cede0ad9a34edc09c/screenshot - {}
RESULT: {"script":"<script> [1562 bytes]","args":[{"selector":{"id":"application-manageresources-display-component---newResourceUnit--SHORT_TEXT","interaction":{"idSuffix":"inner"}},"wdio_ui5_key":"applicationmanageresources-display-component---newResourceUnit--SHORT_TEXT"}]}
RESULT: undefined
COMMAND: POST /session/7d4ef5db813d7a6cede0ad9a34edc09c/execute/async - {"script":"<script> [776 bytes]","args":[{"enterText":"Cement WDIO","selector":{"id":"application-manageresources-display-component---newResourceUnit--SHORT_TEXT","interaction":{"idSuffix":"inner"}},"clearTextFirst":true,"interactionType":"ENTER_TEXT"}]}
RESULT: {}
RESULT: {"script":"<script> [776 bytes]","args":[{"enterText":"Cement WDIO","selector":{"id":"application-manageresources-display-component---newResourceUnit--SHORT_TEXT","interaction":{"idSuffix":"inner"}},"clearTextFirst":true,"interactionType":"ENTER_TEXT"}]}
COMMAND: POST /session/7d4ef5db813d7a6cede0ad9a34edc09c/execute/async - {"script":"<script> [1562 bytes]","args":[{"selector":{"id":"application-manageresources-display-component---newResourceUnit--BASE_UNIT_OF_MEASURE","interaction":{"idSuffix":"inner"}},"wdio_ui5_key":"applicationmanageresources-display-component---newResourceUnit--BASE_UNIT_OF_MEASURE"}]}
RESULT: {"script":"<script> [1562 bytes]","args":[{"selector":{"id":"application-manageresources-display-component---newResourceUnit--BASE_UNIT_OF_MEASURE","interaction":{"idSuffix":"inner"}},"wdio_ui5_key":"applicationmanageresources-display-component---newResourceUnit--BASE_UNIT_OF_MEASURE"}]}
RESULT: undefined
COMMAND: POST /session/7d4ef5db813d7a6cede0ad9a34edc09c/execute/async - {"script":"<script> [776 bytes]","args":[{"enterText":"Piece","selector":{"id":"application-manageresources-display-component---newResourceUnit--BASE_UNIT_OF_MEASURE","interaction":{"idSuffix":"inner"}},"clearTextFirst":true,"interactionType":"ENTER_TEXT"}]}
RESULT: {"script":"<script> [776 bytes]","args":[{"enterText":"Piece","selector":{"id":"application-manageresources-display-component---newResourceUnit--BASE_UNIT_OF_MEASURE","interaction":{"idSuffix":"inner"}},"clearTextFirst":true,"interactionType":"ENTER_TEXT"}]}
COMMAND: POST /session/7d4ef5db813d7a6cede0ad9a34edc09c/execute/async - {"script":"<script> [1562 bytes]","args":[{"selector":{"id":"application-manageresources-display-component---newResourceUnit--WEIGHT_UNIT","interaction":{"idSuffix":"inner"}},"wdio_ui5_key":"applicationmanageresources-display-component---newResourceUnit--WEIGHT_UNIT"}]}
RESULT: {"script":"<script> [1562 bytes]","args":[{"selector":{"id":"application-manageresources-display-component---newResourceUnit--WEIGHT_UNIT","interaction":{"idSuffix":"inner"}},"wdio_ui5_key":"applicationmanageresources-display-component---newResourceUnit--WEIGHT_UNIT"}]}
RESULT: undefined
COMMAND: POST /session/7d4ef5db813d7a6cede0ad9a34edc09c/execute/async - {"script":"<script> [776 bytes]","args":[{"enterText":"Gram","selector":{"id":"application-manageresources-display-component---newResourceUnit--WEIGHT_UNIT","interaction":{"idSuffix":"inner"}},"clearTextFirst":true,"interactionType":"ENTER_TEXT"}]}
RESULT: {"script":"<script> [776 bytes]","args":[{"enterText":"Gram","selector":{"id":"application-manageresources-display-component---newResourceUnit--WEIGHT_UNIT","interaction":{"idSuffix":"inner"}},"clearTextFirst":true,"interactionType":"ENTER_TEXT"}]}
COMMAND: POST /session/7d4ef5db813d7a6cede0ad9a34edc09c/execute/async - {"script":"<script> [1562 bytes]","args":[{"selector":{"id":"application-manageresources-display-component---newResourceUnit--DIMENSION_UNIT","interaction":{"idSuffix":"inner"}},"wdio_ui5_key":"applicationmanageresources-display-component---newResourceUnit--DIMENSION_UNIT"}]}
RESULT: {"script":"<script> [1562 bytes]","args":[{"selector":{"id":"application-manageresources-display-component---newResourceUnit--DIMENSION_UNIT","interaction":{"idSuffix":"inner"}},"wdio_ui5_key":"applicationmanageresources-display-component---newResourceUnit--DIMENSION_UNIT"}]}
RESULT: undefined
COMMAND: POST /session/7d4ef5db813d7a6cede0ad9a34edc09c/execute/async - {"script":"<script> [776 bytes]","args":[{"enterText":"Meter","selector":{"id":"application-manageresources-display-component---newResourceUnit--DIMENSION_UNIT","interaction":{"idSuffix":"inner"}},"clearTextFirst":true,"interactionType":"ENTER_TEXT"}]}
RESULT: {"script":"<script> [776 bytes]","args":[{"enterText":"Meter","selector":{"id":"application-manageresources-display-component---newResourceUnit--DIMENSION_UNIT","interaction":{"idSuffix":"inner"}},"clearTextFirst":true,"interactionType":"ENTER_TEXT"}]}
COMMAND: POST /session/7d4ef5db813d7a6cede0ad9a34edc09c/execute/async - {"script":"<script> [1562 bytes]","args":[{"selector":{"id":"application-manageresources-display-component---newResourceUnit--newRRUPage-anchBar-application-manageresources-display-component---newResourceUnit--control-anchor","interaction":{"idSuffix":"BDI-content"}},"wdio_ui5_key":"applicationmanageresources-display-component---newResourceUnit--newRRUPage-anchBar-application-manageresources-display-component---newResourceUnit--control-anchor"}]}
RESULT: {"script":"<script> [1562 bytes]","args":[{"selector":{"id":"application-manageresources-display-component---newResourceUnit--newRRUPage-anchBar-application-manageresources-display-component---newResourceUnit--control-anchor","interaction":{"idSuffix":"BDI-content"}},"wdio_ui5_key":"applicationmanageresources-display-component---newResourceUnit--newRRUPage-anchBar-application-manageresources-display-component---newResourceUnit--control-anchor"}]}
RESULT: undefined
COMMAND: POST /session/7d4ef5db813d7a6cede0ad9a34edc09c/element - {"using":"xpath","value":"//*[@id=\"application-manageresources-display-component---newResourceUnit--newRRUPage-anchBar-application-manageresources-display-component---newResourceUnit--control-anchor\"]"}
RESULT: {"using":"xpath","value":"//*[@id=\"application-manageresources-display-component---newResourceUnit--newRRUPage-anchBar-application-manageresources-display-component---newResourceUnit--control-anchor\"]"}
COMMAND: POST /session/7d4ef5db813d7a6cede0ad9a34edc09c/element/f.A871513E4156B49FEA6A1325266FBBC5.d.CB956D067771680ACE8F900FB2658BB3.e.8145/click - {}
RESULT: {}
COMMAND: POST /session/7d4ef5db813d7a6cede0ad9a34edc09c/execute/async - {"script":"<script> [1562 bytes]","args":[{"selector":{"id":"application-manageresources-display-component---newResourceUnit--PLANNING_GROUP","interaction":{"idSuffix":"inner"}},"wdio_ui5_key":"applicationmanageresources-display-component---newResourceUnit--PLANNING_GROUP"}]}
COMMAND: GET /session/7d4ef5db813d7a6cede0ad9a34edc09c/screenshot - {}
RESULT: {"script":"<script> [1562 bytes]","args":[{"selector":{"id":"application-manageresources-display-component---newResourceUnit--PLANNING_GROUP","interaction":{"idSuffix":"inner"}},"wdio_ui5_key":"applicationmanageresources-display-component---newResourceUnit--PLANNING_GROUP"}]}
RESULT: undefined
COMMAND: POST /session/7d4ef5db813d7a6cede0ad9a34edc09c/execute/async - {"script":"<script> [776 bytes]","args":[{"enterText":"Material","selector":{"id":"application-manageresources-display-component---newResourceUnit--PLANNING_GROUP","interaction":{"idSuffix":"inner"}},"clearTextFirst":true,"interactionType":"ENTER_TEXT"}]}
RESULT: {}
RESULT: {"script":"<script> [776 bytes]","args":[{"enterText":"Material","selector":{"id":"application-manageresources-display-component---newResourceUnit--PLANNING_GROUP","interaction":{"idSuffix":"inner"}},"clearTextFirst":true,"interactionType":"ENTER_TEXT"}]}
COMMAND: POST /session/7d4ef5db813d7a6cede0ad9a34edc09c/execute/async - {"script":"<script> [1562 bytes]","args":[{"selector":{"id":"application-manageresources-display-component---newResourceUnit--PLANNING_INDICATOR","interaction":{"idSuffix":"inner"}},"wdio_ui5_key":"applicationmanageresources-display-component---newResourceUnit--PLANNING_INDICATOR"}]}
RESULT: {"script":"<script> [1562 bytes]","args":[{"selector":{"id":"application-manageresources-display-component---newResourceUnit--PLANNING_INDICATOR","interaction":{"idSuffix":"inner"}},"wdio_ui5_key":"applicationmanageresources-display-component---newResourceUnit--PLANNING_INDICATOR"}]}
RESULT: undefined
COMMAND: POST /session/7d4ef5db813d7a6cede0ad9a34edc09c/execute/async - {"script":"<script> [776 bytes]","args":[{"enterText":"10 - infinite","selector":{"id":"application-manageresources-display-component---newResourceUnit--PLANNING_INDICATOR","interaction":{"idSuffix":"inner"}},"clearTextFirst":true,"interactionType":"ENTER_TEXT"}]}
RESULT: {"script":"<script> [776 bytes]","args":[{"enterText":"10 - infinite","selector":{"id":"application-manageresources-display-component---newResourceUnit--PLANNING_INDICATOR","interaction":{"idSuffix":"inner"}},"clearTextFirst":true,"interactionType":"ENTER_TEXT"}]}
COMMAND: POST /session/7d4ef5db813d7a6cede0ad9a34edc09c/element - {"using":"css selector","value":"#application-manageresources-display-component---newResourceUnit--btnAddTimeSegment"}
RESULT: {"using":"css selector","value":"#application-manageresources-display-component---newResourceUnit--btnAddTimeSegment"}
COMMAND: GET /session/7d4ef5db813d7a6cede0ad9a34edc09c/element/f.A871513E4156B49FEA6A1325266FBBC5.d.CB956D067771680ACE8F900FB2658BB3.e.8153/rect - {}
RESULT: {}
COMMAND: GET /session/7d4ef5db813d7a6cede0ad9a34edc09c/window/rect - {}
RESULT: {}
COMMAND: POST /session/7d4ef5db813d7a6cede0ad9a34edc09c/execute/sync - {"script":"<script> [92 bytes]","args":[]}
RESULT: {"script":"<script> [92 bytes]","args":[]}
COMMAND: POST /session/7d4ef5db813d7a6cede0ad9a34edc09c/actions - {"actions":[{"id":"action30","type":"wheel","parameters":{},"actions":[{"type":"scroll","x":-1888,"y":-32,"deltaX":0,"deltaY":0,"duration":0,"origin":{"element-6066-11e4-a52e-4f735466cecf":"f.A871513E4156B49FEA6A1325266FBBC5.d.CB956D067771680ACE8F900FB2658BB3.e.8153"}}]}]}
COMMAND: GET /session/7d4ef5db813d7a6cede0ad9a34edc09c/screenshot - {}
RESULT: {}
COMMAND: POST /session/7d4ef5db813d7a6cede0ad9a34edc09c/execute/sync - {"script":"<script> [79 bytes]","args":[{"element-6066-11e4-a52e-4f735466cecf":"f.A871513E4156B49FEA6A1325266FBBC5.d.CB956D067771680ACE8F900FB2658BB3.e.8153","ELEMENT":"f.A871513E4156B49FEA6A1325266FBBC5.d.CB956D067771680ACE8F900FB2658BB3.e.8153"},{"block":"start","inline":"nearest"}]}
RESULT: {"script":"<script> [79 bytes]","args":[{"element-6066-11e4-a52e-4f735466cecf":"f.A871513E4156B49FEA6A1325266FBBC5.d.CB956D067771680ACE8F900FB2658BB3.e.8153","ELEMENT":"f.A871513E4156B49FEA6A1325266FBBC5.d.CB956D067771680ACE8F900FB2658BB3.e.8153"},{"block":"start","inline":"nearest"}]}
COMMAND: POST /session/7d4ef5db813d7a6cede0ad9a34edc09c/execute/async - {"script":"<script> [1562 bytes]","args":[{"selector":{"id":"application-manageresources-display-component---newResourceUnit--btnAddTimeSegment","interaction":{"idSuffix":"inner"}},"wdio_ui5_key":"applicationmanageresources-display-component---newResourceUnit--btnAddTimeSegment"}]}
COMMAND: GET /session/7d4ef5db813d7a6cede0ad9a34edc09c/screenshot - {}
RESULT: {"script":"<script> [1562 bytes]","args":[{"selector":{"id":"application-manageresources-display-component---newResourceUnit--btnAddTimeSegment","interaction":{"idSuffix":"inner"}},"wdio_ui5_key":"applicationmanageresources-display-component---newResourceUnit--btnAddTimeSegment"}]}
RESULT: undefined
COMMAND: POST /session/7d4ef5db813d7a6cede0ad9a34edc09c/element - {"using":"xpath","value":"//*[@id=\"application-manageresources-display-component---newResourceUnit--btnAddTimeSegment\"]"}
RESULT: {}
RESULT: {"using":"xpath","value":"//*[@id=\"application-manageresources-display-component---newResourceUnit--btnAddTimeSegment\"]"}
COMMAND: POST /session/7d4ef5db813d7a6cede0ad9a34edc09c/element/f.A871513E4156B49FEA6A1325266FBBC5.d.CB956D067771680ACE8F900FB2658BB3.e.8153/click - {}
RESULT: {}
COMMAND: GET /session/7d4ef5db813d7a6cede0ad9a34edc09c/screenshot - {}
RESULT: {}
COMMAND: POST /session/7d4ef5db813d7a6cede0ad9a34edc09c/element - {"using":"xpath","value":"//input[@id=\"application-manageresources-display-component---newResourceUnit--idRuTSAdmin-application-manageresources-display-component---newResourceUnit--RUTimeSegment-0-inner\"]"}
RESULT: {"using":"xpath","value":"//input[@id=\"application-manageresources-display-component---newResourceUnit--idRuTSAdmin-application-manageresources-display-component---newResourceUnit--RUTimeSegment-0-inner\"]"}
COMMAND: POST /session/7d4ef5db813d7a6cede0ad9a34edc09c/element/f.A871513E4156B49FEA6A1325266FBBC5.d.CB956D067771680ACE8F900FB2658BB3.e.8158/clear - {}
RESULT: {}
COMMAND: POST /session/7d4ef5db813d7a6cede0ad9a34edc09c/element/f.A871513E4156B49FEA6A1325266FBBC5.d.CB956D067771680ACE8F900FB2658BB3.e.8158/value - {"text":"632"}
COMMAND: GET /session/7d4ef5db813d7a6cede0ad9a34edc09c/screenshot - {}
RESULT: {"text":"632"}
COMMAND: GET /session/7d4ef5db813d7a6cede0ad9a34edc09c/screenshot - {}
RESULT: {}
RESULT: {}
COMMAND: POST /session/7d4ef5db813d7a6cede0ad9a34edc09c/element - {"using":"xpath","value":"//li[.//span[text()='632']]"}
RESULT: {"using":"xpath","value":"//li[.//span[text()='632']]"}
COMMAND: POST /session/7d4ef5db813d7a6cede0ad9a34edc09c/element/f.A871513E4156B49FEA6A1325266FBBC5.d.CB956D067771680ACE8F900FB2658BB3.e.8169/click - {}
RESULT: {}
COMMAND: GET /session/7d4ef5db813d7a6cede0ad9a34edc09c/screenshot - {}
RESULT: {}
COMMAND: POST /session/7d4ef5db813d7a6cede0ad9a34edc09c/element - {"using":"xpath","value":"(//span[contains(@id, \"-application-manageresources-display-component---newResourceUnit--RUTimeSegment-0-arrow\")])[2]"}
RESULT: {"using":"xpath","value":"(//span[contains(@id, \"-application-manageresources-display-component---newResourceUnit--RUTimeSegment-0-arrow\")])[2]"}
COMMAND: POST /session/7d4ef5db813d7a6cede0ad9a34edc09c/element/f.A871513E4156B49FEA6A1325266FBBC5.d.CB956D067771680ACE8F900FB2658BB3.e.8170/click - {}
RESULT: {}
COMMAND: POST /session/7d4ef5db813d7a6cede0ad9a34edc09c/element - {"using":"xpath","value":"//span[contains(text(), \"PM Order\")]"}
COMMAND: GET /session/7d4ef5db813d7a6cede0ad9a34edc09c/screenshot - {}
RESULT: {"using":"xpath","value":"//span[contains(text(), \"PM Order\")]"}
COMMAND: POST /session/7d4ef5db813d7a6cede0ad9a34edc09c/element/f.A871513E4156B49FEA6A1325266FBBC5.d.CB956D067771680ACE8F900FB2658BB3.e.8171/click - {}
RESULT: {}
RESULT: {}
COMMAND: GET /session/7d4ef5db813d7a6cede0ad9a34edc09c/screenshot - {}
RESULT: {}
COMMAND: POST /session/7d4ef5db813d7a6cede0ad9a34edc09c/element - {"using":"xpath","value":"//td/div/div/div/span[contains(@id, \"newResourceUnit--RUTimeSegment-0-vhi\")][1]"}
RESULT: {"using":"xpath","value":"//td/div/div/div/span[contains(@id, \"newResourceUnit--RUTimeSegment-0-vhi\")][1]"}
COMMAND: GET /session/7d4ef5db813d7a6cede0ad9a34edc09c/element/f.A871513E4156B49FEA6A1325266FBBC5.d.CB956D067771680ACE8F900FB2658BB3.e.8175/rect - {}
RESULT: {}
COMMAND: GET /session/7d4ef5db813d7a6cede0ad9a34edc09c/window/rect - {}
RESULT: {}
COMMAND: POST /session/7d4ef5db813d7a6cede0ad9a34edc09c/execute/sync - {"script":"<script> [92 bytes]","args":[]}
RESULT: {"script":"<script> [92 bytes]","args":[]}
COMMAND: POST /session/7d4ef5db813d7a6cede0ad9a34edc09c/actions - {"actions":[{"id":"action31","type":"wheel","parameters":{},"actions":[{"type":"scroll","x":-1888,"y":-24,"deltaX":0,"deltaY":0,"duration":0,"origin":{"element-6066-11e4-a52e-4f735466cecf":"f.A871513E4156B49FEA6A1325266FBBC5.d.CB956D067771680ACE8F900FB2658BB3.e.8175"}}]}]}
COMMAND: GET /session/7d4ef5db813d7a6cede0ad9a34edc09c/screenshot - {}
RESULT: {}
COMMAND: POST /session/7d4ef5db813d7a6cede0ad9a34edc09c/execute/sync - {"script":"<script> [79 bytes]","args":[{"element-6066-11e4-a52e-4f735466cecf":"f.A871513E4156B49FEA6A1325266FBBC5.d.CB956D067771680ACE8F900FB2658BB3.e.8175","ELEMENT":"f.A871513E4156B49FEA6A1325266FBBC5.d.CB956D067771680ACE8F900FB2658BB3.e.8175"},{"block":"start","inline":"nearest"}]}
RESULT: {"script":"<script> [79 bytes]","args":[{"element-6066-11e4-a52e-4f735466cecf":"f.A871513E4156B49FEA6A1325266FBBC5.d.CB956D067771680ACE8F900FB2658BB3.e.8175","ELEMENT":"f.A871513E4156B49FEA6A1325266FBBC5.d.CB956D067771680ACE8F900FB2658BB3.e.8175"},{"block":"start","inline":"nearest"}]}
COMMAND: GET /session/7d4ef5db813d7a6cede0ad9a34edc09c/screenshot - {}
RESULT: {}
COMMAND: POST /session/7d4ef5db813d7a6cede0ad9a34edc09c/element/f.A871513E4156B49FEA6A1325266FBBC5.d.CB956D067771680ACE8F900FB2658BB3.e.8175/click - {}
RESULT: {}
COMMAND: GET /session/7d4ef5db813d7a6cede0ad9a34edc09c/screenshot - {}
RESULT: {}
COMMAND: POST /session/7d4ef5db813d7a6cede0ad9a34edc09c/execute/async - {"script":"<script> [1562 bytes]","args":[{"selector":{"controlType":"sap.m.SearchField","properties":{"placeholder":"Search"},"searchOpenDialogs":true,"interaction":{"idSuffix":"I"}},"wdio_ui5_key":"sapm.SearchField{\"placeholder\":\"Search\"}"}]}
RESULT: {"script":"<script> [1562 bytes]","args":[{"selector":{"controlType":"sap.m.SearchField","properties":{"placeholder":"Search"},"searchOpenDialogs":true,"interaction":{"idSuffix":"I"}},"wdio_ui5_key":"sapm.SearchField{\"placeholder\":\"Search\"}"}]}
RESULT: undefined
COMMAND: POST /session/7d4ef5db813d7a6cede0ad9a34edc09c/execute/async - {"script":"<script> [776 bytes]","args":[{"enterText":"4000360","selector":{"controlType":"sap.m.SearchField","properties":{"placeholder":"Search"},"searchOpenDialogs":true,"interaction":{"idSuffix":"I"}},"clearTextFirst":true,"interactionType":"ENTER_TEXT"}]}
RESULT: {"script":"<script> [776 bytes]","args":[{"enterText":"4000360","selector":{"controlType":"sap.m.SearchField","properties":{"placeholder":"Search"},"searchOpenDialogs":true,"interaction":{"idSuffix":"I"}},"clearTextFirst":true,"interactionType":"ENTER_TEXT"}]}
COMMAND: POST /session/7d4ef5db813d7a6cede0ad9a34edc09c/actions - {"actions":[{"id":"action32","type":"key","parameters":{},"actions":[{"type":"keyDown","value":""},{"type":"pause","duration":10},{"type":"keyUp","value":""}]}]}
RESULT: {"actions":[{"id":"action32","type":"key","parameters":{},"actions":[{"type":"keyDown","value":""},{"type":"pause","duration":10},{"type":"keyUp","value":""}]}]}
COMMAND: GET /session/7d4ef5db813d7a6cede0ad9a34edc09c/screenshot - {}
RESULT: {}
COMMAND: POST /session/7d4ef5db813d7a6cede0ad9a34edc09c/element - {"using":"xpath","value":"//td/div/span[contains(text(), \"BGL Vehicles\")]"}
RESULT: {"using":"xpath","value":"//td/div/span[contains(text(), \"BGL Vehicles\")]"}
COMMAND: POST /session/7d4ef5db813d7a6cede0ad9a34edc09c/element/f.A871513E4156B49FEA6A1325266FBBC5.d.CB956D067771680ACE8F900FB2658BB3.e.8196/click - {}
RESULT: {}
COMMAND: GET /session/7d4ef5db813d7a6cede0ad9a34edc09c/screenshot - {}
RESULT: {}
COMMAND: POST /session/7d4ef5db813d7a6cede0ad9a34edc09c/element - {"using":"xpath","value":"//bdi[contains(text(), \"OK\")]"}
RESULT: {"using":"xpath","value":"//bdi[contains(text(), \"OK\")]"}
COMMAND: POST /session/7d4ef5db813d7a6cede0ad9a34edc09c/element/f.A871513E4156B49FEA6A1325266FBBC5.d.CB956D067771680ACE8F900FB2658BB3.e.8197/click - {}
RESULT: {}
COMMAND: GET /session/7d4ef5db813d7a6cede0ad9a34edc09c/screenshot - {}
RESULT: {}
COMMAND: POST /session/7d4ef5db813d7a6cede0ad9a34edc09c/element - {"using":"xpath","value":"//label[contains(@class, 'sapMLabelRequired') and .//bdi[contains(text(), 'Planned Retirement')]]"}
RESULT: {"using":"xpath","value":"//label[contains(@class, 'sapMLabelRequired') and .//bdi[contains(text(), 'Planned Retirement')]]"}
COMMAND: POST /session/7d4ef5db813d7a6cede0ad9a34edc09c/elements - {"using":"xpath","value":"//label[contains(@class, 'sapMLabelRequired') and .//bdi[contains(text(), 'Planned Retirement')]]"}
RESULT: {"using":"xpath","value":"//label[contains(@class, 'sapMLabelRequired') and .//bdi[contains(text(), 'Planned Retirement')]]"}
COMMAND: POST /session/7d4ef5db813d7a6cede0ad9a34edc09c/element - {"using":"xpath","value":"//button[@data-kt=\"resourceUnitSaveButton\"]"}
RESULT: {"using":"xpath","value":"//button[@data-kt=\"resourceUnitSaveButton\"]"}
COMMAND: POST /session/7d4ef5db813d7a6cede0ad9a34edc09c/element/f.A871513E4156B49FEA6A1325266FBBC5.d.CB956D067771680ACE8F900FB2658BB3.e.8097/click - {}
RESULT: {}
COMMAND: GET /session/7d4ef5db813d7a6cede0ad9a34edc09c/screenshot - {}
RESULT: {}
COMMAND: POST /session/7d4ef5db813d7a6cede0ad9a34edc09c/element - {"using":"xpath","value":"//bdi[contains(text(), \"Close\")]"}
RESULT: {"using":"xpath","value":"//bdi[contains(text(), \"Close\")]"}
COMMAND: POST /session/7d4ef5db813d7a6cede0ad9a34edc09c/element/f.A871513E4156B49FEA6A1325266FBBC5.d.CB956D067771680ACE8F900FB2658BB3.e.8204/click - {}
RESULT: {}
COMMAND: GET /session/7d4ef5db813d7a6cede0ad9a34edc09c/screenshot - {}
RESULT: {}
COMMAND: POST /session/7d4ef5db813d7a6cede0ad9a34edc09c/element - {"using":"xpath","value":"//header[contains(@id, 'detailRruPage-headerTitle')]/div[1]/div[2]/div[2]/span[1]"}
RESULT: {"using":"xpath","value":"//header[contains(@id, 'detailRruPage-headerTitle')]/div[1]/div[2]/div[2]/span[1]"}
COMMAND: POST /session/7d4ef5db813d7a6cede0ad9a34edc09c/elements - {"using":"xpath","value":"//header[contains(@id, 'detailRruPage-headerTitle')]/div[1]/div[2]/div[2]/span[1]"}
RESULT: {"using":"xpath","value":"//header[contains(@id, 'detailRruPage-headerTitle')]/div[1]/div[2]/div[2]/span[1]"}
COMMAND: POST /session/7d4ef5db813d7a6cede0ad9a34edc09c/execute/sync - {"script":"<script> [56 bytes]","args":[{"element-6066-11e4-a52e-4f735466cecf":"f.A871513E4156B49FEA6A1325266FBBC5.d.CB956D067771680ACE8F900FB2658BB3.e.8232","ELEMENT":"f.A871513E4156B49FEA6A1325266FBBC5.d.CB956D067771680ACE8F900FB2658BB3.e.8232"}]}
RESULT: {"script":"<script> [56 bytes]","args":[{"element-6066-11e4-a52e-4f735466cecf":"f.A871513E4156B49FEA6A1325266FBBC5.d.CB956D067771680ACE8F900FB2658BB3.e.8232","ELEMENT":"f.A871513E4156B49FEA6A1325266FBBC5.d.CB956D067771680ACE8F900FB2658BB3.e.8232"}]}
COMMAND: POST /session/7d4ef5db813d7a6cede0ad9a34edc09c/element - {"using":"css selector","value":"#shell-header-logo"}
COMMAND: GET /session/7d4ef5db813d7a6cede0ad9a34edc09c/screenshot - {}
RESULT: {"using":"css selector","value":"#shell-header-logo"}
COMMAND: POST /session/7d4ef5db813d7a6cede0ad9a34edc09c/element/f.A871513E4156B49FEA6A1325266FBBC5.d.CB956D067771680ACE8F900FB2658BB3.e.7754/click - {}
RESULT: {}
RESULT: {}
COMMAND: GET /session/7d4ef5db813d7a6cede0ad9a34edc09c/screenshot - {}
RESULT: {}
]]></system-out>
    </testcase>
    <testcase classname="chrome.136_0_7103_93.windows.Provide_to_Site_w/_warehouse_management_w/o_clarification_US113782_" name="Bin Status Report Should Create New Organization yard" time="0.006"/>
    <testcase classname="chrome.136_0_7103_93.windows.Provide_to_Site_w/_warehouse_management_w/o_clarification_US113782_" name="Bin Status Report Should Create New Organization for Site" time="0.004"/>
  </testsuite>
  <testsuite timestamp="2025-05-21T16:44:15" time="417.252" tests="5" failures="0" errors="0" skipped="0">
    <properties>
      <property name="specId" value="0"/>
      <property name="suiteName" value="Provide to Site w/ warehouse management wo clarification"/>
      <property name="capabilities" value="chrome.136_0_7103_93.windows"/>
      <property name="file" value="file:///D:/a/1/s/test/specs/HTR/provide-to-site-w-warehouse-wo-clarification.spec.js"/>
    </properties>
    <testcase classname="chrome.136_0_7103_93.windows.Provide_to_Site_w/_warehouse_management_wo_clarification" name="Should do a stock increase handover" time="90.565">
      <system-out><![CDATA[
COMMAND: POST /session/7d4ef5db813d7a6cede0ad9a34edc09c/execute/async - {"script":"<script> [1562 bytes]","args":[{"selector":{"controlType":"sap.m.GenericTile","properties":{"header":"Manage Handovers"}},"wdio_ui5_key":"sapm.GenericTile{\"header\":\"Manage Handovers\"}"}]}
RESULT: {"script":"<script> [1562 bytes]","args":[{"selector":{"controlType":"sap.m.GenericTile","properties":{"header":"Manage Handovers"}},"wdio_ui5_key":"sapm.GenericTile{\"header\":\"Manage Handovers\"}"}]}
RESULT: undefined
COMMAND: POST /session/7d4ef5db813d7a6cede0ad9a34edc09c/element - {"using":"xpath","value":"//*[@id=\"__tile133\"]"}
RESULT: {"using":"xpath","value":"//*[@id=\"__tile133\"]"}
COMMAND: POST /session/7d4ef5db813d7a6cede0ad9a34edc09c/element/f.A871513E4156B49FEA6A1325266FBBC5.d.CB956D067771680ACE8F900FB2658BB3.e.7807/click - {}
RESULT: {}
COMMAND: GET /session/7d4ef5db813d7a6cede0ad9a34edc09c/screenshot - {}
RESULT: {}
COMMAND: POST /session/7d4ef5db813d7a6cede0ad9a34edc09c/elements - {"using":"xpath","value":"//span[text()='Error']"}
RESULT: {"using":"xpath","value":"//span[text()='Error']"}
COMMAND: POST /session/7d4ef5db813d7a6cede0ad9a34edc09c/element - {"using":"xpath","value":"//button[@data-kt=\"masterHOAddButton\"]"}
RESULT: {"using":"xpath","value":"//button[@data-kt=\"masterHOAddButton\"]"}
COMMAND: POST /session/7d4ef5db813d7a6cede0ad9a34edc09c/elements - {"using":"xpath","value":"//button[@data-kt=\"masterHOAddButton\"]"}
RESULT: {"using":"xpath","value":"//button[@data-kt=\"masterHOAddButton\"]"}
COMMAND: POST /session/7d4ef5db813d7a6cede0ad9a34edc09c/execute/sync - {"script":"<script> [8489 bytes]","args":[{"element-6066-11e4-a52e-4f735466cecf":"f.A871513E4156B49FEA6A1325266FBBC5.d.CB956D067771680ACE8F900FB2658BB3.e.8268","ELEMENT":"f.A871513E4156B49FEA6A1325266FBBC5.d.CB956D067771680ACE8F900FB2658BB3.e.8268"}]}
RESULT: {"script":"<script> [8489 bytes]","args":[{"element-6066-11e4-a52e-4f735466cecf":"f.A871513E4156B49FEA6A1325266FBBC5.d.CB956D067771680ACE8F900FB2658BB3.e.8268","ELEMENT":"f.A871513E4156B49FEA6A1325266FBBC5.d.CB956D067771680ACE8F900FB2658BB3.e.8268"}]}
COMMAND: GET /session/7d4ef5db813d7a6cede0ad9a34edc09c/element/f.A871513E4156B49FEA6A1325266FBBC5.d.CB956D067771680ACE8F900FB2658BB3.e.8268/enabled - {}
COMMAND: GET /session/7d4ef5db813d7a6cede0ad9a34edc09c/screenshot - {}
RESULT: {}
COMMAND: POST /session/7d4ef5db813d7a6cede0ad9a34edc09c/execute/sync - {"script":"<script> [8489 bytes]","args":[{"element-6066-11e4-a52e-4f735466cecf":"f.A871513E4156B49FEA6A1325266FBBC5.d.CB956D067771680ACE8F900FB2658BB3.e.8268","ELEMENT":"f.A871513E4156B49FEA6A1325266FBBC5.d.CB956D067771680ACE8F900FB2658BB3.e.8268"}]}
COMMAND: GET /session/7d4ef5db813d7a6cede0ad9a34edc09c/screenshot - {}
RESULT: {}
RESULT: {"script":"<script> [8489 bytes]","args":[{"element-6066-11e4-a52e-4f735466cecf":"f.A871513E4156B49FEA6A1325266FBBC5.d.CB956D067771680ACE8F900FB2658BB3.e.8268","ELEMENT":"f.A871513E4156B49FEA6A1325266FBBC5.d.CB956D067771680ACE8F900FB2658BB3.e.8268"}]}
COMMAND: POST /session/7d4ef5db813d7a6cede0ad9a34edc09c/execute/sync - {"script":"<script> [5351 bytes]","args":[{"element-6066-11e4-a52e-4f735466cecf":"f.A871513E4156B49FEA6A1325266FBBC5.d.CB956D067771680ACE8F900FB2658BB3.e.8268","ELEMENT":"f.A871513E4156B49FEA6A1325266FBBC5.d.CB956D067771680ACE8F900FB2658BB3.e.8268"}]}
COMMAND: GET /session/7d4ef5db813d7a6cede0ad9a34edc09c/screenshot - {}
RESULT: {}
RESULT: {"script":"<script> [5351 bytes]","args":[{"element-6066-11e4-a52e-4f735466cecf":"f.A871513E4156B49FEA6A1325266FBBC5.d.CB956D067771680ACE8F900FB2658BB3.e.8268","ELEMENT":"f.A871513E4156B49FEA6A1325266FBBC5.d.CB956D067771680ACE8F900FB2658BB3.e.8268"}]}
COMMAND: POST /session/7d4ef5db813d7a6cede0ad9a34edc09c/element/f.A871513E4156B49FEA6A1325266FBBC5.d.CB956D067771680ACE8F900FB2658BB3.e.8268/click - {}
COMMAND: GET /session/7d4ef5db813d7a6cede0ad9a34edc09c/screenshot - {}
RESULT: {}
RESULT: {}
COMMAND: GET /session/7d4ef5db813d7a6cede0ad9a34edc09c/screenshot - {}
COMMAND: POST /session/7d4ef5db813d7a6cede0ad9a34edc09c/element - {"using":"xpath","value":"//span[contains(@id ,\"AddNewHO--typeSelect-arrow\")]"}
RESULT: {}
RESULT: {}
RESULT: {"using":"xpath","value":"//span[contains(@id ,\"AddNewHO--typeSelect-arrow\")]"}
COMMAND: POST /session/7d4ef5db813d7a6cede0ad9a34edc09c/element/f.A871513E4156B49FEA6A1325266FBBC5.d.CB956D067771680ACE8F900FB2658BB3.e.8631/click - {}
RESULT: {}
COMMAND: GET /session/7d4ef5db813d7a6cede0ad9a34edc09c/screenshot - {}
RESULT: {}
COMMAND: POST /session/7d4ef5db813d7a6cede0ad9a34edc09c/element - {"using":"xpath","value":"(//li[contains(text(), \"stock increase yard\")])[1]"}
RESULT: {"using":"xpath","value":"(//li[contains(text(), \"stock increase yard\")])[1]"}
COMMAND: POST /session/7d4ef5db813d7a6cede0ad9a34edc09c/element/f.A871513E4156B49FEA6A1325266FBBC5.d.CB956D067771680ACE8F900FB2658BB3.e.8632/click - {}
RESULT: {}
COMMAND: GET /session/7d4ef5db813d7a6cede0ad9a34edc09c/screenshot - {}
RESULT: {}
COMMAND: POST /session/7d4ef5db813d7a6cede0ad9a34edc09c/execute/async - {"script":"<script> [1562 bytes]","args":[{"selector":{"id":"application-managehandovers-display-component---AddNewHO--dueDate","interaction":{"idSuffix":"inner"}},"wdio_ui5_key":"applicationmanagehandovers-display-component---AddNewHO--dueDate"}]}
RESULT: {"script":"<script> [1562 bytes]","args":[{"selector":{"id":"application-managehandovers-display-component---AddNewHO--dueDate","interaction":{"idSuffix":"inner"}},"wdio_ui5_key":"applicationmanagehandovers-display-component---AddNewHO--dueDate"}]}
RESULT: undefined
COMMAND: POST /session/7d4ef5db813d7a6cede0ad9a34edc09c/execute/async - {"script":"<script> [6424 bytes]","args":[{"element-6066-11e4-a52e-4f735466cecf":"f.A871513E4156B49FEA6A1325266FBBC5.d.CB956D067771680ACE8F900FB2658BB3.e.8634"},"setValue",["5/21/25"]]}
RESULT: {"script":"<script> [6424 bytes]","args":[{"element-6066-11e4-a52e-4f735466cecf":"f.A871513E4156B49FEA6A1325266FBBC5.d.CB956D067771680ACE8F900FB2658BB3.e.8634"},"setValue",["5/21/25"]]}
COMMAND: POST /session/7d4ef5db813d7a6cede0ad9a34edc09c/element - {"using":"xpath","value":"//input[@id=\"generalSectionFrg--receiveYard-inner\"]"}
RESULT: {"using":"xpath","value":"//input[@id=\"generalSectionFrg--receiveYard-inner\"]"}
COMMAND: POST /session/7d4ef5db813d7a6cede0ad9a34edc09c/element/f.A871513E4156B49FEA6A1325266FBBC5.d.CB956D067771680ACE8F900FB2658BB3.e.8638/clear - {}
RESULT: {}
COMMAND: POST /session/7d4ef5db813d7a6cede0ad9a34edc09c/element/f.A871513E4156B49FEA6A1325266FBBC5.d.CB956D067771680ACE8F900FB2658BB3.e.8638/value - {"text":"632"}
COMMAND: GET /session/7d4ef5db813d7a6cede0ad9a34edc09c/screenshot - {}
RESULT: {"text":"632"}
COMMAND: GET /session/7d4ef5db813d7a6cede0ad9a34edc09c/screenshot - {}
RESULT: {}
RESULT: {}
COMMAND: POST /session/7d4ef5db813d7a6cede0ad9a34edc09c/element - {"using":"xpath","value":"//li[.//span[text()='632']]"}
RESULT: {"using":"xpath","value":"//li[.//span[text()='632']]"}
COMMAND: POST /session/7d4ef5db813d7a6cede0ad9a34edc09c/element/f.A871513E4156B49FEA6A1325266FBBC5.d.CB956D067771680ACE8F900FB2658BB3.e.8656/click - {}
RESULT: {}
COMMAND: GET /session/7d4ef5db813d7a6cede0ad9a34edc09c/screenshot - {}
RESULT: {}
COMMAND: POST /session/7d4ef5db813d7a6cede0ad9a34edc09c/execute/async - {"script":"<script> [1562 bytes]","args":[{"selector":{"id":"application-managehandovers-display-component---AddNewHO--ObjectPageLayout-anchBar-application-managehandovers-display-component---AddNewHO--section4-anchor","interaction":{"idSuffix":"BDI-content"}},"wdio_ui5_key":"applicationmanagehandovers-display-component---AddNewHO--ObjectPageLayout-anchBar-application-managehandovers-display-component---AddNewHO--section4-anchor"}]}
RESULT: {"script":"<script> [1562 bytes]","args":[{"selector":{"id":"application-managehandovers-display-component---AddNewHO--ObjectPageLayout-anchBar-application-managehandovers-display-component---AddNewHO--section4-anchor","interaction":{"idSuffix":"BDI-content"}},"wdio_ui5_key":"applicationmanagehandovers-display-component---AddNewHO--ObjectPageLayout-anchBar-application-managehandovers-display-component---AddNewHO--section4-anchor"}]}
RESULT: undefined
COMMAND: POST /session/7d4ef5db813d7a6cede0ad9a34edc09c/element - {"using":"xpath","value":"//*[@id=\"application-managehandovers-display-component---AddNewHO--ObjectPageLayout-anchBar-application-managehandovers-display-component---AddNewHO--section4-anchor\"]"}
RESULT: {"using":"xpath","value":"//*[@id=\"application-managehandovers-display-component---AddNewHO--ObjectPageLayout-anchBar-application-managehandovers-display-component---AddNewHO--section4-anchor\"]"}
COMMAND: POST /session/7d4ef5db813d7a6cede0ad9a34edc09c/element/f.A871513E4156B49FEA6A1325266FBBC5.d.CB956D067771680ACE8F900FB2658BB3.e.8658/click - {}
RESULT: {}
COMMAND: POST /session/7d4ef5db813d7a6cede0ad9a34edc09c/element - {"using":"xpath","value":"//button[@aria-label=\"Add\"]"}
COMMAND: GET /session/7d4ef5db813d7a6cede0ad9a34edc09c/screenshot - {}
RESULT: {"using":"xpath","value":"//button[@aria-label=\"Add\"]"}
COMMAND: POST /session/7d4ef5db813d7a6cede0ad9a34edc09c/element/f.A871513E4156B49FEA6A1325266FBBC5.d.CB956D067771680ACE8F900FB2658BB3.e.8660/click - {}
RESULT: {}
RESULT: {}
COMMAND: GET /session/7d4ef5db813d7a6cede0ad9a34edc09c/screenshot - {}
RESULT: {}
COMMAND: POST /session/7d4ef5db813d7a6cede0ad9a34edc09c/execute/async - {"script":"<script> [1562 bytes]","args":[{"selector":{"id":"application-managehandovers-display-component---AddNewHO--smartFilterBar-btnBasicSearch","searchOpenDialogs":true,"interaction":{"idSuffix":"I"}},"wdio_ui5_key":"applicationmanagehandovers-display-component---AddNewHO--smartFilterBar-btnBasicSearch"}]}
RESULT: {"script":"<script> [1562 bytes]","args":[{"selector":{"id":"application-managehandovers-display-component---AddNewHO--smartFilterBar-btnBasicSearch","searchOpenDialogs":true,"interaction":{"idSuffix":"I"}},"wdio_ui5_key":"applicationmanagehandovers-display-component---AddNewHO--smartFilterBar-btnBasicSearch"}]}
RESULT: undefined
COMMAND: POST /session/7d4ef5db813d7a6cede0ad9a34edc09c/execute/async - {"script":"<script> [776 bytes]","args":[{"enterText":"200380","selector":{"id":"application-managehandovers-display-component---AddNewHO--smartFilterBar-btnBasicSearch","searchOpenDialogs":true,"interaction":{"idSuffix":"I"}},"clearTextFirst":true,"interactionType":"ENTER_TEXT"}]}
RESULT: {"script":"<script> [776 bytes]","args":[{"enterText":"200380","selector":{"id":"application-managehandovers-display-component---AddNewHO--smartFilterBar-btnBasicSearch","searchOpenDialogs":true,"interaction":{"idSuffix":"I"}},"clearTextFirst":true,"interactionType":"ENTER_TEXT"}]}
COMMAND: POST /session/7d4ef5db813d7a6cede0ad9a34edc09c/actions - {"actions":[{"id":"action33","type":"key","parameters":{},"actions":[{"type":"keyDown","value":""},{"type":"pause","duration":10},{"type":"keyUp","value":""}]}]}
RESULT: {"actions":[{"id":"action33","type":"key","parameters":{},"actions":[{"type":"keyDown","value":""},{"type":"pause","duration":10},{"type":"keyUp","value":""}]}]}
COMMAND: GET /session/7d4ef5db813d7a6cede0ad9a34edc09c/screenshot - {}
RESULT: {}
COMMAND: POST /session/7d4ef5db813d7a6cede0ad9a34edc09c/execute/async - {"script":"<script> [1562 bytes]","args":[{"selector":{"id":"application-managehandovers-display-component---AddNewHO--popup-sa","searchOpenDialogs":true,"interaction":{"idSuffix":"CbBg"}},"wdio_ui5_key":"applicationmanagehandovers-display-component---AddNewHO--popup-sa"}]}
RESULT: {"script":"<script> [1562 bytes]","args":[{"selector":{"id":"application-managehandovers-display-component---AddNewHO--popup-sa","searchOpenDialogs":true,"interaction":{"idSuffix":"CbBg"}},"wdio_ui5_key":"applicationmanagehandovers-display-component---AddNewHO--popup-sa"}]}
RESULT: undefined
COMMAND: POST /session/7d4ef5db813d7a6cede0ad9a34edc09c/element - {"using":"xpath","value":"//*[@id=\"application-managehandovers-display-component---AddNewHO--popup-sa\"]"}
RESULT: {"using":"xpath","value":"//*[@id=\"application-managehandovers-display-component---AddNewHO--popup-sa\"]"}
COMMAND: POST /session/7d4ef5db813d7a6cede0ad9a34edc09c/element/f.A871513E4156B49FEA6A1325266FBBC5.d.CB956D067771680ACE8F900FB2658BB3.e.8813/click - {}
RESULT: {}
COMMAND: GET /session/7d4ef5db813d7a6cede0ad9a34edc09c/screenshot - {}
RESULT: {}
COMMAND: POST /session/7d4ef5db813d7a6cede0ad9a34edc09c/element - {"using":"xpath","value":"//bdi[contains(text(), \"Select\")]"}
RESULT: {"using":"xpath","value":"//bdi[contains(text(), \"Select\")]"}
COMMAND: POST /session/7d4ef5db813d7a6cede0ad9a34edc09c/element/f.A871513E4156B49FEA6A1325266FBBC5.d.CB956D067771680ACE8F900FB2658BB3.e.8814/click - {}
RESULT: {}
COMMAND: GET /session/7d4ef5db813d7a6cede0ad9a34edc09c/screenshot - {}
RESULT: {}
COMMAND: POST /session/7d4ef5db813d7a6cede0ad9a34edc09c/element - {"using":"xpath","value":"//button[@data-kt=\"AddNewHOSaveButton\"]"}
RESULT: {"using":"xpath","value":"//button[@data-kt=\"AddNewHOSaveButton\"]"}
COMMAND: POST /session/7d4ef5db813d7a6cede0ad9a34edc09c/element/f.A871513E4156B49FEA6A1325266FBBC5.d.CB956D067771680ACE8F900FB2658BB3.e.8818/click - {}
RESULT: {}
COMMAND: GET /session/7d4ef5db813d7a6cede0ad9a34edc09c/screenshot - {}
RESULT: {}
COMMAND: POST /session/7d4ef5db813d7a6cede0ad9a34edc09c/execute/async - {"script":"<script> [1562 bytes]","args":[{"selector":{"id":"receiptDatePicker","viewName":"etm.portal.ui.managehandovers.view.DetailExecuteHO","interaction":{"idSuffix":"inner"}},"wdio_ui5_key":"receiptDatePickeretmportal.ui.managehandovers.view.DetailExecuteHO"}]}
RESULT: {"script":"<script> [1562 bytes]","args":[{"selector":{"id":"receiptDatePicker","viewName":"etm.portal.ui.managehandovers.view.DetailExecuteHO","interaction":{"idSuffix":"inner"}},"wdio_ui5_key":"receiptDatePickeretmportal.ui.managehandovers.view.DetailExecuteHO"}]}
RESULT: undefined
COMMAND: POST /session/7d4ef5db813d7a6cede0ad9a34edc09c/execute/async - {"script":"<script> [6424 bytes]","args":[{"element-6066-11e4-a52e-4f735466cecf":"f.A871513E4156B49FEA6A1325266FBBC5.d.CB956D067771680ACE8F900FB2658BB3.e.8854"},"setValue",["5/21/25"]]}
RESULT: {"script":"<script> [6424 bytes]","args":[{"element-6066-11e4-a52e-4f735466cecf":"f.A871513E4156B49FEA6A1325266FBBC5.d.CB956D067771680ACE8F900FB2658BB3.e.8854"},"setValue",["5/21/25"]]}
COMMAND: POST /session/7d4ef5db813d7a6cede0ad9a34edc09c/element - {"using":"xpath","value":"//button[@data-kt=\"PickingTableConfirmAllButton\"]"}
RESULT: {"using":"xpath","value":"//button[@data-kt=\"PickingTableConfirmAllButton\"]"}
COMMAND: POST /session/7d4ef5db813d7a6cede0ad9a34edc09c/element/f.A871513E4156B49FEA6A1325266FBBC5.d.CB956D067771680ACE8F900FB2658BB3.e.8870/click - {}
RESULT: {}
COMMAND: GET /session/7d4ef5db813d7a6cede0ad9a34edc09c/screenshot - {}
RESULT: {}
COMMAND: POST /session/7d4ef5db813d7a6cede0ad9a34edc09c/element - {"using":"xpath","value":"//bdi[contains(text(), \"OK\")]"}
RESULT: {"using":"xpath","value":"//bdi[contains(text(), \"OK\")]"}
COMMAND: POST /session/7d4ef5db813d7a6cede0ad9a34edc09c/element/f.A871513E4156B49FEA6A1325266FBBC5.d.CB956D067771680ACE8F900FB2658BB3.e.8872/click - {}
RESULT: {}
COMMAND: GET /session/7d4ef5db813d7a6cede0ad9a34edc09c/screenshot - {}
RESULT: {}
COMMAND: POST /session/7d4ef5db813d7a6cede0ad9a34edc09c/element - {"using":"xpath","value":"(//bdi[contains(text(), \"Receive\")])[2]"}
RESULT: {"using":"xpath","value":"(//bdi[contains(text(), \"Receive\")])[2]"}
COMMAND: POST /session/7d4ef5db813d7a6cede0ad9a34edc09c/element/f.A871513E4156B49FEA6A1325266FBBC5.d.CB956D067771680ACE8F900FB2658BB3.e.8874/click - {}
RESULT: {}
COMMAND: GET /session/7d4ef5db813d7a6cede0ad9a34edc09c/screenshot - {}
RESULT: {}
COMMAND: POST /session/7d4ef5db813d7a6cede0ad9a34edc09c/element - {"using":"css selector","value":"#shell-header-logo"}
RESULT: {"using":"css selector","value":"#shell-header-logo"}
COMMAND: POST /session/7d4ef5db813d7a6cede0ad9a34edc09c/element/f.A871513E4156B49FEA6A1325266FBBC5.d.CB956D067771680ACE8F900FB2658BB3.e.8235/click - {}
RESULT: {}
COMMAND: GET /session/7d4ef5db813d7a6cede0ad9a34edc09c/screenshot - {}
RESULT: {}
]]></system-out>
    </testcase>
    <testcase classname="chrome.136_0_7103_93.windows.Provide_to_Site_w/_warehouse_management_wo_clarification" name="Should create a new contract" time="62.856">
      <system-out><![CDATA[
COMMAND: POST /session/7d4ef5db813d7a6cede0ad9a34edc09c/execute/async - {"script":"<script> [1562 bytes]","args":[{"selector":{"controlType":"sap.m.GenericTile","properties":{"header":"Manage Contracts"}},"wdio_ui5_key":"sapm.GenericTile{\"header\":\"Manage Contracts\"}"}]}
RESULT: {"script":"<script> [1562 bytes]","args":[{"selector":{"controlType":"sap.m.GenericTile","properties":{"header":"Manage Contracts"}},"wdio_ui5_key":"sapm.GenericTile{\"header\":\"Manage Contracts\"}"}]}
RESULT: undefined
COMMAND: POST /session/7d4ef5db813d7a6cede0ad9a34edc09c/element - {"using":"xpath","value":"//*[@id=\"__tile130\"]"}
RESULT: {"using":"xpath","value":"//*[@id=\"__tile130\"]"}
COMMAND: POST /session/7d4ef5db813d7a6cede0ad9a34edc09c/element/f.A871513E4156B49FEA6A1325266FBBC5.d.CB956D067771680ACE8F900FB2658BB3.e.7796/click - {}
RESULT: {}
COMMAND: GET /session/7d4ef5db813d7a6cede0ad9a34edc09c/screenshot - {}
RESULT: {}
COMMAND: POST /session/7d4ef5db813d7a6cede0ad9a34edc09c/elements - {"using":"xpath","value":"//span[text()='Error']"}
RESULT: {"using":"xpath","value":"//span[text()='Error']"}
COMMAND: POST /session/7d4ef5db813d7a6cede0ad9a34edc09c/element - {"using":"xpath","value":"//button[@data-kt=\"addButton\"]"}
RESULT: {"using":"xpath","value":"//button[@data-kt=\"addButton\"]"}
COMMAND: POST /session/7d4ef5db813d7a6cede0ad9a34edc09c/elements - {"using":"xpath","value":"//button[@data-kt=\"addButton\"]"}
RESULT: {"using":"xpath","value":"//button[@data-kt=\"addButton\"]"}
COMMAND: POST /session/7d4ef5db813d7a6cede0ad9a34edc09c/execute/sync - {"script":"<script> [8489 bytes]","args":[{"element-6066-11e4-a52e-4f735466cecf":"f.A871513E4156B49FEA6A1325266FBBC5.d.CB956D067771680ACE8F900FB2658BB3.e.9095","ELEMENT":"f.A871513E4156B49FEA6A1325266FBBC5.d.CB956D067771680ACE8F900FB2658BB3.e.9095"}]}
RESULT: {"script":"<script> [8489 bytes]","args":[{"element-6066-11e4-a52e-4f735466cecf":"f.A871513E4156B49FEA6A1325266FBBC5.d.CB956D067771680ACE8F900FB2658BB3.e.9095","ELEMENT":"f.A871513E4156B49FEA6A1325266FBBC5.d.CB956D067771680ACE8F900FB2658BB3.e.9095"}]}
COMMAND: GET /session/7d4ef5db813d7a6cede0ad9a34edc09c/element/f.A871513E4156B49FEA6A1325266FBBC5.d.CB956D067771680ACE8F900FB2658BB3.e.9095/enabled - {}
COMMAND: GET /session/7d4ef5db813d7a6cede0ad9a34edc09c/screenshot - {}
RESULT: {}
COMMAND: POST /session/7d4ef5db813d7a6cede0ad9a34edc09c/execute/sync - {"script":"<script> [8489 bytes]","args":[{"element-6066-11e4-a52e-4f735466cecf":"f.A871513E4156B49FEA6A1325266FBBC5.d.CB956D067771680ACE8F900FB2658BB3.e.9095","ELEMENT":"f.A871513E4156B49FEA6A1325266FBBC5.d.CB956D067771680ACE8F900FB2658BB3.e.9095"}]}
COMMAND: GET /session/7d4ef5db813d7a6cede0ad9a34edc09c/screenshot - {}
RESULT: {}
RESULT: {"script":"<script> [8489 bytes]","args":[{"element-6066-11e4-a52e-4f735466cecf":"f.A871513E4156B49FEA6A1325266FBBC5.d.CB956D067771680ACE8F900FB2658BB3.e.9095","ELEMENT":"f.A871513E4156B49FEA6A1325266FBBC5.d.CB956D067771680ACE8F900FB2658BB3.e.9095"}]}
COMMAND: POST /session/7d4ef5db813d7a6cede0ad9a34edc09c/execute/sync - {"script":"<script> [5351 bytes]","args":[{"element-6066-11e4-a52e-4f735466cecf":"f.A871513E4156B49FEA6A1325266FBBC5.d.CB956D067771680ACE8F900FB2658BB3.e.9095","ELEMENT":"f.A871513E4156B49FEA6A1325266FBBC5.d.CB956D067771680ACE8F900FB2658BB3.e.9095"}]}
COMMAND: GET /session/7d4ef5db813d7a6cede0ad9a34edc09c/screenshot - {}
RESULT: {}
RESULT: {"script":"<script> [5351 bytes]","args":[{"element-6066-11e4-a52e-4f735466cecf":"f.A871513E4156B49FEA6A1325266FBBC5.d.CB956D067771680ACE8F900FB2658BB3.e.9095","ELEMENT":"f.A871513E4156B49FEA6A1325266FBBC5.d.CB956D067771680ACE8F900FB2658BB3.e.9095"}]}
COMMAND: GET /session/7d4ef5db813d7a6cede0ad9a34edc09c/screenshot - {}
RESULT: {}
RESULT: {}
COMMAND: POST /session/7d4ef5db813d7a6cede0ad9a34edc09c/element/f.A871513E4156B49FEA6A1325266FBBC5.d.CB956D067771680ACE8F900FB2658BB3.e.9095/click - {}
RESULT: {}
COMMAND: GET /session/7d4ef5db813d7a6cede0ad9a34edc09c/screenshot - {}
COMMAND: POST /session/7d4ef5db813d7a6cede0ad9a34edc09c/execute/async - {"script":"<script> [1562 bytes]","args":[{"selector":{"id":"application-managecontracts-display-component---AddNewContract--projectDescription","interaction":{"idSuffix":"inner"}},"wdio_ui5_key":"applicationmanagecontracts-display-component---AddNewContract--projectDescription"}]}
RESULT: {}
RESULT: {"script":"<script> [1562 bytes]","args":[{"selector":{"id":"application-managecontracts-display-component---AddNewContract--projectDescription","interaction":{"idSuffix":"inner"}},"wdio_ui5_key":"applicationmanagecontracts-display-component---AddNewContract--projectDescription"}]}
RESULT: undefined
COMMAND: POST /session/7d4ef5db813d7a6cede0ad9a34edc09c/execute/async - {"script":"<script> [776 bytes]","args":[{"enterText":"Contract WDIO","selector":{"id":"application-managecontracts-display-component---AddNewContract--projectDescription","interaction":{"idSuffix":"inner"}},"clearTextFirst":true,"interactionType":"ENTER_TEXT"}]}
RESULT: {"script":"<script> [776 bytes]","args":[{"enterText":"Contract WDIO","selector":{"id":"application-managecontracts-display-component---AddNewContract--projectDescription","interaction":{"idSuffix":"inner"}},"clearTextFirst":true,"interactionType":"ENTER_TEXT"}]}
COMMAND: POST /session/7d4ef5db813d7a6cede0ad9a34edc09c/element - {"using":"xpath","value":"//input[@id=\"application-managecontracts-display-component---AddNewContract--site-inner\"]"}
RESULT: {"using":"xpath","value":"//input[@id=\"application-managecontracts-display-component---AddNewContract--site-inner\"]"}
COMMAND: POST /session/7d4ef5db813d7a6cede0ad9a34edc09c/element/f.A871513E4156B49FEA6A1325266FBBC5.d.CB956D067771680ACE8F900FB2658BB3.e.9450/clear - {}
RESULT: {}
COMMAND: POST /session/7d4ef5db813d7a6cede0ad9a34edc09c/element/f.A871513E4156B49FEA6A1325266FBBC5.d.CB956D067771680ACE8F900FB2658BB3.e.9450/value - {"text":"2335"}
COMMAND: GET /session/7d4ef5db813d7a6cede0ad9a34edc09c/screenshot - {}
RESULT: {"text":"2335"}
COMMAND: GET /session/7d4ef5db813d7a6cede0ad9a34edc09c/screenshot - {}
RESULT: {}
RESULT: {}
COMMAND: POST /session/7d4ef5db813d7a6cede0ad9a34edc09c/element - {"using":"xpath","value":"//li[.//span[text()='2335']]"}
RESULT: {"using":"xpath","value":"//li[.//span[text()='2335']]"}
COMMAND: POST /session/7d4ef5db813d7a6cede0ad9a34edc09c/element/f.A871513E4156B49FEA6A1325266FBBC5.d.CB956D067771680ACE8F900FB2658BB3.e.9479/click - {}
RESULT: {}
COMMAND: GET /session/7d4ef5db813d7a6cede0ad9a34edc09c/screenshot - {}
RESULT: {}
COMMAND: POST /session/7d4ef5db813d7a6cede0ad9a34edc09c/element - {"using":"xpath","value":"//input[@id=\"application-managecontracts-display-component---AddNewContract--yardId-inner\"]"}
RESULT: {"using":"xpath","value":"//input[@id=\"application-managecontracts-display-component---AddNewContract--yardId-inner\"]"}
COMMAND: GET /session/7d4ef5db813d7a6cede0ad9a34edc09c/element/f.A871513E4156B49FEA6A1325266FBBC5.d.CB956D067771680ACE8F900FB2658BB3.e.9451/property/value - {}
RESULT: {}
COMMAND: POST /session/7d4ef5db813d7a6cede0ad9a34edc09c/element - {"using":"xpath","value":"//input[@id=\"application-managecontracts-display-component---AddNewContract--customerSelect-inner\"]"}
COMMAND: GET /session/7d4ef5db813d7a6cede0ad9a34edc09c/screenshot - {}
RESULT: {"using":"xpath","value":"//input[@id=\"application-managecontracts-display-component---AddNewContract--customerSelect-inner\"]"}
COMMAND: POST /session/7d4ef5db813d7a6cede0ad9a34edc09c/element/f.A871513E4156B49FEA6A1325266FBBC5.d.CB956D067771680ACE8F900FB2658BB3.e.9449/clear - {}
RESULT: {}
RESULT: {}
COMMAND: POST /session/7d4ef5db813d7a6cede0ad9a34edc09c/element/f.A871513E4156B49FEA6A1325266FBBC5.d.CB956D067771680ACE8F900FB2658BB3.e.9449/value - {"text":"1400"}
COMMAND: GET /session/7d4ef5db813d7a6cede0ad9a34edc09c/screenshot - {}
RESULT: {"text":"1400"}
COMMAND: GET /session/7d4ef5db813d7a6cede0ad9a34edc09c/screenshot - {}
RESULT: {}
RESULT: {}
COMMAND: POST /session/7d4ef5db813d7a6cede0ad9a34edc09c/element - {"using":"xpath","value":"//li[.//span[text()='1400']]"}
RESULT: {"using":"xpath","value":"//li[.//span[text()='1400']]"}
COMMAND: POST /session/7d4ef5db813d7a6cede0ad9a34edc09c/element/f.A871513E4156B49FEA6A1325266FBBC5.d.CB956D067771680ACE8F900FB2658BB3.e.9482/click - {}
RESULT: {}
COMMAND: GET /session/7d4ef5db813d7a6cede0ad9a34edc09c/screenshot - {}
RESULT: {}
COMMAND: POST /session/7d4ef5db813d7a6cede0ad9a34edc09c/element - {"using":"xpath","value":"//button[@data-kt=\"saveButton\"]"}
RESULT: {"using":"xpath","value":"//button[@data-kt=\"saveButton\"]"}
COMMAND: POST /session/7d4ef5db813d7a6cede0ad9a34edc09c/element/f.A871513E4156B49FEA6A1325266FBBC5.d.CB956D067771680ACE8F900FB2658BB3.e.9483/click - {}
RESULT: {}
COMMAND: GET /session/7d4ef5db813d7a6cede0ad9a34edc09c/screenshot - {}
RESULT: {}
COMMAND: POST /session/7d4ef5db813d7a6cede0ad9a34edc09c/element - {"using":"xpath","value":"//span[contains(@id ,\"contractDetailTitleNoExpanded\")]"}
RESULT: {"using":"xpath","value":"//span[contains(@id ,\"contractDetailTitleNoExpanded\")]"}
COMMAND: POST /session/7d4ef5db813d7a6cede0ad9a34edc09c/elements - {"using":"xpath","value":"//span[contains(@id ,\"contractDetailTitleNoExpanded\")]"}
RESULT: {"using":"xpath","value":"//span[contains(@id ,\"contractDetailTitleNoExpanded\")]"}
COMMAND: POST /session/7d4ef5db813d7a6cede0ad9a34edc09c/execute/sync - {"script":"<script> [56 bytes]","args":[{"element-6066-11e4-a52e-4f735466cecf":"f.A871513E4156B49FEA6A1325266FBBC5.d.CB956D067771680ACE8F900FB2658BB3.e.9493","ELEMENT":"f.A871513E4156B49FEA6A1325266FBBC5.d.CB956D067771680ACE8F900FB2658BB3.e.9493"}]}
RESULT: {"script":"<script> [56 bytes]","args":[{"element-6066-11e4-a52e-4f735466cecf":"f.A871513E4156B49FEA6A1325266FBBC5.d.CB956D067771680ACE8F900FB2658BB3.e.9493","ELEMENT":"f.A871513E4156B49FEA6A1325266FBBC5.d.CB956D067771680ACE8F900FB2658BB3.e.9493"}]}
COMMAND: GET /session/7d4ef5db813d7a6cede0ad9a34edc09c/screenshot - {}
RESULT: {}
]]></system-out>
    </testcase>
    <testcase classname="chrome.136_0_7103_93.windows.Provide_to_Site_w/_warehouse_management_wo_clarification" name="Should add equipment to the contract" time="56.747">
      <system-out><![CDATA[
COMMAND: POST /session/7d4ef5db813d7a6cede0ad9a34edc09c/element - {"using":"xpath","value":"//button[@data-kt=\"contractDetailEditBtnButton\"]"}
RESULT: {"using":"xpath","value":"//button[@data-kt=\"contractDetailEditBtnButton\"]"}
COMMAND: POST /session/7d4ef5db813d7a6cede0ad9a34edc09c/element/f.A871513E4156B49FEA6A1325266FBBC5.d.CB956D067771680ACE8F900FB2658BB3.e.9495/click - {}
RESULT: {}
COMMAND: GET /session/7d4ef5db813d7a6cede0ad9a34edc09c/screenshot - {}
RESULT: {}
COMMAND: POST /session/7d4ef5db813d7a6cede0ad9a34edc09c/element - {"using":"xpath","value":"(//span[contains(text(), \"Additional Addresses\")])[2]"}
RESULT: {"using":"xpath","value":"(//span[contains(text(), \"Additional Addresses\")])[2]"}
COMMAND: POST /session/7d4ef5db813d7a6cede0ad9a34edc09c/element/f.A871513E4156B49FEA6A1325266FBBC5.d.CB956D067771680ACE8F900FB2658BB3.e.9551/click - {}
RESULT: {}
COMMAND: GET /session/7d4ef5db813d7a6cede0ad9a34edc09c/screenshot - {}
RESULT: {}
COMMAND: POST /session/7d4ef5db813d7a6cede0ad9a34edc09c/element - {"using":"xpath","value":"//button[@data-kt=\"btnAddTableRowOverflowToolbarButton\"]"}
RESULT: {"using":"xpath","value":"//button[@data-kt=\"btnAddTableRowOverflowToolbarButton\"]"}
COMMAND: POST /session/7d4ef5db813d7a6cede0ad9a34edc09c/element/f.A871513E4156B49FEA6A1325266FBBC5.d.CB956D067771680ACE8F900FB2658BB3.e.9553/click - {}
RESULT: {}
COMMAND: GET /session/7d4ef5db813d7a6cede0ad9a34edc09c/screenshot - {}
RESULT: {}
COMMAND: POST /session/7d4ef5db813d7a6cede0ad9a34edc09c/element - {"using":"xpath","value":"//div[(text() = 'Standard Entry' or . = 'Standard Entry')]"}
RESULT: {"using":"xpath","value":"//div[(text() = 'Standard Entry' or . = 'Standard Entry')]"}
COMMAND: POST /session/7d4ef5db813d7a6cede0ad9a34edc09c/element/f.A871513E4156B49FEA6A1325266FBBC5.d.CB956D067771680ACE8F900FB2658BB3.e.9555/click - {}
RESULT: {}
COMMAND: GET /session/7d4ef5db813d7a6cede0ad9a34edc09c/screenshot - {}
RESULT: {}
COMMAND: POST /session/7d4ef5db813d7a6cede0ad9a34edc09c/element - {"using":"xpath","value":"//td[6]/div/div/div/span"}
RESULT: {"using":"xpath","value":"//td[6]/div/div/div/span"}
COMMAND: POST /session/7d4ef5db813d7a6cede0ad9a34edc09c/element/f.A871513E4156B49FEA6A1325266FBBC5.d.CB956D067771680ACE8F900FB2658BB3.e.9567/click - {}
RESULT: {}
COMMAND: GET /session/7d4ef5db813d7a6cede0ad9a34edc09c/screenshot - {}
RESULT: {}
COMMAND: POST /session/7d4ef5db813d7a6cede0ad9a34edc09c/element - {"using":"xpath","value":"(//span[contains(text(), \"Material\")])"}
RESULT: {"using":"xpath","value":"(//span[contains(text(), \"Material\")])"}
COMMAND: POST /session/7d4ef5db813d7a6cede0ad9a34edc09c/element/f.A871513E4156B49FEA6A1325266FBBC5.d.CB956D067771680ACE8F900FB2658BB3.e.9568/click - {}
RESULT: {}
COMMAND: GET /session/7d4ef5db813d7a6cede0ad9a34edc09c/screenshot - {}
RESULT: {}
COMMAND: POST /session/7d4ef5db813d7a6cede0ad9a34edc09c/element - {"using":"xpath","value":"//td[7]/div/div/input"}
RESULT: {"using":"xpath","value":"//td[7]/div/div/input"}
COMMAND: POST /session/7d4ef5db813d7a6cede0ad9a34edc09c/element/f.A871513E4156B49FEA6A1325266FBBC5.d.CB956D067771680ACE8F900FB2658BB3.e.9572/clear - {}
RESULT: {}
COMMAND: POST /session/7d4ef5db813d7a6cede0ad9a34edc09c/element/f.A871513E4156B49FEA6A1325266FBBC5.d.CB956D067771680ACE8F900FB2658BB3.e.9572/value - {"text":"200380"}
COMMAND: GET /session/7d4ef5db813d7a6cede0ad9a34edc09c/screenshot - {}
RESULT: {"text":"200380"}
COMMAND: GET /session/7d4ef5db813d7a6cede0ad9a34edc09c/screenshot - {}
RESULT: {}
RESULT: {}
COMMAND: POST /session/7d4ef5db813d7a6cede0ad9a34edc09c/actions - {"actions":[{"id":"action34","type":"key","parameters":{},"actions":[{"type":"keyDown","value":""},{"type":"pause","duration":10},{"type":"keyUp","value":""}]}]}
RESULT: {"actions":[{"id":"action34","type":"key","parameters":{},"actions":[{"type":"keyDown","value":""},{"type":"pause","duration":10},{"type":"keyUp","value":""}]}]}
COMMAND: GET /session/7d4ef5db813d7a6cede0ad9a34edc09c/screenshot - {}
RESULT: {}
COMMAND: POST /session/7d4ef5db813d7a6cede0ad9a34edc09c/execute/sync - {"script":"<script> [276 bytes]","args":["No pricing information was found"]}
RESULT: {"script":"<script> [276 bytes]","args":["No pricing information was found"]}
COMMAND: POST /session/7d4ef5db813d7a6cede0ad9a34edc09c/element - {"using":"xpath","value":"//bdi[contains(text(), \"OK\")]"}
COMMAND: GET /session/7d4ef5db813d7a6cede0ad9a34edc09c/screenshot - {}
RESULT: {"using":"xpath","value":"//bdi[contains(text(), \"OK\")]"}
COMMAND: POST /session/7d4ef5db813d7a6cede0ad9a34edc09c/element/f.A871513E4156B49FEA6A1325266FBBC5.d.CB956D067771680ACE8F900FB2658BB3.e.9598/click - {}
RESULT: {}
RESULT: {}
COMMAND: GET /session/7d4ef5db813d7a6cede0ad9a34edc09c/screenshot - {}
RESULT: {}
COMMAND: POST /session/7d4ef5db813d7a6cede0ad9a34edc09c/element - {"using":"xpath","value":"(//button[@data-kt=\"saveButton\"])[2]"}
RESULT: {"using":"xpath","value":"(//button[@data-kt=\"saveButton\"])[2]"}
COMMAND: POST /session/7d4ef5db813d7a6cede0ad9a34edc09c/element/f.A871513E4156B49FEA6A1325266FBBC5.d.CB956D067771680ACE8F900FB2658BB3.e.9599/click - {}
RESULT: {}
COMMAND: GET /session/7d4ef5db813d7a6cede0ad9a34edc09c/screenshot - {}
RESULT: {}
COMMAND: POST /session/7d4ef5db813d7a6cede0ad9a34edc09c/execute/sync - {"script":"<script> [276 bytes]","args":["Some contract items are having rental validity exceeding header rental validity"]}
RESULT: {"script":"<script> [276 bytes]","args":["Some contract items are having rental validity exceeding header rental validity"]}
COMMAND: GET /session/7d4ef5db813d7a6cede0ad9a34edc09c/screenshot - {}
RESULT: {}
COMMAND: POST /session/7d4ef5db813d7a6cede0ad9a34edc09c/element - {"using":"xpath","value":"//span[contains(@id ,\"contractItemsSmartTable-header-inner\")]"}
RESULT: {"using":"xpath","value":"//span[contains(@id ,\"contractItemsSmartTable-header-inner\")]"}
COMMAND: POST /session/7d4ef5db813d7a6cede0ad9a34edc09c/elements - {"using":"xpath","value":"//span[contains(@id ,\"contractItemsSmartTable-header-inner\")]"}
RESULT: {"using":"xpath","value":"//span[contains(@id ,\"contractItemsSmartTable-header-inner\")]"}
COMMAND: POST /session/7d4ef5db813d7a6cede0ad9a34edc09c/execute/sync - {"script":"<script> [56 bytes]","args":[{"element-6066-11e4-a52e-4f735466cecf":"f.A871513E4156B49FEA6A1325266FBBC5.d.CB956D067771680ACE8F900FB2658BB3.e.9604","ELEMENT":"f.A871513E4156B49FEA6A1325266FBBC5.d.CB956D067771680ACE8F900FB2658BB3.e.9604"}]}
RESULT: {"script":"<script> [56 bytes]","args":[{"element-6066-11e4-a52e-4f735466cecf":"f.A871513E4156B49FEA6A1325266FBBC5.d.CB956D067771680ACE8F900FB2658BB3.e.9604","ELEMENT":"f.A871513E4156B49FEA6A1325266FBBC5.d.CB956D067771680ACE8F900FB2658BB3.e.9604"}]}
]]></system-out>
    </testcase>
    <testcase classname="chrome.136_0_7103_93.windows.Provide_to_Site_w/_warehouse_management_wo_clarification" name="Should provide to site" time="41.358">
      <system-out><![CDATA[
COMMAND: POST /session/7d4ef5db813d7a6cede0ad9a34edc09c/element - {"using":"xpath","value":"//button[@data-kt=\"provideButton\"]"}
COMMAND: GET /session/7d4ef5db813d7a6cede0ad9a34edc09c/screenshot - {}
RESULT: {"using":"xpath","value":"//button[@data-kt=\"provideButton\"]"}
COMMAND: POST /session/7d4ef5db813d7a6cede0ad9a34edc09c/element/f.A871513E4156B49FEA6A1325266FBBC5.d.CB956D067771680ACE8F900FB2658BB3.e.9605/click - {}
RESULT: {}
RESULT: {}
COMMAND: GET /session/7d4ef5db813d7a6cede0ad9a34edc09c/screenshot - {}
RESULT: {}
RESULT: undefined
COMMAND: POST /session/7d4ef5db813d7a6cede0ad9a34edc09c/execute/async - {"script":"<script> [6424 bytes]","args":[{"element-6066-11e4-a52e-4f735466cecf":"f.A871513E4156B49FEA6A1325266FBBC5.d.CB956D067771680ACE8F900FB2658BB3.e.8634"},"setValue",["05/21/25"]]}
COMMAND: POST /session/7d4ef5db813d7a6cede0ad9a34edc09c/execute/async - {"script":"<script> [1562 bytes]","args":[{"selector":{"id":"application-managehandovers-display-component---AddNewHO--dueDate","interaction":{"idSuffix":"inner"}},"wdio_ui5_key":"applicationmanagehandovers-display-component---AddNewHO--dueDate"}]}
RESULT: {"script":"<script> [1562 bytes]","args":[{"selector":{"id":"application-managehandovers-display-component---AddNewHO--dueDate","interaction":{"idSuffix":"inner"}},"wdio_ui5_key":"applicationmanagehandovers-display-component---AddNewHO--dueDate"}]}
COMMAND: POST /session/7d4ef5db813d7a6cede0ad9a34edc09c/execute/async - {"script":"<script> [6424 bytes]","args":[{"element-6066-11e4-a52e-4f735466cecf":"f.A871513E4156B49FEA6A1325266FBBC5.d.CB956D067771680ACE8F900FB2658BB3.e.9667"},"setValue",["05/21/25"]]}
RESULT: {"script":"<script> [6424 bytes]","args":[{"element-6066-11e4-a52e-4f735466cecf":"f.A871513E4156B49FEA6A1325266FBBC5.d.CB956D067771680ACE8F900FB2658BB3.e.9667"},"setValue",["05/21/25"]]}
COMMAND: POST /session/7d4ef5db813d7a6cede0ad9a34edc09c/element - {"using":"xpath","value":"//bdi[contains(text(), \"Instructions\")]"}
RESULT: {"using":"xpath","value":"//bdi[contains(text(), \"Instructions\")]"}
COMMAND: POST /session/7d4ef5db813d7a6cede0ad9a34edc09c/element/f.A871513E4156B49FEA6A1325266FBBC5.d.CB956D067771680ACE8F900FB2658BB3.e.9881/click - {}
RESULT: {}
COMMAND: GET /session/7d4ef5db813d7a6cede0ad9a34edc09c/screenshot - {}
RESULT: {}
COMMAND: POST /session/7d4ef5db813d7a6cede0ad9a34edc09c/element - {"using":"xpath","value":"//button[@data-kt=\"AddNewHOProvideAddItemsButton\"]"}
RESULT: {"using":"xpath","value":"//button[@data-kt=\"AddNewHOProvideAddItemsButton\"]"}
COMMAND: POST /session/7d4ef5db813d7a6cede0ad9a34edc09c/element/f.A871513E4156B49FEA6A1325266FBBC5.d.CB956D067771680ACE8F900FB2658BB3.e.9885/click - {}
RESULT: {}
COMMAND: GET /session/7d4ef5db813d7a6cede0ad9a34edc09c/screenshot - {}
RESULT: {}
RESULT: undefined
COMMAND: POST /session/7d4ef5db813d7a6cede0ad9a34edc09c/element - {"using":"xpath","value":"//*[@id=\"application-managehandovers-display-component---AddNewHO--popup-sa\"]"}
RESULT: {"using":"xpath","value":"//*[@id=\"application-managehandovers-display-component---AddNewHO--popup-sa\"]"}
COMMAND: POST /session/7d4ef5db813d7a6cede0ad9a34edc09c/element/f.A871513E4156B49FEA6A1325266FBBC5.d.CB956D067771680ACE8F900FB2658BB3.e.9895/click - {}
RESULT: {}
COMMAND: GET /session/7d4ef5db813d7a6cede0ad9a34edc09c/screenshot - {}
RESULT: {}
COMMAND: POST /session/7d4ef5db813d7a6cede0ad9a34edc09c/element - {"using":"xpath","value":"//*[contains(@id ,\"BDI-content\")][contains(text(), \"Select\")]"}
RESULT: {"using":"xpath","value":"//*[contains(@id ,\"BDI-content\")][contains(text(), \"Select\")]"}
COMMAND: POST /session/7d4ef5db813d7a6cede0ad9a34edc09c/element/f.A871513E4156B49FEA6A1325266FBBC5.d.CB956D067771680ACE8F900FB2658BB3.e.9896/click - {}
RESULT: {}
COMMAND: GET /session/7d4ef5db813d7a6cede0ad9a34edc09c/screenshot - {}
RESULT: {}
COMMAND: POST /session/7d4ef5db813d7a6cede0ad9a34edc09c/element - {"using":"xpath","value":"//bdi[(text() = 'Save' or . = 'Save')]"}
RESULT: {"using":"xpath","value":"//bdi[(text() = 'Save' or . = 'Save')]"}
COMMAND: POST /session/7d4ef5db813d7a6cede0ad9a34edc09c/element/f.A871513E4156B49FEA6A1325266FBBC5.d.CB956D067771680ACE8F900FB2658BB3.e.9899/click - {}
RESULT: {}
COMMAND: GET /session/7d4ef5db813d7a6cede0ad9a34edc09c/screenshot - {}
RESULT: {}
]]></system-out>
    </testcase>
    <testcase classname="chrome.136_0_7103_93.windows.Provide_to_Site_w/_warehouse_management_wo_clarification" name="Should Test for Handover Execution" time="165.719">
      <system-out><![CDATA[
COMMAND: POST /session/7d4ef5db813d7a6cede0ad9a34edc09c/execute/async - {"script":"<script> [1562 bytes]","args":[{"selector":{"controlType":"sap.m.Link","viewName":"etm.portal.ui.managehandovers.view.DetailExecuteHO","bindingPath":{"path":"","propertyPath":"/wmDoc","modelName":"warehouseMovModel"}},"wdio_ui5_key":"etmportal.ui.managehandovers.view.DetailExecuteHOsap.m.Link{\"path\":\"\",\"propertyPath\":\"/wmDoc\",\"modelName\":\"warehouseMovModel\"}"}]}
RESULT: {"script":"<script> [1562 bytes]","args":[{"selector":{"controlType":"sap.m.Link","viewName":"etm.portal.ui.managehandovers.view.DetailExecuteHO","bindingPath":{"path":"","propertyPath":"/wmDoc","modelName":"warehouseMovModel"}},"wdio_ui5_key":"etmportal.ui.managehandovers.view.DetailExecuteHOsap.m.Link{\"path\":\"\",\"propertyPath\":\"/wmDoc\",\"modelName\":\"warehouseMovModel\"}"}]}
RESULT: undefined
COMMAND: POST /session/7d4ef5db813d7a6cede0ad9a34edc09c/element - {"using":"xpath","value":"//*[@id=\"__link81\"]"}
RESULT: {"using":"xpath","value":"//*[@id=\"__link81\"]"}
COMMAND: POST /session/7d4ef5db813d7a6cede0ad9a34edc09c/element/f.A871513E4156B49FEA6A1325266FBBC5.d.CB956D067771680ACE8F900FB2658BB3.e.9930/click - {}
RESULT: {}
COMMAND: GET /session/7d4ef5db813d7a6cede0ad9a34edc09c/screenshot - {}
RESULT: {}
COMMAND: POST /session/7d4ef5db813d7a6cede0ad9a34edc09c/execute/async - {"script":"<script> [1562 bytes]","args":[{"selector":{"controlType":"sap.m.Link","viewName":"etm.portal.ui.managehandovers.view.DetailExecuteHO","properties":{"text":"Warehouse Overview"},"searchOpenDialogs":true},"wdio_ui5_key":"etmportal.ui.managehandovers.view.DetailExecuteHOsap.m.Link{\"text\":\"Warehouse Overview\"}"}]}
RESULT: {"script":"<script> [1562 bytes]","args":[{"selector":{"controlType":"sap.m.Link","viewName":"etm.portal.ui.managehandovers.view.DetailExecuteHO","properties":{"text":"Warehouse Overview"},"searchOpenDialogs":true},"wdio_ui5_key":"etmportal.ui.managehandovers.view.DetailExecuteHOsap.m.Link{\"text\":\"Warehouse Overview\"}"}]}
RESULT: undefined
COMMAND: POST /session/7d4ef5db813d7a6cede0ad9a34edc09c/element - {"using":"xpath","value":"//*[@id=\"__link96\"]"}
RESULT: {"using":"xpath","value":"//*[@id=\"__link96\"]"}
COMMAND: POST /session/7d4ef5db813d7a6cede0ad9a34edc09c/element/f.A871513E4156B49FEA6A1325266FBBC5.d.CB956D067771680ACE8F900FB2658BB3.e.9934/click - {}
RESULT: {}
COMMAND: GET /session/7d4ef5db813d7a6cede0ad9a34edc09c/screenshot - {}
COMMAND: POST /session/7d4ef5db813d7a6cede0ad9a34edc09c/execute/async - {"script":"<script> [1562 bytes]","args":[{"selector":{"controlType":"sap.m.Button","viewName":"etm.portal.ui.warehousemovements.view.DisplayMovement","viewId":"application-warehousemovements-display-component---displayMovement","i18NText":{"propertyName":"text","key":"execution"},"interaction":{"idSuffix":"BDI-content"}},"wdio_ui5_key":"etmportal.ui.warehousemovements.view.DisplayMovementsap.m.Button{\"propertyName\":\"text\",\"key\":\"execution\"}"}]}
RESULT: {}
RESULT: {"script":"<script> [1562 bytes]","args":[{"selector":{"controlType":"sap.m.Button","viewName":"etm.portal.ui.warehousemovements.view.DisplayMovement","viewId":"application-warehousemovements-display-component---displayMovement","i18NText":{"propertyName":"text","key":"execution"},"interaction":{"idSuffix":"BDI-content"}},"wdio_ui5_key":"etmportal.ui.warehousemovements.view.DisplayMovementsap.m.Button{\"propertyName\":\"text\",\"key\":\"execution\"}"}]}
RESULT: undefined
COMMAND: POST /session/7d4ef5db813d7a6cede0ad9a34edc09c/element - {"using":"xpath","value":"//*[@id=\"__button219\"]"}
RESULT: {"using":"xpath","value":"//*[@id=\"__button219\"]"}
COMMAND: POST /session/7d4ef5db813d7a6cede0ad9a34edc09c/element/f.A871513E4156B49FEA6A1325266FBBC5.d.CB956D067771680ACE8F900FB2658BB3.e.10071/click - {}
RESULT: {}
COMMAND: GET /session/7d4ef5db813d7a6cede0ad9a34edc09c/screenshot - {}
RESULT: {}
COMMAND: POST /session/7d4ef5db813d7a6cede0ad9a34edc09c/execute/async - {"script":"<script> [1562 bytes]","args":[{"selector":{"controlType":"sap.m.Button","viewName":"etm.portal.ui.warehousemovements.view.ExecuteMovement","viewId":"application-warehousemovements-display-component---executeMovement","properties":{"text":"Items"},"interaction":{"idSuffix":"BDI-content"}},"wdio_ui5_key":"etmportal.ui.warehousemovements.view.ExecuteMovementsap.m.Button{\"text\":\"Items\"}"}]}
RESULT: {"script":"<script> [1562 bytes]","args":[{"selector":{"controlType":"sap.m.Button","viewName":"etm.portal.ui.warehousemovements.view.ExecuteMovement","viewId":"application-warehousemovements-display-component---executeMovement","properties":{"text":"Items"},"interaction":{"idSuffix":"BDI-content"}},"wdio_ui5_key":"etmportal.ui.warehousemovements.view.ExecuteMovementsap.m.Button{\"text\":\"Items\"}"}]}
RESULT: undefined
COMMAND: POST /session/7d4ef5db813d7a6cede0ad9a34edc09c/element - {"using":"xpath","value":"//*[@id=\"__layout353-anchBar-application-warehousemovements-display-component---executeMovement--itemsSection-anchor\"]"}
RESULT: {"using":"xpath","value":"//*[@id=\"__layout353-anchBar-application-warehousemovements-display-component---executeMovement--itemsSection-anchor\"]"}
COMMAND: POST /session/7d4ef5db813d7a6cede0ad9a34edc09c/element/f.A871513E4156B49FEA6A1325266FBBC5.d.CB956D067771680ACE8F900FB2658BB3.e.10169/click - {}
RESULT: {}
COMMAND: GET /session/7d4ef5db813d7a6cede0ad9a34edc09c/screenshot - {}
RESULT: {}
COMMAND: POST /session/7d4ef5db813d7a6cede0ad9a34edc09c/execute/async - {"script":"<script> [1562 bytes]","args":[{"selector":{"controlType":"sap.m.ToggleButton","viewName":"etm.portal.ui.warehousemovements.view.ExecuteMovement","viewId":"application-warehousemovements-display-component---executeMovement","bindingPath":{"propertyPath":"STATUS","modelName":"catalogModel"},"interaction":{"idSuffix":"BDI-content"}},"wdio_ui5_key":"etmportal.ui.warehousemovements.view.ExecuteMovementsap.m.ToggleButton{\"propertyPath\":\"STATUS\",\"modelName\":\"catalogModel\"}"}]}
RESULT: {"script":"<script> [1562 bytes]","args":[{"selector":{"controlType":"sap.m.ToggleButton","viewName":"etm.portal.ui.warehousemovements.view.ExecuteMovement","viewId":"application-warehousemovements-display-component---executeMovement","bindingPath":{"propertyPath":"STATUS","modelName":"catalogModel"},"interaction":{"idSuffix":"BDI-content"}},"wdio_ui5_key":"etmportal.ui.warehousemovements.view.ExecuteMovementsap.m.ToggleButton{\"propertyPath\":\"STATUS\",\"modelName\":\"catalogModel\"}"}]}
RESULT: undefined
COMMAND: POST /session/7d4ef5db813d7a6cede0ad9a34edc09c/element - {"using":"xpath","value":"//*[@id=\"__button242-__clone4218\"]"}
RESULT: {"using":"xpath","value":"//*[@id=\"__button242-__clone4218\"]"}
COMMAND: POST /session/7d4ef5db813d7a6cede0ad9a34edc09c/element/f.A871513E4156B49FEA6A1325266FBBC5.d.CB956D067771680ACE8F900FB2658BB3.e.10141/click - {}
RESULT: {}
RESULT: undefined
COMMAND: POST /session/7d4ef5db813d7a6cede0ad9a34edc09c/element - {"using":"xpath","value":"//*[@id=\"__button242-__clone4218\"]"}
COMMAND: GET /session/7d4ef5db813d7a6cede0ad9a34edc09c/screenshot - {}
RESULT: {"using":"xpath","value":"//*[@id=\"__button242-__clone4218\"]"}
COMMAND: POST /session/7d4ef5db813d7a6cede0ad9a34edc09c/element/f.A871513E4156B49FEA6A1325266FBBC5.d.CB956D067771680ACE8F900FB2658BB3.e.10141/click - {}
RESULT: {}
RESULT: {}
COMMAND: GET /session/7d4ef5db813d7a6cede0ad9a34edc09c/screenshot - {}
RESULT: {}
RESULT: undefined
COMMAND: POST /session/7d4ef5db813d7a6cede0ad9a34edc09c/execute/async - {"script":"<script> [6424 bytes]","args":[{"element-6066-11e4-a52e-4f735466cecf":"f.A871513E4156B49FEA6A1325266FBBC5.d.CB956D067771680ACE8F900FB2658BB3.e.10174"},"getText",[]]}
RESULT: {"script":"<script> [6424 bytes]","args":[{"element-6066-11e4-a52e-4f735466cecf":"f.A871513E4156B49FEA6A1325266FBBC5.d.CB956D067771680ACE8F900FB2658BB3.e.10174"},"getText",[]]}
COMMAND: POST /session/7d4ef5db813d7a6cede0ad9a34edc09c/element - {"using":"xpath","value":"//section[contains(@id,\"FC-NoHead\")]/div[1]/div[5]/div[2]/span"}
RESULT: {"using":"xpath","value":"//section[contains(@id,\"FC-NoHead\")]/div[1]/div[5]/div[2]/span"}
COMMAND: POST /session/7d4ef5db813d7a6cede0ad9a34edc09c/elements - {"using":"xpath","value":"//section[contains(@id,\"FC-NoHead\")]/div[1]/div[5]/div[2]/span"}
RESULT: {"using":"xpath","value":"//section[contains(@id,\"FC-NoHead\")]/div[1]/div[5]/div[2]/span"}
COMMAND: POST /session/7d4ef5db813d7a6cede0ad9a34edc09c/execute/sync - {"script":"<script> [56 bytes]","args":[{"element-6066-11e4-a52e-4f735466cecf":"f.A871513E4156B49FEA6A1325266FBBC5.d.CB956D067771680ACE8F900FB2658BB3.e.10176","ELEMENT":"f.A871513E4156B49FEA6A1325266FBBC5.d.CB956D067771680ACE8F900FB2658BB3.e.10176"}]}
RESULT: {"script":"<script> [56 bytes]","args":[{"element-6066-11e4-a52e-4f735466cecf":"f.A871513E4156B49FEA6A1325266FBBC5.d.CB956D067771680ACE8F900FB2658BB3.e.10176","ELEMENT":"f.A871513E4156B49FEA6A1325266FBBC5.d.CB956D067771680ACE8F900FB2658BB3.e.10176"}]}
COMMAND: POST /session/7d4ef5db813d7a6cede0ad9a34edc09c/actions - {"actions":[{"id":"action35","type":"key","parameters":{},"actions":[{"type":"keyDown","value":""},{"type":"pause","duration":10},{"type":"keyUp","value":""}]}]}
COMMAND: GET /session/7d4ef5db813d7a6cede0ad9a34edc09c/screenshot - {}
RESULT: {"actions":[{"id":"action35","type":"key","parameters":{},"actions":[{"type":"keyDown","value":""},{"type":"pause","duration":10},{"type":"keyUp","value":""}]}]}
COMMAND: POST /session/7d4ef5db813d7a6cede0ad9a34edc09c/execute/async - {"script":"<script> [1562 bytes]","args":[{"selector":{"id":"application-warehousemovements-display-component---executeMovement--executeId","interaction":{"idSuffix":"BDI-content"}},"wdio_ui5_key":"applicationwarehousemovements-display-component---executeMovement--executeId"}]}
COMMAND: GET /session/7d4ef5db813d7a6cede0ad9a34edc09c/screenshot - {}
RESULT: {}
RESULT: {"script":"<script> [1562 bytes]","args":[{"selector":{"id":"application-warehousemovements-display-component---executeMovement--executeId","interaction":{"idSuffix":"BDI-content"}},"wdio_ui5_key":"applicationwarehousemovements-display-component---executeMovement--executeId"}]}
RESULT: undefined
COMMAND: POST /session/7d4ef5db813d7a6cede0ad9a34edc09c/element - {"using":"xpath","value":"//*[@id=\"application-warehousemovements-display-component---executeMovement--executeId\"]"}
RESULT: {}
RESULT: {"using":"xpath","value":"//*[@id=\"application-warehousemovements-display-component---executeMovement--executeId\"]"}
COMMAND: POST /session/7d4ef5db813d7a6cede0ad9a34edc09c/element/f.A871513E4156B49FEA6A1325266FBBC5.d.CB956D067771680ACE8F900FB2658BB3.e.10135/click - {}
RESULT: {}
COMMAND: GET /session/7d4ef5db813d7a6cede0ad9a34edc09c/screenshot - {}
RESULT: {}
COMMAND: POST /session/7d4ef5db813d7a6cede0ad9a34edc09c/element - {"using":"css selector","value":"#shell-header-logo"}
RESULT: {"using":"css selector","value":"#shell-header-logo"}
COMMAND: POST /session/7d4ef5db813d7a6cede0ad9a34edc09c/element/f.A871513E4156B49FEA6A1325266FBBC5.d.CB956D067771680ACE8F900FB2658BB3.e.9047/click - {}
RESULT: {}
COMMAND: GET /session/7d4ef5db813d7a6cede0ad9a34edc09c/screenshot - {}
RESULT: {}
RESULT: undefined
COMMAND: POST /session/7d4ef5db813d7a6cede0ad9a34edc09c/element - {"using":"xpath","value":"//*[@id=\"__tile133\"]"}
RESULT: {"using":"xpath","value":"//*[@id=\"__tile133\"]"}
COMMAND: POST /session/7d4ef5db813d7a6cede0ad9a34edc09c/element/f.A871513E4156B49FEA6A1325266FBBC5.d.CB956D067771680ACE8F900FB2658BB3.e.7807/click - {}
RESULT: {}
COMMAND: GET /session/7d4ef5db813d7a6cede0ad9a34edc09c/screenshot - {}
RESULT: {}
COMMAND: POST /session/7d4ef5db813d7a6cede0ad9a34edc09c/elements - {"using":"xpath","value":"//span[text()='Error']"}
RESULT: {"using":"xpath","value":"//span[text()='Error']"}
COMMAND: POST /session/7d4ef5db813d7a6cede0ad9a34edc09c/execute/async - {"script":"<script> [1562 bytes]","args":[{"selector":{"controlType":"sap.m.SearchField","viewName":"etm.portal.ui.managehandovers.view.MasterHO","bindingPath":{"propertyPath":"/_BASIC_SEARCH_FIELD","modelName":"fi1t3rM0d31"},"interaction":{"idSuffix":"I"}},"wdio_ui5_key":"etmportal.ui.managehandovers.view.MasterHOsap.m.SearchField{\"propertyPath\":\"/_BASIC_SEARCH_FIELD\",\"modelName\":\"fi1t3rM0d31\"}"}]}
RESULT: {"script":"<script> [1562 bytes]","args":[{"selector":{"controlType":"sap.m.SearchField","viewName":"etm.portal.ui.managehandovers.view.MasterHO","bindingPath":{"propertyPath":"/_BASIC_SEARCH_FIELD","modelName":"fi1t3rM0d31"},"interaction":{"idSuffix":"I"}},"wdio_ui5_key":"etmportal.ui.managehandovers.view.MasterHOsap.m.SearchField{\"propertyPath\":\"/_BASIC_SEARCH_FIELD\",\"modelName\":\"fi1t3rM0d31\"}"}]}
RESULT: undefined
COMMAND: POST /session/7d4ef5db813d7a6cede0ad9a34edc09c/execute/async - {"script":"<script> [776 bytes]","args":[{"enterText":"30955","selector":{"controlType":"sap.m.SearchField","viewName":"etm.portal.ui.managehandovers.view.MasterHO","bindingPath":{"propertyPath":"/_BASIC_SEARCH_FIELD","modelName":"fi1t3rM0d31"},"interaction":{"idSuffix":"I"}},"clearTextFirst":true,"interactionType":"ENTER_TEXT"}]}
RESULT: {"script":"<script> [776 bytes]","args":[{"enterText":"30955","selector":{"controlType":"sap.m.SearchField","viewName":"etm.portal.ui.managehandovers.view.MasterHO","bindingPath":{"propertyPath":"/_BASIC_SEARCH_FIELD","modelName":"fi1t3rM0d31"},"interaction":{"idSuffix":"I"}},"clearTextFirst":true,"interactionType":"ENTER_TEXT"}]}
COMMAND: POST /session/7d4ef5db813d7a6cede0ad9a34edc09c/actions - {"actions":[{"id":"action36","type":"key","parameters":{},"actions":[{"type":"keyDown","value":""},{"type":"pause","duration":10},{"type":"keyUp","value":""}]}]}
RESULT: {"actions":[{"id":"action36","type":"key","parameters":{},"actions":[{"type":"keyDown","value":""},{"type":"pause","duration":10},{"type":"keyUp","value":""}]}]}
COMMAND: GET /session/7d4ef5db813d7a6cede0ad9a34edc09c/screenshot - {}
RESULT: {}
COMMAND: POST /session/7d4ef5db813d7a6cede0ad9a34edc09c/execute/async - {"script":"<script> [1562 bytes]","args":[{"selector":{"controlType":"sap.ui.core.Icon","viewName":"etm.portal.ui.managehandovers.view.MasterHO","properties":{"src":{"regex":{"source":"slim\\-arrow\\-right"}}}},"wdio_ui5_key":"etmportal.ui.managehandovers.view.MasterHOsap.ui.core.Icon{\"src\":{\"regex\":{\"source\":\"slim\\\\-arrow\\\\-right\"}}}"}]}
RESULT: {"script":"<script> [1562 bytes]","args":[{"selector":{"controlType":"sap.ui.core.Icon","viewName":"etm.portal.ui.managehandovers.view.MasterHO","properties":{"src":{"regex":{"source":"slim\\-arrow\\-right"}}}},"wdio_ui5_key":"etmportal.ui.managehandovers.view.MasterHOsap.ui.core.Icon{\"src\":{\"regex\":{\"source\":\"slim\\\\-arrow\\\\-right\"}}}"}]}
RESULT: undefined
COMMAND: POST /session/7d4ef5db813d7a6cede0ad9a34edc09c/element - {"using":"xpath","value":"//*[@id=\"__item2173-__clone4297-imgNav\"]"}
RESULT: {"using":"xpath","value":"//*[@id=\"__item2173-__clone4297-imgNav\"]"}
COMMAND: POST /session/7d4ef5db813d7a6cede0ad9a34edc09c/element/f.A871513E4156B49FEA6A1325266FBBC5.d.CB956D067771680ACE8F900FB2658BB3.e.10562/click - {}
RESULT: {}
COMMAND: GET /session/7d4ef5db813d7a6cede0ad9a34edc09c/screenshot - {}
RESULT: {}
COMMAND: POST /session/7d4ef5db813d7a6cede0ad9a34edc09c/execute/async - {"script":"<script> [1562 bytes]","args":[{"selector":{"controlType":"sap.m.Button","viewName":"etm.portal.ui.managehandovers.view.DetailExecuteHO","i18NText":{"propertyName":"text","key":"confirmAll"},"interaction":{"idSuffix":"BDI-content"}},"wdio_ui5_key":"etmportal.ui.managehandovers.view.DetailExecuteHOsap.m.Button{\"propertyName\":\"text\",\"key\":\"confirmAll\"}"}]}
RESULT: {"script":"<script> [1562 bytes]","args":[{"selector":{"controlType":"sap.m.Button","viewName":"etm.portal.ui.managehandovers.view.DetailExecuteHO","i18NText":{"propertyName":"text","key":"confirmAll"},"interaction":{"idSuffix":"BDI-content"}},"wdio_ui5_key":"etmportal.ui.managehandovers.view.DetailExecuteHOsap.m.Button{\"propertyName\":\"text\",\"key\":\"confirmAll\"}"}]}
RESULT: undefined
COMMAND: POST /session/7d4ef5db813d7a6cede0ad9a34edc09c/element - {"using":"xpath","value":"//*[@id=\"__button280\"]"}
RESULT: {"using":"xpath","value":"//*[@id=\"__button280\"]"}
COMMAND: POST /session/7d4ef5db813d7a6cede0ad9a34edc09c/element/f.A871513E4156B49FEA6A1325266FBBC5.d.CB956D067771680ACE8F900FB2658BB3.e.10649/click - {}
RESULT: {}
COMMAND: GET /session/7d4ef5db813d7a6cede0ad9a34edc09c/screenshot - {}
RESULT: {}
COMMAND: POST /session/7d4ef5db813d7a6cede0ad9a34edc09c/actions - {"actions":[{"id":"action37","type":"key","parameters":{},"actions":[{"type":"keyDown","value":""},{"type":"pause","duration":10},{"type":"keyUp","value":""}]}]}
RESULT: {"actions":[{"id":"action37","type":"key","parameters":{},"actions":[{"type":"keyDown","value":""},{"type":"pause","duration":10},{"type":"keyUp","value":""}]}]}
COMMAND: GET /session/7d4ef5db813d7a6cede0ad9a34edc09c/screenshot - {}
RESULT: {}
COMMAND: POST /session/7d4ef5db813d7a6cede0ad9a34edc09c/element - {"using":"xpath","value":"//button[@data-kt=\"execHoIssueButton\"]"}
RESULT: {"using":"xpath","value":"//button[@data-kt=\"execHoIssueButton\"]"}
COMMAND: POST /session/7d4ef5db813d7a6cede0ad9a34edc09c/element/f.A871513E4156B49FEA6A1325266FBBC5.d.CB956D067771680ACE8F900FB2658BB3.e.10658/click - {}
RESULT: {}
COMMAND: GET /session/7d4ef5db813d7a6cede0ad9a34edc09c/screenshot - {}
RESULT: {}
RESULT: undefined
COMMAND: POST /session/7d4ef5db813d7a6cede0ad9a34edc09c/execute/async - {"script":"<script> [776 bytes]","args":[{"enterText":"30955","selector":{"controlType":"sap.m.SearchField","viewName":"etm.portal.ui.managehandovers.view.MasterHO","bindingPath":{"propertyPath":"/_BASIC_SEARCH_FIELD","modelName":"fi1t3rM0d31"},"interaction":{"idSuffix":"I"}},"clearTextFirst":true,"interactionType":"ENTER_TEXT"}]}
RESULT: {"script":"<script> [776 bytes]","args":[{"enterText":"30955","selector":{"controlType":"sap.m.SearchField","viewName":"etm.portal.ui.managehandovers.view.MasterHO","bindingPath":{"propertyPath":"/_BASIC_SEARCH_FIELD","modelName":"fi1t3rM0d31"},"interaction":{"idSuffix":"I"}},"clearTextFirst":true,"interactionType":"ENTER_TEXT"}]}
COMMAND: POST /session/7d4ef5db813d7a6cede0ad9a34edc09c/actions - {"actions":[{"id":"action38","type":"key","parameters":{},"actions":[{"type":"keyDown","value":""},{"type":"pause","duration":10},{"type":"keyUp","value":""}]}]}
RESULT: {"actions":[{"id":"action38","type":"key","parameters":{},"actions":[{"type":"keyDown","value":""},{"type":"pause","duration":10},{"type":"keyUp","value":""}]}]}
COMMAND: GET /session/7d4ef5db813d7a6cede0ad9a34edc09c/screenshot - {}
RESULT: {}
COMMAND: POST /session/7d4ef5db813d7a6cede0ad9a34edc09c/element - {"using":"xpath","value":"//span[(text() = '30955' or . = '30955')]"}
RESULT: {"using":"xpath","value":"//span[(text() = '30955' or . = '30955')]"}
COMMAND: POST /session/7d4ef5db813d7a6cede0ad9a34edc09c/element/f.A871513E4156B49FEA6A1325266FBBC5.d.CB956D067771680ACE8F900FB2658BB3.e.10702/click - {}
RESULT: {}
COMMAND: GET /session/7d4ef5db813d7a6cede0ad9a34edc09c/screenshot - {}
RESULT: {}
COMMAND: POST /session/7d4ef5db813d7a6cede0ad9a34edc09c/element - {"using":"xpath","value":"//span[contains(text(), \"Instructions\")]"}
RESULT: {"using":"xpath","value":"//span[contains(text(), \"Instructions\")]"}
COMMAND: POST /session/7d4ef5db813d7a6cede0ad9a34edc09c/element/f.A871513E4156B49FEA6A1325266FBBC5.d.CB956D067771680ACE8F900FB2658BB3.e.10741/click - {}
RESULT: {}
COMMAND: GET /session/7d4ef5db813d7a6cede0ad9a34edc09c/screenshot - {}
RESULT: {}
COMMAND: POST /session/7d4ef5db813d7a6cede0ad9a34edc09c/element - {"using":"xpath","value":"//span[contains(text(), \"Instructions\")]"}
RESULT: {"using":"xpath","value":"//span[contains(text(), \"Instructions\")]"}
COMMAND: POST /session/7d4ef5db813d7a6cede0ad9a34edc09c/element/f.A871513E4156B49FEA6A1325266FBBC5.d.CB956D067771680ACE8F900FB2658BB3.e.10741/click - {}
RESULT: {}
COMMAND: GET /session/7d4ef5db813d7a6cede0ad9a34edc09c/screenshot - {}
RESULT: {}
COMMAND: POST /session/7d4ef5db813d7a6cede0ad9a34edc09c/execute/async - {"script":"<script> [1562 bytes]","args":[{"selector":{"controlType":"sap.m.ComboBox","viewName":"etm.portal.ui.managehandovers.view.DetailExecuteHO","bindingPath":{"propertyPath":"RECEIVING_SECTION","modelName":"catalogModel"},"interaction":{"idSuffix":"inner"}},"wdio_ui5_key":"etmportal.ui.managehandovers.view.DetailExecuteHOsap.m.ComboBox{\"propertyPath\":\"RECEIVING_SECTION\",\"modelName\":\"catalogModel\"}"}]}
RESULT: {"script":"<script> [1562 bytes]","args":[{"selector":{"controlType":"sap.m.ComboBox","viewName":"etm.portal.ui.managehandovers.view.DetailExecuteHO","bindingPath":{"propertyPath":"RECEIVING_SECTION","modelName":"catalogModel"},"interaction":{"idSuffix":"inner"}},"wdio_ui5_key":"etmportal.ui.managehandovers.view.DetailExecuteHOsap.m.ComboBox{\"propertyPath\":\"RECEIVING_SECTION\",\"modelName\":\"catalogModel\"}"}]}
RESULT: undefined
COMMAND: POST /session/7d4ef5db813d7a6cede0ad9a34edc09c/execute/async - {"script":"<script> [776 bytes]","args":[{"enterText":"WDIO-2335","selector":{"controlType":"sap.m.ComboBox","viewName":"etm.portal.ui.managehandovers.view.DetailExecuteHO","bindingPath":{"propertyPath":"RECEIVING_SECTION","modelName":"catalogModel"},"interaction":{"idSuffix":"inner"}},"clearTextFirst":true,"interactionType":"ENTER_TEXT"}]}
RESULT: {"script":"<script> [776 bytes]","args":[{"enterText":"WDIO-2335","selector":{"controlType":"sap.m.ComboBox","viewName":"etm.portal.ui.managehandovers.view.DetailExecuteHO","bindingPath":{"propertyPath":"RECEIVING_SECTION","modelName":"catalogModel"},"interaction":{"idSuffix":"inner"}},"clearTextFirst":true,"interactionType":"ENTER_TEXT"}]}
COMMAND: POST /session/7d4ef5db813d7a6cede0ad9a34edc09c/actions - {"actions":[{"id":"action39","type":"key","parameters":{},"actions":[{"type":"keyDown","value":""},{"type":"pause","duration":10},{"type":"keyUp","value":""}]}]}
RESULT: {"actions":[{"id":"action39","type":"key","parameters":{},"actions":[{"type":"keyDown","value":""},{"type":"pause","duration":10},{"type":"keyUp","value":""}]}]}
COMMAND: GET /session/7d4ef5db813d7a6cede0ad9a34edc09c/screenshot - {}
RESULT: {}
COMMAND: POST /session/7d4ef5db813d7a6cede0ad9a34edc09c/element - {"using":"xpath","value":"//button[@data-kt= \"execHoReceiveButton\"]"}
RESULT: {"using":"xpath","value":"//button[@data-kt= \"execHoReceiveButton\"]"}
COMMAND: POST /session/7d4ef5db813d7a6cede0ad9a34edc09c/element/f.A871513E4156B49FEA6A1325266FBBC5.d.CB956D067771680ACE8F900FB2658BB3.e.10747/click - {}
RESULT: {}
COMMAND: GET /session/7d4ef5db813d7a6cede0ad9a34edc09c/screenshot - {}
RESULT: {}
COMMAND: POST /session/7d4ef5db813d7a6cede0ad9a34edc09c/execute/async - {"script":"<script> [1562 bytes]","args":[{"selector":{"controlType":"sap.m.Button","properties":{"text":"Continue"},"searchOpenDialogs":true,"interaction":{"idSuffix":"content"}},"wdio_ui5_key":"sapm.Button{\"text\":\"Continue\"}"}]}
RESULT: {"script":"<script> [1562 bytes]","args":[{"selector":{"controlType":"sap.m.Button","properties":{"text":"Continue"},"searchOpenDialogs":true,"interaction":{"idSuffix":"content"}},"wdio_ui5_key":"sapm.Button{\"text\":\"Continue\"}"}]}
RESULT: undefined
COMMAND: POST /session/7d4ef5db813d7a6cede0ad9a34edc09c/element - {"using":"xpath","value":"//*[@id=\"__mbox-btn-6\"]"}
RESULT: {"using":"xpath","value":"//*[@id=\"__mbox-btn-6\"]"}
COMMAND: POST /session/7d4ef5db813d7a6cede0ad9a34edc09c/element/f.A871513E4156B49FEA6A1325266FBBC5.d.CB956D067771680ACE8F900FB2658BB3.e.10748/click - {}
RESULT: {}
COMMAND: GET /session/7d4ef5db813d7a6cede0ad9a34edc09c/screenshot - {}
RESULT: {}
COMMAND: POST /session/7d4ef5db813d7a6cede0ad9a34edc09c/element - {"using":"css selector","value":"#shell-header-logo"}
RESULT: {"using":"css selector","value":"#shell-header-logo"}
COMMAND: POST /session/7d4ef5db813d7a6cede0ad9a34edc09c/element/f.A871513E4156B49FEA6A1325266FBBC5.d.CB956D067771680ACE8F900FB2658BB3.e.10256/click - {}
RESULT: {}
COMMAND: GET /session/7d4ef5db813d7a6cede0ad9a34edc09c/screenshot - {}
RESULT: {}
COMMAND: POST /session/7d4ef5db813d7a6cede0ad9a34edc09c/element - {"using":"css selector","value":"#j_username"}
COMMAND: POST /session/7d4ef5db813d7a6cede0ad9a34edc09c/url - {"url":"https://qa-testing-00-live-etm-ui.cfapps.eu10-004.hana.ondemand.com/"}
RESULT: {"using":"css selector","value":"#j_username"}
COMMAND: POST /session/7d4ef5db813d7a6cede0ad9a34edc09c/element - {"using":"css selector","value":"#j_username"}
RESULT: {"url":"https://qa-testing-00-live-etm-ui.cfapps.eu10-004.hana.ondemand.com/"}
RESULT: undefined
COMMAND: GET /session/7d4ef5db813d7a6cede0ad9a34edc09c/screenshot - {}
RESULT: {"using":"css selector","value":"#j_username"}
COMMAND: POST /session/7d4ef5db813d7a6cede0ad9a34edc09c/element - {"using":"css selector","value":"#shell-header-logo"}
RESULT: {}
RESULT: {"using":"css selector","value":"#shell-header-logo"}
COMMAND: POST /session/7d4ef5db813d7a6cede0ad9a34edc09c/execute/sync - {"script":"<script> [8489 bytes]","args":[{"element-6066-11e4-a52e-4f735466cecf":"f.A871513E4156B49FEA6A1325266FBBC5.d.7878E3F2D881BDB9EAA9CB5B3C1B6592.e.10792","ELEMENT":"f.A871513E4156B49FEA6A1325266FBBC5.d.7878E3F2D881BDB9EAA9CB5B3C1B6592.e.10792"}]}
RESULT: {"script":"<script> [8489 bytes]","args":[{"element-6066-11e4-a52e-4f735466cecf":"f.A871513E4156B49FEA6A1325266FBBC5.d.7878E3F2D881BDB9EAA9CB5B3C1B6592.e.10792","ELEMENT":"f.A871513E4156B49FEA6A1325266FBBC5.d.7878E3F2D881BDB9EAA9CB5B3C1B6592.e.10792"}]}
COMMAND: POST /session/7d4ef5db813d7a6cede0ad9a34edc09c/element - {"using":"css selector","value":"#shell-header-logo"}
RESULT: {"using":"css selector","value":"#shell-header-logo"}
COMMAND: POST /session/7d4ef5db813d7a6cede0ad9a34edc09c/execute/sync - {"script":"<script> [8489 bytes]","args":[{"element-6066-11e4-a52e-4f735466cecf":"f.A871513E4156B49FEA6A1325266FBBC5.d.7878E3F2D881BDB9EAA9CB5B3C1B6592.e.10792","ELEMENT":"f.A871513E4156B49FEA6A1325266FBBC5.d.7878E3F2D881BDB9EAA9CB5B3C1B6592.e.10792"}]}
RESULT: {"script":"<script> [8489 bytes]","args":[{"element-6066-11e4-a52e-4f735466cecf":"f.A871513E4156B49FEA6A1325266FBBC5.d.7878E3F2D881BDB9EAA9CB5B3C1B6592.e.10792","ELEMENT":"f.A871513E4156B49FEA6A1325266FBBC5.d.7878E3F2D881BDB9EAA9CB5B3C1B6592.e.10792"}]}
COMMAND: POST /session/7d4ef5db813d7a6cede0ad9a34edc09c/execute/sync - {"script":"<script> [5351 bytes]","args":[{"element-6066-11e4-a52e-4f735466cecf":"f.A871513E4156B49FEA6A1325266FBBC5.d.7878E3F2D881BDB9EAA9CB5B3C1B6592.e.10792","ELEMENT":"f.A871513E4156B49FEA6A1325266FBBC5.d.7878E3F2D881BDB9EAA9CB5B3C1B6592.e.10792"}]}
RESULT: {"script":"<script> [5351 bytes]","args":[{"element-6066-11e4-a52e-4f735466cecf":"f.A871513E4156B49FEA6A1325266FBBC5.d.7878E3F2D881BDB9EAA9CB5B3C1B6592.e.10792","ELEMENT":"f.A871513E4156B49FEA6A1325266FBBC5.d.7878E3F2D881BDB9EAA9CB5B3C1B6592.e.10792"}]}
COMMAND: POST /session/7d4ef5db813d7a6cede0ad9a34edc09c/element - {"using":"css selector","value":"#shell-header-logo"}
RESULT: {"using":"css selector","value":"#shell-header-logo"}
COMMAND: POST /session/7d4ef5db813d7a6cede0ad9a34edc09c/element/f.A871513E4156B49FEA6A1325266FBBC5.d.7878E3F2D881BDB9EAA9CB5B3C1B6592.e.10792/click - {}
COMMAND: GET /session/7d4ef5db813d7a6cede0ad9a34edc09c/screenshot - {}
COMMAND: GET /session/7d4ef5db813d7a6cede0ad9a34edc09c/screenshot - {}
COMMAND: GET /session/7d4ef5db813d7a6cede0ad9a34edc09c/screenshot - {}
RESULT: {}
COMMAND: GET /session/7d4ef5db813d7a6cede0ad9a34edc09c/screenshot - {}
RESULT: {}
RESULT: {}
RESULT: {}
RESULT: {}
COMMAND: POST /session/7d4ef5db813d7a6cede0ad9a34edc09c/execute/async - {"script":"<script> [189 bytes]","args":[]}
RESULT: {"script":"<script> [189 bytes]","args":[]}
COMMAND: POST /session/7d4ef5db813d7a6cede0ad9a34edc09c/execute/async - {"script":"<script> [123 bytes]","args":[]}
RESULT: {"script":"<script> [123 bytes]","args":[]}
COMMAND: POST /session/7d4ef5db813d7a6cede0ad9a34edc09c/timeouts - {"script":"<number>"}
RESULT: {"script":"<number>"}
COMMAND: GET /session/7d4ef5db813d7a6cede0ad9a34edc09c/timeouts - {}
RESULT: {}
RESULT: undefined
COMMAND: POST /session/7d4ef5db813d7a6cede0ad9a34edc09c/execute/async - {"script":"<script> [2676 bytes]","args":[]}
RESULT: {"script":"<script> [2676 bytes]","args":[]}
COMMAND: POST /session/7d4ef5db813d7a6cede0ad9a34edc09c/execute/async - {"script":"<script> [2342 bytes]","args":[{"protocol":"http","hostname":"0.0.0.0","path":"/","capabilities":{"browserName":"chrome","goog:chromeOptions":{"binary":"C:\\Program Files\\Google\\Chrome\\Application\\chrome.exe","args":["--start-maximized"]}},"logLevel":"warn","connectionRetryTimeout":120000,"connectionRetryCount":3,"logLevels":{},"enableDirectConnect":true,"strictSSL":true,"_":"65 more keys: [\"cacheDir\",\"port\",\"requestedCapabilities\",\"automationProtocol\",\"baseUrl\",\"waitforInterval\",\"waitforTimeout\",\"onReload\",\"beforeCommand\",\"afterCommand\",\"rootDir\",\"specs\",\"suites\",\"exclude\",\"groupLogsByTestSpec\",\"excludeDriverLogs\",\"bail\",\"framework\",\"reporters\",\"services\",\"maxInstances\",\"maxInstancesPerCapability\",\"injectGlobals\",\"filesToWatch\",\"execArgv\",\"runnerEnv\",\"runner\",\"shard\",\"specFileRetries\",\"specFileRetriesDelay\",\"specFileRetriesDeferred\",\"reporterSyncInterval\",\"reporterSyncTimeout\",\"cucumberFeaturesWithLineNumbers\",\"autoCompileOpts\",\"mochaOpts\",\"jasmineOpts\",\"cucumberOpts\",\"onPrepare\",\"onWorkerStart\",\"onWorkerEnd\",\"before\",\"beforeSession\",\"beforeSuite\",\"beforeHook\",\"beforeTest\",\"afterTest\",\"afterHook\",\"afterSuite\",\"afterSession\",\"after\",\"onComplete\",\"beforeAssertion\",\"afterAssertion\",\"beforeFeature\",\"beforeScenario\",\"beforeStep\",\"afterStep\",\"afterScenario\",\"afterFeature\",\"_\",\"suite\",\"$0\",\"ignoredWorkerServices\",\"wdi5\"]"}]}
RESULT: {"script":"<script> [2342 bytes]","args":[{"protocol":"http","hostname":"0.0.0.0","path":"/","capabilities":{"browserName":"chrome","goog:chromeOptions":{"binary":"C:\\Program Files\\Google\\Chrome\\Application\\chrome.exe","args":["--start-maximized"]}},"logLevel":"warn","connectionRetryTimeout":120000,"connectionRetryCount":3,"logLevels":{},"enableDirectConnect":true,"strictSSL":true,"_":"65 more keys: [\"cacheDir\",\"port\",\"requestedCapabilities\",\"automationProtocol\",\"baseUrl\",\"waitforInterval\",\"waitforTimeout\",\"onReload\",\"beforeCommand\",\"afterCommand\",\"rootDir\",\"specs\",\"suites\",\"exclude\",\"groupLogsByTestSpec\",\"excludeDriverLogs\",\"bail\",\"framework\",\"reporters\",\"services\",\"maxInstances\",\"maxInstancesPerCapability\",\"injectGlobals\",\"filesToWatch\",\"execArgv\",\"runnerEnv\",\"runner\",\"shard\",\"specFileRetries\",\"specFileRetriesDelay\",\"specFileRetriesDeferred\",\"reporterSyncInterval\",\"reporterSyncTimeout\",\"cucumberFeaturesWithLineNumbers\",\"autoCompileOpts\",\"mochaOpts\",\"jasmineOpts\",\"cucumberOpts\",\"onPrepare\",\"onWorkerStart\",\"onWorkerEnd\",\"before\",\"beforeSession\",\"beforeSuite\",\"beforeHook\",\"beforeTest\",\"afterTest\",\"afterHook\",\"afterSuite\",\"afterSession\",\"after\",\"onComplete\",\"beforeAssertion\",\"afterAssertion\",\"beforeFeature\",\"beforeScenario\",\"beforeStep\",\"afterStep\",\"afterScenario\",\"afterFeature\",\"_\",\"suite\",\"$0\",\"ignoredWorkerServices\",\"wdi5\"]"}]}
COMMAND: POST /session/7d4ef5db813d7a6cede0ad9a34edc09c/execute/async - {"script":"<script> [21126 bytes]","args":[35000]}
RESULT: {"script":"<script> [21126 bytes]","args":[35000]}
COMMAND: POST /session/7d4ef5db813d7a6cede0ad9a34edc09c/window/maximize - {}
RESULT: {}
COMMAND: POST /session/7d4ef5db813d7a6cede0ad9a34edc09c/execute/async - {"script":"<script> [1562 bytes]","args":[{"selector":{"id":"shell-header","interaction":{"idSuffix":"icon"}},"wdio_ui5_key":"shellheader"}]}
COMMAND: GET /session/7d4ef5db813d7a6cede0ad9a34edc09c/screenshot - {}
RESULT: {"script":"<script> [1562 bytes]","args":[{"selector":{"id":"shell-header","interaction":{"idSuffix":"icon"}},"wdio_ui5_key":"shellheader"}]}
RESULT: undefined
COMMAND: POST /session/7d4ef5db813d7a6cede0ad9a34edc09c/window/fullscreen - {}
RESULT: {}
RESULT: {}
]]></system-out>
    </testcase>
  </testsuite>
  <testsuite timestamp="2025-05-21T16:51:12" time="521.505" tests="4" failures="0" errors="0" skipped="0">
    <properties>
      <property name="specId" value="0"/>
      <property name="suiteName" value="Provide to Site w/o warehouse management w/ clarification US116605"/>
      <property name="capabilities" value="chrome.136_0_7103_93.windows"/>
      <property name="file" value="file:///D:/a/1/s/test/specs/HTR/provide-to-site-wo-warehouse-w-clarification.spec.js"/>
    </properties>
    <testcase classname="chrome.136_0_7103_93.windows.Provide_to_Site_w/o_warehouse_management_w/_clarification_US116605" name="Should create a new yard" time="127.671">
      <system-out><![CDATA[
COMMAND: POST /session/7d4ef5db813d7a6cede0ad9a34edc09c/window/fullscreen - {}
RESULT: {}
COMMAND: POST /session/7d4ef5db813d7a6cede0ad9a34edc09c/execute/async - {"script":"<script> [1562 bytes]","args":[{"selector":{"controlType":"sap.m.GenericTile","properties":{"header":"Manage Yards"}},"wdio_ui5_key":"sapm.GenericTile{\"header\":\"Manage Yards\"}"}]}
RESULT: {"script":"<script> [1562 bytes]","args":[{"selector":{"controlType":"sap.m.GenericTile","properties":{"header":"Manage Yards"}},"wdio_ui5_key":"sapm.GenericTile{\"header\":\"Manage Yards\"}"}]}
RESULT: undefined
COMMAND: POST /session/7d4ef5db813d7a6cede0ad9a34edc09c/element - {"using":"xpath","value":"//*[@id=\"__tile33\"]"}
RESULT: {"using":"xpath","value":"//*[@id=\"__tile33\"]"}
COMMAND: POST /session/7d4ef5db813d7a6cede0ad9a34edc09c/element/f.A871513E4156B49FEA6A1325266FBBC5.d.7878E3F2D881BDB9EAA9CB5B3C1B6592.e.10827/click - {}
RESULT: {}
COMMAND: GET /session/7d4ef5db813d7a6cede0ad9a34edc09c/screenshot - {}
RESULT: {}
COMMAND: POST /session/7d4ef5db813d7a6cede0ad9a34edc09c/elements - {"using":"xpath","value":"//span[text()='Error']"}
RESULT: {"using":"xpath","value":"//span[text()='Error']"}
COMMAND: POST /session/7d4ef5db813d7a6cede0ad9a34edc09c/element - {"using":"xpath","value":"//button[@data-kt=\"addNewYardOverflowToolbarButton\"]"}
RESULT: {"using":"xpath","value":"//button[@data-kt=\"addNewYardOverflowToolbarButton\"]"}
COMMAND: POST /session/7d4ef5db813d7a6cede0ad9a34edc09c/elements - {"using":"xpath","value":"//button[@data-kt=\"addNewYardOverflowToolbarButton\"]"}
RESULT: {"using":"xpath","value":"//button[@data-kt=\"addNewYardOverflowToolbarButton\"]"}
COMMAND: POST /session/7d4ef5db813d7a6cede0ad9a34edc09c/elements - {"using":"xpath","value":"//button[@data-kt=\"addNewYardOverflowToolbarButton\"]"}
RESULT: {"using":"xpath","value":"//button[@data-kt=\"addNewYardOverflowToolbarButton\"]"}
COMMAND: POST /session/7d4ef5db813d7a6cede0ad9a34edc09c/element - {"using":"xpath","value":"//button[@data-kt=\"addNewYardOverflowToolbarButton\"]"}
RESULT: {"using":"xpath","value":"//button[@data-kt=\"addNewYardOverflowToolbarButton\"]"}
COMMAND: POST /session/7d4ef5db813d7a6cede0ad9a34edc09c/execute/sync - {"script":"<script> [8489 bytes]","args":[{"element-6066-11e4-a52e-4f735466cecf":"f.A871513E4156B49FEA6A1325266FBBC5.d.7878E3F2D881BDB9EAA9CB5B3C1B6592.e.10950","ELEMENT":"f.A871513E4156B49FEA6A1325266FBBC5.d.7878E3F2D881BDB9EAA9CB5B3C1B6592.e.10950"}]}
RESULT: {"script":"<script> [8489 bytes]","args":[{"element-6066-11e4-a52e-4f735466cecf":"f.A871513E4156B49FEA6A1325266FBBC5.d.7878E3F2D881BDB9EAA9CB5B3C1B6592.e.10950","ELEMENT":"f.A871513E4156B49FEA6A1325266FBBC5.d.7878E3F2D881BDB9EAA9CB5B3C1B6592.e.10950"}]}
COMMAND: GET /session/7d4ef5db813d7a6cede0ad9a34edc09c/element/f.A871513E4156B49FEA6A1325266FBBC5.d.7878E3F2D881BDB9EAA9CB5B3C1B6592.e.10950/enabled - {}
COMMAND: GET /session/7d4ef5db813d7a6cede0ad9a34edc09c/screenshot - {}
RESULT: {}
COMMAND: POST /session/7d4ef5db813d7a6cede0ad9a34edc09c/execute/sync - {"script":"<script> [8489 bytes]","args":[{"element-6066-11e4-a52e-4f735466cecf":"f.A871513E4156B49FEA6A1325266FBBC5.d.7878E3F2D881BDB9EAA9CB5B3C1B6592.e.10950","ELEMENT":"f.A871513E4156B49FEA6A1325266FBBC5.d.7878E3F2D881BDB9EAA9CB5B3C1B6592.e.10950"}]}
COMMAND: GET /session/7d4ef5db813d7a6cede0ad9a34edc09c/screenshot - {}
RESULT: {}
RESULT: {"script":"<script> [8489 bytes]","args":[{"element-6066-11e4-a52e-4f735466cecf":"f.A871513E4156B49FEA6A1325266FBBC5.d.7878E3F2D881BDB9EAA9CB5B3C1B6592.e.10950","ELEMENT":"f.A871513E4156B49FEA6A1325266FBBC5.d.7878E3F2D881BDB9EAA9CB5B3C1B6592.e.10950"}]}
COMMAND: POST /session/7d4ef5db813d7a6cede0ad9a34edc09c/execute/sync - {"script":"<script> [5351 bytes]","args":[{"element-6066-11e4-a52e-4f735466cecf":"f.A871513E4156B49FEA6A1325266FBBC5.d.7878E3F2D881BDB9EAA9CB5B3C1B6592.e.10950","ELEMENT":"f.A871513E4156B49FEA6A1325266FBBC5.d.7878E3F2D881BDB9EAA9CB5B3C1B6592.e.10950"}]}
COMMAND: GET /session/7d4ef5db813d7a6cede0ad9a34edc09c/screenshot - {}
RESULT: {}
RESULT: {"script":"<script> [5351 bytes]","args":[{"element-6066-11e4-a52e-4f735466cecf":"f.A871513E4156B49FEA6A1325266FBBC5.d.7878E3F2D881BDB9EAA9CB5B3C1B6592.e.10950","ELEMENT":"f.A871513E4156B49FEA6A1325266FBBC5.d.7878E3F2D881BDB9EAA9CB5B3C1B6592.e.10950"}]}
COMMAND: POST /session/7d4ef5db813d7a6cede0ad9a34edc09c/element/f.A871513E4156B49FEA6A1325266FBBC5.d.7878E3F2D881BDB9EAA9CB5B3C1B6592.e.10950/click - {}
COMMAND: GET /session/7d4ef5db813d7a6cede0ad9a34edc09c/screenshot - {}
RESULT: {}
RESULT: {}
COMMAND: GET /session/7d4ef5db813d7a6cede0ad9a34edc09c/screenshot - {}
RESULT: {}
RESULT: {}
COMMAND: POST /session/7d4ef5db813d7a6cede0ad9a34edc09c/element - {"using":"xpath","value":"//input[@id=\"application-manageyards-display-component---NewYard--yardId-inner\"]"}
RESULT: {"using":"xpath","value":"//input[@id=\"application-manageyards-display-component---NewYard--yardId-inner\"]"}
COMMAND: POST /session/7d4ef5db813d7a6cede0ad9a34edc09c/element - {"using":"xpath","value":"//input[@id=\"application-manageyards-display-component---NewYard--yardId-inner\"]"}
RESULT: {"using":"xpath","value":"//input[@id=\"application-manageyards-display-component---NewYard--yardId-inner\"]"}
COMMAND: POST /session/7d4ef5db813d7a6cede0ad9a34edc09c/execute/async - {"script":"<script> [1562 bytes]","args":[{"selector":{"id":"application-manageyards-display-component---NewYard--addressDetailDetailsName1","interaction":{"idSuffix":"inner"}},"wdio_ui5_key":"applicationmanageyards-display-component---NewYard--addressDetailDetailsName1"}]}
RESULT: {"script":"<script> [1562 bytes]","args":[{"selector":{"id":"application-manageyards-display-component---NewYard--addressDetailDetailsName1","interaction":{"idSuffix":"inner"}},"wdio_ui5_key":"applicationmanageyards-display-component---NewYard--addressDetailDetailsName1"}]}
RESULT: undefined
COMMAND: POST /session/7d4ef5db813d7a6cede0ad9a34edc09c/execute/async - {"script":"<script> [776 bytes]","args":[{"enterText":"Other Yard WDIO","selector":{"id":"application-manageyards-display-component---NewYard--addressDetailDetailsName1","interaction":{"idSuffix":"inner"}},"clearTextFirst":true,"interactionType":"ENTER_TEXT"}]}
RESULT: {"script":"<script> [776 bytes]","args":[{"enterText":"Other Yard WDIO","selector":{"id":"application-manageyards-display-component---NewYard--addressDetailDetailsName1","interaction":{"idSuffix":"inner"}},"clearTextFirst":true,"interactionType":"ENTER_TEXT"}]}
COMMAND: POST /session/7d4ef5db813d7a6cede0ad9a34edc09c/execute/async - {"script":"<script> [1562 bytes]","args":[{"selector":{"id":"application-manageyards-display-component---NewYard--addressDetailDetailsLanguage-arrow"},"wdio_ui5_key":"applicationmanageyards-display-component---NewYard--addressDetailDetailsLanguage-arrow"}]}
RESULT: {"script":"<script> [1562 bytes]","args":[{"selector":{"id":"application-manageyards-display-component---NewYard--addressDetailDetailsLanguage-arrow"},"wdio_ui5_key":"applicationmanageyards-display-component---NewYard--addressDetailDetailsLanguage-arrow"}]}
RESULT: undefined
COMMAND: POST /session/7d4ef5db813d7a6cede0ad9a34edc09c/element - {"using":"xpath","value":"//*[@id=\"application-manageyards-display-component---NewYard--addressDetailDetailsLanguage-arrow\"]"}
RESULT: {"using":"xpath","value":"//*[@id=\"application-manageyards-display-component---NewYard--addressDetailDetailsLanguage-arrow\"]"}
COMMAND: POST /session/7d4ef5db813d7a6cede0ad9a34edc09c/element/f.A871513E4156B49FEA6A1325266FBBC5.d.7878E3F2D881BDB9EAA9CB5B3C1B6592.e.11390/click - {}
RESULT: {}
COMMAND: POST /session/7d4ef5db813d7a6cede0ad9a34edc09c/element - {"using":"xpath","value":"//span[contains(text(), \"English\")]"}
COMMAND: GET /session/7d4ef5db813d7a6cede0ad9a34edc09c/screenshot - {}
RESULT: {"using":"xpath","value":"//span[contains(text(), \"English\")]"}
COMMAND: POST /session/7d4ef5db813d7a6cede0ad9a34edc09c/element/f.A871513E4156B49FEA6A1325266FBBC5.d.7878E3F2D881BDB9EAA9CB5B3C1B6592.e.11391/click - {}
RESULT: {}
RESULT: {}
COMMAND: POST /session/7d4ef5db813d7a6cede0ad9a34edc09c/execute/async - {"script":"<script> [1562 bytes]","args":[{"selector":{"id":"application-manageyards-display-component---NewYard--addressDetailDetailsCity1","interaction":{"idSuffix":"inner"}},"wdio_ui5_key":"applicationmanageyards-display-component---NewYard--addressDetailDetailsCity1"}]}
COMMAND: GET /session/7d4ef5db813d7a6cede0ad9a34edc09c/screenshot - {}
RESULT: {"script":"<script> [1562 bytes]","args":[{"selector":{"id":"application-manageyards-display-component---NewYard--addressDetailDetailsCity1","interaction":{"idSuffix":"inner"}},"wdio_ui5_key":"applicationmanageyards-display-component---NewYard--addressDetailDetailsCity1"}]}
RESULT: undefined
COMMAND: POST /session/7d4ef5db813d7a6cede0ad9a34edc09c/execute/async - {"script":"<script> [776 bytes]","args":[{"enterText":"Rosario","selector":{"id":"application-manageyards-display-component---NewYard--addressDetailDetailsCity1","interaction":{"idSuffix":"inner"}},"clearTextFirst":true,"interactionType":"ENTER_TEXT"}]}
RESULT: {}
RESULT: {"script":"<script> [776 bytes]","args":[{"enterText":"Rosario","selector":{"id":"application-manageyards-display-component---NewYard--addressDetailDetailsCity1","interaction":{"idSuffix":"inner"}},"clearTextFirst":true,"interactionType":"ENTER_TEXT"}]}
COMMAND: POST /session/7d4ef5db813d7a6cede0ad9a34edc09c/execute/async - {"script":"<script> [1562 bytes]","args":[{"selector":{"id":"application-manageyards-display-component---NewYard--addressDetailDetailsCountry-arrow"},"wdio_ui5_key":"applicationmanageyards-display-component---NewYard--addressDetailDetailsCountry-arrow"}]}
RESULT: {"script":"<script> [1562 bytes]","args":[{"selector":{"id":"application-manageyards-display-component---NewYard--addressDetailDetailsCountry-arrow"},"wdio_ui5_key":"applicationmanageyards-display-component---NewYard--addressDetailDetailsCountry-arrow"}]}
RESULT: undefined
COMMAND: POST /session/7d4ef5db813d7a6cede0ad9a34edc09c/element - {"using":"xpath","value":"//*[@id=\"application-manageyards-display-component---NewYard--addressDetailDetailsCountry-arrow\"]"}
RESULT: {"using":"xpath","value":"//*[@id=\"application-manageyards-display-component---NewYard--addressDetailDetailsCountry-arrow\"]"}
COMMAND: POST /session/7d4ef5db813d7a6cede0ad9a34edc09c/element/f.A871513E4156B49FEA6A1325266FBBC5.d.7878E3F2D881BDB9EAA9CB5B3C1B6592.e.11393/click - {}
RESULT: {}
COMMAND: POST /session/7d4ef5db813d7a6cede0ad9a34edc09c/element - {"using":"xpath","value":"//span[contains(text(), \"Argentina\")]"}
COMMAND: GET /session/7d4ef5db813d7a6cede0ad9a34edc09c/screenshot - {}
RESULT: {"using":"xpath","value":"//span[contains(text(), \"Argentina\")]"}
COMMAND: POST /session/7d4ef5db813d7a6cede0ad9a34edc09c/element/f.A871513E4156B49FEA6A1325266FBBC5.d.7878E3F2D881BDB9EAA9CB5B3C1B6592.e.11395/click - {}
RESULT: {}
RESULT: {}
COMMAND: POST /session/7d4ef5db813d7a6cede0ad9a34edc09c/execute/async - {"script":"<script> [1562 bytes]","args":[{"selector":{"id":"application-manageyards-display-component---NewYard--addressEditDetailsCostObjectCstType-arrow"},"wdio_ui5_key":"applicationmanageyards-display-component---NewYard--addressEditDetailsCostObjectCstType-arrow"}]}
COMMAND: GET /session/7d4ef5db813d7a6cede0ad9a34edc09c/screenshot - {}
RESULT: {"script":"<script> [1562 bytes]","args":[{"selector":{"id":"application-manageyards-display-component---NewYard--addressEditDetailsCostObjectCstType-arrow"},"wdio_ui5_key":"applicationmanageyards-display-component---NewYard--addressEditDetailsCostObjectCstType-arrow"}]}
RESULT: undefined
COMMAND: POST /session/7d4ef5db813d7a6cede0ad9a34edc09c/element - {"using":"xpath","value":"//*[@id=\"application-manageyards-display-component---NewYard--addressEditDetailsCostObjectCstType-arrow\"]"}
RESULT: {}
RESULT: {"using":"xpath","value":"//*[@id=\"application-manageyards-display-component---NewYard--addressEditDetailsCostObjectCstType-arrow\"]"}
COMMAND: POST /session/7d4ef5db813d7a6cede0ad9a34edc09c/element/f.A871513E4156B49FEA6A1325266FBBC5.d.7878E3F2D881BDB9EAA9CB5B3C1B6592.e.11396/click - {}
RESULT: {}
COMMAND: POST /session/7d4ef5db813d7a6cede0ad9a34edc09c/element - {"using":"xpath","value":"//span[contains(text(), \"Cost Center\")]"}
COMMAND: GET /session/7d4ef5db813d7a6cede0ad9a34edc09c/screenshot - {}
RESULT: {"using":"xpath","value":"//span[contains(text(), \"Cost Center\")]"}
COMMAND: POST /session/7d4ef5db813d7a6cede0ad9a34edc09c/element/f.A871513E4156B49FEA6A1325266FBBC5.d.7878E3F2D881BDB9EAA9CB5B3C1B6592.e.11397/click - {}
RESULT: {}
RESULT: {}
COMMAND: GET /session/7d4ef5db813d7a6cede0ad9a34edc09c/screenshot - {}
RESULT: {}
COMMAND: POST /session/7d4ef5db813d7a6cede0ad9a34edc09c/element - {"using":"xpath","value":"//span[@id=\"application-manageyards-display-component---NewYard--addressNewCostObjectCstID-vhi\"]"}
RESULT: {"using":"xpath","value":"//span[@id=\"application-manageyards-display-component---NewYard--addressNewCostObjectCstID-vhi\"]"}
COMMAND: POST /session/7d4ef5db813d7a6cede0ad9a34edc09c/execute/sync - {"script":"<script> [8489 bytes]","args":[{"element-6066-11e4-a52e-4f735466cecf":"f.A871513E4156B49FEA6A1325266FBBC5.d.7878E3F2D881BDB9EAA9CB5B3C1B6592.e.11401","ELEMENT":"f.A871513E4156B49FEA6A1325266FBBC5.d.7878E3F2D881BDB9EAA9CB5B3C1B6592.e.11401"}]}
RESULT: {"script":"<script> [8489 bytes]","args":[{"element-6066-11e4-a52e-4f735466cecf":"f.A871513E4156B49FEA6A1325266FBBC5.d.7878E3F2D881BDB9EAA9CB5B3C1B6592.e.11401","ELEMENT":"f.A871513E4156B49FEA6A1325266FBBC5.d.7878E3F2D881BDB9EAA9CB5B3C1B6592.e.11401"}]}
COMMAND: POST /session/7d4ef5db813d7a6cede0ad9a34edc09c/execute/async - {"script":"<script> [1562 bytes]","args":[{"selector":{"id":"application-manageyards-display-component---NewYard--addressNewCostObjectCstID-vhi"},"wdio_ui5_key":"applicationmanageyards-display-component---NewYard--addressNewCostObjectCstID-vhi"}]}
COMMAND: GET /session/7d4ef5db813d7a6cede0ad9a34edc09c/screenshot - {}
RESULT: {"script":"<script> [1562 bytes]","args":[{"selector":{"id":"application-manageyards-display-component---NewYard--addressNewCostObjectCstID-vhi"},"wdio_ui5_key":"applicationmanageyards-display-component---NewYard--addressNewCostObjectCstID-vhi"}]}
RESULT: undefined
COMMAND: POST /session/7d4ef5db813d7a6cede0ad9a34edc09c/element - {"using":"xpath","value":"//*[@id=\"application-manageyards-display-component---NewYard--addressNewCostObjectCstID-vhi\"]"}
RESULT: {}
RESULT: {"using":"xpath","value":"//*[@id=\"application-manageyards-display-component---NewYard--addressNewCostObjectCstID-vhi\"]"}
COMMAND: POST /session/7d4ef5db813d7a6cede0ad9a34edc09c/element/f.A871513E4156B49FEA6A1325266FBBC5.d.7878E3F2D881BDB9EAA9CB5B3C1B6592.e.11401/click - {}
RESULT: {}
COMMAND: GET /session/7d4ef5db813d7a6cede0ad9a34edc09c/screenshot - {}
RESULT: {}
COMMAND: POST /session/7d4ef5db813d7a6cede0ad9a34edc09c/execute/async - {"script":"<script> [1562 bytes]","args":[{"selector":{"controlType":"sap.m.SearchField","properties":{"placeholder":"Search"},"searchOpenDialogs":true,"interaction":{"idSuffix":"I"}},"wdio_ui5_key":"sapm.SearchField{\"placeholder\":\"Search\"}"}]}
RESULT: {"script":"<script> [1562 bytes]","args":[{"selector":{"controlType":"sap.m.SearchField","properties":{"placeholder":"Search"},"searchOpenDialogs":true,"interaction":{"idSuffix":"I"}},"wdio_ui5_key":"sapm.SearchField{\"placeholder\":\"Search\"}"}]}
RESULT: undefined
COMMAND: POST /session/7d4ef5db813d7a6cede0ad9a34edc09c/execute/async - {"script":"<script> [776 bytes]","args":[{"enterText":"bauh_b","selector":{"controlType":"sap.m.SearchField","properties":{"placeholder":"Search"},"searchOpenDialogs":true,"interaction":{"idSuffix":"I"}},"clearTextFirst":true,"interactionType":"ENTER_TEXT"}]}
RESULT: {"script":"<script> [776 bytes]","args":[{"enterText":"bauh_b","selector":{"controlType":"sap.m.SearchField","properties":{"placeholder":"Search"},"searchOpenDialogs":true,"interaction":{"idSuffix":"I"}},"clearTextFirst":true,"interactionType":"ENTER_TEXT"}]}
COMMAND: POST /session/7d4ef5db813d7a6cede0ad9a34edc09c/actions - {"actions":[{"id":"action40","type":"key","parameters":{},"actions":[{"type":"keyDown","value":""},{"type":"pause","duration":10},{"type":"keyUp","value":""}]}]}
RESULT: {"actions":[{"id":"action40","type":"key","parameters":{},"actions":[{"type":"keyDown","value":""},{"type":"pause","duration":10},{"type":"keyUp","value":""}]}]}
COMMAND: GET /session/7d4ef5db813d7a6cede0ad9a34edc09c/screenshot - {}
RESULT: {}
COMMAND: POST /session/7d4ef5db813d7a6cede0ad9a34edc09c/element - {"using":"xpath","value":"//span[contains(text(), \"Demo Yard\")]"}
RESULT: {"using":"xpath","value":"//span[contains(text(), \"Demo Yard\")]"}
COMMAND: POST /session/7d4ef5db813d7a6cede0ad9a34edc09c/element/f.A871513E4156B49FEA6A1325266FBBC5.d.7878E3F2D881BDB9EAA9CB5B3C1B6592.e.11443/click - {}
RESULT: {}
COMMAND: GET /session/7d4ef5db813d7a6cede0ad9a34edc09c/screenshot - {}
RESULT: {}
COMMAND: POST /session/7d4ef5db813d7a6cede0ad9a34edc09c/element - {"using":"xpath","value":"//bdi[contains(text(), \"OK\")]"}
RESULT: {"using":"xpath","value":"//bdi[contains(text(), \"OK\")]"}
COMMAND: POST /session/7d4ef5db813d7a6cede0ad9a34edc09c/element/f.A871513E4156B49FEA6A1325266FBBC5.d.7878E3F2D881BDB9EAA9CB5B3C1B6592.e.11444/click - {}
RESULT: {}
COMMAND: GET /session/7d4ef5db813d7a6cede0ad9a34edc09c/screenshot - {}
RESULT: {}
COMMAND: POST /session/7d4ef5db813d7a6cede0ad9a34edc09c/execute/async - {"script":"<script> [1562 bytes]","args":[{"selector":{"id":"application-manageyards-display-component---NewYard--addressEditDetailsCurrency-arrow"},"wdio_ui5_key":"applicationmanageyards-display-component---NewYard--addressEditDetailsCurrency-arrow"}]}
RESULT: {"script":"<script> [1562 bytes]","args":[{"selector":{"id":"application-manageyards-display-component---NewYard--addressEditDetailsCurrency-arrow"},"wdio_ui5_key":"applicationmanageyards-display-component---NewYard--addressEditDetailsCurrency-arrow"}]}
RESULT: undefined
COMMAND: POST /session/7d4ef5db813d7a6cede0ad9a34edc09c/element - {"using":"xpath","value":"//*[@id=\"application-manageyards-display-component---NewYard--addressEditDetailsCurrency-arrow\"]"}
RESULT: {"using":"xpath","value":"//*[@id=\"application-manageyards-display-component---NewYard--addressEditDetailsCurrency-arrow\"]"}
COMMAND: POST /session/7d4ef5db813d7a6cede0ad9a34edc09c/element/f.A871513E4156B49FEA6A1325266FBBC5.d.7878E3F2D881BDB9EAA9CB5B3C1B6592.e.11447/click - {}
RESULT: {}
COMMAND: POST /session/7d4ef5db813d7a6cede0ad9a34edc09c/element - {"using":"xpath","value":"//span[contains(text(), \"Euro\")]"}
COMMAND: GET /session/7d4ef5db813d7a6cede0ad9a34edc09c/screenshot - {}
RESULT: {"using":"xpath","value":"//span[contains(text(), \"Euro\")]"}
COMMAND: POST /session/7d4ef5db813d7a6cede0ad9a34edc09c/element/f.A871513E4156B49FEA6A1325266FBBC5.d.7878E3F2D881BDB9EAA9CB5B3C1B6592.e.11448/click - {}
RESULT: {}
RESULT: {}
COMMAND: POST /session/7d4ef5db813d7a6cede0ad9a34edc09c/execute/async - {"script":"<script> [1562 bytes]","args":[{"selector":{"controlType":"sap.m.Input","viewName":"etm.portal.ui.manageyards.view.New","viewId":"application-manageyards-display-component---NewYard","bindingPath":{"path":"","propertyPath":"/CONTROLLING_AREA","modelName":"NewYardModel"},"interaction":{"idSuffix":"inner"}},"wdio_ui5_key":"etmportal.ui.manageyards.view.Newsap.m.Input{\"path\":\"\",\"propertyPath\":\"/CONTROLLING_AREA\",\"modelName\":\"NewYardModel\"}"}]}
COMMAND: GET /session/7d4ef5db813d7a6cede0ad9a34edc09c/screenshot - {}
RESULT: {"script":"<script> [1562 bytes]","args":[{"selector":{"controlType":"sap.m.Input","viewName":"etm.portal.ui.manageyards.view.New","viewId":"application-manageyards-display-component---NewYard","bindingPath":{"path":"","propertyPath":"/CONTROLLING_AREA","modelName":"NewYardModel"},"interaction":{"idSuffix":"inner"}},"wdio_ui5_key":"etmportal.ui.manageyards.view.Newsap.m.Input{\"path\":\"\",\"propertyPath\":\"/CONTROLLING_AREA\",\"modelName\":\"NewYardModel\"}"}]}
RESULT: undefined
COMMAND: POST /session/7d4ef5db813d7a6cede0ad9a34edc09c/execute/async - {"script":"<script> [776 bytes]","args":[{"enterText":"Z001","selector":{"controlType":"sap.m.Input","viewName":"etm.portal.ui.manageyards.view.New","viewId":"application-manageyards-display-component---NewYard","bindingPath":{"path":"","propertyPath":"/CONTROLLING_AREA","modelName":"NewYardModel"},"interaction":{"idSuffix":"inner"}},"clearTextFirst":true,"interactionType":"ENTER_TEXT"}]}
RESULT: {}
RESULT: {"script":"<script> [776 bytes]","args":[{"enterText":"Z001","selector":{"controlType":"sap.m.Input","viewName":"etm.portal.ui.manageyards.view.New","viewId":"application-manageyards-display-component---NewYard","bindingPath":{"path":"","propertyPath":"/CONTROLLING_AREA","modelName":"NewYardModel"},"interaction":{"idSuffix":"inner"}},"clearTextFirst":true,"interactionType":"ENTER_TEXT"}]}
COMMAND: POST /session/7d4ef5db813d7a6cede0ad9a34edc09c/execute/async - {"script":"<script> [1562 bytes]","args":[{"selector":{"id":"application-manageyards-display-component---NewYard--companyCodeComboBox","interaction":{"idSuffix":"inner"}},"wdio_ui5_key":"applicationmanageyards-display-component---NewYard--companyCodeComboBox"}]}
RESULT: {"script":"<script> [1562 bytes]","args":[{"selector":{"id":"application-manageyards-display-component---NewYard--companyCodeComboBox","interaction":{"idSuffix":"inner"}},"wdio_ui5_key":"applicationmanageyards-display-component---NewYard--companyCodeComboBox"}]}
RESULT: undefined
COMMAND: POST /session/7d4ef5db813d7a6cede0ad9a34edc09c/execute/async - {"script":"<script> [776 bytes]","args":[{"enterText":"1000","selector":{"id":"application-manageyards-display-component---NewYard--companyCodeComboBox","interaction":{"idSuffix":"inner"}},"clearTextFirst":true,"interactionType":"ENTER_TEXT"}]}
RESULT: {"script":"<script> [776 bytes]","args":[{"enterText":"1000","selector":{"id":"application-manageyards-display-component---NewYard--companyCodeComboBox","interaction":{"idSuffix":"inner"}},"clearTextFirst":true,"interactionType":"ENTER_TEXT"}]}
COMMAND: POST /session/7d4ef5db813d7a6cede0ad9a34edc09c/execute/async - {"script":"<script> [1562 bytes]","args":[{"selector":{"controlType":"sap.m.Input","viewName":"etm.portal.ui.manageyards.view.New","viewId":"application-manageyards-display-component---NewYard","bindingPath":{"path":"","propertyPath":"/PLANT","modelName":"NewYardModel"},"interaction":{"idSuffix":"inner"}},"wdio_ui5_key":"etmportal.ui.manageyards.view.Newsap.m.Input{\"path\":\"\",\"propertyPath\":\"/PLANT\",\"modelName\":\"NewYardModel\"}"}]}
RESULT: {"script":"<script> [1562 bytes]","args":[{"selector":{"controlType":"sap.m.Input","viewName":"etm.portal.ui.manageyards.view.New","viewId":"application-manageyards-display-component---NewYard","bindingPath":{"path":"","propertyPath":"/PLANT","modelName":"NewYardModel"},"interaction":{"idSuffix":"inner"}},"wdio_ui5_key":"etmportal.ui.manageyards.view.Newsap.m.Input{\"path\":\"\",\"propertyPath\":\"/PLANT\",\"modelName\":\"NewYardModel\"}"}]}
RESULT: undefined
COMMAND: POST /session/7d4ef5db813d7a6cede0ad9a34edc09c/execute/async - {"script":"<script> [776 bytes]","args":[{"enterText":"1001","selector":{"controlType":"sap.m.Input","viewName":"etm.portal.ui.manageyards.view.New","viewId":"application-manageyards-display-component---NewYard","bindingPath":{"path":"","propertyPath":"/PLANT","modelName":"NewYardModel"},"interaction":{"idSuffix":"inner"}},"clearTextFirst":true,"interactionType":"ENTER_TEXT"}]}
RESULT: {"script":"<script> [776 bytes]","args":[{"enterText":"1001","selector":{"controlType":"sap.m.Input","viewName":"etm.portal.ui.manageyards.view.New","viewId":"application-manageyards-display-component---NewYard","bindingPath":{"path":"","propertyPath":"/PLANT","modelName":"NewYardModel"},"interaction":{"idSuffix":"inner"}},"clearTextFirst":true,"interactionType":"ENTER_TEXT"}]}
COMMAND: POST /session/7d4ef5db813d7a6cede0ad9a34edc09c/execute/async - {"script":"<script> [1562 bytes]","args":[{"selector":{"controlType":"sap.m.Input","viewName":"etm.portal.ui.manageyards.view.New","viewId":"application-manageyards-display-component---NewYard","bindingPath":{"path":"","propertyPath":"/SALES_AREA_VKORG","modelName":"NewYardModel"},"interaction":{"idSuffix":"inner"}},"wdio_ui5_key":"etmportal.ui.manageyards.view.Newsap.m.Input{\"path\":\"\",\"propertyPath\":\"/SALES_AREA_VKORG\",\"modelName\":\"NewYardModel\"}"}]}
RESULT: {"script":"<script> [1562 bytes]","args":[{"selector":{"controlType":"sap.m.Input","viewName":"etm.portal.ui.manageyards.view.New","viewId":"application-manageyards-display-component---NewYard","bindingPath":{"path":"","propertyPath":"/SALES_AREA_VKORG","modelName":"NewYardModel"},"interaction":{"idSuffix":"inner"}},"wdio_ui5_key":"etmportal.ui.manageyards.view.Newsap.m.Input{\"path\":\"\",\"propertyPath\":\"/SALES_AREA_VKORG\",\"modelName\":\"NewYardModel\"}"}]}
RESULT: undefined
COMMAND: POST /session/7d4ef5db813d7a6cede0ad9a34edc09c/execute/async - {"script":"<script> [776 bytes]","args":[{"enterText":"C002","selector":{"controlType":"sap.m.Input","viewName":"etm.portal.ui.manageyards.view.New","viewId":"application-manageyards-display-component---NewYard","bindingPath":{"path":"","propertyPath":"/SALES_AREA_VKORG","modelName":"NewYardModel"},"interaction":{"idSuffix":"inner"}},"clearTextFirst":true,"interactionType":"ENTER_TEXT"}]}
RESULT: {"script":"<script> [776 bytes]","args":[{"enterText":"C002","selector":{"controlType":"sap.m.Input","viewName":"etm.portal.ui.manageyards.view.New","viewId":"application-manageyards-display-component---NewYard","bindingPath":{"path":"","propertyPath":"/SALES_AREA_VKORG","modelName":"NewYardModel"},"interaction":{"idSuffix":"inner"}},"clearTextFirst":true,"interactionType":"ENTER_TEXT"}]}
COMMAND: POST /session/7d4ef5db813d7a6cede0ad9a34edc09c/execute/async - {"script":"<script> [1562 bytes]","args":[{"selector":{"controlType":"sap.m.Input","viewName":"etm.portal.ui.manageyards.view.New","viewId":"application-manageyards-display-component---NewYard","bindingPath":{"path":"","propertyPath":"/SALES_AREA_VTWEG","modelName":"NewYardModel"},"interaction":{"idSuffix":"inner"}},"wdio_ui5_key":"etmportal.ui.manageyards.view.Newsap.m.Input{\"path\":\"\",\"propertyPath\":\"/SALES_AREA_VTWEG\",\"modelName\":\"NewYardModel\"}"}]}
RESULT: {"script":"<script> [1562 bytes]","args":[{"selector":{"controlType":"sap.m.Input","viewName":"etm.portal.ui.manageyards.view.New","viewId":"application-manageyards-display-component---NewYard","bindingPath":{"path":"","propertyPath":"/SALES_AREA_VTWEG","modelName":"NewYardModel"},"interaction":{"idSuffix":"inner"}},"wdio_ui5_key":"etmportal.ui.manageyards.view.Newsap.m.Input{\"path\":\"\",\"propertyPath\":\"/SALES_AREA_VTWEG\",\"modelName\":\"NewYardModel\"}"}]}
RESULT: undefined
COMMAND: POST /session/7d4ef5db813d7a6cede0ad9a34edc09c/execute/async - {"script":"<script> [776 bytes]","args":[{"enterText":"C2","selector":{"controlType":"sap.m.Input","viewName":"etm.portal.ui.manageyards.view.New","viewId":"application-manageyards-display-component---NewYard","bindingPath":{"path":"","propertyPath":"/SALES_AREA_VTWEG","modelName":"NewYardModel"},"interaction":{"idSuffix":"inner"}},"clearTextFirst":true,"interactionType":"ENTER_TEXT"}]}
RESULT: {"script":"<script> [776 bytes]","args":[{"enterText":"C2","selector":{"controlType":"sap.m.Input","viewName":"etm.portal.ui.manageyards.view.New","viewId":"application-manageyards-display-component---NewYard","bindingPath":{"path":"","propertyPath":"/SALES_AREA_VTWEG","modelName":"NewYardModel"},"interaction":{"idSuffix":"inner"}},"clearTextFirst":true,"interactionType":"ENTER_TEXT"}]}
COMMAND: POST /session/7d4ef5db813d7a6cede0ad9a34edc09c/execute/async - {"script":"<script> [1562 bytes]","args":[{"selector":{"controlType":"sap.m.Input","viewName":"etm.portal.ui.manageyards.view.New","viewId":"application-manageyards-display-component---NewYard","bindingPath":{"path":"","propertyPath":"/SALES_AREA_SPART","modelName":"NewYardModel"},"interaction":{"idSuffix":"inner"}},"wdio_ui5_key":"etmportal.ui.manageyards.view.Newsap.m.Input{\"path\":\"\",\"propertyPath\":\"/SALES_AREA_SPART\",\"modelName\":\"NewYardModel\"}"}]}
RESULT: {"script":"<script> [1562 bytes]","args":[{"selector":{"controlType":"sap.m.Input","viewName":"etm.portal.ui.manageyards.view.New","viewId":"application-manageyards-display-component---NewYard","bindingPath":{"path":"","propertyPath":"/SALES_AREA_SPART","modelName":"NewYardModel"},"interaction":{"idSuffix":"inner"}},"wdio_ui5_key":"etmportal.ui.manageyards.view.Newsap.m.Input{\"path\":\"\",\"propertyPath\":\"/SALES_AREA_SPART\",\"modelName\":\"NewYardModel\"}"}]}
RESULT: undefined
COMMAND: POST /session/7d4ef5db813d7a6cede0ad9a34edc09c/execute/async - {"script":"<script> [776 bytes]","args":[{"enterText":"C2","selector":{"controlType":"sap.m.Input","viewName":"etm.portal.ui.manageyards.view.New","viewId":"application-manageyards-display-component---NewYard","bindingPath":{"path":"","propertyPath":"/SALES_AREA_SPART","modelName":"NewYardModel"},"interaction":{"idSuffix":"inner"}},"clearTextFirst":true,"interactionType":"ENTER_TEXT"}]}
RESULT: {"script":"<script> [776 bytes]","args":[{"enterText":"C2","selector":{"controlType":"sap.m.Input","viewName":"etm.portal.ui.manageyards.view.New","viewId":"application-manageyards-display-component---NewYard","bindingPath":{"path":"","propertyPath":"/SALES_AREA_SPART","modelName":"NewYardModel"},"interaction":{"idSuffix":"inner"}},"clearTextFirst":true,"interactionType":"ENTER_TEXT"}]}
COMMAND: POST /session/7d4ef5db813d7a6cede0ad9a34edc09c/execute/async - {"script":"<script> [1562 bytes]","args":[{"selector":{"controlType":"sap.m.Input","viewName":"etm.portal.ui.manageyards.view.New","viewId":"application-manageyards-display-component---NewYard","bindingPath":{"path":"","propertyPath":"/SHIP_POINT","modelName":"NewYardModel"},"interaction":{"idSuffix":"inner"}},"wdio_ui5_key":"etmportal.ui.manageyards.view.Newsap.m.Input{\"path\":\"\",\"propertyPath\":\"/SHIP_POINT\",\"modelName\":\"NewYardModel\"}"}]}
RESULT: {"script":"<script> [1562 bytes]","args":[{"selector":{"controlType":"sap.m.Input","viewName":"etm.portal.ui.manageyards.view.New","viewId":"application-manageyards-display-component---NewYard","bindingPath":{"path":"","propertyPath":"/SHIP_POINT","modelName":"NewYardModel"},"interaction":{"idSuffix":"inner"}},"wdio_ui5_key":"etmportal.ui.manageyards.view.Newsap.m.Input{\"path\":\"\",\"propertyPath\":\"/SHIP_POINT\",\"modelName\":\"NewYardModel\"}"}]}
RESULT: undefined
COMMAND: POST /session/7d4ef5db813d7a6cede0ad9a34edc09c/execute/async - {"script":"<script> [776 bytes]","args":[{"enterText":"1710","selector":{"controlType":"sap.m.Input","viewName":"etm.portal.ui.manageyards.view.New","viewId":"application-manageyards-display-component---NewYard","bindingPath":{"path":"","propertyPath":"/SHIP_POINT","modelName":"NewYardModel"},"interaction":{"idSuffix":"inner"}},"clearTextFirst":true,"interactionType":"ENTER_TEXT"}]}
RESULT: {"script":"<script> [776 bytes]","args":[{"enterText":"1710","selector":{"controlType":"sap.m.Input","viewName":"etm.portal.ui.manageyards.view.New","viewId":"application-manageyards-display-component---NewYard","bindingPath":{"path":"","propertyPath":"/SHIP_POINT","modelName":"NewYardModel"},"interaction":{"idSuffix":"inner"}},"clearTextFirst":true,"interactionType":"ENTER_TEXT"}]}
COMMAND: POST /session/7d4ef5db813d7a6cede0ad9a34edc09c/execute/async - {"script":"<script> [1562 bytes]","args":[{"selector":{"controlType":"sap.m.Input","viewName":"etm.portal.ui.manageyards.view.New","viewId":"application-manageyards-display-component---NewYard","bindingPath":{"path":"","propertyPath":"/DELIVERY_TYPE","modelName":"NewYardModel"},"interaction":{"idSuffix":"inner"}},"wdio_ui5_key":"etmportal.ui.manageyards.view.Newsap.m.Input{\"path\":\"\",\"propertyPath\":\"/DELIVERY_TYPE\",\"modelName\":\"NewYardModel\"}"}]}
RESULT: {"script":"<script> [1562 bytes]","args":[{"selector":{"controlType":"sap.m.Input","viewName":"etm.portal.ui.manageyards.view.New","viewId":"application-manageyards-display-component---NewYard","bindingPath":{"path":"","propertyPath":"/DELIVERY_TYPE","modelName":"NewYardModel"},"interaction":{"idSuffix":"inner"}},"wdio_ui5_key":"etmportal.ui.manageyards.view.Newsap.m.Input{\"path\":\"\",\"propertyPath\":\"/DELIVERY_TYPE\",\"modelName\":\"NewYardModel\"}"}]}
RESULT: undefined
COMMAND: POST /session/7d4ef5db813d7a6cede0ad9a34edc09c/execute/async - {"script":"<script> [776 bytes]","args":[{"enterText":"ZL01","selector":{"controlType":"sap.m.Input","viewName":"etm.portal.ui.manageyards.view.New","viewId":"application-manageyards-display-component---NewYard","bindingPath":{"path":"","propertyPath":"/DELIVERY_TYPE","modelName":"NewYardModel"},"interaction":{"idSuffix":"inner"}},"clearTextFirst":true,"interactionType":"ENTER_TEXT"}]}
RESULT: {"script":"<script> [776 bytes]","args":[{"enterText":"ZL01","selector":{"controlType":"sap.m.Input","viewName":"etm.portal.ui.manageyards.view.New","viewId":"application-manageyards-display-component---NewYard","bindingPath":{"path":"","propertyPath":"/DELIVERY_TYPE","modelName":"NewYardModel"},"interaction":{"idSuffix":"inner"}},"clearTextFirst":true,"interactionType":"ENTER_TEXT"}]}
COMMAND: POST /session/7d4ef5db813d7a6cede0ad9a34edc09c/execute/async - {"script":"<script> [1562 bytes]","args":[{"selector":{"controlType":"sap.m.Input","viewName":"etm.portal.ui.manageyards.view.New","viewId":"application-manageyards-display-component---NewYard","bindingPath":{"path":"","propertyPath":"/AUART","modelName":"NewYardModel"},"interaction":{"idSuffix":"inner"}},"wdio_ui5_key":"etmportal.ui.manageyards.view.Newsap.m.Input{\"path\":\"\",\"propertyPath\":\"/AUART\",\"modelName\":\"NewYardModel\"}"}]}
RESULT: {"script":"<script> [1562 bytes]","args":[{"selector":{"controlType":"sap.m.Input","viewName":"etm.portal.ui.manageyards.view.New","viewId":"application-manageyards-display-component---NewYard","bindingPath":{"path":"","propertyPath":"/AUART","modelName":"NewYardModel"},"interaction":{"idSuffix":"inner"}},"wdio_ui5_key":"etmportal.ui.manageyards.view.Newsap.m.Input{\"path\":\"\",\"propertyPath\":\"/AUART\",\"modelName\":\"NewYardModel\"}"}]}
RESULT: undefined
COMMAND: POST /session/7d4ef5db813d7a6cede0ad9a34edc09c/execute/async - {"script":"<script> [776 bytes]","args":[{"enterText":"TA","selector":{"controlType":"sap.m.Input","viewName":"etm.portal.ui.manageyards.view.New","viewId":"application-manageyards-display-component---NewYard","bindingPath":{"path":"","propertyPath":"/AUART","modelName":"NewYardModel"},"interaction":{"idSuffix":"inner"}},"clearTextFirst":true,"interactionType":"ENTER_TEXT"}]}
RESULT: {"script":"<script> [776 bytes]","args":[{"enterText":"TA","selector":{"controlType":"sap.m.Input","viewName":"etm.portal.ui.manageyards.view.New","viewId":"application-manageyards-display-component---NewYard","bindingPath":{"path":"","propertyPath":"/AUART","modelName":"NewYardModel"},"interaction":{"idSuffix":"inner"}},"clearTextFirst":true,"interactionType":"ENTER_TEXT"}]}
COMMAND: POST /session/7d4ef5db813d7a6cede0ad9a34edc09c/element - {"using":"xpath","value":"//button[@data-kt=\"newYardSaveButton\"]"}
RESULT: {"using":"xpath","value":"//button[@data-kt=\"newYardSaveButton\"]"}
COMMAND: POST /session/7d4ef5db813d7a6cede0ad9a34edc09c/element/f.A871513E4156B49FEA6A1325266FBBC5.d.7878E3F2D881BDB9EAA9CB5B3C1B6592.e.11350/click - {}
RESULT: {}
COMMAND: GET /session/7d4ef5db813d7a6cede0ad9a34edc09c/screenshot - {}
RESULT: {}
COMMAND: POST /session/7d4ef5db813d7a6cede0ad9a34edc09c/element - {"using":"xpath","value":"//header[contains(@id, 'ObjectPageLayout-headerTitle')]/div[1]/div[2]/div[1]/span[1]"}
RESULT: {"using":"xpath","value":"//header[contains(@id, 'ObjectPageLayout-headerTitle')]/div[1]/div[2]/div[1]/span[1]"}
COMMAND: POST /session/7d4ef5db813d7a6cede0ad9a34edc09c/elements - {"using":"xpath","value":"//header[contains(@id, 'ObjectPageLayout-headerTitle')]/div[1]/div[2]/div[1]/span[1]"}
RESULT: {"using":"xpath","value":"//header[contains(@id, 'ObjectPageLayout-headerTitle')]/div[1]/div[2]/div[1]/span[1]"}
COMMAND: POST /session/7d4ef5db813d7a6cede0ad9a34edc09c/execute/sync - {"script":"<script> [56 bytes]","args":[{"element-6066-11e4-a52e-4f735466cecf":"f.A871513E4156B49FEA6A1325266FBBC5.d.7878E3F2D881BDB9EAA9CB5B3C1B6592.e.11673","ELEMENT":"f.A871513E4156B49FEA6A1325266FBBC5.d.7878E3F2D881BDB9EAA9CB5B3C1B6592.e.11673"}]}
RESULT: {"script":"<script> [56 bytes]","args":[{"element-6066-11e4-a52e-4f735466cecf":"f.A871513E4156B49FEA6A1325266FBBC5.d.7878E3F2D881BDB9EAA9CB5B3C1B6592.e.11673","ELEMENT":"f.A871513E4156B49FEA6A1325266FBBC5.d.7878E3F2D881BDB9EAA9CB5B3C1B6592.e.11673"}]}
COMMAND: GET /session/7d4ef5db813d7a6cede0ad9a34edc09c/screenshot - {}
RESULT: {}
COMMAND: POST /session/7d4ef5db813d7a6cede0ad9a34edc09c/element - {"using":"css selector","value":"#shell-header-logo"}
RESULT: {"using":"css selector","value":"#shell-header-logo"}
COMMAND: POST /session/7d4ef5db813d7a6cede0ad9a34edc09c/element/f.A871513E4156B49FEA6A1325266FBBC5.d.7878E3F2D881BDB9EAA9CB5B3C1B6592.e.10792/click - {}
RESULT: {}
COMMAND: GET /session/7d4ef5db813d7a6cede0ad9a34edc09c/screenshot - {}
RESULT: {}
COMMAND: POST /session/7d4ef5db813d7a6cede0ad9a34edc09c/execute/sync - {"script":"<script> [299 bytes]","args":[["getModel","getResource"]]}
RESULT: {"script":"<script> [299 bytes]","args":[["getModel","getResource"]]}
]]></system-out>
    </testcase>
    <testcase classname="chrome.136_0_7103_93.windows.Provide_to_Site_w/o_warehouse_management_w/_clarification_US116605" name="Should create a new external partner" time="103.352">
      <system-out><![CDATA[
COMMAND: POST /session/7d4ef5db813d7a6cede0ad9a34edc09c/window/fullscreen - {}
COMMAND: GET /session/7d4ef5db813d7a6cede0ad9a34edc09c/screenshot - {}
RESULT: {}
COMMAND: POST /session/7d4ef5db813d7a6cede0ad9a34edc09c/execute/async - {"script":"<script> [1562 bytes]","args":[{"selector":{"controlType":"sap.m.GenericTile","properties":{"header":"Manage Partners"}},"wdio_ui5_key":"sapm.GenericTile{\"header\":\"Manage Partners\"}"}]}
RESULT: {}
RESULT: {"script":"<script> [1562 bytes]","args":[{"selector":{"controlType":"sap.m.GenericTile","properties":{"header":"Manage Partners"}},"wdio_ui5_key":"sapm.GenericTile{\"header\":\"Manage Partners\"}"}]}
RESULT: undefined
COMMAND: POST /session/7d4ef5db813d7a6cede0ad9a34edc09c/element - {"using":"xpath","value":"//*[@id=\"__tile30\"]"}
RESULT: {"using":"xpath","value":"//*[@id=\"__tile30\"]"}
COMMAND: POST /session/7d4ef5db813d7a6cede0ad9a34edc09c/element/f.A871513E4156B49FEA6A1325266FBBC5.d.7878E3F2D881BDB9EAA9CB5B3C1B6592.e.10818/click - {}
RESULT: {}
COMMAND: GET /session/7d4ef5db813d7a6cede0ad9a34edc09c/screenshot - {}
RESULT: {}
COMMAND: POST /session/7d4ef5db813d7a6cede0ad9a34edc09c/elements - {"using":"xpath","value":"//span[text()='Error']"}
RESULT: {"using":"xpath","value":"//span[text()='Error']"}
COMMAND: POST /session/7d4ef5db813d7a6cede0ad9a34edc09c/element - {"using":"xpath","value":"//button[@data-kt=\"addButton\"]"}
RESULT: {"using":"xpath","value":"//button[@data-kt=\"addButton\"]"}
COMMAND: POST /session/7d4ef5db813d7a6cede0ad9a34edc09c/elements - {"using":"xpath","value":"//button[@data-kt=\"addButton\"]"}
RESULT: {"using":"xpath","value":"//button[@data-kt=\"addButton\"]"}
COMMAND: POST /session/7d4ef5db813d7a6cede0ad9a34edc09c/execute/sync - {"script":"<script> [8489 bytes]","args":[{"element-6066-11e4-a52e-4f735466cecf":"f.A871513E4156B49FEA6A1325266FBBC5.d.7878E3F2D881BDB9EAA9CB5B3C1B6592.e.11722","ELEMENT":"f.A871513E4156B49FEA6A1325266FBBC5.d.7878E3F2D881BDB9EAA9CB5B3C1B6592.e.11722"}]}
RESULT: {"script":"<script> [8489 bytes]","args":[{"element-6066-11e4-a52e-4f735466cecf":"f.A871513E4156B49FEA6A1325266FBBC5.d.7878E3F2D881BDB9EAA9CB5B3C1B6592.e.11722","ELEMENT":"f.A871513E4156B49FEA6A1325266FBBC5.d.7878E3F2D881BDB9EAA9CB5B3C1B6592.e.11722"}]}
COMMAND: GET /session/7d4ef5db813d7a6cede0ad9a34edc09c/element/f.A871513E4156B49FEA6A1325266FBBC5.d.7878E3F2D881BDB9EAA9CB5B3C1B6592.e.11722/enabled - {}
COMMAND: GET /session/7d4ef5db813d7a6cede0ad9a34edc09c/screenshot - {}
RESULT: {}
COMMAND: POST /session/7d4ef5db813d7a6cede0ad9a34edc09c/execute/sync - {"script":"<script> [8489 bytes]","args":[{"element-6066-11e4-a52e-4f735466cecf":"f.A871513E4156B49FEA6A1325266FBBC5.d.7878E3F2D881BDB9EAA9CB5B3C1B6592.e.11722","ELEMENT":"f.A871513E4156B49FEA6A1325266FBBC5.d.7878E3F2D881BDB9EAA9CB5B3C1B6592.e.11722"}]}
COMMAND: GET /session/7d4ef5db813d7a6cede0ad9a34edc09c/screenshot - {}
RESULT: {}
RESULT: {"script":"<script> [8489 bytes]","args":[{"element-6066-11e4-a52e-4f735466cecf":"f.A871513E4156B49FEA6A1325266FBBC5.d.7878E3F2D881BDB9EAA9CB5B3C1B6592.e.11722","ELEMENT":"f.A871513E4156B49FEA6A1325266FBBC5.d.7878E3F2D881BDB9EAA9CB5B3C1B6592.e.11722"}]}
COMMAND: POST /session/7d4ef5db813d7a6cede0ad9a34edc09c/execute/sync - {"script":"<script> [5351 bytes]","args":[{"element-6066-11e4-a52e-4f735466cecf":"f.A871513E4156B49FEA6A1325266FBBC5.d.7878E3F2D881BDB9EAA9CB5B3C1B6592.e.11722","ELEMENT":"f.A871513E4156B49FEA6A1325266FBBC5.d.7878E3F2D881BDB9EAA9CB5B3C1B6592.e.11722"}]}
COMMAND: GET /session/7d4ef5db813d7a6cede0ad9a34edc09c/screenshot - {}
RESULT: {}
RESULT: {"script":"<script> [5351 bytes]","args":[{"element-6066-11e4-a52e-4f735466cecf":"f.A871513E4156B49FEA6A1325266FBBC5.d.7878E3F2D881BDB9EAA9CB5B3C1B6592.e.11722","ELEMENT":"f.A871513E4156B49FEA6A1325266FBBC5.d.7878E3F2D881BDB9EAA9CB5B3C1B6592.e.11722"}]}
COMMAND: POST /session/7d4ef5db813d7a6cede0ad9a34edc09c/element/f.A871513E4156B49FEA6A1325266FBBC5.d.7878E3F2D881BDB9EAA9CB5B3C1B6592.e.11722/click - {}
COMMAND: GET /session/7d4ef5db813d7a6cede0ad9a34edc09c/screenshot - {}
RESULT: {}
RESULT: {}
COMMAND: GET /session/7d4ef5db813d7a6cede0ad9a34edc09c/screenshot - {}
RESULT: {}
COMMAND: POST /session/7d4ef5db813d7a6cede0ad9a34edc09c/execute/async - {"script":"<script> [1562 bytes]","args":[{"selector":{"id":"application-managepartners-display-component---NewPartner--addressDetailDetailsName1","interaction":{"idSuffix":"inner"}},"wdio_ui5_key":"applicationmanagepartners-display-component---NewPartner--addressDetailDetailsName1"}]}
RESULT: {}
RESULT: {"script":"<script> [1562 bytes]","args":[{"selector":{"id":"application-managepartners-display-component---NewPartner--addressDetailDetailsName1","interaction":{"idSuffix":"inner"}},"wdio_ui5_key":"applicationmanagepartners-display-component---NewPartner--addressDetailDetailsName1"}]}
RESULT: undefined
COMMAND: POST /session/7d4ef5db813d7a6cede0ad9a34edc09c/execute/async - {"script":"<script> [776 bytes]","args":[{"enterText":"External Partner WDIO","selector":{"id":"application-managepartners-display-component---NewPartner--addressDetailDetailsName1","interaction":{"idSuffix":"inner"}},"clearTextFirst":true,"interactionType":"ENTER_TEXT"}]}
RESULT: {"script":"<script> [776 bytes]","args":[{"enterText":"External Partner WDIO","selector":{"id":"application-managepartners-display-component---NewPartner--addressDetailDetailsName1","interaction":{"idSuffix":"inner"}},"clearTextFirst":true,"interactionType":"ENTER_TEXT"}]}
COMMAND: POST /session/7d4ef5db813d7a6cede0ad9a34edc09c/execute/async - {"script":"<script> [1562 bytes]","args":[{"selector":{"id":"application-managepartners-display-component---NewPartner--addressDetailDetailsLanguage-arrow"},"wdio_ui5_key":"applicationmanagepartners-display-component---NewPartner--addressDetailDetailsLanguage-arrow"}]}
RESULT: {"script":"<script> [1562 bytes]","args":[{"selector":{"id":"application-managepartners-display-component---NewPartner--addressDetailDetailsLanguage-arrow"},"wdio_ui5_key":"applicationmanagepartners-display-component---NewPartner--addressDetailDetailsLanguage-arrow"}]}
RESULT: undefined
COMMAND: POST /session/7d4ef5db813d7a6cede0ad9a34edc09c/element - {"using":"xpath","value":"//*[@id=\"application-managepartners-display-component---NewPartner--addressDetailDetailsLanguage-arrow\"]"}
RESULT: {"using":"xpath","value":"//*[@id=\"application-managepartners-display-component---NewPartner--addressDetailDetailsLanguage-arrow\"]"}
COMMAND: POST /session/7d4ef5db813d7a6cede0ad9a34edc09c/element/f.A871513E4156B49FEA6A1325266FBBC5.d.7878E3F2D881BDB9EAA9CB5B3C1B6592.e.12162/click - {}
RESULT: {}
COMMAND: POST /session/7d4ef5db813d7a6cede0ad9a34edc09c/element - {"using":"xpath","value":"//span[contains(text(), \"English\")]"}
COMMAND: GET /session/7d4ef5db813d7a6cede0ad9a34edc09c/screenshot - {}
RESULT: {"using":"xpath","value":"//span[contains(text(), \"English\")]"}
COMMAND: POST /session/7d4ef5db813d7a6cede0ad9a34edc09c/element/f.A871513E4156B49FEA6A1325266FBBC5.d.7878E3F2D881BDB9EAA9CB5B3C1B6592.e.12163/click - {}
RESULT: {}
RESULT: {}
COMMAND: GET /session/7d4ef5db813d7a6cede0ad9a34edc09c/screenshot - {}
RESULT: {}
COMMAND: POST /session/7d4ef5db813d7a6cede0ad9a34edc09c/execute/async - {"script":"<script> [1562 bytes]","args":[{"selector":{"id":"application-managepartners-display-component---NewPartner--addressDetailDetailsCity1","interaction":{"idSuffix":"inner"}},"wdio_ui5_key":"applicationmanagepartners-display-component---NewPartner--addressDetailDetailsCity1"}]}
RESULT: {"script":"<script> [1562 bytes]","args":[{"selector":{"id":"application-managepartners-display-component---NewPartner--addressDetailDetailsCity1","interaction":{"idSuffix":"inner"}},"wdio_ui5_key":"applicationmanagepartners-display-component---NewPartner--addressDetailDetailsCity1"}]}
RESULT: undefined
COMMAND: POST /session/7d4ef5db813d7a6cede0ad9a34edc09c/execute/async - {"script":"<script> [776 bytes]","args":[{"enterText":"Rosario","selector":{"id":"application-managepartners-display-component---NewPartner--addressDetailDetailsCity1","interaction":{"idSuffix":"inner"}},"clearTextFirst":true,"interactionType":"ENTER_TEXT"}]}
RESULT: {"script":"<script> [776 bytes]","args":[{"enterText":"Rosario","selector":{"id":"application-managepartners-display-component---NewPartner--addressDetailDetailsCity1","interaction":{"idSuffix":"inner"}},"clearTextFirst":true,"interactionType":"ENTER_TEXT"}]}
COMMAND: POST /session/7d4ef5db813d7a6cede0ad9a34edc09c/execute/async - {"script":"<script> [1562 bytes]","args":[{"selector":{"id":"application-managepartners-display-component---NewPartner--addressDetailDetailsCountry-arrow"},"wdio_ui5_key":"applicationmanagepartners-display-component---NewPartner--addressDetailDetailsCountry-arrow"}]}
RESULT: {"script":"<script> [1562 bytes]","args":[{"selector":{"id":"application-managepartners-display-component---NewPartner--addressDetailDetailsCountry-arrow"},"wdio_ui5_key":"applicationmanagepartners-display-component---NewPartner--addressDetailDetailsCountry-arrow"}]}
RESULT: undefined
COMMAND: POST /session/7d4ef5db813d7a6cede0ad9a34edc09c/element - {"using":"xpath","value":"//*[@id=\"application-managepartners-display-component---NewPartner--addressDetailDetailsCountry-arrow\"]"}
RESULT: {"using":"xpath","value":"//*[@id=\"application-managepartners-display-component---NewPartner--addressDetailDetailsCountry-arrow\"]"}
COMMAND: POST /session/7d4ef5db813d7a6cede0ad9a34edc09c/element/f.A871513E4156B49FEA6A1325266FBBC5.d.7878E3F2D881BDB9EAA9CB5B3C1B6592.e.12130/click - {}
RESULT: {}
COMMAND: POST /session/7d4ef5db813d7a6cede0ad9a34edc09c/element - {"using":"xpath","value":"//span[contains(text(), \"Argentina\")]"}
COMMAND: GET /session/7d4ef5db813d7a6cede0ad9a34edc09c/screenshot - {}
RESULT: {"using":"xpath","value":"//span[contains(text(), \"Argentina\")]"}
COMMAND: POST /session/7d4ef5db813d7a6cede0ad9a34edc09c/element/f.A871513E4156B49FEA6A1325266FBBC5.d.7878E3F2D881BDB9EAA9CB5B3C1B6592.e.12165/click - {}
RESULT: {}
RESULT: {}
COMMAND: GET /session/7d4ef5db813d7a6cede0ad9a34edc09c/screenshot - {}
RESULT: {}
COMMAND: POST /session/7d4ef5db813d7a6cede0ad9a34edc09c/element - {"using":"xpath","value":"//bdi[contains(text(), \"Commercial\")]"}
RESULT: {"using":"xpath","value":"//bdi[contains(text(), \"Commercial\")]"}
COMMAND: POST /session/7d4ef5db813d7a6cede0ad9a34edc09c/element/f.A871513E4156B49FEA6A1325266FBBC5.d.7878E3F2D881BDB9EAA9CB5B3C1B6592.e.12166/click - {}
RESULT: {}
COMMAND: GET /session/7d4ef5db813d7a6cede0ad9a34edc09c/screenshot - {}
RESULT: {}
COMMAND: POST /session/7d4ef5db813d7a6cede0ad9a34edc09c/execute/async - {"script":"<script> [1562 bytes]","args":[{"selector":{"id":"application-managepartners-display-component---NewPartner--partnerDetailInternal-arrow"},"wdio_ui5_key":"applicationmanagepartners-display-component---NewPartner--partnerDetailInternal-arrow"}]}
RESULT: {"script":"<script> [1562 bytes]","args":[{"selector":{"id":"application-managepartners-display-component---NewPartner--partnerDetailInternal-arrow"},"wdio_ui5_key":"applicationmanagepartners-display-component---NewPartner--partnerDetailInternal-arrow"}]}
RESULT: undefined
COMMAND: POST /session/7d4ef5db813d7a6cede0ad9a34edc09c/element - {"using":"xpath","value":"//*[@id=\"application-managepartners-display-component---NewPartner--partnerDetailInternal-arrow\"]"}
RESULT: {"using":"xpath","value":"//*[@id=\"application-managepartners-display-component---NewPartner--partnerDetailInternal-arrow\"]"}
COMMAND: POST /session/7d4ef5db813d7a6cede0ad9a34edc09c/element/f.A871513E4156B49FEA6A1325266FBBC5.d.7878E3F2D881BDB9EAA9CB5B3C1B6592.e.12172/click - {}
RESULT: {}
COMMAND: POST /session/7d4ef5db813d7a6cede0ad9a34edc09c/element - {"using":"xpath","value":"//span[contains(text(), \"External partner\")]"}
COMMAND: GET /session/7d4ef5db813d7a6cede0ad9a34edc09c/screenshot - {}
RESULT: {"using":"xpath","value":"//span[contains(text(), \"External partner\")]"}
COMMAND: POST /session/7d4ef5db813d7a6cede0ad9a34edc09c/element/f.A871513E4156B49FEA6A1325266FBBC5.d.7878E3F2D881BDB9EAA9CB5B3C1B6592.e.12173/click - {}
RESULT: {}
RESULT: {}
COMMAND: POST /session/7d4ef5db813d7a6cede0ad9a34edc09c/execute/async - {"script":"<script> [1562 bytes]","args":[{"selector":{"id":"application-managepartners-display-component---NewPartner--partnerDetailsCurrency-arrow"},"wdio_ui5_key":"applicationmanagepartners-display-component---NewPartner--partnerDetailsCurrency-arrow"}]}
COMMAND: GET /session/7d4ef5db813d7a6cede0ad9a34edc09c/screenshot - {}
RESULT: {"script":"<script> [1562 bytes]","args":[{"selector":{"id":"application-managepartners-display-component---NewPartner--partnerDetailsCurrency-arrow"},"wdio_ui5_key":"applicationmanagepartners-display-component---NewPartner--partnerDetailsCurrency-arrow"}]}
RESULT: undefined
COMMAND: POST /session/7d4ef5db813d7a6cede0ad9a34edc09c/element - {"using":"xpath","value":"//*[@id=\"application-managepartners-display-component---NewPartner--partnerDetailsCurrency-arrow\"]"}
RESULT: {}
RESULT: {"using":"xpath","value":"//*[@id=\"application-managepartners-display-component---NewPartner--partnerDetailsCurrency-arrow\"]"}
COMMAND: POST /session/7d4ef5db813d7a6cede0ad9a34edc09c/element/f.A871513E4156B49FEA6A1325266FBBC5.d.7878E3F2D881BDB9EAA9CB5B3C1B6592.e.12178/click - {}
RESULT: {}
COMMAND: POST /session/7d4ef5db813d7a6cede0ad9a34edc09c/element - {"using":"xpath","value":"//span[contains(text(), \"US Dollar\")]"}
COMMAND: GET /session/7d4ef5db813d7a6cede0ad9a34edc09c/screenshot - {}
RESULT: {"using":"xpath","value":"//span[contains(text(), \"US Dollar\")]"}
COMMAND: POST /session/7d4ef5db813d7a6cede0ad9a34edc09c/element/f.A871513E4156B49FEA6A1325266FBBC5.d.7878E3F2D881BDB9EAA9CB5B3C1B6592.e.12179/click - {}
RESULT: {}
RESULT: {}
COMMAND: GET /session/7d4ef5db813d7a6cede0ad9a34edc09c/screenshot - {}
RESULT: {}
COMMAND: POST /session/7d4ef5db813d7a6cede0ad9a34edc09c/element - {"using":"xpath","value":"//input[@id=\"application-managepartners-display-component---NewPartner--companyCodeComboBox-inner\"]"}
RESULT: {"using":"xpath","value":"//input[@id=\"application-managepartners-display-component---NewPartner--companyCodeComboBox-inner\"]"}
COMMAND: POST /session/7d4ef5db813d7a6cede0ad9a34edc09c/element/f.A871513E4156B49FEA6A1325266FBBC5.d.7878E3F2D881BDB9EAA9CB5B3C1B6592.e.12032/clear - {}
RESULT: {}
COMMAND: POST /session/7d4ef5db813d7a6cede0ad9a34edc09c/element/f.A871513E4156B49FEA6A1325266FBBC5.d.7878E3F2D881BDB9EAA9CB5B3C1B6592.e.12032/value - {"text":"C002"}
COMMAND: GET /session/7d4ef5db813d7a6cede0ad9a34edc09c/screenshot - {}
RESULT: {"text":"C002"}
COMMAND: GET /session/7d4ef5db813d7a6cede0ad9a34edc09c/screenshot - {}
RESULT: {}
RESULT: {}
COMMAND: POST /session/7d4ef5db813d7a6cede0ad9a34edc09c/element - {"using":"xpath","value":"//li[.//span[text()= \"C002\"]]"}
RESULT: {"using":"xpath","value":"//li[.//span[text()= \"C002\"]]"}
COMMAND: POST /session/7d4ef5db813d7a6cede0ad9a34edc09c/element/f.A871513E4156B49FEA6A1325266FBBC5.d.7878E3F2D881BDB9EAA9CB5B3C1B6592.e.12183/click - {}
RESULT: {}
COMMAND: GET /session/7d4ef5db813d7a6cede0ad9a34edc09c/screenshot - {}
RESULT: {}
COMMAND: POST /session/7d4ef5db813d7a6cede0ad9a34edc09c/execute/async - {"script":"<script> [1562 bytes]","args":[{"selector":{"id":"application-managepartners-display-component---NewPartner--btnAddTableRow-img"},"wdio_ui5_key":"applicationmanagepartners-display-component---NewPartner--btnAddTableRow-img"}]}
RESULT: {"script":"<script> [1562 bytes]","args":[{"selector":{"id":"application-managepartners-display-component---NewPartner--btnAddTableRow-img"},"wdio_ui5_key":"applicationmanagepartners-display-component---NewPartner--btnAddTableRow-img"}]}
RESULT: undefined
COMMAND: POST /session/7d4ef5db813d7a6cede0ad9a34edc09c/element - {"using":"xpath","value":"//*[@id=\"application-managepartners-display-component---NewPartner--btnAddTableRow-img\"]"}
RESULT: {"using":"xpath","value":"//*[@id=\"application-managepartners-display-component---NewPartner--btnAddTableRow-img\"]"}
COMMAND: POST /session/7d4ef5db813d7a6cede0ad9a34edc09c/element/f.A871513E4156B49FEA6A1325266FBBC5.d.7878E3F2D881BDB9EAA9CB5B3C1B6592.e.12184/click - {}
RESULT: {}
COMMAND: GET /session/7d4ef5db813d7a6cede0ad9a34edc09c/screenshot - {}
RESULT: {}
COMMAND: POST /session/7d4ef5db813d7a6cede0ad9a34edc09c/element - {"using":"xpath","value":"//input[@id=\"application-managepartners-display-component---NewPartner--assignmentYard-application-managepartners-display-component---NewPartner--assignmentsTable-0-inner\"]"}
RESULT: {"using":"xpath","value":"//input[@id=\"application-managepartners-display-component---NewPartner--assignmentYard-application-managepartners-display-component---NewPartner--assignmentsTable-0-inner\"]"}
COMMAND: POST /session/7d4ef5db813d7a6cede0ad9a34edc09c/element/f.A871513E4156B49FEA6A1325266FBBC5.d.7878E3F2D881BDB9EAA9CB5B3C1B6592.e.12187/clear - {}
RESULT: {}
COMMAND: POST /session/7d4ef5db813d7a6cede0ad9a34edc09c/element/f.A871513E4156B49FEA6A1325266FBBC5.d.7878E3F2D881BDB9EAA9CB5B3C1B6592.e.12187/value - {"text":"637"}
COMMAND: GET /session/7d4ef5db813d7a6cede0ad9a34edc09c/screenshot - {}
RESULT: {"text":"637"}
COMMAND: GET /session/7d4ef5db813d7a6cede0ad9a34edc09c/screenshot - {}
RESULT: {}
RESULT: {}
COMMAND: POST /session/7d4ef5db813d7a6cede0ad9a34edc09c/element - {"using":"xpath","value":"//li[.//span[text()='637']]"}
RESULT: {"using":"xpath","value":"//li[.//span[text()='637']]"}
COMMAND: POST /session/7d4ef5db813d7a6cede0ad9a34edc09c/element/f.A871513E4156B49FEA6A1325266FBBC5.d.7878E3F2D881BDB9EAA9CB5B3C1B6592.e.12195/click - {}
RESULT: {}
COMMAND: GET /session/7d4ef5db813d7a6cede0ad9a34edc09c/screenshot - {}
RESULT: {}
COMMAND: POST /session/7d4ef5db813d7a6cede0ad9a34edc09c/actions - {"actions":[{"id":"action41","type":"key","parameters":{},"actions":[{"type":"keyDown","value":""},{"type":"pause","duration":10},{"type":"keyUp","value":""}]}]}
RESULT: {"actions":[{"id":"action41","type":"key","parameters":{},"actions":[{"type":"keyDown","value":""},{"type":"pause","duration":10},{"type":"keyUp","value":""}]}]}
COMMAND: POST /session/7d4ef5db813d7a6cede0ad9a34edc09c/element - {"using":"xpath","value":"//td[contains(@id, \"assignmentsTable-0-cell2\")]/div/div"}
COMMAND: GET /session/7d4ef5db813d7a6cede0ad9a34edc09c/screenshot - {}
RESULT: {"using":"xpath","value":"//td[contains(@id, \"assignmentsTable-0-cell2\")]/div/div"}
COMMAND: POST /session/7d4ef5db813d7a6cede0ad9a34edc09c/element/f.A871513E4156B49FEA6A1325266FBBC5.d.7878E3F2D881BDB9EAA9CB5B3C1B6592.e.12198/click - {}
RESULT: {}
RESULT: {}
COMMAND: GET /session/7d4ef5db813d7a6cede0ad9a34edc09c/screenshot - {}
RESULT: {}
COMMAND: POST /session/7d4ef5db813d7a6cede0ad9a34edc09c/element - {"using":"xpath","value":"//button[@data-kt=\"saveButton\"]"}
RESULT: {"using":"xpath","value":"//button[@data-kt=\"saveButton\"]"}
COMMAND: POST /session/7d4ef5db813d7a6cede0ad9a34edc09c/element/f.A871513E4156B49FEA6A1325266FBBC5.d.7878E3F2D881BDB9EAA9CB5B3C1B6592.e.12042/click - {}
RESULT: {}
COMMAND: GET /session/7d4ef5db813d7a6cede0ad9a34edc09c/screenshot - {}
RESULT: {}
COMMAND: POST /session/7d4ef5db813d7a6cede0ad9a34edc09c/element - {"using":"xpath","value":"//header[contains(@id, 'ObjectPageLayout-headerTitle')]/div[1]/div[2]/div[2]/span[1]"}
RESULT: {"using":"xpath","value":"//header[contains(@id, 'ObjectPageLayout-headerTitle')]/div[1]/div[2]/div[2]/span[1]"}
COMMAND: POST /session/7d4ef5db813d7a6cede0ad9a34edc09c/elements - {"using":"xpath","value":"//header[contains(@id, 'ObjectPageLayout-headerTitle')]/div[1]/div[2]/div[2]/span[1]"}
RESULT: {"using":"xpath","value":"//header[contains(@id, 'ObjectPageLayout-headerTitle')]/div[1]/div[2]/div[2]/span[1]"}
COMMAND: POST /session/7d4ef5db813d7a6cede0ad9a34edc09c/execute/sync - {"script":"<script> [56 bytes]","args":[{"element-6066-11e4-a52e-4f735466cecf":"f.A871513E4156B49FEA6A1325266FBBC5.d.7878E3F2D881BDB9EAA9CB5B3C1B6592.e.12363","ELEMENT":"f.A871513E4156B49FEA6A1325266FBBC5.d.7878E3F2D881BDB9EAA9CB5B3C1B6592.e.12363"}]}
RESULT: {"script":"<script> [56 bytes]","args":[{"element-6066-11e4-a52e-4f735466cecf":"f.A871513E4156B49FEA6A1325266FBBC5.d.7878E3F2D881BDB9EAA9CB5B3C1B6592.e.12363","ELEMENT":"f.A871513E4156B49FEA6A1325266FBBC5.d.7878E3F2D881BDB9EAA9CB5B3C1B6592.e.12363"}]}
COMMAND: POST /session/7d4ef5db813d7a6cede0ad9a34edc09c/element - {"using":"css selector","value":"#shell-header-logo"}
COMMAND: GET /session/7d4ef5db813d7a6cede0ad9a34edc09c/screenshot - {}
RESULT: {"using":"css selector","value":"#shell-header-logo"}
COMMAND: POST /session/7d4ef5db813d7a6cede0ad9a34edc09c/element/f.A871513E4156B49FEA6A1325266FBBC5.d.7878E3F2D881BDB9EAA9CB5B3C1B6592.e.11677/click - {}
RESULT: {}
RESULT: {}
COMMAND: GET /session/7d4ef5db813d7a6cede0ad9a34edc09c/screenshot - {}
RESULT: {}
COMMAND: POST /session/7d4ef5db813d7a6cede0ad9a34edc09c/execute/sync - {"script":"<script> [299 bytes]","args":[["getModel","getResource"]]}
RESULT: {"script":"<script> [299 bytes]","args":[["getModel","getResource"]]}
]]></system-out>
    </testcase>
    <testcase classname="chrome.136_0_7103_93.windows.Provide_to_Site_w/o_warehouse_management_w/_clarification_US116605" name="Should create a new site" time="155.486">
      <system-out><![CDATA[
COMMAND: POST /session/7d4ef5db813d7a6cede0ad9a34edc09c/execute/async - {"script":"<script> [1562 bytes]","args":[{"selector":{"controlType":"sap.m.GenericTile","properties":{"header":"Manage Sites"}},"wdio_ui5_key":"sapm.GenericTile{\"header\":\"Manage Sites\"}"}]}
COMMAND: GET /session/7d4ef5db813d7a6cede0ad9a34edc09c/screenshot - {}
RESULT: {"script":"<script> [1562 bytes]","args":[{"selector":{"controlType":"sap.m.GenericTile","properties":{"header":"Manage Sites"}},"wdio_ui5_key":"sapm.GenericTile{\"header\":\"Manage Sites\"}"}]}
RESULT: undefined
COMMAND: POST /session/7d4ef5db813d7a6cede0ad9a34edc09c/element - {"using":"xpath","value":"//*[@id=\"__tile32\"]"}
RESULT: {}
RESULT: {"using":"xpath","value":"//*[@id=\"__tile32\"]"}
COMMAND: POST /session/7d4ef5db813d7a6cede0ad9a34edc09c/element/f.A871513E4156B49FEA6A1325266FBBC5.d.7878E3F2D881BDB9EAA9CB5B3C1B6592.e.10824/click - {}
RESULT: {}
COMMAND: GET /session/7d4ef5db813d7a6cede0ad9a34edc09c/screenshot - {}
RESULT: {}
COMMAND: POST /session/7d4ef5db813d7a6cede0ad9a34edc09c/elements - {"using":"xpath","value":"//span[text()='Error']"}
RESULT: {"using":"xpath","value":"//span[text()='Error']"}
COMMAND: POST /session/7d4ef5db813d7a6cede0ad9a34edc09c/element - {"using":"xpath","value":"//button[@data-kt=\"addOverflowToolbarButton\"]"}
RESULT: {"using":"xpath","value":"//button[@data-kt=\"addOverflowToolbarButton\"]"}
COMMAND: POST /session/7d4ef5db813d7a6cede0ad9a34edc09c/elements - {"using":"xpath","value":"//button[@data-kt=\"addOverflowToolbarButton\"]"}
RESULT: {"using":"xpath","value":"//button[@data-kt=\"addOverflowToolbarButton\"]"}
COMMAND: POST /session/7d4ef5db813d7a6cede0ad9a34edc09c/execute/sync - {"script":"<script> [8489 bytes]","args":[{"element-6066-11e4-a52e-4f735466cecf":"f.A871513E4156B49FEA6A1325266FBBC5.d.7878E3F2D881BDB9EAA9CB5B3C1B6592.e.12411","ELEMENT":"f.A871513E4156B49FEA6A1325266FBBC5.d.7878E3F2D881BDB9EAA9CB5B3C1B6592.e.12411"}]}
RESULT: {"script":"<script> [8489 bytes]","args":[{"element-6066-11e4-a52e-4f735466cecf":"f.A871513E4156B49FEA6A1325266FBBC5.d.7878E3F2D881BDB9EAA9CB5B3C1B6592.e.12411","ELEMENT":"f.A871513E4156B49FEA6A1325266FBBC5.d.7878E3F2D881BDB9EAA9CB5B3C1B6592.e.12411"}]}
COMMAND: GET /session/7d4ef5db813d7a6cede0ad9a34edc09c/element/f.A871513E4156B49FEA6A1325266FBBC5.d.7878E3F2D881BDB9EAA9CB5B3C1B6592.e.12411/enabled - {}
COMMAND: GET /session/7d4ef5db813d7a6cede0ad9a34edc09c/screenshot - {}
RESULT: {}
COMMAND: POST /session/7d4ef5db813d7a6cede0ad9a34edc09c/execute/sync - {"script":"<script> [8489 bytes]","args":[{"element-6066-11e4-a52e-4f735466cecf":"f.A871513E4156B49FEA6A1325266FBBC5.d.7878E3F2D881BDB9EAA9CB5B3C1B6592.e.12411","ELEMENT":"f.A871513E4156B49FEA6A1325266FBBC5.d.7878E3F2D881BDB9EAA9CB5B3C1B6592.e.12411"}]}
COMMAND: GET /session/7d4ef5db813d7a6cede0ad9a34edc09c/screenshot - {}
RESULT: {}
RESULT: {"script":"<script> [8489 bytes]","args":[{"element-6066-11e4-a52e-4f735466cecf":"f.A871513E4156B49FEA6A1325266FBBC5.d.7878E3F2D881BDB9EAA9CB5B3C1B6592.e.12411","ELEMENT":"f.A871513E4156B49FEA6A1325266FBBC5.d.7878E3F2D881BDB9EAA9CB5B3C1B6592.e.12411"}]}
COMMAND: POST /session/7d4ef5db813d7a6cede0ad9a34edc09c/execute/sync - {"script":"<script> [5351 bytes]","args":[{"element-6066-11e4-a52e-4f735466cecf":"f.A871513E4156B49FEA6A1325266FBBC5.d.7878E3F2D881BDB9EAA9CB5B3C1B6592.e.12411","ELEMENT":"f.A871513E4156B49FEA6A1325266FBBC5.d.7878E3F2D881BDB9EAA9CB5B3C1B6592.e.12411"}]}
COMMAND: GET /session/7d4ef5db813d7a6cede0ad9a34edc09c/screenshot - {}
RESULT: {}
RESULT: {"script":"<script> [5351 bytes]","args":[{"element-6066-11e4-a52e-4f735466cecf":"f.A871513E4156B49FEA6A1325266FBBC5.d.7878E3F2D881BDB9EAA9CB5B3C1B6592.e.12411","ELEMENT":"f.A871513E4156B49FEA6A1325266FBBC5.d.7878E3F2D881BDB9EAA9CB5B3C1B6592.e.12411"}]}
COMMAND: POST /session/7d4ef5db813d7a6cede0ad9a34edc09c/element/f.A871513E4156B49FEA6A1325266FBBC5.d.7878E3F2D881BDB9EAA9CB5B3C1B6592.e.12411/click - {}
COMMAND: GET /session/7d4ef5db813d7a6cede0ad9a34edc09c/screenshot - {}
RESULT: {}
RESULT: {}
COMMAND: GET /session/7d4ef5db813d7a6cede0ad9a34edc09c/screenshot - {}
COMMAND: POST /session/7d4ef5db813d7a6cede0ad9a34edc09c/element - {"using":"xpath","value":"//input[@id=\"application-managesites-display-component---NewSite--siteId-inner\"]"}
RESULT: {}
RESULT: {}
RESULT: {"using":"xpath","value":"//input[@id=\"application-managesites-display-component---NewSite--siteId-inner\"]"}
COMMAND: POST /session/7d4ef5db813d7a6cede0ad9a34edc09c/element - {"using":"xpath","value":"//input[@id=\"application-managesites-display-component---NewSite--siteId-inner\"]"}
RESULT: {"using":"xpath","value":"//input[@id=\"application-managesites-display-component---NewSite--siteId-inner\"]"}
COMMAND: POST /session/7d4ef5db813d7a6cede0ad9a34edc09c/execute/async - {"script":"<script> [1562 bytes]","args":[{"selector":{"id":"application-managesites-display-component---NewSite--addressDetailDetailsName1","interaction":{"idSuffix":"inner"}},"wdio_ui5_key":"applicationmanagesites-display-component---NewSite--addressDetailDetailsName1"}]}
RESULT: {"script":"<script> [1562 bytes]","args":[{"selector":{"id":"application-managesites-display-component---NewSite--addressDetailDetailsName1","interaction":{"idSuffix":"inner"}},"wdio_ui5_key":"applicationmanagesites-display-component---NewSite--addressDetailDetailsName1"}]}
RESULT: undefined
COMMAND: POST /session/7d4ef5db813d7a6cede0ad9a34edc09c/execute/async - {"script":"<script> [776 bytes]","args":[{"enterText":"Other Type Site WDIO","selector":{"id":"application-managesites-display-component---NewSite--addressDetailDetailsName1","interaction":{"idSuffix":"inner"}},"clearTextFirst":true,"interactionType":"ENTER_TEXT"}]}
RESULT: {"script":"<script> [776 bytes]","args":[{"enterText":"Other Type Site WDIO","selector":{"id":"application-managesites-display-component---NewSite--addressDetailDetailsName1","interaction":{"idSuffix":"inner"}},"clearTextFirst":true,"interactionType":"ENTER_TEXT"}]}
COMMAND: POST /session/7d4ef5db813d7a6cede0ad9a34edc09c/execute/async - {"script":"<script> [1562 bytes]","args":[{"selector":{"id":"application-managesites-display-component---NewSite--addressDetailDetailsLanguage-arrow"},"wdio_ui5_key":"applicationmanagesites-display-component---NewSite--addressDetailDetailsLanguage-arrow"}]}
RESULT: {"script":"<script> [1562 bytes]","args":[{"selector":{"id":"application-managesites-display-component---NewSite--addressDetailDetailsLanguage-arrow"},"wdio_ui5_key":"applicationmanagesites-display-component---NewSite--addressDetailDetailsLanguage-arrow"}]}
RESULT: undefined
COMMAND: POST /session/7d4ef5db813d7a6cede0ad9a34edc09c/element - {"using":"xpath","value":"//*[@id=\"application-managesites-display-component---NewSite--addressDetailDetailsLanguage-arrow\"]"}
RESULT: {"using":"xpath","value":"//*[@id=\"application-managesites-display-component---NewSite--addressDetailDetailsLanguage-arrow\"]"}
COMMAND: POST /session/7d4ef5db813d7a6cede0ad9a34edc09c/element/f.A871513E4156B49FEA6A1325266FBBC5.d.7878E3F2D881BDB9EAA9CB5B3C1B6592.e.12808/click - {}
RESULT: {}
COMMAND: POST /session/7d4ef5db813d7a6cede0ad9a34edc09c/element - {"using":"xpath","value":"//span[contains(text(), \"English\")]"}
COMMAND: GET /session/7d4ef5db813d7a6cede0ad9a34edc09c/screenshot - {}
RESULT: {"using":"xpath","value":"//span[contains(text(), \"English\")]"}
COMMAND: POST /session/7d4ef5db813d7a6cede0ad9a34edc09c/element/f.A871513E4156B49FEA6A1325266FBBC5.d.7878E3F2D881BDB9EAA9CB5B3C1B6592.e.12809/click - {}
RESULT: {}
RESULT: {}
COMMAND: POST /session/7d4ef5db813d7a6cede0ad9a34edc09c/execute/async - {"script":"<script> [1562 bytes]","args":[{"selector":{"id":"application-managesites-display-component---NewSite--addressDetailDetailsCity1","interaction":{"idSuffix":"inner"}},"wdio_ui5_key":"applicationmanagesites-display-component---NewSite--addressDetailDetailsCity1"}]}
COMMAND: GET /session/7d4ef5db813d7a6cede0ad9a34edc09c/screenshot - {}
RESULT: {"script":"<script> [1562 bytes]","args":[{"selector":{"id":"application-managesites-display-component---NewSite--addressDetailDetailsCity1","interaction":{"idSuffix":"inner"}},"wdio_ui5_key":"applicationmanagesites-display-component---NewSite--addressDetailDetailsCity1"}]}
RESULT: undefined
COMMAND: POST /session/7d4ef5db813d7a6cede0ad9a34edc09c/execute/async - {"script":"<script> [776 bytes]","args":[{"enterText":"Rosario","selector":{"id":"application-managesites-display-component---NewSite--addressDetailDetailsCity1","interaction":{"idSuffix":"inner"}},"clearTextFirst":true,"interactionType":"ENTER_TEXT"}]}
RESULT: {}
RESULT: {"script":"<script> [776 bytes]","args":[{"enterText":"Rosario","selector":{"id":"application-managesites-display-component---NewSite--addressDetailDetailsCity1","interaction":{"idSuffix":"inner"}},"clearTextFirst":true,"interactionType":"ENTER_TEXT"}]}
COMMAND: POST /session/7d4ef5db813d7a6cede0ad9a34edc09c/execute/async - {"script":"<script> [1562 bytes]","args":[{"selector":{"id":"application-managesites-display-component---NewSite--addressDetailDetailsCountry-arrow"},"wdio_ui5_key":"applicationmanagesites-display-component---NewSite--addressDetailDetailsCountry-arrow"}]}
RESULT: {"script":"<script> [1562 bytes]","args":[{"selector":{"id":"application-managesites-display-component---NewSite--addressDetailDetailsCountry-arrow"},"wdio_ui5_key":"applicationmanagesites-display-component---NewSite--addressDetailDetailsCountry-arrow"}]}
RESULT: undefined
COMMAND: POST /session/7d4ef5db813d7a6cede0ad9a34edc09c/element - {"using":"xpath","value":"//*[@id=\"application-managesites-display-component---NewSite--addressDetailDetailsCountry-arrow\"]"}
RESULT: {"using":"xpath","value":"//*[@id=\"application-managesites-display-component---NewSite--addressDetailDetailsCountry-arrow\"]"}
COMMAND: POST /session/7d4ef5db813d7a6cede0ad9a34edc09c/element/f.A871513E4156B49FEA6A1325266FBBC5.d.7878E3F2D881BDB9EAA9CB5B3C1B6592.e.12811/click - {}
RESULT: {}
COMMAND: POST /session/7d4ef5db813d7a6cede0ad9a34edc09c/element - {"using":"xpath","value":"//span[contains(text(), \"Argentina\")]"}
COMMAND: GET /session/7d4ef5db813d7a6cede0ad9a34edc09c/screenshot - {}
RESULT: {"using":"xpath","value":"//span[contains(text(), \"Argentina\")]"}
COMMAND: POST /session/7d4ef5db813d7a6cede0ad9a34edc09c/element/f.A871513E4156B49FEA6A1325266FBBC5.d.7878E3F2D881BDB9EAA9CB5B3C1B6592.e.12813/click - {}
RESULT: {}
RESULT: {}
COMMAND: GET /session/7d4ef5db813d7a6cede0ad9a34edc09c/screenshot - {}
RESULT: {}
COMMAND: POST /session/7d4ef5db813d7a6cede0ad9a34edc09c/execute/async - {"script":"<script> [1562 bytes]","args":[{"selector":{"id":"application-managesites-display-component---NewSite--addressEditDetailsCostObjectCstType-arrow"},"wdio_ui5_key":"applicationmanagesites-display-component---NewSite--addressEditDetailsCostObjectCstType-arrow"}]}
RESULT: {"script":"<script> [1562 bytes]","args":[{"selector":{"id":"application-managesites-display-component---NewSite--addressEditDetailsCostObjectCstType-arrow"},"wdio_ui5_key":"applicationmanagesites-display-component---NewSite--addressEditDetailsCostObjectCstType-arrow"}]}
RESULT: undefined
COMMAND: POST /session/7d4ef5db813d7a6cede0ad9a34edc09c/element - {"using":"xpath","value":"//*[@id=\"application-managesites-display-component---NewSite--addressEditDetailsCostObjectCstType-arrow\"]"}
RESULT: {"using":"xpath","value":"//*[@id=\"application-managesites-display-component---NewSite--addressEditDetailsCostObjectCstType-arrow\"]"}
COMMAND: POST /session/7d4ef5db813d7a6cede0ad9a34edc09c/element/f.A871513E4156B49FEA6A1325266FBBC5.d.7878E3F2D881BDB9EAA9CB5B3C1B6592.e.12814/click - {}
RESULT: {}
COMMAND: POST /session/7d4ef5db813d7a6cede0ad9a34edc09c/element - {"using":"xpath","value":"//span[contains(text(), \"Cost Center\")]"}
COMMAND: GET /session/7d4ef5db813d7a6cede0ad9a34edc09c/screenshot - {}
RESULT: {"using":"xpath","value":"//span[contains(text(), \"Cost Center\")]"}
COMMAND: POST /session/7d4ef5db813d7a6cede0ad9a34edc09c/element/f.A871513E4156B49FEA6A1325266FBBC5.d.7878E3F2D881BDB9EAA9CB5B3C1B6592.e.12815/click - {}
RESULT: {}
RESULT: {}
COMMAND: GET /session/7d4ef5db813d7a6cede0ad9a34edc09c/screenshot - {}
RESULT: {}
COMMAND: POST /session/7d4ef5db813d7a6cede0ad9a34edc09c/element - {"using":"xpath","value":"//span[@id=\"application-managesites-display-component---NewSite--addressNewCostObjectCstID-vhi\"]"}
RESULT: {"using":"xpath","value":"//span[@id=\"application-managesites-display-component---NewSite--addressNewCostObjectCstID-vhi\"]"}
COMMAND: POST /session/7d4ef5db813d7a6cede0ad9a34edc09c/execute/sync - {"script":"<script> [8489 bytes]","args":[{"element-6066-11e4-a52e-4f735466cecf":"f.A871513E4156B49FEA6A1325266FBBC5.d.7878E3F2D881BDB9EAA9CB5B3C1B6592.e.12820","ELEMENT":"f.A871513E4156B49FEA6A1325266FBBC5.d.7878E3F2D881BDB9EAA9CB5B3C1B6592.e.12820"}]}
RESULT: {"script":"<script> [8489 bytes]","args":[{"element-6066-11e4-a52e-4f735466cecf":"f.A871513E4156B49FEA6A1325266FBBC5.d.7878E3F2D881BDB9EAA9CB5B3C1B6592.e.12820","ELEMENT":"f.A871513E4156B49FEA6A1325266FBBC5.d.7878E3F2D881BDB9EAA9CB5B3C1B6592.e.12820"}]}
COMMAND: POST /session/7d4ef5db813d7a6cede0ad9a34edc09c/execute/async - {"script":"<script> [1562 bytes]","args":[{"selector":{"id":"application-managesites-display-component---NewSite--addressNewCostObjectCstID-vhi"},"wdio_ui5_key":"applicationmanagesites-display-component---NewSite--addressNewCostObjectCstID-vhi"}]}
COMMAND: GET /session/7d4ef5db813d7a6cede0ad9a34edc09c/screenshot - {}
RESULT: {"script":"<script> [1562 bytes]","args":[{"selector":{"id":"application-managesites-display-component---NewSite--addressNewCostObjectCstID-vhi"},"wdio_ui5_key":"applicationmanagesites-display-component---NewSite--addressNewCostObjectCstID-vhi"}]}
RESULT: undefined
COMMAND: POST /session/7d4ef5db813d7a6cede0ad9a34edc09c/element - {"using":"xpath","value":"//*[@id=\"application-managesites-display-component---NewSite--addressNewCostObjectCstID-vhi\"]"}
RESULT: {}
RESULT: {"using":"xpath","value":"//*[@id=\"application-managesites-display-component---NewSite--addressNewCostObjectCstID-vhi\"]"}
COMMAND: POST /session/7d4ef5db813d7a6cede0ad9a34edc09c/element/f.A871513E4156B49FEA6A1325266FBBC5.d.7878E3F2D881BDB9EAA9CB5B3C1B6592.e.12820/click - {}
RESULT: {}
COMMAND: GET /session/7d4ef5db813d7a6cede0ad9a34edc09c/screenshot - {}
RESULT: {}
RESULT: undefined
COMMAND: POST /session/7d4ef5db813d7a6cede0ad9a34edc09c/execute/async - {"script":"<script> [776 bytes]","args":[{"enterText":"10001013","selector":{"controlType":"sap.m.SearchField","properties":{"placeholder":"Search"},"searchOpenDialogs":true,"interaction":{"idSuffix":"I"}},"clearTextFirst":true,"interactionType":"ENTER_TEXT"}]}
RESULT: {"script":"<script> [776 bytes]","args":[{"enterText":"10001013","selector":{"controlType":"sap.m.SearchField","properties":{"placeholder":"Search"},"searchOpenDialogs":true,"interaction":{"idSuffix":"I"}},"clearTextFirst":true,"interactionType":"ENTER_TEXT"}]}
COMMAND: POST /session/7d4ef5db813d7a6cede0ad9a34edc09c/actions - {"actions":[{"id":"action42","type":"key","parameters":{},"actions":[{"type":"keyDown","value":""},{"type":"pause","duration":10},{"type":"keyUp","value":""}]}]}
RESULT: {"actions":[{"id":"action42","type":"key","parameters":{},"actions":[{"type":"keyDown","value":""},{"type":"pause","duration":10},{"type":"keyUp","value":""}]}]}
COMMAND: GET /session/7d4ef5db813d7a6cede0ad9a34edc09c/screenshot - {}
RESULT: {}
COMMAND: POST /session/7d4ef5db813d7a6cede0ad9a34edc09c/element - {"using":"xpath","value":"//span[contains(text(), \"General Management\")]"}
RESULT: {"using":"xpath","value":"//span[contains(text(), \"General Management\")]"}
COMMAND: POST /session/7d4ef5db813d7a6cede0ad9a34edc09c/element/f.A871513E4156B49FEA6A1325266FBBC5.d.7878E3F2D881BDB9EAA9CB5B3C1B6592.e.12859/click - {}
RESULT: {}
COMMAND: GET /session/7d4ef5db813d7a6cede0ad9a34edc09c/screenshot - {}
RESULT: {}
COMMAND: POST /session/7d4ef5db813d7a6cede0ad9a34edc09c/element - {"using":"xpath","value":"//bdi[contains(text(), \"OK\")]"}
RESULT: {"using":"xpath","value":"//bdi[contains(text(), \"OK\")]"}
COMMAND: POST /session/7d4ef5db813d7a6cede0ad9a34edc09c/element/f.A871513E4156B49FEA6A1325266FBBC5.d.7878E3F2D881BDB9EAA9CB5B3C1B6592.e.12860/click - {}
RESULT: {}
COMMAND: GET /session/7d4ef5db813d7a6cede0ad9a34edc09c/screenshot - {}
RESULT: {}
COMMAND: POST /session/7d4ef5db813d7a6cede0ad9a34edc09c/element - {"using":"xpath","value":"//input[@id=\"application-managesites-display-component---NewSite--addressDetailDetailsCalendar-inner\"]"}
RESULT: {"using":"xpath","value":"//input[@id=\"application-managesites-display-component---NewSite--addressDetailDetailsCalendar-inner\"]"}
COMMAND: POST /session/7d4ef5db813d7a6cede0ad9a34edc09c/element/f.A871513E4156B49FEA6A1325266FBBC5.d.7878E3F2D881BDB9EAA9CB5B3C1B6592.e.12614/clear - {}
RESULT: {}
COMMAND: POST /session/7d4ef5db813d7a6cede0ad9a34edc09c/element/f.A871513E4156B49FEA6A1325266FBBC5.d.7878E3F2D881BDB9EAA9CB5B3C1B6592.e.12614/value - {"text":"Unit"}
COMMAND: GET /session/7d4ef5db813d7a6cede0ad9a34edc09c/screenshot - {}
RESULT: {"text":"Unit"}
COMMAND: GET /session/7d4ef5db813d7a6cede0ad9a34edc09c/screenshot - {}
RESULT: {}
RESULT: {}
COMMAND: POST /session/7d4ef5db813d7a6cede0ad9a34edc09c/actions - {"actions":[{"id":"action43","type":"key","parameters":{},"actions":[{"type":"keyDown","value":""},{"type":"pause","duration":10},{"type":"keyUp","value":""}]}]}
RESULT: {"actions":[{"id":"action43","type":"key","parameters":{},"actions":[{"type":"keyDown","value":""},{"type":"pause","duration":10},{"type":"keyUp","value":""}]}]}
COMMAND: POST /session/7d4ef5db813d7a6cede0ad9a34edc09c/element - {"using":"xpath","value":"//input[@id=\"application-managesites-display-component---NewSite--addressDetailDetailsYard-inner\"]"}
COMMAND: GET /session/7d4ef5db813d7a6cede0ad9a34edc09c/screenshot - {}
RESULT: {"using":"xpath","value":"//input[@id=\"application-managesites-display-component---NewSite--addressDetailDetailsYard-inner\"]"}
COMMAND: POST /session/7d4ef5db813d7a6cede0ad9a34edc09c/element/f.A871513E4156B49FEA6A1325266FBBC5.d.7878E3F2D881BDB9EAA9CB5B3C1B6592.e.12615/clear - {}
RESULT: {}
RESULT: {}
COMMAND: POST /session/7d4ef5db813d7a6cede0ad9a34edc09c/element/f.A871513E4156B49FEA6A1325266FBBC5.d.7878E3F2D881BDB9EAA9CB5B3C1B6592.e.12615/value - {"text":"637"}
COMMAND: GET /session/7d4ef5db813d7a6cede0ad9a34edc09c/screenshot - {}
RESULT: undefined
RESULT: undefined
RESULT: {"text":"637"}
COMMAND: GET /session/7d4ef5db813d7a6cede0ad9a34edc09c/screenshot - {}
RESULT: {}
RESULT: {}
COMMAND: POST /session/7d4ef5db813d7a6cede0ad9a34edc09c/element - {"using":"xpath","value":"//li[.//span[text()='637']]"}
RESULT: {"using":"xpath","value":"//li[.//span[text()='637']]"}
COMMAND: POST /session/7d4ef5db813d7a6cede0ad9a34edc09c/element/f.A871513E4156B49FEA6A1325266FBBC5.d.7878E3F2D881BDB9EAA9CB5B3C1B6592.e.12869/click - {}
RESULT: {}
COMMAND: GET /session/7d4ef5db813d7a6cede0ad9a34edc09c/screenshot - {}
RESULT: {}
COMMAND: POST /session/7d4ef5db813d7a6cede0ad9a34edc09c/element - {"using":"xpath","value":"//input[@id=\"application-managesites-display-component---NewSite--addressDetailDetailsPartner-inner\"]"}
RESULT: {"using":"xpath","value":"//input[@id=\"application-managesites-display-component---NewSite--addressDetailDetailsPartner-inner\"]"}
COMMAND: POST /session/7d4ef5db813d7a6cede0ad9a34edc09c/element - {"using":"xpath","value":"//input[@id=\"application-managesites-display-component---NewSite--addressDetailDetailsPartner-inner\"]"}
RESULT: {"using":"xpath","value":"//input[@id=\"application-managesites-display-component---NewSite--addressDetailDetailsPartner-inner\"]"}
COMMAND: POST /session/7d4ef5db813d7a6cede0ad9a34edc09c/element - {"using":"xpath","value":"//button[@data-kt=\"saveButton\"]"}
RESULT: {"using":"xpath","value":"//button[@data-kt=\"saveButton\"]"}
COMMAND: POST /session/7d4ef5db813d7a6cede0ad9a34edc09c/element/f.A871513E4156B49FEA6A1325266FBBC5.d.7878E3F2D881BDB9EAA9CB5B3C1B6592.e.12729/click - {}
RESULT: {}
COMMAND: GET /session/7d4ef5db813d7a6cede0ad9a34edc09c/screenshot - {}
RESULT: {}
COMMAND: POST /session/7d4ef5db813d7a6cede0ad9a34edc09c/element - {"using":"xpath","value":"//header[contains(@id, 'ObjectPageLayout-headerTitle')]/div[1]/div[2]/div[2]/span[1]"}
RESULT: {"using":"xpath","value":"//header[contains(@id, 'ObjectPageLayout-headerTitle')]/div[1]/div[2]/div[2]/span[1]"}
COMMAND: POST /session/7d4ef5db813d7a6cede0ad9a34edc09c/elements - {"using":"xpath","value":"//header[contains(@id, 'ObjectPageLayout-headerTitle')]/div[1]/div[2]/div[2]/span[1]"}
RESULT: {"using":"xpath","value":"//header[contains(@id, 'ObjectPageLayout-headerTitle')]/div[1]/div[2]/div[2]/span[1]"}
COMMAND: POST /session/7d4ef5db813d7a6cede0ad9a34edc09c/execute/sync - {"script":"<script> [56 bytes]","args":[{"element-6066-11e4-a52e-4f735466cecf":"f.A871513E4156B49FEA6A1325266FBBC5.d.7878E3F2D881BDB9EAA9CB5B3C1B6592.e.13074","ELEMENT":"f.A871513E4156B49FEA6A1325266FBBC5.d.7878E3F2D881BDB9EAA9CB5B3C1B6592.e.13074"}]}
RESULT: {"script":"<script> [56 bytes]","args":[{"element-6066-11e4-a52e-4f735466cecf":"f.A871513E4156B49FEA6A1325266FBBC5.d.7878E3F2D881BDB9EAA9CB5B3C1B6592.e.13074","ELEMENT":"f.A871513E4156B49FEA6A1325266FBBC5.d.7878E3F2D881BDB9EAA9CB5B3C1B6592.e.13074"}]}
COMMAND: POST /session/7d4ef5db813d7a6cede0ad9a34edc09c/element - {"using":"css selector","value":"#shell-header-logo"}
COMMAND: GET /session/7d4ef5db813d7a6cede0ad9a34edc09c/screenshot - {}
RESULT: {"using":"css selector","value":"#shell-header-logo"}
COMMAND: POST /session/7d4ef5db813d7a6cede0ad9a34edc09c/element/f.A871513E4156B49FEA6A1325266FBBC5.d.7878E3F2D881BDB9EAA9CB5B3C1B6592.e.12367/click - {}
RESULT: {}
RESULT: {}
COMMAND: GET /session/7d4ef5db813d7a6cede0ad9a34edc09c/screenshot - {}
RESULT: {}
COMMAND: POST /session/7d4ef5db813d7a6cede0ad9a34edc09c/execute/sync - {"script":"<script> [299 bytes]","args":[["getModel","getResource"]]}
RESULT: {"script":"<script> [299 bytes]","args":[["getModel","getResource"]]}
COMMAND: POST /session/7d4ef5db813d7a6cede0ad9a34edc09c/actions - {"actions":[{"id":"action44","type":"key","parameters":{},"actions":[{"type":"keyDown","value":""},{"type":"pause","duration":10},{"type":"keyUp","value":""}]}]}
COMMAND: GET /session/7d4ef5db813d7a6cede0ad9a34edc09c/screenshot - {}
RESULT: {"actions":[{"id":"action44","type":"key","parameters":{},"actions":[{"type":"keyDown","value":""},{"type":"pause","duration":10},{"type":"keyUp","value":""}]}]}
COMMAND: GET /session/7d4ef5db813d7a6cede0ad9a34edc09c/screenshot - {}
RESULT: {}
RESULT: {}
COMMAND: POST /session/7d4ef5db813d7a6cede0ad9a34edc09c/refresh - {}
RESULT: {}
COMMAND: GET /session/7d4ef5db813d7a6cede0ad9a34edc09c/screenshot - {}
RESULT: {}
COMMAND: POST /session/7d4ef5db813d7a6cede0ad9a34edc09c/refresh - {}
RESULT: {}
COMMAND: GET /session/7d4ef5db813d7a6cede0ad9a34edc09c/screenshot - {}
RESULT: {}
COMMAND: POST /session/7d4ef5db813d7a6cede0ad9a34edc09c/window/fullscreen - {}
RESULT: {}
COMMAND: POST /session/7d4ef5db813d7a6cede0ad9a34edc09c/execute/async - {"script":"<script> [189 bytes]","args":[]}
RESULT: {"script":"<script> [189 bytes]","args":[]}
COMMAND: POST /session/7d4ef5db813d7a6cede0ad9a34edc09c/execute/async - {"script":"<script> [123 bytes]","args":[]}
RESULT: {"script":"<script> [123 bytes]","args":[]}
COMMAND: POST /session/7d4ef5db813d7a6cede0ad9a34edc09c/timeouts - {"script":"<number>"}
RESULT: {"script":"<number>"}
COMMAND: GET /session/7d4ef5db813d7a6cede0ad9a34edc09c/timeouts - {}
RESULT: {}
RESULT: undefined
COMMAND: POST /session/7d4ef5db813d7a6cede0ad9a34edc09c/execute/async - {"script":"<script> [2676 bytes]","args":[]}
RESULT: {"script":"<script> [2676 bytes]","args":[]}
COMMAND: POST /session/7d4ef5db813d7a6cede0ad9a34edc09c/execute/async - {"script":"<script> [2342 bytes]","args":[{"protocol":"http","hostname":"0.0.0.0","path":"/","capabilities":{"browserName":"chrome","goog:chromeOptions":{"binary":"C:\\Program Files\\Google\\Chrome\\Application\\chrome.exe","args":["--start-maximized"]}},"logLevel":"warn","connectionRetryTimeout":120000,"connectionRetryCount":3,"logLevels":{},"enableDirectConnect":true,"strictSSL":true,"_":"65 more keys: [\"cacheDir\",\"port\",\"requestedCapabilities\",\"automationProtocol\",\"baseUrl\",\"waitforInterval\",\"waitforTimeout\",\"onReload\",\"beforeCommand\",\"afterCommand\",\"rootDir\",\"specs\",\"suites\",\"exclude\",\"groupLogsByTestSpec\",\"excludeDriverLogs\",\"bail\",\"framework\",\"reporters\",\"services\",\"maxInstances\",\"maxInstancesPerCapability\",\"injectGlobals\",\"filesToWatch\",\"execArgv\",\"runnerEnv\",\"runner\",\"shard\",\"specFileRetries\",\"specFileRetriesDelay\",\"specFileRetriesDeferred\",\"reporterSyncInterval\",\"reporterSyncTimeout\",\"cucumberFeaturesWithLineNumbers\",\"autoCompileOpts\",\"mochaOpts\",\"jasmineOpts\",\"cucumberOpts\",\"onPrepare\",\"onWorkerStart\",\"onWorkerEnd\",\"before\",\"beforeSession\",\"beforeSuite\",\"beforeHook\",\"beforeTest\",\"afterTest\",\"afterHook\",\"afterSuite\",\"afterSession\",\"after\",\"onComplete\",\"beforeAssertion\",\"afterAssertion\",\"beforeFeature\",\"beforeScenario\",\"beforeStep\",\"afterStep\",\"afterScenario\",\"afterFeature\",\"_\",\"suite\",\"$0\",\"ignoredWorkerServices\",\"wdi5\"]"}]}
RESULT: {"script":"<script> [2342 bytes]","args":[{"protocol":"http","hostname":"0.0.0.0","path":"/","capabilities":{"browserName":"chrome","goog:chromeOptions":{"binary":"C:\\Program Files\\Google\\Chrome\\Application\\chrome.exe","args":["--start-maximized"]}},"logLevel":"warn","connectionRetryTimeout":120000,"connectionRetryCount":3,"logLevels":{},"enableDirectConnect":true,"strictSSL":true,"_":"65 more keys: [\"cacheDir\",\"port\",\"requestedCapabilities\",\"automationProtocol\",\"baseUrl\",\"waitforInterval\",\"waitforTimeout\",\"onReload\",\"beforeCommand\",\"afterCommand\",\"rootDir\",\"specs\",\"suites\",\"exclude\",\"groupLogsByTestSpec\",\"excludeDriverLogs\",\"bail\",\"framework\",\"reporters\",\"services\",\"maxInstances\",\"maxInstancesPerCapability\",\"injectGlobals\",\"filesToWatch\",\"execArgv\",\"runnerEnv\",\"runner\",\"shard\",\"specFileRetries\",\"specFileRetriesDelay\",\"specFileRetriesDeferred\",\"reporterSyncInterval\",\"reporterSyncTimeout\",\"cucumberFeaturesWithLineNumbers\",\"autoCompileOpts\",\"mochaOpts\",\"jasmineOpts\",\"cucumberOpts\",\"onPrepare\",\"onWorkerStart\",\"onWorkerEnd\",\"before\",\"beforeSession\",\"beforeSuite\",\"beforeHook\",\"beforeTest\",\"afterTest\",\"afterHook\",\"afterSuite\",\"afterSession\",\"after\",\"onComplete\",\"beforeAssertion\",\"afterAssertion\",\"beforeFeature\",\"beforeScenario\",\"beforeStep\",\"afterStep\",\"afterScenario\",\"afterFeature\",\"_\",\"suite\",\"$0\",\"ignoredWorkerServices\",\"wdi5\"]"}]}
COMMAND: POST /session/7d4ef5db813d7a6cede0ad9a34edc09c/execute/async - {"script":"<script> [21126 bytes]","args":[35000]}
RESULT: {"script":"<script> [21126 bytes]","args":[35000]}
COMMAND: POST /session/7d4ef5db813d7a6cede0ad9a34edc09c/window/fullscreen - {}
RESULT: {}
]]></system-out>
    </testcase>
    <testcase classname="chrome.136_0_7103_93.windows.Provide_to_Site_w/o_warehouse_management_w/_clarification_US116605" name="Should create a new material" time="121.842">
      <system-out><![CDATA[
COMMAND: POST /session/7d4ef5db813d7a6cede0ad9a34edc09c/execute/async - {"script":"<script> [1562 bytes]","args":[{"selector":{"controlType":"sap.m.GenericTile","properties":{"header":"Manage Resources"}},"wdio_ui5_key":"sapm.GenericTile{\"header\":\"Manage Resources\"}"}]}
RESULT: {"script":"<script> [1562 bytes]","args":[{"selector":{"controlType":"sap.m.GenericTile","properties":{"header":"Manage Resources"}},"wdio_ui5_key":"sapm.GenericTile{\"header\":\"Manage Resources\"}"}]}
RESULT: undefined
COMMAND: POST /session/7d4ef5db813d7a6cede0ad9a34edc09c/element - {"using":"xpath","value":"//*[@id=\"__tile31\"]"}
RESULT: {"using":"xpath","value":"//*[@id=\"__tile31\"]"}
COMMAND: POST /session/7d4ef5db813d7a6cede0ad9a34edc09c/element/f.A871513E4156B49FEA6A1325266FBBC5.d.8A85F8B8C6752B987F927157EE7246D7.e.13154/click - {}
RESULT: {}
COMMAND: GET /session/7d4ef5db813d7a6cede0ad9a34edc09c/screenshot - {}
RESULT: {}
COMMAND: POST /session/7d4ef5db813d7a6cede0ad9a34edc09c/elements - {"using":"xpath","value":"//span[text()='Error']"}
RESULT: {"using":"xpath","value":"//span[text()='Error']"}
COMMAND: POST /session/7d4ef5db813d7a6cede0ad9a34edc09c/element - {"using":"xpath","value":"//button[@data-kt=\"addNewRUOverflowToolbarButton\"]"}
RESULT: {"using":"xpath","value":"//button[@data-kt=\"addNewRUOverflowToolbarButton\"]"}
COMMAND: POST /session/7d4ef5db813d7a6cede0ad9a34edc09c/elements - {"using":"xpath","value":"//button[@data-kt=\"addNewRUOverflowToolbarButton\"]"}
RESULT: {"using":"xpath","value":"//button[@data-kt=\"addNewRUOverflowToolbarButton\"]"}
COMMAND: POST /session/7d4ef5db813d7a6cede0ad9a34edc09c/elements - {"using":"xpath","value":"//button[@data-kt=\"addNewRUOverflowToolbarButton\"]"}
RESULT: {"using":"xpath","value":"//button[@data-kt=\"addNewRUOverflowToolbarButton\"]"}
COMMAND: POST /session/7d4ef5db813d7a6cede0ad9a34edc09c/elements - {"using":"xpath","value":"//button[@data-kt=\"addNewRUOverflowToolbarButton\"]"}
RESULT: {"using":"xpath","value":"//button[@data-kt=\"addNewRUOverflowToolbarButton\"]"}
COMMAND: POST /session/7d4ef5db813d7a6cede0ad9a34edc09c/elements - {"using":"xpath","value":"//button[@data-kt=\"addNewRUOverflowToolbarButton\"]"}
RESULT: {"using":"xpath","value":"//button[@data-kt=\"addNewRUOverflowToolbarButton\"]"}
COMMAND: POST /session/7d4ef5db813d7a6cede0ad9a34edc09c/elements - {"using":"xpath","value":"//button[@data-kt=\"addNewRUOverflowToolbarButton\"]"}
RESULT: {"using":"xpath","value":"//button[@data-kt=\"addNewRUOverflowToolbarButton\"]"}
COMMAND: POST /session/7d4ef5db813d7a6cede0ad9a34edc09c/elements - {"using":"xpath","value":"//button[@data-kt=\"addNewRUOverflowToolbarButton\"]"}
RESULT: {"using":"xpath","value":"//button[@data-kt=\"addNewRUOverflowToolbarButton\"]"}
COMMAND: POST /session/7d4ef5db813d7a6cede0ad9a34edc09c/element - {"using":"xpath","value":"//button[@data-kt=\"addNewRUOverflowToolbarButton\"]"}
RESULT: {"using":"xpath","value":"//button[@data-kt=\"addNewRUOverflowToolbarButton\"]"}
COMMAND: POST /session/7d4ef5db813d7a6cede0ad9a34edc09c/execute/sync - {"script":"<script> [8489 bytes]","args":[{"element-6066-11e4-a52e-4f735466cecf":"f.A871513E4156B49FEA6A1325266FBBC5.d.8A85F8B8C6752B987F927157EE7246D7.e.13260","ELEMENT":"f.A871513E4156B49FEA6A1325266FBBC5.d.8A85F8B8C6752B987F927157EE7246D7.e.13260"}]}
RESULT: {"script":"<script> [8489 bytes]","args":[{"element-6066-11e4-a52e-4f735466cecf":"f.A871513E4156B49FEA6A1325266FBBC5.d.8A85F8B8C6752B987F927157EE7246D7.e.13260","ELEMENT":"f.A871513E4156B49FEA6A1325266FBBC5.d.8A85F8B8C6752B987F927157EE7246D7.e.13260"}]}
COMMAND: GET /session/7d4ef5db813d7a6cede0ad9a34edc09c/element/f.A871513E4156B49FEA6A1325266FBBC5.d.8A85F8B8C6752B987F927157EE7246D7.e.13260/enabled - {}
COMMAND: GET /session/7d4ef5db813d7a6cede0ad9a34edc09c/screenshot - {}
RESULT: {}
COMMAND: POST /session/7d4ef5db813d7a6cede0ad9a34edc09c/execute/sync - {"script":"<script> [8489 bytes]","args":[{"element-6066-11e4-a52e-4f735466cecf":"f.A871513E4156B49FEA6A1325266FBBC5.d.8A85F8B8C6752B987F927157EE7246D7.e.13260","ELEMENT":"f.A871513E4156B49FEA6A1325266FBBC5.d.8A85F8B8C6752B987F927157EE7246D7.e.13260"}]}
COMMAND: GET /session/7d4ef5db813d7a6cede0ad9a34edc09c/screenshot - {}
RESULT: {}
RESULT: {"script":"<script> [8489 bytes]","args":[{"element-6066-11e4-a52e-4f735466cecf":"f.A871513E4156B49FEA6A1325266FBBC5.d.8A85F8B8C6752B987F927157EE7246D7.e.13260","ELEMENT":"f.A871513E4156B49FEA6A1325266FBBC5.d.8A85F8B8C6752B987F927157EE7246D7.e.13260"}]}
COMMAND: POST /session/7d4ef5db813d7a6cede0ad9a34edc09c/execute/sync - {"script":"<script> [5351 bytes]","args":[{"element-6066-11e4-a52e-4f735466cecf":"f.A871513E4156B49FEA6A1325266FBBC5.d.8A85F8B8C6752B987F927157EE7246D7.e.13260","ELEMENT":"f.A871513E4156B49FEA6A1325266FBBC5.d.8A85F8B8C6752B987F927157EE7246D7.e.13260"}]}
COMMAND: GET /session/7d4ef5db813d7a6cede0ad9a34edc09c/screenshot - {}
RESULT: {}
RESULT: {"script":"<script> [5351 bytes]","args":[{"element-6066-11e4-a52e-4f735466cecf":"f.A871513E4156B49FEA6A1325266FBBC5.d.8A85F8B8C6752B987F927157EE7246D7.e.13260","ELEMENT":"f.A871513E4156B49FEA6A1325266FBBC5.d.8A85F8B8C6752B987F927157EE7246D7.e.13260"}]}
COMMAND: POST /session/7d4ef5db813d7a6cede0ad9a34edc09c/element/f.A871513E4156B49FEA6A1325266FBBC5.d.8A85F8B8C6752B987F927157EE7246D7.e.13260/click - {}
COMMAND: GET /session/7d4ef5db813d7a6cede0ad9a34edc09c/screenshot - {}
RESULT: {}
RESULT: {}
COMMAND: GET /session/7d4ef5db813d7a6cede0ad9a34edc09c/screenshot - {}
RESULT: {}
RESULT: {}
COMMAND: POST /session/7d4ef5db813d7a6cede0ad9a34edc09c/execute/async - {"script":"<script> [1562 bytes]","args":[{"selector":{"id":"application-manageresources-display-component---newResourceUnit--TYPE-arrow"},"wdio_ui5_key":"applicationmanageresources-display-component---newResourceUnit--TYPE-arrow"}]}
RESULT: {"script":"<script> [1562 bytes]","args":[{"selector":{"id":"application-manageresources-display-component---newResourceUnit--TYPE-arrow"},"wdio_ui5_key":"applicationmanageresources-display-component---newResourceUnit--TYPE-arrow"}]}
RESULT: undefined
COMMAND: POST /session/7d4ef5db813d7a6cede0ad9a34edc09c/element - {"using":"xpath","value":"//*[@id=\"application-manageresources-display-component---newResourceUnit--TYPE-arrow\"]"}
RESULT: {"using":"xpath","value":"//*[@id=\"application-manageresources-display-component---newResourceUnit--TYPE-arrow\"]"}
COMMAND: POST /session/7d4ef5db813d7a6cede0ad9a34edc09c/element/f.A871513E4156B49FEA6A1325266FBBC5.d.8A85F8B8C6752B987F927157EE7246D7.e.13619/click - {}
RESULT: {}
COMMAND: POST /session/7d4ef5db813d7a6cede0ad9a34edc09c/element - {"using":"xpath","value":"//input[@id=\"application-manageresources-display-component---newResourceUnit--TYPE-inner\"]"}
COMMAND: GET /session/7d4ef5db813d7a6cede0ad9a34edc09c/screenshot - {}
RESULT: {"using":"xpath","value":"//input[@id=\"application-manageresources-display-component---newResourceUnit--TYPE-inner\"]"}
COMMAND: POST /session/7d4ef5db813d7a6cede0ad9a34edc09c/element/f.A871513E4156B49FEA6A1325266FBBC5.d.8A85F8B8C6752B987F927157EE7246D7.e.13611/clear - {}
RESULT: {}
RESULT: {}
COMMAND: POST /session/7d4ef5db813d7a6cede0ad9a34edc09c/element/f.A871513E4156B49FEA6A1325266FBBC5.d.8A85F8B8C6752B987F927157EE7246D7.e.13611/value - {"text":"Material"}
COMMAND: GET /session/7d4ef5db813d7a6cede0ad9a34edc09c/screenshot - {}
RESULT: {"text":"Material"}
COMMAND: GET /session/7d4ef5db813d7a6cede0ad9a34edc09c/screenshot - {}
RESULT: {}
RESULT: {}
COMMAND: POST /session/7d4ef5db813d7a6cede0ad9a34edc09c/actions - {"actions":[{"id":"action45","type":"key","parameters":{},"actions":[{"type":"keyDown","value":""},{"type":"pause","duration":10},{"type":"keyUp","value":""}]}]}
RESULT: {"actions":[{"id":"action45","type":"key","parameters":{},"actions":[{"type":"keyDown","value":""},{"type":"pause","duration":10},{"type":"keyUp","value":""}]}]}
COMMAND: POST /session/7d4ef5db813d7a6cede0ad9a34edc09c/execute/async - {"script":"<script> [1562 bytes]","args":[{"selector":{"id":"application-manageresources-display-component---newResourceUnit--SHORT_TEXT","interaction":{"idSuffix":"inner"}},"wdio_ui5_key":"applicationmanageresources-display-component---newResourceUnit--SHORT_TEXT"}]}
COMMAND: GET /session/7d4ef5db813d7a6cede0ad9a34edc09c/screenshot - {}
RESULT: {"script":"<script> [1562 bytes]","args":[{"selector":{"id":"application-manageresources-display-component---newResourceUnit--SHORT_TEXT","interaction":{"idSuffix":"inner"}},"wdio_ui5_key":"applicationmanageresources-display-component---newResourceUnit--SHORT_TEXT"}]}
RESULT: undefined
COMMAND: POST /session/7d4ef5db813d7a6cede0ad9a34edc09c/execute/async - {"script":"<script> [776 bytes]","args":[{"enterText":"Cement WDIO","selector":{"id":"application-manageresources-display-component---newResourceUnit--SHORT_TEXT","interaction":{"idSuffix":"inner"}},"clearTextFirst":true,"interactionType":"ENTER_TEXT"}]}
RESULT: {}
RESULT: {"script":"<script> [776 bytes]","args":[{"enterText":"Cement WDIO","selector":{"id":"application-manageresources-display-component---newResourceUnit--SHORT_TEXT","interaction":{"idSuffix":"inner"}},"clearTextFirst":true,"interactionType":"ENTER_TEXT"}]}
COMMAND: POST /session/7d4ef5db813d7a6cede0ad9a34edc09c/execute/async - {"script":"<script> [1562 bytes]","args":[{"selector":{"id":"application-manageresources-display-component---newResourceUnit--BASE_UNIT_OF_MEASURE","interaction":{"idSuffix":"inner"}},"wdio_ui5_key":"applicationmanageresources-display-component---newResourceUnit--BASE_UNIT_OF_MEASURE"}]}
RESULT: {"script":"<script> [1562 bytes]","args":[{"selector":{"id":"application-manageresources-display-component---newResourceUnit--BASE_UNIT_OF_MEASURE","interaction":{"idSuffix":"inner"}},"wdio_ui5_key":"applicationmanageresources-display-component---newResourceUnit--BASE_UNIT_OF_MEASURE"}]}
RESULT: undefined
COMMAND: POST /session/7d4ef5db813d7a6cede0ad9a34edc09c/execute/async - {"script":"<script> [776 bytes]","args":[{"enterText":"Piece","selector":{"id":"application-manageresources-display-component---newResourceUnit--BASE_UNIT_OF_MEASURE","interaction":{"idSuffix":"inner"}},"clearTextFirst":true,"interactionType":"ENTER_TEXT"}]}
RESULT: {"script":"<script> [776 bytes]","args":[{"enterText":"Piece","selector":{"id":"application-manageresources-display-component---newResourceUnit--BASE_UNIT_OF_MEASURE","interaction":{"idSuffix":"inner"}},"clearTextFirst":true,"interactionType":"ENTER_TEXT"}]}
COMMAND: POST /session/7d4ef5db813d7a6cede0ad9a34edc09c/execute/async - {"script":"<script> [1562 bytes]","args":[{"selector":{"id":"application-manageresources-display-component---newResourceUnit--WEIGHT_UNIT","interaction":{"idSuffix":"inner"}},"wdio_ui5_key":"applicationmanageresources-display-component---newResourceUnit--WEIGHT_UNIT"}]}
RESULT: {"script":"<script> [1562 bytes]","args":[{"selector":{"id":"application-manageresources-display-component---newResourceUnit--WEIGHT_UNIT","interaction":{"idSuffix":"inner"}},"wdio_ui5_key":"applicationmanageresources-display-component---newResourceUnit--WEIGHT_UNIT"}]}
RESULT: undefined
COMMAND: POST /session/7d4ef5db813d7a6cede0ad9a34edc09c/execute/async - {"script":"<script> [776 bytes]","args":[{"enterText":"Gram","selector":{"id":"application-manageresources-display-component---newResourceUnit--WEIGHT_UNIT","interaction":{"idSuffix":"inner"}},"clearTextFirst":true,"interactionType":"ENTER_TEXT"}]}
RESULT: {"script":"<script> [776 bytes]","args":[{"enterText":"Gram","selector":{"id":"application-manageresources-display-component---newResourceUnit--WEIGHT_UNIT","interaction":{"idSuffix":"inner"}},"clearTextFirst":true,"interactionType":"ENTER_TEXT"}]}
COMMAND: POST /session/7d4ef5db813d7a6cede0ad9a34edc09c/execute/async - {"script":"<script> [1562 bytes]","args":[{"selector":{"id":"application-manageresources-display-component---newResourceUnit--DIMENSION_UNIT","interaction":{"idSuffix":"inner"}},"wdio_ui5_key":"applicationmanageresources-display-component---newResourceUnit--DIMENSION_UNIT"}]}
RESULT: {"script":"<script> [1562 bytes]","args":[{"selector":{"id":"application-manageresources-display-component---newResourceUnit--DIMENSION_UNIT","interaction":{"idSuffix":"inner"}},"wdio_ui5_key":"applicationmanageresources-display-component---newResourceUnit--DIMENSION_UNIT"}]}
RESULT: undefined
COMMAND: POST /session/7d4ef5db813d7a6cede0ad9a34edc09c/execute/async - {"script":"<script> [776 bytes]","args":[{"enterText":"Meter","selector":{"id":"application-manageresources-display-component---newResourceUnit--DIMENSION_UNIT","interaction":{"idSuffix":"inner"}},"clearTextFirst":true,"interactionType":"ENTER_TEXT"}]}
RESULT: {"script":"<script> [776 bytes]","args":[{"enterText":"Meter","selector":{"id":"application-manageresources-display-component---newResourceUnit--DIMENSION_UNIT","interaction":{"idSuffix":"inner"}},"clearTextFirst":true,"interactionType":"ENTER_TEXT"}]}
COMMAND: POST /session/7d4ef5db813d7a6cede0ad9a34edc09c/execute/async - {"script":"<script> [1562 bytes]","args":[{"selector":{"id":"application-manageresources-display-component---newResourceUnit--newRRUPage-anchBar-application-manageresources-display-component---newResourceUnit--control-anchor","interaction":{"idSuffix":"BDI-content"}},"wdio_ui5_key":"applicationmanageresources-display-component---newResourceUnit--newRRUPage-anchBar-application-manageresources-display-component---newResourceUnit--control-anchor"}]}
RESULT: {"script":"<script> [1562 bytes]","args":[{"selector":{"id":"application-manageresources-display-component---newResourceUnit--newRRUPage-anchBar-application-manageresources-display-component---newResourceUnit--control-anchor","interaction":{"idSuffix":"BDI-content"}},"wdio_ui5_key":"applicationmanageresources-display-component---newResourceUnit--newRRUPage-anchBar-application-manageresources-display-component---newResourceUnit--control-anchor"}]}
RESULT: undefined
COMMAND: POST /session/7d4ef5db813d7a6cede0ad9a34edc09c/element - {"using":"xpath","value":"//*[@id=\"application-manageresources-display-component---newResourceUnit--newRRUPage-anchBar-application-manageresources-display-component---newResourceUnit--control-anchor\"]"}
RESULT: {"using":"xpath","value":"//*[@id=\"application-manageresources-display-component---newResourceUnit--newRRUPage-anchBar-application-manageresources-display-component---newResourceUnit--control-anchor\"]"}
COMMAND: POST /session/7d4ef5db813d7a6cede0ad9a34edc09c/element/f.A871513E4156B49FEA6A1325266FBBC5.d.8A85F8B8C6752B987F927157EE7246D7.e.13685/click - {}
RESULT: {}
COMMAND: POST /session/7d4ef5db813d7a6cede0ad9a34edc09c/execute/async - {"script":"<script> [1562 bytes]","args":[{"selector":{"id":"application-manageresources-display-component---newResourceUnit--PLANNING_GROUP","interaction":{"idSuffix":"inner"}},"wdio_ui5_key":"applicationmanageresources-display-component---newResourceUnit--PLANNING_GROUP"}]}
COMMAND: GET /session/7d4ef5db813d7a6cede0ad9a34edc09c/screenshot - {}
RESULT: {"script":"<script> [1562 bytes]","args":[{"selector":{"id":"application-manageresources-display-component---newResourceUnit--PLANNING_GROUP","interaction":{"idSuffix":"inner"}},"wdio_ui5_key":"applicationmanageresources-display-component---newResourceUnit--PLANNING_GROUP"}]}
RESULT: undefined
COMMAND: POST /session/7d4ef5db813d7a6cede0ad9a34edc09c/execute/async - {"script":"<script> [776 bytes]","args":[{"enterText":"Material","selector":{"id":"application-manageresources-display-component---newResourceUnit--PLANNING_GROUP","interaction":{"idSuffix":"inner"}},"clearTextFirst":true,"interactionType":"ENTER_TEXT"}]}
RESULT: {}
RESULT: {"script":"<script> [776 bytes]","args":[{"enterText":"Material","selector":{"id":"application-manageresources-display-component---newResourceUnit--PLANNING_GROUP","interaction":{"idSuffix":"inner"}},"clearTextFirst":true,"interactionType":"ENTER_TEXT"}]}
COMMAND: POST /session/7d4ef5db813d7a6cede0ad9a34edc09c/execute/async - {"script":"<script> [1562 bytes]","args":[{"selector":{"id":"application-manageresources-display-component---newResourceUnit--PLANNING_INDICATOR","interaction":{"idSuffix":"inner"}},"wdio_ui5_key":"applicationmanageresources-display-component---newResourceUnit--PLANNING_INDICATOR"}]}
RESULT: {"script":"<script> [1562 bytes]","args":[{"selector":{"id":"application-manageresources-display-component---newResourceUnit--PLANNING_INDICATOR","interaction":{"idSuffix":"inner"}},"wdio_ui5_key":"applicationmanageresources-display-component---newResourceUnit--PLANNING_INDICATOR"}]}
RESULT: undefined
COMMAND: POST /session/7d4ef5db813d7a6cede0ad9a34edc09c/execute/async - {"script":"<script> [776 bytes]","args":[{"enterText":"10 - infinite","selector":{"id":"application-manageresources-display-component---newResourceUnit--PLANNING_INDICATOR","interaction":{"idSuffix":"inner"}},"clearTextFirst":true,"interactionType":"ENTER_TEXT"}]}
RESULT: {"script":"<script> [776 bytes]","args":[{"enterText":"10 - infinite","selector":{"id":"application-manageresources-display-component---newResourceUnit--PLANNING_INDICATOR","interaction":{"idSuffix":"inner"}},"clearTextFirst":true,"interactionType":"ENTER_TEXT"}]}
COMMAND: POST /session/7d4ef5db813d7a6cede0ad9a34edc09c/element - {"using":"css selector","value":"#application-manageresources-display-component---newResourceUnit--btnAddTimeSegment"}
RESULT: {"using":"css selector","value":"#application-manageresources-display-component---newResourceUnit--btnAddTimeSegment"}
COMMAND: GET /session/7d4ef5db813d7a6cede0ad9a34edc09c/element/f.A871513E4156B49FEA6A1325266FBBC5.d.8A85F8B8C6752B987F927157EE7246D7.e.13693/rect - {}
RESULT: {}
COMMAND: GET /session/7d4ef5db813d7a6cede0ad9a34edc09c/window/rect - {}
RESULT: {}
COMMAND: POST /session/7d4ef5db813d7a6cede0ad9a34edc09c/execute/sync - {"script":"<script> [92 bytes]","args":[]}
RESULT: {"script":"<script> [92 bytes]","args":[]}
COMMAND: POST /session/7d4ef5db813d7a6cede0ad9a34edc09c/actions - {"actions":[{"id":"action46","type":"wheel","parameters":{},"actions":[{"type":"scroll","x":-1888,"y":-32,"deltaX":0,"deltaY":0,"duration":0,"origin":{"element-6066-11e4-a52e-4f735466cecf":"f.A871513E4156B49FEA6A1325266FBBC5.d.8A85F8B8C6752B987F927157EE7246D7.e.13693"}}]}]}
COMMAND: GET /session/7d4ef5db813d7a6cede0ad9a34edc09c/screenshot - {}
RESULT: {}
COMMAND: POST /session/7d4ef5db813d7a6cede0ad9a34edc09c/execute/sync - {"script":"<script> [79 bytes]","args":[{"element-6066-11e4-a52e-4f735466cecf":"f.A871513E4156B49FEA6A1325266FBBC5.d.8A85F8B8C6752B987F927157EE7246D7.e.13693","ELEMENT":"f.A871513E4156B49FEA6A1325266FBBC5.d.8A85F8B8C6752B987F927157EE7246D7.e.13693"},{"block":"start","inline":"nearest"}]}
RESULT: {"script":"<script> [79 bytes]","args":[{"element-6066-11e4-a52e-4f735466cecf":"f.A871513E4156B49FEA6A1325266FBBC5.d.8A85F8B8C6752B987F927157EE7246D7.e.13693","ELEMENT":"f.A871513E4156B49FEA6A1325266FBBC5.d.8A85F8B8C6752B987F927157EE7246D7.e.13693"},{"block":"start","inline":"nearest"}]}
COMMAND: POST /session/7d4ef5db813d7a6cede0ad9a34edc09c/execute/async - {"script":"<script> [1562 bytes]","args":[{"selector":{"id":"application-manageresources-display-component---newResourceUnit--btnAddTimeSegment","interaction":{"idSuffix":"inner"}},"wdio_ui5_key":"applicationmanageresources-display-component---newResourceUnit--btnAddTimeSegment"}]}
COMMAND: GET /session/7d4ef5db813d7a6cede0ad9a34edc09c/screenshot - {}
RESULT: {"script":"<script> [1562 bytes]","args":[{"selector":{"id":"application-manageresources-display-component---newResourceUnit--btnAddTimeSegment","interaction":{"idSuffix":"inner"}},"wdio_ui5_key":"applicationmanageresources-display-component---newResourceUnit--btnAddTimeSegment"}]}
RESULT: undefined
COMMAND: POST /session/7d4ef5db813d7a6cede0ad9a34edc09c/element - {"using":"xpath","value":"//*[@id=\"application-manageresources-display-component---newResourceUnit--btnAddTimeSegment\"]"}
RESULT: {}
RESULT: {"using":"xpath","value":"//*[@id=\"application-manageresources-display-component---newResourceUnit--btnAddTimeSegment\"]"}
COMMAND: POST /session/7d4ef5db813d7a6cede0ad9a34edc09c/element/f.A871513E4156B49FEA6A1325266FBBC5.d.8A85F8B8C6752B987F927157EE7246D7.e.13693/click - {}
RESULT: {}
COMMAND: GET /session/7d4ef5db813d7a6cede0ad9a34edc09c/screenshot - {}
RESULT: {}
COMMAND: POST /session/7d4ef5db813d7a6cede0ad9a34edc09c/element - {"using":"xpath","value":"//input[@id=\"application-manageresources-display-component---newResourceUnit--idRuTSAdmin-application-manageresources-display-component---newResourceUnit--RUTimeSegment-0-inner\"]"}
RESULT: {"using":"xpath","value":"//input[@id=\"application-manageresources-display-component---newResourceUnit--idRuTSAdmin-application-manageresources-display-component---newResourceUnit--RUTimeSegment-0-inner\"]"}
COMMAND: POST /session/7d4ef5db813d7a6cede0ad9a34edc09c/element/f.A871513E4156B49FEA6A1325266FBBC5.d.8A85F8B8C6752B987F927157EE7246D7.e.13698/clear - {}
RESULT: {}
COMMAND: POST /session/7d4ef5db813d7a6cede0ad9a34edc09c/element/f.A871513E4156B49FEA6A1325266FBBC5.d.8A85F8B8C6752B987F927157EE7246D7.e.13698/value - {"text":"637"}
COMMAND: GET /session/7d4ef5db813d7a6cede0ad9a34edc09c/screenshot - {}
RESULT: {"text":"637"}
COMMAND: GET /session/7d4ef5db813d7a6cede0ad9a34edc09c/screenshot - {}
RESULT: {}
RESULT: {}
COMMAND: POST /session/7d4ef5db813d7a6cede0ad9a34edc09c/element - {"using":"xpath","value":"//li[.//span[text()='637']]"}
RESULT: {"using":"xpath","value":"//li[.//span[text()='637']]"}
COMMAND: POST /session/7d4ef5db813d7a6cede0ad9a34edc09c/element/f.A871513E4156B49FEA6A1325266FBBC5.d.8A85F8B8C6752B987F927157EE7246D7.e.13707/click - {}
RESULT: {}
COMMAND: GET /session/7d4ef5db813d7a6cede0ad9a34edc09c/screenshot - {}
RESULT: {}
COMMAND: POST /session/7d4ef5db813d7a6cede0ad9a34edc09c/element - {"using":"xpath","value":"(//span[contains(@id, \"-application-manageresources-display-component---newResourceUnit--RUTimeSegment-0-arrow\")])[2]"}
RESULT: {"using":"xpath","value":"(//span[contains(@id, \"-application-manageresources-display-component---newResourceUnit--RUTimeSegment-0-arrow\")])[2]"}
COMMAND: POST /session/7d4ef5db813d7a6cede0ad9a34edc09c/element/f.A871513E4156B49FEA6A1325266FBBC5.d.8A85F8B8C6752B987F927157EE7246D7.e.13708/click - {}
RESULT: {}
COMMAND: POST /session/7d4ef5db813d7a6cede0ad9a34edc09c/element - {"using":"xpath","value":"//span[contains(text(), \"PM Order\")]"}
COMMAND: GET /session/7d4ef5db813d7a6cede0ad9a34edc09c/screenshot - {}
RESULT: {"using":"xpath","value":"//span[contains(text(), \"PM Order\")]"}
COMMAND: POST /session/7d4ef5db813d7a6cede0ad9a34edc09c/element/f.A871513E4156B49FEA6A1325266FBBC5.d.8A85F8B8C6752B987F927157EE7246D7.e.13709/click - {}
RESULT: {}
RESULT: {}
COMMAND: GET /session/7d4ef5db813d7a6cede0ad9a34edc09c/screenshot - {}
RESULT: {}
COMMAND: POST /session/7d4ef5db813d7a6cede0ad9a34edc09c/element - {"using":"xpath","value":"//td/div/div/div/span[contains(@id, \"newResourceUnit--RUTimeSegment-0-vhi\")][1]"}
RESULT: {"using":"xpath","value":"//td/div/div/div/span[contains(@id, \"newResourceUnit--RUTimeSegment-0-vhi\")][1]"}
COMMAND: GET /session/7d4ef5db813d7a6cede0ad9a34edc09c/element/f.A871513E4156B49FEA6A1325266FBBC5.d.8A85F8B8C6752B987F927157EE7246D7.e.13713/rect - {}
RESULT: {}
COMMAND: GET /session/7d4ef5db813d7a6cede0ad9a34edc09c/window/rect - {}
RESULT: {}
COMMAND: POST /session/7d4ef5db813d7a6cede0ad9a34edc09c/execute/sync - {"script":"<script> [92 bytes]","args":[]}
RESULT: {"script":"<script> [92 bytes]","args":[]}
COMMAND: POST /session/7d4ef5db813d7a6cede0ad9a34edc09c/actions - {"actions":[{"id":"action47","type":"wheel","parameters":{},"actions":[{"type":"scroll","x":-1888,"y":-24,"deltaX":0,"deltaY":0,"duration":0,"origin":{"element-6066-11e4-a52e-4f735466cecf":"f.A871513E4156B49FEA6A1325266FBBC5.d.8A85F8B8C6752B987F927157EE7246D7.e.13713"}}]}]}
COMMAND: GET /session/7d4ef5db813d7a6cede0ad9a34edc09c/screenshot - {}
RESULT: {}
COMMAND: POST /session/7d4ef5db813d7a6cede0ad9a34edc09c/execute/sync - {"script":"<script> [79 bytes]","args":[{"element-6066-11e4-a52e-4f735466cecf":"f.A871513E4156B49FEA6A1325266FBBC5.d.8A85F8B8C6752B987F927157EE7246D7.e.13713","ELEMENT":"f.A871513E4156B49FEA6A1325266FBBC5.d.8A85F8B8C6752B987F927157EE7246D7.e.13713"},{"block":"start","inline":"nearest"}]}
RESULT: {"script":"<script> [79 bytes]","args":[{"element-6066-11e4-a52e-4f735466cecf":"f.A871513E4156B49FEA6A1325266FBBC5.d.8A85F8B8C6752B987F927157EE7246D7.e.13713","ELEMENT":"f.A871513E4156B49FEA6A1325266FBBC5.d.8A85F8B8C6752B987F927157EE7246D7.e.13713"},{"block":"start","inline":"nearest"}]}
COMMAND: GET /session/7d4ef5db813d7a6cede0ad9a34edc09c/screenshot - {}
RESULT: {}
COMMAND: POST /session/7d4ef5db813d7a6cede0ad9a34edc09c/element/f.A871513E4156B49FEA6A1325266FBBC5.d.8A85F8B8C6752B987F927157EE7246D7.e.13713/click - {}
RESULT: {}
COMMAND: GET /session/7d4ef5db813d7a6cede0ad9a34edc09c/screenshot - {}
RESULT: {}
COMMAND: POST /session/7d4ef5db813d7a6cede0ad9a34edc09c/execute/async - {"script":"<script> [1562 bytes]","args":[{"selector":{"controlType":"sap.m.SearchField","properties":{"placeholder":"Search"},"searchOpenDialogs":true,"interaction":{"idSuffix":"I"}},"wdio_ui5_key":"sapm.SearchField{\"placeholder\":\"Search\"}"}]}
RESULT: {"script":"<script> [1562 bytes]","args":[{"selector":{"controlType":"sap.m.SearchField","properties":{"placeholder":"Search"},"searchOpenDialogs":true,"interaction":{"idSuffix":"I"}},"wdio_ui5_key":"sapm.SearchField{\"placeholder\":\"Search\"}"}]}
RESULT: undefined
COMMAND: POST /session/7d4ef5db813d7a6cede0ad9a34edc09c/execute/async - {"script":"<script> [776 bytes]","args":[{"enterText":"4000360","selector":{"controlType":"sap.m.SearchField","properties":{"placeholder":"Search"},"searchOpenDialogs":true,"interaction":{"idSuffix":"I"}},"clearTextFirst":true,"interactionType":"ENTER_TEXT"}]}
RESULT: {"script":"<script> [776 bytes]","args":[{"enterText":"4000360","selector":{"controlType":"sap.m.SearchField","properties":{"placeholder":"Search"},"searchOpenDialogs":true,"interaction":{"idSuffix":"I"}},"clearTextFirst":true,"interactionType":"ENTER_TEXT"}]}
COMMAND: POST /session/7d4ef5db813d7a6cede0ad9a34edc09c/actions - {"actions":[{"id":"action48","type":"key","parameters":{},"actions":[{"type":"keyDown","value":""},{"type":"pause","duration":10},{"type":"keyUp","value":""}]}]}
RESULT: {"actions":[{"id":"action48","type":"key","parameters":{},"actions":[{"type":"keyDown","value":""},{"type":"pause","duration":10},{"type":"keyUp","value":""}]}]}
COMMAND: GET /session/7d4ef5db813d7a6cede0ad9a34edc09c/screenshot - {}
RESULT: {}
COMMAND: POST /session/7d4ef5db813d7a6cede0ad9a34edc09c/element - {"using":"xpath","value":"//td/div/span[contains(text(), \"BGL Vehicles\")]"}
RESULT: {"using":"xpath","value":"//td/div/span[contains(text(), \"BGL Vehicles\")]"}
COMMAND: POST /session/7d4ef5db813d7a6cede0ad9a34edc09c/element/f.A871513E4156B49FEA6A1325266FBBC5.d.8A85F8B8C6752B987F927157EE7246D7.e.13734/click - {}
RESULT: {}
COMMAND: GET /session/7d4ef5db813d7a6cede0ad9a34edc09c/screenshot - {}
RESULT: {}
COMMAND: POST /session/7d4ef5db813d7a6cede0ad9a34edc09c/element - {"using":"xpath","value":"//bdi[contains(text(), \"OK\")]"}
RESULT: {"using":"xpath","value":"//bdi[contains(text(), \"OK\")]"}
COMMAND: POST /session/7d4ef5db813d7a6cede0ad9a34edc09c/element/f.A871513E4156B49FEA6A1325266FBBC5.d.8A85F8B8C6752B987F927157EE7246D7.e.13735/click - {}
RESULT: {}
COMMAND: GET /session/7d4ef5db813d7a6cede0ad9a34edc09c/screenshot - {}
RESULT: {}
COMMAND: POST /session/7d4ef5db813d7a6cede0ad9a34edc09c/element - {"using":"xpath","value":"//label[contains(@class, 'sapMLabelRequired') and .//bdi[contains(text(), 'Planned Retirement')]]"}
RESULT: {"using":"xpath","value":"//label[contains(@class, 'sapMLabelRequired') and .//bdi[contains(text(), 'Planned Retirement')]]"}
COMMAND: POST /session/7d4ef5db813d7a6cede0ad9a34edc09c/elements - {"using":"xpath","value":"//label[contains(@class, 'sapMLabelRequired') and .//bdi[contains(text(), 'Planned Retirement')]]"}
RESULT: {"using":"xpath","value":"//label[contains(@class, 'sapMLabelRequired') and .//bdi[contains(text(), 'Planned Retirement')]]"}
COMMAND: POST /session/7d4ef5db813d7a6cede0ad9a34edc09c/element - {"using":"xpath","value":"//button[@data-kt=\"resourceUnitSaveButton\"]"}
RESULT: {"using":"xpath","value":"//button[@data-kt=\"resourceUnitSaveButton\"]"}
COMMAND: POST /session/7d4ef5db813d7a6cede0ad9a34edc09c/element/f.A871513E4156B49FEA6A1325266FBBC5.d.8A85F8B8C6752B987F927157EE7246D7.e.13637/click - {}
RESULT: {}
COMMAND: GET /session/7d4ef5db813d7a6cede0ad9a34edc09c/screenshot - {}
RESULT: {}
COMMAND: POST /session/7d4ef5db813d7a6cede0ad9a34edc09c/element - {"using":"xpath","value":"//bdi[contains(text(), \"Close\")]"}
RESULT: {"using":"xpath","value":"//bdi[contains(text(), \"Close\")]"}
COMMAND: POST /session/7d4ef5db813d7a6cede0ad9a34edc09c/element/f.A871513E4156B49FEA6A1325266FBBC5.d.8A85F8B8C6752B987F927157EE7246D7.e.13741/click - {}
RESULT: {}
COMMAND: GET /session/7d4ef5db813d7a6cede0ad9a34edc09c/screenshot - {}
RESULT: {}
COMMAND: POST /session/7d4ef5db813d7a6cede0ad9a34edc09c/element - {"using":"xpath","value":"//header[contains(@id, 'detailRruPage-headerTitle')]/div[1]/div[2]/div[2]/span[1]"}
RESULT: {"using":"xpath","value":"//header[contains(@id, 'detailRruPage-headerTitle')]/div[1]/div[2]/div[2]/span[1]"}
COMMAND: POST /session/7d4ef5db813d7a6cede0ad9a34edc09c/elements - {"using":"xpath","value":"//header[contains(@id, 'detailRruPage-headerTitle')]/div[1]/div[2]/div[2]/span[1]"}
RESULT: {"using":"xpath","value":"//header[contains(@id, 'detailRruPage-headerTitle')]/div[1]/div[2]/div[2]/span[1]"}
COMMAND: POST /session/7d4ef5db813d7a6cede0ad9a34edc09c/execute/sync - {"script":"<script> [56 bytes]","args":[{"element-6066-11e4-a52e-4f735466cecf":"f.A871513E4156B49FEA6A1325266FBBC5.d.8A85F8B8C6752B987F927157EE7246D7.e.13777","ELEMENT":"f.A871513E4156B49FEA6A1325266FBBC5.d.8A85F8B8C6752B987F927157EE7246D7.e.13777"}]}
RESULT: {"script":"<script> [56 bytes]","args":[{"element-6066-11e4-a52e-4f735466cecf":"f.A871513E4156B49FEA6A1325266FBBC5.d.8A85F8B8C6752B987F927157EE7246D7.e.13777","ELEMENT":"f.A871513E4156B49FEA6A1325266FBBC5.d.8A85F8B8C6752B987F927157EE7246D7.e.13777"}]}
COMMAND: POST /session/7d4ef5db813d7a6cede0ad9a34edc09c/element - {"using":"css selector","value":"#shell-header-logo"}
COMMAND: GET /session/7d4ef5db813d7a6cede0ad9a34edc09c/screenshot - {}
RESULT: {"using":"css selector","value":"#shell-header-logo"}
COMMAND: POST /session/7d4ef5db813d7a6cede0ad9a34edc09c/element/f.A871513E4156B49FEA6A1325266FBBC5.d.8A85F8B8C6752B987F927157EE7246D7.e.13230/click - {}
RESULT: {}
RESULT: {}
COMMAND: GET /session/7d4ef5db813d7a6cede0ad9a34edc09c/screenshot - {}
RESULT: {}
]]></system-out>
    </testcase>
  </testsuite>
  <testsuite timestamp="2025-05-21T16:59:54" time="383.304" tests="6" failures="0" errors="0" skipped="0">
    <properties>
      <property name="specId" value="0"/>
      <property name="suiteName" value="Provide to Site w/o warehouse management w clarification"/>
      <property name="capabilities" value="chrome.136_0_7103_93.windows"/>
      <property name="file" value="file:///D:/a/1/s/test/specs/HTR/provide-to-site-wo-warehouse-w-clarification.spec.js"/>
    </properties>
    <testcase classname="chrome.136_0_7103_93.windows.Provide_to_Site_w/o_warehouse_management_w_clarification" name="Should do a stock increase handover" time="92.155">
      <system-out><![CDATA[
COMMAND: POST /session/7d4ef5db813d7a6cede0ad9a34edc09c/execute/async - {"script":"<script> [1562 bytes]","args":[{"selector":{"controlType":"sap.m.GenericTile","properties":{"header":"Manage Handovers"}},"wdio_ui5_key":"sapm.GenericTile{\"header\":\"Manage Handovers\"}"}]}
RESULT: {"script":"<script> [1562 bytes]","args":[{"selector":{"controlType":"sap.m.GenericTile","properties":{"header":"Manage Handovers"}},"wdio_ui5_key":"sapm.GenericTile{\"header\":\"Manage Handovers\"}"}]}
RESULT: undefined
COMMAND: POST /session/7d4ef5db813d7a6cede0ad9a34edc09c/element - {"using":"xpath","value":"//*[@id=\"__tile132\"]"}
RESULT: {"using":"xpath","value":"//*[@id=\"__tile132\"]"}
COMMAND: POST /session/7d4ef5db813d7a6cede0ad9a34edc09c/element/f.A871513E4156B49FEA6A1325266FBBC5.d.8A85F8B8C6752B987F927157EE7246D7.e.13180/click - {}
RESULT: {}
COMMAND: GET /session/7d4ef5db813d7a6cede0ad9a34edc09c/screenshot - {}
RESULT: {}
COMMAND: POST /session/7d4ef5db813d7a6cede0ad9a34edc09c/elements - {"using":"xpath","value":"//span[text()='Error']"}
RESULT: {"using":"xpath","value":"//span[text()='Error']"}
COMMAND: POST /session/7d4ef5db813d7a6cede0ad9a34edc09c/element - {"using":"xpath","value":"//button[@data-kt=\"masterHOAddButton\"]"}
RESULT: {"using":"xpath","value":"//button[@data-kt=\"masterHOAddButton\"]"}
COMMAND: POST /session/7d4ef5db813d7a6cede0ad9a34edc09c/elements - {"using":"xpath","value":"//button[@data-kt=\"masterHOAddButton\"]"}
RESULT: {"using":"xpath","value":"//button[@data-kt=\"masterHOAddButton\"]"}
COMMAND: POST /session/7d4ef5db813d7a6cede0ad9a34edc09c/execute/sync - {"script":"<script> [8489 bytes]","args":[{"element-6066-11e4-a52e-4f735466cecf":"f.A871513E4156B49FEA6A1325266FBBC5.d.8A85F8B8C6752B987F927157EE7246D7.e.13827","ELEMENT":"f.A871513E4156B49FEA6A1325266FBBC5.d.8A85F8B8C6752B987F927157EE7246D7.e.13827"}]}
RESULT: {"script":"<script> [8489 bytes]","args":[{"element-6066-11e4-a52e-4f735466cecf":"f.A871513E4156B49FEA6A1325266FBBC5.d.8A85F8B8C6752B987F927157EE7246D7.e.13827","ELEMENT":"f.A871513E4156B49FEA6A1325266FBBC5.d.8A85F8B8C6752B987F927157EE7246D7.e.13827"}]}
COMMAND: GET /session/7d4ef5db813d7a6cede0ad9a34edc09c/element/f.A871513E4156B49FEA6A1325266FBBC5.d.8A85F8B8C6752B987F927157EE7246D7.e.13827/enabled - {}
COMMAND: GET /session/7d4ef5db813d7a6cede0ad9a34edc09c/screenshot - {}
RESULT: {}
COMMAND: POST /session/7d4ef5db813d7a6cede0ad9a34edc09c/execute/sync - {"script":"<script> [8489 bytes]","args":[{"element-6066-11e4-a52e-4f735466cecf":"f.A871513E4156B49FEA6A1325266FBBC5.d.8A85F8B8C6752B987F927157EE7246D7.e.13827","ELEMENT":"f.A871513E4156B49FEA6A1325266FBBC5.d.8A85F8B8C6752B987F927157EE7246D7.e.13827"}]}
COMMAND: GET /session/7d4ef5db813d7a6cede0ad9a34edc09c/screenshot - {}
RESULT: {}
RESULT: {"script":"<script> [8489 bytes]","args":[{"element-6066-11e4-a52e-4f735466cecf":"f.A871513E4156B49FEA6A1325266FBBC5.d.8A85F8B8C6752B987F927157EE7246D7.e.13827","ELEMENT":"f.A871513E4156B49FEA6A1325266FBBC5.d.8A85F8B8C6752B987F927157EE7246D7.e.13827"}]}
COMMAND: POST /session/7d4ef5db813d7a6cede0ad9a34edc09c/execute/sync - {"script":"<script> [5351 bytes]","args":[{"element-6066-11e4-a52e-4f735466cecf":"f.A871513E4156B49FEA6A1325266FBBC5.d.8A85F8B8C6752B987F927157EE7246D7.e.13827","ELEMENT":"f.A871513E4156B49FEA6A1325266FBBC5.d.8A85F8B8C6752B987F927157EE7246D7.e.13827"}]}
COMMAND: GET /session/7d4ef5db813d7a6cede0ad9a34edc09c/screenshot - {}
RESULT: {}
RESULT: {"script":"<script> [5351 bytes]","args":[{"element-6066-11e4-a52e-4f735466cecf":"f.A871513E4156B49FEA6A1325266FBBC5.d.8A85F8B8C6752B987F927157EE7246D7.e.13827","ELEMENT":"f.A871513E4156B49FEA6A1325266FBBC5.d.8A85F8B8C6752B987F927157EE7246D7.e.13827"}]}
COMMAND: POST /session/7d4ef5db813d7a6cede0ad9a34edc09c/element/f.A871513E4156B49FEA6A1325266FBBC5.d.8A85F8B8C6752B987F927157EE7246D7.e.13827/click - {}
COMMAND: GET /session/7d4ef5db813d7a6cede0ad9a34edc09c/screenshot - {}
RESULT: {}
RESULT: {}
COMMAND: GET /session/7d4ef5db813d7a6cede0ad9a34edc09c/screenshot - {}
RESULT: {}
COMMAND: POST /session/7d4ef5db813d7a6cede0ad9a34edc09c/element - {"using":"xpath","value":"//span[contains(@id ,\"AddNewHO--typeSelect-arrow\")]"}
RESULT: {}
RESULT: {"using":"xpath","value":"//span[contains(@id ,\"AddNewHO--typeSelect-arrow\")]"}
COMMAND: POST /session/7d4ef5db813d7a6cede0ad9a34edc09c/element/f.A871513E4156B49FEA6A1325266FBBC5.d.8A85F8B8C6752B987F927157EE7246D7.e.14168/click - {}
RESULT: {}
COMMAND: GET /session/7d4ef5db813d7a6cede0ad9a34edc09c/screenshot - {}
RESULT: {}
COMMAND: POST /session/7d4ef5db813d7a6cede0ad9a34edc09c/element - {"using":"xpath","value":"(//li[contains(text(), \"stock increase yard\")])[1]"}
RESULT: {"using":"xpath","value":"(//li[contains(text(), \"stock increase yard\")])[1]"}
COMMAND: POST /session/7d4ef5db813d7a6cede0ad9a34edc09c/element/f.A871513E4156B49FEA6A1325266FBBC5.d.8A85F8B8C6752B987F927157EE7246D7.e.14169/click - {}
RESULT: {}
COMMAND: GET /session/7d4ef5db813d7a6cede0ad9a34edc09c/screenshot - {}
RESULT: {}
COMMAND: POST /session/7d4ef5db813d7a6cede0ad9a34edc09c/execute/async - {"script":"<script> [1562 bytes]","args":[{"selector":{"id":"application-managehandovers-display-component---AddNewHO--dueDate","interaction":{"idSuffix":"inner"}},"wdio_ui5_key":"applicationmanagehandovers-display-component---AddNewHO--dueDate"}]}
RESULT: {"script":"<script> [1562 bytes]","args":[{"selector":{"id":"application-managehandovers-display-component---AddNewHO--dueDate","interaction":{"idSuffix":"inner"}},"wdio_ui5_key":"applicationmanagehandovers-display-component---AddNewHO--dueDate"}]}
RESULT: undefined
COMMAND: POST /session/7d4ef5db813d7a6cede0ad9a34edc09c/execute/async - {"script":"<script> [6424 bytes]","args":[{"element-6066-11e4-a52e-4f735466cecf":"f.A871513E4156B49FEA6A1325266FBBC5.d.8A85F8B8C6752B987F927157EE7246D7.e.14171"},"setValue",["5/21/25"]]}
RESULT: {"script":"<script> [6424 bytes]","args":[{"element-6066-11e4-a52e-4f735466cecf":"f.A871513E4156B49FEA6A1325266FBBC5.d.8A85F8B8C6752B987F927157EE7246D7.e.14171"},"setValue",["5/21/25"]]}
COMMAND: POST /session/7d4ef5db813d7a6cede0ad9a34edc09c/element - {"using":"xpath","value":"//input[@id=\"generalSectionFrg--receiveYard-inner\"]"}
RESULT: {"using":"xpath","value":"//input[@id=\"generalSectionFrg--receiveYard-inner\"]"}
COMMAND: POST /session/7d4ef5db813d7a6cede0ad9a34edc09c/element/f.A871513E4156B49FEA6A1325266FBBC5.d.8A85F8B8C6752B987F927157EE7246D7.e.14175/clear - {}
RESULT: {}
COMMAND: POST /session/7d4ef5db813d7a6cede0ad9a34edc09c/element/f.A871513E4156B49FEA6A1325266FBBC5.d.8A85F8B8C6752B987F927157EE7246D7.e.14175/value - {"text":"637"}
COMMAND: GET /session/7d4ef5db813d7a6cede0ad9a34edc09c/screenshot - {}
RESULT: {"text":"637"}
COMMAND: GET /session/7d4ef5db813d7a6cede0ad9a34edc09c/screenshot - {}
RESULT: {}
RESULT: {}
COMMAND: POST /session/7d4ef5db813d7a6cede0ad9a34edc09c/element - {"using":"xpath","value":"//li[.//span[text()='637']]"}
RESULT: {"using":"xpath","value":"//li[.//span[text()='637']]"}
COMMAND: POST /session/7d4ef5db813d7a6cede0ad9a34edc09c/element/f.A871513E4156B49FEA6A1325266FBBC5.d.8A85F8B8C6752B987F927157EE7246D7.e.14193/click - {}
RESULT: {}
COMMAND: GET /session/7d4ef5db813d7a6cede0ad9a34edc09c/screenshot - {}
RESULT: {}
COMMAND: POST /session/7d4ef5db813d7a6cede0ad9a34edc09c/execute/async - {"script":"<script> [1562 bytes]","args":[{"selector":{"id":"application-managehandovers-display-component---AddNewHO--ObjectPageLayout-anchBar-application-managehandovers-display-component---AddNewHO--section4-anchor","interaction":{"idSuffix":"BDI-content"}},"wdio_ui5_key":"applicationmanagehandovers-display-component---AddNewHO--ObjectPageLayout-anchBar-application-managehandovers-display-component---AddNewHO--section4-anchor"}]}
RESULT: {"script":"<script> [1562 bytes]","args":[{"selector":{"id":"application-managehandovers-display-component---AddNewHO--ObjectPageLayout-anchBar-application-managehandovers-display-component---AddNewHO--section4-anchor","interaction":{"idSuffix":"BDI-content"}},"wdio_ui5_key":"applicationmanagehandovers-display-component---AddNewHO--ObjectPageLayout-anchBar-application-managehandovers-display-component---AddNewHO--section4-anchor"}]}
RESULT: undefined
COMMAND: POST /session/7d4ef5db813d7a6cede0ad9a34edc09c/element - {"using":"xpath","value":"//*[@id=\"application-managehandovers-display-component---AddNewHO--ObjectPageLayout-anchBar-application-managehandovers-display-component---AddNewHO--section4-anchor\"]"}
RESULT: {"using":"xpath","value":"//*[@id=\"application-managehandovers-display-component---AddNewHO--ObjectPageLayout-anchBar-application-managehandovers-display-component---AddNewHO--section4-anchor\"]"}
COMMAND: POST /session/7d4ef5db813d7a6cede0ad9a34edc09c/element/f.A871513E4156B49FEA6A1325266FBBC5.d.8A85F8B8C6752B987F927157EE7246D7.e.14195/click - {}
RESULT: {}
COMMAND: POST /session/7d4ef5db813d7a6cede0ad9a34edc09c/element - {"using":"xpath","value":"//button[@aria-label=\"Add\"]"}
COMMAND: GET /session/7d4ef5db813d7a6cede0ad9a34edc09c/screenshot - {}
RESULT: {"using":"xpath","value":"//button[@aria-label=\"Add\"]"}
COMMAND: POST /session/7d4ef5db813d7a6cede0ad9a34edc09c/element/f.A871513E4156B49FEA6A1325266FBBC5.d.8A85F8B8C6752B987F927157EE7246D7.e.14197/click - {}
RESULT: {}
RESULT: {}
COMMAND: GET /session/7d4ef5db813d7a6cede0ad9a34edc09c/screenshot - {}
RESULT: {}
COMMAND: POST /session/7d4ef5db813d7a6cede0ad9a34edc09c/execute/async - {"script":"<script> [1562 bytes]","args":[{"selector":{"id":"application-managehandovers-display-component---AddNewHO--smartFilterBar-btnBasicSearch","searchOpenDialogs":true,"interaction":{"idSuffix":"I"}},"wdio_ui5_key":"applicationmanagehandovers-display-component---AddNewHO--smartFilterBar-btnBasicSearch"}]}
RESULT: {"script":"<script> [1562 bytes]","args":[{"selector":{"id":"application-managehandovers-display-component---AddNewHO--smartFilterBar-btnBasicSearch","searchOpenDialogs":true,"interaction":{"idSuffix":"I"}},"wdio_ui5_key":"applicationmanagehandovers-display-component---AddNewHO--smartFilterBar-btnBasicSearch"}]}
RESULT: undefined
COMMAND: POST /session/7d4ef5db813d7a6cede0ad9a34edc09c/execute/async - {"script":"<script> [776 bytes]","args":[{"enterText":"200384","selector":{"id":"application-managehandovers-display-component---AddNewHO--smartFilterBar-btnBasicSearch","searchOpenDialogs":true,"interaction":{"idSuffix":"I"}},"clearTextFirst":true,"interactionType":"ENTER_TEXT"}]}
RESULT: {"script":"<script> [776 bytes]","args":[{"enterText":"200384","selector":{"id":"application-managehandovers-display-component---AddNewHO--smartFilterBar-btnBasicSearch","searchOpenDialogs":true,"interaction":{"idSuffix":"I"}},"clearTextFirst":true,"interactionType":"ENTER_TEXT"}]}
COMMAND: POST /session/7d4ef5db813d7a6cede0ad9a34edc09c/actions - {"actions":[{"id":"action49","type":"key","parameters":{},"actions":[{"type":"keyDown","value":""},{"type":"pause","duration":10},{"type":"keyUp","value":""}]}]}
RESULT: {"actions":[{"id":"action49","type":"key","parameters":{},"actions":[{"type":"keyDown","value":""},{"type":"pause","duration":10},{"type":"keyUp","value":""}]}]}
COMMAND: GET /session/7d4ef5db813d7a6cede0ad9a34edc09c/screenshot - {}
RESULT: {}
COMMAND: POST /session/7d4ef5db813d7a6cede0ad9a34edc09c/execute/async - {"script":"<script> [1562 bytes]","args":[{"selector":{"id":"application-managehandovers-display-component---AddNewHO--popup-sa","searchOpenDialogs":true,"interaction":{"idSuffix":"CbBg"}},"wdio_ui5_key":"applicationmanagehandovers-display-component---AddNewHO--popup-sa"}]}
RESULT: {"script":"<script> [1562 bytes]","args":[{"selector":{"id":"application-managehandovers-display-component---AddNewHO--popup-sa","searchOpenDialogs":true,"interaction":{"idSuffix":"CbBg"}},"wdio_ui5_key":"applicationmanagehandovers-display-component---AddNewHO--popup-sa"}]}
RESULT: undefined
COMMAND: POST /session/7d4ef5db813d7a6cede0ad9a34edc09c/element - {"using":"xpath","value":"//*[@id=\"application-managehandovers-display-component---AddNewHO--popup-sa\"]"}
RESULT: {"using":"xpath","value":"//*[@id=\"application-managehandovers-display-component---AddNewHO--popup-sa\"]"}
COMMAND: POST /session/7d4ef5db813d7a6cede0ad9a34edc09c/element/f.A871513E4156B49FEA6A1325266FBBC5.d.8A85F8B8C6752B987F927157EE7246D7.e.14350/click - {}
RESULT: {}
COMMAND: GET /session/7d4ef5db813d7a6cede0ad9a34edc09c/screenshot - {}
RESULT: {}
COMMAND: POST /session/7d4ef5db813d7a6cede0ad9a34edc09c/element - {"using":"xpath","value":"//bdi[contains(text(), \"Select\")]"}
RESULT: {"using":"xpath","value":"//bdi[contains(text(), \"Select\")]"}
COMMAND: POST /session/7d4ef5db813d7a6cede0ad9a34edc09c/element/f.A871513E4156B49FEA6A1325266FBBC5.d.8A85F8B8C6752B987F927157EE7246D7.e.14351/click - {}
RESULT: {}
COMMAND: GET /session/7d4ef5db813d7a6cede0ad9a34edc09c/screenshot - {}
RESULT: {}
COMMAND: POST /session/7d4ef5db813d7a6cede0ad9a34edc09c/element - {"using":"xpath","value":"//button[@data-kt=\"AddNewHOSaveButton\"]"}
RESULT: {"using":"xpath","value":"//button[@data-kt=\"AddNewHOSaveButton\"]"}
COMMAND: POST /session/7d4ef5db813d7a6cede0ad9a34edc09c/element/f.A871513E4156B49FEA6A1325266FBBC5.d.8A85F8B8C6752B987F927157EE7246D7.e.14355/click - {}
RESULT: {}
COMMAND: GET /session/7d4ef5db813d7a6cede0ad9a34edc09c/screenshot - {}
RESULT: {}
COMMAND: POST /session/7d4ef5db813d7a6cede0ad9a34edc09c/execute/async - {"script":"<script> [1562 bytes]","args":[{"selector":{"id":"receiptDatePicker","viewName":"etm.portal.ui.managehandovers.view.DetailExecuteHO","interaction":{"idSuffix":"inner"}},"wdio_ui5_key":"receiptDatePickeretmportal.ui.managehandovers.view.DetailExecuteHO"}]}
RESULT: {"script":"<script> [1562 bytes]","args":[{"selector":{"id":"receiptDatePicker","viewName":"etm.portal.ui.managehandovers.view.DetailExecuteHO","interaction":{"idSuffix":"inner"}},"wdio_ui5_key":"receiptDatePickeretmportal.ui.managehandovers.view.DetailExecuteHO"}]}
RESULT: undefined
COMMAND: POST /session/7d4ef5db813d7a6cede0ad9a34edc09c/execute/async - {"script":"<script> [6424 bytes]","args":[{"element-6066-11e4-a52e-4f735466cecf":"f.A871513E4156B49FEA6A1325266FBBC5.d.8A85F8B8C6752B987F927157EE7246D7.e.14392"},"setValue",["5/21/25"]]}
RESULT: {"script":"<script> [6424 bytes]","args":[{"element-6066-11e4-a52e-4f735466cecf":"f.A871513E4156B49FEA6A1325266FBBC5.d.8A85F8B8C6752B987F927157EE7246D7.e.14392"},"setValue",["5/21/25"]]}
COMMAND: POST /session/7d4ef5db813d7a6cede0ad9a34edc09c/element - {"using":"xpath","value":"//button[@data-kt=\"PickingTableConfirmAllButton\"]"}
RESULT: {"using":"xpath","value":"//button[@data-kt=\"PickingTableConfirmAllButton\"]"}
COMMAND: POST /session/7d4ef5db813d7a6cede0ad9a34edc09c/element/f.A871513E4156B49FEA6A1325266FBBC5.d.8A85F8B8C6752B987F927157EE7246D7.e.14406/click - {}
RESULT: {}
COMMAND: GET /session/7d4ef5db813d7a6cede0ad9a34edc09c/screenshot - {}
RESULT: {}
COMMAND: POST /session/7d4ef5db813d7a6cede0ad9a34edc09c/element - {"using":"xpath","value":"//bdi[contains(text(), \"OK\")]"}
RESULT: {"using":"xpath","value":"//bdi[contains(text(), \"OK\")]"}
COMMAND: POST /session/7d4ef5db813d7a6cede0ad9a34edc09c/element/f.A871513E4156B49FEA6A1325266FBBC5.d.8A85F8B8C6752B987F927157EE7246D7.e.14408/click - {}
RESULT: {}
COMMAND: GET /session/7d4ef5db813d7a6cede0ad9a34edc09c/screenshot - {}
RESULT: {}
COMMAND: POST /session/7d4ef5db813d7a6cede0ad9a34edc09c/element - {"using":"xpath","value":"(//bdi[contains(text(), \"Receive\")])[2]"}
RESULT: {"using":"xpath","value":"(//bdi[contains(text(), \"Receive\")])[2]"}
COMMAND: POST /session/7d4ef5db813d7a6cede0ad9a34edc09c/element/f.A871513E4156B49FEA6A1325266FBBC5.d.8A85F8B8C6752B987F927157EE7246D7.e.14410/click - {}
RESULT: {}
COMMAND: GET /session/7d4ef5db813d7a6cede0ad9a34edc09c/screenshot - {}
RESULT: {}
COMMAND: POST /session/7d4ef5db813d7a6cede0ad9a34edc09c/element - {"using":"css selector","value":"#shell-header-logo"}
RESULT: {"using":"css selector","value":"#shell-header-logo"}
COMMAND: POST /session/7d4ef5db813d7a6cede0ad9a34edc09c/element/f.A871513E4156B49FEA6A1325266FBBC5.d.8A85F8B8C6752B987F927157EE7246D7.e.13780/click - {}
RESULT: {}
COMMAND: GET /session/7d4ef5db813d7a6cede0ad9a34edc09c/screenshot - {}
RESULT: {}
]]></system-out>
    </testcase>
    <testcase classname="chrome.136_0_7103_93.windows.Provide_to_Site_w/o_warehouse_management_w_clarification" name="Should create a new contract" time="70.288">
      <system-out><![CDATA[
COMMAND: POST /session/7d4ef5db813d7a6cede0ad9a34edc09c/execute/async - {"script":"<script> [1562 bytes]","args":[{"selector":{"controlType":"sap.m.GenericTile","properties":{"header":"Manage Contracts"}},"wdio_ui5_key":"sapm.GenericTile{\"header\":\"Manage Contracts\"}"}]}
RESULT: {"script":"<script> [1562 bytes]","args":[{"selector":{"controlType":"sap.m.GenericTile","properties":{"header":"Manage Contracts"}},"wdio_ui5_key":"sapm.GenericTile{\"header\":\"Manage Contracts\"}"}]}
RESULT: undefined
COMMAND: POST /session/7d4ef5db813d7a6cede0ad9a34edc09c/element - {"using":"xpath","value":"//*[@id=\"__tile130\"]"}
RESULT: {"using":"xpath","value":"//*[@id=\"__tile130\"]"}
COMMAND: POST /session/7d4ef5db813d7a6cede0ad9a34edc09c/element/f.A871513E4156B49FEA6A1325266FBBC5.d.8A85F8B8C6752B987F927157EE7246D7.e.13170/click - {}
RESULT: {}
COMMAND: GET /session/7d4ef5db813d7a6cede0ad9a34edc09c/screenshot - {}
RESULT: {}
COMMAND: POST /session/7d4ef5db813d7a6cede0ad9a34edc09c/elements - {"using":"xpath","value":"//span[text()='Error']"}
RESULT: {"using":"xpath","value":"//span[text()='Error']"}
COMMAND: POST /session/7d4ef5db813d7a6cede0ad9a34edc09c/element - {"using":"xpath","value":"//button[@data-kt=\"addButton\"]"}
RESULT: {"using":"xpath","value":"//button[@data-kt=\"addButton\"]"}
COMMAND: POST /session/7d4ef5db813d7a6cede0ad9a34edc09c/elements - {"using":"xpath","value":"//button[@data-kt=\"addButton\"]"}
RESULT: {"using":"xpath","value":"//button[@data-kt=\"addButton\"]"}
COMMAND: POST /session/7d4ef5db813d7a6cede0ad9a34edc09c/execute/sync - {"script":"<script> [8489 bytes]","args":[{"element-6066-11e4-a52e-4f735466cecf":"f.A871513E4156B49FEA6A1325266FBBC5.d.8A85F8B8C6752B987F927157EE7246D7.e.14629","ELEMENT":"f.A871513E4156B49FEA6A1325266FBBC5.d.8A85F8B8C6752B987F927157EE7246D7.e.14629"}]}
RESULT: {"script":"<script> [8489 bytes]","args":[{"element-6066-11e4-a52e-4f735466cecf":"f.A871513E4156B49FEA6A1325266FBBC5.d.8A85F8B8C6752B987F927157EE7246D7.e.14629","ELEMENT":"f.A871513E4156B49FEA6A1325266FBBC5.d.8A85F8B8C6752B987F927157EE7246D7.e.14629"}]}
COMMAND: GET /session/7d4ef5db813d7a6cede0ad9a34edc09c/element/f.A871513E4156B49FEA6A1325266FBBC5.d.8A85F8B8C6752B987F927157EE7246D7.e.14629/enabled - {}
COMMAND: GET /session/7d4ef5db813d7a6cede0ad9a34edc09c/screenshot - {}
RESULT: {}
COMMAND: POST /session/7d4ef5db813d7a6cede0ad9a34edc09c/execute/sync - {"script":"<script> [8489 bytes]","args":[{"element-6066-11e4-a52e-4f735466cecf":"f.A871513E4156B49FEA6A1325266FBBC5.d.8A85F8B8C6752B987F927157EE7246D7.e.14629","ELEMENT":"f.A871513E4156B49FEA6A1325266FBBC5.d.8A85F8B8C6752B987F927157EE7246D7.e.14629"}]}
COMMAND: GET /session/7d4ef5db813d7a6cede0ad9a34edc09c/screenshot - {}
RESULT: {}
RESULT: {"script":"<script> [8489 bytes]","args":[{"element-6066-11e4-a52e-4f735466cecf":"f.A871513E4156B49FEA6A1325266FBBC5.d.8A85F8B8C6752B987F927157EE7246D7.e.14629","ELEMENT":"f.A871513E4156B49FEA6A1325266FBBC5.d.8A85F8B8C6752B987F927157EE7246D7.e.14629"}]}
COMMAND: POST /session/7d4ef5db813d7a6cede0ad9a34edc09c/execute/sync - {"script":"<script> [5351 bytes]","args":[{"element-6066-11e4-a52e-4f735466cecf":"f.A871513E4156B49FEA6A1325266FBBC5.d.8A85F8B8C6752B987F927157EE7246D7.e.14629","ELEMENT":"f.A871513E4156B49FEA6A1325266FBBC5.d.8A85F8B8C6752B987F927157EE7246D7.e.14629"}]}
COMMAND: GET /session/7d4ef5db813d7a6cede0ad9a34edc09c/screenshot - {}
RESULT: {}
RESULT: {"script":"<script> [5351 bytes]","args":[{"element-6066-11e4-a52e-4f735466cecf":"f.A871513E4156B49FEA6A1325266FBBC5.d.8A85F8B8C6752B987F927157EE7246D7.e.14629","ELEMENT":"f.A871513E4156B49FEA6A1325266FBBC5.d.8A85F8B8C6752B987F927157EE7246D7.e.14629"}]}
COMMAND: GET /session/7d4ef5db813d7a6cede0ad9a34edc09c/screenshot - {}
RESULT: {}
RESULT: {}
COMMAND: POST /session/7d4ef5db813d7a6cede0ad9a34edc09c/element/f.A871513E4156B49FEA6A1325266FBBC5.d.8A85F8B8C6752B987F927157EE7246D7.e.14629/click - {}
RESULT: {}
COMMAND: GET /session/7d4ef5db813d7a6cede0ad9a34edc09c/screenshot - {}
COMMAND: POST /session/7d4ef5db813d7a6cede0ad9a34edc09c/execute/async - {"script":"<script> [1562 bytes]","args":[{"selector":{"id":"application-managecontracts-display-component---AddNewContract--projectDescription","interaction":{"idSuffix":"inner"}},"wdio_ui5_key":"applicationmanagecontracts-display-component---AddNewContract--projectDescription"}]}
RESULT: {}
RESULT: {"script":"<script> [1562 bytes]","args":[{"selector":{"id":"application-managecontracts-display-component---AddNewContract--projectDescription","interaction":{"idSuffix":"inner"}},"wdio_ui5_key":"applicationmanagecontracts-display-component---AddNewContract--projectDescription"}]}
RESULT: undefined
COMMAND: POST /session/7d4ef5db813d7a6cede0ad9a34edc09c/execute/async - {"script":"<script> [776 bytes]","args":[{"enterText":"Contract WDIO","selector":{"id":"application-managecontracts-display-component---AddNewContract--projectDescription","interaction":{"idSuffix":"inner"}},"clearTextFirst":true,"interactionType":"ENTER_TEXT"}]}
RESULT: {"script":"<script> [776 bytes]","args":[{"enterText":"Contract WDIO","selector":{"id":"application-managecontracts-display-component---AddNewContract--projectDescription","interaction":{"idSuffix":"inner"}},"clearTextFirst":true,"interactionType":"ENTER_TEXT"}]}
COMMAND: POST /session/7d4ef5db813d7a6cede0ad9a34edc09c/element - {"using":"xpath","value":"//input[@id=\"application-managecontracts-display-component---AddNewContract--site-inner\"]"}
RESULT: {"using":"xpath","value":"//input[@id=\"application-managecontracts-display-component---AddNewContract--site-inner\"]"}
COMMAND: POST /session/7d4ef5db813d7a6cede0ad9a34edc09c/element/f.A871513E4156B49FEA6A1325266FBBC5.d.8A85F8B8C6752B987F927157EE7246D7.e.14990/clear - {}
RESULT: {}
COMMAND: POST /session/7d4ef5db813d7a6cede0ad9a34edc09c/element/f.A871513E4156B49FEA6A1325266FBBC5.d.8A85F8B8C6752B987F927157EE7246D7.e.14990/value - {"text":"2338"}
COMMAND: GET /session/7d4ef5db813d7a6cede0ad9a34edc09c/screenshot - {}
RESULT: {"text":"2338"}
COMMAND: GET /session/7d4ef5db813d7a6cede0ad9a34edc09c/screenshot - {}
RESULT: {}
RESULT: {}
COMMAND: POST /session/7d4ef5db813d7a6cede0ad9a34edc09c/element - {"using":"xpath","value":"//li[.//span[text()='2338']]"}
RESULT: {"using":"xpath","value":"//li[.//span[text()='2338']]"}
COMMAND: POST /session/7d4ef5db813d7a6cede0ad9a34edc09c/element/f.A871513E4156B49FEA6A1325266FBBC5.d.8A85F8B8C6752B987F927157EE7246D7.e.15017/click - {}
RESULT: {}
COMMAND: GET /session/7d4ef5db813d7a6cede0ad9a34edc09c/screenshot - {}
RESULT: {}
COMMAND: POST /session/7d4ef5db813d7a6cede0ad9a34edc09c/element - {"using":"xpath","value":"//input[@id=\"application-managecontracts-display-component---AddNewContract--yardId-inner\"]"}
RESULT: {"using":"xpath","value":"//input[@id=\"application-managecontracts-display-component---AddNewContract--yardId-inner\"]"}
COMMAND: GET /session/7d4ef5db813d7a6cede0ad9a34edc09c/element/f.A871513E4156B49FEA6A1325266FBBC5.d.8A85F8B8C6752B987F927157EE7246D7.e.14991/property/value - {}
RESULT: {}
COMMAND: POST /session/7d4ef5db813d7a6cede0ad9a34edc09c/element - {"using":"xpath","value":"//input[@id=\"application-managecontracts-display-component---AddNewContract--customerSelect-inner\"]"}
COMMAND: GET /session/7d4ef5db813d7a6cede0ad9a34edc09c/screenshot - {}
RESULT: {"using":"xpath","value":"//input[@id=\"application-managecontracts-display-component---AddNewContract--customerSelect-inner\"]"}
COMMAND: POST /session/7d4ef5db813d7a6cede0ad9a34edc09c/element/f.A871513E4156B49FEA6A1325266FBBC5.d.8A85F8B8C6752B987F927157EE7246D7.e.14989/clear - {}
RESULT: {}
RESULT: {}
COMMAND: POST /session/7d4ef5db813d7a6cede0ad9a34edc09c/element/f.A871513E4156B49FEA6A1325266FBBC5.d.8A85F8B8C6752B987F927157EE7246D7.e.14989/value - {"text":"1403"}
COMMAND: GET /session/7d4ef5db813d7a6cede0ad9a34edc09c/screenshot - {}
RESULT: {"text":"1403"}
COMMAND: GET /session/7d4ef5db813d7a6cede0ad9a34edc09c/screenshot - {}
RESULT: {}
RESULT: {}
COMMAND: POST /session/7d4ef5db813d7a6cede0ad9a34edc09c/element - {"using":"xpath","value":"//li[.//span[text()='1403']]"}
RESULT: {"using":"xpath","value":"//li[.//span[text()='1403']]"}
COMMAND: POST /session/7d4ef5db813d7a6cede0ad9a34edc09c/element/f.A871513E4156B49FEA6A1325266FBBC5.d.8A85F8B8C6752B987F927157EE7246D7.e.15020/click - {}
RESULT: {}
COMMAND: GET /session/7d4ef5db813d7a6cede0ad9a34edc09c/screenshot - {}
RESULT: {}
COMMAND: POST /session/7d4ef5db813d7a6cede0ad9a34edc09c/element - {"using":"xpath","value":"//button[@data-kt=\"saveButton\"]"}
RESULT: {"using":"xpath","value":"//button[@data-kt=\"saveButton\"]"}
COMMAND: POST /session/7d4ef5db813d7a6cede0ad9a34edc09c/element/f.A871513E4156B49FEA6A1325266FBBC5.d.8A85F8B8C6752B987F927157EE7246D7.e.15021/click - {}
RESULT: {}
COMMAND: GET /session/7d4ef5db813d7a6cede0ad9a34edc09c/screenshot - {}
RESULT: {}
COMMAND: POST /session/7d4ef5db813d7a6cede0ad9a34edc09c/element - {"using":"xpath","value":"//span[contains(@id ,\"contractDetailTitleNoExpanded\")]"}
RESULT: {"using":"xpath","value":"//span[contains(@id ,\"contractDetailTitleNoExpanded\")]"}
COMMAND: POST /session/7d4ef5db813d7a6cede0ad9a34edc09c/elements - {"using":"xpath","value":"//span[contains(@id ,\"contractDetailTitleNoExpanded\")]"}
RESULT: {"using":"xpath","value":"//span[contains(@id ,\"contractDetailTitleNoExpanded\")]"}
COMMAND: POST /session/7d4ef5db813d7a6cede0ad9a34edc09c/execute/sync - {"script":"<script> [56 bytes]","args":[{"element-6066-11e4-a52e-4f735466cecf":"f.A871513E4156B49FEA6A1325266FBBC5.d.8A85F8B8C6752B987F927157EE7246D7.e.15091","ELEMENT":"f.A871513E4156B49FEA6A1325266FBBC5.d.8A85F8B8C6752B987F927157EE7246D7.e.15091"}]}
RESULT: {"script":"<script> [56 bytes]","args":[{"element-6066-11e4-a52e-4f735466cecf":"f.A871513E4156B49FEA6A1325266FBBC5.d.8A85F8B8C6752B987F927157EE7246D7.e.15091","ELEMENT":"f.A871513E4156B49FEA6A1325266FBBC5.d.8A85F8B8C6752B987F927157EE7246D7.e.15091"}]}
COMMAND: GET /session/7d4ef5db813d7a6cede0ad9a34edc09c/screenshot - {}
RESULT: {}
]]></system-out>
    </testcase>
    <testcase classname="chrome.136_0_7103_93.windows.Provide_to_Site_w/o_warehouse_management_w_clarification" name="Should add equipment to the contract" time="59.276">
      <system-out><![CDATA[
COMMAND: POST /session/7d4ef5db813d7a6cede0ad9a34edc09c/element - {"using":"xpath","value":"//button[@data-kt=\"contractDetailEditBtnButton\"]"}
RESULT: {"using":"xpath","value":"//button[@data-kt=\"contractDetailEditBtnButton\"]"}
COMMAND: POST /session/7d4ef5db813d7a6cede0ad9a34edc09c/element/f.A871513E4156B49FEA6A1325266FBBC5.d.8A85F8B8C6752B987F927157EE7246D7.e.15094/click - {}
RESULT: {}
COMMAND: GET /session/7d4ef5db813d7a6cede0ad9a34edc09c/screenshot - {}
RESULT: {}
COMMAND: POST /session/7d4ef5db813d7a6cede0ad9a34edc09c/element - {"using":"xpath","value":"(//span[contains(text(), \"Additional Addresses\")])[2]"}
RESULT: {"using":"xpath","value":"(//span[contains(text(), \"Additional Addresses\")])[2]"}
COMMAND: POST /session/7d4ef5db813d7a6cede0ad9a34edc09c/element/f.A871513E4156B49FEA6A1325266FBBC5.d.8A85F8B8C6752B987F927157EE7246D7.e.15150/click - {}
RESULT: {}
COMMAND: GET /session/7d4ef5db813d7a6cede0ad9a34edc09c/screenshot - {}
RESULT: {}
COMMAND: POST /session/7d4ef5db813d7a6cede0ad9a34edc09c/element - {"using":"xpath","value":"//button[@data-kt=\"btnAddTableRowOverflowToolbarButton\"]"}
RESULT: {"using":"xpath","value":"//button[@data-kt=\"btnAddTableRowOverflowToolbarButton\"]"}
COMMAND: POST /session/7d4ef5db813d7a6cede0ad9a34edc09c/element/f.A871513E4156B49FEA6A1325266FBBC5.d.8A85F8B8C6752B987F927157EE7246D7.e.15152/click - {}
RESULT: {}
COMMAND: GET /session/7d4ef5db813d7a6cede0ad9a34edc09c/screenshot - {}
RESULT: {}
COMMAND: POST /session/7d4ef5db813d7a6cede0ad9a34edc09c/element - {"using":"xpath","value":"//div[(text() = 'Standard Entry' or . = 'Standard Entry')]"}
RESULT: {"using":"xpath","value":"//div[(text() = 'Standard Entry' or . = 'Standard Entry')]"}
COMMAND: POST /session/7d4ef5db813d7a6cede0ad9a34edc09c/element/f.A871513E4156B49FEA6A1325266FBBC5.d.8A85F8B8C6752B987F927157EE7246D7.e.15154/click - {}
RESULT: {}
COMMAND: GET /session/7d4ef5db813d7a6cede0ad9a34edc09c/screenshot - {}
RESULT: {}
COMMAND: POST /session/7d4ef5db813d7a6cede0ad9a34edc09c/element - {"using":"xpath","value":"//td[6]/div/div/div/span"}
RESULT: {"using":"xpath","value":"//td[6]/div/div/div/span"}
COMMAND: POST /session/7d4ef5db813d7a6cede0ad9a34edc09c/element/f.A871513E4156B49FEA6A1325266FBBC5.d.8A85F8B8C6752B987F927157EE7246D7.e.15166/click - {}
RESULT: {}
COMMAND: GET /session/7d4ef5db813d7a6cede0ad9a34edc09c/screenshot - {}
RESULT: {}
COMMAND: POST /session/7d4ef5db813d7a6cede0ad9a34edc09c/element - {"using":"xpath","value":"(//span[contains(text(), \"Material\")])"}
RESULT: {"using":"xpath","value":"(//span[contains(text(), \"Material\")])"}
COMMAND: POST /session/7d4ef5db813d7a6cede0ad9a34edc09c/element/f.A871513E4156B49FEA6A1325266FBBC5.d.8A85F8B8C6752B987F927157EE7246D7.e.15167/click - {}
RESULT: {}
COMMAND: GET /session/7d4ef5db813d7a6cede0ad9a34edc09c/screenshot - {}
RESULT: {}
COMMAND: POST /session/7d4ef5db813d7a6cede0ad9a34edc09c/element - {"using":"xpath","value":"//td[7]/div/div/input"}
RESULT: {"using":"xpath","value":"//td[7]/div/div/input"}
COMMAND: POST /session/7d4ef5db813d7a6cede0ad9a34edc09c/element/f.A871513E4156B49FEA6A1325266FBBC5.d.8A85F8B8C6752B987F927157EE7246D7.e.15171/clear - {}
RESULT: {}
COMMAND: POST /session/7d4ef5db813d7a6cede0ad9a34edc09c/element/f.A871513E4156B49FEA6A1325266FBBC5.d.8A85F8B8C6752B987F927157EE7246D7.e.15171/value - {"text":"200384"}
COMMAND: GET /session/7d4ef5db813d7a6cede0ad9a34edc09c/screenshot - {}
RESULT: {"text":"200384"}
COMMAND: GET /session/7d4ef5db813d7a6cede0ad9a34edc09c/screenshot - {}
RESULT: {}
RESULT: {}
COMMAND: POST /session/7d4ef5db813d7a6cede0ad9a34edc09c/actions - {"actions":[{"id":"action50","type":"key","parameters":{},"actions":[{"type":"keyDown","value":""},{"type":"pause","duration":10},{"type":"keyUp","value":""}]}]}
RESULT: {"actions":[{"id":"action50","type":"key","parameters":{},"actions":[{"type":"keyDown","value":""},{"type":"pause","duration":10},{"type":"keyUp","value":""}]}]}
COMMAND: GET /session/7d4ef5db813d7a6cede0ad9a34edc09c/screenshot - {}
RESULT: {}
COMMAND: POST /session/7d4ef5db813d7a6cede0ad9a34edc09c/execute/sync - {"script":"<script> [276 bytes]","args":["No pricing information was found"]}
RESULT: {"script":"<script> [276 bytes]","args":["No pricing information was found"]}
COMMAND: POST /session/7d4ef5db813d7a6cede0ad9a34edc09c/element - {"using":"xpath","value":"//bdi[contains(text(), \"OK\")]"}
COMMAND: GET /session/7d4ef5db813d7a6cede0ad9a34edc09c/screenshot - {}
RESULT: {"using":"xpath","value":"//bdi[contains(text(), \"OK\")]"}
COMMAND: POST /session/7d4ef5db813d7a6cede0ad9a34edc09c/element/f.A871513E4156B49FEA6A1325266FBBC5.d.8A85F8B8C6752B987F927157EE7246D7.e.15197/click - {}
RESULT: {}
RESULT: {}
COMMAND: GET /session/7d4ef5db813d7a6cede0ad9a34edc09c/screenshot - {}
RESULT: {}
COMMAND: POST /session/7d4ef5db813d7a6cede0ad9a34edc09c/element - {"using":"xpath","value":"(//button[@data-kt=\"saveButton\"])[2]"}
RESULT: {"using":"xpath","value":"(//button[@data-kt=\"saveButton\"])[2]"}
COMMAND: POST /session/7d4ef5db813d7a6cede0ad9a34edc09c/element/f.A871513E4156B49FEA6A1325266FBBC5.d.8A85F8B8C6752B987F927157EE7246D7.e.15198/click - {}
RESULT: {}
COMMAND: GET /session/7d4ef5db813d7a6cede0ad9a34edc09c/screenshot - {}
RESULT: {}
COMMAND: POST /session/7d4ef5db813d7a6cede0ad9a34edc09c/execute/sync - {"script":"<script> [276 bytes]","args":["Some contract items are having rental validity exceeding header rental validity"]}
RESULT: {"script":"<script> [276 bytes]","args":["Some contract items are having rental validity exceeding header rental validity"]}
COMMAND: GET /session/7d4ef5db813d7a6cede0ad9a34edc09c/screenshot - {}
RESULT: {}
COMMAND: POST /session/7d4ef5db813d7a6cede0ad9a34edc09c/element - {"using":"xpath","value":"//span[contains(@id ,\"contractItemsSmartTable-header-inner\")]"}
RESULT: {"using":"xpath","value":"//span[contains(@id ,\"contractItemsSmartTable-header-inner\")]"}
COMMAND: POST /session/7d4ef5db813d7a6cede0ad9a34edc09c/elements - {"using":"xpath","value":"//span[contains(@id ,\"contractItemsSmartTable-header-inner\")]"}
RESULT: {"using":"xpath","value":"//span[contains(@id ,\"contractItemsSmartTable-header-inner\")]"}
COMMAND: POST /session/7d4ef5db813d7a6cede0ad9a34edc09c/execute/sync - {"script":"<script> [56 bytes]","args":[{"element-6066-11e4-a52e-4f735466cecf":"f.A871513E4156B49FEA6A1325266FBBC5.d.8A85F8B8C6752B987F927157EE7246D7.e.15202","ELEMENT":"f.A871513E4156B49FEA6A1325266FBBC5.d.8A85F8B8C6752B987F927157EE7246D7.e.15202"}]}
RESULT: {"script":"<script> [56 bytes]","args":[{"element-6066-11e4-a52e-4f735466cecf":"f.A871513E4156B49FEA6A1325266FBBC5.d.8A85F8B8C6752B987F927157EE7246D7.e.15202","ELEMENT":"f.A871513E4156B49FEA6A1325266FBBC5.d.8A85F8B8C6752B987F927157EE7246D7.e.15202"}]}
]]></system-out>
    </testcase>
    <testcase classname="chrome.136_0_7103_93.windows.Provide_to_Site_w/o_warehouse_management_w_clarification" name="Should do provide to site" time="148.552">
      <system-out><![CDATA[
COMMAND: POST /session/7d4ef5db813d7a6cede0ad9a34edc09c/element - {"using":"xpath","value":"//button[@data-kt=\"provideButton\"]"}
COMMAND: GET /session/7d4ef5db813d7a6cede0ad9a34edc09c/screenshot - {}
RESULT: {"using":"xpath","value":"//button[@data-kt=\"provideButton\"]"}
COMMAND: POST /session/7d4ef5db813d7a6cede0ad9a34edc09c/element/f.A871513E4156B49FEA6A1325266FBBC5.d.8A85F8B8C6752B987F927157EE7246D7.e.15203/click - {}
RESULT: {}
RESULT: {}
COMMAND: GET /session/7d4ef5db813d7a6cede0ad9a34edc09c/screenshot - {}
RESULT: {}
COMMAND: POST /session/7d4ef5db813d7a6cede0ad9a34edc09c/element - {"using":"xpath","value":"(//div[contains(@id, \"application-managehandovers-display-component---AddNewHO--oneStep-CbBg\")])"}
RESULT: {"using":"xpath","value":"(//div[contains(@id, \"application-managehandovers-display-component---AddNewHO--oneStep-CbBg\")])"}
COMMAND: POST /session/7d4ef5db813d7a6cede0ad9a34edc09c/element - {"using":"xpath","value":"(//div[contains(@id, \"application-managehandovers-display-component---AddNewHO--oneStep-CbBg\")])/input"}
RESULT: {"using":"xpath","value":"(//div[contains(@id, \"application-managehandovers-display-component---AddNewHO--oneStep-CbBg\")])/input"}
COMMAND: GET /session/7d4ef5db813d7a6cede0ad9a34edc09c/element/f.A871513E4156B49FEA6A1325266FBBC5.d.8A85F8B8C6752B987F927157EE7246D7.e.15295/attribute/checked - {}
RESULT: {}
RESULT: undefined
COMMAND: POST /session/7d4ef5db813d7a6cede0ad9a34edc09c/execute/async - {"script":"<script> [6424 bytes]","args":[{"element-6066-11e4-a52e-4f735466cecf":"f.A871513E4156B49FEA6A1325266FBBC5.d.8A85F8B8C6752B987F927157EE7246D7.e.14171"},"setValue",["05/21/25"]]}
COMMAND: POST /session/7d4ef5db813d7a6cede0ad9a34edc09c/element/f.A871513E4156B49FEA6A1325266FBBC5.d.8A85F8B8C6752B987F927157EE7246D7.e.15507/click - {}
COMMAND: POST /session/7d4ef5db813d7a6cede0ad9a34edc09c/execute/async - {"script":"<script> [1562 bytes]","args":[{"selector":{"id":"application-managehandovers-display-component---AddNewHO--dueDate","interaction":{"idSuffix":"inner"}},"wdio_ui5_key":"applicationmanagehandovers-display-component---AddNewHO--dueDate"}]}
RESULT: {}
COMMAND: GET /session/7d4ef5db813d7a6cede0ad9a34edc09c/screenshot - {}
RESULT: {"script":"<script> [1562 bytes]","args":[{"selector":{"id":"application-managehandovers-display-component---AddNewHO--dueDate","interaction":{"idSuffix":"inner"}},"wdio_ui5_key":"applicationmanagehandovers-display-component---AddNewHO--dueDate"}]}
COMMAND: POST /session/7d4ef5db813d7a6cede0ad9a34edc09c/execute/async - {"script":"<script> [6424 bytes]","args":[{"element-6066-11e4-a52e-4f735466cecf":"f.A871513E4156B49FEA6A1325266FBBC5.d.8A85F8B8C6752B987F927157EE7246D7.e.15293"},"setValue",["05/21/25"]]}
RESULT: {}
RESULT: {"script":"<script> [6424 bytes]","args":[{"element-6066-11e4-a52e-4f735466cecf":"f.A871513E4156B49FEA6A1325266FBBC5.d.8A85F8B8C6752B987F927157EE7246D7.e.15293"},"setValue",["05/21/25"]]}
COMMAND: POST /session/7d4ef5db813d7a6cede0ad9a34edc09c/element - {"using":"xpath","value":"//bdi[contains(text(), \"Instructions\")]"}
RESULT: {"using":"xpath","value":"//bdi[contains(text(), \"Instructions\")]"}
COMMAND: POST /session/7d4ef5db813d7a6cede0ad9a34edc09c/element/f.A871513E4156B49FEA6A1325266FBBC5.d.8A85F8B8C6752B987F927157EE7246D7.e.15509/click - {}
RESULT: {}
COMMAND: GET /session/7d4ef5db813d7a6cede0ad9a34edc09c/screenshot - {}
RESULT: {}
COMMAND: POST /session/7d4ef5db813d7a6cede0ad9a34edc09c/element - {"using":"xpath","value":"//button[@data-kt=\"AddNewHOProvideAddItemsButton\"]"}
RESULT: {"using":"xpath","value":"//button[@data-kt=\"AddNewHOProvideAddItemsButton\"]"}
COMMAND: POST /session/7d4ef5db813d7a6cede0ad9a34edc09c/element/f.A871513E4156B49FEA6A1325266FBBC5.d.8A85F8B8C6752B987F927157EE7246D7.e.15514/click - {}
RESULT: {}
COMMAND: GET /session/7d4ef5db813d7a6cede0ad9a34edc09c/screenshot - {}
RESULT: {}
RESULT: undefined
COMMAND: POST /session/7d4ef5db813d7a6cede0ad9a34edc09c/element - {"using":"xpath","value":"//*[@id=\"application-managehandovers-display-component---AddNewHO--popup-sa\"]"}
RESULT: {"using":"xpath","value":"//*[@id=\"application-managehandovers-display-component---AddNewHO--popup-sa\"]"}
COMMAND: POST /session/7d4ef5db813d7a6cede0ad9a34edc09c/element/f.A871513E4156B49FEA6A1325266FBBC5.d.8A85F8B8C6752B987F927157EE7246D7.e.15523/click - {}
RESULT: {}
COMMAND: GET /session/7d4ef5db813d7a6cede0ad9a34edc09c/screenshot - {}
RESULT: {}
COMMAND: POST /session/7d4ef5db813d7a6cede0ad9a34edc09c/element - {"using":"xpath","value":"//*[contains(@id ,\"BDI-content\")][contains(text(), \"Select\")]"}
RESULT: {"using":"xpath","value":"//*[contains(@id ,\"BDI-content\")][contains(text(), \"Select\")]"}
COMMAND: POST /session/7d4ef5db813d7a6cede0ad9a34edc09c/element/f.A871513E4156B49FEA6A1325266FBBC5.d.8A85F8B8C6752B987F927157EE7246D7.e.15525/click - {}
RESULT: {}
COMMAND: GET /session/7d4ef5db813d7a6cede0ad9a34edc09c/screenshot - {}
RESULT: {}
COMMAND: POST /session/7d4ef5db813d7a6cede0ad9a34edc09c/execute/async - {"script":"<script> [1562 bytes]","args":[{"selector":{"id":"application-managehandovers-display-component---AddNewHO--confirmCreationButton","interaction":{"idSuffix":"BDI-content"}},"wdio_ui5_key":"applicationmanagehandovers-display-component---AddNewHO--confirmCreationButton"}]}
RESULT: {"script":"<script> [1562 bytes]","args":[{"selector":{"id":"application-managehandovers-display-component---AddNewHO--confirmCreationButton","interaction":{"idSuffix":"BDI-content"}},"wdio_ui5_key":"applicationmanagehandovers-display-component---AddNewHO--confirmCreationButton"}]}
RESULT: undefined
COMMAND: POST /session/7d4ef5db813d7a6cede0ad9a34edc09c/element - {"using":"xpath","value":"//*[@id=\"application-managehandovers-display-component---AddNewHO--confirmCreationButton\"]"}
RESULT: {"using":"xpath","value":"//*[@id=\"application-managehandovers-display-component---AddNewHO--confirmCreationButton\"]"}
COMMAND: POST /session/7d4ef5db813d7a6cede0ad9a34edc09c/element/f.A871513E4156B49FEA6A1325266FBBC5.d.8A85F8B8C6752B987F927157EE7246D7.e.15338/click - {}
RESULT: {}
COMMAND: GET /session/7d4ef5db813d7a6cede0ad9a34edc09c/screenshot - {}
RESULT: {}
COMMAND: POST /session/7d4ef5db813d7a6cede0ad9a34edc09c/execute/async - {"script":"<script> [1562 bytes]","args":[{"selector":{"id":"issueDatePicker","viewName":"etm.portal.ui.managehandovers.view.DetailExecuteHO","interaction":{"idSuffix":"inner"}},"wdio_ui5_key":"issueDatePickeretmportal.ui.managehandovers.view.DetailExecuteHO"}]}
RESULT: {"script":"<script> [1562 bytes]","args":[{"selector":{"id":"issueDatePicker","viewName":"etm.portal.ui.managehandovers.view.DetailExecuteHO","interaction":{"idSuffix":"inner"}},"wdio_ui5_key":"issueDatePickeretmportal.ui.managehandovers.view.DetailExecuteHO"}]}
RESULT: undefined
COMMAND: POST /session/7d4ef5db813d7a6cede0ad9a34edc09c/execute/async - {"script":"<script> [776 bytes]","args":[{"enterText":"5/21/25","selector":{"id":"issueDatePicker","viewName":"etm.portal.ui.managehandovers.view.DetailExecuteHO","interaction":{"idSuffix":"inner"}},"clearTextFirst":true,"interactionType":"ENTER_TEXT"}]}
RESULT: {"script":"<script> [776 bytes]","args":[{"enterText":"5/21/25","selector":{"id":"issueDatePicker","viewName":"etm.portal.ui.managehandovers.view.DetailExecuteHO","interaction":{"idSuffix":"inner"}},"clearTextFirst":true,"interactionType":"ENTER_TEXT"}]}
COMMAND: POST /session/7d4ef5db813d7a6cede0ad9a34edc09c/element - {"using":"xpath","value":"//bdi[contains(text(), \"OK\")]"}
RESULT: {"using":"xpath","value":"//bdi[contains(text(), \"OK\")]"}
COMMAND: POST /session/7d4ef5db813d7a6cede0ad9a34edc09c/element/f.A871513E4156B49FEA6A1325266FBBC5.d.8A85F8B8C6752B987F927157EE7246D7.e.15571/click - {}
RESULT: {}
COMMAND: GET /session/7d4ef5db813d7a6cede0ad9a34edc09c/screenshot - {}
RESULT: {}
COMMAND: POST /session/7d4ef5db813d7a6cede0ad9a34edc09c/element - {"using":"xpath","value":"//button[@data-kt=\"PickingTableConfirmAllButton\"]"}
RESULT: {"using":"xpath","value":"//button[@data-kt=\"PickingTableConfirmAllButton\"]"}
COMMAND: POST /session/7d4ef5db813d7a6cede0ad9a34edc09c/element/f.A871513E4156B49FEA6A1325266FBBC5.d.8A85F8B8C6752B987F927157EE7246D7.e.15576/click - {}
RESULT: {}
COMMAND: GET /session/7d4ef5db813d7a6cede0ad9a34edc09c/screenshot - {}
RESULT: {}
COMMAND: POST /session/7d4ef5db813d7a6cede0ad9a34edc09c/element - {"using":"xpath","value":"//bdi[contains(text(), \"OK\")]"}
RESULT: {"using":"xpath","value":"//bdi[contains(text(), \"OK\")]"}
COMMAND: POST /session/7d4ef5db813d7a6cede0ad9a34edc09c/element/f.A871513E4156B49FEA6A1325266FBBC5.d.8A85F8B8C6752B987F927157EE7246D7.e.15580/click - {}
RESULT: {}
COMMAND: GET /session/7d4ef5db813d7a6cede0ad9a34edc09c/screenshot - {}
RESULT: {}
COMMAND: POST /session/7d4ef5db813d7a6cede0ad9a34edc09c/element - {"using":"xpath","value":"//button[@data-kt=\"execHoPickButton\"]"}
RESULT: {"using":"xpath","value":"//button[@data-kt=\"execHoPickButton\"]"}
COMMAND: POST /session/7d4ef5db813d7a6cede0ad9a34edc09c/element/f.A871513E4156B49FEA6A1325266FBBC5.d.8A85F8B8C6752B987F927157EE7246D7.e.15581/click - {}
RESULT: {}
COMMAND: GET /session/7d4ef5db813d7a6cede0ad9a34edc09c/screenshot - {}
RESULT: {}
COMMAND: POST /session/7d4ef5db813d7a6cede0ad9a34edc09c/element - {"using":"xpath","value":"//span[contains(@id ,\"filterItemControl_BASIC-RECEIVE_CONTRACT-vhi\")]"}
RESULT: {"using":"xpath","value":"//span[contains(@id ,\"filterItemControl_BASIC-RECEIVE_CONTRACT-vhi\")]"}
COMMAND: POST /session/7d4ef5db813d7a6cede0ad9a34edc09c/element/f.A871513E4156B49FEA6A1325266FBBC5.d.8A85F8B8C6752B987F927157EE7246D7.e.15755/click - {}
RESULT: {}
COMMAND: GET /session/7d4ef5db813d7a6cede0ad9a34edc09c/screenshot - {}
RESULT: {}
COMMAND: POST /session/7d4ef5db813d7a6cede0ad9a34edc09c/execute/async - {"script":"<script> [1562 bytes]","args":[{"selector":{"controlType":"sap.m.SearchField","viewName":"etm.portal.ui.managehandovers.view.MasterHO","bindingPath":{"path":"","propertyPath":"/_BASIC_SEARCH_FIELD","modelName":"fi1t3rM0d31"},"searchOpenDialogs":true,"interaction":{"idSuffix":"I"}},"wdio_ui5_key":"etmportal.ui.managehandovers.view.MasterHOsap.m.SearchField{\"path\":\"\",\"propertyPath\":\"/_BASIC_SEARCH_FIELD\",\"modelName\":\"fi1t3rM0d31\"}"}]}
RESULT: {"script":"<script> [1562 bytes]","args":[{"selector":{"controlType":"sap.m.SearchField","viewName":"etm.portal.ui.managehandovers.view.MasterHO","bindingPath":{"path":"","propertyPath":"/_BASIC_SEARCH_FIELD","modelName":"fi1t3rM0d31"},"searchOpenDialogs":true,"interaction":{"idSuffix":"I"}},"wdio_ui5_key":"etmportal.ui.managehandovers.view.MasterHOsap.m.SearchField{\"path\":\"\",\"propertyPath\":\"/_BASIC_SEARCH_FIELD\",\"modelName\":\"fi1t3rM0d31\"}"}]}
RESULT: undefined
COMMAND: POST /session/7d4ef5db813d7a6cede0ad9a34edc09c/execute/async - {"script":"<script> [776 bytes]","args":[{"enterText":"10478","selector":{"controlType":"sap.m.SearchField","viewName":"etm.portal.ui.managehandovers.view.MasterHO","bindingPath":{"path":"","propertyPath":"/_BASIC_SEARCH_FIELD","modelName":"fi1t3rM0d31"},"searchOpenDialogs":true,"interaction":{"idSuffix":"I"}},"clearTextFirst":true,"interactionType":"ENTER_TEXT"}]}
RESULT: {"script":"<script> [776 bytes]","args":[{"enterText":"10478","selector":{"controlType":"sap.m.SearchField","viewName":"etm.portal.ui.managehandovers.view.MasterHO","bindingPath":{"path":"","propertyPath":"/_BASIC_SEARCH_FIELD","modelName":"fi1t3rM0d31"},"searchOpenDialogs":true,"interaction":{"idSuffix":"I"}},"clearTextFirst":true,"interactionType":"ENTER_TEXT"}]}
COMMAND: POST /session/7d4ef5db813d7a6cede0ad9a34edc09c/actions - {"actions":[{"id":"action51","type":"key","parameters":{},"actions":[{"type":"keyDown","value":""},{"type":"pause","duration":10},{"type":"keyUp","value":""}]}]}
RESULT: {"actions":[{"id":"action51","type":"key","parameters":{},"actions":[{"type":"keyDown","value":""},{"type":"pause","duration":10},{"type":"keyUp","value":""}]}]}
COMMAND: GET /session/7d4ef5db813d7a6cede0ad9a34edc09c/screenshot - {}
RESULT: {}
COMMAND: POST /session/7d4ef5db813d7a6cede0ad9a34edc09c/element - {"using":"xpath","value":"//div[contains(@id, 'filterItemControl_BASIC-RECEIVE_CONTRACT-valueHelpDialog-table-rowsel0')]"}
RESULT: {"using":"xpath","value":"//div[contains(@id, 'filterItemControl_BASIC-RECEIVE_CONTRACT-valueHelpDialog-table-rowsel0')]"}
COMMAND: POST /session/7d4ef5db813d7a6cede0ad9a34edc09c/element/f.A871513E4156B49FEA6A1325266FBBC5.d.8A85F8B8C6752B987F927157EE7246D7.e.15765/click - {}
RESULT: {}
COMMAND: GET /session/7d4ef5db813d7a6cede0ad9a34edc09c/screenshot - {}
RESULT: {}
COMMAND: POST /session/7d4ef5db813d7a6cede0ad9a34edc09c/element - {"using":"xpath","value":"//bdi[contains(text(), \"OK\")]"}
RESULT: {"using":"xpath","value":"//bdi[contains(text(), \"OK\")]"}
COMMAND: POST /session/7d4ef5db813d7a6cede0ad9a34edc09c/element/f.A871513E4156B49FEA6A1325266FBBC5.d.8A85F8B8C6752B987F927157EE7246D7.e.15767/click - {}
RESULT: {}
COMMAND: GET /session/7d4ef5db813d7a6cede0ad9a34edc09c/screenshot - {}
RESULT: {}
COMMAND: POST /session/7d4ef5db813d7a6cede0ad9a34edc09c/element - {"using":"xpath","value":"//span[contains(@id, \"smartTable-header-inner\")]"}
RESULT: {"using":"xpath","value":"//span[contains(@id, \"smartTable-header-inner\")]"}
COMMAND: POST /session/7d4ef5db813d7a6cede0ad9a34edc09c/elements - {"using":"xpath","value":"//span[contains(@id, \"smartTable-header-inner\")]"}
RESULT: {"using":"xpath","value":"//span[contains(@id, \"smartTable-header-inner\")]"}
COMMAND: POST /session/7d4ef5db813d7a6cede0ad9a34edc09c/execute/sync - {"script":"<script> [56 bytes]","args":[{"element-6066-11e4-a52e-4f735466cecf":"f.A871513E4156B49FEA6A1325266FBBC5.d.8A85F8B8C6752B987F927157EE7246D7.e.15796","ELEMENT":"f.A871513E4156B49FEA6A1325266FBBC5.d.8A85F8B8C6752B987F927157EE7246D7.e.15796"}]}
RESULT: {"script":"<script> [56 bytes]","args":[{"element-6066-11e4-a52e-4f735466cecf":"f.A871513E4156B49FEA6A1325266FBBC5.d.8A85F8B8C6752B987F927157EE7246D7.e.15796","ELEMENT":"f.A871513E4156B49FEA6A1325266FBBC5.d.8A85F8B8C6752B987F927157EE7246D7.e.15796"}]}
COMMAND: POST /session/7d4ef5db813d7a6cede0ad9a34edc09c/element - {"using":"xpath","value":"//table[contains(@id, \"customHandovers\")]//tbody/tr[1]/td[2]/span"}
COMMAND: GET /session/7d4ef5db813d7a6cede0ad9a34edc09c/screenshot - {}
RESULT: {"using":"xpath","value":"//table[contains(@id, \"customHandovers\")]//tbody/tr[1]/td[2]/span"}
COMMAND: POST /session/7d4ef5db813d7a6cede0ad9a34edc09c/execute/sync - {"script":"<script> [56 bytes]","args":[{"element-6066-11e4-a52e-4f735466cecf":"f.A871513E4156B49FEA6A1325266FBBC5.d.8A85F8B8C6752B987F927157EE7246D7.e.15797","ELEMENT":"f.A871513E4156B49FEA6A1325266FBBC5.d.8A85F8B8C6752B987F927157EE7246D7.e.15797"}]}
RESULT: {}
RESULT: {"script":"<script> [56 bytes]","args":[{"element-6066-11e4-a52e-4f735466cecf":"f.A871513E4156B49FEA6A1325266FBBC5.d.8A85F8B8C6752B987F927157EE7246D7.e.15797","ELEMENT":"f.A871513E4156B49FEA6A1325266FBBC5.d.8A85F8B8C6752B987F927157EE7246D7.e.15797"}]}
COMMAND: POST /session/7d4ef5db813d7a6cede0ad9a34edc09c/element - {"using":"xpath","value":"(//span[contains(@id, \"imgNav\")])[1]"}
COMMAND: GET /session/7d4ef5db813d7a6cede0ad9a34edc09c/screenshot - {}
RESULT: {"using":"xpath","value":"(//span[contains(@id, \"imgNav\")])[1]"}
COMMAND: POST /session/7d4ef5db813d7a6cede0ad9a34edc09c/element/f.A871513E4156B49FEA6A1325266FBBC5.d.8A85F8B8C6752B987F927157EE7246D7.e.15794/click - {}
RESULT: {}
RESULT: {}
COMMAND: GET /session/7d4ef5db813d7a6cede0ad9a34edc09c/screenshot - {}
RESULT: {}
RESULT: undefined
COMMAND: POST /session/7d4ef5db813d7a6cede0ad9a34edc09c/execute/async - {"script":"<script> [776 bytes]","args":[{"enterText":"5/21/25","selector":{"id":"issueDatePicker","viewName":"etm.portal.ui.managehandovers.view.DetailExecuteHO","interaction":{"idSuffix":"inner"}},"clearTextFirst":true,"interactionType":"ENTER_TEXT"}]}
RESULT: {"script":"<script> [776 bytes]","args":[{"enterText":"5/21/25","selector":{"id":"issueDatePicker","viewName":"etm.portal.ui.managehandovers.view.DetailExecuteHO","interaction":{"idSuffix":"inner"}},"clearTextFirst":true,"interactionType":"ENTER_TEXT"}]}
COMMAND: POST /session/7d4ef5db813d7a6cede0ad9a34edc09c/element - {"using":"xpath","value":"//button[@data-kt=\"PickingTableConfirmAllButton\"]"}
RESULT: {"using":"xpath","value":"//button[@data-kt=\"PickingTableConfirmAllButton\"]"}
COMMAND: POST /session/7d4ef5db813d7a6cede0ad9a34edc09c/element/f.A871513E4156B49FEA6A1325266FBBC5.d.8A85F8B8C6752B987F927157EE7246D7.e.15836/click - {}
RESULT: {}
COMMAND: GET /session/7d4ef5db813d7a6cede0ad9a34edc09c/screenshot - {}
RESULT: {}
COMMAND: POST /session/7d4ef5db813d7a6cede0ad9a34edc09c/element - {"using":"xpath","value":"//bdi[contains(text(), \"OK\")]"}
RESULT: {"using":"xpath","value":"//bdi[contains(text(), \"OK\")]"}
COMMAND: POST /session/7d4ef5db813d7a6cede0ad9a34edc09c/element/f.A871513E4156B49FEA6A1325266FBBC5.d.8A85F8B8C6752B987F927157EE7246D7.e.15847/click - {}
RESULT: {}
COMMAND: GET /session/7d4ef5db813d7a6cede0ad9a34edc09c/screenshot - {}
RESULT: {}
COMMAND: POST /session/7d4ef5db813d7a6cede0ad9a34edc09c/element - {"using":"xpath","value":"//button[@data-kt=\"execHoIssueButton\"]"}
RESULT: {"using":"xpath","value":"//button[@data-kt=\"execHoIssueButton\"]"}
COMMAND: POST /session/7d4ef5db813d7a6cede0ad9a34edc09c/element/f.A871513E4156B49FEA6A1325266FBBC5.d.8A85F8B8C6752B987F927157EE7246D7.e.15849/click - {}
RESULT: {}
COMMAND: GET /session/7d4ef5db813d7a6cede0ad9a34edc09c/screenshot - {}
RESULT: {}
COMMAND: POST /session/7d4ef5db813d7a6cede0ad9a34edc09c/element - {"using":"xpath","value":"//input[contains(@id ,\"smartFilterBar-btnBasicSearch-I\")]"}
RESULT: {"using":"xpath","value":"//input[contains(@id ,\"smartFilterBar-btnBasicSearch-I\")]"}
COMMAND: POST /session/7d4ef5db813d7a6cede0ad9a34edc09c/elements - {"using":"xpath","value":"//input[contains(@id ,\"smartFilterBar-btnBasicSearch-I\")]"}
RESULT: {"using":"xpath","value":"//input[contains(@id ,\"smartFilterBar-btnBasicSearch-I\")]"}
COMMAND: POST /session/7d4ef5db813d7a6cede0ad9a34edc09c/execute/sync - {"script":"<script> [8489 bytes]","args":[{"element-6066-11e4-a52e-4f735466cecf":"f.A871513E4156B49FEA6A1325266FBBC5.d.8A85F8B8C6752B987F927157EE7246D7.e.15292","ELEMENT":"f.A871513E4156B49FEA6A1325266FBBC5.d.8A85F8B8C6752B987F927157EE7246D7.e.15292"}]}
RESULT: {"script":"<script> [8489 bytes]","args":[{"element-6066-11e4-a52e-4f735466cecf":"f.A871513E4156B49FEA6A1325266FBBC5.d.8A85F8B8C6752B987F927157EE7246D7.e.15292","ELEMENT":"f.A871513E4156B49FEA6A1325266FBBC5.d.8A85F8B8C6752B987F927157EE7246D7.e.15292"}]}
COMMAND: GET /session/7d4ef5db813d7a6cede0ad9a34edc09c/element/f.A871513E4156B49FEA6A1325266FBBC5.d.8A85F8B8C6752B987F927157EE7246D7.e.15292/enabled - {}
COMMAND: GET /session/7d4ef5db813d7a6cede0ad9a34edc09c/screenshot - {}
RESULT: {}
COMMAND: POST /session/7d4ef5db813d7a6cede0ad9a34edc09c/element/f.A871513E4156B49FEA6A1325266FBBC5.d.8A85F8B8C6752B987F927157EE7246D7.e.15292/clear - {}
COMMAND: GET /session/7d4ef5db813d7a6cede0ad9a34edc09c/screenshot - {}
RESULT: {}
RESULT: {}
COMMAND: POST /session/7d4ef5db813d7a6cede0ad9a34edc09c/element/f.A871513E4156B49FEA6A1325266FBBC5.d.8A85F8B8C6752B987F927157EE7246D7.e.15292/value - {"text":"30961"}
COMMAND: GET /session/7d4ef5db813d7a6cede0ad9a34edc09c/screenshot - {}
RESULT: {}
RESULT: {"text":"30961"}
COMMAND: GET /session/7d4ef5db813d7a6cede0ad9a34edc09c/screenshot - {}
RESULT: {}
RESULT: {}
COMMAND: POST /session/7d4ef5db813d7a6cede0ad9a34edc09c/actions - {"actions":[{"id":"action52","type":"key","parameters":{},"actions":[{"type":"keyDown","value":""},{"type":"pause","duration":10},{"type":"keyUp","value":""}]}]}
RESULT: {"actions":[{"id":"action52","type":"key","parameters":{},"actions":[{"type":"keyDown","value":""},{"type":"pause","duration":10},{"type":"keyUp","value":""}]}]}
COMMAND: GET /session/7d4ef5db813d7a6cede0ad9a34edc09c/screenshot - {}
RESULT: {}
COMMAND: POST /session/7d4ef5db813d7a6cede0ad9a34edc09c/element - {"using":"xpath","value":"//span[contains(@id, \"smartTable-header-inner\")]"}
RESULT: {"using":"xpath","value":"//span[contains(@id, \"smartTable-header-inner\")]"}
COMMAND: POST /session/7d4ef5db813d7a6cede0ad9a34edc09c/elements - {"using":"xpath","value":"//span[contains(@id, \"smartTable-header-inner\")]"}
RESULT: {"using":"xpath","value":"//span[contains(@id, \"smartTable-header-inner\")]"}
COMMAND: POST /session/7d4ef5db813d7a6cede0ad9a34edc09c/execute/sync - {"script":"<script> [56 bytes]","args":[{"element-6066-11e4-a52e-4f735466cecf":"f.A871513E4156B49FEA6A1325266FBBC5.d.8A85F8B8C6752B987F927157EE7246D7.e.15796","ELEMENT":"f.A871513E4156B49FEA6A1325266FBBC5.d.8A85F8B8C6752B987F927157EE7246D7.e.15796"}]}
RESULT: {"script":"<script> [56 bytes]","args":[{"element-6066-11e4-a52e-4f735466cecf":"f.A871513E4156B49FEA6A1325266FBBC5.d.8A85F8B8C6752B987F927157EE7246D7.e.15796","ELEMENT":"f.A871513E4156B49FEA6A1325266FBBC5.d.8A85F8B8C6752B987F927157EE7246D7.e.15796"}]}
COMMAND: POST /session/7d4ef5db813d7a6cede0ad9a34edc09c/elements - {"using":"xpath","value":"//thead[contains(@class, \"sapMTableTH\")]/tr/th"}
COMMAND: GET /session/7d4ef5db813d7a6cede0ad9a34edc09c/screenshot - {}
RESULT: {"using":"xpath","value":"//thead[contains(@class, \"sapMTableTH\")]/tr/th"}
COMMAND: GET /session/7d4ef5db813d7a6cede0ad9a34edc09c/element/f.A871513E4156B49FEA6A1325266FBBC5.d.8A85F8B8C6752B987F927157EE7246D7.e.15886/text - {}
RESULT: {}
RESULT: {}
COMMAND: GET /session/7d4ef5db813d7a6cede0ad9a34edc09c/element/f.A871513E4156B49FEA6A1325266FBBC5.d.8A85F8B8C6752B987F927157EE7246D7.e.15887/text - {}
RESULT: {}
COMMAND: GET /session/7d4ef5db813d7a6cede0ad9a34edc09c/element/f.A871513E4156B49FEA6A1325266FBBC5.d.8A85F8B8C6752B987F927157EE7246D7.e.15286/text - {}
RESULT: {}
COMMAND: GET /session/7d4ef5db813d7a6cede0ad9a34edc09c/element/f.A871513E4156B49FEA6A1325266FBBC5.d.8A85F8B8C6752B987F927157EE7246D7.e.15288/text - {}
RESULT: {}
COMMAND: GET /session/7d4ef5db813d7a6cede0ad9a34edc09c/element/f.A871513E4156B49FEA6A1325266FBBC5.d.8A85F8B8C6752B987F927157EE7246D7.e.15854/text - {}
RESULT: {}
COMMAND: GET /session/7d4ef5db813d7a6cede0ad9a34edc09c/element/f.A871513E4156B49FEA6A1325266FBBC5.d.8A85F8B8C6752B987F927157EE7246D7.e.15855/text - {}
RESULT: {}
COMMAND: GET /session/7d4ef5db813d7a6cede0ad9a34edc09c/element/f.A871513E4156B49FEA6A1325266FBBC5.d.8A85F8B8C6752B987F927157EE7246D7.e.15856/text - {}
RESULT: {}
COMMAND: GET /session/7d4ef5db813d7a6cede0ad9a34edc09c/element/f.A871513E4156B49FEA6A1325266FBBC5.d.8A85F8B8C6752B987F927157EE7246D7.e.15857/text - {}
RESULT: {}
COMMAND: GET /session/7d4ef5db813d7a6cede0ad9a34edc09c/element/f.A871513E4156B49FEA6A1325266FBBC5.d.8A85F8B8C6752B987F927157EE7246D7.e.15858/text - {}
RESULT: {}
COMMAND: GET /session/7d4ef5db813d7a6cede0ad9a34edc09c/element/f.A871513E4156B49FEA6A1325266FBBC5.d.8A85F8B8C6752B987F927157EE7246D7.e.15859/text - {}
RESULT: {}
COMMAND: GET /session/7d4ef5db813d7a6cede0ad9a34edc09c/element/f.A871513E4156B49FEA6A1325266FBBC5.d.8A85F8B8C6752B987F927157EE7246D7.e.15860/text - {}
RESULT: {}
COMMAND: GET /session/7d4ef5db813d7a6cede0ad9a34edc09c/element/f.A871513E4156B49FEA6A1325266FBBC5.d.8A85F8B8C6752B987F927157EE7246D7.e.15861/text - {}
RESULT: {}
COMMAND: GET /session/7d4ef5db813d7a6cede0ad9a34edc09c/element/f.A871513E4156B49FEA6A1325266FBBC5.d.8A85F8B8C6752B987F927157EE7246D7.e.15862/text - {}
RESULT: {}
COMMAND: GET /session/7d4ef5db813d7a6cede0ad9a34edc09c/element/f.A871513E4156B49FEA6A1325266FBBC5.d.8A85F8B8C6752B987F927157EE7246D7.e.15289/text - {}
RESULT: {}
COMMAND: POST /session/7d4ef5db813d7a6cede0ad9a34edc09c/element - {"using":"xpath","value":"//tbody[contains(@id, \"customHandoversTable-tblBody\")]/tr[1]/td[14]/div/span"}
RESULT: {"using":"xpath","value":"//tbody[contains(@id, \"customHandoversTable-tblBody\")]/tr[1]/td[14]/div/span"}
COMMAND: POST /session/7d4ef5db813d7a6cede0ad9a34edc09c/execute/sync - {"script":"<script> [56 bytes]","args":[{"element-6066-11e4-a52e-4f735466cecf":"f.A871513E4156B49FEA6A1325266FBBC5.d.8A85F8B8C6752B987F927157EE7246D7.e.15939","ELEMENT":"f.A871513E4156B49FEA6A1325266FBBC5.d.8A85F8B8C6752B987F927157EE7246D7.e.15939"}]}
RESULT: {"script":"<script> [56 bytes]","args":[{"element-6066-11e4-a52e-4f735466cecf":"f.A871513E4156B49FEA6A1325266FBBC5.d.8A85F8B8C6752B987F927157EE7246D7.e.15939","ELEMENT":"f.A871513E4156B49FEA6A1325266FBBC5.d.8A85F8B8C6752B987F927157EE7246D7.e.15939"}]}
COMMAND: POST /session/7d4ef5db813d7a6cede0ad9a34edc09c/element - {"using":"xpath","value":"(//span[contains(@id, \"imgNav\")])[1]"}
COMMAND: GET /session/7d4ef5db813d7a6cede0ad9a34edc09c/screenshot - {}
RESULT: {"using":"xpath","value":"(//span[contains(@id, \"imgNav\")])[1]"}
COMMAND: POST /session/7d4ef5db813d7a6cede0ad9a34edc09c/element/f.A871513E4156B49FEA6A1325266FBBC5.d.8A85F8B8C6752B987F927157EE7246D7.e.15940/click - {}
RESULT: {}
RESULT: {}
COMMAND: GET /session/7d4ef5db813d7a6cede0ad9a34edc09c/screenshot - {}
RESULT: {}
RESULT: undefined
COMMAND: POST /session/7d4ef5db813d7a6cede0ad9a34edc09c/execute/async - {"script":"<script> [776 bytes]","args":[{"enterText":"05/21/25","selector":{"id":"receiptDatePicker","viewName":"etm.portal.ui.managehandovers.view.DetailExecuteHO","interaction":{"idSuffix":"inner"}},"clearTextFirst":true,"interactionType":"ENTER_TEXT"}]}
RESULT: {"script":"<script> [776 bytes]","args":[{"enterText":"05/21/25","selector":{"id":"receiptDatePicker","viewName":"etm.portal.ui.managehandovers.view.DetailExecuteHO","interaction":{"idSuffix":"inner"}},"clearTextFirst":true,"interactionType":"ENTER_TEXT"}]}
COMMAND: POST /session/7d4ef5db813d7a6cede0ad9a34edc09c/element - {"using":"xpath","value":"//bdi[contains(text(), \"OK\")]"}
RESULT: {"using":"xpath","value":"//bdi[contains(text(), \"OK\")]"}
COMMAND: POST /session/7d4ef5db813d7a6cede0ad9a34edc09c/element/f.A871513E4156B49FEA6A1325266FBBC5.d.8A85F8B8C6752B987F927157EE7246D7.e.15974/click - {}
RESULT: {}
COMMAND: GET /session/7d4ef5db813d7a6cede0ad9a34edc09c/screenshot - {}
RESULT: {}
COMMAND: POST /session/7d4ef5db813d7a6cede0ad9a34edc09c/element - {"using":"xpath","value":"//button[@data-kt=\"PickingTableConfirmAllButton\"]"}
RESULT: {"using":"xpath","value":"//button[@data-kt=\"PickingTableConfirmAllButton\"]"}
COMMAND: POST /session/7d4ef5db813d7a6cede0ad9a34edc09c/element/f.A871513E4156B49FEA6A1325266FBBC5.d.8A85F8B8C6752B987F927157EE7246D7.e.15963/click - {}
RESULT: {}
COMMAND: GET /session/7d4ef5db813d7a6cede0ad9a34edc09c/screenshot - {}
RESULT: {}
COMMAND: POST /session/7d4ef5db813d7a6cede0ad9a34edc09c/element - {"using":"xpath","value":"//bdi[contains(text(), \"OK\")]"}
RESULT: {"using":"xpath","value":"//bdi[contains(text(), \"OK\")]"}
COMMAND: POST /session/7d4ef5db813d7a6cede0ad9a34edc09c/element/f.A871513E4156B49FEA6A1325266FBBC5.d.8A85F8B8C6752B987F927157EE7246D7.e.15984/click - {}
RESULT: {}
COMMAND: GET /session/7d4ef5db813d7a6cede0ad9a34edc09c/screenshot - {}
RESULT: {}
COMMAND: POST /session/7d4ef5db813d7a6cede0ad9a34edc09c/element - {"using":"xpath","value":"//button[@data-kt= \"execHoReceiveButton\"]"}
RESULT: {"using":"xpath","value":"//button[@data-kt= \"execHoReceiveButton\"]"}
COMMAND: POST /session/7d4ef5db813d7a6cede0ad9a34edc09c/element/f.A871513E4156B49FEA6A1325266FBBC5.d.8A85F8B8C6752B987F927157EE7246D7.e.15986/click - {}
RESULT: {}
COMMAND: GET /session/7d4ef5db813d7a6cede0ad9a34edc09c/screenshot - {}
RESULT: {}
COMMAND: POST /session/7d4ef5db813d7a6cede0ad9a34edc09c/element - {"using":"xpath","value":"//input[contains(@id ,\"smartFilterBar-btnBasicSearch-I\")]"}
RESULT: {"using":"xpath","value":"//input[contains(@id ,\"smartFilterBar-btnBasicSearch-I\")]"}
COMMAND: POST /session/7d4ef5db813d7a6cede0ad9a34edc09c/elements - {"using":"xpath","value":"//input[contains(@id ,\"smartFilterBar-btnBasicSearch-I\")]"}
RESULT: {"using":"xpath","value":"//input[contains(@id ,\"smartFilterBar-btnBasicSearch-I\")]"}
COMMAND: POST /session/7d4ef5db813d7a6cede0ad9a34edc09c/execute/sync - {"script":"<script> [8489 bytes]","args":[{"element-6066-11e4-a52e-4f735466cecf":"f.A871513E4156B49FEA6A1325266FBBC5.d.8A85F8B8C6752B987F927157EE7246D7.e.15292","ELEMENT":"f.A871513E4156B49FEA6A1325266FBBC5.d.8A85F8B8C6752B987F927157EE7246D7.e.15292"}]}
RESULT: {"script":"<script> [8489 bytes]","args":[{"element-6066-11e4-a52e-4f735466cecf":"f.A871513E4156B49FEA6A1325266FBBC5.d.8A85F8B8C6752B987F927157EE7246D7.e.15292","ELEMENT":"f.A871513E4156B49FEA6A1325266FBBC5.d.8A85F8B8C6752B987F927157EE7246D7.e.15292"}]}
COMMAND: GET /session/7d4ef5db813d7a6cede0ad9a34edc09c/element/f.A871513E4156B49FEA6A1325266FBBC5.d.8A85F8B8C6752B987F927157EE7246D7.e.15292/enabled - {}
COMMAND: GET /session/7d4ef5db813d7a6cede0ad9a34edc09c/screenshot - {}
RESULT: {}
COMMAND: POST /session/7d4ef5db813d7a6cede0ad9a34edc09c/element/f.A871513E4156B49FEA6A1325266FBBC5.d.8A85F8B8C6752B987F927157EE7246D7.e.15292/clear - {}
COMMAND: GET /session/7d4ef5db813d7a6cede0ad9a34edc09c/screenshot - {}
RESULT: {}
RESULT: {}
COMMAND: POST /session/7d4ef5db813d7a6cede0ad9a34edc09c/element/f.A871513E4156B49FEA6A1325266FBBC5.d.8A85F8B8C6752B987F927157EE7246D7.e.15292/value - {"text":"30961"}
COMMAND: GET /session/7d4ef5db813d7a6cede0ad9a34edc09c/screenshot - {}
RESULT: {}
RESULT: {"text":"30961"}
COMMAND: GET /session/7d4ef5db813d7a6cede0ad9a34edc09c/screenshot - {}
RESULT: {}
RESULT: {}
COMMAND: POST /session/7d4ef5db813d7a6cede0ad9a34edc09c/actions - {"actions":[{"id":"action53","type":"key","parameters":{},"actions":[{"type":"keyDown","value":""},{"type":"pause","duration":10},{"type":"keyUp","value":""}]}]}
RESULT: {"actions":[{"id":"action53","type":"key","parameters":{},"actions":[{"type":"keyDown","value":""},{"type":"pause","duration":10},{"type":"keyUp","value":""}]}]}
COMMAND: GET /session/7d4ef5db813d7a6cede0ad9a34edc09c/screenshot - {}
RESULT: {}
COMMAND: POST /session/7d4ef5db813d7a6cede0ad9a34edc09c/element - {"using":"xpath","value":"//span[contains(@id, \"smartTable-header-inner\")]"}
RESULT: {"using":"xpath","value":"//span[contains(@id, \"smartTable-header-inner\")]"}
COMMAND: POST /session/7d4ef5db813d7a6cede0ad9a34edc09c/elements - {"using":"xpath","value":"//span[contains(@id, \"smartTable-header-inner\")]"}
RESULT: {"using":"xpath","value":"//span[contains(@id, \"smartTable-header-inner\")]"}
COMMAND: POST /session/7d4ef5db813d7a6cede0ad9a34edc09c/execute/sync - {"script":"<script> [56 bytes]","args":[{"element-6066-11e4-a52e-4f735466cecf":"f.A871513E4156B49FEA6A1325266FBBC5.d.8A85F8B8C6752B987F927157EE7246D7.e.15796","ELEMENT":"f.A871513E4156B49FEA6A1325266FBBC5.d.8A85F8B8C6752B987F927157EE7246D7.e.15796"}]}
RESULT: {"script":"<script> [56 bytes]","args":[{"element-6066-11e4-a52e-4f735466cecf":"f.A871513E4156B49FEA6A1325266FBBC5.d.8A85F8B8C6752B987F927157EE7246D7.e.15796","ELEMENT":"f.A871513E4156B49FEA6A1325266FBBC5.d.8A85F8B8C6752B987F927157EE7246D7.e.15796"}]}
COMMAND: POST /session/7d4ef5db813d7a6cede0ad9a34edc09c/elements - {"using":"xpath","value":"//thead[contains(@class, \"sapMTableTH\")]/tr/th"}
COMMAND: GET /session/7d4ef5db813d7a6cede0ad9a34edc09c/screenshot - {}
RESULT: {"using":"xpath","value":"//thead[contains(@class, \"sapMTableTH\")]/tr/th"}
COMMAND: GET /session/7d4ef5db813d7a6cede0ad9a34edc09c/element/f.A871513E4156B49FEA6A1325266FBBC5.d.8A85F8B8C6752B987F927157EE7246D7.e.15886/text - {}
RESULT: {}
RESULT: {}
COMMAND: GET /session/7d4ef5db813d7a6cede0ad9a34edc09c/element/f.A871513E4156B49FEA6A1325266FBBC5.d.8A85F8B8C6752B987F927157EE7246D7.e.15887/text - {}
RESULT: {}
COMMAND: GET /session/7d4ef5db813d7a6cede0ad9a34edc09c/element/f.A871513E4156B49FEA6A1325266FBBC5.d.8A85F8B8C6752B987F927157EE7246D7.e.15286/text - {}
RESULT: {}
COMMAND: GET /session/7d4ef5db813d7a6cede0ad9a34edc09c/element/f.A871513E4156B49FEA6A1325266FBBC5.d.8A85F8B8C6752B987F927157EE7246D7.e.15288/text - {}
RESULT: {}
COMMAND: GET /session/7d4ef5db813d7a6cede0ad9a34edc09c/element/f.A871513E4156B49FEA6A1325266FBBC5.d.8A85F8B8C6752B987F927157EE7246D7.e.15990/text - {}
RESULT: {}
COMMAND: GET /session/7d4ef5db813d7a6cede0ad9a34edc09c/element/f.A871513E4156B49FEA6A1325266FBBC5.d.8A85F8B8C6752B987F927157EE7246D7.e.15991/text - {}
RESULT: {}
COMMAND: GET /session/7d4ef5db813d7a6cede0ad9a34edc09c/element/f.A871513E4156B49FEA6A1325266FBBC5.d.8A85F8B8C6752B987F927157EE7246D7.e.15992/text - {}
RESULT: {}
COMMAND: GET /session/7d4ef5db813d7a6cede0ad9a34edc09c/element/f.A871513E4156B49FEA6A1325266FBBC5.d.8A85F8B8C6752B987F927157EE7246D7.e.15993/text - {}
RESULT: {}
COMMAND: GET /session/7d4ef5db813d7a6cede0ad9a34edc09c/element/f.A871513E4156B49FEA6A1325266FBBC5.d.8A85F8B8C6752B987F927157EE7246D7.e.15994/text - {}
RESULT: {}
COMMAND: GET /session/7d4ef5db813d7a6cede0ad9a34edc09c/element/f.A871513E4156B49FEA6A1325266FBBC5.d.8A85F8B8C6752B987F927157EE7246D7.e.15995/text - {}
RESULT: {}
COMMAND: GET /session/7d4ef5db813d7a6cede0ad9a34edc09c/element/f.A871513E4156B49FEA6A1325266FBBC5.d.8A85F8B8C6752B987F927157EE7246D7.e.15996/text - {}
RESULT: {}
COMMAND: GET /session/7d4ef5db813d7a6cede0ad9a34edc09c/element/f.A871513E4156B49FEA6A1325266FBBC5.d.8A85F8B8C6752B987F927157EE7246D7.e.15997/text - {}
RESULT: {}
COMMAND: GET /session/7d4ef5db813d7a6cede0ad9a34edc09c/element/f.A871513E4156B49FEA6A1325266FBBC5.d.8A85F8B8C6752B987F927157EE7246D7.e.15998/text - {}
RESULT: {}
COMMAND: GET /session/7d4ef5db813d7a6cede0ad9a34edc09c/element/f.A871513E4156B49FEA6A1325266FBBC5.d.8A85F8B8C6752B987F927157EE7246D7.e.15289/text - {}
RESULT: {}
COMMAND: POST /session/7d4ef5db813d7a6cede0ad9a34edc09c/element - {"using":"xpath","value":"//tbody[contains(@id, \"customHandoversTable-tblBody\")]/tr[1]/td[14]/div/span"}
RESULT: {"using":"xpath","value":"//tbody[contains(@id, \"customHandoversTable-tblBody\")]/tr[1]/td[14]/div/span"}
COMMAND: POST /session/7d4ef5db813d7a6cede0ad9a34edc09c/execute/sync - {"script":"<script> [56 bytes]","args":[{"element-6066-11e4-a52e-4f735466cecf":"f.A871513E4156B49FEA6A1325266FBBC5.d.8A85F8B8C6752B987F927157EE7246D7.e.16041","ELEMENT":"f.A871513E4156B49FEA6A1325266FBBC5.d.8A85F8B8C6752B987F927157EE7246D7.e.16041"}]}
RESULT: {"script":"<script> [56 bytes]","args":[{"element-6066-11e4-a52e-4f735466cecf":"f.A871513E4156B49FEA6A1325266FBBC5.d.8A85F8B8C6752B987F927157EE7246D7.e.16041","ELEMENT":"f.A871513E4156B49FEA6A1325266FBBC5.d.8A85F8B8C6752B987F927157EE7246D7.e.16041"}]}
]]></system-out>
    </testcase>
    <testcase classname="chrome.136_0_7103_93.windows.Provide_to_Site_w/o_warehouse_management_w_clarification" name="Should Test for Handover Execution" time="13.019">
      <system-out><![CDATA[
COMMAND: POST /session/7d4ef5db813d7a6cede0ad9a34edc09c/element - {"using":"xpath","value":"(//span[contains(@id, \"imgNav\")])[1]"}
COMMAND: GET /session/7d4ef5db813d7a6cede0ad9a34edc09c/screenshot - {}
RESULT: {"using":"xpath","value":"(//span[contains(@id, \"imgNav\")])[1]"}
COMMAND: POST /session/7d4ef5db813d7a6cede0ad9a34edc09c/element/f.A871513E4156B49FEA6A1325266FBBC5.d.8A85F8B8C6752B987F927157EE7246D7.e.16042/click - {}
RESULT: {}
RESULT: {}
COMMAND: GET /session/7d4ef5db813d7a6cede0ad9a34edc09c/screenshot - {}
RESULT: {}
COMMAND: POST /session/7d4ef5db813d7a6cede0ad9a34edc09c/element - {"using":"css selector","value":"#shell-header-logo"}
RESULT: {"using":"css selector","value":"#shell-header-logo"}
COMMAND: POST /session/7d4ef5db813d7a6cede0ad9a34edc09c/element/f.A871513E4156B49FEA6A1325266FBBC5.d.8A85F8B8C6752B987F927157EE7246D7.e.14584/click - {}
RESULT: {}
COMMAND: GET /session/7d4ef5db813d7a6cede0ad9a34edc09c/screenshot - {}
RESULT: {}
]]></system-out>
    </testcase>
    <testcase classname="chrome.136_0_7103_93.windows.Provide_to_Site_w/o_warehouse_management_w_clarification" name="Should test for Clarification" time="0.005">
      <system-out><![CDATA[
COMMAND: POST /session/7d4ef5db813d7a6cede0ad9a34edc09c/element - {"using":"css selector","value":"#j_username"}
COMMAND: POST /session/7d4ef5db813d7a6cede0ad9a34edc09c/url - {"url":"https://qa-testing-00-live-etm-ui.cfapps.eu10-004.hana.ondemand.com/"}
RESULT: {"using":"css selector","value":"#j_username"}
COMMAND: POST /session/7d4ef5db813d7a6cede0ad9a34edc09c/element - {"using":"css selector","value":"#j_username"}
RESULT: {"url":"https://qa-testing-00-live-etm-ui.cfapps.eu10-004.hana.ondemand.com/"}
RESULT: undefined
COMMAND: GET /session/7d4ef5db813d7a6cede0ad9a34edc09c/screenshot - {}
RESULT: {"using":"css selector","value":"#j_username"}
COMMAND: POST /session/7d4ef5db813d7a6cede0ad9a34edc09c/element - {"using":"css selector","value":"#shell-header-logo"}
RESULT: {}
RESULT: {"using":"css selector","value":"#shell-header-logo"}
COMMAND: POST /session/7d4ef5db813d7a6cede0ad9a34edc09c/execute/sync - {"script":"<script> [8489 bytes]","args":[{"element-6066-11e4-a52e-4f735466cecf":"f.A871513E4156B49FEA6A1325266FBBC5.d.67A87A60E4A0E0C6F869D5E26CAD0EAC.e.16099","ELEMENT":"f.A871513E4156B49FEA6A1325266FBBC5.d.67A87A60E4A0E0C6F869D5E26CAD0EAC.e.16099"}]}
RESULT: {"script":"<script> [8489 bytes]","args":[{"element-6066-11e4-a52e-4f735466cecf":"f.A871513E4156B49FEA6A1325266FBBC5.d.67A87A60E4A0E0C6F869D5E26CAD0EAC.e.16099","ELEMENT":"f.A871513E4156B49FEA6A1325266FBBC5.d.67A87A60E4A0E0C6F869D5E26CAD0EAC.e.16099"}]}
COMMAND: POST /session/7d4ef5db813d7a6cede0ad9a34edc09c/element - {"using":"css selector","value":"#shell-header-logo"}
COMMAND: GET /session/7d4ef5db813d7a6cede0ad9a34edc09c/screenshot - {}
RESULT: {"using":"css selector","value":"#shell-header-logo"}
COMMAND: POST /session/7d4ef5db813d7a6cede0ad9a34edc09c/execute/sync - {"script":"<script> [8489 bytes]","args":[{"element-6066-11e4-a52e-4f735466cecf":"f.A871513E4156B49FEA6A1325266FBBC5.d.67A87A60E4A0E0C6F869D5E26CAD0EAC.e.16099","ELEMENT":"f.A871513E4156B49FEA6A1325266FBBC5.d.67A87A60E4A0E0C6F869D5E26CAD0EAC.e.16099"}]}
RESULT: {}
RESULT: {"script":"<script> [8489 bytes]","args":[{"element-6066-11e4-a52e-4f735466cecf":"f.A871513E4156B49FEA6A1325266FBBC5.d.67A87A60E4A0E0C6F869D5E26CAD0EAC.e.16099","ELEMENT":"f.A871513E4156B49FEA6A1325266FBBC5.d.67A87A60E4A0E0C6F869D5E26CAD0EAC.e.16099"}]}
COMMAND: POST /session/7d4ef5db813d7a6cede0ad9a34edc09c/execute/sync - {"script":"<script> [5351 bytes]","args":[{"element-6066-11e4-a52e-4f735466cecf":"f.A871513E4156B49FEA6A1325266FBBC5.d.67A87A60E4A0E0C6F869D5E26CAD0EAC.e.16099","ELEMENT":"f.A871513E4156B49FEA6A1325266FBBC5.d.67A87A60E4A0E0C6F869D5E26CAD0EAC.e.16099"}]}
COMMAND: GET /session/7d4ef5db813d7a6cede0ad9a34edc09c/screenshot - {}
RESULT: {"script":"<script> [5351 bytes]","args":[{"element-6066-11e4-a52e-4f735466cecf":"f.A871513E4156B49FEA6A1325266FBBC5.d.67A87A60E4A0E0C6F869D5E26CAD0EAC.e.16099","ELEMENT":"f.A871513E4156B49FEA6A1325266FBBC5.d.67A87A60E4A0E0C6F869D5E26CAD0EAC.e.16099"}]}
COMMAND: POST /session/7d4ef5db813d7a6cede0ad9a34edc09c/element - {"using":"css selector","value":"#shell-header-logo"}
COMMAND: GET /session/7d4ef5db813d7a6cede0ad9a34edc09c/screenshot - {}
RESULT: {}
RESULT: {"using":"css selector","value":"#shell-header-logo"}
COMMAND: POST /session/7d4ef5db813d7a6cede0ad9a34edc09c/element/f.A871513E4156B49FEA6A1325266FBBC5.d.67A87A60E4A0E0C6F869D5E26CAD0EAC.e.16099/click - {}
RESULT: {}
RESULT: {}
COMMAND: GET /session/7d4ef5db813d7a6cede0ad9a34edc09c/screenshot - {}
RESULT: {}
COMMAND: POST /session/7d4ef5db813d7a6cede0ad9a34edc09c/execute/async - {"script":"<script> [189 bytes]","args":[]}
RESULT: {"script":"<script> [189 bytes]","args":[]}
COMMAND: POST /session/7d4ef5db813d7a6cede0ad9a34edc09c/execute/async - {"script":"<script> [123 bytes]","args":[]}
RESULT: {"script":"<script> [123 bytes]","args":[]}
COMMAND: POST /session/7d4ef5db813d7a6cede0ad9a34edc09c/timeouts - {"script":"<number>"}
RESULT: {"script":"<number>"}
COMMAND: GET /session/7d4ef5db813d7a6cede0ad9a34edc09c/timeouts - {}
RESULT: {}
RESULT: undefined
COMMAND: POST /session/7d4ef5db813d7a6cede0ad9a34edc09c/execute/async - {"script":"<script> [2676 bytes]","args":[]}
RESULT: {"script":"<script> [2676 bytes]","args":[]}
COMMAND: POST /session/7d4ef5db813d7a6cede0ad9a34edc09c/execute/async - {"script":"<script> [2342 bytes]","args":[{"protocol":"http","hostname":"0.0.0.0","path":"/","capabilities":{"browserName":"chrome","goog:chromeOptions":{"binary":"C:\\Program Files\\Google\\Chrome\\Application\\chrome.exe","args":["--start-maximized"]}},"logLevel":"warn","connectionRetryTimeout":120000,"connectionRetryCount":3,"logLevels":{},"enableDirectConnect":true,"strictSSL":true,"_":"65 more keys: [\"cacheDir\",\"port\",\"requestedCapabilities\",\"automationProtocol\",\"baseUrl\",\"waitforInterval\",\"waitforTimeout\",\"onReload\",\"beforeCommand\",\"afterCommand\",\"rootDir\",\"specs\",\"suites\",\"exclude\",\"groupLogsByTestSpec\",\"excludeDriverLogs\",\"bail\",\"framework\",\"reporters\",\"services\",\"maxInstances\",\"maxInstancesPerCapability\",\"injectGlobals\",\"filesToWatch\",\"execArgv\",\"runnerEnv\",\"runner\",\"shard\",\"specFileRetries\",\"specFileRetriesDelay\",\"specFileRetriesDeferred\",\"reporterSyncInterval\",\"reporterSyncTimeout\",\"cucumberFeaturesWithLineNumbers\",\"autoCompileOpts\",\"mochaOpts\",\"jasmineOpts\",\"cucumberOpts\",\"onPrepare\",\"onWorkerStart\",\"onWorkerEnd\",\"before\",\"beforeSession\",\"beforeSuite\",\"beforeHook\",\"beforeTest\",\"afterTest\",\"afterHook\",\"afterSuite\",\"afterSession\",\"after\",\"onComplete\",\"beforeAssertion\",\"afterAssertion\",\"beforeFeature\",\"beforeScenario\",\"beforeStep\",\"afterStep\",\"afterScenario\",\"afterFeature\",\"_\",\"suite\",\"$0\",\"ignoredWorkerServices\",\"wdi5\"]"}]}
RESULT: {"script":"<script> [2342 bytes]","args":[{"protocol":"http","hostname":"0.0.0.0","path":"/","capabilities":{"browserName":"chrome","goog:chromeOptions":{"binary":"C:\\Program Files\\Google\\Chrome\\Application\\chrome.exe","args":["--start-maximized"]}},"logLevel":"warn","connectionRetryTimeout":120000,"connectionRetryCount":3,"logLevels":{},"enableDirectConnect":true,"strictSSL":true,"_":"65 more keys: [\"cacheDir\",\"port\",\"requestedCapabilities\",\"automationProtocol\",\"baseUrl\",\"waitforInterval\",\"waitforTimeout\",\"onReload\",\"beforeCommand\",\"afterCommand\",\"rootDir\",\"specs\",\"suites\",\"exclude\",\"groupLogsByTestSpec\",\"excludeDriverLogs\",\"bail\",\"framework\",\"reporters\",\"services\",\"maxInstances\",\"maxInstancesPerCapability\",\"injectGlobals\",\"filesToWatch\",\"execArgv\",\"runnerEnv\",\"runner\",\"shard\",\"specFileRetries\",\"specFileRetriesDelay\",\"specFileRetriesDeferred\",\"reporterSyncInterval\",\"reporterSyncTimeout\",\"cucumberFeaturesWithLineNumbers\",\"autoCompileOpts\",\"mochaOpts\",\"jasmineOpts\",\"cucumberOpts\",\"onPrepare\",\"onWorkerStart\",\"onWorkerEnd\",\"before\",\"beforeSession\",\"beforeSuite\",\"beforeHook\",\"beforeTest\",\"afterTest\",\"afterHook\",\"afterSuite\",\"afterSession\",\"after\",\"onComplete\",\"beforeAssertion\",\"afterAssertion\",\"beforeFeature\",\"beforeScenario\",\"beforeStep\",\"afterStep\",\"afterScenario\",\"afterFeature\",\"_\",\"suite\",\"$0\",\"ignoredWorkerServices\",\"wdi5\"]"}]}
COMMAND: POST /session/7d4ef5db813d7a6cede0ad9a34edc09c/execute/async - {"script":"<script> [21126 bytes]","args":[35000]}
RESULT: {"script":"<script> [21126 bytes]","args":[35000]}
COMMAND: POST /session/7d4ef5db813d7a6cede0ad9a34edc09c/window/maximize - {}
RESULT: {}
COMMAND: POST /session/7d4ef5db813d7a6cede0ad9a34edc09c/execute/async - {"script":"<script> [1562 bytes]","args":[{"selector":{"id":"shell-header","interaction":{"idSuffix":"icon"}},"wdio_ui5_key":"shellheader"}]}
COMMAND: GET /session/7d4ef5db813d7a6cede0ad9a34edc09c/screenshot - {}
RESULT: {"script":"<script> [1562 bytes]","args":[{"selector":{"id":"shell-header","interaction":{"idSuffix":"icon"}},"wdio_ui5_key":"shellheader"}]}
RESULT: undefined
COMMAND: POST /session/7d4ef5db813d7a6cede0ad9a34edc09c/window/fullscreen - {}
RESULT: {}
RESULT: {}
]]></system-out>
    </testcase>
  </testsuite>
  <testsuite timestamp="2025-05-21T17:06:17" time="143.983" tests="4" failures="0" errors="0" skipped="0">
    <properties>
      <property name="specId" value="0"/>
      <property name="suiteName" value="Provide to Site w/o warehouse management w/o clarification US116612"/>
      <property name="capabilities" value="chrome.136_0_7103_93.windows"/>
      <property name="file" value="file:///D:/a/1/s/test/specs/HTR/provide-to-site-wo-warehouse-wo-clarification.spec.js"/>
    </properties>
    <testcase classname="chrome.136_0_7103_93.windows.Provide_to_Site_w/o_warehouse_management_w/o_clarification_US116612" name="Should create a new yard" time="0.036">
      <system-out><![CDATA[
COMMAND: POST /session/7d4ef5db813d7a6cede0ad9a34edc09c/window/fullscreen - {}
RESULT: {}
]]></system-out>
    </testcase>
    <testcase classname="chrome.136_0_7103_93.windows.Provide_to_Site_w/o_warehouse_management_w/o_clarification_US116612" name="Should create a new external partner" time="0.004"/>
    <testcase classname="chrome.136_0_7103_93.windows.Provide_to_Site_w/o_warehouse_management_w/o_clarification_US116612" name="Should create a new site" time="0.004"/>
    <testcase classname="chrome.136_0_7103_93.windows.Provide_to_Site_w/o_warehouse_management_w/o_clarification_US116612" name="Should create a new material" time="126.902">
      <system-out><![CDATA[
COMMAND: POST /session/7d4ef5db813d7a6cede0ad9a34edc09c/execute/async - {"script":"<script> [1562 bytes]","args":[{"selector":{"controlType":"sap.m.GenericTile","properties":{"header":"Manage Resources"}},"wdio_ui5_key":"sapm.GenericTile{\"header\":\"Manage Resources\"}"}]}
RESULT: {"script":"<script> [1562 bytes]","args":[{"selector":{"controlType":"sap.m.GenericTile","properties":{"header":"Manage Resources"}},"wdio_ui5_key":"sapm.GenericTile{\"header\":\"Manage Resources\"}"}]}
RESULT: undefined
COMMAND: POST /session/7d4ef5db813d7a6cede0ad9a34edc09c/element - {"using":"xpath","value":"//*[@id=\"__tile31\"]"}
RESULT: {"using":"xpath","value":"//*[@id=\"__tile31\"]"}
COMMAND: POST /session/7d4ef5db813d7a6cede0ad9a34edc09c/element/f.A871513E4156B49FEA6A1325266FBBC5.d.67A87A60E4A0E0C6F869D5E26CAD0EAC.e.16115/click - {}
RESULT: {}
COMMAND: GET /session/7d4ef5db813d7a6cede0ad9a34edc09c/screenshot - {}
RESULT: {}
COMMAND: POST /session/7d4ef5db813d7a6cede0ad9a34edc09c/elements - {"using":"xpath","value":"//span[text()='Error']"}
RESULT: {"using":"xpath","value":"//span[text()='Error']"}
COMMAND: POST /session/7d4ef5db813d7a6cede0ad9a34edc09c/element - {"using":"xpath","value":"//button[@data-kt=\"addNewRUOverflowToolbarButton\"]"}
RESULT: {"using":"xpath","value":"//button[@data-kt=\"addNewRUOverflowToolbarButton\"]"}
COMMAND: POST /session/7d4ef5db813d7a6cede0ad9a34edc09c/elements - {"using":"xpath","value":"//button[@data-kt=\"addNewRUOverflowToolbarButton\"]"}
RESULT: {"using":"xpath","value":"//button[@data-kt=\"addNewRUOverflowToolbarButton\"]"}
COMMAND: POST /session/7d4ef5db813d7a6cede0ad9a34edc09c/execute/sync - {"script":"<script> [8489 bytes]","args":[{"element-6066-11e4-a52e-4f735466cecf":"f.A871513E4156B49FEA6A1325266FBBC5.d.67A87A60E4A0E0C6F869D5E26CAD0EAC.e.16240","ELEMENT":"f.A871513E4156B49FEA6A1325266FBBC5.d.67A87A60E4A0E0C6F869D5E26CAD0EAC.e.16240"}]}
RESULT: {"script":"<script> [8489 bytes]","args":[{"element-6066-11e4-a52e-4f735466cecf":"f.A871513E4156B49FEA6A1325266FBBC5.d.67A87A60E4A0E0C6F869D5E26CAD0EAC.e.16240","ELEMENT":"f.A871513E4156B49FEA6A1325266FBBC5.d.67A87A60E4A0E0C6F869D5E26CAD0EAC.e.16240"}]}
COMMAND: GET /session/7d4ef5db813d7a6cede0ad9a34edc09c/element/f.A871513E4156B49FEA6A1325266FBBC5.d.67A87A60E4A0E0C6F869D5E26CAD0EAC.e.16240/enabled - {}
RESULT: {}
COMMAND: POST /session/7d4ef5db813d7a6cede0ad9a34edc09c/execute/sync - {"script":"<script> [8489 bytes]","args":[{"element-6066-11e4-a52e-4f735466cecf":"f.A871513E4156B49FEA6A1325266FBBC5.d.67A87A60E4A0E0C6F869D5E26CAD0EAC.e.16240","ELEMENT":"f.A871513E4156B49FEA6A1325266FBBC5.d.67A87A60E4A0E0C6F869D5E26CAD0EAC.e.16240"}]}
RESULT: {"script":"<script> [8489 bytes]","args":[{"element-6066-11e4-a52e-4f735466cecf":"f.A871513E4156B49FEA6A1325266FBBC5.d.67A87A60E4A0E0C6F869D5E26CAD0EAC.e.16240","ELEMENT":"f.A871513E4156B49FEA6A1325266FBBC5.d.67A87A60E4A0E0C6F869D5E26CAD0EAC.e.16240"}]}
COMMAND: POST /session/7d4ef5db813d7a6cede0ad9a34edc09c/execute/sync - {"script":"<script> [5351 bytes]","args":[{"element-6066-11e4-a52e-4f735466cecf":"f.A871513E4156B49FEA6A1325266FBBC5.d.67A87A60E4A0E0C6F869D5E26CAD0EAC.e.16240","ELEMENT":"f.A871513E4156B49FEA6A1325266FBBC5.d.67A87A60E4A0E0C6F869D5E26CAD0EAC.e.16240"}]}
COMMAND: GET /session/7d4ef5db813d7a6cede0ad9a34edc09c/screenshot - {}
COMMAND: GET /session/7d4ef5db813d7a6cede0ad9a34edc09c/screenshot - {}
COMMAND: GET /session/7d4ef5db813d7a6cede0ad9a34edc09c/screenshot - {}
RESULT: {"script":"<script> [5351 bytes]","args":[{"element-6066-11e4-a52e-4f735466cecf":"f.A871513E4156B49FEA6A1325266FBBC5.d.67A87A60E4A0E0C6F869D5E26CAD0EAC.e.16240","ELEMENT":"f.A871513E4156B49FEA6A1325266FBBC5.d.67A87A60E4A0E0C6F869D5E26CAD0EAC.e.16240"}]}
COMMAND: POST /session/7d4ef5db813d7a6cede0ad9a34edc09c/element/f.A871513E4156B49FEA6A1325266FBBC5.d.67A87A60E4A0E0C6F869D5E26CAD0EAC.e.16240/click - {}
COMMAND: GET /session/7d4ef5db813d7a6cede0ad9a34edc09c/screenshot - {}
RESULT: {}
RESULT: {}
RESULT: {}
RESULT: {}
COMMAND: GET /session/7d4ef5db813d7a6cede0ad9a34edc09c/screenshot - {}
RESULT: {}
RESULT: {}
COMMAND: POST /session/7d4ef5db813d7a6cede0ad9a34edc09c/execute/async - {"script":"<script> [1562 bytes]","args":[{"selector":{"id":"application-manageresources-display-component---newResourceUnit--TYPE-arrow"},"wdio_ui5_key":"applicationmanageresources-display-component---newResourceUnit--TYPE-arrow"}]}
RESULT: {"script":"<script> [1562 bytes]","args":[{"selector":{"id":"application-manageresources-display-component---newResourceUnit--TYPE-arrow"},"wdio_ui5_key":"applicationmanageresources-display-component---newResourceUnit--TYPE-arrow"}]}
RESULT: undefined
COMMAND: POST /session/7d4ef5db813d7a6cede0ad9a34edc09c/element - {"using":"xpath","value":"//*[@id=\"application-manageresources-display-component---newResourceUnit--TYPE-arrow\"]"}
RESULT: {"using":"xpath","value":"//*[@id=\"application-manageresources-display-component---newResourceUnit--TYPE-arrow\"]"}
COMMAND: POST /session/7d4ef5db813d7a6cede0ad9a34edc09c/element/f.A871513E4156B49FEA6A1325266FBBC5.d.67A87A60E4A0E0C6F869D5E26CAD0EAC.e.16606/click - {}
RESULT: {}
COMMAND: POST /session/7d4ef5db813d7a6cede0ad9a34edc09c/element - {"using":"xpath","value":"//input[@id=\"application-manageresources-display-component---newResourceUnit--TYPE-inner\"]"}
COMMAND: GET /session/7d4ef5db813d7a6cede0ad9a34edc09c/screenshot - {}
RESULT: {"using":"xpath","value":"//input[@id=\"application-manageresources-display-component---newResourceUnit--TYPE-inner\"]"}
COMMAND: POST /session/7d4ef5db813d7a6cede0ad9a34edc09c/element/f.A871513E4156B49FEA6A1325266FBBC5.d.67A87A60E4A0E0C6F869D5E26CAD0EAC.e.16598/clear - {}
RESULT: {}
RESULT: {}
COMMAND: POST /session/7d4ef5db813d7a6cede0ad9a34edc09c/element/f.A871513E4156B49FEA6A1325266FBBC5.d.67A87A60E4A0E0C6F869D5E26CAD0EAC.e.16598/value - {"text":"Material"}
COMMAND: GET /session/7d4ef5db813d7a6cede0ad9a34edc09c/screenshot - {}
RESULT: {"text":"Material"}
COMMAND: GET /session/7d4ef5db813d7a6cede0ad9a34edc09c/screenshot - {}
RESULT: {}
RESULT: {}
COMMAND: POST /session/7d4ef5db813d7a6cede0ad9a34edc09c/actions - {"actions":[{"id":"action54","type":"key","parameters":{},"actions":[{"type":"keyDown","value":""},{"type":"pause","duration":10},{"type":"keyUp","value":""}]}]}
RESULT: {"actions":[{"id":"action54","type":"key","parameters":{},"actions":[{"type":"keyDown","value":""},{"type":"pause","duration":10},{"type":"keyUp","value":""}]}]}
COMMAND: POST /session/7d4ef5db813d7a6cede0ad9a34edc09c/execute/async - {"script":"<script> [1562 bytes]","args":[{"selector":{"id":"application-manageresources-display-component---newResourceUnit--SHORT_TEXT","interaction":{"idSuffix":"inner"}},"wdio_ui5_key":"applicationmanageresources-display-component---newResourceUnit--SHORT_TEXT"}]}
COMMAND: GET /session/7d4ef5db813d7a6cede0ad9a34edc09c/screenshot - {}
RESULT: {"script":"<script> [1562 bytes]","args":[{"selector":{"id":"application-manageresources-display-component---newResourceUnit--SHORT_TEXT","interaction":{"idSuffix":"inner"}},"wdio_ui5_key":"applicationmanageresources-display-component---newResourceUnit--SHORT_TEXT"}]}
RESULT: undefined
COMMAND: POST /session/7d4ef5db813d7a6cede0ad9a34edc09c/execute/async - {"script":"<script> [776 bytes]","args":[{"enterText":"Cement WDIO","selector":{"id":"application-manageresources-display-component---newResourceUnit--SHORT_TEXT","interaction":{"idSuffix":"inner"}},"clearTextFirst":true,"interactionType":"ENTER_TEXT"}]}
RESULT: {}
RESULT: {"script":"<script> [776 bytes]","args":[{"enterText":"Cement WDIO","selector":{"id":"application-manageresources-display-component---newResourceUnit--SHORT_TEXT","interaction":{"idSuffix":"inner"}},"clearTextFirst":true,"interactionType":"ENTER_TEXT"}]}
COMMAND: POST /session/7d4ef5db813d7a6cede0ad9a34edc09c/execute/async - {"script":"<script> [1562 bytes]","args":[{"selector":{"id":"application-manageresources-display-component---newResourceUnit--BASE_UNIT_OF_MEASURE","interaction":{"idSuffix":"inner"}},"wdio_ui5_key":"applicationmanageresources-display-component---newResourceUnit--BASE_UNIT_OF_MEASURE"}]}
RESULT: {"script":"<script> [1562 bytes]","args":[{"selector":{"id":"application-manageresources-display-component---newResourceUnit--BASE_UNIT_OF_MEASURE","interaction":{"idSuffix":"inner"}},"wdio_ui5_key":"applicationmanageresources-display-component---newResourceUnit--BASE_UNIT_OF_MEASURE"}]}
RESULT: undefined
COMMAND: POST /session/7d4ef5db813d7a6cede0ad9a34edc09c/execute/async - {"script":"<script> [776 bytes]","args":[{"enterText":"Piece","selector":{"id":"application-manageresources-display-component---newResourceUnit--BASE_UNIT_OF_MEASURE","interaction":{"idSuffix":"inner"}},"clearTextFirst":true,"interactionType":"ENTER_TEXT"}]}
RESULT: {"script":"<script> [776 bytes]","args":[{"enterText":"Piece","selector":{"id":"application-manageresources-display-component---newResourceUnit--BASE_UNIT_OF_MEASURE","interaction":{"idSuffix":"inner"}},"clearTextFirst":true,"interactionType":"ENTER_TEXT"}]}
COMMAND: POST /session/7d4ef5db813d7a6cede0ad9a34edc09c/execute/async - {"script":"<script> [1562 bytes]","args":[{"selector":{"id":"application-manageresources-display-component---newResourceUnit--WEIGHT_UNIT","interaction":{"idSuffix":"inner"}},"wdio_ui5_key":"applicationmanageresources-display-component---newResourceUnit--WEIGHT_UNIT"}]}
RESULT: {"script":"<script> [1562 bytes]","args":[{"selector":{"id":"application-manageresources-display-component---newResourceUnit--WEIGHT_UNIT","interaction":{"idSuffix":"inner"}},"wdio_ui5_key":"applicationmanageresources-display-component---newResourceUnit--WEIGHT_UNIT"}]}
RESULT: undefined
COMMAND: POST /session/7d4ef5db813d7a6cede0ad9a34edc09c/execute/async - {"script":"<script> [776 bytes]","args":[{"enterText":"Gram","selector":{"id":"application-manageresources-display-component---newResourceUnit--WEIGHT_UNIT","interaction":{"idSuffix":"inner"}},"clearTextFirst":true,"interactionType":"ENTER_TEXT"}]}
RESULT: {"script":"<script> [776 bytes]","args":[{"enterText":"Gram","selector":{"id":"application-manageresources-display-component---newResourceUnit--WEIGHT_UNIT","interaction":{"idSuffix":"inner"}},"clearTextFirst":true,"interactionType":"ENTER_TEXT"}]}
COMMAND: POST /session/7d4ef5db813d7a6cede0ad9a34edc09c/execute/async - {"script":"<script> [1562 bytes]","args":[{"selector":{"id":"application-manageresources-display-component---newResourceUnit--DIMENSION_UNIT","interaction":{"idSuffix":"inner"}},"wdio_ui5_key":"applicationmanageresources-display-component---newResourceUnit--DIMENSION_UNIT"}]}
RESULT: {"script":"<script> [1562 bytes]","args":[{"selector":{"id":"application-manageresources-display-component---newResourceUnit--DIMENSION_UNIT","interaction":{"idSuffix":"inner"}},"wdio_ui5_key":"applicationmanageresources-display-component---newResourceUnit--DIMENSION_UNIT"}]}
RESULT: undefined
COMMAND: POST /session/7d4ef5db813d7a6cede0ad9a34edc09c/execute/async - {"script":"<script> [776 bytes]","args":[{"enterText":"Meter","selector":{"id":"application-manageresources-display-component---newResourceUnit--DIMENSION_UNIT","interaction":{"idSuffix":"inner"}},"clearTextFirst":true,"interactionType":"ENTER_TEXT"}]}
RESULT: {"script":"<script> [776 bytes]","args":[{"enterText":"Meter","selector":{"id":"application-manageresources-display-component---newResourceUnit--DIMENSION_UNIT","interaction":{"idSuffix":"inner"}},"clearTextFirst":true,"interactionType":"ENTER_TEXT"}]}
COMMAND: POST /session/7d4ef5db813d7a6cede0ad9a34edc09c/execute/async - {"script":"<script> [1562 bytes]","args":[{"selector":{"id":"application-manageresources-display-component---newResourceUnit--newRRUPage-anchBar-application-manageresources-display-component---newResourceUnit--control-anchor","interaction":{"idSuffix":"BDI-content"}},"wdio_ui5_key":"applicationmanageresources-display-component---newResourceUnit--newRRUPage-anchBar-application-manageresources-display-component---newResourceUnit--control-anchor"}]}
RESULT: {"script":"<script> [1562 bytes]","args":[{"selector":{"id":"application-manageresources-display-component---newResourceUnit--newRRUPage-anchBar-application-manageresources-display-component---newResourceUnit--control-anchor","interaction":{"idSuffix":"BDI-content"}},"wdio_ui5_key":"applicationmanageresources-display-component---newResourceUnit--newRRUPage-anchBar-application-manageresources-display-component---newResourceUnit--control-anchor"}]}
RESULT: undefined
COMMAND: POST /session/7d4ef5db813d7a6cede0ad9a34edc09c/element - {"using":"xpath","value":"//*[@id=\"application-manageresources-display-component---newResourceUnit--newRRUPage-anchBar-application-manageresources-display-component---newResourceUnit--control-anchor\"]"}
RESULT: {"using":"xpath","value":"//*[@id=\"application-manageresources-display-component---newResourceUnit--newRRUPage-anchBar-application-manageresources-display-component---newResourceUnit--control-anchor\"]"}
COMMAND: POST /session/7d4ef5db813d7a6cede0ad9a34edc09c/element/f.A871513E4156B49FEA6A1325266FBBC5.d.67A87A60E4A0E0C6F869D5E26CAD0EAC.e.16671/click - {}
RESULT: {}
COMMAND: POST /session/7d4ef5db813d7a6cede0ad9a34edc09c/execute/async - {"script":"<script> [1562 bytes]","args":[{"selector":{"id":"application-manageresources-display-component---newResourceUnit--PLANNING_GROUP","interaction":{"idSuffix":"inner"}},"wdio_ui5_key":"applicationmanageresources-display-component---newResourceUnit--PLANNING_GROUP"}]}
COMMAND: GET /session/7d4ef5db813d7a6cede0ad9a34edc09c/screenshot - {}
RESULT: {"script":"<script> [1562 bytes]","args":[{"selector":{"id":"application-manageresources-display-component---newResourceUnit--PLANNING_GROUP","interaction":{"idSuffix":"inner"}},"wdio_ui5_key":"applicationmanageresources-display-component---newResourceUnit--PLANNING_GROUP"}]}
RESULT: undefined
COMMAND: POST /session/7d4ef5db813d7a6cede0ad9a34edc09c/execute/async - {"script":"<script> [776 bytes]","args":[{"enterText":"Material","selector":{"id":"application-manageresources-display-component---newResourceUnit--PLANNING_GROUP","interaction":{"idSuffix":"inner"}},"clearTextFirst":true,"interactionType":"ENTER_TEXT"}]}
RESULT: {}
RESULT: {"script":"<script> [776 bytes]","args":[{"enterText":"Material","selector":{"id":"application-manageresources-display-component---newResourceUnit--PLANNING_GROUP","interaction":{"idSuffix":"inner"}},"clearTextFirst":true,"interactionType":"ENTER_TEXT"}]}
COMMAND: POST /session/7d4ef5db813d7a6cede0ad9a34edc09c/execute/async - {"script":"<script> [1562 bytes]","args":[{"selector":{"id":"application-manageresources-display-component---newResourceUnit--PLANNING_INDICATOR","interaction":{"idSuffix":"inner"}},"wdio_ui5_key":"applicationmanageresources-display-component---newResourceUnit--PLANNING_INDICATOR"}]}
RESULT: {"script":"<script> [1562 bytes]","args":[{"selector":{"id":"application-manageresources-display-component---newResourceUnit--PLANNING_INDICATOR","interaction":{"idSuffix":"inner"}},"wdio_ui5_key":"applicationmanageresources-display-component---newResourceUnit--PLANNING_INDICATOR"}]}
RESULT: undefined
COMMAND: POST /session/7d4ef5db813d7a6cede0ad9a34edc09c/execute/async - {"script":"<script> [776 bytes]","args":[{"enterText":"10 - infinite","selector":{"id":"application-manageresources-display-component---newResourceUnit--PLANNING_INDICATOR","interaction":{"idSuffix":"inner"}},"clearTextFirst":true,"interactionType":"ENTER_TEXT"}]}
RESULT: {"script":"<script> [776 bytes]","args":[{"enterText":"10 - infinite","selector":{"id":"application-manageresources-display-component---newResourceUnit--PLANNING_INDICATOR","interaction":{"idSuffix":"inner"}},"clearTextFirst":true,"interactionType":"ENTER_TEXT"}]}
COMMAND: POST /session/7d4ef5db813d7a6cede0ad9a34edc09c/element - {"using":"css selector","value":"#application-manageresources-display-component---newResourceUnit--btnAddTimeSegment"}
RESULT: {"using":"css selector","value":"#application-manageresources-display-component---newResourceUnit--btnAddTimeSegment"}
COMMAND: GET /session/7d4ef5db813d7a6cede0ad9a34edc09c/element/f.A871513E4156B49FEA6A1325266FBBC5.d.67A87A60E4A0E0C6F869D5E26CAD0EAC.e.16681/rect - {}
RESULT: {}
COMMAND: GET /session/7d4ef5db813d7a6cede0ad9a34edc09c/window/rect - {}
RESULT: {}
COMMAND: POST /session/7d4ef5db813d7a6cede0ad9a34edc09c/execute/sync - {"script":"<script> [92 bytes]","args":[]}
RESULT: {"script":"<script> [92 bytes]","args":[]}
COMMAND: POST /session/7d4ef5db813d7a6cede0ad9a34edc09c/actions - {"actions":[{"id":"action55","type":"wheel","parameters":{},"actions":[{"type":"scroll","x":-1888,"y":-32,"deltaX":0,"deltaY":0,"duration":0,"origin":{"element-6066-11e4-a52e-4f735466cecf":"f.A871513E4156B49FEA6A1325266FBBC5.d.67A87A60E4A0E0C6F869D5E26CAD0EAC.e.16681"}}]}]}
COMMAND: GET /session/7d4ef5db813d7a6cede0ad9a34edc09c/screenshot - {}
RESULT: {}
COMMAND: POST /session/7d4ef5db813d7a6cede0ad9a34edc09c/execute/sync - {"script":"<script> [79 bytes]","args":[{"element-6066-11e4-a52e-4f735466cecf":"f.A871513E4156B49FEA6A1325266FBBC5.d.67A87A60E4A0E0C6F869D5E26CAD0EAC.e.16681","ELEMENT":"f.A871513E4156B49FEA6A1325266FBBC5.d.67A87A60E4A0E0C6F869D5E26CAD0EAC.e.16681"},{"block":"start","inline":"nearest"}]}
RESULT: {"script":"<script> [79 bytes]","args":[{"element-6066-11e4-a52e-4f735466cecf":"f.A871513E4156B49FEA6A1325266FBBC5.d.67A87A60E4A0E0C6F869D5E26CAD0EAC.e.16681","ELEMENT":"f.A871513E4156B49FEA6A1325266FBBC5.d.67A87A60E4A0E0C6F869D5E26CAD0EAC.e.16681"},{"block":"start","inline":"nearest"}]}
COMMAND: POST /session/7d4ef5db813d7a6cede0ad9a34edc09c/execute/async - {"script":"<script> [1562 bytes]","args":[{"selector":{"id":"application-manageresources-display-component---newResourceUnit--btnAddTimeSegment","interaction":{"idSuffix":"inner"}},"wdio_ui5_key":"applicationmanageresources-display-component---newResourceUnit--btnAddTimeSegment"}]}
COMMAND: GET /session/7d4ef5db813d7a6cede0ad9a34edc09c/screenshot - {}
RESULT: {"script":"<script> [1562 bytes]","args":[{"selector":{"id":"application-manageresources-display-component---newResourceUnit--btnAddTimeSegment","interaction":{"idSuffix":"inner"}},"wdio_ui5_key":"applicationmanageresources-display-component---newResourceUnit--btnAddTimeSegment"}]}
RESULT: undefined
COMMAND: POST /session/7d4ef5db813d7a6cede0ad9a34edc09c/element - {"using":"xpath","value":"//*[@id=\"application-manageresources-display-component---newResourceUnit--btnAddTimeSegment\"]"}
RESULT: {}
RESULT: {"using":"xpath","value":"//*[@id=\"application-manageresources-display-component---newResourceUnit--btnAddTimeSegment\"]"}
COMMAND: POST /session/7d4ef5db813d7a6cede0ad9a34edc09c/element/f.A871513E4156B49FEA6A1325266FBBC5.d.67A87A60E4A0E0C6F869D5E26CAD0EAC.e.16681/click - {}
RESULT: {}
COMMAND: GET /session/7d4ef5db813d7a6cede0ad9a34edc09c/screenshot - {}
RESULT: {}
COMMAND: POST /session/7d4ef5db813d7a6cede0ad9a34edc09c/element - {"using":"xpath","value":"//input[@id=\"application-manageresources-display-component---newResourceUnit--idRuTSAdmin-application-manageresources-display-component---newResourceUnit--RUTimeSegment-0-inner\"]"}
RESULT: {"using":"xpath","value":"//input[@id=\"application-manageresources-display-component---newResourceUnit--idRuTSAdmin-application-manageresources-display-component---newResourceUnit--RUTimeSegment-0-inner\"]"}
COMMAND: POST /session/7d4ef5db813d7a6cede0ad9a34edc09c/element/f.A871513E4156B49FEA6A1325266FBBC5.d.67A87A60E4A0E0C6F869D5E26CAD0EAC.e.16686/clear - {}
RESULT: {}
COMMAND: POST /session/7d4ef5db813d7a6cede0ad9a34edc09c/element/f.A871513E4156B49FEA6A1325266FBBC5.d.67A87A60E4A0E0C6F869D5E26CAD0EAC.e.16686/value - {"text":"637"}
COMMAND: GET /session/7d4ef5db813d7a6cede0ad9a34edc09c/screenshot - {}
RESULT: {"text":"637"}
COMMAND: GET /session/7d4ef5db813d7a6cede0ad9a34edc09c/screenshot - {}
RESULT: {}
RESULT: {}
COMMAND: POST /session/7d4ef5db813d7a6cede0ad9a34edc09c/element - {"using":"xpath","value":"//li[.//span[text()='637']]"}
RESULT: {"using":"xpath","value":"//li[.//span[text()='637']]"}
COMMAND: POST /session/7d4ef5db813d7a6cede0ad9a34edc09c/element/f.A871513E4156B49FEA6A1325266FBBC5.d.67A87A60E4A0E0C6F869D5E26CAD0EAC.e.16695/click - {}
RESULT: {}
COMMAND: GET /session/7d4ef5db813d7a6cede0ad9a34edc09c/screenshot - {}
RESULT: {}
COMMAND: POST /session/7d4ef5db813d7a6cede0ad9a34edc09c/element - {"using":"xpath","value":"(//span[contains(@id, \"-application-manageresources-display-component---newResourceUnit--RUTimeSegment-0-arrow\")])[2]"}
RESULT: {"using":"xpath","value":"(//span[contains(@id, \"-application-manageresources-display-component---newResourceUnit--RUTimeSegment-0-arrow\")])[2]"}
COMMAND: POST /session/7d4ef5db813d7a6cede0ad9a34edc09c/element/f.A871513E4156B49FEA6A1325266FBBC5.d.67A87A60E4A0E0C6F869D5E26CAD0EAC.e.16696/click - {}
RESULT: {}
COMMAND: POST /session/7d4ef5db813d7a6cede0ad9a34edc09c/element - {"using":"xpath","value":"//span[contains(text(), \"PM Order\")]"}
COMMAND: GET /session/7d4ef5db813d7a6cede0ad9a34edc09c/screenshot - {}
RESULT: {"using":"xpath","value":"//span[contains(text(), \"PM Order\")]"}
COMMAND: POST /session/7d4ef5db813d7a6cede0ad9a34edc09c/element/f.A871513E4156B49FEA6A1325266FBBC5.d.67A87A60E4A0E0C6F869D5E26CAD0EAC.e.16697/click - {}
RESULT: {}
RESULT: {}
COMMAND: GET /session/7d4ef5db813d7a6cede0ad9a34edc09c/screenshot - {}
RESULT: {}
COMMAND: POST /session/7d4ef5db813d7a6cede0ad9a34edc09c/element - {"using":"xpath","value":"//td/div/div/div/span[contains(@id, \"newResourceUnit--RUTimeSegment-0-vhi\")][1]"}
RESULT: {"using":"xpath","value":"//td/div/div/div/span[contains(@id, \"newResourceUnit--RUTimeSegment-0-vhi\")][1]"}
COMMAND: GET /session/7d4ef5db813d7a6cede0ad9a34edc09c/element/f.A871513E4156B49FEA6A1325266FBBC5.d.67A87A60E4A0E0C6F869D5E26CAD0EAC.e.16701/rect - {}
RESULT: {}
COMMAND: GET /session/7d4ef5db813d7a6cede0ad9a34edc09c/window/rect - {}
RESULT: {}
COMMAND: POST /session/7d4ef5db813d7a6cede0ad9a34edc09c/execute/sync - {"script":"<script> [92 bytes]","args":[]}
RESULT: {"script":"<script> [92 bytes]","args":[]}
COMMAND: POST /session/7d4ef5db813d7a6cede0ad9a34edc09c/actions - {"actions":[{"id":"action56","type":"wheel","parameters":{},"actions":[{"type":"scroll","x":-1888,"y":-24,"deltaX":0,"deltaY":0,"duration":0,"origin":{"element-6066-11e4-a52e-4f735466cecf":"f.A871513E4156B49FEA6A1325266FBBC5.d.67A87A60E4A0E0C6F869D5E26CAD0EAC.e.16701"}}]}]}
COMMAND: GET /session/7d4ef5db813d7a6cede0ad9a34edc09c/screenshot - {}
RESULT: {}
COMMAND: POST /session/7d4ef5db813d7a6cede0ad9a34edc09c/execute/sync - {"script":"<script> [79 bytes]","args":[{"element-6066-11e4-a52e-4f735466cecf":"f.A871513E4156B49FEA6A1325266FBBC5.d.67A87A60E4A0E0C6F869D5E26CAD0EAC.e.16701","ELEMENT":"f.A871513E4156B49FEA6A1325266FBBC5.d.67A87A60E4A0E0C6F869D5E26CAD0EAC.e.16701"},{"block":"start","inline":"nearest"}]}
RESULT: {"script":"<script> [79 bytes]","args":[{"element-6066-11e4-a52e-4f735466cecf":"f.A871513E4156B49FEA6A1325266FBBC5.d.67A87A60E4A0E0C6F869D5E26CAD0EAC.e.16701","ELEMENT":"f.A871513E4156B49FEA6A1325266FBBC5.d.67A87A60E4A0E0C6F869D5E26CAD0EAC.e.16701"},{"block":"start","inline":"nearest"}]}
COMMAND: GET /session/7d4ef5db813d7a6cede0ad9a34edc09c/screenshot - {}
RESULT: {}
COMMAND: POST /session/7d4ef5db813d7a6cede0ad9a34edc09c/element/f.A871513E4156B49FEA6A1325266FBBC5.d.67A87A60E4A0E0C6F869D5E26CAD0EAC.e.16701/click - {}
RESULT: {}
COMMAND: GET /session/7d4ef5db813d7a6cede0ad9a34edc09c/screenshot - {}
RESULT: {}
COMMAND: POST /session/7d4ef5db813d7a6cede0ad9a34edc09c/execute/async - {"script":"<script> [1562 bytes]","args":[{"selector":{"controlType":"sap.m.SearchField","properties":{"placeholder":"Search"},"searchOpenDialogs":true,"interaction":{"idSuffix":"I"}},"wdio_ui5_key":"sapm.SearchField{\"placeholder\":\"Search\"}"}]}
RESULT: {"script":"<script> [1562 bytes]","args":[{"selector":{"controlType":"sap.m.SearchField","properties":{"placeholder":"Search"},"searchOpenDialogs":true,"interaction":{"idSuffix":"I"}},"wdio_ui5_key":"sapm.SearchField{\"placeholder\":\"Search\"}"}]}
RESULT: undefined
COMMAND: POST /session/7d4ef5db813d7a6cede0ad9a34edc09c/execute/async - {"script":"<script> [776 bytes]","args":[{"enterText":"4000360","selector":{"controlType":"sap.m.SearchField","properties":{"placeholder":"Search"},"searchOpenDialogs":true,"interaction":{"idSuffix":"I"}},"clearTextFirst":true,"interactionType":"ENTER_TEXT"}]}
RESULT: {"script":"<script> [776 bytes]","args":[{"enterText":"4000360","selector":{"controlType":"sap.m.SearchField","properties":{"placeholder":"Search"},"searchOpenDialogs":true,"interaction":{"idSuffix":"I"}},"clearTextFirst":true,"interactionType":"ENTER_TEXT"}]}
COMMAND: POST /session/7d4ef5db813d7a6cede0ad9a34edc09c/actions - {"actions":[{"id":"action57","type":"key","parameters":{},"actions":[{"type":"keyDown","value":""},{"type":"pause","duration":10},{"type":"keyUp","value":""}]}]}
RESULT: {"actions":[{"id":"action57","type":"key","parameters":{},"actions":[{"type":"keyDown","value":""},{"type":"pause","duration":10},{"type":"keyUp","value":""}]}]}
COMMAND: GET /session/7d4ef5db813d7a6cede0ad9a34edc09c/screenshot - {}
RESULT: {}
COMMAND: POST /session/7d4ef5db813d7a6cede0ad9a34edc09c/element - {"using":"xpath","value":"//td/div/span[contains(text(), \"BGL Vehicles\")]"}
RESULT: {"using":"xpath","value":"//td/div/span[contains(text(), \"BGL Vehicles\")]"}
COMMAND: POST /session/7d4ef5db813d7a6cede0ad9a34edc09c/element/f.A871513E4156B49FEA6A1325266FBBC5.d.67A87A60E4A0E0C6F869D5E26CAD0EAC.e.16722/click - {}
RESULT: {}
COMMAND: GET /session/7d4ef5db813d7a6cede0ad9a34edc09c/screenshot - {}
RESULT: {}
COMMAND: POST /session/7d4ef5db813d7a6cede0ad9a34edc09c/element - {"using":"xpath","value":"//bdi[contains(text(), \"OK\")]"}
RESULT: {"using":"xpath","value":"//bdi[contains(text(), \"OK\")]"}
COMMAND: POST /session/7d4ef5db813d7a6cede0ad9a34edc09c/element/f.A871513E4156B49FEA6A1325266FBBC5.d.67A87A60E4A0E0C6F869D5E26CAD0EAC.e.16723/click - {}
RESULT: {}
COMMAND: GET /session/7d4ef5db813d7a6cede0ad9a34edc09c/screenshot - {}
RESULT: {}
COMMAND: POST /session/7d4ef5db813d7a6cede0ad9a34edc09c/element - {"using":"xpath","value":"//label[contains(@class, 'sapMLabelRequired') and .//bdi[contains(text(), 'Planned Retirement')]]"}
RESULT: {"using":"xpath","value":"//label[contains(@class, 'sapMLabelRequired') and .//bdi[contains(text(), 'Planned Retirement')]]"}
COMMAND: POST /session/7d4ef5db813d7a6cede0ad9a34edc09c/elements - {"using":"xpath","value":"//label[contains(@class, 'sapMLabelRequired') and .//bdi[contains(text(), 'Planned Retirement')]]"}
RESULT: {"using":"xpath","value":"//label[contains(@class, 'sapMLabelRequired') and .//bdi[contains(text(), 'Planned Retirement')]]"}
COMMAND: POST /session/7d4ef5db813d7a6cede0ad9a34edc09c/element - {"using":"xpath","value":"//button[@data-kt=\"resourceUnitSaveButton\"]"}
RESULT: {"using":"xpath","value":"//button[@data-kt=\"resourceUnitSaveButton\"]"}
COMMAND: POST /session/7d4ef5db813d7a6cede0ad9a34edc09c/element/f.A871513E4156B49FEA6A1325266FBBC5.d.67A87A60E4A0E0C6F869D5E26CAD0EAC.e.16623/click - {}
RESULT: {}
COMMAND: GET /session/7d4ef5db813d7a6cede0ad9a34edc09c/screenshot - {}
RESULT: {}
COMMAND: POST /session/7d4ef5db813d7a6cede0ad9a34edc09c/element - {"using":"xpath","value":"//bdi[contains(text(), \"Close\")]"}
RESULT: {"using":"xpath","value":"//bdi[contains(text(), \"Close\")]"}
COMMAND: POST /session/7d4ef5db813d7a6cede0ad9a34edc09c/element/f.A871513E4156B49FEA6A1325266FBBC5.d.67A87A60E4A0E0C6F869D5E26CAD0EAC.e.16730/click - {}
RESULT: {}
COMMAND: GET /session/7d4ef5db813d7a6cede0ad9a34edc09c/screenshot - {}
RESULT: {}
COMMAND: POST /session/7d4ef5db813d7a6cede0ad9a34edc09c/element - {"using":"xpath","value":"//header[contains(@id, 'detailRruPage-headerTitle')]/div[1]/div[2]/div[2]/span[1]"}
RESULT: {"using":"xpath","value":"//header[contains(@id, 'detailRruPage-headerTitle')]/div[1]/div[2]/div[2]/span[1]"}
COMMAND: POST /session/7d4ef5db813d7a6cede0ad9a34edc09c/elements - {"using":"xpath","value":"//header[contains(@id, 'detailRruPage-headerTitle')]/div[1]/div[2]/div[2]/span[1]"}
RESULT: {"using":"xpath","value":"//header[contains(@id, 'detailRruPage-headerTitle')]/div[1]/div[2]/div[2]/span[1]"}
COMMAND: POST /session/7d4ef5db813d7a6cede0ad9a34edc09c/execute/sync - {"script":"<script> [56 bytes]","args":[{"element-6066-11e4-a52e-4f735466cecf":"f.A871513E4156B49FEA6A1325266FBBC5.d.67A87A60E4A0E0C6F869D5E26CAD0EAC.e.16765","ELEMENT":"f.A871513E4156B49FEA6A1325266FBBC5.d.67A87A60E4A0E0C6F869D5E26CAD0EAC.e.16765"}]}
RESULT: {"script":"<script> [56 bytes]","args":[{"element-6066-11e4-a52e-4f735466cecf":"f.A871513E4156B49FEA6A1325266FBBC5.d.67A87A60E4A0E0C6F869D5E26CAD0EAC.e.16765","ELEMENT":"f.A871513E4156B49FEA6A1325266FBBC5.d.67A87A60E4A0E0C6F869D5E26CAD0EAC.e.16765"}]}
COMMAND: POST /session/7d4ef5db813d7a6cede0ad9a34edc09c/element - {"using":"css selector","value":"#shell-header-logo"}
COMMAND: GET /session/7d4ef5db813d7a6cede0ad9a34edc09c/screenshot - {}
RESULT: {"using":"css selector","value":"#shell-header-logo"}
COMMAND: POST /session/7d4ef5db813d7a6cede0ad9a34edc09c/element/f.A871513E4156B49FEA6A1325266FBBC5.d.67A87A60E4A0E0C6F869D5E26CAD0EAC.e.16099/click - {}
RESULT: {}
RESULT: {}
COMMAND: GET /session/7d4ef5db813d7a6cede0ad9a34edc09c/screenshot - {}
RESULT: {}
]]></system-out>
    </testcase>
  </testsuite>
  <testsuite timestamp="2025-05-21T17:08:41" time="333.103" tests="6" failures="1" errors="1" skipped="0">
    <properties>
      <property name="specId" value="0"/>
      <property name="suiteName" value="Provide to Site w/o warehouse management w/o clarification"/>
      <property name="capabilities" value="chrome.136_0_7103_93.windows"/>
      <property name="file" value="file:///D:/a/1/s/test/specs/HTR/provide-to-site-wo-warehouse-wo-clarification.spec.js"/>
    </properties>
    <testcase classname="chrome.136_0_7103_93.windows.Provide_to_Site_w/o_warehouse_management_w/o_clarification" name="Should do a stock increase handover" time="87.826">
      <system-out><![CDATA[
COMMAND: POST /session/7d4ef5db813d7a6cede0ad9a34edc09c/execute/async - {"script":"<script> [1562 bytes]","args":[{"selector":{"controlType":"sap.m.GenericTile","properties":{"header":"Manage Handovers"}},"wdio_ui5_key":"sapm.GenericTile{\"header\":\"Manage Handovers\"}"}]}
RESULT: {"script":"<script> [1562 bytes]","args":[{"selector":{"controlType":"sap.m.GenericTile","properties":{"header":"Manage Handovers"}},"wdio_ui5_key":"sapm.GenericTile{\"header\":\"Manage Handovers\"}"}]}
RESULT: undefined
COMMAND: POST /session/7d4ef5db813d7a6cede0ad9a34edc09c/element - {"using":"xpath","value":"//*[@id=\"__tile130\"]"}
RESULT: {"using":"xpath","value":"//*[@id=\"__tile130\"]"}
COMMAND: POST /session/7d4ef5db813d7a6cede0ad9a34edc09c/element/f.A871513E4156B49FEA6A1325266FBBC5.d.67A87A60E4A0E0C6F869D5E26CAD0EAC.e.16142/click - {}
RESULT: {}
COMMAND: GET /session/7d4ef5db813d7a6cede0ad9a34edc09c/screenshot - {}
RESULT: {}
COMMAND: POST /session/7d4ef5db813d7a6cede0ad9a34edc09c/elements - {"using":"xpath","value":"//span[text()='Error']"}
RESULT: {"using":"xpath","value":"//span[text()='Error']"}
COMMAND: POST /session/7d4ef5db813d7a6cede0ad9a34edc09c/element - {"using":"xpath","value":"//button[@data-kt=\"masterHOAddButton\"]"}
RESULT: {"using":"xpath","value":"//button[@data-kt=\"masterHOAddButton\"]"}
COMMAND: POST /session/7d4ef5db813d7a6cede0ad9a34edc09c/elements - {"using":"xpath","value":"//button[@data-kt=\"masterHOAddButton\"]"}
RESULT: {"using":"xpath","value":"//button[@data-kt=\"masterHOAddButton\"]"}
COMMAND: POST /session/7d4ef5db813d7a6cede0ad9a34edc09c/execute/sync - {"script":"<script> [8489 bytes]","args":[{"element-6066-11e4-a52e-4f735466cecf":"f.A871513E4156B49FEA6A1325266FBBC5.d.67A87A60E4A0E0C6F869D5E26CAD0EAC.e.16803","ELEMENT":"f.A871513E4156B49FEA6A1325266FBBC5.d.67A87A60E4A0E0C6F869D5E26CAD0EAC.e.16803"}]}
RESULT: {"script":"<script> [8489 bytes]","args":[{"element-6066-11e4-a52e-4f735466cecf":"f.A871513E4156B49FEA6A1325266FBBC5.d.67A87A60E4A0E0C6F869D5E26CAD0EAC.e.16803","ELEMENT":"f.A871513E4156B49FEA6A1325266FBBC5.d.67A87A60E4A0E0C6F869D5E26CAD0EAC.e.16803"}]}
COMMAND: GET /session/7d4ef5db813d7a6cede0ad9a34edc09c/element/f.A871513E4156B49FEA6A1325266FBBC5.d.67A87A60E4A0E0C6F869D5E26CAD0EAC.e.16803/enabled - {}
COMMAND: GET /session/7d4ef5db813d7a6cede0ad9a34edc09c/screenshot - {}
RESULT: {}
COMMAND: POST /session/7d4ef5db813d7a6cede0ad9a34edc09c/execute/sync - {"script":"<script> [8489 bytes]","args":[{"element-6066-11e4-a52e-4f735466cecf":"f.A871513E4156B49FEA6A1325266FBBC5.d.67A87A60E4A0E0C6F869D5E26CAD0EAC.e.16803","ELEMENT":"f.A871513E4156B49FEA6A1325266FBBC5.d.67A87A60E4A0E0C6F869D5E26CAD0EAC.e.16803"}]}
COMMAND: GET /session/7d4ef5db813d7a6cede0ad9a34edc09c/screenshot - {}
RESULT: {}
RESULT: {"script":"<script> [8489 bytes]","args":[{"element-6066-11e4-a52e-4f735466cecf":"f.A871513E4156B49FEA6A1325266FBBC5.d.67A87A60E4A0E0C6F869D5E26CAD0EAC.e.16803","ELEMENT":"f.A871513E4156B49FEA6A1325266FBBC5.d.67A87A60E4A0E0C6F869D5E26CAD0EAC.e.16803"}]}
COMMAND: POST /session/7d4ef5db813d7a6cede0ad9a34edc09c/execute/sync - {"script":"<script> [5351 bytes]","args":[{"element-6066-11e4-a52e-4f735466cecf":"f.A871513E4156B49FEA6A1325266FBBC5.d.67A87A60E4A0E0C6F869D5E26CAD0EAC.e.16803","ELEMENT":"f.A871513E4156B49FEA6A1325266FBBC5.d.67A87A60E4A0E0C6F869D5E26CAD0EAC.e.16803"}]}
COMMAND: GET /session/7d4ef5db813d7a6cede0ad9a34edc09c/screenshot - {}
RESULT: {}
RESULT: {"script":"<script> [5351 bytes]","args":[{"element-6066-11e4-a52e-4f735466cecf":"f.A871513E4156B49FEA6A1325266FBBC5.d.67A87A60E4A0E0C6F869D5E26CAD0EAC.e.16803","ELEMENT":"f.A871513E4156B49FEA6A1325266FBBC5.d.67A87A60E4A0E0C6F869D5E26CAD0EAC.e.16803"}]}
COMMAND: POST /session/7d4ef5db813d7a6cede0ad9a34edc09c/element/f.A871513E4156B49FEA6A1325266FBBC5.d.67A87A60E4A0E0C6F869D5E26CAD0EAC.e.16803/click - {}
COMMAND: GET /session/7d4ef5db813d7a6cede0ad9a34edc09c/screenshot - {}
RESULT: {}
RESULT: {}
COMMAND: GET /session/7d4ef5db813d7a6cede0ad9a34edc09c/screenshot - {}
COMMAND: POST /session/7d4ef5db813d7a6cede0ad9a34edc09c/element - {"using":"xpath","value":"//span[contains(@id ,\"AddNewHO--typeSelect-arrow\")]"}
RESULT: {}
RESULT: {}
RESULT: {"using":"xpath","value":"//span[contains(@id ,\"AddNewHO--typeSelect-arrow\")]"}
COMMAND: POST /session/7d4ef5db813d7a6cede0ad9a34edc09c/element/f.A871513E4156B49FEA6A1325266FBBC5.d.67A87A60E4A0E0C6F869D5E26CAD0EAC.e.17142/click - {}
RESULT: {}
COMMAND: GET /session/7d4ef5db813d7a6cede0ad9a34edc09c/screenshot - {}
RESULT: {}
COMMAND: POST /session/7d4ef5db813d7a6cede0ad9a34edc09c/element - {"using":"xpath","value":"(//li[contains(text(), \"stock increase yard\")])[1]"}
RESULT: {"using":"xpath","value":"(//li[contains(text(), \"stock increase yard\")])[1]"}
COMMAND: POST /session/7d4ef5db813d7a6cede0ad9a34edc09c/element/f.A871513E4156B49FEA6A1325266FBBC5.d.67A87A60E4A0E0C6F869D5E26CAD0EAC.e.17143/click - {}
RESULT: {}
COMMAND: GET /session/7d4ef5db813d7a6cede0ad9a34edc09c/screenshot - {}
RESULT: {}
COMMAND: POST /session/7d4ef5db813d7a6cede0ad9a34edc09c/execute/async - {"script":"<script> [1562 bytes]","args":[{"selector":{"id":"application-managehandovers-display-component---AddNewHO--dueDate","interaction":{"idSuffix":"inner"}},"wdio_ui5_key":"applicationmanagehandovers-display-component---AddNewHO--dueDate"}]}
RESULT: {"script":"<script> [1562 bytes]","args":[{"selector":{"id":"application-managehandovers-display-component---AddNewHO--dueDate","interaction":{"idSuffix":"inner"}},"wdio_ui5_key":"applicationmanagehandovers-display-component---AddNewHO--dueDate"}]}
RESULT: undefined
COMMAND: POST /session/7d4ef5db813d7a6cede0ad9a34edc09c/execute/async - {"script":"<script> [6424 bytes]","args":[{"element-6066-11e4-a52e-4f735466cecf":"f.A871513E4156B49FEA6A1325266FBBC5.d.67A87A60E4A0E0C6F869D5E26CAD0EAC.e.17145"},"setValue",["5/21/25"]]}
RESULT: {"script":"<script> [6424 bytes]","args":[{"element-6066-11e4-a52e-4f735466cecf":"f.A871513E4156B49FEA6A1325266FBBC5.d.67A87A60E4A0E0C6F869D5E26CAD0EAC.e.17145"},"setValue",["5/21/25"]]}
COMMAND: POST /session/7d4ef5db813d7a6cede0ad9a34edc09c/element - {"using":"xpath","value":"//input[@id=\"generalSectionFrg--receiveYard-inner\"]"}
RESULT: {"using":"xpath","value":"//input[@id=\"generalSectionFrg--receiveYard-inner\"]"}
COMMAND: POST /session/7d4ef5db813d7a6cede0ad9a34edc09c/element/f.A871513E4156B49FEA6A1325266FBBC5.d.67A87A60E4A0E0C6F869D5E26CAD0EAC.e.17149/clear - {}
RESULT: {}
COMMAND: POST /session/7d4ef5db813d7a6cede0ad9a34edc09c/element/f.A871513E4156B49FEA6A1325266FBBC5.d.67A87A60E4A0E0C6F869D5E26CAD0EAC.e.17149/value - {"text":"637"}
COMMAND: GET /session/7d4ef5db813d7a6cede0ad9a34edc09c/screenshot - {}
RESULT: {"text":"637"}
COMMAND: GET /session/7d4ef5db813d7a6cede0ad9a34edc09c/screenshot - {}
RESULT: {}
RESULT: {}
COMMAND: POST /session/7d4ef5db813d7a6cede0ad9a34edc09c/element - {"using":"xpath","value":"//li[.//span[text()='637']]"}
RESULT: {"using":"xpath","value":"//li[.//span[text()='637']]"}
COMMAND: POST /session/7d4ef5db813d7a6cede0ad9a34edc09c/element/f.A871513E4156B49FEA6A1325266FBBC5.d.67A87A60E4A0E0C6F869D5E26CAD0EAC.e.17167/click - {}
RESULT: {}
COMMAND: GET /session/7d4ef5db813d7a6cede0ad9a34edc09c/screenshot - {}
RESULT: {}
COMMAND: POST /session/7d4ef5db813d7a6cede0ad9a34edc09c/execute/async - {"script":"<script> [1562 bytes]","args":[{"selector":{"id":"application-managehandovers-display-component---AddNewHO--ObjectPageLayout-anchBar-application-managehandovers-display-component---AddNewHO--section4-anchor","interaction":{"idSuffix":"BDI-content"}},"wdio_ui5_key":"applicationmanagehandovers-display-component---AddNewHO--ObjectPageLayout-anchBar-application-managehandovers-display-component---AddNewHO--section4-anchor"}]}
RESULT: {"script":"<script> [1562 bytes]","args":[{"selector":{"id":"application-managehandovers-display-component---AddNewHO--ObjectPageLayout-anchBar-application-managehandovers-display-component---AddNewHO--section4-anchor","interaction":{"idSuffix":"BDI-content"}},"wdio_ui5_key":"applicationmanagehandovers-display-component---AddNewHO--ObjectPageLayout-anchBar-application-managehandovers-display-component---AddNewHO--section4-anchor"}]}
RESULT: undefined
COMMAND: POST /session/7d4ef5db813d7a6cede0ad9a34edc09c/element - {"using":"xpath","value":"//*[@id=\"application-managehandovers-display-component---AddNewHO--ObjectPageLayout-anchBar-application-managehandovers-display-component---AddNewHO--section4-anchor\"]"}
RESULT: {"using":"xpath","value":"//*[@id=\"application-managehandovers-display-component---AddNewHO--ObjectPageLayout-anchBar-application-managehandovers-display-component---AddNewHO--section4-anchor\"]"}
COMMAND: POST /session/7d4ef5db813d7a6cede0ad9a34edc09c/element/f.A871513E4156B49FEA6A1325266FBBC5.d.67A87A60E4A0E0C6F869D5E26CAD0EAC.e.17169/click - {}
RESULT: {}
COMMAND: POST /session/7d4ef5db813d7a6cede0ad9a34edc09c/element - {"using":"xpath","value":"//button[@aria-label=\"Add\"]"}
COMMAND: GET /session/7d4ef5db813d7a6cede0ad9a34edc09c/screenshot - {}
RESULT: {"using":"xpath","value":"//button[@aria-label=\"Add\"]"}
COMMAND: POST /session/7d4ef5db813d7a6cede0ad9a34edc09c/element/f.A871513E4156B49FEA6A1325266FBBC5.d.67A87A60E4A0E0C6F869D5E26CAD0EAC.e.17171/click - {}
RESULT: {}
RESULT: {}
COMMAND: GET /session/7d4ef5db813d7a6cede0ad9a34edc09c/screenshot - {}
RESULT: {}
COMMAND: POST /session/7d4ef5db813d7a6cede0ad9a34edc09c/execute/async - {"script":"<script> [1562 bytes]","args":[{"selector":{"id":"application-managehandovers-display-component---AddNewHO--smartFilterBar-btnBasicSearch","searchOpenDialogs":true,"interaction":{"idSuffix":"I"}},"wdio_ui5_key":"applicationmanagehandovers-display-component---AddNewHO--smartFilterBar-btnBasicSearch"}]}
RESULT: {"script":"<script> [1562 bytes]","args":[{"selector":{"id":"application-managehandovers-display-component---AddNewHO--smartFilterBar-btnBasicSearch","searchOpenDialogs":true,"interaction":{"idSuffix":"I"}},"wdio_ui5_key":"applicationmanagehandovers-display-component---AddNewHO--smartFilterBar-btnBasicSearch"}]}
RESULT: undefined
COMMAND: POST /session/7d4ef5db813d7a6cede0ad9a34edc09c/execute/async - {"script":"<script> [776 bytes]","args":[{"enterText":"200385","selector":{"id":"application-managehandovers-display-component---AddNewHO--smartFilterBar-btnBasicSearch","searchOpenDialogs":true,"interaction":{"idSuffix":"I"}},"clearTextFirst":true,"interactionType":"ENTER_TEXT"}]}
RESULT: {"script":"<script> [776 bytes]","args":[{"enterText":"200385","selector":{"id":"application-managehandovers-display-component---AddNewHO--smartFilterBar-btnBasicSearch","searchOpenDialogs":true,"interaction":{"idSuffix":"I"}},"clearTextFirst":true,"interactionType":"ENTER_TEXT"}]}
COMMAND: POST /session/7d4ef5db813d7a6cede0ad9a34edc09c/actions - {"actions":[{"id":"action58","type":"key","parameters":{},"actions":[{"type":"keyDown","value":""},{"type":"pause","duration":10},{"type":"keyUp","value":""}]}]}
RESULT: {"actions":[{"id":"action58","type":"key","parameters":{},"actions":[{"type":"keyDown","value":""},{"type":"pause","duration":10},{"type":"keyUp","value":""}]}]}
COMMAND: GET /session/7d4ef5db813d7a6cede0ad9a34edc09c/screenshot - {}
RESULT: {}
COMMAND: POST /session/7d4ef5db813d7a6cede0ad9a34edc09c/execute/async - {"script":"<script> [1562 bytes]","args":[{"selector":{"id":"application-managehandovers-display-component---AddNewHO--popup-sa","searchOpenDialogs":true,"interaction":{"idSuffix":"CbBg"}},"wdio_ui5_key":"applicationmanagehandovers-display-component---AddNewHO--popup-sa"}]}
RESULT: {"script":"<script> [1562 bytes]","args":[{"selector":{"id":"application-managehandovers-display-component---AddNewHO--popup-sa","searchOpenDialogs":true,"interaction":{"idSuffix":"CbBg"}},"wdio_ui5_key":"applicationmanagehandovers-display-component---AddNewHO--popup-sa"}]}
RESULT: undefined
COMMAND: POST /session/7d4ef5db813d7a6cede0ad9a34edc09c/element - {"using":"xpath","value":"//*[@id=\"application-managehandovers-display-component---AddNewHO--popup-sa\"]"}
RESULT: {"using":"xpath","value":"//*[@id=\"application-managehandovers-display-component---AddNewHO--popup-sa\"]"}
COMMAND: POST /session/7d4ef5db813d7a6cede0ad9a34edc09c/element/f.A871513E4156B49FEA6A1325266FBBC5.d.67A87A60E4A0E0C6F869D5E26CAD0EAC.e.17324/click - {}
RESULT: {}
COMMAND: GET /session/7d4ef5db813d7a6cede0ad9a34edc09c/screenshot - {}
RESULT: {}
COMMAND: POST /session/7d4ef5db813d7a6cede0ad9a34edc09c/element - {"using":"xpath","value":"//bdi[contains(text(), \"Select\")]"}
RESULT: {"using":"xpath","value":"//bdi[contains(text(), \"Select\")]"}
COMMAND: POST /session/7d4ef5db813d7a6cede0ad9a34edc09c/element/f.A871513E4156B49FEA6A1325266FBBC5.d.67A87A60E4A0E0C6F869D5E26CAD0EAC.e.17325/click - {}
RESULT: {}
COMMAND: GET /session/7d4ef5db813d7a6cede0ad9a34edc09c/screenshot - {}
RESULT: {}
COMMAND: POST /session/7d4ef5db813d7a6cede0ad9a34edc09c/element - {"using":"xpath","value":"//button[@data-kt=\"AddNewHOSaveButton\"]"}
RESULT: {"using":"xpath","value":"//button[@data-kt=\"AddNewHOSaveButton\"]"}
COMMAND: POST /session/7d4ef5db813d7a6cede0ad9a34edc09c/element/f.A871513E4156B49FEA6A1325266FBBC5.d.67A87A60E4A0E0C6F869D5E26CAD0EAC.e.17329/click - {}
RESULT: {}
COMMAND: GET /session/7d4ef5db813d7a6cede0ad9a34edc09c/screenshot - {}
RESULT: {}
COMMAND: POST /session/7d4ef5db813d7a6cede0ad9a34edc09c/execute/async - {"script":"<script> [1562 bytes]","args":[{"selector":{"id":"receiptDatePicker","viewName":"etm.portal.ui.managehandovers.view.DetailExecuteHO","interaction":{"idSuffix":"inner"}},"wdio_ui5_key":"receiptDatePickeretmportal.ui.managehandovers.view.DetailExecuteHO"}]}
RESULT: {"script":"<script> [1562 bytes]","args":[{"selector":{"id":"receiptDatePicker","viewName":"etm.portal.ui.managehandovers.view.DetailExecuteHO","interaction":{"idSuffix":"inner"}},"wdio_ui5_key":"receiptDatePickeretmportal.ui.managehandovers.view.DetailExecuteHO"}]}
RESULT: undefined
COMMAND: POST /session/7d4ef5db813d7a6cede0ad9a34edc09c/execute/async - {"script":"<script> [6424 bytes]","args":[{"element-6066-11e4-a52e-4f735466cecf":"f.A871513E4156B49FEA6A1325266FBBC5.d.67A87A60E4A0E0C6F869D5E26CAD0EAC.e.17349"},"setValue",["5/21/25"]]}
RESULT: {"script":"<script> [6424 bytes]","args":[{"element-6066-11e4-a52e-4f735466cecf":"f.A871513E4156B49FEA6A1325266FBBC5.d.67A87A60E4A0E0C6F869D5E26CAD0EAC.e.17349"},"setValue",["5/21/25"]]}
COMMAND: POST /session/7d4ef5db813d7a6cede0ad9a34edc09c/element - {"using":"xpath","value":"//button[@data-kt=\"PickingTableConfirmAllButton\"]"}
RESULT: {"using":"xpath","value":"//button[@data-kt=\"PickingTableConfirmAllButton\"]"}
COMMAND: POST /session/7d4ef5db813d7a6cede0ad9a34edc09c/element/f.A871513E4156B49FEA6A1325266FBBC5.d.67A87A60E4A0E0C6F869D5E26CAD0EAC.e.17363/click - {}
RESULT: {}
COMMAND: GET /session/7d4ef5db813d7a6cede0ad9a34edc09c/screenshot - {}
RESULT: {}
COMMAND: POST /session/7d4ef5db813d7a6cede0ad9a34edc09c/element - {"using":"xpath","value":"//bdi[contains(text(), \"OK\")]"}
RESULT: {"using":"xpath","value":"//bdi[contains(text(), \"OK\")]"}
COMMAND: POST /session/7d4ef5db813d7a6cede0ad9a34edc09c/element/f.A871513E4156B49FEA6A1325266FBBC5.d.67A87A60E4A0E0C6F869D5E26CAD0EAC.e.17365/click - {}
RESULT: {}
COMMAND: GET /session/7d4ef5db813d7a6cede0ad9a34edc09c/screenshot - {}
RESULT: {}
COMMAND: POST /session/7d4ef5db813d7a6cede0ad9a34edc09c/element - {"using":"xpath","value":"(//bdi[contains(text(), \"Receive\")])[2]"}
RESULT: {"using":"xpath","value":"(//bdi[contains(text(), \"Receive\")])[2]"}
COMMAND: POST /session/7d4ef5db813d7a6cede0ad9a34edc09c/element/f.A871513E4156B49FEA6A1325266FBBC5.d.67A87A60E4A0E0C6F869D5E26CAD0EAC.e.17367/click - {}
RESULT: {}
COMMAND: GET /session/7d4ef5db813d7a6cede0ad9a34edc09c/screenshot - {}
RESULT: {}
COMMAND: POST /session/7d4ef5db813d7a6cede0ad9a34edc09c/element - {"using":"css selector","value":"#shell-header-logo"}
RESULT: {"using":"css selector","value":"#shell-header-logo"}
COMMAND: POST /session/7d4ef5db813d7a6cede0ad9a34edc09c/element/f.A871513E4156B49FEA6A1325266FBBC5.d.67A87A60E4A0E0C6F869D5E26CAD0EAC.e.16768/click - {}
RESULT: {}
COMMAND: GET /session/7d4ef5db813d7a6cede0ad9a34edc09c/screenshot - {}
RESULT: {}
]]></system-out>
    </testcase>
    <testcase classname="chrome.136_0_7103_93.windows.Provide_to_Site_w/o_warehouse_management_w/o_clarification" name="Should create a new contract" time="67.984">
      <system-out><![CDATA[
COMMAND: POST /session/7d4ef5db813d7a6cede0ad9a34edc09c/execute/async - {"script":"<script> [1562 bytes]","args":[{"selector":{"controlType":"sap.m.GenericTile","properties":{"header":"Manage Contracts"}},"wdio_ui5_key":"sapm.GenericTile{\"header\":\"Manage Contracts\"}"}]}
RESULT: {"script":"<script> [1562 bytes]","args":[{"selector":{"controlType":"sap.m.GenericTile","properties":{"header":"Manage Contracts"}},"wdio_ui5_key":"sapm.GenericTile{\"header\":\"Manage Contracts\"}"}]}
RESULT: undefined
COMMAND: POST /session/7d4ef5db813d7a6cede0ad9a34edc09c/element - {"using":"xpath","value":"//*[@id=\"__tile131\"]"}
RESULT: {"using":"xpath","value":"//*[@id=\"__tile131\"]"}
COMMAND: POST /session/7d4ef5db813d7a6cede0ad9a34edc09c/element/f.A871513E4156B49FEA6A1325266FBBC5.d.67A87A60E4A0E0C6F869D5E26CAD0EAC.e.16131/click - {}
RESULT: {}
COMMAND: GET /session/7d4ef5db813d7a6cede0ad9a34edc09c/screenshot - {}
RESULT: {}
COMMAND: POST /session/7d4ef5db813d7a6cede0ad9a34edc09c/elements - {"using":"xpath","value":"//span[text()='Error']"}
RESULT: {"using":"xpath","value":"//span[text()='Error']"}
COMMAND: POST /session/7d4ef5db813d7a6cede0ad9a34edc09c/element - {"using":"xpath","value":"//button[@data-kt=\"addButton\"]"}
RESULT: {"using":"xpath","value":"//button[@data-kt=\"addButton\"]"}
COMMAND: POST /session/7d4ef5db813d7a6cede0ad9a34edc09c/elements - {"using":"xpath","value":"//button[@data-kt=\"addButton\"]"}
RESULT: {"using":"xpath","value":"//button[@data-kt=\"addButton\"]"}
COMMAND: POST /session/7d4ef5db813d7a6cede0ad9a34edc09c/execute/sync - {"script":"<script> [8489 bytes]","args":[{"element-6066-11e4-a52e-4f735466cecf":"f.A871513E4156B49FEA6A1325266FBBC5.d.67A87A60E4A0E0C6F869D5E26CAD0EAC.e.17583","ELEMENT":"f.A871513E4156B49FEA6A1325266FBBC5.d.67A87A60E4A0E0C6F869D5E26CAD0EAC.e.17583"}]}
RESULT: {"script":"<script> [8489 bytes]","args":[{"element-6066-11e4-a52e-4f735466cecf":"f.A871513E4156B49FEA6A1325266FBBC5.d.67A87A60E4A0E0C6F869D5E26CAD0EAC.e.17583","ELEMENT":"f.A871513E4156B49FEA6A1325266FBBC5.d.67A87A60E4A0E0C6F869D5E26CAD0EAC.e.17583"}]}
COMMAND: GET /session/7d4ef5db813d7a6cede0ad9a34edc09c/element/f.A871513E4156B49FEA6A1325266FBBC5.d.67A87A60E4A0E0C6F869D5E26CAD0EAC.e.17583/enabled - {}
COMMAND: GET /session/7d4ef5db813d7a6cede0ad9a34edc09c/screenshot - {}
RESULT: {}
COMMAND: POST /session/7d4ef5db813d7a6cede0ad9a34edc09c/execute/sync - {"script":"<script> [8489 bytes]","args":[{"element-6066-11e4-a52e-4f735466cecf":"f.A871513E4156B49FEA6A1325266FBBC5.d.67A87A60E4A0E0C6F869D5E26CAD0EAC.e.17583","ELEMENT":"f.A871513E4156B49FEA6A1325266FBBC5.d.67A87A60E4A0E0C6F869D5E26CAD0EAC.e.17583"}]}
COMMAND: GET /session/7d4ef5db813d7a6cede0ad9a34edc09c/screenshot - {}
RESULT: {}
RESULT: {"script":"<script> [8489 bytes]","args":[{"element-6066-11e4-a52e-4f735466cecf":"f.A871513E4156B49FEA6A1325266FBBC5.d.67A87A60E4A0E0C6F869D5E26CAD0EAC.e.17583","ELEMENT":"f.A871513E4156B49FEA6A1325266FBBC5.d.67A87A60E4A0E0C6F869D5E26CAD0EAC.e.17583"}]}
COMMAND: POST /session/7d4ef5db813d7a6cede0ad9a34edc09c/execute/sync - {"script":"<script> [5351 bytes]","args":[{"element-6066-11e4-a52e-4f735466cecf":"f.A871513E4156B49FEA6A1325266FBBC5.d.67A87A60E4A0E0C6F869D5E26CAD0EAC.e.17583","ELEMENT":"f.A871513E4156B49FEA6A1325266FBBC5.d.67A87A60E4A0E0C6F869D5E26CAD0EAC.e.17583"}]}
COMMAND: GET /session/7d4ef5db813d7a6cede0ad9a34edc09c/screenshot - {}
RESULT: {}
RESULT: {}
RESULT: {"script":"<script> [5351 bytes]","args":[{"element-6066-11e4-a52e-4f735466cecf":"f.A871513E4156B49FEA6A1325266FBBC5.d.67A87A60E4A0E0C6F869D5E26CAD0EAC.e.17583","ELEMENT":"f.A871513E4156B49FEA6A1325266FBBC5.d.67A87A60E4A0E0C6F869D5E26CAD0EAC.e.17583"}]}
COMMAND: GET /session/7d4ef5db813d7a6cede0ad9a34edc09c/screenshot - {}
RESULT: {}
COMMAND: POST /session/7d4ef5db813d7a6cede0ad9a34edc09c/element/f.A871513E4156B49FEA6A1325266FBBC5.d.67A87A60E4A0E0C6F869D5E26CAD0EAC.e.17583/click - {}
RESULT: {}
COMMAND: GET /session/7d4ef5db813d7a6cede0ad9a34edc09c/screenshot - {}
COMMAND: POST /session/7d4ef5db813d7a6cede0ad9a34edc09c/execute/async - {"script":"<script> [1562 bytes]","args":[{"selector":{"id":"application-managecontracts-display-component---AddNewContract--projectDescription","interaction":{"idSuffix":"inner"}},"wdio_ui5_key":"applicationmanagecontracts-display-component---AddNewContract--projectDescription"}]}
RESULT: {}
RESULT: {"script":"<script> [1562 bytes]","args":[{"selector":{"id":"application-managecontracts-display-component---AddNewContract--projectDescription","interaction":{"idSuffix":"inner"}},"wdio_ui5_key":"applicationmanagecontracts-display-component---AddNewContract--projectDescription"}]}
RESULT: undefined
COMMAND: POST /session/7d4ef5db813d7a6cede0ad9a34edc09c/execute/async - {"script":"<script> [776 bytes]","args":[{"enterText":"Contract WDIO","selector":{"id":"application-managecontracts-display-component---AddNewContract--projectDescription","interaction":{"idSuffix":"inner"}},"clearTextFirst":true,"interactionType":"ENTER_TEXT"}]}
RESULT: {"script":"<script> [776 bytes]","args":[{"enterText":"Contract WDIO","selector":{"id":"application-managecontracts-display-component---AddNewContract--projectDescription","interaction":{"idSuffix":"inner"}},"clearTextFirst":true,"interactionType":"ENTER_TEXT"}]}
COMMAND: POST /session/7d4ef5db813d7a6cede0ad9a34edc09c/element - {"using":"xpath","value":"//input[@id=\"application-managecontracts-display-component---AddNewContract--site-inner\"]"}
RESULT: {"using":"xpath","value":"//input[@id=\"application-managecontracts-display-component---AddNewContract--site-inner\"]"}
COMMAND: POST /session/7d4ef5db813d7a6cede0ad9a34edc09c/element/f.A871513E4156B49FEA6A1325266FBBC5.d.67A87A60E4A0E0C6F869D5E26CAD0EAC.e.17940/clear - {}
RESULT: {}
COMMAND: POST /session/7d4ef5db813d7a6cede0ad9a34edc09c/element/f.A871513E4156B49FEA6A1325266FBBC5.d.67A87A60E4A0E0C6F869D5E26CAD0EAC.e.17940/value - {"text":"2338"}
COMMAND: GET /session/7d4ef5db813d7a6cede0ad9a34edc09c/screenshot - {}
RESULT: {"text":"2338"}
COMMAND: GET /session/7d4ef5db813d7a6cede0ad9a34edc09c/screenshot - {}
RESULT: {}
RESULT: {}
COMMAND: POST /session/7d4ef5db813d7a6cede0ad9a34edc09c/element - {"using":"xpath","value":"//li[.//span[text()='2338']]"}
RESULT: {"using":"xpath","value":"//li[.//span[text()='2338']]"}
COMMAND: POST /session/7d4ef5db813d7a6cede0ad9a34edc09c/element/f.A871513E4156B49FEA6A1325266FBBC5.d.67A87A60E4A0E0C6F869D5E26CAD0EAC.e.17975/click - {}
RESULT: {}
COMMAND: GET /session/7d4ef5db813d7a6cede0ad9a34edc09c/screenshot - {}
RESULT: {}
COMMAND: POST /session/7d4ef5db813d7a6cede0ad9a34edc09c/element - {"using":"xpath","value":"//input[@id=\"application-managecontracts-display-component---AddNewContract--yardId-inner\"]"}
RESULT: {"using":"xpath","value":"//input[@id=\"application-managecontracts-display-component---AddNewContract--yardId-inner\"]"}
COMMAND: GET /session/7d4ef5db813d7a6cede0ad9a34edc09c/element/f.A871513E4156B49FEA6A1325266FBBC5.d.67A87A60E4A0E0C6F869D5E26CAD0EAC.e.17941/property/value - {}
RESULT: {}
COMMAND: POST /session/7d4ef5db813d7a6cede0ad9a34edc09c/element - {"using":"xpath","value":"//input[@id=\"application-managecontracts-display-component---AddNewContract--customerSelect-inner\"]"}
COMMAND: GET /session/7d4ef5db813d7a6cede0ad9a34edc09c/screenshot - {}
RESULT: {"using":"xpath","value":"//input[@id=\"application-managecontracts-display-component---AddNewContract--customerSelect-inner\"]"}
COMMAND: POST /session/7d4ef5db813d7a6cede0ad9a34edc09c/element/f.A871513E4156B49FEA6A1325266FBBC5.d.67A87A60E4A0E0C6F869D5E26CAD0EAC.e.17939/clear - {}
RESULT: {}
RESULT: {}
COMMAND: POST /session/7d4ef5db813d7a6cede0ad9a34edc09c/element/f.A871513E4156B49FEA6A1325266FBBC5.d.67A87A60E4A0E0C6F869D5E26CAD0EAC.e.17939/value - {"text":"1403"}
COMMAND: GET /session/7d4ef5db813d7a6cede0ad9a34edc09c/screenshot - {}
RESULT: {"text":"1403"}
COMMAND: GET /session/7d4ef5db813d7a6cede0ad9a34edc09c/screenshot - {}
RESULT: {}
RESULT: {}
COMMAND: POST /session/7d4ef5db813d7a6cede0ad9a34edc09c/element - {"using":"xpath","value":"//li[.//span[text()='1403']]"}
RESULT: {"using":"xpath","value":"//li[.//span[text()='1403']]"}
COMMAND: POST /session/7d4ef5db813d7a6cede0ad9a34edc09c/element/f.A871513E4156B49FEA6A1325266FBBC5.d.67A87A60E4A0E0C6F869D5E26CAD0EAC.e.17978/click - {}
RESULT: {}
COMMAND: GET /session/7d4ef5db813d7a6cede0ad9a34edc09c/screenshot - {}
RESULT: {}
COMMAND: POST /session/7d4ef5db813d7a6cede0ad9a34edc09c/element - {"using":"xpath","value":"//button[@data-kt=\"saveButton\"]"}
RESULT: {"using":"xpath","value":"//button[@data-kt=\"saveButton\"]"}
COMMAND: POST /session/7d4ef5db813d7a6cede0ad9a34edc09c/element/f.A871513E4156B49FEA6A1325266FBBC5.d.67A87A60E4A0E0C6F869D5E26CAD0EAC.e.17979/click - {}
RESULT: {}
COMMAND: GET /session/7d4ef5db813d7a6cede0ad9a34edc09c/screenshot - {}
RESULT: {}
COMMAND: POST /session/7d4ef5db813d7a6cede0ad9a34edc09c/element - {"using":"xpath","value":"//span[contains(@id ,\"contractDetailTitleNoExpanded\")]"}
RESULT: {"using":"xpath","value":"//span[contains(@id ,\"contractDetailTitleNoExpanded\")]"}
COMMAND: POST /session/7d4ef5db813d7a6cede0ad9a34edc09c/elements - {"using":"xpath","value":"//span[contains(@id ,\"contractDetailTitleNoExpanded\")]"}
RESULT: {"using":"xpath","value":"//span[contains(@id ,\"contractDetailTitleNoExpanded\")]"}
COMMAND: POST /session/7d4ef5db813d7a6cede0ad9a34edc09c/execute/sync - {"script":"<script> [56 bytes]","args":[{"element-6066-11e4-a52e-4f735466cecf":"f.A871513E4156B49FEA6A1325266FBBC5.d.67A87A60E4A0E0C6F869D5E26CAD0EAC.e.17989","ELEMENT":"f.A871513E4156B49FEA6A1325266FBBC5.d.67A87A60E4A0E0C6F869D5E26CAD0EAC.e.17989"}]}
RESULT: {"script":"<script> [56 bytes]","args":[{"element-6066-11e4-a52e-4f735466cecf":"f.A871513E4156B49FEA6A1325266FBBC5.d.67A87A60E4A0E0C6F869D5E26CAD0EAC.e.17989","ELEMENT":"f.A871513E4156B49FEA6A1325266FBBC5.d.67A87A60E4A0E0C6F869D5E26CAD0EAC.e.17989"}]}
COMMAND: GET /session/7d4ef5db813d7a6cede0ad9a34edc09c/screenshot - {}
RESULT: {}
]]></system-out>
    </testcase>
    <testcase classname="chrome.136_0_7103_93.windows.Provide_to_Site_w/o_warehouse_management_w/o_clarification" name="Should add equipment to the contract" time="57.247">
      <system-out><![CDATA[
COMMAND: POST /session/7d4ef5db813d7a6cede0ad9a34edc09c/element - {"using":"xpath","value":"//button[@data-kt=\"contractDetailEditBtnButton\"]"}
RESULT: {"using":"xpath","value":"//button[@data-kt=\"contractDetailEditBtnButton\"]"}
COMMAND: POST /session/7d4ef5db813d7a6cede0ad9a34edc09c/element/f.A871513E4156B49FEA6A1325266FBBC5.d.67A87A60E4A0E0C6F869D5E26CAD0EAC.e.17990/click - {}
RESULT: {}
COMMAND: GET /session/7d4ef5db813d7a6cede0ad9a34edc09c/screenshot - {}
COMMAND: POST /session/7d4ef5db813d7a6cede0ad9a34edc09c/element - {"using":"xpath","value":"(//span[contains(text(), \"Additional Addresses\")])[2]"}
RESULT: {}
RESULT: {"using":"xpath","value":"(//span[contains(text(), \"Additional Addresses\")])[2]"}
COMMAND: POST /session/7d4ef5db813d7a6cede0ad9a34edc09c/element/f.A871513E4156B49FEA6A1325266FBBC5.d.67A87A60E4A0E0C6F869D5E26CAD0EAC.e.18044/click - {}
RESULT: {}
COMMAND: GET /session/7d4ef5db813d7a6cede0ad9a34edc09c/screenshot - {}
RESULT: {}
COMMAND: POST /session/7d4ef5db813d7a6cede0ad9a34edc09c/element - {"using":"xpath","value":"//button[@data-kt=\"btnAddTableRowOverflowToolbarButton\"]"}
RESULT: {"using":"xpath","value":"//button[@data-kt=\"btnAddTableRowOverflowToolbarButton\"]"}
COMMAND: POST /session/7d4ef5db813d7a6cede0ad9a34edc09c/element/f.A871513E4156B49FEA6A1325266FBBC5.d.67A87A60E4A0E0C6F869D5E26CAD0EAC.e.18046/click - {}
RESULT: {}
COMMAND: GET /session/7d4ef5db813d7a6cede0ad9a34edc09c/screenshot - {}
RESULT: {}
COMMAND: POST /session/7d4ef5db813d7a6cede0ad9a34edc09c/element - {"using":"xpath","value":"//div[(text() = 'Standard Entry' or . = 'Standard Entry')]"}
RESULT: {"using":"xpath","value":"//div[(text() = 'Standard Entry' or . = 'Standard Entry')]"}
COMMAND: POST /session/7d4ef5db813d7a6cede0ad9a34edc09c/element/f.A871513E4156B49FEA6A1325266FBBC5.d.67A87A60E4A0E0C6F869D5E26CAD0EAC.e.18048/click - {}
RESULT: {}
COMMAND: GET /session/7d4ef5db813d7a6cede0ad9a34edc09c/screenshot - {}
RESULT: {}
COMMAND: POST /session/7d4ef5db813d7a6cede0ad9a34edc09c/element - {"using":"xpath","value":"//td[6]/div/div/div/span"}
RESULT: {"using":"xpath","value":"//td[6]/div/div/div/span"}
COMMAND: POST /session/7d4ef5db813d7a6cede0ad9a34edc09c/element/f.A871513E4156B49FEA6A1325266FBBC5.d.67A87A60E4A0E0C6F869D5E26CAD0EAC.e.18060/click - {}
RESULT: {}
COMMAND: GET /session/7d4ef5db813d7a6cede0ad9a34edc09c/screenshot - {}
RESULT: {}
COMMAND: POST /session/7d4ef5db813d7a6cede0ad9a34edc09c/element - {"using":"xpath","value":"(//span[contains(text(), \"Material\")])"}
RESULT: {"using":"xpath","value":"(//span[contains(text(), \"Material\")])"}
COMMAND: POST /session/7d4ef5db813d7a6cede0ad9a34edc09c/element/f.A871513E4156B49FEA6A1325266FBBC5.d.67A87A60E4A0E0C6F869D5E26CAD0EAC.e.18061/click - {}
RESULT: {}
COMMAND: GET /session/7d4ef5db813d7a6cede0ad9a34edc09c/screenshot - {}
RESULT: {}
COMMAND: POST /session/7d4ef5db813d7a6cede0ad9a34edc09c/element - {"using":"xpath","value":"//td[7]/div/div/input"}
RESULT: {"using":"xpath","value":"//td[7]/div/div/input"}
COMMAND: POST /session/7d4ef5db813d7a6cede0ad9a34edc09c/element/f.A871513E4156B49FEA6A1325266FBBC5.d.67A87A60E4A0E0C6F869D5E26CAD0EAC.e.18065/clear - {}
RESULT: {}
COMMAND: POST /session/7d4ef5db813d7a6cede0ad9a34edc09c/element/f.A871513E4156B49FEA6A1325266FBBC5.d.67A87A60E4A0E0C6F869D5E26CAD0EAC.e.18065/value - {"text":"200385"}
COMMAND: GET /session/7d4ef5db813d7a6cede0ad9a34edc09c/screenshot - {}
RESULT: {"text":"200385"}
COMMAND: GET /session/7d4ef5db813d7a6cede0ad9a34edc09c/screenshot - {}
RESULT: {}
RESULT: {}
COMMAND: POST /session/7d4ef5db813d7a6cede0ad9a34edc09c/actions - {"actions":[{"id":"action59","type":"key","parameters":{},"actions":[{"type":"keyDown","value":""},{"type":"pause","duration":10},{"type":"keyUp","value":""}]}]}
RESULT: {"actions":[{"id":"action59","type":"key","parameters":{},"actions":[{"type":"keyDown","value":""},{"type":"pause","duration":10},{"type":"keyUp","value":""}]}]}
COMMAND: GET /session/7d4ef5db813d7a6cede0ad9a34edc09c/screenshot - {}
RESULT: {}
COMMAND: POST /session/7d4ef5db813d7a6cede0ad9a34edc09c/execute/sync - {"script":"<script> [276 bytes]","args":["No pricing information was found"]}
RESULT: {"script":"<script> [276 bytes]","args":["No pricing information was found"]}
COMMAND: POST /session/7d4ef5db813d7a6cede0ad9a34edc09c/element - {"using":"xpath","value":"//bdi[contains(text(), \"OK\")]"}
COMMAND: GET /session/7d4ef5db813d7a6cede0ad9a34edc09c/screenshot - {}
RESULT: {"using":"xpath","value":"//bdi[contains(text(), \"OK\")]"}
COMMAND: POST /session/7d4ef5db813d7a6cede0ad9a34edc09c/element/f.A871513E4156B49FEA6A1325266FBBC5.d.67A87A60E4A0E0C6F869D5E26CAD0EAC.e.18091/click - {}
RESULT: {}
RESULT: {}
COMMAND: GET /session/7d4ef5db813d7a6cede0ad9a34edc09c/screenshot - {}
RESULT: {}
COMMAND: POST /session/7d4ef5db813d7a6cede0ad9a34edc09c/element - {"using":"xpath","value":"(//button[@data-kt=\"saveButton\"])[2]"}
RESULT: {"using":"xpath","value":"(//button[@data-kt=\"saveButton\"])[2]"}
COMMAND: POST /session/7d4ef5db813d7a6cede0ad9a34edc09c/element/f.A871513E4156B49FEA6A1325266FBBC5.d.67A87A60E4A0E0C6F869D5E26CAD0EAC.e.18092/click - {}
RESULT: {}
COMMAND: GET /session/7d4ef5db813d7a6cede0ad9a34edc09c/screenshot - {}
RESULT: {}
COMMAND: POST /session/7d4ef5db813d7a6cede0ad9a34edc09c/execute/sync - {"script":"<script> [276 bytes]","args":["Some contract items are having rental validity exceeding header rental validity"]}
RESULT: {"script":"<script> [276 bytes]","args":["Some contract items are having rental validity exceeding header rental validity"]}
COMMAND: GET /session/7d4ef5db813d7a6cede0ad9a34edc09c/screenshot - {}
RESULT: {}
COMMAND: POST /session/7d4ef5db813d7a6cede0ad9a34edc09c/element - {"using":"xpath","value":"//span[contains(@id ,\"contractItemsSmartTable-header-inner\")]"}
RESULT: {"using":"xpath","value":"//span[contains(@id ,\"contractItemsSmartTable-header-inner\")]"}
COMMAND: POST /session/7d4ef5db813d7a6cede0ad9a34edc09c/elements - {"using":"xpath","value":"//span[contains(@id ,\"contractItemsSmartTable-header-inner\")]"}
RESULT: {"using":"xpath","value":"//span[contains(@id ,\"contractItemsSmartTable-header-inner\")]"}
COMMAND: POST /session/7d4ef5db813d7a6cede0ad9a34edc09c/execute/sync - {"script":"<script> [56 bytes]","args":[{"element-6066-11e4-a52e-4f735466cecf":"f.A871513E4156B49FEA6A1325266FBBC5.d.67A87A60E4A0E0C6F869D5E26CAD0EAC.e.18096","ELEMENT":"f.A871513E4156B49FEA6A1325266FBBC5.d.67A87A60E4A0E0C6F869D5E26CAD0EAC.e.18096"}]}
RESULT: {"script":"<script> [56 bytes]","args":[{"element-6066-11e4-a52e-4f735466cecf":"f.A871513E4156B49FEA6A1325266FBBC5.d.67A87A60E4A0E0C6F869D5E26CAD0EAC.e.18096","ELEMENT":"f.A871513E4156B49FEA6A1325266FBBC5.d.67A87A60E4A0E0C6F869D5E26CAD0EAC.e.18096"}]}
]]></system-out>
    </testcase>
    <testcase classname="chrome.136_0_7103_93.windows.Provide_to_Site_w/o_warehouse_management_w/o_clarification" name="Should do provide to site" time="106.893">
      <failure/>
      <error message="expect(received).toEqual(expected) // deep equality&#xA;&#xA;Expected: &quot;provide (issued)&quot;&#xA;Received: &quot;provide (received)&quot;"/>
      <system-out><![CDATA[
COMMAND: POST /session/7d4ef5db813d7a6cede0ad9a34edc09c/element - {"using":"xpath","value":"//button[@data-kt=\"provideButton\"]"}
COMMAND: GET /session/7d4ef5db813d7a6cede0ad9a34edc09c/screenshot - {}
RESULT: {"using":"xpath","value":"//button[@data-kt=\"provideButton\"]"}
COMMAND: POST /session/7d4ef5db813d7a6cede0ad9a34edc09c/element/f.A871513E4156B49FEA6A1325266FBBC5.d.67A87A60E4A0E0C6F869D5E26CAD0EAC.e.18097/click - {}
RESULT: {}
RESULT: {}
COMMAND: GET /session/7d4ef5db813d7a6cede0ad9a34edc09c/screenshot - {}
COMMAND: POST /session/7d4ef5db813d7a6cede0ad9a34edc09c/element - {"using":"xpath","value":"(//div[contains(@id, \"application-managehandovers-display-component---AddNewHO--oneStep-CbBg\")])"}
RESULT: {}
RESULT: {"using":"xpath","value":"(//div[contains(@id, \"application-managehandovers-display-component---AddNewHO--oneStep-CbBg\")])"}
COMMAND: POST /session/7d4ef5db813d7a6cede0ad9a34edc09c/element - {"using":"xpath","value":"(//div[contains(@id, \"application-managehandovers-display-component---AddNewHO--oneStep-CbBg\")])/input"}
RESULT: {"using":"xpath","value":"(//div[contains(@id, \"application-managehandovers-display-component---AddNewHO--oneStep-CbBg\")])/input"}
COMMAND: GET /session/7d4ef5db813d7a6cede0ad9a34edc09c/element/f.A871513E4156B49FEA6A1325266FBBC5.d.67A87A60E4A0E0C6F869D5E26CAD0EAC.e.18156/attribute/checked - {}
RESULT: {}
RESULT: undefined
COMMAND: POST /session/7d4ef5db813d7a6cede0ad9a34edc09c/execute/async - {"script":"<script> [6424 bytes]","args":[{"element-6066-11e4-a52e-4f735466cecf":"f.A871513E4156B49FEA6A1325266FBBC5.d.67A87A60E4A0E0C6F869D5E26CAD0EAC.e.17145"},"setValue",["05/21/25"]]}
COMMAND: POST /session/7d4ef5db813d7a6cede0ad9a34edc09c/element/f.A871513E4156B49FEA6A1325266FBBC5.d.67A87A60E4A0E0C6F869D5E26CAD0EAC.e.18246/click - {}
COMMAND: POST /session/7d4ef5db813d7a6cede0ad9a34edc09c/execute/async - {"script":"<script> [1562 bytes]","args":[{"selector":{"id":"application-managehandovers-display-component---AddNewHO--dueDate","interaction":{"idSuffix":"inner"}},"wdio_ui5_key":"applicationmanagehandovers-display-component---AddNewHO--dueDate"}]}
RESULT: {}
COMMAND: GET /session/7d4ef5db813d7a6cede0ad9a34edc09c/screenshot - {}
RESULT: {"script":"<script> [1562 bytes]","args":[{"selector":{"id":"application-managehandovers-display-component---AddNewHO--dueDate","interaction":{"idSuffix":"inner"}},"wdio_ui5_key":"applicationmanagehandovers-display-component---AddNewHO--dueDate"}]}
COMMAND: POST /session/7d4ef5db813d7a6cede0ad9a34edc09c/execute/async - {"script":"<script> [6424 bytes]","args":[{"element-6066-11e4-a52e-4f735466cecf":"f.A871513E4156B49FEA6A1325266FBBC5.d.67A87A60E4A0E0C6F869D5E26CAD0EAC.e.18154"},"setValue",["05/21/25"]]}
RESULT: {}
RESULT: {"script":"<script> [6424 bytes]","args":[{"element-6066-11e4-a52e-4f735466cecf":"f.A871513E4156B49FEA6A1325266FBBC5.d.67A87A60E4A0E0C6F869D5E26CAD0EAC.e.18154"},"setValue",["05/21/25"]]}
COMMAND: POST /session/7d4ef5db813d7a6cede0ad9a34edc09c/element - {"using":"xpath","value":"//bdi[contains(text(), \"Instructions\")]"}
RESULT: {"using":"xpath","value":"//bdi[contains(text(), \"Instructions\")]"}
COMMAND: POST /session/7d4ef5db813d7a6cede0ad9a34edc09c/element/f.A871513E4156B49FEA6A1325266FBBC5.d.67A87A60E4A0E0C6F869D5E26CAD0EAC.e.18281/click - {}
RESULT: {}
COMMAND: GET /session/7d4ef5db813d7a6cede0ad9a34edc09c/screenshot - {}
RESULT: {}
COMMAND: POST /session/7d4ef5db813d7a6cede0ad9a34edc09c/element - {"using":"xpath","value":"//button[@data-kt=\"AddNewHOProvideAddItemsButton\"]"}
RESULT: {"using":"xpath","value":"//button[@data-kt=\"AddNewHOProvideAddItemsButton\"]"}
COMMAND: POST /session/7d4ef5db813d7a6cede0ad9a34edc09c/element/f.A871513E4156B49FEA6A1325266FBBC5.d.67A87A60E4A0E0C6F869D5E26CAD0EAC.e.18285/click - {}
RESULT: {}
COMMAND: GET /session/7d4ef5db813d7a6cede0ad9a34edc09c/screenshot - {}
RESULT: {}
RESULT: undefined
COMMAND: POST /session/7d4ef5db813d7a6cede0ad9a34edc09c/element - {"using":"xpath","value":"//*[@id=\"application-managehandovers-display-component---AddNewHO--popup-sa\"]"}
RESULT: {"using":"xpath","value":"//*[@id=\"application-managehandovers-display-component---AddNewHO--popup-sa\"]"}
COMMAND: POST /session/7d4ef5db813d7a6cede0ad9a34edc09c/element/f.A871513E4156B49FEA6A1325266FBBC5.d.67A87A60E4A0E0C6F869D5E26CAD0EAC.e.18294/click - {}
RESULT: {}
COMMAND: GET /session/7d4ef5db813d7a6cede0ad9a34edc09c/screenshot - {}
RESULT: {}
COMMAND: POST /session/7d4ef5db813d7a6cede0ad9a34edc09c/element - {"using":"xpath","value":"//*[contains(@id ,\"BDI-content\")][contains(text(), \"Select\")]"}
RESULT: {"using":"xpath","value":"//*[contains(@id ,\"BDI-content\")][contains(text(), \"Select\")]"}
COMMAND: POST /session/7d4ef5db813d7a6cede0ad9a34edc09c/element/f.A871513E4156B49FEA6A1325266FBBC5.d.67A87A60E4A0E0C6F869D5E26CAD0EAC.e.18296/click - {}
RESULT: {}
COMMAND: GET /session/7d4ef5db813d7a6cede0ad9a34edc09c/screenshot - {}
RESULT: {}
COMMAND: POST /session/7d4ef5db813d7a6cede0ad9a34edc09c/execute/async - {"script":"<script> [1562 bytes]","args":[{"selector":{"id":"application-managehandovers-display-component---AddNewHO--confirmCreationButton","interaction":{"idSuffix":"BDI-content"}},"wdio_ui5_key":"applicationmanagehandovers-display-component---AddNewHO--confirmCreationButton"}]}
RESULT: {"script":"<script> [1562 bytes]","args":[{"selector":{"id":"application-managehandovers-display-component---AddNewHO--confirmCreationButton","interaction":{"idSuffix":"BDI-content"}},"wdio_ui5_key":"applicationmanagehandovers-display-component---AddNewHO--confirmCreationButton"}]}
RESULT: undefined
COMMAND: POST /session/7d4ef5db813d7a6cede0ad9a34edc09c/element - {"using":"xpath","value":"//*[@id=\"application-managehandovers-display-component---AddNewHO--confirmCreationButton\"]"}
RESULT: {"using":"xpath","value":"//*[@id=\"application-managehandovers-display-component---AddNewHO--confirmCreationButton\"]"}
COMMAND: POST /session/7d4ef5db813d7a6cede0ad9a34edc09c/element/f.A871513E4156B49FEA6A1325266FBBC5.d.67A87A60E4A0E0C6F869D5E26CAD0EAC.e.18239/click - {}
RESULT: {}
COMMAND: GET /session/7d4ef5db813d7a6cede0ad9a34edc09c/screenshot - {}
RESULT: {}
COMMAND: POST /session/7d4ef5db813d7a6cede0ad9a34edc09c/execute/async - {"script":"<script> [1562 bytes]","args":[{"selector":{"id":"issueDatePicker","viewName":"etm.portal.ui.managehandovers.view.DetailExecuteHO","interaction":{"idSuffix":"inner"}},"wdio_ui5_key":"issueDatePickeretmportal.ui.managehandovers.view.DetailExecuteHO"}]}
RESULT: {"script":"<script> [1562 bytes]","args":[{"selector":{"id":"issueDatePicker","viewName":"etm.portal.ui.managehandovers.view.DetailExecuteHO","interaction":{"idSuffix":"inner"}},"wdio_ui5_key":"issueDatePickeretmportal.ui.managehandovers.view.DetailExecuteHO"}]}
RESULT: undefined
COMMAND: POST /session/7d4ef5db813d7a6cede0ad9a34edc09c/execute/async - {"script":"<script> [776 bytes]","args":[{"enterText":"5/21/25","selector":{"id":"issueDatePicker","viewName":"etm.portal.ui.managehandovers.view.DetailExecuteHO","interaction":{"idSuffix":"inner"}},"clearTextFirst":true,"interactionType":"ENTER_TEXT"}]}
RESULT: {"script":"<script> [776 bytes]","args":[{"enterText":"5/21/25","selector":{"id":"issueDatePicker","viewName":"etm.portal.ui.managehandovers.view.DetailExecuteHO","interaction":{"idSuffix":"inner"}},"clearTextFirst":true,"interactionType":"ENTER_TEXT"}]}
COMMAND: POST /session/7d4ef5db813d7a6cede0ad9a34edc09c/element - {"using":"xpath","value":"//bdi[contains(text(), \"OK\")]"}
RESULT: {"using":"xpath","value":"//bdi[contains(text(), \"OK\")]"}
COMMAND: POST /session/7d4ef5db813d7a6cede0ad9a34edc09c/element/f.A871513E4156B49FEA6A1325266FBBC5.d.67A87A60E4A0E0C6F869D5E26CAD0EAC.e.18340/click - {}
RESULT: {}
COMMAND: GET /session/7d4ef5db813d7a6cede0ad9a34edc09c/screenshot - {}
RESULT: {}
COMMAND: POST /session/7d4ef5db813d7a6cede0ad9a34edc09c/element - {"using":"xpath","value":"//button[@data-kt=\"PickingTableConfirmAllButton\"]"}
RESULT: {"using":"xpath","value":"//button[@data-kt=\"PickingTableConfirmAllButton\"]"}
COMMAND: POST /session/7d4ef5db813d7a6cede0ad9a34edc09c/element/f.A871513E4156B49FEA6A1325266FBBC5.d.67A87A60E4A0E0C6F869D5E26CAD0EAC.e.18346/click - {}
RESULT: {}
COMMAND: GET /session/7d4ef5db813d7a6cede0ad9a34edc09c/screenshot - {}
RESULT: {}
COMMAND: POST /session/7d4ef5db813d7a6cede0ad9a34edc09c/element - {"using":"xpath","value":"//bdi[contains(text(), \"OK\")]"}
RESULT: {"using":"xpath","value":"//bdi[contains(text(), \"OK\")]"}
COMMAND: POST /session/7d4ef5db813d7a6cede0ad9a34edc09c/element/f.A871513E4156B49FEA6A1325266FBBC5.d.67A87A60E4A0E0C6F869D5E26CAD0EAC.e.18350/click - {}
RESULT: {}
COMMAND: GET /session/7d4ef5db813d7a6cede0ad9a34edc09c/screenshot - {}
RESULT: {}
COMMAND: POST /session/7d4ef5db813d7a6cede0ad9a34edc09c/element - {"using":"xpath","value":"//button[@data-kt=\"execHoPickButton\"]"}
RESULT: {"using":"xpath","value":"//button[@data-kt=\"execHoPickButton\"]"}
COMMAND: POST /session/7d4ef5db813d7a6cede0ad9a34edc09c/element/f.A871513E4156B49FEA6A1325266FBBC5.d.67A87A60E4A0E0C6F869D5E26CAD0EAC.e.18352/click - {}
RESULT: {}
COMMAND: GET /session/7d4ef5db813d7a6cede0ad9a34edc09c/screenshot - {}
RESULT: {}
COMMAND: POST /session/7d4ef5db813d7a6cede0ad9a34edc09c/element - {"using":"xpath","value":"//span[contains(@id ,\"filterItemControl_BASIC-RECEIVE_CONTRACT-vhi\")]"}
RESULT: {"using":"xpath","value":"//span[contains(@id ,\"filterItemControl_BASIC-RECEIVE_CONTRACT-vhi\")]"}
COMMAND: POST /session/7d4ef5db813d7a6cede0ad9a34edc09c/element/f.A871513E4156B49FEA6A1325266FBBC5.d.67A87A60E4A0E0C6F869D5E26CAD0EAC.e.18531/click - {}
RESULT: {}
COMMAND: GET /session/7d4ef5db813d7a6cede0ad9a34edc09c/screenshot - {}
RESULT: {}
COMMAND: POST /session/7d4ef5db813d7a6cede0ad9a34edc09c/execute/async - {"script":"<script> [1562 bytes]","args":[{"selector":{"controlType":"sap.m.SearchField","viewName":"etm.portal.ui.managehandovers.view.MasterHO","bindingPath":{"path":"","propertyPath":"/_BASIC_SEARCH_FIELD","modelName":"fi1t3rM0d31"},"searchOpenDialogs":true,"interaction":{"idSuffix":"I"}},"wdio_ui5_key":"etmportal.ui.managehandovers.view.MasterHOsap.m.SearchField{\"path\":\"\",\"propertyPath\":\"/_BASIC_SEARCH_FIELD\",\"modelName\":\"fi1t3rM0d31\"}"}]}
RESULT: {"script":"<script> [1562 bytes]","args":[{"selector":{"controlType":"sap.m.SearchField","viewName":"etm.portal.ui.managehandovers.view.MasterHO","bindingPath":{"path":"","propertyPath":"/_BASIC_SEARCH_FIELD","modelName":"fi1t3rM0d31"},"searchOpenDialogs":true,"interaction":{"idSuffix":"I"}},"wdio_ui5_key":"etmportal.ui.managehandovers.view.MasterHOsap.m.SearchField{\"path\":\"\",\"propertyPath\":\"/_BASIC_SEARCH_FIELD\",\"modelName\":\"fi1t3rM0d31\"}"}]}
RESULT: undefined
COMMAND: POST /session/7d4ef5db813d7a6cede0ad9a34edc09c/execute/async - {"script":"<script> [776 bytes]","args":[{"enterText":"10479","selector":{"controlType":"sap.m.SearchField","viewName":"etm.portal.ui.managehandovers.view.MasterHO","bindingPath":{"path":"","propertyPath":"/_BASIC_SEARCH_FIELD","modelName":"fi1t3rM0d31"},"searchOpenDialogs":true,"interaction":{"idSuffix":"I"}},"clearTextFirst":true,"interactionType":"ENTER_TEXT"}]}
RESULT: {"script":"<script> [776 bytes]","args":[{"enterText":"10479","selector":{"controlType":"sap.m.SearchField","viewName":"etm.portal.ui.managehandovers.view.MasterHO","bindingPath":{"path":"","propertyPath":"/_BASIC_SEARCH_FIELD","modelName":"fi1t3rM0d31"},"searchOpenDialogs":true,"interaction":{"idSuffix":"I"}},"clearTextFirst":true,"interactionType":"ENTER_TEXT"}]}
COMMAND: POST /session/7d4ef5db813d7a6cede0ad9a34edc09c/actions - {"actions":[{"id":"action60","type":"key","parameters":{},"actions":[{"type":"keyDown","value":""},{"type":"pause","duration":10},{"type":"keyUp","value":""}]}]}
RESULT: {"actions":[{"id":"action60","type":"key","parameters":{},"actions":[{"type":"keyDown","value":""},{"type":"pause","duration":10},{"type":"keyUp","value":""}]}]}
COMMAND: GET /session/7d4ef5db813d7a6cede0ad9a34edc09c/screenshot - {}
RESULT: {}
COMMAND: POST /session/7d4ef5db813d7a6cede0ad9a34edc09c/element - {"using":"xpath","value":"//div[contains(@id, 'filterItemControl_BASIC-RECEIVE_CONTRACT-valueHelpDialog-table-rowsel0')]"}
RESULT: {"using":"xpath","value":"//div[contains(@id, 'filterItemControl_BASIC-RECEIVE_CONTRACT-valueHelpDialog-table-rowsel0')]"}
COMMAND: POST /session/7d4ef5db813d7a6cede0ad9a34edc09c/element/f.A871513E4156B49FEA6A1325266FBBC5.d.67A87A60E4A0E0C6F869D5E26CAD0EAC.e.18541/click - {}
RESULT: {}
COMMAND: GET /session/7d4ef5db813d7a6cede0ad9a34edc09c/screenshot - {}
RESULT: {}
COMMAND: POST /session/7d4ef5db813d7a6cede0ad9a34edc09c/element - {"using":"xpath","value":"//bdi[contains(text(), \"OK\")]"}
RESULT: {"using":"xpath","value":"//bdi[contains(text(), \"OK\")]"}
COMMAND: POST /session/7d4ef5db813d7a6cede0ad9a34edc09c/element/f.A871513E4156B49FEA6A1325266FBBC5.d.67A87A60E4A0E0C6F869D5E26CAD0EAC.e.18543/click - {}
RESULT: {}
COMMAND: GET /session/7d4ef5db813d7a6cede0ad9a34edc09c/screenshot - {}
RESULT: {}
COMMAND: POST /session/7d4ef5db813d7a6cede0ad9a34edc09c/element - {"using":"xpath","value":"//span[contains(@id, \"smartTable-header-inner\")]"}
RESULT: {"using":"xpath","value":"//span[contains(@id, \"smartTable-header-inner\")]"}
COMMAND: POST /session/7d4ef5db813d7a6cede0ad9a34edc09c/elements - {"using":"xpath","value":"//span[contains(@id, \"smartTable-header-inner\")]"}
RESULT: {"using":"xpath","value":"//span[contains(@id, \"smartTable-header-inner\")]"}
COMMAND: POST /session/7d4ef5db813d7a6cede0ad9a34edc09c/execute/sync - {"script":"<script> [56 bytes]","args":[{"element-6066-11e4-a52e-4f735466cecf":"f.A871513E4156B49FEA6A1325266FBBC5.d.67A87A60E4A0E0C6F869D5E26CAD0EAC.e.18571","ELEMENT":"f.A871513E4156B49FEA6A1325266FBBC5.d.67A87A60E4A0E0C6F869D5E26CAD0EAC.e.18571"}]}
RESULT: {"script":"<script> [56 bytes]","args":[{"element-6066-11e4-a52e-4f735466cecf":"f.A871513E4156B49FEA6A1325266FBBC5.d.67A87A60E4A0E0C6F869D5E26CAD0EAC.e.18571","ELEMENT":"f.A871513E4156B49FEA6A1325266FBBC5.d.67A87A60E4A0E0C6F869D5E26CAD0EAC.e.18571"}]}
COMMAND: POST /session/7d4ef5db813d7a6cede0ad9a34edc09c/element - {"using":"xpath","value":"//table[contains(@id, \"customHandovers\")]//tbody/tr[1]/td[2]/span"}
COMMAND: GET /session/7d4ef5db813d7a6cede0ad9a34edc09c/screenshot - {}
RESULT: {"using":"xpath","value":"//table[contains(@id, \"customHandovers\")]//tbody/tr[1]/td[2]/span"}
COMMAND: POST /session/7d4ef5db813d7a6cede0ad9a34edc09c/execute/sync - {"script":"<script> [56 bytes]","args":[{"element-6066-11e4-a52e-4f735466cecf":"f.A871513E4156B49FEA6A1325266FBBC5.d.67A87A60E4A0E0C6F869D5E26CAD0EAC.e.18572","ELEMENT":"f.A871513E4156B49FEA6A1325266FBBC5.d.67A87A60E4A0E0C6F869D5E26CAD0EAC.e.18572"}]}
RESULT: {}
RESULT: {"script":"<script> [56 bytes]","args":[{"element-6066-11e4-a52e-4f735466cecf":"f.A871513E4156B49FEA6A1325266FBBC5.d.67A87A60E4A0E0C6F869D5E26CAD0EAC.e.18572","ELEMENT":"f.A871513E4156B49FEA6A1325266FBBC5.d.67A87A60E4A0E0C6F869D5E26CAD0EAC.e.18572"}]}
COMMAND: POST /session/7d4ef5db813d7a6cede0ad9a34edc09c/element - {"using":"xpath","value":"(//span[contains(@id, \"imgNav\")])[1]"}
COMMAND: GET /session/7d4ef5db813d7a6cede0ad9a34edc09c/screenshot - {}
RESULT: {"using":"xpath","value":"(//span[contains(@id, \"imgNav\")])[1]"}
COMMAND: POST /session/7d4ef5db813d7a6cede0ad9a34edc09c/element/f.A871513E4156B49FEA6A1325266FBBC5.d.67A87A60E4A0E0C6F869D5E26CAD0EAC.e.18569/click - {}
RESULT: {}
RESULT: {}
COMMAND: GET /session/7d4ef5db813d7a6cede0ad9a34edc09c/screenshot - {}
RESULT: {}
RESULT: undefined
COMMAND: POST /session/7d4ef5db813d7a6cede0ad9a34edc09c/execute/async - {"script":"<script> [776 bytes]","args":[{"enterText":"5/21/25","selector":{"id":"issueDatePicker","viewName":"etm.portal.ui.managehandovers.view.DetailExecuteHO","interaction":{"idSuffix":"inner"}},"clearTextFirst":true,"interactionType":"ENTER_TEXT"}]}
RESULT: {"script":"<script> [776 bytes]","args":[{"enterText":"5/21/25","selector":{"id":"issueDatePicker","viewName":"etm.portal.ui.managehandovers.view.DetailExecuteHO","interaction":{"idSuffix":"inner"}},"clearTextFirst":true,"interactionType":"ENTER_TEXT"}]}
COMMAND: POST /session/7d4ef5db813d7a6cede0ad9a34edc09c/element - {"using":"xpath","value":"//button[@data-kt=\"PickingTableConfirmAllButton\"]"}
RESULT: {"using":"xpath","value":"//button[@data-kt=\"PickingTableConfirmAllButton\"]"}
COMMAND: POST /session/7d4ef5db813d7a6cede0ad9a34edc09c/element/f.A871513E4156B49FEA6A1325266FBBC5.d.67A87A60E4A0E0C6F869D5E26CAD0EAC.e.18611/click - {}
RESULT: {}
COMMAND: GET /session/7d4ef5db813d7a6cede0ad9a34edc09c/screenshot - {}
RESULT: {}
COMMAND: POST /session/7d4ef5db813d7a6cede0ad9a34edc09c/element - {"using":"xpath","value":"//bdi[contains(text(), \"OK\")]"}
RESULT: {"using":"xpath","value":"//bdi[contains(text(), \"OK\")]"}
COMMAND: POST /session/7d4ef5db813d7a6cede0ad9a34edc09c/element/f.A871513E4156B49FEA6A1325266FBBC5.d.67A87A60E4A0E0C6F869D5E26CAD0EAC.e.18622/click - {}
RESULT: {}
COMMAND: GET /session/7d4ef5db813d7a6cede0ad9a34edc09c/screenshot - {}
RESULT: {}
COMMAND: POST /session/7d4ef5db813d7a6cede0ad9a34edc09c/element - {"using":"xpath","value":"//button[@data-kt=\"execHoIssueButton\"]"}
RESULT: {"using":"xpath","value":"//button[@data-kt=\"execHoIssueButton\"]"}
COMMAND: POST /session/7d4ef5db813d7a6cede0ad9a34edc09c/element/f.A871513E4156B49FEA6A1325266FBBC5.d.67A87A60E4A0E0C6F869D5E26CAD0EAC.e.18623/click - {}
RESULT: {}
COMMAND: GET /session/7d4ef5db813d7a6cede0ad9a34edc09c/screenshot - {}
RESULT: {}
COMMAND: POST /session/7d4ef5db813d7a6cede0ad9a34edc09c/element - {"using":"xpath","value":"//input[contains(@id ,\"smartFilterBar-btnBasicSearch-I\")]"}
RESULT: {"using":"xpath","value":"//input[contains(@id ,\"smartFilterBar-btnBasicSearch-I\")]"}
COMMAND: POST /session/7d4ef5db813d7a6cede0ad9a34edc09c/elements - {"using":"xpath","value":"//input[contains(@id ,\"smartFilterBar-btnBasicSearch-I\")]"}
RESULT: {"using":"xpath","value":"//input[contains(@id ,\"smartFilterBar-btnBasicSearch-I\")]"}
COMMAND: POST /session/7d4ef5db813d7a6cede0ad9a34edc09c/execute/sync - {"script":"<script> [8489 bytes]","args":[{"element-6066-11e4-a52e-4f735466cecf":"f.A871513E4156B49FEA6A1325266FBBC5.d.67A87A60E4A0E0C6F869D5E26CAD0EAC.e.18153","ELEMENT":"f.A871513E4156B49FEA6A1325266FBBC5.d.67A87A60E4A0E0C6F869D5E26CAD0EAC.e.18153"}]}
RESULT: {"script":"<script> [8489 bytes]","args":[{"element-6066-11e4-a52e-4f735466cecf":"f.A871513E4156B49FEA6A1325266FBBC5.d.67A87A60E4A0E0C6F869D5E26CAD0EAC.e.18153","ELEMENT":"f.A871513E4156B49FEA6A1325266FBBC5.d.67A87A60E4A0E0C6F869D5E26CAD0EAC.e.18153"}]}
COMMAND: GET /session/7d4ef5db813d7a6cede0ad9a34edc09c/element/f.A871513E4156B49FEA6A1325266FBBC5.d.67A87A60E4A0E0C6F869D5E26CAD0EAC.e.18153/enabled - {}
COMMAND: GET /session/7d4ef5db813d7a6cede0ad9a34edc09c/screenshot - {}
RESULT: {}
COMMAND: POST /session/7d4ef5db813d7a6cede0ad9a34edc09c/element/f.A871513E4156B49FEA6A1325266FBBC5.d.67A87A60E4A0E0C6F869D5E26CAD0EAC.e.18153/clear - {}
COMMAND: GET /session/7d4ef5db813d7a6cede0ad9a34edc09c/screenshot - {}
RESULT: {}
RESULT: {}
COMMAND: POST /session/7d4ef5db813d7a6cede0ad9a34edc09c/element/f.A871513E4156B49FEA6A1325266FBBC5.d.67A87A60E4A0E0C6F869D5E26CAD0EAC.e.18153/value - {"text":"30963"}
COMMAND: GET /session/7d4ef5db813d7a6cede0ad9a34edc09c/screenshot - {}
RESULT: {}
RESULT: {"text":"30963"}
COMMAND: GET /session/7d4ef5db813d7a6cede0ad9a34edc09c/screenshot - {}
RESULT: {}
RESULT: {}
COMMAND: POST /session/7d4ef5db813d7a6cede0ad9a34edc09c/actions - {"actions":[{"id":"action61","type":"key","parameters":{},"actions":[{"type":"keyDown","value":""},{"type":"pause","duration":10},{"type":"keyUp","value":""}]}]}
RESULT: {"actions":[{"id":"action61","type":"key","parameters":{},"actions":[{"type":"keyDown","value":""},{"type":"pause","duration":10},{"type":"keyUp","value":""}]}]}
COMMAND: GET /session/7d4ef5db813d7a6cede0ad9a34edc09c/screenshot - {}
RESULT: {}
COMMAND: POST /session/7d4ef5db813d7a6cede0ad9a34edc09c/element - {"using":"xpath","value":"//span[contains(@id, \"smartTable-header-inner\")]"}
RESULT: {"using":"xpath","value":"//span[contains(@id, \"smartTable-header-inner\")]"}
COMMAND: POST /session/7d4ef5db813d7a6cede0ad9a34edc09c/elements - {"using":"xpath","value":"//span[contains(@id, \"smartTable-header-inner\")]"}
RESULT: {"using":"xpath","value":"//span[contains(@id, \"smartTable-header-inner\")]"}
COMMAND: POST /session/7d4ef5db813d7a6cede0ad9a34edc09c/execute/sync - {"script":"<script> [56 bytes]","args":[{"element-6066-11e4-a52e-4f735466cecf":"f.A871513E4156B49FEA6A1325266FBBC5.d.67A87A60E4A0E0C6F869D5E26CAD0EAC.e.18571","ELEMENT":"f.A871513E4156B49FEA6A1325266FBBC5.d.67A87A60E4A0E0C6F869D5E26CAD0EAC.e.18571"}]}
RESULT: {"script":"<script> [56 bytes]","args":[{"element-6066-11e4-a52e-4f735466cecf":"f.A871513E4156B49FEA6A1325266FBBC5.d.67A87A60E4A0E0C6F869D5E26CAD0EAC.e.18571","ELEMENT":"f.A871513E4156B49FEA6A1325266FBBC5.d.67A87A60E4A0E0C6F869D5E26CAD0EAC.e.18571"}]}
COMMAND: POST /session/7d4ef5db813d7a6cede0ad9a34edc09c/elements - {"using":"xpath","value":"//thead[contains(@class, \"sapMTableTH\")]/tr/th"}
COMMAND: GET /session/7d4ef5db813d7a6cede0ad9a34edc09c/screenshot - {}
RESULT: {"using":"xpath","value":"//thead[contains(@class, \"sapMTableTH\")]/tr/th"}
COMMAND: GET /session/7d4ef5db813d7a6cede0ad9a34edc09c/element/f.A871513E4156B49FEA6A1325266FBBC5.d.67A87A60E4A0E0C6F869D5E26CAD0EAC.e.18658/text - {}
RESULT: {}
RESULT: {}
COMMAND: GET /session/7d4ef5db813d7a6cede0ad9a34edc09c/element/f.A871513E4156B49FEA6A1325266FBBC5.d.67A87A60E4A0E0C6F869D5E26CAD0EAC.e.18659/text - {}
RESULT: {}
COMMAND: GET /session/7d4ef5db813d7a6cede0ad9a34edc09c/element/f.A871513E4156B49FEA6A1325266FBBC5.d.67A87A60E4A0E0C6F869D5E26CAD0EAC.e.18198/text - {}
RESULT: {}
COMMAND: GET /session/7d4ef5db813d7a6cede0ad9a34edc09c/element/f.A871513E4156B49FEA6A1325266FBBC5.d.67A87A60E4A0E0C6F869D5E26CAD0EAC.e.18200/text - {}
RESULT: {}
COMMAND: GET /session/7d4ef5db813d7a6cede0ad9a34edc09c/element/f.A871513E4156B49FEA6A1325266FBBC5.d.67A87A60E4A0E0C6F869D5E26CAD0EAC.e.18628/text - {}
RESULT: {}
COMMAND: GET /session/7d4ef5db813d7a6cede0ad9a34edc09c/element/f.A871513E4156B49FEA6A1325266FBBC5.d.67A87A60E4A0E0C6F869D5E26CAD0EAC.e.18629/text - {}
RESULT: {}
COMMAND: GET /session/7d4ef5db813d7a6cede0ad9a34edc09c/element/f.A871513E4156B49FEA6A1325266FBBC5.d.67A87A60E4A0E0C6F869D5E26CAD0EAC.e.18630/text - {}
RESULT: {}
COMMAND: GET /session/7d4ef5db813d7a6cede0ad9a34edc09c/element/f.A871513E4156B49FEA6A1325266FBBC5.d.67A87A60E4A0E0C6F869D5E26CAD0EAC.e.18631/text - {}
RESULT: {}
COMMAND: GET /session/7d4ef5db813d7a6cede0ad9a34edc09c/element/f.A871513E4156B49FEA6A1325266FBBC5.d.67A87A60E4A0E0C6F869D5E26CAD0EAC.e.18632/text - {}
RESULT: {}
COMMAND: GET /session/7d4ef5db813d7a6cede0ad9a34edc09c/element/f.A871513E4156B49FEA6A1325266FBBC5.d.67A87A60E4A0E0C6F869D5E26CAD0EAC.e.18633/text - {}
RESULT: {}
COMMAND: GET /session/7d4ef5db813d7a6cede0ad9a34edc09c/element/f.A871513E4156B49FEA6A1325266FBBC5.d.67A87A60E4A0E0C6F869D5E26CAD0EAC.e.18634/text - {}
RESULT: {}
COMMAND: GET /session/7d4ef5db813d7a6cede0ad9a34edc09c/element/f.A871513E4156B49FEA6A1325266FBBC5.d.67A87A60E4A0E0C6F869D5E26CAD0EAC.e.18635/text - {}
RESULT: {}
COMMAND: GET /session/7d4ef5db813d7a6cede0ad9a34edc09c/element/f.A871513E4156B49FEA6A1325266FBBC5.d.67A87A60E4A0E0C6F869D5E26CAD0EAC.e.18636/text - {}
RESULT: {}
COMMAND: GET /session/7d4ef5db813d7a6cede0ad9a34edc09c/element/f.A871513E4156B49FEA6A1325266FBBC5.d.67A87A60E4A0E0C6F869D5E26CAD0EAC.e.18201/text - {}
RESULT: {}
COMMAND: POST /session/7d4ef5db813d7a6cede0ad9a34edc09c/element - {"using":"xpath","value":"//tbody[contains(@id, \"customHandoversTable-tblBody\")]/tr[1]/td[14]/div/span"}
RESULT: {"using":"xpath","value":"//tbody[contains(@id, \"customHandoversTable-tblBody\")]/tr[1]/td[14]/div/span"}
COMMAND: POST /session/7d4ef5db813d7a6cede0ad9a34edc09c/execute/sync - {"script":"<script> [56 bytes]","args":[{"element-6066-11e4-a52e-4f735466cecf":"f.A871513E4156B49FEA6A1325266FBBC5.d.67A87A60E4A0E0C6F869D5E26CAD0EAC.e.18711","ELEMENT":"f.A871513E4156B49FEA6A1325266FBBC5.d.67A87A60E4A0E0C6F869D5E26CAD0EAC.e.18711"}]}
RESULT: {"script":"<script> [56 bytes]","args":[{"element-6066-11e4-a52e-4f735466cecf":"f.A871513E4156B49FEA6A1325266FBBC5.d.67A87A60E4A0E0C6F869D5E26CAD0EAC.e.18711","ELEMENT":"f.A871513E4156B49FEA6A1325266FBBC5.d.67A87A60E4A0E0C6F869D5E26CAD0EAC.e.18711"}]}
COMMAND: GET /session/7d4ef5db813d7a6cede0ad9a34edc09c/screenshot - {}
COMMAND: GET /session/7d4ef5db813d7a6cede0ad9a34edc09c/screenshot - {}
RESULT: {}
]]></system-out>
      <system-err><![CDATA[
Error: expect(received).toEqual(expected) // deep equality

Expected: "provide (issued)"
Received: "provide (received)"
    at Context.<anonymous> (D:\a\1\s\test\specs\HTR\provide-to-site-wo-warehouse-wo-clarification.spec.js:270:30)
]]></system-err>
    </testcase>
    <testcase classname="chrome.136_0_7103_93.windows.Provide_to_Site_w/o_warehouse_management_w/o_clarification" name="Should Test for Handover Execution" time="13.13">
      <system-out><![CDATA[
COMMAND: POST /session/7d4ef5db813d7a6cede0ad9a34edc09c/element - {"using":"xpath","value":"(//span[contains(@id, \"imgNav\")])[1]"}
COMMAND: GET /session/7d4ef5db813d7a6cede0ad9a34edc09c/screenshot - {}
RESULT: {}
RESULT: {"using":"xpath","value":"(//span[contains(@id, \"imgNav\")])[1]"}
COMMAND: POST /session/7d4ef5db813d7a6cede0ad9a34edc09c/element/f.A871513E4156B49FEA6A1325266FBBC5.d.67A87A60E4A0E0C6F869D5E26CAD0EAC.e.18712/click - {}
RESULT: {}
RESULT: {}
COMMAND: GET /session/7d4ef5db813d7a6cede0ad9a34edc09c/screenshot - {}
RESULT: {}
COMMAND: POST /session/7d4ef5db813d7a6cede0ad9a34edc09c/element - {"using":"css selector","value":"#shell-header-logo"}
RESULT: {"using":"css selector","value":"#shell-header-logo"}
COMMAND: POST /session/7d4ef5db813d7a6cede0ad9a34edc09c/element/f.A871513E4156B49FEA6A1325266FBBC5.d.67A87A60E4A0E0C6F869D5E26CAD0EAC.e.17538/click - {}
RESULT: {}
COMMAND: GET /session/7d4ef5db813d7a6cede0ad9a34edc09c/screenshot - {}
RESULT: {}
]]></system-out>
    </testcase>
    <testcase classname="chrome.136_0_7103_93.windows.Provide_to_Site_w/o_warehouse_management_w/o_clarification" name="Should test for Clarification" time="0.005">
      <system-out><![CDATA[
COMMAND: POST /session/7d4ef5db813d7a6cede0ad9a34edc09c/element - {"using":"css selector","value":"#j_username"}
COMMAND: POST /session/7d4ef5db813d7a6cede0ad9a34edc09c/url - {"url":"https://qa-testing-00-live-etm-ui.cfapps.eu10-004.hana.ondemand.com/"}
COMMAND: GET /session/7d4ef5db813d7a6cede0ad9a34edc09c/screenshot - {}
RESULT: {"using":"css selector","value":"#j_username"}
COMMAND: POST /session/7d4ef5db813d7a6cede0ad9a34edc09c/element - {"using":"css selector","value":"#j_username"}
RESULT: {"url":"https://qa-testing-00-live-etm-ui.cfapps.eu10-004.hana.ondemand.com/"}
RESULT: undefined
COMMAND: GET /session/7d4ef5db813d7a6cede0ad9a34edc09c/screenshot - {}
RESULT: {}
RESULT: {"using":"css selector","value":"#j_username"}
COMMAND: POST /session/7d4ef5db813d7a6cede0ad9a34edc09c/element - {"using":"css selector","value":"#shell-header-logo"}
RESULT: {}
RESULT: {"using":"css selector","value":"#shell-header-logo"}
COMMAND: POST /session/7d4ef5db813d7a6cede0ad9a34edc09c/execute/sync - {"script":"<script> [8489 bytes]","args":[{"element-6066-11e4-a52e-4f735466cecf":"f.A871513E4156B49FEA6A1325266FBBC5.d.528B8AA8E30369B975B722EE36BD881E.e.18756","ELEMENT":"f.A871513E4156B49FEA6A1325266FBBC5.d.528B8AA8E30369B975B722EE36BD881E.e.18756"}]}
RESULT: {"script":"<script> [8489 bytes]","args":[{"element-6066-11e4-a52e-4f735466cecf":"f.A871513E4156B49FEA6A1325266FBBC5.d.528B8AA8E30369B975B722EE36BD881E.e.18756","ELEMENT":"f.A871513E4156B49FEA6A1325266FBBC5.d.528B8AA8E30369B975B722EE36BD881E.e.18756"}]}
COMMAND: POST /session/7d4ef5db813d7a6cede0ad9a34edc09c/element - {"using":"css selector","value":"#shell-header-logo"}
COMMAND: GET /session/7d4ef5db813d7a6cede0ad9a34edc09c/screenshot - {}
RESULT: {"using":"css selector","value":"#shell-header-logo"}
COMMAND: POST /session/7d4ef5db813d7a6cede0ad9a34edc09c/execute/sync - {"script":"<script> [8489 bytes]","args":[{"element-6066-11e4-a52e-4f735466cecf":"f.A871513E4156B49FEA6A1325266FBBC5.d.528B8AA8E30369B975B722EE36BD881E.e.18756","ELEMENT":"f.A871513E4156B49FEA6A1325266FBBC5.d.528B8AA8E30369B975B722EE36BD881E.e.18756"}]}
RESULT: {}
RESULT: {"script":"<script> [8489 bytes]","args":[{"element-6066-11e4-a52e-4f735466cecf":"f.A871513E4156B49FEA6A1325266FBBC5.d.528B8AA8E30369B975B722EE36BD881E.e.18756","ELEMENT":"f.A871513E4156B49FEA6A1325266FBBC5.d.528B8AA8E30369B975B722EE36BD881E.e.18756"}]}
COMMAND: POST /session/7d4ef5db813d7a6cede0ad9a34edc09c/execute/sync - {"script":"<script> [5351 bytes]","args":[{"element-6066-11e4-a52e-4f735466cecf":"f.A871513E4156B49FEA6A1325266FBBC5.d.528B8AA8E30369B975B722EE36BD881E.e.18756","ELEMENT":"f.A871513E4156B49FEA6A1325266FBBC5.d.528B8AA8E30369B975B722EE36BD881E.e.18756"}]}
COMMAND: GET /session/7d4ef5db813d7a6cede0ad9a34edc09c/screenshot - {}
RESULT: {"script":"<script> [5351 bytes]","args":[{"element-6066-11e4-a52e-4f735466cecf":"f.A871513E4156B49FEA6A1325266FBBC5.d.528B8AA8E30369B975B722EE36BD881E.e.18756","ELEMENT":"f.A871513E4156B49FEA6A1325266FBBC5.d.528B8AA8E30369B975B722EE36BD881E.e.18756"}]}
COMMAND: POST /session/7d4ef5db813d7a6cede0ad9a34edc09c/element - {"using":"css selector","value":"#shell-header-logo"}
COMMAND: GET /session/7d4ef5db813d7a6cede0ad9a34edc09c/screenshot - {}
RESULT: {}
RESULT: {"using":"css selector","value":"#shell-header-logo"}
COMMAND: POST /session/7d4ef5db813d7a6cede0ad9a34edc09c/element/f.A871513E4156B49FEA6A1325266FBBC5.d.528B8AA8E30369B975B722EE36BD881E.e.18756/click - {}
RESULT: {}
RESULT: {}
COMMAND: GET /session/7d4ef5db813d7a6cede0ad9a34edc09c/screenshot - {}
RESULT: {}
COMMAND: POST /session/7d4ef5db813d7a6cede0ad9a34edc09c/execute/async - {"script":"<script> [189 bytes]","args":[]}
RESULT: {"script":"<script> [189 bytes]","args":[]}
COMMAND: POST /session/7d4ef5db813d7a6cede0ad9a34edc09c/execute/async - {"script":"<script> [123 bytes]","args":[]}
RESULT: {"script":"<script> [123 bytes]","args":[]}
COMMAND: POST /session/7d4ef5db813d7a6cede0ad9a34edc09c/timeouts - {"script":"<number>"}
RESULT: {"script":"<number>"}
COMMAND: GET /session/7d4ef5db813d7a6cede0ad9a34edc09c/timeouts - {}
RESULT: {}
RESULT: undefined
COMMAND: POST /session/7d4ef5db813d7a6cede0ad9a34edc09c/execute/async - {"script":"<script> [2676 bytes]","args":[]}
RESULT: {"script":"<script> [2676 bytes]","args":[]}
COMMAND: POST /session/7d4ef5db813d7a6cede0ad9a34edc09c/execute/async - {"script":"<script> [2342 bytes]","args":[{"protocol":"http","hostname":"0.0.0.0","path":"/","capabilities":{"browserName":"chrome","goog:chromeOptions":{"binary":"C:\\Program Files\\Google\\Chrome\\Application\\chrome.exe","args":["--start-maximized"]}},"logLevel":"warn","connectionRetryTimeout":120000,"connectionRetryCount":3,"logLevels":{},"enableDirectConnect":true,"strictSSL":true,"_":"65 more keys: [\"cacheDir\",\"port\",\"requestedCapabilities\",\"automationProtocol\",\"baseUrl\",\"waitforInterval\",\"waitforTimeout\",\"onReload\",\"beforeCommand\",\"afterCommand\",\"rootDir\",\"specs\",\"suites\",\"exclude\",\"groupLogsByTestSpec\",\"excludeDriverLogs\",\"bail\",\"framework\",\"reporters\",\"services\",\"maxInstances\",\"maxInstancesPerCapability\",\"injectGlobals\",\"filesToWatch\",\"execArgv\",\"runnerEnv\",\"runner\",\"shard\",\"specFileRetries\",\"specFileRetriesDelay\",\"specFileRetriesDeferred\",\"reporterSyncInterval\",\"reporterSyncTimeout\",\"cucumberFeaturesWithLineNumbers\",\"autoCompileOpts\",\"mochaOpts\",\"jasmineOpts\",\"cucumberOpts\",\"onPrepare\",\"onWorkerStart\",\"onWorkerEnd\",\"before\",\"beforeSession\",\"beforeSuite\",\"beforeHook\",\"beforeTest\",\"afterTest\",\"afterHook\",\"afterSuite\",\"afterSession\",\"after\",\"onComplete\",\"beforeAssertion\",\"afterAssertion\",\"beforeFeature\",\"beforeScenario\",\"beforeStep\",\"afterStep\",\"afterScenario\",\"afterFeature\",\"_\",\"suite\",\"$0\",\"ignoredWorkerServices\",\"wdi5\"]"}]}
RESULT: {"script":"<script> [2342 bytes]","args":[{"protocol":"http","hostname":"0.0.0.0","path":"/","capabilities":{"browserName":"chrome","goog:chromeOptions":{"binary":"C:\\Program Files\\Google\\Chrome\\Application\\chrome.exe","args":["--start-maximized"]}},"logLevel":"warn","connectionRetryTimeout":120000,"connectionRetryCount":3,"logLevels":{},"enableDirectConnect":true,"strictSSL":true,"_":"65 more keys: [\"cacheDir\",\"port\",\"requestedCapabilities\",\"automationProtocol\",\"baseUrl\",\"waitforInterval\",\"waitforTimeout\",\"onReload\",\"beforeCommand\",\"afterCommand\",\"rootDir\",\"specs\",\"suites\",\"exclude\",\"groupLogsByTestSpec\",\"excludeDriverLogs\",\"bail\",\"framework\",\"reporters\",\"services\",\"maxInstances\",\"maxInstancesPerCapability\",\"injectGlobals\",\"filesToWatch\",\"execArgv\",\"runnerEnv\",\"runner\",\"shard\",\"specFileRetries\",\"specFileRetriesDelay\",\"specFileRetriesDeferred\",\"reporterSyncInterval\",\"reporterSyncTimeout\",\"cucumberFeaturesWithLineNumbers\",\"autoCompileOpts\",\"mochaOpts\",\"jasmineOpts\",\"cucumberOpts\",\"onPrepare\",\"onWorkerStart\",\"onWorkerEnd\",\"before\",\"beforeSession\",\"beforeSuite\",\"beforeHook\",\"beforeTest\",\"afterTest\",\"afterHook\",\"afterSuite\",\"afterSession\",\"after\",\"onComplete\",\"beforeAssertion\",\"afterAssertion\",\"beforeFeature\",\"beforeScenario\",\"beforeStep\",\"afterStep\",\"afterScenario\",\"afterFeature\",\"_\",\"suite\",\"$0\",\"ignoredWorkerServices\",\"wdi5\"]"}]}
COMMAND: POST /session/7d4ef5db813d7a6cede0ad9a34edc09c/execute/async - {"script":"<script> [21126 bytes]","args":[35000]}
RESULT: {"script":"<script> [21126 bytes]","args":[35000]}
COMMAND: POST /session/7d4ef5db813d7a6cede0ad9a34edc09c/window/maximize - {}
RESULT: {}
COMMAND: POST /session/7d4ef5db813d7a6cede0ad9a34edc09c/execute/async - {"script":"<script> [1562 bytes]","args":[{"selector":{"id":"shell-header","interaction":{"idSuffix":"icon"}},"wdio_ui5_key":"shellheader"}]}
COMMAND: GET /session/7d4ef5db813d7a6cede0ad9a34edc09c/screenshot - {}
RESULT: {"script":"<script> [1562 bytes]","args":[{"selector":{"id":"shell-header","interaction":{"idSuffix":"icon"}},"wdio_ui5_key":"shellheader"}]}
RESULT: undefined
COMMAND: POST /session/7d4ef5db813d7a6cede0ad9a34edc09c/refresh - {}
RESULT: {}
RESULT: {}
COMMAND: GET /session/7d4ef5db813d7a6cede0ad9a34edc09c/screenshot - {}
RESULT: {}
COMMAND: POST /session/7d4ef5db813d7a6cede0ad9a34edc09c/refresh - {}
RESULT: {}
COMMAND: GET /session/7d4ef5db813d7a6cede0ad9a34edc09c/screenshot - {}
RESULT: {}
COMMAND: POST /session/7d4ef5db813d7a6cede0ad9a34edc09c/window/fullscreen - {}
RESULT: {}
COMMAND: POST /session/7d4ef5db813d7a6cede0ad9a34edc09c/execute/async - {"script":"<script> [189 bytes]","args":[]}
RESULT: {"script":"<script> [189 bytes]","args":[]}
COMMAND: POST /session/7d4ef5db813d7a6cede0ad9a34edc09c/execute/async - {"script":"<script> [123 bytes]","args":[]}
RESULT: {"script":"<script> [123 bytes]","args":[]}
COMMAND: POST /session/7d4ef5db813d7a6cede0ad9a34edc09c/timeouts - {"script":"<number>"}
RESULT: {"script":"<number>"}
COMMAND: GET /session/7d4ef5db813d7a6cede0ad9a34edc09c/timeouts - {}
RESULT: {}
RESULT: undefined
COMMAND: POST /session/7d4ef5db813d7a6cede0ad9a34edc09c/execute/async - {"script":"<script> [2676 bytes]","args":[]}
RESULT: {"script":"<script> [2676 bytes]","args":[]}
COMMAND: POST /session/7d4ef5db813d7a6cede0ad9a34edc09c/execute/async - {"script":"<script> [2342 bytes]","args":[{"protocol":"http","hostname":"0.0.0.0","path":"/","capabilities":{"browserName":"chrome","goog:chromeOptions":{"binary":"C:\\Program Files\\Google\\Chrome\\Application\\chrome.exe","args":["--start-maximized"]}},"logLevel":"warn","connectionRetryTimeout":120000,"connectionRetryCount":3,"logLevels":{},"enableDirectConnect":true,"strictSSL":true,"_":"65 more keys: [\"cacheDir\",\"port\",\"requestedCapabilities\",\"automationProtocol\",\"baseUrl\",\"waitforInterval\",\"waitforTimeout\",\"onReload\",\"beforeCommand\",\"afterCommand\",\"rootDir\",\"specs\",\"suites\",\"exclude\",\"groupLogsByTestSpec\",\"excludeDriverLogs\",\"bail\",\"framework\",\"reporters\",\"services\",\"maxInstances\",\"maxInstancesPerCapability\",\"injectGlobals\",\"filesToWatch\",\"execArgv\",\"runnerEnv\",\"runner\",\"shard\",\"specFileRetries\",\"specFileRetriesDelay\",\"specFileRetriesDeferred\",\"reporterSyncInterval\",\"reporterSyncTimeout\",\"cucumberFeaturesWithLineNumbers\",\"autoCompileOpts\",\"mochaOpts\",\"jasmineOpts\",\"cucumberOpts\",\"onPrepare\",\"onWorkerStart\",\"onWorkerEnd\",\"before\",\"beforeSession\",\"beforeSuite\",\"beforeHook\",\"beforeTest\",\"afterTest\",\"afterHook\",\"afterSuite\",\"afterSession\",\"after\",\"onComplete\",\"beforeAssertion\",\"afterAssertion\",\"beforeFeature\",\"beforeScenario\",\"beforeStep\",\"afterStep\",\"afterScenario\",\"afterFeature\",\"_\",\"suite\",\"$0\",\"ignoredWorkerServices\",\"wdi5\"]"}]}
RESULT: {"script":"<script> [2342 bytes]","args":[{"protocol":"http","hostname":"0.0.0.0","path":"/","capabilities":{"browserName":"chrome","goog:chromeOptions":{"binary":"C:\\Program Files\\Google\\Chrome\\Application\\chrome.exe","args":["--start-maximized"]}},"logLevel":"warn","connectionRetryTimeout":120000,"connectionRetryCount":3,"logLevels":{},"enableDirectConnect":true,"strictSSL":true,"_":"65 more keys: [\"cacheDir\",\"port\",\"requestedCapabilities\",\"automationProtocol\",\"baseUrl\",\"waitforInterval\",\"waitforTimeout\",\"onReload\",\"beforeCommand\",\"afterCommand\",\"rootDir\",\"specs\",\"suites\",\"exclude\",\"groupLogsByTestSpec\",\"excludeDriverLogs\",\"bail\",\"framework\",\"reporters\",\"services\",\"maxInstances\",\"maxInstancesPerCapability\",\"injectGlobals\",\"filesToWatch\",\"execArgv\",\"runnerEnv\",\"runner\",\"shard\",\"specFileRetries\",\"specFileRetriesDelay\",\"specFileRetriesDeferred\",\"reporterSyncInterval\",\"reporterSyncTimeout\",\"cucumberFeaturesWithLineNumbers\",\"autoCompileOpts\",\"mochaOpts\",\"jasmineOpts\",\"cucumberOpts\",\"onPrepare\",\"onWorkerStart\",\"onWorkerEnd\",\"before\",\"beforeSession\",\"beforeSuite\",\"beforeHook\",\"beforeTest\",\"afterTest\",\"afterHook\",\"afterSuite\",\"afterSession\",\"after\",\"onComplete\",\"beforeAssertion\",\"afterAssertion\",\"beforeFeature\",\"beforeScenario\",\"beforeStep\",\"afterStep\",\"afterScenario\",\"afterFeature\",\"_\",\"suite\",\"$0\",\"ignoredWorkerServices\",\"wdi5\"]"}]}
COMMAND: POST /session/7d4ef5db813d7a6cede0ad9a34edc09c/execute/async - {"script":"<script> [21126 bytes]","args":[35000]}
RESULT: {"script":"<script> [21126 bytes]","args":[35000]}
]]></system-out>
    </testcase>
  </testsuite>
  <testsuite timestamp="2025-05-21T17:14:14" time="186.674" tests="6" failures="0" errors="0" skipped="0">
    <properties>
      <property name="specId" value="0"/>
      <property name="suiteName" value="Return from Site w/ warehouse management w/ clarification US125588"/>
      <property name="capabilities" value="chrome.136_0_7103_93.windows"/>
      <property name="file" value="file:///D:/a/1/s/test/specs/HTR/return-from-site-w-warehouse-management-w-clarification.spec.js"/>
    </properties>
    <testcase classname="chrome.136_0_7103_93.windows.Return_from_Site_w/_warehouse_management_w/_clarification_US125588" name="Should create a new WHM yard" time="0.025">
      <system-out><![CDATA[
COMMAND: POST /session/7d4ef5db813d7a6cede0ad9a34edc09c/window/fullscreen - {}
RESULT: {}
]]></system-out>
    </testcase>
    <testcase classname="chrome.136_0_7103_93.windows.Return_from_Site_w/_warehouse_management_w/_clarification_US125588" name="Should create a new external WHM partner" time="0.004"/>
    <testcase classname="chrome.136_0_7103_93.windows.Return_from_Site_w/_warehouse_management_w/_clarification_US125588" name="Should create a new WHM site" time="0.004"/>
    <testcase classname="chrome.136_0_7103_93.windows.Return_from_Site_w/_warehouse_management_w/_clarification_US125588" name="Should create a new material" time="138.732">
      <system-out><![CDATA[
COMMAND: POST /session/7d4ef5db813d7a6cede0ad9a34edc09c/execute/async - {"script":"<script> [1562 bytes]","args":[{"selector":{"controlType":"sap.m.GenericTile","properties":{"header":"Manage Resources"}},"wdio_ui5_key":"sapm.GenericTile{\"header\":\"Manage Resources\"}"}]}
RESULT: {"script":"<script> [1562 bytes]","args":[{"selector":{"controlType":"sap.m.GenericTile","properties":{"header":"Manage Resources"}},"wdio_ui5_key":"sapm.GenericTile{\"header\":\"Manage Resources\"}"}]}
RESULT: undefined
COMMAND: POST /session/7d4ef5db813d7a6cede0ad9a34edc09c/element - {"using":"xpath","value":"//*[@id=\"__tile39\"]"}
RESULT: {"using":"xpath","value":"//*[@id=\"__tile39\"]"}
COMMAND: POST /session/7d4ef5db813d7a6cede0ad9a34edc09c/element/f.A871513E4156B49FEA6A1325266FBBC5.d.8A3B56C947B16D92CABC310F6F72C614.e.18914/click - {}
RESULT: {}
COMMAND: GET /session/7d4ef5db813d7a6cede0ad9a34edc09c/screenshot - {}
RESULT: {}
COMMAND: POST /session/7d4ef5db813d7a6cede0ad9a34edc09c/elements - {"using":"xpath","value":"//span[text()='Error']"}
RESULT: {"using":"xpath","value":"//span[text()='Error']"}
COMMAND: POST /session/7d4ef5db813d7a6cede0ad9a34edc09c/element - {"using":"xpath","value":"//button[@data-kt=\"addNewRUOverflowToolbarButton\"]"}
RESULT: {"using":"xpath","value":"//button[@data-kt=\"addNewRUOverflowToolbarButton\"]"}
COMMAND: POST /session/7d4ef5db813d7a6cede0ad9a34edc09c/elements - {"using":"xpath","value":"//button[@data-kt=\"addNewRUOverflowToolbarButton\"]"}
RESULT: {"using":"xpath","value":"//button[@data-kt=\"addNewRUOverflowToolbarButton\"]"}
COMMAND: POST /session/7d4ef5db813d7a6cede0ad9a34edc09c/elements - {"using":"xpath","value":"//button[@data-kt=\"addNewRUOverflowToolbarButton\"]"}
RESULT: {"using":"xpath","value":"//button[@data-kt=\"addNewRUOverflowToolbarButton\"]"}
COMMAND: POST /session/7d4ef5db813d7a6cede0ad9a34edc09c/elements - {"using":"xpath","value":"//button[@data-kt=\"addNewRUOverflowToolbarButton\"]"}
RESULT: {"using":"xpath","value":"//button[@data-kt=\"addNewRUOverflowToolbarButton\"]"}
COMMAND: POST /session/7d4ef5db813d7a6cede0ad9a34edc09c/elements - {"using":"xpath","value":"//button[@data-kt=\"addNewRUOverflowToolbarButton\"]"}
RESULT: {"using":"xpath","value":"//button[@data-kt=\"addNewRUOverflowToolbarButton\"]"}
COMMAND: POST /session/7d4ef5db813d7a6cede0ad9a34edc09c/elements - {"using":"xpath","value":"//button[@data-kt=\"addNewRUOverflowToolbarButton\"]"}
RESULT: {"using":"xpath","value":"//button[@data-kt=\"addNewRUOverflowToolbarButton\"]"}
COMMAND: POST /session/7d4ef5db813d7a6cede0ad9a34edc09c/elements - {"using":"xpath","value":"//button[@data-kt=\"addNewRUOverflowToolbarButton\"]"}
RESULT: {"using":"xpath","value":"//button[@data-kt=\"addNewRUOverflowToolbarButton\"]"}
COMMAND: POST /session/7d4ef5db813d7a6cede0ad9a34edc09c/elements - {"using":"xpath","value":"//button[@data-kt=\"addNewRUOverflowToolbarButton\"]"}
RESULT: {"using":"xpath","value":"//button[@data-kt=\"addNewRUOverflowToolbarButton\"]"}
COMMAND: POST /session/7d4ef5db813d7a6cede0ad9a34edc09c/elements - {"using":"xpath","value":"//button[@data-kt=\"addNewRUOverflowToolbarButton\"]"}
RESULT: {"using":"xpath","value":"//button[@data-kt=\"addNewRUOverflowToolbarButton\"]"}
COMMAND: POST /session/7d4ef5db813d7a6cede0ad9a34edc09c/elements - {"using":"xpath","value":"//button[@data-kt=\"addNewRUOverflowToolbarButton\"]"}
RESULT: {"using":"xpath","value":"//button[@data-kt=\"addNewRUOverflowToolbarButton\"]"}
COMMAND: POST /session/7d4ef5db813d7a6cede0ad9a34edc09c/elements - {"using":"xpath","value":"//button[@data-kt=\"addNewRUOverflowToolbarButton\"]"}
RESULT: {"using":"xpath","value":"//button[@data-kt=\"addNewRUOverflowToolbarButton\"]"}
COMMAND: POST /session/7d4ef5db813d7a6cede0ad9a34edc09c/elements - {"using":"xpath","value":"//button[@data-kt=\"addNewRUOverflowToolbarButton\"]"}
RESULT: {"using":"xpath","value":"//button[@data-kt=\"addNewRUOverflowToolbarButton\"]"}
COMMAND: POST /session/7d4ef5db813d7a6cede0ad9a34edc09c/elements - {"using":"xpath","value":"//button[@data-kt=\"addNewRUOverflowToolbarButton\"]"}
RESULT: {"using":"xpath","value":"//button[@data-kt=\"addNewRUOverflowToolbarButton\"]"}
COMMAND: POST /session/7d4ef5db813d7a6cede0ad9a34edc09c/elements - {"using":"xpath","value":"//button[@data-kt=\"addNewRUOverflowToolbarButton\"]"}
RESULT: {"using":"xpath","value":"//button[@data-kt=\"addNewRUOverflowToolbarButton\"]"}
COMMAND: POST /session/7d4ef5db813d7a6cede0ad9a34edc09c/elements - {"using":"xpath","value":"//button[@data-kt=\"addNewRUOverflowToolbarButton\"]"}
RESULT: {"using":"xpath","value":"//button[@data-kt=\"addNewRUOverflowToolbarButton\"]"}
COMMAND: POST /session/7d4ef5db813d7a6cede0ad9a34edc09c/elements - {"using":"xpath","value":"//button[@data-kt=\"addNewRUOverflowToolbarButton\"]"}
RESULT: {"using":"xpath","value":"//button[@data-kt=\"addNewRUOverflowToolbarButton\"]"}
COMMAND: POST /session/7d4ef5db813d7a6cede0ad9a34edc09c/elements - {"using":"xpath","value":"//button[@data-kt=\"addNewRUOverflowToolbarButton\"]"}
RESULT: {"using":"xpath","value":"//button[@data-kt=\"addNewRUOverflowToolbarButton\"]"}
COMMAND: POST /session/7d4ef5db813d7a6cede0ad9a34edc09c/elements - {"using":"xpath","value":"//button[@data-kt=\"addNewRUOverflowToolbarButton\"]"}
RESULT: {"using":"xpath","value":"//button[@data-kt=\"addNewRUOverflowToolbarButton\"]"}
COMMAND: POST /session/7d4ef5db813d7a6cede0ad9a34edc09c/elements - {"using":"xpath","value":"//button[@data-kt=\"addNewRUOverflowToolbarButton\"]"}
RESULT: {"using":"xpath","value":"//button[@data-kt=\"addNewRUOverflowToolbarButton\"]"}
COMMAND: POST /session/7d4ef5db813d7a6cede0ad9a34edc09c/elements - {"using":"xpath","value":"//button[@data-kt=\"addNewRUOverflowToolbarButton\"]"}
RESULT: {"using":"xpath","value":"//button[@data-kt=\"addNewRUOverflowToolbarButton\"]"}
COMMAND: POST /session/7d4ef5db813d7a6cede0ad9a34edc09c/elements - {"using":"xpath","value":"//button[@data-kt=\"addNewRUOverflowToolbarButton\"]"}
RESULT: {"using":"xpath","value":"//button[@data-kt=\"addNewRUOverflowToolbarButton\"]"}
COMMAND: POST /session/7d4ef5db813d7a6cede0ad9a34edc09c/element - {"using":"xpath","value":"//button[@data-kt=\"addNewRUOverflowToolbarButton\"]"}
RESULT: {"using":"xpath","value":"//button[@data-kt=\"addNewRUOverflowToolbarButton\"]"}
COMMAND: POST /session/7d4ef5db813d7a6cede0ad9a34edc09c/execute/sync - {"script":"<script> [8489 bytes]","args":[{"element-6066-11e4-a52e-4f735466cecf":"f.A871513E4156B49FEA6A1325266FBBC5.d.8A3B56C947B16D92CABC310F6F72C614.e.19053","ELEMENT":"f.A871513E4156B49FEA6A1325266FBBC5.d.8A3B56C947B16D92CABC310F6F72C614.e.19053"}]}
RESULT: {"script":"<script> [8489 bytes]","args":[{"element-6066-11e4-a52e-4f735466cecf":"f.A871513E4156B49FEA6A1325266FBBC5.d.8A3B56C947B16D92CABC310F6F72C614.e.19053","ELEMENT":"f.A871513E4156B49FEA6A1325266FBBC5.d.8A3B56C947B16D92CABC310F6F72C614.e.19053"}]}
COMMAND: GET /session/7d4ef5db813d7a6cede0ad9a34edc09c/element/f.A871513E4156B49FEA6A1325266FBBC5.d.8A3B56C947B16D92CABC310F6F72C614.e.19053/enabled - {}
COMMAND: GET /session/7d4ef5db813d7a6cede0ad9a34edc09c/screenshot - {}
RESULT: {}
COMMAND: POST /session/7d4ef5db813d7a6cede0ad9a34edc09c/execute/sync - {"script":"<script> [8489 bytes]","args":[{"element-6066-11e4-a52e-4f735466cecf":"f.A871513E4156B49FEA6A1325266FBBC5.d.8A3B56C947B16D92CABC310F6F72C614.e.19053","ELEMENT":"f.A871513E4156B49FEA6A1325266FBBC5.d.8A3B56C947B16D92CABC310F6F72C614.e.19053"}]}
COMMAND: GET /session/7d4ef5db813d7a6cede0ad9a34edc09c/screenshot - {}
RESULT: {}
RESULT: {"script":"<script> [8489 bytes]","args":[{"element-6066-11e4-a52e-4f735466cecf":"f.A871513E4156B49FEA6A1325266FBBC5.d.8A3B56C947B16D92CABC310F6F72C614.e.19053","ELEMENT":"f.A871513E4156B49FEA6A1325266FBBC5.d.8A3B56C947B16D92CABC310F6F72C614.e.19053"}]}
COMMAND: POST /session/7d4ef5db813d7a6cede0ad9a34edc09c/execute/sync - {"script":"<script> [5351 bytes]","args":[{"element-6066-11e4-a52e-4f735466cecf":"f.A871513E4156B49FEA6A1325266FBBC5.d.8A3B56C947B16D92CABC310F6F72C614.e.19053","ELEMENT":"f.A871513E4156B49FEA6A1325266FBBC5.d.8A3B56C947B16D92CABC310F6F72C614.e.19053"}]}
COMMAND: GET /session/7d4ef5db813d7a6cede0ad9a34edc09c/screenshot - {}
RESULT: {}
RESULT: {"script":"<script> [5351 bytes]","args":[{"element-6066-11e4-a52e-4f735466cecf":"f.A871513E4156B49FEA6A1325266FBBC5.d.8A3B56C947B16D92CABC310F6F72C614.e.19053","ELEMENT":"f.A871513E4156B49FEA6A1325266FBBC5.d.8A3B56C947B16D92CABC310F6F72C614.e.19053"}]}
COMMAND: POST /session/7d4ef5db813d7a6cede0ad9a34edc09c/element/f.A871513E4156B49FEA6A1325266FBBC5.d.8A3B56C947B16D92CABC310F6F72C614.e.19053/click - {}
COMMAND: GET /session/7d4ef5db813d7a6cede0ad9a34edc09c/screenshot - {}
RESULT: {}
RESULT: {}
COMMAND: GET /session/7d4ef5db813d7a6cede0ad9a34edc09c/screenshot - {}
COMMAND: POST /session/7d4ef5db813d7a6cede0ad9a34edc09c/execute/async - {"script":"<script> [1562 bytes]","args":[{"selector":{"id":"application-manageresources-display-component---newResourceUnit--TYPE-arrow"},"wdio_ui5_key":"applicationmanageresources-display-component---newResourceUnit--TYPE-arrow"}]}
RESULT: {}
RESULT: {}
RESULT: {"script":"<script> [1562 bytes]","args":[{"selector":{"id":"application-manageresources-display-component---newResourceUnit--TYPE-arrow"},"wdio_ui5_key":"applicationmanageresources-display-component---newResourceUnit--TYPE-arrow"}]}
RESULT: undefined
COMMAND: POST /session/7d4ef5db813d7a6cede0ad9a34edc09c/element - {"using":"xpath","value":"//*[@id=\"application-manageresources-display-component---newResourceUnit--TYPE-arrow\"]"}
RESULT: {"using":"xpath","value":"//*[@id=\"application-manageresources-display-component---newResourceUnit--TYPE-arrow\"]"}
COMMAND: POST /session/7d4ef5db813d7a6cede0ad9a34edc09c/element/f.A871513E4156B49FEA6A1325266FBBC5.d.8A3B56C947B16D92CABC310F6F72C614.e.19410/click - {}
RESULT: {}
COMMAND: POST /session/7d4ef5db813d7a6cede0ad9a34edc09c/element - {"using":"xpath","value":"//input[@id=\"application-manageresources-display-component---newResourceUnit--TYPE-inner\"]"}
COMMAND: GET /session/7d4ef5db813d7a6cede0ad9a34edc09c/screenshot - {}
RESULT: {"using":"xpath","value":"//input[@id=\"application-manageresources-display-component---newResourceUnit--TYPE-inner\"]"}
COMMAND: POST /session/7d4ef5db813d7a6cede0ad9a34edc09c/element/f.A871513E4156B49FEA6A1325266FBBC5.d.8A3B56C947B16D92CABC310F6F72C614.e.19403/clear - {}
RESULT: {}
RESULT: {}
COMMAND: POST /session/7d4ef5db813d7a6cede0ad9a34edc09c/element/f.A871513E4156B49FEA6A1325266FBBC5.d.8A3B56C947B16D92CABC310F6F72C614.e.19403/value - {"text":"Material"}
COMMAND: GET /session/7d4ef5db813d7a6cede0ad9a34edc09c/screenshot - {}
RESULT: {"text":"Material"}
COMMAND: GET /session/7d4ef5db813d7a6cede0ad9a34edc09c/screenshot - {}
RESULT: {}
RESULT: {}
COMMAND: POST /session/7d4ef5db813d7a6cede0ad9a34edc09c/actions - {"actions":[{"id":"action62","type":"key","parameters":{},"actions":[{"type":"keyDown","value":""},{"type":"pause","duration":10},{"type":"keyUp","value":""}]}]}
RESULT: {"actions":[{"id":"action62","type":"key","parameters":{},"actions":[{"type":"keyDown","value":""},{"type":"pause","duration":10},{"type":"keyUp","value":""}]}]}
COMMAND: POST /session/7d4ef5db813d7a6cede0ad9a34edc09c/execute/async - {"script":"<script> [1562 bytes]","args":[{"selector":{"id":"application-manageresources-display-component---newResourceUnit--SHORT_TEXT","interaction":{"idSuffix":"inner"}},"wdio_ui5_key":"applicationmanageresources-display-component---newResourceUnit--SHORT_TEXT"}]}
COMMAND: GET /session/7d4ef5db813d7a6cede0ad9a34edc09c/screenshot - {}
RESULT: {"script":"<script> [1562 bytes]","args":[{"selector":{"id":"application-manageresources-display-component---newResourceUnit--SHORT_TEXT","interaction":{"idSuffix":"inner"}},"wdio_ui5_key":"applicationmanageresources-display-component---newResourceUnit--SHORT_TEXT"}]}
RESULT: undefined
COMMAND: POST /session/7d4ef5db813d7a6cede0ad9a34edc09c/execute/async - {"script":"<script> [776 bytes]","args":[{"enterText":"Cement WDIO","selector":{"id":"application-manageresources-display-component---newResourceUnit--SHORT_TEXT","interaction":{"idSuffix":"inner"}},"clearTextFirst":true,"interactionType":"ENTER_TEXT"}]}
RESULT: {}
RESULT: {"script":"<script> [776 bytes]","args":[{"enterText":"Cement WDIO","selector":{"id":"application-manageresources-display-component---newResourceUnit--SHORT_TEXT","interaction":{"idSuffix":"inner"}},"clearTextFirst":true,"interactionType":"ENTER_TEXT"}]}
COMMAND: POST /session/7d4ef5db813d7a6cede0ad9a34edc09c/execute/async - {"script":"<script> [1562 bytes]","args":[{"selector":{"id":"application-manageresources-display-component---newResourceUnit--BASE_UNIT_OF_MEASURE","interaction":{"idSuffix":"inner"}},"wdio_ui5_key":"applicationmanageresources-display-component---newResourceUnit--BASE_UNIT_OF_MEASURE"}]}
RESULT: {"script":"<script> [1562 bytes]","args":[{"selector":{"id":"application-manageresources-display-component---newResourceUnit--BASE_UNIT_OF_MEASURE","interaction":{"idSuffix":"inner"}},"wdio_ui5_key":"applicationmanageresources-display-component---newResourceUnit--BASE_UNIT_OF_MEASURE"}]}
RESULT: undefined
COMMAND: POST /session/7d4ef5db813d7a6cede0ad9a34edc09c/execute/async - {"script":"<script> [776 bytes]","args":[{"enterText":"Piece","selector":{"id":"application-manageresources-display-component---newResourceUnit--BASE_UNIT_OF_MEASURE","interaction":{"idSuffix":"inner"}},"clearTextFirst":true,"interactionType":"ENTER_TEXT"}]}
RESULT: {"script":"<script> [776 bytes]","args":[{"enterText":"Piece","selector":{"id":"application-manageresources-display-component---newResourceUnit--BASE_UNIT_OF_MEASURE","interaction":{"idSuffix":"inner"}},"clearTextFirst":true,"interactionType":"ENTER_TEXT"}]}
COMMAND: POST /session/7d4ef5db813d7a6cede0ad9a34edc09c/execute/async - {"script":"<script> [1562 bytes]","args":[{"selector":{"id":"application-manageresources-display-component---newResourceUnit--WEIGHT_UNIT","interaction":{"idSuffix":"inner"}},"wdio_ui5_key":"applicationmanageresources-display-component---newResourceUnit--WEIGHT_UNIT"}]}
RESULT: {"script":"<script> [1562 bytes]","args":[{"selector":{"id":"application-manageresources-display-component---newResourceUnit--WEIGHT_UNIT","interaction":{"idSuffix":"inner"}},"wdio_ui5_key":"applicationmanageresources-display-component---newResourceUnit--WEIGHT_UNIT"}]}
RESULT: undefined
COMMAND: POST /session/7d4ef5db813d7a6cede0ad9a34edc09c/execute/async - {"script":"<script> [776 bytes]","args":[{"enterText":"Gram","selector":{"id":"application-manageresources-display-component---newResourceUnit--WEIGHT_UNIT","interaction":{"idSuffix":"inner"}},"clearTextFirst":true,"interactionType":"ENTER_TEXT"}]}
RESULT: {"script":"<script> [776 bytes]","args":[{"enterText":"Gram","selector":{"id":"application-manageresources-display-component---newResourceUnit--WEIGHT_UNIT","interaction":{"idSuffix":"inner"}},"clearTextFirst":true,"interactionType":"ENTER_TEXT"}]}
COMMAND: POST /session/7d4ef5db813d7a6cede0ad9a34edc09c/execute/async - {"script":"<script> [1562 bytes]","args":[{"selector":{"id":"application-manageresources-display-component---newResourceUnit--DIMENSION_UNIT","interaction":{"idSuffix":"inner"}},"wdio_ui5_key":"applicationmanageresources-display-component---newResourceUnit--DIMENSION_UNIT"}]}
RESULT: {"script":"<script> [1562 bytes]","args":[{"selector":{"id":"application-manageresources-display-component---newResourceUnit--DIMENSION_UNIT","interaction":{"idSuffix":"inner"}},"wdio_ui5_key":"applicationmanageresources-display-component---newResourceUnit--DIMENSION_UNIT"}]}
RESULT: undefined
COMMAND: POST /session/7d4ef5db813d7a6cede0ad9a34edc09c/execute/async - {"script":"<script> [776 bytes]","args":[{"enterText":"Meter","selector":{"id":"application-manageresources-display-component---newResourceUnit--DIMENSION_UNIT","interaction":{"idSuffix":"inner"}},"clearTextFirst":true,"interactionType":"ENTER_TEXT"}]}
RESULT: {"script":"<script> [776 bytes]","args":[{"enterText":"Meter","selector":{"id":"application-manageresources-display-component---newResourceUnit--DIMENSION_UNIT","interaction":{"idSuffix":"inner"}},"clearTextFirst":true,"interactionType":"ENTER_TEXT"}]}
COMMAND: POST /session/7d4ef5db813d7a6cede0ad9a34edc09c/execute/async - {"script":"<script> [1562 bytes]","args":[{"selector":{"id":"application-manageresources-display-component---newResourceUnit--newRRUPage-anchBar-application-manageresources-display-component---newResourceUnit--control-anchor","interaction":{"idSuffix":"BDI-content"}},"wdio_ui5_key":"applicationmanageresources-display-component---newResourceUnit--newRRUPage-anchBar-application-manageresources-display-component---newResourceUnit--control-anchor"}]}
RESULT: {"script":"<script> [1562 bytes]","args":[{"selector":{"id":"application-manageresources-display-component---newResourceUnit--newRRUPage-anchBar-application-manageresources-display-component---newResourceUnit--control-anchor","interaction":{"idSuffix":"BDI-content"}},"wdio_ui5_key":"applicationmanageresources-display-component---newResourceUnit--newRRUPage-anchBar-application-manageresources-display-component---newResourceUnit--control-anchor"}]}
RESULT: undefined
COMMAND: POST /session/7d4ef5db813d7a6cede0ad9a34edc09c/element - {"using":"xpath","value":"//*[@id=\"application-manageresources-display-component---newResourceUnit--newRRUPage-anchBar-application-manageresources-display-component---newResourceUnit--control-anchor\"]"}
RESULT: {"using":"xpath","value":"//*[@id=\"application-manageresources-display-component---newResourceUnit--newRRUPage-anchBar-application-manageresources-display-component---newResourceUnit--control-anchor\"]"}
COMMAND: POST /session/7d4ef5db813d7a6cede0ad9a34edc09c/element/f.A871513E4156B49FEA6A1325266FBBC5.d.8A3B56C947B16D92CABC310F6F72C614.e.19475/click - {}
RESULT: {}
COMMAND: POST /session/7d4ef5db813d7a6cede0ad9a34edc09c/execute/async - {"script":"<script> [1562 bytes]","args":[{"selector":{"id":"application-manageresources-display-component---newResourceUnit--PLANNING_GROUP","interaction":{"idSuffix":"inner"}},"wdio_ui5_key":"applicationmanageresources-display-component---newResourceUnit--PLANNING_GROUP"}]}
COMMAND: GET /session/7d4ef5db813d7a6cede0ad9a34edc09c/screenshot - {}
RESULT: {"script":"<script> [1562 bytes]","args":[{"selector":{"id":"application-manageresources-display-component---newResourceUnit--PLANNING_GROUP","interaction":{"idSuffix":"inner"}},"wdio_ui5_key":"applicationmanageresources-display-component---newResourceUnit--PLANNING_GROUP"}]}
RESULT: undefined
COMMAND: POST /session/7d4ef5db813d7a6cede0ad9a34edc09c/execute/async - {"script":"<script> [776 bytes]","args":[{"enterText":"Material","selector":{"id":"application-manageresources-display-component---newResourceUnit--PLANNING_GROUP","interaction":{"idSuffix":"inner"}},"clearTextFirst":true,"interactionType":"ENTER_TEXT"}]}
RESULT: {}
RESULT: {"script":"<script> [776 bytes]","args":[{"enterText":"Material","selector":{"id":"application-manageresources-display-component---newResourceUnit--PLANNING_GROUP","interaction":{"idSuffix":"inner"}},"clearTextFirst":true,"interactionType":"ENTER_TEXT"}]}
COMMAND: POST /session/7d4ef5db813d7a6cede0ad9a34edc09c/execute/async - {"script":"<script> [1562 bytes]","args":[{"selector":{"id":"application-manageresources-display-component---newResourceUnit--PLANNING_INDICATOR","interaction":{"idSuffix":"inner"}},"wdio_ui5_key":"applicationmanageresources-display-component---newResourceUnit--PLANNING_INDICATOR"}]}
RESULT: {"script":"<script> [1562 bytes]","args":[{"selector":{"id":"application-manageresources-display-component---newResourceUnit--PLANNING_INDICATOR","interaction":{"idSuffix":"inner"}},"wdio_ui5_key":"applicationmanageresources-display-component---newResourceUnit--PLANNING_INDICATOR"}]}
RESULT: undefined
COMMAND: POST /session/7d4ef5db813d7a6cede0ad9a34edc09c/execute/async - {"script":"<script> [776 bytes]","args":[{"enterText":"10 - infinite","selector":{"id":"application-manageresources-display-component---newResourceUnit--PLANNING_INDICATOR","interaction":{"idSuffix":"inner"}},"clearTextFirst":true,"interactionType":"ENTER_TEXT"}]}
RESULT: {"script":"<script> [776 bytes]","args":[{"enterText":"10 - infinite","selector":{"id":"application-manageresources-display-component---newResourceUnit--PLANNING_INDICATOR","interaction":{"idSuffix":"inner"}},"clearTextFirst":true,"interactionType":"ENTER_TEXT"}]}
COMMAND: POST /session/7d4ef5db813d7a6cede0ad9a34edc09c/element - {"using":"css selector","value":"#application-manageresources-display-component---newResourceUnit--btnAddTimeSegment"}
RESULT: {"using":"css selector","value":"#application-manageresources-display-component---newResourceUnit--btnAddTimeSegment"}
COMMAND: GET /session/7d4ef5db813d7a6cede0ad9a34edc09c/element/f.A871513E4156B49FEA6A1325266FBBC5.d.8A3B56C947B16D92CABC310F6F72C614.e.19483/rect - {}
RESULT: {}
COMMAND: GET /session/7d4ef5db813d7a6cede0ad9a34edc09c/window/rect - {}
RESULT: {}
COMMAND: POST /session/7d4ef5db813d7a6cede0ad9a34edc09c/execute/sync - {"script":"<script> [92 bytes]","args":[]}
RESULT: {"script":"<script> [92 bytes]","args":[]}
COMMAND: POST /session/7d4ef5db813d7a6cede0ad9a34edc09c/actions - {"actions":[{"id":"action63","type":"wheel","parameters":{},"actions":[{"type":"scroll","x":-1888,"y":-32,"deltaX":0,"deltaY":0,"duration":0,"origin":{"element-6066-11e4-a52e-4f735466cecf":"f.A871513E4156B49FEA6A1325266FBBC5.d.8A3B56C947B16D92CABC310F6F72C614.e.19483"}}]}]}
COMMAND: GET /session/7d4ef5db813d7a6cede0ad9a34edc09c/screenshot - {}
RESULT: {}
COMMAND: POST /session/7d4ef5db813d7a6cede0ad9a34edc09c/execute/sync - {"script":"<script> [79 bytes]","args":[{"element-6066-11e4-a52e-4f735466cecf":"f.A871513E4156B49FEA6A1325266FBBC5.d.8A3B56C947B16D92CABC310F6F72C614.e.19483","ELEMENT":"f.A871513E4156B49FEA6A1325266FBBC5.d.8A3B56C947B16D92CABC310F6F72C614.e.19483"},{"block":"start","inline":"nearest"}]}
RESULT: {"script":"<script> [79 bytes]","args":[{"element-6066-11e4-a52e-4f735466cecf":"f.A871513E4156B49FEA6A1325266FBBC5.d.8A3B56C947B16D92CABC310F6F72C614.e.19483","ELEMENT":"f.A871513E4156B49FEA6A1325266FBBC5.d.8A3B56C947B16D92CABC310F6F72C614.e.19483"},{"block":"start","inline":"nearest"}]}
COMMAND: POST /session/7d4ef5db813d7a6cede0ad9a34edc09c/execute/async - {"script":"<script> [1562 bytes]","args":[{"selector":{"id":"application-manageresources-display-component---newResourceUnit--btnAddTimeSegment","interaction":{"idSuffix":"inner"}},"wdio_ui5_key":"applicationmanageresources-display-component---newResourceUnit--btnAddTimeSegment"}]}
COMMAND: GET /session/7d4ef5db813d7a6cede0ad9a34edc09c/screenshot - {}
RESULT: {"script":"<script> [1562 bytes]","args":[{"selector":{"id":"application-manageresources-display-component---newResourceUnit--btnAddTimeSegment","interaction":{"idSuffix":"inner"}},"wdio_ui5_key":"applicationmanageresources-display-component---newResourceUnit--btnAddTimeSegment"}]}
RESULT: undefined
COMMAND: POST /session/7d4ef5db813d7a6cede0ad9a34edc09c/element - {"using":"xpath","value":"//*[@id=\"application-manageresources-display-component---newResourceUnit--btnAddTimeSegment\"]"}
RESULT: {}
RESULT: {"using":"xpath","value":"//*[@id=\"application-manageresources-display-component---newResourceUnit--btnAddTimeSegment\"]"}
COMMAND: POST /session/7d4ef5db813d7a6cede0ad9a34edc09c/element/f.A871513E4156B49FEA6A1325266FBBC5.d.8A3B56C947B16D92CABC310F6F72C614.e.19483/click - {}
RESULT: {}
COMMAND: GET /session/7d4ef5db813d7a6cede0ad9a34edc09c/screenshot - {}
RESULT: {}
COMMAND: POST /session/7d4ef5db813d7a6cede0ad9a34edc09c/element - {"using":"xpath","value":"//input[@id=\"application-manageresources-display-component---newResourceUnit--idRuTSAdmin-application-manageresources-display-component---newResourceUnit--RUTimeSegment-0-inner\"]"}
RESULT: {"using":"xpath","value":"//input[@id=\"application-manageresources-display-component---newResourceUnit--idRuTSAdmin-application-manageresources-display-component---newResourceUnit--RUTimeSegment-0-inner\"]"}
COMMAND: POST /session/7d4ef5db813d7a6cede0ad9a34edc09c/element/f.A871513E4156B49FEA6A1325266FBBC5.d.8A3B56C947B16D92CABC310F6F72C614.e.19488/clear - {}
RESULT: {}
COMMAND: POST /session/7d4ef5db813d7a6cede0ad9a34edc09c/element/f.A871513E4156B49FEA6A1325266FBBC5.d.8A3B56C947B16D92CABC310F6F72C614.e.19488/value - {"text":"632"}
RESULT: {"text":"632"}
COMMAND: GET /session/7d4ef5db813d7a6cede0ad9a34edc09c/screenshot - {}
COMMAND: GET /session/7d4ef5db813d7a6cede0ad9a34edc09c/screenshot - {}
RESULT: {}
RESULT: {}
COMMAND: POST /session/7d4ef5db813d7a6cede0ad9a34edc09c/element - {"using":"xpath","value":"//li[.//span[text()='632']]"}
RESULT: {"using":"xpath","value":"//li[.//span[text()='632']]"}
COMMAND: POST /session/7d4ef5db813d7a6cede0ad9a34edc09c/element/f.A871513E4156B49FEA6A1325266FBBC5.d.8A3B56C947B16D92CABC310F6F72C614.e.19497/click - {}
RESULT: {}
COMMAND: GET /session/7d4ef5db813d7a6cede0ad9a34edc09c/screenshot - {}
RESULT: {}
COMMAND: POST /session/7d4ef5db813d7a6cede0ad9a34edc09c/element - {"using":"xpath","value":"(//span[contains(@id, \"-application-manageresources-display-component---newResourceUnit--RUTimeSegment-0-arrow\")])[2]"}
RESULT: {"using":"xpath","value":"(//span[contains(@id, \"-application-manageresources-display-component---newResourceUnit--RUTimeSegment-0-arrow\")])[2]"}
COMMAND: POST /session/7d4ef5db813d7a6cede0ad9a34edc09c/element/f.A871513E4156B49FEA6A1325266FBBC5.d.8A3B56C947B16D92CABC310F6F72C614.e.19498/click - {}
RESULT: {}
COMMAND: POST /session/7d4ef5db813d7a6cede0ad9a34edc09c/element - {"using":"xpath","value":"//span[contains(text(), \"PM Order\")]"}
COMMAND: GET /session/7d4ef5db813d7a6cede0ad9a34edc09c/screenshot - {}
RESULT: {"using":"xpath","value":"//span[contains(text(), \"PM Order\")]"}
COMMAND: POST /session/7d4ef5db813d7a6cede0ad9a34edc09c/element/f.A871513E4156B49FEA6A1325266FBBC5.d.8A3B56C947B16D92CABC310F6F72C614.e.19499/click - {}
RESULT: {}
RESULT: {}
COMMAND: GET /session/7d4ef5db813d7a6cede0ad9a34edc09c/screenshot - {}
RESULT: {}
COMMAND: POST /session/7d4ef5db813d7a6cede0ad9a34edc09c/element - {"using":"xpath","value":"//td/div/div/div/span[contains(@id, \"newResourceUnit--RUTimeSegment-0-vhi\")][1]"}
RESULT: {"using":"xpath","value":"//td/div/div/div/span[contains(@id, \"newResourceUnit--RUTimeSegment-0-vhi\")][1]"}
COMMAND: GET /session/7d4ef5db813d7a6cede0ad9a34edc09c/element/f.A871513E4156B49FEA6A1325266FBBC5.d.8A3B56C947B16D92CABC310F6F72C614.e.19503/rect - {}
RESULT: {}
COMMAND: GET /session/7d4ef5db813d7a6cede0ad9a34edc09c/window/rect - {}
RESULT: {}
COMMAND: POST /session/7d4ef5db813d7a6cede0ad9a34edc09c/execute/sync - {"script":"<script> [92 bytes]","args":[]}
RESULT: {"script":"<script> [92 bytes]","args":[]}
COMMAND: POST /session/7d4ef5db813d7a6cede0ad9a34edc09c/actions - {"actions":[{"id":"action64","type":"wheel","parameters":{},"actions":[{"type":"scroll","x":-1888,"y":-24,"deltaX":0,"deltaY":0,"duration":0,"origin":{"element-6066-11e4-a52e-4f735466cecf":"f.A871513E4156B49FEA6A1325266FBBC5.d.8A3B56C947B16D92CABC310F6F72C614.e.19503"}}]}]}
COMMAND: GET /session/7d4ef5db813d7a6cede0ad9a34edc09c/screenshot - {}
RESULT: {}
COMMAND: POST /session/7d4ef5db813d7a6cede0ad9a34edc09c/execute/sync - {"script":"<script> [79 bytes]","args":[{"element-6066-11e4-a52e-4f735466cecf":"f.A871513E4156B49FEA6A1325266FBBC5.d.8A3B56C947B16D92CABC310F6F72C614.e.19503","ELEMENT":"f.A871513E4156B49FEA6A1325266FBBC5.d.8A3B56C947B16D92CABC310F6F72C614.e.19503"},{"block":"start","inline":"nearest"}]}
RESULT: {"script":"<script> [79 bytes]","args":[{"element-6066-11e4-a52e-4f735466cecf":"f.A871513E4156B49FEA6A1325266FBBC5.d.8A3B56C947B16D92CABC310F6F72C614.e.19503","ELEMENT":"f.A871513E4156B49FEA6A1325266FBBC5.d.8A3B56C947B16D92CABC310F6F72C614.e.19503"},{"block":"start","inline":"nearest"}]}
COMMAND: GET /session/7d4ef5db813d7a6cede0ad9a34edc09c/screenshot - {}
RESULT: {}
COMMAND: POST /session/7d4ef5db813d7a6cede0ad9a34edc09c/element/f.A871513E4156B49FEA6A1325266FBBC5.d.8A3B56C947B16D92CABC310F6F72C614.e.19503/click - {}
RESULT: {}
COMMAND: GET /session/7d4ef5db813d7a6cede0ad9a34edc09c/screenshot - {}
RESULT: {}
COMMAND: POST /session/7d4ef5db813d7a6cede0ad9a34edc09c/execute/async - {"script":"<script> [1562 bytes]","args":[{"selector":{"controlType":"sap.m.SearchField","properties":{"placeholder":"Search"},"searchOpenDialogs":true,"interaction":{"idSuffix":"I"}},"wdio_ui5_key":"sapm.SearchField{\"placeholder\":\"Search\"}"}]}
RESULT: {"script":"<script> [1562 bytes]","args":[{"selector":{"controlType":"sap.m.SearchField","properties":{"placeholder":"Search"},"searchOpenDialogs":true,"interaction":{"idSuffix":"I"}},"wdio_ui5_key":"sapm.SearchField{\"placeholder\":\"Search\"}"}]}
RESULT: undefined
COMMAND: POST /session/7d4ef5db813d7a6cede0ad9a34edc09c/execute/async - {"script":"<script> [776 bytes]","args":[{"enterText":"4000360","selector":{"controlType":"sap.m.SearchField","properties":{"placeholder":"Search"},"searchOpenDialogs":true,"interaction":{"idSuffix":"I"}},"clearTextFirst":true,"interactionType":"ENTER_TEXT"}]}
RESULT: {"script":"<script> [776 bytes]","args":[{"enterText":"4000360","selector":{"controlType":"sap.m.SearchField","properties":{"placeholder":"Search"},"searchOpenDialogs":true,"interaction":{"idSuffix":"I"}},"clearTextFirst":true,"interactionType":"ENTER_TEXT"}]}
COMMAND: POST /session/7d4ef5db813d7a6cede0ad9a34edc09c/actions - {"actions":[{"id":"action65","type":"key","parameters":{},"actions":[{"type":"keyDown","value":""},{"type":"pause","duration":10},{"type":"keyUp","value":""}]}]}
RESULT: {"actions":[{"id":"action65","type":"key","parameters":{},"actions":[{"type":"keyDown","value":""},{"type":"pause","duration":10},{"type":"keyUp","value":""}]}]}
COMMAND: GET /session/7d4ef5db813d7a6cede0ad9a34edc09c/screenshot - {}
RESULT: {}
COMMAND: POST /session/7d4ef5db813d7a6cede0ad9a34edc09c/element - {"using":"xpath","value":"//td/div/span[contains(text(), \"BGL Vehicles\")]"}
RESULT: {"using":"xpath","value":"//td/div/span[contains(text(), \"BGL Vehicles\")]"}
COMMAND: POST /session/7d4ef5db813d7a6cede0ad9a34edc09c/element/f.A871513E4156B49FEA6A1325266FBBC5.d.8A3B56C947B16D92CABC310F6F72C614.e.19525/click - {}
RESULT: {}
COMMAND: GET /session/7d4ef5db813d7a6cede0ad9a34edc09c/screenshot - {}
RESULT: {}
COMMAND: POST /session/7d4ef5db813d7a6cede0ad9a34edc09c/element - {"using":"xpath","value":"//bdi[contains(text(), \"OK\")]"}
RESULT: {"using":"xpath","value":"//bdi[contains(text(), \"OK\")]"}
COMMAND: POST /session/7d4ef5db813d7a6cede0ad9a34edc09c/element/f.A871513E4156B49FEA6A1325266FBBC5.d.8A3B56C947B16D92CABC310F6F72C614.e.19526/click - {}
RESULT: {}
COMMAND: GET /session/7d4ef5db813d7a6cede0ad9a34edc09c/screenshot - {}
RESULT: {}
COMMAND: POST /session/7d4ef5db813d7a6cede0ad9a34edc09c/element - {"using":"xpath","value":"//label[contains(@class, 'sapMLabelRequired') and .//bdi[contains(text(), 'Planned Retirement')]]"}
RESULT: {"using":"xpath","value":"//label[contains(@class, 'sapMLabelRequired') and .//bdi[contains(text(), 'Planned Retirement')]]"}
COMMAND: POST /session/7d4ef5db813d7a6cede0ad9a34edc09c/elements - {"using":"xpath","value":"//label[contains(@class, 'sapMLabelRequired') and .//bdi[contains(text(), 'Planned Retirement')]]"}
RESULT: {"using":"xpath","value":"//label[contains(@class, 'sapMLabelRequired') and .//bdi[contains(text(), 'Planned Retirement')]]"}
COMMAND: POST /session/7d4ef5db813d7a6cede0ad9a34edc09c/element - {"using":"xpath","value":"//button[@data-kt=\"resourceUnitSaveButton\"]"}
RESULT: {"using":"xpath","value":"//button[@data-kt=\"resourceUnitSaveButton\"]"}
COMMAND: POST /session/7d4ef5db813d7a6cede0ad9a34edc09c/element/f.A871513E4156B49FEA6A1325266FBBC5.d.8A3B56C947B16D92CABC310F6F72C614.e.19427/click - {}
RESULT: {}
COMMAND: GET /session/7d4ef5db813d7a6cede0ad9a34edc09c/screenshot - {}
RESULT: {}
COMMAND: POST /session/7d4ef5db813d7a6cede0ad9a34edc09c/element - {"using":"xpath","value":"//bdi[contains(text(), \"Close\")]"}
RESULT: {"using":"xpath","value":"//bdi[contains(text(), \"Close\")]"}
COMMAND: POST /session/7d4ef5db813d7a6cede0ad9a34edc09c/element/f.A871513E4156B49FEA6A1325266FBBC5.d.8A3B56C947B16D92CABC310F6F72C614.e.19532/click - {}
RESULT: {}
COMMAND: GET /session/7d4ef5db813d7a6cede0ad9a34edc09c/screenshot - {}
RESULT: {}
COMMAND: POST /session/7d4ef5db813d7a6cede0ad9a34edc09c/element - {"using":"xpath","value":"//header[contains(@id, 'detailRruPage-headerTitle')]/div[1]/div[2]/div[2]/span[1]"}
RESULT: {"using":"xpath","value":"//header[contains(@id, 'detailRruPage-headerTitle')]/div[1]/div[2]/div[2]/span[1]"}
COMMAND: POST /session/7d4ef5db813d7a6cede0ad9a34edc09c/elements - {"using":"xpath","value":"//header[contains(@id, 'detailRruPage-headerTitle')]/div[1]/div[2]/div[2]/span[1]"}
RESULT: {"using":"xpath","value":"//header[contains(@id, 'detailRruPage-headerTitle')]/div[1]/div[2]/div[2]/span[1]"}
COMMAND: POST /session/7d4ef5db813d7a6cede0ad9a34edc09c/execute/sync - {"script":"<script> [56 bytes]","args":[{"element-6066-11e4-a52e-4f735466cecf":"f.A871513E4156B49FEA6A1325266FBBC5.d.8A3B56C947B16D92CABC310F6F72C614.e.19566","ELEMENT":"f.A871513E4156B49FEA6A1325266FBBC5.d.8A3B56C947B16D92CABC310F6F72C614.e.19566"}]}
RESULT: {"script":"<script> [56 bytes]","args":[{"element-6066-11e4-a52e-4f735466cecf":"f.A871513E4156B49FEA6A1325266FBBC5.d.8A3B56C947B16D92CABC310F6F72C614.e.19566","ELEMENT":"f.A871513E4156B49FEA6A1325266FBBC5.d.8A3B56C947B16D92CABC310F6F72C614.e.19566"}]}
COMMAND: POST /session/7d4ef5db813d7a6cede0ad9a34edc09c/element - {"using":"css selector","value":"#shell-header-logo"}
COMMAND: GET /session/7d4ef5db813d7a6cede0ad9a34edc09c/screenshot - {}
RESULT: {"using":"css selector","value":"#shell-header-logo"}
COMMAND: POST /session/7d4ef5db813d7a6cede0ad9a34edc09c/element/f.A871513E4156B49FEA6A1325266FBBC5.d.8A3B56C947B16D92CABC310F6F72C614.e.19023/click - {}
RESULT: {}
RESULT: {}
COMMAND: GET /session/7d4ef5db813d7a6cede0ad9a34edc09c/screenshot - {}
RESULT: {}
]]></system-out>
    </testcase>
    <testcase classname="chrome.136_0_7103_93.windows.Return_from_Site_w/_warehouse_management_w/_clarification_US125588" name="Bin Status Report Should Create New Organization yard" time="0.004"/>
    <testcase classname="chrome.136_0_7103_93.windows.Return_from_Site_w/_warehouse_management_w/_clarification_US125588" name="Bin Status Report Should Create New Organization for Site" time="0.004"/>
  </testsuite>
  <testsuite timestamp="2025-05-21T17:17:21" time="711.533" tests="7" failures="0" errors="0" skipped="0">
    <properties>
      <property name="specId" value="0"/>
      <property name="suiteName" value="Return from Site w/ warehouse management w clarification"/>
      <property name="capabilities" value="chrome.136_0_7103_93.windows"/>
      <property name="file" value="file:///D:/a/1/s/test/specs/HTR/return-from-site-w-warehouse-management-w-clarification.spec.js"/>
    </properties>
    <testcase classname="chrome.136_0_7103_93.windows.Return_from_Site_w/_warehouse_management_w_clarification" name="Should do a stock increase handover" time="88.661">
      <system-out><![CDATA[
COMMAND: POST /session/7d4ef5db813d7a6cede0ad9a34edc09c/execute/async - {"script":"<script> [1562 bytes]","args":[{"selector":{"controlType":"sap.m.GenericTile","properties":{"header":"Manage Handovers"}},"wdio_ui5_key":"sapm.GenericTile{\"header\":\"Manage Handovers\"}"}]}
RESULT: {"script":"<script> [1562 bytes]","args":[{"selector":{"controlType":"sap.m.GenericTile","properties":{"header":"Manage Handovers"}},"wdio_ui5_key":"sapm.GenericTile{\"header\":\"Manage Handovers\"}"}]}
RESULT: undefined
COMMAND: POST /session/7d4ef5db813d7a6cede0ad9a34edc09c/element - {"using":"xpath","value":"//*[@id=\"__tile132\"]"}
RESULT: {"using":"xpath","value":"//*[@id=\"__tile132\"]"}
COMMAND: POST /session/7d4ef5db813d7a6cede0ad9a34edc09c/element/f.A871513E4156B49FEA6A1325266FBBC5.d.8A3B56C947B16D92CABC310F6F72C614.e.18997/click - {}
RESULT: {}
COMMAND: GET /session/7d4ef5db813d7a6cede0ad9a34edc09c/screenshot - {}
RESULT: {}
COMMAND: POST /session/7d4ef5db813d7a6cede0ad9a34edc09c/elements - {"using":"xpath","value":"//span[text()='Error']"}
RESULT: {"using":"xpath","value":"//span[text()='Error']"}
COMMAND: POST /session/7d4ef5db813d7a6cede0ad9a34edc09c/element - {"using":"xpath","value":"//button[@data-kt=\"masterHOAddButton\"]"}
RESULT: {"using":"xpath","value":"//button[@data-kt=\"masterHOAddButton\"]"}
COMMAND: POST /session/7d4ef5db813d7a6cede0ad9a34edc09c/elements - {"using":"xpath","value":"//button[@data-kt=\"masterHOAddButton\"]"}
RESULT: {"using":"xpath","value":"//button[@data-kt=\"masterHOAddButton\"]"}
COMMAND: POST /session/7d4ef5db813d7a6cede0ad9a34edc09c/execute/sync - {"script":"<script> [8489 bytes]","args":[{"element-6066-11e4-a52e-4f735466cecf":"f.A871513E4156B49FEA6A1325266FBBC5.d.8A3B56C947B16D92CABC310F6F72C614.e.19604","ELEMENT":"f.A871513E4156B49FEA6A1325266FBBC5.d.8A3B56C947B16D92CABC310F6F72C614.e.19604"}]}
RESULT: {"script":"<script> [8489 bytes]","args":[{"element-6066-11e4-a52e-4f735466cecf":"f.A871513E4156B49FEA6A1325266FBBC5.d.8A3B56C947B16D92CABC310F6F72C614.e.19604","ELEMENT":"f.A871513E4156B49FEA6A1325266FBBC5.d.8A3B56C947B16D92CABC310F6F72C614.e.19604"}]}
COMMAND: GET /session/7d4ef5db813d7a6cede0ad9a34edc09c/element/f.A871513E4156B49FEA6A1325266FBBC5.d.8A3B56C947B16D92CABC310F6F72C614.e.19604/enabled - {}
COMMAND: GET /session/7d4ef5db813d7a6cede0ad9a34edc09c/screenshot - {}
RESULT: {}
COMMAND: POST /session/7d4ef5db813d7a6cede0ad9a34edc09c/execute/sync - {"script":"<script> [8489 bytes]","args":[{"element-6066-11e4-a52e-4f735466cecf":"f.A871513E4156B49FEA6A1325266FBBC5.d.8A3B56C947B16D92CABC310F6F72C614.e.19604","ELEMENT":"f.A871513E4156B49FEA6A1325266FBBC5.d.8A3B56C947B16D92CABC310F6F72C614.e.19604"}]}
COMMAND: GET /session/7d4ef5db813d7a6cede0ad9a34edc09c/screenshot - {}
RESULT: {}
RESULT: {"script":"<script> [8489 bytes]","args":[{"element-6066-11e4-a52e-4f735466cecf":"f.A871513E4156B49FEA6A1325266FBBC5.d.8A3B56C947B16D92CABC310F6F72C614.e.19604","ELEMENT":"f.A871513E4156B49FEA6A1325266FBBC5.d.8A3B56C947B16D92CABC310F6F72C614.e.19604"}]}
COMMAND: POST /session/7d4ef5db813d7a6cede0ad9a34edc09c/execute/sync - {"script":"<script> [5351 bytes]","args":[{"element-6066-11e4-a52e-4f735466cecf":"f.A871513E4156B49FEA6A1325266FBBC5.d.8A3B56C947B16D92CABC310F6F72C614.e.19604","ELEMENT":"f.A871513E4156B49FEA6A1325266FBBC5.d.8A3B56C947B16D92CABC310F6F72C614.e.19604"}]}
COMMAND: GET /session/7d4ef5db813d7a6cede0ad9a34edc09c/screenshot - {}
RESULT: {}
RESULT: {"script":"<script> [5351 bytes]","args":[{"element-6066-11e4-a52e-4f735466cecf":"f.A871513E4156B49FEA6A1325266FBBC5.d.8A3B56C947B16D92CABC310F6F72C614.e.19604","ELEMENT":"f.A871513E4156B49FEA6A1325266FBBC5.d.8A3B56C947B16D92CABC310F6F72C614.e.19604"}]}
COMMAND: POST /session/7d4ef5db813d7a6cede0ad9a34edc09c/element/f.A871513E4156B49FEA6A1325266FBBC5.d.8A3B56C947B16D92CABC310F6F72C614.e.19604/click - {}
COMMAND: GET /session/7d4ef5db813d7a6cede0ad9a34edc09c/screenshot - {}
RESULT: {}
RESULT: {}
COMMAND: GET /session/7d4ef5db813d7a6cede0ad9a34edc09c/screenshot - {}
COMMAND: POST /session/7d4ef5db813d7a6cede0ad9a34edc09c/element - {"using":"xpath","value":"//span[contains(@id ,\"AddNewHO--typeSelect-arrow\")]"}
RESULT: {}
RESULT: {}
RESULT: {"using":"xpath","value":"//span[contains(@id ,\"AddNewHO--typeSelect-arrow\")]"}
COMMAND: POST /session/7d4ef5db813d7a6cede0ad9a34edc09c/element/f.A871513E4156B49FEA6A1325266FBBC5.d.8A3B56C947B16D92CABC310F6F72C614.e.19957/click - {}
RESULT: {}
COMMAND: GET /session/7d4ef5db813d7a6cede0ad9a34edc09c/screenshot - {}
RESULT: {}
COMMAND: POST /session/7d4ef5db813d7a6cede0ad9a34edc09c/element - {"using":"xpath","value":"(//li[contains(text(), \"stock increase yard\")])[1]"}
RESULT: {"using":"xpath","value":"(//li[contains(text(), \"stock increase yard\")])[1]"}
COMMAND: POST /session/7d4ef5db813d7a6cede0ad9a34edc09c/element/f.A871513E4156B49FEA6A1325266FBBC5.d.8A3B56C947B16D92CABC310F6F72C614.e.19958/click - {}
RESULT: {}
COMMAND: GET /session/7d4ef5db813d7a6cede0ad9a34edc09c/screenshot - {}
RESULT: {}
COMMAND: POST /session/7d4ef5db813d7a6cede0ad9a34edc09c/execute/async - {"script":"<script> [1562 bytes]","args":[{"selector":{"id":"application-managehandovers-display-component---AddNewHO--dueDate","interaction":{"idSuffix":"inner"}},"wdio_ui5_key":"applicationmanagehandovers-display-component---AddNewHO--dueDate"}]}
RESULT: {"script":"<script> [1562 bytes]","args":[{"selector":{"id":"application-managehandovers-display-component---AddNewHO--dueDate","interaction":{"idSuffix":"inner"}},"wdio_ui5_key":"applicationmanagehandovers-display-component---AddNewHO--dueDate"}]}
RESULT: undefined
COMMAND: POST /session/7d4ef5db813d7a6cede0ad9a34edc09c/execute/async - {"script":"<script> [6424 bytes]","args":[{"element-6066-11e4-a52e-4f735466cecf":"f.A871513E4156B49FEA6A1325266FBBC5.d.8A3B56C947B16D92CABC310F6F72C614.e.19960"},"setValue",["5/21/25"]]}
RESULT: {"script":"<script> [6424 bytes]","args":[{"element-6066-11e4-a52e-4f735466cecf":"f.A871513E4156B49FEA6A1325266FBBC5.d.8A3B56C947B16D92CABC310F6F72C614.e.19960"},"setValue",["5/21/25"]]}
COMMAND: POST /session/7d4ef5db813d7a6cede0ad9a34edc09c/element - {"using":"xpath","value":"//input[@id=\"generalSectionFrg--receiveYard-inner\"]"}
RESULT: {"using":"xpath","value":"//input[@id=\"generalSectionFrg--receiveYard-inner\"]"}
COMMAND: POST /session/7d4ef5db813d7a6cede0ad9a34edc09c/element/f.A871513E4156B49FEA6A1325266FBBC5.d.8A3B56C947B16D92CABC310F6F72C614.e.19964/clear - {}
RESULT: {}
COMMAND: POST /session/7d4ef5db813d7a6cede0ad9a34edc09c/element/f.A871513E4156B49FEA6A1325266FBBC5.d.8A3B56C947B16D92CABC310F6F72C614.e.19964/value - {"text":"632"}
COMMAND: GET /session/7d4ef5db813d7a6cede0ad9a34edc09c/screenshot - {}
RESULT: {"text":"632"}
COMMAND: GET /session/7d4ef5db813d7a6cede0ad9a34edc09c/screenshot - {}
RESULT: {}
RESULT: {}
COMMAND: POST /session/7d4ef5db813d7a6cede0ad9a34edc09c/element - {"using":"xpath","value":"//li[.//span[text()='632']]"}
RESULT: {"using":"xpath","value":"//li[.//span[text()='632']]"}
COMMAND: POST /session/7d4ef5db813d7a6cede0ad9a34edc09c/element/f.A871513E4156B49FEA6A1325266FBBC5.d.8A3B56C947B16D92CABC310F6F72C614.e.19982/click - {}
RESULT: {}
COMMAND: GET /session/7d4ef5db813d7a6cede0ad9a34edc09c/screenshot - {}
RESULT: {}
COMMAND: POST /session/7d4ef5db813d7a6cede0ad9a34edc09c/execute/async - {"script":"<script> [1562 bytes]","args":[{"selector":{"id":"application-managehandovers-display-component---AddNewHO--ObjectPageLayout-anchBar-application-managehandovers-display-component---AddNewHO--section4-anchor","interaction":{"idSuffix":"BDI-content"}},"wdio_ui5_key":"applicationmanagehandovers-display-component---AddNewHO--ObjectPageLayout-anchBar-application-managehandovers-display-component---AddNewHO--section4-anchor"}]}
RESULT: {"script":"<script> [1562 bytes]","args":[{"selector":{"id":"application-managehandovers-display-component---AddNewHO--ObjectPageLayout-anchBar-application-managehandovers-display-component---AddNewHO--section4-anchor","interaction":{"idSuffix":"BDI-content"}},"wdio_ui5_key":"applicationmanagehandovers-display-component---AddNewHO--ObjectPageLayout-anchBar-application-managehandovers-display-component---AddNewHO--section4-anchor"}]}
RESULT: undefined
COMMAND: POST /session/7d4ef5db813d7a6cede0ad9a34edc09c/element - {"using":"xpath","value":"//*[@id=\"application-managehandovers-display-component---AddNewHO--ObjectPageLayout-anchBar-application-managehandovers-display-component---AddNewHO--section4-anchor\"]"}
RESULT: {"using":"xpath","value":"//*[@id=\"application-managehandovers-display-component---AddNewHO--ObjectPageLayout-anchBar-application-managehandovers-display-component---AddNewHO--section4-anchor\"]"}
COMMAND: POST /session/7d4ef5db813d7a6cede0ad9a34edc09c/element/f.A871513E4156B49FEA6A1325266FBBC5.d.8A3B56C947B16D92CABC310F6F72C614.e.19984/click - {}
RESULT: {}
COMMAND: POST /session/7d4ef5db813d7a6cede0ad9a34edc09c/element - {"using":"xpath","value":"//button[@aria-label=\"Add\"]"}
COMMAND: GET /session/7d4ef5db813d7a6cede0ad9a34edc09c/screenshot - {}
RESULT: {"using":"xpath","value":"//button[@aria-label=\"Add\"]"}
COMMAND: POST /session/7d4ef5db813d7a6cede0ad9a34edc09c/element/f.A871513E4156B49FEA6A1325266FBBC5.d.8A3B56C947B16D92CABC310F6F72C614.e.19986/click - {}
RESULT: {}
RESULT: {}
COMMAND: GET /session/7d4ef5db813d7a6cede0ad9a34edc09c/screenshot - {}
RESULT: {}
COMMAND: POST /session/7d4ef5db813d7a6cede0ad9a34edc09c/execute/async - {"script":"<script> [1562 bytes]","args":[{"selector":{"id":"application-managehandovers-display-component---AddNewHO--smartFilterBar-btnBasicSearch","searchOpenDialogs":true,"interaction":{"idSuffix":"I"}},"wdio_ui5_key":"applicationmanagehandovers-display-component---AddNewHO--smartFilterBar-btnBasicSearch"}]}
RESULT: {"script":"<script> [1562 bytes]","args":[{"selector":{"id":"application-managehandovers-display-component---AddNewHO--smartFilterBar-btnBasicSearch","searchOpenDialogs":true,"interaction":{"idSuffix":"I"}},"wdio_ui5_key":"applicationmanagehandovers-display-component---AddNewHO--smartFilterBar-btnBasicSearch"}]}
RESULT: undefined
COMMAND: POST /session/7d4ef5db813d7a6cede0ad9a34edc09c/execute/async - {"script":"<script> [776 bytes]","args":[{"enterText":"200386","selector":{"id":"application-managehandovers-display-component---AddNewHO--smartFilterBar-btnBasicSearch","searchOpenDialogs":true,"interaction":{"idSuffix":"I"}},"clearTextFirst":true,"interactionType":"ENTER_TEXT"}]}
RESULT: {"script":"<script> [776 bytes]","args":[{"enterText":"200386","selector":{"id":"application-managehandovers-display-component---AddNewHO--smartFilterBar-btnBasicSearch","searchOpenDialogs":true,"interaction":{"idSuffix":"I"}},"clearTextFirst":true,"interactionType":"ENTER_TEXT"}]}
COMMAND: POST /session/7d4ef5db813d7a6cede0ad9a34edc09c/actions - {"actions":[{"id":"action66","type":"key","parameters":{},"actions":[{"type":"keyDown","value":""},{"type":"pause","duration":10},{"type":"keyUp","value":""}]}]}
RESULT: {"actions":[{"id":"action66","type":"key","parameters":{},"actions":[{"type":"keyDown","value":""},{"type":"pause","duration":10},{"type":"keyUp","value":""}]}]}
COMMAND: GET /session/7d4ef5db813d7a6cede0ad9a34edc09c/screenshot - {}
RESULT: {}
COMMAND: POST /session/7d4ef5db813d7a6cede0ad9a34edc09c/execute/async - {"script":"<script> [1562 bytes]","args":[{"selector":{"id":"application-managehandovers-display-component---AddNewHO--popup-sa","searchOpenDialogs":true,"interaction":{"idSuffix":"CbBg"}},"wdio_ui5_key":"applicationmanagehandovers-display-component---AddNewHO--popup-sa"}]}
RESULT: {"script":"<script> [1562 bytes]","args":[{"selector":{"id":"application-managehandovers-display-component---AddNewHO--popup-sa","searchOpenDialogs":true,"interaction":{"idSuffix":"CbBg"}},"wdio_ui5_key":"applicationmanagehandovers-display-component---AddNewHO--popup-sa"}]}
RESULT: undefined
COMMAND: POST /session/7d4ef5db813d7a6cede0ad9a34edc09c/element - {"using":"xpath","value":"//*[@id=\"application-managehandovers-display-component---AddNewHO--popup-sa\"]"}
RESULT: {"using":"xpath","value":"//*[@id=\"application-managehandovers-display-component---AddNewHO--popup-sa\"]"}
COMMAND: POST /session/7d4ef5db813d7a6cede0ad9a34edc09c/element/f.A871513E4156B49FEA6A1325266FBBC5.d.8A3B56C947B16D92CABC310F6F72C614.e.20138/click - {}
RESULT: {}
COMMAND: GET /session/7d4ef5db813d7a6cede0ad9a34edc09c/screenshot - {}
RESULT: {}
COMMAND: POST /session/7d4ef5db813d7a6cede0ad9a34edc09c/element - {"using":"xpath","value":"//bdi[contains(text(), \"Select\")]"}
RESULT: {"using":"xpath","value":"//bdi[contains(text(), \"Select\")]"}
COMMAND: POST /session/7d4ef5db813d7a6cede0ad9a34edc09c/element/f.A871513E4156B49FEA6A1325266FBBC5.d.8A3B56C947B16D92CABC310F6F72C614.e.20139/click - {}
RESULT: {}
COMMAND: GET /session/7d4ef5db813d7a6cede0ad9a34edc09c/screenshot - {}
RESULT: {}
COMMAND: POST /session/7d4ef5db813d7a6cede0ad9a34edc09c/element - {"using":"xpath","value":"//button[@data-kt=\"AddNewHOSaveButton\"]"}
RESULT: {"using":"xpath","value":"//button[@data-kt=\"AddNewHOSaveButton\"]"}
COMMAND: POST /session/7d4ef5db813d7a6cede0ad9a34edc09c/element/f.A871513E4156B49FEA6A1325266FBBC5.d.8A3B56C947B16D92CABC310F6F72C614.e.20143/click - {}
RESULT: {}
COMMAND: GET /session/7d4ef5db813d7a6cede0ad9a34edc09c/screenshot - {}
RESULT: {}
COMMAND: POST /session/7d4ef5db813d7a6cede0ad9a34edc09c/execute/async - {"script":"<script> [1562 bytes]","args":[{"selector":{"id":"receiptDatePicker","viewName":"etm.portal.ui.managehandovers.view.DetailExecuteHO","interaction":{"idSuffix":"inner"}},"wdio_ui5_key":"receiptDatePickeretmportal.ui.managehandovers.view.DetailExecuteHO"}]}
RESULT: {"script":"<script> [1562 bytes]","args":[{"selector":{"id":"receiptDatePicker","viewName":"etm.portal.ui.managehandovers.view.DetailExecuteHO","interaction":{"idSuffix":"inner"}},"wdio_ui5_key":"receiptDatePickeretmportal.ui.managehandovers.view.DetailExecuteHO"}]}
RESULT: undefined
COMMAND: POST /session/7d4ef5db813d7a6cede0ad9a34edc09c/execute/async - {"script":"<script> [6424 bytes]","args":[{"element-6066-11e4-a52e-4f735466cecf":"f.A871513E4156B49FEA6A1325266FBBC5.d.8A3B56C947B16D92CABC310F6F72C614.e.20162"},"setValue",["5/21/25"]]}
RESULT: {"script":"<script> [6424 bytes]","args":[{"element-6066-11e4-a52e-4f735466cecf":"f.A871513E4156B49FEA6A1325266FBBC5.d.8A3B56C947B16D92CABC310F6F72C614.e.20162"},"setValue",["5/21/25"]]}
COMMAND: POST /session/7d4ef5db813d7a6cede0ad9a34edc09c/element - {"using":"xpath","value":"//button[@data-kt=\"PickingTableConfirmAllButton\"]"}
RESULT: {"using":"xpath","value":"//button[@data-kt=\"PickingTableConfirmAllButton\"]"}
COMMAND: POST /session/7d4ef5db813d7a6cede0ad9a34edc09c/element/f.A871513E4156B49FEA6A1325266FBBC5.d.8A3B56C947B16D92CABC310F6F72C614.e.20178/click - {}
RESULT: {}
COMMAND: GET /session/7d4ef5db813d7a6cede0ad9a34edc09c/screenshot - {}
RESULT: {}
COMMAND: POST /session/7d4ef5db813d7a6cede0ad9a34edc09c/element - {"using":"xpath","value":"//bdi[contains(text(), \"OK\")]"}
RESULT: {"using":"xpath","value":"//bdi[contains(text(), \"OK\")]"}
COMMAND: POST /session/7d4ef5db813d7a6cede0ad9a34edc09c/element/f.A871513E4156B49FEA6A1325266FBBC5.d.8A3B56C947B16D92CABC310F6F72C614.e.20180/click - {}
RESULT: {}
COMMAND: GET /session/7d4ef5db813d7a6cede0ad9a34edc09c/screenshot - {}
RESULT: {}
COMMAND: POST /session/7d4ef5db813d7a6cede0ad9a34edc09c/element - {"using":"xpath","value":"(//bdi[contains(text(), \"Receive\")])[2]"}
RESULT: {"using":"xpath","value":"(//bdi[contains(text(), \"Receive\")])[2]"}
COMMAND: POST /session/7d4ef5db813d7a6cede0ad9a34edc09c/element/f.A871513E4156B49FEA6A1325266FBBC5.d.8A3B56C947B16D92CABC310F6F72C614.e.20182/click - {}
RESULT: {}
COMMAND: GET /session/7d4ef5db813d7a6cede0ad9a34edc09c/screenshot - {}
RESULT: {}
COMMAND: POST /session/7d4ef5db813d7a6cede0ad9a34edc09c/element - {"using":"css selector","value":"#shell-header-logo"}
RESULT: {"using":"css selector","value":"#shell-header-logo"}
COMMAND: POST /session/7d4ef5db813d7a6cede0ad9a34edc09c/element/f.A871513E4156B49FEA6A1325266FBBC5.d.8A3B56C947B16D92CABC310F6F72C614.e.19569/click - {}
RESULT: {}
COMMAND: GET /session/7d4ef5db813d7a6cede0ad9a34edc09c/screenshot - {}
RESULT: {}
]]></system-out>
    </testcase>
    <testcase classname="chrome.136_0_7103_93.windows.Return_from_Site_w/_warehouse_management_w_clarification" name="Should create a new contract" time="71.002">
      <system-out><![CDATA[
COMMAND: POST /session/7d4ef5db813d7a6cede0ad9a34edc09c/execute/async - {"script":"<script> [1562 bytes]","args":[{"selector":{"controlType":"sap.m.GenericTile","properties":{"header":"Manage Contracts"}},"wdio_ui5_key":"sapm.GenericTile{\"header\":\"Manage Contracts\"}"}]}
RESULT: {"script":"<script> [1562 bytes]","args":[{"selector":{"controlType":"sap.m.GenericTile","properties":{"header":"Manage Contracts"}},"wdio_ui5_key":"sapm.GenericTile{\"header\":\"Manage Contracts\"}"}]}
RESULT: undefined
COMMAND: POST /session/7d4ef5db813d7a6cede0ad9a34edc09c/element - {"using":"xpath","value":"//*[@id=\"__tile130\"]"}
RESULT: {"using":"xpath","value":"//*[@id=\"__tile130\"]"}
COMMAND: POST /session/7d4ef5db813d7a6cede0ad9a34edc09c/element/f.A871513E4156B49FEA6A1325266FBBC5.d.8A3B56C947B16D92CABC310F6F72C614.e.18930/click - {}
RESULT: {}
COMMAND: GET /session/7d4ef5db813d7a6cede0ad9a34edc09c/screenshot - {}
RESULT: {}
COMMAND: POST /session/7d4ef5db813d7a6cede0ad9a34edc09c/elements - {"using":"xpath","value":"//span[text()='Error']"}
RESULT: {"using":"xpath","value":"//span[text()='Error']"}
COMMAND: POST /session/7d4ef5db813d7a6cede0ad9a34edc09c/element - {"using":"xpath","value":"//button[@data-kt=\"addButton\"]"}
RESULT: {"using":"xpath","value":"//button[@data-kt=\"addButton\"]"}
COMMAND: POST /session/7d4ef5db813d7a6cede0ad9a34edc09c/elements - {"using":"xpath","value":"//button[@data-kt=\"addButton\"]"}
RESULT: {"using":"xpath","value":"//button[@data-kt=\"addButton\"]"}
COMMAND: POST /session/7d4ef5db813d7a6cede0ad9a34edc09c/execute/sync - {"script":"<script> [8489 bytes]","args":[{"element-6066-11e4-a52e-4f735466cecf":"f.A871513E4156B49FEA6A1325266FBBC5.d.8A3B56C947B16D92CABC310F6F72C614.e.20404","ELEMENT":"f.A871513E4156B49FEA6A1325266FBBC5.d.8A3B56C947B16D92CABC310F6F72C614.e.20404"}]}
RESULT: {"script":"<script> [8489 bytes]","args":[{"element-6066-11e4-a52e-4f735466cecf":"f.A871513E4156B49FEA6A1325266FBBC5.d.8A3B56C947B16D92CABC310F6F72C614.e.20404","ELEMENT":"f.A871513E4156B49FEA6A1325266FBBC5.d.8A3B56C947B16D92CABC310F6F72C614.e.20404"}]}
COMMAND: GET /session/7d4ef5db813d7a6cede0ad9a34edc09c/element/f.A871513E4156B49FEA6A1325266FBBC5.d.8A3B56C947B16D92CABC310F6F72C614.e.20404/enabled - {}
COMMAND: GET /session/7d4ef5db813d7a6cede0ad9a34edc09c/screenshot - {}
RESULT: {}
COMMAND: POST /session/7d4ef5db813d7a6cede0ad9a34edc09c/execute/sync - {"script":"<script> [8489 bytes]","args":[{"element-6066-11e4-a52e-4f735466cecf":"f.A871513E4156B49FEA6A1325266FBBC5.d.8A3B56C947B16D92CABC310F6F72C614.e.20404","ELEMENT":"f.A871513E4156B49FEA6A1325266FBBC5.d.8A3B56C947B16D92CABC310F6F72C614.e.20404"}]}
COMMAND: GET /session/7d4ef5db813d7a6cede0ad9a34edc09c/screenshot - {}
RESULT: {}
RESULT: {"script":"<script> [8489 bytes]","args":[{"element-6066-11e4-a52e-4f735466cecf":"f.A871513E4156B49FEA6A1325266FBBC5.d.8A3B56C947B16D92CABC310F6F72C614.e.20404","ELEMENT":"f.A871513E4156B49FEA6A1325266FBBC5.d.8A3B56C947B16D92CABC310F6F72C614.e.20404"}]}
COMMAND: POST /session/7d4ef5db813d7a6cede0ad9a34edc09c/execute/sync - {"script":"<script> [5351 bytes]","args":[{"element-6066-11e4-a52e-4f735466cecf":"f.A871513E4156B49FEA6A1325266FBBC5.d.8A3B56C947B16D92CABC310F6F72C614.e.20404","ELEMENT":"f.A871513E4156B49FEA6A1325266FBBC5.d.8A3B56C947B16D92CABC310F6F72C614.e.20404"}]}
COMMAND: GET /session/7d4ef5db813d7a6cede0ad9a34edc09c/screenshot - {}
RESULT: {}
RESULT: {"script":"<script> [5351 bytes]","args":[{"element-6066-11e4-a52e-4f735466cecf":"f.A871513E4156B49FEA6A1325266FBBC5.d.8A3B56C947B16D92CABC310F6F72C614.e.20404","ELEMENT":"f.A871513E4156B49FEA6A1325266FBBC5.d.8A3B56C947B16D92CABC310F6F72C614.e.20404"}]}
COMMAND: GET /session/7d4ef5db813d7a6cede0ad9a34edc09c/screenshot - {}
RESULT: {}
RESULT: {}
COMMAND: POST /session/7d4ef5db813d7a6cede0ad9a34edc09c/element/f.A871513E4156B49FEA6A1325266FBBC5.d.8A3B56C947B16D92CABC310F6F72C614.e.20404/click - {}
RESULT: {}
COMMAND: GET /session/7d4ef5db813d7a6cede0ad9a34edc09c/screenshot - {}
COMMAND: POST /session/7d4ef5db813d7a6cede0ad9a34edc09c/execute/async - {"script":"<script> [1562 bytes]","args":[{"selector":{"id":"application-managecontracts-display-component---AddNewContract--projectDescription","interaction":{"idSuffix":"inner"}},"wdio_ui5_key":"applicationmanagecontracts-display-component---AddNewContract--projectDescription"}]}
RESULT: {}
RESULT: {"script":"<script> [1562 bytes]","args":[{"selector":{"id":"application-managecontracts-display-component---AddNewContract--projectDescription","interaction":{"idSuffix":"inner"}},"wdio_ui5_key":"applicationmanagecontracts-display-component---AddNewContract--projectDescription"}]}
RESULT: undefined
COMMAND: POST /session/7d4ef5db813d7a6cede0ad9a34edc09c/execute/async - {"script":"<script> [776 bytes]","args":[{"enterText":"Contract WDIO","selector":{"id":"application-managecontracts-display-component---AddNewContract--projectDescription","interaction":{"idSuffix":"inner"}},"clearTextFirst":true,"interactionType":"ENTER_TEXT"}]}
RESULT: {"script":"<script> [776 bytes]","args":[{"enterText":"Contract WDIO","selector":{"id":"application-managecontracts-display-component---AddNewContract--projectDescription","interaction":{"idSuffix":"inner"}},"clearTextFirst":true,"interactionType":"ENTER_TEXT"}]}
COMMAND: POST /session/7d4ef5db813d7a6cede0ad9a34edc09c/element - {"using":"xpath","value":"//input[@id=\"application-managecontracts-display-component---AddNewContract--site-inner\"]"}
RESULT: {"using":"xpath","value":"//input[@id=\"application-managecontracts-display-component---AddNewContract--site-inner\"]"}
COMMAND: POST /session/7d4ef5db813d7a6cede0ad9a34edc09c/element/f.A871513E4156B49FEA6A1325266FBBC5.d.8A3B56C947B16D92CABC310F6F72C614.e.20760/clear - {}
RESULT: {}
COMMAND: POST /session/7d4ef5db813d7a6cede0ad9a34edc09c/element/f.A871513E4156B49FEA6A1325266FBBC5.d.8A3B56C947B16D92CABC310F6F72C614.e.20760/value - {"text":"2335"}
COMMAND: GET /session/7d4ef5db813d7a6cede0ad9a34edc09c/screenshot - {}
RESULT: {}
RESULT: {"text":"2335"}
COMMAND: GET /session/7d4ef5db813d7a6cede0ad9a34edc09c/screenshot - {}
RESULT: {}
COMMAND: POST /session/7d4ef5db813d7a6cede0ad9a34edc09c/element - {"using":"xpath","value":"//li[.//span[text()='2335']]"}
RESULT: {"using":"xpath","value":"//li[.//span[text()='2335']]"}
COMMAND: POST /session/7d4ef5db813d7a6cede0ad9a34edc09c/element/f.A871513E4156B49FEA6A1325266FBBC5.d.8A3B56C947B16D92CABC310F6F72C614.e.20789/click - {}
RESULT: {}
COMMAND: GET /session/7d4ef5db813d7a6cede0ad9a34edc09c/screenshot - {}
RESULT: {}
COMMAND: POST /session/7d4ef5db813d7a6cede0ad9a34edc09c/element - {"using":"xpath","value":"//input[@id=\"application-managecontracts-display-component---AddNewContract--yardId-inner\"]"}
RESULT: {"using":"xpath","value":"//input[@id=\"application-managecontracts-display-component---AddNewContract--yardId-inner\"]"}
COMMAND: GET /session/7d4ef5db813d7a6cede0ad9a34edc09c/element/f.A871513E4156B49FEA6A1325266FBBC5.d.8A3B56C947B16D92CABC310F6F72C614.e.20761/property/value - {}
RESULT: {}
COMMAND: POST /session/7d4ef5db813d7a6cede0ad9a34edc09c/element - {"using":"xpath","value":"//input[@id=\"application-managecontracts-display-component---AddNewContract--customerSelect-inner\"]"}
COMMAND: GET /session/7d4ef5db813d7a6cede0ad9a34edc09c/screenshot - {}
RESULT: {"using":"xpath","value":"//input[@id=\"application-managecontracts-display-component---AddNewContract--customerSelect-inner\"]"}
COMMAND: POST /session/7d4ef5db813d7a6cede0ad9a34edc09c/element/f.A871513E4156B49FEA6A1325266FBBC5.d.8A3B56C947B16D92CABC310F6F72C614.e.20759/clear - {}
RESULT: {}
RESULT: {}
COMMAND: POST /session/7d4ef5db813d7a6cede0ad9a34edc09c/element/f.A871513E4156B49FEA6A1325266FBBC5.d.8A3B56C947B16D92CABC310F6F72C614.e.20759/value - {"text":"1400"}
COMMAND: GET /session/7d4ef5db813d7a6cede0ad9a34edc09c/screenshot - {}
RESULT: {"text":"1400"}
COMMAND: GET /session/7d4ef5db813d7a6cede0ad9a34edc09c/screenshot - {}
RESULT: {}
RESULT: {}
COMMAND: POST /session/7d4ef5db813d7a6cede0ad9a34edc09c/element - {"using":"xpath","value":"//li[.//span[text()='1400']]"}
RESULT: {"using":"xpath","value":"//li[.//span[text()='1400']]"}
COMMAND: POST /session/7d4ef5db813d7a6cede0ad9a34edc09c/element/f.A871513E4156B49FEA6A1325266FBBC5.d.8A3B56C947B16D92CABC310F6F72C614.e.20792/click - {}
RESULT: {}
COMMAND: GET /session/7d4ef5db813d7a6cede0ad9a34edc09c/screenshot - {}
RESULT: {}
COMMAND: POST /session/7d4ef5db813d7a6cede0ad9a34edc09c/element - {"using":"xpath","value":"//button[@data-kt=\"saveButton\"]"}
RESULT: {"using":"xpath","value":"//button[@data-kt=\"saveButton\"]"}
COMMAND: POST /session/7d4ef5db813d7a6cede0ad9a34edc09c/element/f.A871513E4156B49FEA6A1325266FBBC5.d.8A3B56C947B16D92CABC310F6F72C614.e.20793/click - {}
RESULT: {}
COMMAND: GET /session/7d4ef5db813d7a6cede0ad9a34edc09c/screenshot - {}
RESULT: {}
COMMAND: POST /session/7d4ef5db813d7a6cede0ad9a34edc09c/element - {"using":"xpath","value":"//span[contains(@id ,\"contractDetailTitleNoExpanded\")]"}
RESULT: {"using":"xpath","value":"//span[contains(@id ,\"contractDetailTitleNoExpanded\")]"}
COMMAND: POST /session/7d4ef5db813d7a6cede0ad9a34edc09c/elements - {"using":"xpath","value":"//span[contains(@id ,\"contractDetailTitleNoExpanded\")]"}
RESULT: {"using":"xpath","value":"//span[contains(@id ,\"contractDetailTitleNoExpanded\")]"}
COMMAND: POST /session/7d4ef5db813d7a6cede0ad9a34edc09c/execute/sync - {"script":"<script> [56 bytes]","args":[{"element-6066-11e4-a52e-4f735466cecf":"f.A871513E4156B49FEA6A1325266FBBC5.d.8A3B56C947B16D92CABC310F6F72C614.e.20803","ELEMENT":"f.A871513E4156B49FEA6A1325266FBBC5.d.8A3B56C947B16D92CABC310F6F72C614.e.20803"}]}
RESULT: {"script":"<script> [56 bytes]","args":[{"element-6066-11e4-a52e-4f735466cecf":"f.A871513E4156B49FEA6A1325266FBBC5.d.8A3B56C947B16D92CABC310F6F72C614.e.20803","ELEMENT":"f.A871513E4156B49FEA6A1325266FBBC5.d.8A3B56C947B16D92CABC310F6F72C614.e.20803"}]}
COMMAND: GET /session/7d4ef5db813d7a6cede0ad9a34edc09c/screenshot - {}
RESULT: {}
]]></system-out>
    </testcase>
    <testcase classname="chrome.136_0_7103_93.windows.Return_from_Site_w/_warehouse_management_w_clarification" name="Should add equipment to the contract" time="59.571">
      <system-out><![CDATA[
COMMAND: POST /session/7d4ef5db813d7a6cede0ad9a34edc09c/element - {"using":"xpath","value":"//button[@data-kt=\"contractDetailEditBtnButton\"]"}
RESULT: {"using":"xpath","value":"//button[@data-kt=\"contractDetailEditBtnButton\"]"}
COMMAND: POST /session/7d4ef5db813d7a6cede0ad9a34edc09c/element/f.A871513E4156B49FEA6A1325266FBBC5.d.8A3B56C947B16D92CABC310F6F72C614.e.20805/click - {}
RESULT: {}
COMMAND: GET /session/7d4ef5db813d7a6cede0ad9a34edc09c/screenshot - {}
RESULT: {}
COMMAND: POST /session/7d4ef5db813d7a6cede0ad9a34edc09c/element - {"using":"xpath","value":"(//span[contains(text(), \"Additional Addresses\")])[2]"}
RESULT: {"using":"xpath","value":"(//span[contains(text(), \"Additional Addresses\")])[2]"}
COMMAND: POST /session/7d4ef5db813d7a6cede0ad9a34edc09c/element/f.A871513E4156B49FEA6A1325266FBBC5.d.8A3B56C947B16D92CABC310F6F72C614.e.20861/click - {}
RESULT: {}
COMMAND: GET /session/7d4ef5db813d7a6cede0ad9a34edc09c/screenshot - {}
RESULT: {}
COMMAND: POST /session/7d4ef5db813d7a6cede0ad9a34edc09c/element - {"using":"xpath","value":"//button[@data-kt=\"btnAddTableRowOverflowToolbarButton\"]"}
RESULT: {"using":"xpath","value":"//button[@data-kt=\"btnAddTableRowOverflowToolbarButton\"]"}
COMMAND: POST /session/7d4ef5db813d7a6cede0ad9a34edc09c/element/f.A871513E4156B49FEA6A1325266FBBC5.d.8A3B56C947B16D92CABC310F6F72C614.e.20863/click - {}
RESULT: {}
COMMAND: GET /session/7d4ef5db813d7a6cede0ad9a34edc09c/screenshot - {}
RESULT: {}
COMMAND: POST /session/7d4ef5db813d7a6cede0ad9a34edc09c/element - {"using":"xpath","value":"//div[(text() = 'Standard Entry' or . = 'Standard Entry')]"}
RESULT: {"using":"xpath","value":"//div[(text() = 'Standard Entry' or . = 'Standard Entry')]"}
COMMAND: POST /session/7d4ef5db813d7a6cede0ad9a34edc09c/element/f.A871513E4156B49FEA6A1325266FBBC5.d.8A3B56C947B16D92CABC310F6F72C614.e.20865/click - {}
RESULT: {}
COMMAND: GET /session/7d4ef5db813d7a6cede0ad9a34edc09c/screenshot - {}
RESULT: {}
COMMAND: POST /session/7d4ef5db813d7a6cede0ad9a34edc09c/element - {"using":"xpath","value":"//td[6]/div/div/div/span"}
RESULT: {"using":"xpath","value":"//td[6]/div/div/div/span"}
COMMAND: POST /session/7d4ef5db813d7a6cede0ad9a34edc09c/element/f.A871513E4156B49FEA6A1325266FBBC5.d.8A3B56C947B16D92CABC310F6F72C614.e.20877/click - {}
RESULT: {}
COMMAND: GET /session/7d4ef5db813d7a6cede0ad9a34edc09c/screenshot - {}
RESULT: {}
COMMAND: POST /session/7d4ef5db813d7a6cede0ad9a34edc09c/element - {"using":"xpath","value":"(//span[contains(text(), \"Material\")])"}
RESULT: {"using":"xpath","value":"(//span[contains(text(), \"Material\")])"}
COMMAND: POST /session/7d4ef5db813d7a6cede0ad9a34edc09c/element/f.A871513E4156B49FEA6A1325266FBBC5.d.8A3B56C947B16D92CABC310F6F72C614.e.20878/click - {}
RESULT: {}
COMMAND: GET /session/7d4ef5db813d7a6cede0ad9a34edc09c/screenshot - {}
RESULT: {}
COMMAND: POST /session/7d4ef5db813d7a6cede0ad9a34edc09c/element - {"using":"xpath","value":"//td[7]/div/div/input"}
RESULT: {"using":"xpath","value":"//td[7]/div/div/input"}
COMMAND: POST /session/7d4ef5db813d7a6cede0ad9a34edc09c/element/f.A871513E4156B49FEA6A1325266FBBC5.d.8A3B56C947B16D92CABC310F6F72C614.e.20882/clear - {}
RESULT: {}
COMMAND: POST /session/7d4ef5db813d7a6cede0ad9a34edc09c/element/f.A871513E4156B49FEA6A1325266FBBC5.d.8A3B56C947B16D92CABC310F6F72C614.e.20882/value - {"text":"200386"}
COMMAND: GET /session/7d4ef5db813d7a6cede0ad9a34edc09c/screenshot - {}
RESULT: {"text":"200386"}
COMMAND: GET /session/7d4ef5db813d7a6cede0ad9a34edc09c/screenshot - {}
RESULT: {}
RESULT: {}
COMMAND: POST /session/7d4ef5db813d7a6cede0ad9a34edc09c/actions - {"actions":[{"id":"action67","type":"key","parameters":{},"actions":[{"type":"keyDown","value":""},{"type":"pause","duration":10},{"type":"keyUp","value":""}]}]}
RESULT: {"actions":[{"id":"action67","type":"key","parameters":{},"actions":[{"type":"keyDown","value":""},{"type":"pause","duration":10},{"type":"keyUp","value":""}]}]}
COMMAND: GET /session/7d4ef5db813d7a6cede0ad9a34edc09c/screenshot - {}
RESULT: {}
COMMAND: POST /session/7d4ef5db813d7a6cede0ad9a34edc09c/execute/sync - {"script":"<script> [276 bytes]","args":["No pricing information was found"]}
RESULT: {"script":"<script> [276 bytes]","args":["No pricing information was found"]}
COMMAND: POST /session/7d4ef5db813d7a6cede0ad9a34edc09c/element - {"using":"xpath","value":"//bdi[contains(text(), \"OK\")]"}
COMMAND: GET /session/7d4ef5db813d7a6cede0ad9a34edc09c/screenshot - {}
RESULT: {"using":"xpath","value":"//bdi[contains(text(), \"OK\")]"}
COMMAND: POST /session/7d4ef5db813d7a6cede0ad9a34edc09c/element/f.A871513E4156B49FEA6A1325266FBBC5.d.8A3B56C947B16D92CABC310F6F72C614.e.20908/click - {}
RESULT: {}
RESULT: {}
COMMAND: GET /session/7d4ef5db813d7a6cede0ad9a34edc09c/screenshot - {}
RESULT: {}
COMMAND: POST /session/7d4ef5db813d7a6cede0ad9a34edc09c/element - {"using":"xpath","value":"(//button[@data-kt=\"saveButton\"])[2]"}
RESULT: {"using":"xpath","value":"(//button[@data-kt=\"saveButton\"])[2]"}
COMMAND: POST /session/7d4ef5db813d7a6cede0ad9a34edc09c/element/f.A871513E4156B49FEA6A1325266FBBC5.d.8A3B56C947B16D92CABC310F6F72C614.e.20909/click - {}
RESULT: {}
COMMAND: GET /session/7d4ef5db813d7a6cede0ad9a34edc09c/screenshot - {}
RESULT: {}
COMMAND: POST /session/7d4ef5db813d7a6cede0ad9a34edc09c/execute/sync - {"script":"<script> [276 bytes]","args":["Some contract items are having rental validity exceeding header rental validity"]}
RESULT: {"script":"<script> [276 bytes]","args":["Some contract items are having rental validity exceeding header rental validity"]}
COMMAND: GET /session/7d4ef5db813d7a6cede0ad9a34edc09c/screenshot - {}
RESULT: {}
COMMAND: POST /session/7d4ef5db813d7a6cede0ad9a34edc09c/element - {"using":"xpath","value":"//span[contains(@id ,\"contractItemsSmartTable-header-inner\")]"}
RESULT: {"using":"xpath","value":"//span[contains(@id ,\"contractItemsSmartTable-header-inner\")]"}
COMMAND: POST /session/7d4ef5db813d7a6cede0ad9a34edc09c/elements - {"using":"xpath","value":"//span[contains(@id ,\"contractItemsSmartTable-header-inner\")]"}
RESULT: {"using":"xpath","value":"//span[contains(@id ,\"contractItemsSmartTable-header-inner\")]"}
COMMAND: POST /session/7d4ef5db813d7a6cede0ad9a34edc09c/execute/sync - {"script":"<script> [56 bytes]","args":[{"element-6066-11e4-a52e-4f735466cecf":"f.A871513E4156B49FEA6A1325266FBBC5.d.8A3B56C947B16D92CABC310F6F72C614.e.20913","ELEMENT":"f.A871513E4156B49FEA6A1325266FBBC5.d.8A3B56C947B16D92CABC310F6F72C614.e.20913"}]}
RESULT: {"script":"<script> [56 bytes]","args":[{"element-6066-11e4-a52e-4f735466cecf":"f.A871513E4156B49FEA6A1325266FBBC5.d.8A3B56C947B16D92CABC310F6F72C614.e.20913","ELEMENT":"f.A871513E4156B49FEA6A1325266FBBC5.d.8A3B56C947B16D92CABC310F6F72C614.e.20913"}]}
]]></system-out>
    </testcase>
    <testcase classname="chrome.136_0_7103_93.windows.Return_from_Site_w/_warehouse_management_w_clarification" name="Should provide to site" time="44.053">
      <system-out><![CDATA[
COMMAND: POST /session/7d4ef5db813d7a6cede0ad9a34edc09c/element - {"using":"xpath","value":"//button[@data-kt=\"provideButton\"]"}
COMMAND: GET /session/7d4ef5db813d7a6cede0ad9a34edc09c/screenshot - {}
RESULT: {"using":"xpath","value":"//button[@data-kt=\"provideButton\"]"}
COMMAND: POST /session/7d4ef5db813d7a6cede0ad9a34edc09c/element/f.A871513E4156B49FEA6A1325266FBBC5.d.8A3B56C947B16D92CABC310F6F72C614.e.20914/click - {}
RESULT: {}
RESULT: {}
COMMAND: GET /session/7d4ef5db813d7a6cede0ad9a34edc09c/screenshot - {}
RESULT: {}
RESULT: undefined
COMMAND: POST /session/7d4ef5db813d7a6cede0ad9a34edc09c/execute/async - {"script":"<script> [6424 bytes]","args":[{"element-6066-11e4-a52e-4f735466cecf":"f.A871513E4156B49FEA6A1325266FBBC5.d.8A3B56C947B16D92CABC310F6F72C614.e.19960"},"setValue",["05/21/25"]]}
COMMAND: POST /session/7d4ef5db813d7a6cede0ad9a34edc09c/execute/async - {"script":"<script> [1562 bytes]","args":[{"selector":{"id":"application-managehandovers-display-component---AddNewHO--dueDate","interaction":{"idSuffix":"inner"}},"wdio_ui5_key":"applicationmanagehandovers-display-component---AddNewHO--dueDate"}]}
RESULT: {"script":"<script> [1562 bytes]","args":[{"selector":{"id":"application-managehandovers-display-component---AddNewHO--dueDate","interaction":{"idSuffix":"inner"}},"wdio_ui5_key":"applicationmanagehandovers-display-component---AddNewHO--dueDate"}]}
COMMAND: POST /session/7d4ef5db813d7a6cede0ad9a34edc09c/execute/async - {"script":"<script> [6424 bytes]","args":[{"element-6066-11e4-a52e-4f735466cecf":"f.A871513E4156B49FEA6A1325266FBBC5.d.8A3B56C947B16D92CABC310F6F72C614.e.20971"},"setValue",["05/21/25"]]}
RESULT: {"script":"<script> [6424 bytes]","args":[{"element-6066-11e4-a52e-4f735466cecf":"f.A871513E4156B49FEA6A1325266FBBC5.d.8A3B56C947B16D92CABC310F6F72C614.e.20971"},"setValue",["05/21/25"]]}
COMMAND: POST /session/7d4ef5db813d7a6cede0ad9a34edc09c/element - {"using":"xpath","value":"//bdi[contains(text(), \"Instructions\")]"}
RESULT: {"using":"xpath","value":"//bdi[contains(text(), \"Instructions\")]"}
COMMAND: POST /session/7d4ef5db813d7a6cede0ad9a34edc09c/element/f.A871513E4156B49FEA6A1325266FBBC5.d.8A3B56C947B16D92CABC310F6F72C614.e.21082/click - {}
RESULT: {}
COMMAND: GET /session/7d4ef5db813d7a6cede0ad9a34edc09c/screenshot - {}
RESULT: {}
COMMAND: POST /session/7d4ef5db813d7a6cede0ad9a34edc09c/element - {"using":"xpath","value":"//button[@data-kt=\"AddNewHOProvideAddItemsButton\"]"}
RESULT: {"using":"xpath","value":"//button[@data-kt=\"AddNewHOProvideAddItemsButton\"]"}
COMMAND: POST /session/7d4ef5db813d7a6cede0ad9a34edc09c/element/f.A871513E4156B49FEA6A1325266FBBC5.d.8A3B56C947B16D92CABC310F6F72C614.e.21086/click - {}
RESULT: {}
COMMAND: GET /session/7d4ef5db813d7a6cede0ad9a34edc09c/screenshot - {}
RESULT: {}
RESULT: undefined
COMMAND: POST /session/7d4ef5db813d7a6cede0ad9a34edc09c/element - {"using":"xpath","value":"//*[@id=\"application-managehandovers-display-component---AddNewHO--popup-sa\"]"}
RESULT: {"using":"xpath","value":"//*[@id=\"application-managehandovers-display-component---AddNewHO--popup-sa\"]"}
COMMAND: POST /session/7d4ef5db813d7a6cede0ad9a34edc09c/element/f.A871513E4156B49FEA6A1325266FBBC5.d.8A3B56C947B16D92CABC310F6F72C614.e.21090/click - {}
RESULT: {}
COMMAND: GET /session/7d4ef5db813d7a6cede0ad9a34edc09c/screenshot - {}
RESULT: {}
COMMAND: POST /session/7d4ef5db813d7a6cede0ad9a34edc09c/element - {"using":"xpath","value":"//*[contains(@id ,\"BDI-content\")][contains(text(), \"Select\")]"}
RESULT: {"using":"xpath","value":"//*[contains(@id ,\"BDI-content\")][contains(text(), \"Select\")]"}
COMMAND: POST /session/7d4ef5db813d7a6cede0ad9a34edc09c/element/f.A871513E4156B49FEA6A1325266FBBC5.d.8A3B56C947B16D92CABC310F6F72C614.e.21092/click - {}
RESULT: {}
COMMAND: GET /session/7d4ef5db813d7a6cede0ad9a34edc09c/screenshot - {}
RESULT: {}
COMMAND: POST /session/7d4ef5db813d7a6cede0ad9a34edc09c/element - {"using":"xpath","value":"//bdi[(text() = 'Save' or . = 'Save')]"}
RESULT: {"using":"xpath","value":"//bdi[(text() = 'Save' or . = 'Save')]"}
COMMAND: POST /session/7d4ef5db813d7a6cede0ad9a34edc09c/element/f.A871513E4156B49FEA6A1325266FBBC5.d.8A3B56C947B16D92CABC310F6F72C614.e.21095/click - {}
RESULT: {}
COMMAND: GET /session/7d4ef5db813d7a6cede0ad9a34edc09c/screenshot - {}
RESULT: {}
]]></system-out>
    </testcase>
    <testcase classname="chrome.136_0_7103_93.windows.Return_from_Site_w/_warehouse_management_w_clarification" name="Should test for Handover Execution" time="158.542">
      <system-out><![CDATA[
COMMAND: POST /session/7d4ef5db813d7a6cede0ad9a34edc09c/execute/async - {"script":"<script> [1562 bytes]","args":[{"selector":{"controlType":"sap.m.Link","viewName":"etm.portal.ui.managehandovers.view.DetailExecuteHO","bindingPath":{"path":"","propertyPath":"/wmDoc","modelName":"warehouseMovModel"}},"wdio_ui5_key":"etmportal.ui.managehandovers.view.DetailExecuteHOsap.m.Link{\"path\":\"\",\"propertyPath\":\"/wmDoc\",\"modelName\":\"warehouseMovModel\"}"}]}
RESULT: {"script":"<script> [1562 bytes]","args":[{"selector":{"controlType":"sap.m.Link","viewName":"etm.portal.ui.managehandovers.view.DetailExecuteHO","bindingPath":{"path":"","propertyPath":"/wmDoc","modelName":"warehouseMovModel"}},"wdio_ui5_key":"etmportal.ui.managehandovers.view.DetailExecuteHOsap.m.Link{\"path\":\"\",\"propertyPath\":\"/wmDoc\",\"modelName\":\"warehouseMovModel\"}"}]}
RESULT: undefined
COMMAND: POST /session/7d4ef5db813d7a6cede0ad9a34edc09c/element - {"using":"xpath","value":"//*[@id=\"__link81\"]"}
RESULT: {"using":"xpath","value":"//*[@id=\"__link81\"]"}
COMMAND: POST /session/7d4ef5db813d7a6cede0ad9a34edc09c/element/f.A871513E4156B49FEA6A1325266FBBC5.d.8A3B56C947B16D92CABC310F6F72C614.e.21121/click - {}
RESULT: {}
COMMAND: GET /session/7d4ef5db813d7a6cede0ad9a34edc09c/screenshot - {}
RESULT: {}
COMMAND: POST /session/7d4ef5db813d7a6cede0ad9a34edc09c/execute/async - {"script":"<script> [1562 bytes]","args":[{"selector":{"controlType":"sap.m.Link","viewName":"etm.portal.ui.managehandovers.view.DetailExecuteHO","properties":{"text":"Warehouse Overview"},"searchOpenDialogs":true},"wdio_ui5_key":"etmportal.ui.managehandovers.view.DetailExecuteHOsap.m.Link{\"text\":\"Warehouse Overview\"}"}]}
RESULT: {"script":"<script> [1562 bytes]","args":[{"selector":{"controlType":"sap.m.Link","viewName":"etm.portal.ui.managehandovers.view.DetailExecuteHO","properties":{"text":"Warehouse Overview"},"searchOpenDialogs":true},"wdio_ui5_key":"etmportal.ui.managehandovers.view.DetailExecuteHOsap.m.Link{\"text\":\"Warehouse Overview\"}"}]}
RESULT: undefined
COMMAND: POST /session/7d4ef5db813d7a6cede0ad9a34edc09c/element - {"using":"xpath","value":"//*[@id=\"__link96\"]"}
RESULT: {"using":"xpath","value":"//*[@id=\"__link96\"]"}
COMMAND: POST /session/7d4ef5db813d7a6cede0ad9a34edc09c/element/f.A871513E4156B49FEA6A1325266FBBC5.d.8A3B56C947B16D92CABC310F6F72C614.e.21125/click - {}
RESULT: {}
COMMAND: GET /session/7d4ef5db813d7a6cede0ad9a34edc09c/screenshot - {}
COMMAND: POST /session/7d4ef5db813d7a6cede0ad9a34edc09c/execute/async - {"script":"<script> [1562 bytes]","args":[{"selector":{"controlType":"sap.m.Button","viewName":"etm.portal.ui.warehousemovements.view.DisplayMovement","viewId":"application-warehousemovements-display-component---displayMovement","i18NText":{"propertyName":"text","key":"execution"},"interaction":{"idSuffix":"BDI-content"}},"wdio_ui5_key":"etmportal.ui.warehousemovements.view.DisplayMovementsap.m.Button{\"propertyName\":\"text\",\"key\":\"execution\"}"}]}
RESULT: {}
RESULT: {"script":"<script> [1562 bytes]","args":[{"selector":{"controlType":"sap.m.Button","viewName":"etm.portal.ui.warehousemovements.view.DisplayMovement","viewId":"application-warehousemovements-display-component---displayMovement","i18NText":{"propertyName":"text","key":"execution"},"interaction":{"idSuffix":"BDI-content"}},"wdio_ui5_key":"etmportal.ui.warehousemovements.view.DisplayMovementsap.m.Button{\"propertyName\":\"text\",\"key\":\"execution\"}"}]}
RESULT: undefined
COMMAND: POST /session/7d4ef5db813d7a6cede0ad9a34edc09c/element - {"using":"xpath","value":"//*[@id=\"__button219\"]"}
RESULT: {"using":"xpath","value":"//*[@id=\"__button219\"]"}
COMMAND: POST /session/7d4ef5db813d7a6cede0ad9a34edc09c/element/f.A871513E4156B49FEA6A1325266FBBC5.d.8A3B56C947B16D92CABC310F6F72C614.e.21267/click - {}
RESULT: {}
COMMAND: GET /session/7d4ef5db813d7a6cede0ad9a34edc09c/screenshot - {}
RESULT: {}
COMMAND: POST /session/7d4ef5db813d7a6cede0ad9a34edc09c/execute/async - {"script":"<script> [1562 bytes]","args":[{"selector":{"controlType":"sap.m.Button","viewName":"etm.portal.ui.warehousemovements.view.ExecuteMovement","viewId":"application-warehousemovements-display-component---executeMovement","properties":{"text":"Items"},"interaction":{"idSuffix":"BDI-content"}},"wdio_ui5_key":"etmportal.ui.warehousemovements.view.ExecuteMovementsap.m.Button{\"text\":\"Items\"}"}]}
RESULT: {"script":"<script> [1562 bytes]","args":[{"selector":{"controlType":"sap.m.Button","viewName":"etm.portal.ui.warehousemovements.view.ExecuteMovement","viewId":"application-warehousemovements-display-component---executeMovement","properties":{"text":"Items"},"interaction":{"idSuffix":"BDI-content"}},"wdio_ui5_key":"etmportal.ui.warehousemovements.view.ExecuteMovementsap.m.Button{\"text\":\"Items\"}"}]}
RESULT: undefined
COMMAND: POST /session/7d4ef5db813d7a6cede0ad9a34edc09c/element - {"using":"xpath","value":"//*[@id=\"__layout353-anchBar-application-warehousemovements-display-component---executeMovement--itemsSection-anchor\"]"}
RESULT: {"using":"xpath","value":"//*[@id=\"__layout353-anchBar-application-warehousemovements-display-component---executeMovement--itemsSection-anchor\"]"}
COMMAND: POST /session/7d4ef5db813d7a6cede0ad9a34edc09c/element/f.A871513E4156B49FEA6A1325266FBBC5.d.8A3B56C947B16D92CABC310F6F72C614.e.21353/click - {}
RESULT: {}
COMMAND: GET /session/7d4ef5db813d7a6cede0ad9a34edc09c/screenshot - {}
RESULT: {}
COMMAND: POST /session/7d4ef5db813d7a6cede0ad9a34edc09c/execute/async - {"script":"<script> [1562 bytes]","args":[{"selector":{"controlType":"sap.m.ToggleButton","viewName":"etm.portal.ui.warehousemovements.view.ExecuteMovement","viewId":"application-warehousemovements-display-component---executeMovement","bindingPath":{"propertyPath":"STATUS","modelName":"catalogModel"},"interaction":{"idSuffix":"BDI-content"}},"wdio_ui5_key":"etmportal.ui.warehousemovements.view.ExecuteMovementsap.m.ToggleButton{\"propertyPath\":\"STATUS\",\"modelName\":\"catalogModel\"}"}]}
RESULT: {"script":"<script> [1562 bytes]","args":[{"selector":{"controlType":"sap.m.ToggleButton","viewName":"etm.portal.ui.warehousemovements.view.ExecuteMovement","viewId":"application-warehousemovements-display-component---executeMovement","bindingPath":{"propertyPath":"STATUS","modelName":"catalogModel"},"interaction":{"idSuffix":"BDI-content"}},"wdio_ui5_key":"etmportal.ui.warehousemovements.view.ExecuteMovementsap.m.ToggleButton{\"propertyPath\":\"STATUS\",\"modelName\":\"catalogModel\"}"}]}
RESULT: undefined
COMMAND: POST /session/7d4ef5db813d7a6cede0ad9a34edc09c/element - {"using":"xpath","value":"//*[@id=\"__button242-__clone4240\"]"}
RESULT: {"using":"xpath","value":"//*[@id=\"__button242-__clone4240\"]"}
COMMAND: POST /session/7d4ef5db813d7a6cede0ad9a34edc09c/element/f.A871513E4156B49FEA6A1325266FBBC5.d.8A3B56C947B16D92CABC310F6F72C614.e.21292/click - {}
RESULT: {}
RESULT: undefined
COMMAND: POST /session/7d4ef5db813d7a6cede0ad9a34edc09c/element - {"using":"xpath","value":"//*[@id=\"__button242-__clone4240\"]"}
COMMAND: GET /session/7d4ef5db813d7a6cede0ad9a34edc09c/screenshot - {}
RESULT: {"using":"xpath","value":"//*[@id=\"__button242-__clone4240\"]"}
COMMAND: POST /session/7d4ef5db813d7a6cede0ad9a34edc09c/element/f.A871513E4156B49FEA6A1325266FBBC5.d.8A3B56C947B16D92CABC310F6F72C614.e.21292/click - {}
RESULT: {}
RESULT: {}
COMMAND: GET /session/7d4ef5db813d7a6cede0ad9a34edc09c/screenshot - {}
RESULT: {}
COMMAND: POST /session/7d4ef5db813d7a6cede0ad9a34edc09c/element - {"using":"xpath","value":"//section[contains(@id,\"FC-NoHead\")]/div[1]/div[5]/div[2]/span"}
RESULT: {"using":"xpath","value":"//section[contains(@id,\"FC-NoHead\")]/div[1]/div[5]/div[2]/span"}
COMMAND: POST /session/7d4ef5db813d7a6cede0ad9a34edc09c/elements - {"using":"xpath","value":"//section[contains(@id,\"FC-NoHead\")]/div[1]/div[5]/div[2]/span"}
RESULT: {"using":"xpath","value":"//section[contains(@id,\"FC-NoHead\")]/div[1]/div[5]/div[2]/span"}
COMMAND: POST /session/7d4ef5db813d7a6cede0ad9a34edc09c/execute/sync - {"script":"<script> [56 bytes]","args":[{"element-6066-11e4-a52e-4f735466cecf":"f.A871513E4156B49FEA6A1325266FBBC5.d.8A3B56C947B16D92CABC310F6F72C614.e.21359","ELEMENT":"f.A871513E4156B49FEA6A1325266FBBC5.d.8A3B56C947B16D92CABC310F6F72C614.e.21359"}]}
RESULT: {"script":"<script> [56 bytes]","args":[{"element-6066-11e4-a52e-4f735466cecf":"f.A871513E4156B49FEA6A1325266FBBC5.d.8A3B56C947B16D92CABC310F6F72C614.e.21359","ELEMENT":"f.A871513E4156B49FEA6A1325266FBBC5.d.8A3B56C947B16D92CABC310F6F72C614.e.21359"}]}
COMMAND: POST /session/7d4ef5db813d7a6cede0ad9a34edc09c/actions - {"actions":[{"id":"action68","type":"key","parameters":{},"actions":[{"type":"keyDown","value":""},{"type":"pause","duration":10},{"type":"keyUp","value":""}]}]}
COMMAND: GET /session/7d4ef5db813d7a6cede0ad9a34edc09c/screenshot - {}
RESULT: {"actions":[{"id":"action68","type":"key","parameters":{},"actions":[{"type":"keyDown","value":""},{"type":"pause","duration":10},{"type":"keyUp","value":""}]}]}
COMMAND: POST /session/7d4ef5db813d7a6cede0ad9a34edc09c/execute/async - {"script":"<script> [1562 bytes]","args":[{"selector":{"id":"application-warehousemovements-display-component---executeMovement--executeId","interaction":{"idSuffix":"BDI-content"}},"wdio_ui5_key":"applicationwarehousemovements-display-component---executeMovement--executeId"}]}
COMMAND: GET /session/7d4ef5db813d7a6cede0ad9a34edc09c/screenshot - {}
RESULT: {}
RESULT: {"script":"<script> [1562 bytes]","args":[{"selector":{"id":"application-warehousemovements-display-component---executeMovement--executeId","interaction":{"idSuffix":"BDI-content"}},"wdio_ui5_key":"applicationwarehousemovements-display-component---executeMovement--executeId"}]}
RESULT: undefined
COMMAND: POST /session/7d4ef5db813d7a6cede0ad9a34edc09c/element - {"using":"xpath","value":"//*[@id=\"application-warehousemovements-display-component---executeMovement--executeId\"]"}
RESULT: {}
RESULT: {"using":"xpath","value":"//*[@id=\"application-warehousemovements-display-component---executeMovement--executeId\"]"}
COMMAND: POST /session/7d4ef5db813d7a6cede0ad9a34edc09c/element/f.A871513E4156B49FEA6A1325266FBBC5.d.8A3B56C947B16D92CABC310F6F72C614.e.21344/click - {}
RESULT: {}
COMMAND: GET /session/7d4ef5db813d7a6cede0ad9a34edc09c/screenshot - {}
RESULT: {}
COMMAND: POST /session/7d4ef5db813d7a6cede0ad9a34edc09c/element - {"using":"css selector","value":"#shell-header-logo"}
RESULT: {"using":"css selector","value":"#shell-header-logo"}
COMMAND: POST /session/7d4ef5db813d7a6cede0ad9a34edc09c/element/f.A871513E4156B49FEA6A1325266FBBC5.d.8A3B56C947B16D92CABC310F6F72C614.e.20355/click - {}
RESULT: {}
COMMAND: GET /session/7d4ef5db813d7a6cede0ad9a34edc09c/screenshot - {}
RESULT: {}
RESULT: undefined
COMMAND: POST /session/7d4ef5db813d7a6cede0ad9a34edc09c/element - {"using":"xpath","value":"//*[@id=\"__tile132\"]"}
RESULT: {"using":"xpath","value":"//*[@id=\"__tile132\"]"}
COMMAND: POST /session/7d4ef5db813d7a6cede0ad9a34edc09c/element/f.A871513E4156B49FEA6A1325266FBBC5.d.8A3B56C947B16D92CABC310F6F72C614.e.18997/click - {}
RESULT: {}
COMMAND: GET /session/7d4ef5db813d7a6cede0ad9a34edc09c/screenshot - {}
RESULT: {}
COMMAND: POST /session/7d4ef5db813d7a6cede0ad9a34edc09c/elements - {"using":"xpath","value":"//span[text()='Error']"}
RESULT: {"using":"xpath","value":"//span[text()='Error']"}
COMMAND: POST /session/7d4ef5db813d7a6cede0ad9a34edc09c/execute/async - {"script":"<script> [1562 bytes]","args":[{"selector":{"controlType":"sap.m.SearchField","viewName":"etm.portal.ui.managehandovers.view.MasterHO","bindingPath":{"propertyPath":"/_BASIC_SEARCH_FIELD","modelName":"fi1t3rM0d31"},"interaction":{"idSuffix":"I"}},"wdio_ui5_key":"etmportal.ui.managehandovers.view.MasterHOsap.m.SearchField{\"propertyPath\":\"/_BASIC_SEARCH_FIELD\",\"modelName\":\"fi1t3rM0d31\"}"}]}
RESULT: {"script":"<script> [1562 bytes]","args":[{"selector":{"controlType":"sap.m.SearchField","viewName":"etm.portal.ui.managehandovers.view.MasterHO","bindingPath":{"propertyPath":"/_BASIC_SEARCH_FIELD","modelName":"fi1t3rM0d31"},"interaction":{"idSuffix":"I"}},"wdio_ui5_key":"etmportal.ui.managehandovers.view.MasterHOsap.m.SearchField{\"propertyPath\":\"/_BASIC_SEARCH_FIELD\",\"modelName\":\"fi1t3rM0d31\"}"}]}
RESULT: undefined
COMMAND: POST /session/7d4ef5db813d7a6cede0ad9a34edc09c/execute/async - {"script":"<script> [776 bytes]","args":[{"enterText":"30965","selector":{"controlType":"sap.m.SearchField","viewName":"etm.portal.ui.managehandovers.view.MasterHO","bindingPath":{"propertyPath":"/_BASIC_SEARCH_FIELD","modelName":"fi1t3rM0d31"},"interaction":{"idSuffix":"I"}},"clearTextFirst":true,"interactionType":"ENTER_TEXT"}]}
RESULT: {"script":"<script> [776 bytes]","args":[{"enterText":"30965","selector":{"controlType":"sap.m.SearchField","viewName":"etm.portal.ui.managehandovers.view.MasterHO","bindingPath":{"propertyPath":"/_BASIC_SEARCH_FIELD","modelName":"fi1t3rM0d31"},"interaction":{"idSuffix":"I"}},"clearTextFirst":true,"interactionType":"ENTER_TEXT"}]}
COMMAND: POST /session/7d4ef5db813d7a6cede0ad9a34edc09c/actions - {"actions":[{"id":"action69","type":"key","parameters":{},"actions":[{"type":"keyDown","value":""},{"type":"pause","duration":10},{"type":"keyUp","value":""}]}]}
RESULT: {"actions":[{"id":"action69","type":"key","parameters":{},"actions":[{"type":"keyDown","value":""},{"type":"pause","duration":10},{"type":"keyUp","value":""}]}]}
COMMAND: GET /session/7d4ef5db813d7a6cede0ad9a34edc09c/screenshot - {}
RESULT: {}
COMMAND: POST /session/7d4ef5db813d7a6cede0ad9a34edc09c/execute/async - {"script":"<script> [1562 bytes]","args":[{"selector":{"controlType":"sap.ui.core.Icon","viewName":"etm.portal.ui.managehandovers.view.MasterHO","properties":{"src":{"regex":{"source":"slim\\-arrow\\-right"}}}},"wdio_ui5_key":"etmportal.ui.managehandovers.view.MasterHOsap.ui.core.Icon{\"src\":{\"regex\":{\"source\":\"slim\\\\-arrow\\\\-right\"}}}"}]}
RESULT: {"script":"<script> [1562 bytes]","args":[{"selector":{"controlType":"sap.ui.core.Icon","viewName":"etm.portal.ui.managehandovers.view.MasterHO","properties":{"src":{"regex":{"source":"slim\\-arrow\\-right"}}}},"wdio_ui5_key":"etmportal.ui.managehandovers.view.MasterHOsap.ui.core.Icon{\"src\":{\"regex\":{\"source\":\"slim\\\\-arrow\\\\-right\"}}}"}]}
RESULT: undefined
COMMAND: POST /session/7d4ef5db813d7a6cede0ad9a34edc09c/element - {"using":"xpath","value":"//*[@id=\"__item2485-__clone4320-imgNav\"]"}
RESULT: {"using":"xpath","value":"//*[@id=\"__item2485-__clone4320-imgNav\"]"}
COMMAND: POST /session/7d4ef5db813d7a6cede0ad9a34edc09c/element/f.A871513E4156B49FEA6A1325266FBBC5.d.8A3B56C947B16D92CABC310F6F72C614.e.21546/click - {}
RESULT: {}
COMMAND: GET /session/7d4ef5db813d7a6cede0ad9a34edc09c/screenshot - {}
RESULT: {}
COMMAND: POST /session/7d4ef5db813d7a6cede0ad9a34edc09c/execute/async - {"script":"<script> [1562 bytes]","args":[{"selector":{"controlType":"sap.m.Button","viewName":"etm.portal.ui.managehandovers.view.DetailExecuteHO","i18NText":{"propertyName":"text","key":"confirmAll"},"interaction":{"idSuffix":"BDI-content"}},"wdio_ui5_key":"etmportal.ui.managehandovers.view.DetailExecuteHOsap.m.Button{\"propertyName\":\"text\",\"key\":\"confirmAll\"}"}]}
RESULT: {"script":"<script> [1562 bytes]","args":[{"selector":{"controlType":"sap.m.Button","viewName":"etm.portal.ui.managehandovers.view.DetailExecuteHO","i18NText":{"propertyName":"text","key":"confirmAll"},"interaction":{"idSuffix":"BDI-content"}},"wdio_ui5_key":"etmportal.ui.managehandovers.view.DetailExecuteHOsap.m.Button{\"propertyName\":\"text\",\"key\":\"confirmAll\"}"}]}
RESULT: undefined
COMMAND: POST /session/7d4ef5db813d7a6cede0ad9a34edc09c/element - {"using":"xpath","value":"//*[@id=\"__button280\"]"}
RESULT: {"using":"xpath","value":"//*[@id=\"__button280\"]"}
COMMAND: POST /session/7d4ef5db813d7a6cede0ad9a34edc09c/element/f.A871513E4156B49FEA6A1325266FBBC5.d.8A3B56C947B16D92CABC310F6F72C614.e.21635/click - {}
RESULT: {}
COMMAND: GET /session/7d4ef5db813d7a6cede0ad9a34edc09c/screenshot - {}
RESULT: {}
COMMAND: POST /session/7d4ef5db813d7a6cede0ad9a34edc09c/actions - {"actions":[{"id":"action70","type":"key","parameters":{},"actions":[{"type":"keyDown","value":""},{"type":"pause","duration":10},{"type":"keyUp","value":""}]}]}
RESULT: {"actions":[{"id":"action70","type":"key","parameters":{},"actions":[{"type":"keyDown","value":""},{"type":"pause","duration":10},{"type":"keyUp","value":""}]}]}
COMMAND: GET /session/7d4ef5db813d7a6cede0ad9a34edc09c/screenshot - {}
RESULT: {}
COMMAND: POST /session/7d4ef5db813d7a6cede0ad9a34edc09c/element - {"using":"xpath","value":"//button[@data-kt=\"execHoIssueButton\"]"}
RESULT: {"using":"xpath","value":"//button[@data-kt=\"execHoIssueButton\"]"}
COMMAND: POST /session/7d4ef5db813d7a6cede0ad9a34edc09c/element/f.A871513E4156B49FEA6A1325266FBBC5.d.8A3B56C947B16D92CABC310F6F72C614.e.21639/click - {}
RESULT: {}
COMMAND: GET /session/7d4ef5db813d7a6cede0ad9a34edc09c/screenshot - {}
RESULT: {}
RESULT: undefined
COMMAND: POST /session/7d4ef5db813d7a6cede0ad9a34edc09c/execute/async - {"script":"<script> [776 bytes]","args":[{"enterText":"30965","selector":{"controlType":"sap.m.SearchField","viewName":"etm.portal.ui.managehandovers.view.MasterHO","bindingPath":{"propertyPath":"/_BASIC_SEARCH_FIELD","modelName":"fi1t3rM0d31"},"interaction":{"idSuffix":"I"}},"clearTextFirst":true,"interactionType":"ENTER_TEXT"}]}
RESULT: {"script":"<script> [776 bytes]","args":[{"enterText":"30965","selector":{"controlType":"sap.m.SearchField","viewName":"etm.portal.ui.managehandovers.view.MasterHO","bindingPath":{"propertyPath":"/_BASIC_SEARCH_FIELD","modelName":"fi1t3rM0d31"},"interaction":{"idSuffix":"I"}},"clearTextFirst":true,"interactionType":"ENTER_TEXT"}]}
COMMAND: POST /session/7d4ef5db813d7a6cede0ad9a34edc09c/actions - {"actions":[{"id":"action71","type":"key","parameters":{},"actions":[{"type":"keyDown","value":""},{"type":"pause","duration":10},{"type":"keyUp","value":""}]}]}
RESULT: {"actions":[{"id":"action71","type":"key","parameters":{},"actions":[{"type":"keyDown","value":""},{"type":"pause","duration":10},{"type":"keyUp","value":""}]}]}
COMMAND: GET /session/7d4ef5db813d7a6cede0ad9a34edc09c/screenshot - {}
RESULT: {}
COMMAND: POST /session/7d4ef5db813d7a6cede0ad9a34edc09c/element - {"using":"xpath","value":"//span[(text() = '30965' or . = '30965')]"}
RESULT: {"using":"xpath","value":"//span[(text() = '30965' or . = '30965')]"}
COMMAND: POST /session/7d4ef5db813d7a6cede0ad9a34edc09c/element/f.A871513E4156B49FEA6A1325266FBBC5.d.8A3B56C947B16D92CABC310F6F72C614.e.21687/click - {}
RESULT: {}
COMMAND: GET /session/7d4ef5db813d7a6cede0ad9a34edc09c/screenshot - {}
RESULT: {}
COMMAND: POST /session/7d4ef5db813d7a6cede0ad9a34edc09c/element - {"using":"xpath","value":"//span[contains(text(), \"Instructions\")]"}
RESULT: {"using":"xpath","value":"//span[contains(text(), \"Instructions\")]"}
COMMAND: POST /session/7d4ef5db813d7a6cede0ad9a34edc09c/element/f.A871513E4156B49FEA6A1325266FBBC5.d.8A3B56C947B16D92CABC310F6F72C614.e.21713/click - {}
RESULT: {}
COMMAND: GET /session/7d4ef5db813d7a6cede0ad9a34edc09c/screenshot - {}
RESULT: {}
COMMAND: POST /session/7d4ef5db813d7a6cede0ad9a34edc09c/element - {"using":"xpath","value":"//span[contains(text(), \"Instructions\")]"}
RESULT: {"using":"xpath","value":"//span[contains(text(), \"Instructions\")]"}
COMMAND: POST /session/7d4ef5db813d7a6cede0ad9a34edc09c/element/f.A871513E4156B49FEA6A1325266FBBC5.d.8A3B56C947B16D92CABC310F6F72C614.e.21713/click - {}
RESULT: {}
COMMAND: GET /session/7d4ef5db813d7a6cede0ad9a34edc09c/screenshot - {}
RESULT: {}
COMMAND: POST /session/7d4ef5db813d7a6cede0ad9a34edc09c/execute/async - {"script":"<script> [1562 bytes]","args":[{"selector":{"controlType":"sap.m.ComboBox","viewName":"etm.portal.ui.managehandovers.view.DetailExecuteHO","bindingPath":{"propertyPath":"RECEIVING_SECTION","modelName":"catalogModel"},"interaction":{"idSuffix":"inner"}},"wdio_ui5_key":"etmportal.ui.managehandovers.view.DetailExecuteHOsap.m.ComboBox{\"propertyPath\":\"RECEIVING_SECTION\",\"modelName\":\"catalogModel\"}"}]}
RESULT: {"script":"<script> [1562 bytes]","args":[{"selector":{"controlType":"sap.m.ComboBox","viewName":"etm.portal.ui.managehandovers.view.DetailExecuteHO","bindingPath":{"propertyPath":"RECEIVING_SECTION","modelName":"catalogModel"},"interaction":{"idSuffix":"inner"}},"wdio_ui5_key":"etmportal.ui.managehandovers.view.DetailExecuteHOsap.m.ComboBox{\"propertyPath\":\"RECEIVING_SECTION\",\"modelName\":\"catalogModel\"}"}]}
RESULT: undefined
COMMAND: POST /session/7d4ef5db813d7a6cede0ad9a34edc09c/execute/async - {"script":"<script> [776 bytes]","args":[{"enterText":"WDIO-2335","selector":{"controlType":"sap.m.ComboBox","viewName":"etm.portal.ui.managehandovers.view.DetailExecuteHO","bindingPath":{"propertyPath":"RECEIVING_SECTION","modelName":"catalogModel"},"interaction":{"idSuffix":"inner"}},"clearTextFirst":true,"interactionType":"ENTER_TEXT"}]}
RESULT: {"script":"<script> [776 bytes]","args":[{"enterText":"WDIO-2335","selector":{"controlType":"sap.m.ComboBox","viewName":"etm.portal.ui.managehandovers.view.DetailExecuteHO","bindingPath":{"propertyPath":"RECEIVING_SECTION","modelName":"catalogModel"},"interaction":{"idSuffix":"inner"}},"clearTextFirst":true,"interactionType":"ENTER_TEXT"}]}
COMMAND: POST /session/7d4ef5db813d7a6cede0ad9a34edc09c/actions - {"actions":[{"id":"action72","type":"key","parameters":{},"actions":[{"type":"keyDown","value":""},{"type":"pause","duration":10},{"type":"keyUp","value":""}]}]}
RESULT: {"actions":[{"id":"action72","type":"key","parameters":{},"actions":[{"type":"keyDown","value":""},{"type":"pause","duration":10},{"type":"keyUp","value":""}]}]}
COMMAND: GET /session/7d4ef5db813d7a6cede0ad9a34edc09c/screenshot - {}
RESULT: {}
COMMAND: POST /session/7d4ef5db813d7a6cede0ad9a34edc09c/element - {"using":"xpath","value":"//button[@data-kt= \"execHoReceiveButton\"]"}
RESULT: {"using":"xpath","value":"//button[@data-kt= \"execHoReceiveButton\"]"}
COMMAND: POST /session/7d4ef5db813d7a6cede0ad9a34edc09c/element/f.A871513E4156B49FEA6A1325266FBBC5.d.8A3B56C947B16D92CABC310F6F72C614.e.21719/click - {}
RESULT: {}
COMMAND: GET /session/7d4ef5db813d7a6cede0ad9a34edc09c/screenshot - {}
RESULT: {}
COMMAND: POST /session/7d4ef5db813d7a6cede0ad9a34edc09c/execute/async - {"script":"<script> [1562 bytes]","args":[{"selector":{"controlType":"sap.m.Button","properties":{"text":"Continue"},"searchOpenDialogs":true,"interaction":{"idSuffix":"content"}},"wdio_ui5_key":"sapm.Button{\"text\":\"Continue\"}"}]}
RESULT: {"script":"<script> [1562 bytes]","args":[{"selector":{"controlType":"sap.m.Button","properties":{"text":"Continue"},"searchOpenDialogs":true,"interaction":{"idSuffix":"content"}},"wdio_ui5_key":"sapm.Button{\"text\":\"Continue\"}"}]}
RESULT: undefined
COMMAND: POST /session/7d4ef5db813d7a6cede0ad9a34edc09c/element - {"using":"xpath","value":"//*[@id=\"__mbox-btn-6\"]"}
RESULT: {"using":"xpath","value":"//*[@id=\"__mbox-btn-6\"]"}
COMMAND: POST /session/7d4ef5db813d7a6cede0ad9a34edc09c/element/f.A871513E4156B49FEA6A1325266FBBC5.d.8A3B56C947B16D92CABC310F6F72C614.e.21720/click - {}
RESULT: {}
COMMAND: GET /session/7d4ef5db813d7a6cede0ad9a34edc09c/screenshot - {}
RESULT: {}
COMMAND: POST /session/7d4ef5db813d7a6cede0ad9a34edc09c/element - {"using":"css selector","value":"#shell-header-logo"}
RESULT: {"using":"css selector","value":"#shell-header-logo"}
COMMAND: POST /session/7d4ef5db813d7a6cede0ad9a34edc09c/element/f.A871513E4156B49FEA6A1325266FBBC5.d.8A3B56C947B16D92CABC310F6F72C614.e.21423/click - {}
RESULT: {}
COMMAND: GET /session/7d4ef5db813d7a6cede0ad9a34edc09c/screenshot - {}
RESULT: {}
]]></system-out>
    </testcase>
    <testcase classname="chrome.136_0_7103_93.windows.Return_from_Site_w/_warehouse_management_w_clarification" name="Should test for Clarification" time="69.3">
      <system-out><![CDATA[
RESULT: undefined
COMMAND: POST /session/7d4ef5db813d7a6cede0ad9a34edc09c/element - {"using":"xpath","value":"//*[@id=\"__tile132\"]"}
RESULT: {"using":"xpath","value":"//*[@id=\"__tile132\"]"}
COMMAND: POST /session/7d4ef5db813d7a6cede0ad9a34edc09c/element/f.A871513E4156B49FEA6A1325266FBBC5.d.8A3B56C947B16D92CABC310F6F72C614.e.18997/click - {}
RESULT: {}
COMMAND: GET /session/7d4ef5db813d7a6cede0ad9a34edc09c/screenshot - {}
RESULT: {}
COMMAND: POST /session/7d4ef5db813d7a6cede0ad9a34edc09c/elements - {"using":"xpath","value":"//span[text()='Error']"}
RESULT: {"using":"xpath","value":"//span[text()='Error']"}
RESULT: undefined
COMMAND: POST /session/7d4ef5db813d7a6cede0ad9a34edc09c/execute/async - {"script":"<script> [776 bytes]","args":[{"enterText":"30965","selector":{"controlType":"sap.m.SearchField","viewName":"etm.portal.ui.managehandovers.view.MasterHO","bindingPath":{"propertyPath":"/_BASIC_SEARCH_FIELD","modelName":"fi1t3rM0d31"},"interaction":{"idSuffix":"I"}},"clearTextFirst":true,"interactionType":"ENTER_TEXT"}]}
RESULT: {"script":"<script> [776 bytes]","args":[{"enterText":"30965","selector":{"controlType":"sap.m.SearchField","viewName":"etm.portal.ui.managehandovers.view.MasterHO","bindingPath":{"propertyPath":"/_BASIC_SEARCH_FIELD","modelName":"fi1t3rM0d31"},"interaction":{"idSuffix":"I"}},"clearTextFirst":true,"interactionType":"ENTER_TEXT"}]}
COMMAND: POST /session/7d4ef5db813d7a6cede0ad9a34edc09c/actions - {"actions":[{"id":"action73","type":"key","parameters":{},"actions":[{"type":"keyDown","value":""},{"type":"pause","duration":10},{"type":"keyUp","value":""}]}]}
RESULT: {"actions":[{"id":"action73","type":"key","parameters":{},"actions":[{"type":"keyDown","value":""},{"type":"pause","duration":10},{"type":"keyUp","value":""}]}]}
COMMAND: GET /session/7d4ef5db813d7a6cede0ad9a34edc09c/screenshot - {}
RESULT: {}
COMMAND: POST /session/7d4ef5db813d7a6cede0ad9a34edc09c/element - {"using":"xpath","value":"//span[(text() = '30965' or . = '30965')]"}
RESULT: {"using":"xpath","value":"//span[(text() = '30965' or . = '30965')]"}
COMMAND: POST /session/7d4ef5db813d7a6cede0ad9a34edc09c/element/f.A871513E4156B49FEA6A1325266FBBC5.d.8A3B56C947B16D92CABC310F6F72C614.e.22023/click - {}
RESULT: {}
COMMAND: GET /session/7d4ef5db813d7a6cede0ad9a34edc09c/screenshot - {}
RESULT: {}
COMMAND: POST /session/7d4ef5db813d7a6cede0ad9a34edc09c/element - {"using":"xpath","value":"//span[contains(text(), \"Instructions\")]"}
RESULT: {"using":"xpath","value":"//span[contains(text(), \"Instructions\")]"}
COMMAND: POST /session/7d4ef5db813d7a6cede0ad9a34edc09c/element/f.A871513E4156B49FEA6A1325266FBBC5.d.8A3B56C947B16D92CABC310F6F72C614.e.22104/click - {}
RESULT: {}
COMMAND: GET /session/7d4ef5db813d7a6cede0ad9a34edc09c/screenshot - {}
RESULT: {}
COMMAND: POST /session/7d4ef5db813d7a6cede0ad9a34edc09c/element - {"using":"xpath","value":"//span[contains(text(), \"Instructions\")]"}
RESULT: {"using":"xpath","value":"//span[contains(text(), \"Instructions\")]"}
COMMAND: POST /session/7d4ef5db813d7a6cede0ad9a34edc09c/element/f.A871513E4156B49FEA6A1325266FBBC5.d.8A3B56C947B16D92CABC310F6F72C614.e.22104/click - {}
RESULT: {}
COMMAND: GET /session/7d4ef5db813d7a6cede0ad9a34edc09c/screenshot - {}
RESULT: {}
COMMAND: POST /session/7d4ef5db813d7a6cede0ad9a34edc09c/element - {"using":"xpath","value":"//button[.//bdi[text() = \"Receive\"]]"}
RESULT: {"using":"xpath","value":"//button[.//bdi[text() = \"Receive\"]]"}
COMMAND: POST /session/7d4ef5db813d7a6cede0ad9a34edc09c/element/f.A871513E4156B49FEA6A1325266FBBC5.d.8A3B56C947B16D92CABC310F6F72C614.e.22109/click - {}
RESULT: {}
COMMAND: GET /session/7d4ef5db813d7a6cede0ad9a34edc09c/screenshot - {}
RESULT: {}
COMMAND: POST /session/7d4ef5db813d7a6cede0ad9a34edc09c/element - {"using":"xpath","value":"//button[@data-kt= \"execHoReceiveRefuseButton\"]"}
RESULT: {"using":"xpath","value":"//button[@data-kt= \"execHoReceiveRefuseButton\"]"}
COMMAND: POST /session/7d4ef5db813d7a6cede0ad9a34edc09c/element/f.A871513E4156B49FEA6A1325266FBBC5.d.8A3B56C947B16D92CABC310F6F72C614.e.22111/click - {}
RESULT: {}
COMMAND: GET /session/7d4ef5db813d7a6cede0ad9a34edc09c/screenshot - {}
RESULT: {}
COMMAND: POST /session/7d4ef5db813d7a6cede0ad9a34edc09c/element - {"using":"css selector","value":"#shell-header-logo"}
RESULT: {"using":"css selector","value":"#shell-header-logo"}
COMMAND: POST /session/7d4ef5db813d7a6cede0ad9a34edc09c/element/f.A871513E4156B49FEA6A1325266FBBC5.d.8A3B56C947B16D92CABC310F6F72C614.e.21775/click - {}
RESULT: {}
COMMAND: GET /session/7d4ef5db813d7a6cede0ad9a34edc09c/screenshot - {}
RESULT: {}
]]></system-out>
    </testcase>
    <testcase classname="chrome.136_0_7103_93.windows.Return_from_Site_w/_warehouse_management_w_clarification" name="Should do a return to site from the contracts screen in one step" time="220.397">
      <system-out><![CDATA[
RESULT: undefined
COMMAND: POST /session/7d4ef5db813d7a6cede0ad9a34edc09c/element - {"using":"xpath","value":"//*[@id=\"__tile130\"]"}
RESULT: {"using":"xpath","value":"//*[@id=\"__tile130\"]"}
COMMAND: POST /session/7d4ef5db813d7a6cede0ad9a34edc09c/element/f.A871513E4156B49FEA6A1325266FBBC5.d.8A3B56C947B16D92CABC310F6F72C614.e.18930/click - {}
RESULT: {}
COMMAND: GET /session/7d4ef5db813d7a6cede0ad9a34edc09c/screenshot - {}
RESULT: {}
COMMAND: POST /session/7d4ef5db813d7a6cede0ad9a34edc09c/elements - {"using":"xpath","value":"//span[text()='Error']"}
RESULT: {"using":"xpath","value":"//span[text()='Error']"}
COMMAND: POST /session/7d4ef5db813d7a6cede0ad9a34edc09c/element - {"using":"xpath","value":"//button[@data-kt=\"addButton\"]"}
RESULT: {"using":"xpath","value":"//button[@data-kt=\"addButton\"]"}
COMMAND: POST /session/7d4ef5db813d7a6cede0ad9a34edc09c/elements - {"using":"xpath","value":"//button[@data-kt=\"addButton\"]"}
RESULT: {"using":"xpath","value":"//button[@data-kt=\"addButton\"]"}
COMMAND: POST /session/7d4ef5db813d7a6cede0ad9a34edc09c/execute/sync - {"script":"<script> [8489 bytes]","args":[{"element-6066-11e4-a52e-4f735466cecf":"f.A871513E4156B49FEA6A1325266FBBC5.d.8A3B56C947B16D92CABC310F6F72C614.e.22201","ELEMENT":"f.A871513E4156B49FEA6A1325266FBBC5.d.8A3B56C947B16D92CABC310F6F72C614.e.22201"}]}
RESULT: {"script":"<script> [8489 bytes]","args":[{"element-6066-11e4-a52e-4f735466cecf":"f.A871513E4156B49FEA6A1325266FBBC5.d.8A3B56C947B16D92CABC310F6F72C614.e.22201","ELEMENT":"f.A871513E4156B49FEA6A1325266FBBC5.d.8A3B56C947B16D92CABC310F6F72C614.e.22201"}]}
COMMAND: GET /session/7d4ef5db813d7a6cede0ad9a34edc09c/element/f.A871513E4156B49FEA6A1325266FBBC5.d.8A3B56C947B16D92CABC310F6F72C614.e.22201/enabled - {}
COMMAND: GET /session/7d4ef5db813d7a6cede0ad9a34edc09c/screenshot - {}
RESULT: {}
COMMAND: POST /session/7d4ef5db813d7a6cede0ad9a34edc09c/execute/sync - {"script":"<script> [8489 bytes]","args":[{"element-6066-11e4-a52e-4f735466cecf":"f.A871513E4156B49FEA6A1325266FBBC5.d.8A3B56C947B16D92CABC310F6F72C614.e.22201","ELEMENT":"f.A871513E4156B49FEA6A1325266FBBC5.d.8A3B56C947B16D92CABC310F6F72C614.e.22201"}]}
COMMAND: GET /session/7d4ef5db813d7a6cede0ad9a34edc09c/screenshot - {}
RESULT: {}
RESULT: {"script":"<script> [8489 bytes]","args":[{"element-6066-11e4-a52e-4f735466cecf":"f.A871513E4156B49FEA6A1325266FBBC5.d.8A3B56C947B16D92CABC310F6F72C614.e.22201","ELEMENT":"f.A871513E4156B49FEA6A1325266FBBC5.d.8A3B56C947B16D92CABC310F6F72C614.e.22201"}]}
COMMAND: POST /session/7d4ef5db813d7a6cede0ad9a34edc09c/execute/sync - {"script":"<script> [5351 bytes]","args":[{"element-6066-11e4-a52e-4f735466cecf":"f.A871513E4156B49FEA6A1325266FBBC5.d.8A3B56C947B16D92CABC310F6F72C614.e.22201","ELEMENT":"f.A871513E4156B49FEA6A1325266FBBC5.d.8A3B56C947B16D92CABC310F6F72C614.e.22201"}]}
COMMAND: GET /session/7d4ef5db813d7a6cede0ad9a34edc09c/screenshot - {}
RESULT: {}
RESULT: {"script":"<script> [5351 bytes]","args":[{"element-6066-11e4-a52e-4f735466cecf":"f.A871513E4156B49FEA6A1325266FBBC5.d.8A3B56C947B16D92CABC310F6F72C614.e.22201","ELEMENT":"f.A871513E4156B49FEA6A1325266FBBC5.d.8A3B56C947B16D92CABC310F6F72C614.e.22201"}]}
COMMAND: GET /session/7d4ef5db813d7a6cede0ad9a34edc09c/screenshot - {}
RESULT: {}
RESULT: {}
COMMAND: POST /session/7d4ef5db813d7a6cede0ad9a34edc09c/element - {"using":"xpath","value":"//input[contains(@id ,\"smartContractFilterBar-btnBasicSearch-I\")]"}
RESULT: {"using":"xpath","value":"//input[contains(@id ,\"smartContractFilterBar-btnBasicSearch-I\")]"}
COMMAND: POST /session/7d4ef5db813d7a6cede0ad9a34edc09c/elements - {"using":"xpath","value":"//input[contains(@id ,\"smartContractFilterBar-btnBasicSearch-I\")]"}
RESULT: {"using":"xpath","value":"//input[contains(@id ,\"smartContractFilterBar-btnBasicSearch-I\")]"}
COMMAND: POST /session/7d4ef5db813d7a6cede0ad9a34edc09c/execute/sync - {"script":"<script> [8489 bytes]","args":[{"element-6066-11e4-a52e-4f735466cecf":"f.A871513E4156B49FEA6A1325266FBBC5.d.8A3B56C947B16D92CABC310F6F72C614.e.22158","ELEMENT":"f.A871513E4156B49FEA6A1325266FBBC5.d.8A3B56C947B16D92CABC310F6F72C614.e.22158"}]}
RESULT: {"script":"<script> [8489 bytes]","args":[{"element-6066-11e4-a52e-4f735466cecf":"f.A871513E4156B49FEA6A1325266FBBC5.d.8A3B56C947B16D92CABC310F6F72C614.e.22158","ELEMENT":"f.A871513E4156B49FEA6A1325266FBBC5.d.8A3B56C947B16D92CABC310F6F72C614.e.22158"}]}
COMMAND: GET /session/7d4ef5db813d7a6cede0ad9a34edc09c/element/f.A871513E4156B49FEA6A1325266FBBC5.d.8A3B56C947B16D92CABC310F6F72C614.e.22158/enabled - {}
COMMAND: GET /session/7d4ef5db813d7a6cede0ad9a34edc09c/screenshot - {}
RESULT: {}
COMMAND: POST /session/7d4ef5db813d7a6cede0ad9a34edc09c/element/f.A871513E4156B49FEA6A1325266FBBC5.d.8A3B56C947B16D92CABC310F6F72C614.e.22158/clear - {}
COMMAND: GET /session/7d4ef5db813d7a6cede0ad9a34edc09c/screenshot - {}
RESULT: {}
RESULT: {}
COMMAND: POST /session/7d4ef5db813d7a6cede0ad9a34edc09c/element/f.A871513E4156B49FEA6A1325266FBBC5.d.8A3B56C947B16D92CABC310F6F72C614.e.22158/value - {"text":"10480"}
COMMAND: GET /session/7d4ef5db813d7a6cede0ad9a34edc09c/screenshot - {}
RESULT: {}
RESULT: {"text":"10480"}
COMMAND: GET /session/7d4ef5db813d7a6cede0ad9a34edc09c/screenshot - {}
RESULT: {}
RESULT: {}
COMMAND: POST /session/7d4ef5db813d7a6cede0ad9a34edc09c/actions - {"actions":[{"id":"action74","type":"key","parameters":{},"actions":[{"type":"keyDown","value":""},{"type":"pause","duration":10},{"type":"keyUp","value":""}]}]}
RESULT: {"actions":[{"id":"action74","type":"key","parameters":{},"actions":[{"type":"keyDown","value":""},{"type":"pause","duration":10},{"type":"keyUp","value":""}]}]}
COMMAND: GET /session/7d4ef5db813d7a6cede0ad9a34edc09c/screenshot - {}
RESULT: {}
COMMAND: POST /session/7d4ef5db813d7a6cede0ad9a34edc09c/element - {"using":"xpath","value":"//span[contains(@id, \"masterListContractsSmartTable-header-inner\")]"}
RESULT: {"using":"xpath","value":"//span[contains(@id, \"masterListContractsSmartTable-header-inner\")]"}
COMMAND: POST /session/7d4ef5db813d7a6cede0ad9a34edc09c/elements - {"using":"xpath","value":"//span[contains(@id, \"masterListContractsSmartTable-header-inner\")]"}
RESULT: {"using":"xpath","value":"//span[contains(@id, \"masterListContractsSmartTable-header-inner\")]"}
COMMAND: POST /session/7d4ef5db813d7a6cede0ad9a34edc09c/execute/sync - {"script":"<script> [56 bytes]","args":[{"element-6066-11e4-a52e-4f735466cecf":"f.A871513E4156B49FEA6A1325266FBBC5.d.8A3B56C947B16D92CABC310F6F72C614.e.22263","ELEMENT":"f.A871513E4156B49FEA6A1325266FBBC5.d.8A3B56C947B16D92CABC310F6F72C614.e.22263"}]}
RESULT: {"script":"<script> [56 bytes]","args":[{"element-6066-11e4-a52e-4f735466cecf":"f.A871513E4156B49FEA6A1325266FBBC5.d.8A3B56C947B16D92CABC310F6F72C614.e.22263","ELEMENT":"f.A871513E4156B49FEA6A1325266FBBC5.d.8A3B56C947B16D92CABC310F6F72C614.e.22263"}]}
COMMAND: POST /session/7d4ef5db813d7a6cede0ad9a34edc09c/element - {"using":"xpath","value":"(//span[contains(@id, \"imgNav\")])[1]"}
COMMAND: GET /session/7d4ef5db813d7a6cede0ad9a34edc09c/screenshot - {}
RESULT: {"using":"xpath","value":"(//span[contains(@id, \"imgNav\")])[1]"}
COMMAND: POST /session/7d4ef5db813d7a6cede0ad9a34edc09c/element/f.A871513E4156B49FEA6A1325266FBBC5.d.8A3B56C947B16D92CABC310F6F72C614.e.22261/click - {}
RESULT: {}
RESULT: {}
COMMAND: GET /session/7d4ef5db813d7a6cede0ad9a34edc09c/screenshot - {}
RESULT: {}
COMMAND: POST /session/7d4ef5db813d7a6cede0ad9a34edc09c/element - {"using":"xpath","value":"//button[contains(@id, \"contractDetailReturnButton\")]"}
RESULT: {"using":"xpath","value":"//button[contains(@id, \"contractDetailReturnButton\")]"}
COMMAND: POST /session/7d4ef5db813d7a6cede0ad9a34edc09c/element/f.A871513E4156B49FEA6A1325266FBBC5.d.8A3B56C947B16D92CABC310F6F72C614.e.22342/click - {}
RESULT: {}
COMMAND: GET /session/7d4ef5db813d7a6cede0ad9a34edc09c/screenshot - {}
RESULT: {}
RESULT: undefined
COMMAND: POST /session/7d4ef5db813d7a6cede0ad9a34edc09c/execute/async - {"script":"<script> [6424 bytes]","args":[{"element-6066-11e4-a52e-4f735466cecf":"f.A871513E4156B49FEA6A1325266FBBC5.d.8A3B56C947B16D92CABC310F6F72C614.e.19960"},"setValue",["05/21/25"]]}
COMMAND: POST /session/7d4ef5db813d7a6cede0ad9a34edc09c/execute/async - {"script":"<script> [1562 bytes]","args":[{"selector":{"id":"application-managehandovers-display-component---AddNewHO--dueDate","interaction":{"idSuffix":"inner"}},"wdio_ui5_key":"applicationmanagehandovers-display-component---AddNewHO--dueDate"}]}
RESULT: {"script":"<script> [1562 bytes]","args":[{"selector":{"id":"application-managehandovers-display-component---AddNewHO--dueDate","interaction":{"idSuffix":"inner"}},"wdio_ui5_key":"applicationmanagehandovers-display-component---AddNewHO--dueDate"}]}
COMMAND: POST /session/7d4ef5db813d7a6cede0ad9a34edc09c/execute/async - {"script":"<script> [6424 bytes]","args":[{"element-6066-11e4-a52e-4f735466cecf":"f.A871513E4156B49FEA6A1325266FBBC5.d.8A3B56C947B16D92CABC310F6F72C614.e.22492"},"setValue",["05/21/25"]]}
RESULT: {"script":"<script> [6424 bytes]","args":[{"element-6066-11e4-a52e-4f735466cecf":"f.A871513E4156B49FEA6A1325266FBBC5.d.8A3B56C947B16D92CABC310F6F72C614.e.22492"},"setValue",["05/21/25"]]}
COMMAND: POST /session/7d4ef5db813d7a6cede0ad9a34edc09c/element - {"using":"xpath","value":"//bdi[contains(text(), \"Instructions\")]"}
RESULT: {"using":"xpath","value":"//bdi[contains(text(), \"Instructions\")]"}
COMMAND: POST /session/7d4ef5db813d7a6cede0ad9a34edc09c/element/f.A871513E4156B49FEA6A1325266FBBC5.d.8A3B56C947B16D92CABC310F6F72C614.e.22586/click - {}
RESULT: {}
COMMAND: GET /session/7d4ef5db813d7a6cede0ad9a34edc09c/screenshot - {}
RESULT: {}
COMMAND: POST /session/7d4ef5db813d7a6cede0ad9a34edc09c/element - {"using":"xpath","value":"//button[@data-kt=\"AddNewHOProvideAddItemsButton\"]"}
RESULT: {"using":"xpath","value":"//button[@data-kt=\"AddNewHOProvideAddItemsButton\"]"}
COMMAND: POST /session/7d4ef5db813d7a6cede0ad9a34edc09c/element/f.A871513E4156B49FEA6A1325266FBBC5.d.8A3B56C947B16D92CABC310F6F72C614.e.22590/click - {}
RESULT: {}
COMMAND: GET /session/7d4ef5db813d7a6cede0ad9a34edc09c/screenshot - {}
RESULT: {}
RESULT: undefined
COMMAND: POST /session/7d4ef5db813d7a6cede0ad9a34edc09c/element - {"using":"xpath","value":"//*[@id=\"application-managehandovers-display-component---AddNewHO--popup-sa\"]"}
RESULT: {"using":"xpath","value":"//*[@id=\"application-managehandovers-display-component---AddNewHO--popup-sa\"]"}
COMMAND: POST /session/7d4ef5db813d7a6cede0ad9a34edc09c/element/f.A871513E4156B49FEA6A1325266FBBC5.d.8A3B56C947B16D92CABC310F6F72C614.e.22605/click - {}
RESULT: {}
COMMAND: GET /session/7d4ef5db813d7a6cede0ad9a34edc09c/screenshot - {}
RESULT: {}
COMMAND: POST /session/7d4ef5db813d7a6cede0ad9a34edc09c/element - {"using":"xpath","value":"//*[contains(@id ,\"BDI-content\")][contains(text(), \"Select\")]"}
RESULT: {"using":"xpath","value":"//*[contains(@id ,\"BDI-content\")][contains(text(), \"Select\")]"}
COMMAND: POST /session/7d4ef5db813d7a6cede0ad9a34edc09c/element/f.A871513E4156B49FEA6A1325266FBBC5.d.8A3B56C947B16D92CABC310F6F72C614.e.22607/click - {}
RESULT: {}
COMMAND: GET /session/7d4ef5db813d7a6cede0ad9a34edc09c/screenshot - {}
RESULT: {}
COMMAND: POST /session/7d4ef5db813d7a6cede0ad9a34edc09c/element - {"using":"xpath","value":"//bdi[(text() = 'Save' or . = 'Save')]"}
RESULT: {"using":"xpath","value":"//bdi[(text() = 'Save' or . = 'Save')]"}
COMMAND: POST /session/7d4ef5db813d7a6cede0ad9a34edc09c/element/f.A871513E4156B49FEA6A1325266FBBC5.d.8A3B56C947B16D92CABC310F6F72C614.e.22610/click - {}
RESULT: {}
COMMAND: GET /session/7d4ef5db813d7a6cede0ad9a34edc09c/screenshot - {}
RESULT: {}
COMMAND: POST /session/7d4ef5db813d7a6cede0ad9a34edc09c/element - {"using":"xpath","value":"//a[@data-kt=\"execHoWhMovementLink\"]"}
RESULT: {"using":"xpath","value":"//a[@data-kt=\"execHoWhMovementLink\"]"}
COMMAND: POST /session/7d4ef5db813d7a6cede0ad9a34edc09c/element/f.A871513E4156B49FEA6A1325266FBBC5.d.8A3B56C947B16D92CABC310F6F72C614.e.22646/click - {}
RESULT: {}
COMMAND: GET /session/7d4ef5db813d7a6cede0ad9a34edc09c/screenshot - {}
RESULT: {}
COMMAND: POST /session/7d4ef5db813d7a6cede0ad9a34edc09c/element - {"using":"xpath","value":"(//div[contains(@class, \"sapMPopover\") and .//div[contains(@style, \"display: block\")]])[last()]//a"}
RESULT: {"using":"xpath","value":"(//div[contains(@class, \"sapMPopover\") and .//div[contains(@style, \"display: block\")]])[last()]//a"}
COMMAND: POST /session/7d4ef5db813d7a6cede0ad9a34edc09c/element/f.A871513E4156B49FEA6A1325266FBBC5.d.8A3B56C947B16D92CABC310F6F72C614.e.22650/click - {}
RESULT: {}
COMMAND: GET /session/7d4ef5db813d7a6cede0ad9a34edc09c/screenshot - {}
RESULT: {}
COMMAND: POST /session/7d4ef5db813d7a6cede0ad9a34edc09c/element - {"using":"xpath","value":"//button[@data-kt=\"executionButton\"]"}
RESULT: {"using":"xpath","value":"//button[@data-kt=\"executionButton\"]"}
COMMAND: POST /session/7d4ef5db813d7a6cede0ad9a34edc09c/element/f.A871513E4156B49FEA6A1325266FBBC5.d.8A3B56C947B16D92CABC310F6F72C614.e.22769/click - {}
RESULT: {}
COMMAND: GET /session/7d4ef5db813d7a6cede0ad9a34edc09c/screenshot - {}
RESULT: {}
COMMAND: POST /session/7d4ef5db813d7a6cede0ad9a34edc09c/element - {"using":"xpath","value":"//button[contains(@id,\"executeMovement--itemsSection-anchor\")]"}
RESULT: {"using":"xpath","value":"//button[contains(@id,\"executeMovement--itemsSection-anchor\")]"}
COMMAND: POST /session/7d4ef5db813d7a6cede0ad9a34edc09c/element/f.A871513E4156B49FEA6A1325266FBBC5.d.8A3B56C947B16D92CABC310F6F72C614.e.22869/click - {}
RESULT: {}
COMMAND: GET /session/7d4ef5db813d7a6cede0ad9a34edc09c/screenshot - {}
RESULT: {}
COMMAND: POST /session/7d4ef5db813d7a6cede0ad9a34edc09c/element - {"using":"xpath","value":"//table[contains(@id,\"executeMovement--movementItemsTbl-listUl\")]/tbody/tr[1]/td[2]/button"}
RESULT: {"using":"xpath","value":"//table[contains(@id,\"executeMovement--movementItemsTbl-listUl\")]/tbody/tr[1]/td[2]/button"}
COMMAND: POST /session/7d4ef5db813d7a6cede0ad9a34edc09c/element/f.A871513E4156B49FEA6A1325266FBBC5.d.8A3B56C947B16D92CABC310F6F72C614.e.22811/click - {}
RESULT: {}
COMMAND: GET /session/7d4ef5db813d7a6cede0ad9a34edc09c/screenshot - {}
RESULT: {}
COMMAND: POST /session/7d4ef5db813d7a6cede0ad9a34edc09c/element - {"using":"xpath","value":"//table[contains(@id,\"executeMovement--movementItemsTbl-listUl\")]/tbody/tr[1]/td[2]/button"}
RESULT: {"using":"xpath","value":"//table[contains(@id,\"executeMovement--movementItemsTbl-listUl\")]/tbody/tr[1]/td[2]/button"}
COMMAND: POST /session/7d4ef5db813d7a6cede0ad9a34edc09c/element/f.A871513E4156B49FEA6A1325266FBBC5.d.8A3B56C947B16D92CABC310F6F72C614.e.22811/click - {}
RESULT: {}
COMMAND: GET /session/7d4ef5db813d7a6cede0ad9a34edc09c/screenshot - {}
RESULT: {}
COMMAND: POST /session/7d4ef5db813d7a6cede0ad9a34edc09c/element - {"using":"xpath","value":"//section[contains(@id,\"FC-NoHead\")]/div[1]/div[5]/div[2]/span"}
RESULT: {"using":"xpath","value":"//section[contains(@id,\"FC-NoHead\")]/div[1]/div[5]/div[2]/span"}
COMMAND: POST /session/7d4ef5db813d7a6cede0ad9a34edc09c/elements - {"using":"xpath","value":"//section[contains(@id,\"FC-NoHead\")]/div[1]/div[5]/div[2]/span"}
RESULT: {"using":"xpath","value":"//section[contains(@id,\"FC-NoHead\")]/div[1]/div[5]/div[2]/span"}
COMMAND: POST /session/7d4ef5db813d7a6cede0ad9a34edc09c/execute/sync - {"script":"<script> [56 bytes]","args":[{"element-6066-11e4-a52e-4f735466cecf":"f.A871513E4156B49FEA6A1325266FBBC5.d.8A3B56C947B16D92CABC310F6F72C614.e.22876","ELEMENT":"f.A871513E4156B49FEA6A1325266FBBC5.d.8A3B56C947B16D92CABC310F6F72C614.e.22876"}]}
RESULT: {"script":"<script> [56 bytes]","args":[{"element-6066-11e4-a52e-4f735466cecf":"f.A871513E4156B49FEA6A1325266FBBC5.d.8A3B56C947B16D92CABC310F6F72C614.e.22876","ELEMENT":"f.A871513E4156B49FEA6A1325266FBBC5.d.8A3B56C947B16D92CABC310F6F72C614.e.22876"}]}
COMMAND: POST /session/7d4ef5db813d7a6cede0ad9a34edc09c/actions - {"actions":[{"id":"action75","type":"key","parameters":{},"actions":[{"type":"keyDown","value":""},{"type":"pause","duration":10},{"type":"keyUp","value":""}]}]}
COMMAND: GET /session/7d4ef5db813d7a6cede0ad9a34edc09c/screenshot - {}
RESULT: {"actions":[{"id":"action75","type":"key","parameters":{},"actions":[{"type":"keyDown","value":""},{"type":"pause","duration":10},{"type":"keyUp","value":""}]}]}
COMMAND: POST /session/7d4ef5db813d7a6cede0ad9a34edc09c/element - {"using":"xpath","value":"//button[contains(@id,\"executeMovement--executeId\")]"}
COMMAND: GET /session/7d4ef5db813d7a6cede0ad9a34edc09c/screenshot - {}
RESULT: {}
RESULT: {"using":"xpath","value":"//button[contains(@id,\"executeMovement--executeId\")]"}
COMMAND: POST /session/7d4ef5db813d7a6cede0ad9a34edc09c/element/f.A871513E4156B49FEA6A1325266FBBC5.d.8A3B56C947B16D92CABC310F6F72C614.e.22858/click - {}
RESULT: {}
RESULT: {}
COMMAND: GET /session/7d4ef5db813d7a6cede0ad9a34edc09c/screenshot - {}
RESULT: {}
COMMAND: POST /session/7d4ef5db813d7a6cede0ad9a34edc09c/element - {"using":"css selector","value":"#shell-header-logo"}
RESULT: {"using":"css selector","value":"#shell-header-logo"}
COMMAND: POST /session/7d4ef5db813d7a6cede0ad9a34edc09c/element/f.A871513E4156B49FEA6A1325266FBBC5.d.8A3B56C947B16D92CABC310F6F72C614.e.22154/click - {}
RESULT: {}
COMMAND: GET /session/7d4ef5db813d7a6cede0ad9a34edc09c/screenshot - {}
RESULT: {}
RESULT: undefined
COMMAND: POST /session/7d4ef5db813d7a6cede0ad9a34edc09c/element - {"using":"xpath","value":"//*[@id=\"__tile132\"]"}
RESULT: {"using":"xpath","value":"//*[@id=\"__tile132\"]"}
COMMAND: POST /session/7d4ef5db813d7a6cede0ad9a34edc09c/element/f.A871513E4156B49FEA6A1325266FBBC5.d.8A3B56C947B16D92CABC310F6F72C614.e.18997/click - {}
RESULT: {}
COMMAND: GET /session/7d4ef5db813d7a6cede0ad9a34edc09c/screenshot - {}
COMMAND: POST /session/7d4ef5db813d7a6cede0ad9a34edc09c/elements - {"using":"xpath","value":"//span[text()='Error']"}
RESULT: {}
RESULT: {"using":"xpath","value":"//span[text()='Error']"}
RESULT: undefined
COMMAND: POST /session/7d4ef5db813d7a6cede0ad9a34edc09c/execute/async - {"script":"<script> [776 bytes]","args":[{"enterText":"30968","selector":{"controlType":"sap.m.SearchField","viewName":"etm.portal.ui.managehandovers.view.MasterHO","bindingPath":{"propertyPath":"/_BASIC_SEARCH_FIELD","modelName":"fi1t3rM0d31"},"interaction":{"idSuffix":"I"}},"clearTextFirst":true,"interactionType":"ENTER_TEXT"}]}
RESULT: {"script":"<script> [776 bytes]","args":[{"enterText":"30968","selector":{"controlType":"sap.m.SearchField","viewName":"etm.portal.ui.managehandovers.view.MasterHO","bindingPath":{"propertyPath":"/_BASIC_SEARCH_FIELD","modelName":"fi1t3rM0d31"},"interaction":{"idSuffix":"I"}},"clearTextFirst":true,"interactionType":"ENTER_TEXT"}]}
COMMAND: POST /session/7d4ef5db813d7a6cede0ad9a34edc09c/actions - {"actions":[{"id":"action76","type":"key","parameters":{},"actions":[{"type":"keyDown","value":""},{"type":"pause","duration":10},{"type":"keyUp","value":""}]}]}
RESULT: {"actions":[{"id":"action76","type":"key","parameters":{},"actions":[{"type":"keyDown","value":""},{"type":"pause","duration":10},{"type":"keyUp","value":""}]}]}
COMMAND: GET /session/7d4ef5db813d7a6cede0ad9a34edc09c/screenshot - {}
RESULT: {}
COMMAND: POST /session/7d4ef5db813d7a6cede0ad9a34edc09c/element - {"using":"xpath","value":"(//span[contains(@id, \"imgNav\")])[1]"}
RESULT: {"using":"xpath","value":"(//span[contains(@id, \"imgNav\")])[1]"}
COMMAND: POST /session/7d4ef5db813d7a6cede0ad9a34edc09c/element/f.A871513E4156B49FEA6A1325266FBBC5.d.8A3B56C947B16D92CABC310F6F72C614.e.23187/click - {}
RESULT: {}
COMMAND: GET /session/7d4ef5db813d7a6cede0ad9a34edc09c/screenshot - {}
RESULT: {}
COMMAND: POST /session/7d4ef5db813d7a6cede0ad9a34edc09c/element - {"using":"xpath","value":"//button[@data-kt=\"PickingTableConfirmAllButton\"]"}
RESULT: {"using":"xpath","value":"//button[@data-kt=\"PickingTableConfirmAllButton\"]"}
COMMAND: POST /session/7d4ef5db813d7a6cede0ad9a34edc09c/element/f.A871513E4156B49FEA6A1325266FBBC5.d.8A3B56C947B16D92CABC310F6F72C614.e.23270/click - {}
RESULT: {}
COMMAND: GET /session/7d4ef5db813d7a6cede0ad9a34edc09c/screenshot - {}
RESULT: {}
COMMAND: POST /session/7d4ef5db813d7a6cede0ad9a34edc09c/element - {"using":"xpath","value":"//bdi[contains(text(), \"OK\")]"}
RESULT: {"using":"xpath","value":"//bdi[contains(text(), \"OK\")]"}
COMMAND: POST /session/7d4ef5db813d7a6cede0ad9a34edc09c/element/f.A871513E4156B49FEA6A1325266FBBC5.d.8A3B56C947B16D92CABC310F6F72C614.e.23279/click - {}
RESULT: {}
COMMAND: GET /session/7d4ef5db813d7a6cede0ad9a34edc09c/screenshot - {}
RESULT: {}
COMMAND: POST /session/7d4ef5db813d7a6cede0ad9a34edc09c/element - {"using":"xpath","value":"//button[@data-kt=\"execHoIssueButton\"]"}
RESULT: {"using":"xpath","value":"//button[@data-kt=\"execHoIssueButton\"]"}
COMMAND: POST /session/7d4ef5db813d7a6cede0ad9a34edc09c/element/f.A871513E4156B49FEA6A1325266FBBC5.d.8A3B56C947B16D92CABC310F6F72C614.e.23281/click - {}
RESULT: {}
COMMAND: GET /session/7d4ef5db813d7a6cede0ad9a34edc09c/screenshot - {}
RESULT: {}
RESULT: undefined
COMMAND: POST /session/7d4ef5db813d7a6cede0ad9a34edc09c/execute/async - {"script":"<script> [776 bytes]","args":[{"enterText":"30968","selector":{"controlType":"sap.m.SearchField","viewName":"etm.portal.ui.managehandovers.view.MasterHO","bindingPath":{"propertyPath":"/_BASIC_SEARCH_FIELD","modelName":"fi1t3rM0d31"},"interaction":{"idSuffix":"I"}},"clearTextFirst":true,"interactionType":"ENTER_TEXT"}]}
RESULT: {"script":"<script> [776 bytes]","args":[{"enterText":"30968","selector":{"controlType":"sap.m.SearchField","viewName":"etm.portal.ui.managehandovers.view.MasterHO","bindingPath":{"propertyPath":"/_BASIC_SEARCH_FIELD","modelName":"fi1t3rM0d31"},"interaction":{"idSuffix":"I"}},"clearTextFirst":true,"interactionType":"ENTER_TEXT"}]}
COMMAND: POST /session/7d4ef5db813d7a6cede0ad9a34edc09c/actions - {"actions":[{"id":"action77","type":"key","parameters":{},"actions":[{"type":"keyDown","value":""},{"type":"pause","duration":10},{"type":"keyUp","value":""}]}]}
RESULT: {"actions":[{"id":"action77","type":"key","parameters":{},"actions":[{"type":"keyDown","value":""},{"type":"pause","duration":10},{"type":"keyUp","value":""}]}]}
COMMAND: GET /session/7d4ef5db813d7a6cede0ad9a34edc09c/screenshot - {}
RESULT: {}
COMMAND: POST /session/7d4ef5db813d7a6cede0ad9a34edc09c/element - {"using":"xpath","value":"(//span[contains(@id, \"imgNav\")])[1]"}
RESULT: {"using":"xpath","value":"(//span[contains(@id, \"imgNav\")])[1]"}
COMMAND: POST /session/7d4ef5db813d7a6cede0ad9a34edc09c/element/f.A871513E4156B49FEA6A1325266FBBC5.d.8A3B56C947B16D92CABC310F6F72C614.e.23325/click - {}
RESULT: {}
COMMAND: GET /session/7d4ef5db813d7a6cede0ad9a34edc09c/screenshot - {}
RESULT: {}
COMMAND: POST /session/7d4ef5db813d7a6cede0ad9a34edc09c/execute/async - {"script":"<script> [1562 bytes]","args":[{"selector":{"id":"application-managehandovers-display-component---detailManageHO--completedItemsTableTitle"},"wdio_ui5_key":"applicationmanagehandovers-display-component---detailManageHO--completedItemsTableTitle"}]}
RESULT: {"script":"<script> [1562 bytes]","args":[{"selector":{"id":"application-managehandovers-display-component---detailManageHO--completedItemsTableTitle"},"wdio_ui5_key":"applicationmanagehandovers-display-component---detailManageHO--completedItemsTableTitle"}]}
RESULT: undefined
COMMAND: POST /session/7d4ef5db813d7a6cede0ad9a34edc09c/execute/async - {"script":"<script> [6424 bytes]","args":[{"element-6066-11e4-a52e-4f735466cecf":"f.A871513E4156B49FEA6A1325266FBBC5.d.8A3B56C947B16D92CABC310F6F72C614.e.23357"},"getText",[]]}
RESULT: {"script":"<script> [6424 bytes]","args":[{"element-6066-11e4-a52e-4f735466cecf":"f.A871513E4156B49FEA6A1325266FBBC5.d.8A3B56C947B16D92CABC310F6F72C614.e.23357"},"getText",[]]}
COMMAND: POST /session/7d4ef5db813d7a6cede0ad9a34edc09c/element - {"using":"xpath","value":"//div[contains(@id, \"detailManageHO--headerContentForm--FC-NoHead-content\")]/div[4]/div[2]/div/span"}
RESULT: {"using":"xpath","value":"//div[contains(@id, \"detailManageHO--headerContentForm--FC-NoHead-content\")]/div[4]/div[2]/div/span"}
COMMAND: POST /session/7d4ef5db813d7a6cede0ad9a34edc09c/execute/sync - {"script":"<script> [56 bytes]","args":[{"element-6066-11e4-a52e-4f735466cecf":"f.A871513E4156B49FEA6A1325266FBBC5.d.8A3B56C947B16D92CABC310F6F72C614.e.23358","ELEMENT":"f.A871513E4156B49FEA6A1325266FBBC5.d.8A3B56C947B16D92CABC310F6F72C614.e.23358"}]}
RESULT: {"script":"<script> [56 bytes]","args":[{"element-6066-11e4-a52e-4f735466cecf":"f.A871513E4156B49FEA6A1325266FBBC5.d.8A3B56C947B16D92CABC310F6F72C614.e.23358","ELEMENT":"f.A871513E4156B49FEA6A1325266FBBC5.d.8A3B56C947B16D92CABC310F6F72C614.e.23358"}]}
COMMAND: GET /session/7d4ef5db813d7a6cede0ad9a34edc09c/screenshot - {}
RESULT: {}
COMMAND: POST /session/7d4ef5db813d7a6cede0ad9a34edc09c/element - {"using":"css selector","value":"#shell-header-logo"}
RESULT: {"using":"css selector","value":"#shell-header-logo"}
COMMAND: POST /session/7d4ef5db813d7a6cede0ad9a34edc09c/element/f.A871513E4156B49FEA6A1325266FBBC5.d.8A3B56C947B16D92CABC310F6F72C614.e.22942/click - {}
RESULT: {}
COMMAND: GET /session/7d4ef5db813d7a6cede0ad9a34edc09c/screenshot - {}
RESULT: {}
COMMAND: POST /session/7d4ef5db813d7a6cede0ad9a34edc09c/element - {"using":"css selector","value":"#j_username"}
COMMAND: POST /session/7d4ef5db813d7a6cede0ad9a34edc09c/url - {"url":"https://qa-testing-00-live-etm-ui.cfapps.eu10-004.hana.ondemand.com/"}
RESULT: {"using":"css selector","value":"#j_username"}
COMMAND: POST /session/7d4ef5db813d7a6cede0ad9a34edc09c/element - {"using":"css selector","value":"#j_username"}
RESULT: {"url":"https://qa-testing-00-live-etm-ui.cfapps.eu10-004.hana.ondemand.com/"}
RESULT: undefined
COMMAND: GET /session/7d4ef5db813d7a6cede0ad9a34edc09c/screenshot - {}
RESULT: {"using":"css selector","value":"#j_username"}
COMMAND: POST /session/7d4ef5db813d7a6cede0ad9a34edc09c/element - {"using":"css selector","value":"#shell-header-logo"}
RESULT: {}
RESULT: {"using":"css selector","value":"#shell-header-logo"}
COMMAND: POST /session/7d4ef5db813d7a6cede0ad9a34edc09c/execute/sync - {"script":"<script> [8489 bytes]","args":[{"element-6066-11e4-a52e-4f735466cecf":"f.A871513E4156B49FEA6A1325266FBBC5.d.9AFDB622E98C610B7CE8B2E93A02940A.e.23375","ELEMENT":"f.A871513E4156B49FEA6A1325266FBBC5.d.9AFDB622E98C610B7CE8B2E93A02940A.e.23375"}]}
RESULT: {"script":"<script> [8489 bytes]","args":[{"element-6066-11e4-a52e-4f735466cecf":"f.A871513E4156B49FEA6A1325266FBBC5.d.9AFDB622E98C610B7CE8B2E93A02940A.e.23375","ELEMENT":"f.A871513E4156B49FEA6A1325266FBBC5.d.9AFDB622E98C610B7CE8B2E93A02940A.e.23375"}]}
COMMAND: POST /session/7d4ef5db813d7a6cede0ad9a34edc09c/element - {"using":"css selector","value":"#shell-header-logo"}
COMMAND: GET /session/7d4ef5db813d7a6cede0ad9a34edc09c/screenshot - {}
RESULT: {"using":"css selector","value":"#shell-header-logo"}
COMMAND: POST /session/7d4ef5db813d7a6cede0ad9a34edc09c/execute/sync - {"script":"<script> [8489 bytes]","args":[{"element-6066-11e4-a52e-4f735466cecf":"f.A871513E4156B49FEA6A1325266FBBC5.d.9AFDB622E98C610B7CE8B2E93A02940A.e.23375","ELEMENT":"f.A871513E4156B49FEA6A1325266FBBC5.d.9AFDB622E98C610B7CE8B2E93A02940A.e.23375"}]}
RESULT: {}
RESULT: {"script":"<script> [8489 bytes]","args":[{"element-6066-11e4-a52e-4f735466cecf":"f.A871513E4156B49FEA6A1325266FBBC5.d.9AFDB622E98C610B7CE8B2E93A02940A.e.23375","ELEMENT":"f.A871513E4156B49FEA6A1325266FBBC5.d.9AFDB622E98C610B7CE8B2E93A02940A.e.23375"}]}
COMMAND: POST /session/7d4ef5db813d7a6cede0ad9a34edc09c/execute/sync - {"script":"<script> [5351 bytes]","args":[{"element-6066-11e4-a52e-4f735466cecf":"f.A871513E4156B49FEA6A1325266FBBC5.d.9AFDB622E98C610B7CE8B2E93A02940A.e.23375","ELEMENT":"f.A871513E4156B49FEA6A1325266FBBC5.d.9AFDB622E98C610B7CE8B2E93A02940A.e.23375"}]}
COMMAND: GET /session/7d4ef5db813d7a6cede0ad9a34edc09c/screenshot - {}
RESULT: {}
RESULT: {"script":"<script> [5351 bytes]","args":[{"element-6066-11e4-a52e-4f735466cecf":"f.A871513E4156B49FEA6A1325266FBBC5.d.9AFDB622E98C610B7CE8B2E93A02940A.e.23375","ELEMENT":"f.A871513E4156B49FEA6A1325266FBBC5.d.9AFDB622E98C610B7CE8B2E93A02940A.e.23375"}]}
COMMAND: POST /session/7d4ef5db813d7a6cede0ad9a34edc09c/element - {"using":"css selector","value":"#shell-header-logo"}
COMMAND: GET /session/7d4ef5db813d7a6cede0ad9a34edc09c/screenshot - {}
RESULT: {"using":"css selector","value":"#shell-header-logo"}
COMMAND: POST /session/7d4ef5db813d7a6cede0ad9a34edc09c/element/f.A871513E4156B49FEA6A1325266FBBC5.d.9AFDB622E98C610B7CE8B2E93A02940A.e.23375/click - {}
RESULT: {}
RESULT: {}
COMMAND: GET /session/7d4ef5db813d7a6cede0ad9a34edc09c/screenshot - {}
RESULT: {}
COMMAND: POST /session/7d4ef5db813d7a6cede0ad9a34edc09c/execute/async - {"script":"<script> [189 bytes]","args":[]}
RESULT: {"script":"<script> [189 bytes]","args":[]}
COMMAND: POST /session/7d4ef5db813d7a6cede0ad9a34edc09c/execute/async - {"script":"<script> [123 bytes]","args":[]}
RESULT: {"script":"<script> [123 bytes]","args":[]}
COMMAND: POST /session/7d4ef5db813d7a6cede0ad9a34edc09c/timeouts - {"script":"<number>"}
RESULT: {"script":"<number>"}
COMMAND: GET /session/7d4ef5db813d7a6cede0ad9a34edc09c/timeouts - {}
RESULT: {}
RESULT: undefined
COMMAND: POST /session/7d4ef5db813d7a6cede0ad9a34edc09c/execute/async - {"script":"<script> [2676 bytes]","args":[]}
RESULT: {"script":"<script> [2676 bytes]","args":[]}
COMMAND: POST /session/7d4ef5db813d7a6cede0ad9a34edc09c/execute/async - {"script":"<script> [2342 bytes]","args":[{"protocol":"http","hostname":"0.0.0.0","path":"/","capabilities":{"browserName":"chrome","goog:chromeOptions":{"binary":"C:\\Program Files\\Google\\Chrome\\Application\\chrome.exe","args":["--start-maximized"]}},"logLevel":"warn","connectionRetryTimeout":120000,"connectionRetryCount":3,"logLevels":{},"enableDirectConnect":true,"strictSSL":true,"_":"65 more keys: [\"cacheDir\",\"port\",\"requestedCapabilities\",\"automationProtocol\",\"baseUrl\",\"waitforInterval\",\"waitforTimeout\",\"onReload\",\"beforeCommand\",\"afterCommand\",\"rootDir\",\"specs\",\"suites\",\"exclude\",\"groupLogsByTestSpec\",\"excludeDriverLogs\",\"bail\",\"framework\",\"reporters\",\"services\",\"maxInstances\",\"maxInstancesPerCapability\",\"injectGlobals\",\"filesToWatch\",\"execArgv\",\"runnerEnv\",\"runner\",\"shard\",\"specFileRetries\",\"specFileRetriesDelay\",\"specFileRetriesDeferred\",\"reporterSyncInterval\",\"reporterSyncTimeout\",\"cucumberFeaturesWithLineNumbers\",\"autoCompileOpts\",\"mochaOpts\",\"jasmineOpts\",\"cucumberOpts\",\"onPrepare\",\"onWorkerStart\",\"onWorkerEnd\",\"before\",\"beforeSession\",\"beforeSuite\",\"beforeHook\",\"beforeTest\",\"afterTest\",\"afterHook\",\"afterSuite\",\"afterSession\",\"after\",\"onComplete\",\"beforeAssertion\",\"afterAssertion\",\"beforeFeature\",\"beforeScenario\",\"beforeStep\",\"afterStep\",\"afterScenario\",\"afterFeature\",\"_\",\"suite\",\"$0\",\"ignoredWorkerServices\",\"wdi5\"]"}]}
RESULT: {"script":"<script> [2342 bytes]","args":[{"protocol":"http","hostname":"0.0.0.0","path":"/","capabilities":{"browserName":"chrome","goog:chromeOptions":{"binary":"C:\\Program Files\\Google\\Chrome\\Application\\chrome.exe","args":["--start-maximized"]}},"logLevel":"warn","connectionRetryTimeout":120000,"connectionRetryCount":3,"logLevels":{},"enableDirectConnect":true,"strictSSL":true,"_":"65 more keys: [\"cacheDir\",\"port\",\"requestedCapabilities\",\"automationProtocol\",\"baseUrl\",\"waitforInterval\",\"waitforTimeout\",\"onReload\",\"beforeCommand\",\"afterCommand\",\"rootDir\",\"specs\",\"suites\",\"exclude\",\"groupLogsByTestSpec\",\"excludeDriverLogs\",\"bail\",\"framework\",\"reporters\",\"services\",\"maxInstances\",\"maxInstancesPerCapability\",\"injectGlobals\",\"filesToWatch\",\"execArgv\",\"runnerEnv\",\"runner\",\"shard\",\"specFileRetries\",\"specFileRetriesDelay\",\"specFileRetriesDeferred\",\"reporterSyncInterval\",\"reporterSyncTimeout\",\"cucumberFeaturesWithLineNumbers\",\"autoCompileOpts\",\"mochaOpts\",\"jasmineOpts\",\"cucumberOpts\",\"onPrepare\",\"onWorkerStart\",\"onWorkerEnd\",\"before\",\"beforeSession\",\"beforeSuite\",\"beforeHook\",\"beforeTest\",\"afterTest\",\"afterHook\",\"afterSuite\",\"afterSession\",\"after\",\"onComplete\",\"beforeAssertion\",\"afterAssertion\",\"beforeFeature\",\"beforeScenario\",\"beforeStep\",\"afterStep\",\"afterScenario\",\"afterFeature\",\"_\",\"suite\",\"$0\",\"ignoredWorkerServices\",\"wdi5\"]"}]}
COMMAND: POST /session/7d4ef5db813d7a6cede0ad9a34edc09c/execute/async - {"script":"<script> [21126 bytes]","args":[35000]}
RESULT: {"script":"<script> [21126 bytes]","args":[35000]}
COMMAND: POST /session/7d4ef5db813d7a6cede0ad9a34edc09c/window/maximize - {}
RESULT: {}
COMMAND: POST /session/7d4ef5db813d7a6cede0ad9a34edc09c/execute/async - {"script":"<script> [1562 bytes]","args":[{"selector":{"id":"shell-header","interaction":{"idSuffix":"icon"}},"wdio_ui5_key":"shellheader"}]}
COMMAND: GET /session/7d4ef5db813d7a6cede0ad9a34edc09c/screenshot - {}
RESULT: {"script":"<script> [1562 bytes]","args":[{"selector":{"id":"shell-header","interaction":{"idSuffix":"icon"}},"wdio_ui5_key":"shellheader"}]}
RESULT: undefined
COMMAND: POST /session/7d4ef5db813d7a6cede0ad9a34edc09c/window/fullscreen - {}
RESULT: {}
RESULT: {}
]]></system-out>
    </testcase>
  </testsuite>
  <testsuite timestamp="2025-05-21T17:29:13" time="441.938" tests="9" failures="0" errors="0" skipped="0">
    <properties>
      <property name="specId" value="0"/>
      <property name="suiteName" value="Create masterdata for Yard Overview - trigger provide US130988"/>
      <property name="capabilities" value="chrome.136_0_7103_93.windows"/>
      <property name="file" value="file:///D:/a/1/s/test/specs/HTR/stock-decrease.spec.js"/>
    </properties>
    <testcase classname="chrome.136_0_7103_93.windows.Create_masterdata_for_Yard_Overview_-_trigger_provide_US130988" name="Should create a new WHM yard" time="0.013">
      <system-out><![CDATA[
COMMAND: POST /session/7d4ef5db813d7a6cede0ad9a34edc09c/window/fullscreen - {}
RESULT: {}
]]></system-out>
    </testcase>
    <testcase classname="chrome.136_0_7103_93.windows.Create_masterdata_for_Yard_Overview_-_trigger_provide_US130988" name="Should create a new partner" time="0.004"/>
    <testcase classname="chrome.136_0_7103_93.windows.Create_masterdata_for_Yard_Overview_-_trigger_provide_US130988" name="Should create a new site" time="0.004"/>
    <testcase classname="chrome.136_0_7103_93.windows.Create_masterdata_for_Yard_Overview_-_trigger_provide_US130988" name="Should create a new material" time="127.217">
      <system-out><![CDATA[
COMMAND: POST /session/7d4ef5db813d7a6cede0ad9a34edc09c/execute/async - {"script":"<script> [1562 bytes]","args":[{"selector":{"controlType":"sap.m.GenericTile","properties":{"header":"Manage Resources"}},"wdio_ui5_key":"sapm.GenericTile{\"header\":\"Manage Resources\"}"}]}
RESULT: {"script":"<script> [1562 bytes]","args":[{"selector":{"controlType":"sap.m.GenericTile","properties":{"header":"Manage Resources"}},"wdio_ui5_key":"sapm.GenericTile{\"header\":\"Manage Resources\"}"}]}
RESULT: undefined
COMMAND: POST /session/7d4ef5db813d7a6cede0ad9a34edc09c/element - {"using":"xpath","value":"//*[@id=\"__tile31\"]"}
RESULT: {"using":"xpath","value":"//*[@id=\"__tile31\"]"}
COMMAND: POST /session/7d4ef5db813d7a6cede0ad9a34edc09c/element/f.A871513E4156B49FEA6A1325266FBBC5.d.9AFDB622E98C610B7CE8B2E93A02940A.e.23397/click - {}
RESULT: {}
COMMAND: GET /session/7d4ef5db813d7a6cede0ad9a34edc09c/screenshot - {}
RESULT: {}
COMMAND: POST /session/7d4ef5db813d7a6cede0ad9a34edc09c/elements - {"using":"xpath","value":"//span[text()='Error']"}
RESULT: {"using":"xpath","value":"//span[text()='Error']"}
COMMAND: POST /session/7d4ef5db813d7a6cede0ad9a34edc09c/element - {"using":"xpath","value":"//button[@data-kt=\"addNewRUOverflowToolbarButton\"]"}
RESULT: {"using":"xpath","value":"//button[@data-kt=\"addNewRUOverflowToolbarButton\"]"}
COMMAND: POST /session/7d4ef5db813d7a6cede0ad9a34edc09c/elements - {"using":"xpath","value":"//button[@data-kt=\"addNewRUOverflowToolbarButton\"]"}
RESULT: {"using":"xpath","value":"//button[@data-kt=\"addNewRUOverflowToolbarButton\"]"}
COMMAND: POST /session/7d4ef5db813d7a6cede0ad9a34edc09c/elements - {"using":"xpath","value":"//button[@data-kt=\"addNewRUOverflowToolbarButton\"]"}
RESULT: {"using":"xpath","value":"//button[@data-kt=\"addNewRUOverflowToolbarButton\"]"}
COMMAND: POST /session/7d4ef5db813d7a6cede0ad9a34edc09c/element - {"using":"xpath","value":"//button[@data-kt=\"addNewRUOverflowToolbarButton\"]"}
RESULT: {"using":"xpath","value":"//button[@data-kt=\"addNewRUOverflowToolbarButton\"]"}
COMMAND: POST /session/7d4ef5db813d7a6cede0ad9a34edc09c/execute/sync - {"script":"<script> [8489 bytes]","args":[{"element-6066-11e4-a52e-4f735466cecf":"f.A871513E4156B49FEA6A1325266FBBC5.d.9AFDB622E98C610B7CE8B2E93A02940A.e.23525","ELEMENT":"f.A871513E4156B49FEA6A1325266FBBC5.d.9AFDB622E98C610B7CE8B2E93A02940A.e.23525"}]}
RESULT: {"script":"<script> [8489 bytes]","args":[{"element-6066-11e4-a52e-4f735466cecf":"f.A871513E4156B49FEA6A1325266FBBC5.d.9AFDB622E98C610B7CE8B2E93A02940A.e.23525","ELEMENT":"f.A871513E4156B49FEA6A1325266FBBC5.d.9AFDB622E98C610B7CE8B2E93A02940A.e.23525"}]}
COMMAND: GET /session/7d4ef5db813d7a6cede0ad9a34edc09c/element/f.A871513E4156B49FEA6A1325266FBBC5.d.9AFDB622E98C610B7CE8B2E93A02940A.e.23525/enabled - {}
COMMAND: GET /session/7d4ef5db813d7a6cede0ad9a34edc09c/screenshot - {}
RESULT: {}
COMMAND: POST /session/7d4ef5db813d7a6cede0ad9a34edc09c/execute/sync - {"script":"<script> [8489 bytes]","args":[{"element-6066-11e4-a52e-4f735466cecf":"f.A871513E4156B49FEA6A1325266FBBC5.d.9AFDB622E98C610B7CE8B2E93A02940A.e.23525","ELEMENT":"f.A871513E4156B49FEA6A1325266FBBC5.d.9AFDB622E98C610B7CE8B2E93A02940A.e.23525"}]}
COMMAND: GET /session/7d4ef5db813d7a6cede0ad9a34edc09c/screenshot - {}
RESULT: {}
RESULT: {}
RESULT: {"script":"<script> [8489 bytes]","args":[{"element-6066-11e4-a52e-4f735466cecf":"f.A871513E4156B49FEA6A1325266FBBC5.d.9AFDB622E98C610B7CE8B2E93A02940A.e.23525","ELEMENT":"f.A871513E4156B49FEA6A1325266FBBC5.d.9AFDB622E98C610B7CE8B2E93A02940A.e.23525"}]}
COMMAND: POST /session/7d4ef5db813d7a6cede0ad9a34edc09c/execute/sync - {"script":"<script> [5351 bytes]","args":[{"element-6066-11e4-a52e-4f735466cecf":"f.A871513E4156B49FEA6A1325266FBBC5.d.9AFDB622E98C610B7CE8B2E93A02940A.e.23525","ELEMENT":"f.A871513E4156B49FEA6A1325266FBBC5.d.9AFDB622E98C610B7CE8B2E93A02940A.e.23525"}]}
COMMAND: GET /session/7d4ef5db813d7a6cede0ad9a34edc09c/screenshot - {}
RESULT: {"script":"<script> [5351 bytes]","args":[{"element-6066-11e4-a52e-4f735466cecf":"f.A871513E4156B49FEA6A1325266FBBC5.d.9AFDB622E98C610B7CE8B2E93A02940A.e.23525","ELEMENT":"f.A871513E4156B49FEA6A1325266FBBC5.d.9AFDB622E98C610B7CE8B2E93A02940A.e.23525"}]}
COMMAND: POST /session/7d4ef5db813d7a6cede0ad9a34edc09c/element/f.A871513E4156B49FEA6A1325266FBBC5.d.9AFDB622E98C610B7CE8B2E93A02940A.e.23525/click - {}
COMMAND: GET /session/7d4ef5db813d7a6cede0ad9a34edc09c/screenshot - {}
RESULT: {}
RESULT: {}
COMMAND: GET /session/7d4ef5db813d7a6cede0ad9a34edc09c/screenshot - {}
COMMAND: POST /session/7d4ef5db813d7a6cede0ad9a34edc09c/execute/async - {"script":"<script> [1562 bytes]","args":[{"selector":{"id":"application-manageresources-display-component---newResourceUnit--TYPE-arrow"},"wdio_ui5_key":"applicationmanageresources-display-component---newResourceUnit--TYPE-arrow"}]}
RESULT: {}
RESULT: {}
RESULT: {"script":"<script> [1562 bytes]","args":[{"selector":{"id":"application-manageresources-display-component---newResourceUnit--TYPE-arrow"},"wdio_ui5_key":"applicationmanageresources-display-component---newResourceUnit--TYPE-arrow"}]}
RESULT: undefined
COMMAND: POST /session/7d4ef5db813d7a6cede0ad9a34edc09c/element - {"using":"xpath","value":"//*[@id=\"application-manageresources-display-component---newResourceUnit--TYPE-arrow\"]"}
RESULT: {"using":"xpath","value":"//*[@id=\"application-manageresources-display-component---newResourceUnit--TYPE-arrow\"]"}
COMMAND: POST /session/7d4ef5db813d7a6cede0ad9a34edc09c/element/f.A871513E4156B49FEA6A1325266FBBC5.d.9AFDB622E98C610B7CE8B2E93A02940A.e.23887/click - {}
RESULT: {}
COMMAND: POST /session/7d4ef5db813d7a6cede0ad9a34edc09c/element - {"using":"xpath","value":"//input[@id=\"application-manageresources-display-component---newResourceUnit--TYPE-inner\"]"}
COMMAND: GET /session/7d4ef5db813d7a6cede0ad9a34edc09c/screenshot - {}
RESULT: {"using":"xpath","value":"//input[@id=\"application-manageresources-display-component---newResourceUnit--TYPE-inner\"]"}
COMMAND: POST /session/7d4ef5db813d7a6cede0ad9a34edc09c/element/f.A871513E4156B49FEA6A1325266FBBC5.d.9AFDB622E98C610B7CE8B2E93A02940A.e.23879/clear - {}
RESULT: {}
RESULT: {}
COMMAND: POST /session/7d4ef5db813d7a6cede0ad9a34edc09c/element/f.A871513E4156B49FEA6A1325266FBBC5.d.9AFDB622E98C610B7CE8B2E93A02940A.e.23879/value - {"text":"Material"}
COMMAND: GET /session/7d4ef5db813d7a6cede0ad9a34edc09c/screenshot - {}
RESULT: {"text":"Material"}
COMMAND: GET /session/7d4ef5db813d7a6cede0ad9a34edc09c/screenshot - {}
RESULT: {}
RESULT: {}
COMMAND: POST /session/7d4ef5db813d7a6cede0ad9a34edc09c/actions - {"actions":[{"id":"action78","type":"key","parameters":{},"actions":[{"type":"keyDown","value":""},{"type":"pause","duration":10},{"type":"keyUp","value":""}]}]}
RESULT: {"actions":[{"id":"action78","type":"key","parameters":{},"actions":[{"type":"keyDown","value":""},{"type":"pause","duration":10},{"type":"keyUp","value":""}]}]}
COMMAND: POST /session/7d4ef5db813d7a6cede0ad9a34edc09c/execute/async - {"script":"<script> [1562 bytes]","args":[{"selector":{"id":"application-manageresources-display-component---newResourceUnit--SHORT_TEXT","interaction":{"idSuffix":"inner"}},"wdio_ui5_key":"applicationmanageresources-display-component---newResourceUnit--SHORT_TEXT"}]}
COMMAND: GET /session/7d4ef5db813d7a6cede0ad9a34edc09c/screenshot - {}
RESULT: {"script":"<script> [1562 bytes]","args":[{"selector":{"id":"application-manageresources-display-component---newResourceUnit--SHORT_TEXT","interaction":{"idSuffix":"inner"}},"wdio_ui5_key":"applicationmanageresources-display-component---newResourceUnit--SHORT_TEXT"}]}
RESULT: undefined
COMMAND: POST /session/7d4ef5db813d7a6cede0ad9a34edc09c/execute/async - {"script":"<script> [776 bytes]","args":[{"enterText":"Cement WDIO","selector":{"id":"application-manageresources-display-component---newResourceUnit--SHORT_TEXT","interaction":{"idSuffix":"inner"}},"clearTextFirst":true,"interactionType":"ENTER_TEXT"}]}
RESULT: {}
RESULT: {"script":"<script> [776 bytes]","args":[{"enterText":"Cement WDIO","selector":{"id":"application-manageresources-display-component---newResourceUnit--SHORT_TEXT","interaction":{"idSuffix":"inner"}},"clearTextFirst":true,"interactionType":"ENTER_TEXT"}]}
COMMAND: POST /session/7d4ef5db813d7a6cede0ad9a34edc09c/execute/async - {"script":"<script> [1562 bytes]","args":[{"selector":{"id":"application-manageresources-display-component---newResourceUnit--BASE_UNIT_OF_MEASURE","interaction":{"idSuffix":"inner"}},"wdio_ui5_key":"applicationmanageresources-display-component---newResourceUnit--BASE_UNIT_OF_MEASURE"}]}
RESULT: {"script":"<script> [1562 bytes]","args":[{"selector":{"id":"application-manageresources-display-component---newResourceUnit--BASE_UNIT_OF_MEASURE","interaction":{"idSuffix":"inner"}},"wdio_ui5_key":"applicationmanageresources-display-component---newResourceUnit--BASE_UNIT_OF_MEASURE"}]}
RESULT: undefined
COMMAND: POST /session/7d4ef5db813d7a6cede0ad9a34edc09c/execute/async - {"script":"<script> [776 bytes]","args":[{"enterText":"Piece","selector":{"id":"application-manageresources-display-component---newResourceUnit--BASE_UNIT_OF_MEASURE","interaction":{"idSuffix":"inner"}},"clearTextFirst":true,"interactionType":"ENTER_TEXT"}]}
RESULT: {"script":"<script> [776 bytes]","args":[{"enterText":"Piece","selector":{"id":"application-manageresources-display-component---newResourceUnit--BASE_UNIT_OF_MEASURE","interaction":{"idSuffix":"inner"}},"clearTextFirst":true,"interactionType":"ENTER_TEXT"}]}
COMMAND: POST /session/7d4ef5db813d7a6cede0ad9a34edc09c/execute/async - {"script":"<script> [1562 bytes]","args":[{"selector":{"id":"application-manageresources-display-component---newResourceUnit--WEIGHT_UNIT","interaction":{"idSuffix":"inner"}},"wdio_ui5_key":"applicationmanageresources-display-component---newResourceUnit--WEIGHT_UNIT"}]}
RESULT: {"script":"<script> [1562 bytes]","args":[{"selector":{"id":"application-manageresources-display-component---newResourceUnit--WEIGHT_UNIT","interaction":{"idSuffix":"inner"}},"wdio_ui5_key":"applicationmanageresources-display-component---newResourceUnit--WEIGHT_UNIT"}]}
RESULT: undefined
COMMAND: POST /session/7d4ef5db813d7a6cede0ad9a34edc09c/execute/async - {"script":"<script> [776 bytes]","args":[{"enterText":"Gram","selector":{"id":"application-manageresources-display-component---newResourceUnit--WEIGHT_UNIT","interaction":{"idSuffix":"inner"}},"clearTextFirst":true,"interactionType":"ENTER_TEXT"}]}
RESULT: {"script":"<script> [776 bytes]","args":[{"enterText":"Gram","selector":{"id":"application-manageresources-display-component---newResourceUnit--WEIGHT_UNIT","interaction":{"idSuffix":"inner"}},"clearTextFirst":true,"interactionType":"ENTER_TEXT"}]}
COMMAND: POST /session/7d4ef5db813d7a6cede0ad9a34edc09c/execute/async - {"script":"<script> [1562 bytes]","args":[{"selector":{"id":"application-manageresources-display-component---newResourceUnit--DIMENSION_UNIT","interaction":{"idSuffix":"inner"}},"wdio_ui5_key":"applicationmanageresources-display-component---newResourceUnit--DIMENSION_UNIT"}]}
RESULT: {"script":"<script> [1562 bytes]","args":[{"selector":{"id":"application-manageresources-display-component---newResourceUnit--DIMENSION_UNIT","interaction":{"idSuffix":"inner"}},"wdio_ui5_key":"applicationmanageresources-display-component---newResourceUnit--DIMENSION_UNIT"}]}
RESULT: undefined
COMMAND: POST /session/7d4ef5db813d7a6cede0ad9a34edc09c/execute/async - {"script":"<script> [776 bytes]","args":[{"enterText":"Meter","selector":{"id":"application-manageresources-display-component---newResourceUnit--DIMENSION_UNIT","interaction":{"idSuffix":"inner"}},"clearTextFirst":true,"interactionType":"ENTER_TEXT"}]}
RESULT: {"script":"<script> [776 bytes]","args":[{"enterText":"Meter","selector":{"id":"application-manageresources-display-component---newResourceUnit--DIMENSION_UNIT","interaction":{"idSuffix":"inner"}},"clearTextFirst":true,"interactionType":"ENTER_TEXT"}]}
COMMAND: POST /session/7d4ef5db813d7a6cede0ad9a34edc09c/execute/async - {"script":"<script> [1562 bytes]","args":[{"selector":{"id":"application-manageresources-display-component---newResourceUnit--newRRUPage-anchBar-application-manageresources-display-component---newResourceUnit--control-anchor","interaction":{"idSuffix":"BDI-content"}},"wdio_ui5_key":"applicationmanageresources-display-component---newResourceUnit--newRRUPage-anchBar-application-manageresources-display-component---newResourceUnit--control-anchor"}]}
RESULT: {"script":"<script> [1562 bytes]","args":[{"selector":{"id":"application-manageresources-display-component---newResourceUnit--newRRUPage-anchBar-application-manageresources-display-component---newResourceUnit--control-anchor","interaction":{"idSuffix":"BDI-content"}},"wdio_ui5_key":"applicationmanageresources-display-component---newResourceUnit--newRRUPage-anchBar-application-manageresources-display-component---newResourceUnit--control-anchor"}]}
RESULT: undefined
COMMAND: POST /session/7d4ef5db813d7a6cede0ad9a34edc09c/element - {"using":"xpath","value":"//*[@id=\"application-manageresources-display-component---newResourceUnit--newRRUPage-anchBar-application-manageresources-display-component---newResourceUnit--control-anchor\"]"}
RESULT: {"using":"xpath","value":"//*[@id=\"application-manageresources-display-component---newResourceUnit--newRRUPage-anchBar-application-manageresources-display-component---newResourceUnit--control-anchor\"]"}
COMMAND: POST /session/7d4ef5db813d7a6cede0ad9a34edc09c/element/f.A871513E4156B49FEA6A1325266FBBC5.d.9AFDB622E98C610B7CE8B2E93A02940A.e.23953/click - {}
RESULT: {}
COMMAND: POST /session/7d4ef5db813d7a6cede0ad9a34edc09c/execute/async - {"script":"<script> [1562 bytes]","args":[{"selector":{"id":"application-manageresources-display-component---newResourceUnit--PLANNING_GROUP","interaction":{"idSuffix":"inner"}},"wdio_ui5_key":"applicationmanageresources-display-component---newResourceUnit--PLANNING_GROUP"}]}
COMMAND: GET /session/7d4ef5db813d7a6cede0ad9a34edc09c/screenshot - {}
RESULT: {"script":"<script> [1562 bytes]","args":[{"selector":{"id":"application-manageresources-display-component---newResourceUnit--PLANNING_GROUP","interaction":{"idSuffix":"inner"}},"wdio_ui5_key":"applicationmanageresources-display-component---newResourceUnit--PLANNING_GROUP"}]}
RESULT: undefined
COMMAND: POST /session/7d4ef5db813d7a6cede0ad9a34edc09c/execute/async - {"script":"<script> [776 bytes]","args":[{"enterText":"Material","selector":{"id":"application-manageresources-display-component---newResourceUnit--PLANNING_GROUP","interaction":{"idSuffix":"inner"}},"clearTextFirst":true,"interactionType":"ENTER_TEXT"}]}
RESULT: {}
RESULT: {"script":"<script> [776 bytes]","args":[{"enterText":"Material","selector":{"id":"application-manageresources-display-component---newResourceUnit--PLANNING_GROUP","interaction":{"idSuffix":"inner"}},"clearTextFirst":true,"interactionType":"ENTER_TEXT"}]}
COMMAND: POST /session/7d4ef5db813d7a6cede0ad9a34edc09c/execute/async - {"script":"<script> [1562 bytes]","args":[{"selector":{"id":"application-manageresources-display-component---newResourceUnit--PLANNING_INDICATOR","interaction":{"idSuffix":"inner"}},"wdio_ui5_key":"applicationmanageresources-display-component---newResourceUnit--PLANNING_INDICATOR"}]}
RESULT: {"script":"<script> [1562 bytes]","args":[{"selector":{"id":"application-manageresources-display-component---newResourceUnit--PLANNING_INDICATOR","interaction":{"idSuffix":"inner"}},"wdio_ui5_key":"applicationmanageresources-display-component---newResourceUnit--PLANNING_INDICATOR"}]}
RESULT: undefined
COMMAND: POST /session/7d4ef5db813d7a6cede0ad9a34edc09c/execute/async - {"script":"<script> [776 bytes]","args":[{"enterText":"10 - infinite","selector":{"id":"application-manageresources-display-component---newResourceUnit--PLANNING_INDICATOR","interaction":{"idSuffix":"inner"}},"clearTextFirst":true,"interactionType":"ENTER_TEXT"}]}
RESULT: {"script":"<script> [776 bytes]","args":[{"enterText":"10 - infinite","selector":{"id":"application-manageresources-display-component---newResourceUnit--PLANNING_INDICATOR","interaction":{"idSuffix":"inner"}},"clearTextFirst":true,"interactionType":"ENTER_TEXT"}]}
COMMAND: POST /session/7d4ef5db813d7a6cede0ad9a34edc09c/element - {"using":"css selector","value":"#application-manageresources-display-component---newResourceUnit--btnAddTimeSegment"}
RESULT: {"using":"css selector","value":"#application-manageresources-display-component---newResourceUnit--btnAddTimeSegment"}
COMMAND: GET /session/7d4ef5db813d7a6cede0ad9a34edc09c/element/f.A871513E4156B49FEA6A1325266FBBC5.d.9AFDB622E98C610B7CE8B2E93A02940A.e.23963/rect - {}
RESULT: {}
COMMAND: GET /session/7d4ef5db813d7a6cede0ad9a34edc09c/window/rect - {}
RESULT: {}
COMMAND: POST /session/7d4ef5db813d7a6cede0ad9a34edc09c/execute/sync - {"script":"<script> [92 bytes]","args":[]}
RESULT: {"script":"<script> [92 bytes]","args":[]}
COMMAND: POST /session/7d4ef5db813d7a6cede0ad9a34edc09c/actions - {"actions":[{"id":"action79","type":"wheel","parameters":{},"actions":[{"type":"scroll","x":-1888,"y":-32,"deltaX":0,"deltaY":0,"duration":0,"origin":{"element-6066-11e4-a52e-4f735466cecf":"f.A871513E4156B49FEA6A1325266FBBC5.d.9AFDB622E98C610B7CE8B2E93A02940A.e.23963"}}]}]}
COMMAND: GET /session/7d4ef5db813d7a6cede0ad9a34edc09c/screenshot - {}
RESULT: {}
COMMAND: POST /session/7d4ef5db813d7a6cede0ad9a34edc09c/execute/sync - {"script":"<script> [79 bytes]","args":[{"element-6066-11e4-a52e-4f735466cecf":"f.A871513E4156B49FEA6A1325266FBBC5.d.9AFDB622E98C610B7CE8B2E93A02940A.e.23963","ELEMENT":"f.A871513E4156B49FEA6A1325266FBBC5.d.9AFDB622E98C610B7CE8B2E93A02940A.e.23963"},{"block":"start","inline":"nearest"}]}
RESULT: {"script":"<script> [79 bytes]","args":[{"element-6066-11e4-a52e-4f735466cecf":"f.A871513E4156B49FEA6A1325266FBBC5.d.9AFDB622E98C610B7CE8B2E93A02940A.e.23963","ELEMENT":"f.A871513E4156B49FEA6A1325266FBBC5.d.9AFDB622E98C610B7CE8B2E93A02940A.e.23963"},{"block":"start","inline":"nearest"}]}
COMMAND: POST /session/7d4ef5db813d7a6cede0ad9a34edc09c/execute/async - {"script":"<script> [1562 bytes]","args":[{"selector":{"id":"application-manageresources-display-component---newResourceUnit--btnAddTimeSegment","interaction":{"idSuffix":"inner"}},"wdio_ui5_key":"applicationmanageresources-display-component---newResourceUnit--btnAddTimeSegment"}]}
COMMAND: GET /session/7d4ef5db813d7a6cede0ad9a34edc09c/screenshot - {}
RESULT: {"script":"<script> [1562 bytes]","args":[{"selector":{"id":"application-manageresources-display-component---newResourceUnit--btnAddTimeSegment","interaction":{"idSuffix":"inner"}},"wdio_ui5_key":"applicationmanageresources-display-component---newResourceUnit--btnAddTimeSegment"}]}
RESULT: undefined
COMMAND: POST /session/7d4ef5db813d7a6cede0ad9a34edc09c/element - {"using":"xpath","value":"//*[@id=\"application-manageresources-display-component---newResourceUnit--btnAddTimeSegment\"]"}
RESULT: {}
RESULT: {"using":"xpath","value":"//*[@id=\"application-manageresources-display-component---newResourceUnit--btnAddTimeSegment\"]"}
COMMAND: POST /session/7d4ef5db813d7a6cede0ad9a34edc09c/element/f.A871513E4156B49FEA6A1325266FBBC5.d.9AFDB622E98C610B7CE8B2E93A02940A.e.23963/click - {}
RESULT: {}
COMMAND: GET /session/7d4ef5db813d7a6cede0ad9a34edc09c/screenshot - {}
RESULT: {}
COMMAND: POST /session/7d4ef5db813d7a6cede0ad9a34edc09c/element - {"using":"xpath","value":"//input[@id=\"application-manageresources-display-component---newResourceUnit--idRuTSAdmin-application-manageresources-display-component---newResourceUnit--RUTimeSegment-0-inner\"]"}
RESULT: {"using":"xpath","value":"//input[@id=\"application-manageresources-display-component---newResourceUnit--idRuTSAdmin-application-manageresources-display-component---newResourceUnit--RUTimeSegment-0-inner\"]"}
COMMAND: POST /session/7d4ef5db813d7a6cede0ad9a34edc09c/element/f.A871513E4156B49FEA6A1325266FBBC5.d.9AFDB622E98C610B7CE8B2E93A02940A.e.23968/clear - {}
RESULT: {}
COMMAND: POST /session/7d4ef5db813d7a6cede0ad9a34edc09c/element/f.A871513E4156B49FEA6A1325266FBBC5.d.9AFDB622E98C610B7CE8B2E93A02940A.e.23968/value - {"text":"632"}
COMMAND: GET /session/7d4ef5db813d7a6cede0ad9a34edc09c/screenshot - {}
RESULT: {"text":"632"}
COMMAND: GET /session/7d4ef5db813d7a6cede0ad9a34edc09c/screenshot - {}
RESULT: {}
RESULT: {}
COMMAND: POST /session/7d4ef5db813d7a6cede0ad9a34edc09c/element - {"using":"xpath","value":"//li[.//span[text()='632']]"}
RESULT: {"using":"xpath","value":"//li[.//span[text()='632']]"}
COMMAND: POST /session/7d4ef5db813d7a6cede0ad9a34edc09c/element/f.A871513E4156B49FEA6A1325266FBBC5.d.9AFDB622E98C610B7CE8B2E93A02940A.e.23977/click - {}
RESULT: {}
COMMAND: GET /session/7d4ef5db813d7a6cede0ad9a34edc09c/screenshot - {}
RESULT: {}
COMMAND: POST /session/7d4ef5db813d7a6cede0ad9a34edc09c/element - {"using":"xpath","value":"(//span[contains(@id, \"-application-manageresources-display-component---newResourceUnit--RUTimeSegment-0-arrow\")])[2]"}
RESULT: {"using":"xpath","value":"(//span[contains(@id, \"-application-manageresources-display-component---newResourceUnit--RUTimeSegment-0-arrow\")])[2]"}
COMMAND: POST /session/7d4ef5db813d7a6cede0ad9a34edc09c/element/f.A871513E4156B49FEA6A1325266FBBC5.d.9AFDB622E98C610B7CE8B2E93A02940A.e.23978/click - {}
RESULT: {}
COMMAND: POST /session/7d4ef5db813d7a6cede0ad9a34edc09c/element - {"using":"xpath","value":"//span[contains(text(), \"PM Order\")]"}
COMMAND: GET /session/7d4ef5db813d7a6cede0ad9a34edc09c/screenshot - {}
RESULT: {"using":"xpath","value":"//span[contains(text(), \"PM Order\")]"}
COMMAND: POST /session/7d4ef5db813d7a6cede0ad9a34edc09c/element/f.A871513E4156B49FEA6A1325266FBBC5.d.9AFDB622E98C610B7CE8B2E93A02940A.e.23979/click - {}
RESULT: {}
RESULT: {}
COMMAND: GET /session/7d4ef5db813d7a6cede0ad9a34edc09c/screenshot - {}
RESULT: {}
COMMAND: POST /session/7d4ef5db813d7a6cede0ad9a34edc09c/element - {"using":"xpath","value":"//td/div/div/div/span[contains(@id, \"newResourceUnit--RUTimeSegment-0-vhi\")][1]"}
RESULT: {"using":"xpath","value":"//td/div/div/div/span[contains(@id, \"newResourceUnit--RUTimeSegment-0-vhi\")][1]"}
COMMAND: GET /session/7d4ef5db813d7a6cede0ad9a34edc09c/element/f.A871513E4156B49FEA6A1325266FBBC5.d.9AFDB622E98C610B7CE8B2E93A02940A.e.23983/rect - {}
RESULT: {}
COMMAND: GET /session/7d4ef5db813d7a6cede0ad9a34edc09c/window/rect - {}
RESULT: {}
COMMAND: POST /session/7d4ef5db813d7a6cede0ad9a34edc09c/execute/sync - {"script":"<script> [92 bytes]","args":[]}
RESULT: {"script":"<script> [92 bytes]","args":[]}
COMMAND: POST /session/7d4ef5db813d7a6cede0ad9a34edc09c/actions - {"actions":[{"id":"action80","type":"wheel","parameters":{},"actions":[{"type":"scroll","x":-1888,"y":-24,"deltaX":0,"deltaY":0,"duration":0,"origin":{"element-6066-11e4-a52e-4f735466cecf":"f.A871513E4156B49FEA6A1325266FBBC5.d.9AFDB622E98C610B7CE8B2E93A02940A.e.23983"}}]}]}
COMMAND: GET /session/7d4ef5db813d7a6cede0ad9a34edc09c/screenshot - {}
RESULT: {}
COMMAND: POST /session/7d4ef5db813d7a6cede0ad9a34edc09c/execute/sync - {"script":"<script> [79 bytes]","args":[{"element-6066-11e4-a52e-4f735466cecf":"f.A871513E4156B49FEA6A1325266FBBC5.d.9AFDB622E98C610B7CE8B2E93A02940A.e.23983","ELEMENT":"f.A871513E4156B49FEA6A1325266FBBC5.d.9AFDB622E98C610B7CE8B2E93A02940A.e.23983"},{"block":"start","inline":"nearest"}]}
RESULT: {"script":"<script> [79 bytes]","args":[{"element-6066-11e4-a52e-4f735466cecf":"f.A871513E4156B49FEA6A1325266FBBC5.d.9AFDB622E98C610B7CE8B2E93A02940A.e.23983","ELEMENT":"f.A871513E4156B49FEA6A1325266FBBC5.d.9AFDB622E98C610B7CE8B2E93A02940A.e.23983"},{"block":"start","inline":"nearest"}]}
COMMAND: GET /session/7d4ef5db813d7a6cede0ad9a34edc09c/screenshot - {}
RESULT: {}
COMMAND: POST /session/7d4ef5db813d7a6cede0ad9a34edc09c/element/f.A871513E4156B49FEA6A1325266FBBC5.d.9AFDB622E98C610B7CE8B2E93A02940A.e.23983/click - {}
RESULT: {}
COMMAND: GET /session/7d4ef5db813d7a6cede0ad9a34edc09c/screenshot - {}
RESULT: {}
COMMAND: POST /session/7d4ef5db813d7a6cede0ad9a34edc09c/execute/async - {"script":"<script> [1562 bytes]","args":[{"selector":{"controlType":"sap.m.SearchField","properties":{"placeholder":"Search"},"searchOpenDialogs":true,"interaction":{"idSuffix":"I"}},"wdio_ui5_key":"sapm.SearchField{\"placeholder\":\"Search\"}"}]}
RESULT: {"script":"<script> [1562 bytes]","args":[{"selector":{"controlType":"sap.m.SearchField","properties":{"placeholder":"Search"},"searchOpenDialogs":true,"interaction":{"idSuffix":"I"}},"wdio_ui5_key":"sapm.SearchField{\"placeholder\":\"Search\"}"}]}
RESULT: undefined
COMMAND: POST /session/7d4ef5db813d7a6cede0ad9a34edc09c/execute/async - {"script":"<script> [776 bytes]","args":[{"enterText":"4000360","selector":{"controlType":"sap.m.SearchField","properties":{"placeholder":"Search"},"searchOpenDialogs":true,"interaction":{"idSuffix":"I"}},"clearTextFirst":true,"interactionType":"ENTER_TEXT"}]}
RESULT: {"script":"<script> [776 bytes]","args":[{"enterText":"4000360","selector":{"controlType":"sap.m.SearchField","properties":{"placeholder":"Search"},"searchOpenDialogs":true,"interaction":{"idSuffix":"I"}},"clearTextFirst":true,"interactionType":"ENTER_TEXT"}]}
COMMAND: POST /session/7d4ef5db813d7a6cede0ad9a34edc09c/actions - {"actions":[{"id":"action81","type":"key","parameters":{},"actions":[{"type":"keyDown","value":""},{"type":"pause","duration":10},{"type":"keyUp","value":""}]}]}
RESULT: {"actions":[{"id":"action81","type":"key","parameters":{},"actions":[{"type":"keyDown","value":""},{"type":"pause","duration":10},{"type":"keyUp","value":""}]}]}
COMMAND: GET /session/7d4ef5db813d7a6cede0ad9a34edc09c/screenshot - {}
RESULT: {}
COMMAND: POST /session/7d4ef5db813d7a6cede0ad9a34edc09c/element - {"using":"xpath","value":"//td/div/span[contains(text(), \"BGL Vehicles\")]"}
RESULT: {"using":"xpath","value":"//td/div/span[contains(text(), \"BGL Vehicles\")]"}
COMMAND: POST /session/7d4ef5db813d7a6cede0ad9a34edc09c/element/f.A871513E4156B49FEA6A1325266FBBC5.d.9AFDB622E98C610B7CE8B2E93A02940A.e.24005/click - {}
RESULT: {}
COMMAND: GET /session/7d4ef5db813d7a6cede0ad9a34edc09c/screenshot - {}
RESULT: {}
COMMAND: POST /session/7d4ef5db813d7a6cede0ad9a34edc09c/element - {"using":"xpath","value":"//bdi[contains(text(), \"OK\")]"}
RESULT: {"using":"xpath","value":"//bdi[contains(text(), \"OK\")]"}
COMMAND: POST /session/7d4ef5db813d7a6cede0ad9a34edc09c/element/f.A871513E4156B49FEA6A1325266FBBC5.d.9AFDB622E98C610B7CE8B2E93A02940A.e.24006/click - {}
RESULT: {}
COMMAND: GET /session/7d4ef5db813d7a6cede0ad9a34edc09c/screenshot - {}
RESULT: {}
COMMAND: POST /session/7d4ef5db813d7a6cede0ad9a34edc09c/element - {"using":"xpath","value":"//label[contains(@class, 'sapMLabelRequired') and .//bdi[contains(text(), 'Planned Retirement')]]"}
RESULT: {"using":"xpath","value":"//label[contains(@class, 'sapMLabelRequired') and .//bdi[contains(text(), 'Planned Retirement')]]"}
COMMAND: POST /session/7d4ef5db813d7a6cede0ad9a34edc09c/elements - {"using":"xpath","value":"//label[contains(@class, 'sapMLabelRequired') and .//bdi[contains(text(), 'Planned Retirement')]]"}
RESULT: {"using":"xpath","value":"//label[contains(@class, 'sapMLabelRequired') and .//bdi[contains(text(), 'Planned Retirement')]]"}
COMMAND: POST /session/7d4ef5db813d7a6cede0ad9a34edc09c/element - {"using":"xpath","value":"//button[@data-kt=\"resourceUnitSaveButton\"]"}
RESULT: {"using":"xpath","value":"//button[@data-kt=\"resourceUnitSaveButton\"]"}
COMMAND: POST /session/7d4ef5db813d7a6cede0ad9a34edc09c/element/f.A871513E4156B49FEA6A1325266FBBC5.d.9AFDB622E98C610B7CE8B2E93A02940A.e.23905/click - {}
RESULT: {}
COMMAND: GET /session/7d4ef5db813d7a6cede0ad9a34edc09c/screenshot - {}
RESULT: {}
COMMAND: POST /session/7d4ef5db813d7a6cede0ad9a34edc09c/element - {"using":"xpath","value":"//bdi[contains(text(), \"Close\")]"}
RESULT: {"using":"xpath","value":"//bdi[contains(text(), \"Close\")]"}
COMMAND: POST /session/7d4ef5db813d7a6cede0ad9a34edc09c/element/f.A871513E4156B49FEA6A1325266FBBC5.d.9AFDB622E98C610B7CE8B2E93A02940A.e.24012/click - {}
RESULT: {}
COMMAND: GET /session/7d4ef5db813d7a6cede0ad9a34edc09c/screenshot - {}
RESULT: {}
COMMAND: POST /session/7d4ef5db813d7a6cede0ad9a34edc09c/element - {"using":"xpath","value":"//header[contains(@id, 'detailRruPage-headerTitle')]/div[1]/div[2]/div[2]/span[1]"}
RESULT: {"using":"xpath","value":"//header[contains(@id, 'detailRruPage-headerTitle')]/div[1]/div[2]/div[2]/span[1]"}
COMMAND: POST /session/7d4ef5db813d7a6cede0ad9a34edc09c/elements - {"using":"xpath","value":"//header[contains(@id, 'detailRruPage-headerTitle')]/div[1]/div[2]/div[2]/span[1]"}
RESULT: {"using":"xpath","value":"//header[contains(@id, 'detailRruPage-headerTitle')]/div[1]/div[2]/div[2]/span[1]"}
COMMAND: POST /session/7d4ef5db813d7a6cede0ad9a34edc09c/execute/sync - {"script":"<script> [56 bytes]","args":[{"element-6066-11e4-a52e-4f735466cecf":"f.A871513E4156B49FEA6A1325266FBBC5.d.9AFDB622E98C610B7CE8B2E93A02940A.e.24043","ELEMENT":"f.A871513E4156B49FEA6A1325266FBBC5.d.9AFDB622E98C610B7CE8B2E93A02940A.e.24043"}]}
RESULT: {"script":"<script> [56 bytes]","args":[{"element-6066-11e4-a52e-4f735466cecf":"f.A871513E4156B49FEA6A1325266FBBC5.d.9AFDB622E98C610B7CE8B2E93A02940A.e.24043","ELEMENT":"f.A871513E4156B49FEA6A1325266FBBC5.d.9AFDB622E98C610B7CE8B2E93A02940A.e.24043"}]}
COMMAND: POST /session/7d4ef5db813d7a6cede0ad9a34edc09c/element - {"using":"css selector","value":"#shell-header-logo"}
COMMAND: GET /session/7d4ef5db813d7a6cede0ad9a34edc09c/screenshot - {}
RESULT: {"using":"css selector","value":"#shell-header-logo"}
COMMAND: POST /session/7d4ef5db813d7a6cede0ad9a34edc09c/element/f.A871513E4156B49FEA6A1325266FBBC5.d.9AFDB622E98C610B7CE8B2E93A02940A.e.23375/click - {}
RESULT: {}
RESULT: {}
COMMAND: GET /session/7d4ef5db813d7a6cede0ad9a34edc09c/screenshot - {}
RESULT: {}
]]></system-out>
    </testcase>
    <testcase classname="chrome.136_0_7103_93.windows.Create_masterdata_for_Yard_Overview_-_trigger_provide_US130988" name="Bin Status Report Should Create New Organization yard" time="0.005"/>
    <testcase classname="chrome.136_0_7103_93.windows.Create_masterdata_for_Yard_Overview_-_trigger_provide_US130988" name="Create a Warehouse Movement for created yard" time="47.29">
      <system-out><![CDATA[
COMMAND: POST /session/7d4ef5db813d7a6cede0ad9a34edc09c/execute/async - {"script":"<script> [1562 bytes]","args":[{"selector":{"controlType":"sap.m.GenericTile","properties":{"header":"Manage Warehouse Movements"}},"wdio_ui5_key":"sapm.GenericTile{\"header\":\"Manage Warehouse Movements\"}"}]}
RESULT: {"script":"<script> [1562 bytes]","args":[{"selector":{"controlType":"sap.m.GenericTile","properties":{"header":"Manage Warehouse Movements"}},"wdio_ui5_key":"sapm.GenericTile{\"header\":\"Manage Warehouse Movements\"}"}]}
RESULT: undefined
COMMAND: POST /session/7d4ef5db813d7a6cede0ad9a34edc09c/element - {"using":"xpath","value":"//*[@id=\"__tile105\"]"}
RESULT: {"using":"xpath","value":"//*[@id=\"__tile105\"]"}
COMMAND: POST /session/7d4ef5db813d7a6cede0ad9a34edc09c/element/f.A871513E4156B49FEA6A1325266FBBC5.d.9AFDB622E98C610B7CE8B2E93A02940A.e.24047/click - {}
RESULT: {}
COMMAND: POST /session/7d4ef5db813d7a6cede0ad9a34edc09c/element - {"using":"xpath","value":"//input[@id='application-warehousemovements-display-component---warehouseMovements--smartFilterBar-filterItemControl_BASIC-YARD-inner']"}
COMMAND: GET /session/7d4ef5db813d7a6cede0ad9a34edc09c/screenshot - {}
RESULT: {"using":"xpath","value":"//input[@id='application-warehousemovements-display-component---warehouseMovements--smartFilterBar-filterItemControl_BASIC-YARD-inner']"}
COMMAND: POST /session/7d4ef5db813d7a6cede0ad9a34edc09c/elements - {"using":"xpath","value":"//input[@id='application-warehousemovements-display-component---warehouseMovements--smartFilterBar-filterItemControl_BASIC-YARD-inner']"}
RESULT: {}
RESULT: {"using":"xpath","value":"//input[@id='application-warehousemovements-display-component---warehouseMovements--smartFilterBar-filterItemControl_BASIC-YARD-inner']"}
COMMAND: POST /session/7d4ef5db813d7a6cede0ad9a34edc09c/elements - {"using":"xpath","value":"//input[@id='application-warehousemovements-display-component---warehouseMovements--smartFilterBar-filterItemControl_BASIC-YARD-inner']"}
RESULT: {"using":"xpath","value":"//input[@id='application-warehousemovements-display-component---warehouseMovements--smartFilterBar-filterItemControl_BASIC-YARD-inner']"}
COMMAND: POST /session/7d4ef5db813d7a6cede0ad9a34edc09c/elements - {"using":"xpath","value":"//input[@id='application-warehousemovements-display-component---warehouseMovements--smartFilterBar-filterItemControl_BASIC-YARD-inner']"}
RESULT: {"using":"xpath","value":"//input[@id='application-warehousemovements-display-component---warehouseMovements--smartFilterBar-filterItemControl_BASIC-YARD-inner']"}
COMMAND: POST /session/7d4ef5db813d7a6cede0ad9a34edc09c/elements - {"using":"xpath","value":"//input[@id='application-warehousemovements-display-component---warehouseMovements--smartFilterBar-filterItemControl_BASIC-YARD-inner']"}
RESULT: {"using":"xpath","value":"//input[@id='application-warehousemovements-display-component---warehouseMovements--smartFilterBar-filterItemControl_BASIC-YARD-inner']"}
COMMAND: POST /session/7d4ef5db813d7a6cede0ad9a34edc09c/elements - {"using":"xpath","value":"//input[@id='application-warehousemovements-display-component---warehouseMovements--smartFilterBar-filterItemControl_BASIC-YARD-inner']"}
RESULT: {"using":"xpath","value":"//input[@id='application-warehousemovements-display-component---warehouseMovements--smartFilterBar-filterItemControl_BASIC-YARD-inner']"}
COMMAND: POST /session/7d4ef5db813d7a6cede0ad9a34edc09c/elements - {"using":"xpath","value":"//input[@id='application-warehousemovements-display-component---warehouseMovements--smartFilterBar-filterItemControl_BASIC-YARD-inner']"}
RESULT: {"using":"xpath","value":"//input[@id='application-warehousemovements-display-component---warehouseMovements--smartFilterBar-filterItemControl_BASIC-YARD-inner']"}
COMMAND: POST /session/7d4ef5db813d7a6cede0ad9a34edc09c/elements - {"using":"xpath","value":"//input[@id='application-warehousemovements-display-component---warehouseMovements--smartFilterBar-filterItemControl_BASIC-YARD-inner']"}
RESULT: {"using":"xpath","value":"//input[@id='application-warehousemovements-display-component---warehouseMovements--smartFilterBar-filterItemControl_BASIC-YARD-inner']"}
COMMAND: POST /session/7d4ef5db813d7a6cede0ad9a34edc09c/elements - {"using":"xpath","value":"//input[@id='application-warehousemovements-display-component---warehouseMovements--smartFilterBar-filterItemControl_BASIC-YARD-inner']"}
RESULT: {"using":"xpath","value":"//input[@id='application-warehousemovements-display-component---warehouseMovements--smartFilterBar-filterItemControl_BASIC-YARD-inner']"}
COMMAND: POST /session/7d4ef5db813d7a6cede0ad9a34edc09c/elements - {"using":"xpath","value":"//input[@id='application-warehousemovements-display-component---warehouseMovements--smartFilterBar-filterItemControl_BASIC-YARD-inner']"}
RESULT: {"using":"xpath","value":"//input[@id='application-warehousemovements-display-component---warehouseMovements--smartFilterBar-filterItemControl_BASIC-YARD-inner']"}
COMMAND: POST /session/7d4ef5db813d7a6cede0ad9a34edc09c/elements - {"using":"xpath","value":"//input[@id='application-warehousemovements-display-component---warehouseMovements--smartFilterBar-filterItemControl_BASIC-YARD-inner']"}
RESULT: {"using":"xpath","value":"//input[@id='application-warehousemovements-display-component---warehouseMovements--smartFilterBar-filterItemControl_BASIC-YARD-inner']"}
COMMAND: POST /session/7d4ef5db813d7a6cede0ad9a34edc09c/elements - {"using":"xpath","value":"//input[@id='application-warehousemovements-display-component---warehouseMovements--smartFilterBar-filterItemControl_BASIC-YARD-inner']"}
RESULT: {"using":"xpath","value":"//input[@id='application-warehousemovements-display-component---warehouseMovements--smartFilterBar-filterItemControl_BASIC-YARD-inner']"}
COMMAND: POST /session/7d4ef5db813d7a6cede0ad9a34edc09c/elements - {"using":"xpath","value":"//input[@id='application-warehousemovements-display-component---warehouseMovements--smartFilterBar-filterItemControl_BASIC-YARD-inner']"}
RESULT: {"using":"xpath","value":"//input[@id='application-warehousemovements-display-component---warehouseMovements--smartFilterBar-filterItemControl_BASIC-YARD-inner']"}
COMMAND: POST /session/7d4ef5db813d7a6cede0ad9a34edc09c/elements - {"using":"xpath","value":"//input[@id='application-warehousemovements-display-component---warehouseMovements--smartFilterBar-filterItemControl_BASIC-YARD-inner']"}
RESULT: {"using":"xpath","value":"//input[@id='application-warehousemovements-display-component---warehouseMovements--smartFilterBar-filterItemControl_BASIC-YARD-inner']"}
COMMAND: POST /session/7d4ef5db813d7a6cede0ad9a34edc09c/elements - {"using":"xpath","value":"//input[@id='application-warehousemovements-display-component---warehouseMovements--smartFilterBar-filterItemControl_BASIC-YARD-inner']"}
RESULT: {"using":"xpath","value":"//input[@id='application-warehousemovements-display-component---warehouseMovements--smartFilterBar-filterItemControl_BASIC-YARD-inner']"}
COMMAND: POST /session/7d4ef5db813d7a6cede0ad9a34edc09c/elements - {"using":"xpath","value":"//input[@id='application-warehousemovements-display-component---warehouseMovements--smartFilterBar-filterItemControl_BASIC-YARD-inner']"}
RESULT: {"using":"xpath","value":"//input[@id='application-warehousemovements-display-component---warehouseMovements--smartFilterBar-filterItemControl_BASIC-YARD-inner']"}
COMMAND: POST /session/7d4ef5db813d7a6cede0ad9a34edc09c/elements - {"using":"xpath","value":"//input[@id='application-warehousemovements-display-component---warehouseMovements--smartFilterBar-filterItemControl_BASIC-YARD-inner']"}
RESULT: {"using":"xpath","value":"//input[@id='application-warehousemovements-display-component---warehouseMovements--smartFilterBar-filterItemControl_BASIC-YARD-inner']"}
COMMAND: POST /session/7d4ef5db813d7a6cede0ad9a34edc09c/elements - {"using":"xpath","value":"//input[@id='application-warehousemovements-display-component---warehouseMovements--smartFilterBar-filterItemControl_BASIC-YARD-inner']"}
RESULT: {"using":"xpath","value":"//input[@id='application-warehousemovements-display-component---warehouseMovements--smartFilterBar-filterItemControl_BASIC-YARD-inner']"}
COMMAND: POST /session/7d4ef5db813d7a6cede0ad9a34edc09c/element - {"using":"xpath","value":"//input[@id='application-warehousemovements-display-component---warehouseMovements--smartFilterBar-filterItemControl_BASIC-YARD-inner']"}
RESULT: {"using":"xpath","value":"//input[@id='application-warehousemovements-display-component---warehouseMovements--smartFilterBar-filterItemControl_BASIC-YARD-inner']"}
COMMAND: POST /session/7d4ef5db813d7a6cede0ad9a34edc09c/execute/sync - {"script":"<script> [8489 bytes]","args":[{"element-6066-11e4-a52e-4f735466cecf":"f.A871513E4156B49FEA6A1325266FBBC5.d.9AFDB622E98C610B7CE8B2E93A02940A.e.24070","ELEMENT":"f.A871513E4156B49FEA6A1325266FBBC5.d.9AFDB622E98C610B7CE8B2E93A02940A.e.24070"}]}
RESULT: {"script":"<script> [8489 bytes]","args":[{"element-6066-11e4-a52e-4f735466cecf":"f.A871513E4156B49FEA6A1325266FBBC5.d.9AFDB622E98C610B7CE8B2E93A02940A.e.24070","ELEMENT":"f.A871513E4156B49FEA6A1325266FBBC5.d.9AFDB622E98C610B7CE8B2E93A02940A.e.24070"}]}
COMMAND: GET /session/7d4ef5db813d7a6cede0ad9a34edc09c/element/f.A871513E4156B49FEA6A1325266FBBC5.d.9AFDB622E98C610B7CE8B2E93A02940A.e.24070/enabled - {}
COMMAND: GET /session/7d4ef5db813d7a6cede0ad9a34edc09c/screenshot - {}
RESULT: {}
COMMAND: POST /session/7d4ef5db813d7a6cede0ad9a34edc09c/execute/sync - {"script":"<script> [8489 bytes]","args":[{"element-6066-11e4-a52e-4f735466cecf":"f.A871513E4156B49FEA6A1325266FBBC5.d.9AFDB622E98C610B7CE8B2E93A02940A.e.24070","ELEMENT":"f.A871513E4156B49FEA6A1325266FBBC5.d.9AFDB622E98C610B7CE8B2E93A02940A.e.24070"}]}
COMMAND: GET /session/7d4ef5db813d7a6cede0ad9a34edc09c/screenshot - {}
RESULT: {}
RESULT: {"script":"<script> [8489 bytes]","args":[{"element-6066-11e4-a52e-4f735466cecf":"f.A871513E4156B49FEA6A1325266FBBC5.d.9AFDB622E98C610B7CE8B2E93A02940A.e.24070","ELEMENT":"f.A871513E4156B49FEA6A1325266FBBC5.d.9AFDB622E98C610B7CE8B2E93A02940A.e.24070"}]}
COMMAND: POST /session/7d4ef5db813d7a6cede0ad9a34edc09c/execute/sync - {"script":"<script> [5351 bytes]","args":[{"element-6066-11e4-a52e-4f735466cecf":"f.A871513E4156B49FEA6A1325266FBBC5.d.9AFDB622E98C610B7CE8B2E93A02940A.e.24070","ELEMENT":"f.A871513E4156B49FEA6A1325266FBBC5.d.9AFDB622E98C610B7CE8B2E93A02940A.e.24070"}]}
COMMAND: GET /session/7d4ef5db813d7a6cede0ad9a34edc09c/screenshot - {}
RESULT: {}
RESULT: {"script":"<script> [5351 bytes]","args":[{"element-6066-11e4-a52e-4f735466cecf":"f.A871513E4156B49FEA6A1325266FBBC5.d.9AFDB622E98C610B7CE8B2E93A02940A.e.24070","ELEMENT":"f.A871513E4156B49FEA6A1325266FBBC5.d.9AFDB622E98C610B7CE8B2E93A02940A.e.24070"}]}
COMMAND: GET /session/7d4ef5db813d7a6cede0ad9a34edc09c/screenshot - {}
RESULT: {}
RESULT: {}
COMMAND: POST /session/7d4ef5db813d7a6cede0ad9a34edc09c/element/f.A871513E4156B49FEA6A1325266FBBC5.d.9AFDB622E98C610B7CE8B2E93A02940A.e.24070/clear - {}
RESULT: {}
COMMAND: POST /session/7d4ef5db813d7a6cede0ad9a34edc09c/element/f.A871513E4156B49FEA6A1325266FBBC5.d.9AFDB622E98C610B7CE8B2E93A02940A.e.24070/value - {"text":"632"}
COMMAND: GET /session/7d4ef5db813d7a6cede0ad9a34edc09c/screenshot - {}
RESULT: {"text":"632"}
COMMAND: POST /session/7d4ef5db813d7a6cede0ad9a34edc09c/actions - {"actions":[{"id":"action82","type":"key","parameters":{},"actions":[{"type":"keyDown","value":""},{"type":"pause","duration":10},{"type":"keyUp","value":""}]}]}
COMMAND: GET /session/7d4ef5db813d7a6cede0ad9a34edc09c/screenshot - {}
RESULT: {}
RESULT: {"actions":[{"id":"action82","type":"key","parameters":{},"actions":[{"type":"keyDown","value":""},{"type":"pause","duration":10},{"type":"keyUp","value":""}]}]}
COMMAND: GET /session/7d4ef5db813d7a6cede0ad9a34edc09c/screenshot - {}
RESULT: {}
RESULT: {}
COMMAND: POST /session/7d4ef5db813d7a6cede0ad9a34edc09c/element - {"using":"xpath","value":"//button[contains(@data-kt, \"MasterMovementAddOverflowToolbarButton\")]"}
RESULT: {"using":"xpath","value":"//button[contains(@data-kt, \"MasterMovementAddOverflowToolbarButton\")]"}
COMMAND: POST /session/7d4ef5db813d7a6cede0ad9a34edc09c/element/f.A871513E4156B49FEA6A1325266FBBC5.d.9AFDB622E98C610B7CE8B2E93A02940A.e.24092/click - {}
RESULT: {}
COMMAND: GET /session/7d4ef5db813d7a6cede0ad9a34edc09c/screenshot - {}
RESULT: {}
COMMAND: POST /session/7d4ef5db813d7a6cede0ad9a34edc09c/element - {"using":"xpath","value":"//*[@id=\"application-warehousemovements-display-component---addMovement--sectionsList-arrow\"]"}
RESULT: {"using":"xpath","value":"//*[@id=\"application-warehousemovements-display-component---addMovement--sectionsList-arrow\"]"}
COMMAND: POST /session/7d4ef5db813d7a6cede0ad9a34edc09c/element/f.A871513E4156B49FEA6A1325266FBBC5.d.9AFDB622E98C610B7CE8B2E93A02940A.e.24298/click - {}
RESULT: {}
COMMAND: POST /session/7d4ef5db813d7a6cede0ad9a34edc09c/actions - {"actions":[{"id":"action83","type":"key","parameters":{},"actions":[{"type":"keyDown","value":""},{"type":"pause","duration":10},{"type":"keyUp","value":""}]}]}
COMMAND: GET /session/7d4ef5db813d7a6cede0ad9a34edc09c/screenshot - {}
RESULT: {"actions":[{"id":"action83","type":"key","parameters":{},"actions":[{"type":"keyDown","value":""},{"type":"pause","duration":10},{"type":"keyUp","value":""}]}]}
COMMAND: GET /session/7d4ef5db813d7a6cede0ad9a34edc09c/screenshot - {}
RESULT: {}
RESULT: {}
COMMAND: POST /session/7d4ef5db813d7a6cede0ad9a34edc09c/actions - {"actions":[{"id":"action84","type":"key","parameters":{},"actions":[{"type":"keyDown","value":""},{"type":"pause","duration":10},{"type":"keyUp","value":""}]}]}
RESULT: {"actions":[{"id":"action84","type":"key","parameters":{},"actions":[{"type":"keyDown","value":""},{"type":"pause","duration":10},{"type":"keyUp","value":""}]}]}
COMMAND: GET /session/7d4ef5db813d7a6cede0ad9a34edc09c/screenshot - {}
RESULT: {}
COMMAND: POST /session/7d4ef5db813d7a6cede0ad9a34edc09c/element - {"using":"xpath","value":"//*[@id=\"application-warehousemovements-display-component---addMovement--saveMovementBtn-BDI-content\" and text()=\"Save\"]"}
RESULT: {"using":"xpath","value":"//*[@id=\"application-warehousemovements-display-component---addMovement--saveMovementBtn-BDI-content\" and text()=\"Save\"]"}
COMMAND: POST /session/7d4ef5db813d7a6cede0ad9a34edc09c/element/f.A871513E4156B49FEA6A1325266FBBC5.d.9AFDB622E98C610B7CE8B2E93A02940A.e.24299/click - {}
RESULT: {}
COMMAND: GET /session/7d4ef5db813d7a6cede0ad9a34edc09c/screenshot - {}
RESULT: {}
COMMAND: POST /session/7d4ef5db813d7a6cede0ad9a34edc09c/element - {"using":"css selector","value":"#shell-header-logo"}
RESULT: {"using":"css selector","value":"#shell-header-logo"}
COMMAND: POST /session/7d4ef5db813d7a6cede0ad9a34edc09c/element/f.A871513E4156B49FEA6A1325266FBBC5.d.9AFDB622E98C610B7CE8B2E93A02940A.e.24051/click - {}
RESULT: {}
COMMAND: GET /session/7d4ef5db813d7a6cede0ad9a34edc09c/screenshot - {}
RESULT: {}
]]></system-out>
    </testcase>
    <testcase classname="chrome.136_0_7103_93.windows.Create_masterdata_for_Yard_Overview_-_trigger_provide_US130988" name="Should do a stock increase handover for equipment" time="90.211">
      <system-out><![CDATA[
COMMAND: POST /session/7d4ef5db813d7a6cede0ad9a34edc09c/execute/async - {"script":"<script> [1562 bytes]","args":[{"selector":{"controlType":"sap.m.GenericTile","properties":{"header":"Manage Handovers"}},"wdio_ui5_key":"sapm.GenericTile{\"header\":\"Manage Handovers\"}"}]}
RESULT: {"script":"<script> [1562 bytes]","args":[{"selector":{"controlType":"sap.m.GenericTile","properties":{"header":"Manage Handovers"}},"wdio_ui5_key":"sapm.GenericTile{\"header\":\"Manage Handovers\"}"}]}
RESULT: undefined
COMMAND: POST /session/7d4ef5db813d7a6cede0ad9a34edc09c/element - {"using":"xpath","value":"//*[@id=\"__tile133\"]"}
RESULT: {"using":"xpath","value":"//*[@id=\"__tile133\"]"}
COMMAND: POST /session/7d4ef5db813d7a6cede0ad9a34edc09c/element/f.A871513E4156B49FEA6A1325266FBBC5.d.9AFDB622E98C610B7CE8B2E93A02940A.e.23424/click - {}
RESULT: {}
COMMAND: GET /session/7d4ef5db813d7a6cede0ad9a34edc09c/screenshot - {}
RESULT: {}
COMMAND: POST /session/7d4ef5db813d7a6cede0ad9a34edc09c/elements - {"using":"xpath","value":"//span[text()='Error']"}
RESULT: {"using":"xpath","value":"//span[text()='Error']"}
COMMAND: POST /session/7d4ef5db813d7a6cede0ad9a34edc09c/element - {"using":"xpath","value":"//button[@data-kt=\"masterHOAddButton\"]"}
RESULT: {"using":"xpath","value":"//button[@data-kt=\"masterHOAddButton\"]"}
COMMAND: POST /session/7d4ef5db813d7a6cede0ad9a34edc09c/elements - {"using":"xpath","value":"//button[@data-kt=\"masterHOAddButton\"]"}
RESULT: {"using":"xpath","value":"//button[@data-kt=\"masterHOAddButton\"]"}
COMMAND: POST /session/7d4ef5db813d7a6cede0ad9a34edc09c/execute/sync - {"script":"<script> [8489 bytes]","args":[{"element-6066-11e4-a52e-4f735466cecf":"f.A871513E4156B49FEA6A1325266FBBC5.d.9AFDB622E98C610B7CE8B2E93A02940A.e.24412","ELEMENT":"f.A871513E4156B49FEA6A1325266FBBC5.d.9AFDB622E98C610B7CE8B2E93A02940A.e.24412"}]}
RESULT: {"script":"<script> [8489 bytes]","args":[{"element-6066-11e4-a52e-4f735466cecf":"f.A871513E4156B49FEA6A1325266FBBC5.d.9AFDB622E98C610B7CE8B2E93A02940A.e.24412","ELEMENT":"f.A871513E4156B49FEA6A1325266FBBC5.d.9AFDB622E98C610B7CE8B2E93A02940A.e.24412"}]}
COMMAND: GET /session/7d4ef5db813d7a6cede0ad9a34edc09c/element/f.A871513E4156B49FEA6A1325266FBBC5.d.9AFDB622E98C610B7CE8B2E93A02940A.e.24412/enabled - {}
COMMAND: GET /session/7d4ef5db813d7a6cede0ad9a34edc09c/screenshot - {}
RESULT: {}
COMMAND: POST /session/7d4ef5db813d7a6cede0ad9a34edc09c/execute/sync - {"script":"<script> [8489 bytes]","args":[{"element-6066-11e4-a52e-4f735466cecf":"f.A871513E4156B49FEA6A1325266FBBC5.d.9AFDB622E98C610B7CE8B2E93A02940A.e.24412","ELEMENT":"f.A871513E4156B49FEA6A1325266FBBC5.d.9AFDB622E98C610B7CE8B2E93A02940A.e.24412"}]}
COMMAND: GET /session/7d4ef5db813d7a6cede0ad9a34edc09c/screenshot - {}
RESULT: {}
RESULT: {"script":"<script> [8489 bytes]","args":[{"element-6066-11e4-a52e-4f735466cecf":"f.A871513E4156B49FEA6A1325266FBBC5.d.9AFDB622E98C610B7CE8B2E93A02940A.e.24412","ELEMENT":"f.A871513E4156B49FEA6A1325266FBBC5.d.9AFDB622E98C610B7CE8B2E93A02940A.e.24412"}]}
COMMAND: POST /session/7d4ef5db813d7a6cede0ad9a34edc09c/execute/sync - {"script":"<script> [5351 bytes]","args":[{"element-6066-11e4-a52e-4f735466cecf":"f.A871513E4156B49FEA6A1325266FBBC5.d.9AFDB622E98C610B7CE8B2E93A02940A.e.24412","ELEMENT":"f.A871513E4156B49FEA6A1325266FBBC5.d.9AFDB622E98C610B7CE8B2E93A02940A.e.24412"}]}
COMMAND: GET /session/7d4ef5db813d7a6cede0ad9a34edc09c/screenshot - {}
RESULT: {}
RESULT: {"script":"<script> [5351 bytes]","args":[{"element-6066-11e4-a52e-4f735466cecf":"f.A871513E4156B49FEA6A1325266FBBC5.d.9AFDB622E98C610B7CE8B2E93A02940A.e.24412","ELEMENT":"f.A871513E4156B49FEA6A1325266FBBC5.d.9AFDB622E98C610B7CE8B2E93A02940A.e.24412"}]}
COMMAND: POST /session/7d4ef5db813d7a6cede0ad9a34edc09c/element/f.A871513E4156B49FEA6A1325266FBBC5.d.9AFDB622E98C610B7CE8B2E93A02940A.e.24412/click - {}
COMMAND: GET /session/7d4ef5db813d7a6cede0ad9a34edc09c/screenshot - {}
RESULT: {}
RESULT: {}
COMMAND: GET /session/7d4ef5db813d7a6cede0ad9a34edc09c/screenshot - {}
COMMAND: POST /session/7d4ef5db813d7a6cede0ad9a34edc09c/element - {"using":"xpath","value":"//span[contains(@id ,\"AddNewHO--typeSelect-arrow\")]"}
RESULT: {}
RESULT: {}
RESULT: {"using":"xpath","value":"//span[contains(@id ,\"AddNewHO--typeSelect-arrow\")]"}
COMMAND: POST /session/7d4ef5db813d7a6cede0ad9a34edc09c/element/f.A871513E4156B49FEA6A1325266FBBC5.d.9AFDB622E98C610B7CE8B2E93A02940A.e.24772/click - {}
RESULT: {}
COMMAND: GET /session/7d4ef5db813d7a6cede0ad9a34edc09c/screenshot - {}
RESULT: {}
COMMAND: POST /session/7d4ef5db813d7a6cede0ad9a34edc09c/element - {"using":"xpath","value":"(//li[contains(text(), \"stock increase yard\")])[1]"}
RESULT: {"using":"xpath","value":"(//li[contains(text(), \"stock increase yard\")])[1]"}
COMMAND: POST /session/7d4ef5db813d7a6cede0ad9a34edc09c/element/f.A871513E4156B49FEA6A1325266FBBC5.d.9AFDB622E98C610B7CE8B2E93A02940A.e.24773/click - {}
RESULT: {}
COMMAND: GET /session/7d4ef5db813d7a6cede0ad9a34edc09c/screenshot - {}
RESULT: {}
COMMAND: POST /session/7d4ef5db813d7a6cede0ad9a34edc09c/execute/async - {"script":"<script> [1562 bytes]","args":[{"selector":{"id":"application-managehandovers-display-component---AddNewHO--dueDate","interaction":{"idSuffix":"inner"}},"wdio_ui5_key":"applicationmanagehandovers-display-component---AddNewHO--dueDate"}]}
RESULT: {"script":"<script> [1562 bytes]","args":[{"selector":{"id":"application-managehandovers-display-component---AddNewHO--dueDate","interaction":{"idSuffix":"inner"}},"wdio_ui5_key":"applicationmanagehandovers-display-component---AddNewHO--dueDate"}]}
RESULT: undefined
COMMAND: POST /session/7d4ef5db813d7a6cede0ad9a34edc09c/execute/async - {"script":"<script> [6424 bytes]","args":[{"element-6066-11e4-a52e-4f735466cecf":"f.A871513E4156B49FEA6A1325266FBBC5.d.9AFDB622E98C610B7CE8B2E93A02940A.e.24775"},"setValue",["5/21/25"]]}
RESULT: {"script":"<script> [6424 bytes]","args":[{"element-6066-11e4-a52e-4f735466cecf":"f.A871513E4156B49FEA6A1325266FBBC5.d.9AFDB622E98C610B7CE8B2E93A02940A.e.24775"},"setValue",["5/21/25"]]}
COMMAND: POST /session/7d4ef5db813d7a6cede0ad9a34edc09c/element - {"using":"xpath","value":"//input[@id=\"generalSectionFrg--receiveYard-inner\"]"}
RESULT: {"using":"xpath","value":"//input[@id=\"generalSectionFrg--receiveYard-inner\"]"}
COMMAND: POST /session/7d4ef5db813d7a6cede0ad9a34edc09c/element/f.A871513E4156B49FEA6A1325266FBBC5.d.9AFDB622E98C610B7CE8B2E93A02940A.e.24779/clear - {}
RESULT: {}
COMMAND: POST /session/7d4ef5db813d7a6cede0ad9a34edc09c/element/f.A871513E4156B49FEA6A1325266FBBC5.d.9AFDB622E98C610B7CE8B2E93A02940A.e.24779/value - {"text":"632"}
COMMAND: GET /session/7d4ef5db813d7a6cede0ad9a34edc09c/screenshot - {}
RESULT: {"text":"632"}
COMMAND: GET /session/7d4ef5db813d7a6cede0ad9a34edc09c/screenshot - {}
RESULT: {}
RESULT: {}
COMMAND: POST /session/7d4ef5db813d7a6cede0ad9a34edc09c/element - {"using":"xpath","value":"//li[.//span[text()='632']]"}
RESULT: {"using":"xpath","value":"//li[.//span[text()='632']]"}
COMMAND: POST /session/7d4ef5db813d7a6cede0ad9a34edc09c/element/f.A871513E4156B49FEA6A1325266FBBC5.d.9AFDB622E98C610B7CE8B2E93A02940A.e.24797/click - {}
RESULT: {}
COMMAND: GET /session/7d4ef5db813d7a6cede0ad9a34edc09c/screenshot - {}
RESULT: {}
COMMAND: POST /session/7d4ef5db813d7a6cede0ad9a34edc09c/execute/async - {"script":"<script> [1562 bytes]","args":[{"selector":{"id":"application-managehandovers-display-component---AddNewHO--ObjectPageLayout-anchBar-application-managehandovers-display-component---AddNewHO--section4-anchor","interaction":{"idSuffix":"BDI-content"}},"wdio_ui5_key":"applicationmanagehandovers-display-component---AddNewHO--ObjectPageLayout-anchBar-application-managehandovers-display-component---AddNewHO--section4-anchor"}]}
RESULT: {"script":"<script> [1562 bytes]","args":[{"selector":{"id":"application-managehandovers-display-component---AddNewHO--ObjectPageLayout-anchBar-application-managehandovers-display-component---AddNewHO--section4-anchor","interaction":{"idSuffix":"BDI-content"}},"wdio_ui5_key":"applicationmanagehandovers-display-component---AddNewHO--ObjectPageLayout-anchBar-application-managehandovers-display-component---AddNewHO--section4-anchor"}]}
RESULT: undefined
COMMAND: POST /session/7d4ef5db813d7a6cede0ad9a34edc09c/element - {"using":"xpath","value":"//*[@id=\"application-managehandovers-display-component---AddNewHO--ObjectPageLayout-anchBar-application-managehandovers-display-component---AddNewHO--section4-anchor\"]"}
RESULT: {"using":"xpath","value":"//*[@id=\"application-managehandovers-display-component---AddNewHO--ObjectPageLayout-anchBar-application-managehandovers-display-component---AddNewHO--section4-anchor\"]"}
COMMAND: POST /session/7d4ef5db813d7a6cede0ad9a34edc09c/element/f.A871513E4156B49FEA6A1325266FBBC5.d.9AFDB622E98C610B7CE8B2E93A02940A.e.24799/click - {}
RESULT: {}
COMMAND: POST /session/7d4ef5db813d7a6cede0ad9a34edc09c/element - {"using":"xpath","value":"//button[@aria-label=\"Add\"]"}
COMMAND: GET /session/7d4ef5db813d7a6cede0ad9a34edc09c/screenshot - {}
RESULT: {"using":"xpath","value":"//button[@aria-label=\"Add\"]"}
COMMAND: POST /session/7d4ef5db813d7a6cede0ad9a34edc09c/element/f.A871513E4156B49FEA6A1325266FBBC5.d.9AFDB622E98C610B7CE8B2E93A02940A.e.24801/click - {}
RESULT: {}
RESULT: {}
COMMAND: GET /session/7d4ef5db813d7a6cede0ad9a34edc09c/screenshot - {}
RESULT: {}
COMMAND: POST /session/7d4ef5db813d7a6cede0ad9a34edc09c/execute/async - {"script":"<script> [1562 bytes]","args":[{"selector":{"id":"application-managehandovers-display-component---AddNewHO--smartFilterBar-btnBasicSearch","searchOpenDialogs":true,"interaction":{"idSuffix":"I"}},"wdio_ui5_key":"applicationmanagehandovers-display-component---AddNewHO--smartFilterBar-btnBasicSearch"}]}
RESULT: {"script":"<script> [1562 bytes]","args":[{"selector":{"id":"application-managehandovers-display-component---AddNewHO--smartFilterBar-btnBasicSearch","searchOpenDialogs":true,"interaction":{"idSuffix":"I"}},"wdio_ui5_key":"applicationmanagehandovers-display-component---AddNewHO--smartFilterBar-btnBasicSearch"}]}
RESULT: undefined
COMMAND: POST /session/7d4ef5db813d7a6cede0ad9a34edc09c/execute/async - {"script":"<script> [776 bytes]","args":[{"enterText":"200388","selector":{"id":"application-managehandovers-display-component---AddNewHO--smartFilterBar-btnBasicSearch","searchOpenDialogs":true,"interaction":{"idSuffix":"I"}},"clearTextFirst":true,"interactionType":"ENTER_TEXT"}]}
RESULT: {"script":"<script> [776 bytes]","args":[{"enterText":"200388","selector":{"id":"application-managehandovers-display-component---AddNewHO--smartFilterBar-btnBasicSearch","searchOpenDialogs":true,"interaction":{"idSuffix":"I"}},"clearTextFirst":true,"interactionType":"ENTER_TEXT"}]}
COMMAND: POST /session/7d4ef5db813d7a6cede0ad9a34edc09c/actions - {"actions":[{"id":"action85","type":"key","parameters":{},"actions":[{"type":"keyDown","value":""},{"type":"pause","duration":10},{"type":"keyUp","value":""}]}]}
RESULT: {"actions":[{"id":"action85","type":"key","parameters":{},"actions":[{"type":"keyDown","value":""},{"type":"pause","duration":10},{"type":"keyUp","value":""}]}]}
COMMAND: GET /session/7d4ef5db813d7a6cede0ad9a34edc09c/screenshot - {}
RESULT: {}
COMMAND: POST /session/7d4ef5db813d7a6cede0ad9a34edc09c/execute/async - {"script":"<script> [1562 bytes]","args":[{"selector":{"id":"application-managehandovers-display-component---AddNewHO--popup-sa","searchOpenDialogs":true,"interaction":{"idSuffix":"CbBg"}},"wdio_ui5_key":"applicationmanagehandovers-display-component---AddNewHO--popup-sa"}]}
RESULT: {"script":"<script> [1562 bytes]","args":[{"selector":{"id":"application-managehandovers-display-component---AddNewHO--popup-sa","searchOpenDialogs":true,"interaction":{"idSuffix":"CbBg"}},"wdio_ui5_key":"applicationmanagehandovers-display-component---AddNewHO--popup-sa"}]}
RESULT: undefined
COMMAND: POST /session/7d4ef5db813d7a6cede0ad9a34edc09c/element - {"using":"xpath","value":"//*[@id=\"application-managehandovers-display-component---AddNewHO--popup-sa\"]"}
RESULT: {"using":"xpath","value":"//*[@id=\"application-managehandovers-display-component---AddNewHO--popup-sa\"]"}
COMMAND: POST /session/7d4ef5db813d7a6cede0ad9a34edc09c/element/f.A871513E4156B49FEA6A1325266FBBC5.d.9AFDB622E98C610B7CE8B2E93A02940A.e.24956/click - {}
RESULT: {}
COMMAND: GET /session/7d4ef5db813d7a6cede0ad9a34edc09c/screenshot - {}
RESULT: {}
COMMAND: POST /session/7d4ef5db813d7a6cede0ad9a34edc09c/element - {"using":"xpath","value":"//bdi[contains(text(), \"Select\")]"}
RESULT: {"using":"xpath","value":"//bdi[contains(text(), \"Select\")]"}
COMMAND: POST /session/7d4ef5db813d7a6cede0ad9a34edc09c/element/f.A871513E4156B49FEA6A1325266FBBC5.d.9AFDB622E98C610B7CE8B2E93A02940A.e.24957/click - {}
RESULT: {}
COMMAND: GET /session/7d4ef5db813d7a6cede0ad9a34edc09c/screenshot - {}
RESULT: {}
COMMAND: POST /session/7d4ef5db813d7a6cede0ad9a34edc09c/element - {"using":"xpath","value":"//button[@data-kt=\"AddNewHOSaveButton\"]"}
RESULT: {"using":"xpath","value":"//button[@data-kt=\"AddNewHOSaveButton\"]"}
COMMAND: POST /session/7d4ef5db813d7a6cede0ad9a34edc09c/element/f.A871513E4156B49FEA6A1325266FBBC5.d.9AFDB622E98C610B7CE8B2E93A02940A.e.24961/click - {}
RESULT: {}
COMMAND: GET /session/7d4ef5db813d7a6cede0ad9a34edc09c/screenshot - {}
RESULT: {}
COMMAND: POST /session/7d4ef5db813d7a6cede0ad9a34edc09c/execute/async - {"script":"<script> [1562 bytes]","args":[{"selector":{"id":"receiptDatePicker","viewName":"etm.portal.ui.managehandovers.view.DetailExecuteHO","interaction":{"idSuffix":"inner"}},"wdio_ui5_key":"receiptDatePickeretmportal.ui.managehandovers.view.DetailExecuteHO"}]}
RESULT: {"script":"<script> [1562 bytes]","args":[{"selector":{"id":"receiptDatePicker","viewName":"etm.portal.ui.managehandovers.view.DetailExecuteHO","interaction":{"idSuffix":"inner"}},"wdio_ui5_key":"receiptDatePickeretmportal.ui.managehandovers.view.DetailExecuteHO"}]}
RESULT: undefined
COMMAND: POST /session/7d4ef5db813d7a6cede0ad9a34edc09c/execute/async - {"script":"<script> [6424 bytes]","args":[{"element-6066-11e4-a52e-4f735466cecf":"f.A871513E4156B49FEA6A1325266FBBC5.d.9AFDB622E98C610B7CE8B2E93A02940A.e.24980"},"setValue",["5/21/25"]]}
RESULT: {"script":"<script> [6424 bytes]","args":[{"element-6066-11e4-a52e-4f735466cecf":"f.A871513E4156B49FEA6A1325266FBBC5.d.9AFDB622E98C610B7CE8B2E93A02940A.e.24980"},"setValue",["5/21/25"]]}
COMMAND: POST /session/7d4ef5db813d7a6cede0ad9a34edc09c/element - {"using":"xpath","value":"//button[@data-kt=\"PickingTableConfirmAllButton\"]"}
RESULT: {"using":"xpath","value":"//button[@data-kt=\"PickingTableConfirmAllButton\"]"}
COMMAND: POST /session/7d4ef5db813d7a6cede0ad9a34edc09c/element/f.A871513E4156B49FEA6A1325266FBBC5.d.9AFDB622E98C610B7CE8B2E93A02940A.e.24997/click - {}
RESULT: {}
COMMAND: GET /session/7d4ef5db813d7a6cede0ad9a34edc09c/screenshot - {}
RESULT: {}
COMMAND: POST /session/7d4ef5db813d7a6cede0ad9a34edc09c/element - {"using":"xpath","value":"//bdi[contains(text(), \"OK\")]"}
RESULT: {"using":"xpath","value":"//bdi[contains(text(), \"OK\")]"}
COMMAND: POST /session/7d4ef5db813d7a6cede0ad9a34edc09c/element/f.A871513E4156B49FEA6A1325266FBBC5.d.9AFDB622E98C610B7CE8B2E93A02940A.e.24999/click - {}
RESULT: {}
COMMAND: GET /session/7d4ef5db813d7a6cede0ad9a34edc09c/screenshot - {}
RESULT: {}
COMMAND: POST /session/7d4ef5db813d7a6cede0ad9a34edc09c/element - {"using":"xpath","value":"(//bdi[contains(text(), \"Receive\")])[2]"}
RESULT: {"using":"xpath","value":"(//bdi[contains(text(), \"Receive\")])[2]"}
COMMAND: POST /session/7d4ef5db813d7a6cede0ad9a34edc09c/element/f.A871513E4156B49FEA6A1325266FBBC5.d.9AFDB622E98C610B7CE8B2E93A02940A.e.25001/click - {}
RESULT: {}
COMMAND: GET /session/7d4ef5db813d7a6cede0ad9a34edc09c/screenshot - {}
RESULT: {}
COMMAND: POST /session/7d4ef5db813d7a6cede0ad9a34edc09c/element - {"using":"css selector","value":"#shell-header-logo"}
RESULT: {"using":"css selector","value":"#shell-header-logo"}
COMMAND: POST /session/7d4ef5db813d7a6cede0ad9a34edc09c/element/f.A871513E4156B49FEA6A1325266FBBC5.d.9AFDB622E98C610B7CE8B2E93A02940A.e.24375/click - {}
RESULT: {}
COMMAND: GET /session/7d4ef5db813d7a6cede0ad9a34edc09c/screenshot - {}
RESULT: {}
]]></system-out>
    </testcase>
    <testcase classname="chrome.136_0_7103_93.windows.Create_masterdata_for_Yard_Overview_-_trigger_provide_US130988" name="Set status to defect" time="59.126">
      <system-out><![CDATA[
COMMAND: POST /session/7d4ef5db813d7a6cede0ad9a34edc09c/execute/async - {"script":"<script> [1562 bytes]","args":[{"selector":{"controlType":"sap.m.GenericTile","properties":{"header":"Manage States & Performance"}},"wdio_ui5_key":"sapm.GenericTile{\"header\":\"Manage States & Performance\"}"}]}
RESULT: {"script":"<script> [1562 bytes]","args":[{"selector":{"controlType":"sap.m.GenericTile","properties":{"header":"Manage States & Performance"}},"wdio_ui5_key":"sapm.GenericTile{\"header\":\"Manage States & Performance\"}"}]}
RESULT: undefined
COMMAND: POST /session/7d4ef5db813d7a6cede0ad9a34edc09c/element - {"using":"xpath","value":"//*[@id=\"__tile96\"]"}
RESULT: {"using":"xpath","value":"//*[@id=\"__tile96\"]"}
COMMAND: POST /session/7d4ef5db813d7a6cede0ad9a34edc09c/element/f.A871513E4156B49FEA6A1325266FBBC5.d.9AFDB622E98C610B7CE8B2E93A02940A.e.23469/click - {}
RESULT: {}
COMMAND: GET /session/7d4ef5db813d7a6cede0ad9a34edc09c/screenshot - {}
RESULT: {}
COMMAND: POST /session/7d4ef5db813d7a6cede0ad9a34edc09c/elements - {"using":"xpath","value":"//span[text()='Error']"}
RESULT: {"using":"xpath","value":"//span[text()='Error']"}
COMMAND: POST /session/7d4ef5db813d7a6cede0ad9a34edc09c/execute/async - {"script":"<script> [1562 bytes]","args":[{"selector":{"controlType":"sap.ui.core.Icon","viewName":"etm.portal.ui.managestatesandperformance.view.Master","viewId":"application-managestatesandperformance-display-component---stateAndPerform","properties":{"src":{"regex":{"source":"inventory"}}}},"wdio_ui5_key":"etmportal.ui.managestatesandperformance.view.Mastersap.ui.core.Icon{\"src\":{\"regex\":{\"source\":\"inventory\"}}}"}]}
RESULT: {"script":"<script> [1562 bytes]","args":[{"selector":{"controlType":"sap.ui.core.Icon","viewName":"etm.portal.ui.managestatesandperformance.view.Master","viewId":"application-managestatesandperformance-display-component---stateAndPerform","properties":{"src":{"regex":{"source":"inventory"}}}},"wdio_ui5_key":"etmportal.ui.managestatesandperformance.view.Mastersap.ui.core.Icon{\"src\":{\"regex\":{\"source\":\"inventory\"}}}"}]}
RESULT: undefined
COMMAND: POST /session/7d4ef5db813d7a6cede0ad9a34edc09c/element - {"using":"xpath","value":"//*[@id=\"__filter57-icon\"]"}
RESULT: {"using":"xpath","value":"//*[@id=\"__filter57-icon\"]"}
COMMAND: POST /session/7d4ef5db813d7a6cede0ad9a34edc09c/element/f.A871513E4156B49FEA6A1325266FBBC5.d.9AFDB622E98C610B7CE8B2E93A02940A.e.25395/click - {}
RESULT: {}
COMMAND: POST /session/7d4ef5db813d7a6cede0ad9a34edc09c/execute/async - {"script":"<script> [1562 bytes]","args":[{"selector":{"id":"application-managestatesandperformance-display-component---stateAndPerform--smartFilterBarYard-btnBasicSearch","interaction":{"idSuffix":"I"}},"wdio_ui5_key":"applicationmanagestatesandperformance-display-component---stateAndPerform--smartFilterBarYard-btnBasicSearch"}]}
COMMAND: GET /session/7d4ef5db813d7a6cede0ad9a34edc09c/screenshot - {}
RESULT: {"script":"<script> [1562 bytes]","args":[{"selector":{"id":"application-managestatesandperformance-display-component---stateAndPerform--smartFilterBarYard-btnBasicSearch","interaction":{"idSuffix":"I"}},"wdio_ui5_key":"applicationmanagestatesandperformance-display-component---stateAndPerform--smartFilterBarYard-btnBasicSearch"}]}
RESULT: undefined
COMMAND: POST /session/7d4ef5db813d7a6cede0ad9a34edc09c/execute/async - {"script":"<script> [776 bytes]","args":[{"enterText":"200388","selector":{"id":"application-managestatesandperformance-display-component---stateAndPerform--smartFilterBarYard-btnBasicSearch","interaction":{"idSuffix":"I"}},"clearTextFirst":true,"interactionType":"ENTER_TEXT"}]}
RESULT: {}
RESULT: {"script":"<script> [776 bytes]","args":[{"enterText":"200388","selector":{"id":"application-managestatesandperformance-display-component---stateAndPerform--smartFilterBarYard-btnBasicSearch","interaction":{"idSuffix":"I"}},"clearTextFirst":true,"interactionType":"ENTER_TEXT"}]}
COMMAND: POST /session/7d4ef5db813d7a6cede0ad9a34edc09c/actions - {"actions":[{"id":"action86","type":"key","parameters":{},"actions":[{"type":"keyDown","value":""},{"type":"pause","duration":10},{"type":"keyUp","value":""}]}]}
RESULT: {"actions":[{"id":"action86","type":"key","parameters":{},"actions":[{"type":"keyDown","value":""},{"type":"pause","duration":10},{"type":"keyUp","value":""}]}]}
COMMAND: GET /session/7d4ef5db813d7a6cede0ad9a34edc09c/screenshot - {}
RESULT: {}
COMMAND: POST /session/7d4ef5db813d7a6cede0ad9a34edc09c/element - {"using":"xpath","value":"(//span[contains(@id, \"imgNav\")])[1]"}
RESULT: {"using":"xpath","value":"(//span[contains(@id, \"imgNav\")])[1]"}
COMMAND: POST /session/7d4ef5db813d7a6cede0ad9a34edc09c/element/f.A871513E4156B49FEA6A1325266FBBC5.d.9AFDB622E98C610B7CE8B2E93A02940A.e.25474/click - {}
RESULT: {}
COMMAND: GET /session/7d4ef5db813d7a6cede0ad9a34edc09c/screenshot - {}
RESULT: {}
COMMAND: POST /session/7d4ef5db813d7a6cede0ad9a34edc09c/execute/async - {"script":"<script> [1562 bytes]","args":[{"selector":{"controlType":"sap.m.Button","viewName":"etm.portal.ui.managestatesandperformance.view.Detail","viewId":"application-managestatesandperformance-display-component---detailStateAndPerform","i18NText":{"propertyName":"text","key":"createStateChange"},"interaction":{"idSuffix":"content"}},"wdio_ui5_key":"etmportal.ui.managestatesandperformance.view.Detailsap.m.Button{\"propertyName\":\"text\",\"key\":\"createStateChange\"}"}]}
RESULT: {"script":"<script> [1562 bytes]","args":[{"selector":{"controlType":"sap.m.Button","viewName":"etm.portal.ui.managestatesandperformance.view.Detail","viewId":"application-managestatesandperformance-display-component---detailStateAndPerform","i18NText":{"propertyName":"text","key":"createStateChange"},"interaction":{"idSuffix":"content"}},"wdio_ui5_key":"etmportal.ui.managestatesandperformance.view.Detailsap.m.Button{\"propertyName\":\"text\",\"key\":\"createStateChange\"}"}]}
RESULT: undefined
COMMAND: POST /session/7d4ef5db813d7a6cede0ad9a34edc09c/element - {"using":"xpath","value":"//*[@id=\"__button163\"]"}
RESULT: {"using":"xpath","value":"//*[@id=\"__button163\"]"}
COMMAND: POST /session/7d4ef5db813d7a6cede0ad9a34edc09c/element/f.A871513E4156B49FEA6A1325266FBBC5.d.9AFDB622E98C610B7CE8B2E93A02940A.e.25519/click - {}
RESULT: {}
COMMAND: GET /session/7d4ef5db813d7a6cede0ad9a34edc09c/screenshot - {}
RESULT: {}
COMMAND: POST /session/7d4ef5db813d7a6cede0ad9a34edc09c/execute/async - {"script":"<script> [1562 bytes]","args":[{"selector":{"id":"addStateDialog--stateSelect","searchOpenDialogs":true,"interaction":{"idSuffix":"arrow"}},"wdio_ui5_key":"addStateDialogstateSelect"}]}
RESULT: {"script":"<script> [1562 bytes]","args":[{"selector":{"id":"addStateDialog--stateSelect","searchOpenDialogs":true,"interaction":{"idSuffix":"arrow"}},"wdio_ui5_key":"addStateDialogstateSelect"}]}
RESULT: undefined
COMMAND: POST /session/7d4ef5db813d7a6cede0ad9a34edc09c/element - {"using":"xpath","value":"//*[@id=\"addStateDialog--stateSelect\"]"}
RESULT: {"using":"xpath","value":"//*[@id=\"addStateDialog--stateSelect\"]"}
COMMAND: POST /session/7d4ef5db813d7a6cede0ad9a34edc09c/element/f.A871513E4156B49FEA6A1325266FBBC5.d.9AFDB622E98C610B7CE8B2E93A02940A.e.25544/click - {}
RESULT: {}
COMMAND: GET /session/7d4ef5db813d7a6cede0ad9a34edc09c/screenshot - {}
RESULT: {}
COMMAND: POST /session/7d4ef5db813d7a6cede0ad9a34edc09c/element - {"using":"xpath","value":"//li[text()=\"defect\"]"}
RESULT: {"using":"xpath","value":"//li[text()=\"defect\"]"}
COMMAND: POST /session/7d4ef5db813d7a6cede0ad9a34edc09c/element/f.A871513E4156B49FEA6A1325266FBBC5.d.9AFDB622E98C610B7CE8B2E93A02940A.e.25546/click - {}
RESULT: {}
COMMAND: GET /session/7d4ef5db813d7a6cede0ad9a34edc09c/screenshot - {}
RESULT: {}
COMMAND: POST /session/7d4ef5db813d7a6cede0ad9a34edc09c/element - {"using":"xpath","value":"//span[contains(@id,\"incrementBtn\")]"}
RESULT: {"using":"xpath","value":"//span[contains(@id,\"incrementBtn\")]"}
COMMAND: POST /session/7d4ef5db813d7a6cede0ad9a34edc09c/element/f.A871513E4156B49FEA6A1325266FBBC5.d.9AFDB622E98C610B7CE8B2E93A02940A.e.25548/click - {}
RESULT: {}
COMMAND: GET /session/7d4ef5db813d7a6cede0ad9a34edc09c/screenshot - {}
RESULT: {}
COMMAND: POST /session/7d4ef5db813d7a6cede0ad9a34edc09c/element - {"using":"xpath","value":"//button[@data-kt=\"confirmAddStateButton\"]"}
RESULT: {"using":"xpath","value":"//button[@data-kt=\"confirmAddStateButton\"]"}
COMMAND: POST /session/7d4ef5db813d7a6cede0ad9a34edc09c/element/f.A871513E4156B49FEA6A1325266FBBC5.d.9AFDB622E98C610B7CE8B2E93A02940A.e.25549/click - {}
RESULT: {}
COMMAND: GET /session/7d4ef5db813d7a6cede0ad9a34edc09c/screenshot - {}
RESULT: {}
COMMAND: POST /session/7d4ef5db813d7a6cede0ad9a34edc09c/element - {"using":"css selector","value":"#shell-header-logo"}
RESULT: {"using":"css selector","value":"#shell-header-logo"}
COMMAND: POST /session/7d4ef5db813d7a6cede0ad9a34edc09c/element/f.A871513E4156B49FEA6A1325266FBBC5.d.9AFDB622E98C610B7CE8B2E93A02940A.e.25175/click - {}
RESULT: {}
COMMAND: GET /session/7d4ef5db813d7a6cede0ad9a34edc09c/screenshot - {}
RESULT: {}
]]></system-out>
    </testcase>
    <testcase classname="chrome.136_0_7103_93.windows.Create_masterdata_for_Yard_Overview_-_trigger_provide_US130988" name="Should do a Stock Decrease" time="100.994">
      <system-out><![CDATA[
RESULT: undefined
COMMAND: POST /session/7d4ef5db813d7a6cede0ad9a34edc09c/element - {"using":"xpath","value":"//*[@id=\"__tile133\"]"}
RESULT: {"using":"xpath","value":"//*[@id=\"__tile133\"]"}
COMMAND: POST /session/7d4ef5db813d7a6cede0ad9a34edc09c/element/f.A871513E4156B49FEA6A1325266FBBC5.d.9AFDB622E98C610B7CE8B2E93A02940A.e.23424/click - {}
RESULT: {}
COMMAND: GET /session/7d4ef5db813d7a6cede0ad9a34edc09c/screenshot - {}
RESULT: {}
COMMAND: POST /session/7d4ef5db813d7a6cede0ad9a34edc09c/elements - {"using":"xpath","value":"//span[text()='Error']"}
RESULT: {"using":"xpath","value":"//span[text()='Error']"}
COMMAND: POST /session/7d4ef5db813d7a6cede0ad9a34edc09c/element - {"using":"xpath","value":"//button[@data-kt=\"masterHOAddButton\"]"}
RESULT: {"using":"xpath","value":"//button[@data-kt=\"masterHOAddButton\"]"}
COMMAND: POST /session/7d4ef5db813d7a6cede0ad9a34edc09c/elements - {"using":"xpath","value":"//button[@data-kt=\"masterHOAddButton\"]"}
RESULT: {"using":"xpath","value":"//button[@data-kt=\"masterHOAddButton\"]"}
COMMAND: POST /session/7d4ef5db813d7a6cede0ad9a34edc09c/execute/sync - {"script":"<script> [8489 bytes]","args":[{"element-6066-11e4-a52e-4f735466cecf":"f.A871513E4156B49FEA6A1325266FBBC5.d.9AFDB622E98C610B7CE8B2E93A02940A.e.25604","ELEMENT":"f.A871513E4156B49FEA6A1325266FBBC5.d.9AFDB622E98C610B7CE8B2E93A02940A.e.25604"}]}
RESULT: {"script":"<script> [8489 bytes]","args":[{"element-6066-11e4-a52e-4f735466cecf":"f.A871513E4156B49FEA6A1325266FBBC5.d.9AFDB622E98C610B7CE8B2E93A02940A.e.25604","ELEMENT":"f.A871513E4156B49FEA6A1325266FBBC5.d.9AFDB622E98C610B7CE8B2E93A02940A.e.25604"}]}
COMMAND: GET /session/7d4ef5db813d7a6cede0ad9a34edc09c/element/f.A871513E4156B49FEA6A1325266FBBC5.d.9AFDB622E98C610B7CE8B2E93A02940A.e.25604/enabled - {}
COMMAND: GET /session/7d4ef5db813d7a6cede0ad9a34edc09c/screenshot - {}
RESULT: {}
COMMAND: POST /session/7d4ef5db813d7a6cede0ad9a34edc09c/execute/sync - {"script":"<script> [8489 bytes]","args":[{"element-6066-11e4-a52e-4f735466cecf":"f.A871513E4156B49FEA6A1325266FBBC5.d.9AFDB622E98C610B7CE8B2E93A02940A.e.25604","ELEMENT":"f.A871513E4156B49FEA6A1325266FBBC5.d.9AFDB622E98C610B7CE8B2E93A02940A.e.25604"}]}
COMMAND: GET /session/7d4ef5db813d7a6cede0ad9a34edc09c/screenshot - {}
RESULT: {}
RESULT: {"script":"<script> [8489 bytes]","args":[{"element-6066-11e4-a52e-4f735466cecf":"f.A871513E4156B49FEA6A1325266FBBC5.d.9AFDB622E98C610B7CE8B2E93A02940A.e.25604","ELEMENT":"f.A871513E4156B49FEA6A1325266FBBC5.d.9AFDB622E98C610B7CE8B2E93A02940A.e.25604"}]}
COMMAND: POST /session/7d4ef5db813d7a6cede0ad9a34edc09c/execute/sync - {"script":"<script> [5351 bytes]","args":[{"element-6066-11e4-a52e-4f735466cecf":"f.A871513E4156B49FEA6A1325266FBBC5.d.9AFDB622E98C610B7CE8B2E93A02940A.e.25604","ELEMENT":"f.A871513E4156B49FEA6A1325266FBBC5.d.9AFDB622E98C610B7CE8B2E93A02940A.e.25604"}]}
COMMAND: GET /session/7d4ef5db813d7a6cede0ad9a34edc09c/screenshot - {}
RESULT: {}
RESULT: {"script":"<script> [5351 bytes]","args":[{"element-6066-11e4-a52e-4f735466cecf":"f.A871513E4156B49FEA6A1325266FBBC5.d.9AFDB622E98C610B7CE8B2E93A02940A.e.25604","ELEMENT":"f.A871513E4156B49FEA6A1325266FBBC5.d.9AFDB622E98C610B7CE8B2E93A02940A.e.25604"}]}
COMMAND: POST /session/7d4ef5db813d7a6cede0ad9a34edc09c/element/f.A871513E4156B49FEA6A1325266FBBC5.d.9AFDB622E98C610B7CE8B2E93A02940A.e.25604/click - {}
COMMAND: GET /session/7d4ef5db813d7a6cede0ad9a34edc09c/screenshot - {}
RESULT: {}
RESULT: {}
COMMAND: GET /session/7d4ef5db813d7a6cede0ad9a34edc09c/screenshot - {}
COMMAND: POST /session/7d4ef5db813d7a6cede0ad9a34edc09c/element - {"using":"xpath","value":"//span[contains(@id ,\"AddNewHO--typeSelect-arrow\")]"}
RESULT: {}
RESULT: {}
RESULT: {"using":"xpath","value":"//span[contains(@id ,\"AddNewHO--typeSelect-arrow\")]"}
COMMAND: POST /session/7d4ef5db813d7a6cede0ad9a34edc09c/element/f.A871513E4156B49FEA6A1325266FBBC5.d.9AFDB622E98C610B7CE8B2E93A02940A.e.26010/click - {}
RESULT: {}
COMMAND: GET /session/7d4ef5db813d7a6cede0ad9a34edc09c/screenshot - {}
RESULT: {}
COMMAND: POST /session/7d4ef5db813d7a6cede0ad9a34edc09c/element - {"using":"xpath","value":"(//li[contains(text(), \"stock decrease yard\")])[1]"}
RESULT: {"using":"xpath","value":"(//li[contains(text(), \"stock decrease yard\")])[1]"}
COMMAND: POST /session/7d4ef5db813d7a6cede0ad9a34edc09c/element/f.A871513E4156B49FEA6A1325266FBBC5.d.9AFDB622E98C610B7CE8B2E93A02940A.e.26011/click - {}
RESULT: {}
COMMAND: GET /session/7d4ef5db813d7a6cede0ad9a34edc09c/screenshot - {}
RESULT: {}
RESULT: undefined
COMMAND: POST /session/7d4ef5db813d7a6cede0ad9a34edc09c/execute/async - {"script":"<script> [6424 bytes]","args":[{"element-6066-11e4-a52e-4f735466cecf":"f.A871513E4156B49FEA6A1325266FBBC5.d.9AFDB622E98C610B7CE8B2E93A02940A.e.24775"},"setValue",["5/21/25"]]}
COMMAND: POST /session/7d4ef5db813d7a6cede0ad9a34edc09c/execute/async - {"script":"<script> [1562 bytes]","args":[{"selector":{"id":"application-managehandovers-display-component---AddNewHO--dueDate","interaction":{"idSuffix":"inner"}},"wdio_ui5_key":"applicationmanagehandovers-display-component---AddNewHO--dueDate"}]}
RESULT: {"script":"<script> [1562 bytes]","args":[{"selector":{"id":"application-managehandovers-display-component---AddNewHO--dueDate","interaction":{"idSuffix":"inner"}},"wdio_ui5_key":"applicationmanagehandovers-display-component---AddNewHO--dueDate"}]}
COMMAND: POST /session/7d4ef5db813d7a6cede0ad9a34edc09c/execute/async - {"script":"<script> [6424 bytes]","args":[{"element-6066-11e4-a52e-4f735466cecf":"f.A871513E4156B49FEA6A1325266FBBC5.d.9AFDB622E98C610B7CE8B2E93A02940A.e.26025"},"setValue",["5/21/25"]]}
RESULT: {"script":"<script> [6424 bytes]","args":[{"element-6066-11e4-a52e-4f735466cecf":"f.A871513E4156B49FEA6A1325266FBBC5.d.9AFDB622E98C610B7CE8B2E93A02940A.e.26025"},"setValue",["5/21/25"]]}
COMMAND: POST /session/7d4ef5db813d7a6cede0ad9a34edc09c/element - {"using":"xpath","value":"//input[@id=\"generalSectionFrg--sendYard-inner\"]"}
RESULT: {"using":"xpath","value":"//input[@id=\"generalSectionFrg--sendYard-inner\"]"}
COMMAND: POST /session/7d4ef5db813d7a6cede0ad9a34edc09c/element/f.A871513E4156B49FEA6A1325266FBBC5.d.9AFDB622E98C610B7CE8B2E93A02940A.e.26029/clear - {}
RESULT: {}
COMMAND: POST /session/7d4ef5db813d7a6cede0ad9a34edc09c/element/f.A871513E4156B49FEA6A1325266FBBC5.d.9AFDB622E98C610B7CE8B2E93A02940A.e.26029/value - {"text":"632"}
COMMAND: GET /session/7d4ef5db813d7a6cede0ad9a34edc09c/screenshot - {}
RESULT: {"text":"632"}
COMMAND: GET /session/7d4ef5db813d7a6cede0ad9a34edc09c/screenshot - {}
RESULT: {}
RESULT: {}
COMMAND: POST /session/7d4ef5db813d7a6cede0ad9a34edc09c/element - {"using":"xpath","value":"//li[.//span[text()='632']]"}
RESULT: {"using":"xpath","value":"//li[.//span[text()='632']]"}
COMMAND: POST /session/7d4ef5db813d7a6cede0ad9a34edc09c/element/f.A871513E4156B49FEA6A1325266FBBC5.d.9AFDB622E98C610B7CE8B2E93A02940A.e.26047/click - {}
RESULT: {}
COMMAND: GET /session/7d4ef5db813d7a6cede0ad9a34edc09c/screenshot - {}
RESULT: {}
COMMAND: POST /session/7d4ef5db813d7a6cede0ad9a34edc09c/execute/async - {"script":"<script> [1562 bytes]","args":[{"selector":{"controlType":"sap.ui.core.Icon","viewName":"etm.portal.ui.managehandovers.view.AddNewHO","viewId":"application-managehandovers-display-component---AddNewHO","properties":{"src":{"regex":{"source":"slim\\-arrow\\-down"}}},"ancestor":{"controlType":"etm.portal.ui.reusables.customControls.LiveSearchComboBox","viewName":"etm.portal.ui.managehandovers.view.AddNewHO","viewId":"application-managehandovers-display-component---AddNewHO","bindingPath":{"path":"","propertyPath":"/FORWARDER","modelName":"hoItemsModel"}}},"wdio_ui5_key":"etmportal.ui.managehandovers.view.AddNewHOsap.ui.core.Icon{\"src\":{\"regex\":{\"source\":\"slim\\\\-arrow\\\\-down\"}}}{\"controlType\":\"etm.portal.ui.reusables.customControls.LiveSearchComboBox\",\"viewName\":\"etm.portal.ui.managehandovers.view.AddNewHO\",\"viewId\":\"application-managehandovers-display-component---AddNewHO\",\"bindingPath\":{\"path\":\"\",\"propertyPath\":\"/FORWARDER\",\"modelName\":\"hoItemsModel\"}}"}]}
RESULT: {"script":"<script> [1562 bytes]","args":[{"selector":{"controlType":"sap.ui.core.Icon","viewName":"etm.portal.ui.managehandovers.view.AddNewHO","viewId":"application-managehandovers-display-component---AddNewHO","properties":{"src":{"regex":{"source":"slim\\-arrow\\-down"}}},"ancestor":{"controlType":"etm.portal.ui.reusables.customControls.LiveSearchComboBox","viewName":"etm.portal.ui.managehandovers.view.AddNewHO","viewId":"application-managehandovers-display-component---AddNewHO","bindingPath":{"path":"","propertyPath":"/FORWARDER","modelName":"hoItemsModel"}}},"wdio_ui5_key":"etmportal.ui.managehandovers.view.AddNewHOsap.ui.core.Icon{\"src\":{\"regex\":{\"source\":\"slim\\\\-arrow\\\\-down\"}}}{\"controlType\":\"etm.portal.ui.reusables.customControls.LiveSearchComboBox\",\"viewName\":\"etm.portal.ui.managehandovers.view.AddNewHO\",\"viewId\":\"application-managehandovers-display-component---AddNewHO\",\"bindingPath\":{\"path\":\"\",\"propertyPath\":\"/FORWARDER\",\"modelName\":\"hoItemsModel\"}}"}]}
RESULT: undefined
COMMAND: POST /session/7d4ef5db813d7a6cede0ad9a34edc09c/element - {"using":"xpath","value":"//*[@id=\"__box41-arrow\"]"}
RESULT: {"using":"xpath","value":"//*[@id=\"__box41-arrow\"]"}
COMMAND: POST /session/7d4ef5db813d7a6cede0ad9a34edc09c/element/f.A871513E4156B49FEA6A1325266FBBC5.d.9AFDB622E98C610B7CE8B2E93A02940A.e.26048/click - {}
RESULT: {}
COMMAND: GET /session/7d4ef5db813d7a6cede0ad9a34edc09c/screenshot - {}
RESULT: {}
COMMAND: POST /session/7d4ef5db813d7a6cede0ad9a34edc09c/execute/async - {"script":"<script> [1562 bytes]","args":[{"selector":{"controlType":"sap.m.StandardListItem","viewName":"etm.portal.ui.managehandovers.view.AddNewHO","viewId":"application-managehandovers-display-component---AddNewHO","properties":{"title":"1002 - Test "},"searchOpenDialogs":true,"interaction":{"idSuffix":"content"}},"wdio_ui5_key":"etmportal.ui.managehandovers.view.AddNewHOsap.m.StandardListItem{\"title\":\"1002 - Test \"}"}]}
RESULT: {"script":"<script> [1562 bytes]","args":[{"selector":{"controlType":"sap.m.StandardListItem","viewName":"etm.portal.ui.managehandovers.view.AddNewHO","viewId":"application-managehandovers-display-component---AddNewHO","properties":{"title":"1002 - Test "},"searchOpenDialogs":true,"interaction":{"idSuffix":"content"}},"wdio_ui5_key":"etmportal.ui.managehandovers.view.AddNewHOsap.m.StandardListItem{\"title\":\"1002 - Test \"}"}]}
RESULT: undefined
COMMAND: POST /session/7d4ef5db813d7a6cede0ad9a34edc09c/element - {"using":"xpath","value":"//*[@id=\"__item1278\"]"}
RESULT: {"using":"xpath","value":"//*[@id=\"__item1278\"]"}
COMMAND: POST /session/7d4ef5db813d7a6cede0ad9a34edc09c/element/f.A871513E4156B49FEA6A1325266FBBC5.d.9AFDB622E98C610B7CE8B2E93A02940A.e.26051/click - {}
RESULT: {}
COMMAND: GET /session/7d4ef5db813d7a6cede0ad9a34edc09c/screenshot - {}
RESULT: {}
COMMAND: POST /session/7d4ef5db813d7a6cede0ad9a34edc09c/execute/async - {"script":"<script> [1562 bytes]","args":[{"selector":{"controlType":"sap.m.Input","viewName":"etm.portal.ui.managehandovers.view.AddNewHO","viewId":"application-managehandovers-display-component---AddNewHO","bindingPath":{"path":"","propertyPath":"/DRIVER","modelName":"hoItemsModel"},"interaction":{"idSuffix":"inner"}},"wdio_ui5_key":"etmportal.ui.managehandovers.view.AddNewHOsap.m.Input{\"path\":\"\",\"propertyPath\":\"/DRIVER\",\"modelName\":\"hoItemsModel\"}"}]}
RESULT: {"script":"<script> [1562 bytes]","args":[{"selector":{"controlType":"sap.m.Input","viewName":"etm.portal.ui.managehandovers.view.AddNewHO","viewId":"application-managehandovers-display-component---AddNewHO","bindingPath":{"path":"","propertyPath":"/DRIVER","modelName":"hoItemsModel"},"interaction":{"idSuffix":"inner"}},"wdio_ui5_key":"etmportal.ui.managehandovers.view.AddNewHOsap.m.Input{\"path\":\"\",\"propertyPath\":\"/DRIVER\",\"modelName\":\"hoItemsModel\"}"}]}
RESULT: undefined
COMMAND: POST /session/7d4ef5db813d7a6cede0ad9a34edc09c/execute/async - {"script":"<script> [776 bytes]","args":[{"enterText":"StockDecrease Driver","selector":{"controlType":"sap.m.Input","viewName":"etm.portal.ui.managehandovers.view.AddNewHO","viewId":"application-managehandovers-display-component---AddNewHO","bindingPath":{"path":"","propertyPath":"/DRIVER","modelName":"hoItemsModel"},"interaction":{"idSuffix":"inner"}},"clearTextFirst":true,"interactionType":"ENTER_TEXT"}]}
RESULT: {"script":"<script> [776 bytes]","args":[{"enterText":"StockDecrease Driver","selector":{"controlType":"sap.m.Input","viewName":"etm.portal.ui.managehandovers.view.AddNewHO","viewId":"application-managehandovers-display-component---AddNewHO","bindingPath":{"path":"","propertyPath":"/DRIVER","modelName":"hoItemsModel"},"interaction":{"idSuffix":"inner"}},"clearTextFirst":true,"interactionType":"ENTER_TEXT"}]}
COMMAND: POST /session/7d4ef5db813d7a6cede0ad9a34edc09c/execute/async - {"script":"<script> [1562 bytes]","args":[{"selector":{"id":"application-managehandovers-display-component---AddNewHO--responsibleCB-arrow"},"wdio_ui5_key":"applicationmanagehandovers-display-component---AddNewHO--responsibleCB-arrow"}]}
RESULT: {"script":"<script> [1562 bytes]","args":[{"selector":{"id":"application-managehandovers-display-component---AddNewHO--responsibleCB-arrow"},"wdio_ui5_key":"applicationmanagehandovers-display-component---AddNewHO--responsibleCB-arrow"}]}
RESULT: undefined
COMMAND: POST /session/7d4ef5db813d7a6cede0ad9a34edc09c/element - {"using":"xpath","value":"//*[@id=\"application-managehandovers-display-component---AddNewHO--responsibleCB-arrow\"]"}
RESULT: {"using":"xpath","value":"//*[@id=\"application-managehandovers-display-component---AddNewHO--responsibleCB-arrow\"]"}
COMMAND: POST /session/7d4ef5db813d7a6cede0ad9a34edc09c/element/f.A871513E4156B49FEA6A1325266FBBC5.d.9AFDB622E98C610B7CE8B2E93A02940A.e.26053/click - {}
RESULT: {}
COMMAND: GET /session/7d4ef5db813d7a6cede0ad9a34edc09c/screenshot - {}
RESULT: {}
COMMAND: POST /session/7d4ef5db813d7a6cede0ad9a34edc09c/execute/async - {"script":"<script> [1562 bytes]","args":[{"selector":{"controlType":"sap.m.StandardListItem","viewName":"etm.portal.ui.managehandovers.view.AddNewHO","viewId":"application-managehandovers-display-component---AddNewHO","properties":{"title":"1 - Test unit Update "},"searchOpenDialogs":true},"wdio_ui5_key":"etmportal.ui.managehandovers.view.AddNewHOsap.m.StandardListItem{\"title\":\"1 - Test unit Update \"}"}]}
RESULT: {"script":"<script> [1562 bytes]","args":[{"selector":{"controlType":"sap.m.StandardListItem","viewName":"etm.portal.ui.managehandovers.view.AddNewHO","viewId":"application-managehandovers-display-component---AddNewHO","properties":{"title":"1 - Test unit Update "},"searchOpenDialogs":true},"wdio_ui5_key":"etmportal.ui.managehandovers.view.AddNewHOsap.m.StandardListItem{\"title\":\"1 - Test unit Update \"}"}]}
RESULT: undefined
COMMAND: POST /session/7d4ef5db813d7a6cede0ad9a34edc09c/element - {"using":"xpath","value":"//*[@id=\"__item1377\"]"}
RESULT: {"using":"xpath","value":"//*[@id=\"__item1377\"]"}
COMMAND: POST /session/7d4ef5db813d7a6cede0ad9a34edc09c/element/f.A871513E4156B49FEA6A1325266FBBC5.d.9AFDB622E98C610B7CE8B2E93A02940A.e.26054/click - {}
RESULT: {}
COMMAND: GET /session/7d4ef5db813d7a6cede0ad9a34edc09c/screenshot - {}
RESULT: {}
RESULT: undefined
COMMAND: POST /session/7d4ef5db813d7a6cede0ad9a34edc09c/element - {"using":"xpath","value":"//*[@id=\"application-managehandovers-display-component---AddNewHO--ObjectPageLayout-anchBar-application-managehandovers-display-component---AddNewHO--section4-anchor\"]"}
RESULT: {"using":"xpath","value":"//*[@id=\"application-managehandovers-display-component---AddNewHO--ObjectPageLayout-anchBar-application-managehandovers-display-component---AddNewHO--section4-anchor\"]"}
COMMAND: POST /session/7d4ef5db813d7a6cede0ad9a34edc09c/element/f.A871513E4156B49FEA6A1325266FBBC5.d.9AFDB622E98C610B7CE8B2E93A02940A.e.26055/click - {}
RESULT: {}
COMMAND: GET /session/7d4ef5db813d7a6cede0ad9a34edc09c/screenshot - {}
RESULT: {}
COMMAND: POST /session/7d4ef5db813d7a6cede0ad9a34edc09c/execute/async - {"script":"<script> [1562 bytes]","args":[{"selector":{"controlType":"sap.ui.core.Icon","viewName":"etm.portal.ui.managehandovers.view.AddNewHO","viewId":"application-managehandovers-display-component---AddNewHO","properties":{"src":{"regex":{"source":"add"}}}},"wdio_ui5_key":"etmportal.ui.managehandovers.view.AddNewHOsap.ui.core.Icon{\"src\":{\"regex\":{\"source\":\"add\"}}}"}]}
RESULT: {"script":"<script> [1562 bytes]","args":[{"selector":{"controlType":"sap.ui.core.Icon","viewName":"etm.portal.ui.managehandovers.view.AddNewHO","viewId":"application-managehandovers-display-component---AddNewHO","properties":{"src":{"regex":{"source":"add"}}}},"wdio_ui5_key":"etmportal.ui.managehandovers.view.AddNewHOsap.ui.core.Icon{\"src\":{\"regex\":{\"source\":\"add\"}}}"}]}
RESULT: undefined
COMMAND: POST /session/7d4ef5db813d7a6cede0ad9a34edc09c/element - {"using":"xpath","value":"//*[@id=\"__button193-img\"]"}
RESULT: {"using":"xpath","value":"//*[@id=\"__button193-img\"]"}
COMMAND: POST /session/7d4ef5db813d7a6cede0ad9a34edc09c/element/f.A871513E4156B49FEA6A1325266FBBC5.d.9AFDB622E98C610B7CE8B2E93A02940A.e.26059/click - {}
RESULT: {}
RESULT: undefined
COMMAND: POST /session/7d4ef5db813d7a6cede0ad9a34edc09c/execute/async - {"script":"<script> [776 bytes]","args":[{"enterText":"200388","selector":{"id":"application-managehandovers-display-component---AddNewHO--smartFilterBar-btnBasicSearch","searchOpenDialogs":true,"interaction":{"idSuffix":"I"}},"clearTextFirst":true,"interactionType":"ENTER_TEXT"}]}
COMMAND: GET /session/7d4ef5db813d7a6cede0ad9a34edc09c/screenshot - {}
RESULT: {"script":"<script> [776 bytes]","args":[{"enterText":"200388","selector":{"id":"application-managehandovers-display-component---AddNewHO--smartFilterBar-btnBasicSearch","searchOpenDialogs":true,"interaction":{"idSuffix":"I"}},"clearTextFirst":true,"interactionType":"ENTER_TEXT"}]}
RESULT: {}
RESULT: undefined
COMMAND: POST /session/7d4ef5db813d7a6cede0ad9a34edc09c/element - {"using":"xpath","value":"//*[@id=\"application-managehandovers-display-component---AddNewHO--popup-sa\"]"}
RESULT: {"using":"xpath","value":"//*[@id=\"application-managehandovers-display-component---AddNewHO--popup-sa\"]"}
COMMAND: POST /session/7d4ef5db813d7a6cede0ad9a34edc09c/element/f.A871513E4156B49FEA6A1325266FBBC5.d.9AFDB622E98C610B7CE8B2E93A02940A.e.26096/click - {}
RESULT: {}
COMMAND: GET /session/7d4ef5db813d7a6cede0ad9a34edc09c/screenshot - {}
RESULT: {}
COMMAND: POST /session/7d4ef5db813d7a6cede0ad9a34edc09c/element - {"using":"xpath","value":"//*[contains(@id ,\"BDI-content\")][contains(text(), \"Select\")]"}
RESULT: {"using":"xpath","value":"//*[contains(@id ,\"BDI-content\")][contains(text(), \"Select\")]"}
COMMAND: POST /session/7d4ef5db813d7a6cede0ad9a34edc09c/element/f.A871513E4156B49FEA6A1325266FBBC5.d.9AFDB622E98C610B7CE8B2E93A02940A.e.26097/click - {}
RESULT: {}
COMMAND: POST /session/7d4ef5db813d7a6cede0ad9a34edc09c/execute/async - {"script":"<script> [1562 bytes]","args":[{"selector":{"controlType":"sap.m.Button","viewName":"etm.portal.ui.managehandovers.view.AddNewHO","viewId":"application-managehandovers-display-component---AddNewHO","bindingPath":{"path":"/items/0","propertyPath":"QUANTITY","modelName":"hoItemsModel"},"interaction":{"idSuffix":"inner"}},"wdio_ui5_key":"etmportal.ui.managehandovers.view.AddNewHOsap.m.Button{\"path\":\"/items/0\",\"propertyPath\":\"QUANTITY\",\"modelName\":\"hoItemsModel\"}"}]}
COMMAND: GET /session/7d4ef5db813d7a6cede0ad9a34edc09c/screenshot - {}
RESULT: {"script":"<script> [1562 bytes]","args":[{"selector":{"controlType":"sap.m.Button","viewName":"etm.portal.ui.managehandovers.view.AddNewHO","viewId":"application-managehandovers-display-component---AddNewHO","bindingPath":{"path":"/items/0","propertyPath":"QUANTITY","modelName":"hoItemsModel"},"interaction":{"idSuffix":"inner"}},"wdio_ui5_key":"etmportal.ui.managehandovers.view.AddNewHOsap.m.Button{\"path\":\"/items/0\",\"propertyPath\":\"QUANTITY\",\"modelName\":\"hoItemsModel\"}"}]}
RESULT: undefined
COMMAND: POST /session/7d4ef5db813d7a6cede0ad9a34edc09c/element - {"using":"xpath","value":"//*[@id=\"__button194-__clone2935\"]"}
RESULT: {}
RESULT: {"using":"xpath","value":"//*[@id=\"__button194-__clone2935\"]"}
COMMAND: POST /session/7d4ef5db813d7a6cede0ad9a34edc09c/element/f.A871513E4156B49FEA6A1325266FBBC5.d.9AFDB622E98C610B7CE8B2E93A02940A.e.26101/click - {}
RESULT: {}
COMMAND: POST /session/7d4ef5db813d7a6cede0ad9a34edc09c/execute/async - {"script":"<script> [1562 bytes]","args":[{"selector":{"controlType":"sap.m.NumericInput","viewName":"etm.portal.ui.managehandovers.view.AddNewHO","viewId":"application-managehandovers-display-component---AddNewHO","properties":{"value":"0"},"searchOpenDialogs":true,"interaction":{"idSuffix":"inner"}},"wdio_ui5_key":"etmportal.ui.managehandovers.view.AddNewHOsap.m.NumericInput{\"value\":\"0\"}"}]}
COMMAND: GET /session/7d4ef5db813d7a6cede0ad9a34edc09c/screenshot - {}
RESULT: {"script":"<script> [1562 bytes]","args":[{"selector":{"controlType":"sap.m.NumericInput","viewName":"etm.portal.ui.managehandovers.view.AddNewHO","viewId":"application-managehandovers-display-component---AddNewHO","properties":{"value":"0"},"searchOpenDialogs":true,"interaction":{"idSuffix":"inner"}},"wdio_ui5_key":"etmportal.ui.managehandovers.view.AddNewHOsap.m.NumericInput{\"value\":\"0\"}"}]}
RESULT: undefined
COMMAND: POST /session/7d4ef5db813d7a6cede0ad9a34edc09c/execute/async - {"script":"<script> [776 bytes]","args":[{"enterText":"1","selector":{"controlType":"sap.m.NumericInput","viewName":"etm.portal.ui.managehandovers.view.AddNewHO","viewId":"application-managehandovers-display-component---AddNewHO","properties":{"value":"0"},"searchOpenDialogs":true,"interaction":{"idSuffix":"inner"}},"clearTextFirst":true,"interactionType":"ENTER_TEXT"}]}
RESULT: {}
RESULT: {"script":"<script> [776 bytes]","args":[{"enterText":"1","selector":{"controlType":"sap.m.NumericInput","viewName":"etm.portal.ui.managehandovers.view.AddNewHO","viewId":"application-managehandovers-display-component---AddNewHO","properties":{"value":"0"},"searchOpenDialogs":true,"interaction":{"idSuffix":"inner"}},"clearTextFirst":true,"interactionType":"ENTER_TEXT"}]}
COMMAND: POST /session/7d4ef5db813d7a6cede0ad9a34edc09c/execute/async - {"script":"<script> [1562 bytes]","args":[{"selector":{"controlType":"sap.m.Button","viewName":"etm.portal.ui.managehandovers.view.AddNewHO","viewId":"application-managehandovers-display-component---AddNewHO","i18NText":{"propertyName":"text","key":"confirm"},"searchOpenDialogs":true,"interaction":{"idSuffix":"BDI-content"}},"wdio_ui5_key":"etmportal.ui.managehandovers.view.AddNewHOsap.m.Button{\"propertyName\":\"text\",\"key\":\"confirm\"}"}]}
RESULT: {"script":"<script> [1562 bytes]","args":[{"selector":{"controlType":"sap.m.Button","viewName":"etm.portal.ui.managehandovers.view.AddNewHO","viewId":"application-managehandovers-display-component---AddNewHO","i18NText":{"propertyName":"text","key":"confirm"},"searchOpenDialogs":true,"interaction":{"idSuffix":"BDI-content"}},"wdio_ui5_key":"etmportal.ui.managehandovers.view.AddNewHOsap.m.Button{\"propertyName\":\"text\",\"key\":\"confirm\"}"}]}
RESULT: undefined
COMMAND: POST /session/7d4ef5db813d7a6cede0ad9a34edc09c/element - {"using":"xpath","value":"//*[@id=\"__button197\"]"}
RESULT: {"using":"xpath","value":"//*[@id=\"__button197\"]"}
COMMAND: POST /session/7d4ef5db813d7a6cede0ad9a34edc09c/element/f.A871513E4156B49FEA6A1325266FBBC5.d.9AFDB622E98C610B7CE8B2E93A02940A.e.26102/click - {}
RESULT: {}
COMMAND: POST /session/7d4ef5db813d7a6cede0ad9a34edc09c/execute/async - {"script":"<script> [1562 bytes]","args":[{"selector":{"id":"application-managehandovers-display-component---AddNewHO--confirmCreationButton","interaction":{"idSuffix":"inner"}},"wdio_ui5_key":"applicationmanagehandovers-display-component---AddNewHO--confirmCreationButton"}]}
COMMAND: GET /session/7d4ef5db813d7a6cede0ad9a34edc09c/screenshot - {}
RESULT: {"script":"<script> [1562 bytes]","args":[{"selector":{"id":"application-managehandovers-display-component---AddNewHO--confirmCreationButton","interaction":{"idSuffix":"inner"}},"wdio_ui5_key":"applicationmanagehandovers-display-component---AddNewHO--confirmCreationButton"}]}
RESULT: undefined
COMMAND: POST /session/7d4ef5db813d7a6cede0ad9a34edc09c/element - {"using":"xpath","value":"//*[@id=\"application-managehandovers-display-component---AddNewHO--confirmCreationButton\"]"}
RESULT: {}
RESULT: {"using":"xpath","value":"//*[@id=\"application-managehandovers-display-component---AddNewHO--confirmCreationButton\"]"}
COMMAND: POST /session/7d4ef5db813d7a6cede0ad9a34edc09c/element/f.A871513E4156B49FEA6A1325266FBBC5.d.9AFDB622E98C610B7CE8B2E93A02940A.e.26113/click - {}
RESULT: {}
COMMAND: GET /session/7d4ef5db813d7a6cede0ad9a34edc09c/screenshot - {}
RESULT: {}
RESULT: undefined
COMMAND: POST /session/7d4ef5db813d7a6cede0ad9a34edc09c/execute/async - {"script":"<script> [776 bytes]","args":[{"enterText":"5/21/25","selector":{"id":"receiptDatePicker","viewName":"etm.portal.ui.managehandovers.view.DetailExecuteHO","interaction":{"idSuffix":"inner"}},"clearTextFirst":true,"interactionType":"ENTER_TEXT"}]}
RESULT: {"script":"<script> [776 bytes]","args":[{"enterText":"5/21/25","selector":{"id":"receiptDatePicker","viewName":"etm.portal.ui.managehandovers.view.DetailExecuteHO","interaction":{"idSuffix":"inner"}},"clearTextFirst":true,"interactionType":"ENTER_TEXT"}]}
COMMAND: POST /session/7d4ef5db813d7a6cede0ad9a34edc09c/execute/async - {"script":"<script> [1562 bytes]","args":[{"selector":{"controlType":"sap.m.Button","viewName":"etm.portal.ui.managehandovers.view.DetailExecuteHO","i18NText":{"propertyName":"text","key":"confirmAll"},"interaction":{"idSuffix":"BDI-content"}},"wdio_ui5_key":"etmportal.ui.managehandovers.view.DetailExecuteHOsap.m.Button{\"propertyName\":\"text\",\"key\":\"confirmAll\"}"}]}
RESULT: {"script":"<script> [1562 bytes]","args":[{"selector":{"controlType":"sap.m.Button","viewName":"etm.portal.ui.managehandovers.view.DetailExecuteHO","i18NText":{"propertyName":"text","key":"confirmAll"},"interaction":{"idSuffix":"BDI-content"}},"wdio_ui5_key":"etmportal.ui.managehandovers.view.DetailExecuteHOsap.m.Button{\"propertyName\":\"text\",\"key\":\"confirmAll\"}"}]}
RESULT: undefined
COMMAND: POST /session/7d4ef5db813d7a6cede0ad9a34edc09c/element - {"using":"xpath","value":"//*[@id=\"__button225\"]"}
RESULT: {"using":"xpath","value":"//*[@id=\"__button225\"]"}
COMMAND: POST /session/7d4ef5db813d7a6cede0ad9a34edc09c/element/f.A871513E4156B49FEA6A1325266FBBC5.d.9AFDB622E98C610B7CE8B2E93A02940A.e.26144/click - {}
RESULT: {}
COMMAND: GET /session/7d4ef5db813d7a6cede0ad9a34edc09c/screenshot - {}
RESULT: {}
COMMAND: POST /session/7d4ef5db813d7a6cede0ad9a34edc09c/execute/async - {"script":"<script> [1562 bytes]","args":[{"selector":{"controlType":"sap.m.Button","properties":{"text":"OK"},"searchOpenDialogs":true,"interaction":{"idSuffix":"inner"}},"wdio_ui5_key":"sapm.Button{\"text\":\"OK\"}"}]}
RESULT: {"script":"<script> [1562 bytes]","args":[{"selector":{"controlType":"sap.m.Button","properties":{"text":"OK"},"searchOpenDialogs":true,"interaction":{"idSuffix":"inner"}},"wdio_ui5_key":"sapm.Button{\"text\":\"OK\"}"}]}
RESULT: undefined
COMMAND: POST /session/7d4ef5db813d7a6cede0ad9a34edc09c/element - {"using":"xpath","value":"//*[@id=\"__mbox-btn-3\"]"}
RESULT: {"using":"xpath","value":"//*[@id=\"__mbox-btn-3\"]"}
COMMAND: POST /session/7d4ef5db813d7a6cede0ad9a34edc09c/element/f.A871513E4156B49FEA6A1325266FBBC5.d.9AFDB622E98C610B7CE8B2E93A02940A.e.26145/click - {}
RESULT: {}
COMMAND: GET /session/7d4ef5db813d7a6cede0ad9a34edc09c/screenshot - {}
RESULT: {}
COMMAND: POST /session/7d4ef5db813d7a6cede0ad9a34edc09c/element - {"using":"xpath","value":"//bdi[contains(text(), \"Issue\")]"}
RESULT: {"using":"xpath","value":"//bdi[contains(text(), \"Issue\")]"}
COMMAND: POST /session/7d4ef5db813d7a6cede0ad9a34edc09c/element/f.A871513E4156B49FEA6A1325266FBBC5.d.9AFDB622E98C610B7CE8B2E93A02940A.e.26148/click - {}
RESULT: {}
COMMAND: GET /session/7d4ef5db813d7a6cede0ad9a34edc09c/screenshot - {}
RESULT: {}
COMMAND: POST /session/7d4ef5db813d7a6cede0ad9a34edc09c/element - {"using":"css selector","value":"#shell-header-logo"}
RESULT: {"using":"css selector","value":"#shell-header-logo"}
COMMAND: POST /session/7d4ef5db813d7a6cede0ad9a34edc09c/element/f.A871513E4156B49FEA6A1325266FBBC5.d.9AFDB622E98C610B7CE8B2E93A02940A.e.25554/click - {}
RESULT: {}
COMMAND: GET /session/7d4ef5db813d7a6cede0ad9a34edc09c/screenshot - {}
RESULT: {}
COMMAND: POST /session/7d4ef5db813d7a6cede0ad9a34edc09c/element - {"using":"css selector","value":"#j_username"}
COMMAND: POST /session/7d4ef5db813d7a6cede0ad9a34edc09c/url - {"url":"https://qa-testing-00-live-etm-ui.cfapps.eu10-004.hana.ondemand.com/"}
RESULT: {"using":"css selector","value":"#j_username"}
COMMAND: POST /session/7d4ef5db813d7a6cede0ad9a34edc09c/element - {"using":"css selector","value":"#j_username"}
RESULT: {"url":"https://qa-testing-00-live-etm-ui.cfapps.eu10-004.hana.ondemand.com/"}
RESULT: undefined
COMMAND: GET /session/7d4ef5db813d7a6cede0ad9a34edc09c/screenshot - {}
RESULT: {"using":"css selector","value":"#j_username"}
COMMAND: POST /session/7d4ef5db813d7a6cede0ad9a34edc09c/element - {"using":"css selector","value":"#shell-header-logo"}
RESULT: {}
RESULT: {"using":"css selector","value":"#shell-header-logo"}
COMMAND: POST /session/7d4ef5db813d7a6cede0ad9a34edc09c/execute/sync - {"script":"<script> [8489 bytes]","args":[{"element-6066-11e4-a52e-4f735466cecf":"f.A871513E4156B49FEA6A1325266FBBC5.d.9CC74BFBD16A2A83B4F1732A6A2DB29E.e.26432","ELEMENT":"f.A871513E4156B49FEA6A1325266FBBC5.d.9CC74BFBD16A2A83B4F1732A6A2DB29E.e.26432"}]}
RESULT: {"script":"<script> [8489 bytes]","args":[{"element-6066-11e4-a52e-4f735466cecf":"f.A871513E4156B49FEA6A1325266FBBC5.d.9CC74BFBD16A2A83B4F1732A6A2DB29E.e.26432","ELEMENT":"f.A871513E4156B49FEA6A1325266FBBC5.d.9CC74BFBD16A2A83B4F1732A6A2DB29E.e.26432"}]}
COMMAND: POST /session/7d4ef5db813d7a6cede0ad9a34edc09c/element - {"using":"css selector","value":"#shell-header-logo"}
COMMAND: GET /session/7d4ef5db813d7a6cede0ad9a34edc09c/screenshot - {}
RESULT: {}
RESULT: {"using":"css selector","value":"#shell-header-logo"}
COMMAND: POST /session/7d4ef5db813d7a6cede0ad9a34edc09c/execute/sync - {"script":"<script> [8489 bytes]","args":[{"element-6066-11e4-a52e-4f735466cecf":"f.A871513E4156B49FEA6A1325266FBBC5.d.9CC74BFBD16A2A83B4F1732A6A2DB29E.e.26432","ELEMENT":"f.A871513E4156B49FEA6A1325266FBBC5.d.9CC74BFBD16A2A83B4F1732A6A2DB29E.e.26432"}]}
RESULT: {"script":"<script> [8489 bytes]","args":[{"element-6066-11e4-a52e-4f735466cecf":"f.A871513E4156B49FEA6A1325266FBBC5.d.9CC74BFBD16A2A83B4F1732A6A2DB29E.e.26432","ELEMENT":"f.A871513E4156B49FEA6A1325266FBBC5.d.9CC74BFBD16A2A83B4F1732A6A2DB29E.e.26432"}]}
COMMAND: POST /session/7d4ef5db813d7a6cede0ad9a34edc09c/execute/sync - {"script":"<script> [5351 bytes]","args":[{"element-6066-11e4-a52e-4f735466cecf":"f.A871513E4156B49FEA6A1325266FBBC5.d.9CC74BFBD16A2A83B4F1732A6A2DB29E.e.26432","ELEMENT":"f.A871513E4156B49FEA6A1325266FBBC5.d.9CC74BFBD16A2A83B4F1732A6A2DB29E.e.26432"}]}
COMMAND: GET /session/7d4ef5db813d7a6cede0ad9a34edc09c/screenshot - {}
RESULT: {"script":"<script> [5351 bytes]","args":[{"element-6066-11e4-a52e-4f735466cecf":"f.A871513E4156B49FEA6A1325266FBBC5.d.9CC74BFBD16A2A83B4F1732A6A2DB29E.e.26432","ELEMENT":"f.A871513E4156B49FEA6A1325266FBBC5.d.9CC74BFBD16A2A83B4F1732A6A2DB29E.e.26432"}]}
COMMAND: POST /session/7d4ef5db813d7a6cede0ad9a34edc09c/element - {"using":"css selector","value":"#shell-header-logo"}
COMMAND: GET /session/7d4ef5db813d7a6cede0ad9a34edc09c/screenshot - {}
RESULT: {}
RESULT: {"using":"css selector","value":"#shell-header-logo"}
COMMAND: POST /session/7d4ef5db813d7a6cede0ad9a34edc09c/element/f.A871513E4156B49FEA6A1325266FBBC5.d.9CC74BFBD16A2A83B4F1732A6A2DB29E.e.26432/click - {}
RESULT: {}
RESULT: {}
COMMAND: GET /session/7d4ef5db813d7a6cede0ad9a34edc09c/screenshot - {}
RESULT: {}
COMMAND: POST /session/7d4ef5db813d7a6cede0ad9a34edc09c/execute/async - {"script":"<script> [189 bytes]","args":[]}
RESULT: {"script":"<script> [189 bytes]","args":[]}
COMMAND: POST /session/7d4ef5db813d7a6cede0ad9a34edc09c/execute/async - {"script":"<script> [123 bytes]","args":[]}
RESULT: {"script":"<script> [123 bytes]","args":[]}
COMMAND: POST /session/7d4ef5db813d7a6cede0ad9a34edc09c/timeouts - {"script":"<number>"}
RESULT: {"script":"<number>"}
COMMAND: GET /session/7d4ef5db813d7a6cede0ad9a34edc09c/timeouts - {}
RESULT: {}
RESULT: undefined
COMMAND: POST /session/7d4ef5db813d7a6cede0ad9a34edc09c/execute/async - {"script":"<script> [2676 bytes]","args":[]}
RESULT: {"script":"<script> [2676 bytes]","args":[]}
COMMAND: POST /session/7d4ef5db813d7a6cede0ad9a34edc09c/execute/async - {"script":"<script> [2342 bytes]","args":[{"protocol":"http","hostname":"0.0.0.0","path":"/","capabilities":{"browserName":"chrome","goog:chromeOptions":{"binary":"C:\\Program Files\\Google\\Chrome\\Application\\chrome.exe","args":["--start-maximized"]}},"logLevel":"warn","connectionRetryTimeout":120000,"connectionRetryCount":3,"logLevels":{},"enableDirectConnect":true,"strictSSL":true,"_":"65 more keys: [\"cacheDir\",\"port\",\"requestedCapabilities\",\"automationProtocol\",\"baseUrl\",\"waitforInterval\",\"waitforTimeout\",\"onReload\",\"beforeCommand\",\"afterCommand\",\"rootDir\",\"specs\",\"suites\",\"exclude\",\"groupLogsByTestSpec\",\"excludeDriverLogs\",\"bail\",\"framework\",\"reporters\",\"services\",\"maxInstances\",\"maxInstancesPerCapability\",\"injectGlobals\",\"filesToWatch\",\"execArgv\",\"runnerEnv\",\"runner\",\"shard\",\"specFileRetries\",\"specFileRetriesDelay\",\"specFileRetriesDeferred\",\"reporterSyncInterval\",\"reporterSyncTimeout\",\"cucumberFeaturesWithLineNumbers\",\"autoCompileOpts\",\"mochaOpts\",\"jasmineOpts\",\"cucumberOpts\",\"onPrepare\",\"onWorkerStart\",\"onWorkerEnd\",\"before\",\"beforeSession\",\"beforeSuite\",\"beforeHook\",\"beforeTest\",\"afterTest\",\"afterHook\",\"afterSuite\",\"afterSession\",\"after\",\"onComplete\",\"beforeAssertion\",\"afterAssertion\",\"beforeFeature\",\"beforeScenario\",\"beforeStep\",\"afterStep\",\"afterScenario\",\"afterFeature\",\"_\",\"suite\",\"$0\",\"ignoredWorkerServices\",\"wdi5\"]"}]}
RESULT: {"script":"<script> [2342 bytes]","args":[{"protocol":"http","hostname":"0.0.0.0","path":"/","capabilities":{"browserName":"chrome","goog:chromeOptions":{"binary":"C:\\Program Files\\Google\\Chrome\\Application\\chrome.exe","args":["--start-maximized"]}},"logLevel":"warn","connectionRetryTimeout":120000,"connectionRetryCount":3,"logLevels":{},"enableDirectConnect":true,"strictSSL":true,"_":"65 more keys: [\"cacheDir\",\"port\",\"requestedCapabilities\",\"automationProtocol\",\"baseUrl\",\"waitforInterval\",\"waitforTimeout\",\"onReload\",\"beforeCommand\",\"afterCommand\",\"rootDir\",\"specs\",\"suites\",\"exclude\",\"groupLogsByTestSpec\",\"excludeDriverLogs\",\"bail\",\"framework\",\"reporters\",\"services\",\"maxInstances\",\"maxInstancesPerCapability\",\"injectGlobals\",\"filesToWatch\",\"execArgv\",\"runnerEnv\",\"runner\",\"shard\",\"specFileRetries\",\"specFileRetriesDelay\",\"specFileRetriesDeferred\",\"reporterSyncInterval\",\"reporterSyncTimeout\",\"cucumberFeaturesWithLineNumbers\",\"autoCompileOpts\",\"mochaOpts\",\"jasmineOpts\",\"cucumberOpts\",\"onPrepare\",\"onWorkerStart\",\"onWorkerEnd\",\"before\",\"beforeSession\",\"beforeSuite\",\"beforeHook\",\"beforeTest\",\"afterTest\",\"afterHook\",\"afterSuite\",\"afterSession\",\"after\",\"onComplete\",\"beforeAssertion\",\"afterAssertion\",\"beforeFeature\",\"beforeScenario\",\"beforeStep\",\"afterStep\",\"afterScenario\",\"afterFeature\",\"_\",\"suite\",\"$0\",\"ignoredWorkerServices\",\"wdi5\"]"}]}
COMMAND: POST /session/7d4ef5db813d7a6cede0ad9a34edc09c/execute/async - {"script":"<script> [21126 bytes]","args":[35000]}
RESULT: {"script":"<script> [21126 bytes]","args":[35000]}
COMMAND: POST /session/7d4ef5db813d7a6cede0ad9a34edc09c/window/maximize - {}
RESULT: {}
COMMAND: POST /session/7d4ef5db813d7a6cede0ad9a34edc09c/execute/async - {"script":"<script> [1562 bytes]","args":[{"selector":{"id":"shell-header","interaction":{"idSuffix":"icon"}},"wdio_ui5_key":"shellheader"}]}
COMMAND: GET /session/7d4ef5db813d7a6cede0ad9a34edc09c/screenshot - {}
RESULT: {"script":"<script> [1562 bytes]","args":[{"selector":{"id":"shell-header","interaction":{"idSuffix":"icon"}},"wdio_ui5_key":"shellheader"}]}
RESULT: undefined
COMMAND: POST /session/7d4ef5db813d7a6cede0ad9a34edc09c/window/fullscreen - {}
RESULT: {}
RESULT: {}
]]></system-out>
    </testcase>
  </testsuite>
  <testsuite timestamp="2025-05-21T17:36:35" time="706.468" tests="7" failures="0" errors="0" skipped="0">
    <properties>
      <property name="specId" value="0"/>
      <property name="suiteName" value="Transfer Yard to Yard US131076"/>
      <property name="capabilities" value="chrome.136_0_7103_93.windows"/>
      <property name="file" value="file:///D:/a/1/s/test/specs/HTR/transfer-yard-to-yard.spec.js"/>
    </properties>
    <testcase classname="chrome.136_0_7103_93.windows.Transfer_Yard_to_Yard_US131076" name="Should create a new yard" time="0.015">
      <system-out><![CDATA[
COMMAND: POST /session/7d4ef5db813d7a6cede0ad9a34edc09c/window/fullscreen - {}
RESULT: {}
]]></system-out>
    </testcase>
    <testcase classname="chrome.136_0_7103_93.windows.Transfer_Yard_to_Yard_US131076" name="Should create a new 2nd yard" time="126.654">
      <system-out><![CDATA[
COMMAND: POST /session/7d4ef5db813d7a6cede0ad9a34edc09c/window/fullscreen - {}
RESULT: {}
COMMAND: POST /session/7d4ef5db813d7a6cede0ad9a34edc09c/execute/async - {"script":"<script> [1562 bytes]","args":[{"selector":{"controlType":"sap.m.GenericTile","properties":{"header":"Manage Yards"}},"wdio_ui5_key":"sapm.GenericTile{\"header\":\"Manage Yards\"}"}]}
RESULT: {"script":"<script> [1562 bytes]","args":[{"selector":{"controlType":"sap.m.GenericTile","properties":{"header":"Manage Yards"}},"wdio_ui5_key":"sapm.GenericTile{\"header\":\"Manage Yards\"}"}]}
RESULT: undefined
COMMAND: POST /session/7d4ef5db813d7a6cede0ad9a34edc09c/element - {"using":"xpath","value":"//*[@id=\"__tile33\"]"}
RESULT: {"using":"xpath","value":"//*[@id=\"__tile33\"]"}
COMMAND: POST /session/7d4ef5db813d7a6cede0ad9a34edc09c/element/f.A871513E4156B49FEA6A1325266FBBC5.d.9CC74BFBD16A2A83B4F1732A6A2DB29E.e.26459/click - {}
RESULT: {}
COMMAND: GET /session/7d4ef5db813d7a6cede0ad9a34edc09c/screenshot - {}
RESULT: {}
COMMAND: POST /session/7d4ef5db813d7a6cede0ad9a34edc09c/elements - {"using":"xpath","value":"//span[text()='Error']"}
RESULT: {"using":"xpath","value":"//span[text()='Error']"}
COMMAND: POST /session/7d4ef5db813d7a6cede0ad9a34edc09c/element - {"using":"xpath","value":"//button[@data-kt=\"addNewYardOverflowToolbarButton\"]"}
RESULT: {"using":"xpath","value":"//button[@data-kt=\"addNewYardOverflowToolbarButton\"]"}
COMMAND: POST /session/7d4ef5db813d7a6cede0ad9a34edc09c/elements - {"using":"xpath","value":"//button[@data-kt=\"addNewYardOverflowToolbarButton\"]"}
RESULT: {"using":"xpath","value":"//button[@data-kt=\"addNewYardOverflowToolbarButton\"]"}
COMMAND: POST /session/7d4ef5db813d7a6cede0ad9a34edc09c/elements - {"using":"xpath","value":"//button[@data-kt=\"addNewYardOverflowToolbarButton\"]"}
RESULT: {"using":"xpath","value":"//button[@data-kt=\"addNewYardOverflowToolbarButton\"]"}
COMMAND: POST /session/7d4ef5db813d7a6cede0ad9a34edc09c/element - {"using":"xpath","value":"//button[@data-kt=\"addNewYardOverflowToolbarButton\"]"}
RESULT: {"using":"xpath","value":"//button[@data-kt=\"addNewYardOverflowToolbarButton\"]"}
COMMAND: POST /session/7d4ef5db813d7a6cede0ad9a34edc09c/execute/sync - {"script":"<script> [8489 bytes]","args":[{"element-6066-11e4-a52e-4f735466cecf":"f.A871513E4156B49FEA6A1325266FBBC5.d.9CC74BFBD16A2A83B4F1732A6A2DB29E.e.26582","ELEMENT":"f.A871513E4156B49FEA6A1325266FBBC5.d.9CC74BFBD16A2A83B4F1732A6A2DB29E.e.26582"}]}
RESULT: {"script":"<script> [8489 bytes]","args":[{"element-6066-11e4-a52e-4f735466cecf":"f.A871513E4156B49FEA6A1325266FBBC5.d.9CC74BFBD16A2A83B4F1732A6A2DB29E.e.26582","ELEMENT":"f.A871513E4156B49FEA6A1325266FBBC5.d.9CC74BFBD16A2A83B4F1732A6A2DB29E.e.26582"}]}
COMMAND: GET /session/7d4ef5db813d7a6cede0ad9a34edc09c/element/f.A871513E4156B49FEA6A1325266FBBC5.d.9CC74BFBD16A2A83B4F1732A6A2DB29E.e.26582/enabled - {}
COMMAND: GET /session/7d4ef5db813d7a6cede0ad9a34edc09c/screenshot - {}
RESULT: {}
COMMAND: POST /session/7d4ef5db813d7a6cede0ad9a34edc09c/execute/sync - {"script":"<script> [8489 bytes]","args":[{"element-6066-11e4-a52e-4f735466cecf":"f.A871513E4156B49FEA6A1325266FBBC5.d.9CC74BFBD16A2A83B4F1732A6A2DB29E.e.26582","ELEMENT":"f.A871513E4156B49FEA6A1325266FBBC5.d.9CC74BFBD16A2A83B4F1732A6A2DB29E.e.26582"}]}
COMMAND: GET /session/7d4ef5db813d7a6cede0ad9a34edc09c/screenshot - {}
RESULT: {}
RESULT: {"script":"<script> [8489 bytes]","args":[{"element-6066-11e4-a52e-4f735466cecf":"f.A871513E4156B49FEA6A1325266FBBC5.d.9CC74BFBD16A2A83B4F1732A6A2DB29E.e.26582","ELEMENT":"f.A871513E4156B49FEA6A1325266FBBC5.d.9CC74BFBD16A2A83B4F1732A6A2DB29E.e.26582"}]}
COMMAND: POST /session/7d4ef5db813d7a6cede0ad9a34edc09c/execute/sync - {"script":"<script> [5351 bytes]","args":[{"element-6066-11e4-a52e-4f735466cecf":"f.A871513E4156B49FEA6A1325266FBBC5.d.9CC74BFBD16A2A83B4F1732A6A2DB29E.e.26582","ELEMENT":"f.A871513E4156B49FEA6A1325266FBBC5.d.9CC74BFBD16A2A83B4F1732A6A2DB29E.e.26582"}]}
COMMAND: GET /session/7d4ef5db813d7a6cede0ad9a34edc09c/screenshot - {}
RESULT: {}
RESULT: {"script":"<script> [5351 bytes]","args":[{"element-6066-11e4-a52e-4f735466cecf":"f.A871513E4156B49FEA6A1325266FBBC5.d.9CC74BFBD16A2A83B4F1732A6A2DB29E.e.26582","ELEMENT":"f.A871513E4156B49FEA6A1325266FBBC5.d.9CC74BFBD16A2A83B4F1732A6A2DB29E.e.26582"}]}
COMMAND: POST /session/7d4ef5db813d7a6cede0ad9a34edc09c/element/f.A871513E4156B49FEA6A1325266FBBC5.d.9CC74BFBD16A2A83B4F1732A6A2DB29E.e.26582/click - {}
COMMAND: GET /session/7d4ef5db813d7a6cede0ad9a34edc09c/screenshot - {}
RESULT: {}
RESULT: {}
COMMAND: GET /session/7d4ef5db813d7a6cede0ad9a34edc09c/screenshot - {}
RESULT: {}
RESULT: {}
COMMAND: POST /session/7d4ef5db813d7a6cede0ad9a34edc09c/element - {"using":"xpath","value":"//input[@id=\"application-manageyards-display-component---NewYard--yardId-inner\"]"}
RESULT: {"using":"xpath","value":"//input[@id=\"application-manageyards-display-component---NewYard--yardId-inner\"]"}
COMMAND: POST /session/7d4ef5db813d7a6cede0ad9a34edc09c/element - {"using":"xpath","value":"//input[@id=\"application-manageyards-display-component---NewYard--yardId-inner\"]"}
RESULT: {"using":"xpath","value":"//input[@id=\"application-manageyards-display-component---NewYard--yardId-inner\"]"}
COMMAND: POST /session/7d4ef5db813d7a6cede0ad9a34edc09c/execute/async - {"script":"<script> [1562 bytes]","args":[{"selector":{"id":"application-manageyards-display-component---NewYard--addressDetailDetailsName1","interaction":{"idSuffix":"inner"}},"wdio_ui5_key":"applicationmanageyards-display-component---NewYard--addressDetailDetailsName1"}]}
RESULT: {"script":"<script> [1562 bytes]","args":[{"selector":{"id":"application-manageyards-display-component---NewYard--addressDetailDetailsName1","interaction":{"idSuffix":"inner"}},"wdio_ui5_key":"applicationmanageyards-display-component---NewYard--addressDetailDetailsName1"}]}
RESULT: undefined
COMMAND: POST /session/7d4ef5db813d7a6cede0ad9a34edc09c/execute/async - {"script":"<script> [776 bytes]","args":[{"enterText":"Intracompany Yard wdIO","selector":{"id":"application-manageyards-display-component---NewYard--addressDetailDetailsName1","interaction":{"idSuffix":"inner"}},"clearTextFirst":true,"interactionType":"ENTER_TEXT"}]}
RESULT: {"script":"<script> [776 bytes]","args":[{"enterText":"Intracompany Yard wdIO","selector":{"id":"application-manageyards-display-component---NewYard--addressDetailDetailsName1","interaction":{"idSuffix":"inner"}},"clearTextFirst":true,"interactionType":"ENTER_TEXT"}]}
COMMAND: POST /session/7d4ef5db813d7a6cede0ad9a34edc09c/execute/async - {"script":"<script> [1562 bytes]","args":[{"selector":{"id":"application-manageyards-display-component---NewYard--addressDetailDetailsLanguage-arrow"},"wdio_ui5_key":"applicationmanageyards-display-component---NewYard--addressDetailDetailsLanguage-arrow"}]}
RESULT: {"script":"<script> [1562 bytes]","args":[{"selector":{"id":"application-manageyards-display-component---NewYard--addressDetailDetailsLanguage-arrow"},"wdio_ui5_key":"applicationmanageyards-display-component---NewYard--addressDetailDetailsLanguage-arrow"}]}
RESULT: undefined
COMMAND: POST /session/7d4ef5db813d7a6cede0ad9a34edc09c/element - {"using":"xpath","value":"//*[@id=\"application-manageyards-display-component---NewYard--addressDetailDetailsLanguage-arrow\"]"}
RESULT: {"using":"xpath","value":"//*[@id=\"application-manageyards-display-component---NewYard--addressDetailDetailsLanguage-arrow\"]"}
COMMAND: POST /session/7d4ef5db813d7a6cede0ad9a34edc09c/element/f.A871513E4156B49FEA6A1325266FBBC5.d.9CC74BFBD16A2A83B4F1732A6A2DB29E.e.27015/click - {}
RESULT: {}
COMMAND: POST /session/7d4ef5db813d7a6cede0ad9a34edc09c/element - {"using":"xpath","value":"//span[contains(text(), \"English\")]"}
COMMAND: GET /session/7d4ef5db813d7a6cede0ad9a34edc09c/screenshot - {}
RESULT: {"using":"xpath","value":"//span[contains(text(), \"English\")]"}
COMMAND: POST /session/7d4ef5db813d7a6cede0ad9a34edc09c/element/f.A871513E4156B49FEA6A1325266FBBC5.d.9CC74BFBD16A2A83B4F1732A6A2DB29E.e.27016/click - {}
RESULT: {}
RESULT: {}
COMMAND: POST /session/7d4ef5db813d7a6cede0ad9a34edc09c/execute/async - {"script":"<script> [1562 bytes]","args":[{"selector":{"id":"application-manageyards-display-component---NewYard--addressDetailDetailsCity1","interaction":{"idSuffix":"inner"}},"wdio_ui5_key":"applicationmanageyards-display-component---NewYard--addressDetailDetailsCity1"}]}
COMMAND: GET /session/7d4ef5db813d7a6cede0ad9a34edc09c/screenshot - {}
RESULT: {"script":"<script> [1562 bytes]","args":[{"selector":{"id":"application-manageyards-display-component---NewYard--addressDetailDetailsCity1","interaction":{"idSuffix":"inner"}},"wdio_ui5_key":"applicationmanageyards-display-component---NewYard--addressDetailDetailsCity1"}]}
RESULT: undefined
COMMAND: POST /session/7d4ef5db813d7a6cede0ad9a34edc09c/execute/async - {"script":"<script> [776 bytes]","args":[{"enterText":"Rosario","selector":{"id":"application-manageyards-display-component---NewYard--addressDetailDetailsCity1","interaction":{"idSuffix":"inner"}},"clearTextFirst":true,"interactionType":"ENTER_TEXT"}]}
RESULT: {}
RESULT: {"script":"<script> [776 bytes]","args":[{"enterText":"Rosario","selector":{"id":"application-manageyards-display-component---NewYard--addressDetailDetailsCity1","interaction":{"idSuffix":"inner"}},"clearTextFirst":true,"interactionType":"ENTER_TEXT"}]}
COMMAND: POST /session/7d4ef5db813d7a6cede0ad9a34edc09c/execute/async - {"script":"<script> [1562 bytes]","args":[{"selector":{"id":"application-manageyards-display-component---NewYard--addressDetailDetailsCountry-arrow"},"wdio_ui5_key":"applicationmanageyards-display-component---NewYard--addressDetailDetailsCountry-arrow"}]}
RESULT: {"script":"<script> [1562 bytes]","args":[{"selector":{"id":"application-manageyards-display-component---NewYard--addressDetailDetailsCountry-arrow"},"wdio_ui5_key":"applicationmanageyards-display-component---NewYard--addressDetailDetailsCountry-arrow"}]}
RESULT: undefined
COMMAND: POST /session/7d4ef5db813d7a6cede0ad9a34edc09c/element - {"using":"xpath","value":"//*[@id=\"application-manageyards-display-component---NewYard--addressDetailDetailsCountry-arrow\"]"}
RESULT: {"using":"xpath","value":"//*[@id=\"application-manageyards-display-component---NewYard--addressDetailDetailsCountry-arrow\"]"}
COMMAND: POST /session/7d4ef5db813d7a6cede0ad9a34edc09c/element/f.A871513E4156B49FEA6A1325266FBBC5.d.9CC74BFBD16A2A83B4F1732A6A2DB29E.e.27018/click - {}
RESULT: {}
COMMAND: POST /session/7d4ef5db813d7a6cede0ad9a34edc09c/element - {"using":"xpath","value":"//span[contains(text(), \"Argentina\")]"}
COMMAND: GET /session/7d4ef5db813d7a6cede0ad9a34edc09c/screenshot - {}
RESULT: {"using":"xpath","value":"//span[contains(text(), \"Argentina\")]"}
COMMAND: POST /session/7d4ef5db813d7a6cede0ad9a34edc09c/element/f.A871513E4156B49FEA6A1325266FBBC5.d.9CC74BFBD16A2A83B4F1732A6A2DB29E.e.27020/click - {}
RESULT: {}
RESULT: {}
COMMAND: POST /session/7d4ef5db813d7a6cede0ad9a34edc09c/execute/async - {"script":"<script> [1562 bytes]","args":[{"selector":{"id":"application-manageyards-display-component---NewYard--addressEditDetailsCostObjectCstType-arrow"},"wdio_ui5_key":"applicationmanageyards-display-component---NewYard--addressEditDetailsCostObjectCstType-arrow"}]}
COMMAND: GET /session/7d4ef5db813d7a6cede0ad9a34edc09c/screenshot - {}
RESULT: {"script":"<script> [1562 bytes]","args":[{"selector":{"id":"application-manageyards-display-component---NewYard--addressEditDetailsCostObjectCstType-arrow"},"wdio_ui5_key":"applicationmanageyards-display-component---NewYard--addressEditDetailsCostObjectCstType-arrow"}]}
RESULT: undefined
COMMAND: POST /session/7d4ef5db813d7a6cede0ad9a34edc09c/element - {"using":"xpath","value":"//*[@id=\"application-manageyards-display-component---NewYard--addressEditDetailsCostObjectCstType-arrow\"]"}
RESULT: {}
RESULT: {"using":"xpath","value":"//*[@id=\"application-manageyards-display-component---NewYard--addressEditDetailsCostObjectCstType-arrow\"]"}
COMMAND: POST /session/7d4ef5db813d7a6cede0ad9a34edc09c/element/f.A871513E4156B49FEA6A1325266FBBC5.d.9CC74BFBD16A2A83B4F1732A6A2DB29E.e.27021/click - {}
RESULT: {}
COMMAND: POST /session/7d4ef5db813d7a6cede0ad9a34edc09c/element - {"using":"xpath","value":"//span[contains(text(), \"Cost Center\")]"}
COMMAND: GET /session/7d4ef5db813d7a6cede0ad9a34edc09c/screenshot - {}
RESULT: {"using":"xpath","value":"//span[contains(text(), \"Cost Center\")]"}
COMMAND: POST /session/7d4ef5db813d7a6cede0ad9a34edc09c/element/f.A871513E4156B49FEA6A1325266FBBC5.d.9CC74BFBD16A2A83B4F1732A6A2DB29E.e.27022/click - {}
RESULT: {}
RESULT: {}
COMMAND: GET /session/7d4ef5db813d7a6cede0ad9a34edc09c/screenshot - {}
RESULT: {}
COMMAND: POST /session/7d4ef5db813d7a6cede0ad9a34edc09c/element - {"using":"xpath","value":"//span[@id=\"application-manageyards-display-component---NewYard--addressNewCostObjectCstID-vhi\"]"}
RESULT: {"using":"xpath","value":"//span[@id=\"application-manageyards-display-component---NewYard--addressNewCostObjectCstID-vhi\"]"}
COMMAND: POST /session/7d4ef5db813d7a6cede0ad9a34edc09c/execute/sync - {"script":"<script> [8489 bytes]","args":[{"element-6066-11e4-a52e-4f735466cecf":"f.A871513E4156B49FEA6A1325266FBBC5.d.9CC74BFBD16A2A83B4F1732A6A2DB29E.e.27026","ELEMENT":"f.A871513E4156B49FEA6A1325266FBBC5.d.9CC74BFBD16A2A83B4F1732A6A2DB29E.e.27026"}]}
RESULT: {"script":"<script> [8489 bytes]","args":[{"element-6066-11e4-a52e-4f735466cecf":"f.A871513E4156B49FEA6A1325266FBBC5.d.9CC74BFBD16A2A83B4F1732A6A2DB29E.e.27026","ELEMENT":"f.A871513E4156B49FEA6A1325266FBBC5.d.9CC74BFBD16A2A83B4F1732A6A2DB29E.e.27026"}]}
COMMAND: POST /session/7d4ef5db813d7a6cede0ad9a34edc09c/execute/async - {"script":"<script> [1562 bytes]","args":[{"selector":{"id":"application-manageyards-display-component---NewYard--addressNewCostObjectCstID-vhi"},"wdio_ui5_key":"applicationmanageyards-display-component---NewYard--addressNewCostObjectCstID-vhi"}]}
COMMAND: GET /session/7d4ef5db813d7a6cede0ad9a34edc09c/screenshot - {}
RESULT: {"script":"<script> [1562 bytes]","args":[{"selector":{"id":"application-manageyards-display-component---NewYard--addressNewCostObjectCstID-vhi"},"wdio_ui5_key":"applicationmanageyards-display-component---NewYard--addressNewCostObjectCstID-vhi"}]}
RESULT: undefined
COMMAND: POST /session/7d4ef5db813d7a6cede0ad9a34edc09c/element - {"using":"xpath","value":"//*[@id=\"application-manageyards-display-component---NewYard--addressNewCostObjectCstID-vhi\"]"}
RESULT: {}
RESULT: {"using":"xpath","value":"//*[@id=\"application-manageyards-display-component---NewYard--addressNewCostObjectCstID-vhi\"]"}
COMMAND: POST /session/7d4ef5db813d7a6cede0ad9a34edc09c/element/f.A871513E4156B49FEA6A1325266FBBC5.d.9CC74BFBD16A2A83B4F1732A6A2DB29E.e.27026/click - {}
RESULT: {}
COMMAND: GET /session/7d4ef5db813d7a6cede0ad9a34edc09c/screenshot - {}
RESULT: {}
COMMAND: POST /session/7d4ef5db813d7a6cede0ad9a34edc09c/execute/async - {"script":"<script> [1562 bytes]","args":[{"selector":{"controlType":"sap.m.SearchField","properties":{"placeholder":"Search"},"searchOpenDialogs":true,"interaction":{"idSuffix":"I"}},"wdio_ui5_key":"sapm.SearchField{\"placeholder\":\"Search\"}"}]}
RESULT: {"script":"<script> [1562 bytes]","args":[{"selector":{"controlType":"sap.m.SearchField","properties":{"placeholder":"Search"},"searchOpenDialogs":true,"interaction":{"idSuffix":"I"}},"wdio_ui5_key":"sapm.SearchField{\"placeholder\":\"Search\"}"}]}
RESULT: undefined
COMMAND: POST /session/7d4ef5db813d7a6cede0ad9a34edc09c/execute/async - {"script":"<script> [776 bytes]","args":[{"enterText":"bauh_b","selector":{"controlType":"sap.m.SearchField","properties":{"placeholder":"Search"},"searchOpenDialogs":true,"interaction":{"idSuffix":"I"}},"clearTextFirst":true,"interactionType":"ENTER_TEXT"}]}
RESULT: {"script":"<script> [776 bytes]","args":[{"enterText":"bauh_b","selector":{"controlType":"sap.m.SearchField","properties":{"placeholder":"Search"},"searchOpenDialogs":true,"interaction":{"idSuffix":"I"}},"clearTextFirst":true,"interactionType":"ENTER_TEXT"}]}
COMMAND: POST /session/7d4ef5db813d7a6cede0ad9a34edc09c/actions - {"actions":[{"id":"action87","type":"key","parameters":{},"actions":[{"type":"keyDown","value":""},{"type":"pause","duration":10},{"type":"keyUp","value":""}]}]}
RESULT: {"actions":[{"id":"action87","type":"key","parameters":{},"actions":[{"type":"keyDown","value":""},{"type":"pause","duration":10},{"type":"keyUp","value":""}]}]}
COMMAND: GET /session/7d4ef5db813d7a6cede0ad9a34edc09c/screenshot - {}
RESULT: {}
COMMAND: POST /session/7d4ef5db813d7a6cede0ad9a34edc09c/element - {"using":"xpath","value":"//span[contains(text(), \"Demo Yard\")]"}
RESULT: {"using":"xpath","value":"//span[contains(text(), \"Demo Yard\")]"}
COMMAND: POST /session/7d4ef5db813d7a6cede0ad9a34edc09c/element/f.A871513E4156B49FEA6A1325266FBBC5.d.9CC74BFBD16A2A83B4F1732A6A2DB29E.e.27067/click - {}
RESULT: {}
COMMAND: GET /session/7d4ef5db813d7a6cede0ad9a34edc09c/screenshot - {}
RESULT: {}
COMMAND: POST /session/7d4ef5db813d7a6cede0ad9a34edc09c/element - {"using":"xpath","value":"//bdi[contains(text(), \"OK\")]"}
RESULT: {"using":"xpath","value":"//bdi[contains(text(), \"OK\")]"}
COMMAND: POST /session/7d4ef5db813d7a6cede0ad9a34edc09c/element/f.A871513E4156B49FEA6A1325266FBBC5.d.9CC74BFBD16A2A83B4F1732A6A2DB29E.e.27068/click - {}
RESULT: {}
COMMAND: GET /session/7d4ef5db813d7a6cede0ad9a34edc09c/screenshot - {}
RESULT: {}
COMMAND: POST /session/7d4ef5db813d7a6cede0ad9a34edc09c/execute/async - {"script":"<script> [1562 bytes]","args":[{"selector":{"id":"application-manageyards-display-component---NewYard--addressEditDetailsCurrency-arrow"},"wdio_ui5_key":"applicationmanageyards-display-component---NewYard--addressEditDetailsCurrency-arrow"}]}
RESULT: {"script":"<script> [1562 bytes]","args":[{"selector":{"id":"application-manageyards-display-component---NewYard--addressEditDetailsCurrency-arrow"},"wdio_ui5_key":"applicationmanageyards-display-component---NewYard--addressEditDetailsCurrency-arrow"}]}
RESULT: undefined
COMMAND: POST /session/7d4ef5db813d7a6cede0ad9a34edc09c/element - {"using":"xpath","value":"//*[@id=\"application-manageyards-display-component---NewYard--addressEditDetailsCurrency-arrow\"]"}
RESULT: {"using":"xpath","value":"//*[@id=\"application-manageyards-display-component---NewYard--addressEditDetailsCurrency-arrow\"]"}
COMMAND: POST /session/7d4ef5db813d7a6cede0ad9a34edc09c/element/f.A871513E4156B49FEA6A1325266FBBC5.d.9CC74BFBD16A2A83B4F1732A6A2DB29E.e.27071/click - {}
RESULT: {}
COMMAND: POST /session/7d4ef5db813d7a6cede0ad9a34edc09c/element - {"using":"xpath","value":"//span[contains(text(), \"Euro\")]"}
COMMAND: GET /session/7d4ef5db813d7a6cede0ad9a34edc09c/screenshot - {}
RESULT: {"using":"xpath","value":"//span[contains(text(), \"Euro\")]"}
COMMAND: POST /session/7d4ef5db813d7a6cede0ad9a34edc09c/element/f.A871513E4156B49FEA6A1325266FBBC5.d.9CC74BFBD16A2A83B4F1732A6A2DB29E.e.27072/click - {}
RESULT: {}
RESULT: {}
COMMAND: POST /session/7d4ef5db813d7a6cede0ad9a34edc09c/execute/async - {"script":"<script> [1562 bytes]","args":[{"selector":{"controlType":"sap.m.Input","viewName":"etm.portal.ui.manageyards.view.New","viewId":"application-manageyards-display-component---NewYard","bindingPath":{"path":"","propertyPath":"/CONTROLLING_AREA","modelName":"NewYardModel"},"interaction":{"idSuffix":"inner"}},"wdio_ui5_key":"etmportal.ui.manageyards.view.Newsap.m.Input{\"path\":\"\",\"propertyPath\":\"/CONTROLLING_AREA\",\"modelName\":\"NewYardModel\"}"}]}
COMMAND: GET /session/7d4ef5db813d7a6cede0ad9a34edc09c/screenshot - {}
RESULT: {"script":"<script> [1562 bytes]","args":[{"selector":{"controlType":"sap.m.Input","viewName":"etm.portal.ui.manageyards.view.New","viewId":"application-manageyards-display-component---NewYard","bindingPath":{"path":"","propertyPath":"/CONTROLLING_AREA","modelName":"NewYardModel"},"interaction":{"idSuffix":"inner"}},"wdio_ui5_key":"etmportal.ui.manageyards.view.Newsap.m.Input{\"path\":\"\",\"propertyPath\":\"/CONTROLLING_AREA\",\"modelName\":\"NewYardModel\"}"}]}
RESULT: undefined
COMMAND: POST /session/7d4ef5db813d7a6cede0ad9a34edc09c/execute/async - {"script":"<script> [776 bytes]","args":[{"enterText":"Z001","selector":{"controlType":"sap.m.Input","viewName":"etm.portal.ui.manageyards.view.New","viewId":"application-manageyards-display-component---NewYard","bindingPath":{"path":"","propertyPath":"/CONTROLLING_AREA","modelName":"NewYardModel"},"interaction":{"idSuffix":"inner"}},"clearTextFirst":true,"interactionType":"ENTER_TEXT"}]}
RESULT: {}
RESULT: {"script":"<script> [776 bytes]","args":[{"enterText":"Z001","selector":{"controlType":"sap.m.Input","viewName":"etm.portal.ui.manageyards.view.New","viewId":"application-manageyards-display-component---NewYard","bindingPath":{"path":"","propertyPath":"/CONTROLLING_AREA","modelName":"NewYardModel"},"interaction":{"idSuffix":"inner"}},"clearTextFirst":true,"interactionType":"ENTER_TEXT"}]}
COMMAND: POST /session/7d4ef5db813d7a6cede0ad9a34edc09c/execute/async - {"script":"<script> [1562 bytes]","args":[{"selector":{"id":"application-manageyards-display-component---NewYard--companyCodeComboBox","interaction":{"idSuffix":"inner"}},"wdio_ui5_key":"applicationmanageyards-display-component---NewYard--companyCodeComboBox"}]}
RESULT: {"script":"<script> [1562 bytes]","args":[{"selector":{"id":"application-manageyards-display-component---NewYard--companyCodeComboBox","interaction":{"idSuffix":"inner"}},"wdio_ui5_key":"applicationmanageyards-display-component---NewYard--companyCodeComboBox"}]}
RESULT: undefined
COMMAND: POST /session/7d4ef5db813d7a6cede0ad9a34edc09c/execute/async - {"script":"<script> [776 bytes]","args":[{"enterText":"1000","selector":{"id":"application-manageyards-display-component---NewYard--companyCodeComboBox","interaction":{"idSuffix":"inner"}},"clearTextFirst":true,"interactionType":"ENTER_TEXT"}]}
RESULT: {"script":"<script> [776 bytes]","args":[{"enterText":"1000","selector":{"id":"application-manageyards-display-component---NewYard--companyCodeComboBox","interaction":{"idSuffix":"inner"}},"clearTextFirst":true,"interactionType":"ENTER_TEXT"}]}
COMMAND: POST /session/7d4ef5db813d7a6cede0ad9a34edc09c/execute/async - {"script":"<script> [1562 bytes]","args":[{"selector":{"controlType":"sap.m.Input","viewName":"etm.portal.ui.manageyards.view.New","viewId":"application-manageyards-display-component---NewYard","bindingPath":{"path":"","propertyPath":"/PLANT","modelName":"NewYardModel"},"interaction":{"idSuffix":"inner"}},"wdio_ui5_key":"etmportal.ui.manageyards.view.Newsap.m.Input{\"path\":\"\",\"propertyPath\":\"/PLANT\",\"modelName\":\"NewYardModel\"}"}]}
RESULT: {"script":"<script> [1562 bytes]","args":[{"selector":{"controlType":"sap.m.Input","viewName":"etm.portal.ui.manageyards.view.New","viewId":"application-manageyards-display-component---NewYard","bindingPath":{"path":"","propertyPath":"/PLANT","modelName":"NewYardModel"},"interaction":{"idSuffix":"inner"}},"wdio_ui5_key":"etmportal.ui.manageyards.view.Newsap.m.Input{\"path\":\"\",\"propertyPath\":\"/PLANT\",\"modelName\":\"NewYardModel\"}"}]}
RESULT: undefined
COMMAND: POST /session/7d4ef5db813d7a6cede0ad9a34edc09c/execute/async - {"script":"<script> [776 bytes]","args":[{"enterText":"1001","selector":{"controlType":"sap.m.Input","viewName":"etm.portal.ui.manageyards.view.New","viewId":"application-manageyards-display-component---NewYard","bindingPath":{"path":"","propertyPath":"/PLANT","modelName":"NewYardModel"},"interaction":{"idSuffix":"inner"}},"clearTextFirst":true,"interactionType":"ENTER_TEXT"}]}
RESULT: {"script":"<script> [776 bytes]","args":[{"enterText":"1001","selector":{"controlType":"sap.m.Input","viewName":"etm.portal.ui.manageyards.view.New","viewId":"application-manageyards-display-component---NewYard","bindingPath":{"path":"","propertyPath":"/PLANT","modelName":"NewYardModel"},"interaction":{"idSuffix":"inner"}},"clearTextFirst":true,"interactionType":"ENTER_TEXT"}]}
COMMAND: POST /session/7d4ef5db813d7a6cede0ad9a34edc09c/execute/async - {"script":"<script> [1562 bytes]","args":[{"selector":{"controlType":"sap.m.Input","viewName":"etm.portal.ui.manageyards.view.New","viewId":"application-manageyards-display-component---NewYard","bindingPath":{"path":"","propertyPath":"/SALES_AREA_VKORG","modelName":"NewYardModel"},"interaction":{"idSuffix":"inner"}},"wdio_ui5_key":"etmportal.ui.manageyards.view.Newsap.m.Input{\"path\":\"\",\"propertyPath\":\"/SALES_AREA_VKORG\",\"modelName\":\"NewYardModel\"}"}]}
RESULT: {"script":"<script> [1562 bytes]","args":[{"selector":{"controlType":"sap.m.Input","viewName":"etm.portal.ui.manageyards.view.New","viewId":"application-manageyards-display-component---NewYard","bindingPath":{"path":"","propertyPath":"/SALES_AREA_VKORG","modelName":"NewYardModel"},"interaction":{"idSuffix":"inner"}},"wdio_ui5_key":"etmportal.ui.manageyards.view.Newsap.m.Input{\"path\":\"\",\"propertyPath\":\"/SALES_AREA_VKORG\",\"modelName\":\"NewYardModel\"}"}]}
RESULT: undefined
COMMAND: POST /session/7d4ef5db813d7a6cede0ad9a34edc09c/execute/async - {"script":"<script> [776 bytes]","args":[{"enterText":"C002","selector":{"controlType":"sap.m.Input","viewName":"etm.portal.ui.manageyards.view.New","viewId":"application-manageyards-display-component---NewYard","bindingPath":{"path":"","propertyPath":"/SALES_AREA_VKORG","modelName":"NewYardModel"},"interaction":{"idSuffix":"inner"}},"clearTextFirst":true,"interactionType":"ENTER_TEXT"}]}
RESULT: {"script":"<script> [776 bytes]","args":[{"enterText":"C002","selector":{"controlType":"sap.m.Input","viewName":"etm.portal.ui.manageyards.view.New","viewId":"application-manageyards-display-component---NewYard","bindingPath":{"path":"","propertyPath":"/SALES_AREA_VKORG","modelName":"NewYardModel"},"interaction":{"idSuffix":"inner"}},"clearTextFirst":true,"interactionType":"ENTER_TEXT"}]}
COMMAND: POST /session/7d4ef5db813d7a6cede0ad9a34edc09c/execute/async - {"script":"<script> [1562 bytes]","args":[{"selector":{"controlType":"sap.m.Input","viewName":"etm.portal.ui.manageyards.view.New","viewId":"application-manageyards-display-component---NewYard","bindingPath":{"path":"","propertyPath":"/SALES_AREA_VTWEG","modelName":"NewYardModel"},"interaction":{"idSuffix":"inner"}},"wdio_ui5_key":"etmportal.ui.manageyards.view.Newsap.m.Input{\"path\":\"\",\"propertyPath\":\"/SALES_AREA_VTWEG\",\"modelName\":\"NewYardModel\"}"}]}
RESULT: {"script":"<script> [1562 bytes]","args":[{"selector":{"controlType":"sap.m.Input","viewName":"etm.portal.ui.manageyards.view.New","viewId":"application-manageyards-display-component---NewYard","bindingPath":{"path":"","propertyPath":"/SALES_AREA_VTWEG","modelName":"NewYardModel"},"interaction":{"idSuffix":"inner"}},"wdio_ui5_key":"etmportal.ui.manageyards.view.Newsap.m.Input{\"path\":\"\",\"propertyPath\":\"/SALES_AREA_VTWEG\",\"modelName\":\"NewYardModel\"}"}]}
RESULT: undefined
COMMAND: POST /session/7d4ef5db813d7a6cede0ad9a34edc09c/execute/async - {"script":"<script> [776 bytes]","args":[{"enterText":"C2","selector":{"controlType":"sap.m.Input","viewName":"etm.portal.ui.manageyards.view.New","viewId":"application-manageyards-display-component---NewYard","bindingPath":{"path":"","propertyPath":"/SALES_AREA_VTWEG","modelName":"NewYardModel"},"interaction":{"idSuffix":"inner"}},"clearTextFirst":true,"interactionType":"ENTER_TEXT"}]}
RESULT: {"script":"<script> [776 bytes]","args":[{"enterText":"C2","selector":{"controlType":"sap.m.Input","viewName":"etm.portal.ui.manageyards.view.New","viewId":"application-manageyards-display-component---NewYard","bindingPath":{"path":"","propertyPath":"/SALES_AREA_VTWEG","modelName":"NewYardModel"},"interaction":{"idSuffix":"inner"}},"clearTextFirst":true,"interactionType":"ENTER_TEXT"}]}
COMMAND: POST /session/7d4ef5db813d7a6cede0ad9a34edc09c/execute/async - {"script":"<script> [1562 bytes]","args":[{"selector":{"controlType":"sap.m.Input","viewName":"etm.portal.ui.manageyards.view.New","viewId":"application-manageyards-display-component---NewYard","bindingPath":{"path":"","propertyPath":"/SALES_AREA_SPART","modelName":"NewYardModel"},"interaction":{"idSuffix":"inner"}},"wdio_ui5_key":"etmportal.ui.manageyards.view.Newsap.m.Input{\"path\":\"\",\"propertyPath\":\"/SALES_AREA_SPART\",\"modelName\":\"NewYardModel\"}"}]}
RESULT: {"script":"<script> [1562 bytes]","args":[{"selector":{"controlType":"sap.m.Input","viewName":"etm.portal.ui.manageyards.view.New","viewId":"application-manageyards-display-component---NewYard","bindingPath":{"path":"","propertyPath":"/SALES_AREA_SPART","modelName":"NewYardModel"},"interaction":{"idSuffix":"inner"}},"wdio_ui5_key":"etmportal.ui.manageyards.view.Newsap.m.Input{\"path\":\"\",\"propertyPath\":\"/SALES_AREA_SPART\",\"modelName\":\"NewYardModel\"}"}]}
RESULT: undefined
COMMAND: POST /session/7d4ef5db813d7a6cede0ad9a34edc09c/execute/async - {"script":"<script> [776 bytes]","args":[{"enterText":"C2","selector":{"controlType":"sap.m.Input","viewName":"etm.portal.ui.manageyards.view.New","viewId":"application-manageyards-display-component---NewYard","bindingPath":{"path":"","propertyPath":"/SALES_AREA_SPART","modelName":"NewYardModel"},"interaction":{"idSuffix":"inner"}},"clearTextFirst":true,"interactionType":"ENTER_TEXT"}]}
RESULT: {"script":"<script> [776 bytes]","args":[{"enterText":"C2","selector":{"controlType":"sap.m.Input","viewName":"etm.portal.ui.manageyards.view.New","viewId":"application-manageyards-display-component---NewYard","bindingPath":{"path":"","propertyPath":"/SALES_AREA_SPART","modelName":"NewYardModel"},"interaction":{"idSuffix":"inner"}},"clearTextFirst":true,"interactionType":"ENTER_TEXT"}]}
COMMAND: POST /session/7d4ef5db813d7a6cede0ad9a34edc09c/execute/async - {"script":"<script> [1562 bytes]","args":[{"selector":{"controlType":"sap.m.Input","viewName":"etm.portal.ui.manageyards.view.New","viewId":"application-manageyards-display-component---NewYard","bindingPath":{"path":"","propertyPath":"/SHIP_POINT","modelName":"NewYardModel"},"interaction":{"idSuffix":"inner"}},"wdio_ui5_key":"etmportal.ui.manageyards.view.Newsap.m.Input{\"path\":\"\",\"propertyPath\":\"/SHIP_POINT\",\"modelName\":\"NewYardModel\"}"}]}
RESULT: {"script":"<script> [1562 bytes]","args":[{"selector":{"controlType":"sap.m.Input","viewName":"etm.portal.ui.manageyards.view.New","viewId":"application-manageyards-display-component---NewYard","bindingPath":{"path":"","propertyPath":"/SHIP_POINT","modelName":"NewYardModel"},"interaction":{"idSuffix":"inner"}},"wdio_ui5_key":"etmportal.ui.manageyards.view.Newsap.m.Input{\"path\":\"\",\"propertyPath\":\"/SHIP_POINT\",\"modelName\":\"NewYardModel\"}"}]}
RESULT: undefined
COMMAND: POST /session/7d4ef5db813d7a6cede0ad9a34edc09c/execute/async - {"script":"<script> [776 bytes]","args":[{"enterText":"1710","selector":{"controlType":"sap.m.Input","viewName":"etm.portal.ui.manageyards.view.New","viewId":"application-manageyards-display-component---NewYard","bindingPath":{"path":"","propertyPath":"/SHIP_POINT","modelName":"NewYardModel"},"interaction":{"idSuffix":"inner"}},"clearTextFirst":true,"interactionType":"ENTER_TEXT"}]}
RESULT: {"script":"<script> [776 bytes]","args":[{"enterText":"1710","selector":{"controlType":"sap.m.Input","viewName":"etm.portal.ui.manageyards.view.New","viewId":"application-manageyards-display-component---NewYard","bindingPath":{"path":"","propertyPath":"/SHIP_POINT","modelName":"NewYardModel"},"interaction":{"idSuffix":"inner"}},"clearTextFirst":true,"interactionType":"ENTER_TEXT"}]}
COMMAND: POST /session/7d4ef5db813d7a6cede0ad9a34edc09c/execute/async - {"script":"<script> [1562 bytes]","args":[{"selector":{"controlType":"sap.m.Input","viewName":"etm.portal.ui.manageyards.view.New","viewId":"application-manageyards-display-component---NewYard","bindingPath":{"path":"","propertyPath":"/DELIVERY_TYPE","modelName":"NewYardModel"},"interaction":{"idSuffix":"inner"}},"wdio_ui5_key":"etmportal.ui.manageyards.view.Newsap.m.Input{\"path\":\"\",\"propertyPath\":\"/DELIVERY_TYPE\",\"modelName\":\"NewYardModel\"}"}]}
RESULT: {"script":"<script> [1562 bytes]","args":[{"selector":{"controlType":"sap.m.Input","viewName":"etm.portal.ui.manageyards.view.New","viewId":"application-manageyards-display-component---NewYard","bindingPath":{"path":"","propertyPath":"/DELIVERY_TYPE","modelName":"NewYardModel"},"interaction":{"idSuffix":"inner"}},"wdio_ui5_key":"etmportal.ui.manageyards.view.Newsap.m.Input{\"path\":\"\",\"propertyPath\":\"/DELIVERY_TYPE\",\"modelName\":\"NewYardModel\"}"}]}
RESULT: undefined
COMMAND: POST /session/7d4ef5db813d7a6cede0ad9a34edc09c/execute/async - {"script":"<script> [776 bytes]","args":[{"enterText":"ZL01","selector":{"controlType":"sap.m.Input","viewName":"etm.portal.ui.manageyards.view.New","viewId":"application-manageyards-display-component---NewYard","bindingPath":{"path":"","propertyPath":"/DELIVERY_TYPE","modelName":"NewYardModel"},"interaction":{"idSuffix":"inner"}},"clearTextFirst":true,"interactionType":"ENTER_TEXT"}]}
RESULT: {"script":"<script> [776 bytes]","args":[{"enterText":"ZL01","selector":{"controlType":"sap.m.Input","viewName":"etm.portal.ui.manageyards.view.New","viewId":"application-manageyards-display-component---NewYard","bindingPath":{"path":"","propertyPath":"/DELIVERY_TYPE","modelName":"NewYardModel"},"interaction":{"idSuffix":"inner"}},"clearTextFirst":true,"interactionType":"ENTER_TEXT"}]}
COMMAND: POST /session/7d4ef5db813d7a6cede0ad9a34edc09c/execute/async - {"script":"<script> [1562 bytes]","args":[{"selector":{"controlType":"sap.m.Input","viewName":"etm.portal.ui.manageyards.view.New","viewId":"application-manageyards-display-component---NewYard","bindingPath":{"path":"","propertyPath":"/AUART","modelName":"NewYardModel"},"interaction":{"idSuffix":"inner"}},"wdio_ui5_key":"etmportal.ui.manageyards.view.Newsap.m.Input{\"path\":\"\",\"propertyPath\":\"/AUART\",\"modelName\":\"NewYardModel\"}"}]}
RESULT: {"script":"<script> [1562 bytes]","args":[{"selector":{"controlType":"sap.m.Input","viewName":"etm.portal.ui.manageyards.view.New","viewId":"application-manageyards-display-component---NewYard","bindingPath":{"path":"","propertyPath":"/AUART","modelName":"NewYardModel"},"interaction":{"idSuffix":"inner"}},"wdio_ui5_key":"etmportal.ui.manageyards.view.Newsap.m.Input{\"path\":\"\",\"propertyPath\":\"/AUART\",\"modelName\":\"NewYardModel\"}"}]}
RESULT: undefined
COMMAND: POST /session/7d4ef5db813d7a6cede0ad9a34edc09c/execute/async - {"script":"<script> [776 bytes]","args":[{"enterText":"TA","selector":{"controlType":"sap.m.Input","viewName":"etm.portal.ui.manageyards.view.New","viewId":"application-manageyards-display-component---NewYard","bindingPath":{"path":"","propertyPath":"/AUART","modelName":"NewYardModel"},"interaction":{"idSuffix":"inner"}},"clearTextFirst":true,"interactionType":"ENTER_TEXT"}]}
RESULT: {"script":"<script> [776 bytes]","args":[{"enterText":"TA","selector":{"controlType":"sap.m.Input","viewName":"etm.portal.ui.manageyards.view.New","viewId":"application-manageyards-display-component---NewYard","bindingPath":{"path":"","propertyPath":"/AUART","modelName":"NewYardModel"},"interaction":{"idSuffix":"inner"}},"clearTextFirst":true,"interactionType":"ENTER_TEXT"}]}
COMMAND: POST /session/7d4ef5db813d7a6cede0ad9a34edc09c/element - {"using":"xpath","value":"//button[@data-kt=\"newYardSaveButton\"]"}
RESULT: {"using":"xpath","value":"//button[@data-kt=\"newYardSaveButton\"]"}
COMMAND: POST /session/7d4ef5db813d7a6cede0ad9a34edc09c/element/f.A871513E4156B49FEA6A1325266FBBC5.d.9CC74BFBD16A2A83B4F1732A6A2DB29E.e.26975/click - {}
RESULT: {}
COMMAND: GET /session/7d4ef5db813d7a6cede0ad9a34edc09c/screenshot - {}
RESULT: {}
COMMAND: POST /session/7d4ef5db813d7a6cede0ad9a34edc09c/element - {"using":"xpath","value":"//header[contains(@id, 'ObjectPageLayout-headerTitle')]/div[1]/div[2]/div[1]/span[1]"}
RESULT: {"using":"xpath","value":"//header[contains(@id, 'ObjectPageLayout-headerTitle')]/div[1]/div[2]/div[1]/span[1]"}
COMMAND: POST /session/7d4ef5db813d7a6cede0ad9a34edc09c/elements - {"using":"xpath","value":"//header[contains(@id, 'ObjectPageLayout-headerTitle')]/div[1]/div[2]/div[1]/span[1]"}
RESULT: {"using":"xpath","value":"//header[contains(@id, 'ObjectPageLayout-headerTitle')]/div[1]/div[2]/div[1]/span[1]"}
COMMAND: POST /session/7d4ef5db813d7a6cede0ad9a34edc09c/execute/sync - {"script":"<script> [56 bytes]","args":[{"element-6066-11e4-a52e-4f735466cecf":"f.A871513E4156B49FEA6A1325266FBBC5.d.9CC74BFBD16A2A83B4F1732A6A2DB29E.e.27299","ELEMENT":"f.A871513E4156B49FEA6A1325266FBBC5.d.9CC74BFBD16A2A83B4F1732A6A2DB29E.e.27299"}]}
RESULT: {"script":"<script> [56 bytes]","args":[{"element-6066-11e4-a52e-4f735466cecf":"f.A871513E4156B49FEA6A1325266FBBC5.d.9CC74BFBD16A2A83B4F1732A6A2DB29E.e.27299","ELEMENT":"f.A871513E4156B49FEA6A1325266FBBC5.d.9CC74BFBD16A2A83B4F1732A6A2DB29E.e.27299"}]}
COMMAND: GET /session/7d4ef5db813d7a6cede0ad9a34edc09c/screenshot - {}
RESULT: {}
COMMAND: POST /session/7d4ef5db813d7a6cede0ad9a34edc09c/element - {"using":"css selector","value":"#shell-header-logo"}
RESULT: {"using":"css selector","value":"#shell-header-logo"}
COMMAND: POST /session/7d4ef5db813d7a6cede0ad9a34edc09c/element/f.A871513E4156B49FEA6A1325266FBBC5.d.9CC74BFBD16A2A83B4F1732A6A2DB29E.e.26432/click - {}
RESULT: {}
COMMAND: GET /session/7d4ef5db813d7a6cede0ad9a34edc09c/screenshot - {}
RESULT: {}
COMMAND: POST /session/7d4ef5db813d7a6cede0ad9a34edc09c/execute/sync - {"script":"<script> [299 bytes]","args":[["getModel","getResource"]]}
RESULT: {"script":"<script> [299 bytes]","args":[["getModel","getResource"]]}
]]></system-out>
    </testcase>
    <testcase classname="chrome.136_0_7103_93.windows.Transfer_Yard_to_Yard_US131076" name="Should create an equipment" time="148.22">
      <system-out><![CDATA[
COMMAND: POST /session/7d4ef5db813d7a6cede0ad9a34edc09c/execute/async - {"script":"<script> [1562 bytes]","args":[{"selector":{"controlType":"sap.m.GenericTile","properties":{"header":"Manage Resources"}},"wdio_ui5_key":"sapm.GenericTile{\"header\":\"Manage Resources\"}"}]}
COMMAND: GET /session/7d4ef5db813d7a6cede0ad9a34edc09c/screenshot - {}
RESULT: {"script":"<script> [1562 bytes]","args":[{"selector":{"controlType":"sap.m.GenericTile","properties":{"header":"Manage Resources"}},"wdio_ui5_key":"sapm.GenericTile{\"header\":\"Manage Resources\"}"}]}
RESULT: undefined
COMMAND: POST /session/7d4ef5db813d7a6cede0ad9a34edc09c/element - {"using":"xpath","value":"//*[@id=\"__tile31\"]"}
RESULT: {}
RESULT: {"using":"xpath","value":"//*[@id=\"__tile31\"]"}
COMMAND: POST /session/7d4ef5db813d7a6cede0ad9a34edc09c/element/f.A871513E4156B49FEA6A1325266FBBC5.d.9CC74BFBD16A2A83B4F1732A6A2DB29E.e.26453/click - {}
RESULT: {}
COMMAND: GET /session/7d4ef5db813d7a6cede0ad9a34edc09c/screenshot - {}
RESULT: {}
COMMAND: POST /session/7d4ef5db813d7a6cede0ad9a34edc09c/elements - {"using":"xpath","value":"//span[text()='Error']"}
RESULT: {"using":"xpath","value":"//span[text()='Error']"}
COMMAND: POST /session/7d4ef5db813d7a6cede0ad9a34edc09c/element - {"using":"xpath","value":"//button[@data-kt=\"addNewRUOverflowToolbarButton\"]"}
RESULT: {"using":"xpath","value":"//button[@data-kt=\"addNewRUOverflowToolbarButton\"]"}
COMMAND: POST /session/7d4ef5db813d7a6cede0ad9a34edc09c/elements - {"using":"xpath","value":"//button[@data-kt=\"addNewRUOverflowToolbarButton\"]"}
RESULT: {"using":"xpath","value":"//button[@data-kt=\"addNewRUOverflowToolbarButton\"]"}
COMMAND: POST /session/7d4ef5db813d7a6cede0ad9a34edc09c/execute/sync - {"script":"<script> [8489 bytes]","args":[{"element-6066-11e4-a52e-4f735466cecf":"f.A871513E4156B49FEA6A1325266FBBC5.d.9CC74BFBD16A2A83B4F1732A6A2DB29E.e.27342","ELEMENT":"f.A871513E4156B49FEA6A1325266FBBC5.d.9CC74BFBD16A2A83B4F1732A6A2DB29E.e.27342"}]}
RESULT: {"script":"<script> [8489 bytes]","args":[{"element-6066-11e4-a52e-4f735466cecf":"f.A871513E4156B49FEA6A1325266FBBC5.d.9CC74BFBD16A2A83B4F1732A6A2DB29E.e.27342","ELEMENT":"f.A871513E4156B49FEA6A1325266FBBC5.d.9CC74BFBD16A2A83B4F1732A6A2DB29E.e.27342"}]}
COMMAND: GET /session/7d4ef5db813d7a6cede0ad9a34edc09c/element/f.A871513E4156B49FEA6A1325266FBBC5.d.9CC74BFBD16A2A83B4F1732A6A2DB29E.e.27342/enabled - {}
COMMAND: GET /session/7d4ef5db813d7a6cede0ad9a34edc09c/screenshot - {}
RESULT: {}
COMMAND: POST /session/7d4ef5db813d7a6cede0ad9a34edc09c/execute/sync - {"script":"<script> [8489 bytes]","args":[{"element-6066-11e4-a52e-4f735466cecf":"f.A871513E4156B49FEA6A1325266FBBC5.d.9CC74BFBD16A2A83B4F1732A6A2DB29E.e.27342","ELEMENT":"f.A871513E4156B49FEA6A1325266FBBC5.d.9CC74BFBD16A2A83B4F1732A6A2DB29E.e.27342"}]}
COMMAND: GET /session/7d4ef5db813d7a6cede0ad9a34edc09c/screenshot - {}
RESULT: {}
RESULT: {"script":"<script> [8489 bytes]","args":[{"element-6066-11e4-a52e-4f735466cecf":"f.A871513E4156B49FEA6A1325266FBBC5.d.9CC74BFBD16A2A83B4F1732A6A2DB29E.e.27342","ELEMENT":"f.A871513E4156B49FEA6A1325266FBBC5.d.9CC74BFBD16A2A83B4F1732A6A2DB29E.e.27342"}]}
COMMAND: POST /session/7d4ef5db813d7a6cede0ad9a34edc09c/execute/sync - {"script":"<script> [5351 bytes]","args":[{"element-6066-11e4-a52e-4f735466cecf":"f.A871513E4156B49FEA6A1325266FBBC5.d.9CC74BFBD16A2A83B4F1732A6A2DB29E.e.27342","ELEMENT":"f.A871513E4156B49FEA6A1325266FBBC5.d.9CC74BFBD16A2A83B4F1732A6A2DB29E.e.27342"}]}
COMMAND: GET /session/7d4ef5db813d7a6cede0ad9a34edc09c/screenshot - {}
RESULT: {}
RESULT: {"script":"<script> [5351 bytes]","args":[{"element-6066-11e4-a52e-4f735466cecf":"f.A871513E4156B49FEA6A1325266FBBC5.d.9CC74BFBD16A2A83B4F1732A6A2DB29E.e.27342","ELEMENT":"f.A871513E4156B49FEA6A1325266FBBC5.d.9CC74BFBD16A2A83B4F1732A6A2DB29E.e.27342"}]}
COMMAND: POST /session/7d4ef5db813d7a6cede0ad9a34edc09c/element/f.A871513E4156B49FEA6A1325266FBBC5.d.9CC74BFBD16A2A83B4F1732A6A2DB29E.e.27342/click - {}
COMMAND: GET /session/7d4ef5db813d7a6cede0ad9a34edc09c/screenshot - {}
RESULT: {}
RESULT: {}
COMMAND: GET /session/7d4ef5db813d7a6cede0ad9a34edc09c/screenshot - {}
RESULT: {}
COMMAND: POST /session/7d4ef5db813d7a6cede0ad9a34edc09c/execute/async - {"script":"<script> [1562 bytes]","args":[{"selector":{"id":"application-manageresources-display-component---newResourceUnit--TYPE-arrow"},"wdio_ui5_key":"applicationmanageresources-display-component---newResourceUnit--TYPE-arrow"}]}
RESULT: {}
RESULT: {"script":"<script> [1562 bytes]","args":[{"selector":{"id":"application-manageresources-display-component---newResourceUnit--TYPE-arrow"},"wdio_ui5_key":"applicationmanageresources-display-component---newResourceUnit--TYPE-arrow"}]}
RESULT: undefined
COMMAND: POST /session/7d4ef5db813d7a6cede0ad9a34edc09c/element - {"using":"xpath","value":"//*[@id=\"application-manageresources-display-component---newResourceUnit--TYPE-arrow\"]"}
RESULT: {"using":"xpath","value":"//*[@id=\"application-manageresources-display-component---newResourceUnit--TYPE-arrow\"]"}
COMMAND: POST /session/7d4ef5db813d7a6cede0ad9a34edc09c/element/f.A871513E4156B49FEA6A1325266FBBC5.d.9CC74BFBD16A2A83B4F1732A6A2DB29E.e.27689/click - {}
RESULT: {}
COMMAND: POST /session/7d4ef5db813d7a6cede0ad9a34edc09c/element - {"using":"xpath","value":"//input[@id=\"application-manageresources-display-component---newResourceUnit--TYPE-inner\"]"}
COMMAND: GET /session/7d4ef5db813d7a6cede0ad9a34edc09c/screenshot - {}
RESULT: {"using":"xpath","value":"//input[@id=\"application-manageresources-display-component---newResourceUnit--TYPE-inner\"]"}
COMMAND: POST /session/7d4ef5db813d7a6cede0ad9a34edc09c/element/f.A871513E4156B49FEA6A1325266FBBC5.d.9CC74BFBD16A2A83B4F1732A6A2DB29E.e.27681/clear - {}
RESULT: {}
RESULT: {}
COMMAND: POST /session/7d4ef5db813d7a6cede0ad9a34edc09c/element/f.A871513E4156B49FEA6A1325266FBBC5.d.9CC74BFBD16A2A83B4F1732A6A2DB29E.e.27681/value - {"text":"Equipment"}
COMMAND: GET /session/7d4ef5db813d7a6cede0ad9a34edc09c/screenshot - {}
RESULT: {"text":"Equipment"}
COMMAND: GET /session/7d4ef5db813d7a6cede0ad9a34edc09c/screenshot - {}
RESULT: {}
RESULT: {}
COMMAND: POST /session/7d4ef5db813d7a6cede0ad9a34edc09c/actions - {"actions":[{"id":"action88","type":"key","parameters":{},"actions":[{"type":"keyDown","value":""},{"type":"pause","duration":10},{"type":"keyUp","value":""}]}]}
RESULT: {"actions":[{"id":"action88","type":"key","parameters":{},"actions":[{"type":"keyDown","value":""},{"type":"pause","duration":10},{"type":"keyUp","value":""}]}]}
COMMAND: POST /session/7d4ef5db813d7a6cede0ad9a34edc09c/execute/async - {"script":"<script> [1562 bytes]","args":[{"selector":{"id":"application-manageresources-display-component---newResourceUnit--resourceId","interaction":{"idSuffix":"inner"}},"wdio_ui5_key":"applicationmanageresources-display-component---newResourceUnit--resourceId"}]}
COMMAND: GET /session/7d4ef5db813d7a6cede0ad9a34edc09c/screenshot - {}
RESULT: {"script":"<script> [1562 bytes]","args":[{"selector":{"id":"application-manageresources-display-component---newResourceUnit--resourceId","interaction":{"idSuffix":"inner"}},"wdio_ui5_key":"applicationmanageresources-display-component---newResourceUnit--resourceId"}]}
RESULT: undefined
COMMAND: POST /session/7d4ef5db813d7a6cede0ad9a34edc09c/execute/async - {"script":"<script> [776 bytes]","args":[{"enterText":"PPVTMKqa64","selector":{"id":"application-manageresources-display-component---newResourceUnit--resourceId","interaction":{"idSuffix":"inner"}},"clearTextFirst":true,"interactionType":"ENTER_TEXT"}]}
RESULT: {}
RESULT: {"script":"<script> [776 bytes]","args":[{"enterText":"PPVTMKqa64","selector":{"id":"application-manageresources-display-component---newResourceUnit--resourceId","interaction":{"idSuffix":"inner"}},"clearTextFirst":true,"interactionType":"ENTER_TEXT"}]}
COMMAND: POST /session/7d4ef5db813d7a6cede0ad9a34edc09c/execute/async - {"script":"<script> [1562 bytes]","args":[{"selector":{"id":"application-manageresources-display-component---newResourceUnit--SHORT_TEXT","interaction":{"idSuffix":"inner"}},"wdio_ui5_key":"applicationmanageresources-display-component---newResourceUnit--SHORT_TEXT"}]}
RESULT: {"script":"<script> [1562 bytes]","args":[{"selector":{"id":"application-manageresources-display-component---newResourceUnit--SHORT_TEXT","interaction":{"idSuffix":"inner"}},"wdio_ui5_key":"applicationmanageresources-display-component---newResourceUnit--SHORT_TEXT"}]}
RESULT: undefined
COMMAND: POST /session/7d4ef5db813d7a6cede0ad9a34edc09c/execute/async - {"script":"<script> [776 bytes]","args":[{"enterText":"Intercompany Equipment WDIO","selector":{"id":"application-manageresources-display-component---newResourceUnit--SHORT_TEXT","interaction":{"idSuffix":"inner"}},"clearTextFirst":true,"interactionType":"ENTER_TEXT"}]}
RESULT: {"script":"<script> [776 bytes]","args":[{"enterText":"Intercompany Equipment WDIO","selector":{"id":"application-manageresources-display-component---newResourceUnit--SHORT_TEXT","interaction":{"idSuffix":"inner"}},"clearTextFirst":true,"interactionType":"ENTER_TEXT"}]}
COMMAND: POST /session/7d4ef5db813d7a6cede0ad9a34edc09c/execute/async - {"script":"<script> [1562 bytes]","args":[{"selector":{"id":"application-manageresources-display-component---newResourceUnit--BASE_UNIT_OF_MEASURE","interaction":{"idSuffix":"inner"}},"wdio_ui5_key":"applicationmanageresources-display-component---newResourceUnit--BASE_UNIT_OF_MEASURE"}]}
RESULT: {"script":"<script> [1562 bytes]","args":[{"selector":{"id":"application-manageresources-display-component---newResourceUnit--BASE_UNIT_OF_MEASURE","interaction":{"idSuffix":"inner"}},"wdio_ui5_key":"applicationmanageresources-display-component---newResourceUnit--BASE_UNIT_OF_MEASURE"}]}
RESULT: undefined
COMMAND: POST /session/7d4ef5db813d7a6cede0ad9a34edc09c/execute/async - {"script":"<script> [776 bytes]","args":[{"enterText":"Piece","selector":{"id":"application-manageresources-display-component---newResourceUnit--BASE_UNIT_OF_MEASURE","interaction":{"idSuffix":"inner"}},"clearTextFirst":true,"interactionType":"ENTER_TEXT"}]}
RESULT: {"script":"<script> [776 bytes]","args":[{"enterText":"Piece","selector":{"id":"application-manageresources-display-component---newResourceUnit--BASE_UNIT_OF_MEASURE","interaction":{"idSuffix":"inner"}},"clearTextFirst":true,"interactionType":"ENTER_TEXT"}]}
COMMAND: POST /session/7d4ef5db813d7a6cede0ad9a34edc09c/execute/async - {"script":"<script> [1562 bytes]","args":[{"selector":{"id":"application-manageresources-display-component---newResourceUnit--WEIGHT_UNIT","interaction":{"idSuffix":"inner"}},"wdio_ui5_key":"applicationmanageresources-display-component---newResourceUnit--WEIGHT_UNIT"}]}
RESULT: {"script":"<script> [1562 bytes]","args":[{"selector":{"id":"application-manageresources-display-component---newResourceUnit--WEIGHT_UNIT","interaction":{"idSuffix":"inner"}},"wdio_ui5_key":"applicationmanageresources-display-component---newResourceUnit--WEIGHT_UNIT"}]}
RESULT: undefined
COMMAND: POST /session/7d4ef5db813d7a6cede0ad9a34edc09c/execute/async - {"script":"<script> [776 bytes]","args":[{"enterText":"Gram","selector":{"id":"application-manageresources-display-component---newResourceUnit--WEIGHT_UNIT","interaction":{"idSuffix":"inner"}},"clearTextFirst":true,"interactionType":"ENTER_TEXT"}]}
RESULT: {"script":"<script> [776 bytes]","args":[{"enterText":"Gram","selector":{"id":"application-manageresources-display-component---newResourceUnit--WEIGHT_UNIT","interaction":{"idSuffix":"inner"}},"clearTextFirst":true,"interactionType":"ENTER_TEXT"}]}
COMMAND: POST /session/7d4ef5db813d7a6cede0ad9a34edc09c/execute/async - {"script":"<script> [1562 bytes]","args":[{"selector":{"id":"application-manageresources-display-component---newResourceUnit--DIMENSION_UNIT","interaction":{"idSuffix":"inner"}},"wdio_ui5_key":"applicationmanageresources-display-component---newResourceUnit--DIMENSION_UNIT"}]}
RESULT: {"script":"<script> [1562 bytes]","args":[{"selector":{"id":"application-manageresources-display-component---newResourceUnit--DIMENSION_UNIT","interaction":{"idSuffix":"inner"}},"wdio_ui5_key":"applicationmanageresources-display-component---newResourceUnit--DIMENSION_UNIT"}]}
RESULT: undefined
COMMAND: POST /session/7d4ef5db813d7a6cede0ad9a34edc09c/execute/async - {"script":"<script> [776 bytes]","args":[{"enterText":"Meter","selector":{"id":"application-manageresources-display-component---newResourceUnit--DIMENSION_UNIT","interaction":{"idSuffix":"inner"}},"clearTextFirst":true,"interactionType":"ENTER_TEXT"}]}
RESULT: {"script":"<script> [776 bytes]","args":[{"enterText":"Meter","selector":{"id":"application-manageresources-display-component---newResourceUnit--DIMENSION_UNIT","interaction":{"idSuffix":"inner"}},"clearTextFirst":true,"interactionType":"ENTER_TEXT"}]}
COMMAND: POST /session/7d4ef5db813d7a6cede0ad9a34edc09c/execute/async - {"script":"<script> [1562 bytes]","args":[{"selector":{"id":"application-manageresources-display-component---newResourceUnit--newRRUPage-anchBar-application-manageresources-display-component---newResourceUnit--control-anchor","interaction":{"idSuffix":"BDI-content"}},"wdio_ui5_key":"applicationmanageresources-display-component---newResourceUnit--newRRUPage-anchBar-application-manageresources-display-component---newResourceUnit--control-anchor"}]}
RESULT: {"script":"<script> [1562 bytes]","args":[{"selector":{"id":"application-manageresources-display-component---newResourceUnit--newRRUPage-anchBar-application-manageresources-display-component---newResourceUnit--control-anchor","interaction":{"idSuffix":"BDI-content"}},"wdio_ui5_key":"applicationmanageresources-display-component---newResourceUnit--newRRUPage-anchBar-application-manageresources-display-component---newResourceUnit--control-anchor"}]}
RESULT: undefined
COMMAND: POST /session/7d4ef5db813d7a6cede0ad9a34edc09c/element - {"using":"xpath","value":"//*[@id=\"application-manageresources-display-component---newResourceUnit--newRRUPage-anchBar-application-manageresources-display-component---newResourceUnit--control-anchor\"]"}
RESULT: {"using":"xpath","value":"//*[@id=\"application-manageresources-display-component---newResourceUnit--newRRUPage-anchBar-application-manageresources-display-component---newResourceUnit--control-anchor\"]"}
COMMAND: POST /session/7d4ef5db813d7a6cede0ad9a34edc09c/element/f.A871513E4156B49FEA6A1325266FBBC5.d.9CC74BFBD16A2A83B4F1732A6A2DB29E.e.27821/click - {}
RESULT: {}
COMMAND: POST /session/7d4ef5db813d7a6cede0ad9a34edc09c/execute/async - {"script":"<script> [1562 bytes]","args":[{"selector":{"id":"application-manageresources-display-component---newResourceUnit--PLANNING_GROUP","interaction":{"idSuffix":"inner"}},"wdio_ui5_key":"applicationmanageresources-display-component---newResourceUnit--PLANNING_GROUP"}]}
COMMAND: GET /session/7d4ef5db813d7a6cede0ad9a34edc09c/screenshot - {}
RESULT: {"script":"<script> [1562 bytes]","args":[{"selector":{"id":"application-manageresources-display-component---newResourceUnit--PLANNING_GROUP","interaction":{"idSuffix":"inner"}},"wdio_ui5_key":"applicationmanageresources-display-component---newResourceUnit--PLANNING_GROUP"}]}
RESULT: undefined
COMMAND: POST /session/7d4ef5db813d7a6cede0ad9a34edc09c/execute/async - {"script":"<script> [776 bytes]","args":[{"enterText":"Heavy Equi","selector":{"id":"application-manageresources-display-component---newResourceUnit--PLANNING_GROUP","interaction":{"idSuffix":"inner"}},"clearTextFirst":true,"interactionType":"ENTER_TEXT"}]}
RESULT: {}
RESULT: {"script":"<script> [776 bytes]","args":[{"enterText":"Heavy Equi","selector":{"id":"application-manageresources-display-component---newResourceUnit--PLANNING_GROUP","interaction":{"idSuffix":"inner"}},"clearTextFirst":true,"interactionType":"ENTER_TEXT"}]}
COMMAND: POST /session/7d4ef5db813d7a6cede0ad9a34edc09c/execute/async - {"script":"<script> [1562 bytes]","args":[{"selector":{"id":"application-manageresources-display-component---newResourceUnit--ITEM_TYPE-arrow"},"wdio_ui5_key":"applicationmanageresources-display-component---newResourceUnit--ITEM_TYPE-arrow"}]}
RESULT: {"script":"<script> [1562 bytes]","args":[{"selector":{"id":"application-manageresources-display-component---newResourceUnit--ITEM_TYPE-arrow"},"wdio_ui5_key":"applicationmanageresources-display-component---newResourceUnit--ITEM_TYPE-arrow"}]}
RESULT: undefined
COMMAND: POST /session/7d4ef5db813d7a6cede0ad9a34edc09c/element - {"using":"xpath","value":"//*[@id=\"application-manageresources-display-component---newResourceUnit--ITEM_TYPE-arrow\"]"}
RESULT: {"using":"xpath","value":"//*[@id=\"application-manageresources-display-component---newResourceUnit--ITEM_TYPE-arrow\"]"}
COMMAND: POST /session/7d4ef5db813d7a6cede0ad9a34edc09c/element/f.A871513E4156B49FEA6A1325266FBBC5.d.9CC74BFBD16A2A83B4F1732A6A2DB29E.e.27830/click - {}
RESULT: {}
COMMAND: POST /session/7d4ef5db813d7a6cede0ad9a34edc09c/element - {"using":"xpath","value":"(//span[contains(text(), \"Resource Unit\")])[2]"}
COMMAND: GET /session/7d4ef5db813d7a6cede0ad9a34edc09c/screenshot - {}
RESULT: {"using":"xpath","value":"(//span[contains(text(), \"Resource Unit\")])[2]"}
COMMAND: POST /session/7d4ef5db813d7a6cede0ad9a34edc09c/element/f.A871513E4156B49FEA6A1325266FBBC5.d.9CC74BFBD16A2A83B4F1732A6A2DB29E.e.27831/click - {}
RESULT: {}
RESULT: {}
COMMAND: GET /session/7d4ef5db813d7a6cede0ad9a34edc09c/screenshot - {}
RESULT: {}
COMMAND: POST /session/7d4ef5db813d7a6cede0ad9a34edc09c/element - {"using":"css selector","value":"#application-manageresources-display-component---newResourceUnit--btnAddTimeSegment"}
RESULT: {"using":"css selector","value":"#application-manageresources-display-component---newResourceUnit--btnAddTimeSegment"}
COMMAND: GET /session/7d4ef5db813d7a6cede0ad9a34edc09c/element/f.A871513E4156B49FEA6A1325266FBBC5.d.9CC74BFBD16A2A83B4F1732A6A2DB29E.e.27832/rect - {}
RESULT: {}
COMMAND: GET /session/7d4ef5db813d7a6cede0ad9a34edc09c/window/rect - {}
RESULT: {}
COMMAND: POST /session/7d4ef5db813d7a6cede0ad9a34edc09c/execute/sync - {"script":"<script> [92 bytes]","args":[]}
RESULT: {"script":"<script> [92 bytes]","args":[]}
COMMAND: POST /session/7d4ef5db813d7a6cede0ad9a34edc09c/actions - {"actions":[{"id":"action89","type":"wheel","parameters":{},"actions":[{"type":"scroll","x":-1888,"y":-32,"deltaX":0,"deltaY":0,"duration":0,"origin":{"element-6066-11e4-a52e-4f735466cecf":"f.A871513E4156B49FEA6A1325266FBBC5.d.9CC74BFBD16A2A83B4F1732A6A2DB29E.e.27832"}}]}]}
COMMAND: GET /session/7d4ef5db813d7a6cede0ad9a34edc09c/screenshot - {}
RESULT: {}
COMMAND: POST /session/7d4ef5db813d7a6cede0ad9a34edc09c/execute/sync - {"script":"<script> [79 bytes]","args":[{"element-6066-11e4-a52e-4f735466cecf":"f.A871513E4156B49FEA6A1325266FBBC5.d.9CC74BFBD16A2A83B4F1732A6A2DB29E.e.27832","ELEMENT":"f.A871513E4156B49FEA6A1325266FBBC5.d.9CC74BFBD16A2A83B4F1732A6A2DB29E.e.27832"},{"block":"start","inline":"nearest"}]}
RESULT: {"script":"<script> [79 bytes]","args":[{"element-6066-11e4-a52e-4f735466cecf":"f.A871513E4156B49FEA6A1325266FBBC5.d.9CC74BFBD16A2A83B4F1732A6A2DB29E.e.27832","ELEMENT":"f.A871513E4156B49FEA6A1325266FBBC5.d.9CC74BFBD16A2A83B4F1732A6A2DB29E.e.27832"},{"block":"start","inline":"nearest"}]}
COMMAND: POST /session/7d4ef5db813d7a6cede0ad9a34edc09c/execute/async - {"script":"<script> [1562 bytes]","args":[{"selector":{"id":"application-manageresources-display-component---newResourceUnit--btnAddTimeSegment","interaction":{"idSuffix":"inner"}},"wdio_ui5_key":"applicationmanageresources-display-component---newResourceUnit--btnAddTimeSegment"}]}
COMMAND: GET /session/7d4ef5db813d7a6cede0ad9a34edc09c/screenshot - {}
RESULT: {"script":"<script> [1562 bytes]","args":[{"selector":{"id":"application-manageresources-display-component---newResourceUnit--btnAddTimeSegment","interaction":{"idSuffix":"inner"}},"wdio_ui5_key":"applicationmanageresources-display-component---newResourceUnit--btnAddTimeSegment"}]}
RESULT: undefined
COMMAND: POST /session/7d4ef5db813d7a6cede0ad9a34edc09c/element - {"using":"xpath","value":"//*[@id=\"application-manageresources-display-component---newResourceUnit--btnAddTimeSegment\"]"}
RESULT: {}
RESULT: {"using":"xpath","value":"//*[@id=\"application-manageresources-display-component---newResourceUnit--btnAddTimeSegment\"]"}
COMMAND: POST /session/7d4ef5db813d7a6cede0ad9a34edc09c/element/f.A871513E4156B49FEA6A1325266FBBC5.d.9CC74BFBD16A2A83B4F1732A6A2DB29E.e.27832/click - {}
RESULT: {}
COMMAND: GET /session/7d4ef5db813d7a6cede0ad9a34edc09c/screenshot - {}
RESULT: {}
COMMAND: POST /session/7d4ef5db813d7a6cede0ad9a34edc09c/element - {"using":"xpath","value":"//input[@id=\"application-manageresources-display-component---newResourceUnit--idRuTSAdmin-application-manageresources-display-component---newResourceUnit--RUTimeSegment-0-inner\"]"}
RESULT: {"using":"xpath","value":"//input[@id=\"application-manageresources-display-component---newResourceUnit--idRuTSAdmin-application-manageresources-display-component---newResourceUnit--RUTimeSegment-0-inner\"]"}
COMMAND: POST /session/7d4ef5db813d7a6cede0ad9a34edc09c/element/f.A871513E4156B49FEA6A1325266FBBC5.d.9CC74BFBD16A2A83B4F1732A6A2DB29E.e.27838/clear - {}
RESULT: {}
COMMAND: POST /session/7d4ef5db813d7a6cede0ad9a34edc09c/element/f.A871513E4156B49FEA6A1325266FBBC5.d.9CC74BFBD16A2A83B4F1732A6A2DB29E.e.27838/value - {"text":"637"}
COMMAND: GET /session/7d4ef5db813d7a6cede0ad9a34edc09c/screenshot - {}
RESULT: {}
RESULT: {"text":"637"}
COMMAND: GET /session/7d4ef5db813d7a6cede0ad9a34edc09c/screenshot - {}
RESULT: {}
COMMAND: POST /session/7d4ef5db813d7a6cede0ad9a34edc09c/element - {"using":"xpath","value":"//li[.//span[text()='637']]"}
RESULT: {"using":"xpath","value":"//li[.//span[text()='637']]"}
COMMAND: POST /session/7d4ef5db813d7a6cede0ad9a34edc09c/element/f.A871513E4156B49FEA6A1325266FBBC5.d.9CC74BFBD16A2A83B4F1732A6A2DB29E.e.27850/click - {}
RESULT: {}
COMMAND: GET /session/7d4ef5db813d7a6cede0ad9a34edc09c/screenshot - {}
RESULT: {}
COMMAND: POST /session/7d4ef5db813d7a6cede0ad9a34edc09c/element - {"using":"xpath","value":"(//span[contains(@id, \"-application-manageresources-display-component---newResourceUnit--RUTimeSegment-0-arrow\")])[6]"}
RESULT: {"using":"xpath","value":"(//span[contains(@id, \"-application-manageresources-display-component---newResourceUnit--RUTimeSegment-0-arrow\")])[6]"}
COMMAND: POST /session/7d4ef5db813d7a6cede0ad9a34edc09c/element/f.A871513E4156B49FEA6A1325266FBBC5.d.9CC74BFBD16A2A83B4F1732A6A2DB29E.e.27851/click - {}
RESULT: {}
COMMAND: GET /session/7d4ef5db813d7a6cede0ad9a34edc09c/screenshot - {}
RESULT: {}
COMMAND: POST /session/7d4ef5db813d7a6cede0ad9a34edc09c/element - {"using":"xpath","value":"//span[contains(text(), \"PM Order\")]"}
RESULT: {"using":"xpath","value":"//span[contains(text(), \"PM Order\")]"}
COMMAND: POST /session/7d4ef5db813d7a6cede0ad9a34edc09c/element/f.A871513E4156B49FEA6A1325266FBBC5.d.9CC74BFBD16A2A83B4F1732A6A2DB29E.e.27854/click - {}
RESULT: {}
COMMAND: GET /session/7d4ef5db813d7a6cede0ad9a34edc09c/screenshot - {}
RESULT: {}
COMMAND: POST /session/7d4ef5db813d7a6cede0ad9a34edc09c/element - {"using":"xpath","value":"(//span[contains(@id ,\"manageresources-display-component---newResourceUnit--RUTimeSegment-0-vhi\")])[1]"}
RESULT: {"using":"xpath","value":"(//span[contains(@id ,\"manageresources-display-component---newResourceUnit--RUTimeSegment-0-vhi\")])[1]"}
COMMAND: GET /session/7d4ef5db813d7a6cede0ad9a34edc09c/element/f.A871513E4156B49FEA6A1325266FBBC5.d.9CC74BFBD16A2A83B4F1732A6A2DB29E.e.27858/rect - {}
RESULT: {}
COMMAND: GET /session/7d4ef5db813d7a6cede0ad9a34edc09c/window/rect - {}
RESULT: {}
COMMAND: POST /session/7d4ef5db813d7a6cede0ad9a34edc09c/execute/sync - {"script":"<script> [92 bytes]","args":[]}
RESULT: {"script":"<script> [92 bytes]","args":[]}
COMMAND: POST /session/7d4ef5db813d7a6cede0ad9a34edc09c/actions - {"actions":[{"id":"action90","type":"wheel","parameters":{},"actions":[{"type":"scroll","x":-869,"y":-24,"deltaX":0,"deltaY":0,"duration":0,"origin":{"element-6066-11e4-a52e-4f735466cecf":"f.A871513E4156B49FEA6A1325266FBBC5.d.9CC74BFBD16A2A83B4F1732A6A2DB29E.e.27858"}}]}]}
COMMAND: GET /session/7d4ef5db813d7a6cede0ad9a34edc09c/screenshot - {}
RESULT: {"actions":[{"id":"action90","type":"wheel","parameters":{},"actions":[{"type":"scroll","x":-869,"y":-24,"deltaX":0,"deltaY":0,"duration":0,"origin":{"element-6066-11e4-a52e-4f735466cecf":"f.A871513E4156B49FEA6A1325266FBBC5.d.9CC74BFBD16A2A83B4F1732A6A2DB29E.e.27858"}}]}]}
COMMAND: DELETE /session/7d4ef5db813d7a6cede0ad9a34edc09c/actions - {}
COMMAND: GET /session/7d4ef5db813d7a6cede0ad9a34edc09c/screenshot - {}
RESULT: {}
RESULT: {}
COMMAND: GET /session/7d4ef5db813d7a6cede0ad9a34edc09c/screenshot - {}
RESULT: {}
RESULT: {}
COMMAND: POST /session/7d4ef5db813d7a6cede0ad9a34edc09c/element/f.A871513E4156B49FEA6A1325266FBBC5.d.9CC74BFBD16A2A83B4F1732A6A2DB29E.e.27858/click - {}
RESULT: {}
COMMAND: GET /session/7d4ef5db813d7a6cede0ad9a34edc09c/screenshot - {}
RESULT: {}
RESULT: undefined
COMMAND: POST /session/7d4ef5db813d7a6cede0ad9a34edc09c/execute/async - {"script":"<script> [776 bytes]","args":[{"enterText":"4000360","selector":{"controlType":"sap.m.SearchField","properties":{"placeholder":"Search"},"searchOpenDialogs":true,"interaction":{"idSuffix":"I"}},"clearTextFirst":true,"interactionType":"ENTER_TEXT"}]}
RESULT: {"script":"<script> [776 bytes]","args":[{"enterText":"4000360","selector":{"controlType":"sap.m.SearchField","properties":{"placeholder":"Search"},"searchOpenDialogs":true,"interaction":{"idSuffix":"I"}},"clearTextFirst":true,"interactionType":"ENTER_TEXT"}]}
COMMAND: POST /session/7d4ef5db813d7a6cede0ad9a34edc09c/actions - {"actions":[{"id":"action91","type":"key","parameters":{},"actions":[{"type":"keyDown","value":""},{"type":"pause","duration":10},{"type":"keyUp","value":""}]}]}
RESULT: {"actions":[{"id":"action91","type":"key","parameters":{},"actions":[{"type":"keyDown","value":""},{"type":"pause","duration":10},{"type":"keyUp","value":""}]}]}
COMMAND: GET /session/7d4ef5db813d7a6cede0ad9a34edc09c/screenshot - {}
RESULT: {}
COMMAND: POST /session/7d4ef5db813d7a6cede0ad9a34edc09c/element - {"using":"xpath","value":"//td/div/span[contains(text(), \"BGL Vehicles\")]"}
RESULT: {"using":"xpath","value":"//td/div/span[contains(text(), \"BGL Vehicles\")]"}
COMMAND: POST /session/7d4ef5db813d7a6cede0ad9a34edc09c/element/f.A871513E4156B49FEA6A1325266FBBC5.d.9CC74BFBD16A2A83B4F1732A6A2DB29E.e.27877/click - {}
RESULT: {}
COMMAND: GET /session/7d4ef5db813d7a6cede0ad9a34edc09c/screenshot - {}
RESULT: {}
COMMAND: POST /session/7d4ef5db813d7a6cede0ad9a34edc09c/element - {"using":"xpath","value":"//bdi[contains(text(), \"OK\")]"}
RESULT: {"using":"xpath","value":"//bdi[contains(text(), \"OK\")]"}
COMMAND: POST /session/7d4ef5db813d7a6cede0ad9a34edc09c/element/f.A871513E4156B49FEA6A1325266FBBC5.d.9CC74BFBD16A2A83B4F1732A6A2DB29E.e.27878/click - {}
RESULT: {}
COMMAND: GET /session/7d4ef5db813d7a6cede0ad9a34edc09c/screenshot - {}
RESULT: {}
COMMAND: POST /session/7d4ef5db813d7a6cede0ad9a34edc09c/execute/async - {"script":"<script> [1562 bytes]","args":[{"selector":{"id":"application-manageresources-display-component---newResourceUnit--newRRUPage-anchBar-application-manageresources-display-component---newResourceUnit--resource-anchor","interaction":{"idSuffix":"BDI-content"}},"wdio_ui5_key":"applicationmanageresources-display-component---newResourceUnit--newRRUPage-anchBar-application-manageresources-display-component---newResourceUnit--resource-anchor"}]}
RESULT: {"script":"<script> [1562 bytes]","args":[{"selector":{"id":"application-manageresources-display-component---newResourceUnit--newRRUPage-anchBar-application-manageresources-display-component---newResourceUnit--resource-anchor","interaction":{"idSuffix":"BDI-content"}},"wdio_ui5_key":"applicationmanageresources-display-component---newResourceUnit--newRRUPage-anchBar-application-manageresources-display-component---newResourceUnit--resource-anchor"}]}
RESULT: undefined
COMMAND: POST /session/7d4ef5db813d7a6cede0ad9a34edc09c/element - {"using":"xpath","value":"//*[@id=\"application-manageresources-display-component---newResourceUnit--newRRUPage-anchBar-application-manageresources-display-component---newResourceUnit--resource-anchor\"]"}
RESULT: {"using":"xpath","value":"//*[@id=\"application-manageresources-display-component---newResourceUnit--newRRUPage-anchBar-application-manageresources-display-component---newResourceUnit--resource-anchor\"]"}
COMMAND: POST /session/7d4ef5db813d7a6cede0ad9a34edc09c/element/f.A871513E4156B49FEA6A1325266FBBC5.d.9CC74BFBD16A2A83B4F1732A6A2DB29E.e.27882/click - {}
RESULT: {}
COMMAND: POST /session/7d4ef5db813d7a6cede0ad9a34edc09c/execute/async - {"script":"<script> [1562 bytes]","args":[{"selector":{"id":"application-manageresources-display-component---newResourceUnit--PLANNED_DELIVERY_DATE","interaction":{"idSuffix":"inner"}},"wdio_ui5_key":"applicationmanageresources-display-component---newResourceUnit--PLANNED_DELIVERY_DATE"}]}
COMMAND: GET /session/7d4ef5db813d7a6cede0ad9a34edc09c/screenshot - {}
RESULT: {}
RESULT: {"script":"<script> [1562 bytes]","args":[{"selector":{"id":"application-manageresources-display-component---newResourceUnit--PLANNED_DELIVERY_DATE","interaction":{"idSuffix":"inner"}},"wdio_ui5_key":"applicationmanageresources-display-component---newResourceUnit--PLANNED_DELIVERY_DATE"}]}
RESULT: undefined
COMMAND: POST /session/7d4ef5db813d7a6cede0ad9a34edc09c/execute/async - {"script":"<script> [6424 bytes]","args":[{"element-6066-11e4-a52e-4f735466cecf":"f.A871513E4156B49FEA6A1325266FBBC5.d.9CC74BFBD16A2A83B4F1732A6A2DB29E.e.27746"},"setValue",["5/21/25"]]}
RESULT: {"script":"<script> [6424 bytes]","args":[{"element-6066-11e4-a52e-4f735466cecf":"f.A871513E4156B49FEA6A1325266FBBC5.d.9CC74BFBD16A2A83B4F1732A6A2DB29E.e.27746"},"setValue",["5/21/25"]]}
COMMAND: POST /session/7d4ef5db813d7a6cede0ad9a34edc09c/element - {"using":"xpath","value":"//label[contains(@class, 'sapMLabelRequired') and .//bdi[contains(text(), 'Planned Retirement')]]"}
RESULT: {"using":"xpath","value":"//label[contains(@class, 'sapMLabelRequired') and .//bdi[contains(text(), 'Planned Retirement')]]"}
COMMAND: POST /session/7d4ef5db813d7a6cede0ad9a34edc09c/elements - {"using":"xpath","value":"//label[contains(@class, 'sapMLabelRequired') and .//bdi[contains(text(), 'Planned Retirement')]]"}
RESULT: {"using":"xpath","value":"//label[contains(@class, 'sapMLabelRequired') and .//bdi[contains(text(), 'Planned Retirement')]]"}
COMMAND: POST /session/7d4ef5db813d7a6cede0ad9a34edc09c/element - {"using":"xpath","value":"//button[@data-kt=\"resourceUnitSaveButton\"]"}
RESULT: {"using":"xpath","value":"//button[@data-kt=\"resourceUnitSaveButton\"]"}
COMMAND: POST /session/7d4ef5db813d7a6cede0ad9a34edc09c/element/f.A871513E4156B49FEA6A1325266FBBC5.d.9CC74BFBD16A2A83B4F1732A6A2DB29E.e.27706/click - {}
RESULT: {}
COMMAND: GET /session/7d4ef5db813d7a6cede0ad9a34edc09c/screenshot - {}
RESULT: {}
COMMAND: POST /session/7d4ef5db813d7a6cede0ad9a34edc09c/element - {"using":"xpath","value":"//bdi[contains(text(), \"Close\")]"}
RESULT: {"using":"xpath","value":"//bdi[contains(text(), \"Close\")]"}
COMMAND: POST /session/7d4ef5db813d7a6cede0ad9a34edc09c/element/f.A871513E4156B49FEA6A1325266FBBC5.d.9CC74BFBD16A2A83B4F1732A6A2DB29E.e.27890/click - {}
RESULT: {}
COMMAND: GET /session/7d4ef5db813d7a6cede0ad9a34edc09c/screenshot - {}
RESULT: {}
COMMAND: POST /session/7d4ef5db813d7a6cede0ad9a34edc09c/element - {"using":"xpath","value":"(//button[contains(@id ,\"actionsToolbar-overflowButton\")])[1]"}
RESULT: {"using":"xpath","value":"(//button[contains(@id ,\"actionsToolbar-overflowButton\")])[1]"}
COMMAND: POST /session/7d4ef5db813d7a6cede0ad9a34edc09c/element/f.A871513E4156B49FEA6A1325266FBBC5.d.9CC74BFBD16A2A83B4F1732A6A2DB29E.e.27924/click - {}
RESULT: {}
COMMAND: GET /session/7d4ef5db813d7a6cede0ad9a34edc09c/screenshot - {}
RESULT: {}
COMMAND: POST /session/7d4ef5db813d7a6cede0ad9a34edc09c/element - {"using":"xpath","value":"//button[@data-kt=\"priceInfoButton\"]"}
RESULT: {"using":"xpath","value":"//button[@data-kt=\"priceInfoButton\"]"}
COMMAND: POST /session/7d4ef5db813d7a6cede0ad9a34edc09c/element/f.A871513E4156B49FEA6A1325266FBBC5.d.9CC74BFBD16A2A83B4F1732A6A2DB29E.e.27926/click - {}
RESULT: {}
COMMAND: GET /session/7d4ef5db813d7a6cede0ad9a34edc09c/screenshot - {}
RESULT: {}
COMMAND: POST /session/7d4ef5db813d7a6cede0ad9a34edc09c/element - {"using":"css selector","value":"#shell-header-logo"}
RESULT: {"using":"css selector","value":"#shell-header-logo"}
COMMAND: POST /session/7d4ef5db813d7a6cede0ad9a34edc09c/element/f.A871513E4156B49FEA6A1325266FBBC5.d.9CC74BFBD16A2A83B4F1732A6A2DB29E.e.27303/click - {}
RESULT: {}
COMMAND: GET /session/7d4ef5db813d7a6cede0ad9a34edc09c/screenshot - {}
RESULT: {}
]]></system-out>
    </testcase>
    <testcase classname="chrome.136_0_7103_93.windows.Transfer_Yard_to_Yard_US131076" name="Prereq Should create a new equipment multipart" time="124.512">
      <system-out><![CDATA[
RESULT: undefined
COMMAND: POST /session/7d4ef5db813d7a6cede0ad9a34edc09c/element - {"using":"xpath","value":"//*[@id=\"__tile31\"]"}
RESULT: {"using":"xpath","value":"//*[@id=\"__tile31\"]"}
COMMAND: POST /session/7d4ef5db813d7a6cede0ad9a34edc09c/element/f.A871513E4156B49FEA6A1325266FBBC5.d.9CC74BFBD16A2A83B4F1732A6A2DB29E.e.26453/click - {}
RESULT: {}
COMMAND: GET /session/7d4ef5db813d7a6cede0ad9a34edc09c/screenshot - {}
RESULT: {}
COMMAND: POST /session/7d4ef5db813d7a6cede0ad9a34edc09c/elements - {"using":"xpath","value":"//span[text()='Error']"}
RESULT: {"using":"xpath","value":"//span[text()='Error']"}
COMMAND: POST /session/7d4ef5db813d7a6cede0ad9a34edc09c/element - {"using":"xpath","value":"//button[@data-kt=\"addNewRUOverflowToolbarButton\"]"}
RESULT: {"using":"xpath","value":"//button[@data-kt=\"addNewRUOverflowToolbarButton\"]"}
COMMAND: POST /session/7d4ef5db813d7a6cede0ad9a34edc09c/elements - {"using":"xpath","value":"//button[@data-kt=\"addNewRUOverflowToolbarButton\"]"}
RESULT: {"using":"xpath","value":"//button[@data-kt=\"addNewRUOverflowToolbarButton\"]"}
COMMAND: POST /session/7d4ef5db813d7a6cede0ad9a34edc09c/execute/sync - {"script":"<script> [8489 bytes]","args":[{"element-6066-11e4-a52e-4f735466cecf":"f.A871513E4156B49FEA6A1325266FBBC5.d.9CC74BFBD16A2A83B4F1732A6A2DB29E.e.27969","ELEMENT":"f.A871513E4156B49FEA6A1325266FBBC5.d.9CC74BFBD16A2A83B4F1732A6A2DB29E.e.27969"}]}
RESULT: {"script":"<script> [8489 bytes]","args":[{"element-6066-11e4-a52e-4f735466cecf":"f.A871513E4156B49FEA6A1325266FBBC5.d.9CC74BFBD16A2A83B4F1732A6A2DB29E.e.27969","ELEMENT":"f.A871513E4156B49FEA6A1325266FBBC5.d.9CC74BFBD16A2A83B4F1732A6A2DB29E.e.27969"}]}
COMMAND: GET /session/7d4ef5db813d7a6cede0ad9a34edc09c/element/f.A871513E4156B49FEA6A1325266FBBC5.d.9CC74BFBD16A2A83B4F1732A6A2DB29E.e.27969/enabled - {}
COMMAND: GET /session/7d4ef5db813d7a6cede0ad9a34edc09c/screenshot - {}
RESULT: {}
COMMAND: POST /session/7d4ef5db813d7a6cede0ad9a34edc09c/execute/sync - {"script":"<script> [8489 bytes]","args":[{"element-6066-11e4-a52e-4f735466cecf":"f.A871513E4156B49FEA6A1325266FBBC5.d.9CC74BFBD16A2A83B4F1732A6A2DB29E.e.27969","ELEMENT":"f.A871513E4156B49FEA6A1325266FBBC5.d.9CC74BFBD16A2A83B4F1732A6A2DB29E.e.27969"}]}
COMMAND: GET /session/7d4ef5db813d7a6cede0ad9a34edc09c/screenshot - {}
RESULT: {}
RESULT: {"script":"<script> [8489 bytes]","args":[{"element-6066-11e4-a52e-4f735466cecf":"f.A871513E4156B49FEA6A1325266FBBC5.d.9CC74BFBD16A2A83B4F1732A6A2DB29E.e.27969","ELEMENT":"f.A871513E4156B49FEA6A1325266FBBC5.d.9CC74BFBD16A2A83B4F1732A6A2DB29E.e.27969"}]}
COMMAND: POST /session/7d4ef5db813d7a6cede0ad9a34edc09c/execute/sync - {"script":"<script> [5351 bytes]","args":[{"element-6066-11e4-a52e-4f735466cecf":"f.A871513E4156B49FEA6A1325266FBBC5.d.9CC74BFBD16A2A83B4F1732A6A2DB29E.e.27969","ELEMENT":"f.A871513E4156B49FEA6A1325266FBBC5.d.9CC74BFBD16A2A83B4F1732A6A2DB29E.e.27969"}]}
COMMAND: GET /session/7d4ef5db813d7a6cede0ad9a34edc09c/screenshot - {}
RESULT: {}
RESULT: {"script":"<script> [5351 bytes]","args":[{"element-6066-11e4-a52e-4f735466cecf":"f.A871513E4156B49FEA6A1325266FBBC5.d.9CC74BFBD16A2A83B4F1732A6A2DB29E.e.27969","ELEMENT":"f.A871513E4156B49FEA6A1325266FBBC5.d.9CC74BFBD16A2A83B4F1732A6A2DB29E.e.27969"}]}
COMMAND: POST /session/7d4ef5db813d7a6cede0ad9a34edc09c/element/f.A871513E4156B49FEA6A1325266FBBC5.d.9CC74BFBD16A2A83B4F1732A6A2DB29E.e.27969/click - {}
COMMAND: GET /session/7d4ef5db813d7a6cede0ad9a34edc09c/screenshot - {}
RESULT: {}
RESULT: {}
COMMAND: GET /session/7d4ef5db813d7a6cede0ad9a34edc09c/screenshot - {}
RESULT: {}
RESULT: {}
RESULT: undefined
COMMAND: POST /session/7d4ef5db813d7a6cede0ad9a34edc09c/element - {"using":"xpath","value":"//*[@id=\"application-manageresources-display-component---newResourceUnit--TYPE-arrow\"]"}
RESULT: {"using":"xpath","value":"//*[@id=\"application-manageresources-display-component---newResourceUnit--TYPE-arrow\"]"}
COMMAND: POST /session/7d4ef5db813d7a6cede0ad9a34edc09c/element/f.A871513E4156B49FEA6A1325266FBBC5.d.9CC74BFBD16A2A83B4F1732A6A2DB29E.e.28318/click - {}
RESULT: {}
COMMAND: POST /session/7d4ef5db813d7a6cede0ad9a34edc09c/element - {"using":"xpath","value":"//input[@id=\"application-manageresources-display-component---newResourceUnit--TYPE-inner\"]"}
COMMAND: GET /session/7d4ef5db813d7a6cede0ad9a34edc09c/screenshot - {}
RESULT: {"using":"xpath","value":"//input[@id=\"application-manageresources-display-component---newResourceUnit--TYPE-inner\"]"}
COMMAND: POST /session/7d4ef5db813d7a6cede0ad9a34edc09c/element/f.A871513E4156B49FEA6A1325266FBBC5.d.9CC74BFBD16A2A83B4F1732A6A2DB29E.e.28311/clear - {}
RESULT: {}
RESULT: {}
COMMAND: POST /session/7d4ef5db813d7a6cede0ad9a34edc09c/element/f.A871513E4156B49FEA6A1325266FBBC5.d.9CC74BFBD16A2A83B4F1732A6A2DB29E.e.28311/value - {"text":"Equi Multipart"}
COMMAND: GET /session/7d4ef5db813d7a6cede0ad9a34edc09c/screenshot - {}
RESULT: {"text":"Equi Multipart"}
COMMAND: GET /session/7d4ef5db813d7a6cede0ad9a34edc09c/screenshot - {}
RESULT: {}
RESULT: {}
COMMAND: POST /session/7d4ef5db813d7a6cede0ad9a34edc09c/actions - {"actions":[{"id":"action92","type":"key","parameters":{},"actions":[{"type":"keyDown","value":""},{"type":"pause","duration":10},{"type":"keyUp","value":""}]}]}
RESULT: {"actions":[{"id":"action92","type":"key","parameters":{},"actions":[{"type":"keyDown","value":""},{"type":"pause","duration":10},{"type":"keyUp","value":""}]}]}
RESULT: undefined
COMMAND: POST /session/7d4ef5db813d7a6cede0ad9a34edc09c/execute/async - {"script":"<script> [776 bytes]","args":[{"enterText":"Equipment Multipart WDIO","selector":{"id":"application-manageresources-display-component---newResourceUnit--SHORT_TEXT","interaction":{"idSuffix":"inner"}},"clearTextFirst":true,"interactionType":"ENTER_TEXT"}]}
COMMAND: GET /session/7d4ef5db813d7a6cede0ad9a34edc09c/screenshot - {}
RESULT: {"script":"<script> [776 bytes]","args":[{"enterText":"Equipment Multipart WDIO","selector":{"id":"application-manageresources-display-component---newResourceUnit--SHORT_TEXT","interaction":{"idSuffix":"inner"}},"clearTextFirst":true,"interactionType":"ENTER_TEXT"}]}
RESULT: undefined
COMMAND: POST /session/7d4ef5db813d7a6cede0ad9a34edc09c/execute/async - {"script":"<script> [776 bytes]","args":[{"enterText":"Piece","selector":{"id":"application-manageresources-display-component---newResourceUnit--BASE_UNIT_OF_MEASURE","interaction":{"idSuffix":"inner"}},"clearTextFirst":true,"interactionType":"ENTER_TEXT"}]}
RESULT: {}
RESULT: {"script":"<script> [776 bytes]","args":[{"enterText":"Piece","selector":{"id":"application-manageresources-display-component---newResourceUnit--BASE_UNIT_OF_MEASURE","interaction":{"idSuffix":"inner"}},"clearTextFirst":true,"interactionType":"ENTER_TEXT"}]}
RESULT: undefined
COMMAND: POST /session/7d4ef5db813d7a6cede0ad9a34edc09c/execute/async - {"script":"<script> [776 bytes]","args":[{"enterText":"Gram","selector":{"id":"application-manageresources-display-component---newResourceUnit--WEIGHT_UNIT","interaction":{"idSuffix":"inner"}},"clearTextFirst":true,"interactionType":"ENTER_TEXT"}]}
RESULT: {"script":"<script> [776 bytes]","args":[{"enterText":"Gram","selector":{"id":"application-manageresources-display-component---newResourceUnit--WEIGHT_UNIT","interaction":{"idSuffix":"inner"}},"clearTextFirst":true,"interactionType":"ENTER_TEXT"}]}
RESULT: undefined
COMMAND: POST /session/7d4ef5db813d7a6cede0ad9a34edc09c/execute/async - {"script":"<script> [776 bytes]","args":[{"enterText":"Meter","selector":{"id":"application-manageresources-display-component---newResourceUnit--DIMENSION_UNIT","interaction":{"idSuffix":"inner"}},"clearTextFirst":true,"interactionType":"ENTER_TEXT"}]}
RESULT: {"script":"<script> [776 bytes]","args":[{"enterText":"Meter","selector":{"id":"application-manageresources-display-component---newResourceUnit--DIMENSION_UNIT","interaction":{"idSuffix":"inner"}},"clearTextFirst":true,"interactionType":"ENTER_TEXT"}]}
RESULT: undefined
COMMAND: POST /session/7d4ef5db813d7a6cede0ad9a34edc09c/element - {"using":"xpath","value":"//*[@id=\"application-manageresources-display-component---newResourceUnit--newRRUPage-anchBar-application-manageresources-display-component---newResourceUnit--control-anchor\"]"}
RESULT: {"using":"xpath","value":"//*[@id=\"application-manageresources-display-component---newResourceUnit--newRRUPage-anchBar-application-manageresources-display-component---newResourceUnit--control-anchor\"]"}
COMMAND: POST /session/7d4ef5db813d7a6cede0ad9a34edc09c/element/f.A871513E4156B49FEA6A1325266FBBC5.d.9CC74BFBD16A2A83B4F1732A6A2DB29E.e.28384/click - {}
RESULT: {}
RESULT: undefined
COMMAND: POST /session/7d4ef5db813d7a6cede0ad9a34edc09c/execute/async - {"script":"<script> [776 bytes]","args":[{"enterText":"Heavy Equi","selector":{"id":"application-manageresources-display-component---newResourceUnit--PLANNING_GROUP","interaction":{"idSuffix":"inner"}},"clearTextFirst":true,"interactionType":"ENTER_TEXT"}]}
COMMAND: GET /session/7d4ef5db813d7a6cede0ad9a34edc09c/screenshot - {}
RESULT: {"script":"<script> [776 bytes]","args":[{"enterText":"Heavy Equi","selector":{"id":"application-manageresources-display-component---newResourceUnit--PLANNING_GROUP","interaction":{"idSuffix":"inner"}},"clearTextFirst":true,"interactionType":"ENTER_TEXT"}]}
RESULT: {}
COMMAND: POST /session/7d4ef5db813d7a6cede0ad9a34edc09c/execute/async - {"script":"<script> [1562 bytes]","args":[{"selector":{"id":"application-manageresources-display-component---newResourceUnit--PLANNING_INDICATOR","interaction":{"idSuffix":"inner"}},"wdio_ui5_key":"applicationmanageresources-display-component---newResourceUnit--PLANNING_INDICATOR"}]}
RESULT: {"script":"<script> [1562 bytes]","args":[{"selector":{"id":"application-manageresources-display-component---newResourceUnit--PLANNING_INDICATOR","interaction":{"idSuffix":"inner"}},"wdio_ui5_key":"applicationmanageresources-display-component---newResourceUnit--PLANNING_INDICATOR"}]}
RESULT: undefined
COMMAND: POST /session/7d4ef5db813d7a6cede0ad9a34edc09c/execute/async - {"script":"<script> [776 bytes]","args":[{"enterText":"10 - infinite","selector":{"id":"application-manageresources-display-component---newResourceUnit--PLANNING_INDICATOR","interaction":{"idSuffix":"inner"}},"clearTextFirst":true,"interactionType":"ENTER_TEXT"}]}
RESULT: {"script":"<script> [776 bytes]","args":[{"enterText":"10 - infinite","selector":{"id":"application-manageresources-display-component---newResourceUnit--PLANNING_INDICATOR","interaction":{"idSuffix":"inner"}},"clearTextFirst":true,"interactionType":"ENTER_TEXT"}]}
RESULT: undefined
COMMAND: POST /session/7d4ef5db813d7a6cede0ad9a34edc09c/element - {"using":"xpath","value":"//*[@id=\"application-manageresources-display-component---newResourceUnit--ITEM_TYPE-arrow\"]"}
RESULT: {"using":"xpath","value":"//*[@id=\"application-manageresources-display-component---newResourceUnit--ITEM_TYPE-arrow\"]"}
COMMAND: POST /session/7d4ef5db813d7a6cede0ad9a34edc09c/element/f.A871513E4156B49FEA6A1325266FBBC5.d.9CC74BFBD16A2A83B4F1732A6A2DB29E.e.28391/click - {}
RESULT: {}
COMMAND: GET /session/7d4ef5db813d7a6cede0ad9a34edc09c/screenshot - {}
RESULT: {}
COMMAND: POST /session/7d4ef5db813d7a6cede0ad9a34edc09c/execute/async - {"script":"<script> [1562 bytes]","args":[{"selector":{"controlType":"sap.m.StandardListItem","viewName":"reusables.view.manageresources.NewResourceUnit","viewId":"application-manageresources-display-component---newResourceUnit","properties":{"title":"Pool Equipment"},"searchOpenDialogs":true,"interaction":{"idSuffix":"content"}},"wdio_ui5_key":"reusablesview.manageresources.NewResourceUnitsap.m.StandardListItem{\"title\":\"Pool Equipment\"}"}]}
RESULT: {"script":"<script> [1562 bytes]","args":[{"selector":{"controlType":"sap.m.StandardListItem","viewName":"reusables.view.manageresources.NewResourceUnit","viewId":"application-manageresources-display-component---newResourceUnit","properties":{"title":"Pool Equipment"},"searchOpenDialogs":true,"interaction":{"idSuffix":"content"}},"wdio_ui5_key":"reusablesview.manageresources.NewResourceUnitsap.m.StandardListItem{\"title\":\"Pool Equipment\"}"}]}
RESULT: undefined
COMMAND: POST /session/7d4ef5db813d7a6cede0ad9a34edc09c/element - {"using":"xpath","value":"//*[@id=\"__item1375\"]"}
RESULT: {"using":"xpath","value":"//*[@id=\"__item1375\"]"}
COMMAND: POST /session/7d4ef5db813d7a6cede0ad9a34edc09c/element/f.A871513E4156B49FEA6A1325266FBBC5.d.9CC74BFBD16A2A83B4F1732A6A2DB29E.e.28393/click - {}
RESULT: {}
COMMAND: GET /session/7d4ef5db813d7a6cede0ad9a34edc09c/screenshot - {}
RESULT: {}
COMMAND: POST /session/7d4ef5db813d7a6cede0ad9a34edc09c/element - {"using":"css selector","value":"#application-manageresources-display-component---newResourceUnit--btnAddTimeSegment"}
RESULT: {"using":"css selector","value":"#application-manageresources-display-component---newResourceUnit--btnAddTimeSegment"}
COMMAND: GET /session/7d4ef5db813d7a6cede0ad9a34edc09c/element/f.A871513E4156B49FEA6A1325266FBBC5.d.9CC74BFBD16A2A83B4F1732A6A2DB29E.e.28394/rect - {}
RESULT: {}
COMMAND: GET /session/7d4ef5db813d7a6cede0ad9a34edc09c/window/rect - {}
RESULT: {}
COMMAND: POST /session/7d4ef5db813d7a6cede0ad9a34edc09c/execute/sync - {"script":"<script> [92 bytes]","args":[]}
RESULT: {"script":"<script> [92 bytes]","args":[]}
COMMAND: POST /session/7d4ef5db813d7a6cede0ad9a34edc09c/actions - {"actions":[{"id":"action93","type":"wheel","parameters":{},"actions":[{"type":"scroll","x":-1888,"y":-32,"deltaX":0,"deltaY":0,"duration":0,"origin":{"element-6066-11e4-a52e-4f735466cecf":"f.A871513E4156B49FEA6A1325266FBBC5.d.9CC74BFBD16A2A83B4F1732A6A2DB29E.e.28394"}}]}]}
COMMAND: GET /session/7d4ef5db813d7a6cede0ad9a34edc09c/screenshot - {}
RESULT: {}
COMMAND: POST /session/7d4ef5db813d7a6cede0ad9a34edc09c/execute/sync - {"script":"<script> [79 bytes]","args":[{"element-6066-11e4-a52e-4f735466cecf":"f.A871513E4156B49FEA6A1325266FBBC5.d.9CC74BFBD16A2A83B4F1732A6A2DB29E.e.28394","ELEMENT":"f.A871513E4156B49FEA6A1325266FBBC5.d.9CC74BFBD16A2A83B4F1732A6A2DB29E.e.28394"},{"block":"start","inline":"nearest"}]}
RESULT: {"script":"<script> [79 bytes]","args":[{"element-6066-11e4-a52e-4f735466cecf":"f.A871513E4156B49FEA6A1325266FBBC5.d.9CC74BFBD16A2A83B4F1732A6A2DB29E.e.28394","ELEMENT":"f.A871513E4156B49FEA6A1325266FBBC5.d.9CC74BFBD16A2A83B4F1732A6A2DB29E.e.28394"},{"block":"start","inline":"nearest"}]}
RESULT: undefined
COMMAND: POST /session/7d4ef5db813d7a6cede0ad9a34edc09c/element - {"using":"xpath","value":"//*[@id=\"application-manageresources-display-component---newResourceUnit--btnAddTimeSegment\"]"}
COMMAND: GET /session/7d4ef5db813d7a6cede0ad9a34edc09c/screenshot - {}
RESULT: {"using":"xpath","value":"//*[@id=\"application-manageresources-display-component---newResourceUnit--btnAddTimeSegment\"]"}
COMMAND: POST /session/7d4ef5db813d7a6cede0ad9a34edc09c/element/f.A871513E4156B49FEA6A1325266FBBC5.d.9CC74BFBD16A2A83B4F1732A6A2DB29E.e.28394/click - {}
RESULT: {}
RESULT: {}
COMMAND: GET /session/7d4ef5db813d7a6cede0ad9a34edc09c/screenshot - {}
RESULT: {}
COMMAND: POST /session/7d4ef5db813d7a6cede0ad9a34edc09c/element - {"using":"xpath","value":"//input[@id=\"application-manageresources-display-component---newResourceUnit--idRuTSAdmin-application-manageresources-display-component---newResourceUnit--RUTimeSegment-0-inner\"]"}
RESULT: {"using":"xpath","value":"//input[@id=\"application-manageresources-display-component---newResourceUnit--idRuTSAdmin-application-manageresources-display-component---newResourceUnit--RUTimeSegment-0-inner\"]"}
COMMAND: POST /session/7d4ef5db813d7a6cede0ad9a34edc09c/element/f.A871513E4156B49FEA6A1325266FBBC5.d.9CC74BFBD16A2A83B4F1732A6A2DB29E.e.28399/clear - {}
RESULT: {}
COMMAND: POST /session/7d4ef5db813d7a6cede0ad9a34edc09c/element/f.A871513E4156B49FEA6A1325266FBBC5.d.9CC74BFBD16A2A83B4F1732A6A2DB29E.e.28399/value - {"text":"637"}
COMMAND: GET /session/7d4ef5db813d7a6cede0ad9a34edc09c/screenshot - {}
RESULT: {"text":"637"}
COMMAND: GET /session/7d4ef5db813d7a6cede0ad9a34edc09c/screenshot - {}
RESULT: {}
RESULT: {}
COMMAND: POST /session/7d4ef5db813d7a6cede0ad9a34edc09c/element - {"using":"xpath","value":"//li[.//span[text()='637']]"}
RESULT: {"using":"xpath","value":"//li[.//span[text()='637']]"}
COMMAND: POST /session/7d4ef5db813d7a6cede0ad9a34edc09c/element/f.A871513E4156B49FEA6A1325266FBBC5.d.9CC74BFBD16A2A83B4F1732A6A2DB29E.e.28413/click - {}
RESULT: {}
COMMAND: GET /session/7d4ef5db813d7a6cede0ad9a34edc09c/screenshot - {}
RESULT: {}
COMMAND: POST /session/7d4ef5db813d7a6cede0ad9a34edc09c/element - {"using":"xpath","value":"(//span[contains(@id, \"-application-manageresources-display-component---newResourceUnit--RUTimeSegment-0-arrow\")])[5]"}
RESULT: {"using":"xpath","value":"(//span[contains(@id, \"-application-manageresources-display-component---newResourceUnit--RUTimeSegment-0-arrow\")])[5]"}
COMMAND: POST /session/7d4ef5db813d7a6cede0ad9a34edc09c/element/f.A871513E4156B49FEA6A1325266FBBC5.d.9CC74BFBD16A2A83B4F1732A6A2DB29E.e.28414/click - {}
RESULT: {}
COMMAND: GET /session/7d4ef5db813d7a6cede0ad9a34edc09c/screenshot - {}
RESULT: {}
COMMAND: POST /session/7d4ef5db813d7a6cede0ad9a34edc09c/element - {"using":"xpath","value":"//span[contains(text(), \"PM Order\")]"}
RESULT: {"using":"xpath","value":"//span[contains(text(), \"PM Order\")]"}
COMMAND: POST /session/7d4ef5db813d7a6cede0ad9a34edc09c/element/f.A871513E4156B49FEA6A1325266FBBC5.d.9CC74BFBD16A2A83B4F1732A6A2DB29E.e.28415/click - {}
RESULT: {}
COMMAND: GET /session/7d4ef5db813d7a6cede0ad9a34edc09c/screenshot - {}
RESULT: {}
COMMAND: POST /session/7d4ef5db813d7a6cede0ad9a34edc09c/element - {"using":"xpath","value":"(//span[contains(@id ,\"manageresources-display-component---newResourceUnit--RUTimeSegment-0-vhi\")])[1]"}
RESULT: {"using":"xpath","value":"(//span[contains(@id ,\"manageresources-display-component---newResourceUnit--RUTimeSegment-0-vhi\")])[1]"}
COMMAND: GET /session/7d4ef5db813d7a6cede0ad9a34edc09c/element/f.A871513E4156B49FEA6A1325266FBBC5.d.9CC74BFBD16A2A83B4F1732A6A2DB29E.e.28419/rect - {}
RESULT: {}
COMMAND: GET /session/7d4ef5db813d7a6cede0ad9a34edc09c/window/rect - {}
RESULT: {}
COMMAND: POST /session/7d4ef5db813d7a6cede0ad9a34edc09c/execute/sync - {"script":"<script> [92 bytes]","args":[]}
RESULT: {"script":"<script> [92 bytes]","args":[]}
COMMAND: POST /session/7d4ef5db813d7a6cede0ad9a34edc09c/actions - {"actions":[{"id":"action94","type":"wheel","parameters":{},"actions":[{"type":"scroll","x":-1888,"y":-24,"deltaX":0,"deltaY":0,"duration":0,"origin":{"element-6066-11e4-a52e-4f735466cecf":"f.A871513E4156B49FEA6A1325266FBBC5.d.9CC74BFBD16A2A83B4F1732A6A2DB29E.e.28419"}}]}]}
COMMAND: GET /session/7d4ef5db813d7a6cede0ad9a34edc09c/screenshot - {}
RESULT: {}
COMMAND: POST /session/7d4ef5db813d7a6cede0ad9a34edc09c/execute/sync - {"script":"<script> [79 bytes]","args":[{"element-6066-11e4-a52e-4f735466cecf":"f.A871513E4156B49FEA6A1325266FBBC5.d.9CC74BFBD16A2A83B4F1732A6A2DB29E.e.28419","ELEMENT":"f.A871513E4156B49FEA6A1325266FBBC5.d.9CC74BFBD16A2A83B4F1732A6A2DB29E.e.28419"},{"block":"start","inline":"nearest"}]}
RESULT: {"script":"<script> [79 bytes]","args":[{"element-6066-11e4-a52e-4f735466cecf":"f.A871513E4156B49FEA6A1325266FBBC5.d.9CC74BFBD16A2A83B4F1732A6A2DB29E.e.28419","ELEMENT":"f.A871513E4156B49FEA6A1325266FBBC5.d.9CC74BFBD16A2A83B4F1732A6A2DB29E.e.28419"},{"block":"start","inline":"nearest"}]}
COMMAND: GET /session/7d4ef5db813d7a6cede0ad9a34edc09c/screenshot - {}
RESULT: {}
COMMAND: POST /session/7d4ef5db813d7a6cede0ad9a34edc09c/element/f.A871513E4156B49FEA6A1325266FBBC5.d.9CC74BFBD16A2A83B4F1732A6A2DB29E.e.28419/click - {}
RESULT: {}
COMMAND: GET /session/7d4ef5db813d7a6cede0ad9a34edc09c/screenshot - {}
RESULT: {}
RESULT: undefined
COMMAND: POST /session/7d4ef5db813d7a6cede0ad9a34edc09c/execute/async - {"script":"<script> [776 bytes]","args":[{"enterText":"4000360","selector":{"controlType":"sap.m.SearchField","properties":{"placeholder":"Search"},"searchOpenDialogs":true,"interaction":{"idSuffix":"I"}},"clearTextFirst":true,"interactionType":"ENTER_TEXT"}]}
RESULT: {"script":"<script> [776 bytes]","args":[{"enterText":"4000360","selector":{"controlType":"sap.m.SearchField","properties":{"placeholder":"Search"},"searchOpenDialogs":true,"interaction":{"idSuffix":"I"}},"clearTextFirst":true,"interactionType":"ENTER_TEXT"}]}
COMMAND: POST /session/7d4ef5db813d7a6cede0ad9a34edc09c/actions - {"actions":[{"id":"action95","type":"key","parameters":{},"actions":[{"type":"keyDown","value":""},{"type":"pause","duration":10},{"type":"keyUp","value":""}]}]}
RESULT: {"actions":[{"id":"action95","type":"key","parameters":{},"actions":[{"type":"keyDown","value":""},{"type":"pause","duration":10},{"type":"keyUp","value":""}]}]}
COMMAND: GET /session/7d4ef5db813d7a6cede0ad9a34edc09c/screenshot - {}
RESULT: {}
COMMAND: POST /session/7d4ef5db813d7a6cede0ad9a34edc09c/element - {"using":"xpath","value":"//td/div/span[contains(text(), \"BGL Vehicles\")]"}
RESULT: {"using":"xpath","value":"//td/div/span[contains(text(), \"BGL Vehicles\")]"}
COMMAND: POST /session/7d4ef5db813d7a6cede0ad9a34edc09c/element/f.A871513E4156B49FEA6A1325266FBBC5.d.9CC74BFBD16A2A83B4F1732A6A2DB29E.e.28438/click - {}
RESULT: {}
COMMAND: GET /session/7d4ef5db813d7a6cede0ad9a34edc09c/screenshot - {}
RESULT: {}
COMMAND: POST /session/7d4ef5db813d7a6cede0ad9a34edc09c/element - {"using":"xpath","value":"//bdi[contains(text(), \"OK\")]"}
RESULT: {"using":"xpath","value":"//bdi[contains(text(), \"OK\")]"}
COMMAND: POST /session/7d4ef5db813d7a6cede0ad9a34edc09c/element/f.A871513E4156B49FEA6A1325266FBBC5.d.9CC74BFBD16A2A83B4F1732A6A2DB29E.e.28439/click - {}
RESULT: {}
COMMAND: GET /session/7d4ef5db813d7a6cede0ad9a34edc09c/screenshot - {}
RESULT: {}
COMMAND: POST /session/7d4ef5db813d7a6cede0ad9a34edc09c/element - {"using":"xpath","value":"//label[contains(@class, 'sapMLabelRequired') and .//bdi[contains(text(), 'Planned Retirement')]]"}
RESULT: {"using":"xpath","value":"//label[contains(@class, 'sapMLabelRequired') and .//bdi[contains(text(), 'Planned Retirement')]]"}
COMMAND: POST /session/7d4ef5db813d7a6cede0ad9a34edc09c/elements - {"using":"xpath","value":"//label[contains(@class, 'sapMLabelRequired') and .//bdi[contains(text(), 'Planned Retirement')]]"}
RESULT: {"using":"xpath","value":"//label[contains(@class, 'sapMLabelRequired') and .//bdi[contains(text(), 'Planned Retirement')]]"}
COMMAND: POST /session/7d4ef5db813d7a6cede0ad9a34edc09c/element - {"using":"xpath","value":"//button[@data-kt=\"resourceUnitSaveButton\"]"}
RESULT: {"using":"xpath","value":"//button[@data-kt=\"resourceUnitSaveButton\"]"}
COMMAND: POST /session/7d4ef5db813d7a6cede0ad9a34edc09c/element/f.A871513E4156B49FEA6A1325266FBBC5.d.9CC74BFBD16A2A83B4F1732A6A2DB29E.e.28338/click - {}
RESULT: {}
COMMAND: GET /session/7d4ef5db813d7a6cede0ad9a34edc09c/screenshot - {}
RESULT: {}
COMMAND: POST /session/7d4ef5db813d7a6cede0ad9a34edc09c/element - {"using":"xpath","value":"//bdi[contains(text(), \"Close\")]"}
RESULT: {"using":"xpath","value":"//bdi[contains(text(), \"Close\")]"}
COMMAND: POST /session/7d4ef5db813d7a6cede0ad9a34edc09c/element/f.A871513E4156B49FEA6A1325266FBBC5.d.9CC74BFBD16A2A83B4F1732A6A2DB29E.e.28445/click - {}
RESULT: {}
COMMAND: GET /session/7d4ef5db813d7a6cede0ad9a34edc09c/screenshot - {}
RESULT: {}
COMMAND: POST /session/7d4ef5db813d7a6cede0ad9a34edc09c/element - {"using":"xpath","value":"//header[contains(@id, 'detailRruPage-headerTitle')]/div[1]/div[2]/div[2]/span[1]"}
RESULT: {"using":"xpath","value":"//header[contains(@id, 'detailRruPage-headerTitle')]/div[1]/div[2]/div[2]/span[1]"}
COMMAND: POST /session/7d4ef5db813d7a6cede0ad9a34edc09c/elements - {"using":"xpath","value":"//header[contains(@id, 'detailRruPage-headerTitle')]/div[1]/div[2]/div[2]/span[1]"}
RESULT: {"using":"xpath","value":"//header[contains(@id, 'detailRruPage-headerTitle')]/div[1]/div[2]/div[2]/span[1]"}
COMMAND: POST /session/7d4ef5db813d7a6cede0ad9a34edc09c/execute/sync - {"script":"<script> [56 bytes]","args":[{"element-6066-11e4-a52e-4f735466cecf":"f.A871513E4156B49FEA6A1325266FBBC5.d.9CC74BFBD16A2A83B4F1732A6A2DB29E.e.28478","ELEMENT":"f.A871513E4156B49FEA6A1325266FBBC5.d.9CC74BFBD16A2A83B4F1732A6A2DB29E.e.28478"}]}
RESULT: {"script":"<script> [56 bytes]","args":[{"element-6066-11e4-a52e-4f735466cecf":"f.A871513E4156B49FEA6A1325266FBBC5.d.9CC74BFBD16A2A83B4F1732A6A2DB29E.e.28478","ELEMENT":"f.A871513E4156B49FEA6A1325266FBBC5.d.9CC74BFBD16A2A83B4F1732A6A2DB29E.e.28478"}]}
COMMAND: POST /session/7d4ef5db813d7a6cede0ad9a34edc09c/element - {"using":"css selector","value":"#shell-header-logo"}
COMMAND: GET /session/7d4ef5db813d7a6cede0ad9a34edc09c/screenshot - {}
RESULT: {"using":"css selector","value":"#shell-header-logo"}
COMMAND: POST /session/7d4ef5db813d7a6cede0ad9a34edc09c/element/f.A871513E4156B49FEA6A1325266FBBC5.d.9CC74BFBD16A2A83B4F1732A6A2DB29E.e.27931/click - {}
RESULT: {}
RESULT: {}
COMMAND: GET /session/7d4ef5db813d7a6cede0ad9a34edc09c/screenshot - {}
RESULT: {}
]]></system-out>
    </testcase>
    <testcase classname="chrome.136_0_7103_93.windows.Transfer_Yard_to_Yard_US131076" name="Should do a stock increase handover for equipment" time="86.436">
      <system-out><![CDATA[
COMMAND: POST /session/7d4ef5db813d7a6cede0ad9a34edc09c/execute/async - {"script":"<script> [1562 bytes]","args":[{"selector":{"controlType":"sap.m.GenericTile","properties":{"header":"Manage Handovers"}},"wdio_ui5_key":"sapm.GenericTile{\"header\":\"Manage Handovers\"}"}]}
RESULT: {"script":"<script> [1562 bytes]","args":[{"selector":{"controlType":"sap.m.GenericTile","properties":{"header":"Manage Handovers"}},"wdio_ui5_key":"sapm.GenericTile{\"header\":\"Manage Handovers\"}"}]}
RESULT: undefined
COMMAND: POST /session/7d4ef5db813d7a6cede0ad9a34edc09c/element - {"using":"xpath","value":"//*[@id=\"__tile130\"]"}
RESULT: {"using":"xpath","value":"//*[@id=\"__tile130\"]"}
COMMAND: POST /session/7d4ef5db813d7a6cede0ad9a34edc09c/element/f.A871513E4156B49FEA6A1325266FBBC5.d.9CC74BFBD16A2A83B4F1732A6A2DB29E.e.26480/click - {}
RESULT: {}
COMMAND: GET /session/7d4ef5db813d7a6cede0ad9a34edc09c/screenshot - {}
RESULT: {}
COMMAND: POST /session/7d4ef5db813d7a6cede0ad9a34edc09c/elements - {"using":"xpath","value":"//span[text()='Error']"}
RESULT: {"using":"xpath","value":"//span[text()='Error']"}
COMMAND: POST /session/7d4ef5db813d7a6cede0ad9a34edc09c/element - {"using":"xpath","value":"//button[@data-kt=\"masterHOAddButton\"]"}
RESULT: {"using":"xpath","value":"//button[@data-kt=\"masterHOAddButton\"]"}
COMMAND: POST /session/7d4ef5db813d7a6cede0ad9a34edc09c/elements - {"using":"xpath","value":"//button[@data-kt=\"masterHOAddButton\"]"}
RESULT: {"using":"xpath","value":"//button[@data-kt=\"masterHOAddButton\"]"}
COMMAND: POST /session/7d4ef5db813d7a6cede0ad9a34edc09c/execute/sync - {"script":"<script> [8489 bytes]","args":[{"element-6066-11e4-a52e-4f735466cecf":"f.A871513E4156B49FEA6A1325266FBBC5.d.9CC74BFBD16A2A83B4F1732A6A2DB29E.e.28514","ELEMENT":"f.A871513E4156B49FEA6A1325266FBBC5.d.9CC74BFBD16A2A83B4F1732A6A2DB29E.e.28514"}]}
RESULT: {"script":"<script> [8489 bytes]","args":[{"element-6066-11e4-a52e-4f735466cecf":"f.A871513E4156B49FEA6A1325266FBBC5.d.9CC74BFBD16A2A83B4F1732A6A2DB29E.e.28514","ELEMENT":"f.A871513E4156B49FEA6A1325266FBBC5.d.9CC74BFBD16A2A83B4F1732A6A2DB29E.e.28514"}]}
COMMAND: GET /session/7d4ef5db813d7a6cede0ad9a34edc09c/element/f.A871513E4156B49FEA6A1325266FBBC5.d.9CC74BFBD16A2A83B4F1732A6A2DB29E.e.28514/enabled - {}
COMMAND: GET /session/7d4ef5db813d7a6cede0ad9a34edc09c/screenshot - {}
RESULT: {}
COMMAND: POST /session/7d4ef5db813d7a6cede0ad9a34edc09c/execute/sync - {"script":"<script> [8489 bytes]","args":[{"element-6066-11e4-a52e-4f735466cecf":"f.A871513E4156B49FEA6A1325266FBBC5.d.9CC74BFBD16A2A83B4F1732A6A2DB29E.e.28514","ELEMENT":"f.A871513E4156B49FEA6A1325266FBBC5.d.9CC74BFBD16A2A83B4F1732A6A2DB29E.e.28514"}]}
COMMAND: GET /session/7d4ef5db813d7a6cede0ad9a34edc09c/screenshot - {}
RESULT: {}
RESULT: {"script":"<script> [8489 bytes]","args":[{"element-6066-11e4-a52e-4f735466cecf":"f.A871513E4156B49FEA6A1325266FBBC5.d.9CC74BFBD16A2A83B4F1732A6A2DB29E.e.28514","ELEMENT":"f.A871513E4156B49FEA6A1325266FBBC5.d.9CC74BFBD16A2A83B4F1732A6A2DB29E.e.28514"}]}
COMMAND: POST /session/7d4ef5db813d7a6cede0ad9a34edc09c/execute/sync - {"script":"<script> [5351 bytes]","args":[{"element-6066-11e4-a52e-4f735466cecf":"f.A871513E4156B49FEA6A1325266FBBC5.d.9CC74BFBD16A2A83B4F1732A6A2DB29E.e.28514","ELEMENT":"f.A871513E4156B49FEA6A1325266FBBC5.d.9CC74BFBD16A2A83B4F1732A6A2DB29E.e.28514"}]}
COMMAND: GET /session/7d4ef5db813d7a6cede0ad9a34edc09c/screenshot - {}
RESULT: {}
RESULT: {"script":"<script> [5351 bytes]","args":[{"element-6066-11e4-a52e-4f735466cecf":"f.A871513E4156B49FEA6A1325266FBBC5.d.9CC74BFBD16A2A83B4F1732A6A2DB29E.e.28514","ELEMENT":"f.A871513E4156B49FEA6A1325266FBBC5.d.9CC74BFBD16A2A83B4F1732A6A2DB29E.e.28514"}]}
COMMAND: POST /session/7d4ef5db813d7a6cede0ad9a34edc09c/element/f.A871513E4156B49FEA6A1325266FBBC5.d.9CC74BFBD16A2A83B4F1732A6A2DB29E.e.28514/click - {}
COMMAND: GET /session/7d4ef5db813d7a6cede0ad9a34edc09c/screenshot - {}
RESULT: {}
RESULT: {}
COMMAND: GET /session/7d4ef5db813d7a6cede0ad9a34edc09c/screenshot - {}
RESULT: {}
RESULT: {}
COMMAND: POST /session/7d4ef5db813d7a6cede0ad9a34edc09c/element - {"using":"xpath","value":"//span[contains(@id ,\"AddNewHO--typeSelect-arrow\")]"}
RESULT: {"using":"xpath","value":"//span[contains(@id ,\"AddNewHO--typeSelect-arrow\")]"}
COMMAND: POST /session/7d4ef5db813d7a6cede0ad9a34edc09c/element/f.A871513E4156B49FEA6A1325266FBBC5.d.9CC74BFBD16A2A83B4F1732A6A2DB29E.e.28869/click - {}
RESULT: {}
COMMAND: GET /session/7d4ef5db813d7a6cede0ad9a34edc09c/screenshot - {}
RESULT: {}
COMMAND: POST /session/7d4ef5db813d7a6cede0ad9a34edc09c/element - {"using":"xpath","value":"(//li[contains(text(), \"stock increase yard\")])[1]"}
RESULT: {"using":"xpath","value":"(//li[contains(text(), \"stock increase yard\")])[1]"}
COMMAND: POST /session/7d4ef5db813d7a6cede0ad9a34edc09c/element/f.A871513E4156B49FEA6A1325266FBBC5.d.9CC74BFBD16A2A83B4F1732A6A2DB29E.e.28870/click - {}
RESULT: {}
COMMAND: GET /session/7d4ef5db813d7a6cede0ad9a34edc09c/screenshot - {}
RESULT: {}
COMMAND: POST /session/7d4ef5db813d7a6cede0ad9a34edc09c/execute/async - {"script":"<script> [1562 bytes]","args":[{"selector":{"id":"application-managehandovers-display-component---AddNewHO--dueDate","interaction":{"idSuffix":"inner"}},"wdio_ui5_key":"applicationmanagehandovers-display-component---AddNewHO--dueDate"}]}
RESULT: {"script":"<script> [1562 bytes]","args":[{"selector":{"id":"application-managehandovers-display-component---AddNewHO--dueDate","interaction":{"idSuffix":"inner"}},"wdio_ui5_key":"applicationmanagehandovers-display-component---AddNewHO--dueDate"}]}
RESULT: undefined
COMMAND: POST /session/7d4ef5db813d7a6cede0ad9a34edc09c/execute/async - {"script":"<script> [6424 bytes]","args":[{"element-6066-11e4-a52e-4f735466cecf":"f.A871513E4156B49FEA6A1325266FBBC5.d.9CC74BFBD16A2A83B4F1732A6A2DB29E.e.28872"},"setValue",["5/21/25"]]}
RESULT: {"script":"<script> [6424 bytes]","args":[{"element-6066-11e4-a52e-4f735466cecf":"f.A871513E4156B49FEA6A1325266FBBC5.d.9CC74BFBD16A2A83B4F1732A6A2DB29E.e.28872"},"setValue",["5/21/25"]]}
COMMAND: POST /session/7d4ef5db813d7a6cede0ad9a34edc09c/element - {"using":"xpath","value":"//input[@id=\"generalSectionFrg--receiveYard-inner\"]"}
RESULT: {"using":"xpath","value":"//input[@id=\"generalSectionFrg--receiveYard-inner\"]"}
COMMAND: POST /session/7d4ef5db813d7a6cede0ad9a34edc09c/element/f.A871513E4156B49FEA6A1325266FBBC5.d.9CC74BFBD16A2A83B4F1732A6A2DB29E.e.28876/clear - {}
RESULT: {}
COMMAND: POST /session/7d4ef5db813d7a6cede0ad9a34edc09c/element/f.A871513E4156B49FEA6A1325266FBBC5.d.9CC74BFBD16A2A83B4F1732A6A2DB29E.e.28876/value - {"text":"637"}
COMMAND: GET /session/7d4ef5db813d7a6cede0ad9a34edc09c/screenshot - {}
RESULT: {"text":"637"}
COMMAND: GET /session/7d4ef5db813d7a6cede0ad9a34edc09c/screenshot - {}
RESULT: {}
RESULT: {}
COMMAND: POST /session/7d4ef5db813d7a6cede0ad9a34edc09c/element - {"using":"xpath","value":"//li[.//span[text()='637']]"}
RESULT: {"using":"xpath","value":"//li[.//span[text()='637']]"}
COMMAND: POST /session/7d4ef5db813d7a6cede0ad9a34edc09c/element/f.A871513E4156B49FEA6A1325266FBBC5.d.9CC74BFBD16A2A83B4F1732A6A2DB29E.e.28893/click - {}
RESULT: {}
COMMAND: GET /session/7d4ef5db813d7a6cede0ad9a34edc09c/screenshot - {}
RESULT: {}
COMMAND: POST /session/7d4ef5db813d7a6cede0ad9a34edc09c/execute/async - {"script":"<script> [1562 bytes]","args":[{"selector":{"id":"application-managehandovers-display-component---AddNewHO--ObjectPageLayout-anchBar-application-managehandovers-display-component---AddNewHO--section4-anchor","interaction":{"idSuffix":"BDI-content"}},"wdio_ui5_key":"applicationmanagehandovers-display-component---AddNewHO--ObjectPageLayout-anchBar-application-managehandovers-display-component---AddNewHO--section4-anchor"}]}
RESULT: {"script":"<script> [1562 bytes]","args":[{"selector":{"id":"application-managehandovers-display-component---AddNewHO--ObjectPageLayout-anchBar-application-managehandovers-display-component---AddNewHO--section4-anchor","interaction":{"idSuffix":"BDI-content"}},"wdio_ui5_key":"applicationmanagehandovers-display-component---AddNewHO--ObjectPageLayout-anchBar-application-managehandovers-display-component---AddNewHO--section4-anchor"}]}
RESULT: undefined
COMMAND: POST /session/7d4ef5db813d7a6cede0ad9a34edc09c/element - {"using":"xpath","value":"//*[@id=\"application-managehandovers-display-component---AddNewHO--ObjectPageLayout-anchBar-application-managehandovers-display-component---AddNewHO--section4-anchor\"]"}
RESULT: {"using":"xpath","value":"//*[@id=\"application-managehandovers-display-component---AddNewHO--ObjectPageLayout-anchBar-application-managehandovers-display-component---AddNewHO--section4-anchor\"]"}
COMMAND: POST /session/7d4ef5db813d7a6cede0ad9a34edc09c/element/f.A871513E4156B49FEA6A1325266FBBC5.d.9CC74BFBD16A2A83B4F1732A6A2DB29E.e.28895/click - {}
RESULT: {}
COMMAND: POST /session/7d4ef5db813d7a6cede0ad9a34edc09c/element - {"using":"xpath","value":"//button[@aria-label=\"Add\"]"}
COMMAND: GET /session/7d4ef5db813d7a6cede0ad9a34edc09c/screenshot - {}
RESULT: {"using":"xpath","value":"//button[@aria-label=\"Add\"]"}
COMMAND: POST /session/7d4ef5db813d7a6cede0ad9a34edc09c/element/f.A871513E4156B49FEA6A1325266FBBC5.d.9CC74BFBD16A2A83B4F1732A6A2DB29E.e.28897/click - {}
RESULT: {}
RESULT: {}
COMMAND: GET /session/7d4ef5db813d7a6cede0ad9a34edc09c/screenshot - {}
RESULT: {}
COMMAND: POST /session/7d4ef5db813d7a6cede0ad9a34edc09c/execute/async - {"script":"<script> [1562 bytes]","args":[{"selector":{"id":"application-managehandovers-display-component---AddNewHO--smartFilterBar-btnBasicSearch","searchOpenDialogs":true,"interaction":{"idSuffix":"I"}},"wdio_ui5_key":"applicationmanagehandovers-display-component---AddNewHO--smartFilterBar-btnBasicSearch"}]}
RESULT: {"script":"<script> [1562 bytes]","args":[{"selector":{"id":"application-managehandovers-display-component---AddNewHO--smartFilterBar-btnBasicSearch","searchOpenDialogs":true,"interaction":{"idSuffix":"I"}},"wdio_ui5_key":"applicationmanagehandovers-display-component---AddNewHO--smartFilterBar-btnBasicSearch"}]}
RESULT: undefined
COMMAND: POST /session/7d4ef5db813d7a6cede0ad9a34edc09c/execute/async - {"script":"<script> [776 bytes]","args":[{"enterText":"PPVTMKqa64","selector":{"id":"application-managehandovers-display-component---AddNewHO--smartFilterBar-btnBasicSearch","searchOpenDialogs":true,"interaction":{"idSuffix":"I"}},"clearTextFirst":true,"interactionType":"ENTER_TEXT"}]}
RESULT: {"script":"<script> [776 bytes]","args":[{"enterText":"PPVTMKqa64","selector":{"id":"application-managehandovers-display-component---AddNewHO--smartFilterBar-btnBasicSearch","searchOpenDialogs":true,"interaction":{"idSuffix":"I"}},"clearTextFirst":true,"interactionType":"ENTER_TEXT"}]}
COMMAND: POST /session/7d4ef5db813d7a6cede0ad9a34edc09c/actions - {"actions":[{"id":"action96","type":"key","parameters":{},"actions":[{"type":"keyDown","value":""},{"type":"pause","duration":10},{"type":"keyUp","value":""}]}]}
RESULT: {"actions":[{"id":"action96","type":"key","parameters":{},"actions":[{"type":"keyDown","value":""},{"type":"pause","duration":10},{"type":"keyUp","value":""}]}]}
COMMAND: GET /session/7d4ef5db813d7a6cede0ad9a34edc09c/screenshot - {}
RESULT: {}
COMMAND: POST /session/7d4ef5db813d7a6cede0ad9a34edc09c/execute/async - {"script":"<script> [1562 bytes]","args":[{"selector":{"id":"application-managehandovers-display-component---AddNewHO--popup-sa","searchOpenDialogs":true,"interaction":{"idSuffix":"CbBg"}},"wdio_ui5_key":"applicationmanagehandovers-display-component---AddNewHO--popup-sa"}]}
RESULT: {"script":"<script> [1562 bytes]","args":[{"selector":{"id":"application-managehandovers-display-component---AddNewHO--popup-sa","searchOpenDialogs":true,"interaction":{"idSuffix":"CbBg"}},"wdio_ui5_key":"applicationmanagehandovers-display-component---AddNewHO--popup-sa"}]}
RESULT: undefined
COMMAND: POST /session/7d4ef5db813d7a6cede0ad9a34edc09c/element - {"using":"xpath","value":"//*[@id=\"application-managehandovers-display-component---AddNewHO--popup-sa\"]"}
RESULT: {"using":"xpath","value":"//*[@id=\"application-managehandovers-display-component---AddNewHO--popup-sa\"]"}
COMMAND: POST /session/7d4ef5db813d7a6cede0ad9a34edc09c/element/f.A871513E4156B49FEA6A1325266FBBC5.d.9CC74BFBD16A2A83B4F1732A6A2DB29E.e.29049/click - {}
RESULT: {}
COMMAND: GET /session/7d4ef5db813d7a6cede0ad9a34edc09c/screenshot - {}
RESULT: {}
COMMAND: POST /session/7d4ef5db813d7a6cede0ad9a34edc09c/element - {"using":"xpath","value":"//bdi[contains(text(), \"Select\")]"}
RESULT: {"using":"xpath","value":"//bdi[contains(text(), \"Select\")]"}
COMMAND: POST /session/7d4ef5db813d7a6cede0ad9a34edc09c/element/f.A871513E4156B49FEA6A1325266FBBC5.d.9CC74BFBD16A2A83B4F1732A6A2DB29E.e.29050/click - {}
RESULT: {}
COMMAND: GET /session/7d4ef5db813d7a6cede0ad9a34edc09c/screenshot - {}
RESULT: {}
COMMAND: POST /session/7d4ef5db813d7a6cede0ad9a34edc09c/element - {"using":"xpath","value":"//button[@data-kt=\"AddNewHOSaveButton\"]"}
RESULT: {"using":"xpath","value":"//button[@data-kt=\"AddNewHOSaveButton\"]"}
COMMAND: POST /session/7d4ef5db813d7a6cede0ad9a34edc09c/element/f.A871513E4156B49FEA6A1325266FBBC5.d.9CC74BFBD16A2A83B4F1732A6A2DB29E.e.29054/click - {}
RESULT: {}
COMMAND: GET /session/7d4ef5db813d7a6cede0ad9a34edc09c/screenshot - {}
RESULT: {}
COMMAND: POST /session/7d4ef5db813d7a6cede0ad9a34edc09c/execute/async - {"script":"<script> [1562 bytes]","args":[{"selector":{"id":"receiptDatePicker","viewName":"etm.portal.ui.managehandovers.view.DetailExecuteHO","interaction":{"idSuffix":"inner"}},"wdio_ui5_key":"receiptDatePickeretmportal.ui.managehandovers.view.DetailExecuteHO"}]}
RESULT: {"script":"<script> [1562 bytes]","args":[{"selector":{"id":"receiptDatePicker","viewName":"etm.portal.ui.managehandovers.view.DetailExecuteHO","interaction":{"idSuffix":"inner"}},"wdio_ui5_key":"receiptDatePickeretmportal.ui.managehandovers.view.DetailExecuteHO"}]}
RESULT: undefined
COMMAND: POST /session/7d4ef5db813d7a6cede0ad9a34edc09c/execute/async - {"script":"<script> [6424 bytes]","args":[{"element-6066-11e4-a52e-4f735466cecf":"f.A871513E4156B49FEA6A1325266FBBC5.d.9CC74BFBD16A2A83B4F1732A6A2DB29E.e.29073"},"setValue",["5/21/25"]]}
RESULT: {"script":"<script> [6424 bytes]","args":[{"element-6066-11e4-a52e-4f735466cecf":"f.A871513E4156B49FEA6A1325266FBBC5.d.9CC74BFBD16A2A83B4F1732A6A2DB29E.e.29073"},"setValue",["5/21/25"]]}
COMMAND: POST /session/7d4ef5db813d7a6cede0ad9a34edc09c/element - {"using":"xpath","value":"//button[@data-kt=\"PickingTableConfirmAllButton\"]"}
RESULT: {"using":"xpath","value":"//button[@data-kt=\"PickingTableConfirmAllButton\"]"}
COMMAND: POST /session/7d4ef5db813d7a6cede0ad9a34edc09c/element/f.A871513E4156B49FEA6A1325266FBBC5.d.9CC74BFBD16A2A83B4F1732A6A2DB29E.e.29088/click - {}
RESULT: {}
COMMAND: GET /session/7d4ef5db813d7a6cede0ad9a34edc09c/screenshot - {}
RESULT: {}
COMMAND: POST /session/7d4ef5db813d7a6cede0ad9a34edc09c/element - {"using":"xpath","value":"//bdi[contains(text(), \"OK\")]"}
RESULT: {"using":"xpath","value":"//bdi[contains(text(), \"OK\")]"}
COMMAND: POST /session/7d4ef5db813d7a6cede0ad9a34edc09c/element/f.A871513E4156B49FEA6A1325266FBBC5.d.9CC74BFBD16A2A83B4F1732A6A2DB29E.e.29090/click - {}
RESULT: {}
COMMAND: GET /session/7d4ef5db813d7a6cede0ad9a34edc09c/screenshot - {}
RESULT: {}
COMMAND: POST /session/7d4ef5db813d7a6cede0ad9a34edc09c/element - {"using":"xpath","value":"(//bdi[contains(text(), \"Receive\")])[2]"}
RESULT: {"using":"xpath","value":"(//bdi[contains(text(), \"Receive\")])[2]"}
COMMAND: POST /session/7d4ef5db813d7a6cede0ad9a34edc09c/element/f.A871513E4156B49FEA6A1325266FBBC5.d.9CC74BFBD16A2A83B4F1732A6A2DB29E.e.29092/click - {}
RESULT: {}
COMMAND: GET /session/7d4ef5db813d7a6cede0ad9a34edc09c/screenshot - {}
RESULT: {}
COMMAND: POST /session/7d4ef5db813d7a6cede0ad9a34edc09c/element - {"using":"css selector","value":"#shell-header-logo"}
RESULT: {"using":"css selector","value":"#shell-header-logo"}
COMMAND: POST /session/7d4ef5db813d7a6cede0ad9a34edc09c/element/f.A871513E4156B49FEA6A1325266FBBC5.d.9CC74BFBD16A2A83B4F1732A6A2DB29E.e.28481/click - {}
RESULT: {}
COMMAND: GET /session/7d4ef5db813d7a6cede0ad9a34edc09c/screenshot - {}
RESULT: {}
]]></system-out>
    </testcase>
    <testcase classname="chrome.136_0_7103_93.windows.Transfer_Yard_to_Yard_US131076" name="Should do a stock increase handover for equipment multipart" time="85.655">
      <system-out><![CDATA[
RESULT: undefined
COMMAND: POST /session/7d4ef5db813d7a6cede0ad9a34edc09c/element - {"using":"xpath","value":"//*[@id=\"__tile130\"]"}
RESULT: {"using":"xpath","value":"//*[@id=\"__tile130\"]"}
COMMAND: POST /session/7d4ef5db813d7a6cede0ad9a34edc09c/element/f.A871513E4156B49FEA6A1325266FBBC5.d.9CC74BFBD16A2A83B4F1732A6A2DB29E.e.26480/click - {}
RESULT: {}
COMMAND: GET /session/7d4ef5db813d7a6cede0ad9a34edc09c/screenshot - {}
RESULT: {}
COMMAND: POST /session/7d4ef5db813d7a6cede0ad9a34edc09c/elements - {"using":"xpath","value":"//span[text()='Error']"}
RESULT: {"using":"xpath","value":"//span[text()='Error']"}
COMMAND: POST /session/7d4ef5db813d7a6cede0ad9a34edc09c/element - {"using":"xpath","value":"//button[@data-kt=\"masterHOAddButton\"]"}
RESULT: {"using":"xpath","value":"//button[@data-kt=\"masterHOAddButton\"]"}
COMMAND: POST /session/7d4ef5db813d7a6cede0ad9a34edc09c/elements - {"using":"xpath","value":"//button[@data-kt=\"masterHOAddButton\"]"}
RESULT: {"using":"xpath","value":"//button[@data-kt=\"masterHOAddButton\"]"}
COMMAND: POST /session/7d4ef5db813d7a6cede0ad9a34edc09c/execute/sync - {"script":"<script> [8489 bytes]","args":[{"element-6066-11e4-a52e-4f735466cecf":"f.A871513E4156B49FEA6A1325266FBBC5.d.9CC74BFBD16A2A83B4F1732A6A2DB29E.e.29319","ELEMENT":"f.A871513E4156B49FEA6A1325266FBBC5.d.9CC74BFBD16A2A83B4F1732A6A2DB29E.e.29319"}]}
RESULT: {"script":"<script> [8489 bytes]","args":[{"element-6066-11e4-a52e-4f735466cecf":"f.A871513E4156B49FEA6A1325266FBBC5.d.9CC74BFBD16A2A83B4F1732A6A2DB29E.e.29319","ELEMENT":"f.A871513E4156B49FEA6A1325266FBBC5.d.9CC74BFBD16A2A83B4F1732A6A2DB29E.e.29319"}]}
COMMAND: GET /session/7d4ef5db813d7a6cede0ad9a34edc09c/element/f.A871513E4156B49FEA6A1325266FBBC5.d.9CC74BFBD16A2A83B4F1732A6A2DB29E.e.29319/enabled - {}
COMMAND: GET /session/7d4ef5db813d7a6cede0ad9a34edc09c/screenshot - {}
RESULT: {}
COMMAND: POST /session/7d4ef5db813d7a6cede0ad9a34edc09c/execute/sync - {"script":"<script> [8489 bytes]","args":[{"element-6066-11e4-a52e-4f735466cecf":"f.A871513E4156B49FEA6A1325266FBBC5.d.9CC74BFBD16A2A83B4F1732A6A2DB29E.e.29319","ELEMENT":"f.A871513E4156B49FEA6A1325266FBBC5.d.9CC74BFBD16A2A83B4F1732A6A2DB29E.e.29319"}]}
COMMAND: GET /session/7d4ef5db813d7a6cede0ad9a34edc09c/screenshot - {}
RESULT: {}
RESULT: {"script":"<script> [8489 bytes]","args":[{"element-6066-11e4-a52e-4f735466cecf":"f.A871513E4156B49FEA6A1325266FBBC5.d.9CC74BFBD16A2A83B4F1732A6A2DB29E.e.29319","ELEMENT":"f.A871513E4156B49FEA6A1325266FBBC5.d.9CC74BFBD16A2A83B4F1732A6A2DB29E.e.29319"}]}
COMMAND: POST /session/7d4ef5db813d7a6cede0ad9a34edc09c/execute/sync - {"script":"<script> [5351 bytes]","args":[{"element-6066-11e4-a52e-4f735466cecf":"f.A871513E4156B49FEA6A1325266FBBC5.d.9CC74BFBD16A2A83B4F1732A6A2DB29E.e.29319","ELEMENT":"f.A871513E4156B49FEA6A1325266FBBC5.d.9CC74BFBD16A2A83B4F1732A6A2DB29E.e.29319"}]}
COMMAND: GET /session/7d4ef5db813d7a6cede0ad9a34edc09c/screenshot - {}
RESULT: {}
RESULT: {"script":"<script> [5351 bytes]","args":[{"element-6066-11e4-a52e-4f735466cecf":"f.A871513E4156B49FEA6A1325266FBBC5.d.9CC74BFBD16A2A83B4F1732A6A2DB29E.e.29319","ELEMENT":"f.A871513E4156B49FEA6A1325266FBBC5.d.9CC74BFBD16A2A83B4F1732A6A2DB29E.e.29319"}]}
COMMAND: POST /session/7d4ef5db813d7a6cede0ad9a34edc09c/element/f.A871513E4156B49FEA6A1325266FBBC5.d.9CC74BFBD16A2A83B4F1732A6A2DB29E.e.29319/click - {}
COMMAND: GET /session/7d4ef5db813d7a6cede0ad9a34edc09c/screenshot - {}
RESULT: {}
RESULT: {}
COMMAND: GET /session/7d4ef5db813d7a6cede0ad9a34edc09c/screenshot - {}
RESULT: {}
COMMAND: POST /session/7d4ef5db813d7a6cede0ad9a34edc09c/element - {"using":"xpath","value":"//span[contains(@id ,\"AddNewHO--typeSelect-arrow\")]"}
RESULT: {}
RESULT: {"using":"xpath","value":"//span[contains(@id ,\"AddNewHO--typeSelect-arrow\")]"}
COMMAND: POST /session/7d4ef5db813d7a6cede0ad9a34edc09c/element/f.A871513E4156B49FEA6A1325266FBBC5.d.9CC74BFBD16A2A83B4F1732A6A2DB29E.e.29725/click - {}
RESULT: {}
COMMAND: GET /session/7d4ef5db813d7a6cede0ad9a34edc09c/screenshot - {}
RESULT: {}
COMMAND: POST /session/7d4ef5db813d7a6cede0ad9a34edc09c/element - {"using":"xpath","value":"(//li[contains(text(), \"stock increase yard\")])[1]"}
RESULT: {"using":"xpath","value":"(//li[contains(text(), \"stock increase yard\")])[1]"}
COMMAND: POST /session/7d4ef5db813d7a6cede0ad9a34edc09c/element/f.A871513E4156B49FEA6A1325266FBBC5.d.9CC74BFBD16A2A83B4F1732A6A2DB29E.e.29726/click - {}
RESULT: {}
COMMAND: GET /session/7d4ef5db813d7a6cede0ad9a34edc09c/screenshot - {}
RESULT: {}
RESULT: undefined
COMMAND: POST /session/7d4ef5db813d7a6cede0ad9a34edc09c/execute/async - {"script":"<script> [6424 bytes]","args":[{"element-6066-11e4-a52e-4f735466cecf":"f.A871513E4156B49FEA6A1325266FBBC5.d.9CC74BFBD16A2A83B4F1732A6A2DB29E.e.28872"},"setValue",["5/21/25"]]}
COMMAND: POST /session/7d4ef5db813d7a6cede0ad9a34edc09c/execute/async - {"script":"<script> [1562 bytes]","args":[{"selector":{"id":"application-managehandovers-display-component---AddNewHO--dueDate","interaction":{"idSuffix":"inner"}},"wdio_ui5_key":"applicationmanagehandovers-display-component---AddNewHO--dueDate"}]}
RESULT: {"script":"<script> [1562 bytes]","args":[{"selector":{"id":"application-managehandovers-display-component---AddNewHO--dueDate","interaction":{"idSuffix":"inner"}},"wdio_ui5_key":"applicationmanagehandovers-display-component---AddNewHO--dueDate"}]}
COMMAND: POST /session/7d4ef5db813d7a6cede0ad9a34edc09c/execute/async - {"script":"<script> [6424 bytes]","args":[{"element-6066-11e4-a52e-4f735466cecf":"f.A871513E4156B49FEA6A1325266FBBC5.d.9CC74BFBD16A2A83B4F1732A6A2DB29E.e.29728"},"setValue",["5/21/25"]]}
RESULT: {"script":"<script> [6424 bytes]","args":[{"element-6066-11e4-a52e-4f735466cecf":"f.A871513E4156B49FEA6A1325266FBBC5.d.9CC74BFBD16A2A83B4F1732A6A2DB29E.e.29728"},"setValue",["5/21/25"]]}
COMMAND: POST /session/7d4ef5db813d7a6cede0ad9a34edc09c/element - {"using":"xpath","value":"//input[@id=\"generalSectionFrg--receiveYard-inner\"]"}
RESULT: {"using":"xpath","value":"//input[@id=\"generalSectionFrg--receiveYard-inner\"]"}
COMMAND: POST /session/7d4ef5db813d7a6cede0ad9a34edc09c/element/f.A871513E4156B49FEA6A1325266FBBC5.d.9CC74BFBD16A2A83B4F1732A6A2DB29E.e.29732/clear - {}
RESULT: {}
COMMAND: POST /session/7d4ef5db813d7a6cede0ad9a34edc09c/element/f.A871513E4156B49FEA6A1325266FBBC5.d.9CC74BFBD16A2A83B4F1732A6A2DB29E.e.29732/value - {"text":"637"}
COMMAND: GET /session/7d4ef5db813d7a6cede0ad9a34edc09c/screenshot - {}
RESULT: {"text":"637"}
COMMAND: GET /session/7d4ef5db813d7a6cede0ad9a34edc09c/screenshot - {}
RESULT: {}
RESULT: {}
COMMAND: POST /session/7d4ef5db813d7a6cede0ad9a34edc09c/element - {"using":"xpath","value":"//li[.//span[text()='637']]"}
RESULT: {"using":"xpath","value":"//li[.//span[text()='637']]"}
COMMAND: POST /session/7d4ef5db813d7a6cede0ad9a34edc09c/element/f.A871513E4156B49FEA6A1325266FBBC5.d.9CC74BFBD16A2A83B4F1732A6A2DB29E.e.29748/click - {}
RESULT: {}
COMMAND: GET /session/7d4ef5db813d7a6cede0ad9a34edc09c/screenshot - {}
RESULT: {}
RESULT: undefined
COMMAND: POST /session/7d4ef5db813d7a6cede0ad9a34edc09c/element - {"using":"xpath","value":"//*[@id=\"application-managehandovers-display-component---AddNewHO--ObjectPageLayout-anchBar-application-managehandovers-display-component---AddNewHO--section4-anchor\"]"}
RESULT: {"using":"xpath","value":"//*[@id=\"application-managehandovers-display-component---AddNewHO--ObjectPageLayout-anchBar-application-managehandovers-display-component---AddNewHO--section4-anchor\"]"}
COMMAND: POST /session/7d4ef5db813d7a6cede0ad9a34edc09c/element/f.A871513E4156B49FEA6A1325266FBBC5.d.9CC74BFBD16A2A83B4F1732A6A2DB29E.e.29749/click - {}
RESULT: {}
COMMAND: POST /session/7d4ef5db813d7a6cede0ad9a34edc09c/element - {"using":"xpath","value":"//button[@aria-label=\"Add\"]"}
COMMAND: GET /session/7d4ef5db813d7a6cede0ad9a34edc09c/screenshot - {}
RESULT: {"using":"xpath","value":"//button[@aria-label=\"Add\"]"}
COMMAND: POST /session/7d4ef5db813d7a6cede0ad9a34edc09c/element/f.A871513E4156B49FEA6A1325266FBBC5.d.9CC74BFBD16A2A83B4F1732A6A2DB29E.e.29751/click - {}
RESULT: {}
RESULT: {}
COMMAND: GET /session/7d4ef5db813d7a6cede0ad9a34edc09c/screenshot - {}
RESULT: {}
RESULT: undefined
COMMAND: POST /session/7d4ef5db813d7a6cede0ad9a34edc09c/execute/async - {"script":"<script> [776 bytes]","args":[{"enterText":"400052","selector":{"id":"application-managehandovers-display-component---AddNewHO--smartFilterBar-btnBasicSearch","searchOpenDialogs":true,"interaction":{"idSuffix":"I"}},"clearTextFirst":true,"interactionType":"ENTER_TEXT"}]}
RESULT: {"script":"<script> [776 bytes]","args":[{"enterText":"400052","selector":{"id":"application-managehandovers-display-component---AddNewHO--smartFilterBar-btnBasicSearch","searchOpenDialogs":true,"interaction":{"idSuffix":"I"}},"clearTextFirst":true,"interactionType":"ENTER_TEXT"}]}
COMMAND: POST /session/7d4ef5db813d7a6cede0ad9a34edc09c/actions - {"actions":[{"id":"action97","type":"key","parameters":{},"actions":[{"type":"keyDown","value":""},{"type":"pause","duration":10},{"type":"keyUp","value":""}]}]}
RESULT: {"actions":[{"id":"action97","type":"key","parameters":{},"actions":[{"type":"keyDown","value":""},{"type":"pause","duration":10},{"type":"keyUp","value":""}]}]}
COMMAND: GET /session/7d4ef5db813d7a6cede0ad9a34edc09c/screenshot - {}
RESULT: {}
RESULT: undefined
COMMAND: POST /session/7d4ef5db813d7a6cede0ad9a34edc09c/element - {"using":"xpath","value":"//*[@id=\"application-managehandovers-display-component---AddNewHO--popup-sa\"]"}
RESULT: {"using":"xpath","value":"//*[@id=\"application-managehandovers-display-component---AddNewHO--popup-sa\"]"}
COMMAND: POST /session/7d4ef5db813d7a6cede0ad9a34edc09c/element/f.A871513E4156B49FEA6A1325266FBBC5.d.9CC74BFBD16A2A83B4F1732A6A2DB29E.e.29900/click - {}
RESULT: {}
COMMAND: GET /session/7d4ef5db813d7a6cede0ad9a34edc09c/screenshot - {}
RESULT: {}
COMMAND: POST /session/7d4ef5db813d7a6cede0ad9a34edc09c/element - {"using":"xpath","value":"//bdi[contains(text(), \"Select\")]"}
RESULT: {"using":"xpath","value":"//bdi[contains(text(), \"Select\")]"}
COMMAND: POST /session/7d4ef5db813d7a6cede0ad9a34edc09c/element/f.A871513E4156B49FEA6A1325266FBBC5.d.9CC74BFBD16A2A83B4F1732A6A2DB29E.e.29901/click - {}
RESULT: {}
COMMAND: GET /session/7d4ef5db813d7a6cede0ad9a34edc09c/screenshot - {}
RESULT: {}
COMMAND: POST /session/7d4ef5db813d7a6cede0ad9a34edc09c/element - {"using":"xpath","value":"//button[@data-kt=\"AddNewHOSaveButton\"]"}
RESULT: {"using":"xpath","value":"//button[@data-kt=\"AddNewHOSaveButton\"]"}
COMMAND: POST /session/7d4ef5db813d7a6cede0ad9a34edc09c/element/f.A871513E4156B49FEA6A1325266FBBC5.d.9CC74BFBD16A2A83B4F1732A6A2DB29E.e.29905/click - {}
RESULT: {}
COMMAND: GET /session/7d4ef5db813d7a6cede0ad9a34edc09c/screenshot - {}
RESULT: {}
RESULT: undefined
COMMAND: POST /session/7d4ef5db813d7a6cede0ad9a34edc09c/execute/async - {"script":"<script> [6424 bytes]","args":[{"element-6066-11e4-a52e-4f735466cecf":"f.A871513E4156B49FEA6A1325266FBBC5.d.9CC74BFBD16A2A83B4F1732A6A2DB29E.e.29073"},"setValue",["5/21/25"]]}
COMMAND: POST /session/7d4ef5db813d7a6cede0ad9a34edc09c/execute/async - {"script":"<script> [1562 bytes]","args":[{"selector":{"id":"receiptDatePicker","viewName":"etm.portal.ui.managehandovers.view.DetailExecuteHO","interaction":{"idSuffix":"inner"}},"wdio_ui5_key":"receiptDatePickeretmportal.ui.managehandovers.view.DetailExecuteHO"}]}
RESULT: {"script":"<script> [1562 bytes]","args":[{"selector":{"id":"receiptDatePicker","viewName":"etm.portal.ui.managehandovers.view.DetailExecuteHO","interaction":{"idSuffix":"inner"}},"wdio_ui5_key":"receiptDatePickeretmportal.ui.managehandovers.view.DetailExecuteHO"}]}
COMMAND: POST /session/7d4ef5db813d7a6cede0ad9a34edc09c/execute/async - {"script":"<script> [6424 bytes]","args":[{"element-6066-11e4-a52e-4f735466cecf":"f.A871513E4156B49FEA6A1325266FBBC5.d.9CC74BFBD16A2A83B4F1732A6A2DB29E.e.29924"},"setValue",["5/21/25"]]}
RESULT: {"script":"<script> [6424 bytes]","args":[{"element-6066-11e4-a52e-4f735466cecf":"f.A871513E4156B49FEA6A1325266FBBC5.d.9CC74BFBD16A2A83B4F1732A6A2DB29E.e.29924"},"setValue",["5/21/25"]]}
COMMAND: POST /session/7d4ef5db813d7a6cede0ad9a34edc09c/element - {"using":"xpath","value":"//button[@data-kt=\"PickingTableConfirmAllButton\"]"}
RESULT: {"using":"xpath","value":"//button[@data-kt=\"PickingTableConfirmAllButton\"]"}
COMMAND: POST /session/7d4ef5db813d7a6cede0ad9a34edc09c/element/f.A871513E4156B49FEA6A1325266FBBC5.d.9CC74BFBD16A2A83B4F1732A6A2DB29E.e.29938/click - {}
RESULT: {}
COMMAND: GET /session/7d4ef5db813d7a6cede0ad9a34edc09c/screenshot - {}
RESULT: {}
COMMAND: POST /session/7d4ef5db813d7a6cede0ad9a34edc09c/element - {"using":"xpath","value":"//bdi[contains(text(), \"OK\")]"}
RESULT: {"using":"xpath","value":"//bdi[contains(text(), \"OK\")]"}
COMMAND: POST /session/7d4ef5db813d7a6cede0ad9a34edc09c/element/f.A871513E4156B49FEA6A1325266FBBC5.d.9CC74BFBD16A2A83B4F1732A6A2DB29E.e.29940/click - {}
RESULT: {}
COMMAND: GET /session/7d4ef5db813d7a6cede0ad9a34edc09c/screenshot - {}
RESULT: {}
COMMAND: POST /session/7d4ef5db813d7a6cede0ad9a34edc09c/element - {"using":"xpath","value":"(//bdi[contains(text(), \"Receive\")])[2]"}
RESULT: {"using":"xpath","value":"(//bdi[contains(text(), \"Receive\")])[2]"}
COMMAND: POST /session/7d4ef5db813d7a6cede0ad9a34edc09c/element/f.A871513E4156B49FEA6A1325266FBBC5.d.9CC74BFBD16A2A83B4F1732A6A2DB29E.e.29942/click - {}
RESULT: {}
COMMAND: GET /session/7d4ef5db813d7a6cede0ad9a34edc09c/screenshot - {}
RESULT: {}
COMMAND: POST /session/7d4ef5db813d7a6cede0ad9a34edc09c/element - {"using":"css selector","value":"#shell-header-logo"}
RESULT: {"using":"css selector","value":"#shell-header-logo"}
COMMAND: POST /session/7d4ef5db813d7a6cede0ad9a34edc09c/element/f.A871513E4156B49FEA6A1325266FBBC5.d.9CC74BFBD16A2A83B4F1732A6A2DB29E.e.29269/click - {}
RESULT: {}
COMMAND: GET /session/7d4ef5db813d7a6cede0ad9a34edc09c/screenshot - {}
RESULT: {}
]]></system-out>
    </testcase>
    <testcase classname="chrome.136_0_7103_93.windows.Transfer_Yard_to_Yard_US131076" name="Should create a yard to yard transfer handover" time="120.771">
      <system-out><![CDATA[
RESULT: undefined
COMMAND: POST /session/7d4ef5db813d7a6cede0ad9a34edc09c/element - {"using":"xpath","value":"//*[@id=\"__tile130\"]"}
RESULT: {"using":"xpath","value":"//*[@id=\"__tile130\"]"}
COMMAND: POST /session/7d4ef5db813d7a6cede0ad9a34edc09c/element/f.A871513E4156B49FEA6A1325266FBBC5.d.9CC74BFBD16A2A83B4F1732A6A2DB29E.e.26480/click - {}
RESULT: {}
COMMAND: GET /session/7d4ef5db813d7a6cede0ad9a34edc09c/screenshot - {}
RESULT: {}
COMMAND: POST /session/7d4ef5db813d7a6cede0ad9a34edc09c/elements - {"using":"xpath","value":"//span[text()='Error']"}
RESULT: {"using":"xpath","value":"//span[text()='Error']"}
COMMAND: POST /session/7d4ef5db813d7a6cede0ad9a34edc09c/element - {"using":"xpath","value":"//button[@data-kt=\"masterHOAddButton\"]"}
RESULT: {"using":"xpath","value":"//button[@data-kt=\"masterHOAddButton\"]"}
COMMAND: POST /session/7d4ef5db813d7a6cede0ad9a34edc09c/elements - {"using":"xpath","value":"//button[@data-kt=\"masterHOAddButton\"]"}
RESULT: {"using":"xpath","value":"//button[@data-kt=\"masterHOAddButton\"]"}
COMMAND: POST /session/7d4ef5db813d7a6cede0ad9a34edc09c/execute/sync - {"script":"<script> [8489 bytes]","args":[{"element-6066-11e4-a52e-4f735466cecf":"f.A871513E4156B49FEA6A1325266FBBC5.d.9CC74BFBD16A2A83B4F1732A6A2DB29E.e.30164","ELEMENT":"f.A871513E4156B49FEA6A1325266FBBC5.d.9CC74BFBD16A2A83B4F1732A6A2DB29E.e.30164"}]}
RESULT: {"script":"<script> [8489 bytes]","args":[{"element-6066-11e4-a52e-4f735466cecf":"f.A871513E4156B49FEA6A1325266FBBC5.d.9CC74BFBD16A2A83B4F1732A6A2DB29E.e.30164","ELEMENT":"f.A871513E4156B49FEA6A1325266FBBC5.d.9CC74BFBD16A2A83B4F1732A6A2DB29E.e.30164"}]}
COMMAND: GET /session/7d4ef5db813d7a6cede0ad9a34edc09c/element/f.A871513E4156B49FEA6A1325266FBBC5.d.9CC74BFBD16A2A83B4F1732A6A2DB29E.e.30164/enabled - {}
COMMAND: GET /session/7d4ef5db813d7a6cede0ad9a34edc09c/screenshot - {}
RESULT: {}
COMMAND: POST /session/7d4ef5db813d7a6cede0ad9a34edc09c/execute/sync - {"script":"<script> [8489 bytes]","args":[{"element-6066-11e4-a52e-4f735466cecf":"f.A871513E4156B49FEA6A1325266FBBC5.d.9CC74BFBD16A2A83B4F1732A6A2DB29E.e.30164","ELEMENT":"f.A871513E4156B49FEA6A1325266FBBC5.d.9CC74BFBD16A2A83B4F1732A6A2DB29E.e.30164"}]}
COMMAND: GET /session/7d4ef5db813d7a6cede0ad9a34edc09c/screenshot - {}
RESULT: {}
RESULT: {"script":"<script> [8489 bytes]","args":[{"element-6066-11e4-a52e-4f735466cecf":"f.A871513E4156B49FEA6A1325266FBBC5.d.9CC74BFBD16A2A83B4F1732A6A2DB29E.e.30164","ELEMENT":"f.A871513E4156B49FEA6A1325266FBBC5.d.9CC74BFBD16A2A83B4F1732A6A2DB29E.e.30164"}]}
COMMAND: POST /session/7d4ef5db813d7a6cede0ad9a34edc09c/execute/sync - {"script":"<script> [5351 bytes]","args":[{"element-6066-11e4-a52e-4f735466cecf":"f.A871513E4156B49FEA6A1325266FBBC5.d.9CC74BFBD16A2A83B4F1732A6A2DB29E.e.30164","ELEMENT":"f.A871513E4156B49FEA6A1325266FBBC5.d.9CC74BFBD16A2A83B4F1732A6A2DB29E.e.30164"}]}
COMMAND: GET /session/7d4ef5db813d7a6cede0ad9a34edc09c/screenshot - {}
RESULT: {}
RESULT: {"script":"<script> [5351 bytes]","args":[{"element-6066-11e4-a52e-4f735466cecf":"f.A871513E4156B49FEA6A1325266FBBC5.d.9CC74BFBD16A2A83B4F1732A6A2DB29E.e.30164","ELEMENT":"f.A871513E4156B49FEA6A1325266FBBC5.d.9CC74BFBD16A2A83B4F1732A6A2DB29E.e.30164"}]}
COMMAND: POST /session/7d4ef5db813d7a6cede0ad9a34edc09c/element/f.A871513E4156B49FEA6A1325266FBBC5.d.9CC74BFBD16A2A83B4F1732A6A2DB29E.e.30164/click - {}
COMMAND: GET /session/7d4ef5db813d7a6cede0ad9a34edc09c/screenshot - {}
RESULT: {}
RESULT: {}
COMMAND: GET /session/7d4ef5db813d7a6cede0ad9a34edc09c/screenshot - {}
RESULT: {}
COMMAND: POST /session/7d4ef5db813d7a6cede0ad9a34edc09c/element - {"using":"xpath","value":"//span[contains(@id ,\"AddNewHO--typeSelect-arrow\")]"}
RESULT: {}
RESULT: {"using":"xpath","value":"//span[contains(@id ,\"AddNewHO--typeSelect-arrow\")]"}
COMMAND: POST /session/7d4ef5db813d7a6cede0ad9a34edc09c/element/f.A871513E4156B49FEA6A1325266FBBC5.d.9CC74BFBD16A2A83B4F1732A6A2DB29E.e.30564/click - {}
RESULT: {}
COMMAND: GET /session/7d4ef5db813d7a6cede0ad9a34edc09c/screenshot - {}
RESULT: {}
COMMAND: POST /session/7d4ef5db813d7a6cede0ad9a34edc09c/element - {"using":"xpath","value":"(//li[contains(text(), \"transfer\")])[1]"}
RESULT: {"using":"xpath","value":"(//li[contains(text(), \"transfer\")])[1]"}
COMMAND: POST /session/7d4ef5db813d7a6cede0ad9a34edc09c/element/f.A871513E4156B49FEA6A1325266FBBC5.d.9CC74BFBD16A2A83B4F1732A6A2DB29E.e.30565/click - {}
RESULT: {}
COMMAND: GET /session/7d4ef5db813d7a6cede0ad9a34edc09c/screenshot - {}
RESULT: {}
RESULT: undefined
COMMAND: POST /session/7d4ef5db813d7a6cede0ad9a34edc09c/execute/async - {"script":"<script> [6424 bytes]","args":[{"element-6066-11e4-a52e-4f735466cecf":"f.A871513E4156B49FEA6A1325266FBBC5.d.9CC74BFBD16A2A83B4F1732A6A2DB29E.e.28872"},"setValue",["05/21/25"]]}
COMMAND: POST /session/7d4ef5db813d7a6cede0ad9a34edc09c/execute/async - {"script":"<script> [1562 bytes]","args":[{"selector":{"id":"application-managehandovers-display-component---AddNewHO--dueDate","interaction":{"idSuffix":"inner"}},"wdio_ui5_key":"applicationmanagehandovers-display-component---AddNewHO--dueDate"}]}
RESULT: {"script":"<script> [1562 bytes]","args":[{"selector":{"id":"application-managehandovers-display-component---AddNewHO--dueDate","interaction":{"idSuffix":"inner"}},"wdio_ui5_key":"applicationmanagehandovers-display-component---AddNewHO--dueDate"}]}
COMMAND: POST /session/7d4ef5db813d7a6cede0ad9a34edc09c/execute/async - {"script":"<script> [6424 bytes]","args":[{"element-6066-11e4-a52e-4f735466cecf":"f.A871513E4156B49FEA6A1325266FBBC5.d.9CC74BFBD16A2A83B4F1732A6A2DB29E.e.30567"},"setValue",["05/21/25"]]}
RESULT: {"script":"<script> [6424 bytes]","args":[{"element-6066-11e4-a52e-4f735466cecf":"f.A871513E4156B49FEA6A1325266FBBC5.d.9CC74BFBD16A2A83B4F1732A6A2DB29E.e.30567"},"setValue",["05/21/25"]]}
COMMAND: POST /session/7d4ef5db813d7a6cede0ad9a34edc09c/element - {"using":"xpath","value":"//input[@id=\"generalSectionFrg--sendYard-inner\"]"}
RESULT: {"using":"xpath","value":"//input[@id=\"generalSectionFrg--sendYard-inner\"]"}
COMMAND: POST /session/7d4ef5db813d7a6cede0ad9a34edc09c/element/f.A871513E4156B49FEA6A1325266FBBC5.d.9CC74BFBD16A2A83B4F1732A6A2DB29E.e.30571/clear - {}
RESULT: {}
COMMAND: POST /session/7d4ef5db813d7a6cede0ad9a34edc09c/element/f.A871513E4156B49FEA6A1325266FBBC5.d.9CC74BFBD16A2A83B4F1732A6A2DB29E.e.30571/value - {"text":"637"}
COMMAND: GET /session/7d4ef5db813d7a6cede0ad9a34edc09c/screenshot - {}
RESULT: {"text":"637"}
COMMAND: GET /session/7d4ef5db813d7a6cede0ad9a34edc09c/screenshot - {}
RESULT: {}
RESULT: {}
COMMAND: POST /session/7d4ef5db813d7a6cede0ad9a34edc09c/element - {"using":"xpath","value":"//li[.//span[text()='637']]"}
RESULT: {"using":"xpath","value":"//li[.//span[text()='637']]"}
COMMAND: POST /session/7d4ef5db813d7a6cede0ad9a34edc09c/element/f.A871513E4156B49FEA6A1325266FBBC5.d.9CC74BFBD16A2A83B4F1732A6A2DB29E.e.30589/click - {}
RESULT: {}
COMMAND: GET /session/7d4ef5db813d7a6cede0ad9a34edc09c/screenshot - {}
RESULT: {}
COMMAND: POST /session/7d4ef5db813d7a6cede0ad9a34edc09c/element - {"using":"xpath","value":"//input[@id=\"generalSectionFrg--receiveYard-inner\"]"}
RESULT: {"using":"xpath","value":"//input[@id=\"generalSectionFrg--receiveYard-inner\"]"}
COMMAND: POST /session/7d4ef5db813d7a6cede0ad9a34edc09c/element/f.A871513E4156B49FEA6A1325266FBBC5.d.9CC74BFBD16A2A83B4F1732A6A2DB29E.e.30572/clear - {}
RESULT: {}
COMMAND: POST /session/7d4ef5db813d7a6cede0ad9a34edc09c/element/f.A871513E4156B49FEA6A1325266FBBC5.d.9CC74BFBD16A2A83B4F1732A6A2DB29E.e.30572/value - {"text":"643"}
COMMAND: GET /session/7d4ef5db813d7a6cede0ad9a34edc09c/screenshot - {}
RESULT: {"text":"643"}
COMMAND: GET /session/7d4ef5db813d7a6cede0ad9a34edc09c/screenshot - {}
RESULT: {}
RESULT: {}
COMMAND: POST /session/7d4ef5db813d7a6cede0ad9a34edc09c/element - {"using":"xpath","value":"//li[.//span[text()='643']]"}
RESULT: {"using":"xpath","value":"//li[.//span[text()='643']]"}
COMMAND: POST /session/7d4ef5db813d7a6cede0ad9a34edc09c/element/f.A871513E4156B49FEA6A1325266FBBC5.d.9CC74BFBD16A2A83B4F1732A6A2DB29E.e.30591/click - {}
RESULT: {}
COMMAND: GET /session/7d4ef5db813d7a6cede0ad9a34edc09c/screenshot - {}
RESULT: {}
RESULT: undefined
COMMAND: POST /session/7d4ef5db813d7a6cede0ad9a34edc09c/element - {"using":"xpath","value":"//*[@id=\"application-managehandovers-display-component---AddNewHO--ObjectPageLayout-anchBar-application-managehandovers-display-component---AddNewHO--section4-anchor\"]"}
RESULT: {"using":"xpath","value":"//*[@id=\"application-managehandovers-display-component---AddNewHO--ObjectPageLayout-anchBar-application-managehandovers-display-component---AddNewHO--section4-anchor\"]"}
COMMAND: POST /session/7d4ef5db813d7a6cede0ad9a34edc09c/element/f.A871513E4156B49FEA6A1325266FBBC5.d.9CC74BFBD16A2A83B4F1732A6A2DB29E.e.30592/click - {}
RESULT: {}
COMMAND: GET /session/7d4ef5db813d7a6cede0ad9a34edc09c/screenshot - {}
RESULT: {}
COMMAND: POST /session/7d4ef5db813d7a6cede0ad9a34edc09c/element - {"using":"xpath","value":"//button[@data-kt=\"AddNewHOProvideAddItemsButton\"]"}
RESULT: {"using":"xpath","value":"//button[@data-kt=\"AddNewHOProvideAddItemsButton\"]"}
COMMAND: POST /session/7d4ef5db813d7a6cede0ad9a34edc09c/element/f.A871513E4156B49FEA6A1325266FBBC5.d.9CC74BFBD16A2A83B4F1732A6A2DB29E.e.30596/click - {}
RESULT: {}
COMMAND: GET /session/7d4ef5db813d7a6cede0ad9a34edc09c/screenshot - {}
RESULT: {}
COMMAND: POST /session/7d4ef5db813d7a6cede0ad9a34edc09c/element - {"using":"xpath","value":"//div[contains(@id,\"AddNewHO--TransferHOTypesRuDialogTable-sa-CbBg\")]"}
RESULT: {"using":"xpath","value":"//div[contains(@id,\"AddNewHO--TransferHOTypesRuDialogTable-sa-CbBg\")]"}
COMMAND: POST /session/7d4ef5db813d7a6cede0ad9a34edc09c/element/f.A871513E4156B49FEA6A1325266FBBC5.d.9CC74BFBD16A2A83B4F1732A6A2DB29E.e.30612/click - {}
RESULT: {}
COMMAND: GET /session/7d4ef5db813d7a6cede0ad9a34edc09c/screenshot - {}
RESULT: {}
COMMAND: POST /session/7d4ef5db813d7a6cede0ad9a34edc09c/element - {"using":"xpath","value":"//table[contains(@id,\"AddNewHO--TransferHOTypesRuDialogTable-listUl\")]/tbody/tr[1]/td[6]/div/div/input"}
RESULT: {"using":"xpath","value":"//table[contains(@id,\"AddNewHO--TransferHOTypesRuDialogTable-listUl\")]/tbody/tr[1]/td[6]/div/div/input"}
COMMAND: POST /session/7d4ef5db813d7a6cede0ad9a34edc09c/element/f.A871513E4156B49FEA6A1325266FBBC5.d.9CC74BFBD16A2A83B4F1732A6A2DB29E.e.30603/clear - {}
RESULT: {}
COMMAND: POST /session/7d4ef5db813d7a6cede0ad9a34edc09c/element/f.A871513E4156B49FEA6A1325266FBBC5.d.9CC74BFBD16A2A83B4F1732A6A2DB29E.e.30603/value - {"text":"1"}
COMMAND: GET /session/7d4ef5db813d7a6cede0ad9a34edc09c/screenshot - {}
RESULT: {"text":"1"}
COMMAND: GET /session/7d4ef5db813d7a6cede0ad9a34edc09c/screenshot - {}
RESULT: {}
RESULT: {}
COMMAND: POST /session/7d4ef5db813d7a6cede0ad9a34edc09c/element - {"using":"xpath","value":"//bdi[contains(text(), \"OK\")]"}
RESULT: {"using":"xpath","value":"//bdi[contains(text(), \"OK\")]"}
COMMAND: POST /session/7d4ef5db813d7a6cede0ad9a34edc09c/element/f.A871513E4156B49FEA6A1325266FBBC5.d.9CC74BFBD16A2A83B4F1732A6A2DB29E.e.30616/click - {}
RESULT: {}
COMMAND: GET /session/7d4ef5db813d7a6cede0ad9a34edc09c/screenshot - {}
RESULT: {}
COMMAND: POST /session/7d4ef5db813d7a6cede0ad9a34edc09c/execute/async - {"script":"<script> [1562 bytes]","args":[{"selector":{"id":"application-managehandovers-display-component---AddNewHO--confirmCreationButton","interaction":{"idSuffix":"BDI-content"}},"wdio_ui5_key":"applicationmanagehandovers-display-component---AddNewHO--confirmCreationButton"}]}
RESULT: {"script":"<script> [1562 bytes]","args":[{"selector":{"id":"application-managehandovers-display-component---AddNewHO--confirmCreationButton","interaction":{"idSuffix":"BDI-content"}},"wdio_ui5_key":"applicationmanagehandovers-display-component---AddNewHO--confirmCreationButton"}]}
RESULT: undefined
COMMAND: POST /session/7d4ef5db813d7a6cede0ad9a34edc09c/element - {"using":"xpath","value":"//*[@id=\"application-managehandovers-display-component---AddNewHO--confirmCreationButton\"]"}
RESULT: {"using":"xpath","value":"//*[@id=\"application-managehandovers-display-component---AddNewHO--confirmCreationButton\"]"}
COMMAND: POST /session/7d4ef5db813d7a6cede0ad9a34edc09c/element/f.A871513E4156B49FEA6A1325266FBBC5.d.9CC74BFBD16A2A83B4F1732A6A2DB29E.e.30624/click - {}
RESULT: {}
COMMAND: GET /session/7d4ef5db813d7a6cede0ad9a34edc09c/screenshot - {}
RESULT: {}
COMMAND: POST /session/7d4ef5db813d7a6cede0ad9a34edc09c/element - {"using":"xpath","value":"(//section[contains(@id,\"headerContentForm--FC-NoHead\")])[2]/div[1]/div[5]/div[2]/div/span"}
RESULT: {"using":"xpath","value":"(//section[contains(@id,\"headerContentForm--FC-NoHead\")])[2]/div[1]/div[5]/div[2]/div/span"}
COMMAND: POST /session/7d4ef5db813d7a6cede0ad9a34edc09c/execute/sync - {"script":"<script> [56 bytes]","args":[{"element-6066-11e4-a52e-4f735466cecf":"f.A871513E4156B49FEA6A1325266FBBC5.d.9CC74BFBD16A2A83B4F1732A6A2DB29E.e.30680","ELEMENT":"f.A871513E4156B49FEA6A1325266FBBC5.d.9CC74BFBD16A2A83B4F1732A6A2DB29E.e.30680"}]}
RESULT: {"script":"<script> [56 bytes]","args":[{"element-6066-11e4-a52e-4f735466cecf":"f.A871513E4156B49FEA6A1325266FBBC5.d.9CC74BFBD16A2A83B4F1732A6A2DB29E.e.30680","ELEMENT":"f.A871513E4156B49FEA6A1325266FBBC5.d.9CC74BFBD16A2A83B4F1732A6A2DB29E.e.30680"}]}
COMMAND: POST /session/7d4ef5db813d7a6cede0ad9a34edc09c/execute/async - {"script":"<script> [1562 bytes]","args":[{"selector":{"id":"issueDatePicker","viewName":"etm.portal.ui.managehandovers.view.DetailExecuteHO","interaction":{"idSuffix":"inner"}},"wdio_ui5_key":"issueDatePickeretmportal.ui.managehandovers.view.DetailExecuteHO"}]}
COMMAND: GET /session/7d4ef5db813d7a6cede0ad9a34edc09c/screenshot - {}
RESULT: {"script":"<script> [1562 bytes]","args":[{"selector":{"id":"issueDatePicker","viewName":"etm.portal.ui.managehandovers.view.DetailExecuteHO","interaction":{"idSuffix":"inner"}},"wdio_ui5_key":"issueDatePickeretmportal.ui.managehandovers.view.DetailExecuteHO"}]}
RESULT: undefined
COMMAND: POST /session/7d4ef5db813d7a6cede0ad9a34edc09c/execute/async - {"script":"<script> [776 bytes]","args":[{"enterText":"05/21/25","selector":{"id":"issueDatePicker","viewName":"etm.portal.ui.managehandovers.view.DetailExecuteHO","interaction":{"idSuffix":"inner"}},"clearTextFirst":true,"interactionType":"ENTER_TEXT"}]}
RESULT: {}
RESULT: {"script":"<script> [776 bytes]","args":[{"enterText":"05/21/25","selector":{"id":"issueDatePicker","viewName":"etm.portal.ui.managehandovers.view.DetailExecuteHO","interaction":{"idSuffix":"inner"}},"clearTextFirst":true,"interactionType":"ENTER_TEXT"}]}
COMMAND: POST /session/7d4ef5db813d7a6cede0ad9a34edc09c/element - {"using":"xpath","value":"//bdi[contains(text(), \"OK\")]"}
RESULT: {"using":"xpath","value":"//bdi[contains(text(), \"OK\")]"}
COMMAND: POST /session/7d4ef5db813d7a6cede0ad9a34edc09c/element/f.A871513E4156B49FEA6A1325266FBBC5.d.9CC74BFBD16A2A83B4F1732A6A2DB29E.e.30685/click - {}
RESULT: {}
COMMAND: GET /session/7d4ef5db813d7a6cede0ad9a34edc09c/screenshot - {}
RESULT: {}
COMMAND: POST /session/7d4ef5db813d7a6cede0ad9a34edc09c/execute/async - {"script":"<script> [1562 bytes]","args":[{"selector":{"controlType":"sap.m.Button","viewName":"etm.portal.ui.managehandovers.view.DetailExecuteHO","i18NText":{"propertyName":"text","key":"pickQty"},"interaction":{"idSuffix":"content"}},"wdio_ui5_key":"etmportal.ui.managehandovers.view.DetailExecuteHOsap.m.Button{\"propertyName\":\"text\",\"key\":\"pickQty\"}"}]}
RESULT: {"script":"<script> [1562 bytes]","args":[{"selector":{"controlType":"sap.m.Button","viewName":"etm.portal.ui.managehandovers.view.DetailExecuteHO","i18NText":{"propertyName":"text","key":"pickQty"},"interaction":{"idSuffix":"content"}},"wdio_ui5_key":"etmportal.ui.managehandovers.view.DetailExecuteHOsap.m.Button{\"propertyName\":\"text\",\"key\":\"pickQty\"}"}]}
RESULT: undefined
COMMAND: POST /session/7d4ef5db813d7a6cede0ad9a34edc09c/element - {"using":"xpath","value":"//*[@id=\"__button380\"]"}
RESULT: {"using":"xpath","value":"//*[@id=\"__button380\"]"}
COMMAND: POST /session/7d4ef5db813d7a6cede0ad9a34edc09c/element/f.A871513E4156B49FEA6A1325266FBBC5.d.9CC74BFBD16A2A83B4F1732A6A2DB29E.e.30691/click - {}
RESULT: {}
COMMAND: GET /session/7d4ef5db813d7a6cede0ad9a34edc09c/screenshot - {}
RESULT: {}
COMMAND: POST /session/7d4ef5db813d7a6cede0ad9a34edc09c/execute/async - {"script":"<script> [1562 bytes]","args":[{"selector":{"controlType":"sap.m.NumericInput","viewName":"etm.portal.ui.managehandovers.view.DetailExecuteHO","properties":{"value":"0"},"searchOpenDialogs":true,"interaction":{"idSuffix":"inner"}},"wdio_ui5_key":"etmportal.ui.managehandovers.view.DetailExecuteHOsap.m.NumericInput{\"value\":\"0\"}"}]}
RESULT: {"script":"<script> [1562 bytes]","args":[{"selector":{"controlType":"sap.m.NumericInput","viewName":"etm.portal.ui.managehandovers.view.DetailExecuteHO","properties":{"value":"0"},"searchOpenDialogs":true,"interaction":{"idSuffix":"inner"}},"wdio_ui5_key":"etmportal.ui.managehandovers.view.DetailExecuteHOsap.m.NumericInput{\"value\":\"0\"}"}]}
RESULT: undefined
COMMAND: POST /session/7d4ef5db813d7a6cede0ad9a34edc09c/execute/async - {"script":"<script> [1562 bytes]","args":[{"selector":{"id":"statesDialog--okBttnStatesDialog","searchOpenDialogs":true,"interaction":{"idSuffix":"BDI-content"}},"wdio_ui5_key":"statesDialogokBttnStatesDialog"}]}
RESULT: {"script":"<script> [1562 bytes]","args":[{"selector":{"id":"statesDialog--okBttnStatesDialog","searchOpenDialogs":true,"interaction":{"idSuffix":"BDI-content"}},"wdio_ui5_key":"statesDialogokBttnStatesDialog"}]}
RESULT: undefined
COMMAND: POST /session/7d4ef5db813d7a6cede0ad9a34edc09c/element - {"using":"xpath","value":"//*[@id=\"statesDialog--okBttnStatesDialog\"]"}
RESULT: {"using":"xpath","value":"//*[@id=\"statesDialog--okBttnStatesDialog\"]"}
COMMAND: POST /session/7d4ef5db813d7a6cede0ad9a34edc09c/element/f.A871513E4156B49FEA6A1325266FBBC5.d.9CC74BFBD16A2A83B4F1732A6A2DB29E.e.30697/click - {}
RESULT: {}
COMMAND: GET /session/7d4ef5db813d7a6cede0ad9a34edc09c/screenshot - {}
RESULT: {}
COMMAND: POST /session/7d4ef5db813d7a6cede0ad9a34edc09c/element - {"using":"xpath","value":"//button[@data-kt=\"PickingTableConfirmAllButton\"]"}
RESULT: {"using":"xpath","value":"//button[@data-kt=\"PickingTableConfirmAllButton\"]"}
COMMAND: POST /session/7d4ef5db813d7a6cede0ad9a34edc09c/element/f.A871513E4156B49FEA6A1325266FBBC5.d.9CC74BFBD16A2A83B4F1732A6A2DB29E.e.30703/click - {}
RESULT: {}
COMMAND: GET /session/7d4ef5db813d7a6cede0ad9a34edc09c/screenshot - {}
RESULT: {}
COMMAND: POST /session/7d4ef5db813d7a6cede0ad9a34edc09c/element - {"using":"xpath","value":"//bdi[contains(text(), \"OK\")]"}
RESULT: {"using":"xpath","value":"//bdi[contains(text(), \"OK\")]"}
COMMAND: POST /session/7d4ef5db813d7a6cede0ad9a34edc09c/element/f.A871513E4156B49FEA6A1325266FBBC5.d.9CC74BFBD16A2A83B4F1732A6A2DB29E.e.30707/click - {}
RESULT: {}
COMMAND: GET /session/7d4ef5db813d7a6cede0ad9a34edc09c/screenshot - {}
RESULT: {}
COMMAND: POST /session/7d4ef5db813d7a6cede0ad9a34edc09c/element - {"using":"xpath","value":"//header[contains(@id,\"headerTitle\") and @aria-roledescription=\"Object page header\"]/div[1]/div[2]/div[1]/span"}
RESULT: {"using":"xpath","value":"//header[contains(@id,\"headerTitle\") and @aria-roledescription=\"Object page header\"]/div[1]/div[2]/div[1]/span"}
COMMAND: POST /session/7d4ef5db813d7a6cede0ad9a34edc09c/elements - {"using":"xpath","value":"//header[contains(@id,\"headerTitle\") and @aria-roledescription=\"Object page header\"]/div[1]/div[2]/div[1]/span"}
RESULT: {"using":"xpath","value":"//header[contains(@id,\"headerTitle\") and @aria-roledescription=\"Object page header\"]/div[1]/div[2]/div[1]/span"}
COMMAND: POST /session/7d4ef5db813d7a6cede0ad9a34edc09c/execute/sync - {"script":"<script> [56 bytes]","args":[{"element-6066-11e4-a52e-4f735466cecf":"f.A871513E4156B49FEA6A1325266FBBC5.d.9CC74BFBD16A2A83B4F1732A6A2DB29E.e.30710","ELEMENT":"f.A871513E4156B49FEA6A1325266FBBC5.d.9CC74BFBD16A2A83B4F1732A6A2DB29E.e.30710"}]}
RESULT: {"script":"<script> [56 bytes]","args":[{"element-6066-11e4-a52e-4f735466cecf":"f.A871513E4156B49FEA6A1325266FBBC5.d.9CC74BFBD16A2A83B4F1732A6A2DB29E.e.30710","ELEMENT":"f.A871513E4156B49FEA6A1325266FBBC5.d.9CC74BFBD16A2A83B4F1732A6A2DB29E.e.30710"}]}
COMMAND: POST /session/7d4ef5db813d7a6cede0ad9a34edc09c/element - {"using":"xpath","value":"//bdi[contains(text(), \"Issue\")]"}
COMMAND: GET /session/7d4ef5db813d7a6cede0ad9a34edc09c/screenshot - {}
RESULT: {"using":"xpath","value":"//bdi[contains(text(), \"Issue\")]"}
COMMAND: POST /session/7d4ef5db813d7a6cede0ad9a34edc09c/element/f.A871513E4156B49FEA6A1325266FBBC5.d.9CC74BFBD16A2A83B4F1732A6A2DB29E.e.30711/click - {}
RESULT: {}
RESULT: {}
COMMAND: GET /session/7d4ef5db813d7a6cede0ad9a34edc09c/screenshot - {}
RESULT: {}
COMMAND: POST /session/7d4ef5db813d7a6cede0ad9a34edc09c/element - {"using":"xpath","value":"//input[contains(@id ,\"smartFilterBar-btnBasicSearch-I\")]"}
RESULT: {"using":"xpath","value":"//input[contains(@id ,\"smartFilterBar-btnBasicSearch-I\")]"}
COMMAND: POST /session/7d4ef5db813d7a6cede0ad9a34edc09c/elements - {"using":"xpath","value":"//input[contains(@id ,\"smartFilterBar-btnBasicSearch-I\")]"}
RESULT: {"using":"xpath","value":"//input[contains(@id ,\"smartFilterBar-btnBasicSearch-I\")]"}
COMMAND: POST /session/7d4ef5db813d7a6cede0ad9a34edc09c/execute/sync - {"script":"<script> [8489 bytes]","args":[{"element-6066-11e4-a52e-4f735466cecf":"f.A871513E4156B49FEA6A1325266FBBC5.d.9CC74BFBD16A2A83B4F1732A6A2DB29E.e.30116","ELEMENT":"f.A871513E4156B49FEA6A1325266FBBC5.d.9CC74BFBD16A2A83B4F1732A6A2DB29E.e.30116"}]}
RESULT: {"script":"<script> [8489 bytes]","args":[{"element-6066-11e4-a52e-4f735466cecf":"f.A871513E4156B49FEA6A1325266FBBC5.d.9CC74BFBD16A2A83B4F1732A6A2DB29E.e.30116","ELEMENT":"f.A871513E4156B49FEA6A1325266FBBC5.d.9CC74BFBD16A2A83B4F1732A6A2DB29E.e.30116"}]}
COMMAND: GET /session/7d4ef5db813d7a6cede0ad9a34edc09c/element/f.A871513E4156B49FEA6A1325266FBBC5.d.9CC74BFBD16A2A83B4F1732A6A2DB29E.e.30116/enabled - {}
COMMAND: GET /session/7d4ef5db813d7a6cede0ad9a34edc09c/screenshot - {}
RESULT: {}
COMMAND: POST /session/7d4ef5db813d7a6cede0ad9a34edc09c/element/f.A871513E4156B49FEA6A1325266FBBC5.d.9CC74BFBD16A2A83B4F1732A6A2DB29E.e.30116/clear - {}
COMMAND: GET /session/7d4ef5db813d7a6cede0ad9a34edc09c/screenshot - {}
RESULT: {}
RESULT: {}
COMMAND: POST /session/7d4ef5db813d7a6cede0ad9a34edc09c/element/f.A871513E4156B49FEA6A1325266FBBC5.d.9CC74BFBD16A2A83B4F1732A6A2DB29E.e.30116/value - {"text":"30976"}
COMMAND: GET /session/7d4ef5db813d7a6cede0ad9a34edc09c/screenshot - {}
RESULT: {}
RESULT: {"text":"30976"}
COMMAND: GET /session/7d4ef5db813d7a6cede0ad9a34edc09c/screenshot - {}
RESULT: {}
RESULT: {}
COMMAND: POST /session/7d4ef5db813d7a6cede0ad9a34edc09c/actions - {"actions":[{"id":"action98","type":"key","parameters":{},"actions":[{"type":"keyDown","value":""},{"type":"pause","duration":10},{"type":"keyUp","value":""}]}]}
RESULT: {"actions":[{"id":"action98","type":"key","parameters":{},"actions":[{"type":"keyDown","value":""},{"type":"pause","duration":10},{"type":"keyUp","value":""}]}]}
COMMAND: GET /session/7d4ef5db813d7a6cede0ad9a34edc09c/screenshot - {}
RESULT: {}
COMMAND: POST /session/7d4ef5db813d7a6cede0ad9a34edc09c/element - {"using":"xpath","value":"//span[contains(@id, \"smartTable-header-inner\")]"}
RESULT: {"using":"xpath","value":"//span[contains(@id, \"smartTable-header-inner\")]"}
COMMAND: POST /session/7d4ef5db813d7a6cede0ad9a34edc09c/elements - {"using":"xpath","value":"//span[contains(@id, \"smartTable-header-inner\")]"}
RESULT: {"using":"xpath","value":"//span[contains(@id, \"smartTable-header-inner\")]"}
COMMAND: POST /session/7d4ef5db813d7a6cede0ad9a34edc09c/execute/sync - {"script":"<script> [56 bytes]","args":[{"element-6066-11e4-a52e-4f735466cecf":"f.A871513E4156B49FEA6A1325266FBBC5.d.9CC74BFBD16A2A83B4F1732A6A2DB29E.e.31005","ELEMENT":"f.A871513E4156B49FEA6A1325266FBBC5.d.9CC74BFBD16A2A83B4F1732A6A2DB29E.e.31005"}]}
RESULT: {"script":"<script> [56 bytes]","args":[{"element-6066-11e4-a52e-4f735466cecf":"f.A871513E4156B49FEA6A1325266FBBC5.d.9CC74BFBD16A2A83B4F1732A6A2DB29E.e.31005","ELEMENT":"f.A871513E4156B49FEA6A1325266FBBC5.d.9CC74BFBD16A2A83B4F1732A6A2DB29E.e.31005"}]}
COMMAND: POST /session/7d4ef5db813d7a6cede0ad9a34edc09c/element - {"using":"xpath","value":"(//span[contains(@id, \"imgNav\")])[1]"}
COMMAND: GET /session/7d4ef5db813d7a6cede0ad9a34edc09c/screenshot - {}
RESULT: {"using":"xpath","value":"(//span[contains(@id, \"imgNav\")])[1]"}
COMMAND: POST /session/7d4ef5db813d7a6cede0ad9a34edc09c/element/f.A871513E4156B49FEA6A1325266FBBC5.d.9CC74BFBD16A2A83B4F1732A6A2DB29E.e.31003/click - {}
RESULT: {}
RESULT: {}
COMMAND: GET /session/7d4ef5db813d7a6cede0ad9a34edc09c/screenshot - {}
RESULT: {}
COMMAND: POST /session/7d4ef5db813d7a6cede0ad9a34edc09c/execute/async - {"script":"<script> [1562 bytes]","args":[{"selector":{"controlType":"sap.m.ObjectStatus","viewName":"etm.portal.ui.managehandovers.view.DetailManageHO","viewId":"application-managehandovers-display-component---detailManageHO","bindingPath":{"propertyPath":"LINK_TO_STATUS/DESCRIPTION","modelName":"catalogModel"}},"wdio_ui5_key":"etmportal.ui.managehandovers.view.DetailManageHOsap.m.ObjectStatus{\"propertyPath\":\"LINK_TO_STATUS/DESCRIPTION\",\"modelName\":\"catalogModel\"}"}]}
RESULT: {"script":"<script> [1562 bytes]","args":[{"selector":{"controlType":"sap.m.ObjectStatus","viewName":"etm.portal.ui.managehandovers.view.DetailManageHO","viewId":"application-managehandovers-display-component---detailManageHO","bindingPath":{"propertyPath":"LINK_TO_STATUS/DESCRIPTION","modelName":"catalogModel"}},"wdio_ui5_key":"etmportal.ui.managehandovers.view.DetailManageHOsap.m.ObjectStatus{\"propertyPath\":\"LINK_TO_STATUS/DESCRIPTION\",\"modelName\":\"catalogModel\"}"}]}
RESULT: undefined
COMMAND: POST /session/7d4ef5db813d7a6cede0ad9a34edc09c/execute/async - {"script":"<script> [6424 bytes]","args":[{"element-6066-11e4-a52e-4f735466cecf":"f.A871513E4156B49FEA6A1325266FBBC5.d.9CC74BFBD16A2A83B4F1732A6A2DB29E.e.31066"},"getText",[]]}
RESULT: {"script":"<script> [6424 bytes]","args":[{"element-6066-11e4-a52e-4f735466cecf":"f.A871513E4156B49FEA6A1325266FBBC5.d.9CC74BFBD16A2A83B4F1732A6A2DB29E.e.31066"},"getText",[]]}
COMMAND: POST /session/7d4ef5db813d7a6cede0ad9a34edc09c/element - {"using":"xpath","value":"//header[contains(@id ,\"detailManageHO--ObjectPageLayout-headerTitle\")]/div[1]/div[2]/div[1]/div[1]/div[1]/div[2]/div/span"}
RESULT: {"using":"xpath","value":"//header[contains(@id ,\"detailManageHO--ObjectPageLayout-headerTitle\")]/div[1]/div[2]/div[1]/div[1]/div[1]/div[2]/div/span"}
COMMAND: POST /session/7d4ef5db813d7a6cede0ad9a34edc09c/execute/sync - {"script":"<script> [56 bytes]","args":[{"element-6066-11e4-a52e-4f735466cecf":"f.A871513E4156B49FEA6A1325266FBBC5.d.9CC74BFBD16A2A83B4F1732A6A2DB29E.e.31067","ELEMENT":"f.A871513E4156B49FEA6A1325266FBBC5.d.9CC74BFBD16A2A83B4F1732A6A2DB29E.e.31067"}]}
RESULT: {"script":"<script> [56 bytes]","args":[{"element-6066-11e4-a52e-4f735466cecf":"f.A871513E4156B49FEA6A1325266FBBC5.d.9CC74BFBD16A2A83B4F1732A6A2DB29E.e.31067","ELEMENT":"f.A871513E4156B49FEA6A1325266FBBC5.d.9CC74BFBD16A2A83B4F1732A6A2DB29E.e.31067"}]}
COMMAND: GET /session/7d4ef5db813d7a6cede0ad9a34edc09c/screenshot - {}
RESULT: {}
COMMAND: DELETE /session/7d4ef5db813d7a6cede0ad9a34edc09c - {}
RESULT: {}
]]></system-out>
    </testcase>
  </testsuite>
</testsuites>