<?xml version="1.0" encoding="UTF-8"?>
<testsuites tests="9" failures="0" errors="0" skipped="0">
  <testsuite timestamp="2025-05-23T15:48:30" time="90.183" tests="1" failures="0" errors="0" skipped="0">
    <properties>
      <property name="specId" value="0"/>
      <property name="suiteName" value="Create a new catalogs section"/>
      <property name="capabilities" value="chrome.136_0_7103_93.windows"/>
      <property name="file" value="file:///D:/a/1/s/test/specs/R2C/create-new-webshop-catalog-section.spec.js"/>
    </properties>
    <testcase classname="chrome.136_0_7103_93.windows.Create_a_new_catalogs_section" name="Should navigate to manage catalogs and add a new section on webshop catalog" time="69.563">
      <system-out><![CDATA[
COMMAND: POST /session/002b4557d3b25b0ebc7c1bd3299400cc/execute/async - {"script":"<script> [1562 bytes]","args":[{"selector":{"controlType":"sap.m.GenericTile","properties":{"header":"Manage Catalogs"}},"wdio_ui5_key":"sapm.GenericTile{\"header\":\"Manage Catalogs\"}"}]}
RESULT: {"script":"<script> [1562 bytes]","args":[{"selector":{"controlType":"sap.m.GenericTile","properties":{"header":"Manage Catalogs"}},"wdio_ui5_key":"sapm.GenericTile{\"header\":\"Manage Catalogs\"}"}]}
RESULT: undefined
COMMAND: POST /session/002b4557d3b25b0ebc7c1bd3299400cc/element - {"using":"xpath","value":"//*[@id=\"__tile37\"]"}
RESULT: {"using":"xpath","value":"//*[@id=\"__tile37\"]"}
COMMAND: POST /session/002b4557d3b25b0ebc7c1bd3299400cc/element/f.45ECA80FF6798927299FAFCC4E9F50E2.d.EF0CDDEDE324FD51735A7349DB5A875E.e.116/click - {}
RESULT: {}
COMMAND: GET /session/002b4557d3b25b0ebc7c1bd3299400cc/screenshot - {}
RESULT: {}
COMMAND: POST /session/002b4557d3b25b0ebc7c1bd3299400cc/elements - {"using":"xpath","value":"//span[text()='Error']"}
RESULT: {"using":"xpath","value":"//span[text()='Error']"}
COMMAND: POST /session/002b4557d3b25b0ebc7c1bd3299400cc/execute/async - {"script":"<script> [1562 bytes]","args":[{"selector":{"controlType":"sap.m.Text","viewName":"etm.portal.ui.managecatalogs.view.MasterCatalogs","viewId":"application-managecatalogs-display-component---masterCatalogs","bindingPath":{"path":"/Catalogs('0D7502D073D53A0F1700BE067B89AFF9')","propertyPath":"DESCRIPTION","modelName":"catalogModel"}},"wdio_ui5_key":"etmportal.ui.managecatalogs.view.MasterCatalogssap.m.Text{\"path\":\"/Catalogs('0D7502D073D53A0F1700BE067B89AFF9')\",\"propertyPath\":\"DESCRIPTION\",\"modelName\":\"catalogModel\"}"}]}
RESULT: {"script":"<script> [1562 bytes]","args":[{"selector":{"controlType":"sap.m.Text","viewName":"etm.portal.ui.managecatalogs.view.MasterCatalogs","viewId":"application-managecatalogs-display-component---masterCatalogs","bindingPath":{"path":"/Catalogs('0D7502D073D53A0F1700BE067B89AFF9')","propertyPath":"DESCRIPTION","modelName":"catalogModel"}},"wdio_ui5_key":"etmportal.ui.managecatalogs.view.MasterCatalogssap.m.Text{\"path\":\"/Catalogs('0D7502D073D53A0F1700BE067B89AFF9')\",\"propertyPath\":\"DESCRIPTION\",\"modelName\":\"catalogModel\"}"}]}
RESULT: undefined
COMMAND: POST /session/002b4557d3b25b0ebc7c1bd3299400cc/element - {"using":"xpath","value":"//*[@id=\"__text39-application-managecatalogs-display-component---masterCatalogs--CatalogsTable-11\"]"}
RESULT: {"using":"xpath","value":"//*[@id=\"__text39-application-managecatalogs-display-component---masterCatalogs--CatalogsTable-11\"]"}
COMMAND: POST /session/002b4557d3b25b0ebc7c1bd3299400cc/element/f.45ECA80FF6798927299FAFCC4E9F50E2.d.EF0CDDEDE324FD51735A7349DB5A875E.e.146/click - {}
RESULT: {}
COMMAND: POST /session/002b4557d3b25b0ebc7c1bd3299400cc/execute/async - {"script":"<script> [1562 bytes]","args":[{"selector":{"controlType":"sap.ui.layout.HorizontalLayout","viewName":"etm.portal.ui.managecatalogs.view.MasterItems","viewId":"application-managecatalogs-display-component---masterCatalogItems","ancestor":{"id":"application-managecatalogs-display-component---masterCatalogItems--idCatalogItemsTree-rows-row0"}},"wdio_ui5_key":"etmportal.ui.managecatalogs.view.MasterItemssap.ui.layout.HorizontalLayout{\"id\":\"application-managecatalogs-display-component---masterCatalogItems--idCatalogItemsTree-rows-row0\"}"}]}
COMMAND: GET /session/002b4557d3b25b0ebc7c1bd3299400cc/screenshot - {}
RESULT: {"script":"<script> [1562 bytes]","args":[{"selector":{"controlType":"sap.ui.layout.HorizontalLayout","viewName":"etm.portal.ui.managecatalogs.view.MasterItems","viewId":"application-managecatalogs-display-component---masterCatalogItems","ancestor":{"id":"application-managecatalogs-display-component---masterCatalogItems--idCatalogItemsTree-rows-row0"}},"wdio_ui5_key":"etmportal.ui.managecatalogs.view.MasterItemssap.ui.layout.HorizontalLayout{\"id\":\"application-managecatalogs-display-component---masterCatalogItems--idCatalogItemsTree-rows-row0\"}"}]}
RESULT: undefined
COMMAND: POST /session/002b4557d3b25b0ebc7c1bd3299400cc/element - {"using":"xpath","value":"//*[@id=\"__layout3-__clone11\"]"}
RESULT: {}
RESULT: {"using":"xpath","value":"//*[@id=\"__layout3-__clone11\"]"}
COMMAND: POST /session/002b4557d3b25b0ebc7c1bd3299400cc/element/f.45ECA80FF6798927299FAFCC4E9F50E2.d.EF0CDDEDE324FD51735A7349DB5A875E.e.156/click - {}
RESULT: {}
COMMAND: GET /session/002b4557d3b25b0ebc7c1bd3299400cc/screenshot - {}
RESULT: {}
COMMAND: POST /session/002b4557d3b25b0ebc7c1bd3299400cc/execute/async - {"script":"<script> [1562 bytes]","args":[{"selector":{"controlType":"sap.m.Button","viewName":"etm.portal.ui.managecatalogs.view.Detail","viewId":"application-managecatalogs-display-component---detailCatalog","i18NText":{"propertyName":"text","key":"edit"},"interaction":{"idSuffix":"BDI-content"}},"wdio_ui5_key":"etmportal.ui.managecatalogs.view.Detailsap.m.Button{\"propertyName\":\"text\",\"key\":\"edit\"}"}]}
RESULT: {"script":"<script> [1562 bytes]","args":[{"selector":{"controlType":"sap.m.Button","viewName":"etm.portal.ui.managecatalogs.view.Detail","viewId":"application-managecatalogs-display-component---detailCatalog","i18NText":{"propertyName":"text","key":"edit"},"interaction":{"idSuffix":"BDI-content"}},"wdio_ui5_key":"etmportal.ui.managecatalogs.view.Detailsap.m.Button{\"propertyName\":\"text\",\"key\":\"edit\"}"}]}
RESULT: undefined
COMMAND: POST /session/002b4557d3b25b0ebc7c1bd3299400cc/element - {"using":"xpath","value":"//*[@id=\"__button35\"]"}
RESULT: {"using":"xpath","value":"//*[@id=\"__button35\"]"}
COMMAND: POST /session/002b4557d3b25b0ebc7c1bd3299400cc/element/f.45ECA80FF6798927299FAFCC4E9F50E2.d.EF0CDDEDE324FD51735A7349DB5A875E.e.253/click - {}
RESULT: {}
COMMAND: GET /session/002b4557d3b25b0ebc7c1bd3299400cc/screenshot - {}
RESULT: {}
COMMAND: POST /session/002b4557d3b25b0ebc7c1bd3299400cc/element - {"using":"xpath","value":"//bdi[contains(text(), \"Unlock\")]"}
RESULT: {"using":"xpath","value":"//bdi[contains(text(), \"Unlock\")]"}
COMMAND: POST /session/002b4557d3b25b0ebc7c1bd3299400cc/elements - {"using":"xpath","value":"//bdi[contains(text(), \"Unlock\")]"}
RESULT: {"using":"xpath","value":"//bdi[contains(text(), \"Unlock\")]"}
COMMAND: POST /session/002b4557d3b25b0ebc7c1bd3299400cc/execute/async - {"script":"<script> [1562 bytes]","args":[{"selector":{"controlType":"sap.ui.core.Icon","viewName":"etm.portal.ui.managecatalogs.view.Detail","viewId":"application-managecatalogs-display-component---detailCatalog","properties":{"src":{"regex":{"source":"add\\-folder"}}}},"wdio_ui5_key":"etmportal.ui.managecatalogs.view.Detailsap.ui.core.Icon{\"src\":{\"regex\":{\"source\":\"add\\\\-folder\"}}}"}]}
RESULT: {"script":"<script> [1562 bytes]","args":[{"selector":{"controlType":"sap.ui.core.Icon","viewName":"etm.portal.ui.managecatalogs.view.Detail","viewId":"application-managecatalogs-display-component---detailCatalog","properties":{"src":{"regex":{"source":"add\\-folder"}}}},"wdio_ui5_key":"etmportal.ui.managecatalogs.view.Detailsap.ui.core.Icon{\"src\":{\"regex\":{\"source\":\"add\\\\-folder\"}}}"}]}
RESULT: undefined
COMMAND: POST /session/002b4557d3b25b0ebc7c1bd3299400cc/element - {"using":"xpath","value":"//*[@id=\"__button43-img\"]"}
RESULT: {"using":"xpath","value":"//*[@id=\"__button43-img\"]"}
COMMAND: POST /session/002b4557d3b25b0ebc7c1bd3299400cc/element/f.45ECA80FF6798927299FAFCC4E9F50E2.d.EF0CDDEDE324FD51735A7349DB5A875E.e.261/click - {}
RESULT: {}
COMMAND: GET /session/002b4557d3b25b0ebc7c1bd3299400cc/screenshot - {}
RESULT: {}
COMMAND: POST /session/002b4557d3b25b0ebc7c1bd3299400cc/execute/async - {"script":"<script> [1562 bytes]","args":[{"selector":{"id":"application-managecatalogs-display-component---detailCatalog--numberInput","searchOpenDialogs":true,"interaction":{"idSuffix":"inner"}},"wdio_ui5_key":"applicationmanagecatalogs-display-component---detailCatalog--numberInput"}]}
RESULT: {"script":"<script> [1562 bytes]","args":[{"selector":{"id":"application-managecatalogs-display-component---detailCatalog--numberInput","searchOpenDialogs":true,"interaction":{"idSuffix":"inner"}},"wdio_ui5_key":"applicationmanagecatalogs-display-component---detailCatalog--numberInput"}]}
RESULT: undefined
COMMAND: POST /session/002b4557d3b25b0ebc7c1bd3299400cc/execute/async - {"script":"<script> [776 bytes]","args":[{"enterText":"Sectionfupbs","selector":{"id":"application-managecatalogs-display-component---detailCatalog--numberInput","searchOpenDialogs":true,"interaction":{"idSuffix":"inner"}},"clearTextFirst":true,"interactionType":"ENTER_TEXT"}]}
RESULT: {"script":"<script> [776 bytes]","args":[{"enterText":"Sectionfupbs","selector":{"id":"application-managecatalogs-display-component---detailCatalog--numberInput","searchOpenDialogs":true,"interaction":{"idSuffix":"inner"}},"clearTextFirst":true,"interactionType":"ENTER_TEXT"}]}
COMMAND: POST /session/002b4557d3b25b0ebc7c1bd3299400cc/element - {"using":"css selector","value":"#application-managecatalogs-display-component---detailCatalog--nameInput-inner"}
RESULT: {"using":"css selector","value":"#application-managecatalogs-display-component---detailCatalog--nameInput-inner"}
COMMAND: POST /session/002b4557d3b25b0ebc7c1bd3299400cc/elements - {"using":"css selector","value":"#application-managecatalogs-display-component---detailCatalog--nameInput-inner"}
RESULT: {"using":"css selector","value":"#application-managecatalogs-display-component---detailCatalog--nameInput-inner"}
COMMAND: POST /session/002b4557d3b25b0ebc7c1bd3299400cc/element/f.45ECA80FF6798927299FAFCC4E9F50E2.d.EF0CDDEDE324FD51735A7349DB5A875E.e.265/clear - {}
RESULT: {}
COMMAND: POST /session/002b4557d3b25b0ebc7c1bd3299400cc/element/f.45ECA80FF6798927299FAFCC4E9F50E2.d.EF0CDDEDE324FD51735A7349DB5A875E.e.265/value - {"text":"Webdriverw525j"}
COMMAND: GET /session/002b4557d3b25b0ebc7c1bd3299400cc/screenshot - {}
RESULT: {"text":"Webdriverw525j"}
COMMAND: POST /session/002b4557d3b25b0ebc7c1bd3299400cc/execute/async - {"script":"<script> [1562 bytes]","args":[{"selector":{"controlType":"sap.m.Button","viewName":"etm.portal.ui.managecatalogs.view.Detail","viewId":"application-managecatalogs-display-component---detailCatalog","i18NText":{"propertyName":"text","key":"create"},"searchOpenDialogs":true,"interaction":{"idSuffix":"BDI-content"}},"wdio_ui5_key":"etmportal.ui.managecatalogs.view.Detailsap.m.Button{\"propertyName\":\"text\",\"key\":\"create\"}"}]}
COMMAND: GET /session/002b4557d3b25b0ebc7c1bd3299400cc/screenshot - {}
RESULT: {}
RESULT: {"script":"<script> [1562 bytes]","args":[{"selector":{"controlType":"sap.m.Button","viewName":"etm.portal.ui.managecatalogs.view.Detail","viewId":"application-managecatalogs-display-component---detailCatalog","i18NText":{"propertyName":"text","key":"create"},"searchOpenDialogs":true,"interaction":{"idSuffix":"BDI-content"}},"wdio_ui5_key":"etmportal.ui.managecatalogs.view.Detailsap.m.Button{\"propertyName\":\"text\",\"key\":\"create\"}"}]}
RESULT: undefined
COMMAND: POST /session/002b4557d3b25b0ebc7c1bd3299400cc/element - {"using":"xpath","value":"//*[@id=\"__button13\"]"}
RESULT: {}
RESULT: {"using":"xpath","value":"//*[@id=\"__button13\"]"}
COMMAND: POST /session/002b4557d3b25b0ebc7c1bd3299400cc/element/f.45ECA80FF6798927299FAFCC4E9F50E2.d.EF0CDDEDE324FD51735A7349DB5A875E.e.271/click - {}
RESULT: {}
COMMAND: GET /session/002b4557d3b25b0ebc7c1bd3299400cc/screenshot - {}
RESULT: {}
COMMAND: POST /session/002b4557d3b25b0ebc7c1bd3299400cc/element - {"using":"xpath","value":"//button[@title=\"Save\"]"}
RESULT: {"using":"xpath","value":"//button[@title=\"Save\"]"}
COMMAND: POST /session/002b4557d3b25b0ebc7c1bd3299400cc/element/f.45ECA80FF6798927299FAFCC4E9F50E2.d.EF0CDDEDE324FD51735A7349DB5A875E.e.272/click - {}
RESULT: {}
COMMAND: POST /session/002b4557d3b25b0ebc7c1bd3299400cc/execute/async - {"script":"<script> [1562 bytes]","args":[{"selector":{"controlType":"sap.ui.core.Icon","viewName":"etm.portal.ui.managecatalogs.view.Detail","viewId":"application-managecatalogs-display-component---detailCatalog","properties":{"src":{"regex":{"source":"decline"}}}},"wdio_ui5_key":"etmportal.ui.managecatalogs.view.Detailsap.ui.core.Icon{\"src\":{\"regex\":{\"source\":\"decline\"}}}"}]}
COMMAND: GET /session/002b4557d3b25b0ebc7c1bd3299400cc/screenshot - {}
RESULT: {"script":"<script> [1562 bytes]","args":[{"selector":{"controlType":"sap.ui.core.Icon","viewName":"etm.portal.ui.managecatalogs.view.Detail","viewId":"application-managecatalogs-display-component---detailCatalog","properties":{"src":{"regex":{"source":"decline"}}}},"wdio_ui5_key":"etmportal.ui.managecatalogs.view.Detailsap.ui.core.Icon{\"src\":{\"regex\":{\"source\":\"decline\"}}}"}]}
RESULT: undefined
COMMAND: POST /session/002b4557d3b25b0ebc7c1bd3299400cc/element - {"using":"xpath","value":"//*[@id=\"__button38-img\"]"}
RESULT: {}
RESULT: {"using":"xpath","value":"//*[@id=\"__button38-img\"]"}
COMMAND: POST /session/002b4557d3b25b0ebc7c1bd3299400cc/element/f.45ECA80FF6798927299FAFCC4E9F50E2.d.EF0CDDEDE324FD51735A7349DB5A875E.e.278/click - {}
RESULT: {}
COMMAND: GET /session/002b4557d3b25b0ebc7c1bd3299400cc/screenshot - {}
RESULT: {}
COMMAND: POST /session/002b4557d3b25b0ebc7c1bd3299400cc/execute/async - {"script":"<script> [1562 bytes]","args":[{"selector":{"controlType":"sap.ui.core.Icon","viewName":"etm.portal.ui.managecatalogs.view.MasterItems","viewId":"application-managecatalogs-display-component---masterCatalogItems","properties":{"src":{"regex":{"source":"refresh"}}}},"wdio_ui5_key":"etmportal.ui.managecatalogs.view.MasterItemssap.ui.core.Icon{\"src\":{\"regex\":{\"source\":\"refresh\"}}}"}]}
RESULT: {"script":"<script> [1562 bytes]","args":[{"selector":{"controlType":"sap.ui.core.Icon","viewName":"etm.portal.ui.managecatalogs.view.MasterItems","viewId":"application-managecatalogs-display-component---masterCatalogItems","properties":{"src":{"regex":{"source":"refresh"}}}},"wdio_ui5_key":"etmportal.ui.managecatalogs.view.MasterItemssap.ui.core.Icon{\"src\":{\"regex\":{\"source\":\"refresh\"}}}"}]}
RESULT: undefined
COMMAND: POST /session/002b4557d3b25b0ebc7c1bd3299400cc/element - {"using":"xpath","value":"//*[@id=\"__button11-img\"]"}
RESULT: {"using":"xpath","value":"//*[@id=\"__button11-img\"]"}
COMMAND: POST /session/002b4557d3b25b0ebc7c1bd3299400cc/element/f.45ECA80FF6798927299FAFCC4E9F50E2.d.EF0CDDEDE324FD51735A7349DB5A875E.e.312/click - {}
RESULT: {}
COMMAND: POST /session/002b4557d3b25b0ebc7c1bd3299400cc/execute/async - {"script":"<script> [1562 bytes]","args":[{"selector":{"id":"application-managecatalogs-display-component---masterCatalogItems--searchItemsField","interaction":{"idSuffix":"I"}},"wdio_ui5_key":"applicationmanagecatalogs-display-component---masterCatalogItems--searchItemsField"}]}
COMMAND: GET /session/002b4557d3b25b0ebc7c1bd3299400cc/screenshot - {}
RESULT: {"script":"<script> [1562 bytes]","args":[{"selector":{"id":"application-managecatalogs-display-component---masterCatalogItems--searchItemsField","interaction":{"idSuffix":"I"}},"wdio_ui5_key":"applicationmanagecatalogs-display-component---masterCatalogItems--searchItemsField"}]}
RESULT: undefined
COMMAND: POST /session/002b4557d3b25b0ebc7c1bd3299400cc/execute/async - {"script":"<script> [776 bytes]","args":[{"enterText":"Webdriverw525j","selector":{"id":"application-managecatalogs-display-component---masterCatalogItems--searchItemsField","interaction":{"idSuffix":"I"}},"clearTextFirst":true,"interactionType":"ENTER_TEXT"}]}
RESULT: {}
RESULT: {"script":"<script> [776 bytes]","args":[{"enterText":"Webdriverw525j","selector":{"id":"application-managecatalogs-display-component---masterCatalogItems--searchItemsField","interaction":{"idSuffix":"I"}},"clearTextFirst":true,"interactionType":"ENTER_TEXT"}]}
COMMAND: POST /session/002b4557d3b25b0ebc7c1bd3299400cc/actions - {"actions":[{"id":"action1","type":"key","parameters":{},"actions":[{"type":"keyDown","value":""},{"type":"pause","duration":10},{"type":"keyUp","value":""}]}]}
RESULT: {"actions":[{"id":"action1","type":"key","parameters":{},"actions":[{"type":"keyDown","value":""},{"type":"pause","duration":10},{"type":"keyUp","value":""}]}]}
COMMAND: POST /session/002b4557d3b25b0ebc7c1bd3299400cc/element - {"using":"xpath","value":"(//span[contains(text(), \"Webdriverw525j\")])[1]"}
COMMAND: GET /session/002b4557d3b25b0ebc7c1bd3299400cc/screenshot - {}
RESULT: {"using":"xpath","value":"(//span[contains(text(), \"Webdriverw525j\")])[1]"}
COMMAND: POST /session/002b4557d3b25b0ebc7c1bd3299400cc/element/f.45ECA80FF6798927299FAFCC4E9F50E2.d.EF0CDDEDE324FD51735A7349DB5A875E.e.315/click - {}
RESULT: {}
RESULT: {}
COMMAND: GET /session/002b4557d3b25b0ebc7c1bd3299400cc/screenshot - {}
RESULT: {}
RESULT: undefined
COMMAND: POST /session/002b4557d3b25b0ebc7c1bd3299400cc/element - {"using":"xpath","value":"//*[@id=\"__button35\"]"}
RESULT: {"using":"xpath","value":"//*[@id=\"__button35\"]"}
COMMAND: POST /session/002b4557d3b25b0ebc7c1bd3299400cc/element/f.45ECA80FF6798927299FAFCC4E9F50E2.d.EF0CDDEDE324FD51735A7349DB5A875E.e.352/click - {}
RESULT: {}
COMMAND: GET /session/002b4557d3b25b0ebc7c1bd3299400cc/screenshot - {}
RESULT: {}
RESULT: undefined
COMMAND: POST /session/002b4557d3b25b0ebc7c1bd3299400cc/element - {"using":"xpath","value":"//*[@id=\"__button43-img\"]"}
RESULT: {"using":"xpath","value":"//*[@id=\"__button43-img\"]"}
COMMAND: POST /session/002b4557d3b25b0ebc7c1bd3299400cc/element/f.45ECA80FF6798927299FAFCC4E9F50E2.d.EF0CDDEDE324FD51735A7349DB5A875E.e.402/click - {}
RESULT: {}
COMMAND: GET /session/002b4557d3b25b0ebc7c1bd3299400cc/screenshot - {}
RESULT: {}
RESULT: undefined
COMMAND: POST /session/002b4557d3b25b0ebc7c1bd3299400cc/execute/async - {"script":"<script> [776 bytes]","args":[{"enterText":"SecondSectionnwd2c","selector":{"id":"application-managecatalogs-display-component---detailCatalog--numberInput","searchOpenDialogs":true,"interaction":{"idSuffix":"inner"}},"clearTextFirst":true,"interactionType":"ENTER_TEXT"}]}
RESULT: {"script":"<script> [776 bytes]","args":[{"enterText":"SecondSectionnwd2c","selector":{"id":"application-managecatalogs-display-component---detailCatalog--numberInput","searchOpenDialogs":true,"interaction":{"idSuffix":"inner"}},"clearTextFirst":true,"interactionType":"ENTER_TEXT"}]}
COMMAND: POST /session/002b4557d3b25b0ebc7c1bd3299400cc/element - {"using":"xpath","value":"//input[contains(@id ,\"application-managecatalogs-display-component---detailCatalog--nameInput-inner\")]"}
RESULT: {"using":"xpath","value":"//input[contains(@id ,\"application-managecatalogs-display-component---detailCatalog--nameInput-inner\")]"}
COMMAND: POST /session/002b4557d3b25b0ebc7c1bd3299400cc/elements - {"using":"xpath","value":"//input[contains(@id ,\"application-managecatalogs-display-component---detailCatalog--nameInput-inner\")]"}
RESULT: {"using":"xpath","value":"//input[contains(@id ,\"application-managecatalogs-display-component---detailCatalog--nameInput-inner\")]"}
COMMAND: POST /session/002b4557d3b25b0ebc7c1bd3299400cc/element/f.45ECA80FF6798927299FAFCC4E9F50E2.d.EF0CDDEDE324FD51735A7349DB5A875E.e.406/clear - {}
RESULT: {}
COMMAND: POST /session/002b4557d3b25b0ebc7c1bd3299400cc/element/f.45ECA80FF6798927299FAFCC4E9F50E2.d.EF0CDDEDE324FD51735A7349DB5A875E.e.406/value - {"text":"webdriversecondujegci"}
COMMAND: GET /session/002b4557d3b25b0ebc7c1bd3299400cc/screenshot - {}
RESULT: {"text":"webdriversecondujegci"}
COMMAND: POST /session/002b4557d3b25b0ebc7c1bd3299400cc/execute/async - {"script":"<script> [1562 bytes]","args":[{"selector":{"id":"application-managecatalogs-display-component---detailCatalog--nameInput","searchOpenDialogs":true,"interaction":{"idSuffix":"inner"}},"wdio_ui5_key":"applicationmanagecatalogs-display-component---detailCatalog--nameInput"}]}
COMMAND: GET /session/002b4557d3b25b0ebc7c1bd3299400cc/screenshot - {}
RESULT: {}
RESULT: {"script":"<script> [1562 bytes]","args":[{"selector":{"id":"application-managecatalogs-display-component---detailCatalog--nameInput","searchOpenDialogs":true,"interaction":{"idSuffix":"inner"}},"wdio_ui5_key":"applicationmanagecatalogs-display-component---detailCatalog--nameInput"}]}
RESULT: undefined
COMMAND: POST /session/002b4557d3b25b0ebc7c1bd3299400cc/execute/async - {"script":"<script> [776 bytes]","args":[{"enterText":"webdriversecondujegci","selector":{"id":"application-managecatalogs-display-component---detailCatalog--nameInput","searchOpenDialogs":true,"interaction":{"idSuffix":"inner"}},"clearTextFirst":true,"interactionType":"ENTER_TEXT"}]}
RESULT: {}
RESULT: {"script":"<script> [776 bytes]","args":[{"enterText":"webdriversecondujegci","selector":{"id":"application-managecatalogs-display-component---detailCatalog--nameInput","searchOpenDialogs":true,"interaction":{"idSuffix":"inner"}},"clearTextFirst":true,"interactionType":"ENTER_TEXT"}]}
RESULT: undefined
COMMAND: POST /session/002b4557d3b25b0ebc7c1bd3299400cc/element - {"using":"xpath","value":"//*[@id=\"__button13\"]"}
RESULT: {"using":"xpath","value":"//*[@id=\"__button13\"]"}
COMMAND: POST /session/002b4557d3b25b0ebc7c1bd3299400cc/element/f.45ECA80FF6798927299FAFCC4E9F50E2.d.EF0CDDEDE324FD51735A7349DB5A875E.e.409/click - {}
RESULT: {}
COMMAND: GET /session/002b4557d3b25b0ebc7c1bd3299400cc/screenshot - {}
RESULT: {}
COMMAND: POST /session/002b4557d3b25b0ebc7c1bd3299400cc/element - {"using":"xpath","value":"//button[@title=\"Save\"]"}
RESULT: {"using":"xpath","value":"//button[@title=\"Save\"]"}
COMMAND: POST /session/002b4557d3b25b0ebc7c1bd3299400cc/element/f.45ECA80FF6798927299FAFCC4E9F50E2.d.EF0CDDEDE324FD51735A7349DB5A875E.e.388/click - {}
RESULT: {}
COMMAND: GET /session/002b4557d3b25b0ebc7c1bd3299400cc/screenshot - {}
RESULT: {}
RESULT: undefined
COMMAND: POST /session/002b4557d3b25b0ebc7c1bd3299400cc/element - {"using":"xpath","value":"//*[@id=\"__button38-img\"]"}
RESULT: {"using":"xpath","value":"//*[@id=\"__button38-img\"]"}
COMMAND: POST /session/002b4557d3b25b0ebc7c1bd3299400cc/element/f.45ECA80FF6798927299FAFCC4E9F50E2.d.EF0CDDEDE324FD51735A7349DB5A875E.e.359/click - {}
RESULT: {}
COMMAND: GET /session/002b4557d3b25b0ebc7c1bd3299400cc/screenshot - {}
RESULT: {}
RESULT: undefined
COMMAND: POST /session/002b4557d3b25b0ebc7c1bd3299400cc/element - {"using":"xpath","value":"//*[@id=\"__button11-img\"]"}
RESULT: {"using":"xpath","value":"//*[@id=\"__button11-img\"]"}
COMMAND: POST /session/002b4557d3b25b0ebc7c1bd3299400cc/element/f.45ECA80FF6798927299FAFCC4E9F50E2.d.EF0CDDEDE324FD51735A7349DB5A875E.e.447/click - {}
RESULT: {}
COMMAND: GET /session/002b4557d3b25b0ebc7c1bd3299400cc/screenshot - {}
RESULT: {}
RESULT: undefined
COMMAND: POST /session/002b4557d3b25b0ebc7c1bd3299400cc/execute/async - {"script":"<script> [776 bytes]","args":[{"enterText":"SecondSectionnwd2c","selector":{"id":"application-managecatalogs-display-component---masterCatalogItems--searchItemsField","interaction":{"idSuffix":"I"}},"clearTextFirst":true,"interactionType":"ENTER_TEXT"}]}
RESULT: {"script":"<script> [776 bytes]","args":[{"enterText":"SecondSectionnwd2c","selector":{"id":"application-managecatalogs-display-component---masterCatalogItems--searchItemsField","interaction":{"idSuffix":"I"}},"clearTextFirst":true,"interactionType":"ENTER_TEXT"}]}
COMMAND: POST /session/002b4557d3b25b0ebc7c1bd3299400cc/actions - {"actions":[{"id":"action2","type":"key","parameters":{},"actions":[{"type":"keyDown","value":""},{"type":"pause","duration":10},{"type":"keyUp","value":""}]}]}
RESULT: {"actions":[{"id":"action2","type":"key","parameters":{},"actions":[{"type":"keyDown","value":""},{"type":"pause","duration":10},{"type":"keyUp","value":""}]}]}
COMMAND: POST /session/002b4557d3b25b0ebc7c1bd3299400cc/element - {"using":"xpath","value":"(//span[contains(text(), \"SecondSectionnwd2c\")])[1]"}
COMMAND: GET /session/002b4557d3b25b0ebc7c1bd3299400cc/screenshot - {}
RESULT: {"using":"xpath","value":"(//span[contains(text(), \"SecondSectionnwd2c\")])[1]"}
COMMAND: POST /session/002b4557d3b25b0ebc7c1bd3299400cc/element/f.45ECA80FF6798927299FAFCC4E9F50E2.d.EF0CDDEDE324FD51735A7349DB5A875E.e.450/click - {}
RESULT: {}
RESULT: {}
COMMAND: POST /session/002b4557d3b25b0ebc7c1bd3299400cc/element - {"using":"xpath","value":"(//span[contains(text(), \"SecondSectionnwd2c\")])[1]"}
COMMAND: GET /session/002b4557d3b25b0ebc7c1bd3299400cc/screenshot - {}
RESULT: {"using":"xpath","value":"(//span[contains(text(), \"SecondSectionnwd2c\")])[1]"}
COMMAND: GET /session/002b4557d3b25b0ebc7c1bd3299400cc/element/f.45ECA80FF6798927299FAFCC4E9F50E2.d.EF0CDDEDE324FD51735A7349DB5A875E.e.450/text - {}
RESULT: {}
COMMAND: POST /session/002b4557d3b25b0ebc7c1bd3299400cc/element - {"using":"xpath","value":"(//span[contains(text(), \"SecondSectionnwd2c\")])[1]"}
RESULT: {"using":"xpath","value":"(//span[contains(text(), \"SecondSectionnwd2c\")])[1]"}
COMMAND: GET /session/002b4557d3b25b0ebc7c1bd3299400cc/element/f.45ECA80FF6798927299FAFCC4E9F50E2.d.EF0CDDEDE324FD51735A7349DB5A875E.e.450/text - {}
COMMAND: POST /session/002b4557d3b25b0ebc7c1bd3299400cc/element - {"using":"xpath","value":"(//span[contains(text(), \"SecondSectionnwd2c\")])[1]"}
RESULT: {"using":"xpath","value":"(//span[contains(text(), \"SecondSectionnwd2c\")])[1]"}
COMMAND: GET /session/002b4557d3b25b0ebc7c1bd3299400cc/element/f.45ECA80FF6798927299FAFCC4E9F50E2.d.EF0CDDEDE324FD51735A7349DB5A875E.e.501/text - {}
RESULT: {}
COMMAND: POST /session/002b4557d3b25b0ebc7c1bd3299400cc/element - {"using":"css selector","value":"#shell-header-logo"}
RESULT: {"using":"css selector","value":"#shell-header-logo"}
COMMAND: POST /session/002b4557d3b25b0ebc7c1bd3299400cc/element/f.45ECA80FF6798927299FAFCC4E9F50E2.d.EF0CDDEDE324FD51735A7349DB5A875E.e.119/click - {}
RESULT: {}
COMMAND: GET /session/002b4557d3b25b0ebc7c1bd3299400cc/screenshot - {}
RESULT: {}
COMMAND: POST /session/002b4557d3b25b0ebc7c1bd3299400cc/execute/async - {"script":"<script> [1562 bytes]","args":[{"selector":{"controlType":"sap.m.GenericTile","properties":{"header":"Manage Classifications"}},"wdio_ui5_key":"sapm.GenericTile{\"header\":\"Manage Classifications\"}"}]}
RESULT: {"script":"<script> [1562 bytes]","args":[{"selector":{"controlType":"sap.m.GenericTile","properties":{"header":"Manage Classifications"}},"wdio_ui5_key":"sapm.GenericTile{\"header\":\"Manage Classifications\"}"}]}
RESULT: undefined
COMMAND: POST /session/002b4557d3b25b0ebc7c1bd3299400cc/element - {"using":"xpath","value":"//*[@id=\"__tile115\"]"}
RESULT: {"using":"xpath","value":"//*[@id=\"__tile115\"]"}
COMMAND: POST /session/002b4557d3b25b0ebc7c1bd3299400cc/element/f.45ECA80FF6798927299FAFCC4E9F50E2.d.EF0CDDEDE324FD51735A7349DB5A875E.e.505/click - {}
RESULT: {}
COMMAND: GET /session/002b4557d3b25b0ebc7c1bd3299400cc/screenshot - {}
RESULT: {}
COMMAND: POST /session/002b4557d3b25b0ebc7c1bd3299400cc/elements - {"using":"xpath","value":"//span[text()='Error']"}
RESULT: {"using":"xpath","value":"//span[text()='Error']"}
]]></system-out>
    </testcase>
  </testsuite>
  <testsuite timestamp="2025-05-23T15:50:00" time="218.596" tests="3" failures="0" errors="0" skipped="0">
    <properties>
      <property name="specId" value="0"/>
      <property name="suiteName" value="Manage catalogs - yard assignment classification US138930"/>
      <property name="capabilities" value="chrome.136_0_7103_93.windows"/>
      <property name="file" value="file:///D:/a/1/s/test/specs/R2C/manage-catalogs-yard-assignment-classification.spec.js"/>
    </properties>
    <testcase classname="chrome.136_0_7103_93.windows.Manage_catalogs_-_yard_assignment_classification_US138930" name="Should create a new classification of type yard assignment" time="35.172">
      <system-out><![CDATA[
COMMAND: POST /session/002b4557d3b25b0ebc7c1bd3299400cc/execute/async - {"script":"<script> [1562 bytes]","args":[{"selector":{"controlType":"sap.ui.core.Icon","viewName":"etm.portal.ui.manageclassifications.view.Master","viewId":"application-manageclassifications-display-component---classificationMaster","properties":{"src":{"regex":{"source":"add"}}}},"wdio_ui5_key":"etmportal.ui.manageclassifications.view.Mastersap.ui.core.Icon{\"src\":{\"regex\":{\"source\":\"add\"}}}"}]}
RESULT: {"script":"<script> [1562 bytes]","args":[{"selector":{"controlType":"sap.ui.core.Icon","viewName":"etm.portal.ui.manageclassifications.view.Master","viewId":"application-manageclassifications-display-component---classificationMaster","properties":{"src":{"regex":{"source":"add"}}}},"wdio_ui5_key":"etmportal.ui.manageclassifications.view.Mastersap.ui.core.Icon{\"src\":{\"regex\":{\"source\":\"add\"}}}"}]}
RESULT: undefined
COMMAND: POST /session/002b4557d3b25b0ebc7c1bd3299400cc/element - {"using":"xpath","value":"//*[@id=\"__button77-img\"]"}
RESULT: {"using":"xpath","value":"//*[@id=\"__button77-img\"]"}
COMMAND: POST /session/002b4557d3b25b0ebc7c1bd3299400cc/element/f.45ECA80FF6798927299FAFCC4E9F50E2.d.EF0CDDEDE324FD51735A7349DB5A875E.e.544/click - {}
RESULT: {}
COMMAND: POST /session/002b4557d3b25b0ebc7c1bd3299400cc/execute/async - {"script":"<script> [1562 bytes]","args":[{"selector":{"id":"application-manageclassifications-display-component---classificationCreate--classHeaderName","interaction":{"idSuffix":"inner"}},"wdio_ui5_key":"applicationmanageclassifications-display-component---classificationCreate--classHeaderName"}]}
COMMAND: GET /session/002b4557d3b25b0ebc7c1bd3299400cc/screenshot - {}
RESULT: {"script":"<script> [1562 bytes]","args":[{"selector":{"id":"application-manageclassifications-display-component---classificationCreate--classHeaderName","interaction":{"idSuffix":"inner"}},"wdio_ui5_key":"applicationmanageclassifications-display-component---classificationCreate--classHeaderName"}]}
RESULT: undefined
COMMAND: POST /session/002b4557d3b25b0ebc7c1bd3299400cc/execute/async - {"script":"<script> [776 bytes]","args":[{"enterText":"WebdriverYardClassd3l6i","selector":{"id":"application-manageclassifications-display-component---classificationCreate--classHeaderName","interaction":{"idSuffix":"inner"}},"clearTextFirst":true,"interactionType":"ENTER_TEXT"}]}
RESULT: {}
RESULT: {"script":"<script> [776 bytes]","args":[{"enterText":"WebdriverYardClassd3l6i","selector":{"id":"application-manageclassifications-display-component---classificationCreate--classHeaderName","interaction":{"idSuffix":"inner"}},"clearTextFirst":true,"interactionType":"ENTER_TEXT"}]}
COMMAND: POST /session/002b4557d3b25b0ebc7c1bd3299400cc/execute/async - {"script":"<script> [1562 bytes]","args":[{"selector":{"controlType":"sap.ui.core.Icon","viewName":"etm.portal.ui.manageclassifications.view.Create","viewId":"application-manageclassifications-display-component---classificationCreate","properties":{"src":{"regex":{"source":"slim\\-arrow\\-down"}}}},"wdio_ui5_key":"etmportal.ui.manageclassifications.view.Createsap.ui.core.Icon{\"src\":{\"regex\":{\"source\":\"slim\\\\-arrow\\\\-down\"}}}"}]}
RESULT: {"script":"<script> [1562 bytes]","args":[{"selector":{"controlType":"sap.ui.core.Icon","viewName":"etm.portal.ui.manageclassifications.view.Create","viewId":"application-manageclassifications-display-component---classificationCreate","properties":{"src":{"regex":{"source":"slim\\-arrow\\-down"}}}},"wdio_ui5_key":"etmportal.ui.manageclassifications.view.Createsap.ui.core.Icon{\"src\":{\"regex\":{\"source\":\"slim\\\\-arrow\\\\-down\"}}}"}]}
RESULT: undefined
COMMAND: POST /session/002b4557d3b25b0ebc7c1bd3299400cc/element - {"using":"xpath","value":"//*[@id=\"__box48-arrow\"]"}
RESULT: {"using":"xpath","value":"//*[@id=\"__box48-arrow\"]"}
COMMAND: POST /session/002b4557d3b25b0ebc7c1bd3299400cc/element/f.45ECA80FF6798927299FAFCC4E9F50E2.d.EF0CDDEDE324FD51735A7349DB5A875E.e.951/click - {}
RESULT: {}
COMMAND: POST /session/002b4557d3b25b0ebc7c1bd3299400cc/execute/async - {"script":"<script> [1562 bytes]","args":[{"selector":{"controlType":"sap.m.StandardListItem","viewName":"etm.portal.ui.manageclassifications.view.Create","viewId":"application-manageclassifications-display-component---classificationCreate","properties":{"title":"Yard assignment"},"searchOpenDialogs":true,"interaction":{"idSuffix":"titleText"}},"wdio_ui5_key":"etmportal.ui.manageclassifications.view.Createsap.m.StandardListItem{\"title\":\"Yard assignment\"}"}]}
COMMAND: GET /session/002b4557d3b25b0ebc7c1bd3299400cc/screenshot - {}
RESULT: {"script":"<script> [1562 bytes]","args":[{"selector":{"controlType":"sap.m.StandardListItem","viewName":"etm.portal.ui.manageclassifications.view.Create","viewId":"application-manageclassifications-display-component---classificationCreate","properties":{"title":"Yard assignment"},"searchOpenDialogs":true,"interaction":{"idSuffix":"titleText"}},"wdio_ui5_key":"etmportal.ui.manageclassifications.view.Createsap.m.StandardListItem{\"title\":\"Yard assignment\"}"}]}
RESULT: undefined
COMMAND: POST /session/002b4557d3b25b0ebc7c1bd3299400cc/element - {"using":"xpath","value":"//*[@id=\"__item288\"]"}
RESULT: {}
RESULT: {"using":"xpath","value":"//*[@id=\"__item288\"]"}
COMMAND: POST /session/002b4557d3b25b0ebc7c1bd3299400cc/element/f.45ECA80FF6798927299FAFCC4E9F50E2.d.EF0CDDEDE324FD51735A7349DB5A875E.e.990/click - {}
RESULT: {}
COMMAND: POST /session/002b4557d3b25b0ebc7c1bd3299400cc/execute/async - {"script":"<script> [1562 bytes]","args":[{"selector":{"controlType":"sap.ui.core.Icon","viewName":"etm.portal.ui.manageclassifications.view.Create","viewId":"application-manageclassifications-display-component---classificationCreate","properties":{"src":{"regex":{"source":"add"}}}},"wdio_ui5_key":"etmportal.ui.manageclassifications.view.Createsap.ui.core.Icon{\"src\":{\"regex\":{\"source\":\"add\"}}}"}]}
COMMAND: GET /session/002b4557d3b25b0ebc7c1bd3299400cc/screenshot - {}
RESULT: {"script":"<script> [1562 bytes]","args":[{"selector":{"controlType":"sap.ui.core.Icon","viewName":"etm.portal.ui.manageclassifications.view.Create","viewId":"application-manageclassifications-display-component---classificationCreate","properties":{"src":{"regex":{"source":"add"}}}},"wdio_ui5_key":"etmportal.ui.manageclassifications.view.Createsap.ui.core.Icon{\"src\":{\"regex\":{\"source\":\"add\"}}}"}]}
RESULT: undefined
COMMAND: POST /session/002b4557d3b25b0ebc7c1bd3299400cc/element - {"using":"xpath","value":"//*[@id=\"__button82-img\"]"}
RESULT: {}
RESULT: {"using":"xpath","value":"//*[@id=\"__button82-img\"]"}
COMMAND: POST /session/002b4557d3b25b0ebc7c1bd3299400cc/element/f.45ECA80FF6798927299FAFCC4E9F50E2.d.EF0CDDEDE324FD51735A7349DB5A875E.e.954/click - {}
RESULT: {}
COMMAND: POST /session/002b4557d3b25b0ebc7c1bd3299400cc/execute/async - {"script":"<script> [1562 bytes]","args":[{"selector":{"controlType":"sap.m.Input","viewName":"etm.portal.ui.manageclassifications.view.Create","viewId":"application-manageclassifications-display-component---classificationCreate","bindingPath":{"path":"/0","propertyPath":"PROPERTY","modelName":"newConfigModel"},"interaction":{"idSuffix":"inner"}},"wdio_ui5_key":"etmportal.ui.manageclassifications.view.Createsap.m.Input{\"path\":\"/0\",\"propertyPath\":\"PROPERTY\",\"modelName\":\"newConfigModel\"}"}]}
COMMAND: GET /session/002b4557d3b25b0ebc7c1bd3299400cc/screenshot - {}
RESULT: {"script":"<script> [1562 bytes]","args":[{"selector":{"controlType":"sap.m.Input","viewName":"etm.portal.ui.manageclassifications.view.Create","viewId":"application-manageclassifications-display-component---classificationCreate","bindingPath":{"path":"/0","propertyPath":"PROPERTY","modelName":"newConfigModel"},"interaction":{"idSuffix":"inner"}},"wdio_ui5_key":"etmportal.ui.manageclassifications.view.Createsap.m.Input{\"path\":\"/0\",\"propertyPath\":\"PROPERTY\",\"modelName\":\"newConfigModel\"}"}]}
RESULT: undefined
COMMAND: POST /session/002b4557d3b25b0ebc7c1bd3299400cc/execute/async - {"script":"<script> [776 bytes]","args":[{"enterText":"101","selector":{"controlType":"sap.m.Input","viewName":"etm.portal.ui.manageclassifications.view.Create","viewId":"application-manageclassifications-display-component---classificationCreate","bindingPath":{"path":"/0","propertyPath":"PROPERTY","modelName":"newConfigModel"},"interaction":{"idSuffix":"inner"}},"clearTextFirst":true,"interactionType":"ENTER_TEXT"}]}
RESULT: {}
RESULT: {"script":"<script> [776 bytes]","args":[{"enterText":"101","selector":{"controlType":"sap.m.Input","viewName":"etm.portal.ui.manageclassifications.view.Create","viewId":"application-manageclassifications-display-component---classificationCreate","bindingPath":{"path":"/0","propertyPath":"PROPERTY","modelName":"newConfigModel"},"interaction":{"idSuffix":"inner"}},"clearTextFirst":true,"interactionType":"ENTER_TEXT"}]}
COMMAND: POST /session/002b4557d3b25b0ebc7c1bd3299400cc/execute/async - {"script":"<script> [1562 bytes]","args":[{"selector":{"controlType":"sap.m.Input","viewName":"etm.portal.ui.manageclassifications.view.Create","viewId":"application-manageclassifications-display-component---classificationCreate","bindingPath":{"path":"/0","propertyPath":"DESCRIPTION","modelName":"newConfigModel"},"interaction":{"idSuffix":"inner"}},"wdio_ui5_key":"etmportal.ui.manageclassifications.view.Createsap.m.Input{\"path\":\"/0\",\"propertyPath\":\"DESCRIPTION\",\"modelName\":\"newConfigModel\"}"}]}
RESULT: {"script":"<script> [1562 bytes]","args":[{"selector":{"controlType":"sap.m.Input","viewName":"etm.portal.ui.manageclassifications.view.Create","viewId":"application-manageclassifications-display-component---classificationCreate","bindingPath":{"path":"/0","propertyPath":"DESCRIPTION","modelName":"newConfigModel"},"interaction":{"idSuffix":"inner"}},"wdio_ui5_key":"etmportal.ui.manageclassifications.view.Createsap.m.Input{\"path\":\"/0\",\"propertyPath\":\"DESCRIPTION\",\"modelName\":\"newConfigModel\"}"}]}
RESULT: undefined
COMMAND: POST /session/002b4557d3b25b0ebc7c1bd3299400cc/execute/async - {"script":"<script> [776 bytes]","args":[{"enterText":"yard1","selector":{"controlType":"sap.m.Input","viewName":"etm.portal.ui.manageclassifications.view.Create","viewId":"application-manageclassifications-display-component---classificationCreate","bindingPath":{"path":"/0","propertyPath":"DESCRIPTION","modelName":"newConfigModel"},"interaction":{"idSuffix":"inner"}},"clearTextFirst":true,"interactionType":"ENTER_TEXT"}]}
RESULT: {"script":"<script> [776 bytes]","args":[{"enterText":"yard1","selector":{"controlType":"sap.m.Input","viewName":"etm.portal.ui.manageclassifications.view.Create","viewId":"application-manageclassifications-display-component---classificationCreate","bindingPath":{"path":"/0","propertyPath":"DESCRIPTION","modelName":"newConfigModel"},"interaction":{"idSuffix":"inner"}},"clearTextFirst":true,"interactionType":"ENTER_TEXT"}]}
COMMAND: POST /session/002b4557d3b25b0ebc7c1bd3299400cc/execute/async - {"script":"<script> [1562 bytes]","args":[{"selector":{"controlType":"sap.ui.core.Icon","viewName":"etm.portal.ui.manageclassifications.view.Create","viewId":"application-manageclassifications-display-component---classificationCreate","properties":{"src":{"regex":{"source":"slim\\-arrow\\-down"}}},"ancestor":{"controlType":"sap.m.ComboBox","viewName":"etm.portal.ui.manageclassifications.view.Create","viewId":"application-manageclassifications-display-component---classificationCreate","bindingPath":{"path":"/0","propertyPath":"VALUE_TYPE","modelName":"newConfigModel"}}},"wdio_ui5_key":"etmportal.ui.manageclassifications.view.Createsap.ui.core.Icon{\"src\":{\"regex\":{\"source\":\"slim\\\\-arrow\\\\-down\"}}}{\"controlType\":\"sap.m.ComboBox\",\"viewName\":\"etm.portal.ui.manageclassifications.view.Create\",\"viewId\":\"application-manageclassifications-display-component---classificationCreate\",\"bindingPath\":{\"path\":\"/0\",\"propertyPath\":\"VALUE_TYPE\",\"modelName\":\"newConfigModel\"}}"}]}
RESULT: {"script":"<script> [1562 bytes]","args":[{"selector":{"controlType":"sap.ui.core.Icon","viewName":"etm.portal.ui.manageclassifications.view.Create","viewId":"application-manageclassifications-display-component---classificationCreate","properties":{"src":{"regex":{"source":"slim\\-arrow\\-down"}}},"ancestor":{"controlType":"sap.m.ComboBox","viewName":"etm.portal.ui.manageclassifications.view.Create","viewId":"application-manageclassifications-display-component---classificationCreate","bindingPath":{"path":"/0","propertyPath":"VALUE_TYPE","modelName":"newConfigModel"}}},"wdio_ui5_key":"etmportal.ui.manageclassifications.view.Createsap.ui.core.Icon{\"src\":{\"regex\":{\"source\":\"slim\\\\-arrow\\\\-down\"}}}{\"controlType\":\"sap.m.ComboBox\",\"viewName\":\"etm.portal.ui.manageclassifications.view.Create\",\"viewId\":\"application-manageclassifications-display-component---classificationCreate\",\"bindingPath\":{\"path\":\"/0\",\"propertyPath\":\"VALUE_TYPE\",\"modelName\":\"newConfigModel\"}}"}]}
RESULT: undefined
COMMAND: POST /session/002b4557d3b25b0ebc7c1bd3299400cc/element - {"using":"xpath","value":"//*[@id=\"__box49-application-manageclassifications-display-component---classificationCreate--configurationList-0-arrow\"]"}
RESULT: {"using":"xpath","value":"//*[@id=\"__box49-application-manageclassifications-display-component---classificationCreate--configurationList-0-arrow\"]"}
COMMAND: POST /session/002b4557d3b25b0ebc7c1bd3299400cc/element/f.45ECA80FF6798927299FAFCC4E9F50E2.d.EF0CDDEDE324FD51735A7349DB5A875E.e.999/click - {}
RESULT: {}
COMMAND: POST /session/002b4557d3b25b0ebc7c1bd3299400cc/execute/async - {"script":"<script> [1562 bytes]","args":[{"selector":{"controlType":"sap.m.StandardListItem","viewName":"etm.portal.ui.manageclassifications.view.Create","viewId":"application-manageclassifications-display-component---classificationCreate","properties":{"title":"Boolean"},"searchOpenDialogs":true,"interaction":{"idSuffix":"content"}},"wdio_ui5_key":"etmportal.ui.manageclassifications.view.Createsap.m.StandardListItem{\"title\":\"Boolean\"}"}]}
COMMAND: GET /session/002b4557d3b25b0ebc7c1bd3299400cc/screenshot - {}
RESULT: {"script":"<script> [1562 bytes]","args":[{"selector":{"controlType":"sap.m.StandardListItem","viewName":"etm.portal.ui.manageclassifications.view.Create","viewId":"application-manageclassifications-display-component---classificationCreate","properties":{"title":"Boolean"},"searchOpenDialogs":true,"interaction":{"idSuffix":"content"}},"wdio_ui5_key":"etmportal.ui.manageclassifications.view.Createsap.m.StandardListItem{\"title\":\"Boolean\"}"}]}
RESULT: undefined
COMMAND: POST /session/002b4557d3b25b0ebc7c1bd3299400cc/element - {"using":"xpath","value":"//*[@id=\"__item291\"]"}
RESULT: {}
RESULT: {"using":"xpath","value":"//*[@id=\"__item291\"]"}
COMMAND: POST /session/002b4557d3b25b0ebc7c1bd3299400cc/element/f.45ECA80FF6798927299FAFCC4E9F50E2.d.EF0CDDEDE324FD51735A7349DB5A875E.e.1001/click - {}
RESULT: {}
COMMAND: POST /session/002b4557d3b25b0ebc7c1bd3299400cc/element - {"using":"xpath","value":"//input[contains(@id ,\"application-manageclassifications-display-component---classificationCreate--classHeaderName-inner\")]"}
COMMAND: GET /session/002b4557d3b25b0ebc7c1bd3299400cc/screenshot - {}
RESULT: {"using":"xpath","value":"//input[contains(@id ,\"application-manageclassifications-display-component---classificationCreate--classHeaderName-inner\")]"}
COMMAND: GET /session/002b4557d3b25b0ebc7c1bd3299400cc/element/f.45ECA80FF6798927299FAFCC4E9F50E2.d.EF0CDDEDE324FD51735A7349DB5A875E.e.904/property/value - {}
RESULT: {}
RESULT: {}
COMMAND: GET /session/002b4557d3b25b0ebc7c1bd3299400cc/screenshot - {}
RESULT: {}
COMMAND: POST /session/002b4557d3b25b0ebc7c1bd3299400cc/element - {"using":"xpath","value":"//button[@title=\"Save\"]"}
RESULT: {"using":"xpath","value":"//button[@title=\"Save\"]"}
COMMAND: POST /session/002b4557d3b25b0ebc7c1bd3299400cc/element/f.45ECA80FF6798927299FAFCC4E9F50E2.d.EF0CDDEDE324FD51735A7349DB5A875E.e.961/click - {}
RESULT: {}
COMMAND: GET /session/002b4557d3b25b0ebc7c1bd3299400cc/screenshot - {}
RESULT: {}
COMMAND: POST /session/002b4557d3b25b0ebc7c1bd3299400cc/execute/async - {"script":"<script> [1562 bytes]","args":[{"selector":{"id":"application-manageclassifications-display-component---classificationMaster--smartFilterBar-btnBasicSearch","interaction":{"idSuffix":"I"}},"wdio_ui5_key":"applicationmanageclassifications-display-component---classificationMaster--smartFilterBar-btnBasicSearch"}]}
RESULT: {"script":"<script> [1562 bytes]","args":[{"selector":{"id":"application-manageclassifications-display-component---classificationMaster--smartFilterBar-btnBasicSearch","interaction":{"idSuffix":"I"}},"wdio_ui5_key":"applicationmanageclassifications-display-component---classificationMaster--smartFilterBar-btnBasicSearch"}]}
RESULT: undefined
COMMAND: POST /session/002b4557d3b25b0ebc7c1bd3299400cc/execute/async - {"script":"<script> [776 bytes]","args":[{"enterText":"WebdriverYardClassd3l6i","selector":{"id":"application-manageclassifications-display-component---classificationMaster--smartFilterBar-btnBasicSearch","interaction":{"idSuffix":"I"}},"clearTextFirst":true,"interactionType":"ENTER_TEXT"}]}
RESULT: {"script":"<script> [776 bytes]","args":[{"enterText":"WebdriverYardClassd3l6i","selector":{"id":"application-manageclassifications-display-component---classificationMaster--smartFilterBar-btnBasicSearch","interaction":{"idSuffix":"I"}},"clearTextFirst":true,"interactionType":"ENTER_TEXT"}]}
COMMAND: POST /session/002b4557d3b25b0ebc7c1bd3299400cc/actions - {"actions":[{"id":"action3","type":"key","parameters":{},"actions":[{"type":"keyDown","value":""},{"type":"pause","duration":10},{"type":"keyUp","value":""}]}]}
RESULT: {"actions":[{"id":"action3","type":"key","parameters":{},"actions":[{"type":"keyDown","value":""},{"type":"pause","duration":10},{"type":"keyUp","value":""}]}]}
COMMAND: POST /session/002b4557d3b25b0ebc7c1bd3299400cc/execute/async - {"script":"<script> [1562 bytes]","args":[{"selector":{"id":"application-manageclassifications-display-component---classificationMaster--smartTable-header"},"wdio_ui5_key":"applicationmanageclassifications-display-component---classificationMaster--smartTable-header"}]}
COMMAND: GET /session/002b4557d3b25b0ebc7c1bd3299400cc/screenshot - {}
RESULT: {"script":"<script> [1562 bytes]","args":[{"selector":{"id":"application-manageclassifications-display-component---classificationMaster--smartTable-header"},"wdio_ui5_key":"applicationmanageclassifications-display-component---classificationMaster--smartTable-header"}]}
RESULT: undefined
COMMAND: POST /session/002b4557d3b25b0ebc7c1bd3299400cc/execute/async - {"script":"<script> [6424 bytes]","args":[{"element-6066-11e4-a52e-4f735466cecf":"f.45ECA80FF6798927299FAFCC4E9F50E2.d.EF0CDDEDE324FD51735A7349DB5A875E.e.1169"},"getText",[]]}
RESULT: {}
RESULT: {"script":"<script> [6424 bytes]","args":[{"element-6066-11e4-a52e-4f735466cecf":"f.45ECA80FF6798927299FAFCC4E9F50E2.d.EF0CDDEDE324FD51735A7349DB5A875E.e.1169"},"getText",[]]}
COMMAND: POST /session/002b4557d3b25b0ebc7c1bd3299400cc/element - {"using":"css selector","value":"#shell-header-logo"}
RESULT: {"using":"css selector","value":"#shell-header-logo"}
COMMAND: POST /session/002b4557d3b25b0ebc7c1bd3299400cc/element/f.45ECA80FF6798927299FAFCC4E9F50E2.d.EF0CDDEDE324FD51735A7349DB5A875E.e.510/click - {}
RESULT: {}
COMMAND: GET /session/002b4557d3b25b0ebc7c1bd3299400cc/screenshot - {}
RESULT: {}
]]></system-out>
    </testcase>
    <testcase classname="chrome.136_0_7103_93.windows.Manage_catalogs_-_yard_assignment_classification_US138930" name="Should add the yard classification to a catalog item" time="113.885">
      <system-out><![CDATA[
RESULT: undefined
COMMAND: POST /session/002b4557d3b25b0ebc7c1bd3299400cc/element - {"using":"xpath","value":"//*[@id=\"__tile37\"]"}
RESULT: {"using":"xpath","value":"//*[@id=\"__tile37\"]"}
COMMAND: POST /session/002b4557d3b25b0ebc7c1bd3299400cc/element/f.45ECA80FF6798927299FAFCC4E9F50E2.d.EF0CDDEDE324FD51735A7349DB5A875E.e.116/click - {}
RESULT: {}
COMMAND: GET /session/002b4557d3b25b0ebc7c1bd3299400cc/screenshot - {}
RESULT: {}
COMMAND: POST /session/002b4557d3b25b0ebc7c1bd3299400cc/elements - {"using":"xpath","value":"//span[text()='Error']"}
RESULT: {"using":"xpath","value":"//span[text()='Error']"}
COMMAND: POST /session/002b4557d3b25b0ebc7c1bd3299400cc/refresh - {}
RESULT: {}
COMMAND: GET /session/002b4557d3b25b0ebc7c1bd3299400cc/screenshot - {}
RESULT: {}
COMMAND: POST /session/002b4557d3b25b0ebc7c1bd3299400cc/execute/async - {"script":"<script> [189 bytes]","args":[]}
RESULT: {"script":"<script> [189 bytes]","args":[]}
COMMAND: POST /session/002b4557d3b25b0ebc7c1bd3299400cc/execute/async - {"script":"<script> [123 bytes]","args":[]}
RESULT: {"script":"<script> [123 bytes]","args":[]}
COMMAND: POST /session/002b4557d3b25b0ebc7c1bd3299400cc/timeouts - {"script":"<number>"}
RESULT: {"script":"<number>"}
COMMAND: GET /session/002b4557d3b25b0ebc7c1bd3299400cc/timeouts - {}
RESULT: {}
RESULT: undefined
COMMAND: POST /session/002b4557d3b25b0ebc7c1bd3299400cc/execute/async - {"script":"<script> [2676 bytes]","args":[]}
RESULT: {"script":"<script> [2676 bytes]","args":[]}
COMMAND: POST /session/002b4557d3b25b0ebc7c1bd3299400cc/execute/async - {"script":"<script> [2342 bytes]","args":[{"protocol":"http","hostname":"0.0.0.0","path":"/","capabilities":{"browserName":"chrome","goog:chromeOptions":{"binary":"C:\\Program Files\\Google\\Chrome\\Application\\chrome.exe","args":["--start-maximized"]}},"logLevel":"warn","connectionRetryTimeout":120000,"connectionRetryCount":3,"logLevels":{},"enableDirectConnect":true,"strictSSL":true,"_":"65 more keys: [\"cacheDir\",\"port\",\"requestedCapabilities\",\"automationProtocol\",\"baseUrl\",\"waitforInterval\",\"waitforTimeout\",\"onReload\",\"beforeCommand\",\"afterCommand\",\"rootDir\",\"specs\",\"suites\",\"exclude\",\"groupLogsByTestSpec\",\"excludeDriverLogs\",\"bail\",\"framework\",\"reporters\",\"services\",\"maxInstances\",\"maxInstancesPerCapability\",\"injectGlobals\",\"filesToWatch\",\"execArgv\",\"runnerEnv\",\"runner\",\"shard\",\"specFileRetries\",\"specFileRetriesDelay\",\"specFileRetriesDeferred\",\"reporterSyncInterval\",\"reporterSyncTimeout\",\"cucumberFeaturesWithLineNumbers\",\"autoCompileOpts\",\"mochaOpts\",\"jasmineOpts\",\"cucumberOpts\",\"onPrepare\",\"onWorkerStart\",\"onWorkerEnd\",\"before\",\"beforeSession\",\"beforeSuite\",\"beforeHook\",\"beforeTest\",\"afterTest\",\"afterHook\",\"afterSuite\",\"afterSession\",\"after\",\"onComplete\",\"beforeAssertion\",\"afterAssertion\",\"beforeFeature\",\"beforeScenario\",\"beforeStep\",\"afterStep\",\"afterScenario\",\"afterFeature\",\"_\",\"suite\",\"$0\",\"ignoredWorkerServices\",\"wdi5\"]"}]}
RESULT: {"script":"<script> [2342 bytes]","args":[{"protocol":"http","hostname":"0.0.0.0","path":"/","capabilities":{"browserName":"chrome","goog:chromeOptions":{"binary":"C:\\Program Files\\Google\\Chrome\\Application\\chrome.exe","args":["--start-maximized"]}},"logLevel":"warn","connectionRetryTimeout":120000,"connectionRetryCount":3,"logLevels":{},"enableDirectConnect":true,"strictSSL":true,"_":"65 more keys: [\"cacheDir\",\"port\",\"requestedCapabilities\",\"automationProtocol\",\"baseUrl\",\"waitforInterval\",\"waitforTimeout\",\"onReload\",\"beforeCommand\",\"afterCommand\",\"rootDir\",\"specs\",\"suites\",\"exclude\",\"groupLogsByTestSpec\",\"excludeDriverLogs\",\"bail\",\"framework\",\"reporters\",\"services\",\"maxInstances\",\"maxInstancesPerCapability\",\"injectGlobals\",\"filesToWatch\",\"execArgv\",\"runnerEnv\",\"runner\",\"shard\",\"specFileRetries\",\"specFileRetriesDelay\",\"specFileRetriesDeferred\",\"reporterSyncInterval\",\"reporterSyncTimeout\",\"cucumberFeaturesWithLineNumbers\",\"autoCompileOpts\",\"mochaOpts\",\"jasmineOpts\",\"cucumberOpts\",\"onPrepare\",\"onWorkerStart\",\"onWorkerEnd\",\"before\",\"beforeSession\",\"beforeSuite\",\"beforeHook\",\"beforeTest\",\"afterTest\",\"afterHook\",\"afterSuite\",\"afterSession\",\"after\",\"onComplete\",\"beforeAssertion\",\"afterAssertion\",\"beforeFeature\",\"beforeScenario\",\"beforeStep\",\"afterStep\",\"afterScenario\",\"afterFeature\",\"_\",\"suite\",\"$0\",\"ignoredWorkerServices\",\"wdi5\"]"}]}
COMMAND: POST /session/002b4557d3b25b0ebc7c1bd3299400cc/execute/async - {"script":"<script> [21126 bytes]","args":[35000]}
RESULT: {"script":"<script> [21126 bytes]","args":[35000]}
COMMAND: POST /session/002b4557d3b25b0ebc7c1bd3299400cc/element - {"using":"xpath","value":"//span[contains(text(), \"Webshop Catalog\")][contains(@id ,\"masterCatalogs\")]"}
RESULT: {"using":"xpath","value":"//span[contains(text(), \"Webshop Catalog\")][contains(@id ,\"masterCatalogs\")]"}
COMMAND: POST /session/002b4557d3b25b0ebc7c1bd3299400cc/element/f.45ECA80FF6798927299FAFCC4E9F50E2.d.62D09525EFB41D92665D5F4F14DACEEA.e.1272/click - {}
RESULT: {}
COMMAND: GET /session/002b4557d3b25b0ebc7c1bd3299400cc/screenshot - {}
RESULT: {}
COMMAND: POST /session/002b4557d3b25b0ebc7c1bd3299400cc/element - {"using":"xpath","value":"//input[contains(@id ,\"application-managecatalogs-display-component---masterCatalogItems--searchItemsField-I\")]"}
RESULT: {"using":"xpath","value":"//input[contains(@id ,\"application-managecatalogs-display-component---masterCatalogItems--searchItemsField-I\")]"}
COMMAND: POST /session/002b4557d3b25b0ebc7c1bd3299400cc/element/f.45ECA80FF6798927299FAFCC4E9F50E2.d.62D09525EFB41D92665D5F4F14DACEEA.e.1275/value - {"text":"SecondSectionnwd2c"}
RESULT: {"text":"SecondSectionnwd2c"}
COMMAND: POST /session/002b4557d3b25b0ebc7c1bd3299400cc/actions - {"actions":[{"id":"action4","type":"key","parameters":{},"actions":[{"type":"keyDown","value":""},{"type":"pause","duration":10},{"type":"keyUp","value":""}]}]}
COMMAND: GET /session/002b4557d3b25b0ebc7c1bd3299400cc/screenshot - {}
RESULT: {"actions":[{"id":"action4","type":"key","parameters":{},"actions":[{"type":"keyDown","value":""},{"type":"pause","duration":10},{"type":"keyUp","value":""}]}]}
COMMAND: GET /session/002b4557d3b25b0ebc7c1bd3299400cc/screenshot - {}
RESULT: {}
RESULT: {}
COMMAND: POST /session/002b4557d3b25b0ebc7c1bd3299400cc/element - {"using":"xpath","value":"(//span[contains(text(), \"SecondSectionnwd2c\")])[1]"}
RESULT: {"using":"xpath","value":"(//span[contains(text(), \"SecondSectionnwd2c\")])[1]"}
COMMAND: POST /session/002b4557d3b25b0ebc7c1bd3299400cc/element/f.45ECA80FF6798927299FAFCC4E9F50E2.d.62D09525EFB41D92665D5F4F14DACEEA.e.1287/click - {}
RESULT: {}
COMMAND: POST /session/002b4557d3b25b0ebc7c1bd3299400cc/execute/async - {"script":"<script> [1562 bytes]","args":[{"selector":{"controlType":"sap.m.Button","viewName":"etm.portal.ui.managecatalogs.view.Detail","viewId":"application-managecatalogs-display-component---detailCatalog","i18NText":{"propertyName":"text","key":"edit"},"interaction":{"idSuffix":"BDI-content"}},"wdio_ui5_key":"etmportal.ui.managecatalogs.view.Detailsap.m.Button{\"propertyName\":\"text\",\"key\":\"edit\"}"}]}
COMMAND: GET /session/002b4557d3b25b0ebc7c1bd3299400cc/screenshot - {}
RESULT: {"script":"<script> [1562 bytes]","args":[{"selector":{"controlType":"sap.m.Button","viewName":"etm.portal.ui.managecatalogs.view.Detail","viewId":"application-managecatalogs-display-component---detailCatalog","i18NText":{"propertyName":"text","key":"edit"},"interaction":{"idSuffix":"BDI-content"}},"wdio_ui5_key":"etmportal.ui.managecatalogs.view.Detailsap.m.Button{\"propertyName\":\"text\",\"key\":\"edit\"}"}]}
RESULT: undefined
COMMAND: POST /session/002b4557d3b25b0ebc7c1bd3299400cc/element - {"using":"xpath","value":"//*[@id=\"__button33\"]"}
RESULT: {}
RESULT: {"using":"xpath","value":"//*[@id=\"__button33\"]"}
COMMAND: POST /session/002b4557d3b25b0ebc7c1bd3299400cc/element/f.45ECA80FF6798927299FAFCC4E9F50E2.d.62D09525EFB41D92665D5F4F14DACEEA.e.1356/click - {}
RESULT: {}
COMMAND: POST /session/002b4557d3b25b0ebc7c1bd3299400cc/execute/async - {"script":"<script> [1562 bytes]","args":[{"selector":{"controlType":"sap.ui.core.Icon","viewName":"etm.portal.ui.managecatalogs.view.Detail","viewId":"application-managecatalogs-display-component---detailCatalog","properties":{"src":{"regex":{"source":"add\\-document"}}}},"wdio_ui5_key":"etmportal.ui.managecatalogs.view.Detailsap.ui.core.Icon{\"src\":{\"regex\":{\"source\":\"add\\\\-document\"}}}"}]}
COMMAND: GET /session/002b4557d3b25b0ebc7c1bd3299400cc/screenshot - {}
RESULT: {"script":"<script> [1562 bytes]","args":[{"selector":{"controlType":"sap.ui.core.Icon","viewName":"etm.portal.ui.managecatalogs.view.Detail","viewId":"application-managecatalogs-display-component---detailCatalog","properties":{"src":{"regex":{"source":"add\\-document"}}}},"wdio_ui5_key":"etmportal.ui.managecatalogs.view.Detailsap.ui.core.Icon{\"src\":{\"regex\":{\"source\":\"add\\\\-document\"}}}"}]}
RESULT: undefined
COMMAND: POST /session/002b4557d3b25b0ebc7c1bd3299400cc/element - {"using":"xpath","value":"//*[@id=\"__button42-img\"]"}
RESULT: {}
RESULT: {"using":"xpath","value":"//*[@id=\"__button42-img\"]"}
COMMAND: POST /session/002b4557d3b25b0ebc7c1bd3299400cc/element/f.45ECA80FF6798927299FAFCC4E9F50E2.d.62D09525EFB41D92665D5F4F14DACEEA.e.1363/click - {}
RESULT: {}
COMMAND: POST /session/002b4557d3b25b0ebc7c1bd3299400cc/execute/async - {"script":"<script> [1562 bytes]","args":[{"selector":{"id":"application-managecatalogs-display-component---detailCatalog--newItemNumberInput","searchOpenDialogs":true,"interaction":{"idSuffix":"inner"}},"wdio_ui5_key":"applicationmanagecatalogs-display-component---detailCatalog--newItemNumberInput"}]}
COMMAND: GET /session/002b4557d3b25b0ebc7c1bd3299400cc/screenshot - {}
RESULT: {"script":"<script> [1562 bytes]","args":[{"selector":{"id":"application-managecatalogs-display-component---detailCatalog--newItemNumberInput","searchOpenDialogs":true,"interaction":{"idSuffix":"inner"}},"wdio_ui5_key":"applicationmanagecatalogs-display-component---detailCatalog--newItemNumberInput"}]}
RESULT: undefined
COMMAND: POST /session/002b4557d3b25b0ebc7c1bd3299400cc/execute/async - {"script":"<script> [776 bytes]","args":[{"enterText":"catalogItemjr033","selector":{"id":"application-managecatalogs-display-component---detailCatalog--newItemNumberInput","searchOpenDialogs":true,"interaction":{"idSuffix":"inner"}},"clearTextFirst":true,"interactionType":"ENTER_TEXT"}]}
RESULT: {}
RESULT: {"script":"<script> [776 bytes]","args":[{"enterText":"catalogItemjr033","selector":{"id":"application-managecatalogs-display-component---detailCatalog--newItemNumberInput","searchOpenDialogs":true,"interaction":{"idSuffix":"inner"}},"clearTextFirst":true,"interactionType":"ENTER_TEXT"}]}
COMMAND: POST /session/002b4557d3b25b0ebc7c1bd3299400cc/execute/async - {"script":"<script> [1562 bytes]","args":[{"selector":{"controlType":"sap.m.Input","viewName":"etm.portal.ui.managecatalogs.view.Detail","viewId":"application-managecatalogs-display-component---detailCatalog","bindingPath":{"path":"","propertyPath":"/DESCRIPTION"},"searchOpenDialogs":true,"interaction":{"idSuffix":"inner"}},"wdio_ui5_key":"etmportal.ui.managecatalogs.view.Detailsap.m.Input{\"path\":\"\",\"propertyPath\":\"/DESCRIPTION\"}"}]}
RESULT: {"script":"<script> [1562 bytes]","args":[{"selector":{"controlType":"sap.m.Input","viewName":"etm.portal.ui.managecatalogs.view.Detail","viewId":"application-managecatalogs-display-component---detailCatalog","bindingPath":{"path":"","propertyPath":"/DESCRIPTION"},"searchOpenDialogs":true,"interaction":{"idSuffix":"inner"}},"wdio_ui5_key":"etmportal.ui.managecatalogs.view.Detailsap.m.Input{\"path\":\"\",\"propertyPath\":\"/DESCRIPTION\"}"}]}
RESULT: undefined
COMMAND: POST /session/002b4557d3b25b0ebc7c1bd3299400cc/execute/async - {"script":"<script> [776 bytes]","args":[{"enterText":"catalogItemNamepouyz","selector":{"controlType":"sap.m.Input","viewName":"etm.portal.ui.managecatalogs.view.Detail","viewId":"application-managecatalogs-display-component---detailCatalog","bindingPath":{"path":"","propertyPath":"/DESCRIPTION"},"searchOpenDialogs":true,"interaction":{"idSuffix":"inner"}},"clearTextFirst":true,"interactionType":"ENTER_TEXT"}]}
RESULT: {"script":"<script> [776 bytes]","args":[{"enterText":"catalogItemNamepouyz","selector":{"controlType":"sap.m.Input","viewName":"etm.portal.ui.managecatalogs.view.Detail","viewId":"application-managecatalogs-display-component---detailCatalog","bindingPath":{"path":"","propertyPath":"/DESCRIPTION"},"searchOpenDialogs":true,"interaction":{"idSuffix":"inner"}},"clearTextFirst":true,"interactionType":"ENTER_TEXT"}]}
COMMAND: POST /session/002b4557d3b25b0ebc7c1bd3299400cc/execute/async - {"script":"<script> [1562 bytes]","args":[{"selector":{"controlType":"sap.m.Button","viewName":"etm.portal.ui.managecatalogs.view.Detail","viewId":"application-managecatalogs-display-component---detailCatalog","i18NText":{"propertyName":"text","key":"create"},"searchOpenDialogs":true,"interaction":{"idSuffix":"BDI-content"}},"wdio_ui5_key":"etmportal.ui.managecatalogs.view.Detailsap.m.Button{\"propertyName\":\"text\",\"key\":\"create\"}"}]}
RESULT: {"script":"<script> [1562 bytes]","args":[{"selector":{"controlType":"sap.m.Button","viewName":"etm.portal.ui.managecatalogs.view.Detail","viewId":"application-managecatalogs-display-component---detailCatalog","i18NText":{"propertyName":"text","key":"create"},"searchOpenDialogs":true,"interaction":{"idSuffix":"BDI-content"}},"wdio_ui5_key":"etmportal.ui.managecatalogs.view.Detailsap.m.Button{\"propertyName\":\"text\",\"key\":\"create\"}"}]}
RESULT: undefined
COMMAND: POST /session/002b4557d3b25b0ebc7c1bd3299400cc/element - {"using":"xpath","value":"//*[@id=\"__button17\"]"}
RESULT: {"using":"xpath","value":"//*[@id=\"__button17\"]"}
COMMAND: POST /session/002b4557d3b25b0ebc7c1bd3299400cc/element/f.45ECA80FF6798927299FAFCC4E9F50E2.d.62D09525EFB41D92665D5F4F14DACEEA.e.1373/click - {}
RESULT: {}
COMMAND: GET /session/002b4557d3b25b0ebc7c1bd3299400cc/screenshot - {}
RESULT: {}
COMMAND: POST /session/002b4557d3b25b0ebc7c1bd3299400cc/element - {"using":"xpath","value":"//button[@title=\"Save\"]"}
RESULT: {"using":"xpath","value":"//button[@title=\"Save\"]"}
COMMAND: POST /session/002b4557d3b25b0ebc7c1bd3299400cc/element/f.45ECA80FF6798927299FAFCC4E9F50E2.d.62D09525EFB41D92665D5F4F14DACEEA.e.1374/click - {}
RESULT: {}
COMMAND: GET /session/002b4557d3b25b0ebc7c1bd3299400cc/screenshot - {}
RESULT: {}
COMMAND: POST /session/002b4557d3b25b0ebc7c1bd3299400cc/execute/async - {"script":"<script> [1562 bytes]","args":[{"selector":{"controlType":"sap.ui.core.Icon","viewName":"etm.portal.ui.managecatalogs.view.Detail","viewId":"application-managecatalogs-display-component---detailCatalog","properties":{"src":{"regex":{"source":"decline"}}}},"wdio_ui5_key":"etmportal.ui.managecatalogs.view.Detailsap.ui.core.Icon{\"src\":{\"regex\":{\"source\":\"decline\"}}}"}]}
RESULT: {"script":"<script> [1562 bytes]","args":[{"selector":{"controlType":"sap.ui.core.Icon","viewName":"etm.portal.ui.managecatalogs.view.Detail","viewId":"application-managecatalogs-display-component---detailCatalog","properties":{"src":{"regex":{"source":"decline"}}}},"wdio_ui5_key":"etmportal.ui.managecatalogs.view.Detailsap.ui.core.Icon{\"src\":{\"regex\":{\"source\":\"decline\"}}}"}]}
RESULT: undefined
COMMAND: POST /session/002b4557d3b25b0ebc7c1bd3299400cc/element - {"using":"xpath","value":"//*[@id=\"__button36-img\"]"}
RESULT: {"using":"xpath","value":"//*[@id=\"__button36-img\"]"}
COMMAND: POST /session/002b4557d3b25b0ebc7c1bd3299400cc/element/f.45ECA80FF6798927299FAFCC4E9F50E2.d.62D09525EFB41D92665D5F4F14DACEEA.e.1381/click - {}
RESULT: {}
COMMAND: GET /session/002b4557d3b25b0ebc7c1bd3299400cc/screenshot - {}
RESULT: {}
COMMAND: POST /session/002b4557d3b25b0ebc7c1bd3299400cc/execute/async - {"script":"<script> [1562 bytes]","args":[{"selector":{"controlType":"sap.ui.core.Icon","viewName":"etm.portal.ui.managecatalogs.view.MasterItems","viewId":"application-managecatalogs-display-component---masterCatalogItems","properties":{"src":{"regex":{"source":"refresh"}}}},"wdio_ui5_key":"etmportal.ui.managecatalogs.view.MasterItemssap.ui.core.Icon{\"src\":{\"regex\":{\"source\":\"refresh\"}}}"}]}
RESULT: {"script":"<script> [1562 bytes]","args":[{"selector":{"controlType":"sap.ui.core.Icon","viewName":"etm.portal.ui.managecatalogs.view.MasterItems","viewId":"application-managecatalogs-display-component---masterCatalogItems","properties":{"src":{"regex":{"source":"refresh"}}}},"wdio_ui5_key":"etmportal.ui.managecatalogs.view.MasterItemssap.ui.core.Icon{\"src\":{\"regex\":{\"source\":\"refresh\"}}}"}]}
RESULT: undefined
COMMAND: POST /session/002b4557d3b25b0ebc7c1bd3299400cc/element - {"using":"xpath","value":"//*[@id=\"__button9-img\"]"}
RESULT: {"using":"xpath","value":"//*[@id=\"__button9-img\"]"}
COMMAND: POST /session/002b4557d3b25b0ebc7c1bd3299400cc/element/f.45ECA80FF6798927299FAFCC4E9F50E2.d.62D09525EFB41D92665D5F4F14DACEEA.e.1415/click - {}
RESULT: {}
COMMAND: GET /session/002b4557d3b25b0ebc7c1bd3299400cc/screenshot - {}
RESULT: {}
COMMAND: POST /session/002b4557d3b25b0ebc7c1bd3299400cc/execute/async - {"script":"<script> [1562 bytes]","args":[{"selector":{"id":"application-managecatalogs-display-component---masterCatalogItems--searchItemsField","interaction":{"idSuffix":"I"}},"wdio_ui5_key":"applicationmanagecatalogs-display-component---masterCatalogItems--searchItemsField"}]}
RESULT: {"script":"<script> [1562 bytes]","args":[{"selector":{"id":"application-managecatalogs-display-component---masterCatalogItems--searchItemsField","interaction":{"idSuffix":"I"}},"wdio_ui5_key":"applicationmanagecatalogs-display-component---masterCatalogItems--searchItemsField"}]}
RESULT: undefined
COMMAND: POST /session/002b4557d3b25b0ebc7c1bd3299400cc/execute/async - {"script":"<script> [776 bytes]","args":[{"enterText":"catalogItemNamepouyz","selector":{"id":"application-managecatalogs-display-component---masterCatalogItems--searchItemsField","interaction":{"idSuffix":"I"}},"clearTextFirst":true,"interactionType":"ENTER_TEXT"}]}
RESULT: {"script":"<script> [776 bytes]","args":[{"enterText":"catalogItemNamepouyz","selector":{"id":"application-managecatalogs-display-component---masterCatalogItems--searchItemsField","interaction":{"idSuffix":"I"}},"clearTextFirst":true,"interactionType":"ENTER_TEXT"}]}
COMMAND: POST /session/002b4557d3b25b0ebc7c1bd3299400cc/actions - {"actions":[{"id":"action5","type":"key","parameters":{},"actions":[{"type":"keyDown","value":""},{"type":"pause","duration":10},{"type":"keyUp","value":""}]}]}
RESULT: {"actions":[{"id":"action5","type":"key","parameters":{},"actions":[{"type":"keyDown","value":""},{"type":"pause","duration":10},{"type":"keyUp","value":""}]}]}
COMMAND: POST /session/002b4557d3b25b0ebc7c1bd3299400cc/element - {"using":"xpath","value":"(//span[contains(text(), \"catalogItemNamepouyz\")])[1]"}
COMMAND: GET /session/002b4557d3b25b0ebc7c1bd3299400cc/screenshot - {}
RESULT: {"using":"xpath","value":"(//span[contains(text(), \"catalogItemNamepouyz\")])[1]"}
COMMAND: POST /session/002b4557d3b25b0ebc7c1bd3299400cc/element/f.45ECA80FF6798927299FAFCC4E9F50E2.d.62D09525EFB41D92665D5F4F14DACEEA.e.1422/click - {}
RESULT: {}
RESULT: {}
COMMAND: GET /session/002b4557d3b25b0ebc7c1bd3299400cc/screenshot - {}
RESULT: {}
COMMAND: POST /session/002b4557d3b25b0ebc7c1bd3299400cc/element - {"using":"xpath","value":"//span[contains(text(), \"catalogItemjr033\")]"}
RESULT: {"using":"xpath","value":"//span[contains(text(), \"catalogItemjr033\")]"}
COMMAND: GET /session/002b4557d3b25b0ebc7c1bd3299400cc/element/f.45ECA80FF6798927299FAFCC4E9F50E2.d.62D09525EFB41D92665D5F4F14DACEEA.e.1483/text - {}
RESULT: {}
RESULT: undefined
COMMAND: POST /session/002b4557d3b25b0ebc7c1bd3299400cc/element - {"using":"xpath","value":"//*[@id=\"__button33\"]"}
RESULT: {"using":"xpath","value":"//*[@id=\"__button33\"]"}
COMMAND: POST /session/002b4557d3b25b0ebc7c1bd3299400cc/element/f.45ECA80FF6798927299FAFCC4E9F50E2.d.62D09525EFB41D92665D5F4F14DACEEA.e.1484/click - {}
RESULT: {}
COMMAND: GET /session/002b4557d3b25b0ebc7c1bd3299400cc/screenshot - {}
RESULT: {}
COMMAND: POST /session/002b4557d3b25b0ebc7c1bd3299400cc/execute/async - {"script":"<script> [1562 bytes]","args":[{"selector":{"id":"application-managecatalogs-display-component---detailCatalog--BASE_UNIT_OF_MEASURE-arrow"},"wdio_ui5_key":"applicationmanagecatalogs-display-component---detailCatalog--BASE_UNIT_OF_MEASURE-arrow"}]}
RESULT: {"script":"<script> [1562 bytes]","args":[{"selector":{"id":"application-managecatalogs-display-component---detailCatalog--BASE_UNIT_OF_MEASURE-arrow"},"wdio_ui5_key":"applicationmanagecatalogs-display-component---detailCatalog--BASE_UNIT_OF_MEASURE-arrow"}]}
RESULT: undefined
COMMAND: POST /session/002b4557d3b25b0ebc7c1bd3299400cc/element - {"using":"xpath","value":"//*[@id=\"application-managecatalogs-display-component---detailCatalog--BASE_UNIT_OF_MEASURE-arrow\"]"}
RESULT: {"using":"xpath","value":"//*[@id=\"application-managecatalogs-display-component---detailCatalog--BASE_UNIT_OF_MEASURE-arrow\"]"}
COMMAND: POST /session/002b4557d3b25b0ebc7c1bd3299400cc/element/f.45ECA80FF6798927299FAFCC4E9F50E2.d.62D09525EFB41D92665D5F4F14DACEEA.e.1512/click - {}
RESULT: {}
COMMAND: GET /session/002b4557d3b25b0ebc7c1bd3299400cc/screenshot - {}
RESULT: {}
COMMAND: POST /session/002b4557d3b25b0ebc7c1bd3299400cc/execute/async - {"script":"<script> [1562 bytes]","args":[{"selector":{"controlType":"sap.m.StandardListItem","viewName":"etm.portal.ui.managecatalogs.view.Detail","viewId":"application-managecatalogs-display-component---detailCatalog","properties":{"title":"Piece"},"searchOpenDialogs":true,"interaction":{"idSuffix":"titleText"}},"wdio_ui5_key":"etmportal.ui.managecatalogs.view.Detailsap.m.StandardListItem{\"title\":\"Piece\"}"}]}
RESULT: {"script":"<script> [1562 bytes]","args":[{"selector":{"controlType":"sap.m.StandardListItem","viewName":"etm.portal.ui.managecatalogs.view.Detail","viewId":"application-managecatalogs-display-component---detailCatalog","properties":{"title":"Piece"},"searchOpenDialogs":true,"interaction":{"idSuffix":"titleText"}},"wdio_ui5_key":"etmportal.ui.managecatalogs.view.Detailsap.m.StandardListItem{\"title\":\"Piece\"}"}]}
RESULT: undefined
COMMAND: POST /session/002b4557d3b25b0ebc7c1bd3299400cc/element - {"using":"xpath","value":"//*[@id=\"__item215\"]"}
RESULT: {"using":"xpath","value":"//*[@id=\"__item215\"]"}
COMMAND: POST /session/002b4557d3b25b0ebc7c1bd3299400cc/element/f.45ECA80FF6798927299FAFCC4E9F50E2.d.62D09525EFB41D92665D5F4F14DACEEA.e.1516/click - {}
RESULT: {}
COMMAND: POST /session/002b4557d3b25b0ebc7c1bd3299400cc/execute/async - {"script":"<script> [1562 bytes]","args":[{"selector":{"controlType":"sap.ui.core.Icon","viewName":"etm.portal.ui.managecatalogs.view.Detail","viewId":"application-managecatalogs-display-component---detailCatalog","properties":{"src":{"regex":{"source":"add"}}},"ancestor":{"controlType":"sap.m.Button","viewName":"etm.portal.ui.managecatalogs.view.Detail","viewId":"application-managecatalogs-display-component---detailCatalog","i18NText":{"propertyName":"tooltip","key":"addClass"}}},"wdio_ui5_key":"etmportal.ui.managecatalogs.view.Detailsap.ui.core.Icon{\"src\":{\"regex\":{\"source\":\"add\"}}}{\"controlType\":\"sap.m.Button\",\"viewName\":\"etm.portal.ui.managecatalogs.view.Detail\",\"viewId\":\"application-managecatalogs-display-component---detailCatalog\",\"i18NText\":{\"propertyName\":\"tooltip\",\"key\":\"addClass\"}}"}]}
COMMAND: GET /session/002b4557d3b25b0ebc7c1bd3299400cc/screenshot - {}
RESULT: {"script":"<script> [1562 bytes]","args":[{"selector":{"controlType":"sap.ui.core.Icon","viewName":"etm.portal.ui.managecatalogs.view.Detail","viewId":"application-managecatalogs-display-component---detailCatalog","properties":{"src":{"regex":{"source":"add"}}},"ancestor":{"controlType":"sap.m.Button","viewName":"etm.portal.ui.managecatalogs.view.Detail","viewId":"application-managecatalogs-display-component---detailCatalog","i18NText":{"propertyName":"tooltip","key":"addClass"}}},"wdio_ui5_key":"etmportal.ui.managecatalogs.view.Detailsap.ui.core.Icon{\"src\":{\"regex\":{\"source\":\"add\"}}}{\"controlType\":\"sap.m.Button\",\"viewName\":\"etm.portal.ui.managecatalogs.view.Detail\",\"viewId\":\"application-managecatalogs-display-component---detailCatalog\",\"i18NText\":{\"propertyName\":\"tooltip\",\"key\":\"addClass\"}}"}]}
RESULT: undefined
COMMAND: POST /session/002b4557d3b25b0ebc7c1bd3299400cc/element - {"using":"xpath","value":"//*[@id=\"__button39-img\"]"}
RESULT: {}
RESULT: {"using":"xpath","value":"//*[@id=\"__button39-img\"]"}
COMMAND: POST /session/002b4557d3b25b0ebc7c1bd3299400cc/element/f.45ECA80FF6798927299FAFCC4E9F50E2.d.62D09525EFB41D92665D5F4F14DACEEA.e.1517/click - {}
RESULT: {}
COMMAND: GET /session/002b4557d3b25b0ebc7c1bd3299400cc/screenshot - {}
RESULT: {}
COMMAND: POST /session/002b4557d3b25b0ebc7c1bd3299400cc/element - {"using":"xpath","value":"//input[contains(@id ,\"searchField-I\")]"}
RESULT: {"using":"xpath","value":"//input[contains(@id ,\"searchField-I\")]"}
COMMAND: POST /session/002b4557d3b25b0ebc7c1bd3299400cc/element/f.45ECA80FF6798927299FAFCC4E9F50E2.d.62D09525EFB41D92665D5F4F14DACEEA.e.1521/value - {"text":"WebdriverYardClassd3l6i"}
RESULT: {"text":"WebdriverYardClassd3l6i"}
COMMAND: POST /session/002b4557d3b25b0ebc7c1bd3299400cc/actions - {"actions":[{"id":"action6","type":"key","parameters":{},"actions":[{"type":"keyDown","value":""},{"type":"pause","duration":10},{"type":"keyUp","value":""}]}]}
COMMAND: GET /session/002b4557d3b25b0ebc7c1bd3299400cc/screenshot - {}
RESULT: {"actions":[{"id":"action6","type":"key","parameters":{},"actions":[{"type":"keyDown","value":""},{"type":"pause","duration":10},{"type":"keyUp","value":""}]}]}
COMMAND: GET /session/002b4557d3b25b0ebc7c1bd3299400cc/screenshot - {}
RESULT: {}
RESULT: {}
COMMAND: POST /session/002b4557d3b25b0ebc7c1bd3299400cc/element - {"using":"xpath","value":"//span[contains(text(), \"WebdriverYardClassd3l6i\")]"}
RESULT: {"using":"xpath","value":"//span[contains(text(), \"WebdriverYardClassd3l6i\")]"}
COMMAND: POST /session/002b4557d3b25b0ebc7c1bd3299400cc/element/f.45ECA80FF6798927299FAFCC4E9F50E2.d.62D09525EFB41D92665D5F4F14DACEEA.e.1549/click - {}
RESULT: {}
COMMAND: GET /session/002b4557d3b25b0ebc7c1bd3299400cc/screenshot - {}
RESULT: {}
COMMAND: POST /session/002b4557d3b25b0ebc7c1bd3299400cc/execute/async - {"script":"<script> [1562 bytes]","args":[{"selector":{"controlType":"sap.m.Button","viewName":"etm.portal.ui.managecatalogs.view.Detail","viewId":"application-managecatalogs-display-component---detailCatalog","properties":{"text":"Classification"},"interaction":{"idSuffix":"BDI-content"}},"wdio_ui5_key":"etmportal.ui.managecatalogs.view.Detailsap.m.Button{\"text\":\"Classification\"}"}]}
RESULT: {"script":"<script> [1562 bytes]","args":[{"selector":{"controlType":"sap.m.Button","viewName":"etm.portal.ui.managecatalogs.view.Detail","viewId":"application-managecatalogs-display-component---detailCatalog","properties":{"text":"Classification"},"interaction":{"idSuffix":"BDI-content"}},"wdio_ui5_key":"etmportal.ui.managecatalogs.view.Detailsap.m.Button{\"text\":\"Classification\"}"}]}
RESULT: undefined
COMMAND: POST /session/002b4557d3b25b0ebc7c1bd3299400cc/element - {"using":"xpath","value":"//*[@id=\"application-managecatalogs-display-component---detailCatalog--ObjectPageLayout-anchBar-__section3-anchor\"]"}
RESULT: {"using":"xpath","value":"//*[@id=\"application-managecatalogs-display-component---detailCatalog--ObjectPageLayout-anchBar-__section3-anchor\"]"}
COMMAND: POST /session/002b4557d3b25b0ebc7c1bd3299400cc/element/f.45ECA80FF6798927299FAFCC4E9F50E2.d.62D09525EFB41D92665D5F4F14DACEEA.e.1555/click - {}
RESULT: {}
COMMAND: GET /session/002b4557d3b25b0ebc7c1bd3299400cc/screenshot - {}
RESULT: {}
COMMAND: POST /session/002b4557d3b25b0ebc7c1bd3299400cc/element - {"using":"xpath","value":"//span[contains(@id ,\"expandButton-img\")]"}
RESULT: {"using":"xpath","value":"//span[contains(@id ,\"expandButton-img\")]"}
COMMAND: POST /session/002b4557d3b25b0ebc7c1bd3299400cc/element/f.45ECA80FF6798927299FAFCC4E9F50E2.d.62D09525EFB41D92665D5F4F14DACEEA.e.1560/click - {}
RESULT: {}
COMMAND: POST /session/002b4557d3b25b0ebc7c1bd3299400cc/execute/async - {"script":"<script> [1562 bytes]","args":[{"selector":{"controlType":"sap.m.CheckBox","viewName":"etm.portal.ui.managecatalogs.view.Detail","viewId":"application-managecatalogs-display-component---detailCatalog","bindingPath":{"path":"/data/0/PROPERTIES/0","propertyPath":"SELECTED","modelName":"classModel"},"interaction":{"idSuffix":"CbBg"}},"wdio_ui5_key":"etmportal.ui.managecatalogs.view.Detailsap.m.CheckBox{\"path\":\"/data/0/PROPERTIES/0\",\"propertyPath\":\"SELECTED\",\"modelName\":\"classModel\"}"}]}
COMMAND: GET /session/002b4557d3b25b0ebc7c1bd3299400cc/screenshot - {}
RESULT: {"script":"<script> [1562 bytes]","args":[{"selector":{"controlType":"sap.m.CheckBox","viewName":"etm.portal.ui.managecatalogs.view.Detail","viewId":"application-managecatalogs-display-component---detailCatalog","bindingPath":{"path":"/data/0/PROPERTIES/0","propertyPath":"SELECTED","modelName":"classModel"},"interaction":{"idSuffix":"CbBg"}},"wdio_ui5_key":"etmportal.ui.managecatalogs.view.Detailsap.m.CheckBox{\"path\":\"/data/0/PROPERTIES/0\",\"propertyPath\":\"SELECTED\",\"modelName\":\"classModel\"}"}]}
RESULT: undefined
COMMAND: POST /session/002b4557d3b25b0ebc7c1bd3299400cc/element - {"using":"xpath","value":"//*[@id=\"__box32\"]"}
RESULT: {}
RESULT: {"using":"xpath","value":"//*[@id=\"__box32\"]"}
COMMAND: POST /session/002b4557d3b25b0ebc7c1bd3299400cc/element/f.45ECA80FF6798927299FAFCC4E9F50E2.d.62D09525EFB41D92665D5F4F14DACEEA.e.1575/click - {}
RESULT: {}
RESULT: undefined
COMMAND: POST /session/002b4557d3b25b0ebc7c1bd3299400cc/execute/async - {"script":"<script> [6424 bytes]","args":[{"element-6066-11e4-a52e-4f735466cecf":"f.45ECA80FF6798927299FAFCC4E9F50E2.d.62D09525EFB41D92665D5F4F14DACEEA.e.1573"},"getSelected",[]]}
COMMAND: GET /session/002b4557d3b25b0ebc7c1bd3299400cc/screenshot - {}
RESULT: {"script":"<script> [6424 bytes]","args":[{"element-6066-11e4-a52e-4f735466cecf":"f.45ECA80FF6798927299FAFCC4E9F50E2.d.62D09525EFB41D92665D5F4F14DACEEA.e.1573"},"getSelected",[]]}
COMMAND: POST /session/002b4557d3b25b0ebc7c1bd3299400cc/execute/async - {"script":"<script> [1562 bytes]","args":[{"selector":{"controlType":"sap.m.Button","viewName":"etm.portal.ui.managecatalogs.view.Detail","viewId":"application-managecatalogs-display-component---detailCatalog","i18NText":{"propertyName":"text","key":"save"},"interaction":{"idSuffix":"BDI-content"}},"wdio_ui5_key":"etmportal.ui.managecatalogs.view.Detailsap.m.Button{\"propertyName\":\"text\",\"key\":\"save\"}"}]}
RESULT: {}
RESULT: {"script":"<script> [1562 bytes]","args":[{"selector":{"controlType":"sap.m.Button","viewName":"etm.portal.ui.managecatalogs.view.Detail","viewId":"application-managecatalogs-display-component---detailCatalog","i18NText":{"propertyName":"text","key":"save"},"interaction":{"idSuffix":"BDI-content"}},"wdio_ui5_key":"etmportal.ui.managecatalogs.view.Detailsap.m.Button{\"propertyName\":\"text\",\"key\":\"save\"}"}]}
RESULT: undefined
COMMAND: POST /session/002b4557d3b25b0ebc7c1bd3299400cc/element - {"using":"xpath","value":"//*[@id=\"__button51\"]"}
RESULT: {"using":"xpath","value":"//*[@id=\"__button51\"]"}
COMMAND: POST /session/002b4557d3b25b0ebc7c1bd3299400cc/element/f.45ECA80FF6798927299FAFCC4E9F50E2.d.62D09525EFB41D92665D5F4F14DACEEA.e.1486/click - {}
RESULT: {}
COMMAND: GET /session/002b4557d3b25b0ebc7c1bd3299400cc/screenshot - {}
RESULT: {}
COMMAND: POST /session/002b4557d3b25b0ebc7c1bd3299400cc/element - {"using":"css selector","value":"#shell-header-logo"}
RESULT: {"using":"css selector","value":"#shell-header-logo"}
COMMAND: POST /session/002b4557d3b25b0ebc7c1bd3299400cc/element/f.45ECA80FF6798927299FAFCC4E9F50E2.d.62D09525EFB41D92665D5F4F14DACEEA.e.1270/click - {}
RESULT: {}
COMMAND: GET /session/002b4557d3b25b0ebc7c1bd3299400cc/screenshot - {}
RESULT: {}
]]></system-out>
    </testcase>
    <testcase classname="chrome.136_0_7103_93.windows.Manage_catalogs_-_yard_assignment_classification_US138930" name="Should verify if the catalog item is visible after selecting the yard" time="43.072">
      <system-out><![CDATA[
COMMAND: POST /session/002b4557d3b25b0ebc7c1bd3299400cc/execute/async - {"script":"<script> [1562 bytes]","args":[{"selector":{"controlType":"sap.m.Text","properties":{"text":"Webshop"},"interaction":{"idSuffix":"inner"}},"wdio_ui5_key":"sapm.Text{\"text\":\"Webshop\"}"}]}
RESULT: {"script":"<script> [1562 bytes]","args":[{"selector":{"controlType":"sap.m.Text","properties":{"text":"Webshop"},"interaction":{"idSuffix":"inner"}},"wdio_ui5_key":"sapm.Text{\"text\":\"Webshop\"}"}]}
RESULT: undefined
COMMAND: POST /session/002b4557d3b25b0ebc7c1bd3299400cc/element - {"using":"xpath","value":"//*[@id=\"__tile49-title\"]"}
RESULT: {"using":"xpath","value":"//*[@id=\"__tile49-title\"]"}
COMMAND: POST /session/002b4557d3b25b0ebc7c1bd3299400cc/element/f.45ECA80FF6798927299FAFCC4E9F50E2.d.62D09525EFB41D92665D5F4F14DACEEA.e.1603/click - {}
RESULT: {}
COMMAND: GET /session/002b4557d3b25b0ebc7c1bd3299400cc/screenshot - {}
RESULT: {}
COMMAND: POST /session/002b4557d3b25b0ebc7c1bd3299400cc/element - {"using":"css selector","value":"#requestCreationDialog--createRequestPopUp-title-inner"}
RESULT: {"using":"css selector","value":"#requestCreationDialog--createRequestPopUp-title-inner"}
COMMAND: POST /session/002b4557d3b25b0ebc7c1bd3299400cc/execute/sync - {"script":"<script> [8489 bytes]","args":[{"element-6066-11e4-a52e-4f735466cecf":"f.45ECA80FF6798927299FAFCC4E9F50E2.d.62D09525EFB41D92665D5F4F14DACEEA.e.1634","ELEMENT":"f.45ECA80FF6798927299FAFCC4E9F50E2.d.62D09525EFB41D92665D5F4F14DACEEA.e.1634"}]}
RESULT: {"script":"<script> [8489 bytes]","args":[{"element-6066-11e4-a52e-4f735466cecf":"f.45ECA80FF6798927299FAFCC4E9F50E2.d.62D09525EFB41D92665D5F4F14DACEEA.e.1634","ELEMENT":"f.45ECA80FF6798927299FAFCC4E9F50E2.d.62D09525EFB41D92665D5F4F14DACEEA.e.1634"}]}
COMMAND: GET /session/002b4557d3b25b0ebc7c1bd3299400cc/element/f.45ECA80FF6798927299FAFCC4E9F50E2.d.62D09525EFB41D92665D5F4F14DACEEA.e.1634/enabled - {}
COMMAND: GET /session/002b4557d3b25b0ebc7c1bd3299400cc/screenshot - {}
RESULT: {}
COMMAND: POST /session/002b4557d3b25b0ebc7c1bd3299400cc/elements - {"using":"css selector","value":"#requestCreationDialog--createRequestPopUp-title-inner"}
COMMAND: GET /session/002b4557d3b25b0ebc7c1bd3299400cc/screenshot - {}
RESULT: {}
RESULT: {"using":"css selector","value":"#requestCreationDialog--createRequestPopUp-title-inner"}
COMMAND: POST /session/002b4557d3b25b0ebc7c1bd3299400cc/execute/async - {"script":"<script> [1562 bytes]","args":[{"selector":{"id":"requestCreationDialog--requestName","searchOpenDialogs":true,"interaction":{"idSuffix":"inner"}},"wdio_ui5_key":"requestCreationDialogrequestName"}]}
RESULT: {}
RESULT: {"script":"<script> [1562 bytes]","args":[{"selector":{"id":"requestCreationDialog--requestName","searchOpenDialogs":true,"interaction":{"idSuffix":"inner"}},"wdio_ui5_key":"requestCreationDialogrequestName"}]}
RESULT: undefined
COMMAND: POST /session/002b4557d3b25b0ebc7c1bd3299400cc/execute/async - {"script":"<script> [776 bytes]","args":[{"enterText":"WebdriverTest","selector":{"id":"requestCreationDialog--requestName","searchOpenDialogs":true,"interaction":{"idSuffix":"inner"}},"clearTextFirst":true,"interactionType":"ENTER_TEXT"}]}
RESULT: {"script":"<script> [776 bytes]","args":[{"enterText":"WebdriverTest","selector":{"id":"requestCreationDialog--requestName","searchOpenDialogs":true,"interaction":{"idSuffix":"inner"}},"clearTextFirst":true,"interactionType":"ENTER_TEXT"}]}
COMMAND: POST /session/002b4557d3b25b0ebc7c1bd3299400cc/element - {"using":"xpath","value":"//input[contains(@id ,\"requestCreationDialog--yardId-inner\")]"}
RESULT: {"using":"xpath","value":"//input[contains(@id ,\"requestCreationDialog--yardId-inner\")]"}
COMMAND: POST /session/002b4557d3b25b0ebc7c1bd3299400cc/element/f.45ECA80FF6798927299FAFCC4E9F50E2.d.62D09525EFB41D92665D5F4F14DACEEA.e.1622/clear - {}
RESULT: {}
COMMAND: POST /session/002b4557d3b25b0ebc7c1bd3299400cc/element/f.45ECA80FF6798927299FAFCC4E9F50E2.d.62D09525EFB41D92665D5F4F14DACEEA.e.1622/value - {"text":"101"}
COMMAND: GET /session/002b4557d3b25b0ebc7c1bd3299400cc/screenshot - {}
RESULT: {"text":"101"}
COMMAND: GET /session/002b4557d3b25b0ebc7c1bd3299400cc/screenshot - {}
RESULT: {}
RESULT: {}
COMMAND: POST /session/002b4557d3b25b0ebc7c1bd3299400cc/execute/async - {"script":"<script> [1562 bytes]","args":[{"selector":{"id":"requestCreationDialog--okButton","searchOpenDialogs":true,"interaction":{"idSuffix":"BDI-content"}},"wdio_ui5_key":"requestCreationDialogokButton"}]}
RESULT: {"script":"<script> [1562 bytes]","args":[{"selector":{"id":"requestCreationDialog--okButton","searchOpenDialogs":true,"interaction":{"idSuffix":"BDI-content"}},"wdio_ui5_key":"requestCreationDialogokButton"}]}
RESULT: undefined
COMMAND: POST /session/002b4557d3b25b0ebc7c1bd3299400cc/element - {"using":"xpath","value":"//*[@id=\"requestCreationDialog--okButton\"]"}
RESULT: {"using":"xpath","value":"//*[@id=\"requestCreationDialog--okButton\"]"}
COMMAND: POST /session/002b4557d3b25b0ebc7c1bd3299400cc/element/f.45ECA80FF6798927299FAFCC4E9F50E2.d.62D09525EFB41D92665D5F4F14DACEEA.e.1639/click - {}
RESULT: {}
COMMAND: GET /session/002b4557d3b25b0ebc7c1bd3299400cc/screenshot - {}
RESULT: {}
COMMAND: POST /session/002b4557d3b25b0ebc7c1bd3299400cc/element - {"using":"xpath","value":"//input[contains(@id ,\"searchFiledId-I\")]"}
RESULT: {"using":"xpath","value":"//input[contains(@id ,\"searchFiledId-I\")]"}
COMMAND: POST /session/002b4557d3b25b0ebc7c1bd3299400cc/element/f.45ECA80FF6798927299FAFCC4E9F50E2.d.62D09525EFB41D92665D5F4F14DACEEA.e.1610/value - {"text":"catalogItemjr033"}
RESULT: {"text":"catalogItemjr033"}
COMMAND: POST /session/002b4557d3b25b0ebc7c1bd3299400cc/actions - {"actions":[{"id":"action7","type":"key","parameters":{},"actions":[{"type":"keyDown","value":""},{"type":"pause","duration":10},{"type":"keyUp","value":""}]}]}
COMMAND: GET /session/002b4557d3b25b0ebc7c1bd3299400cc/screenshot - {}
RESULT: {"actions":[{"id":"action7","type":"key","parameters":{},"actions":[{"type":"keyDown","value":""},{"type":"pause","duration":10},{"type":"keyUp","value":""}]}]}
COMMAND: GET /session/002b4557d3b25b0ebc7c1bd3299400cc/screenshot - {}
RESULT: {}
RESULT: {}
COMMAND: POST /session/002b4557d3b25b0ebc7c1bd3299400cc/element - {"using":"xpath","value":"//span[contains(@id ,\"subTitle\")][contains(text(), \"catalogItemjr033\")]"}
RESULT: {"using":"xpath","value":"//span[contains(@id ,\"subTitle\")][contains(text(), \"catalogItemjr033\")]"}
COMMAND: POST /session/002b4557d3b25b0ebc7c1bd3299400cc/element - {"using":"xpath","value":"//span[contains(@id ,\"subTitle\")][contains(text(), \"catalogItemjr033\")]"}
RESULT: {"using":"xpath","value":"//span[contains(@id ,\"subTitle\")][contains(text(), \"catalogItemjr033\")]"}
COMMAND: POST /session/002b4557d3b25b0ebc7c1bd3299400cc/execute/async - {"script":"<script> [1562 bytes]","args":[{"selector":{"controlType":"sap.tnt.NavigationListItem","viewName":"etm.portal.ui.webshop.view.Homepage","i18NText":{"propertyName":"text","key":"exit"},"interaction":{"idSuffix":"a"}},"wdio_ui5_key":"etmportal.ui.webshop.view.Homepagesap.tnt.NavigationListItem{\"propertyName\":\"text\",\"key\":\"exit\"}"}]}
RESULT: {"script":"<script> [1562 bytes]","args":[{"selector":{"controlType":"sap.tnt.NavigationListItem","viewName":"etm.portal.ui.webshop.view.Homepage","i18NText":{"propertyName":"text","key":"exit"},"interaction":{"idSuffix":"a"}},"wdio_ui5_key":"etmportal.ui.webshop.view.Homepagesap.tnt.NavigationListItem{\"propertyName\":\"text\",\"key\":\"exit\"}"}]}
RESULT: undefined
COMMAND: POST /session/002b4557d3b25b0ebc7c1bd3299400cc/element - {"using":"xpath","value":"//*[@id=\"__item275\"]"}
RESULT: {"using":"xpath","value":"//*[@id=\"__item275\"]"}
COMMAND: POST /session/002b4557d3b25b0ebc7c1bd3299400cc/element/f.45ECA80FF6798927299FAFCC4E9F50E2.d.62D09525EFB41D92665D5F4F14DACEEA.e.1645/click - {}
RESULT: {}
]]></system-out>
    </testcase>
  </testsuite>
  <testsuite timestamp="2025-05-23T15:53:38" time="240.928" tests="1" failures="0" errors="0" skipped="0">
    <properties>
      <property name="specId" value="0"/>
      <property name="suiteName" value="Catalogs section"/>
      <property name="capabilities" value="chrome.136_0_7103_93.windows"/>
      <property name="file" value="file:///D:/a/1/s/test/specs/R2C/manage-catalogs-values-section.spec.js"/>
    </properties>
    <testcase classname="chrome.136_0_7103_93.windows.Catalogs_section" name="Should add values to a catalog item" time="240.925">
      <system-out><![CDATA[
COMMAND: POST /session/002b4557d3b25b0ebc7c1bd3299400cc/element - {"using":"xpath","value":"//span[contains(@id ,\"requestCreationDialog--createRequestPopUp-title-inner\")]"}
COMMAND: GET /session/002b4557d3b25b0ebc7c1bd3299400cc/screenshot - {}
RESULT: {"using":"xpath","value":"//span[contains(@id ,\"requestCreationDialog--createRequestPopUp-title-inner\")]"}
COMMAND: POST /session/002b4557d3b25b0ebc7c1bd3299400cc/elements - {"using":"xpath","value":"//span[contains(@id ,\"requestCreationDialog--createRequestPopUp-title-inner\")]"}
RESULT: {}
RESULT: {"using":"xpath","value":"//span[contains(@id ,\"requestCreationDialog--createRequestPopUp-title-inner\")]"}
COMMAND: POST /session/002b4557d3b25b0ebc7c1bd3299400cc/execute/async - {"script":"<script> [1562 bytes]","args":[{"selector":{"controlType":"sap.m.GenericTile","properties":{"header":"Manage Catalogs"}},"wdio_ui5_key":"sapm.GenericTile{\"header\":\"Manage Catalogs\"}"}]}
RESULT: {"script":"<script> [1562 bytes]","args":[{"selector":{"controlType":"sap.m.GenericTile","properties":{"header":"Manage Catalogs"}},"wdio_ui5_key":"sapm.GenericTile{\"header\":\"Manage Catalogs\"}"}]}
RESULT: undefined
COMMAND: POST /session/002b4557d3b25b0ebc7c1bd3299400cc/element - {"using":"xpath","value":"//*[@id=\"__tile37\"]"}
RESULT: {"using":"xpath","value":"//*[@id=\"__tile37\"]"}
COMMAND: POST /session/002b4557d3b25b0ebc7c1bd3299400cc/element/f.45ECA80FF6798927299FAFCC4E9F50E2.d.62D09525EFB41D92665D5F4F14DACEEA.e.1656/click - {}
RESULT: {}
COMMAND: GET /session/002b4557d3b25b0ebc7c1bd3299400cc/screenshot - {}
RESULT: {}
COMMAND: POST /session/002b4557d3b25b0ebc7c1bd3299400cc/elements - {"using":"xpath","value":"//span[text()='Error']"}
RESULT: {"using":"xpath","value":"//span[text()='Error']"}
COMMAND: POST /session/002b4557d3b25b0ebc7c1bd3299400cc/refresh - {}
RESULT: {}
COMMAND: GET /session/002b4557d3b25b0ebc7c1bd3299400cc/screenshot - {}
RESULT: {}
COMMAND: POST /session/002b4557d3b25b0ebc7c1bd3299400cc/execute/async - {"script":"<script> [189 bytes]","args":[]}
RESULT: {"script":"<script> [189 bytes]","args":[]}
COMMAND: POST /session/002b4557d3b25b0ebc7c1bd3299400cc/execute/async - {"script":"<script> [123 bytes]","args":[]}
RESULT: {"script":"<script> [123 bytes]","args":[]}
COMMAND: POST /session/002b4557d3b25b0ebc7c1bd3299400cc/timeouts - {"script":"<number>"}
RESULT: {"script":"<number>"}
COMMAND: GET /session/002b4557d3b25b0ebc7c1bd3299400cc/timeouts - {}
RESULT: {}
RESULT: undefined
COMMAND: POST /session/002b4557d3b25b0ebc7c1bd3299400cc/execute/async - {"script":"<script> [2676 bytes]","args":[]}
RESULT: {"script":"<script> [2676 bytes]","args":[]}
COMMAND: POST /session/002b4557d3b25b0ebc7c1bd3299400cc/execute/async - {"script":"<script> [2342 bytes]","args":[{"protocol":"http","hostname":"0.0.0.0","path":"/","capabilities":{"browserName":"chrome","goog:chromeOptions":{"binary":"C:\\Program Files\\Google\\Chrome\\Application\\chrome.exe","args":["--start-maximized"]}},"logLevel":"warn","connectionRetryTimeout":120000,"connectionRetryCount":3,"logLevels":{},"enableDirectConnect":true,"strictSSL":true,"_":"65 more keys: [\"cacheDir\",\"port\",\"requestedCapabilities\",\"automationProtocol\",\"baseUrl\",\"waitforInterval\",\"waitforTimeout\",\"onReload\",\"beforeCommand\",\"afterCommand\",\"rootDir\",\"specs\",\"suites\",\"exclude\",\"groupLogsByTestSpec\",\"excludeDriverLogs\",\"bail\",\"framework\",\"reporters\",\"services\",\"maxInstances\",\"maxInstancesPerCapability\",\"injectGlobals\",\"filesToWatch\",\"execArgv\",\"runnerEnv\",\"runner\",\"shard\",\"specFileRetries\",\"specFileRetriesDelay\",\"specFileRetriesDeferred\",\"reporterSyncInterval\",\"reporterSyncTimeout\",\"cucumberFeaturesWithLineNumbers\",\"autoCompileOpts\",\"mochaOpts\",\"jasmineOpts\",\"cucumberOpts\",\"onPrepare\",\"onWorkerStart\",\"onWorkerEnd\",\"before\",\"beforeSession\",\"beforeSuite\",\"beforeHook\",\"beforeTest\",\"afterTest\",\"afterHook\",\"afterSuite\",\"afterSession\",\"after\",\"onComplete\",\"beforeAssertion\",\"afterAssertion\",\"beforeFeature\",\"beforeScenario\",\"beforeStep\",\"afterStep\",\"afterScenario\",\"afterFeature\",\"_\",\"suite\",\"$0\",\"ignoredWorkerServices\",\"wdi5\"]"}]}
RESULT: {"script":"<script> [2342 bytes]","args":[{"protocol":"http","hostname":"0.0.0.0","path":"/","capabilities":{"browserName":"chrome","goog:chromeOptions":{"binary":"C:\\Program Files\\Google\\Chrome\\Application\\chrome.exe","args":["--start-maximized"]}},"logLevel":"warn","connectionRetryTimeout":120000,"connectionRetryCount":3,"logLevels":{},"enableDirectConnect":true,"strictSSL":true,"_":"65 more keys: [\"cacheDir\",\"port\",\"requestedCapabilities\",\"automationProtocol\",\"baseUrl\",\"waitforInterval\",\"waitforTimeout\",\"onReload\",\"beforeCommand\",\"afterCommand\",\"rootDir\",\"specs\",\"suites\",\"exclude\",\"groupLogsByTestSpec\",\"excludeDriverLogs\",\"bail\",\"framework\",\"reporters\",\"services\",\"maxInstances\",\"maxInstancesPerCapability\",\"injectGlobals\",\"filesToWatch\",\"execArgv\",\"runnerEnv\",\"runner\",\"shard\",\"specFileRetries\",\"specFileRetriesDelay\",\"specFileRetriesDeferred\",\"reporterSyncInterval\",\"reporterSyncTimeout\",\"cucumberFeaturesWithLineNumbers\",\"autoCompileOpts\",\"mochaOpts\",\"jasmineOpts\",\"cucumberOpts\",\"onPrepare\",\"onWorkerStart\",\"onWorkerEnd\",\"before\",\"beforeSession\",\"beforeSuite\",\"beforeHook\",\"beforeTest\",\"afterTest\",\"afterHook\",\"afterSuite\",\"afterSession\",\"after\",\"onComplete\",\"beforeAssertion\",\"afterAssertion\",\"beforeFeature\",\"beforeScenario\",\"beforeStep\",\"afterStep\",\"afterScenario\",\"afterFeature\",\"_\",\"suite\",\"$0\",\"ignoredWorkerServices\",\"wdi5\"]"}]}
COMMAND: POST /session/002b4557d3b25b0ebc7c1bd3299400cc/execute/async - {"script":"<script> [21126 bytes]","args":[35000]}
RESULT: {"script":"<script> [21126 bytes]","args":[35000]}
COMMAND: POST /session/002b4557d3b25b0ebc7c1bd3299400cc/element - {"using":"xpath","value":"//span[contains(text(), \"Webshop Catalog\")][contains(@id ,\"masterCatalogs\")]"}
RESULT: {"using":"xpath","value":"//span[contains(text(), \"Webshop Catalog\")][contains(@id ,\"masterCatalogs\")]"}
COMMAND: POST /session/002b4557d3b25b0ebc7c1bd3299400cc/element/f.45ECA80FF6798927299FAFCC4E9F50E2.d.E4296433452E657352151E90E34855DB.e.1758/click - {}
RESULT: {}
COMMAND: GET /session/002b4557d3b25b0ebc7c1bd3299400cc/screenshot - {}
RESULT: {}
COMMAND: POST /session/002b4557d3b25b0ebc7c1bd3299400cc/element - {"using":"xpath","value":"//input[contains(@id ,\"application-managecatalogs-display-component---masterCatalogItems--searchItemsField-I\")]"}
RESULT: {"using":"xpath","value":"//input[contains(@id ,\"application-managecatalogs-display-component---masterCatalogItems--searchItemsField-I\")]"}
COMMAND: POST /session/002b4557d3b25b0ebc7c1bd3299400cc/element/f.45ECA80FF6798927299FAFCC4E9F50E2.d.E4296433452E657352151E90E34855DB.e.1761/value - {"text":"SecondSectionnwd2c"}
RESULT: {"text":"SecondSectionnwd2c"}
COMMAND: POST /session/002b4557d3b25b0ebc7c1bd3299400cc/actions - {"actions":[{"id":"action8","type":"key","parameters":{},"actions":[{"type":"keyDown","value":""},{"type":"pause","duration":10},{"type":"keyUp","value":""}]}]}
COMMAND: GET /session/002b4557d3b25b0ebc7c1bd3299400cc/screenshot - {}
RESULT: {"actions":[{"id":"action8","type":"key","parameters":{},"actions":[{"type":"keyDown","value":""},{"type":"pause","duration":10},{"type":"keyUp","value":""}]}]}
COMMAND: GET /session/002b4557d3b25b0ebc7c1bd3299400cc/screenshot - {}
RESULT: {}
RESULT: {}
COMMAND: POST /session/002b4557d3b25b0ebc7c1bd3299400cc/element - {"using":"xpath","value":"(//span[contains(text(), \"SecondSectionnwd2c\")])[1]"}
RESULT: {"using":"xpath","value":"(//span[contains(text(), \"SecondSectionnwd2c\")])[1]"}
COMMAND: POST /session/002b4557d3b25b0ebc7c1bd3299400cc/element/f.45ECA80FF6798927299FAFCC4E9F50E2.d.E4296433452E657352151E90E34855DB.e.1773/click - {}
RESULT: {}
COMMAND: POST /session/002b4557d3b25b0ebc7c1bd3299400cc/execute/async - {"script":"<script> [1562 bytes]","args":[{"selector":{"controlType":"sap.m.Button","viewName":"etm.portal.ui.managecatalogs.view.Detail","viewId":"application-managecatalogs-display-component---detailCatalog","i18NText":{"propertyName":"text","key":"edit"},"interaction":{"idSuffix":"BDI-content"}},"wdio_ui5_key":"etmportal.ui.managecatalogs.view.Detailsap.m.Button{\"propertyName\":\"text\",\"key\":\"edit\"}"}]}
COMMAND: GET /session/002b4557d3b25b0ebc7c1bd3299400cc/screenshot - {}
RESULT: {"script":"<script> [1562 bytes]","args":[{"selector":{"controlType":"sap.m.Button","viewName":"etm.portal.ui.managecatalogs.view.Detail","viewId":"application-managecatalogs-display-component---detailCatalog","i18NText":{"propertyName":"text","key":"edit"},"interaction":{"idSuffix":"BDI-content"}},"wdio_ui5_key":"etmportal.ui.managecatalogs.view.Detailsap.m.Button{\"propertyName\":\"text\",\"key\":\"edit\"}"}]}
RESULT: undefined
COMMAND: POST /session/002b4557d3b25b0ebc7c1bd3299400cc/element - {"using":"xpath","value":"//*[@id=\"__button33\"]"}
RESULT: {}
RESULT: {"using":"xpath","value":"//*[@id=\"__button33\"]"}
COMMAND: POST /session/002b4557d3b25b0ebc7c1bd3299400cc/element/f.45ECA80FF6798927299FAFCC4E9F50E2.d.E4296433452E657352151E90E34855DB.e.1841/click - {}
RESULT: {}
COMMAND: POST /session/002b4557d3b25b0ebc7c1bd3299400cc/execute/async - {"script":"<script> [1562 bytes]","args":[{"selector":{"controlType":"sap.ui.core.Icon","viewName":"etm.portal.ui.managecatalogs.view.Detail","viewId":"application-managecatalogs-display-component---detailCatalog","properties":{"src":{"regex":{"source":"add\\-document"}}}},"wdio_ui5_key":"etmportal.ui.managecatalogs.view.Detailsap.ui.core.Icon{\"src\":{\"regex\":{\"source\":\"add\\\\-document\"}}}"}]}
COMMAND: GET /session/002b4557d3b25b0ebc7c1bd3299400cc/screenshot - {}
RESULT: {"script":"<script> [1562 bytes]","args":[{"selector":{"controlType":"sap.ui.core.Icon","viewName":"etm.portal.ui.managecatalogs.view.Detail","viewId":"application-managecatalogs-display-component---detailCatalog","properties":{"src":{"regex":{"source":"add\\-document"}}}},"wdio_ui5_key":"etmportal.ui.managecatalogs.view.Detailsap.ui.core.Icon{\"src\":{\"regex\":{\"source\":\"add\\\\-document\"}}}"}]}
RESULT: undefined
COMMAND: POST /session/002b4557d3b25b0ebc7c1bd3299400cc/element - {"using":"xpath","value":"//*[@id=\"__button42-img\"]"}
RESULT: {}
RESULT: {"using":"xpath","value":"//*[@id=\"__button42-img\"]"}
COMMAND: POST /session/002b4557d3b25b0ebc7c1bd3299400cc/element/f.45ECA80FF6798927299FAFCC4E9F50E2.d.E4296433452E657352151E90E34855DB.e.1849/click - {}
RESULT: {}
COMMAND: POST /session/002b4557d3b25b0ebc7c1bd3299400cc/execute/async - {"script":"<script> [1562 bytes]","args":[{"selector":{"id":"application-managecatalogs-display-component---detailCatalog--newItemNumberInput","searchOpenDialogs":true,"interaction":{"idSuffix":"inner"}},"wdio_ui5_key":"applicationmanagecatalogs-display-component---detailCatalog--newItemNumberInput"}]}
COMMAND: GET /session/002b4557d3b25b0ebc7c1bd3299400cc/screenshot - {}
RESULT: {"script":"<script> [1562 bytes]","args":[{"selector":{"id":"application-managecatalogs-display-component---detailCatalog--newItemNumberInput","searchOpenDialogs":true,"interaction":{"idSuffix":"inner"}},"wdio_ui5_key":"applicationmanagecatalogs-display-component---detailCatalog--newItemNumberInput"}]}
RESULT: undefined
COMMAND: POST /session/002b4557d3b25b0ebc7c1bd3299400cc/execute/async - {"script":"<script> [776 bytes]","args":[{"enterText":"catalogItemo2y5b","selector":{"id":"application-managecatalogs-display-component---detailCatalog--newItemNumberInput","searchOpenDialogs":true,"interaction":{"idSuffix":"inner"}},"clearTextFirst":true,"interactionType":"ENTER_TEXT"}]}
RESULT: {}
RESULT: {"script":"<script> [776 bytes]","args":[{"enterText":"catalogItemo2y5b","selector":{"id":"application-managecatalogs-display-component---detailCatalog--newItemNumberInput","searchOpenDialogs":true,"interaction":{"idSuffix":"inner"}},"clearTextFirst":true,"interactionType":"ENTER_TEXT"}]}
COMMAND: POST /session/002b4557d3b25b0ebc7c1bd3299400cc/execute/async - {"script":"<script> [1562 bytes]","args":[{"selector":{"controlType":"sap.m.Input","viewName":"etm.portal.ui.managecatalogs.view.Detail","viewId":"application-managecatalogs-display-component---detailCatalog","bindingPath":{"path":"","propertyPath":"/DESCRIPTION"},"searchOpenDialogs":true,"interaction":{"idSuffix":"inner"}},"wdio_ui5_key":"etmportal.ui.managecatalogs.view.Detailsap.m.Input{\"path\":\"\",\"propertyPath\":\"/DESCRIPTION\"}"}]}
RESULT: {"script":"<script> [1562 bytes]","args":[{"selector":{"controlType":"sap.m.Input","viewName":"etm.portal.ui.managecatalogs.view.Detail","viewId":"application-managecatalogs-display-component---detailCatalog","bindingPath":{"path":"","propertyPath":"/DESCRIPTION"},"searchOpenDialogs":true,"interaction":{"idSuffix":"inner"}},"wdio_ui5_key":"etmportal.ui.managecatalogs.view.Detailsap.m.Input{\"path\":\"\",\"propertyPath\":\"/DESCRIPTION\"}"}]}
RESULT: undefined
COMMAND: POST /session/002b4557d3b25b0ebc7c1bd3299400cc/execute/async - {"script":"<script> [776 bytes]","args":[{"enterText":"catalogItemName73ohk","selector":{"controlType":"sap.m.Input","viewName":"etm.portal.ui.managecatalogs.view.Detail","viewId":"application-managecatalogs-display-component---detailCatalog","bindingPath":{"path":"","propertyPath":"/DESCRIPTION"},"searchOpenDialogs":true,"interaction":{"idSuffix":"inner"}},"clearTextFirst":true,"interactionType":"ENTER_TEXT"}]}
RESULT: {"script":"<script> [776 bytes]","args":[{"enterText":"catalogItemName73ohk","selector":{"controlType":"sap.m.Input","viewName":"etm.portal.ui.managecatalogs.view.Detail","viewId":"application-managecatalogs-display-component---detailCatalog","bindingPath":{"path":"","propertyPath":"/DESCRIPTION"},"searchOpenDialogs":true,"interaction":{"idSuffix":"inner"}},"clearTextFirst":true,"interactionType":"ENTER_TEXT"}]}
COMMAND: POST /session/002b4557d3b25b0ebc7c1bd3299400cc/execute/async - {"script":"<script> [1562 bytes]","args":[{"selector":{"controlType":"sap.m.Button","viewName":"etm.portal.ui.managecatalogs.view.Detail","viewId":"application-managecatalogs-display-component---detailCatalog","i18NText":{"propertyName":"text","key":"create"},"searchOpenDialogs":true,"interaction":{"idSuffix":"BDI-content"}},"wdio_ui5_key":"etmportal.ui.managecatalogs.view.Detailsap.m.Button{\"propertyName\":\"text\",\"key\":\"create\"}"}]}
RESULT: {"script":"<script> [1562 bytes]","args":[{"selector":{"controlType":"sap.m.Button","viewName":"etm.portal.ui.managecatalogs.view.Detail","viewId":"application-managecatalogs-display-component---detailCatalog","i18NText":{"propertyName":"text","key":"create"},"searchOpenDialogs":true,"interaction":{"idSuffix":"BDI-content"}},"wdio_ui5_key":"etmportal.ui.managecatalogs.view.Detailsap.m.Button{\"propertyName\":\"text\",\"key\":\"create\"}"}]}
RESULT: undefined
COMMAND: POST /session/002b4557d3b25b0ebc7c1bd3299400cc/element - {"using":"xpath","value":"//*[@id=\"__button17\"]"}
RESULT: {"using":"xpath","value":"//*[@id=\"__button17\"]"}
COMMAND: POST /session/002b4557d3b25b0ebc7c1bd3299400cc/element/f.45ECA80FF6798927299FAFCC4E9F50E2.d.E4296433452E657352151E90E34855DB.e.1858/click - {}
RESULT: {}
COMMAND: GET /session/002b4557d3b25b0ebc7c1bd3299400cc/screenshot - {}
RESULT: {}
COMMAND: POST /session/002b4557d3b25b0ebc7c1bd3299400cc/element - {"using":"xpath","value":"//button[@title=\"Save\"]"}
RESULT: {"using":"xpath","value":"//button[@title=\"Save\"]"}
COMMAND: POST /session/002b4557d3b25b0ebc7c1bd3299400cc/element/f.45ECA80FF6798927299FAFCC4E9F50E2.d.E4296433452E657352151E90E34855DB.e.1859/click - {}
RESULT: {}
COMMAND: GET /session/002b4557d3b25b0ebc7c1bd3299400cc/screenshot - {}
RESULT: {}
COMMAND: POST /session/002b4557d3b25b0ebc7c1bd3299400cc/execute/async - {"script":"<script> [1562 bytes]","args":[{"selector":{"controlType":"sap.ui.core.Icon","viewName":"etm.portal.ui.managecatalogs.view.Detail","viewId":"application-managecatalogs-display-component---detailCatalog","properties":{"src":{"regex":{"source":"decline"}}}},"wdio_ui5_key":"etmportal.ui.managecatalogs.view.Detailsap.ui.core.Icon{\"src\":{\"regex\":{\"source\":\"decline\"}}}"}]}
RESULT: {"script":"<script> [1562 bytes]","args":[{"selector":{"controlType":"sap.ui.core.Icon","viewName":"etm.portal.ui.managecatalogs.view.Detail","viewId":"application-managecatalogs-display-component---detailCatalog","properties":{"src":{"regex":{"source":"decline"}}}},"wdio_ui5_key":"etmportal.ui.managecatalogs.view.Detailsap.ui.core.Icon{\"src\":{\"regex\":{\"source\":\"decline\"}}}"}]}
RESULT: undefined
COMMAND: POST /session/002b4557d3b25b0ebc7c1bd3299400cc/element - {"using":"xpath","value":"//*[@id=\"__button36-img\"]"}
RESULT: {"using":"xpath","value":"//*[@id=\"__button36-img\"]"}
COMMAND: POST /session/002b4557d3b25b0ebc7c1bd3299400cc/element/f.45ECA80FF6798927299FAFCC4E9F50E2.d.E4296433452E657352151E90E34855DB.e.1865/click - {}
RESULT: {}
COMMAND: GET /session/002b4557d3b25b0ebc7c1bd3299400cc/screenshot - {}
COMMAND: POST /session/002b4557d3b25b0ebc7c1bd3299400cc/execute/async - {"script":"<script> [1562 bytes]","args":[{"selector":{"controlType":"sap.ui.core.Icon","viewName":"etm.portal.ui.managecatalogs.view.MasterItems","viewId":"application-managecatalogs-display-component---masterCatalogItems","properties":{"src":{"regex":{"source":"refresh"}}}},"wdio_ui5_key":"etmportal.ui.managecatalogs.view.MasterItemssap.ui.core.Icon{\"src\":{\"regex\":{\"source\":\"refresh\"}}}"}]}
RESULT: {}
RESULT: {"script":"<script> [1562 bytes]","args":[{"selector":{"controlType":"sap.ui.core.Icon","viewName":"etm.portal.ui.managecatalogs.view.MasterItems","viewId":"application-managecatalogs-display-component---masterCatalogItems","properties":{"src":{"regex":{"source":"refresh"}}}},"wdio_ui5_key":"etmportal.ui.managecatalogs.view.MasterItemssap.ui.core.Icon{\"src\":{\"regex\":{\"source\":\"refresh\"}}}"}]}
RESULT: undefined
COMMAND: POST /session/002b4557d3b25b0ebc7c1bd3299400cc/element - {"using":"xpath","value":"//*[@id=\"__button9-img\"]"}
RESULT: {"using":"xpath","value":"//*[@id=\"__button9-img\"]"}
COMMAND: POST /session/002b4557d3b25b0ebc7c1bd3299400cc/element/f.45ECA80FF6798927299FAFCC4E9F50E2.d.E4296433452E657352151E90E34855DB.e.1898/click - {}
RESULT: {}
COMMAND: GET /session/002b4557d3b25b0ebc7c1bd3299400cc/screenshot - {}
RESULT: {}
COMMAND: POST /session/002b4557d3b25b0ebc7c1bd3299400cc/execute/async - {"script":"<script> [1562 bytes]","args":[{"selector":{"id":"application-managecatalogs-display-component---masterCatalogItems--searchItemsField","interaction":{"idSuffix":"I"}},"wdio_ui5_key":"applicationmanagecatalogs-display-component---masterCatalogItems--searchItemsField"}]}
RESULT: {"script":"<script> [1562 bytes]","args":[{"selector":{"id":"application-managecatalogs-display-component---masterCatalogItems--searchItemsField","interaction":{"idSuffix":"I"}},"wdio_ui5_key":"applicationmanagecatalogs-display-component---masterCatalogItems--searchItemsField"}]}
RESULT: undefined
COMMAND: POST /session/002b4557d3b25b0ebc7c1bd3299400cc/execute/async - {"script":"<script> [776 bytes]","args":[{"enterText":"catalogItemName73ohk","selector":{"id":"application-managecatalogs-display-component---masterCatalogItems--searchItemsField","interaction":{"idSuffix":"I"}},"clearTextFirst":true,"interactionType":"ENTER_TEXT"}]}
RESULT: {"script":"<script> [776 bytes]","args":[{"enterText":"catalogItemName73ohk","selector":{"id":"application-managecatalogs-display-component---masterCatalogItems--searchItemsField","interaction":{"idSuffix":"I"}},"clearTextFirst":true,"interactionType":"ENTER_TEXT"}]}
COMMAND: POST /session/002b4557d3b25b0ebc7c1bd3299400cc/actions - {"actions":[{"id":"action9","type":"key","parameters":{},"actions":[{"type":"keyDown","value":""},{"type":"pause","duration":10},{"type":"keyUp","value":""}]}]}
RESULT: {"actions":[{"id":"action9","type":"key","parameters":{},"actions":[{"type":"keyDown","value":""},{"type":"pause","duration":10},{"type":"keyUp","value":""}]}]}
COMMAND: POST /session/002b4557d3b25b0ebc7c1bd3299400cc/element - {"using":"xpath","value":"(//span[contains(text(), \"catalogItemName73ohk\")])[1]"}
COMMAND: GET /session/002b4557d3b25b0ebc7c1bd3299400cc/screenshot - {}
RESULT: {"using":"xpath","value":"(//span[contains(text(), \"catalogItemName73ohk\")])[1]"}
COMMAND: POST /session/002b4557d3b25b0ebc7c1bd3299400cc/element/f.45ECA80FF6798927299FAFCC4E9F50E2.d.E4296433452E657352151E90E34855DB.e.1905/click - {}
RESULT: {}
RESULT: {}
COMMAND: GET /session/002b4557d3b25b0ebc7c1bd3299400cc/screenshot - {}
RESULT: {}
COMMAND: POST /session/002b4557d3b25b0ebc7c1bd3299400cc/element - {"using":"xpath","value":"//span[contains(text(), \"catalogItemo2y5b\")]"}
RESULT: {"using":"xpath","value":"//span[contains(text(), \"catalogItemo2y5b\")]"}
COMMAND: GET /session/002b4557d3b25b0ebc7c1bd3299400cc/element/f.45ECA80FF6798927299FAFCC4E9F50E2.d.E4296433452E657352151E90E34855DB.e.1967/text - {}
RESULT: {}
RESULT: undefined
COMMAND: POST /session/002b4557d3b25b0ebc7c1bd3299400cc/element - {"using":"xpath","value":"//*[@id=\"__button33\"]"}
RESULT: {"using":"xpath","value":"//*[@id=\"__button33\"]"}
COMMAND: POST /session/002b4557d3b25b0ebc7c1bd3299400cc/element/f.45ECA80FF6798927299FAFCC4E9F50E2.d.E4296433452E657352151E90E34855DB.e.1968/click - {}
RESULT: {}
COMMAND: GET /session/002b4557d3b25b0ebc7c1bd3299400cc/screenshot - {}
RESULT: {}
COMMAND: POST /session/002b4557d3b25b0ebc7c1bd3299400cc/execute/async - {"script":"<script> [1562 bytes]","args":[{"selector":{"id":"application-managecatalogs-display-component---detailCatalog--BASE_UNIT_OF_MEASURE-arrow"},"wdio_ui5_key":"applicationmanagecatalogs-display-component---detailCatalog--BASE_UNIT_OF_MEASURE-arrow"}]}
RESULT: {"script":"<script> [1562 bytes]","args":[{"selector":{"id":"application-managecatalogs-display-component---detailCatalog--BASE_UNIT_OF_MEASURE-arrow"},"wdio_ui5_key":"applicationmanagecatalogs-display-component---detailCatalog--BASE_UNIT_OF_MEASURE-arrow"}]}
RESULT: undefined
COMMAND: POST /session/002b4557d3b25b0ebc7c1bd3299400cc/element - {"using":"xpath","value":"//*[@id=\"application-managecatalogs-display-component---detailCatalog--BASE_UNIT_OF_MEASURE-arrow\"]"}
RESULT: {"using":"xpath","value":"//*[@id=\"application-managecatalogs-display-component---detailCatalog--BASE_UNIT_OF_MEASURE-arrow\"]"}
COMMAND: POST /session/002b4557d3b25b0ebc7c1bd3299400cc/element/f.45ECA80FF6798927299FAFCC4E9F50E2.d.E4296433452E657352151E90E34855DB.e.1996/click - {}
RESULT: {}
COMMAND: GET /session/002b4557d3b25b0ebc7c1bd3299400cc/screenshot - {}
RESULT: {}
COMMAND: POST /session/002b4557d3b25b0ebc7c1bd3299400cc/execute/async - {"script":"<script> [1562 bytes]","args":[{"selector":{"controlType":"sap.m.StandardListItem","viewName":"etm.portal.ui.managecatalogs.view.Detail","viewId":"application-managecatalogs-display-component---detailCatalog","properties":{"title":"Piece"},"searchOpenDialogs":true,"interaction":{"idSuffix":"titleText"}},"wdio_ui5_key":"etmportal.ui.managecatalogs.view.Detailsap.m.StandardListItem{\"title\":\"Piece\"}"}]}
RESULT: {"script":"<script> [1562 bytes]","args":[{"selector":{"controlType":"sap.m.StandardListItem","viewName":"etm.portal.ui.managecatalogs.view.Detail","viewId":"application-managecatalogs-display-component---detailCatalog","properties":{"title":"Piece"},"searchOpenDialogs":true,"interaction":{"idSuffix":"titleText"}},"wdio_ui5_key":"etmportal.ui.managecatalogs.view.Detailsap.m.StandardListItem{\"title\":\"Piece\"}"}]}
RESULT: undefined
COMMAND: POST /session/002b4557d3b25b0ebc7c1bd3299400cc/element - {"using":"xpath","value":"//*[@id=\"__item220\"]"}
RESULT: {"using":"xpath","value":"//*[@id=\"__item220\"]"}
COMMAND: POST /session/002b4557d3b25b0ebc7c1bd3299400cc/element/f.45ECA80FF6798927299FAFCC4E9F50E2.d.E4296433452E657352151E90E34855DB.e.2000/click - {}
RESULT: {}
COMMAND: POST /session/002b4557d3b25b0ebc7c1bd3299400cc/execute/async - {"script":"<script> [1562 bytes]","args":[{"selector":{"id":"application-managecatalogs-display-component---detailCatalog--ObjectPageLayout-anchBar-application-managecatalogs-display-component---detailCatalog--sectionValues-anchor","interaction":{"idSuffix":"BDI-content"}},"wdio_ui5_key":"applicationmanagecatalogs-display-component---detailCatalog--ObjectPageLayout-anchBar-application-managecatalogs-display-component---detailCatalog--sectionValues-anchor"}]}
COMMAND: GET /session/002b4557d3b25b0ebc7c1bd3299400cc/screenshot - {}
RESULT: {"script":"<script> [1562 bytes]","args":[{"selector":{"id":"application-managecatalogs-display-component---detailCatalog--ObjectPageLayout-anchBar-application-managecatalogs-display-component---detailCatalog--sectionValues-anchor","interaction":{"idSuffix":"BDI-content"}},"wdio_ui5_key":"applicationmanagecatalogs-display-component---detailCatalog--ObjectPageLayout-anchBar-application-managecatalogs-display-component---detailCatalog--sectionValues-anchor"}]}
RESULT: undefined
COMMAND: POST /session/002b4557d3b25b0ebc7c1bd3299400cc/element - {"using":"xpath","value":"//*[@id=\"application-managecatalogs-display-component---detailCatalog--ObjectPageLayout-anchBar-application-managecatalogs-display-component---detailCatalog--sectionValues-anchor\"]"}
RESULT: {}
RESULT: {"using":"xpath","value":"//*[@id=\"application-managecatalogs-display-component---detailCatalog--ObjectPageLayout-anchBar-application-managecatalogs-display-component---detailCatalog--sectionValues-anchor\"]"}
COMMAND: POST /session/002b4557d3b25b0ebc7c1bd3299400cc/element/f.45ECA80FF6798927299FAFCC4E9F50E2.d.E4296433452E657352151E90E34855DB.e.2002/click - {}
RESULT: {}
COMMAND: GET /session/002b4557d3b25b0ebc7c1bd3299400cc/screenshot - {}
RESULT: {}
COMMAND: POST /session/002b4557d3b25b0ebc7c1bd3299400cc/execute/async - {"script":"<script> [1562 bytes]","args":[{"selector":{"controlType":"sap.ui.core.Icon","viewName":"etm.portal.ui.managecatalogs.view.Detail","viewId":"application-managecatalogs-display-component---detailCatalog","properties":{"src":{"regex":{"source":"add"}}},"ancestor":{"id":"application-managecatalogs-display-component---detailCatalog--ValuesTable"}},"wdio_ui5_key":"etmportal.ui.managecatalogs.view.Detailsap.ui.core.Icon{\"src\":{\"regex\":{\"source\":\"add\"}}}{\"id\":\"application-managecatalogs-display-component---detailCatalog--ValuesTable\"}"}]}
RESULT: {"script":"<script> [1562 bytes]","args":[{"selector":{"controlType":"sap.ui.core.Icon","viewName":"etm.portal.ui.managecatalogs.view.Detail","viewId":"application-managecatalogs-display-component---detailCatalog","properties":{"src":{"regex":{"source":"add"}}},"ancestor":{"id":"application-managecatalogs-display-component---detailCatalog--ValuesTable"}},"wdio_ui5_key":"etmportal.ui.managecatalogs.view.Detailsap.ui.core.Icon{\"src\":{\"regex\":{\"source\":\"add\"}}}{\"id\":\"application-managecatalogs-display-component---detailCatalog--ValuesTable\"}"}]}
RESULT: undefined
COMMAND: POST /session/002b4557d3b25b0ebc7c1bd3299400cc/element - {"using":"xpath","value":"//*[@id=\"__button45-img\"]"}
RESULT: {"using":"xpath","value":"//*[@id=\"__button45-img\"]"}
COMMAND: POST /session/002b4557d3b25b0ebc7c1bd3299400cc/element/f.45ECA80FF6798927299FAFCC4E9F50E2.d.E4296433452E657352151E90E34855DB.e.2007/click - {}
RESULT: {}
RESULT: undefined
COMMAND: POST /session/002b4557d3b25b0ebc7c1bd3299400cc/element - {"using":"xpath","value":"//*[@id=\"__button45-img\"]"}
COMMAND: GET /session/002b4557d3b25b0ebc7c1bd3299400cc/screenshot - {}
RESULT: {"using":"xpath","value":"//*[@id=\"__button45-img\"]"}
COMMAND: POST /session/002b4557d3b25b0ebc7c1bd3299400cc/element/f.45ECA80FF6798927299FAFCC4E9F50E2.d.E4296433452E657352151E90E34855DB.e.2007/click - {}
RESULT: {}
RESULT: {}
COMMAND: POST /session/002b4557d3b25b0ebc7c1bd3299400cc/element - {"using":"xpath","value":"(//input[contains(@id ,\"application-managecatalogs-display-component---detailCatalog--ValuesTable-0-inner\")])[1]"}
COMMAND: GET /session/002b4557d3b25b0ebc7c1bd3299400cc/screenshot - {}
RESULT: {"using":"xpath","value":"(//input[contains(@id ,\"application-managecatalogs-display-component---detailCatalog--ValuesTable-0-inner\")])[1]"}
COMMAND: POST /session/002b4557d3b25b0ebc7c1bd3299400cc/element/f.45ECA80FF6798927299FAFCC4E9F50E2.d.E4296433452E657352151E90E34855DB.e.2010/clear - {}
RESULT: {}
RESULT: {}
COMMAND: POST /session/002b4557d3b25b0ebc7c1bd3299400cc/element/f.45ECA80FF6798927299FAFCC4E9F50E2.d.E4296433452E657352151E90E34855DB.e.2010/value - {"text":"D&I catalog price"}
COMMAND: GET /session/002b4557d3b25b0ebc7c1bd3299400cc/screenshot - {}
RESULT: {"text":"D&I catalog price"}
COMMAND: GET /session/002b4557d3b25b0ebc7c1bd3299400cc/screenshot - {}
RESULT: {}
RESULT: {}
COMMAND: POST /session/002b4557d3b25b0ebc7c1bd3299400cc/actions - {"actions":[{"id":"action10","type":"key","parameters":{},"actions":[{"type":"keyDown","value":""},{"type":"pause","duration":10},{"type":"keyUp","value":""}]}]}
RESULT: {"actions":[{"id":"action10","type":"key","parameters":{},"actions":[{"type":"keyDown","value":""},{"type":"pause","duration":10},{"type":"keyUp","value":""}]}]}
COMMAND: POST /session/002b4557d3b25b0ebc7c1bd3299400cc/element - {"using":"xpath","value":"(//input[contains(@id ,\"application-managecatalogs-display-component---detailCatalog--ValuesTable-1-inner\")])[1]"}
COMMAND: GET /session/002b4557d3b25b0ebc7c1bd3299400cc/screenshot - {}
RESULT: {"using":"xpath","value":"(//input[contains(@id ,\"application-managecatalogs-display-component---detailCatalog--ValuesTable-1-inner\")])[1]"}
COMMAND: POST /session/002b4557d3b25b0ebc7c1bd3299400cc/element/f.45ECA80FF6798927299FAFCC4E9F50E2.d.E4296433452E657352151E90E34855DB.e.2033/clear - {}
RESULT: {}
RESULT: {}
COMMAND: POST /session/002b4557d3b25b0ebc7c1bd3299400cc/element/f.45ECA80FF6798927299FAFCC4E9F50E2.d.E4296433452E657352151E90E34855DB.e.2033/value - {"text":"D&I catalog price"}
COMMAND: GET /session/002b4557d3b25b0ebc7c1bd3299400cc/screenshot - {}
RESULT: {"text":"D&I catalog price"}
COMMAND: GET /session/002b4557d3b25b0ebc7c1bd3299400cc/screenshot - {}
RESULT: {}
RESULT: {}
COMMAND: POST /session/002b4557d3b25b0ebc7c1bd3299400cc/actions - {"actions":[{"id":"action11","type":"key","parameters":{},"actions":[{"type":"keyDown","value":""},{"type":"pause","duration":10},{"type":"keyUp","value":""}]}]}
RESULT: {"actions":[{"id":"action11","type":"key","parameters":{},"actions":[{"type":"keyDown","value":""},{"type":"pause","duration":10},{"type":"keyUp","value":""}]}]}
COMMAND: POST /session/002b4557d3b25b0ebc7c1bd3299400cc/execute/async - {"script":"<script> [1562 bytes]","args":[{"selector":{"controlType":"sap.m.Button","viewName":"etm.portal.ui.managecatalogs.view.Detail","viewId":"application-managecatalogs-display-component---detailCatalog","i18NText":{"propertyName":"text","key":"save"},"interaction":{"idSuffix":"BDI-content"}},"wdio_ui5_key":"etmportal.ui.managecatalogs.view.Detailsap.m.Button{\"propertyName\":\"text\",\"key\":\"save\"}"}]}
COMMAND: GET /session/002b4557d3b25b0ebc7c1bd3299400cc/screenshot - {}
RESULT: {"script":"<script> [1562 bytes]","args":[{"selector":{"controlType":"sap.m.Button","viewName":"etm.portal.ui.managecatalogs.view.Detail","viewId":"application-managecatalogs-display-component---detailCatalog","i18NText":{"propertyName":"text","key":"save"},"interaction":{"idSuffix":"BDI-content"}},"wdio_ui5_key":"etmportal.ui.managecatalogs.view.Detailsap.m.Button{\"propertyName\":\"text\",\"key\":\"save\"}"}]}
RESULT: undefined
COMMAND: POST /session/002b4557d3b25b0ebc7c1bd3299400cc/element - {"using":"xpath","value":"//*[@id=\"__button51\"]"}
RESULT: {}
RESULT: {"using":"xpath","value":"//*[@id=\"__button51\"]"}
COMMAND: POST /session/002b4557d3b25b0ebc7c1bd3299400cc/element/f.45ECA80FF6798927299FAFCC4E9F50E2.d.E4296433452E657352151E90E34855DB.e.1970/click - {}
RESULT: {}
COMMAND: GET /session/002b4557d3b25b0ebc7c1bd3299400cc/screenshot - {}
RESULT: {}
COMMAND: POST /session/002b4557d3b25b0ebc7c1bd3299400cc/execute/async - {"script":"<script> [1562 bytes]","args":[{"selector":{"controlType":"sap.m.Text","properties":{"text":"Existing values with the same start date!"},"searchOpenDialogs":true},"wdio_ui5_key":"sapm.Text{\"text\":\"Existing values with the same start date!\"}"}]}
RESULT: {"script":"<script> [1562 bytes]","args":[{"selector":{"controlType":"sap.m.Text","properties":{"text":"Existing values with the same start date!"},"searchOpenDialogs":true},"wdio_ui5_key":"sapm.Text{\"text\":\"Existing values with the same start date!\"}"}]}
RESULT: undefined
COMMAND: POST /session/002b4557d3b25b0ebc7c1bd3299400cc/execute/async - {"script":"<script> [6424 bytes]","args":[{"element-6066-11e4-a52e-4f735466cecf":"f.45ECA80FF6798927299FAFCC4E9F50E2.d.E4296433452E657352151E90E34855DB.e.2050"},"getText",[]]}
RESULT: {"script":"<script> [6424 bytes]","args":[{"element-6066-11e4-a52e-4f735466cecf":"f.45ECA80FF6798927299FAFCC4E9F50E2.d.E4296433452E657352151E90E34855DB.e.2050"},"getText",[]]}
COMMAND: POST /session/002b4557d3b25b0ebc7c1bd3299400cc/execute/async - {"script":"<script> [1562 bytes]","args":[{"selector":{"controlType":"sap.m.Button","properties":{"text":"OK"},"searchOpenDialogs":true,"interaction":{"idSuffix":"BDI-content"}},"wdio_ui5_key":"sapm.Button{\"text\":\"OK\"}"}]}
RESULT: {"script":"<script> [1562 bytes]","args":[{"selector":{"controlType":"sap.m.Button","properties":{"text":"OK"},"searchOpenDialogs":true,"interaction":{"idSuffix":"BDI-content"}},"wdio_ui5_key":"sapm.Button{\"text\":\"OK\"}"}]}
RESULT: undefined
COMMAND: POST /session/002b4557d3b25b0ebc7c1bd3299400cc/element - {"using":"xpath","value":"//*[@id=\"__mbox-btn-0\"]"}
RESULT: {"using":"xpath","value":"//*[@id=\"__mbox-btn-0\"]"}
COMMAND: POST /session/002b4557d3b25b0ebc7c1bd3299400cc/element/f.45ECA80FF6798927299FAFCC4E9F50E2.d.E4296433452E657352151E90E34855DB.e.2046/click - {}
RESULT: {}
COMMAND: POST /session/002b4557d3b25b0ebc7c1bd3299400cc/execute/async - {"script":"<script> [1562 bytes]","args":[{"selector":{"controlType":"sap.m.DatePicker","viewName":"etm.portal.ui.managecatalogs.view.Detail","viewId":"application-managecatalogs-display-component---detailCatalog","bindingPath":{"propertyPath":"VALID_TO","modelName":"catalogModel"},"interaction":{"idSuffix":"inner"}},"wdio_ui5_key":"etmportal.ui.managecatalogs.view.Detailsap.m.DatePicker{\"propertyPath\":\"VALID_TO\",\"modelName\":\"catalogModel\"}"}]}
COMMAND: GET /session/002b4557d3b25b0ebc7c1bd3299400cc/screenshot - {}
RESULT: {"script":"<script> [1562 bytes]","args":[{"selector":{"controlType":"sap.m.DatePicker","viewName":"etm.portal.ui.managecatalogs.view.Detail","viewId":"application-managecatalogs-display-component---detailCatalog","bindingPath":{"propertyPath":"VALID_TO","modelName":"catalogModel"},"interaction":{"idSuffix":"inner"}},"wdio_ui5_key":"etmportal.ui.managecatalogs.view.Detailsap.m.DatePicker{\"propertyPath\":\"VALID_TO\",\"modelName\":\"catalogModel\"}"}]}
RESULT: undefined
COMMAND: POST /session/002b4557d3b25b0ebc7c1bd3299400cc/execute/async - {"script":"<script> [776 bytes]","args":[{"enterText":"05/24/25","selector":{"controlType":"sap.m.DatePicker","viewName":"etm.portal.ui.managecatalogs.view.Detail","viewId":"application-managecatalogs-display-component---detailCatalog","bindingPath":{"propertyPath":"VALID_TO","modelName":"catalogModel"},"interaction":{"idSuffix":"inner"}},"clearTextFirst":true,"interactionType":"ENTER_TEXT"}]}
RESULT: {}
RESULT: {"script":"<script> [776 bytes]","args":[{"enterText":"05/24/25","selector":{"controlType":"sap.m.DatePicker","viewName":"etm.portal.ui.managecatalogs.view.Detail","viewId":"application-managecatalogs-display-component---detailCatalog","bindingPath":{"propertyPath":"VALID_TO","modelName":"catalogModel"},"interaction":{"idSuffix":"inner"}},"clearTextFirst":true,"interactionType":"ENTER_TEXT"}]}
COMMAND: POST /session/002b4557d3b25b0ebc7c1bd3299400cc/element - {"using":"xpath","value":"(//input[contains(@id ,\"-application-managecatalogs-display-component---detailCatalog--ValuesTable-0-inner\")])[7]"}
RESULT: {"using":"xpath","value":"(//input[contains(@id ,\"-application-managecatalogs-display-component---detailCatalog--ValuesTable-0-inner\")])[7]"}
COMMAND: POST /session/002b4557d3b25b0ebc7c1bd3299400cc/element/f.45ECA80FF6798927299FAFCC4E9F50E2.d.E4296433452E657352151E90E34855DB.e.2016/clear - {}
RESULT: {}
COMMAND: POST /session/002b4557d3b25b0ebc7c1bd3299400cc/element/f.45ECA80FF6798927299FAFCC4E9F50E2.d.E4296433452E657352151E90E34855DB.e.2016/value - {"text":"05/24/25"}
COMMAND: GET /session/002b4557d3b25b0ebc7c1bd3299400cc/screenshot - {}
RESULT: {"text":"05/24/25"}
COMMAND: POST /session/002b4557d3b25b0ebc7c1bd3299400cc/element - {"using":"xpath","value":"(//input[contains(@id ,\"application-managecatalogs-display-component---detailCatalog--ValuesTable-1-inner\")])[6]"}
COMMAND: GET /session/002b4557d3b25b0ebc7c1bd3299400cc/screenshot - {}
RESULT: {}
RESULT: {"using":"xpath","value":"(//input[contains(@id ,\"application-managecatalogs-display-component---detailCatalog--ValuesTable-1-inner\")])[6]"}
COMMAND: POST /session/002b4557d3b25b0ebc7c1bd3299400cc/element/f.45ECA80FF6798927299FAFCC4E9F50E2.d.E4296433452E657352151E90E34855DB.e.2038/clear - {}
RESULT: {}
RESULT: {}
COMMAND: POST /session/002b4557d3b25b0ebc7c1bd3299400cc/element/f.45ECA80FF6798927299FAFCC4E9F50E2.d.E4296433452E657352151E90E34855DB.e.2038/value - {"text":"05/25/25"}
COMMAND: GET /session/002b4557d3b25b0ebc7c1bd3299400cc/screenshot - {}
RESULT: {"text":"05/25/25"}
COMMAND: POST /session/002b4557d3b25b0ebc7c1bd3299400cc/element - {"using":"xpath","value":"//bdi[contains(text(), \"Save\")]"}
COMMAND: GET /session/002b4557d3b25b0ebc7c1bd3299400cc/screenshot - {}
RESULT: {}
RESULT: {"using":"xpath","value":"//bdi[contains(text(), \"Save\")]"}
COMMAND: POST /session/002b4557d3b25b0ebc7c1bd3299400cc/element/f.45ECA80FF6798927299FAFCC4E9F50E2.d.E4296433452E657352151E90E34855DB.e.2045/click - {}
RESULT: {}
RESULT: {}
COMMAND: POST /session/002b4557d3b25b0ebc7c1bd3299400cc/execute/async - {"script":"<script> [1562 bytes]","args":[{"selector":{"controlType":"sap.m.Title","properties":{"text":"Warning"},"searchOpenDialogs":true},"wdio_ui5_key":"sapm.Title{\"text\":\"Warning\"}"}]}
COMMAND: GET /session/002b4557d3b25b0ebc7c1bd3299400cc/screenshot - {}
RESULT: {"script":"<script> [1562 bytes]","args":[{"selector":{"controlType":"sap.m.Title","properties":{"text":"Warning"},"searchOpenDialogs":true},"wdio_ui5_key":"sapm.Title{\"text\":\"Warning\"}"}]}
RESULT: undefined
COMMAND: POST /session/002b4557d3b25b0ebc7c1bd3299400cc/execute/async - {"script":"<script> [6424 bytes]","args":[{"element-6066-11e4-a52e-4f735466cecf":"f.45ECA80FF6798927299FAFCC4E9F50E2.d.E4296433452E657352151E90E34855DB.e.2056"},"getText",[]]}
RESULT: {}
RESULT: {"script":"<script> [6424 bytes]","args":[{"element-6066-11e4-a52e-4f735466cecf":"f.45ECA80FF6798927299FAFCC4E9F50E2.d.E4296433452E657352151E90E34855DB.e.2056"},"getText",[]]}
COMMAND: POST /session/002b4557d3b25b0ebc7c1bd3299400cc/execute/async - {"script":"<script> [1562 bytes]","args":[{"selector":{"controlType":"sap.m.Button","properties":{"text":"Yes"},"searchOpenDialogs":true,"interaction":{"idSuffix":"BDI-content"}},"wdio_ui5_key":"sapm.Button{\"text\":\"Yes\"}"}]}
RESULT: {"script":"<script> [1562 bytes]","args":[{"selector":{"controlType":"sap.m.Button","properties":{"text":"Yes"},"searchOpenDialogs":true,"interaction":{"idSuffix":"BDI-content"}},"wdio_ui5_key":"sapm.Button{\"text\":\"Yes\"}"}]}
RESULT: undefined
COMMAND: POST /session/002b4557d3b25b0ebc7c1bd3299400cc/element - {"using":"xpath","value":"//*[@id=\"__mbox-btn-1\"]"}
RESULT: {"using":"xpath","value":"//*[@id=\"__mbox-btn-1\"]"}
COMMAND: POST /session/002b4557d3b25b0ebc7c1bd3299400cc/element/f.45ECA80FF6798927299FAFCC4E9F50E2.d.E4296433452E657352151E90E34855DB.e.2054/click - {}
RESULT: {}
COMMAND: GET /session/002b4557d3b25b0ebc7c1bd3299400cc/screenshot - {}
RESULT: {}
COMMAND: POST /session/002b4557d3b25b0ebc7c1bd3299400cc/refresh - {}
RESULT: {}
COMMAND: GET /session/002b4557d3b25b0ebc7c1bd3299400cc/screenshot - {}
RESULT: {}
COMMAND: POST /session/002b4557d3b25b0ebc7c1bd3299400cc/execute/async - {"script":"<script> [189 bytes]","args":[]}
RESULT: {"script":"<script> [189 bytes]","args":[]}
COMMAND: POST /session/002b4557d3b25b0ebc7c1bd3299400cc/execute/async - {"script":"<script> [123 bytes]","args":[]}
RESULT: {"script":"<script> [123 bytes]","args":[]}
COMMAND: POST /session/002b4557d3b25b0ebc7c1bd3299400cc/timeouts - {"script":"<number>"}
RESULT: {"script":"<number>"}
COMMAND: GET /session/002b4557d3b25b0ebc7c1bd3299400cc/timeouts - {}
RESULT: {}
RESULT: undefined
COMMAND: POST /session/002b4557d3b25b0ebc7c1bd3299400cc/execute/async - {"script":"<script> [2676 bytes]","args":[]}
RESULT: {"script":"<script> [2676 bytes]","args":[]}
COMMAND: POST /session/002b4557d3b25b0ebc7c1bd3299400cc/execute/async - {"script":"<script> [2342 bytes]","args":[{"protocol":"http","hostname":"0.0.0.0","path":"/","capabilities":{"browserName":"chrome","goog:chromeOptions":{"binary":"C:\\Program Files\\Google\\Chrome\\Application\\chrome.exe","args":["--start-maximized"]}},"logLevel":"warn","connectionRetryTimeout":120000,"connectionRetryCount":3,"logLevels":{},"enableDirectConnect":true,"strictSSL":true,"_":"65 more keys: [\"cacheDir\",\"port\",\"requestedCapabilities\",\"automationProtocol\",\"baseUrl\",\"waitforInterval\",\"waitforTimeout\",\"onReload\",\"beforeCommand\",\"afterCommand\",\"rootDir\",\"specs\",\"suites\",\"exclude\",\"groupLogsByTestSpec\",\"excludeDriverLogs\",\"bail\",\"framework\",\"reporters\",\"services\",\"maxInstances\",\"maxInstancesPerCapability\",\"injectGlobals\",\"filesToWatch\",\"execArgv\",\"runnerEnv\",\"runner\",\"shard\",\"specFileRetries\",\"specFileRetriesDelay\",\"specFileRetriesDeferred\",\"reporterSyncInterval\",\"reporterSyncTimeout\",\"cucumberFeaturesWithLineNumbers\",\"autoCompileOpts\",\"mochaOpts\",\"jasmineOpts\",\"cucumberOpts\",\"onPrepare\",\"onWorkerStart\",\"onWorkerEnd\",\"before\",\"beforeSession\",\"beforeSuite\",\"beforeHook\",\"beforeTest\",\"afterTest\",\"afterHook\",\"afterSuite\",\"afterSession\",\"after\",\"onComplete\",\"beforeAssertion\",\"afterAssertion\",\"beforeFeature\",\"beforeScenario\",\"beforeStep\",\"afterStep\",\"afterScenario\",\"afterFeature\",\"_\",\"suite\",\"$0\",\"ignoredWorkerServices\",\"wdi5\"]"}]}
RESULT: {"script":"<script> [2342 bytes]","args":[{"protocol":"http","hostname":"0.0.0.0","path":"/","capabilities":{"browserName":"chrome","goog:chromeOptions":{"binary":"C:\\Program Files\\Google\\Chrome\\Application\\chrome.exe","args":["--start-maximized"]}},"logLevel":"warn","connectionRetryTimeout":120000,"connectionRetryCount":3,"logLevels":{},"enableDirectConnect":true,"strictSSL":true,"_":"65 more keys: [\"cacheDir\",\"port\",\"requestedCapabilities\",\"automationProtocol\",\"baseUrl\",\"waitforInterval\",\"waitforTimeout\",\"onReload\",\"beforeCommand\",\"afterCommand\",\"rootDir\",\"specs\",\"suites\",\"exclude\",\"groupLogsByTestSpec\",\"excludeDriverLogs\",\"bail\",\"framework\",\"reporters\",\"services\",\"maxInstances\",\"maxInstancesPerCapability\",\"injectGlobals\",\"filesToWatch\",\"execArgv\",\"runnerEnv\",\"runner\",\"shard\",\"specFileRetries\",\"specFileRetriesDelay\",\"specFileRetriesDeferred\",\"reporterSyncInterval\",\"reporterSyncTimeout\",\"cucumberFeaturesWithLineNumbers\",\"autoCompileOpts\",\"mochaOpts\",\"jasmineOpts\",\"cucumberOpts\",\"onPrepare\",\"onWorkerStart\",\"onWorkerEnd\",\"before\",\"beforeSession\",\"beforeSuite\",\"beforeHook\",\"beforeTest\",\"afterTest\",\"afterHook\",\"afterSuite\",\"afterSession\",\"after\",\"onComplete\",\"beforeAssertion\",\"afterAssertion\",\"beforeFeature\",\"beforeScenario\",\"beforeStep\",\"afterStep\",\"afterScenario\",\"afterFeature\",\"_\",\"suite\",\"$0\",\"ignoredWorkerServices\",\"wdi5\"]"}]}
COMMAND: POST /session/002b4557d3b25b0ebc7c1bd3299400cc/execute/async - {"script":"<script> [21126 bytes]","args":[35000]}
RESULT: {"script":"<script> [21126 bytes]","args":[35000]}
COMMAND: POST /session/002b4557d3b25b0ebc7c1bd3299400cc/execute/async - {"script":"<script> [1562 bytes]","args":[{"selector":{"id":"application-managecatalogs-display-component---detailCatalog--ValuesSmartTable-header"},"wdio_ui5_key":"applicationmanagecatalogs-display-component---detailCatalog--ValuesSmartTable-header"}]}
RESULT: {"script":"<script> [1562 bytes]","args":[{"selector":{"id":"application-managecatalogs-display-component---detailCatalog--ValuesSmartTable-header"},"wdio_ui5_key":"applicationmanagecatalogs-display-component---detailCatalog--ValuesSmartTable-header"}]}
RESULT: undefined
COMMAND: POST /session/002b4557d3b25b0ebc7c1bd3299400cc/execute/async - {"script":"<script> [6424 bytes]","args":[{"element-6066-11e4-a52e-4f735466cecf":"f.45ECA80FF6798927299FAFCC4E9F50E2.d.193A76902B655537A990DCF025B61E9C.e.2139"},"getText",[]]}
RESULT: {"script":"<script> [6424 bytes]","args":[{"element-6066-11e4-a52e-4f735466cecf":"f.45ECA80FF6798927299FAFCC4E9F50E2.d.193A76902B655537A990DCF025B61E9C.e.2139"},"getText",[]]}
COMMAND: POST /session/002b4557d3b25b0ebc7c1bd3299400cc/execute/async - {"script":"<script> [1562 bytes]","args":[{"selector":{"controlType":"sap.m.Button","viewName":"etm.portal.ui.managecatalogs.view.Detail","viewId":"application-managecatalogs-display-component---detailCatalog","i18NText":{"propertyName":"text","key":"edit"},"interaction":{"idSuffix":"BDI-content"}},"wdio_ui5_key":"etmportal.ui.managecatalogs.view.Detailsap.m.Button{\"propertyName\":\"text\",\"key\":\"edit\"}"}]}
RESULT: {"script":"<script> [1562 bytes]","args":[{"selector":{"controlType":"sap.m.Button","viewName":"etm.portal.ui.managecatalogs.view.Detail","viewId":"application-managecatalogs-display-component---detailCatalog","i18NText":{"propertyName":"text","key":"edit"},"interaction":{"idSuffix":"BDI-content"}},"wdio_ui5_key":"etmportal.ui.managecatalogs.view.Detailsap.m.Button{\"propertyName\":\"text\",\"key\":\"edit\"}"}]}
RESULT: undefined
COMMAND: POST /session/002b4557d3b25b0ebc7c1bd3299400cc/element - {"using":"xpath","value":"//*[@id=\"__button25\"]"}
RESULT: {"using":"xpath","value":"//*[@id=\"__button25\"]"}
COMMAND: POST /session/002b4557d3b25b0ebc7c1bd3299400cc/element/f.45ECA80FF6798927299FAFCC4E9F50E2.d.193A76902B655537A990DCF025B61E9C.e.2141/click - {}
RESULT: {}
COMMAND: POST /session/002b4557d3b25b0ebc7c1bd3299400cc/execute/async - {"script":"<script> [1562 bytes]","args":[{"selector":{"id":"application-managecatalogs-display-component---detailCatalog--ObjectPageLayout-anchBar-application-managecatalogs-display-component---detailCatalog--sectionValues-anchor","interaction":{"idSuffix":"BDI-content"}},"wdio_ui5_key":"applicationmanagecatalogs-display-component---detailCatalog--ObjectPageLayout-anchBar-application-managecatalogs-display-component---detailCatalog--sectionValues-anchor"}]}
COMMAND: GET /session/002b4557d3b25b0ebc7c1bd3299400cc/screenshot - {}
RESULT: {"script":"<script> [1562 bytes]","args":[{"selector":{"id":"application-managecatalogs-display-component---detailCatalog--ObjectPageLayout-anchBar-application-managecatalogs-display-component---detailCatalog--sectionValues-anchor","interaction":{"idSuffix":"BDI-content"}},"wdio_ui5_key":"applicationmanagecatalogs-display-component---detailCatalog--ObjectPageLayout-anchBar-application-managecatalogs-display-component---detailCatalog--sectionValues-anchor"}]}
RESULT: undefined
COMMAND: POST /session/002b4557d3b25b0ebc7c1bd3299400cc/element - {"using":"xpath","value":"//*[@id=\"application-managecatalogs-display-component---detailCatalog--ObjectPageLayout-anchBar-application-managecatalogs-display-component---detailCatalog--sectionValues-anchor\"]"}
RESULT: {}
RESULT: {"using":"xpath","value":"//*[@id=\"application-managecatalogs-display-component---detailCatalog--ObjectPageLayout-anchBar-application-managecatalogs-display-component---detailCatalog--sectionValues-anchor\"]"}
COMMAND: POST /session/002b4557d3b25b0ebc7c1bd3299400cc/element/f.45ECA80FF6798927299FAFCC4E9F50E2.d.193A76902B655537A990DCF025B61E9C.e.2182/click - {}
RESULT: {}
COMMAND: GET /session/002b4557d3b25b0ebc7c1bd3299400cc/screenshot - {}
RESULT: {}
COMMAND: POST /session/002b4557d3b25b0ebc7c1bd3299400cc/execute/async - {"script":"<script> [1562 bytes]","args":[{"selector":{"id":"application-managecatalogs-display-component---detailCatalog--ValuesTable-sa","interaction":{"idSuffix":"CbBg"}},"wdio_ui5_key":"applicationmanagecatalogs-display-component---detailCatalog--ValuesTable-sa"}]}
RESULT: {"script":"<script> [1562 bytes]","args":[{"selector":{"id":"application-managecatalogs-display-component---detailCatalog--ValuesTable-sa","interaction":{"idSuffix":"CbBg"}},"wdio_ui5_key":"applicationmanagecatalogs-display-component---detailCatalog--ValuesTable-sa"}]}
RESULT: undefined
COMMAND: POST /session/002b4557d3b25b0ebc7c1bd3299400cc/element - {"using":"xpath","value":"//*[@id=\"application-managecatalogs-display-component---detailCatalog--ValuesTable-sa\"]"}
RESULT: {"using":"xpath","value":"//*[@id=\"application-managecatalogs-display-component---detailCatalog--ValuesTable-sa\"]"}
COMMAND: POST /session/002b4557d3b25b0ebc7c1bd3299400cc/element/f.45ECA80FF6798927299FAFCC4E9F50E2.d.193A76902B655537A990DCF025B61E9C.e.2188/click - {}
RESULT: {}
COMMAND: POST /session/002b4557d3b25b0ebc7c1bd3299400cc/execute/async - {"script":"<script> [1562 bytes]","args":[{"selector":{"controlType":"sap.ui.core.Icon","viewName":"etm.portal.ui.managecatalogs.view.Detail","viewId":"application-managecatalogs-display-component---detailCatalog","properties":{"src":{"regex":{"source":"delete"}}},"ancestor":{"id":"application-managecatalogs-display-component---detailCatalog--ValuesTable"}},"wdio_ui5_key":"etmportal.ui.managecatalogs.view.Detailsap.ui.core.Icon{\"src\":{\"regex\":{\"source\":\"delete\"}}}{\"id\":\"application-managecatalogs-display-component---detailCatalog--ValuesTable\"}"}]}
COMMAND: GET /session/002b4557d3b25b0ebc7c1bd3299400cc/screenshot - {}
RESULT: {"script":"<script> [1562 bytes]","args":[{"selector":{"controlType":"sap.ui.core.Icon","viewName":"etm.portal.ui.managecatalogs.view.Detail","viewId":"application-managecatalogs-display-component---detailCatalog","properties":{"src":{"regex":{"source":"delete"}}},"ancestor":{"id":"application-managecatalogs-display-component---detailCatalog--ValuesTable"}},"wdio_ui5_key":"etmportal.ui.managecatalogs.view.Detailsap.ui.core.Icon{\"src\":{\"regex\":{\"source\":\"delete\"}}}{\"id\":\"application-managecatalogs-display-component---detailCatalog--ValuesTable\"}"}]}
RESULT: undefined
COMMAND: POST /session/002b4557d3b25b0ebc7c1bd3299400cc/element - {"using":"xpath","value":"//*[@id=\"__button36-img\"]"}
RESULT: {}
RESULT: {"using":"xpath","value":"//*[@id=\"__button36-img\"]"}
COMMAND: POST /session/002b4557d3b25b0ebc7c1bd3299400cc/element/f.45ECA80FF6798927299FAFCC4E9F50E2.d.193A76902B655537A990DCF025B61E9C.e.2189/click - {}
RESULT: {}
COMMAND: POST /session/002b4557d3b25b0ebc7c1bd3299400cc/execute/async - {"script":"<script> [1562 bytes]","args":[{"selector":{"controlType":"sap.m.Button","properties":{"text":"Yes"},"searchOpenDialogs":true,"interaction":{"idSuffix":"BDI-content"}},"wdio_ui5_key":"sapm.Button{\"text\":\"Yes\"}"}]}
COMMAND: GET /session/002b4557d3b25b0ebc7c1bd3299400cc/screenshot - {}
RESULT: {"script":"<script> [1562 bytes]","args":[{"selector":{"controlType":"sap.m.Button","properties":{"text":"Yes"},"searchOpenDialogs":true,"interaction":{"idSuffix":"BDI-content"}},"wdio_ui5_key":"sapm.Button{\"text\":\"Yes\"}"}]}
RESULT: undefined
COMMAND: POST /session/002b4557d3b25b0ebc7c1bd3299400cc/element - {"using":"xpath","value":"//*[@id=\"__mbox-btn-0\"]"}
RESULT: {}
RESULT: {"using":"xpath","value":"//*[@id=\"__mbox-btn-0\"]"}
COMMAND: POST /session/002b4557d3b25b0ebc7c1bd3299400cc/element/f.45ECA80FF6798927299FAFCC4E9F50E2.d.193A76902B655537A990DCF025B61E9C.e.2191/click - {}
RESULT: {}
COMMAND: GET /session/002b4557d3b25b0ebc7c1bd3299400cc/screenshot - {}
RESULT: {}
COMMAND: POST /session/002b4557d3b25b0ebc7c1bd3299400cc/execute/async - {"script":"<script> [1562 bytes]","args":[{"selector":{"controlType":"sap.m.Button","viewName":"etm.portal.ui.managecatalogs.view.Detail","viewId":"application-managecatalogs-display-component---detailCatalog","i18NText":{"propertyName":"text","key":"save"},"interaction":{"idSuffix":"BDI-content"}},"wdio_ui5_key":"etmportal.ui.managecatalogs.view.Detailsap.m.Button{\"propertyName\":\"text\",\"key\":\"save\"}"}]}
RESULT: {"script":"<script> [1562 bytes]","args":[{"selector":{"controlType":"sap.m.Button","viewName":"etm.portal.ui.managecatalogs.view.Detail","viewId":"application-managecatalogs-display-component---detailCatalog","i18NText":{"propertyName":"text","key":"save"},"interaction":{"idSuffix":"BDI-content"}},"wdio_ui5_key":"etmportal.ui.managecatalogs.view.Detailsap.m.Button{\"propertyName\":\"text\",\"key\":\"save\"}"}]}
RESULT: undefined
COMMAND: POST /session/002b4557d3b25b0ebc7c1bd3299400cc/element - {"using":"xpath","value":"//*[@id=\"__button43\"]"}
RESULT: {"using":"xpath","value":"//*[@id=\"__button43\"]"}
COMMAND: POST /session/002b4557d3b25b0ebc7c1bd3299400cc/element/f.45ECA80FF6798927299FAFCC4E9F50E2.d.193A76902B655537A990DCF025B61E9C.e.2196/click - {}
RESULT: {}
COMMAND: GET /session/002b4557d3b25b0ebc7c1bd3299400cc/screenshot - {}
RESULT: {}
RESULT: undefined
COMMAND: POST /session/002b4557d3b25b0ebc7c1bd3299400cc/element - {"using":"xpath","value":"//*[@id=\"__button25\"]"}
RESULT: {"using":"xpath","value":"//*[@id=\"__button25\"]"}
COMMAND: POST /session/002b4557d3b25b0ebc7c1bd3299400cc/element/f.45ECA80FF6798927299FAFCC4E9F50E2.d.193A76902B655537A990DCF025B61E9C.e.2198/click - {}
RESULT: {}
COMMAND: GET /session/002b4557d3b25b0ebc7c1bd3299400cc/screenshot - {}
RESULT: {}
RESULT: undefined
COMMAND: POST /session/002b4557d3b25b0ebc7c1bd3299400cc/element - {"using":"xpath","value":"//*[@id=\"application-managecatalogs-display-component---detailCatalog--ObjectPageLayout-anchBar-application-managecatalogs-display-component---detailCatalog--sectionValues-anchor\"]"}
RESULT: {"using":"xpath","value":"//*[@id=\"application-managecatalogs-display-component---detailCatalog--ObjectPageLayout-anchBar-application-managecatalogs-display-component---detailCatalog--sectionValues-anchor\"]"}
COMMAND: POST /session/002b4557d3b25b0ebc7c1bd3299400cc/element/f.45ECA80FF6798927299FAFCC4E9F50E2.d.193A76902B655537A990DCF025B61E9C.e.2227/click - {}
RESULT: {}
COMMAND: GET /session/002b4557d3b25b0ebc7c1bd3299400cc/screenshot - {}
RESULT: {}
COMMAND: POST /session/002b4557d3b25b0ebc7c1bd3299400cc/execute/async - {"script":"<script> [1562 bytes]","args":[{"selector":{"controlType":"sap.ui.core.Icon","viewName":"etm.portal.ui.managecatalogs.view.Detail","viewId":"application-managecatalogs-display-component---detailCatalog","properties":{"src":{"regex":{"source":"add"}}},"ancestor":{"id":"application-managecatalogs-display-component---detailCatalog--ValuesTable"}},"wdio_ui5_key":"etmportal.ui.managecatalogs.view.Detailsap.ui.core.Icon{\"src\":{\"regex\":{\"source\":\"add\"}}}{\"id\":\"application-managecatalogs-display-component---detailCatalog--ValuesTable\"}"}]}
RESULT: {"script":"<script> [1562 bytes]","args":[{"selector":{"controlType":"sap.ui.core.Icon","viewName":"etm.portal.ui.managecatalogs.view.Detail","viewId":"application-managecatalogs-display-component---detailCatalog","properties":{"src":{"regex":{"source":"add"}}},"ancestor":{"id":"application-managecatalogs-display-component---detailCatalog--ValuesTable"}},"wdio_ui5_key":"etmportal.ui.managecatalogs.view.Detailsap.ui.core.Icon{\"src\":{\"regex\":{\"source\":\"add\"}}}{\"id\":\"application-managecatalogs-display-component---detailCatalog--ValuesTable\"}"}]}
RESULT: undefined
COMMAND: POST /session/002b4557d3b25b0ebc7c1bd3299400cc/element - {"using":"xpath","value":"//*[@id=\"__button37-img\"]"}
RESULT: {"using":"xpath","value":"//*[@id=\"__button37-img\"]"}
COMMAND: POST /session/002b4557d3b25b0ebc7c1bd3299400cc/element/f.45ECA80FF6798927299FAFCC4E9F50E2.d.193A76902B655537A990DCF025B61E9C.e.2228/click - {}
RESULT: {}
RESULT: undefined
COMMAND: POST /session/002b4557d3b25b0ebc7c1bd3299400cc/element - {"using":"xpath","value":"//*[@id=\"__button37-img\"]"}
COMMAND: GET /session/002b4557d3b25b0ebc7c1bd3299400cc/screenshot - {}
RESULT: {"using":"xpath","value":"//*[@id=\"__button37-img\"]"}
COMMAND: POST /session/002b4557d3b25b0ebc7c1bd3299400cc/element/f.45ECA80FF6798927299FAFCC4E9F50E2.d.193A76902B655537A990DCF025B61E9C.e.2228/click - {}
RESULT: {}
RESULT: {}
COMMAND: POST /session/002b4557d3b25b0ebc7c1bd3299400cc/element - {"using":"xpath","value":"(//input[contains(@id ,\"application-managecatalogs-display-component---detailCatalog--ValuesTable-0-inner\")])[1]"}
COMMAND: GET /session/002b4557d3b25b0ebc7c1bd3299400cc/screenshot - {}
RESULT: {"using":"xpath","value":"(//input[contains(@id ,\"application-managecatalogs-display-component---detailCatalog--ValuesTable-0-inner\")])[1]"}
COMMAND: POST /session/002b4557d3b25b0ebc7c1bd3299400cc/element/f.45ECA80FF6798927299FAFCC4E9F50E2.d.193A76902B655537A990DCF025B61E9C.e.2231/clear - {}
RESULT: {}
RESULT: {}
COMMAND: POST /session/002b4557d3b25b0ebc7c1bd3299400cc/element/f.45ECA80FF6798927299FAFCC4E9F50E2.d.193A76902B655537A990DCF025B61E9C.e.2231/value - {"text":"D&I catalog price"}
COMMAND: GET /session/002b4557d3b25b0ebc7c1bd3299400cc/screenshot - {}
RESULT: {"text":"D&I catalog price"}
COMMAND: GET /session/002b4557d3b25b0ebc7c1bd3299400cc/screenshot - {}
RESULT: {}
RESULT: {}
COMMAND: POST /session/002b4557d3b25b0ebc7c1bd3299400cc/actions - {"actions":[{"id":"action12","type":"key","parameters":{},"actions":[{"type":"keyDown","value":""},{"type":"pause","duration":10},{"type":"keyUp","value":""}]}]}
RESULT: {"actions":[{"id":"action12","type":"key","parameters":{},"actions":[{"type":"keyDown","value":""},{"type":"pause","duration":10},{"type":"keyUp","value":""}]}]}
COMMAND: POST /session/002b4557d3b25b0ebc7c1bd3299400cc/element - {"using":"xpath","value":"(//input[contains(@id ,\"application-managecatalogs-display-component---detailCatalog--ValuesTable-1-inner\")])[1]"}
COMMAND: GET /session/002b4557d3b25b0ebc7c1bd3299400cc/screenshot - {}
RESULT: {"using":"xpath","value":"(//input[contains(@id ,\"application-managecatalogs-display-component---detailCatalog--ValuesTable-1-inner\")])[1]"}
COMMAND: POST /session/002b4557d3b25b0ebc7c1bd3299400cc/element/f.45ECA80FF6798927299FAFCC4E9F50E2.d.193A76902B655537A990DCF025B61E9C.e.2245/clear - {}
RESULT: {}
RESULT: {}
COMMAND: POST /session/002b4557d3b25b0ebc7c1bd3299400cc/element/f.45ECA80FF6798927299FAFCC4E9F50E2.d.193A76902B655537A990DCF025B61E9C.e.2245/value - {"text":"D&I catalog price"}
COMMAND: GET /session/002b4557d3b25b0ebc7c1bd3299400cc/screenshot - {}
RESULT: {"text":"D&I catalog price"}
COMMAND: GET /session/002b4557d3b25b0ebc7c1bd3299400cc/screenshot - {}
RESULT: {}
RESULT: {}
COMMAND: POST /session/002b4557d3b25b0ebc7c1bd3299400cc/actions - {"actions":[{"id":"action13","type":"key","parameters":{},"actions":[{"type":"keyDown","value":""},{"type":"pause","duration":10},{"type":"keyUp","value":""}]}]}
RESULT: {"actions":[{"id":"action13","type":"key","parameters":{},"actions":[{"type":"keyDown","value":""},{"type":"pause","duration":10},{"type":"keyUp","value":""}]}]}
COMMAND: POST /session/002b4557d3b25b0ebc7c1bd3299400cc/element - {"using":"xpath","value":"(//input[contains(@id ,\"application-managecatalogs-display-component---detailCatalog--ValuesTable-0-inner\")])[8]"}
COMMAND: GET /session/002b4557d3b25b0ebc7c1bd3299400cc/screenshot - {}
RESULT: {"using":"xpath","value":"(//input[contains(@id ,\"application-managecatalogs-display-component---detailCatalog--ValuesTable-0-inner\")])[8]"}
COMMAND: POST /session/002b4557d3b25b0ebc7c1bd3299400cc/element/f.45ECA80FF6798927299FAFCC4E9F50E2.d.193A76902B655537A990DCF025B61E9C.e.2238/clear - {}
RESULT: {}
RESULT: {}
COMMAND: POST /session/002b4557d3b25b0ebc7c1bd3299400cc/element/f.45ECA80FF6798927299FAFCC4E9F50E2.d.193A76902B655537A990DCF025B61E9C.e.2238/value - {"text":"101"}
COMMAND: GET /session/002b4557d3b25b0ebc7c1bd3299400cc/screenshot - {}
RESULT: {"text":"101"}
COMMAND: GET /session/002b4557d3b25b0ebc7c1bd3299400cc/screenshot - {}
RESULT: {}
RESULT: {}
COMMAND: POST /session/002b4557d3b25b0ebc7c1bd3299400cc/actions - {"actions":[{"id":"action14","type":"key","parameters":{},"actions":[{"type":"keyDown","value":""},{"type":"pause","duration":10},{"type":"keyUp","value":""}]}]}
RESULT: {"actions":[{"id":"action14","type":"key","parameters":{},"actions":[{"type":"keyDown","value":""},{"type":"pause","duration":10},{"type":"keyUp","value":""}]}]}
COMMAND: POST /session/002b4557d3b25b0ebc7c1bd3299400cc/element - {"using":"xpath","value":"(//input[contains(@id ,\"application-managecatalogs-display-component---detailCatalog--ValuesTable-1-inner\")])[8]"}
COMMAND: GET /session/002b4557d3b25b0ebc7c1bd3299400cc/screenshot - {}
RESULT: {"using":"xpath","value":"(//input[contains(@id ,\"application-managecatalogs-display-component---detailCatalog--ValuesTable-1-inner\")])[8]"}
COMMAND: POST /session/002b4557d3b25b0ebc7c1bd3299400cc/element/f.45ECA80FF6798927299FAFCC4E9F50E2.d.193A76902B655537A990DCF025B61E9C.e.2252/clear - {}
RESULT: {}
RESULT: {}
COMMAND: POST /session/002b4557d3b25b0ebc7c1bd3299400cc/element/f.45ECA80FF6798927299FAFCC4E9F50E2.d.193A76902B655537A990DCF025B61E9C.e.2252/value - {"text":"101"}
COMMAND: GET /session/002b4557d3b25b0ebc7c1bd3299400cc/screenshot - {}
RESULT: {"text":"101"}
COMMAND: GET /session/002b4557d3b25b0ebc7c1bd3299400cc/screenshot - {}
RESULT: {}
RESULT: {}
COMMAND: POST /session/002b4557d3b25b0ebc7c1bd3299400cc/actions - {"actions":[{"id":"action15","type":"key","parameters":{},"actions":[{"type":"keyDown","value":""},{"type":"pause","duration":10},{"type":"keyUp","value":""}]}]}
RESULT: {"actions":[{"id":"action15","type":"key","parameters":{},"actions":[{"type":"keyDown","value":""},{"type":"pause","duration":10},{"type":"keyUp","value":""}]}]}
RESULT: undefined
COMMAND: POST /session/002b4557d3b25b0ebc7c1bd3299400cc/element - {"using":"xpath","value":"//*[@id=\"__button43\"]"}
COMMAND: GET /session/002b4557d3b25b0ebc7c1bd3299400cc/screenshot - {}
RESULT: {"using":"xpath","value":"//*[@id=\"__button43\"]"}
COMMAND: POST /session/002b4557d3b25b0ebc7c1bd3299400cc/element/f.45ECA80FF6798927299FAFCC4E9F50E2.d.193A76902B655537A990DCF025B61E9C.e.2218/click - {}
RESULT: {}
RESULT: {}
COMMAND: GET /session/002b4557d3b25b0ebc7c1bd3299400cc/screenshot - {}
RESULT: {}
COMMAND: POST /session/002b4557d3b25b0ebc7c1bd3299400cc/execute/async - {"script":"<script> [1562 bytes]","args":[{"selector":{"controlType":"sap.m.Text","properties":{"text":"Existing values with the same start date!"},"searchOpenDialogs":true},"wdio_ui5_key":"sapm.Text{\"text\":\"Existing values with the same start date!\"}"}]}
RESULT: {"script":"<script> [1562 bytes]","args":[{"selector":{"controlType":"sap.m.Text","properties":{"text":"Existing values with the same start date!"},"searchOpenDialogs":true},"wdio_ui5_key":"sapm.Text{\"text\":\"Existing values with the same start date!\"}"}]}
RESULT: undefined
COMMAND: POST /session/002b4557d3b25b0ebc7c1bd3299400cc/execute/async - {"script":"<script> [6424 bytes]","args":[{"element-6066-11e4-a52e-4f735466cecf":"f.45ECA80FF6798927299FAFCC4E9F50E2.d.193A76902B655537A990DCF025B61E9C.e.2279"},"getText",[]]}
RESULT: {"script":"<script> [6424 bytes]","args":[{"element-6066-11e4-a52e-4f735466cecf":"f.45ECA80FF6798927299FAFCC4E9F50E2.d.193A76902B655537A990DCF025B61E9C.e.2279"},"getText",[]]}
COMMAND: POST /session/002b4557d3b25b0ebc7c1bd3299400cc/execute/async - {"script":"<script> [1562 bytes]","args":[{"selector":{"controlType":"sap.m.Button","properties":{"text":"OK"},"searchOpenDialogs":true,"interaction":{"idSuffix":"BDI-content"}},"wdio_ui5_key":"sapm.Button{\"text\":\"OK\"}"}]}
RESULT: {"script":"<script> [1562 bytes]","args":[{"selector":{"controlType":"sap.m.Button","properties":{"text":"OK"},"searchOpenDialogs":true,"interaction":{"idSuffix":"BDI-content"}},"wdio_ui5_key":"sapm.Button{\"text\":\"OK\"}"}]}
RESULT: undefined
COMMAND: POST /session/002b4557d3b25b0ebc7c1bd3299400cc/element - {"using":"xpath","value":"//*[@id=\"__mbox-btn-2\"]"}
RESULT: {"using":"xpath","value":"//*[@id=\"__mbox-btn-2\"]"}
COMMAND: POST /session/002b4557d3b25b0ebc7c1bd3299400cc/element/f.45ECA80FF6798927299FAFCC4E9F50E2.d.193A76902B655537A990DCF025B61E9C.e.2275/click - {}
RESULT: {}
COMMAND: POST /session/002b4557d3b25b0ebc7c1bd3299400cc/element - {"using":"xpath","value":"(//input[contains(@id ,\"application-managecatalogs-display-component---detailCatalog--ValuesTable-0-inner\")])[8]"}
COMMAND: GET /session/002b4557d3b25b0ebc7c1bd3299400cc/screenshot - {}
RESULT: {"using":"xpath","value":"(//input[contains(@id ,\"application-managecatalogs-display-component---detailCatalog--ValuesTable-0-inner\")])[8]"}
COMMAND: POST /session/002b4557d3b25b0ebc7c1bd3299400cc/element/f.45ECA80FF6798927299FAFCC4E9F50E2.d.193A76902B655537A990DCF025B61E9C.e.2238/clear - {}
RESULT: {}
RESULT: {}
COMMAND: POST /session/002b4557d3b25b0ebc7c1bd3299400cc/element/f.45ECA80FF6798927299FAFCC4E9F50E2.d.193A76902B655537A990DCF025B61E9C.e.2238/value - {"text":"102"}
COMMAND: GET /session/002b4557d3b25b0ebc7c1bd3299400cc/screenshot - {}
RESULT: {"text":"102"}
COMMAND: GET /session/002b4557d3b25b0ebc7c1bd3299400cc/screenshot - {}
RESULT: {}
RESULT: {}
COMMAND: POST /session/002b4557d3b25b0ebc7c1bd3299400cc/actions - {"actions":[{"id":"action16","type":"key","parameters":{},"actions":[{"type":"keyDown","value":""},{"type":"pause","duration":10},{"type":"keyUp","value":""}]}]}
RESULT: {"actions":[{"id":"action16","type":"key","parameters":{},"actions":[{"type":"keyDown","value":""},{"type":"pause","duration":10},{"type":"keyUp","value":""}]}]}
COMMAND: GET /session/002b4557d3b25b0ebc7c1bd3299400cc/screenshot - {}
RESULT: {}
RESULT: undefined
COMMAND: POST /session/002b4557d3b25b0ebc7c1bd3299400cc/element - {"using":"xpath","value":"//*[@id=\"__button43\"]"}
RESULT: {"using":"xpath","value":"//*[@id=\"__button43\"]"}
COMMAND: POST /session/002b4557d3b25b0ebc7c1bd3299400cc/element/f.45ECA80FF6798927299FAFCC4E9F50E2.d.193A76902B655537A990DCF025B61E9C.e.2218/click - {}
RESULT: {}
COMMAND: GET /session/002b4557d3b25b0ebc7c1bd3299400cc/screenshot - {}
RESULT: {}
COMMAND: POST /session/002b4557d3b25b0ebc7c1bd3299400cc/refresh - {}
RESULT: {}
COMMAND: GET /session/002b4557d3b25b0ebc7c1bd3299400cc/screenshot - {}
RESULT: {}
COMMAND: POST /session/002b4557d3b25b0ebc7c1bd3299400cc/execute/async - {"script":"<script> [189 bytes]","args":[]}
RESULT: {"script":"<script> [189 bytes]","args":[]}
COMMAND: POST /session/002b4557d3b25b0ebc7c1bd3299400cc/execute/async - {"script":"<script> [123 bytes]","args":[]}
RESULT: {"script":"<script> [123 bytes]","args":[]}
COMMAND: POST /session/002b4557d3b25b0ebc7c1bd3299400cc/timeouts - {"script":"<number>"}
RESULT: {"script":"<number>"}
COMMAND: GET /session/002b4557d3b25b0ebc7c1bd3299400cc/timeouts - {}
RESULT: {}
RESULT: undefined
COMMAND: POST /session/002b4557d3b25b0ebc7c1bd3299400cc/execute/async - {"script":"<script> [2676 bytes]","args":[]}
RESULT: {"script":"<script> [2676 bytes]","args":[]}
COMMAND: POST /session/002b4557d3b25b0ebc7c1bd3299400cc/execute/async - {"script":"<script> [2342 bytes]","args":[{"protocol":"http","hostname":"0.0.0.0","path":"/","capabilities":{"browserName":"chrome","goog:chromeOptions":{"binary":"C:\\Program Files\\Google\\Chrome\\Application\\chrome.exe","args":["--start-maximized"]}},"logLevel":"warn","connectionRetryTimeout":120000,"connectionRetryCount":3,"logLevels":{},"enableDirectConnect":true,"strictSSL":true,"_":"65 more keys: [\"cacheDir\",\"port\",\"requestedCapabilities\",\"automationProtocol\",\"baseUrl\",\"waitforInterval\",\"waitforTimeout\",\"onReload\",\"beforeCommand\",\"afterCommand\",\"rootDir\",\"specs\",\"suites\",\"exclude\",\"groupLogsByTestSpec\",\"excludeDriverLogs\",\"bail\",\"framework\",\"reporters\",\"services\",\"maxInstances\",\"maxInstancesPerCapability\",\"injectGlobals\",\"filesToWatch\",\"execArgv\",\"runnerEnv\",\"runner\",\"shard\",\"specFileRetries\",\"specFileRetriesDelay\",\"specFileRetriesDeferred\",\"reporterSyncInterval\",\"reporterSyncTimeout\",\"cucumberFeaturesWithLineNumbers\",\"autoCompileOpts\",\"mochaOpts\",\"jasmineOpts\",\"cucumberOpts\",\"onPrepare\",\"onWorkerStart\",\"onWorkerEnd\",\"before\",\"beforeSession\",\"beforeSuite\",\"beforeHook\",\"beforeTest\",\"afterTest\",\"afterHook\",\"afterSuite\",\"afterSession\",\"after\",\"onComplete\",\"beforeAssertion\",\"afterAssertion\",\"beforeFeature\",\"beforeScenario\",\"beforeStep\",\"afterStep\",\"afterScenario\",\"afterFeature\",\"_\",\"suite\",\"$0\",\"ignoredWorkerServices\",\"wdi5\"]"}]}
RESULT: {"script":"<script> [2342 bytes]","args":[{"protocol":"http","hostname":"0.0.0.0","path":"/","capabilities":{"browserName":"chrome","goog:chromeOptions":{"binary":"C:\\Program Files\\Google\\Chrome\\Application\\chrome.exe","args":["--start-maximized"]}},"logLevel":"warn","connectionRetryTimeout":120000,"connectionRetryCount":3,"logLevels":{},"enableDirectConnect":true,"strictSSL":true,"_":"65 more keys: [\"cacheDir\",\"port\",\"requestedCapabilities\",\"automationProtocol\",\"baseUrl\",\"waitforInterval\",\"waitforTimeout\",\"onReload\",\"beforeCommand\",\"afterCommand\",\"rootDir\",\"specs\",\"suites\",\"exclude\",\"groupLogsByTestSpec\",\"excludeDriverLogs\",\"bail\",\"framework\",\"reporters\",\"services\",\"maxInstances\",\"maxInstancesPerCapability\",\"injectGlobals\",\"filesToWatch\",\"execArgv\",\"runnerEnv\",\"runner\",\"shard\",\"specFileRetries\",\"specFileRetriesDelay\",\"specFileRetriesDeferred\",\"reporterSyncInterval\",\"reporterSyncTimeout\",\"cucumberFeaturesWithLineNumbers\",\"autoCompileOpts\",\"mochaOpts\",\"jasmineOpts\",\"cucumberOpts\",\"onPrepare\",\"onWorkerStart\",\"onWorkerEnd\",\"before\",\"beforeSession\",\"beforeSuite\",\"beforeHook\",\"beforeTest\",\"afterTest\",\"afterHook\",\"afterSuite\",\"afterSession\",\"after\",\"onComplete\",\"beforeAssertion\",\"afterAssertion\",\"beforeFeature\",\"beforeScenario\",\"beforeStep\",\"afterStep\",\"afterScenario\",\"afterFeature\",\"_\",\"suite\",\"$0\",\"ignoredWorkerServices\",\"wdi5\"]"}]}
COMMAND: POST /session/002b4557d3b25b0ebc7c1bd3299400cc/execute/async - {"script":"<script> [21126 bytes]","args":[35000]}
RESULT: {"script":"<script> [21126 bytes]","args":[35000]}
COMMAND: POST /session/002b4557d3b25b0ebc7c1bd3299400cc/execute/async - {"script":"<script> [1562 bytes]","args":[{"selector":{"id":"application-managecatalogs-display-component---detailCatalog--ValuesSmartTable-header"},"wdio_ui5_key":"applicationmanagecatalogs-display-component---detailCatalog--ValuesSmartTable-header"}]}
RESULT: {"script":"<script> [1562 bytes]","args":[{"selector":{"id":"application-managecatalogs-display-component---detailCatalog--ValuesSmartTable-header"},"wdio_ui5_key":"applicationmanagecatalogs-display-component---detailCatalog--ValuesSmartTable-header"}]}
RESULT: undefined
COMMAND: POST /session/002b4557d3b25b0ebc7c1bd3299400cc/execute/async - {"script":"<script> [6424 bytes]","args":[{"element-6066-11e4-a52e-4f735466cecf":"f.45ECA80FF6798927299FAFCC4E9F50E2.d.BBEFC4D72D3831A82DAC8DFE21A4EB39.e.2379"},"getText",[]]}
RESULT: {"script":"<script> [6424 bytes]","args":[{"element-6066-11e4-a52e-4f735466cecf":"f.45ECA80FF6798927299FAFCC4E9F50E2.d.BBEFC4D72D3831A82DAC8DFE21A4EB39.e.2379"},"getText",[]]}
COMMAND: POST /session/002b4557d3b25b0ebc7c1bd3299400cc/element - {"using":"css selector","value":"#shell-header-logo"}
RESULT: {"using":"css selector","value":"#shell-header-logo"}
COMMAND: POST /session/002b4557d3b25b0ebc7c1bd3299400cc/element/f.45ECA80FF6798927299FAFCC4E9F50E2.d.BBEFC4D72D3831A82DAC8DFE21A4EB39.e.2330/click - {}
RESULT: {}
COMMAND: GET /session/002b4557d3b25b0ebc7c1bd3299400cc/screenshot - {}
RESULT: {}
]]></system-out>
    </testcase>
  </testsuite>
  <testsuite timestamp="2025-05-23T15:57:39" time="394.625" tests="4" failures="0" errors="0" skipped="0">
    <properties>
      <property name="specId" value="0"/>
      <property name="suiteName" value="Verify RU inventory split cost information US139363"/>
      <property name="capabilities" value="chrome.136_0_7103_93.windows"/>
      <property name="file" value="file:///D:/a/1/s/test/specs/R2C/verify-ru-inventory-split-cost-information.spec.js"/>
    </properties>
    <testcase classname="chrome.136_0_7103_93.windows.Verify_RU_inventory_split_cost_information_US139363" name="Should create a new contract" time="93.623">
      <system-out><![CDATA[
COMMAND: POST /session/002b4557d3b25b0ebc7c1bd3299400cc/execute/async - {"script":"<script> [1562 bytes]","args":[{"selector":{"controlType":"sap.m.GenericTile","properties":{"header":"Manage Contracts"}},"wdio_ui5_key":"sapm.GenericTile{\"header\":\"Manage Contracts\"}"}]}
RESULT: {"script":"<script> [1562 bytes]","args":[{"selector":{"controlType":"sap.m.GenericTile","properties":{"header":"Manage Contracts"}},"wdio_ui5_key":"sapm.GenericTile{\"header\":\"Manage Contracts\"}"}]}
RESULT: undefined
COMMAND: POST /session/002b4557d3b25b0ebc7c1bd3299400cc/element - {"using":"xpath","value":"//*[@id=\"__tile130\"]"}
RESULT: {"using":"xpath","value":"//*[@id=\"__tile130\"]"}
COMMAND: POST /session/002b4557d3b25b0ebc7c1bd3299400cc/element/f.45ECA80FF6798927299FAFCC4E9F50E2.d.BBEFC4D72D3831A82DAC8DFE21A4EB39.e.2393/click - {}
RESULT: {}
COMMAND: GET /session/002b4557d3b25b0ebc7c1bd3299400cc/screenshot - {}
RESULT: {}
COMMAND: POST /session/002b4557d3b25b0ebc7c1bd3299400cc/elements - {"using":"xpath","value":"//span[text()='Error']"}
RESULT: {"using":"xpath","value":"//span[text()='Error']"}
COMMAND: POST /session/002b4557d3b25b0ebc7c1bd3299400cc/element - {"using":"xpath","value":"//button[@data-kt=\"addButton\"]"}
RESULT: {"using":"xpath","value":"//button[@data-kt=\"addButton\"]"}
COMMAND: POST /session/002b4557d3b25b0ebc7c1bd3299400cc/element/f.45ECA80FF6798927299FAFCC4E9F50E2.d.BBEFC4D72D3831A82DAC8DFE21A4EB39.e.2445/click - {}
RESULT: {}
COMMAND: GET /session/002b4557d3b25b0ebc7c1bd3299400cc/screenshot - {}
RESULT: {}
COMMAND: POST /session/002b4557d3b25b0ebc7c1bd3299400cc/execute/async - {"script":"<script> [1562 bytes]","args":[{"selector":{"id":"application-managecontracts-display-component---AddNewContract--projectDescription","interaction":{"idSuffix":"inner"}},"wdio_ui5_key":"applicationmanagecontracts-display-component---AddNewContract--projectDescription"}]}
RESULT: {"script":"<script> [1562 bytes]","args":[{"selector":{"id":"application-managecontracts-display-component---AddNewContract--projectDescription","interaction":{"idSuffix":"inner"}},"wdio_ui5_key":"applicationmanagecontracts-display-component---AddNewContract--projectDescription"}]}
RESULT: undefined
COMMAND: POST /session/002b4557d3b25b0ebc7c1bd3299400cc/execute/async - {"script":"<script> [776 bytes]","args":[{"enterText":"WdIOR2c8wlrlk","selector":{"id":"application-managecontracts-display-component---AddNewContract--projectDescription","interaction":{"idSuffix":"inner"}},"clearTextFirst":true,"interactionType":"ENTER_TEXT"}]}
RESULT: {"script":"<script> [776 bytes]","args":[{"enterText":"WdIOR2c8wlrlk","selector":{"id":"application-managecontracts-display-component---AddNewContract--projectDescription","interaction":{"idSuffix":"inner"}},"clearTextFirst":true,"interactionType":"ENTER_TEXT"}]}
COMMAND: POST /session/002b4557d3b25b0ebc7c1bd3299400cc/element - {"using":"xpath","value":"//input[@id=\"application-managecontracts-display-component---AddNewContract--yardId-inner\"]"}
RESULT: {"using":"xpath","value":"//input[@id=\"application-managecontracts-display-component---AddNewContract--yardId-inner\"]"}
COMMAND: POST /session/002b4557d3b25b0ebc7c1bd3299400cc/element/f.45ECA80FF6798927299FAFCC4E9F50E2.d.BBEFC4D72D3831A82DAC8DFE21A4EB39.e.2707/clear - {}
RESULT: {}
COMMAND: POST /session/002b4557d3b25b0ebc7c1bd3299400cc/element/f.45ECA80FF6798927299FAFCC4E9F50E2.d.BBEFC4D72D3831A82DAC8DFE21A4EB39.e.2707/value - {"text":"webdriveryard"}
COMMAND: GET /session/002b4557d3b25b0ebc7c1bd3299400cc/screenshot - {}
RESULT: {"text":"webdriveryard"}
COMMAND: GET /session/002b4557d3b25b0ebc7c1bd3299400cc/screenshot - {}
RESULT: {}
RESULT: {}
COMMAND: POST /session/002b4557d3b25b0ebc7c1bd3299400cc/actions - {"actions":[{"id":"action17","type":"key","parameters":{},"actions":[{"type":"keyDown","value":""},{"type":"pause","duration":10},{"type":"keyUp","value":""}]}]}
RESULT: {"actions":[{"id":"action17","type":"key","parameters":{},"actions":[{"type":"keyDown","value":""},{"type":"pause","duration":10},{"type":"keyUp","value":""}]}]}
COMMAND: GET /session/002b4557d3b25b0ebc7c1bd3299400cc/screenshot - {}
RESULT: {}
COMMAND: POST /session/002b4557d3b25b0ebc7c1bd3299400cc/element - {"using":"xpath","value":"//input[@id=\"application-managecontracts-display-component---AddNewContract--customerSelect-inner\"]"}
RESULT: {"using":"xpath","value":"//input[@id=\"application-managecontracts-display-component---AddNewContract--customerSelect-inner\"]"}
COMMAND: POST /session/002b4557d3b25b0ebc7c1bd3299400cc/element/f.45ECA80FF6798927299FAFCC4E9F50E2.d.BBEFC4D72D3831A82DAC8DFE21A4EB39.e.2705/clear - {}
RESULT: {}
COMMAND: POST /session/002b4557d3b25b0ebc7c1bd3299400cc/element/f.45ECA80FF6798927299FAFCC4E9F50E2.d.BBEFC4D72D3831A82DAC8DFE21A4EB39.e.2705/value - {"text":"webdriverpartner"}
COMMAND: GET /session/002b4557d3b25b0ebc7c1bd3299400cc/screenshot - {}
RESULT: {"text":"webdriverpartner"}
COMMAND: GET /session/002b4557d3b25b0ebc7c1bd3299400cc/screenshot - {}
RESULT: {}
RESULT: {}
COMMAND: POST /session/002b4557d3b25b0ebc7c1bd3299400cc/actions - {"actions":[{"id":"action18","type":"key","parameters":{},"actions":[{"type":"keyDown","value":""},{"type":"pause","duration":10},{"type":"keyUp","value":""}]}]}
RESULT: {"actions":[{"id":"action18","type":"key","parameters":{},"actions":[{"type":"keyDown","value":""},{"type":"pause","duration":10},{"type":"keyUp","value":""}]}]}
COMMAND: GET /session/002b4557d3b25b0ebc7c1bd3299400cc/screenshot - {}
RESULT: {}
COMMAND: POST /session/002b4557d3b25b0ebc7c1bd3299400cc/element - {"using":"xpath","value":"//input[@id=\"application-managecontracts-display-component---AddNewContract--site-inner\"]"}
RESULT: {"using":"xpath","value":"//input[@id=\"application-managecontracts-display-component---AddNewContract--site-inner\"]"}
COMMAND: POST /session/002b4557d3b25b0ebc7c1bd3299400cc/element/f.45ECA80FF6798927299FAFCC4E9F50E2.d.BBEFC4D72D3831A82DAC8DFE21A4EB39.e.2706/clear - {}
RESULT: {}
COMMAND: POST /session/002b4557d3b25b0ebc7c1bd3299400cc/element/f.45ECA80FF6798927299FAFCC4E9F50E2.d.BBEFC4D72D3831A82DAC8DFE21A4EB39.e.2706/value - {"text":"Webdriversite"}
COMMAND: GET /session/002b4557d3b25b0ebc7c1bd3299400cc/screenshot - {}
RESULT: {"text":"Webdriversite"}
COMMAND: GET /session/002b4557d3b25b0ebc7c1bd3299400cc/screenshot - {}
RESULT: {}
RESULT: {}
COMMAND: POST /session/002b4557d3b25b0ebc7c1bd3299400cc/actions - {"actions":[{"id":"action19","type":"key","parameters":{},"actions":[{"type":"keyDown","value":""},{"type":"pause","duration":10},{"type":"keyUp","value":""}]}]}
RESULT: {"actions":[{"id":"action19","type":"key","parameters":{},"actions":[{"type":"keyDown","value":""},{"type":"pause","duration":10},{"type":"keyUp","value":""}]}]}
COMMAND: GET /session/002b4557d3b25b0ebc7c1bd3299400cc/screenshot - {}
RESULT: {}
COMMAND: POST /session/002b4557d3b25b0ebc7c1bd3299400cc/element - {"using":"xpath","value":"//button[@data-kt=\"saveButton\"]"}
RESULT: {"using":"xpath","value":"//button[@data-kt=\"saveButton\"]"}
COMMAND: POST /session/002b4557d3b25b0ebc7c1bd3299400cc/element/f.45ECA80FF6798927299FAFCC4E9F50E2.d.BBEFC4D72D3831A82DAC8DFE21A4EB39.e.2779/click - {}
RESULT: {}
COMMAND: GET /session/002b4557d3b25b0ebc7c1bd3299400cc/screenshot - {}
RESULT: {}
COMMAND: POST /session/002b4557d3b25b0ebc7c1bd3299400cc/execute/async - {"script":"<script> [1562 bytes]","args":[{"selector":{"id":"contractDetailTitleNoExpanded","viewName":"etm.portal.ui.managecontracts.view.Detail"},"wdio_ui5_key":"contractDetailTitleNoExpandedetmportal.ui.managecontracts.view.Detail"}]}
RESULT: {"script":"<script> [1562 bytes]","args":[{"selector":{"id":"contractDetailTitleNoExpanded","viewName":"etm.portal.ui.managecontracts.view.Detail"},"wdio_ui5_key":"contractDetailTitleNoExpandedetmportal.ui.managecontracts.view.Detail"}]}
RESULT: undefined
COMMAND: POST /session/002b4557d3b25b0ebc7c1bd3299400cc/execute/async - {"script":"<script> [6424 bytes]","args":[{"element-6066-11e4-a52e-4f735466cecf":"f.45ECA80FF6798927299FAFCC4E9F50E2.d.BBEFC4D72D3831A82DAC8DFE21A4EB39.e.2865"},"getText",[]]}
RESULT: {"script":"<script> [6424 bytes]","args":[{"element-6066-11e4-a52e-4f735466cecf":"f.45ECA80FF6798927299FAFCC4E9F50E2.d.BBEFC4D72D3831A82DAC8DFE21A4EB39.e.2865"},"getText",[]]}
COMMAND: POST /session/002b4557d3b25b0ebc7c1bd3299400cc/element - {"using":"css selector","value":"#shell-header-logo"}
RESULT: {"using":"css selector","value":"#shell-header-logo"}
COMMAND: POST /session/002b4557d3b25b0ebc7c1bd3299400cc/element/f.45ECA80FF6798927299FAFCC4E9F50E2.d.BBEFC4D72D3831A82DAC8DFE21A4EB39.e.2395/click - {}
RESULT: {}
COMMAND: GET /session/002b4557d3b25b0ebc7c1bd3299400cc/screenshot - {}
RESULT: {}
]]></system-out>
    </testcase>
    <testcase classname="chrome.136_0_7103_93.windows.Verify_RU_inventory_split_cost_information_US139363" name="Should create a new equipment" time="122.617">
      <system-out><![CDATA[
COMMAND: POST /session/002b4557d3b25b0ebc7c1bd3299400cc/execute/async - {"script":"<script> [1562 bytes]","args":[{"selector":{"controlType":"sap.m.GenericTile","properties":{"header":"Manage Resources"}},"wdio_ui5_key":"sapm.GenericTile{\"header\":\"Manage Resources\"}"}]}
RESULT: {"script":"<script> [1562 bytes]","args":[{"selector":{"controlType":"sap.m.GenericTile","properties":{"header":"Manage Resources"}},"wdio_ui5_key":"sapm.GenericTile{\"header\":\"Manage Resources\"}"}]}
RESULT: undefined
COMMAND: POST /session/002b4557d3b25b0ebc7c1bd3299400cc/element - {"using":"xpath","value":"//*[@id=\"__tile39\"]"}
RESULT: {"using":"xpath","value":"//*[@id=\"__tile39\"]"}
COMMAND: POST /session/002b4557d3b25b0ebc7c1bd3299400cc/element/f.45ECA80FF6798927299FAFCC4E9F50E2.d.BBEFC4D72D3831A82DAC8DFE21A4EB39.e.2868/click - {}
RESULT: {}
COMMAND: GET /session/002b4557d3b25b0ebc7c1bd3299400cc/screenshot - {}
RESULT: {}
COMMAND: POST /session/002b4557d3b25b0ebc7c1bd3299400cc/elements - {"using":"xpath","value":"//span[text()='Error']"}
RESULT: {"using":"xpath","value":"//span[text()='Error']"}
COMMAND: POST /session/002b4557d3b25b0ebc7c1bd3299400cc/element - {"using":"xpath","value":"//button[@data-kt=\"addNewRUOverflowToolbarButton\"]"}
RESULT: {"using":"xpath","value":"//button[@data-kt=\"addNewRUOverflowToolbarButton\"]"}
COMMAND: POST /session/002b4557d3b25b0ebc7c1bd3299400cc/execute/sync - {"script":"<script> [8489 bytes]","args":[{"element-6066-11e4-a52e-4f735466cecf":"f.45ECA80FF6798927299FAFCC4E9F50E2.d.BBEFC4D72D3831A82DAC8DFE21A4EB39.e.2910","ELEMENT":"f.45ECA80FF6798927299FAFCC4E9F50E2.d.BBEFC4D72D3831A82DAC8DFE21A4EB39.e.2910"}]}
RESULT: {"script":"<script> [8489 bytes]","args":[{"element-6066-11e4-a52e-4f735466cecf":"f.45ECA80FF6798927299FAFCC4E9F50E2.d.BBEFC4D72D3831A82DAC8DFE21A4EB39.e.2910","ELEMENT":"f.45ECA80FF6798927299FAFCC4E9F50E2.d.BBEFC4D72D3831A82DAC8DFE21A4EB39.e.2910"}]}
COMMAND: POST /session/002b4557d3b25b0ebc7c1bd3299400cc/element/f.45ECA80FF6798927299FAFCC4E9F50E2.d.BBEFC4D72D3831A82DAC8DFE21A4EB39.e.2910/click - {}
COMMAND: GET /session/002b4557d3b25b0ebc7c1bd3299400cc/screenshot - {}
RESULT: {}
COMMAND: GET /session/002b4557d3b25b0ebc7c1bd3299400cc/screenshot - {}
RESULT: {}
RESULT: {}
COMMAND: POST /session/002b4557d3b25b0ebc7c1bd3299400cc/execute/async - {"script":"<script> [1562 bytes]","args":[{"selector":{"id":"application-manageresources-display-component---newResourceUnit--TYPE-arrow"},"wdio_ui5_key":"applicationmanageresources-display-component---newResourceUnit--TYPE-arrow"}]}
RESULT: {"script":"<script> [1562 bytes]","args":[{"selector":{"id":"application-manageresources-display-component---newResourceUnit--TYPE-arrow"},"wdio_ui5_key":"applicationmanageresources-display-component---newResourceUnit--TYPE-arrow"}]}
RESULT: undefined
COMMAND: POST /session/002b4557d3b25b0ebc7c1bd3299400cc/element - {"using":"xpath","value":"//*[@id=\"application-manageresources-display-component---newResourceUnit--TYPE-arrow\"]"}
RESULT: {"using":"xpath","value":"//*[@id=\"application-manageresources-display-component---newResourceUnit--TYPE-arrow\"]"}
COMMAND: POST /session/002b4557d3b25b0ebc7c1bd3299400cc/element/f.45ECA80FF6798927299FAFCC4E9F50E2.d.BBEFC4D72D3831A82DAC8DFE21A4EB39.e.3279/click - {}
RESULT: {}
COMMAND: POST /session/002b4557d3b25b0ebc7c1bd3299400cc/execute/async - {"script":"<script> [1562 bytes]","args":[{"selector":{"controlType":"sap.m.StandardListItem","viewName":"reusables.view.manageresources.NewResourceUnit","viewId":"application-manageresources-display-component---newResourceUnit","properties":{"title":"Equipment"},"searchOpenDialogs":true,"interaction":{"idSuffix":"content"}},"wdio_ui5_key":"reusablesview.manageresources.NewResourceUnitsap.m.StandardListItem{\"title\":\"Equipment\"}"}]}
COMMAND: GET /session/002b4557d3b25b0ebc7c1bd3299400cc/screenshot - {}
RESULT: {"script":"<script> [1562 bytes]","args":[{"selector":{"controlType":"sap.m.StandardListItem","viewName":"reusables.view.manageresources.NewResourceUnit","viewId":"application-manageresources-display-component---newResourceUnit","properties":{"title":"Equipment"},"searchOpenDialogs":true,"interaction":{"idSuffix":"content"}},"wdio_ui5_key":"reusablesview.manageresources.NewResourceUnitsap.m.StandardListItem{\"title\":\"Equipment\"}"}]}
RESULT: undefined
COMMAND: POST /session/002b4557d3b25b0ebc7c1bd3299400cc/element - {"using":"xpath","value":"//*[@id=\"__item686\"]"}
RESULT: {}
RESULT: {"using":"xpath","value":"//*[@id=\"__item686\"]"}
COMMAND: POST /session/002b4557d3b25b0ebc7c1bd3299400cc/element/f.45ECA80FF6798927299FAFCC4E9F50E2.d.BBEFC4D72D3831A82DAC8DFE21A4EB39.e.3282/click - {}
RESULT: {}
COMMAND: POST /session/002b4557d3b25b0ebc7c1bd3299400cc/execute/async - {"script":"<script> [1562 bytes]","args":[{"selector":{"id":"application-manageresources-display-component---newResourceUnit--resourceId","interaction":{"idSuffix":"inner"}},"wdio_ui5_key":"applicationmanageresources-display-component---newResourceUnit--resourceId"}]}
COMMAND: GET /session/002b4557d3b25b0ebc7c1bd3299400cc/screenshot - {}
RESULT: {"script":"<script> [1562 bytes]","args":[{"selector":{"id":"application-manageresources-display-component---newResourceUnit--resourceId","interaction":{"idSuffix":"inner"}},"wdio_ui5_key":"applicationmanageresources-display-component---newResourceUnit--resourceId"}]}
RESULT: undefined
COMMAND: POST /session/002b4557d3b25b0ebc7c1bd3299400cc/execute/async - {"script":"<script> [776 bytes]","args":[{"enterText":"WdIOR2cEquip327uv","selector":{"id":"application-manageresources-display-component---newResourceUnit--resourceId","interaction":{"idSuffix":"inner"}},"clearTextFirst":true,"interactionType":"ENTER_TEXT"}]}
RESULT: {}
RESULT: {"script":"<script> [776 bytes]","args":[{"enterText":"WdIOR2cEquip327uv","selector":{"id":"application-manageresources-display-component---newResourceUnit--resourceId","interaction":{"idSuffix":"inner"}},"clearTextFirst":true,"interactionType":"ENTER_TEXT"}]}
COMMAND: POST /session/002b4557d3b25b0ebc7c1bd3299400cc/execute/async - {"script":"<script> [1562 bytes]","args":[{"selector":{"id":"application-manageresources-display-component---newResourceUnit--SHORT_TEXT","interaction":{"idSuffix":"inner"}},"wdio_ui5_key":"applicationmanageresources-display-component---newResourceUnit--SHORT_TEXT"}]}
RESULT: {"script":"<script> [1562 bytes]","args":[{"selector":{"id":"application-manageresources-display-component---newResourceUnit--SHORT_TEXT","interaction":{"idSuffix":"inner"}},"wdio_ui5_key":"applicationmanageresources-display-component---newResourceUnit--SHORT_TEXT"}]}
RESULT: undefined
COMMAND: POST /session/002b4557d3b25b0ebc7c1bd3299400cc/execute/async - {"script":"<script> [776 bytes]","args":[{"enterText":"WdIOR2cEquip327uv","selector":{"id":"application-manageresources-display-component---newResourceUnit--SHORT_TEXT","interaction":{"idSuffix":"inner"}},"clearTextFirst":true,"interactionType":"ENTER_TEXT"}]}
RESULT: {"script":"<script> [776 bytes]","args":[{"enterText":"WdIOR2cEquip327uv","selector":{"id":"application-manageresources-display-component---newResourceUnit--SHORT_TEXT","interaction":{"idSuffix":"inner"}},"clearTextFirst":true,"interactionType":"ENTER_TEXT"}]}
COMMAND: POST /session/002b4557d3b25b0ebc7c1bd3299400cc/execute/async - {"script":"<script> [1562 bytes]","args":[{"selector":{"id":"application-manageresources-display-component---newResourceUnit--BASE_UNIT_OF_MEASURE","interaction":{"idSuffix":"inner"}},"wdio_ui5_key":"applicationmanageresources-display-component---newResourceUnit--BASE_UNIT_OF_MEASURE"}]}
RESULT: {"script":"<script> [1562 bytes]","args":[{"selector":{"id":"application-manageresources-display-component---newResourceUnit--BASE_UNIT_OF_MEASURE","interaction":{"idSuffix":"inner"}},"wdio_ui5_key":"applicationmanageresources-display-component---newResourceUnit--BASE_UNIT_OF_MEASURE"}]}
RESULT: undefined
COMMAND: POST /session/002b4557d3b25b0ebc7c1bd3299400cc/execute/async - {"script":"<script> [776 bytes]","args":[{"enterText":"Piece","selector":{"id":"application-manageresources-display-component---newResourceUnit--BASE_UNIT_OF_MEASURE","interaction":{"idSuffix":"inner"}},"clearTextFirst":true,"interactionType":"ENTER_TEXT"}]}
RESULT: {"script":"<script> [776 bytes]","args":[{"enterText":"Piece","selector":{"id":"application-manageresources-display-component---newResourceUnit--BASE_UNIT_OF_MEASURE","interaction":{"idSuffix":"inner"}},"clearTextFirst":true,"interactionType":"ENTER_TEXT"}]}
COMMAND: POST /session/002b4557d3b25b0ebc7c1bd3299400cc/execute/async - {"script":"<script> [1562 bytes]","args":[{"selector":{"id":"application-manageresources-display-component---newResourceUnit--WEIGHT_UNIT","interaction":{"idSuffix":"inner"}},"wdio_ui5_key":"applicationmanageresources-display-component---newResourceUnit--WEIGHT_UNIT"}]}
RESULT: {"script":"<script> [1562 bytes]","args":[{"selector":{"id":"application-manageresources-display-component---newResourceUnit--WEIGHT_UNIT","interaction":{"idSuffix":"inner"}},"wdio_ui5_key":"applicationmanageresources-display-component---newResourceUnit--WEIGHT_UNIT"}]}
RESULT: undefined
COMMAND: POST /session/002b4557d3b25b0ebc7c1bd3299400cc/execute/async - {"script":"<script> [776 bytes]","args":[{"enterText":"Gram","selector":{"id":"application-manageresources-display-component---newResourceUnit--WEIGHT_UNIT","interaction":{"idSuffix":"inner"}},"clearTextFirst":true,"interactionType":"ENTER_TEXT"}]}
RESULT: {"script":"<script> [776 bytes]","args":[{"enterText":"Gram","selector":{"id":"application-manageresources-display-component---newResourceUnit--WEIGHT_UNIT","interaction":{"idSuffix":"inner"}},"clearTextFirst":true,"interactionType":"ENTER_TEXT"}]}
COMMAND: POST /session/002b4557d3b25b0ebc7c1bd3299400cc/execute/async - {"script":"<script> [1562 bytes]","args":[{"selector":{"id":"application-manageresources-display-component---newResourceUnit--newRRUPage-OPHeaderContent-collapseBtn-img"},"wdio_ui5_key":"applicationmanageresources-display-component---newResourceUnit--newRRUPage-OPHeaderContent-collapseBtn-img"}]}
RESULT: {"script":"<script> [1562 bytes]","args":[{"selector":{"id":"application-manageresources-display-component---newResourceUnit--newRRUPage-OPHeaderContent-collapseBtn-img"},"wdio_ui5_key":"applicationmanageresources-display-component---newResourceUnit--newRRUPage-OPHeaderContent-collapseBtn-img"}]}
RESULT: undefined
COMMAND: POST /session/002b4557d3b25b0ebc7c1bd3299400cc/element - {"using":"xpath","value":"//*[@id=\"application-manageresources-display-component---newResourceUnit--newRRUPage-OPHeaderContent-collapseBtn-img\"]"}
RESULT: {"using":"xpath","value":"//*[@id=\"application-manageresources-display-component---newResourceUnit--newRRUPage-OPHeaderContent-collapseBtn-img\"]"}
COMMAND: POST /session/002b4557d3b25b0ebc7c1bd3299400cc/element/f.45ECA80FF6798927299FAFCC4E9F50E2.d.BBEFC4D72D3831A82DAC8DFE21A4EB39.e.3290/click - {}
RESULT: {}
COMMAND: GET /session/002b4557d3b25b0ebc7c1bd3299400cc/screenshot - {}
RESULT: {}
COMMAND: POST /session/002b4557d3b25b0ebc7c1bd3299400cc/element - {"using":"xpath","value":"(//span[contains(@id ,\"application-manageresources-display-component---newResourceUnit--DIMENSION_UNIT-arrow\")])[1]"}
RESULT: {"using":"xpath","value":"(//span[contains(@id ,\"application-manageresources-display-component---newResourceUnit--DIMENSION_UNIT-arrow\")])[1]"}
COMMAND: POST /session/002b4557d3b25b0ebc7c1bd3299400cc/element/f.45ECA80FF6798927299FAFCC4E9F50E2.d.BBEFC4D72D3831A82DAC8DFE21A4EB39.e.3438/click - {}
RESULT: {}
COMMAND: GET /session/002b4557d3b25b0ebc7c1bd3299400cc/screenshot - {}
RESULT: {}
COMMAND: POST /session/002b4557d3b25b0ebc7c1bd3299400cc/execute/async - {"script":"<script> [1562 bytes]","args":[{"selector":{"controlType":"sap.m.StandardListItem","viewName":"reusables.view.manageresources.NewResourceUnit","viewId":"application-manageresources-display-component---newResourceUnit","properties":{"title":"Centimeter"},"searchOpenDialogs":true,"interaction":{"idSuffix":"titleText"}},"wdio_ui5_key":"reusablesview.manageresources.NewResourceUnitsap.m.StandardListItem{\"title\":\"Centimeter\"}"}]}
RESULT: {"script":"<script> [1562 bytes]","args":[{"selector":{"controlType":"sap.m.StandardListItem","viewName":"reusables.view.manageresources.NewResourceUnit","viewId":"application-manageresources-display-component---newResourceUnit","properties":{"title":"Centimeter"},"searchOpenDialogs":true,"interaction":{"idSuffix":"titleText"}},"wdio_ui5_key":"reusablesview.manageresources.NewResourceUnitsap.m.StandardListItem{\"title\":\"Centimeter\"}"}]}
RESULT: undefined
COMMAND: POST /session/002b4557d3b25b0ebc7c1bd3299400cc/element - {"using":"xpath","value":"//*[@id=\"__item746\"]"}
RESULT: {"using":"xpath","value":"//*[@id=\"__item746\"]"}
COMMAND: POST /session/002b4557d3b25b0ebc7c1bd3299400cc/element/f.45ECA80FF6798927299FAFCC4E9F50E2.d.BBEFC4D72D3831A82DAC8DFE21A4EB39.e.3442/click - {}
RESULT: {}
COMMAND: GET /session/002b4557d3b25b0ebc7c1bd3299400cc/screenshot - {}
RESULT: {}
COMMAND: POST /session/002b4557d3b25b0ebc7c1bd3299400cc/execute/async - {"script":"<script> [1562 bytes]","args":[{"selector":{"id":"application-manageresources-display-component---newResourceUnit--newRRUPage-anchBar-application-manageresources-display-component---newResourceUnit--control-anchor","interaction":{"idSuffix":"BDI-content"}},"wdio_ui5_key":"applicationmanageresources-display-component---newResourceUnit--newRRUPage-anchBar-application-manageresources-display-component---newResourceUnit--control-anchor"}]}
RESULT: {"script":"<script> [1562 bytes]","args":[{"selector":{"id":"application-manageresources-display-component---newResourceUnit--newRRUPage-anchBar-application-manageresources-display-component---newResourceUnit--control-anchor","interaction":{"idSuffix":"BDI-content"}},"wdio_ui5_key":"applicationmanageresources-display-component---newResourceUnit--newRRUPage-anchBar-application-manageresources-display-component---newResourceUnit--control-anchor"}]}
RESULT: undefined
COMMAND: POST /session/002b4557d3b25b0ebc7c1bd3299400cc/element - {"using":"xpath","value":"//*[@id=\"application-manageresources-display-component---newResourceUnit--newRRUPage-anchBar-application-manageresources-display-component---newResourceUnit--control-anchor\"]"}
RESULT: {"using":"xpath","value":"//*[@id=\"application-manageresources-display-component---newResourceUnit--newRRUPage-anchBar-application-manageresources-display-component---newResourceUnit--control-anchor\"]"}
COMMAND: POST /session/002b4557d3b25b0ebc7c1bd3299400cc/element/f.45ECA80FF6798927299FAFCC4E9F50E2.d.BBEFC4D72D3831A82DAC8DFE21A4EB39.e.3444/click - {}
RESULT: {}
COMMAND: POST /session/002b4557d3b25b0ebc7c1bd3299400cc/execute/async - {"script":"<script> [1562 bytes]","args":[{"selector":{"id":"application-manageresources-display-component---newResourceUnit--PLANNING_GROUP","interaction":{"idSuffix":"inner"}},"wdio_ui5_key":"applicationmanageresources-display-component---newResourceUnit--PLANNING_GROUP"}]}
COMMAND: GET /session/002b4557d3b25b0ebc7c1bd3299400cc/screenshot - {}
RESULT: {"script":"<script> [1562 bytes]","args":[{"selector":{"id":"application-manageresources-display-component---newResourceUnit--PLANNING_GROUP","interaction":{"idSuffix":"inner"}},"wdio_ui5_key":"applicationmanageresources-display-component---newResourceUnit--PLANNING_GROUP"}]}
RESULT: undefined
COMMAND: POST /session/002b4557d3b25b0ebc7c1bd3299400cc/execute/async - {"script":"<script> [776 bytes]","args":[{"enterText":"Heavy Equi","selector":{"id":"application-manageresources-display-component---newResourceUnit--PLANNING_GROUP","interaction":{"idSuffix":"inner"}},"clearTextFirst":true,"interactionType":"ENTER_TEXT"}]}
RESULT: {}
RESULT: {"script":"<script> [776 bytes]","args":[{"enterText":"Heavy Equi","selector":{"id":"application-manageresources-display-component---newResourceUnit--PLANNING_GROUP","interaction":{"idSuffix":"inner"}},"clearTextFirst":true,"interactionType":"ENTER_TEXT"}]}
COMMAND: POST /session/002b4557d3b25b0ebc7c1bd3299400cc/execute/async - {"script":"<script> [1562 bytes]","args":[{"selector":{"id":"application-manageresources-display-component---newResourceUnit--ITEM_TYPE-arrow"},"wdio_ui5_key":"applicationmanageresources-display-component---newResourceUnit--ITEM_TYPE-arrow"}]}
RESULT: {"script":"<script> [1562 bytes]","args":[{"selector":{"id":"application-manageresources-display-component---newResourceUnit--ITEM_TYPE-arrow"},"wdio_ui5_key":"applicationmanageresources-display-component---newResourceUnit--ITEM_TYPE-arrow"}]}
RESULT: undefined
COMMAND: POST /session/002b4557d3b25b0ebc7c1bd3299400cc/element - {"using":"xpath","value":"//*[@id=\"application-manageresources-display-component---newResourceUnit--ITEM_TYPE-arrow\"]"}
RESULT: {"using":"xpath","value":"//*[@id=\"application-manageresources-display-component---newResourceUnit--ITEM_TYPE-arrow\"]"}
COMMAND: POST /session/002b4557d3b25b0ebc7c1bd3299400cc/element/f.45ECA80FF6798927299FAFCC4E9F50E2.d.BBEFC4D72D3831A82DAC8DFE21A4EB39.e.3449/click - {}
RESULT: {}
COMMAND: POST /session/002b4557d3b25b0ebc7c1bd3299400cc/execute/async - {"script":"<script> [1562 bytes]","args":[{"selector":{"controlType":"sap.m.StandardListItem","viewName":"reusables.view.manageresources.NewResourceUnit","viewId":"application-manageresources-display-component---newResourceUnit","properties":{"title":"Resource Unit"},"searchOpenDialogs":true,"interaction":{"idSuffix":"titleText"}},"wdio_ui5_key":"reusablesview.manageresources.NewResourceUnitsap.m.StandardListItem{\"title\":\"Resource Unit\"}"}]}
COMMAND: GET /session/002b4557d3b25b0ebc7c1bd3299400cc/screenshot - {}
RESULT: {"script":"<script> [1562 bytes]","args":[{"selector":{"controlType":"sap.m.StandardListItem","viewName":"reusables.view.manageresources.NewResourceUnit","viewId":"application-manageresources-display-component---newResourceUnit","properties":{"title":"Resource Unit"},"searchOpenDialogs":true,"interaction":{"idSuffix":"titleText"}},"wdio_ui5_key":"reusablesview.manageresources.NewResourceUnitsap.m.StandardListItem{\"title\":\"Resource Unit\"}"}]}
RESULT: undefined
COMMAND: POST /session/002b4557d3b25b0ebc7c1bd3299400cc/element - {"using":"xpath","value":"//*[@id=\"__item768\"]"}
RESULT: {}
RESULT: {"using":"xpath","value":"//*[@id=\"__item768\"]"}
COMMAND: POST /session/002b4557d3b25b0ebc7c1bd3299400cc/element/f.45ECA80FF6798927299FAFCC4E9F50E2.d.BBEFC4D72D3831A82DAC8DFE21A4EB39.e.3451/click - {}
RESULT: {}
COMMAND: POST /session/002b4557d3b25b0ebc7c1bd3299400cc/element - {"using":"xpath","value":"//bdi[contains(text(), \"Time Segment\")]"}
COMMAND: GET /session/002b4557d3b25b0ebc7c1bd3299400cc/screenshot - {}
RESULT: {"using":"xpath","value":"//bdi[contains(text(), \"Time Segment\")]"}
COMMAND: GET /session/002b4557d3b25b0ebc7c1bd3299400cc/element/f.45ECA80FF6798927299FAFCC4E9F50E2.d.BBEFC4D72D3831A82DAC8DFE21A4EB39.e.3458/rect - {}
RESULT: {}
RESULT: {}
COMMAND: GET /session/002b4557d3b25b0ebc7c1bd3299400cc/window/rect - {}
RESULT: {}
COMMAND: POST /session/002b4557d3b25b0ebc7c1bd3299400cc/execute/sync - {"script":"<script> [92 bytes]","args":[]}
RESULT: {"script":"<script> [92 bytes]","args":[]}
COMMAND: POST /session/002b4557d3b25b0ebc7c1bd3299400cc/actions - {"actions":[{"id":"action20","type":"wheel","parameters":{},"actions":[{"type":"scroll","x":-1820,"y":-21,"deltaX":0,"deltaY":0,"duration":0,"origin":{"element-6066-11e4-a52e-4f735466cecf":"f.45ECA80FF6798927299FAFCC4E9F50E2.d.BBEFC4D72D3831A82DAC8DFE21A4EB39.e.3458"}}]}]}
COMMAND: GET /session/002b4557d3b25b0ebc7c1bd3299400cc/screenshot - {}
RESULT: {}
COMMAND: POST /session/002b4557d3b25b0ebc7c1bd3299400cc/execute/sync - {"script":"<script> [79 bytes]","args":[{"element-6066-11e4-a52e-4f735466cecf":"f.45ECA80FF6798927299FAFCC4E9F50E2.d.BBEFC4D72D3831A82DAC8DFE21A4EB39.e.3458","ELEMENT":"f.45ECA80FF6798927299FAFCC4E9F50E2.d.BBEFC4D72D3831A82DAC8DFE21A4EB39.e.3458"},{"block":"start","inline":"nearest"}]}
RESULT: {"script":"<script> [79 bytes]","args":[{"element-6066-11e4-a52e-4f735466cecf":"f.45ECA80FF6798927299FAFCC4E9F50E2.d.BBEFC4D72D3831A82DAC8DFE21A4EB39.e.3458","ELEMENT":"f.45ECA80FF6798927299FAFCC4E9F50E2.d.BBEFC4D72D3831A82DAC8DFE21A4EB39.e.3458"},{"block":"start","inline":"nearest"}]}
COMMAND: POST /session/002b4557d3b25b0ebc7c1bd3299400cc/execute/async - {"script":"<script> [1562 bytes]","args":[{"selector":{"id":"application-manageresources-display-component---newResourceUnit--btnAddTimeSegment-img"},"wdio_ui5_key":"applicationmanageresources-display-component---newResourceUnit--btnAddTimeSegment-img"}]}
COMMAND: GET /session/002b4557d3b25b0ebc7c1bd3299400cc/screenshot - {}
RESULT: {"script":"<script> [1562 bytes]","args":[{"selector":{"id":"application-manageresources-display-component---newResourceUnit--btnAddTimeSegment-img"},"wdio_ui5_key":"applicationmanageresources-display-component---newResourceUnit--btnAddTimeSegment-img"}]}
RESULT: undefined
COMMAND: POST /session/002b4557d3b25b0ebc7c1bd3299400cc/element - {"using":"xpath","value":"//*[@id=\"application-manageresources-display-component---newResourceUnit--btnAddTimeSegment-img\"]"}
RESULT: {}
RESULT: {"using":"xpath","value":"//*[@id=\"application-manageresources-display-component---newResourceUnit--btnAddTimeSegment-img\"]"}
COMMAND: POST /session/002b4557d3b25b0ebc7c1bd3299400cc/element/f.45ECA80FF6798927299FAFCC4E9F50E2.d.BBEFC4D72D3831A82DAC8DFE21A4EB39.e.3459/click - {}
RESULT: {}
COMMAND: GET /session/002b4557d3b25b0ebc7c1bd3299400cc/screenshot - {}
RESULT: {}
COMMAND: POST /session/002b4557d3b25b0ebc7c1bd3299400cc/element - {"using":"xpath","value":"//input[@id=\"application-manageresources-display-component---newResourceUnit--idRuTSAdmin-application-manageresources-display-component---newResourceUnit--RUTimeSegment-0-inner\"]"}
RESULT: {"using":"xpath","value":"//input[@id=\"application-manageresources-display-component---newResourceUnit--idRuTSAdmin-application-manageresources-display-component---newResourceUnit--RUTimeSegment-0-inner\"]"}
COMMAND: POST /session/002b4557d3b25b0ebc7c1bd3299400cc/element/f.45ECA80FF6798927299FAFCC4E9F50E2.d.BBEFC4D72D3831A82DAC8DFE21A4EB39.e.3465/clear - {}
RESULT: {}
COMMAND: POST /session/002b4557d3b25b0ebc7c1bd3299400cc/element/f.45ECA80FF6798927299FAFCC4E9F50E2.d.BBEFC4D72D3831A82DAC8DFE21A4EB39.e.3465/value - {"text":"webdriveryard"}
COMMAND: GET /session/002b4557d3b25b0ebc7c1bd3299400cc/screenshot - {}
RESULT: {"text":"webdriveryard"}
COMMAND: GET /session/002b4557d3b25b0ebc7c1bd3299400cc/screenshot - {}
RESULT: {}
RESULT: {}
COMMAND: POST /session/002b4557d3b25b0ebc7c1bd3299400cc/actions - {"actions":[{"id":"action21","type":"key","parameters":{},"actions":[{"type":"keyDown","value":""},{"type":"pause","duration":10},{"type":"keyUp","value":""}]}]}
RESULT: {"actions":[{"id":"action21","type":"key","parameters":{},"actions":[{"type":"keyDown","value":""},{"type":"pause","duration":10},{"type":"keyUp","value":""}]}]}
COMMAND: POST /session/002b4557d3b25b0ebc7c1bd3299400cc/execute/async - {"script":"<script> [1562 bytes]","args":[{"selector":{"controlType":"sap.ui.core.Icon","viewName":"reusables.view.manageresources.NewResourceUnit","viewId":"application-manageresources-display-component---newResourceUnit","properties":{"src":{"regex":{"source":"slim\\-arrow\\-down"}}},"ancestor":{"controlType":"sap.m.ComboBox","viewName":"reusables.view.manageresources.NewResourceUnit","viewId":"application-manageresources-display-component---newResourceUnit","bindingPath":{"path":"/RESOURCE_UNIT_TIME_SEQUENCES/0","propertyPath":"COST_OBJECT_ADMIN_CST_TYPE","modelName":"oNewRruModel"}}},"wdio_ui5_key":"reusablesview.manageresources.NewResourceUnitsap.ui.core.Icon{\"src\":{\"regex\":{\"source\":\"slim\\\\-arrow\\\\-down\"}}}{\"controlType\":\"sap.m.ComboBox\",\"viewName\":\"reusables.view.manageresources.NewResourceUnit\",\"viewId\":\"application-manageresources-display-component---newResourceUnit\",\"bindingPath\":{\"path\":\"/RESOURCE_UNIT_TIME_SEQUENCES/0\",\"propertyPath\":\"COST_OBJECT_ADMIN_CST_TYPE\",\"modelName\":\"oNewRruModel\"}}"}]}
COMMAND: GET /session/002b4557d3b25b0ebc7c1bd3299400cc/screenshot - {}
RESULT: {"script":"<script> [1562 bytes]","args":[{"selector":{"controlType":"sap.ui.core.Icon","viewName":"reusables.view.manageresources.NewResourceUnit","viewId":"application-manageresources-display-component---newResourceUnit","properties":{"src":{"regex":{"source":"slim\\-arrow\\-down"}}},"ancestor":{"controlType":"sap.m.ComboBox","viewName":"reusables.view.manageresources.NewResourceUnit","viewId":"application-manageresources-display-component---newResourceUnit","bindingPath":{"path":"/RESOURCE_UNIT_TIME_SEQUENCES/0","propertyPath":"COST_OBJECT_ADMIN_CST_TYPE","modelName":"oNewRruModel"}}},"wdio_ui5_key":"reusablesview.manageresources.NewResourceUnitsap.ui.core.Icon{\"src\":{\"regex\":{\"source\":\"slim\\\\-arrow\\\\-down\"}}}{\"controlType\":\"sap.m.ComboBox\",\"viewName\":\"reusables.view.manageresources.NewResourceUnit\",\"viewId\":\"application-manageresources-display-component---newResourceUnit\",\"bindingPath\":{\"path\":\"/RESOURCE_UNIT_TIME_SEQUENCES/0\",\"propertyPath\":\"COST_OBJECT_ADMIN_CST_TYPE\",\"modelName\":\"oNewRruModel\"}}"}]}
RESULT: undefined
COMMAND: POST /session/002b4557d3b25b0ebc7c1bd3299400cc/element - {"using":"xpath","value":"//*[@id=\"__box16-application-manageresources-display-component---newResourceUnit--RUTimeSegment-0-arrow\"]"}
RESULT: {}
RESULT: {"using":"xpath","value":"//*[@id=\"__box16-application-manageresources-display-component---newResourceUnit--RUTimeSegment-0-arrow\"]"}
COMMAND: POST /session/002b4557d3b25b0ebc7c1bd3299400cc/element/f.45ECA80FF6798927299FAFCC4E9F50E2.d.BBEFC4D72D3831A82DAC8DFE21A4EB39.e.3479/click - {}
RESULT: {}
COMMAND: POST /session/002b4557d3b25b0ebc7c1bd3299400cc/execute/async - {"script":"<script> [1562 bytes]","args":[{"selector":{"controlType":"sap.m.StandardListItem","viewName":"reusables.view.manageresources.NewResourceUnit","viewId":"application-manageresources-display-component---newResourceUnit","properties":{"title":"PM Order"},"searchOpenDialogs":true,"interaction":{"idSuffix":"titleText"}},"wdio_ui5_key":"reusablesview.manageresources.NewResourceUnitsap.m.StandardListItem{\"title\":\"PM Order\"}"}]}
COMMAND: GET /session/002b4557d3b25b0ebc7c1bd3299400cc/screenshot - {}
RESULT: {"script":"<script> [1562 bytes]","args":[{"selector":{"controlType":"sap.m.StandardListItem","viewName":"reusables.view.manageresources.NewResourceUnit","viewId":"application-manageresources-display-component---newResourceUnit","properties":{"title":"PM Order"},"searchOpenDialogs":true,"interaction":{"idSuffix":"titleText"}},"wdio_ui5_key":"reusablesview.manageresources.NewResourceUnitsap.m.StandardListItem{\"title\":\"PM Order\"}"}]}
RESULT: undefined
COMMAND: POST /session/002b4557d3b25b0ebc7c1bd3299400cc/element - {"using":"xpath","value":"//*[@id=\"__item902\"]"}
RESULT: {}
RESULT: {"using":"xpath","value":"//*[@id=\"__item902\"]"}
COMMAND: POST /session/002b4557d3b25b0ebc7c1bd3299400cc/element/f.45ECA80FF6798927299FAFCC4E9F50E2.d.BBEFC4D72D3831A82DAC8DFE21A4EB39.e.3483/click - {}
RESULT: {}
COMMAND: GET /session/002b4557d3b25b0ebc7c1bd3299400cc/screenshot - {}
RESULT: {}
COMMAND: POST /session/002b4557d3b25b0ebc7c1bd3299400cc/element - {"using":"xpath","value":"(//input[contains(@id ,\"-application-manageresources-display-component---newResourceUnit--RUTimeSegment-0-inner\")])[8]"}
RESULT: {"using":"xpath","value":"(//input[contains(@id ,\"-application-manageresources-display-component---newResourceUnit--RUTimeSegment-0-inner\")])[8]"}
COMMAND: POST /session/002b4557d3b25b0ebc7c1bd3299400cc/element/f.45ECA80FF6798927299FAFCC4E9F50E2.d.BBEFC4D72D3831A82DAC8DFE21A4EB39.e.3486/clear - {}
RESULT: {}
COMMAND: POST /session/002b4557d3b25b0ebc7c1bd3299400cc/element/f.45ECA80FF6798927299FAFCC4E9F50E2.d.BBEFC4D72D3831A82DAC8DFE21A4EB39.e.3486/value - {"text":"4000360"}
COMMAND: GET /session/002b4557d3b25b0ebc7c1bd3299400cc/screenshot - {}
RESULT: {"text":"4000360"}
COMMAND: GET /session/002b4557d3b25b0ebc7c1bd3299400cc/screenshot - {}
RESULT: {}
RESULT: {}
COMMAND: POST /session/002b4557d3b25b0ebc7c1bd3299400cc/actions - {"actions":[{"id":"action22","type":"key","parameters":{},"actions":[{"type":"keyDown","value":""},{"type":"pause","duration":10},{"type":"keyUp","value":""}]}]}
RESULT: {"actions":[{"id":"action22","type":"key","parameters":{},"actions":[{"type":"keyDown","value":""},{"type":"pause","duration":10},{"type":"keyUp","value":""}]}]}
COMMAND: GET /session/002b4557d3b25b0ebc7c1bd3299400cc/screenshot - {}
RESULT: {}
COMMAND: POST /session/002b4557d3b25b0ebc7c1bd3299400cc/element - {"using":"xpath","value":"//input[contains(@id ,\"application-manageresources-display-component---newResourceUnit--newTimeSegmentFromDatePicker-application-manageresources-display-component---newResourceUnit--RUTimeSegment-0-inner\")]"}
RESULT: {"using":"xpath","value":"//input[contains(@id ,\"application-manageresources-display-component---newResourceUnit--newTimeSegmentFromDatePicker-application-manageresources-display-component---newResourceUnit--RUTimeSegment-0-inner\")]"}
COMMAND: POST /session/002b4557d3b25b0ebc7c1bd3299400cc/element/f.45ECA80FF6798927299FAFCC4E9F50E2.d.BBEFC4D72D3831A82DAC8DFE21A4EB39.e.3472/clear - {}
RESULT: {}
COMMAND: POST /session/002b4557d3b25b0ebc7c1bd3299400cc/element/f.45ECA80FF6798927299FAFCC4E9F50E2.d.BBEFC4D72D3831A82DAC8DFE21A4EB39.e.3472/clear - {}
COMMAND: GET /session/002b4557d3b25b0ebc7c1bd3299400cc/screenshot - {}
RESULT: {}
COMMAND: POST /session/002b4557d3b25b0ebc7c1bd3299400cc/element/f.45ECA80FF6798927299FAFCC4E9F50E2.d.BBEFC4D72D3831A82DAC8DFE21A4EB39.e.3472/value - {"text":"06/23/24"}
COMMAND: GET /session/002b4557d3b25b0ebc7c1bd3299400cc/screenshot - {}
RESULT: {}
RESULT: {"text":"06/23/24"}
COMMAND: POST /session/002b4557d3b25b0ebc7c1bd3299400cc/execute/async - {"script":"<script> [1562 bytes]","args":[{"selector":{"id":"application-manageresources-display-component---newResourceUnit--newRRUPage-anchBar-application-manageresources-display-component---newResourceUnit--resource-anchor","interaction":{"idSuffix":"BDI-content"}},"wdio_ui5_key":"applicationmanageresources-display-component---newResourceUnit--newRRUPage-anchBar-application-manageresources-display-component---newResourceUnit--resource-anchor"}]}
COMMAND: GET /session/002b4557d3b25b0ebc7c1bd3299400cc/screenshot - {}
RESULT: {}
RESULT: {"script":"<script> [1562 bytes]","args":[{"selector":{"id":"application-manageresources-display-component---newResourceUnit--newRRUPage-anchBar-application-manageresources-display-component---newResourceUnit--resource-anchor","interaction":{"idSuffix":"BDI-content"}},"wdio_ui5_key":"applicationmanageresources-display-component---newResourceUnit--newRRUPage-anchBar-application-manageresources-display-component---newResourceUnit--resource-anchor"}]}
RESULT: undefined
COMMAND: POST /session/002b4557d3b25b0ebc7c1bd3299400cc/element - {"using":"xpath","value":"//*[@id=\"application-manageresources-display-component---newResourceUnit--newRRUPage-anchBar-application-manageresources-display-component---newResourceUnit--resource-anchor\"]"}
RESULT: {}
RESULT: {"using":"xpath","value":"//*[@id=\"application-manageresources-display-component---newResourceUnit--newRRUPage-anchBar-application-manageresources-display-component---newResourceUnit--resource-anchor\"]"}
COMMAND: POST /session/002b4557d3b25b0ebc7c1bd3299400cc/element/f.45ECA80FF6798927299FAFCC4E9F50E2.d.BBEFC4D72D3831A82DAC8DFE21A4EB39.e.3495/click - {}
RESULT: {}
COMMAND: POST /session/002b4557d3b25b0ebc7c1bd3299400cc/execute/async - {"script":"<script> [1562 bytes]","args":[{"selector":{"id":"application-manageresources-display-component---newResourceUnit--PLANNED_DELIVERY_DATE","interaction":{"idSuffix":"inner"}},"wdio_ui5_key":"applicationmanageresources-display-component---newResourceUnit--PLANNED_DELIVERY_DATE"}]}
COMMAND: GET /session/002b4557d3b25b0ebc7c1bd3299400cc/screenshot - {}
RESULT: {"script":"<script> [1562 bytes]","args":[{"selector":{"id":"application-manageresources-display-component---newResourceUnit--PLANNED_DELIVERY_DATE","interaction":{"idSuffix":"inner"}},"wdio_ui5_key":"applicationmanageresources-display-component---newResourceUnit--PLANNED_DELIVERY_DATE"}]}
RESULT: undefined
COMMAND: POST /session/002b4557d3b25b0ebc7c1bd3299400cc/execute/async - {"script":"<script> [6424 bytes]","args":[{"element-6066-11e4-a52e-4f735466cecf":"f.45ECA80FF6798927299FAFCC4E9F50E2.d.BBEFC4D72D3831A82DAC8DFE21A4EB39.e.3337"},"setValue",["06/23/24"]]}
RESULT: {}
RESULT: {"script":"<script> [6424 bytes]","args":[{"element-6066-11e4-a52e-4f735466cecf":"f.45ECA80FF6798927299FAFCC4E9F50E2.d.BBEFC4D72D3831A82DAC8DFE21A4EB39.e.3337"},"setValue",["06/23/24"]]}
COMMAND: POST /session/002b4557d3b25b0ebc7c1bd3299400cc/execute/async - {"script":"<script> [1562 bytes]","args":[{"selector":{"id":"application-manageresources-display-component---newResourceUnit--RETIRE_PLANNED_DATE","interaction":{"idSuffix":"inner"}},"wdio_ui5_key":"applicationmanageresources-display-component---newResourceUnit--RETIRE_PLANNED_DATE"}]}
RESULT: {"script":"<script> [1562 bytes]","args":[{"selector":{"id":"application-manageresources-display-component---newResourceUnit--RETIRE_PLANNED_DATE","interaction":{"idSuffix":"inner"}},"wdio_ui5_key":"applicationmanageresources-display-component---newResourceUnit--RETIRE_PLANNED_DATE"}]}
RESULT: undefined
COMMAND: POST /session/002b4557d3b25b0ebc7c1bd3299400cc/execute/async - {"script":"<script> [776 bytes]","args":[{"enterText":"3/14/29","selector":{"id":"application-manageresources-display-component---newResourceUnit--RETIRE_PLANNED_DATE","interaction":{"idSuffix":"inner"}},"clearTextFirst":true,"interactionType":"ENTER_TEXT"}]}
RESULT: {"script":"<script> [776 bytes]","args":[{"enterText":"3/14/29","selector":{"id":"application-manageresources-display-component---newResourceUnit--RETIRE_PLANNED_DATE","interaction":{"idSuffix":"inner"}},"clearTextFirst":true,"interactionType":"ENTER_TEXT"}]}
COMMAND: POST /session/002b4557d3b25b0ebc7c1bd3299400cc/execute/async - {"script":"<script> [1562 bytes]","args":[{"selector":{"controlType":"sap.m.Button","viewName":"reusables.view.manageresources.NewResourceUnit","viewId":"application-manageresources-display-component---newResourceUnit","i18NText":{"propertyName":"tooltip","key":"save"},"interaction":{"idSuffix":"BDI-content"}},"wdio_ui5_key":"reusablesview.manageresources.NewResourceUnitsap.m.Button{\"propertyName\":\"tooltip\",\"key\":\"save\"}"}]}
RESULT: {"script":"<script> [1562 bytes]","args":[{"selector":{"controlType":"sap.m.Button","viewName":"reusables.view.manageresources.NewResourceUnit","viewId":"application-manageresources-display-component---newResourceUnit","i18NText":{"propertyName":"tooltip","key":"save"},"interaction":{"idSuffix":"BDI-content"}},"wdio_ui5_key":"reusablesview.manageresources.NewResourceUnitsap.m.Button{\"propertyName\":\"tooltip\",\"key\":\"save\"}"}]}
RESULT: undefined
COMMAND: POST /session/002b4557d3b25b0ebc7c1bd3299400cc/element - {"using":"xpath","value":"//*[@id=\"application-manageresources-display-component---newResourceUnit--createRuButton\"]"}
RESULT: {"using":"xpath","value":"//*[@id=\"application-manageresources-display-component---newResourceUnit--createRuButton\"]"}
COMMAND: POST /session/002b4557d3b25b0ebc7c1bd3299400cc/element/f.45ECA80FF6798927299FAFCC4E9F50E2.d.BBEFC4D72D3831A82DAC8DFE21A4EB39.e.3296/click - {}
RESULT: {}
COMMAND: GET /session/002b4557d3b25b0ebc7c1bd3299400cc/screenshot - {}
RESULT: {}
COMMAND: POST /session/002b4557d3b25b0ebc7c1bd3299400cc/execute/async - {"script":"<script> [1562 bytes]","args":[{"selector":{"controlType":"sap.m.Button","properties":{"text":"Close"},"searchOpenDialogs":true,"interaction":{"idSuffix":"inner"}},"wdio_ui5_key":"sapm.Button{\"text\":\"Close\"}"}]}
RESULT: {"script":"<script> [1562 bytes]","args":[{"selector":{"controlType":"sap.m.Button","properties":{"text":"Close"},"searchOpenDialogs":true,"interaction":{"idSuffix":"inner"}},"wdio_ui5_key":"sapm.Button{\"text\":\"Close\"}"}]}
RESULT: undefined
COMMAND: POST /session/002b4557d3b25b0ebc7c1bd3299400cc/element - {"using":"xpath","value":"//*[@id=\"__mbox-btn-0\"]"}
RESULT: {"using":"xpath","value":"//*[@id=\"__mbox-btn-0\"]"}
COMMAND: POST /session/002b4557d3b25b0ebc7c1bd3299400cc/element/f.45ECA80FF6798927299FAFCC4E9F50E2.d.BBEFC4D72D3831A82DAC8DFE21A4EB39.e.3503/click - {}
RESULT: {}
COMMAND: GET /session/002b4557d3b25b0ebc7c1bd3299400cc/screenshot - {}
RESULT: {}
COMMAND: POST /session/002b4557d3b25b0ebc7c1bd3299400cc/execute/async - {"script":"<script> [1562 bytes]","args":[{"selector":{"controlType":"sap.m.Text","viewName":"etm.portal.ui.manageresources.view.Detail","viewId":"application-manageresources-display-component---detailRU","bindingPath":{"propertyPath":"ID","modelName":"catalogModel"}},"wdio_ui5_key":"etmportal.ui.manageresources.view.Detailsap.m.Text{\"propertyPath\":\"ID\",\"modelName\":\"catalogModel\"}"}]}
RESULT: {"script":"<script> [1562 bytes]","args":[{"selector":{"controlType":"sap.m.Text","viewName":"etm.portal.ui.manageresources.view.Detail","viewId":"application-manageresources-display-component---detailRU","bindingPath":{"propertyPath":"ID","modelName":"catalogModel"}},"wdio_ui5_key":"etmportal.ui.manageresources.view.Detailsap.m.Text{\"propertyPath\":\"ID\",\"modelName\":\"catalogModel\"}"}]}
RESULT: undefined
COMMAND: POST /session/002b4557d3b25b0ebc7c1bd3299400cc/execute/async - {"script":"<script> [6424 bytes]","args":[{"element-6066-11e4-a52e-4f735466cecf":"f.45ECA80FF6798927299FAFCC4E9F50E2.d.BBEFC4D72D3831A82DAC8DFE21A4EB39.e.3538"},"getText",[]]}
RESULT: {"script":"<script> [6424 bytes]","args":[{"element-6066-11e4-a52e-4f735466cecf":"f.45ECA80FF6798927299FAFCC4E9F50E2.d.BBEFC4D72D3831A82DAC8DFE21A4EB39.e.3538"},"getText",[]]}
COMMAND: POST /session/002b4557d3b25b0ebc7c1bd3299400cc/element - {"using":"css selector","value":"#shell-header-logo"}
RESULT: {"using":"css selector","value":"#shell-header-logo"}
COMMAND: POST /session/002b4557d3b25b0ebc7c1bd3299400cc/element/f.45ECA80FF6798927299FAFCC4E9F50E2.d.BBEFC4D72D3831A82DAC8DFE21A4EB39.e.2870/click - {}
RESULT: {}
COMMAND: GET /session/002b4557d3b25b0ebc7c1bd3299400cc/screenshot - {}
RESULT: {}
]]></system-out>
    </testcase>
    <testcase classname="chrome.136_0_7103_93.windows.Verify_RU_inventory_split_cost_information_US139363" name="Should do a stock increase for the equipment" time="80.947">
      <system-out><![CDATA[
COMMAND: POST /session/002b4557d3b25b0ebc7c1bd3299400cc/execute/async - {"script":"<script> [1562 bytes]","args":[{"selector":{"controlType":"sap.m.GenericTile","properties":{"header":"Manage Handovers"}},"wdio_ui5_key":"sapm.GenericTile{\"header\":\"Manage Handovers\"}"}]}
RESULT: {"script":"<script> [1562 bytes]","args":[{"selector":{"controlType":"sap.m.GenericTile","properties":{"header":"Manage Handovers"}},"wdio_ui5_key":"sapm.GenericTile{\"header\":\"Manage Handovers\"}"}]}
RESULT: undefined
COMMAND: POST /session/002b4557d3b25b0ebc7c1bd3299400cc/element - {"using":"xpath","value":"//*[@id=\"__tile131\"]"}
RESULT: {"using":"xpath","value":"//*[@id=\"__tile131\"]"}
COMMAND: POST /session/002b4557d3b25b0ebc7c1bd3299400cc/element/f.45ECA80FF6798927299FAFCC4E9F50E2.d.BBEFC4D72D3831A82DAC8DFE21A4EB39.e.3540/click - {}
RESULT: {}
COMMAND: GET /session/002b4557d3b25b0ebc7c1bd3299400cc/screenshot - {}
RESULT: {}
COMMAND: POST /session/002b4557d3b25b0ebc7c1bd3299400cc/elements - {"using":"xpath","value":"//span[text()='Error']"}
RESULT: {"using":"xpath","value":"//span[text()='Error']"}
COMMAND: POST /session/002b4557d3b25b0ebc7c1bd3299400cc/element - {"using":"xpath","value":"//button[@data-kt=\"masterHOAddButton\"]"}
RESULT: {"using":"xpath","value":"//button[@data-kt=\"masterHOAddButton\"]"}
COMMAND: POST /session/002b4557d3b25b0ebc7c1bd3299400cc/execute/sync - {"script":"<script> [8489 bytes]","args":[{"element-6066-11e4-a52e-4f735466cecf":"f.45ECA80FF6798927299FAFCC4E9F50E2.d.BBEFC4D72D3831A82DAC8DFE21A4EB39.e.3593","ELEMENT":"f.45ECA80FF6798927299FAFCC4E9F50E2.d.BBEFC4D72D3831A82DAC8DFE21A4EB39.e.3593"}]}
RESULT: {"script":"<script> [8489 bytes]","args":[{"element-6066-11e4-a52e-4f735466cecf":"f.45ECA80FF6798927299FAFCC4E9F50E2.d.BBEFC4D72D3831A82DAC8DFE21A4EB39.e.3593","ELEMENT":"f.45ECA80FF6798927299FAFCC4E9F50E2.d.BBEFC4D72D3831A82DAC8DFE21A4EB39.e.3593"}]}
COMMAND: POST /session/002b4557d3b25b0ebc7c1bd3299400cc/element/f.45ECA80FF6798927299FAFCC4E9F50E2.d.BBEFC4D72D3831A82DAC8DFE21A4EB39.e.3593/click - {}
COMMAND: GET /session/002b4557d3b25b0ebc7c1bd3299400cc/screenshot - {}
RESULT: {}
COMMAND: GET /session/002b4557d3b25b0ebc7c1bd3299400cc/screenshot - {}
RESULT: {}
COMMAND: POST /session/002b4557d3b25b0ebc7c1bd3299400cc/element - {"using":"xpath","value":"//span[contains(@id ,\"AddNewHO--typeSelect-arrow\")]"}
RESULT: {}
RESULT: {"using":"xpath","value":"//span[contains(@id ,\"AddNewHO--typeSelect-arrow\")]"}
COMMAND: POST /session/002b4557d3b25b0ebc7c1bd3299400cc/element/f.45ECA80FF6798927299FAFCC4E9F50E2.d.BBEFC4D72D3831A82DAC8DFE21A4EB39.e.3977/click - {}
RESULT: {}
COMMAND: GET /session/002b4557d3b25b0ebc7c1bd3299400cc/screenshot - {}
RESULT: {}
COMMAND: POST /session/002b4557d3b25b0ebc7c1bd3299400cc/element - {"using":"xpath","value":"(//li[contains(text(), \"stock increase yard\")])[1]"}
RESULT: {"using":"xpath","value":"(//li[contains(text(), \"stock increase yard\")])[1]"}
COMMAND: POST /session/002b4557d3b25b0ebc7c1bd3299400cc/element/f.45ECA80FF6798927299FAFCC4E9F50E2.d.BBEFC4D72D3831A82DAC8DFE21A4EB39.e.3978/click - {}
RESULT: {}
COMMAND: GET /session/002b4557d3b25b0ebc7c1bd3299400cc/screenshot - {}
RESULT: {}
COMMAND: POST /session/002b4557d3b25b0ebc7c1bd3299400cc/execute/async - {"script":"<script> [1562 bytes]","args":[{"selector":{"id":"application-managehandovers-display-component---AddNewHO--dueDate","interaction":{"idSuffix":"inner"}},"wdio_ui5_key":"applicationmanagehandovers-display-component---AddNewHO--dueDate"}]}
RESULT: {"script":"<script> [1562 bytes]","args":[{"selector":{"id":"application-managehandovers-display-component---AddNewHO--dueDate","interaction":{"idSuffix":"inner"}},"wdio_ui5_key":"applicationmanagehandovers-display-component---AddNewHO--dueDate"}]}
RESULT: undefined
COMMAND: POST /session/002b4557d3b25b0ebc7c1bd3299400cc/execute/async - {"script":"<script> [6424 bytes]","args":[{"element-6066-11e4-a52e-4f735466cecf":"f.45ECA80FF6798927299FAFCC4E9F50E2.d.BBEFC4D72D3831A82DAC8DFE21A4EB39.e.3981"},"setValue",["5/23/25"]]}
RESULT: {"script":"<script> [6424 bytes]","args":[{"element-6066-11e4-a52e-4f735466cecf":"f.45ECA80FF6798927299FAFCC4E9F50E2.d.BBEFC4D72D3831A82DAC8DFE21A4EB39.e.3981"},"setValue",["5/23/25"]]}
COMMAND: POST /session/002b4557d3b25b0ebc7c1bd3299400cc/element - {"using":"xpath","value":"//input[@id=\"generalSectionFrg--receiveYard-inner\"]"}
RESULT: {"using":"xpath","value":"//input[@id=\"generalSectionFrg--receiveYard-inner\"]"}
COMMAND: POST /session/002b4557d3b25b0ebc7c1bd3299400cc/element/f.45ECA80FF6798927299FAFCC4E9F50E2.d.BBEFC4D72D3831A82DAC8DFE21A4EB39.e.3987/clear - {}
RESULT: {}
COMMAND: POST /session/002b4557d3b25b0ebc7c1bd3299400cc/element/f.45ECA80FF6798927299FAFCC4E9F50E2.d.BBEFC4D72D3831A82DAC8DFE21A4EB39.e.3987/value - {"text":"webdriveryard"}
COMMAND: GET /session/002b4557d3b25b0ebc7c1bd3299400cc/screenshot - {}
RESULT: {"text":"webdriveryard"}
COMMAND: GET /session/002b4557d3b25b0ebc7c1bd3299400cc/screenshot - {}
RESULT: {}
RESULT: {}
COMMAND: POST /session/002b4557d3b25b0ebc7c1bd3299400cc/execute/async - {"script":"<script> [1562 bytes]","args":[{"selector":{"id":"application-managehandovers-display-component---AddNewHO--ObjectPageLayout-anchBar-application-managehandovers-display-component---AddNewHO--section4-anchor","interaction":{"idSuffix":"BDI-content"}},"wdio_ui5_key":"applicationmanagehandovers-display-component---AddNewHO--ObjectPageLayout-anchBar-application-managehandovers-display-component---AddNewHO--section4-anchor"}]}
RESULT: {"script":"<script> [1562 bytes]","args":[{"selector":{"id":"application-managehandovers-display-component---AddNewHO--ObjectPageLayout-anchBar-application-managehandovers-display-component---AddNewHO--section4-anchor","interaction":{"idSuffix":"BDI-content"}},"wdio_ui5_key":"applicationmanagehandovers-display-component---AddNewHO--ObjectPageLayout-anchBar-application-managehandovers-display-component---AddNewHO--section4-anchor"}]}
RESULT: undefined
COMMAND: POST /session/002b4557d3b25b0ebc7c1bd3299400cc/element - {"using":"xpath","value":"//*[@id=\"application-managehandovers-display-component---AddNewHO--ObjectPageLayout-anchBar-application-managehandovers-display-component---AddNewHO--section4-anchor\"]"}
RESULT: {"using":"xpath","value":"//*[@id=\"application-managehandovers-display-component---AddNewHO--ObjectPageLayout-anchBar-application-managehandovers-display-component---AddNewHO--section4-anchor\"]"}
COMMAND: POST /session/002b4557d3b25b0ebc7c1bd3299400cc/element/f.45ECA80FF6798927299FAFCC4E9F50E2.d.BBEFC4D72D3831A82DAC8DFE21A4EB39.e.4007/click - {}
RESULT: {}
COMMAND: GET /session/002b4557d3b25b0ebc7c1bd3299400cc/screenshot - {}
RESULT: {}
COMMAND: POST /session/002b4557d3b25b0ebc7c1bd3299400cc/element - {"using":"xpath","value":"//button[@aria-label=\"Add\"]"}
RESULT: {"using":"xpath","value":"//button[@aria-label=\"Add\"]"}
COMMAND: POST /session/002b4557d3b25b0ebc7c1bd3299400cc/element/f.45ECA80FF6798927299FAFCC4E9F50E2.d.BBEFC4D72D3831A82DAC8DFE21A4EB39.e.4011/click - {}
RESULT: {}
COMMAND: GET /session/002b4557d3b25b0ebc7c1bd3299400cc/screenshot - {}
RESULT: {}
COMMAND: POST /session/002b4557d3b25b0ebc7c1bd3299400cc/execute/async - {"script":"<script> [1562 bytes]","args":[{"selector":{"id":"application-managehandovers-display-component---AddNewHO--smartFilterBar-btnBasicSearch","searchOpenDialogs":true,"interaction":{"idSuffix":"I"}},"wdio_ui5_key":"applicationmanagehandovers-display-component---AddNewHO--smartFilterBar-btnBasicSearch"}]}
RESULT: {"script":"<script> [1562 bytes]","args":[{"selector":{"id":"application-managehandovers-display-component---AddNewHO--smartFilterBar-btnBasicSearch","searchOpenDialogs":true,"interaction":{"idSuffix":"I"}},"wdio_ui5_key":"applicationmanagehandovers-display-component---AddNewHO--smartFilterBar-btnBasicSearch"}]}
RESULT: undefined
COMMAND: POST /session/002b4557d3b25b0ebc7c1bd3299400cc/execute/async - {"script":"<script> [776 bytes]","args":[{"enterText":"WdIOR2cEquip327uv","selector":{"id":"application-managehandovers-display-component---AddNewHO--smartFilterBar-btnBasicSearch","searchOpenDialogs":true,"interaction":{"idSuffix":"I"}},"clearTextFirst":true,"interactionType":"ENTER_TEXT"}]}
RESULT: {"script":"<script> [776 bytes]","args":[{"enterText":"WdIOR2cEquip327uv","selector":{"id":"application-managehandovers-display-component---AddNewHO--smartFilterBar-btnBasicSearch","searchOpenDialogs":true,"interaction":{"idSuffix":"I"}},"clearTextFirst":true,"interactionType":"ENTER_TEXT"}]}
COMMAND: POST /session/002b4557d3b25b0ebc7c1bd3299400cc/actions - {"actions":[{"id":"action23","type":"key","parameters":{},"actions":[{"type":"keyDown","value":""},{"type":"pause","duration":10},{"type":"keyUp","value":""}]}]}
RESULT: {"actions":[{"id":"action23","type":"key","parameters":{},"actions":[{"type":"keyDown","value":""},{"type":"pause","duration":10},{"type":"keyUp","value":""}]}]}
COMMAND: POST /session/002b4557d3b25b0ebc7c1bd3299400cc/execute/async - {"script":"<script> [1562 bytes]","args":[{"selector":{"id":"application-managehandovers-display-component---AddNewHO--popup-sa","searchOpenDialogs":true,"interaction":{"idSuffix":"CbBg"}},"wdio_ui5_key":"applicationmanagehandovers-display-component---AddNewHO--popup-sa"}]}
COMMAND: GET /session/002b4557d3b25b0ebc7c1bd3299400cc/screenshot - {}
RESULT: {"script":"<script> [1562 bytes]","args":[{"selector":{"id":"application-managehandovers-display-component---AddNewHO--popup-sa","searchOpenDialogs":true,"interaction":{"idSuffix":"CbBg"}},"wdio_ui5_key":"applicationmanagehandovers-display-component---AddNewHO--popup-sa"}]}
RESULT: undefined
COMMAND: POST /session/002b4557d3b25b0ebc7c1bd3299400cc/element - {"using":"xpath","value":"//*[@id=\"application-managehandovers-display-component---AddNewHO--popup-sa\"]"}
RESULT: {}
RESULT: {"using":"xpath","value":"//*[@id=\"application-managehandovers-display-component---AddNewHO--popup-sa\"]"}
COMMAND: POST /session/002b4557d3b25b0ebc7c1bd3299400cc/element/f.45ECA80FF6798927299FAFCC4E9F50E2.d.BBEFC4D72D3831A82DAC8DFE21A4EB39.e.4094/click - {}
RESULT: {}
COMMAND: GET /session/002b4557d3b25b0ebc7c1bd3299400cc/screenshot - {}
RESULT: {}
COMMAND: POST /session/002b4557d3b25b0ebc7c1bd3299400cc/element - {"using":"xpath","value":"//bdi[contains(text(), \"Select\")]"}
RESULT: {"using":"xpath","value":"//bdi[contains(text(), \"Select\")]"}
COMMAND: POST /session/002b4557d3b25b0ebc7c1bd3299400cc/element/f.45ECA80FF6798927299FAFCC4E9F50E2.d.BBEFC4D72D3831A82DAC8DFE21A4EB39.e.4095/click - {}
RESULT: {}
COMMAND: GET /session/002b4557d3b25b0ebc7c1bd3299400cc/screenshot - {}
RESULT: {}
COMMAND: POST /session/002b4557d3b25b0ebc7c1bd3299400cc/element - {"using":"xpath","value":"//button[@data-kt=\"AddNewHOSaveButton\"]"}
RESULT: {"using":"xpath","value":"//button[@data-kt=\"AddNewHOSaveButton\"]"}
COMMAND: POST /session/002b4557d3b25b0ebc7c1bd3299400cc/element/f.45ECA80FF6798927299FAFCC4E9F50E2.d.BBEFC4D72D3831A82DAC8DFE21A4EB39.e.4099/click - {}
RESULT: {}
COMMAND: GET /session/002b4557d3b25b0ebc7c1bd3299400cc/screenshot - {}
RESULT: {}
COMMAND: POST /session/002b4557d3b25b0ebc7c1bd3299400cc/execute/async - {"script":"<script> [1562 bytes]","args":[{"selector":{"id":"receiptDatePicker","viewName":"etm.portal.ui.managehandovers.view.DetailExecuteHO","interaction":{"idSuffix":"inner"}},"wdio_ui5_key":"receiptDatePickeretmportal.ui.managehandovers.view.DetailExecuteHO"}]}
RESULT: {"script":"<script> [1562 bytes]","args":[{"selector":{"id":"receiptDatePicker","viewName":"etm.portal.ui.managehandovers.view.DetailExecuteHO","interaction":{"idSuffix":"inner"}},"wdio_ui5_key":"receiptDatePickeretmportal.ui.managehandovers.view.DetailExecuteHO"}]}
RESULT: undefined
COMMAND: POST /session/002b4557d3b25b0ebc7c1bd3299400cc/execute/async - {"script":"<script> [6424 bytes]","args":[{"element-6066-11e4-a52e-4f735466cecf":"f.45ECA80FF6798927299FAFCC4E9F50E2.d.BBEFC4D72D3831A82DAC8DFE21A4EB39.e.4125"},"setValue",["5/23/25"]]}
RESULT: {"script":"<script> [6424 bytes]","args":[{"element-6066-11e4-a52e-4f735466cecf":"f.45ECA80FF6798927299FAFCC4E9F50E2.d.BBEFC4D72D3831A82DAC8DFE21A4EB39.e.4125"},"setValue",["5/23/25"]]}
COMMAND: POST /session/002b4557d3b25b0ebc7c1bd3299400cc/actions - {"actions":[{"id":"action24","type":"key","parameters":{},"actions":[{"type":"keyDown","value":""},{"type":"pause","duration":10},{"type":"keyUp","value":""}]}]}
RESULT: {"actions":[{"id":"action24","type":"key","parameters":{},"actions":[{"type":"keyDown","value":""},{"type":"pause","duration":10},{"type":"keyUp","value":""}]}]}
COMMAND: POST /session/002b4557d3b25b0ebc7c1bd3299400cc/actions - {"actions":[{"id":"action25","type":"key","parameters":{},"actions":[{"type":"keyDown","value":""},{"type":"pause","duration":10},{"type":"keyUp","value":""}]}]}
COMMAND: GET /session/002b4557d3b25b0ebc7c1bd3299400cc/screenshot - {}
RESULT: {"actions":[{"id":"action25","type":"key","parameters":{},"actions":[{"type":"keyDown","value":""},{"type":"pause","duration":10},{"type":"keyUp","value":""}]}]}
COMMAND: POST /session/002b4557d3b25b0ebc7c1bd3299400cc/element - {"using":"xpath","value":"//button[@data-kt=\"ReceivingTableConfirmAllButton\"]"}
COMMAND: GET /session/002b4557d3b25b0ebc7c1bd3299400cc/screenshot - {}
RESULT: {}
RESULT: {"using":"xpath","value":"//button[@data-kt=\"ReceivingTableConfirmAllButton\"]"}
COMMAND: POST /session/002b4557d3b25b0ebc7c1bd3299400cc/element/f.45ECA80FF6798927299FAFCC4E9F50E2.d.BBEFC4D72D3831A82DAC8DFE21A4EB39.e.4141/click - {}
RESULT: {}
RESULT: {}
COMMAND: GET /session/002b4557d3b25b0ebc7c1bd3299400cc/screenshot - {}
RESULT: {}
COMMAND: POST /session/002b4557d3b25b0ebc7c1bd3299400cc/element - {"using":"xpath","value":"//bdi[contains(text(), \"OK\")]"}
RESULT: {"using":"xpath","value":"//bdi[contains(text(), \"OK\")]"}
COMMAND: POST /session/002b4557d3b25b0ebc7c1bd3299400cc/element/f.45ECA80FF6798927299FAFCC4E9F50E2.d.BBEFC4D72D3831A82DAC8DFE21A4EB39.e.4144/click - {}
RESULT: {}
COMMAND: GET /session/002b4557d3b25b0ebc7c1bd3299400cc/screenshot - {}
RESULT: {}
COMMAND: POST /session/002b4557d3b25b0ebc7c1bd3299400cc/element - {"using":"xpath","value":"(//bdi[contains(text(), \"Receive\")])[2]"}
RESULT: {"using":"xpath","value":"(//bdi[contains(text(), \"Receive\")])[2]"}
COMMAND: POST /session/002b4557d3b25b0ebc7c1bd3299400cc/element/f.45ECA80FF6798927299FAFCC4E9F50E2.d.BBEFC4D72D3831A82DAC8DFE21A4EB39.e.4145/click - {}
RESULT: {}
COMMAND: GET /session/002b4557d3b25b0ebc7c1bd3299400cc/screenshot - {}
RESULT: {}
COMMAND: POST /session/002b4557d3b25b0ebc7c1bd3299400cc/element - {"using":"css selector","value":"#shell-header-logo"}
RESULT: {"using":"css selector","value":"#shell-header-logo"}
COMMAND: POST /session/002b4557d3b25b0ebc7c1bd3299400cc/element/f.45ECA80FF6798927299FAFCC4E9F50E2.d.BBEFC4D72D3831A82DAC8DFE21A4EB39.e.3543/click - {}
RESULT: {}
]]></system-out>
    </testcase>
    <testcase classname="chrome.136_0_7103_93.windows.Verify_RU_inventory_split_cost_information_US139363" name="Should navigate to RU inventory and add the resource to the contract" time="91.573">
      <system-out><![CDATA[
COMMAND: POST /session/002b4557d3b25b0ebc7c1bd3299400cc/execute/async - {"script":"<script> [1562 bytes]","args":[{"selector":{"controlType":"sap.m.GenericTile","properties":{"header":"RU Inventory List"}},"wdio_ui5_key":"sapm.GenericTile{\"header\":\"RU Inventory List\"}"}]}
COMMAND: GET /session/002b4557d3b25b0ebc7c1bd3299400cc/screenshot - {}
RESULT: {"script":"<script> [1562 bytes]","args":[{"selector":{"controlType":"sap.m.GenericTile","properties":{"header":"RU Inventory List"}},"wdio_ui5_key":"sapm.GenericTile{\"header\":\"RU Inventory List\"}"}]}
RESULT: undefined
COMMAND: POST /session/002b4557d3b25b0ebc7c1bd3299400cc/element - {"using":"xpath","value":"//*[@id=\"__tile99\"]"}
RESULT: {}
RESULT: {"using":"xpath","value":"//*[@id=\"__tile99\"]"}
COMMAND: POST /session/002b4557d3b25b0ebc7c1bd3299400cc/element/f.45ECA80FF6798927299FAFCC4E9F50E2.d.BBEFC4D72D3831A82DAC8DFE21A4EB39.e.4364/click - {}
RESULT: {}
COMMAND: GET /session/002b4557d3b25b0ebc7c1bd3299400cc/screenshot - {}
RESULT: {}
COMMAND: POST /session/002b4557d3b25b0ebc7c1bd3299400cc/elements - {"using":"xpath","value":"//span[text()='Error']"}
RESULT: {"using":"xpath","value":"//span[text()='Error']"}
COMMAND: POST /session/002b4557d3b25b0ebc7c1bd3299400cc/execute/async - {"script":"<script> [1562 bytes]","args":[{"selector":{"id":"application-ruinventorylist-display-component---Master--smartFilterBar-btnBasicSearch","interaction":{"idSuffix":"I"}},"wdio_ui5_key":"applicationruinventorylist-display-component---Master--smartFilterBar-btnBasicSearch"}]}
RESULT: {"script":"<script> [1562 bytes]","args":[{"selector":{"id":"application-ruinventorylist-display-component---Master--smartFilterBar-btnBasicSearch","interaction":{"idSuffix":"I"}},"wdio_ui5_key":"applicationruinventorylist-display-component---Master--smartFilterBar-btnBasicSearch"}]}
RESULT: undefined
COMMAND: POST /session/002b4557d3b25b0ebc7c1bd3299400cc/execute/async - {"script":"<script> [776 bytes]","args":[{"enterText":"WdIOR2cEquip327uv","selector":{"id":"application-ruinventorylist-display-component---Master--smartFilterBar-btnBasicSearch","interaction":{"idSuffix":"I"}},"clearTextFirst":true,"interactionType":"ENTER_TEXT"}]}
RESULT: {"script":"<script> [776 bytes]","args":[{"enterText":"WdIOR2cEquip327uv","selector":{"id":"application-ruinventorylist-display-component---Master--smartFilterBar-btnBasicSearch","interaction":{"idSuffix":"I"}},"clearTextFirst":true,"interactionType":"ENTER_TEXT"}]}
COMMAND: POST /session/002b4557d3b25b0ebc7c1bd3299400cc/actions - {"actions":[{"id":"action26","type":"key","parameters":{},"actions":[{"type":"keyDown","value":""},{"type":"pause","duration":10},{"type":"keyUp","value":""}]}]}
RESULT: {"actions":[{"id":"action26","type":"key","parameters":{},"actions":[{"type":"keyDown","value":""},{"type":"pause","duration":10},{"type":"keyUp","value":""}]}]}
COMMAND: GET /session/002b4557d3b25b0ebc7c1bd3299400cc/screenshot - {}
RESULT: {}
COMMAND: POST /session/002b4557d3b25b0ebc7c1bd3299400cc/execute/async - {"script":"<script> [1562 bytes]","args":[{"selector":{"id":"application-ruinventorylist-display-component---Master--smartTableRuInventoryList-header"},"wdio_ui5_key":"applicationruinventorylist-display-component---Master--smartTableRuInventoryList-header"}]}
RESULT: {"script":"<script> [1562 bytes]","args":[{"selector":{"id":"application-ruinventorylist-display-component---Master--smartTableRuInventoryList-header"},"wdio_ui5_key":"applicationruinventorylist-display-component---Master--smartTableRuInventoryList-header"}]}
RESULT: undefined
COMMAND: POST /session/002b4557d3b25b0ebc7c1bd3299400cc/execute/async - {"script":"<script> [6424 bytes]","args":[{"element-6066-11e4-a52e-4f735466cecf":"f.45ECA80FF6798927299FAFCC4E9F50E2.d.BBEFC4D72D3831A82DAC8DFE21A4EB39.e.4576"},"getText",[]]}
RESULT: {"script":"<script> [6424 bytes]","args":[{"element-6066-11e4-a52e-4f735466cecf":"f.45ECA80FF6798927299FAFCC4E9F50E2.d.BBEFC4D72D3831A82DAC8DFE21A4EB39.e.4576"},"getText",[]]}
COMMAND: POST /session/002b4557d3b25b0ebc7c1bd3299400cc/execute/async - {"script":"<script> [1562 bytes]","args":[{"selector":{"id":"application-ruinventorylist-display-component---Master--createContractItemsBtn-img"},"wdio_ui5_key":"applicationruinventorylist-display-component---Master--createContractItemsBtn-img"}]}
RESULT: {"script":"<script> [1562 bytes]","args":[{"selector":{"id":"application-ruinventorylist-display-component---Master--createContractItemsBtn-img"},"wdio_ui5_key":"applicationruinventorylist-display-component---Master--createContractItemsBtn-img"}]}
RESULT: undefined
COMMAND: POST /session/002b4557d3b25b0ebc7c1bd3299400cc/element - {"using":"xpath","value":"//*[@id=\"application-ruinventorylist-display-component---Master--createContractItemsBtn-img\"]"}
RESULT: {"using":"xpath","value":"//*[@id=\"application-ruinventorylist-display-component---Master--createContractItemsBtn-img\"]"}
COMMAND: POST /session/002b4557d3b25b0ebc7c1bd3299400cc/element/f.45ECA80FF6798927299FAFCC4E9F50E2.d.BBEFC4D72D3831A82DAC8DFE21A4EB39.e.4409/click - {}
RESULT: {}
COMMAND: GET /session/002b4557d3b25b0ebc7c1bd3299400cc/screenshot - {}
RESULT: {}
COMMAND: POST /session/002b4557d3b25b0ebc7c1bd3299400cc/element - {"using":"xpath","value":"//div[contains(@id ,\"application-ruinventorylist-display-component---Master--tableRuInventoryList-sa-CbBg\")]"}
RESULT: {"using":"xpath","value":"//div[contains(@id ,\"application-ruinventorylist-display-component---Master--tableRuInventoryList-sa-CbBg\")]"}
COMMAND: POST /session/002b4557d3b25b0ebc7c1bd3299400cc/element/f.45ECA80FF6798927299FAFCC4E9F50E2.d.BBEFC4D72D3831A82DAC8DFE21A4EB39.e.4585/click - {}
RESULT: {}
RESULT: undefined
COMMAND: POST /session/002b4557d3b25b0ebc7c1bd3299400cc/element - {"using":"xpath","value":"//*[@id=\"application-ruinventorylist-display-component---Master--createContractItemsBtn-img\"]"}
COMMAND: GET /session/002b4557d3b25b0ebc7c1bd3299400cc/screenshot - {}
RESULT: {"using":"xpath","value":"//*[@id=\"application-ruinventorylist-display-component---Master--createContractItemsBtn-img\"]"}
COMMAND: POST /session/002b4557d3b25b0ebc7c1bd3299400cc/element/f.45ECA80FF6798927299FAFCC4E9F50E2.d.BBEFC4D72D3831A82DAC8DFE21A4EB39.e.4409/click - {}
RESULT: {}
RESULT: {}
COMMAND: GET /session/002b4557d3b25b0ebc7c1bd3299400cc/screenshot - {}
RESULT: {}
COMMAND: POST /session/002b4557d3b25b0ebc7c1bd3299400cc/element - {"using":"xpath","value":"//div[contains(@class ,\"sapMObjStatus sapMObjStatusError sapMObjStatusActive\")]"}
RESULT: {"using":"xpath","value":"//div[contains(@class ,\"sapMObjStatus sapMObjStatusError sapMObjStatusActive\")]"}
COMMAND: POST /session/002b4557d3b25b0ebc7c1bd3299400cc/elements - {"using":"xpath","value":"//div[contains(@class ,\"sapMObjStatus sapMObjStatusError sapMObjStatusActive\")]"}
RESULT: {"using":"xpath","value":"//div[contains(@class ,\"sapMObjStatus sapMObjStatusError sapMObjStatusActive\")]"}
COMMAND: POST /session/002b4557d3b25b0ebc7c1bd3299400cc/element - {"using":"xpath","value":"//input[contains(@id, \"application-ruinventorylist-display-component---Master--contractCb-inner\")]"}
RESULT: {"using":"xpath","value":"//input[contains(@id, \"application-ruinventorylist-display-component---Master--contractCb-inner\")]"}
COMMAND: POST /session/002b4557d3b25b0ebc7c1bd3299400cc/element/f.45ECA80FF6798927299FAFCC4E9F50E2.d.BBEFC4D72D3831A82DAC8DFE21A4EB39.e.4588/clear - {}
RESULT: {}
COMMAND: POST /session/002b4557d3b25b0ebc7c1bd3299400cc/element/f.45ECA80FF6798927299FAFCC4E9F50E2.d.BBEFC4D72D3831A82DAC8DFE21A4EB39.e.4588/value - {"text":"10158"}
COMMAND: GET /session/002b4557d3b25b0ebc7c1bd3299400cc/screenshot - {}
RESULT: {"text":"10158"}
COMMAND: GET /session/002b4557d3b25b0ebc7c1bd3299400cc/screenshot - {}
RESULT: {}
RESULT: {}
COMMAND: POST /session/002b4557d3b25b0ebc7c1bd3299400cc/actions - {"actions":[{"id":"action27","type":"key","parameters":{},"actions":[{"type":"keyDown","value":""},{"type":"pause","duration":10},{"type":"keyUp","value":""}]}]}
RESULT: {"actions":[{"id":"action27","type":"key","parameters":{},"actions":[{"type":"keyDown","value":""},{"type":"pause","duration":10},{"type":"keyUp","value":""}]}]}
COMMAND: GET /session/002b4557d3b25b0ebc7c1bd3299400cc/screenshot - {}
RESULT: {}
COMMAND: POST /session/002b4557d3b25b0ebc7c1bd3299400cc/actions - {"actions":[{"id":"action28","type":"key","parameters":{},"actions":[{"type":"keyDown","value":""},{"type":"pause","duration":10},{"type":"keyUp","value":""}]}]}
RESULT: {"actions":[{"id":"action28","type":"key","parameters":{},"actions":[{"type":"keyDown","value":""},{"type":"pause","duration":10},{"type":"keyUp","value":""}]}]}
COMMAND: GET /session/002b4557d3b25b0ebc7c1bd3299400cc/screenshot - {}
RESULT: {}
COMMAND: POST /session/002b4557d3b25b0ebc7c1bd3299400cc/element - {"using":"xpath","value":"//input[contains(@id, \"application-ruinventorylist-display-component---Master--endDate-inner\")]"}
RESULT: {"using":"xpath","value":"//input[contains(@id, \"application-ruinventorylist-display-component---Master--endDate-inner\")]"}
COMMAND: POST /session/002b4557d3b25b0ebc7c1bd3299400cc/element/f.45ECA80FF6798927299FAFCC4E9F50E2.d.BBEFC4D72D3831A82DAC8DFE21A4EB39.e.4591/clear - {}
RESULT: {}
COMMAND: POST /session/002b4557d3b25b0ebc7c1bd3299400cc/element/f.45ECA80FF6798927299FAFCC4E9F50E2.d.BBEFC4D72D3831A82DAC8DFE21A4EB39.e.4591/value - {"text":"05/24/25"}
COMMAND: GET /session/002b4557d3b25b0ebc7c1bd3299400cc/screenshot - {}
RESULT: {"text":"05/24/25"}
COMMAND: POST /session/002b4557d3b25b0ebc7c1bd3299400cc/element - {"using":"xpath","value":"(//div[contains(@data-kt ,\"characteristicsObjectStatus\")])[2]"}
COMMAND: GET /session/002b4557d3b25b0ebc7c1bd3299400cc/screenshot - {}
RESULT: {}
RESULT: {"using":"xpath","value":"(//div[contains(@data-kt ,\"characteristicsObjectStatus\")])[2]"}
COMMAND: POST /session/002b4557d3b25b0ebc7c1bd3299400cc/element/f.45ECA80FF6798927299FAFCC4E9F50E2.d.BBEFC4D72D3831A82DAC8DFE21A4EB39.e.4605/click - {}
RESULT: {}
RESULT: {}
COMMAND: GET /session/002b4557d3b25b0ebc7c1bd3299400cc/screenshot - {}
RESULT: {}
COMMAND: POST /session/002b4557d3b25b0ebc7c1bd3299400cc/element - {"using":"xpath","value":"//span[contains(@id ,\"application-ruinventorylist-display-component---Master--addSplitCharacteristicsRowButton-img\")]"}
RESULT: {"using":"xpath","value":"//span[contains(@id ,\"application-ruinventorylist-display-component---Master--addSplitCharacteristicsRowButton-img\")]"}
COMMAND: POST /session/002b4557d3b25b0ebc7c1bd3299400cc/element/f.45ECA80FF6798927299FAFCC4E9F50E2.d.BBEFC4D72D3831A82DAC8DFE21A4EB39.e.4609/click - {}
RESULT: {}
COMMAND: POST /session/002b4557d3b25b0ebc7c1bd3299400cc/element - {"using":"xpath","value":"(//input[contains(@id ,\"application-ruinventorylist-display-component---Master--splitCharacteristicsTable-0-inner\")])[1]"}
COMMAND: GET /session/002b4557d3b25b0ebc7c1bd3299400cc/screenshot - {}
RESULT: {"using":"xpath","value":"(//input[contains(@id ,\"application-ruinventorylist-display-component---Master--splitCharacteristicsTable-0-inner\")])[1]"}
COMMAND: POST /session/002b4557d3b25b0ebc7c1bd3299400cc/elements - {"using":"xpath","value":"(//input[contains(@id ,\"application-ruinventorylist-display-component---Master--splitCharacteristicsTable-0-inner\")])[1]"}
RESULT: {}
RESULT: {"using":"xpath","value":"(//input[contains(@id ,\"application-ruinventorylist-display-component---Master--splitCharacteristicsTable-0-inner\")])[1]"}
COMMAND: POST /session/002b4557d3b25b0ebc7c1bd3299400cc/element - {"using":"xpath","value":"(//input[contains(@id ,\"application-ruinventorylist-display-component---Master--splitCharacteristicsTable-0-inner\")])[1]"}
RESULT: {"using":"xpath","value":"(//input[contains(@id ,\"application-ruinventorylist-display-component---Master--splitCharacteristicsTable-0-inner\")])[1]"}
COMMAND: POST /session/002b4557d3b25b0ebc7c1bd3299400cc/element/f.45ECA80FF6798927299FAFCC4E9F50E2.d.BBEFC4D72D3831A82DAC8DFE21A4EB39.e.4611/clear - {}
RESULT: {}
COMMAND: POST /session/002b4557d3b25b0ebc7c1bd3299400cc/element/f.45ECA80FF6798927299FAFCC4E9F50E2.d.BBEFC4D72D3831A82DAC8DFE21A4EB39.e.4611/value - {"text":"Cost Center"}
COMMAND: GET /session/002b4557d3b25b0ebc7c1bd3299400cc/screenshot - {}
RESULT: {"text":"Cost Center"}
COMMAND: GET /session/002b4557d3b25b0ebc7c1bd3299400cc/screenshot - {}
RESULT: {}
RESULT: {}
COMMAND: POST /session/002b4557d3b25b0ebc7c1bd3299400cc/actions - {"actions":[{"id":"action29","type":"key","parameters":{},"actions":[{"type":"keyDown","value":""},{"type":"pause","duration":10},{"type":"keyUp","value":""}]}]}
RESULT: {"actions":[{"id":"action29","type":"key","parameters":{},"actions":[{"type":"keyDown","value":""},{"type":"pause","duration":10},{"type":"keyUp","value":""}]}]}
COMMAND: POST /session/002b4557d3b25b0ebc7c1bd3299400cc/execute/async - {"script":"<script> [1562 bytes]","args":[{"selector":{"controlType":"sap.ui.core.Icon","viewName":"etm.portal.ui.ruinventorylist.view.Master","viewId":"application-ruinventorylist-display-component---Master","properties":{"src":{"regex":{"source":"value\\-help"}}},"searchOpenDialogs":true,"ancestor":{"controlType":"sap.m.ColumnListItem","viewName":"etm.portal.ui.ruinventorylist.view.Master","viewId":"application-ruinventorylist-display-component---Master","bindingPath":{"modelName":"additionalRequiredFields","path":"/currentCharacteristics/0"},"ancestor":{"id":"application-ruinventorylist-display-component---Master--splitCharacteristicsTable","searchOpenDialogs":true}}},"wdio_ui5_key":"etmportal.ui.ruinventorylist.view.Mastersap.ui.core.Icon{\"src\":{\"regex\":{\"source\":\"value\\\\-help\"}}}{\"controlType\":\"sap.m.ColumnListItem\",\"viewName\":\"etm.portal.ui.ruinventorylist.view.Master\",\"viewId\":\"application-ruinventorylist-display-component---Master\",\"bindingPath\":{\"modelName\":\"additionalRequiredFields\",\"path\":\"/currentCharacteristics/0\"},\"ancestor\":{\"id\":\"application-ruinventorylist-display-component---Master--splitCharacteristicsTable\",\"searchOpenDialogs\":true}}"}]}
COMMAND: GET /session/002b4557d3b25b0ebc7c1bd3299400cc/screenshot - {}
RESULT: {"script":"<script> [1562 bytes]","args":[{"selector":{"controlType":"sap.ui.core.Icon","viewName":"etm.portal.ui.ruinventorylist.view.Master","viewId":"application-ruinventorylist-display-component---Master","properties":{"src":{"regex":{"source":"value\\-help"}}},"searchOpenDialogs":true,"ancestor":{"controlType":"sap.m.ColumnListItem","viewName":"etm.portal.ui.ruinventorylist.view.Master","viewId":"application-ruinventorylist-display-component---Master","bindingPath":{"modelName":"additionalRequiredFields","path":"/currentCharacteristics/0"},"ancestor":{"id":"application-ruinventorylist-display-component---Master--splitCharacteristicsTable","searchOpenDialogs":true}}},"wdio_ui5_key":"etmportal.ui.ruinventorylist.view.Mastersap.ui.core.Icon{\"src\":{\"regex\":{\"source\":\"value\\\\-help\"}}}{\"controlType\":\"sap.m.ColumnListItem\",\"viewName\":\"etm.portal.ui.ruinventorylist.view.Master\",\"viewId\":\"application-ruinventorylist-display-component---Master\",\"bindingPath\":{\"modelName\":\"additionalRequiredFields\",\"path\":\"/currentCharacteristics/0\"},\"ancestor\":{\"id\":\"application-ruinventorylist-display-component---Master--splitCharacteristicsTable\",\"searchOpenDialogs\":true}}"}]}
RESULT: undefined
COMMAND: POST /session/002b4557d3b25b0ebc7c1bd3299400cc/element - {"using":"xpath","value":"//*[@id=\"__help4-application-ruinventorylist-display-component---Master--splitCharacteristicsTable-0-vhi\"]"}
RESULT: {}
RESULT: {"using":"xpath","value":"//*[@id=\"__help4-application-ruinventorylist-display-component---Master--splitCharacteristicsTable-0-vhi\"]"}
COMMAND: POST /session/002b4557d3b25b0ebc7c1bd3299400cc/element/f.45ECA80FF6798927299FAFCC4E9F50E2.d.BBEFC4D72D3831A82DAC8DFE21A4EB39.e.4619/click - {}
RESULT: {}
COMMAND: POST /session/002b4557d3b25b0ebc7c1bd3299400cc/element - {"using":"xpath","value":"(//input[contains(@aria-label ,\"Search\")])[1]"}
COMMAND: GET /session/002b4557d3b25b0ebc7c1bd3299400cc/screenshot - {}
RESULT: {"using":"xpath","value":"(//input[contains(@aria-label ,\"Search\")])[1]"}
COMMAND: POST /session/002b4557d3b25b0ebc7c1bd3299400cc/element/f.45ECA80FF6798927299FAFCC4E9F50E2.d.BBEFC4D72D3831A82DAC8DFE21A4EB39.e.4621/clear - {}
RESULT: {}
RESULT: {}
COMMAND: POST /session/002b4557d3b25b0ebc7c1bd3299400cc/element/f.45ECA80FF6798927299FAFCC4E9F50E2.d.BBEFC4D72D3831A82DAC8DFE21A4EB39.e.4621/value - {"text":"10001010"}
COMMAND: GET /session/002b4557d3b25b0ebc7c1bd3299400cc/screenshot - {}
RESULT: {"text":"10001010"}
COMMAND: POST /session/002b4557d3b25b0ebc7c1bd3299400cc/actions - {"actions":[{"id":"action30","type":"key","parameters":{},"actions":[{"type":"keyDown","value":""},{"type":"pause","duration":10},{"type":"keyUp","value":""}]}]}
COMMAND: GET /session/002b4557d3b25b0ebc7c1bd3299400cc/screenshot - {}
RESULT: {}
RESULT: {"actions":[{"id":"action30","type":"key","parameters":{},"actions":[{"type":"keyDown","value":""},{"type":"pause","duration":10},{"type":"keyUp","value":""}]}]}
COMMAND: GET /session/002b4557d3b25b0ebc7c1bd3299400cc/screenshot - {}
RESULT: {}
RESULT: {}
COMMAND: POST /session/002b4557d3b25b0ebc7c1bd3299400cc/element - {"using":"xpath","value":"(//span[contains(text(), \"Purchasing\")])[1]"}
RESULT: {"using":"xpath","value":"(//span[contains(text(), \"Purchasing\")])[1]"}
COMMAND: POST /session/002b4557d3b25b0ebc7c1bd3299400cc/element/f.45ECA80FF6798927299FAFCC4E9F50E2.d.BBEFC4D72D3831A82DAC8DFE21A4EB39.e.4658/click - {}
RESULT: {}
COMMAND: GET /session/002b4557d3b25b0ebc7c1bd3299400cc/screenshot - {}
RESULT: {}
COMMAND: POST /session/002b4557d3b25b0ebc7c1bd3299400cc/element - {"using":"xpath","value":"//span[contains(@id ,\"ok-content\")]"}
RESULT: {"using":"xpath","value":"//span[contains(@id ,\"ok-content\")]"}
COMMAND: POST /session/002b4557d3b25b0ebc7c1bd3299400cc/element/f.45ECA80FF6798927299FAFCC4E9F50E2.d.BBEFC4D72D3831A82DAC8DFE21A4EB39.e.4659/click - {}
RESULT: {}
COMMAND: GET /session/002b4557d3b25b0ebc7c1bd3299400cc/screenshot - {}
RESULT: {}
COMMAND: POST /session/002b4557d3b25b0ebc7c1bd3299400cc/element - {"using":"xpath","value":"//bdi[contains(text(), \"Save\")]"}
RESULT: {"using":"xpath","value":"//bdi[contains(text(), \"Save\")]"}
COMMAND: POST /session/002b4557d3b25b0ebc7c1bd3299400cc/element/f.45ECA80FF6798927299FAFCC4E9F50E2.d.BBEFC4D72D3831A82DAC8DFE21A4EB39.e.4662/click - {}
RESULT: {}
COMMAND: GET /session/002b4557d3b25b0ebc7c1bd3299400cc/screenshot - {}
RESULT: {}
COMMAND: POST /session/002b4557d3b25b0ebc7c1bd3299400cc/element - {"using":"xpath","value":"//bdi[contains(text(), \"OK\")]"}
RESULT: {"using":"xpath","value":"//bdi[contains(text(), \"OK\")]"}
COMMAND: POST /session/002b4557d3b25b0ebc7c1bd3299400cc/element/f.45ECA80FF6798927299FAFCC4E9F50E2.d.BBEFC4D72D3831A82DAC8DFE21A4EB39.e.4664/click - {}
RESULT: {}
COMMAND: GET /session/002b4557d3b25b0ebc7c1bd3299400cc/screenshot - {}
RESULT: {}
COMMAND: POST /session/002b4557d3b25b0ebc7c1bd3299400cc/actions - {"actions":[{"id":"action31","type":"key","parameters":{},"actions":[{"type":"keyDown","value":""},{"type":"pause","duration":10},{"type":"keyUp","value":""}]}]}
RESULT: {"actions":[{"id":"action31","type":"key","parameters":{},"actions":[{"type":"keyDown","value":""},{"type":"pause","duration":10},{"type":"keyUp","value":""}]}]}
COMMAND: GET /session/002b4557d3b25b0ebc7c1bd3299400cc/screenshot - {}
RESULT: {}
COMMAND: POST /session/002b4557d3b25b0ebc7c1bd3299400cc/execute/async - {"script":"<script> [1562 bytes]","args":[{"selector":{"controlType":"sap.m.Title","viewName":"etm.portal.ui.managecontracts.view.Detail","properties":{"text":"Contract Items (1)"}},"wdio_ui5_key":"etmportal.ui.managecontracts.view.Detailsap.m.Title{\"text\":\"Contract Items (1)\"}"}]}
RESULT: {"script":"<script> [1562 bytes]","args":[{"selector":{"controlType":"sap.m.Title","viewName":"etm.portal.ui.managecontracts.view.Detail","properties":{"text":"Contract Items (1)"}},"wdio_ui5_key":"etmportal.ui.managecontracts.view.Detailsap.m.Title{\"text\":\"Contract Items (1)\"}"}]}
RESULT: undefined
COMMAND: POST /session/002b4557d3b25b0ebc7c1bd3299400cc/execute/async - {"script":"<script> [6424 bytes]","args":[{"element-6066-11e4-a52e-4f735466cecf":"f.45ECA80FF6798927299FAFCC4E9F50E2.d.BBEFC4D72D3831A82DAC8DFE21A4EB39.e.4916"},"getText",[]]}
RESULT: {"script":"<script> [6424 bytes]","args":[{"element-6066-11e4-a52e-4f735466cecf":"f.45ECA80FF6798927299FAFCC4E9F50E2.d.BBEFC4D72D3831A82DAC8DFE21A4EB39.e.4916"},"getText",[]]}
COMMAND: POST /session/002b4557d3b25b0ebc7c1bd3299400cc/element - {"using":"xpath","value":"//div[contains(@data-kt ,\"characteristicsObjectStatus\")]"}
RESULT: {"using":"xpath","value":"//div[contains(@data-kt ,\"characteristicsObjectStatus\")]"}
COMMAND: POST /session/002b4557d3b25b0ebc7c1bd3299400cc/element/f.45ECA80FF6798927299FAFCC4E9F50E2.d.BBEFC4D72D3831A82DAC8DFE21A4EB39.e.4917/click - {}
RESULT: {}
COMMAND: GET /session/002b4557d3b25b0ebc7c1bd3299400cc/screenshot - {}
RESULT: {}
COMMAND: POST /session/002b4557d3b25b0ebc7c1bd3299400cc/element - {"using":"xpath","value":"(//input[contains(@class ,\"sapMInputBaseInner sapMComboBoxInner\")])[2]"}
RESULT: {"using":"xpath","value":"(//input[contains(@class ,\"sapMInputBaseInner sapMComboBoxInner\")])[2]"}
COMMAND: GET /session/002b4557d3b25b0ebc7c1bd3299400cc/element/f.45ECA80FF6798927299FAFCC4E9F50E2.d.BBEFC4D72D3831A82DAC8DFE21A4EB39.e.4923/property/value - {}
RESULT: {}
COMMAND: POST /session/002b4557d3b25b0ebc7c1bd3299400cc/element - {"using":"xpath","value":"//span[contains(text(), \"Input (10001010) 10001010 - Purchasing\")]"}
COMMAND: GET /session/002b4557d3b25b0ebc7c1bd3299400cc/screenshot - {}
RESULT: {"using":"xpath","value":"//span[contains(text(), \"Input (10001010) 10001010 - Purchasing\")]"}
COMMAND: POST /session/002b4557d3b25b0ebc7c1bd3299400cc/elements - {"using":"xpath","value":"//span[contains(text(), \"Input (10001010) 10001010 - Purchasing\")]"}
RESULT: {}
RESULT: {"using":"xpath","value":"//span[contains(text(), \"Input (10001010) 10001010 - Purchasing\")]"}
COMMAND: POST /session/002b4557d3b25b0ebc7c1bd3299400cc/elements - {"using":"xpath","value":"//span[contains(text(), \"Input (10001010) 10001010 - Purchasing\")]"}
RESULT: {"using":"xpath","value":"//span[contains(text(), \"Input (10001010) 10001010 - Purchasing\")]"}
COMMAND: POST /session/002b4557d3b25b0ebc7c1bd3299400cc/elements - {"using":"xpath","value":"//span[contains(text(), \"Input (10001010) 10001010 - Purchasing\")]"}
RESULT: {"using":"xpath","value":"//span[contains(text(), \"Input (10001010) 10001010 - Purchasing\")]"}
COMMAND: POST /session/002b4557d3b25b0ebc7c1bd3299400cc/elements - {"using":"xpath","value":"//span[contains(text(), \"Input (10001010) 10001010 - Purchasing\")]"}
RESULT: {"using":"xpath","value":"//span[contains(text(), \"Input (10001010) 10001010 - Purchasing\")]"}
COMMAND: POST /session/002b4557d3b25b0ebc7c1bd3299400cc/elements - {"using":"xpath","value":"//span[contains(text(), \"Input (10001010) 10001010 - Purchasing\")]"}
RESULT: {"using":"xpath","value":"//span[contains(text(), \"Input (10001010) 10001010 - Purchasing\")]"}
COMMAND: POST /session/002b4557d3b25b0ebc7c1bd3299400cc/elements - {"using":"xpath","value":"//span[contains(text(), \"Input (10001010) 10001010 - Purchasing\")]"}
RESULT: {"using":"xpath","value":"//span[contains(text(), \"Input (10001010) 10001010 - Purchasing\")]"}
COMMAND: POST /session/002b4557d3b25b0ebc7c1bd3299400cc/elements - {"using":"xpath","value":"//span[contains(text(), \"Input (10001010) 10001010 - Purchasing\")]"}
RESULT: {"using":"xpath","value":"//span[contains(text(), \"Input (10001010) 10001010 - Purchasing\")]"}
COMMAND: POST /session/002b4557d3b25b0ebc7c1bd3299400cc/elements - {"using":"xpath","value":"//span[contains(text(), \"Input (10001010) 10001010 - Purchasing\")]"}
RESULT: {"using":"xpath","value":"//span[contains(text(), \"Input (10001010) 10001010 - Purchasing\")]"}
COMMAND: POST /session/002b4557d3b25b0ebc7c1bd3299400cc/elements - {"using":"xpath","value":"//span[contains(text(), \"Input (10001010) 10001010 - Purchasing\")]"}
RESULT: {"using":"xpath","value":"//span[contains(text(), \"Input (10001010) 10001010 - Purchasing\")]"}
COMMAND: POST /session/002b4557d3b25b0ebc7c1bd3299400cc/elements - {"using":"xpath","value":"//span[contains(text(), \"Input (10001010) 10001010 - Purchasing\")]"}
RESULT: {"using":"xpath","value":"//span[contains(text(), \"Input (10001010) 10001010 - Purchasing\")]"}
COMMAND: POST /session/002b4557d3b25b0ebc7c1bd3299400cc/elements - {"using":"xpath","value":"//span[contains(text(), \"Input (10001010) 10001010 - Purchasing\")]"}
RESULT: {"using":"xpath","value":"//span[contains(text(), \"Input (10001010) 10001010 - Purchasing\")]"}
COMMAND: POST /session/002b4557d3b25b0ebc7c1bd3299400cc/elements - {"using":"xpath","value":"//span[contains(text(), \"Input (10001010) 10001010 - Purchasing\")]"}
RESULT: {"using":"xpath","value":"//span[contains(text(), \"Input (10001010) 10001010 - Purchasing\")]"}
COMMAND: POST /session/002b4557d3b25b0ebc7c1bd3299400cc/elements - {"using":"xpath","value":"//span[contains(text(), \"Input (10001010) 10001010 - Purchasing\")]"}
RESULT: {"using":"xpath","value":"//span[contains(text(), \"Input (10001010) 10001010 - Purchasing\")]"}
COMMAND: POST /session/002b4557d3b25b0ebc7c1bd3299400cc/elements - {"using":"xpath","value":"//span[contains(text(), \"Input (10001010) 10001010 - Purchasing\")]"}
RESULT: {"using":"xpath","value":"//span[contains(text(), \"Input (10001010) 10001010 - Purchasing\")]"}
COMMAND: POST /session/002b4557d3b25b0ebc7c1bd3299400cc/elements - {"using":"xpath","value":"//span[contains(text(), \"Input (10001010) 10001010 - Purchasing\")]"}
RESULT: {"using":"xpath","value":"//span[contains(text(), \"Input (10001010) 10001010 - Purchasing\")]"}
COMMAND: POST /session/002b4557d3b25b0ebc7c1bd3299400cc/elements - {"using":"xpath","value":"//span[contains(text(), \"Input (10001010) 10001010 - Purchasing\")]"}
RESULT: {"using":"xpath","value":"//span[contains(text(), \"Input (10001010) 10001010 - Purchasing\")]"}
COMMAND: POST /session/002b4557d3b25b0ebc7c1bd3299400cc/elements - {"using":"xpath","value":"//span[contains(text(), \"Input (10001010) 10001010 - Purchasing\")]"}
RESULT: {"using":"xpath","value":"//span[contains(text(), \"Input (10001010) 10001010 - Purchasing\")]"}
COMMAND: POST /session/002b4557d3b25b0ebc7c1bd3299400cc/elements - {"using":"xpath","value":"//span[contains(text(), \"Input (10001010) 10001010 - Purchasing\")]"}
RESULT: {"using":"xpath","value":"//span[contains(text(), \"Input (10001010) 10001010 - Purchasing\")]"}
COMMAND: POST /session/002b4557d3b25b0ebc7c1bd3299400cc/elements - {"using":"xpath","value":"//span[contains(text(), \"Input (10001010) 10001010 - Purchasing\")]"}
RESULT: {"using":"xpath","value":"//span[contains(text(), \"Input (10001010) 10001010 - Purchasing\")]"}
COMMAND: DELETE /session/002b4557d3b25b0ebc7c1bd3299400cc - {}
RESULT: {}
]]></system-out>
    </testcase>
  </testsuite>
</testsuites>