<?xml version="1.0" encoding="UTF-8"?>
<testsuites tests="9" failures="1" errors="1" skipped="0">
  <testsuite timestamp="2025-05-27T17:56:53" time="716.101" tests="9" failures="1" errors="1" skipped="0">
    <properties>
      <property name="specId" value="0"/>
      <property name="suiteName" value="Address Management Tests US156181 US151165 US151160 US156180 US156178 US151157 US151172 US151170 US151166 US151168"/>
      <property name="capabilities" value="chrome.136_0_7103_93.windows"/>
      <property name="file" value="file:///D:/a/1/s/test/specs/BTS/address-management.spec.js"/>
    </properties>
    <testcase classname="chrome.136_0_7103_93.windows.Address_Management_Tests_US156181_US151165_US151160_US156180_US156178_US151157_US151172_US151170_US151166_US151168" name="Step 1 Will check existence of address created with generated name if none then we create US156181" time="64.085">
      <system-out><![CDATA[
COMMAND: POST /session/96c3a598723bca0d481ce9bce9e2baad/execute/async - {"script":"<script> [1562 bytes]","args":[{"selector":{"controlType":"sap.m.GenericTile","properties":{"header":"Address Management"}},"wdio_ui5_key":"sapm.GenericTile{\"header\":\"Address Management\"}"}]}
RESULT: {"script":"<script> [1562 bytes]","args":[{"selector":{"controlType":"sap.m.GenericTile","properties":{"header":"Address Management"}},"wdio_ui5_key":"sapm.GenericTile{\"header\":\"Address Management\"}"}]}
RESULT: undefined
COMMAND: POST /session/96c3a598723bca0d481ce9bce9e2baad/element - {"using":"xpath","value":"//*[@id=\"__tile33\"]"}
RESULT: {"using":"xpath","value":"//*[@id=\"__tile33\"]"}
COMMAND: POST /session/96c3a598723bca0d481ce9bce9e2baad/element/f.8DC08C43B755367AEB7C7AD78B2C0F17.d.D20566BF0F315C6BFCB2920FC467B16F.e.209/click - {}
RESULT: {}
COMMAND: GET /session/96c3a598723bca0d481ce9bce9e2baad/screenshot - {}
RESULT: {}
COMMAND: POST /session/96c3a598723bca0d481ce9bce9e2baad/elements - {"using":"xpath","value":"//span[text()='Error']"}
RESULT: {"using":"xpath","value":"//span[text()='Error']"}
COMMAND: POST /session/96c3a598723bca0d481ce9bce9e2baad/element - {"using":"xpath","value":"//button[@data-kt=\"addButton\"]"}
RESULT: {"using":"xpath","value":"//button[@data-kt=\"addButton\"]"}
COMMAND: POST /session/96c3a598723bca0d481ce9bce9e2baad/elements - {"using":"xpath","value":"//button[@data-kt=\"addButton\"]"}
RESULT: {"using":"xpath","value":"//button[@data-kt=\"addButton\"]"}
COMMAND: POST /session/96c3a598723bca0d481ce9bce9e2baad/elements - {"using":"xpath","value":"//button[@data-kt=\"addButton\"]"}
RESULT: {"using":"xpath","value":"//button[@data-kt=\"addButton\"]"}
COMMAND: POST /session/96c3a598723bca0d481ce9bce9e2baad/element - {"using":"xpath","value":"//button[@data-kt=\"addButton\"]"}
RESULT: {"using":"xpath","value":"//button[@data-kt=\"addButton\"]"}
COMMAND: POST /session/96c3a598723bca0d481ce9bce9e2baad/execute/sync - {"script":"<script> [8489 bytes]","args":[{"element-6066-11e4-a52e-4f735466cecf":"f.8DC08C43B755367AEB7C7AD78B2C0F17.d.D20566BF0F315C6BFCB2920FC467B16F.e.296","ELEMENT":"f.8DC08C43B755367AEB7C7AD78B2C0F17.d.D20566BF0F315C6BFCB2920FC467B16F.e.296"}]}
RESULT: {"script":"<script> [8489 bytes]","args":[{"element-6066-11e4-a52e-4f735466cecf":"f.8DC08C43B755367AEB7C7AD78B2C0F17.d.D20566BF0F315C6BFCB2920FC467B16F.e.296","ELEMENT":"f.8DC08C43B755367AEB7C7AD78B2C0F17.d.D20566BF0F315C6BFCB2920FC467B16F.e.296"}]}
COMMAND: GET /session/96c3a598723bca0d481ce9bce9e2baad/element/f.8DC08C43B755367AEB7C7AD78B2C0F17.d.D20566BF0F315C6BFCB2920FC467B16F.e.296/enabled - {}
COMMAND: GET /session/96c3a598723bca0d481ce9bce9e2baad/screenshot - {}
RESULT: {}
COMMAND: POST /session/96c3a598723bca0d481ce9bce9e2baad/execute/sync - {"script":"<script> [8489 bytes]","args":[{"element-6066-11e4-a52e-4f735466cecf":"f.8DC08C43B755367AEB7C7AD78B2C0F17.d.D20566BF0F315C6BFCB2920FC467B16F.e.296","ELEMENT":"f.8DC08C43B755367AEB7C7AD78B2C0F17.d.D20566BF0F315C6BFCB2920FC467B16F.e.296"}]}
COMMAND: GET /session/96c3a598723bca0d481ce9bce9e2baad/screenshot - {}
RESULT: {}
RESULT: {"script":"<script> [8489 bytes]","args":[{"element-6066-11e4-a52e-4f735466cecf":"f.8DC08C43B755367AEB7C7AD78B2C0F17.d.D20566BF0F315C6BFCB2920FC467B16F.e.296","ELEMENT":"f.8DC08C43B755367AEB7C7AD78B2C0F17.d.D20566BF0F315C6BFCB2920FC467B16F.e.296"}]}
COMMAND: POST /session/96c3a598723bca0d481ce9bce9e2baad/execute/sync - {"script":"<script> [5351 bytes]","args":[{"element-6066-11e4-a52e-4f735466cecf":"f.8DC08C43B755367AEB7C7AD78B2C0F17.d.D20566BF0F315C6BFCB2920FC467B16F.e.296","ELEMENT":"f.8DC08C43B755367AEB7C7AD78B2C0F17.d.D20566BF0F315C6BFCB2920FC467B16F.e.296"}]}
COMMAND: GET /session/96c3a598723bca0d481ce9bce9e2baad/screenshot - {}
RESULT: {}
RESULT: {"script":"<script> [5351 bytes]","args":[{"element-6066-11e4-a52e-4f735466cecf":"f.8DC08C43B755367AEB7C7AD78B2C0F17.d.D20566BF0F315C6BFCB2920FC467B16F.e.296","ELEMENT":"f.8DC08C43B755367AEB7C7AD78B2C0F17.d.D20566BF0F315C6BFCB2920FC467B16F.e.296"}]}
COMMAND: GET /session/96c3a598723bca0d481ce9bce9e2baad/screenshot - {}
RESULT: {}
RESULT: {}
COMMAND: POST /session/96c3a598723bca0d481ce9bce9e2baad/execute/async - {"script":"<script> [1562 bytes]","args":[{"selector":{"id":"application-addressmanagement-display-component---masterAdm--smartFilterBar-btnBasicSearch","interaction":{"idSuffix":"I"}},"wdio_ui5_key":"applicationaddressmanagement-display-component---masterAdm--smartFilterBar-btnBasicSearch"}]}
RESULT: {"script":"<script> [1562 bytes]","args":[{"selector":{"id":"application-addressmanagement-display-component---masterAdm--smartFilterBar-btnBasicSearch","interaction":{"idSuffix":"I"}},"wdio_ui5_key":"applicationaddressmanagement-display-component---masterAdm--smartFilterBar-btnBasicSearch"}]}
RESULT: undefined
COMMAND: POST /session/96c3a598723bca0d481ce9bce9e2baad/execute/async - {"script":"<script> [776 bytes]","args":[{"enterText":"1X375sMr67","selector":{"id":"application-addressmanagement-display-component---masterAdm--smartFilterBar-btnBasicSearch","interaction":{"idSuffix":"I"}},"clearTextFirst":true,"interactionType":"ENTER_TEXT"}]}
RESULT: {"script":"<script> [776 bytes]","args":[{"enterText":"1X375sMr67","selector":{"id":"application-addressmanagement-display-component---masterAdm--smartFilterBar-btnBasicSearch","interaction":{"idSuffix":"I"}},"clearTextFirst":true,"interactionType":"ENTER_TEXT"}]}
COMMAND: POST /session/96c3a598723bca0d481ce9bce9e2baad/actions - {"actions":[{"id":"action1","type":"key","parameters":{},"actions":[{"type":"keyDown","value":""},{"type":"pause","duration":10},{"type":"keyUp","value":""}]}]}
RESULT: {"actions":[{"id":"action1","type":"key","parameters":{},"actions":[{"type":"keyDown","value":""},{"type":"pause","duration":10},{"type":"keyUp","value":""}]}]}
COMMAND: GET /session/96c3a598723bca0d481ce9bce9e2baad/screenshot - {}
RESULT: {}
COMMAND: POST /session/96c3a598723bca0d481ce9bce9e2baad/elements - {"using":"xpath","value":"//table[contains(@id, \"customPersonsAddressesTable-listUl\")]/tbody/tr"}
RESULT: {"using":"xpath","value":"//table[contains(@id, \"customPersonsAddressesTable-listUl\")]/tbody/tr"}
COMMAND: POST /session/96c3a598723bca0d481ce9bce9e2baad/element - {"using":"xpath","value":"//table[contains(@id, \"customPersonsAddressesTable-listUl\")]/tbody/tr[1]/td[5]/span/span"}
RESULT: {"using":"xpath","value":"//table[contains(@id, \"customPersonsAddressesTable-listUl\")]/tbody/tr[1]/td[5]/span/span"}
COMMAND: POST /session/96c3a598723bca0d481ce9bce9e2baad/element - {"using":"xpath","value":"//table[contains(@id, \"customPersonsAddressesTable-listUl\")]/tbody/tr[1]/td[3]/span"}
RESULT: {"using":"xpath","value":"//table[contains(@id, \"customPersonsAddressesTable-listUl\")]/tbody/tr[1]/td[3]/span"}
COMMAND: POST /session/96c3a598723bca0d481ce9bce9e2baad/elements - {"using":"xpath","value":"//table[contains(@id, \"customPersonsAddressesTable-listUl\")]/tbody/tr[1]/td[5]/span/span"}
RESULT: {"using":"xpath","value":"//table[contains(@id, \"customPersonsAddressesTable-listUl\")]/tbody/tr[1]/td[5]/span/span"}
COMMAND: POST /session/96c3a598723bca0d481ce9bce9e2baad/element - {"using":"xpath","value":"//span[@id=\"application-addressmanagement-display-component---masterAdm--smartTable-header-inner\"]"}
RESULT: {"using":"xpath","value":"//span[@id=\"application-addressmanagement-display-component---masterAdm--smartTable-header-inner\"]"}
COMMAND: POST /session/96c3a598723bca0d481ce9bce9e2baad/elements - {"using":"xpath","value":"//span[@id=\"application-addressmanagement-display-component---masterAdm--smartTable-header-inner\"]"}
RESULT: {"using":"xpath","value":"//span[@id=\"application-addressmanagement-display-component---masterAdm--smartTable-header-inner\"]"}
COMMAND: POST /session/96c3a598723bca0d481ce9bce9e2baad/execute/sync - {"script":"<script> [56 bytes]","args":[{"element-6066-11e4-a52e-4f735466cecf":"f.8DC08C43B755367AEB7C7AD78B2C0F17.d.D20566BF0F315C6BFCB2920FC467B16F.e.438","ELEMENT":"f.8DC08C43B755367AEB7C7AD78B2C0F17.d.D20566BF0F315C6BFCB2920FC467B16F.e.438"}]}
RESULT: {"script":"<script> [56 bytes]","args":[{"element-6066-11e4-a52e-4f735466cecf":"f.8DC08C43B755367AEB7C7AD78B2C0F17.d.D20566BF0F315C6BFCB2920FC467B16F.e.438","ELEMENT":"f.8DC08C43B755367AEB7C7AD78B2C0F17.d.D20566BF0F315C6BFCB2920FC467B16F.e.438"}]}
COMMAND: POST /session/96c3a598723bca0d481ce9bce9e2baad/element - {"using":"xpath","value":"//button[@data-kt=\"addButton\"]"}
COMMAND: GET /session/96c3a598723bca0d481ce9bce9e2baad/screenshot - {}
RESULT: {"using":"xpath","value":"//button[@data-kt=\"addButton\"]"}
COMMAND: POST /session/96c3a598723bca0d481ce9bce9e2baad/element/f.8DC08C43B755367AEB7C7AD78B2C0F17.d.D20566BF0F315C6BFCB2920FC467B16F.e.296/click - {}
RESULT: {}
RESULT: {}
COMMAND: GET /session/96c3a598723bca0d481ce9bce9e2baad/screenshot - {}
RESULT: {}
COMMAND: POST /session/96c3a598723bca0d481ce9bce9e2baad/execute/async - {"script":"<script> [1562 bytes]","args":[{"selector":{"controlType":"sap.ui.core.Icon","viewName":"etm.portal.ui.addressmanagement.view.NewAddress","properties":{"src":{"regex":{"source":"slim\\-arrow\\-down"}}},"ancestor":{"id":"addressTitle","viewName":"etm.portal.ui.addressmanagement.view.NewAddress"}},"wdio_ui5_key":"etmportal.ui.addressmanagement.view.NewAddresssap.ui.core.Icon{\"src\":{\"regex\":{\"source\":\"slim\\\\-arrow\\\\-down\"}}}{\"id\":\"addressTitle\",\"viewName\":\"etm.portal.ui.addressmanagement.view.NewAddress\"}"}]}
RESULT: {"script":"<script> [1562 bytes]","args":[{"selector":{"controlType":"sap.ui.core.Icon","viewName":"etm.portal.ui.addressmanagement.view.NewAddress","properties":{"src":{"regex":{"source":"slim\\-arrow\\-down"}}},"ancestor":{"id":"addressTitle","viewName":"etm.portal.ui.addressmanagement.view.NewAddress"}},"wdio_ui5_key":"etmportal.ui.addressmanagement.view.NewAddresssap.ui.core.Icon{\"src\":{\"regex\":{\"source\":\"slim\\\\-arrow\\\\-down\"}}}{\"id\":\"addressTitle\",\"viewName\":\"etm.portal.ui.addressmanagement.view.NewAddress\"}"}]}
RESULT: undefined
COMMAND: POST /session/96c3a598723bca0d481ce9bce9e2baad/element - {"using":"xpath","value":"//*[@id=\"__xmlview58--addressTitle-arrow\"]"}
RESULT: {"using":"xpath","value":"//*[@id=\"__xmlview58--addressTitle-arrow\"]"}
COMMAND: POST /session/96c3a598723bca0d481ce9bce9e2baad/element/f.8DC08C43B755367AEB7C7AD78B2C0F17.d.D20566BF0F315C6BFCB2920FC467B16F.e.470/click - {}
RESULT: {}
COMMAND: GET /session/96c3a598723bca0d481ce9bce9e2baad/screenshot - {}
RESULT: {}
COMMAND: POST /session/96c3a598723bca0d481ce9bce9e2baad/element - {"using":"xpath","value":"//li[.//span[text()=\"Dr.\"]]"}
RESULT: {"using":"xpath","value":"//li[.//span[text()=\"Dr.\"]]"}
COMMAND: POST /session/96c3a598723bca0d481ce9bce9e2baad/element/f.8DC08C43B755367AEB7C7AD78B2C0F17.d.D20566BF0F315C6BFCB2920FC467B16F.e.578/click - {}
RESULT: {}
COMMAND: POST /session/96c3a598723bca0d481ce9bce9e2baad/execute/async - {"script":"<script> [1562 bytes]","args":[{"selector":{"controlType":"sap.ui.core.Icon","viewName":"etm.portal.ui.addressmanagement.view.NewAddress","properties":{"src":{"regex":{"source":"slim\\-arrow\\-down"}}},"ancestor":{"id":"addressDetailDetailsLanguage","viewName":"etm.portal.ui.addressmanagement.view.NewAddress"}},"wdio_ui5_key":"etmportal.ui.addressmanagement.view.NewAddresssap.ui.core.Icon{\"src\":{\"regex\":{\"source\":\"slim\\\\-arrow\\\\-down\"}}}{\"id\":\"addressDetailDetailsLanguage\",\"viewName\":\"etm.portal.ui.addressmanagement.view.NewAddress\"}"}]}
COMMAND: GET /session/96c3a598723bca0d481ce9bce9e2baad/screenshot - {}
RESULT: {"script":"<script> [1562 bytes]","args":[{"selector":{"controlType":"sap.ui.core.Icon","viewName":"etm.portal.ui.addressmanagement.view.NewAddress","properties":{"src":{"regex":{"source":"slim\\-arrow\\-down"}}},"ancestor":{"id":"addressDetailDetailsLanguage","viewName":"etm.portal.ui.addressmanagement.view.NewAddress"}},"wdio_ui5_key":"etmportal.ui.addressmanagement.view.NewAddresssap.ui.core.Icon{\"src\":{\"regex\":{\"source\":\"slim\\\\-arrow\\\\-down\"}}}{\"id\":\"addressDetailDetailsLanguage\",\"viewName\":\"etm.portal.ui.addressmanagement.view.NewAddress\"}"}]}
RESULT: undefined
COMMAND: POST /session/96c3a598723bca0d481ce9bce9e2baad/element - {"using":"xpath","value":"//*[@id=\"__xmlview58--addressDetailDetailsLanguage-arrow\"]"}
RESULT: {}
RESULT: {"using":"xpath","value":"//*[@id=\"__xmlview58--addressDetailDetailsLanguage-arrow\"]"}
COMMAND: POST /session/96c3a598723bca0d481ce9bce9e2baad/element/f.8DC08C43B755367AEB7C7AD78B2C0F17.d.D20566BF0F315C6BFCB2920FC467B16F.e.483/click - {}
RESULT: {}
COMMAND: GET /session/96c3a598723bca0d481ce9bce9e2baad/screenshot - {}
RESULT: {}
COMMAND: POST /session/96c3a598723bca0d481ce9bce9e2baad/element - {"using":"xpath","value":"//span[contains(text(), \"English\")]"}
RESULT: {"using":"xpath","value":"//span[contains(text(), \"English\")]"}
COMMAND: POST /session/96c3a598723bca0d481ce9bce9e2baad/element/f.8DC08C43B755367AEB7C7AD78B2C0F17.d.D20566BF0F315C6BFCB2920FC467B16F.e.579/click - {}
RESULT: {}
COMMAND: POST /session/96c3a598723bca0d481ce9bce9e2baad/execute/async - {"script":"<script> [1562 bytes]","args":[{"selector":{"controlType":"sap.m.Input","viewName":"etm.portal.ui.addressmanagement.view.NewAddress","labelFor":{"text":"Name"},"interaction":{"idSuffix":"inner"}},"wdio_ui5_key":"etmportal.ui.addressmanagement.view.NewAddresssap.m.Input{\"text\":\"Name\"}"}]}
COMMAND: GET /session/96c3a598723bca0d481ce9bce9e2baad/screenshot - {}
RESULT: {"script":"<script> [1562 bytes]","args":[{"selector":{"controlType":"sap.m.Input","viewName":"etm.portal.ui.addressmanagement.view.NewAddress","labelFor":{"text":"Name"},"interaction":{"idSuffix":"inner"}},"wdio_ui5_key":"etmportal.ui.addressmanagement.view.NewAddresssap.m.Input{\"text\":\"Name\"}"}]}
RESULT: undefined
COMMAND: POST /session/96c3a598723bca0d481ce9bce9e2baad/execute/async - {"script":"<script> [776 bytes]","args":[{"enterText":"1X375sMr67","selector":{"controlType":"sap.m.Input","viewName":"etm.portal.ui.addressmanagement.view.NewAddress","labelFor":{"text":"Name"},"interaction":{"idSuffix":"inner"}},"clearTextFirst":true,"interactionType":"ENTER_TEXT"}]}
RESULT: {}
RESULT: {"script":"<script> [776 bytes]","args":[{"enterText":"1X375sMr67","selector":{"controlType":"sap.m.Input","viewName":"etm.portal.ui.addressmanagement.view.NewAddress","labelFor":{"text":"Name"},"interaction":{"idSuffix":"inner"}},"clearTextFirst":true,"interactionType":"ENTER_TEXT"}]}
COMMAND: POST /session/96c3a598723bca0d481ce9bce9e2baad/element - {"using":"xpath","value":"//button[@title=\"Save\"]"}
RESULT: {"using":"xpath","value":"//button[@title=\"Save\"]"}
COMMAND: POST /session/96c3a598723bca0d481ce9bce9e2baad/element/f.8DC08C43B755367AEB7C7AD78B2C0F17.d.D20566BF0F315C6BFCB2920FC467B16F.e.569/click - {}
RESULT: {}
COMMAND: GET /session/96c3a598723bca0d481ce9bce9e2baad/screenshot - {}
RESULT: {}
COMMAND: POST /session/96c3a598723bca0d481ce9bce9e2baad/element - {"using":"xpath","value":"//header[contains(@id, \"application-addressmanagement-display-component---detailAdm--ObjectPageLayout-headerTitle\")]/div[1]/div[3]/div[2]/span"}
RESULT: {"using":"xpath","value":"//header[contains(@id, \"application-addressmanagement-display-component---detailAdm--ObjectPageLayout-headerTitle\")]/div[1]/div[3]/div[2]/span"}
COMMAND: POST /session/96c3a598723bca0d481ce9bce9e2baad/elements - {"using":"xpath","value":"//header[contains(@id, \"application-addressmanagement-display-component---detailAdm--ObjectPageLayout-headerTitle\")]/div[1]/div[3]/div[2]/span"}
RESULT: {"using":"xpath","value":"//header[contains(@id, \"application-addressmanagement-display-component---detailAdm--ObjectPageLayout-headerTitle\")]/div[1]/div[3]/div[2]/span"}
COMMAND: POST /session/96c3a598723bca0d481ce9bce9e2baad/execute/sync - {"script":"<script> [56 bytes]","args":[{"element-6066-11e4-a52e-4f735466cecf":"f.8DC08C43B755367AEB7C7AD78B2C0F17.d.D20566BF0F315C6BFCB2920FC467B16F.e.605","ELEMENT":"f.8DC08C43B755367AEB7C7AD78B2C0F17.d.D20566BF0F315C6BFCB2920FC467B16F.e.605"}]}
RESULT: {"script":"<script> [56 bytes]","args":[{"element-6066-11e4-a52e-4f735466cecf":"f.8DC08C43B755367AEB7C7AD78B2C0F17.d.D20566BF0F315C6BFCB2920FC467B16F.e.605","ELEMENT":"f.8DC08C43B755367AEB7C7AD78B2C0F17.d.D20566BF0F315C6BFCB2920FC467B16F.e.605"}]}
COMMAND: GET /session/96c3a598723bca0d481ce9bce9e2baad/screenshot - {}
RESULT: {}
COMMAND: POST /session/96c3a598723bca0d481ce9bce9e2baad/element - {"using":"css selector","value":"#shell-header-logo"}
RESULT: {"using":"css selector","value":"#shell-header-logo"}
COMMAND: POST /session/96c3a598723bca0d481ce9bce9e2baad/element/f.8DC08C43B755367AEB7C7AD78B2C0F17.d.D20566BF0F315C6BFCB2920FC467B16F.e.259/click - {}
RESULT: {}
COMMAND: GET /session/96c3a598723bca0d481ce9bce9e2baad/screenshot - {}
RESULT: {}
]]></system-out>
    </testcase>
    <testcase classname="chrome.136_0_7103_93.windows.Address_Management_Tests_US156181_US151165_US151160_US156180_US156178_US151157_US151172_US151170_US151166_US151168" name="Step 2 Should deactivate the created address in earlier step US151165" time="44.491">
      <system-out><![CDATA[
RESULT: undefined
COMMAND: POST /session/96c3a598723bca0d481ce9bce9e2baad/element - {"using":"xpath","value":"//*[@id=\"__tile33\"]"}
RESULT: {"using":"xpath","value":"//*[@id=\"__tile33\"]"}
COMMAND: POST /session/96c3a598723bca0d481ce9bce9e2baad/element/f.8DC08C43B755367AEB7C7AD78B2C0F17.d.D20566BF0F315C6BFCB2920FC467B16F.e.209/click - {}
RESULT: {}
COMMAND: GET /session/96c3a598723bca0d481ce9bce9e2baad/screenshot - {}
RESULT: {}
COMMAND: POST /session/96c3a598723bca0d481ce9bce9e2baad/elements - {"using":"xpath","value":"//span[text()='Error']"}
RESULT: {"using":"xpath","value":"//span[text()='Error']"}
COMMAND: POST /session/96c3a598723bca0d481ce9bce9e2baad/element - {"using":"xpath","value":"//button[@data-kt=\"addButton\"]"}
RESULT: {"using":"xpath","value":"//button[@data-kt=\"addButton\"]"}
COMMAND: POST /session/96c3a598723bca0d481ce9bce9e2baad/elements - {"using":"xpath","value":"//button[@data-kt=\"addButton\"]"}
RESULT: {"using":"xpath","value":"//button[@data-kt=\"addButton\"]"}
COMMAND: POST /session/96c3a598723bca0d481ce9bce9e2baad/execute/sync - {"script":"<script> [8489 bytes]","args":[{"element-6066-11e4-a52e-4f735466cecf":"f.8DC08C43B755367AEB7C7AD78B2C0F17.d.D20566BF0F315C6BFCB2920FC467B16F.e.671","ELEMENT":"f.8DC08C43B755367AEB7C7AD78B2C0F17.d.D20566BF0F315C6BFCB2920FC467B16F.e.671"}]}
RESULT: {"script":"<script> [8489 bytes]","args":[{"element-6066-11e4-a52e-4f735466cecf":"f.8DC08C43B755367AEB7C7AD78B2C0F17.d.D20566BF0F315C6BFCB2920FC467B16F.e.671","ELEMENT":"f.8DC08C43B755367AEB7C7AD78B2C0F17.d.D20566BF0F315C6BFCB2920FC467B16F.e.671"}]}
COMMAND: GET /session/96c3a598723bca0d481ce9bce9e2baad/element/f.8DC08C43B755367AEB7C7AD78B2C0F17.d.D20566BF0F315C6BFCB2920FC467B16F.e.671/enabled - {}
COMMAND: GET /session/96c3a598723bca0d481ce9bce9e2baad/screenshot - {}
RESULT: {}
COMMAND: POST /session/96c3a598723bca0d481ce9bce9e2baad/execute/sync - {"script":"<script> [8489 bytes]","args":[{"element-6066-11e4-a52e-4f735466cecf":"f.8DC08C43B755367AEB7C7AD78B2C0F17.d.D20566BF0F315C6BFCB2920FC467B16F.e.671","ELEMENT":"f.8DC08C43B755367AEB7C7AD78B2C0F17.d.D20566BF0F315C6BFCB2920FC467B16F.e.671"}]}
COMMAND: GET /session/96c3a598723bca0d481ce9bce9e2baad/screenshot - {}
RESULT: {}
RESULT: {"script":"<script> [8489 bytes]","args":[{"element-6066-11e4-a52e-4f735466cecf":"f.8DC08C43B755367AEB7C7AD78B2C0F17.d.D20566BF0F315C6BFCB2920FC467B16F.e.671","ELEMENT":"f.8DC08C43B755367AEB7C7AD78B2C0F17.d.D20566BF0F315C6BFCB2920FC467B16F.e.671"}]}
COMMAND: POST /session/96c3a598723bca0d481ce9bce9e2baad/execute/sync - {"script":"<script> [5351 bytes]","args":[{"element-6066-11e4-a52e-4f735466cecf":"f.8DC08C43B755367AEB7C7AD78B2C0F17.d.D20566BF0F315C6BFCB2920FC467B16F.e.671","ELEMENT":"f.8DC08C43B755367AEB7C7AD78B2C0F17.d.D20566BF0F315C6BFCB2920FC467B16F.e.671"}]}
COMMAND: GET /session/96c3a598723bca0d481ce9bce9e2baad/screenshot - {}
RESULT: {}
RESULT: {"script":"<script> [5351 bytes]","args":[{"element-6066-11e4-a52e-4f735466cecf":"f.8DC08C43B755367AEB7C7AD78B2C0F17.d.D20566BF0F315C6BFCB2920FC467B16F.e.671","ELEMENT":"f.8DC08C43B755367AEB7C7AD78B2C0F17.d.D20566BF0F315C6BFCB2920FC467B16F.e.671"}]}
COMMAND: GET /session/96c3a598723bca0d481ce9bce9e2baad/screenshot - {}
RESULT: {}
RESULT: {}
RESULT: undefined
COMMAND: POST /session/96c3a598723bca0d481ce9bce9e2baad/execute/async - {"script":"<script> [776 bytes]","args":[{"enterText":"1X375sMr67","selector":{"id":"application-addressmanagement-display-component---masterAdm--smartFilterBar-btnBasicSearch","interaction":{"idSuffix":"I"}},"clearTextFirst":true,"interactionType":"ENTER_TEXT"}]}
RESULT: {"script":"<script> [776 bytes]","args":[{"enterText":"1X375sMr67","selector":{"id":"application-addressmanagement-display-component---masterAdm--smartFilterBar-btnBasicSearch","interaction":{"idSuffix":"I"}},"clearTextFirst":true,"interactionType":"ENTER_TEXT"}]}
COMMAND: POST /session/96c3a598723bca0d481ce9bce9e2baad/actions - {"actions":[{"id":"action2","type":"key","parameters":{},"actions":[{"type":"keyDown","value":""},{"type":"pause","duration":10},{"type":"keyUp","value":""}]}]}
RESULT: {"actions":[{"id":"action2","type":"key","parameters":{},"actions":[{"type":"keyDown","value":""},{"type":"pause","duration":10},{"type":"keyUp","value":""}]}]}
COMMAND: GET /session/96c3a598723bca0d481ce9bce9e2baad/screenshot - {}
RESULT: {}
COMMAND: POST /session/96c3a598723bca0d481ce9bce9e2baad/elements - {"using":"xpath","value":"//table[contains(@id, \"customPersonsAddressesTable-listUl\")]/tbody/tr"}
RESULT: {"using":"xpath","value":"//table[contains(@id, \"customPersonsAddressesTable-listUl\")]/tbody/tr"}
COMMAND: POST /session/96c3a598723bca0d481ce9bce9e2baad/element - {"using":"xpath","value":"//table[contains(@id, \"customPersonsAddressesTable-listUl\")]/tbody/tr[1]/td[5]/span/span"}
RESULT: {"using":"xpath","value":"//table[contains(@id, \"customPersonsAddressesTable-listUl\")]/tbody/tr[1]/td[5]/span/span"}
COMMAND: POST /session/96c3a598723bca0d481ce9bce9e2baad/element - {"using":"xpath","value":"//table[contains(@id, \"customPersonsAddressesTable-listUl\")]/tbody/tr[1]/td[3]/span"}
RESULT: {"using":"xpath","value":"//table[contains(@id, \"customPersonsAddressesTable-listUl\")]/tbody/tr[1]/td[3]/span"}
COMMAND: POST /session/96c3a598723bca0d481ce9bce9e2baad/elements - {"using":"xpath","value":"//table[contains(@id, \"customPersonsAddressesTable-listUl\")]/tbody/tr[1]/td[5]/span/span"}
RESULT: {"using":"xpath","value":"//table[contains(@id, \"customPersonsAddressesTable-listUl\")]/tbody/tr[1]/td[5]/span/span"}
COMMAND: POST /session/96c3a598723bca0d481ce9bce9e2baad/execute/sync - {"script":"<script> [56 bytes]","args":[{"element-6066-11e4-a52e-4f735466cecf":"f.8DC08C43B755367AEB7C7AD78B2C0F17.d.D20566BF0F315C6BFCB2920FC467B16F.e.805","ELEMENT":"f.8DC08C43B755367AEB7C7AD78B2C0F17.d.D20566BF0F315C6BFCB2920FC467B16F.e.805"}]}
RESULT: {"script":"<script> [56 bytes]","args":[{"element-6066-11e4-a52e-4f735466cecf":"f.8DC08C43B755367AEB7C7AD78B2C0F17.d.D20566BF0F315C6BFCB2920FC467B16F.e.805","ELEMENT":"f.8DC08C43B755367AEB7C7AD78B2C0F17.d.D20566BF0F315C6BFCB2920FC467B16F.e.805"}]}
COMMAND: POST /session/96c3a598723bca0d481ce9bce9e2baad/execute/sync - {"script":"<script> [56 bytes]","args":[{"element-6066-11e4-a52e-4f735466cecf":"f.8DC08C43B755367AEB7C7AD78B2C0F17.d.D20566BF0F315C6BFCB2920FC467B16F.e.806","ELEMENT":"f.8DC08C43B755367AEB7C7AD78B2C0F17.d.D20566BF0F315C6BFCB2920FC467B16F.e.806"}]}
COMMAND: GET /session/96c3a598723bca0d481ce9bce9e2baad/screenshot - {}
RESULT: {"script":"<script> [56 bytes]","args":[{"element-6066-11e4-a52e-4f735466cecf":"f.8DC08C43B755367AEB7C7AD78B2C0F17.d.D20566BF0F315C6BFCB2920FC467B16F.e.806","ELEMENT":"f.8DC08C43B755367AEB7C7AD78B2C0F17.d.D20566BF0F315C6BFCB2920FC467B16F.e.806"}]}
COMMAND: POST /session/96c3a598723bca0d481ce9bce9e2baad/element - {"using":"xpath","value":"//table[contains(@id, \"customPersonsAddressesTable-listUl\")]/tbody/tr[1]/td[10]/div/span"}
COMMAND: GET /session/96c3a598723bca0d481ce9bce9e2baad/screenshot - {}
RESULT: {}
RESULT: {"using":"xpath","value":"//table[contains(@id, \"customPersonsAddressesTable-listUl\")]/tbody/tr[1]/td[10]/div/span"}
COMMAND: POST /session/96c3a598723bca0d481ce9bce9e2baad/execute/sync - {"script":"<script> [56 bytes]","args":[{"element-6066-11e4-a52e-4f735466cecf":"f.8DC08C43B755367AEB7C7AD78B2C0F17.d.D20566BF0F315C6BFCB2920FC467B16F.e.807","ELEMENT":"f.8DC08C43B755367AEB7C7AD78B2C0F17.d.D20566BF0F315C6BFCB2920FC467B16F.e.807"}]}
RESULT: {}
RESULT: {"script":"<script> [56 bytes]","args":[{"element-6066-11e4-a52e-4f735466cecf":"f.8DC08C43B755367AEB7C7AD78B2C0F17.d.D20566BF0F315C6BFCB2920FC467B16F.e.807","ELEMENT":"f.8DC08C43B755367AEB7C7AD78B2C0F17.d.D20566BF0F315C6BFCB2920FC467B16F.e.807"}]}
COMMAND: POST /session/96c3a598723bca0d481ce9bce9e2baad/element - {"using":"xpath","value":"//table[contains(@id, \"customPersonsAddressesTable-listUl\")]/tbody/tr[1]/td[2]/div/div"}
COMMAND: GET /session/96c3a598723bca0d481ce9bce9e2baad/screenshot - {}
RESULT: {"using":"xpath","value":"//table[contains(@id, \"customPersonsAddressesTable-listUl\")]/tbody/tr[1]/td[2]/div/div"}
COMMAND: POST /session/96c3a598723bca0d481ce9bce9e2baad/element/f.8DC08C43B755367AEB7C7AD78B2C0F17.d.D20566BF0F315C6BFCB2920FC467B16F.e.808/click - {}
RESULT: {}
RESULT: {}
COMMAND: GET /session/96c3a598723bca0d481ce9bce9e2baad/screenshot - {}
RESULT: {}
COMMAND: POST /session/96c3a598723bca0d481ce9bce9e2baad/element - {"using":"xpath","value":"//bdi[contains(text(), \"Deactivate\")]"}
RESULT: {"using":"xpath","value":"//bdi[contains(text(), \"Deactivate\")]"}
COMMAND: POST /session/96c3a598723bca0d481ce9bce9e2baad/element/f.8DC08C43B755367AEB7C7AD78B2C0F17.d.D20566BF0F315C6BFCB2920FC467B16F.e.809/click - {}
RESULT: {}
COMMAND: GET /session/96c3a598723bca0d481ce9bce9e2baad/screenshot - {}
RESULT: {}
COMMAND: POST /session/96c3a598723bca0d481ce9bce9e2baad/element - {"using":"xpath","value":"//bdi[contains(text(), \"Yes\")]"}
RESULT: {"using":"xpath","value":"//bdi[contains(text(), \"Yes\")]"}
COMMAND: POST /session/96c3a598723bca0d481ce9bce9e2baad/element/f.8DC08C43B755367AEB7C7AD78B2C0F17.d.D20566BF0F315C6BFCB2920FC467B16F.e.811/click - {}
RESULT: {}
COMMAND: GET /session/96c3a598723bca0d481ce9bce9e2baad/screenshot - {}
RESULT: {}
COMMAND: POST /session/96c3a598723bca0d481ce9bce9e2baad/element - {"using":"xpath","value":"//table[contains(@id, \"customPersonsAddressesTable-listUl\")]/tbody/tr[1]/td[10]/div/span"}
RESULT: {"using":"xpath","value":"//table[contains(@id, \"customPersonsAddressesTable-listUl\")]/tbody/tr[1]/td[10]/div/span"}
COMMAND: POST /session/96c3a598723bca0d481ce9bce9e2baad/execute/sync - {"script":"<script> [56 bytes]","args":[{"element-6066-11e4-a52e-4f735466cecf":"f.8DC08C43B755367AEB7C7AD78B2C0F17.d.D20566BF0F315C6BFCB2920FC467B16F.e.807","ELEMENT":"f.8DC08C43B755367AEB7C7AD78B2C0F17.d.D20566BF0F315C6BFCB2920FC467B16F.e.807"}]}
RESULT: {"script":"<script> [56 bytes]","args":[{"element-6066-11e4-a52e-4f735466cecf":"f.8DC08C43B755367AEB7C7AD78B2C0F17.d.D20566BF0F315C6BFCB2920FC467B16F.e.807","ELEMENT":"f.8DC08C43B755367AEB7C7AD78B2C0F17.d.D20566BF0F315C6BFCB2920FC467B16F.e.807"}]}
COMMAND: GET /session/96c3a598723bca0d481ce9bce9e2baad/screenshot - {}
RESULT: {}
COMMAND: POST /session/96c3a598723bca0d481ce9bce9e2baad/element - {"using":"css selector","value":"#shell-header-logo"}
RESULT: {"using":"css selector","value":"#shell-header-logo"}
COMMAND: POST /session/96c3a598723bca0d481ce9bce9e2baad/element/f.8DC08C43B755367AEB7C7AD78B2C0F17.d.D20566BF0F315C6BFCB2920FC467B16F.e.610/click - {}
RESULT: {}
COMMAND: GET /session/96c3a598723bca0d481ce9bce9e2baad/screenshot - {}
RESULT: {}
]]></system-out>
    </testcase>
    <testcase classname="chrome.136_0_7103_93.windows.Address_Management_Tests_US156181_US151165_US151160_US156180_US156178_US151157_US151172_US151170_US151166_US151168" name="Step 3 Should activate the created address back again US151160" time="41.356">
      <system-out><![CDATA[
RESULT: undefined
COMMAND: POST /session/96c3a598723bca0d481ce9bce9e2baad/element - {"using":"xpath","value":"//*[@id=\"__tile33\"]"}
RESULT: {"using":"xpath","value":"//*[@id=\"__tile33\"]"}
COMMAND: POST /session/96c3a598723bca0d481ce9bce9e2baad/element/f.8DC08C43B755367AEB7C7AD78B2C0F17.d.D20566BF0F315C6BFCB2920FC467B16F.e.209/click - {}
RESULT: {}
COMMAND: GET /session/96c3a598723bca0d481ce9bce9e2baad/screenshot - {}
RESULT: {}
COMMAND: POST /session/96c3a598723bca0d481ce9bce9e2baad/elements - {"using":"xpath","value":"//span[text()='Error']"}
RESULT: {"using":"xpath","value":"//span[text()='Error']"}
COMMAND: POST /session/96c3a598723bca0d481ce9bce9e2baad/element - {"using":"xpath","value":"//button[@data-kt=\"addButton\"]"}
RESULT: {"using":"xpath","value":"//button[@data-kt=\"addButton\"]"}
COMMAND: POST /session/96c3a598723bca0d481ce9bce9e2baad/elements - {"using":"xpath","value":"//button[@data-kt=\"addButton\"]"}
RESULT: {"using":"xpath","value":"//button[@data-kt=\"addButton\"]"}
COMMAND: POST /session/96c3a598723bca0d481ce9bce9e2baad/execute/sync - {"script":"<script> [8489 bytes]","args":[{"element-6066-11e4-a52e-4f735466cecf":"f.8DC08C43B755367AEB7C7AD78B2C0F17.d.D20566BF0F315C6BFCB2920FC467B16F.e.880","ELEMENT":"f.8DC08C43B755367AEB7C7AD78B2C0F17.d.D20566BF0F315C6BFCB2920FC467B16F.e.880"}]}
RESULT: {"script":"<script> [8489 bytes]","args":[{"element-6066-11e4-a52e-4f735466cecf":"f.8DC08C43B755367AEB7C7AD78B2C0F17.d.D20566BF0F315C6BFCB2920FC467B16F.e.880","ELEMENT":"f.8DC08C43B755367AEB7C7AD78B2C0F17.d.D20566BF0F315C6BFCB2920FC467B16F.e.880"}]}
COMMAND: GET /session/96c3a598723bca0d481ce9bce9e2baad/element/f.8DC08C43B755367AEB7C7AD78B2C0F17.d.D20566BF0F315C6BFCB2920FC467B16F.e.880/enabled - {}
COMMAND: GET /session/96c3a598723bca0d481ce9bce9e2baad/screenshot - {}
RESULT: {}
COMMAND: POST /session/96c3a598723bca0d481ce9bce9e2baad/execute/sync - {"script":"<script> [8489 bytes]","args":[{"element-6066-11e4-a52e-4f735466cecf":"f.8DC08C43B755367AEB7C7AD78B2C0F17.d.D20566BF0F315C6BFCB2920FC467B16F.e.880","ELEMENT":"f.8DC08C43B755367AEB7C7AD78B2C0F17.d.D20566BF0F315C6BFCB2920FC467B16F.e.880"}]}
COMMAND: GET /session/96c3a598723bca0d481ce9bce9e2baad/screenshot - {}
RESULT: {}
RESULT: {"script":"<script> [8489 bytes]","args":[{"element-6066-11e4-a52e-4f735466cecf":"f.8DC08C43B755367AEB7C7AD78B2C0F17.d.D20566BF0F315C6BFCB2920FC467B16F.e.880","ELEMENT":"f.8DC08C43B755367AEB7C7AD78B2C0F17.d.D20566BF0F315C6BFCB2920FC467B16F.e.880"}]}
COMMAND: POST /session/96c3a598723bca0d481ce9bce9e2baad/execute/sync - {"script":"<script> [5351 bytes]","args":[{"element-6066-11e4-a52e-4f735466cecf":"f.8DC08C43B755367AEB7C7AD78B2C0F17.d.D20566BF0F315C6BFCB2920FC467B16F.e.880","ELEMENT":"f.8DC08C43B755367AEB7C7AD78B2C0F17.d.D20566BF0F315C6BFCB2920FC467B16F.e.880"}]}
COMMAND: GET /session/96c3a598723bca0d481ce9bce9e2baad/screenshot - {}
RESULT: {}
RESULT: {"script":"<script> [5351 bytes]","args":[{"element-6066-11e4-a52e-4f735466cecf":"f.8DC08C43B755367AEB7C7AD78B2C0F17.d.D20566BF0F315C6BFCB2920FC467B16F.e.880","ELEMENT":"f.8DC08C43B755367AEB7C7AD78B2C0F17.d.D20566BF0F315C6BFCB2920FC467B16F.e.880"}]}
COMMAND: GET /session/96c3a598723bca0d481ce9bce9e2baad/screenshot - {}
RESULT: {}
RESULT: {}
RESULT: undefined
COMMAND: POST /session/96c3a598723bca0d481ce9bce9e2baad/execute/async - {"script":"<script> [776 bytes]","args":[{"enterText":"1X375sMr67","selector":{"id":"application-addressmanagement-display-component---masterAdm--smartFilterBar-btnBasicSearch","interaction":{"idSuffix":"I"}},"clearTextFirst":true,"interactionType":"ENTER_TEXT"}]}
RESULT: {"script":"<script> [776 bytes]","args":[{"enterText":"1X375sMr67","selector":{"id":"application-addressmanagement-display-component---masterAdm--smartFilterBar-btnBasicSearch","interaction":{"idSuffix":"I"}},"clearTextFirst":true,"interactionType":"ENTER_TEXT"}]}
COMMAND: POST /session/96c3a598723bca0d481ce9bce9e2baad/actions - {"actions":[{"id":"action3","type":"key","parameters":{},"actions":[{"type":"keyDown","value":""},{"type":"pause","duration":10},{"type":"keyUp","value":""}]}]}
RESULT: {"actions":[{"id":"action3","type":"key","parameters":{},"actions":[{"type":"keyDown","value":""},{"type":"pause","duration":10},{"type":"keyUp","value":""}]}]}
COMMAND: GET /session/96c3a598723bca0d481ce9bce9e2baad/screenshot - {}
RESULT: {}
COMMAND: POST /session/96c3a598723bca0d481ce9bce9e2baad/elements - {"using":"xpath","value":"//table[contains(@id, \"customPersonsAddressesTable-listUl\")]/tbody/tr"}
RESULT: {"using":"xpath","value":"//table[contains(@id, \"customPersonsAddressesTable-listUl\")]/tbody/tr"}
COMMAND: POST /session/96c3a598723bca0d481ce9bce9e2baad/element - {"using":"xpath","value":"//table[contains(@id, \"customPersonsAddressesTable-listUl\")]/tbody/tr[1]/td[5]/span/span"}
RESULT: {"using":"xpath","value":"//table[contains(@id, \"customPersonsAddressesTable-listUl\")]/tbody/tr[1]/td[5]/span/span"}
COMMAND: POST /session/96c3a598723bca0d481ce9bce9e2baad/element - {"using":"xpath","value":"//table[contains(@id, \"customPersonsAddressesTable-listUl\")]/tbody/tr[1]/td[3]/span"}
RESULT: {"using":"xpath","value":"//table[contains(@id, \"customPersonsAddressesTable-listUl\")]/tbody/tr[1]/td[3]/span"}
COMMAND: POST /session/96c3a598723bca0d481ce9bce9e2baad/elements - {"using":"xpath","value":"//table[contains(@id, \"customPersonsAddressesTable-listUl\")]/tbody/tr[1]/td[5]/span/span"}
RESULT: {"using":"xpath","value":"//table[contains(@id, \"customPersonsAddressesTable-listUl\")]/tbody/tr[1]/td[5]/span/span"}
COMMAND: POST /session/96c3a598723bca0d481ce9bce9e2baad/execute/sync - {"script":"<script> [56 bytes]","args":[{"element-6066-11e4-a52e-4f735466cecf":"f.8DC08C43B755367AEB7C7AD78B2C0F17.d.D20566BF0F315C6BFCB2920FC467B16F.e.1014","ELEMENT":"f.8DC08C43B755367AEB7C7AD78B2C0F17.d.D20566BF0F315C6BFCB2920FC467B16F.e.1014"}]}
RESULT: {"script":"<script> [56 bytes]","args":[{"element-6066-11e4-a52e-4f735466cecf":"f.8DC08C43B755367AEB7C7AD78B2C0F17.d.D20566BF0F315C6BFCB2920FC467B16F.e.1014","ELEMENT":"f.8DC08C43B755367AEB7C7AD78B2C0F17.d.D20566BF0F315C6BFCB2920FC467B16F.e.1014"}]}
COMMAND: POST /session/96c3a598723bca0d481ce9bce9e2baad/execute/sync - {"script":"<script> [56 bytes]","args":[{"element-6066-11e4-a52e-4f735466cecf":"f.8DC08C43B755367AEB7C7AD78B2C0F17.d.D20566BF0F315C6BFCB2920FC467B16F.e.1015","ELEMENT":"f.8DC08C43B755367AEB7C7AD78B2C0F17.d.D20566BF0F315C6BFCB2920FC467B16F.e.1015"}]}
COMMAND: GET /session/96c3a598723bca0d481ce9bce9e2baad/screenshot - {}
RESULT: {"script":"<script> [56 bytes]","args":[{"element-6066-11e4-a52e-4f735466cecf":"f.8DC08C43B755367AEB7C7AD78B2C0F17.d.D20566BF0F315C6BFCB2920FC467B16F.e.1015","ELEMENT":"f.8DC08C43B755367AEB7C7AD78B2C0F17.d.D20566BF0F315C6BFCB2920FC467B16F.e.1015"}]}
COMMAND: POST /session/96c3a598723bca0d481ce9bce9e2baad/element - {"using":"xpath","value":"//table[contains(@id, \"customPersonsAddressesTable-listUl\")]/tbody/tr[1]/td[10]/div/span"}
COMMAND: GET /session/96c3a598723bca0d481ce9bce9e2baad/screenshot - {}
RESULT: {}
RESULT: {"using":"xpath","value":"//table[contains(@id, \"customPersonsAddressesTable-listUl\")]/tbody/tr[1]/td[10]/div/span"}
COMMAND: POST /session/96c3a598723bca0d481ce9bce9e2baad/execute/sync - {"script":"<script> [56 bytes]","args":[{"element-6066-11e4-a52e-4f735466cecf":"f.8DC08C43B755367AEB7C7AD78B2C0F17.d.D20566BF0F315C6BFCB2920FC467B16F.e.1016","ELEMENT":"f.8DC08C43B755367AEB7C7AD78B2C0F17.d.D20566BF0F315C6BFCB2920FC467B16F.e.1016"}]}
RESULT: {}
RESULT: {"script":"<script> [56 bytes]","args":[{"element-6066-11e4-a52e-4f735466cecf":"f.8DC08C43B755367AEB7C7AD78B2C0F17.d.D20566BF0F315C6BFCB2920FC467B16F.e.1016","ELEMENT":"f.8DC08C43B755367AEB7C7AD78B2C0F17.d.D20566BF0F315C6BFCB2920FC467B16F.e.1016"}]}
COMMAND: POST /session/96c3a598723bca0d481ce9bce9e2baad/element - {"using":"xpath","value":"//table[contains(@id, \"customPersonsAddressesTable-listUl\")]/tbody/tr[1]/td[2]/div/div"}
COMMAND: GET /session/96c3a598723bca0d481ce9bce9e2baad/screenshot - {}
RESULT: {"using":"xpath","value":"//table[contains(@id, \"customPersonsAddressesTable-listUl\")]/tbody/tr[1]/td[2]/div/div"}
COMMAND: POST /session/96c3a598723bca0d481ce9bce9e2baad/element/f.8DC08C43B755367AEB7C7AD78B2C0F17.d.D20566BF0F315C6BFCB2920FC467B16F.e.1017/click - {}
RESULT: {}
RESULT: {}
COMMAND: GET /session/96c3a598723bca0d481ce9bce9e2baad/screenshot - {}
RESULT: {}
COMMAND: POST /session/96c3a598723bca0d481ce9bce9e2baad/element - {"using":"xpath","value":"//bdi[contains(text(), \"Activate\")]"}
RESULT: {"using":"xpath","value":"//bdi[contains(text(), \"Activate\")]"}
COMMAND: POST /session/96c3a598723bca0d481ce9bce9e2baad/element/f.8DC08C43B755367AEB7C7AD78B2C0F17.d.D20566BF0F315C6BFCB2920FC467B16F.e.1018/click - {}
RESULT: {}
COMMAND: GET /session/96c3a598723bca0d481ce9bce9e2baad/screenshot - {}
RESULT: {}
COMMAND: POST /session/96c3a598723bca0d481ce9bce9e2baad/element - {"using":"xpath","value":"//bdi[contains(text(), \"Yes\")]"}
RESULT: {"using":"xpath","value":"//bdi[contains(text(), \"Yes\")]"}
COMMAND: POST /session/96c3a598723bca0d481ce9bce9e2baad/element/f.8DC08C43B755367AEB7C7AD78B2C0F17.d.D20566BF0F315C6BFCB2920FC467B16F.e.1020/click - {}
RESULT: {}
COMMAND: GET /session/96c3a598723bca0d481ce9bce9e2baad/screenshot - {}
RESULT: {}
COMMAND: POST /session/96c3a598723bca0d481ce9bce9e2baad/element - {"using":"xpath","value":"//table[contains(@id, \"customPersonsAddressesTable-listUl\")]/tbody/tr[1]/td[10]/div/span"}
RESULT: {"using":"xpath","value":"//table[contains(@id, \"customPersonsAddressesTable-listUl\")]/tbody/tr[1]/td[10]/div/span"}
COMMAND: POST /session/96c3a598723bca0d481ce9bce9e2baad/execute/sync - {"script":"<script> [56 bytes]","args":[{"element-6066-11e4-a52e-4f735466cecf":"f.8DC08C43B755367AEB7C7AD78B2C0F17.d.D20566BF0F315C6BFCB2920FC467B16F.e.1016","ELEMENT":"f.8DC08C43B755367AEB7C7AD78B2C0F17.d.D20566BF0F315C6BFCB2920FC467B16F.e.1016"}]}
RESULT: {"script":"<script> [56 bytes]","args":[{"element-6066-11e4-a52e-4f735466cecf":"f.8DC08C43B755367AEB7C7AD78B2C0F17.d.D20566BF0F315C6BFCB2920FC467B16F.e.1016","ELEMENT":"f.8DC08C43B755367AEB7C7AD78B2C0F17.d.D20566BF0F315C6BFCB2920FC467B16F.e.1016"}]}
COMMAND: GET /session/96c3a598723bca0d481ce9bce9e2baad/screenshot - {}
RESULT: {}
COMMAND: POST /session/96c3a598723bca0d481ce9bce9e2baad/element - {"using":"css selector","value":"#shell-header-logo"}
RESULT: {"using":"css selector","value":"#shell-header-logo"}
COMMAND: POST /session/96c3a598723bca0d481ce9bce9e2baad/element/f.8DC08C43B755367AEB7C7AD78B2C0F17.d.D20566BF0F315C6BFCB2920FC467B16F.e.819/click - {}
RESULT: {}
COMMAND: GET /session/96c3a598723bca0d481ce9bce9e2baad/screenshot - {}
RESULT: {}
]]></system-out>
    </testcase>
    <testcase classname="chrome.136_0_7103_93.windows.Address_Management_Tests_US156181_US151165_US151160_US156180_US156178_US151157_US151172_US151170_US151166_US151168" name="Step 4 Should verify searches US156180 edit person and address US156178" time="79.122">
      <system-out><![CDATA[
RESULT: undefined
COMMAND: POST /session/96c3a598723bca0d481ce9bce9e2baad/element - {"using":"xpath","value":"//*[@id=\"__tile33\"]"}
RESULT: {"using":"xpath","value":"//*[@id=\"__tile33\"]"}
COMMAND: POST /session/96c3a598723bca0d481ce9bce9e2baad/element/f.8DC08C43B755367AEB7C7AD78B2C0F17.d.D20566BF0F315C6BFCB2920FC467B16F.e.209/click - {}
RESULT: {}
COMMAND: GET /session/96c3a598723bca0d481ce9bce9e2baad/screenshot - {}
RESULT: {}
COMMAND: POST /session/96c3a598723bca0d481ce9bce9e2baad/elements - {"using":"xpath","value":"//span[text()='Error']"}
RESULT: {"using":"xpath","value":"//span[text()='Error']"}
COMMAND: POST /session/96c3a598723bca0d481ce9bce9e2baad/element - {"using":"xpath","value":"//button[@data-kt=\"addButton\"]"}
RESULT: {"using":"xpath","value":"//button[@data-kt=\"addButton\"]"}
COMMAND: POST /session/96c3a598723bca0d481ce9bce9e2baad/elements - {"using":"xpath","value":"//button[@data-kt=\"addButton\"]"}
RESULT: {"using":"xpath","value":"//button[@data-kt=\"addButton\"]"}
COMMAND: POST /session/96c3a598723bca0d481ce9bce9e2baad/execute/sync - {"script":"<script> [8489 bytes]","args":[{"element-6066-11e4-a52e-4f735466cecf":"f.8DC08C43B755367AEB7C7AD78B2C0F17.d.D20566BF0F315C6BFCB2920FC467B16F.e.1071","ELEMENT":"f.8DC08C43B755367AEB7C7AD78B2C0F17.d.D20566BF0F315C6BFCB2920FC467B16F.e.1071"}]}
RESULT: {"script":"<script> [8489 bytes]","args":[{"element-6066-11e4-a52e-4f735466cecf":"f.8DC08C43B755367AEB7C7AD78B2C0F17.d.D20566BF0F315C6BFCB2920FC467B16F.e.1071","ELEMENT":"f.8DC08C43B755367AEB7C7AD78B2C0F17.d.D20566BF0F315C6BFCB2920FC467B16F.e.1071"}]}
COMMAND: GET /session/96c3a598723bca0d481ce9bce9e2baad/element/f.8DC08C43B755367AEB7C7AD78B2C0F17.d.D20566BF0F315C6BFCB2920FC467B16F.e.1071/enabled - {}
COMMAND: GET /session/96c3a598723bca0d481ce9bce9e2baad/screenshot - {}
RESULT: {}
COMMAND: POST /session/96c3a598723bca0d481ce9bce9e2baad/execute/sync - {"script":"<script> [8489 bytes]","args":[{"element-6066-11e4-a52e-4f735466cecf":"f.8DC08C43B755367AEB7C7AD78B2C0F17.d.D20566BF0F315C6BFCB2920FC467B16F.e.1071","ELEMENT":"f.8DC08C43B755367AEB7C7AD78B2C0F17.d.D20566BF0F315C6BFCB2920FC467B16F.e.1071"}]}
COMMAND: GET /session/96c3a598723bca0d481ce9bce9e2baad/screenshot - {}
RESULT: {}
RESULT: {}
RESULT: {"script":"<script> [8489 bytes]","args":[{"element-6066-11e4-a52e-4f735466cecf":"f.8DC08C43B755367AEB7C7AD78B2C0F17.d.D20566BF0F315C6BFCB2920FC467B16F.e.1071","ELEMENT":"f.8DC08C43B755367AEB7C7AD78B2C0F17.d.D20566BF0F315C6BFCB2920FC467B16F.e.1071"}]}
COMMAND: POST /session/96c3a598723bca0d481ce9bce9e2baad/execute/sync - {"script":"<script> [5351 bytes]","args":[{"element-6066-11e4-a52e-4f735466cecf":"f.8DC08C43B755367AEB7C7AD78B2C0F17.d.D20566BF0F315C6BFCB2920FC467B16F.e.1071","ELEMENT":"f.8DC08C43B755367AEB7C7AD78B2C0F17.d.D20566BF0F315C6BFCB2920FC467B16F.e.1071"}]}
COMMAND: GET /session/96c3a598723bca0d481ce9bce9e2baad/screenshot - {}
RESULT: {"script":"<script> [5351 bytes]","args":[{"element-6066-11e4-a52e-4f735466cecf":"f.8DC08C43B755367AEB7C7AD78B2C0F17.d.D20566BF0F315C6BFCB2920FC467B16F.e.1071","ELEMENT":"f.8DC08C43B755367AEB7C7AD78B2C0F17.d.D20566BF0F315C6BFCB2920FC467B16F.e.1071"}]}
COMMAND: GET /session/96c3a598723bca0d481ce9bce9e2baad/screenshot - {}
RESULT: {}
RESULT: {}
RESULT: undefined
COMMAND: POST /session/96c3a598723bca0d481ce9bce9e2baad/execute/async - {"script":"<script> [776 bytes]","args":[{"enterText":"1X375sMr67","selector":{"id":"application-addressmanagement-display-component---masterAdm--smartFilterBar-btnBasicSearch","interaction":{"idSuffix":"I"}},"clearTextFirst":true,"interactionType":"ENTER_TEXT"}]}
RESULT: {"script":"<script> [776 bytes]","args":[{"enterText":"1X375sMr67","selector":{"id":"application-addressmanagement-display-component---masterAdm--smartFilterBar-btnBasicSearch","interaction":{"idSuffix":"I"}},"clearTextFirst":true,"interactionType":"ENTER_TEXT"}]}
COMMAND: POST /session/96c3a598723bca0d481ce9bce9e2baad/actions - {"actions":[{"id":"action4","type":"key","parameters":{},"actions":[{"type":"keyDown","value":""},{"type":"pause","duration":10},{"type":"keyUp","value":""}]}]}
RESULT: {"actions":[{"id":"action4","type":"key","parameters":{},"actions":[{"type":"keyDown","value":""},{"type":"pause","duration":10},{"type":"keyUp","value":""}]}]}
COMMAND: GET /session/96c3a598723bca0d481ce9bce9e2baad/screenshot - {}
RESULT: {}
COMMAND: POST /session/96c3a598723bca0d481ce9bce9e2baad/elements - {"using":"xpath","value":"//table[contains(@id, \"customPersonsAddressesTable-listUl\")]/tbody/tr"}
RESULT: {"using":"xpath","value":"//table[contains(@id, \"customPersonsAddressesTable-listUl\")]/tbody/tr"}
COMMAND: POST /session/96c3a598723bca0d481ce9bce9e2baad/element - {"using":"xpath","value":"//table[contains(@id, \"customPersonsAddressesTable-listUl\")]/tbody/tr[1]/td[5]/span/span"}
RESULT: {"using":"xpath","value":"//table[contains(@id, \"customPersonsAddressesTable-listUl\")]/tbody/tr[1]/td[5]/span/span"}
COMMAND: POST /session/96c3a598723bca0d481ce9bce9e2baad/element - {"using":"xpath","value":"//table[contains(@id, \"customPersonsAddressesTable-listUl\")]/tbody/tr[1]/td[3]/span"}
RESULT: {"using":"xpath","value":"//table[contains(@id, \"customPersonsAddressesTable-listUl\")]/tbody/tr[1]/td[3]/span"}
COMMAND: POST /session/96c3a598723bca0d481ce9bce9e2baad/elements - {"using":"xpath","value":"//table[contains(@id, \"customPersonsAddressesTable-listUl\")]/tbody/tr[1]/td[5]/span/span"}
RESULT: {"using":"xpath","value":"//table[contains(@id, \"customPersonsAddressesTable-listUl\")]/tbody/tr[1]/td[5]/span/span"}
COMMAND: POST /session/96c3a598723bca0d481ce9bce9e2baad/execute/sync - {"script":"<script> [56 bytes]","args":[{"element-6066-11e4-a52e-4f735466cecf":"f.8DC08C43B755367AEB7C7AD78B2C0F17.d.D20566BF0F315C6BFCB2920FC467B16F.e.1218","ELEMENT":"f.8DC08C43B755367AEB7C7AD78B2C0F17.d.D20566BF0F315C6BFCB2920FC467B16F.e.1218"}]}
RESULT: {"script":"<script> [56 bytes]","args":[{"element-6066-11e4-a52e-4f735466cecf":"f.8DC08C43B755367AEB7C7AD78B2C0F17.d.D20566BF0F315C6BFCB2920FC467B16F.e.1218","ELEMENT":"f.8DC08C43B755367AEB7C7AD78B2C0F17.d.D20566BF0F315C6BFCB2920FC467B16F.e.1218"}]}
COMMAND: POST /session/96c3a598723bca0d481ce9bce9e2baad/execute/sync - {"script":"<script> [56 bytes]","args":[{"element-6066-11e4-a52e-4f735466cecf":"f.8DC08C43B755367AEB7C7AD78B2C0F17.d.D20566BF0F315C6BFCB2920FC467B16F.e.1219","ELEMENT":"f.8DC08C43B755367AEB7C7AD78B2C0F17.d.D20566BF0F315C6BFCB2920FC467B16F.e.1219"}]}
COMMAND: GET /session/96c3a598723bca0d481ce9bce9e2baad/screenshot - {}
RESULT: {"script":"<script> [56 bytes]","args":[{"element-6066-11e4-a52e-4f735466cecf":"f.8DC08C43B755367AEB7C7AD78B2C0F17.d.D20566BF0F315C6BFCB2920FC467B16F.e.1219","ELEMENT":"f.8DC08C43B755367AEB7C7AD78B2C0F17.d.D20566BF0F315C6BFCB2920FC467B16F.e.1219"}]}
COMMAND: POST /session/96c3a598723bca0d481ce9bce9e2baad/element - {"using":"xpath","value":"(//span[contains(@id, \"imgNav\")])[1]"}
COMMAND: GET /session/96c3a598723bca0d481ce9bce9e2baad/screenshot - {}
RESULT: {}
RESULT: {"using":"xpath","value":"(//span[contains(@id, \"imgNav\")])[1]"}
COMMAND: POST /session/96c3a598723bca0d481ce9bce9e2baad/element/f.8DC08C43B755367AEB7C7AD78B2C0F17.d.D20566BF0F315C6BFCB2920FC467B16F.e.1215/click - {}
RESULT: {}
RESULT: {}
COMMAND: GET /session/96c3a598723bca0d481ce9bce9e2baad/screenshot - {}
RESULT: {}
COMMAND: POST /session/96c3a598723bca0d481ce9bce9e2baad/element - {"using":"xpath","value":"//bdi[contains(text(), \"Edit\")]"}
RESULT: {"using":"xpath","value":"//bdi[contains(text(), \"Edit\")]"}
COMMAND: POST /session/96c3a598723bca0d481ce9bce9e2baad/element/f.8DC08C43B755367AEB7C7AD78B2C0F17.d.D20566BF0F315C6BFCB2920FC467B16F.e.1340/click - {}
RESULT: {}
COMMAND: GET /session/96c3a598723bca0d481ce9bce9e2baad/screenshot - {}
RESULT: {}
COMMAND: POST /session/96c3a598723bca0d481ce9bce9e2baad/execute/async - {"script":"<script> [1562 bytes]","args":[{"selector":{"controlType":"sap.ui.core.Icon","viewName":"etm.portal.ui.addressmanagement.view.EditDetail","properties":{"src":{"regex":{"source":"slim\\-arrow\\-down"}}},"ancestor":{"id":"addressTitle","viewName":"etm.portal.ui.addressmanagement.view.EditDetail"}},"wdio_ui5_key":"etmportal.ui.addressmanagement.view.EditDetailsap.ui.core.Icon{\"src\":{\"regex\":{\"source\":\"slim\\\\-arrow\\\\-down\"}}}{\"id\":\"addressTitle\",\"viewName\":\"etm.portal.ui.addressmanagement.view.EditDetail\"}"}]}
RESULT: {"script":"<script> [1562 bytes]","args":[{"selector":{"controlType":"sap.ui.core.Icon","viewName":"etm.portal.ui.addressmanagement.view.EditDetail","properties":{"src":{"regex":{"source":"slim\\-arrow\\-down"}}},"ancestor":{"id":"addressTitle","viewName":"etm.portal.ui.addressmanagement.view.EditDetail"}},"wdio_ui5_key":"etmportal.ui.addressmanagement.view.EditDetailsap.ui.core.Icon{\"src\":{\"regex\":{\"source\":\"slim\\\\-arrow\\\\-down\"}}}{\"id\":\"addressTitle\",\"viewName\":\"etm.portal.ui.addressmanagement.view.EditDetail\"}"}]}
RESULT: undefined
COMMAND: POST /session/96c3a598723bca0d481ce9bce9e2baad/element - {"using":"xpath","value":"//*[@id=\"__xmlview59--addressTitle-arrow\"]"}
RESULT: {"using":"xpath","value":"//*[@id=\"__xmlview59--addressTitle-arrow\"]"}
COMMAND: POST /session/96c3a598723bca0d481ce9bce9e2baad/element/f.8DC08C43B755367AEB7C7AD78B2C0F17.d.D20566BF0F315C6BFCB2920FC467B16F.e.1384/click - {}
RESULT: {}
COMMAND: GET /session/96c3a598723bca0d481ce9bce9e2baad/screenshot - {}
RESULT: {}
COMMAND: POST /session/96c3a598723bca0d481ce9bce9e2baad/element - {"using":"xpath","value":"//li[.//span[text()=\"Mr.\"]]"}
RESULT: {"using":"xpath","value":"//li[.//span[text()=\"Mr.\"]]"}
COMMAND: POST /session/96c3a598723bca0d481ce9bce9e2baad/element/f.8DC08C43B755367AEB7C7AD78B2C0F17.d.D20566BF0F315C6BFCB2920FC467B16F.e.1386/click - {}
RESULT: {}
COMMAND: GET /session/96c3a598723bca0d481ce9bce9e2baad/screenshot - {}
RESULT: {}
COMMAND: POST /session/96c3a598723bca0d481ce9bce9e2baad/execute/async - {"script":"<script> [1562 bytes]","args":[{"selector":{"controlType":"sap.m.Input","viewName":"etm.portal.ui.addressmanagement.view.EditDetail","labelFor":{"text":"Last Name"},"interaction":{"idSuffix":"inner"}},"wdio_ui5_key":"etmportal.ui.addressmanagement.view.EditDetailsap.m.Input{\"text\":\"Last Name\"}"}]}
RESULT: {"script":"<script> [1562 bytes]","args":[{"selector":{"controlType":"sap.m.Input","viewName":"etm.portal.ui.addressmanagement.view.EditDetail","labelFor":{"text":"Last Name"},"interaction":{"idSuffix":"inner"}},"wdio_ui5_key":"etmportal.ui.addressmanagement.view.EditDetailsap.m.Input{\"text\":\"Last Name\"}"}]}
RESULT: undefined
COMMAND: POST /session/96c3a598723bca0d481ce9bce9e2baad/execute/async - {"script":"<script> [776 bytes]","args":[{"enterText":"EDIT John Cena","selector":{"controlType":"sap.m.Input","viewName":"etm.portal.ui.addressmanagement.view.EditDetail","labelFor":{"text":"Last Name"},"interaction":{"idSuffix":"inner"}},"clearTextFirst":true,"interactionType":"ENTER_TEXT"}]}
RESULT: {"script":"<script> [776 bytes]","args":[{"enterText":"EDIT John Cena","selector":{"controlType":"sap.m.Input","viewName":"etm.portal.ui.addressmanagement.view.EditDetail","labelFor":{"text":"Last Name"},"interaction":{"idSuffix":"inner"}},"clearTextFirst":true,"interactionType":"ENTER_TEXT"}]}
COMMAND: POST /session/96c3a598723bca0d481ce9bce9e2baad/execute/async - {"script":"<script> [1562 bytes]","args":[{"selector":{"controlType":"sap.ui.core.Icon","viewName":"etm.portal.ui.addressmanagement.view.EditDetail","properties":{"src":{"regex":{"source":"slim\\-arrow\\-down"}}},"ancestor":{"id":"addressDetailDetailsLanguage","viewName":"etm.portal.ui.addressmanagement.view.EditDetail"}},"wdio_ui5_key":"etmportal.ui.addressmanagement.view.EditDetailsap.ui.core.Icon{\"src\":{\"regex\":{\"source\":\"slim\\\\-arrow\\\\-down\"}}}{\"id\":\"addressDetailDetailsLanguage\",\"viewName\":\"etm.portal.ui.addressmanagement.view.EditDetail\"}"}]}
RESULT: {"script":"<script> [1562 bytes]","args":[{"selector":{"controlType":"sap.ui.core.Icon","viewName":"etm.portal.ui.addressmanagement.view.EditDetail","properties":{"src":{"regex":{"source":"slim\\-arrow\\-down"}}},"ancestor":{"id":"addressDetailDetailsLanguage","viewName":"etm.portal.ui.addressmanagement.view.EditDetail"}},"wdio_ui5_key":"etmportal.ui.addressmanagement.view.EditDetailsap.ui.core.Icon{\"src\":{\"regex\":{\"source\":\"slim\\\\-arrow\\\\-down\"}}}{\"id\":\"addressDetailDetailsLanguage\",\"viewName\":\"etm.portal.ui.addressmanagement.view.EditDetail\"}"}]}
RESULT: undefined
COMMAND: POST /session/96c3a598723bca0d481ce9bce9e2baad/element - {"using":"xpath","value":"//*[@id=\"__xmlview59--addressDetailDetailsLanguage-arrow\"]"}
RESULT: {"using":"xpath","value":"//*[@id=\"__xmlview59--addressDetailDetailsLanguage-arrow\"]"}
COMMAND: POST /session/96c3a598723bca0d481ce9bce9e2baad/element/f.8DC08C43B755367AEB7C7AD78B2C0F17.d.D20566BF0F315C6BFCB2920FC467B16F.e.1389/click - {}
RESULT: {}
COMMAND: GET /session/96c3a598723bca0d481ce9bce9e2baad/screenshot - {}
RESULT: {}
COMMAND: POST /session/96c3a598723bca0d481ce9bce9e2baad/element - {"using":"xpath","value":"//span[contains(text(), \"Bulgarian\")]"}
RESULT: {"using":"xpath","value":"//span[contains(text(), \"Bulgarian\")]"}
COMMAND: POST /session/96c3a598723bca0d481ce9bce9e2baad/element/f.8DC08C43B755367AEB7C7AD78B2C0F17.d.D20566BF0F315C6BFCB2920FC467B16F.e.1390/click - {}
RESULT: {}
COMMAND: GET /session/96c3a598723bca0d481ce9bce9e2baad/screenshot - {}
RESULT: {}
COMMAND: POST /session/96c3a598723bca0d481ce9bce9e2baad/execute/async - {"script":"<script> [1562 bytes]","args":[{"selector":{"controlType":"sap.m.Input","viewName":"etm.portal.ui.addressmanagement.view.EditDetail","labelFor":{"text":"ZIP/Postal code"},"interaction":{"idSuffix":"inner"}},"wdio_ui5_key":"etmportal.ui.addressmanagement.view.EditDetailsap.m.Input{\"text\":\"ZIP/Postal code\"}"}]}
RESULT: {"script":"<script> [1562 bytes]","args":[{"selector":{"controlType":"sap.m.Input","viewName":"etm.portal.ui.addressmanagement.view.EditDetail","labelFor":{"text":"ZIP/Postal code"},"interaction":{"idSuffix":"inner"}},"wdio_ui5_key":"etmportal.ui.addressmanagement.view.EditDetailsap.m.Input{\"text\":\"ZIP/Postal code\"}"}]}
RESULT: undefined
COMMAND: POST /session/96c3a598723bca0d481ce9bce9e2baad/execute/async - {"script":"<script> [776 bytes]","args":[{"enterText":"500292","selector":{"controlType":"sap.m.Input","viewName":"etm.portal.ui.addressmanagement.view.EditDetail","labelFor":{"text":"ZIP/Postal code"},"interaction":{"idSuffix":"inner"}},"clearTextFirst":true,"interactionType":"ENTER_TEXT"}]}
RESULT: {"script":"<script> [776 bytes]","args":[{"enterText":"500292","selector":{"controlType":"sap.m.Input","viewName":"etm.portal.ui.addressmanagement.view.EditDetail","labelFor":{"text":"ZIP/Postal code"},"interaction":{"idSuffix":"inner"}},"clearTextFirst":true,"interactionType":"ENTER_TEXT"}]}
COMMAND: POST /session/96c3a598723bca0d481ce9bce9e2baad/execute/async - {"script":"<script> [1562 bytes]","args":[{"selector":{"id":"addressDetailContactsEmail","viewName":"etm.portal.ui.addressmanagement.view.EditDetail","interaction":{"idSuffix":"inner"}},"wdio_ui5_key":"addressDetailContactsEmailetmportal.ui.addressmanagement.view.EditDetail"}]}
RESULT: {"script":"<script> [1562 bytes]","args":[{"selector":{"id":"addressDetailContactsEmail","viewName":"etm.portal.ui.addressmanagement.view.EditDetail","interaction":{"idSuffix":"inner"}},"wdio_ui5_key":"addressDetailContactsEmailetmportal.ui.addressmanagement.view.EditDetail"}]}
RESULT: undefined
COMMAND: POST /session/96c3a598723bca0d481ce9bce9e2baad/execute/async - {"script":"<script> [776 bytes]","args":[{"enterText":"webdriverrules@emailfake.com","selector":{"id":"addressDetailContactsEmail","viewName":"etm.portal.ui.addressmanagement.view.EditDetail","interaction":{"idSuffix":"inner"}},"clearTextFirst":true,"interactionType":"ENTER_TEXT"}]}
RESULT: {"script":"<script> [776 bytes]","args":[{"enterText":"webdriverrules@emailfake.com","selector":{"id":"addressDetailContactsEmail","viewName":"etm.portal.ui.addressmanagement.view.EditDetail","interaction":{"idSuffix":"inner"}},"clearTextFirst":true,"interactionType":"ENTER_TEXT"}]}
COMMAND: POST /session/96c3a598723bca0d481ce9bce9e2baad/execute/async - {"script":"<script> [1562 bytes]","args":[{"selector":{"id":"addressUserJobTitle","viewName":"etm.portal.ui.addressmanagement.view.EditDetail","interaction":{"idSuffix":"inner"}},"wdio_ui5_key":"addressUserJobTitleetmportal.ui.addressmanagement.view.EditDetail"}]}
RESULT: {"script":"<script> [1562 bytes]","args":[{"selector":{"id":"addressUserJobTitle","viewName":"etm.portal.ui.addressmanagement.view.EditDetail","interaction":{"idSuffix":"inner"}},"wdio_ui5_key":"addressUserJobTitleetmportal.ui.addressmanagement.view.EditDetail"}]}
RESULT: undefined
COMMAND: POST /session/96c3a598723bca0d481ce9bce9e2baad/execute/async - {"script":"<script> [776 bytes]","args":[{"enterText":"director","selector":{"id":"addressUserJobTitle","viewName":"etm.portal.ui.addressmanagement.view.EditDetail","interaction":{"idSuffix":"inner"}},"clearTextFirst":true,"interactionType":"ENTER_TEXT"}]}
RESULT: {"script":"<script> [776 bytes]","args":[{"enterText":"director","selector":{"id":"addressUserJobTitle","viewName":"etm.portal.ui.addressmanagement.view.EditDetail","interaction":{"idSuffix":"inner"}},"clearTextFirst":true,"interactionType":"ENTER_TEXT"}]}
COMMAND: POST /session/96c3a598723bca0d481ce9bce9e2baad/execute/async - {"script":"<script> [1562 bytes]","args":[{"selector":{"id":"tagMultiInput","viewName":"etm.portal.ui.addressmanagement.view.EditDetail","interaction":{"idSuffix":"inner"}},"wdio_ui5_key":"tagMultiInputetmportal.ui.addressmanagement.view.EditDetail"}]}
RESULT: {"script":"<script> [1562 bytes]","args":[{"selector":{"id":"tagMultiInput","viewName":"etm.portal.ui.addressmanagement.view.EditDetail","interaction":{"idSuffix":"inner"}},"wdio_ui5_key":"tagMultiInputetmportal.ui.addressmanagement.view.EditDetail"}]}
RESULT: undefined
COMMAND: POST /session/96c3a598723bca0d481ce9bce9e2baad/execute/async - {"script":"<script> [776 bytes]","args":[{"enterText":"testyTag1","selector":{"id":"tagMultiInput","viewName":"etm.portal.ui.addressmanagement.view.EditDetail","interaction":{"idSuffix":"inner"}},"clearTextFirst":true,"interactionType":"ENTER_TEXT"}]}
RESULT: {"script":"<script> [776 bytes]","args":[{"enterText":"testyTag1","selector":{"id":"tagMultiInput","viewName":"etm.portal.ui.addressmanagement.view.EditDetail","interaction":{"idSuffix":"inner"}},"clearTextFirst":true,"interactionType":"ENTER_TEXT"}]}
COMMAND: POST /session/96c3a598723bca0d481ce9bce9e2baad/actions - {"actions":[{"id":"action5","type":"key","parameters":{},"actions":[{"type":"keyDown","value":""},{"type":"pause","duration":10},{"type":"keyUp","value":""}]}]}
RESULT: {"actions":[{"id":"action5","type":"key","parameters":{},"actions":[{"type":"keyDown","value":""},{"type":"pause","duration":10},{"type":"keyUp","value":""}]}]}
COMMAND: GET /session/96c3a598723bca0d481ce9bce9e2baad/screenshot - {}
RESULT: {}
RESULT: undefined
COMMAND: POST /session/96c3a598723bca0d481ce9bce9e2baad/execute/async - {"script":"<script> [776 bytes]","args":[{"enterText":"taggyTag2","selector":{"id":"tagMultiInput","viewName":"etm.portal.ui.addressmanagement.view.EditDetail","interaction":{"idSuffix":"inner"}},"clearTextFirst":true,"interactionType":"ENTER_TEXT"}]}
RESULT: {"script":"<script> [776 bytes]","args":[{"enterText":"taggyTag2","selector":{"id":"tagMultiInput","viewName":"etm.portal.ui.addressmanagement.view.EditDetail","interaction":{"idSuffix":"inner"}},"clearTextFirst":true,"interactionType":"ENTER_TEXT"}]}
COMMAND: POST /session/96c3a598723bca0d481ce9bce9e2baad/actions - {"actions":[{"id":"action6","type":"key","parameters":{},"actions":[{"type":"keyDown","value":""},{"type":"pause","duration":10},{"type":"keyUp","value":""}]}]}
RESULT: {"actions":[{"id":"action6","type":"key","parameters":{},"actions":[{"type":"keyDown","value":""},{"type":"pause","duration":10},{"type":"keyUp","value":""}]}]}
COMMAND: GET /session/96c3a598723bca0d481ce9bce9e2baad/screenshot - {}
RESULT: {}
COMMAND: POST /session/96c3a598723bca0d481ce9bce9e2baad/element - {"using":"xpath","value":"//button[@data-kt=\"saveButton\"]"}
RESULT: {"using":"xpath","value":"//button[@data-kt=\"saveButton\"]"}
COMMAND: POST /session/96c3a598723bca0d481ce9bce9e2baad/element/f.8DC08C43B755367AEB7C7AD78B2C0F17.d.D20566BF0F315C6BFCB2920FC467B16F.e.1396/click - {}
RESULT: {}
COMMAND: GET /session/96c3a598723bca0d481ce9bce9e2baad/screenshot - {}
RESULT: {}
COMMAND: POST /session/96c3a598723bca0d481ce9bce9e2baad/element - {"using":"xpath","value":"//span[@id=\"application-addressmanagement-display-component---detailAdm--addressTitle\"]"}
RESULT: {"using":"xpath","value":"//span[@id=\"application-addressmanagement-display-component---detailAdm--addressTitle\"]"}
COMMAND: POST /session/96c3a598723bca0d481ce9bce9e2baad/elements - {"using":"xpath","value":"//span[@id=\"application-addressmanagement-display-component---detailAdm--addressTitle\"]"}
RESULT: {"using":"xpath","value":"//span[@id=\"application-addressmanagement-display-component---detailAdm--addressTitle\"]"}
COMMAND: POST /session/96c3a598723bca0d481ce9bce9e2baad/execute/sync - {"script":"<script> [56 bytes]","args":[{"element-6066-11e4-a52e-4f735466cecf":"f.8DC08C43B755367AEB7C7AD78B2C0F17.d.D20566BF0F315C6BFCB2920FC467B16F.e.1415","ELEMENT":"f.8DC08C43B755367AEB7C7AD78B2C0F17.d.D20566BF0F315C6BFCB2920FC467B16F.e.1415"}]}
RESULT: {"script":"<script> [56 bytes]","args":[{"element-6066-11e4-a52e-4f735466cecf":"f.8DC08C43B755367AEB7C7AD78B2C0F17.d.D20566BF0F315C6BFCB2920FC467B16F.e.1415","ELEMENT":"f.8DC08C43B755367AEB7C7AD78B2C0F17.d.D20566BF0F315C6BFCB2920FC467B16F.e.1415"}]}
COMMAND: POST /session/96c3a598723bca0d481ce9bce9e2baad/element - {"using":"xpath","value":"//span[@id=\"application-addressmanagement-display-component---detailAdm--addressDetailDetailsName2\"]"}
COMMAND: GET /session/96c3a598723bca0d481ce9bce9e2baad/screenshot - {}
RESULT: {"using":"xpath","value":"//span[@id=\"application-addressmanagement-display-component---detailAdm--addressDetailDetailsName2\"]"}
COMMAND: POST /session/96c3a598723bca0d481ce9bce9e2baad/elements - {"using":"xpath","value":"//span[@id=\"application-addressmanagement-display-component---detailAdm--addressDetailDetailsName2\"]"}
RESULT: {}
RESULT: {"using":"xpath","value":"//span[@id=\"application-addressmanagement-display-component---detailAdm--addressDetailDetailsName2\"]"}
COMMAND: POST /session/96c3a598723bca0d481ce9bce9e2baad/execute/sync - {"script":"<script> [56 bytes]","args":[{"element-6066-11e4-a52e-4f735466cecf":"f.8DC08C43B755367AEB7C7AD78B2C0F17.d.D20566BF0F315C6BFCB2920FC467B16F.e.1416","ELEMENT":"f.8DC08C43B755367AEB7C7AD78B2C0F17.d.D20566BF0F315C6BFCB2920FC467B16F.e.1416"}]}
RESULT: {"script":"<script> [56 bytes]","args":[{"element-6066-11e4-a52e-4f735466cecf":"f.8DC08C43B755367AEB7C7AD78B2C0F17.d.D20566BF0F315C6BFCB2920FC467B16F.e.1416","ELEMENT":"f.8DC08C43B755367AEB7C7AD78B2C0F17.d.D20566BF0F315C6BFCB2920FC467B16F.e.1416"}]}
COMMAND: POST /session/96c3a598723bca0d481ce9bce9e2baad/element - {"using":"xpath","value":"//span[@id=\"application-addressmanagement-display-component---detailAdm--addressDetailDetailsLanguage\"]"}
COMMAND: GET /session/96c3a598723bca0d481ce9bce9e2baad/screenshot - {}
RESULT: {"using":"xpath","value":"//span[@id=\"application-addressmanagement-display-component---detailAdm--addressDetailDetailsLanguage\"]"}
COMMAND: POST /session/96c3a598723bca0d481ce9bce9e2baad/elements - {"using":"xpath","value":"//span[@id=\"application-addressmanagement-display-component---detailAdm--addressDetailDetailsLanguage\"]"}
RESULT: {}
RESULT: {"using":"xpath","value":"//span[@id=\"application-addressmanagement-display-component---detailAdm--addressDetailDetailsLanguage\"]"}
COMMAND: POST /session/96c3a598723bca0d481ce9bce9e2baad/execute/sync - {"script":"<script> [56 bytes]","args":[{"element-6066-11e4-a52e-4f735466cecf":"f.8DC08C43B755367AEB7C7AD78B2C0F17.d.D20566BF0F315C6BFCB2920FC467B16F.e.1417","ELEMENT":"f.8DC08C43B755367AEB7C7AD78B2C0F17.d.D20566BF0F315C6BFCB2920FC467B16F.e.1417"}]}
RESULT: {"script":"<script> [56 bytes]","args":[{"element-6066-11e4-a52e-4f735466cecf":"f.8DC08C43B755367AEB7C7AD78B2C0F17.d.D20566BF0F315C6BFCB2920FC467B16F.e.1417","ELEMENT":"f.8DC08C43B755367AEB7C7AD78B2C0F17.d.D20566BF0F315C6BFCB2920FC467B16F.e.1417"}]}
COMMAND: POST /session/96c3a598723bca0d481ce9bce9e2baad/element - {"using":"xpath","value":"//span[@id=\"application-addressmanagement-display-component---detailAdm--addressDetailDetailsZip1\"]"}
COMMAND: GET /session/96c3a598723bca0d481ce9bce9e2baad/screenshot - {}
RESULT: {"using":"xpath","value":"//span[@id=\"application-addressmanagement-display-component---detailAdm--addressDetailDetailsZip1\"]"}
COMMAND: POST /session/96c3a598723bca0d481ce9bce9e2baad/elements - {"using":"xpath","value":"//span[@id=\"application-addressmanagement-display-component---detailAdm--addressDetailDetailsZip1\"]"}
RESULT: {}
RESULT: {"using":"xpath","value":"//span[@id=\"application-addressmanagement-display-component---detailAdm--addressDetailDetailsZip1\"]"}
COMMAND: POST /session/96c3a598723bca0d481ce9bce9e2baad/execute/sync - {"script":"<script> [56 bytes]","args":[{"element-6066-11e4-a52e-4f735466cecf":"f.8DC08C43B755367AEB7C7AD78B2C0F17.d.D20566BF0F315C6BFCB2920FC467B16F.e.1418","ELEMENT":"f.8DC08C43B755367AEB7C7AD78B2C0F17.d.D20566BF0F315C6BFCB2920FC467B16F.e.1418"}]}
RESULT: {"script":"<script> [56 bytes]","args":[{"element-6066-11e4-a52e-4f735466cecf":"f.8DC08C43B755367AEB7C7AD78B2C0F17.d.D20566BF0F315C6BFCB2920FC467B16F.e.1418","ELEMENT":"f.8DC08C43B755367AEB7C7AD78B2C0F17.d.D20566BF0F315C6BFCB2920FC467B16F.e.1418"}]}
COMMAND: POST /session/96c3a598723bca0d481ce9bce9e2baad/element - {"using":"xpath","value":"//span[@id=\"application-addressmanagement-display-component---detailAdm--addressDetailContactsEmail\"]"}
COMMAND: GET /session/96c3a598723bca0d481ce9bce9e2baad/screenshot - {}
RESULT: {"using":"xpath","value":"//span[@id=\"application-addressmanagement-display-component---detailAdm--addressDetailContactsEmail\"]"}
COMMAND: POST /session/96c3a598723bca0d481ce9bce9e2baad/elements - {"using":"xpath","value":"//span[@id=\"application-addressmanagement-display-component---detailAdm--addressDetailContactsEmail\"]"}
RESULT: {}
RESULT: {"using":"xpath","value":"//span[@id=\"application-addressmanagement-display-component---detailAdm--addressDetailContactsEmail\"]"}
COMMAND: POST /session/96c3a598723bca0d481ce9bce9e2baad/execute/sync - {"script":"<script> [56 bytes]","args":[{"element-6066-11e4-a52e-4f735466cecf":"f.8DC08C43B755367AEB7C7AD78B2C0F17.d.D20566BF0F315C6BFCB2920FC467B16F.e.1419","ELEMENT":"f.8DC08C43B755367AEB7C7AD78B2C0F17.d.D20566BF0F315C6BFCB2920FC467B16F.e.1419"}]}
RESULT: {"script":"<script> [56 bytes]","args":[{"element-6066-11e4-a52e-4f735466cecf":"f.8DC08C43B755367AEB7C7AD78B2C0F17.d.D20566BF0F315C6BFCB2920FC467B16F.e.1419","ELEMENT":"f.8DC08C43B755367AEB7C7AD78B2C0F17.d.D20566BF0F315C6BFCB2920FC467B16F.e.1419"}]}
COMMAND: POST /session/96c3a598723bca0d481ce9bce9e2baad/element - {"using":"xpath","value":"//span[@id=\"application-addressmanagement-display-component---detailAdm--addressUserJobTitle\"]"}
COMMAND: GET /session/96c3a598723bca0d481ce9bce9e2baad/screenshot - {}
RESULT: {"using":"xpath","value":"//span[@id=\"application-addressmanagement-display-component---detailAdm--addressUserJobTitle\"]"}
COMMAND: POST /session/96c3a598723bca0d481ce9bce9e2baad/elements - {"using":"xpath","value":"//span[@id=\"application-addressmanagement-display-component---detailAdm--addressUserJobTitle\"]"}
RESULT: {}
RESULT: {"using":"xpath","value":"//span[@id=\"application-addressmanagement-display-component---detailAdm--addressUserJobTitle\"]"}
COMMAND: POST /session/96c3a598723bca0d481ce9bce9e2baad/execute/sync - {"script":"<script> [56 bytes]","args":[{"element-6066-11e4-a52e-4f735466cecf":"f.8DC08C43B755367AEB7C7AD78B2C0F17.d.D20566BF0F315C6BFCB2920FC467B16F.e.1420","ELEMENT":"f.8DC08C43B755367AEB7C7AD78B2C0F17.d.D20566BF0F315C6BFCB2920FC467B16F.e.1420"}]}
RESULT: {"script":"<script> [56 bytes]","args":[{"element-6066-11e4-a52e-4f735466cecf":"f.8DC08C43B755367AEB7C7AD78B2C0F17.d.D20566BF0F315C6BFCB2920FC467B16F.e.1420","ELEMENT":"f.8DC08C43B755367AEB7C7AD78B2C0F17.d.D20566BF0F315C6BFCB2920FC467B16F.e.1420"}]}
COMMAND: POST /session/96c3a598723bca0d481ce9bce9e2baad/element - {"using":"xpath","value":"//span[contains(@class, \"sapMTokenText\") and text()=\"testyTag1\"]"}
COMMAND: GET /session/96c3a598723bca0d481ce9bce9e2baad/screenshot - {}
RESULT: {"using":"xpath","value":"//span[contains(@class, \"sapMTokenText\") and text()=\"testyTag1\"]"}
COMMAND: POST /session/96c3a598723bca0d481ce9bce9e2baad/element - {"using":"xpath","value":"//span[contains(@class, \"sapMTokenText\") and text()=\"taggyTag2\"]"}
RESULT: {}
RESULT: {"using":"xpath","value":"//span[contains(@class, \"sapMTokenText\") and text()=\"taggyTag2\"]"}
COMMAND: POST /session/96c3a598723bca0d481ce9bce9e2baad/elements - {"using":"xpath","value":"//span[contains(@class, \"sapMTokenText\") and text()=\"testyTag1\"]"}
RESULT: {"using":"xpath","value":"//span[contains(@class, \"sapMTokenText\") and text()=\"testyTag1\"]"}
COMMAND: POST /session/96c3a598723bca0d481ce9bce9e2baad/elements - {"using":"xpath","value":"//span[contains(@class, \"sapMTokenText\") and text()=\"taggyTag2\"]"}
RESULT: {"using":"xpath","value":"//span[contains(@class, \"sapMTokenText\") and text()=\"taggyTag2\"]"}
COMMAND: POST /session/96c3a598723bca0d481ce9bce9e2baad/element - {"using":"css selector","value":"#shell-header-logo"}
RESULT: {"using":"css selector","value":"#shell-header-logo"}
COMMAND: POST /session/96c3a598723bca0d481ce9bce9e2baad/element/f.8DC08C43B755367AEB7C7AD78B2C0F17.d.D20566BF0F315C6BFCB2920FC467B16F.e.1027/click - {}
RESULT: {}
COMMAND: GET /session/96c3a598723bca0d481ce9bce9e2baad/screenshot - {}
RESULT: {}
]]></system-out>
    </testcase>
    <testcase classname="chrome.136_0_7103_93.windows.Address_Management_Tests_US156181_US151165_US151160_US156180_US156178_US151157_US151172_US151170_US151166_US151168" name="Step 5 Should verify searches US156180 verify filters US151157" time="99.32">
      <system-out><![CDATA[
RESULT: undefined
COMMAND: POST /session/96c3a598723bca0d481ce9bce9e2baad/element - {"using":"xpath","value":"//*[@id=\"__tile33\"]"}
RESULT: {"using":"xpath","value":"//*[@id=\"__tile33\"]"}
COMMAND: POST /session/96c3a598723bca0d481ce9bce9e2baad/element/f.8DC08C43B755367AEB7C7AD78B2C0F17.d.D20566BF0F315C6BFCB2920FC467B16F.e.209/click - {}
RESULT: {}
COMMAND: GET /session/96c3a598723bca0d481ce9bce9e2baad/screenshot - {}
RESULT: {}
COMMAND: POST /session/96c3a598723bca0d481ce9bce9e2baad/elements - {"using":"xpath","value":"//span[text()='Error']"}
RESULT: {"using":"xpath","value":"//span[text()='Error']"}
COMMAND: POST /session/96c3a598723bca0d481ce9bce9e2baad/element - {"using":"xpath","value":"//button[@data-kt=\"addButton\"]"}
RESULT: {"using":"xpath","value":"//button[@data-kt=\"addButton\"]"}
COMMAND: POST /session/96c3a598723bca0d481ce9bce9e2baad/elements - {"using":"xpath","value":"//button[@data-kt=\"addButton\"]"}
RESULT: {"using":"xpath","value":"//button[@data-kt=\"addButton\"]"}
COMMAND: POST /session/96c3a598723bca0d481ce9bce9e2baad/execute/sync - {"script":"<script> [8489 bytes]","args":[{"element-6066-11e4-a52e-4f735466cecf":"f.8DC08C43B755367AEB7C7AD78B2C0F17.d.D20566BF0F315C6BFCB2920FC467B16F.e.1484","ELEMENT":"f.8DC08C43B755367AEB7C7AD78B2C0F17.d.D20566BF0F315C6BFCB2920FC467B16F.e.1484"}]}
RESULT: {"script":"<script> [8489 bytes]","args":[{"element-6066-11e4-a52e-4f735466cecf":"f.8DC08C43B755367AEB7C7AD78B2C0F17.d.D20566BF0F315C6BFCB2920FC467B16F.e.1484","ELEMENT":"f.8DC08C43B755367AEB7C7AD78B2C0F17.d.D20566BF0F315C6BFCB2920FC467B16F.e.1484"}]}
COMMAND: GET /session/96c3a598723bca0d481ce9bce9e2baad/element/f.8DC08C43B755367AEB7C7AD78B2C0F17.d.D20566BF0F315C6BFCB2920FC467B16F.e.1484/enabled - {}
COMMAND: GET /session/96c3a598723bca0d481ce9bce9e2baad/screenshot - {}
RESULT: {}
COMMAND: POST /session/96c3a598723bca0d481ce9bce9e2baad/execute/sync - {"script":"<script> [8489 bytes]","args":[{"element-6066-11e4-a52e-4f735466cecf":"f.8DC08C43B755367AEB7C7AD78B2C0F17.d.D20566BF0F315C6BFCB2920FC467B16F.e.1484","ELEMENT":"f.8DC08C43B755367AEB7C7AD78B2C0F17.d.D20566BF0F315C6BFCB2920FC467B16F.e.1484"}]}
COMMAND: GET /session/96c3a598723bca0d481ce9bce9e2baad/screenshot - {}
RESULT: {}
RESULT: {"script":"<script> [8489 bytes]","args":[{"element-6066-11e4-a52e-4f735466cecf":"f.8DC08C43B755367AEB7C7AD78B2C0F17.d.D20566BF0F315C6BFCB2920FC467B16F.e.1484","ELEMENT":"f.8DC08C43B755367AEB7C7AD78B2C0F17.d.D20566BF0F315C6BFCB2920FC467B16F.e.1484"}]}
COMMAND: POST /session/96c3a598723bca0d481ce9bce9e2baad/execute/sync - {"script":"<script> [5351 bytes]","args":[{"element-6066-11e4-a52e-4f735466cecf":"f.8DC08C43B755367AEB7C7AD78B2C0F17.d.D20566BF0F315C6BFCB2920FC467B16F.e.1484","ELEMENT":"f.8DC08C43B755367AEB7C7AD78B2C0F17.d.D20566BF0F315C6BFCB2920FC467B16F.e.1484"}]}
COMMAND: GET /session/96c3a598723bca0d481ce9bce9e2baad/screenshot - {}
RESULT: {}
RESULT: {"script":"<script> [5351 bytes]","args":[{"element-6066-11e4-a52e-4f735466cecf":"f.8DC08C43B755367AEB7C7AD78B2C0F17.d.D20566BF0F315C6BFCB2920FC467B16F.e.1484","ELEMENT":"f.8DC08C43B755367AEB7C7AD78B2C0F17.d.D20566BF0F315C6BFCB2920FC467B16F.e.1484"}]}
COMMAND: GET /session/96c3a598723bca0d481ce9bce9e2baad/screenshot - {}
RESULT: {}
RESULT: {}
COMMAND: POST /session/96c3a598723bca0d481ce9bce9e2baad/element - {"using":"xpath","value":"//span[@id=\"application-addressmanagement-display-component---masterAdm--smartTable-header-inner\"]"}
RESULT: {"using":"xpath","value":"//span[@id=\"application-addressmanagement-display-component---masterAdm--smartTable-header-inner\"]"}
COMMAND: POST /session/96c3a598723bca0d481ce9bce9e2baad/elements - {"using":"xpath","value":"//span[@id=\"application-addressmanagement-display-component---masterAdm--smartTable-header-inner\"]"}
RESULT: {"using":"xpath","value":"//span[@id=\"application-addressmanagement-display-component---masterAdm--smartTable-header-inner\"]"}
COMMAND: POST /session/96c3a598723bca0d481ce9bce9e2baad/execute/sync - {"script":"<script> [56 bytes]","args":[{"element-6066-11e4-a52e-4f735466cecf":"f.8DC08C43B755367AEB7C7AD78B2C0F17.d.D20566BF0F315C6BFCB2920FC467B16F.e.1614","ELEMENT":"f.8DC08C43B755367AEB7C7AD78B2C0F17.d.D20566BF0F315C6BFCB2920FC467B16F.e.1614"}]}
RESULT: {"script":"<script> [56 bytes]","args":[{"element-6066-11e4-a52e-4f735466cecf":"f.8DC08C43B755367AEB7C7AD78B2C0F17.d.D20566BF0F315C6BFCB2920FC467B16F.e.1614","ELEMENT":"f.8DC08C43B755367AEB7C7AD78B2C0F17.d.D20566BF0F315C6BFCB2920FC467B16F.e.1614"}]}
COMMAND: POST /session/96c3a598723bca0d481ce9bce9e2baad/execute/async - {"script":"<script> [1562 bytes]","args":[{"selector":{"id":"application-addressmanagement-display-component---masterAdm--smartFilterBar-filterItemControl_BASIC-COUNTRY-vhi"},"wdio_ui5_key":"applicationaddressmanagement-display-component---masterAdm--smartFilterBar-filterItemControl_BASIC-COUNTRY-vhi"}]}
COMMAND: GET /session/96c3a598723bca0d481ce9bce9e2baad/screenshot - {}
RESULT: {"script":"<script> [1562 bytes]","args":[{"selector":{"id":"application-addressmanagement-display-component---masterAdm--smartFilterBar-filterItemControl_BASIC-COUNTRY-vhi"},"wdio_ui5_key":"applicationaddressmanagement-display-component---masterAdm--smartFilterBar-filterItemControl_BASIC-COUNTRY-vhi"}]}
RESULT: undefined
COMMAND: POST /session/96c3a598723bca0d481ce9bce9e2baad/element - {"using":"xpath","value":"//*[@id=\"application-addressmanagement-display-component---masterAdm--smartFilterBar-filterItemControl_BASIC-COUNTRY-vhi\"]"}
RESULT: {}
RESULT: {"using":"xpath","value":"//*[@id=\"application-addressmanagement-display-component---masterAdm--smartFilterBar-filterItemControl_BASIC-COUNTRY-vhi\"]"}
COMMAND: POST /session/96c3a598723bca0d481ce9bce9e2baad/element/f.8DC08C43B755367AEB7C7AD78B2C0F17.d.D20566BF0F315C6BFCB2920FC467B16F.e.1615/click - {}
RESULT: {}
COMMAND: GET /session/96c3a598723bca0d481ce9bce9e2baad/screenshot - {}
RESULT: {}
COMMAND: POST /session/96c3a598723bca0d481ce9bce9e2baad/execute/async - {"script":"<script> [1562 bytes]","args":[{"selector":{"id":"application-addressmanagement-display-component---masterAdm--smartFilterBar-filterItemControl_BASIC-COUNTRY-valueHelpDialog-smartFilterBar-btnBasicSearch","searchOpenDialogs":true,"interaction":{"idSuffix":"I"}},"wdio_ui5_key":"applicationaddressmanagement-display-component---masterAdm--smartFilterBar-filterItemControl_BASIC-COUNTRY-valueHelpDialog-smartFilterBar-btnBasicSearch"}]}
RESULT: {"script":"<script> [1562 bytes]","args":[{"selector":{"id":"application-addressmanagement-display-component---masterAdm--smartFilterBar-filterItemControl_BASIC-COUNTRY-valueHelpDialog-smartFilterBar-btnBasicSearch","searchOpenDialogs":true,"interaction":{"idSuffix":"I"}},"wdio_ui5_key":"applicationaddressmanagement-display-component---masterAdm--smartFilterBar-filterItemControl_BASIC-COUNTRY-valueHelpDialog-smartFilterBar-btnBasicSearch"}]}
RESULT: undefined
COMMAND: POST /session/96c3a598723bca0d481ce9bce9e2baad/execute/async - {"script":"<script> [776 bytes]","args":[{"enterText":"Romania","selector":{"id":"application-addressmanagement-display-component---masterAdm--smartFilterBar-filterItemControl_BASIC-COUNTRY-valueHelpDialog-smartFilterBar-btnBasicSearch","searchOpenDialogs":true,"interaction":{"idSuffix":"I"}},"clearTextFirst":true,"interactionType":"ENTER_TEXT"}]}
RESULT: {"script":"<script> [776 bytes]","args":[{"enterText":"Romania","selector":{"id":"application-addressmanagement-display-component---masterAdm--smartFilterBar-filterItemControl_BASIC-COUNTRY-valueHelpDialog-smartFilterBar-btnBasicSearch","searchOpenDialogs":true,"interaction":{"idSuffix":"I"}},"clearTextFirst":true,"interactionType":"ENTER_TEXT"}]}
COMMAND: POST /session/96c3a598723bca0d481ce9bce9e2baad/actions - {"actions":[{"id":"action7","type":"key","parameters":{},"actions":[{"type":"keyDown","value":""},{"type":"pause","duration":10},{"type":"keyUp","value":""}]}]}
RESULT: {"actions":[{"id":"action7","type":"key","parameters":{},"actions":[{"type":"keyDown","value":""},{"type":"pause","duration":10},{"type":"keyUp","value":""}]}]}
COMMAND: POST /session/96c3a598723bca0d481ce9bce9e2baad/elements - {"using":"xpath","value":"//table[contains(@id, \"smartFilterBar-filterItemControl_BASIC-COUNTRY-valueHelpDialog-table-table\")]/tbody/tr"}
COMMAND: GET /session/96c3a598723bca0d481ce9bce9e2baad/screenshot - {}
RESULT: {"using":"xpath","value":"//table[contains(@id, \"smartFilterBar-filterItemControl_BASIC-COUNTRY-valueHelpDialog-table-table\")]/tbody/tr"}
COMMAND: POST /session/96c3a598723bca0d481ce9bce9e2baad/element - {"using":"xpath","value":"//table[contains(@id, \"smartFilterBar-filterItemControl_BASIC-COUNTRY-valueHelpDialog-table-table\")]/tbody/tr[1]/td[1]/div/span"}
RESULT: {}
RESULT: {"using":"xpath","value":"//table[contains(@id, \"smartFilterBar-filterItemControl_BASIC-COUNTRY-valueHelpDialog-table-table\")]/tbody/tr[1]/td[1]/div/span"}
COMMAND: POST /session/96c3a598723bca0d481ce9bce9e2baad/elements - {"using":"xpath","value":"//table[contains(@id, \"smartFilterBar-filterItemControl_BASIC-COUNTRY-valueHelpDialog-table-table\")]/tbody/tr[1]/td[1]/div/span"}
RESULT: {"using":"xpath","value":"//table[contains(@id, \"smartFilterBar-filterItemControl_BASIC-COUNTRY-valueHelpDialog-table-table\")]/tbody/tr[1]/td[1]/div/span"}
COMMAND: POST /session/96c3a598723bca0d481ce9bce9e2baad/execute/sync - {"script":"<script> [56 bytes]","args":[{"element-6066-11e4-a52e-4f735466cecf":"f.8DC08C43B755367AEB7C7AD78B2C0F17.d.D20566BF0F315C6BFCB2920FC467B16F.e.1635","ELEMENT":"f.8DC08C43B755367AEB7C7AD78B2C0F17.d.D20566BF0F315C6BFCB2920FC467B16F.e.1635"}]}
RESULT: {"script":"<script> [56 bytes]","args":[{"element-6066-11e4-a52e-4f735466cecf":"f.8DC08C43B755367AEB7C7AD78B2C0F17.d.D20566BF0F315C6BFCB2920FC467B16F.e.1635","ELEMENT":"f.8DC08C43B755367AEB7C7AD78B2C0F17.d.D20566BF0F315C6BFCB2920FC467B16F.e.1635"}]}
COMMAND: POST /session/96c3a598723bca0d481ce9bce9e2baad/element - {"using":"xpath","value":"//div[contains(@id, \"filterItemControl_BASIC-COUNTRY-valueHelpDialog-table-rowsel0\")]"}
COMMAND: GET /session/96c3a598723bca0d481ce9bce9e2baad/screenshot - {}
RESULT: {"using":"xpath","value":"//div[contains(@id, \"filterItemControl_BASIC-COUNTRY-valueHelpDialog-table-rowsel0\")]"}
COMMAND: POST /session/96c3a598723bca0d481ce9bce9e2baad/element/f.8DC08C43B755367AEB7C7AD78B2C0F17.d.D20566BF0F315C6BFCB2920FC467B16F.e.1636/click - {}
RESULT: {}
RESULT: {}
COMMAND: GET /session/96c3a598723bca0d481ce9bce9e2baad/screenshot - {}
RESULT: {}
COMMAND: POST /session/96c3a598723bca0d481ce9bce9e2baad/element - {"using":"xpath","value":"(//bdi[contains(text(), \"OK\")])[1]"}
RESULT: {"using":"xpath","value":"(//bdi[contains(text(), \"OK\")])[1]"}
COMMAND: POST /session/96c3a598723bca0d481ce9bce9e2baad/element/f.8DC08C43B755367AEB7C7AD78B2C0F17.d.D20566BF0F315C6BFCB2920FC467B16F.e.1638/click - {}
RESULT: {}
COMMAND: GET /session/96c3a598723bca0d481ce9bce9e2baad/screenshot - {}
RESULT: {}
COMMAND: POST /session/96c3a598723bca0d481ce9bce9e2baad/element - {"using":"xpath","value":"//span[@id=\"application-addressmanagement-display-component---masterAdm--smartTable-header-inner\"]"}
RESULT: {"using":"xpath","value":"//span[@id=\"application-addressmanagement-display-component---masterAdm--smartTable-header-inner\"]"}
COMMAND: POST /session/96c3a598723bca0d481ce9bce9e2baad/elements - {"using":"xpath","value":"//span[@id=\"application-addressmanagement-display-component---masterAdm--smartTable-header-inner\"]"}
RESULT: {"using":"xpath","value":"//span[@id=\"application-addressmanagement-display-component---masterAdm--smartTable-header-inner\"]"}
COMMAND: POST /session/96c3a598723bca0d481ce9bce9e2baad/execute/sync - {"script":"<script> [56 bytes]","args":[{"element-6066-11e4-a52e-4f735466cecf":"f.8DC08C43B755367AEB7C7AD78B2C0F17.d.D20566BF0F315C6BFCB2920FC467B16F.e.1614","ELEMENT":"f.8DC08C43B755367AEB7C7AD78B2C0F17.d.D20566BF0F315C6BFCB2920FC467B16F.e.1614"}]}
RESULT: {"script":"<script> [56 bytes]","args":[{"element-6066-11e4-a52e-4f735466cecf":"f.8DC08C43B755367AEB7C7AD78B2C0F17.d.D20566BF0F315C6BFCB2920FC467B16F.e.1614","ELEMENT":"f.8DC08C43B755367AEB7C7AD78B2C0F17.d.D20566BF0F315C6BFCB2920FC467B16F.e.1614"}]}
COMMAND: POST /session/96c3a598723bca0d481ce9bce9e2baad/element - {"using":"xpath","value":"//span[contains(@title, \"Remove\")]"}
COMMAND: GET /session/96c3a598723bca0d481ce9bce9e2baad/screenshot - {}
RESULT: {"using":"xpath","value":"//span[contains(@title, \"Remove\")]"}
COMMAND: POST /session/96c3a598723bca0d481ce9bce9e2baad/element/f.8DC08C43B755367AEB7C7AD78B2C0F17.d.D20566BF0F315C6BFCB2920FC467B16F.e.1764/click - {}
RESULT: {}
RESULT: {}
COMMAND: GET /session/96c3a598723bca0d481ce9bce9e2baad/screenshot - {}
RESULT: {}
COMMAND: POST /session/96c3a598723bca0d481ce9bce9e2baad/element - {"using":"xpath","value":"//span[@id=\"application-addressmanagement-display-component---masterAdm--smartTable-header-inner\"]"}
RESULT: {"using":"xpath","value":"//span[@id=\"application-addressmanagement-display-component---masterAdm--smartTable-header-inner\"]"}
COMMAND: POST /session/96c3a598723bca0d481ce9bce9e2baad/elements - {"using":"xpath","value":"//span[@id=\"application-addressmanagement-display-component---masterAdm--smartTable-header-inner\"]"}
RESULT: {"using":"xpath","value":"//span[@id=\"application-addressmanagement-display-component---masterAdm--smartTable-header-inner\"]"}
COMMAND: POST /session/96c3a598723bca0d481ce9bce9e2baad/execute/sync - {"script":"<script> [56 bytes]","args":[{"element-6066-11e4-a52e-4f735466cecf":"f.8DC08C43B755367AEB7C7AD78B2C0F17.d.D20566BF0F315C6BFCB2920FC467B16F.e.1614","ELEMENT":"f.8DC08C43B755367AEB7C7AD78B2C0F17.d.D20566BF0F315C6BFCB2920FC467B16F.e.1614"}]}
RESULT: {"script":"<script> [56 bytes]","args":[{"element-6066-11e4-a52e-4f735466cecf":"f.8DC08C43B755367AEB7C7AD78B2C0F17.d.D20566BF0F315C6BFCB2920FC467B16F.e.1614","ELEMENT":"f.8DC08C43B755367AEB7C7AD78B2C0F17.d.D20566BF0F315C6BFCB2920FC467B16F.e.1614"}]}
RESULT: undefined
COMMAND: POST /session/96c3a598723bca0d481ce9bce9e2baad/element - {"using":"xpath","value":"//*[@id=\"application-addressmanagement-display-component---masterAdm--smartFilterBar-filterItemControl_BASIC-COUNTRY-vhi\"]"}
COMMAND: GET /session/96c3a598723bca0d481ce9bce9e2baad/screenshot - {}
RESULT: {"using":"xpath","value":"//*[@id=\"application-addressmanagement-display-component---masterAdm--smartFilterBar-filterItemControl_BASIC-COUNTRY-vhi\"]"}
COMMAND: POST /session/96c3a598723bca0d481ce9bce9e2baad/element/f.8DC08C43B755367AEB7C7AD78B2C0F17.d.D20566BF0F315C6BFCB2920FC467B16F.e.1615/click - {}
RESULT: {}
RESULT: {}
COMMAND: GET /session/96c3a598723bca0d481ce9bce9e2baad/screenshot - {}
RESULT: {}
RESULT: undefined
COMMAND: POST /session/96c3a598723bca0d481ce9bce9e2baad/execute/async - {"script":"<script> [776 bytes]","args":[{"enterText":"Romania","selector":{"id":"application-addressmanagement-display-component---masterAdm--smartFilterBar-filterItemControl_BASIC-COUNTRY-valueHelpDialog-smartFilterBar-btnBasicSearch","searchOpenDialogs":true,"interaction":{"idSuffix":"I"}},"clearTextFirst":true,"interactionType":"ENTER_TEXT"}]}
RESULT: {"script":"<script> [776 bytes]","args":[{"enterText":"Romania","selector":{"id":"application-addressmanagement-display-component---masterAdm--smartFilterBar-filterItemControl_BASIC-COUNTRY-valueHelpDialog-smartFilterBar-btnBasicSearch","searchOpenDialogs":true,"interaction":{"idSuffix":"I"}},"clearTextFirst":true,"interactionType":"ENTER_TEXT"}]}
COMMAND: POST /session/96c3a598723bca0d481ce9bce9e2baad/actions - {"actions":[{"id":"action8","type":"key","parameters":{},"actions":[{"type":"keyDown","value":""},{"type":"pause","duration":10},{"type":"keyUp","value":""}]}]}
RESULT: {"actions":[{"id":"action8","type":"key","parameters":{},"actions":[{"type":"keyDown","value":""},{"type":"pause","duration":10},{"type":"keyUp","value":""}]}]}
COMMAND: GET /session/96c3a598723bca0d481ce9bce9e2baad/screenshot - {}
RESULT: {}
COMMAND: POST /session/96c3a598723bca0d481ce9bce9e2baad/elements - {"using":"xpath","value":"//table[contains(@id, \"smartFilterBar-filterItemControl_BASIC-COUNTRY-valueHelpDialog-table-table\")]/tbody/tr"}
RESULT: {"using":"xpath","value":"//table[contains(@id, \"smartFilterBar-filterItemControl_BASIC-COUNTRY-valueHelpDialog-table-table\")]/tbody/tr"}
COMMAND: POST /session/96c3a598723bca0d481ce9bce9e2baad/element - {"using":"xpath","value":"//table[contains(@id, \"smartFilterBar-filterItemControl_BASIC-COUNTRY-valueHelpDialog-table-table\")]/tbody/tr[1]/td[1]/div/span"}
RESULT: {"using":"xpath","value":"//table[contains(@id, \"smartFilterBar-filterItemControl_BASIC-COUNTRY-valueHelpDialog-table-table\")]/tbody/tr[1]/td[1]/div/span"}
COMMAND: POST /session/96c3a598723bca0d481ce9bce9e2baad/elements - {"using":"xpath","value":"//table[contains(@id, \"smartFilterBar-filterItemControl_BASIC-COUNTRY-valueHelpDialog-table-table\")]/tbody/tr[1]/td[1]/div/span"}
RESULT: {"using":"xpath","value":"//table[contains(@id, \"smartFilterBar-filterItemControl_BASIC-COUNTRY-valueHelpDialog-table-table\")]/tbody/tr[1]/td[1]/div/span"}
COMMAND: POST /session/96c3a598723bca0d481ce9bce9e2baad/execute/sync - {"script":"<script> [56 bytes]","args":[{"element-6066-11e4-a52e-4f735466cecf":"f.8DC08C43B755367AEB7C7AD78B2C0F17.d.D20566BF0F315C6BFCB2920FC467B16F.e.1847","ELEMENT":"f.8DC08C43B755367AEB7C7AD78B2C0F17.d.D20566BF0F315C6BFCB2920FC467B16F.e.1847"}]}
RESULT: {"script":"<script> [56 bytes]","args":[{"element-6066-11e4-a52e-4f735466cecf":"f.8DC08C43B755367AEB7C7AD78B2C0F17.d.D20566BF0F315C6BFCB2920FC467B16F.e.1847","ELEMENT":"f.8DC08C43B755367AEB7C7AD78B2C0F17.d.D20566BF0F315C6BFCB2920FC467B16F.e.1847"}]}
COMMAND: POST /session/96c3a598723bca0d481ce9bce9e2baad/element - {"using":"xpath","value":"//div[contains(@id, \"filterItemControl_BASIC-COUNTRY-valueHelpDialog-table-rowsel0\")]"}
COMMAND: GET /session/96c3a598723bca0d481ce9bce9e2baad/screenshot - {}
RESULT: {"using":"xpath","value":"//div[contains(@id, \"filterItemControl_BASIC-COUNTRY-valueHelpDialog-table-rowsel0\")]"}
COMMAND: POST /session/96c3a598723bca0d481ce9bce9e2baad/element/f.8DC08C43B755367AEB7C7AD78B2C0F17.d.D20566BF0F315C6BFCB2920FC467B16F.e.1848/click - {}
RESULT: {}
RESULT: {}
COMMAND: GET /session/96c3a598723bca0d481ce9bce9e2baad/screenshot - {}
RESULT: {}
RESULT: undefined
COMMAND: POST /session/96c3a598723bca0d481ce9bce9e2baad/element - {"using":"xpath","value":"//*[@id=\"application-addressmanagement-display-component---masterAdm--smartFilterBar-filterItemControl_BASIC-COUNTRY-vhi\"]"}
RESULT: {"using":"xpath","value":"//*[@id=\"application-addressmanagement-display-component---masterAdm--smartFilterBar-filterItemControl_BASIC-COUNTRY-vhi\"]"}
COMMAND: POST /session/96c3a598723bca0d481ce9bce9e2baad/element/f.8DC08C43B755367AEB7C7AD78B2C0F17.d.D20566BF0F315C6BFCB2920FC467B16F.e.1615/click - {}
RESULT: undefined
COMMAND: POST /session/96c3a598723bca0d481ce9bce9e2baad/execute/async - {"script":"<script> [776 bytes]","args":[{"enterText":"Argentina","selector":{"id":"application-addressmanagement-display-component---masterAdm--smartFilterBar-filterItemControl_BASIC-COUNTRY-valueHelpDialog-smartFilterBar-btnBasicSearch","searchOpenDialogs":true,"interaction":{"idSuffix":"I"}},"clearTextFirst":true,"interactionType":"ENTER_TEXT"}]}
RESULT: {"script":"<script> [776 bytes]","args":[{"enterText":"Argentina","selector":{"id":"application-addressmanagement-display-component---masterAdm--smartFilterBar-filterItemControl_BASIC-COUNTRY-valueHelpDialog-smartFilterBar-btnBasicSearch","searchOpenDialogs":true,"interaction":{"idSuffix":"I"}},"clearTextFirst":true,"interactionType":"ENTER_TEXT"}]}
COMMAND: POST /session/96c3a598723bca0d481ce9bce9e2baad/actions - {"actions":[{"id":"action9","type":"key","parameters":{},"actions":[{"type":"keyDown","value":""},{"type":"pause","duration":10},{"type":"keyUp","value":""}]}]}
RESULT: {"actions":[{"id":"action9","type":"key","parameters":{},"actions":[{"type":"keyDown","value":""},{"type":"pause","duration":10},{"type":"keyUp","value":""}]}]}
COMMAND: GET /session/96c3a598723bca0d481ce9bce9e2baad/screenshot - {}
RESULT: {}
COMMAND: POST /session/96c3a598723bca0d481ce9bce9e2baad/elements - {"using":"xpath","value":"//table[contains(@id, \"smartFilterBar-filterItemControl_BASIC-COUNTRY-valueHelpDialog-table-table\")]/tbody/tr"}
RESULT: {"using":"xpath","value":"//table[contains(@id, \"smartFilterBar-filterItemControl_BASIC-COUNTRY-valueHelpDialog-table-table\")]/tbody/tr"}
COMMAND: POST /session/96c3a598723bca0d481ce9bce9e2baad/element - {"using":"xpath","value":"//table[contains(@id, \"smartFilterBar-filterItemControl_BASIC-COUNTRY-valueHelpDialog-table-table\")]/tbody/tr[1]/td[1]/div/span"}
RESULT: {"using":"xpath","value":"//table[contains(@id, \"smartFilterBar-filterItemControl_BASIC-COUNTRY-valueHelpDialog-table-table\")]/tbody/tr[1]/td[1]/div/span"}
COMMAND: POST /session/96c3a598723bca0d481ce9bce9e2baad/elements - {"using":"xpath","value":"//table[contains(@id, \"smartFilterBar-filterItemControl_BASIC-COUNTRY-valueHelpDialog-table-table\")]/tbody/tr[1]/td[1]/div/span"}
RESULT: {"using":"xpath","value":"//table[contains(@id, \"smartFilterBar-filterItemControl_BASIC-COUNTRY-valueHelpDialog-table-table\")]/tbody/tr[1]/td[1]/div/span"}
COMMAND: POST /session/96c3a598723bca0d481ce9bce9e2baad/execute/sync - {"script":"<script> [56 bytes]","args":[{"element-6066-11e4-a52e-4f735466cecf":"f.8DC08C43B755367AEB7C7AD78B2C0F17.d.D20566BF0F315C6BFCB2920FC467B16F.e.1847","ELEMENT":"f.8DC08C43B755367AEB7C7AD78B2C0F17.d.D20566BF0F315C6BFCB2920FC467B16F.e.1847"}]}
RESULT: {"script":"<script> [56 bytes]","args":[{"element-6066-11e4-a52e-4f735466cecf":"f.8DC08C43B755367AEB7C7AD78B2C0F17.d.D20566BF0F315C6BFCB2920FC467B16F.e.1847","ELEMENT":"f.8DC08C43B755367AEB7C7AD78B2C0F17.d.D20566BF0F315C6BFCB2920FC467B16F.e.1847"}]}
COMMAND: POST /session/96c3a598723bca0d481ce9bce9e2baad/element - {"using":"xpath","value":"//div[contains(@id, \"filterItemControl_BASIC-COUNTRY-valueHelpDialog-table-rowsel0\")]"}
COMMAND: GET /session/96c3a598723bca0d481ce9bce9e2baad/screenshot - {}
RESULT: {"using":"xpath","value":"//div[contains(@id, \"filterItemControl_BASIC-COUNTRY-valueHelpDialog-table-rowsel0\")]"}
COMMAND: POST /session/96c3a598723bca0d481ce9bce9e2baad/element/f.8DC08C43B755367AEB7C7AD78B2C0F17.d.D20566BF0F315C6BFCB2920FC467B16F.e.1848/click - {}
RESULT: {}
RESULT: {}
COMMAND: GET /session/96c3a598723bca0d481ce9bce9e2baad/screenshot - {}
RESULT: {}
COMMAND: POST /session/96c3a598723bca0d481ce9bce9e2baad/element - {"using":"xpath","value":"(//bdi[contains(text(), \"OK\")])[1]"}
RESULT: {"using":"xpath","value":"(//bdi[contains(text(), \"OK\")])[1]"}
COMMAND: POST /session/96c3a598723bca0d481ce9bce9e2baad/element/f.8DC08C43B755367AEB7C7AD78B2C0F17.d.D20566BF0F315C6BFCB2920FC467B16F.e.1850/click - {}
RESULT: {}
COMMAND: GET /session/96c3a598723bca0d481ce9bce9e2baad/screenshot - {}
RESULT: {}
COMMAND: POST /session/96c3a598723bca0d481ce9bce9e2baad/element - {"using":"xpath","value":"//span[@id=\"application-addressmanagement-display-component---masterAdm--smartTable-header-inner\"]"}
RESULT: {"using":"xpath","value":"//span[@id=\"application-addressmanagement-display-component---masterAdm--smartTable-header-inner\"]"}
COMMAND: POST /session/96c3a598723bca0d481ce9bce9e2baad/elements - {"using":"xpath","value":"//span[@id=\"application-addressmanagement-display-component---masterAdm--smartTable-header-inner\"]"}
RESULT: {"using":"xpath","value":"//span[@id=\"application-addressmanagement-display-component---masterAdm--smartTable-header-inner\"]"}
COMMAND: POST /session/96c3a598723bca0d481ce9bce9e2baad/execute/sync - {"script":"<script> [56 bytes]","args":[{"element-6066-11e4-a52e-4f735466cecf":"f.8DC08C43B755367AEB7C7AD78B2C0F17.d.D20566BF0F315C6BFCB2920FC467B16F.e.1614","ELEMENT":"f.8DC08C43B755367AEB7C7AD78B2C0F17.d.D20566BF0F315C6BFCB2920FC467B16F.e.1614"}]}
RESULT: {"script":"<script> [56 bytes]","args":[{"element-6066-11e4-a52e-4f735466cecf":"f.8DC08C43B755367AEB7C7AD78B2C0F17.d.D20566BF0F315C6BFCB2920FC467B16F.e.1614","ELEMENT":"f.8DC08C43B755367AEB7C7AD78B2C0F17.d.D20566BF0F315C6BFCB2920FC467B16F.e.1614"}]}
COMMAND: POST /session/96c3a598723bca0d481ce9bce9e2baad/execute/async - {"script":"<script> [1562 bytes]","args":[{"selector":{"id":"application-addressmanagement-display-component---masterAdm--smartFilterBar-filterItemControl_BASIC-NAME-vhi"},"wdio_ui5_key":"applicationaddressmanagement-display-component---masterAdm--smartFilterBar-filterItemControl_BASIC-NAME-vhi"}]}
COMMAND: GET /session/96c3a598723bca0d481ce9bce9e2baad/screenshot - {}
RESULT: {"script":"<script> [1562 bytes]","args":[{"selector":{"id":"application-addressmanagement-display-component---masterAdm--smartFilterBar-filterItemControl_BASIC-NAME-vhi"},"wdio_ui5_key":"applicationaddressmanagement-display-component---masterAdm--smartFilterBar-filterItemControl_BASIC-NAME-vhi"}]}
RESULT: undefined
COMMAND: POST /session/96c3a598723bca0d481ce9bce9e2baad/element - {"using":"xpath","value":"//*[@id=\"application-addressmanagement-display-component---masterAdm--smartFilterBar-filterItemControl_BASIC-NAME-vhi\"]"}
RESULT: {}
RESULT: {"using":"xpath","value":"//*[@id=\"application-addressmanagement-display-component---masterAdm--smartFilterBar-filterItemControl_BASIC-NAME-vhi\"]"}
COMMAND: POST /session/96c3a598723bca0d481ce9bce9e2baad/element/f.8DC08C43B755367AEB7C7AD78B2C0F17.d.D20566BF0F315C6BFCB2920FC467B16F.e.1880/click - {}
RESULT: {}
COMMAND: GET /session/96c3a598723bca0d481ce9bce9e2baad/screenshot - {}
RESULT: {}
COMMAND: POST /session/96c3a598723bca0d481ce9bce9e2baad/execute/async - {"script":"<script> [1562 bytes]","args":[{"selector":{"controlType":"sap.m.Input","viewName":"etm.portal.ui.addressmanagement.view.Master","viewId":"application-addressmanagement-display-component---masterAdm","properties":{"valueState":"None"},"searchOpenDialogs":true,"interaction":{"idSuffix":"inner"}},"wdio_ui5_key":"etmportal.ui.addressmanagement.view.Mastersap.m.Input{\"valueState\":\"None\"}"}]}
RESULT: {"script":"<script> [1562 bytes]","args":[{"selector":{"controlType":"sap.m.Input","viewName":"etm.portal.ui.addressmanagement.view.Master","viewId":"application-addressmanagement-display-component---masterAdm","properties":{"valueState":"None"},"searchOpenDialogs":true,"interaction":{"idSuffix":"inner"}},"wdio_ui5_key":"etmportal.ui.addressmanagement.view.Mastersap.m.Input{\"valueState\":\"None\"}"}]}
RESULT: undefined
COMMAND: POST /session/96c3a598723bca0d481ce9bce9e2baad/execute/async - {"script":"<script> [776 bytes]","args":[{"enterText":"Test","selector":{"controlType":"sap.m.Input","viewName":"etm.portal.ui.addressmanagement.view.Master","viewId":"application-addressmanagement-display-component---masterAdm","properties":{"valueState":"None"},"searchOpenDialogs":true,"interaction":{"idSuffix":"inner"}},"clearTextFirst":true,"interactionType":"ENTER_TEXT"}]}
RESULT: {"script":"<script> [776 bytes]","args":[{"enterText":"Test","selector":{"controlType":"sap.m.Input","viewName":"etm.portal.ui.addressmanagement.view.Master","viewId":"application-addressmanagement-display-component---masterAdm","properties":{"valueState":"None"},"searchOpenDialogs":true,"interaction":{"idSuffix":"inner"}},"clearTextFirst":true,"interactionType":"ENTER_TEXT"}]}
COMMAND: POST /session/96c3a598723bca0d481ce9bce9e2baad/actions - {"actions":[{"id":"action10","type":"key","parameters":{},"actions":[{"type":"keyDown","value":""},{"type":"pause","duration":10},{"type":"keyUp","value":""}]}]}
RESULT: {"actions":[{"id":"action10","type":"key","parameters":{},"actions":[{"type":"keyDown","value":""},{"type":"pause","duration":10},{"type":"keyUp","value":""}]}]}
COMMAND: GET /session/96c3a598723bca0d481ce9bce9e2baad/screenshot - {}
RESULT: {}
COMMAND: POST /session/96c3a598723bca0d481ce9bce9e2baad/element - {"using":"xpath","value":"(//bdi[contains(text(), \"OK\")])[1]"}
RESULT: {"using":"xpath","value":"(//bdi[contains(text(), \"OK\")])[1]"}
COMMAND: POST /session/96c3a598723bca0d481ce9bce9e2baad/element/f.8DC08C43B755367AEB7C7AD78B2C0F17.d.D20566BF0F315C6BFCB2920FC467B16F.e.1887/click - {}
RESULT: {}
COMMAND: GET /session/96c3a598723bca0d481ce9bce9e2baad/screenshot - {}
RESULT: {}
COMMAND: POST /session/96c3a598723bca0d481ce9bce9e2baad/element - {"using":"xpath","value":"//span[@id=\"application-addressmanagement-display-component---masterAdm--smartTable-header-inner\"]"}
RESULT: {"using":"xpath","value":"//span[@id=\"application-addressmanagement-display-component---masterAdm--smartTable-header-inner\"]"}
COMMAND: POST /session/96c3a598723bca0d481ce9bce9e2baad/elements - {"using":"xpath","value":"//span[@id=\"application-addressmanagement-display-component---masterAdm--smartTable-header-inner\"]"}
RESULT: {"using":"xpath","value":"//span[@id=\"application-addressmanagement-display-component---masterAdm--smartTable-header-inner\"]"}
COMMAND: POST /session/96c3a598723bca0d481ce9bce9e2baad/execute/sync - {"script":"<script> [56 bytes]","args":[{"element-6066-11e4-a52e-4f735466cecf":"f.8DC08C43B755367AEB7C7AD78B2C0F17.d.D20566BF0F315C6BFCB2920FC467B16F.e.1614","ELEMENT":"f.8DC08C43B755367AEB7C7AD78B2C0F17.d.D20566BF0F315C6BFCB2920FC467B16F.e.1614"}]}
RESULT: {"script":"<script> [56 bytes]","args":[{"element-6066-11e4-a52e-4f735466cecf":"f.8DC08C43B755367AEB7C7AD78B2C0F17.d.D20566BF0F315C6BFCB2920FC467B16F.e.1614","ELEMENT":"f.8DC08C43B755367AEB7C7AD78B2C0F17.d.D20566BF0F315C6BFCB2920FC467B16F.e.1614"}]}
COMMAND: POST /session/96c3a598723bca0d481ce9bce9e2baad/element - {"using":"xpath","value":"//span[contains(@title, \"Remove\")]"}
COMMAND: GET /session/96c3a598723bca0d481ce9bce9e2baad/screenshot - {}
RESULT: {"using":"xpath","value":"//span[contains(@title, \"Remove\")]"}
COMMAND: POST /session/96c3a598723bca0d481ce9bce9e2baad/element/f.8DC08C43B755367AEB7C7AD78B2C0F17.d.D20566BF0F315C6BFCB2920FC467B16F.e.1962/click - {}
RESULT: {}
RESULT: {}
COMMAND: GET /session/96c3a598723bca0d481ce9bce9e2baad/screenshot - {}
COMMAND: POST /session/96c3a598723bca0d481ce9bce9e2baad/element - {"using":"xpath","value":"//span[contains(@title, \"Remove\")]"}
RESULT: {}
RESULT: {"using":"xpath","value":"//span[contains(@title, \"Remove\")]"}
COMMAND: POST /session/96c3a598723bca0d481ce9bce9e2baad/element/f.8DC08C43B755367AEB7C7AD78B2C0F17.d.D20566BF0F315C6BFCB2920FC467B16F.e.2037/click - {}
RESULT: {}
COMMAND: GET /session/96c3a598723bca0d481ce9bce9e2baad/screenshot - {}
COMMAND: POST /session/96c3a598723bca0d481ce9bce9e2baad/element - {"using":"xpath","value":"//span[contains(@title, \"Remove\")]"}
RESULT: {}
RESULT: {"using":"xpath","value":"//span[contains(@title, \"Remove\")]"}
COMMAND: POST /session/96c3a598723bca0d481ce9bce9e2baad/element/f.8DC08C43B755367AEB7C7AD78B2C0F17.d.D20566BF0F315C6BFCB2920FC467B16F.e.2154/click - {}
RESULT: {}
COMMAND: GET /session/96c3a598723bca0d481ce9bce9e2baad/screenshot - {}
RESULT: {}
COMMAND: POST /session/96c3a598723bca0d481ce9bce9e2baad/element - {"using":"css selector","value":"#shell-header-logo"}
RESULT: {"using":"css selector","value":"#shell-header-logo"}
COMMAND: POST /session/96c3a598723bca0d481ce9bce9e2baad/element/f.8DC08C43B755367AEB7C7AD78B2C0F17.d.D20566BF0F315C6BFCB2920FC467B16F.e.1430/click - {}
RESULT: {}
COMMAND: GET /session/96c3a598723bca0d481ce9bce9e2baad/screenshot - {}
RESULT: {}
]]></system-out>
    </testcase>
    <testcase classname="chrome.136_0_7103_93.windows.Address_Management_Tests_US156181_US151165_US151160_US156180_US156178_US151157_US151172_US151170_US151166_US151168" name="Step 6 Should assign user ID to an user assign them to site US151172" time="82.627">
      <system-out><![CDATA[
RESULT: undefined
COMMAND: POST /session/96c3a598723bca0d481ce9bce9e2baad/element - {"using":"xpath","value":"//*[@id=\"__tile33\"]"}
RESULT: {"using":"xpath","value":"//*[@id=\"__tile33\"]"}
COMMAND: POST /session/96c3a598723bca0d481ce9bce9e2baad/element/f.8DC08C43B755367AEB7C7AD78B2C0F17.d.D20566BF0F315C6BFCB2920FC467B16F.e.209/click - {}
RESULT: {}
COMMAND: GET /session/96c3a598723bca0d481ce9bce9e2baad/screenshot - {}
COMMAND: POST /session/96c3a598723bca0d481ce9bce9e2baad/elements - {"using":"xpath","value":"//span[text()='Error']"}
RESULT: {}
RESULT: {"using":"xpath","value":"//span[text()='Error']"}
COMMAND: POST /session/96c3a598723bca0d481ce9bce9e2baad/element - {"using":"xpath","value":"//button[@data-kt=\"addButton\"]"}
RESULT: {"using":"xpath","value":"//button[@data-kt=\"addButton\"]"}
COMMAND: POST /session/96c3a598723bca0d481ce9bce9e2baad/elements - {"using":"xpath","value":"//button[@data-kt=\"addButton\"]"}
RESULT: {"using":"xpath","value":"//button[@data-kt=\"addButton\"]"}
COMMAND: POST /session/96c3a598723bca0d481ce9bce9e2baad/execute/sync - {"script":"<script> [8489 bytes]","args":[{"element-6066-11e4-a52e-4f735466cecf":"f.8DC08C43B755367AEB7C7AD78B2C0F17.d.D20566BF0F315C6BFCB2920FC467B16F.e.2279","ELEMENT":"f.8DC08C43B755367AEB7C7AD78B2C0F17.d.D20566BF0F315C6BFCB2920FC467B16F.e.2279"}]}
RESULT: {"script":"<script> [8489 bytes]","args":[{"element-6066-11e4-a52e-4f735466cecf":"f.8DC08C43B755367AEB7C7AD78B2C0F17.d.D20566BF0F315C6BFCB2920FC467B16F.e.2279","ELEMENT":"f.8DC08C43B755367AEB7C7AD78B2C0F17.d.D20566BF0F315C6BFCB2920FC467B16F.e.2279"}]}
COMMAND: GET /session/96c3a598723bca0d481ce9bce9e2baad/element/f.8DC08C43B755367AEB7C7AD78B2C0F17.d.D20566BF0F315C6BFCB2920FC467B16F.e.2279/enabled - {}
COMMAND: GET /session/96c3a598723bca0d481ce9bce9e2baad/screenshot - {}
RESULT: {}
COMMAND: POST /session/96c3a598723bca0d481ce9bce9e2baad/execute/sync - {"script":"<script> [8489 bytes]","args":[{"element-6066-11e4-a52e-4f735466cecf":"f.8DC08C43B755367AEB7C7AD78B2C0F17.d.D20566BF0F315C6BFCB2920FC467B16F.e.2279","ELEMENT":"f.8DC08C43B755367AEB7C7AD78B2C0F17.d.D20566BF0F315C6BFCB2920FC467B16F.e.2279"}]}
COMMAND: GET /session/96c3a598723bca0d481ce9bce9e2baad/screenshot - {}
RESULT: {}
RESULT: {"script":"<script> [8489 bytes]","args":[{"element-6066-11e4-a52e-4f735466cecf":"f.8DC08C43B755367AEB7C7AD78B2C0F17.d.D20566BF0F315C6BFCB2920FC467B16F.e.2279","ELEMENT":"f.8DC08C43B755367AEB7C7AD78B2C0F17.d.D20566BF0F315C6BFCB2920FC467B16F.e.2279"}]}
COMMAND: POST /session/96c3a598723bca0d481ce9bce9e2baad/execute/sync - {"script":"<script> [5351 bytes]","args":[{"element-6066-11e4-a52e-4f735466cecf":"f.8DC08C43B755367AEB7C7AD78B2C0F17.d.D20566BF0F315C6BFCB2920FC467B16F.e.2279","ELEMENT":"f.8DC08C43B755367AEB7C7AD78B2C0F17.d.D20566BF0F315C6BFCB2920FC467B16F.e.2279"}]}
COMMAND: GET /session/96c3a598723bca0d481ce9bce9e2baad/screenshot - {}
RESULT: {}
RESULT: {"script":"<script> [5351 bytes]","args":[{"element-6066-11e4-a52e-4f735466cecf":"f.8DC08C43B755367AEB7C7AD78B2C0F17.d.D20566BF0F315C6BFCB2920FC467B16F.e.2279","ELEMENT":"f.8DC08C43B755367AEB7C7AD78B2C0F17.d.D20566BF0F315C6BFCB2920FC467B16F.e.2279"}]}
COMMAND: GET /session/96c3a598723bca0d481ce9bce9e2baad/screenshot - {}
RESULT: {}
RESULT: {}
RESULT: undefined
COMMAND: POST /session/96c3a598723bca0d481ce9bce9e2baad/execute/async - {"script":"<script> [776 bytes]","args":[{"enterText":"Test1ETM","selector":{"id":"application-addressmanagement-display-component---masterAdm--smartFilterBar-btnBasicSearch","interaction":{"idSuffix":"I"}},"clearTextFirst":true,"interactionType":"ENTER_TEXT"}]}
RESULT: {"script":"<script> [776 bytes]","args":[{"enterText":"Test1ETM","selector":{"id":"application-addressmanagement-display-component---masterAdm--smartFilterBar-btnBasicSearch","interaction":{"idSuffix":"I"}},"clearTextFirst":true,"interactionType":"ENTER_TEXT"}]}
COMMAND: POST /session/96c3a598723bca0d481ce9bce9e2baad/actions - {"actions":[{"id":"action11","type":"key","parameters":{},"actions":[{"type":"keyDown","value":""},{"type":"pause","duration":10},{"type":"keyUp","value":""}]}]}
RESULT: {"actions":[{"id":"action11","type":"key","parameters":{},"actions":[{"type":"keyDown","value":""},{"type":"pause","duration":10},{"type":"keyUp","value":""}]}]}
COMMAND: GET /session/96c3a598723bca0d481ce9bce9e2baad/screenshot - {}
RESULT: {}
COMMAND: POST /session/96c3a598723bca0d481ce9bce9e2baad/elements - {"using":"xpath","value":"//table[contains(@id, \"customPersonsAddressesTable-listUl\")]/tbody/tr"}
RESULT: {"using":"xpath","value":"//table[contains(@id, \"customPersonsAddressesTable-listUl\")]/tbody/tr"}
COMMAND: POST /session/96c3a598723bca0d481ce9bce9e2baad/element - {"using":"xpath","value":"//table[contains(@id, \"customPersonsAddressesTable-listUl\")]/tbody/tr[1]/td[5]/span/span"}
RESULT: {"using":"xpath","value":"//table[contains(@id, \"customPersonsAddressesTable-listUl\")]/tbody/tr[1]/td[5]/span/span"}
COMMAND: POST /session/96c3a598723bca0d481ce9bce9e2baad/element - {"using":"xpath","value":"//table[contains(@id, \"customPersonsAddressesTable-listUl\")]/tbody/tr[1]/td[3]/span"}
RESULT: {"using":"xpath","value":"//table[contains(@id, \"customPersonsAddressesTable-listUl\")]/tbody/tr[1]/td[3]/span"}
COMMAND: POST /session/96c3a598723bca0d481ce9bce9e2baad/elements - {"using":"xpath","value":"//table[contains(@id, \"customPersonsAddressesTable-listUl\")]/tbody/tr[1]/td[5]/span/span"}
RESULT: {"using":"xpath","value":"//table[contains(@id, \"customPersonsAddressesTable-listUl\")]/tbody/tr[1]/td[5]/span/span"}
COMMAND: POST /session/96c3a598723bca0d481ce9bce9e2baad/execute/sync - {"script":"<script> [56 bytes]","args":[{"element-6066-11e4-a52e-4f735466cecf":"f.8DC08C43B755367AEB7C7AD78B2C0F17.d.D20566BF0F315C6BFCB2920FC467B16F.e.2424","ELEMENT":"f.8DC08C43B755367AEB7C7AD78B2C0F17.d.D20566BF0F315C6BFCB2920FC467B16F.e.2424"}]}
RESULT: {"script":"<script> [56 bytes]","args":[{"element-6066-11e4-a52e-4f735466cecf":"f.8DC08C43B755367AEB7C7AD78B2C0F17.d.D20566BF0F315C6BFCB2920FC467B16F.e.2424","ELEMENT":"f.8DC08C43B755367AEB7C7AD78B2C0F17.d.D20566BF0F315C6BFCB2920FC467B16F.e.2424"}]}
COMMAND: POST /session/96c3a598723bca0d481ce9bce9e2baad/element - {"using":"xpath","value":"//span[@id=\"application-addressmanagement-display-component---masterAdm--smartTable-header-inner\"]"}
COMMAND: GET /session/96c3a598723bca0d481ce9bce9e2baad/screenshot - {}
RESULT: {"using":"xpath","value":"//span[@id=\"application-addressmanagement-display-component---masterAdm--smartTable-header-inner\"]"}
COMMAND: POST /session/96c3a598723bca0d481ce9bce9e2baad/elements - {"using":"xpath","value":"//span[@id=\"application-addressmanagement-display-component---masterAdm--smartTable-header-inner\"]"}
RESULT: {}
RESULT: {"using":"xpath","value":"//span[@id=\"application-addressmanagement-display-component---masterAdm--smartTable-header-inner\"]"}
COMMAND: POST /session/96c3a598723bca0d481ce9bce9e2baad/execute/sync - {"script":"<script> [56 bytes]","args":[{"element-6066-11e4-a52e-4f735466cecf":"f.8DC08C43B755367AEB7C7AD78B2C0F17.d.D20566BF0F315C6BFCB2920FC467B16F.e.2426","ELEMENT":"f.8DC08C43B755367AEB7C7AD78B2C0F17.d.D20566BF0F315C6BFCB2920FC467B16F.e.2426"}]}
RESULT: {"script":"<script> [56 bytes]","args":[{"element-6066-11e4-a52e-4f735466cecf":"f.8DC08C43B755367AEB7C7AD78B2C0F17.d.D20566BF0F315C6BFCB2920FC467B16F.e.2426","ELEMENT":"f.8DC08C43B755367AEB7C7AD78B2C0F17.d.D20566BF0F315C6BFCB2920FC467B16F.e.2426"}]}
COMMAND: POST /session/96c3a598723bca0d481ce9bce9e2baad/element - {"using":"css selector","value":"#shell-header-logo"}
COMMAND: GET /session/96c3a598723bca0d481ce9bce9e2baad/screenshot - {}
RESULT: {"using":"css selector","value":"#shell-header-logo"}
COMMAND: POST /session/96c3a598723bca0d481ce9bce9e2baad/element/f.8DC08C43B755367AEB7C7AD78B2C0F17.d.D20566BF0F315C6BFCB2920FC467B16F.e.2226/click - {}
RESULT: {}
RESULT: {}
COMMAND: GET /session/96c3a598723bca0d481ce9bce9e2baad/screenshot - {}
RESULT: {}
COMMAND: POST /session/96c3a598723bca0d481ce9bce9e2baad/execute/async - {"script":"<script> [1562 bytes]","args":[{"selector":{"controlType":"sap.m.GenericTile","properties":{"header":"Manage Sites"}},"wdio_ui5_key":"sapm.GenericTile{\"header\":\"Manage Sites\"}"}]}
RESULT: {"script":"<script> [1562 bytes]","args":[{"selector":{"controlType":"sap.m.GenericTile","properties":{"header":"Manage Sites"}},"wdio_ui5_key":"sapm.GenericTile{\"header\":\"Manage Sites\"}"}]}
RESULT: undefined
COMMAND: POST /session/96c3a598723bca0d481ce9bce9e2baad/element - {"using":"xpath","value":"//*[@id=\"__tile40\"]"}
RESULT: {"using":"xpath","value":"//*[@id=\"__tile40\"]"}
COMMAND: POST /session/96c3a598723bca0d481ce9bce9e2baad/element/f.8DC08C43B755367AEB7C7AD78B2C0F17.d.D20566BF0F315C6BFCB2920FC467B16F.e.151/click - {}
RESULT: {}
COMMAND: GET /session/96c3a598723bca0d481ce9bce9e2baad/screenshot - {}
RESULT: {}
COMMAND: POST /session/96c3a598723bca0d481ce9bce9e2baad/elements - {"using":"xpath","value":"//span[text()='Error']"}
RESULT: {"using":"xpath","value":"//span[text()='Error']"}
COMMAND: POST /session/96c3a598723bca0d481ce9bce9e2baad/element - {"using":"xpath","value":"//button[@data-kt=\"addOverflowToolbarButton\"]"}
RESULT: {"using":"xpath","value":"//button[@data-kt=\"addOverflowToolbarButton\"]"}
COMMAND: POST /session/96c3a598723bca0d481ce9bce9e2baad/elements - {"using":"xpath","value":"//button[@data-kt=\"addOverflowToolbarButton\"]"}
RESULT: {"using":"xpath","value":"//button[@data-kt=\"addOverflowToolbarButton\"]"}
COMMAND: POST /session/96c3a598723bca0d481ce9bce9e2baad/execute/sync - {"script":"<script> [8489 bytes]","args":[{"element-6066-11e4-a52e-4f735466cecf":"f.8DC08C43B755367AEB7C7AD78B2C0F17.d.D20566BF0F315C6BFCB2920FC467B16F.e.2472","ELEMENT":"f.8DC08C43B755367AEB7C7AD78B2C0F17.d.D20566BF0F315C6BFCB2920FC467B16F.e.2472"}]}
RESULT: {"script":"<script> [8489 bytes]","args":[{"element-6066-11e4-a52e-4f735466cecf":"f.8DC08C43B755367AEB7C7AD78B2C0F17.d.D20566BF0F315C6BFCB2920FC467B16F.e.2472","ELEMENT":"f.8DC08C43B755367AEB7C7AD78B2C0F17.d.D20566BF0F315C6BFCB2920FC467B16F.e.2472"}]}
COMMAND: GET /session/96c3a598723bca0d481ce9bce9e2baad/element/f.8DC08C43B755367AEB7C7AD78B2C0F17.d.D20566BF0F315C6BFCB2920FC467B16F.e.2472/enabled - {}
COMMAND: GET /session/96c3a598723bca0d481ce9bce9e2baad/screenshot - {}
RESULT: {}
COMMAND: POST /session/96c3a598723bca0d481ce9bce9e2baad/execute/sync - {"script":"<script> [8489 bytes]","args":[{"element-6066-11e4-a52e-4f735466cecf":"f.8DC08C43B755367AEB7C7AD78B2C0F17.d.D20566BF0F315C6BFCB2920FC467B16F.e.2472","ELEMENT":"f.8DC08C43B755367AEB7C7AD78B2C0F17.d.D20566BF0F315C6BFCB2920FC467B16F.e.2472"}]}
COMMAND: GET /session/96c3a598723bca0d481ce9bce9e2baad/screenshot - {}
RESULT: {}
RESULT: {"script":"<script> [8489 bytes]","args":[{"element-6066-11e4-a52e-4f735466cecf":"f.8DC08C43B755367AEB7C7AD78B2C0F17.d.D20566BF0F315C6BFCB2920FC467B16F.e.2472","ELEMENT":"f.8DC08C43B755367AEB7C7AD78B2C0F17.d.D20566BF0F315C6BFCB2920FC467B16F.e.2472"}]}
COMMAND: POST /session/96c3a598723bca0d481ce9bce9e2baad/execute/sync - {"script":"<script> [5351 bytes]","args":[{"element-6066-11e4-a52e-4f735466cecf":"f.8DC08C43B755367AEB7C7AD78B2C0F17.d.D20566BF0F315C6BFCB2920FC467B16F.e.2472","ELEMENT":"f.8DC08C43B755367AEB7C7AD78B2C0F17.d.D20566BF0F315C6BFCB2920FC467B16F.e.2472"}]}
COMMAND: GET /session/96c3a598723bca0d481ce9bce9e2baad/screenshot - {}
RESULT: {}
RESULT: {}
RESULT: {"script":"<script> [5351 bytes]","args":[{"element-6066-11e4-a52e-4f735466cecf":"f.8DC08C43B755367AEB7C7AD78B2C0F17.d.D20566BF0F315C6BFCB2920FC467B16F.e.2472","ELEMENT":"f.8DC08C43B755367AEB7C7AD78B2C0F17.d.D20566BF0F315C6BFCB2920FC467B16F.e.2472"}]}
COMMAND: GET /session/96c3a598723bca0d481ce9bce9e2baad/screenshot - {}
RESULT: {}
COMMAND: POST /session/96c3a598723bca0d481ce9bce9e2baad/element/f.8DC08C43B755367AEB7C7AD78B2C0F17.d.D20566BF0F315C6BFCB2920FC467B16F.e.2472/click - {}
RESULT: {}
COMMAND: GET /session/96c3a598723bca0d481ce9bce9e2baad/screenshot - {}
COMMAND: POST /session/96c3a598723bca0d481ce9bce9e2baad/execute/async - {"script":"<script> [1562 bytes]","args":[{"selector":{"controlType":"sap.m.Button","viewName":"etm.portal.ui.managesites.view.NewSmartSite","viewId":"application-managesites-display-component---NewSite","properties":{"text":"Contacts (Users)"},"interaction":{"idSuffix":"BDI-content"}},"wdio_ui5_key":"etmportal.ui.managesites.view.NewSmartSitesap.m.Button{\"text\":\"Contacts (Users)\"}"}]}
RESULT: {}
RESULT: {"script":"<script> [1562 bytes]","args":[{"selector":{"controlType":"sap.m.Button","viewName":"etm.portal.ui.managesites.view.NewSmartSite","viewId":"application-managesites-display-component---NewSite","properties":{"text":"Contacts (Users)"},"interaction":{"idSuffix":"BDI-content"}},"wdio_ui5_key":"etmportal.ui.managesites.view.NewSmartSitesap.m.Button{\"text\":\"Contacts (Users)\"}"}]}
RESULT: undefined
COMMAND: POST /session/96c3a598723bca0d481ce9bce9e2baad/element - {"using":"xpath","value":"//*[@id=\"application-managesites-display-component---NewSite--ObjectPageLayout-anchBar-__section50-anchor\"]"}
RESULT: {"using":"xpath","value":"//*[@id=\"application-managesites-display-component---NewSite--ObjectPageLayout-anchBar-__section50-anchor\"]"}
COMMAND: POST /session/96c3a598723bca0d481ce9bce9e2baad/element/f.8DC08C43B755367AEB7C7AD78B2C0F17.d.D20566BF0F315C6BFCB2920FC467B16F.e.2886/click - {}
RESULT: {}
COMMAND: GET /session/96c3a598723bca0d481ce9bce9e2baad/screenshot - {}
RESULT: {}
COMMAND: POST /session/96c3a598723bca0d481ce9bce9e2baad/element - {"using":"xpath","value":"//button[@data-kt=\"onAddUserOverflowToolbarButton\"]"}
RESULT: {"using":"xpath","value":"//button[@data-kt=\"onAddUserOverflowToolbarButton\"]"}
COMMAND: POST /session/96c3a598723bca0d481ce9bce9e2baad/element/f.8DC08C43B755367AEB7C7AD78B2C0F17.d.D20566BF0F315C6BFCB2920FC467B16F.e.2894/click - {}
RESULT: {}
COMMAND: GET /session/96c3a598723bca0d481ce9bce9e2baad/screenshot - {}
RESULT: {}
COMMAND: POST /session/96c3a598723bca0d481ce9bce9e2baad/execute/async - {"script":"<script> [1562 bytes]","args":[{"selector":{"controlType":"sap.m.SearchField","viewName":"etm.portal.ui.managesites.view.NewSmartSite","viewId":"application-managesites-display-component---NewSite","searchOpenDialogs":true,"interaction":{"idSuffix":"I"}},"wdio_ui5_key":"etmportal.ui.managesites.view.NewSmartSitesap.m.SearchField"}]}
RESULT: {"script":"<script> [1562 bytes]","args":[{"selector":{"controlType":"sap.m.SearchField","viewName":"etm.portal.ui.managesites.view.NewSmartSite","viewId":"application-managesites-display-component---NewSite","searchOpenDialogs":true,"interaction":{"idSuffix":"I"}},"wdio_ui5_key":"etmportal.ui.managesites.view.NewSmartSitesap.m.SearchField"}]}
RESULT: undefined
COMMAND: POST /session/96c3a598723bca0d481ce9bce9e2baad/execute/async - {"script":"<script> [776 bytes]","args":[{"enterText":"Test1ETM","selector":{"controlType":"sap.m.SearchField","viewName":"etm.portal.ui.managesites.view.NewSmartSite","viewId":"application-managesites-display-component---NewSite","searchOpenDialogs":true,"interaction":{"idSuffix":"I"}},"clearTextFirst":true,"interactionType":"ENTER_TEXT"}]}
RESULT: {"script":"<script> [776 bytes]","args":[{"enterText":"Test1ETM","selector":{"controlType":"sap.m.SearchField","viewName":"etm.portal.ui.managesites.view.NewSmartSite","viewId":"application-managesites-display-component---NewSite","searchOpenDialogs":true,"interaction":{"idSuffix":"I"}},"clearTextFirst":true,"interactionType":"ENTER_TEXT"}]}
COMMAND: POST /session/96c3a598723bca0d481ce9bce9e2baad/actions - {"actions":[{"id":"action12","type":"key","parameters":{},"actions":[{"type":"keyDown","value":""},{"type":"pause","duration":10},{"type":"keyUp","value":""}]}]}
RESULT: {"actions":[{"id":"action12","type":"key","parameters":{},"actions":[{"type":"keyDown","value":""},{"type":"pause","duration":10},{"type":"keyUp","value":""}]}]}
COMMAND: GET /session/96c3a598723bca0d481ce9bce9e2baad/screenshot - {}
RESULT: {}
COMMAND: POST /session/96c3a598723bca0d481ce9bce9e2baad/element - {"using":"xpath","value":"//li[.//*[contains(text(), \"Test1ETM\")] or contains(text(), \"Test1ETM\")]"}
RESULT: {"using":"xpath","value":"//li[.//*[contains(text(), \"Test1ETM\")] or contains(text(), \"Test1ETM\")]"}
COMMAND: POST /session/96c3a598723bca0d481ce9bce9e2baad/elements - {"using":"xpath","value":"//li[.//*[contains(text(), \"Test1ETM\")] or contains(text(), \"Test1ETM\")]"}
RESULT: {"using":"xpath","value":"//li[.//*[contains(text(), \"Test1ETM\")] or contains(text(), \"Test1ETM\")]"}
COMMAND: POST /session/96c3a598723bca0d481ce9bce9e2baad/element - {"using":"xpath","value":"//button[.//bdi[contains(text(), \"Cancel\")]][1]"}
RESULT: {"using":"xpath","value":"//button[.//bdi[contains(text(), \"Cancel\")]][1]"}
COMMAND: POST /session/96c3a598723bca0d481ce9bce9e2baad/element/f.8DC08C43B755367AEB7C7AD78B2C0F17.d.D20566BF0F315C6BFCB2920FC467B16F.e.2900/click - {}
RESULT: {}
COMMAND: GET /session/96c3a598723bca0d481ce9bce9e2baad/screenshot - {}
RESULT: {}
COMMAND: POST /session/96c3a598723bca0d481ce9bce9e2baad/element - {"using":"css selector","value":"#shell-header-logo"}
RESULT: {"using":"css selector","value":"#shell-header-logo"}
COMMAND: POST /session/96c3a598723bca0d481ce9bce9e2baad/element/f.8DC08C43B755367AEB7C7AD78B2C0F17.d.D20566BF0F315C6BFCB2920FC467B16F.e.2430/click - {}
RESULT: {}
COMMAND: GET /session/96c3a598723bca0d481ce9bce9e2baad/screenshot - {}
RESULT: {}
]]></system-out>
    </testcase>
    <testcase classname="chrome.136_0_7103_93.windows.Address_Management_Tests_US156181_US151165_US151160_US156180_US156178_US151157_US151172_US151170_US151166_US151168" name="Step 7 Should try to save empty address US151170 BUGGED FOR NOW" time="111.079">
      <failure/>
      <error message="Expect $(`//span[contains(@class, &quot;sapMMsgBoxText&quot;)]`) to be existing&#xA;&#xA;Expected: &quot;existing&quot;&#xA;Received: &quot;not existing&quot;"/>
      <system-out><![CDATA[
RESULT: undefined
COMMAND: POST /session/96c3a598723bca0d481ce9bce9e2baad/element - {"using":"xpath","value":"//*[@id=\"__tile33\"]"}
RESULT: {"using":"xpath","value":"//*[@id=\"__tile33\"]"}
COMMAND: POST /session/96c3a598723bca0d481ce9bce9e2baad/element/f.8DC08C43B755367AEB7C7AD78B2C0F17.d.D20566BF0F315C6BFCB2920FC467B16F.e.209/click - {}
RESULT: {}
COMMAND: GET /session/96c3a598723bca0d481ce9bce9e2baad/screenshot - {}
RESULT: {}
COMMAND: POST /session/96c3a598723bca0d481ce9bce9e2baad/elements - {"using":"xpath","value":"//span[text()='Error']"}
RESULT: {"using":"xpath","value":"//span[text()='Error']"}
COMMAND: POST /session/96c3a598723bca0d481ce9bce9e2baad/element - {"using":"xpath","value":"//button[@data-kt=\"addButton\"]"}
RESULT: {"using":"xpath","value":"//button[@data-kt=\"addButton\"]"}
COMMAND: POST /session/96c3a598723bca0d481ce9bce9e2baad/elements - {"using":"xpath","value":"//button[@data-kt=\"addButton\"]"}
RESULT: {"using":"xpath","value":"//button[@data-kt=\"addButton\"]"}
COMMAND: POST /session/96c3a598723bca0d481ce9bce9e2baad/execute/sync - {"script":"<script> [8489 bytes]","args":[{"element-6066-11e4-a52e-4f735466cecf":"f.8DC08C43B755367AEB7C7AD78B2C0F17.d.D20566BF0F315C6BFCB2920FC467B16F.e.2960","ELEMENT":"f.8DC08C43B755367AEB7C7AD78B2C0F17.d.D20566BF0F315C6BFCB2920FC467B16F.e.2960"}]}
RESULT: {"script":"<script> [8489 bytes]","args":[{"element-6066-11e4-a52e-4f735466cecf":"f.8DC08C43B755367AEB7C7AD78B2C0F17.d.D20566BF0F315C6BFCB2920FC467B16F.e.2960","ELEMENT":"f.8DC08C43B755367AEB7C7AD78B2C0F17.d.D20566BF0F315C6BFCB2920FC467B16F.e.2960"}]}
COMMAND: GET /session/96c3a598723bca0d481ce9bce9e2baad/element/f.8DC08C43B755367AEB7C7AD78B2C0F17.d.D20566BF0F315C6BFCB2920FC467B16F.e.2960/enabled - {}
COMMAND: GET /session/96c3a598723bca0d481ce9bce9e2baad/screenshot - {}
RESULT: {}
COMMAND: POST /session/96c3a598723bca0d481ce9bce9e2baad/execute/sync - {"script":"<script> [8489 bytes]","args":[{"element-6066-11e4-a52e-4f735466cecf":"f.8DC08C43B755367AEB7C7AD78B2C0F17.d.D20566BF0F315C6BFCB2920FC467B16F.e.2960","ELEMENT":"f.8DC08C43B755367AEB7C7AD78B2C0F17.d.D20566BF0F315C6BFCB2920FC467B16F.e.2960"}]}
COMMAND: GET /session/96c3a598723bca0d481ce9bce9e2baad/screenshot - {}
RESULT: {}
RESULT: {"script":"<script> [8489 bytes]","args":[{"element-6066-11e4-a52e-4f735466cecf":"f.8DC08C43B755367AEB7C7AD78B2C0F17.d.D20566BF0F315C6BFCB2920FC467B16F.e.2960","ELEMENT":"f.8DC08C43B755367AEB7C7AD78B2C0F17.d.D20566BF0F315C6BFCB2920FC467B16F.e.2960"}]}
COMMAND: POST /session/96c3a598723bca0d481ce9bce9e2baad/execute/sync - {"script":"<script> [5351 bytes]","args":[{"element-6066-11e4-a52e-4f735466cecf":"f.8DC08C43B755367AEB7C7AD78B2C0F17.d.D20566BF0F315C6BFCB2920FC467B16F.e.2960","ELEMENT":"f.8DC08C43B755367AEB7C7AD78B2C0F17.d.D20566BF0F315C6BFCB2920FC467B16F.e.2960"}]}
COMMAND: GET /session/96c3a598723bca0d481ce9bce9e2baad/screenshot - {}
RESULT: {}
RESULT: {"script":"<script> [5351 bytes]","args":[{"element-6066-11e4-a52e-4f735466cecf":"f.8DC08C43B755367AEB7C7AD78B2C0F17.d.D20566BF0F315C6BFCB2920FC467B16F.e.2960","ELEMENT":"f.8DC08C43B755367AEB7C7AD78B2C0F17.d.D20566BF0F315C6BFCB2920FC467B16F.e.2960"}]}
COMMAND: GET /session/96c3a598723bca0d481ce9bce9e2baad/screenshot - {}
RESULT: {}
RESULT: {}
RESULT: undefined
COMMAND: POST /session/96c3a598723bca0d481ce9bce9e2baad/execute/async - {"script":"<script> [776 bytes]","args":[{"enterText":"1X375sMr67","selector":{"id":"application-addressmanagement-display-component---masterAdm--smartFilterBar-btnBasicSearch","interaction":{"idSuffix":"I"}},"clearTextFirst":true,"interactionType":"ENTER_TEXT"}]}
RESULT: {"script":"<script> [776 bytes]","args":[{"enterText":"1X375sMr67","selector":{"id":"application-addressmanagement-display-component---masterAdm--smartFilterBar-btnBasicSearch","interaction":{"idSuffix":"I"}},"clearTextFirst":true,"interactionType":"ENTER_TEXT"}]}
COMMAND: POST /session/96c3a598723bca0d481ce9bce9e2baad/actions - {"actions":[{"id":"action13","type":"key","parameters":{},"actions":[{"type":"keyDown","value":""},{"type":"pause","duration":10},{"type":"keyUp","value":""}]}]}
RESULT: {"actions":[{"id":"action13","type":"key","parameters":{},"actions":[{"type":"keyDown","value":""},{"type":"pause","duration":10},{"type":"keyUp","value":""}]}]}
COMMAND: GET /session/96c3a598723bca0d481ce9bce9e2baad/screenshot - {}
RESULT: {}
COMMAND: POST /session/96c3a598723bca0d481ce9bce9e2baad/elements - {"using":"xpath","value":"//table[contains(@id, \"customPersonsAddressesTable-listUl\")]/tbody/tr"}
RESULT: {"using":"xpath","value":"//table[contains(@id, \"customPersonsAddressesTable-listUl\")]/tbody/tr"}
COMMAND: POST /session/96c3a598723bca0d481ce9bce9e2baad/element - {"using":"xpath","value":"//table[contains(@id, \"customPersonsAddressesTable-listUl\")]/tbody/tr[1]/td[5]/span/span"}
RESULT: {"using":"xpath","value":"//table[contains(@id, \"customPersonsAddressesTable-listUl\")]/tbody/tr[1]/td[5]/span/span"}
COMMAND: POST /session/96c3a598723bca0d481ce9bce9e2baad/element - {"using":"xpath","value":"//table[contains(@id, \"customPersonsAddressesTable-listUl\")]/tbody/tr[1]/td[3]/span"}
RESULT: {"using":"xpath","value":"//table[contains(@id, \"customPersonsAddressesTable-listUl\")]/tbody/tr[1]/td[3]/span"}
COMMAND: POST /session/96c3a598723bca0d481ce9bce9e2baad/elements - {"using":"xpath","value":"//table[contains(@id, \"customPersonsAddressesTable-listUl\")]/tbody/tr[1]/td[5]/span/span"}
RESULT: {"using":"xpath","value":"//table[contains(@id, \"customPersonsAddressesTable-listUl\")]/tbody/tr[1]/td[5]/span/span"}
COMMAND: POST /session/96c3a598723bca0d481ce9bce9e2baad/execute/sync - {"script":"<script> [56 bytes]","args":[{"element-6066-11e4-a52e-4f735466cecf":"f.8DC08C43B755367AEB7C7AD78B2C0F17.d.D20566BF0F315C6BFCB2920FC467B16F.e.3101","ELEMENT":"f.8DC08C43B755367AEB7C7AD78B2C0F17.d.D20566BF0F315C6BFCB2920FC467B16F.e.3101"}]}
RESULT: {"script":"<script> [56 bytes]","args":[{"element-6066-11e4-a52e-4f735466cecf":"f.8DC08C43B755367AEB7C7AD78B2C0F17.d.D20566BF0F315C6BFCB2920FC467B16F.e.3101","ELEMENT":"f.8DC08C43B755367AEB7C7AD78B2C0F17.d.D20566BF0F315C6BFCB2920FC467B16F.e.3101"}]}
COMMAND: POST /session/96c3a598723bca0d481ce9bce9e2baad/element - {"using":"xpath","value":"(//span[contains(@id, \"imgNav\")])[1]"}
COMMAND: GET /session/96c3a598723bca0d481ce9bce9e2baad/screenshot - {}
RESULT: {"using":"xpath","value":"(//span[contains(@id, \"imgNav\")])[1]"}
COMMAND: POST /session/96c3a598723bca0d481ce9bce9e2baad/element/f.8DC08C43B755367AEB7C7AD78B2C0F17.d.D20566BF0F315C6BFCB2920FC467B16F.e.3098/click - {}
RESULT: {}
RESULT: {}
COMMAND: GET /session/96c3a598723bca0d481ce9bce9e2baad/screenshot - {}
RESULT: {}
COMMAND: POST /session/96c3a598723bca0d481ce9bce9e2baad/element - {"using":"xpath","value":"//bdi[contains(text(), \"Edit\")]"}
RESULT: {"using":"xpath","value":"//bdi[contains(text(), \"Edit\")]"}
COMMAND: POST /session/96c3a598723bca0d481ce9bce9e2baad/element/f.8DC08C43B755367AEB7C7AD78B2C0F17.d.D20566BF0F315C6BFCB2920FC467B16F.e.3226/click - {}
RESULT: {}
COMMAND: GET /session/96c3a598723bca0d481ce9bce9e2baad/screenshot - {}
RESULT: {}
COMMAND: POST /session/96c3a598723bca0d481ce9bce9e2baad/execute/async - {"script":"<script> [1562 bytes]","args":[{"selector":{"controlType":"sap.m.Input","viewName":"etm.portal.ui.addressmanagement.view.EditDetail","labelFor":{"text":"Name"},"interaction":{"idSuffix":"inner"}},"wdio_ui5_key":"etmportal.ui.addressmanagement.view.EditDetailsap.m.Input{\"text\":\"Name\"}"}]}
RESULT: {"script":"<script> [1562 bytes]","args":[{"selector":{"controlType":"sap.m.Input","viewName":"etm.portal.ui.addressmanagement.view.EditDetail","labelFor":{"text":"Name"},"interaction":{"idSuffix":"inner"}},"wdio_ui5_key":"etmportal.ui.addressmanagement.view.EditDetailsap.m.Input{\"text\":\"Name\"}"}]}
RESULT: undefined
COMMAND: POST /session/96c3a598723bca0d481ce9bce9e2baad/element - {"using":"css selector","value":"#shell-header-logo"}
RESULT: {"using":"css selector","value":"#shell-header-logo"}
COMMAND: POST /session/96c3a598723bca0d481ce9bce9e2baad/element/f.8DC08C43B755367AEB7C7AD78B2C0F17.d.D20566BF0F315C6BFCB2920FC467B16F.e.2905/click - {}
RESULT: {}
COMMAND: GET /session/96c3a598723bca0d481ce9bce9e2baad/screenshot - {}
RESULT: {}
COMMAND: POST /session/96c3a598723bca0d481ce9bce9e2baad/element - {"using":"xpath","value":"//span[contains(@class, \"sapMMsgBoxText\")]"}
RESULT: {"using":"xpath","value":"//span[contains(@class, \"sapMMsgBoxText\")]"}
COMMAND: POST /session/96c3a598723bca0d481ce9bce9e2baad/elements - {"using":"xpath","value":"//span[contains(@class, \"sapMMsgBoxText\")]"}
RESULT: {"using":"xpath","value":"//span[contains(@class, \"sapMMsgBoxText\")]"}
COMMAND: POST /session/96c3a598723bca0d481ce9bce9e2baad/elements - {"using":"xpath","value":"//span[contains(@class, \"sapMMsgBoxText\")]"}
RESULT: {"using":"xpath","value":"//span[contains(@class, \"sapMMsgBoxText\")]"}
COMMAND: POST /session/96c3a598723bca0d481ce9bce9e2baad/elements - {"using":"xpath","value":"//span[contains(@class, \"sapMMsgBoxText\")]"}
RESULT: {"using":"xpath","value":"//span[contains(@class, \"sapMMsgBoxText\")]"}
COMMAND: POST /session/96c3a598723bca0d481ce9bce9e2baad/elements - {"using":"xpath","value":"//span[contains(@class, \"sapMMsgBoxText\")]"}
RESULT: {"using":"xpath","value":"//span[contains(@class, \"sapMMsgBoxText\")]"}
COMMAND: POST /session/96c3a598723bca0d481ce9bce9e2baad/elements - {"using":"xpath","value":"//span[contains(@class, \"sapMMsgBoxText\")]"}
RESULT: {"using":"xpath","value":"//span[contains(@class, \"sapMMsgBoxText\")]"}
COMMAND: POST /session/96c3a598723bca0d481ce9bce9e2baad/elements - {"using":"xpath","value":"//span[contains(@class, \"sapMMsgBoxText\")]"}
RESULT: {"using":"xpath","value":"//span[contains(@class, \"sapMMsgBoxText\")]"}
COMMAND: POST /session/96c3a598723bca0d481ce9bce9e2baad/elements - {"using":"xpath","value":"//span[contains(@class, \"sapMMsgBoxText\")]"}
RESULT: {"using":"xpath","value":"//span[contains(@class, \"sapMMsgBoxText\")]"}
COMMAND: POST /session/96c3a598723bca0d481ce9bce9e2baad/elements - {"using":"xpath","value":"//span[contains(@class, \"sapMMsgBoxText\")]"}
RESULT: {"using":"xpath","value":"//span[contains(@class, \"sapMMsgBoxText\")]"}
COMMAND: POST /session/96c3a598723bca0d481ce9bce9e2baad/elements - {"using":"xpath","value":"//span[contains(@class, \"sapMMsgBoxText\")]"}
RESULT: {"using":"xpath","value":"//span[contains(@class, \"sapMMsgBoxText\")]"}
COMMAND: POST /session/96c3a598723bca0d481ce9bce9e2baad/elements - {"using":"xpath","value":"//span[contains(@class, \"sapMMsgBoxText\")]"}
RESULT: {"using":"xpath","value":"//span[contains(@class, \"sapMMsgBoxText\")]"}
COMMAND: POST /session/96c3a598723bca0d481ce9bce9e2baad/elements - {"using":"xpath","value":"//span[contains(@class, \"sapMMsgBoxText\")]"}
RESULT: {"using":"xpath","value":"//span[contains(@class, \"sapMMsgBoxText\")]"}
COMMAND: POST /session/96c3a598723bca0d481ce9bce9e2baad/elements - {"using":"xpath","value":"//span[contains(@class, \"sapMMsgBoxText\")]"}
RESULT: {"using":"xpath","value":"//span[contains(@class, \"sapMMsgBoxText\")]"}
COMMAND: POST /session/96c3a598723bca0d481ce9bce9e2baad/elements - {"using":"xpath","value":"//span[contains(@class, \"sapMMsgBoxText\")]"}
RESULT: {"using":"xpath","value":"//span[contains(@class, \"sapMMsgBoxText\")]"}
COMMAND: POST /session/96c3a598723bca0d481ce9bce9e2baad/elements - {"using":"xpath","value":"//span[contains(@class, \"sapMMsgBoxText\")]"}
RESULT: {"using":"xpath","value":"//span[contains(@class, \"sapMMsgBoxText\")]"}
COMMAND: POST /session/96c3a598723bca0d481ce9bce9e2baad/elements - {"using":"xpath","value":"//span[contains(@class, \"sapMMsgBoxText\")]"}
RESULT: {"using":"xpath","value":"//span[contains(@class, \"sapMMsgBoxText\")]"}
COMMAND: POST /session/96c3a598723bca0d481ce9bce9e2baad/elements - {"using":"xpath","value":"//span[contains(@class, \"sapMMsgBoxText\")]"}
RESULT: {"using":"xpath","value":"//span[contains(@class, \"sapMMsgBoxText\")]"}
COMMAND: POST /session/96c3a598723bca0d481ce9bce9e2baad/elements - {"using":"xpath","value":"//span[contains(@class, \"sapMMsgBoxText\")]"}
RESULT: {"using":"xpath","value":"//span[contains(@class, \"sapMMsgBoxText\")]"}
COMMAND: POST /session/96c3a598723bca0d481ce9bce9e2baad/elements - {"using":"xpath","value":"//span[contains(@class, \"sapMMsgBoxText\")]"}
RESULT: {"using":"xpath","value":"//span[contains(@class, \"sapMMsgBoxText\")]"}
COMMAND: POST /session/96c3a598723bca0d481ce9bce9e2baad/elements - {"using":"xpath","value":"//span[contains(@class, \"sapMMsgBoxText\")]"}
RESULT: {"using":"xpath","value":"//span[contains(@class, \"sapMMsgBoxText\")]"}
COMMAND: POST /session/96c3a598723bca0d481ce9bce9e2baad/elements - {"using":"xpath","value":"//span[contains(@class, \"sapMMsgBoxText\")]"}
RESULT: {"using":"xpath","value":"//span[contains(@class, \"sapMMsgBoxText\")]"}
COMMAND: POST /session/96c3a598723bca0d481ce9bce9e2baad/elements - {"using":"xpath","value":"//span[contains(@class, \"sapMMsgBoxText\")]"}
RESULT: {"using":"xpath","value":"//span[contains(@class, \"sapMMsgBoxText\")]"}
COMMAND: POST /session/96c3a598723bca0d481ce9bce9e2baad/elements - {"using":"xpath","value":"//span[contains(@class, \"sapMMsgBoxText\")]"}
RESULT: {"using":"xpath","value":"//span[contains(@class, \"sapMMsgBoxText\")]"}
COMMAND: POST /session/96c3a598723bca0d481ce9bce9e2baad/elements - {"using":"xpath","value":"//span[contains(@class, \"sapMMsgBoxText\")]"}
RESULT: {"using":"xpath","value":"//span[contains(@class, \"sapMMsgBoxText\")]"}
COMMAND: POST /session/96c3a598723bca0d481ce9bce9e2baad/elements - {"using":"xpath","value":"//span[contains(@class, \"sapMMsgBoxText\")]"}
RESULT: {"using":"xpath","value":"//span[contains(@class, \"sapMMsgBoxText\")]"}
COMMAND: POST /session/96c3a598723bca0d481ce9bce9e2baad/elements - {"using":"xpath","value":"//span[contains(@class, \"sapMMsgBoxText\")]"}
RESULT: {"using":"xpath","value":"//span[contains(@class, \"sapMMsgBoxText\")]"}
COMMAND: POST /session/96c3a598723bca0d481ce9bce9e2baad/elements - {"using":"xpath","value":"//span[contains(@class, \"sapMMsgBoxText\")]"}
RESULT: {"using":"xpath","value":"//span[contains(@class, \"sapMMsgBoxText\")]"}
COMMAND: POST /session/96c3a598723bca0d481ce9bce9e2baad/elements - {"using":"xpath","value":"//span[contains(@class, \"sapMMsgBoxText\")]"}
RESULT: {"using":"xpath","value":"//span[contains(@class, \"sapMMsgBoxText\")]"}
COMMAND: POST /session/96c3a598723bca0d481ce9bce9e2baad/elements - {"using":"xpath","value":"//span[contains(@class, \"sapMMsgBoxText\")]"}
RESULT: {"using":"xpath","value":"//span[contains(@class, \"sapMMsgBoxText\")]"}
COMMAND: POST /session/96c3a598723bca0d481ce9bce9e2baad/elements - {"using":"xpath","value":"//span[contains(@class, \"sapMMsgBoxText\")]"}
RESULT: {"using":"xpath","value":"//span[contains(@class, \"sapMMsgBoxText\")]"}
COMMAND: POST /session/96c3a598723bca0d481ce9bce9e2baad/elements - {"using":"xpath","value":"//span[contains(@class, \"sapMMsgBoxText\")]"}
RESULT: {"using":"xpath","value":"//span[contains(@class, \"sapMMsgBoxText\")]"}
COMMAND: POST /session/96c3a598723bca0d481ce9bce9e2baad/elements - {"using":"xpath","value":"//span[contains(@class, \"sapMMsgBoxText\")]"}
RESULT: {"using":"xpath","value":"//span[contains(@class, \"sapMMsgBoxText\")]"}
COMMAND: POST /session/96c3a598723bca0d481ce9bce9e2baad/elements - {"using":"xpath","value":"//span[contains(@class, \"sapMMsgBoxText\")]"}
RESULT: {"using":"xpath","value":"//span[contains(@class, \"sapMMsgBoxText\")]"}
COMMAND: POST /session/96c3a598723bca0d481ce9bce9e2baad/elements - {"using":"xpath","value":"//span[contains(@class, \"sapMMsgBoxText\")]"}
RESULT: {"using":"xpath","value":"//span[contains(@class, \"sapMMsgBoxText\")]"}
COMMAND: POST /session/96c3a598723bca0d481ce9bce9e2baad/elements - {"using":"xpath","value":"//span[contains(@class, \"sapMMsgBoxText\")]"}
RESULT: {"using":"xpath","value":"//span[contains(@class, \"sapMMsgBoxText\")]"}
COMMAND: POST /session/96c3a598723bca0d481ce9bce9e2baad/elements - {"using":"xpath","value":"//span[contains(@class, \"sapMMsgBoxText\")]"}
RESULT: {"using":"xpath","value":"//span[contains(@class, \"sapMMsgBoxText\")]"}
COMMAND: POST /session/96c3a598723bca0d481ce9bce9e2baad/elements - {"using":"xpath","value":"//span[contains(@class, \"sapMMsgBoxText\")]"}
RESULT: {"using":"xpath","value":"//span[contains(@class, \"sapMMsgBoxText\")]"}
COMMAND: POST /session/96c3a598723bca0d481ce9bce9e2baad/elements - {"using":"xpath","value":"//span[contains(@class, \"sapMMsgBoxText\")]"}
RESULT: {"using":"xpath","value":"//span[contains(@class, \"sapMMsgBoxText\")]"}
COMMAND: POST /session/96c3a598723bca0d481ce9bce9e2baad/elements - {"using":"xpath","value":"//span[contains(@class, \"sapMMsgBoxText\")]"}
RESULT: {"using":"xpath","value":"//span[contains(@class, \"sapMMsgBoxText\")]"}
COMMAND: POST /session/96c3a598723bca0d481ce9bce9e2baad/elements - {"using":"xpath","value":"//span[contains(@class, \"sapMMsgBoxText\")]"}
RESULT: {"using":"xpath","value":"//span[contains(@class, \"sapMMsgBoxText\")]"}
COMMAND: POST /session/96c3a598723bca0d481ce9bce9e2baad/elements - {"using":"xpath","value":"//span[contains(@class, \"sapMMsgBoxText\")]"}
RESULT: {"using":"xpath","value":"//span[contains(@class, \"sapMMsgBoxText\")]"}
COMMAND: POST /session/96c3a598723bca0d481ce9bce9e2baad/elements - {"using":"xpath","value":"//span[contains(@class, \"sapMMsgBoxText\")]"}
RESULT: {"using":"xpath","value":"//span[contains(@class, \"sapMMsgBoxText\")]"}
COMMAND: POST /session/96c3a598723bca0d481ce9bce9e2baad/elements - {"using":"xpath","value":"//span[contains(@class, \"sapMMsgBoxText\")]"}
RESULT: {"using":"xpath","value":"//span[contains(@class, \"sapMMsgBoxText\")]"}
COMMAND: POST /session/96c3a598723bca0d481ce9bce9e2baad/elements - {"using":"xpath","value":"//span[contains(@class, \"sapMMsgBoxText\")]"}
RESULT: {"using":"xpath","value":"//span[contains(@class, \"sapMMsgBoxText\")]"}
COMMAND: POST /session/96c3a598723bca0d481ce9bce9e2baad/elements - {"using":"xpath","value":"//span[contains(@class, \"sapMMsgBoxText\")]"}
RESULT: {"using":"xpath","value":"//span[contains(@class, \"sapMMsgBoxText\")]"}
COMMAND: POST /session/96c3a598723bca0d481ce9bce9e2baad/elements - {"using":"xpath","value":"//span[contains(@class, \"sapMMsgBoxText\")]"}
RESULT: {"using":"xpath","value":"//span[contains(@class, \"sapMMsgBoxText\")]"}
COMMAND: POST /session/96c3a598723bca0d481ce9bce9e2baad/elements - {"using":"xpath","value":"//span[contains(@class, \"sapMMsgBoxText\")]"}
RESULT: {"using":"xpath","value":"//span[contains(@class, \"sapMMsgBoxText\")]"}
COMMAND: POST /session/96c3a598723bca0d481ce9bce9e2baad/elements - {"using":"xpath","value":"//span[contains(@class, \"sapMMsgBoxText\")]"}
RESULT: {"using":"xpath","value":"//span[contains(@class, \"sapMMsgBoxText\")]"}
COMMAND: POST /session/96c3a598723bca0d481ce9bce9e2baad/elements - {"using":"xpath","value":"//span[contains(@class, \"sapMMsgBoxText\")]"}
RESULT: {"using":"xpath","value":"//span[contains(@class, \"sapMMsgBoxText\")]"}
COMMAND: POST /session/96c3a598723bca0d481ce9bce9e2baad/elements - {"using":"xpath","value":"//span[contains(@class, \"sapMMsgBoxText\")]"}
RESULT: {"using":"xpath","value":"//span[contains(@class, \"sapMMsgBoxText\")]"}
COMMAND: POST /session/96c3a598723bca0d481ce9bce9e2baad/elements - {"using":"xpath","value":"//span[contains(@class, \"sapMMsgBoxText\")]"}
RESULT: {"using":"xpath","value":"//span[contains(@class, \"sapMMsgBoxText\")]"}
COMMAND: POST /session/96c3a598723bca0d481ce9bce9e2baad/elements - {"using":"xpath","value":"//span[contains(@class, \"sapMMsgBoxText\")]"}
RESULT: {"using":"xpath","value":"//span[contains(@class, \"sapMMsgBoxText\")]"}
COMMAND: POST /session/96c3a598723bca0d481ce9bce9e2baad/elements - {"using":"xpath","value":"//span[contains(@class, \"sapMMsgBoxText\")]"}
RESULT: {"using":"xpath","value":"//span[contains(@class, \"sapMMsgBoxText\")]"}
COMMAND: POST /session/96c3a598723bca0d481ce9bce9e2baad/elements - {"using":"xpath","value":"//span[contains(@class, \"sapMMsgBoxText\")]"}
RESULT: {"using":"xpath","value":"//span[contains(@class, \"sapMMsgBoxText\")]"}
COMMAND: POST /session/96c3a598723bca0d481ce9bce9e2baad/elements - {"using":"xpath","value":"//span[contains(@class, \"sapMMsgBoxText\")]"}
RESULT: {"using":"xpath","value":"//span[contains(@class, \"sapMMsgBoxText\")]"}
COMMAND: POST /session/96c3a598723bca0d481ce9bce9e2baad/elements - {"using":"xpath","value":"//span[contains(@class, \"sapMMsgBoxText\")]"}
RESULT: {"using":"xpath","value":"//span[contains(@class, \"sapMMsgBoxText\")]"}
COMMAND: POST /session/96c3a598723bca0d481ce9bce9e2baad/elements - {"using":"xpath","value":"//span[contains(@class, \"sapMMsgBoxText\")]"}
RESULT: {"using":"xpath","value":"//span[contains(@class, \"sapMMsgBoxText\")]"}
COMMAND: POST /session/96c3a598723bca0d481ce9bce9e2baad/elements - {"using":"xpath","value":"//span[contains(@class, \"sapMMsgBoxText\")]"}
RESULT: {"using":"xpath","value":"//span[contains(@class, \"sapMMsgBoxText\")]"}
COMMAND: POST /session/96c3a598723bca0d481ce9bce9e2baad/elements - {"using":"xpath","value":"//span[contains(@class, \"sapMMsgBoxText\")]"}
RESULT: {"using":"xpath","value":"//span[contains(@class, \"sapMMsgBoxText\")]"}
COMMAND: POST /session/96c3a598723bca0d481ce9bce9e2baad/elements - {"using":"xpath","value":"//span[contains(@class, \"sapMMsgBoxText\")]"}
RESULT: {"using":"xpath","value":"//span[contains(@class, \"sapMMsgBoxText\")]"}
COMMAND: POST /session/96c3a598723bca0d481ce9bce9e2baad/elements - {"using":"xpath","value":"//span[contains(@class, \"sapMMsgBoxText\")]"}
RESULT: {"using":"xpath","value":"//span[contains(@class, \"sapMMsgBoxText\")]"}
COMMAND: POST /session/96c3a598723bca0d481ce9bce9e2baad/elements - {"using":"xpath","value":"//span[contains(@class, \"sapMMsgBoxText\")]"}
RESULT: {"using":"xpath","value":"//span[contains(@class, \"sapMMsgBoxText\")]"}
COMMAND: POST /session/96c3a598723bca0d481ce9bce9e2baad/elements - {"using":"xpath","value":"//span[contains(@class, \"sapMMsgBoxText\")]"}
RESULT: {"using":"xpath","value":"//span[contains(@class, \"sapMMsgBoxText\")]"}
COMMAND: POST /session/96c3a598723bca0d481ce9bce9e2baad/elements - {"using":"xpath","value":"//span[contains(@class, \"sapMMsgBoxText\")]"}
RESULT: {"using":"xpath","value":"//span[contains(@class, \"sapMMsgBoxText\")]"}
COMMAND: POST /session/96c3a598723bca0d481ce9bce9e2baad/elements - {"using":"xpath","value":"//span[contains(@class, \"sapMMsgBoxText\")]"}
RESULT: {"using":"xpath","value":"//span[contains(@class, \"sapMMsgBoxText\")]"}
COMMAND: POST /session/96c3a598723bca0d481ce9bce9e2baad/elements - {"using":"xpath","value":"//span[contains(@class, \"sapMMsgBoxText\")]"}
RESULT: {"using":"xpath","value":"//span[contains(@class, \"sapMMsgBoxText\")]"}
COMMAND: POST /session/96c3a598723bca0d481ce9bce9e2baad/elements - {"using":"xpath","value":"//span[contains(@class, \"sapMMsgBoxText\")]"}
RESULT: {"using":"xpath","value":"//span[contains(@class, \"sapMMsgBoxText\")]"}
COMMAND: POST /session/96c3a598723bca0d481ce9bce9e2baad/elements - {"using":"xpath","value":"//span[contains(@class, \"sapMMsgBoxText\")]"}
RESULT: {"using":"xpath","value":"//span[contains(@class, \"sapMMsgBoxText\")]"}
COMMAND: POST /session/96c3a598723bca0d481ce9bce9e2baad/elements - {"using":"xpath","value":"//span[contains(@class, \"sapMMsgBoxText\")]"}
RESULT: {"using":"xpath","value":"//span[contains(@class, \"sapMMsgBoxText\")]"}
COMMAND: POST /session/96c3a598723bca0d481ce9bce9e2baad/elements - {"using":"xpath","value":"//span[contains(@class, \"sapMMsgBoxText\")]"}
RESULT: {"using":"xpath","value":"//span[contains(@class, \"sapMMsgBoxText\")]"}
COMMAND: POST /session/96c3a598723bca0d481ce9bce9e2baad/elements - {"using":"xpath","value":"//span[contains(@class, \"sapMMsgBoxText\")]"}
RESULT: {"using":"xpath","value":"//span[contains(@class, \"sapMMsgBoxText\")]"}
COMMAND: POST /session/96c3a598723bca0d481ce9bce9e2baad/elements - {"using":"xpath","value":"//span[contains(@class, \"sapMMsgBoxText\")]"}
RESULT: {"using":"xpath","value":"//span[contains(@class, \"sapMMsgBoxText\")]"}
COMMAND: POST /session/96c3a598723bca0d481ce9bce9e2baad/elements - {"using":"xpath","value":"//span[contains(@class, \"sapMMsgBoxText\")]"}
RESULT: {"using":"xpath","value":"//span[contains(@class, \"sapMMsgBoxText\")]"}
COMMAND: POST /session/96c3a598723bca0d481ce9bce9e2baad/elements - {"using":"xpath","value":"//span[contains(@class, \"sapMMsgBoxText\")]"}
RESULT: {"using":"xpath","value":"//span[contains(@class, \"sapMMsgBoxText\")]"}
COMMAND: POST /session/96c3a598723bca0d481ce9bce9e2baad/elements - {"using":"xpath","value":"//span[contains(@class, \"sapMMsgBoxText\")]"}
RESULT: {"using":"xpath","value":"//span[contains(@class, \"sapMMsgBoxText\")]"}
COMMAND: POST /session/96c3a598723bca0d481ce9bce9e2baad/elements - {"using":"xpath","value":"//span[contains(@class, \"sapMMsgBoxText\")]"}
RESULT: {"using":"xpath","value":"//span[contains(@class, \"sapMMsgBoxText\")]"}
COMMAND: POST /session/96c3a598723bca0d481ce9bce9e2baad/elements - {"using":"xpath","value":"//span[contains(@class, \"sapMMsgBoxText\")]"}
RESULT: {"using":"xpath","value":"//span[contains(@class, \"sapMMsgBoxText\")]"}
COMMAND: POST /session/96c3a598723bca0d481ce9bce9e2baad/elements - {"using":"xpath","value":"//span[contains(@class, \"sapMMsgBoxText\")]"}
RESULT: {"using":"xpath","value":"//span[contains(@class, \"sapMMsgBoxText\")]"}
COMMAND: POST /session/96c3a598723bca0d481ce9bce9e2baad/elements - {"using":"xpath","value":"//span[contains(@class, \"sapMMsgBoxText\")]"}
RESULT: {"using":"xpath","value":"//span[contains(@class, \"sapMMsgBoxText\")]"}
COMMAND: POST /session/96c3a598723bca0d481ce9bce9e2baad/elements - {"using":"xpath","value":"//span[contains(@class, \"sapMMsgBoxText\")]"}
RESULT: {"using":"xpath","value":"//span[contains(@class, \"sapMMsgBoxText\")]"}
COMMAND: POST /session/96c3a598723bca0d481ce9bce9e2baad/elements - {"using":"xpath","value":"//span[contains(@class, \"sapMMsgBoxText\")]"}
RESULT: {"using":"xpath","value":"//span[contains(@class, \"sapMMsgBoxText\")]"}
COMMAND: POST /session/96c3a598723bca0d481ce9bce9e2baad/elements - {"using":"xpath","value":"//span[contains(@class, \"sapMMsgBoxText\")]"}
RESULT: {"using":"xpath","value":"//span[contains(@class, \"sapMMsgBoxText\")]"}
COMMAND: POST /session/96c3a598723bca0d481ce9bce9e2baad/elements - {"using":"xpath","value":"//span[contains(@class, \"sapMMsgBoxText\")]"}
RESULT: {"using":"xpath","value":"//span[contains(@class, \"sapMMsgBoxText\")]"}
COMMAND: POST /session/96c3a598723bca0d481ce9bce9e2baad/elements - {"using":"xpath","value":"//span[contains(@class, \"sapMMsgBoxText\")]"}
RESULT: {"using":"xpath","value":"//span[contains(@class, \"sapMMsgBoxText\")]"}
COMMAND: POST /session/96c3a598723bca0d481ce9bce9e2baad/elements - {"using":"xpath","value":"//span[contains(@class, \"sapMMsgBoxText\")]"}
RESULT: {"using":"xpath","value":"//span[contains(@class, \"sapMMsgBoxText\")]"}
COMMAND: POST /session/96c3a598723bca0d481ce9bce9e2baad/elements - {"using":"xpath","value":"//span[contains(@class, \"sapMMsgBoxText\")]"}
RESULT: {"using":"xpath","value":"//span[contains(@class, \"sapMMsgBoxText\")]"}
COMMAND: POST /session/96c3a598723bca0d481ce9bce9e2baad/elements - {"using":"xpath","value":"//span[contains(@class, \"sapMMsgBoxText\")]"}
RESULT: {"using":"xpath","value":"//span[contains(@class, \"sapMMsgBoxText\")]"}
COMMAND: POST /session/96c3a598723bca0d481ce9bce9e2baad/elements - {"using":"xpath","value":"//span[contains(@class, \"sapMMsgBoxText\")]"}
RESULT: {"using":"xpath","value":"//span[contains(@class, \"sapMMsgBoxText\")]"}
COMMAND: POST /session/96c3a598723bca0d481ce9bce9e2baad/elements - {"using":"xpath","value":"//span[contains(@class, \"sapMMsgBoxText\")]"}
RESULT: {"using":"xpath","value":"//span[contains(@class, \"sapMMsgBoxText\")]"}
COMMAND: POST /session/96c3a598723bca0d481ce9bce9e2baad/elements - {"using":"xpath","value":"//span[contains(@class, \"sapMMsgBoxText\")]"}
RESULT: {"using":"xpath","value":"//span[contains(@class, \"sapMMsgBoxText\")]"}
COMMAND: POST /session/96c3a598723bca0d481ce9bce9e2baad/elements - {"using":"xpath","value":"//span[contains(@class, \"sapMMsgBoxText\")]"}
RESULT: {"using":"xpath","value":"//span[contains(@class, \"sapMMsgBoxText\")]"}
COMMAND: POST /session/96c3a598723bca0d481ce9bce9e2baad/elements - {"using":"xpath","value":"//span[contains(@class, \"sapMMsgBoxText\")]"}
RESULT: {"using":"xpath","value":"//span[contains(@class, \"sapMMsgBoxText\")]"}
COMMAND: POST /session/96c3a598723bca0d481ce9bce9e2baad/elements - {"using":"xpath","value":"//span[contains(@class, \"sapMMsgBoxText\")]"}
RESULT: {"using":"xpath","value":"//span[contains(@class, \"sapMMsgBoxText\")]"}
COMMAND: POST /session/96c3a598723bca0d481ce9bce9e2baad/elements - {"using":"xpath","value":"//span[contains(@class, \"sapMMsgBoxText\")]"}
RESULT: {"using":"xpath","value":"//span[contains(@class, \"sapMMsgBoxText\")]"}
COMMAND: POST /session/96c3a598723bca0d481ce9bce9e2baad/elements - {"using":"xpath","value":"//span[contains(@class, \"sapMMsgBoxText\")]"}
RESULT: {"using":"xpath","value":"//span[contains(@class, \"sapMMsgBoxText\")]"}
COMMAND: POST /session/96c3a598723bca0d481ce9bce9e2baad/elements - {"using":"xpath","value":"//span[contains(@class, \"sapMMsgBoxText\")]"}
RESULT: {"using":"xpath","value":"//span[contains(@class, \"sapMMsgBoxText\")]"}
COMMAND: POST /session/96c3a598723bca0d481ce9bce9e2baad/elements - {"using":"xpath","value":"//span[contains(@class, \"sapMMsgBoxText\")]"}
RESULT: {"using":"xpath","value":"//span[contains(@class, \"sapMMsgBoxText\")]"}
COMMAND: POST /session/96c3a598723bca0d481ce9bce9e2baad/elements - {"using":"xpath","value":"//span[contains(@class, \"sapMMsgBoxText\")]"}
RESULT: {"using":"xpath","value":"//span[contains(@class, \"sapMMsgBoxText\")]"}
COMMAND: POST /session/96c3a598723bca0d481ce9bce9e2baad/elements - {"using":"xpath","value":"//span[contains(@class, \"sapMMsgBoxText\")]"}
RESULT: {"using":"xpath","value":"//span[contains(@class, \"sapMMsgBoxText\")]"}
COMMAND: POST /session/96c3a598723bca0d481ce9bce9e2baad/elements - {"using":"xpath","value":"//span[contains(@class, \"sapMMsgBoxText\")]"}
RESULT: {"using":"xpath","value":"//span[contains(@class, \"sapMMsgBoxText\")]"}
COMMAND: POST /session/96c3a598723bca0d481ce9bce9e2baad/elements - {"using":"xpath","value":"//span[contains(@class, \"sapMMsgBoxText\")]"}
RESULT: {"using":"xpath","value":"//span[contains(@class, \"sapMMsgBoxText\")]"}
COMMAND: POST /session/96c3a598723bca0d481ce9bce9e2baad/elements - {"using":"xpath","value":"//span[contains(@class, \"sapMMsgBoxText\")]"}
RESULT: {"using":"xpath","value":"//span[contains(@class, \"sapMMsgBoxText\")]"}
COMMAND: POST /session/96c3a598723bca0d481ce9bce9e2baad/elements - {"using":"xpath","value":"//span[contains(@class, \"sapMMsgBoxText\")]"}
RESULT: {"using":"xpath","value":"//span[contains(@class, \"sapMMsgBoxText\")]"}
COMMAND: POST /session/96c3a598723bca0d481ce9bce9e2baad/elements - {"using":"xpath","value":"//span[contains(@class, \"sapMMsgBoxText\")]"}
RESULT: {"using":"xpath","value":"//span[contains(@class, \"sapMMsgBoxText\")]"}
COMMAND: POST /session/96c3a598723bca0d481ce9bce9e2baad/elements - {"using":"xpath","value":"//span[contains(@class, \"sapMMsgBoxText\")]"}
RESULT: {"using":"xpath","value":"//span[contains(@class, \"sapMMsgBoxText\")]"}
COMMAND: POST /session/96c3a598723bca0d481ce9bce9e2baad/elements - {"using":"xpath","value":"//span[contains(@class, \"sapMMsgBoxText\")]"}
RESULT: {"using":"xpath","value":"//span[contains(@class, \"sapMMsgBoxText\")]"}
COMMAND: POST /session/96c3a598723bca0d481ce9bce9e2baad/elements - {"using":"xpath","value":"//span[contains(@class, \"sapMMsgBoxText\")]"}
RESULT: {"using":"xpath","value":"//span[contains(@class, \"sapMMsgBoxText\")]"}
COMMAND: POST /session/96c3a598723bca0d481ce9bce9e2baad/elements - {"using":"xpath","value":"//span[contains(@class, \"sapMMsgBoxText\")]"}
RESULT: {"using":"xpath","value":"//span[contains(@class, \"sapMMsgBoxText\")]"}
COMMAND: POST /session/96c3a598723bca0d481ce9bce9e2baad/elements - {"using":"xpath","value":"//span[contains(@class, \"sapMMsgBoxText\")]"}
RESULT: {"using":"xpath","value":"//span[contains(@class, \"sapMMsgBoxText\")]"}
COMMAND: POST /session/96c3a598723bca0d481ce9bce9e2baad/elements - {"using":"xpath","value":"//span[contains(@class, \"sapMMsgBoxText\")]"}
RESULT: {"using":"xpath","value":"//span[contains(@class, \"sapMMsgBoxText\")]"}
COMMAND: POST /session/96c3a598723bca0d481ce9bce9e2baad/elements - {"using":"xpath","value":"//span[contains(@class, \"sapMMsgBoxText\")]"}
RESULT: {"using":"xpath","value":"//span[contains(@class, \"sapMMsgBoxText\")]"}
COMMAND: POST /session/96c3a598723bca0d481ce9bce9e2baad/elements - {"using":"xpath","value":"//span[contains(@class, \"sapMMsgBoxText\")]"}
RESULT: {"using":"xpath","value":"//span[contains(@class, \"sapMMsgBoxText\")]"}
COMMAND: POST /session/96c3a598723bca0d481ce9bce9e2baad/elements - {"using":"xpath","value":"//span[contains(@class, \"sapMMsgBoxText\")]"}
RESULT: {"using":"xpath","value":"//span[contains(@class, \"sapMMsgBoxText\")]"}
COMMAND: POST /session/96c3a598723bca0d481ce9bce9e2baad/elements - {"using":"xpath","value":"//span[contains(@class, \"sapMMsgBoxText\")]"}
RESULT: {"using":"xpath","value":"//span[contains(@class, \"sapMMsgBoxText\")]"}
COMMAND: POST /session/96c3a598723bca0d481ce9bce9e2baad/elements - {"using":"xpath","value":"//span[contains(@class, \"sapMMsgBoxText\")]"}
RESULT: {"using":"xpath","value":"//span[contains(@class, \"sapMMsgBoxText\")]"}
COMMAND: POST /session/96c3a598723bca0d481ce9bce9e2baad/elements - {"using":"xpath","value":"//span[contains(@class, \"sapMMsgBoxText\")]"}
RESULT: {"using":"xpath","value":"//span[contains(@class, \"sapMMsgBoxText\")]"}
COMMAND: POST /session/96c3a598723bca0d481ce9bce9e2baad/element - {"using":"css selector","value":"#shell-header-logo"}
RESULT: {"using":"css selector","value":"#shell-header-logo"}
COMMAND: POST /session/96c3a598723bca0d481ce9bce9e2baad/element/f.8DC08C43B755367AEB7C7AD78B2C0F17.d.D20566BF0F315C6BFCB2920FC467B16F.e.3283/click - {}
RESULT: {}
COMMAND: GET /session/96c3a598723bca0d481ce9bce9e2baad/screenshot - {}
RESULT: {}
COMMAND: GET /session/96c3a598723bca0d481ce9bce9e2baad/screenshot - {}
RESULT: {}
]]></system-out>
      <system-err><![CDATA[
Error: Expect $(`//span[contains(@class, "sapMMsgBoxText")]`) to be existing

Expected: "existing"
Received: "not existing"
    at Context.<anonymous> (D:\a\1\s\test\specs\BTS\address-management.spec.js:1014:38)
]]></system-err>
    </testcase>
    <testcase classname="chrome.136_0_7103_93.windows.Address_Management_Tests_US156181_US151165_US151160_US156180_US156178_US151157_US151172_US151170_US151166_US151168" name="Step 8 Should add an attachment to the created address US151166 BUGGED FOR NOW" time="67.636">
      <system-out><![CDATA[
RESULT: undefined
COMMAND: POST /session/96c3a598723bca0d481ce9bce9e2baad/element - {"using":"xpath","value":"//*[@id=\"__tile33\"]"}
COMMAND: GET /session/96c3a598723bca0d481ce9bce9e2baad/screenshot - {}
RESULT: {"using":"xpath","value":"//*[@id=\"__tile33\"]"}
COMMAND: POST /session/96c3a598723bca0d481ce9bce9e2baad/element/f.8DC08C43B755367AEB7C7AD78B2C0F17.d.D20566BF0F315C6BFCB2920FC467B16F.e.209/click - {}
RESULT: {}
RESULT: {}
COMMAND: GET /session/96c3a598723bca0d481ce9bce9e2baad/screenshot - {}
RESULT: {}
COMMAND: POST /session/96c3a598723bca0d481ce9bce9e2baad/elements - {"using":"xpath","value":"//span[text()='Error']"}
RESULT: {"using":"xpath","value":"//span[text()='Error']"}
COMMAND: POST /session/96c3a598723bca0d481ce9bce9e2baad/element - {"using":"xpath","value":"//button[@data-kt=\"addButton\"]"}
RESULT: {"using":"xpath","value":"//button[@data-kt=\"addButton\"]"}
COMMAND: POST /session/96c3a598723bca0d481ce9bce9e2baad/elements - {"using":"xpath","value":"//button[@data-kt=\"addButton\"]"}
RESULT: {"using":"xpath","value":"//button[@data-kt=\"addButton\"]"}
COMMAND: POST /session/96c3a598723bca0d481ce9bce9e2baad/execute/sync - {"script":"<script> [8489 bytes]","args":[{"element-6066-11e4-a52e-4f735466cecf":"f.8DC08C43B755367AEB7C7AD78B2C0F17.d.D20566BF0F315C6BFCB2920FC467B16F.e.3339","ELEMENT":"f.8DC08C43B755367AEB7C7AD78B2C0F17.d.D20566BF0F315C6BFCB2920FC467B16F.e.3339"}]}
RESULT: {"script":"<script> [8489 bytes]","args":[{"element-6066-11e4-a52e-4f735466cecf":"f.8DC08C43B755367AEB7C7AD78B2C0F17.d.D20566BF0F315C6BFCB2920FC467B16F.e.3339","ELEMENT":"f.8DC08C43B755367AEB7C7AD78B2C0F17.d.D20566BF0F315C6BFCB2920FC467B16F.e.3339"}]}
COMMAND: GET /session/96c3a598723bca0d481ce9bce9e2baad/element/f.8DC08C43B755367AEB7C7AD78B2C0F17.d.D20566BF0F315C6BFCB2920FC467B16F.e.3339/enabled - {}
COMMAND: GET /session/96c3a598723bca0d481ce9bce9e2baad/screenshot - {}
RESULT: {}
COMMAND: POST /session/96c3a598723bca0d481ce9bce9e2baad/execute/sync - {"script":"<script> [8489 bytes]","args":[{"element-6066-11e4-a52e-4f735466cecf":"f.8DC08C43B755367AEB7C7AD78B2C0F17.d.D20566BF0F315C6BFCB2920FC467B16F.e.3339","ELEMENT":"f.8DC08C43B755367AEB7C7AD78B2C0F17.d.D20566BF0F315C6BFCB2920FC467B16F.e.3339"}]}
COMMAND: GET /session/96c3a598723bca0d481ce9bce9e2baad/screenshot - {}
RESULT: {}
RESULT: {"script":"<script> [8489 bytes]","args":[{"element-6066-11e4-a52e-4f735466cecf":"f.8DC08C43B755367AEB7C7AD78B2C0F17.d.D20566BF0F315C6BFCB2920FC467B16F.e.3339","ELEMENT":"f.8DC08C43B755367AEB7C7AD78B2C0F17.d.D20566BF0F315C6BFCB2920FC467B16F.e.3339"}]}
COMMAND: POST /session/96c3a598723bca0d481ce9bce9e2baad/execute/sync - {"script":"<script> [5351 bytes]","args":[{"element-6066-11e4-a52e-4f735466cecf":"f.8DC08C43B755367AEB7C7AD78B2C0F17.d.D20566BF0F315C6BFCB2920FC467B16F.e.3339","ELEMENT":"f.8DC08C43B755367AEB7C7AD78B2C0F17.d.D20566BF0F315C6BFCB2920FC467B16F.e.3339"}]}
COMMAND: GET /session/96c3a598723bca0d481ce9bce9e2baad/screenshot - {}
RESULT: {}
RESULT: {"script":"<script> [5351 bytes]","args":[{"element-6066-11e4-a52e-4f735466cecf":"f.8DC08C43B755367AEB7C7AD78B2C0F17.d.D20566BF0F315C6BFCB2920FC467B16F.e.3339","ELEMENT":"f.8DC08C43B755367AEB7C7AD78B2C0F17.d.D20566BF0F315C6BFCB2920FC467B16F.e.3339"}]}
COMMAND: GET /session/96c3a598723bca0d481ce9bce9e2baad/screenshot - {}
RESULT: {}
RESULT: {}
RESULT: undefined
COMMAND: POST /session/96c3a598723bca0d481ce9bce9e2baad/execute/async - {"script":"<script> [776 bytes]","args":[{"enterText":"1X375sMr67","selector":{"id":"application-addressmanagement-display-component---masterAdm--smartFilterBar-btnBasicSearch","interaction":{"idSuffix":"I"}},"clearTextFirst":true,"interactionType":"ENTER_TEXT"}]}
RESULT: {"script":"<script> [776 bytes]","args":[{"enterText":"1X375sMr67","selector":{"id":"application-addressmanagement-display-component---masterAdm--smartFilterBar-btnBasicSearch","interaction":{"idSuffix":"I"}},"clearTextFirst":true,"interactionType":"ENTER_TEXT"}]}
COMMAND: POST /session/96c3a598723bca0d481ce9bce9e2baad/actions - {"actions":[{"id":"action14","type":"key","parameters":{},"actions":[{"type":"keyDown","value":""},{"type":"pause","duration":10},{"type":"keyUp","value":""}]}]}
RESULT: {"actions":[{"id":"action14","type":"key","parameters":{},"actions":[{"type":"keyDown","value":""},{"type":"pause","duration":10},{"type":"keyUp","value":""}]}]}
COMMAND: GET /session/96c3a598723bca0d481ce9bce9e2baad/screenshot - {}
RESULT: {}
COMMAND: POST /session/96c3a598723bca0d481ce9bce9e2baad/elements - {"using":"xpath","value":"//table[contains(@id, \"customPersonsAddressesTable-listUl\")]/tbody/tr"}
RESULT: {"using":"xpath","value":"//table[contains(@id, \"customPersonsAddressesTable-listUl\")]/tbody/tr"}
COMMAND: POST /session/96c3a598723bca0d481ce9bce9e2baad/element - {"using":"xpath","value":"//table[contains(@id, \"customPersonsAddressesTable-listUl\")]/tbody/tr[1]/td[5]/span/span"}
RESULT: {"using":"xpath","value":"//table[contains(@id, \"customPersonsAddressesTable-listUl\")]/tbody/tr[1]/td[5]/span/span"}
COMMAND: POST /session/96c3a598723bca0d481ce9bce9e2baad/element - {"using":"xpath","value":"//table[contains(@id, \"customPersonsAddressesTable-listUl\")]/tbody/tr[1]/td[3]/span"}
RESULT: {"using":"xpath","value":"//table[contains(@id, \"customPersonsAddressesTable-listUl\")]/tbody/tr[1]/td[3]/span"}
COMMAND: POST /session/96c3a598723bca0d481ce9bce9e2baad/elements - {"using":"xpath","value":"//table[contains(@id, \"customPersonsAddressesTable-listUl\")]/tbody/tr[1]/td[5]/span/span"}
RESULT: {"using":"xpath","value":"//table[contains(@id, \"customPersonsAddressesTable-listUl\")]/tbody/tr[1]/td[5]/span/span"}
COMMAND: POST /session/96c3a598723bca0d481ce9bce9e2baad/execute/sync - {"script":"<script> [56 bytes]","args":[{"element-6066-11e4-a52e-4f735466cecf":"f.8DC08C43B755367AEB7C7AD78B2C0F17.d.D20566BF0F315C6BFCB2920FC467B16F.e.3480","ELEMENT":"f.8DC08C43B755367AEB7C7AD78B2C0F17.d.D20566BF0F315C6BFCB2920FC467B16F.e.3480"}]}
RESULT: {"script":"<script> [56 bytes]","args":[{"element-6066-11e4-a52e-4f735466cecf":"f.8DC08C43B755367AEB7C7AD78B2C0F17.d.D20566BF0F315C6BFCB2920FC467B16F.e.3480","ELEMENT":"f.8DC08C43B755367AEB7C7AD78B2C0F17.d.D20566BF0F315C6BFCB2920FC467B16F.e.3480"}]}
COMMAND: POST /session/96c3a598723bca0d481ce9bce9e2baad/execute/sync - {"script":"<script> [56 bytes]","args":[{"element-6066-11e4-a52e-4f735466cecf":"f.8DC08C43B755367AEB7C7AD78B2C0F17.d.D20566BF0F315C6BFCB2920FC467B16F.e.3481","ELEMENT":"f.8DC08C43B755367AEB7C7AD78B2C0F17.d.D20566BF0F315C6BFCB2920FC467B16F.e.3481"}]}
COMMAND: GET /session/96c3a598723bca0d481ce9bce9e2baad/screenshot - {}
RESULT: {"script":"<script> [56 bytes]","args":[{"element-6066-11e4-a52e-4f735466cecf":"f.8DC08C43B755367AEB7C7AD78B2C0F17.d.D20566BF0F315C6BFCB2920FC467B16F.e.3481","ELEMENT":"f.8DC08C43B755367AEB7C7AD78B2C0F17.d.D20566BF0F315C6BFCB2920FC467B16F.e.3481"}]}
COMMAND: POST /session/96c3a598723bca0d481ce9bce9e2baad/element - {"using":"xpath","value":"(//span[contains(@id, \"imgNav\")])[1]"}
COMMAND: GET /session/96c3a598723bca0d481ce9bce9e2baad/screenshot - {}
RESULT: {}
RESULT: {"using":"xpath","value":"(//span[contains(@id, \"imgNav\")])[1]"}
COMMAND: POST /session/96c3a598723bca0d481ce9bce9e2baad/element/f.8DC08C43B755367AEB7C7AD78B2C0F17.d.D20566BF0F315C6BFCB2920FC467B16F.e.3478/click - {}
RESULT: {}
RESULT: {}
COMMAND: GET /session/96c3a598723bca0d481ce9bce9e2baad/screenshot - {}
RESULT: {}
COMMAND: POST /session/96c3a598723bca0d481ce9bce9e2baad/element - {"using":"xpath","value":"//bdi[contains(text(), \"Edit\")]"}
RESULT: {"using":"xpath","value":"//bdi[contains(text(), \"Edit\")]"}
COMMAND: POST /session/96c3a598723bca0d481ce9bce9e2baad/element/f.8DC08C43B755367AEB7C7AD78B2C0F17.d.D20566BF0F315C6BFCB2920FC467B16F.e.3606/click - {}
RESULT: {}
COMMAND: GET /session/96c3a598723bca0d481ce9bce9e2baad/screenshot - {}
RESULT: {}
COMMAND: POST /session/96c3a598723bca0d481ce9bce9e2baad/execute/async - {"script":"<script> [1562 bytes]","args":[{"selector":{"controlType":"sap.m.Button","viewName":"etm.portal.ui.addressmanagement.view.EditDetail","properties":{"text":"Attachments (0)"},"interaction":{"idSuffix":"BDI-content"}},"wdio_ui5_key":"etmportal.ui.addressmanagement.view.EditDetailsap.m.Button{\"text\":\"Attachments (0)\"}"}]}
RESULT: {"script":"<script> [1562 bytes]","args":[{"selector":{"controlType":"sap.m.Button","viewName":"etm.portal.ui.addressmanagement.view.EditDetail","properties":{"text":"Attachments (0)"},"interaction":{"idSuffix":"BDI-content"}},"wdio_ui5_key":"etmportal.ui.addressmanagement.view.EditDetailsap.m.Button{\"text\":\"Attachments (0)\"}"}]}
RESULT: undefined
COMMAND: POST /session/96c3a598723bca0d481ce9bce9e2baad/element - {"using":"xpath","value":"//*[@id=\"__xmlview61--ObjectPageLayout-anchBar-__xmlview61--attachments-anchor\"]"}
RESULT: {"using":"xpath","value":"//*[@id=\"__xmlview61--ObjectPageLayout-anchBar-__xmlview61--attachments-anchor\"]"}
COMMAND: POST /session/96c3a598723bca0d481ce9bce9e2baad/element/f.8DC08C43B755367AEB7C7AD78B2C0F17.d.D20566BF0F315C6BFCB2920FC467B16F.e.3653/click - {}
RESULT: {}
COMMAND: GET /session/96c3a598723bca0d481ce9bce9e2baad/screenshot - {}
RESULT: {}
COMMAND: POST /session/96c3a598723bca0d481ce9bce9e2baad/file - {"file":"[base64] 459776 bytes"}
RESULT: {"file":"[base64] 459776 bytes"}
COMMAND: POST /session/96c3a598723bca0d481ce9bce9e2baad/element - {"using":"css selector","value":"input[type=\"file\"]"}
RESULT: {"using":"css selector","value":"input[type=\"file\"]"}
COMMAND: POST /session/96c3a598723bca0d481ce9bce9e2baad/element/f.8DC08C43B755367AEB7C7AD78B2C0F17.d.D20566BF0F315C6BFCB2920FC467B16F.e.3640/clear - {}
RESULT: {}
COMMAND: POST /session/96c3a598723bca0d481ce9bce9e2baad/element/f.8DC08C43B755367AEB7C7AD78B2C0F17.d.D20566BF0F315C6BFCB2920FC467B16F.e.3640/value - {"text":"C:\\Windows\\SystemTemp\\scoped_dir3284_2075816155\\upload3284_737254588\\address-mng-pic.png"}
COMMAND: GET /session/96c3a598723bca0d481ce9bce9e2baad/screenshot - {}
RESULT: {"text":"C:\\Windows\\SystemTemp\\scoped_dir3284_2075816155\\upload3284_737254588\\address-mng-pic.png"}
COMMAND: GET /session/96c3a598723bca0d481ce9bce9e2baad/screenshot - {}
RESULT: {}
RESULT: {}
COMMAND: POST /session/96c3a598723bca0d481ce9bce9e2baad/element - {"using":"xpath","value":"//button[@data-kt=\"saveButton\"]"}
RESULT: {"using":"xpath","value":"//button[@data-kt=\"saveButton\"]"}
COMMAND: POST /session/96c3a598723bca0d481ce9bce9e2baad/element/f.8DC08C43B755367AEB7C7AD78B2C0F17.d.D20566BF0F315C6BFCB2920FC467B16F.e.3677/click - {}
RESULT: {}
COMMAND: GET /session/96c3a598723bca0d481ce9bce9e2baad/screenshot - {}
RESULT: {}
COMMAND: POST /session/96c3a598723bca0d481ce9bce9e2baad/execute/async - {"script":"<script> [1562 bytes]","args":[{"selector":{"id":"application-addressmanagement-display-component---detailAdm--ObjectPageLayout-anchBar-application-addressmanagement-display-component---detailAdm--attachments-anchor","interaction":{"idSuffix":"content"}},"wdio_ui5_key":"applicationaddressmanagement-display-component---detailAdm--ObjectPageLayout-anchBar-application-addressmanagement-display-component---detailAdm--attachments-anchor"}]}
RESULT: {"script":"<script> [1562 bytes]","args":[{"selector":{"id":"application-addressmanagement-display-component---detailAdm--ObjectPageLayout-anchBar-application-addressmanagement-display-component---detailAdm--attachments-anchor","interaction":{"idSuffix":"content"}},"wdio_ui5_key":"applicationaddressmanagement-display-component---detailAdm--ObjectPageLayout-anchBar-application-addressmanagement-display-component---detailAdm--attachments-anchor"}]}
RESULT: undefined
COMMAND: POST /session/96c3a598723bca0d481ce9bce9e2baad/element - {"using":"xpath","value":"//*[@id=\"application-addressmanagement-display-component---detailAdm--ObjectPageLayout-anchBar-application-addressmanagement-display-component---detailAdm--attachments-anchor\"]"}
RESULT: {"using":"xpath","value":"//*[@id=\"application-addressmanagement-display-component---detailAdm--ObjectPageLayout-anchBar-application-addressmanagement-display-component---detailAdm--attachments-anchor\"]"}
COMMAND: POST /session/96c3a598723bca0d481ce9bce9e2baad/element/f.8DC08C43B755367AEB7C7AD78B2C0F17.d.D20566BF0F315C6BFCB2920FC467B16F.e.3686/click - {}
RESULT: {}
COMMAND: GET /session/96c3a598723bca0d481ce9bce9e2baad/screenshot - {}
RESULT: {}
COMMAND: POST /session/96c3a598723bca0d481ce9bce9e2baad/execute/async - {"script":"<script> [1562 bytes]","args":[{"selector":{"id":"application-addressmanagement-display-component---detailAdm--attachments"},"wdio_ui5_key":"applicationaddressmanagement-display-component---detailAdm--attachments"}]}
RESULT: {"script":"<script> [1562 bytes]","args":[{"selector":{"id":"application-addressmanagement-display-component---detailAdm--attachments"},"wdio_ui5_key":"applicationaddressmanagement-display-component---detailAdm--attachments"}]}
RESULT: undefined
COMMAND: POST /session/96c3a598723bca0d481ce9bce9e2baad/execute/async - {"script":"<script> [6424 bytes]","args":[{"element-6066-11e4-a52e-4f735466cecf":"f.8DC08C43B755367AEB7C7AD78B2C0F17.d.D20566BF0F315C6BFCB2920FC467B16F.e.3589"},"getTitle",[]]}
RESULT: {"script":"<script> [6424 bytes]","args":[{"element-6066-11e4-a52e-4f735466cecf":"f.8DC08C43B755367AEB7C7AD78B2C0F17.d.D20566BF0F315C6BFCB2920FC467B16F.e.3589"},"getTitle",[]]}
COMMAND: POST /session/96c3a598723bca0d481ce9bce9e2baad/element - {"using":"css selector","value":"#shell-header-logo"}
RESULT: {"using":"css selector","value":"#shell-header-logo"}
COMMAND: POST /session/96c3a598723bca0d481ce9bce9e2baad/element/f.8DC08C43B755367AEB7C7AD78B2C0F17.d.D20566BF0F315C6BFCB2920FC467B16F.e.3283/click - {}
RESULT: {}
COMMAND: GET /session/96c3a598723bca0d481ce9bce9e2baad/screenshot - {}
RESULT: {}
]]></system-out>
    </testcase>
    <testcase classname="chrome.136_0_7103_93.windows.Address_Management_Tests_US156181_US151165_US151160_US156180_US156178_US151157_US151172_US151170_US151166_US151168" name="Step 9 Should remove the added attachment on the created address US151168 BUGGED FOR NOW" time="70.383">
      <system-out><![CDATA[
RESULT: undefined
COMMAND: POST /session/96c3a598723bca0d481ce9bce9e2baad/element - {"using":"xpath","value":"//*[@id=\"__tile33\"]"}
RESULT: {"using":"xpath","value":"//*[@id=\"__tile33\"]"}
COMMAND: POST /session/96c3a598723bca0d481ce9bce9e2baad/element/f.8DC08C43B755367AEB7C7AD78B2C0F17.d.D20566BF0F315C6BFCB2920FC467B16F.e.209/click - {}
RESULT: {}
COMMAND: GET /session/96c3a598723bca0d481ce9bce9e2baad/screenshot - {}
RESULT: {}
COMMAND: POST /session/96c3a598723bca0d481ce9bce9e2baad/elements - {"using":"xpath","value":"//span[text()='Error']"}
RESULT: {"using":"xpath","value":"//span[text()='Error']"}
COMMAND: POST /session/96c3a598723bca0d481ce9bce9e2baad/element - {"using":"xpath","value":"//button[@data-kt=\"addButton\"]"}
RESULT: {"using":"xpath","value":"//button[@data-kt=\"addButton\"]"}
COMMAND: POST /session/96c3a598723bca0d481ce9bce9e2baad/elements - {"using":"xpath","value":"//button[@data-kt=\"addButton\"]"}
RESULT: {"using":"xpath","value":"//button[@data-kt=\"addButton\"]"}
COMMAND: POST /session/96c3a598723bca0d481ce9bce9e2baad/execute/sync - {"script":"<script> [8489 bytes]","args":[{"element-6066-11e4-a52e-4f735466cecf":"f.8DC08C43B755367AEB7C7AD78B2C0F17.d.D20566BF0F315C6BFCB2920FC467B16F.e.3737","ELEMENT":"f.8DC08C43B755367AEB7C7AD78B2C0F17.d.D20566BF0F315C6BFCB2920FC467B16F.e.3737"}]}
RESULT: {"script":"<script> [8489 bytes]","args":[{"element-6066-11e4-a52e-4f735466cecf":"f.8DC08C43B755367AEB7C7AD78B2C0F17.d.D20566BF0F315C6BFCB2920FC467B16F.e.3737","ELEMENT":"f.8DC08C43B755367AEB7C7AD78B2C0F17.d.D20566BF0F315C6BFCB2920FC467B16F.e.3737"}]}
COMMAND: GET /session/96c3a598723bca0d481ce9bce9e2baad/element/f.8DC08C43B755367AEB7C7AD78B2C0F17.d.D20566BF0F315C6BFCB2920FC467B16F.e.3737/enabled - {}
COMMAND: GET /session/96c3a598723bca0d481ce9bce9e2baad/screenshot - {}
RESULT: {}
COMMAND: POST /session/96c3a598723bca0d481ce9bce9e2baad/execute/sync - {"script":"<script> [8489 bytes]","args":[{"element-6066-11e4-a52e-4f735466cecf":"f.8DC08C43B755367AEB7C7AD78B2C0F17.d.D20566BF0F315C6BFCB2920FC467B16F.e.3737","ELEMENT":"f.8DC08C43B755367AEB7C7AD78B2C0F17.d.D20566BF0F315C6BFCB2920FC467B16F.e.3737"}]}
COMMAND: GET /session/96c3a598723bca0d481ce9bce9e2baad/screenshot - {}
RESULT: {}
RESULT: {"script":"<script> [8489 bytes]","args":[{"element-6066-11e4-a52e-4f735466cecf":"f.8DC08C43B755367AEB7C7AD78B2C0F17.d.D20566BF0F315C6BFCB2920FC467B16F.e.3737","ELEMENT":"f.8DC08C43B755367AEB7C7AD78B2C0F17.d.D20566BF0F315C6BFCB2920FC467B16F.e.3737"}]}
COMMAND: POST /session/96c3a598723bca0d481ce9bce9e2baad/execute/sync - {"script":"<script> [5351 bytes]","args":[{"element-6066-11e4-a52e-4f735466cecf":"f.8DC08C43B755367AEB7C7AD78B2C0F17.d.D20566BF0F315C6BFCB2920FC467B16F.e.3737","ELEMENT":"f.8DC08C43B755367AEB7C7AD78B2C0F17.d.D20566BF0F315C6BFCB2920FC467B16F.e.3737"}]}
COMMAND: GET /session/96c3a598723bca0d481ce9bce9e2baad/screenshot - {}
RESULT: {}
RESULT: {"script":"<script> [5351 bytes]","args":[{"element-6066-11e4-a52e-4f735466cecf":"f.8DC08C43B755367AEB7C7AD78B2C0F17.d.D20566BF0F315C6BFCB2920FC467B16F.e.3737","ELEMENT":"f.8DC08C43B755367AEB7C7AD78B2C0F17.d.D20566BF0F315C6BFCB2920FC467B16F.e.3737"}]}
COMMAND: GET /session/96c3a598723bca0d481ce9bce9e2baad/screenshot - {}
RESULT: {}
RESULT: {}
RESULT: undefined
COMMAND: POST /session/96c3a598723bca0d481ce9bce9e2baad/execute/async - {"script":"<script> [776 bytes]","args":[{"enterText":"1X375sMr67","selector":{"id":"application-addressmanagement-display-component---masterAdm--smartFilterBar-btnBasicSearch","interaction":{"idSuffix":"I"}},"clearTextFirst":true,"interactionType":"ENTER_TEXT"}]}
RESULT: {"script":"<script> [776 bytes]","args":[{"enterText":"1X375sMr67","selector":{"id":"application-addressmanagement-display-component---masterAdm--smartFilterBar-btnBasicSearch","interaction":{"idSuffix":"I"}},"clearTextFirst":true,"interactionType":"ENTER_TEXT"}]}
COMMAND: POST /session/96c3a598723bca0d481ce9bce9e2baad/actions - {"actions":[{"id":"action15","type":"key","parameters":{},"actions":[{"type":"keyDown","value":""},{"type":"pause","duration":10},{"type":"keyUp","value":""}]}]}
RESULT: {"actions":[{"id":"action15","type":"key","parameters":{},"actions":[{"type":"keyDown","value":""},{"type":"pause","duration":10},{"type":"keyUp","value":""}]}]}
COMMAND: GET /session/96c3a598723bca0d481ce9bce9e2baad/screenshot - {}
RESULT: {}
COMMAND: POST /session/96c3a598723bca0d481ce9bce9e2baad/elements - {"using":"xpath","value":"//table[contains(@id, \"customPersonsAddressesTable-listUl\")]/tbody/tr"}
RESULT: {"using":"xpath","value":"//table[contains(@id, \"customPersonsAddressesTable-listUl\")]/tbody/tr"}
COMMAND: POST /session/96c3a598723bca0d481ce9bce9e2baad/element - {"using":"xpath","value":"//table[contains(@id, \"customPersonsAddressesTable-listUl\")]/tbody/tr[1]/td[5]/span/span"}
RESULT: {"using":"xpath","value":"//table[contains(@id, \"customPersonsAddressesTable-listUl\")]/tbody/tr[1]/td[5]/span/span"}
COMMAND: POST /session/96c3a598723bca0d481ce9bce9e2baad/element - {"using":"xpath","value":"//table[contains(@id, \"customPersonsAddressesTable-listUl\")]/tbody/tr[1]/td[3]/span"}
RESULT: {"using":"xpath","value":"//table[contains(@id, \"customPersonsAddressesTable-listUl\")]/tbody/tr[1]/td[3]/span"}
COMMAND: POST /session/96c3a598723bca0d481ce9bce9e2baad/elements - {"using":"xpath","value":"//table[contains(@id, \"customPersonsAddressesTable-listUl\")]/tbody/tr[1]/td[5]/span/span"}
RESULT: {"using":"xpath","value":"//table[contains(@id, \"customPersonsAddressesTable-listUl\")]/tbody/tr[1]/td[5]/span/span"}
COMMAND: POST /session/96c3a598723bca0d481ce9bce9e2baad/execute/sync - {"script":"<script> [56 bytes]","args":[{"element-6066-11e4-a52e-4f735466cecf":"f.8DC08C43B755367AEB7C7AD78B2C0F17.d.D20566BF0F315C6BFCB2920FC467B16F.e.3884","ELEMENT":"f.8DC08C43B755367AEB7C7AD78B2C0F17.d.D20566BF0F315C6BFCB2920FC467B16F.e.3884"}]}
RESULT: {"script":"<script> [56 bytes]","args":[{"element-6066-11e4-a52e-4f735466cecf":"f.8DC08C43B755367AEB7C7AD78B2C0F17.d.D20566BF0F315C6BFCB2920FC467B16F.e.3884","ELEMENT":"f.8DC08C43B755367AEB7C7AD78B2C0F17.d.D20566BF0F315C6BFCB2920FC467B16F.e.3884"}]}
COMMAND: POST /session/96c3a598723bca0d481ce9bce9e2baad/execute/sync - {"script":"<script> [56 bytes]","args":[{"element-6066-11e4-a52e-4f735466cecf":"f.8DC08C43B755367AEB7C7AD78B2C0F17.d.D20566BF0F315C6BFCB2920FC467B16F.e.3885","ELEMENT":"f.8DC08C43B755367AEB7C7AD78B2C0F17.d.D20566BF0F315C6BFCB2920FC467B16F.e.3885"}]}
COMMAND: GET /session/96c3a598723bca0d481ce9bce9e2baad/screenshot - {}
RESULT: {"script":"<script> [56 bytes]","args":[{"element-6066-11e4-a52e-4f735466cecf":"f.8DC08C43B755367AEB7C7AD78B2C0F17.d.D20566BF0F315C6BFCB2920FC467B16F.e.3885","ELEMENT":"f.8DC08C43B755367AEB7C7AD78B2C0F17.d.D20566BF0F315C6BFCB2920FC467B16F.e.3885"}]}
COMMAND: POST /session/96c3a598723bca0d481ce9bce9e2baad/element - {"using":"xpath","value":"(//span[contains(@id, \"imgNav\")])[1]"}
COMMAND: GET /session/96c3a598723bca0d481ce9bce9e2baad/screenshot - {}
RESULT: {}
RESULT: {"using":"xpath","value":"(//span[contains(@id, \"imgNav\")])[1]"}
COMMAND: POST /session/96c3a598723bca0d481ce9bce9e2baad/element/f.8DC08C43B755367AEB7C7AD78B2C0F17.d.D20566BF0F315C6BFCB2920FC467B16F.e.3882/click - {}
RESULT: {}
RESULT: {}
COMMAND: GET /session/96c3a598723bca0d481ce9bce9e2baad/screenshot - {}
RESULT: {}
COMMAND: POST /session/96c3a598723bca0d481ce9bce9e2baad/element - {"using":"xpath","value":"//bdi[contains(text(), \"Edit\")]"}
RESULT: {"using":"xpath","value":"//bdi[contains(text(), \"Edit\")]"}
COMMAND: POST /session/96c3a598723bca0d481ce9bce9e2baad/element/f.8DC08C43B755367AEB7C7AD78B2C0F17.d.D20566BF0F315C6BFCB2920FC467B16F.e.4009/click - {}
RESULT: {}
COMMAND: GET /session/96c3a598723bca0d481ce9bce9e2baad/screenshot - {}
RESULT: {}
COMMAND: POST /session/96c3a598723bca0d481ce9bce9e2baad/execute/async - {"script":"<script> [1562 bytes]","args":[{"selector":{"controlType":"sap.m.Button","viewName":"etm.portal.ui.addressmanagement.view.EditDetail","properties":{"text":"Attachments (1)"},"interaction":{"idSuffix":"BDI-content"}},"wdio_ui5_key":"etmportal.ui.addressmanagement.view.EditDetailsap.m.Button{\"text\":\"Attachments (1)\"}"}]}
RESULT: {"script":"<script> [1562 bytes]","args":[{"selector":{"controlType":"sap.m.Button","viewName":"etm.portal.ui.addressmanagement.view.EditDetail","properties":{"text":"Attachments (1)"},"interaction":{"idSuffix":"BDI-content"}},"wdio_ui5_key":"etmportal.ui.addressmanagement.view.EditDetailsap.m.Button{\"text\":\"Attachments (1)\"}"}]}
RESULT: undefined
COMMAND: POST /session/96c3a598723bca0d481ce9bce9e2baad/element - {"using":"xpath","value":"//*[@id=\"__xmlview62--ObjectPageLayout-anchBar-__xmlview62--attachments-anchor\"]"}
RESULT: {"using":"xpath","value":"//*[@id=\"__xmlview62--ObjectPageLayout-anchBar-__xmlview62--attachments-anchor\"]"}
COMMAND: POST /session/96c3a598723bca0d481ce9bce9e2baad/element/f.8DC08C43B755367AEB7C7AD78B2C0F17.d.D20566BF0F315C6BFCB2920FC467B16F.e.4063/click - {}
RESULT: {}
COMMAND: GET /session/96c3a598723bca0d481ce9bce9e2baad/screenshot - {}
RESULT: {}
COMMAND: POST /session/96c3a598723bca0d481ce9bce9e2baad/execute/async - {"script":"<script> [1562 bytes]","args":[{"selector":{"controlType":"sap.ui.core.Icon","viewName":"etm.portal.ui.addressmanagement.view.EditDetail","properties":{"src":{"regex":{"source":"decline"}}}},"wdio_ui5_key":"etmportal.ui.addressmanagement.view.EditDetailsap.ui.core.Icon{\"src\":{\"regex\":{\"source\":\"decline\"}}}"}]}
RESULT: {"script":"<script> [1562 bytes]","args":[{"selector":{"controlType":"sap.ui.core.Icon","viewName":"etm.portal.ui.addressmanagement.view.EditDetail","properties":{"src":{"regex":{"source":"decline"}}}},"wdio_ui5_key":"etmportal.ui.addressmanagement.view.EditDetailsap.ui.core.Icon{\"src\":{\"regex\":{\"source\":\"decline\"}}}"}]}
RESULT: undefined
COMMAND: POST /session/96c3a598723bca0d481ce9bce9e2baad/element - {"using":"xpath","value":"//*[@id=\"__item858-__set10-0-deleteButton-img\"]"}
RESULT: {"using":"xpath","value":"//*[@id=\"__item858-__set10-0-deleteButton-img\"]"}
COMMAND: POST /session/96c3a598723bca0d481ce9bce9e2baad/element/f.8DC08C43B755367AEB7C7AD78B2C0F17.d.D20566BF0F315C6BFCB2920FC467B16F.e.4069/click - {}
RESULT: {}
COMMAND: GET /session/96c3a598723bca0d481ce9bce9e2baad/screenshot - {}
RESULT: {}
COMMAND: POST /session/96c3a598723bca0d481ce9bce9e2baad/element - {"using":"xpath","value":"//bdi[contains(text(), \"OK\")]"}
RESULT: {"using":"xpath","value":"//bdi[contains(text(), \"OK\")]"}
COMMAND: POST /session/96c3a598723bca0d481ce9bce9e2baad/element/f.8DC08C43B755367AEB7C7AD78B2C0F17.d.D20566BF0F315C6BFCB2920FC467B16F.e.4072/click - {}
RESULT: {}
COMMAND: GET /session/96c3a598723bca0d481ce9bce9e2baad/screenshot - {}
RESULT: {}
COMMAND: POST /session/96c3a598723bca0d481ce9bce9e2baad/element - {"using":"xpath","value":"//button[@data-kt=\"saveButton\"]"}
RESULT: {"using":"xpath","value":"//button[@data-kt=\"saveButton\"]"}
COMMAND: POST /session/96c3a598723bca0d481ce9bce9e2baad/element/f.8DC08C43B755367AEB7C7AD78B2C0F17.d.D20566BF0F315C6BFCB2920FC467B16F.e.4093/click - {}
RESULT: {}
COMMAND: GET /session/96c3a598723bca0d481ce9bce9e2baad/screenshot - {}
RESULT: {}
RESULT: undefined
COMMAND: POST /session/96c3a598723bca0d481ce9bce9e2baad/element - {"using":"xpath","value":"//*[@id=\"application-addressmanagement-display-component---detailAdm--ObjectPageLayout-anchBar-application-addressmanagement-display-component---detailAdm--attachments-anchor\"]"}
RESULT: {"using":"xpath","value":"//*[@id=\"application-addressmanagement-display-component---detailAdm--ObjectPageLayout-anchBar-application-addressmanagement-display-component---detailAdm--attachments-anchor\"]"}
COMMAND: POST /session/96c3a598723bca0d481ce9bce9e2baad/element/f.8DC08C43B755367AEB7C7AD78B2C0F17.d.D20566BF0F315C6BFCB2920FC467B16F.e.4099/click - {}
RESULT: {}
COMMAND: GET /session/96c3a598723bca0d481ce9bce9e2baad/screenshot - {}
RESULT: {}
RESULT: undefined
COMMAND: POST /session/96c3a598723bca0d481ce9bce9e2baad/execute/async - {"script":"<script> [6424 bytes]","args":[{"element-6066-11e4-a52e-4f735466cecf":"f.8DC08C43B755367AEB7C7AD78B2C0F17.d.D20566BF0F315C6BFCB2920FC467B16F.e.3589"},"getTitle",[]]}
COMMAND: POST /session/96c3a598723bca0d481ce9bce9e2baad/execute/async - {"script":"<script> [1562 bytes]","args":[{"selector":{"id":"application-addressmanagement-display-component---detailAdm--attachments"},"wdio_ui5_key":"applicationaddressmanagement-display-component---detailAdm--attachments"}]}
RESULT: {"script":"<script> [1562 bytes]","args":[{"selector":{"id":"application-addressmanagement-display-component---detailAdm--attachments"},"wdio_ui5_key":"applicationaddressmanagement-display-component---detailAdm--attachments"}]}
COMMAND: POST /session/96c3a598723bca0d481ce9bce9e2baad/execute/async - {"script":"<script> [6424 bytes]","args":[{"element-6066-11e4-a52e-4f735466cecf":"f.8DC08C43B755367AEB7C7AD78B2C0F17.d.D20566BF0F315C6BFCB2920FC467B16F.e.3993"},"getTitle",[]]}
RESULT: {"script":"<script> [6424 bytes]","args":[{"element-6066-11e4-a52e-4f735466cecf":"f.8DC08C43B755367AEB7C7AD78B2C0F17.d.D20566BF0F315C6BFCB2920FC467B16F.e.3993"},"getTitle",[]]}
COMMAND: POST /session/96c3a598723bca0d481ce9bce9e2baad/element - {"using":"css selector","value":"#shell-header-logo"}
RESULT: {"using":"css selector","value":"#shell-header-logo"}
COMMAND: POST /session/96c3a598723bca0d481ce9bce9e2baad/element/f.8DC08C43B755367AEB7C7AD78B2C0F17.d.D20566BF0F315C6BFCB2920FC467B16F.e.3694/click - {}
RESULT: {}
COMMAND: GET /session/96c3a598723bca0d481ce9bce9e2baad/screenshot - {}
RESULT: {}
COMMAND: GET /session/96c3a598723bca0d481ce9bce9e2baad/screenshot - {}
RESULT: {}
COMMAND: DELETE /session/96c3a598723bca0d481ce9bce9e2baad - {}
RESULT: {}
]]></system-out>
    </testcase>
  </testsuite>
</testsuites>